		Time			Cycle	PC		Insn	Decoded instruction	Register and memory contents
          65000	         5	80000004	00000293	addi	x5,x0,0	  x0:0x00000000  x5=0x00000000
          75000	         6	80000008	00000313	addi	x6,x0,0	  x0:0x00000000  x6=0x00000000
          85000	         7	8000000c	00628263	beq	x5,x6,80000010	  x5:0x00000000  x6:0x00000000
          95000	         8	00000000	00000013	addi	x0,x0,0	  x0:0x00000000
         105000	         9	8000000c	00000013	addi	x0,x0,0	  x0:0x00000000
         115000	        10	80000010	00000f97	auipc	x31,0x0	 x31=0x8000000c
         125000	        11	80000014	00cf8f93	addi	x31,x31,12	 x31:0x8000000c x31=0x80000018
         135000	        12	80000018	000f8067	jalr	x0,x31,0	 x31:0x80000018
         145000	        13	00000000	00000013	addi	x0,x0,0	  x0:0x00000000
         155000	        14	80000018	00000013	addi	x0,x0,0	  x0:0x00000000
         165000	        15	8000001c	40000eb7	lui	x29,0x40000	 x29=0x40000000
         175000	        16	80000020	100e8e93	addi	x29,x29,256	 x29:0x40000000 x29=0x40000100
         185000	        17	80000024	00000013	addi	x0,x0,0	  x0:0x00000000
         195000	        18	80000028	0000a717	auipc	x14,0xa	 x14=0x8000a024
         205000	        19	8000002c	fa070713	addi	x14,x14,-96	 x14:0x8000a024 x14=0x80009fc4
         215000	        20	80000030	00004e97	auipc	x29,0x4	 x29=0x8000402c
         225000	        21	80000034	804e8e93	addi	x29,x29,-2044	 x29:0x8000402c x29=0x80003830
         235000	        22	80000038	001eee93	ori	x29,x29,1	 x29:0x80003830 x29=0x80003831
         245000	        23	8000003c	00000013	addi	x0,x0,0	  x0:0x00000000
         255000	        24	80000040	00000e97	auipc	x29,0x0	 x29=0x8000003c
         265000	        25	80000044	020e8e93	addi	x29,x29,32	 x29:0x8000003c x29=0x8000005c
         275000	        26	80000048	00000013	addi	x0,x0,0	  x0:0x00000000
         285000	        27	8000004c	00000013	addi	x0,x0,0	  x0:0x00000000
         295000	        28	80000050	00002eb7	lui	x29,0x2	 x29=0x00002000
         305000	        29	80000054	800e8e93	addi	x29,x29,-2048	 x29:0x00002000 x29=0x00001800
         315000	        30	80000058	00000013	addi	x0,x0,0	  x0:0x00000000
         325000	        31	8000005c	00000013	addi	x0,x0,0	  x0:0x00000000
         335000	        32	80000060	a0860037	lui	x0,0xa0860	
         345000	        33	80000064	97b00013	addi	x0,x0,-1669	  x0:0x00000000
         355000	        34	80000068	fe9190b7	lui	x1,0xfe919	  x1=0xfe919000
         365000	        35	8000006c	d0608093	addi	x1,x1,-762	  x1:0xfe919000  x1=0xfe918d06
         375000	        36	80000070	80000137	lui	x2,0x80000	  x2=0x80000000
         385000	        37	80000074	00e00193	addi	x3,x0,14	  x0:0x00000000  x3=0x0000000e
         395000	        38	80000078	80000237	lui	x4,0x80000	  x4=0x80000000
         405000	        39	8000007c	6ef712b7	lui	x5,0x6ef71	  x5=0x6ef71000
         415000	        40	80000080	f6728293	addi	x5,x5,-153	  x5:0x6ef71000  x5=0x6ef70f67
         425000	        41	80000084	a52d03b7	lui	x7,0xa52d0	  x7=0xa52d0000
         435000	        42	80000088	44738393	addi	x7,x7,1095	  x7:0xa52d0000  x7=0xa52d0447
         445000	        43	8000008c	80000437	lui	x8,0x80000	  x8=0x80000000
         455000	        44	80000090	896d04b7	lui	x9,0x896d0	  x9=0x896d0000
         465000	        45	80000094	f1148493	addi	x9,x9,-239	  x9:0x896d0000  x9=0x896cff11
         475000	        46	80000098	fed0c537	lui	x10,0xfed0c	 x10=0xfed0c000
         485000	        47	8000009c	4d450513	addi	x10,x10,1236	 x10:0xfed0c000 x10=0xfed0c4d4
         495000	        48	800000a0	f868b5b7	lui	x11,0xf868b	 x11=0xf868b000
         505000	        49	800000a4	03d58593	addi	x11,x11,61	 x11:0xf868b000 x11=0xf868b03d
         515000	        50	800000a8	80000637	lui	x12,0x80000	 x12=0x80000000
         525000	        51	800000ac	f76506b7	lui	x13,0xf7650	 x13=0xf7650000
         535000	        52	800000b0	57068693	addi	x13,x13,1392	 x13:0xf7650000 x13=0xf7650570
         545000	        53	800000b4	800007b7	lui	x15,0x80000	 x15=0x80000000
         555000	        54	800000b8	80000837	lui	x16,0x80000	 x16=0x80000000
         565000	        55	800000bc	f4af08b7	lui	x17,0xf4af0	 x17=0xf4af0000
         575000	        56	800000c0	9de88893	addi	x17,x17,-1570	 x17:0xf4af0000 x17=0xf4aef9de
         585000	        57	800000c4	71937937	lui	x18,0x71937	 x18=0x71937000
         595000	        58	800000c8	93d90913	addi	x18,x18,-1731	 x18:0x71937000 x18=0x7193693d
         605000	        59	800000cc	00000993	addi	x19,x0,0	  x0:0x00000000 x19=0x00000000
         615000	        60	800000d0	00600a13	addi	x20,x0,6	  x0:0x00000000 x20=0x00000006
         625000	        61	800000d4	00800a93	addi	x21,x0,8	  x0:0x00000000 x21=0x00000008
         635000	        62	800000d8	00000b13	addi	x22,x0,0	  x0:0x00000000 x22=0x00000000
         645000	        63	800000dc	f84b0bb7	lui	x23,0xf84b0	 x23=0xf84b0000
         655000	        64	800000e0	157b8b93	addi	x23,x23,343	 x23:0xf84b0000 x23=0xf84b0157
         665000	        65	800000e4	00000c13	addi	x24,x0,0	  x0:0x00000000 x24=0x00000000
         675000	        66	800000e8	00e00c93	addi	x25,x0,14	  x0:0x00000000 x25=0x0000000e
         685000	        67	800000ec	80000d37	lui	x26,0x80000	 x26=0x80000000
         695000	        68	800000f0	00000d93	addi	x27,x0,0	  x0:0x00000000 x27=0x00000000
         705000	        69	800000f4	00700e13	addi	x28,x0,7	  x0:0x00000000 x28=0x00000007
         715000	        70	800000f8	00700e93	addi	x29,x0,7	  x0:0x00000000 x29=0x00000007
         725000	        71	800000fc	80000f37	lui	x30,0x80000	 x30=0x80000000
         735000	        72	80000100	00000f93	addi	x31,x0,0	  x0:0x00000000 x31=0x00000000
         745000	        73	80000104	0000a317	auipc	x6,0xa	  x6=0x8000a100
         755000	        74	80000108	e8430313	addi	x6,x6,-380	  x6:0x8000a100  x6=0x80009f84
         765000	        75	8000010c	01c4beb3	sltu	x29,x9,x28	  x9:0x896cff11 x28:0x00000007 x29=0x00000000
         775000	        76	80000110	e0566b13	ori	x22,x12,-507	 x12:0x80000000 x22=0xfffffe05
         785000	        77	80000114	00001697	auipc	x13,0x1	 x13=0x80001110
         795000	        78	80000118	5c468693	addi	x13,x13,1476	 x13:0x80001110 x13=0x800016d4
         805000	        79	8000011c	01589d13	slli	x26,x17,0x15	 x17:0xf4aef9de x26=0x3bc00000
         815000	        80	80000120	f2868693	addi	x13,x13,-216	 x13:0x800016d4 x13=0x800015fc
         825000	        81	80000124	0149d413	srli	x8,x19,0x14	 x19:0x00000000  x8=0x00000000
         835000	        82	80000128	017d8863	beq	x27,x23,80000138	 x27:0x00000000 x23:0xf84b0157
         845000	        83	8000012c	79626d13	ori	x26,x4,1942	  x4:0x80000000 x26=0x80000796
         855000	        84	80000130	40cfd493	srai	x9,x31,0xc	 x31:0x00000000  x9=0x00000000
         865000	        85	80000134	6fb73817	auipc	x16,0x6fb73	 x16=0xefb73130
         875000	        86	80000138	0d968167	jalr	x2,x13,217	 x13:0x800015fc  x2=0x80000138
         885000	        87	00000000	00000013	addi	x0,x0,0	  x0:0x00000000
         895000	        88	800016d4	00000013	addi	x0,x0,0	  x0:0x00000000
         905000	        89	800016d8	ff830313	addi	x6,x6,-8	  x6:0x80009f84  x6=0x80009f7c
         915000	        90	800016dc	4b2fab93	slti	x23,x31,1202	 x31:0x00000000 x23=0x00000001
         925000	        91	800016e0	00959f13	slli	x30,x11,0x9	 x11:0xf868b03d x30=0xd1607a00
         935000	        92	800016e4	00232223	sw	x2,4(x6)	  x6:0x80009f7c  x2:0x80000138 PA:0x80009f80
         945000	        93	800016e8	7f38b693	sltiu	x13,x17,2035	 x17:0xf4aef9de x13=0x00000000
         955000	        94	800016ec	41398833	sub	x16,x19,x19	 x19:0x00000000 x19:0x00000000 x16=0x00000000
         965000	        95	800016f0	01ea6533	or	x10,x20,x30	 x20:0x00000006 x30:0xd1607a00 x10=0xd1607a06
         975000	        96	800016f4	001c74b3	and	x9,x24,x1	 x24:0x00000000  x1:0xfe918d06  x9=0x00000000
         985000	        97	800016f8	01b75a13	srli	x20,x14,0x1b	 x14:0x80009fc4 x20=0x00000010
         995000	        98	800016fc	41655693	srai	x13,x10,0x16	 x10:0xd1607a06 x13=0xffffff45
        1005000	        99	80001700	00700d93	addi	x27,x0,7	  x0:0x00000000 x27=0x00000007
        1015000	       100	80001704	0110da13	srli	x20,x1,0x11	  x1:0xfe918d06 x20=0x00007f48
        1025000	       101	80001708	40875013	srai	x0,x14,0x8	 x14:0x80009fc4
        1035000	       102	8000170c	ffb00513	addi	x10,x0,-5	  x0:0x00000000 x10=0xfffffffb
        1045000	       103	80001710	f50cb613	sltiu	x12,x25,-176	 x25:0x0000000e x12=0x00000001
        1055000	       104	80001714	00000013	addi	x0,x0,0	  x0:0x00000000
        1065000	       105	80001718	01031c13	slli	x24,x6,0x10	  x6:0x80009f7c x24=0x9f7c0000
        1075000	       106	8000171c	00000013	addi	x0,x0,0	  x0:0x00000000
        1085000	       107	80001720	22120037	lui	x0,0x22120	
        1095000	       108	80001724	0058a133	slt	x2,x17,x5	 x17:0xf4aef9de  x5:0x6ef70f67  x2=0x00000001
        1105000	       109	80001728	77680993	addi	x19,x16,1910	 x16:0x00000000 x19=0x00000776
        1115000	       110	8000172c	8b727493	andi	x9,x4,-1865	  x4:0x80000000  x9=0x80000000
        1125000	       111	80001730	778dc997	auipc	x19,0x778dc	 x19=0xf78dd72c
        1135000	       112	80001734	ffad8d93	addi	x27,x27,-6	 x27:0x00000007 x27=0x00000001
        1145000	       113	80001738	908d7193	andi	x3,x26,-1784	 x26:0x80000796  x3=0x80000100
        1155000	       114	8000173c	75348197	auipc	x3,0x75348	  x3=0xf5349738
        1165000	       115	80001740	01067bb3	and	x23,x12,x16	 x12:0x00000001 x16:0x00000000 x23=0x00000000
        1175000	       116	80001744	011b63b3	or	x7,x22,x17	 x22:0xfffffe05 x17:0xf4aef9de  x7=0xffffffdf
        1185000	       117	80001748	0097e433	or	x8,x15,x9	 x15:0x80000000  x9:0x80000000  x8=0x80000000
        1195000	       118	8000174c	bdffa417	auipc	x8,0xbdffa	  x8=0x3dffb748
        1205000	       119	80001750	0d64ed13	ori	x26,x9,214	  x9:0x80000000 x26=0x800000d6
        1215000	       120	80001754	fcadd0e3	bge	x27,x10,80001714	 x27:0x00000001 x10:0xfffffffb
        1225000	       121	00000000	00000013	addi	x0,x0,0	  x0:0x00000000
        1235000	       122	80001710	00000013	addi	x0,x0,0	  x0:0x00000000
        1245000	       123	80001714	00000013	addi	x0,x0,0	  x0:0x00000000
        1255000	       124	80001718	01031c13	slli	x24,x6,0x10	  x6:0x80009f7c x24=0x9f7c0000
        1265000	       125	8000171c	00000013	addi	x0,x0,0	  x0:0x00000000
        1275000	       126	80001720	22120037	lui	x0,0x22120	
        1285000	       127	80001724	0058a133	slt	x2,x17,x5	 x17:0xf4aef9de  x5:0x6ef70f67  x2=0x00000001
        1295000	       128	80001728	77680993	addi	x19,x16,1910	 x16:0x00000000 x19=0x00000776
        1305000	       129	8000172c	8b727493	andi	x9,x4,-1865	  x4:0x80000000  x9=0x80000000
        1315000	       130	80001730	778dc997	auipc	x19,0x778dc	 x19=0xf78dd72c
        1325000	       131	80001734	ffad8d93	addi	x27,x27,-6	 x27:0x00000001 x27=0xfffffffb
        1335000	       132	80001738	908d7193	andi	x3,x26,-1784	 x26:0x800000d6  x3=0x80000000
        1345000	       133	8000173c	75348197	auipc	x3,0x75348	  x3=0xf5349738
        1355000	       134	80001740	01067bb3	and	x23,x12,x16	 x12:0x00000001 x16:0x00000000 x23=0x00000000
        1365000	       135	80001744	011b63b3	or	x7,x22,x17	 x22:0xfffffe05 x17:0xf4aef9de  x7=0xffffffdf
        1375000	       136	80001748	0097e433	or	x8,x15,x9	 x15:0x80000000  x9:0x80000000  x8=0x80000000
        1385000	       137	8000174c	bdffa417	auipc	x8,0xbdffa	  x8=0x3dffb748
        1395000	       138	80001750	0d64ed13	ori	x26,x9,214	  x9:0x80000000 x26=0x800000d6
        1405000	       139	80001754	fcadd0e3	bge	x27,x10,80001714	 x27:0xfffffffb x10:0xfffffffb
        1415000	       140	00000000	00000013	addi	x0,x0,0	  x0:0x00000000
        1425000	       141	80001710	00000013	addi	x0,x0,0	  x0:0x00000000
        1435000	       142	80001714	00000013	addi	x0,x0,0	  x0:0x00000000
        1445000	       143	80001718	01031c13	slli	x24,x6,0x10	  x6:0x80009f7c x24=0x9f7c0000
        1455000	       144	8000171c	00000013	addi	x0,x0,0	  x0:0x00000000
        1465000	       145	80001720	22120037	lui	x0,0x22120	
        1475000	       146	80001724	0058a133	slt	x2,x17,x5	 x17:0xf4aef9de  x5:0x6ef70f67  x2=0x00000001
        1485000	       147	80001728	77680993	addi	x19,x16,1910	 x16:0x00000000 x19=0x00000776
        1495000	       148	8000172c	8b727493	andi	x9,x4,-1865	  x4:0x80000000  x9=0x80000000
        1505000	       149	80001730	778dc997	auipc	x19,0x778dc	 x19=0xf78dd72c
        1515000	       150	80001734	ffad8d93	addi	x27,x27,-6	 x27:0xfffffffb x27=0xfffffff5
        1525000	       151	80001738	908d7193	andi	x3,x26,-1784	 x26:0x800000d6  x3=0x80000000
        1535000	       152	8000173c	75348197	auipc	x3,0x75348	  x3=0xf5349738
        1545000	       153	80001740	01067bb3	and	x23,x12,x16	 x12:0x00000001 x16:0x00000000 x23=0x00000000
        1555000	       154	80001744	011b63b3	or	x7,x22,x17	 x22:0xfffffe05 x17:0xf4aef9de  x7=0xffffffdf
        1565000	       155	80001748	0097e433	or	x8,x15,x9	 x15:0x80000000  x9:0x80000000  x8=0x80000000
        1575000	       156	8000174c	bdffa417	auipc	x8,0xbdffa	  x8=0x3dffb748
        1585000	       157	80001750	0d64ed13	ori	x26,x9,214	  x9:0x80000000 x26=0x800000d6
        1595000	       158	80001754	fcadd0e3	bge	x27,x10,80001714	 x27:0xfffffff5 x10:0xfffffffb
        1605000	       159	80001758	00000013	addi	x0,x0,0	  x0:0x00000000
        1615000	       160	8000175c	fff00793	addi	x15,x0,-1	  x0:0x00000000 x15=0xffffffff
        1625000	       161	80001760	9673e613	ori	x12,x7,-1689	  x7:0xffffffdf x12=0xffffffff
        1635000	       162	80001764	41c7da93	srai	x21,x15,0x1c	 x15:0xffffffff x21=0xffffffff
        1645000	       163	80001768	01a6dd93	srli	x27,x13,0x1a	 x13:0xffffff45 x27=0x0000003f
        1655000	       164	8000176c	01d20433	add	x8,x4,x29	  x4:0x80000000 x29:0x00000000  x8=0x80000000
        1665000	       165	80001770	00500893	addi	x17,x0,5	  x0:0x00000000 x17=0x00000005
        1675000	       166	80001774	c7184e93	xori	x29,x16,-911	 x16:0x00000000 x29=0xfffffc71
        1685000	       167	80001778	40d300b3	sub	x1,x6,x13	  x6:0x80009f7c x13:0xffffff45  x1=0x8000a037
        1695000	       168	8000177c	00178793	addi	x15,x15,1	 x15:0xffffffff x15=0x00000000
        1705000	       169	80001780	00723c33	sltu	x24,x4,x7	  x4:0x80000000  x7:0xffffffdf x24=0x00000001
        1715000	       170	80001784	3ddbcc93	xori	x25,x23,989	 x23:0x00000000 x25=0x000003dd
        1725000	       171	80001788	016fb233	sltu	x4,x31,x22	 x31:0x00000000 x22:0xfffffe05  x4=0x00000001
        1735000	       172	8000178c	33e9bc93	sltiu	x25,x19,830	 x19:0xf78dd72c x25=0x00000000
        1745000	       173	80001790	4149d513	srai	x10,x19,0x14	 x19:0xf78dd72c x10=0xffffff78
        1755000	       174	80001794	ff1782e3	beq	x15,x17,80001778	 x15:0x00000000 x17:0x00000005
        1765000	       175	80001798	409cde13	srai	x28,x25,0x9	 x25:0x00000000 x28=0x00000000
        1775000	       176	8000179c	ff900e93	addi	x29,x0,-7	  x0:0x00000000 x29=0xfffffff9
        1785000	       177	800017a0	0140da33	srl	x20,x1,x20	  x1:0x8000a037 x20:0x00007f48 x20=0x008000a0
        1795000	       178	800017a4	00700f13	addi	x30,x0,7	  x0:0x00000000 x30=0x00000007
        1805000	       179	800017a8	e45c7913	andi	x18,x24,-443	 x24:0x00000001 x18=0x00000001
        1815000	       180	800017ac	522c4913	xori	x18,x24,1314	 x24:0x00000001 x18=0x00000523
        1825000	       181	800017b0	005e8e93	addi	x29,x29,5	 x29:0xfffffff9 x29=0xfffffffe
        1835000	       182	800017b4	00600393	addi	x7,x0,6	  x0:0x00000000  x7=0x00000006
        1845000	       183	800017b8	00e00293	addi	x5,x0,14	  x0:0x00000000  x5=0x0000000e
        1855000	       184	800017bc	7c276893	ori	x17,x14,1986	 x14:0x80009fc4 x17=0x80009fc6
        1865000	       185	800017c0	00134933	xor	x18,x6,x1	  x6:0x80009f7c  x1:0x8000a037 x18=0x00003f4b
        1875000	       186	800017c4	00138393	addi	x7,x7,1	  x7:0x00000006  x7=0x00000007
        1885000	       187	800017c8	fdc28b93	addi	x23,x5,-36	  x5:0x0000000e x23=0xffffffea
        1895000	       188	800017cc	00b4eb33	or	x22,x9,x11	  x9:0x80000000 x11:0xf868b03d x22=0xf868b03d
        1905000	       189	800017d0	00d490b3	sll	x1,x9,x13	  x9:0x80000000 x13:0xffffff45  x1=0x00000000
        1915000	       190	800017d4	fe53e6e3	bltu	x7,x5,800017c0	  x7:0x00000007  x5:0x0000000e
        1925000	       191	00000000	00000013	addi	x0,x0,0	  x0:0x00000000
        1935000	       192	800017bc	00000013	addi	x0,x0,0	  x0:0x00000000
        1945000	       193	800017c0	00134933	xor	x18,x6,x1	  x6:0x80009f7c  x1:0x00000000 x18=0x80009f7c
        1955000	       194	800017c4	00138393	addi	x7,x7,1	  x7:0x00000007  x7=0x00000008
        1965000	       195	800017c8	fdc28b93	addi	x23,x5,-36	  x5:0x0000000e x23=0xffffffea
        1975000	       196	800017cc	00b4eb33	or	x22,x9,x11	  x9:0x80000000 x11:0xf868b03d x22=0xf868b03d
        1985000	       197	800017d0	00d490b3	sll	x1,x9,x13	  x9:0x80000000 x13:0xffffff45  x1=0x00000000
        1995000	       198	800017d4	fe53e6e3	bltu	x7,x5,800017c0	  x7:0x00000008  x5:0x0000000e
        2005000	       199	00000000	00000013	addi	x0,x0,0	  x0:0x00000000
        2015000	       200	800017bc	00000013	addi	x0,x0,0	  x0:0x00000000
        2025000	       201	800017c0	00134933	xor	x18,x6,x1	  x6:0x80009f7c  x1:0x00000000 x18=0x80009f7c
        2035000	       202	800017c4	00138393	addi	x7,x7,1	  x7:0x00000008  x7=0x00000009
        2045000	       203	800017c8	fdc28b93	addi	x23,x5,-36	  x5:0x0000000e x23=0xffffffea
        2055000	       204	800017cc	00b4eb33	or	x22,x9,x11	  x9:0x80000000 x11:0xf868b03d x22=0xf868b03d
        2065000	       205	800017d0	00d490b3	sll	x1,x9,x13	  x9:0x80000000 x13:0xffffff45  x1=0x00000000
        2075000	       206	800017d4	fe53e6e3	bltu	x7,x5,800017c0	  x7:0x00000009  x5:0x0000000e
        2085000	       207	00000000	00000013	addi	x0,x0,0	  x0:0x00000000
        2095000	       208	800017bc	00000013	addi	x0,x0,0	  x0:0x00000000
        2105000	       209	800017c0	00134933	xor	x18,x6,x1	  x6:0x80009f7c  x1:0x00000000 x18=0x80009f7c
        2115000	       210	800017c4	00138393	addi	x7,x7,1	  x7:0x00000009  x7=0x0000000a
        2125000	       211	800017c8	fdc28b93	addi	x23,x5,-36	  x5:0x0000000e x23=0xffffffea
        2135000	       212	800017cc	00b4eb33	or	x22,x9,x11	  x9:0x80000000 x11:0xf868b03d x22=0xf868b03d
        2145000	       213	800017d0	00d490b3	sll	x1,x9,x13	  x9:0x80000000 x13:0xffffff45  x1=0x00000000
        2155000	       214	800017d4	fe53e6e3	bltu	x7,x5,800017c0	  x7:0x0000000a  x5:0x0000000e
        2165000	       215	00000000	00000013	addi	x0,x0,0	  x0:0x00000000
        2175000	       216	800017bc	00000013	addi	x0,x0,0	  x0:0x00000000
        2185000	       217	800017c0	00134933	xor	x18,x6,x1	  x6:0x80009f7c  x1:0x00000000 x18=0x80009f7c
        2195000	       218	800017c4	00138393	addi	x7,x7,1	  x7:0x0000000a  x7=0x0000000b
        2205000	       219	800017c8	fdc28b93	addi	x23,x5,-36	  x5:0x0000000e x23=0xffffffea
        2215000	       220	800017cc	00b4eb33	or	x22,x9,x11	  x9:0x80000000 x11:0xf868b03d x22=0xf868b03d
        2225000	       221	800017d0	00d490b3	sll	x1,x9,x13	  x9:0x80000000 x13:0xffffff45  x1=0x00000000
        2235000	       222	800017d4	fe53e6e3	bltu	x7,x5,800017c0	  x7:0x0000000b  x5:0x0000000e
        2245000	       223	00000000	00000013	addi	x0,x0,0	  x0:0x00000000
        2255000	       224	800017bc	00000013	addi	x0,x0,0	  x0:0x00000000
        2265000	       225	800017c0	00134933	xor	x18,x6,x1	  x6:0x80009f7c  x1:0x00000000 x18=0x80009f7c
        2275000	       226	800017c4	00138393	addi	x7,x7,1	  x7:0x0000000b  x7=0x0000000c
        2285000	       227	800017c8	fdc28b93	addi	x23,x5,-36	  x5:0x0000000e x23=0xffffffea
        2295000	       228	800017cc	00b4eb33	or	x22,x9,x11	  x9:0x80000000 x11:0xf868b03d x22=0xf868b03d
        2305000	       229	800017d0	00d490b3	sll	x1,x9,x13	  x9:0x80000000 x13:0xffffff45  x1=0x00000000
        2315000	       230	800017d4	fe53e6e3	bltu	x7,x5,800017c0	  x7:0x0000000c  x5:0x0000000e
        2325000	       231	00000000	00000013	addi	x0,x0,0	  x0:0x00000000
        2335000	       232	800017bc	00000013	addi	x0,x0,0	  x0:0x00000000
        2345000	       233	800017c0	00134933	xor	x18,x6,x1	  x6:0x80009f7c  x1:0x00000000 x18=0x80009f7c
        2355000	       234	800017c4	00138393	addi	x7,x7,1	  x7:0x0000000c  x7=0x0000000d
        2365000	       235	800017c8	fdc28b93	addi	x23,x5,-36	  x5:0x0000000e x23=0xffffffea
        2375000	       236	800017cc	00b4eb33	or	x22,x9,x11	  x9:0x80000000 x11:0xf868b03d x22=0xf868b03d
        2385000	       237	800017d0	00d490b3	sll	x1,x9,x13	  x9:0x80000000 x13:0xffffff45  x1=0x00000000
        2395000	       238	800017d4	fe53e6e3	bltu	x7,x5,800017c0	  x7:0x0000000d  x5:0x0000000e
        2405000	       239	00000000	00000013	addi	x0,x0,0	  x0:0x00000000
        2415000	       240	800017bc	00000013	addi	x0,x0,0	  x0:0x00000000
        2425000	       241	800017c0	00134933	xor	x18,x6,x1	  x6:0x80009f7c  x1:0x00000000 x18=0x80009f7c
        2435000	       242	800017c4	00138393	addi	x7,x7,1	  x7:0x0000000d  x7=0x0000000e
        2445000	       243	800017c8	fdc28b93	addi	x23,x5,-36	  x5:0x0000000e x23=0xffffffea
        2455000	       244	800017cc	00b4eb33	or	x22,x9,x11	  x9:0x80000000 x11:0xf868b03d x22=0xf868b03d
        2465000	       245	800017d0	00d490b3	sll	x1,x9,x13	  x9:0x80000000 x13:0xffffff45  x1=0x00000000
        2475000	       246	800017d4	fe53e6e3	bltu	x7,x5,800017c0	  x7:0x0000000e  x5:0x0000000e
        2485000	       247	800017d8	fdeee8e3	bltu	x29,x30,800017a8	 x29:0xfffffffe x30:0x00000007
        2495000	       248	800017dc	232ef913	andi	x18,x29,562	 x29:0xfffffffe x18=0x00000232
        2505000	       249	800017e0	00100c13	addi	x24,x0,1	  x0:0x00000000 x24=0x00000001
        2515000	       250	800017e4	ffe00d93	addi	x27,x0,-2	  x0:0x00000000 x27=0xfffffffe
        2525000	       251	800017e8	004226b3	slt	x13,x4,x4	  x4:0x00000001  x4:0x00000001 x13=0x00000000
        2535000	       252	800017ec	ff9c0c13	addi	x24,x24,-7	 x24:0x00000001 x24=0xfffffffa
        2545000	       253	800017f0	14921217	auipc	x4,0x14921	  x4=0x949227ec
        2555000	       254	800017f4	00600893	addi	x17,x0,6	  x0:0x00000000 x17=0x00000006
        2565000	       255	800017f8	fee00393	addi	x7,x0,-18	  x0:0x00000000  x7=0xffffffee
        2575000	       256	800017fc	6392a593	slti	x11,x5,1593	  x5:0x0000000e x11=0x00000001
        2585000	       257	80001800	ffa88893	addi	x17,x17,-6	 x17:0x00000006 x17=0x00000000
        2595000	       258	80001804	40ee5e33	sra	x28,x28,x14	 x28:0x00000000 x14:0x80009fc4 x28=0x00000000
        2605000	       259	80001808	fe788ae3	beq	x17,x7,800017fc	 x17:0x00000000  x7:0xffffffee
        2615000	       260	8000180c	fdbc5ee3	bge	x24,x27,800017e8	 x24:0xfffffffa x27:0xfffffffe
        2625000	       261	80001810	4d2ea913	slti	x18,x29,1234	 x29:0xfffffffe x18=0x00000001
        2635000	       262	80001814	00100393	addi	x7,x0,1	  x0:0x00000000  x7=0x00000001
        2645000	       263	80001818	01d111b3	sll	x3,x2,x29	  x2:0x00000001 x29:0xfffffffe  x3=0x40000000
        2655000	       264	8000181c	414fd633	sra	x12,x31,x20	 x31:0x00000000 x20:0x008000a0 x12=0x00000000
        2665000	       265	80001820	ff100093	addi	x1,x0,-15	  x0:0x00000000  x1=0xfffffff1
        2675000	       266	80001824	0040af33	slt	x30,x1,x4	  x1:0xfffffff1  x4:0x949227ec x30=0x00000000
        2685000	       267	80001828	01e51293	slli	x5,x10,0x1e	 x10:0xffffff78  x5=0x00000000
        2695000	       268	8000182c	0103ca33	xor	x20,x7,x16	  x7:0x00000001 x16:0x00000000 x20=0x00000001
        2705000	       269	80001830	217aa793	slti	x15,x21,535	 x21:0xffffffff x15=0x00000001
        2715000	       270	80001834	00000013	addi	x0,x0,0	  x0:0x00000000
        2725000	       271	80001838	76b36837	lui	x16,0x76b36	 x16=0x76b36000
        2735000	       272	8000183c	00200133	add	x2,x0,x2	  x0:0x00000000  x2:0x00000001  x2=0x00000001
        2745000	       273	80001840	005f4533	xor	x10,x30,x5	 x30:0x00000000  x5:0x00000000 x10=0x00000000
        2755000	       274	80001844	a797fa37	lui	x20,0xa797f	 x20=0xa797f000
        2765000	       275	80001848	ff838393	addi	x7,x7,-8	  x7:0x00000001  x7=0xfffffff9
        2775000	       276	8000184c	41a9d633	sra	x12,x19,x26	 x19:0xf78dd72c x26:0x800000d6 x12=0xffffffde
        2785000	       277	80001850	6b2fa993	slti	x19,x31,1714	 x31:0x00000000 x19=0x00000001
        2795000	       278	80001854	2ba7a213	slti	x4,x15,698	 x15:0x00000001  x4=0x00000001
        2805000	       279	80001858	011ca133	slt	x2,x25,x17	 x25:0x00000000 x17:0x00000000  x2=0x00000000
        2815000	       280	8000185c	40d88d33	sub	x26,x17,x13	 x17:0x00000000 x13:0x00000000 x26=0x00000000
        2825000	       281	80001860	01878c33	add	x24,x15,x24	 x15:0x00000001 x24:0xfffffffa x24=0xfffffffb
        2835000	       282	80001864	fc139ae3	bne	x7,x1,80001838	  x7:0xfffffff9  x1:0xfffffff1
        2845000	       283	00000000	00000013	addi	x0,x0,0	  x0:0x00000000
        2855000	       284	80001834	00000013	addi	x0,x0,0	  x0:0x00000000
        2865000	       285	80001838	76b36837	lui	x16,0x76b36	 x16=0x76b36000
        2875000	       286	8000183c	00200133	add	x2,x0,x2	  x0:0x00000000  x2:0x00000000  x2=0x00000000
        2885000	       287	80001840	005f4533	xor	x10,x30,x5	 x30:0x00000000  x5:0x00000000 x10=0x00000000
        2895000	       288	80001844	a797fa37	lui	x20,0xa797f	 x20=0xa797f000
        2905000	       289	80001848	ff838393	addi	x7,x7,-8	  x7:0xfffffff9  x7=0xfffffff1
        2915000	       290	8000184c	41a9d633	sra	x12,x19,x26	 x19:0x00000001 x26:0x00000000 x12=0x00000001
        2925000	       291	80001850	6b2fa993	slti	x19,x31,1714	 x31:0x00000000 x19=0x00000001
        2935000	       292	80001854	2ba7a213	slti	x4,x15,698	 x15:0x00000001  x4=0x00000001
        2945000	       293	80001858	011ca133	slt	x2,x25,x17	 x25:0x00000000 x17:0x00000000  x2=0x00000000
        2955000	       294	8000185c	40d88d33	sub	x26,x17,x13	 x17:0x00000000 x13:0x00000000 x26=0x00000000
        2965000	       295	80001860	01878c33	add	x24,x15,x24	 x15:0x00000001 x24:0xfffffffb x24=0xfffffffc
        2975000	       296	80001864	fc139ae3	bne	x7,x1,80001838	  x7:0xfffffff1  x1:0xfffffff1
        2985000	       297	80001868	00f98bb3	add	x23,x19,x15	 x19:0x00000001 x15:0x00000001 x23=0x00000002
        2995000	       298	8000186c	00700193	addi	x3,x0,7	  x0:0x00000000  x3=0x00000007
        3005000	       299	80001870	01786233	or	x4,x16,x23	 x16:0x76b36000 x23:0x00000002  x4=0x76b36002
        3015000	       300	80001874	407f86b3	sub	x13,x31,x7	 x31:0x00000000  x7:0xfffffff1 x13=0x0000000f
        3025000	       301	80001878	00248c33	add	x24,x9,x2	  x9:0x80000000  x2:0x00000000 x24=0x80000000
        3035000	       302	8000187c	101d2013	slti	x0,x26,257	 x26:0x00000000
        3045000	       303	80001880	412c0ab3	sub	x21,x24,x18	 x24:0x80000000 x18:0x00000001 x21=0x7fffffff
        3055000	       304	80001884	01300d13	addi	x26,x0,19	  x0:0x00000000 x26=0x00000013
        3065000	       305	80001888	e60c4437	lui	x8,0xe60c4	  x8=0xe60c4000
        3075000	       306	8000188c	9bc4c693	xori	x13,x9,-1604	  x9:0x80000000 x13=0x7ffff9bc
        3085000	       307	80001890	009a6ab3	or	x21,x20,x9	 x20:0xa797f000  x9:0x80000000 x21=0xa797f000
        3095000	       308	80001894	00218193	addi	x3,x3,2	  x3:0x00000007  x3=0x00000009
        3105000	       309	80001898	41a05213	srai	x4,x0,0x1a	  x0:0x00000000  x4=0x00000000
        3115000	       310	8000189c	40c656b3	sra	x13,x12,x12	 x12:0x00000001 x12:0x00000001 x13=0x00000000
        3125000	       311	800018a0	3e67c393	xori	x7,x15,998	 x15:0x00000001  x7=0x000003e7
        3135000	       312	800018a4	00000013	addi	x0,x0,0	  x0:0x00000000
        3145000	       313	800018a8	00600c93	addi	x25,x0,6	  x0:0x00000000 x25=0x00000006
        3155000	       314	800018ac	00ed5513	srli	x10,x26,0xe	 x26:0x00000013 x10=0x00000000
        3165000	       315	800018b0	00b00093	addi	x1,x0,11	  x0:0x00000000  x1=0x0000000b
        3175000	       316	800018b4	c210ca13	xori	x20,x1,-991	  x1:0x0000000b x20=0xfffffc2a
        3185000	       317	800018b8	40ae5893	srai	x17,x28,0xa	 x28:0x00000000 x17=0x00000000
        3195000	       318	800018bc	002c8c93	addi	x25,x25,2	 x25:0x00000006 x25=0x00000008
        3205000	       319	800018c0	2fd6c893	xori	x17,x13,765	 x13:0x00000000 x17=0x000002fd
        3215000	       320	800018c4	6ddd2513	slti	x10,x26,1757	 x26:0x00000013 x10=0x00000001
        3225000	       321	800018c8	fe1cc6e3	blt	x25,x1,800018b4	 x25:0x00000008  x1:0x0000000b
        3235000	       322	00000000	00000013	addi	x0,x0,0	  x0:0x00000000
        3245000	       323	800018b0	00000013	addi	x0,x0,0	  x0:0x00000000
        3255000	       324	800018b4	c210ca13	xori	x20,x1,-991	  x1:0x0000000b x20=0xfffffc2a
        3265000	       325	800018b8	40ae5893	srai	x17,x28,0xa	 x28:0x00000000 x17=0x00000000
        3275000	       326	800018bc	002c8c93	addi	x25,x25,2	 x25:0x00000008 x25=0x0000000a
        3285000	       327	800018c0	2fd6c893	xori	x17,x13,765	 x13:0x00000000 x17=0x000002fd
        3295000	       328	800018c4	6ddd2513	slti	x10,x26,1757	 x26:0x00000013 x10=0x00000001
        3305000	       329	800018c8	fe1cc6e3	blt	x25,x1,800018b4	 x25:0x0000000a  x1:0x0000000b
        3315000	       330	00000000	00000013	addi	x0,x0,0	  x0:0x00000000
        3325000	       331	800018b0	00000013	addi	x0,x0,0	  x0:0x00000000
        3335000	       332	800018b4	c210ca13	xori	x20,x1,-991	  x1:0x0000000b x20=0xfffffc2a
        3345000	       333	800018b8	40ae5893	srai	x17,x28,0xa	 x28:0x00000000 x17=0x00000000
        3355000	       334	800018bc	002c8c93	addi	x25,x25,2	 x25:0x0000000a x25=0x0000000c
        3365000	       335	800018c0	2fd6c893	xori	x17,x13,765	 x13:0x00000000 x17=0x000002fd
        3375000	       336	800018c4	6ddd2513	slti	x10,x26,1757	 x26:0x00000013 x10=0x00000001
        3385000	       337	800018c8	fe1cc6e3	blt	x25,x1,800018b4	 x25:0x0000000c  x1:0x0000000b
        3395000	       338	800018cc	019a9e13	slli	x28,x21,0x19	 x21:0xa797f000 x28=0x00000000
        3405000	       339	800018d0	00722f33	slt	x30,x4,x7	  x4:0x00000000  x7:0x000003e7 x30=0x00000001
        3415000	       340	800018d4	7f454493	xori	x9,x10,2036	 x10:0x00000001  x9=0x000007f5
        3425000	       341	800018d8	fba19ae3	bne	x3,x26,8000188c	  x3:0x00000009 x26:0x00000013
        3435000	       342	00000000	00000013	addi	x0,x0,0	  x0:0x00000000
        3445000	       343	80001888	00000013	addi	x0,x0,0	  x0:0x00000000
        3455000	       344	8000188c	9bc4c693	xori	x13,x9,-1604	  x9:0x000007f5 x13=0xfffffe49
        3465000	       345	80001890	009a6ab3	or	x21,x20,x9	 x20:0xfffffc2a  x9:0x000007f5 x21=0xffffffff
        3475000	       346	80001894	00218193	addi	x3,x3,2	  x3:0x00000009  x3=0x0000000b
        3485000	       347	80001898	41a05213	srai	x4,x0,0x1a	  x0:0x00000000  x4=0x00000000
        3495000	       348	8000189c	40c656b3	sra	x13,x12,x12	 x12:0x00000001 x12:0x00000001 x13=0x00000000
        3505000	       349	800018a0	3e67c393	xori	x7,x15,998	 x15:0x00000001  x7=0x000003e7
        3515000	       350	800018a4	00000013	addi	x0,x0,0	  x0:0x00000000
        3525000	       351	800018a8	00600c93	addi	x25,x0,6	  x0:0x00000000 x25=0x00000006
        3535000	       352	800018ac	00ed5513	srli	x10,x26,0xe	 x26:0x00000013 x10=0x00000000
        3545000	       353	800018b0	00b00093	addi	x1,x0,11	  x0:0x00000000  x1=0x0000000b
        3555000	       354	800018b4	c210ca13	xori	x20,x1,-991	  x1:0x0000000b x20=0xfffffc2a
        3565000	       355	800018b8	40ae5893	srai	x17,x28,0xa	 x28:0x00000000 x17=0x00000000
        3575000	       356	800018bc	002c8c93	addi	x25,x25,2	 x25:0x00000006 x25=0x00000008
        3585000	       357	800018c0	2fd6c893	xori	x17,x13,765	 x13:0x00000000 x17=0x000002fd
        3595000	       358	800018c4	6ddd2513	slti	x10,x26,1757	 x26:0x00000013 x10=0x00000001
        3605000	       359	800018c8	fe1cc6e3	blt	x25,x1,800018b4	 x25:0x00000008  x1:0x0000000b
        3615000	       360	00000000	00000013	addi	x0,x0,0	  x0:0x00000000
        3625000	       361	800018b0	00000013	addi	x0,x0,0	  x0:0x00000000
        3635000	       362	800018b4	c210ca13	xori	x20,x1,-991	  x1:0x0000000b x20=0xfffffc2a
        3645000	       363	800018b8	40ae5893	srai	x17,x28,0xa	 x28:0x00000000 x17=0x00000000
        3655000	       364	800018bc	002c8c93	addi	x25,x25,2	 x25:0x00000008 x25=0x0000000a
        3665000	       365	800018c0	2fd6c893	xori	x17,x13,765	 x13:0x00000000 x17=0x000002fd
        3675000	       366	800018c4	6ddd2513	slti	x10,x26,1757	 x26:0x00000013 x10=0x00000001
        3685000	       367	800018c8	fe1cc6e3	blt	x25,x1,800018b4	 x25:0x0000000a  x1:0x0000000b
        3695000	       368	00000000	00000013	addi	x0,x0,0	  x0:0x00000000
        3705000	       369	800018b0	00000013	addi	x0,x0,0	  x0:0x00000000
        3715000	       370	800018b4	c210ca13	xori	x20,x1,-991	  x1:0x0000000b x20=0xfffffc2a
        3725000	       371	800018b8	40ae5893	srai	x17,x28,0xa	 x28:0x00000000 x17=0x00000000
        3735000	       372	800018bc	002c8c93	addi	x25,x25,2	 x25:0x0000000a x25=0x0000000c
        3745000	       373	800018c0	2fd6c893	xori	x17,x13,765	 x13:0x00000000 x17=0x000002fd
        3755000	       374	800018c4	6ddd2513	slti	x10,x26,1757	 x26:0x00000013 x10=0x00000001
        3765000	       375	800018c8	fe1cc6e3	blt	x25,x1,800018b4	 x25:0x0000000c  x1:0x0000000b
        3775000	       376	800018cc	019a9e13	slli	x28,x21,0x19	 x21:0xffffffff x28=0xfe000000
        3785000	       377	800018d0	00722f33	slt	x30,x4,x7	  x4:0x00000000  x7:0x000003e7 x30=0x00000001
        3795000	       378	800018d4	7f454493	xori	x9,x10,2036	 x10:0x00000001  x9=0x000007f5
        3805000	       379	800018d8	fba19ae3	bne	x3,x26,8000188c	  x3:0x0000000b x26:0x00000013
        3815000	       380	00000000	00000013	addi	x0,x0,0	  x0:0x00000000
        3825000	       381	80001888	00000013	addi	x0,x0,0	  x0:0x00000000
        3835000	       382	8000188c	9bc4c693	xori	x13,x9,-1604	  x9:0x000007f5 x13=0xfffffe49
        3845000	       383	80001890	009a6ab3	or	x21,x20,x9	 x20:0xfffffc2a  x9:0x000007f5 x21=0xffffffff
        3855000	       384	80001894	00218193	addi	x3,x3,2	  x3:0x0000000b  x3=0x0000000d
        3865000	       385	80001898	41a05213	srai	x4,x0,0x1a	  x0:0x00000000  x4=0x00000000
        3875000	       386	8000189c	40c656b3	sra	x13,x12,x12	 x12:0x00000001 x12:0x00000001 x13=0x00000000
        3885000	       387	800018a0	3e67c393	xori	x7,x15,998	 x15:0x00000001  x7=0x000003e7
        3895000	       388	800018a4	00000013	addi	x0,x0,0	  x0:0x00000000
        3905000	       389	800018a8	00600c93	addi	x25,x0,6	  x0:0x00000000 x25=0x00000006
        3915000	       390	800018ac	00ed5513	srli	x10,x26,0xe	 x26:0x00000013 x10=0x00000000
        3925000	       391	800018b0	00b00093	addi	x1,x0,11	  x0:0x00000000  x1=0x0000000b
        3935000	       392	800018b4	c210ca13	xori	x20,x1,-991	  x1:0x0000000b x20=0xfffffc2a
        3945000	       393	800018b8	40ae5893	srai	x17,x28,0xa	 x28:0xfe000000 x17=0xffff8000
        3955000	       394	800018bc	002c8c93	addi	x25,x25,2	 x25:0x00000006 x25=0x00000008
        3965000	       395	800018c0	2fd6c893	xori	x17,x13,765	 x13:0x00000000 x17=0x000002fd
        3975000	       396	800018c4	6ddd2513	slti	x10,x26,1757	 x26:0x00000013 x10=0x00000001
        3985000	       397	800018c8	fe1cc6e3	blt	x25,x1,800018b4	 x25:0x00000008  x1:0x0000000b
        3995000	       398	00000000	00000013	addi	x0,x0,0	  x0:0x00000000
        4005000	       399	800018b0	00000013	addi	x0,x0,0	  x0:0x00000000
        4015000	       400	800018b4	c210ca13	xori	x20,x1,-991	  x1:0x0000000b x20=0xfffffc2a
        4025000	       401	800018b8	40ae5893	srai	x17,x28,0xa	 x28:0xfe000000 x17=0xffff8000
        4035000	       402	800018bc	002c8c93	addi	x25,x25,2	 x25:0x00000008 x25=0x0000000a
        4045000	       403	800018c0	2fd6c893	xori	x17,x13,765	 x13:0x00000000 x17=0x000002fd
        4055000	       404	800018c4	6ddd2513	slti	x10,x26,1757	 x26:0x00000013 x10=0x00000001
        4065000	       405	800018c8	fe1cc6e3	blt	x25,x1,800018b4	 x25:0x0000000a  x1:0x0000000b
        4075000	       406	00000000	00000013	addi	x0,x0,0	  x0:0x00000000
        4085000	       407	800018b0	00000013	addi	x0,x0,0	  x0:0x00000000
        4095000	       408	800018b4	c210ca13	xori	x20,x1,-991	  x1:0x0000000b x20=0xfffffc2a
        4105000	       409	800018b8	40ae5893	srai	x17,x28,0xa	 x28:0xfe000000 x17=0xffff8000
        4115000	       410	800018bc	002c8c93	addi	x25,x25,2	 x25:0x0000000a x25=0x0000000c
        4125000	       411	800018c0	2fd6c893	xori	x17,x13,765	 x13:0x00000000 x17=0x000002fd
        4135000	       412	800018c4	6ddd2513	slti	x10,x26,1757	 x26:0x00000013 x10=0x00000001
        4145000	       413	800018c8	fe1cc6e3	blt	x25,x1,800018b4	 x25:0x0000000c  x1:0x0000000b
        4155000	       414	800018cc	019a9e13	slli	x28,x21,0x19	 x21:0xffffffff x28=0xfe000000
        4165000	       415	800018d0	00722f33	slt	x30,x4,x7	  x4:0x00000000  x7:0x000003e7 x30=0x00000001
        4175000	       416	800018d4	7f454493	xori	x9,x10,2036	 x10:0x00000001  x9=0x000007f5
        4185000	       417	800018d8	fba19ae3	bne	x3,x26,8000188c	  x3:0x0000000d x26:0x00000013
        4195000	       418	00000000	00000013	addi	x0,x0,0	  x0:0x00000000
        4205000	       419	80001888	00000013	addi	x0,x0,0	  x0:0x00000000
        4215000	       420	8000188c	9bc4c693	xori	x13,x9,-1604	  x9:0x000007f5 x13=0xfffffe49
        4225000	       421	80001890	009a6ab3	or	x21,x20,x9	 x20:0xfffffc2a  x9:0x000007f5 x21=0xffffffff
        4235000	       422	80001894	00218193	addi	x3,x3,2	  x3:0x0000000d  x3=0x0000000f
        4245000	       423	80001898	41a05213	srai	x4,x0,0x1a	  x0:0x00000000  x4=0x00000000
        4255000	       424	8000189c	40c656b3	sra	x13,x12,x12	 x12:0x00000001 x12:0x00000001 x13=0x00000000
        4265000	       425	800018a0	3e67c393	xori	x7,x15,998	 x15:0x00000001  x7=0x000003e7
        4275000	       426	800018a4	00000013	addi	x0,x0,0	  x0:0x00000000
        4285000	       427	800018a8	00600c93	addi	x25,x0,6	  x0:0x00000000 x25=0x00000006
        4295000	       428	800018ac	00ed5513	srli	x10,x26,0xe	 x26:0x00000013 x10=0x00000000
        4305000	       429	800018b0	00b00093	addi	x1,x0,11	  x0:0x00000000  x1=0x0000000b
        4315000	       430	800018b4	c210ca13	xori	x20,x1,-991	  x1:0x0000000b x20=0xfffffc2a
        4325000	       431	800018b8	40ae5893	srai	x17,x28,0xa	 x28:0xfe000000 x17=0xffff8000
        4335000	       432	800018bc	002c8c93	addi	x25,x25,2	 x25:0x00000006 x25=0x00000008
        4345000	       433	800018c0	2fd6c893	xori	x17,x13,765	 x13:0x00000000 x17=0x000002fd
        4355000	       434	800018c4	6ddd2513	slti	x10,x26,1757	 x26:0x00000013 x10=0x00000001
        4365000	       435	800018c8	fe1cc6e3	blt	x25,x1,800018b4	 x25:0x00000008  x1:0x0000000b
        4375000	       436	00000000	00000013	addi	x0,x0,0	  x0:0x00000000
        4385000	       437	800018b0	00000013	addi	x0,x0,0	  x0:0x00000000
        4395000	       438	800018b4	c210ca13	xori	x20,x1,-991	  x1:0x0000000b x20=0xfffffc2a
        4405000	       439	800018b8	40ae5893	srai	x17,x28,0xa	 x28:0xfe000000 x17=0xffff8000
        4415000	       440	800018bc	002c8c93	addi	x25,x25,2	 x25:0x00000008 x25=0x0000000a
        4425000	       441	800018c0	2fd6c893	xori	x17,x13,765	 x13:0x00000000 x17=0x000002fd
        4435000	       442	800018c4	6ddd2513	slti	x10,x26,1757	 x26:0x00000013 x10=0x00000001
        4445000	       443	800018c8	fe1cc6e3	blt	x25,x1,800018b4	 x25:0x0000000a  x1:0x0000000b
        4455000	       444	00000000	00000013	addi	x0,x0,0	  x0:0x00000000
        4465000	       445	800018b0	00000013	addi	x0,x0,0	  x0:0x00000000
        4475000	       446	800018b4	c210ca13	xori	x20,x1,-991	  x1:0x0000000b x20=0xfffffc2a
        4485000	       447	800018b8	40ae5893	srai	x17,x28,0xa	 x28:0xfe000000 x17=0xffff8000
        4495000	       448	800018bc	002c8c93	addi	x25,x25,2	 x25:0x0000000a x25=0x0000000c
        4505000	       449	800018c0	2fd6c893	xori	x17,x13,765	 x13:0x00000000 x17=0x000002fd
        4515000	       450	800018c4	6ddd2513	slti	x10,x26,1757	 x26:0x00000013 x10=0x00000001
        4525000	       451	800018c8	fe1cc6e3	blt	x25,x1,800018b4	 x25:0x0000000c  x1:0x0000000b
        4535000	       452	800018cc	019a9e13	slli	x28,x21,0x19	 x21:0xffffffff x28=0xfe000000
        4545000	       453	800018d0	00722f33	slt	x30,x4,x7	  x4:0x00000000  x7:0x000003e7 x30=0x00000001
        4555000	       454	800018d4	7f454493	xori	x9,x10,2036	 x10:0x00000001  x9=0x000007f5
        4565000	       455	800018d8	fba19ae3	bne	x3,x26,8000188c	  x3:0x0000000f x26:0x00000013
        4575000	       456	00000000	00000013	addi	x0,x0,0	  x0:0x00000000
        4585000	       457	80001888	00000013	addi	x0,x0,0	  x0:0x00000000
        4595000	       458	8000188c	9bc4c693	xori	x13,x9,-1604	  x9:0x000007f5 x13=0xfffffe49
        4605000	       459	80001890	009a6ab3	or	x21,x20,x9	 x20:0xfffffc2a  x9:0x000007f5 x21=0xffffffff
        4615000	       460	80001894	00218193	addi	x3,x3,2	  x3:0x0000000f  x3=0x00000011
        4625000	       461	80001898	41a05213	srai	x4,x0,0x1a	  x0:0x00000000  x4=0x00000000
        4635000	       462	8000189c	40c656b3	sra	x13,x12,x12	 x12:0x00000001 x12:0x00000001 x13=0x00000000
        4645000	       463	800018a0	3e67c393	xori	x7,x15,998	 x15:0x00000001  x7=0x000003e7
        4655000	       464	800018a4	00000013	addi	x0,x0,0	  x0:0x00000000
        4665000	       465	800018a8	00600c93	addi	x25,x0,6	  x0:0x00000000 x25=0x00000006
        4675000	       466	800018ac	00ed5513	srli	x10,x26,0xe	 x26:0x00000013 x10=0x00000000
        4685000	       467	800018b0	00b00093	addi	x1,x0,11	  x0:0x00000000  x1=0x0000000b
        4695000	       468	800018b4	c210ca13	xori	x20,x1,-991	  x1:0x0000000b x20=0xfffffc2a
        4705000	       469	800018b8	40ae5893	srai	x17,x28,0xa	 x28:0xfe000000 x17=0xffff8000
        4715000	       470	800018bc	002c8c93	addi	x25,x25,2	 x25:0x00000006 x25=0x00000008
        4725000	       471	800018c0	2fd6c893	xori	x17,x13,765	 x13:0x00000000 x17=0x000002fd
        4735000	       472	800018c4	6ddd2513	slti	x10,x26,1757	 x26:0x00000013 x10=0x00000001
        4745000	       473	800018c8	fe1cc6e3	blt	x25,x1,800018b4	 x25:0x00000008  x1:0x0000000b
        4755000	       474	00000000	00000013	addi	x0,x0,0	  x0:0x00000000
        4765000	       475	800018b0	00000013	addi	x0,x0,0	  x0:0x00000000
        4775000	       476	800018b4	c210ca13	xori	x20,x1,-991	  x1:0x0000000b x20=0xfffffc2a
        4785000	       477	800018b8	40ae5893	srai	x17,x28,0xa	 x28:0xfe000000 x17=0xffff8000
        4795000	       478	800018bc	002c8c93	addi	x25,x25,2	 x25:0x00000008 x25=0x0000000a
        4805000	       479	800018c0	2fd6c893	xori	x17,x13,765	 x13:0x00000000 x17=0x000002fd
        4815000	       480	800018c4	6ddd2513	slti	x10,x26,1757	 x26:0x00000013 x10=0x00000001
        4825000	       481	800018c8	fe1cc6e3	blt	x25,x1,800018b4	 x25:0x0000000a  x1:0x0000000b
        4835000	       482	00000000	00000013	addi	x0,x0,0	  x0:0x00000000
        4845000	       483	800018b0	00000013	addi	x0,x0,0	  x0:0x00000000
        4855000	       484	800018b4	c210ca13	xori	x20,x1,-991	  x1:0x0000000b x20=0xfffffc2a
        4865000	       485	800018b8	40ae5893	srai	x17,x28,0xa	 x28:0xfe000000 x17=0xffff8000
        4875000	       486	800018bc	002c8c93	addi	x25,x25,2	 x25:0x0000000a x25=0x0000000c
        4885000	       487	800018c0	2fd6c893	xori	x17,x13,765	 x13:0x00000000 x17=0x000002fd
        4895000	       488	800018c4	6ddd2513	slti	x10,x26,1757	 x26:0x00000013 x10=0x00000001
        4905000	       489	800018c8	fe1cc6e3	blt	x25,x1,800018b4	 x25:0x0000000c  x1:0x0000000b
        4915000	       490	800018cc	019a9e13	slli	x28,x21,0x19	 x21:0xffffffff x28=0xfe000000
        4925000	       491	800018d0	00722f33	slt	x30,x4,x7	  x4:0x00000000  x7:0x000003e7 x30=0x00000001
        4935000	       492	800018d4	7f454493	xori	x9,x10,2036	 x10:0x00000001  x9=0x000007f5
        4945000	       493	800018d8	fba19ae3	bne	x3,x26,8000188c	  x3:0x00000011 x26:0x00000013
        4955000	       494	00000000	00000013	addi	x0,x0,0	  x0:0x00000000
        4965000	       495	80001888	00000013	addi	x0,x0,0	  x0:0x00000000
        4975000	       496	8000188c	9bc4c693	xori	x13,x9,-1604	  x9:0x000007f5 x13=0xfffffe49
        4985000	       497	80001890	009a6ab3	or	x21,x20,x9	 x20:0xfffffc2a  x9:0x000007f5 x21=0xffffffff
        4995000	       498	80001894	00218193	addi	x3,x3,2	  x3:0x00000011  x3=0x00000013
        5005000	       499	80001898	41a05213	srai	x4,x0,0x1a	  x0:0x00000000  x4=0x00000000
        5015000	       500	8000189c	40c656b3	sra	x13,x12,x12	 x12:0x00000001 x12:0x00000001 x13=0x00000000
        5025000	       501	800018a0	3e67c393	xori	x7,x15,998	 x15:0x00000001  x7=0x000003e7
        5035000	       502	800018a4	00000013	addi	x0,x0,0	  x0:0x00000000
        5045000	       503	800018a8	00600c93	addi	x25,x0,6	  x0:0x00000000 x25=0x00000006
        5055000	       504	800018ac	00ed5513	srli	x10,x26,0xe	 x26:0x00000013 x10=0x00000000
        5065000	       505	800018b0	00b00093	addi	x1,x0,11	  x0:0x00000000  x1=0x0000000b
        5075000	       506	800018b4	c210ca13	xori	x20,x1,-991	  x1:0x0000000b x20=0xfffffc2a
        5085000	       507	800018b8	40ae5893	srai	x17,x28,0xa	 x28:0xfe000000 x17=0xffff8000
        5095000	       508	800018bc	002c8c93	addi	x25,x25,2	 x25:0x00000006 x25=0x00000008
        5105000	       509	800018c0	2fd6c893	xori	x17,x13,765	 x13:0x00000000 x17=0x000002fd
        5115000	       510	800018c4	6ddd2513	slti	x10,x26,1757	 x26:0x00000013 x10=0x00000001
        5125000	       511	800018c8	fe1cc6e3	blt	x25,x1,800018b4	 x25:0x00000008  x1:0x0000000b
        5135000	       512	00000000	00000013	addi	x0,x0,0	  x0:0x00000000
        5145000	       513	800018b0	00000013	addi	x0,x0,0	  x0:0x00000000
        5155000	       514	800018b4	c210ca13	xori	x20,x1,-991	  x1:0x0000000b x20=0xfffffc2a
        5165000	       515	800018b8	40ae5893	srai	x17,x28,0xa	 x28:0xfe000000 x17=0xffff8000
        5175000	       516	800018bc	002c8c93	addi	x25,x25,2	 x25:0x00000008 x25=0x0000000a
        5185000	       517	800018c0	2fd6c893	xori	x17,x13,765	 x13:0x00000000 x17=0x000002fd
        5195000	       518	800018c4	6ddd2513	slti	x10,x26,1757	 x26:0x00000013 x10=0x00000001
        5205000	       519	800018c8	fe1cc6e3	blt	x25,x1,800018b4	 x25:0x0000000a  x1:0x0000000b
        5215000	       520	00000000	00000013	addi	x0,x0,0	  x0:0x00000000
        5225000	       521	800018b0	00000013	addi	x0,x0,0	  x0:0x00000000
        5235000	       522	800018b4	c210ca13	xori	x20,x1,-991	  x1:0x0000000b x20=0xfffffc2a
        5245000	       523	800018b8	40ae5893	srai	x17,x28,0xa	 x28:0xfe000000 x17=0xffff8000
        5255000	       524	800018bc	002c8c93	addi	x25,x25,2	 x25:0x0000000a x25=0x0000000c
        5265000	       525	800018c0	2fd6c893	xori	x17,x13,765	 x13:0x00000000 x17=0x000002fd
        5275000	       526	800018c4	6ddd2513	slti	x10,x26,1757	 x26:0x00000013 x10=0x00000001
        5285000	       527	800018c8	fe1cc6e3	blt	x25,x1,800018b4	 x25:0x0000000c  x1:0x0000000b
        5295000	       528	800018cc	019a9e13	slli	x28,x21,0x19	 x21:0xffffffff x28=0xfe000000
        5305000	       529	800018d0	00722f33	slt	x30,x4,x7	  x4:0x00000000  x7:0x000003e7 x30=0x00000001
        5315000	       530	800018d4	7f454493	xori	x9,x10,2036	 x10:0x00000001  x9=0x000007f5
        5325000	       531	800018d8	fba19ae3	bne	x3,x26,8000188c	  x3:0x00000013 x26:0x00000013
        5335000	       532	800018dc	00057833	and	x16,x10,x0	 x10:0x00000001  x0:0x00000000 x16=0x00000000
        5345000	       533	800018e0	ffd00793	addi	x15,x0,-3	  x0:0x00000000 x15=0xfffffffd
        5355000	       534	800018e4	01ce1633	sll	x12,x28,x28	 x28:0xfe000000 x28:0xfe000000 x12=0xfe000000
        5365000	       535	800018e8	eedb7e17	auipc	x28,0xeedb7	 x28=0x6edb88e4
        5375000	       536	800018ec	01100813	addi	x16,x0,17	  x0:0x00000000 x16=0x00000011
        5385000	       537	800018f0	009121b3	slt	x3,x2,x9	  x2:0x00000000  x9:0x000007f5  x3=0x00000001
        5395000	       538	800018f4	009afe33	and	x28,x21,x9	 x21:0xffffffff  x9:0x000007f5 x28=0x000007f5
        5405000	       539	800018f8	40ecd3b3	sra	x7,x25,x14	 x25:0x0000000c x14:0x80009fc4  x7=0x00000000
        5415000	       540	800018fc	016600b3	add	x1,x12,x22	 x12:0xfe000000 x22:0xf868b03d  x1=0xf668b03d
        5425000	       541	80001900	00778793	addi	x15,x15,7	 x15:0xfffffffd x15=0x00000004
        5435000	       542	80001904	004c9b33	sll	x22,x25,x4	 x25:0x0000000c  x4:0x00000000 x22=0x0000000c
        5445000	       543	80001908	ff07e4e3	bltu	x15,x16,800018f0	 x15:0x00000004 x16:0x00000011
        5455000	       544	00000000	00000013	addi	x0,x0,0	  x0:0x00000000
        5465000	       545	800018ec	00000013	addi	x0,x0,0	  x0:0x00000000
        5475000	       546	800018f0	009121b3	slt	x3,x2,x9	  x2:0x00000000  x9:0x000007f5  x3=0x00000001
        5485000	       547	800018f4	009afe33	and	x28,x21,x9	 x21:0xffffffff  x9:0x000007f5 x28=0x000007f5
        5495000	       548	800018f8	40ecd3b3	sra	x7,x25,x14	 x25:0x0000000c x14:0x80009fc4  x7=0x00000000
        5505000	       549	800018fc	016600b3	add	x1,x12,x22	 x12:0xfe000000 x22:0x0000000c  x1=0xfe00000c
        5515000	       550	80001900	00778793	addi	x15,x15,7	 x15:0x00000004 x15=0x0000000b
        5525000	       551	80001904	004c9b33	sll	x22,x25,x4	 x25:0x0000000c  x4:0x00000000 x22=0x0000000c
        5535000	       552	80001908	ff07e4e3	bltu	x15,x16,800018f0	 x15:0x0000000b x16:0x00000011
        5545000	       553	00000000	00000013	addi	x0,x0,0	  x0:0x00000000
        5555000	       554	800018ec	00000013	addi	x0,x0,0	  x0:0x00000000
        5565000	       555	800018f0	009121b3	slt	x3,x2,x9	  x2:0x00000000  x9:0x000007f5  x3=0x00000001
        5575000	       556	800018f4	009afe33	and	x28,x21,x9	 x21:0xffffffff  x9:0x000007f5 x28=0x000007f5
        5585000	       557	800018f8	40ecd3b3	sra	x7,x25,x14	 x25:0x0000000c x14:0x80009fc4  x7=0x00000000
        5595000	       558	800018fc	016600b3	add	x1,x12,x22	 x12:0xfe000000 x22:0x0000000c  x1=0xfe00000c
        5605000	       559	80001900	00778793	addi	x15,x15,7	 x15:0x0000000b x15=0x00000012
        5615000	       560	80001904	004c9b33	sll	x22,x25,x4	 x25:0x0000000c  x4:0x00000000 x22=0x0000000c
        5625000	       561	80001908	ff07e4e3	bltu	x15,x16,800018f0	 x15:0x00000012 x16:0x00000011
        5635000	       562	8000190c	40ebd033	sra	x0,x23,x14	 x23:0x00000002 x14:0x80009fc4
        5645000	       563	80001910	ff600813	addi	x16,x0,-10	  x0:0x00000000 x16=0xfffffff6
        5655000	       564	80001914	01475f13	srli	x30,x14,0x14	 x14:0x80009fc4 x30=0x00000800
        5665000	       565	80001918	54e7f113	andi	x2,x15,1358	 x15:0x00000012  x2=0x00000002
        5675000	       566	8000191c	b999eb13	ori	x22,x19,-1127	 x19:0x00000001 x22=0xfffffb99
        5685000	       567	80001920	fec00e13	addi	x28,x0,-20	  x0:0x00000000 x28=0xffffffec
        5695000	       568	80001924	005dc2b3	xor	x5,x27,x5	 x27:0xfffffffe  x5:0x00000000  x5=0xfffffffe
        5705000	       569	80001928	ac78e013	ori	x0,x17,-1337	 x17:0x000002fd
        5715000	       570	8000192c	ffb80813	addi	x16,x16,-5	 x16:0xfffffff6 x16=0xfffffff1
        5725000	       571	80001930	203c4213	xori	x4,x24,515	 x24:0x80000000  x4=0x80000203
        5735000	       572	80001934	002bff33	and	x30,x23,x2	 x23:0x00000002  x2:0x00000002 x30=0x00000002
        5745000	       573	80001938	731a6013	ori	x0,x20,1841	 x20:0xfffffc2a
        5755000	       574	8000193c	47d6bb93	sltiu	x23,x13,1149	 x13:0x00000000 x23=0x00000001
        5765000	       575	80001940	413a5533	sra	x10,x20,x19	 x20:0xfffffc2a x19:0x00000001 x10=0xfffffe15
        5775000	       576	80001944	bab88e93	addi	x29,x17,-1109	 x17:0x000002fd x29=0xfffffea8
        5785000	       577	80001948	08464513	xori	x10,x12,132	 x12:0xfe000000 x10=0xfe000084
        5795000	       578	8000194c	fdc80ee3	beq	x16,x28,80001928	 x16:0xfffffff1 x28:0xffffffec
        5805000	       579	80001950	000b5c93	srli	x25,x22,0x0	 x22:0xfffffb99 x25=0xfffffb99
        5815000	       580	80001954	03da0663	beq	x20,x29,80001980	 x20:0xfffffc2a x29:0xfffffea8
        5825000	       581	80001958	4178da33	sra	x20,x17,x23	 x17:0x000002fd x23:0x00000001 x20=0x0000017e
        5835000	       582	8000195c	0013c633	xor	x12,x7,x1	  x7:0x00000000  x1:0xfe00000c x12=0xfe00000c
        5845000	       583	80001960	0242e463	bltu	x5,x4,80001988	  x5:0xfffffffe  x4:0x80000203
        5855000	       584	80001964	40c284b3	sub	x9,x5,x12	  x5:0xfffffffe x12:0xfe00000c  x9=0x01fffff2
        5865000	       585	80001968	7e682297	auipc	x5,0x7e682	  x5=0xfe683964
        5875000	       586	8000196c	5ea12813	slti	x16,x2,1514	  x2:0x00000002 x16=0x00000001
        5885000	       587	80001970	019fd0b3	srl	x1,x31,x25	 x31:0x00000000 x25:0xfffffb99  x1=0x00000000
        5895000	       588	80001974	dc01c037	lui	x0,0xdc01c	
        5905000	       589	80001978	01af1013	slli	x0,x30,0x1a	 x30:0x00000002
        5915000	       590	8000197c	014b4eb3	xor	x29,x22,x20	 x22:0xfffffb99 x20:0x0000017e x29=0xfffffae7
        5925000	       591	80001980	024bf663	bgeu	x23,x4,800019ac	 x23:0x00000001  x4:0x80000203
        5935000	       592	80001984	e9e36e37	lui	x28,0xe9e36	 x28=0xe9e36000
        5945000	       593	80001988	00572eb3	slt	x29,x14,x5	 x14:0x80009fc4  x5:0xfe683964 x29=0x00000001
        5955000	       594	8000198c	de553237	lui	x4,0xde553	  x4=0xde553000
        5965000	       595	80001990	64e68813	addi	x16,x13,1614	 x13:0x00000000 x16=0x0000064e
        5975000	       596	80001994	012b2033	slt	x0,x22,x18	 x22:0xfffffb99 x18:0x00000001
        5985000	       597	80001998	73878793	addi	x15,x15,1848	 x15:0x00000012 x15=0x0000074a
        5995000	       598	8000199c	02029263	bne	x5,x0,800019c0	  x5:0xfe683964  x0:0x00000000
        6005000	       599	00000000	00000013	addi	x0,x0,0	  x0:0x00000000
        6015000	       600	800019bc	00000013	addi	x0,x0,0	  x0:0x00000000
        6025000	       601	800019c0	7b07ab13	slti	x22,x15,1968	 x15:0x0000074a x22=0x00000001
        6035000	       602	800019c4	03cc0c63	beq	x24,x28,800019fc	 x24:0x80000000 x28:0xe9e36000
        6045000	       603	800019c8	40dbd133	sra	x2,x23,x13	 x23:0x00000001 x13:0x00000000  x2=0x00000001
        6055000	       604	800019cc	9d570c93	addi	x25,x14,-1579	 x14:0x80009fc4 x25=0x80009999
        6065000	       605	800019d0	409b84b3	sub	x9,x23,x9	 x23:0x00000001  x9:0x01fffff2  x9=0xfe00000f
        6075000	       606	800019d4	1831cb13	xori	x22,x3,387	  x3:0x00000001 x22=0x00000182
        6085000	       607	800019d8	17092293	slti	x5,x18,368	 x18:0x00000001  x5=0x00000001
        6095000	       608	800019dc	0527e463	bltu	x15,x18,80001a24	 x15:0x0000074a x18:0x00000001
        6105000	       609	800019e0	03119c63	bne	x3,x17,80001a18	  x3:0x00000001 x17:0x000002fd
        6115000	       610	00000000	00000013	addi	x0,x0,0	  x0:0x00000000
        6125000	       611	80001a14	00000013	addi	x0,x0,0	  x0:0x00000000
        6135000	       612	80001a18	01c65d93	srli	x27,x12,0x1c	 x12:0xfe00000c x27=0x0000000f
        6145000	       613	80001a1c	01bb64b3	or	x9,x22,x27	 x22:0x00000182 x27:0x0000000f  x9=0x0000018f
        6155000	       614	80001a20	00408463	beq	x1,x4,80001a28	  x1:0x00000000  x4:0xde553000
        6165000	       615	80001a24	00f662b3	or	x5,x12,x15	 x12:0xfe00000c x15:0x0000074a  x5=0xfe00074e
        6175000	       616	80001a28	40d18a33	sub	x20,x3,x13	  x3:0x00000001 x13:0x00000000 x20=0x00000001
        6185000	       617	80001a2c	40bb5693	srai	x13,x22,0xb	 x22:0x00000182 x13=0x00000000
        6195000	       618	80001a30	00f882b3	add	x5,x17,x15	 x17:0x000002fd x15:0x0000074a  x5=0x00000a47
        6205000	       619	80001a34	063b5a63	bge	x22,x3,80001aa8	 x22:0x00000182  x3:0x00000001
        6215000	       620	00000000	00000013	addi	x0,x0,0	  x0:0x00000000
        6225000	       621	80001aa4	00000013	addi	x0,x0,0	  x0:0x00000000
        6235000	       622	80001aa8	c800ea17	auipc	x20,0xc800e	 x20=0x4800faa4
        6245000	       623	80001aac	2b214897	auipc	x17,0x2b214	 x17=0xab215aa8
        6255000	       624	80001ab0	42a8be13	sltiu	x28,x17,1066	 x17:0xab215aa8 x28=0x00000000
        6265000	       625	80001ab4	00b9f9b3	and	x19,x19,x11	 x19:0x00000001 x11:0x00000001 x19=0x00000001
        6275000	       626	80001ab8	00fdfcb3	and	x25,x27,x15	 x27:0x0000000f x15:0x0000074a x25=0x0000000a
        6285000	       627	80001abc	4192d9b3	sra	x19,x5,x25	  x5:0x00000a47 x25:0x0000000a x19=0x00000002
        6295000	       628	80001ac0	01a72233	slt	x4,x14,x26	 x14:0x80009fc4 x26:0x00000013  x4=0x00000001
        6305000	       629	80001ac4	db5b2593	slti	x11,x22,-587	 x22:0x00000182 x11=0x00000000
        6315000	       630	80001ac8	00b5d1b3	srl	x3,x11,x11	 x11:0x00000000 x11:0x00000000  x3=0x00000000
        6325000	       631	80001acc	04644263	blt	x8,x6,80001b10	  x8:0xe60c4000  x6:0x80009f7c
        6335000	       632	80001ad0	8bec2293	slti	x5,x24,-1858	 x24:0x80000000  x5=0x00000001
        6345000	       633	80001ad4	eb2b24b7	lui	x9,0xeb2b2	  x9=0xeb2b2000
        6355000	       634	80001ad8	be10cd13	xori	x26,x1,-1055	  x1:0x00000000 x26=0xfffffbe1
        6365000	       635	80001adc	01301cb3	sll	x25,x0,x19	  x0:0x00000000 x19:0x00000002 x25=0x00000000
        6375000	       636	80001ae0	018c6233	or	x4,x24,x24	 x24:0x80000000 x24:0x80000000  x4=0x80000000
        6385000	       637	80001ae4	000f75b3	and	x11,x30,x0	 x30:0x00000002  x0:0x00000000 x11=0x00000000
        6395000	       638	80001ae8	417a08b3	sub	x17,x20,x23	 x20:0x4800faa4 x23:0x00000001 x17=0x4800faa3
        6405000	       639	80001aec	cadaa013	slti	x0,x21,-851	 x21:0xffffffff
        6415000	       640	80001af0	038ff263	bgeu	x31,x24,80001b14	 x31:0x00000000 x24:0x80000000
        6425000	       641	80001af4	4107dd13	srai	x26,x15,0x10	 x15:0x0000074a x26=0x00000000
        6435000	       642	80001af8	57e4ba97	auipc	x21,0x57e4b	 x21=0xd7e4caf4
        6445000	       643	80001afc	007a6c63	bltu	x20,x7,80001b14	 x20:0x4800faa4  x7:0x00000000
        6455000	       644	80001b00	5efa3c13	sltiu	x24,x20,1519	 x20:0x4800faa4 x24=0x00000000
        6465000	       645	80001b04	01839d13	slli	x26,x7,0x18	  x7:0x00000000 x26=0x00000000
        6475000	       646	80001b08	39064ab7	lui	x21,0x39064	 x21=0x39064000
        6485000	       647	80001b0c	00000013	addi	x0,x0,0	  x0:0x00000000
        6495000	       648	80001b10	0388e463	bltu	x17,x24,80001b38	 x17:0x4800faa3 x24:0x00000000
        6505000	       649	80001b14	962a0b93	addi	x23,x20,-1694	 x20:0x4800faa4 x23=0x4800f406
        6515000	       650	80001b18	b30ead93	slti	x27,x29,-1232	 x29:0x00000001 x27=0x00000000
        6525000	       651	80001b1c	03734263	blt	x6,x23,80001b40	  x6:0x80009f7c x23:0x4800f406
        6535000	       652	00000000	00000013	addi	x0,x0,0	  x0:0x00000000
        6545000	       653	80001b3c	00000013	addi	x0,x0,0	  x0:0x00000000
        6555000	       654	80001b40	01874033	xor	x0,x14,x24	 x14:0x80009fc4 x24:0x00000000
        6565000	       655	80001b44	41b50833	sub	x16,x10,x27	 x10:0xfe000084 x27:0x00000000 x16=0xfe000084
        6575000	       656	80001b48	04169463	bne	x13,x1,80001b90	 x13:0x00000000  x1:0x00000000
        6585000	       657	80001b4c	00e48e33	add	x28,x9,x14	  x9:0xeb2b2000 x14:0x80009fc4 x28=0x6b2bbfc4
        6595000	       658	80001b50	418bd913	srai	x18,x23,0x18	 x23:0x4800f406 x18=0x00000048
        6605000	       659	80001b54	41e75b93	srai	x23,x14,0x1e	 x14:0x80009fc4 x23=0xfffffffe
        6615000	       660	80001b58	030b0e63	beq	x22,x16,80001b94	 x22:0x00000182 x16:0xfe000084
        6625000	       661	80001b5c	02981a63	bne	x16,x9,80001b90	 x16:0xfe000084  x9:0xeb2b2000
        6635000	       662	00000000	00000013	addi	x0,x0,0	  x0:0x00000000
        6645000	       663	80001b8c	00000013	addi	x0,x0,0	  x0:0x00000000
        6655000	       664	80001b90	a70d7693	andi	x13,x26,-1424	 x26:0x00000000 x13=0x00000000
        6665000	       665	80001b94	05fa4463	blt	x20,x31,80001bdc	 x20:0x4800faa4 x31:0x00000000
        6675000	       666	80001b98	015807b3	add	x15,x16,x21	 x16:0xfe000084 x21:0x39064000 x15=0x37064084
        6685000	       667	80001b9c	00ced8b3	srl	x17,x29,x12	 x29:0x00000001 x12:0xfe00000c x17=0x00000000
        6695000	       668	80001ba0	0241f663	bgeu	x3,x4,80001bcc	  x3:0x00000000  x4:0x80000000
        6705000	       669	80001ba4	03cf8263	beq	x31,x28,80001bc8	 x31:0x00000000 x28:0x6b2bbfc4
        6715000	       670	80001ba8	000a4eb3	xor	x29,x20,x0	 x20:0x4800faa4  x0:0x00000000 x29=0x4800faa4
        6725000	       671	80001bac	6a86b213	sltiu	x4,x13,1704	 x13:0x00000000  x4=0x00000001
        6735000	       672	80001bb0	00000013	addi	x0,x0,0	  x0:0x00000000
        6745000	       673	80001bb4	b02d0c93	addi	x25,x26,-1278	 x26:0x00000000 x25=0xfffffb02
        6755000	       674	80001bb8	08d6bb93	sltiu	x23,x13,141	 x13:0x00000000 x23=0x00000001
        6765000	       675	80001bbc	013d9f33	sll	x30,x27,x19	 x27:0x00000000 x19:0x00000002 x30=0x00000000
        6775000	       676	80001bc0	aa830d93	addi	x27,x6,-1368	  x6:0x80009f7c x27=0x80009a24
        6785000	       677	80001bc4	02c97463	bgeu	x18,x12,80001bec	 x18:0x00000048 x12:0xfe00000c
        6795000	       678	80001bc8	7f95f293	andi	x5,x11,2041	 x11:0x00000000  x5=0x00000000
        6805000	       679	80001bcc	0019fdb3	and	x27,x19,x1	 x19:0x00000002  x1:0x00000000 x27=0x00000000
        6815000	       680	80001bd0	b97c16b7	lui	x13,0xb97c1	 x13=0xb97c1000
        6825000	       681	80001bd4	03839e63	bne	x7,x24,80001c10	  x7:0x00000000 x24:0x00000000
        6835000	       682	80001bd8	031e9c63	bne	x29,x17,80001c10	 x29:0x4800faa4 x17:0x00000000
        6845000	       683	00000000	00000013	addi	x0,x0,0	  x0:0x00000000
        6855000	       684	80001c0c	00000013	addi	x0,x0,0	  x0:0x00000000
        6865000	       685	80001c10	02d9dc63	bge	x19,x13,80001c48	 x19:0x00000002 x13:0xb97c1000
        6875000	       686	00000000	00000013	addi	x0,x0,0	  x0:0x00000000
        6885000	       687	80001c44	00000013	addi	x0,x0,0	  x0:0x00000000
        6895000	       688	80001c48	feb6e913	ori	x18,x13,-21	 x13:0xb97c1000 x18=0xffffffeb
        6905000	       689	80001c4c	01815113	srli	x2,x2,0x18	  x2:0x00000001  x2=0x00000000
        6915000	       690	80001c50	0159eab3	or	x21,x19,x21	 x19:0x00000002 x21:0x39064000 x21=0x39064002
        6925000	       691	80001c54	92d92993	slti	x19,x18,-1747	 x18:0xffffffeb x19=0x00000000
        6935000	       692	80001c58	00d99d93	slli	x27,x19,0xd	 x19:0x00000000 x27=0x00000000
        6945000	       693	80001c5c	fe750593	addi	x11,x10,-25	 x10:0xfe000084 x11=0xfe00006b
        6955000	       694	80001c60	03264263	blt	x12,x18,80001c84	 x12:0xfe00000c x18:0xffffffeb
        6965000	       695	00000000	00000013	addi	x0,x0,0	  x0:0x00000000
        6975000	       696	80001c80	00000013	addi	x0,x0,0	  x0:0x00000000
        6985000	       697	80001c84	9b1cfc13	andi	x24,x25,-1615	 x25:0xfffffb02 x24=0xfffff900
        6995000	       698	80001c88	00368c63	beq	x13,x3,80001ca0	 x13:0xb97c1000  x3:0x00000000
        7005000	       699	80001c8c	00436c33	or	x24,x6,x4	  x6:0x80009f7c  x4:0x00000001 x24=0x80009f7d
        7015000	       700	80001c90	017c9a93	slli	x21,x25,0x17	 x25:0xfffffb02 x21=0x81000000
        7025000	       701	80001c94	028fdc63	bge	x31,x8,80001ccc	 x31:0x00000000  x8:0xe60c4000
        7035000	       702	00000000	00000013	addi	x0,x0,0	  x0:0x00000000
        7045000	       703	80001cc8	00000013	addi	x0,x0,0	  x0:0x00000000
        7055000	       704	80001ccc	020f1463	bne	x30,x0,80001cf4	 x30:0x00000000  x0:0x00000000
        7065000	       705	80001cd0	8a17ce13	xori	x28,x15,-1887	 x15:0x37064084 x28=0xc8f9b825
        7075000	       706	80001cd4	0163cab3	xor	x21,x7,x22	  x7:0x00000000 x22:0x00000182 x21=0x00000182
        7085000	       707	80001cd8	03d21463	bne	x4,x29,80001d00	  x4:0x00000001 x29:0x4800faa4
        7095000	       708	00000000	00000013	addi	x0,x0,0	  x0:0x00000000
        7105000	       709	80001cfc	00000013	addi	x0,x0,0	  x0:0x00000000
        7115000	       710	80001d00	03fcf663	bgeu	x25,x31,80001d2c	 x25:0xfffffb02 x31:0x00000000
        7125000	       711	00000000	00000013	addi	x0,x0,0	  x0:0x00000000
        7135000	       712	80001d28	00000013	addi	x0,x0,0	  x0:0x00000000
        7145000	       713	80001d2c	00000013	addi	x0,x0,0	  x0:0x00000000
        7155000	       714	80001d30	01b44833	xor	x16,x8,x27	  x8:0xe60c4000 x27:0x00000000 x16=0xe60c4000
        7165000	       715	80001d34	770aec13	ori	x24,x21,1904	 x21:0x00000182 x24=0x000007f2
        7175000	       716	80001d38	20a93513	sltiu	x10,x18,522	 x18:0xffffffeb x10=0x00000000
        7185000	       717	80001d3c	03816263	bltu	x2,x24,80001d60	  x2:0x00000000 x24:0x000007f2
        7195000	       718	00000000	00000013	addi	x0,x0,0	  x0:0x00000000
        7205000	       719	80001d5c	00000013	addi	x0,x0,0	  x0:0x00000000
        7215000	       720	80001d60	00f185b3	add	x11,x3,x15	  x3:0x00000000 x15:0x37064084 x11=0x37064084
        7225000	       721	80001d64	00fc1633	sll	x12,x24,x15	 x24:0x000007f2 x15:0x37064084 x12=0x00007f20
        7235000	       722	80001d68	00000013	addi	x0,x0,0	  x0:0x00000000
        7245000	       723	80001d6c	01b6ea33	or	x20,x13,x27	 x13:0xb97c1000 x27:0x00000000 x20=0xb97c1000
        7255000	       724	80001d70	40390033	sub	x0,x18,x3	 x18:0xffffffeb  x3:0x00000000
        7265000	       725	80001d74	012f1e13	slli	x28,x30,0x12	 x30:0x00000000 x28=0x00000000
        7275000	       726	80001d78	00100b93	addi	x23,x0,1	  x0:0x00000000 x23=0x00000001
        7285000	       727	80001d7c	01db5133	srl	x2,x22,x29	 x22:0x00000182 x29:0x4800faa4  x2=0x00000018
        7295000	       728	80001d80	00b53133	sltu	x2,x10,x11	 x10:0x00000000 x11:0x37064084  x2=0x00000001
        7305000	       729	80001d84	008f5693	srli	x13,x30,0x8	 x30:0x00000000 x13=0x00000000
        7315000	       730	80001d88	01450033	add	x0,x10,x20	 x10:0x00000000 x20:0xb97c1000
        7325000	       731	80001d8c	012146b3	xor	x13,x2,x18	  x2:0x00000001 x18:0xffffffeb x13=0xffffffea
        7335000	       732	80001d90	ffd00a93	addi	x21,x0,-3	  x0:0x00000000 x21=0xfffffffd
        7345000	       733	80001d94	0091f0b3	and	x1,x3,x9	  x3:0x00000000  x9:0xeb2b2000  x1=0x00000000
        7355000	       734	80001d98	ff7b8b93	addi	x23,x23,-9	 x23:0x00000001 x23=0xfffffff8
        7365000	       735	80001d9c	0181f8b3	and	x17,x3,x24	  x3:0x00000000 x24:0x000007f2 x17=0x00000000
        7375000	       736	80001da0	d58e7017	auipc	x0,0xd58e7	
        7385000	       737	80001da4	000a3db3	sltu	x27,x20,x0	 x20:0xb97c1000  x0:0x00000000 x27=0x00000000
        7395000	       738	80001da8	81650413	addi	x8,x10,-2026	 x10:0x00000000  x8=0xfffff816
        7405000	       739	80001dac	01969c93	slli	x25,x13,0x19	 x13:0xffffffea x25=0xd4000000
        7415000	       740	80001db0	019706b3	add	x13,x14,x25	 x14:0x80009fc4 x25:0xd4000000 x13=0x54009fc4
        7425000	       741	80001db4	78dc3c13	sltiu	x24,x24,1933	 x24:0x000007f2 x24=0x00000000
        7435000	       742	80001db8	f6528c93	addi	x25,x5,-155	  x5:0x00000000 x25=0xffffff65
        7445000	       743	80001dbc	018a65b3	or	x11,x20,x24	 x20:0xb97c1000 x24:0x00000000 x11=0xb97c1000
        7455000	       744	80001dc0	996e7913	andi	x18,x28,-1642	 x28:0x00000000 x18=0x00000000
        7465000	       745	80001dc4	fd5bd8e3	bge	x23,x21,80001d94	 x23:0xfffffff8 x21:0xfffffffd
        7475000	       746	80001dc8	4119dd93	srai	x27,x19,0x11	 x19:0x00000000 x27=0x00000000
        7485000	       747	80001dcc	8111ea37	lui	x20,0x8111e	 x20=0x8111e000
        7495000	       748	80001dd0	018f9393	slli	x7,x31,0x18	 x31:0x00000000  x7=0x00000000
        7505000	       749	80001dd4	0201d463	bge	x3,x0,80001dfc	  x3:0x00000000  x0:0x00000000
        7515000	       750	00000000	00000013	addi	x0,x0,0	  x0:0x00000000
        7525000	       751	80001df8	00000013	addi	x0,x0,0	  x0:0x00000000
        7535000	       752	80001dfc	b737ee93	ori	x29,x15,-1165	 x15:0x37064084 x29=0xfffffbf7
        7545000	       753	80001e00	016ade13	srli	x28,x21,0x16	 x21:0xfffffffd x28=0x000003ff
        7555000	       754	80001e04	02177e63	bgeu	x14,x1,80001e40	 x14:0x80009fc4  x1:0x00000000
        7565000	       755	00000000	00000013	addi	x0,x0,0	  x0:0x00000000
        7575000	       756	80001e3c	00000013	addi	x0,x0,0	  x0:0x00000000
        7585000	       757	80001e40	038f5463	bge	x30,x24,80001e68	 x30:0x00000000 x24:0x00000000
        7595000	       758	00000000	00000013	addi	x0,x0,0	  x0:0x00000000
        7605000	       759	80001e64	00000013	addi	x0,x0,0	  x0:0x00000000
        7615000	       760	80001e68	00c1adb3	slt	x27,x3,x12	  x3:0x00000000 x12:0x00007f20 x27=0x00000001
        7625000	       761	80001e6c	00aa6b33	or	x22,x20,x10	 x20:0x8111e000 x10:0x00000000 x22=0x8111e000
        7635000	       762	80001e70	03c70863	beq	x14,x28,80001ea0	 x14:0x80009fc4 x28:0x000003ff
        7645000	       763	80001e74	41515d33	sra	x26,x2,x21	  x2:0x00000001 x21:0xfffffffd x26=0x00000000
        7655000	       764	80001e78	047d6263	bltu	x26,x7,80001ebc	 x26:0x00000000  x7:0x00000000
        7665000	       765	80001e7c	1a6c89b7	lui	x19,0x1a6c8	 x19=0x1a6c8000
        7675000	       766	80001e80	002bc6b3	xor	x13,x23,x2	 x23:0xfffffff8  x2:0x00000001 x13=0xfffffff9
        7685000	       767	80001e84	00ca8e33	add	x28,x21,x12	 x21:0xfffffffd x12:0x00007f20 x28=0x00007f1d
        7695000	       768	80001e88	00553db3	sltu	x27,x10,x5	 x10:0x00000000  x5:0x00000000 x27=0x00000000
        7705000	       769	80001e8c	00649db3	sll	x27,x9,x6	  x9:0xeb2b2000  x6:0x80009f7c x27=0x00000000
        7715000	       770	80001e90	40f05cb3	sra	x25,x0,x15	  x0:0x00000000 x15:0x37064084 x25=0x00000000
        7725000	       771	80001e94	40fd8bb3	sub	x23,x27,x15	 x27:0x00000000 x15:0x37064084 x23=0xc8f9bf7c
        7735000	       772	80001e98	0196eab3	or	x21,x13,x25	 x13:0xfffffff9 x25:0x00000000 x21=0xfffffff9
        7745000	       773	80001e9c	88572b93	slti	x23,x14,-1915	 x14:0x80009fc4 x23=0x00000001
        7755000	       774	80001ea0	00d86cb3	or	x25,x16,x13	 x16:0xe60c4000 x13:0xfffffff9 x25=0xfffffff9
        7765000	       775	80001ea4	f2167b93	andi	x23,x12,-223	 x12:0x00007f20 x23=0x00007f20
        7775000	       776	80001ea8	0781af13	slti	x30,x3,120	  x3:0x00000000 x30=0x00000001
        7785000	       777	80001eac	18096b93	ori	x23,x18,384	 x18:0x00000000 x23=0x00000180
        7795000	       778	80001eb0	c1ddc993	xori	x19,x27,-995	 x27:0x00000000 x19=0xfffffc1d
        7805000	       779	80001eb4	00f65913	srli	x18,x12,0xf	 x12:0x00007f20 x18=0x00000000
        7815000	       780	80001eb8	416f55b3	sra	x11,x30,x22	 x30:0x00000001 x22:0x8111e000 x11=0x00000001
        7825000	       781	80001ebc	017a3433	sltu	x8,x20,x23	 x20:0x8111e000 x23:0x00000180  x8=0x00000000
        7835000	       782	80001ec0	01d35b93	srli	x23,x6,0x1d	  x6:0x80009f7c x23=0x00000004
        7845000	       783	80001ec4	b1732d13	slti	x26,x6,-1257	  x6:0x80009f7c x26=0x00000001
        7855000	       784	80001ec8	01b378b3	and	x17,x6,x27	  x6:0x80009f7c x27:0x00000000 x17=0x00000000
        7865000	       785	80001ecc	4069deb3	sra	x29,x19,x6	 x19:0xfffffc1d  x6:0x80009f7c x29=0xffffffff
        7875000	       786	80001ed0	01f1d033	srl	x0,x3,x31	  x3:0x00000000 x31:0x00000000
        7885000	       787	80001ed4	00ef7433	and	x8,x30,x14	 x30:0x00000001 x14:0x80009fc4  x8=0x00000000
        7895000	       788	80001ed8	01207ab3	and	x21,x0,x18	  x0:0x00000000 x18:0x00000000 x21=0x00000000
        7905000	       789	80001edc	02fcde63	bge	x25,x15,80001f18	 x25:0xfffffff9 x15:0x37064084
        7915000	       790	80001ee0	00693a33	sltu	x20,x18,x6	 x18:0x00000000  x6:0x80009f7c x20=0x00000001
        7925000	       791	80001ee4	da7f2893	slti	x17,x30,-601	 x30:0x00000001 x17=0x00000000
        7935000	       792	80001ee8	1cc15e17	auipc	x28,0x1cc15	 x28=0x9cc16ee4
        7945000	       793	80001eec	594f6d13	ori	x26,x30,1428	 x30:0x00000001 x26=0x00000595
        7955000	       794	80001ef0	3d11c613	xori	x12,x3,977	  x3:0x00000000 x12=0x000003d1
        7965000	       795	80001ef4	04249463	bne	x9,x2,80001f3c	  x9:0xeb2b2000  x2:0x00000001
        7975000	       796	00000000	00000013	addi	x0,x0,0	  x0:0x00000000
        7985000	       797	80001f38	00000013	addi	x0,x0,0	  x0:0x00000000
        7995000	       798	80001f3c	7801f817	auipc	x16,0x7801f	 x16=0xf8020f38
        8005000	       799	80001f40	03f00c63	beq	x0,x31,80001f78	  x0:0x00000000 x31:0x00000000
        8015000	       800	00000000	00000013	addi	x0,x0,0	  x0:0x00000000
        8025000	       801	80001f74	00000013	addi	x0,x0,0	  x0:0x00000000
        8035000	       802	80001f78	41200f33	sub	x30,x0,x18	  x0:0x00000000 x18:0x00000000 x30=0x00000000
        8045000	       803	80001f7c	40dd80b3	sub	x1,x27,x13	 x27:0x00000000 x13:0xfffffff9  x1=0x00000007
        8055000	       804	80001f80	281e8593	addi	x11,x29,641	 x29:0xffffffff x11=0x00000280
        8065000	       805	80001f84	00000013	addi	x0,x0,0	  x0:0x00000000
        8075000	       806	80001f88	003f77b3	and	x15,x30,x3	 x30:0x00000000  x3:0x00000000 x15=0x00000000
        8085000	       807	80001f8c	017ae833	or	x16,x21,x23	 x21:0x00000000 x23:0x00000004 x16=0x00000004
        8095000	       808	80001f90	40425993	srai	x19,x4,0x4	  x4:0x00000001 x19=0x00000000
        8105000	       809	80001f94	2378a793	slti	x15,x17,567	 x17:0x00000000 x15=0x00000001
        8115000	       810	80001f98	00e61b93	slli	x23,x12,0xe	 x12:0x000003d1 x23=0x00f44000
        8125000	       811	80001f9c	02836c63	bltu	x6,x8,80001fd4	  x6:0x80009f7c  x8:0x00000000
        8135000	       812	80001fa0	00953cb3	sltu	x25,x10,x9	 x10:0x00000000  x9:0xeb2b2000 x25=0x00000001
        8145000	       813	80001fa4	01b81b13	slli	x22,x16,0x1b	 x16:0x00000004 x22=0x20000000
        8155000	       814	80001fa8	f1cbce13	xori	x28,x23,-228	 x23:0x00f44000 x28=0xff0bbf1c
        8165000	       815	80001fac	410c8d33	sub	x26,x25,x16	 x25:0x00000001 x16:0x00000004 x26=0xfffffffd
        8175000	       816	80001fb0	88e80e97	auipc	x29,0x88e80	 x29=0x08e81fac
        8185000	       817	80001fb4	0121fa33	and	x20,x3,x18	  x3:0x00000000 x18:0x00000000 x20=0x00000000
        8195000	       818	80001fb8	e577cc13	xori	x24,x15,-425	 x15:0x00000001 x24=0xfffffe56
        8205000	       819	80001fbc	0266e263	bltu	x13,x6,80001fe0	 x13:0xfffffff9  x6:0x80009f7c
        8215000	       820	80001fc0	839ecb93	xori	x23,x29,-1991	 x29:0x08e81fac x23=0xf717e795
        8225000	       821	80001fc4	031d9c63	bne	x27,x17,80001ffc	 x27:0x00000000 x17:0x00000000
        8235000	       822	80001fc8	41eadd13	srai	x26,x21,0x1e	 x21:0x00000000 x26=0x00000000
        8245000	       823	80001fcc	01536ab3	or	x21,x6,x21	  x6:0x80009f7c x21:0x00000000 x21=0x80009f7c
        8255000	       824	80001fd0	53def193	andi	x3,x29,1341	 x29:0x08e81fac  x3=0x0000052c
        8265000	       825	80001fd4	f2c72c13	slti	x24,x14,-212	 x14:0x80009fc4 x24=0x00000001
        8275000	       826	80001fd8	75288e93	addi	x29,x17,1874	 x17:0x00000000 x29=0x00000752
        8285000	       827	80001fdc	0000fcb3	and	x25,x1,x0	  x1:0x00000007  x0:0x00000000 x25=0x00000000
        8295000	       828	80001fe0	0147a5b3	slt	x11,x15,x20	 x15:0x00000001 x20:0x00000000 x11=0x00000000
        8305000	       829	80001fe4	002e5ab3	srl	x21,x28,x2	 x28:0xff0bbf1c  x2:0x00000001 x21=0x7f85df8e
        8315000	       830	80001fe8	375ea093	slti	x1,x29,885	 x29:0x00000752  x1=0x00000000
        8325000	       831	80001fec	40815a93	srai	x21,x2,0x8	  x2:0x00000001 x21=0x00000000
        8335000	       832	80001ff0	033f7663	bgeu	x30,x19,8000201c	 x30:0x00000000 x19:0x00000000
        8345000	       833	00000000	00000013	addi	x0,x0,0	  x0:0x00000000
        8355000	       834	80002018	00000013	addi	x0,x0,0	  x0:0x00000000
        8365000	       835	8000201c	9cf52893	slti	x17,x10,-1585	 x10:0x00000000 x17=0x00000000
        8375000	       836	80002020	b4ce4493	xori	x9,x28,-1204	 x28:0xff0bbf1c  x9=0x00f44450
        8385000	       837	80002024	00435113	srli	x2,x6,0x4	  x6:0x80009f7c  x2=0x080009f7
        8395000	       838	80002028	034f0263	beq	x30,x20,8000204c	 x30:0x00000000 x20:0x00000000
        8405000	       839	00000000	00000013	addi	x0,x0,0	  x0:0x00000000
        8415000	       840	80002048	00000013	addi	x0,x0,0	  x0:0x00000000
        8425000	       841	8000204c	7e5e6213	ori	x4,x28,2021	 x28:0xff0bbf1c  x4=0xff0bbffd
        8435000	       842	80002050	93229d37	lui	x26,0x93229	 x26=0x93229000
        8445000	       843	80002054	04e5f663	bgeu	x11,x14,800020a0	 x11:0x00000000 x14:0x80009fc4
        8455000	       844	80002058	3b046497	auipc	x9,0x3b046	  x9=0xbb048054
        8465000	       845	8000205c	02fa4663	blt	x20,x15,80002088	 x20:0x00000000 x15:0x00000001
        8475000	       846	00000000	00000013	addi	x0,x0,0	  x0:0x00000000
        8485000	       847	80002084	00000013	addi	x0,x0,0	  x0:0x00000000
        8495000	       848	80002088	9db2b593	sltiu	x11,x5,-1573	  x5:0x00000000 x11=0x00000001
        8505000	       849	8000208c	007ac5b3	xor	x11,x21,x7	 x21:0x00000000  x7:0x00000000 x11=0x00000000
        8515000	       850	80002090	0b055663	bge	x10,x16,8000213c	 x10:0x00000000 x16:0x00000004
        8525000	       851	80002094	7b7cc093	xori	x1,x25,1975	 x25:0x00000000  x1=0x000007b7
        8535000	       852	80002098	40eed093	srai	x1,x29,0xe	 x29:0x00000752  x1=0x00000000
        8545000	       853	8000209c	01a20a63	beq	x4,x26,800020b0	  x4:0xff0bbffd x26:0x93229000
        8555000	       854	800020a0	01d924b3	slt	x9,x18,x29	 x18:0x00000000 x29:0x00000752  x9=0x00000001
        8565000	       855	800020a4	0a03fc63	bgeu	x7,x0,8000215c	  x7:0x00000000  x0:0x00000000
        8575000	       856	00000000	00000013	addi	x0,x0,0	  x0:0x00000000
        8585000	       857	80002158	00000013	addi	x0,x0,0	  x0:0x00000000
        8595000	       858	8000215c	09d59e63	bne	x11,x29,800021f8	 x11:0x00000000 x29:0x00000752
        8605000	       859	00000000	00000013	addi	x0,x0,0	  x0:0x00000000
        8615000	       860	800021f4	00000013	addi	x0,x0,0	  x0:0x00000000
        8625000	       861	800021f8	018648b3	xor	x17,x12,x24	 x12:0x000003d1 x24:0x00000001 x17=0x000003d0
        8635000	       862	800021fc	ff9a8e37	lui	x28,0xff9a8	 x28=0xff9a8000
        8645000	       863	80002200	cbf1a593	slti	x11,x3,-833	  x3:0x0000052c x11=0x00000000
        8655000	       864	80002204	c17e6213	ori	x4,x28,-1001	 x28:0xff9a8000  x4=0xfffffc17
        8665000	       865	80002208	005b5b93	srli	x23,x22,0x5	 x22:0x20000000 x23=0x01000000
        8675000	       866	8000220c	036a9e63	bne	x21,x22,80002248	 x21:0x00000000 x22:0x20000000
        8685000	       867	00000000	00000013	addi	x0,x0,0	  x0:0x00000000
        8695000	       868	80002244	00000013	addi	x0,x0,0	  x0:0x00000000
        8705000	       869	80002248	aee36437	lui	x8,0xaee36	  x8=0xaee36000
        8715000	       870	8000224c	414cd8b3	sra	x17,x25,x20	 x25:0x00000000 x20:0x00000000 x17=0x00000000
        8725000	       871	80002250	415a5433	sra	x8,x20,x21	 x20:0x00000000 x21:0x00000000  x8=0x00000000
        8735000	       872	80002254	05f8f663	bgeu	x17,x31,800022a0	 x17:0x00000000 x31:0x00000000
        8745000	       873	00000000	00000013	addi	x0,x0,0	  x0:0x00000000
        8755000	       874	8000229c	00000013	addi	x0,x0,0	  x0:0x00000000
        8765000	       875	800022a0	42380e93	addi	x29,x16,1059	 x16:0x00000004 x29=0x00000427
        8775000	       876	800022a4	01ea4ab3	xor	x21,x20,x30	 x20:0x00000000 x30:0x00000000 x21=0x00000000
        8785000	       877	800022a8	01d568b3	or	x17,x10,x29	 x10:0x00000000 x29:0x00000427 x17=0x00000427
        8795000	       878	800022ac	9a54e593	ori	x11,x9,-1627	  x9:0x00000001 x11=0xfffff9a5
        8805000	       879	800022b0	00f94eb3	xor	x29,x18,x15	 x18:0x00000000 x15:0x00000001 x29=0x00000001
        8815000	       880	800022b4	03a06063	bltu	x0,x26,800022d4	  x0:0x00000000 x26:0x93229000
        8825000	       881	00000000	00000013	addi	x0,x0,0	  x0:0x00000000
        8835000	       882	800022d0	00000013	addi	x0,x0,0	  x0:0x00000000
        8845000	       883	800022d4	3515c013	xori	x0,x11,849	 x11:0xfffff9a5
        8855000	       884	800022d8	71986793	ori	x15,x16,1817	 x16:0x00000004 x15=0x0000071d
        8865000	       885	800022dc	41a75893	srai	x17,x14,0x1a	 x14:0x80009fc4 x17=0xffffffe0
        8875000	       886	800022e0	01aba3b3	slt	x7,x23,x26	 x23:0x01000000 x26:0x93229000  x7=0x00000000
        8885000	       887	800022e4	849c4e13	xori	x28,x24,-1975	 x24:0x00000001 x28=0xfffff848
        8895000	       888	800022e8	037b5663	bge	x22,x23,80002314	 x22:0x20000000 x23:0x01000000
        8905000	       889	00000000	00000013	addi	x0,x0,0	  x0:0x00000000
        8915000	       890	80002310	00000013	addi	x0,x0,0	  x0:0x00000000
        8925000	       891	80002314	00fc2b33	slt	x22,x24,x15	 x24:0x00000001 x15:0x0000071d x22=0x00000001
        8935000	       892	80002318	01a9a6b3	slt	x13,x19,x26	 x19:0x00000000 x26:0x93229000 x13=0x00000000
        8945000	       893	8000231c	032c5c63	bge	x24,x18,80002354	 x24:0x00000001 x18:0x00000000
        8955000	       894	00000000	00000013	addi	x0,x0,0	  x0:0x00000000
        8965000	       895	80002350	00000013	addi	x0,x0,0	  x0:0x00000000
        8975000	       896	80002354	00f64463	blt	x12,x15,8000235c	 x12:0x000003d1 x15:0x0000071d
        8985000	       897	00000000	00000013	addi	x0,x0,0	  x0:0x00000000
        8995000	       898	80002358	00000013	addi	x0,x0,0	  x0:0x00000000
        9005000	       899	8000235c	0124c4b3	xor	x9,x9,x18	  x9:0x00000001 x18:0x00000000  x9=0x00000001
        9015000	       900	80002360	9fe3ce93	xori	x29,x7,-1538	  x7:0x00000000 x29=0xfffff9fe
        9025000	       901	80002364	00432103	lw	x2,4(x6)	  x6:0x80009f7c  x2=0x80000138 PA:0x80009f80
        9035000	       902	80002368	006b06b3	add	x13,x22,x6	 x22:0x00000001  x6:0x80009f7c x13=0x80009f7d
        9045000	       903	8000236c	010fb9b3	sltu	x19,x31,x16	 x31:0x00000000 x16:0x00000004 x19=0x00000001
        9055000	       904	80002370	402c0c33	sub	x24,x24,x2	 x24:0x00000001  x2:0x80000138 x24=0x7ffffec9
        9065000	       905	80002374	00879233	sll	x4,x15,x8	 x15:0x0000071d  x8:0x00000000  x4=0x0000071d
        9075000	       906	80002378	10abad17	auipc	x26,0x10aba	 x26=0x90abc374
        9085000	       907	8000237c	00830313	addi	x6,x6,8	  x6:0x80009f7c  x6=0x80009f84
        9095000	       908	80002380	401eddb3	sra	x27,x29,x1	 x29:0xfffff9fe  x1:0x00000000 x27=0xfffff9fe
        9105000	       909	80002384	00047833	and	x16,x8,x0	  x8:0x00000000  x0:0x00000000 x16=0x00000000
        9115000	       910	80002388	402f5eb3	sra	x29,x30,x2	 x30:0x00000000  x2:0x80000138 x29=0x00000000
        9125000	       911	8000238c	00110493	addi	x9,x2,1	  x2:0x80000138  x9=0x80000139
        9135000	       912	80002390	000484e7	jalr	x9,x9,0	  x9:0x80000139  x9=0x80002390
        9145000	       913	00000000	00000013	addi	x0,x0,0	  x0:0x00000000
        9155000	       914	80000138	00000013	addi	x0,x0,0	  x0:0x00000000
        9165000	       915	8000013c	ff600413	addi	x8,x0,-10	  x0:0x00000000  x8=0xfffffff6
        9175000	       916	80000140	2cc92b13	slti	x22,x18,716	 x18:0x00000000 x22=0x00000001
        9185000	       917	80000144	01ca69b3	or	x19,x20,x28	 x20:0x00000000 x28:0xfffff848 x19=0xfffff848
        9195000	       918	80000148	00aa7233	and	x4,x20,x10	 x20:0x00000000 x10:0x00000000  x4=0x00000000
        9205000	       919	8000014c	00d291b3	sll	x3,x5,x13	  x5:0x00000000 x13:0x80009f7d  x3=0x00000000
        9215000	       920	80000150	ff300513	addi	x10,x0,-13	  x0:0x00000000 x10=0xfffffff3
        9225000	       921	80000154	01113d33	sltu	x26,x2,x17	  x2:0x80000138 x17:0xffffffe0 x26=0x00000001
        9235000	       922	80000158	00835d33	srl	x26,x6,x8	  x6:0x80009f84  x8:0xfffffff6 x26=0x00000200
        9245000	       923	8000015c	202b2a93	slti	x21,x22,514	 x22:0x00000001 x21=0x00000001
        9255000	       924	80000160	016a38b3	sltu	x17,x20,x22	 x20:0x00000000 x22:0x00000001 x17=0x00000001
        9265000	       925	80000164	00000013	addi	x0,x0,0	  x0:0x00000000
        9275000	       926	80000168	9b701797	auipc	x15,0x9b701	 x15=0x1b701164
        9285000	       927	8000016c	ffa40413	addi	x8,x8,-6	  x8:0xfffffff6  x8=0xfffffff0
        9295000	       928	80000170	2adfa093	slti	x1,x31,685	 x31:0x00000000  x1=0x00000001
        9305000	       929	80000174	41e15e33	sra	x28,x2,x30	  x2:0x80000138 x30:0x00000000 x28=0x80000138
        9315000	       930	80000178	2f23bb93	sltiu	x23,x7,754	  x7:0x00000000 x23=0x00000001
        9325000	       931	8000017c	79746e13	ori	x28,x8,1943	  x8:0xfffffff0 x28=0xfffffff7
        9335000	       932	80000180	fea450e3	bge	x8,x10,80000160	  x8:0xfffffff0 x10:0xfffffff3
        9345000	       933	80000184	44b6b5b7	lui	x11,0x44b6b	 x11=0x44b6b000
        9355000	       934	80000188	ff900d13	addi	x26,x0,-7	  x0:0x00000000 x26=0xfffffff9
        9365000	       935	8000018c	00a00513	addi	x10,x0,10	  x0:0x00000000 x10=0x0000000a
        9375000	       936	80000190	109d4113	xori	x2,x26,265	 x26:0xfffffff9  x2=0xfffffef0
        9385000	       937	80000194	00000013	addi	x0,x0,0	  x0:0x00000000
        9395000	       938	80000198	81033917	auipc	x18,0x81033	 x18=0x01033194
        9405000	       939	8000019c	2f33a993	slti	x19,x7,755	  x7:0x00000000 x19=0x00000001
        9415000	       940	800001a0	80d8aa13	slti	x20,x17,-2035	 x17:0x00000001 x20=0x00000000
        9425000	       941	800001a4	d9b1fc13	andi	x24,x3,-613	  x3:0x00000000 x24=0x00000000
        9435000	       942	800001a8	63a93593	sltiu	x11,x18,1594	 x18:0x01033194 x11=0x00000000
        9445000	       943	800001ac	92cebb97	auipc	x23,0x92ceb	 x23=0x12ceb1a8
        9455000	       944	800001b0	00000013	addi	x0,x0,0	  x0:0x00000000
        9465000	       945	800001b4	00625a13	srli	x20,x4,0x6	  x4:0x00000000 x20=0x00000000
        9475000	       946	800001b8	346ef7b7	lui	x15,0x346ef	 x15=0x346ef000
        9485000	       947	800001bc	76ef2a93	slti	x21,x30,1902	 x30:0x00000000 x21=0x00000001
        9495000	       948	800001c0	006d0d13	addi	x26,x26,6	 x26:0xfffffff9 x26=0xffffffff
        9505000	       949	800001c4	00d119b3	sll	x19,x2,x13	  x2:0xfffffef0 x13:0x80009f7d x19=0x00000000
        9515000	       950	800001c8	ff900213	addi	x4,x0,-7	  x0:0x00000000  x4=0xfffffff9
        9525000	       951	800001cc	f55b4813	xori	x16,x22,-171	 x22:0x00000001 x16=0xffffff54
        9535000	       952	800001d0	fed00b13	addi	x22,x0,-19	  x0:0x00000000 x22=0xffffffed
        9545000	       953	800001d4	0148bab3	sltu	x21,x17,x20	 x17:0x00000001 x20:0x00000000 x21=0x00000000
        9555000	       954	800001d8	017e22b3	slt	x5,x28,x23	 x28:0xfffffff7 x23:0x12ceb1a8  x5=0x00000001
        9565000	       955	800001dc	41c65013	srai	x0,x12,0x1c	 x12:0x000003d1
        9575000	       956	800001e0	a0c64293	xori	x5,x12,-1524	 x12:0x000003d1  x5=0xfffff9dd
        9585000	       957	800001e4	40205e33	sra	x28,x0,x2	  x0:0x00000000  x2:0xfffffef0 x28=0x00000000
        9595000	       958	800001e8	ffa20213	addi	x4,x4,-6	  x4:0xfffffff9  x4=0xfffffff3
        9605000	       959	800001ec	53f4c093	xori	x1,x9,1343	  x9:0x80002390  x1=0x800026af
        9615000	       960	800001f0	ff6208e3	beq	x4,x22,800001e0	  x4:0xfffffff3 x22:0xffffffed
        9625000	       961	800001f4	0f0fe3b7	lui	x7,0xf0fe	  x7=0x0f0fe000
        9635000	       962	800001f8	3df760b7	lui	x1,0x3df76	  x1=0x3df76000
        9645000	       963	800001fc	6b5b25b7	lui	x11,0x6b5b2	 x11=0x6b5b2000
        9655000	       964	80000200	faad62e3	bltu	x26,x10,800001a4	 x26:0xffffffff x10:0x0000000a
        9665000	       965	80000204	9c114a37	lui	x20,0x9c114	 x20=0x9c114000
        9675000	       966	80000208	00700093	addi	x1,x0,7	  x0:0x00000000  x1=0x00000007
        9685000	       967	8000020c	00500b13	addi	x22,x0,5	  x0:0x00000000 x22=0x00000005
        9695000	       968	80000210	41088ab3	sub	x21,x17,x16	 x17:0x00000001 x16:0xffffff54 x21=0x000000ad
        9705000	       969	80000214	59892693	slti	x13,x18,1432	 x18:0x01033194 x13=0x00000000
        9715000	       970	80000218	ffc08093	addi	x1,x1,-4	  x1:0x00000007  x1=0x00000003
        9725000	       971	8000021c	96456593	ori	x11,x10,-1692	 x10:0x0000000a x11=0xfffff96e
        9735000	       972	80000220	ffd00a13	addi	x20,x0,-3	  x0:0x00000000 x20=0xfffffffd
        9745000	       973	80000224	00f00e13	addi	x28,x0,15	  x0:0x00000000 x28=0x0000000f
        9755000	       974	80000228	008033b3	sltu	x7,x0,x8	  x0:0x00000000  x8:0xfffffff0  x7=0x00000001
        9765000	       975	8000022c	400f8833	sub	x16,x31,x0	 x31:0x00000000  x0:0x00000000 x16=0x00000000
        9775000	       976	80000230	006a0a13	addi	x20,x20,6	 x20:0xfffffffd x20=0x00000003
        9785000	       977	80000234	01d07c33	and	x24,x0,x29	  x0:0x00000000 x29:0x00000000 x24=0x00000000
        9795000	       978	80000238	ffca0ae3	beq	x20,x28,8000022c	 x20:0x00000003 x28:0x0000000f
        9805000	       979	8000023c	6f98e793	ori	x15,x17,1785	 x17:0x00000001 x15=0x000006f9
        9815000	       980	80000240	fd60fae3	bgeu	x1,x22,80000214	  x1:0x00000003 x22:0x00000005
        9825000	       981	80000244	eac1b893	sltiu	x17,x3,-340	  x3:0x00000000 x17=0x00000001
        9835000	       982	80000248	41625e13	srai	x28,x4,0x16	  x4:0xfffffff3 x28=0xffffffff
        9845000	       983	8000024c	017b1f13	slli	x30,x22,0x17	 x22:0x00000005 x30=0x02800000
        9855000	       984	80000250	00fb2433	slt	x8,x22,x15	 x22:0x00000005 x15:0x000006f9  x8=0x00000001
        9865000	       985	80000254	01197533	and	x10,x18,x17	 x18:0x01033194 x17:0x00000001 x10=0x00000000
        9875000	       986	80000258	40f08eb3	sub	x29,x1,x15	  x1:0x00000003 x15:0x000006f9 x29=0xfffff90a
        9885000	       987	8000025c	007abe33	sltu	x28,x21,x7	 x21:0x000000ad  x7:0x00000001 x28=0x00000000
        9895000	       988	80000260	016ec5b3	xor	x11,x29,x22	 x29:0xfffff90a x22:0x00000005 x11=0xfffff90f
        9905000	       989	80000264	b662cb13	xori	x22,x5,-1178	  x5:0xfffff9dd x22=0x000002bb
        9915000	       990	80000268	01a229b3	slt	x19,x4,x26	  x4:0xfffffff3 x26:0xffffffff x19=0x00000001
        9925000	       991	8000026c	0108c3b3	xor	x7,x17,x16	 x17:0x00000001 x16:0x00000000  x7=0x00000001
        9935000	       992	80000270	03df9063	bne	x31,x29,80000290	 x31:0x00000000 x29:0xfffff90a
        9945000	       993	00000000	00000013	addi	x0,x0,0	  x0:0x00000000
        9955000	       994	8000028c	00000013	addi	x0,x0,0	  x0:0x00000000
        9965000	       995	80000290	c194a793	slti	x15,x9,-999	  x9:0x80002390 x15=0x00000001
        9975000	       996	80000294	01495463	bge	x18,x20,8000029c	 x18:0x01033194 x20:0x00000003
        9985000	       997	00000000	00000013	addi	x0,x0,0	  x0:0x00000000
        9995000	       998	80000298	00000013	addi	x0,x0,0	  x0:0x00000000
       10005000	       999	8000029c	03f5ea63	bltu	x11,x31,800002d0	 x11:0xfffff90f x31:0x00000000
       10015000	      1000	800002a0	02460663	beq	x12,x4,800002cc	 x12:0x000003d1  x4:0xfffffff3
       10025000	      1001	800002a4	019eec33	or	x24,x29,x25	 x29:0xfffff90a x25:0x00000000 x24=0xfffff90a
       10035000	      1002	800002a8	41cfd433	sra	x8,x31,x28	 x31:0x00000000 x28:0x00000000  x8=0x00000000
       10045000	      1003	800002ac	41f40d33	sub	x26,x8,x31	  x8:0x00000000 x31:0x00000000 x26=0x00000000
       10055000	      1004	800002b0	8ff18413	addi	x8,x3,-1793	  x3:0x00000000  x8=0xfffff8ff
       10065000	      1005	800002b4	070d7263	bgeu	x26,x16,80000318	 x26:0x00000000 x16:0x00000000
       10075000	      1006	00000000	00000013	addi	x0,x0,0	  x0:0x00000000
       10085000	      1007	80000314	00000013	addi	x0,x0,0	  x0:0x00000000
       10095000	      1008	80000318	008b4033	xor	x0,x22,x8	 x22:0x000002bb  x8:0xfffff8ff
       10105000	      1009	8000031c	00a3b833	sltu	x16,x7,x10	  x7:0x00000001 x10:0x00000000 x16=0x00000000
       10115000	      1010	80000320	010220b3	slt	x1,x4,x16	  x4:0xfffffff3 x16:0x00000000  x1=0x00000001
       10125000	      1011	80000324	019ddc63	bge	x27,x25,8000033c	 x27:0xfffff9fe x25:0x00000000
       10135000	      1012	80000328	bd61b093	sltiu	x1,x3,-1066	  x3:0x00000000  x1=0x00000001
       10145000	      1013	8000032c	40905013	srai	x0,x0,0x9	  x0:0x00000000
       10155000	      1014	80000330	01a6d863	bge	x13,x26,80000340	 x13:0x00000000 x26:0x00000000
       10165000	      1015	00000000	00000013	addi	x0,x0,0	  x0:0x00000000
       10175000	      1016	8000033c	00000013	addi	x0,x0,0	  x0:0x00000000
       10185000	      1017	80000340	405951b3	sra	x3,x18,x5	 x18:0x01033194  x5:0xfffff9dd  x3=0x00000000
       10195000	      1018	80000344	0369e463	bltu	x19,x22,8000036c	 x19:0x00000001 x22:0x000002bb
       10205000	      1019	00000000	00000013	addi	x0,x0,0	  x0:0x00000000
       10215000	      1020	80000368	00000013	addi	x0,x0,0	  x0:0x00000000
       10225000	      1021	8000036c	56eafd13	andi	x26,x21,1390	 x21:0x000000ad x26=0x0000002c
       10235000	      1022	80000370	04c8d663	bge	x17,x12,800003bc	 x17:0x00000001 x12:0x000003d1
       10245000	      1023	80000374	014e12b3	sll	x5,x28,x20	 x28:0x00000000 x20:0x00000003  x5=0x00000000
       10255000	      1024	80000378	b1bbf897	auipc	x17,0xb1bbf	 x17=0x31bbf374
       10265000	      1025	8000037c	00000013	addi	x0,x0,0	  x0:0x00000000
       10275000	      1026	80000380	04696e93	ori	x29,x18,70	 x18:0x01033194 x29=0x010331d6
       10285000	      1027	80000384	2b0fb813	sltiu	x16,x31,688	 x31:0x00000000 x16=0x00000001
       10295000	      1028	80000388	017d9893	slli	x17,x27,0x17	 x27:0xfffff9fe x17=0xff000000
       10305000	      1029	8000038c	042c0663	beq	x24,x2,800003d8	 x24:0xfffff90a  x2:0xfffffef0
       10315000	      1030	80000390	03819e63	bne	x3,x24,800003cc	  x3:0x00000000 x24:0xfffff90a
       10325000	      1031	00000000	00000013	addi	x0,x0,0	  x0:0x00000000
       10335000	      1032	800003c8	00000013	addi	x0,x0,0	  x0:0x00000000
       10345000	      1033	800003cc	2774c097	auipc	x1,0x2774c	  x1=0xa774c3c8
       10355000	      1034	800003d0	eec83a13	sltiu	x20,x16,-276	 x16:0x00000001 x20=0x00000001
       10365000	      1035	800003d4	0092cf33	xor	x30,x5,x9	  x5:0x00000000  x9:0x80002390 x30=0x80002390
       10375000	      1036	800003d8	98602b13	slti	x22,x0,-1658	  x0:0x00000000 x22=0x00000000
       10385000	      1037	800003dc	04730663	beq	x6,x7,80000428	  x6:0x80009f84  x7:0x00000001
       10395000	      1038	800003e0	03a96463	bltu	x18,x26,80000408	 x18:0x01033194 x26:0x0000002c
       10405000	      1039	800003e4	d43d6b93	ori	x23,x26,-701	 x26:0x0000002c x23=0xfffffd6f
       10415000	      1040	800003e8	cc85a6b7	lui	x13,0xcc85a	 x13=0xcc85a000
       10425000	      1041	800003ec	01375e13	srli	x28,x14,0x13	 x14:0x80009fc4 x28=0x00001000
       10435000	      1042	800003f0	1a618f13	addi	x30,x3,422	  x3:0x00000000 x30=0x000001a6
       10445000	      1043	800003f4	04bb1063	bne	x22,x11,80000434	 x22:0x00000000 x11:0xfffff90f
       10455000	      1044	00000000	00000013	addi	x0,x0,0	  x0:0x00000000
       10465000	      1045	80000430	00000013	addi	x0,x0,0	  x0:0x00000000
       10475000	      1046	80000434	bdec00b7	lui	x1,0xbdec0	  x1=0xbdec0000
       10485000	      1047	80000438	0045ecb3	or	x25,x11,x4	 x11:0xfffff90f  x4:0xfffffff3 x25=0xffffffff
       10495000	      1048	8000043c	009d3833	sltu	x16,x26,x9	 x26:0x0000002c  x9:0x80002390 x16=0x00000001
       10505000	      1049	80000440	033fea63	bltu	x31,x19,80000474	 x31:0x00000000 x19:0x00000001
       10515000	      1050	00000000	00000013	addi	x0,x0,0	  x0:0x00000000
       10525000	      1051	80000470	00000013	addi	x0,x0,0	  x0:0x00000000
       10535000	      1052	80000474	0105f033	and	x0,x11,x16	 x11:0xfffff90f x16:0x00000001
       10545000	      1053	80000478	00d88033	add	x0,x17,x13	 x17:0xff000000 x13:0xcc85a000
       10555000	      1054	8000047c	0076d893	srli	x17,x13,0x7	 x13:0xcc85a000 x17=0x01990b40
       10565000	      1055	80000480	60946e13	ori	x28,x8,1545	  x8:0xfffff8ff x28=0xfffffeff
       10575000	      1056	80000484	02177663	bgeu	x14,x1,800004b0	 x14:0x80009fc4  x1:0xbdec0000
       10585000	      1057	80000488	01c27633	and	x12,x4,x28	  x4:0xfffffff3 x28:0xfffffeff x12=0xfffffef3
       10595000	      1058	8000048c	01f53ab3	sltu	x21,x10,x31	 x10:0x00000000 x31:0x00000000 x21=0x00000000
       10605000	      1059	80000490	01b030b3	sltu	x1,x0,x27	  x0:0x00000000 x27:0xfffff9fe  x1=0x00000001
       10615000	      1060	80000494	00a70663	beq	x14,x10,800004a0	 x14:0x80009fc4 x10:0x00000000
       10625000	      1061	80000498	05a2f663	bgeu	x5,x26,800004e4	  x5:0x00000000 x26:0x0000002c
       10635000	      1062	8000049c	410b8d33	sub	x26,x23,x16	 x23:0xfffffd6f x16:0x00000001 x26=0xfffffd6e
       10645000	      1063	800004a0	015f8863	beq	x31,x21,800004b0	 x31:0x00000000 x21:0x00000000
       10655000	      1064	00000000	00000013	addi	x0,x0,0	  x0:0x00000000
       10665000	      1065	800004ac	00000013	addi	x0,x0,0	  x0:0x00000000
       10675000	      1066	800004b0	407400b3	sub	x1,x8,x7	  x8:0xfffff8ff  x7:0x00000001  x1=0xfffff8fe
       10685000	      1067	800004b4	00000013	addi	x0,x0,0	  x0:0x00000000
       10695000	      1068	800004b8	01c0da13	srli	x20,x1,0x1c	  x1:0xfffff8fe x20=0x0000000f
       10705000	      1069	800004bc	59fcee37	lui	x28,0x59fce	 x28=0x59fce000
       10715000	      1070	800004c0	416c5eb3	sra	x29,x24,x22	 x24:0xfffff90a x22:0x00000000 x29=0xfffff90a
       10725000	      1071	800004c4	0195d693	srli	x13,x11,0x19	 x11:0xfffff90f x13=0x0000007f
       10735000	      1072	800004c8	6a673e93	sltiu	x29,x14,1702	 x14:0x80009fc4 x29=0x00000000
       10745000	      1073	800004cc	01cae4b3	or	x9,x21,x28	 x21:0x00000000 x28:0x59fce000  x9=0x59fce000
       10755000	      1074	800004d0	a59f8093	addi	x1,x31,-1447	 x31:0x00000000  x1=0xfffffa59
       10765000	      1075	800004d4	4198d9b3	sra	x19,x17,x25	 x17:0x01990b40 x25:0xffffffff x19=0x00000000
       10775000	      1076	800004d8	40935213	srai	x4,x6,0x9	  x6:0x80009f84  x4=0xffc0004f
       10785000	      1077	800004dc	018fd9b3	srl	x19,x31,x24	 x31:0x00000000 x24:0xfffff90a x19=0x00000000
       10795000	      1078	800004e0	89064093	xori	x1,x12,-1904	 x12:0xfffffef3  x1=0x00000663
       10805000	      1079	800004e4	04751063	bne	x10,x7,80000524	 x10:0x00000000  x7:0x00000001
       10815000	      1080	00000000	00000013	addi	x0,x0,0	  x0:0x00000000
       10825000	      1081	80000520	00000013	addi	x0,x0,0	  x0:0x00000000
       10835000	      1082	80000524	00df1c63	bne	x30,x13,8000053c	 x30:0x000001a6 x13:0x0000007f
       10845000	      1083	00000000	00000013	addi	x0,x0,0	  x0:0x00000000
       10855000	      1084	80000538	00000013	addi	x0,x0,0	  x0:0x00000000
       10865000	      1085	8000053c	ec8a7c93	andi	x25,x20,-312	 x20:0x0000000f x25=0x00000008
       10875000	      1086	80000540	00000f97	auipc	x31,0x0	 x31=0x8000053c
       10885000	      1087	80000544	00cf8f93	addi	x31,x31,12	 x31:0x8000053c x31=0x80000548
       10895000	      1088	80000548	000f8067	jalr	x0,x31,0	 x31:0x80000548
       10905000	      1089	00000000	00000013	addi	x0,x0,0	  x0:0x00000000
       10915000	      1090	80000548	00000013	addi	x0,x0,0	  x0:0x00000000
       10925000	      1091	8000054c	00100193	addi	x3,x0,1	  x0:0x00000000  x3=0x00000001
       10935000	      1092	80000550	00000073	ecall	
       10945000	      1093	80000554	00000013	addi	x0,x0,0	  x0:0x00000000
