		Time			Cycle	PC		Insn	Decoded instruction	Register and memory contents
          65000	         5	80000004	00000293	addi	x5,x0,0	  x0:0x00000000  x5=0x00000000
          75000	         6	80000008	00000313	addi	x6,x0,0	  x0:0x00000000  x6=0x00000000
          85000	         7	8000000c	00628263	beq	x5,x6,80000010	  x5:0x00000000  x6:0x00000000
          95000	         8	00000000	00000013	addi	x0,x0,0	  x0:0x00000000
         105000	         9	8000000c	00000013	addi	x0,x0,0	  x0:0x00000000
         115000	        10	80000010	00000717	auipc	x14,0x0	 x14=0x8000000c
         125000	        11	80000014	00c70713	addi	x14,x14,12	 x14:0x8000000c x14=0x80000018
         135000	        12	80000018	00070067	jalr	x0,x14,0	 x14:0x80000018
         145000	        13	00000000	00000013	addi	x0,x0,0	  x0:0x00000000
         155000	        14	80000018	00000013	addi	x0,x0,0	  x0:0x00000000
         165000	        15	8000001c	40000e37	lui	x28,0x40000	 x28=0x40000000
         175000	        16	80000020	100e0e13	addi	x28,x28,256	 x28:0x40000000 x28=0x40000100
         185000	        17	80000024	00000013	addi	x0,x0,0	  x0:0x00000000
         195000	        18	80000028	0000ac17	auipc	x24,0xa	 x24=0x8000a024
         205000	        19	8000002c	fa0c0c13	addi	x24,x24,-96	 x24:0x8000a024 x24=0x80009fc4
         215000	        20	80000030	00003e17	auipc	x28,0x3	 x28=0x8000302c
         225000	        21	80000034	f34e0e13	addi	x28,x28,-204	 x28:0x8000302c x28=0x80002f60
         235000	        22	80000038	000e6e13	ori	x28,x28,0	 x28:0x80002f60 x28=0x80002f60
         245000	        23	8000003c	00000013	addi	x0,x0,0	  x0:0x00000000
         255000	        24	80000040	00000e17	auipc	x28,0x0	 x28=0x8000003c
         265000	        25	80000044	020e0e13	addi	x28,x28,32	 x28:0x8000003c x28=0x8000005c
         275000	        26	80000048	00000013	addi	x0,x0,0	  x0:0x00000000
         285000	        27	8000004c	00000013	addi	x0,x0,0	  x0:0x00000000
         295000	        28	80000050	00002e37	lui	x28,0x2	 x28=0x00002000
         305000	        29	80000054	800e0e13	addi	x28,x28,-2048	 x28:0x00002000 x28=0x00001800
         315000	        30	80000058	00000013	addi	x0,x0,0	  x0:0x00000000
         325000	        31	8000005c	00000013	addi	x0,x0,0	  x0:0x00000000
         335000	        32	80000060	00800013	addi	x0,x0,8	  x0:0x00000000
         345000	        33	80000064	800000b7	lui	x1,0x80000	  x1=0x80000000
         355000	        34	80000068	00500113	addi	x2,x0,5	  x0:0x00000000  x2=0x00000005
         365000	        35	8000006c	00900193	addi	x3,x0,9	  x0:0x00000000  x3=0x00000009
         375000	        36	80000070	00000213	addi	x4,x0,0	  x0:0x00000000  x4=0x00000000
         385000	        37	80000074	00000293	addi	x5,x0,0	  x0:0x00000000  x5=0x00000000
         395000	        38	80000078	fb3ca337	lui	x6,0xfb3ca	  x6=0xfb3ca000
         405000	        39	8000007c	c1b30313	addi	x6,x6,-997	  x6:0xfb3ca000  x6=0xfb3c9c1b
         415000	        40	80000080	00800393	addi	x7,x0,8	  x0:0x00000000  x7=0x00000008
         425000	        41	80000084	fa6e3437	lui	x8,0xfa6e3	  x8=0xfa6e3000
         435000	        42	80000088	94840413	addi	x8,x8,-1720	  x8:0xfa6e3000  x8=0xfa6e2948
         445000	        43	8000008c	00e00493	addi	x9,x0,14	  x0:0x00000000  x9=0x0000000e
         455000	        44	80000090	80000537	lui	x10,0x80000	 x10=0x80000000
         465000	        45	80000094	00400593	addi	x11,x0,4	  x0:0x00000000 x11=0x00000004
         475000	        46	80000098	00000613	addi	x12,x0,0	  x0:0x00000000 x12=0x00000000
         485000	        47	8000009c	00f00693	addi	x13,x0,15	  x0:0x00000000 x13=0x0000000f
         495000	        48	800000a0	00000713	addi	x14,x0,0	  x0:0x00000000 x14=0x00000000
         505000	        49	800000a4	aca967b7	lui	x15,0xaca96	 x15=0xaca96000
         515000	        50	800000a8	46b78793	addi	x15,x15,1131	 x15:0xaca96000 x15=0xaca9646b
         525000	        51	800000ac	80af4837	lui	x16,0x80af4	 x16=0x80af4000
         535000	        52	800000b0	04d80813	addi	x16,x16,77	 x16:0x80af4000 x16=0x80af404d
         545000	        53	800000b4	59b788b7	lui	x17,0x59b78	 x17=0x59b78000
         555000	        54	800000b8	4c188893	addi	x17,x17,1217	 x17:0x59b78000 x17=0x59b784c1
         565000	        55	800000bc	f19f9937	lui	x18,0xf19f9	 x18=0xf19f9000
         575000	        56	800000c0	6e690913	addi	x18,x18,1766	 x18:0xf19f9000 x18=0xf19f96e6
         585000	        57	800000c4	867c89b7	lui	x19,0x867c8	 x19=0x867c8000
         595000	        58	800000c8	fec98993	addi	x19,x19,-20	 x19:0x867c8000 x19=0x867c7fec
         605000	        59	800000cc	063a7a37	lui	x20,0x63a7	 x20=0x063a7000
         615000	        60	800000d0	247a0a13	addi	x20,x20,583	 x20:0x063a7000 x20=0x063a7247
         625000	        61	800000d4	80000ab7	lui	x21,0x80000	 x21=0x80000000
         635000	        62	800000d8	fd5d5b37	lui	x22,0xfd5d5	 x22=0xfd5d5000
         645000	        63	800000dc	de2b0b13	addi	x22,x22,-542	 x22:0xfd5d5000 x22=0xfd5d4de2
         655000	        64	800000e0	80000cb7	lui	x25,0x80000	 x25=0x80000000
         665000	        65	800000e4	bbba1d37	lui	x26,0xbbba1	 x26=0xbbba1000
         675000	        66	800000e8	9c7d0d13	addi	x26,x26,-1593	 x26:0xbbba1000 x26=0xbbba09c7
         685000	        67	800000ec	33fccdb7	lui	x27,0x33fcc	 x27=0x33fcc000
         695000	        68	800000f0	388d8d93	addi	x27,x27,904	 x27:0x33fcc000 x27=0x33fcc388
         705000	        69	800000f4	8d900e37	lui	x28,0x8d900	 x28=0x8d900000
         715000	        70	800000f8	d71e0e13	addi	x28,x28,-655	 x28:0x8d900000 x28=0x8d8ffd71
         725000	        71	800000fc	00200e93	addi	x29,x0,2	  x0:0x00000000 x29=0x00000002
         735000	        72	80000100	00000f13	addi	x30,x0,0	  x0:0x00000000 x30=0x00000000
         745000	        73	80000104	fcfe6fb7	lui	x31,0xfcfe6	 x31=0xfcfe6000
         755000	        74	80000108	64bf8f93	addi	x31,x31,1611	 x31:0xfcfe6000 x31=0xfcfe664b
         765000	        75	8000010c	0000ab97	auipc	x23,0xa	 x23=0x8000a108
         775000	        76	80000110	e7cb8b93	addi	x23,x23,-388	 x23:0x8000a108 x23=0x80009f84
         785000	        77	80000114	014b2b33	slt	x22,x22,x20	 x22:0xfd5d4de2 x20:0x063a7247 x22=0x00000001
         795000	        78	80000118	01725eb3	srl	x29,x4,x23	  x4:0x00000000 x23:0x80009f84 x29=0x00000000
         805000	        79	8000011c	00001097	auipc	x1,0x1	  x1=0x80001118
         815000	        80	80000120	6f008093	addi	x1,x1,1776	  x1:0x80001118  x1=0x80001808
         825000	        81	80000124	002023b3	slt	x7,x0,x2	  x0:0x00000000  x2:0x00000005  x7=0x00000001
         835000	        82	80000128	011b32b3	sltu	x5,x22,x17	 x22:0x00000001 x17:0x59b784c1  x5=0x00000001
         845000	        83	8000012c	0090f9b3	and	x19,x1,x9	  x1:0x80001808  x9:0x0000000e x19=0x00000008
         855000	        84	80000130	a69c2393	slti	x7,x24,-1431	 x24:0x80009fc4  x7=0x00000001
         865000	        85	80000134	19508093	addi	x1,x1,405	  x1:0x80001808  x1=0x8000199d
         875000	        86	80000138	00434663	blt	x6,x4,80000144	  x6:0xfb3c9c1b  x4:0x00000000
         885000	        87	00000000	00000013	addi	x0,x0,0	  x0:0x00000000
         895000	        88	80000140	00000013	addi	x0,x0,0	  x0:0x00000000
         905000	        89	80000144	e6b080e7	jalr	x1,x1,-405	  x1:0x8000199d  x1=0x80000144
         915000	        90	00000000	00000013	addi	x0,x0,0	  x0:0x00000000
         925000	        91	80001808	00000013	addi	x0,x0,0	  x0:0x00000000
         935000	        92	8000180c	7729b493	sltiu	x9,x19,1906	 x19:0x00000008  x9=0x00000001
         945000	        93	80001810	014d1933	sll	x18,x26,x20	 x26:0xbbba09c7 x20:0x063a7247 x18=0xdd04e380
         955000	        94	80001814	fc8b8b93	addi	x23,x23,-56	 x23:0x80009f84 x23=0x80009f4c
         965000	        95	80001818	00ba9fb3	sll	x31,x21,x11	 x21:0x80000000 x11:0x00000004 x31=0x00000000
         975000	        96	8000181c	00c68a33	add	x20,x13,x12	 x13:0x0000000f x12:0x00000000 x20=0x0000000f
         985000	        97	80001820	001ba223	sw	x1,4(x23)	 x23:0x80009f4c  x1:0x80000144 PA:0x80009f50
         995000	        98	80001824	001dd633	srl	x12,x27,x1	 x27:0x33fcc388  x1:0x80000144 x12=0x033fcc38
        1005000	        99	80001828	00ae9e13	slli	x28,x29,0xa	 x29:0x00000000 x28=0x00000000
        1015000	       100	8000182c	a5428313	addi	x6,x5,-1452	  x5:0x00000001  x6=0xfffffa55
        1025000	       101	80001830	00200c93	addi	x25,x0,2	  x0:0x00000000 x25=0x00000002
        1035000	       102	80001834	61522f13	slti	x30,x4,1557	  x4:0x00000000 x30=0x00000001
        1045000	       103	80001838	00476033	or	x0,x14,x4	 x14:0x00000000  x4:0x00000000
        1055000	       104	8000183c	01d260b3	or	x1,x4,x29	  x4:0x00000000 x29:0x00000000  x1=0x00000000
        1065000	       105	80001840	003f5e33	srl	x28,x30,x3	 x30:0x00000001  x3:0x00000009 x28=0x00000000
        1075000	       106	80001844	cdef3193	sltiu	x3,x30,-802	 x30:0x00000001  x3=0x00000001
        1085000	       107	80001848	01bb5493	srli	x9,x22,0x1b	 x22:0x00000001  x9=0x00000000
        1095000	       108	8000184c	00c82db3	slt	x27,x16,x12	 x16:0x80af404d x12:0x033fcc38 x27=0x00000001
        1105000	       109	80001850	ff000113	addi	x2,x0,-16	  x0:0x00000000  x2=0xfffffff0
        1115000	       110	80001854	4035db13	srai	x22,x11,0x3	 x11:0x00000004 x22=0x00000000
        1125000	       111	80001858	9a377893	andi	x17,x14,-1629	 x14:0x00000000 x17=0x00000000
        1135000	       112	8000185c	01abfa33	and	x20,x23,x26	 x23:0x80009f4c x26:0xbbba09c7 x20=0x80000944
        1145000	       113	80001860	0141f4b3	and	x9,x3,x20	  x3:0x00000001 x20:0x80000944  x9=0x00000000
        1155000	       114	80001864	400e84b3	sub	x9,x29,x0	 x29:0x00000000  x0:0x00000000  x9=0x00000000
        1165000	       115	80001868	4703c2b7	lui	x5,0x4703c	  x5=0x4703c000
        1175000	       116	8000186c	01585213	srli	x4,x16,0x15	 x16:0x80af404d  x4=0x00000405
        1185000	       117	80001870	ffdc8c93	addi	x25,x25,-3	 x25:0x00000002 x25=0xffffffff
        1195000	       118	80001874	40fd8db3	sub	x27,x27,x15	 x27:0x00000001 x15:0xaca9646b x27=0x53569b96
        1205000	       119	80001878	000d9e33	sll	x28,x27,x0	 x27:0x53569b96  x0:0x00000000 x28=0x53569b96
        1215000	       120	8000187c	62ffde97	auipc	x29,0x62ffd	 x29=0xe2ffe878
        1225000	       121	80001880	00cfd2b3	srl	x5,x31,x12	 x31:0x00000000 x12:0x033fcc38  x5=0x00000000
        1235000	       122	80001884	01173f33	sltu	x30,x14,x17	 x14:0x00000000 x17:0x00000000 x30=0x00000000
        1245000	       123	80001888	6ee86097	auipc	x1,0x6ee86	  x1=0xeee87884
        1255000	       124	8000188c	008dbd33	sltu	x26,x27,x8	 x27:0x53569b96  x8:0xfa6e2948 x26=0x00000001
        1265000	       125	80001890	40ced893	srai	x17,x29,0xc	 x29:0xe2ffe878 x17=0xfffe2ffe
        1275000	       126	80001894	01741993	slli	x19,x8,0x17	  x8:0xfa6e2948 x19=0xa4000000
        1285000	       127	80001898	6d9bc193	xori	x3,x23,1753	 x23:0x80009f4c  x3=0x80009995
        1295000	       128	8000189c	fc2c84e3	beq	x25,x2,80001864	 x25:0xffffffff  x2:0xfffffff0
        1305000	       129	800018a0	417d5fb3	sra	x31,x26,x23	 x26:0x00000001 x23:0x80009f4c x31=0x00000000
        1315000	       130	800018a4	00300f93	addi	x31,x0,3	  x0:0x00000000 x31=0x00000003
        1325000	       131	800018a8	004c84b3	add	x9,x25,x4	 x25:0xffffffff  x4:0x00000405  x9=0x00000404
        1335000	       132	800018ac	6583e813	ori	x16,x7,1624	  x7:0x00000001 x16=0x00000659
        1345000	       133	800018b0	419b5393	srai	x7,x22,0x19	 x22:0x00000000  x7=0x00000000
        1355000	       134	800018b4	0094e993	ori	x19,x9,9	  x9:0x00000404 x19=0x0000040d
        1365000	       135	800018b8	00c00613	addi	x12,x0,12	  x0:0x00000000 x12=0x0000000c
        1375000	       136	800018bc	b723f393	andi	x7,x7,-1166	  x7:0x00000000  x7=0x00000000
        1385000	       137	800018c0	0150d493	srli	x9,x1,0x15	  x1:0xeee87884  x9=0x00000777
        1395000	       138	800018c4	65d45117	auipc	x2,0x65d45	  x2=0xe5d468c0
        1405000	       139	800018c8	403d0cb3	sub	x25,x26,x3	 x26:0x00000001  x3:0x80009995 x25=0x7fff666c
        1415000	       140	800018cc	003f8f93	addi	x31,x31,3	 x31:0x00000003 x31=0x00000006
        1425000	       141	800018d0	40c05a13	srai	x20,x0,0xc	  x0:0x00000000 x20=0x00000000
        1435000	       142	800018d4	ff600293	addi	x5,x0,-10	  x0:0x00000000  x5=0xfffffff6
        1445000	       143	800018d8	cee2eb13	ori	x22,x5,-786	  x5:0xfffffff6 x22=0xfffffffe
        1455000	       144	800018dc	01400d93	addi	x27,x0,20	  x0:0x00000000 x27=0x00000014
        1465000	       145	800018e0	40b008b3	sub	x17,x0,x11	  x0:0x00000000 x11:0x00000004 x17=0xfffffffc
        1475000	       146	800018e4	000139b3	sltu	x19,x2,x0	  x2:0xe5d468c0  x0:0x00000000 x19=0x00000000
        1485000	       147	800018e8	01a744b3	xor	x9,x14,x26	 x14:0x00000000 x26:0x00000001  x9=0x00000001
        1495000	       148	800018ec	011fc033	xor	x0,x31,x17	 x31:0x00000006 x17:0xfffffffc
        1505000	       149	800018f0	00025833	srl	x16,x4,x0	  x4:0x00000405  x0:0x00000000 x16=0x00000405
        1515000	       150	800018f4	00528293	addi	x5,x5,5	  x5:0xfffffff6  x5=0xfffffffb
        1525000	       151	800018f8	d7d80793	addi	x15,x16,-643	 x16:0x00000405 x15=0x00000182
        1535000	       152	800018fc	0153b833	sltu	x16,x7,x21	  x7:0x00000000 x21:0x80000000 x16=0x00000001
        1545000	       153	80001900	624df213	andi	x4,x27,1572	 x27:0x00000014  x4=0x00000004
        1555000	       154	80001904	ffb284e3	beq	x5,x27,800018ec	  x5:0xfffffffb x27:0x00000014
        1565000	       155	80001908	f33df537	lui	x10,0xf33df	 x10=0xf33df000
        1575000	       156	8000190c	0020f933	and	x18,x1,x2	  x1:0xeee87884  x2:0xe5d468c0 x18=0xe4c06880
        1585000	       157	80001910	008de5b3	or	x11,x27,x8	 x27:0x00000014  x8:0xfa6e2948 x11=0xfa6e295c
        1595000	       158	80001914	0052e593	ori	x11,x5,5	  x5:0xfffffffb x11=0xffffffff
        1605000	       159	80001918	facf96e3	bne	x31,x12,800018c4	 x31:0x00000006 x12:0x0000000c
        1615000	       160	00000000	00000013	addi	x0,x0,0	  x0:0x00000000
        1625000	       161	800018c0	00000013	addi	x0,x0,0	  x0:0x00000000
        1635000	       162	800018c4	65d45117	auipc	x2,0x65d45	  x2=0xe5d468c0
        1645000	       163	800018c8	403d0cb3	sub	x25,x26,x3	 x26:0x00000001  x3:0x80009995 x25=0x7fff666c
        1655000	       164	800018cc	003f8f93	addi	x31,x31,3	 x31:0x00000006 x31=0x00000009
        1665000	       165	800018d0	40c05a13	srai	x20,x0,0xc	  x0:0x00000000 x20=0x00000000
        1675000	       166	800018d4	ff600293	addi	x5,x0,-10	  x0:0x00000000  x5=0xfffffff6
        1685000	       167	800018d8	cee2eb13	ori	x22,x5,-786	  x5:0xfffffff6 x22=0xfffffffe
        1695000	       168	800018dc	01400d93	addi	x27,x0,20	  x0:0x00000000 x27=0x00000014
        1705000	       169	800018e0	40b008b3	sub	x17,x0,x11	  x0:0x00000000 x11:0xffffffff x17=0x00000001
        1715000	       170	800018e4	000139b3	sltu	x19,x2,x0	  x2:0xe5d468c0  x0:0x00000000 x19=0x00000000
        1725000	       171	800018e8	01a744b3	xor	x9,x14,x26	 x14:0x00000000 x26:0x00000001  x9=0x00000001
        1735000	       172	800018ec	011fc033	xor	x0,x31,x17	 x31:0x00000009 x17:0x00000001
        1745000	       173	800018f0	00025833	srl	x16,x4,x0	  x4:0x00000004  x0:0x00000000 x16=0x00000004
        1755000	       174	800018f4	00528293	addi	x5,x5,5	  x5:0xfffffff6  x5=0xfffffffb
        1765000	       175	800018f8	d7d80793	addi	x15,x16,-643	 x16:0x00000004 x15=0xfffffd81
        1775000	       176	800018fc	0153b833	sltu	x16,x7,x21	  x7:0x00000000 x21:0x80000000 x16=0x00000001
        1785000	       177	80001900	624df213	andi	x4,x27,1572	 x27:0x00000014  x4=0x00000004
        1795000	       178	80001904	ffb284e3	beq	x5,x27,800018ec	  x5:0xfffffffb x27:0x00000014
        1805000	       179	80001908	f33df537	lui	x10,0xf33df	 x10=0xf33df000
        1815000	       180	8000190c	0020f933	and	x18,x1,x2	  x1:0xeee87884  x2:0xe5d468c0 x18=0xe4c06880
        1825000	       181	80001910	008de5b3	or	x11,x27,x8	 x27:0x00000014  x8:0xfa6e2948 x11=0xfa6e295c
        1835000	       182	80001914	0052e593	ori	x11,x5,5	  x5:0xfffffffb x11=0xffffffff
        1845000	       183	80001918	facf96e3	bne	x31,x12,800018c4	 x31:0x00000009 x12:0x0000000c
        1855000	       184	00000000	00000013	addi	x0,x0,0	  x0:0x00000000
        1865000	       185	800018c0	00000013	addi	x0,x0,0	  x0:0x00000000
        1875000	       186	800018c4	65d45117	auipc	x2,0x65d45	  x2=0xe5d468c0
        1885000	       187	800018c8	403d0cb3	sub	x25,x26,x3	 x26:0x00000001  x3:0x80009995 x25=0x7fff666c
        1895000	       188	800018cc	003f8f93	addi	x31,x31,3	 x31:0x00000009 x31=0x0000000c
        1905000	       189	800018d0	40c05a13	srai	x20,x0,0xc	  x0:0x00000000 x20=0x00000000
        1915000	       190	800018d4	ff600293	addi	x5,x0,-10	  x0:0x00000000  x5=0xfffffff6
        1925000	       191	800018d8	cee2eb13	ori	x22,x5,-786	  x5:0xfffffff6 x22=0xfffffffe
        1935000	       192	800018dc	01400d93	addi	x27,x0,20	  x0:0x00000000 x27=0x00000014
        1945000	       193	800018e0	40b008b3	sub	x17,x0,x11	  x0:0x00000000 x11:0xffffffff x17=0x00000001
        1955000	       194	800018e4	000139b3	sltu	x19,x2,x0	  x2:0xe5d468c0  x0:0x00000000 x19=0x00000000
        1965000	       195	800018e8	01a744b3	xor	x9,x14,x26	 x14:0x00000000 x26:0x00000001  x9=0x00000001
        1975000	       196	800018ec	011fc033	xor	x0,x31,x17	 x31:0x0000000c x17:0x00000001
        1985000	       197	800018f0	00025833	srl	x16,x4,x0	  x4:0x00000004  x0:0x00000000 x16=0x00000004
        1995000	       198	800018f4	00528293	addi	x5,x5,5	  x5:0xfffffff6  x5=0xfffffffb
        2005000	       199	800018f8	d7d80793	addi	x15,x16,-643	 x16:0x00000004 x15=0xfffffd81
        2015000	       200	800018fc	0153b833	sltu	x16,x7,x21	  x7:0x00000000 x21:0x80000000 x16=0x00000001
        2025000	       201	80001900	624df213	andi	x4,x27,1572	 x27:0x00000014  x4=0x00000004
        2035000	       202	80001904	ffb284e3	beq	x5,x27,800018ec	  x5:0xfffffffb x27:0x00000014
        2045000	       203	80001908	f33df537	lui	x10,0xf33df	 x10=0xf33df000
        2055000	       204	8000190c	0020f933	and	x18,x1,x2	  x1:0xeee87884  x2:0xe5d468c0 x18=0xe4c06880
        2065000	       205	80001910	008de5b3	or	x11,x27,x8	 x27:0x00000014  x8:0xfa6e2948 x11=0xfa6e295c
        2075000	       206	80001914	0052e593	ori	x11,x5,5	  x5:0xfffffffb x11=0xffffffff
        2085000	       207	80001918	facf96e3	bne	x31,x12,800018c4	 x31:0x0000000c x12:0x0000000c
        2095000	       208	8000191c	3debe513	ori	x10,x23,990	 x23:0x80009f4c x10=0x80009fde
        2105000	       209	80001920	ffe00b13	addi	x22,x0,-2	  x0:0x00000000 x22=0xfffffffe
        2115000	       210	80001924	0082d913	srli	x18,x5,0x8	  x5:0xfffffffb x18=0x00ffffff
        2125000	       211	80001928	01000793	addi	x15,x0,16	  x0:0x00000000 x15=0x00000010
        2135000	       212	8000192c	0029d193	srli	x3,x19,0x2	 x19:0x00000000  x3=0x00000000
        2145000	       213	80001930	013bf333	and	x6,x23,x19	 x23:0x80009f4c x19:0x00000000  x6=0x00000000
        2155000	       214	80001934	adfe4937	lui	x18,0xadfe4	 x18=0xadfe4000
        2165000	       215	80001938	003b0b13	addi	x22,x22,3	 x22:0xfffffffe x22=0x00000001
        2175000	       216	8000193c	ff800593	addi	x11,x0,-8	  x0:0x00000000 x11=0xfffffff8
        2185000	       217	80001940	00d00f13	addi	x30,x0,13	  x0:0x00000000 x30=0x0000000d
        2195000	       218	80001944	54de3993	sltiu	x19,x28,1357	 x28:0x53569b96 x19=0x00000000
        2205000	       219	80001948	485a9db7	lui	x27,0x485a9	 x27=0x485a9000
        2215000	       220	8000194c	00858593	addi	x11,x11,8	 x11:0xfffffff8 x11=0x00000000
        2225000	       221	80001950	417bda93	srai	x21,x23,0x17	 x23:0x80009f4c x21=0xffffff00
        2235000	       222	80001954	ffe5cae3	blt	x11,x30,80001948	 x11:0x00000000 x30:0x0000000d
        2245000	       223	00000000	00000013	addi	x0,x0,0	  x0:0x00000000
        2255000	       224	80001944	00000013	addi	x0,x0,0	  x0:0x00000000
        2265000	       225	80001948	485a9db7	lui	x27,0x485a9	 x27=0x485a9000
        2275000	       226	8000194c	00858593	addi	x11,x11,8	 x11:0x00000000 x11=0x00000008
        2285000	       227	80001950	417bda93	srai	x21,x23,0x17	 x23:0x80009f4c x21=0xffffff00
        2295000	       228	80001954	ffe5cae3	blt	x11,x30,80001948	 x11:0x00000008 x30:0x0000000d
        2305000	       229	00000000	00000013	addi	x0,x0,0	  x0:0x00000000
        2315000	       230	80001944	00000013	addi	x0,x0,0	  x0:0x00000000
        2325000	       231	80001948	485a9db7	lui	x27,0x485a9	 x27=0x485a9000
        2335000	       232	8000194c	00858593	addi	x11,x11,8	 x11:0x00000008 x11=0x00000010
        2345000	       233	80001950	417bda93	srai	x21,x23,0x17	 x23:0x80009f4c x21=0xffffff00
        2355000	       234	80001954	ffe5cae3	blt	x11,x30,80001948	 x11:0x00000010 x30:0x0000000d
        2365000	       235	80001958	014792b3	sll	x5,x15,x20	 x15:0x00000010 x20:0x00000000  x5=0x00000010
        2375000	       236	8000195c	00000013	addi	x0,x0,0	  x0:0x00000000
        2385000	       237	80001960	fcfb18e3	bne	x22,x15,80001930	 x22:0x00000001 x15:0x00000010
        2395000	       238	00000000	00000013	addi	x0,x0,0	  x0:0x00000000
        2405000	       239	8000192c	00000013	addi	x0,x0,0	  x0:0x00000000
        2415000	       240	80001930	013bf333	and	x6,x23,x19	 x23:0x80009f4c x19:0x00000000  x6=0x00000000
        2425000	       241	80001934	adfe4937	lui	x18,0xadfe4	 x18=0xadfe4000
        2435000	       242	80001938	003b0b13	addi	x22,x22,3	 x22:0x00000001 x22=0x00000004
        2445000	       243	8000193c	ff800593	addi	x11,x0,-8	  x0:0x00000000 x11=0xfffffff8
        2455000	       244	80001940	00d00f13	addi	x30,x0,13	  x0:0x00000000 x30=0x0000000d
        2465000	       245	80001944	54de3993	sltiu	x19,x28,1357	 x28:0x53569b96 x19=0x00000000
        2475000	       246	80001948	485a9db7	lui	x27,0x485a9	 x27=0x485a9000
        2485000	       247	8000194c	00858593	addi	x11,x11,8	 x11:0xfffffff8 x11=0x00000000
        2495000	       248	80001950	417bda93	srai	x21,x23,0x17	 x23:0x80009f4c x21=0xffffff00
        2505000	       249	80001954	ffe5cae3	blt	x11,x30,80001948	 x11:0x00000000 x30:0x0000000d
        2515000	       250	00000000	00000013	addi	x0,x0,0	  x0:0x00000000
        2525000	       251	80001944	00000013	addi	x0,x0,0	  x0:0x00000000
        2535000	       252	80001948	485a9db7	lui	x27,0x485a9	 x27=0x485a9000
        2545000	       253	8000194c	00858593	addi	x11,x11,8	 x11:0x00000000 x11=0x00000008
        2555000	       254	80001950	417bda93	srai	x21,x23,0x17	 x23:0x80009f4c x21=0xffffff00
        2565000	       255	80001954	ffe5cae3	blt	x11,x30,80001948	 x11:0x00000008 x30:0x0000000d
        2575000	       256	00000000	00000013	addi	x0,x0,0	  x0:0x00000000
        2585000	       257	80001944	00000013	addi	x0,x0,0	  x0:0x00000000
        2595000	       258	80001948	485a9db7	lui	x27,0x485a9	 x27=0x485a9000
        2605000	       259	8000194c	00858593	addi	x11,x11,8	 x11:0x00000008 x11=0x00000010
        2615000	       260	80001950	417bda93	srai	x21,x23,0x17	 x23:0x80009f4c x21=0xffffff00
        2625000	       261	80001954	ffe5cae3	blt	x11,x30,80001948	 x11:0x00000010 x30:0x0000000d
        2635000	       262	80001958	014792b3	sll	x5,x15,x20	 x15:0x00000010 x20:0x00000000  x5=0x00000010
        2645000	       263	8000195c	00000013	addi	x0,x0,0	  x0:0x00000000
        2655000	       264	80001960	fcfb18e3	bne	x22,x15,80001930	 x22:0x00000004 x15:0x00000010
        2665000	       265	00000000	00000013	addi	x0,x0,0	  x0:0x00000000
        2675000	       266	8000192c	00000013	addi	x0,x0,0	  x0:0x00000000
        2685000	       267	80001930	013bf333	and	x6,x23,x19	 x23:0x80009f4c x19:0x00000000  x6=0x00000000
        2695000	       268	80001934	adfe4937	lui	x18,0xadfe4	 x18=0xadfe4000
        2705000	       269	80001938	003b0b13	addi	x22,x22,3	 x22:0x00000004 x22=0x00000007
        2715000	       270	8000193c	ff800593	addi	x11,x0,-8	  x0:0x00000000 x11=0xfffffff8
        2725000	       271	80001940	00d00f13	addi	x30,x0,13	  x0:0x00000000 x30=0x0000000d
        2735000	       272	80001944	54de3993	sltiu	x19,x28,1357	 x28:0x53569b96 x19=0x00000000
        2745000	       273	80001948	485a9db7	lui	x27,0x485a9	 x27=0x485a9000
        2755000	       274	8000194c	00858593	addi	x11,x11,8	 x11:0xfffffff8 x11=0x00000000
        2765000	       275	80001950	417bda93	srai	x21,x23,0x17	 x23:0x80009f4c x21=0xffffff00
        2775000	       276	80001954	ffe5cae3	blt	x11,x30,80001948	 x11:0x00000000 x30:0x0000000d
        2785000	       277	00000000	00000013	addi	x0,x0,0	  x0:0x00000000
        2795000	       278	80001944	00000013	addi	x0,x0,0	  x0:0x00000000
        2805000	       279	80001948	485a9db7	lui	x27,0x485a9	 x27=0x485a9000
        2815000	       280	8000194c	00858593	addi	x11,x11,8	 x11:0x00000000 x11=0x00000008
        2825000	       281	80001950	417bda93	srai	x21,x23,0x17	 x23:0x80009f4c x21=0xffffff00
        2835000	       282	80001954	ffe5cae3	blt	x11,x30,80001948	 x11:0x00000008 x30:0x0000000d
        2845000	       283	00000000	00000013	addi	x0,x0,0	  x0:0x00000000
        2855000	       284	80001944	00000013	addi	x0,x0,0	  x0:0x00000000
        2865000	       285	80001948	485a9db7	lui	x27,0x485a9	 x27=0x485a9000
        2875000	       286	8000194c	00858593	addi	x11,x11,8	 x11:0x00000008 x11=0x00000010
        2885000	       287	80001950	417bda93	srai	x21,x23,0x17	 x23:0x80009f4c x21=0xffffff00
        2895000	       288	80001954	ffe5cae3	blt	x11,x30,80001948	 x11:0x00000010 x30:0x0000000d
        2905000	       289	80001958	014792b3	sll	x5,x15,x20	 x15:0x00000010 x20:0x00000000  x5=0x00000010
        2915000	       290	8000195c	00000013	addi	x0,x0,0	  x0:0x00000000
        2925000	       291	80001960	fcfb18e3	bne	x22,x15,80001930	 x22:0x00000007 x15:0x00000010
        2935000	       292	00000000	00000013	addi	x0,x0,0	  x0:0x00000000
        2945000	       293	8000192c	00000013	addi	x0,x0,0	  x0:0x00000000
        2955000	       294	80001930	013bf333	and	x6,x23,x19	 x23:0x80009f4c x19:0x00000000  x6=0x00000000
        2965000	       295	80001934	adfe4937	lui	x18,0xadfe4	 x18=0xadfe4000
        2975000	       296	80001938	003b0b13	addi	x22,x22,3	 x22:0x00000007 x22=0x0000000a
        2985000	       297	8000193c	ff800593	addi	x11,x0,-8	  x0:0x00000000 x11=0xfffffff8
        2995000	       298	80001940	00d00f13	addi	x30,x0,13	  x0:0x00000000 x30=0x0000000d
        3005000	       299	80001944	54de3993	sltiu	x19,x28,1357	 x28:0x53569b96 x19=0x00000000
        3015000	       300	80001948	485a9db7	lui	x27,0x485a9	 x27=0x485a9000
        3025000	       301	8000194c	00858593	addi	x11,x11,8	 x11:0xfffffff8 x11=0x00000000
        3035000	       302	80001950	417bda93	srai	x21,x23,0x17	 x23:0x80009f4c x21=0xffffff00
        3045000	       303	80001954	ffe5cae3	blt	x11,x30,80001948	 x11:0x00000000 x30:0x0000000d
        3055000	       304	00000000	00000013	addi	x0,x0,0	  x0:0x00000000
        3065000	       305	80001944	00000013	addi	x0,x0,0	  x0:0x00000000
        3075000	       306	80001948	485a9db7	lui	x27,0x485a9	 x27=0x485a9000
        3085000	       307	8000194c	00858593	addi	x11,x11,8	 x11:0x00000000 x11=0x00000008
        3095000	       308	80001950	417bda93	srai	x21,x23,0x17	 x23:0x80009f4c x21=0xffffff00
        3105000	       309	80001954	ffe5cae3	blt	x11,x30,80001948	 x11:0x00000008 x30:0x0000000d
        3115000	       310	00000000	00000013	addi	x0,x0,0	  x0:0x00000000
        3125000	       311	80001944	00000013	addi	x0,x0,0	  x0:0x00000000
        3135000	       312	80001948	485a9db7	lui	x27,0x485a9	 x27=0x485a9000
        3145000	       313	8000194c	00858593	addi	x11,x11,8	 x11:0x00000008 x11=0x00000010
        3155000	       314	80001950	417bda93	srai	x21,x23,0x17	 x23:0x80009f4c x21=0xffffff00
        3165000	       315	80001954	ffe5cae3	blt	x11,x30,80001948	 x11:0x00000010 x30:0x0000000d
        3175000	       316	80001958	014792b3	sll	x5,x15,x20	 x15:0x00000010 x20:0x00000000  x5=0x00000010
        3185000	       317	8000195c	00000013	addi	x0,x0,0	  x0:0x00000000
        3195000	       318	80001960	fcfb18e3	bne	x22,x15,80001930	 x22:0x0000000a x15:0x00000010
        3205000	       319	00000000	00000013	addi	x0,x0,0	  x0:0x00000000
        3215000	       320	8000192c	00000013	addi	x0,x0,0	  x0:0x00000000
        3225000	       321	80001930	013bf333	and	x6,x23,x19	 x23:0x80009f4c x19:0x00000000  x6=0x00000000
        3235000	       322	80001934	adfe4937	lui	x18,0xadfe4	 x18=0xadfe4000
        3245000	       323	80001938	003b0b13	addi	x22,x22,3	 x22:0x0000000a x22=0x0000000d
        3255000	       324	8000193c	ff800593	addi	x11,x0,-8	  x0:0x00000000 x11=0xfffffff8
        3265000	       325	80001940	00d00f13	addi	x30,x0,13	  x0:0x00000000 x30=0x0000000d
        3275000	       326	80001944	54de3993	sltiu	x19,x28,1357	 x28:0x53569b96 x19=0x00000000
        3285000	       327	80001948	485a9db7	lui	x27,0x485a9	 x27=0x485a9000
        3295000	       328	8000194c	00858593	addi	x11,x11,8	 x11:0xfffffff8 x11=0x00000000
        3305000	       329	80001950	417bda93	srai	x21,x23,0x17	 x23:0x80009f4c x21=0xffffff00
        3315000	       330	80001954	ffe5cae3	blt	x11,x30,80001948	 x11:0x00000000 x30:0x0000000d
        3325000	       331	00000000	00000013	addi	x0,x0,0	  x0:0x00000000
        3335000	       332	80001944	00000013	addi	x0,x0,0	  x0:0x00000000
        3345000	       333	80001948	485a9db7	lui	x27,0x485a9	 x27=0x485a9000
        3355000	       334	8000194c	00858593	addi	x11,x11,8	 x11:0x00000000 x11=0x00000008
        3365000	       335	80001950	417bda93	srai	x21,x23,0x17	 x23:0x80009f4c x21=0xffffff00
        3375000	       336	80001954	ffe5cae3	blt	x11,x30,80001948	 x11:0x00000008 x30:0x0000000d
        3385000	       337	00000000	00000013	addi	x0,x0,0	  x0:0x00000000
        3395000	       338	80001944	00000013	addi	x0,x0,0	  x0:0x00000000
        3405000	       339	80001948	485a9db7	lui	x27,0x485a9	 x27=0x485a9000
        3415000	       340	8000194c	00858593	addi	x11,x11,8	 x11:0x00000008 x11=0x00000010
        3425000	       341	80001950	417bda93	srai	x21,x23,0x17	 x23:0x80009f4c x21=0xffffff00
        3435000	       342	80001954	ffe5cae3	blt	x11,x30,80001948	 x11:0x00000010 x30:0x0000000d
        3445000	       343	80001958	014792b3	sll	x5,x15,x20	 x15:0x00000010 x20:0x00000000  x5=0x00000010
        3455000	       344	8000195c	00000013	addi	x0,x0,0	  x0:0x00000000
        3465000	       345	80001960	fcfb18e3	bne	x22,x15,80001930	 x22:0x0000000d x15:0x00000010
        3475000	       346	00000000	00000013	addi	x0,x0,0	  x0:0x00000000
        3485000	       347	8000192c	00000013	addi	x0,x0,0	  x0:0x00000000
        3495000	       348	80001930	013bf333	and	x6,x23,x19	 x23:0x80009f4c x19:0x00000000  x6=0x00000000
        3505000	       349	80001934	adfe4937	lui	x18,0xadfe4	 x18=0xadfe4000
        3515000	       350	80001938	003b0b13	addi	x22,x22,3	 x22:0x0000000d x22=0x00000010
        3525000	       351	8000193c	ff800593	addi	x11,x0,-8	  x0:0x00000000 x11=0xfffffff8
        3535000	       352	80001940	00d00f13	addi	x30,x0,13	  x0:0x00000000 x30=0x0000000d
        3545000	       353	80001944	54de3993	sltiu	x19,x28,1357	 x28:0x53569b96 x19=0x00000000
        3555000	       354	80001948	485a9db7	lui	x27,0x485a9	 x27=0x485a9000
        3565000	       355	8000194c	00858593	addi	x11,x11,8	 x11:0xfffffff8 x11=0x00000000
        3575000	       356	80001950	417bda93	srai	x21,x23,0x17	 x23:0x80009f4c x21=0xffffff00
        3585000	       357	80001954	ffe5cae3	blt	x11,x30,80001948	 x11:0x00000000 x30:0x0000000d
        3595000	       358	00000000	00000013	addi	x0,x0,0	  x0:0x00000000
        3605000	       359	80001944	00000013	addi	x0,x0,0	  x0:0x00000000
        3615000	       360	80001948	485a9db7	lui	x27,0x485a9	 x27=0x485a9000
        3625000	       361	8000194c	00858593	addi	x11,x11,8	 x11:0x00000000 x11=0x00000008
        3635000	       362	80001950	417bda93	srai	x21,x23,0x17	 x23:0x80009f4c x21=0xffffff00
        3645000	       363	80001954	ffe5cae3	blt	x11,x30,80001948	 x11:0x00000008 x30:0x0000000d
        3655000	       364	00000000	00000013	addi	x0,x0,0	  x0:0x00000000
        3665000	       365	80001944	00000013	addi	x0,x0,0	  x0:0x00000000
        3675000	       366	80001948	485a9db7	lui	x27,0x485a9	 x27=0x485a9000
        3685000	       367	8000194c	00858593	addi	x11,x11,8	 x11:0x00000008 x11=0x00000010
        3695000	       368	80001950	417bda93	srai	x21,x23,0x17	 x23:0x80009f4c x21=0xffffff00
        3705000	       369	80001954	ffe5cae3	blt	x11,x30,80001948	 x11:0x00000010 x30:0x0000000d
        3715000	       370	80001958	014792b3	sll	x5,x15,x20	 x15:0x00000010 x20:0x00000000  x5=0x00000010
        3725000	       371	8000195c	00000013	addi	x0,x0,0	  x0:0x00000000
        3735000	       372	80001960	fcfb18e3	bne	x22,x15,80001930	 x22:0x00000010 x15:0x00000010
        3745000	       373	80001964	01618cb3	add	x25,x3,x22	  x3:0x00000000 x22:0x00000010 x25=0x00000010
        3755000	       374	80001968	0154f633	and	x12,x9,x21	  x9:0x00000001 x21:0xffffff00 x12=0x00000000
        3765000	       375	8000196c	0172b9b3	sltu	x19,x5,x23	  x5:0x00000010 x23:0x80009f4c x19=0x00000001
        3775000	       376	80001970	00e19b13	slli	x22,x3,0xe	  x3:0x00000000 x22=0x00000000
        3785000	       377	80001974	005b6463	bltu	x22,x5,8000197c	 x22:0x00000000  x5:0x00000010
        3795000	       378	00000000	00000013	addi	x0,x0,0	  x0:0x00000000
        3805000	       379	80001978	00000013	addi	x0,x0,0	  x0:0x00000000
        3815000	       380	8000197c	00bd3933	sltu	x18,x26,x11	 x26:0x00000001 x11:0x00000010 x18=0x00000001
        3825000	       381	80001980	0d7a3a93	sltiu	x21,x20,215	 x20:0x00000000 x21=0x00000001
        3835000	       382	80001984	013525b3	slt	x11,x10,x19	 x10:0x80009fde x19:0x00000001 x11=0x00000001
        3845000	       383	80001988	41a281b3	sub	x3,x5,x26	  x5:0x00000010 x26:0x00000001  x3=0x0000000f
        3855000	       384	8000198c	415352b3	sra	x5,x6,x21	  x6:0x00000000 x21:0x00000001  x5=0x00000000
        3865000	       385	80001990	ba285997	auipc	x19,0xba285	 x19=0x3a28698c
        3875000	       386	80001994	01873fb3	sltu	x31,x14,x24	 x14:0x00000000 x24:0x80009fc4 x31=0x00000001
        3885000	       387	80001998	00115633	srl	x12,x2,x1	  x2:0xe5d468c0  x1:0xeee87884 x12=0x0e5d468c
        3895000	       388	8000199c	03f25e63	bge	x4,x31,800019d8	  x4:0x00000004 x31:0x00000001
        3905000	       389	00000000	00000013	addi	x0,x0,0	  x0:0x00000000
        3915000	       390	800019d4	00000013	addi	x0,x0,0	  x0:0x00000000
        3925000	       391	800019d8	ee438493	addi	x9,x7,-284	  x7:0x00000000  x9=0xfffffee4
        3935000	       392	800019dc	00d18e63	beq	x3,x13,800019f8	  x3:0x0000000f x13:0x0000000f
        3945000	       393	00000000	00000013	addi	x0,x0,0	  x0:0x00000000
        3955000	       394	800019f4	00000013	addi	x0,x0,0	  x0:0x00000000
        3965000	       395	800019f8	01075e63	bge	x14,x16,80001a14	 x14:0x00000000 x16:0x00000001
        3975000	       396	800019fc	01f9e663	bltu	x19,x31,80001a08	 x19:0x3a28698c x31:0x00000001
        3985000	       397	80001a00	014d9533	sll	x10,x27,x20	 x27:0x485a9000 x20:0x00000000 x10=0x485a9000
        3995000	       398	80001a04	010939b3	sltu	x19,x18,x16	 x18:0x00000001 x16:0x00000001 x19=0x00000000
        4005000	       399	80001a08	9bd40893	addi	x17,x8,-1603	  x8:0xfa6e2948 x17=0xfa6e2305
        4015000	       400	80001a0c	0049cf33	xor	x30,x19,x4	 x19:0x00000000  x4:0x00000004 x30=0x00000004
        4025000	       401	80001a10	1df43917	auipc	x18,0x1df43	 x18=0x9df44a0c
        4035000	       402	80001a14	402ad593	srai	x11,x21,0x2	 x21:0x00000001 x11=0x00000000
        4045000	       403	80001a18	00d787b3	add	x15,x15,x13	 x15:0x00000010 x13:0x0000000f x15=0x0000001f
        4055000	       404	80001a1c	01cbd393	srli	x7,x23,0x1c	 x23:0x80009f4c  x7=0x00000008
        4065000	       405	80001a20	015721b3	slt	x3,x14,x21	 x14:0x00000000 x21:0x00000001  x3=0x00000001
        4075000	       406	80001a24	5a282c93	slti	x25,x16,1442	 x16:0x00000001 x25=0x00000001
        4085000	       407	80001a28	7a056693	ori	x13,x10,1952	 x10:0x485a9000 x13=0x485a97a0
        4095000	       408	80001a2c	0138d433	srl	x8,x17,x19	 x17:0xfa6e2305 x19:0x00000000  x8=0xfa6e2305
        4105000	       409	80001a30	020e1c63	bne	x28,x0,80001a68	 x28:0x53569b96  x0:0x00000000
        4115000	       410	00000000	00000013	addi	x0,x0,0	  x0:0x00000000
        4125000	       411	80001a64	00000013	addi	x0,x0,0	  x0:0x00000000
        4135000	       412	80001a68	414e5213	srai	x4,x28,0x14	 x28:0x53569b96  x4=0x00000535
        4145000	       413	80001a6c	027c6463	bltu	x24,x7,80001a94	 x24:0x80009fc4  x7:0x00000008
        4155000	       414	80001a70	77447e93	andi	x29,x8,1908	  x8:0xfa6e2305 x29=0x00000304
        4165000	       415	80001a74	04bd8663	beq	x27,x11,80001ac0	 x27:0x485a9000 x11:0x00000000
        4175000	       416	80001a78	01f1d2b3	srl	x5,x3,x31	  x3:0x00000001 x31:0x00000001  x5=0x00000000
        4185000	       417	80001a7c	026cee63	bltu	x25,x6,80001ab8	 x25:0x00000001  x6:0x00000000
        4195000	       418	80001a80	00000013	addi	x0,x0,0	  x0:0x00000000
        4205000	       419	80001a84	01913133	sltu	x2,x2,x25	  x2:0xe5d468c0 x25:0x00000001  x2=0x00000000
        4215000	       420	80001a88	01c5d913	srli	x18,x11,0x1c	 x11:0x00000000 x18=0x00000000
        4225000	       421	80001a8c	13497793	andi	x15,x18,308	 x18:0x00000000 x15=0x00000000
        4235000	       422	80001a90	e49dc613	xori	x12,x27,-439	 x27:0x485a9000 x12=0xb7a56e49
        4245000	       423	80001a94	41a68433	sub	x8,x13,x26	 x13:0x485a97a0 x26:0x00000001  x8=0x485a979f
        4255000	       424	80001a98	01bd0533	add	x10,x26,x27	 x26:0x00000001 x27:0x485a9000 x10=0x485a9001
        4265000	       425	80001a9c	8e314813	xori	x16,x2,-1821	  x2:0x00000000 x16=0xfffff8e3
        4275000	       426	80001aa0	03439663	bne	x7,x20,80001acc	  x7:0x00000008 x20:0x00000000
        4285000	       427	00000000	00000013	addi	x0,x0,0	  x0:0x00000000
        4295000	       428	80001ac8	00000013	addi	x0,x0,0	  x0:0x00000000
        4305000	       429	80001acc	02cf5063	bge	x30,x12,80001aec	 x30:0x00000004 x12:0xb7a56e49
        4315000	       430	00000000	00000013	addi	x0,x0,0	  x0:0x00000000
        4325000	       431	80001ae8	00000013	addi	x0,x0,0	  x0:0x00000000
        4335000	       432	80001aec	0125aeb3	slt	x29,x11,x18	 x11:0x00000000 x18:0x00000000 x29=0x00000000
        4345000	       433	80001af0	01b790b3	sll	x1,x15,x27	 x15:0x00000000 x27:0x485a9000  x1=0x00000000
        4355000	       434	80001af4	03f4cc63	blt	x9,x31,80001b2c	  x9:0xfffffee4 x31:0x00000001
        4365000	       435	00000000	00000013	addi	x0,x0,0	  x0:0x00000000
        4375000	       436	80001b28	00000013	addi	x0,x0,0	  x0:0x00000000
        4385000	       437	80001b2c	00000013	addi	x0,x0,0	  x0:0x00000000
        4395000	       438	80001b30	03030863	beq	x6,x16,80001b60	  x6:0x00000000 x16:0xfffff8e3
        4405000	       439	80001b34	e1a20e13	addi	x28,x4,-486	  x4:0x00000535 x28=0x0000034f
        4415000	       440	80001b38	04859663	bne	x11,x8,80001b84	 x11:0x00000000  x8:0x485a979f
        4425000	       441	00000000	00000013	addi	x0,x0,0	  x0:0x00000000
        4435000	       442	80001b80	00000013	addi	x0,x0,0	  x0:0x00000000
        4445000	       443	80001b84	1c89feb7	lui	x29,0x1c89f	 x29=0x1c89f000
        4455000	       444	80001b88	40bfd333	sra	x6,x31,x11	 x31:0x00000001 x11:0x00000000  x6=0x00000001
        4465000	       445	80001b8c	01b276b3	and	x13,x4,x27	  x4:0x00000535 x27:0x485a9000 x13=0x00000000
        4475000	       446	80001b90	01851033	sll	x0,x10,x24	 x10:0x485a9001 x24:0x80009fc4
        4485000	       447	80001b94	005aea63	bltu	x21,x5,80001ba8	 x21:0x00000001  x5:0x00000000
        4495000	       448	80001b98	00915e93	srli	x29,x2,0x9	  x2:0x00000000 x29=0x00000000
        4505000	       449	80001b9c	ddae43b7	lui	x7,0xddae4	  x7=0xddae4000
        4515000	       450	80001ba0	00d89f13	slli	x30,x17,0xd	 x17:0xfa6e2305 x30=0xc460a000
        4525000	       451	80001ba4	01dcd663	bge	x25,x29,80001bb0	 x25:0x00000001 x29:0x00000000
        4535000	       452	00000000	00000013	addi	x0,x0,0	  x0:0x00000000
        4545000	       453	80001bac	00000013	addi	x0,x0,0	  x0:0x00000000
        4555000	       454	80001bb0	000c5263	bge	x24,x0,80001bb4	 x24:0x80009fc4  x0:0x00000000
        4565000	       455	80001bb4	00000013	addi	x0,x0,0	  x0:0x00000000
        4575000	       456	80001bb8	95c97297	auipc	x5,0x95c97	  x5=0x15c98bb4
        4585000	       457	80001bbc	465a0593	addi	x11,x20,1125	 x20:0x00000000 x11=0x00000465
        4595000	       458	80001bc0	00e20933	add	x18,x4,x14	  x4:0x00000535 x14:0x00000000 x18=0x00000535
        4605000	       459	80001bc4	2f8c8f13	addi	x30,x25,760	 x25:0x00000001 x30=0x000002f9
        4615000	       460	80001bc8	eb4486b7	lui	x13,0xeb448	 x13=0xeb448000
        4625000	       461	80001bcc	002e8c63	beq	x29,x2,80001be4	 x29:0x00000000  x2:0x00000000
        4635000	       462	00000000	00000013	addi	x0,x0,0	  x0:0x00000000
        4645000	       463	80001be0	00000013	addi	x0,x0,0	  x0:0x00000000
        4655000	       464	80001be4	0cb26063	bltu	x4,x11,80001ca4	  x4:0x00000535 x11:0x00000465
        4665000	       465	80001be8	01e42e33	slt	x28,x8,x30	  x8:0x485a979f x30:0x000002f9 x28=0x00000000
        4675000	       466	80001bec	9bb54f93	xori	x31,x10,-1605	 x10:0x485a9001 x31=0xb7a569ba
        4685000	       467	80001bf0	eb5ca613	slti	x12,x25,-331	 x25:0x00000001 x12=0x00000000
        4695000	       468	80001bf4	0ce20063	beq	x4,x14,80001cb4	  x4:0x00000535 x14:0x00000000
        4705000	       469	80001bf8	70b7fa93	andi	x21,x15,1803	 x15:0x00000000 x21=0x00000000
        4715000	       470	80001bfc	89f08a13	addi	x20,x1,-1889	  x1:0x00000000 x20=0xfffff89f
        4725000	       471	80001c00	0a46e863	bltu	x13,x4,80001cb0	 x13:0xeb448000  x4:0x00000535
        4735000	       472	80001c04	013fd3b3	srl	x7,x31,x19	 x31:0xb7a569ba x19:0x00000000  x7=0xb7a569ba
        4745000	       473	80001c08	bfdb8913	addi	x18,x23,-1027	 x23:0x80009f4c x18=0x80009b49
        4755000	       474	80001c0c	41e4d5b3	sra	x11,x9,x30	  x9:0xfffffee4 x30:0x000002f9 x11=0xffffffff
        4765000	       475	80001c10	09a81e63	bne	x16,x26,80001cac	 x16:0xfffff8e3 x26:0x00000001
        4775000	       476	00000000	00000013	addi	x0,x0,0	  x0:0x00000000
        4785000	       477	80001ca8	00000013	addi	x0,x0,0	  x0:0x00000000
        4795000	       478	80001cac	01d7dd33	srl	x26,x15,x29	 x15:0x00000000 x29:0x00000000 x26=0x00000000
        4805000	       479	80001cb0	28654313	xori	x6,x10,646	 x10:0x485a9001  x6=0x485a9287
        4815000	       480	80001cb4	02fc4063	blt	x24,x15,80001cd4	 x24:0x80009fc4 x15:0x00000000
        4825000	       481	00000000	00000013	addi	x0,x0,0	  x0:0x00000000
        4835000	       482	80001cd0	00000013	addi	x0,x0,0	  x0:0x00000000
        4845000	       483	80001cd4	d664cd93	xori	x27,x9,-666	  x9:0xfffffee4 x27=0x00000382
        4855000	       484	80001cd8	e7b4a393	slti	x7,x9,-389	  x9:0xfffffee4  x7=0x00000000
        4865000	       485	80001cdc	05134863	blt	x6,x17,80001d2c	  x6:0x485a9287 x17:0xfa6e2305
        4875000	       486	80001ce0	010522b3	slt	x5,x10,x16	 x10:0x485a9001 x16:0xfffff8e3  x5=0x00000000
        4885000	       487	80001ce4	4fd70a13	addi	x20,x14,1277	 x14:0x00000000 x20=0x000004fd
        4895000	       488	80001ce8	0020da63	bge	x1,x2,80001cfc	  x1:0x00000000  x2:0x00000000
        4905000	       489	00000000	00000013	addi	x0,x0,0	  x0:0x00000000
        4915000	       490	80001cf8	00000013	addi	x0,x0,0	  x0:0x00000000
        4925000	       491	80001cfc	009cc4b3	xor	x9,x25,x9	 x25:0x00000001  x9:0xfffffee4  x9=0xfffffee5
        4935000	       492	80001d00	00168933	add	x18,x13,x1	 x13:0xeb448000  x1:0x00000000 x18=0xeb448000
        4945000	       493	80001d04	010cf6b3	and	x13,x25,x16	 x25:0x00000001 x16:0xfffff8e3 x13=0x00000001
        4955000	       494	80001d08	0379f937	lui	x18,0x379f	 x18=0x0379f000
        4965000	       495	80001d0c	00261233	sll	x4,x12,x2	 x12:0x00000000  x2:0x00000000  x4=0x00000000
        4975000	       496	80001d10	01d35693	srli	x13,x6,0x1d	  x6:0x485a9287 x13=0x00000002
        4985000	       497	80001d14	03914663	blt	x2,x25,80001d40	  x2:0x00000000 x25:0x00000001
        4995000	       498	00000000	00000013	addi	x0,x0,0	  x0:0x00000000
        5005000	       499	80001d3c	00000013	addi	x0,x0,0	  x0:0x00000000
        5015000	       500	80001d40	4017ddb3	sra	x27,x15,x1	 x15:0x00000000  x1:0x00000000 x27=0x00000000
        5025000	       501	80001d44	01723a33	sltu	x20,x4,x23	  x4:0x00000000 x23:0x80009f4c x20=0x00000001
        5035000	       502	80001d48	00b1de33	srl	x28,x3,x11	  x3:0x00000001 x11:0xffffffff x28=0x00000000
        5045000	       503	80001d4c	016b8e63	beq	x23,x22,80001d68	 x23:0x80009f4c x22:0x00000000
        5055000	       504	80001d50	401b84b3	sub	x9,x23,x1	 x23:0x80009f4c  x1:0x00000000  x9=0x80009f4c
        5065000	       505	80001d54	035f8c63	beq	x31,x21,80001d8c	 x31:0xb7a569ba x21:0x00000000
        5075000	       506	80001d58	e923e793	ori	x15,x7,-366	  x7:0x00000000 x15=0xfffffe92
        5085000	       507	80001d5c	7532a493	slti	x9,x5,1875	  x5:0x00000000  x9=0x00000001
        5095000	       508	80001d60	00f94863	blt	x18,x15,80001d70	 x18:0x0379f000 x15:0xfffffe92
        5105000	       509	80001d64	01dffe33	and	x28,x31,x29	 x31:0xb7a569ba x29:0x00000000 x28=0x00000000
        5115000	       510	80001d68	e59c8d37	lui	x26,0xe59c8	 x26=0xe59c8000
        5125000	       511	80001d6c	f19d7e13	andi	x28,x26,-231	 x26:0xe59c8000 x28=0xe59c8000
        5135000	       512	80001d70	0074c833	xor	x16,x9,x7	  x9:0x00000001  x7:0x00000000 x16=0x00000001
        5145000	       513	80001d74	41fbd293	srai	x5,x23,0x1f	 x23:0x80009f4c  x5=0xffffffff
        5155000	       514	80001d78	c2056e97	auipc	x29,0xc2056	 x29=0x42057d74
        5165000	       515	80001d7c	0074d113	srli	x2,x9,0x7	  x9:0x00000001  x2=0x00000000
        5175000	       516	80001d80	01025793	srli	x15,x4,0x10	  x4:0x00000000 x15=0x00000000
        5185000	       517	80001d84	00000013	addi	x0,x0,0	  x0:0x00000000
        5195000	       518	80001d88	014d4663	blt	x26,x20,80001d94	 x26:0xe59c8000 x20:0x00000001
        5205000	       519	00000000	00000013	addi	x0,x0,0	  x0:0x00000000
        5215000	       520	80001d90	00000013	addi	x0,x0,0	  x0:0x00000000
        5225000	       521	80001d94	20d8fb13	andi	x22,x17,525	 x17:0xfa6e2305 x22=0x00000205
        5235000	       522	80001d98	034ff063	bgeu	x31,x20,80001db8	 x31:0xb7a569ba x20:0x00000001
        5245000	       523	00000000	00000013	addi	x0,x0,0	  x0:0x00000000
        5255000	       524	80001db4	00000013	addi	x0,x0,0	  x0:0x00000000
        5265000	       525	80001db8	00d31a33	sll	x20,x6,x13	  x6:0x485a9287 x13:0x00000002 x20=0x216a4a1c
        5275000	       526	80001dbc	01ea4433	xor	x8,x20,x30	 x20:0x216a4a1c x30:0x000002f9  x8=0x216a48e5
        5285000	       527	80001dc0	41c5d813	srai	x16,x11,0x1c	 x11:0xffffffff x16=0xffffffff
        5295000	       528	80001dc4	00096133	or	x2,x18,x0	 x18:0x0379f000  x0:0x00000000  x2=0x0379f000
        5305000	       529	80001dc8	503ce937	lui	x18,0x503ce	 x18=0x503ce000
        5315000	       530	80001dcc	04609663	bne	x1,x6,80001e18	  x1:0x00000000  x6:0x485a9287
        5325000	       531	00000000	00000013	addi	x0,x0,0	  x0:0x00000000
        5335000	       532	80001e14	00000013	addi	x0,x0,0	  x0:0x00000000
        5345000	       533	80001e18	e3568a93	addi	x21,x13,-459	 x13:0x00000002 x21=0xfffffe37
        5355000	       534	80001e1c	8519c097	auipc	x1,0x8519c	  x1=0x0519de18
        5365000	       535	80001e20	402d82b3	sub	x5,x27,x2	 x27:0x00000000  x2:0x0379f000  x5=0xfc861000
        5375000	       536	80001e24	40315893	srai	x17,x2,0x3	  x2:0x0379f000 x17=0x006f3e00
        5385000	       537	80001e28	016c75b3	and	x11,x24,x22	 x24:0x80009fc4 x22:0x00000205 x11=0x00000204
        5395000	       538	80001e2c	01a6e663	bltu	x13,x26,80001e38	 x13:0x00000002 x26:0xe59c8000
        5405000	       539	00000000	00000013	addi	x0,x0,0	  x0:0x00000000
        5415000	       540	80001e34	00000013	addi	x0,x0,0	  x0:0x00000000
        5425000	       541	80001e38	00000013	addi	x0,x0,0	  x0:0x00000000
        5435000	       542	80001e3c	0090d833	srl	x16,x1,x9	  x1:0x0519de18  x9:0x00000001 x16=0x028cef0c
        5445000	       543	80001e40	24c57b13	andi	x22,x10,588	 x10:0x485a9001 x22=0x00000000
        5455000	       544	80001e44	01fe3d33	sltu	x26,x28,x31	 x28:0xe59c8000 x31:0xb7a569ba x26=0x00000000
        5465000	       545	80001e48	95dfe213	ori	x4,x31,-1699	 x31:0xb7a569ba  x4=0xfffff9ff
        5475000	       546	80001e4c	40e05133	sra	x2,x0,x14	  x0:0x00000000 x14:0x00000000  x2=0x00000000
        5485000	       547	80001e50	4011de33	sra	x28,x3,x1	  x3:0x00000001  x1:0x0519de18 x28=0x00000000
        5495000	       548	80001e54	05675663	bge	x14,x22,80001ea0	 x14:0x00000000 x22:0x00000000
        5505000	       549	00000000	00000013	addi	x0,x0,0	  x0:0x00000000
        5515000	       550	80001e9c	00000013	addi	x0,x0,0	  x0:0x00000000
        5525000	       551	80001ea0	01a99913	slli	x18,x19,0x1a	 x19:0x00000000 x18=0x00000000
        5535000	       552	80001ea4	66827093	andi	x1,x4,1640	  x4:0xfffff9ff  x1=0x00000068
        5545000	       553	80001ea8	56586093	ori	x1,x16,1381	 x16:0x028cef0c  x1=0x028cef6d
        5555000	       554	80001eac	b3938137	lui	x2,0xb3938	  x2=0xb3938000
        5565000	       555	80001eb0	00fd92b3	sll	x5,x27,x15	 x27:0x00000000 x15:0x00000000  x5=0x00000000
        5575000	       556	80001eb4	004ba083	lw	x1,4(x23)	 x23:0x80009f4c  x1=0x80000144 PA:0x80009f50
        5585000	       557	80001eb8	4f16ef13	ori	x30,x13,1265	 x13:0x00000002 x30=0x000004f3
        5595000	       558	80001ebc	4835cf13	xori	x30,x11,1155	 x11:0x00000204 x30=0x00000687
        5605000	       559	80001ec0	413087b3	sub	x15,x1,x19	  x1:0x80000144 x19:0x00000000 x15=0x80000144
        5615000	       560	80001ec4	acc96013	ori	x0,x18,-1332	 x18:0x00000000
        5625000	       561	80001ec8	005363b3	or	x7,x6,x5	  x6:0x485a9287  x5:0x00000000  x7=0x485a9287
        5635000	       562	80001ecc	00499313	slli	x6,x19,0x4	 x19:0x00000000  x6=0x00000000
        5645000	       563	80001ed0	038b8b93	addi	x23,x23,56	 x23:0x80009f4c x23=0x80009f84
        5655000	       564	80001ed4	01d3e033	or	x0,x7,x29	  x7:0x485a9287 x29:0x42057d74
        5665000	       565	80001ed8	00108c93	addi	x25,x1,1	  x1:0x80000144 x25=0x80000145
        5675000	       566	80001edc	000c8ce7	jalr	x25,x25,0	 x25:0x80000145 x25=0x80001edc
        5685000	       567	00000000	00000013	addi	x0,x0,0	  x0:0x00000000
        5695000	       568	80000144	00000013	addi	x0,x0,0	  x0:0x00000000
        5705000	       569	80000148	404fd093	srai	x1,x31,0x4	 x31:0xb7a569ba  x1=0xfb7a569b
        5715000	       570	8000014c	b7be4493	xori	x9,x28,-1157	 x28:0x00000000  x9=0xfffffb7b
        5725000	       571	80000150	409e5d33	sra	x26,x28,x9	 x28:0x00000000  x9:0xfffffb7b x26=0x00000000
        5735000	       572	80000154	00001c97	auipc	x25,0x1	 x25=0x80001150
        5745000	       573	80000158	164c8c93	addi	x25,x25,356	 x25:0x80001150 x25=0x800012b4
        5755000	       574	8000015c	f0243393	sltiu	x7,x8,-254	  x8:0x216a48e5  x7=0x00000001
        5765000	       575	80000160	d6ec8c93	addi	x25,x25,-658	 x25:0x800012b4 x25=0x80001022
        5775000	       576	80000164	b8f2ef13	ori	x30,x5,-1137	  x5:0x00000000 x30=0xfffffb8f
        5785000	       577	80000168	016876b3	and	x13,x16,x22	 x16:0x028cef0c x22:0x00000000 x13=0x00000000
        5795000	       578	8000016c	00ff2633	slt	x12,x30,x15	 x30:0xfffffb8f x15:0x80000144 x12=0x00000000
        5805000	       579	80000170	01e05493	srli	x9,x0,0x1e	  x0:0x00000000  x9=0x00000000
        5815000	       580	80000174	41355533	sra	x10,x10,x19	 x10:0x485a9001 x19:0x00000000 x10=0x485a9001
        5825000	       581	80000178	292c80e7	jalr	x1,x25,658	 x25:0x80001022  x1=0x80000178
        5835000	       582	00000000	00000013	addi	x0,x0,0	  x0:0x00000000
        5845000	       583	800012b4	00000013	addi	x0,x0,0	  x0:0x00000000
        5855000	       584	800012b8	0034e463	bltu	x9,x3,800012c0	  x9:0x00000000  x3:0x00000001
        5865000	       585	00000000	00000013	addi	x0,x0,0	  x0:0x00000000
        5875000	       586	800012bc	00000013	addi	x0,x0,0	  x0:0x00000000
        5885000	       587	800012c0	fccb8b93	addi	x23,x23,-52	 x23:0x80009f84 x23=0x80009f50
        5895000	       588	800012c4	01cc1193	slli	x3,x24,0x1c	 x24:0x80009fc4  x3=0x40000000
        5905000	       589	800012c8	00000013	addi	x0,x0,0	  x0:0x00000000
        5915000	       590	800012cc	001ba223	sw	x1,4(x23)	 x23:0x80009f50  x1:0x80000178 PA:0x80009f54
        5925000	       591	800012d0	00f48db3	add	x27,x9,x15	  x9:0x00000000 x15:0x80000144 x27=0x80000144
        5935000	       592	800012d4	ff700f13	addi	x30,x0,-9	  x0:0x00000000 x30=0xfffffff7
        5945000	       593	800012d8	38586d93	ori	x27,x16,901	 x16:0x028cef0c x27=0x028cef8d
        5955000	       594	800012dc	7905aeb7	lui	x29,0x7905a	 x29=0x7905a000
        5965000	       595	800012e0	20779c97	auipc	x25,0x20779	 x25=0xa077a2dc
        5975000	       596	800012e4	00a1b6b3	sltu	x13,x3,x10	  x3:0x40000000 x10:0x485a9001 x13=0x00000001
        5985000	       597	800012e8	00100913	addi	x18,x0,1	  x0:0x00000000 x18=0x00000001
        5995000	       598	800012ec	016dee33	or	x28,x27,x22	 x27:0x028cef8d x22:0x00000000 x28=0x028cef8d
        6005000	       599	800012f0	84376493	ori	x9,x14,-1981	 x14:0x00000000  x9=0xfffff843
        6015000	       600	800012f4	00af0f13	addi	x30,x30,10	 x30:0xfffffff7 x30=0x00000001
        6025000	       601	800012f8	014e90b3	sll	x1,x29,x20	 x29:0x7905a000 x20:0x216a4a1c  x1=0x00000000
        6035000	       602	800012fc	ffc00813	addi	x16,x0,-4	  x0:0x00000000 x16=0xfffffffc
        6045000	       603	80001300	70e198b7	lui	x17,0x70e19	 x17=0x70e19000
        6055000	       604	80001304	40b08a33	sub	x20,x1,x11	  x1:0x00000000 x11:0x00000204 x20=0xfffffdfc
        6065000	       605	80001308	00a00313	addi	x6,x0,10	  x0:0x00000000  x6=0x0000000a
        6075000	       606	8000130c	40d95693	srai	x13,x18,0xd	 x18:0x00000001 x13=0x00000000
        6085000	       607	80001310	01cebfb3	sltu	x31,x29,x28	 x29:0x7905a000 x28:0x028cef8d x31=0x00000000
        6095000	       608	80001314	01b41513	slli	x10,x8,0x1b	  x8:0x216a48e5 x10=0x28000000
        6105000	       609	80001318	008386b3	add	x13,x7,x8	  x7:0x00000001  x8:0x216a48e5 x13=0x216a48e6
        6115000	       610	8000131c	a9e3a537	lui	x10,0xa9e3a	 x10=0xa9e3a000
        6125000	       611	80001320	00580813	addi	x16,x16,5	 x16:0xfffffffc x16=0x00000001
        6135000	       612	80001324	bb1c6617	auipc	x12,0xbb1c6	 x12=0x3b1c7320
        6145000	       613	80001328	006334b3	sltu	x9,x6,x6	  x6:0x0000000a  x6:0x0000000a  x9=0x00000000
        6155000	       614	8000132c	016b09b3	add	x19,x22,x22	 x22:0x00000000 x22:0x00000000 x19=0x00000000
        6165000	       615	80001330	fe6840e3	blt	x16,x6,80001310	 x16:0x00000001  x6:0x0000000a
        6175000	       616	00000000	00000013	addi	x0,x0,0	  x0:0x00000000
        6185000	       617	8000130c	00000013	addi	x0,x0,0	  x0:0x00000000
        6195000	       618	80001310	01cebfb3	sltu	x31,x29,x28	 x29:0x7905a000 x28:0x028cef8d x31=0x00000000
        6205000	       619	80001314	01b41513	slli	x10,x8,0x1b	  x8:0x216a48e5 x10=0x28000000
        6215000	       620	80001318	008386b3	add	x13,x7,x8	  x7:0x00000001  x8:0x216a48e5 x13=0x216a48e6
        6225000	       621	8000131c	a9e3a537	lui	x10,0xa9e3a	 x10=0xa9e3a000
        6235000	       622	80001320	00580813	addi	x16,x16,5	 x16:0x00000001 x16=0x00000006
        6245000	       623	80001324	bb1c6617	auipc	x12,0xbb1c6	 x12=0x3b1c7320
        6255000	       624	80001328	006334b3	sltu	x9,x6,x6	  x6:0x0000000a  x6:0x0000000a  x9=0x00000000
        6265000	       625	8000132c	016b09b3	add	x19,x22,x22	 x22:0x00000000 x22:0x00000000 x19=0x00000000
        6275000	       626	80001330	fe6840e3	blt	x16,x6,80001310	 x16:0x00000006  x6:0x0000000a
        6285000	       627	00000000	00000013	addi	x0,x0,0	  x0:0x00000000
        6295000	       628	8000130c	00000013	addi	x0,x0,0	  x0:0x00000000
        6305000	       629	80001310	01cebfb3	sltu	x31,x29,x28	 x29:0x7905a000 x28:0x028cef8d x31=0x00000000
        6315000	       630	80001314	01b41513	slli	x10,x8,0x1b	  x8:0x216a48e5 x10=0x28000000
        6325000	       631	80001318	008386b3	add	x13,x7,x8	  x7:0x00000001  x8:0x216a48e5 x13=0x216a48e6
        6335000	       632	8000131c	a9e3a537	lui	x10,0xa9e3a	 x10=0xa9e3a000
        6345000	       633	80001320	00580813	addi	x16,x16,5	 x16:0x00000006 x16=0x0000000b
        6355000	       634	80001324	bb1c6617	auipc	x12,0xbb1c6	 x12=0x3b1c7320
        6365000	       635	80001328	006334b3	sltu	x9,x6,x6	  x6:0x0000000a  x6:0x0000000a  x9=0x00000000
        6375000	       636	8000132c	016b09b3	add	x19,x22,x22	 x22:0x00000000 x22:0x00000000 x19=0x00000000
        6385000	       637	80001330	fe6840e3	blt	x16,x6,80001310	 x16:0x0000000b  x6:0x0000000a
        6395000	       638	80001334	9e8c8d93	addi	x27,x25,-1560	 x25:0xa077a2dc x27=0xa0779cc4
        6405000	       639	80001338	fb2f0ae3	beq	x30,x18,800012ec	 x30:0x00000001 x18:0x00000001
        6415000	       640	00000000	00000013	addi	x0,x0,0	  x0:0x00000000
        6425000	       641	800012e8	00000013	addi	x0,x0,0	  x0:0x00000000
        6435000	       642	800012ec	016dee33	or	x28,x27,x22	 x27:0xa0779cc4 x22:0x00000000 x28=0xa0779cc4
        6445000	       643	800012f0	84376493	ori	x9,x14,-1981	 x14:0x00000000  x9=0xfffff843
        6455000	       644	800012f4	00af0f13	addi	x30,x30,10	 x30:0x00000001 x30=0x0000000b
        6465000	       645	800012f8	014e90b3	sll	x1,x29,x20	 x29:0x7905a000 x20:0xfffffdfc  x1=0x00000000
        6475000	       646	800012fc	ffc00813	addi	x16,x0,-4	  x0:0x00000000 x16=0xfffffffc
        6485000	       647	80001300	70e198b7	lui	x17,0x70e19	 x17=0x70e19000
        6495000	       648	80001304	40b08a33	sub	x20,x1,x11	  x1:0x00000000 x11:0x00000204 x20=0xfffffdfc
        6505000	       649	80001308	00a00313	addi	x6,x0,10	  x0:0x00000000  x6=0x0000000a
        6515000	       650	8000130c	40d95693	srai	x13,x18,0xd	 x18:0x00000001 x13=0x00000000
        6525000	       651	80001310	01cebfb3	sltu	x31,x29,x28	 x29:0x7905a000 x28:0xa0779cc4 x31=0x00000001
        6535000	       652	80001314	01b41513	slli	x10,x8,0x1b	  x8:0x216a48e5 x10=0x28000000
        6545000	       653	80001318	008386b3	add	x13,x7,x8	  x7:0x00000001  x8:0x216a48e5 x13=0x216a48e6
        6555000	       654	8000131c	a9e3a537	lui	x10,0xa9e3a	 x10=0xa9e3a000
        6565000	       655	80001320	00580813	addi	x16,x16,5	 x16:0xfffffffc x16=0x00000001
        6575000	       656	80001324	bb1c6617	auipc	x12,0xbb1c6	 x12=0x3b1c7320
        6585000	       657	80001328	006334b3	sltu	x9,x6,x6	  x6:0x0000000a  x6:0x0000000a  x9=0x00000000
        6595000	       658	8000132c	016b09b3	add	x19,x22,x22	 x22:0x00000000 x22:0x00000000 x19=0x00000000
        6605000	       659	80001330	fe6840e3	blt	x16,x6,80001310	 x16:0x00000001  x6:0x0000000a
        6615000	       660	00000000	00000013	addi	x0,x0,0	  x0:0x00000000
        6625000	       661	8000130c	00000013	addi	x0,x0,0	  x0:0x00000000
        6635000	       662	80001310	01cebfb3	sltu	x31,x29,x28	 x29:0x7905a000 x28:0xa0779cc4 x31=0x00000001
        6645000	       663	80001314	01b41513	slli	x10,x8,0x1b	  x8:0x216a48e5 x10=0x28000000
        6655000	       664	80001318	008386b3	add	x13,x7,x8	  x7:0x00000001  x8:0x216a48e5 x13=0x216a48e6
        6665000	       665	8000131c	a9e3a537	lui	x10,0xa9e3a	 x10=0xa9e3a000
        6675000	       666	80001320	00580813	addi	x16,x16,5	 x16:0x00000001 x16=0x00000006
        6685000	       667	80001324	bb1c6617	auipc	x12,0xbb1c6	 x12=0x3b1c7320
        6695000	       668	80001328	006334b3	sltu	x9,x6,x6	  x6:0x0000000a  x6:0x0000000a  x9=0x00000000
        6705000	       669	8000132c	016b09b3	add	x19,x22,x22	 x22:0x00000000 x22:0x00000000 x19=0x00000000
        6715000	       670	80001330	fe6840e3	blt	x16,x6,80001310	 x16:0x00000006  x6:0x0000000a
        6725000	       671	00000000	00000013	addi	x0,x0,0	  x0:0x00000000
        6735000	       672	8000130c	00000013	addi	x0,x0,0	  x0:0x00000000
        6745000	       673	80001310	01cebfb3	sltu	x31,x29,x28	 x29:0x7905a000 x28:0xa0779cc4 x31=0x00000001
        6755000	       674	80001314	01b41513	slli	x10,x8,0x1b	  x8:0x216a48e5 x10=0x28000000
        6765000	       675	80001318	008386b3	add	x13,x7,x8	  x7:0x00000001  x8:0x216a48e5 x13=0x216a48e6
        6775000	       676	8000131c	a9e3a537	lui	x10,0xa9e3a	 x10=0xa9e3a000
        6785000	       677	80001320	00580813	addi	x16,x16,5	 x16:0x00000006 x16=0x0000000b
        6795000	       678	80001324	bb1c6617	auipc	x12,0xbb1c6	 x12=0x3b1c7320
        6805000	       679	80001328	006334b3	sltu	x9,x6,x6	  x6:0x0000000a  x6:0x0000000a  x9=0x00000000
        6815000	       680	8000132c	016b09b3	add	x19,x22,x22	 x22:0x00000000 x22:0x00000000 x19=0x00000000
        6825000	       681	80001330	fe6840e3	blt	x16,x6,80001310	 x16:0x0000000b  x6:0x0000000a
        6835000	       682	80001334	9e8c8d93	addi	x27,x25,-1560	 x25:0xa077a2dc x27=0xa0779cc4
        6845000	       683	80001338	fb2f0ae3	beq	x30,x18,800012ec	 x30:0x0000000b x18:0x00000001
        6855000	       684	8000133c	40f65133	sra	x2,x12,x15	 x12:0x3b1c7320 x15:0x80000144  x2=0x03b1c732
        6865000	       685	80001340	ffd00c93	addi	x25,x0,-3	  x0:0x00000000 x25=0xfffffffd
        6875000	       686	80001344	41038b33	sub	x22,x7,x16	  x7:0x00000001 x16:0x0000000b x22=0xfffffff6
        6885000	       687	80001348	60418513	addi	x10,x3,1540	  x3:0x40000000 x10=0x40000604
        6895000	       688	8000134c	01b95813	srli	x16,x18,0x1b	 x18:0x00000001 x16=0x00000000
        6905000	       689	80001350	4040da33	sra	x20,x1,x4	  x1:0x00000000  x4:0xfffff9ff x20=0x00000000
        6915000	       690	80001354	b41b4113	xori	x2,x22,-1215	 x22:0xfffffff6  x2=0x000004b7
        6925000	       691	80001358	01729a13	slli	x20,x5,0x17	  x5:0x00000000 x20=0x00000000
        6935000	       692	8000135c	2bde7593	andi	x11,x28,701	 x28:0xa0779cc4 x11=0x00000084
        6945000	       693	80001360	806b7b13	andi	x22,x22,-2042	 x22:0xfffffff6 x22=0xfffff806
        6955000	       694	80001364	01491333	sll	x6,x18,x20	 x18:0x00000001 x20:0x00000000  x6=0x00000001
        6965000	       695	80001368	00800693	addi	x13,x0,8	  x0:0x00000000 x13=0x00000008
        6975000	       696	8000136c	55cd25b7	lui	x11,0x55cd2	 x11=0x55cd2000
        6985000	       697	80001370	71243b13	sltiu	x22,x8,1810	  x8:0x216a48e5 x22=0x00000000
        6995000	       698	80001374	424c6a93	ori	x21,x24,1060	 x24:0x80009fc4 x21=0x80009fe4
        7005000	       699	80001378	01205893	srli	x17,x0,0x12	  x0:0x00000000 x17=0x00000000
        7015000	       700	8000137c	003c8c93	addi	x25,x25,3	 x25:0xfffffffd x25=0x00000000
        7025000	       701	80001380	41428a33	sub	x20,x5,x20	  x5:0x00000000 x20:0x00000000 x20=0x00000000
        7035000	       702	80001384	0037b633	sltu	x12,x15,x3	 x15:0x80000144  x3:0x40000000 x12=0x00000000
        7045000	       703	80001388	01d5e7b3	or	x15,x11,x29	 x11:0x55cd2000 x29:0x7905a000 x15=0x7dcda000
        7055000	       704	8000138c	01b84eb3	xor	x29,x16,x27	 x16:0x00000000 x27:0xa0779cc4 x29=0xa0779cc4
        7065000	       705	80001390	01fc2533	slt	x10,x24,x31	 x24:0x80009fc4 x31:0x00000001 x10=0x00000001
        7075000	       706	80001394	4aec2997	auipc	x19,0x4aec2	 x19=0xcaec3390
        7085000	       707	80001398	40890f33	sub	x30,x18,x8	 x18:0x00000001  x8:0x216a48e5 x30=0xde95b71c
        7095000	       708	8000139c	fcdccce3	blt	x25,x13,80001374	 x25:0x00000000 x13:0x00000008
        7105000	       709	00000000	00000013	addi	x0,x0,0	  x0:0x00000000
        7115000	       710	80001370	00000013	addi	x0,x0,0	  x0:0x00000000
        7125000	       711	80001374	424c6a93	ori	x21,x24,1060	 x24:0x80009fc4 x21=0x80009fe4
        7135000	       712	80001378	01205893	srli	x17,x0,0x12	  x0:0x00000000 x17=0x00000000
        7145000	       713	8000137c	003c8c93	addi	x25,x25,3	 x25:0x00000000 x25=0x00000003
        7155000	       714	80001380	41428a33	sub	x20,x5,x20	  x5:0x00000000 x20:0x00000000 x20=0x00000000
        7165000	       715	80001384	0037b633	sltu	x12,x15,x3	 x15:0x7dcda000  x3:0x40000000 x12=0x00000000
        7175000	       716	80001388	01d5e7b3	or	x15,x11,x29	 x11:0x55cd2000 x29:0xa0779cc4 x15=0xf5ffbcc4
        7185000	       717	8000138c	01b84eb3	xor	x29,x16,x27	 x16:0x00000000 x27:0xa0779cc4 x29=0xa0779cc4
        7195000	       718	80001390	01fc2533	slt	x10,x24,x31	 x24:0x80009fc4 x31:0x00000001 x10=0x00000001
        7205000	       719	80001394	4aec2997	auipc	x19,0x4aec2	 x19=0xcaec3390
        7215000	       720	80001398	40890f33	sub	x30,x18,x8	 x18:0x00000001  x8:0x216a48e5 x30=0xde95b71c
        7225000	       721	8000139c	fcdccce3	blt	x25,x13,80001374	 x25:0x00000003 x13:0x00000008
        7235000	       722	00000000	00000013	addi	x0,x0,0	  x0:0x00000000
        7245000	       723	80001370	00000013	addi	x0,x0,0	  x0:0x00000000
        7255000	       724	80001374	424c6a93	ori	x21,x24,1060	 x24:0x80009fc4 x21=0x80009fe4
        7265000	       725	80001378	01205893	srli	x17,x0,0x12	  x0:0x00000000 x17=0x00000000
        7275000	       726	8000137c	003c8c93	addi	x25,x25,3	 x25:0x00000003 x25=0x00000006
        7285000	       727	80001380	41428a33	sub	x20,x5,x20	  x5:0x00000000 x20:0x00000000 x20=0x00000000
        7295000	       728	80001384	0037b633	sltu	x12,x15,x3	 x15:0xf5ffbcc4  x3:0x40000000 x12=0x00000000
        7305000	       729	80001388	01d5e7b3	or	x15,x11,x29	 x11:0x55cd2000 x29:0xa0779cc4 x15=0xf5ffbcc4
        7315000	       730	8000138c	01b84eb3	xor	x29,x16,x27	 x16:0x00000000 x27:0xa0779cc4 x29=0xa0779cc4
        7325000	       731	80001390	01fc2533	slt	x10,x24,x31	 x24:0x80009fc4 x31:0x00000001 x10=0x00000001
        7335000	       732	80001394	4aec2997	auipc	x19,0x4aec2	 x19=0xcaec3390
        7345000	       733	80001398	40890f33	sub	x30,x18,x8	 x18:0x00000001  x8:0x216a48e5 x30=0xde95b71c
        7355000	       734	8000139c	fcdccce3	blt	x25,x13,80001374	 x25:0x00000006 x13:0x00000008
        7365000	       735	00000000	00000013	addi	x0,x0,0	  x0:0x00000000
        7375000	       736	80001370	00000013	addi	x0,x0,0	  x0:0x00000000
        7385000	       737	80001374	424c6a93	ori	x21,x24,1060	 x24:0x80009fc4 x21=0x80009fe4
        7395000	       738	80001378	01205893	srli	x17,x0,0x12	  x0:0x00000000 x17=0x00000000
        7405000	       739	8000137c	003c8c93	addi	x25,x25,3	 x25:0x00000006 x25=0x00000009
        7415000	       740	80001380	41428a33	sub	x20,x5,x20	  x5:0x00000000 x20:0x00000000 x20=0x00000000
        7425000	       741	80001384	0037b633	sltu	x12,x15,x3	 x15:0xf5ffbcc4  x3:0x40000000 x12=0x00000000
        7435000	       742	80001388	01d5e7b3	or	x15,x11,x29	 x11:0x55cd2000 x29:0xa0779cc4 x15=0xf5ffbcc4
        7445000	       743	8000138c	01b84eb3	xor	x29,x16,x27	 x16:0x00000000 x27:0xa0779cc4 x29=0xa0779cc4
        7455000	       744	80001390	01fc2533	slt	x10,x24,x31	 x24:0x80009fc4 x31:0x00000001 x10=0x00000001
        7465000	       745	80001394	4aec2997	auipc	x19,0x4aec2	 x19=0xcaec3390
        7475000	       746	80001398	40890f33	sub	x30,x18,x8	 x18:0x00000001  x8:0x216a48e5 x30=0xde95b71c
        7485000	       747	8000139c	fcdccce3	blt	x25,x13,80001374	 x25:0x00000009 x13:0x00000008
        7495000	       748	800013a0	7bbc3613	sltiu	x12,x24,1979	 x24:0x80009fc4 x12=0x00000000
        7505000	       749	800013a4	005ab2b3	sltu	x5,x21,x5	 x21:0x80009fe4  x5:0x00000000  x5=0x00000000
        7515000	       750	800013a8	018c9b13	slli	x22,x25,0x18	 x25:0x00000009 x22=0x09000000
        7525000	       751	800013ac	055d8263	beq	x27,x21,800013f0	 x27:0xa0779cc4 x21:0x80009fe4
        7535000	       752	800013b0	017f9213	slli	x4,x31,0x17	 x31:0x00000001  x4=0x00800000
        7545000	       753	800013b4	02076a63	bltu	x14,x0,800013e8	 x14:0x00000000  x0:0x00000000
        7555000	       754	800013b8	029a6a63	bltu	x20,x9,800013ec	 x20:0x00000000  x9:0x00000000
        7565000	       755	800013bc	03a00c63	beq	x0,x26,800013f4	  x0:0x00000000 x26:0x00000000
        7575000	       756	00000000	00000013	addi	x0,x0,0	  x0:0x00000000
        7585000	       757	800013f0	00000013	addi	x0,x0,0	  x0:0x00000000
        7595000	       758	800013f4	00d898b3	sll	x17,x17,x13	 x17:0x00000000 x13:0x00000008 x17=0x00000000
        7605000	       759	800013f8	00155863	bge	x10,x1,80001408	 x10:0x00000001  x1:0x00000000
        7615000	       760	00000000	00000013	addi	x0,x0,0	  x0:0x00000000
        7625000	       761	80001404	00000013	addi	x0,x0,0	  x0:0x00000000
        7635000	       762	80001408	01587463	bgeu	x16,x21,80001410	 x16:0x00000000 x21:0x80009fe4
        7645000	       763	8000140c	0441c863	blt	x3,x4,8000145c	  x3:0x40000000  x4:0x00800000
        7655000	       764	80001410	00000013	addi	x0,x0,0	  x0:0x00000000
        7665000	       765	80001414	02635c63	bge	x6,x6,8000144c	  x6:0x00000001  x6:0x00000001
        7675000	       766	00000000	00000013	addi	x0,x0,0	  x0:0x00000000
        7685000	       767	80001448	00000013	addi	x0,x0,0	  x0:0x00000000
        7695000	       768	8000144c	00d89e33	sll	x28,x17,x13	 x17:0x00000000 x13:0x00000008 x28=0x00000000
        7705000	       769	80001450	012fdcb3	srl	x25,x31,x18	 x31:0x00000001 x18:0x00000001 x25=0x00000000
        7715000	       770	80001454	cfb1aa13	slti	x20,x3,-773	  x3:0x40000000 x20=0x00000000
        7725000	       771	80001458	03447063	bgeu	x8,x20,80001478	  x8:0x216a48e5 x20:0x00000000
        7735000	       772	00000000	00000013	addi	x0,x0,0	  x0:0x00000000
        7745000	       773	80001474	00000013	addi	x0,x0,0	  x0:0x00000000
        7755000	       774	80001478	01155033	srl	x0,x10,x17	 x10:0x00000001 x17:0x00000000
        7765000	       775	8000147c	036c7463	bgeu	x24,x22,800014a4	 x24:0x80009fc4 x22:0x09000000
        7775000	       776	00000000	00000013	addi	x0,x0,0	  x0:0x00000000
        7785000	       777	800014a0	00000013	addi	x0,x0,0	  x0:0x00000000
        7795000	       778	800014a4	00319493	slli	x9,x3,0x3	  x3:0x40000000  x9=0x00000000
        7805000	       779	800014a8	03fad263	bge	x21,x31,800014cc	 x21:0x80009fe4 x31:0x00000001
        7815000	       780	800014ac	02924263	blt	x4,x9,800014d0	  x4:0x00800000  x9:0x00000000
        7825000	       781	800014b0	00e11f13	slli	x30,x2,0xe	  x2:0x000004b7 x30=0x012dc000
        7835000	       782	800014b4	001115b3	sll	x11,x2,x1	  x2:0x000004b7  x1:0x00000000 x11=0x000004b7
        7845000	       783	800014b8	bfbb0e13	addi	x28,x22,-1029	 x22:0x09000000 x28=0x08fffbfb
        7855000	       784	800014bc	01021993	slli	x19,x4,0x10	  x4:0x00800000 x19=0x00000000
        7865000	       785	800014c0	01d324b3	slt	x9,x6,x29	  x6:0x00000001 x29:0xa0779cc4  x9=0x00000000
        7875000	       786	800014c4	41b88533	sub	x10,x17,x27	 x17:0x00000000 x27:0xa0779cc4 x10=0x5f88633c
        7885000	       787	800014c8	019ffa33	and	x20,x31,x25	 x31:0x00000001 x25:0x00000000 x20=0x00000000
        7895000	       788	800014cc	2ebd7f93	andi	x31,x26,747	 x26:0x00000000 x31=0x00000000
        7905000	       789	800014d0	27753213	sltiu	x4,x10,631	 x10:0x5f88633c  x4=0x00000000
        7915000	       790	800014d4	3e25e413	ori	x8,x11,994	 x11:0x000004b7  x8=0x000007f7
        7925000	       791	800014d8	eed6b013	sltiu	x0,x13,-275	 x13:0x00000008
        7935000	       792	800014dc	00000013	addi	x0,x0,0	  x0:0x00000000
        7945000	       793	800014e0	005db433	sltu	x8,x27,x5	 x27:0xa0779cc4  x5:0x00000000  x8=0x00000000
        7955000	       794	800014e4	2d992f93	slti	x31,x18,729	 x18:0x00000001 x31=0x00000001
        7965000	       795	800014e8	2c1e4a13	xori	x20,x28,705	 x28:0x08fffbfb x20=0x08fff93a
        7975000	       796	800014ec	04618663	beq	x3,x6,80001538	  x3:0x40000000  x6:0x00000001
        7985000	       797	800014f0	000330b3	sltu	x1,x6,x0	  x6:0x00000001  x0:0x00000000  x1=0x00000000
        7995000	       798	800014f4	73f3e193	ori	x3,x7,1855	  x7:0x00000001  x3=0x0000073f
        8005000	       799	800014f8	40265433	sra	x8,x12,x2	 x12:0x00000000  x2:0x000004b7  x8=0x00000000
        8015000	       800	800014fc	94f0e493	ori	x9,x1,-1713	  x1:0x00000000  x9=0xfffff94f
        8025000	       801	80001500	3730a693	slti	x13,x1,883	  x1:0x00000000 x13=0x00000001
        8035000	       802	80001504	01796a33	or	x20,x18,x23	 x18:0x00000001 x23:0x80009f50 x20=0x80009f51
        8045000	       803	80001508	5b3dcf13	xori	x30,x27,1459	 x27:0xa0779cc4 x30=0xa0779977
        8055000	       804	8000150c	00000013	addi	x0,x0,0	  x0:0x00000000
        8065000	       805	80001510	dbdb6913	ori	x18,x22,-579	 x22:0x09000000 x18=0xfffffdbd
        8075000	       806	80001514	05ef7663	bgeu	x30,x30,80001560	 x30:0xa0779977 x30:0xa0779977
        8085000	       807	00000000	00000013	addi	x0,x0,0	  x0:0x00000000
        8095000	       808	8000155c	00000013	addi	x0,x0,0	  x0:0x00000000
        8105000	       809	80001560	00cf6a93	ori	x21,x30,12	 x30:0xa0779977 x21=0xa077997f
        8115000	       810	80001564	00000013	addi	x0,x0,0	  x0:0x00000000
        8125000	       811	80001568	017f1893	slli	x17,x30,0x17	 x30:0xa0779977 x17=0xbb800000
        8135000	       812	8000156c	00755d33	srl	x26,x10,x7	 x10:0x5f88633c  x7:0x00000001 x26=0x2fc4319e
        8145000	       813	80001570	014e4d33	xor	x26,x28,x20	 x28:0x08fffbfb x20:0x80009f51 x26=0x88ff64aa
        8155000	       814	80001574	005d9c63	bne	x27,x5,8000158c	 x27:0xa0779cc4  x5:0x00000000
        8165000	       815	00000000	00000013	addi	x0,x0,0	  x0:0x00000000
        8175000	       816	80001588	00000013	addi	x0,x0,0	  x0:0x00000000
        8185000	       817	8000158c	01e49433	sll	x8,x9,x30	  x9:0xfffff94f x30:0xa0779977  x8=0xa7800000
        8195000	       818	80001590	00c3bfb3	sltu	x31,x7,x12	  x7:0x00000001 x12:0x00000000 x31=0x00000000
        8205000	       819	80001594	0465f063	bgeu	x11,x6,800015d4	 x11:0x000004b7  x6:0x00000001
        8215000	       820	00000000	00000013	addi	x0,x0,0	  x0:0x00000000
        8225000	       821	800015d0	00000013	addi	x0,x0,0	  x0:0x00000000
        8235000	       822	800015d4	2c2b6a93	ori	x21,x22,706	 x22:0x09000000 x21=0x090002c2
        8245000	       823	800015d8	00d523b3	slt	x7,x10,x13	 x10:0x5f88633c x13:0x00000001  x7=0x00000000
        8255000	       824	800015dc	019bfa33	and	x20,x23,x25	 x23:0x80009f50 x25:0x00000000 x20=0x00000000
        8265000	       825	800015e0	02010a63	beq	x2,x0,80001614	  x2:0x000004b7  x0:0x00000000
        8275000	       826	800015e4	40c45a13	srai	x20,x8,0xc	  x8:0xa7800000 x20=0xfffa7800
        8285000	       827	800015e8	413007b3	sub	x15,x0,x19	  x0:0x00000000 x19:0x00000000 x15=0x00000000
        8295000	       828	800015ec	da982493	slti	x9,x16,-599	 x16:0x00000000  x9=0x00000000
        8305000	       829	800015f0	eac2bf13	sltiu	x30,x5,-340	  x5:0x00000000 x30=0x00000001
        8315000	       830	800015f4	2e03a593	slti	x11,x7,736	  x7:0x00000000 x11=0x00000001
        8325000	       831	800015f8	00052833	slt	x16,x10,x0	 x10:0x5f88633c  x0:0x00000000 x16=0x00000000
        8335000	       832	800015fc	19e88693	addi	x13,x17,414	 x17:0xbb800000 x13=0xbb80019e
        8345000	       833	80001600	01ea3e33	sltu	x28,x20,x30	 x20:0xfffa7800 x30:0x00000001 x28=0x00000000
        8355000	       834	80001604	40665793	srai	x15,x12,0x6	 x12:0x00000000 x15=0x00000000
        8365000	       835	80001608	3722ff13	andi	x30,x5,882	  x5:0x00000000 x30=0x00000000
        8375000	       836	8000160c	4189dab3	sra	x21,x19,x24	 x19:0x00000000 x24:0x80009fc4 x21=0x00000000
        8385000	       837	80001610	7f7a3093	sltiu	x1,x20,2039	 x20:0xfffa7800  x1=0x00000000
        8395000	       838	80001614	ba77ba17	auipc	x20,0xba77b	 x20=0x3a77c610
        8405000	       839	80001618	000d0cb3	add	x25,x26,x0	 x26:0x88ff64aa  x0:0x00000000 x25=0x88ff64aa
        8415000	       840	8000161c	010a1793	slli	x15,x20,0x10	 x20:0x3a77c610 x15=0xc6100000
        8425000	       841	80001620	789b5db7	lui	x27,0x789b5	 x27=0x789b5000
        8435000	       842	80001624	019d5133	srl	x2,x26,x25	 x26:0x88ff64aa x25:0x88ff64aa  x2=0x00223fd9
        8445000	       843	80001628	40440433	sub	x8,x8,x4	  x8:0xa7800000  x4:0x00000000  x8=0xa7800000
        8455000	       844	8000162c	01825813	srli	x16,x4,0x18	  x4:0x00000000 x16=0x00000000
        8465000	       845	80001630	4a73c813	xori	x16,x7,1191	  x7:0x00000000 x16=0x000004a7
        8475000	       846	80001634	001ee2b3	or	x5,x29,x1	 x29:0xa0779cc4  x1:0x00000000  x5=0xa0779cc4
        8485000	       847	80001638	017cfeb3	and	x29,x25,x23	 x25:0x88ff64aa x23:0x80009f50 x29=0x80000400
        8495000	       848	8000163c	00bf2933	slt	x18,x30,x11	 x30:0x00000000 x11:0x00000001 x18=0x00000001
        8505000	       849	80001640	54ab2513	slti	x10,x22,1354	 x22:0x09000000 x10=0x00000000
        8515000	       850	80001644	0239c863	blt	x19,x3,80001674	 x19:0x00000000  x3:0x0000073f
        8525000	       851	00000000	00000013	addi	x0,x0,0	  x0:0x00000000
        8535000	       852	80001670	00000013	addi	x0,x0,0	  x0:0x00000000
        8545000	       853	80001674	00000013	addi	x0,x0,0	  x0:0x00000000
        8555000	       854	80001678	04366263	bltu	x12,x3,800016bc	 x12:0x00000000  x3:0x0000073f
        8565000	       855	00000000	00000013	addi	x0,x0,0	  x0:0x00000000
        8575000	       856	800016b8	00000013	addi	x0,x0,0	  x0:0x00000000
        8585000	       857	800016bc	405587b3	sub	x15,x11,x5	 x11:0x00000001  x5:0xa0779cc4 x15=0x5f88633d
        8595000	       858	800016c0	a58def13	ori	x30,x27,-1448	 x27:0x789b5000 x30=0xfffffa58
        8605000	       859	800016c4	00000013	addi	x0,x0,0	  x0:0x00000000
        8615000	       860	800016c8	3a6ae413	ori	x8,x21,934	 x21:0x00000000  x8=0x000003a6
        8625000	       861	800016cc	a1ada517	auipc	x10,0xa1ada	 x10=0x21adb6c8
        8635000	       862	800016d0	41af8833	sub	x16,x31,x26	 x31:0x00000000 x26:0x88ff64aa x16=0x77009b56
        8645000	       863	800016d4	062c1463	bne	x24,x2,8000173c	 x24:0x80009fc4  x2:0x00223fd9
        8655000	       864	00000000	00000013	addi	x0,x0,0	  x0:0x00000000
        8665000	       865	80001738	00000013	addi	x0,x0,0	  x0:0x00000000
        8675000	       866	8000173c	9b4db493	sltiu	x9,x27,-1612	 x27:0x789b5000  x9=0x00000001
        8685000	       867	80001740	00000013	addi	x0,x0,0	  x0:0x00000000
        8695000	       868	80001744	00008863	beq	x1,x0,80001754	  x1:0x00000000  x0:0x00000000
        8705000	       869	00000000	00000013	addi	x0,x0,0	  x0:0x00000000
        8715000	       870	80001750	00000013	addi	x0,x0,0	  x0:0x00000000
        8725000	       871	80001754	002c80b3	add	x1,x25,x2	 x25:0x88ff64aa  x2:0x00223fd9  x1=0x8921a483
        8735000	       872	80001758	01035ab3	srl	x21,x6,x16	  x6:0x00000001 x16:0x77009b56 x21=0x00000000
        8745000	       873	8000175c	3b5eff93	andi	x31,x29,949	 x29:0x80000400 x31=0x00000000
        8755000	       874	80001760	7fccff13	andi	x30,x25,2044	 x25:0x88ff64aa x30=0x000004a8
        8765000	       875	80001764	02db4663	blt	x22,x13,80001790	 x22:0x09000000 x13:0xbb80019e
        8775000	       876	80001768	cf5e8d93	addi	x27,x29,-779	 x29:0x80000400 x27=0x800000f5
        8785000	       877	8000176c	706bf493	andi	x9,x23,1798	 x23:0x80009f50  x9=0x00000700
        8795000	       878	80001770	004e06b3	add	x13,x28,x4	 x28:0x00000000  x4:0x00000000 x13=0x00000000
        8805000	       879	80001774	002a9493	slli	x9,x21,0x2	 x21:0x00000000  x9=0x00000000
        8815000	       880	80001778	a2e26413	ori	x8,x4,-1490	  x4:0x00000000  x8=0xfffffa2e
        8825000	       881	8000177c	97713417	auipc	x8,0x97713	  x8=0x17714778
        8835000	       882	80001780	01ca1813	slli	x16,x20,0x1c	 x20:0x3a77c610 x16=0x00000000
        8845000	       883	80001784	0058b833	sltu	x16,x17,x5	 x17:0xbb800000  x5:0xa0779cc4 x16=0x00000000
        8855000	       884	80001788	01146433	or	x8,x8,x17	  x8:0x17714778 x17:0xbb800000  x8=0xbff14778
        8865000	       885	8000178c	6a72c093	xori	x1,x5,1703	  x5:0xa0779cc4  x1=0xa0779a63
        8875000	       886	80001790	01141913	slli	x18,x8,0x11	  x8:0xbff14778 x18=0x8ef00000
        8885000	       887	80001794	00f9d5b3	srl	x11,x19,x15	 x19:0x00000000 x15:0x5f88633d x11=0x00000000
        8895000	       888	80001798	01151393	slli	x7,x10,0x11	 x10:0x21adb6c8  x7=0x6d900000
        8905000	       889	8000179c	0301dc63	bge	x3,x16,800017d4	  x3:0x0000073f x16:0x00000000
        8915000	       890	00000000	00000013	addi	x0,x0,0	  x0:0x00000000
        8925000	       891	800017d0	00000013	addi	x0,x0,0	  x0:0x00000000
        8935000	       892	800017d4	2054f313	andi	x6,x9,517	  x9:0x00000000  x6=0x00000000
        8945000	       893	800017d8	0103d2b3	srl	x5,x7,x16	  x7:0x6d900000 x16:0x00000000  x5=0x6d900000
        8955000	       894	800017dc	00ac6833	or	x16,x24,x10	 x24:0x80009fc4 x10:0x21adb6c8 x16=0xa1adbfcc
        8965000	       895	800017e0	002c4633	xor	x12,x24,x2	 x24:0x80009fc4  x2:0x00223fd9 x12=0x8022a01d
        8975000	       896	800017e4	5e045eb7	lui	x29,0x5e045	 x29=0x5e045000
        8985000	       897	800017e8	004ba083	lw	x1,4(x23)	 x23:0x80009f50  x1=0x80000178 PA:0x80009f54
        8995000	       898	800017ec	d5e56893	ori	x17,x10,-674	 x10:0x21adb6c8 x17=0xffffffde
        9005000	       899	800017f0	00ab43b3	xor	x7,x22,x10	 x22:0x09000000 x10:0x21adb6c8  x7=0x28adb6c8
        9015000	       900	800017f4	50024593	xori	x11,x4,1280	  x4:0x00000000 x11=0x00000500
        9025000	       901	800017f8	00e6e033	or	x0,x13,x14	 x13:0x00000000 x14:0x00000000
        9035000	       902	800017fc	034b8b93	addi	x23,x23,52	 x23:0x80009f50 x23=0x80009f84
        9045000	       903	80001800	00ab8633	add	x12,x23,x10	 x23:0x80009f84 x10:0x21adb6c8 x12=0xa1ae564c
        9055000	       904	80001804	00108513	addi	x10,x1,1	  x1:0x80000178 x10=0x80000179
        9065000	       905	80001808	00050567	jalr	x10,x10,0	 x10:0x80000179 x10=0x80001808
        9075000	       906	00000000	00000013	addi	x0,x0,0	  x0:0x00000000
        9085000	       907	80000178	00000013	addi	x0,x0,0	  x0:0x00000000
        9095000	       908	8000017c	007f8db3	add	x27,x31,x7	 x31:0x00000000  x7:0x28adb6c8 x27=0x28adb6c8
        9105000	       909	80000180	00bbf633	and	x12,x23,x11	 x23:0x80009f84 x11:0x00000500 x12=0x00000500
        9115000	       910	80000184	41508e33	sub	x28,x1,x21	  x1:0x80000178 x21:0x00000000 x28=0x80000178
        9125000	       911	80000188	00002f97	auipc	x31,0x2	 x31=0x80002184
        9135000	       912	8000018c	f28f8f93	addi	x31,x31,-216	 x31:0x80002184 x31=0x800020ac
        9145000	       913	80000190	00ee60b3	or	x1,x28,x14	 x28:0x80000178 x14:0x00000000  x1=0x80000178
        9155000	       914	80000194	1a3f8f93	addi	x31,x31,419	 x31:0x800020ac x31=0x8000224f
        9165000	       915	80000198	00faacb3	slt	x25,x21,x15	 x21:0x00000000 x15:0x5f88633d x25=0x00000001
        9175000	       916	8000019c	01ea5a13	srli	x20,x20,0x1e	 x20:0x3a77c610 x20=0x00000000
        9185000	       917	800001a0	e5ef80e7	jalr	x1,x31,-418	 x31:0x8000224f  x1=0x800001a0
        9195000	       918	00000000	00000013	addi	x0,x0,0	  x0:0x00000000
        9205000	       919	800020ac	00000013	addi	x0,x0,0	  x0:0x00000000
        9215000	       920	800020b0	0001d833	srl	x16,x3,x0	  x3:0x0000073f  x0:0x00000000 x16=0x0000073f
        9225000	       921	800020b4	8a74ef13	ori	x30,x9,-1881	  x9:0x00000000 x30=0xfffff8a7
        9235000	       922	800020b8	fd8b8b93	addi	x23,x23,-40	 x23:0x80009f84 x23=0x80009f5c
        9245000	       923	800020bc	7390a517	auipc	x10,0x7390a	 x10=0xf390c0b8
        9255000	       924	800020c0	125ae993	ori	x19,x21,293	 x21:0x00000000 x19=0x00000125
        9265000	       925	800020c4	f97ec193	xori	x3,x29,-105	 x29:0x5e045000  x3=0xa1fbaf97
        9275000	       926	800020c8	00808833	add	x16,x1,x8	  x1:0x800001a0  x8:0xbff14778 x16=0x3ff14918
        9285000	       927	800020cc	54338d93	addi	x27,x7,1347	  x7:0x28adb6c8 x27=0x28adbc0b
        9295000	       928	800020d0	001ba223	sw	x1,4(x23)	 x23:0x80009f5c  x1:0x800001a0 PA:0x80009f60
        9305000	       929	800020d4	001e6033	or	x0,x28,x1	 x28:0x80000178  x1:0x800001a0
        9315000	       930	800020d8	00180633	add	x12,x16,x1	 x16:0x3ff14918  x1:0x800001a0 x12=0xbff14ab8
        9325000	       931	800020dc	00200793	addi	x15,x0,2	  x0:0x00000000 x15=0x00000002
        9335000	       932	800020e0	006d06b3	add	x13,x26,x6	 x26:0x88ff64aa  x6:0x00000000 x13=0x88ff64aa
        9345000	       933	800020e4	00f11d33	sll	x26,x2,x15	  x2:0x00223fd9 x15:0x00000002 x26=0x0088ff64
        9355000	       934	800020e8	00e00393	addi	x7,x0,14	  x0:0x00000000  x7=0x0000000e
        9365000	       935	800020ec	01025013	srli	x0,x4,0x10	  x4:0x00000000
        9375000	       936	800020f0	67a7f013	andi	x0,x15,1658	 x15:0x00000002
        9385000	       937	800020f4	139b0513	addi	x10,x22,313	 x22:0x09000000 x10=0x09000139
        9395000	       938	800020f8	00000013	addi	x0,x0,0	  x0:0x00000000
        9405000	       939	800020fc	41e409b3	sub	x19,x8,x30	  x8:0xbff14778 x30:0xfffff8a7 x19=0xbff14ed1
        9415000	       940	80002100	00609213	slli	x4,x1,0x6	  x1:0x800001a0  x4=0x00006800
        9425000	       941	80002104	400209b3	sub	x19,x4,x0	  x4:0x00006800  x0:0x00000000 x19=0x00006800
        9435000	       942	80002108	00678793	addi	x15,x15,6	 x15:0x00000002 x15=0x00000008
        9445000	       943	8000210c	41aedf33	sra	x30,x29,x26	 x29:0x5e045000 x26:0x0088ff64 x30=0x05e04500
        9455000	       944	80002110	01dada13	srli	x20,x21,0x1d	 x21:0x00000000 x20=0x00000000
        9465000	       945	80002114	416dd993	srai	x19,x27,0x16	 x27:0x28adbc0b x19=0x000000a2
        9475000	       946	80002118	01b59f13	slli	x30,x11,0x1b	 x11:0x00000500 x30=0x00000000
        9485000	       947	8000211c	00511933	sll	x18,x2,x5	  x2:0x00223fd9  x5:0x6d900000 x18=0x00223fd9
        9495000	       948	80002120	74127837	lui	x16,0x74127	 x16=0x74127000
        9505000	       949	80002124	018556b3	srl	x13,x10,x24	 x10:0x09000139 x24:0x80009fc4 x13=0x00900013
        9515000	       950	80002128	48bd7b13	andi	x22,x26,1163	 x26:0x0088ff64 x22=0x00000400
        9525000	       951	8000212c	004bbdb3	sltu	x27,x23,x4	 x23:0x80009f5c  x4:0x00006800 x27=0x00000000
        9535000	       952	80002130	9b87be13	sltiu	x28,x15,-1608	 x15:0x00000008 x28=0x00000001
        9545000	       953	80002134	002319b3	sll	x19,x6,x2	  x6:0x00000000  x2:0x00223fd9 x19=0x00000000
        9555000	       954	80002138	00f85eb3	srl	x29,x16,x15	 x16:0x74127000 x15:0x00000008 x29=0x00741270
        9565000	       955	8000213c	00577b33	and	x22,x14,x5	 x14:0x00000000  x5:0x6d900000 x22=0x00000000
        9575000	       956	80002140	01f89633	sll	x12,x17,x31	 x17:0xffffffde x31:0x8000224f x12=0xffef0000
        9585000	       957	80002144	01fcccb3	xor	x25,x25,x31	 x25:0x00000001 x31:0x8000224f x25=0x8000224e
        9595000	       958	80002148	41a75d13	srai	x26,x14,0x1a	 x14:0x00000000 x26=0x00000000
        9605000	       959	8000214c	fa77c8e3	blt	x15,x7,800020fc	 x15:0x00000008  x7:0x0000000e
        9615000	       960	00000000	00000013	addi	x0,x0,0	  x0:0x00000000
        9625000	       961	800020f8	00000013	addi	x0,x0,0	  x0:0x00000000
        9635000	       962	800020fc	41e409b3	sub	x19,x8,x30	  x8:0xbff14778 x30:0x00000000 x19=0xbff14778
        9645000	       963	80002100	00609213	slli	x4,x1,0x6	  x1:0x800001a0  x4=0x00006800
        9655000	       964	80002104	400209b3	sub	x19,x4,x0	  x4:0x00006800  x0:0x00000000 x19=0x00006800
        9665000	       965	80002108	00678793	addi	x15,x15,6	 x15:0x00000008 x15=0x0000000e
        9675000	       966	8000210c	41aedf33	sra	x30,x29,x26	 x29:0x00741270 x26:0x00000000 x30=0x00741270
        9685000	       967	80002110	01dada13	srli	x20,x21,0x1d	 x21:0x00000000 x20=0x00000000
        9695000	       968	80002114	416dd993	srai	x19,x27,0x16	 x27:0x00000000 x19=0x00000000
        9705000	       969	80002118	01b59f13	slli	x30,x11,0x1b	 x11:0x00000500 x30=0x00000000
        9715000	       970	8000211c	00511933	sll	x18,x2,x5	  x2:0x00223fd9  x5:0x6d900000 x18=0x00223fd9
        9725000	       971	80002120	74127837	lui	x16,0x74127	 x16=0x74127000
        9735000	       972	80002124	018556b3	srl	x13,x10,x24	 x10:0x09000139 x24:0x80009fc4 x13=0x00900013
        9745000	       973	80002128	48bd7b13	andi	x22,x26,1163	 x26:0x00000000 x22=0x00000000
        9755000	       974	8000212c	004bbdb3	sltu	x27,x23,x4	 x23:0x80009f5c  x4:0x00006800 x27=0x00000000
        9765000	       975	80002130	9b87be13	sltiu	x28,x15,-1608	 x15:0x0000000e x28=0x00000001
        9775000	       976	80002134	002319b3	sll	x19,x6,x2	  x6:0x00000000  x2:0x00223fd9 x19=0x00000000
        9785000	       977	80002138	00f85eb3	srl	x29,x16,x15	 x16:0x74127000 x15:0x0000000e x29=0x0001d049
        9795000	       978	8000213c	00577b33	and	x22,x14,x5	 x14:0x00000000  x5:0x6d900000 x22=0x00000000
        9805000	       979	80002140	01f89633	sll	x12,x17,x31	 x17:0xffffffde x31:0x8000224f x12=0xffef0000
        9815000	       980	80002144	01fcccb3	xor	x25,x25,x31	 x25:0x8000224e x31:0x8000224f x25=0x00000001
        9825000	       981	80002148	41a75d13	srai	x26,x14,0x1a	 x14:0x00000000 x26=0x00000000
        9835000	       982	8000214c	fa77c8e3	blt	x15,x7,800020fc	 x15:0x0000000e  x7:0x0000000e
        9845000	       983	80002150	41718ab3	sub	x21,x3,x23	  x3:0xa1fbaf97 x23:0x80009f5c x21=0x21fb103b
        9855000	       984	80002154	00000493	addi	x9,x0,0	  x0:0x00000000  x9=0x00000000
        9865000	       985	80002158	00000013	addi	x0,x0,0	  x0:0x00000000
        9875000	       986	8000215c	0119e633	or	x12,x19,x17	 x19:0x00000000 x17:0xffffffde x12=0xffffffde
        9885000	       987	80002160	001b1e13	slli	x28,x22,0x1	 x22:0x00000000 x28=0x00000000
        9895000	       988	80002164	00f00313	addi	x6,x0,15	  x0:0x00000000  x6=0x0000000f
        9905000	       989	80002168	d5e04013	xori	x0,x0,-674	  x0:0x00000000
        9915000	       990	8000216c	00a48493	addi	x9,x9,10	  x9:0x00000000  x9=0x0000000a
        9925000	       991	80002170	ff800113	addi	x2,x0,-8	  x0:0x00000000  x2=0xfffffff8
        9935000	       992	80002174	01400213	addi	x4,x0,20	  x0:0x00000000  x4=0x00000014
        9945000	       993	80002178	00b28d33	add	x26,x5,x11	  x5:0x6d900000 x11:0x00000500 x26=0x6d900500
        9955000	       994	8000217c	01a67cb3	and	x25,x12,x26	 x12:0xffffffde x26:0x6d900500 x25=0x6d900500
        9965000	       995	80002180	fb756d93	ori	x27,x10,-73	 x10:0x09000139 x27=0xffffffbf
        9975000	       996	80002184	00610113	addi	x2,x2,6	  x2:0xfffffff8  x2=0xfffffffe
        9985000	       997	80002188	41025eb3	sra	x29,x4,x16	  x4:0x00000014 x16:0x74127000 x29=0x00000014
        9995000	       998	8000218c	014412b3	sll	x5,x8,x20	  x8:0xbff14778 x20:0x00000000  x5=0xbff14778
       10005000	       999	80002190	00000013	addi	x0,x0,0	  x0:0x00000000
       10015000	      1000	80002194	fe4144e3	blt	x2,x4,8000217c	  x2:0xfffffffe  x4:0x00000014
       10025000	      1001	00000000	00000013	addi	x0,x0,0	  x0:0x00000000
       10035000	      1002	80002178	00000013	addi	x0,x0,0	  x0:0x00000000
       10045000	      1003	8000217c	01a67cb3	and	x25,x12,x26	 x12:0xffffffde x26:0x6d900500 x25=0x6d900500
       10055000	      1004	80002180	fb756d93	ori	x27,x10,-73	 x10:0x09000139 x27=0xffffffbf
       10065000	      1005	80002184	00610113	addi	x2,x2,6	  x2:0xfffffffe  x2=0x00000004
       10075000	      1006	80002188	41025eb3	sra	x29,x4,x16	  x4:0x00000014 x16:0x74127000 x29=0x00000014
       10085000	      1007	8000218c	014412b3	sll	x5,x8,x20	  x8:0xbff14778 x20:0x00000000  x5=0xbff14778
       10095000	      1008	80002190	00000013	addi	x0,x0,0	  x0:0x00000000
       10105000	      1009	80002194	fe4144e3	blt	x2,x4,8000217c	  x2:0x00000004  x4:0x00000014
       10115000	      1010	00000000	00000013	addi	x0,x0,0	  x0:0x00000000
       10125000	      1011	80002178	00000013	addi	x0,x0,0	  x0:0x00000000
       10135000	      1012	8000217c	01a67cb3	and	x25,x12,x26	 x12:0xffffffde x26:0x6d900500 x25=0x6d900500
       10145000	      1013	80002180	fb756d93	ori	x27,x10,-73	 x10:0x09000139 x27=0xffffffbf
       10155000	      1014	80002184	00610113	addi	x2,x2,6	  x2:0x00000004  x2=0x0000000a
       10165000	      1015	80002188	41025eb3	sra	x29,x4,x16	  x4:0x00000014 x16:0x74127000 x29=0x00000014
       10175000	      1016	8000218c	014412b3	sll	x5,x8,x20	  x8:0xbff14778 x20:0x00000000  x5=0xbff14778
       10185000	      1017	80002190	00000013	addi	x0,x0,0	  x0:0x00000000
       10195000	      1018	80002194	fe4144e3	blt	x2,x4,8000217c	  x2:0x0000000a  x4:0x00000014
       10205000	      1019	00000000	00000013	addi	x0,x0,0	  x0:0x00000000
       10215000	      1020	80002178	00000013	addi	x0,x0,0	  x0:0x00000000
       10225000	      1021	8000217c	01a67cb3	and	x25,x12,x26	 x12:0xffffffde x26:0x6d900500 x25=0x6d900500
       10235000	      1022	80002180	fb756d93	ori	x27,x10,-73	 x10:0x09000139 x27=0xffffffbf
       10245000	      1023	80002184	00610113	addi	x2,x2,6	  x2:0x0000000a  x2=0x00000010
       10255000	      1024	80002188	41025eb3	sra	x29,x4,x16	  x4:0x00000014 x16:0x74127000 x29=0x00000014
       10265000	      1025	8000218c	014412b3	sll	x5,x8,x20	  x8:0xbff14778 x20:0x00000000  x5=0xbff14778
       10275000	      1026	80002190	00000013	addi	x0,x0,0	  x0:0x00000000
       10285000	      1027	80002194	fe4144e3	blt	x2,x4,8000217c	  x2:0x00000010  x4:0x00000014
       10295000	      1028	00000000	00000013	addi	x0,x0,0	  x0:0x00000000
       10305000	      1029	80002178	00000013	addi	x0,x0,0	  x0:0x00000000
       10315000	      1030	8000217c	01a67cb3	and	x25,x12,x26	 x12:0xffffffde x26:0x6d900500 x25=0x6d900500
       10325000	      1031	80002180	fb756d93	ori	x27,x10,-73	 x10:0x09000139 x27=0xffffffbf
       10335000	      1032	80002184	00610113	addi	x2,x2,6	  x2:0x00000010  x2=0x00000016
       10345000	      1033	80002188	41025eb3	sra	x29,x4,x16	  x4:0x00000014 x16:0x74127000 x29=0x00000014
       10355000	      1034	8000218c	014412b3	sll	x5,x8,x20	  x8:0xbff14778 x20:0x00000000  x5=0xbff14778
       10365000	      1035	80002190	00000013	addi	x0,x0,0	  x0:0x00000000
       10375000	      1036	80002194	fe4144e3	blt	x2,x4,8000217c	  x2:0x00000016  x4:0x00000014
       10385000	      1037	80002198	0116df33	srl	x30,x13,x17	 x13:0x00900013 x17:0xffffffde x30=0x00000000
       10395000	      1038	8000219c	416cd093	srai	x1,x25,0x16	 x25:0x6d900500  x1=0x000001b6
       10405000	      1039	800021a0	40725613	srai	x12,x4,0x7	  x4:0x00000014 x12=0x00000000
       10415000	      1040	800021a4	fc64e2e3	bltu	x9,x6,80002168	  x9:0x0000000a  x6:0x0000000f
       10425000	      1041	00000000	00000013	addi	x0,x0,0	  x0:0x00000000
       10435000	      1042	80002164	00000013	addi	x0,x0,0	  x0:0x00000000
       10445000	      1043	80002168	d5e04013	xori	x0,x0,-674	  x0:0x00000000
       10455000	      1044	8000216c	00a48493	addi	x9,x9,10	  x9:0x0000000a  x9=0x00000014
       10465000	      1045	80002170	ff800113	addi	x2,x0,-8	  x0:0x00000000  x2=0xfffffff8
       10475000	      1046	80002174	01400213	addi	x4,x0,20	  x0:0x00000000  x4=0x00000014
       10485000	      1047	80002178	00b28d33	add	x26,x5,x11	  x5:0xbff14778 x11:0x00000500 x26=0xbff14c78
       10495000	      1048	8000217c	01a67cb3	and	x25,x12,x26	 x12:0x00000000 x26:0xbff14c78 x25=0x00000000
       10505000	      1049	80002180	fb756d93	ori	x27,x10,-73	 x10:0x09000139 x27=0xffffffbf
       10515000	      1050	80002184	00610113	addi	x2,x2,6	  x2:0xfffffff8  x2=0xfffffffe
       10525000	      1051	80002188	41025eb3	sra	x29,x4,x16	  x4:0x00000014 x16:0x74127000 x29=0x00000014
       10535000	      1052	8000218c	014412b3	sll	x5,x8,x20	  x8:0xbff14778 x20:0x00000000  x5=0xbff14778
       10545000	      1053	80002190	00000013	addi	x0,x0,0	  x0:0x00000000
       10555000	      1054	80002194	fe4144e3	blt	x2,x4,8000217c	  x2:0xfffffffe  x4:0x00000014
       10565000	      1055	00000000	00000013	addi	x0,x0,0	  x0:0x00000000
       10575000	      1056	80002178	00000013	addi	x0,x0,0	  x0:0x00000000
       10585000	      1057	8000217c	01a67cb3	and	x25,x12,x26	 x12:0x00000000 x26:0xbff14c78 x25=0x00000000
       10595000	      1058	80002180	fb756d93	ori	x27,x10,-73	 x10:0x09000139 x27=0xffffffbf
       10605000	      1059	80002184	00610113	addi	x2,x2,6	  x2:0xfffffffe  x2=0x00000004
       10615000	      1060	80002188	41025eb3	sra	x29,x4,x16	  x4:0x00000014 x16:0x74127000 x29=0x00000014
       10625000	      1061	8000218c	014412b3	sll	x5,x8,x20	  x8:0xbff14778 x20:0x00000000  x5=0xbff14778
       10635000	      1062	80002190	00000013	addi	x0,x0,0	  x0:0x00000000
       10645000	      1063	80002194	fe4144e3	blt	x2,x4,8000217c	  x2:0x00000004  x4:0x00000014
       10655000	      1064	00000000	00000013	addi	x0,x0,0	  x0:0x00000000
       10665000	      1065	80002178	00000013	addi	x0,x0,0	  x0:0x00000000
       10675000	      1066	8000217c	01a67cb3	and	x25,x12,x26	 x12:0x00000000 x26:0xbff14c78 x25=0x00000000
       10685000	      1067	80002180	fb756d93	ori	x27,x10,-73	 x10:0x09000139 x27=0xffffffbf
       10695000	      1068	80002184	00610113	addi	x2,x2,6	  x2:0x00000004  x2=0x0000000a
       10705000	      1069	80002188	41025eb3	sra	x29,x4,x16	  x4:0x00000014 x16:0x74127000 x29=0x00000014
       10715000	      1070	8000218c	014412b3	sll	x5,x8,x20	  x8:0xbff14778 x20:0x00000000  x5=0xbff14778
       10725000	      1071	80002190	00000013	addi	x0,x0,0	  x0:0x00000000
       10735000	      1072	80002194	fe4144e3	blt	x2,x4,8000217c	  x2:0x0000000a  x4:0x00000014
       10745000	      1073	00000000	00000013	addi	x0,x0,0	  x0:0x00000000
       10755000	      1074	80002178	00000013	addi	x0,x0,0	  x0:0x00000000
       10765000	      1075	8000217c	01a67cb3	and	x25,x12,x26	 x12:0x00000000 x26:0xbff14c78 x25=0x00000000
       10775000	      1076	80002180	fb756d93	ori	x27,x10,-73	 x10:0x09000139 x27=0xffffffbf
       10785000	      1077	80002184	00610113	addi	x2,x2,6	  x2:0x0000000a  x2=0x00000010
       10795000	      1078	80002188	41025eb3	sra	x29,x4,x16	  x4:0x00000014 x16:0x74127000 x29=0x00000014
       10805000	      1079	8000218c	014412b3	sll	x5,x8,x20	  x8:0xbff14778 x20:0x00000000  x5=0xbff14778
       10815000	      1080	80002190	00000013	addi	x0,x0,0	  x0:0x00000000
       10825000	      1081	80002194	fe4144e3	blt	x2,x4,8000217c	  x2:0x00000010  x4:0x00000014
       10835000	      1082	00000000	00000013	addi	x0,x0,0	  x0:0x00000000
       10845000	      1083	80002178	00000013	addi	x0,x0,0	  x0:0x00000000
       10855000	      1084	8000217c	01a67cb3	and	x25,x12,x26	 x12:0x00000000 x26:0xbff14c78 x25=0x00000000
       10865000	      1085	80002180	fb756d93	ori	x27,x10,-73	 x10:0x09000139 x27=0xffffffbf
       10875000	      1086	80002184	00610113	addi	x2,x2,6	  x2:0x00000010  x2=0x00000016
       10885000	      1087	80002188	41025eb3	sra	x29,x4,x16	  x4:0x00000014 x16:0x74127000 x29=0x00000014
       10895000	      1088	8000218c	014412b3	sll	x5,x8,x20	  x8:0xbff14778 x20:0x00000000  x5=0xbff14778
       10905000	      1089	80002190	00000013	addi	x0,x0,0	  x0:0x00000000
       10915000	      1090	80002194	fe4144e3	blt	x2,x4,8000217c	  x2:0x00000016  x4:0x00000014
       10925000	      1091	80002198	0116df33	srl	x30,x13,x17	 x13:0x00900013 x17:0xffffffde x30=0x00000000
       10935000	      1092	8000219c	416cd093	srai	x1,x25,0x16	 x25:0x00000000  x1=0x00000000
       10945000	      1093	800021a0	40725613	srai	x12,x4,0x7	  x4:0x00000014 x12=0x00000000
       10955000	      1094	800021a4	fc64e2e3	bltu	x9,x6,80002168	  x9:0x00000014  x6:0x0000000f
       10965000	      1095	800021a8	b6f64097	auipc	x1,0xb6f64	  x1=0x36f661a4
       10975000	      1096	800021ac	ffe00913	addi	x18,x0,-2	  x0:0x00000000 x18=0xfffffffe
       10985000	      1097	800021b0	41538433	sub	x8,x7,x21	  x7:0x0000000e x21:0x21fb103b  x8=0xde04efd3
       10995000	      1098	800021b4	932f6a93	ori	x21,x30,-1742	 x30:0x00000000 x21=0xfffff932
       11005000	      1099	800021b8	01f20db3	add	x27,x4,x31	  x4:0x00000014 x31:0x8000224f x27=0x80002263
       11015000	      1100	800021bc	01c06ab3	or	x21,x0,x28	  x0:0x00000000 x28:0x00000000 x21=0x00000000
       11025000	      1101	800021c0	00949833	sll	x16,x9,x9	  x9:0x00000014  x9:0x00000014 x16=0x01400000
       11035000	      1102	800021c4	414ada33	sra	x20,x21,x20	 x21:0x00000000 x20:0x00000000 x20=0x00000000
       11045000	      1103	800021c8	0215ed93	ori	x27,x11,33	 x11:0x00000500 x27=0x00000521
       11055000	      1104	800021cc	012c5413	srli	x8,x24,0x12	 x24:0x80009fc4  x8=0x00002000
       11065000	      1105	800021d0	00fcc9b3	xor	x19,x25,x15	 x25:0x00000000 x15:0x0000000e x19=0x0000000e
       11075000	      1106	800021d4	72e7d897	auipc	x17,0x72e7d	 x17=0xf2e7f1d0
       11085000	      1107	800021d8	0076d5b3	srl	x11,x13,x7	 x13:0x00900013  x7:0x0000000e x11=0x00000240
       11095000	      1108	800021dc	00d00113	addi	x2,x0,13	  x0:0x00000000  x2=0x0000000d
       11105000	      1109	800021e0	013a7333	and	x6,x20,x19	 x20:0x00000000 x19:0x0000000e  x6=0x00000000
       11115000	      1110	800021e4	412ed393	srai	x7,x29,0x12	 x29:0x00000014  x7=0x00000000
       11125000	      1111	800021e8	00000013	addi	x0,x0,0	  x0:0x00000000
       11135000	      1112	800021ec	419c53b3	sra	x7,x24,x25	 x24:0x80009fc4 x25:0x00000000  x7=0x80009fc4
       11145000	      1113	800021f0	00390913	addi	x18,x18,3	 x18:0xfffffffe x18=0x00000001
       11155000	      1114	800021f4	008d85b3	add	x11,x27,x8	 x27:0x00000521  x8:0x00002000 x11=0x00002521
       11165000	      1115	800021f8	0149b2b3	sltu	x5,x19,x20	 x19:0x0000000e x20:0x00000000  x5=0x00000000
       11175000	      1116	800021fc	407fd3b3	sra	x7,x31,x7	 x31:0x8000224f  x7:0x80009fc4  x7=0xf8000224
       11185000	      1117	80002200	0117f633	and	x12,x15,x17	 x15:0x0000000e x17:0xf2e7f1d0 x12=0x00000000
       11195000	      1118	80002204	018327b3	slt	x15,x6,x24	  x6:0x00000000 x24:0x80009fc4 x15=0x00000000
       11205000	      1119	80002208	2c7b7893	andi	x17,x22,711	 x22:0x00000000 x17=0x00000000
       11215000	      1120	8000220c	9289c037	lui	x0,0x9289c	
       11225000	      1121	80002210	32ef8193	addi	x3,x31,814	 x31:0x8000224f  x3=0x8000257d
       11235000	      1122	80002214	01b71333	sll	x6,x14,x27	 x14:0x00000000 x27:0x00000521  x6=0x00000000
       11245000	      1123	80002218	fc2918e3	bne	x18,x2,800021e8	 x18:0x00000001  x2:0x0000000d
       11255000	      1124	00000000	00000013	addi	x0,x0,0	  x0:0x00000000
       11265000	      1125	800021e4	00000013	addi	x0,x0,0	  x0:0x00000000
       11275000	      1126	800021e8	00000013	addi	x0,x0,0	  x0:0x00000000
       11285000	      1127	800021ec	419c53b3	sra	x7,x24,x25	 x24:0x80009fc4 x25:0x00000000  x7=0x80009fc4
       11295000	      1128	800021f0	00390913	addi	x18,x18,3	 x18:0x00000001 x18=0x00000004
       11305000	      1129	800021f4	008d85b3	add	x11,x27,x8	 x27:0x00000521  x8:0x00002000 x11=0x00002521
       11315000	      1130	800021f8	0149b2b3	sltu	x5,x19,x20	 x19:0x0000000e x20:0x00000000  x5=0x00000000
       11325000	      1131	800021fc	407fd3b3	sra	x7,x31,x7	 x31:0x8000224f  x7:0x80009fc4  x7=0xf8000224
       11335000	      1132	80002200	0117f633	and	x12,x15,x17	 x15:0x00000000 x17:0x00000000 x12=0x00000000
       11345000	      1133	80002204	018327b3	slt	x15,x6,x24	  x6:0x00000000 x24:0x80009fc4 x15=0x00000000
       11355000	      1134	80002208	2c7b7893	andi	x17,x22,711	 x22:0x00000000 x17=0x00000000
       11365000	      1135	8000220c	9289c037	lui	x0,0x9289c	
       11375000	      1136	80002210	32ef8193	addi	x3,x31,814	 x31:0x8000224f  x3=0x8000257d
       11385000	      1137	80002214	01b71333	sll	x6,x14,x27	 x14:0x00000000 x27:0x00000521  x6=0x00000000
       11395000	      1138	80002218	fc2918e3	bne	x18,x2,800021e8	 x18:0x00000004  x2:0x0000000d
       11405000	      1139	00000000	00000013	addi	x0,x0,0	  x0:0x00000000
       11415000	      1140	800021e4	00000013	addi	x0,x0,0	  x0:0x00000000
       11425000	      1141	800021e8	00000013	addi	x0,x0,0	  x0:0x00000000
       11435000	      1142	800021ec	419c53b3	sra	x7,x24,x25	 x24:0x80009fc4 x25:0x00000000  x7=0x80009fc4
       11445000	      1143	800021f0	00390913	addi	x18,x18,3	 x18:0x00000004 x18=0x00000007
       11455000	      1144	800021f4	008d85b3	add	x11,x27,x8	 x27:0x00000521  x8:0x00002000 x11=0x00002521
       11465000	      1145	800021f8	0149b2b3	sltu	x5,x19,x20	 x19:0x0000000e x20:0x00000000  x5=0x00000000
       11475000	      1146	800021fc	407fd3b3	sra	x7,x31,x7	 x31:0x8000224f  x7:0x80009fc4  x7=0xf8000224
       11485000	      1147	80002200	0117f633	and	x12,x15,x17	 x15:0x00000000 x17:0x00000000 x12=0x00000000
       11495000	      1148	80002204	018327b3	slt	x15,x6,x24	  x6:0x00000000 x24:0x80009fc4 x15=0x00000000
       11505000	      1149	80002208	2c7b7893	andi	x17,x22,711	 x22:0x00000000 x17=0x00000000
       11515000	      1150	8000220c	9289c037	lui	x0,0x9289c	
       11525000	      1151	80002210	32ef8193	addi	x3,x31,814	 x31:0x8000224f  x3=0x8000257d
       11535000	      1152	80002214	01b71333	sll	x6,x14,x27	 x14:0x00000000 x27:0x00000521  x6=0x00000000
       11545000	      1153	80002218	fc2918e3	bne	x18,x2,800021e8	 x18:0x00000007  x2:0x0000000d
       11555000	      1154	00000000	00000013	addi	x0,x0,0	  x0:0x00000000
       11565000	      1155	800021e4	00000013	addi	x0,x0,0	  x0:0x00000000
       11575000	      1156	800021e8	00000013	addi	x0,x0,0	  x0:0x00000000
       11585000	      1157	800021ec	419c53b3	sra	x7,x24,x25	 x24:0x80009fc4 x25:0x00000000  x7=0x80009fc4
       11595000	      1158	800021f0	00390913	addi	x18,x18,3	 x18:0x00000007 x18=0x0000000a
       11605000	      1159	800021f4	008d85b3	add	x11,x27,x8	 x27:0x00000521  x8:0x00002000 x11=0x00002521
       11615000	      1160	800021f8	0149b2b3	sltu	x5,x19,x20	 x19:0x0000000e x20:0x00000000  x5=0x00000000
       11625000	      1161	800021fc	407fd3b3	sra	x7,x31,x7	 x31:0x8000224f  x7:0x80009fc4  x7=0xf8000224
       11635000	      1162	80002200	0117f633	and	x12,x15,x17	 x15:0x00000000 x17:0x00000000 x12=0x00000000
       11645000	      1163	80002204	018327b3	slt	x15,x6,x24	  x6:0x00000000 x24:0x80009fc4 x15=0x00000000
       11655000	      1164	80002208	2c7b7893	andi	x17,x22,711	 x22:0x00000000 x17=0x00000000
       11665000	      1165	8000220c	9289c037	lui	x0,0x9289c	
       11675000	      1166	80002210	32ef8193	addi	x3,x31,814	 x31:0x8000224f  x3=0x8000257d
       11685000	      1167	80002214	01b71333	sll	x6,x14,x27	 x14:0x00000000 x27:0x00000521  x6=0x00000000
       11695000	      1168	80002218	fc2918e3	bne	x18,x2,800021e8	 x18:0x0000000a  x2:0x0000000d
       11705000	      1169	00000000	00000013	addi	x0,x0,0	  x0:0x00000000
       11715000	      1170	800021e4	00000013	addi	x0,x0,0	  x0:0x00000000
       11725000	      1171	800021e8	00000013	addi	x0,x0,0	  x0:0x00000000
       11735000	      1172	800021ec	419c53b3	sra	x7,x24,x25	 x24:0x80009fc4 x25:0x00000000  x7=0x80009fc4
       11745000	      1173	800021f0	00390913	addi	x18,x18,3	 x18:0x0000000a x18=0x0000000d
       11755000	      1174	800021f4	008d85b3	add	x11,x27,x8	 x27:0x00000521  x8:0x00002000 x11=0x00002521
       11765000	      1175	800021f8	0149b2b3	sltu	x5,x19,x20	 x19:0x0000000e x20:0x00000000  x5=0x00000000
       11775000	      1176	800021fc	407fd3b3	sra	x7,x31,x7	 x31:0x8000224f  x7:0x80009fc4  x7=0xf8000224
       11785000	      1177	80002200	0117f633	and	x12,x15,x17	 x15:0x00000000 x17:0x00000000 x12=0x00000000
       11795000	      1178	80002204	018327b3	slt	x15,x6,x24	  x6:0x00000000 x24:0x80009fc4 x15=0x00000000
       11805000	      1179	80002208	2c7b7893	andi	x17,x22,711	 x22:0x00000000 x17=0x00000000
       11815000	      1180	8000220c	9289c037	lui	x0,0x9289c	
       11825000	      1181	80002210	32ef8193	addi	x3,x31,814	 x31:0x8000224f  x3=0x8000257d
       11835000	      1182	80002214	01b71333	sll	x6,x14,x27	 x14:0x00000000 x27:0x00000521  x6=0x00000000
       11845000	      1183	80002218	fc2918e3	bne	x18,x2,800021e8	 x18:0x0000000d  x2:0x0000000d
       11855000	      1184	8000221c	013af3b3	and	x7,x21,x19	 x21:0x00000000 x19:0x0000000e  x7=0x00000000
       11865000	      1185	80002220	ffe00693	addi	x13,x0,-2	  x0:0x00000000 x13=0xfffffffe
       11875000	      1186	80002224	b2c0c013	xori	x0,x1,-1236	  x1:0x36f661a4
       11885000	      1187	80002228	01400e13	addi	x28,x0,20	  x0:0x00000000 x28=0x00000014
       11895000	      1188	8000222c	01bf4233	xor	x4,x30,x27	 x30:0x00000000 x27:0x00000521  x4=0x00000521
       11905000	      1189	80002230	ea70f893	andi	x17,x1,-345	  x1:0x36f661a4 x17=0x36f660a4
       11915000	      1190	80002234	7713f617	auipc	x12,0x7713f	 x12=0xf7141230
       11925000	      1191	80002238	00d33f33	sltu	x30,x6,x13	  x6:0x00000000 x13:0xfffffffe x30=0x00000001
       11935000	      1192	8000223c	6c227213	andi	x4,x4,1730	  x4:0x00000521  x4=0x00000400
       11945000	      1193	80002240	00768693	addi	x13,x13,7	 x13:0xfffffffe x13=0x00000005
       11955000	      1194	80002244	00900a93	addi	x21,x0,9	  x0:0x00000000 x21=0x00000009
       11965000	      1195	80002248	00b00513	addi	x10,x0,11	  x0:0x00000000 x10=0x0000000b
       11975000	      1196	8000224c	01f6a1b3	slt	x3,x13,x31	 x13:0x00000005 x31:0x8000224f  x3=0x00000000
       11985000	      1197	80002250	00aa8a93	addi	x21,x21,10	 x21:0x00000009 x21=0x00000013
       11995000	      1198	80002254	29bda313	slti	x6,x27,667	 x27:0x00000521  x6=0x00000000
       12005000	      1199	80002258	feaaeae3	bltu	x21,x10,8000224c	 x21:0x00000013 x10:0x0000000b
       12015000	      1200	8000225c	00000013	addi	x0,x0,0	  x0:0x00000000
       12025000	      1201	80002260	fdc6e6e3	bltu	x13,x28,8000222c	 x13:0x00000005 x28:0x00000014
       12035000	      1202	00000000	00000013	addi	x0,x0,0	  x0:0x00000000
       12045000	      1203	80002228	00000013	addi	x0,x0,0	  x0:0x00000000
       12055000	      1204	8000222c	01bf4233	xor	x4,x30,x27	 x30:0x00000001 x27:0x00000521  x4=0x00000520
       12065000	      1205	80002230	ea70f893	andi	x17,x1,-345	  x1:0x36f661a4 x17=0x36f660a4
       12075000	      1206	80002234	7713f617	auipc	x12,0x7713f	 x12=0xf7141230
       12085000	      1207	80002238	00d33f33	sltu	x30,x6,x13	  x6:0x00000000 x13:0x00000005 x30=0x00000001
       12095000	      1208	8000223c	6c227213	andi	x4,x4,1730	  x4:0x00000520  x4=0x00000400
       12105000	      1209	80002240	00768693	addi	x13,x13,7	 x13:0x00000005 x13=0x0000000c
       12115000	      1210	80002244	00900a93	addi	x21,x0,9	  x0:0x00000000 x21=0x00000009
       12125000	      1211	80002248	00b00513	addi	x10,x0,11	  x0:0x00000000 x10=0x0000000b
       12135000	      1212	8000224c	01f6a1b3	slt	x3,x13,x31	 x13:0x0000000c x31:0x8000224f  x3=0x00000000
       12145000	      1213	80002250	00aa8a93	addi	x21,x21,10	 x21:0x00000009 x21=0x00000013
       12155000	      1214	80002254	29bda313	slti	x6,x27,667	 x27:0x00000521  x6=0x00000000
       12165000	      1215	80002258	feaaeae3	bltu	x21,x10,8000224c	 x21:0x00000013 x10:0x0000000b
       12175000	      1216	8000225c	00000013	addi	x0,x0,0	  x0:0x00000000
       12185000	      1217	80002260	fdc6e6e3	bltu	x13,x28,8000222c	 x13:0x0000000c x28:0x00000014
       12195000	      1218	00000000	00000013	addi	x0,x0,0	  x0:0x00000000
       12205000	      1219	80002228	00000013	addi	x0,x0,0	  x0:0x00000000
       12215000	      1220	8000222c	01bf4233	xor	x4,x30,x27	 x30:0x00000001 x27:0x00000521  x4=0x00000520
       12225000	      1221	80002230	ea70f893	andi	x17,x1,-345	  x1:0x36f661a4 x17=0x36f660a4
       12235000	      1222	80002234	7713f617	auipc	x12,0x7713f	 x12=0xf7141230
       12245000	      1223	80002238	00d33f33	sltu	x30,x6,x13	  x6:0x00000000 x13:0x0000000c x30=0x00000001
       12255000	      1224	8000223c	6c227213	andi	x4,x4,1730	  x4:0x00000520  x4=0x00000400
       12265000	      1225	80002240	00768693	addi	x13,x13,7	 x13:0x0000000c x13=0x00000013
       12275000	      1226	80002244	00900a93	addi	x21,x0,9	  x0:0x00000000 x21=0x00000009
       12285000	      1227	80002248	00b00513	addi	x10,x0,11	  x0:0x00000000 x10=0x0000000b
       12295000	      1228	8000224c	01f6a1b3	slt	x3,x13,x31	 x13:0x00000013 x31:0x8000224f  x3=0x00000000
       12305000	      1229	80002250	00aa8a93	addi	x21,x21,10	 x21:0x00000009 x21=0x00000013
       12315000	      1230	80002254	29bda313	slti	x6,x27,667	 x27:0x00000521  x6=0x00000000
       12325000	      1231	80002258	feaaeae3	bltu	x21,x10,8000224c	 x21:0x00000013 x10:0x0000000b
       12335000	      1232	8000225c	00000013	addi	x0,x0,0	  x0:0x00000000
       12345000	      1233	80002260	fdc6e6e3	bltu	x13,x28,8000222c	 x13:0x00000013 x28:0x00000014
       12355000	      1234	00000000	00000013	addi	x0,x0,0	  x0:0x00000000
       12365000	      1235	80002228	00000013	addi	x0,x0,0	  x0:0x00000000
       12375000	      1236	8000222c	01bf4233	xor	x4,x30,x27	 x30:0x00000001 x27:0x00000521  x4=0x00000520
       12385000	      1237	80002230	ea70f893	andi	x17,x1,-345	  x1:0x36f661a4 x17=0x36f660a4
       12395000	      1238	80002234	7713f617	auipc	x12,0x7713f	 x12=0xf7141230
       12405000	      1239	80002238	00d33f33	sltu	x30,x6,x13	  x6:0x00000000 x13:0x00000013 x30=0x00000001
       12415000	      1240	8000223c	6c227213	andi	x4,x4,1730	  x4:0x00000520  x4=0x00000400
       12425000	      1241	80002240	00768693	addi	x13,x13,7	 x13:0x00000013 x13=0x0000001a
       12435000	      1242	80002244	00900a93	addi	x21,x0,9	  x0:0x00000000 x21=0x00000009
       12445000	      1243	80002248	00b00513	addi	x10,x0,11	  x0:0x00000000 x10=0x0000000b
       12455000	      1244	8000224c	01f6a1b3	slt	x3,x13,x31	 x13:0x0000001a x31:0x8000224f  x3=0x00000000
       12465000	      1245	80002250	00aa8a93	addi	x21,x21,10	 x21:0x00000009 x21=0x00000013
       12475000	      1246	80002254	29bda313	slti	x6,x27,667	 x27:0x00000521  x6=0x00000000
       12485000	      1247	80002258	feaaeae3	bltu	x21,x10,8000224c	 x21:0x00000013 x10:0x0000000b
       12495000	      1248	8000225c	00000013	addi	x0,x0,0	  x0:0x00000000
       12505000	      1249	80002260	fdc6e6e3	bltu	x13,x28,8000222c	 x13:0x0000001a x28:0x00000014
       12515000	      1250	80002264	a773f913	andi	x18,x7,-1417	  x7:0x00000000 x18=0x00000000
       12525000	      1251	80002268	00600593	addi	x11,x0,6	  x0:0x00000000 x11=0x00000006
       12535000	      1252	8000226c	78ee5117	auipc	x2,0x78ee5	  x2=0xf8ee7268
       12545000	      1253	80002270	00fb8d33	add	x26,x23,x15	 x23:0x80009f5c x15:0x00000000 x26=0x80009f5c
       12555000	      1254	80002274	008b3db3	sltu	x27,x22,x8	 x22:0x00000000  x8:0x00002000 x27=0x00000001
       12565000	      1255	80002278	d7576693	ori	x13,x14,-651	 x14:0x00000000 x13=0xfffffd75
       12575000	      1256	8000227c	58830617	auipc	x12,0x58830	 x12=0xd8832278
       12585000	      1257	80002280	00d00193	addi	x3,x0,13	  x0:0x00000000  x3=0x0000000d
       12595000	      1258	80002284	e5dc8813	addi	x16,x25,-419	 x25:0x00000000 x16=0xfffffe5d
       12605000	      1259	80002288	4d630e93	addi	x29,x6,1238	  x6:0x00000000 x29=0x000004d6
       12615000	      1260	8000228c	00858593	addi	x11,x11,8	 x11:0x00000006 x11=0x0000000e
       12625000	      1261	80002290	00fc9313	slli	x6,x25,0xf	 x25:0x00000000  x6=0x00000000
       12635000	      1262	80002294	ffe00513	addi	x10,x0,-2	  x0:0x00000000 x10=0xfffffffe
       12645000	      1263	80002298	0015e2b3	or	x5,x11,x1	 x11:0x0000000e  x1:0x36f661a4  x5=0x36f661ae
       12655000	      1264	8000229c	66c5cd93	xori	x27,x11,1644	 x11:0x0000000e x27=0x00000662
       12665000	      1265	800022a0	01000893	addi	x17,x0,16	  x0:0x00000000 x17=0x00000010
       12675000	      1266	800022a4	002ff7b3	and	x15,x31,x2	 x31:0x8000224f  x2:0xf8ee7268 x15=0x80002248
       12685000	      1267	800022a8	00463cb3	sltu	x25,x12,x4	 x12:0xd8832278  x4:0x00000400 x25=0x00000000
       12695000	      1268	800022ac	01b2d3b3	srl	x7,x5,x27	  x5:0x36f661ae x27:0x00000662  x7=0x0dbd986b
       12705000	      1269	800022b0	015e60b3	or	x1,x28,x21	 x28:0x00000014 x21:0x00000013  x1=0x00000017
       12715000	      1270	800022b4	00950513	addi	x10,x10,9	 x10:0xfffffffe x10=0x00000007
       12725000	      1271	800022b8	ff1546e3	blt	x10,x17,800022a4	 x10:0x00000007 x17:0x00000010
       12735000	      1272	00000000	00000013	addi	x0,x0,0	  x0:0x00000000
       12745000	      1273	800022a0	00000013	addi	x0,x0,0	  x0:0x00000000
       12755000	      1274	800022a4	002ff7b3	and	x15,x31,x2	 x31:0x8000224f  x2:0xf8ee7268 x15=0x80002248
       12765000	      1275	800022a8	00463cb3	sltu	x25,x12,x4	 x12:0xd8832278  x4:0x00000400 x25=0x00000000
       12775000	      1276	800022ac	01b2d3b3	srl	x7,x5,x27	  x5:0x36f661ae x27:0x00000662  x7=0x0dbd986b
       12785000	      1277	800022b0	015e60b3	or	x1,x28,x21	 x28:0x00000014 x21:0x00000013  x1=0x00000017
       12795000	      1278	800022b4	00950513	addi	x10,x10,9	 x10:0x00000007 x10=0x00000010
       12805000	      1279	800022b8	ff1546e3	blt	x10,x17,800022a4	 x10:0x00000010 x17:0x00000010
       12815000	      1280	800022bc	d4b4f093	andi	x1,x9,-693	  x9:0x00000014  x1=0x00000000
       12825000	      1281	800022c0	002a5833	srl	x16,x20,x2	 x20:0x00000000  x2:0xf8ee7268 x16=0x00000000
       12835000	      1282	800022c4	000ef2b3	and	x5,x29,x0	 x29:0x000004d6  x0:0x00000000  x5=0x00000000
       12845000	      1283	800022c8	e66fb213	sltiu	x4,x31,-410	 x31:0x8000224f  x4=0x00000001
       12855000	      1284	800022cc	0196de93	srli	x29,x13,0x19	 x13:0xfffffd75 x29=0x0000007f
       12865000	      1285	800022d0	fa35cce3	blt	x11,x3,80002288	 x11:0x0000000e  x3:0x0000000d
       12875000	      1286	800022d4	404b8633	sub	x12,x23,x4	 x23:0x80009f5c  x4:0x00000001 x12=0x80009f5b
       12885000	      1287	800022d8	ffc00293	addi	x5,x0,-4	  x0:0x00000000  x5=0xfffffffc
       12895000	      1288	800022dc	7728c693	xori	x13,x17,1906	 x17:0x00000010 x13=0x00000762
       12905000	      1289	800022e0	00100493	addi	x9,x0,1	  x0:0x00000000  x9=0x00000001
       12915000	      1290	800022e4	471e2b13	slti	x22,x28,1137	 x28:0x00000014 x22=0x00000001
       12925000	      1291	800022e8	01cfefb3	or	x31,x31,x28	 x31:0x8000224f x28:0x00000014 x31=0x8000225f
       12935000	      1292	800022ec	00128293	addi	x5,x5,1	  x5:0xfffffffc  x5=0xfffffffd
       12945000	      1293	800022f0	ff800a93	addi	x21,x0,-8	  x0:0x00000000 x21=0xfffffff8
       12955000	      1294	800022f4	e5866d93	ori	x27,x12,-424	 x12:0x80009f5b x27=0xffffff5b
       12965000	      1295	800022f8	ba7b4e93	xori	x29,x22,-1113	 x22:0x00000001 x29=0xfffffba6
       12975000	      1296	800022fc	ff500f13	addi	x30,x0,-11	  x0:0x00000000 x30=0xfffffff5
       12985000	      1297	80002300	006061b3	or	x3,x0,x6	  x0:0x00000000  x6:0x00000000  x3=0x00000000
       12995000	      1298	80002304	7e7b4013	xori	x0,x22,2023	 x22:0x00000001
       13005000	      1299	80002308	ffda8a93	addi	x21,x21,-3	 x21:0xfffffff8 x21=0xfffffff5
       13015000	      1300	8000230c	00acca33	xor	x20,x25,x10	 x25:0x00000000 x10:0x00000010 x20=0x00000010
       13025000	      1301	80002310	01b35693	srli	x13,x6,0x1b	  x6:0x00000000 x13=0x00000000
       13035000	      1302	80002314	ffea96e3	bne	x21,x30,80002300	 x21:0xfffffff5 x30:0xfffffff5
       13045000	      1303	80002318	0139f3b3	and	x7,x19,x19	 x19:0x0000000e x19:0x0000000e  x7=0x0000000e
       13055000	      1304	8000231c	52f23397	auipc	x7,0x52f23	  x7=0xd2f25318
       13065000	      1305	80002320	00f2a933	slt	x18,x5,x15	  x5:0xfffffffd x15:0x80002248 x18=0x00000000
       13075000	      1306	80002324	fc9280e3	beq	x5,x9,800022e4	  x5:0xfffffffd  x9:0x00000001
       13085000	      1307	80002328	b7acfe93	andi	x29,x25,-1158	 x25:0x00000000 x29=0x00000000
       13095000	      1308	8000232c	00100413	addi	x8,x0,1	  x0:0x00000000  x8=0x00000001
       13105000	      1309	80002330	003a53b3	srl	x7,x20,x3	 x20:0x00000010  x3:0x00000000  x7=0x00000010
       13115000	      1310	80002334	00700c93	addi	x25,x0,7	  x0:0x00000000 x25=0x00000007
       13125000	      1311	80002338	00000013	addi	x0,x0,0	  x0:0x00000000
       13135000	      1312	8000233c	2da1b193	sltiu	x3,x3,730	  x3:0x00000000  x3=0x00000001
       13145000	      1313	80002340	42070893	addi	x17,x14,1056	 x14:0x00000000 x17=0x00000420
       13155000	      1314	80002344	d85edeb7	lui	x29,0xd85ed	 x29=0xd85ed000
       13165000	      1315	80002348	00840413	addi	x8,x8,8	  x8:0x00000001  x8=0x00000009
       13175000	      1316	8000234c	ff9446e3	blt	x8,x25,80002338	  x8:0x00000009 x25:0x00000007
       13185000	      1317	80002350	f5db8e93	addi	x29,x23,-163	 x23:0x80009f5c x29=0x80009eb9
       13195000	      1318	80002354	00600793	addi	x15,x0,6	  x0:0x00000000 x15=0x00000006
       13205000	      1319	80002358	00c00913	addi	x18,x0,12	  x0:0x00000000 x18=0x0000000c
       13215000	      1320	8000235c	1e608113	addi	x2,x1,486	  x1:0x00000000  x2=0x000001e6
       13225000	      1321	80002360	416e84b3	sub	x9,x29,x22	 x29:0x80009eb9 x22:0x00000001  x9=0x80009eb8
       13235000	      1322	80002364	00778793	addi	x15,x15,7	 x15:0x00000006 x15=0x0000000d
       13245000	      1323	80002368	27698393	addi	x7,x19,630	 x19:0x0000000e  x7=0x00000284
       13255000	      1324	8000236c	00900f93	addi	x31,x0,9	  x0:0x00000000 x31=0x00000009
       13265000	      1325	80002370	d8fe06b7	lui	x13,0xd8fe0	 x13=0xd8fe0000
       13275000	      1326	80002374	00c9dd13	srli	x26,x19,0xc	 x19:0x0000000e x26=0x00000000
       13285000	      1327	80002378	01100a93	addi	x21,x0,17	  x0:0x00000000 x21=0x00000011
       13295000	      1328	8000237c	534f0eb7	lui	x29,0x534f0	 x29=0x534f0000
       13305000	      1329	80002380	c4ebf113	andi	x2,x23,-946	 x23:0x80009f5c  x2=0x80009c4c
       13315000	      1330	80002384	af552f17	auipc	x30,0xaf552	 x30=0x2f554380
       13325000	      1331	80002388	004f8f93	addi	x31,x31,4	 x31:0x00000009 x31=0x0000000d
       13335000	      1332	8000238c	ff5f9ae3	bne	x31,x21,80002380	 x31:0x0000000d x21:0x00000011
       13345000	      1333	00000000	00000013	addi	x0,x0,0	  x0:0x00000000
       13355000	      1334	8000237c	00000013	addi	x0,x0,0	  x0:0x00000000
       13365000	      1335	80002380	c4ebf113	andi	x2,x23,-946	 x23:0x80009f5c  x2=0x80009c4c
       13375000	      1336	80002384	af552f17	auipc	x30,0xaf552	 x30=0x2f554380
       13385000	      1337	80002388	004f8f93	addi	x31,x31,4	 x31:0x0000000d x31=0x00000011
       13395000	      1338	8000238c	ff5f9ae3	bne	x31,x21,80002380	 x31:0x00000011 x21:0x00000011
       13405000	      1339	80002390	41de00b3	sub	x1,x28,x29	 x28:0x00000014 x29:0x534f0000  x1=0xacb10014
       13415000	      1340	80002394	fd27c4e3	blt	x15,x18,8000235c	 x15:0x0000000d x18:0x0000000c
       13425000	      1341	80002398	0080a1b3	slt	x3,x1,x8	  x1:0xacb10014  x8:0x00000009  x3=0x00000001
       13435000	      1342	8000239c	00700893	addi	x17,x0,7	  x0:0x00000000 x17=0x00000007
       13445000	      1343	800023a0	00000013	addi	x0,x0,0	  x0:0x00000000
       13455000	      1344	800023a4	003d9e93	slli	x29,x27,0x3	 x27:0xffffff5b x29=0xfffffad8
       13465000	      1345	800023a8	fef00693	addi	x13,x0,-17	  x0:0x00000000 x13=0xffffffef
       13475000	      1346	800023ac	1f442297	auipc	x5,0x1f442	  x5=0x9f4443a8
       13485000	      1347	800023b0	00000013	addi	x0,x0,0	  x0:0x00000000
       13495000	      1348	800023b4	4846ce37	lui	x28,0x4846c	 x28=0x4846c000
       13505000	      1349	800023b8	01a90ab3	add	x21,x18,x26	 x18:0x0000000c x26:0x00000000 x21=0x0000000c
       13515000	      1350	800023bc	012a23b3	slt	x7,x20,x18	 x20:0x00000010 x18:0x0000000c  x7=0x00000000
       13525000	      1351	800023c0	ffd88893	addi	x17,x17,-3	 x17:0x00000007 x17=0x00000004
       13535000	      1352	800023c4	00e8d793	srli	x15,x17,0xe	 x17:0x00000004 x15=0x00000000
       13545000	      1353	800023c8	fed88ae3	beq	x17,x13,800023bc	 x17:0x00000004 x13:0xffffffef
       13555000	      1354	800023cc	002e35b3	sltu	x11,x28,x2	 x28:0x4846c000  x2:0x80009c4c x11=0x00000001
       13565000	      1355	800023d0	ff700493	addi	x9,x0,-9	  x0:0x00000000  x9=0xfffffff7
       13575000	      1356	800023d4	fee00893	addi	x17,x0,-18	  x0:0x00000000 x17=0xffffffee
       13585000	      1357	800023d8	00c00d33	add	x26,x0,x12	  x0:0x00000000 x12:0x80009f5b x26=0x80009f5b
       13595000	      1358	800023dc	008a4133	xor	x2,x20,x8	 x20:0x00000010  x8:0x00000009  x2=0x00000019
       13605000	      1359	800023e0	ff748493	addi	x9,x9,-9	  x9:0xfffffff7  x9=0xffffffee
       13615000	      1360	800023e4	ff149ae3	bne	x9,x17,800023d8	  x9:0xffffffee x17:0xffffffee
       13625000	      1361	800023e8	bcb3b2b7	lui	x5,0xbcb3b	  x5=0xbcb3b000
       13635000	      1362	800023ec	00600993	addi	x19,x0,6	  x0:0x00000000 x19=0x00000006
       13645000	      1363	800023f0	72b097b7	lui	x15,0x72b09	 x15=0x72b09000
       13655000	      1364	800023f4	00400e13	addi	x28,x0,4	  x0:0x00000000 x28=0x00000004
       13665000	      1365	800023f8	41a90933	sub	x18,x18,x26	 x18:0x0000000c x26:0x80009f5b x18=0x7fff60b1
       13675000	      1366	800023fc	002b4cb3	xor	x25,x22,x2	 x22:0x00000001  x2:0x00000019 x25=0x00000018
       13685000	      1367	80002400	fff98993	addi	x19,x19,-1	 x19:0x00000006 x19=0x00000005
       13695000	      1368	80002404	ffd00a93	addi	x21,x0,-3	  x0:0x00000000 x21=0xfffffffd
       13705000	      1369	80002408	ffc00093	addi	x1,x0,-4	  x0:0x00000000  x1=0xfffffffc
       13715000	      1370	8000240c	8535a137	lui	x2,0x8535a	  x2=0x8535a000
       13725000	      1371	80002410	ff6a8a93	addi	x21,x21,-10	 x21:0xfffffffd x21=0xfffffff3
       13735000	      1372	80002414	a4378513	addi	x10,x15,-1469	 x15:0x72b09000 x10=0x72b08a43
       13745000	      1373	80002418	2caa0b17	auipc	x22,0x2caa0	 x22=0xacaa2414
       13755000	      1374	8000241c	fe1ad8e3	bge	x21,x1,8000240c	 x21:0xfffffff3  x1:0xfffffffc
       13765000	      1375	80002420	fdc9fee3	bgeu	x19,x28,800023fc	 x19:0x00000005 x28:0x00000004
       13775000	      1376	00000000	00000013	addi	x0,x0,0	  x0:0x00000000
       13785000	      1377	800023f8	00000013	addi	x0,x0,0	  x0:0x00000000
       13795000	      1378	800023fc	002b4cb3	xor	x25,x22,x2	 x22:0xacaa2414  x2:0x8535a000 x25=0x299f8414
       13805000	      1379	80002400	fff98993	addi	x19,x19,-1	 x19:0x00000005 x19=0x00000004
       13815000	      1380	80002404	ffd00a93	addi	x21,x0,-3	  x0:0x00000000 x21=0xfffffffd
       13825000	      1381	80002408	ffc00093	addi	x1,x0,-4	  x0:0x00000000  x1=0xfffffffc
       13835000	      1382	8000240c	8535a137	lui	x2,0x8535a	  x2=0x8535a000
       13845000	      1383	80002410	ff6a8a93	addi	x21,x21,-10	 x21:0xfffffffd x21=0xfffffff3
       13855000	      1384	80002414	a4378513	addi	x10,x15,-1469	 x15:0x72b09000 x10=0x72b08a43
       13865000	      1385	80002418	2caa0b17	auipc	x22,0x2caa0	 x22=0xacaa2414
       13875000	      1386	8000241c	fe1ad8e3	bge	x21,x1,8000240c	 x21:0xfffffff3  x1:0xfffffffc
       13885000	      1387	80002420	fdc9fee3	bgeu	x19,x28,800023fc	 x19:0x00000004 x28:0x00000004
       13895000	      1388	00000000	00000013	addi	x0,x0,0	  x0:0x00000000
       13905000	      1389	800023f8	00000013	addi	x0,x0,0	  x0:0x00000000
       13915000	      1390	800023fc	002b4cb3	xor	x25,x22,x2	 x22:0xacaa2414  x2:0x8535a000 x25=0x299f8414
       13925000	      1391	80002400	fff98993	addi	x19,x19,-1	 x19:0x00000004 x19=0x00000003
       13935000	      1392	80002404	ffd00a93	addi	x21,x0,-3	  x0:0x00000000 x21=0xfffffffd
       13945000	      1393	80002408	ffc00093	addi	x1,x0,-4	  x0:0x00000000  x1=0xfffffffc
       13955000	      1394	8000240c	8535a137	lui	x2,0x8535a	  x2=0x8535a000
       13965000	      1395	80002410	ff6a8a93	addi	x21,x21,-10	 x21:0xfffffffd x21=0xfffffff3
       13975000	      1396	80002414	a4378513	addi	x10,x15,-1469	 x15:0x72b09000 x10=0x72b08a43
       13985000	      1397	80002418	2caa0b17	auipc	x22,0x2caa0	 x22=0xacaa2414
       13995000	      1398	8000241c	fe1ad8e3	bge	x21,x1,8000240c	 x21:0xfffffff3  x1:0xfffffffc
       14005000	      1399	80002420	fdc9fee3	bgeu	x19,x28,800023fc	 x19:0x00000003 x28:0x00000004
       14015000	      1400	80002424	5e566193	ori	x3,x12,1509	 x12:0x80009f5b  x3=0x80009fff
       14025000	      1401	80002428	00900993	addi	x19,x0,9	  x0:0x00000000 x19=0x00000009
       14035000	      1402	8000242c	47553613	sltiu	x12,x10,1141	 x10:0x72b08a43 x12=0x00000000
       14045000	      1403	80002430	01200813	addi	x16,x0,18	  x0:0x00000000 x16=0x00000012
       14055000	      1404	80002434	d6bc9137	lui	x2,0xd6bc9	  x2=0xd6bc9000
       14065000	      1405	80002438	009de4b3	or	x9,x27,x9	 x27:0xffffff5b  x9:0xffffffee  x9=0xffffffff
       14075000	      1406	8000243c	e12fbb13	sltiu	x22,x31,-494	 x31:0x00000011 x22=0x00000001
       14085000	      1407	80002440	00998993	addi	x19,x19,9	 x19:0x00000009 x19=0x00000012
       14095000	      1408	80002444	ca884d13	xori	x26,x16,-856	 x16:0x00000012 x26=0xfffffcba
       14105000	      1409	80002448	ffb00513	addi	x10,x0,-5	  x0:0x00000000 x10=0xfffffffb
       14115000	      1410	8000244c	00900d93	addi	x27,x0,9	  x0:0x00000000 x27=0x00000009
       14125000	      1411	80002450	5b307297	auipc	x5,0x5b307	  x5=0xdb30944c
       14135000	      1412	80002454	d4354313	xori	x6,x10,-701	 x10:0xfffffffb  x6=0x000002b8
       14145000	      1413	80002458	00150513	addi	x10,x10,1	 x10:0xfffffffb x10=0xfffffffc
       14155000	      1414	8000245c	ffb54ce3	blt	x10,x27,80002454	 x10:0xfffffffc x27:0x00000009
       14165000	      1415	00000000	00000013	addi	x0,x0,0	  x0:0x00000000
       14175000	      1416	80002450	00000013	addi	x0,x0,0	  x0:0x00000000
       14185000	      1417	80002454	d4354313	xori	x6,x10,-701	 x10:0xfffffffc  x6=0x000002bf
       14195000	      1418	80002458	00150513	addi	x10,x10,1	 x10:0xfffffffc x10=0xfffffffd
       14205000	      1419	8000245c	ffb54ce3	blt	x10,x27,80002454	 x10:0xfffffffd x27:0x00000009
       14215000	      1420	00000000	00000013	addi	x0,x0,0	  x0:0x00000000
       14225000	      1421	80002450	00000013	addi	x0,x0,0	  x0:0x00000000
       14235000	      1422	80002454	d4354313	xori	x6,x10,-701	 x10:0xfffffffd  x6=0x000002be
       14245000	      1423	80002458	00150513	addi	x10,x10,1	 x10:0xfffffffd x10=0xfffffffe
       14255000	      1424	8000245c	ffb54ce3	blt	x10,x27,80002454	 x10:0xfffffffe x27:0x00000009
       14265000	      1425	00000000	00000013	addi	x0,x0,0	  x0:0x00000000
       14275000	      1426	80002450	00000013	addi	x0,x0,0	  x0:0x00000000
       14285000	      1427	80002454	d4354313	xori	x6,x10,-701	 x10:0xfffffffe  x6=0x000002bd
       14295000	      1428	80002458	00150513	addi	x10,x10,1	 x10:0xfffffffe x10=0xffffffff
       14305000	      1429	8000245c	ffb54ce3	blt	x10,x27,80002454	 x10:0xffffffff x27:0x00000009
       14315000	      1430	00000000	00000013	addi	x0,x0,0	  x0:0x00000000
       14325000	      1431	80002450	00000013	addi	x0,x0,0	  x0:0x00000000
       14335000	      1432	80002454	d4354313	xori	x6,x10,-701	 x10:0xffffffff  x6=0x000002bc
       14345000	      1433	80002458	00150513	addi	x10,x10,1	 x10:0xffffffff x10=0x00000000
       14355000	      1434	8000245c	ffb54ce3	blt	x10,x27,80002454	 x10:0x00000000 x27:0x00000009
       14365000	      1435	00000000	00000013	addi	x0,x0,0	  x0:0x00000000
       14375000	      1436	80002450	00000013	addi	x0,x0,0	  x0:0x00000000
       14385000	      1437	80002454	d4354313	xori	x6,x10,-701	 x10:0x00000000  x6=0xfffffd43
       14395000	      1438	80002458	00150513	addi	x10,x10,1	 x10:0x00000000 x10=0x00000001
       14405000	      1439	8000245c	ffb54ce3	blt	x10,x27,80002454	 x10:0x00000001 x27:0x00000009
       14415000	      1440	00000000	00000013	addi	x0,x0,0	  x0:0x00000000
       14425000	      1441	80002450	00000013	addi	x0,x0,0	  x0:0x00000000
       14435000	      1442	80002454	d4354313	xori	x6,x10,-701	 x10:0x00000001  x6=0xfffffd42
       14445000	      1443	80002458	00150513	addi	x10,x10,1	 x10:0x00000001 x10=0x00000002
       14455000	      1444	8000245c	ffb54ce3	blt	x10,x27,80002454	 x10:0x00000002 x27:0x00000009
       14465000	      1445	00000000	00000013	addi	x0,x0,0	  x0:0x00000000
       14475000	      1446	80002450	00000013	addi	x0,x0,0	  x0:0x00000000
       14485000	      1447	80002454	d4354313	xori	x6,x10,-701	 x10:0x00000002  x6=0xfffffd41
       14495000	      1448	80002458	00150513	addi	x10,x10,1	 x10:0x00000002 x10=0x00000003
       14505000	      1449	8000245c	ffb54ce3	blt	x10,x27,80002454	 x10:0x00000003 x27:0x00000009
       14515000	      1450	00000000	00000013	addi	x0,x0,0	  x0:0x00000000
       14525000	      1451	80002450	00000013	addi	x0,x0,0	  x0:0x00000000
       14535000	      1452	80002454	d4354313	xori	x6,x10,-701	 x10:0x00000003  x6=0xfffffd40
       14545000	      1453	80002458	00150513	addi	x10,x10,1	 x10:0x00000003 x10=0x00000004
       14555000	      1454	8000245c	ffb54ce3	blt	x10,x27,80002454	 x10:0x00000004 x27:0x00000009
       14565000	      1455	00000000	00000013	addi	x0,x0,0	  x0:0x00000000
       14575000	      1456	80002450	00000013	addi	x0,x0,0	  x0:0x00000000
       14585000	      1457	80002454	d4354313	xori	x6,x10,-701	 x10:0x00000004  x6=0xfffffd47
       14595000	      1458	80002458	00150513	addi	x10,x10,1	 x10:0x00000004 x10=0x00000005
       14605000	      1459	8000245c	ffb54ce3	blt	x10,x27,80002454	 x10:0x00000005 x27:0x00000009
       14615000	      1460	00000000	00000013	addi	x0,x0,0	  x0:0x00000000
       14625000	      1461	80002450	00000013	addi	x0,x0,0	  x0:0x00000000
       14635000	      1462	80002454	d4354313	xori	x6,x10,-701	 x10:0x00000005  x6=0xfffffd46
       14645000	      1463	80002458	00150513	addi	x10,x10,1	 x10:0x00000005 x10=0x00000006
       14655000	      1464	8000245c	ffb54ce3	blt	x10,x27,80002454	 x10:0x00000006 x27:0x00000009
       14665000	      1465	00000000	00000013	addi	x0,x0,0	  x0:0x00000000
       14675000	      1466	80002450	00000013	addi	x0,x0,0	  x0:0x00000000
       14685000	      1467	80002454	d4354313	xori	x6,x10,-701	 x10:0x00000006  x6=0xfffffd45
       14695000	      1468	80002458	00150513	addi	x10,x10,1	 x10:0x00000006 x10=0x00000007
       14705000	      1469	8000245c	ffb54ce3	blt	x10,x27,80002454	 x10:0x00000007 x27:0x00000009
       14715000	      1470	00000000	00000013	addi	x0,x0,0	  x0:0x00000000
       14725000	      1471	80002450	00000013	addi	x0,x0,0	  x0:0x00000000
       14735000	      1472	80002454	d4354313	xori	x6,x10,-701	 x10:0x00000007  x6=0xfffffd44
       14745000	      1473	80002458	00150513	addi	x10,x10,1	 x10:0x00000007 x10=0x00000008
       14755000	      1474	8000245c	ffb54ce3	blt	x10,x27,80002454	 x10:0x00000008 x27:0x00000009
       14765000	      1475	00000000	00000013	addi	x0,x0,0	  x0:0x00000000
       14775000	      1476	80002450	00000013	addi	x0,x0,0	  x0:0x00000000
       14785000	      1477	80002454	d4354313	xori	x6,x10,-701	 x10:0x00000008  x6=0xfffffd4b
       14795000	      1478	80002458	00150513	addi	x10,x10,1	 x10:0x00000008 x10=0x00000009
       14805000	      1479	8000245c	ffb54ce3	blt	x10,x27,80002454	 x10:0x00000009 x27:0x00000009
       14815000	      1480	80002460	77bd0e17	auipc	x28,0x77bd0	 x28=0xf7bd245c
       14825000	      1481	80002464	411558b3	sra	x17,x10,x17	 x10:0x00000009 x17:0xffffffee x17=0x00000000
       14835000	      1482	80002468	006db1b3	sltu	x3,x27,x6	 x27:0x00000009  x6:0xfffffd4b  x3=0x00000001
       14845000	      1483	8000246c	fd09e6e3	bltu	x19,x16,80002438	 x19:0x00000012 x16:0x00000012
       14855000	      1484	80002470	0184a933	slt	x18,x9,x24	  x9:0xffffffff x24:0x80009fc4 x18=0x00000000
       14865000	      1485	80002474	0003ee63	bltu	x7,x0,80002490	  x7:0x00000000  x0:0x00000000
       14875000	      1486	80002478	85e38f13	addi	x30,x7,-1954	  x7:0x00000000 x30=0xfffff85e
       14885000	      1487	8000247c	409a07b3	sub	x15,x20,x9	 x20:0x00000010  x9:0xffffffff x15=0x00000011
       14895000	      1488	80002480	017f07b3	add	x15,x30,x23	 x30:0xfffff85e x23:0x80009f5c x15=0x800097ba
       14905000	      1489	80002484	41e80db3	sub	x27,x16,x30	 x16:0x00000012 x30:0xfffff85e x27=0x000007b4
       14915000	      1490	80002488	014b5663	bge	x22,x20,80002494	 x22:0x00000001 x20:0x00000010
       14925000	      1491	8000248c	00000013	addi	x0,x0,0	  x0:0x00000000
       14935000	      1492	80002490	01e692b3	sll	x5,x13,x30	 x13:0xffffffef x30:0xfffff85e  x5=0xc0000000
       14945000	      1493	80002494	00a0f8b3	and	x17,x1,x10	  x1:0xfffffffc x10:0x00000009 x17=0x00000008
       14955000	      1494	80002498	0531e063	bltu	x3,x19,800024d8	  x3:0x00000001 x19:0x00000012
       14965000	      1495	00000000	00000013	addi	x0,x0,0	  x0:0x00000000
       14975000	      1496	800024d4	00000013	addi	x0,x0,0	  x0:0x00000000
       14985000	      1497	800024d8	01bf1c63	bne	x30,x27,800024f0	 x30:0xfffff85e x27:0x000007b4
       14995000	      1498	00000000	00000013	addi	x0,x0,0	  x0:0x00000000
       15005000	      1499	800024ec	00000013	addi	x0,x0,0	  x0:0x00000000
       15015000	      1500	800024f0	404b5033	sra	x0,x22,x4	 x22:0x00000001  x4:0x00000001
       15025000	      1501	800024f4	40f352b3	sra	x5,x6,x15	  x6:0xfffffd4b x15:0x800097ba  x5=0xffffffff
       15035000	      1502	800024f8	04dfd663	bge	x31,x13,80002544	 x31:0x00000011 x13:0xffffffef
       15045000	      1503	00000000	00000013	addi	x0,x0,0	  x0:0x00000000
       15055000	      1504	80002540	00000013	addi	x0,x0,0	  x0:0x00000000
       15065000	      1505	80002544	0277dc63	bge	x15,x7,8000257c	 x15:0x800097ba  x7:0x00000000
       15075000	      1506	80002548	0109dcb3	srl	x25,x19,x16	 x19:0x00000012 x16:0x00000012 x25=0x00000000
       15085000	      1507	8000254c	aa1c2913	slti	x18,x24,-1375	 x24:0x80009fc4 x18=0x00000001
       15095000	      1508	80002550	02235863	bge	x6,x2,80002580	  x6:0xfffffd4b  x2:0xd6bc9000
       15105000	      1509	00000000	00000013	addi	x0,x0,0	  x0:0x00000000
       15115000	      1510	8000257c	00000013	addi	x0,x0,0	  x0:0x00000000
       15125000	      1511	80002580	018d1db3	sll	x27,x26,x24	 x26:0xfffffcba x24:0x80009fc4 x27=0xffffcba0
       15135000	      1512	80002584	f429d2b7	lui	x5,0xf429d	  x5=0xf429d000
       15145000	      1513	80002588	40d25f33	sra	x30,x4,x13	  x4:0x00000001 x13:0xffffffef x30=0x00000000
       15155000	      1514	8000258c	035b6a63	bltu	x22,x21,800025c0	 x22:0x00000001 x21:0xfffffff3
       15165000	      1515	00000000	00000013	addi	x0,x0,0	  x0:0x00000000
       15175000	      1516	800025bc	00000013	addi	x0,x0,0	  x0:0x00000000
       15185000	      1517	800025c0	946c7213	andi	x4,x24,-1722	 x24:0x80009fc4  x4=0x80009944
       15195000	      1518	800025c4	024ea4b7	lui	x9,0x24ea	  x9=0x024ea000
       15205000	      1519	800025c8	01185793	srli	x15,x16,0x11	 x16:0x00000012 x15=0x00000000
       15215000	      1520	800025cc	8d2e5117	auipc	x2,0x8d2e5	  x2=0x0d2e75c8
       15225000	      1521	800025d0	56df8993	addi	x19,x31,1389	 x31:0x00000011 x19=0x0000057e
       15235000	      1522	800025d4	41cb85b3	sub	x11,x23,x28	 x23:0x80009f5c x28:0xf7bd245c x11=0x88437b00
       15245000	      1523	800025d8	41e609b3	sub	x19,x12,x30	 x12:0x00000000 x30:0x00000000 x19=0x00000000
       15255000	      1524	800025dc	011a1493	slli	x9,x20,0x11	 x20:0x00000010  x9=0x00200000
       15265000	      1525	800025e0	3f517e93	andi	x29,x2,1013	  x2:0x0d2e75c8 x29=0x000001c0
       15275000	      1526	800025e4	0184d633	srl	x12,x9,x24	  x9:0x00200000 x24:0x80009fc4 x12=0x00020000
       15285000	      1527	800025e8	0217cc63	blt	x15,x1,80002620	 x15:0x00000000  x1:0xfffffffc
       15295000	      1528	800025ec	0140dfb3	srl	x31,x1,x20	  x1:0xfffffffc x20:0x00000010 x31=0x0000ffff
       15305000	      1529	800025f0	05c43793	sltiu	x15,x8,92	  x8:0x00000009 x15=0x00000001
       15315000	      1530	800025f4	efbd3897	auipc	x17,0xefbd3	 x17=0x6fbd55f0
       15325000	      1531	800025f8	00897a63	bgeu	x18,x8,8000260c	 x18:0x00000001  x8:0x00000009
       15335000	      1532	800025fc	007d4eb3	xor	x29,x26,x7	 x26:0xfffffcba  x7:0x00000000 x29=0xfffffcba
       15345000	      1533	80002600	0eef2693	slti	x13,x30,238	 x30:0x00000000 x13=0x00000001
       15355000	      1534	80002604	659c2893	slti	x17,x24,1625	 x24:0x80009fc4 x17=0x00000001
       15365000	      1535	80002608	00c5c9b3	xor	x19,x11,x12	 x11:0x88437b00 x12:0x00020000 x19=0x88417b00
       15375000	      1536	8000260c	70d9e037	lui	x0,0x70d9e	
       15385000	      1537	80002610	401d59b3	sra	x19,x26,x1	 x26:0xfffffcba  x1:0xfffffffc x19=0xffffffff
       15395000	      1538	80002614	41955393	srai	x7,x10,0x19	 x10:0x00000009  x7=0x00000000
       15405000	      1539	80002618	00000013	addi	x0,x0,0	  x0:0x00000000
       15415000	      1540	8000261c	0b820a93	addi	x21,x4,184	  x4:0x80009944 x21=0x800099fc
       15425000	      1541	80002620	04ce0263	beq	x28,x12,80002664	 x28:0xf7bd245c x12:0x00020000
       15435000	      1542	80002624	015960b3	or	x1,x18,x21	 x18:0x00000001 x21:0x800099fc  x1=0x800099fd
       15445000	      1543	80002628	03724c63	blt	x4,x23,80002660	  x4:0x80009944 x23:0x80009f5c
       15455000	      1544	00000000	00000013	addi	x0,x0,0	  x0:0x00000000
       15465000	      1545	8000265c	00000013	addi	x0,x0,0	  x0:0x00000000
       15475000	      1546	80002660	92bde893	ori	x17,x27,-1749	 x27:0xffffcba0 x17=0xfffffbab
       15485000	      1547	80002664	04ca6263	bltu	x20,x12,800026a8	 x20:0x00000010 x12:0x00020000
       15495000	      1548	00000000	00000013	addi	x0,x0,0	  x0:0x00000000
       15505000	      1549	800026a4	00000013	addi	x0,x0,0	  x0:0x00000000
       15515000	      1550	800026a8	67ff0193	addi	x3,x30,1663	 x30:0x00000000  x3=0x0000067f
       15525000	      1551	800026ac	43417913	andi	x18,x2,1076	  x2:0x0d2e75c8 x18=0x00000400
       15535000	      1552	800026b0	0174ea63	bltu	x9,x23,800026c4	  x9:0x00200000 x23:0x80009f5c
       15545000	      1553	00000000	00000013	addi	x0,x0,0	  x0:0x00000000
       15555000	      1554	800026c0	00000013	addi	x0,x0,0	  x0:0x00000000
       15565000	      1555	800026c4	03da5e63	bge	x20,x29,80002700	 x20:0x00000010 x29:0xfffffcba
       15575000	      1556	00000000	00000013	addi	x0,x0,0	  x0:0x00000000
       15585000	      1557	800026fc	00000013	addi	x0,x0,0	  x0:0x00000000
       15595000	      1558	80002700	005cafb3	slt	x31,x25,x5	 x25:0x00000000  x5:0xf429d000 x31=0x00000000
       15605000	      1559	80002704	01ef5213	srli	x4,x30,0x1e	 x30:0x00000000  x4=0x00000000
       15615000	      1560	80002708	40d3d393	srai	x7,x7,0xd	  x7:0x00000000  x7=0x00000000
       15625000	      1561	8000270c	3b280c93	addi	x25,x16,946	 x16:0x00000012 x25=0x000003c4
       15635000	      1562	80002710	006a89b3	add	x19,x21,x6	 x21:0x800099fc  x6:0xfffffd4b x19=0x80009747
       15645000	      1563	80002714	024f4c63	blt	x30,x4,8000274c	 x30:0x00000000  x4:0x00000000
       15655000	      1564	80002718	05c59063	bne	x11,x28,80002758	 x11:0x88437b00 x28:0xf7bd245c
       15665000	      1565	00000000	00000013	addi	x0,x0,0	  x0:0x00000000
       15675000	      1566	80002754	00000013	addi	x0,x0,0	  x0:0x00000000
       15685000	      1567	80002758	291d8993	addi	x19,x27,657	 x27:0xffffcba0 x19=0xffffce31
       15695000	      1568	8000275c	010b50b3	srl	x1,x22,x16	 x22:0x00000001 x16:0x00000012  x1=0x00000000
       15705000	      1569	80002760	01c25e33	srl	x28,x4,x28	  x4:0x00000000 x28:0xf7bd245c x28=0x00000000
       15715000	      1570	80002764	01729f93	slli	x31,x5,0x17	  x5:0xf429d000 x31=0x00000000
       15725000	      1571	80002768	4185d833	sra	x16,x11,x24	 x11:0x88437b00 x24:0x80009fc4 x16=0xf88437b0
       15735000	      1572	8000276c	0351f263	bgeu	x3,x21,80002790	  x3:0x0000067f x21:0x800099fc
       15745000	      1573	80002770	40715e13	srai	x28,x2,0x7	  x2:0x0d2e75c8 x28=0x001a5ceb
       15755000	      1574	80002774	00bd2b33	slt	x22,x26,x11	 x26:0xfffffcba x11:0x88437b00 x22=0x00000000
       15765000	      1575	80002778	68c77c93	andi	x25,x14,1676	 x14:0x00000000 x25=0x00000000
       15775000	      1576	8000277c	485cbe13	sltiu	x28,x25,1157	 x25:0x00000000 x28=0x00000001
       15785000	      1577	80002780	821b8fb7	lui	x31,0x821b8	 x31=0x821b8000
       15795000	      1578	80002784	03cc5e63	bge	x24,x28,800027c0	 x24:0x80009fc4 x28:0x00000001
       15805000	      1579	80002788	04798863	beq	x19,x7,800027d8	 x19:0xffffce31  x7:0x00000000
       15815000	      1580	8000278c	00d00b33	add	x22,x0,x13	  x0:0x00000000 x13:0x00000001 x22=0x00000001
       15825000	      1581	80002790	db92e913	ori	x18,x5,-583	  x5:0xf429d000 x18=0xfffffdb9
       15835000	      1582	80002794	01e202b3	add	x5,x4,x30	  x4:0x00000000 x30:0x00000000  x5=0x00000000
       15845000	      1583	80002798	01b5ad33	slt	x26,x11,x27	 x11:0x88437b00 x27:0xffffcba0 x26=0x00000001
       15855000	      1584	8000279c	41f7df93	srai	x31,x15,0x1f	 x15:0x00000001 x31=0x00000000
       15865000	      1585	800027a0	00239233	sll	x4,x7,x2	  x7:0x00000000  x2:0x0d2e75c8  x4=0x00000000
       15875000	      1586	800027a4	402ddf13	srai	x30,x27,0x2	 x27:0xffffcba0 x30=0xfffff2e8
       15885000	      1587	800027a8	028e1c63	bne	x28,x8,800027e0	 x28:0x00000001  x8:0x00000009
       15895000	      1588	00000000	00000013	addi	x0,x0,0	  x0:0x00000000
       15905000	      1589	800027dc	00000013	addi	x0,x0,0	  x0:0x00000000
       15915000	      1590	800027e0	009b9f93	slli	x31,x23,0x9	 x23:0x80009f5c x31=0x013eb800
       15925000	      1591	800027e4	0030df93	srli	x31,x1,0x3	  x1:0x00000000 x31=0x00000000
       15935000	      1592	800027e8	012b1233	sll	x4,x22,x18	 x22:0x00000001 x18:0xfffffdb9  x4=0x02000000
       15945000	      1593	800027ec	00d7ee63	bltu	x15,x13,80002808	 x15:0x00000001 x13:0x00000001
       15955000	      1594	800027f0	00bbd213	srli	x4,x23,0xb	 x23:0x80009f5c  x4=0x00100013
       15965000	      1595	800027f4	002d9db3	sll	x27,x27,x2	 x27:0xffffcba0  x2:0x0d2e75c8 x27=0xffcba000
       15975000	      1596	800027f8	e8fbc913	xori	x18,x23,-369	 x23:0x80009f5c x18=0x7fff61d3
       15985000	      1597	800027fc	01e4e533	or	x10,x9,x30	  x9:0x00200000 x30:0xfffff2e8 x10=0xfffff2e8
       15995000	      1598	80002800	00bc6233	or	x4,x24,x11	 x24:0x80009fc4 x11:0x88437b00  x4=0x8843ffc4
       16005000	      1599	80002804	99723993	sltiu	x19,x4,-1641	  x4:0x8843ffc4 x19=0x00000001
       16015000	      1600	80002808	199b8893	addi	x17,x23,409	 x23:0x80009f5c x17=0x8000a0f5
       16025000	      1601	8000280c	04b01263	bne	x0,x11,80002850	  x0:0x00000000 x11:0x88437b00
       16035000	      1602	00000000	00000013	addi	x0,x0,0	  x0:0x00000000
       16045000	      1603	8000284c	00000013	addi	x0,x0,0	  x0:0x00000000
       16055000	      1604	80002850	01711e33	sll	x28,x2,x23	  x2:0x0d2e75c8 x23:0x80009f5c x28=0x80000000
       16065000	      1605	80002854	02df8463	beq	x31,x13,8000287c	 x31:0x00000000 x13:0x00000001
       16075000	      1606	80002858	055c4663	blt	x24,x21,800028a4	 x24:0x80009fc4 x21:0x800099fc
       16085000	      1607	8000285c	055e5063	bge	x28,x21,8000289c	 x28:0x80000000 x21:0x800099fc
       16095000	      1608	80002860	0113fc63	bgeu	x7,x17,80002878	  x7:0x00000000 x17:0x8000a0f5
       16105000	      1609	80002864	003b8933	add	x18,x23,x3	 x23:0x80009f5c  x3:0x0000067f x18=0x8000a5db
       16115000	      1610	80002868	40ed8133	sub	x2,x27,x14	 x27:0xffcba000 x14:0x00000000  x2=0xffcba000
       16125000	      1611	8000286c	00000013	addi	x0,x0,0	  x0:0x00000000
       16135000	      1612	80002870	41a283b3	sub	x7,x5,x26	  x5:0x00000000 x26:0x00000001  x7=0xffffffff
       16145000	      1613	80002874	01686433	or	x8,x16,x22	 x16:0xf88437b0 x22:0x00000001  x8=0xf88437b1
       16155000	      1614	80002878	a14daf93	slti	x31,x27,-1516	 x27:0xffcba000 x31=0x00000001
       16165000	      1615	8000287c	00d266b3	or	x13,x4,x13	  x4:0x8843ffc4 x13:0x00000001 x13=0x8843ffc5
       16175000	      1616	80002880	40695e33	sra	x28,x18,x6	 x18:0x8000a5db  x6:0xfffffd4b x28=0xfff00014
       16185000	      1617	80002884	403fd533	sra	x10,x31,x3	 x31:0x00000001  x3:0x0000067f x10=0x00000000
       16195000	      1618	80002888	00b6ee33	or	x28,x13,x11	 x13:0x8843ffc5 x11:0x88437b00 x28=0x8843ffc5
       16205000	      1619	8000288c	41888b33	sub	x22,x17,x24	 x17:0x8000a0f5 x24:0x80009fc4 x22=0x00000131
       16215000	      1620	80002890	00389213	slli	x4,x17,0x3	 x17:0x8000a0f5  x4=0x000507a8
       16225000	      1621	80002894	00a95a33	srl	x20,x18,x10	 x18:0x8000a5db x10:0x00000000 x20=0x8000a5db
       16235000	      1622	80002898	05fd9663	bne	x27,x31,800028e4	 x27:0xffcba000 x31:0x00000001
       16245000	      1623	00000000	00000013	addi	x0,x0,0	  x0:0x00000000
       16255000	      1624	800028e0	00000013	addi	x0,x0,0	  x0:0x00000000
       16265000	      1625	800028e4	03b95263	bge	x18,x27,80002908	 x18:0x8000a5db x27:0xffcba000
       16275000	      1626	800028e8	02748463	beq	x9,x7,80002910	  x9:0x00200000  x7:0xffffffff
       16285000	      1627	800028ec	0256ec63	bltu	x13,x5,80002924	 x13:0x8843ffc5  x5:0x00000000
       16295000	      1628	800028f0	00690ab3	add	x21,x18,x6	 x18:0x8000a5db  x6:0xfffffd4b x21=0x8000a326
       16305000	      1629	800028f4	01191033	sll	x0,x18,x17	 x18:0x8000a5db x17:0x8000a0f5
       16315000	      1630	800028f8	01ffda63	bge	x31,x31,8000290c	 x31:0x00000001 x31:0x00000001
       16325000	      1631	00000000	00000013	addi	x0,x0,0	  x0:0x00000000
       16335000	      1632	80002908	00000013	addi	x0,x0,0	  x0:0x00000000
       16345000	      1633	8000290c	0016edb3	or	x27,x13,x1	 x13:0x8843ffc5  x1:0x00000000 x27=0x8843ffc5
       16355000	      1634	80002910	c035e693	ori	x13,x11,-1021	 x11:0x88437b00 x13=0xffffff03
       16365000	      1635	80002914	013cacb3	slt	x25,x25,x19	 x25:0x00000000 x19:0x00000001 x25=0x00000001
       16375000	      1636	80002918	5b398893	addi	x17,x19,1459	 x19:0x00000001 x17=0x000005b4
       16385000	      1637	8000291c	1ebdbb13	sltiu	x22,x27,491	 x27:0x8843ffc5 x22=0x00000000
       16395000	      1638	80002920	00dc7663	bgeu	x24,x13,8000292c	 x24:0x80009fc4 x13:0xffffff03
       16405000	      1639	80002924	01408db3	add	x27,x1,x20	  x1:0x00000000 x20:0x8000a5db x27=0x8000a5db
       16415000	      1640	80002928	adcaeb13	ori	x22,x21,-1316	 x21:0x8000a326 x22=0xfffffbfe
       16425000	      1641	8000292c	05036897	auipc	x17,0x5036	 x17=0x85038928
       16435000	      1642	80002930	035cec63	bltu	x25,x21,80002968	 x25:0x00000001 x21:0x8000a326
       16445000	      1643	00000000	00000013	addi	x0,x0,0	  x0:0x00000000
       16455000	      1644	80002964	00000013	addi	x0,x0,0	  x0:0x00000000
       16465000	      1645	80002968	02271c63	bne	x14,x2,800029a0	 x14:0x00000000  x2:0xffcba000
       16475000	      1646	00000000	00000013	addi	x0,x0,0	  x0:0x00000000
       16485000	      1647	8000299c	00000013	addi	x0,x0,0	  x0:0x00000000
       16495000	      1648	800029a0	00000013	addi	x0,x0,0	  x0:0x00000000
       16505000	      1649	800029a4	003e4463	blt	x28,x3,800029ac	 x28:0x8843ffc5  x3:0x0000067f
       16515000	      1650	00000000	00000013	addi	x0,x0,0	  x0:0x00000000
       16525000	      1651	800029a8	00000013	addi	x0,x0,0	  x0:0x00000000
       16535000	      1652	800029ac	00420c63	beq	x4,x4,800029c4	  x4:0x000507a8  x4:0x000507a8
       16545000	      1653	00000000	00000013	addi	x0,x0,0	  x0:0x00000000
       16555000	      1654	800029c0	00000013	addi	x0,x0,0	  x0:0x00000000
       16565000	      1655	800029c4	ff0e0b17	auipc	x22,0xff0e0	 x22=0x7f0e29c0
       16575000	      1656	800029c8	00000013	addi	x0,x0,0	  x0:0x00000000
       16585000	      1657	800029cc	018a00b3	add	x1,x20,x24	 x20:0x8000a5db x24:0x80009fc4  x1=0x0001459f
       16595000	      1658	800029d0	ad5dba13	sltiu	x20,x27,-1323	 x27:0x8000a5db x20=0x00000001
       16605000	      1659	800029d4	b792e193	ori	x3,x5,-1159	  x5:0x00000000  x3=0xfffffb79
       16615000	      1660	800029d8	417cdfb3	sra	x31,x25,x23	 x25:0x00000001 x23:0x80009f5c x31=0x00000000
       16625000	      1661	800029dc	412bde33	sra	x28,x23,x18	 x23:0x80009f5c x18:0x8000a5db x28=0xfffffff0
       16635000	      1662	800029e0	01a115b3	sll	x11,x2,x26	  x2:0xffcba000 x26:0x00000001 x11=0xff974000
       16645000	      1663	800029e4	1e900db7	lui	x27,0x1e900	 x27=0x1e900000
       16655000	      1664	800029e8	02d80263	beq	x16,x13,80002a0c	 x16:0xf88437b0 x13:0xffffff03
       16665000	      1665	800029ec	d1c27837	lui	x16,0xd1c27	 x16=0xd1c27000
       16675000	      1666	800029f0	8a60fa93	andi	x21,x1,-1882	  x1:0x0001459f x21=0x00014086
       16685000	      1667	800029f4	78834897	auipc	x17,0x78834	 x17=0xf88369f0
       16695000	      1668	800029f8	2d7dab13	slti	x22,x27,727	 x27:0x1e900000 x22=0x00000000
       16705000	      1669	800029fc	016dd3b3	srl	x7,x27,x22	 x27:0x1e900000 x22:0x00000000  x7=0x1e900000
       16715000	      1670	80002a00	9525e497	auipc	x9,0x9525e	  x9=0x152609fc
       16725000	      1671	80002a04	00b18fb3	add	x31,x3,x11	  x3:0xfffffb79 x11:0xff974000 x31=0xff973b79
       16735000	      1672	80002a08	01b9fab3	and	x21,x19,x27	 x19:0x00000001 x27:0x1e900000 x21=0x00000000
       16745000	      1673	80002a0c	03cd4e63	blt	x26,x28,80002a48	 x26:0x00000001 x28:0xfffffff0
       16755000	      1674	80002a10	41fedc93	srai	x25,x29,0x1f	 x29:0xfffffcba x25=0xffffffff
       16765000	      1675	80002a14	48df4413	xori	x8,x30,1165	 x30:0xfffff2e8  x8=0xfffff665
       16775000	      1676	80002a18	85d19617	auipc	x12,0x85d19	 x12=0x05d1ba14
       16785000	      1677	80002a1c	04bb0863	beq	x22,x11,80002a6c	 x22:0x00000000 x11:0xff974000
       16795000	      1678	80002a20	00824a33	xor	x20,x4,x8	  x4:0x000507a8  x8:0xfffff665 x20=0xfffaf1cd
       16805000	      1679	80002a24	01e272b3	and	x5,x4,x30	  x4:0x000507a8 x30:0xfffff2e8  x5=0x000502a8
       16815000	      1680	80002a28	d3331517	auipc	x10,0xd3331	 x10=0x53333a24
       16825000	      1681	80002a2c	01cd5193	srli	x3,x26,0x1c	 x26:0x00000001  x3=0x00000000
       16835000	      1682	80002a30	03dfc863	blt	x31,x29,80002a60	 x31:0xff973b79 x29:0xfffffcba
       16845000	      1683	00000000	00000013	addi	x0,x0,0	  x0:0x00000000
       16855000	      1684	80002a5c	00000013	addi	x0,x0,0	  x0:0x00000000
       16865000	      1685	80002a60	051d8263	beq	x27,x17,80002aa4	 x27:0x1e900000 x17:0xf88369f0
       16875000	      1686	80002a64	d1d8c993	xori	x19,x17,-739	 x17:0xf88369f0 x19=0x077c94ed
       16885000	      1687	80002a68	00d95e93	srli	x29,x18,0xd	 x18:0x8000a5db x29=0x00040005
       16895000	      1688	80002a6c	00000013	addi	x0,x0,0	  x0:0x00000000
       16905000	      1689	80002a70	00b319b3	sll	x19,x6,x11	  x6:0xfffffd4b x11:0xff974000 x19=0xfffffd4b
       16915000	      1690	80002a74	00bd20b3	slt	x1,x26,x11	 x26:0x00000001 x11:0xff974000  x1=0x00000000
       16925000	      1691	80002a78	016d32b3	sltu	x5,x26,x22	 x26:0x00000001 x22:0x00000000  x5=0x00000000
       16935000	      1692	80002a7c	0116d033	srl	x0,x13,x17	 x13:0xffffff03 x17:0xf88369f0
       16945000	      1693	80002a80	44bbe213	ori	x4,x23,1099	 x23:0x80009f5c  x4=0x80009f5f
       16955000	      1694	80002a84	0182aeb3	slt	x29,x5,x24	  x5:0x00000000 x24:0x80009fc4 x29=0x00000000
       16965000	      1695	80002a88	01bfd693	srli	x13,x31,0x1b	 x31:0xff973b79 x13=0x0000001f
       16975000	      1696	80002a8c	00000013	addi	x0,x0,0	  x0:0x00000000
       16985000	      1697	80002a90	0177d933	srl	x18,x15,x23	 x15:0x00000001 x23:0x80009f5c x18=0x00000000
       16995000	      1698	80002a94	01b61c63	bne	x12,x27,80002aac	 x12:0x05d1ba14 x27:0x1e900000
       17005000	      1699	00000000	00000013	addi	x0,x0,0	  x0:0x00000000
       17015000	      1700	80002aa8	00000013	addi	x0,x0,0	  x0:0x00000000
       17025000	      1701	80002aac	26f94893	xori	x17,x18,623	 x18:0x00000000 x17=0x0000026f
       17035000	      1702	80002ab0	30a24813	xori	x16,x4,778	  x4:0x80009f5f x16=0x80009c55
       17045000	      1703	80002ab4	015a6133	or	x2,x20,x21	 x20:0xfffaf1cd x21:0x00000000  x2=0xfffaf1cd
       17055000	      1704	80002ab8	0199a433	slt	x8,x19,x25	 x19:0xfffffd4b x25:0xffffffff  x8=0x00000001
       17065000	      1705	80002abc	0019c4b3	xor	x9,x19,x1	 x19:0xfffffd4b  x1:0x00000000  x9=0xfffffd4b
       17075000	      1706	80002ac0	01418db3	add	x27,x3,x20	  x3:0x00000000 x20:0xfffaf1cd x27=0xfffaf1cd
       17085000	      1707	80002ac4	02c6ec63	bltu	x13,x12,80002afc	 x13:0x0000001f x12:0x05d1ba14
       17095000	      1708	00000000	00000013	addi	x0,x0,0	  x0:0x00000000
       17105000	      1709	80002af8	00000013	addi	x0,x0,0	  x0:0x00000000
       17115000	      1710	80002afc	0222de63	bge	x5,x2,80002b38	  x5:0x00000000  x2:0xfffaf1cd
       17125000	      1711	00000000	00000013	addi	x0,x0,0	  x0:0x00000000
       17135000	      1712	80002b34	00000013	addi	x0,x0,0	  x0:0x00000000
       17145000	      1713	80002b38	aacae693	ori	x13,x21,-1364	 x21:0x00000000 x13=0xfffffaac
       17155000	      1714	80002b3c	41f9d9b3	sra	x19,x19,x31	 x19:0xfffffd4b x31:0xff973b79 x19=0xffffffff
       17165000	      1715	80002b40	005b9313	slli	x6,x23,0x5	 x23:0x80009f5c  x6=0x0013eb80
       17175000	      1716	80002b44	00328633	add	x12,x5,x3	  x5:0x00000000  x3:0x00000000 x12=0x00000000
       17185000	      1717	80002b48	00d562b3	or	x5,x10,x13	 x10:0x53333a24 x13:0xfffffaac  x5=0xfffffaac
       17195000	      1718	80002b4c	010a0f33	add	x30,x20,x16	 x20:0xfffaf1cd x16:0x80009c55 x30=0x7ffb8e22
       17205000	      1719	80002b50	02dce463	bltu	x25,x13,80002b78	 x25:0xffffffff x13:0xfffffaac
       17215000	      1720	80002b54	03a85c63	bge	x16,x26,80002b8c	 x16:0x80009c55 x26:0x00000001
       17225000	      1721	80002b58	3b613397	auipc	x7,0x3b613	  x7=0xbb615b54
       17235000	      1722	80002b5c	ce4c6d37	lui	x26,0xce4c6	 x26=0xce4c6000
       17245000	      1723	80002b60	01d0d213	srli	x4,x1,0x1d	  x1:0x00000000  x4=0x00000000
       17255000	      1724	80002b64	031a9263	bne	x21,x17,80002b88	 x21:0x00000000 x17:0x0000026f
       17265000	      1725	00000000	00000013	addi	x0,x0,0	  x0:0x00000000
       17275000	      1726	80002b84	00000013	addi	x0,x0,0	  x0:0x00000000
       17285000	      1727	80002b88	008f7133	and	x2,x30,x8	 x30:0x7ffb8e22  x8:0x00000001  x2=0x00000000
       17295000	      1728	80002b8c	00441db3	sll	x27,x8,x4	  x8:0x00000001  x4:0x00000000 x27=0x00000001
       17305000	      1729	80002b90	0046fab3	and	x21,x13,x4	 x13:0xfffffaac  x4:0x00000000 x21=0x00000000
       17315000	      1730	80002b94	6bd37e13	andi	x28,x6,1725	  x6:0x0013eb80 x28=0x00000280
       17325000	      1731	80002b98	e2383e17	auipc	x28,0xe2383	 x28=0x62385b94
       17335000	      1732	80002b9c	00881693	slli	x13,x16,0x8	 x16:0x80009c55 x13=0x009c5500
       17345000	      1733	80002ba0	7d63ee93	ori	x29,x7,2006	  x7:0xbb615b54 x29=0xbb615fd6
       17355000	      1734	80002ba4	605c66b7	lui	x13,0x605c6	 x13=0x605c6000
       17365000	      1735	80002ba8	93500613	addi	x12,x0,-1739	  x0:0x00000000 x12=0xfffff935
       17375000	      1736	80002bac	4a6d3d93	sltiu	x27,x26,1190	 x26:0xce4c6000 x27=0x00000000
       17385000	      1737	80002bb0	041c9263	bne	x25,x1,80002bf4	 x25:0xffffffff  x1:0x00000000
       17395000	      1738	00000000	00000013	addi	x0,x0,0	  x0:0x00000000
       17405000	      1739	80002bf0	00000013	addi	x0,x0,0	  x0:0x00000000
       17415000	      1740	80002bf4	01cbf933	and	x18,x23,x28	 x23:0x80009f5c x28:0x62385b94 x18=0x00001b14
       17425000	      1741	80002bf8	017594b3	sll	x9,x11,x23	 x11:0xff974000 x23:0x80009f5c  x9=0x00000000
       17435000	      1742	80002bfc	01f14033	xor	x0,x2,x31	  x2:0x00000000 x31:0xff973b79
       17445000	      1743	80002c00	019ec863	blt	x29,x25,80002c10	 x29:0xbb615fd6 x25:0xffffffff
       17455000	      1744	00000000	00000013	addi	x0,x0,0	  x0:0x00000000
       17465000	      1745	80002c0c	00000013	addi	x0,x0,0	  x0:0x00000000
       17475000	      1746	80002c10	0467d263	bge	x15,x6,80002c54	 x15:0x00000001  x6:0x0013eb80
       17485000	      1747	80002c14	0491d863	bge	x3,x9,80002c64	  x3:0x00000000  x9:0x00000000
       17495000	      1748	00000000	00000013	addi	x0,x0,0	  x0:0x00000000
       17505000	      1749	80002c60	00000013	addi	x0,x0,0	  x0:0x00000000
       17515000	      1750	80002c64	2de24293	xori	x5,x4,734	  x4:0x00000000  x5=0x000002de
       17525000	      1751	80002c68	b9e6f793	andi	x15,x13,-1122	 x13:0x605c6000 x15=0x605c6000
       17535000	      1752	80002c6c	00000013	addi	x0,x0,0	  x0:0x00000000
       17545000	      1753	80002c70	00e2b3b3	sltu	x7,x5,x14	  x5:0x000002de x14:0x00000000  x7=0x00000000
       17555000	      1754	80002c74	0101f5b3	and	x11,x3,x16	  x3:0x00000000 x16:0x80009c55 x11=0x00000000
       17565000	      1755	80002c78	017db333	sltu	x6,x27,x23	 x27:0x00000000 x23:0x80009f5c  x6=0x00000001
       17575000	      1756	80002c7c	01360e33	add	x28,x12,x19	 x12:0xfffff935 x19:0xffffffff x28=0xfffff934
       17585000	      1757	80002c80	40ee5e93	srai	x29,x28,0xe	 x28:0xfffff934 x29=0xffffffff
       17595000	      1758	80002c84	011b07b3	add	x15,x22,x17	 x22:0x00000000 x17:0x0000026f x15=0x0000026f
       17605000	      1759	80002c88	2243e393	ori	x7,x7,548	  x7:0x00000000  x7=0x00000224
       17615000	      1760	80002c8c	6e337893	andi	x17,x6,1763	  x6:0x00000001 x17=0x00000001
       17625000	      1761	80002c90	6a2c6393	ori	x7,x24,1698	 x24:0x80009fc4  x7=0x80009fe6
       17635000	      1762	80002c94	0157dc63	bge	x15,x21,80002cac	 x15:0x0000026f x21:0x00000000
       17645000	      1763	00000000	00000013	addi	x0,x0,0	  x0:0x00000000
       17655000	      1764	80002ca8	00000013	addi	x0,x0,0	  x0:0x00000000
       17665000	      1765	80002cac	7c9b3a93	sltiu	x21,x22,1993	 x22:0x00000000 x21=0x00000001
       17675000	      1766	80002cb0	07275463	bge	x14,x18,80002d18	 x14:0x00000000 x18:0x00001b14
       17685000	      1767	80002cb4	4cd62e13	slti	x28,x12,1229	 x12:0xfffff935 x28=0x00000001
       17695000	      1768	80002cb8	ffb00693	addi	x13,x0,-5	  x0:0x00000000 x13=0xfffffffb
       17705000	      1769	80002cbc	0cd65817	auipc	x16,0xcd65	 x16=0x8cd67cb8
       17715000	      1770	80002cc0	006965b3	or	x11,x18,x6	 x18:0x00001b14  x6:0x00000001 x11=0x00001b15
       17725000	      1771	80002cc4	01945533	srl	x10,x8,x25	  x8:0x00000001 x25:0xffffffff x10=0x00000000
       17735000	      1772	80002cc8	fef00493	addi	x9,x0,-17	  x0:0x00000000  x9=0xffffffef
       17745000	      1773	80002ccc	0140a433	slt	x8,x1,x20	  x1:0x00000000 x20:0xfffaf1cd  x8=0x00000000
       17755000	      1774	80002cd0	41075d93	srai	x27,x14,0x10	 x14:0x00000000 x27=0x00000000
       17765000	      1775	80002cd4	0117d213	srli	x4,x15,0x11	 x15:0x0000026f  x4=0x00000000
       17775000	      1776	80002cd8	01dacf33	xor	x30,x21,x29	 x21:0x00000001 x29:0xffffffff x30=0xfffffffe
       17785000	      1777	80002cdc	a76b0513	addi	x10,x22,-1418	 x22:0x00000000 x10=0xfffffa76
       17795000	      1778	80002ce0	ffa68693	addi	x13,x13,-6	 x13:0xfffffffb x13=0xfffffff5
       17805000	      1779	80002ce4	0042ab33	slt	x22,x5,x4	  x5:0x000002de  x4:0x00000000 x22=0x00000000
       17815000	      1780	80002ce8	fa38c393	xori	x7,x17,-93	 x17:0x00000001  x7=0xffffffa2
       17825000	      1781	80002cec	00307433	and	x8,x0,x3	  x0:0x00000000  x3:0x00000000  x8=0x00000000
       17835000	      1782	80002cf0	01710233	add	x4,x2,x23	  x2:0x00000000 x23:0x80009f5c  x4=0x80009f5c
       17845000	      1783	80002cf4	40475433	sra	x8,x14,x4	 x14:0x00000000  x4:0x80009f5c  x8=0x00000000
       17855000	      1784	80002cf8	239c1e17	auipc	x28,0x239c1	 x28=0xa39c3cf4
       17865000	      1785	80002cfc	96b80d13	addi	x26,x16,-1685	 x16:0x8cd67cb8 x26=0x8cd67623
       17875000	      1786	80002d00	fc96dce3	bge	x13,x9,80002cd8	 x13:0xfffffff5  x9:0xffffffef
       17885000	      1787	00000000	00000013	addi	x0,x0,0	  x0:0x00000000
       17895000	      1788	80002cd4	00000013	addi	x0,x0,0	  x0:0x00000000
       17905000	      1789	80002cd8	01dacf33	xor	x30,x21,x29	 x21:0x00000001 x29:0xffffffff x30=0xfffffffe
       17915000	      1790	80002cdc	a76b0513	addi	x10,x22,-1418	 x22:0x00000000 x10=0xfffffa76
       17925000	      1791	80002ce0	ffa68693	addi	x13,x13,-6	 x13:0xfffffff5 x13=0xffffffef
       17935000	      1792	80002ce4	0042ab33	slt	x22,x5,x4	  x5:0x000002de  x4:0x80009f5c x22=0x00000000
       17945000	      1793	80002ce8	fa38c393	xori	x7,x17,-93	 x17:0x00000001  x7=0xffffffa2
       17955000	      1794	80002cec	00307433	and	x8,x0,x3	  x0:0x00000000  x3:0x00000000  x8=0x00000000
       17965000	      1795	80002cf0	01710233	add	x4,x2,x23	  x2:0x00000000 x23:0x80009f5c  x4=0x80009f5c
       17975000	      1796	80002cf4	40475433	sra	x8,x14,x4	 x14:0x00000000  x4:0x80009f5c  x8=0x00000000
       17985000	      1797	80002cf8	239c1e17	auipc	x28,0x239c1	 x28=0xa39c3cf4
       17995000	      1798	80002cfc	96b80d13	addi	x26,x16,-1685	 x16:0x8cd67cb8 x26=0x8cd67623
       18005000	      1799	80002d00	fc96dce3	bge	x13,x9,80002cd8	 x13:0xffffffef  x9:0xffffffef
       18015000	      1800	00000000	00000013	addi	x0,x0,0	  x0:0x00000000
       18025000	      1801	80002cd4	00000013	addi	x0,x0,0	  x0:0x00000000
       18035000	      1802	80002cd8	01dacf33	xor	x30,x21,x29	 x21:0x00000001 x29:0xffffffff x30=0xfffffffe
       18045000	      1803	80002cdc	a76b0513	addi	x10,x22,-1418	 x22:0x00000000 x10=0xfffffa76
       18055000	      1804	80002ce0	ffa68693	addi	x13,x13,-6	 x13:0xffffffef x13=0xffffffe9
       18065000	      1805	80002ce4	0042ab33	slt	x22,x5,x4	  x5:0x000002de  x4:0x80009f5c x22=0x00000000
       18075000	      1806	80002ce8	fa38c393	xori	x7,x17,-93	 x17:0x00000001  x7=0xffffffa2
       18085000	      1807	80002cec	00307433	and	x8,x0,x3	  x0:0x00000000  x3:0x00000000  x8=0x00000000
       18095000	      1808	80002cf0	01710233	add	x4,x2,x23	  x2:0x00000000 x23:0x80009f5c  x4=0x80009f5c
       18105000	      1809	80002cf4	40475433	sra	x8,x14,x4	 x14:0x00000000  x4:0x80009f5c  x8=0x00000000
       18115000	      1810	80002cf8	239c1e17	auipc	x28,0x239c1	 x28=0xa39c3cf4
       18125000	      1811	80002cfc	96b80d13	addi	x26,x16,-1685	 x16:0x8cd67cb8 x26=0x8cd67623
       18135000	      1812	80002d00	fc96dce3	bge	x13,x9,80002cd8	 x13:0xffffffe9  x9:0xffffffef
       18145000	      1813	80002d04	001a1d93	slli	x27,x20,0x1	 x20:0xfffaf1cd x27=0xfff5e39a
       18155000	      1814	80002d08	01df3333	sltu	x6,x30,x29	 x30:0xfffffffe x29:0xffffffff  x6=0x00000001
       18165000	      1815	80002d0c	98df2d13	slti	x26,x30,-1651	 x30:0xfffffffe x26=0x00000000
       18175000	      1816	80002d10	4142d093	srai	x1,x5,0x14	  x5:0x000002de  x1=0x00000000
       18185000	      1817	80002d14	014310b3	sll	x1,x6,x20	  x6:0x00000001 x20:0xfffaf1cd  x1=0x00002000
       18195000	      1818	80002d18	41685a33	sra	x20,x16,x22	 x16:0x8cd67cb8 x22:0x00000000 x20=0x8cd67cb8
       18205000	      1819	80002d1c	006249b3	xor	x19,x4,x6	  x4:0x80009f5c  x6:0x00000001 x19=0x80009f5d
       18215000	      1820	80002d20	01091833	sll	x16,x18,x16	 x18:0x00001b14 x16:0x8cd67cb8 x16=0x14000000
       18225000	      1821	80002d24	02e8cc63	blt	x17,x14,80002d5c	 x17:0x00000001 x14:0x00000000
       18235000	      1822	80002d28	03feec63	bltu	x29,x31,80002d60	 x29:0xffffffff x31:0xff973b79
       18245000	      1823	80002d2c	000b4463	blt	x22,x0,80002d34	 x22:0x00000000  x0:0x00000000
       18255000	      1824	80002d30	9010f993	andi	x19,x1,-1791	  x1:0x00002000 x19=0x00002000
       18265000	      1825	80002d34	8b370393	addi	x7,x14,-1869	 x14:0x00000000  x7=0xfffff8b3
       18275000	      1826	80002d38	001984b3	add	x9,x19,x1	 x19:0x00002000  x1:0x00002000  x9=0x00004000
       18285000	      1827	80002d3c	035e7e63	bgeu	x28,x21,80002d78	 x28:0xa39c3cf4 x21:0x00000001
       18295000	      1828	00000000	00000013	addi	x0,x0,0	  x0:0x00000000
       18305000	      1829	80002d74	00000013	addi	x0,x0,0	  x0:0x00000000
       18315000	      1830	80002d78	01ab45b3	xor	x11,x22,x26	 x22:0x00000000 x26:0x00000000 x11=0x00000000
       18325000	      1831	80002d7c	76afea13	ori	x20,x31,1898	 x31:0xff973b79 x20=0xff973f7b
       18335000	      1832	80002d80	4081d513	srai	x10,x3,0x8	  x3:0x00000000 x10=0x00000000
       18345000	      1833	80002d84	497999b7	lui	x19,0x49799	 x19=0x49799000
       18355000	      1834	80002d88	41ae0633	sub	x12,x28,x26	 x28:0xa39c3cf4 x26:0x00000000 x12=0xa39c3cf4
       18365000	      1835	80002d8c	00a00c63	beq	x0,x10,80002da4	  x0:0x00000000 x10:0x00000000
       18375000	      1836	00000000	00000013	addi	x0,x0,0	  x0:0x00000000
       18385000	      1837	80002da0	00000013	addi	x0,x0,0	  x0:0x00000000
       18395000	      1838	80002da4	03c87e63	bgeu	x16,x28,80002de0	 x16:0x14000000 x28:0xa39c3cf4
       18405000	      1839	80002da8	02467c63	bgeu	x12,x4,80002de0	 x12:0xa39c3cf4  x4:0x80009f5c
       18415000	      1840	00000000	00000013	addi	x0,x0,0	  x0:0x00000000
       18425000	      1841	80002ddc	00000013	addi	x0,x0,0	  x0:0x00000000
       18435000	      1842	80002de0	00000013	addi	x0,x0,0	  x0:0x00000000
       18445000	      1843	80002de4	00e8edb3	or	x27,x17,x14	 x17:0x00000001 x14:0x00000000 x27=0x00000001
       18455000	      1844	80002de8	406f5613	srai	x12,x30,0x6	 x30:0xfffffffe x12=0xffffffff
       18465000	      1845	80002dec	5fecc5b7	lui	x11,0x5fecc	 x11=0x5fecc000
       18475000	      1846	80002df0	006d8fb3	add	x31,x27,x6	 x27:0x00000001  x6:0x00000001 x31=0x00000002
       18485000	      1847	80002df4	402c5db3	sra	x27,x24,x2	 x24:0x80009fc4  x2:0x00000000 x27=0x80009fc4
       18495000	      1848	80002df8	01e41c93	slli	x25,x8,0x1e	  x8:0x00000000 x25=0x00000000
       18505000	      1849	80002dfc	01815313	srli	x6,x2,0x18	  x2:0x00000000  x6=0x00000000
       18515000	      1850	80002e00	01ec9b13	slli	x22,x25,0x1e	 x25:0x00000000 x22=0x00000000
       18525000	      1851	80002e04	01188cb3	add	x25,x17,x17	 x17:0x00000001 x17:0x00000001 x25=0x00000002
       18535000	      1852	80002e08	04148093	addi	x1,x9,65	  x9:0x00004000  x1=0x00004041
       18545000	      1853	80002e0c	0147c0b3	xor	x1,x15,x20	 x15:0x0000026f x20:0xff973f7b  x1=0xff973d14
       18555000	      1854	80002e10	018fdd93	srli	x27,x31,0x18	 x31:0x00000002 x27=0x00000000
       18565000	      1855	80002e14	d0217313	andi	x6,x2,-766	  x2:0x00000000  x6=0x00000000
       18575000	      1856	80002e18	004dc5b3	xor	x11,x27,x4	 x27:0x00000000  x4:0x80009f5c x11=0x80009f5c
       18585000	      1857	80002e1c	98ccea93	ori	x21,x25,-1652	 x25:0x00000002 x21=0xfffff98e
       18595000	      1858	80002e20	02138193	addi	x3,x7,33	  x7:0xfffff8b3  x3=0xfffff8d4
       18605000	      1859	80002e24	79d7f013	andi	x0,x15,1949	 x15:0x0000026f
       18615000	      1860	80002e28	40e08933	sub	x18,x1,x14	  x1:0xff973d14 x14:0x00000000 x18=0xff973d14
       18625000	      1861	80002e2c	023a1c63	bne	x20,x3,80002e64	 x20:0xff973f7b  x3:0xfffff8d4
       18635000	      1862	00000000	00000013	addi	x0,x0,0	  x0:0x00000000
       18645000	      1863	80002e60	00000013	addi	x0,x0,0	  x0:0x00000000
       18655000	      1864	80002e64	012d97b3	sll	x15,x27,x18	 x27:0x00000000 x18:0xff973d14 x15=0x00000000
       18665000	      1865	80002e68	9e09cf13	xori	x30,x19,-1568	 x19:0x49799000 x30=0xb68669e0
       18675000	      1866	80002e6c	41b85313	srai	x6,x16,0x1b	 x16:0x14000000  x6=0x00000002
       18685000	      1867	80002e70	00603e33	sltu	x28,x0,x6	  x0:0x00000000  x6:0x00000002 x28=0x00000001
       18695000	      1868	80002e74	411b8533	sub	x10,x23,x17	 x23:0x80009f5c x17:0x00000001 x10=0x80009f5b
       18705000	      1869	80002e78	0109a2b3	slt	x5,x19,x16	 x19:0x49799000 x16:0x14000000  x5=0x00000000
       18715000	      1870	80002e7c	01492a33	slt	x20,x18,x20	 x18:0xff973d14 x20:0xff973f7b x20=0x00000001
       18725000	      1871	80002e80	00571d33	sll	x26,x14,x5	 x14:0x00000000  x5:0x00000000 x26=0x00000000
       18735000	      1872	80002e84	015acc63	blt	x21,x21,80002e9c	 x21:0xfffff98e x21:0xfffff98e
       18745000	      1873	80002e88	a7730a13	addi	x20,x6,-1417	  x6:0x00000002 x20=0xfffffa79
       18755000	      1874	80002e8c	964c7193	andi	x3,x24,-1692	 x24:0x80009fc4  x3=0x80009944
       18765000	      1875	80002e90	0d290993	addi	x19,x18,210	 x18:0xff973d14 x19=0xff973de6
       18775000	      1876	80002e94	02bb7463	bgeu	x22,x11,80002ebc	 x22:0x00000000 x11:0x80009f5c
       18785000	      1877	80002e98	00000013	addi	x0,x0,0	  x0:0x00000000
       18795000	      1878	80002e9c	d6ca0d13	addi	x26,x20,-660	 x20:0xfffffa79 x26=0xfffff7e5
       18805000	      1879	80002ea0	00000013	addi	x0,x0,0	  x0:0x00000000
       18815000	      1880	80002ea4	059a7463	bgeu	x20,x25,80002eec	 x20:0xfffffa79 x25:0x00000002
       18825000	      1881	00000000	00000013	addi	x0,x0,0	  x0:0x00000000
       18835000	      1882	80002ee8	00000013	addi	x0,x0,0	  x0:0x00000000
       18845000	      1883	80002eec	5d9dbd93	sltiu	x27,x27,1497	 x27:0x00000000 x27=0x00000001
       18855000	      1884	80002ef0	7d2c8c93	addi	x25,x25,2002	 x25:0x00000002 x25=0x000007d4
       18865000	      1885	80002ef4	4418ed93	ori	x27,x17,1089	 x17:0x00000001 x27=0x00000441
       18875000	      1886	80002ef8	00b31b33	sll	x22,x6,x11	  x6:0x00000002 x11:0x80009f5c x22=0x20000000
       18885000	      1887	80002efc	006a1993	slli	x19,x20,0x6	 x20:0xfffffa79 x19=0xfffe9e40
       18895000	      1888	80002f00	aa944593	xori	x11,x8,-1367	  x8:0x00000000 x11=0xfffffaa9
       18905000	      1889	80002f04	00ca1833	sll	x16,x20,x12	 x20:0xfffffa79 x12:0xffffffff x16=0x80000000
       18915000	      1890	80002f08	e2870993	addi	x19,x14,-472	 x14:0x00000000 x19=0xfffffe28
       18925000	      1891	80002f0c	00380cb3	add	x25,x16,x3	 x16:0x80000000  x3:0x80009944 x25=0x00009944
       18935000	      1892	80002f10	010d1d93	slli	x27,x26,0x10	 x26:0xfffff7e5 x27=0xf7e50000
       18945000	      1893	80002f14	01f75c63	bge	x14,x31,80002f2c	 x14:0x00000000 x31:0x00000002
       18955000	      1894	80002f18	0099b2b3	sltu	x5,x19,x9	 x19:0xfffffe28  x9:0x00004000  x5=0x00000000
       18965000	      1895	80002f1c	00809a63	bne	x1,x8,80002f30	  x1:0xff973d14  x8:0x00000000
       18975000	      1896	00000000	00000013	addi	x0,x0,0	  x0:0x00000000
       18985000	      1897	80002f2c	00000013	addi	x0,x0,0	  x0:0x00000000
       18995000	      1898	80002f30	00cee263	bltu	x29,x12,80002f34	 x29:0xffffffff x12:0xffffffff
       19005000	      1899	80002f34	00dbd233	srl	x4,x23,x13	 x23:0x80009f5c x13:0xffffffe9  x4=0x0040004f
       19015000	      1900	80002f38	013693b3	sll	x7,x13,x19	 x13:0xffffffe9 x19:0xfffffe28  x7=0xffffe900
       19025000	      1901	80002f3c	004ba083	lw	x1,4(x23)	 x23:0x80009f5c  x1=0x800001a0 PA:0x80009f60
       19035000	      1902	80002f40	028b8b93	addi	x23,x23,40	 x23:0x80009f5c x23=0x80009f84
       19045000	      1903	80002f44	00cd97b3	sll	x15,x27,x12	 x27:0xf7e50000 x12:0xffffffff x15=0x00000000
       19055000	      1904	80002f48	40498ab3	sub	x21,x19,x4	 x19:0xfffffe28  x4:0x0040004f x21=0xffbffdd9
       19065000	      1905	80002f4c	00108b13	addi	x22,x1,1	  x1:0x800001a0 x22=0x800001a1
       19075000	      1906	80002f50	000b0b67	jalr	x22,x22,0	 x22:0x800001a1 x22=0x80002f50
       19085000	      1907	00000000	00000013	addi	x0,x0,0	  x0:0x00000000
       19095000	      1908	800001a0	00000013	addi	x0,x0,0	  x0:0x00000000
       19105000	      1909	800001a4	00600a93	addi	x21,x0,6	  x0:0x00000000 x21=0x00000006
       19115000	      1910	800001a8	eb481f97	auipc	x31,0xeb481	 x31=0x6b4811a4
       19125000	      1911	800001ac	010d3db3	sltu	x27,x26,x16	 x26:0xfffff7e5 x16:0x80000000 x27=0x00000000
       19135000	      1912	800001b0	002a38b3	sltu	x17,x20,x2	 x20:0xfffffa79  x2:0x00000000 x17=0x00000000
       19145000	      1913	800001b4	25340437	lui	x8,0x25340	  x8=0x25340000
       19155000	      1914	800001b8	01ba2a33	slt	x20,x20,x27	 x20:0xfffffa79 x27:0x00000000 x20=0x00000001
       19165000	      1915	800001bc	70d0f593	andi	x11,x1,1805	  x1:0x800001a0 x11=0x00000100
       19175000	      1916	800001c0	00000013	addi	x0,x0,0	  x0:0x00000000
       19185000	      1917	800001c4	0186cf33	xor	x30,x13,x24	 x13:0xffffffe9 x24:0x80009fc4 x30=0x7fff602d
       19195000	      1918	800001c8	00600e13	addi	x28,x0,6	  x0:0x00000000 x28=0x00000006
       19205000	      1919	800001cc	00472fb3	slt	x31,x14,x4	 x14:0x00000000  x4:0x0040004f x31=0x00000001
       19215000	      1920	800001d0	64ca7fb7	lui	x31,0x64ca7	 x31=0x64ca7000
       19225000	      1921	800001d4	7f904613	xori	x12,x0,2041	  x0:0x00000000 x12=0x000007f9
       19235000	      1922	800001d8	979eb513	sltiu	x10,x29,-1671	 x29:0xffffffff x10=0x00000000
       19245000	      1923	800001dc	00bfd593	srli	x11,x31,0xb	 x31:0x64ca7000 x11=0x000c994e
       19255000	      1924	800001e0	ffca8a93	addi	x21,x21,-4	 x21:0x00000006 x21=0x00000002
       19265000	      1925	800001e4	fe85f513	andi	x10,x11,-24	 x11:0x000c994e x10=0x000c9948
       19275000	      1926	800001e8	85a20d13	addi	x26,x4,-1958	  x4:0x0040004f x26=0x003ff8a9
       19285000	      1927	800001ec	41375833	sra	x16,x14,x19	 x14:0x00000000 x19:0xfffffe28 x16=0x00000000
       19295000	      1928	800001f0	0016b633	sltu	x12,x13,x1	 x13:0xffffffe9  x1:0x800001a0 x12=0x00000000
       19305000	      1929	800001f4	e4631a17	auipc	x20,0xe4631	 x20=0x646311f0
       19315000	      1930	800001f8	4d410b13	addi	x22,x2,1236	  x2:0x00000000 x22=0x000004d4
       19325000	      1931	800001fc	00000013	addi	x0,x0,0	  x0:0x00000000
       19335000	      1932	80000200	00000013	addi	x0,x0,0	  x0:0x00000000
       19345000	      1933	80000204	c23e4117	auipc	x2,0xc23e4	  x2=0x423e4200
       19355000	      1934	80000208	32bfe613	ori	x12,x31,811	 x31:0x64ca7000 x12=0x64ca732b
       19365000	      1935	8000020c	fdcaf0e3	bgeu	x21,x28,800001cc	 x21:0x00000002 x28:0x00000006
       19375000	      1936	80000210	00c4d5b3	srl	x11,x9,x12	  x9:0x00004000 x12:0x64ca732b x11=0x00000008
       19385000	      1937	80000214	00a00193	addi	x3,x0,10	  x0:0x00000000  x3=0x0000000a
       19395000	      1938	80000218	bb8e8093	addi	x1,x29,-1096	 x29:0xffffffff  x1=0xfffffbb7
       19405000	      1939	8000021c	7da70217	auipc	x4,0x7da70	  x4=0xfda70218
       19415000	      1940	80000220	0ac87d13	andi	x26,x16,172	 x16:0x00000000 x26=0x00000000
       19425000	      1941	80000224	01525c93	srli	x25,x4,0x15	  x4:0xfda70218 x25=0x000007ed
       19435000	      1942	80000228	40ecdf33	sra	x30,x25,x14	 x25:0x000007ed x14:0x00000000 x30=0x000007ed
       19445000	      1943	8000022c	41d6d233	sra	x4,x13,x29	 x13:0xffffffe9 x29:0xffffffff  x4=0xffffffff
       19455000	      1944	80000230	4157deb3	sra	x29,x15,x21	 x15:0x00000000 x21:0x00000002 x29=0x00000000
       19465000	      1945	80000234	00000013	addi	x0,x0,0	  x0:0x00000000
       19475000	      1946	80000238	7be82613	slti	x12,x16,1982	 x16:0x00000000 x12=0x00000001
       19485000	      1947	8000023c	40c45d33	sra	x26,x8,x12	  x8:0x25340000 x12:0x00000001 x26=0x129a0000
       19495000	      1948	80000240	00a00e13	addi	x28,x0,10	  x0:0x00000000 x28=0x0000000a
       19505000	      1949	80000244	01b49633	sll	x12,x9,x27	  x9:0x00004000 x27:0x00000000 x12=0x00004000
       19515000	      1950	80000248	007985b3	add	x11,x19,x7	 x19:0xfffffe28  x7:0xffffe900 x11=0xffffe728
       19525000	      1951	8000024c	01c6c533	xor	x10,x13,x28	 x13:0xffffffe9 x28:0x0000000a x10=0xffffffe3
       19535000	      1952	80000250	d5bcca93	xori	x21,x25,-677	 x25:0x000007ed x21=0xfffffab6
       19545000	      1953	80000254	00482533	slt	x10,x16,x4	 x16:0x00000000  x4:0xffffffff x10=0x00000000
       19555000	      1954	80000258	8a6bba17	auipc	x20,0x8a6bb	 x20=0x0a6bb254
       19565000	      1955	8000025c	ff718193	addi	x3,x3,-9	  x3:0x0000000a  x3=0x00000001
       19575000	      1956	80000260	a7eb4693	xori	x13,x22,-1410	 x22:0x000004d4 x13=0xfffffeaa
       19585000	      1957	80000264	01c4c8b3	xor	x17,x9,x28	  x9:0x00004000 x28:0x0000000a x17=0x0000400a
       19595000	      1958	80000268	cad68293	addi	x5,x13,-851	 x13:0xfffffeaa  x5=0xfffffb57
       19605000	      1959	8000026c	01a0e313	ori	x6,x1,26	  x1:0xfffffbb7  x6=0xfffffbbf
       19615000	      1960	80000270	00c55a93	srli	x21,x10,0xc	 x10:0x00000000 x21=0x00000000
       19625000	      1961	80000274	31d8b813	sltiu	x16,x17,797	 x17:0x0000400a x16=0x00000000
       19635000	      1962	80000278	bc772593	slti	x11,x14,-1081	 x14:0x00000000 x11=0x00000000
       19645000	      1963	8000027c	0064d113	srli	x2,x9,0x6	  x9:0x00004000  x2=0x00000100
       19655000	      1964	80000280	00daa833	slt	x16,x21,x13	 x21:0x00000000 x13:0xfffffeaa x16=0x00000000
       19665000	      1965	80000284	fdc1fae3	bgeu	x3,x28,80000258	  x3:0x00000001 x28:0x0000000a
       19675000	      1966	80000288	29b61697	auipc	x13,0x29b61	 x13=0xa9b61284
       19685000	      1967	8000028c	ffc00a93	addi	x21,x0,-4	  x0:0x00000000 x21=0xfffffffc
       19695000	      1968	80000290	151f0213	addi	x4,x30,337	 x30:0x000007ed  x4=0x0000093e
       19705000	      1969	80000294	012bf8b3	and	x17,x23,x18	 x23:0x80009f84 x18:0xff973d14 x17=0x80001d04
       19715000	      1970	80000298	bb8bc913	xori	x18,x23,-1096	 x23:0x80009f84 x18=0x7fff643c
       19725000	      1971	8000029c	3ec4ed93	ori	x27,x9,1004	  x9:0x00004000 x27=0x000043ec
       19735000	      1972	800002a0	41920133	sub	x2,x4,x25	  x4:0x0000093e x25:0x000007ed  x2=0x00000151
       19745000	      1973	800002a4	0871fc93	andi	x25,x3,135	  x3:0x00000001 x25=0x00000001
       19755000	      1974	800002a8	169a2493	slti	x9,x20,361	 x20:0x0a6bb254  x9=0x00000000
       19765000	      1975	800002ac	00d00813	addi	x16,x0,13	  x0:0x00000000 x16=0x0000000d
       19775000	      1976	800002b0	008cb9b3	sltu	x19,x25,x8	 x25:0x00000001  x8:0x25340000 x19=0x00000001
       19785000	      1977	800002b4	404b8cb3	sub	x25,x23,x4	 x23:0x80009f84  x4:0x0000093e x25=0x80009646
       19795000	      1978	800002b8	00000013	addi	x0,x0,0	  x0:0x00000000
       19805000	      1979	800002bc	017b47b3	xor	x15,x22,x23	 x22:0x000004d4 x23:0x80009f84 x15=0x80009b50
       19815000	      1980	800002c0	01c64cb3	xor	x25,x12,x28	 x12:0x00004000 x28:0x0000000a x25=0x0000400a
       19825000	      1981	800002c4	0081b533	sltu	x10,x3,x8	  x3:0x00000001  x8:0x25340000 x10=0x00000001
       19835000	      1982	800002c8	00543933	sltu	x18,x8,x5	  x8:0x25340000  x5:0xfffffb57 x18=0x00000001
       19845000	      1983	800002cc	001a8a93	addi	x21,x21,1	 x21:0xfffffffc x21=0xfffffffd
       19855000	      1984	800002d0	003c9233	sll	x4,x25,x3	 x25:0x0000400a  x3:0x00000001  x4=0x00008014
       19865000	      1985	800002d4	00a79613	slli	x12,x15,0xa	 x15:0x80009b50 x12=0x026d4000
       19875000	      1986	800002d8	87f4ce93	xori	x29,x9,-1921	  x9:0x00000000 x29=0xfffff87f
       19885000	      1987	800002dc	2dec9237	lui	x4,0x2dec9	  x4=0x2dec9000
       19895000	      1988	800002e0	d5f47513	andi	x10,x8,-673	  x8:0x25340000 x10=0x25340000
       19905000	      1989	800002e4	ff0ae2e3	bltu	x21,x16,800002c8	 x21:0xfffffffd x16:0x0000000d
       19915000	      1990	800002e8	60707513	andi	x10,x0,1543	  x0:0x00000000 x10=0x00000000
       19925000	      1991	800002ec	012b7d33	and	x26,x22,x18	 x22:0x000004d4 x18:0x00000001 x26=0x00000000
       19935000	      1992	800002f0	0193e8b3	or	x17,x7,x25	  x7:0xffffe900 x25:0x0000400a x17=0xffffe90a
       19945000	      1993	800002f4	615f8893	addi	x17,x31,1557	 x31:0x64ca7000 x17=0x64ca7615
       19955000	      1994	800002f8	ca2a4237	lui	x4,0xca2a4	  x4=0xca2a4000
       19965000	      1995	800002fc	40445613	srai	x12,x8,0x4	  x8:0x25340000 x12=0x02534000
       19975000	      1996	80000300	006c0233	add	x4,x24,x6	 x24:0x80009fc4  x6:0xfffffbbf  x4=0x80009b83
       19985000	      1997	80000304	006440b3	xor	x1,x8,x6	  x8:0x25340000  x6:0xfffffbbf  x1=0xdacbfbbf
       19995000	      1998	80000308	5a83b337	lui	x6,0x5a83b	  x6=0x5a83b000
       20005000	      1999	8000030c	40d189b3	sub	x19,x3,x13	  x3:0x00000001 x13:0xa9b61284 x19=0x5649ed7d
       20015000	      2000	80000310	00c6dd33	srl	x26,x13,x12	 x13:0xa9b61284 x12:0x02534000 x26=0xa9b61284
       20025000	      2001	80000314	0369d663	bge	x19,x22,80000340	 x19:0x5649ed7d x22:0x000004d4
       20035000	      2002	00000000	00000013	addi	x0,x0,0	  x0:0x00000000
       20045000	      2003	8000033c	00000013	addi	x0,x0,0	  x0:0x00000000
       20055000	      2004	80000340	d6897e13	andi	x28,x18,-664	 x18:0x00000001 x28=0x00000000
       20065000	      2005	80000344	44f62f13	slti	x30,x12,1103	 x12:0x02534000 x30=0x00000000
       20075000	      2006	80000348	016040b3	xor	x1,x0,x22	  x0:0x00000000 x22:0x000004d4  x1=0x000004d4
       20085000	      2007	8000034c	05dd6663	bltu	x26,x29,80000398	 x26:0xa9b61284 x29:0xfffff87f
       20095000	      2008	00000000	00000013	addi	x0,x0,0	  x0:0x00000000
       20105000	      2009	80000394	00000013	addi	x0,x0,0	  x0:0x00000000
       20115000	      2010	80000398	41c654b3	sra	x9,x12,x28	 x12:0x02534000 x28:0x00000000  x9=0x02534000
       20125000	      2011	8000039c	4363c493	xori	x9,x7,1078	  x7:0xffffe900  x9=0xffffed36
       20135000	      2012	800003a0	06a19263	bne	x3,x10,80000404	  x3:0x00000001 x10:0x00000000
       20145000	      2013	00000000	00000013	addi	x0,x0,0	  x0:0x00000000
       20155000	      2014	80000400	00000013	addi	x0,x0,0	  x0:0x00000000
       20165000	      2015	80000404	416c0f33	sub	x30,x24,x22	 x24:0x80009fc4 x22:0x000004d4 x30=0x80009af0
       20175000	      2016	80000408	07bf5c63	bge	x30,x27,80000480	 x30:0x80009af0 x27:0x000043ec
       20185000	      2017	8000040c	3b04ee13	ori	x28,x9,944	  x9:0xffffed36 x28=0xffffefb6
       20195000	      2018	80000410	c1062d93	slti	x27,x12,-1008	 x12:0x02534000 x27=0x00000000
       20205000	      2019	80000414	04d36663	bltu	x6,x13,80000460	  x6:0x5a83b000 x13:0xa9b61284
       20215000	      2020	00000000	00000013	addi	x0,x0,0	  x0:0x00000000
       20225000	      2021	8000045c	00000013	addi	x0,x0,0	  x0:0x00000000
       20235000	      2022	80000460	00e0d113	srli	x2,x1,0xe	  x1:0x000004d4  x2=0x00000000
       20245000	      2023	80000464	01575263	bge	x14,x21,80000468	 x14:0x00000000 x21:0xfffffffd
       20255000	      2024	00000000	00000013	addi	x0,x0,0	  x0:0x00000000
       20265000	      2025	80000464	00000013	addi	x0,x0,0	  x0:0x00000000
       20275000	      2026	80000468	00c5d113	srli	x2,x11,0xc	 x11:0x00000000  x2=0x00000000
       20285000	      2027	8000046c	bfdf7593	andi	x11,x30,-1027	 x30:0x80009af0 x11=0x80009af0
       20295000	      2028	80000470	92abd1b7	lui	x3,0x92abd	  x3=0x92abd000
       20305000	      2029	80000474	01e71f93	slli	x31,x14,0x1e	 x14:0x00000000 x31=0x00000000
       20315000	      2030	80000478	0028a8b3	slt	x17,x17,x2	 x17:0x64ca7615  x2:0x00000000 x17=0x00000000
       20325000	      2031	8000047c	e4fbf317	auipc	x6,0xe4fbf	  x6=0x64fbf478
       20335000	      2032	80000480	00139e93	slli	x29,x7,0x1	  x7:0xffffe900 x29=0xffffd200
       20345000	      2033	80000484	b5152293	slti	x5,x10,-1199	 x10:0x00000000  x5=0x00000000
       20355000	      2034	80000488	01fd9793	slli	x15,x27,0x1f	 x27:0x00000000 x15=0x00000000
       20365000	      2035	8000048c	ae50c293	xori	x5,x1,-1307	  x1:0x000004d4  x5=0xfffffe31
       20375000	      2036	80000490	006a9313	slli	x6,x21,0x6	 x21:0xfffffffd  x6=0xffffff40
       20385000	      2037	80000494	410f07b3	sub	x15,x30,x16	 x30:0x80009af0 x16:0x0000000d x15=0x80009ae3
       20395000	      2038	80000498	02b98863	beq	x19,x11,800004c8	 x19:0x5649ed7d x11:0x80009af0
       20405000	      2039	8000049c	0198f5b3	and	x11,x17,x25	 x17:0x00000000 x25:0x0000400a x11=0x00000000
       20415000	      2040	800004a0	03180863	beq	x16,x17,800004d0	 x16:0x0000000d x17:0x00000000
       20425000	      2041	800004a4	019898b3	sll	x17,x17,x25	 x17:0x00000000 x25:0x0000400a x17=0x00000000
       20435000	      2042	800004a8	0182dab3	srl	x21,x5,x24	  x5:0xfffffe31 x24:0x80009fc4 x21=0x0fffffe3
       20445000	      2043	800004ac	02065863	bge	x12,x0,800004dc	 x12:0x02534000  x0:0x00000000
       20455000	      2044	00000000	00000013	addi	x0,x0,0	  x0:0x00000000
       20465000	      2045	800004d8	00000013	addi	x0,x0,0	  x0:0x00000000
       20475000	      2046	800004dc	41d5d593	srai	x11,x11,0x1d	 x11:0x00000000 x11=0x00000000
       20485000	      2047	800004e0	018e6eb3	or	x29,x28,x24	 x28:0xffffefb6 x24:0x80009fc4 x29=0xfffffff6
       20495000	      2048	800004e4	b582c013	xori	x0,x5,-1192	  x5:0xfffffe31
       20505000	      2049	800004e8	9671e113	ori	x2,x3,-1689	  x3:0x92abd000  x2=0xfffff967
       20515000	      2050	800004ec	f7d8fc93	andi	x25,x17,-131	 x17:0x00000000 x25=0x00000000
       20525000	      2051	800004f0	02b44e63	blt	x8,x11,8000052c	  x8:0x25340000 x11:0x00000000
       20535000	      2052	800004f4	00955193	srli	x3,x10,0x9	 x10:0x00000000  x3=0x00000000
       20545000	      2053	800004f8	41ea02b3	sub	x5,x20,x30	 x20:0x0a6bb254 x30:0x80009af0  x5=0x8a6b1764
       20555000	      2054	800004fc	01c6b5b3	sltu	x11,x13,x28	 x13:0xa9b61284 x28:0xffffefb6 x11=0x00000001
       20565000	      2055	80000500	001eb613	sltiu	x12,x29,1	 x29:0xfffffff6 x12=0x00000000
       20575000	      2056	80000504	13530d13	addi	x26,x6,309	  x6:0xffffff40 x26=0x00000075
       20585000	      2057	80000508	0016cb33	xor	x22,x13,x1	 x13:0xa9b61284  x1:0x000004d4 x22=0xa9b61650
       20595000	      2058	8000050c	003dce33	xor	x28,x27,x3	 x27:0x00000000  x3:0x00000000 x28=0x00000000
       20605000	      2059	80000510	64d15697	auipc	x13,0x64d15	 x13=0xe4d1550c
       20615000	      2060	80000514	9e4d6413	ori	x8,x26,-1564	 x26:0x00000075  x8=0xfffff9f5
       20625000	      2061	80000518	000f86b3	add	x13,x31,x0	 x31:0x00000000  x0:0x00000000 x13=0x00000000
       20635000	      2062	8000051c	03578463	beq	x15,x21,80000544	 x15:0x80009ae3 x21:0x0fffffe3
       20645000	      2063	80000520	05cbd463	bge	x23,x28,80000568	 x23:0x80009f84 x28:0x00000000
       20655000	      2064	80000524	00b81f93	slli	x31,x16,0xb	 x16:0x0000000d x31=0x00006800
       20665000	      2065	80000528	01b34e33	xor	x28,x6,x27	  x6:0xffffff40 x27:0x00000000 x28=0xffffff40
       20675000	      2066	8000052c	415a54b3	sra	x9,x20,x21	 x20:0x0a6bb254 x21:0x0fffffe3  x9=0x014d764a
       20685000	      2067	80000530	004f5eb3	srl	x29,x30,x4	 x30:0x80009af0  x4:0x80009b83 x29=0x1000135e
       20695000	      2068	80000534	00def663	bgeu	x29,x13,80000540	 x29:0x1000135e x13:0x00000000
       20705000	      2069	00000000	00000013	addi	x0,x0,0	  x0:0x00000000
       20715000	      2070	8000053c	00000013	addi	x0,x0,0	  x0:0x00000000
       20725000	      2071	80000540	8a0c4f97	auipc	x31,0x8a0c4	 x31=0x0a0c453c
       20735000	      2072	80000544	041a1063	bne	x20,x1,80000584	 x20:0x0a6bb254  x1:0x000004d4
       20745000	      2073	00000000	00000013	addi	x0,x0,0	  x0:0x00000000
       20755000	      2074	80000580	00000013	addi	x0,x0,0	  x0:0x00000000
       20765000	      2075	80000584	00e1dd13	srli	x26,x3,0xe	  x3:0x00000000 x26=0x00000000
       20775000	      2076	80000588	00b81a13	slli	x20,x16,0xb	 x16:0x0000000d x20=0x00006800
       20785000	      2077	8000058c	04635863	bge	x6,x6,800005dc	  x6:0xffffff40  x6:0xffffff40
       20795000	      2078	00000000	00000013	addi	x0,x0,0	  x0:0x00000000
       20805000	      2079	800005d8	00000013	addi	x0,x0,0	  x0:0x00000000
       20815000	      2080	800005dc	5ba1fe93	andi	x29,x3,1466	  x3:0x00000000 x29=0x00000000
       20825000	      2081	800005e0	f5963413	sltiu	x8,x12,-167	 x12:0x00000000  x8=0x00000001
       20835000	      2082	800005e4	009390b3	sll	x1,x7,x9	  x7:0xffffe900  x9:0x014d764a  x1=0xffa40000
       20845000	      2083	800005e8	01c64a33	xor	x20,x12,x28	 x12:0x00000000 x28:0xffffff40 x20=0xffffff40
       20855000	      2084	800005ec	b510c137	lui	x2,0xb510c	  x2=0xb510c000
       20865000	      2085	800005f0	005e93b3	sll	x7,x29,x5	 x29:0x00000000  x5:0x8a6b1764  x7=0x00000000
       20875000	      2086	800005f4	01cc5c93	srli	x25,x24,0x1c	 x24:0x80009fc4 x25=0x00000008
       20885000	      2087	800005f8	00ca7833	and	x16,x20,x12	 x20:0xffffff40 x12:0x00000000 x16=0x00000000
       20895000	      2088	800005fc	007c9663	bne	x25,x7,80000608	 x25:0x00000008  x7:0x00000000
       20905000	      2089	00000000	00000013	addi	x0,x0,0	  x0:0x00000000
       20915000	      2090	80000604	00000013	addi	x0,x0,0	  x0:0x00000000
       20925000	      2091	80000608	41c254b3	sra	x9,x4,x28	  x4:0x80009b83 x28:0xffffff40  x9=0x80009b83
       20935000	      2092	8000060c	00000717	auipc	x14,0x0	 x14=0x80000608
       20945000	      2093	80000610	00c70713	addi	x14,x14,12	 x14:0x80000608 x14=0x80000614
       20955000	      2094	80000614	00070067	jalr	x0,x14,0	 x14:0x80000614
       20965000	      2095	00000000	00000013	addi	x0,x0,0	  x0:0x00000000
       20975000	      2096	80000614	00000013	addi	x0,x0,0	  x0:0x00000000
       20985000	      2097	80000618	00100193	addi	x3,x0,1	  x0:0x00000000  x3=0x00000001
       20995000	      2098	8000061c	00000073	ecall	
       21005000	      2099	80000620	018b9463	bne	x23,x24,80000628	 x23:0x80009f84 x24:0x80009fc4
