		Time			Cycle	PC		Insn	Decoded instruction	Register and memory contents
          65000	         5	80000004	00000293	addi	x5,x0,0	  x0:0x00000000  x5=0x00000000
          75000	         6	80000008	00000313	addi	x6,x0,0	  x0:0x00000000  x6=0x00000000
          85000	         7	8000000c	00628263	beq	x5,x6,80000010	  x5:0x00000000  x6:0x00000000
          95000	         8	00000000	00000013	addi	x0,x0,0	  x0:0x00000000
         105000	         9	8000000c	00000013	addi	x0,x0,0	  x0:0x00000000
         115000	        10	80000010	00000317	auipc	x6,0x0	  x6=0x8000000c
         125000	        11	80000014	00c30313	addi	x6,x6,12	  x6:0x8000000c  x6=0x80000018
         135000	        12	80000018	00030067	jalr	x0,x6,0	  x6:0x80000018
         145000	        13	00000000	00000013	addi	x0,x0,0	  x0:0x00000000
         155000	        14	80000018	00000013	addi	x0,x0,0	  x0:0x00000000
         165000	        15	8000001c	40000d37	lui	x26,0x40000	 x26=0x40000000
         175000	        16	80000020	100d0d13	addi	x26,x26,256	 x26:0x40000000 x26=0x40000100
         185000	        17	80000024	00000013	addi	x0,x0,0	  x0:0x00000000
         195000	        18	80000028	0000aa97	auipc	x21,0xa	 x21=0x8000a024
         205000	        19	8000002c	fa0a8a93	addi	x21,x21,-96	 x21:0x8000a024 x21=0x80009fc4
         215000	        20	80000030	00003d17	auipc	x26,0x3	 x26=0x8000302c
         225000	        21	80000034	6c4d0d13	addi	x26,x26,1732	 x26:0x8000302c x26=0x800036f0
         235000	        22	80000038	001d6d13	ori	x26,x26,1	 x26:0x800036f0 x26=0x800036f1
         245000	        23	8000003c	00000013	addi	x0,x0,0	  x0:0x00000000
         255000	        24	80000040	00000d17	auipc	x26,0x0	 x26=0x8000003c
         265000	        25	80000044	020d0d13	addi	x26,x26,32	 x26:0x8000003c x26=0x8000005c
         275000	        26	80000048	00000013	addi	x0,x0,0	  x0:0x00000000
         285000	        27	8000004c	00000013	addi	x0,x0,0	  x0:0x00000000
         295000	        28	80000050	00002d37	lui	x26,0x2	 x26=0x00002000
         305000	        29	80000054	800d0d13	addi	x26,x26,-2048	 x26:0x00002000 x26=0x00001800
         315000	        30	80000058	00000013	addi	x0,x0,0	  x0:0x00000000
         325000	        31	8000005c	00000013	addi	x0,x0,0	  x0:0x00000000
         335000	        32	80000060	00000013	addi	x0,x0,0	  x0:0x00000000
         345000	        33	80000064	00300093	addi	x1,x0,3	  x0:0x00000000  x1=0x00000003
         355000	        34	80000068	00f00113	addi	x2,x0,15	  x0:0x00000000  x2=0x0000000f
         365000	        35	8000006c	f4f981b7	lui	x3,0xf4f98	  x3=0xf4f98000
         375000	        36	80000070	70918193	addi	x3,x3,1801	  x3:0xf4f98000  x3=0xf4f98709
         385000	        37	80000074	16eec237	lui	x4,0x16eec	  x4=0x16eec000
         395000	        38	80000078	f2520213	addi	x4,x4,-219	  x4:0x16eec000  x4=0x16eebf25
         405000	        39	8000007c	00d00293	addi	x5,x0,13	  x0:0x00000000  x5=0x0000000d
         415000	        40	80000080	00000313	addi	x6,x0,0	  x0:0x00000000  x6=0x00000000
         425000	        41	80000084	00000393	addi	x7,x0,0	  x0:0x00000000  x7=0x00000000
         435000	        42	80000088	f3961437	lui	x8,0xf3961	  x8=0xf3961000
         445000	        43	8000008c	d1040413	addi	x8,x8,-752	  x8:0xf3961000  x8=0xf3960d10
         455000	        44	80000090	00900493	addi	x9,x0,9	  x0:0x00000000  x9=0x00000009
         465000	        45	80000094	00000513	addi	x10,x0,0	  x0:0x00000000 x10=0x00000000
         475000	        46	80000098	49a665b7	lui	x11,0x49a66	 x11=0x49a66000
         485000	        47	8000009c	bb958593	addi	x11,x11,-1095	 x11:0x49a66000 x11=0x49a65bb9
         495000	        48	800000a0	80000637	lui	x12,0x80000	 x12=0x80000000
         505000	        49	800000a4	f389b6b7	lui	x13,0xf389b	 x13=0xf389b000
         515000	        50	800000a8	07168693	addi	x13,x13,113	 x13:0xf389b000 x13=0xf389b071
         525000	        51	800000ac	33957737	lui	x14,0x33957	 x14=0x33957000
         535000	        52	800000b0	c5470713	addi	x14,x14,-940	 x14:0x33957000 x14=0x33956c54
         545000	        53	800000b4	80000837	lui	x16,0x80000	 x16=0x80000000
         555000	        54	800000b8	f4bad8b7	lui	x17,0xf4bad	 x17=0xf4bad000
         565000	        55	800000bc	27a88893	addi	x17,x17,634	 x17:0xf4bad000 x17=0xf4bad27a
         575000	        56	800000c0	f3a86937	lui	x18,0xf3a86	 x18=0xf3a86000
         585000	        57	800000c4	52d90913	addi	x18,x18,1325	 x18:0xf3a86000 x18=0xf3a8652d
         595000	        58	800000c8	00500993	addi	x19,x0,5	  x0:0x00000000 x19=0x00000005
         605000	        59	800000cc	80000a37	lui	x20,0x80000	 x20=0x80000000
         615000	        60	800000d0	80000b37	lui	x22,0x80000	 x22=0x80000000
         625000	        61	800000d4	00000b93	addi	x23,x0,0	  x0:0x00000000 x23=0x00000000
         635000	        62	800000d8	00500c13	addi	x24,x0,5	  x0:0x00000000 x24=0x00000005
         645000	        63	800000dc	80000cb7	lui	x25,0x80000	 x25=0x80000000
         655000	        64	800000e0	00000d13	addi	x26,x0,0	  x0:0x00000000 x26=0x00000000
         665000	        65	800000e4	d5b5fdb7	lui	x27,0xd5b5f	 x27=0xd5b5f000
         675000	        66	800000e8	012d8d93	addi	x27,x27,18	 x27:0xd5b5f000 x27=0xd5b5f012
         685000	        67	800000ec	80000e37	lui	x28,0x80000	 x28=0x80000000
         695000	        68	800000f0	00000e93	addi	x29,x0,0	  x0:0x00000000 x29=0x00000000
         705000	        69	800000f4	e4931f37	lui	x30,0xe4931	 x30=0xe4931000
         715000	        70	800000f8	cdef0f13	addi	x30,x30,-802	 x30:0xe4931000 x30=0xe4930cde
         725000	        71	800000fc	49d3dfb7	lui	x31,0x49d3d	 x31=0x49d3d000
         735000	        72	80000100	d5ff8f93	addi	x31,x31,-673	 x31:0x49d3d000 x31=0x49d3cd5f
         745000	        73	80000104	0000a797	auipc	x15,0xa	 x15=0x8000a100
         755000	        74	80000108	e8478793	addi	x15,x15,-380	 x15:0x8000a100 x15=0x80009f84
         765000	        75	8000010c	00a00b13	addi	x22,x0,10	  x0:0x00000000 x22=0x0000000a
         775000	        76	80000110	ff500893	addi	x17,x0,-11	  x0:0x00000000 x17=0xfffffff5
         785000	        77	80000114	00560933	add	x18,x12,x5	 x12:0x80000000  x5:0x0000000d x18=0x8000000d
         795000	        78	80000118	00d42fb3	slt	x31,x8,x13	  x8:0xf3960d10 x13:0xf389b071 x31=0x00000000
         805000	        79	8000011c	db6f7e97	auipc	x29,0xdb6f7	 x29=0x5b6f7118
         815000	        80	80000120	41148fb3	sub	x31,x9,x17	  x9:0x00000009 x17:0xfffffff5 x31=0x00000014
         825000	        81	80000124	fffb0b13	addi	x22,x22,-1	 x22:0x0000000a x22=0x00000009
         835000	        82	80000128	29ba3113	sltiu	x2,x20,667	 x20:0x80000000  x2=0x00000000
         845000	        83	8000012c	01dc3133	sltu	x2,x24,x29	 x24:0x00000005 x29:0x5b6f7118  x2=0x00000001
         855000	        84	80000130	012101b3	add	x3,x2,x18	  x2:0x00000001 x18:0x8000000d  x3=0x8000000e
         865000	        85	80000134	00283bb3	sltu	x23,x16,x2	 x16:0x80000000  x2:0x00000001 x23=0x00000000
         875000	        86	80000138	00000693	addi	x13,x0,0	  x0:0x00000000 x13=0x00000000
         885000	        87	8000013c	00200493	addi	x9,x0,2	  x0:0x00000000  x9=0x00000002
         895000	        88	80000140	1dca2413	slti	x8,x20,476	 x20:0x80000000  x8=0x00000001
         905000	        89	80000144	00a68693	addi	x13,x13,10	 x13:0x00000000 x13=0x0000000a
         915000	        90	80000148	01bbe1b3	or	x3,x23,x27	 x23:0x00000000 x27:0xd5b5f012  x3=0xd5b5f012
         925000	        91	8000014c	fe96eae3	bltu	x13,x9,80000140	 x13:0x0000000a  x9:0x00000002
         935000	        92	80000150	00b21cb3	sll	x25,x4,x11	  x4:0x16eebf25 x11:0x49a65bb9 x25=0x4a000000
         945000	        93	80000154	11776d13	ori	x26,x14,279	 x14:0x33956c54 x26=0x33956d57
         955000	        94	80000158	c3634d93	xori	x27,x6,-970	  x6:0x00000000 x27=0xfffffc36
         965000	        95	8000015c	008b1e93	slli	x29,x22,0x8	 x22:0x00000009 x29=0x00000900
         975000	        96	80000160	fb1b5ce3	bge	x22,x17,80000118	 x22:0x00000009 x17:0xfffffff5
         985000	        97	00000000	00000013	addi	x0,x0,0	  x0:0x00000000
         995000	        98	80000114	00000013	addi	x0,x0,0	  x0:0x00000000
        1005000	        99	80000118	00d42fb3	slt	x31,x8,x13	  x8:0x00000001 x13:0x0000000a x31=0x00000001
        1015000	       100	8000011c	db6f7e97	auipc	x29,0xdb6f7	 x29=0x5b6f7118
        1025000	       101	80000120	41148fb3	sub	x31,x9,x17	  x9:0x00000002 x17:0xfffffff5 x31=0x0000000d
        1035000	       102	80000124	fffb0b13	addi	x22,x22,-1	 x22:0x00000009 x22=0x00000008
        1045000	       103	80000128	29ba3113	sltiu	x2,x20,667	 x20:0x80000000  x2=0x00000000
        1055000	       104	8000012c	01dc3133	sltu	x2,x24,x29	 x24:0x00000005 x29:0x5b6f7118  x2=0x00000001
        1065000	       105	80000130	012101b3	add	x3,x2,x18	  x2:0x00000001 x18:0x8000000d  x3=0x8000000e
        1075000	       106	80000134	00283bb3	sltu	x23,x16,x2	 x16:0x80000000  x2:0x00000001 x23=0x00000000
        1085000	       107	80000138	00000693	addi	x13,x0,0	  x0:0x00000000 x13=0x00000000
        1095000	       108	8000013c	00200493	addi	x9,x0,2	  x0:0x00000000  x9=0x00000002
        1105000	       109	80000140	1dca2413	slti	x8,x20,476	 x20:0x80000000  x8=0x00000001
        1115000	       110	80000144	00a68693	addi	x13,x13,10	 x13:0x00000000 x13=0x0000000a
        1125000	       111	80000148	01bbe1b3	or	x3,x23,x27	 x23:0x00000000 x27:0xfffffc36  x3=0xfffffc36
        1135000	       112	8000014c	fe96eae3	bltu	x13,x9,80000140	 x13:0x0000000a  x9:0x00000002
        1145000	       113	80000150	00b21cb3	sll	x25,x4,x11	  x4:0x16eebf25 x11:0x49a65bb9 x25=0x4a000000
        1155000	       114	80000154	11776d13	ori	x26,x14,279	 x14:0x33956c54 x26=0x33956d57
        1165000	       115	80000158	c3634d93	xori	x27,x6,-970	  x6:0x00000000 x27=0xfffffc36
        1175000	       116	8000015c	008b1e93	slli	x29,x22,0x8	 x22:0x00000008 x29=0x00000800
        1185000	       117	80000160	fb1b5ce3	bge	x22,x17,80000118	 x22:0x00000008 x17:0xfffffff5
        1195000	       118	00000000	00000013	addi	x0,x0,0	  x0:0x00000000
        1205000	       119	80000114	00000013	addi	x0,x0,0	  x0:0x00000000
        1215000	       120	80000118	00d42fb3	slt	x31,x8,x13	  x8:0x00000001 x13:0x0000000a x31=0x00000001
        1225000	       121	8000011c	db6f7e97	auipc	x29,0xdb6f7	 x29=0x5b6f7118
        1235000	       122	80000120	41148fb3	sub	x31,x9,x17	  x9:0x00000002 x17:0xfffffff5 x31=0x0000000d
        1245000	       123	80000124	fffb0b13	addi	x22,x22,-1	 x22:0x00000008 x22=0x00000007
        1255000	       124	80000128	29ba3113	sltiu	x2,x20,667	 x20:0x80000000  x2=0x00000000
        1265000	       125	8000012c	01dc3133	sltu	x2,x24,x29	 x24:0x00000005 x29:0x5b6f7118  x2=0x00000001
        1275000	       126	80000130	012101b3	add	x3,x2,x18	  x2:0x00000001 x18:0x8000000d  x3=0x8000000e
        1285000	       127	80000134	00283bb3	sltu	x23,x16,x2	 x16:0x80000000  x2:0x00000001 x23=0x00000000
        1295000	       128	80000138	00000693	addi	x13,x0,0	  x0:0x00000000 x13=0x00000000
        1305000	       129	8000013c	00200493	addi	x9,x0,2	  x0:0x00000000  x9=0x00000002
        1315000	       130	80000140	1dca2413	slti	x8,x20,476	 x20:0x80000000  x8=0x00000001
        1325000	       131	80000144	00a68693	addi	x13,x13,10	 x13:0x00000000 x13=0x0000000a
        1335000	       132	80000148	01bbe1b3	or	x3,x23,x27	 x23:0x00000000 x27:0xfffffc36  x3=0xfffffc36
        1345000	       133	8000014c	fe96eae3	bltu	x13,x9,80000140	 x13:0x0000000a  x9:0x00000002
        1355000	       134	80000150	00b21cb3	sll	x25,x4,x11	  x4:0x16eebf25 x11:0x49a65bb9 x25=0x4a000000
        1365000	       135	80000154	11776d13	ori	x26,x14,279	 x14:0x33956c54 x26=0x33956d57
        1375000	       136	80000158	c3634d93	xori	x27,x6,-970	  x6:0x00000000 x27=0xfffffc36
        1385000	       137	8000015c	008b1e93	slli	x29,x22,0x8	 x22:0x00000007 x29=0x00000700
        1395000	       138	80000160	fb1b5ce3	bge	x22,x17,80000118	 x22:0x00000007 x17:0xfffffff5
        1405000	       139	00000000	00000013	addi	x0,x0,0	  x0:0x00000000
        1415000	       140	80000114	00000013	addi	x0,x0,0	  x0:0x00000000
        1425000	       141	80000118	00d42fb3	slt	x31,x8,x13	  x8:0x00000001 x13:0x0000000a x31=0x00000001
        1435000	       142	8000011c	db6f7e97	auipc	x29,0xdb6f7	 x29=0x5b6f7118
        1445000	       143	80000120	41148fb3	sub	x31,x9,x17	  x9:0x00000002 x17:0xfffffff5 x31=0x0000000d
        1455000	       144	80000124	fffb0b13	addi	x22,x22,-1	 x22:0x00000007 x22=0x00000006
        1465000	       145	80000128	29ba3113	sltiu	x2,x20,667	 x20:0x80000000  x2=0x00000000
        1475000	       146	8000012c	01dc3133	sltu	x2,x24,x29	 x24:0x00000005 x29:0x5b6f7118  x2=0x00000001
        1485000	       147	80000130	012101b3	add	x3,x2,x18	  x2:0x00000001 x18:0x8000000d  x3=0x8000000e
        1495000	       148	80000134	00283bb3	sltu	x23,x16,x2	 x16:0x80000000  x2:0x00000001 x23=0x00000000
        1505000	       149	80000138	00000693	addi	x13,x0,0	  x0:0x00000000 x13=0x00000000
        1515000	       150	8000013c	00200493	addi	x9,x0,2	  x0:0x00000000  x9=0x00000002
        1525000	       151	80000140	1dca2413	slti	x8,x20,476	 x20:0x80000000  x8=0x00000001
        1535000	       152	80000144	00a68693	addi	x13,x13,10	 x13:0x00000000 x13=0x0000000a
        1545000	       153	80000148	01bbe1b3	or	x3,x23,x27	 x23:0x00000000 x27:0xfffffc36  x3=0xfffffc36
        1555000	       154	8000014c	fe96eae3	bltu	x13,x9,80000140	 x13:0x0000000a  x9:0x00000002
        1565000	       155	80000150	00b21cb3	sll	x25,x4,x11	  x4:0x16eebf25 x11:0x49a65bb9 x25=0x4a000000
        1575000	       156	80000154	11776d13	ori	x26,x14,279	 x14:0x33956c54 x26=0x33956d57
        1585000	       157	80000158	c3634d93	xori	x27,x6,-970	  x6:0x00000000 x27=0xfffffc36
        1595000	       158	8000015c	008b1e93	slli	x29,x22,0x8	 x22:0x00000006 x29=0x00000600
        1605000	       159	80000160	fb1b5ce3	bge	x22,x17,80000118	 x22:0x00000006 x17:0xfffffff5
        1615000	       160	00000000	00000013	addi	x0,x0,0	  x0:0x00000000
        1625000	       161	80000114	00000013	addi	x0,x0,0	  x0:0x00000000
        1635000	       162	80000118	00d42fb3	slt	x31,x8,x13	  x8:0x00000001 x13:0x0000000a x31=0x00000001
        1645000	       163	8000011c	db6f7e97	auipc	x29,0xdb6f7	 x29=0x5b6f7118
        1655000	       164	80000120	41148fb3	sub	x31,x9,x17	  x9:0x00000002 x17:0xfffffff5 x31=0x0000000d
        1665000	       165	80000124	fffb0b13	addi	x22,x22,-1	 x22:0x00000006 x22=0x00000005
        1675000	       166	80000128	29ba3113	sltiu	x2,x20,667	 x20:0x80000000  x2=0x00000000
        1685000	       167	8000012c	01dc3133	sltu	x2,x24,x29	 x24:0x00000005 x29:0x5b6f7118  x2=0x00000001
        1695000	       168	80000130	012101b3	add	x3,x2,x18	  x2:0x00000001 x18:0x8000000d  x3=0x8000000e
        1705000	       169	80000134	00283bb3	sltu	x23,x16,x2	 x16:0x80000000  x2:0x00000001 x23=0x00000000
        1715000	       170	80000138	00000693	addi	x13,x0,0	  x0:0x00000000 x13=0x00000000
        1725000	       171	8000013c	00200493	addi	x9,x0,2	  x0:0x00000000  x9=0x00000002
        1735000	       172	80000140	1dca2413	slti	x8,x20,476	 x20:0x80000000  x8=0x00000001
        1745000	       173	80000144	00a68693	addi	x13,x13,10	 x13:0x00000000 x13=0x0000000a
        1755000	       174	80000148	01bbe1b3	or	x3,x23,x27	 x23:0x00000000 x27:0xfffffc36  x3=0xfffffc36
        1765000	       175	8000014c	fe96eae3	bltu	x13,x9,80000140	 x13:0x0000000a  x9:0x00000002
        1775000	       176	80000150	00b21cb3	sll	x25,x4,x11	  x4:0x16eebf25 x11:0x49a65bb9 x25=0x4a000000
        1785000	       177	80000154	11776d13	ori	x26,x14,279	 x14:0x33956c54 x26=0x33956d57
        1795000	       178	80000158	c3634d93	xori	x27,x6,-970	  x6:0x00000000 x27=0xfffffc36
        1805000	       179	8000015c	008b1e93	slli	x29,x22,0x8	 x22:0x00000005 x29=0x00000500
        1815000	       180	80000160	fb1b5ce3	bge	x22,x17,80000118	 x22:0x00000005 x17:0xfffffff5
        1825000	       181	00000000	00000013	addi	x0,x0,0	  x0:0x00000000
        1835000	       182	80000114	00000013	addi	x0,x0,0	  x0:0x00000000
        1845000	       183	80000118	00d42fb3	slt	x31,x8,x13	  x8:0x00000001 x13:0x0000000a x31=0x00000001
        1855000	       184	8000011c	db6f7e97	auipc	x29,0xdb6f7	 x29=0x5b6f7118
        1865000	       185	80000120	41148fb3	sub	x31,x9,x17	  x9:0x00000002 x17:0xfffffff5 x31=0x0000000d
        1875000	       186	80000124	fffb0b13	addi	x22,x22,-1	 x22:0x00000005 x22=0x00000004
        1885000	       187	80000128	29ba3113	sltiu	x2,x20,667	 x20:0x80000000  x2=0x00000000
        1895000	       188	8000012c	01dc3133	sltu	x2,x24,x29	 x24:0x00000005 x29:0x5b6f7118  x2=0x00000001
        1905000	       189	80000130	012101b3	add	x3,x2,x18	  x2:0x00000001 x18:0x8000000d  x3=0x8000000e
        1915000	       190	80000134	00283bb3	sltu	x23,x16,x2	 x16:0x80000000  x2:0x00000001 x23=0x00000000
        1925000	       191	80000138	00000693	addi	x13,x0,0	  x0:0x00000000 x13=0x00000000
        1935000	       192	8000013c	00200493	addi	x9,x0,2	  x0:0x00000000  x9=0x00000002
        1945000	       193	80000140	1dca2413	slti	x8,x20,476	 x20:0x80000000  x8=0x00000001
        1955000	       194	80000144	00a68693	addi	x13,x13,10	 x13:0x00000000 x13=0x0000000a
        1965000	       195	80000148	01bbe1b3	or	x3,x23,x27	 x23:0x00000000 x27:0xfffffc36  x3=0xfffffc36
        1975000	       196	8000014c	fe96eae3	bltu	x13,x9,80000140	 x13:0x0000000a  x9:0x00000002
        1985000	       197	80000150	00b21cb3	sll	x25,x4,x11	  x4:0x16eebf25 x11:0x49a65bb9 x25=0x4a000000
        1995000	       198	80000154	11776d13	ori	x26,x14,279	 x14:0x33956c54 x26=0x33956d57
        2005000	       199	80000158	c3634d93	xori	x27,x6,-970	  x6:0x00000000 x27=0xfffffc36
        2015000	       200	8000015c	008b1e93	slli	x29,x22,0x8	 x22:0x00000004 x29=0x00000400
        2025000	       201	80000160	fb1b5ce3	bge	x22,x17,80000118	 x22:0x00000004 x17:0xfffffff5
        2035000	       202	00000000	00000013	addi	x0,x0,0	  x0:0x00000000
        2045000	       203	80000114	00000013	addi	x0,x0,0	  x0:0x00000000
        2055000	       204	80000118	00d42fb3	slt	x31,x8,x13	  x8:0x00000001 x13:0x0000000a x31=0x00000001
        2065000	       205	8000011c	db6f7e97	auipc	x29,0xdb6f7	 x29=0x5b6f7118
        2075000	       206	80000120	41148fb3	sub	x31,x9,x17	  x9:0x00000002 x17:0xfffffff5 x31=0x0000000d
        2085000	       207	80000124	fffb0b13	addi	x22,x22,-1	 x22:0x00000004 x22=0x00000003
        2095000	       208	80000128	29ba3113	sltiu	x2,x20,667	 x20:0x80000000  x2=0x00000000
        2105000	       209	8000012c	01dc3133	sltu	x2,x24,x29	 x24:0x00000005 x29:0x5b6f7118  x2=0x00000001
        2115000	       210	80000130	012101b3	add	x3,x2,x18	  x2:0x00000001 x18:0x8000000d  x3=0x8000000e
        2125000	       211	80000134	00283bb3	sltu	x23,x16,x2	 x16:0x80000000  x2:0x00000001 x23=0x00000000
        2135000	       212	80000138	00000693	addi	x13,x0,0	  x0:0x00000000 x13=0x00000000
        2145000	       213	8000013c	00200493	addi	x9,x0,2	  x0:0x00000000  x9=0x00000002
        2155000	       214	80000140	1dca2413	slti	x8,x20,476	 x20:0x80000000  x8=0x00000001
        2165000	       215	80000144	00a68693	addi	x13,x13,10	 x13:0x00000000 x13=0x0000000a
        2175000	       216	80000148	01bbe1b3	or	x3,x23,x27	 x23:0x00000000 x27:0xfffffc36  x3=0xfffffc36
        2185000	       217	8000014c	fe96eae3	bltu	x13,x9,80000140	 x13:0x0000000a  x9:0x00000002
        2195000	       218	80000150	00b21cb3	sll	x25,x4,x11	  x4:0x16eebf25 x11:0x49a65bb9 x25=0x4a000000
        2205000	       219	80000154	11776d13	ori	x26,x14,279	 x14:0x33956c54 x26=0x33956d57
        2215000	       220	80000158	c3634d93	xori	x27,x6,-970	  x6:0x00000000 x27=0xfffffc36
        2225000	       221	8000015c	008b1e93	slli	x29,x22,0x8	 x22:0x00000003 x29=0x00000300
        2235000	       222	80000160	fb1b5ce3	bge	x22,x17,80000118	 x22:0x00000003 x17:0xfffffff5
        2245000	       223	00000000	00000013	addi	x0,x0,0	  x0:0x00000000
        2255000	       224	80000114	00000013	addi	x0,x0,0	  x0:0x00000000
        2265000	       225	80000118	00d42fb3	slt	x31,x8,x13	  x8:0x00000001 x13:0x0000000a x31=0x00000001
        2275000	       226	8000011c	db6f7e97	auipc	x29,0xdb6f7	 x29=0x5b6f7118
        2285000	       227	80000120	41148fb3	sub	x31,x9,x17	  x9:0x00000002 x17:0xfffffff5 x31=0x0000000d
        2295000	       228	80000124	fffb0b13	addi	x22,x22,-1	 x22:0x00000003 x22=0x00000002
        2305000	       229	80000128	29ba3113	sltiu	x2,x20,667	 x20:0x80000000  x2=0x00000000
        2315000	       230	8000012c	01dc3133	sltu	x2,x24,x29	 x24:0x00000005 x29:0x5b6f7118  x2=0x00000001
        2325000	       231	80000130	012101b3	add	x3,x2,x18	  x2:0x00000001 x18:0x8000000d  x3=0x8000000e
        2335000	       232	80000134	00283bb3	sltu	x23,x16,x2	 x16:0x80000000  x2:0x00000001 x23=0x00000000
        2345000	       233	80000138	00000693	addi	x13,x0,0	  x0:0x00000000 x13=0x00000000
        2355000	       234	8000013c	00200493	addi	x9,x0,2	  x0:0x00000000  x9=0x00000002
        2365000	       235	80000140	1dca2413	slti	x8,x20,476	 x20:0x80000000  x8=0x00000001
        2375000	       236	80000144	00a68693	addi	x13,x13,10	 x13:0x00000000 x13=0x0000000a
        2385000	       237	80000148	01bbe1b3	or	x3,x23,x27	 x23:0x00000000 x27:0xfffffc36  x3=0xfffffc36
        2395000	       238	8000014c	fe96eae3	bltu	x13,x9,80000140	 x13:0x0000000a  x9:0x00000002
        2405000	       239	80000150	00b21cb3	sll	x25,x4,x11	  x4:0x16eebf25 x11:0x49a65bb9 x25=0x4a000000
        2415000	       240	80000154	11776d13	ori	x26,x14,279	 x14:0x33956c54 x26=0x33956d57
        2425000	       241	80000158	c3634d93	xori	x27,x6,-970	  x6:0x00000000 x27=0xfffffc36
        2435000	       242	8000015c	008b1e93	slli	x29,x22,0x8	 x22:0x00000002 x29=0x00000200
        2445000	       243	80000160	fb1b5ce3	bge	x22,x17,80000118	 x22:0x00000002 x17:0xfffffff5
        2455000	       244	00000000	00000013	addi	x0,x0,0	  x0:0x00000000
        2465000	       245	80000114	00000013	addi	x0,x0,0	  x0:0x00000000
        2475000	       246	80000118	00d42fb3	slt	x31,x8,x13	  x8:0x00000001 x13:0x0000000a x31=0x00000001
        2485000	       247	8000011c	db6f7e97	auipc	x29,0xdb6f7	 x29=0x5b6f7118
        2495000	       248	80000120	41148fb3	sub	x31,x9,x17	  x9:0x00000002 x17:0xfffffff5 x31=0x0000000d
        2505000	       249	80000124	fffb0b13	addi	x22,x22,-1	 x22:0x00000002 x22=0x00000001
        2515000	       250	80000128	29ba3113	sltiu	x2,x20,667	 x20:0x80000000  x2=0x00000000
        2525000	       251	8000012c	01dc3133	sltu	x2,x24,x29	 x24:0x00000005 x29:0x5b6f7118  x2=0x00000001
        2535000	       252	80000130	012101b3	add	x3,x2,x18	  x2:0x00000001 x18:0x8000000d  x3=0x8000000e
        2545000	       253	80000134	00283bb3	sltu	x23,x16,x2	 x16:0x80000000  x2:0x00000001 x23=0x00000000
        2555000	       254	80000138	00000693	addi	x13,x0,0	  x0:0x00000000 x13=0x00000000
        2565000	       255	8000013c	00200493	addi	x9,x0,2	  x0:0x00000000  x9=0x00000002
        2575000	       256	80000140	1dca2413	slti	x8,x20,476	 x20:0x80000000  x8=0x00000001
        2585000	       257	80000144	00a68693	addi	x13,x13,10	 x13:0x00000000 x13=0x0000000a
        2595000	       258	80000148	01bbe1b3	or	x3,x23,x27	 x23:0x00000000 x27:0xfffffc36  x3=0xfffffc36
        2605000	       259	8000014c	fe96eae3	bltu	x13,x9,80000140	 x13:0x0000000a  x9:0x00000002
        2615000	       260	80000150	00b21cb3	sll	x25,x4,x11	  x4:0x16eebf25 x11:0x49a65bb9 x25=0x4a000000
        2625000	       261	80000154	11776d13	ori	x26,x14,279	 x14:0x33956c54 x26=0x33956d57
        2635000	       262	80000158	c3634d93	xori	x27,x6,-970	  x6:0x00000000 x27=0xfffffc36
        2645000	       263	8000015c	008b1e93	slli	x29,x22,0x8	 x22:0x00000001 x29=0x00000100
        2655000	       264	80000160	fb1b5ce3	bge	x22,x17,80000118	 x22:0x00000001 x17:0xfffffff5
        2665000	       265	00000000	00000013	addi	x0,x0,0	  x0:0x00000000
        2675000	       266	80000114	00000013	addi	x0,x0,0	  x0:0x00000000
        2685000	       267	80000118	00d42fb3	slt	x31,x8,x13	  x8:0x00000001 x13:0x0000000a x31=0x00000001
        2695000	       268	8000011c	db6f7e97	auipc	x29,0xdb6f7	 x29=0x5b6f7118
        2705000	       269	80000120	41148fb3	sub	x31,x9,x17	  x9:0x00000002 x17:0xfffffff5 x31=0x0000000d
        2715000	       270	80000124	fffb0b13	addi	x22,x22,-1	 x22:0x00000001 x22=0x00000000
        2725000	       271	80000128	29ba3113	sltiu	x2,x20,667	 x20:0x80000000  x2=0x00000000
        2735000	       272	8000012c	01dc3133	sltu	x2,x24,x29	 x24:0x00000005 x29:0x5b6f7118  x2=0x00000001
        2745000	       273	80000130	012101b3	add	x3,x2,x18	  x2:0x00000001 x18:0x8000000d  x3=0x8000000e
        2755000	       274	80000134	00283bb3	sltu	x23,x16,x2	 x16:0x80000000  x2:0x00000001 x23=0x00000000
        2765000	       275	80000138	00000693	addi	x13,x0,0	  x0:0x00000000 x13=0x00000000
        2775000	       276	8000013c	00200493	addi	x9,x0,2	  x0:0x00000000  x9=0x00000002
        2785000	       277	80000140	1dca2413	slti	x8,x20,476	 x20:0x80000000  x8=0x00000001
        2795000	       278	80000144	00a68693	addi	x13,x13,10	 x13:0x00000000 x13=0x0000000a
        2805000	       279	80000148	01bbe1b3	or	x3,x23,x27	 x23:0x00000000 x27:0xfffffc36  x3=0xfffffc36
        2815000	       280	8000014c	fe96eae3	bltu	x13,x9,80000140	 x13:0x0000000a  x9:0x00000002
        2825000	       281	80000150	00b21cb3	sll	x25,x4,x11	  x4:0x16eebf25 x11:0x49a65bb9 x25=0x4a000000
        2835000	       282	80000154	11776d13	ori	x26,x14,279	 x14:0x33956c54 x26=0x33956d57
        2845000	       283	80000158	c3634d93	xori	x27,x6,-970	  x6:0x00000000 x27=0xfffffc36
        2855000	       284	8000015c	008b1e93	slli	x29,x22,0x8	 x22:0x00000000 x29=0x00000000
        2865000	       285	80000160	fb1b5ce3	bge	x22,x17,80000118	 x22:0x00000000 x17:0xfffffff5
        2875000	       286	00000000	00000013	addi	x0,x0,0	  x0:0x00000000
        2885000	       287	80000114	00000013	addi	x0,x0,0	  x0:0x00000000
        2895000	       288	80000118	00d42fb3	slt	x31,x8,x13	  x8:0x00000001 x13:0x0000000a x31=0x00000001
        2905000	       289	8000011c	db6f7e97	auipc	x29,0xdb6f7	 x29=0x5b6f7118
        2915000	       290	80000120	41148fb3	sub	x31,x9,x17	  x9:0x00000002 x17:0xfffffff5 x31=0x0000000d
        2925000	       291	80000124	fffb0b13	addi	x22,x22,-1	 x22:0x00000000 x22=0xffffffff
        2935000	       292	80000128	29ba3113	sltiu	x2,x20,667	 x20:0x80000000  x2=0x00000000
        2945000	       293	8000012c	01dc3133	sltu	x2,x24,x29	 x24:0x00000005 x29:0x5b6f7118  x2=0x00000001
        2955000	       294	80000130	012101b3	add	x3,x2,x18	  x2:0x00000001 x18:0x8000000d  x3=0x8000000e
        2965000	       295	80000134	00283bb3	sltu	x23,x16,x2	 x16:0x80000000  x2:0x00000001 x23=0x00000000
        2975000	       296	80000138	00000693	addi	x13,x0,0	  x0:0x00000000 x13=0x00000000
        2985000	       297	8000013c	00200493	addi	x9,x0,2	  x0:0x00000000  x9=0x00000002
        2995000	       298	80000140	1dca2413	slti	x8,x20,476	 x20:0x80000000  x8=0x00000001
        3005000	       299	80000144	00a68693	addi	x13,x13,10	 x13:0x00000000 x13=0x0000000a
        3015000	       300	80000148	01bbe1b3	or	x3,x23,x27	 x23:0x00000000 x27:0xfffffc36  x3=0xfffffc36
        3025000	       301	8000014c	fe96eae3	bltu	x13,x9,80000140	 x13:0x0000000a  x9:0x00000002
        3035000	       302	80000150	00b21cb3	sll	x25,x4,x11	  x4:0x16eebf25 x11:0x49a65bb9 x25=0x4a000000
        3045000	       303	80000154	11776d13	ori	x26,x14,279	 x14:0x33956c54 x26=0x33956d57
        3055000	       304	80000158	c3634d93	xori	x27,x6,-970	  x6:0x00000000 x27=0xfffffc36
        3065000	       305	8000015c	008b1e93	slli	x29,x22,0x8	 x22:0xffffffff x29=0xffffff00
        3075000	       306	80000160	fb1b5ce3	bge	x22,x17,80000118	 x22:0xffffffff x17:0xfffffff5
        3085000	       307	00000000	00000013	addi	x0,x0,0	  x0:0x00000000
        3095000	       308	80000114	00000013	addi	x0,x0,0	  x0:0x00000000
        3105000	       309	80000118	00d42fb3	slt	x31,x8,x13	  x8:0x00000001 x13:0x0000000a x31=0x00000001
        3115000	       310	8000011c	db6f7e97	auipc	x29,0xdb6f7	 x29=0x5b6f7118
        3125000	       311	80000120	41148fb3	sub	x31,x9,x17	  x9:0x00000002 x17:0xfffffff5 x31=0x0000000d
        3135000	       312	80000124	fffb0b13	addi	x22,x22,-1	 x22:0xffffffff x22=0xfffffffe
        3145000	       313	80000128	29ba3113	sltiu	x2,x20,667	 x20:0x80000000  x2=0x00000000
        3155000	       314	8000012c	01dc3133	sltu	x2,x24,x29	 x24:0x00000005 x29:0x5b6f7118  x2=0x00000001
        3165000	       315	80000130	012101b3	add	x3,x2,x18	  x2:0x00000001 x18:0x8000000d  x3=0x8000000e
        3175000	       316	80000134	00283bb3	sltu	x23,x16,x2	 x16:0x80000000  x2:0x00000001 x23=0x00000000
        3185000	       317	80000138	00000693	addi	x13,x0,0	  x0:0x00000000 x13=0x00000000
        3195000	       318	8000013c	00200493	addi	x9,x0,2	  x0:0x00000000  x9=0x00000002
        3205000	       319	80000140	1dca2413	slti	x8,x20,476	 x20:0x80000000  x8=0x00000001
        3215000	       320	80000144	00a68693	addi	x13,x13,10	 x13:0x00000000 x13=0x0000000a
        3225000	       321	80000148	01bbe1b3	or	x3,x23,x27	 x23:0x00000000 x27:0xfffffc36  x3=0xfffffc36
        3235000	       322	8000014c	fe96eae3	bltu	x13,x9,80000140	 x13:0x0000000a  x9:0x00000002
        3245000	       323	80000150	00b21cb3	sll	x25,x4,x11	  x4:0x16eebf25 x11:0x49a65bb9 x25=0x4a000000
        3255000	       324	80000154	11776d13	ori	x26,x14,279	 x14:0x33956c54 x26=0x33956d57
        3265000	       325	80000158	c3634d93	xori	x27,x6,-970	  x6:0x00000000 x27=0xfffffc36
        3275000	       326	8000015c	008b1e93	slli	x29,x22,0x8	 x22:0xfffffffe x29=0xfffffe00
        3285000	       327	80000160	fb1b5ce3	bge	x22,x17,80000118	 x22:0xfffffffe x17:0xfffffff5
        3295000	       328	00000000	00000013	addi	x0,x0,0	  x0:0x00000000
        3305000	       329	80000114	00000013	addi	x0,x0,0	  x0:0x00000000
        3315000	       330	80000118	00d42fb3	slt	x31,x8,x13	  x8:0x00000001 x13:0x0000000a x31=0x00000001
        3325000	       331	8000011c	db6f7e97	auipc	x29,0xdb6f7	 x29=0x5b6f7118
        3335000	       332	80000120	41148fb3	sub	x31,x9,x17	  x9:0x00000002 x17:0xfffffff5 x31=0x0000000d
        3345000	       333	80000124	fffb0b13	addi	x22,x22,-1	 x22:0xfffffffe x22=0xfffffffd
        3355000	       334	80000128	29ba3113	sltiu	x2,x20,667	 x20:0x80000000  x2=0x00000000
        3365000	       335	8000012c	01dc3133	sltu	x2,x24,x29	 x24:0x00000005 x29:0x5b6f7118  x2=0x00000001
        3375000	       336	80000130	012101b3	add	x3,x2,x18	  x2:0x00000001 x18:0x8000000d  x3=0x8000000e
        3385000	       337	80000134	00283bb3	sltu	x23,x16,x2	 x16:0x80000000  x2:0x00000001 x23=0x00000000
        3395000	       338	80000138	00000693	addi	x13,x0,0	  x0:0x00000000 x13=0x00000000
        3405000	       339	8000013c	00200493	addi	x9,x0,2	  x0:0x00000000  x9=0x00000002
        3415000	       340	80000140	1dca2413	slti	x8,x20,476	 x20:0x80000000  x8=0x00000001
        3425000	       341	80000144	00a68693	addi	x13,x13,10	 x13:0x00000000 x13=0x0000000a
        3435000	       342	80000148	01bbe1b3	or	x3,x23,x27	 x23:0x00000000 x27:0xfffffc36  x3=0xfffffc36
        3445000	       343	8000014c	fe96eae3	bltu	x13,x9,80000140	 x13:0x0000000a  x9:0x00000002
        3455000	       344	80000150	00b21cb3	sll	x25,x4,x11	  x4:0x16eebf25 x11:0x49a65bb9 x25=0x4a000000
        3465000	       345	80000154	11776d13	ori	x26,x14,279	 x14:0x33956c54 x26=0x33956d57
        3475000	       346	80000158	c3634d93	xori	x27,x6,-970	  x6:0x00000000 x27=0xfffffc36
        3485000	       347	8000015c	008b1e93	slli	x29,x22,0x8	 x22:0xfffffffd x29=0xfffffd00
        3495000	       348	80000160	fb1b5ce3	bge	x22,x17,80000118	 x22:0xfffffffd x17:0xfffffff5
        3505000	       349	00000000	00000013	addi	x0,x0,0	  x0:0x00000000
        3515000	       350	80000114	00000013	addi	x0,x0,0	  x0:0x00000000
        3525000	       351	80000118	00d42fb3	slt	x31,x8,x13	  x8:0x00000001 x13:0x0000000a x31=0x00000001
        3535000	       352	8000011c	db6f7e97	auipc	x29,0xdb6f7	 x29=0x5b6f7118
        3545000	       353	80000120	41148fb3	sub	x31,x9,x17	  x9:0x00000002 x17:0xfffffff5 x31=0x0000000d
        3555000	       354	80000124	fffb0b13	addi	x22,x22,-1	 x22:0xfffffffd x22=0xfffffffc
        3565000	       355	80000128	29ba3113	sltiu	x2,x20,667	 x20:0x80000000  x2=0x00000000
        3575000	       356	8000012c	01dc3133	sltu	x2,x24,x29	 x24:0x00000005 x29:0x5b6f7118  x2=0x00000001
        3585000	       357	80000130	012101b3	add	x3,x2,x18	  x2:0x00000001 x18:0x8000000d  x3=0x8000000e
        3595000	       358	80000134	00283bb3	sltu	x23,x16,x2	 x16:0x80000000  x2:0x00000001 x23=0x00000000
        3605000	       359	80000138	00000693	addi	x13,x0,0	  x0:0x00000000 x13=0x00000000
        3615000	       360	8000013c	00200493	addi	x9,x0,2	  x0:0x00000000  x9=0x00000002
        3625000	       361	80000140	1dca2413	slti	x8,x20,476	 x20:0x80000000  x8=0x00000001
        3635000	       362	80000144	00a68693	addi	x13,x13,10	 x13:0x00000000 x13=0x0000000a
        3645000	       363	80000148	01bbe1b3	or	x3,x23,x27	 x23:0x00000000 x27:0xfffffc36  x3=0xfffffc36
        3655000	       364	8000014c	fe96eae3	bltu	x13,x9,80000140	 x13:0x0000000a  x9:0x00000002
        3665000	       365	80000150	00b21cb3	sll	x25,x4,x11	  x4:0x16eebf25 x11:0x49a65bb9 x25=0x4a000000
        3675000	       366	80000154	11776d13	ori	x26,x14,279	 x14:0x33956c54 x26=0x33956d57
        3685000	       367	80000158	c3634d93	xori	x27,x6,-970	  x6:0x00000000 x27=0xfffffc36
        3695000	       368	8000015c	008b1e93	slli	x29,x22,0x8	 x22:0xfffffffc x29=0xfffffc00
        3705000	       369	80000160	fb1b5ce3	bge	x22,x17,80000118	 x22:0xfffffffc x17:0xfffffff5
        3715000	       370	00000000	00000013	addi	x0,x0,0	  x0:0x00000000
        3725000	       371	80000114	00000013	addi	x0,x0,0	  x0:0x00000000
        3735000	       372	80000118	00d42fb3	slt	x31,x8,x13	  x8:0x00000001 x13:0x0000000a x31=0x00000001
        3745000	       373	8000011c	db6f7e97	auipc	x29,0xdb6f7	 x29=0x5b6f7118
        3755000	       374	80000120	41148fb3	sub	x31,x9,x17	  x9:0x00000002 x17:0xfffffff5 x31=0x0000000d
        3765000	       375	80000124	fffb0b13	addi	x22,x22,-1	 x22:0xfffffffc x22=0xfffffffb
        3775000	       376	80000128	29ba3113	sltiu	x2,x20,667	 x20:0x80000000  x2=0x00000000
        3785000	       377	8000012c	01dc3133	sltu	x2,x24,x29	 x24:0x00000005 x29:0x5b6f7118  x2=0x00000001
        3795000	       378	80000130	012101b3	add	x3,x2,x18	  x2:0x00000001 x18:0x8000000d  x3=0x8000000e
        3805000	       379	80000134	00283bb3	sltu	x23,x16,x2	 x16:0x80000000  x2:0x00000001 x23=0x00000000
        3815000	       380	80000138	00000693	addi	x13,x0,0	  x0:0x00000000 x13=0x00000000
        3825000	       381	8000013c	00200493	addi	x9,x0,2	  x0:0x00000000  x9=0x00000002
        3835000	       382	80000140	1dca2413	slti	x8,x20,476	 x20:0x80000000  x8=0x00000001
        3845000	       383	80000144	00a68693	addi	x13,x13,10	 x13:0x00000000 x13=0x0000000a
        3855000	       384	80000148	01bbe1b3	or	x3,x23,x27	 x23:0x00000000 x27:0xfffffc36  x3=0xfffffc36
        3865000	       385	8000014c	fe96eae3	bltu	x13,x9,80000140	 x13:0x0000000a  x9:0x00000002
        3875000	       386	80000150	00b21cb3	sll	x25,x4,x11	  x4:0x16eebf25 x11:0x49a65bb9 x25=0x4a000000
        3885000	       387	80000154	11776d13	ori	x26,x14,279	 x14:0x33956c54 x26=0x33956d57
        3895000	       388	80000158	c3634d93	xori	x27,x6,-970	  x6:0x00000000 x27=0xfffffc36
        3905000	       389	8000015c	008b1e93	slli	x29,x22,0x8	 x22:0xfffffffb x29=0xfffffb00
        3915000	       390	80000160	fb1b5ce3	bge	x22,x17,80000118	 x22:0xfffffffb x17:0xfffffff5
        3925000	       391	00000000	00000013	addi	x0,x0,0	  x0:0x00000000
        3935000	       392	80000114	00000013	addi	x0,x0,0	  x0:0x00000000
        3945000	       393	80000118	00d42fb3	slt	x31,x8,x13	  x8:0x00000001 x13:0x0000000a x31=0x00000001
        3955000	       394	8000011c	db6f7e97	auipc	x29,0xdb6f7	 x29=0x5b6f7118
        3965000	       395	80000120	41148fb3	sub	x31,x9,x17	  x9:0x00000002 x17:0xfffffff5 x31=0x0000000d
        3975000	       396	80000124	fffb0b13	addi	x22,x22,-1	 x22:0xfffffffb x22=0xfffffffa
        3985000	       397	80000128	29ba3113	sltiu	x2,x20,667	 x20:0x80000000  x2=0x00000000
        3995000	       398	8000012c	01dc3133	sltu	x2,x24,x29	 x24:0x00000005 x29:0x5b6f7118  x2=0x00000001
        4005000	       399	80000130	012101b3	add	x3,x2,x18	  x2:0x00000001 x18:0x8000000d  x3=0x8000000e
        4015000	       400	80000134	00283bb3	sltu	x23,x16,x2	 x16:0x80000000  x2:0x00000001 x23=0x00000000
        4025000	       401	80000138	00000693	addi	x13,x0,0	  x0:0x00000000 x13=0x00000000
        4035000	       402	8000013c	00200493	addi	x9,x0,2	  x0:0x00000000  x9=0x00000002
        4045000	       403	80000140	1dca2413	slti	x8,x20,476	 x20:0x80000000  x8=0x00000001
        4055000	       404	80000144	00a68693	addi	x13,x13,10	 x13:0x00000000 x13=0x0000000a
        4065000	       405	80000148	01bbe1b3	or	x3,x23,x27	 x23:0x00000000 x27:0xfffffc36  x3=0xfffffc36
        4075000	       406	8000014c	fe96eae3	bltu	x13,x9,80000140	 x13:0x0000000a  x9:0x00000002
        4085000	       407	80000150	00b21cb3	sll	x25,x4,x11	  x4:0x16eebf25 x11:0x49a65bb9 x25=0x4a000000
        4095000	       408	80000154	11776d13	ori	x26,x14,279	 x14:0x33956c54 x26=0x33956d57
        4105000	       409	80000158	c3634d93	xori	x27,x6,-970	  x6:0x00000000 x27=0xfffffc36
        4115000	       410	8000015c	008b1e93	slli	x29,x22,0x8	 x22:0xfffffffa x29=0xfffffa00
        4125000	       411	80000160	fb1b5ce3	bge	x22,x17,80000118	 x22:0xfffffffa x17:0xfffffff5
        4135000	       412	00000000	00000013	addi	x0,x0,0	  x0:0x00000000
        4145000	       413	80000114	00000013	addi	x0,x0,0	  x0:0x00000000
        4155000	       414	80000118	00d42fb3	slt	x31,x8,x13	  x8:0x00000001 x13:0x0000000a x31=0x00000001
        4165000	       415	8000011c	db6f7e97	auipc	x29,0xdb6f7	 x29=0x5b6f7118
        4175000	       416	80000120	41148fb3	sub	x31,x9,x17	  x9:0x00000002 x17:0xfffffff5 x31=0x0000000d
        4185000	       417	80000124	fffb0b13	addi	x22,x22,-1	 x22:0xfffffffa x22=0xfffffff9
        4195000	       418	80000128	29ba3113	sltiu	x2,x20,667	 x20:0x80000000  x2=0x00000000
        4205000	       419	8000012c	01dc3133	sltu	x2,x24,x29	 x24:0x00000005 x29:0x5b6f7118  x2=0x00000001
        4215000	       420	80000130	012101b3	add	x3,x2,x18	  x2:0x00000001 x18:0x8000000d  x3=0x8000000e
        4225000	       421	80000134	00283bb3	sltu	x23,x16,x2	 x16:0x80000000  x2:0x00000001 x23=0x00000000
        4235000	       422	80000138	00000693	addi	x13,x0,0	  x0:0x00000000 x13=0x00000000
        4245000	       423	8000013c	00200493	addi	x9,x0,2	  x0:0x00000000  x9=0x00000002
        4255000	       424	80000140	1dca2413	slti	x8,x20,476	 x20:0x80000000  x8=0x00000001
        4265000	       425	80000144	00a68693	addi	x13,x13,10	 x13:0x00000000 x13=0x0000000a
        4275000	       426	80000148	01bbe1b3	or	x3,x23,x27	 x23:0x00000000 x27:0xfffffc36  x3=0xfffffc36
        4285000	       427	8000014c	fe96eae3	bltu	x13,x9,80000140	 x13:0x0000000a  x9:0x00000002
        4295000	       428	80000150	00b21cb3	sll	x25,x4,x11	  x4:0x16eebf25 x11:0x49a65bb9 x25=0x4a000000
        4305000	       429	80000154	11776d13	ori	x26,x14,279	 x14:0x33956c54 x26=0x33956d57
        4315000	       430	80000158	c3634d93	xori	x27,x6,-970	  x6:0x00000000 x27=0xfffffc36
        4325000	       431	8000015c	008b1e93	slli	x29,x22,0x8	 x22:0xfffffff9 x29=0xfffff900
        4335000	       432	80000160	fb1b5ce3	bge	x22,x17,80000118	 x22:0xfffffff9 x17:0xfffffff5
        4345000	       433	00000000	00000013	addi	x0,x0,0	  x0:0x00000000
        4355000	       434	80000114	00000013	addi	x0,x0,0	  x0:0x00000000
        4365000	       435	80000118	00d42fb3	slt	x31,x8,x13	  x8:0x00000001 x13:0x0000000a x31=0x00000001
        4375000	       436	8000011c	db6f7e97	auipc	x29,0xdb6f7	 x29=0x5b6f7118
        4385000	       437	80000120	41148fb3	sub	x31,x9,x17	  x9:0x00000002 x17:0xfffffff5 x31=0x0000000d
        4395000	       438	80000124	fffb0b13	addi	x22,x22,-1	 x22:0xfffffff9 x22=0xfffffff8
        4405000	       439	80000128	29ba3113	sltiu	x2,x20,667	 x20:0x80000000  x2=0x00000000
        4415000	       440	8000012c	01dc3133	sltu	x2,x24,x29	 x24:0x00000005 x29:0x5b6f7118  x2=0x00000001
        4425000	       441	80000130	012101b3	add	x3,x2,x18	  x2:0x00000001 x18:0x8000000d  x3=0x8000000e
        4435000	       442	80000134	00283bb3	sltu	x23,x16,x2	 x16:0x80000000  x2:0x00000001 x23=0x00000000
        4445000	       443	80000138	00000693	addi	x13,x0,0	  x0:0x00000000 x13=0x00000000
        4455000	       444	8000013c	00200493	addi	x9,x0,2	  x0:0x00000000  x9=0x00000002
        4465000	       445	80000140	1dca2413	slti	x8,x20,476	 x20:0x80000000  x8=0x00000001
        4475000	       446	80000144	00a68693	addi	x13,x13,10	 x13:0x00000000 x13=0x0000000a
        4485000	       447	80000148	01bbe1b3	or	x3,x23,x27	 x23:0x00000000 x27:0xfffffc36  x3=0xfffffc36
        4495000	       448	8000014c	fe96eae3	bltu	x13,x9,80000140	 x13:0x0000000a  x9:0x00000002
        4505000	       449	80000150	00b21cb3	sll	x25,x4,x11	  x4:0x16eebf25 x11:0x49a65bb9 x25=0x4a000000
        4515000	       450	80000154	11776d13	ori	x26,x14,279	 x14:0x33956c54 x26=0x33956d57
        4525000	       451	80000158	c3634d93	xori	x27,x6,-970	  x6:0x00000000 x27=0xfffffc36
        4535000	       452	8000015c	008b1e93	slli	x29,x22,0x8	 x22:0xfffffff8 x29=0xfffff800
        4545000	       453	80000160	fb1b5ce3	bge	x22,x17,80000118	 x22:0xfffffff8 x17:0xfffffff5
        4555000	       454	00000000	00000013	addi	x0,x0,0	  x0:0x00000000
        4565000	       455	80000114	00000013	addi	x0,x0,0	  x0:0x00000000
        4575000	       456	80000118	00d42fb3	slt	x31,x8,x13	  x8:0x00000001 x13:0x0000000a x31=0x00000001
        4585000	       457	8000011c	db6f7e97	auipc	x29,0xdb6f7	 x29=0x5b6f7118
        4595000	       458	80000120	41148fb3	sub	x31,x9,x17	  x9:0x00000002 x17:0xfffffff5 x31=0x0000000d
        4605000	       459	80000124	fffb0b13	addi	x22,x22,-1	 x22:0xfffffff8 x22=0xfffffff7
        4615000	       460	80000128	29ba3113	sltiu	x2,x20,667	 x20:0x80000000  x2=0x00000000
        4625000	       461	8000012c	01dc3133	sltu	x2,x24,x29	 x24:0x00000005 x29:0x5b6f7118  x2=0x00000001
        4635000	       462	80000130	012101b3	add	x3,x2,x18	  x2:0x00000001 x18:0x8000000d  x3=0x8000000e
        4645000	       463	80000134	00283bb3	sltu	x23,x16,x2	 x16:0x80000000  x2:0x00000001 x23=0x00000000
        4655000	       464	80000138	00000693	addi	x13,x0,0	  x0:0x00000000 x13=0x00000000
        4665000	       465	8000013c	00200493	addi	x9,x0,2	  x0:0x00000000  x9=0x00000002
        4675000	       466	80000140	1dca2413	slti	x8,x20,476	 x20:0x80000000  x8=0x00000001
        4685000	       467	80000144	00a68693	addi	x13,x13,10	 x13:0x00000000 x13=0x0000000a
        4695000	       468	80000148	01bbe1b3	or	x3,x23,x27	 x23:0x00000000 x27:0xfffffc36  x3=0xfffffc36
        4705000	       469	8000014c	fe96eae3	bltu	x13,x9,80000140	 x13:0x0000000a  x9:0x00000002
        4715000	       470	80000150	00b21cb3	sll	x25,x4,x11	  x4:0x16eebf25 x11:0x49a65bb9 x25=0x4a000000
        4725000	       471	80000154	11776d13	ori	x26,x14,279	 x14:0x33956c54 x26=0x33956d57
        4735000	       472	80000158	c3634d93	xori	x27,x6,-970	  x6:0x00000000 x27=0xfffffc36
        4745000	       473	8000015c	008b1e93	slli	x29,x22,0x8	 x22:0xfffffff7 x29=0xfffff700
        4755000	       474	80000160	fb1b5ce3	bge	x22,x17,80000118	 x22:0xfffffff7 x17:0xfffffff5
        4765000	       475	00000000	00000013	addi	x0,x0,0	  x0:0x00000000
        4775000	       476	80000114	00000013	addi	x0,x0,0	  x0:0x00000000
        4785000	       477	80000118	00d42fb3	slt	x31,x8,x13	  x8:0x00000001 x13:0x0000000a x31=0x00000001
        4795000	       478	8000011c	db6f7e97	auipc	x29,0xdb6f7	 x29=0x5b6f7118
        4805000	       479	80000120	41148fb3	sub	x31,x9,x17	  x9:0x00000002 x17:0xfffffff5 x31=0x0000000d
        4815000	       480	80000124	fffb0b13	addi	x22,x22,-1	 x22:0xfffffff7 x22=0xfffffff6
        4825000	       481	80000128	29ba3113	sltiu	x2,x20,667	 x20:0x80000000  x2=0x00000000
        4835000	       482	8000012c	01dc3133	sltu	x2,x24,x29	 x24:0x00000005 x29:0x5b6f7118  x2=0x00000001
        4845000	       483	80000130	012101b3	add	x3,x2,x18	  x2:0x00000001 x18:0x8000000d  x3=0x8000000e
        4855000	       484	80000134	00283bb3	sltu	x23,x16,x2	 x16:0x80000000  x2:0x00000001 x23=0x00000000
        4865000	       485	80000138	00000693	addi	x13,x0,0	  x0:0x00000000 x13=0x00000000
        4875000	       486	8000013c	00200493	addi	x9,x0,2	  x0:0x00000000  x9=0x00000002
        4885000	       487	80000140	1dca2413	slti	x8,x20,476	 x20:0x80000000  x8=0x00000001
        4895000	       488	80000144	00a68693	addi	x13,x13,10	 x13:0x00000000 x13=0x0000000a
        4905000	       489	80000148	01bbe1b3	or	x3,x23,x27	 x23:0x00000000 x27:0xfffffc36  x3=0xfffffc36
        4915000	       490	8000014c	fe96eae3	bltu	x13,x9,80000140	 x13:0x0000000a  x9:0x00000002
        4925000	       491	80000150	00b21cb3	sll	x25,x4,x11	  x4:0x16eebf25 x11:0x49a65bb9 x25=0x4a000000
        4935000	       492	80000154	11776d13	ori	x26,x14,279	 x14:0x33956c54 x26=0x33956d57
        4945000	       493	80000158	c3634d93	xori	x27,x6,-970	  x6:0x00000000 x27=0xfffffc36
        4955000	       494	8000015c	008b1e93	slli	x29,x22,0x8	 x22:0xfffffff6 x29=0xfffff600
        4965000	       495	80000160	fb1b5ce3	bge	x22,x17,80000118	 x22:0xfffffff6 x17:0xfffffff5
        4975000	       496	00000000	00000013	addi	x0,x0,0	  x0:0x00000000
        4985000	       497	80000114	00000013	addi	x0,x0,0	  x0:0x00000000
        4995000	       498	80000118	00d42fb3	slt	x31,x8,x13	  x8:0x00000001 x13:0x0000000a x31=0x00000001
        5005000	       499	8000011c	db6f7e97	auipc	x29,0xdb6f7	 x29=0x5b6f7118
        5015000	       500	80000120	41148fb3	sub	x31,x9,x17	  x9:0x00000002 x17:0xfffffff5 x31=0x0000000d
        5025000	       501	80000124	fffb0b13	addi	x22,x22,-1	 x22:0xfffffff6 x22=0xfffffff5
        5035000	       502	80000128	29ba3113	sltiu	x2,x20,667	 x20:0x80000000  x2=0x00000000
        5045000	       503	8000012c	01dc3133	sltu	x2,x24,x29	 x24:0x00000005 x29:0x5b6f7118  x2=0x00000001
        5055000	       504	80000130	012101b3	add	x3,x2,x18	  x2:0x00000001 x18:0x8000000d  x3=0x8000000e
        5065000	       505	80000134	00283bb3	sltu	x23,x16,x2	 x16:0x80000000  x2:0x00000001 x23=0x00000000
        5075000	       506	80000138	00000693	addi	x13,x0,0	  x0:0x00000000 x13=0x00000000
        5085000	       507	8000013c	00200493	addi	x9,x0,2	  x0:0x00000000  x9=0x00000002
        5095000	       508	80000140	1dca2413	slti	x8,x20,476	 x20:0x80000000  x8=0x00000001
        5105000	       509	80000144	00a68693	addi	x13,x13,10	 x13:0x00000000 x13=0x0000000a
        5115000	       510	80000148	01bbe1b3	or	x3,x23,x27	 x23:0x00000000 x27:0xfffffc36  x3=0xfffffc36
        5125000	       511	8000014c	fe96eae3	bltu	x13,x9,80000140	 x13:0x0000000a  x9:0x00000002
        5135000	       512	80000150	00b21cb3	sll	x25,x4,x11	  x4:0x16eebf25 x11:0x49a65bb9 x25=0x4a000000
        5145000	       513	80000154	11776d13	ori	x26,x14,279	 x14:0x33956c54 x26=0x33956d57
        5155000	       514	80000158	c3634d93	xori	x27,x6,-970	  x6:0x00000000 x27=0xfffffc36
        5165000	       515	8000015c	008b1e93	slli	x29,x22,0x8	 x22:0xfffffff5 x29=0xfffff500
        5175000	       516	80000160	fb1b5ce3	bge	x22,x17,80000118	 x22:0xfffffff5 x17:0xfffffff5
        5185000	       517	00000000	00000013	addi	x0,x0,0	  x0:0x00000000
        5195000	       518	80000114	00000013	addi	x0,x0,0	  x0:0x00000000
        5205000	       519	80000118	00d42fb3	slt	x31,x8,x13	  x8:0x00000001 x13:0x0000000a x31=0x00000001
        5215000	       520	8000011c	db6f7e97	auipc	x29,0xdb6f7	 x29=0x5b6f7118
        5225000	       521	80000120	41148fb3	sub	x31,x9,x17	  x9:0x00000002 x17:0xfffffff5 x31=0x0000000d
        5235000	       522	80000124	fffb0b13	addi	x22,x22,-1	 x22:0xfffffff5 x22=0xfffffff4
        5245000	       523	80000128	29ba3113	sltiu	x2,x20,667	 x20:0x80000000  x2=0x00000000
        5255000	       524	8000012c	01dc3133	sltu	x2,x24,x29	 x24:0x00000005 x29:0x5b6f7118  x2=0x00000001
        5265000	       525	80000130	012101b3	add	x3,x2,x18	  x2:0x00000001 x18:0x8000000d  x3=0x8000000e
        5275000	       526	80000134	00283bb3	sltu	x23,x16,x2	 x16:0x80000000  x2:0x00000001 x23=0x00000000
        5285000	       527	80000138	00000693	addi	x13,x0,0	  x0:0x00000000 x13=0x00000000
        5295000	       528	8000013c	00200493	addi	x9,x0,2	  x0:0x00000000  x9=0x00000002
        5305000	       529	80000140	1dca2413	slti	x8,x20,476	 x20:0x80000000  x8=0x00000001
        5315000	       530	80000144	00a68693	addi	x13,x13,10	 x13:0x00000000 x13=0x0000000a
        5325000	       531	80000148	01bbe1b3	or	x3,x23,x27	 x23:0x00000000 x27:0xfffffc36  x3=0xfffffc36
        5335000	       532	8000014c	fe96eae3	bltu	x13,x9,80000140	 x13:0x0000000a  x9:0x00000002
        5345000	       533	80000150	00b21cb3	sll	x25,x4,x11	  x4:0x16eebf25 x11:0x49a65bb9 x25=0x4a000000
        5355000	       534	80000154	11776d13	ori	x26,x14,279	 x14:0x33956c54 x26=0x33956d57
        5365000	       535	80000158	c3634d93	xori	x27,x6,-970	  x6:0x00000000 x27=0xfffffc36
        5375000	       536	8000015c	008b1e93	slli	x29,x22,0x8	 x22:0xfffffff4 x29=0xfffff400
        5385000	       537	80000160	fb1b5ce3	bge	x22,x17,80000118	 x22:0xfffffff4 x17:0xfffffff5
        5395000	       538	80000164	06065fb7	lui	x31,0x6065	 x31=0x06065000
        5405000	       539	80000168	00900c13	addi	x24,x0,9	  x0:0x00000000 x24=0x00000009
        5415000	       540	8000016c	01100d93	addi	x27,x0,17	  x0:0x00000000 x27=0x00000011
        5425000	       541	80000170	a80ea393	slti	x7,x29,-1408	 x29:0xfffff400  x7=0x00000001
        5435000	       542	80000174	009c0c13	addi	x24,x24,9	 x24:0x00000009 x24=0x00000012
        5445000	       543	80000178	b5813a17	auipc	x20,0xb5813	 x20=0x35813174
        5455000	       544	8000017c	ff800213	addi	x4,x0,-8	  x0:0x00000000  x4=0xfffffff8
        5465000	       545	80000180	01300e93	addi	x29,x0,19	  x0:0x00000000 x29=0x00000013
        5475000	       546	80000184	40ebd3b3	sra	x7,x23,x14	 x23:0x00000000 x14:0x33956c54  x7=0x00000000
        5485000	       547	80000188	002cfd33	and	x26,x25,x2	 x25:0x4a000000  x2:0x00000001 x26=0x00000000
        5495000	       548	8000018c	00920213	addi	x4,x4,9	  x4:0xfffffff8  x4=0x00000001
        5505000	       549	80000190	6bc88817	auipc	x16,0x6bc88	 x16=0xebc8818c
        5515000	       550	80000194	ffd21ae3	bne	x4,x29,80000188	  x4:0x00000001 x29:0x00000013
        5525000	       551	00000000	00000013	addi	x0,x0,0	  x0:0x00000000
        5535000	       552	80000184	00000013	addi	x0,x0,0	  x0:0x00000000
        5545000	       553	80000188	002cfd33	and	x26,x25,x2	 x25:0x4a000000  x2:0x00000001 x26=0x00000000
        5555000	       554	8000018c	00920213	addi	x4,x4,9	  x4:0x00000001  x4=0x0000000a
        5565000	       555	80000190	6bc88817	auipc	x16,0x6bc88	 x16=0xebc8818c
        5575000	       556	80000194	ffd21ae3	bne	x4,x29,80000188	  x4:0x0000000a x29:0x00000013
        5585000	       557	00000000	00000013	addi	x0,x0,0	  x0:0x00000000
        5595000	       558	80000184	00000013	addi	x0,x0,0	  x0:0x00000000
        5605000	       559	80000188	002cfd33	and	x26,x25,x2	 x25:0x4a000000  x2:0x00000001 x26=0x00000000
        5615000	       560	8000018c	00920213	addi	x4,x4,9	  x4:0x0000000a  x4=0x00000013
        5625000	       561	80000190	6bc88817	auipc	x16,0x6bc88	 x16=0xebc8818c
        5635000	       562	80000194	ffd21ae3	bne	x4,x29,80000188	  x4:0x00000013 x29:0x00000013
        5645000	       563	80000198	000c79b3	and	x19,x24,x0	 x24:0x00000012  x0:0x00000000 x19=0x00000000
        5655000	       564	8000019c	fdbc6ae3	bltu	x24,x27,80000170	 x24:0x00000012 x27:0x00000011
        5665000	       565	800001a0	d5ef9697	auipc	x13,0xd5ef9	 x13=0x55ef919c
        5675000	       566	800001a4	ff600213	addi	x4,x0,-10	  x0:0x00000000  x4=0xfffffff6
        5685000	       567	800001a8	c086bd93	sltiu	x27,x13,-1016	 x13:0x55ef919c x27=0x00000001
        5695000	       568	800001ac	ff200913	addi	x18,x0,-14	  x0:0x00000000 x18=0xfffffff2
        5705000	       569	800001b0	00464eb3	xor	x29,x12,x4	 x12:0x80000000  x4:0xfffffff6 x29=0x7ffffff6
        5715000	       570	800001b4	acf6c6b7	lui	x13,0xacf6c	 x13=0xacf6c000
        5725000	       571	800001b8	4e9cba13	sltiu	x20,x25,1257	 x25:0x4a000000 x20=0x00000000
        5735000	       572	800001bc	ff920213	addi	x4,x4,-7	  x4:0xfffffff6  x4=0xffffffef
        5745000	       573	800001c0	00900e13	addi	x28,x0,9	  x0:0x00000000 x28=0x00000009
        5755000	       574	800001c4	005e6633	or	x12,x28,x5	 x28:0x00000009  x5:0x0000000d x12=0x0000000d
        5765000	       575	800001c8	fec00293	addi	x5,x0,-20	  x0:0x00000000  x5=0xffffffec
        5775000	       576	800001cc	004ac9b3	xor	x19,x21,x4	 x21:0x80009fc4  x4:0xffffffef x19=0x7fff602b
        5785000	       577	800001d0	01462cb3	slt	x25,x12,x20	 x12:0x0000000d x20:0x00000000 x25=0x00000000
        5795000	       578	800001d4	ffbe0e13	addi	x28,x28,-5	 x28:0x00000009 x28=0x00000004
        5805000	       579	800001d8	e5efcc13	xori	x24,x31,-418	 x31:0x06065000 x24=0xf9f9ae5e
        5815000	       580	800001dc	00000013	addi	x0,x0,0	  x0:0x00000000
        5825000	       581	800001e0	fe5e56e3	bge	x28,x5,800001cc	 x28:0x00000004  x5:0xffffffec
        5835000	       582	00000000	00000013	addi	x0,x0,0	  x0:0x00000000
        5845000	       583	800001c8	00000013	addi	x0,x0,0	  x0:0x00000000
        5855000	       584	800001cc	004ac9b3	xor	x19,x21,x4	 x21:0x80009fc4  x4:0xffffffef x19=0x7fff602b
        5865000	       585	800001d0	01462cb3	slt	x25,x12,x20	 x12:0x0000000d x20:0x00000000 x25=0x00000000
        5875000	       586	800001d4	ffbe0e13	addi	x28,x28,-5	 x28:0x00000004 x28=0xffffffff
        5885000	       587	800001d8	e5efcc13	xori	x24,x31,-418	 x31:0x06065000 x24=0xf9f9ae5e
        5895000	       588	800001dc	00000013	addi	x0,x0,0	  x0:0x00000000
        5905000	       589	800001e0	fe5e56e3	bge	x28,x5,800001cc	 x28:0xffffffff  x5:0xffffffec
        5915000	       590	00000000	00000013	addi	x0,x0,0	  x0:0x00000000
        5925000	       591	800001c8	00000013	addi	x0,x0,0	  x0:0x00000000
        5935000	       592	800001cc	004ac9b3	xor	x19,x21,x4	 x21:0x80009fc4  x4:0xffffffef x19=0x7fff602b
        5945000	       593	800001d0	01462cb3	slt	x25,x12,x20	 x12:0x0000000d x20:0x00000000 x25=0x00000000
        5955000	       594	800001d4	ffbe0e13	addi	x28,x28,-5	 x28:0xffffffff x28=0xfffffffa
        5965000	       595	800001d8	e5efcc13	xori	x24,x31,-418	 x31:0x06065000 x24=0xf9f9ae5e
        5975000	       596	800001dc	00000013	addi	x0,x0,0	  x0:0x00000000
        5985000	       597	800001e0	fe5e56e3	bge	x28,x5,800001cc	 x28:0xfffffffa  x5:0xffffffec
        5995000	       598	00000000	00000013	addi	x0,x0,0	  x0:0x00000000
        6005000	       599	800001c8	00000013	addi	x0,x0,0	  x0:0x00000000
        6015000	       600	800001cc	004ac9b3	xor	x19,x21,x4	 x21:0x80009fc4  x4:0xffffffef x19=0x7fff602b
        6025000	       601	800001d0	01462cb3	slt	x25,x12,x20	 x12:0x0000000d x20:0x00000000 x25=0x00000000
        6035000	       602	800001d4	ffbe0e13	addi	x28,x28,-5	 x28:0xfffffffa x28=0xfffffff5
        6045000	       603	800001d8	e5efcc13	xori	x24,x31,-418	 x31:0x06065000 x24=0xf9f9ae5e
        6055000	       604	800001dc	00000013	addi	x0,x0,0	  x0:0x00000000
        6065000	       605	800001e0	fe5e56e3	bge	x28,x5,800001cc	 x28:0xfffffff5  x5:0xffffffec
        6075000	       606	00000000	00000013	addi	x0,x0,0	  x0:0x00000000
        6085000	       607	800001c8	00000013	addi	x0,x0,0	  x0:0x00000000
        6095000	       608	800001cc	004ac9b3	xor	x19,x21,x4	 x21:0x80009fc4  x4:0xffffffef x19=0x7fff602b
        6105000	       609	800001d0	01462cb3	slt	x25,x12,x20	 x12:0x0000000d x20:0x00000000 x25=0x00000000
        6115000	       610	800001d4	ffbe0e13	addi	x28,x28,-5	 x28:0xfffffff5 x28=0xfffffff0
        6125000	       611	800001d8	e5efcc13	xori	x24,x31,-418	 x31:0x06065000 x24=0xf9f9ae5e
        6135000	       612	800001dc	00000013	addi	x0,x0,0	  x0:0x00000000
        6145000	       613	800001e0	fe5e56e3	bge	x28,x5,800001cc	 x28:0xfffffff0  x5:0xffffffec
        6155000	       614	00000000	00000013	addi	x0,x0,0	  x0:0x00000000
        6165000	       615	800001c8	00000013	addi	x0,x0,0	  x0:0x00000000
        6175000	       616	800001cc	004ac9b3	xor	x19,x21,x4	 x21:0x80009fc4  x4:0xffffffef x19=0x7fff602b
        6185000	       617	800001d0	01462cb3	slt	x25,x12,x20	 x12:0x0000000d x20:0x00000000 x25=0x00000000
        6195000	       618	800001d4	ffbe0e13	addi	x28,x28,-5	 x28:0xfffffff0 x28=0xffffffeb
        6205000	       619	800001d8	e5efcc13	xori	x24,x31,-418	 x31:0x06065000 x24=0xf9f9ae5e
        6215000	       620	800001dc	00000013	addi	x0,x0,0	  x0:0x00000000
        6225000	       621	800001e0	fe5e56e3	bge	x28,x5,800001cc	 x28:0xffffffeb  x5:0xffffffec
        6235000	       622	800001e4	fd2256e3	bge	x4,x18,800001b0	  x4:0xffffffef x18:0xfffffff2
        6245000	       623	800001e8	001d23b3	slt	x7,x26,x1	 x26:0x00000000  x1:0x00000003  x7=0x00000001
        6255000	       624	800001ec	00300493	addi	x9,x0,3	  x0:0x00000000  x9=0x00000003
        6265000	       625	800001f0	005ae833	or	x16,x21,x5	 x21:0x80009fc4  x5:0xffffffec x16=0xffffffec
        6275000	       626	800001f4	41bb5d93	srai	x27,x22,0x1b	 x22:0xfffffff4 x27=0xffffffff
        6285000	       627	800001f8	686bbe13	sltiu	x28,x23,1670	 x23:0x00000000 x28=0x00000001
        6295000	       628	800001fc	61f00913	addi	x18,x0,1567	  x0:0x00000000 x18=0x0000061f
        6305000	       629	80000200	00000013	addi	x0,x0,0	  x0:0x00000000
        6315000	       630	80000204	001065b3	or	x11,x0,x1	  x0:0x00000000  x1:0x00000003 x11=0x00000003
        6325000	       631	80000208	00919b13	slli	x22,x3,0x9	  x3:0xfffffc36 x22=0xfff86c00
        6335000	       632	8000020c	00fc4433	xor	x8,x24,x15	 x24:0xf9f9ae5e x15:0x80009f84  x8=0x79f931da
        6345000	       633	80000210	416f5693	srai	x13,x30,0x16	 x30:0xe4930cde x13=0xffffff92
        6355000	       634	80000214	00659733	sll	x14,x11,x6	 x11:0x00000003  x6:0x00000000 x14=0x00000003
        6365000	       635	80000218	ff100c93	addi	x25,x0,-15	  x0:0x00000000 x25=0xfffffff1
        6375000	       636	8000021c	01b39213	slli	x4,x7,0x1b	  x7:0x00000001  x4=0x08000000
        6385000	       637	80000220	008d9b13	slli	x22,x27,0x8	 x27:0xffffffff x22=0xffffff00
        6395000	       638	80000224	01bb6533	or	x10,x22,x27	 x22:0xffffff00 x27:0xffffffff x10=0xffffffff
        6405000	       639	80000228	6e91ab13	slti	x22,x3,1769	  x3:0xfffffc36 x22=0x00000001
        6415000	       640	8000022c	ffa48493	addi	x9,x9,-6	  x9:0x00000003  x9=0xfffffffd
        6425000	       641	80000230	d5203813	sltiu	x16,x0,-686	  x0:0x00000000 x16=0x00000001
        6435000	       642	80000234	31ff0293	addi	x5,x30,799	 x30:0xe4930cde  x5=0xe4930ffd
        6445000	       643	80000238	ff9486e3	beq	x9,x25,80000224	  x9:0xfffffffd x25:0xfffffff1
        6455000	       644	8000023c	01fc9033	sll	x0,x25,x31	 x25:0xfffffff1 x31:0x06065000
        6465000	       645	80000240	ffc00693	addi	x13,x0,-4	  x0:0x00000000 x13=0xfffffffc
        6475000	       646	80000244	00000013	addi	x0,x0,0	  x0:0x00000000
        6485000	       647	80000248	0167d033	srl	x0,x15,x22	 x15:0x80009f84 x22:0x00000001
        6495000	       648	8000024c	70588413	addi	x8,x17,1797	 x17:0xfffffff5  x8=0x000006fa
        6505000	       649	80000250	01c118b3	sll	x17,x2,x28	  x2:0x00000001 x28:0x00000001 x17=0x00000002
        6515000	       650	80000254	ff000113	addi	x2,x0,-16	  x0:0x00000000  x2=0xfffffff0
        6525000	       651	80000258	37094493	xori	x9,x18,880	 x18:0x0000061f  x9=0x0000056f
        6535000	       652	8000025c	407b88b3	sub	x17,x23,x7	 x23:0x00000000  x7:0x00000001 x17=0xffffffff
        6545000	       653	80000260	41a5d3b3	sra	x7,x11,x26	 x11:0x00000003 x26:0x00000000  x7=0x00000003
        6555000	       654	80000264	ffd68693	addi	x13,x13,-3	 x13:0xfffffffc x13=0xfffffff9
        6565000	       655	80000268	fe2688e3	beq	x13,x2,80000258	 x13:0xfffffff9  x2:0xfffffff0
        6575000	       656	8000026c	79b32093	slti	x1,x6,1947	  x6:0x00000000  x1=0x00000001
        6585000	       657	80000270	ffc00e93	addi	x29,x0,-4	  x0:0x00000000 x29=0xfffffffc
        6595000	       658	80000274	0165f5b3	and	x11,x11,x22	 x11:0x00000003 x22:0x00000001 x11=0x00000001
        6605000	       659	80000278	cdeac213	xori	x4,x21,-802	 x21:0x80009fc4  x4=0x7fff631a
        6615000	       660	8000027c	007d5133	srl	x2,x26,x7	 x26:0x00000000  x7:0x00000003  x2=0x00000000
        6625000	       661	80000280	b21bc193	xori	x3,x23,-1247	 x23:0x00000000  x3=0xfffffb21
        6635000	       662	80000284	018e12b3	sll	x5,x28,x24	 x28:0x00000001 x24:0xf9f9ae5e  x5=0x40000000
        6645000	       663	80000288	00800c13	addi	x24,x0,8	  x0:0x00000000 x24=0x00000008
        6655000	       664	8000028c	a1027417	auipc	x8,0xa1027	  x8=0x21027288
        6665000	       665	80000290	004e8e93	addi	x29,x29,4	 x29:0xfffffffc x29=0x00000000
        6675000	       666	80000294	d48b0693	addi	x13,x22,-696	 x22:0x00000001 x13=0xfffffd49
        6685000	       667	80000298	fff00f13	addi	x30,x0,-1	  x0:0x00000000 x30=0xffffffff
        6695000	       668	8000029c	01c45413	srli	x8,x8,0x1c	  x8:0x21027288  x8=0x00000002
        6705000	       669	800002a0	00400913	addi	x18,x0,4	  x0:0x00000000 x18=0x00000004
        6715000	       670	800002a4	01315fb3	srl	x31,x2,x19	  x2:0x00000000 x19:0x7fff602b x31=0x00000000
        6725000	       671	800002a8	000222b3	slt	x5,x4,x0	  x4:0x7fff631a  x0:0x00000000  x5=0x00000000
        6735000	       672	800002ac	0082d613	srli	x12,x5,0x8	  x5:0x00000000 x12=0x00000000
        6745000	       673	800002b0	005f0f13	addi	x30,x30,5	 x30:0xffffffff x30=0x00000004
        6755000	       674	800002b4	ff2f0ae3	beq	x30,x18,800002a8	 x30:0x00000004 x18:0x00000004
        6765000	       675	00000000	00000013	addi	x0,x0,0	  x0:0x00000000
        6775000	       676	800002a4	00000013	addi	x0,x0,0	  x0:0x00000000
        6785000	       677	800002a8	000222b3	slt	x5,x4,x0	  x4:0x7fff631a  x0:0x00000000  x5=0x00000000
        6795000	       678	800002ac	0082d613	srli	x12,x5,0x8	  x5:0x00000000 x12=0x00000000
        6805000	       679	800002b0	005f0f13	addi	x30,x30,5	 x30:0x00000004 x30=0x00000009
        6815000	       680	800002b4	ff2f0ae3	beq	x30,x18,800002a8	 x30:0x00000009 x18:0x00000004
        6825000	       681	800002b8	01b04033	xor	x0,x0,x27	  x0:0x00000000 x27:0xffffffff
        6835000	       682	800002bc	fd8ec8e3	blt	x29,x24,8000028c	 x29:0x00000000 x24:0x00000008
        6845000	       683	00000000	00000013	addi	x0,x0,0	  x0:0x00000000
        6855000	       684	80000288	00000013	addi	x0,x0,0	  x0:0x00000000
        6865000	       685	8000028c	a1027417	auipc	x8,0xa1027	  x8=0x21027288
        6875000	       686	80000290	004e8e93	addi	x29,x29,4	 x29:0x00000000 x29=0x00000004
        6885000	       687	80000294	d48b0693	addi	x13,x22,-696	 x22:0x00000001 x13=0xfffffd49
        6895000	       688	80000298	fff00f13	addi	x30,x0,-1	  x0:0x00000000 x30=0xffffffff
        6905000	       689	8000029c	01c45413	srli	x8,x8,0x1c	  x8:0x21027288  x8=0x00000002
        6915000	       690	800002a0	00400913	addi	x18,x0,4	  x0:0x00000000 x18=0x00000004
        6925000	       691	800002a4	01315fb3	srl	x31,x2,x19	  x2:0x00000000 x19:0x7fff602b x31=0x00000000
        6935000	       692	800002a8	000222b3	slt	x5,x4,x0	  x4:0x7fff631a  x0:0x00000000  x5=0x00000000
        6945000	       693	800002ac	0082d613	srli	x12,x5,0x8	  x5:0x00000000 x12=0x00000000
        6955000	       694	800002b0	005f0f13	addi	x30,x30,5	 x30:0xffffffff x30=0x00000004
        6965000	       695	800002b4	ff2f0ae3	beq	x30,x18,800002a8	 x30:0x00000004 x18:0x00000004
        6975000	       696	00000000	00000013	addi	x0,x0,0	  x0:0x00000000
        6985000	       697	800002a4	00000013	addi	x0,x0,0	  x0:0x00000000
        6995000	       698	800002a8	000222b3	slt	x5,x4,x0	  x4:0x7fff631a  x0:0x00000000  x5=0x00000000
        7005000	       699	800002ac	0082d613	srli	x12,x5,0x8	  x5:0x00000000 x12=0x00000000
        7015000	       700	800002b0	005f0f13	addi	x30,x30,5	 x30:0x00000004 x30=0x00000009
        7025000	       701	800002b4	ff2f0ae3	beq	x30,x18,800002a8	 x30:0x00000009 x18:0x00000004
        7035000	       702	800002b8	01b04033	xor	x0,x0,x27	  x0:0x00000000 x27:0xffffffff
        7045000	       703	800002bc	fd8ec8e3	blt	x29,x24,8000028c	 x29:0x00000004 x24:0x00000008
        7055000	       704	00000000	00000013	addi	x0,x0,0	  x0:0x00000000
        7065000	       705	80000288	00000013	addi	x0,x0,0	  x0:0x00000000
        7075000	       706	8000028c	a1027417	auipc	x8,0xa1027	  x8=0x21027288
        7085000	       707	80000290	004e8e93	addi	x29,x29,4	 x29:0x00000004 x29=0x00000008
        7095000	       708	80000294	d48b0693	addi	x13,x22,-696	 x22:0x00000001 x13=0xfffffd49
        7105000	       709	80000298	fff00f13	addi	x30,x0,-1	  x0:0x00000000 x30=0xffffffff
        7115000	       710	8000029c	01c45413	srli	x8,x8,0x1c	  x8:0x21027288  x8=0x00000002
        7125000	       711	800002a0	00400913	addi	x18,x0,4	  x0:0x00000000 x18=0x00000004
        7135000	       712	800002a4	01315fb3	srl	x31,x2,x19	  x2:0x00000000 x19:0x7fff602b x31=0x00000000
        7145000	       713	800002a8	000222b3	slt	x5,x4,x0	  x4:0x7fff631a  x0:0x00000000  x5=0x00000000
        7155000	       714	800002ac	0082d613	srli	x12,x5,0x8	  x5:0x00000000 x12=0x00000000
        7165000	       715	800002b0	005f0f13	addi	x30,x30,5	 x30:0xffffffff x30=0x00000004
        7175000	       716	800002b4	ff2f0ae3	beq	x30,x18,800002a8	 x30:0x00000004 x18:0x00000004
        7185000	       717	00000000	00000013	addi	x0,x0,0	  x0:0x00000000
        7195000	       718	800002a4	00000013	addi	x0,x0,0	  x0:0x00000000
        7205000	       719	800002a8	000222b3	slt	x5,x4,x0	  x4:0x7fff631a  x0:0x00000000  x5=0x00000000
        7215000	       720	800002ac	0082d613	srli	x12,x5,0x8	  x5:0x00000000 x12=0x00000000
        7225000	       721	800002b0	005f0f13	addi	x30,x30,5	 x30:0x00000004 x30=0x00000009
        7235000	       722	800002b4	ff2f0ae3	beq	x30,x18,800002a8	 x30:0x00000009 x18:0x00000004
        7245000	       723	800002b8	01b04033	xor	x0,x0,x27	  x0:0x00000000 x27:0xffffffff
        7255000	       724	800002bc	fd8ec8e3	blt	x29,x24,8000028c	 x29:0x00000008 x24:0x00000008
        7265000	       725	800002c0	393e8017	auipc	x0,0x393e8	
        7275000	       726	800002c4	ff900713	addi	x14,x0,-7	  x0:0x00000000 x14=0xfffffff9
        7285000	       727	800002c8	416eddb3	sra	x27,x29,x22	 x29:0x00000008 x22:0x00000001 x27=0x00000004
        7295000	       728	800002cc	01e89c33	sll	x24,x17,x30	 x17:0xffffffff x30:0x00000009 x24=0xfffffe00
        7305000	       729	800002d0	01c31133	sll	x2,x6,x28	  x6:0x00000000 x28:0x00000001  x2=0x00000000
        7315000	       730	800002d4	0032ffb3	and	x31,x5,x3	  x5:0x00000000  x3:0xfffffb21 x31=0x00000000
        7325000	       731	800002d8	0b46f113	andi	x2,x13,180	 x13:0xfffffd49  x2=0x00000000
        7335000	       732	800002dc	ff200d13	addi	x26,x0,-14	  x0:0x00000000 x26=0xfffffff2
        7345000	       733	800002e0	00f0ddb3	srl	x27,x1,x15	  x1:0x00000001 x15:0x80009f84 x27=0x00000000
        7355000	       734	800002e4	c2967813	andi	x16,x12,-983	 x12:0x00000000 x16=0x00000000
        7365000	       735	800002e8	e24a3993	sltiu	x19,x20,-476	 x20:0x00000000 x19=0x00000001
        7375000	       736	800002ec	40915e93	srai	x29,x2,0x9	  x2:0x00000000 x29=0x00000000
        7385000	       737	800002f0	ff970713	addi	x14,x14,-7	 x14:0xfffffff9 x14=0xfffffff2
        7395000	       738	800002f4	ffe00693	addi	x13,x0,-2	  x0:0x00000000 x13=0xfffffffe
        7405000	       739	800002f8	7fa86437	lui	x8,0x7fa86	  x8=0x7fa86000
        7415000	       740	800002fc	fee00c93	addi	x25,x0,-18	  x0:0x00000000 x25=0xffffffee
        7425000	       741	80000300	cec86493	ori	x9,x16,-788	 x16:0x00000000  x9=0xfffffcec
        7435000	       742	80000304	0001f233	and	x4,x3,x0	  x3:0xfffffb21  x0:0x00000000  x4=0x00000000
        7445000	       743	80000308	ffa68693	addi	x13,x13,-6	 x13:0xfffffffe x13=0xfffffff8
        7455000	       744	8000030c	008ee633	or	x12,x29,x8	 x29:0x00000000  x8:0x7fa86000 x12=0x7fa86000
        7465000	       745	80000310	ff96dae3	bge	x13,x25,80000304	 x13:0xfffffff8 x25:0xffffffee
        7475000	       746	00000000	00000013	addi	x0,x0,0	  x0:0x00000000
        7485000	       747	80000300	00000013	addi	x0,x0,0	  x0:0x00000000
        7495000	       748	80000304	0001f233	and	x4,x3,x0	  x3:0xfffffb21  x0:0x00000000  x4=0x00000000
        7505000	       749	80000308	ffa68693	addi	x13,x13,-6	 x13:0xfffffff8 x13=0xfffffff2
        7515000	       750	8000030c	008ee633	or	x12,x29,x8	 x29:0x00000000  x8:0x7fa86000 x12=0x7fa86000
        7525000	       751	80000310	ff96dae3	bge	x13,x25,80000304	 x13:0xfffffff2 x25:0xffffffee
        7535000	       752	00000000	00000013	addi	x0,x0,0	  x0:0x00000000
        7545000	       753	80000300	00000013	addi	x0,x0,0	  x0:0x00000000
        7555000	       754	80000304	0001f233	and	x4,x3,x0	  x3:0xfffffb21  x0:0x00000000  x4=0x00000000
        7565000	       755	80000308	ffa68693	addi	x13,x13,-6	 x13:0xfffffff2 x13=0xffffffec
        7575000	       756	8000030c	008ee633	or	x12,x29,x8	 x29:0x00000000  x8:0x7fa86000 x12=0x7fa86000
        7585000	       757	80000310	ff96dae3	bge	x13,x25,80000304	 x13:0xffffffec x25:0xffffffee
        7595000	       758	80000314	fda718e3	bne	x14,x26,800002e4	 x14:0xfffffff2 x26:0xfffffff2
        7605000	       759	80000318	00015a13	srli	x20,x2,0x0	  x2:0x00000000 x20=0x00000000
        7615000	       760	8000031c	ffe00f93	addi	x31,x0,-2	  x0:0x00000000 x31=0xfffffffe
        7625000	       761	80000320	00909bb3	sll	x23,x1,x9	  x1:0x00000001  x9:0xfffffcec x23=0x00001000
        7635000	       762	80000324	41acd6b3	sra	x13,x25,x26	 x25:0xffffffee x26:0xfffffff2 x13=0xffffffff
        7645000	       763	80000328	00067c33	and	x24,x12,x0	 x12:0x7fa86000  x0:0x00000000 x24=0x00000000
        7655000	       764	8000032c	0ba47c93	andi	x25,x8,186	  x8:0x7fa86000 x25=0x00000000
        7665000	       765	80000330	d9968e13	addi	x28,x13,-615	 x13:0xffffffff x28=0xfffffd98
        7675000	       766	80000334	00800513	addi	x10,x0,8	  x0:0x00000000 x10=0x00000008
        7685000	       767	80000338	07096c37	lui	x24,0x7096	 x24=0x07096000
        7695000	       768	8000033c	01675b13	srli	x22,x14,0x16	 x14:0xfffffff2 x22=0x000003ff
        7705000	       769	80000340	76733493	sltiu	x9,x6,1895	  x6:0x00000000  x9=0x00000001
        7715000	       770	80000344	8b74b3b7	lui	x7,0x8b74b	  x7=0x8b74b000
        7725000	       771	80000348	01d9a433	slt	x8,x19,x29	 x19:0x00000001 x29:0x00000000  x8=0x00000000
        7735000	       772	8000034c	00af8f93	addi	x31,x31,10	 x31:0xfffffffe x31=0x00000008
        7745000	       773	80000350	0078c4b3	xor	x9,x17,x7	 x17:0xffffffff  x7:0x8b74b000  x9=0x748b4fff
        7755000	       774	80000354	01245413	srli	x8,x8,0x12	  x8:0x00000000  x8=0x00000000
        7765000	       775	80000358	01be5d33	srl	x26,x28,x27	 x28:0xfffffd98 x27:0x00000000 x26=0xfffffd98
        7775000	       776	8000035c	4047de13	srai	x28,x15,0x4	 x15:0x80009f84 x28=0xf80009f8
        7785000	       777	80000360	ffb00f13	addi	x30,x0,-5	  x0:0x00000000 x30=0xfffffffb
        7795000	       778	80000364	4588c393	xori	x7,x17,1112	 x17:0xffffffff  x7=0xfffffba7
        7805000	       779	80000368	cf258593	addi	x11,x11,-782	 x11:0x00000001 x11=0xfffffcf3
        7815000	       780	8000036c	fec00913	addi	x18,x0,-20	  x0:0x00000000 x18=0xffffffec
        7825000	       781	80000370	00000013	addi	x0,x0,0	  x0:0x00000000
        7835000	       782	80000374	26306493	ori	x9,x0,611	  x0:0x00000000  x9=0x00000263
        7845000	       783	80000378	7119cc93	xori	x25,x19,1809	 x19:0x00000001 x25=0x00000710
        7855000	       784	8000037c	01694433	xor	x8,x18,x22	 x18:0xffffffec x22:0x000003ff  x8=0xfffffc13
        7865000	       785	80000380	01fdce33	xor	x28,x27,x31	 x27:0x00000000 x31:0x00000008 x28=0x00000008
        7875000	       786	80000384	41178633	sub	x12,x15,x17	 x15:0x80009f84 x17:0xffffffff x12=0x80009f85
        7885000	       787	80000388	ffff0f13	addi	x30,x30,-1	 x30:0xfffffffb x30=0xfffffffa
        7895000	       788	8000038c	b006ce13	xori	x28,x13,-1280	 x13:0xffffffff x28=0x000004ff
        7905000	       789	80000390	aba10893	addi	x17,x2,-1350	  x2:0x00000000 x17=0xfffffaba
        7915000	       790	80000394	013a9033	sll	x0,x21,x19	 x21:0x80009fc4 x19:0x00000001
        7925000	       791	80000398	ff2f10e3	bne	x30,x18,80000378	 x30:0xfffffffa x18:0xffffffec
        7935000	       792	00000000	00000013	addi	x0,x0,0	  x0:0x00000000
        7945000	       793	80000374	00000013	addi	x0,x0,0	  x0:0x00000000
        7955000	       794	80000378	7119cc93	xori	x25,x19,1809	 x19:0x00000001 x25=0x00000710
        7965000	       795	8000037c	01694433	xor	x8,x18,x22	 x18:0xffffffec x22:0x000003ff  x8=0xfffffc13
        7975000	       796	80000380	01fdce33	xor	x28,x27,x31	 x27:0x00000000 x31:0x00000008 x28=0x00000008
        7985000	       797	80000384	41178633	sub	x12,x15,x17	 x15:0x80009f84 x17:0xfffffaba x12=0x8000a4ca
        7995000	       798	80000388	ffff0f13	addi	x30,x30,-1	 x30:0xfffffffa x30=0xfffffff9
        8005000	       799	8000038c	b006ce13	xori	x28,x13,-1280	 x13:0xffffffff x28=0x000004ff
        8015000	       800	80000390	aba10893	addi	x17,x2,-1350	  x2:0x00000000 x17=0xfffffaba
        8025000	       801	80000394	013a9033	sll	x0,x21,x19	 x21:0x80009fc4 x19:0x00000001
        8035000	       802	80000398	ff2f10e3	bne	x30,x18,80000378	 x30:0xfffffff9 x18:0xffffffec
        8045000	       803	00000000	00000013	addi	x0,x0,0	  x0:0x00000000
        8055000	       804	80000374	00000013	addi	x0,x0,0	  x0:0x00000000
        8065000	       805	80000378	7119cc93	xori	x25,x19,1809	 x19:0x00000001 x25=0x00000710
        8075000	       806	8000037c	01694433	xor	x8,x18,x22	 x18:0xffffffec x22:0x000003ff  x8=0xfffffc13
        8085000	       807	80000380	01fdce33	xor	x28,x27,x31	 x27:0x00000000 x31:0x00000008 x28=0x00000008
        8095000	       808	80000384	41178633	sub	x12,x15,x17	 x15:0x80009f84 x17:0xfffffaba x12=0x8000a4ca
        8105000	       809	80000388	ffff0f13	addi	x30,x30,-1	 x30:0xfffffff9 x30=0xfffffff8
        8115000	       810	8000038c	b006ce13	xori	x28,x13,-1280	 x13:0xffffffff x28=0x000004ff
        8125000	       811	80000390	aba10893	addi	x17,x2,-1350	  x2:0x00000000 x17=0xfffffaba
        8135000	       812	80000394	013a9033	sll	x0,x21,x19	 x21:0x80009fc4 x19:0x00000001
        8145000	       813	80000398	ff2f10e3	bne	x30,x18,80000378	 x30:0xfffffff8 x18:0xffffffec
        8155000	       814	00000000	00000013	addi	x0,x0,0	  x0:0x00000000
        8165000	       815	80000374	00000013	addi	x0,x0,0	  x0:0x00000000
        8175000	       816	80000378	7119cc93	xori	x25,x19,1809	 x19:0x00000001 x25=0x00000710
        8185000	       817	8000037c	01694433	xor	x8,x18,x22	 x18:0xffffffec x22:0x000003ff  x8=0xfffffc13
        8195000	       818	80000380	01fdce33	xor	x28,x27,x31	 x27:0x00000000 x31:0x00000008 x28=0x00000008
        8205000	       819	80000384	41178633	sub	x12,x15,x17	 x15:0x80009f84 x17:0xfffffaba x12=0x8000a4ca
        8215000	       820	80000388	ffff0f13	addi	x30,x30,-1	 x30:0xfffffff8 x30=0xfffffff7
        8225000	       821	8000038c	b006ce13	xori	x28,x13,-1280	 x13:0xffffffff x28=0x000004ff
        8235000	       822	80000390	aba10893	addi	x17,x2,-1350	  x2:0x00000000 x17=0xfffffaba
        8245000	       823	80000394	013a9033	sll	x0,x21,x19	 x21:0x80009fc4 x19:0x00000001
        8255000	       824	80000398	ff2f10e3	bne	x30,x18,80000378	 x30:0xfffffff7 x18:0xffffffec
        8265000	       825	00000000	00000013	addi	x0,x0,0	  x0:0x00000000
        8275000	       826	80000374	00000013	addi	x0,x0,0	  x0:0x00000000
        8285000	       827	80000378	7119cc93	xori	x25,x19,1809	 x19:0x00000001 x25=0x00000710
        8295000	       828	8000037c	01694433	xor	x8,x18,x22	 x18:0xffffffec x22:0x000003ff  x8=0xfffffc13
        8305000	       829	80000380	01fdce33	xor	x28,x27,x31	 x27:0x00000000 x31:0x00000008 x28=0x00000008
        8315000	       830	80000384	41178633	sub	x12,x15,x17	 x15:0x80009f84 x17:0xfffffaba x12=0x8000a4ca
        8325000	       831	80000388	ffff0f13	addi	x30,x30,-1	 x30:0xfffffff7 x30=0xfffffff6
        8335000	       832	8000038c	b006ce13	xori	x28,x13,-1280	 x13:0xffffffff x28=0x000004ff
        8345000	       833	80000390	aba10893	addi	x17,x2,-1350	  x2:0x00000000 x17=0xfffffaba
        8355000	       834	80000394	013a9033	sll	x0,x21,x19	 x21:0x80009fc4 x19:0x00000001
        8365000	       835	80000398	ff2f10e3	bne	x30,x18,80000378	 x30:0xfffffff6 x18:0xffffffec
        8375000	       836	00000000	00000013	addi	x0,x0,0	  x0:0x00000000
        8385000	       837	80000374	00000013	addi	x0,x0,0	  x0:0x00000000
        8395000	       838	80000378	7119cc93	xori	x25,x19,1809	 x19:0x00000001 x25=0x00000710
        8405000	       839	8000037c	01694433	xor	x8,x18,x22	 x18:0xffffffec x22:0x000003ff  x8=0xfffffc13
        8415000	       840	80000380	01fdce33	xor	x28,x27,x31	 x27:0x00000000 x31:0x00000008 x28=0x00000008
        8425000	       841	80000384	41178633	sub	x12,x15,x17	 x15:0x80009f84 x17:0xfffffaba x12=0x8000a4ca
        8435000	       842	80000388	ffff0f13	addi	x30,x30,-1	 x30:0xfffffff6 x30=0xfffffff5
        8445000	       843	8000038c	b006ce13	xori	x28,x13,-1280	 x13:0xffffffff x28=0x000004ff
        8455000	       844	80000390	aba10893	addi	x17,x2,-1350	  x2:0x00000000 x17=0xfffffaba
        8465000	       845	80000394	013a9033	sll	x0,x21,x19	 x21:0x80009fc4 x19:0x00000001
        8475000	       846	80000398	ff2f10e3	bne	x30,x18,80000378	 x30:0xfffffff5 x18:0xffffffec
        8485000	       847	00000000	00000013	addi	x0,x0,0	  x0:0x00000000
        8495000	       848	80000374	00000013	addi	x0,x0,0	  x0:0x00000000
        8505000	       849	80000378	7119cc93	xori	x25,x19,1809	 x19:0x00000001 x25=0x00000710
        8515000	       850	8000037c	01694433	xor	x8,x18,x22	 x18:0xffffffec x22:0x000003ff  x8=0xfffffc13
        8525000	       851	80000380	01fdce33	xor	x28,x27,x31	 x27:0x00000000 x31:0x00000008 x28=0x00000008
        8535000	       852	80000384	41178633	sub	x12,x15,x17	 x15:0x80009f84 x17:0xfffffaba x12=0x8000a4ca
        8545000	       853	80000388	ffff0f13	addi	x30,x30,-1	 x30:0xfffffff5 x30=0xfffffff4
        8555000	       854	8000038c	b006ce13	xori	x28,x13,-1280	 x13:0xffffffff x28=0x000004ff
        8565000	       855	80000390	aba10893	addi	x17,x2,-1350	  x2:0x00000000 x17=0xfffffaba
        8575000	       856	80000394	013a9033	sll	x0,x21,x19	 x21:0x80009fc4 x19:0x00000001
        8585000	       857	80000398	ff2f10e3	bne	x30,x18,80000378	 x30:0xfffffff4 x18:0xffffffec
        8595000	       858	00000000	00000013	addi	x0,x0,0	  x0:0x00000000
        8605000	       859	80000374	00000013	addi	x0,x0,0	  x0:0x00000000
        8615000	       860	80000378	7119cc93	xori	x25,x19,1809	 x19:0x00000001 x25=0x00000710
        8625000	       861	8000037c	01694433	xor	x8,x18,x22	 x18:0xffffffec x22:0x000003ff  x8=0xfffffc13
        8635000	       862	80000380	01fdce33	xor	x28,x27,x31	 x27:0x00000000 x31:0x00000008 x28=0x00000008
        8645000	       863	80000384	41178633	sub	x12,x15,x17	 x15:0x80009f84 x17:0xfffffaba x12=0x8000a4ca
        8655000	       864	80000388	ffff0f13	addi	x30,x30,-1	 x30:0xfffffff4 x30=0xfffffff3
        8665000	       865	8000038c	b006ce13	xori	x28,x13,-1280	 x13:0xffffffff x28=0x000004ff
        8675000	       866	80000390	aba10893	addi	x17,x2,-1350	  x2:0x00000000 x17=0xfffffaba
        8685000	       867	80000394	013a9033	sll	x0,x21,x19	 x21:0x80009fc4 x19:0x00000001
        8695000	       868	80000398	ff2f10e3	bne	x30,x18,80000378	 x30:0xfffffff3 x18:0xffffffec
        8705000	       869	00000000	00000013	addi	x0,x0,0	  x0:0x00000000
        8715000	       870	80000374	00000013	addi	x0,x0,0	  x0:0x00000000
        8725000	       871	80000378	7119cc93	xori	x25,x19,1809	 x19:0x00000001 x25=0x00000710
        8735000	       872	8000037c	01694433	xor	x8,x18,x22	 x18:0xffffffec x22:0x000003ff  x8=0xfffffc13
        8745000	       873	80000380	01fdce33	xor	x28,x27,x31	 x27:0x00000000 x31:0x00000008 x28=0x00000008
        8755000	       874	80000384	41178633	sub	x12,x15,x17	 x15:0x80009f84 x17:0xfffffaba x12=0x8000a4ca
        8765000	       875	80000388	ffff0f13	addi	x30,x30,-1	 x30:0xfffffff3 x30=0xfffffff2
        8775000	       876	8000038c	b006ce13	xori	x28,x13,-1280	 x13:0xffffffff x28=0x000004ff
        8785000	       877	80000390	aba10893	addi	x17,x2,-1350	  x2:0x00000000 x17=0xfffffaba
        8795000	       878	80000394	013a9033	sll	x0,x21,x19	 x21:0x80009fc4 x19:0x00000001
        8805000	       879	80000398	ff2f10e3	bne	x30,x18,80000378	 x30:0xfffffff2 x18:0xffffffec
        8815000	       880	00000000	00000013	addi	x0,x0,0	  x0:0x00000000
        8825000	       881	80000374	00000013	addi	x0,x0,0	  x0:0x00000000
        8835000	       882	80000378	7119cc93	xori	x25,x19,1809	 x19:0x00000001 x25=0x00000710
        8845000	       883	8000037c	01694433	xor	x8,x18,x22	 x18:0xffffffec x22:0x000003ff  x8=0xfffffc13
        8855000	       884	80000380	01fdce33	xor	x28,x27,x31	 x27:0x00000000 x31:0x00000008 x28=0x00000008
        8865000	       885	80000384	41178633	sub	x12,x15,x17	 x15:0x80009f84 x17:0xfffffaba x12=0x8000a4ca
        8875000	       886	80000388	ffff0f13	addi	x30,x30,-1	 x30:0xfffffff2 x30=0xfffffff1
        8885000	       887	8000038c	b006ce13	xori	x28,x13,-1280	 x13:0xffffffff x28=0x000004ff
        8895000	       888	80000390	aba10893	addi	x17,x2,-1350	  x2:0x00000000 x17=0xfffffaba
        8905000	       889	80000394	013a9033	sll	x0,x21,x19	 x21:0x80009fc4 x19:0x00000001
        8915000	       890	80000398	ff2f10e3	bne	x30,x18,80000378	 x30:0xfffffff1 x18:0xffffffec
        8925000	       891	00000000	00000013	addi	x0,x0,0	  x0:0x00000000
        8935000	       892	80000374	00000013	addi	x0,x0,0	  x0:0x00000000
        8945000	       893	80000378	7119cc93	xori	x25,x19,1809	 x19:0x00000001 x25=0x00000710
        8955000	       894	8000037c	01694433	xor	x8,x18,x22	 x18:0xffffffec x22:0x000003ff  x8=0xfffffc13
        8965000	       895	80000380	01fdce33	xor	x28,x27,x31	 x27:0x00000000 x31:0x00000008 x28=0x00000008
        8975000	       896	80000384	41178633	sub	x12,x15,x17	 x15:0x80009f84 x17:0xfffffaba x12=0x8000a4ca
        8985000	       897	80000388	ffff0f13	addi	x30,x30,-1	 x30:0xfffffff1 x30=0xfffffff0
        8995000	       898	8000038c	b006ce13	xori	x28,x13,-1280	 x13:0xffffffff x28=0x000004ff
        9005000	       899	80000390	aba10893	addi	x17,x2,-1350	  x2:0x00000000 x17=0xfffffaba
        9015000	       900	80000394	013a9033	sll	x0,x21,x19	 x21:0x80009fc4 x19:0x00000001
        9025000	       901	80000398	ff2f10e3	bne	x30,x18,80000378	 x30:0xfffffff0 x18:0xffffffec
        9035000	       902	00000000	00000013	addi	x0,x0,0	  x0:0x00000000
        9045000	       903	80000374	00000013	addi	x0,x0,0	  x0:0x00000000
        9055000	       904	80000378	7119cc93	xori	x25,x19,1809	 x19:0x00000001 x25=0x00000710
        9065000	       905	8000037c	01694433	xor	x8,x18,x22	 x18:0xffffffec x22:0x000003ff  x8=0xfffffc13
        9075000	       906	80000380	01fdce33	xor	x28,x27,x31	 x27:0x00000000 x31:0x00000008 x28=0x00000008
        9085000	       907	80000384	41178633	sub	x12,x15,x17	 x15:0x80009f84 x17:0xfffffaba x12=0x8000a4ca
        9095000	       908	80000388	ffff0f13	addi	x30,x30,-1	 x30:0xfffffff0 x30=0xffffffef
        9105000	       909	8000038c	b006ce13	xori	x28,x13,-1280	 x13:0xffffffff x28=0x000004ff
        9115000	       910	80000390	aba10893	addi	x17,x2,-1350	  x2:0x00000000 x17=0xfffffaba
        9125000	       911	80000394	013a9033	sll	x0,x21,x19	 x21:0x80009fc4 x19:0x00000001
        9135000	       912	80000398	ff2f10e3	bne	x30,x18,80000378	 x30:0xffffffef x18:0xffffffec
        9145000	       913	00000000	00000013	addi	x0,x0,0	  x0:0x00000000
        9155000	       914	80000374	00000013	addi	x0,x0,0	  x0:0x00000000
        9165000	       915	80000378	7119cc93	xori	x25,x19,1809	 x19:0x00000001 x25=0x00000710
        9175000	       916	8000037c	01694433	xor	x8,x18,x22	 x18:0xffffffec x22:0x000003ff  x8=0xfffffc13
        9185000	       917	80000380	01fdce33	xor	x28,x27,x31	 x27:0x00000000 x31:0x00000008 x28=0x00000008
        9195000	       918	80000384	41178633	sub	x12,x15,x17	 x15:0x80009f84 x17:0xfffffaba x12=0x8000a4ca
        9205000	       919	80000388	ffff0f13	addi	x30,x30,-1	 x30:0xffffffef x30=0xffffffee
        9215000	       920	8000038c	b006ce13	xori	x28,x13,-1280	 x13:0xffffffff x28=0x000004ff
        9225000	       921	80000390	aba10893	addi	x17,x2,-1350	  x2:0x00000000 x17=0xfffffaba
        9235000	       922	80000394	013a9033	sll	x0,x21,x19	 x21:0x80009fc4 x19:0x00000001
        9245000	       923	80000398	ff2f10e3	bne	x30,x18,80000378	 x30:0xffffffee x18:0xffffffec
        9255000	       924	00000000	00000013	addi	x0,x0,0	  x0:0x00000000
        9265000	       925	80000374	00000013	addi	x0,x0,0	  x0:0x00000000
        9275000	       926	80000378	7119cc93	xori	x25,x19,1809	 x19:0x00000001 x25=0x00000710
        9285000	       927	8000037c	01694433	xor	x8,x18,x22	 x18:0xffffffec x22:0x000003ff  x8=0xfffffc13
        9295000	       928	80000380	01fdce33	xor	x28,x27,x31	 x27:0x00000000 x31:0x00000008 x28=0x00000008
        9305000	       929	80000384	41178633	sub	x12,x15,x17	 x15:0x80009f84 x17:0xfffffaba x12=0x8000a4ca
        9315000	       930	80000388	ffff0f13	addi	x30,x30,-1	 x30:0xffffffee x30=0xffffffed
        9325000	       931	8000038c	b006ce13	xori	x28,x13,-1280	 x13:0xffffffff x28=0x000004ff
        9335000	       932	80000390	aba10893	addi	x17,x2,-1350	  x2:0x00000000 x17=0xfffffaba
        9345000	       933	80000394	013a9033	sll	x0,x21,x19	 x21:0x80009fc4 x19:0x00000001
        9355000	       934	80000398	ff2f10e3	bne	x30,x18,80000378	 x30:0xffffffed x18:0xffffffec
        9365000	       935	00000000	00000013	addi	x0,x0,0	  x0:0x00000000
        9375000	       936	80000374	00000013	addi	x0,x0,0	  x0:0x00000000
        9385000	       937	80000378	7119cc93	xori	x25,x19,1809	 x19:0x00000001 x25=0x00000710
        9395000	       938	8000037c	01694433	xor	x8,x18,x22	 x18:0xffffffec x22:0x000003ff  x8=0xfffffc13
        9405000	       939	80000380	01fdce33	xor	x28,x27,x31	 x27:0x00000000 x31:0x00000008 x28=0x00000008
        9415000	       940	80000384	41178633	sub	x12,x15,x17	 x15:0x80009f84 x17:0xfffffaba x12=0x8000a4ca
        9425000	       941	80000388	ffff0f13	addi	x30,x30,-1	 x30:0xffffffed x30=0xffffffec
        9435000	       942	8000038c	b006ce13	xori	x28,x13,-1280	 x13:0xffffffff x28=0x000004ff
        9445000	       943	80000390	aba10893	addi	x17,x2,-1350	  x2:0x00000000 x17=0xfffffaba
        9455000	       944	80000394	013a9033	sll	x0,x21,x19	 x21:0x80009fc4 x19:0x00000001
        9465000	       945	80000398	ff2f10e3	bne	x30,x18,80000378	 x30:0xffffffec x18:0xffffffec
        9475000	       946	8000039c	012b1733	sll	x14,x22,x18	 x22:0x000003ff x18:0xffffffec x14=0x003ff000
        9485000	       947	800003a0	faaf90e3	bne	x31,x10,80000340	 x31:0x00000008 x10:0x00000008
        9495000	       948	800003a4	a34cab93	slti	x23,x25,-1484	 x25:0x00000710 x23=0x00000000
        9505000	       949	800003a8	00700f93	addi	x31,x0,7	  x0:0x00000000 x31=0x00000007
        9515000	       950	800003ac	00600193	addi	x3,x0,6	  x0:0x00000000  x3=0x00000006
        9525000	       951	800003b0	00699bb3	sll	x23,x19,x6	 x19:0x00000001  x6:0x00000000 x23=0x00000001
        9535000	       952	800003b4	28b24f13	xori	x30,x4,651	  x4:0x00000000 x30=0x0000028b
        9545000	       953	800003b8	41eb8933	sub	x18,x23,x30	 x23:0x00000001 x30:0x0000028b x18=0xfffffd76
        9555000	       954	800003bc	014853b3	srl	x7,x16,x20	 x16:0x00000000 x20:0x00000000  x7=0x00000000
        9565000	       955	800003c0	ffbf8f93	addi	x31,x31,-5	 x31:0x00000007 x31=0x00000002
        9575000	       956	800003c4	ff900093	addi	x1,x0,-7	  x0:0x00000000  x1=0xfffffff9
        9585000	       957	800003c8	fef00493	addi	x9,x0,-17	  x0:0x00000000  x9=0xffffffef
        9595000	       958	800003cc	a188f293	andi	x5,x17,-1512	 x17:0xfffffaba  x5=0xfffffa18
        9605000	       959	800003d0	5b8b59b7	lui	x19,0x5b8b5	 x19=0x5b8b5000
        9615000	       960	800003d4	004d5bb3	srl	x23,x26,x4	 x26:0xfffffd98  x4:0x00000000 x23=0xfffffd98
        9625000	       961	800003d8	ffe08093	addi	x1,x1,-2	  x1:0xfffffff9  x1=0xfffffff7
        9635000	       962	800003dc	0e848b93	addi	x23,x9,232	  x9:0xffffffef x23=0x000000d7
        9645000	       963	800003e0	38423f37	lui	x30,0x38423	 x30=0x38423000
        9655000	       964	800003e4	fe9096e3	bne	x1,x9,800003d0	  x1:0xfffffff7  x9:0xffffffef
        9665000	       965	00000000	00000013	addi	x0,x0,0	  x0:0x00000000
        9675000	       966	800003cc	00000013	addi	x0,x0,0	  x0:0x00000000
        9685000	       967	800003d0	5b8b59b7	lui	x19,0x5b8b5	 x19=0x5b8b5000
        9695000	       968	800003d4	004d5bb3	srl	x23,x26,x4	 x26:0xfffffd98  x4:0x00000000 x23=0xfffffd98
        9705000	       969	800003d8	ffe08093	addi	x1,x1,-2	  x1:0xfffffff7  x1=0xfffffff5
        9715000	       970	800003dc	0e848b93	addi	x23,x9,232	  x9:0xffffffef x23=0x000000d7
        9725000	       971	800003e0	38423f37	lui	x30,0x38423	 x30=0x38423000
        9735000	       972	800003e4	fe9096e3	bne	x1,x9,800003d0	  x1:0xfffffff5  x9:0xffffffef
        9745000	       973	00000000	00000013	addi	x0,x0,0	  x0:0x00000000
        9755000	       974	800003cc	00000013	addi	x0,x0,0	  x0:0x00000000
        9765000	       975	800003d0	5b8b59b7	lui	x19,0x5b8b5	 x19=0x5b8b5000
        9775000	       976	800003d4	004d5bb3	srl	x23,x26,x4	 x26:0xfffffd98  x4:0x00000000 x23=0xfffffd98
        9785000	       977	800003d8	ffe08093	addi	x1,x1,-2	  x1:0xfffffff5  x1=0xfffffff3
        9795000	       978	800003dc	0e848b93	addi	x23,x9,232	  x9:0xffffffef x23=0x000000d7
        9805000	       979	800003e0	38423f37	lui	x30,0x38423	 x30=0x38423000
        9815000	       980	800003e4	fe9096e3	bne	x1,x9,800003d0	  x1:0xfffffff3  x9:0xffffffef
        9825000	       981	00000000	00000013	addi	x0,x0,0	  x0:0x00000000
        9835000	       982	800003cc	00000013	addi	x0,x0,0	  x0:0x00000000
        9845000	       983	800003d0	5b8b59b7	lui	x19,0x5b8b5	 x19=0x5b8b5000
        9855000	       984	800003d4	004d5bb3	srl	x23,x26,x4	 x26:0xfffffd98  x4:0x00000000 x23=0xfffffd98
        9865000	       985	800003d8	ffe08093	addi	x1,x1,-2	  x1:0xfffffff3  x1=0xfffffff1
        9875000	       986	800003dc	0e848b93	addi	x23,x9,232	  x9:0xffffffef x23=0x000000d7
        9885000	       987	800003e0	38423f37	lui	x30,0x38423	 x30=0x38423000
        9895000	       988	800003e4	fe9096e3	bne	x1,x9,800003d0	  x1:0xfffffff1  x9:0xffffffef
        9905000	       989	00000000	00000013	addi	x0,x0,0	  x0:0x00000000
        9915000	       990	800003cc	00000013	addi	x0,x0,0	  x0:0x00000000
        9925000	       991	800003d0	5b8b59b7	lui	x19,0x5b8b5	 x19=0x5b8b5000
        9935000	       992	800003d4	004d5bb3	srl	x23,x26,x4	 x26:0xfffffd98  x4:0x00000000 x23=0xfffffd98
        9945000	       993	800003d8	ffe08093	addi	x1,x1,-2	  x1:0xfffffff1  x1=0xffffffef
        9955000	       994	800003dc	0e848b93	addi	x23,x9,232	  x9:0xffffffef x23=0x000000d7
        9965000	       995	800003e0	38423f37	lui	x30,0x38423	 x30=0x38423000
        9975000	       996	800003e4	fe9096e3	bne	x1,x9,800003d0	  x1:0xffffffef  x9:0xffffffef
        9985000	       997	800003e8	008f7e33	and	x28,x30,x8	 x30:0x38423000  x8:0xfffffc13 x28=0x38423000
        9995000	       998	800003ec	fc3ff4e3	bgeu	x31,x3,800003b4	 x31:0x00000002  x3:0x00000006
       10005000	       999	800003f0	01ad6933	or	x18,x26,x26	 x26:0xfffffd98 x26:0xfffffd98 x18=0xfffffd98
       10015000	      1000	800003f4	00900913	addi	x18,x0,9	  x0:0x00000000 x18=0x00000009
       10025000	      1001	800003f8	01ab86b3	add	x13,x23,x26	 x23:0x000000d7 x26:0xfffffd98 x13=0xfffffe6f
       10035000	      1002	800003fc	016a5113	srli	x2,x20,0x16	 x20:0x00000000  x2=0x00000000
       10045000	      1003	80000400	06622013	slti	x0,x4,102	  x4:0x00000000
       10055000	      1004	80000404	03a9c413	xori	x8,x19,58	 x19:0x5b8b5000  x8=0x5b8b503a
       10065000	      1005	80000408	408606b3	sub	x13,x12,x8	 x12:0x8000a4ca  x8:0x5b8b503a x13=0x24755490
       10075000	      1006	8000040c	01400613	addi	x12,x0,20	  x0:0x00000000 x12=0x00000014
       10085000	      1007	80000410	0050f433	and	x8,x1,x5	  x1:0xffffffef  x5:0xfffffa18  x8=0xfffffa08
       10095000	      1008	80000414	ab426b13	ori	x22,x4,-1356	  x4:0x00000000 x22=0xfffffab4
       10105000	      1009	80000418	00ab1c93	slli	x25,x22,0xa	 x22:0xfffffab4 x25=0xffead000
       10115000	      1010	8000041c	01ec2d33	slt	x26,x24,x30	 x24:0x07096000 x30:0x38423000 x26=0x00000001
       10125000	      1011	80000420	00490913	addi	x18,x18,4	 x18:0x00000009 x18=0x0000000d
       10135000	      1012	80000424	00000013	addi	x0,x0,0	  x0:0x00000000
       10145000	      1013	80000428	00d35833	srl	x16,x6,x13	  x6:0x00000000 x13:0x24755490 x16=0x00000000
       10155000	      1014	8000042c	fec962e3	bltu	x18,x12,80000410	 x18:0x0000000d x12:0x00000014
       10165000	      1015	00000000	00000013	addi	x0,x0,0	  x0:0x00000000
       10175000	      1016	8000040c	00000013	addi	x0,x0,0	  x0:0x00000000
       10185000	      1017	80000410	0050f433	and	x8,x1,x5	  x1:0xffffffef  x5:0xfffffa18  x8=0xfffffa08
       10195000	      1018	80000414	ab426b13	ori	x22,x4,-1356	  x4:0x00000000 x22=0xfffffab4
       10205000	      1019	80000418	00ab1c93	slli	x25,x22,0xa	 x22:0xfffffab4 x25=0xffead000
       10215000	      1020	8000041c	01ec2d33	slt	x26,x24,x30	 x24:0x07096000 x30:0x38423000 x26=0x00000001
       10225000	      1021	80000420	00490913	addi	x18,x18,4	 x18:0x0000000d x18=0x00000011
       10235000	      1022	80000424	00000013	addi	x0,x0,0	  x0:0x00000000
       10245000	      1023	80000428	00d35833	srl	x16,x6,x13	  x6:0x00000000 x13:0x24755490 x16=0x00000000
       10255000	      1024	8000042c	fec962e3	bltu	x18,x12,80000410	 x18:0x00000011 x12:0x00000014
       10265000	      1025	00000000	00000013	addi	x0,x0,0	  x0:0x00000000
       10275000	      1026	8000040c	00000013	addi	x0,x0,0	  x0:0x00000000
       10285000	      1027	80000410	0050f433	and	x8,x1,x5	  x1:0xffffffef  x5:0xfffffa18  x8=0xfffffa08
       10295000	      1028	80000414	ab426b13	ori	x22,x4,-1356	  x4:0x00000000 x22=0xfffffab4
       10305000	      1029	80000418	00ab1c93	slli	x25,x22,0xa	 x22:0xfffffab4 x25=0xffead000
       10315000	      1030	8000041c	01ec2d33	slt	x26,x24,x30	 x24:0x07096000 x30:0x38423000 x26=0x00000001
       10325000	      1031	80000420	00490913	addi	x18,x18,4	 x18:0x00000011 x18=0x00000015
       10335000	      1032	80000424	00000013	addi	x0,x0,0	  x0:0x00000000
       10345000	      1033	80000428	00d35833	srl	x16,x6,x13	  x6:0x00000000 x13:0x24755490 x16=0x00000000
       10355000	      1034	8000042c	fec962e3	bltu	x18,x12,80000410	 x18:0x00000015 x12:0x00000014
       10365000	      1035	80000430	0157b0b3	sltu	x1,x15,x21	 x15:0x80009f84 x21:0x80009fc4  x1=0x00000001
       10375000	      1036	80000434	ffc00093	addi	x1,x0,-4	  x0:0x00000000  x1=0xfffffffc
       10385000	      1037	80000438	00229833	sll	x16,x5,x2	  x5:0xfffffa18  x2:0x00000000 x16=0xfffffa18
       10395000	      1038	8000043c	003114b3	sll	x9,x2,x3	  x2:0x00000000  x3:0x00000006  x9=0x00000000
       10405000	      1039	80000440	00000013	addi	x0,x0,0	  x0:0x00000000
       10415000	      1040	80000444	ff800c13	addi	x24,x0,-8	  x0:0x00000000 x24=0xfffffff8
       10425000	      1041	80000448	a04ece37	lui	x28,0xa04ec	 x28=0xa04ec000
       10435000	      1042	8000044c	391f2a13	slti	x20,x30,913	 x30:0x38423000 x20=0x00000000
       10445000	      1043	80000450	78507837	lui	x16,0x78507	 x16=0x78507000
       10455000	      1044	80000454	2d945997	auipc	x19,0x2d945	 x19=0xad945450
       10465000	      1045	80000458	ffc08093	addi	x1,x1,-4	  x1:0xfffffffc  x1=0xfffffff8
       10475000	      1046	8000045c	40f709b3	sub	x19,x14,x15	 x14:0x003ff000 x15:0x80009f84 x19=0x803f507c
       10485000	      1047	80000460	ff8088e3	beq	x1,x24,80000450	  x1:0xfffffff8 x24:0xfffffff8
       10495000	      1048	00000000	00000013	addi	x0,x0,0	  x0:0x00000000
       10505000	      1049	8000044c	00000013	addi	x0,x0,0	  x0:0x00000000
       10515000	      1050	80000450	78507837	lui	x16,0x78507	 x16=0x78507000
       10525000	      1051	80000454	2d945997	auipc	x19,0x2d945	 x19=0xad945450
       10535000	      1052	80000458	ffc08093	addi	x1,x1,-4	  x1:0xfffffff8  x1=0xfffffff4
       10545000	      1053	8000045c	40f709b3	sub	x19,x14,x15	 x14:0x003ff000 x15:0x80009f84 x19=0x803f507c
       10555000	      1054	80000460	ff8088e3	beq	x1,x24,80000450	  x1:0xfffffff4 x24:0xfffffff8
       10565000	      1055	80000464	61c6bd93	sltiu	x27,x13,1564	 x13:0x24755490 x27=0x00000000
       10575000	      1056	80000468	03511e37	lui	x28,0x3511	 x28=0x03511000
       10585000	      1057	8000046c	00d41213	slli	x4,x8,0xd	  x8:0xfffffa08  x4=0xff410000
       10595000	      1058	80000470	f32a9717	auipc	x14,0xf32a9	 x14=0x732a946c
       10605000	      1059	80000474	00e6fd33	and	x26,x13,x14	 x13:0x24755490 x14:0x732a946c x26=0x20201400
       10615000	      1060	80000478	01b5c0b3	xor	x1,x11,x27	 x11:0xfffffcf3 x27:0x00000000  x1=0xfffffcf3
       10625000	      1061	8000047c	40115d13	srai	x26,x2,0x1	  x2:0x00000000 x26=0x00000000
       10635000	      1062	80000480	0022a8b3	slt	x17,x5,x2	  x5:0xfffffa18  x2:0x00000000 x17=0x00000001
       10645000	      1063	80000484	00000013	addi	x0,x0,0	  x0:0x00000000
       10655000	      1064	80000488	df4bb893	sltiu	x17,x23,-524	 x23:0x000000d7 x17=0x00000001
       10665000	      1065	8000048c	02d65263	bge	x12,x13,800004b0	 x12:0x00000014 x13:0x24755490
       10675000	      1066	80000490	00f09413	slli	x8,x1,0xf	  x1:0xfffffcf3  x8=0xfe798000
       10685000	      1067	80000494	091f9863	bne	x31,x17,80000524	 x31:0x00000002 x17:0x00000001
       10695000	      1068	00000000	00000013	addi	x0,x0,0	  x0:0x00000000
       10705000	      1069	80000520	00000013	addi	x0,x0,0	  x0:0x00000000
       10715000	      1070	80000524	008dda13	srli	x20,x27,0x8	 x27:0x00000000 x20=0x00000000
       10725000	      1071	80000528	01949e63	bne	x9,x25,80000544	  x9:0x00000000 x25:0xffead000
       10735000	      1072	00000000	00000013	addi	x0,x0,0	  x0:0x00000000
       10745000	      1073	80000540	00000013	addi	x0,x0,0	  x0:0x00000000
       10755000	      1074	80000544	055e0663	beq	x28,x21,80000590	 x28:0x03511000 x21:0x80009fc4
       10765000	      1075	80000548	03680393	addi	x7,x16,54	 x16:0x78507000  x7=0x78507036
       10775000	      1076	8000054c	40ee5633	sra	x12,x28,x14	 x28:0x03511000 x14:0x732a946c x12=0x00003511
       10785000	      1077	80000550	c276b4b7	lui	x9,0xc276b	  x9=0xc276b000
       10795000	      1078	80000554	02d1c663	blt	x3,x13,80000580	  x3:0x00000006 x13:0x24755490
       10805000	      1079	00000000	00000013	addi	x0,x0,0	  x0:0x00000000
       10815000	      1080	8000057c	00000013	addi	x0,x0,0	  x0:0x00000000
       10825000	      1081	80000580	000a9013	slli	x0,x21,0x0	 x21:0x80009fc4
       10835000	      1082	80000584	2843b993	sltiu	x19,x7,644	  x7:0x78507036 x19=0x00000000
       10845000	      1083	80000588	0121b8b3	sltu	x17,x3,x18	  x3:0x00000006 x18:0x00000015 x17=0x00000001
       10855000	      1084	8000058c	417addb3	sra	x27,x21,x23	 x21:0x80009fc4 x23:0x000000d7 x27=0xffffff00
       10865000	      1085	80000590	29b3cd97	auipc	x27,0x29b3c	 x27=0xa9b3c58c
       10875000	      1086	80000594	021c6c63	bltu	x24,x1,800005cc	 x24:0xfffffff8  x1:0xfffffcf3
       10885000	      1087	80000598	478a2613	slti	x12,x20,1144	 x20:0x00000000 x12=0x00000001
       10895000	      1088	8000059c	01efee63	bltu	x31,x30,800005b8	 x31:0x00000002 x30:0x38423000
       10905000	      1089	00000000	00000013	addi	x0,x0,0	  x0:0x00000000
       10915000	      1090	800005b4	00000013	addi	x0,x0,0	  x0:0x00000000
       10925000	      1091	800005b8	ac9a2713	slti	x14,x20,-1335	 x20:0x00000000 x14=0x00000000
       10935000	      1092	800005bc	37eec093	xori	x1,x29,894	 x29:0x00000000  x1=0x0000037e
       10945000	      1093	800005c0	00cc1193	slli	x3,x24,0xc	 x24:0xfffffff8  x3=0xffff8000
       10955000	      1094	800005c4	01fb9193	slli	x3,x23,0x1f	 x23:0x000000d7  x3=0x80000000
       10965000	      1095	800005c8	010c4863	blt	x24,x16,800005d8	 x24:0xfffffff8 x16:0x78507000
       10975000	      1096	00000000	00000013	addi	x0,x0,0	  x0:0x00000000
       10985000	      1097	800005d4	00000013	addi	x0,x0,0	  x0:0x00000000
       10995000	      1098	800005d8	254a8693	addi	x13,x21,596	 x21:0x80009fc4 x13=0x8000a218
       11005000	      1099	800005dc	005508b3	add	x17,x10,x5	 x10:0x00000008  x5:0xfffffa18 x17=0xfffffa20
       11015000	      1100	800005e0	04729063	bne	x5,x7,80000620	  x5:0xfffffa18  x7:0x78507036
       11025000	      1101	00000000	00000013	addi	x0,x0,0	  x0:0x00000000
       11035000	      1102	8000061c	00000013	addi	x0,x0,0	  x0:0x00000000
       11045000	      1103	80000620	cf28f417	auipc	x8,0xcf28f	  x8=0x4f28f61c
       11055000	      1104	80000624	a0c0e393	ori	x7,x1,-1524	  x1:0x0000037e  x7=0xfffffb7e
       11065000	      1105	80000628	41d5de93	srai	x29,x11,0x1d	 x11:0xfffffcf3 x29=0xffffffff
       11075000	      1106	8000062c	00d12cb3	slt	x25,x2,x13	  x2:0x00000000 x13:0x8000a218 x25=0x00000000
       11085000	      1107	80000630	00f14033	xor	x0,x2,x15	  x2:0x00000000 x15:0x80009f84
       11095000	      1108	80000634	0091b933	sltu	x18,x3,x9	  x3:0x80000000  x9:0xc276b000 x18=0x00000001
       11105000	      1109	80000638	01279b13	slli	x22,x15,0x12	 x15:0x80009f84 x22=0x7e100000
       11115000	      1110	8000063c	4023d9b3	sra	x19,x7,x2	  x7:0xfffffb7e  x2:0x00000000 x19=0xfffffb7e
       11125000	      1111	80000640	87dfc613	xori	x12,x31,-1923	 x31:0x00000002 x12=0xfffff87f
       11135000	      1112	80000644	00213fb3	sltu	x31,x2,x2	  x2:0x00000000  x2:0x00000000 x31=0x00000000
       11145000	      1113	80000648	00db0a63	beq	x22,x13,8000065c	 x22:0x7e100000 x13:0x8000a218
       11155000	      1114	8000064c	04d57063	bgeu	x10,x13,8000068c	 x10:0x00000008 x13:0x8000a218
       11165000	      1115	80000650	01dc5413	srli	x8,x24,0x1d	 x24:0xfffffff8  x8=0x00000007
       11175000	      1116	80000654	00b1d263	bge	x3,x11,80000658	  x3:0x80000000 x11:0xfffffcf3
       11185000	      1117	80000658	074fe137	lui	x2,0x74fe	  x2=0x074fe000
       11195000	      1118	8000065c	00f153b3	srl	x7,x2,x15	  x2:0x074fe000 x15:0x80009f84  x7=0x0074fe00
       11205000	      1119	80000660	410a02b3	sub	x5,x20,x16	 x20:0x00000000 x16:0x78507000  x5=0x87af9000
       11215000	      1120	80000664	ac30a693	slti	x13,x1,-1341	  x1:0x0000037e x13=0x00000000
       11225000	      1121	80000668	00e49113	slli	x2,x9,0xe	  x9:0xc276b000  x2=0xac000000
       11235000	      1122	8000066c	00000013	addi	x0,x0,0	  x0:0x00000000
       11245000	      1123	80000670	cacd4093	xori	x1,x26,-852	 x26:0x00000000  x1=0xfffffcac
       11255000	      1124	80000674	00b9fe33	and	x28,x19,x11	 x19:0xfffffb7e x11:0xfffffcf3 x28=0xfffff872
       11265000	      1125	80000678	a05dc913	xori	x18,x27,-1531	 x27:0xa9b3c58c x18=0x564c3f89
       11275000	      1126	8000067c	33e49997	auipc	x19,0x33e49	 x19=0xb3e49678
       11285000	      1127	80000680	01e705b3	add	x11,x14,x30	 x14:0x00000000 x30:0x38423000 x11=0x38423000
       11295000	      1128	80000684	00e053b3	srl	x7,x0,x14	  x0:0x00000000 x14:0x00000000  x7=0x00000000
       11305000	      1129	80000688	01b99533	sll	x10,x19,x27	 x19:0xb3e49678 x27:0xa9b3c58c x10=0x49678000
       11315000	      1130	8000068c	000aefb3	or	x31,x21,x0	 x21:0x80009fc4  x0:0x00000000 x31=0x80009fc4
       11325000	      1131	80000690	006d0863	beq	x26,x6,800006a0	 x26:0x00000000  x6:0x00000000
       11335000	      1132	00000000	00000013	addi	x0,x0,0	  x0:0x00000000
       11345000	      1133	8000069c	00000013	addi	x0,x0,0	  x0:0x00000000
       11355000	      1134	800006a0	00a5f5b3	and	x11,x11,x10	 x11:0x38423000 x10:0x49678000 x11=0x08420000
       11365000	      1135	800006a4	00a3e933	or	x18,x7,x10	  x7:0x00000000 x10:0x49678000 x18=0x49678000
       11375000	      1136	800006a8	03868063	beq	x13,x24,800006c8	 x13:0x00000000 x24:0xfffffff8
       11385000	      1137	800006ac	4cc58637	lui	x12,0x4cc58	 x12=0x4cc58000
       11395000	      1138	800006b0	a9056d13	ori	x26,x10,-1392	 x10:0x49678000 x26=0xfffffa90
       11405000	      1139	800006b4	03f50463	beq	x10,x31,800006dc	 x10:0x49678000 x31:0x80009fc4
       11415000	      1140	800006b8	8a5b4293	xori	x5,x22,-1883	 x22:0x7e100000  x5=0x81eff8a5
       11425000	      1141	800006bc	00486bb3	or	x23,x16,x4	 x16:0x78507000  x4:0xff410000 x23=0xff517000
       11435000	      1142	800006c0	0118b033	sltu	x0,x17,x17	 x17:0xfffffa20 x17:0xfffffa20
       11445000	      1143	800006c4	017be2b3	or	x5,x23,x23	 x23:0xff517000 x23:0xff517000  x5=0xff517000
       11455000	      1144	800006c8	0073ddb3	srl	x27,x7,x7	  x7:0x00000000  x7:0x00000000 x27=0x00000000
       11465000	      1145	800006cc	02627063	bgeu	x4,x6,800006ec	  x4:0xff410000  x6:0x00000000
       11475000	      1146	00000000	00000013	addi	x0,x0,0	  x0:0x00000000
       11485000	      1147	800006e8	00000013	addi	x0,x0,0	  x0:0x00000000
       11495000	      1148	800006ec	01275433	srl	x8,x14,x18	 x14:0x00000000 x18:0x49678000  x8=0x00000000
       11505000	      1149	800006f0	404e04b3	sub	x9,x28,x4	 x28:0xfffff872  x4:0xff410000  x9=0x00bef872
       11515000	      1150	800006f4	40105393	srai	x7,x0,0x1	  x0:0x00000000  x7=0x00000000
       11525000	      1151	800006f8	019ede13	srli	x28,x29,0x19	 x29:0xffffffff x28=0x0000007f
       11535000	      1152	800006fc	00c693b3	sll	x7,x13,x12	 x13:0x00000000 x12:0x4cc58000  x7=0x00000000
       11545000	      1153	80000700	40a6ddb3	sra	x27,x13,x10	 x13:0x00000000 x10:0x49678000 x27=0x00000000
       11555000	      1154	80000704	04b35263	bge	x6,x11,80000748	  x6:0x00000000 x11:0x08420000
       11565000	      1155	80000708	01c49cb3	sll	x25,x9,x28	  x9:0x00bef872 x28:0x0000007f x25=0x00000000
       11575000	      1156	8000070c	417fdb13	srai	x22,x31,0x17	 x31:0x80009fc4 x22=0xffffff00
       11585000	      1157	80000710	01008633	add	x12,x1,x16	  x1:0xfffffcac x16:0x78507000 x12=0x78506cac
       11595000	      1158	80000714	01cc84b3	add	x9,x25,x28	 x25:0x00000000 x28:0x0000007f  x9=0x0000007f
       11605000	      1159	80000718	00e21293	slli	x5,x4,0xe	  x4:0xff410000  x5=0x40000000
       11615000	      1160	8000071c	aaae3f13	sltiu	x30,x28,-1366	 x28:0x0000007f x30=0x00000001
       11625000	      1161	80000720	8f204893	xori	x17,x0,-1806	  x0:0x00000000 x17=0xfffff8f2
       11635000	      1162	80000724	41a48c33	sub	x24,x9,x26	  x9:0x0000007f x26:0xfffffa90 x24=0x000005ef
       11645000	      1163	80000728	03fa9c63	bne	x21,x31,80000760	 x21:0x80009fc4 x31:0x80009fc4
       11655000	      1164	8000072c	41968c33	sub	x24,x13,x25	 x13:0x00000000 x25:0x00000000 x24=0x00000000
       11665000	      1165	80000730	a4821637	lui	x12,0xa4821	 x12=0xa4821000
       11675000	      1166	80000734	971c4b13	xori	x22,x24,-1679	 x24:0x00000000 x22=0xfffff971
       11685000	      1167	80000738	ac0bb493	sltiu	x9,x23,-1344	 x23:0xff517000  x9=0x00000001
       11695000	      1168	8000073c	00171533	sll	x10,x14,x1	 x14:0x00000000  x1:0xfffffcac x10=0x00000000
       11705000	      1169	80000740	41d68cb3	sub	x25,x13,x29	 x13:0x00000000 x29:0xffffffff x25=0x00000001
       11715000	      1170	80000744	0257b393	sltiu	x7,x15,37	 x15:0x80009f84  x7=0x00000000
       11725000	      1171	80000748	00781693	slli	x13,x16,0x7	 x16:0x78507000 x13=0x28380000
       11735000	      1172	8000074c	47813693	sltiu	x13,x2,1144	  x2:0xac000000 x13=0x00000000
       11745000	      1173	80000750	7dc04237	lui	x4,0x7dc04	  x4=0x7dc04000
       11755000	      1174	80000754	0055a9b3	slt	x19,x11,x5	 x11:0x08420000  x5:0x40000000 x19=0x00000001
       11765000	      1175	80000758	0154dfb3	srl	x31,x9,x21	  x9:0x00000001 x21:0x80009fc4 x31=0x00000000
       11775000	      1176	8000075c	c124f713	andi	x14,x9,-1006	  x9:0x00000001 x14=0x00000000
       11785000	      1177	80000760	00499433	sll	x8,x19,x4	 x19:0x00000001  x4:0x7dc04000  x8=0x00000001
       11795000	      1178	80000764	00605693	srli	x13,x0,0x6	  x0:0x00000000 x13=0x00000000
       11805000	      1179	80000768	40440033	sub	x0,x8,x4	  x8:0x00000001  x4:0x7dc04000
       11815000	      1180	8000076c	00de03b3	add	x7,x28,x13	 x28:0x0000007f x13:0x00000000  x7=0x0000007f
       11825000	      1181	80000770	05147463	bgeu	x8,x17,800007b8	  x8:0x00000001 x17:0xfffff8f2
       11835000	      1182	80000774	01c115b3	sll	x11,x2,x28	  x2:0xac000000 x28:0x0000007f x11=0x00000000
       11845000	      1183	80000778	00256e63	bltu	x10,x2,80000794	 x10:0x00000000  x2:0xac000000
       11855000	      1184	00000000	00000013	addi	x0,x0,0	  x0:0x00000000
       11865000	      1185	80000790	00000013	addi	x0,x0,0	  x0:0x00000000
       11875000	      1186	80000794	030ecc63	blt	x29,x16,800007cc	 x29:0xffffffff x16:0x78507000
       11885000	      1187	00000000	00000013	addi	x0,x0,0	  x0:0x00000000
       11895000	      1188	800007c8	00000013	addi	x0,x0,0	  x0:0x00000000
       11905000	      1189	800007cc	0168feb3	and	x29,x17,x22	 x17:0xfffff8f2 x22:0xfffff971 x29=0xfffff870
       11915000	      1190	800007d0	65f7c413	xori	x8,x15,1631	 x15:0x80009f84  x8=0x800099db
       11925000	      1191	800007d4	00000013	addi	x0,x0,0	  x0:0x00000000
       11935000	      1192	800007d8	41225d13	srai	x26,x4,0x12	  x4:0x7dc04000 x26=0x00001f70
       11945000	      1193	800007dc	000a4c33	xor	x24,x20,x0	 x20:0x00000000  x0:0x00000000 x24=0x00000000
       11955000	      1194	800007e0	40aa08b3	sub	x17,x20,x10	 x20:0x00000000 x10:0x00000000 x17=0x00000000
       11965000	      1195	800007e4	009ce663	bltu	x25,x9,800007f0	 x25:0x00000001  x9:0x00000001
       11975000	      1196	800007e8	8b40a613	slti	x12,x1,-1868	  x1:0xfffffcac x12=0x00000000
       11985000	      1197	800007ec	01264533	xor	x10,x12,x18	 x12:0x00000000 x18:0x49678000 x10=0x49678000
       11995000	      1198	800007f0	ac546513	ori	x10,x8,-1339	  x8:0x800099db x10=0xfffffbdf
       12005000	      1199	800007f4	8de98d93	addi	x27,x19,-1826	 x19:0x00000001 x27=0xfffff8df
       12015000	      1200	800007f8	418bde13	srai	x28,x23,0x18	 x23:0xff517000 x28=0xffffffff
       12025000	      1201	800007fc	01e5aa33	slt	x20,x11,x30	 x11:0x00000000 x30:0x00000001 x20=0x00000001
       12035000	      1202	80000800	05fe6063	bltu	x28,x31,80000840	 x28:0xffffffff x31:0x00000000
       12045000	      1203	80000804	bdf5f713	andi	x14,x11,-1057	 x11:0x00000000 x14=0x00000000
       12055000	      1204	80000808	00a606b3	add	x13,x12,x10	 x12:0x00000000 x10:0xfffffbdf x13=0xfffffbdf
       12065000	      1205	8000080c	014ffdb3	and	x27,x31,x20	 x31:0x00000000 x20:0x00000001 x27=0x00000000
       12075000	      1206	80000810	048d7663	bgeu	x26,x8,8000085c	 x26:0x00001f70  x8:0x800099db
       12085000	      1207	80000814	005e1193	slli	x3,x28,0x5	 x28:0xffffffff  x3=0xffffffe0
       12095000	      1208	80000818	506dbf13	sltiu	x30,x27,1286	 x27:0x00000000 x30=0x00000001
       12105000	      1209	8000081c	020d6263	bltu	x26,x0,80000840	 x26:0x00001f70  x0:0x00000000
       12115000	      1210	80000820	0048cb33	xor	x22,x17,x4	 x17:0x00000000  x4:0x7dc04000 x22=0x7dc04000
       12125000	      1211	80000824	003af4b3	and	x9,x21,x3	 x21:0x80009fc4  x3:0xffffffe0  x9=0x80009fc0
       12135000	      1212	80000828	00fe9933	sll	x18,x29,x15	 x29:0xfffff870 x15:0x80009f84 x18=0xffff8700
       12145000	      1213	8000082c	001844b3	xor	x9,x16,x1	 x16:0x78507000  x1:0xfffffcac  x9=0x87af8cac
       12155000	      1214	80000830	00fe9813	slli	x16,x29,0xf	 x29:0xfffff870 x16=0xfc380000
       12165000	      1215	80000834	03221863	bne	x4,x18,80000864	  x4:0x7dc04000 x18:0xffff8700
       12175000	      1216	00000000	00000013	addi	x0,x0,0	  x0:0x00000000
       12185000	      1217	80000860	00000013	addi	x0,x0,0	  x0:0x00000000
       12195000	      1218	80000864	01201113	slli	x2,x0,0x12	  x0:0x00000000  x2=0x00000000
       12205000	      1219	80000868	05339063	bne	x7,x19,800008a8	  x7:0x0000007f x19:0x00000001
       12215000	      1220	00000000	00000013	addi	x0,x0,0	  x0:0x00000000
       12225000	      1221	800008a4	00000013	addi	x0,x0,0	  x0:0x00000000
       12235000	      1222	800008a8	b780e393	ori	x7,x1,-1160	  x1:0xfffffcac  x7=0xfffffffc
       12245000	      1223	800008ac	41b206b3	sub	x13,x4,x27	  x4:0x7dc04000 x27:0x00000000 x13=0x7dc04000
       12255000	      1224	800008b0	41640c33	sub	x24,x8,x22	  x8:0x800099db x22:0x7dc04000 x24=0x024059db
       12265000	      1225	800008b4	00ce3fb3	sltu	x31,x28,x12	 x28:0xffffffff x12:0x00000000 x31=0x00000000
       12275000	      1226	800008b8	02748663	beq	x9,x7,800008e4	  x9:0x87af8cac  x7:0xfffffffc
       12285000	      1227	800008bc	4bf3fd37	lui	x26,0x4bf3f	 x26=0x4bf3f000
       12295000	      1228	800008c0	005128b3	slt	x17,x2,x5	  x2:0x00000000  x5:0x40000000 x17=0x00000001
       12305000	      1229	800008c4	012b3933	sltu	x18,x22,x18	 x22:0x7dc04000 x18:0xffff8700 x18=0x00000001
       12315000	      1230	800008c8	b070b897	auipc	x17,0xb070b	 x17=0x3070b8c4
       12325000	      1231	800008cc	f8932013	slti	x0,x6,-119	  x6:0x00000000
       12335000	      1232	800008d0	05c4c463	blt	x9,x28,80000918	  x9:0x87af8cac x28:0xffffffff
       12345000	      1233	00000000	00000013	addi	x0,x0,0	  x0:0x00000000
       12355000	      1234	80000914	00000013	addi	x0,x0,0	  x0:0x00000000
       12365000	      1235	80000918	40275893	srai	x17,x14,0x2	 x14:0x00000000 x17=0x00000000
       12375000	      1236	8000091c	411f8d33	sub	x26,x31,x17	 x31:0x00000000 x17:0x00000000 x26=0x00000000
       12385000	      1237	80000920	013ed513	srli	x10,x29,0x13	 x29:0xfffff870 x10=0x00001fff
       12395000	      1238	80000924	01a2f9b3	and	x19,x5,x26	  x5:0x40000000 x26:0x00000000 x19=0x00000000
       12405000	      1239	80000928	bcbef513	andi	x10,x29,-1077	 x29:0xfffff870 x10=0xfffff840
       12415000	      1240	8000092c	e787b213	sltiu	x4,x15,-392	 x15:0x80009f84  x4=0x00000001
       12425000	      1241	80000930	ba1bac93	slti	x25,x23,-1119	 x23:0xff517000 x25=0x00000001
       12435000	      1242	80000934	00600993	addi	x19,x0,6	  x0:0x00000000 x19=0x00000006
       12445000	      1243	80000938	00a00f13	addi	x30,x0,10	  x0:0x00000000 x30=0x0000000a
       12455000	      1244	8000093c	d188ff97	auipc	x31,0xd188f	 x31=0x5188f938
       12465000	      1245	80000940	00298993	addi	x19,x19,2	 x19:0x00000006 x19=0x00000008
       12475000	      1246	80000944	ffe98ce3	beq	x19,x30,8000093c	 x19:0x00000008 x30:0x0000000a
       12485000	      1247	80000948	014f0933	add	x18,x30,x20	 x30:0x0000000a x20:0x00000001 x18=0x0000000b
       12495000	      1248	8000094c	00bf8433	add	x8,x31,x11	 x31:0x5188f938 x11:0x00000000  x8=0x5188f938
       12505000	      1249	80000950	089ade63	bge	x21,x9,800009ec	 x21:0x80009fc4  x9:0x87af8cac
       12515000	      1250	80000954	6874cb13	xori	x22,x9,1671	  x9:0x87af8cac x22=0x87af8a2b
       12525000	      1251	80000958	000bda13	srli	x20,x23,0x0	 x23:0xff517000 x20=0xff517000
       12535000	      1252	8000095c	07d19863	bne	x3,x29,800009cc	  x3:0xffffffe0 x29:0xfffff870
       12545000	      1253	00000000	00000013	addi	x0,x0,0	  x0:0x00000000
       12555000	      1254	800009c8	00000013	addi	x0,x0,0	  x0:0x00000000
       12565000	      1255	800009cc	0068e3b3	or	x7,x17,x6	 x17:0x00000000  x6:0x00000000  x7=0x00000000
       12575000	      1256	800009d0	064bb893	sltiu	x17,x23,100	 x23:0xff517000 x17=0x00000000
       12585000	      1257	800009d4	014c1113	slli	x2,x24,0x14	 x24:0x024059db  x2=0x9db00000
       12595000	      1258	800009d8	003ed613	srli	x12,x29,0x3	 x29:0xfffff870 x12=0x1fffff0e
       12605000	      1259	800009dc	01f3e8b3	or	x17,x7,x31	  x7:0x00000000 x31:0x5188f938 x17=0x5188f938
       12615000	      1260	800009e0	01249513	slli	x10,x9,0x12	  x9:0x87af8cac x10=0x32b00000
       12625000	      1261	800009e4	0165dcb3	srl	x25,x11,x22	 x11:0x00000000 x22:0x87af8a2b x25=0x00000000
       12635000	      1262	800009e8	004f1713	slli	x14,x30,0x4	 x30:0x0000000a x14=0x000000a0
       12645000	      1263	800009ec	008b9633	sll	x12,x23,x8	 x23:0xff517000  x8:0x5188f938 x12=0x00000000
       12655000	      1264	800009f0	40b95a33	sra	x20,x18,x11	 x18:0x0000000b x11:0x00000000 x20=0x0000000b
       12665000	      1265	800009f4	0093fd33	and	x26,x7,x9	  x7:0x00000000  x9:0x87af8cac x26=0x00000000
       12675000	      1266	800009f8	00159613	slli	x12,x11,0x1	 x11:0x00000000 x12=0x00000000
       12685000	      1267	800009fc	01d90933	add	x18,x18,x29	 x18:0x0000000b x29:0xfffff870 x18=0xfffff87b
       12695000	      1268	80000a00	01838a63	beq	x7,x24,80000a14	  x7:0x00000000 x24:0x024059db
       12705000	      1269	80000a04	01605593	srli	x11,x0,0x16	  x0:0x00000000 x11=0x00000000
       12715000	      1270	80000a08	0035d633	srl	x12,x11,x3	 x11:0x00000000  x3:0xffffffe0 x12=0x00000000
       12725000	      1271	80000a0c	01a3dc13	srli	x24,x7,0x1a	  x7:0x00000000 x24=0x00000000
       12735000	      1272	80000a10	41a1d133	sra	x2,x3,x26	  x3:0xffffffe0 x26:0x00000000  x2=0xffffffe0
       12745000	      1273	80000a14	00e5f9b3	and	x19,x11,x14	 x11:0x00000000 x14:0x000000a0 x19=0x00000000
       12755000	      1274	80000a18	00737b97	auipc	x23,0x737	 x23=0x80737a14
       12765000	      1275	80000a1c	41c95613	srai	x12,x18,0x1c	 x18:0xfffff87b x12=0xffffffff
       12775000	      1276	80000a20	01dfc863	blt	x31,x29,80000a30	 x31:0x5188f938 x29:0xfffff870
       12785000	      1277	80000a24	00977633	and	x12,x14,x9	 x14:0x000000a0  x9:0x87af8cac x12=0x000000a0
       12795000	      1278	80000a28	04685063	bge	x16,x6,80000a68	 x16:0xfc380000  x6:0x00000000
       12805000	      1279	80000a2c	015916b3	sll	x13,x18,x21	 x18:0xfffff87b x21:0x80009fc4 x13=0xffff87b0
       12815000	      1280	80000a30	005c94b3	sll	x9,x25,x5	 x25:0x00000000  x5:0x40000000  x9=0x00000000
       12825000	      1281	80000a34	4081dbb3	sra	x23,x3,x8	  x3:0xffffffe0  x8:0x5188f938 x23=0xffffffff
       12835000	      1282	80000a38	0475e463	bltu	x11,x7,80000a80	 x11:0x00000000  x7:0x00000000
       12845000	      1283	80000a3c	45a88597	auipc	x11,0x45a88	 x11=0xc5a88a38
       12855000	      1284	80000a40	d4417d13	andi	x26,x2,-700	  x2:0xffffffe0 x26=0xfffffd40
       12865000	      1285	80000a44	c6ec8f93	addi	x31,x25,-914	 x25:0x00000000 x31=0xfffffc6e
       12875000	      1286	80000a48	d83846b7	lui	x13,0xd8384	 x13=0xd8384000
       12885000	      1287	80000a4c	00000013	addi	x0,x0,0	  x0:0x00000000
       12895000	      1288	80000a50	024ef263	bgeu	x29,x4,80000a74	 x29:0xfffff870  x4:0x00000001
       12905000	      1289	00000000	00000013	addi	x0,x0,0	  x0:0x00000000
       12915000	      1290	80000a70	00000013	addi	x0,x0,0	  x0:0x00000000
       12925000	      1291	80000a74	05e2e663	bltu	x5,x30,80000ac0	  x5:0x40000000 x30:0x0000000a
       12935000	      1292	80000a78	01bcf733	and	x14,x25,x27	 x25:0x00000000 x27:0x00000000 x14=0x00000000
       12945000	      1293	80000a7c	00405493	srli	x9,x0,0x4	  x0:0x00000000  x9=0x00000000
       12955000	      1294	80000a80	4ae05817	auipc	x16,0x4ae05	 x16=0xcae05a7c
       12965000	      1295	80000a84	007b1b33	sll	x22,x22,x7	 x22:0x87af8a2b  x7:0x00000000 x22=0x87af8a2b
       12975000	      1296	80000a88	65d2bb93	sltiu	x23,x5,1629	  x5:0x40000000 x23=0x00000000
       12985000	      1297	80000a8c	00ae3933	sltu	x18,x28,x10	 x28:0xffffffff x10:0x32b00000 x18=0x00000000
       12995000	      1298	80000a90	eea33c37	lui	x24,0xeea33	 x24=0xeea33000
       13005000	      1299	80000a94	000b0e63	beq	x22,x0,80000ab0	 x22:0x87af8a2b  x0:0x00000000
       13015000	      1300	80000a98	03934663	blt	x6,x25,80000ac4	  x6:0x00000000 x25:0x00000000
       13025000	      1301	80000a9c	74f57893	andi	x17,x10,1871	 x10:0x32b00000 x17=0x00000000
       13035000	      1302	80000aa0	b6636713	ori	x14,x6,-1178	  x6:0x00000000 x14=0xfffffb66
       13045000	      1303	80000aa4	03ac0063	beq	x24,x26,80000ac4	 x24:0xeea33000 x26:0xfffffd40
       13055000	      1304	80000aa8	60c30c93	addi	x25,x6,1548	  x6:0x00000000 x25=0x0000060c
       13065000	      1305	80000aac	00990863	beq	x18,x9,80000abc	 x18:0x00000000  x9:0x00000000
       13075000	      1306	00000000	00000013	addi	x0,x0,0	  x0:0x00000000
       13085000	      1307	80000ab8	00000013	addi	x0,x0,0	  x0:0x00000000
       13095000	      1308	80000abc	40db5893	srai	x17,x22,0xd	 x22:0x87af8a2b x17=0xfffc3d7c
       13105000	      1309	80000ac0	02344063	blt	x8,x3,80000ae0	  x8:0x5188f938  x3:0xffffffe0
       13115000	      1310	80000ac4	01380533	add	x10,x16,x19	 x16:0xcae05a7c x19:0x00000000 x10=0xcae05a7c
       13125000	      1311	80000ac8	010cd213	srli	x4,x25,0x10	 x25:0x0000060c  x4=0x00000000
       13135000	      1312	80000acc	009adcb3	srl	x25,x21,x9	 x21:0x80009fc4  x9:0x00000000 x25=0x80009fc4
       13145000	      1313	80000ad0	01112db3	slt	x27,x2,x17	  x2:0xffffffe0 x17:0xfffc3d7c x27=0x00000000
       13155000	      1314	80000ad4	40bbab93	slti	x23,x23,1035	 x23:0x00000000 x23=0x00000001
       13165000	      1315	80000ad8	01560263	beq	x12,x21,80000adc	 x12:0x000000a0 x21:0x80009fc4
       13175000	      1316	80000adc	00000013	addi	x0,x0,0	  x0:0x00000000
       13185000	      1317	80000ae0	00aa7933	and	x18,x20,x10	 x20:0x0000000b x10:0xcae05a7c x18=0x00000008
       13195000	      1318	80000ae4	00cd45b3	xor	x11,x26,x12	 x26:0xfffffd40 x12:0x000000a0 x11=0xfffffde0
       13205000	      1319	80000ae8	139f7a13	andi	x20,x30,313	 x30:0x0000000a x20=0x00000008
       13215000	      1320	80000aec	008fd233	srl	x4,x31,x8	 x31:0xfffffc6e  x8:0x5188f938  x4=0x000000ff
       13225000	      1321	80000af0	018e0c33	add	x24,x28,x24	 x28:0xffffffff x24:0xeea33000 x24=0xeea32fff
       13235000	      1322	80000af4	001bf233	and	x4,x23,x1	 x23:0x00000001  x1:0xfffffcac  x4=0x00000000
       13245000	      1323	80000af8	0f856297	auipc	x5,0xf856	  x5=0x8f856af4
       13255000	      1324	80000afc	00bb2f33	slt	x30,x22,x11	 x22:0x87af8a2b x11:0xfffffde0 x30=0x00000001
       13265000	      1325	80000b00	0088aa33	slt	x20,x17,x8	 x17:0xfffc3d7c  x8:0x5188f938 x20=0x00000001
       13275000	      1326	80000b04	2ac2b013	sltiu	x0,x5,684	  x5:0x8f856af4
       13285000	      1327	80000b08	105c8417	auipc	x8,0x105c8	  x8=0x905c8b04
       13295000	      1328	80000b0c	01877733	and	x14,x14,x24	 x14:0xfffffb66 x24:0xeea32fff x14=0xeea32b66
       13305000	      1329	80000b10	0017bc33	sltu	x24,x15,x1	 x15:0x80009f84  x1:0xfffffcac x24=0x00000001
       13315000	      1330	80000b14	0162bbb3	sltu	x23,x5,x22	  x5:0x8f856af4 x22:0x87af8a2b x23=0x00000000
       13325000	      1331	80000b18	028b1c63	bne	x22,x8,80000b50	 x22:0x87af8a2b  x8:0x905c8b04
       13335000	      1332	00000000	00000013	addi	x0,x0,0	  x0:0x00000000
       13345000	      1333	80000b4c	00000013	addi	x0,x0,0	  x0:0x00000000
       13355000	      1334	80000b50	012178b3	and	x17,x2,x18	  x2:0xffffffe0 x18:0x00000008 x17=0x00000000
       13365000	      1335	80000b54	f8fa3113	sltiu	x2,x20,-113	 x20:0x00000001  x2=0x00000001
       13375000	      1336	80000b58	e4528513	addi	x10,x5,-443	  x5:0x8f856af4 x10=0x8f856939
       13385000	      1337	80000b5c	021ff063	bgeu	x31,x1,80000b7c	 x31:0xfffffc6e  x1:0xfffffcac
       13395000	      1338	80000b60	0ffda8b7	lui	x17,0xffda	 x17=0x0ffda000
       13405000	      1339	80000b64	00166bb3	or	x23,x12,x1	 x12:0x000000a0  x1:0xfffffcac x23=0xfffffcac
       13415000	      1340	80000b68	b3dcad93	slti	x27,x25,-1219	 x25:0x80009fc4 x27=0x00000001
       13425000	      1341	80000b6c	002f5833	srl	x16,x30,x2	 x30:0x00000001  x2:0x00000001 x16=0x00000000
       13435000	      1342	80000b70	c674f513	andi	x10,x9,-921	  x9:0x00000000 x10=0x00000000
       13445000	      1343	80000b74	168f0913	addi	x18,x30,360	 x30:0x00000001 x18=0x00000169
       13455000	      1344	80000b78	436a8c13	addi	x24,x21,1078	 x21:0x80009fc4 x24=0x8000a3fa
       13465000	      1345	80000b7c	00000013	addi	x0,x0,0	  x0:0x00000000
       13475000	      1346	80000b80	0000ccb3	xor	x25,x1,x0	  x1:0xfffffcac  x0:0x00000000 x25=0xfffffcac
       13485000	      1347	80000b84	8a6fc8b7	lui	x17,0x8a6fc	 x17=0x8a6fc000
       13495000	      1348	80000b88	41b35493	srai	x9,x6,0x1b	  x6:0x00000000  x9=0x00000000
       13505000	      1349	80000b8c	0084d593	srli	x11,x9,0x8	  x9:0x00000000 x11=0x00000000
       13515000	      1350	80000b90	0b1bf063	bgeu	x23,x17,80000c30	 x23:0xfffffcac x17:0x8a6fc000
       13525000	      1351	00000000	00000013	addi	x0,x0,0	  x0:0x00000000
       13535000	      1352	80000c2c	00000013	addi	x0,x0,0	  x0:0x00000000
       13545000	      1353	80000c30	0186eb33	or	x22,x13,x24	 x13:0xd8384000 x24:0x8000a3fa x22=0xd838e3fa
       13555000	      1354	80000c34	41e384b3	sub	x9,x7,x30	  x7:0x00000000 x30:0x00000001  x9=0xffffffff
       13565000	      1355	80000c38	0306f063	bgeu	x13,x16,80000c58	 x13:0xd8384000 x16:0x00000000
       13575000	      1356	00000000	00000013	addi	x0,x0,0	  x0:0x00000000
       13585000	      1357	80000c54	00000013	addi	x0,x0,0	  x0:0x00000000
       13595000	      1358	80000c58	01971b93	slli	x23,x14,0x19	 x14:0xeea32b66 x23=0xcc000000
       13605000	      1359	80000c5c	2d502f93	slti	x31,x0,725	  x0:0x00000000 x31=0x00000001
       13615000	      1360	80000c60	01448cb3	add	x25,x9,x20	  x9:0xffffffff x20:0x00000001 x25=0x00000000
       13625000	      1361	80000c64	00d508b3	add	x17,x10,x13	 x10:0x00000000 x13:0xd8384000 x17=0xd8384000
       13635000	      1362	80000c68	01a83d33	sltu	x26,x16,x26	 x16:0x00000000 x26:0xfffffd40 x26=0x00000001
       13645000	      1363	80000c6c	029ac663	blt	x21,x9,80000c98	 x21:0x80009fc4  x9:0xffffffff
       13655000	      1364	00000000	00000013	addi	x0,x0,0	  x0:0x00000000
       13665000	      1365	80000c94	00000013	addi	x0,x0,0	  x0:0x00000000
       13675000	      1366	80000c98	00712bb3	slt	x23,x2,x7	  x2:0x00000001  x7:0x00000000 x23=0x00000000
       13685000	      1367	80000c9c	01645c33	srl	x24,x8,x22	  x8:0x905c8b04 x22:0xd838e3fa x24=0x00000024
       13695000	      1368	80000ca0	02d6cc63	blt	x13,x13,80000cd8	 x13:0xd8384000 x13:0xd8384000
       13705000	      1369	80000ca4	0130c933	xor	x18,x1,x19	  x1:0xfffffcac x19:0x00000000 x18=0xfffffcac
       13715000	      1370	80000ca8	00af1133	sll	x2,x30,x10	 x30:0x00000001 x10:0x00000000  x2=0x00000001
       13725000	      1371	80000cac	011df5b3	and	x11,x27,x17	 x27:0x00000001 x17:0xd8384000 x11=0x00000000
       13735000	      1372	80000cb0	410556b3	sra	x13,x10,x16	 x10:0x00000000 x16:0x00000000 x13=0x00000000
       13745000	      1373	80000cb4	0048da33	srl	x20,x17,x4	 x17:0xd8384000  x4:0x00000000 x20=0xd8384000
       13755000	      1374	80000cb8	01ca96b3	sll	x13,x21,x28	 x21:0x80009fc4 x28:0xffffffff x13=0x00000000
       13765000	      1375	80000cbc	e3a2b713	sltiu	x14,x5,-454	  x5:0x8f856af4 x14=0x00000001
       13775000	      1376	80000cc0	59576513	ori	x10,x14,1429	 x14:0x00000001 x10=0x00000595
       13785000	      1377	80000cc4	00225eb3	srl	x29,x4,x2	  x4:0x00000000  x2:0x00000001 x29=0x00000000
       13795000	      1378	80000cc8	29728213	addi	x4,x5,663	  x5:0x8f856af4  x4=0x8f856d8b
       13805000	      1379	80000ccc	00000013	addi	x0,x0,0	  x0:0x00000000
       13815000	      1380	80000cd0	0155edb3	or	x27,x11,x21	 x11:0x00000000 x21:0x80009fc4 x27=0x80009fc4
       13825000	      1381	80000cd4	cbe2af93	slti	x31,x5,-834	  x5:0x8f856af4 x31=0x00000001
       13835000	      1382	80000cd8	407355b3	sra	x11,x6,x7	  x6:0x00000000  x7:0x00000000 x11=0x00000000
       13845000	      1383	80000cdc	ce39ce13	xori	x28,x19,-797	 x19:0x00000000 x28=0xfffffce3
       13855000	      1384	80000ce0	01ddd893	srli	x17,x27,0x1d	 x27:0x80009fc4 x17=0x00000004
       13865000	      1385	80000ce4	26e78b13	addi	x22,x15,622	 x15:0x80009f84 x22=0x8000a1f2
       13875000	      1386	80000ce8	0158d2b3	srl	x5,x17,x21	 x17:0x00000004 x21:0x80009fc4  x5=0x00000000
       13885000	      1387	80000cec	01fa3db3	sltu	x27,x20,x31	 x20:0xd8384000 x31:0x00000001 x27=0x00000000
       13895000	      1388	80000cf0	01525013	srli	x0,x4,0x15	  x4:0x8f856d8b
       13905000	      1389	80000cf4	40ef0bb3	sub	x23,x30,x14	 x30:0x00000001 x14:0x00000001 x23=0x00000000
       13915000	      1390	80000cf8	018c0e63	beq	x24,x24,80000d14	 x24:0x00000024 x24:0x00000024
       13925000	      1391	00000000	00000013	addi	x0,x0,0	  x0:0x00000000
       13935000	      1392	80000d10	00000013	addi	x0,x0,0	  x0:0x00000000
       13945000	      1393	80000d14	01d3bbb3	sltu	x23,x7,x29	  x7:0x00000000 x29:0x00000000 x23=0x00000000
       13955000	      1394	80000d18	01b9c633	xor	x12,x19,x27	 x19:0x00000000 x27:0x00000000 x12=0x00000000
       13965000	      1395	80000d1c	00002897	auipc	x17,0x2	 x17=0x80002d18
       13975000	      1396	80000d20	ff088893	addi	x17,x17,-16	 x17:0x80002d18 x17=0x80002d08
       13985000	      1397	80000d24	01cdb2b3	sltu	x5,x27,x28	 x27:0x00000000 x28:0xfffffce3  x5=0x00000001
       13995000	      1398	80000d28	db488893	addi	x17,x17,-588	 x17:0x80002d08 x17=0x80002abc
       14005000	      1399	80000d2c	1ee6e417	auipc	x8,0x1ee6e	  x8=0x9ee6ed28
       14015000	      1400	80000d30	018a1863	bne	x20,x24,80000d40	 x20:0xd8384000 x24:0x00000024
       14025000	      1401	00000000	00000013	addi	x0,x0,0	  x0:0x00000000
       14035000	      1402	80000d3c	00000013	addi	x0,x0,0	  x0:0x00000000
       14045000	      1403	80000d40	24d880e7	jalr	x1,x17,589	 x17:0x80002abc  x1=0x80000d40
       14055000	      1404	00000000	00000013	addi	x0,x0,0	  x0:0x00000000
       14065000	      1405	80002d08	00000013	addi	x0,x0,0	  x0:0x00000000
       14075000	      1406	80002d0c	ff878793	addi	x15,x15,-8	 x15:0x80009f84 x15=0x80009f7c
       14085000	      1407	80002d10	0078efb3	or	x31,x17,x7	 x17:0x80002abc  x7:0x00000000 x31=0x80002abc
       14095000	      1408	80002d14	007fa633	slt	x12,x31,x7	 x31:0x80002abc  x7:0x00000000 x12=0x00000001
       14105000	      1409	80002d18	011542b3	xor	x5,x10,x17	 x10:0x00000595 x17:0x80002abc  x5=0x80002f29
       14115000	      1410	80002d1c	22d5b893	sltiu	x17,x11,557	 x11:0x00000000 x17=0x00000001
       14125000	      1411	80002d20	0017a223	sw	x1,4(x15)	 x15:0x80009f7c  x1:0x80000d40 PA:0x80009f80
       14135000	      1412	80002d24	3b502537	lui	x10,0x3b502	 x10=0x3b502000
       14145000	      1413	80002d28	3eadfd93	andi	x27,x27,1002	 x27:0x00000000 x27=0x00000000
       14155000	      1414	80002d2c	1b7cc4b7	lui	x9,0x1b7cc	  x9=0x1b7cc000
       14165000	      1415	80002d30	107cee13	ori	x28,x25,263	 x25:0x00000000 x28=0x00000107
       14175000	      1416	80002d34	0093ce33	xor	x28,x7,x9	  x7:0x00000000  x9:0x1b7cc000 x28=0x1b7cc000
       14185000	      1417	80002d38	1e552f93	slti	x31,x10,485	 x10:0x3b502000 x31=0x00000000
       14195000	      1418	80002d3c	4150dc13	srai	x24,x1,0x15	  x1:0x80000d40 x24=0xfffffc00
       14205000	      1419	80002d40	408d5d93	srai	x27,x26,0x8	 x26:0x00000001 x27=0x00000000
       14215000	      1420	80002d44	00814463	blt	x2,x8,80002d4c	  x2:0x00000001  x8:0x9ee6ed28
       14225000	      1421	80002d48	00d3da13	srli	x20,x7,0xd	  x7:0x00000000 x20=0x00000000
       14235000	      1422	80002d4c	01fbdd13	srli	x26,x23,0x1f	 x23:0x00000000 x26=0x00000000
       14245000	      1423	80002d50	0024e0b3	or	x1,x9,x2	  x9:0x1b7cc000  x2:0x00000001  x1=0x1b7cc001
       14255000	      1424	80002d54	de81a893	slti	x17,x3,-536	  x3:0xffffffe0 x17=0x00000000
       14265000	      1425	80002d58	4014d533	sra	x10,x9,x1	  x9:0x1b7cc000  x1:0x1b7cc001 x10=0x0dbe6000
       14275000	      1426	80002d5c	0047a083	lw	x1,4(x15)	 x15:0x80009f7c  x1=0x80000d40 PA:0x80009f80
       14285000	      1427	80002d60	28c8b413	sltiu	x8,x17,652	 x17:0x00000000  x8=0x00000001
       14295000	      1428	80002d64	00878793	addi	x15,x15,8	 x15:0x80009f7c x15=0x80009f84
       14305000	      1429	80002d68	010d24b3	slt	x9,x26,x16	 x26:0x00000000 x16:0x00000000  x9=0x00000000
       14315000	      1430	80002d6c	1e263e13	sltiu	x28,x12,482	 x12:0x00000001 x28=0x00000001
       14325000	      1431	80002d70	00008393	addi	x7,x1,0	  x1:0x80000d40  x7=0x80000d40
       14335000	      1432	80002d74	000383e7	jalr	x7,x7,0	  x7:0x80000d40  x7=0x80002d74
       14345000	      1433	00000000	00000013	addi	x0,x0,0	  x0:0x00000000
       14355000	      1434	80000d40	00000013	addi	x0,x0,0	  x0:0x00000000
       14365000	      1435	80000d44	00a440b3	xor	x1,x8,x10	  x8:0x00000001 x10:0x0dbe6000  x1=0x0dbe6001
       14375000	      1436	80000d48	01abde63	bge	x23,x26,80000d64	 x23:0x00000000 x26:0x00000000
       14385000	      1437	00000000	00000013	addi	x0,x0,0	  x0:0x00000000
       14395000	      1438	80000d60	00000013	addi	x0,x0,0	  x0:0x00000000
       14405000	      1439	80000d64	013f0b33	add	x22,x30,x19	 x30:0x00000001 x19:0x00000000 x22=0x00000001
       14415000	      1440	80000d68	01a93f33	sltu	x30,x18,x26	 x18:0xfffffcac x26:0x00000000 x30=0x00000000
       14425000	      1441	80000d6c	a91b0913	addi	x18,x22,-1391	 x22:0x00000001 x18=0xfffffa92
       14435000	      1442	80000d70	00000013	addi	x0,x0,0	  x0:0x00000000
       14445000	      1443	80000d74	009b8533	add	x10,x23,x9	 x23:0x00000000  x9:0x00000000 x10=0x00000000
       14455000	      1444	80000d78	014d5c13	srli	x24,x26,0x14	 x26:0x00000000 x24=0x00000000
       14465000	      1445	80000d7c	00833233	sltu	x4,x6,x8	  x6:0x00000000  x8:0x00000001  x4=0x00000001
       14475000	      1446	80000d80	c68cf193	andi	x3,x25,-920	 x25:0x00000000  x3=0x00000000
       14485000	      1447	80000d84	0b70d063	bge	x1,x23,80000e24	  x1:0x0dbe6001 x23:0x00000000
       14495000	      1448	00000000	00000013	addi	x0,x0,0	  x0:0x00000000
       14505000	      1449	80000e20	00000013	addi	x0,x0,0	  x0:0x00000000
       14515000	      1450	80000e24	0007f4b3	and	x9,x15,x0	 x15:0x80009f84  x0:0x00000000  x9=0x00000000
       14525000	      1451	80000e28	003c0cb3	add	x25,x24,x3	 x24:0x00000000  x3:0x00000000 x25=0x00000000
       14535000	      1452	80000e2c	00d8c233	xor	x4,x17,x13	 x17:0x00000000 x13:0x00000000  x4=0x00000000
       14545000	      1453	80000e30	2e39e693	ori	x13,x19,739	 x19:0x00000000 x13=0x000002e3
       14555000	      1454	80000e34	677d9537	lui	x10,0x677d9	 x10=0x677d9000
       14565000	      1455	80000e38	02539063	bne	x7,x5,80000e58	  x7:0x80002d74  x5:0x80002f29
       14575000	      1456	00000000	00000013	addi	x0,x0,0	  x0:0x00000000
       14585000	      1457	80000e54	00000013	addi	x0,x0,0	  x0:0x00000000
       14595000	      1458	80000e58	0148c863	blt	x17,x20,80000e68	 x17:0x00000000 x20:0x00000000
       14605000	      1459	80000e5c	00a0e463	bltu	x1,x10,80000e64	  x1:0x0dbe6001 x10:0x677d9000
       14615000	      1460	00000000	00000013	addi	x0,x0,0	  x0:0x00000000
       14625000	      1461	80000e60	00000013	addi	x0,x0,0	  x0:0x00000000
       14635000	      1462	80000e64	01c33d33	sltu	x26,x6,x28	  x6:0x00000000 x28:0x00000001 x26=0x00000001
       14645000	      1463	80000e68	00cc1133	sll	x2,x24,x12	 x24:0x00000000 x12:0x00000001  x2=0x00000000
       14655000	      1464	80000e6c	02786663	bltu	x16,x7,80000e98	 x16:0x00000000  x7:0x80002d74
       14665000	      1465	00000000	00000013	addi	x0,x0,0	  x0:0x00000000
       14675000	      1466	80000e94	00000013	addi	x0,x0,0	  x0:0x00000000
       14685000	      1467	80000e98	01fbb1b3	sltu	x3,x23,x31	 x23:0x00000000 x31:0x00000000  x3=0x00000000
       14695000	      1468	80000e9c	00cdf8b3	and	x17,x27,x12	 x27:0x00000000 x12:0x00000001 x17=0x00000000
       14705000	      1469	80000ea0	019a93b3	sll	x7,x21,x25	 x21:0x80009fc4 x25:0x00000000  x7=0x80009fc4
       14715000	      1470	80000ea4	05f35063	bge	x6,x31,80000ee4	  x6:0x00000000 x31:0x00000000
       14725000	      1471	00000000	00000013	addi	x0,x0,0	  x0:0x00000000
       14735000	      1472	80000ee0	00000013	addi	x0,x0,0	  x0:0x00000000
       14745000	      1473	80000ee4	0214e463	bltu	x9,x1,80000f0c	  x9:0x00000000  x1:0x0dbe6001
       14755000	      1474	00000000	00000013	addi	x0,x0,0	  x0:0x00000000
       14765000	      1475	80000f08	00000013	addi	x0,x0,0	  x0:0x00000000
       14775000	      1476	80000f0c	5ba7e093	ori	x1,x15,1466	 x15:0x80009f84  x1=0x80009fbe
       14785000	      1477	80000f10	5ed30c13	addi	x24,x6,1517	  x6:0x00000000 x24=0x000005ed
       14795000	      1478	80000f14	1a70c193	xori	x3,x1,423	  x1:0x80009fbe  x3=0x80009e19
       14805000	      1479	80000f18	04ac0063	beq	x24,x10,80000f58	 x24:0x000005ed x10:0x677d9000
       14815000	      1480	80000f1c	00d25e63	bge	x4,x13,80000f38	  x4:0x00000000 x13:0x000002e3
       14825000	      1481	80000f20	010f7933	and	x18,x30,x16	 x30:0x00000000 x16:0x00000000 x18=0x00000000
       14835000	      1482	80000f24	8bc5dc97	auipc	x25,0x8bc5d	 x25=0x0bc5df20
       14845000	      1483	80000f28	0080e633	or	x12,x1,x8	  x1:0x80009fbe  x8:0x00000001 x12=0x80009fbf
       14855000	      1484	80000f2c	30604d93	xori	x27,x0,774	  x0:0x00000000 x27=0x00000306
       14865000	      1485	80000f30	00da3cb3	sltu	x25,x20,x13	 x20:0x00000000 x13:0x000002e3 x25=0x00000001
       14875000	      1486	80000f34	40615e93	srai	x29,x2,0x6	  x2:0x00000000 x29=0x00000000
       14885000	      1487	80000f38	0087d813	srli	x16,x15,0x8	 x15:0x80009f84 x16=0x0080009f
       14895000	      1488	80000f3c	404103b3	sub	x7,x2,x4	  x2:0x00000000  x4:0x00000000  x7=0x00000000
       14905000	      1489	80000f40	5c92e097	auipc	x1,0x5c92e	  x1=0xdc92ef3c
       14915000	      1490	80000f44	0189e433	or	x8,x19,x24	 x19:0x00000000 x24:0x000005ed  x8=0x000005ed
       14925000	      1491	80000f48	019cd033	srl	x0,x25,x25	 x25:0x00000001 x25:0x00000001
       14935000	      1492	80000f4c	1607c393	xori	x7,x15,352	 x15:0x80009f84  x7=0x80009ee4
       14945000	      1493	80000f50	008fba33	sltu	x20,x31,x8	 x31:0x00000000  x8:0x000005ed x20=0x00000001
       14955000	      1494	80000f54	f8a9ff93	andi	x31,x19,-118	 x19:0x00000000 x31=0x00000000
       14965000	      1495	80000f58	01155813	srli	x16,x10,0x11	 x10:0x677d9000 x16=0x000033be
       14975000	      1496	80000f5c	000c2cb3	slt	x25,x24,x0	 x24:0x000005ed  x0:0x00000000 x25=0x00000000
       14985000	      1497	80000f60	01b318b3	sll	x17,x6,x27	  x6:0x00000000 x27:0x00000306 x17=0x00000000
       14995000	      1498	80000f64	91b53993	sltiu	x19,x10,-1765	 x10:0x677d9000 x19=0x00000001
       15005000	      1499	80000f68	0c69a813	slti	x16,x19,198	 x19:0x00000001 x16=0x00000001
       15015000	      1500	80000f6c	0033d733	srl	x14,x7,x3	  x7:0x80009ee4  x3:0x80009e19 x14=0x00000040
       15025000	      1501	80000f70	00845113	srli	x2,x8,0x8	  x8:0x000005ed  x2=0x00000005
       15035000	      1502	80000f74	fbdf7c93	andi	x25,x30,-67	 x30:0x00000000 x25=0x00000000
       15045000	      1503	80000f78	41c80733	sub	x14,x16,x28	 x16:0x00000001 x28:0x00000001 x14=0x00000000
       15055000	      1504	80000f7c	9878d737	lui	x14,0x9878d	 x14=0x9878d000
       15065000	      1505	80000f80	014b88b3	add	x17,x23,x20	 x23:0x00000000 x20:0x00000001 x17=0x00000001
       15075000	      1506	80000f84	008b8c33	add	x24,x23,x8	 x23:0x00000000  x8:0x000005ed x24=0x000005ed
       15085000	      1507	80000f88	01cf9f93	slli	x31,x31,0x1c	 x31:0x00000000 x31=0x00000000
       15095000	      1508	80000f8c	01966bb3	or	x23,x12,x25	 x12:0x80009fbf x25:0x00000000 x23=0x80009fbf
       15105000	      1509	80000f90	0004df13	srli	x30,x9,0x0	  x9:0x00000000 x30=0x00000000
       15115000	      1510	80000f94	196a4d93	xori	x27,x20,406	 x20:0x00000001 x27=0x00000197
       15125000	      1511	80000f98	40085193	srai	x3,x16,0x0	 x16:0x00000001  x3=0x00000001
       15135000	      1512	80000f9c	0050ee33	or	x28,x1,x5	  x1:0xdc92ef3c  x5:0x80002f29 x28=0xdc92ef3d
       15145000	      1513	80000fa0	2b374637	lui	x12,0x2b374	 x12=0x2b374000
       15155000	      1514	80000fa4	0239d063	bge	x19,x3,80000fc4	 x19:0x00000001  x3:0x00000001
       15165000	      1515	00000000	00000013	addi	x0,x0,0	  x0:0x00000000
       15175000	      1516	80000fc0	00000013	addi	x0,x0,0	  x0:0x00000000
       15185000	      1517	80000fc4	ef235817	auipc	x16,0xef235	 x16=0x6f235fc0
       15195000	      1518	80000fc8	03c30663	beq	x6,x28,80000ff4	  x6:0x00000000 x28:0xdc92ef3d
       15205000	      1519	80000fcc	012bde13	srli	x28,x23,0x12	 x23:0x80009fbf x28=0x00002000
       15215000	      1520	80000fd0	902e7193	andi	x3,x28,-1790	 x28:0x00002000  x3=0x00002000
       15225000	      1521	80000fd4	07f46e63	bltu	x8,x31,80001050	  x8:0x000005ed x31:0x00000000
       15235000	      1522	80000fd8	779ccbb7	lui	x23,0x779cc	 x23=0x779cc000
       15245000	      1523	80000fdc	07d0e463	bltu	x1,x29,80001044	  x1:0xdc92ef3c x29:0x00000000
       15255000	      1524	80000fe0	e67bcf93	xori	x31,x23,-409	 x23:0x779cc000 x31=0x88633e67
       15265000	      1525	80000fe4	e2776f93	ori	x31,x14,-473	 x14:0x9878d000 x31=0xfffffe27
       15275000	      1526	80000fe8	d9182c93	slti	x25,x16,-623	 x16:0x6f235fc0 x25=0x00000000
       15285000	      1527	80000fec	21fea813	slti	x16,x29,543	 x29:0x00000000 x16=0x00000001
       15295000	      1528	80000ff0	bbf58b13	addi	x22,x11,-1089	 x11:0x00000000 x22=0xfffffbbf
       15305000	      1529	80000ff4	01dcaa33	slt	x20,x25,x29	 x25:0x00000000 x29:0x00000000 x20=0x00000000
       15315000	      1530	80000ff8	a5779737	lui	x14,0xa5779	 x14=0xa5779000
       15325000	      1531	80000ffc	07b64c63	blt	x12,x27,80001074	 x12:0x2b374000 x27:0x00000197
       15335000	      1532	80001000	01b6f3b3	and	x7,x13,x27	 x13:0x000002e3 x27:0x00000197  x7=0x00000083
       15345000	      1533	80001004	072b1a63	bne	x22,x18,80001078	 x22:0xfffffbbf x18:0x00000000
       15355000	      1534	00000000	00000013	addi	x0,x0,0	  x0:0x00000000
       15365000	      1535	80001074	00000013	addi	x0,x0,0	  x0:0x00000000
       15375000	      1536	80001078	018b9493	slli	x9,x23,0x18	 x23:0x779cc000  x9=0x00000000
       15385000	      1537	8000107c	00851b33	sll	x22,x10,x8	 x10:0x677d9000  x8:0x000005ed x22=0xb2000000
       15395000	      1538	80001080	f3dd0493	addi	x9,x26,-195	 x26:0x00000001  x9=0xffffff3e
       15405000	      1539	80001084	01cac633	xor	x12,x21,x28	 x21:0x80009fc4 x28:0x00002000 x12=0x8000bfc4
       15415000	      1540	80001088	0192f663	bgeu	x5,x25,80001094	  x5:0x80002f29 x25:0x00000000
       15425000	      1541	00000000	00000013	addi	x0,x0,0	  x0:0x00000000
       15435000	      1542	80001090	00000013	addi	x0,x0,0	  x0:0x00000000
       15445000	      1543	80001094	00852133	slt	x2,x10,x8	 x10:0x677d9000  x8:0x000005ed  x2=0x00000000
       15455000	      1544	80001098	ee554713	xori	x14,x10,-283	 x10:0x677d9000 x14=0x98826ee5
       15465000	      1545	8000109c	3a8b6113	ori	x2,x22,936	 x22:0xb2000000  x2=0xb20003a8
       15475000	      1546	800010a0	01924433	xor	x8,x4,x25	  x4:0x00000000 x25:0x00000000  x8=0x00000000
       15485000	      1547	800010a4	419658b3	sra	x17,x12,x25	 x12:0x8000bfc4 x25:0x00000000 x17=0x8000bfc4
       15495000	      1548	800010a8	99eaf493	andi	x9,x21,-1634	 x21:0x80009fc4  x9=0x80009984
       15505000	      1549	800010ac	6fad6b13	ori	x22,x26,1786	 x26:0x00000001 x22=0x000006fb
       15515000	      1550	800010b0	01d07fb3	and	x31,x0,x29	  x0:0x00000000 x29:0x00000000 x31=0x00000000
       15525000	      1551	800010b4	0137f1b3	and	x3,x15,x19	 x15:0x80009f84 x19:0x00000001  x3=0x00000000
       15535000	      1552	800010b8	03217063	bgeu	x2,x18,800010d8	  x2:0xb20003a8 x18:0x00000000
       15545000	      1553	00000000	00000013	addi	x0,x0,0	  x0:0x00000000
       15555000	      1554	800010d4	00000013	addi	x0,x0,0	  x0:0x00000000
       15565000	      1555	800010d8	37bb4e13	xori	x28,x22,891	 x22:0x000006fb x28=0x00000580
       15575000	      1556	800010dc	00b324b3	slt	x9,x6,x11	  x6:0x00000000 x11:0x00000000  x9=0x00000000
       15585000	      1557	800010e0	01af19b3	sll	x19,x30,x26	 x30:0x00000000 x26:0x00000001 x19=0x00000000
       15595000	      1558	800010e4	05188063	beq	x17,x17,80001124	 x17:0x8000bfc4 x17:0x8000bfc4
       15605000	      1559	00000000	00000013	addi	x0,x0,0	  x0:0x00000000
       15615000	      1560	80001120	00000013	addi	x0,x0,0	  x0:0x00000000
       15625000	      1561	80001124	1da1d897	auipc	x17,0x1da1d	 x17=0x9da1e120
       15635000	      1562	80001128	0126eeb3	or	x29,x13,x18	 x13:0x000002e3 x18:0x00000000 x29=0x000002e3
       15645000	      1563	8000112c	6cfffc93	andi	x25,x31,1743	 x31:0x00000000 x25=0x00000000
       15655000	      1564	80001130	00000013	addi	x0,x0,0	  x0:0x00000000
       15665000	      1565	80001134	24046d13	ori	x26,x8,576	  x8:0x00000000 x26=0x00000240
       15675000	      1566	80001138	00978a63	beq	x15,x9,8000114c	 x15:0x80009f84  x9:0x00000000
       15685000	      1567	8000113c	03ab1c63	bne	x22,x26,80001174	 x22:0x000006fb x26:0x00000240
       15695000	      1568	00000000	00000013	addi	x0,x0,0	  x0:0x00000000
       15705000	      1569	80001170	00000013	addi	x0,x0,0	  x0:0x00000000
       15715000	      1570	80001174	00ff6233	or	x4,x30,x15	 x30:0x00000000 x15:0x80009f84  x4=0x80009f84
       15725000	      1571	80001178	0125fd33	and	x26,x11,x18	 x11:0x00000000 x18:0x00000000 x26=0x00000000
       15735000	      1572	8000117c	00000013	addi	x0,x0,0	  x0:0x00000000
       15745000	      1573	80001180	010d75b3	and	x11,x26,x16	 x26:0x00000000 x16:0x00000001 x11=0x00000000
       15755000	      1574	80001184	006bc6b3	xor	x13,x23,x6	 x23:0x779cc000  x6:0x00000000 x13=0x779cc000
       15765000	      1575	80001188	b0df3717	auipc	x14,0xb0df3	 x14=0x30df4184
       15775000	      1576	8000118c	41b80433	sub	x8,x16,x27	 x16:0x00000001 x27:0x00000197  x8=0xfffffe6a
       15785000	      1577	80001190	40d25c93	srai	x25,x4,0xd	  x4:0x80009f84 x25=0xfffc0004
       15795000	      1578	80001194	00f99cb3	sll	x25,x19,x15	 x19:0x00000000 x15:0x80009f84 x25=0x00000000
       15805000	      1579	80001198	40e652b3	sra	x5,x12,x14	 x12:0x8000bfc4 x14:0x30df4184  x5=0xf8000bfc
       15815000	      1580	8000119c	000ed0b3	srl	x1,x29,x0	 x29:0x000002e3  x0:0x00000000  x1=0x000002e3
       15825000	      1581	800011a0	0186f8b3	and	x17,x13,x24	 x13:0x779cc000 x24:0x000005ed x17=0x00000000
       15835000	      1582	800011a4	007f8a33	add	x20,x31,x7	 x31:0x00000000  x7:0x00000083 x20=0x00000083
       15845000	      1583	800011a8	002fd713	srli	x14,x31,0x2	 x31:0x00000000 x14=0x00000000
       15855000	      1584	800011ac	003e8eb3	add	x29,x29,x3	 x29:0x000002e3  x3:0x00000000 x29=0x000002e3
       15865000	      1585	800011b0	005a5f33	srl	x30,x20,x5	 x20:0x00000083  x5:0xf8000bfc x30=0x00000000
       15875000	      1586	800011b4	4c63fc13	andi	x24,x7,1222	  x7:0x00000083 x24=0x00000082
       15885000	      1587	800011b8	0303f063	bgeu	x7,x16,800011d8	  x7:0x00000083 x16:0x00000001
       15895000	      1588	00000000	00000013	addi	x0,x0,0	  x0:0x00000000
       15905000	      1589	800011d4	00000013	addi	x0,x0,0	  x0:0x00000000
       15915000	      1590	800011d8	031a0463	beq	x20,x17,80001200	 x20:0x00000083 x17:0x00000000
       15925000	      1591	800011dc	05b0e463	bltu	x1,x27,80001224	  x1:0x000002e3 x27:0x00000197
       15935000	      1592	800011e0	41440633	sub	x12,x8,x20	  x8:0xfffffe6a x20:0x00000083 x12=0xfffffde7
       15945000	      1593	800011e4	404a0b33	sub	x22,x20,x4	 x20:0x00000083  x4:0x80009f84 x22=0x7fff60ff
       15955000	      1594	800011e8	86456f13	ori	x30,x10,-1948	 x10:0x677d9000 x30=0xfffff864
       15965000	      1595	800011ec	40be8933	sub	x18,x29,x11	 x29:0x000002e3 x11:0x00000000 x18=0x000002e3
       15975000	      1596	800011f0	03805663	bge	x0,x24,8000121c	  x0:0x00000000 x24:0x00000082
       15985000	      1597	800011f4	01d45e63	bge	x8,x29,80001210	  x8:0xfffffe6a x29:0x000002e3
       15995000	      1598	800011f8	00ef2b33	slt	x22,x30,x14	 x30:0xfffff864 x14:0x00000000 x22=0x00000001
       16005000	      1599	800011fc	b9522b13	slti	x22,x4,-1131	  x4:0x80009f84 x22=0x00000001
       16015000	      1600	80001200	40e3d113	srai	x2,x7,0xe	  x7:0x00000083  x2=0x00000000
       16025000	      1601	80001204	0055e0b3	or	x1,x11,x5	 x11:0x00000000  x5:0xf8000bfc  x1=0xf8000bfc
       16035000	      1602	80001208	01100933	add	x18,x0,x17	  x0:0x00000000 x17:0x00000000 x18=0x00000000
       16045000	      1603	8000120c	01dde263	bltu	x27,x29,80001210	 x27:0x00000197 x29:0x000002e3
       16055000	      1604	00000000	00000013	addi	x0,x0,0	  x0:0x00000000
       16065000	      1605	8000120c	00000013	addi	x0,x0,0	  x0:0x00000000
       16075000	      1606	80001210	404586b3	sub	x13,x11,x4	 x11:0x00000000  x4:0x80009f84 x13=0x7fff607c
       16085000	      1607	80001214	00f27933	and	x18,x4,x15	  x4:0x80009f84 x15:0x80009f84 x18=0x80009f84
       16095000	      1608	80001218	00f394b3	sll	x9,x7,x15	  x7:0x00000083 x15:0x80009f84  x9=0x00000830
       16105000	      1609	8000121c	023e8663	beq	x29,x3,80001248	 x29:0x000002e3  x3:0x00000000
       16115000	      1610	80001220	334ddd37	lui	x26,0x334dd	 x26=0x334dd000
       16125000	      1611	80001224	01207e63	bgeu	x0,x18,80001240	  x0:0x00000000 x18:0x80009f84
       16135000	      1612	80001228	40f15493	srai	x9,x2,0xf	  x2:0x00000000  x9=0x00000000
       16145000	      1613	8000122c	01e47193	andi	x3,x8,30	  x8:0xfffffe6a  x3=0x0000000a
       16155000	      1614	80001230	01618eb3	add	x29,x3,x22	  x3:0x0000000a x22:0x00000001 x29=0x0000000b
       16165000	      1615	80001234	007bbb33	sltu	x22,x23,x7	 x23:0x779cc000  x7:0x00000083 x22=0x00000000
       16175000	      1616	80001238	4049dc13	srai	x24,x19,0x4	 x19:0x00000000 x24=0x00000000
       16185000	      1617	8000123c	75fb4e13	xori	x28,x22,1887	 x22:0x00000000 x28=0x0000075f
       16195000	      1618	80001240	40495213	srai	x4,x18,0x4	 x18:0x80009f84  x4=0xf80009f8
       16205000	      1619	80001244	00759693	slli	x13,x11,0x7	 x11:0x00000000 x13=0x00000000
       16215000	      1620	80001248	01c0de93	srli	x29,x1,0x1c	  x1:0xf8000bfc x29=0x0000000f
       16225000	      1621	8000124c	70fd6013	ori	x0,x26,1807	 x26:0x334dd000
       16235000	      1622	80001250	001019b3	sll	x19,x0,x1	  x0:0x00000000  x1:0xf8000bfc x19=0x00000000
       16245000	      1623	80001254	d3a02593	slti	x11,x0,-710	  x0:0x00000000 x11=0x00000000
       16255000	      1624	80001258	2cb3c713	xori	x14,x7,715	  x7:0x00000083 x14=0x00000248
       16265000	      1625	8000125c	e3630213	addi	x4,x6,-458	  x6:0x00000000  x4=0xfffffe36
       16275000	      1626	80001260	9a582937	lui	x18,0x9a582	 x18=0x9a582000
       16285000	      1627	80001264	00d0bcb3	sltu	x25,x1,x13	  x1:0xf8000bfc x13:0x00000000 x25=0x00000000
       16295000	      1628	80001268	016ade63	bge	x21,x22,80001284	 x21:0x80009fc4 x22:0x00000000
       16305000	      1629	8000126c	ba4e7e93	andi	x29,x28,-1116	 x28:0x0000075f x29=0x00000304
       16315000	      1630	80001270	03d99c63	bne	x19,x29,800012a8	 x19:0x00000000 x29:0x00000304
       16325000	      1631	00000000	00000013	addi	x0,x0,0	  x0:0x00000000
       16335000	      1632	800012a4	00000013	addi	x0,x0,0	  x0:0x00000000
       16345000	      1633	800012a8	017b13b3	sll	x7,x22,x23	 x22:0x00000000 x23:0x779cc000  x7=0x00000000
       16355000	      1634	800012ac	008f9863	bne	x31,x8,800012bc	 x31:0x00000000  x8:0xfffffe6a
       16365000	      1635	00000000	00000013	addi	x0,x0,0	  x0:0x00000000
       16375000	      1636	800012b8	00000013	addi	x0,x0,0	  x0:0x00000000
       16385000	      1637	800012bc	0550f263	bgeu	x1,x21,80001300	  x1:0xf8000bfc x21:0x80009fc4
       16395000	      1638	00000000	00000013	addi	x0,x0,0	  x0:0x00000000
       16405000	      1639	800012fc	00000013	addi	x0,x0,0	  x0:0x00000000
       16415000	      1640	80001300	0177da13	srli	x20,x15,0x17	 x15:0x80009f84 x20=0x00000100
       16425000	      1641	80001304	41dd5b33	sra	x22,x26,x29	 x26:0x334dd000 x29:0x00000304 x22=0x0334dd00
       16435000	      1642	80001308	41e1d613	srai	x12,x3,0x1e	  x3:0x0000000a x12=0x00000000
       16445000	      1643	8000130c	429e3393	sltiu	x7,x28,1065	 x28:0x0000075f  x7=0x00000000
       16455000	      1644	80001310	5183dd17	auipc	x26,0x5183d	 x26=0xd183e30c
       16465000	      1645	80001314	01cc91b3	sll	x3,x25,x28	 x25:0x00000000 x28:0x0000075f  x3=0x00000000
       16475000	      1646	80001318	6cfd4d13	xori	x26,x26,1743	 x26:0xd183e30c x26=0xd183e5c3
       16485000	      1647	8000131c	414bd4b3	sra	x9,x23,x20	 x23:0x779cc000 x20:0x00000100  x9=0x779cc000
       16495000	      1648	80001320	01740cb3	add	x25,x8,x23	  x8:0xfffffe6a x23:0x779cc000 x25=0x779cbe6a
       16505000	      1649	80001324	0392d063	bge	x5,x25,80001344	  x5:0xf8000bfc x25:0x779cbe6a
       16515000	      1650	80001328	0224fc63	bgeu	x9,x2,80001360	  x9:0x779cc000  x2:0x00000000
       16525000	      1651	00000000	00000013	addi	x0,x0,0	  x0:0x00000000
       16535000	      1652	8000135c	00000013	addi	x0,x0,0	  x0:0x00000000
       16545000	      1653	80001360	00000013	addi	x0,x0,0	  x0:0x00000000
       16555000	      1654	80001364	405ed733	sra	x14,x29,x5	 x29:0x00000304  x5:0xf8000bfc x14=0x00000000
       16565000	      1655	80001368	00b34263	blt	x6,x11,8000136c	  x6:0x00000000 x11:0x00000000
       16575000	      1656	8000136c	01288733	add	x14,x17,x18	 x17:0x00000000 x18:0x9a582000 x14=0x9a582000
       16585000	      1657	80001370	00000317	auipc	x6,0x0	  x6=0x8000136c
       16595000	      1658	80001374	00c30313	addi	x6,x6,12	  x6:0x8000136c  x6=0x80001378
       16605000	      1659	80001378	00030067	jalr	x0,x6,0	  x6:0x80001378
       16615000	      1660	00000000	00000013	addi	x0,x0,0	  x0:0x00000000
       16625000	      1661	80001378	00000013	addi	x0,x0,0	  x0:0x00000000
       16635000	      1662	8000137c	00100193	addi	x3,x0,1	  x0:0x00000000  x3=0x00000001
       16645000	      1663	80001380	00000073	ecall	
       16655000	      1664	80001384	001fd463	bge	x31,x1,8000138c	 x31:0x00000000  x1:0xf8000bfc
