		Time			Cycle	PC		Insn	Decoded instruction	Register and memory contents
          65000	         5	80000004	00000293	addi	x5,x0,0	  x0:0x00000000  x5=0x00000000
          75000	         6	80000008	00000313	addi	x6,x0,0	  x0:0x00000000  x6=0x00000000
          85000	         7	8000000c	00628263	beq	x5,x6,80000010	  x5:0x00000000  x6:0x00000000
          95000	         8	00000000	00000013	addi	x0,x0,0	  x0:0x00000000
         105000	         9	8000000c	00000013	addi	x0,x0,0	  x0:0x00000000
         115000	        10	80000010	00000a97	auipc	x21,0x0	 x21=0x8000000c
         125000	        11	80000014	00ca8a93	addi	x21,x21,12	 x21:0x8000000c x21=0x80000018
         135000	        12	80000018	000a8067	jalr	x0,x21,0	 x21:0x80000018
         145000	        13	00000000	00000013	addi	x0,x0,0	  x0:0x00000000
         155000	        14	80000018	00000013	addi	x0,x0,0	  x0:0x00000000
         165000	        15	8000001c	40000a37	lui	x20,0x40000	 x20=0x40000000
         175000	        16	80000020	100a0a13	addi	x20,x20,256	 x20:0x40000000 x20=0x40000100
         185000	        17	80000024	00000013	addi	x0,x0,0	  x0:0x00000000
         195000	        18	80000028	0000a317	auipc	x6,0xa	  x6=0x8000a024
         205000	        19	8000002c	fa030313	addi	x6,x6,-96	  x6:0x8000a024  x6=0x80009fc4
         215000	        20	80000030	00003a17	auipc	x20,0x3	 x20=0x8000302c
         225000	        21	80000034	f8ca0a13	addi	x20,x20,-116	 x20:0x8000302c x20=0x80002fb8
         235000	        22	80000038	000a6a13	ori	x20,x20,0	 x20:0x80002fb8 x20=0x80002fb8
         245000	        23	8000003c	00000013	addi	x0,x0,0	  x0:0x00000000
         255000	        24	80000040	00000a17	auipc	x20,0x0	 x20=0x8000003c
         265000	        25	80000044	020a0a13	addi	x20,x20,32	 x20:0x8000003c x20=0x8000005c
         275000	        26	80000048	00000013	addi	x0,x0,0	  x0:0x00000000
         285000	        27	8000004c	00000013	addi	x0,x0,0	  x0:0x00000000
         295000	        28	80000050	00002a37	lui	x20,0x2	 x20=0x00002000
         305000	        29	80000054	800a0a13	addi	x20,x20,-2048	 x20:0x00002000 x20=0x00001800
         315000	        30	80000058	00000013	addi	x0,x0,0	  x0:0x00000000
         325000	        31	8000005c	00000013	addi	x0,x0,0	  x0:0x00000000
         335000	        32	80000060	15d66037	lui	x0,0x15d66	
         345000	        33	80000064	dd500013	addi	x0,x0,-555	  x0:0x00000000
         355000	        34	80000068	29bff0b7	lui	x1,0x29bff	  x1=0x29bff000
         365000	        35	8000006c	1ab08093	addi	x1,x1,427	  x1:0x29bff000  x1=0x29bff1ab
         375000	        36	80000070	00100113	addi	x2,x0,1	  x0:0x00000000  x2=0x00000001
         385000	        37	80000074	c16f41b7	lui	x3,0xc16f4	  x3=0xc16f4000
         395000	        38	80000078	a5918193	addi	x3,x3,-1447	  x3:0xc16f4000  x3=0xc16f3a59
         405000	        39	8000007c	f1bb3237	lui	x4,0xf1bb3	  x4=0xf1bb3000
         415000	        40	80000080	6bc20213	addi	x4,x4,1724	  x4:0xf1bb3000  x4=0xf1bb36bc
         425000	        41	80000084	00e00293	addi	x5,x0,14	  x0:0x00000000  x5=0x0000000e
         435000	        42	80000088	33a1c3b7	lui	x7,0x33a1c	  x7=0x33a1c000
         445000	        43	8000008c	00638393	addi	x7,x7,6	  x7:0x33a1c000  x7=0x33a1c006
         455000	        44	80000090	80000437	lui	x8,0x80000	  x8=0x80000000
         465000	        45	80000094	9f5d04b7	lui	x9,0x9f5d0	  x9=0x9f5d0000
         475000	        46	80000098	71f48493	addi	x9,x9,1823	  x9:0x9f5d0000  x9=0x9f5d071f
         485000	        47	8000009c	f2be7537	lui	x10,0xf2be7	 x10=0xf2be7000
         495000	        48	800000a0	b3a50513	addi	x10,x10,-1222	 x10:0xf2be7000 x10=0xf2be6b3a
         505000	        49	800000a4	00000593	addi	x11,x0,0	  x0:0x00000000 x11=0x00000000
         515000	        50	800000a8	00000613	addi	x12,x0,0	  x0:0x00000000 x12=0x00000000
         525000	        51	800000ac	00a00693	addi	x13,x0,10	  x0:0x00000000 x13=0x0000000a
         535000	        52	800000b0	3644a737	lui	x14,0x3644a	 x14=0x3644a000
         545000	        53	800000b4	6c270713	addi	x14,x14,1730	 x14:0x3644a000 x14=0x3644a6c2
         555000	        54	800000b8	800007b7	lui	x15,0x80000	 x15=0x80000000
         565000	        55	800000bc	80000837	lui	x16,0x80000	 x16=0x80000000
         575000	        56	800000c0	f322e8b7	lui	x17,0xf322e	 x17=0xf322e000
         585000	        57	800000c4	a2e88893	addi	x17,x17,-1490	 x17:0xf322e000 x17=0xf322da2e
         595000	        58	800000c8	50275937	lui	x18,0x50275	 x18=0x50275000
         605000	        59	800000cc	f3f90913	addi	x18,x18,-193	 x18:0x50275000 x18=0x50274f3f
         615000	        60	800000d0	00700a13	addi	x20,x0,7	  x0:0x00000000 x20=0x00000007
         625000	        61	800000d4	f9c6aab7	lui	x21,0xf9c6a	 x21=0xf9c6a000
         635000	        62	800000d8	2f7a8a93	addi	x21,x21,759	 x21:0xf9c6a000 x21=0xf9c6a2f7
         645000	        63	800000dc	00000b13	addi	x22,x0,0	  x0:0x00000000 x22=0x00000000
         655000	        64	800000e0	521a5bb7	lui	x23,0x521a5	 x23=0x521a5000
         665000	        65	800000e4	2b3b8b93	addi	x23,x23,691	 x23:0x521a5000 x23=0x521a52b3
         675000	        66	800000e8	c938ac37	lui	x24,0xc938a	 x24=0xc938a000
         685000	        67	800000ec	ec8c0c13	addi	x24,x24,-312	 x24:0xc938a000 x24=0xc9389ec8
         695000	        68	800000f0	80000cb7	lui	x25,0x80000	 x25=0x80000000
         705000	        69	800000f4	00000d13	addi	x26,x0,0	  x0:0x00000000 x26=0x00000000
         715000	        70	800000f8	80000db7	lui	x27,0x80000	 x27=0x80000000
         725000	        71	800000fc	00000e13	addi	x28,x0,0	  x0:0x00000000 x28=0x00000000
         735000	        72	80000100	8a938eb7	lui	x29,0x8a938	 x29=0x8a938000
         745000	        73	80000104	aa3e8e93	addi	x29,x29,-1373	 x29:0x8a938000 x29=0x8a937aa3
         755000	        74	80000108	00000f13	addi	x30,x0,0	  x0:0x00000000 x30=0x00000000
         765000	        75	8000010c	76f38fb7	lui	x31,0x76f38	 x31=0x76f38000
         775000	        76	80000110	ab9f8f93	addi	x31,x31,-1351	 x31:0x76f38000 x31=0x76f37ab9
         785000	        77	80000114	0000a997	auipc	x19,0xa	 x19=0x8000a110
         795000	        78	80000118	e7498993	addi	x19,x19,-396	 x19:0x8000a110 x19=0x80009f84
         805000	        79	8000011c	ffa00513	addi	x10,x0,-6	  x0:0x00000000 x10=0xfffffffa
         815000	        80	80000120	01361093	slli	x1,x12,0x13	 x12:0x00000000  x1=0x00000000
         825000	        81	80000124	ffe00613	addi	x12,x0,-2	  x0:0x00000000 x12=0xfffffffe
         835000	        82	80000128	00b14233	xor	x4,x2,x11	  x2:0x00000001 x11:0x00000000  x4=0x00000001
         845000	        83	8000012c	00cebcb3	sltu	x25,x29,x12	 x29:0x8a937aa3 x12:0xfffffffe x25=0x00000001
         855000	        84	80000130	015bd693	srli	x13,x23,0x15	 x23:0x521a52b3 x13=0x00000290
         865000	        85	80000134	44fa0813	addi	x16,x20,1103	 x20:0x00000007 x16=0x00000456
         875000	        86	80000138	00750513	addi	x10,x10,7	 x10:0xfffffffa x10=0x00000001
         885000	        87	8000013c	fec546e3	blt	x10,x12,80000128	 x10:0x00000001 x12:0xfffffffe
         895000	        88	80000140	016f6933	or	x18,x30,x22	 x30:0x00000000 x22:0x00000000 x18=0x00000000
         905000	        89	80000144	1d6e6a37	lui	x20,0x1d6e6	 x20=0x1d6e6000
         915000	        90	80000148	01021393	slli	x7,x4,0x10	  x4:0x00000001  x7=0x00010000
         925000	        91	8000014c	012e9833	sll	x16,x29,x18	 x29:0x8a937aa3 x18:0x00000000 x16=0x8a937aa3
         935000	        92	80000150	0999c263	blt	x19,x25,800001d4	 x19:0x80009f84 x25:0x00000001
         945000	        93	00000000	00000013	addi	x0,x0,0	  x0:0x00000000
         955000	        94	800001d0	00000013	addi	x0,x0,0	  x0:0x00000000
         965000	        95	800001d4	000a7263	bgeu	x20,x0,800001d8	 x20:0x1d6e6000  x0:0x00000000
         975000	        96	00000000	00000013	addi	x0,x0,0	  x0:0x00000000
         985000	        97	800001d4	00000013	addi	x0,x0,0	  x0:0x00000000
         995000	        98	800001d8	00000013	addi	x0,x0,0	  x0:0x00000000
        1005000	        99	800001dc	01a48b33	add	x22,x9,x26	  x9:0x9f5d071f x26:0x00000000 x22=0x9f5d071f
        1015000	       100	800001e0	01561f33	sll	x30,x12,x21	 x12:0xfffffffe x21:0xf9c6a2f7 x30=0xff000000
        1025000	       101	800001e4	01260c63	beq	x12,x18,800001fc	 x12:0xfffffffe x18:0x00000000
        1035000	       102	800001e8	0363dc63	bge	x7,x22,80000220	  x7:0x00010000 x22:0x9f5d071f
        1045000	       103	00000000	00000013	addi	x0,x0,0	  x0:0x00000000
        1055000	       104	8000021c	00000013	addi	x0,x0,0	  x0:0x00000000
        1065000	       105	80000220	40220233	sub	x4,x4,x2	  x4:0x00000001  x2:0x00000001  x4=0x00000000
        1075000	       106	80000224	00a0d913	srli	x18,x1,0xa	  x1:0x00000000 x18=0x00000000
        1085000	       107	80000228	00000a97	auipc	x21,0x0	 x21=0x80000224
        1095000	       108	8000022c	00ca8a93	addi	x21,x21,12	 x21:0x80000224 x21=0x80000230
        1105000	       109	80000230	000a8067	jalr	x0,x21,0	 x21:0x80000230
        1115000	       110	00000000	00000013	addi	x0,x0,0	  x0:0x00000000
        1125000	       111	80000230	00000013	addi	x0,x0,0	  x0:0x00000000
        1135000	       112	80000234	00100193	addi	x3,x0,1	  x0:0x00000000  x3=0x00000001
        1145000	       113	80000238	00000073	ecall	
        1155000	       114	8000023c	3b686d93	ori	x27,x16,950	 x16:0x8a937aa3 x27=0x8a937bb7
