		Time			Cycle	PC		Insn	Decoded instruction	Register and memory contents
          65000	         5	80000004	00000293	addi	x5,x0,0	  x0:0x00000000  x5=0x00000000
          75000	         6	80000008	00000313	addi	x6,x0,0	  x0:0x00000000  x6=0x00000000
          85000	         7	8000000c	00628263	beq	x5,x6,80000010	  x5:0x00000000  x6:0x00000000
          95000	         8	00000000	00000013	addi	x0,x0,0	  x0:0x00000000
         105000	         9	8000000c	00000013	addi	x0,x0,0	  x0:0x00000000
         115000	        10	80000010	00000e17	auipc	x28,0x0	 x28=0x8000000c
         125000	        11	80000014	00ce0e13	addi	x28,x28,12	 x28:0x8000000c x28=0x80000018
         135000	        12	80000018	000e0067	jalr	x0,x28,0	 x28:0x80000018
         145000	        13	00000000	00000013	addi	x0,x0,0	  x0:0x00000000
         155000	        14	80000018	00000013	addi	x0,x0,0	  x0:0x00000000
         165000	        15	8000001c	40000ab7	lui	x21,0x40000	 x21=0x40000000
         175000	        16	80000020	100a8a93	addi	x21,x21,256	 x21:0x40000000 x21=0x40000100
         185000	        17	80000024	00000013	addi	x0,x0,0	  x0:0x00000000
         195000	        18	80000028	0000a817	auipc	x16,0xa	 x16=0x8000a024
         205000	        19	8000002c	fa080813	addi	x16,x16,-96	 x16:0x8000a024 x16=0x80009fc4
         215000	        20	80000030	00003a97	auipc	x21,0x3	 x21=0x8000302c
         225000	        21	80000034	604a8a93	addi	x21,x21,1540	 x21:0x8000302c x21=0x80003630
         235000	        22	80000038	001aea93	ori	x21,x21,1	 x21:0x80003630 x21=0x80003631
         245000	        23	8000003c	00000013	addi	x0,x0,0	  x0:0x00000000
         255000	        24	80000040	00000a97	auipc	x21,0x0	 x21=0x8000003c
         265000	        25	80000044	020a8a93	addi	x21,x21,32	 x21:0x8000003c x21=0x8000005c
         275000	        26	80000048	00000013	addi	x0,x0,0	  x0:0x00000000
         285000	        27	8000004c	00000013	addi	x0,x0,0	  x0:0x00000000
         295000	        28	80000050	00002ab7	lui	x21,0x2	 x21=0x00002000
         305000	        29	80000054	800a8a93	addi	x21,x21,-2048	 x21:0x00002000 x21=0x00001800
         315000	        30	80000058	00000013	addi	x0,x0,0	  x0:0x00000000
         325000	        31	8000005c	00000013	addi	x0,x0,0	  x0:0x00000000
         335000	        32	80000060	00c00013	addi	x0,x0,12	  x0:0x00000000
         345000	        33	80000064	00700093	addi	x1,x0,7	  x0:0x00000000  x1=0x00000007
         355000	        34	80000068	80000137	lui	x2,0x80000	  x2=0x80000000
         365000	        35	8000006c	c02df1b7	lui	x3,0xc02df	  x3=0xc02df000
         375000	        36	80000070	b4518193	addi	x3,x3,-1211	  x3:0xc02df000  x3=0xc02deb45
         385000	        37	80000074	f52e5237	lui	x4,0xf52e5	  x4=0xf52e5000
         395000	        38	80000078	f6f20213	addi	x4,x4,-145	  x4:0xf52e5000  x4=0xf52e4f6f
         405000	        39	8000007c	800002b7	lui	x5,0x80000	  x5=0x80000000
         415000	        40	80000080	00000313	addi	x6,x0,0	  x0:0x00000000  x6=0x00000000
         425000	        41	80000084	f69de3b7	lui	x7,0xf69de	  x7=0xf69de000
         435000	        42	80000088	8a338393	addi	x7,x7,-1885	  x7:0xf69de000  x7=0xf69dd8a3
         445000	        43	8000008c	00900413	addi	x8,x0,9	  x0:0x00000000  x8=0x00000009
         455000	        44	80000090	cb1424b7	lui	x9,0xcb142	  x9=0xcb142000
         465000	        45	80000094	60348493	addi	x9,x9,1539	  x9:0xcb142000  x9=0xcb142603
         475000	        46	80000098	57be9537	lui	x10,0x57be9	 x10=0x57be9000
         485000	        47	8000009c	17750513	addi	x10,x10,375	 x10:0x57be9000 x10=0x57be9177
         495000	        48	800000a0	ff4315b7	lui	x11,0xff431	 x11=0xff431000
         505000	        49	800000a4	04d58593	addi	x11,x11,77	 x11:0xff431000 x11=0xff43104d
         515000	        50	800000a8	d954b637	lui	x12,0xd954b	 x12=0xd954b000
         525000	        51	800000ac	bb360613	addi	x12,x12,-1101	 x12:0xd954b000 x12=0xd954abb3
         535000	        52	800000b0	00000693	addi	x13,x0,0	  x0:0x00000000 x13=0x00000000
         545000	        53	800000b4	00900713	addi	x14,x0,9	  x0:0x00000000 x14=0x00000009
         555000	        54	800000b8	800007b7	lui	x15,0x80000	 x15=0x80000000
         565000	        55	800000bc	80000937	lui	x18,0x80000	 x18=0x80000000
         575000	        56	800000c0	00000993	addi	x19,x0,0	  x0:0x00000000 x19=0x00000000
         585000	        57	800000c4	f8601a37	lui	x20,0xf8601	 x20=0xf8601000
         595000	        58	800000c8	ac6a0a13	addi	x20,x20,-1338	 x20:0xf8601000 x20=0xf8600ac6
         605000	        59	800000cc	abebbab7	lui	x21,0xabebb	 x21=0xabebb000
         615000	        60	800000d0	bdda8a93	addi	x21,x21,-1059	 x21:0xabebb000 x21=0xabebabdd
         625000	        61	800000d4	80000b37	lui	x22,0x80000	 x22=0x80000000
         635000	        62	800000d8	00d00b93	addi	x23,x0,13	  x0:0x00000000 x23=0x0000000d
         645000	        63	800000dc	f442bc37	lui	x24,0xf442b	 x24=0xf442b000
         655000	        64	800000e0	7a7c0c13	addi	x24,x24,1959	 x24:0xf442b000 x24=0xf442b7a7
         665000	        65	800000e4	f84decb7	lui	x25,0xf84de	 x25=0xf84de000
         675000	        66	800000e8	e00c8c93	addi	x25,x25,-512	 x25:0xf84de000 x25=0xf84dde00
         685000	        67	800000ec	041f8d37	lui	x26,0x41f8	 x26=0x041f8000
         695000	        68	800000f0	46dd0d13	addi	x26,x26,1133	 x26:0x041f8000 x26=0x041f846d
         705000	        69	800000f4	f2fa3db7	lui	x27,0xf2fa3	 x27=0xf2fa3000
         715000	        70	800000f8	272d8d93	addi	x27,x27,626	 x27:0xf2fa3000 x27=0xf2fa3272
         725000	        71	800000fc	80000e37	lui	x28,0x80000	 x28=0x80000000
         735000	        72	80000100	80000eb7	lui	x29,0x80000	 x29=0x80000000
         745000	        73	80000104	00000f13	addi	x30,x0,0	  x0:0x00000000 x30=0x00000000
         755000	        74	80000108	b12a3fb7	lui	x31,0xb12a3	 x31=0xb12a3000
         765000	        75	8000010c	35ff8f93	addi	x31,x31,863	 x31:0xb12a3000 x31=0xb12a335f
         775000	        76	80000110	0000a897	auipc	x17,0xa	 x17=0x8000a10c
         785000	        77	80000114	e7888893	addi	x17,x17,-392	 x17:0x8000a10c x17=0x80009f84
         795000	        78	80000118	00000013	addi	x0,x0,0	  x0:0x00000000
         805000	        79	8000011c	51b6cf93	xori	x31,x13,1307	 x13:0x00000000 x31=0x0000051b
         815000	        80	80000120	01a6f3b3	and	x7,x13,x26	 x13:0x00000000 x26:0x041f846d  x7=0x00000000
         825000	        81	80000124	fc4ac513	xori	x10,x21,-60	 x21:0xabebabdd x10=0x54145419
         835000	        82	80000128	00002e97	auipc	x29,0x2	 x29=0x80002124
         845000	        83	8000012c	fc0e8e93	addi	x29,x29,-64	 x29:0x80002124 x29=0x800020e4
         855000	        84	80000130	01dacab3	xor	x21,x21,x29	 x21:0xabebabdd x29:0x800020e4 x21=0x2beb8b39
         865000	        85	80000134	0e4e8e93	addi	x29,x29,228	 x29:0x800020e4 x29=0x800021c8
         875000	        86	80000138	00000013	addi	x0,x0,0	  x0:0x00000000
         885000	        87	8000013c	01c98d33	add	x26,x19,x28	 x19:0x00000000 x28:0x80000000 x26=0x80000000
         895000	        88	80000140	f1de8367	jalr	x6,x29,-227	 x29:0x800021c8  x6=0x80000140
         905000	        89	00000000	00000013	addi	x0,x0,0	  x0:0x00000000
         915000	        90	800020e4	00000013	addi	x0,x0,0	  x0:0x00000000
         925000	        91	800020e8	01aae263	bltu	x21,x26,800020ec	 x21:0x2beb8b39 x26:0x80000000
         935000	        92	00000000	00000013	addi	x0,x0,0	  x0:0x00000000
         945000	        93	800020e8	00000013	addi	x0,x0,0	  x0:0x00000000
         955000	        94	800020ec	fc488893	addi	x17,x17,-60	 x17:0x80009f84 x17=0x80009f48
         965000	        95	800020f0	00bb4133	xor	x2,x22,x11	 x22:0x80000000 x11:0xff43104d  x2=0x7f43104d
         975000	        96	800020f4	49992513	slti	x10,x18,1177	 x18:0x80000000 x10=0x00000001
         985000	        97	800020f8	0068a223	sw	x6,4(x17)	 x17:0x80009f48  x6:0x80000140 PA:0x80009f4c
         995000	        98	800020fc	a97a6213	ori	x4,x20,-1385	 x20:0xf8600ac6  x4=0xfffffad7
        1005000	        99	80002100	01495693	srli	x13,x18,0x14	 x18:0x80000000 x13=0x00000800
        1015000	       100	80002104	6fb8ce93	xori	x29,x17,1787	 x17:0x80009f48 x29=0x800099b3
        1025000	       101	80002108	00c78bb3	add	x23,x15,x12	 x15:0x80000000 x12:0xd954abb3 x23=0x5954abb3
        1035000	       102	8000210c	01b1d933	srl	x18,x3,x27	  x3:0xc02deb45 x27:0xf2fa3272 x18=0x0000300b
        1045000	       103	80002110	00dce9b3	or	x19,x25,x13	 x25:0xf84dde00 x13:0x00000800 x19=0xf84dde00
        1055000	       104	80002114	00b85733	srl	x14,x16,x11	 x16:0x80009fc4 x11:0xff43104d x14=0x00040004
        1065000	       105	80002118	4ee70e93	addi	x29,x14,1262	 x14:0x00040004 x29=0x000404f2
        1075000	       106	8000211c	a0564393	xori	x7,x12,-1531	 x12:0xd954abb3  x7=0x26ab51b6
        1085000	       107	80002120	3bed6513	ori	x10,x26,958	 x26:0x80000000 x10=0x800003be
        1095000	       108	80002124	012c7863	bgeu	x24,x18,80002134	 x24:0xf442b7a7 x18:0x0000300b
        1105000	       109	00000000	00000013	addi	x0,x0,0	  x0:0x00000000
        1115000	       110	80002130	00000013	addi	x0,x0,0	  x0:0x00000000
        1125000	       111	80002134	9c4ff36f	jal	x6,80002134	  x6=0x80002134
        1135000	       112	00000000	00000013	addi	x0,x0,0	  x0:0x00000000
        1145000	       113	800012f4	00000013	addi	x0,x0,0	  x0:0x00000000
        1155000	       114	800012f8	01587a33	and	x20,x16,x21	 x16:0x80009fc4 x21:0x2beb8b39 x20=0x00008b00
        1165000	       115	800012fc	00b4acb3	slt	x25,x9,x11	  x9:0xcb142603 x11:0xff43104d x25=0x00000001
        1175000	       116	80001300	015a4033	xor	x0,x20,x21	 x20:0x00008b00 x21:0x2beb8b39
        1185000	       117	80001304	01d71463	bne	x14,x29,8000130c	 x14:0x00040004 x29:0x000404f2
        1195000	       118	00000000	00000013	addi	x0,x0,0	  x0:0x00000000
        1205000	       119	80001308	00000013	addi	x0,x0,0	  x0:0x00000000
        1215000	       120	8000130c	fd888893	addi	x17,x17,-40	 x17:0x80009f48 x17=0x80009f20
        1225000	       121	80001310	014852b3	srl	x5,x16,x20	 x16:0x80009fc4 x20:0x00008b00  x5=0x80009fc4
        1235000	       122	80001314	5eb0ac13	slti	x24,x1,1515	  x1:0x00000007 x24=0x00000001
        1245000	       123	80001318	0068a223	sw	x6,4(x17)	 x17:0x80009f20  x6:0x80002134 PA:0x80009f24
        1255000	       124	8000131c	f1535537	lui	x10,0xf1535	 x10=0xf1535000
        1265000	       125	80001320	00800313	addi	x6,x0,8	  x0:0x00000000  x6=0x00000008
        1275000	       126	80001324	01c00233	add	x4,x0,x28	  x0:0x00000000 x28:0x80000000  x4=0x80000000
        1285000	       127	80001328	01ecd6b3	srl	x13,x25,x30	 x25:0x00000001 x30:0x00000000 x13=0x00000001
        1295000	       128	8000132c	00115293	srli	x5,x2,0x1	  x2:0x7f43104d  x5=0x3fa18826
        1305000	       129	80001330	002e92b3	sll	x5,x29,x2	 x29:0x000404f2  x2:0x7f43104d  x5=0x809e4000
        1315000	       130	80001334	00000013	addi	x0,x0,0	  x0:0x00000000
        1325000	       131	80001338	008de7b3	or	x15,x27,x8	 x27:0xf2fa3272  x8:0x00000009 x15=0xf2fa327b
        1335000	       132	8000133c	00e00f13	addi	x30,x0,14	  x0:0x00000000 x30=0x0000000e
        1345000	       133	80001340	606a9737	lui	x14,0x606a9	 x14=0x606a9000
        1355000	       134	80001344	00000013	addi	x0,x0,0	  x0:0x00000000
        1365000	       135	80001348	40d507b3	sub	x15,x10,x13	 x10:0xf1535000 x13:0x00000001 x15=0xf1534fff
        1375000	       136	8000134c	01383db3	sltu	x27,x16,x19	 x16:0x80009fc4 x19:0xf84dde00 x27=0x00000001
        1385000	       137	80001350	002e5633	srl	x12,x28,x2	 x28:0x80000000  x2:0x7f43104d x12=0x00040000
        1395000	       138	80001354	00230313	addi	x6,x6,2	  x6:0x00000008  x6=0x0000000a
        1405000	       139	80001358	01a85093	srli	x1,x16,0x1a	 x16:0x80009fc4  x1=0x00000020
        1415000	       140	8000135c	0081c133	xor	x2,x3,x8	  x3:0xc02deb45  x8:0x00000009  x2=0xc02deb4c
        1425000	       141	80001360	00e09c13	slli	x24,x1,0xe	  x1:0x00000020 x24=0x00080000
        1435000	       142	80001364	018cc733	xor	x14,x25,x24	 x25:0x00000001 x24:0x00080000 x14=0x00080001
        1445000	       143	80001368	01843bb3	sltu	x23,x8,x24	  x8:0x00000009 x24:0x00080000 x23=0x00000001
        1455000	       144	8000136c	a613b213	sltiu	x4,x7,-1439	  x7:0x26ab51b6  x4=0x00000001
        1465000	       145	80001370	fde30ae3	beq	x6,x30,80001344	  x6:0x0000000a x30:0x0000000e
        1475000	       146	80001374	4101dbb3	sra	x23,x3,x16	  x3:0xc02deb45 x16:0x80009fc4 x23=0xfc02deb4
        1485000	       147	80001378	00400b93	addi	x23,x0,4	  x0:0x00000000 x23=0x00000004
        1495000	       148	8000137c	95cca297	auipc	x5,0x95cca	  x5=0x15ccb378
        1505000	       149	80001380	f7eef493	andi	x9,x29,-130	 x29:0x000404f2  x9=0x00040472
        1515000	       150	80001384	00500093	addi	x1,x0,5	  x0:0x00000000  x1=0x00000005
        1525000	       151	80001388	65e26993	ori	x19,x4,1630	  x4:0x00000001 x19=0x0000065f
        1535000	       152	8000138c	00442533	slt	x10,x8,x4	  x8:0x00000009  x4:0x00000001 x10=0x00000000
        1545000	       153	80001390	00069513	slli	x10,x13,0x0	 x13:0x00000001 x10=0x00000001
        1555000	       154	80001394	00963933	sltu	x18,x12,x9	 x12:0x00040000  x9:0x00040472 x18=0x00000001
        1565000	       155	80001398	001b8b93	addi	x23,x23,1	 x23:0x00000004 x23=0x00000005
        1575000	       156	8000139c	011194b3	sll	x9,x3,x17	  x3:0xc02deb45 x17:0x80009f20  x9=0xc02deb45
        1585000	       157	800013a0	410189b3	sub	x19,x3,x16	  x3:0xc02deb45 x16:0x80009fc4 x19=0x402d4b81
        1595000	       158	800013a4	00a00a13	addi	x20,x0,10	  x0:0x00000000 x20=0x0000000a
        1605000	       159	800013a8	00a00e93	addi	x29,x0,10	  x0:0x00000000 x29=0x0000000a
        1615000	       160	800013ac	414ed7b3	sra	x15,x29,x20	 x29:0x0000000a x20:0x0000000a x15=0x00000000
        1625000	       161	800013b0	01ea0c33	add	x24,x20,x30	 x20:0x0000000a x30:0x0000000e x24=0x00000018
        1635000	       162	800013b4	c9fd3c93	sltiu	x25,x26,-865	 x26:0x80000000 x25=0x00000001
        1645000	       163	800013b8	ff7a0a13	addi	x20,x20,-9	 x20:0x0000000a x20=0x00000001
        1655000	       164	800013bc	01a58493	addi	x9,x11,26	 x11:0xff43104d  x9=0xff431067
        1665000	       165	800013c0	ffda78e3	bgeu	x20,x29,800013b0	 x20:0x00000001 x29:0x0000000a
        1675000	       166	800013c4	fc1bc4e3	blt	x23,x1,8000138c	 x23:0x00000005  x1:0x00000005
        1685000	       167	800013c8	004a92b3	sll	x5,x21,x4	 x21:0x2beb8b39  x4:0x00000001  x5=0x57d71672
        1695000	       168	800013cc	ff900b13	addi	x22,x0,-7	  x0:0x00000000 x22=0xfffffff9
        1705000	       169	800013d0	01963233	sltu	x4,x12,x25	 x12:0x00040000 x25:0x00000001  x4=0x00000000
        1715000	       170	800013d4	00b97db3	and	x27,x18,x11	 x18:0x00000001 x11:0xff43104d x27=0x00000001
        1725000	       171	800013d8	01fde1b3	or	x3,x27,x31	 x27:0x00000001 x31:0x0000051b  x3=0x0000051b
        1735000	       172	800013dc	00265293	srli	x5,x12,0x2	 x12:0x00040000  x5=0x00010000
        1745000	       173	800013e0	418a8233	sub	x4,x21,x24	 x21:0x2beb8b39 x24:0x00000018  x4=0x2beb8b21
        1755000	       174	800013e4	615ea793	slti	x15,x29,1557	 x29:0x0000000a x15=0x00000001
        1765000	       175	800013e8	0185a433	slt	x8,x11,x24	 x11:0xff43104d x24:0x00000018  x8=0x00000001
        1775000	       176	800013ec	7cc37d93	andi	x27,x6,1996	  x6:0x0000000a x27=0x00000008
        1785000	       177	800013f0	fef00f93	addi	x31,x0,-17	  x0:0x00000000 x31=0xffffffef
        1795000	       178	800013f4	012c0ab3	add	x21,x24,x18	 x24:0x00000018 x18:0x00000001 x21=0x00000019
        1805000	       179	800013f8	541da1b7	lui	x3,0x541da	  x3=0x541da000
        1815000	       180	800013fc	013ba033	slt	x0,x23,x19	 x23:0x00000005 x19:0x402d4b81
        1825000	       181	80001400	ff8b0b13	addi	x22,x22,-8	 x22:0xfffffff9 x22=0xfffffff1
        1835000	       182	80001404	c6a6b037	lui	x0,0xc6a6b	
        1845000	       183	80001408	efc87213	andi	x4,x16,-260	 x16:0x80009fc4  x4=0x80009ec4
        1855000	       184	8000140c	415cdb93	srai	x23,x25,0x15	 x25:0x00000001 x23=0x00000000
        1865000	       185	80001410	fffb52e3	bge	x22,x31,800013f4	 x22:0xfffffff1 x31:0xffffffef
        1875000	       186	00000000	00000013	addi	x0,x0,0	  x0:0x00000000
        1885000	       187	800013f0	00000013	addi	x0,x0,0	  x0:0x00000000
        1895000	       188	800013f4	012c0ab3	add	x21,x24,x18	 x24:0x00000018 x18:0x00000001 x21=0x00000019
        1905000	       189	800013f8	541da1b7	lui	x3,0x541da	  x3=0x541da000
        1915000	       190	800013fc	013ba033	slt	x0,x23,x19	 x23:0x00000000 x19:0x402d4b81
        1925000	       191	80001400	ff8b0b13	addi	x22,x22,-8	 x22:0xfffffff1 x22=0xffffffe9
        1935000	       192	80001404	c6a6b037	lui	x0,0xc6a6b	
        1945000	       193	80001408	efc87213	andi	x4,x16,-260	 x16:0x80009fc4  x4=0x80009ec4
        1955000	       194	8000140c	415cdb93	srai	x23,x25,0x15	 x25:0x00000001 x23=0x00000000
        1965000	       195	80001410	fffb52e3	bge	x22,x31,800013f4	 x22:0xffffffe9 x31:0xffffffef
        1975000	       196	80001414	00000013	addi	x0,x0,0	  x0:0x00000000
        1985000	       197	80001418	00a00713	addi	x14,x0,10	  x0:0x00000000 x14=0x0000000a
        1995000	       198	8000141c	41e58b33	sub	x22,x11,x30	 x11:0xff43104d x30:0x0000000e x22=0xff43103f
        2005000	       199	80001420	01775b33	srl	x22,x14,x23	 x14:0x0000000a x23:0x00000000 x22=0x0000000a
        2015000	       200	80001424	0023b2b3	sltu	x5,x7,x2	  x7:0x26ab51b6  x2:0xc02deb4c  x5=0x00000001
        2025000	       201	80001428	00a00993	addi	x19,x0,10	  x0:0x00000000 x19=0x0000000a
        2035000	       202	8000142c	415c5f13	srai	x30,x24,0x15	 x24:0x00000018 x30=0x00000000
        2045000	       203	80001430	80c286b7	lui	x13,0x80c28	 x13=0x80c28000
        2055000	       204	80001434	ff970713	addi	x14,x14,-7	 x14:0x0000000a x14=0x00000003
        2065000	       205	80001438	01921113	slli	x2,x4,0x19	  x4:0x80009ec4  x2=0x88000000
        2075000	       206	8000143c	002ef933	and	x18,x29,x2	 x29:0x0000000a  x2:0x88000000 x18=0x00000000
        2085000	       207	80001440	00000013	addi	x0,x0,0	  x0:0x00000000
        2095000	       208	80001444	df123093	sltiu	x1,x4,-527	  x4:0x80009ec4  x1=0x00000001
        2105000	       209	80001448	41a2d6b3	sra	x13,x5,x26	  x5:0x00000001 x26:0x80000000 x13=0x00000001
        2115000	       210	8000144c	96b58c93	addi	x25,x11,-1685	 x11:0xff43104d x25=0xff4309b8
        2125000	       211	80001450	ff3770e3	bgeu	x14,x19,80001430	 x14:0x00000003 x19:0x0000000a
        2135000	       212	80001454	9fa51d17	auipc	x26,0x9fa51	 x26=0x1fa52450
        2145000	       213	80001458	ff900b93	addi	x23,x0,-7	  x0:0x00000000 x23=0xfffffff9
        2155000	       214	8000145c	68b86413	ori	x8,x16,1675	 x16:0x80009fc4  x8=0x80009fcf
        2165000	       215	80001460	01200713	addi	x14,x0,18	  x0:0x00000000 x14=0x00000012
        2175000	       216	80001464	414e51b3	sra	x3,x28,x20	 x28:0x80000000 x20:0x00000001  x3=0xc0000000
        2185000	       217	80001468	d4540093	addi	x1,x8,-699	  x8:0x80009fcf  x1=0x80009d14
        2195000	       218	8000146c	b3cc3113	sltiu	x2,x24,-1220	 x24:0x00000018  x2=0x00000001
        2205000	       219	80001470	002b8b93	addi	x23,x23,2	 x23:0xfffffff9 x23=0xfffffffb
        2215000	       220	80001474	4173df93	srai	x31,x7,0x17	  x7:0x26ab51b6 x31=0x0000004d
        2225000	       221	80001478	4fbc8913	addi	x18,x25,1275	 x25:0xff4309b8 x18=0xff430eb3
        2235000	       222	8000147c	feebe8e3	bltu	x23,x14,8000146c	 x23:0xfffffffb x14:0x00000012
        2245000	       223	80001480	00fe1493	slli	x9,x28,0xf	 x28:0x80000000  x9=0x00000000
        2255000	       224	80001484	ffb00f13	addi	x30,x0,-5	  x0:0x00000000 x30=0xfffffffb
        2265000	       225	80001488	fef00413	addi	x8,x0,-17	  x0:0x00000000  x8=0xffffffef
        2275000	       226	8000148c	1b61eb13	ori	x22,x3,438	  x3:0xc0000000 x22=0xc00001b6
        2285000	       227	80001490	2334cf97	auipc	x31,0x2334c	 x31=0xa334d48c
        2295000	       228	80001494	017f80b3	add	x1,x31,x23	 x31:0xa334d48c x23:0xfffffffb  x1=0xa334d487
        2305000	       229	80001498	41b38cb3	sub	x25,x7,x27	  x7:0x26ab51b6 x27:0x00000008 x25=0x26ab51ae
        2315000	       230	8000149c	011fd3b3	srl	x7,x31,x17	 x31:0xa334d48c x17:0x80009f20  x7=0xa334d48c
        2325000	       231	800014a0	ffaf0f13	addi	x30,x30,-6	 x30:0xfffffffb x30=0xfffffff5
        2335000	       232	800014a4	87affe93	andi	x29,x31,-1926	 x31:0xa334d48c x29=0xa334d008
        2345000	       233	800014a8	00161033	sll	x0,x12,x1	 x12:0x00040000  x1:0xa334d487
        2355000	       234	800014ac	fe8f16e3	bne	x30,x8,80001498	 x30:0xfffffff5  x8:0xffffffef
        2365000	       235	00000000	00000013	addi	x0,x0,0	  x0:0x00000000
        2375000	       236	80001494	00000013	addi	x0,x0,0	  x0:0x00000000
        2385000	       237	80001498	41b38cb3	sub	x25,x7,x27	  x7:0xa334d48c x27:0x00000008 x25=0xa334d484
        2395000	       238	8000149c	011fd3b3	srl	x7,x31,x17	 x31:0xa334d48c x17:0x80009f20  x7=0xa334d48c
        2405000	       239	800014a0	ffaf0f13	addi	x30,x30,-6	 x30:0xfffffff5 x30=0xffffffef
        2415000	       240	800014a4	87affe93	andi	x29,x31,-1926	 x31:0xa334d48c x29=0xa334d008
        2425000	       241	800014a8	00161033	sll	x0,x12,x1	 x12:0x00040000  x1:0xa334d487
        2435000	       242	800014ac	fe8f16e3	bne	x30,x8,80001498	 x30:0xffffffef  x8:0xffffffef
        2445000	       243	800014b0	016e7c33	and	x24,x28,x22	 x28:0x80000000 x22:0xc00001b6 x24=0x80000000
        2455000	       244	800014b4	00700f93	addi	x31,x0,7	  x0:0x00000000 x31=0x00000007
        2465000	       245	800014b8	00938ab3	add	x21,x7,x9	  x7:0xa334d48c  x9:0x00000000 x21=0xa334d48c
        2475000	       246	800014bc	00000013	addi	x0,x0,0	  x0:0x00000000
        2485000	       247	800014c0	fd0f2037	lui	x0,0xfd0f2	
        2495000	       248	800014c4	ff300993	addi	x19,x0,-13	  x0:0x00000000 x19=0xfffffff3
        2505000	       249	800014c8	419787b3	sub	x15,x15,x25	 x15:0x00000001 x25:0xa334d484 x15=0x5ccb2b7d
        2515000	       250	800014cc	41035733	sra	x14,x6,x16	  x6:0x0000000a x16:0x80009fc4 x14=0x00000000
        2525000	       251	800014d0	682ae413	ori	x8,x21,1666	 x21:0xa334d48c  x8=0xa334d68e
        2535000	       252	800014d4	ffcf8f93	addi	x31,x31,-4	 x31:0x00000007 x31=0x00000003
        2545000	       253	800014d8	09e27c97	auipc	x25,0x9e27	 x25=0x89e284d4
        2555000	       254	800014dc	016e5cb3	srl	x25,x28,x22	 x28:0x80000000 x22:0xc00001b6 x25=0x00000200
        2565000	       255	800014e0	01591d13	slli	x26,x18,0x15	 x18:0xff430eb3 x26=0xd6600000
        2575000	       256	800014e4	ff3fd2e3	bge	x31,x19,800014c8	 x31:0x00000003 x19:0xfffffff3
        2585000	       257	00000000	00000013	addi	x0,x0,0	  x0:0x00000000
        2595000	       258	800014c4	00000013	addi	x0,x0,0	  x0:0x00000000
        2605000	       259	800014c8	419787b3	sub	x15,x15,x25	 x15:0x5ccb2b7d x25:0x00000200 x15=0x5ccb297d
        2615000	       260	800014cc	41035733	sra	x14,x6,x16	  x6:0x0000000a x16:0x80009fc4 x14=0x00000000
        2625000	       261	800014d0	682ae413	ori	x8,x21,1666	 x21:0xa334d48c  x8=0xa334d68e
        2635000	       262	800014d4	ffcf8f93	addi	x31,x31,-4	 x31:0x00000003 x31=0xffffffff
        2645000	       263	800014d8	09e27c97	auipc	x25,0x9e27	 x25=0x89e284d4
        2655000	       264	800014dc	016e5cb3	srl	x25,x28,x22	 x28:0x80000000 x22:0xc00001b6 x25=0x00000200
        2665000	       265	800014e0	01591d13	slli	x26,x18,0x15	 x18:0xff430eb3 x26=0xd6600000
        2675000	       266	800014e4	ff3fd2e3	bge	x31,x19,800014c8	 x31:0xffffffff x19:0xfffffff3
        2685000	       267	00000000	00000013	addi	x0,x0,0	  x0:0x00000000
        2695000	       268	800014c4	00000013	addi	x0,x0,0	  x0:0x00000000
        2705000	       269	800014c8	419787b3	sub	x15,x15,x25	 x15:0x5ccb297d x25:0x00000200 x15=0x5ccb277d
        2715000	       270	800014cc	41035733	sra	x14,x6,x16	  x6:0x0000000a x16:0x80009fc4 x14=0x00000000
        2725000	       271	800014d0	682ae413	ori	x8,x21,1666	 x21:0xa334d48c  x8=0xa334d68e
        2735000	       272	800014d4	ffcf8f93	addi	x31,x31,-4	 x31:0xffffffff x31=0xfffffffb
        2745000	       273	800014d8	09e27c97	auipc	x25,0x9e27	 x25=0x89e284d4
        2755000	       274	800014dc	016e5cb3	srl	x25,x28,x22	 x28:0x80000000 x22:0xc00001b6 x25=0x00000200
        2765000	       275	800014e0	01591d13	slli	x26,x18,0x15	 x18:0xff430eb3 x26=0xd6600000
        2775000	       276	800014e4	ff3fd2e3	bge	x31,x19,800014c8	 x31:0xfffffffb x19:0xfffffff3
        2785000	       277	00000000	00000013	addi	x0,x0,0	  x0:0x00000000
        2795000	       278	800014c4	00000013	addi	x0,x0,0	  x0:0x00000000
        2805000	       279	800014c8	419787b3	sub	x15,x15,x25	 x15:0x5ccb277d x25:0x00000200 x15=0x5ccb257d
        2815000	       280	800014cc	41035733	sra	x14,x6,x16	  x6:0x0000000a x16:0x80009fc4 x14=0x00000000
        2825000	       281	800014d0	682ae413	ori	x8,x21,1666	 x21:0xa334d48c  x8=0xa334d68e
        2835000	       282	800014d4	ffcf8f93	addi	x31,x31,-4	 x31:0xfffffffb x31=0xfffffff7
        2845000	       283	800014d8	09e27c97	auipc	x25,0x9e27	 x25=0x89e284d4
        2855000	       284	800014dc	016e5cb3	srl	x25,x28,x22	 x28:0x80000000 x22:0xc00001b6 x25=0x00000200
        2865000	       285	800014e0	01591d13	slli	x26,x18,0x15	 x18:0xff430eb3 x26=0xd6600000
        2875000	       286	800014e4	ff3fd2e3	bge	x31,x19,800014c8	 x31:0xfffffff7 x19:0xfffffff3
        2885000	       287	00000000	00000013	addi	x0,x0,0	  x0:0x00000000
        2895000	       288	800014c4	00000013	addi	x0,x0,0	  x0:0x00000000
        2905000	       289	800014c8	419787b3	sub	x15,x15,x25	 x15:0x5ccb257d x25:0x00000200 x15=0x5ccb237d
        2915000	       290	800014cc	41035733	sra	x14,x6,x16	  x6:0x0000000a x16:0x80009fc4 x14=0x00000000
        2925000	       291	800014d0	682ae413	ori	x8,x21,1666	 x21:0xa334d48c  x8=0xa334d68e
        2935000	       292	800014d4	ffcf8f93	addi	x31,x31,-4	 x31:0xfffffff7 x31=0xfffffff3
        2945000	       293	800014d8	09e27c97	auipc	x25,0x9e27	 x25=0x89e284d4
        2955000	       294	800014dc	016e5cb3	srl	x25,x28,x22	 x28:0x80000000 x22:0xc00001b6 x25=0x00000200
        2965000	       295	800014e0	01591d13	slli	x26,x18,0x15	 x18:0xff430eb3 x26=0xd6600000
        2975000	       296	800014e4	ff3fd2e3	bge	x31,x19,800014c8	 x31:0xfffffff3 x19:0xfffffff3
        2985000	       297	00000000	00000013	addi	x0,x0,0	  x0:0x00000000
        2995000	       298	800014c4	00000013	addi	x0,x0,0	  x0:0x00000000
        3005000	       299	800014c8	419787b3	sub	x15,x15,x25	 x15:0x5ccb237d x25:0x00000200 x15=0x5ccb217d
        3015000	       300	800014cc	41035733	sra	x14,x6,x16	  x6:0x0000000a x16:0x80009fc4 x14=0x00000000
        3025000	       301	800014d0	682ae413	ori	x8,x21,1666	 x21:0xa334d48c  x8=0xa334d68e
        3035000	       302	800014d4	ffcf8f93	addi	x31,x31,-4	 x31:0xfffffff3 x31=0xffffffef
        3045000	       303	800014d8	09e27c97	auipc	x25,0x9e27	 x25=0x89e284d4
        3055000	       304	800014dc	016e5cb3	srl	x25,x28,x22	 x28:0x80000000 x22:0xc00001b6 x25=0x00000200
        3065000	       305	800014e0	01591d13	slli	x26,x18,0x15	 x18:0xff430eb3 x26=0xd6600000
        3075000	       306	800014e4	ff3fd2e3	bge	x31,x19,800014c8	 x31:0xffffffef x19:0xfffffff3
        3085000	       307	800014e8	00000013	addi	x0,x0,0	  x0:0x00000000
        3095000	       308	800014ec	fff00b93	addi	x23,x0,-1	  x0:0x00000000 x23=0xffffffff
        3105000	       309	800014f0	ff200993	addi	x19,x0,-14	  x0:0x00000000 x19=0xfffffff2
        3115000	       310	800014f4	413a81b3	sub	x3,x21,x19	 x21:0xa334d48c x19:0xfffffff2  x3=0xa334d49a
        3125000	       311	800014f8	0005e7b3	or	x15,x11,x0	 x11:0xff43104d  x0:0x00000000 x15=0xff43104d
        3135000	       312	800014fc	01ee8433	add	x8,x29,x30	 x29:0xa334d008 x30:0xffffffef  x8=0xa334cff7
        3145000	       313	80001500	019c9933	sll	x18,x25,x25	 x25:0x00000200 x25:0x00000200 x18=0x00000200
        3155000	       314	80001504	0213ab13	slti	x22,x7,33	  x7:0xa334d48c x22=0x00000001
        3165000	       315	80001508	0069a433	slt	x8,x19,x6	 x19:0xfffffff2  x6:0x0000000a  x8=0x00000001
        3175000	       316	8000150c	138be713	ori	x14,x23,312	 x23:0xffffffff x14=0xffffffff
        3185000	       317	80001510	fffb8b93	addi	x23,x23,-1	 x23:0xffffffff x23=0xfffffffe
        3195000	       318	80001514	9fa93693	sltiu	x13,x18,-1542	 x18:0x00000200 x13=0x00000001
        3205000	       319	80001518	006a10b3	sll	x1,x20,x6	 x20:0x00000001  x6:0x0000000a  x1=0x00000400
        3215000	       320	8000151c	ff3bd6e3	bge	x23,x19,80001508	 x23:0xfffffffe x19:0xfffffff2
        3225000	       321	00000000	00000013	addi	x0,x0,0	  x0:0x00000000
        3235000	       322	80001504	00000013	addi	x0,x0,0	  x0:0x00000000
        3245000	       323	80001508	0069a433	slt	x8,x19,x6	 x19:0xfffffff2  x6:0x0000000a  x8=0x00000001
        3255000	       324	8000150c	138be713	ori	x14,x23,312	 x23:0xfffffffe x14=0xfffffffe
        3265000	       325	80001510	fffb8b93	addi	x23,x23,-1	 x23:0xfffffffe x23=0xfffffffd
        3275000	       326	80001514	9fa93693	sltiu	x13,x18,-1542	 x18:0x00000200 x13=0x00000001
        3285000	       327	80001518	006a10b3	sll	x1,x20,x6	 x20:0x00000001  x6:0x0000000a  x1=0x00000400
        3295000	       328	8000151c	ff3bd6e3	bge	x23,x19,80001508	 x23:0xfffffffd x19:0xfffffff2
        3305000	       329	00000000	00000013	addi	x0,x0,0	  x0:0x00000000
        3315000	       330	80001504	00000013	addi	x0,x0,0	  x0:0x00000000
        3325000	       331	80001508	0069a433	slt	x8,x19,x6	 x19:0xfffffff2  x6:0x0000000a  x8=0x00000001
        3335000	       332	8000150c	138be713	ori	x14,x23,312	 x23:0xfffffffd x14=0xfffffffd
        3345000	       333	80001510	fffb8b93	addi	x23,x23,-1	 x23:0xfffffffd x23=0xfffffffc
        3355000	       334	80001514	9fa93693	sltiu	x13,x18,-1542	 x18:0x00000200 x13=0x00000001
        3365000	       335	80001518	006a10b3	sll	x1,x20,x6	 x20:0x00000001  x6:0x0000000a  x1=0x00000400
        3375000	       336	8000151c	ff3bd6e3	bge	x23,x19,80001508	 x23:0xfffffffc x19:0xfffffff2
        3385000	       337	00000000	00000013	addi	x0,x0,0	  x0:0x00000000
        3395000	       338	80001504	00000013	addi	x0,x0,0	  x0:0x00000000
        3405000	       339	80001508	0069a433	slt	x8,x19,x6	 x19:0xfffffff2  x6:0x0000000a  x8=0x00000001
        3415000	       340	8000150c	138be713	ori	x14,x23,312	 x23:0xfffffffc x14=0xfffffffc
        3425000	       341	80001510	fffb8b93	addi	x23,x23,-1	 x23:0xfffffffc x23=0xfffffffb
        3435000	       342	80001514	9fa93693	sltiu	x13,x18,-1542	 x18:0x00000200 x13=0x00000001
        3445000	       343	80001518	006a10b3	sll	x1,x20,x6	 x20:0x00000001  x6:0x0000000a  x1=0x00000400
        3455000	       344	8000151c	ff3bd6e3	bge	x23,x19,80001508	 x23:0xfffffffb x19:0xfffffff2
        3465000	       345	00000000	00000013	addi	x0,x0,0	  x0:0x00000000
        3475000	       346	80001504	00000013	addi	x0,x0,0	  x0:0x00000000
        3485000	       347	80001508	0069a433	slt	x8,x19,x6	 x19:0xfffffff2  x6:0x0000000a  x8=0x00000001
        3495000	       348	8000150c	138be713	ori	x14,x23,312	 x23:0xfffffffb x14=0xfffffffb
        3505000	       349	80001510	fffb8b93	addi	x23,x23,-1	 x23:0xfffffffb x23=0xfffffffa
        3515000	       350	80001514	9fa93693	sltiu	x13,x18,-1542	 x18:0x00000200 x13=0x00000001
        3525000	       351	80001518	006a10b3	sll	x1,x20,x6	 x20:0x00000001  x6:0x0000000a  x1=0x00000400
        3535000	       352	8000151c	ff3bd6e3	bge	x23,x19,80001508	 x23:0xfffffffa x19:0xfffffff2
        3545000	       353	00000000	00000013	addi	x0,x0,0	  x0:0x00000000
        3555000	       354	80001504	00000013	addi	x0,x0,0	  x0:0x00000000
        3565000	       355	80001508	0069a433	slt	x8,x19,x6	 x19:0xfffffff2  x6:0x0000000a  x8=0x00000001
        3575000	       356	8000150c	138be713	ori	x14,x23,312	 x23:0xfffffffa x14=0xfffffffa
        3585000	       357	80001510	fffb8b93	addi	x23,x23,-1	 x23:0xfffffffa x23=0xfffffff9
        3595000	       358	80001514	9fa93693	sltiu	x13,x18,-1542	 x18:0x00000200 x13=0x00000001
        3605000	       359	80001518	006a10b3	sll	x1,x20,x6	 x20:0x00000001  x6:0x0000000a  x1=0x00000400
        3615000	       360	8000151c	ff3bd6e3	bge	x23,x19,80001508	 x23:0xfffffff9 x19:0xfffffff2
        3625000	       361	00000000	00000013	addi	x0,x0,0	  x0:0x00000000
        3635000	       362	80001504	00000013	addi	x0,x0,0	  x0:0x00000000
        3645000	       363	80001508	0069a433	slt	x8,x19,x6	 x19:0xfffffff2  x6:0x0000000a  x8=0x00000001
        3655000	       364	8000150c	138be713	ori	x14,x23,312	 x23:0xfffffff9 x14=0xfffffff9
        3665000	       365	80001510	fffb8b93	addi	x23,x23,-1	 x23:0xfffffff9 x23=0xfffffff8
        3675000	       366	80001514	9fa93693	sltiu	x13,x18,-1542	 x18:0x00000200 x13=0x00000001
        3685000	       367	80001518	006a10b3	sll	x1,x20,x6	 x20:0x00000001  x6:0x0000000a  x1=0x00000400
        3695000	       368	8000151c	ff3bd6e3	bge	x23,x19,80001508	 x23:0xfffffff8 x19:0xfffffff2
        3705000	       369	00000000	00000013	addi	x0,x0,0	  x0:0x00000000
        3715000	       370	80001504	00000013	addi	x0,x0,0	  x0:0x00000000
        3725000	       371	80001508	0069a433	slt	x8,x19,x6	 x19:0xfffffff2  x6:0x0000000a  x8=0x00000001
        3735000	       372	8000150c	138be713	ori	x14,x23,312	 x23:0xfffffff8 x14=0xfffffff8
        3745000	       373	80001510	fffb8b93	addi	x23,x23,-1	 x23:0xfffffff8 x23=0xfffffff7
        3755000	       374	80001514	9fa93693	sltiu	x13,x18,-1542	 x18:0x00000200 x13=0x00000001
        3765000	       375	80001518	006a10b3	sll	x1,x20,x6	 x20:0x00000001  x6:0x0000000a  x1=0x00000400
        3775000	       376	8000151c	ff3bd6e3	bge	x23,x19,80001508	 x23:0xfffffff7 x19:0xfffffff2
        3785000	       377	00000000	00000013	addi	x0,x0,0	  x0:0x00000000
        3795000	       378	80001504	00000013	addi	x0,x0,0	  x0:0x00000000
        3805000	       379	80001508	0069a433	slt	x8,x19,x6	 x19:0xfffffff2  x6:0x0000000a  x8=0x00000001
        3815000	       380	8000150c	138be713	ori	x14,x23,312	 x23:0xfffffff7 x14=0xffffffff
        3825000	       381	80001510	fffb8b93	addi	x23,x23,-1	 x23:0xfffffff7 x23=0xfffffff6
        3835000	       382	80001514	9fa93693	sltiu	x13,x18,-1542	 x18:0x00000200 x13=0x00000001
        3845000	       383	80001518	006a10b3	sll	x1,x20,x6	 x20:0x00000001  x6:0x0000000a  x1=0x00000400
        3855000	       384	8000151c	ff3bd6e3	bge	x23,x19,80001508	 x23:0xfffffff6 x19:0xfffffff2
        3865000	       385	00000000	00000013	addi	x0,x0,0	  x0:0x00000000
        3875000	       386	80001504	00000013	addi	x0,x0,0	  x0:0x00000000
        3885000	       387	80001508	0069a433	slt	x8,x19,x6	 x19:0xfffffff2  x6:0x0000000a  x8=0x00000001
        3895000	       388	8000150c	138be713	ori	x14,x23,312	 x23:0xfffffff6 x14=0xfffffffe
        3905000	       389	80001510	fffb8b93	addi	x23,x23,-1	 x23:0xfffffff6 x23=0xfffffff5
        3915000	       390	80001514	9fa93693	sltiu	x13,x18,-1542	 x18:0x00000200 x13=0x00000001
        3925000	       391	80001518	006a10b3	sll	x1,x20,x6	 x20:0x00000001  x6:0x0000000a  x1=0x00000400
        3935000	       392	8000151c	ff3bd6e3	bge	x23,x19,80001508	 x23:0xfffffff5 x19:0xfffffff2
        3945000	       393	00000000	00000013	addi	x0,x0,0	  x0:0x00000000
        3955000	       394	80001504	00000013	addi	x0,x0,0	  x0:0x00000000
        3965000	       395	80001508	0069a433	slt	x8,x19,x6	 x19:0xfffffff2  x6:0x0000000a  x8=0x00000001
        3975000	       396	8000150c	138be713	ori	x14,x23,312	 x23:0xfffffff5 x14=0xfffffffd
        3985000	       397	80001510	fffb8b93	addi	x23,x23,-1	 x23:0xfffffff5 x23=0xfffffff4
        3995000	       398	80001514	9fa93693	sltiu	x13,x18,-1542	 x18:0x00000200 x13=0x00000001
        4005000	       399	80001518	006a10b3	sll	x1,x20,x6	 x20:0x00000001  x6:0x0000000a  x1=0x00000400
        4015000	       400	8000151c	ff3bd6e3	bge	x23,x19,80001508	 x23:0xfffffff4 x19:0xfffffff2
        4025000	       401	00000000	00000013	addi	x0,x0,0	  x0:0x00000000
        4035000	       402	80001504	00000013	addi	x0,x0,0	  x0:0x00000000
        4045000	       403	80001508	0069a433	slt	x8,x19,x6	 x19:0xfffffff2  x6:0x0000000a  x8=0x00000001
        4055000	       404	8000150c	138be713	ori	x14,x23,312	 x23:0xfffffff4 x14=0xfffffffc
        4065000	       405	80001510	fffb8b93	addi	x23,x23,-1	 x23:0xfffffff4 x23=0xfffffff3
        4075000	       406	80001514	9fa93693	sltiu	x13,x18,-1542	 x18:0x00000200 x13=0x00000001
        4085000	       407	80001518	006a10b3	sll	x1,x20,x6	 x20:0x00000001  x6:0x0000000a  x1=0x00000400
        4095000	       408	8000151c	ff3bd6e3	bge	x23,x19,80001508	 x23:0xfffffff3 x19:0xfffffff2
        4105000	       409	00000000	00000013	addi	x0,x0,0	  x0:0x00000000
        4115000	       410	80001504	00000013	addi	x0,x0,0	  x0:0x00000000
        4125000	       411	80001508	0069a433	slt	x8,x19,x6	 x19:0xfffffff2  x6:0x0000000a  x8=0x00000001
        4135000	       412	8000150c	138be713	ori	x14,x23,312	 x23:0xfffffff3 x14=0xfffffffb
        4145000	       413	80001510	fffb8b93	addi	x23,x23,-1	 x23:0xfffffff3 x23=0xfffffff2
        4155000	       414	80001514	9fa93693	sltiu	x13,x18,-1542	 x18:0x00000200 x13=0x00000001
        4165000	       415	80001518	006a10b3	sll	x1,x20,x6	 x20:0x00000001  x6:0x0000000a  x1=0x00000400
        4175000	       416	8000151c	ff3bd6e3	bge	x23,x19,80001508	 x23:0xfffffff2 x19:0xfffffff2
        4185000	       417	00000000	00000013	addi	x0,x0,0	  x0:0x00000000
        4195000	       418	80001504	00000013	addi	x0,x0,0	  x0:0x00000000
        4205000	       419	80001508	0069a433	slt	x8,x19,x6	 x19:0xfffffff2  x6:0x0000000a  x8=0x00000001
        4215000	       420	8000150c	138be713	ori	x14,x23,312	 x23:0xfffffff2 x14=0xfffffffa
        4225000	       421	80001510	fffb8b93	addi	x23,x23,-1	 x23:0xfffffff2 x23=0xfffffff1
        4235000	       422	80001514	9fa93693	sltiu	x13,x18,-1542	 x18:0x00000200 x13=0x00000001
        4245000	       423	80001518	006a10b3	sll	x1,x20,x6	 x20:0x00000001  x6:0x0000000a  x1=0x00000400
        4255000	       424	8000151c	ff3bd6e3	bge	x23,x19,80001508	 x23:0xfffffff1 x19:0xfffffff2
        4265000	       425	80001520	00000013	addi	x0,x0,0	  x0:0x00000000
        4275000	       426	80001524	02a97463	bgeu	x18,x10,8000154c	 x18:0x00000200 x10:0x00000001
        4285000	       427	00000000	00000013	addi	x0,x0,0	  x0:0x00000000
        4295000	       428	80001548	00000013	addi	x0,x0,0	  x0:0x00000000
        4305000	       429	8000154c	00000013	addi	x0,x0,0	  x0:0x00000000
        4315000	       430	80001550	37053293	sltiu	x5,x10,880	 x10:0x00000001  x5=0x00000001
        4325000	       431	80001554	ce3de693	ori	x13,x27,-797	 x27:0x00000008 x13=0xfffffceb
        4335000	       432	80001558	01ed7cb3	and	x25,x26,x30	 x26:0xd6600000 x30:0xffffffef x25=0xd6600000
        4345000	       433	8000155c	013e7a33	and	x20,x28,x19	 x28:0x80000000 x19:0xfffffff2 x20=0x80000000
        4355000	       434	80001560	02740263	beq	x8,x7,80001584	  x8:0x00000001  x7:0xa334d48c
        4365000	       435	80001564	02a08463	beq	x1,x10,8000158c	  x1:0x00000400 x10:0x00000001
        4375000	       436	80001568	055d5263	bge	x26,x21,800015ac	 x26:0xd6600000 x21:0xa334d48c
        4385000	       437	00000000	00000013	addi	x0,x0,0	  x0:0x00000000
        4395000	       438	800015a8	00000013	addi	x0,x0,0	  x0:0x00000000
        4405000	       439	800015ac	00852033	slt	x0,x10,x8	 x10:0x00000001  x8:0x00000001
        4415000	       440	800015b0	01691613	slli	x12,x18,0x16	 x18:0x00000200 x12=0x80000000
        4425000	       441	800015b4	01f483b3	add	x7,x9,x31	  x9:0x00000000 x31:0xffffffef  x7=0xffffffef
        4435000	       442	800015b8	016b37b3	sltu	x15,x22,x22	 x22:0x00000001 x22:0x00000001 x15=0x00000000
        4445000	       443	800015bc	0336ee63	bltu	x13,x19,800015f8	 x13:0xfffffceb x19:0xfffffff2
        4455000	       444	00000000	00000013	addi	x0,x0,0	  x0:0x00000000
        4465000	       445	800015f4	00000013	addi	x0,x0,0	  x0:0x00000000
        4475000	       446	800015f8	017f1a33	sll	x20,x30,x23	 x30:0xffffffef x23:0xfffffff1 x20=0xffde0000
        4485000	       447	800015fc	418dde93	srai	x29,x27,0x18	 x27:0x00000008 x29=0x00000000
        4495000	       448	80001600	0c01e113	ori	x2,x3,192	  x3:0xa334d49a  x2=0xa334d4da
        4505000	       449	80001604	03dd8c63	beq	x27,x29,8000163c	 x27:0x00000008 x29:0x00000000
        4515000	       450	80001608	01e90333	add	x6,x18,x30	 x18:0x00000200 x30:0xffffffef  x6=0x000001ef
        4525000	       451	8000160c	01988cb3	add	x25,x17,x25	 x17:0x80009f20 x25:0xd6600000 x25=0x56609f20
        4535000	       452	80001610	00fe5933	srl	x18,x28,x15	 x28:0x80000000 x15:0x00000000 x18=0x80000000
        4545000	       453	80001614	3b78cf93	xori	x31,x17,951	 x17:0x80009f20 x31=0x80009c97
        4555000	       454	80001618	401385b3	sub	x11,x7,x1	  x7:0xffffffef  x1:0x00000400 x11=0xfffffbef
        4565000	       455	8000161c	00fb5db3	srl	x27,x22,x15	 x22:0x00000001 x15:0x00000000 x27=0x00000001
        4575000	       456	80001620	60338493	addi	x9,x7,1539	  x7:0xffffffef  x9=0x000005f2
        4585000	       457	80001624	6c8535b7	lui	x11,0x6c853	 x11=0x6c853000
        4595000	       458	80001628	1b10a413	slti	x8,x1,433	  x1:0x00000400  x8=0x00000000
        4605000	       459	8000162c	40cfdd93	srai	x27,x31,0xc	 x31:0x80009c97 x27=0xfff80009
        4615000	       460	80001630	40555293	srai	x5,x10,0x5	 x10:0x00000001  x5=0x00000000
        4625000	       461	80001634	0128d693	srli	x13,x17,0x12	 x17:0x80009f20 x13=0x00002000
        4635000	       462	80001638	38ea7f93	andi	x31,x20,910	 x20:0xffde0000 x31=0x00000000
        4645000	       463	8000163c	4b136537	lui	x10,0x4b136	 x10=0x4b136000
        4655000	       464	80001640	74cfb913	sltiu	x18,x31,1868	 x31:0x00000000 x18=0x00000001
        4665000	       465	80001644	08d276b7	lui	x13,0x8d27	 x13=0x08d27000
        4675000	       466	80001648	03d71263	bne	x14,x29,8000166c	 x14:0xfffffffa x29:0x00000000
        4685000	       467	00000000	00000013	addi	x0,x0,0	  x0:0x00000000
        4695000	       468	80001668	00000013	addi	x0,x0,0	  x0:0x00000000
        4705000	       469	8000166c	019bcd33	xor	x26,x23,x25	 x23:0xfffffff1 x25:0x56609f20 x26=0xa99f60d1
        4715000	       470	80001670	00160733	add	x14,x12,x1	 x12:0x80000000  x1:0x00000400 x14=0x80000400
        4725000	       471	80001674	04644463	blt	x8,x6,800016bc	  x8:0x00000000  x6:0x000001ef
        4735000	       472	00000000	00000013	addi	x0,x0,0	  x0:0x00000000
        4745000	       473	800016b8	00000013	addi	x0,x0,0	  x0:0x00000000
        4755000	       474	800016bc	40855b93	srai	x23,x10,0x8	 x10:0x4b136000 x23=0x004b1360
        4765000	       475	800016c0	0066b133	sltu	x2,x13,x6	 x13:0x08d27000  x6:0x000001ef  x2=0x00000000
        4775000	       476	800016c4	00514a63	blt	x2,x5,800016d8	  x2:0x00000000  x5:0x00000000
        4785000	       477	800016c8	0187a5b3	slt	x11,x15,x24	 x15:0x00000000 x24:0x80000000 x11=0x00000000
        4795000	       478	800016cc	0069a7b3	slt	x15,x19,x6	 x19:0xfffffff2  x6:0x000001ef x15=0x00000001
        4805000	       479	800016d0	872e6e93	ori	x29,x28,-1934	 x28:0x80000000 x29=0xfffff872
        4815000	       480	800016d4	01a967b3	or	x15,x18,x26	 x18:0x00000001 x26:0xa99f60d1 x15=0xa99f60d1
        4825000	       481	800016d8	00a492b3	sll	x5,x9,x10	  x9:0x000005f2 x10:0x4b136000  x5=0x000005f2
        4835000	       482	800016dc	01996bb3	or	x23,x18,x25	 x18:0x00000001 x25:0x56609f20 x23=0x56609f21
        4845000	       483	800016e0	007eba33	sltu	x20,x29,x7	 x29:0xfffff872  x7:0xffffffef x20=0x00000001
        4855000	       484	800016e4	051e4463	blt	x28,x17,8000172c	 x28:0x80000000 x17:0x80009f20
        4865000	       485	00000000	00000013	addi	x0,x0,0	  x0:0x00000000
        4875000	       486	80001728	00000013	addi	x0,x0,0	  x0:0x00000000
        4885000	       487	8000172c	017d8533	add	x10,x27,x23	 x27:0xfff80009 x23:0x56609f21 x10=0x56589f2a
        4895000	       488	80001730	404a89b3	sub	x19,x21,x4	 x21:0xa334d48c  x4:0x80009ec4 x19=0x233435c8
        4905000	       489	80001734	04028263	beq	x5,x0,80001778	  x5:0x000005f2  x0:0x00000000
        4915000	       490	80001738	46165a37	lui	x20,0x46165	 x20=0x46165000
        4925000	       491	8000173c	01ded5b3	srl	x11,x29,x29	 x29:0xfffff872 x29:0xfffff872 x11=0x00003fff
        4935000	       492	80001740	f4aad0b7	lui	x1,0xf4aad	  x1=0xf4aad000
        4945000	       493	80001744	04107263	bgeu	x0,x1,80001788	  x0:0x00000000  x1:0xf4aad000
        4955000	       494	80001748	02965e63	bge	x12,x9,80001784	 x12:0x80000000  x9:0x000005f2
        4965000	       495	8000174c	41c507b3	sub	x15,x10,x28	 x10:0x56589f2a x28:0x80000000 x15=0xd6589f2a
        4975000	       496	80001750	b2b20c93	addi	x25,x4,-1237	  x4:0x80009ec4 x25=0x800099ef
        4985000	       497	80001754	01900a63	beq	x0,x25,80001768	  x0:0x00000000 x25:0x800099ef
        4995000	       498	80001758	0bbb0797	auipc	x15,0xbbb0	 x15=0x8bbb1754
        5005000	       499	8000175c	00499313	slli	x6,x19,0x4	 x19:0x233435c8  x6=0x33435c80
        5015000	       500	80001760	cf5e2193	slti	x3,x28,-779	 x28:0x80000000  x3=0x00000001
        5025000	       501	80001764	00fd9f33	sll	x30,x27,x15	 x27:0xfff80009 x15:0x8bbb1754 x30=0x00900000
        5035000	       502	80001768	02635463	bge	x6,x6,80001790	  x6:0x33435c80  x6:0x33435c80
        5045000	       503	00000000	00000013	addi	x0,x0,0	  x0:0x00000000
        5055000	       504	8000178c	00000013	addi	x0,x0,0	  x0:0x00000000
        5065000	       505	80001790	0166d4b3	srl	x9,x13,x22	 x13:0x08d27000 x22:0x00000001  x9=0x04693800
        5075000	       506	80001794	21bda313	slti	x6,x27,539	 x27:0xfff80009  x6=0x00000001
        5085000	       507	80001798	00c71a93	slli	x21,x14,0xc	 x14:0x80000400 x21=0x00400000
        5095000	       508	8000179c	0347d063	bge	x15,x20,800017bc	 x15:0x8bbb1754 x20:0x46165000
        5105000	       509	800017a0	02930663	beq	x6,x9,800017cc	  x6:0x00000001  x9:0x04693800
        5115000	       510	800017a4	40a9d9b3	sra	x19,x19,x10	 x19:0x233435c8 x10:0x56589f2a x19=0x0008cd0d
        5125000	       511	800017a8	407cd533	sra	x10,x25,x7	 x25:0x800099ef  x7:0xffffffef x10=0xffff0001
        5135000	       512	800017ac	00693fb3	sltu	x31,x18,x6	 x18:0x00000001  x6:0x00000001 x31=0x00000000
        5145000	       513	800017b0	01f6b3b3	sltu	x7,x13,x31	 x13:0x08d27000 x31:0x00000000  x7=0x00000000
        5155000	       514	800017b4	4628bc13	sltiu	x24,x17,1122	 x17:0x80009f20 x24=0x00000000
        5165000	       515	800017b8	016974b3	and	x9,x18,x22	 x18:0x00000001 x22:0x00000001  x9=0x00000001
        5175000	       516	800017bc	03fc5a63	bge	x24,x31,800017f0	 x24:0x00000000 x31:0x00000000
        5185000	       517	00000000	00000013	addi	x0,x0,0	  x0:0x00000000
        5195000	       518	800017ec	00000013	addi	x0,x0,0	  x0:0x00000000
        5205000	       519	800017f0	9a32d917	auipc	x18,0x9a32d	 x18=0x1a32e7ec
        5215000	       520	800017f4	02818e63	beq	x3,x8,80001830	  x3:0x00000001  x8:0x00000000
        5225000	       521	800017f8	01d8fd33	and	x26,x17,x29	 x17:0x80009f20 x29:0xfffff872 x26=0x80009820
        5235000	       522	800017fc	00de5433	srl	x8,x28,x13	 x28:0x80000000 x13:0x08d27000  x8=0x80000000
        5245000	       523	80001800	0554e463	bltu	x9,x21,80001848	  x9:0x00000001 x21:0x00400000
        5255000	       524	00000000	00000013	addi	x0,x0,0	  x0:0x00000000
        5265000	       525	80001844	00000013	addi	x0,x0,0	  x0:0x00000000
        5275000	       526	80001848	03390263	beq	x18,x19,8000186c	 x18:0x1a32e7ec x19:0x0008cd0d
        5285000	       527	8000184c	03ccea63	bltu	x25,x28,80001880	 x25:0x800099ef x28:0x80000000
        5295000	       528	80001850	c9a43ab7	lui	x21,0xc9a43	 x21=0xc9a43000
        5305000	       529	80001854	0547d263	bge	x15,x20,80001898	 x15:0x8bbb1754 x20:0x46165000
        5315000	       530	80001858	05491063	bne	x18,x20,80001898	 x18:0x1a32e7ec x20:0x46165000
        5325000	       531	00000000	00000013	addi	x0,x0,0	  x0:0x00000000
        5335000	       532	80001894	00000013	addi	x0,x0,0	  x0:0x00000000
        5345000	       533	80001898	00fd03b3	add	x7,x26,x15	 x26:0x80009820 x15:0x8bbb1754  x7=0x0bbbaf74
        5355000	       534	8000189c	407100b3	sub	x1,x2,x7	  x2:0x00000000  x7:0x0bbbaf74  x1=0xf444508c
        5365000	       535	800018a0	03071c63	bne	x14,x16,800018d8	 x14:0x80000400 x16:0x80009fc4
        5375000	       536	00000000	00000013	addi	x0,x0,0	  x0:0x00000000
        5385000	       537	800018d4	00000013	addi	x0,x0,0	  x0:0x00000000
        5395000	       538	800018d8	000d03b3	add	x7,x26,x0	 x26:0x80009820  x0:0x00000000  x7=0x80009820
        5405000	       539	800018dc	001312b3	sll	x5,x6,x1	  x6:0x00000001  x1:0xf444508c  x5=0x00001000
        5415000	       540	800018e0	379f4613	xori	x12,x30,889	 x30:0x00900000 x12=0x00900379
        5425000	       541	800018e4	01a7dcb3	srl	x25,x15,x26	 x15:0x8bbb1754 x26:0x80009820 x25=0x8bbb1754
        5435000	       542	800018e8	01673633	sltu	x12,x14,x22	 x14:0x80000400 x22:0x00000001 x12=0x00000000
        5445000	       543	800018ec	c384ac13	slti	x24,x9,-968	  x9:0x00000001 x24=0x00000000
        5455000	       544	800018f0	014f1a63	bne	x30,x20,80001904	 x30:0x00900000 x20:0x46165000
        5465000	       545	00000000	00000013	addi	x0,x0,0	  x0:0x00000000
        5475000	       546	80001900	00000013	addi	x0,x0,0	  x0:0x00000000
        5485000	       547	80001904	042dc663	blt	x27,x2,80001950	 x27:0xfff80009  x2:0x00000000
        5495000	       548	00000000	00000013	addi	x0,x0,0	  x0:0x00000000
        5505000	       549	8000194c	00000013	addi	x0,x0,0	  x0:0x00000000
        5515000	       550	80001950	fc323d13	sltiu	x26,x4,-61	  x4:0x80009ec4 x26=0x00000001
        5525000	       551	80001954	05785263	bge	x16,x23,80001998	 x16:0x80009fc4 x23:0x56609f21
        5535000	       552	80001958	01ec9a63	bne	x25,x30,8000196c	 x25:0x8bbb1754 x30:0x00900000
        5545000	       553	00000000	00000013	addi	x0,x0,0	  x0:0x00000000
        5555000	       554	80001968	00000013	addi	x0,x0,0	  x0:0x00000000
        5565000	       555	8000196c	01db36b3	sltu	x13,x22,x29	 x22:0x00000001 x29:0xfffff872 x13=0x00000001
        5575000	       556	80001970	001ed433	srl	x8,x29,x1	 x29:0xfffff872  x1:0xf444508c  x8=0x000fffff
        5585000	       557	80001974	41ebd613	srai	x12,x23,0x1e	 x23:0x56609f21 x12=0x00000001
        5595000	       558	80001978	011767b3	or	x15,x14,x17	 x14:0x80000400 x17:0x80009f20 x15=0x80009f20
        5605000	       559	8000197c	0504c263	blt	x9,x16,800019c0	  x9:0x00000001 x16:0x80009fc4
        5615000	       560	80001980	78d64393	xori	x7,x12,1933	 x12:0x00000001  x7=0x0000078c
        5625000	       561	80001984	99a18493	addi	x9,x3,-1638	  x3:0x00000001  x9=0xfffff99b
        5635000	       562	80001988	04987263	bgeu	x16,x9,800019cc	 x16:0x80009fc4  x9:0xfffff99b
        5645000	       563	8000198c	01199f13	slli	x30,x19,0x11	 x19:0x0008cd0d x30=0x9a1a0000
        5655000	       564	80001990	025bc337	lui	x6,0x25bc	  x6=0x025bc000
        5665000	       565	80001994	02cf9463	bne	x31,x12,800019bc	 x31:0x00000000 x12:0x00000001
        5675000	       566	00000000	00000013	addi	x0,x0,0	  x0:0x00000000
        5685000	       567	800019b8	00000013	addi	x0,x0,0	  x0:0x00000000
        5695000	       568	800019bc	a86ee793	ori	x15,x29,-1402	 x29:0xfffff872 x15=0xfffffaf6
        5705000	       569	800019c0	01bea733	slt	x14,x29,x27	 x29:0xfffff872 x27:0xfff80009 x14=0x00000000
        5715000	       570	800019c4	54746c13	ori	x24,x8,1351	  x8:0x000fffff x24=0x000fffff
        5725000	       571	800019c8	9d135b37	lui	x22,0x9d135	 x22=0x9d135000
        5735000	       572	800019cc	41f00333	sub	x6,x0,x31	  x0:0x00000000 x31:0x00000000  x6=0x00000000
        5745000	       573	800019d0	03b25663	bge	x4,x27,800019fc	  x4:0x80009ec4 x27:0xfff80009
        5755000	       574	800019d4	56dcb313	sltiu	x6,x25,1389	 x25:0x8bbb1754  x6=0x00000000
        5765000	       575	800019d8	0016fc63	bgeu	x13,x1,800019f0	 x13:0x00000001  x1:0xf444508c
        5775000	       576	800019dc	ce7c0c93	addi	x25,x24,-793	 x24:0x000fffff x25=0x000ffce6
        5785000	       577	800019e0	01fa0b33	add	x22,x20,x31	 x20:0x46165000 x31:0x00000000 x22=0x46165000
        5795000	       578	800019e4	02939a63	bne	x7,x9,80001a18	  x7:0x0000078c  x9:0xfffff99b
        5805000	       579	00000000	00000013	addi	x0,x0,0	  x0:0x00000000
        5815000	       580	80001a14	00000013	addi	x0,x0,0	  x0:0x00000000
        5825000	       581	80001a18	03ef5c63	bge	x30,x30,80001a50	 x30:0x9a1a0000 x30:0x9a1a0000
        5835000	       582	00000000	00000013	addi	x0,x0,0	  x0:0x00000000
        5845000	       583	80001a4c	00000013	addi	x0,x0,0	  x0:0x00000000
        5855000	       584	80001a50	41bed633	sra	x12,x29,x27	 x29:0xfffff872 x27:0xfff80009 x12=0xfffffffc
        5865000	       585	80001a54	01b89bb3	sll	x23,x17,x27	 x17:0x80009f20 x27:0xfff80009 x23=0x013e4000
        5875000	       586	80001a58	abe38513	addi	x10,x7,-1346	  x7:0x0000078c x10=0x0000024a
        5885000	       587	80001a5c	40abda13	srai	x20,x23,0xa	 x23:0x013e4000 x20=0x00004f90
        5895000	       588	80001a60	00000013	addi	x0,x0,0	  x0:0x00000000
        5905000	       589	80001a64	00d41a63	bne	x8,x13,80001a78	  x8:0x000fffff x13:0x00000001
        5915000	       590	00000000	00000013	addi	x0,x0,0	  x0:0x00000000
        5925000	       591	80001a74	00000013	addi	x0,x0,0	  x0:0x00000000
        5935000	       592	80001a78	a1fe5397	auipc	x7,0xa1fe5	  x7=0x21fe6a74
        5945000	       593	80001a7c	054e0863	beq	x28,x20,80001acc	 x28:0x80000000 x20:0x00004f90
        5955000	       594	80001a80	0996f263	bgeu	x13,x25,80001b04	 x13:0x00000001 x25:0x000ffce6
        5965000	       595	80001a84	00d006b3	add	x13,x0,x13	  x0:0x00000000 x13:0x00000001 x13=0x00000001
        5975000	       596	80001a88	003b44b3	xor	x9,x22,x3	 x22:0x46165000  x3:0x00000001  x9=0x46165001
        5985000	       597	80001a8c	84197213	andi	x4,x18,-1983	 x18:0x1a32e7ec  x4=0x1a32e040
        5995000	       598	80001a90	ffa00c93	addi	x25,x0,-6	  x0:0x00000000 x25=0xfffffffa
        6005000	       599	80001a94	4099d6b3	sra	x13,x19,x9	 x19:0x0008cd0d  x9:0x46165001 x13=0x00046686
        6015000	       600	80001a98	00600d93	addi	x27,x0,6	  x0:0x00000000 x27=0x00000006
        6025000	       601	80001a9c	413bd433	sra	x8,x23,x19	 x23:0x013e4000 x19:0x0008cd0d  x8=0x000009f2
        6035000	       602	80001aa0	d5a58113	addi	x2,x11,-678	 x11:0x00003fff  x2=0x00003d59
        6045000	       603	80001aa4	006c8c93	addi	x25,x25,6	 x25:0xfffffffa x25=0x00000000
        6055000	       604	80001aa8	00500313	addi	x6,x0,5	  x0:0x00000000  x6=0x00000005
        6065000	       605	80001aac	00400a93	addi	x21,x0,4	  x0:0x00000000 x21=0x00000004
        6075000	       606	80001ab0	4864b693	sltiu	x13,x9,1158	  x9:0x46165001 x13=0x00000000
        6085000	       607	80001ab4	01ebda13	srli	x20,x23,0x1e	 x23:0x013e4000 x20=0x00000000
        6095000	       608	80001ab8	ffe30313	addi	x6,x6,-2	  x6:0x00000005  x6=0x00000003
        6105000	       609	80001abc	015bb7b3	sltu	x15,x23,x21	 x23:0x013e4000 x21:0x00000004 x15=0x00000000
        6115000	       610	80001ac0	ff5378e3	bgeu	x6,x21,80001ab0	  x6:0x00000003 x21:0x00000004
        6125000	       611	80001ac4	fdbccee3	blt	x25,x27,80001aa0	 x25:0x00000000 x27:0x00000006
        6135000	       612	00000000	00000013	addi	x0,x0,0	  x0:0x00000000
        6145000	       613	80001a9c	00000013	addi	x0,x0,0	  x0:0x00000000
        6155000	       614	80001aa0	d5a58113	addi	x2,x11,-678	 x11:0x00003fff  x2=0x00003d59
        6165000	       615	80001aa4	006c8c93	addi	x25,x25,6	 x25:0x00000000 x25=0x00000006
        6175000	       616	80001aa8	00500313	addi	x6,x0,5	  x0:0x00000000  x6=0x00000005
        6185000	       617	80001aac	00400a93	addi	x21,x0,4	  x0:0x00000000 x21=0x00000004
        6195000	       618	80001ab0	4864b693	sltiu	x13,x9,1158	  x9:0x46165001 x13=0x00000000
        6205000	       619	80001ab4	01ebda13	srli	x20,x23,0x1e	 x23:0x013e4000 x20=0x00000000
        6215000	       620	80001ab8	ffe30313	addi	x6,x6,-2	  x6:0x00000005  x6=0x00000003
        6225000	       621	80001abc	015bb7b3	sltu	x15,x23,x21	 x23:0x013e4000 x21:0x00000004 x15=0x00000000
        6235000	       622	80001ac0	ff5378e3	bgeu	x6,x21,80001ab0	  x6:0x00000003 x21:0x00000004
        6245000	       623	80001ac4	fdbccee3	blt	x25,x27,80001aa0	 x25:0x00000006 x27:0x00000006
        6255000	       624	80001ac8	00000013	addi	x0,x0,0	  x0:0x00000000
        6265000	       625	80001acc	003ddd13	srli	x26,x27,0x3	 x27:0x00000006 x26=0x00000000
        6275000	       626	80001ad0	01310ab3	add	x21,x2,x19	  x2:0x00003d59 x19:0x0008cd0d x21=0x00090a66
        6285000	       627	80001ad4	00f624b3	slt	x9,x12,x15	 x12:0xfffffffc x15:0x00000000  x9=0x00000001
        6295000	       628	80001ad8	00000013	addi	x0,x0,0	  x0:0x00000000
        6305000	       629	80001adc	00a9fc13	andi	x24,x19,10	 x19:0x0008cd0d x24=0x00000008
        6315000	       630	80001ae0	016e3433	sltu	x8,x28,x22	 x28:0x80000000 x22:0x46165000  x8=0x00000000
        6325000	       631	80001ae4	0387c463	blt	x15,x24,80001b0c	 x15:0x00000000 x24:0x00000008
        6335000	       632	00000000	00000013	addi	x0,x0,0	  x0:0x00000000
        6345000	       633	80001b08	00000013	addi	x0,x0,0	  x0:0x00000000
        6355000	       634	80001b0c	88164513	xori	x10,x12,-1919	 x12:0xfffffffc x10=0x0000077d
        6365000	       635	80001b10	03cef863	bgeu	x29,x28,80001b40	 x29:0xfffff872 x28:0x80000000
        6375000	       636	00000000	00000013	addi	x0,x0,0	  x0:0x00000000
        6385000	       637	80001b3c	00000013	addi	x0,x0,0	  x0:0x00000000
        6395000	       638	80001b40	01454033	xor	x0,x10,x20	 x10:0x0000077d x20:0x00000000
        6405000	       639	80001b44	033d0a63	beq	x26,x19,80001b78	 x26:0x00000000 x19:0x0008cd0d
        6415000	       640	80001b48	0180d393	srli	x7,x1,0x18	  x1:0xf444508c  x7=0x000000f4
        6425000	       641	80001b4c	00000013	addi	x0,x0,0	  x0:0x00000000
        6435000	       642	80001b50	00927f33	and	x30,x4,x9	  x4:0x1a32e040  x9:0x00000001 x30=0x00000000
        6445000	       643	80001b54	405f80b3	sub	x1,x31,x5	 x31:0x00000000  x5:0x00001000  x1=0xfffff000
        6455000	       644	80001b58	bbf1af13	slti	x30,x3,-1089	  x3:0x00000001 x30=0x00000000
        6465000	       645	80001b5c	b3cba093	slti	x1,x23,-1220	 x23:0x013e4000  x1=0x00000000
        6475000	       646	80001b60	ce4acf93	xori	x31,x21,-796	 x21:0x00090a66 x31=0xfff6f682
        6485000	       647	80001b64	deee4693	xori	x13,x28,-530	 x28:0x80000000 x13=0x7ffffdee
        6495000	       648	80001b68	01b95293	srli	x5,x18,0x1b	 x18:0x1a32e7ec  x5=0x00000003
        6505000	       649	80001b6c	007f7f33	and	x30,x30,x7	 x30:0x00000000  x7:0x000000f4 x30=0x00000000
        6515000	       650	80001b70	001d5c13	srli	x24,x26,0x1	 x26:0x00000000 x24=0x00000000
        6525000	       651	80001b74	a79d8593	addi	x11,x27,-1415	 x27:0x00000006 x11=0xfffffa7f
        6535000	       652	80001b78	40a88a33	sub	x20,x17,x10	 x17:0x80009f20 x10:0x0000077d x20=0x800097a3
        6545000	       653	80001b7c	00f5a5b3	slt	x11,x11,x15	 x11:0xfffffa7f x15:0x00000000 x11=0x00000001
        6555000	       654	80001b80	01026c63	bltu	x4,x16,80001b98	  x4:0x1a32e040 x16:0x80009fc4
        6565000	       655	00000000	00000013	addi	x0,x0,0	  x0:0x00000000
        6575000	       656	80001b94	00000013	addi	x0,x0,0	  x0:0x00000000
        6585000	       657	80001b98	00000013	addi	x0,x0,0	  x0:0x00000000
        6595000	       658	80001b9c	006726b3	slt	x13,x14,x6	 x14:0x00000000  x6:0x00000003 x13=0x00000001
        6605000	       659	80001ba0	0150c4b3	xor	x9,x1,x21	  x1:0x00000000 x21:0x00090a66  x9=0x00090a66
        6615000	       660	80001ba4	0578f263	bgeu	x17,x23,80001be8	 x17:0x80009f20 x23:0x013e4000
        6625000	       661	00000000	00000013	addi	x0,x0,0	  x0:0x00000000
        6635000	       662	80001be4	00000013	addi	x0,x0,0	  x0:0x00000000
        6645000	       663	80001be8	409954b3	sra	x9,x18,x9	 x18:0x1a32e7ec  x9:0x00090a66  x9=0x0068cb9f
        6655000	       664	80001bec	00404d33	xor	x26,x0,x4	  x0:0x00000000  x4:0x1a32e040 x26=0x1a32e040
        6665000	       665	80001bf0	9dc38b13	addi	x22,x7,-1572	  x7:0x000000f4 x22=0xfffffad0
        6675000	       666	80001bf4	01a8f633	and	x12,x17,x26	 x17:0x80009f20 x26:0x1a32e040 x12=0x00008000
        6685000	       667	80001bf8	cac0de97	auipc	x29,0xcac0d	 x29=0x4ac0ebf4
        6695000	       668	80001bfc	b35a7693	andi	x13,x20,-1227	 x20:0x800097a3 x13=0x80009321
        6705000	       669	80001c00	00000013	addi	x0,x0,0	  x0:0x00000000
        6715000	       670	80001c04	0472c063	blt	x5,x7,80001c44	  x5:0x00000003  x7:0x000000f4
        6725000	       671	00000000	00000013	addi	x0,x0,0	  x0:0x00000000
        6735000	       672	80001c40	00000013	addi	x0,x0,0	  x0:0x00000000
        6745000	       673	80001c44	25d47a13	andi	x20,x8,605	  x8:0x00000000 x20=0x00000000
        6755000	       674	80001c48	41515ab3	sra	x21,x2,x21	  x2:0x00003d59 x21:0x00090a66 x21=0x000000f5
        6765000	       675	80001c4c	00df7933	and	x18,x30,x13	 x30:0x00000000 x13:0x80009321 x18=0x00000000
        6775000	       676	80001c50	e5996193	ori	x3,x18,-423	 x18:0x00000000  x3=0xfffffe59
        6785000	       677	80001c54	4060dab3	sra	x21,x1,x6	  x1:0x00000000  x6:0x00000003 x21=0x00000000
        6795000	       678	80001c58	00a35113	srli	x2,x6,0xa	  x6:0x00000003  x2=0x00000000
        6805000	       679	80001c5c	01775fb3	srl	x31,x14,x23	 x14:0x00000000 x23:0x013e4000 x31=0x00000000
        6815000	       680	80001c60	00962233	slt	x4,x12,x9	 x12:0x00008000  x9:0x0068cb9f  x4=0x00000001
        6825000	       681	80001c64	d5d4ab13	slti	x22,x9,-675	  x9:0x0068cb9f x22=0x00000000
        6835000	       682	80001c68	005082b3	add	x5,x1,x5	  x1:0x00000000  x5:0x00000003  x5=0x00000003
        6845000	       683	80001c6c	01b95e93	srli	x29,x18,0x1b	 x18:0x00000000 x29=0x00000000
        6855000	       684	80001c70	01993333	sltu	x6,x18,x25	 x18:0x00000000 x25:0x00000006  x6=0x00000001
        6865000	       685	80001c74	019da9b3	slt	x19,x27,x25	 x27:0x00000006 x25:0x00000006 x19=0x00000000
        6875000	       686	80001c78	923e3d93	sltiu	x27,x28,-1757	 x28:0x80000000 x27=0x00000001
        6885000	       687	80001c7c	417686b3	sub	x13,x13,x23	 x13:0x80009321 x23:0x013e4000 x13=0x7ec25321
        6895000	       688	80001c80	00581ab3	sll	x21,x16,x5	 x16:0x80009fc4  x5:0x00000003 x21=0x0004fe20
        6905000	       689	80001c84	001dcd33	xor	x26,x27,x1	 x27:0x00000001  x1:0x00000000 x26=0x00000001
        6915000	       690	80001c88	41d9dc33	sra	x24,x19,x29	 x19:0x00000000 x29:0x00000000 x24=0x00000000
        6925000	       691	80001c8c	99bf3593	sltiu	x11,x30,-1637	 x30:0x00000000 x11=0x00000001
        6935000	       692	80001c90	03e95a63	bge	x18,x30,80001cc4	 x18:0x00000000 x30:0x00000000
        6945000	       693	00000000	00000013	addi	x0,x0,0	  x0:0x00000000
        6955000	       694	80001cc0	00000013	addi	x0,x0,0	  x0:0x00000000
        6965000	       695	80001cc4	6070d2b7	lui	x5,0x6070d	  x5=0x6070d000
        6975000	       696	80001cc8	010f5733	srl	x14,x30,x16	 x30:0x00000000 x16:0x80009fc4 x14=0x00000000
        6985000	       697	80001ccc	00dec933	xor	x18,x29,x13	 x29:0x00000000 x13:0x7ec25321 x18=0x7ec25321
        6995000	       698	80001cd0	40b5d113	srai	x2,x11,0xb	 x11:0x00000001  x2=0x00000000
        7005000	       699	80001cd4	007ea733	slt	x14,x29,x7	 x29:0x00000000  x7:0x000000f4 x14=0x00000001
        7015000	       700	80001cd8	02c3f063	bgeu	x7,x12,80001cf8	  x7:0x000000f4 x12:0x00008000
        7025000	       701	80001cdc	00a0f733	and	x14,x1,x10	  x1:0x00000000 x10:0x0000077d x14=0x00000000
        7035000	       702	80001ce0	015fdc63	bge	x31,x21,80001cf8	 x31:0x00000000 x21:0x0004fe20
        7045000	       703	80001ce4	018ec0b3	xor	x1,x29,x24	 x29:0x00000000 x24:0x00000000  x1=0x00000000
        7055000	       704	80001ce8	01817863	bgeu	x2,x24,80001cf8	  x2:0x00000000 x24:0x00000000
        7065000	       705	00000000	00000013	addi	x0,x0,0	  x0:0x00000000
        7075000	       706	80001cf4	00000013	addi	x0,x0,0	  x0:0x00000000
        7085000	       707	80001cf8	01ec3cb3	sltu	x25,x24,x30	 x24:0x00000000 x30:0x00000000 x25=0x00000000
        7095000	       708	80001cfc	000b9133	sll	x2,x23,x0	 x23:0x013e4000  x0:0x00000000  x2=0x013e4000
        7105000	       709	80001d00	22976093	ori	x1,x14,553	 x14:0x00000000  x1=0x00000229
        7115000	       710	80001d04	4196d033	sra	x0,x13,x25	 x13:0x7ec25321 x25:0x00000000
        7125000	       711	80001d08	0048a303	lw	x6,4(x17)	 x17:0x80009f20  x6=0x80002134 PA:0x80009f24
        7135000	       712	80001d0c	02888893	addi	x17,x17,40	 x17:0x80009f20 x17=0x80009f48
        7145000	       713	80001d10	015b26b3	slt	x13,x22,x21	 x22:0x00000000 x21:0x0004fe20 x13=0x00000001
        7155000	       714	80001d14	40c056b3	sra	x13,x0,x12	  x0:0x00000000 x12:0x00008000 x13=0x00000000
        7165000	       715	80001d18	017dad33	slt	x26,x27,x23	 x27:0x00000001 x23:0x013e4000 x26=0x00000001
        7175000	       716	80001d1c	00bfd1b3	srl	x3,x31,x11	 x31:0x00000000 x11:0x00000001  x3=0x00000000
        7185000	       717	80001d20	005bd113	srli	x2,x23,0x5	 x23:0x013e4000  x2=0x0009f200
        7195000	       718	80001d24	00000013	addi	x0,x0,0	  x0:0x00000000
        7205000	       719	80001d28	00030f13	addi	x30,x6,0	  x6:0x80002134 x30=0x80002134
        7215000	       720	80001d2c	000f0f67	jalr	x30,x30,0	 x30:0x80002134 x30=0x80001d2c
        7225000	       721	00000000	00000013	addi	x0,x0,0	  x0:0x00000000
        7235000	       722	80002134	00000013	addi	x0,x0,0	  x0:0x00000000
        7245000	       723	80002138	ffc00393	addi	x7,x0,-4	  x0:0x00000000  x7=0xfffffffc
        7255000	       724	8000213c	ff100093	addi	x1,x0,-15	  x0:0x00000000  x1=0xfffffff1
        7265000	       725	80002140	0010a6b3	slt	x13,x1,x1	  x1:0xfffffff1  x1:0xfffffff1 x13=0x00000000
        7275000	       726	80002144	ff638393	addi	x7,x7,-10	  x7:0xfffffffc  x7=0xfffffff2
        7285000	       727	80002148	41c78233	sub	x4,x15,x28	 x15:0x00000000 x28:0x80000000  x4=0x80000000
        7295000	       728	8000214c	ffa00d93	addi	x27,x0,-6	  x0:0x00000000 x27=0xfffffffa
        7305000	       729	80002150	ff700713	addi	x14,x0,-9	  x0:0x00000000 x14=0xfffffff7
        7315000	       730	80002154	41d18a33	sub	x20,x3,x29	  x3:0x00000000 x29:0x00000000 x20=0x00000000
        7325000	       731	80002158	ffbd8d93	addi	x27,x27,-5	 x27:0xfffffffa x27=0xfffffff5
        7335000	       732	8000215c	feeddce3	bge	x27,x14,80002154	 x27:0xfffffff5 x14:0xfffffff7
        7345000	       733	80002160	fe13d0e3	bge	x7,x1,80002140	  x7:0xfffffff2  x1:0xfffffff1
        7355000	       734	00000000	00000013	addi	x0,x0,0	  x0:0x00000000
        7365000	       735	8000213c	00000013	addi	x0,x0,0	  x0:0x00000000
        7375000	       736	80002140	0010a6b3	slt	x13,x1,x1	  x1:0xfffffff1  x1:0xfffffff1 x13=0x00000000
        7385000	       737	80002144	ff638393	addi	x7,x7,-10	  x7:0xfffffff2  x7=0xffffffe8
        7395000	       738	80002148	41c78233	sub	x4,x15,x28	 x15:0x00000000 x28:0x80000000  x4=0x80000000
        7405000	       739	8000214c	ffa00d93	addi	x27,x0,-6	  x0:0x00000000 x27=0xfffffffa
        7415000	       740	80002150	ff700713	addi	x14,x0,-9	  x0:0x00000000 x14=0xfffffff7
        7425000	       741	80002154	41d18a33	sub	x20,x3,x29	  x3:0x00000000 x29:0x00000000 x20=0x00000000
        7435000	       742	80002158	ffbd8d93	addi	x27,x27,-5	 x27:0xfffffffa x27=0xfffffff5
        7445000	       743	8000215c	feeddce3	bge	x27,x14,80002154	 x27:0xfffffff5 x14:0xfffffff7
        7455000	       744	80002160	fe13d0e3	bge	x7,x1,80002140	  x7:0xffffffe8  x1:0xfffffff1
        7465000	       745	80002164	cabd2793	slti	x15,x26,-853	 x26:0x00000001 x15=0x00000000
        7475000	       746	80002168	01ac1cb3	sll	x25,x24,x26	 x24:0x00000000 x26:0x00000001 x25=0x00000000
        7485000	       747	8000216c	0038feb3	and	x29,x17,x3	 x17:0x80009f48  x3:0x00000000 x29=0x00000000
        7495000	       748	80002170	00f75233	srl	x4,x14,x15	 x14:0xfffffff7 x15:0x00000000  x4=0xfffffff7
        7505000	       749	80002174	00000013	addi	x0,x0,0	  x0:0x00000000
        7515000	       750	80002178	0122dc63	bge	x5,x18,80002190	  x5:0x6070d000 x18:0x7ec25321
        7525000	       751	8000217c	80d7e237	lui	x4,0x80d7e	  x4=0x80d7e000
        7535000	       752	80002180	3d62f693	andi	x13,x5,982	  x5:0x6070d000 x13=0x00000000
        7545000	       753	80002184	00d75193	srli	x3,x14,0xd	 x14:0xfffffff7  x3=0x0007ffff
        7555000	       754	80002188	00574933	xor	x18,x14,x5	 x14:0xfffffff7  x5:0x6070d000 x18=0x9f8f2ff7
        7565000	       755	8000218c	017ee733	or	x14,x29,x23	 x29:0x00000000 x23:0x013e4000 x14=0x013e4000
        7575000	       756	80002190	401cd9b3	sra	x19,x25,x1	 x25:0x00000000  x1:0xfffffff1 x19=0x00000000
        7585000	       757	80002194	00a49493	slli	x9,x9,0xa	  x9:0x0068cb9f  x9=0xa32e7c00
        7595000	       758	80002198	1484c993	xori	x19,x9,328	  x9:0xa32e7c00 x19=0xa32e7d48
        7605000	       759	8000219c	0113dd93	srli	x27,x7,0x11	  x7:0xffffffe8 x27=0x00007fff
        7615000	       760	800021a0	000b2f33	slt	x30,x22,x0	 x22:0x00000000  x0:0x00000000 x30=0x00000000
        7625000	       761	800021a4	01bd8a63	beq	x27,x27,800021b8	 x27:0x00007fff x27:0x00007fff
        7635000	       762	00000000	00000013	addi	x0,x0,0	  x0:0x00000000
        7645000	       763	800021b4	00000013	addi	x0,x0,0	  x0:0x00000000
        7655000	       764	800021b8	0015e663	bltu	x11,x1,800021c4	 x11:0x00000001  x1:0xfffffff1
        7665000	       765	00000000	00000013	addi	x0,x0,0	  x0:0x00000000
        7675000	       766	800021c0	00000013	addi	x0,x0,0	  x0:0x00000000
        7685000	       767	800021c4	01a9c663	blt	x19,x26,800021d0	 x19:0xa32e7d48 x26:0x00000001
        7695000	       768	00000000	00000013	addi	x0,x0,0	  x0:0x00000000
        7705000	       769	800021cc	00000013	addi	x0,x0,0	  x0:0x00000000
        7715000	       770	800021d0	01bbefb3	or	x31,x23,x27	 x23:0x013e4000 x27:0x00007fff x31=0x013e7fff
        7725000	       771	800021d4	02d06063	bltu	x0,x13,800021f4	  x0:0x00000000 x13:0x00000000
        7735000	       772	800021d8	478dad93	slti	x27,x27,1144	 x27:0x00007fff x27=0x00000000
        7745000	       773	800021dc	502469b7	lui	x19,0x50246	 x19=0x50246000
        7755000	       774	800021e0	97760bb7	lui	x23,0x97760	 x23=0x97760000
        7765000	       775	800021e4	017a3333	sltu	x6,x20,x23	 x20:0x00000000 x23:0x97760000  x6=0x00000001
        7775000	       776	800021e8	00000013	addi	x0,x0,0	  x0:0x00000000
        7785000	       777	800021ec	4162ac93	slti	x25,x5,1046	  x5:0x6070d000 x25=0x00000000
        7795000	       778	800021f0	015e9493	slli	x9,x29,0x15	 x29:0x00000000  x9=0x00000000
        7805000	       779	800021f4	01b5aa33	slt	x20,x11,x27	 x11:0x00000001 x27:0x00000000 x20=0x00000000
        7815000	       780	800021f8	00bf8933	add	x18,x31,x11	 x31:0x013e7fff x11:0x00000001 x18=0x013e8000
        7825000	       781	800021fc	0191ccb3	xor	x25,x3,x25	  x3:0x0007ffff x25:0x00000000 x25=0x0007ffff
        7835000	       782	80002200	dc05cc93	xori	x25,x11,-576	 x11:0x00000001 x25=0xfffffdc1
        7845000	       783	80002204	41910933	sub	x18,x2,x25	  x2:0x0009f200 x25:0xfffffdc1 x18=0x0009f43f
        7855000	       784	80002208	05786063	bltu	x16,x23,80002248	 x16:0x80009fc4 x23:0x97760000
        7865000	       785	00000000	00000013	addi	x0,x0,0	  x0:0x00000000
        7875000	       786	80002244	00000013	addi	x0,x0,0	  x0:0x00000000
        7885000	       787	80002248	b076b793	sltiu	x15,x13,-1273	 x13:0x00000000 x15=0x00000001
        7895000	       788	8000224c	01f3e533	or	x10,x7,x31	  x7:0xffffffe8 x31:0x013e7fff x10=0xffffffff
        7905000	       789	80002250	cf780993	addi	x19,x16,-777	 x16:0x80009fc4 x19=0x80009cbb
        7915000	       790	80002254	033bc463	blt	x23,x19,8000227c	 x23:0x97760000 x19:0x80009cbb
        7925000	       791	80002258	d4c86513	ori	x10,x16,-692	 x16:0x80009fc4 x10=0xffffffcc
        7935000	       792	8000225c	bff50013	addi	x0,x10,-1025	 x10:0xffffffcc
        7945000	       793	80002260	406bd393	srai	x7,x23,0x6	 x23:0x97760000  x7=0xfe5dd800
        7955000	       794	80002264	0061cdb3	xor	x27,x3,x6	  x3:0x0007ffff  x6:0x00000001 x27=0x0007fffe
        7965000	       795	80002268	1ea04113	xori	x2,x0,490	  x0:0x00000000  x2=0x000001ea
        7975000	       796	8000226c	010c5863	bge	x24,x16,8000227c	 x24:0x00000000 x16:0x80009fc4
        7985000	       797	00000000	00000013	addi	x0,x0,0	  x0:0x00000000
        7995000	       798	80002278	00000013	addi	x0,x0,0	  x0:0x00000000
        8005000	       799	8000227c	4ea6bb97	auipc	x23,0x4ea6b	 x23=0xcea6d278
        8015000	       800	80002280	00c2ddb3	srl	x27,x5,x12	  x5:0x6070d000 x12:0x00008000 x27=0x6070d000
        8025000	       801	80002284	0048a303	lw	x6,4(x17)	 x17:0x80009f48  x6=0x80000140 PA:0x80009f4c
        8035000	       802	80002288	41b0d5b3	sra	x11,x1,x27	  x1:0xfffffff1 x27:0x6070d000 x11=0xfffffff1
        8045000	       803	8000228c	00000013	addi	x0,x0,0	  x0:0x00000000
        8055000	       804	80002290	03c88893	addi	x17,x17,60	 x17:0x80009f48 x17=0x80009f84
        8065000	       805	80002294	80f4ed13	ori	x26,x9,-2033	  x9:0x00000000 x26=0xfffff80f
        8075000	       806	80002298	00030213	addi	x4,x6,0	  x6:0x80000140  x4=0x80000140
        8085000	       807	8000229c	00020267	jalr	x4,x4,0	  x4:0x80000140  x4=0x8000229c
        8095000	       808	00000000	00000013	addi	x0,x0,0	  x0:0x00000000
        8105000	       809	80000140	00000013	addi	x0,x0,0	  x0:0x00000000
        8115000	       810	80000144	00600493	addi	x9,x0,6	  x0:0x00000000  x9=0x00000006
        8125000	       811	80000148	ff700e93	addi	x29,x0,-9	  x0:0x00000000 x29=0xfffffff7
        8135000	       812	8000014c	e3c7ed93	ori	x27,x15,-452	 x15:0x00000001 x27=0xfffffe3d
        8145000	       813	80000150	8c6066b7	lui	x13,0x8c606	 x13=0x8c606000
        8155000	       814	80000154	e1d67213	andi	x4,x12,-483	 x12:0x00008000  x4=0x00008000
        8165000	       815	80000158	ffa48493	addi	x9,x9,-6	  x9:0x00000006  x9=0x00000000
        8175000	       816	8000015c	c2cd3b93	sltiu	x23,x26,-980	 x26:0xfffff80f x23=0x00000001
        8185000	       817	80000160	b1c5c613	xori	x12,x11,-1252	 x11:0xfffffff1 x12=0x000004ed
        8195000	       818	80000164	0026fcb3	and	x25,x13,x2	 x13:0x8c606000  x2:0x000001ea x25=0x00000000
        8205000	       819	80000168	01906d33	or	x26,x0,x25	  x0:0x00000000 x25:0x00000000 x26=0x00000000
        8215000	       820	8000016c	013a6fb3	or	x31,x20,x19	 x20:0x00000000 x19:0x80009cbb x31=0x80009cbb
        8225000	       821	80000170	fdd4dee3	bge	x9,x29,8000014c	  x9:0x00000000 x29:0xfffffff7
        8235000	       822	00000000	00000013	addi	x0,x0,0	  x0:0x00000000
        8245000	       823	80000148	00000013	addi	x0,x0,0	  x0:0x00000000
        8255000	       824	8000014c	e3c7ed93	ori	x27,x15,-452	 x15:0x00000001 x27=0xfffffe3d
        8265000	       825	80000150	8c6066b7	lui	x13,0x8c606	 x13=0x8c606000
        8275000	       826	80000154	e1d67213	andi	x4,x12,-483	 x12:0x000004ed  x4=0x0000040d
        8285000	       827	80000158	ffa48493	addi	x9,x9,-6	  x9:0x00000000  x9=0xfffffffa
        8295000	       828	8000015c	c2cd3b93	sltiu	x23,x26,-980	 x26:0x00000000 x23=0x00000001
        8305000	       829	80000160	b1c5c613	xori	x12,x11,-1252	 x11:0xfffffff1 x12=0x000004ed
        8315000	       830	80000164	0026fcb3	and	x25,x13,x2	 x13:0x8c606000  x2:0x000001ea x25=0x00000000
        8325000	       831	80000168	01906d33	or	x26,x0,x25	  x0:0x00000000 x25:0x00000000 x26=0x00000000
        8335000	       832	8000016c	013a6fb3	or	x31,x20,x19	 x20:0x00000000 x19:0x80009cbb x31=0x80009cbb
        8345000	       833	80000170	fdd4dee3	bge	x9,x29,8000014c	  x9:0xfffffffa x29:0xfffffff7
        8355000	       834	00000000	00000013	addi	x0,x0,0	  x0:0x00000000
        8365000	       835	80000148	00000013	addi	x0,x0,0	  x0:0x00000000
        8375000	       836	8000014c	e3c7ed93	ori	x27,x15,-452	 x15:0x00000001 x27=0xfffffe3d
        8385000	       837	80000150	8c6066b7	lui	x13,0x8c606	 x13=0x8c606000
        8395000	       838	80000154	e1d67213	andi	x4,x12,-483	 x12:0x000004ed  x4=0x0000040d
        8405000	       839	80000158	ffa48493	addi	x9,x9,-6	  x9:0xfffffffa  x9=0xfffffff4
        8415000	       840	8000015c	c2cd3b93	sltiu	x23,x26,-980	 x26:0x00000000 x23=0x00000001
        8425000	       841	80000160	b1c5c613	xori	x12,x11,-1252	 x11:0xfffffff1 x12=0x000004ed
        8435000	       842	80000164	0026fcb3	and	x25,x13,x2	 x13:0x8c606000  x2:0x000001ea x25=0x00000000
        8445000	       843	80000168	01906d33	or	x26,x0,x25	  x0:0x00000000 x25:0x00000000 x26=0x00000000
        8455000	       844	8000016c	013a6fb3	or	x31,x20,x19	 x20:0x00000000 x19:0x80009cbb x31=0x80009cbb
        8465000	       845	80000170	fdd4dee3	bge	x9,x29,8000014c	  x9:0xfffffff4 x29:0xfffffff7
        8475000	       846	80000174	408f5413	srai	x8,x30,0x8	 x30:0x00000000  x8=0x00000000
        8485000	       847	80000178	00400f93	addi	x31,x0,4	  x0:0x00000000 x31=0x00000004
        8495000	       848	8000017c	00500413	addi	x8,x0,5	  x0:0x00000000  x8=0x00000005
        8505000	       849	80000180	9c2b2293	slti	x5,x22,-1598	 x22:0x00000000  x5=0x00000000
        8515000	       850	80000184	008f8f93	addi	x31,x31,8	 x31:0x00000004 x31=0x0000000c
        8525000	       851	80000188	fe8fcce3	blt	x31,x8,80000180	 x31:0x0000000c  x8:0x00000005
        8535000	       852	8000018c	23bba337	lui	x6,0x23bba	  x6=0x23bba000
        8545000	       853	80000190	00900d93	addi	x27,x0,9	  x0:0x00000000 x27=0x00000009
        8555000	       854	80000194	30775917	auipc	x18,0x30775	 x18=0xb0775190
        8565000	       855	80000198	00000013	addi	x0,x0,0	  x0:0x00000000
        8575000	       856	8000019c	00900413	addi	x8,x0,9	  x0:0x00000000  x8=0x00000009
        8585000	       857	800001a0	00a6e333	or	x6,x13,x10	 x13:0x8c606000 x10:0xffffffcc  x6=0xffffffcc
        8595000	       858	800001a4	463c8a13	addi	x20,x25,1123	 x25:0x00000000 x20=0x00000463
        8605000	       859	800001a8	41a8d333	sra	x6,x17,x26	 x17:0x80009f84 x26:0x00000000  x6=0x80009f84
        8615000	       860	800001ac	ff8d8d93	addi	x27,x27,-8	 x27:0x00000009 x27=0x00000001
        8625000	       861	800001b0	00444bb3	xor	x23,x8,x4	  x8:0x00000009  x4:0x0000040d x23=0x00000404
        8635000	       862	800001b4	40fd5313	srai	x6,x26,0xf	 x26:0x00000000  x6=0x00000000
        8645000	       863	800001b8	00a00213	addi	x4,x0,10	  x0:0x00000000  x4=0x0000000a
        8655000	       864	800001bc	01a7ca33	xor	x20,x15,x26	 x15:0x00000001 x26:0x00000000 x20=0x00000001
        8665000	       865	800001c0	93944a93	xori	x21,x8,-1735	  x8:0x00000009 x21=0xfffff930
        8675000	       866	800001c4	00f00993	addi	x19,x0,15	  x0:0x00000000 x19=0x0000000f
        8685000	       867	800001c8	0aad3a93	sltiu	x21,x26,170	 x26:0x00000000 x21=0x00000001
        8695000	       868	800001cc	0195b533	sltu	x10,x11,x25	 x11:0xfffffff1 x25:0x00000000 x10=0x00000000
        8705000	       869	800001d0	d7f44c93	xori	x25,x8,-641	  x8:0x00000009 x25=0xfffffd76
        8715000	       870	800001d4	001c1593	slli	x11,x24,0x1	 x24:0x00000000 x11=0x00000000
        8725000	       871	800001d8	77d05bb7	lui	x23,0x77d05	 x23=0x77d05000
        8735000	       872	800001dc	00320213	addi	x4,x4,3	  x4:0x0000000a  x4=0x0000000d
        8745000	       873	800001e0	00a1af93	slti	x31,x3,10	  x3:0x0007ffff x31=0x00000000
        8755000	       874	800001e4	ff3246e3	blt	x4,x19,800001d0	  x4:0x0000000d x19:0x0000000f
        8765000	       875	00000000	00000013	addi	x0,x0,0	  x0:0x00000000
        8775000	       876	800001cc	00000013	addi	x0,x0,0	  x0:0x00000000
        8785000	       877	800001d0	d7f44c93	xori	x25,x8,-641	  x8:0x00000009 x25=0xfffffd76
        8795000	       878	800001d4	001c1593	slli	x11,x24,0x1	 x24:0x00000000 x11=0x00000000
        8805000	       879	800001d8	77d05bb7	lui	x23,0x77d05	 x23=0x77d05000
        8815000	       880	800001dc	00320213	addi	x4,x4,3	  x4:0x0000000d  x4=0x00000010
        8825000	       881	800001e0	00a1af93	slti	x31,x3,10	  x3:0x0007ffff x31=0x00000000
        8835000	       882	800001e4	ff3246e3	blt	x4,x19,800001d0	  x4:0x00000010 x19:0x0000000f
        8845000	       883	800001e8	82576b13	ori	x22,x14,-2011	 x14:0x013e4000 x22=0xfffff825
        8855000	       884	800001ec	00d7e1b3	or	x3,x15,x13	 x15:0x00000001 x13:0x8c606000  x3=0x8c606001
        8865000	       885	800001f0	fa8dfae3	bgeu	x27,x8,800001a4	 x27:0x00000001  x8:0x00000009
        8875000	       886	800001f4	011827b3	slt	x15,x16,x17	 x16:0x80009fc4 x17:0x80009f84 x15=0x00000000
        8885000	       887	800001f8	00a00493	addi	x9,x0,10	  x0:0x00000000  x9=0x0000000a
        8895000	       888	800001fc	401b8333	sub	x6,x23,x1	 x23:0x77d05000  x1:0xfffffff1  x6=0x77d0500f
        8905000	       889	80000200	00d8f6b3	and	x13,x17,x13	 x17:0x80009f84 x13:0x8c606000 x13=0x80000000
        8915000	       890	80000204	01fe9733	sll	x14,x29,x31	 x29:0xfffffff7 x31:0x00000000 x14=0xfffffff7
        8925000	       891	80000208	8308f613	andi	x12,x17,-2000	 x17:0x80009f84 x12=0x80009800
        8935000	       892	8000020c	4004d793	srai	x15,x9,0x0	  x9:0x0000000a x15=0x0000000a
        8945000	       893	80000210	00a00213	addi	x4,x0,10	  x0:0x00000000  x4=0x0000000a
        8955000	       894	80000214	113bbe93	sltiu	x29,x23,275	 x23:0x77d05000 x29=0x00000000
        8965000	       895	80000218	014b7933	and	x18,x22,x20	 x22:0xfffff825 x20:0x00000001 x18=0x00000001
        8975000	       896	8000021c	01168013	addi	x0,x13,17	 x13:0x80000000
        8985000	       897	80000220	403adab3	sra	x21,x21,x3	 x21:0x00000001  x3:0x8c606001 x21=0x00000000
        8995000	       898	80000224	00bc73b3	and	x7,x24,x11	 x24:0x00000000 x11:0x00000000  x7=0x00000000
        9005000	       899	80000228	ff748493	addi	x9,x9,-9	  x9:0x0000000a  x9=0x00000001
        9015000	       900	8000022c	5f658713	addi	x14,x11,1526	 x11:0x00000000 x14=0x000005f6
        9025000	       901	80000230	007851b3	srl	x3,x16,x7	 x16:0x80009fc4  x7:0x00000000  x3=0x80009fc4
        9035000	       902	80000234	0043c133	xor	x2,x7,x4	  x7:0x00000000  x4:0x0000000a  x2=0x0000000a
        9045000	       903	80000238	8c56b093	sltiu	x1,x13,-1851	 x13:0x80000000  x1=0x00000001
        9055000	       904	8000023c	fe44f0e3	bgeu	x9,x4,8000021c	  x9:0x00000001  x4:0x0000000a
        9065000	       905	80000240	41975c93	srai	x25,x14,0x19	 x14:0x000005f6 x25=0x00000000
        9075000	       906	80000244	ffa00213	addi	x4,x0,-6	  x0:0x00000000  x4=0xfffffffa
        9085000	       907	80000248	01162eb3	slt	x29,x12,x17	 x12:0x80009800 x17:0x80009f84 x29=0x00000001
        9095000	       908	8000024c	39eceb93	ori	x23,x25,926	 x25:0x00000000 x23=0x0000039e
        9105000	       909	80000250	00b00a13	addi	x20,x0,11	  x0:0x00000000 x20=0x0000000b
        9115000	       910	80000254	008f7b33	and	x22,x30,x8	 x30:0x00000000  x8:0x00000009 x22=0x00000000
        9125000	       911	80000258	d2cd0993	addi	x19,x26,-724	 x26:0x00000000 x19=0xfffffd2c
        9135000	       912	8000025c	00220213	addi	x4,x4,2	  x4:0xfffffffa  x4=0xfffffffc
        9145000	       913	80000260	c72ee993	ori	x19,x29,-910	 x29:0x00000001 x19=0xfffffc73
        9155000	       914	80000264	00900413	addi	x8,x0,9	  x0:0x00000000  x8=0x00000009
        9165000	       915	80000268	00800713	addi	x14,x0,8	  x0:0x00000000 x14=0x00000008
        9175000	       916	8000026c	00151033	sll	x0,x10,x1	 x10:0x00000000  x1:0x00000001
        9185000	       917	80000270	00000013	addi	x0,x0,0	  x0:0x00000000
        9195000	       918	80000274	419657b3	sra	x15,x12,x25	 x12:0x80009800 x25:0x00000000 x15=0x80009800
        9205000	       919	80000278	ffb40413	addi	x8,x8,-5	  x8:0x00000009  x8=0x00000004
        9215000	       920	8000027c	fee47ae3	bgeu	x8,x14,80000270	  x8:0x00000004 x14:0x00000008
        9225000	       921	80000280	013d1c13	slli	x24,x26,0x13	 x26:0x00000000 x24=0x00000000
        9235000	       922	80000284	019f4133	xor	x2,x30,x25	 x30:0x00000000 x25:0x00000000  x2=0x00000000
        9245000	       923	80000288	014ee2b3	or	x5,x29,x20	 x29:0x00000001 x20:0x0000000b  x5=0x0000000b
        9255000	       924	8000028c	fd4246e3	blt	x4,x20,80000258	  x4:0xfffffffc x20:0x0000000b
        9265000	       925	00000000	00000013	addi	x0,x0,0	  x0:0x00000000
        9275000	       926	80000254	00000013	addi	x0,x0,0	  x0:0x00000000
        9285000	       927	80000258	d2cd0993	addi	x19,x26,-724	 x26:0x00000000 x19=0xfffffd2c
        9295000	       928	8000025c	00220213	addi	x4,x4,2	  x4:0xfffffffc  x4=0xfffffffe
        9305000	       929	80000260	c72ee993	ori	x19,x29,-910	 x29:0x00000001 x19=0xfffffc73
        9315000	       930	80000264	00900413	addi	x8,x0,9	  x0:0x00000000  x8=0x00000009
        9325000	       931	80000268	00800713	addi	x14,x0,8	  x0:0x00000000 x14=0x00000008
        9335000	       932	8000026c	00151033	sll	x0,x10,x1	 x10:0x00000000  x1:0x00000001
        9345000	       933	80000270	00000013	addi	x0,x0,0	  x0:0x00000000
        9355000	       934	80000274	419657b3	sra	x15,x12,x25	 x12:0x80009800 x25:0x00000000 x15=0x80009800
        9365000	       935	80000278	ffb40413	addi	x8,x8,-5	  x8:0x00000009  x8=0x00000004
        9375000	       936	8000027c	fee47ae3	bgeu	x8,x14,80000270	  x8:0x00000004 x14:0x00000008
        9385000	       937	80000280	013d1c13	slli	x24,x26,0x13	 x26:0x00000000 x24=0x00000000
        9395000	       938	80000284	019f4133	xor	x2,x30,x25	 x30:0x00000000 x25:0x00000000  x2=0x00000000
        9405000	       939	80000288	014ee2b3	or	x5,x29,x20	 x29:0x00000001 x20:0x0000000b  x5=0x0000000b
        9415000	       940	8000028c	fd4246e3	blt	x4,x20,80000258	  x4:0xfffffffe x20:0x0000000b
        9425000	       941	00000000	00000013	addi	x0,x0,0	  x0:0x00000000
        9435000	       942	80000254	00000013	addi	x0,x0,0	  x0:0x00000000
        9445000	       943	80000258	d2cd0993	addi	x19,x26,-724	 x26:0x00000000 x19=0xfffffd2c
        9455000	       944	8000025c	00220213	addi	x4,x4,2	  x4:0xfffffffe  x4=0x00000000
        9465000	       945	80000260	c72ee993	ori	x19,x29,-910	 x29:0x00000001 x19=0xfffffc73
        9475000	       946	80000264	00900413	addi	x8,x0,9	  x0:0x00000000  x8=0x00000009
        9485000	       947	80000268	00800713	addi	x14,x0,8	  x0:0x00000000 x14=0x00000008
        9495000	       948	8000026c	00151033	sll	x0,x10,x1	 x10:0x00000000  x1:0x00000001
        9505000	       949	80000270	00000013	addi	x0,x0,0	  x0:0x00000000
        9515000	       950	80000274	419657b3	sra	x15,x12,x25	 x12:0x80009800 x25:0x00000000 x15=0x80009800
        9525000	       951	80000278	ffb40413	addi	x8,x8,-5	  x8:0x00000009  x8=0x00000004
        9535000	       952	8000027c	fee47ae3	bgeu	x8,x14,80000270	  x8:0x00000004 x14:0x00000008
        9545000	       953	80000280	013d1c13	slli	x24,x26,0x13	 x26:0x00000000 x24=0x00000000
        9555000	       954	80000284	019f4133	xor	x2,x30,x25	 x30:0x00000000 x25:0x00000000  x2=0x00000000
        9565000	       955	80000288	014ee2b3	or	x5,x29,x20	 x29:0x00000001 x20:0x0000000b  x5=0x0000000b
        9575000	       956	8000028c	fd4246e3	blt	x4,x20,80000258	  x4:0x00000000 x20:0x0000000b
        9585000	       957	00000000	00000013	addi	x0,x0,0	  x0:0x00000000
        9595000	       958	80000254	00000013	addi	x0,x0,0	  x0:0x00000000
        9605000	       959	80000258	d2cd0993	addi	x19,x26,-724	 x26:0x00000000 x19=0xfffffd2c
        9615000	       960	8000025c	00220213	addi	x4,x4,2	  x4:0x00000000  x4=0x00000002
        9625000	       961	80000260	c72ee993	ori	x19,x29,-910	 x29:0x00000001 x19=0xfffffc73
        9635000	       962	80000264	00900413	addi	x8,x0,9	  x0:0x00000000  x8=0x00000009
        9645000	       963	80000268	00800713	addi	x14,x0,8	  x0:0x00000000 x14=0x00000008
        9655000	       964	8000026c	00151033	sll	x0,x10,x1	 x10:0x00000000  x1:0x00000001
        9665000	       965	80000270	00000013	addi	x0,x0,0	  x0:0x00000000
        9675000	       966	80000274	419657b3	sra	x15,x12,x25	 x12:0x80009800 x25:0x00000000 x15=0x80009800
        9685000	       967	80000278	ffb40413	addi	x8,x8,-5	  x8:0x00000009  x8=0x00000004
        9695000	       968	8000027c	fee47ae3	bgeu	x8,x14,80000270	  x8:0x00000004 x14:0x00000008
        9705000	       969	80000280	013d1c13	slli	x24,x26,0x13	 x26:0x00000000 x24=0x00000000
        9715000	       970	80000284	019f4133	xor	x2,x30,x25	 x30:0x00000000 x25:0x00000000  x2=0x00000000
        9725000	       971	80000288	014ee2b3	or	x5,x29,x20	 x29:0x00000001 x20:0x0000000b  x5=0x0000000b
        9735000	       972	8000028c	fd4246e3	blt	x4,x20,80000258	  x4:0x00000002 x20:0x0000000b
        9745000	       973	00000000	00000013	addi	x0,x0,0	  x0:0x00000000
        9755000	       974	80000254	00000013	addi	x0,x0,0	  x0:0x00000000
        9765000	       975	80000258	d2cd0993	addi	x19,x26,-724	 x26:0x00000000 x19=0xfffffd2c
        9775000	       976	8000025c	00220213	addi	x4,x4,2	  x4:0x00000002  x4=0x00000004
        9785000	       977	80000260	c72ee993	ori	x19,x29,-910	 x29:0x00000001 x19=0xfffffc73
        9795000	       978	80000264	00900413	addi	x8,x0,9	  x0:0x00000000  x8=0x00000009
        9805000	       979	80000268	00800713	addi	x14,x0,8	  x0:0x00000000 x14=0x00000008
        9815000	       980	8000026c	00151033	sll	x0,x10,x1	 x10:0x00000000  x1:0x00000001
        9825000	       981	80000270	00000013	addi	x0,x0,0	  x0:0x00000000
        9835000	       982	80000274	419657b3	sra	x15,x12,x25	 x12:0x80009800 x25:0x00000000 x15=0x80009800
        9845000	       983	80000278	ffb40413	addi	x8,x8,-5	  x8:0x00000009  x8=0x00000004
        9855000	       984	8000027c	fee47ae3	bgeu	x8,x14,80000270	  x8:0x00000004 x14:0x00000008
        9865000	       985	80000280	013d1c13	slli	x24,x26,0x13	 x26:0x00000000 x24=0x00000000
        9875000	       986	80000284	019f4133	xor	x2,x30,x25	 x30:0x00000000 x25:0x00000000  x2=0x00000000
        9885000	       987	80000288	014ee2b3	or	x5,x29,x20	 x29:0x00000001 x20:0x0000000b  x5=0x0000000b
        9895000	       988	8000028c	fd4246e3	blt	x4,x20,80000258	  x4:0x00000004 x20:0x0000000b
        9905000	       989	00000000	00000013	addi	x0,x0,0	  x0:0x00000000
        9915000	       990	80000254	00000013	addi	x0,x0,0	  x0:0x00000000
        9925000	       991	80000258	d2cd0993	addi	x19,x26,-724	 x26:0x00000000 x19=0xfffffd2c
        9935000	       992	8000025c	00220213	addi	x4,x4,2	  x4:0x00000004  x4=0x00000006
        9945000	       993	80000260	c72ee993	ori	x19,x29,-910	 x29:0x00000001 x19=0xfffffc73
        9955000	       994	80000264	00900413	addi	x8,x0,9	  x0:0x00000000  x8=0x00000009
        9965000	       995	80000268	00800713	addi	x14,x0,8	  x0:0x00000000 x14=0x00000008
        9975000	       996	8000026c	00151033	sll	x0,x10,x1	 x10:0x00000000  x1:0x00000001
        9985000	       997	80000270	00000013	addi	x0,x0,0	  x0:0x00000000
        9995000	       998	80000274	419657b3	sra	x15,x12,x25	 x12:0x80009800 x25:0x00000000 x15=0x80009800
       10005000	       999	80000278	ffb40413	addi	x8,x8,-5	  x8:0x00000009  x8=0x00000004
       10015000	      1000	8000027c	fee47ae3	bgeu	x8,x14,80000270	  x8:0x00000004 x14:0x00000008
       10025000	      1001	80000280	013d1c13	slli	x24,x26,0x13	 x26:0x00000000 x24=0x00000000
       10035000	      1002	80000284	019f4133	xor	x2,x30,x25	 x30:0x00000000 x25:0x00000000  x2=0x00000000
       10045000	      1003	80000288	014ee2b3	or	x5,x29,x20	 x29:0x00000001 x20:0x0000000b  x5=0x0000000b
       10055000	      1004	8000028c	fd4246e3	blt	x4,x20,80000258	  x4:0x00000006 x20:0x0000000b
       10065000	      1005	00000000	00000013	addi	x0,x0,0	  x0:0x00000000
       10075000	      1006	80000254	00000013	addi	x0,x0,0	  x0:0x00000000
       10085000	      1007	80000258	d2cd0993	addi	x19,x26,-724	 x26:0x00000000 x19=0xfffffd2c
       10095000	      1008	8000025c	00220213	addi	x4,x4,2	  x4:0x00000006  x4=0x00000008
       10105000	      1009	80000260	c72ee993	ori	x19,x29,-910	 x29:0x00000001 x19=0xfffffc73
       10115000	      1010	80000264	00900413	addi	x8,x0,9	  x0:0x00000000  x8=0x00000009
       10125000	      1011	80000268	00800713	addi	x14,x0,8	  x0:0x00000000 x14=0x00000008
       10135000	      1012	8000026c	00151033	sll	x0,x10,x1	 x10:0x00000000  x1:0x00000001
       10145000	      1013	80000270	00000013	addi	x0,x0,0	  x0:0x00000000
       10155000	      1014	80000274	419657b3	sra	x15,x12,x25	 x12:0x80009800 x25:0x00000000 x15=0x80009800
       10165000	      1015	80000278	ffb40413	addi	x8,x8,-5	  x8:0x00000009  x8=0x00000004
       10175000	      1016	8000027c	fee47ae3	bgeu	x8,x14,80000270	  x8:0x00000004 x14:0x00000008
       10185000	      1017	80000280	013d1c13	slli	x24,x26,0x13	 x26:0x00000000 x24=0x00000000
       10195000	      1018	80000284	019f4133	xor	x2,x30,x25	 x30:0x00000000 x25:0x00000000  x2=0x00000000
       10205000	      1019	80000288	014ee2b3	or	x5,x29,x20	 x29:0x00000001 x20:0x0000000b  x5=0x0000000b
       10215000	      1020	8000028c	fd4246e3	blt	x4,x20,80000258	  x4:0x00000008 x20:0x0000000b
       10225000	      1021	00000000	00000013	addi	x0,x0,0	  x0:0x00000000
       10235000	      1022	80000254	00000013	addi	x0,x0,0	  x0:0x00000000
       10245000	      1023	80000258	d2cd0993	addi	x19,x26,-724	 x26:0x00000000 x19=0xfffffd2c
       10255000	      1024	8000025c	00220213	addi	x4,x4,2	  x4:0x00000008  x4=0x0000000a
       10265000	      1025	80000260	c72ee993	ori	x19,x29,-910	 x29:0x00000001 x19=0xfffffc73
       10275000	      1026	80000264	00900413	addi	x8,x0,9	  x0:0x00000000  x8=0x00000009
       10285000	      1027	80000268	00800713	addi	x14,x0,8	  x0:0x00000000 x14=0x00000008
       10295000	      1028	8000026c	00151033	sll	x0,x10,x1	 x10:0x00000000  x1:0x00000001
       10305000	      1029	80000270	00000013	addi	x0,x0,0	  x0:0x00000000
       10315000	      1030	80000274	419657b3	sra	x15,x12,x25	 x12:0x80009800 x25:0x00000000 x15=0x80009800
       10325000	      1031	80000278	ffb40413	addi	x8,x8,-5	  x8:0x00000009  x8=0x00000004
       10335000	      1032	8000027c	fee47ae3	bgeu	x8,x14,80000270	  x8:0x00000004 x14:0x00000008
       10345000	      1033	80000280	013d1c13	slli	x24,x26,0x13	 x26:0x00000000 x24=0x00000000
       10355000	      1034	80000284	019f4133	xor	x2,x30,x25	 x30:0x00000000 x25:0x00000000  x2=0x00000000
       10365000	      1035	80000288	014ee2b3	or	x5,x29,x20	 x29:0x00000001 x20:0x0000000b  x5=0x0000000b
       10375000	      1036	8000028c	fd4246e3	blt	x4,x20,80000258	  x4:0x0000000a x20:0x0000000b
       10385000	      1037	00000000	00000013	addi	x0,x0,0	  x0:0x00000000
       10395000	      1038	80000254	00000013	addi	x0,x0,0	  x0:0x00000000
       10405000	      1039	80000258	d2cd0993	addi	x19,x26,-724	 x26:0x00000000 x19=0xfffffd2c
       10415000	      1040	8000025c	00220213	addi	x4,x4,2	  x4:0x0000000a  x4=0x0000000c
       10425000	      1041	80000260	c72ee993	ori	x19,x29,-910	 x29:0x00000001 x19=0xfffffc73
       10435000	      1042	80000264	00900413	addi	x8,x0,9	  x0:0x00000000  x8=0x00000009
       10445000	      1043	80000268	00800713	addi	x14,x0,8	  x0:0x00000000 x14=0x00000008
       10455000	      1044	8000026c	00151033	sll	x0,x10,x1	 x10:0x00000000  x1:0x00000001
       10465000	      1045	80000270	00000013	addi	x0,x0,0	  x0:0x00000000
       10475000	      1046	80000274	419657b3	sra	x15,x12,x25	 x12:0x80009800 x25:0x00000000 x15=0x80009800
       10485000	      1047	80000278	ffb40413	addi	x8,x8,-5	  x8:0x00000009  x8=0x00000004
       10495000	      1048	8000027c	fee47ae3	bgeu	x8,x14,80000270	  x8:0x00000004 x14:0x00000008
       10505000	      1049	80000280	013d1c13	slli	x24,x26,0x13	 x26:0x00000000 x24=0x00000000
       10515000	      1050	80000284	019f4133	xor	x2,x30,x25	 x30:0x00000000 x25:0x00000000  x2=0x00000000
       10525000	      1051	80000288	014ee2b3	or	x5,x29,x20	 x29:0x00000001 x20:0x0000000b  x5=0x0000000b
       10535000	      1052	8000028c	fd4246e3	blt	x4,x20,80000258	  x4:0x0000000c x20:0x0000000b
       10545000	      1053	80000290	0030b2b3	sltu	x5,x1,x3	  x1:0x00000001  x3:0x80009fc4  x5=0x00000001
       10555000	      1054	80000294	00000c13	addi	x24,x0,0	  x0:0x00000000 x24=0x00000000
       10565000	      1055	80000298	b07ba393	slti	x7,x23,-1273	 x23:0x0000039e  x7=0x00000000
       10575000	      1056	8000029c	01f81013	slli	x0,x16,0x1f	 x16:0x80009fc4
       10585000	      1057	800002a0	ffc00d13	addi	x26,x0,-4	  x0:0x00000000 x26=0xfffffffc
       10595000	      1058	800002a4	eac0cf13	xori	x30,x1,-340	  x1:0x00000001 x30=0xfffffead
       10605000	      1059	800002a8	01253633	sltu	x12,x10,x18	 x10:0x00000000 x18:0x00000001 x12=0x00000001
       10615000	      1060	800002ac	00e5cb33	xor	x22,x11,x14	 x11:0x00000000 x14:0x00000008 x22=0x00000008
       10625000	      1061	800002b0	ffdc0c13	addi	x24,x24,-3	 x24:0x00000000 x24=0xfffffffd
       10635000	      1062	800002b4	003dd313	srli	x6,x27,0x3	 x27:0x00000001  x6=0x00000000
       10645000	      1063	800002b8	00800193	addi	x3,x0,8	  x0:0x00000000  x3=0x00000008
       10655000	      1064	800002bc	00305793	srli	x15,x0,0x3	  x0:0x00000000 x15=0x00000000
       10665000	      1065	800002c0	00b00113	addi	x2,x0,11	  x0:0x00000000  x2=0x0000000b
       10675000	      1066	800002c4	3d33a613	slti	x12,x7,979	  x7:0x00000000 x12=0x00000001
       10685000	      1067	800002c8	00118193	addi	x3,x3,1	  x3:0x00000008  x3=0x00000009
       10695000	      1068	800002cc	00e922b3	slt	x5,x18,x14	 x18:0x00000001 x14:0x00000008  x5=0x00000001
       10705000	      1069	800002d0	fe21cae3	blt	x3,x2,800002c4	  x3:0x00000009  x2:0x0000000b
       10715000	      1070	00000000	00000013	addi	x0,x0,0	  x0:0x00000000
       10725000	      1071	800002c0	00000013	addi	x0,x0,0	  x0:0x00000000
       10735000	      1072	800002c4	3d33a613	slti	x12,x7,979	  x7:0x00000000 x12=0x00000001
       10745000	      1073	800002c8	00118193	addi	x3,x3,1	  x3:0x00000009  x3=0x0000000a
       10755000	      1074	800002cc	00e922b3	slt	x5,x18,x14	 x18:0x00000001 x14:0x00000008  x5=0x00000001
       10765000	      1075	800002d0	fe21cae3	blt	x3,x2,800002c4	  x3:0x0000000a  x2:0x0000000b
       10775000	      1076	00000000	00000013	addi	x0,x0,0	  x0:0x00000000
       10785000	      1077	800002c0	00000013	addi	x0,x0,0	  x0:0x00000000
       10795000	      1078	800002c4	3d33a613	slti	x12,x7,979	  x7:0x00000000 x12=0x00000001
       10805000	      1079	800002c8	00118193	addi	x3,x3,1	  x3:0x0000000a  x3=0x0000000b
       10815000	      1080	800002cc	00e922b3	slt	x5,x18,x14	 x18:0x00000001 x14:0x00000008  x5=0x00000001
       10825000	      1081	800002d0	fe21cae3	blt	x3,x2,800002c4	  x3:0x0000000b  x2:0x0000000b
       10835000	      1082	800002d4	00a82f33	slt	x30,x16,x10	 x16:0x80009fc4 x10:0x00000000 x30=0x00000001
       10845000	      1083	800002d8	fdac56e3	bge	x24,x26,800002a4	 x24:0xfffffffd x26:0xfffffffc
       10855000	      1084	00000000	00000013	addi	x0,x0,0	  x0:0x00000000
       10865000	      1085	800002a0	00000013	addi	x0,x0,0	  x0:0x00000000
       10875000	      1086	800002a4	eac0cf13	xori	x30,x1,-340	  x1:0x00000001 x30=0xfffffead
       10885000	      1087	800002a8	01253633	sltu	x12,x10,x18	 x10:0x00000000 x18:0x00000001 x12=0x00000001
       10895000	      1088	800002ac	00e5cb33	xor	x22,x11,x14	 x11:0x00000000 x14:0x00000008 x22=0x00000008
       10905000	      1089	800002b0	ffdc0c13	addi	x24,x24,-3	 x24:0xfffffffd x24=0xfffffffa
       10915000	      1090	800002b4	003dd313	srli	x6,x27,0x3	 x27:0x00000001  x6=0x00000000
       10925000	      1091	800002b8	00800193	addi	x3,x0,8	  x0:0x00000000  x3=0x00000008
       10935000	      1092	800002bc	00305793	srli	x15,x0,0x3	  x0:0x00000000 x15=0x00000000
       10945000	      1093	800002c0	00b00113	addi	x2,x0,11	  x0:0x00000000  x2=0x0000000b
       10955000	      1094	800002c4	3d33a613	slti	x12,x7,979	  x7:0x00000000 x12=0x00000001
       10965000	      1095	800002c8	00118193	addi	x3,x3,1	  x3:0x00000008  x3=0x00000009
       10975000	      1096	800002cc	00e922b3	slt	x5,x18,x14	 x18:0x00000001 x14:0x00000008  x5=0x00000001
       10985000	      1097	800002d0	fe21cae3	blt	x3,x2,800002c4	  x3:0x00000009  x2:0x0000000b
       10995000	      1098	00000000	00000013	addi	x0,x0,0	  x0:0x00000000
       11005000	      1099	800002c0	00000013	addi	x0,x0,0	  x0:0x00000000
       11015000	      1100	800002c4	3d33a613	slti	x12,x7,979	  x7:0x00000000 x12=0x00000001
       11025000	      1101	800002c8	00118193	addi	x3,x3,1	  x3:0x00000009  x3=0x0000000a
       11035000	      1102	800002cc	00e922b3	slt	x5,x18,x14	 x18:0x00000001 x14:0x00000008  x5=0x00000001
       11045000	      1103	800002d0	fe21cae3	blt	x3,x2,800002c4	  x3:0x0000000a  x2:0x0000000b
       11055000	      1104	00000000	00000013	addi	x0,x0,0	  x0:0x00000000
       11065000	      1105	800002c0	00000013	addi	x0,x0,0	  x0:0x00000000
       11075000	      1106	800002c4	3d33a613	slti	x12,x7,979	  x7:0x00000000 x12=0x00000001
       11085000	      1107	800002c8	00118193	addi	x3,x3,1	  x3:0x0000000a  x3=0x0000000b
       11095000	      1108	800002cc	00e922b3	slt	x5,x18,x14	 x18:0x00000001 x14:0x00000008  x5=0x00000001
       11105000	      1109	800002d0	fe21cae3	blt	x3,x2,800002c4	  x3:0x0000000b  x2:0x0000000b
       11115000	      1110	800002d4	00a82f33	slt	x30,x16,x10	 x16:0x80009fc4 x10:0x00000000 x30=0x00000001
       11125000	      1111	800002d8	fdac56e3	bge	x24,x26,800002a4	 x24:0xfffffffa x26:0xfffffffc
       11135000	      1112	800002dc	00d8ff33	and	x30,x17,x13	 x17:0x80009f84 x13:0x80000000 x30=0x80000000
       11145000	      1113	800002e0	ffe00593	addi	x11,x0,-2	  x0:0x00000000 x11=0xfffffffe
       11155000	      1114	800002e4	00f173b3	and	x7,x2,x15	  x2:0x0000000b x15:0x00000000  x7=0x00000000
       11165000	      1115	800002e8	01400f93	addi	x31,x0,20	  x0:0x00000000 x31=0x00000014
       11175000	      1116	800002ec	d3967c13	andi	x24,x12,-711	 x12:0x00000001 x24=0x00000001
       11185000	      1117	800002f0	003f00b3	add	x1,x30,x3	 x30:0x80000000  x3:0x0000000b  x1=0x8000000b
       11195000	      1118	800002f4	49c11c97	auipc	x25,0x49c11	 x25=0xc9c112f0
       11205000	      1119	800002f8	418ad793	srai	x15,x21,0x18	 x21:0x00000000 x15=0x00000000
       11215000	      1120	800002fc	00082133	slt	x2,x16,x0	 x16:0x80009fc4  x0:0x00000000  x2=0x00000001
       11225000	      1121	80000300	00258593	addi	x11,x11,2	 x11:0xfffffffe x11=0x00000000
       11235000	      1122	80000304	002d9013	slli	x0,x27,0x2	 x27:0x00000001
       11245000	      1123	80000308	a396b693	sltiu	x13,x13,-1479	 x13:0x80000000 x13=0x00000001
       11255000	      1124	8000030c	34597c93	andi	x25,x18,837	 x18:0x00000001 x25=0x00000001
       11265000	      1125	80000310	cd428013	addi	x0,x5,-812	  x5:0x00000001
       11275000	      1126	80000314	fdf5cee3	blt	x11,x31,800002f0	 x11:0x00000000 x31:0x00000014
       11285000	      1127	00000000	00000013	addi	x0,x0,0	  x0:0x00000000
       11295000	      1128	800002ec	00000013	addi	x0,x0,0	  x0:0x00000000
       11305000	      1129	800002f0	003f00b3	add	x1,x30,x3	 x30:0x80000000  x3:0x0000000b  x1=0x8000000b
       11315000	      1130	800002f4	49c11c97	auipc	x25,0x49c11	 x25=0xc9c112f0
       11325000	      1131	800002f8	418ad793	srai	x15,x21,0x18	 x21:0x00000000 x15=0x00000000
       11335000	      1132	800002fc	00082133	slt	x2,x16,x0	 x16:0x80009fc4  x0:0x00000000  x2=0x00000001
       11345000	      1133	80000300	00258593	addi	x11,x11,2	 x11:0x00000000 x11=0x00000002
       11355000	      1134	80000304	002d9013	slli	x0,x27,0x2	 x27:0x00000001
       11365000	      1135	80000308	a396b693	sltiu	x13,x13,-1479	 x13:0x00000001 x13=0x00000001
       11375000	      1136	8000030c	34597c93	andi	x25,x18,837	 x18:0x00000001 x25=0x00000001
       11385000	      1137	80000310	cd428013	addi	x0,x5,-812	  x5:0x00000001
       11395000	      1138	80000314	fdf5cee3	blt	x11,x31,800002f0	 x11:0x00000002 x31:0x00000014
       11405000	      1139	00000000	00000013	addi	x0,x0,0	  x0:0x00000000
       11415000	      1140	800002ec	00000013	addi	x0,x0,0	  x0:0x00000000
       11425000	      1141	800002f0	003f00b3	add	x1,x30,x3	 x30:0x80000000  x3:0x0000000b  x1=0x8000000b
       11435000	      1142	800002f4	49c11c97	auipc	x25,0x49c11	 x25=0xc9c112f0
       11445000	      1143	800002f8	418ad793	srai	x15,x21,0x18	 x21:0x00000000 x15=0x00000000
       11455000	      1144	800002fc	00082133	slt	x2,x16,x0	 x16:0x80009fc4  x0:0x00000000  x2=0x00000001
       11465000	      1145	80000300	00258593	addi	x11,x11,2	 x11:0x00000002 x11=0x00000004
       11475000	      1146	80000304	002d9013	slli	x0,x27,0x2	 x27:0x00000001
       11485000	      1147	80000308	a396b693	sltiu	x13,x13,-1479	 x13:0x00000001 x13=0x00000001
       11495000	      1148	8000030c	34597c93	andi	x25,x18,837	 x18:0x00000001 x25=0x00000001
       11505000	      1149	80000310	cd428013	addi	x0,x5,-812	  x5:0x00000001
       11515000	      1150	80000314	fdf5cee3	blt	x11,x31,800002f0	 x11:0x00000004 x31:0x00000014
       11525000	      1151	00000000	00000013	addi	x0,x0,0	  x0:0x00000000
       11535000	      1152	800002ec	00000013	addi	x0,x0,0	  x0:0x00000000
       11545000	      1153	800002f0	003f00b3	add	x1,x30,x3	 x30:0x80000000  x3:0x0000000b  x1=0x8000000b
       11555000	      1154	800002f4	49c11c97	auipc	x25,0x49c11	 x25=0xc9c112f0
       11565000	      1155	800002f8	418ad793	srai	x15,x21,0x18	 x21:0x00000000 x15=0x00000000
       11575000	      1156	800002fc	00082133	slt	x2,x16,x0	 x16:0x80009fc4  x0:0x00000000  x2=0x00000001
       11585000	      1157	80000300	00258593	addi	x11,x11,2	 x11:0x00000004 x11=0x00000006
       11595000	      1158	80000304	002d9013	slli	x0,x27,0x2	 x27:0x00000001
       11605000	      1159	80000308	a396b693	sltiu	x13,x13,-1479	 x13:0x00000001 x13=0x00000001
       11615000	      1160	8000030c	34597c93	andi	x25,x18,837	 x18:0x00000001 x25=0x00000001
       11625000	      1161	80000310	cd428013	addi	x0,x5,-812	  x5:0x00000001
       11635000	      1162	80000314	fdf5cee3	blt	x11,x31,800002f0	 x11:0x00000006 x31:0x00000014
       11645000	      1163	00000000	00000013	addi	x0,x0,0	  x0:0x00000000
       11655000	      1164	800002ec	00000013	addi	x0,x0,0	  x0:0x00000000
       11665000	      1165	800002f0	003f00b3	add	x1,x30,x3	 x30:0x80000000  x3:0x0000000b  x1=0x8000000b
       11675000	      1166	800002f4	49c11c97	auipc	x25,0x49c11	 x25=0xc9c112f0
       11685000	      1167	800002f8	418ad793	srai	x15,x21,0x18	 x21:0x00000000 x15=0x00000000
       11695000	      1168	800002fc	00082133	slt	x2,x16,x0	 x16:0x80009fc4  x0:0x00000000  x2=0x00000001
       11705000	      1169	80000300	00258593	addi	x11,x11,2	 x11:0x00000006 x11=0x00000008
       11715000	      1170	80000304	002d9013	slli	x0,x27,0x2	 x27:0x00000001
       11725000	      1171	80000308	a396b693	sltiu	x13,x13,-1479	 x13:0x00000001 x13=0x00000001
       11735000	      1172	8000030c	34597c93	andi	x25,x18,837	 x18:0x00000001 x25=0x00000001
       11745000	      1173	80000310	cd428013	addi	x0,x5,-812	  x5:0x00000001
       11755000	      1174	80000314	fdf5cee3	blt	x11,x31,800002f0	 x11:0x00000008 x31:0x00000014
       11765000	      1175	00000000	00000013	addi	x0,x0,0	  x0:0x00000000
       11775000	      1176	800002ec	00000013	addi	x0,x0,0	  x0:0x00000000
       11785000	      1177	800002f0	003f00b3	add	x1,x30,x3	 x30:0x80000000  x3:0x0000000b  x1=0x8000000b
       11795000	      1178	800002f4	49c11c97	auipc	x25,0x49c11	 x25=0xc9c112f0
       11805000	      1179	800002f8	418ad793	srai	x15,x21,0x18	 x21:0x00000000 x15=0x00000000
       11815000	      1180	800002fc	00082133	slt	x2,x16,x0	 x16:0x80009fc4  x0:0x00000000  x2=0x00000001
       11825000	      1181	80000300	00258593	addi	x11,x11,2	 x11:0x00000008 x11=0x0000000a
       11835000	      1182	80000304	002d9013	slli	x0,x27,0x2	 x27:0x00000001
       11845000	      1183	80000308	a396b693	sltiu	x13,x13,-1479	 x13:0x00000001 x13=0x00000001
       11855000	      1184	8000030c	34597c93	andi	x25,x18,837	 x18:0x00000001 x25=0x00000001
       11865000	      1185	80000310	cd428013	addi	x0,x5,-812	  x5:0x00000001
       11875000	      1186	80000314	fdf5cee3	blt	x11,x31,800002f0	 x11:0x0000000a x31:0x00000014
       11885000	      1187	00000000	00000013	addi	x0,x0,0	  x0:0x00000000
       11895000	      1188	800002ec	00000013	addi	x0,x0,0	  x0:0x00000000
       11905000	      1189	800002f0	003f00b3	add	x1,x30,x3	 x30:0x80000000  x3:0x0000000b  x1=0x8000000b
       11915000	      1190	800002f4	49c11c97	auipc	x25,0x49c11	 x25=0xc9c112f0
       11925000	      1191	800002f8	418ad793	srai	x15,x21,0x18	 x21:0x00000000 x15=0x00000000
       11935000	      1192	800002fc	00082133	slt	x2,x16,x0	 x16:0x80009fc4  x0:0x00000000  x2=0x00000001
       11945000	      1193	80000300	00258593	addi	x11,x11,2	 x11:0x0000000a x11=0x0000000c
       11955000	      1194	80000304	002d9013	slli	x0,x27,0x2	 x27:0x00000001
       11965000	      1195	80000308	a396b693	sltiu	x13,x13,-1479	 x13:0x00000001 x13=0x00000001
       11975000	      1196	8000030c	34597c93	andi	x25,x18,837	 x18:0x00000001 x25=0x00000001
       11985000	      1197	80000310	cd428013	addi	x0,x5,-812	  x5:0x00000001
       11995000	      1198	80000314	fdf5cee3	blt	x11,x31,800002f0	 x11:0x0000000c x31:0x00000014
       12005000	      1199	00000000	00000013	addi	x0,x0,0	  x0:0x00000000
       12015000	      1200	800002ec	00000013	addi	x0,x0,0	  x0:0x00000000
       12025000	      1201	800002f0	003f00b3	add	x1,x30,x3	 x30:0x80000000  x3:0x0000000b  x1=0x8000000b
       12035000	      1202	800002f4	49c11c97	auipc	x25,0x49c11	 x25=0xc9c112f0
       12045000	      1203	800002f8	418ad793	srai	x15,x21,0x18	 x21:0x00000000 x15=0x00000000
       12055000	      1204	800002fc	00082133	slt	x2,x16,x0	 x16:0x80009fc4  x0:0x00000000  x2=0x00000001
       12065000	      1205	80000300	00258593	addi	x11,x11,2	 x11:0x0000000c x11=0x0000000e
       12075000	      1206	80000304	002d9013	slli	x0,x27,0x2	 x27:0x00000001
       12085000	      1207	80000308	a396b693	sltiu	x13,x13,-1479	 x13:0x00000001 x13=0x00000001
       12095000	      1208	8000030c	34597c93	andi	x25,x18,837	 x18:0x00000001 x25=0x00000001
       12105000	      1209	80000310	cd428013	addi	x0,x5,-812	  x5:0x00000001
       12115000	      1210	80000314	fdf5cee3	blt	x11,x31,800002f0	 x11:0x0000000e x31:0x00000014
       12125000	      1211	00000000	00000013	addi	x0,x0,0	  x0:0x00000000
       12135000	      1212	800002ec	00000013	addi	x0,x0,0	  x0:0x00000000
       12145000	      1213	800002f0	003f00b3	add	x1,x30,x3	 x30:0x80000000  x3:0x0000000b  x1=0x8000000b
       12155000	      1214	800002f4	49c11c97	auipc	x25,0x49c11	 x25=0xc9c112f0
       12165000	      1215	800002f8	418ad793	srai	x15,x21,0x18	 x21:0x00000000 x15=0x00000000
       12175000	      1216	800002fc	00082133	slt	x2,x16,x0	 x16:0x80009fc4  x0:0x00000000  x2=0x00000001
       12185000	      1217	80000300	00258593	addi	x11,x11,2	 x11:0x0000000e x11=0x00000010
       12195000	      1218	80000304	002d9013	slli	x0,x27,0x2	 x27:0x00000001
       12205000	      1219	80000308	a396b693	sltiu	x13,x13,-1479	 x13:0x00000001 x13=0x00000001
       12215000	      1220	8000030c	34597c93	andi	x25,x18,837	 x18:0x00000001 x25=0x00000001
       12225000	      1221	80000310	cd428013	addi	x0,x5,-812	  x5:0x00000001
       12235000	      1222	80000314	fdf5cee3	blt	x11,x31,800002f0	 x11:0x00000010 x31:0x00000014
       12245000	      1223	00000000	00000013	addi	x0,x0,0	  x0:0x00000000
       12255000	      1224	800002ec	00000013	addi	x0,x0,0	  x0:0x00000000
       12265000	      1225	800002f0	003f00b3	add	x1,x30,x3	 x30:0x80000000  x3:0x0000000b  x1=0x8000000b
       12275000	      1226	800002f4	49c11c97	auipc	x25,0x49c11	 x25=0xc9c112f0
       12285000	      1227	800002f8	418ad793	srai	x15,x21,0x18	 x21:0x00000000 x15=0x00000000
       12295000	      1228	800002fc	00082133	slt	x2,x16,x0	 x16:0x80009fc4  x0:0x00000000  x2=0x00000001
       12305000	      1229	80000300	00258593	addi	x11,x11,2	 x11:0x00000010 x11=0x00000012
       12315000	      1230	80000304	002d9013	slli	x0,x27,0x2	 x27:0x00000001
       12325000	      1231	80000308	a396b693	sltiu	x13,x13,-1479	 x13:0x00000001 x13=0x00000001
       12335000	      1232	8000030c	34597c93	andi	x25,x18,837	 x18:0x00000001 x25=0x00000001
       12345000	      1233	80000310	cd428013	addi	x0,x5,-812	  x5:0x00000001
       12355000	      1234	80000314	fdf5cee3	blt	x11,x31,800002f0	 x11:0x00000012 x31:0x00000014
       12365000	      1235	00000000	00000013	addi	x0,x0,0	  x0:0x00000000
       12375000	      1236	800002ec	00000013	addi	x0,x0,0	  x0:0x00000000
       12385000	      1237	800002f0	003f00b3	add	x1,x30,x3	 x30:0x80000000  x3:0x0000000b  x1=0x8000000b
       12395000	      1238	800002f4	49c11c97	auipc	x25,0x49c11	 x25=0xc9c112f0
       12405000	      1239	800002f8	418ad793	srai	x15,x21,0x18	 x21:0x00000000 x15=0x00000000
       12415000	      1240	800002fc	00082133	slt	x2,x16,x0	 x16:0x80009fc4  x0:0x00000000  x2=0x00000001
       12425000	      1241	80000300	00258593	addi	x11,x11,2	 x11:0x00000012 x11=0x00000014
       12435000	      1242	80000304	002d9013	slli	x0,x27,0x2	 x27:0x00000001
       12445000	      1243	80000308	a396b693	sltiu	x13,x13,-1479	 x13:0x00000001 x13=0x00000001
       12455000	      1244	8000030c	34597c93	andi	x25,x18,837	 x18:0x00000001 x25=0x00000001
       12465000	      1245	80000310	cd428013	addi	x0,x5,-812	  x5:0x00000001
       12475000	      1246	80000314	fdf5cee3	blt	x11,x31,800002f0	 x11:0x00000014 x31:0x00000014
       12485000	      1247	80000318	f54c2113	slti	x2,x24,-172	 x24:0x00000001  x2=0x00000000
       12495000	      1248	8000031c	00800f13	addi	x30,x0,8	  x0:0x00000000 x30=0x00000008
       12505000	      1249	80000320	00ecab33	slt	x22,x25,x14	 x25:0x00000001 x14:0x00000008 x22=0x00000001
       12515000	      1250	80000324	01cb0633	add	x12,x22,x28	 x22:0x00000001 x28:0x80000000 x12=0x80000001
       12525000	      1251	80000328	00749993	slli	x19,x9,0x7	  x9:0x00000001 x19=0x00000080
       12535000	      1252	8000032c	01512533	slt	x10,x2,x21	  x2:0x00000000 x21:0x00000000 x10=0x00000000
       12545000	      1253	80000330	7201a093	slti	x1,x3,1824	  x3:0x0000000b  x1=0x00000001
       12555000	      1254	80000334	00700313	addi	x6,x0,7	  x0:0x00000000  x6=0x00000007
       12565000	      1255	80000338	019a0633	add	x12,x20,x25	 x20:0x0000000b x25:0x00000001 x12=0x0000000c
       12575000	      1256	8000033c	017ee213	ori	x4,x29,23	 x29:0x00000001  x4=0x00000017
       12585000	      1257	80000340	01a2a133	slt	x2,x5,x26	  x5:0x00000001 x26:0xfffffffc  x2=0x00000000
       12595000	      1258	80000344	40e25593	srai	x11,x4,0xe	  x4:0x00000017 x11=0x00000000
       12605000	      1259	80000348	002b1cb3	sll	x25,x22,x2	 x22:0x00000001  x2:0x00000000 x25=0x00000001
       12615000	      1260	8000034c	ffaf0f13	addi	x30,x30,-6	 x30:0x00000008 x30=0x00000002
       12625000	      1261	80000350	40d20133	sub	x2,x4,x13	  x4:0x00000017 x13:0x00000001  x2=0x00000016
       12635000	      1262	80000354	41745793	srai	x15,x8,0x17	  x8:0x00000004 x15=0x00000000
       12645000	      1263	80000358	54b02c13	slti	x24,x0,1355	  x0:0x00000000 x24=0x00000001
       12655000	      1264	8000035c	00ff36b3	sltu	x13,x30,x15	 x30:0x00000002 x15:0x00000000 x13=0x00000000
       12665000	      1265	80000360	00711693	slli	x13,x2,0x7	  x2:0x00000016 x13=0x00000b00
       12675000	      1266	80000364	01fb11b3	sll	x3,x22,x31	 x22:0x00000001 x31:0x00000014  x3=0x00100000
       12685000	      1267	80000368	05f12713	slti	x14,x2,95	  x2:0x00000016 x14=0x00000001
       12695000	      1268	8000036c	400e0cb3	sub	x25,x28,x0	 x28:0x80000000  x0:0x00000000 x25=0x80000000
       12705000	      1269	80000370	fc6f76e3	bgeu	x30,x6,8000033c	 x30:0x00000002  x6:0x00000007
       12715000	      1270	80000374	011ffd33	and	x26,x31,x17	 x31:0x00000014 x17:0x80009f84 x26=0x00000004
       12725000	      1271	80000378	00800b13	addi	x22,x0,8	  x0:0x00000000 x22=0x00000008
       12735000	      1272	8000037c	00800213	addi	x4,x0,8	  x0:0x00000000  x4=0x00000008
       12745000	      1273	80000380	005e2bb3	slt	x23,x28,x5	 x28:0x80000000  x5:0x00000001 x23=0x00000001
       12755000	      1274	80000384	00c1bcb3	sltu	x25,x3,x12	  x3:0x00100000 x12:0x0000000c x25=0x00000000
       12765000	      1275	80000388	01613fb3	sltu	x31,x2,x22	  x2:0x00000016 x22:0x00000008 x31=0x00000000
       12775000	      1276	8000038c	810991b7	lui	x3,0x81099	  x3=0x81099000
       12785000	      1277	80000390	ffab0b13	addi	x22,x22,-6	 x22:0x00000008 x22=0x00000002
       12795000	      1278	80000394	004f9db3	sll	x27,x31,x4	 x31:0x00000000  x4:0x00000008 x27=0x00000000
       12805000	      1279	80000398	00000713	addi	x14,x0,0	  x0:0x00000000 x14=0x00000000
       12815000	      1280	8000039c	00e00613	addi	x12,x0,14	  x0:0x00000000 x12=0x0000000e
       12825000	      1281	800003a0	27f8fd17	auipc	x26,0x27f8f	 x26=0xa7f8f39c
       12835000	      1282	800003a4	411bdcb3	sra	x25,x23,x17	 x23:0x00000001 x17:0x80009f84 x25=0x00000000
       12845000	      1283	800003a8	00770713	addi	x14,x14,7	 x14:0x00000000 x14=0x00000007
       12855000	      1284	800003ac	fec70ae3	beq	x14,x12,800003a0	 x14:0x00000007 x12:0x0000000e
       12865000	      1285	800003b0	fc4b7ee3	bgeu	x22,x4,8000038c	 x22:0x00000002  x4:0x00000008
       12875000	      1286	800003b4	0030d533	srl	x10,x1,x3	  x1:0x00000001  x3:0x81099000 x10=0x00000001
       12885000	      1287	800003b8	00900413	addi	x8,x0,9	  x0:0x00000000  x8=0x00000009
       12895000	      1288	800003bc	00900713	addi	x14,x0,9	  x0:0x00000000 x14=0x00000009
       12905000	      1289	800003c0	40b980b3	sub	x1,x19,x11	 x19:0x00000080 x11:0x00000000  x1=0x00000080
       12915000	      1290	800003c4	ff840413	addi	x8,x8,-8	  x8:0x00000009  x8=0x00000001
       12925000	      1291	800003c8	4f794537	lui	x10,0x4f794	 x10=0x4f794000
       12935000	      1292	800003cc	0104e2b3	or	x5,x9,x16	  x9:0x00000001 x16:0x80009fc4  x5=0x80009fc5
       12945000	      1293	800003d0	00da9a93	slli	x21,x21,0xd	 x21:0x00000000 x21=0x00000000
       12955000	      1294	800003d4	fee476e3	bgeu	x8,x14,800003c0	  x8:0x00000001 x14:0x00000009
       12965000	      1295	800003d8	018a6f33	or	x30,x20,x24	 x20:0x0000000b x24:0x00000001 x30=0x0000000b
       12975000	      1296	800003dc	fff00213	addi	x4,x0,-1	  x0:0x00000000  x4=0xffffffff
       12985000	      1297	800003e0	005b1013	slli	x0,x22,0x5	 x22:0x00000002
       12995000	      1298	800003e4	00b00493	addi	x9,x0,11	  x0:0x00000000  x9=0x0000000b
       13005000	      1299	800003e8	00000013	addi	x0,x0,0	  x0:0x00000000
       13015000	      1300	800003ec	aecdb2b7	lui	x5,0xaecdb	  x5=0xaecdb000
       13025000	      1301	800003f0	0140a033	slt	x0,x1,x20	  x1:0x00000080 x20:0x0000000b
       13035000	      1302	800003f4	00320213	addi	x4,x4,3	  x4:0xffffffff  x4=0x00000002
       13045000	      1303	800003f8	00000013	addi	x0,x0,0	  x0:0x00000000
       13055000	      1304	800003fc	fe9248e3	blt	x4,x9,800003ec	  x4:0x00000002  x9:0x0000000b
       13065000	      1305	00000000	00000013	addi	x0,x0,0	  x0:0x00000000
       13075000	      1306	800003e8	00000013	addi	x0,x0,0	  x0:0x00000000
       13085000	      1307	800003ec	aecdb2b7	lui	x5,0xaecdb	  x5=0xaecdb000
       13095000	      1308	800003f0	0140a033	slt	x0,x1,x20	  x1:0x00000080 x20:0x0000000b
       13105000	      1309	800003f4	00320213	addi	x4,x4,3	  x4:0x00000002  x4=0x00000005
       13115000	      1310	800003f8	00000013	addi	x0,x0,0	  x0:0x00000000
       13125000	      1311	800003fc	fe9248e3	blt	x4,x9,800003ec	  x4:0x00000005  x9:0x0000000b
       13135000	      1312	00000000	00000013	addi	x0,x0,0	  x0:0x00000000
       13145000	      1313	800003e8	00000013	addi	x0,x0,0	  x0:0x00000000
       13155000	      1314	800003ec	aecdb2b7	lui	x5,0xaecdb	  x5=0xaecdb000
       13165000	      1315	800003f0	0140a033	slt	x0,x1,x20	  x1:0x00000080 x20:0x0000000b
       13175000	      1316	800003f4	00320213	addi	x4,x4,3	  x4:0x00000005  x4=0x00000008
       13185000	      1317	800003f8	00000013	addi	x0,x0,0	  x0:0x00000000
       13195000	      1318	800003fc	fe9248e3	blt	x4,x9,800003ec	  x4:0x00000008  x9:0x0000000b
       13205000	      1319	00000000	00000013	addi	x0,x0,0	  x0:0x00000000
       13215000	      1320	800003e8	00000013	addi	x0,x0,0	  x0:0x00000000
       13225000	      1321	800003ec	aecdb2b7	lui	x5,0xaecdb	  x5=0xaecdb000
       13235000	      1322	800003f0	0140a033	slt	x0,x1,x20	  x1:0x00000080 x20:0x0000000b
       13245000	      1323	800003f4	00320213	addi	x4,x4,3	  x4:0x00000008  x4=0x0000000b
       13255000	      1324	800003f8	00000013	addi	x0,x0,0	  x0:0x00000000
       13265000	      1325	800003fc	fe9248e3	blt	x4,x9,800003ec	  x4:0x0000000b  x9:0x0000000b
       13275000	      1326	80000400	1956fd13	andi	x26,x13,405	 x13:0x00000b00 x26=0x00000100
       13285000	      1327	80000404	01770233	add	x4,x14,x23	 x14:0x00000009 x23:0x00000001  x4=0x0000000a
       13295000	      1328	80000408	0462f463	bgeu	x5,x6,80000450	  x5:0xaecdb000  x6:0x00000007
       13305000	      1329	00000000	00000013	addi	x0,x0,0	  x0:0x00000000
       13315000	      1330	8000044c	00000013	addi	x0,x0,0	  x0:0x00000000
       13325000	      1331	80000450	0017a1b3	slt	x3,x15,x1	 x15:0x00000000  x1:0x00000080  x3=0x00000001
       13335000	      1332	80000454	41fed333	sra	x6,x29,x31	 x29:0x00000001 x31:0x00000000  x6=0x00000001
       13345000	      1333	80000458	01e0ab33	slt	x22,x1,x30	  x1:0x00000080 x30:0x0000000b x22=0x00000000
       13355000	      1334	8000045c	05c89863	bne	x17,x28,800004ac	 x17:0x80009f84 x28:0x80000000
       13365000	      1335	00000000	00000013	addi	x0,x0,0	  x0:0x00000000
       13375000	      1336	800004a8	00000013	addi	x0,x0,0	  x0:0x00000000
       13385000	      1337	800004ac	01cdd533	srl	x10,x27,x28	 x27:0x00000000 x28:0x80000000 x10=0x00000000
       13395000	      1338	800004b0	036e4293	xori	x5,x28,54	 x28:0x80000000  x5=0x80000036
       13405000	      1339	800004b4	022d4663	blt	x26,x2,800004e0	 x26:0x00000100  x2:0x00000016
       13415000	      1340	800004b8	00000013	addi	x0,x0,0	  x0:0x00000000
       13425000	      1341	800004bc	011923b3	slt	x7,x18,x17	 x18:0x00000001 x17:0x80009f84  x7=0x00000000
       13435000	      1342	800004c0	01f315b3	sll	x11,x6,x31	  x6:0x00000001 x31:0x00000000 x11=0x00000001
       13445000	      1343	800004c4	07387063	bgeu	x16,x19,80000524	 x16:0x80009fc4 x19:0x00000080
       13455000	      1344	00000000	00000013	addi	x0,x0,0	  x0:0x00000000
       13465000	      1345	80000520	00000013	addi	x0,x0,0	  x0:0x00000000
       13475000	      1346	80000524	00ff4c63	blt	x30,x15,8000053c	 x30:0x0000000b x15:0x00000000
       13485000	      1347	80000528	01679593	slli	x11,x15,0x16	 x15:0x00000000 x11=0x00000000
       13495000	      1348	8000052c	005d33b3	sltu	x7,x26,x5	 x26:0x00000100  x5:0x80000036  x7=0x00000001
       13505000	      1349	80000530	b5e0ac13	slti	x24,x1,-1186	  x1:0x00000080 x24=0x00000000
       13515000	      1350	80000534	002cdeb3	srl	x29,x25,x2	 x25:0x00000000  x2:0x00000016 x29=0x00000000
       13525000	      1351	80000538	00bce463	bltu	x25,x11,80000540	 x25:0x00000000 x11:0x00000000
       13535000	      1352	8000053c	88ca6393	ori	x7,x20,-1908	 x20:0x0000000b  x7=0xfffff88f
       13545000	      1353	80000540	40c35d33	sra	x26,x6,x12	  x6:0x00000001 x12:0x0000000e x26=0x00000000
       13555000	      1354	80000544	0009c1b3	xor	x3,x19,x0	 x19:0x00000080  x0:0x00000000  x3=0x00000080
       13565000	      1355	80000548	000f9613	slli	x12,x31,0x0	 x31:0x00000000 x12=0x00000000
       13575000	      1356	8000054c	007a1db3	sll	x27,x20,x7	 x20:0x0000000b  x7:0xfffff88f x27=0x00058000
       13585000	      1357	80000550	00c21c93	slli	x25,x4,0xc	  x4:0x0000000a x25=0x0000a000
       13595000	      1358	80000554	06979c63	bne	x15,x9,800005cc	 x15:0x00000000  x9:0x0000000b
       13605000	      1359	00000000	00000013	addi	x0,x0,0	  x0:0x00000000
       13615000	      1360	800005c8	00000013	addi	x0,x0,0	  x0:0x00000000
       13625000	      1361	800005cc	01036933	or	x18,x6,x16	  x6:0x00000001 x16:0x80009fc4 x18=0x80009fc5
       13635000	      1362	800005d0	00b89733	sll	x14,x17,x11	 x17:0x80009f84 x11:0x00000000 x14=0x80009f84
       13645000	      1363	800005d4	7f5c3917	auipc	x18,0x7f5c3	 x18=0xff5c35d0
       13655000	      1364	800005d8	13b6cf97	auipc	x31,0x13b6c	 x31=0x93b6c5d4
       13665000	      1365	800005dc	01fd0663	beq	x26,x31,800005e8	 x26:0x00000000 x31:0x93b6c5d4
       13675000	      1366	800005e0	01ed8233	add	x4,x27,x30	 x27:0x00058000 x30:0x0000000b  x4=0x0005800b
       13685000	      1367	800005e4	073c4917	auipc	x18,0x73c4	 x18=0x873c45e0
       13695000	      1368	800005e8	019dee63	bltu	x27,x25,80000604	 x27:0x00058000 x25:0x0000a000
       13705000	      1369	800005ec	01e83c33	sltu	x24,x16,x30	 x16:0x80009fc4 x30:0x0000000b x24=0x00000000
       13715000	      1370	800005f0	00000013	addi	x0,x0,0	  x0:0x00000000
       13725000	      1371	800005f4	9c88a6b7	lui	x13,0x9c88a	 x13=0x9c88a000
       13735000	      1372	800005f8	00569263	bne	x13,x5,800005fc	 x13:0x9c88a000  x5:0x80000036
       13745000	      1373	00000000	00000013	addi	x0,x0,0	  x0:0x00000000
       13755000	      1374	800005f8	00000013	addi	x0,x0,0	  x0:0x00000000
       13765000	      1375	800005fc	ad2ba693	slti	x13,x23,-1326	 x23:0x00000001 x13=0x00000000
       13775000	      1376	80000600	bc786113	ori	x2,x16,-1081	 x16:0x80009fc4  x2=0xffffffc7
       13785000	      1377	80000604	049ee063	bltu	x29,x9,80000644	 x29:0x00000000  x9:0x0000000b
       13795000	      1378	00000000	00000013	addi	x0,x0,0	  x0:0x00000000
       13805000	      1379	80000640	00000013	addi	x0,x0,0	  x0:0x00000000
       13815000	      1380	80000644	6afaad17	auipc	x26,0x6afaa	 x26=0xeafaa640
       13825000	      1381	80000648	0019bb33	sltu	x22,x19,x1	 x19:0x00000080  x1:0x00000080 x22=0x00000000
       13835000	      1382	8000064c	41f55493	srai	x9,x10,0x1f	 x10:0x00000000  x9=0x00000000
       13845000	      1383	80000650	010c27b3	slt	x15,x24,x16	 x24:0x00000000 x16:0x80009fc4 x15=0x00000000
       13855000	      1384	80000654	17245b37	lui	x22,0x17245	 x22=0x17245000
       13865000	      1385	80000658	01a95993	srli	x19,x18,0x1a	 x18:0x873c45e0 x19=0x00000021
       13875000	      1386	8000065c	01515693	srli	x13,x2,0x15	  x2:0xffffffc7 x13=0x000007ff
       13885000	      1387	80000660	07050993	addi	x19,x10,112	 x10:0x00000000 x19=0x00000070
       13895000	      1388	80000664	00b5fcb3	and	x25,x11,x11	 x11:0x00000000 x11:0x00000000 x25=0x00000000
       13905000	      1389	80000668	00a00193	addi	x3,x0,10	  x0:0x00000000  x3=0x0000000a
       13915000	      1390	8000066c	e5c6e293	ori	x5,x13,-420	 x13:0x000007ff  x5=0xffffffff
       13925000	      1391	80000670	01e674b3	and	x9,x12,x30	 x12:0x00000000 x30:0x0000000b  x9=0x00000000
       13935000	      1392	80000674	015172b3	and	x5,x2,x21	  x2:0xffffffc7 x21:0x00000000  x5=0x00000000
       13945000	      1393	80000678	0117cab3	xor	x21,x15,x17	 x15:0x00000000 x17:0x80009f84 x21=0x80009f84
       13955000	      1394	8000067c	6728f393	andi	x7,x17,1650	 x17:0x80009f84  x7=0x00000600
       13965000	      1395	80000680	01200513	addi	x10,x0,18	  x0:0x00000000 x10=0x00000012
       13975000	      1396	80000684	00000013	addi	x0,x0,0	  x0:0x00000000
       13985000	      1397	80000688	413ada33	sra	x20,x21,x19	 x21:0x80009f84 x19:0x00000070 x20=0xffff8000
       13995000	      1398	8000068c	9ed1ac93	slti	x25,x3,-1555	  x3:0x0000000a x25=0x00000000
       14005000	      1399	80000690	01315393	srli	x7,x2,0x13	  x2:0xffffffc7  x7=0x00001fff
       14015000	      1400	80000694	00318193	addi	x3,x3,3	  x3:0x0000000a  x3=0x0000000d
       14025000	      1401	80000698	5e540913	addi	x18,x8,1509	  x8:0x00000001 x18=0x000005e6
       14035000	      1402	8000069c	00600793	addi	x15,x0,6	  x0:0x00000000 x15=0x00000006
       14045000	      1403	800006a0	01322f33	slt	x30,x4,x19	  x4:0x0005800b x19:0x00000070 x30=0x00000000
       14055000	      1404	800006a4	cdea3eb7	lui	x29,0xcdea3	 x29=0xcdea3000
       14065000	      1405	800006a8	ffa00313	addi	x6,x0,-6	  x0:0x00000000  x6=0xfffffffa
       14075000	      1406	800006ac	b79dca93	xori	x21,x27,-1159	 x27:0x00058000 x21=0xfffa7b79
       14085000	      1407	800006b0	d3a12b37	lui	x22,0xd3a12	 x22=0xd3a12000
       14095000	      1408	800006b4	599f6f13	ori	x30,x30,1433	 x30:0x00000000 x30=0x00000599
       14105000	      1409	800006b8	ffd78793	addi	x15,x15,-3	 x15:0x00000006 x15=0x00000003
       14115000	      1410	800006bc	406f53b3	sra	x7,x30,x6	 x30:0x00000599  x6:0xfffffffa  x7=0x00000000
       14125000	      1411	800006c0	419c5f33	sra	x30,x24,x25	 x24:0x00000000 x25:0x00000000 x30=0x00000000
       14135000	      1412	800006c4	fe6798e3	bne	x15,x6,800006b4	 x15:0x00000003  x6:0xfffffffa
       14145000	      1413	00000000	00000013	addi	x0,x0,0	  x0:0x00000000
       14155000	      1414	800006b0	00000013	addi	x0,x0,0	  x0:0x00000000
       14165000	      1415	800006b4	599f6f13	ori	x30,x30,1433	 x30:0x00000000 x30=0x00000599
       14175000	      1416	800006b8	ffd78793	addi	x15,x15,-3	 x15:0x00000003 x15=0x00000000
       14185000	      1417	800006bc	406f53b3	sra	x7,x30,x6	 x30:0x00000599  x6:0xfffffffa  x7=0x00000000
       14195000	      1418	800006c0	419c5f33	sra	x30,x24,x25	 x24:0x00000000 x25:0x00000000 x30=0x00000000
       14205000	      1419	800006c4	fe6798e3	bne	x15,x6,800006b4	 x15:0x00000000  x6:0xfffffffa
       14215000	      1420	00000000	00000013	addi	x0,x0,0	  x0:0x00000000
       14225000	      1421	800006b0	00000013	addi	x0,x0,0	  x0:0x00000000
       14235000	      1422	800006b4	599f6f13	ori	x30,x30,1433	 x30:0x00000000 x30=0x00000599
       14245000	      1423	800006b8	ffd78793	addi	x15,x15,-3	 x15:0x00000000 x15=0xfffffffd
       14255000	      1424	800006bc	406f53b3	sra	x7,x30,x6	 x30:0x00000599  x6:0xfffffffa  x7=0x00000000
       14265000	      1425	800006c0	419c5f33	sra	x30,x24,x25	 x24:0x00000000 x25:0x00000000 x30=0x00000000
       14275000	      1426	800006c4	fe6798e3	bne	x15,x6,800006b4	 x15:0xfffffffd  x6:0xfffffffa
       14285000	      1427	00000000	00000013	addi	x0,x0,0	  x0:0x00000000
       14295000	      1428	800006b0	00000013	addi	x0,x0,0	  x0:0x00000000
       14305000	      1429	800006b4	599f6f13	ori	x30,x30,1433	 x30:0x00000000 x30=0x00000599
       14315000	      1430	800006b8	ffd78793	addi	x15,x15,-3	 x15:0xfffffffd x15=0xfffffffa
       14325000	      1431	800006bc	406f53b3	sra	x7,x30,x6	 x30:0x00000599  x6:0xfffffffa  x7=0x00000000
       14335000	      1432	800006c0	419c5f33	sra	x30,x24,x25	 x24:0x00000000 x25:0x00000000 x30=0x00000000
       14345000	      1433	800006c4	fe6798e3	bne	x15,x6,800006b4	 x15:0xfffffffa  x6:0xfffffffa
       14355000	      1434	800006c8	41f08bb3	sub	x23,x1,x31	  x1:0x00000080 x31:0x93b6c5d4 x23=0x6c493aac
       14365000	      1435	800006cc	faa1cce3	blt	x3,x10,80000684	  x3:0x0000000d x10:0x00000012
       14375000	      1436	00000000	00000013	addi	x0,x0,0	  x0:0x00000000
       14385000	      1437	80000680	00000013	addi	x0,x0,0	  x0:0x00000000
       14395000	      1438	80000684	00000013	addi	x0,x0,0	  x0:0x00000000
       14405000	      1439	80000688	413ada33	sra	x20,x21,x19	 x21:0xfffa7b79 x19:0x00000070 x20=0xfffffffa
       14415000	      1440	8000068c	9ed1ac93	slti	x25,x3,-1555	  x3:0x0000000d x25=0x00000000
       14425000	      1441	80000690	01315393	srli	x7,x2,0x13	  x2:0xffffffc7  x7=0x00001fff
       14435000	      1442	80000694	00318193	addi	x3,x3,3	  x3:0x0000000d  x3=0x00000010
       14445000	      1443	80000698	5e540913	addi	x18,x8,1509	  x8:0x00000001 x18=0x000005e6
       14455000	      1444	8000069c	00600793	addi	x15,x0,6	  x0:0x00000000 x15=0x00000006
       14465000	      1445	800006a0	01322f33	slt	x30,x4,x19	  x4:0x0005800b x19:0x00000070 x30=0x00000000
       14475000	      1446	800006a4	cdea3eb7	lui	x29,0xcdea3	 x29=0xcdea3000
       14485000	      1447	800006a8	ffa00313	addi	x6,x0,-6	  x0:0x00000000  x6=0xfffffffa
       14495000	      1448	800006ac	b79dca93	xori	x21,x27,-1159	 x27:0x00058000 x21=0xfffa7b79
       14505000	      1449	800006b0	d3a12b37	lui	x22,0xd3a12	 x22=0xd3a12000
       14515000	      1450	800006b4	599f6f13	ori	x30,x30,1433	 x30:0x00000000 x30=0x00000599
       14525000	      1451	800006b8	ffd78793	addi	x15,x15,-3	 x15:0x00000006 x15=0x00000003
       14535000	      1452	800006bc	406f53b3	sra	x7,x30,x6	 x30:0x00000599  x6:0xfffffffa  x7=0x00000000
       14545000	      1453	800006c0	419c5f33	sra	x30,x24,x25	 x24:0x00000000 x25:0x00000000 x30=0x00000000
       14555000	      1454	800006c4	fe6798e3	bne	x15,x6,800006b4	 x15:0x00000003  x6:0xfffffffa
       14565000	      1455	00000000	00000013	addi	x0,x0,0	  x0:0x00000000
       14575000	      1456	800006b0	00000013	addi	x0,x0,0	  x0:0x00000000
       14585000	      1457	800006b4	599f6f13	ori	x30,x30,1433	 x30:0x00000000 x30=0x00000599
       14595000	      1458	800006b8	ffd78793	addi	x15,x15,-3	 x15:0x00000003 x15=0x00000000
       14605000	      1459	800006bc	406f53b3	sra	x7,x30,x6	 x30:0x00000599  x6:0xfffffffa  x7=0x00000000
       14615000	      1460	800006c0	419c5f33	sra	x30,x24,x25	 x24:0x00000000 x25:0x00000000 x30=0x00000000
       14625000	      1461	800006c4	fe6798e3	bne	x15,x6,800006b4	 x15:0x00000000  x6:0xfffffffa
       14635000	      1462	00000000	00000013	addi	x0,x0,0	  x0:0x00000000
       14645000	      1463	800006b0	00000013	addi	x0,x0,0	  x0:0x00000000
       14655000	      1464	800006b4	599f6f13	ori	x30,x30,1433	 x30:0x00000000 x30=0x00000599
       14665000	      1465	800006b8	ffd78793	addi	x15,x15,-3	 x15:0x00000000 x15=0xfffffffd
       14675000	      1466	800006bc	406f53b3	sra	x7,x30,x6	 x30:0x00000599  x6:0xfffffffa  x7=0x00000000
       14685000	      1467	800006c0	419c5f33	sra	x30,x24,x25	 x24:0x00000000 x25:0x00000000 x30=0x00000000
       14695000	      1468	800006c4	fe6798e3	bne	x15,x6,800006b4	 x15:0xfffffffd  x6:0xfffffffa
       14705000	      1469	00000000	00000013	addi	x0,x0,0	  x0:0x00000000
       14715000	      1470	800006b0	00000013	addi	x0,x0,0	  x0:0x00000000
       14725000	      1471	800006b4	599f6f13	ori	x30,x30,1433	 x30:0x00000000 x30=0x00000599
       14735000	      1472	800006b8	ffd78793	addi	x15,x15,-3	 x15:0xfffffffd x15=0xfffffffa
       14745000	      1473	800006bc	406f53b3	sra	x7,x30,x6	 x30:0x00000599  x6:0xfffffffa  x7=0x00000000
       14755000	      1474	800006c0	419c5f33	sra	x30,x24,x25	 x24:0x00000000 x25:0x00000000 x30=0x00000000
       14765000	      1475	800006c4	fe6798e3	bne	x15,x6,800006b4	 x15:0xfffffffa  x6:0xfffffffa
       14775000	      1476	800006c8	41f08bb3	sub	x23,x1,x31	  x1:0x00000080 x31:0x93b6c5d4 x23=0x6c493aac
       14785000	      1477	800006cc	faa1cce3	blt	x3,x10,80000684	  x3:0x00000010 x10:0x00000012
       14795000	      1478	00000000	00000013	addi	x0,x0,0	  x0:0x00000000
       14805000	      1479	80000680	00000013	addi	x0,x0,0	  x0:0x00000000
       14815000	      1480	80000684	00000013	addi	x0,x0,0	  x0:0x00000000
       14825000	      1481	80000688	413ada33	sra	x20,x21,x19	 x21:0xfffa7b79 x19:0x00000070 x20=0xfffffffa
       14835000	      1482	8000068c	9ed1ac93	slti	x25,x3,-1555	  x3:0x00000010 x25=0x00000000
       14845000	      1483	80000690	01315393	srli	x7,x2,0x13	  x2:0xffffffc7  x7=0x00001fff
       14855000	      1484	80000694	00318193	addi	x3,x3,3	  x3:0x00000010  x3=0x00000013
       14865000	      1485	80000698	5e540913	addi	x18,x8,1509	  x8:0x00000001 x18=0x000005e6
       14875000	      1486	8000069c	00600793	addi	x15,x0,6	  x0:0x00000000 x15=0x00000006
       14885000	      1487	800006a0	01322f33	slt	x30,x4,x19	  x4:0x0005800b x19:0x00000070 x30=0x00000000
       14895000	      1488	800006a4	cdea3eb7	lui	x29,0xcdea3	 x29=0xcdea3000
       14905000	      1489	800006a8	ffa00313	addi	x6,x0,-6	  x0:0x00000000  x6=0xfffffffa
       14915000	      1490	800006ac	b79dca93	xori	x21,x27,-1159	 x27:0x00058000 x21=0xfffa7b79
       14925000	      1491	800006b0	d3a12b37	lui	x22,0xd3a12	 x22=0xd3a12000
       14935000	      1492	800006b4	599f6f13	ori	x30,x30,1433	 x30:0x00000000 x30=0x00000599
       14945000	      1493	800006b8	ffd78793	addi	x15,x15,-3	 x15:0x00000006 x15=0x00000003
       14955000	      1494	800006bc	406f53b3	sra	x7,x30,x6	 x30:0x00000599  x6:0xfffffffa  x7=0x00000000
       14965000	      1495	800006c0	419c5f33	sra	x30,x24,x25	 x24:0x00000000 x25:0x00000000 x30=0x00000000
       14975000	      1496	800006c4	fe6798e3	bne	x15,x6,800006b4	 x15:0x00000003  x6:0xfffffffa
       14985000	      1497	00000000	00000013	addi	x0,x0,0	  x0:0x00000000
       14995000	      1498	800006b0	00000013	addi	x0,x0,0	  x0:0x00000000
       15005000	      1499	800006b4	599f6f13	ori	x30,x30,1433	 x30:0x00000000 x30=0x00000599
       15015000	      1500	800006b8	ffd78793	addi	x15,x15,-3	 x15:0x00000003 x15=0x00000000
       15025000	      1501	800006bc	406f53b3	sra	x7,x30,x6	 x30:0x00000599  x6:0xfffffffa  x7=0x00000000
       15035000	      1502	800006c0	419c5f33	sra	x30,x24,x25	 x24:0x00000000 x25:0x00000000 x30=0x00000000
       15045000	      1503	800006c4	fe6798e3	bne	x15,x6,800006b4	 x15:0x00000000  x6:0xfffffffa
       15055000	      1504	00000000	00000013	addi	x0,x0,0	  x0:0x00000000
       15065000	      1505	800006b0	00000013	addi	x0,x0,0	  x0:0x00000000
       15075000	      1506	800006b4	599f6f13	ori	x30,x30,1433	 x30:0x00000000 x30=0x00000599
       15085000	      1507	800006b8	ffd78793	addi	x15,x15,-3	 x15:0x00000000 x15=0xfffffffd
       15095000	      1508	800006bc	406f53b3	sra	x7,x30,x6	 x30:0x00000599  x6:0xfffffffa  x7=0x00000000
       15105000	      1509	800006c0	419c5f33	sra	x30,x24,x25	 x24:0x00000000 x25:0x00000000 x30=0x00000000
       15115000	      1510	800006c4	fe6798e3	bne	x15,x6,800006b4	 x15:0xfffffffd  x6:0xfffffffa
       15125000	      1511	00000000	00000013	addi	x0,x0,0	  x0:0x00000000
       15135000	      1512	800006b0	00000013	addi	x0,x0,0	  x0:0x00000000
       15145000	      1513	800006b4	599f6f13	ori	x30,x30,1433	 x30:0x00000000 x30=0x00000599
       15155000	      1514	800006b8	ffd78793	addi	x15,x15,-3	 x15:0xfffffffd x15=0xfffffffa
       15165000	      1515	800006bc	406f53b3	sra	x7,x30,x6	 x30:0x00000599  x6:0xfffffffa  x7=0x00000000
       15175000	      1516	800006c0	419c5f33	sra	x30,x24,x25	 x24:0x00000000 x25:0x00000000 x30=0x00000000
       15185000	      1517	800006c4	fe6798e3	bne	x15,x6,800006b4	 x15:0xfffffffa  x6:0xfffffffa
       15195000	      1518	800006c8	41f08bb3	sub	x23,x1,x31	  x1:0x00000080 x31:0x93b6c5d4 x23=0x6c493aac
       15205000	      1519	800006cc	faa1cce3	blt	x3,x10,80000684	  x3:0x00000013 x10:0x00000012
       15215000	      1520	800006d0	41eada13	srai	x20,x21,0x1e	 x21:0xfffa7b79 x20=0xffffffff
       15225000	      1521	800006d4	3efcf213	andi	x4,x25,1007	 x25:0x00000000  x4=0x00000000
       15235000	      1522	800006d8	4168dcb3	sra	x25,x17,x22	 x17:0x80009f84 x22:0xd3a12000 x25=0x80009f84
       15245000	      1523	800006dc	00000013	addi	x0,x0,0	  x0:0x00000000
       15255000	      1524	800006e0	02e9f263	bgeu	x19,x14,80000704	 x19:0x00000070 x14:0x80009f84
       15265000	      1525	800006e4	003ec633	xor	x12,x29,x3	 x29:0xcdea3000  x3:0x00000013 x12=0xcdea3013
       15275000	      1526	800006e8	00b486b3	add	x13,x9,x11	  x9:0x00000000 x11:0x00000000 x13=0x00000000
       15285000	      1527	800006ec	002e47b3	xor	x15,x28,x2	 x28:0x80000000  x2:0xffffffc7 x15=0x7fffffc7
       15295000	      1528	800006f0	002d5213	srli	x4,x26,0x2	 x26:0xeafaa640  x4=0x3abea990
       15305000	      1529	800006f4	004da7b3	slt	x15,x27,x4	 x27:0x00058000  x4:0x3abea990 x15=0x00000001
       15315000	      1530	800006f8	009eadb3	slt	x27,x29,x9	 x29:0xcdea3000  x9:0x00000000 x27=0x00000001
       15325000	      1531	800006fc	01ad9693	slli	x13,x27,0x1a	 x27:0x00000001 x13=0x04000000
       15335000	      1532	80000700	00f8f663	bgeu	x17,x15,8000070c	 x17:0x80009f84 x15:0x00000001
       15345000	      1533	00000000	00000013	addi	x0,x0,0	  x0:0x00000000
       15355000	      1534	80000708	00000013	addi	x0,x0,0	  x0:0x00000000
       15365000	      1535	8000070c	50276393	ori	x7,x14,1282	 x14:0x80009f84  x7=0x80009f86
       15375000	      1536	80000710	6684f337	lui	x6,0x6684f	  x6=0x6684f000
       15385000	      1537	80000714	3ebc2313	slti	x6,x24,1003	 x24:0x00000000  x6=0x00000001
       15395000	      1538	80000718	00621493	slli	x9,x4,0x6	  x4:0x3abea990  x9=0xafaa6400
       15405000	      1539	8000071c	d8ee8b13	addi	x22,x29,-626	 x29:0xcdea3000 x22=0xcdea2d8e
       15415000	      1540	80000720	415f5a33	sra	x20,x30,x21	 x30:0x00000000 x21:0xfffa7b79 x20=0x00000000
       15425000	      1541	80000724	00000013	addi	x0,x0,0	  x0:0x00000000
       15435000	      1542	80000728	05cc1463	bne	x24,x28,80000770	 x24:0x00000000 x28:0x80000000
       15445000	      1543	00000000	00000013	addi	x0,x0,0	  x0:0x00000000
       15455000	      1544	8000076c	00000013	addi	x0,x0,0	  x0:0x00000000
       15465000	      1545	80000770	b866c793	xori	x15,x13,-1146	 x13:0x04000000 x15=0xfbfffb86
       15475000	      1546	80000774	00835413	srli	x8,x6,0x8	  x6:0x00000001  x8=0x00000000
       15485000	      1547	80000778	4179d493	srai	x9,x19,0x17	 x19:0x00000070  x9=0x00000000
       15495000	      1548	8000077c	00e64ab3	xor	x21,x12,x14	 x12:0xcdea3013 x14:0x80009f84 x21=0x4deaaf97
       15505000	      1549	80000780	9000e413	ori	x8,x1,-1792	  x1:0x00000080  x8=0xfffff980
       15515000	      1550	80000784	01b1c9b3	xor	x19,x3,x27	  x3:0x00000013 x27:0x00000001 x19=0x00000012
       15525000	      1551	80000788	77af3c93	sltiu	x25,x30,1914	 x30:0x00000000 x25=0x00000001
       15535000	      1552	8000078c	0081e0b3	or	x1,x3,x8	  x3:0x00000013  x8:0xfffff980  x1=0xfffff993
       15545000	      1553	80000790	a1790313	addi	x6,x18,-1513	 x18:0x000005e6  x6=0xfffffffd
       15555000	      1554	80000794	001ecdb3	xor	x27,x29,x1	 x29:0xcdea3000  x1:0xfffff993 x27=0x3215c993
       15565000	      1555	80000798	00e1a433	slt	x8,x3,x14	  x3:0x00000013 x14:0x80009f84  x8=0x00000000
       15575000	      1556	8000079c	00571b13	slli	x22,x14,0x5	 x14:0x80009f84 x22=0x0013f080
       15585000	      1557	800007a0	0336e263	bltu	x13,x19,800007c4	 x13:0x04000000 x19:0x00000012
       15595000	      1558	800007a4	415c5393	srai	x7,x24,0x15	 x24:0x00000000  x7=0x00000000
       15605000	      1559	800007a8	5119ea93	ori	x21,x19,1297	 x19:0x00000012 x21=0x00000513
       15615000	      1560	800007ac	01095013	srli	x0,x18,0x10	 x18:0x000005e6
       15625000	      1561	800007b0	01d81793	slli	x15,x16,0x1d	 x16:0x80009fc4 x15=0x80000000
       15635000	      1562	800007b4	a0063213	sltiu	x4,x12,-1536	 x12:0xcdea3013  x4=0x00000001
       15645000	      1563	800007b8	00051633	sll	x12,x10,x0	 x10:0x00000012  x0:0x00000000 x12=0x00000012
       15655000	      1564	800007bc	014b6663	bltu	x22,x20,800007c8	 x22:0x0013f080 x20:0x00000000
       15665000	      1565	800007c0	9d4f7513	andi	x10,x30,-1580	 x30:0x00000000 x10=0x00000000
       15675000	      1566	800007c4	d97b5ab7	lui	x21,0xd97b5	 x21=0xd97b5000
       15685000	      1567	800007c8	40f30a33	sub	x20,x6,x15	  x6:0xfffffffd x15:0x80000000 x20=0x7ffffffd
       15695000	      1568	800007cc	03e0fe63	bgeu	x1,x30,80000808	  x1:0xfffff993 x30:0x00000000
       15705000	      1569	00000000	00000013	addi	x0,x0,0	  x0:0x00000000
       15715000	      1570	80000804	00000013	addi	x0,x0,0	  x0:0x00000000
       15725000	      1571	80000808	403b02b3	sub	x5,x22,x3	 x22:0x0013f080  x3:0x00000013  x5=0x0013f06d
       15735000	      1572	8000080c	00a83db3	sltu	x27,x16,x10	 x16:0x80009fc4 x10:0x00000000 x27=0x00000000
       15745000	      1573	80000810	011fc6b3	xor	x13,x31,x17	 x31:0x93b6c5d4 x17:0x80009f84 x13=0x13b65a50
       15755000	      1574	80000814	00a0ab33	slt	x22,x1,x10	  x1:0xfffff993 x10:0x00000000 x22=0x00000001
       15765000	      1575	80000818	017569b3	or	x19,x10,x23	 x10:0x00000000 x23:0x6c493aac x19=0x6c493aac
       15775000	      1576	8000081c	0a8ac063	blt	x21,x8,800008bc	 x21:0xd97b5000  x8:0x00000000
       15785000	      1577	00000000	00000013	addi	x0,x0,0	  x0:0x00000000
       15795000	      1578	800008b8	00000013	addi	x0,x0,0	  x0:0x00000000
       15805000	      1579	800008bc	003ed193	srli	x3,x29,0x3	 x29:0xcdea3000  x3=0x19bd4600
       15815000	      1580	800008c0	41b18ab3	sub	x21,x3,x27	  x3:0x19bd4600 x27:0x00000000 x21=0x19bd4600
       15825000	      1581	800008c4	01e01493	slli	x9,x0,0x1e	  x0:0x00000000  x9=0x00000000
       15835000	      1582	800008c8	3136f393	andi	x7,x13,787	 x13:0x13b65a50  x7=0x00000210
       15845000	      1583	800008cc	000e1033	sll	x0,x28,x0	 x28:0x80000000  x0:0x00000000
       15855000	      1584	800008d0	525de013	ori	x0,x27,1317	 x27:0x00000000
       15865000	      1585	800008d4	0007d733	srl	x14,x15,x0	 x15:0x80000000  x0:0x00000000 x14=0x80000000
       15875000	      1586	800008d8	c8c2d617	auipc	x12,0xc8c2d	 x12=0x48c2d8d4
       15885000	      1587	800008dc	0385f663	bgeu	x11,x24,80000908	 x11:0x00000000 x24:0x00000000
       15895000	      1588	00000000	00000013	addi	x0,x0,0	  x0:0x00000000
       15905000	      1589	80000904	00000013	addi	x0,x0,0	  x0:0x00000000
       15915000	      1590	80000908	01ab1663	bne	x22,x26,80000914	 x22:0x00000001 x26:0xeafaa640
       15925000	      1591	00000000	00000013	addi	x0,x0,0	  x0:0x00000000
       15935000	      1592	80000910	00000013	addi	x0,x0,0	  x0:0x00000000
       15945000	      1593	80000914	019f8e63	beq	x31,x25,80000930	 x31:0x93b6c5d4 x25:0x00000001
       15955000	      1594	80000918	00256db3	or	x27,x10,x2	 x10:0x00000000  x2:0xffffffc7 x27=0xffffffc7
       15965000	      1595	8000091c	00000013	addi	x0,x0,0	  x0:0x00000000
       15975000	      1596	80000920	01e56db3	or	x27,x10,x30	 x10:0x00000000 x30:0x00000000 x27=0x00000000
       15985000	      1597	80000924	01a07233	and	x4,x0,x26	  x0:0x00000000 x26:0xeafaa640  x4=0x00000000
       15995000	      1598	80000928	db733693	sltiu	x13,x6,-585	  x6:0xfffffffd x13=0x00000000
       16005000	      1599	8000092c	408d8033	sub	x0,x27,x8	 x27:0x00000000  x8:0x00000000
       16015000	      1600	80000930	3a197213	andi	x4,x18,929	 x18:0x000005e6  x4=0x000001a0
       16025000	      1601	80000934	9aa54593	xori	x11,x10,-1622	 x10:0x00000000 x11=0xfffff9aa
       16035000	      1602	80000938	0060d713	srli	x14,x1,0x6	  x1:0xfffff993 x14=0x03ffffe6
       16045000	      1603	8000093c	c98ca013	slti	x0,x25,-872	 x25:0x00000001
       16055000	      1604	80000940	003b70b3	and	x1,x22,x3	 x22:0x00000001  x3:0x19bd4600  x1=0x00000000
       16065000	      1605	80000944	043f0463	beq	x30,x3,8000098c	 x30:0x00000000  x3:0x19bd4600
       16075000	      1606	80000948	4052dc13	srai	x24,x5,0x5	  x5:0x0013f06d x24=0x00009f83
       16085000	      1607	8000094c	68d88597	auipc	x11,0x68d88	 x11=0xe8d88948
       16095000	      1608	80000950	01117b33	and	x22,x2,x17	  x2:0xffffffc7 x17:0x80009f84 x22=0x80009f84
       16105000	      1609	80000954	406dd393	srai	x7,x27,0x6	 x27:0x00000000  x7=0x00000000
       16115000	      1610	80000958	b3ad3f17	auipc	x30,0xb3ad3	 x30=0x33ad3954
       16125000	      1611	8000095c	018205b3	add	x11,x4,x24	  x4:0x000001a0 x24:0x00009f83 x11=0x0000a123
       16135000	      1612	80000960	01568433	add	x8,x13,x21	 x13:0x00000000 x21:0x19bd4600  x8=0x19bd4600
       16145000	      1613	80000964	00a90663	beq	x18,x10,80000970	 x18:0x000005e6 x10:0x00000000
       16155000	      1614	80000968	afaf8317	auipc	x6,0xafaf8	  x6=0x2faf8964
       16165000	      1615	8000096c	cce3b613	sltiu	x12,x7,-818	  x7:0x00000000 x12=0x00000001
       16175000	      1616	80000970	00b6f5b3	and	x11,x13,x11	 x13:0x00000000 x11:0x0000a123 x11=0x00000000
       16185000	      1617	80000974	01089433	sll	x8,x17,x16	 x17:0x80009f84 x16:0x80009fc4  x8=0x0009f840
       16195000	      1618	80000978	005d7c33	and	x24,x26,x5	 x26:0xeafaa640  x5:0x0013f06d x24=0x0012a040
       16205000	      1619	8000097c	02fff663	bgeu	x31,x15,800009a8	 x31:0x93b6c5d4 x15:0x80000000
       16215000	      1620	00000000	00000013	addi	x0,x0,0	  x0:0x00000000
       16225000	      1621	800009a4	00000013	addi	x0,x0,0	  x0:0x00000000
       16235000	      1622	800009a8	01f17e63	bgeu	x2,x31,800009c4	  x2:0xffffffc7 x31:0x93b6c5d4
       16245000	      1623	00000000	00000013	addi	x0,x0,0	  x0:0x00000000
       16255000	      1624	800009c0	00000013	addi	x0,x0,0	  x0:0x00000000
       16265000	      1625	800009c4	672aca93	xori	x21,x21,1650	 x21:0x19bd4600 x21=0x19bd4072
       16275000	      1626	800009c8	155e7f13	andi	x30,x28,341	 x28:0x80000000 x30=0x00000000
       16285000	      1627	800009cc	0105e233	or	x4,x11,x16	 x11:0x00000000 x16:0x80009fc4  x4=0x80009fc4
       16295000	      1628	800009d0	00150663	beq	x10,x1,800009dc	 x10:0x00000000  x1:0x00000000
       16305000	      1629	00000000	00000013	addi	x0,x0,0	  x0:0x00000000
       16315000	      1630	800009d8	00000013	addi	x0,x0,0	  x0:0x00000000
       16325000	      1631	800009dc	0007e6b3	or	x13,x15,x0	 x15:0x80000000  x0:0x00000000 x13=0x80000000
       16335000	      1632	800009e0	04b81063	bne	x16,x11,80000a20	 x16:0x80009fc4 x11:0x00000000
       16345000	      1633	00000000	00000013	addi	x0,x0,0	  x0:0x00000000
       16355000	      1634	80000a1c	00000013	addi	x0,x0,0	  x0:0x00000000
       16365000	      1635	80000a20	02f46463	bltu	x8,x15,80000a48	  x8:0x0009f840 x15:0x80000000
       16375000	      1636	00000000	00000013	addi	x0,x0,0	  x0:0x00000000
       16385000	      1637	80000a44	00000013	addi	x0,x0,0	  x0:0x00000000
       16395000	      1638	80000a48	011ccc63	blt	x25,x17,80000a60	 x25:0x00000001 x17:0x80009f84
       16405000	      1639	80000a4c	d8a52c17	auipc	x24,0xd8a52	 x24=0x58a52a48
       16415000	      1640	80000a50	00a89113	slli	x2,x17,0xa	 x17:0x80009f84  x2=0x027e1000
       16425000	      1641	80000a54	08c32613	slti	x12,x6,140	  x6:0x2faf8964 x12=0x00000000
       16435000	      1642	80000a58	0114c133	xor	x2,x9,x17	  x9:0x00000000 x17:0x80009f84  x2=0x80009f84
       16445000	      1643	80000a5c	f05ccd13	xori	x26,x25,-251	 x25:0x00000001 x26=0xffffff04
       16455000	      1644	80000a60	400e0db3	sub	x27,x28,x0	 x28:0x80000000  x0:0x00000000 x27=0x80000000
       16465000	      1645	80000a64	01305213	srli	x4,x0,0x13	  x0:0x00000000  x4=0x00000000
       16475000	      1646	80000a68	8f207913	andi	x18,x0,-1806	  x0:0x00000000 x18=0x00000000
       16485000	      1647	80000a6c	0306da63	bge	x13,x16,80000aa0	 x13:0x80000000 x16:0x80009fc4
       16495000	      1648	80000a70	e92e7a13	andi	x20,x28,-366	 x28:0x80000000 x20=0x80000000
       16505000	      1649	80000a74	e8de3197	auipc	x3,0xe8de3	  x3=0x68de3a70
       16515000	      1650	80000a78	47c7ff13	andi	x30,x15,1148	 x15:0x80000000 x30=0x00000000
       16525000	      1651	80000a7c	dcf0ff93	andi	x31,x1,-561	  x1:0x00000000 x31=0x00000000
       16535000	      1652	80000a80	017017b3	sll	x15,x0,x23	  x0:0x00000000 x23:0x6c493aac x15=0x00000000
       16545000	      1653	80000a84	01ead533	srl	x10,x21,x30	 x21:0x19bd4072 x30:0x00000000 x10=0x19bd4072
       16555000	      1654	80000a88	003d1c33	sll	x24,x26,x3	 x26:0xffffff04  x3:0x68de3a70 x24=0xff040000
       16565000	      1655	80000a8c	5a4b7a13	andi	x20,x22,1444	 x22:0x80009f84 x20=0x00000584
       16575000	      1656	80000a90	00b41193	slli	x3,x8,0xb	  x8:0x0009f840  x3=0x4fc20000
       16585000	      1657	80000a94	01f99013	slli	x0,x19,0x1f	 x19:0x6c493aac
       16595000	      1658	80000a98	41e45313	srai	x6,x8,0x1e	  x8:0x0009f840  x6=0x00000000
       16605000	      1659	80000a9c	01b91313	slli	x6,x18,0x1b	 x18:0x00000000  x6=0x00000000
       16615000	      1660	80000aa0	a0dc5617	auipc	x12,0xa0dc5	 x12=0x20dc5a9c
       16625000	      1661	80000aa4	05474463	blt	x14,x20,80000aec	 x14:0x03ffffe6 x20:0x00000584
       16635000	      1662	80000aa8	01d14663	blt	x2,x29,80000ab4	  x2:0x80009f84 x29:0xcdea3000
       16645000	      1663	00000000	00000013	addi	x0,x0,0	  x0:0x00000000
       16655000	      1664	80000ab0	00000013	addi	x0,x0,0	  x0:0x00000000
       16665000	      1665	80000ab4	000e27b3	slt	x15,x28,x0	 x28:0x80000000  x0:0x00000000 x15=0x00000001
       16675000	      1666	80000ab8	004d1f13	slli	x30,x26,0x4	 x26:0xffffff04 x30=0xfffff040
       16685000	      1667	80000abc	0138dbb3	srl	x23,x17,x19	 x17:0x80009f84 x19:0x6c493aac x23=0x00080009
       16695000	      1668	80000ac0	01ef5413	srli	x8,x30,0x1e	 x30:0xfffff040  x8=0x00000003
       16705000	      1669	80000ac4	0110acb3	slt	x25,x1,x17	  x1:0x00000000 x17:0x80009f84 x25=0x00000000
       16715000	      1670	80000ac8	0020cc33	xor	x24,x1,x2	  x1:0x00000000  x2:0x80009f84 x24=0x80009f84
       16725000	      1671	80000acc	004c69b3	or	x19,x24,x4	 x24:0x80009f84  x4:0x00000000 x19=0x80009f84
       16735000	      1672	80000ad0	02dc4e63	blt	x24,x13,80000b0c	 x24:0x80009f84 x13:0x80000000
       16745000	      1673	80000ad4	0034ba33	sltu	x20,x9,x3	  x9:0x00000000  x3:0x4fc20000 x20=0x00000001
       16755000	      1674	80000ad8	025b5263	bge	x22,x5,80000afc	 x22:0x80009f84  x5:0x0013f06d
       16765000	      1675	80000adc	01795733	srl	x14,x18,x23	 x18:0x00000000 x23:0x00080009 x14=0x00000000
       16775000	      1676	80000ae0	01dcc263	blt	x25,x29,80000ae4	 x25:0x00000000 x29:0xcdea3000
       16785000	      1677	80000ae4	014016b3	sll	x13,x0,x20	  x0:0x00000000 x20:0x00000001 x13=0x00000000
       16795000	      1678	80000ae8	00000013	addi	x0,x0,0	  x0:0x00000000
       16805000	      1679	80000aec	01dea0b3	slt	x1,x29,x29	 x29:0xcdea3000 x29:0xcdea3000  x1=0x00000000
       16815000	      1680	80000af0	01ac4863	blt	x24,x26,80000b00	 x24:0x80009f84 x26:0xffffff04
       16825000	      1681	00000000	00000013	addi	x0,x0,0	  x0:0x00000000
       16835000	      1682	80000afc	00000013	addi	x0,x0,0	  x0:0x00000000
       16845000	      1683	80000b00	35b8b593	sltiu	x11,x17,859	 x17:0x80009f84 x11=0x00000000
       16855000	      1684	80000b04	0084c6b3	xor	x13,x9,x8	  x9:0x00000000  x8:0x00000003 x13=0x00000003
       16865000	      1685	80000b08	01e64633	xor	x12,x12,x30	 x12:0x20dc5a9c x30:0xfffff040 x12=0xdf23aadc
       16875000	      1686	80000b0c	f895e713	ori	x14,x11,-119	 x11:0x00000000 x14=0xffffff89
       16885000	      1687	80000b10	00000013	addi	x0,x0,0	  x0:0x00000000
       16895000	      1688	80000b14	00000013	addi	x0,x0,0	  x0:0x00000000
       16905000	      1689	80000b18	01c492b3	sll	x5,x9,x28	  x9:0x00000000 x28:0x80000000  x5=0x00000000
       16915000	      1690	80000b1c	00a4acb3	slt	x25,x9,x10	  x9:0x00000000 x10:0x19bd4072 x25=0x00000001
       16925000	      1691	80000b20	05b78463	beq	x15,x27,80000b68	 x15:0x00000001 x27:0x80000000
       16935000	      1692	80000b24	17f0e293	ori	x5,x1,383	  x1:0x00000000  x5=0x0000017f
       16945000	      1693	80000b28	00d1ca33	xor	x20,x3,x13	  x3:0x4fc20000 x13:0x00000003 x20=0x4fc20003
       16955000	      1694	80000b2c	014bde63	bge	x23,x20,80000b48	 x23:0x00080009 x20:0x4fc20003
       16965000	      1695	80000b30	42afaf93	slti	x31,x31,1066	 x31:0x00000000 x31=0x00000001
       16975000	      1696	80000b34	05bf6863	bltu	x30,x27,80000b84	 x30:0xfffff040 x27:0x80000000
       16985000	      1697	80000b38	02375663	bge	x14,x3,80000b64	 x14:0xffffff89  x3:0x4fc20000
       16995000	      1698	80000b3c	04f77463	bgeu	x14,x15,80000b84	 x14:0xffffff89 x15:0x00000001
       17005000	      1699	00000000	00000013	addi	x0,x0,0	  x0:0x00000000
       17015000	      1700	80000b80	00000013	addi	x0,x0,0	  x0:0x00000000
       17025000	      1701	80000b84	57438117	auipc	x2,0x57438	  x2=0xd7438b80
       17035000	      1702	80000b88	00000013	addi	x0,x0,0	  x0:0x00000000
       17045000	      1703	80000b8c	0564d063	bge	x9,x22,80000bcc	  x9:0x00000000 x22:0x80009f84
       17055000	      1704	00000000	00000013	addi	x0,x0,0	  x0:0x00000000
       17065000	      1705	80000bc8	00000013	addi	x0,x0,0	  x0:0x00000000
       17075000	      1706	80000bcc	268daf93	slti	x31,x27,616	 x27:0x80000000 x31=0x00000001
       17085000	      1707	80000bd0	01718533	add	x10,x3,x23	  x3:0x4fc20000 x23:0x00080009 x10=0x4fca0009
       17095000	      1708	80000bd4	00a847b3	xor	x15,x16,x10	 x16:0x80009fc4 x10:0x4fca0009 x15=0xcfca9fcd
       17105000	      1709	80000bd8	009eb0b3	sltu	x1,x29,x9	 x29:0xcdea3000  x9:0x00000000  x1=0x00000000
       17115000	      1710	80000bdc	28a1be93	sltiu	x29,x3,650	  x3:0x4fc20000 x29=0x00000000
       17125000	      1711	80000be0	019c5663	bge	x24,x25,80000bec	 x24:0x80009f84 x25:0x00000001
       17135000	      1712	80000be4	40b956b3	sra	x13,x18,x11	 x18:0x00000000 x11:0x00000000 x13=0x00000000
       17145000	      1713	80000be8	01b55a33	srl	x20,x10,x27	 x10:0x4fca0009 x27:0x80000000 x20=0x4fca0009
       17155000	      1714	80000bec	018a5463	bge	x20,x24,80000bf4	 x20:0x4fca0009 x24:0x80009f84
       17165000	      1715	00000000	00000013	addi	x0,x0,0	  x0:0x00000000
       17175000	      1716	80000bf0	00000013	addi	x0,x0,0	  x0:0x00000000
       17185000	      1717	80000bf4	01c99a33	sll	x20,x19,x28	 x19:0x80009f84 x28:0x80000000 x20=0x80009f84
       17195000	      1718	80000bf8	41bb8c33	sub	x24,x23,x27	 x23:0x00080009 x27:0x80000000 x24=0x80080009
       17205000	      1719	80000bfc	00da1593	slli	x11,x20,0xd	 x20:0x80009f84 x11=0x13f08000
       17215000	      1720	80000c00	053e0463	beq	x28,x19,80000c48	 x28:0x80000000 x19:0x80009f84
       17225000	      1721	80000c04	00498db3	add	x27,x19,x4	 x19:0x80009f84  x4:0x00000000 x27=0x80009f84
       17235000	      1722	80000c08	cfe074b7	lui	x9,0xcfe07	  x9=0xcfe07000
       17245000	      1723	80000c0c	00a15093	srli	x1,x2,0xa	  x2:0xd7438b80  x1=0x0035d0e2
       17255000	      1724	80000c10	df590913	addi	x18,x18,-523	 x18:0x00000000 x18=0xfffffdf5
       17265000	      1725	80000c14	043bf463	bgeu	x23,x3,80000c5c	 x23:0x00080009  x3:0x4fc20000
       17275000	      1726	80000c18	ddf9b913	sltiu	x18,x19,-545	 x19:0x80009f84 x18=0x00000001
       17285000	      1727	80000c1c	00159863	bne	x11,x1,80000c2c	 x11:0x13f08000  x1:0x0035d0e2
       17295000	      1728	00000000	00000013	addi	x0,x0,0	  x0:0x00000000
       17305000	      1729	80000c28	00000013	addi	x0,x0,0	  x0:0x00000000
       17315000	      1730	80000c2c	99c23513	sltiu	x10,x4,-1636	  x4:0x00000000 x10=0x00000001
       17325000	      1731	80000c30	014da0b3	slt	x1,x27,x20	 x27:0x80009f84 x20:0x80009f84  x1=0x00000000
       17335000	      1732	80000c34	018f1733	sll	x14,x30,x24	 x30:0xfffff040 x24:0x80080009 x14=0xffe08000
       17345000	      1733	80000c38	02ef1e63	bne	x30,x14,80000c74	 x30:0xfffff040 x14:0xffe08000
       17355000	      1734	00000000	00000013	addi	x0,x0,0	  x0:0x00000000
       17365000	      1735	80000c70	00000013	addi	x0,x0,0	  x0:0x00000000
       17375000	      1736	80000c74	026ff663	bgeu	x31,x6,80000ca0	 x31:0x00000001  x6:0x00000000
       17385000	      1737	00000000	00000013	addi	x0,x0,0	  x0:0x00000000
       17395000	      1738	80000c9c	00000013	addi	x0,x0,0	  x0:0x00000000
       17405000	      1739	80000ca0	01429fb3	sll	x31,x5,x20	  x5:0x0000017f x20:0x80009f84 x31=0x000017f0
       17415000	      1740	80000ca4	00745663	bge	x8,x7,80000cb0	  x8:0x00000003  x7:0x00000000
       17425000	      1741	00000000	00000013	addi	x0,x0,0	  x0:0x00000000
       17435000	      1742	80000cac	00000013	addi	x0,x0,0	  x0:0x00000000
       17445000	      1743	80000cb0	08127c93	andi	x25,x4,129	  x4:0x00000000 x25=0x00000000
       17455000	      1744	80000cb4	40d78133	sub	x2,x15,x13	 x15:0xcfca9fcd x13:0x00000000  x2=0xcfca9fcd
       17465000	      1745	80000cb8	011b9733	sll	x14,x23,x17	 x23:0x00080009 x17:0x80009f84 x14=0x00800090
       17475000	      1746	80000cbc	40bfd393	srai	x7,x31,0xb	 x31:0x000017f0  x7=0x00000002
       17485000	      1747	80000cc0	0075bd33	sltu	x26,x11,x7	 x11:0x13f08000  x7:0x00000002 x26=0x00000000
       17495000	      1748	80000cc4	40c9df33	sra	x30,x19,x12	 x19:0x80009f84 x12:0xdf23aadc x30=0xfffffff8
       17505000	      1749	80000cc8	00000013	addi	x0,x0,0	  x0:0x00000000
       17515000	      1750	80000ccc	89189417	auipc	x8,0x89189	  x8=0x09189cc8
       17525000	      1751	80000cd0	5813b013	sltiu	x0,x7,1409	  x7:0x00000002
       17535000	      1752	80000cd4	e049b513	sltiu	x10,x19,-508	 x19:0x80009f84 x10=0x00000001
       17545000	      1753	80000cd8	01493533	sltu	x10,x18,x20	 x18:0x00000001 x20:0x80009f84 x10=0x00000001
       17555000	      1754	80000cdc	403c04b3	sub	x9,x24,x3	 x24:0x80080009  x3:0x4fc20000  x9=0x30460009
       17565000	      1755	80000ce0	00000013	addi	x0,x0,0	  x0:0x00000000
       17575000	      1756	80000ce4	0169c633	xor	x12,x19,x22	 x19:0x80009f84 x22:0x80009f84 x12=0x00000000
       17585000	      1757	80000ce8	000b4933	xor	x18,x22,x0	 x22:0x80009f84  x0:0x00000000 x18=0x80009f84
       17595000	      1758	80000cec	047f9063	bne	x31,x7,80000d2c	 x31:0x000017f0  x7:0x00000002
       17605000	      1759	00000000	00000013	addi	x0,x0,0	  x0:0x00000000
       17615000	      1760	80000d28	00000013	addi	x0,x0,0	  x0:0x00000000
       17625000	      1761	80000d2c	015323b3	slt	x7,x6,x21	  x6:0x00000000 x21:0x19bd4072  x7=0x00000001
       17635000	      1762	80000d30	41205613	srai	x12,x0,0x12	  x0:0x00000000 x12=0x00000000
       17645000	      1763	80000d34	05eb1863	bne	x22,x30,80000d84	 x22:0x80009f84 x30:0xfffffff8
       17655000	      1764	00000000	00000013	addi	x0,x0,0	  x0:0x00000000
       17665000	      1765	80000d80	00000013	addi	x0,x0,0	  x0:0x00000000
       17675000	      1766	80000d84	0174c533	xor	x10,x9,x23	  x9:0x30460009 x23:0x00080009 x10=0x304e0000
       17685000	      1767	80000d88	01be27b3	slt	x15,x28,x27	 x28:0x80000000 x27:0x80009f84 x15=0x00000001
       17695000	      1768	80000d8c	01929c33	sll	x24,x5,x25	  x5:0x0000017f x25:0x00000000 x24=0x0000017f
       17705000	      1769	80000d90	01531f33	sll	x30,x6,x21	  x6:0x00000000 x21:0x19bd4072 x30=0x00000000
       17715000	      1770	80000d94	01cc7e63	bgeu	x24,x28,80000db0	 x24:0x0000017f x28:0x80000000
       17725000	      1771	80000d98	048dd063	bge	x27,x8,80000dd8	 x27:0x80009f84  x8:0x09189cc8
       17735000	      1772	80000d9c	007d5263	bge	x26,x7,80000da0	 x26:0x00000000  x7:0x00000001
       17745000	      1773	80000da0	004bc5b3	xor	x11,x23,x4	 x23:0x00080009  x4:0x00000000 x11=0x00080009
       17755000	      1774	80000da4	00db89b3	add	x19,x23,x13	 x23:0x00080009 x13:0x00000000 x19=0x00080009
       17765000	      1775	80000da8	0048f663	bgeu	x17,x4,80000db4	 x17:0x80009f84  x4:0x00000000
       17775000	      1776	00000000	00000013	addi	x0,x0,0	  x0:0x00000000
       17785000	      1777	80000db0	00000013	addi	x0,x0,0	  x0:0x00000000
       17795000	      1778	80000db4	002dcdb3	xor	x27,x27,x2	 x27:0x80009f84  x2:0xcfca9fcd x27=0x4fca0049
       17805000	      1779	80000db8	018ae933	or	x18,x21,x24	 x21:0x19bd4072 x24:0x0000017f x18=0x19bd417f
       17815000	      1780	80000dbc	05ab7063	bgeu	x22,x26,80000dfc	 x22:0x80009f84 x26:0x00000000
       17825000	      1781	00000000	00000013	addi	x0,x0,0	  x0:0x00000000
       17835000	      1782	80000df8	00000013	addi	x0,x0,0	  x0:0x00000000
       17845000	      1783	80000dfc	007bf863	bgeu	x23,x7,80000e0c	 x23:0x00080009  x7:0x00000001
       17855000	      1784	00000000	00000013	addi	x0,x0,0	  x0:0x00000000
       17865000	      1785	80000e08	00000013	addi	x0,x0,0	  x0:0x00000000
       17875000	      1786	80000e0c	7c2bf593	andi	x11,x23,1986	 x23:0x00080009 x11=0x00000000
       17885000	      1787	80000e10	01025913	srli	x18,x4,0x10	  x4:0x00000000 x18=0x00000000
       17895000	      1788	80000e14	01d91b13	slli	x22,x18,0x1d	 x18:0x00000000 x22=0x00000000
       17905000	      1789	80000e18	027bf263	bgeu	x23,x7,80000e3c	 x23:0x00080009  x7:0x00000001
       17915000	      1790	00000000	00000013	addi	x0,x0,0	  x0:0x00000000
       17925000	      1791	80000e38	00000013	addi	x0,x0,0	  x0:0x00000000
       17935000	      1792	80000e3c	016f5b93	srli	x23,x30,0x16	 x30:0x00000000 x23=0x00000000
       17945000	      1793	80000e40	009ac4b3	xor	x9,x21,x9	 x21:0x19bd4072  x9:0x30460009  x9=0x29fb407b
       17955000	      1794	80000e44	635b4793	xori	x15,x22,1589	 x22:0x00000000 x15=0x00000635
       17965000	      1795	80000e48	01f55c93	srli	x25,x10,0x1f	 x10:0x304e0000 x25=0x00000000
       17975000	      1796	80000e4c	f5a1c413	xori	x8,x3,-166	  x3:0x4fc20000  x8=0xb03dff5a
       17985000	      1797	80000e50	cc64f217	auipc	x4,0xcc64f	  x4=0x4c64fe4c
       17995000	      1798	80000e54	8b586a13	ori	x20,x16,-1867	 x16:0x80009fc4 x20=0xfffffff5
       18005000	      1799	80000e58	07e25863	bge	x4,x30,80000ec8	  x4:0x4c64fe4c x30:0x00000000
       18015000	      1800	00000000	00000013	addi	x0,x0,0	  x0:0x00000000
       18025000	      1801	80000ec4	00000013	addi	x0,x0,0	  x0:0x00000000
       18035000	      1802	80000ec8	00411c93	slli	x25,x2,0x4	  x2:0xcfca9fcd x25=0xfca9fcd0
       18045000	      1803	80000ecc	01019393	slli	x7,x3,0x10	  x3:0x4fc20000  x7=0x00000000
       18055000	      1804	80000ed0	00160f33	add	x30,x12,x1	 x12:0x00000000  x1:0x00000000 x30=0x00000000
       18065000	      1805	80000ed4	41775093	srai	x1,x14,0x17	 x14:0x00800090  x1=0x00000001
       18075000	      1806	80000ed8	03150663	beq	x10,x17,80000f04	 x10:0x304e0000 x17:0x80009f84
       18085000	      1807	80000edc	01ee74b3	and	x9,x28,x30	 x28:0x80000000 x30:0x00000000  x9=0x00000000
       18095000	      1808	80000ee0	008a02b3	add	x5,x20,x8	 x20:0xfffffff5  x8:0xb03dff5a  x5=0xb03dff4f
       18105000	      1809	80000ee4	007f60b3	or	x1,x30,x7	 x30:0x00000000  x7:0x00000000  x1=0x00000000
       18115000	      1810	80000ee8	40cf5533	sra	x10,x30,x12	 x30:0x00000000 x12:0x00000000 x10=0x00000000
       18125000	      1811	80000eec	0061a0b3	slt	x1,x3,x6	  x3:0x4fc20000  x6:0x00000000  x1=0x00000000
       18135000	      1812	80000ef0	00356ab3	or	x21,x10,x3	 x10:0x00000000  x3:0x4fc20000 x21=0x4fc20000
       18145000	      1813	80000ef4	01d5cd33	xor	x26,x11,x29	 x11:0x00000000 x29:0x00000000 x26=0x00000000
       18155000	      1814	80000ef8	9397e193	ori	x3,x15,-1735	 x15:0x00000635  x3=0xffffff3d
       18165000	      1815	80000efc	9242e093	ori	x1,x5,-1756	  x5:0xb03dff4f  x1=0xffffff6f
       18175000	      1816	80000f00	01aa5863	bge	x20,x26,80000f10	 x20:0xfffffff5 x26:0x00000000
       18185000	      1817	80000f04	0164d793	srli	x15,x9,0x16	  x9:0x00000000 x15=0x00000000
       18195000	      1818	80000f08	403edb13	srai	x22,x29,0x3	 x29:0x00000000 x22=0x00000000
       18205000	      1819	80000f0c	00000013	addi	x0,x0,0	  x0:0x00000000
       18215000	      1820	80000f10	01b30bb3	add	x23,x6,x27	  x6:0x00000000 x27:0x4fca0049 x23=0x4fca0049
       18225000	      1821	80000f14	01bab7b3	sltu	x15,x21,x27	 x21:0x4fc20000 x27:0x4fca0049 x15=0x00000001
       18235000	      1822	80000f18	01986f33	or	x30,x16,x25	 x16:0x80009fc4 x25:0xfca9fcd0 x30=0xfca9ffd4
       18245000	      1823	80000f1c	01ebaab3	slt	x21,x23,x30	 x23:0x4fca0049 x30:0xfca9ffd4 x21=0x00000000
       18255000	      1824	80000f20	0679d063	bge	x19,x7,80000f80	 x19:0x00080009  x7:0x00000000
       18265000	      1825	00000000	00000013	addi	x0,x0,0	  x0:0x00000000
       18275000	      1826	80000f7c	00000013	addi	x0,x0,0	  x0:0x00000000
       18285000	      1827	80000f80	0198a2b3	slt	x5,x17,x25	 x17:0x80009f84 x25:0xfca9fcd0  x5=0x00000001
       18295000	      1828	80000f84	01cc8e63	beq	x25,x28,80000fa0	 x25:0xfca9fcd0 x28:0x80000000
       18305000	      1829	80000f88	05504463	blt	x0,x21,80000fd0	  x0:0x00000000 x21:0x00000000
       18315000	      1830	80000f8c	01121593	slli	x11,x4,0x11	  x4:0x4c64fe4c x11=0xfc980000
       18325000	      1831	80000f90	00166663	bltu	x12,x1,80000f9c	 x12:0x00000000  x1:0xffffff6f
       18335000	      1832	00000000	00000013	addi	x0,x0,0	  x0:0x00000000
       18345000	      1833	80000f98	00000013	addi	x0,x0,0	  x0:0x00000000
       18355000	      1834	80000f9c	0264f113	andi	x2,x9,38	  x9:0x00000000  x2=0x00000000
       18365000	      1835	80000fa0	402c82b3	sub	x5,x25,x2	 x25:0xfca9fcd0  x2:0x00000000  x5=0xfca9fcd0
       18375000	      1836	80000fa4	b8e9fb13	andi	x22,x19,-1138	 x19:0x00080009 x22=0x00080008
       18385000	      1837	80000fa8	007b4733	xor	x14,x22,x7	 x22:0x00080008  x7:0x00000000 x14=0x00080008
       18395000	      1838	80000fac	40905fb3	sra	x31,x0,x9	  x0:0x00000000  x9:0x00000000 x31=0x00000000
       18405000	      1839	80000fb0	9333af93	slti	x31,x7,-1741	  x7:0x00000000 x31=0x00000000
       18415000	      1840	80000fb4	01728f33	add	x30,x5,x23	  x5:0xfca9fcd0 x23:0x4fca0049 x30=0x4c73fd19
       18425000	      1841	80000fb8	8bea4e93	xori	x29,x20,-1858	 x20:0xfffffff5 x29=0x0000074b
       18435000	      1842	80000fbc	003e6233	or	x4,x28,x3	 x28:0x80000000  x3:0xffffff3d  x4=0xffffff3d
       18445000	      1843	80000fc0	01133bb3	sltu	x23,x6,x17	  x6:0x00000000 x17:0x80009f84 x23=0x00000001
       18455000	      1844	80000fc4	b03656b7	lui	x13,0xb0365	 x13=0xb0365000
       18465000	      1845	80000fc8	00000013	addi	x0,x0,0	  x0:0x00000000
       18475000	      1846	80000fcc	1f2c5637	lui	x12,0x1f2c5	 x12=0x1f2c5000
       18485000	      1847	80000fd0	0570e463	bltu	x1,x23,80001018	  x1:0xffffff6f x23:0x00000001
       18495000	      1848	80000fd4	dec70093	addi	x1,x14,-532	 x14:0x00080008  x1=0x0007fdf4
       18505000	      1849	80000fd8	00e8dbb3	srl	x23,x17,x14	 x17:0x80009f84 x14:0x00080008 x23=0x0080009f
       18515000	      1850	80000fdc	0057d713	srli	x14,x15,0x5	 x15:0x00000001 x14=0x00000000
       18525000	      1851	80000fe0	6b950913	addi	x18,x10,1721	 x10:0x00000000 x18=0x000006b9
       18535000	      1852	80000fe4	00475bb3	srl	x23,x14,x4	 x14:0x00000000  x4:0xffffff3d x23=0x00000000
       18545000	      1853	80000fe8	40fb5293	srai	x5,x22,0xf	 x22:0x00080008  x5=0x00000010
       18555000	      1854	80000fec	00000013	addi	x0,x0,0	  x0:0x00000000
       18565000	      1855	80000ff0	41a75db3	sra	x27,x14,x26	 x14:0x00000000 x26:0x00000000 x27=0x00000000
       18575000	      1856	80000ff4	8f546193	ori	x3,x8,-1803	  x8:0xb03dff5a  x3=0xffffffff
       18585000	      1857	80000ff8	05f70263	beq	x14,x31,8000103c	 x14:0x00000000 x31:0x00000000
       18595000	      1858	00000000	00000013	addi	x0,x0,0	  x0:0x00000000
       18605000	      1859	80001038	00000013	addi	x0,x0,0	  x0:0x00000000
       18615000	      1860	8000103c	01b33433	sltu	x8,x6,x27	  x6:0x00000000 x27:0x00000000  x8=0x00000000
       18625000	      1861	80001040	005d53b3	srl	x7,x26,x5	 x26:0x00000000  x5:0x00000010  x7=0x00000000
       18635000	      1862	80001044	00435533	srl	x10,x6,x4	  x6:0x00000000  x4:0xffffff3d x10=0x00000000
       18645000	      1863	80001048	01cf9db3	sll	x27,x31,x28	 x31:0x00000000 x28:0x80000000 x27=0x00000000
       18655000	      1864	8000104c	007c23b3	slt	x7,x24,x7	 x24:0x0000017f  x7:0x00000000  x7=0x00000000
       18665000	      1865	80001050	823fae93	slti	x29,x31,-2013	 x31:0x00000000 x29=0x00000000
       18675000	      1866	80001054	00756663	bltu	x10,x7,80001060	 x10:0x00000000  x7:0x00000000
       18685000	      1867	80001058	01e0e033	or	x0,x1,x30	  x1:0x0007fdf4 x30:0x4c73fd19
       18695000	      1868	8000105c	d6200e93	addi	x29,x0,-670	  x0:0x00000000 x29=0xfffffd62
       18705000	      1869	80001060	0198deb3	srl	x29,x17,x25	 x17:0x80009f84 x25:0xfca9fcd0 x29=0x00008000
       18715000	      1870	80001064	40e35533	sra	x10,x6,x14	  x6:0x00000000 x14:0x00000000 x10=0x00000000
       18725000	      1871	80001068	01bdc0b3	xor	x1,x27,x27	 x27:0x00000000 x27:0x00000000  x1=0x00000000
       18735000	      1872	8000106c	41f9ddb3	sra	x27,x19,x31	 x19:0x00080009 x31:0x00000000 x27=0x00080009
       18745000	      1873	80001070	053bc863	blt	x23,x19,800010c0	 x23:0x00000000 x19:0x00080009
       18755000	      1874	00000000	00000013	addi	x0,x0,0	  x0:0x00000000
       18765000	      1875	800010bc	00000013	addi	x0,x0,0	  x0:0x00000000
       18775000	      1876	800010c0	01f3dd33	srl	x26,x7,x31	  x7:0x00000000 x31:0x00000000 x26=0x00000000
       18785000	      1877	800010c4	05a5c063	blt	x11,x26,80001104	 x11:0xfc980000 x26:0x00000000
       18795000	      1878	00000000	00000013	addi	x0,x0,0	  x0:0x00000000
       18805000	      1879	80001100	00000013	addi	x0,x0,0	  x0:0x00000000
       18815000	      1880	80001104	00343eb3	sltu	x29,x8,x3	  x8:0x00000000  x3:0xffffffff x29=0x00000001
       18825000	      1881	80001108	403d5193	srai	x3,x26,0x3	 x26:0x00000000  x3=0x00000000
       18835000	      1882	8000110c	0c23c863	blt	x7,x2,800011dc	  x7:0x00000000  x2:0x00000000
       18845000	      1883	80001110	03d4b793	sltiu	x15,x9,61	  x9:0x00000000 x15=0x00000001
       18855000	      1884	80001114	404bd433	sra	x8,x23,x4	 x23:0x00000000  x4:0xffffff3d  x8=0x00000000
       18865000	      1885	80001118	01e6dbb3	srl	x23,x13,x30	 x13:0xb0365000 x30:0x4c73fd19 x23=0x00000058
       18875000	      1886	8000111c	0dff5663	bge	x30,x31,800011e8	 x30:0x4c73fd19 x31:0x00000000
       18885000	      1887	00000000	00000013	addi	x0,x0,0	  x0:0x00000000
       18895000	      1888	800011e4	00000013	addi	x0,x0,0	  x0:0x00000000
       18905000	      1889	800011e8	40280c33	sub	x24,x16,x2	 x16:0x80009fc4  x2:0x00000000 x24=0x80009fc4
       18915000	      1890	800011ec	36e8aa13	slti	x20,x17,878	 x17:0x80009f84 x20=0x00000001
       18925000	      1891	800011f0	012a9093	slli	x1,x21,0x12	 x21:0x00000000  x1=0x00000000
       18935000	      1892	800011f4	0088b0b3	sltu	x1,x17,x8	 x17:0x80009f84  x8:0x00000000  x1=0x00000000
       18945000	      1893	800011f8	00f727b3	slt	x15,x14,x15	 x14:0x00000000 x15:0x00000001 x15=0x00000001
       18955000	      1894	800011fc	00c71663	bne	x14,x12,80001208	 x14:0x00000000 x12:0x1f2c5000
       18965000	      1895	00000000	00000013	addi	x0,x0,0	  x0:0x00000000
       18975000	      1896	80001204	00000013	addi	x0,x0,0	  x0:0x00000000
       18985000	      1897	80001208	40810733	sub	x14,x2,x8	  x2:0x00000000  x8:0x00000000 x14=0x00000000
       18995000	      1898	8000120c	00926e63	bltu	x4,x9,80001228	  x4:0xffffff3d  x9:0x00000000
       19005000	      1899	80001210	01d4ddb3	srl	x27,x9,x29	  x9:0x00000000 x29:0x00000001 x27=0x00000000
       19015000	      1900	80001214	dbeef193	andi	x3,x29,-578	 x29:0x00000001  x3=0x00000000
       19025000	      1901	80001218	1963fe93	andi	x29,x7,406	  x7:0x00000000 x29=0x00000000
       19035000	      1902	8000121c	40385db3	sra	x27,x16,x3	 x16:0x80009fc4  x3:0x00000000 x27=0x80009fc4
       19045000	      1903	80001220	00a55913	srli	x18,x10,0xa	 x10:0x00000000 x18=0x00000000
       19055000	      1904	80001224	00000013	addi	x0,x0,0	  x0:0x00000000
       19065000	      1905	80001228	0190eab3	or	x21,x1,x25	  x1:0x00000000 x25:0xfca9fcd0 x21=0xfca9fcd0
       19075000	      1906	8000122c	00997b33	and	x22,x18,x9	 x18:0x00000000  x9:0x00000000 x22=0x00000000
       19085000	      1907	80001230	2323e913	ori	x18,x7,562	  x7:0x00000000 x18=0x00000232
       19095000	      1908	80001234	50964c93	xori	x25,x12,1289	 x12:0x1f2c5000 x25=0x1f2c5509
       19105000	      1909	80001238	01ea1993	slli	x19,x20,0x1e	 x20:0x00000001 x19=0x40000000
       19115000	      1910	8000123c	00019263	bne	x3,x0,80001240	  x3:0x00000000  x0:0x00000000
       19125000	      1911	80001240	00f1b433	sltu	x8,x3,x15	  x3:0x00000000 x15:0x00000001  x8=0x00000001
       19135000	      1912	80001244	00b0ce63	blt	x1,x11,80001260	  x1:0x00000000 x11:0xfc980000
       19145000	      1913	80001248	004a4fb3	xor	x31,x20,x4	 x20:0x00000001  x4:0xffffff3d x31=0xffffff3c
       19155000	      1914	8000124c	01922233	slt	x4,x4,x25	  x4:0xffffff3d x25:0x1f2c5509  x4=0x00000001
       19165000	      1915	80001250	80f0d9b7	lui	x19,0x80f0d	 x19=0x80f0d000
       19175000	      1916	80001254	00ca50b3	srl	x1,x20,x12	 x20:0x00000001 x12:0x1f2c5000  x1=0x00000001
       19185000	      1917	80001258	002b8d33	add	x26,x23,x2	 x23:0x00000058  x2:0x00000000 x26=0x00000058
       19195000	      1918	8000125c	00a0cdb3	xor	x27,x1,x10	  x1:0x00000001 x10:0x00000000 x27=0x00000001
       19205000	      1919	80001260	00000013	addi	x0,x0,0	  x0:0x00000000
       19215000	      1920	80001264	40ad0733	sub	x14,x26,x10	 x26:0x00000058 x10:0x00000000 x14=0x00000058
       19225000	      1921	80001268	004a4463	blt	x20,x4,80001270	 x20:0x00000001  x4:0x00000001
       19235000	      1922	8000126c	004a7863	bgeu	x20,x4,8000127c	 x20:0x00000001  x4:0x00000001
       19245000	      1923	00000000	00000013	addi	x0,x0,0	  x0:0x00000000
       19255000	      1924	80001278	00000013	addi	x0,x0,0	  x0:0x00000000
       19265000	      1925	8000127c	3e450113	addi	x2,x10,996	 x10:0x00000000  x2=0x000003e4
       19275000	      1926	80001280	0191a633	slt	x12,x3,x25	  x3:0x00000000 x25:0x1f2c5509 x12=0x00000001
       19285000	      1927	80001284	002bd093	srli	x1,x23,0x2	 x23:0x00000058  x1=0x00000016
       19295000	      1928	80001288	00f76b33	or	x22,x14,x15	 x14:0x00000058 x15:0x00000001 x22=0x00000059
       19305000	      1929	8000128c	01f235b3	sltu	x11,x4,x31	  x4:0x00000001 x31:0xffffff3c x11=0x00000001
       19315000	      1930	80001290	008f9433	sll	x8,x31,x8	 x31:0xffffff3c  x8:0x00000001  x8=0xfffffe78
       19325000	      1931	80001294	00955213	srli	x4,x10,0x9	 x10:0x00000000  x4=0x00000000
       19335000	      1932	80001298	4119dbb3	sra	x23,x19,x17	 x19:0x80f0d000 x17:0x80009f84 x23=0xf80f0d00
       19345000	      1933	8000129c	c579c793	xori	x15,x19,-937	 x19:0x80f0d000 x15=0x7f0f2c57
       19355000	      1934	800012a0	4b6b4f13	xori	x30,x22,1206	 x22:0x00000059 x30=0x000004ef
       19365000	      1935	800012a4	4065da93	srai	x21,x11,0x6	 x11:0x00000001 x21=0x00000000
       19375000	      1936	800012a8	01544663	blt	x8,x21,800012b4	  x8:0xfffffe78 x21:0x00000000
       19385000	      1937	00000000	00000013	addi	x0,x0,0	  x0:0x00000000
       19395000	      1938	800012b0	00000013	addi	x0,x0,0	  x0:0x00000000
       19405000	      1939	800012b4	00e5ffb3	and	x31,x11,x14	 x11:0x00000001 x14:0x00000058 x31=0x00000000
       19415000	      1940	800012b8	19a5c213	xori	x4,x11,410	 x11:0x00000001  x4=0x0000019b
       19425000	      1941	800012bc	9b5f0293	addi	x5,x30,-1611	 x30:0x000004ef  x5=0xfffffea4
       19435000	      1942	800012c0	44f32937	lui	x18,0x44f32	 x18=0x44f32000
       19445000	      1943	800012c4	76207f93	andi	x31,x0,1890	  x0:0x00000000 x31=0x00000000
       19455000	      1944	800012c8	413c5633	sra	x12,x24,x19	 x24:0x80009fc4 x19:0x80f0d000 x12=0x80009fc4
       19465000	      1945	800012cc	01eb9a63	bne	x23,x30,800012e0	 x23:0xf80f0d00 x30:0x000004ef
       19475000	      1946	00000000	00000013	addi	x0,x0,0	  x0:0x00000000
       19485000	      1947	800012dc	00000013	addi	x0,x0,0	  x0:0x00000000
       19495000	      1948	800012e0	00f8d2b3	srl	x5,x17,x15	 x17:0x80009f84 x15:0x7f0f2c57  x5=0x00000100
       19505000	      1949	800012e4	00000e17	auipc	x28,0x0	 x28=0x800012e0
       19515000	      1950	800012e8	00ce0e13	addi	x28,x28,12	 x28:0x800012e0 x28=0x800012ec
       19525000	      1951	800012ec	000e0067	jalr	x0,x28,0	 x28:0x800012ec
       19535000	      1952	00000000	00000013	addi	x0,x0,0	  x0:0x00000000
       19545000	      1953	800012ec	00000013	addi	x0,x0,0	  x0:0x00000000
       19555000	      1954	800012f0	00100193	addi	x3,x0,1	  x0:0x00000000  x3=0x00000001
       19565000	      1955	800012f4	00000073	ecall	
       19575000	      1956	800012f8	01587a33	and	x20,x16,x21	 x16:0x80009fc4 x21:0x00000000 x20=0x00000000
