		Time			Cycle	PC		Insn	Decoded instruction	Register and memory contents
          65000	         5	80000004	00000293	addi	x5,x0,0	  x0:0x00000000  x5=0x00000000
          75000	         6	80000008	00000313	addi	x6,x0,0	  x0:0x00000000  x6=0x00000000
          85000	         7	8000000c	00628263	beq	x5,x6,80000010	  x5:0x00000000  x6:0x00000000
          95000	         8	00000000	00000013	addi	x0,x0,0	  x0:0x00000000
         105000	         9	8000000c	00000013	addi	x0,x0,0	  x0:0x00000000
         115000	        10	80000010	00000c17	auipc	x24,0x0	 x24=0x8000000c
         125000	        11	80000014	00cc0c13	addi	x24,x24,12	 x24:0x8000000c x24=0x80000018
         135000	        12	80000018	000c0067	jalr	x0,x24,0	 x24:0x80000018
         145000	        13	00000000	00000013	addi	x0,x0,0	  x0:0x00000000
         155000	        14	80000018	00000013	addi	x0,x0,0	  x0:0x00000000
         165000	        15	8000001c	40000b37	lui	x22,0x40000	 x22=0x40000000
         175000	        16	80000020	100b0b13	addi	x22,x22,256	 x22:0x40000000 x22=0x40000100
         185000	        17	80000024	00000013	addi	x0,x0,0	  x0:0x00000000
         195000	        18	80000028	0000a397	auipc	x7,0xa	  x7=0x8000a024
         205000	        19	8000002c	fa038393	addi	x7,x7,-96	  x7:0x8000a024  x7=0x80009fc4
         215000	        20	80000030	00003b17	auipc	x22,0x3	 x22=0x8000302c
         225000	        21	80000034	de0b0b13	addi	x22,x22,-544	 x22:0x8000302c x22=0x80002e0c
         235000	        22	80000038	000b6b13	ori	x22,x22,0	 x22:0x80002e0c x22=0x80002e0c
         245000	        23	8000003c	00000013	addi	x0,x0,0	  x0:0x00000000
         255000	        24	80000040	00000b17	auipc	x22,0x0	 x22=0x8000003c
         265000	        25	80000044	020b0b13	addi	x22,x22,32	 x22:0x8000003c x22=0x8000005c
         275000	        26	80000048	00000013	addi	x0,x0,0	  x0:0x00000000
         285000	        27	8000004c	00000013	addi	x0,x0,0	  x0:0x00000000
         295000	        28	80000050	00002b37	lui	x22,0x2	 x22=0x00002000
         305000	        29	80000054	800b0b13	addi	x22,x22,-2048	 x22:0x00002000 x22=0x00001800
         315000	        30	80000058	00000013	addi	x0,x0,0	  x0:0x00000000
         325000	        31	8000005c	00000013	addi	x0,x0,0	  x0:0x00000000
         335000	        32	80000060	00000013	addi	x0,x0,0	  x0:0x00000000
         345000	        33	80000064	00000093	addi	x1,x0,0	  x0:0x00000000  x1=0x00000000
         355000	        34	80000068	ee05b137	lui	x2,0xee05b	  x2=0xee05b000
         365000	        35	8000006c	bcc10113	addi	x2,x2,-1076	  x2:0xee05b000  x2=0xee05abcc
         375000	        36	80000070	afff81b7	lui	x3,0xafff8	  x3=0xafff8000
         385000	        37	80000074	e3518193	addi	x3,x3,-459	  x3:0xafff8000  x3=0xafff7e35
         395000	        38	80000078	683e5237	lui	x4,0x683e5	  x4=0x683e5000
         405000	        39	8000007c	78720213	addi	x4,x4,1927	  x4:0x683e5000  x4=0x683e5787
         415000	        40	80000080	00400293	addi	x5,x0,4	  x0:0x00000000  x5=0x00000004
         425000	        41	80000084	00000313	addi	x6,x0,0	  x0:0x00000000  x6=0x00000000
         435000	        42	80000088	17f41437	lui	x8,0x17f41	  x8=0x17f41000
         445000	        43	8000008c	8ff40413	addi	x8,x8,-1793	  x8:0x17f41000  x8=0x17f408ff
         455000	        44	80000090	f40a64b7	lui	x9,0xf40a6	  x9=0xf40a6000
         465000	        45	80000094	a1748493	addi	x9,x9,-1513	  x9:0xf40a6000  x9=0xf40a5a17
         475000	        46	80000098	00000513	addi	x10,x0,0	  x0:0x00000000 x10=0x00000000
         485000	        47	8000009c	00000593	addi	x11,x0,0	  x0:0x00000000 x11=0x00000000
         495000	        48	800000a0	fa91e637	lui	x12,0xfa91e	 x12=0xfa91e000
         505000	        49	800000a4	c8360613	addi	x12,x12,-893	 x12:0xfa91e000 x12=0xfa91dc83
         515000	        50	800000a8	00000693	addi	x13,x0,0	  x0:0x00000000 x13=0x00000000
         525000	        51	800000ac	f2fc2737	lui	x14,0xf2fc2	 x14=0xf2fc2000
         535000	        52	800000b0	39770713	addi	x14,x14,919	 x14:0xf2fc2000 x14=0xf2fc2397
         545000	        53	800000b4	00900793	addi	x15,x0,9	  x0:0x00000000 x15=0x00000009
         555000	        54	800000b8	80000837	lui	x16,0x80000	 x16=0x80000000
         565000	        55	800000bc	ff3f08b7	lui	x17,0xff3f0	 x17=0xff3f0000
         575000	        56	800000c0	a0288893	addi	x17,x17,-1534	 x17:0xff3f0000 x17=0xff3efa02
         585000	        57	800000c4	61f0c937	lui	x18,0x61f0c	 x18=0x61f0c000
         595000	        58	800000c8	c9190913	addi	x18,x18,-879	 x18:0x61f0c000 x18=0x61f0bc91
         605000	        59	800000cc	3420b9b7	lui	x19,0x3420b	 x19=0x3420b000
         615000	        60	800000d0	f7998993	addi	x19,x19,-135	 x19:0x3420b000 x19=0x3420af79
         625000	        61	800000d4	80000a37	lui	x20,0x80000	 x20=0x80000000
         635000	        62	800000d8	f5f44ab7	lui	x21,0xf5f44	 x21=0xf5f44000
         645000	        63	800000dc	3a6a8a93	addi	x21,x21,934	 x21:0xf5f44000 x21=0xf5f443a6
         655000	        64	800000e0	28aa5b37	lui	x22,0x28aa5	 x22=0x28aa5000
         665000	        65	800000e4	785b0b13	addi	x22,x22,1925	 x22:0x28aa5000 x22=0x28aa5785
         675000	        66	800000e8	00000b93	addi	x23,x0,0	  x0:0x00000000 x23=0x00000000
         685000	        67	800000ec	80000c37	lui	x24,0x80000	 x24=0x80000000
         695000	        68	800000f0	00000c93	addi	x25,x0,0	  x0:0x00000000 x25=0x00000000
         705000	        69	800000f4	80000d37	lui	x26,0x80000	 x26=0x80000000
         715000	        70	800000f8	f7da9db7	lui	x27,0xf7da9	 x27=0xf7da9000
         725000	        71	800000fc	188d8d93	addi	x27,x27,392	 x27:0xf7da9000 x27=0xf7da9188
         735000	        72	80000100	80000e37	lui	x28,0x80000	 x28=0x80000000
         745000	        73	80000104	1c9aceb7	lui	x29,0x1c9ac	 x29=0x1c9ac000
         755000	        74	80000108	a96e8e93	addi	x29,x29,-1386	 x29:0x1c9ac000 x29=0x1c9aba96
         765000	        75	8000010c	80000f37	lui	x30,0x80000	 x30=0x80000000
         775000	        76	80000110	0000af97	auipc	x31,0xa	 x31=0x8000a10c
         785000	        77	80000114	e78f8f93	addi	x31,x31,-392	 x31:0x8000a10c x31=0x80009f84
         795000	        78	80000118	e60501b7	lui	x3,0xe6050	  x3=0xe6050000
         805000	        79	8000011c	00000297	auipc	x5,0x0	  x5=0x80000118
         815000	        80	80000120	78028293	addi	x5,x5,1920	  x5:0x80000118  x5=0x80000898
         825000	        81	80000124	01817eb3	and	x29,x2,x24	  x2:0xee05abcc x24:0x80000000 x29=0x80000000
         835000	        82	80000128	71dabf13	sltiu	x30,x21,1821	 x21:0xf5f443a6 x30=0x00000000
         845000	        83	8000012c	fb328293	addi	x5,x5,-77	  x5:0x80000898  x5=0x8000084b
         855000	        84	80000130	297aab13	slti	x22,x21,663	 x21:0xf5f443a6 x22=0x00000001
         865000	        85	80000134	5f06d5b7	lui	x11,0x5f06d	 x11=0x5f06d000
         875000	        86	80000138	005a7333	and	x6,x20,x5	 x20:0x80000000  x5:0x8000084b  x6=0x80000000
         885000	        87	8000013c	04e287e7	jalr	x15,x5,78	  x5:0x8000084b x15=0x8000013c
         895000	        88	00000000	00000013	addi	x0,x0,0	  x0:0x00000000
         905000	        89	80000898	00000013	addi	x0,x0,0	  x0:0x00000000
         915000	        90	8000089c	68728e13	addi	x28,x5,1671	  x5:0x8000084b x28=0x80000ed2
         925000	        91	800008a0	01a07263	bgeu	x0,x26,800008a4	  x0:0x00000000 x26:0x80000000
         935000	        92	800008a4	ff0f8f93	addi	x31,x31,-16	 x31:0x80009f84 x31=0x80009f74
         945000	        93	800008a8	00000013	addi	x0,x0,0	  x0:0x00000000
         955000	        94	800008ac	0197a033	slt	x0,x15,x25	 x15:0x8000013c x25:0x00000000
         965000	        95	800008b0	00000013	addi	x0,x0,0	  x0:0x00000000
         975000	        96	800008b4	01dfd833	srl	x16,x31,x29	 x31:0x80009f74 x29:0x80000000 x16=0x80009f74
         985000	        97	800008b8	cc3dad97	auipc	x27,0xcc3da	 x27=0x4c3da8b4
         995000	        98	800008bc	0030cd33	xor	x26,x1,x3	  x1:0x00000000  x3:0xe6050000 x26=0xe6050000
        1005000	        99	800008c0	00ffa223	sw	x15,4(x31)	 x31:0x80009f74 x15:0x8000013c PA:0x80009f78
        1015000	       100	800008c4	446ec913	xori	x18,x29,1094	 x29:0x80000000 x18=0x80000446
        1025000	       101	800008c8	00000d97	auipc	x27,0x0	 x27=0x800008c4
        1035000	       102	800008cc	614d8d93	addi	x27,x27,1556	 x27:0x800008c4 x27=0x80000ed8
        1045000	       103	800008d0	014c3eb3	sltu	x29,x24,x20	 x24:0x80000000 x20:0x80000000 x29=0x00000000
        1055000	       104	800008d4	0178d933	srl	x18,x17,x23	 x17:0xff3efa02 x23:0x00000000 x18=0xff3efa02
        1065000	       105	800008d8	dcfd8d93	addi	x27,x27,-561	 x27:0x80000ed8 x27=0x80000ca7
        1075000	       106	800008dc	00ab4863	blt	x22,x10,800008ec	 x22:0x00000001 x10:0x00000000
        1085000	       107	800008e0	00000013	addi	x0,x0,0	  x0:0x00000000
        1095000	       108	800008e4	016c5a33	srl	x20,x24,x22	 x24:0x80000000 x22:0x00000001 x20=0x40000000
        1105000	       109	800008e8	0135ae33	slt	x28,x11,x19	 x11:0x5f06d000 x19:0x3420af79 x28=0x00000000
        1115000	       110	800008ec	232d87e7	jalr	x15,x27,562	 x27:0x80000ca7 x15=0x800008ec
        1125000	       111	00000000	00000013	addi	x0,x0,0	  x0:0x00000000
        1135000	       112	80000ed8	00000013	addi	x0,x0,0	  x0:0x00000000
        1145000	       113	80000edc	09776993	ori	x19,x14,151	 x14:0xf2fc2397 x19=0xf2fc2397
        1155000	       114	80000ee0	00000013	addi	x0,x0,0	  x0:0x00000000
        1165000	       115	80000ee4	01e21663	bne	x4,x30,80000ef0	  x4:0x683e5787 x30:0x00000000
        1175000	       116	00000000	00000013	addi	x0,x0,0	  x0:0x00000000
        1185000	       117	80000eec	00000013	addi	x0,x0,0	  x0:0x00000000
        1195000	       118	80000ef0	fe8f8f93	addi	x31,x31,-24	 x31:0x80009f74 x31=0x80009f5c
        1205000	       119	80000ef4	01771b13	slli	x22,x14,0x17	 x14:0xf2fc2397 x22=0xcb800000
        1215000	       120	80000ef8	40a1dd93	srai	x27,x3,0xa	  x3:0xe6050000 x27=0xfff98140
        1225000	       121	80000efc	01ed84b3	add	x9,x27,x30	 x27:0xfff98140 x30:0x00000000  x9=0xfff98140
        1235000	       122	80000f00	00ffa223	sw	x15,4(x31)	 x31:0x80009f5c x15:0x800008ec PA:0x80009f60
        1245000	       123	80000f04	01f8de33	srl	x28,x17,x31	 x17:0xff3efa02 x31:0x80009f5c x28=0x0000000f
        1255000	       124	80000f08	01653eb3	sltu	x29,x10,x22	 x10:0x00000000 x22:0xcb800000 x29=0x00000001
        1265000	       125	80000f0c	41478233	sub	x4,x15,x20	 x15:0x800008ec x20:0x40000000  x4=0x400008ec
        1275000	       126	80000f10	4120dd33	sra	x26,x1,x18	  x1:0x00000000 x18:0xff3efa02 x26=0x00000000
        1285000	       127	80000f14	1193f697	auipc	x13,0x1193f	 x13=0x9193ff10
        1295000	       128	80000f18	01a8b2b3	sltu	x5,x17,x26	 x17:0xff3efa02 x26:0x00000000  x5=0x00000000
        1305000	       129	80000f1c	280017ef	jal	x15,80000f1c	 x15=0x80000f1c
        1315000	       130	00000000	00000013	addi	x0,x0,0	  x0:0x00000000
        1325000	       131	80002198	00000013	addi	x0,x0,0	  x0:0x00000000
        1335000	       132	8000219c	00e4b4b3	sltu	x9,x9,x14	  x9:0xfff98140 x14:0xf2fc2397  x9=0x00000000
        1345000	       133	800021a0	0078e833	or	x16,x17,x7	 x17:0xff3efa02  x7:0x80009fc4 x16=0xff3effc6
        1355000	       134	800021a4	00000013	addi	x0,x0,0	  x0:0x00000000
        1365000	       135	800021a8	84686437	lui	x8,0x84686	  x8=0x84686000
        1375000	       136	800021ac	ff8f8f93	addi	x31,x31,-8	 x31:0x80009f5c x31=0x80009f54
        1385000	       137	800021b0	01ca26b3	slt	x13,x20,x28	 x20:0x40000000 x28:0x0000000f x13=0x00000000
        1395000	       138	800021b4	00000013	addi	x0,x0,0	  x0:0x00000000
        1405000	       139	800021b8	00ffa223	sw	x15,4(x31)	 x31:0x80009f54 x15:0x80000f1c PA:0x80009f58
        1415000	       140	800021bc	017afd33	and	x26,x21,x23	 x21:0xf5f443a6 x23:0x00000000 x26=0x00000000
        1425000	       141	800021c0	ed86b613	sltiu	x12,x13,-296	 x13:0x00000000 x12=0x00000001
        1435000	       142	800021c4	54bafb13	andi	x22,x21,1355	 x21:0xf5f443a6 x22=0x00000102
        1445000	       143	800021c8	ffb00493	addi	x9,x0,-5	  x0:0x00000000  x9=0xfffffffb
        1455000	       144	800021cc	8f9d2d93	slti	x27,x26,-1799	 x26:0x00000000 x27=0x00000000
        1465000	       145	800021d0	01901a33	sll	x20,x0,x25	  x0:0x00000000 x25:0x00000000 x20=0x00000000
        1475000	       146	800021d4	fef00093	addi	x1,x0,-17	  x0:0x00000000  x1=0xffffffef
        1485000	       147	800021d8	00b4d693	srli	x13,x9,0xb	  x9:0xfffffffb x13=0x001fffff
        1495000	       148	800021dc	002486b3	add	x13,x9,x2	  x9:0xfffffffb  x2:0xee05abcc x13=0xee05abc7
        1505000	       149	800021e0	01ae5633	srl	x12,x28,x26	 x28:0x0000000f x26:0x00000000 x12=0x0000000f
        1515000	       150	800021e4	00b046b3	xor	x13,x0,x11	  x0:0x00000000 x11:0x5f06d000 x13=0x5f06d000
        1525000	       151	800021e8	ffd48493	addi	x9,x9,-3	  x9:0xfffffffb  x9=0xfffffff8
        1535000	       152	800021ec	00acc2b3	xor	x5,x25,x10	 x25:0x00000000 x10:0x00000000  x5=0x00000000
        1545000	       153	800021f0	4169d213	srai	x4,x19,0x16	 x19:0xf2fc2397  x4=0xffffffcb
        1555000	       154	800021f4	de48a993	slti	x19,x17,-540	 x17:0xff3efa02 x19=0x00000001
        1565000	       155	800021f8	167f3f13	sltiu	x30,x30,359	 x30:0x00000000 x30=0x00000001
        1575000	       156	800021fc	4164d9b3	sra	x19,x9,x22	  x9:0xfffffff8 x22:0x00000102 x19=0xfffffffe
        1585000	       157	80002200	fc149ee3	bne	x9,x1,800021dc	  x9:0xfffffff8  x1:0xffffffef
        1595000	       158	00000000	00000013	addi	x0,x0,0	  x0:0x00000000
        1605000	       159	800021d8	00000013	addi	x0,x0,0	  x0:0x00000000
        1615000	       160	800021dc	002486b3	add	x13,x9,x2	  x9:0xfffffff8  x2:0xee05abcc x13=0xee05abc4
        1625000	       161	800021e0	01ae5633	srl	x12,x28,x26	 x28:0x0000000f x26:0x00000000 x12=0x0000000f
        1635000	       162	800021e4	00b046b3	xor	x13,x0,x11	  x0:0x00000000 x11:0x5f06d000 x13=0x5f06d000
        1645000	       163	800021e8	ffd48493	addi	x9,x9,-3	  x9:0xfffffff8  x9=0xfffffff5
        1655000	       164	800021ec	00acc2b3	xor	x5,x25,x10	 x25:0x00000000 x10:0x00000000  x5=0x00000000
        1665000	       165	800021f0	4169d213	srai	x4,x19,0x16	 x19:0xfffffffe  x4=0xffffffff
        1675000	       166	800021f4	de48a993	slti	x19,x17,-540	 x17:0xff3efa02 x19=0x00000001
        1685000	       167	800021f8	167f3f13	sltiu	x30,x30,359	 x30:0x00000001 x30=0x00000001
        1695000	       168	800021fc	4164d9b3	sra	x19,x9,x22	  x9:0xfffffff5 x22:0x00000102 x19=0xfffffffd
        1705000	       169	80002200	fc149ee3	bne	x9,x1,800021dc	  x9:0xfffffff5  x1:0xffffffef
        1715000	       170	00000000	00000013	addi	x0,x0,0	  x0:0x00000000
        1725000	       171	800021d8	00000013	addi	x0,x0,0	  x0:0x00000000
        1735000	       172	800021dc	002486b3	add	x13,x9,x2	  x9:0xfffffff5  x2:0xee05abcc x13=0xee05abc1
        1745000	       173	800021e0	01ae5633	srl	x12,x28,x26	 x28:0x0000000f x26:0x00000000 x12=0x0000000f
        1755000	       174	800021e4	00b046b3	xor	x13,x0,x11	  x0:0x00000000 x11:0x5f06d000 x13=0x5f06d000
        1765000	       175	800021e8	ffd48493	addi	x9,x9,-3	  x9:0xfffffff5  x9=0xfffffff2
        1775000	       176	800021ec	00acc2b3	xor	x5,x25,x10	 x25:0x00000000 x10:0x00000000  x5=0x00000000
        1785000	       177	800021f0	4169d213	srai	x4,x19,0x16	 x19:0xfffffffd  x4=0xffffffff
        1795000	       178	800021f4	de48a993	slti	x19,x17,-540	 x17:0xff3efa02 x19=0x00000001
        1805000	       179	800021f8	167f3f13	sltiu	x30,x30,359	 x30:0x00000001 x30=0x00000001
        1815000	       180	800021fc	4164d9b3	sra	x19,x9,x22	  x9:0xfffffff2 x22:0x00000102 x19=0xfffffffc
        1825000	       181	80002200	fc149ee3	bne	x9,x1,800021dc	  x9:0xfffffff2  x1:0xffffffef
        1835000	       182	00000000	00000013	addi	x0,x0,0	  x0:0x00000000
        1845000	       183	800021d8	00000013	addi	x0,x0,0	  x0:0x00000000
        1855000	       184	800021dc	002486b3	add	x13,x9,x2	  x9:0xfffffff2  x2:0xee05abcc x13=0xee05abbe
        1865000	       185	800021e0	01ae5633	srl	x12,x28,x26	 x28:0x0000000f x26:0x00000000 x12=0x0000000f
        1875000	       186	800021e4	00b046b3	xor	x13,x0,x11	  x0:0x00000000 x11:0x5f06d000 x13=0x5f06d000
        1885000	       187	800021e8	ffd48493	addi	x9,x9,-3	  x9:0xfffffff2  x9=0xffffffef
        1895000	       188	800021ec	00acc2b3	xor	x5,x25,x10	 x25:0x00000000 x10:0x00000000  x5=0x00000000
        1905000	       189	800021f0	4169d213	srai	x4,x19,0x16	 x19:0xfffffffc  x4=0xffffffff
        1915000	       190	800021f4	de48a993	slti	x19,x17,-540	 x17:0xff3efa02 x19=0x00000001
        1925000	       191	800021f8	167f3f13	sltiu	x30,x30,359	 x30:0x00000001 x30=0x00000001
        1935000	       192	800021fc	4164d9b3	sra	x19,x9,x22	  x9:0xffffffef x22:0x00000102 x19=0xfffffffb
        1945000	       193	80002200	fc149ee3	bne	x9,x1,800021dc	  x9:0xffffffef  x1:0xffffffef
        1955000	       194	80002204	002e5a33	srl	x20,x28,x2	 x28:0x0000000f  x2:0xee05abcc x20=0x00000000
        1965000	       195	80002208	ffd00a93	addi	x21,x0,-3	  x0:0x00000000 x21=0xfffffffd
        1975000	       196	8000220c	015c8db3	add	x27,x25,x21	 x25:0x00000000 x21:0xfffffffd x27=0xfffffffd
        1985000	       197	80002210	01ba5b93	srli	x23,x20,0x1b	 x20:0x00000000 x23=0x00000000
        1995000	       198	80002214	00000f13	addi	x30,x0,0	  x0:0x00000000 x30=0x00000000
        2005000	       199	80002218	c0724313	xori	x6,x4,-1017	  x4:0xffffffff  x6=0x000003f8
        2015000	       200	8000221c	0029d293	srli	x5,x19,0x2	 x19:0xfffffffb  x5=0x3ffffffe
        2025000	       201	80002220	e5d27893	andi	x17,x4,-419	  x4:0xffffffff x17=0xfffffe5d
        2035000	       202	80002224	99bee293	ori	x5,x29,-1637	 x29:0x00000001  x5=0xfffff99b
        2045000	       203	80002228	003a8a93	addi	x21,x21,3	 x21:0xfffffffd x21=0x00000000
        2055000	       204	8000222c	00800913	addi	x18,x0,8	  x0:0x00000000 x18=0x00000008
        2065000	       205	80002230	a2bbfe13	andi	x28,x23,-1493	 x23:0x00000000 x28=0x00000000
        2075000	       206	80002234	00000013	addi	x0,x0,0	  x0:0x00000000
        2085000	       207	80002238	01d78db3	add	x27,x15,x29	 x15:0x80000f1c x29:0x00000001 x27=0x80000f1d
        2095000	       208	8000223c	41fe57b3	sra	x15,x28,x31	 x28:0x00000000 x31:0x80009f54 x15=0x00000000
        2105000	       209	80002240	017f5693	srli	x13,x30,0x17	 x30:0x00000000 x13=0x00000000
        2115000	       210	80002244	00000013	addi	x0,x0,0	  x0:0x00000000
        2125000	       211	80002248	01286133	or	x2,x16,x18	 x16:0xff3effc6 x18:0x00000008  x2=0xff3effce
        2135000	       212	8000224c	00600493	addi	x9,x0,6	  x0:0x00000000  x9=0x00000006
        2145000	       213	80002250	41d75433	sra	x8,x14,x29	 x14:0xf2fc2397 x29:0x00000001  x8=0xf97e11cb
        2155000	       214	80002254	2f6eeb17	auipc	x22,0x2f6ee	 x22=0xaf6f0250
        2165000	       215	80002258	f0078193	addi	x3,x15,-256	 x15:0x00000000  x3=0xffffff00
        2175000	       216	8000225c	ffd90913	addi	x18,x18,-3	 x18:0x00000008 x18=0x00000005
        2185000	       217	80002260	d06b4c93	xori	x25,x22,-762	 x22:0xaf6f0250 x25=0x5090ff56
        2195000	       218	80002264	c2d5c013	xori	x0,x11,-979	 x11:0x5f06d000
        2205000	       219	80002268	40f657b3	sra	x15,x12,x15	 x12:0x0000000f x15:0x00000000 x15=0x0000000f
        2215000	       220	8000226c	03f5f013	andi	x0,x11,63	 x11:0x5f06d000
        2225000	       221	80002270	fe9974e3	bgeu	x18,x9,80002258	 x18:0x00000005  x9:0x00000006
        2235000	       222	80002274	40f6d9b3	sra	x19,x13,x15	 x13:0x00000000 x15:0x0000000f x19=0x00000000
        2245000	       223	80002278	0175c2b3	xor	x5,x11,x23	 x11:0x5f06d000 x23:0x00000000  x5=0x5f06d000
        2255000	       224	8000227c	00de9433	sll	x8,x29,x13	 x29:0x00000001 x13:0x00000000  x8=0x00000001
        2265000	       225	80002280	fbea80e3	beq	x21,x30,80002220	 x21:0x00000000 x30:0x00000000
        2275000	       226	00000000	00000013	addi	x0,x0,0	  x0:0x00000000
        2285000	       227	8000221c	00000013	addi	x0,x0,0	  x0:0x00000000
        2295000	       228	80002220	e5d27893	andi	x17,x4,-419	  x4:0xffffffff x17=0xfffffe5d
        2305000	       229	80002224	99bee293	ori	x5,x29,-1637	 x29:0x00000001  x5=0xfffff99b
        2315000	       230	80002228	003a8a93	addi	x21,x21,3	 x21:0x00000000 x21=0x00000003
        2325000	       231	8000222c	00800913	addi	x18,x0,8	  x0:0x00000000 x18=0x00000008
        2335000	       232	80002230	a2bbfe13	andi	x28,x23,-1493	 x23:0x00000000 x28=0x00000000
        2345000	       233	80002234	00000013	addi	x0,x0,0	  x0:0x00000000
        2355000	       234	80002238	01d78db3	add	x27,x15,x29	 x15:0x0000000f x29:0x00000001 x27=0x00000010
        2365000	       235	8000223c	41fe57b3	sra	x15,x28,x31	 x28:0x00000000 x31:0x80009f54 x15=0x00000000
        2375000	       236	80002240	017f5693	srli	x13,x30,0x17	 x30:0x00000000 x13=0x00000000
        2385000	       237	80002244	00000013	addi	x0,x0,0	  x0:0x00000000
        2395000	       238	80002248	01286133	or	x2,x16,x18	 x16:0xff3effc6 x18:0x00000008  x2=0xff3effce
        2405000	       239	8000224c	00600493	addi	x9,x0,6	  x0:0x00000000  x9=0x00000006
        2415000	       240	80002250	41d75433	sra	x8,x14,x29	 x14:0xf2fc2397 x29:0x00000001  x8=0xf97e11cb
        2425000	       241	80002254	2f6eeb17	auipc	x22,0x2f6ee	 x22=0xaf6f0250
        2435000	       242	80002258	f0078193	addi	x3,x15,-256	 x15:0x00000000  x3=0xffffff00
        2445000	       243	8000225c	ffd90913	addi	x18,x18,-3	 x18:0x00000008 x18=0x00000005
        2455000	       244	80002260	d06b4c93	xori	x25,x22,-762	 x22:0xaf6f0250 x25=0x5090ff56
        2465000	       245	80002264	c2d5c013	xori	x0,x11,-979	 x11:0x5f06d000
        2475000	       246	80002268	40f657b3	sra	x15,x12,x15	 x12:0x0000000f x15:0x00000000 x15=0x0000000f
        2485000	       247	8000226c	03f5f013	andi	x0,x11,63	 x11:0x5f06d000
        2495000	       248	80002270	fe9974e3	bgeu	x18,x9,80002258	 x18:0x00000005  x9:0x00000006
        2505000	       249	80002274	40f6d9b3	sra	x19,x13,x15	 x13:0x00000000 x15:0x0000000f x19=0x00000000
        2515000	       250	80002278	0175c2b3	xor	x5,x11,x23	 x11:0x5f06d000 x23:0x00000000  x5=0x5f06d000
        2525000	       251	8000227c	00de9433	sll	x8,x29,x13	 x29:0x00000001 x13:0x00000000  x8=0x00000001
        2535000	       252	80002280	fbea80e3	beq	x21,x30,80002220	 x21:0x00000003 x30:0x00000000
        2545000	       253	80002284	06166b97	auipc	x23,0x6166	 x23=0x86168280
        2555000	       254	80002288	ff900c93	addi	x25,x0,-7	  x0:0x00000000 x25=0xfffffff9
        2565000	       255	8000228c	00983933	sltu	x18,x16,x9	 x16:0xff3effc6  x9:0x00000006 x18=0x00000000
        2575000	       256	80002290	fb800893	addi	x17,x0,-72	  x0:0x00000000 x17=0xffffffb8
        2585000	       257	80002294	40960a33	sub	x20,x12,x9	 x12:0x0000000f  x9:0x00000006 x20=0x00000009
        2595000	       258	80002298	404458b3	sra	x17,x8,x4	  x8:0x00000001  x4:0xffffffff x17=0x00000000
        2605000	       259	8000229c	96b33b93	sltiu	x23,x6,-1685	  x6:0x000003f8 x23=0x00000001
        2615000	       260	800022a0	00994633	xor	x12,x18,x9	 x18:0x00000000  x9:0x00000006 x12=0x00000006
        2625000	       261	800022a4	ff200093	addi	x1,x0,-14	  x0:0x00000000  x1=0xfffffff2
        2635000	       262	800022a8	84d2ebb7	lui	x23,0x84d2e	 x23=0x84d2e000
        2645000	       263	800022ac	d329c613	xori	x12,x19,-718	 x19:0x00000000 x12=0xfffffd32
        2655000	       264	800022b0	000bff33	and	x30,x23,x0	 x23:0x84d2e000  x0:0x00000000 x30=0x00000000
        2665000	       265	800022b4	616fd997	auipc	x19,0x616fd	 x19=0xe16ff2b0
        2675000	       266	800022b8	628d8613	addi	x12,x27,1576	 x27:0x00000010 x12=0x00000638
        2685000	       267	800022bc	41fc86b3	sub	x13,x25,x31	 x25:0xfffffff9 x31:0x80009f54 x13=0x7fff60a5
        2695000	       268	800022c0	ff9c8c93	addi	x25,x25,-7	 x25:0xfffffff9 x25=0xfffffff2
        2705000	       269	800022c4	00995db3	srl	x27,x18,x9	 x18:0x00000000  x9:0x00000006 x27=0x00000000
        2715000	       270	800022c8	404e89b3	sub	x19,x29,x4	 x29:0x00000001  x4:0xffffffff x19=0x00000002
        2725000	       271	800022cc	5ba9da17	auipc	x20,0x5ba9d	 x20=0xdba9f2c8
        2735000	       272	800022d0	41d2d433	sra	x8,x5,x29	  x5:0x5f06d000 x29:0x00000001  x8=0x2f836800
        2745000	       273	800022d4	ff114013	xori	x0,x2,-15	  x2:0xff3effce
        2755000	       274	800022d8	fc1c8ae3	beq	x25,x1,800022ac	 x25:0xfffffff2  x1:0xfffffff2
        2765000	       275	00000000	00000013	addi	x0,x0,0	  x0:0x00000000
        2775000	       276	800022a8	00000013	addi	x0,x0,0	  x0:0x00000000
        2785000	       277	800022ac	d329c613	xori	x12,x19,-718	 x19:0x00000002 x12=0xfffffd30
        2795000	       278	800022b0	000bff33	and	x30,x23,x0	 x23:0x84d2e000  x0:0x00000000 x30=0x00000000
        2805000	       279	800022b4	616fd997	auipc	x19,0x616fd	 x19=0xe16ff2b0
        2815000	       280	800022b8	628d8613	addi	x12,x27,1576	 x27:0x00000000 x12=0x00000628
        2825000	       281	800022bc	41fc86b3	sub	x13,x25,x31	 x25:0xfffffff2 x31:0x80009f54 x13=0x7fff609e
        2835000	       282	800022c0	ff9c8c93	addi	x25,x25,-7	 x25:0xfffffff2 x25=0xffffffeb
        2845000	       283	800022c4	00995db3	srl	x27,x18,x9	 x18:0x00000000  x9:0x00000006 x27=0x00000000
        2855000	       284	800022c8	404e89b3	sub	x19,x29,x4	 x29:0x00000001  x4:0xffffffff x19=0x00000002
        2865000	       285	800022cc	5ba9da17	auipc	x20,0x5ba9d	 x20=0xdba9f2c8
        2875000	       286	800022d0	41d2d433	sra	x8,x5,x29	  x5:0x5f06d000 x29:0x00000001  x8=0x2f836800
        2885000	       287	800022d4	ff114013	xori	x0,x2,-15	  x2:0xff3effce
        2895000	       288	800022d8	fc1c8ae3	beq	x25,x1,800022ac	 x25:0xffffffeb  x1:0xfffffff2
        2905000	       289	800022dc	00e06f33	or	x30,x0,x14	  x0:0x00000000 x14:0xf2fc2397 x30=0xf2fc2397
        2915000	       290	800022e0	00600993	addi	x19,x0,6	  x0:0x00000000 x19=0x00000006
        2925000	       291	800022e4	010f62b3	or	x5,x30,x16	 x30:0xf2fc2397 x16:0xff3effc6  x5=0xfffeffd7
        2935000	       292	800022e8	01cc2d33	slt	x26,x24,x28	 x24:0x80000000 x28:0x00000000 x26=0x00000001
        2945000	       293	800022ec	01921633	sll	x12,x4,x25	  x4:0xffffffff x25:0xffffffeb x12=0xfffff800
        2955000	       294	800022f0	70ef2617	auipc	x12,0x70ef2	 x12=0xf0ef42ec
        2965000	       295	800022f4	00f00513	addi	x10,x0,15	  x0:0x00000000 x10=0x0000000f
        2975000	       296	800022f8	fb044a13	xori	x20,x8,-80	  x8:0x2f836800 x20=0xd07c97b0
        2985000	       297	800022fc	76620813	addi	x16,x4,1894	  x4:0xffffffff x16=0x00000765
        2995000	       298	80002300	015b35b3	sltu	x11,x22,x21	 x22:0xaf6f0250 x21:0x00000003 x11=0x00000000
        3005000	       299	80002304	00998993	addi	x19,x19,9	 x19:0x00000006 x19=0x0000000f
        3015000	       300	80002308	0e6cee13	ori	x28,x25,230	 x25:0xffffffeb x28=0xffffffef
        3025000	       301	8000230c	00044a33	xor	x20,x8,x0	  x8:0x2f836800  x0:0x00000000 x20=0x2f836800
        3035000	       302	80002310	401f58b3	sra	x17,x30,x1	 x30:0xf2fc2397  x1:0xfffffff2 x17=0xfffffcbf
        3045000	       303	80002314	fea992e3	bne	x19,x10,800022f8	 x19:0x0000000f x10:0x0000000f
        3055000	       304	80002318	cba1e713	ori	x14,x3,-838	  x3:0xffffff00 x14=0xffffffba
        3065000	       305	8000231c	ffe00593	addi	x11,x0,-2	  x0:0x00000000 x11=0xfffffffe
        3075000	       306	80002320	00900613	addi	x12,x0,9	  x0:0x00000000 x12=0x00000009
        3085000	       307	80002324	ae22b417	auipc	x8,0xae22b	  x8=0x2e22d320
        3095000	       308	80002328	f7696313	ori	x6,x18,-138	 x18:0x00000000  x6=0xffffff76
        3105000	       309	8000232c	00458593	addi	x11,x11,4	 x11:0xfffffffe x11=0x00000002
        3115000	       310	80002330	001e7333	and	x6,x28,x1	 x28:0xffffffef  x1:0xfffffff2  x6=0xffffffe2
        3125000	       311	80002334	fec5eae3	bltu	x11,x12,80002328	 x11:0x00000002 x12:0x00000009
        3135000	       312	00000000	00000013	addi	x0,x0,0	  x0:0x00000000
        3145000	       313	80002324	00000013	addi	x0,x0,0	  x0:0x00000000
        3155000	       314	80002328	f7696313	ori	x6,x18,-138	 x18:0x00000000  x6=0xffffff76
        3165000	       315	8000232c	00458593	addi	x11,x11,4	 x11:0x00000002 x11=0x00000006
        3175000	       316	80002330	001e7333	and	x6,x28,x1	 x28:0xffffffef  x1:0xfffffff2  x6=0xffffffe2
        3185000	       317	80002334	fec5eae3	bltu	x11,x12,80002328	 x11:0x00000006 x12:0x00000009
        3195000	       318	00000000	00000013	addi	x0,x0,0	  x0:0x00000000
        3205000	       319	80002324	00000013	addi	x0,x0,0	  x0:0x00000000
        3215000	       320	80002328	f7696313	ori	x6,x18,-138	 x18:0x00000000  x6=0xffffff76
        3225000	       321	8000232c	00458593	addi	x11,x11,4	 x11:0x00000006 x11=0x0000000a
        3235000	       322	80002330	001e7333	and	x6,x28,x1	 x28:0xffffffef  x1:0xfffffff2  x6=0xffffffe2
        3245000	       323	80002334	fec5eae3	bltu	x11,x12,80002328	 x11:0x0000000a x12:0x00000009
        3255000	       324	80002338	016b0533	add	x10,x22,x22	 x22:0xaf6f0250 x22:0xaf6f0250 x10=0x5ede04a0
        3265000	       325	8000233c	4196db13	srai	x22,x13,0x19	 x13:0x7fff609e x22=0x0000003f
        3275000	       326	80002340	9099bb13	sltiu	x22,x19,-1783	 x19:0x0000000f x22=0x00000001
        3285000	       327	80002344	0001db93	srli	x23,x3,0x0	  x3:0xffffff00 x23=0xffffff00
        3295000	       328	80002348	00000013	addi	x0,x0,0	  x0:0x00000000
        3305000	       329	8000234c	009a0cb3	add	x25,x20,x9	 x20:0x2f836800  x9:0x00000006 x25=0x2f836806
        3315000	       330	80002350	00715533	srl	x10,x2,x7	  x2:0xff3effce  x7:0x80009fc4 x10=0x0ff3effc
        3325000	       331	80002354	0004e2b3	or	x5,x9,x0	  x9:0x00000006  x0:0x00000000  x5=0x00000006
        3335000	       332	80002358	01a9f0b3	and	x1,x19,x26	 x19:0x0000000f x26:0x00000001  x1=0x00000001
        3345000	       333	8000235c	010fc333	xor	x6,x31,x16	 x31:0x80009f54 x16:0x00000765  x6=0x80009831
        3355000	       334	80002360	d67e4d17	auipc	x26,0xd67e4	 x26=0x567e635c
        3365000	       335	80002364	4017d313	srai	x6,x15,0x1	 x15:0x0000000f  x6=0x00000007
        3375000	       336	80002368	000c7933	and	x18,x24,x0	 x24:0x80000000  x0:0x00000000 x18=0x00000000
        3385000	       337	8000236c	00caa6b3	slt	x13,x21,x12	 x21:0x00000003 x12:0x00000009 x13=0x00000001
        3395000	       338	80002370	072f1463	bne	x30,x18,800023d8	 x30:0xf2fc2397 x18:0x00000000
        3405000	       339	00000000	00000013	addi	x0,x0,0	  x0:0x00000000
        3415000	       340	800023d4	00000013	addi	x0,x0,0	  x0:0x00000000
        3425000	       341	800023d8	0038f1b3	and	x3,x17,x3	 x17:0xfffffcbf  x3:0xffffff00  x3=0xfffffc00
        3435000	       342	800023dc	01e84033	xor	x0,x16,x30	 x16:0x00000765 x30:0xf2fc2397
        3445000	       343	800023e0	01d31bb3	sll	x23,x6,x29	  x6:0x00000007 x29:0x00000001 x23=0x0000000e
        3455000	       344	800023e4	709e6313	ori	x6,x28,1801	 x28:0xffffffef  x6=0xffffffef
        3465000	       345	800023e8	00487b33	and	x22,x16,x4	 x16:0x00000765  x4:0xffffffff x22=0x00000765
        3475000	       346	800023ec	01d598b3	sll	x17,x11,x29	 x11:0x0000000a x29:0x00000001 x17=0x00000014
        3485000	       347	800023f0	60cac993	xori	x19,x21,1548	 x21:0x00000003 x19=0x0000060f
        3495000	       348	800023f4	98402413	slti	x8,x0,-1660	  x0:0x00000000  x8=0x00000000
        3505000	       349	800023f8	01c69413	slli	x8,x13,0x1c	 x13:0x00000001  x8=0x10000000
        3515000	       350	800023fc	b353ce13	xori	x28,x7,-1227	  x7:0x80009fc4 x28=0x7fff64f1
        3525000	       351	80002400	417e0633	sub	x12,x28,x23	 x28:0x7fff64f1 x23:0x0000000e x12=0x7fff64e3
        3535000	       352	80002404	018b9113	slli	x2,x23,0x18	 x23:0x0000000e  x2=0x0e000000
        3545000	       353	80002408	04585863	bge	x16,x5,80002458	 x16:0x00000765  x5:0x00000006
        3555000	       354	00000000	00000013	addi	x0,x0,0	  x0:0x00000000
        3565000	       355	80002454	00000013	addi	x0,x0,0	  x0:0x00000000
        3575000	       356	80002458	00b01f33	sll	x30,x0,x11	  x0:0x00000000 x11:0x0000000a x30=0x00000000
        3585000	       357	8000245c	00000013	addi	x0,x0,0	  x0:0x00000000
        3595000	       358	80002460	40665b13	srai	x22,x12,0x6	 x12:0x7fff64e3 x22=0x01fffd93
        3605000	       359	80002464	01e79e63	bne	x15,x30,80002480	 x15:0x0000000f x30:0x00000000
        3615000	       360	00000000	00000013	addi	x0,x0,0	  x0:0x00000000
        3625000	       361	8000247c	00000013	addi	x0,x0,0	  x0:0x00000000
        3635000	       362	80002480	0161c533	xor	x10,x3,x22	  x3:0xfffffc00 x22:0x01fffd93 x10=0xfe000193
        3645000	       363	80002484	0332fa63	bgeu	x5,x19,800024b8	  x5:0x00000006 x19:0x0000060f
        3655000	       364	80002488	009a0b33	add	x22,x20,x9	 x20:0x2f836800  x9:0x00000006 x22=0x2f836806
        3665000	       365	8000248c	00bb1e63	bne	x22,x11,800024a8	 x22:0x2f836806 x11:0x0000000a
        3675000	       366	00000000	00000013	addi	x0,x0,0	  x0:0x00000000
        3685000	       367	800024a4	00000013	addi	x0,x0,0	  x0:0x00000000
        3695000	       368	800024a8	288b7e93	andi	x29,x22,648	 x22:0x2f836806 x29=0x00000000
        3705000	       369	800024ac	c804c213	xori	x4,x9,-896	  x9:0x00000006  x4=0xfffffc86
        3715000	       370	800024b0	362e7213	andi	x4,x28,866	 x28:0x7fff64f1  x4=0x00000060
        3725000	       371	800024b4	01ea0633	add	x12,x20,x30	 x20:0x2f836800 x30:0x00000000 x12=0x2f836800
        3735000	       372	800024b8	005c9593	slli	x11,x25,0x5	 x25:0x2f836806 x11=0xf06d00c0
        3745000	       373	800024bc	0351e063	bltu	x3,x21,800024dc	  x3:0xfffffc00 x21:0x00000003
        3755000	       374	800024c0	40e4d133	sra	x2,x9,x14	  x9:0x00000006 x14:0xffffffba  x2=0x00000000
        3765000	       375	800024c4	599b7813	andi	x16,x22,1433	 x22:0x2f836806 x16=0x00000000
        3775000	       376	800024c8	00000013	addi	x0,x0,0	  x0:0x00000000
        3785000	       377	800024cc	01fe5233	srl	x4,x28,x31	 x28:0x7fff64f1 x31:0x80009f54  x4=0x000007ff
        3795000	       378	800024d0	035edc63	bge	x29,x21,80002508	 x29:0x00000000 x21:0x00000003
        3805000	       379	800024d4	004348b3	xor	x17,x6,x4	  x6:0xffffffef  x4:0x000007ff x17=0xfffff810
        3815000	       380	800024d8	c789f193	andi	x3,x19,-904	 x19:0x0000060f  x3=0x00000408
        3825000	       381	800024dc	00693833	sltu	x16,x18,x6	 x18:0x00000000  x6:0xffffffef x16=0x00000001
        3835000	       382	800024e0	40908933	sub	x18,x1,x9	  x1:0x00000001  x9:0x00000006 x18=0xfffffffb
        3845000	       383	800024e4	017a6433	or	x8,x20,x23	 x20:0x2f836800 x23:0x0000000e  x8=0x2f83680e
        3855000	       384	800024e8	01a83933	sltu	x18,x16,x26	 x16:0x00000001 x26:0x567e635c x18=0x00000001
        3865000	       385	800024ec	40f55593	srai	x11,x10,0xf	 x10:0xfe000193 x11=0xfffffc00
        3875000	       386	800024f0	016cd2b3	srl	x5,x25,x22	 x25:0x2f836806 x22:0x2f836806  x5=0x00be0da0
        3885000	       387	800024f4	02574c63	blt	x14,x5,8000252c	 x14:0xffffffba  x5:0x00be0da0
        3895000	       388	00000000	00000013	addi	x0,x0,0	  x0:0x00000000
        3905000	       389	80002528	00000013	addi	x0,x0,0	  x0:0x00000000
        3915000	       390	8000252c	aa828493	addi	x9,x5,-1368	  x5:0x00be0da0  x9=0x00be0848
        3925000	       391	80002530	0150f8b3	and	x17,x1,x21	  x1:0x00000001 x21:0x00000003 x17=0x00000001
        3935000	       392	80002534	008ce933	or	x18,x25,x8	 x25:0x2f836806  x8:0x2f83680e x18=0x2f83680e
        3945000	       393	80002538	1dfbfd13	andi	x26,x23,479	 x23:0x0000000e x26=0x0000000e
        3955000	       394	8000253c	0069d693	srli	x13,x19,0x6	 x19:0x0000060f x13=0x00000018
        3965000	       395	80002540	f3933c93	sltiu	x25,x6,-199	  x6:0xffffffef x25=0x00000000
        3975000	       396	80002544	00000013	addi	x0,x0,0	  x0:0x00000000
        3985000	       397	80002548	7cbe06b7	lui	x13,0x7cbe0	 x13=0x7cbe0000
        3995000	       398	8000254c	00d09613	slli	x12,x1,0xd	  x1:0x00000001 x12=0x00002000
        4005000	       399	80002550	018a6033	or	x0,x20,x24	 x20:0x2f836800 x24:0x80000000
        4015000	       400	80002554	01891663	bne	x18,x24,80002560	 x18:0x2f83680e x24:0x80000000
        4025000	       401	00000000	00000013	addi	x0,x0,0	  x0:0x00000000
        4035000	       402	8000255c	00000013	addi	x0,x0,0	  x0:0x00000000
        4045000	       403	80002560	bc210213	addi	x4,x2,-1086	  x2:0x00000000  x4=0xfffffbc2
        4055000	       404	80002564	f5358613	addi	x12,x11,-173	 x11:0xfffffc00 x12=0xfffffb53
        4065000	       405	80002568	03596e63	bltu	x18,x21,800025a4	 x18:0x2f83680e x21:0x00000003
        4075000	       406	8000256c	40bc84b3	sub	x9,x25,x11	 x25:0x00000000 x11:0xfffffc00  x9=0x00000400
        4085000	       407	80002570	76604d93	xori	x27,x0,1894	  x0:0x00000000 x27=0x00000766
        4095000	       408	80002574	00000013	addi	x0,x0,0	  x0:0x00000000
        4105000	       409	80002578	0e526b13	ori	x22,x4,229	  x4:0xfffffbc2 x22=0xfffffbe7
        4115000	       410	8000257c	415c5633	sra	x12,x24,x21	 x24:0x80000000 x21:0x00000003 x12=0xf0000000
        4125000	       411	80002580	c03c2193	slti	x3,x24,-1021	 x24:0x80000000  x3=0x00000001
        4135000	       412	80002584	00a90ab3	add	x21,x18,x10	 x18:0x2f83680e x10:0xfe000193 x21=0x2d8369a1
        4145000	       413	80002588	00c7ab33	slt	x22,x15,x12	 x15:0x0000000f x12:0xf0000000 x22=0x00000000
        4155000	       414	8000258c	004704b3	add	x9,x14,x4	 x14:0xffffffba  x4:0xfffffbc2  x9=0xfffffb7c
        4165000	       415	80002590	02b21c63	bne	x4,x11,800025c8	  x4:0xfffffbc2 x11:0xfffffc00
        4175000	       416	00000000	00000013	addi	x0,x0,0	  x0:0x00000000
        4185000	       417	800025c4	00000013	addi	x0,x0,0	  x0:0x00000000
        4195000	       418	800025c8	408981b3	sub	x3,x19,x8	 x19:0x0000060f  x8:0x2f83680e  x3=0xd07c9e01
        4205000	       419	800025cc	023a8463	beq	x21,x3,800025f4	 x21:0x2d8369a1  x3:0xd07c9e01
        4215000	       420	800025d0	05380863	beq	x16,x19,80002620	 x16:0x00000001 x19:0x0000060f
        4225000	       421	800025d4	010c1d13	slli	x26,x24,0x10	 x24:0x80000000 x26=0x00000000
        4235000	       422	800025d8	9c03e993	ori	x19,x7,-1600	  x7:0x80009fc4 x19=0xffffffc4
        4245000	       423	800025dc	44824593	xori	x11,x4,1096	  x4:0xfffffbc2 x11=0xffffff8a
        4255000	       424	800025e0	00b15713	srli	x14,x2,0xb	  x2:0x00000000 x14=0x00000000
        4265000	       425	800025e4	0006d193	srli	x3,x13,0x0	 x13:0x7cbe0000  x3=0x7cbe0000
        4275000	       426	800025e8	0457e063	bltu	x15,x5,80002628	 x15:0x0000000f  x5:0x00be0da0
        4285000	       427	00000000	00000013	addi	x0,x0,0	  x0:0x00000000
        4295000	       428	80002624	00000013	addi	x0,x0,0	  x0:0x00000000
        4305000	       429	80002628	00000013	addi	x0,x0,0	  x0:0x00000000
        4315000	       430	8000262c	0158e033	or	x0,x17,x21	 x17:0x00000001 x21:0x2d8369a1
        4325000	       431	80002630	e7cfb213	sltiu	x4,x31,-388	 x31:0x80009f54  x4=0x00000001
        4335000	       432	80002634	0162e233	or	x4,x5,x22	  x5:0x00be0da0 x22:0x00000000  x4=0x00be0da0
        4345000	       433	80002638	0115abb3	slt	x23,x11,x17	 x11:0xffffff8a x17:0x00000001 x23=0x00000001
        4355000	       434	8000263c	009ed493	srli	x9,x29,0x9	 x29:0x00000000  x9=0x00000000
        4365000	       435	80002640	005afe63	bgeu	x21,x5,8000265c	 x21:0x2d8369a1  x5:0x00be0da0
        4375000	       436	00000000	00000013	addi	x0,x0,0	  x0:0x00000000
        4385000	       437	80002658	00000013	addi	x0,x0,0	  x0:0x00000000
        4395000	       438	8000265c	0139ab33	slt	x22,x19,x19	 x19:0xffffffc4 x19:0xffffffc4 x22=0x00000000
        4405000	       439	80002660	4a09a693	slti	x13,x19,1184	 x19:0xffffffc4 x13=0x00000001
        4415000	       440	80002664	037c9263	bne	x25,x23,80002688	 x25:0x00000000 x23:0x00000001
        4425000	       441	00000000	00000013	addi	x0,x0,0	  x0:0x00000000
        4435000	       442	80002684	00000013	addi	x0,x0,0	  x0:0x00000000
        4445000	       443	80002688	0182d793	srli	x15,x5,0x18	  x5:0x00be0da0 x15=0x00000000
        4455000	       444	8000268c	011ffcb3	and	x25,x31,x17	 x31:0x80009f54 x17:0x00000001 x25=0x00000000
        4465000	       445	80002690	ecd46613	ori	x12,x8,-307	  x8:0x2f83680e x12=0xfffffecf
        4475000	       446	80002694	4156d313	srai	x6,x13,0x15	 x13:0x00000001  x6=0x00000000
        4485000	       447	80002698	014d5d93	srli	x27,x26,0x14	 x26:0x00000000 x27=0x00000000
        4495000	       448	8000269c	00335cb3	srl	x25,x6,x3	  x6:0x00000000  x3:0x7cbe0000 x25=0x00000000
        4505000	       449	800026a0	64faee13	ori	x28,x21,1615	 x21:0x2d8369a1 x28=0x2d836fef
        4515000	       450	800026a4	009b5e63	bge	x22,x9,800026c0	 x22:0x00000000  x9:0x00000000
        4525000	       451	00000000	00000013	addi	x0,x0,0	  x0:0x00000000
        4535000	       452	800026bc	00000013	addi	x0,x0,0	  x0:0x00000000
        4545000	       453	800026c0	035b1c63	bne	x22,x21,800026f8	 x22:0x00000000 x21:0x2d8369a1
        4555000	       454	00000000	00000013	addi	x0,x0,0	  x0:0x00000000
        4565000	       455	800026f4	00000013	addi	x0,x0,0	  x0:0x00000000
        4575000	       456	800026f8	eda0cd93	xori	x27,x1,-294	  x1:0x00000001 x27=0xfffffedb
        4585000	       457	800026fc	40985993	srai	x19,x16,0x9	 x16:0x00000001 x19=0x00000000
        4595000	       458	80002700	00000013	addi	x0,x0,0	  x0:0x00000000
        4605000	       459	80002704	00376d33	or	x26,x14,x3	 x14:0x00000000  x3:0x7cbe0000 x26=0x7cbe0000
        4615000	       460	80002708	05d64063	blt	x12,x29,80002748	 x12:0xfffffecf x29:0x00000000
        4625000	       461	00000000	00000013	addi	x0,x0,0	  x0:0x00000000
        4635000	       462	80002744	00000013	addi	x0,x0,0	  x0:0x00000000
        4645000	       463	80002748	00f7bcb3	sltu	x25,x15,x15	 x15:0x00000000 x15:0x00000000 x25=0x00000000
        4655000	       464	8000274c	89f74993	xori	x19,x14,-1889	 x14:0x00000000 x19=0xfffff89f
        4665000	       465	80002750	01b761b3	or	x3,x14,x27	 x14:0x00000000 x27:0xfffffedb  x3=0xfffffedb
        4675000	       466	80002754	01b240b3	xor	x1,x4,x27	  x4:0x00be0da0 x27:0xfffffedb  x1=0xff41f37b
        4685000	       467	80002758	04d16863	bltu	x2,x13,800027a8	  x2:0x00000000 x13:0x00000001
        4695000	       468	00000000	00000013	addi	x0,x0,0	  x0:0x00000000
        4705000	       469	800027a4	00000013	addi	x0,x0,0	  x0:0x00000000
        4715000	       470	800027a8	3da1e613	ori	x12,x3,986	  x3:0xfffffedb x12=0xffffffdb
        4725000	       471	800027ac	006074b3	and	x9,x0,x6	  x0:0x00000000  x6:0x00000000  x9=0x00000000
        4735000	       472	800027b0	00705513	srli	x10,x0,0x7	  x0:0x00000000 x10=0x00000000
        4745000	       473	800027b4	2567ba13	sltiu	x20,x15,598	 x15:0x00000000 x20=0x00000001
        4755000	       474	800027b8	005b52b3	srl	x5,x22,x5	 x22:0x00000000  x5:0x00be0da0  x5=0x00000000
        4765000	       475	800027bc	9684e513	ori	x10,x9,-1688	  x9:0x00000000 x10=0xfffff968
        4775000	       476	800027c0	00f884b3	add	x9,x17,x15	 x17:0x00000001 x15:0x00000000  x9=0x00000001
        4785000	       477	800027c4	55fe4413	xori	x8,x28,1375	 x28:0x2d836fef  x8=0x2d836ab0
        4795000	       478	800027c8	3a12b293	sltiu	x5,x5,929	  x5:0x00000000  x5=0x00000001
        4805000	       479	800027cc	9b507213	andi	x4,x0,-1611	  x0:0x00000000  x4=0x00000000
        4815000	       480	800027d0	00d59413	slli	x8,x11,0xd	 x11:0xffffff8a  x8=0xfff14000
        4825000	       481	800027d4	9b0ebb93	sltiu	x23,x29,-1616	 x29:0x00000000 x23=0x00000001
        4835000	       482	800027d8	008c4663	blt	x24,x8,800027e4	 x24:0x80000000  x8:0xfff14000
        4845000	       483	00000000	00000013	addi	x0,x0,0	  x0:0x00000000
        4855000	       484	800027e0	00000013	addi	x0,x0,0	  x0:0x00000000
        4865000	       485	800027e4	01a508b3	add	x17,x10,x26	 x10:0xfffff968 x26:0x7cbe0000 x17=0x7cbdf968
        4875000	       486	800027e8	4181d893	srai	x17,x3,0x18	  x3:0xfffffedb x17=0xffffffff
        4885000	       487	800027ec	972f6837	lui	x16,0x972f6	 x16=0x972f6000
        4895000	       488	800027f0	40825913	srai	x18,x4,0x8	  x4:0x00000000 x18=0x00000000
        4905000	       489	800027f4	004fa783	lw	x15,4(x31)	 x31:0x80009f54 x15=0x80000f1c PA:0x80009f58
        4915000	       490	800027f8	78208713	addi	x14,x1,1922	  x1:0xff41f37b x14=0xff41fafd
        4925000	       491	800027fc	00000013	addi	x0,x0,0	  x0:0x00000000
        4935000	       492	80002800	013a9033	sll	x0,x21,x19	 x21:0x2d8369a1 x19:0xfffff89f
        4945000	       493	80002804	008f8f93	addi	x31,x31,8	 x31:0x80009f54 x31=0x80009f5c
        4955000	       494	80002808	ae716b13	ori	x22,x2,-1305	  x2:0x00000000 x22=0xfffffae7
        4965000	       495	8000280c	96adab13	slti	x22,x27,-1686	 x27:0xfffffedb x22=0x00000000
        4975000	       496	80002810	048a7817	auipc	x16,0x48a7	 x16=0x848a980c
        4985000	       497	80002814	00078113	addi	x2,x15,0	 x15:0x80000f1c  x2=0x80000f1c
        4995000	       498	80002818	00010167	jalr	x2,x2,0	  x2:0x80000f1c  x2=0x80002818
        5005000	       499	00000000	00000013	addi	x0,x0,0	  x0:0x00000000
        5015000	       500	80000f1c	00000013	addi	x0,x0,0	  x0:0x00000000
        5025000	       501	80000f20	ffd00313	addi	x6,x0,-3	  x0:0x00000000  x6=0xfffffffd
        5035000	       502	80000f24	df1dfa13	andi	x20,x27,-527	 x27:0xfffffedb x20=0xfffffcd1
        5045000	       503	80000f28	e5f5fe13	andi	x28,x11,-417	 x11:0xffffff8a x28=0xfffffe0a
        5055000	       504	80000f2c	41f258b3	sra	x17,x4,x31	  x4:0x00000000 x31:0x80009f5c x17=0x00000000
        5065000	       505	80000f30	0081fb33	and	x22,x3,x8	  x3:0xfffffedb  x8:0xfff14000 x22=0xfff14000
        5075000	       506	80000f34	0182c9b3	xor	x19,x5,x24	  x5:0x00000001 x24:0x80000000 x19=0x80000001
        5085000	       507	80000f38	00f0c633	xor	x12,x1,x15	  x1:0xff41f37b x15:0x80000f1c x12=0x7f41fc67
        5095000	       508	80000f3c	aa94c693	xori	x13,x9,-1367	  x9:0x00000001 x13=0xfffffaa8
        5105000	       509	80000f40	0bc88913	addi	x18,x17,188	 x17:0x00000000 x18=0x000000bc
        5115000	       510	80000f44	00f00493	addi	x9,x0,15	  x0:0x00000000  x9=0x0000000f
        5125000	       511	80000f48	01eb0bb3	add	x23,x22,x30	 x22:0xfff14000 x30:0x00000000 x23=0xfff14000
        5135000	       512	80000f4c	a46c4ab7	lui	x21,0xa46c4	 x21=0xa46c4000
        5145000	       513	80000f50	e2893293	sltiu	x5,x18,-472	 x18:0x000000bc  x5=0x00000001
        5155000	       514	80000f54	3a54ee93	ori	x29,x9,933	  x9:0x0000000f x29=0x000003af
        5165000	       515	80000f58	00930313	addi	x6,x6,9	  x6:0xfffffffd  x6=0x00000006
        5175000	       516	80000f5c	77a7be93	sltiu	x29,x15,1914	 x15:0x80000f1c x29=0x00000000
        5185000	       517	80000f60	0172b1b3	sltu	x3,x5,x23	  x5:0x00000001 x23:0xfff14000  x3=0x00000001
        5195000	       518	80000f64	41d4d133	sra	x2,x9,x29	  x9:0x0000000f x29:0x00000000  x2=0x0000000f
        5205000	       519	80000f68	9cedc993	xori	x19,x27,-1586	 x27:0xfffffedb x19=0x00000715
        5215000	       520	80000f6c	fe9300e3	beq	x6,x9,80000f4c	  x6:0x00000006  x9:0x0000000f
        5225000	       521	80000f70	ad14ec93	ori	x25,x9,-1327	  x9:0x0000000f x25=0xfffffadf
        5235000	       522	80000f74	ff900993	addi	x19,x0,-7	  x0:0x00000000 x19=0xfffffff9
        5245000	       523	80000f78	ff500c93	addi	x25,x0,-11	  x0:0x00000000 x25=0xfffffff5
        5255000	       524	80000f7c	2a037293	andi	x5,x6,672	  x6:0x00000006  x5=0x00000000
        5265000	       525	80000f80	1affbd93	sltiu	x27,x31,431	 x31:0x80009f5c x27=0x00000000
        5275000	       526	80000f84	ff698993	addi	x19,x19,-10	 x19:0xfffffff9 x19=0xffffffef
        5285000	       527	80000f88	dba70093	addi	x1,x14,-582	 x14:0xff41fafd  x1=0xff41f8b7
        5295000	       528	80000f8c	717f4093	xori	x1,x30,1815	 x30:0x00000000  x1=0x00000717
        5305000	       529	80000f90	c7856637	lui	x12,0xc7856	 x12=0xc7856000
        5315000	       530	80000f94	ffe00d13	addi	x26,x0,-2	  x0:0x00000000 x26=0xfffffffe
        5325000	       531	80000f98	419b8633	sub	x12,x23,x25	 x23:0xfff14000 x25:0xfffffff5 x12=0xfff1400b
        5335000	       532	80000f9c	de3be093	ori	x1,x23,-541	 x23:0xfff14000  x1=0xfffffde3
        5345000	       533	80000fa0	39600b13	addi	x22,x0,918	  x0:0x00000000 x22=0x00000396
        5355000	       534	80000fa4	019f9d93	slli	x27,x31,0x19	 x31:0x80009f5c x27=0xb8000000
        5365000	       535	80000fa8	00600593	addi	x11,x0,6	  x0:0x00000000 x11=0x00000006
        5375000	       536	80000fac	00d9e4b3	or	x9,x19,x13	 x19:0xffffffef x13:0xfffffaa8  x9=0xffffffef
        5385000	       537	80000fb0	005e7bb3	and	x23,x28,x5	 x28:0xfffffe0a  x5:0x00000000 x23=0x00000000
        5395000	       538	80000fb4	408682b3	sub	x5,x13,x8	 x13:0xfffffaa8  x8:0xfff14000  x5=0x000ebaa8
        5405000	       539	80000fb8	40bdd733	sra	x14,x27,x11	 x27:0xb8000000 x11:0x00000006 x14=0xfee00000
        5415000	       540	80000fbc	40ed5093	srai	x1,x26,0xe	 x26:0xfffffffe  x1=0xffffffff
        5425000	       541	80000fc0	8faa2013	slti	x0,x20,-1798	 x20:0xfffffcd1
        5435000	       542	80000fc4	002d0d13	addi	x26,x26,2	 x26:0xfffffffe x26=0x00000000
        5445000	       543	80000fc8	d8957b13	andi	x22,x10,-631	 x10:0xfffff968 x22=0xfffff908
        5455000	       544	80000fcc	566a7b93	andi	x23,x20,1382	 x20:0xfffffcd1 x23=0x00000440
        5465000	       545	80000fd0	c8813e93	sltiu	x29,x2,-888	  x2:0x0000000f x29=0x00000001
        5475000	       546	80000fd4	015feeb3	or	x29,x31,x21	 x31:0x80009f5c x21:0xa46c4000 x29=0xa46cdf5c
        5485000	       547	80000fd8	41e4d0b3	sra	x1,x9,x30	  x9:0xffffffef x30:0x00000000  x1=0xffffffef
        5495000	       548	80000fdc	fcbd1ae3	bne	x26,x11,80000fb0	 x26:0x00000000 x11:0x00000006
        5505000	       549	00000000	00000013	addi	x0,x0,0	  x0:0x00000000
        5515000	       550	80000fac	00000013	addi	x0,x0,0	  x0:0x00000000
        5525000	       551	80000fb0	005e7bb3	and	x23,x28,x5	 x28:0xfffffe0a  x5:0x000ebaa8 x23=0x000eba08
        5535000	       552	80000fb4	408682b3	sub	x5,x13,x8	 x13:0xfffffaa8  x8:0xfff14000  x5=0x000ebaa8
        5545000	       553	80000fb8	40bdd733	sra	x14,x27,x11	 x27:0xb8000000 x11:0x00000006 x14=0xfee00000
        5555000	       554	80000fbc	40ed5093	srai	x1,x26,0xe	 x26:0x00000000  x1=0x00000000
        5565000	       555	80000fc0	8faa2013	slti	x0,x20,-1798	 x20:0xfffffcd1
        5575000	       556	80000fc4	002d0d13	addi	x26,x26,2	 x26:0x00000000 x26=0x00000002
        5585000	       557	80000fc8	d8957b13	andi	x22,x10,-631	 x10:0xfffff968 x22=0xfffff908
        5595000	       558	80000fcc	566a7b93	andi	x23,x20,1382	 x20:0xfffffcd1 x23=0x00000440
        5605000	       559	80000fd0	c8813e93	sltiu	x29,x2,-888	  x2:0x0000000f x29=0x00000001
        5615000	       560	80000fd4	015feeb3	or	x29,x31,x21	 x31:0x80009f5c x21:0xa46c4000 x29=0xa46cdf5c
        5625000	       561	80000fd8	41e4d0b3	sra	x1,x9,x30	  x9:0xffffffef x30:0x00000000  x1=0xffffffef
        5635000	       562	80000fdc	fcbd1ae3	bne	x26,x11,80000fb0	 x26:0x00000002 x11:0x00000006
        5645000	       563	00000000	00000013	addi	x0,x0,0	  x0:0x00000000
        5655000	       564	80000fac	00000013	addi	x0,x0,0	  x0:0x00000000
        5665000	       565	80000fb0	005e7bb3	and	x23,x28,x5	 x28:0xfffffe0a  x5:0x000ebaa8 x23=0x000eba08
        5675000	       566	80000fb4	408682b3	sub	x5,x13,x8	 x13:0xfffffaa8  x8:0xfff14000  x5=0x000ebaa8
        5685000	       567	80000fb8	40bdd733	sra	x14,x27,x11	 x27:0xb8000000 x11:0x00000006 x14=0xfee00000
        5695000	       568	80000fbc	40ed5093	srai	x1,x26,0xe	 x26:0x00000002  x1=0x00000000
        5705000	       569	80000fc0	8faa2013	slti	x0,x20,-1798	 x20:0xfffffcd1
        5715000	       570	80000fc4	002d0d13	addi	x26,x26,2	 x26:0x00000002 x26=0x00000004
        5725000	       571	80000fc8	d8957b13	andi	x22,x10,-631	 x10:0xfffff968 x22=0xfffff908
        5735000	       572	80000fcc	566a7b93	andi	x23,x20,1382	 x20:0xfffffcd1 x23=0x00000440
        5745000	       573	80000fd0	c8813e93	sltiu	x29,x2,-888	  x2:0x0000000f x29=0x00000001
        5755000	       574	80000fd4	015feeb3	or	x29,x31,x21	 x31:0x80009f5c x21:0xa46c4000 x29=0xa46cdf5c
        5765000	       575	80000fd8	41e4d0b3	sra	x1,x9,x30	  x9:0xffffffef x30:0x00000000  x1=0xffffffef
        5775000	       576	80000fdc	fcbd1ae3	bne	x26,x11,80000fb0	 x26:0x00000004 x11:0x00000006
        5785000	       577	00000000	00000013	addi	x0,x0,0	  x0:0x00000000
        5795000	       578	80000fac	00000013	addi	x0,x0,0	  x0:0x00000000
        5805000	       579	80000fb0	005e7bb3	and	x23,x28,x5	 x28:0xfffffe0a  x5:0x000ebaa8 x23=0x000eba08
        5815000	       580	80000fb4	408682b3	sub	x5,x13,x8	 x13:0xfffffaa8  x8:0xfff14000  x5=0x000ebaa8
        5825000	       581	80000fb8	40bdd733	sra	x14,x27,x11	 x27:0xb8000000 x11:0x00000006 x14=0xfee00000
        5835000	       582	80000fbc	40ed5093	srai	x1,x26,0xe	 x26:0x00000004  x1=0x00000000
        5845000	       583	80000fc0	8faa2013	slti	x0,x20,-1798	 x20:0xfffffcd1
        5855000	       584	80000fc4	002d0d13	addi	x26,x26,2	 x26:0x00000004 x26=0x00000006
        5865000	       585	80000fc8	d8957b13	andi	x22,x10,-631	 x10:0xfffff968 x22=0xfffff908
        5875000	       586	80000fcc	566a7b93	andi	x23,x20,1382	 x20:0xfffffcd1 x23=0x00000440
        5885000	       587	80000fd0	c8813e93	sltiu	x29,x2,-888	  x2:0x0000000f x29=0x00000001
        5895000	       588	80000fd4	015feeb3	or	x29,x31,x21	 x31:0x80009f5c x21:0xa46c4000 x29=0xa46cdf5c
        5905000	       589	80000fd8	41e4d0b3	sra	x1,x9,x30	  x9:0xffffffef x30:0x00000000  x1=0xffffffef
        5915000	       590	80000fdc	fcbd1ae3	bne	x26,x11,80000fb0	 x26:0x00000006 x11:0x00000006
        5925000	       591	80000fe0	004f0db3	add	x27,x30,x4	 x30:0x00000000  x4:0x00000000 x27=0x00000000
        5935000	       592	80000fe4	f999dee3	bge	x19,x25,80000f80	 x19:0xffffffef x25:0xfffffff5
        5945000	       593	80000fe8	84077717	auipc	x14,0x84077	 x14=0x04077fe4
        5955000	       594	80000fec	00500213	addi	x4,x0,5	  x0:0x00000000  x4=0x00000005
        5965000	       595	80000ff0	00000013	addi	x0,x0,0	  x0:0x00000000
        5975000	       596	80000ff4	ffd00193	addi	x3,x0,-3	  x0:0x00000000  x3=0xfffffffd
        5985000	       597	80000ff8	014f6133	or	x2,x30,x20	 x30:0x00000000 x20:0xfffffcd1  x2=0xfffffcd1
        5995000	       598	80000ffc	ff820213	addi	x4,x4,-8	  x4:0x00000005  x4=0xfffffffd
        6005000	       599	80001000	00a6e4b3	or	x9,x13,x10	 x13:0xfffffaa8 x10:0xfffff968  x9=0xfffffbe8
        6015000	       600	80001004	ffa00613	addi	x12,x0,-6	  x0:0x00000000 x12=0xfffffffa
        6025000	       601	80001008	fed00d13	addi	x26,x0,-19	  x0:0x00000000 x26=0xffffffed
        6035000	       602	8000100c	404659b3	sra	x19,x12,x4	 x12:0xfffffffa  x4:0xfffffffd x19=0xffffffff
        6045000	       603	80001010	137f7a93	andi	x21,x30,311	 x30:0x00000000 x21=0x00000000
        6055000	       604	80001014	ff860613	addi	x12,x12,-8	 x12:0xfffffffa x12=0xfffffff2
        6065000	       605	80001018	ffa65ce3	bge	x12,x26,80001010	 x12:0xfffffff2 x26:0xffffffed
        6075000	       606	00000000	00000013	addi	x0,x0,0	  x0:0x00000000
        6085000	       607	8000100c	00000013	addi	x0,x0,0	  x0:0x00000000
        6095000	       608	80001010	137f7a93	andi	x21,x30,311	 x30:0x00000000 x21=0x00000000
        6105000	       609	80001014	ff860613	addi	x12,x12,-8	 x12:0xfffffff2 x12=0xffffffea
        6115000	       610	80001018	ffa65ce3	bge	x12,x26,80001010	 x12:0xffffffea x26:0xffffffed
        6125000	       611	8000101c	41fe0333	sub	x6,x28,x31	 x28:0xfffffe0a x31:0x80009f5c  x6=0x7fff5eae
        6135000	       612	80001020	fc320ce3	beq	x4,x3,80000ff8	  x4:0xfffffffd  x3:0xfffffffd
        6145000	       613	00000000	00000013	addi	x0,x0,0	  x0:0x00000000
        6155000	       614	80000ff4	00000013	addi	x0,x0,0	  x0:0x00000000
        6165000	       615	80000ff8	014f6133	or	x2,x30,x20	 x30:0x00000000 x20:0xfffffcd1  x2=0xfffffcd1
        6175000	       616	80000ffc	ff820213	addi	x4,x4,-8	  x4:0xfffffffd  x4=0xfffffff5
        6185000	       617	80001000	00a6e4b3	or	x9,x13,x10	 x13:0xfffffaa8 x10:0xfffff968  x9=0xfffffbe8
        6195000	       618	80001004	ffa00613	addi	x12,x0,-6	  x0:0x00000000 x12=0xfffffffa
        6205000	       619	80001008	fed00d13	addi	x26,x0,-19	  x0:0x00000000 x26=0xffffffed
        6215000	       620	8000100c	404659b3	sra	x19,x12,x4	 x12:0xfffffffa  x4:0xfffffff5 x19=0xffffffff
        6225000	       621	80001010	137f7a93	andi	x21,x30,311	 x30:0x00000000 x21=0x00000000
        6235000	       622	80001014	ff860613	addi	x12,x12,-8	 x12:0xfffffffa x12=0xfffffff2
        6245000	       623	80001018	ffa65ce3	bge	x12,x26,80001010	 x12:0xfffffff2 x26:0xffffffed
        6255000	       624	00000000	00000013	addi	x0,x0,0	  x0:0x00000000
        6265000	       625	8000100c	00000013	addi	x0,x0,0	  x0:0x00000000
        6275000	       626	80001010	137f7a93	andi	x21,x30,311	 x30:0x00000000 x21=0x00000000
        6285000	       627	80001014	ff860613	addi	x12,x12,-8	 x12:0xfffffff2 x12=0xffffffea
        6295000	       628	80001018	ffa65ce3	bge	x12,x26,80001010	 x12:0xffffffea x26:0xffffffed
        6305000	       629	8000101c	41fe0333	sub	x6,x28,x31	 x28:0xfffffe0a x31:0x80009f5c  x6=0x7fff5eae
        6315000	       630	80001020	fc320ce3	beq	x4,x3,80000ff8	  x4:0xfffffff5  x3:0xfffffffd
        6325000	       631	80001024	008156b3	srl	x13,x2,x8	  x2:0xfffffcd1  x8:0xfff14000 x13=0xfffffcd1
        6335000	       632	80001028	ffa00513	addi	x10,x0,-6	  x0:0x00000000 x10=0xfffffffa
        6345000	       633	8000102c	5cce3293	sltiu	x5,x28,1484	 x28:0xfffffe0a  x5=0x00000000
        6355000	       634	80001030	016e06b3	add	x13,x28,x22	 x28:0xfffffe0a x22:0xfffff908 x13=0xfffff712
        6365000	       635	80001034	c66a3413	sltiu	x8,x20,-922	 x20:0xfffffcd1  x8=0x00000000
        6375000	       636	80001038	fff00993	addi	x19,x0,-1	  x0:0x00000000 x19=0xffffffff
        6385000	       637	8000103c	de38f693	andi	x13,x17,-541	 x17:0x00000000 x13=0x00000000
        6395000	       638	80001040	00eb7b33	and	x22,x22,x14	 x22:0xfffff908 x14:0x04077fe4 x22=0x04077900
        6405000	       639	80001044	575ccc93	xori	x25,x25,1397	 x25:0xfffffff5 x25=0xfffffa80
        6415000	       640	80001048	00350513	addi	x10,x10,3	 x10:0xfffffffa x10=0xfffffffd
        6425000	       641	8000104c	7347a013	slti	x0,x15,1844	 x15:0x80000f1c
        6435000	       642	80001050	85c13293	sltiu	x5,x2,-1956	  x2:0xfffffcd1  x5=0x00000000
        6445000	       643	80001054	268862b7	lui	x5,0x26886	  x5=0x26886000
        6455000	       644	80001058	00eaa4b3	slt	x9,x21,x14	 x21:0x00000000 x14:0x04077fe4  x9=0x00000001
        6465000	       645	8000105c	00300313	addi	x6,x0,3	  x0:0x00000000  x6=0x00000003
        6475000	       646	80001060	01d99633	sll	x12,x19,x29	 x19:0xffffffff x29:0xa46cdf5c x12=0xf0000000
        6485000	       647	80001064	4024d833	sra	x16,x9,x2	  x9:0x00000001  x2:0xfffffcd1 x16=0x00000000
        6495000	       648	80001068	00e00a13	addi	x20,x0,14	  x0:0x00000000 x20=0x0000000e
        6505000	       649	8000106c	1b0ba013	slti	x0,x23,432	 x23:0x00000440
        6515000	       650	80001070	7a1e7413	andi	x8,x28,1953	 x28:0xfffffe0a  x8=0x00000600
        6525000	       651	80001074	00027e33	and	x28,x4,x0	  x4:0xfffffff5  x0:0x00000000 x28=0x00000000
        6535000	       652	80001078	00a30313	addi	x6,x6,10	  x6:0x00000003  x6=0x0000000d
        6545000	       653	8000107c	ff4368e3	bltu	x6,x20,8000106c	  x6:0x0000000d x20:0x0000000e
        6555000	       654	00000000	00000013	addi	x0,x0,0	  x0:0x00000000
        6565000	       655	80001068	00000013	addi	x0,x0,0	  x0:0x00000000
        6575000	       656	8000106c	1b0ba013	slti	x0,x23,432	 x23:0x00000440
        6585000	       657	80001070	7a1e7413	andi	x8,x28,1953	 x28:0x00000000  x8=0x00000000
        6595000	       658	80001074	00027e33	and	x28,x4,x0	  x4:0xfffffff5  x0:0x00000000 x28=0x00000000
        6605000	       659	80001078	00a30313	addi	x6,x6,10	  x6:0x0000000d  x6=0x00000017
        6615000	       660	8000107c	ff4368e3	bltu	x6,x20,8000106c	  x6:0x00000017 x20:0x0000000e
        6625000	       661	80001080	d5b48b17	auipc	x22,0xd5b48	 x22=0x55b4907c
        6635000	       662	80001084	01d0b433	sltu	x8,x1,x29	  x1:0xffffffef x29:0xa46cdf5c  x8=0x00000000
        6645000	       663	80001088	00000013	addi	x0,x0,0	  x0:0x00000000
        6655000	       664	8000108c	00c2e1b3	or	x3,x5,x12	  x5:0x26886000 x12:0xf0000000  x3=0xf6886000
        6665000	       665	80001090	010f5d13	srli	x26,x30,0x10	 x30:0x00000000 x26=0x00000000
        6675000	       666	80001094	fb3548e3	blt	x10,x19,80001044	 x10:0xfffffffd x19:0xffffffff
        6685000	       667	00000000	00000013	addi	x0,x0,0	  x0:0x00000000
        6695000	       668	80001040	00000013	addi	x0,x0,0	  x0:0x00000000
        6705000	       669	80001044	575ccc93	xori	x25,x25,1397	 x25:0xfffffa80 x25=0xfffffff5
        6715000	       670	80001048	00350513	addi	x10,x10,3	 x10:0xfffffffd x10=0x00000000
        6725000	       671	8000104c	7347a013	slti	x0,x15,1844	 x15:0x80000f1c
        6735000	       672	80001050	85c13293	sltiu	x5,x2,-1956	  x2:0xfffffcd1  x5=0x00000000
        6745000	       673	80001054	268862b7	lui	x5,0x26886	  x5=0x26886000
        6755000	       674	80001058	00eaa4b3	slt	x9,x21,x14	 x21:0x00000000 x14:0x04077fe4  x9=0x00000001
        6765000	       675	8000105c	00300313	addi	x6,x0,3	  x0:0x00000000  x6=0x00000003
        6775000	       676	80001060	01d99633	sll	x12,x19,x29	 x19:0xffffffff x29:0xa46cdf5c x12=0xf0000000
        6785000	       677	80001064	4024d833	sra	x16,x9,x2	  x9:0x00000001  x2:0xfffffcd1 x16=0x00000000
        6795000	       678	80001068	00e00a13	addi	x20,x0,14	  x0:0x00000000 x20=0x0000000e
        6805000	       679	8000106c	1b0ba013	slti	x0,x23,432	 x23:0x00000440
        6815000	       680	80001070	7a1e7413	andi	x8,x28,1953	 x28:0x00000000  x8=0x00000000
        6825000	       681	80001074	00027e33	and	x28,x4,x0	  x4:0xfffffff5  x0:0x00000000 x28=0x00000000
        6835000	       682	80001078	00a30313	addi	x6,x6,10	  x6:0x00000003  x6=0x0000000d
        6845000	       683	8000107c	ff4368e3	bltu	x6,x20,8000106c	  x6:0x0000000d x20:0x0000000e
        6855000	       684	00000000	00000013	addi	x0,x0,0	  x0:0x00000000
        6865000	       685	80001068	00000013	addi	x0,x0,0	  x0:0x00000000
        6875000	       686	8000106c	1b0ba013	slti	x0,x23,432	 x23:0x00000440
        6885000	       687	80001070	7a1e7413	andi	x8,x28,1953	 x28:0x00000000  x8=0x00000000
        6895000	       688	80001074	00027e33	and	x28,x4,x0	  x4:0xfffffff5  x0:0x00000000 x28=0x00000000
        6905000	       689	80001078	00a30313	addi	x6,x6,10	  x6:0x0000000d  x6=0x00000017
        6915000	       690	8000107c	ff4368e3	bltu	x6,x20,8000106c	  x6:0x00000017 x20:0x0000000e
        6925000	       691	80001080	d5b48b17	auipc	x22,0xd5b48	 x22=0x55b4907c
        6935000	       692	80001084	01d0b433	sltu	x8,x1,x29	  x1:0xffffffef x29:0xa46cdf5c  x8=0x00000000
        6945000	       693	80001088	00000013	addi	x0,x0,0	  x0:0x00000000
        6955000	       694	8000108c	00c2e1b3	or	x3,x5,x12	  x5:0x26886000 x12:0xf0000000  x3=0xf6886000
        6965000	       695	80001090	010f5d13	srli	x26,x30,0x10	 x30:0x00000000 x26=0x00000000
        6975000	       696	80001094	fb3548e3	blt	x10,x19,80001044	 x10:0x00000000 x19:0xffffffff
        6985000	       697	80001098	c36de593	ori	x11,x27,-970	 x27:0x00000000 x11=0xfffffc36
        6995000	       698	8000109c	00a00293	addi	x5,x0,10	  x0:0x00000000  x5=0x0000000a
        7005000	       699	800010a0	01fa0933	add	x18,x20,x31	 x20:0x0000000e x31:0x80009f5c x18=0x80009f6a
        7015000	       700	800010a4	ff800793	addi	x15,x0,-8	  x0:0x00000000 x15=0xfffffff8
        7025000	       701	800010a8	0156cd33	xor	x26,x13,x21	 x13:0x00000000 x21:0x00000000 x26=0x00000000
        7035000	       702	800010ac	ffe28293	addi	x5,x5,-2	  x5:0x0000000a  x5=0x00000008
        7045000	       703	800010b0	fef2dce3	bge	x5,x15,800010a8	  x5:0x00000008 x15:0xfffffff8
        7055000	       704	00000000	00000013	addi	x0,x0,0	  x0:0x00000000
        7065000	       705	800010a4	00000013	addi	x0,x0,0	  x0:0x00000000
        7075000	       706	800010a8	0156cd33	xor	x26,x13,x21	 x13:0x00000000 x21:0x00000000 x26=0x00000000
        7085000	       707	800010ac	ffe28293	addi	x5,x5,-2	  x5:0x00000008  x5=0x00000006
        7095000	       708	800010b0	fef2dce3	bge	x5,x15,800010a8	  x5:0x00000006 x15:0xfffffff8
        7105000	       709	00000000	00000013	addi	x0,x0,0	  x0:0x00000000
        7115000	       710	800010a4	00000013	addi	x0,x0,0	  x0:0x00000000
        7125000	       711	800010a8	0156cd33	xor	x26,x13,x21	 x13:0x00000000 x21:0x00000000 x26=0x00000000
        7135000	       712	800010ac	ffe28293	addi	x5,x5,-2	  x5:0x00000006  x5=0x00000004
        7145000	       713	800010b0	fef2dce3	bge	x5,x15,800010a8	  x5:0x00000004 x15:0xfffffff8
        7155000	       714	00000000	00000013	addi	x0,x0,0	  x0:0x00000000
        7165000	       715	800010a4	00000013	addi	x0,x0,0	  x0:0x00000000
        7175000	       716	800010a8	0156cd33	xor	x26,x13,x21	 x13:0x00000000 x21:0x00000000 x26=0x00000000
        7185000	       717	800010ac	ffe28293	addi	x5,x5,-2	  x5:0x00000004  x5=0x00000002
        7195000	       718	800010b0	fef2dce3	bge	x5,x15,800010a8	  x5:0x00000002 x15:0xfffffff8
        7205000	       719	00000000	00000013	addi	x0,x0,0	  x0:0x00000000
        7215000	       720	800010a4	00000013	addi	x0,x0,0	  x0:0x00000000
        7225000	       721	800010a8	0156cd33	xor	x26,x13,x21	 x13:0x00000000 x21:0x00000000 x26=0x00000000
        7235000	       722	800010ac	ffe28293	addi	x5,x5,-2	  x5:0x00000002  x5=0x00000000
        7245000	       723	800010b0	fef2dce3	bge	x5,x15,800010a8	  x5:0x00000000 x15:0xfffffff8
        7255000	       724	00000000	00000013	addi	x0,x0,0	  x0:0x00000000
        7265000	       725	800010a4	00000013	addi	x0,x0,0	  x0:0x00000000
        7275000	       726	800010a8	0156cd33	xor	x26,x13,x21	 x13:0x00000000 x21:0x00000000 x26=0x00000000
        7285000	       727	800010ac	ffe28293	addi	x5,x5,-2	  x5:0x00000000  x5=0xfffffffe
        7295000	       728	800010b0	fef2dce3	bge	x5,x15,800010a8	  x5:0xfffffffe x15:0xfffffff8
        7305000	       729	00000000	00000013	addi	x0,x0,0	  x0:0x00000000
        7315000	       730	800010a4	00000013	addi	x0,x0,0	  x0:0x00000000
        7325000	       731	800010a8	0156cd33	xor	x26,x13,x21	 x13:0x00000000 x21:0x00000000 x26=0x00000000
        7335000	       732	800010ac	ffe28293	addi	x5,x5,-2	  x5:0xfffffffe  x5=0xfffffffc
        7345000	       733	800010b0	fef2dce3	bge	x5,x15,800010a8	  x5:0xfffffffc x15:0xfffffff8
        7355000	       734	00000000	00000013	addi	x0,x0,0	  x0:0x00000000
        7365000	       735	800010a4	00000013	addi	x0,x0,0	  x0:0x00000000
        7375000	       736	800010a8	0156cd33	xor	x26,x13,x21	 x13:0x00000000 x21:0x00000000 x26=0x00000000
        7385000	       737	800010ac	ffe28293	addi	x5,x5,-2	  x5:0xfffffffc  x5=0xfffffffa
        7395000	       738	800010b0	fef2dce3	bge	x5,x15,800010a8	  x5:0xfffffffa x15:0xfffffff8
        7405000	       739	00000000	00000013	addi	x0,x0,0	  x0:0x00000000
        7415000	       740	800010a4	00000013	addi	x0,x0,0	  x0:0x00000000
        7425000	       741	800010a8	0156cd33	xor	x26,x13,x21	 x13:0x00000000 x21:0x00000000 x26=0x00000000
        7435000	       742	800010ac	ffe28293	addi	x5,x5,-2	  x5:0xfffffffa  x5=0xfffffff8
        7445000	       743	800010b0	fef2dce3	bge	x5,x15,800010a8	  x5:0xfffffff8 x15:0xfffffff8
        7455000	       744	00000000	00000013	addi	x0,x0,0	  x0:0x00000000
        7465000	       745	800010a4	00000013	addi	x0,x0,0	  x0:0x00000000
        7475000	       746	800010a8	0156cd33	xor	x26,x13,x21	 x13:0x00000000 x21:0x00000000 x26=0x00000000
        7485000	       747	800010ac	ffe28293	addi	x5,x5,-2	  x5:0xfffffff8  x5=0xfffffff6
        7495000	       748	800010b0	fef2dce3	bge	x5,x15,800010a8	  x5:0xfffffff6 x15:0xfffffff8
        7505000	       749	800010b4	63812e93	slti	x29,x2,1592	  x2:0xfffffcd1 x29=0x00000001
        7515000	       750	800010b8	ffe00b13	addi	x22,x0,-2	  x0:0x00000000 x22=0xfffffffe
        7525000	       751	800010bc	00f00813	addi	x16,x0,15	  x0:0x00000000 x16=0x0000000f
        7535000	       752	800010c0	a6e76193	ori	x3,x14,-1426	 x14:0x04077fe4  x3=0xffffffee
        7545000	       753	800010c4	005b0b13	addi	x22,x22,5	 x22:0xfffffffe x22=0x00000003
        7555000	       754	800010c8	01de31b3	sltu	x3,x28,x29	 x28:0x00000000 x29:0x00000001  x3=0x00000001
        7565000	       755	800010cc	00800793	addi	x15,x0,8	  x0:0x00000000 x15=0x00000008
        7575000	       756	800010d0	00a00b93	addi	x23,x0,10	  x0:0x00000000 x23=0x0000000a
        7585000	       757	800010d4	00942d33	slt	x26,x8,x9	  x8:0x00000000  x9:0x00000001 x26=0x00000001
        7595000	       758	800010d8	00178793	addi	x15,x15,1	 x15:0x00000008 x15=0x00000009
        7605000	       759	800010dc	e09bb893	sltiu	x17,x23,-503	 x23:0x0000000a x17=0x00000001
        7615000	       760	800010e0	ff77eae3	bltu	x15,x23,800010d4	 x15:0x00000009 x23:0x0000000a
        7625000	       761	00000000	00000013	addi	x0,x0,0	  x0:0x00000000
        7635000	       762	800010d0	00000013	addi	x0,x0,0	  x0:0x00000000
        7645000	       763	800010d4	00942d33	slt	x26,x8,x9	  x8:0x00000000  x9:0x00000001 x26=0x00000001
        7655000	       764	800010d8	00178793	addi	x15,x15,1	 x15:0x00000009 x15=0x0000000a
        7665000	       765	800010dc	e09bb893	sltiu	x17,x23,-503	 x23:0x0000000a x17=0x00000001
        7675000	       766	800010e0	ff77eae3	bltu	x15,x23,800010d4	 x15:0x0000000a x23:0x0000000a
        7685000	       767	800010e4	fd0b4ee3	blt	x22,x16,800010c0	 x22:0x00000003 x16:0x0000000f
        7695000	       768	00000000	00000013	addi	x0,x0,0	  x0:0x00000000
        7705000	       769	800010bc	00000013	addi	x0,x0,0	  x0:0x00000000
        7715000	       770	800010c0	a6e76193	ori	x3,x14,-1426	 x14:0x04077fe4  x3=0xffffffee
        7725000	       771	800010c4	005b0b13	addi	x22,x22,5	 x22:0x00000003 x22=0x00000008
        7735000	       772	800010c8	01de31b3	sltu	x3,x28,x29	 x28:0x00000000 x29:0x00000001  x3=0x00000001
        7745000	       773	800010cc	00800793	addi	x15,x0,8	  x0:0x00000000 x15=0x00000008
        7755000	       774	800010d0	00a00b93	addi	x23,x0,10	  x0:0x00000000 x23=0x0000000a
        7765000	       775	800010d4	00942d33	slt	x26,x8,x9	  x8:0x00000000  x9:0x00000001 x26=0x00000001
        7775000	       776	800010d8	00178793	addi	x15,x15,1	 x15:0x00000008 x15=0x00000009
        7785000	       777	800010dc	e09bb893	sltiu	x17,x23,-503	 x23:0x0000000a x17=0x00000001
        7795000	       778	800010e0	ff77eae3	bltu	x15,x23,800010d4	 x15:0x00000009 x23:0x0000000a
        7805000	       779	00000000	00000013	addi	x0,x0,0	  x0:0x00000000
        7815000	       780	800010d0	00000013	addi	x0,x0,0	  x0:0x00000000
        7825000	       781	800010d4	00942d33	slt	x26,x8,x9	  x8:0x00000000  x9:0x00000001 x26=0x00000001
        7835000	       782	800010d8	00178793	addi	x15,x15,1	 x15:0x00000009 x15=0x0000000a
        7845000	       783	800010dc	e09bb893	sltiu	x17,x23,-503	 x23:0x0000000a x17=0x00000001
        7855000	       784	800010e0	ff77eae3	bltu	x15,x23,800010d4	 x15:0x0000000a x23:0x0000000a
        7865000	       785	800010e4	fd0b4ee3	blt	x22,x16,800010c0	 x22:0x00000008 x16:0x0000000f
        7875000	       786	00000000	00000013	addi	x0,x0,0	  x0:0x00000000
        7885000	       787	800010bc	00000013	addi	x0,x0,0	  x0:0x00000000
        7895000	       788	800010c0	a6e76193	ori	x3,x14,-1426	 x14:0x04077fe4  x3=0xffffffee
        7905000	       789	800010c4	005b0b13	addi	x22,x22,5	 x22:0x00000008 x22=0x0000000d
        7915000	       790	800010c8	01de31b3	sltu	x3,x28,x29	 x28:0x00000000 x29:0x00000001  x3=0x00000001
        7925000	       791	800010cc	00800793	addi	x15,x0,8	  x0:0x00000000 x15=0x00000008
        7935000	       792	800010d0	00a00b93	addi	x23,x0,10	  x0:0x00000000 x23=0x0000000a
        7945000	       793	800010d4	00942d33	slt	x26,x8,x9	  x8:0x00000000  x9:0x00000001 x26=0x00000001
        7955000	       794	800010d8	00178793	addi	x15,x15,1	 x15:0x00000008 x15=0x00000009
        7965000	       795	800010dc	e09bb893	sltiu	x17,x23,-503	 x23:0x0000000a x17=0x00000001
        7975000	       796	800010e0	ff77eae3	bltu	x15,x23,800010d4	 x15:0x00000009 x23:0x0000000a
        7985000	       797	00000000	00000013	addi	x0,x0,0	  x0:0x00000000
        7995000	       798	800010d0	00000013	addi	x0,x0,0	  x0:0x00000000
        8005000	       799	800010d4	00942d33	slt	x26,x8,x9	  x8:0x00000000  x9:0x00000001 x26=0x00000001
        8015000	       800	800010d8	00178793	addi	x15,x15,1	 x15:0x00000009 x15=0x0000000a
        8025000	       801	800010dc	e09bb893	sltiu	x17,x23,-503	 x23:0x0000000a x17=0x00000001
        8035000	       802	800010e0	ff77eae3	bltu	x15,x23,800010d4	 x15:0x0000000a x23:0x0000000a
        8045000	       803	800010e4	fd0b4ee3	blt	x22,x16,800010c0	 x22:0x0000000d x16:0x0000000f
        8055000	       804	00000000	00000013	addi	x0,x0,0	  x0:0x00000000
        8065000	       805	800010bc	00000013	addi	x0,x0,0	  x0:0x00000000
        8075000	       806	800010c0	a6e76193	ori	x3,x14,-1426	 x14:0x04077fe4  x3=0xffffffee
        8085000	       807	800010c4	005b0b13	addi	x22,x22,5	 x22:0x0000000d x22=0x00000012
        8095000	       808	800010c8	01de31b3	sltu	x3,x28,x29	 x28:0x00000000 x29:0x00000001  x3=0x00000001
        8105000	       809	800010cc	00800793	addi	x15,x0,8	  x0:0x00000000 x15=0x00000008
        8115000	       810	800010d0	00a00b93	addi	x23,x0,10	  x0:0x00000000 x23=0x0000000a
        8125000	       811	800010d4	00942d33	slt	x26,x8,x9	  x8:0x00000000  x9:0x00000001 x26=0x00000001
        8135000	       812	800010d8	00178793	addi	x15,x15,1	 x15:0x00000008 x15=0x00000009
        8145000	       813	800010dc	e09bb893	sltiu	x17,x23,-503	 x23:0x0000000a x17=0x00000001
        8155000	       814	800010e0	ff77eae3	bltu	x15,x23,800010d4	 x15:0x00000009 x23:0x0000000a
        8165000	       815	00000000	00000013	addi	x0,x0,0	  x0:0x00000000
        8175000	       816	800010d0	00000013	addi	x0,x0,0	  x0:0x00000000
        8185000	       817	800010d4	00942d33	slt	x26,x8,x9	  x8:0x00000000  x9:0x00000001 x26=0x00000001
        8195000	       818	800010d8	00178793	addi	x15,x15,1	 x15:0x00000009 x15=0x0000000a
        8205000	       819	800010dc	e09bb893	sltiu	x17,x23,-503	 x23:0x0000000a x17=0x00000001
        8215000	       820	800010e0	ff77eae3	bltu	x15,x23,800010d4	 x15:0x0000000a x23:0x0000000a
        8225000	       821	800010e4	fd0b4ee3	blt	x22,x16,800010c0	 x22:0x00000012 x16:0x0000000f
        8235000	       822	800010e8	000d59b3	srl	x19,x26,x0	 x26:0x00000001  x0:0x00000000 x19=0x00000001
        8245000	       823	800010ec	00000293	addi	x5,x0,0	  x0:0x00000000  x5=0x00000000
        8255000	       824	800010f0	004a9633	sll	x12,x21,x4	 x21:0x00000000  x4:0xfffffff5 x12=0x00000000
        8265000	       825	800010f4	b40c7e93	andi	x29,x24,-1216	 x24:0x80000000 x29=0x80000000
        8275000	       826	800010f8	a8077113	andi	x2,x14,-1408	 x14:0x04077fe4  x2=0x04077a80
        8285000	       827	800010fc	00000013	addi	x0,x0,0	  x0:0x00000000
        8295000	       828	80001100	ff400e13	addi	x28,x0,-12	  x0:0x00000000 x28=0xfffffff4
        8305000	       829	80001104	01ca2db3	slt	x27,x20,x28	 x20:0x0000000e x28:0xfffffff4 x27=0x00000000
        8315000	       830	80001108	4055d093	srai	x1,x11,0x5	 x11:0xfffffc36  x1=0xffffffe1
        8325000	       831	8000110c	dc4f6b13	ori	x22,x30,-572	 x30:0x00000000 x22=0xfffffdc4
        8335000	       832	80001110	ffd28293	addi	x5,x5,-3	  x5:0x00000000  x5=0xfffffffd
        8345000	       833	80001114	00800913	addi	x18,x0,8	  x0:0x00000000 x18=0x00000008
        8355000	       834	80001118	01618333	add	x6,x3,x22	  x3:0x00000001 x22:0xfffffdc4  x6=0xfffffdc5
        8365000	       835	8000111c	a8f27037	lui	x0,0xa8f27	
        8375000	       836	80001120	00400693	addi	x13,x0,4	  x0:0x00000000 x13=0x00000004
        8385000	       837	80001124	00e94033	xor	x0,x18,x14	 x18:0x00000008 x14:0x04077fe4
        8395000	       838	80001128	40cdd113	srai	x2,x27,0xc	 x27:0x00000000  x2=0x00000000
        8405000	       839	8000112c	003e7d93	andi	x27,x28,3	 x28:0xfffffff4 x27=0x00000000
        8415000	       840	80001130	00340b33	add	x22,x8,x3	  x8:0x00000000  x3:0x00000001 x22=0x00000001
        8425000	       841	80001134	cbfee993	ori	x19,x29,-833	 x29:0x80000000 x19=0xfffffcbf
        8435000	       842	80001138	ffe90913	addi	x18,x18,-2	 x18:0x00000008 x18=0x00000006
        8445000	       843	8000113c	002d9993	slli	x19,x27,0x2	 x27:0x00000000 x19=0x00000000
        8455000	       844	80001140	01971e93	slli	x29,x14,0x19	 x14:0x04077fe4 x29=0xc8000000
        8465000	       845	80001144	019c5013	srli	x0,x24,0x19	 x24:0x80000000
        8475000	       846	80001148	6da87cb7	lui	x25,0x6da87	 x25=0x6da87000
        8485000	       847	8000114c	fed972e3	bgeu	x18,x13,80001130	 x18:0x00000006 x13:0x00000004
        8495000	       848	00000000	00000013	addi	x0,x0,0	  x0:0x00000000
        8505000	       849	8000112c	00000013	addi	x0,x0,0	  x0:0x00000000
        8515000	       850	80001130	00340b33	add	x22,x8,x3	  x8:0x00000000  x3:0x00000001 x22=0x00000001
        8525000	       851	80001134	cbfee993	ori	x19,x29,-833	 x29:0xc8000000 x19=0xfffffcbf
        8535000	       852	80001138	ffe90913	addi	x18,x18,-2	 x18:0x00000006 x18=0x00000004
        8545000	       853	8000113c	002d9993	slli	x19,x27,0x2	 x27:0x00000000 x19=0x00000000
        8555000	       854	80001140	01971e93	slli	x29,x14,0x19	 x14:0x04077fe4 x29=0xc8000000
        8565000	       855	80001144	019c5013	srli	x0,x24,0x19	 x24:0x80000000
        8575000	       856	80001148	6da87cb7	lui	x25,0x6da87	 x25=0x6da87000
        8585000	       857	8000114c	fed972e3	bgeu	x18,x13,80001130	 x18:0x00000004 x13:0x00000004
        8595000	       858	00000000	00000013	addi	x0,x0,0	  x0:0x00000000
        8605000	       859	8000112c	00000013	addi	x0,x0,0	  x0:0x00000000
        8615000	       860	80001130	00340b33	add	x22,x8,x3	  x8:0x00000000  x3:0x00000001 x22=0x00000001
        8625000	       861	80001134	cbfee993	ori	x19,x29,-833	 x29:0xc8000000 x19=0xfffffcbf
        8635000	       862	80001138	ffe90913	addi	x18,x18,-2	 x18:0x00000004 x18=0x00000002
        8645000	       863	8000113c	002d9993	slli	x19,x27,0x2	 x27:0x00000000 x19=0x00000000
        8655000	       864	80001140	01971e93	slli	x29,x14,0x19	 x14:0x04077fe4 x29=0xc8000000
        8665000	       865	80001144	019c5013	srli	x0,x24,0x19	 x24:0x80000000
        8675000	       866	80001148	6da87cb7	lui	x25,0x6da87	 x25=0x6da87000
        8685000	       867	8000114c	fed972e3	bgeu	x18,x13,80001130	 x18:0x00000002 x13:0x00000004
        8695000	       868	80001150	01914233	xor	x4,x2,x25	  x2:0x00000000 x25:0x6da87000  x4=0x6da87000
        8705000	       869	80001154	fbc298e3	bne	x5,x28,80001104	  x5:0xfffffffd x28:0xfffffff4
        8715000	       870	00000000	00000013	addi	x0,x0,0	  x0:0x00000000
        8725000	       871	80001100	00000013	addi	x0,x0,0	  x0:0x00000000
        8735000	       872	80001104	01ca2db3	slt	x27,x20,x28	 x20:0x0000000e x28:0xfffffff4 x27=0x00000000
        8745000	       873	80001108	4055d093	srai	x1,x11,0x5	 x11:0xfffffc36  x1=0xffffffe1
        8755000	       874	8000110c	dc4f6b13	ori	x22,x30,-572	 x30:0x00000000 x22=0xfffffdc4
        8765000	       875	80001110	ffd28293	addi	x5,x5,-3	  x5:0xfffffffd  x5=0xfffffffa
        8775000	       876	80001114	00800913	addi	x18,x0,8	  x0:0x00000000 x18=0x00000008
        8785000	       877	80001118	01618333	add	x6,x3,x22	  x3:0x00000001 x22:0xfffffdc4  x6=0xfffffdc5
        8795000	       878	8000111c	a8f27037	lui	x0,0xa8f27	
        8805000	       879	80001120	00400693	addi	x13,x0,4	  x0:0x00000000 x13=0x00000004
        8815000	       880	80001124	00e94033	xor	x0,x18,x14	 x18:0x00000008 x14:0x04077fe4
        8825000	       881	80001128	40cdd113	srai	x2,x27,0xc	 x27:0x00000000  x2=0x00000000
        8835000	       882	8000112c	003e7d93	andi	x27,x28,3	 x28:0xfffffff4 x27=0x00000000
        8845000	       883	80001130	00340b33	add	x22,x8,x3	  x8:0x00000000  x3:0x00000001 x22=0x00000001
        8855000	       884	80001134	cbfee993	ori	x19,x29,-833	 x29:0xc8000000 x19=0xfffffcbf
        8865000	       885	80001138	ffe90913	addi	x18,x18,-2	 x18:0x00000008 x18=0x00000006
        8875000	       886	8000113c	002d9993	slli	x19,x27,0x2	 x27:0x00000000 x19=0x00000000
        8885000	       887	80001140	01971e93	slli	x29,x14,0x19	 x14:0x04077fe4 x29=0xc8000000
        8895000	       888	80001144	019c5013	srli	x0,x24,0x19	 x24:0x80000000
        8905000	       889	80001148	6da87cb7	lui	x25,0x6da87	 x25=0x6da87000
        8915000	       890	8000114c	fed972e3	bgeu	x18,x13,80001130	 x18:0x00000006 x13:0x00000004
        8925000	       891	00000000	00000013	addi	x0,x0,0	  x0:0x00000000
        8935000	       892	8000112c	00000013	addi	x0,x0,0	  x0:0x00000000
        8945000	       893	80001130	00340b33	add	x22,x8,x3	  x8:0x00000000  x3:0x00000001 x22=0x00000001
        8955000	       894	80001134	cbfee993	ori	x19,x29,-833	 x29:0xc8000000 x19=0xfffffcbf
        8965000	       895	80001138	ffe90913	addi	x18,x18,-2	 x18:0x00000006 x18=0x00000004
        8975000	       896	8000113c	002d9993	slli	x19,x27,0x2	 x27:0x00000000 x19=0x00000000
        8985000	       897	80001140	01971e93	slli	x29,x14,0x19	 x14:0x04077fe4 x29=0xc8000000
        8995000	       898	80001144	019c5013	srli	x0,x24,0x19	 x24:0x80000000
        9005000	       899	80001148	6da87cb7	lui	x25,0x6da87	 x25=0x6da87000
        9015000	       900	8000114c	fed972e3	bgeu	x18,x13,80001130	 x18:0x00000004 x13:0x00000004
        9025000	       901	00000000	00000013	addi	x0,x0,0	  x0:0x00000000
        9035000	       902	8000112c	00000013	addi	x0,x0,0	  x0:0x00000000
        9045000	       903	80001130	00340b33	add	x22,x8,x3	  x8:0x00000000  x3:0x00000001 x22=0x00000001
        9055000	       904	80001134	cbfee993	ori	x19,x29,-833	 x29:0xc8000000 x19=0xfffffcbf
        9065000	       905	80001138	ffe90913	addi	x18,x18,-2	 x18:0x00000004 x18=0x00000002
        9075000	       906	8000113c	002d9993	slli	x19,x27,0x2	 x27:0x00000000 x19=0x00000000
        9085000	       907	80001140	01971e93	slli	x29,x14,0x19	 x14:0x04077fe4 x29=0xc8000000
        9095000	       908	80001144	019c5013	srli	x0,x24,0x19	 x24:0x80000000
        9105000	       909	80001148	6da87cb7	lui	x25,0x6da87	 x25=0x6da87000
        9115000	       910	8000114c	fed972e3	bgeu	x18,x13,80001130	 x18:0x00000002 x13:0x00000004
        9125000	       911	80001150	01914233	xor	x4,x2,x25	  x2:0x00000000 x25:0x6da87000  x4=0x6da87000
        9135000	       912	80001154	fbc298e3	bne	x5,x28,80001104	  x5:0xfffffffa x28:0xfffffff4
        9145000	       913	00000000	00000013	addi	x0,x0,0	  x0:0x00000000
        9155000	       914	80001100	00000013	addi	x0,x0,0	  x0:0x00000000
        9165000	       915	80001104	01ca2db3	slt	x27,x20,x28	 x20:0x0000000e x28:0xfffffff4 x27=0x00000000
        9175000	       916	80001108	4055d093	srai	x1,x11,0x5	 x11:0xfffffc36  x1=0xffffffe1
        9185000	       917	8000110c	dc4f6b13	ori	x22,x30,-572	 x30:0x00000000 x22=0xfffffdc4
        9195000	       918	80001110	ffd28293	addi	x5,x5,-3	  x5:0xfffffffa  x5=0xfffffff7
        9205000	       919	80001114	00800913	addi	x18,x0,8	  x0:0x00000000 x18=0x00000008
        9215000	       920	80001118	01618333	add	x6,x3,x22	  x3:0x00000001 x22:0xfffffdc4  x6=0xfffffdc5
        9225000	       921	8000111c	a8f27037	lui	x0,0xa8f27	
        9235000	       922	80001120	00400693	addi	x13,x0,4	  x0:0x00000000 x13=0x00000004
        9245000	       923	80001124	00e94033	xor	x0,x18,x14	 x18:0x00000008 x14:0x04077fe4
        9255000	       924	80001128	40cdd113	srai	x2,x27,0xc	 x27:0x00000000  x2=0x00000000
        9265000	       925	8000112c	003e7d93	andi	x27,x28,3	 x28:0xfffffff4 x27=0x00000000
        9275000	       926	80001130	00340b33	add	x22,x8,x3	  x8:0x00000000  x3:0x00000001 x22=0x00000001
        9285000	       927	80001134	cbfee993	ori	x19,x29,-833	 x29:0xc8000000 x19=0xfffffcbf
        9295000	       928	80001138	ffe90913	addi	x18,x18,-2	 x18:0x00000008 x18=0x00000006
        9305000	       929	8000113c	002d9993	slli	x19,x27,0x2	 x27:0x00000000 x19=0x00000000
        9315000	       930	80001140	01971e93	slli	x29,x14,0x19	 x14:0x04077fe4 x29=0xc8000000
        9325000	       931	80001144	019c5013	srli	x0,x24,0x19	 x24:0x80000000
        9335000	       932	80001148	6da87cb7	lui	x25,0x6da87	 x25=0x6da87000
        9345000	       933	8000114c	fed972e3	bgeu	x18,x13,80001130	 x18:0x00000006 x13:0x00000004
        9355000	       934	00000000	00000013	addi	x0,x0,0	  x0:0x00000000
        9365000	       935	8000112c	00000013	addi	x0,x0,0	  x0:0x00000000
        9375000	       936	80001130	00340b33	add	x22,x8,x3	  x8:0x00000000  x3:0x00000001 x22=0x00000001
        9385000	       937	80001134	cbfee993	ori	x19,x29,-833	 x29:0xc8000000 x19=0xfffffcbf
        9395000	       938	80001138	ffe90913	addi	x18,x18,-2	 x18:0x00000006 x18=0x00000004
        9405000	       939	8000113c	002d9993	slli	x19,x27,0x2	 x27:0x00000000 x19=0x00000000
        9415000	       940	80001140	01971e93	slli	x29,x14,0x19	 x14:0x04077fe4 x29=0xc8000000
        9425000	       941	80001144	019c5013	srli	x0,x24,0x19	 x24:0x80000000
        9435000	       942	80001148	6da87cb7	lui	x25,0x6da87	 x25=0x6da87000
        9445000	       943	8000114c	fed972e3	bgeu	x18,x13,80001130	 x18:0x00000004 x13:0x00000004
        9455000	       944	00000000	00000013	addi	x0,x0,0	  x0:0x00000000
        9465000	       945	8000112c	00000013	addi	x0,x0,0	  x0:0x00000000
        9475000	       946	80001130	00340b33	add	x22,x8,x3	  x8:0x00000000  x3:0x00000001 x22=0x00000001
        9485000	       947	80001134	cbfee993	ori	x19,x29,-833	 x29:0xc8000000 x19=0xfffffcbf
        9495000	       948	80001138	ffe90913	addi	x18,x18,-2	 x18:0x00000004 x18=0x00000002
        9505000	       949	8000113c	002d9993	slli	x19,x27,0x2	 x27:0x00000000 x19=0x00000000
        9515000	       950	80001140	01971e93	slli	x29,x14,0x19	 x14:0x04077fe4 x29=0xc8000000
        9525000	       951	80001144	019c5013	srli	x0,x24,0x19	 x24:0x80000000
        9535000	       952	80001148	6da87cb7	lui	x25,0x6da87	 x25=0x6da87000
        9545000	       953	8000114c	fed972e3	bgeu	x18,x13,80001130	 x18:0x00000002 x13:0x00000004
        9555000	       954	80001150	01914233	xor	x4,x2,x25	  x2:0x00000000 x25:0x6da87000  x4=0x6da87000
        9565000	       955	80001154	fbc298e3	bne	x5,x28,80001104	  x5:0xfffffff7 x28:0xfffffff4
        9575000	       956	00000000	00000013	addi	x0,x0,0	  x0:0x00000000
        9585000	       957	80001100	00000013	addi	x0,x0,0	  x0:0x00000000
        9595000	       958	80001104	01ca2db3	slt	x27,x20,x28	 x20:0x0000000e x28:0xfffffff4 x27=0x00000000
        9605000	       959	80001108	4055d093	srai	x1,x11,0x5	 x11:0xfffffc36  x1=0xffffffe1
        9615000	       960	8000110c	dc4f6b13	ori	x22,x30,-572	 x30:0x00000000 x22=0xfffffdc4
        9625000	       961	80001110	ffd28293	addi	x5,x5,-3	  x5:0xfffffff7  x5=0xfffffff4
        9635000	       962	80001114	00800913	addi	x18,x0,8	  x0:0x00000000 x18=0x00000008
        9645000	       963	80001118	01618333	add	x6,x3,x22	  x3:0x00000001 x22:0xfffffdc4  x6=0xfffffdc5
        9655000	       964	8000111c	a8f27037	lui	x0,0xa8f27	
        9665000	       965	80001120	00400693	addi	x13,x0,4	  x0:0x00000000 x13=0x00000004
        9675000	       966	80001124	00e94033	xor	x0,x18,x14	 x18:0x00000008 x14:0x04077fe4
        9685000	       967	80001128	40cdd113	srai	x2,x27,0xc	 x27:0x00000000  x2=0x00000000
        9695000	       968	8000112c	003e7d93	andi	x27,x28,3	 x28:0xfffffff4 x27=0x00000000
        9705000	       969	80001130	00340b33	add	x22,x8,x3	  x8:0x00000000  x3:0x00000001 x22=0x00000001
        9715000	       970	80001134	cbfee993	ori	x19,x29,-833	 x29:0xc8000000 x19=0xfffffcbf
        9725000	       971	80001138	ffe90913	addi	x18,x18,-2	 x18:0x00000008 x18=0x00000006
        9735000	       972	8000113c	002d9993	slli	x19,x27,0x2	 x27:0x00000000 x19=0x00000000
        9745000	       973	80001140	01971e93	slli	x29,x14,0x19	 x14:0x04077fe4 x29=0xc8000000
        9755000	       974	80001144	019c5013	srli	x0,x24,0x19	 x24:0x80000000
        9765000	       975	80001148	6da87cb7	lui	x25,0x6da87	 x25=0x6da87000
        9775000	       976	8000114c	fed972e3	bgeu	x18,x13,80001130	 x18:0x00000006 x13:0x00000004
        9785000	       977	00000000	00000013	addi	x0,x0,0	  x0:0x00000000
        9795000	       978	8000112c	00000013	addi	x0,x0,0	  x0:0x00000000
        9805000	       979	80001130	00340b33	add	x22,x8,x3	  x8:0x00000000  x3:0x00000001 x22=0x00000001
        9815000	       980	80001134	cbfee993	ori	x19,x29,-833	 x29:0xc8000000 x19=0xfffffcbf
        9825000	       981	80001138	ffe90913	addi	x18,x18,-2	 x18:0x00000006 x18=0x00000004
        9835000	       982	8000113c	002d9993	slli	x19,x27,0x2	 x27:0x00000000 x19=0x00000000
        9845000	       983	80001140	01971e93	slli	x29,x14,0x19	 x14:0x04077fe4 x29=0xc8000000
        9855000	       984	80001144	019c5013	srli	x0,x24,0x19	 x24:0x80000000
        9865000	       985	80001148	6da87cb7	lui	x25,0x6da87	 x25=0x6da87000
        9875000	       986	8000114c	fed972e3	bgeu	x18,x13,80001130	 x18:0x00000004 x13:0x00000004
        9885000	       987	00000000	00000013	addi	x0,x0,0	  x0:0x00000000
        9895000	       988	8000112c	00000013	addi	x0,x0,0	  x0:0x00000000
        9905000	       989	80001130	00340b33	add	x22,x8,x3	  x8:0x00000000  x3:0x00000001 x22=0x00000001
        9915000	       990	80001134	cbfee993	ori	x19,x29,-833	 x29:0xc8000000 x19=0xfffffcbf
        9925000	       991	80001138	ffe90913	addi	x18,x18,-2	 x18:0x00000004 x18=0x00000002
        9935000	       992	8000113c	002d9993	slli	x19,x27,0x2	 x27:0x00000000 x19=0x00000000
        9945000	       993	80001140	01971e93	slli	x29,x14,0x19	 x14:0x04077fe4 x29=0xc8000000
        9955000	       994	80001144	019c5013	srli	x0,x24,0x19	 x24:0x80000000
        9965000	       995	80001148	6da87cb7	lui	x25,0x6da87	 x25=0x6da87000
        9975000	       996	8000114c	fed972e3	bgeu	x18,x13,80001130	 x18:0x00000002 x13:0x00000004
        9985000	       997	80001150	01914233	xor	x4,x2,x25	  x2:0x00000000 x25:0x6da87000  x4=0x6da87000
        9995000	       998	80001154	fbc298e3	bne	x5,x28,80001104	  x5:0xfffffff4 x28:0xfffffff4
       10005000	       999	80001158	b97aa093	slti	x1,x21,-1129	 x21:0x00000000  x1=0x00000000
       10015000	      1000	8000115c	00700893	addi	x17,x0,7	  x0:0x00000000 x17=0x00000007
       10025000	      1001	80001160	016a0833	add	x16,x20,x22	 x20:0x0000000e x22:0x00000001 x16=0x0000000f
       10035000	      1002	80001164	622f8493	addi	x9,x31,1570	 x31:0x80009f5c  x9=0x8000a57e
       10045000	      1003	80001168	01043333	sltu	x6,x8,x16	  x8:0x00000000 x16:0x0000000f  x6=0x00000001
       10055000	      1004	8000116c	01554b33	xor	x22,x10,x21	 x10:0x00000000 x21:0x00000000 x22=0x00000000
       10065000	      1005	80001170	00700593	addi	x11,x0,7	  x0:0x00000000 x11=0x00000007
       10075000	      1006	80001174	d6808813	addi	x16,x1,-664	  x1:0x00000000 x16=0xfffffd68
       10085000	      1007	80001178	0120e7b3	or	x15,x1,x18	  x1:0x00000000 x18:0x00000002 x15=0x00000002
       10095000	      1008	8000117c	ffc88893	addi	x17,x17,-4	 x17:0x00000007 x17=0x00000003
       10105000	      1009	80001180	9052da97	auipc	x21,0x9052d	 x21=0x1052e17c
       10115000	      1010	80001184	019e0333	add	x6,x28,x25	 x28:0xfffffff4 x25:0x6da87000  x6=0x6da86ff4
       10125000	      1011	80001188	68a20e13	addi	x28,x4,1674	  x4:0x6da87000 x28=0x6da8768a
       10135000	      1012	8000118c	00155a13	srli	x20,x10,0x1	 x10:0x00000000 x20=0x00000000
       10145000	      1013	80001190	0169c333	xor	x6,x19,x22	 x19:0x00000000 x22:0x00000000  x6=0x00000000
       10155000	      1014	80001194	eb847113	andi	x2,x8,-328	  x8:0x00000000  x2=0x00000000
       10165000	      1015	80001198	013959b3	srl	x19,x18,x19	 x18:0x00000002 x19:0x00000000 x19=0x00000002
       10175000	      1016	8000119c	0fa3ce13	xori	x28,x7,250	  x7:0x80009fc4 x28=0x80009f3e
       10185000	      1017	800011a0	00d0fdb3	and	x27,x1,x13	  x1:0x00000000 x13:0x00000004 x27=0x00000000
       10195000	      1018	800011a4	ffd00e93	addi	x29,x0,-3	  x0:0x00000000 x29=0xfffffffd
       10205000	      1019	800011a8	1197ee13	ori	x28,x15,281	 x15:0x00000002 x28=0x0000011b
       10215000	      1020	800011ac	00d00413	addi	x8,x0,13	  x0:0x00000000  x8=0x0000000d
       10225000	      1021	800011b0	9a907793	andi	x15,x0,-1623	  x0:0x00000000 x15=0x00000000
       10235000	      1022	800011b4	8a7b0a93	addi	x21,x22,-1881	 x22:0x00000000 x21=0xfffff8a7
       10245000	      1023	800011b8	0111f233	and	x4,x3,x17	  x3:0x00000001 x17:0x00000003  x4=0x00000001
       10255000	      1024	800011bc	013dbbb3	sltu	x23,x27,x19	 x27:0x00000000 x19:0x00000002 x23=0x00000001
       10265000	      1025	800011c0	00a730b3	sltu	x1,x14,x10	 x14:0x04077fe4 x10:0x00000000  x1=0x00000000
       10275000	      1026	800011c4	001e8e93	addi	x29,x29,1	 x29:0xfffffffd x29=0xfffffffe
       10285000	      1027	800011c8	fe8e8ce3	beq	x29,x8,800011c0	 x29:0xfffffffe  x8:0x0000000d
       10295000	      1028	800011cc	406a6793	ori	x15,x20,1030	 x20:0x00000000 x15=0x00000406
       10305000	      1029	800011d0	013e4e33	xor	x28,x28,x19	 x28:0x0000011b x19:0x00000002 x28=0x00000119
       10315000	      1030	800011d4	43da7013	andi	x0,x20,1085	 x20:0x00000000
       10325000	      1031	800011d8	41638a33	sub	x20,x7,x22	  x7:0x80009fc4 x22:0x00000000 x20=0x80009fc4
       10335000	      1032	800011dc	f054fb93	andi	x23,x9,-251	  x9:0x8000a57e x23=0x8000a504
       10345000	      1033	800011e0	f8b8fae3	bgeu	x17,x11,80001174	 x17:0x00000003 x11:0x00000007
       10355000	      1034	800011e4	401c5c93	srai	x25,x24,0x1	 x24:0x80000000 x25=0xc0000000
       10365000	      1035	800011e8	40bc8333	sub	x6,x25,x11	 x25:0xc0000000 x11:0x00000007  x6=0xbffffff9
       10375000	      1036	800011ec	404adbb3	sra	x23,x21,x4	 x21:0xfffff8a7  x4:0x00000001 x23=0xfffffc53
       10385000	      1037	800011f0	00ed1f33	sll	x30,x26,x14	 x26:0x00000001 x14:0x04077fe4 x30=0x00000010
       10395000	      1038	800011f4	007a4633	xor	x12,x20,x7	 x20:0x80009fc4  x7:0x80009fc4 x12=0x00000000
       10405000	      1039	800011f8	6a69c613	xori	x12,x19,1702	 x19:0x00000002 x12=0x000006a4
       10415000	      1040	800011fc	fdc6a493	slti	x9,x13,-36	 x13:0x00000004  x9=0x00000000
       10425000	      1041	80001200	01d6c5b3	xor	x11,x13,x29	 x13:0x00000004 x29:0xfffffffe x11=0xfffffffa
       10435000	      1042	80001204	0115b7b3	sltu	x15,x11,x17	 x11:0xfffffffa x17:0x00000003 x15=0x00000000
       10445000	      1043	80001208	40b7d993	srai	x19,x15,0xb	 x15:0x00000000 x19=0x00000000
       10455000	      1044	8000120c	41e45833	sra	x16,x8,x30	  x8:0x0000000d x30:0x00000010 x16=0x00000000
       10465000	      1045	80001210	00f1f233	and	x4,x3,x15	  x3:0x00000001 x15:0x00000000  x4=0x00000000
       10475000	      1046	80001214	011cccb3	xor	x25,x25,x17	 x25:0xc0000000 x17:0x00000003 x25=0xc0000003
       10485000	      1047	80001218	8bca6293	ori	x5,x20,-1860	 x20:0x80009fc4  x5=0xfffffffc
       10495000	      1048	8000121c	f4a91017	auipc	x0,0xf4a91	
       10505000	      1049	80001220	4a17f193	andi	x3,x15,1185	 x15:0x00000000  x3=0x00000000
       10515000	      1050	80001224	01238a33	add	x20,x7,x18	  x7:0x80009fc4 x18:0x00000002 x20=0x80009fc6
       10525000	      1051	80001228	031d0c63	beq	x26,x17,80001260	 x26:0x00000001 x17:0x00000003
       10535000	      1052	8000122c	234cbc93	sltiu	x25,x25,564	 x25:0xc0000003 x25=0x00000000
       10545000	      1053	80001230	00489663	bne	x17,x4,8000123c	 x17:0x00000003  x4:0x00000000
       10555000	      1054	00000000	00000013	addi	x0,x0,0	  x0:0x00000000
       10565000	      1055	80001238	00000013	addi	x0,x0,0	  x0:0x00000000
       10575000	      1056	8000123c	aef76593	ori	x11,x14,-1297	 x14:0x04077fe4 x11=0xffffffef
       10585000	      1057	80001240	032dfc63	bgeu	x27,x18,80001278	 x27:0x00000000 x18:0x00000002
       10595000	      1058	80001244	00907ab3	and	x21,x0,x9	  x0:0x00000000  x9:0x00000000 x21=0x00000000
       10605000	      1059	80001248	00c11213	slli	x4,x2,0xc	  x2:0x00000000  x4=0x00000000
       10615000	      1060	8000124c	409582b3	sub	x5,x11,x9	 x11:0xffffffef  x9:0x00000000  x5=0xffffffef
       10625000	      1061	80001250	00f2ebb3	or	x23,x5,x15	  x5:0xffffffef x15:0x00000000 x23=0xffffffef
       10635000	      1062	80001254	40e85b93	srai	x23,x16,0xe	 x16:0x00000000 x23=0x00000000
       10645000	      1063	80001258	01a21b93	slli	x23,x4,0x1a	  x4:0x00000000 x23=0x00000000
       10655000	      1064	8000125c	40f08cb3	sub	x25,x1,x15	  x1:0x00000000 x15:0x00000000 x25=0x00000000
       10665000	      1065	80001260	4b6f8413	addi	x8,x31,1206	 x31:0x80009f5c  x8=0x8000a412
       10675000	      1066	80001264	40688433	sub	x8,x17,x6	 x17:0x00000003  x6:0xbffffff9  x8=0x4000000a
       10685000	      1067	80001268	00d83033	sltu	x0,x16,x13	 x16:0x00000000 x13:0x00000004
       10695000	      1068	8000126c	487cfd93	andi	x27,x25,1159	 x25:0x00000000 x27=0x00000000
       10705000	      1069	80001270	87a37d93	andi	x27,x6,-1926	  x6:0xbffffff9 x27=0xbffff878
       10715000	      1070	80001274	04408263	beq	x1,x4,800012b8	  x1:0x00000000  x4:0x00000000
       10725000	      1071	00000000	00000013	addi	x0,x0,0	  x0:0x00000000
       10735000	      1072	800012b4	00000013	addi	x0,x0,0	  x0:0x00000000
       10745000	      1073	800012b8	00000013	addi	x0,x0,0	  x0:0x00000000
       10755000	      1074	800012bc	034af663	bgeu	x21,x20,800012e8	 x21:0x00000000 x20:0x80009fc6
       10765000	      1075	800012c0	00a0eab3	or	x21,x1,x10	  x1:0x00000000 x10:0x00000000 x21=0x00000000
       10775000	      1076	800012c4	01b0bab3	sltu	x21,x1,x27	  x1:0x00000000 x27:0xbffff878 x21=0x00000001
       10785000	      1077	800012c8	1d073d13	sltiu	x26,x14,464	 x14:0x04077fe4 x26=0x00000000
       10795000	      1078	800012cc	40ce5693	srai	x13,x28,0xc	 x28:0x00000119 x13=0x00000000
       10805000	      1079	800012d0	02920063	beq	x4,x9,800012f0	  x4:0x00000000  x9:0x00000000
       10815000	      1080	00000000	00000013	addi	x0,x0,0	  x0:0x00000000
       10825000	      1081	800012ec	00000013	addi	x0,x0,0	  x0:0x00000000
       10835000	      1082	800012f0	40305733	sra	x14,x0,x3	  x0:0x00000000  x3:0x00000000 x14=0x00000000
       10845000	      1083	800012f4	021dfe63	bgeu	x27,x1,80001330	 x27:0xbffff878  x1:0x00000000
       10855000	      1084	00000000	00000013	addi	x0,x0,0	  x0:0x00000000
       10865000	      1085	8000132c	00000013	addi	x0,x0,0	  x0:0x00000000
       10875000	      1086	80001330	013628b3	slt	x17,x12,x19	 x12:0x000006a4 x19:0x00000000 x17=0x00000000
       10885000	      1087	80001334	011aabb3	slt	x23,x21,x17	 x21:0x00000001 x17:0x00000000 x23=0x00000000
       10895000	      1088	80001338	04205263	bge	x0,x2,8000137c	  x0:0x00000000  x2:0x00000000
       10905000	      1089	00000000	00000013	addi	x0,x0,0	  x0:0x00000000
       10915000	      1090	80001378	00000013	addi	x0,x0,0	  x0:0x00000000
       10925000	      1091	8000137c	00d54033	xor	x0,x10,x13	 x10:0x00000000 x13:0x00000000
       10935000	      1092	80001380	e37c2313	slti	x6,x24,-457	 x24:0x80000000  x6=0x00000001
       10945000	      1093	80001384	02927e63	bgeu	x4,x9,800013c0	  x4:0x00000000  x9:0x00000000
       10955000	      1094	00000000	00000013	addi	x0,x0,0	  x0:0x00000000
       10965000	      1095	800013bc	00000013	addi	x0,x0,0	  x0:0x00000000
       10975000	      1096	800013c0	d9d68013	addi	x0,x13,-611	 x13:0x00000000
       10985000	      1097	800013c4	dfa9c813	xori	x16,x19,-518	 x19:0x00000000 x16=0xfffffdfa
       10995000	      1098	800013c8	012e0c63	beq	x28,x18,800013e0	 x28:0x00000119 x18:0x00000002
       11005000	      1099	800013cc	142a4417	auipc	x8,0x142a4	  x8=0x942a53c8
       11015000	      1100	800013d0	01daf263	bgeu	x21,x29,800013d4	 x21:0x00000001 x29:0xfffffffe
       11025000	      1101	800013d4	01dd7463	bgeu	x26,x29,800013dc	 x26:0x00000000 x29:0xfffffffe
       11035000	      1102	800013d8	014c4933	xor	x18,x24,x20	 x24:0x80000000 x20:0x80009fc6 x18=0x00009fc6
       11045000	      1103	800013dc	8315deb7	lui	x29,0x8315d	 x29=0x8315d000
       11055000	      1104	800013e0	01c09433	sll	x8,x1,x28	  x1:0x00000000 x28:0x00000119  x8=0x00000000
       11065000	      1105	800013e4	0396c663	blt	x13,x25,80001410	 x13:0x00000000 x25:0x00000000
       11075000	      1106	800013e8	2d8ae993	ori	x19,x21,728	 x21:0x00000001 x19=0x000002d9
       11085000	      1107	800013ec	005b32b3	sltu	x5,x22,x5	 x22:0x00000000  x5:0xffffffef  x5=0x00000001
       11095000	      1108	800013f0	1257a737	lui	x14,0x1257a	 x14=0x1257a000
       11105000	      1109	800013f4	01ec1993	slli	x19,x24,0x1e	 x24:0x80000000 x19=0x00000000
       11115000	      1110	800013f8	e510f993	andi	x19,x1,-431	  x1:0x00000000 x19=0x00000000
       11125000	      1111	800013fc	01d2e1b3	or	x3,x5,x29	  x5:0x00000001 x29:0x8315d000  x3=0x8315d001
       11135000	      1112	80001400	02bbd263	bge	x23,x11,80001424	 x23:0x00000000 x11:0xffffffef
       11145000	      1113	00000000	00000013	addi	x0,x0,0	  x0:0x00000000
       11155000	      1114	80001420	00000013	addi	x0,x0,0	  x0:0x00000000
       11165000	      1115	80001424	732ff793	andi	x15,x31,1842	 x31:0x80009f5c x15=0x00000710
       11175000	      1116	80001428	55d50b93	addi	x23,x10,1373	 x10:0x00000000 x23=0x0000055d
       11185000	      1117	8000142c	00000013	addi	x0,x0,0	  x0:0x00000000
       11195000	      1118	80001430	19868013	addi	x0,x13,408	 x13:0x00000000
       11205000	      1119	80001434	01785f13	srli	x30,x16,0x17	 x16:0xfffffdfa x30=0x000001ff
       11215000	      1120	80001438	00556f33	or	x30,x10,x5	 x10:0x00000000  x5:0x00000001 x30=0x00000001
       11225000	      1121	8000143c	d1535597	auipc	x11,0xd1535	 x11=0x51536438
       11235000	      1122	80001440	00a166b3	or	x13,x2,x10	  x2:0x00000000 x10:0x00000000 x13=0x00000000
       11245000	      1123	80001444	9a7fc593	xori	x11,x31,-1625	 x31:0x80009f5c x11=0x7fff66fb
       11255000	      1124	80001448	03734263	blt	x6,x23,8000146c	  x6:0x00000001 x23:0x0000055d
       11265000	      1125	00000000	00000013	addi	x0,x0,0	  x0:0x00000000
       11275000	      1126	80001468	00000013	addi	x0,x0,0	  x0:0x00000000
       11285000	      1127	8000146c	010f1eb3	sll	x29,x30,x16	 x30:0x00000001 x16:0xfffffdfa x29=0x04000000
       11295000	      1128	80001470	038fd463	bge	x31,x24,80001498	 x31:0x80009f5c x24:0x80000000
       11305000	      1129	00000000	00000013	addi	x0,x0,0	  x0:0x00000000
       11315000	      1130	80001494	00000013	addi	x0,x0,0	  x0:0x00000000
       11325000	      1131	80001498	41388833	sub	x16,x17,x19	 x17:0x00000000 x19:0x00000000 x16=0x00000000
       11335000	      1132	8000149c	01ab9033	sll	x0,x23,x26	 x23:0x0000055d x26:0x00000000
       11345000	      1133	800014a0	01d8d263	bge	x17,x29,800014a4	 x17:0x00000000 x29:0x04000000
       11355000	      1134	800014a4	00000013	addi	x0,x0,0	  x0:0x00000000
       11365000	      1135	800014a8	410d5a13	srai	x20,x26,0x10	 x26:0x00000000 x20=0x00000000
       11375000	      1136	800014ac	b646e813	ori	x16,x13,-1180	 x13:0x00000000 x16=0xfffffb64
       11385000	      1137	800014b0	01f00a33	add	x20,x0,x31	  x0:0x00000000 x31:0x80009f5c x20=0x80009f5c
       11395000	      1138	800014b4	d5ad3d13	sltiu	x26,x26,-678	 x26:0x00000000 x26=0x00000001
       11405000	      1139	800014b8	006df5b3	and	x11,x27,x6	 x27:0xbffff878  x6:0x00000001 x11=0x00000000
       11415000	      1140	800014bc	4160dcb3	sra	x25,x1,x22	  x1:0x00000000 x22:0x00000000 x25=0x00000000
       11425000	      1141	800014c0	009cee63	bltu	x25,x9,800014dc	 x25:0x00000000  x9:0x00000000
       11435000	      1142	800014c4	75f46d93	ori	x27,x8,1887	  x8:0x00000000 x27=0x0000075f
       11445000	      1143	800014c8	0128ebb3	or	x23,x17,x18	 x17:0x00000000 x18:0x00009fc6 x23=0x00009fc6
       11455000	      1144	800014cc	01ca1193	slli	x3,x20,0x1c	 x20:0x80009f5c  x3=0xc0000000
       11465000	      1145	800014d0	bc7fa893	slti	x17,x31,-1081	 x31:0x80009f5c x17=0x00000001
       11475000	      1146	800014d4	f0728a93	addi	x21,x5,-249	  x5:0x00000001 x21=0xffffff08
       11485000	      1147	800014d8	0016b733	sltu	x14,x13,x1	 x13:0x00000000  x1:0x00000000 x14=0x00000000
       11495000	      1148	800014dc	020b9c63	bne	x23,x0,80001514	 x23:0x00009fc6  x0:0x00000000
       11505000	      1149	00000000	00000013	addi	x0,x0,0	  x0:0x00000000
       11515000	      1150	80001510	00000013	addi	x0,x0,0	  x0:0x00000000
       11525000	      1151	80001514	8c7f2b97	auipc	x23,0x8c7f2	 x23=0x0c7f3510
       11535000	      1152	80001518	d91186b7	lui	x13,0xd9118	 x13=0xd9118000
       11545000	      1153	8000151c	025e9663	bne	x29,x5,80001548	 x29:0x04000000  x5:0x00000001
       11555000	      1154	00000000	00000013	addi	x0,x0,0	  x0:0x00000000
       11565000	      1155	80001544	00000013	addi	x0,x0,0	  x0:0x00000000
       11575000	      1156	80001548	4080d993	srai	x19,x1,0x8	  x1:0x00000000 x19=0x00000000
       11585000	      1157	8000154c	01b56bb3	or	x23,x10,x27	 x10:0x00000000 x27:0x0000075f x23=0x0000075f
       11595000	      1158	80001550	41ca5133	sra	x2,x20,x28	 x20:0x80009f5c x28:0x00000119  x2=0xffffffc0
       11605000	      1159	80001554	013682b3	add	x5,x13,x19	 x13:0xd9118000 x19:0x00000000  x5=0xd9118000
       11615000	      1160	80001558	38512797	auipc	x15,0x38512	 x15=0xb8513554
       11625000	      1161	8000155c	fefce313	ori	x6,x25,-17	 x25:0x00000000  x6=0xffffffef
       11635000	      1162	80001560	8ab7e537	lui	x10,0x8ab7e	 x10=0x8ab7e000
       11645000	      1163	80001564	031a5e63	bge	x20,x17,800015a0	 x20:0x80009f5c x17:0x00000001
       11655000	      1164	80001568	01cc5493	srli	x9,x24,0x1c	 x24:0x80000000  x9=0x00000008
       11665000	      1165	8000156c	40a85cb3	sra	x25,x16,x10	 x16:0xfffffb64 x10:0x8ab7e000 x25=0xfffffb64
       11675000	      1166	80001570	01857463	bgeu	x10,x24,80001578	 x10:0x8ab7e000 x24:0x80000000
       11685000	      1167	00000000	00000013	addi	x0,x0,0	  x0:0x00000000
       11695000	      1168	80001574	00000013	addi	x0,x0,0	  x0:0x00000000
       11705000	      1169	80001578	d5d4b5b7	lui	x11,0xd5d4b	 x11=0xd5d4b000
       11715000	      1170	8000157c	60adb113	sltiu	x2,x27,1546	 x27:0x0000075f  x2=0x00000000
       11725000	      1171	80001580	01d61c63	bne	x12,x29,80001598	 x12:0x000006a4 x29:0x04000000
       11735000	      1172	00000000	00000013	addi	x0,x0,0	  x0:0x00000000
       11745000	      1173	80001594	00000013	addi	x0,x0,0	  x0:0x00000000
       11755000	      1174	80001598	feae9a37	lui	x20,0xfeae9	 x20=0xfeae9000
       11765000	      1175	8000159c	00623533	sltu	x10,x4,x6	  x4:0x00000000  x6:0xffffffef x10=0x00000001
       11775000	      1176	800015a0	419689b3	sub	x19,x13,x25	 x13:0xd9118000 x25:0xfffffb64 x19=0xd911849c
       11785000	      1177	800015a4	082ac417	auipc	x8,0x82ac	  x8=0x882ad5a0
       11795000	      1178	800015a8	03707463	bgeu	x0,x23,800015d0	  x0:0x00000000 x23:0x0000075f
       11805000	      1179	800015ac	008d8663	beq	x27,x8,800015b8	 x27:0x0000075f  x8:0x882ad5a0
       11815000	      1180	800015b0	00000013	addi	x0,x0,0	  x0:0x00000000
       11825000	      1181	800015b4	6b17ee13	ori	x28,x15,1713	 x15:0xb8513554 x28=0xb85137f5
       11835000	      1182	800015b8	00627033	and	x0,x4,x6	  x4:0x00000000  x6:0xffffffef
       11845000	      1183	800015bc	400f0e33	sub	x28,x30,x0	 x30:0x00000001  x0:0x00000000 x28=0x00000001
       11855000	      1184	800015c0	05ecdc63	bge	x25,x30,80001618	 x25:0xfffffb64 x30:0x00000001
       11865000	      1185	800015c4	01eb8663	beq	x23,x30,800015d0	 x23:0x0000075f x30:0x00000001
       11875000	      1186	800015c8	00e445b3	xor	x11,x8,x14	  x8:0x882ad5a0 x14:0x00000000 x11=0x882ad5a0
       11885000	      1187	800015cc	01e79f33	sll	x30,x15,x30	 x15:0xb8513554 x30:0x00000001 x30=0x70a26aa8
       11895000	      1188	800015d0	00c1de93	srli	x29,x3,0xc	  x3:0xc0000000 x29=0x000c0000
       11905000	      1189	800015d4	ffb00293	addi	x5,x0,-5	  x0:0x00000000  x5=0xfffffffb
       11915000	      1190	800015d8	ff100593	addi	x11,x0,-15	  x0:0x00000000 x11=0xfffffff1
       11925000	      1191	800015dc	00e2ce33	xor	x28,x5,x14	  x5:0xfffffffb x14:0x00000000 x28=0xfffffffb
       11935000	      1192	800015e0	00607733	and	x14,x0,x6	  x0:0x00000000  x6:0xffffffef x14=0x00000000
       11945000	      1193	800015e4	ff828293	addi	x5,x5,-8	  x5:0xfffffffb  x5=0xfffffff3
       11955000	      1194	800015e8	00900f13	addi	x30,x0,9	  x0:0x00000000 x30=0x00000009
       11965000	      1195	800015ec	00d00093	addi	x1,x0,13	  x0:0x00000000  x1=0x0000000d
       11975000	      1196	800015f0	be564993	xori	x19,x12,-1051	 x12:0x000006a4 x19=0xfffffd41
       11985000	      1197	800015f4	41285213	srai	x4,x16,0x12	 x16:0xfffffb64  x4=0xffffffff
       11995000	      1198	800015f8	002f0f13	addi	x30,x30,2	 x30:0x00000009 x30=0x0000000b
       12005000	      1199	800015fc	fe1f6ae3	bltu	x30,x1,800015f0	 x30:0x0000000b  x1:0x0000000d
       12015000	      1200	00000000	00000013	addi	x0,x0,0	  x0:0x00000000
       12025000	      1201	800015ec	00000013	addi	x0,x0,0	  x0:0x00000000
       12035000	      1202	800015f0	be564993	xori	x19,x12,-1051	 x12:0x000006a4 x19=0xfffffd41
       12045000	      1203	800015f4	41285213	srai	x4,x16,0x12	 x16:0xfffffb64  x4=0xffffffff
       12055000	      1204	800015f8	002f0f13	addi	x30,x30,2	 x30:0x0000000b x30=0x0000000d
       12065000	      1205	800015fc	fe1f6ae3	bltu	x30,x1,800015f0	 x30:0x0000000d  x1:0x0000000d
       12075000	      1206	80001600	00a2f533	and	x10,x5,x10	  x5:0xfffffff3 x10:0x00000001 x10=0x00000001
       12085000	      1207	80001604	fcb2dce3	bge	x5,x11,800015dc	  x5:0xfffffff3 x11:0xfffffff1
       12095000	      1208	00000000	00000013	addi	x0,x0,0	  x0:0x00000000
       12105000	      1209	800015d8	00000013	addi	x0,x0,0	  x0:0x00000000
       12115000	      1210	800015dc	00e2ce33	xor	x28,x5,x14	  x5:0xfffffff3 x14:0x00000000 x28=0xfffffff3
       12125000	      1211	800015e0	00607733	and	x14,x0,x6	  x0:0x00000000  x6:0xffffffef x14=0x00000000
       12135000	      1212	800015e4	ff828293	addi	x5,x5,-8	  x5:0xfffffff3  x5=0xffffffeb
       12145000	      1213	800015e8	00900f13	addi	x30,x0,9	  x0:0x00000000 x30=0x00000009
       12155000	      1214	800015ec	00d00093	addi	x1,x0,13	  x0:0x00000000  x1=0x0000000d
       12165000	      1215	800015f0	be564993	xori	x19,x12,-1051	 x12:0x000006a4 x19=0xfffffd41
       12175000	      1216	800015f4	41285213	srai	x4,x16,0x12	 x16:0xfffffb64  x4=0xffffffff
       12185000	      1217	800015f8	002f0f13	addi	x30,x30,2	 x30:0x00000009 x30=0x0000000b
       12195000	      1218	800015fc	fe1f6ae3	bltu	x30,x1,800015f0	 x30:0x0000000b  x1:0x0000000d
       12205000	      1219	00000000	00000013	addi	x0,x0,0	  x0:0x00000000
       12215000	      1220	800015ec	00000013	addi	x0,x0,0	  x0:0x00000000
       12225000	      1221	800015f0	be564993	xori	x19,x12,-1051	 x12:0x000006a4 x19=0xfffffd41
       12235000	      1222	800015f4	41285213	srai	x4,x16,0x12	 x16:0xfffffb64  x4=0xffffffff
       12245000	      1223	800015f8	002f0f13	addi	x30,x30,2	 x30:0x0000000b x30=0x0000000d
       12255000	      1224	800015fc	fe1f6ae3	bltu	x30,x1,800015f0	 x30:0x0000000d  x1:0x0000000d
       12265000	      1225	80001600	00a2f533	and	x10,x5,x10	  x5:0xffffffeb x10:0x00000001 x10=0x00000001
       12275000	      1226	80001604	fcb2dce3	bge	x5,x11,800015dc	  x5:0xffffffeb x11:0xfffffff1
       12285000	      1227	80001608	00322933	slt	x18,x4,x3	  x4:0xffffffff  x3:0xc0000000 x18=0x00000000
       12295000	      1228	8000160c	0402c863	blt	x5,x0,8000165c	  x5:0xffffffeb  x0:0x00000000
       12305000	      1229	00000000	00000013	addi	x0,x0,0	  x0:0x00000000
       12315000	      1230	80001658	00000013	addi	x0,x0,0	  x0:0x00000000
       12325000	      1231	8000165c	033be663	bltu	x23,x19,80001688	 x23:0x0000075f x19:0xfffffd41
       12335000	      1232	00000000	00000013	addi	x0,x0,0	  x0:0x00000000
       12345000	      1233	80001684	00000013	addi	x0,x0,0	  x0:0x00000000
       12355000	      1234	80001688	017a9d93	slli	x27,x21,0x17	 x21:0xffffff08 x27=0x84000000
       12365000	      1235	8000168c	0042dd33	srl	x26,x5,x4	  x5:0xffffffeb  x4:0xffffffff x26=0x00000001
       12375000	      1236	80001690	00000013	addi	x0,x0,0	  x0:0x00000000
       12385000	      1237	80001694	01101333	sll	x6,x0,x17	  x0:0x00000000 x17:0x00000001  x6=0x00000000
       12395000	      1238	80001698	024f1c63	bne	x30,x4,800016d0	 x30:0x0000000d  x4:0xffffffff
       12405000	      1239	00000000	00000013	addi	x0,x0,0	  x0:0x00000000
       12415000	      1240	800016cc	00000013	addi	x0,x0,0	  x0:0x00000000
       12425000	      1241	800016d0	0e577013	andi	x0,x14,229	 x14:0x00000000
       12435000	      1242	800016d4	ab984913	xori	x18,x16,-1351	 x16:0xfffffb64 x18=0x000001dd
       12445000	      1243	800016d8	b5da2793	slti	x15,x20,-1187	 x20:0xfeae9000 x15=0x00000001
       12455000	      1244	800016dc	01f2ff33	and	x30,x5,x31	  x5:0xffffffeb x31:0x80009f5c x30=0x80009f48
       12465000	      1245	800016e0	00b20e33	add	x28,x4,x11	  x4:0xffffffff x11:0xfffffff1 x28=0xfffffff0
       12475000	      1246	800016e4	d05da793	slti	x15,x27,-763	 x27:0x84000000 x15=0x00000001
       12485000	      1247	800016e8	004c9f33	sll	x30,x25,x4	 x25:0xfffffb64  x4:0xffffffff x30=0x00000000
       12495000	      1248	800016ec	82484097	auipc	x1,0x82484	  x1=0x024856e8
       12505000	      1249	800016f0	73794a93	xori	x21,x18,1847	 x18:0x000001dd x21=0x000006ea
       12515000	      1250	800016f4	34cc8d13	addi	x26,x25,844	 x25:0xfffffb64 x26=0xfffffeb0
       12525000	      1251	800016f8	275740b7	lui	x1,0x27574	  x1=0x27574000
       12535000	      1252	800016fc	019d9cb3	sll	x25,x27,x25	 x27:0x84000000 x25:0xfffffb64 x25=0x40000000
       12545000	      1253	80001700	e29df693	andi	x13,x27,-471	 x27:0x84000000 x13=0x84000000
       12555000	      1254	80001704	41c556b3	sra	x13,x10,x28	 x10:0x00000001 x28:0xfffffff0 x13=0x00000000
       12565000	      1255	80001708	05bc5263	bge	x24,x27,8000174c	 x24:0x80000000 x27:0x84000000
       12575000	      1256	8000170c	009cde63	bge	x25,x9,80001728	 x25:0x40000000  x9:0x00000008
       12585000	      1257	00000000	00000013	addi	x0,x0,0	  x0:0x00000000
       12595000	      1258	80001724	00000013	addi	x0,x0,0	  x0:0x00000000
       12605000	      1259	80001728	00c9d813	srli	x16,x19,0xc	 x19:0xfffffd41 x16=0x000fffff
       12615000	      1260	8000172c	9d0e0e13	addi	x28,x28,-1584	 x28:0xfffffff0 x28=0xfffff9c0
       12625000	      1261	80001730	93062093	slti	x1,x12,-1744	 x12:0x000006a4  x1=0x00000000
       12635000	      1262	80001734	03519263	bne	x3,x21,80001758	  x3:0xc0000000 x21:0x000006ea
       12645000	      1263	00000000	00000013	addi	x0,x0,0	  x0:0x00000000
       12655000	      1264	80001754	00000013	addi	x0,x0,0	  x0:0x00000000
       12665000	      1265	80001758	02959663	bne	x11,x9,80001784	 x11:0xfffffff1  x9:0x00000008
       12675000	      1266	00000000	00000013	addi	x0,x0,0	  x0:0x00000000
       12685000	      1267	80001780	00000013	addi	x0,x0,0	  x0:0x00000000
       12695000	      1268	80001784	01044433	xor	x8,x8,x16	  x8:0x882ad5a0 x16:0x000fffff  x8=0x88252a5f
       12705000	      1269	80001788	c767b313	sltiu	x6,x15,-906	 x15:0x00000001  x6=0x00000001
       12715000	      1270	8000178c	00828c63	beq	x5,x8,800017a4	  x5:0xffffffeb  x8:0x88252a5f
       12725000	      1271	80001790	cb32b093	sltiu	x1,x5,-845	  x5:0xffffffeb  x1=0x00000000
       12735000	      1272	80001794	c8d00d93	addi	x27,x0,-883	  x0:0x00000000 x27=0xfffffc8d
       12745000	      1273	80001798	5f095d97	auipc	x27,0x5f095	 x27=0xdf096794
       12755000	      1274	8000179c	347aaa13	slti	x20,x21,839	 x21:0x000006ea x20=0x00000000
       12765000	      1275	800017a0	01ddc0b3	xor	x1,x27,x29	 x27:0xdf096794 x29:0x000c0000  x1=0xdf056794
       12775000	      1276	800017a4	0395ee63	bltu	x11,x25,800017e0	 x11:0xfffffff1 x25:0x40000000
       12785000	      1277	800017a8	b88c1b17	auipc	x22,0xb88c1	 x22=0x388c27a4
       12795000	      1278	800017ac	097b8e93	addi	x29,x23,151	 x23:0x0000075f x29=0x000007f6
       12805000	      1279	800017b0	003bae33	slt	x28,x23,x3	 x23:0x0000075f  x3:0xc0000000 x28=0x00000000
       12815000	      1280	800017b4	00da1013	slli	x0,x20,0xd	 x20:0x00000000
       12825000	      1281	800017b8	bf7af993	andi	x19,x21,-1033	 x21:0x000006ea x19=0x000002e2
       12835000	      1282	800017bc	0035b133	sltu	x2,x11,x3	 x11:0xfffffff1  x3:0xc0000000  x2=0x00000000
       12845000	      1283	800017c0	01918833	add	x16,x3,x25	  x3:0xc0000000 x25:0x40000000 x16=0x00000000
       12855000	      1284	800017c4	0105d213	srli	x4,x11,0x10	 x11:0xfffffff1  x4=0x0000ffff
       12865000	      1285	800017c8	0130fe63	bgeu	x1,x19,800017e4	  x1:0xdf056794 x19:0x000002e2
       12875000	      1286	00000000	00000013	addi	x0,x0,0	  x0:0x00000000
       12885000	      1287	800017e0	00000013	addi	x0,x0,0	  x0:0x00000000
       12895000	      1288	800017e4	f215b297	auipc	x5,0xf215b	  x5=0x7215c7e0
       12905000	      1289	800017e8	0552e863	bltu	x5,x21,80001838	  x5:0x7215c7e0 x21:0x000006ea
       12915000	      1290	800017ec	03fcce63	blt	x25,x31,80001828	 x25:0x40000000 x31:0x80009f5c
       12925000	      1291	800017f0	41395f33	sra	x30,x18,x19	 x18:0x000001dd x19:0x000002e2 x30=0x00000077
       12935000	      1292	800017f4	41bf5f33	sra	x30,x30,x27	 x30:0x00000077 x27:0xdf096794 x30=0x00000000
       12945000	      1293	800017f8	111ca793	slti	x15,x25,273	 x25:0x40000000 x15=0x00000000
       12955000	      1294	800017fc	01f01133	sll	x2,x0,x31	  x0:0x00000000 x31:0x80009f5c  x2=0x00000000
       12965000	      1295	80001800	40fedb93	srai	x23,x29,0xf	 x29:0x000007f6 x23=0x00000000
       12975000	      1296	80001804	02836c63	bltu	x6,x8,8000183c	  x6:0x00000001  x8:0x88252a5f
       12985000	      1297	00000000	00000013	addi	x0,x0,0	  x0:0x00000000
       12995000	      1298	80001838	00000013	addi	x0,x0,0	  x0:0x00000000
       13005000	      1299	8000183c	0007de33	srl	x28,x15,x0	 x15:0x00000000  x0:0x00000000 x28=0x00000000
       13015000	      1300	80001840	001677b3	and	x15,x12,x1	 x12:0x000006a4  x1:0xdf056794 x15=0x00000684
       13025000	      1301	80001844	0028d813	srli	x16,x17,0x2	 x17:0x00000001 x16=0x00000000
       13035000	      1302	80001848	183e3b13	sltiu	x22,x28,387	 x28:0x00000000 x22=0x00000001
       13045000	      1303	8000184c	00e01213	slli	x4,x0,0xe	  x0:0x00000000  x4=0x00000000
       13055000	      1304	80001850	40b688b3	sub	x17,x13,x11	 x13:0x00000000 x11:0xfffffff1 x17=0x0000000f
       13065000	      1305	80001854	0ee4ea13	ori	x20,x9,238	  x9:0x00000008 x20=0x000000ee
       13075000	      1306	80001858	2400e713	ori	x14,x1,576	  x1:0xdf056794 x14=0xdf0567d4
       13085000	      1307	8000185c	02810e63	beq	x2,x8,80001898	  x2:0x00000000  x8:0x88252a5f
       13095000	      1308	80001860	b8242013	slti	x0,x8,-1150	  x8:0x88252a5f
       13105000	      1309	80001864	0377c263	blt	x15,x23,80001888	 x15:0x00000684 x23:0x00000000
       13115000	      1310	80001868	01da0733	add	x14,x20,x29	 x20:0x000000ee x29:0x000007f6 x14=0x000008e4
       13125000	      1311	8000186c	00562433	slt	x8,x12,x5	 x12:0x000006a4  x5:0x7215c7e0  x8=0x00000001
       13135000	      1312	80001870	00ca0233	add	x4,x20,x12	 x20:0x000000ee x12:0x000006a4  x4=0x00000792
       13145000	      1313	80001874	01764463	blt	x12,x23,8000187c	 x12:0x000006a4 x23:0x00000000
       13155000	      1314	80001878	02ee6463	bltu	x28,x14,800018a0	 x28:0x00000000 x14:0x000008e4
       13165000	      1315	00000000	00000013	addi	x0,x0,0	  x0:0x00000000
       13175000	      1316	8000189c	00000013	addi	x0,x0,0	  x0:0x00000000
       13185000	      1317	800018a0	8b8ef1b7	lui	x3,0x8b8ef	  x3=0x8b8ef000
       13195000	      1318	800018a4	770d8813	addi	x16,x27,1904	 x27:0xdf096794 x16=0xdf096f04
       13205000	      1319	800018a8	012e1c93	slli	x25,x28,0x12	 x28:0x00000000 x25=0x00000000
       13215000	      1320	800018ac	0146aa33	slt	x20,x13,x20	 x13:0x00000000 x20:0x000000ee x20=0x00000001
       13225000	      1321	800018b0	49532d13	slti	x26,x6,1173	  x6:0x00000001 x26=0x00000001
       13235000	      1322	800018b4	4087dd13	srai	x26,x15,0x8	 x15:0x00000684 x26=0x00000006
       13245000	      1323	800018b8	02ef1063	bne	x30,x14,800018d8	 x30:0x00000000 x14:0x000008e4
       13255000	      1324	00000000	00000013	addi	x0,x0,0	  x0:0x00000000
       13265000	      1325	800018d4	00000013	addi	x0,x0,0	  x0:0x00000000
       13275000	      1326	800018d8	01005b93	srli	x23,x0,0x10	  x0:0x00000000 x23=0x00000000
       13285000	      1327	800018dc	00159d93	slli	x27,x11,0x1	 x11:0xfffffff1 x27=0xffffffe2
       13295000	      1328	800018e0	012ca5b3	slt	x11,x25,x18	 x25:0x00000000 x18:0x000001dd x11=0x00000001
       13305000	      1329	800018e4	011ff533	and	x10,x31,x17	 x31:0x80009f5c x17:0x0000000f x10=0x0000000c
       13315000	      1330	800018e8	01519833	sll	x16,x3,x21	  x3:0x8b8ef000 x21:0x000006ea x16=0x3bc00000
       13325000	      1331	800018ec	003e11b3	sll	x3,x28,x3	 x28:0x00000000  x3:0x8b8ef000  x3=0x00000000
       13335000	      1332	800018f0	40210433	sub	x8,x2,x2	  x2:0x00000000  x2:0x00000000  x8=0x00000000
       13345000	      1333	800018f4	02d10c63	beq	x2,x13,8000192c	  x2:0x00000000 x13:0x00000000
       13355000	      1334	00000000	00000013	addi	x0,x0,0	  x0:0x00000000
       13365000	      1335	80001928	00000013	addi	x0,x0,0	  x0:0x00000000
       13375000	      1336	8000192c	00000013	addi	x0,x0,0	  x0:0x00000000
       13385000	      1337	80001930	00585e33	srl	x28,x16,x5	 x16:0x3bc00000  x5:0x7215c7e0 x28=0x3bc00000
       13395000	      1338	80001934	01325a33	srl	x20,x4,x19	  x4:0x00000792 x19:0x000002e2 x20=0x000001e4
       13405000	      1339	80001938	40cb8333	sub	x6,x23,x12	 x23:0x00000000 x12:0x000006a4  x6=0xfffff95c
       13415000	      1340	8000193c	01e9fa33	and	x20,x19,x30	 x19:0x000002e2 x30:0x00000000 x20=0x00000000
       13425000	      1341	80001940	c42a0b13	addi	x22,x20,-958	 x20:0x00000000 x22=0xfffffc42
       13435000	      1342	80001944	258a9037	lui	x0,0x258a9	
       13445000	      1343	80001948	e6278213	addi	x4,x15,-414	 x15:0x00000684  x4=0x000004e6
       13455000	      1344	8000194c	4043d0b3	sra	x1,x7,x4	  x7:0x80009fc4  x4:0x000004e6  x1=0xfe00027f
       13465000	      1345	80001950	406a5633	sra	x12,x20,x6	 x20:0x00000000  x6:0xfffff95c x12=0x00000000
       13475000	      1346	80001954	03cadc63	bge	x21,x28,8000198c	 x21:0x000006ea x28:0x3bc00000
       13485000	      1347	80001958	00cb3533	sltu	x10,x22,x12	 x22:0xfffffc42 x12:0x00000000 x10=0x00000000
       13495000	      1348	8000195c	ceb96993	ori	x19,x18,-789	 x18:0x000001dd x19=0xfffffdff
       13505000	      1349	80001960	01f9ee33	or	x28,x19,x31	 x19:0xfffffdff x31:0x80009f5c x28=0xffffffff
       13515000	      1350	80001964	41e781b3	sub	x3,x15,x30	 x15:0x00000684 x30:0x00000000  x3=0x00000684
       13525000	      1351	80001968	40265093	srai	x1,x12,0x2	 x12:0x00000000  x1=0x00000000
       13535000	      1352	8000196c	8c5fca93	xori	x21,x31,-1851	 x31:0x80009f5c x21=0x7fff6799
       13545000	      1353	80001970	2c192493	slti	x9,x18,705	 x18:0x000001dd  x9=0x00000001
       13555000	      1354	80001974	9b664f13	xori	x30,x12,-1610	 x12:0x00000000 x30=0xfffff9b6
       13565000	      1355	80001978	0001d193	srli	x3,x3,0x0	  x3:0x00000684  x3=0x00000684
       13575000	      1356	8000197c	c66809b7	lui	x19,0xc6680	 x19=0xc6680000
       13585000	      1357	80001980	32b04517	auipc	x10,0x32b04	 x10=0xb2b0597c
       13595000	      1358	80001984	017515b3	sll	x11,x10,x23	 x10:0xb2b0597c x23:0x00000000 x11=0xb2b0597c
       13605000	      1359	80001988	4aceb417	auipc	x8,0x4aceb	  x8=0xcacec984
       13615000	      1360	8000198c	59ed2293	slti	x5,x26,1438	 x26:0x00000006  x5=0x00000001
       13625000	      1361	80001990	044af263	bgeu	x21,x4,800019d4	 x21:0x7fff6799  x4:0x000004e6
       13635000	      1362	00000000	00000013	addi	x0,x0,0	  x0:0x00000000
       13645000	      1363	800019d0	00000013	addi	x0,x0,0	  x0:0x00000000
       13655000	      1364	800019d4	8705a037	lui	x0,0x8705a	
       13665000	      1365	800019d8	40b10ab3	sub	x21,x2,x11	  x2:0x00000000 x11:0xb2b0597c x21=0x4d4fa684
       13675000	      1366	800019dc	00607733	and	x14,x0,x6	  x0:0x00000000  x6:0xfffff95c x14=0x00000000
       13685000	      1367	800019e0	00c5b1b3	sltu	x3,x11,x12	 x11:0xb2b0597c x12:0x00000000  x3=0x00000000
       13695000	      1368	800019e4	00b8c0b3	xor	x1,x17,x11	 x17:0x0000000f x11:0xb2b0597c  x1=0xb2b05973
       13705000	      1369	800019e8	75eb7993	andi	x19,x22,1886	 x22:0xfffffc42 x19=0x00000442
       13715000	      1370	800019ec	011e9133	sll	x2,x29,x17	 x29:0x000007f6 x17:0x0000000f  x2=0x03fb0000
       13725000	      1371	800019f0	40d5d333	sra	x6,x11,x13	 x11:0xb2b0597c x13:0x00000000  x6=0xb2b0597c
       13735000	      1372	800019f4	7bb82693	slti	x13,x16,1979	 x16:0x3bc00000 x13=0x00000000
       13745000	      1373	800019f8	02a7ec63	bltu	x15,x10,80001a30	 x15:0x00000684 x10:0xb2b0597c
       13755000	      1374	00000000	00000013	addi	x0,x0,0	  x0:0x00000000
       13765000	      1375	80001a2c	00000013	addi	x0,x0,0	  x0:0x00000000
       13775000	      1376	80001a30	00e2e833	or	x16,x5,x14	  x5:0x00000001 x14:0x00000000 x16=0x00000001
       13785000	      1377	80001a34	f4542313	slti	x6,x8,-187	  x8:0xcacec984  x6=0x00000001
       13795000	      1378	80001a38	e5e62313	slti	x6,x12,-418	 x12:0x00000000  x6=0x00000000
       13805000	      1379	80001a3c	0125cd33	xor	x26,x11,x18	 x11:0xb2b0597c x18:0x000001dd x26=0xb2b058a1
       13815000	      1380	80001a40	0068f263	bgeu	x17,x6,80001a44	 x17:0x0000000f  x6:0x00000000
       13825000	      1381	00000000	00000013	addi	x0,x0,0	  x0:0x00000000
       13835000	      1382	80001a40	00000013	addi	x0,x0,0	  x0:0x00000000
       13845000	      1383	80001a44	01a114b3	sll	x9,x2,x26	  x2:0x03fb0000 x26:0xb2b058a1  x9=0x07f60000
       13855000	      1384	80001a48	41738433	sub	x8,x7,x23	  x7:0x80009fc4 x23:0x00000000  x8=0x80009fc4
       13865000	      1385	80001a4c	003b0eb3	add	x29,x22,x3	 x22:0xfffffc42  x3:0x00000000 x29=0xfffffc42
       13875000	      1386	80001a50	00bb80b3	add	x1,x23,x11	 x23:0x00000000 x11:0xb2b0597c  x1=0xb2b0597c
       13885000	      1387	80001a54	004fa783	lw	x15,4(x31)	 x31:0x80009f5c x15=0x800008ec PA:0x80009f60
       13895000	      1388	80001a58	018f8f93	addi	x31,x31,24	 x31:0x80009f5c x31=0x80009f74
       13905000	      1389	80001a5c	006d6533	or	x10,x26,x6	 x26:0xb2b058a1  x6:0x00000000 x10=0xb2b058a1
       13915000	      1390	80001a60	e23ba413	slti	x8,x23,-477	 x23:0x00000000  x8=0x00000000
       13925000	      1391	80001a64	00000013	addi	x0,x0,0	  x0:0x00000000
       13935000	      1392	80001a68	40ef5693	srai	x13,x30,0xe	 x30:0xfffff9b6 x13=0xffffffff
       13945000	      1393	80001a6c	449ec893	xori	x17,x29,1097	 x29:0xfffffc42 x17=0xfffff80b
       13955000	      1394	80001a70	00178993	addi	x19,x15,1	 x15:0x800008ec x19=0x800008ed
       13965000	      1395	80001a74	000989e7	jalr	x19,x19,0	 x19:0x800008ed x19=0x80001a74
       13975000	      1396	00000000	00000013	addi	x0,x0,0	  x0:0x00000000
       13985000	      1397	800008ec	00000013	addi	x0,x0,0	  x0:0x00000000
       13995000	      1398	800008f0	00600a93	addi	x21,x0,6	  x0:0x00000000 x21=0x00000006
       14005000	      1399	800008f4	015ac833	xor	x16,x21,x21	 x21:0x00000006 x21:0x00000006 x16=0x00000000
       14015000	      1400	800008f8	00794a33	xor	x20,x18,x7	 x18:0x000001dd  x7:0x80009fc4 x20=0x80009e19
       14025000	      1401	800008fc	00600c93	addi	x25,x0,6	  x0:0x00000000 x25=0x00000006
       14035000	      1402	80000900	01dcd9b3	srl	x19,x25,x29	 x25:0x00000006 x29:0xfffffc42 x19=0x00000001
       14045000	      1403	80000904	4102d793	srai	x15,x5,0x10	  x5:0x00000001 x15=0x00000000
       14055000	      1404	80000908	130aa9b7	lui	x19,0x130aa	 x19=0x130aa000
       14065000	      1405	8000090c	f4790497	auipc	x9,0xf4790	  x9=0x74790908
       14075000	      1406	80000910	00000013	addi	x0,x0,0	  x0:0x00000000
       14085000	      1407	80000914	006e9333	sll	x6,x29,x6	 x29:0xfffffc42  x6:0x00000000  x6=0xfffffc42
       14095000	      1408	80000918	2ede0817	auipc	x16,0x2ede0	 x16=0xaede0914
       14105000	      1409	8000091c	00e6d493	srli	x9,x13,0xe	 x13:0xffffffff  x9=0x0003ffff
       14115000	      1410	80000920	00d89913	slli	x18,x17,0xd	 x17:0xfffff80b x18=0xff016000
       14125000	      1411	80000924	ffca8a93	addi	x21,x21,-4	 x21:0x00000006 x21=0x00000002
       14135000	      1412	80000928	3c12e013	ori	x0,x5,961	  x5:0x00000001
       14145000	      1413	8000092c	d17ac113	xori	x2,x21,-745	 x21:0x00000002  x2=0xfffffd15
       14155000	      1414	80000930	299035b7	lui	x11,0x29903	 x11=0x29903000
       14165000	      1415	80000934	40975db3	sra	x27,x14,x9	 x14:0x00000000  x9:0x0003ffff x27=0x00000000
       14175000	      1416	80000938	00a99713	slli	x14,x19,0xa	 x19:0x130aa000 x14=0x2a800000
       14185000	      1417	8000093c	8073be93	sltiu	x29,x7,-2041	  x7:0x80009fc4 x29=0x00000001
       14195000	      1418	80000940	fd9af6e3	bgeu	x21,x25,8000090c	 x21:0x00000002 x25:0x00000006
       14205000	      1419	80000944	a81f3f13	sltiu	x30,x30,-1407	 x30:0xfffff9b6 x30=0x00000001
       14215000	      1420	80000948	00700d93	addi	x27,x0,7	  x0:0x00000000 x27=0x00000007
       14225000	      1421	8000094c	00d00e93	addi	x29,x0,13	  x0:0x00000000 x29=0x0000000d
       14235000	      1422	80000950	7af87813	andi	x16,x16,1967	 x16:0xaede0914 x16=0x00000104
       14245000	      1423	80000954	41740833	sub	x16,x8,x23	  x8:0x00000000 x23:0x00000000 x16=0x00000000
       14255000	      1424	80000958	007d8d93	addi	x27,x27,7	 x27:0x00000007 x27=0x0000000e
       14265000	      1425	8000095c	ffddcce3	blt	x27,x29,80000954	 x27:0x0000000e x29:0x0000000d
       14275000	      1426	80000960	41a85213	srai	x4,x16,0x1a	 x16:0x00000000  x4=0x00000000
       14285000	      1427	80000964	fff00e13	addi	x28,x0,-1	  x0:0x00000000 x28=0xffffffff
       14295000	      1428	80000968	e47538b7	lui	x17,0xe4753	 x17=0xe4753000
       14305000	      1429	8000096c	01796d33	or	x26,x18,x23	 x18:0xff016000 x23:0x00000000 x26=0xff016000
       14315000	      1430	80000970	00be2cb3	slt	x25,x28,x11	 x28:0xffffffff x11:0x29903000 x25=0x00000001
       14325000	      1431	80000974	006c5a33	srl	x20,x24,x6	 x24:0x80000000  x6:0xfffffc42 x20=0x20000000
       14335000	      1432	80000978	9a47e113	ori	x2,x15,-1628	 x15:0x00000000  x2=0xfffff9a4
       14345000	      1433	8000097c	98b2a893	slti	x17,x5,-1653	  x5:0x00000001 x17=0x00000000
       14355000	      1434	80000980	0169ea33	or	x20,x19,x22	 x19:0x130aa000 x22:0xfffffc42 x20=0xfffffc42
       14365000	      1435	80000984	005adcb3	srl	x25,x21,x5	 x21:0x00000002  x5:0x00000001 x25=0x00000001
       14375000	      1436	80000988	00300e93	addi	x29,x0,3	  x0:0x00000000 x29=0x00000003
       14385000	      1437	8000098c	01041cb3	sll	x25,x8,x16	  x8:0x00000000 x16:0x00000000 x25=0x00000000
       14395000	      1438	80000990	00731913	slli	x18,x6,0x7	  x6:0xfffffc42 x18=0xfffe2100
       14405000	      1439	80000994	714f2117	auipc	x2,0x714f2	  x2=0xf14f2990
       14415000	      1440	80000998	005e0e13	addi	x28,x28,5	 x28:0xffffffff x28=0x00000004
       14425000	      1441	8000099c	4009dd93	srai	x27,x19,0x0	 x19:0x130aa000 x27=0x130aa000
       14435000	      1442	800009a0	01328d33	add	x26,x5,x19	  x5:0x00000001 x19:0x130aa000 x26=0x130aa001
       14445000	      1443	800009a4	00000013	addi	x0,x0,0	  x0:0x00000000
       14455000	      1444	800009a8	ffde66e3	bltu	x28,x29,80000994	 x28:0x00000004 x29:0x00000003
       14465000	      1445	800009ac	00ad1733	sll	x14,x26,x10	 x26:0x130aa001 x10:0xb2b058a1 x14=0x26154002
       14475000	      1446	800009b0	00300f13	addi	x30,x0,3	  x0:0x00000000 x30=0x00000003
       14485000	      1447	800009b4	00c41833	sll	x16,x8,x12	  x8:0x00000000 x12:0x00000000 x16=0x00000000
       14495000	      1448	800009b8	0191d433	srl	x8,x3,x25	  x3:0x00000000 x25:0x00000000  x8=0x00000000
       14505000	      1449	800009bc	0167d0b3	srl	x1,x15,x22	 x15:0x00000000 x22:0xfffffc42  x1=0x00000000
       14515000	      1450	800009c0	009d5493	srli	x9,x26,0x9	 x26:0x130aa001  x9=0x00098550
       14525000	      1451	800009c4	40d8d733	sra	x14,x17,x13	 x17:0x00000000 x13:0xffffffff x14=0x00000000
       14535000	      1452	800009c8	bdf14d13	xori	x26,x2,-1057	  x2:0xf14f2990 x26=0x0eb0d24f
       14545000	      1453	800009cc	009b1bb3	sll	x23,x22,x9	 x22:0xfffffc42  x9:0x00098550 x23=0xfc420000
       14555000	      1454	800009d0	01fb2bb3	slt	x23,x22,x31	 x22:0xfffffc42 x31:0x80009f74 x23=0x00000000
       14565000	      1455	800009d4	0064b433	sltu	x8,x9,x6	  x9:0x00098550  x6:0xfffffc42  x8=0x00000001
       14575000	      1456	800009d8	00300293	addi	x5,x0,3	  x0:0x00000000  x5=0x00000003
       14585000	      1457	800009dc	01377133	and	x2,x14,x19	 x14:0x00000000 x19:0x130aa000  x2=0x00000000
       14595000	      1458	800009e0	00c2fa33	and	x20,x5,x12	  x5:0x00000003 x12:0x00000000 x20=0x00000000
       14605000	      1459	800009e4	00000013	addi	x0,x0,0	  x0:0x00000000
       14615000	      1460	800009e8	012ca533	slt	x10,x25,x18	 x25:0x00000000 x18:0xfffe2100 x10=0x00000000
       14625000	      1461	800009ec	ffef0f13	addi	x30,x30,-2	 x30:0x00000003 x30=0x00000001
       14635000	      1462	800009f0	405d58b3	sra	x17,x26,x5	 x26:0x0eb0d24f  x5:0x00000003 x17=0x01d61a49
       14645000	      1463	800009f4	0180f233	and	x4,x1,x24	  x1:0x00000000 x24:0x80000000  x4=0x00000000
       14655000	      1464	800009f8	01ba9b93	slli	x23,x21,0x1b	 x21:0x00000002 x23=0x10000000
       14665000	      1465	800009fc	01ca1d33	sll	x26,x20,x28	 x20:0x00000000 x28:0x00000004 x26=0x00000000
       14675000	      1466	80000a00	fc5f7ee3	bgeu	x30,x5,800009dc	 x30:0x00000001  x5:0x00000003
       14685000	      1467	80000a04	41ffd713	srai	x14,x31,0x1f	 x31:0x80009f74 x14=0xffffffff
       14695000	      1468	80000a08	ff600e13	addi	x28,x0,-10	  x0:0x00000000 x28=0xfffffff6
       14705000	      1469	80000a0c	00000013	addi	x0,x0,0	  x0:0x00000000
       14715000	      1470	80000a10	45f46a93	ori	x21,x8,1119	  x8:0x00000001 x21=0x0000045f
       14725000	      1471	80000a14	8c0c0793	addi	x15,x24,-1856	 x24:0x80000000 x15=0x7ffff8c0
       14735000	      1472	80000a18	413c8cb3	sub	x25,x25,x19	 x25:0x00000000 x19:0x130aa000 x25=0xecf56000
       14745000	      1473	80000a1c	41980b33	sub	x22,x16,x25	 x16:0x00000000 x25:0xecf56000 x22=0x130aa000
       14755000	      1474	80000a20	40f4db93	srai	x23,x9,0xf	  x9:0x00098550 x23=0x00000013
       14765000	      1475	80000a24	01e2c233	xor	x4,x5,x30	  x5:0x00000003 x30:0x00000001  x4=0x00000002
       14775000	      1476	80000a28	01463f33	sltu	x30,x12,x20	 x12:0x00000000 x20:0x00000000 x30=0x00000000
       14785000	      1477	80000a2c	ff200e93	addi	x29,x0,-14	  x0:0x00000000 x29=0xfffffff2
       14795000	      1478	80000a30	00f570b3	and	x1,x10,x15	 x10:0x00000000 x15:0x7ffff8c0  x1=0x00000000
       14805000	      1479	80000a34	012256b3	srl	x13,x4,x18	  x4:0x00000002 x18:0xfffe2100 x13=0x00000002
       14815000	      1480	80000a38	c330a117	auipc	x2,0xc330a	  x2=0x4330aa34
       14825000	      1481	80000a3c	0119dab3	srl	x21,x19,x17	 x19:0x130aa000 x17:0x01d61a49 x21=0x00098550
       14835000	      1482	80000a40	63624593	xori	x11,x4,1590	  x4:0x00000002 x11=0x00000634
       14845000	      1483	80000a44	fffe0e13	addi	x28,x28,-1	 x28:0xfffffff6 x28=0xfffffff5
       14855000	      1484	80000a48	016737b3	sltu	x15,x14,x22	 x14:0xffffffff x22:0x130aa000 x15=0x00000000
       14865000	      1485	80000a4c	01c4b2b3	sltu	x5,x9,x28	  x9:0x00098550 x28:0xfffffff5  x5=0x00000001
       14875000	      1486	80000a50	0052ba33	sltu	x20,x5,x5	  x5:0x00000001  x5:0x00000001 x20=0x00000000
       14885000	      1487	80000a54	01650833	add	x16,x10,x22	 x10:0x00000000 x22:0x130aa000 x16=0x130aa000
       14895000	      1488	80000a58	dda130b7	lui	x1,0xdda13	  x1=0xdda13000
       14905000	      1489	80000a5c	b9668513	addi	x10,x13,-1130	 x13:0x00000002 x10=0xfffffb98
       14915000	      1490	80000a60	011e0a33	add	x20,x28,x17	 x28:0xfffffff5 x17:0x01d61a49 x20=0x01d61a3e
       14925000	      1491	80000a64	0153da13	srli	x20,x7,0x15	  x7:0x80009fc4 x20=0x00000400
       14935000	      1492	80000a68	fdde5ce3	bge	x28,x29,80000a40	 x28:0xfffffff5 x29:0xfffffff2
       14945000	      1493	00000000	00000013	addi	x0,x0,0	  x0:0x00000000
       14955000	      1494	80000a3c	00000013	addi	x0,x0,0	  x0:0x00000000
       14965000	      1495	80000a40	63624593	xori	x11,x4,1590	  x4:0x00000002 x11=0x00000634
       14975000	      1496	80000a44	fffe0e13	addi	x28,x28,-1	 x28:0xfffffff5 x28=0xfffffff4
       14985000	      1497	80000a48	016737b3	sltu	x15,x14,x22	 x14:0xffffffff x22:0x130aa000 x15=0x00000000
       14995000	      1498	80000a4c	01c4b2b3	sltu	x5,x9,x28	  x9:0x00098550 x28:0xfffffff4  x5=0x00000001
       15005000	      1499	80000a50	0052ba33	sltu	x20,x5,x5	  x5:0x00000001  x5:0x00000001 x20=0x00000000
       15015000	      1500	80000a54	01650833	add	x16,x10,x22	 x10:0xfffffb98 x22:0x130aa000 x16=0x130a9b98
       15025000	      1501	80000a58	dda130b7	lui	x1,0xdda13	  x1=0xdda13000
       15035000	      1502	80000a5c	b9668513	addi	x10,x13,-1130	 x13:0x00000002 x10=0xfffffb98
       15045000	      1503	80000a60	011e0a33	add	x20,x28,x17	 x28:0xfffffff4 x17:0x01d61a49 x20=0x01d61a3d
       15055000	      1504	80000a64	0153da13	srli	x20,x7,0x15	  x7:0x80009fc4 x20=0x00000400
       15065000	      1505	80000a68	fdde5ce3	bge	x28,x29,80000a40	 x28:0xfffffff4 x29:0xfffffff2
       15075000	      1506	00000000	00000013	addi	x0,x0,0	  x0:0x00000000
       15085000	      1507	80000a3c	00000013	addi	x0,x0,0	  x0:0x00000000
       15095000	      1508	80000a40	63624593	xori	x11,x4,1590	  x4:0x00000002 x11=0x00000634
       15105000	      1509	80000a44	fffe0e13	addi	x28,x28,-1	 x28:0xfffffff4 x28=0xfffffff3
       15115000	      1510	80000a48	016737b3	sltu	x15,x14,x22	 x14:0xffffffff x22:0x130aa000 x15=0x00000000
       15125000	      1511	80000a4c	01c4b2b3	sltu	x5,x9,x28	  x9:0x00098550 x28:0xfffffff3  x5=0x00000001
       15135000	      1512	80000a50	0052ba33	sltu	x20,x5,x5	  x5:0x00000001  x5:0x00000001 x20=0x00000000
       15145000	      1513	80000a54	01650833	add	x16,x10,x22	 x10:0xfffffb98 x22:0x130aa000 x16=0x130a9b98
       15155000	      1514	80000a58	dda130b7	lui	x1,0xdda13	  x1=0xdda13000
       15165000	      1515	80000a5c	b9668513	addi	x10,x13,-1130	 x13:0x00000002 x10=0xfffffb98
       15175000	      1516	80000a60	011e0a33	add	x20,x28,x17	 x28:0xfffffff3 x17:0x01d61a49 x20=0x01d61a3c
       15185000	      1517	80000a64	0153da13	srli	x20,x7,0x15	  x7:0x80009fc4 x20=0x00000400
       15195000	      1518	80000a68	fdde5ce3	bge	x28,x29,80000a40	 x28:0xfffffff3 x29:0xfffffff2
       15205000	      1519	00000000	00000013	addi	x0,x0,0	  x0:0x00000000
       15215000	      1520	80000a3c	00000013	addi	x0,x0,0	  x0:0x00000000
       15225000	      1521	80000a40	63624593	xori	x11,x4,1590	  x4:0x00000002 x11=0x00000634
       15235000	      1522	80000a44	fffe0e13	addi	x28,x28,-1	 x28:0xfffffff3 x28=0xfffffff2
       15245000	      1523	80000a48	016737b3	sltu	x15,x14,x22	 x14:0xffffffff x22:0x130aa000 x15=0x00000000
       15255000	      1524	80000a4c	01c4b2b3	sltu	x5,x9,x28	  x9:0x00098550 x28:0xfffffff2  x5=0x00000001
       15265000	      1525	80000a50	0052ba33	sltu	x20,x5,x5	  x5:0x00000001  x5:0x00000001 x20=0x00000000
       15275000	      1526	80000a54	01650833	add	x16,x10,x22	 x10:0xfffffb98 x22:0x130aa000 x16=0x130a9b98
       15285000	      1527	80000a58	dda130b7	lui	x1,0xdda13	  x1=0xdda13000
       15295000	      1528	80000a5c	b9668513	addi	x10,x13,-1130	 x13:0x00000002 x10=0xfffffb98
       15305000	      1529	80000a60	011e0a33	add	x20,x28,x17	 x28:0xfffffff2 x17:0x01d61a49 x20=0x01d61a3b
       15315000	      1530	80000a64	0153da13	srli	x20,x7,0x15	  x7:0x80009fc4 x20=0x00000400
       15325000	      1531	80000a68	fdde5ce3	bge	x28,x29,80000a40	 x28:0xfffffff2 x29:0xfffffff2
       15335000	      1532	00000000	00000013	addi	x0,x0,0	  x0:0x00000000
       15345000	      1533	80000a3c	00000013	addi	x0,x0,0	  x0:0x00000000
       15355000	      1534	80000a40	63624593	xori	x11,x4,1590	  x4:0x00000002 x11=0x00000634
       15365000	      1535	80000a44	fffe0e13	addi	x28,x28,-1	 x28:0xfffffff2 x28=0xfffffff1
       15375000	      1536	80000a48	016737b3	sltu	x15,x14,x22	 x14:0xffffffff x22:0x130aa000 x15=0x00000000
       15385000	      1537	80000a4c	01c4b2b3	sltu	x5,x9,x28	  x9:0x00098550 x28:0xfffffff1  x5=0x00000001
       15395000	      1538	80000a50	0052ba33	sltu	x20,x5,x5	  x5:0x00000001  x5:0x00000001 x20=0x00000000
       15405000	      1539	80000a54	01650833	add	x16,x10,x22	 x10:0xfffffb98 x22:0x130aa000 x16=0x130a9b98
       15415000	      1540	80000a58	dda130b7	lui	x1,0xdda13	  x1=0xdda13000
       15425000	      1541	80000a5c	b9668513	addi	x10,x13,-1130	 x13:0x00000002 x10=0xfffffb98
       15435000	      1542	80000a60	011e0a33	add	x20,x28,x17	 x28:0xfffffff1 x17:0x01d61a49 x20=0x01d61a3a
       15445000	      1543	80000a64	0153da13	srli	x20,x7,0x15	  x7:0x80009fc4 x20=0x00000400
       15455000	      1544	80000a68	fdde5ce3	bge	x28,x29,80000a40	 x28:0xfffffff1 x29:0xfffffff2
       15465000	      1545	80000a6c	009b74b3	and	x9,x22,x9	 x22:0x130aa000  x9:0x00098550  x9=0x00088000
       15475000	      1546	80000a70	76dc2093	slti	x1,x24,1901	 x24:0x80000000  x1=0x00000001
       15485000	      1547	80000a74	413a5e93	srai	x29,x20,0x13	 x20:0x00000400 x29=0x00000000
       15495000	      1548	80000a78	010aeb33	or	x22,x21,x16	 x21:0x00098550 x16:0x130a9b98 x22=0x130b9fd8
       15505000	      1549	80000a7c	1f287213	andi	x4,x16,498	 x16:0x130a9b98  x4=0x00000190
       15515000	      1550	80000a80	410c0533	sub	x10,x24,x16	 x24:0x80000000 x16:0x130a9b98 x10=0x6cf56468
       15525000	      1551	80000a84	012a4933	xor	x18,x20,x18	 x20:0x00000400 x18:0xfffe2100 x18=0xfffe2500
       15535000	      1552	80000a88	015e7e33	and	x28,x28,x21	 x28:0xfffffff1 x21:0x00098550 x28=0x00098550
       15545000	      1553	80000a8c	00099d93	slli	x27,x19,0x0	 x19:0x130aa000 x27=0x130aa000
       15555000	      1554	80000a90	67812c93	slti	x25,x2,1656	  x2:0x4330aa34 x25=0x00000000
       15565000	      1555	80000a94	02a17263	bgeu	x2,x10,80000ab8	  x2:0x4330aa34 x10:0x6cf56468
       15575000	      1556	80000a98	407c8633	sub	x12,x25,x7	 x25:0x00000000  x7:0x80009fc4 x12=0x7fff603c
       15585000	      1557	80000a9c	9525b913	sltiu	x18,x11,-1710	 x11:0x00000634 x18=0x00000001
       15595000	      1558	80000aa0	319ba813	slti	x16,x23,793	 x23:0x00000013 x16=0x00000001
       15605000	      1559	80000aa4	00b73933	sltu	x18,x14,x11	 x14:0xffffffff x11:0x00000634 x18=0x00000000
       15615000	      1560	80000aa8	012f8eb3	add	x29,x31,x18	 x31:0x80009f74 x18:0x00000000 x29=0x80009f74
       15625000	      1561	80000aac	022a5c63	bge	x20,x2,80000ae4	 x20:0x00000400  x2:0x4330aa34
       15635000	      1562	80000ab0	027d7263	bgeu	x26,x7,80000ad4	 x26:0x00000000  x7:0x80009fc4
       15645000	      1563	80000ab4	01e54d33	xor	x26,x10,x30	 x10:0x6cf56468 x30:0x00000000 x26=0x6cf56468
       15655000	      1564	80000ab8	00224133	xor	x2,x4,x2	  x4:0x00000190  x2:0x4330aa34  x2=0x4330aba4
       15665000	      1565	80000abc	012d9a63	bne	x27,x18,80000ad0	 x27:0x130aa000 x18:0x00000000
       15675000	      1566	00000000	00000013	addi	x0,x0,0	  x0:0x00000000
       15685000	      1567	80000acc	00000013	addi	x0,x0,0	  x0:0x00000000
       15695000	      1568	80000ad0	6db73d93	sltiu	x27,x14,1755	 x14:0xffffffff x27=0x00000000
       15705000	      1569	80000ad4	411fd833	sra	x16,x31,x17	 x31:0x80009f74 x17:0x01d61a49 x16=0xffc0004f
       15715000	      1570	80000ad8	4123d613	srai	x12,x7,0x12	  x7:0x80009fc4 x12=0xffffe000
       15725000	      1571	80000adc	01b9af33	slt	x30,x19,x27	 x19:0x130aa000 x27:0x00000000 x30=0x00000000
       15735000	      1572	80000ae0	02d54863	blt	x10,x13,80000b10	 x10:0x6cf56468 x13:0x00000002
       15745000	      1573	80000ae4	05277263	bgeu	x14,x18,80000b28	 x14:0xffffffff x18:0x00000000
       15755000	      1574	00000000	00000013	addi	x0,x0,0	  x0:0x00000000
       15765000	      1575	80000b24	00000013	addi	x0,x0,0	  x0:0x00000000
       15775000	      1576	80000b28	231c8c93	addi	x25,x25,561	 x25:0x00000000 x25=0x00000231
       15785000	      1577	80000b2c	00247a63	bgeu	x8,x2,80000b40	  x8:0x00000001  x2:0x4330aba4
       15795000	      1578	80000b30	04384663	blt	x16,x3,80000b7c	 x16:0xffc0004f  x3:0x00000000
       15805000	      1579	00000000	00000013	addi	x0,x0,0	  x0:0x00000000
       15815000	      1580	80000b78	00000013	addi	x0,x0,0	  x0:0x00000000
       15825000	      1581	80000b7c	00e60833	add	x16,x12,x14	 x12:0xffffe000 x14:0xffffffff x16=0xffffdfff
       15835000	      1582	80000b80	03cb1063	bne	x22,x28,80000ba0	 x22:0x130b9fd8 x28:0x00098550
       15845000	      1583	00000000	00000013	addi	x0,x0,0	  x0:0x00000000
       15855000	      1584	80000b9c	00000013	addi	x0,x0,0	  x0:0x00000000
       15865000	      1585	80000ba0	0017f8b3	and	x17,x15,x1	 x15:0x00000000  x1:0x00000001 x17=0x00000000
       15875000	      1586	80000ba4	17a0e713	ori	x14,x1,378	  x1:0x00000001 x14=0x0000017b
       15885000	      1587	80000ba8	00000013	addi	x0,x0,0	  x0:0x00000000
       15895000	      1588	80000bac	03d36c63	bltu	x6,x29,80000be4	  x6:0xfffffc42 x29:0x80009f74
       15905000	      1589	80000bb0	6b176313	ori	x6,x14,1713	 x14:0x0000017b  x6=0x000007fb
       15915000	      1590	80000bb4	00475a33	srl	x20,x14,x4	 x14:0x0000017b  x4:0x00000190 x20=0x00000000
       15925000	      1591	80000bb8	b4b73e13	sltiu	x28,x14,-1205	 x14:0x0000017b x28=0x00000001
       15935000	      1592	80000bbc	2660f093	andi	x1,x1,614	  x1:0x00000001  x1=0x00000000
       15945000	      1593	80000bc0	00525263	bge	x4,x5,80000bc4	  x4:0x00000190  x5:0x00000001
       15955000	      1594	00000000	00000013	addi	x0,x0,0	  x0:0x00000000
       15965000	      1595	80000bc0	00000013	addi	x0,x0,0	  x0:0x00000000
       15975000	      1596	80000bc4	01478bb3	add	x23,x15,x20	 x15:0x00000000 x20:0x00000000 x23=0x00000000
       15985000	      1597	80000bc8	004c7a33	and	x20,x24,x4	 x24:0x80000000  x4:0x00000190 x20=0x00000000
       15995000	      1598	80000bcc	0146c2b3	xor	x5,x13,x20	 x13:0x00000002 x20:0x00000000  x5=0x00000002
       16005000	      1599	80000bd0	01c86533	or	x10,x16,x28	 x16:0xffffdfff x28:0x00000001 x10=0xffffdfff
       16015000	      1600	80000bd4	41bc0a33	sub	x20,x24,x27	 x24:0x80000000 x27:0x00000000 x20=0x80000000
       16025000	      1601	80000bd8	03671c63	bne	x14,x22,80000c10	 x14:0x0000017b x22:0x130b9fd8
       16035000	      1602	00000000	00000013	addi	x0,x0,0	  x0:0x00000000
       16045000	      1603	80000c0c	00000013	addi	x0,x0,0	  x0:0x00000000
       16055000	      1604	80000c10	5ac93d17	auipc	x26,0x5ac93	 x26=0xdac93c0c
       16065000	      1605	80000c14	02c5f463	bgeu	x11,x12,80000c3c	 x11:0x00000634 x12:0xffffe000
       16075000	      1606	80000c18	0007e133	or	x2,x15,x0	 x15:0x00000000  x0:0x00000000  x2=0x00000000
       16085000	      1607	80000c1c	032a4263	blt	x20,x18,80000c40	 x20:0x80000000 x18:0x00000000
       16095000	      1608	00000000	00000013	addi	x0,x0,0	  x0:0x00000000
       16105000	      1609	80000c3c	00000013	addi	x0,x0,0	  x0:0x00000000
       16115000	      1610	80000c40	99336013	ori	x0,x6,-1645	  x6:0x000007fb
       16125000	      1611	80000c44	4a404013	xori	x0,x0,1188	  x0:0x00000000
       16135000	      1612	80000c48	00fe5b33	srl	x22,x28,x15	 x28:0x00000001 x15:0x00000000 x22=0x00000001
       16145000	      1613	80000c4c	003c9863	bne	x25,x3,80000c5c	 x25:0x00000231  x3:0x00000000
       16155000	      1614	00000000	00000013	addi	x0,x0,0	  x0:0x00000000
       16165000	      1615	80000c58	00000013	addi	x0,x0,0	  x0:0x00000000
       16175000	      1616	80000c5c	41285613	srai	x12,x16,0x12	 x16:0xffffdfff x12=0xffffffff
       16185000	      1617	80000c60	59980993	addi	x19,x16,1433	 x16:0xffffdfff x19=0xffffe598
       16195000	      1618	80000c64	03d7cc63	blt	x15,x29,80000c9c	 x15:0x00000000 x29:0x80009f74
       16205000	      1619	80000c68	02a6cc63	blt	x13,x10,80000ca0	 x13:0x00000002 x10:0xffffdfff
       16215000	      1620	80000c6c	6c7fa613	slti	x12,x31,1735	 x31:0x80009f74 x12=0x00000001
       16225000	      1621	80000c70	014f65b3	or	x11,x30,x20	 x30:0x00000000 x20:0x80000000 x11=0x80000000
       16235000	      1622	80000c74	041e7263	bgeu	x28,x1,80000cb8	 x28:0x00000001  x1:0x00000000
       16245000	      1623	00000000	00000013	addi	x0,x0,0	  x0:0x00000000
       16255000	      1624	80000cb4	00000013	addi	x0,x0,0	  x0:0x00000000
       16265000	      1625	80000cb8	0127f4b3	and	x9,x15,x18	 x15:0x00000000 x18:0x00000000  x9=0x00000000
       16275000	      1626	80000cbc	0320d263	bge	x1,x18,80000ce0	  x1:0x00000000 x18:0x00000000
       16285000	      1627	00000000	00000013	addi	x0,x0,0	  x0:0x00000000
       16295000	      1628	80000cdc	00000013	addi	x0,x0,0	  x0:0x00000000
       16305000	      1629	80000ce0	7b8d7913	andi	x18,x26,1976	 x26:0xdac93c0c x18=0x00000408
       16315000	      1630	80000ce4	4179ef13	ori	x30,x19,1047	 x19:0xffffe598 x30=0xffffe59f
       16325000	      1631	80000ce8	01f3bdb3	sltu	x27,x7,x31	  x7:0x80009fc4 x31:0x80009f74 x27=0x00000000
       16335000	      1632	80000cec	e1614f13	xori	x30,x2,-490	  x2:0x00000000 x30=0xfffffe16
       16345000	      1633	80000cf0	015adf33	srl	x30,x21,x21	 x21:0x00098550 x21:0x00098550 x30=0x00000009
       16355000	      1634	80000cf4	02feaa93	slti	x21,x29,47	 x29:0x80009f74 x21=0x00000001
       16365000	      1635	80000cf8	3db58293	addi	x5,x11,987	 x11:0x80000000  x5=0x800003db
       16375000	      1636	80000cfc	58d36893	ori	x17,x6,1421	  x6:0x000007fb x17=0x000007ff
       16385000	      1637	80000d00	00919313	slli	x6,x3,0x9	  x3:0x00000000  x6=0x00000000
       16395000	      1638	80000d04	030f6c63	bltu	x30,x16,80000d3c	 x30:0x00000009 x16:0xffffdfff
       16405000	      1639	00000000	00000013	addi	x0,x0,0	  x0:0x00000000
       16415000	      1640	80000d38	00000013	addi	x0,x0,0	  x0:0x00000000
       16425000	      1641	80000d3c	3b13f637	lui	x12,0x3b13f	 x12=0x3b13f000
       16435000	      1642	80000d40	25b9e637	lui	x12,0x25b9e	 x12=0x25b9e000
       16445000	      1643	80000d44	00000013	addi	x0,x0,0	  x0:0x00000000
       16455000	      1644	80000d48	012d5c93	srli	x25,x26,0x12	 x26:0xdac93c0c x25=0x000036b2
       16465000	      1645	80000d4c	40900233	sub	x4,x0,x9	  x0:0x00000000  x9:0x00000000  x4=0x00000000
       16475000	      1646	80000d50	0008ec63	bltu	x17,x0,80000d68	 x17:0x000007ff  x0:0x00000000
       16485000	      1647	80000d54	013bd993	srli	x19,x23,0x13	 x23:0x00000000 x19=0x00000000
       16495000	      1648	80000d58	00e46033	or	x0,x8,x14	  x8:0x00000001 x14:0x0000017b
       16505000	      1649	80000d5c	314e7b97	auipc	x23,0x314e7	 x23=0xb14e7d58
       16515000	      1650	80000d60	00000013	addi	x0,x0,0	  x0:0x00000000
       16525000	      1651	80000d64	006d2ab3	slt	x21,x26,x6	 x26:0xdac93c0c  x6:0x00000000 x21=0x00000001
       16535000	      1652	80000d68	01869513	slli	x10,x13,0x18	 x13:0x00000002 x10=0x02000000
       16545000	      1653	80000d6c	03455a63	bge	x10,x20,80000da0	 x10:0x02000000 x20:0x80000000
       16555000	      1654	00000000	00000013	addi	x0,x0,0	  x0:0x00000000
       16565000	      1655	80000d9c	00000013	addi	x0,x0,0	  x0:0x00000000
       16575000	      1656	80000da0	4007dd93	srai	x27,x15,0x0	 x15:0x00000000 x27=0x00000000
       16585000	      1657	80000da4	401eda33	sra	x20,x29,x1	 x29:0x80009f74  x1:0x00000000 x20=0x80009f74
       16595000	      1658	80000da8	02e3ec63	bltu	x7,x14,80000de0	  x7:0x80009fc4 x14:0x0000017b
       16605000	      1659	80000dac	8f78f697	auipc	x13,0x8f78f	 x13=0x0f78fda8
       16615000	      1660	80000db0	40bf0bb3	sub	x23,x30,x11	 x30:0x00000009 x11:0x80000000 x23=0x80000009
       16625000	      1661	80000db4	01a0da63	bge	x1,x26,80000dc8	  x1:0x00000000 x26:0xdac93c0c
       16635000	      1662	00000000	00000013	addi	x0,x0,0	  x0:0x00000000
       16645000	      1663	80000dc4	00000013	addi	x0,x0,0	  x0:0x00000000
       16655000	      1664	80000dc8	41790db3	sub	x27,x18,x23	 x18:0x00000408 x23:0x80000009 x27=0x800003ff
       16665000	      1665	80000dcc	01ee4533	xor	x10,x28,x30	 x28:0x00000001 x30:0x00000009 x10=0x00000008
       16675000	      1666	80000dd0	011b24b3	slt	x9,x22,x17	 x22:0x00000001 x17:0x000007ff  x9=0x00000001
       16685000	      1667	80000dd4	3051e513	ori	x10,x3,773	  x3:0x00000000 x10=0x00000305
       16695000	      1668	80000dd8	00c528b3	slt	x17,x10,x12	 x10:0x00000305 x12:0x25b9e000 x17=0x00000001
       16705000	      1669	80000ddc	02b8c863	blt	x17,x11,80000e0c	 x17:0x00000001 x11:0x80000000
       16715000	      1670	80000de0	41045713	srai	x14,x8,0x10	  x8:0x00000001 x14=0x00000000
       16725000	      1671	80000de4	7c9e1037	lui	x0,0x7c9e1	
       16735000	      1672	80000de8	6bb90493	addi	x9,x18,1723	 x18:0x00000408  x9=0x00000ac3
       16745000	      1673	80000dec	0415e663	bltu	x11,x1,80000e38	 x11:0x80000000  x1:0x00000000
       16755000	      1674	80000df0	0068e733	or	x14,x17,x6	 x17:0x00000001  x6:0x00000000 x14=0x00000001
       16765000	      1675	80000df4	016d2133	slt	x2,x26,x22	 x26:0xdac93c0c x22:0x00000001  x2=0x00000001
       16775000	      1676	80000df8	01dad093	srli	x1,x21,0x1d	 x21:0x00000001  x1=0x00000000
       16785000	      1677	80000dfc	3ead8c93	addi	x25,x27,1002	 x27:0x800003ff x25=0x800007e9
       16795000	      1678	80000e00	017b8bb3	add	x23,x23,x23	 x23:0x80000009 x23:0x80000009 x23=0x00000012
       16805000	      1679	80000e04	88387f13	andi	x30,x16,-1917	 x16:0xffffdfff x30=0xffffd883
       16815000	      1680	80000e08	fa556793	ori	x15,x10,-91	 x10:0x00000305 x15=0xffffffa5
       16825000	      1681	80000e0c	aa2f7d93	andi	x27,x30,-1374	 x30:0xffffd883 x27=0xffffd882
       16835000	      1682	80000e10	00cd9933	sll	x18,x27,x12	 x27:0xffffd882 x12:0x25b9e000 x18=0xffffd882
       16845000	      1683	80000e14	00aca4b3	slt	x9,x25,x10	 x25:0x800007e9 x10:0x00000305  x9=0x00000001
       16855000	      1684	80000e18	03f89463	bne	x17,x31,80000e40	 x17:0x00000001 x31:0x80009f74
       16865000	      1685	00000000	00000013	addi	x0,x0,0	  x0:0x00000000
       16875000	      1686	80000e3c	00000013	addi	x0,x0,0	  x0:0x00000000
       16885000	      1687	80000e40	01b6b6b3	sltu	x13,x13,x27	 x13:0x0f78fda8 x27:0xffffd882 x13=0x00000001
       16895000	      1688	80000e44	3ebbc613	xori	x12,x23,1003	 x23:0x00000012 x12=0x000003f9
       16905000	      1689	80000e48	01fb9d93	slli	x27,x23,0x1f	 x23:0x00000012 x27=0x00000000
       16915000	      1690	80000e4c	e1730613	addi	x12,x6,-489	  x6:0x00000000 x12=0xfffffe17
       16925000	      1691	80000e50	0126d413	srli	x8,x13,0x12	 x13:0x00000001  x8=0x00000000
       16935000	      1692	80000e54	018547b3	xor	x15,x10,x24	 x10:0x00000305 x24:0x80000000 x15=0x80000305
       16945000	      1693	80000e58	40b05893	srai	x17,x0,0xb	  x0:0x00000000 x17=0x00000000
       16955000	      1694	80000e5c	0114f863	bgeu	x9,x17,80000e6c	  x9:0x00000001 x17:0x00000000
       16965000	      1695	00000000	00000013	addi	x0,x0,0	  x0:0x00000000
       16975000	      1696	80000e68	00000013	addi	x0,x0,0	  x0:0x00000000
       16985000	      1697	80000e6c	01cf9263	bne	x31,x28,80000e70	 x31:0x80009f74 x28:0x00000001
       16995000	      1698	00000000	00000013	addi	x0,x0,0	  x0:0x00000000
       17005000	      1699	80000e6c	00000013	addi	x0,x0,0	  x0:0x00000000
       17015000	      1700	80000e70	20683193	sltiu	x3,x16,518	 x16:0xffffdfff  x3=0x00000000
       17025000	      1701	80000e74	00e12233	slt	x4,x2,x14	  x2:0x00000001 x14:0x00000001  x4=0x00000000
       17035000	      1702	80000e78	00beda93	srli	x21,x29,0xb	 x29:0x80009f74 x21=0x00100013
       17045000	      1703	80000e7c	fa7a7097	auipc	x1,0xfa7a7	  x1=0x7a7a7e78
       17055000	      1704	80000e80	011f7263	bgeu	x30,x17,80000e84	 x30:0xffffd883 x17:0x00000000
       17065000	      1705	00000000	00000013	addi	x0,x0,0	  x0:0x00000000
       17075000	      1706	80000e80	00000013	addi	x0,x0,0	  x0:0x00000000
       17085000	      1707	80000e84	2d054213	xori	x4,x10,720	 x10:0x00000305  x4=0x000001d5
       17095000	      1708	80000e88	0020cc63	blt	x1,x2,80000ea0	  x1:0x7a7a7e78  x2:0x00000001
       17105000	      1709	80000e8c	0149dd13	srli	x26,x19,0x14	 x19:0x00000000 x26=0x00000000
       17115000	      1710	80000e90	001da533	slt	x10,x27,x1	 x27:0x00000000  x1:0x7a7a7e78 x10=0x00000001
       17125000	      1711	80000e94	17f2ec93	ori	x25,x5,383	  x5:0x800003db x25=0x800003ff
       17135000	      1712	80000e98	92134b93	xori	x23,x6,-1759	  x6:0x00000000 x23=0xfffff921
       17145000	      1713	80000e9c	64857b13	andi	x22,x10,1608	 x10:0x00000001 x22=0x00000000
       17155000	      1714	80000ea0	007971b3	and	x3,x18,x7	 x18:0xffffd882  x7:0x80009fc4  x3=0x80009880
       17165000	      1715	80000ea4	00fa0eb3	add	x29,x20,x15	 x20:0x80009f74 x15:0x80000305 x29=0x0000a279
       17175000	      1716	80000ea8	e6fd4313	xori	x6,x26,-401	 x26:0x00000000  x6=0xfffffe6f
       17185000	      1717	80000eac	00345333	srl	x6,x8,x3	  x8:0x00000000  x3:0x80009880  x6=0x00000000
       17195000	      1718	80000eb0	4108dcb3	sra	x25,x17,x16	 x17:0x00000000 x16:0xffffdfff x25=0x00000000
       17205000	      1719	80000eb4	01e3dcb3	srl	x25,x7,x30	  x7:0x80009fc4 x30:0xffffd883 x25=0x100013f8
       17215000	      1720	80000eb8	10f235b7	lui	x11,0x10f23	 x11=0x10f23000
       17225000	      1721	80000ebc	004fa783	lw	x15,4(x31)	 x31:0x80009f74 x15=0x8000013c PA:0x80009f78
       17235000	      1722	80000ec0	010f8f93	addi	x31,x31,16	 x31:0x80009f74 x31=0x80009f84
       17245000	      1723	80000ec4	40935013	srai	x0,x6,0x9	  x6:0x00000000
       17255000	      1724	80000ec8	01b95733	srl	x14,x18,x27	 x18:0xffffd882 x27:0x00000000 x14=0xffffd882
       17265000	      1725	80000ecc	00e2d693	srli	x13,x5,0xe	  x5:0x800003db x13=0x00020000
       17275000	      1726	80000ed0	007a46b3	xor	x13,x20,x7	 x20:0x80009f74  x7:0x80009fc4 x13=0x000000b0
       17285000	      1727	80000ed4	00078b93	addi	x23,x15,0	 x15:0x8000013c x23=0x8000013c
       17295000	      1728	80000ed8	000b8be7	jalr	x23,x23,0	 x23:0x8000013c x23=0x80000ed8
       17305000	      1729	00000000	00000013	addi	x0,x0,0	  x0:0x00000000
       17315000	      1730	8000013c	00000013	addi	x0,x0,0	  x0:0x00000000
       17325000	      1731	80000140	4c90fcb7	lui	x25,0x4c90f	 x25=0x4c90f000
       17335000	      1732	80000144	00002e97	auipc	x29,0x2	 x29=0x80002140
       17345000	      1733	80000148	934e8e93	addi	x29,x29,-1740	 x29:0x80002140 x29=0x80001a74
       17355000	      1734	8000014c	41ec8bb3	sub	x23,x25,x30	 x25:0x4c90f000 x30:0xffffd883 x23=0x4c91177d
       17365000	      1735	80000150	3fa8ac93	slti	x25,x17,1018	 x17:0x00000000 x25=0x00000001
       17375000	      1736	80000154	3cdb6313	ori	x6,x22,973	 x22:0x00000000  x6=0x000003cd
       17385000	      1737	80000158	41368e33	sub	x28,x13,x19	 x13:0x000000b0 x19:0x00000000 x28=0x000000b0
       17395000	      1738	8000015c	01149113	slli	x2,x9,0x11	  x9:0x00000001  x2=0x00020000
       17405000	      1739	80000160	0fde8e93	addi	x29,x29,253	 x29:0x80001a74 x29=0x80001b71
       17415000	      1740	80000164	aff1e113	ori	x2,x3,-1281	  x3:0x80009880  x2=0xfffffaff
       17425000	      1741	80000168	00f9e463	bltu	x19,x15,80000170	 x19:0x00000000 x15:0x8000013c
       17435000	      1742	00000000	00000013	addi	x0,x0,0	  x0:0x00000000
       17445000	      1743	8000016c	00000013	addi	x0,x0,0	  x0:0x00000000
       17455000	      1744	80000170	f03e87e7	jalr	x15,x29,-253	 x29:0x80001b71 x15=0x80000170
       17465000	      1745	00000000	00000013	addi	x0,x0,0	  x0:0x00000000
       17475000	      1746	80001a74	00000013	addi	x0,x0,0	  x0:0x00000000
       17485000	      1747	80001a78	d7d7cd13	xori	x26,x15,-643	 x15:0x80000170 x26=0x7ffffc0d
       17495000	      1748	80001a7c	ebbf0193	addi	x3,x30,-325	 x30:0xffffd883  x3=0xffffd73e
       17505000	      1749	80001a80	000f14b3	sll	x9,x30,x0	 x30:0xffffd883  x0:0x00000000  x9=0xffffd883
       17515000	      1750	80001a84	0134c263	blt	x9,x19,80001a88	  x9:0xffffd883 x19:0x00000000
       17525000	      1751	00000000	00000013	addi	x0,x0,0	  x0:0x00000000
       17535000	      1752	80001a84	00000013	addi	x0,x0,0	  x0:0x00000000
       17545000	      1753	80001a88	fd0f8f93	addi	x31,x31,-48	 x31:0x80009f84 x31=0x80009f54
       17555000	      1754	80001a8c	0052f233	and	x4,x5,x5	  x5:0x800003db  x5:0x800003db  x4=0x800003db
       17565000	      1755	80001a90	61147513	andi	x10,x8,1553	  x8:0x00000000 x10=0x00000000
       17575000	      1756	80001a94	004b5eb3	srl	x29,x22,x4	 x22:0x00000000  x4:0x800003db x29=0x00000000
       17585000	      1757	80001a98	00ffa223	sw	x15,4(x31)	 x31:0x80009f54 x15:0x80000170 PA:0x80009f58
       17595000	      1758	80001a9c	00adabb3	slt	x23,x27,x10	 x27:0x00000000 x10:0x00000000 x23=0x00000000
       17605000	      1759	80001aa0	00dce033	or	x0,x25,x13	 x25:0x00000001 x13:0x000000b0
       17615000	      1760	80001aa4	cd137a97	auipc	x21,0xcd137	 x21=0x4d138aa0
       17625000	      1761	80001aa8	00400593	addi	x11,x0,4	  x0:0x00000000 x11=0x00000004
       17635000	      1762	80001aac	00300413	addi	x8,x0,3	  x0:0x00000000  x8=0x00000003
       17645000	      1763	80001ab0	00648833	add	x16,x9,x6	  x9:0xffffd883  x6:0x000003cd x16=0xffffdc50
       17655000	      1764	80001ab4	0179df13	srli	x30,x19,0x17	 x19:0x00000000 x30=0x00000000
       17665000	      1765	80001ab8	fff58593	addi	x11,x11,-1	 x11:0x00000004 x11=0x00000003
       17675000	      1766	80001abc	50035317	auipc	x6,0x50035	  x6=0xd0036ab8
       17685000	      1767	80001ac0	09e7b613	sltiu	x12,x15,158	 x15:0x80000170 x12=0x00000000
       17695000	      1768	80001ac4	07ad2013	slti	x0,x26,122	 x26:0x7ffffc0d
       17705000	      1769	80001ac8	409b0cb3	sub	x25,x22,x9	 x22:0x00000000  x9:0xffffd883 x25=0x0000277d
       17715000	      1770	80001acc	fe85f2e3	bgeu	x11,x8,80001ab0	 x11:0x00000003  x8:0x00000003
       17725000	      1771	00000000	00000013	addi	x0,x0,0	  x0:0x00000000
       17735000	      1772	80001aac	00000013	addi	x0,x0,0	  x0:0x00000000
       17745000	      1773	80001ab0	00648833	add	x16,x9,x6	  x9:0xffffd883  x6:0xd0036ab8 x16=0xd003433b
       17755000	      1774	80001ab4	0179df13	srli	x30,x19,0x17	 x19:0x00000000 x30=0x00000000
       17765000	      1775	80001ab8	fff58593	addi	x11,x11,-1	 x11:0x00000003 x11=0x00000002
       17775000	      1776	80001abc	50035317	auipc	x6,0x50035	  x6=0xd0036ab8
       17785000	      1777	80001ac0	09e7b613	sltiu	x12,x15,158	 x15:0x80000170 x12=0x00000000
       17795000	      1778	80001ac4	07ad2013	slti	x0,x26,122	 x26:0x7ffffc0d
       17805000	      1779	80001ac8	409b0cb3	sub	x25,x22,x9	 x22:0x00000000  x9:0xffffd883 x25=0x0000277d
       17815000	      1780	80001acc	fe85f2e3	bgeu	x11,x8,80001ab0	 x11:0x00000002  x8:0x00000003
       17825000	      1781	80001ad0	eff36693	ori	x13,x6,-257	  x6:0xd0036ab8 x13=0xfffffeff
       17835000	      1782	80001ad4	00a00d93	addi	x27,x0,10	  x0:0x00000000 x27=0x0000000a
       17845000	      1783	80001ad8	e7711a37	lui	x20,0xe7711	 x20=0xe7711000
       17855000	      1784	80001adc	00500e93	addi	x29,x0,5	  x0:0x00000000 x29=0x00000005
       17865000	      1785	80001ae0	be798d37	lui	x26,0xbe798	 x26=0xbe798000
       17875000	      1786	80001ae4	e81d2213	slti	x4,x26,-383	 x26:0xbe798000  x4=0x00000001
       17885000	      1787	80001ae8	000895b3	sll	x11,x17,x0	 x17:0x00000000  x0:0x00000000 x11=0x00000000
       17895000	      1788	80001aec	75307793	andi	x15,x0,1875	  x0:0x00000000 x15=0x00000000
       17905000	      1789	80001af0	40080a33	sub	x20,x16,x0	 x16:0xd003433b  x0:0x00000000 x20=0xd003433b
       17915000	      1790	80001af4	ffed8d93	addi	x27,x27,-2	 x27:0x0000000a x27=0x00000008
       17925000	      1791	80001af8	00400093	addi	x1,x0,4	  x0:0x00000000  x1=0x00000004
       17935000	      1792	80001afc	017e2d33	slt	x26,x28,x23	 x28:0x000000b0 x23:0x00000000 x26=0x00000000
       17945000	      1793	80001b00	0061f333	and	x6,x3,x6	  x3:0xffffd73e  x6:0xd0036ab8  x6=0xd0034238
       17955000	      1794	80001b04	01279933	sll	x18,x15,x18	 x15:0x00000000 x18:0xffffd882 x18=0x00000000
       17965000	      1795	80001b08	00500b13	addi	x22,x0,5	  x0:0x00000000 x22=0x00000005
       17975000	      1796	80001b0c	004a3033	sltu	x0,x20,x4	 x20:0xd003433b  x4:0x00000001
       17985000	      1797	80001b10	01b5b533	sltu	x10,x11,x27	 x11:0x00000000 x27:0x00000008 x10=0x00000001
       17995000	      1798	80001b14	01310233	add	x4,x2,x19	  x2:0xfffffaff x19:0x00000000  x4=0xfffffaff
       18005000	      1799	80001b18	00608093	addi	x1,x1,6	  x1:0x00000004  x1=0x0000000a
       18015000	      1800	80001b1c	41b1da13	srai	x20,x3,0x1b	  x3:0xffffd73e x20=0xffffffff
       18025000	      1801	80001b20	ff60e8e3	bltu	x1,x22,80001b10	  x1:0x0000000a x22:0x00000005
       18035000	      1802	80001b24	fbddfee3	bgeu	x27,x29,80001ae0	 x27:0x00000008 x29:0x00000005
       18045000	      1803	00000000	00000013	addi	x0,x0,0	  x0:0x00000000
       18055000	      1804	80001adc	00000013	addi	x0,x0,0	  x0:0x00000000
       18065000	      1805	80001ae0	be798d37	lui	x26,0xbe798	 x26=0xbe798000
       18075000	      1806	80001ae4	e81d2213	slti	x4,x26,-383	 x26:0xbe798000  x4=0x00000001
       18085000	      1807	80001ae8	000895b3	sll	x11,x17,x0	 x17:0x00000000  x0:0x00000000 x11=0x00000000
       18095000	      1808	80001aec	75307793	andi	x15,x0,1875	  x0:0x00000000 x15=0x00000000
       18105000	      1809	80001af0	40080a33	sub	x20,x16,x0	 x16:0xd003433b  x0:0x00000000 x20=0xd003433b
       18115000	      1810	80001af4	ffed8d93	addi	x27,x27,-2	 x27:0x00000008 x27=0x00000006
       18125000	      1811	80001af8	00400093	addi	x1,x0,4	  x0:0x00000000  x1=0x00000004
       18135000	      1812	80001afc	017e2d33	slt	x26,x28,x23	 x28:0x000000b0 x23:0x00000000 x26=0x00000000
       18145000	      1813	80001b00	0061f333	and	x6,x3,x6	  x3:0xffffd73e  x6:0xd0034238  x6=0xd0034238
       18155000	      1814	80001b04	01279933	sll	x18,x15,x18	 x15:0x00000000 x18:0x00000000 x18=0x00000000
       18165000	      1815	80001b08	00500b13	addi	x22,x0,5	  x0:0x00000000 x22=0x00000005
       18175000	      1816	80001b0c	004a3033	sltu	x0,x20,x4	 x20:0xd003433b  x4:0x00000001
       18185000	      1817	80001b10	01b5b533	sltu	x10,x11,x27	 x11:0x00000000 x27:0x00000006 x10=0x00000001
       18195000	      1818	80001b14	01310233	add	x4,x2,x19	  x2:0xfffffaff x19:0x00000000  x4=0xfffffaff
       18205000	      1819	80001b18	00608093	addi	x1,x1,6	  x1:0x00000004  x1=0x0000000a
       18215000	      1820	80001b1c	41b1da13	srai	x20,x3,0x1b	  x3:0xffffd73e x20=0xffffffff
       18225000	      1821	80001b20	ff60e8e3	bltu	x1,x22,80001b10	  x1:0x0000000a x22:0x00000005
       18235000	      1822	80001b24	fbddfee3	bgeu	x27,x29,80001ae0	 x27:0x00000006 x29:0x00000005
       18245000	      1823	00000000	00000013	addi	x0,x0,0	  x0:0x00000000
       18255000	      1824	80001adc	00000013	addi	x0,x0,0	  x0:0x00000000
       18265000	      1825	80001ae0	be798d37	lui	x26,0xbe798	 x26=0xbe798000
       18275000	      1826	80001ae4	e81d2213	slti	x4,x26,-383	 x26:0xbe798000  x4=0x00000001
       18285000	      1827	80001ae8	000895b3	sll	x11,x17,x0	 x17:0x00000000  x0:0x00000000 x11=0x00000000
       18295000	      1828	80001aec	75307793	andi	x15,x0,1875	  x0:0x00000000 x15=0x00000000
       18305000	      1829	80001af0	40080a33	sub	x20,x16,x0	 x16:0xd003433b  x0:0x00000000 x20=0xd003433b
       18315000	      1830	80001af4	ffed8d93	addi	x27,x27,-2	 x27:0x00000006 x27=0x00000004
       18325000	      1831	80001af8	00400093	addi	x1,x0,4	  x0:0x00000000  x1=0x00000004
       18335000	      1832	80001afc	017e2d33	slt	x26,x28,x23	 x28:0x000000b0 x23:0x00000000 x26=0x00000000
       18345000	      1833	80001b00	0061f333	and	x6,x3,x6	  x3:0xffffd73e  x6:0xd0034238  x6=0xd0034238
       18355000	      1834	80001b04	01279933	sll	x18,x15,x18	 x15:0x00000000 x18:0x00000000 x18=0x00000000
       18365000	      1835	80001b08	00500b13	addi	x22,x0,5	  x0:0x00000000 x22=0x00000005
       18375000	      1836	80001b0c	004a3033	sltu	x0,x20,x4	 x20:0xd003433b  x4:0x00000001
       18385000	      1837	80001b10	01b5b533	sltu	x10,x11,x27	 x11:0x00000000 x27:0x00000004 x10=0x00000001
       18395000	      1838	80001b14	01310233	add	x4,x2,x19	  x2:0xfffffaff x19:0x00000000  x4=0xfffffaff
       18405000	      1839	80001b18	00608093	addi	x1,x1,6	  x1:0x00000004  x1=0x0000000a
       18415000	      1840	80001b1c	41b1da13	srai	x20,x3,0x1b	  x3:0xffffd73e x20=0xffffffff
       18425000	      1841	80001b20	ff60e8e3	bltu	x1,x22,80001b10	  x1:0x0000000a x22:0x00000005
       18435000	      1842	80001b24	fbddfee3	bgeu	x27,x29,80001ae0	 x27:0x00000004 x29:0x00000005
       18445000	      1843	80001b28	01d812b3	sll	x5,x16,x29	 x16:0xd003433b x29:0x00000005  x5=0x00686760
       18455000	      1844	80001b2c	00600613	addi	x12,x0,6	  x0:0x00000000 x12=0x00000006
       18465000	      1845	80001b30	01400793	addi	x15,x0,20	  x0:0x00000000 x15=0x00000014
       18475000	      1846	80001b34	c74af013	andi	x0,x21,-908	 x21:0x4d138aa0
       18485000	      1847	80001b38	0069a733	slt	x14,x19,x6	 x19:0x00000000  x6:0xd0034238 x14=0x00000000
       18495000	      1848	80001b3c	00960613	addi	x12,x12,9	 x12:0x00000006 x12=0x0000000f
       18505000	      1849	80001b40	fef64ae3	blt	x12,x15,80001b34	 x12:0x0000000f x15:0x00000014
       18515000	      1850	00000000	00000013	addi	x0,x0,0	  x0:0x00000000
       18525000	      1851	80001b30	00000013	addi	x0,x0,0	  x0:0x00000000
       18535000	      1852	80001b34	c74af013	andi	x0,x21,-908	 x21:0x4d138aa0
       18545000	      1853	80001b38	0069a733	slt	x14,x19,x6	 x19:0x00000000  x6:0xd0034238 x14=0x00000000
       18555000	      1854	80001b3c	00960613	addi	x12,x12,9	 x12:0x0000000f x12=0x00000018
       18565000	      1855	80001b40	fef64ae3	blt	x12,x15,80001b34	 x12:0x00000018 x15:0x00000014
       18575000	      1856	80001b44	8f79e897	auipc	x17,0x8f79e	 x17=0x0f79fb40
       18585000	      1857	80001b48	ffb00913	addi	x18,x0,-5	  x0:0x00000000 x18=0xfffffffb
       18595000	      1858	80001b4c	40bb8533	sub	x10,x23,x11	 x23:0x00000000 x11:0x00000000 x10=0x00000000
       18605000	      1859	80001b50	00b00a93	addi	x21,x0,11	  x0:0x00000000 x21=0x0000000b
       18615000	      1860	80001b54	01ea3e33	sltu	x28,x20,x30	 x20:0xffffffff x30:0x00000000 x28=0x00000000
       18625000	      1861	80001b58	99598413	addi	x8,x19,-1643	 x19:0x00000000  x8=0xfffff995
       18635000	      1862	80001b5c	e2bedb97	auipc	x23,0xe2bed	 x23=0x62beeb58
       18645000	      1863	80001b60	a671a193	slti	x3,x3,-1433	  x3:0xffffd73e  x3=0x00000001
       18655000	      1864	80001b64	01565793	srli	x15,x12,0x15	 x12:0x00000018 x15=0x00000000
       18665000	      1865	80001b68	37e59117	auipc	x2,0x37e59	  x2=0xb7e5ab64
       18675000	      1866	80001b6c	a74beb13	ori	x22,x23,-1420	 x23:0x62beeb58 x22=0xfffffb7c
       18685000	      1867	80001b70	01f7dd93	srli	x27,x15,0x1f	 x15:0x00000000 x27=0x00000000
       18695000	      1868	80001b74	95c26793	ori	x15,x4,-1700	  x4:0xfffffaff x15=0xfffffbff
       18705000	      1869	80001b78	67822817	auipc	x16,0x67822	 x16=0xe7823b74
       18715000	      1870	80001b7c	00a90913	addi	x18,x18,10	 x18:0xfffffffb x18=0x00000005
       18725000	      1871	80001b80	417155b3	sra	x11,x2,x23	  x2:0xb7e5ab64 x23:0x62beeb58 x11=0xffffffb7
       18735000	      1872	80001b84	01dbdd13	srli	x26,x23,0x1d	 x23:0x62beeb58 x26=0x00000003
       18745000	      1873	80001b88	00dc6533	or	x10,x24,x13	 x24:0x80000000 x13:0xfffffeff x10=0xfffffeff
       18755000	      1874	80001b8c	03569297	auipc	x5,0x3569	  x5=0x8356ab88
       18765000	      1875	80001b90	ff5944e3	blt	x18,x21,80001b78	 x18:0x00000005 x21:0x0000000b
       18775000	      1876	00000000	00000013	addi	x0,x0,0	  x0:0x00000000
       18785000	      1877	80001b74	00000013	addi	x0,x0,0	  x0:0x00000000
       18795000	      1878	80001b78	67822817	auipc	x16,0x67822	 x16=0xe7823b74
       18805000	      1879	80001b7c	00a90913	addi	x18,x18,10	 x18:0x00000005 x18=0x0000000f
       18815000	      1880	80001b80	417155b3	sra	x11,x2,x23	  x2:0xb7e5ab64 x23:0x62beeb58 x11=0xffffffb7
       18825000	      1881	80001b84	01dbdd13	srli	x26,x23,0x1d	 x23:0x62beeb58 x26=0x00000003
       18835000	      1882	80001b88	00dc6533	or	x10,x24,x13	 x24:0x80000000 x13:0xfffffeff x10=0xfffffeff
       18845000	      1883	80001b8c	03569297	auipc	x5,0x3569	  x5=0x8356ab88
       18855000	      1884	80001b90	ff5944e3	blt	x18,x21,80001b78	 x18:0x0000000f x21:0x0000000b
       18865000	      1885	80001b94	40fd8cb3	sub	x25,x27,x15	 x27:0x00000000 x15:0xfffffbff x25=0x00000401
       18875000	      1886	80001b98	ffd00513	addi	x10,x0,-3	  x0:0x00000000 x10=0xfffffffd
       18885000	      1887	80001b9c	01803e33	sltu	x28,x0,x24	  x0:0x00000000 x24:0x80000000 x28=0x00000001
       18895000	      1888	80001ba0	00000013	addi	x0,x0,0	  x0:0x00000000
       18905000	      1889	80001ba4	41ec51b3	sra	x3,x24,x30	 x24:0x80000000 x30:0x00000000  x3=0x80000000
       18915000	      1890	80001ba8	00e00993	addi	x19,x0,14	  x0:0x00000000 x19=0x0000000e
       18925000	      1891	80001bac	00835033	srl	x0,x6,x8	  x6:0xd0034238  x8:0xfffff995
       18935000	      1892	80001bb0	413d8e33	sub	x28,x27,x19	 x27:0x00000000 x19:0x0000000e x28=0xfffffff2
       18945000	      1893	80001bb4	002ff233	and	x4,x31,x2	 x31:0x80009f54  x2:0xb7e5ab64  x4=0x80008b44
       18955000	      1894	80001bb8	28be5837	lui	x16,0x28be5	 x16=0x28be5000
       18965000	      1895	80001bbc	01415733	srl	x14,x2,x20	  x2:0xb7e5ab64 x20:0xffffffff x14=0x00000001
       18975000	      1896	80001bc0	ce01aa93	slti	x21,x3,-800	  x3:0x80000000 x21=0x00000001
       18985000	      1897	80001bc4	01726733	or	x14,x4,x23	  x4:0x80008b44 x23:0x62beeb58 x14=0xe2beeb5c
       18995000	      1898	80001bc8	d5e7de97	auipc	x29,0xd5e7d	 x29=0x55e7ebc4
       19005000	      1899	80001bcc	258d0093	addi	x1,x26,600	 x26:0x00000003  x1=0x0000025b
       19015000	      1900	80001bd0	00750513	addi	x10,x10,7	 x10:0xfffffffd x10=0x00000004
       19025000	      1901	80001bd4	0149d813	srli	x16,x19,0x14	 x19:0x0000000e x16=0x00000000
       19035000	      1902	80001bd8	fd356ce3	bltu	x10,x19,80001bb0	 x10:0x00000004 x19:0x0000000e
       19045000	      1903	00000000	00000013	addi	x0,x0,0	  x0:0x00000000
       19055000	      1904	80001bac	00000013	addi	x0,x0,0	  x0:0x00000000
       19065000	      1905	80001bb0	413d8e33	sub	x28,x27,x19	 x27:0x00000000 x19:0x0000000e x28=0xfffffff2
       19075000	      1906	80001bb4	002ff233	and	x4,x31,x2	 x31:0x80009f54  x2:0xb7e5ab64  x4=0x80008b44
       19085000	      1907	80001bb8	28be5837	lui	x16,0x28be5	 x16=0x28be5000
       19095000	      1908	80001bbc	01415733	srl	x14,x2,x20	  x2:0xb7e5ab64 x20:0xffffffff x14=0x00000001
       19105000	      1909	80001bc0	ce01aa93	slti	x21,x3,-800	  x3:0x80000000 x21=0x00000001
       19115000	      1910	80001bc4	01726733	or	x14,x4,x23	  x4:0x80008b44 x23:0x62beeb58 x14=0xe2beeb5c
       19125000	      1911	80001bc8	d5e7de97	auipc	x29,0xd5e7d	 x29=0x55e7ebc4
       19135000	      1912	80001bcc	258d0093	addi	x1,x26,600	 x26:0x00000003  x1=0x0000025b
       19145000	      1913	80001bd0	00750513	addi	x10,x10,7	 x10:0x00000004 x10=0x0000000b
       19155000	      1914	80001bd4	0149d813	srli	x16,x19,0x14	 x19:0x0000000e x16=0x00000000
       19165000	      1915	80001bd8	fd356ce3	bltu	x10,x19,80001bb0	 x10:0x0000000b x19:0x0000000e
       19175000	      1916	00000000	00000013	addi	x0,x0,0	  x0:0x00000000
       19185000	      1917	80001bac	00000013	addi	x0,x0,0	  x0:0x00000000
       19195000	      1918	80001bb0	413d8e33	sub	x28,x27,x19	 x27:0x00000000 x19:0x0000000e x28=0xfffffff2
       19205000	      1919	80001bb4	002ff233	and	x4,x31,x2	 x31:0x80009f54  x2:0xb7e5ab64  x4=0x80008b44
       19215000	      1920	80001bb8	28be5837	lui	x16,0x28be5	 x16=0x28be5000
       19225000	      1921	80001bbc	01415733	srl	x14,x2,x20	  x2:0xb7e5ab64 x20:0xffffffff x14=0x00000001
       19235000	      1922	80001bc0	ce01aa93	slti	x21,x3,-800	  x3:0x80000000 x21=0x00000001
       19245000	      1923	80001bc4	01726733	or	x14,x4,x23	  x4:0x80008b44 x23:0x62beeb58 x14=0xe2beeb5c
       19255000	      1924	80001bc8	d5e7de97	auipc	x29,0xd5e7d	 x29=0x55e7ebc4
       19265000	      1925	80001bcc	258d0093	addi	x1,x26,600	 x26:0x00000003  x1=0x0000025b
       19275000	      1926	80001bd0	00750513	addi	x10,x10,7	 x10:0x0000000b x10=0x00000012
       19285000	      1927	80001bd4	0149d813	srli	x16,x19,0x14	 x19:0x0000000e x16=0x00000000
       19295000	      1928	80001bd8	fd356ce3	bltu	x10,x19,80001bb0	 x10:0x00000012 x19:0x0000000e
       19305000	      1929	80001bdc	0122a0b3	slt	x1,x5,x18	  x5:0x8356ab88 x18:0x0000000f  x1=0x00000001
       19315000	      1930	80001be0	004b0233	add	x4,x22,x4	 x22:0xfffffb7c  x4:0x80008b44  x4=0x800086c0
       19325000	      1931	80001be4	6e788413	addi	x8,x17,1767	 x17:0x0f79fb40  x8=0x0f7a0227
       19335000	      1932	80001be8	02d11ab7	lui	x21,0x2d11	 x21=0x02d11000
       19345000	      1933	80001bec	0218da63	bge	x17,x1,80001c20	 x17:0x0f79fb40  x1:0x00000001
       19355000	      1934	00000000	00000013	addi	x0,x0,0	  x0:0x00000000
       19365000	      1935	80001c1c	00000013	addi	x0,x0,0	  x0:0x00000000
       19375000	      1936	80001c20	04666663	bltu	x12,x6,80001c6c	 x12:0x00000018  x6:0xd0034238
       19385000	      1937	00000000	00000013	addi	x0,x0,0	  x0:0x00000000
       19395000	      1938	80001c68	00000013	addi	x0,x0,0	  x0:0x00000000
       19405000	      1939	80001c6c	017a2933	slt	x18,x20,x23	 x20:0xffffffff x23:0x62beeb58 x18=0x00000001
       19415000	      1940	80001c70	0324e263	bltu	x9,x18,80001c94	  x9:0xffffd883 x18:0x00000001
       19425000	      1941	80001c74	00000013	addi	x0,x0,0	  x0:0x00000000
       19435000	      1942	80001c78	00000013	addi	x0,x0,0	  x0:0x00000000
       19445000	      1943	80001c7c	00000013	addi	x0,x0,0	  x0:0x00000000
       19455000	      1944	80001c80	f7194913	xori	x18,x18,-143	 x18:0x00000001 x18=0xffffff70
       19465000	      1945	80001c84	002ec933	xor	x18,x29,x2	 x29:0x55e7ebc4  x2:0xb7e5ab64 x18=0xe20240a0
       19475000	      1946	80001c88	012726b3	slt	x13,x14,x18	 x14:0xe2beeb5c x18:0xe20240a0 x13=0x00000000
       19485000	      1947	80001c8c	4ee03b93	sltiu	x23,x0,1262	  x0:0x00000000 x23=0x00000001
       19495000	      1948	80001c90	0177ce63	blt	x15,x23,80001cac	 x15:0xfffffbff x23:0x00000001
       19505000	      1949	00000000	00000013	addi	x0,x0,0	  x0:0x00000000
       19515000	      1950	80001ca8	00000013	addi	x0,x0,0	  x0:0x00000000
       19525000	      1951	80001cac	cd3d0817	auipc	x16,0xcd3d0	 x16=0x4d3d1ca8
       19535000	      1952	80001cb0	f1f90613	addi	x12,x18,-225	 x18:0xe20240a0 x12=0xe2023fbf
       19545000	      1953	80001cb4	3cd2e413	ori	x8,x5,973	  x5:0x8356ab88  x8=0x8356abcd
       19555000	      1954	80001cb8	05457463	bgeu	x10,x20,80001d00	 x10:0x00000012 x20:0xffffffff
       19565000	      1955	80001cbc	005d1e33	sll	x28,x26,x5	 x26:0x00000003  x5:0x8356ab88 x28=0x00000300
       19575000	      1956	80001cc0	00000013	addi	x0,x0,0	  x0:0x00000000
       19585000	      1957	80001cc4	0078c033	xor	x0,x17,x7	 x17:0x0f79fb40  x7:0x80009fc4
       19595000	      1958	80001cc8	04e2d263	bge	x5,x14,80001d0c	  x5:0x8356ab88 x14:0xe2beeb5c
       19605000	      1959	80001ccc	90d68a93	addi	x21,x13,-1779	 x13:0x00000000 x21=0xfffff90d
       19615000	      1960	80001cd0	018cfcb3	and	x25,x25,x24	 x25:0x00000401 x24:0x80000000 x25=0x00000000
       19625000	      1961	80001cd4	00000013	addi	x0,x0,0	  x0:0x00000000
       19635000	      1962	80001cd8	021c4463	blt	x24,x1,80001d00	 x24:0x80000000  x1:0x00000001
       19645000	      1963	00000000	00000013	addi	x0,x0,0	  x0:0x00000000
       19655000	      1964	80001cfc	00000013	addi	x0,x0,0	  x0:0x00000000
       19665000	      1965	80001d00	00a65493	srli	x9,x12,0xa	 x12:0xe2023fbf  x9=0x0038808f
       19675000	      1966	80001d04	0307e463	bltu	x15,x16,80001d2c	 x15:0xfffffbff x16:0x4d3d1ca8
       19685000	      1967	80001d08	0158fa33	and	x20,x17,x21	 x17:0x0f79fb40 x21:0xfffff90d x20=0x0f79f900
       19695000	      1968	80001d0c	9f5f8e13	addi	x28,x31,-1547	 x31:0x80009f54 x28=0x80009949
       19705000	      1969	80001d10	40d154b3	sra	x9,x2,x13	  x2:0xb7e5ab64 x13:0x00000000  x9=0xb7e5ab64
       19715000	      1970	80001d14	c42e3d93	sltiu	x27,x28,-958	 x28:0x80009949 x27=0x00000001
       19725000	      1971	80001d18	5d464f13	xori	x30,x12,1492	 x12:0xe2023fbf x30=0xe2023a6b
       19735000	      1972	80001d1c	c02d2417	auipc	x8,0xc02d2	  x8=0x402d3d18
       19745000	      1973	80001d20	00db5b13	srli	x22,x22,0xd	 x22:0xfffffb7c x22=0x0007ffff
       19755000	      1974	80001d24	02684e63	blt	x16,x6,80001d60	 x16:0x4d3d1ca8  x6:0xd0034238
       19765000	      1975	80001d28	ffe392b7	lui	x5,0xffe39	  x5=0xffe39000
       19775000	      1976	80001d2c	009ac333	xor	x6,x21,x9	 x21:0xfffff90d  x9:0xb7e5ab64  x6=0x481a5269
       19785000	      1977	80001d30	0018c6b3	xor	x13,x17,x1	 x17:0x0f79fb40  x1:0x00000001 x13=0x0f79fb41
       19795000	      1978	80001d34	00904b33	xor	x22,x0,x9	  x0:0x00000000  x9:0xb7e5ab64 x22=0xb7e5ab64
       19805000	      1979	80001d38	0084d813	srli	x16,x9,0x8	  x9:0xb7e5ab64 x16=0x00b7e5ab
       19815000	      1980	80001d3c	01c25d33	srl	x26,x4,x28	  x4:0x800086c0 x28:0x80009949 x26=0x00400043
       19825000	      1981	80001d40	009259b3	srl	x19,x4,x9	  x4:0x800086c0  x9:0xb7e5ab64 x19=0x0800086c
       19835000	      1982	80001d44	03b87c63	bgeu	x16,x27,80001d7c	 x16:0x00b7e5ab x27:0x00000001
       19845000	      1983	00000000	00000013	addi	x0,x0,0	  x0:0x00000000
       19855000	      1984	80001d78	00000013	addi	x0,x0,0	  x0:0x00000000
       19865000	      1985	80001d7c	010994b3	sll	x9,x19,x16	 x19:0x0800086c x16:0x00b7e5ab  x9=0x00436000
       19875000	      1986	80001d80	0049d033	srl	x0,x19,x4	 x19:0x0800086c  x4:0x800086c0
       19885000	      1987	80001d84	035e6e63	bltu	x28,x21,80001dc0	 x28:0x80009949 x21:0xfffff90d
       19895000	      1988	00000000	00000013	addi	x0,x0,0	  x0:0x00000000
       19905000	      1989	80001dbc	00000013	addi	x0,x0,0	  x0:0x00000000
       19915000	      1990	80001dc0	41975793	srai	x15,x14,0x19	 x14:0xe2beeb5c x15=0xfffffff1
       19925000	      1991	80001dc4	00000013	addi	x0,x0,0	  x0:0x00000000
       19935000	      1992	80001dc8	01729313	slli	x6,x5,0x17	  x5:0xffe39000  x6=0x00000000
       19945000	      1993	80001dcc	0480c663	blt	x1,x8,80001e18	  x1:0x00000001  x8:0x402d3d18
       19955000	      1994	00000000	00000013	addi	x0,x0,0	  x0:0x00000000
       19965000	      1995	80001e14	00000013	addi	x0,x0,0	  x0:0x00000000
       19975000	      1996	80001e18	037a7463	bgeu	x20,x23,80001e40	 x20:0x0f79f900 x23:0x00000001
       19985000	      1997	00000000	00000013	addi	x0,x0,0	  x0:0x00000000
       19995000	      1998	80001e3c	00000013	addi	x0,x0,0	  x0:0x00000000
       20005000	      1999	80001e40	01b29233	sll	x4,x5,x27	  x5:0xffe39000 x27:0x00000001  x4=0xffc72000
       20015000	      2000	80001e44	01fc5813	srli	x16,x24,0x1f	 x24:0x80000000 x16=0x00000001
       20025000	      2001	80001e48	d043c493	xori	x9,x7,-764	  x7:0x80009fc4  x9=0x7fff62c0
       20035000	      2002	80001e4c	01a6d013	srli	x0,x13,0x1a	 x13:0x0f79fb41
       20045000	      2003	80001e50	41afd133	sra	x2,x31,x26	 x31:0x80009f54 x26:0x00400043  x2=0xf00013ea
       20055000	      2004	80001e54	22efeb13	ori	x22,x31,558	 x31:0x80009f54 x22=0x80009f7e
       20065000	      2005	80001e58	01739893	slli	x17,x7,0x17	  x7:0x80009fc4 x17=0xe2000000
       20075000	      2006	80001e5c	01fde433	or	x8,x27,x31	 x27:0x00000001 x31:0x80009f54  x8=0x80009f55
       20085000	      2007	80001e60	00e7b133	sltu	x2,x15,x14	 x15:0xfffffff1 x14:0xe2beeb5c  x2=0x00000000
       20095000	      2008	80001e64	00ded0b3	srl	x1,x29,x13	 x29:0x55e7ebc4 x13:0x0f79fb41  x1=0x2af3f5e2
       20105000	      2009	80001e68	03f2d463	bge	x5,x31,80001e90	  x5:0xffe39000 x31:0x80009f54
       20115000	      2010	00000000	00000013	addi	x0,x0,0	  x0:0x00000000
       20125000	      2011	80001e8c	00000013	addi	x0,x0,0	  x0:0x00000000
       20135000	      2012	80001e90	b401ee13	ori	x28,x3,-1216	  x3:0x80000000 x28=0xfffffb40
       20145000	      2013	80001e94	41c25913	srai	x18,x4,0x1c	  x4:0xffc72000 x18=0xffffffff
       20155000	      2014	80001e98	080ea513	slti	x10,x29,128	 x29:0x55e7ebc4 x10=0x00000000
       20165000	      2015	80001e9c	00547f33	and	x30,x8,x5	  x8:0x80009f55  x5:0xffe39000 x30=0x80009000
       20175000	      2016	80001ea0	01e59d93	slli	x27,x11,0x1e	 x11:0xffffffb7 x27=0xc0000000
       20185000	      2017	80001ea4	0363d463	bge	x7,x22,80001ecc	  x7:0x80009fc4 x22:0x80009f7e
       20195000	      2018	00000000	00000013	addi	x0,x0,0	  x0:0x00000000
       20205000	      2019	80001ec8	00000013	addi	x0,x0,0	  x0:0x00000000
       20215000	      2020	80001ecc	4c350493	addi	x9,x10,1219	 x10:0x00000000  x9=0x000004c3
       20225000	      2021	80001ed0	02b11863	bne	x2,x11,80001f00	  x2:0x00000000 x11:0xffffffb7
       20235000	      2022	00000000	00000013	addi	x0,x0,0	  x0:0x00000000
       20245000	      2023	80001efc	00000013	addi	x0,x0,0	  x0:0x00000000
       20255000	      2024	80001f00	445b3013	sltiu	x0,x22,1093	 x22:0x80009f7e
       20265000	      2025	80001f04	40830133	sub	x2,x6,x8	  x6:0x00000000  x8:0x80009f55  x2=0x7fff60ab
       20275000	      2026	80001f08	05c5ca63	blt	x11,x28,80001f5c	 x11:0xffffffb7 x28:0xfffffb40
       20285000	      2027	80001f0c	00100e93	addi	x29,x0,1	  x0:0x00000000 x29=0x00000001
       20295000	      2028	80001f10	81a78693	addi	x13,x15,-2022	 x15:0xfffffff1 x13=0xfffff80b
       20305000	      2029	80001f14	ff300613	addi	x12,x0,-13	  x0:0x00000000 x12=0xfffffff3
       20315000	      2030	80001f18	00b43e33	sltu	x28,x8,x11	  x8:0x80009f55 x11:0xffffffb7 x28=0x00000001
       20325000	      2031	80001f1c	01521713	slli	x14,x4,0x15	  x4:0xffc72000 x14=0x00000000
       20335000	      2032	80001f20	ffee8e93	addi	x29,x29,-2	 x29:0x00000001 x29=0xffffffff
       20345000	      2033	80001f24	b250ff13	andi	x30,x1,-1243	  x1:0x2af3f5e2 x30=0x2af3f120
       20355000	      2034	80001f28	00300313	addi	x6,x0,3	  x0:0x00000000  x6=0x00000003
       20365000	      2035	80001f2c	01300b13	addi	x22,x0,19	  x0:0x00000000 x22=0x00000013
       20375000	      2036	80001f30	0b613093	sltiu	x1,x2,182	  x2:0x7fff60ab  x1=0x00000000
       20385000	      2037	80001f34	dc05ed93	ori	x27,x11,-576	 x11:0xffffffb7 x27=0xfffffff7
       20395000	      2038	80001f38	01b1bcb3	sltu	x25,x3,x27	  x3:0x80000000 x27:0xfffffff7 x25=0x00000001
       20405000	      2039	80001f3c	00293533	sltu	x10,x18,x2	 x18:0xffffffff  x2:0x7fff60ab x10=0x00000000
       20415000	      2040	80001f40	f0be3113	sltiu	x2,x28,-245	 x28:0x00000001  x2=0x00000001
       20425000	      2041	80001f44	01fb1a13	slli	x20,x22,0x1f	 x22:0x00000013 x20=0x80000000
       20435000	      2042	80001f48	00430313	addi	x6,x6,4	  x6:0x00000003  x6=0x00000007
       20445000	      2043	80001f4c	ff6314e3	bne	x6,x22,80001f34	  x6:0x00000007 x22:0x00000013
       20455000	      2044	00000000	00000013	addi	x0,x0,0	  x0:0x00000000
       20465000	      2045	80001f30	00000013	addi	x0,x0,0	  x0:0x00000000
       20475000	      2046	80001f34	dc05ed93	ori	x27,x11,-576	 x11:0xffffffb7 x27=0xfffffff7
       20485000	      2047	80001f38	01b1bcb3	sltu	x25,x3,x27	  x3:0x80000000 x27:0xfffffff7 x25=0x00000001
       20495000	      2048	80001f3c	00293533	sltu	x10,x18,x2	 x18:0xffffffff  x2:0x00000001 x10=0x00000000
       20505000	      2049	80001f40	f0be3113	sltiu	x2,x28,-245	 x28:0x00000001  x2=0x00000001
       20515000	      2050	80001f44	01fb1a13	slli	x20,x22,0x1f	 x22:0x00000013 x20=0x80000000
       20525000	      2051	80001f48	00430313	addi	x6,x6,4	  x6:0x00000007  x6=0x0000000b
       20535000	      2052	80001f4c	ff6314e3	bne	x6,x22,80001f34	  x6:0x0000000b x22:0x00000013
       20545000	      2053	00000000	00000013	addi	x0,x0,0	  x0:0x00000000
       20555000	      2054	80001f30	00000013	addi	x0,x0,0	  x0:0x00000000
       20565000	      2055	80001f34	dc05ed93	ori	x27,x11,-576	 x11:0xffffffb7 x27=0xfffffff7
       20575000	      2056	80001f38	01b1bcb3	sltu	x25,x3,x27	  x3:0x80000000 x27:0xfffffff7 x25=0x00000001
       20585000	      2057	80001f3c	00293533	sltu	x10,x18,x2	 x18:0xffffffff  x2:0x00000001 x10=0x00000000
       20595000	      2058	80001f40	f0be3113	sltiu	x2,x28,-245	 x28:0x00000001  x2=0x00000001
       20605000	      2059	80001f44	01fb1a13	slli	x20,x22,0x1f	 x22:0x00000013 x20=0x80000000
       20615000	      2060	80001f48	00430313	addi	x6,x6,4	  x6:0x0000000b  x6=0x0000000f
       20625000	      2061	80001f4c	ff6314e3	bne	x6,x22,80001f34	  x6:0x0000000f x22:0x00000013
       20635000	      2062	00000000	00000013	addi	x0,x0,0	  x0:0x00000000
       20645000	      2063	80001f30	00000013	addi	x0,x0,0	  x0:0x00000000
       20655000	      2064	80001f34	dc05ed93	ori	x27,x11,-576	 x11:0xffffffb7 x27=0xfffffff7
       20665000	      2065	80001f38	01b1bcb3	sltu	x25,x3,x27	  x3:0x80000000 x27:0xfffffff7 x25=0x00000001
       20675000	      2066	80001f3c	00293533	sltu	x10,x18,x2	 x18:0xffffffff  x2:0x00000001 x10=0x00000000
       20685000	      2067	80001f40	f0be3113	sltiu	x2,x28,-245	 x28:0x00000001  x2=0x00000001
       20695000	      2068	80001f44	01fb1a13	slli	x20,x22,0x1f	 x22:0x00000013 x20=0x80000000
       20705000	      2069	80001f48	00430313	addi	x6,x6,4	  x6:0x0000000f  x6=0x00000013
       20715000	      2070	80001f4c	ff6314e3	bne	x6,x22,80001f34	  x6:0x00000013 x22:0x00000013
       20725000	      2071	80001f50	fcce84e3	beq	x29,x12,80001f18	 x29:0xffffffff x12:0xfffffff3
       20735000	      2072	80001f54	ed8557b7	lui	x15,0xed855	 x15=0xed855000
       20745000	      2073	80001f58	00d25863	bge	x4,x13,80001f68	  x4:0xffc72000 x13:0xfffff80b
       20755000	      2074	80001f5c	b85e4993	xori	x19,x28,-1147	 x28:0x00000001 x19=0xfffffb84
       20765000	      2075	80001f60	5a0ecf13	xori	x30,x29,1440	 x29:0xffffffff x30=0xfffffa5f
       20775000	      2076	80001f64	4170d713	srai	x14,x1,0x17	  x1:0x00000000 x14=0x00000000
       20785000	      2077	80001f68	0114c333	xor	x6,x9,x17	  x9:0x000004c3 x17:0xe2000000  x6=0xe20004c3
       20795000	      2078	80001f6c	004480b3	add	x1,x9,x4	  x9:0x000004c3  x4:0xffc72000  x1=0xffc724c3
       20805000	      2079	80001f70	0109ddb3	srl	x27,x19,x16	 x19:0xfffffb84 x16:0x00000001 x27=0x7ffffdc2
       20815000	      2080	80001f74	46876593	ori	x11,x14,1128	 x14:0x00000000 x11=0x00000468
       20825000	      2081	80001f78	b8a9ec93	ori	x25,x19,-1142	 x19:0xfffffb84 x25=0xfffffb8e
       20835000	      2082	80001f7c	01d897b3	sll	x15,x17,x29	 x17:0xe2000000 x29:0xffffffff x15=0x00000000
       20845000	      2083	80001f80	8fc54593	xori	x11,x10,-1796	 x10:0x00000000 x11=0xfffff8fc
       20855000	      2084	80001f84	00c02a33	slt	x20,x0,x12	  x0:0x00000000 x12:0xfffffff3 x20=0x00000000
       20865000	      2085	80001f88	40408733	sub	x14,x1,x4	  x1:0xffc724c3  x4:0xffc72000 x14=0x000004c3
       20875000	      2086	80001f8c	4a71b493	sltiu	x9,x3,1191	  x3:0x80000000  x9=0x00000000
       20885000	      2087	80001f90	8c802913	slti	x18,x0,-1848	  x0:0x00000000 x18=0x00000000
       20895000	      2088	80001f94	029df263	bgeu	x27,x9,80001fb8	 x27:0x7ffffdc2  x9:0x00000000
       20905000	      2089	00000000	00000013	addi	x0,x0,0	  x0:0x00000000
       20915000	      2090	80001fb4	00000013	addi	x0,x0,0	  x0:0x00000000
       20925000	      2091	80001fb8	03e79c63	bne	x15,x30,80001ff0	 x15:0x00000000 x30:0xfffffa5f
       20935000	      2092	00000000	00000013	addi	x0,x0,0	  x0:0x00000000
       20945000	      2093	80001fec	00000013	addi	x0,x0,0	  x0:0x00000000
       20955000	      2094	80001ff0	0152e2b3	or	x5,x5,x21	  x5:0xffe39000 x21:0xfffff90d  x5=0xfffff90d
       20965000	      2095	80001ff4	01cbe933	or	x18,x23,x28	 x23:0x00000001 x28:0x00000001 x18=0x00000001
       20975000	      2096	80001ff8	00fe6db3	or	x27,x28,x15	 x28:0x00000001 x15:0x00000000 x27=0x00000001
       20985000	      2097	80001ffc	0135ff33	and	x30,x11,x19	 x11:0xfffff8fc x19:0xfffffb84 x30=0xfffff884
       20995000	      2098	80002000	0d881997	auipc	x19,0xd881	 x19=0x8d882ffc
       21005000	      2099	80002004	57f3f613	andi	x12,x7,1407	  x7:0x80009fc4 x12=0x00000544
       21015000	      2100	80002008	417a5113	srai	x2,x20,0x17	 x20:0x00000000  x2=0x00000000
       21025000	      2101	8000200c	0402e463	bltu	x5,x0,80002054	  x5:0xfffff90d  x0:0x00000000
       21035000	      2102	80002010	029b4113	xori	x2,x22,41	 x22:0x00000013  x2=0x0000003a
       21045000	      2103	80002014	050ee263	bltu	x29,x16,80002058	 x29:0xffffffff x16:0x00000001
       21055000	      2104	80002018	4154d013	srai	x0,x9,0x15	  x9:0x00000000
       21065000	      2105	8000201c	00827a63	bgeu	x4,x8,80002030	  x4:0xffc72000  x8:0x80009f55
       21075000	      2106	00000000	00000013	addi	x0,x0,0	  x0:0x00000000
       21085000	      2107	8000202c	00000013	addi	x0,x0,0	  x0:0x00000000
       21095000	      2108	80002030	6475b813	sltiu	x16,x11,1607	 x11:0xfffff8fc x16=0x00000000
       21105000	      2109	80002034	005d89b3	add	x19,x27,x5	 x27:0x00000001  x5:0xfffff90d x19=0xfffff90e
       21115000	      2110	80002038	400e5113	srai	x2,x28,0x0	 x28:0x00000001  x2=0x00000001
       21125000	      2111	8000203c	016d9f33	sll	x30,x27,x22	 x27:0x00000001 x22:0x00000013 x30=0x00080000
       21135000	      2112	80002040	02550863	beq	x10,x5,80002070	 x10:0x00000000  x5:0xfffff90d
       21145000	      2113	80002044	f8fcc293	xori	x5,x25,-113	 x25:0xfffffb8e  x5=0x00000401
       21155000	      2114	80002048	00fd09b3	add	x19,x26,x15	 x26:0x00400043 x15:0x00000000 x19=0x00400043
       21165000	      2115	8000204c	0284e463	bltu	x9,x8,80002074	  x9:0x00000000  x8:0x80009f55
       21175000	      2116	00000000	00000013	addi	x0,x0,0	  x0:0x00000000
       21185000	      2117	80002070	00000013	addi	x0,x0,0	  x0:0x00000000
       21195000	      2118	80002074	00aa0863	beq	x20,x10,80002084	 x20:0x00000000 x10:0x00000000
       21205000	      2119	00000000	00000013	addi	x0,x0,0	  x0:0x00000000
       21215000	      2120	80002080	00000013	addi	x0,x0,0	  x0:0x00000000
       21225000	      2121	80002084	01bb89b3	add	x19,x23,x27	 x23:0x00000001 x27:0x00000001 x19=0x00000002
       21235000	      2122	80002088	0088eb33	or	x22,x17,x8	 x17:0xe2000000  x8:0x80009f55 x22=0xe2009f55
       21245000	      2123	8000208c	013b1733	sll	x14,x22,x19	 x22:0xe2009f55 x19:0x00000002 x14=0x88027d54
       21255000	      2124	80002090	ed8c3e17	auipc	x28,0xed8c3	 x28=0x6d8c508c
       21265000	      2125	80002094	01fe7333	and	x6,x28,x31	 x28:0x6d8c508c x31:0x80009f54  x6=0x00001004
       21275000	      2126	80002098	01fec4b3	xor	x9,x29,x31	 x29:0xffffffff x31:0x80009f54  x9=0x7fff60ab
       21285000	      2127	8000209c	40e28433	sub	x8,x5,x14	  x5:0x00000401 x14:0x88027d54  x8=0x77fd86ad
       21295000	      2128	800020a0	7a4d6293	ori	x5,x26,1956	 x26:0x00400043  x5=0x004007e7
       21305000	      2129	800020a4	03fdf263	bgeu	x27,x31,800020c8	 x27:0x00000001 x31:0x80009f54
       21315000	      2130	800020a8	00072b33	slt	x22,x14,x0	 x14:0x88027d54  x0:0x00000000 x22=0x00000001
       21325000	      2131	800020ac	01540033	add	x0,x8,x21	  x8:0x77fd86ad x21:0xfffff90d
       21335000	      2132	800020b0	04179463	bne	x15,x1,800020f8	 x15:0x00000000  x1:0xffc724c3
       21345000	      2133	00000000	00000013	addi	x0,x0,0	  x0:0x00000000
       21355000	      2134	800020f4	00000013	addi	x0,x0,0	  x0:0x00000000
       21365000	      2135	800020f8	01df5293	srli	x5,x30,0x1d	 x30:0x00080000  x5=0x00000000
       21375000	      2136	800020fc	414d5613	srai	x12,x26,0x14	 x26:0x00400043 x12=0x00000004
       21385000	      2137	80002100	0053aab3	slt	x21,x7,x5	  x7:0x80009fc4  x5:0x00000000 x21=0x00000001
       21395000	      2138	80002104	5bb48293	addi	x5,x9,1467	  x9:0x7fff60ab  x5=0x7fff6666
       21405000	      2139	80002108	e86abe13	sltiu	x28,x21,-378	 x21:0x00000001 x28=0x00000001
       21415000	      2140	8000210c	028bfa63	bgeu	x23,x8,80002140	 x23:0x00000001  x8:0x77fd86ad
       21425000	      2141	80002110	006bd113	srli	x2,x23,0x6	 x23:0x00000001  x2=0x00000000
       21435000	      2142	80002114	016e7333	and	x6,x28,x22	 x28:0x00000001 x22:0x00000001  x6=0x00000001
       21445000	      2143	80002118	b559e993	ori	x19,x19,-1195	 x19:0x00000002 x19=0xfffffb57
       21455000	      2144	8000211c	01f775b3	and	x11,x14,x31	 x14:0x88027d54 x31:0x80009f54 x11=0x80001d54
       21465000	      2145	80002120	00a5bdb3	sltu	x27,x11,x10	 x11:0x80001d54 x10:0x00000000 x27=0x00000000
       21475000	      2146	80002124	020d5463	bge	x26,x0,8000214c	 x26:0x00400043  x0:0x00000000
       21485000	      2147	00000000	00000013	addi	x0,x0,0	  x0:0x00000000
       21495000	      2148	80002148	00000013	addi	x0,x0,0	  x0:0x00000000
       21505000	      2149	8000214c	23b84d93	xori	x27,x16,571	 x16:0x00000000 x27=0x0000023b
       21515000	      2150	80002150	5a1bc713	xori	x14,x23,1441	 x23:0x00000001 x14=0x000005a0
       21525000	      2151	80002154	000ad463	bge	x21,x0,8000215c	 x21:0x00000001  x0:0x00000000
       21535000	      2152	00000000	00000013	addi	x0,x0,0	  x0:0x00000000
       21545000	      2153	80002158	00000013	addi	x0,x0,0	  x0:0x00000000
       21555000	      2154	8000215c	000ce863	bltu	x25,x0,8000216c	 x25:0xfffffb8e  x0:0x00000000
       21565000	      2155	80002160	40e7d9b3	sra	x19,x15,x14	 x15:0x00000000 x14:0x000005a0 x19=0x00000000
       21575000	      2156	80002164	0182c8b3	xor	x17,x5,x24	  x5:0x7fff6666 x24:0x80000000 x17=0xffff6666
       21585000	      2157	80002168	0050be33	sltu	x28,x1,x5	  x1:0xffc724c3  x5:0x7fff6666 x28=0x00000000
       21595000	      2158	8000216c	01cd78b3	and	x17,x26,x28	 x26:0x00400043 x28:0x00000000 x17=0x00000000
       21605000	      2159	80002170	004fa783	lw	x15,4(x31)	 x31:0x80009f54 x15=0x80000170 PA:0x80009f58
       21615000	      2160	80002174	9f75fe37	lui	x28,0x9f75f	 x28=0x9f75f000
       21625000	      2161	80002178	89ecbd93	sltiu	x27,x25,-1890	 x25:0xfffffb8e x27=0x00000000
       21635000	      2162	8000217c	0c85b813	sltiu	x16,x11,200	 x11:0x80001d54 x16=0x00000000
       21645000	      2163	80002180	030f8f93	addi	x31,x31,48	 x31:0x80009f54 x31=0x80009f84
       21655000	      2164	80002184	fc3ea993	slti	x19,x29,-61	 x29:0xffffffff x19=0x00000000
       21665000	      2165	80002188	8244ab93	slti	x23,x9,-2012	  x9:0x7fff60ab x23=0x00000000
       21675000	      2166	8000218c	00559e93	slli	x29,x11,0x5	 x11:0x80001d54 x29=0x0003aa80
       21685000	      2167	80002190	00789193	slli	x3,x17,0x7	 x17:0x00000000  x3=0x00000000
       21695000	      2168	80002194	00178413	addi	x8,x15,1	 x15:0x80000170  x8=0x80000171
       21705000	      2169	80002198	00040467	jalr	x8,x8,0	  x8:0x80000171  x8=0x80002198
       21715000	      2170	00000000	00000013	addi	x0,x0,0	  x0:0x00000000
       21725000	      2171	80000170	00000013	addi	x0,x0,0	  x0:0x00000000
       21735000	      2172	80000174	00a00793	addi	x15,x0,10	  x0:0x00000000 x15=0x0000000a
       21745000	      2173	80000178	40c2d033	sra	x0,x5,x12	  x5:0x7fff6666 x12:0x00000004
       21755000	      2174	8000017c	01209c93	slli	x25,x1,0x12	  x1:0xffc724c3 x25=0x930c0000
       21765000	      2175	80000180	408f08b3	sub	x17,x30,x8	 x30:0x00080000  x8:0x80002198 x17=0x8007de68
       21775000	      2176	80000184	0042eb33	or	x22,x5,x4	  x5:0x7fff6666  x4:0xffc72000 x22=0xffff6666
       21785000	      2177	80000188	34558213	addi	x4,x11,837	 x11:0x80001d54  x4=0x80002099
       21795000	      2178	8000018c	3ed34193	xori	x3,x6,1005	  x6:0x00000001  x3=0x000003ec
       21805000	      2179	80000190	01057e33	and	x28,x10,x16	 x10:0x00000000 x16:0x00000000 x28=0x00000000
       21815000	      2180	80000194	0ef77b13	andi	x22,x14,239	 x14:0x000005a0 x22=0x000000a0
       21825000	      2181	80000198	06408d17	auipc	x26,0x6408	 x26=0x86408194
       21835000	      2182	8000019c	013d5a13	srli	x20,x26,0x13	 x26:0x86408194 x20=0x000010c8
       21845000	      2183	800001a0	01300593	addi	x11,x0,19	  x0:0x00000000 x11=0x00000013
       21855000	      2184	800001a4	01994833	xor	x16,x18,x25	 x18:0x00000001 x25:0x930c0000 x16=0x930c0001
       21865000	      2185	800001a8	406e0ab3	sub	x21,x28,x6	 x28:0x00000000  x6:0x00000001 x21=0xffffffff
       21875000	      2186	800001ac	413d88b3	sub	x17,x27,x19	 x27:0x00000000 x19:0x00000000 x17=0x00000000
       21885000	      2187	800001b0	00778793	addi	x15,x15,7	 x15:0x0000000a x15=0x00000011
       21895000	      2188	800001b4	c8185337	lui	x6,0xc8185	  x6=0xc8185000
       21905000	      2189	800001b8	f80a2eb7	lui	x29,0xf80a2	 x29=0xf80a2000
       21915000	      2190	800001bc	90a5bd93	sltiu	x27,x11,-1782	 x11:0x00000013 x27=0x00000001
       21925000	      2191	800001c0	dfe44a93	xori	x21,x8,-514	  x8:0x80002198 x21=0x7fffdc66
       21935000	      2192	800001c4	00f04a33	xor	x20,x0,x15	  x0:0x00000000 x15:0x00000011 x20=0x00000011
       21945000	      2193	800001c8	97fb2513	slti	x10,x22,-1665	 x22:0x000000a0 x10=0x00000000
       21955000	      2194	800001cc	fcb7eee3	bltu	x15,x11,800001a8	 x15:0x00000011 x11:0x00000013
       21965000	      2195	00000000	00000013	addi	x0,x0,0	  x0:0x00000000
       21975000	      2196	800001a4	00000013	addi	x0,x0,0	  x0:0x00000000
       21985000	      2197	800001a8	406e0ab3	sub	x21,x28,x6	 x28:0x00000000  x6:0xc8185000 x21=0x37e7b000
       21995000	      2198	800001ac	413d88b3	sub	x17,x27,x19	 x27:0x00000001 x19:0x00000000 x17=0x00000001
       22005000	      2199	800001b0	00778793	addi	x15,x15,7	 x15:0x00000011 x15=0x00000018
       22015000	      2200	800001b4	c8185337	lui	x6,0xc8185	  x6=0xc8185000
       22025000	      2201	800001b8	f80a2eb7	lui	x29,0xf80a2	 x29=0xf80a2000
       22035000	      2202	800001bc	90a5bd93	sltiu	x27,x11,-1782	 x11:0x00000013 x27=0x00000001
       22045000	      2203	800001c0	dfe44a93	xori	x21,x8,-514	  x8:0x80002198 x21=0x7fffdc66
       22055000	      2204	800001c4	00f04a33	xor	x20,x0,x15	  x0:0x00000000 x15:0x00000018 x20=0x00000018
       22065000	      2205	800001c8	97fb2513	slti	x10,x22,-1665	 x22:0x000000a0 x10=0x00000000
       22075000	      2206	800001cc	fcb7eee3	bltu	x15,x11,800001a8	 x15:0x00000018 x11:0x00000013
       22085000	      2207	800001d0	3d172513	slti	x10,x14,977	 x14:0x000005a0 x10=0x00000000
       22095000	      2208	800001d4	00600513	addi	x10,x0,6	  x0:0x00000000 x10=0x00000006
       22105000	      2209	800001d8	016eccb3	xor	x25,x29,x22	 x29:0xf80a2000 x22:0x000000a0 x25=0xf80a20a0
       22115000	      2210	800001dc	00b00793	addi	x15,x0,11	  x0:0x00000000 x15=0x0000000b
       22125000	      2211	800001e0	40965bb3	sra	x23,x12,x9	 x12:0x00000004  x9:0x7fff60ab x23=0x00000000
       22135000	      2212	800001e4	01297eb3	and	x29,x18,x18	 x18:0x00000001 x18:0x00000001 x29=0x00000001
       22145000	      2213	800001e8	40e40333	sub	x6,x8,x14	  x8:0x80002198 x14:0x000005a0  x6=0x80001bf8
       22155000	      2214	800001ec	013f80b3	add	x1,x31,x19	 x31:0x80009f84 x19:0x00000000  x1=0x80009f84
       22165000	      2215	800001f0	00550513	addi	x10,x10,5	 x10:0x00000006 x10=0x0000000b
       22175000	      2216	800001f4	01399e13	slli	x28,x19,0x13	 x19:0x00000000 x28=0x00000000
       22185000	      2217	800001f8	141e7193	andi	x3,x28,321	 x28:0x00000000  x3=0x00000000
       22195000	      2218	800001fc	00411a33	sll	x20,x2,x4	  x2:0x00000000  x4:0x80002099 x20=0x00000000
       22205000	      2219	80000200	00d9d313	srli	x6,x19,0xd	 x19:0x00000000  x6=0x00000000
       22215000	      2220	80000204	ffb00893	addi	x17,x0,-5	  x0:0x00000000 x17=0xfffffffb
       22225000	      2221	80000208	41248a33	sub	x20,x9,x18	  x9:0x7fff60ab x18:0x00000001 x20=0x7fff60aa
       22235000	      2222	8000020c	ff000713	addi	x14,x0,-16	  x0:0x00000000 x14=0xfffffff0
       22245000	      2223	80000210	e9f8fa93	andi	x21,x17,-353	 x17:0xfffffffb x21=0xfffffe9b
       22255000	      2224	80000214	ffd88893	addi	x17,x17,-3	 x17:0xfffffffb x17=0xfffffff8
       22265000	      2225	80000218	00e64b33	xor	x22,x12,x14	 x12:0x00000004 x14:0xfffffff0 x22=0xfffffff4
       22275000	      2226	8000021c	008d35b3	sltu	x11,x26,x8	 x26:0x86408194  x8:0x80002198 x11=0x00000000
       22285000	      2227	80000220	fee8d8e3	bge	x17,x14,80000210	 x17:0xfffffff8 x14:0xfffffff0
       22295000	      2228	00000000	00000013	addi	x0,x0,0	  x0:0x00000000
       22305000	      2229	8000020c	00000013	addi	x0,x0,0	  x0:0x00000000
       22315000	      2230	80000210	e9f8fa93	andi	x21,x17,-353	 x17:0xfffffff8 x21=0xfffffe98
       22325000	      2231	80000214	ffd88893	addi	x17,x17,-3	 x17:0xfffffff8 x17=0xfffffff5
       22335000	      2232	80000218	00e64b33	xor	x22,x12,x14	 x12:0x00000004 x14:0xfffffff0 x22=0xfffffff4
       22345000	      2233	8000021c	008d35b3	sltu	x11,x26,x8	 x26:0x86408194  x8:0x80002198 x11=0x00000000
       22355000	      2234	80000220	fee8d8e3	bge	x17,x14,80000210	 x17:0xfffffff5 x14:0xfffffff0
       22365000	      2235	00000000	00000013	addi	x0,x0,0	  x0:0x00000000
       22375000	      2236	8000020c	00000013	addi	x0,x0,0	  x0:0x00000000
       22385000	      2237	80000210	e9f8fa93	andi	x21,x17,-353	 x17:0xfffffff5 x21=0xfffffe95
       22395000	      2238	80000214	ffd88893	addi	x17,x17,-3	 x17:0xfffffff5 x17=0xfffffff2
       22405000	      2239	80000218	00e64b33	xor	x22,x12,x14	 x12:0x00000004 x14:0xfffffff0 x22=0xfffffff4
       22415000	      2240	8000021c	008d35b3	sltu	x11,x26,x8	 x26:0x86408194  x8:0x80002198 x11=0x00000000
       22425000	      2241	80000220	fee8d8e3	bge	x17,x14,80000210	 x17:0xfffffff2 x14:0xfffffff0
       22435000	      2242	00000000	00000013	addi	x0,x0,0	  x0:0x00000000
       22445000	      2243	8000020c	00000013	addi	x0,x0,0	  x0:0x00000000
       22455000	      2244	80000210	e9f8fa93	andi	x21,x17,-353	 x17:0xfffffff2 x21=0xfffffe92
       22465000	      2245	80000214	ffd88893	addi	x17,x17,-3	 x17:0xfffffff2 x17=0xffffffef
       22475000	      2246	80000218	00e64b33	xor	x22,x12,x14	 x12:0x00000004 x14:0xfffffff0 x22=0xfffffff4
       22485000	      2247	8000021c	008d35b3	sltu	x11,x26,x8	 x26:0x86408194  x8:0x80002198 x11=0x00000000
       22495000	      2248	80000220	fee8d8e3	bge	x17,x14,80000210	 x17:0xffffffef x14:0xfffffff0
       22505000	      2249	80000224	01eb40b3	xor	x1,x22,x30	 x22:0xfffffff4 x30:0x00080000  x1=0xfff7fff4
       22515000	      2250	80000228	41df5433	sra	x8,x30,x29	 x30:0x00080000 x29:0x00000001  x8=0x00040000
       22525000	      2251	8000022c	41c65f13	srai	x30,x12,0x1c	 x12:0x00000004 x30=0x00000000
       22535000	      2252	80000230	41d6dd33	sra	x26,x13,x29	 x13:0xfffff80b x29:0x00000001 x26=0xfffffc05
       22545000	      2253	80000234	40100933	sub	x18,x0,x1	  x0:0x00000000  x1:0xfff7fff4 x18=0x0008000c
       22555000	      2254	80000238	01157333	and	x6,x10,x17	 x10:0x0000000b x17:0xffffffef  x6=0x0000000b
       22565000	      2255	8000023c	401ede93	srai	x29,x29,0x1	 x29:0x00000001 x29=0x00000000
       22575000	      2256	80000240	fe0c2a37	lui	x20,0xfe0c2	 x20=0xfe0c2000
       22585000	      2257	80000244	41108133	sub	x2,x1,x17	  x1:0xfff7fff4 x17:0xffffffef  x2=0xfff80005
       22595000	      2258	80000248	00cf8133	add	x2,x31,x12	 x31:0x80009f84 x12:0x00000004  x2=0x80009f88
       22605000	      2259	8000024c	00c73933	sltu	x18,x14,x12	 x14:0xfffffff0 x12:0x00000004 x18=0x00000000
       22615000	      2260	80000250	01f03e33	sltu	x28,x0,x31	  x0:0x00000000 x31:0x80009f84 x28=0x00000001
       22625000	      2261	80000254	f8f51ce3	bne	x10,x15,800001ec	 x10:0x0000000b x15:0x0000000b
       22635000	      2262	80000258	ba7c6593	ori	x11,x24,-1113	 x24:0x80000000 x11=0xfffffba7
       22645000	      2263	8000025c	ff700693	addi	x13,x0,-9	  x0:0x00000000 x13=0xfffffff7
       22655000	      2264	80000260	ffd00893	addi	x17,x0,-3	  x0:0x00000000 x17=0xfffffffd
       22665000	      2265	80000264	0a613613	sltiu	x12,x2,166	  x2:0x80009f88 x12=0x00000000
       22675000	      2266	80000268	9ab33513	sltiu	x10,x6,-1621	  x6:0x0000000b x10=0x00000001
       22685000	      2267	8000026c	00268693	addi	x13,x13,2	 x13:0xfffffff7 x13=0xfffffff9
       22695000	      2268	80000270	0120bbb3	sltu	x23,x1,x18	  x1:0xfff7fff4 x18:0x00000000 x23=0x00000000
       22705000	      2269	80000274	ff16cae3	blt	x13,x17,80000268	 x13:0xfffffff9 x17:0xfffffffd
       22715000	      2270	00000000	00000013	addi	x0,x0,0	  x0:0x00000000
       22725000	      2271	80000264	00000013	addi	x0,x0,0	  x0:0x00000000
       22735000	      2272	80000268	9ab33513	sltiu	x10,x6,-1621	  x6:0x0000000b x10=0x00000001
       22745000	      2273	8000026c	00268693	addi	x13,x13,2	 x13:0xfffffff9 x13=0xfffffffb
       22755000	      2274	80000270	0120bbb3	sltu	x23,x1,x18	  x1:0xfff7fff4 x18:0x00000000 x23=0x00000000
       22765000	      2275	80000274	ff16cae3	blt	x13,x17,80000268	 x13:0xfffffffb x17:0xfffffffd
       22775000	      2276	00000000	00000013	addi	x0,x0,0	  x0:0x00000000
       22785000	      2277	80000264	00000013	addi	x0,x0,0	  x0:0x00000000
       22795000	      2278	80000268	9ab33513	sltiu	x10,x6,-1621	  x6:0x0000000b x10=0x00000001
       22805000	      2279	8000026c	00268693	addi	x13,x13,2	 x13:0xfffffffb x13=0xfffffffd
       22815000	      2280	80000270	0120bbb3	sltu	x23,x1,x18	  x1:0xfff7fff4 x18:0x00000000 x23=0x00000000
       22825000	      2281	80000274	ff16cae3	blt	x13,x17,80000268	 x13:0xfffffffd x17:0xfffffffd
       22835000	      2282	80000278	bfcbb613	sltiu	x12,x23,-1028	 x23:0x00000000 x12=0x00000001
       22845000	      2283	8000027c	00300d93	addi	x27,x0,3	  x0:0x00000000 x27=0x00000003
       22855000	      2284	80000280	ffb00893	addi	x17,x0,-5	  x0:0x00000000 x17=0xfffffffb
       22865000	      2285	80000284	c3b3f413	andi	x8,x7,-965	  x7:0x80009fc4  x8=0x80009c00
       22875000	      2286	80000288	00e56933	or	x18,x10,x14	 x10:0x00000001 x14:0xfffffff0 x18=0xfffffff1
       22885000	      2287	8000028c	e5166313	ori	x6,x12,-431	 x12:0x00000001  x6=0xfffffe51
       22895000	      2288	80000290	ff8d8d93	addi	x27,x27,-8	 x27:0x00000003 x27=0xfffffffb
       22905000	      2289	80000294	fff00213	addi	x4,x0,-1	  x0:0x00000000  x4=0xffffffff
       22915000	      2290	80000298	002837b3	sltu	x15,x16,x2	 x16:0x930c0001  x2:0x80009f88 x15=0x00000000
       22925000	      2291	8000029c	96239137	lui	x2,0x96239	  x2=0x96239000
       22935000	      2292	800002a0	fff00e13	addi	x28,x0,-1	  x0:0x00000000 x28=0xffffffff
       22945000	      2293	800002a4	0e1e2593	slti	x11,x28,225	 x28:0xffffffff x11=0x00000001
       22955000	      2294	800002a8	ffb20213	addi	x4,x4,-5	  x4:0xffffffff  x4=0xfffffffa
       22965000	      2295	800002ac	61de8613	addi	x12,x29,1565	 x29:0x00000000 x12=0x0000061d
       22975000	      2296	800002b0	ffc25ae3	bge	x4,x28,800002a4	  x4:0xfffffffa x28:0xffffffff
       22985000	      2297	800002b4	fd1d9ae3	bne	x27,x17,80000288	 x27:0xfffffffb x17:0xfffffffb
       22995000	      2298	800002b8	0e2bef13	ori	x30,x23,226	 x23:0x00000000 x30=0x000000e2
       23005000	      2299	800002bc	00000a13	addi	x20,x0,0	  x0:0x00000000 x20=0x00000000
       23015000	      2300	800002c0	414f8233	sub	x4,x31,x20	 x31:0x80009f84 x20:0x00000000  x4=0x80009f84
       23025000	      2301	800002c4	007b7bb3	and	x23,x22,x7	 x22:0xfffffff4  x7:0x80009fc4 x23=0x80009fc4
       23035000	      2302	800002c8	7ac08a93	addi	x21,x1,1964	  x1:0xfff7fff4 x21=0xfff807a0
       23045000	      2303	800002cc	01165a93	srli	x21,x12,0x11	 x12:0x0000061d x21=0x00000000
       23055000	      2304	800002d0	01da1713	slli	x14,x20,0x1d	 x20:0x00000000 x14=0x00000000
       23065000	      2305	800002d4	00600293	addi	x5,x0,6	  x0:0x00000000  x5=0x00000006
       23075000	      2306	800002d8	00000013	addi	x0,x0,0	  x0:0x00000000
       23085000	      2307	800002dc	006420b3	slt	x1,x8,x6	  x8:0x80009c00  x6:0xfffffe51  x1=0x00000001
       23095000	      2308	800002e0	002a0a13	addi	x20,x20,2	 x20:0x00000000 x20=0x00000002
       23105000	      2309	800002e4	00000013	addi	x0,x0,0	  x0:0x00000000
       23115000	      2310	800002e8	da366793	ori	x15,x12,-605	 x12:0x0000061d x15=0xffffffbf
       23125000	      2311	800002ec	00198833	add	x16,x19,x1	 x19:0x00000000  x1:0x00000001 x16=0x00000001
       23135000	      2312	800002f0	6498b713	sltiu	x14,x17,1609	 x17:0xfffffffb x14=0x00000000
       23145000	      2313	800002f4	fe5a64e3	bltu	x20,x5,800002dc	 x20:0x00000002  x5:0x00000006
       23155000	      2314	00000000	00000013	addi	x0,x0,0	  x0:0x00000000
       23165000	      2315	800002d8	00000013	addi	x0,x0,0	  x0:0x00000000
       23175000	      2316	800002dc	006420b3	slt	x1,x8,x6	  x8:0x80009c00  x6:0xfffffe51  x1=0x00000001
       23185000	      2317	800002e0	002a0a13	addi	x20,x20,2	 x20:0x00000002 x20=0x00000004
       23195000	      2318	800002e4	00000013	addi	x0,x0,0	  x0:0x00000000
       23205000	      2319	800002e8	da366793	ori	x15,x12,-605	 x12:0x0000061d x15=0xffffffbf
       23215000	      2320	800002ec	00198833	add	x16,x19,x1	 x19:0x00000000  x1:0x00000001 x16=0x00000001
       23225000	      2321	800002f0	6498b713	sltiu	x14,x17,1609	 x17:0xfffffffb x14=0x00000000
       23235000	      2322	800002f4	fe5a64e3	bltu	x20,x5,800002dc	 x20:0x00000004  x5:0x00000006
       23245000	      2323	00000000	00000013	addi	x0,x0,0	  x0:0x00000000
       23255000	      2324	800002d8	00000013	addi	x0,x0,0	  x0:0x00000000
       23265000	      2325	800002dc	006420b3	slt	x1,x8,x6	  x8:0x80009c00  x6:0xfffffe51  x1=0x00000001
       23275000	      2326	800002e0	002a0a13	addi	x20,x20,2	 x20:0x00000004 x20=0x00000006
       23285000	      2327	800002e4	00000013	addi	x0,x0,0	  x0:0x00000000
       23295000	      2328	800002e8	da366793	ori	x15,x12,-605	 x12:0x0000061d x15=0xffffffbf
       23305000	      2329	800002ec	00198833	add	x16,x19,x1	 x19:0x00000000  x1:0x00000001 x16=0x00000001
       23315000	      2330	800002f0	6498b713	sltiu	x14,x17,1609	 x17:0xfffffffb x14=0x00000000
       23325000	      2331	800002f4	fe5a64e3	bltu	x20,x5,800002dc	 x20:0x00000006  x5:0x00000006
       23335000	      2332	800002f8	6fe46a93	ori	x21,x8,1790	  x8:0x80009c00 x21=0x80009efe
       23345000	      2333	800002fc	ff600e13	addi	x28,x0,-10	  x0:0x00000000 x28=0xfffffff6
       23355000	      2334	80000300	01ecb4b3	sltu	x9,x25,x30	 x25:0xf80a20a0 x30:0x000000e2  x9=0x00000000
       23365000	      2335	80000304	a73cca93	xori	x21,x25,-1421	 x25:0xf80a20a0 x21=0x07f5dad3
       23375000	      2336	80000308	11464c93	xori	x25,x12,276	 x12:0x0000061d x25=0x00000709
       23385000	      2337	8000030c	01400593	addi	x11,x0,20	  x0:0x00000000 x11=0x00000014
       23395000	      2338	80000310	00c4f733	and	x14,x9,x12	  x9:0x00000000 x12:0x0000061d x14=0x00000000
       23405000	      2339	80000314	001f3033	sltu	x0,x30,x1	 x30:0x000000e2  x1:0x00000001
       23415000	      2340	80000318	006e0e13	addi	x28,x28,6	 x28:0xfffffff6 x28=0xfffffffc
       23425000	      2341	8000031c	00b37033	and	x0,x6,x11	  x6:0xfffffe51 x11:0x00000014
       23435000	      2342	80000320	ff900813	addi	x16,x0,-7	  x0:0x00000000 x16=0xfffffff9
       23445000	      2343	80000324	00700693	addi	x13,x0,7	  x0:0x00000000 x13=0x00000007
       23455000	      2344	80000328	e2ee8613	addi	x12,x29,-466	 x29:0x00000000 x12=0xfffffe2e
       23465000	      2345	8000032c	408d8233	sub	x4,x27,x8	 x27:0xfffffffb  x8:0x80009c00  x4=0x7fff63fb
       23475000	      2346	80000330	ec247897	auipc	x17,0xec247	 x17=0x6c24732c
       23485000	      2347	80000334	01cf30b3	sltu	x1,x30,x28	 x30:0x000000e2 x28:0xfffffffc  x1=0x00000001
       23495000	      2348	80000338	01cd4333	xor	x6,x26,x28	 x26:0xfffffc05 x28:0xfffffffc  x6=0x000003f9
       23505000	      2349	8000033c	00000013	addi	x0,x0,0	  x0:0x00000000
       23515000	      2350	80000340	0143da13	srli	x20,x7,0x14	  x7:0x80009fc4 x20=0x00000800
       23525000	      2351	80000344	00680813	addi	x16,x16,6	 x16:0xfffffff9 x16=0xffffffff
       23535000	      2352	80000348	f3484413	xori	x8,x16,-204	 x16:0xffffffff  x8=0x000000cb
       23545000	      2353	8000034c	fed866e3	bltu	x16,x13,80000338	 x16:0xffffffff x13:0x00000007
       23555000	      2354	80000350	01b92cb3	slt	x25,x18,x27	 x18:0xfffffff1 x27:0xfffffffb x25=0x00000001
       23565000	      2355	80000354	01619333	sll	x6,x3,x22	  x3:0x00000000 x22:0xfffffff4  x6=0x00000000
       23575000	      2356	80000358	00000013	addi	x0,x0,0	  x0:0x00000000
       23585000	      2357	8000035c	4875e093	ori	x1,x11,1159	 x11:0x00000014  x1=0x00000497
       23595000	      2358	80000360	fabe1ae3	bne	x28,x11,80000314	 x28:0xfffffffc x11:0x00000014
       23605000	      2359	00000000	00000013	addi	x0,x0,0	  x0:0x00000000
       23615000	      2360	80000310	00000013	addi	x0,x0,0	  x0:0x00000000
       23625000	      2361	80000314	001f3033	sltu	x0,x30,x1	 x30:0x000000e2  x1:0x00000497
       23635000	      2362	80000318	006e0e13	addi	x28,x28,6	 x28:0xfffffffc x28=0x00000002
       23645000	      2363	8000031c	00b37033	and	x0,x6,x11	  x6:0x00000000 x11:0x00000014
       23655000	      2364	80000320	ff900813	addi	x16,x0,-7	  x0:0x00000000 x16=0xfffffff9
       23665000	      2365	80000324	00700693	addi	x13,x0,7	  x0:0x00000000 x13=0x00000007
       23675000	      2366	80000328	e2ee8613	addi	x12,x29,-466	 x29:0x00000000 x12=0xfffffe2e
       23685000	      2367	8000032c	408d8233	sub	x4,x27,x8	 x27:0xfffffffb  x8:0x000000cb  x4=0xffffff30
       23695000	      2368	80000330	ec247897	auipc	x17,0xec247	 x17=0x6c24732c
       23705000	      2369	80000334	01cf30b3	sltu	x1,x30,x28	 x30:0x000000e2 x28:0x00000002  x1=0x00000000
       23715000	      2370	80000338	01cd4333	xor	x6,x26,x28	 x26:0xfffffc05 x28:0x00000002  x6=0xfffffc07
       23725000	      2371	8000033c	00000013	addi	x0,x0,0	  x0:0x00000000
       23735000	      2372	80000340	0143da13	srli	x20,x7,0x14	  x7:0x80009fc4 x20=0x00000800
       23745000	      2373	80000344	00680813	addi	x16,x16,6	 x16:0xfffffff9 x16=0xffffffff
       23755000	      2374	80000348	f3484413	xori	x8,x16,-204	 x16:0xffffffff  x8=0x000000cb
       23765000	      2375	8000034c	fed866e3	bltu	x16,x13,80000338	 x16:0xffffffff x13:0x00000007
       23775000	      2376	80000350	01b92cb3	slt	x25,x18,x27	 x18:0xfffffff1 x27:0xfffffffb x25=0x00000001
       23785000	      2377	80000354	01619333	sll	x6,x3,x22	  x3:0x00000000 x22:0xfffffff4  x6=0x00000000
       23795000	      2378	80000358	00000013	addi	x0,x0,0	  x0:0x00000000
       23805000	      2379	8000035c	4875e093	ori	x1,x11,1159	 x11:0x00000014  x1=0x00000497
       23815000	      2380	80000360	fabe1ae3	bne	x28,x11,80000314	 x28:0x00000002 x11:0x00000014
       23825000	      2381	00000000	00000013	addi	x0,x0,0	  x0:0x00000000
       23835000	      2382	80000310	00000013	addi	x0,x0,0	  x0:0x00000000
       23845000	      2383	80000314	001f3033	sltu	x0,x30,x1	 x30:0x000000e2  x1:0x00000497
       23855000	      2384	80000318	006e0e13	addi	x28,x28,6	 x28:0x00000002 x28=0x00000008
       23865000	      2385	8000031c	00b37033	and	x0,x6,x11	  x6:0x00000000 x11:0x00000014
       23875000	      2386	80000320	ff900813	addi	x16,x0,-7	  x0:0x00000000 x16=0xfffffff9
       23885000	      2387	80000324	00700693	addi	x13,x0,7	  x0:0x00000000 x13=0x00000007
       23895000	      2388	80000328	e2ee8613	addi	x12,x29,-466	 x29:0x00000000 x12=0xfffffe2e
       23905000	      2389	8000032c	408d8233	sub	x4,x27,x8	 x27:0xfffffffb  x8:0x000000cb  x4=0xffffff30
       23915000	      2390	80000330	ec247897	auipc	x17,0xec247	 x17=0x6c24732c
       23925000	      2391	80000334	01cf30b3	sltu	x1,x30,x28	 x30:0x000000e2 x28:0x00000008  x1=0x00000000
       23935000	      2392	80000338	01cd4333	xor	x6,x26,x28	 x26:0xfffffc05 x28:0x00000008  x6=0xfffffc0d
       23945000	      2393	8000033c	00000013	addi	x0,x0,0	  x0:0x00000000
       23955000	      2394	80000340	0143da13	srli	x20,x7,0x14	  x7:0x80009fc4 x20=0x00000800
       23965000	      2395	80000344	00680813	addi	x16,x16,6	 x16:0xfffffff9 x16=0xffffffff
       23975000	      2396	80000348	f3484413	xori	x8,x16,-204	 x16:0xffffffff  x8=0x000000cb
       23985000	      2397	8000034c	fed866e3	bltu	x16,x13,80000338	 x16:0xffffffff x13:0x00000007
       23995000	      2398	80000350	01b92cb3	slt	x25,x18,x27	 x18:0xfffffff1 x27:0xfffffffb x25=0x00000001
       24005000	      2399	80000354	01619333	sll	x6,x3,x22	  x3:0x00000000 x22:0xfffffff4  x6=0x00000000
       24015000	      2400	80000358	00000013	addi	x0,x0,0	  x0:0x00000000
       24025000	      2401	8000035c	4875e093	ori	x1,x11,1159	 x11:0x00000014  x1=0x00000497
       24035000	      2402	80000360	fabe1ae3	bne	x28,x11,80000314	 x28:0x00000008 x11:0x00000014
       24045000	      2403	00000000	00000013	addi	x0,x0,0	  x0:0x00000000
       24055000	      2404	80000310	00000013	addi	x0,x0,0	  x0:0x00000000
       24065000	      2405	80000314	001f3033	sltu	x0,x30,x1	 x30:0x000000e2  x1:0x00000497
       24075000	      2406	80000318	006e0e13	addi	x28,x28,6	 x28:0x00000008 x28=0x0000000e
       24085000	      2407	8000031c	00b37033	and	x0,x6,x11	  x6:0x00000000 x11:0x00000014
       24095000	      2408	80000320	ff900813	addi	x16,x0,-7	  x0:0x00000000 x16=0xfffffff9
       24105000	      2409	80000324	00700693	addi	x13,x0,7	  x0:0x00000000 x13=0x00000007
       24115000	      2410	80000328	e2ee8613	addi	x12,x29,-466	 x29:0x00000000 x12=0xfffffe2e
       24125000	      2411	8000032c	408d8233	sub	x4,x27,x8	 x27:0xfffffffb  x8:0x000000cb  x4=0xffffff30
       24135000	      2412	80000330	ec247897	auipc	x17,0xec247	 x17=0x6c24732c
       24145000	      2413	80000334	01cf30b3	sltu	x1,x30,x28	 x30:0x000000e2 x28:0x0000000e  x1=0x00000000
       24155000	      2414	80000338	01cd4333	xor	x6,x26,x28	 x26:0xfffffc05 x28:0x0000000e  x6=0xfffffc0b
       24165000	      2415	8000033c	00000013	addi	x0,x0,0	  x0:0x00000000
       24175000	      2416	80000340	0143da13	srli	x20,x7,0x14	  x7:0x80009fc4 x20=0x00000800
       24185000	      2417	80000344	00680813	addi	x16,x16,6	 x16:0xfffffff9 x16=0xffffffff
       24195000	      2418	80000348	f3484413	xori	x8,x16,-204	 x16:0xffffffff  x8=0x000000cb
       24205000	      2419	8000034c	fed866e3	bltu	x16,x13,80000338	 x16:0xffffffff x13:0x00000007
       24215000	      2420	80000350	01b92cb3	slt	x25,x18,x27	 x18:0xfffffff1 x27:0xfffffffb x25=0x00000001
       24225000	      2421	80000354	01619333	sll	x6,x3,x22	  x3:0x00000000 x22:0xfffffff4  x6=0x00000000
       24235000	      2422	80000358	00000013	addi	x0,x0,0	  x0:0x00000000
       24245000	      2423	8000035c	4875e093	ori	x1,x11,1159	 x11:0x00000014  x1=0x00000497
       24255000	      2424	80000360	fabe1ae3	bne	x28,x11,80000314	 x28:0x0000000e x11:0x00000014
       24265000	      2425	00000000	00000013	addi	x0,x0,0	  x0:0x00000000
       24275000	      2426	80000310	00000013	addi	x0,x0,0	  x0:0x00000000
       24285000	      2427	80000314	001f3033	sltu	x0,x30,x1	 x30:0x000000e2  x1:0x00000497
       24295000	      2428	80000318	006e0e13	addi	x28,x28,6	 x28:0x0000000e x28=0x00000014
       24305000	      2429	8000031c	00b37033	and	x0,x6,x11	  x6:0x00000000 x11:0x00000014
       24315000	      2430	80000320	ff900813	addi	x16,x0,-7	  x0:0x00000000 x16=0xfffffff9
       24325000	      2431	80000324	00700693	addi	x13,x0,7	  x0:0x00000000 x13=0x00000007
       24335000	      2432	80000328	e2ee8613	addi	x12,x29,-466	 x29:0x00000000 x12=0xfffffe2e
       24345000	      2433	8000032c	408d8233	sub	x4,x27,x8	 x27:0xfffffffb  x8:0x000000cb  x4=0xffffff30
       24355000	      2434	80000330	ec247897	auipc	x17,0xec247	 x17=0x6c24732c
       24365000	      2435	80000334	01cf30b3	sltu	x1,x30,x28	 x30:0x000000e2 x28:0x00000014  x1=0x00000000
       24375000	      2436	80000338	01cd4333	xor	x6,x26,x28	 x26:0xfffffc05 x28:0x00000014  x6=0xfffffc11
       24385000	      2437	8000033c	00000013	addi	x0,x0,0	  x0:0x00000000
       24395000	      2438	80000340	0143da13	srli	x20,x7,0x14	  x7:0x80009fc4 x20=0x00000800
       24405000	      2439	80000344	00680813	addi	x16,x16,6	 x16:0xfffffff9 x16=0xffffffff
       24415000	      2440	80000348	f3484413	xori	x8,x16,-204	 x16:0xffffffff  x8=0x000000cb
       24425000	      2441	8000034c	fed866e3	bltu	x16,x13,80000338	 x16:0xffffffff x13:0x00000007
       24435000	      2442	80000350	01b92cb3	slt	x25,x18,x27	 x18:0xfffffff1 x27:0xfffffffb x25=0x00000001
       24445000	      2443	80000354	01619333	sll	x6,x3,x22	  x3:0x00000000 x22:0xfffffff4  x6=0x00000000
       24455000	      2444	80000358	00000013	addi	x0,x0,0	  x0:0x00000000
       24465000	      2445	8000035c	4875e093	ori	x1,x11,1159	 x11:0x00000014  x1=0x00000497
       24475000	      2446	80000360	fabe1ae3	bne	x28,x11,80000314	 x28:0x00000014 x11:0x00000014
       24485000	      2447	80000364	476df893	andi	x17,x27,1142	 x27:0xfffffffb x17=0x00000472
       24495000	      2448	80000368	00ced933	srl	x18,x29,x12	 x29:0x00000000 x12:0xfffffe2e x18=0x00000000
       24505000	      2449	8000036c	003355b3	srl	x11,x6,x3	  x6:0x00000000  x3:0x00000000 x11=0x00000000
       24515000	      2450	80000370	97ca2713	slti	x14,x20,-1668	 x20:0x00000800 x14=0x00000000
       24525000	      2451	80000374	40098833	sub	x16,x19,x0	 x19:0x00000000  x0:0x00000000 x16=0x00000000
       24535000	      2452	80000378	5c99f093	andi	x1,x19,1481	 x19:0x00000000  x1=0x00000000
       24545000	      2453	8000037c	01369433	sll	x8,x13,x19	 x13:0x00000007 x19:0x00000000  x8=0x00000007
       24555000	      2454	80000380	8477d617	auipc	x12,0x8477d	 x12=0x0477d37c
       24565000	      2455	80000384	261cb993	sltiu	x19,x25,609	 x25:0x00000001 x19=0x00000001
       24575000	      2456	80000388	682b3e93	sltiu	x29,x22,1666	 x22:0xfffffff4 x29=0x00000000
       24585000	      2457	8000038c	0053e133	or	x2,x7,x5	  x7:0x80009fc4  x5:0x00000006  x2=0x80009fc6
       24595000	      2458	80000390	b4ecc713	xori	x14,x25,-1202	 x25:0x00000001 x14=0xfffffb4f
       24605000	      2459	80000394	014f5db3	srl	x27,x30,x20	 x30:0x000000e2 x20:0x00000800 x27=0x000000e2
       24615000	      2460	80000398	c1e98497	auipc	x9,0xc1e98	  x9=0x41e98394
       24625000	      2461	8000039c	7b5c7b13	andi	x22,x24,1973	 x24:0x80000000 x22=0x00000000
       24635000	      2462	800003a0	00d01d93	slli	x27,x0,0xd	  x0:0x00000000 x27=0x00000000
       24645000	      2463	800003a4	01fdf933	and	x18,x27,x31	 x27:0x00000000 x31:0x80009f84 x18=0x00000000
       24655000	      2464	800003a8	01dcf663	bgeu	x25,x29,800003b4	 x25:0x00000001 x29:0x00000000
       24665000	      2465	00000000	00000013	addi	x0,x0,0	  x0:0x00000000
       24675000	      2466	800003b0	00000013	addi	x0,x0,0	  x0:0x00000000
       24685000	      2467	800003b4	9e0b0a93	addi	x21,x22,-1568	 x22:0x00000000 x21=0xfffff9e0
       24695000	      2468	800003b8	1e312293	slti	x5,x2,483	  x2:0x80009fc6  x5=0x00000001
       24705000	      2469	800003bc	50084d13	xori	x26,x16,1280	 x16:0x00000000 x26=0x00000500
       24715000	      2470	800003c0	00f2e7b3	or	x15,x5,x15	  x5:0x00000001 x15:0xffffffbf x15=0xffffffbf
       24725000	      2471	800003c4	00000013	addi	x0,x0,0	  x0:0x00000000
       24735000	      2472	800003c8	d43bca93	xori	x21,x23,-701	 x23:0x80009fc4 x21=0x7fff6287
       24745000	      2473	800003cc	013ca933	slt	x18,x25,x19	 x25:0x00000001 x19:0x00000001 x18=0x00000000
       24755000	      2474	800003d0	00fc8263	beq	x25,x15,800003d4	 x25:0x00000001 x15:0xffffffbf
       24765000	      2475	800003d4	01bf7933	and	x18,x30,x27	 x30:0x000000e2 x27:0x00000000 x18=0x00000000
       24775000	      2476	800003d8	0431c663	blt	x3,x3,80000424	  x3:0x00000000  x3:0x00000000
       24785000	      2477	800003dc	001254b3	srl	x9,x4,x1	  x4:0xffffff30  x1:0x00000000  x9=0xffffff30
       24795000	      2478	800003e0	03148263	beq	x9,x17,80000404	  x9:0xffffff30 x17:0x00000472
       24805000	      2479	800003e4	00c88c63	beq	x17,x12,800003fc	 x17:0x00000472 x12:0x0477d37c
       24815000	      2480	800003e8	cc64f193	andi	x3,x9,-826	  x9:0xffffff30  x3=0xfffffc00
       24825000	      2481	800003ec	00b5aa33	slt	x20,x11,x11	 x11:0x00000000 x11:0x00000000 x20=0x00000000
       24835000	      2482	800003f0	02af4e63	blt	x30,x10,8000042c	 x30:0x000000e2 x10:0x00000001
       24845000	      2483	800003f4	036f5a63	bge	x30,x22,80000428	 x30:0x000000e2 x22:0x00000000
       24855000	      2484	00000000	00000013	addi	x0,x0,0	  x0:0x00000000
       24865000	      2485	80000424	00000013	addi	x0,x0,0	  x0:0x00000000
       24875000	      2486	80000428	02a7ce63	blt	x15,x10,80000464	 x15:0xffffffbf x10:0x00000001
       24885000	      2487	00000000	00000013	addi	x0,x0,0	  x0:0x00000000
       24895000	      2488	80000460	00000013	addi	x0,x0,0	  x0:0x00000000
       24905000	      2489	80000464	01e82233	slt	x4,x16,x30	 x16:0x00000000 x30:0x000000e2  x4=0x00000001
       24915000	      2490	80000468	02065c63	bge	x12,x0,800004a0	 x12:0x0477d37c  x0:0x00000000
       24925000	      2491	00000000	00000013	addi	x0,x0,0	  x0:0x00000000
       24935000	      2492	8000049c	00000013	addi	x0,x0,0	  x0:0x00000000
       24945000	      2493	800004a0	0036c333	xor	x6,x13,x3	 x13:0x00000007  x3:0xfffffc00  x6=0xfffffc07
       24955000	      2494	800004a4	852b6913	ori	x18,x22,-1966	 x22:0x00000000 x18=0xfffff852
       24965000	      2495	800004a8	2176ee93	ori	x29,x13,535	 x13:0x00000007 x29=0x00000217
       24975000	      2496	800004ac	00f85093	srli	x1,x16,0xf	 x16:0x00000000  x1=0x00000000
       24985000	      2497	800004b0	01272e33	slt	x28,x14,x18	 x14:0xfffffb4f x18:0xfffff852 x28=0x00000000
       24995000	      2498	800004b4	400a8333	sub	x6,x21,x0	 x21:0x7fff6287  x0:0x00000000  x6=0x7fff6287
       25005000	      2499	800004b8	402b04b3	sub	x9,x22,x2	 x22:0x00000000  x2:0x80009fc6  x9=0x7fff603a
       25015000	      2500	800004bc	76238613	addi	x12,x7,1890	  x7:0x80009fc4 x12=0x8000a726
       25025000	      2501	800004c0	0083b1b3	sltu	x3,x7,x8	  x7:0x80009fc4  x8:0x00000007  x3=0x00000000
       25035000	      2502	800004c4	006bf5b3	and	x11,x23,x6	 x23:0x80009fc4  x6:0x7fff6287 x11=0x00000284
       25045000	      2503	800004c8	41f95333	sra	x6,x18,x31	 x18:0xfffff852 x31:0x80009f84  x6=0xffffff85
       25055000	      2504	800004cc	40c30ab3	sub	x21,x6,x12	  x6:0xffffff85 x12:0x8000a726 x21=0x7fff585f
       25065000	      2505	800004d0	670f4513	xori	x10,x30,1648	 x30:0x000000e2 x10=0x00000692
       25075000	      2506	800004d4	00000013	addi	x0,x0,0	  x0:0x00000000
       25085000	      2507	800004d8	00000463	beq	x0,x0,800004e0	  x0:0x00000000  x0:0x00000000
       25095000	      2508	00000000	00000013	addi	x0,x0,0	  x0:0x00000000
       25105000	      2509	800004dc	00000013	addi	x0,x0,0	  x0:0x00000000
       25115000	      2510	800004e0	40daf417	auipc	x8,0x40daf	  x8=0xc0daf4dc
       25125000	      2511	800004e4	40645293	srai	x5,x8,0x6	  x8:0xc0daf4dc  x5=0xff036bd3
       25135000	      2512	800004e8	01695eb3	srl	x29,x18,x22	 x18:0xfffff852 x22:0x00000000 x29=0xfffff852
       25145000	      2513	800004ec	c7724a93	xori	x21,x4,-905	  x4:0x00000001 x21=0xfffffc76
       25155000	      2514	800004f0	09fd0413	addi	x8,x26,159	 x26:0x00000500  x8=0x0000059f
       25165000	      2515	800004f4	dea87a93	andi	x21,x16,-534	 x16:0x00000000 x21=0x00000000
       25175000	      2516	800004f8	01061e93	slli	x29,x12,0x10	 x12:0x8000a726 x29=0xa7260000
       25185000	      2517	800004fc	00000013	addi	x0,x0,0	  x0:0x00000000
       25195000	      2518	80000500	1abef813	andi	x16,x29,427	 x29:0xa7260000 x16=0x00000000
       25205000	      2519	80000504	00c75c93	srli	x25,x14,0xc	 x14:0xfffffb4f x25=0x000fffff
       25215000	      2520	80000508	00000013	addi	x0,x0,0	  x0:0x00000000
       25225000	      2521	8000050c	00b572b3	and	x5,x10,x11	 x10:0x00000692 x11:0x00000284  x5=0x00000280
       25235000	      2522	80000510	00000013	addi	x0,x0,0	  x0:0x00000000
       25245000	      2523	80000514	02108c63	beq	x1,x1,8000054c	  x1:0x00000000  x1:0x00000000
       25255000	      2524	00000000	00000013	addi	x0,x0,0	  x0:0x00000000
       25265000	      2525	80000548	00000013	addi	x0,x0,0	  x0:0x00000000
       25275000	      2526	8000054c	00a51463	bne	x10,x10,80000554	 x10:0x00000692 x10:0x00000692
       25285000	      2527	80000550	00f0fb33	and	x22,x1,x15	  x1:0x00000000 x15:0xffffffbf x22=0x00000000
       25295000	      2528	80000554	00b75eb3	srl	x29,x14,x11	 x14:0xfffffb4f x11:0x00000284 x29=0x0fffffb4
       25305000	      2529	80000558	00cfbdb3	sltu	x27,x31,x12	 x31:0x80009f84 x12:0x8000a726 x27=0x00000001
       25315000	      2530	8000055c	02a48c63	beq	x9,x10,80000594	  x9:0x7fff603a x10:0x00000692
       25325000	      2531	80000560	031be463	bltu	x23,x17,80000588	 x23:0x80009fc4 x17:0x00000472
       25335000	      2532	80000564	4132d893	srai	x17,x5,0x13	  x5:0x00000280 x17=0x00000000
       25345000	      2533	80000568	45002d93	slti	x27,x0,1104	  x0:0x00000000 x27=0x00000001
       25355000	      2534	8000056c	01ccd8b3	srl	x17,x25,x28	 x25:0x000fffff x28:0x00000000 x17=0x000fffff
       25365000	      2535	80000570	00065733	srl	x14,x12,x0	 x12:0x8000a726  x0:0x00000000 x14=0x8000a726
       25375000	      2536	80000574	01a3ca33	xor	x20,x7,x26	  x7:0x80009fc4 x26:0x00000500 x20=0x80009ac4
       25385000	      2537	80000578	03321c63	bne	x4,x19,800005b0	  x4:0x00000001 x19:0x00000001
       25395000	      2538	8000057c	009b5013	srli	x0,x22,0x9	 x22:0x00000000
       25405000	      2539	80000580	00b55713	srli	x14,x10,0xb	 x10:0x00000692 x14=0x00000000
       25415000	      2540	80000584	b0d87713	andi	x14,x16,-1267	 x16:0x00000000 x14=0x00000000
       25425000	      2541	80000588	a577ab97	auipc	x23,0xa577a	 x23=0x2577a584
       25435000	      2542	8000058c	09f02693	slti	x13,x0,159	  x0:0x00000000 x13=0x00000001
       25445000	      2543	80000590	00000013	addi	x0,x0,0	  x0:0x00000000
       25455000	      2544	80000594	24906493	ori	x9,x0,585	  x0:0x00000000  x9=0x00000249
       25465000	      2545	80000598	405fd0b3	sra	x1,x31,x5	 x31:0x80009f84  x5:0x00000280  x1=0x80009f84
       25475000	      2546	8000059c	00b91033	sll	x0,x18,x11	 x18:0xfffff852 x11:0x00000284
       25485000	      2547	800005a0	0092bbb3	sltu	x23,x5,x9	  x5:0x00000280  x9:0x00000249 x23=0x00000000
       25495000	      2548	800005a4	fdf5f137	lui	x2,0xfdf5f	  x2=0xfdf5f000
       25505000	      2549	800005a8	5e3a2093	slti	x1,x20,1507	 x20:0x80009ac4  x1=0x00000001
       25515000	      2550	800005ac	00013033	sltu	x0,x2,x0	  x2:0xfdf5f000  x0:0x00000000
       25525000	      2551	800005b0	4a0db137	lui	x2,0x4a0db	  x2=0x4a0db000
       25535000	      2552	800005b4	00866f33	or	x30,x12,x8	 x12:0x8000a726  x8:0x0000059f x30=0x8000a7bf
       25545000	      2553	800005b8	41ce5213	srai	x4,x28,0x1c	 x28:0x00000000  x4=0x00000000
       25555000	      2554	800005bc	4184d193	srai	x3,x9,0x18	  x9:0x00000249  x3=0x00000000
       25565000	      2555	800005c0	0a03bb13	sltiu	x22,x7,160	  x7:0x80009fc4 x22=0x00000000
       25575000	      2556	800005c4	41660233	sub	x4,x12,x22	 x12:0x8000a726 x22:0x00000000  x4=0x8000a726
       25585000	      2557	800005c8	9eb00b93	addi	x23,x0,-1557	  x0:0x00000000 x23=0xfffff9eb
       25595000	      2558	800005cc	40e28233	sub	x4,x5,x14	  x5:0x00000280 x14:0x00000000  x4=0x00000280
       25605000	      2559	800005d0	00666b33	or	x22,x12,x6	 x12:0x8000a726  x6:0xffffff85 x22=0xffffffa7
       25615000	      2560	800005d4	1c954bb7	lui	x23,0x1c954	 x23=0x1c954000
       25625000	      2561	800005d8	078d0663	beq	x26,x24,80000644	 x26:0x00000500 x24:0x80000000
       25635000	      2562	800005dc	4f8a8793	addi	x15,x21,1272	 x21:0x00000000 x15=0x000004f8
       25645000	      2563	800005e0	04b5d063	bge	x11,x11,80000620	 x11:0x00000284 x11:0x00000284
       25655000	      2564	00000000	00000013	addi	x0,x0,0	  x0:0x00000000
       25665000	      2565	8000061c	00000013	addi	x0,x0,0	  x0:0x00000000
       25675000	      2566	80000620	1182d7b7	lui	x15,0x1182d	 x15=0x1182d000
       25685000	      2567	80000624	01e70db3	add	x27,x14,x30	 x14:0x00000000 x30:0x8000a7bf x27=0x8000a7bf
       25695000	      2568	80000628	73edae13	slti	x28,x27,1854	 x27:0x8000a7bf x28=0x00000001
       25705000	      2569	8000062c	954cc493	xori	x9,x25,-1708	 x25:0x000fffff  x9=0xfff006ab
       25715000	      2570	80000630	01796a33	or	x20,x18,x23	 x18:0xfffff852 x23:0x1c954000 x20=0xfffff852
       25725000	      2571	80000634	000482b3	add	x5,x9,x0	  x9:0xfff006ab  x0:0x00000000  x5=0xfff006ab
       25735000	      2572	80000638	4372a313	slti	x6,x5,1079	  x5:0xfff006ab  x6=0x00000001
       25745000	      2573	8000063c	1cb44a13	xori	x20,x8,459	  x8:0x0000059f x20=0x00000454
       25755000	      2574	80000640	03725a63	bge	x4,x23,80000674	  x4:0x00000280 x23:0x1c954000
       25765000	      2575	80000644	b0f14d13	xori	x26,x2,-1265	  x2:0x4a0db000 x26=0xb5f24b0f
       25775000	      2576	80000648	4072d633	sra	x12,x5,x7	  x5:0xfff006ab  x7:0x80009fc4 x12=0xffff006a
       25785000	      2577	8000064c	f7b3ae13	slti	x28,x7,-133	  x7:0x80009fc4 x28=0x00000001
       25795000	      2578	80000650	002729b3	slt	x19,x14,x2	 x14:0x00000000  x2:0x4a0db000 x19=0x00000001
       25805000	      2579	80000654	019679b3	and	x19,x12,x25	 x12:0xffff006a x25:0x000fffff x19=0x000f006a
       25815000	      2580	80000658	879409b7	lui	x19,0x87940	 x19=0x87940000
       25825000	      2581	8000065c	012d1113	slli	x2,x26,0x12	 x26:0xb5f24b0f  x2=0x2c3c0000
       25835000	      2582	80000660	cce39cb7	lui	x25,0xcce39	 x25=0xcce39000
       25845000	      2583	80000664	01309593	slli	x11,x1,0x13	  x1:0x00000001 x11=0x00080000
       25855000	      2584	80000668	9cc86297	auipc	x5,0x9cc86	  x5=0x1cc86664
       25865000	      2585	8000066c	41f35a33	sra	x20,x6,x31	  x6:0x00000001 x31:0x80009f84 x20=0x00000000
       25875000	      2586	80000670	297c8093	addi	x1,x25,663	 x25:0xcce39000  x1=0xcce39297
       25885000	      2587	80000674	00000013	addi	x0,x0,0	  x0:0x00000000
       25895000	      2588	80000678	00f09cb3	sll	x25,x1,x15	  x1:0xcce39297 x15:0x1182d000 x25=0xcce39297
       25905000	      2589	8000067c	40300333	sub	x6,x0,x3	  x0:0x00000000  x3:0x00000000  x6=0x00000000
       25915000	      2590	80000680	000d24b3	slt	x9,x26,x0	 x26:0xb5f24b0f  x0:0x00000000  x9=0x00000001
       25925000	      2591	80000684	b8d7e193	ori	x3,x15,-1139	 x15:0x1182d000  x3=0xfffffb8d
       25935000	      2592	80000688	40b9dbb3	sra	x23,x19,x11	 x19:0x87940000 x11:0x00080000 x23=0x87940000
       25945000	      2593	8000068c	5f0a4bb7	lui	x23,0x5f0a4	 x23=0x5f0a4000
       25955000	      2594	80000690	0b09c493	xori	x9,x19,176	 x19:0x87940000  x9=0x879400b0
       25965000	      2595	80000694	99c2b237	lui	x4,0x99c2b	  x4=0x99c2b000
       25975000	      2596	80000698	00065ab3	srl	x21,x12,x0	 x12:0xffff006a  x0:0x00000000 x21=0xffff006a
       25985000	      2597	8000069c	0044c233	xor	x4,x9,x4	  x9:0x879400b0  x4:0x99c2b000  x4=0x1e56b0b0
       25995000	      2598	800006a0	00f694b3	sll	x9,x13,x15	 x13:0x00000001 x15:0x1182d000  x9=0x00000001
       26005000	      2599	800006a4	05aa8863	beq	x21,x26,800006f4	 x21:0xffff006a x26:0xb5f24b0f
       26015000	      2600	800006a8	037f8663	beq	x31,x23,800006d4	 x31:0x80009f84 x23:0x5f0a4000
       26025000	      2601	800006ac	00aacc63	blt	x21,x10,800006c4	 x21:0xffff006a x10:0x00000692
       26035000	      2602	00000000	00000013	addi	x0,x0,0	  x0:0x00000000
       26045000	      2603	800006c0	00000013	addi	x0,x0,0	  x0:0x00000000
       26055000	      2604	800006c4	b37477b7	lui	x15,0xb3747	 x15=0xb3747000
       26065000	      2605	800006c8	1559c5b7	lui	x11,0x1559c	 x11=0x1559c000
       26075000	      2606	800006cc	953bb613	sltiu	x12,x23,-1709	 x23:0x5f0a4000 x12=0x00000001
       26085000	      2607	800006d0	03d8ec63	bltu	x17,x29,80000708	 x17:0x000fffff x29:0x0fffffb4
       26095000	      2608	00000000	00000013	addi	x0,x0,0	  x0:0x00000000
       26105000	      2609	80000704	00000013	addi	x0,x0,0	  x0:0x00000000
       26115000	      2610	80000708	01d559b3	srl	x19,x10,x29	 x10:0x00000692 x29:0x0fffffb4 x19=0x00000000
       26125000	      2611	8000070c	40390933	sub	x18,x18,x3	 x18:0xfffff852  x3:0xfffffb8d x18=0xfffffcc5
       26135000	      2612	80000710	008a5193	srli	x3,x20,0x8	 x20:0x00000000  x3=0x00000000
       26145000	      2613	80000714	03336463	bltu	x6,x19,8000073c	  x6:0x00000000 x19:0x00000000
       26155000	      2614	80000718	58974d13	xori	x26,x14,1417	 x14:0x00000000 x26=0x00000589
       26165000	      2615	8000071c	00be1f13	slli	x30,x28,0xb	 x28:0x00000001 x30=0x00000800
       26175000	      2616	80000720	00258533	add	x10,x11,x2	 x11:0x1559c000  x2:0x2c3c0000 x10=0x4195c000
       26185000	      2617	80000724	40c1d093	srai	x1,x3,0xc	  x3:0x00000000  x1=0x00000000
       26195000	      2618	80000728	05fc7663	bgeu	x24,x31,80000774	 x24:0x80000000 x31:0x80009f84
       26205000	      2619	8000072c	41240333	sub	x6,x8,x18	  x8:0x0000059f x18:0xfffffcc5  x6=0x000008da
       26215000	      2620	80000730	f0e4fe93	andi	x29,x9,-242	  x9:0x00000001 x29=0x00000000
       26225000	      2621	80000734	0228d863	bge	x17,x2,80000764	 x17:0x000fffff  x2:0x2c3c0000
       26235000	      2622	80000738	0143ce33	xor	x28,x7,x20	  x7:0x80009fc4 x20:0x00000000 x28=0x80009fc4
       26245000	      2623	8000073c	c7fe6513	ori	x10,x28,-897	 x28:0x80009fc4 x10=0xffffffff
       26255000	      2624	80000740	007ff263	bgeu	x31,x7,80000744	 x31:0x80009f84  x7:0x80009fc4
       26265000	      2625	80000744	59750613	addi	x12,x10,1431	 x10:0xffffffff x12=0x00000596
       26275000	      2626	80000748	0137be33	sltu	x28,x15,x19	 x15:0xb3747000 x19:0x00000000 x28=0x00000000
       26285000	      2627	8000074c	4088d493	srai	x9,x17,0x8	 x17:0x000fffff  x9=0x00000fff
       26295000	      2628	80000750	6e14e513	ori	x10,x9,1761	  x9:0x00000fff x10=0x00000fff
       26305000	      2629	80000754	04d34263	blt	x6,x13,80000798	  x6:0x000008da x13:0x00000001
       26315000	      2630	80000758	0d24fb93	andi	x23,x9,210	  x9:0x00000fff x23=0x000000d2
       26325000	      2631	8000075c	0121c2b3	xor	x5,x3,x18	  x3:0x00000000 x18:0xfffffcc5  x5=0xfffffcc5
       26335000	      2632	80000760	655a8d93	addi	x27,x21,1621	 x21:0xffff006a x27=0xffff06bf
       26345000	      2633	80000764	54fe3313	sltiu	x6,x28,1359	 x28:0x00000000  x6=0x00000001
       26355000	      2634	80000768	017dd463	bge	x27,x23,80000770	 x27:0xffff06bf x23:0x000000d2
       26365000	      2635	8000076c	05bd8863	beq	x27,x27,800007bc	 x27:0xffff06bf x27:0xffff06bf
       26375000	      2636	00000000	00000013	addi	x0,x0,0	  x0:0x00000000
       26385000	      2637	800007b8	00000013	addi	x0,x0,0	  x0:0x00000000
       26395000	      2638	800007bc	904ba413	slti	x8,x23,-1788	 x23:0x000000d2  x8=0x00000000
       26405000	      2639	800007c0	41828633	sub	x12,x5,x24	  x5:0xfffffcc5 x24:0x80000000 x12=0x7ffffcc5
       26415000	      2640	800007c4	018a3b33	sltu	x22,x20,x24	 x20:0x00000000 x24:0x80000000 x22=0x00000001
       26425000	      2641	800007c8	00000013	addi	x0,x0,0	  x0:0x00000000
       26435000	      2642	800007cc	0049f6b3	and	x13,x19,x4	 x19:0x00000000  x4:0x1e56b0b0 x13=0x00000000
       26445000	      2643	800007d0	3873cf13	xori	x30,x7,903	  x7:0x80009fc4 x30=0x80009c43
       26455000	      2644	800007d4	013c28b3	slt	x17,x24,x19	 x24:0x80000000 x19:0x00000000 x17=0x00000001
       26465000	      2645	800007d8	00290333	add	x6,x18,x2	 x18:0xfffffcc5  x2:0x2c3c0000  x6=0x2c3bfcc5
       26475000	      2646	800007dc	03c24e63	blt	x4,x28,80000818	  x4:0x1e56b0b0 x28:0x00000000
       26485000	      2647	800007e0	279c6993	ori	x19,x24,633	 x24:0x80000000 x19=0x80000279
       26495000	      2648	800007e4	6e602d17	auipc	x26,0x6e602	 x26=0xee6027e0
       26505000	      2649	800007e8	012260b3	or	x1,x4,x18	  x4:0x1e56b0b0 x18:0xfffffcc5  x1=0xfffffcf5
       26515000	      2650	800007ec	01360eb3	add	x29,x12,x19	 x12:0x7ffffcc5 x19:0x80000279 x29=0xffffff3e
       26525000	      2651	800007f0	01b1d493	srli	x9,x3,0x1b	  x3:0x00000000  x9=0x00000000
       26535000	      2652	800007f4	002097b3	sll	x15,x1,x2	  x1:0xfffffcf5  x2:0x2c3c0000 x15=0xfffffcf5
       26545000	      2653	800007f8	22c8a997	auipc	x19,0x22c8a	 x19=0xa2c8a7f4
       26555000	      2654	800007fc	019e7a33	and	x20,x28,x25	 x28:0x00000000 x25:0xcce39297 x20=0x00000000
       26565000	      2655	80000800	00398eb3	add	x29,x19,x3	 x19:0xa2c8a7f4  x3:0x00000000 x29=0xa2c8a7f4
       26575000	      2656	80000804	40cd54b3	sra	x9,x26,x12	 x26:0xee6027e0 x12:0x7ffffcc5  x9=0xff73013f
       26585000	      2657	80000808	053e6863	bltu	x28,x19,80000858	 x28:0x00000000 x19:0xa2c8a7f4
       26595000	      2658	00000000	00000013	addi	x0,x0,0	  x0:0x00000000
       26605000	      2659	80000854	00000013	addi	x0,x0,0	  x0:0x00000000
       26615000	      2660	80000858	f8aa2793	slti	x15,x20,-118	 x20:0x00000000 x15=0x00000000
       26625000	      2661	8000085c	40d90bb3	sub	x23,x18,x13	 x18:0xfffffcc5 x13:0x00000000 x23=0xfffffcc5
       26635000	      2662	80000860	00948663	beq	x9,x9,8000086c	  x9:0xff73013f  x9:0xff73013f
       26645000	      2663	00000000	00000013	addi	x0,x0,0	  x0:0x00000000
       26655000	      2664	80000868	00000013	addi	x0,x0,0	  x0:0x00000000
       26665000	      2665	8000086c	0079c863	blt	x19,x7,8000087c	 x19:0xa2c8a7f4  x7:0x80009fc4
       26675000	      2666	80000870	00064a63	blt	x12,x0,80000884	 x12:0x7ffffcc5  x0:0x00000000
       26685000	      2667	80000874	012ef7b3	and	x15,x29,x18	 x29:0xa2c8a7f4 x18:0xfffffcc5 x15=0xa2c8a4c4
       26695000	      2668	80000878	20b34d93	xori	x27,x6,523	  x6:0x2c3bfcc5 x27=0x2c3bfece
       26705000	      2669	8000087c	01a717b3	sll	x15,x14,x26	 x14:0x00000000 x26:0xee6027e0 x15=0x00000000
       26715000	      2670	80000880	016b9693	slli	x13,x23,0x16	 x23:0xfffffcc5 x13=0x31400000
       26725000	      2671	80000884	007c91b3	sll	x3,x25,x7	 x25:0xcce39297  x7:0x80009fc4  x3=0xce392970
       26735000	      2672	80000888	00000c17	auipc	x24,0x0	 x24=0x80000884
       26745000	      2673	8000088c	00cc0c13	addi	x24,x24,12	 x24:0x80000884 x24=0x80000890
       26755000	      2674	80000890	000c0067	jalr	x0,x24,0	 x24:0x80000890
       26765000	      2675	00000000	00000013	addi	x0,x0,0	  x0:0x00000000
       26775000	      2676	80000890	00000013	addi	x0,x0,0	  x0:0x00000000
       26785000	      2677	80000894	00100193	addi	x3,x0,1	  x0:0x00000000  x3=0x00000001
       26795000	      2678	80000898	00000073	ecall	
       26805000	      2679	8000089c	68728e13	addi	x28,x5,1671	  x5:0xfffffcc5 x28=0x0000034c
