		Time			Cycle	PC		Insn	Decoded instruction	Register and memory contents
          65000	         5	80000004	00000293	addi	x5,x0,0	  x0:0x00000000  x5=0x00000000
          75000	         6	80000008	00000313	addi	x6,x0,0	  x0:0x00000000  x6=0x00000000
          85000	         7	8000000c	00628263	beq	x5,x6,80000010	  x5:0x00000000  x6:0x00000000
          95000	         8	00000000	00000013	addi	x0,x0,0	  x0:0x00000000
         105000	         9	8000000c	00000013	addi	x0,x0,0	  x0:0x00000000
         115000	        10	80000010	00000e17	auipc	x28,0x0	 x28=0x8000000c
         125000	        11	80000014	00ce0e13	addi	x28,x28,12	 x28:0x8000000c x28=0x80000018
         135000	        12	80000018	000e0067	jalr	x0,x28,0	 x28:0x80000018
         145000	        13	00000000	00000013	addi	x0,x0,0	  x0:0x00000000
         155000	        14	80000018	00000013	addi	x0,x0,0	  x0:0x00000000
         165000	        15	8000001c	40000f37	lui	x30,0x40000	 x30=0x40000000
         175000	        16	80000020	100f0f13	addi	x30,x30,256	 x30:0x40000000 x30=0x40000100
         185000	        17	80000024	00000013	addi	x0,x0,0	  x0:0x00000000
         195000	        18	80000028	0000a517	auipc	x10,0xa	 x10=0x8000a024
         205000	        19	8000002c	fa050513	addi	x10,x10,-96	 x10:0x8000a024 x10=0x80009fc4
         215000	        20	80000030	00004f17	auipc	x30,0x4	 x30=0x8000402c
         225000	        21	80000034	854f0f13	addi	x30,x30,-1964	 x30:0x8000402c x30=0x80003880
         235000	        22	80000038	001f6f13	ori	x30,x30,1	 x30:0x80003880 x30=0x80003881
         245000	        23	8000003c	00000013	addi	x0,x0,0	  x0:0x00000000
         255000	        24	80000040	00000f17	auipc	x30,0x0	 x30=0x8000003c
         265000	        25	80000044	020f0f13	addi	x30,x30,32	 x30:0x8000003c x30=0x8000005c
         275000	        26	80000048	00000013	addi	x0,x0,0	  x0:0x00000000
         285000	        27	8000004c	00000013	addi	x0,x0,0	  x0:0x00000000
         295000	        28	80000050	00002f37	lui	x30,0x2	 x30=0x00002000
         305000	        29	80000054	800f0f13	addi	x30,x30,-2048	 x30:0x00002000 x30=0x00001800
         315000	        30	80000058	00000013	addi	x0,x0,0	  x0:0x00000000
         325000	        31	8000005c	00000013	addi	x0,x0,0	  x0:0x00000000
         335000	        32	80000060	f4df6037	lui	x0,0xf4df6	
         345000	        33	80000064	cb900013	addi	x0,x0,-839	  x0:0x00000000
         355000	        34	80000068	800000b7	lui	x1,0x80000	  x1=0x80000000
         365000	        35	8000006c	a1b7c137	lui	x2,0xa1b7c	  x2=0xa1b7c000
         375000	        36	80000070	85810113	addi	x2,x2,-1960	  x2:0xa1b7c000  x2=0xa1b7b858
         385000	        37	80000074	ad27a1b7	lui	x3,0xad27a	  x3=0xad27a000
         395000	        38	80000078	cfe18193	addi	x3,x3,-770	  x3:0xad27a000  x3=0xad279cfe
         405000	        39	8000007c	80000237	lui	x4,0x80000	  x4=0x80000000
         415000	        40	80000080	f70a82b7	lui	x5,0xf70a8	  x5=0xf70a8000
         425000	        41	80000084	01228293	addi	x5,x5,18	  x5:0xf70a8000  x5=0xf70a8012
         435000	        42	80000088	faf2c337	lui	x6,0xfaf2c	  x6=0xfaf2c000
         445000	        43	8000008c	fb830313	addi	x6,x6,-72	  x6:0xfaf2c000  x6=0xfaf2bfb8
         455000	        44	80000090	00000393	addi	x7,x0,0	  x0:0x00000000  x7=0x00000000
         465000	        45	80000094	55844437	lui	x8,0x55844	  x8=0x55844000
         475000	        46	80000098	26c40413	addi	x8,x8,620	  x8:0x55844000  x8=0x5584426c
         485000	        47	8000009c	00000493	addi	x9,x0,0	  x0:0x00000000  x9=0x00000000
         495000	        48	800000a0	00500593	addi	x11,x0,5	  x0:0x00000000 x11=0x00000005
         505000	        49	800000a4	fae5e637	lui	x12,0xfae5e	 x12=0xfae5e000
         515000	        50	800000a8	aa160613	addi	x12,x12,-1375	 x12:0xfae5e000 x12=0xfae5daa1
         525000	        51	800000ac	00d00693	addi	x13,x0,13	  x0:0x00000000 x13=0x0000000d
         535000	        52	800000b0	80000737	lui	x14,0x80000	 x14=0x80000000
         545000	        53	800000b4	4b35a7b7	lui	x15,0x4b35a	 x15=0x4b35a000
         555000	        54	800000b8	c2978793	addi	x15,x15,-983	 x15:0x4b35a000 x15=0x4b359c29
         565000	        55	800000bc	00000813	addi	x16,x0,0	  x0:0x00000000 x16=0x00000000
         575000	        56	800000c0	0f1e48b7	lui	x17,0xf1e4	 x17=0x0f1e4000
         585000	        57	800000c4	de388893	addi	x17,x17,-541	 x17:0x0f1e4000 x17=0x0f1e3de3
         595000	        58	800000c8	f1fb5937	lui	x18,0xf1fb5	 x18=0xf1fb5000
         605000	        59	800000cc	43e90913	addi	x18,x18,1086	 x18:0xf1fb5000 x18=0xf1fb543e
         615000	        60	800000d0	00f00993	addi	x19,x0,15	  x0:0x00000000 x19=0x0000000f
         625000	        61	800000d4	00b00a13	addi	x20,x0,11	  x0:0x00000000 x20=0x0000000b
         635000	        62	800000d8	80000ab7	lui	x21,0x80000	 x21=0x80000000
         645000	        63	800000dc	803d7b37	lui	x22,0x803d7	 x22=0x803d7000
         655000	        64	800000e0	5c0b0b13	addi	x22,x22,1472	 x22:0x803d7000 x22=0x803d75c0
         665000	        65	800000e4	00000b93	addi	x23,x0,0	  x0:0x00000000 x23=0x00000000
         675000	        66	800000e8	80000c37	lui	x24,0x80000	 x24=0x80000000
         685000	        67	800000ec	f43a1cb7	lui	x25,0xf43a1	 x25=0xf43a1000
         695000	        68	800000f0	5f8c8c93	addi	x25,x25,1528	 x25:0xf43a1000 x25=0xf43a15f8
         705000	        69	800000f4	00000d13	addi	x26,x0,0	  x0:0x00000000 x26=0x00000000
         715000	        70	800000f8	db14ddb7	lui	x27,0xdb14d	 x27=0xdb14d000
         725000	        71	800000fc	0bad8d93	addi	x27,x27,186	 x27:0xdb14d000 x27=0xdb14d0ba
         735000	        72	80000100	ec3ede37	lui	x28,0xec3ed	 x28=0xec3ed000
         745000	        73	80000104	ebce0e13	addi	x28,x28,-324	 x28:0xec3ed000 x28=0xec3ecebc
         755000	        74	80000108	6a4fcf37	lui	x30,0x6a4fc	 x30=0x6a4fc000
         765000	        75	8000010c	4fcf0f13	addi	x30,x30,1276	 x30:0x6a4fc000 x30=0x6a4fc4fc
         775000	        76	80000110	80000fb7	lui	x31,0x80000	 x31=0x80000000
         785000	        77	80000114	0000ae97	auipc	x29,0xa	 x29=0x8000a110
         795000	        78	80000118	e74e8e93	addi	x29,x29,-396	 x29:0x8000a110 x29=0x80009f84
         805000	        79	8000011c	00600793	addi	x15,x0,6	  x0:0x00000000 x15=0x00000006
         815000	        80	80000120	40660d33	sub	x26,x12,x6	 x12:0xfae5daa1  x6:0xfaf2bfb8 x26=0xfff31ae9
         825000	        81	80000124	0048c233	xor	x4,x17,x4	 x17:0x0f1e3de3  x4:0x80000000  x4=0x8f1e3de3
         835000	        82	80000128	01000413	addi	x8,x0,16	  x0:0x00000000  x8=0x00000010
         845000	        83	8000012c	9f16c713	xori	x14,x13,-1551	 x13:0x0000000d x14=0xfffff9fc
         855000	        84	80000130	00278793	addi	x15,x15,2	 x15:0x00000006 x15=0x00000008
         865000	        85	80000134	0183d133	srl	x2,x7,x24	  x7:0x00000000 x24:0x80000000  x2=0x00000000
         875000	        86	80000138	00500b13	addi	x22,x0,5	  x0:0x00000000 x22=0x00000005
         885000	        87	8000013c	5d7d2593	slti	x11,x26,1495	 x26:0xfff31ae9 x11=0x00000001
         895000	        88	80000140	1268bc17	auipc	x24,0x1268b	 x24=0x9268b13c
         905000	        89	80000144	fef00313	addi	x6,x0,-17	  x0:0x00000000  x6=0xffffffef
         915000	        90	80000148	5c92e593	ori	x11,x5,1481	  x5:0xf70a8012 x11=0xf70a85db
         925000	        91	8000014c	9625bd93	sltiu	x27,x11,-1694	 x11:0xf70a85db x27=0x00000001
         935000	        92	80000150	ffcb0b13	addi	x22,x22,-4	 x22:0x00000005 x22=0x00000001
         945000	        93	80000154	fe6b5ae3	bge	x22,x6,80000148	 x22:0x00000001  x6:0xffffffef
         955000	        94	00000000	00000013	addi	x0,x0,0	  x0:0x00000000
         965000	        95	80000144	00000013	addi	x0,x0,0	  x0:0x00000000
         975000	        96	80000148	5c92e593	ori	x11,x5,1481	  x5:0xf70a8012 x11=0xf70a85db
         985000	        97	8000014c	9625bd93	sltiu	x27,x11,-1694	 x11:0xf70a85db x27=0x00000001
         995000	        98	80000150	ffcb0b13	addi	x22,x22,-4	 x22:0x00000001 x22=0xfffffffd
        1005000	        99	80000154	fe6b5ae3	bge	x22,x6,80000148	 x22:0xfffffffd  x6:0xffffffef
        1015000	       100	00000000	00000013	addi	x0,x0,0	  x0:0x00000000
        1025000	       101	80000144	00000013	addi	x0,x0,0	  x0:0x00000000
        1035000	       102	80000148	5c92e593	ori	x11,x5,1481	  x5:0xf70a8012 x11=0xf70a85db
        1045000	       103	8000014c	9625bd93	sltiu	x27,x11,-1694	 x11:0xf70a85db x27=0x00000001
        1055000	       104	80000150	ffcb0b13	addi	x22,x22,-4	 x22:0xfffffffd x22=0xfffffff9
        1065000	       105	80000154	fe6b5ae3	bge	x22,x6,80000148	 x22:0xfffffff9  x6:0xffffffef
        1075000	       106	00000000	00000013	addi	x0,x0,0	  x0:0x00000000
        1085000	       107	80000144	00000013	addi	x0,x0,0	  x0:0x00000000
        1095000	       108	80000148	5c92e593	ori	x11,x5,1481	  x5:0xf70a8012 x11=0xf70a85db
        1105000	       109	8000014c	9625bd93	sltiu	x27,x11,-1694	 x11:0xf70a85db x27=0x00000001
        1115000	       110	80000150	ffcb0b13	addi	x22,x22,-4	 x22:0xfffffff9 x22=0xfffffff5
        1125000	       111	80000154	fe6b5ae3	bge	x22,x6,80000148	 x22:0xfffffff5  x6:0xffffffef
        1135000	       112	00000000	00000013	addi	x0,x0,0	  x0:0x00000000
        1145000	       113	80000144	00000013	addi	x0,x0,0	  x0:0x00000000
        1155000	       114	80000148	5c92e593	ori	x11,x5,1481	  x5:0xf70a8012 x11=0xf70a85db
        1165000	       115	8000014c	9625bd93	sltiu	x27,x11,-1694	 x11:0xf70a85db x27=0x00000001
        1175000	       116	80000150	ffcb0b13	addi	x22,x22,-4	 x22:0xfffffff5 x22=0xfffffff1
        1185000	       117	80000154	fe6b5ae3	bge	x22,x6,80000148	 x22:0xfffffff1  x6:0xffffffef
        1195000	       118	00000000	00000013	addi	x0,x0,0	  x0:0x00000000
        1205000	       119	80000144	00000013	addi	x0,x0,0	  x0:0x00000000
        1215000	       120	80000148	5c92e593	ori	x11,x5,1481	  x5:0xf70a8012 x11=0xf70a85db
        1225000	       121	8000014c	9625bd93	sltiu	x27,x11,-1694	 x11:0xf70a85db x27=0x00000001
        1235000	       122	80000150	ffcb0b13	addi	x22,x22,-4	 x22:0xfffffff1 x22=0xffffffed
        1245000	       123	80000154	fe6b5ae3	bge	x22,x6,80000148	 x22:0xffffffed  x6:0xffffffef
        1255000	       124	80000158	01cb5a33	srl	x20,x22,x28	 x22:0xffffffed x28:0xec3ecebc x20=0x0000000f
        1265000	       125	8000015c	fc8788e3	beq	x15,x8,8000012c	 x15:0x00000008  x8:0x00000010
        1275000	       126	80000160	2c84a393	slti	x7,x9,712	  x9:0x00000000  x7=0x00000001
        1285000	       127	80000164	00600193	addi	x3,x0,6	  x0:0x00000000  x3=0x00000006
        1295000	       128	80000168	00000013	addi	x0,x0,0	  x0:0x00000000
        1305000	       129	8000016c	01c46433	or	x8,x8,x28	  x8:0x00000010 x28:0xec3ecebc  x8=0xec3ecebc
        1315000	       130	80000170	01100b13	addi	x22,x0,17	  x0:0x00000000 x22=0x00000011
        1325000	       131	80000174	00d5f333	and	x6,x11,x13	 x11:0xf70a85db x13:0x0000000d  x6=0x00000009
        1335000	       132	80000178	751a2397	auipc	x7,0x751a2	  x7=0xf51a2174
        1345000	       133	8000017c	00528fb3	add	x31,x5,x5	  x5:0xf70a8012  x5:0xf70a8012 x31=0xee150024
        1355000	       134	80000180	00a860b3	or	x1,x16,x10	 x16:0x00000000 x10:0x80009fc4  x1=0x80009fc4
        1365000	       135	80000184	00118193	addi	x3,x3,1	  x3:0x00000006  x3=0x00000007
        1375000	       136	80000188	00f45b93	srli	x23,x8,0xf	  x8:0xec3ecebc x23=0x0001d87d
        1385000	       137	8000018c	e3058693	addi	x13,x11,-464	 x11:0xf70a85db x13=0xf70a840b
        1395000	       138	80000190	006d0db3	add	x27,x26,x6	 x26:0xfff31ae9  x6:0x00000009 x27=0xfff31af2
        1405000	       139	80000194	00100d13	addi	x26,x0,1	  x0:0x00000000 x26=0x00000001
        1415000	       140	80000198	0013f2b3	and	x5,x7,x1	  x7:0xf51a2174  x1:0x80009fc4  x5=0x80000144
        1425000	       141	8000019c	00700c13	addi	x24,x0,7	  x0:0x00000000 x24=0x00000007
        1435000	       142	800001a0	34ab4a13	xori	x20,x22,842	 x22:0x00000011 x20=0x0000035b
        1445000	       143	800001a4	e6bd0893	addi	x17,x26,-405	 x26:0x00000001 x17=0xfffffe6c
        1455000	       144	800001a8	54e9b713	sltiu	x14,x19,1358	 x19:0x0000000f x14=0x00000001
        1465000	       145	800001ac	017989b3	add	x19,x19,x23	 x19:0x0000000f x23:0x0001d87d x19=0x0001d88c
        1475000	       146	800001b0	9bfba313	slti	x6,x23,-1601	 x23:0x0001d87d  x6=0x00000000
        1485000	       147	800001b4	002d0d13	addi	x26,x26,2	 x26:0x00000001 x26=0x00000003
        1495000	       148	800001b8	04f48413	addi	x8,x9,79	  x9:0x00000000  x8=0x0000004f
        1505000	       149	800001bc	bed33413	sltiu	x8,x6,-1043	  x6:0x00000000  x8=0x00000001
        1515000	       150	800001c0	ff8d64e3	bltu	x26,x24,800001a8	 x26:0x00000003 x24:0x00000007
        1525000	       151	00000000	00000013	addi	x0,x0,0	  x0:0x00000000
        1535000	       152	800001a4	00000013	addi	x0,x0,0	  x0:0x00000000
        1545000	       153	800001a8	54e9b713	sltiu	x14,x19,1358	 x19:0x0001d88c x14=0x00000000
        1555000	       154	800001ac	017989b3	add	x19,x19,x23	 x19:0x0001d88c x23:0x0001d87d x19=0x0003b109
        1565000	       155	800001b0	9bfba313	slti	x6,x23,-1601	 x23:0x0001d87d  x6=0x00000000
        1575000	       156	800001b4	002d0d13	addi	x26,x26,2	 x26:0x00000003 x26=0x00000005
        1585000	       157	800001b8	04f48413	addi	x8,x9,79	  x9:0x00000000  x8=0x0000004f
        1595000	       158	800001bc	bed33413	sltiu	x8,x6,-1043	  x6:0x00000000  x8=0x00000001
        1605000	       159	800001c0	ff8d64e3	bltu	x26,x24,800001a8	 x26:0x00000005 x24:0x00000007
        1615000	       160	00000000	00000013	addi	x0,x0,0	  x0:0x00000000
        1625000	       161	800001a4	00000013	addi	x0,x0,0	  x0:0x00000000
        1635000	       162	800001a8	54e9b713	sltiu	x14,x19,1358	 x19:0x0003b109 x14=0x00000000
        1645000	       163	800001ac	017989b3	add	x19,x19,x23	 x19:0x0003b109 x23:0x0001d87d x19=0x00058986
        1655000	       164	800001b0	9bfba313	slti	x6,x23,-1601	 x23:0x0001d87d  x6=0x00000000
        1665000	       165	800001b4	002d0d13	addi	x26,x26,2	 x26:0x00000005 x26=0x00000007
        1675000	       166	800001b8	04f48413	addi	x8,x9,79	  x9:0x00000000  x8=0x0000004f
        1685000	       167	800001bc	bed33413	sltiu	x8,x6,-1043	  x6:0x00000000  x8=0x00000001
        1695000	       168	800001c0	ff8d64e3	bltu	x26,x24,800001a8	 x26:0x00000007 x24:0x00000007
        1705000	       169	800001c4	40c1c393	xori	x7,x3,1036	  x3:0x00000007  x7=0x0000040b
        1715000	       170	800001c8	008559b3	srl	x19,x10,x8	 x10:0x80009fc4  x8:0x00000001 x19=0x40004fe2
        1725000	       171	800001cc	4107db93	srai	x23,x15,0x10	 x15:0x00000008 x23=0x00000000
        1735000	       172	800001d0	aa054093	xori	x1,x10,-1376	 x10:0x80009fc4  x1=0x7fff6564
        1745000	       173	800001d4	2fd22113	slti	x2,x4,765	  x4:0x8f1e3de3  x2=0x00000001
        1755000	       174	800001d8	80ba4c93	xori	x25,x20,-2037	 x20:0x0000035b x25=0xfffffb50
        1765000	       175	800001dc	00689393	slli	x7,x17,0x6	 x17:0xfffffe6c  x7=0xffff9b00
        1775000	       176	800001e0	f961cce3	blt	x3,x22,80000178	  x3:0x00000007 x22:0x00000011
        1785000	       177	00000000	00000013	addi	x0,x0,0	  x0:0x00000000
        1795000	       178	80000174	00000013	addi	x0,x0,0	  x0:0x00000000
        1805000	       179	80000178	751a2397	auipc	x7,0x751a2	  x7=0xf51a2174
        1815000	       180	8000017c	00528fb3	add	x31,x5,x5	  x5:0x80000144  x5:0x80000144 x31=0x00000288
        1825000	       181	80000180	00a860b3	or	x1,x16,x10	 x16:0x00000000 x10:0x80009fc4  x1=0x80009fc4
        1835000	       182	80000184	00118193	addi	x3,x3,1	  x3:0x00000007  x3=0x00000008
        1845000	       183	80000188	00f45b93	srli	x23,x8,0xf	  x8:0x00000001 x23=0x00000000
        1855000	       184	8000018c	e3058693	addi	x13,x11,-464	 x11:0xf70a85db x13=0xf70a840b
        1865000	       185	80000190	006d0db3	add	x27,x26,x6	 x26:0x00000007  x6:0x00000000 x27=0x00000007
        1875000	       186	80000194	00100d13	addi	x26,x0,1	  x0:0x00000000 x26=0x00000001
        1885000	       187	80000198	0013f2b3	and	x5,x7,x1	  x7:0xf51a2174  x1:0x80009fc4  x5=0x80000144
        1895000	       188	8000019c	00700c13	addi	x24,x0,7	  x0:0x00000000 x24=0x00000007
        1905000	       189	800001a0	34ab4a13	xori	x20,x22,842	 x22:0x00000011 x20=0x0000035b
        1915000	       190	800001a4	e6bd0893	addi	x17,x26,-405	 x26:0x00000001 x17=0xfffffe6c
        1925000	       191	800001a8	54e9b713	sltiu	x14,x19,1358	 x19:0x40004fe2 x14=0x00000000
        1935000	       192	800001ac	017989b3	add	x19,x19,x23	 x19:0x40004fe2 x23:0x00000000 x19=0x40004fe2
        1945000	       193	800001b0	9bfba313	slti	x6,x23,-1601	 x23:0x00000000  x6=0x00000000
        1955000	       194	800001b4	002d0d13	addi	x26,x26,2	 x26:0x00000001 x26=0x00000003
        1965000	       195	800001b8	04f48413	addi	x8,x9,79	  x9:0x00000000  x8=0x0000004f
        1975000	       196	800001bc	bed33413	sltiu	x8,x6,-1043	  x6:0x00000000  x8=0x00000001
        1985000	       197	800001c0	ff8d64e3	bltu	x26,x24,800001a8	 x26:0x00000003 x24:0x00000007
        1995000	       198	00000000	00000013	addi	x0,x0,0	  x0:0x00000000
        2005000	       199	800001a4	00000013	addi	x0,x0,0	  x0:0x00000000
        2015000	       200	800001a8	54e9b713	sltiu	x14,x19,1358	 x19:0x40004fe2 x14=0x00000000
        2025000	       201	800001ac	017989b3	add	x19,x19,x23	 x19:0x40004fe2 x23:0x00000000 x19=0x40004fe2
        2035000	       202	800001b0	9bfba313	slti	x6,x23,-1601	 x23:0x00000000  x6=0x00000000
        2045000	       203	800001b4	002d0d13	addi	x26,x26,2	 x26:0x00000003 x26=0x00000005
        2055000	       204	800001b8	04f48413	addi	x8,x9,79	  x9:0x00000000  x8=0x0000004f
        2065000	       205	800001bc	bed33413	sltiu	x8,x6,-1043	  x6:0x00000000  x8=0x00000001
        2075000	       206	800001c0	ff8d64e3	bltu	x26,x24,800001a8	 x26:0x00000005 x24:0x00000007
        2085000	       207	00000000	00000013	addi	x0,x0,0	  x0:0x00000000
        2095000	       208	800001a4	00000013	addi	x0,x0,0	  x0:0x00000000
        2105000	       209	800001a8	54e9b713	sltiu	x14,x19,1358	 x19:0x40004fe2 x14=0x00000000
        2115000	       210	800001ac	017989b3	add	x19,x19,x23	 x19:0x40004fe2 x23:0x00000000 x19=0x40004fe2
        2125000	       211	800001b0	9bfba313	slti	x6,x23,-1601	 x23:0x00000000  x6=0x00000000
        2135000	       212	800001b4	002d0d13	addi	x26,x26,2	 x26:0x00000005 x26=0x00000007
        2145000	       213	800001b8	04f48413	addi	x8,x9,79	  x9:0x00000000  x8=0x0000004f
        2155000	       214	800001bc	bed33413	sltiu	x8,x6,-1043	  x6:0x00000000  x8=0x00000001
        2165000	       215	800001c0	ff8d64e3	bltu	x26,x24,800001a8	 x26:0x00000007 x24:0x00000007
        2175000	       216	800001c4	40c1c393	xori	x7,x3,1036	  x3:0x00000008  x7=0x00000404
        2185000	       217	800001c8	008559b3	srl	x19,x10,x8	 x10:0x80009fc4  x8:0x00000001 x19=0x40004fe2
        2195000	       218	800001cc	4107db93	srai	x23,x15,0x10	 x15:0x00000008 x23=0x00000000
        2205000	       219	800001d0	aa054093	xori	x1,x10,-1376	 x10:0x80009fc4  x1=0x7fff6564
        2215000	       220	800001d4	2fd22113	slti	x2,x4,765	  x4:0x8f1e3de3  x2=0x00000001
        2225000	       221	800001d8	80ba4c93	xori	x25,x20,-2037	 x20:0x0000035b x25=0xfffffb50
        2235000	       222	800001dc	00689393	slli	x7,x17,0x6	 x17:0xfffffe6c  x7=0xffff9b00
        2245000	       223	800001e0	f961cce3	blt	x3,x22,80000178	  x3:0x00000008 x22:0x00000011
        2255000	       224	00000000	00000013	addi	x0,x0,0	  x0:0x00000000
        2265000	       225	80000174	00000013	addi	x0,x0,0	  x0:0x00000000
        2275000	       226	80000178	751a2397	auipc	x7,0x751a2	  x7=0xf51a2174
        2285000	       227	8000017c	00528fb3	add	x31,x5,x5	  x5:0x80000144  x5:0x80000144 x31=0x00000288
        2295000	       228	80000180	00a860b3	or	x1,x16,x10	 x16:0x00000000 x10:0x80009fc4  x1=0x80009fc4
        2305000	       229	80000184	00118193	addi	x3,x3,1	  x3:0x00000008  x3=0x00000009
        2315000	       230	80000188	00f45b93	srli	x23,x8,0xf	  x8:0x00000001 x23=0x00000000
        2325000	       231	8000018c	e3058693	addi	x13,x11,-464	 x11:0xf70a85db x13=0xf70a840b
        2335000	       232	80000190	006d0db3	add	x27,x26,x6	 x26:0x00000007  x6:0x00000000 x27=0x00000007
        2345000	       233	80000194	00100d13	addi	x26,x0,1	  x0:0x00000000 x26=0x00000001
        2355000	       234	80000198	0013f2b3	and	x5,x7,x1	  x7:0xf51a2174  x1:0x80009fc4  x5=0x80000144
        2365000	       235	8000019c	00700c13	addi	x24,x0,7	  x0:0x00000000 x24=0x00000007
        2375000	       236	800001a0	34ab4a13	xori	x20,x22,842	 x22:0x00000011 x20=0x0000035b
        2385000	       237	800001a4	e6bd0893	addi	x17,x26,-405	 x26:0x00000001 x17=0xfffffe6c
        2395000	       238	800001a8	54e9b713	sltiu	x14,x19,1358	 x19:0x40004fe2 x14=0x00000000
        2405000	       239	800001ac	017989b3	add	x19,x19,x23	 x19:0x40004fe2 x23:0x00000000 x19=0x40004fe2
        2415000	       240	800001b0	9bfba313	slti	x6,x23,-1601	 x23:0x00000000  x6=0x00000000
        2425000	       241	800001b4	002d0d13	addi	x26,x26,2	 x26:0x00000001 x26=0x00000003
        2435000	       242	800001b8	04f48413	addi	x8,x9,79	  x9:0x00000000  x8=0x0000004f
        2445000	       243	800001bc	bed33413	sltiu	x8,x6,-1043	  x6:0x00000000  x8=0x00000001
        2455000	       244	800001c0	ff8d64e3	bltu	x26,x24,800001a8	 x26:0x00000003 x24:0x00000007
        2465000	       245	00000000	00000013	addi	x0,x0,0	  x0:0x00000000
        2475000	       246	800001a4	00000013	addi	x0,x0,0	  x0:0x00000000
        2485000	       247	800001a8	54e9b713	sltiu	x14,x19,1358	 x19:0x40004fe2 x14=0x00000000
        2495000	       248	800001ac	017989b3	add	x19,x19,x23	 x19:0x40004fe2 x23:0x00000000 x19=0x40004fe2
        2505000	       249	800001b0	9bfba313	slti	x6,x23,-1601	 x23:0x00000000  x6=0x00000000
        2515000	       250	800001b4	002d0d13	addi	x26,x26,2	 x26:0x00000003 x26=0x00000005
        2525000	       251	800001b8	04f48413	addi	x8,x9,79	  x9:0x00000000  x8=0x0000004f
        2535000	       252	800001bc	bed33413	sltiu	x8,x6,-1043	  x6:0x00000000  x8=0x00000001
        2545000	       253	800001c0	ff8d64e3	bltu	x26,x24,800001a8	 x26:0x00000005 x24:0x00000007
        2555000	       254	00000000	00000013	addi	x0,x0,0	  x0:0x00000000
        2565000	       255	800001a4	00000013	addi	x0,x0,0	  x0:0x00000000
        2575000	       256	800001a8	54e9b713	sltiu	x14,x19,1358	 x19:0x40004fe2 x14=0x00000000
        2585000	       257	800001ac	017989b3	add	x19,x19,x23	 x19:0x40004fe2 x23:0x00000000 x19=0x40004fe2
        2595000	       258	800001b0	9bfba313	slti	x6,x23,-1601	 x23:0x00000000  x6=0x00000000
        2605000	       259	800001b4	002d0d13	addi	x26,x26,2	 x26:0x00000005 x26=0x00000007
        2615000	       260	800001b8	04f48413	addi	x8,x9,79	  x9:0x00000000  x8=0x0000004f
        2625000	       261	800001bc	bed33413	sltiu	x8,x6,-1043	  x6:0x00000000  x8=0x00000001
        2635000	       262	800001c0	ff8d64e3	bltu	x26,x24,800001a8	 x26:0x00000007 x24:0x00000007
        2645000	       263	800001c4	40c1c393	xori	x7,x3,1036	  x3:0x00000009  x7=0x00000405
        2655000	       264	800001c8	008559b3	srl	x19,x10,x8	 x10:0x80009fc4  x8:0x00000001 x19=0x40004fe2
        2665000	       265	800001cc	4107db93	srai	x23,x15,0x10	 x15:0x00000008 x23=0x00000000
        2675000	       266	800001d0	aa054093	xori	x1,x10,-1376	 x10:0x80009fc4  x1=0x7fff6564
        2685000	       267	800001d4	2fd22113	slti	x2,x4,765	  x4:0x8f1e3de3  x2=0x00000001
        2695000	       268	800001d8	80ba4c93	xori	x25,x20,-2037	 x20:0x0000035b x25=0xfffffb50
        2705000	       269	800001dc	00689393	slli	x7,x17,0x6	 x17:0xfffffe6c  x7=0xffff9b00
        2715000	       270	800001e0	f961cce3	blt	x3,x22,80000178	  x3:0x00000009 x22:0x00000011
        2725000	       271	00000000	00000013	addi	x0,x0,0	  x0:0x00000000
        2735000	       272	80000174	00000013	addi	x0,x0,0	  x0:0x00000000
        2745000	       273	80000178	751a2397	auipc	x7,0x751a2	  x7=0xf51a2174
        2755000	       274	8000017c	00528fb3	add	x31,x5,x5	  x5:0x80000144  x5:0x80000144 x31=0x00000288
        2765000	       275	80000180	00a860b3	or	x1,x16,x10	 x16:0x00000000 x10:0x80009fc4  x1=0x80009fc4
        2775000	       276	80000184	00118193	addi	x3,x3,1	  x3:0x00000009  x3=0x0000000a
        2785000	       277	80000188	00f45b93	srli	x23,x8,0xf	  x8:0x00000001 x23=0x00000000
        2795000	       278	8000018c	e3058693	addi	x13,x11,-464	 x11:0xf70a85db x13=0xf70a840b
        2805000	       279	80000190	006d0db3	add	x27,x26,x6	 x26:0x00000007  x6:0x00000000 x27=0x00000007
        2815000	       280	80000194	00100d13	addi	x26,x0,1	  x0:0x00000000 x26=0x00000001
        2825000	       281	80000198	0013f2b3	and	x5,x7,x1	  x7:0xf51a2174  x1:0x80009fc4  x5=0x80000144
        2835000	       282	8000019c	00700c13	addi	x24,x0,7	  x0:0x00000000 x24=0x00000007
        2845000	       283	800001a0	34ab4a13	xori	x20,x22,842	 x22:0x00000011 x20=0x0000035b
        2855000	       284	800001a4	e6bd0893	addi	x17,x26,-405	 x26:0x00000001 x17=0xfffffe6c
        2865000	       285	800001a8	54e9b713	sltiu	x14,x19,1358	 x19:0x40004fe2 x14=0x00000000
        2875000	       286	800001ac	017989b3	add	x19,x19,x23	 x19:0x40004fe2 x23:0x00000000 x19=0x40004fe2
        2885000	       287	800001b0	9bfba313	slti	x6,x23,-1601	 x23:0x00000000  x6=0x00000000
        2895000	       288	800001b4	002d0d13	addi	x26,x26,2	 x26:0x00000001 x26=0x00000003
        2905000	       289	800001b8	04f48413	addi	x8,x9,79	  x9:0x00000000  x8=0x0000004f
        2915000	       290	800001bc	bed33413	sltiu	x8,x6,-1043	  x6:0x00000000  x8=0x00000001
        2925000	       291	800001c0	ff8d64e3	bltu	x26,x24,800001a8	 x26:0x00000003 x24:0x00000007
        2935000	       292	00000000	00000013	addi	x0,x0,0	  x0:0x00000000
        2945000	       293	800001a4	00000013	addi	x0,x0,0	  x0:0x00000000
        2955000	       294	800001a8	54e9b713	sltiu	x14,x19,1358	 x19:0x40004fe2 x14=0x00000000
        2965000	       295	800001ac	017989b3	add	x19,x19,x23	 x19:0x40004fe2 x23:0x00000000 x19=0x40004fe2
        2975000	       296	800001b0	9bfba313	slti	x6,x23,-1601	 x23:0x00000000  x6=0x00000000
        2985000	       297	800001b4	002d0d13	addi	x26,x26,2	 x26:0x00000003 x26=0x00000005
        2995000	       298	800001b8	04f48413	addi	x8,x9,79	  x9:0x00000000  x8=0x0000004f
        3005000	       299	800001bc	bed33413	sltiu	x8,x6,-1043	  x6:0x00000000  x8=0x00000001
        3015000	       300	800001c0	ff8d64e3	bltu	x26,x24,800001a8	 x26:0x00000005 x24:0x00000007
        3025000	       301	00000000	00000013	addi	x0,x0,0	  x0:0x00000000
        3035000	       302	800001a4	00000013	addi	x0,x0,0	  x0:0x00000000
        3045000	       303	800001a8	54e9b713	sltiu	x14,x19,1358	 x19:0x40004fe2 x14=0x00000000
        3055000	       304	800001ac	017989b3	add	x19,x19,x23	 x19:0x40004fe2 x23:0x00000000 x19=0x40004fe2
        3065000	       305	800001b0	9bfba313	slti	x6,x23,-1601	 x23:0x00000000  x6=0x00000000
        3075000	       306	800001b4	002d0d13	addi	x26,x26,2	 x26:0x00000005 x26=0x00000007
        3085000	       307	800001b8	04f48413	addi	x8,x9,79	  x9:0x00000000  x8=0x0000004f
        3095000	       308	800001bc	bed33413	sltiu	x8,x6,-1043	  x6:0x00000000  x8=0x00000001
        3105000	       309	800001c0	ff8d64e3	bltu	x26,x24,800001a8	 x26:0x00000007 x24:0x00000007
        3115000	       310	800001c4	40c1c393	xori	x7,x3,1036	  x3:0x0000000a  x7=0x00000406
        3125000	       311	800001c8	008559b3	srl	x19,x10,x8	 x10:0x80009fc4  x8:0x00000001 x19=0x40004fe2
        3135000	       312	800001cc	4107db93	srai	x23,x15,0x10	 x15:0x00000008 x23=0x00000000
        3145000	       313	800001d0	aa054093	xori	x1,x10,-1376	 x10:0x80009fc4  x1=0x7fff6564
        3155000	       314	800001d4	2fd22113	slti	x2,x4,765	  x4:0x8f1e3de3  x2=0x00000001
        3165000	       315	800001d8	80ba4c93	xori	x25,x20,-2037	 x20:0x0000035b x25=0xfffffb50
        3175000	       316	800001dc	00689393	slli	x7,x17,0x6	 x17:0xfffffe6c  x7=0xffff9b00
        3185000	       317	800001e0	f961cce3	blt	x3,x22,80000178	  x3:0x0000000a x22:0x00000011
        3195000	       318	00000000	00000013	addi	x0,x0,0	  x0:0x00000000
        3205000	       319	80000174	00000013	addi	x0,x0,0	  x0:0x00000000
        3215000	       320	80000178	751a2397	auipc	x7,0x751a2	  x7=0xf51a2174
        3225000	       321	8000017c	00528fb3	add	x31,x5,x5	  x5:0x80000144  x5:0x80000144 x31=0x00000288
        3235000	       322	80000180	00a860b3	or	x1,x16,x10	 x16:0x00000000 x10:0x80009fc4  x1=0x80009fc4
        3245000	       323	80000184	00118193	addi	x3,x3,1	  x3:0x0000000a  x3=0x0000000b
        3255000	       324	80000188	00f45b93	srli	x23,x8,0xf	  x8:0x00000001 x23=0x00000000
        3265000	       325	8000018c	e3058693	addi	x13,x11,-464	 x11:0xf70a85db x13=0xf70a840b
        3275000	       326	80000190	006d0db3	add	x27,x26,x6	 x26:0x00000007  x6:0x00000000 x27=0x00000007
        3285000	       327	80000194	00100d13	addi	x26,x0,1	  x0:0x00000000 x26=0x00000001
        3295000	       328	80000198	0013f2b3	and	x5,x7,x1	  x7:0xf51a2174  x1:0x80009fc4  x5=0x80000144
        3305000	       329	8000019c	00700c13	addi	x24,x0,7	  x0:0x00000000 x24=0x00000007
        3315000	       330	800001a0	34ab4a13	xori	x20,x22,842	 x22:0x00000011 x20=0x0000035b
        3325000	       331	800001a4	e6bd0893	addi	x17,x26,-405	 x26:0x00000001 x17=0xfffffe6c
        3335000	       332	800001a8	54e9b713	sltiu	x14,x19,1358	 x19:0x40004fe2 x14=0x00000000
        3345000	       333	800001ac	017989b3	add	x19,x19,x23	 x19:0x40004fe2 x23:0x00000000 x19=0x40004fe2
        3355000	       334	800001b0	9bfba313	slti	x6,x23,-1601	 x23:0x00000000  x6=0x00000000
        3365000	       335	800001b4	002d0d13	addi	x26,x26,2	 x26:0x00000001 x26=0x00000003
        3375000	       336	800001b8	04f48413	addi	x8,x9,79	  x9:0x00000000  x8=0x0000004f
        3385000	       337	800001bc	bed33413	sltiu	x8,x6,-1043	  x6:0x00000000  x8=0x00000001
        3395000	       338	800001c0	ff8d64e3	bltu	x26,x24,800001a8	 x26:0x00000003 x24:0x00000007
        3405000	       339	00000000	00000013	addi	x0,x0,0	  x0:0x00000000
        3415000	       340	800001a4	00000013	addi	x0,x0,0	  x0:0x00000000
        3425000	       341	800001a8	54e9b713	sltiu	x14,x19,1358	 x19:0x40004fe2 x14=0x00000000
        3435000	       342	800001ac	017989b3	add	x19,x19,x23	 x19:0x40004fe2 x23:0x00000000 x19=0x40004fe2
        3445000	       343	800001b0	9bfba313	slti	x6,x23,-1601	 x23:0x00000000  x6=0x00000000
        3455000	       344	800001b4	002d0d13	addi	x26,x26,2	 x26:0x00000003 x26=0x00000005
        3465000	       345	800001b8	04f48413	addi	x8,x9,79	  x9:0x00000000  x8=0x0000004f
        3475000	       346	800001bc	bed33413	sltiu	x8,x6,-1043	  x6:0x00000000  x8=0x00000001
        3485000	       347	800001c0	ff8d64e3	bltu	x26,x24,800001a8	 x26:0x00000005 x24:0x00000007
        3495000	       348	00000000	00000013	addi	x0,x0,0	  x0:0x00000000
        3505000	       349	800001a4	00000013	addi	x0,x0,0	  x0:0x00000000
        3515000	       350	800001a8	54e9b713	sltiu	x14,x19,1358	 x19:0x40004fe2 x14=0x00000000
        3525000	       351	800001ac	017989b3	add	x19,x19,x23	 x19:0x40004fe2 x23:0x00000000 x19=0x40004fe2
        3535000	       352	800001b0	9bfba313	slti	x6,x23,-1601	 x23:0x00000000  x6=0x00000000
        3545000	       353	800001b4	002d0d13	addi	x26,x26,2	 x26:0x00000005 x26=0x00000007
        3555000	       354	800001b8	04f48413	addi	x8,x9,79	  x9:0x00000000  x8=0x0000004f
        3565000	       355	800001bc	bed33413	sltiu	x8,x6,-1043	  x6:0x00000000  x8=0x00000001
        3575000	       356	800001c0	ff8d64e3	bltu	x26,x24,800001a8	 x26:0x00000007 x24:0x00000007
        3585000	       357	800001c4	40c1c393	xori	x7,x3,1036	  x3:0x0000000b  x7=0x00000407
        3595000	       358	800001c8	008559b3	srl	x19,x10,x8	 x10:0x80009fc4  x8:0x00000001 x19=0x40004fe2
        3605000	       359	800001cc	4107db93	srai	x23,x15,0x10	 x15:0x00000008 x23=0x00000000
        3615000	       360	800001d0	aa054093	xori	x1,x10,-1376	 x10:0x80009fc4  x1=0x7fff6564
        3625000	       361	800001d4	2fd22113	slti	x2,x4,765	  x4:0x8f1e3de3  x2=0x00000001
        3635000	       362	800001d8	80ba4c93	xori	x25,x20,-2037	 x20:0x0000035b x25=0xfffffb50
        3645000	       363	800001dc	00689393	slli	x7,x17,0x6	 x17:0xfffffe6c  x7=0xffff9b00
        3655000	       364	800001e0	f961cce3	blt	x3,x22,80000178	  x3:0x0000000b x22:0x00000011
        3665000	       365	00000000	00000013	addi	x0,x0,0	  x0:0x00000000
        3675000	       366	80000174	00000013	addi	x0,x0,0	  x0:0x00000000
        3685000	       367	80000178	751a2397	auipc	x7,0x751a2	  x7=0xf51a2174
        3695000	       368	8000017c	00528fb3	add	x31,x5,x5	  x5:0x80000144  x5:0x80000144 x31=0x00000288
        3705000	       369	80000180	00a860b3	or	x1,x16,x10	 x16:0x00000000 x10:0x80009fc4  x1=0x80009fc4
        3715000	       370	80000184	00118193	addi	x3,x3,1	  x3:0x0000000b  x3=0x0000000c
        3725000	       371	80000188	00f45b93	srli	x23,x8,0xf	  x8:0x00000001 x23=0x00000000
        3735000	       372	8000018c	e3058693	addi	x13,x11,-464	 x11:0xf70a85db x13=0xf70a840b
        3745000	       373	80000190	006d0db3	add	x27,x26,x6	 x26:0x00000007  x6:0x00000000 x27=0x00000007
        3755000	       374	80000194	00100d13	addi	x26,x0,1	  x0:0x00000000 x26=0x00000001
        3765000	       375	80000198	0013f2b3	and	x5,x7,x1	  x7:0xf51a2174  x1:0x80009fc4  x5=0x80000144
        3775000	       376	8000019c	00700c13	addi	x24,x0,7	  x0:0x00000000 x24=0x00000007
        3785000	       377	800001a0	34ab4a13	xori	x20,x22,842	 x22:0x00000011 x20=0x0000035b
        3795000	       378	800001a4	e6bd0893	addi	x17,x26,-405	 x26:0x00000001 x17=0xfffffe6c
        3805000	       379	800001a8	54e9b713	sltiu	x14,x19,1358	 x19:0x40004fe2 x14=0x00000000
        3815000	       380	800001ac	017989b3	add	x19,x19,x23	 x19:0x40004fe2 x23:0x00000000 x19=0x40004fe2
        3825000	       381	800001b0	9bfba313	slti	x6,x23,-1601	 x23:0x00000000  x6=0x00000000
        3835000	       382	800001b4	002d0d13	addi	x26,x26,2	 x26:0x00000001 x26=0x00000003
        3845000	       383	800001b8	04f48413	addi	x8,x9,79	  x9:0x00000000  x8=0x0000004f
        3855000	       384	800001bc	bed33413	sltiu	x8,x6,-1043	  x6:0x00000000  x8=0x00000001
        3865000	       385	800001c0	ff8d64e3	bltu	x26,x24,800001a8	 x26:0x00000003 x24:0x00000007
        3875000	       386	00000000	00000013	addi	x0,x0,0	  x0:0x00000000
        3885000	       387	800001a4	00000013	addi	x0,x0,0	  x0:0x00000000
        3895000	       388	800001a8	54e9b713	sltiu	x14,x19,1358	 x19:0x40004fe2 x14=0x00000000
        3905000	       389	800001ac	017989b3	add	x19,x19,x23	 x19:0x40004fe2 x23:0x00000000 x19=0x40004fe2
        3915000	       390	800001b0	9bfba313	slti	x6,x23,-1601	 x23:0x00000000  x6=0x00000000
        3925000	       391	800001b4	002d0d13	addi	x26,x26,2	 x26:0x00000003 x26=0x00000005
        3935000	       392	800001b8	04f48413	addi	x8,x9,79	  x9:0x00000000  x8=0x0000004f
        3945000	       393	800001bc	bed33413	sltiu	x8,x6,-1043	  x6:0x00000000  x8=0x00000001
        3955000	       394	800001c0	ff8d64e3	bltu	x26,x24,800001a8	 x26:0x00000005 x24:0x00000007
        3965000	       395	00000000	00000013	addi	x0,x0,0	  x0:0x00000000
        3975000	       396	800001a4	00000013	addi	x0,x0,0	  x0:0x00000000
        3985000	       397	800001a8	54e9b713	sltiu	x14,x19,1358	 x19:0x40004fe2 x14=0x00000000
        3995000	       398	800001ac	017989b3	add	x19,x19,x23	 x19:0x40004fe2 x23:0x00000000 x19=0x40004fe2
        4005000	       399	800001b0	9bfba313	slti	x6,x23,-1601	 x23:0x00000000  x6=0x00000000
        4015000	       400	800001b4	002d0d13	addi	x26,x26,2	 x26:0x00000005 x26=0x00000007
        4025000	       401	800001b8	04f48413	addi	x8,x9,79	  x9:0x00000000  x8=0x0000004f
        4035000	       402	800001bc	bed33413	sltiu	x8,x6,-1043	  x6:0x00000000  x8=0x00000001
        4045000	       403	800001c0	ff8d64e3	bltu	x26,x24,800001a8	 x26:0x00000007 x24:0x00000007
        4055000	       404	800001c4	40c1c393	xori	x7,x3,1036	  x3:0x0000000c  x7=0x00000400
        4065000	       405	800001c8	008559b3	srl	x19,x10,x8	 x10:0x80009fc4  x8:0x00000001 x19=0x40004fe2
        4075000	       406	800001cc	4107db93	srai	x23,x15,0x10	 x15:0x00000008 x23=0x00000000
        4085000	       407	800001d0	aa054093	xori	x1,x10,-1376	 x10:0x80009fc4  x1=0x7fff6564
        4095000	       408	800001d4	2fd22113	slti	x2,x4,765	  x4:0x8f1e3de3  x2=0x00000001
        4105000	       409	800001d8	80ba4c93	xori	x25,x20,-2037	 x20:0x0000035b x25=0xfffffb50
        4115000	       410	800001dc	00689393	slli	x7,x17,0x6	 x17:0xfffffe6c  x7=0xffff9b00
        4125000	       411	800001e0	f961cce3	blt	x3,x22,80000178	  x3:0x0000000c x22:0x00000011
        4135000	       412	00000000	00000013	addi	x0,x0,0	  x0:0x00000000
        4145000	       413	80000174	00000013	addi	x0,x0,0	  x0:0x00000000
        4155000	       414	80000178	751a2397	auipc	x7,0x751a2	  x7=0xf51a2174
        4165000	       415	8000017c	00528fb3	add	x31,x5,x5	  x5:0x80000144  x5:0x80000144 x31=0x00000288
        4175000	       416	80000180	00a860b3	or	x1,x16,x10	 x16:0x00000000 x10:0x80009fc4  x1=0x80009fc4
        4185000	       417	80000184	00118193	addi	x3,x3,1	  x3:0x0000000c  x3=0x0000000d
        4195000	       418	80000188	00f45b93	srli	x23,x8,0xf	  x8:0x00000001 x23=0x00000000
        4205000	       419	8000018c	e3058693	addi	x13,x11,-464	 x11:0xf70a85db x13=0xf70a840b
        4215000	       420	80000190	006d0db3	add	x27,x26,x6	 x26:0x00000007  x6:0x00000000 x27=0x00000007
        4225000	       421	80000194	00100d13	addi	x26,x0,1	  x0:0x00000000 x26=0x00000001
        4235000	       422	80000198	0013f2b3	and	x5,x7,x1	  x7:0xf51a2174  x1:0x80009fc4  x5=0x80000144
        4245000	       423	8000019c	00700c13	addi	x24,x0,7	  x0:0x00000000 x24=0x00000007
        4255000	       424	800001a0	34ab4a13	xori	x20,x22,842	 x22:0x00000011 x20=0x0000035b
        4265000	       425	800001a4	e6bd0893	addi	x17,x26,-405	 x26:0x00000001 x17=0xfffffe6c
        4275000	       426	800001a8	54e9b713	sltiu	x14,x19,1358	 x19:0x40004fe2 x14=0x00000000
        4285000	       427	800001ac	017989b3	add	x19,x19,x23	 x19:0x40004fe2 x23:0x00000000 x19=0x40004fe2
        4295000	       428	800001b0	9bfba313	slti	x6,x23,-1601	 x23:0x00000000  x6=0x00000000
        4305000	       429	800001b4	002d0d13	addi	x26,x26,2	 x26:0x00000001 x26=0x00000003
        4315000	       430	800001b8	04f48413	addi	x8,x9,79	  x9:0x00000000  x8=0x0000004f
        4325000	       431	800001bc	bed33413	sltiu	x8,x6,-1043	  x6:0x00000000  x8=0x00000001
        4335000	       432	800001c0	ff8d64e3	bltu	x26,x24,800001a8	 x26:0x00000003 x24:0x00000007
        4345000	       433	00000000	00000013	addi	x0,x0,0	  x0:0x00000000
        4355000	       434	800001a4	00000013	addi	x0,x0,0	  x0:0x00000000
        4365000	       435	800001a8	54e9b713	sltiu	x14,x19,1358	 x19:0x40004fe2 x14=0x00000000
        4375000	       436	800001ac	017989b3	add	x19,x19,x23	 x19:0x40004fe2 x23:0x00000000 x19=0x40004fe2
        4385000	       437	800001b0	9bfba313	slti	x6,x23,-1601	 x23:0x00000000  x6=0x00000000
        4395000	       438	800001b4	002d0d13	addi	x26,x26,2	 x26:0x00000003 x26=0x00000005
        4405000	       439	800001b8	04f48413	addi	x8,x9,79	  x9:0x00000000  x8=0x0000004f
        4415000	       440	800001bc	bed33413	sltiu	x8,x6,-1043	  x6:0x00000000  x8=0x00000001
        4425000	       441	800001c0	ff8d64e3	bltu	x26,x24,800001a8	 x26:0x00000005 x24:0x00000007
        4435000	       442	00000000	00000013	addi	x0,x0,0	  x0:0x00000000
        4445000	       443	800001a4	00000013	addi	x0,x0,0	  x0:0x00000000
        4455000	       444	800001a8	54e9b713	sltiu	x14,x19,1358	 x19:0x40004fe2 x14=0x00000000
        4465000	       445	800001ac	017989b3	add	x19,x19,x23	 x19:0x40004fe2 x23:0x00000000 x19=0x40004fe2
        4475000	       446	800001b0	9bfba313	slti	x6,x23,-1601	 x23:0x00000000  x6=0x00000000
        4485000	       447	800001b4	002d0d13	addi	x26,x26,2	 x26:0x00000005 x26=0x00000007
        4495000	       448	800001b8	04f48413	addi	x8,x9,79	  x9:0x00000000  x8=0x0000004f
        4505000	       449	800001bc	bed33413	sltiu	x8,x6,-1043	  x6:0x00000000  x8=0x00000001
        4515000	       450	800001c0	ff8d64e3	bltu	x26,x24,800001a8	 x26:0x00000007 x24:0x00000007
        4525000	       451	800001c4	40c1c393	xori	x7,x3,1036	  x3:0x0000000d  x7=0x00000401
        4535000	       452	800001c8	008559b3	srl	x19,x10,x8	 x10:0x80009fc4  x8:0x00000001 x19=0x40004fe2
        4545000	       453	800001cc	4107db93	srai	x23,x15,0x10	 x15:0x00000008 x23=0x00000000
        4555000	       454	800001d0	aa054093	xori	x1,x10,-1376	 x10:0x80009fc4  x1=0x7fff6564
        4565000	       455	800001d4	2fd22113	slti	x2,x4,765	  x4:0x8f1e3de3  x2=0x00000001
        4575000	       456	800001d8	80ba4c93	xori	x25,x20,-2037	 x20:0x0000035b x25=0xfffffb50
        4585000	       457	800001dc	00689393	slli	x7,x17,0x6	 x17:0xfffffe6c  x7=0xffff9b00
        4595000	       458	800001e0	f961cce3	blt	x3,x22,80000178	  x3:0x0000000d x22:0x00000011
        4605000	       459	00000000	00000013	addi	x0,x0,0	  x0:0x00000000
        4615000	       460	80000174	00000013	addi	x0,x0,0	  x0:0x00000000
        4625000	       461	80000178	751a2397	auipc	x7,0x751a2	  x7=0xf51a2174
        4635000	       462	8000017c	00528fb3	add	x31,x5,x5	  x5:0x80000144  x5:0x80000144 x31=0x00000288
        4645000	       463	80000180	00a860b3	or	x1,x16,x10	 x16:0x00000000 x10:0x80009fc4  x1=0x80009fc4
        4655000	       464	80000184	00118193	addi	x3,x3,1	  x3:0x0000000d  x3=0x0000000e
        4665000	       465	80000188	00f45b93	srli	x23,x8,0xf	  x8:0x00000001 x23=0x00000000
        4675000	       466	8000018c	e3058693	addi	x13,x11,-464	 x11:0xf70a85db x13=0xf70a840b
        4685000	       467	80000190	006d0db3	add	x27,x26,x6	 x26:0x00000007  x6:0x00000000 x27=0x00000007
        4695000	       468	80000194	00100d13	addi	x26,x0,1	  x0:0x00000000 x26=0x00000001
        4705000	       469	80000198	0013f2b3	and	x5,x7,x1	  x7:0xf51a2174  x1:0x80009fc4  x5=0x80000144
        4715000	       470	8000019c	00700c13	addi	x24,x0,7	  x0:0x00000000 x24=0x00000007
        4725000	       471	800001a0	34ab4a13	xori	x20,x22,842	 x22:0x00000011 x20=0x0000035b
        4735000	       472	800001a4	e6bd0893	addi	x17,x26,-405	 x26:0x00000001 x17=0xfffffe6c
        4745000	       473	800001a8	54e9b713	sltiu	x14,x19,1358	 x19:0x40004fe2 x14=0x00000000
        4755000	       474	800001ac	017989b3	add	x19,x19,x23	 x19:0x40004fe2 x23:0x00000000 x19=0x40004fe2
        4765000	       475	800001b0	9bfba313	slti	x6,x23,-1601	 x23:0x00000000  x6=0x00000000
        4775000	       476	800001b4	002d0d13	addi	x26,x26,2	 x26:0x00000001 x26=0x00000003
        4785000	       477	800001b8	04f48413	addi	x8,x9,79	  x9:0x00000000  x8=0x0000004f
        4795000	       478	800001bc	bed33413	sltiu	x8,x6,-1043	  x6:0x00000000  x8=0x00000001
        4805000	       479	800001c0	ff8d64e3	bltu	x26,x24,800001a8	 x26:0x00000003 x24:0x00000007
        4815000	       480	00000000	00000013	addi	x0,x0,0	  x0:0x00000000
        4825000	       481	800001a4	00000013	addi	x0,x0,0	  x0:0x00000000
        4835000	       482	800001a8	54e9b713	sltiu	x14,x19,1358	 x19:0x40004fe2 x14=0x00000000
        4845000	       483	800001ac	017989b3	add	x19,x19,x23	 x19:0x40004fe2 x23:0x00000000 x19=0x40004fe2
        4855000	       484	800001b0	9bfba313	slti	x6,x23,-1601	 x23:0x00000000  x6=0x00000000
        4865000	       485	800001b4	002d0d13	addi	x26,x26,2	 x26:0x00000003 x26=0x00000005
        4875000	       486	800001b8	04f48413	addi	x8,x9,79	  x9:0x00000000  x8=0x0000004f
        4885000	       487	800001bc	bed33413	sltiu	x8,x6,-1043	  x6:0x00000000  x8=0x00000001
        4895000	       488	800001c0	ff8d64e3	bltu	x26,x24,800001a8	 x26:0x00000005 x24:0x00000007
        4905000	       489	00000000	00000013	addi	x0,x0,0	  x0:0x00000000
        4915000	       490	800001a4	00000013	addi	x0,x0,0	  x0:0x00000000
        4925000	       491	800001a8	54e9b713	sltiu	x14,x19,1358	 x19:0x40004fe2 x14=0x00000000
        4935000	       492	800001ac	017989b3	add	x19,x19,x23	 x19:0x40004fe2 x23:0x00000000 x19=0x40004fe2
        4945000	       493	800001b0	9bfba313	slti	x6,x23,-1601	 x23:0x00000000  x6=0x00000000
        4955000	       494	800001b4	002d0d13	addi	x26,x26,2	 x26:0x00000005 x26=0x00000007
        4965000	       495	800001b8	04f48413	addi	x8,x9,79	  x9:0x00000000  x8=0x0000004f
        4975000	       496	800001bc	bed33413	sltiu	x8,x6,-1043	  x6:0x00000000  x8=0x00000001
        4985000	       497	800001c0	ff8d64e3	bltu	x26,x24,800001a8	 x26:0x00000007 x24:0x00000007
        4995000	       498	800001c4	40c1c393	xori	x7,x3,1036	  x3:0x0000000e  x7=0x00000402
        5005000	       499	800001c8	008559b3	srl	x19,x10,x8	 x10:0x80009fc4  x8:0x00000001 x19=0x40004fe2
        5015000	       500	800001cc	4107db93	srai	x23,x15,0x10	 x15:0x00000008 x23=0x00000000
        5025000	       501	800001d0	aa054093	xori	x1,x10,-1376	 x10:0x80009fc4  x1=0x7fff6564
        5035000	       502	800001d4	2fd22113	slti	x2,x4,765	  x4:0x8f1e3de3  x2=0x00000001
        5045000	       503	800001d8	80ba4c93	xori	x25,x20,-2037	 x20:0x0000035b x25=0xfffffb50
        5055000	       504	800001dc	00689393	slli	x7,x17,0x6	 x17:0xfffffe6c  x7=0xffff9b00
        5065000	       505	800001e0	f961cce3	blt	x3,x22,80000178	  x3:0x0000000e x22:0x00000011
        5075000	       506	00000000	00000013	addi	x0,x0,0	  x0:0x00000000
        5085000	       507	80000174	00000013	addi	x0,x0,0	  x0:0x00000000
        5095000	       508	80000178	751a2397	auipc	x7,0x751a2	  x7=0xf51a2174
        5105000	       509	8000017c	00528fb3	add	x31,x5,x5	  x5:0x80000144  x5:0x80000144 x31=0x00000288
        5115000	       510	80000180	00a860b3	or	x1,x16,x10	 x16:0x00000000 x10:0x80009fc4  x1=0x80009fc4
        5125000	       511	80000184	00118193	addi	x3,x3,1	  x3:0x0000000e  x3=0x0000000f
        5135000	       512	80000188	00f45b93	srli	x23,x8,0xf	  x8:0x00000001 x23=0x00000000
        5145000	       513	8000018c	e3058693	addi	x13,x11,-464	 x11:0xf70a85db x13=0xf70a840b
        5155000	       514	80000190	006d0db3	add	x27,x26,x6	 x26:0x00000007  x6:0x00000000 x27=0x00000007
        5165000	       515	80000194	00100d13	addi	x26,x0,1	  x0:0x00000000 x26=0x00000001
        5175000	       516	80000198	0013f2b3	and	x5,x7,x1	  x7:0xf51a2174  x1:0x80009fc4  x5=0x80000144
        5185000	       517	8000019c	00700c13	addi	x24,x0,7	  x0:0x00000000 x24=0x00000007
        5195000	       518	800001a0	34ab4a13	xori	x20,x22,842	 x22:0x00000011 x20=0x0000035b
        5205000	       519	800001a4	e6bd0893	addi	x17,x26,-405	 x26:0x00000001 x17=0xfffffe6c
        5215000	       520	800001a8	54e9b713	sltiu	x14,x19,1358	 x19:0x40004fe2 x14=0x00000000
        5225000	       521	800001ac	017989b3	add	x19,x19,x23	 x19:0x40004fe2 x23:0x00000000 x19=0x40004fe2
        5235000	       522	800001b0	9bfba313	slti	x6,x23,-1601	 x23:0x00000000  x6=0x00000000
        5245000	       523	800001b4	002d0d13	addi	x26,x26,2	 x26:0x00000001 x26=0x00000003
        5255000	       524	800001b8	04f48413	addi	x8,x9,79	  x9:0x00000000  x8=0x0000004f
        5265000	       525	800001bc	bed33413	sltiu	x8,x6,-1043	  x6:0x00000000  x8=0x00000001
        5275000	       526	800001c0	ff8d64e3	bltu	x26,x24,800001a8	 x26:0x00000003 x24:0x00000007
        5285000	       527	00000000	00000013	addi	x0,x0,0	  x0:0x00000000
        5295000	       528	800001a4	00000013	addi	x0,x0,0	  x0:0x00000000
        5305000	       529	800001a8	54e9b713	sltiu	x14,x19,1358	 x19:0x40004fe2 x14=0x00000000
        5315000	       530	800001ac	017989b3	add	x19,x19,x23	 x19:0x40004fe2 x23:0x00000000 x19=0x40004fe2
        5325000	       531	800001b0	9bfba313	slti	x6,x23,-1601	 x23:0x00000000  x6=0x00000000
        5335000	       532	800001b4	002d0d13	addi	x26,x26,2	 x26:0x00000003 x26=0x00000005
        5345000	       533	800001b8	04f48413	addi	x8,x9,79	  x9:0x00000000  x8=0x0000004f
        5355000	       534	800001bc	bed33413	sltiu	x8,x6,-1043	  x6:0x00000000  x8=0x00000001
        5365000	       535	800001c0	ff8d64e3	bltu	x26,x24,800001a8	 x26:0x00000005 x24:0x00000007
        5375000	       536	00000000	00000013	addi	x0,x0,0	  x0:0x00000000
        5385000	       537	800001a4	00000013	addi	x0,x0,0	  x0:0x00000000
        5395000	       538	800001a8	54e9b713	sltiu	x14,x19,1358	 x19:0x40004fe2 x14=0x00000000
        5405000	       539	800001ac	017989b3	add	x19,x19,x23	 x19:0x40004fe2 x23:0x00000000 x19=0x40004fe2
        5415000	       540	800001b0	9bfba313	slti	x6,x23,-1601	 x23:0x00000000  x6=0x00000000
        5425000	       541	800001b4	002d0d13	addi	x26,x26,2	 x26:0x00000005 x26=0x00000007
        5435000	       542	800001b8	04f48413	addi	x8,x9,79	  x9:0x00000000  x8=0x0000004f
        5445000	       543	800001bc	bed33413	sltiu	x8,x6,-1043	  x6:0x00000000  x8=0x00000001
        5455000	       544	800001c0	ff8d64e3	bltu	x26,x24,800001a8	 x26:0x00000007 x24:0x00000007
        5465000	       545	800001c4	40c1c393	xori	x7,x3,1036	  x3:0x0000000f  x7=0x00000403
        5475000	       546	800001c8	008559b3	srl	x19,x10,x8	 x10:0x80009fc4  x8:0x00000001 x19=0x40004fe2
        5485000	       547	800001cc	4107db93	srai	x23,x15,0x10	 x15:0x00000008 x23=0x00000000
        5495000	       548	800001d0	aa054093	xori	x1,x10,-1376	 x10:0x80009fc4  x1=0x7fff6564
        5505000	       549	800001d4	2fd22113	slti	x2,x4,765	  x4:0x8f1e3de3  x2=0x00000001
        5515000	       550	800001d8	80ba4c93	xori	x25,x20,-2037	 x20:0x0000035b x25=0xfffffb50
        5525000	       551	800001dc	00689393	slli	x7,x17,0x6	 x17:0xfffffe6c  x7=0xffff9b00
        5535000	       552	800001e0	f961cce3	blt	x3,x22,80000178	  x3:0x0000000f x22:0x00000011
        5545000	       553	00000000	00000013	addi	x0,x0,0	  x0:0x00000000
        5555000	       554	80000174	00000013	addi	x0,x0,0	  x0:0x00000000
        5565000	       555	80000178	751a2397	auipc	x7,0x751a2	  x7=0xf51a2174
        5575000	       556	8000017c	00528fb3	add	x31,x5,x5	  x5:0x80000144  x5:0x80000144 x31=0x00000288
        5585000	       557	80000180	00a860b3	or	x1,x16,x10	 x16:0x00000000 x10:0x80009fc4  x1=0x80009fc4
        5595000	       558	80000184	00118193	addi	x3,x3,1	  x3:0x0000000f  x3=0x00000010
        5605000	       559	80000188	00f45b93	srli	x23,x8,0xf	  x8:0x00000001 x23=0x00000000
        5615000	       560	8000018c	e3058693	addi	x13,x11,-464	 x11:0xf70a85db x13=0xf70a840b
        5625000	       561	80000190	006d0db3	add	x27,x26,x6	 x26:0x00000007  x6:0x00000000 x27=0x00000007
        5635000	       562	80000194	00100d13	addi	x26,x0,1	  x0:0x00000000 x26=0x00000001
        5645000	       563	80000198	0013f2b3	and	x5,x7,x1	  x7:0xf51a2174  x1:0x80009fc4  x5=0x80000144
        5655000	       564	8000019c	00700c13	addi	x24,x0,7	  x0:0x00000000 x24=0x00000007
        5665000	       565	800001a0	34ab4a13	xori	x20,x22,842	 x22:0x00000011 x20=0x0000035b
        5675000	       566	800001a4	e6bd0893	addi	x17,x26,-405	 x26:0x00000001 x17=0xfffffe6c
        5685000	       567	800001a8	54e9b713	sltiu	x14,x19,1358	 x19:0x40004fe2 x14=0x00000000
        5695000	       568	800001ac	017989b3	add	x19,x19,x23	 x19:0x40004fe2 x23:0x00000000 x19=0x40004fe2
        5705000	       569	800001b0	9bfba313	slti	x6,x23,-1601	 x23:0x00000000  x6=0x00000000
        5715000	       570	800001b4	002d0d13	addi	x26,x26,2	 x26:0x00000001 x26=0x00000003
        5725000	       571	800001b8	04f48413	addi	x8,x9,79	  x9:0x00000000  x8=0x0000004f
        5735000	       572	800001bc	bed33413	sltiu	x8,x6,-1043	  x6:0x00000000  x8=0x00000001
        5745000	       573	800001c0	ff8d64e3	bltu	x26,x24,800001a8	 x26:0x00000003 x24:0x00000007
        5755000	       574	00000000	00000013	addi	x0,x0,0	  x0:0x00000000
        5765000	       575	800001a4	00000013	addi	x0,x0,0	  x0:0x00000000
        5775000	       576	800001a8	54e9b713	sltiu	x14,x19,1358	 x19:0x40004fe2 x14=0x00000000
        5785000	       577	800001ac	017989b3	add	x19,x19,x23	 x19:0x40004fe2 x23:0x00000000 x19=0x40004fe2
        5795000	       578	800001b0	9bfba313	slti	x6,x23,-1601	 x23:0x00000000  x6=0x00000000
        5805000	       579	800001b4	002d0d13	addi	x26,x26,2	 x26:0x00000003 x26=0x00000005
        5815000	       580	800001b8	04f48413	addi	x8,x9,79	  x9:0x00000000  x8=0x0000004f
        5825000	       581	800001bc	bed33413	sltiu	x8,x6,-1043	  x6:0x00000000  x8=0x00000001
        5835000	       582	800001c0	ff8d64e3	bltu	x26,x24,800001a8	 x26:0x00000005 x24:0x00000007
        5845000	       583	00000000	00000013	addi	x0,x0,0	  x0:0x00000000
        5855000	       584	800001a4	00000013	addi	x0,x0,0	  x0:0x00000000
        5865000	       585	800001a8	54e9b713	sltiu	x14,x19,1358	 x19:0x40004fe2 x14=0x00000000
        5875000	       586	800001ac	017989b3	add	x19,x19,x23	 x19:0x40004fe2 x23:0x00000000 x19=0x40004fe2
        5885000	       587	800001b0	9bfba313	slti	x6,x23,-1601	 x23:0x00000000  x6=0x00000000
        5895000	       588	800001b4	002d0d13	addi	x26,x26,2	 x26:0x00000005 x26=0x00000007
        5905000	       589	800001b8	04f48413	addi	x8,x9,79	  x9:0x00000000  x8=0x0000004f
        5915000	       590	800001bc	bed33413	sltiu	x8,x6,-1043	  x6:0x00000000  x8=0x00000001
        5925000	       591	800001c0	ff8d64e3	bltu	x26,x24,800001a8	 x26:0x00000007 x24:0x00000007
        5935000	       592	800001c4	40c1c393	xori	x7,x3,1036	  x3:0x00000010  x7=0x0000041c
        5945000	       593	800001c8	008559b3	srl	x19,x10,x8	 x10:0x80009fc4  x8:0x00000001 x19=0x40004fe2
        5955000	       594	800001cc	4107db93	srai	x23,x15,0x10	 x15:0x00000008 x23=0x00000000
        5965000	       595	800001d0	aa054093	xori	x1,x10,-1376	 x10:0x80009fc4  x1=0x7fff6564
        5975000	       596	800001d4	2fd22113	slti	x2,x4,765	  x4:0x8f1e3de3  x2=0x00000001
        5985000	       597	800001d8	80ba4c93	xori	x25,x20,-2037	 x20:0x0000035b x25=0xfffffb50
        5995000	       598	800001dc	00689393	slli	x7,x17,0x6	 x17:0xfffffe6c  x7=0xffff9b00
        6005000	       599	800001e0	f961cce3	blt	x3,x22,80000178	  x3:0x00000010 x22:0x00000011
        6015000	       600	00000000	00000013	addi	x0,x0,0	  x0:0x00000000
        6025000	       601	80000174	00000013	addi	x0,x0,0	  x0:0x00000000
        6035000	       602	80000178	751a2397	auipc	x7,0x751a2	  x7=0xf51a2174
        6045000	       603	8000017c	00528fb3	add	x31,x5,x5	  x5:0x80000144  x5:0x80000144 x31=0x00000288
        6055000	       604	80000180	00a860b3	or	x1,x16,x10	 x16:0x00000000 x10:0x80009fc4  x1=0x80009fc4
        6065000	       605	80000184	00118193	addi	x3,x3,1	  x3:0x00000010  x3=0x00000011
        6075000	       606	80000188	00f45b93	srli	x23,x8,0xf	  x8:0x00000001 x23=0x00000000
        6085000	       607	8000018c	e3058693	addi	x13,x11,-464	 x11:0xf70a85db x13=0xf70a840b
        6095000	       608	80000190	006d0db3	add	x27,x26,x6	 x26:0x00000007  x6:0x00000000 x27=0x00000007
        6105000	       609	80000194	00100d13	addi	x26,x0,1	  x0:0x00000000 x26=0x00000001
        6115000	       610	80000198	0013f2b3	and	x5,x7,x1	  x7:0xf51a2174  x1:0x80009fc4  x5=0x80000144
        6125000	       611	8000019c	00700c13	addi	x24,x0,7	  x0:0x00000000 x24=0x00000007
        6135000	       612	800001a0	34ab4a13	xori	x20,x22,842	 x22:0x00000011 x20=0x0000035b
        6145000	       613	800001a4	e6bd0893	addi	x17,x26,-405	 x26:0x00000001 x17=0xfffffe6c
        6155000	       614	800001a8	54e9b713	sltiu	x14,x19,1358	 x19:0x40004fe2 x14=0x00000000
        6165000	       615	800001ac	017989b3	add	x19,x19,x23	 x19:0x40004fe2 x23:0x00000000 x19=0x40004fe2
        6175000	       616	800001b0	9bfba313	slti	x6,x23,-1601	 x23:0x00000000  x6=0x00000000
        6185000	       617	800001b4	002d0d13	addi	x26,x26,2	 x26:0x00000001 x26=0x00000003
        6195000	       618	800001b8	04f48413	addi	x8,x9,79	  x9:0x00000000  x8=0x0000004f
        6205000	       619	800001bc	bed33413	sltiu	x8,x6,-1043	  x6:0x00000000  x8=0x00000001
        6215000	       620	800001c0	ff8d64e3	bltu	x26,x24,800001a8	 x26:0x00000003 x24:0x00000007
        6225000	       621	00000000	00000013	addi	x0,x0,0	  x0:0x00000000
        6235000	       622	800001a4	00000013	addi	x0,x0,0	  x0:0x00000000
        6245000	       623	800001a8	54e9b713	sltiu	x14,x19,1358	 x19:0x40004fe2 x14=0x00000000
        6255000	       624	800001ac	017989b3	add	x19,x19,x23	 x19:0x40004fe2 x23:0x00000000 x19=0x40004fe2
        6265000	       625	800001b0	9bfba313	slti	x6,x23,-1601	 x23:0x00000000  x6=0x00000000
        6275000	       626	800001b4	002d0d13	addi	x26,x26,2	 x26:0x00000003 x26=0x00000005
        6285000	       627	800001b8	04f48413	addi	x8,x9,79	  x9:0x00000000  x8=0x0000004f
        6295000	       628	800001bc	bed33413	sltiu	x8,x6,-1043	  x6:0x00000000  x8=0x00000001
        6305000	       629	800001c0	ff8d64e3	bltu	x26,x24,800001a8	 x26:0x00000005 x24:0x00000007
        6315000	       630	00000000	00000013	addi	x0,x0,0	  x0:0x00000000
        6325000	       631	800001a4	00000013	addi	x0,x0,0	  x0:0x00000000
        6335000	       632	800001a8	54e9b713	sltiu	x14,x19,1358	 x19:0x40004fe2 x14=0x00000000
        6345000	       633	800001ac	017989b3	add	x19,x19,x23	 x19:0x40004fe2 x23:0x00000000 x19=0x40004fe2
        6355000	       634	800001b0	9bfba313	slti	x6,x23,-1601	 x23:0x00000000  x6=0x00000000
        6365000	       635	800001b4	002d0d13	addi	x26,x26,2	 x26:0x00000005 x26=0x00000007
        6375000	       636	800001b8	04f48413	addi	x8,x9,79	  x9:0x00000000  x8=0x0000004f
        6385000	       637	800001bc	bed33413	sltiu	x8,x6,-1043	  x6:0x00000000  x8=0x00000001
        6395000	       638	800001c0	ff8d64e3	bltu	x26,x24,800001a8	 x26:0x00000007 x24:0x00000007
        6405000	       639	800001c4	40c1c393	xori	x7,x3,1036	  x3:0x00000011  x7=0x0000041d
        6415000	       640	800001c8	008559b3	srl	x19,x10,x8	 x10:0x80009fc4  x8:0x00000001 x19=0x40004fe2
        6425000	       641	800001cc	4107db93	srai	x23,x15,0x10	 x15:0x00000008 x23=0x00000000
        6435000	       642	800001d0	aa054093	xori	x1,x10,-1376	 x10:0x80009fc4  x1=0x7fff6564
        6445000	       643	800001d4	2fd22113	slti	x2,x4,765	  x4:0x8f1e3de3  x2=0x00000001
        6455000	       644	800001d8	80ba4c93	xori	x25,x20,-2037	 x20:0x0000035b x25=0xfffffb50
        6465000	       645	800001dc	00689393	slli	x7,x17,0x6	 x17:0xfffffe6c  x7=0xffff9b00
        6475000	       646	800001e0	f961cce3	blt	x3,x22,80000178	  x3:0x00000011 x22:0x00000011
        6485000	       647	800001e4	000289b3	add	x19,x5,x0	  x5:0x80000144  x0:0x00000000 x19=0x80000144
        6495000	       648	800001e8	ff600093	addi	x1,x0,-10	  x0:0x00000000  x1=0xfffffff6
        6505000	       649	800001ec	00ddf3b3	and	x7,x27,x13	 x27:0x00000007 x13:0xf70a840b  x7=0x00000003
        6515000	       650	800001f0	0109efb3	or	x31,x19,x16	 x19:0x80000144 x16:0x00000000 x31=0x80000144
        6525000	       651	800001f4	7bdb6993	ori	x19,x22,1981	 x22:0x00000011 x19=0x000007bd
        6535000	       652	800001f8	00000013	addi	x0,x0,0	  x0:0x00000000
        6545000	       653	800001fc	c6620993	addi	x19,x4,-922	  x4:0x8f1e3de3 x19=0x8f1e3a49
        6555000	       654	80000200	00000013	addi	x0,x0,0	  x0:0x00000000
        6565000	       655	80000204	0176d133	srl	x2,x13,x23	 x13:0xf70a840b x23:0x00000000  x2=0xf70a840b
        6575000	       656	80000208	00b624b3	slt	x9,x12,x11	 x12:0xfae5daa1 x11:0xf70a85db  x9=0x00000000
        6585000	       657	8000020c	01456933	or	x18,x10,x20	 x10:0x80009fc4 x20:0x0000035b x18=0x80009fdf
        6595000	       658	80000210	019847b3	xor	x15,x16,x25	 x16:0x00000000 x25:0xfffffb50 x15=0xfffffb50
        6605000	       659	80000214	01de9793	slli	x15,x29,0x1d	 x29:0x80009f84 x15=0x80000000
        6615000	       660	80000218	4174d7b3	sra	x15,x9,x23	  x9:0x00000000 x23:0x00000000 x15=0x00000000
        6625000	       661	8000021c	0212a393	slti	x7,x5,33	  x5:0x80000144  x7=0x00000001
        6635000	       662	80000220	df35ab93	slti	x23,x11,-525	 x11:0xf70a85db x23=0x00000001
        6645000	       663	80000224	011a1793	slli	x15,x20,0x11	 x20:0x0000035b x15=0x06b60000
        6655000	       664	80000228	00e7a633	slt	x12,x15,x14	 x15:0x06b60000 x14:0x00000000 x12=0x00000000
        6665000	       665	8000022c	01eb99b3	sll	x19,x23,x30	 x23:0x00000001 x30:0x6a4fc4fc x19=0x10000000
        6675000	       666	80000230	00800213	addi	x4,x0,8	  x0:0x00000000  x4=0x00000008
        6685000	       667	80000234	01cd4033	xor	x0,x26,x28	 x26:0x00000007 x28:0xec3ecebc
        6695000	       668	80000238	0009a933	slt	x18,x19,x0	 x19:0x10000000  x0:0x00000000 x18=0x00000000
        6705000	       669	8000023c	00000013	addi	x0,x0,0	  x0:0x00000000
        6715000	       670	80000240	e456ec13	ori	x24,x13,-443	 x13:0xf70a840b x24=0xfffffe4f
        6725000	       671	80000244	00908093	addi	x1,x1,9	  x1:0xfffffff6  x1=0xffffffff
        6735000	       672	80000248	01e5e133	or	x2,x11,x30	 x11:0xf70a85db x30:0x6a4fc4fc  x2=0xff4fc5ff
        6745000	       673	8000024c	01f11d33	sll	x26,x2,x31	  x2:0xff4fc5ff x31:0x80000144 x26=0xf4fc5ff0
        6755000	       674	80000250	fe40e6e3	bltu	x1,x4,8000023c	  x1:0xffffffff  x4:0x00000008
        6765000	       675	80000254	41b48b33	sub	x22,x9,x27	  x9:0x00000000 x27:0x00000007 x22=0xfffffff9
        6775000	       676	80000258	00800813	addi	x16,x0,8	  x0:0x00000000 x16=0x00000008
        6785000	       677	8000025c	41605233	sra	x4,x0,x22	  x0:0x00000000 x22:0xfffffff9  x4=0x00000000
        6795000	       678	80000260	fff00313	addi	x6,x0,-1	  x0:0x00000000  x6=0xffffffff
        6805000	       679	80000264	009f5393	srli	x7,x30,0x9	 x30:0x6a4fc4fc  x7=0x003527e2
        6815000	       680	80000268	eb7cf213	andi	x4,x25,-329	 x25:0xfffffb50  x4=0xfffffa10
        6825000	       681	8000026c	01af4233	xor	x4,x30,x26	 x30:0x6a4fc4fc x26:0xf4fc5ff0  x4=0x9eb39b0c
        6835000	       682	80000270	00000013	addi	x0,x0,0	  x0:0x00000000
        6845000	       683	80000274	01fb09b3	add	x19,x22,x31	 x22:0xfffffff9 x31:0x80000144 x19=0x8000013d
        6855000	       684	80000278	40e255b3	sra	x11,x4,x14	  x4:0x9eb39b0c x14:0x00000000 x11=0x9eb39b0c
        6865000	       685	8000027c	002ed233	srl	x4,x29,x2	 x29:0x80009f84  x2:0xff4fc5ff  x4=0x00000001
        6875000	       686	80000280	00382033	slt	x0,x16,x3	 x16:0x00000008  x3:0x00000011
        6885000	       687	80000284	26ae0193	addi	x3,x28,618	 x28:0xec3ecebc  x3=0xec3ed126
        6895000	       688	80000288	d94fd1b7	lui	x3,0xd94fd	  x3=0xd94fd000
        6905000	       689	8000028c	017077b3	and	x15,x0,x23	  x0:0x00000000 x23:0x00000001 x15=0x00000000
        6915000	       690	80000290	ffb80813	addi	x16,x16,-5	 x16:0x00000008 x16=0x00000003
        6925000	       691	80000294	ffd00093	addi	x1,x0,-3	  x0:0x00000000  x1=0xfffffffd
        6935000	       692	80000298	ffa00c13	addi	x24,x0,-6	  x0:0x00000000 x24=0xfffffffa
        6945000	       693	8000029c	017c5013	srli	x0,x24,0x17	 x24:0xfffffffa
        6955000	       694	800002a0	1abef893	andi	x17,x29,427	 x29:0x80009f84 x17=0x00000180
        6965000	       695	800002a4	ffe08093	addi	x1,x1,-2	  x1:0xfffffffd  x1=0xfffffffb
        6975000	       696	800002a8	ff80dce3	bge	x1,x24,800002a0	  x1:0xfffffffb x24:0xfffffffa
        6985000	       697	00000000	00000013	addi	x0,x0,0	  x0:0x00000000
        6995000	       698	8000029c	00000013	addi	x0,x0,0	  x0:0x00000000
        7005000	       699	800002a0	1abef893	andi	x17,x29,427	 x29:0x80009f84 x17=0x00000180
        7015000	       700	800002a4	ffe08093	addi	x1,x1,-2	  x1:0xfffffffb  x1=0xfffffff9
        7025000	       701	800002a8	ff80dce3	bge	x1,x24,800002a0	  x1:0xfffffff9 x24:0xfffffffa
        7035000	       702	800002ac	402f0ab3	sub	x21,x30,x2	 x30:0x6a4fc4fc  x2:0xff4fc5ff x21=0x6afffefd
        7045000	       703	800002b0	35052b13	slti	x22,x10,848	 x10:0x80009fc4 x22=0x00000001
        7055000	       704	800002b4	3df8cf93	xori	x31,x17,991	 x17:0x00000180 x31=0x0000025f
        7065000	       705	800002b8	19254b13	xori	x22,x10,402	 x10:0x80009fc4 x22=0x80009e56
        7075000	       706	800002bc	9ce4b593	sltiu	x11,x9,-1586	  x9:0x00000000 x11=0x00000001
        7085000	       707	800002c0	fc6852e3	bge	x16,x6,80000284	 x16:0x00000003  x6:0xffffffff
        7095000	       708	00000000	00000013	addi	x0,x0,0	  x0:0x00000000
        7105000	       709	80000280	00000013	addi	x0,x0,0	  x0:0x00000000
        7115000	       710	80000284	26ae0193	addi	x3,x28,618	 x28:0xec3ecebc  x3=0xec3ed126
        7125000	       711	80000288	d94fd1b7	lui	x3,0xd94fd	  x3=0xd94fd000
        7135000	       712	8000028c	017077b3	and	x15,x0,x23	  x0:0x00000000 x23:0x00000001 x15=0x00000000
        7145000	       713	80000290	ffb80813	addi	x16,x16,-5	 x16:0x00000003 x16=0xfffffffe
        7155000	       714	80000294	ffd00093	addi	x1,x0,-3	  x0:0x00000000  x1=0xfffffffd
        7165000	       715	80000298	ffa00c13	addi	x24,x0,-6	  x0:0x00000000 x24=0xfffffffa
        7175000	       716	8000029c	017c5013	srli	x0,x24,0x17	 x24:0xfffffffa
        7185000	       717	800002a0	1abef893	andi	x17,x29,427	 x29:0x80009f84 x17=0x00000180
        7195000	       718	800002a4	ffe08093	addi	x1,x1,-2	  x1:0xfffffffd  x1=0xfffffffb
        7205000	       719	800002a8	ff80dce3	bge	x1,x24,800002a0	  x1:0xfffffffb x24:0xfffffffa
        7215000	       720	00000000	00000013	addi	x0,x0,0	  x0:0x00000000
        7225000	       721	8000029c	00000013	addi	x0,x0,0	  x0:0x00000000
        7235000	       722	800002a0	1abef893	andi	x17,x29,427	 x29:0x80009f84 x17=0x00000180
        7245000	       723	800002a4	ffe08093	addi	x1,x1,-2	  x1:0xfffffffb  x1=0xfffffff9
        7255000	       724	800002a8	ff80dce3	bge	x1,x24,800002a0	  x1:0xfffffff9 x24:0xfffffffa
        7265000	       725	800002ac	402f0ab3	sub	x21,x30,x2	 x30:0x6a4fc4fc  x2:0xff4fc5ff x21=0x6afffefd
        7275000	       726	800002b0	35052b13	slti	x22,x10,848	 x10:0x80009fc4 x22=0x00000001
        7285000	       727	800002b4	3df8cf93	xori	x31,x17,991	 x17:0x00000180 x31=0x0000025f
        7295000	       728	800002b8	19254b13	xori	x22,x10,402	 x10:0x80009fc4 x22=0x80009e56
        7305000	       729	800002bc	9ce4b593	sltiu	x11,x9,-1586	  x9:0x00000000 x11=0x00000001
        7315000	       730	800002c0	fc6852e3	bge	x16,x6,80000284	 x16:0xfffffffe  x6:0xffffffff
        7325000	       731	800002c4	bf43f193	andi	x3,x7,-1036	  x7:0x003527e2  x3=0x003523e0
        7335000	       732	800002c8	01f66fb3	or	x31,x12,x31	 x12:0x00000000 x31:0x0000025f x31=0x0000025f
        7345000	       733	800002cc	0393dc63	bge	x7,x25,80000304	  x7:0x003527e2 x25:0xfffffb50
        7355000	       734	00000000	00000013	addi	x0,x0,0	  x0:0x00000000
        7365000	       735	80000300	00000013	addi	x0,x0,0	  x0:0x00000000
        7375000	       736	80000304	69787a13	andi	x20,x16,1687	 x16:0xfffffffe x20=0x00000696
        7385000	       737	80000308	41abd313	srai	x6,x23,0x1a	 x23:0x00000001  x6=0x00000000
        7395000	       738	8000030c	009a18b3	sll	x17,x20,x9	 x20:0x00000696  x9:0x00000000 x17=0x00000696
        7405000	       739	80000310	c9ee1d97	auipc	x27,0xc9ee1	 x27=0x49ee130c
        7415000	       740	80000314	03620263	beq	x4,x22,80000338	  x4:0x00000001 x22:0x80009e56
        7425000	       741	80000318	00e32233	slt	x4,x6,x14	  x6:0x00000000 x14:0x00000000  x4=0x00000000
        7435000	       742	8000031c	96d8f013	andi	x0,x17,-1683	 x17:0x00000696
        7445000	       743	80000320	abd7b093	sltiu	x1,x15,-1347	 x15:0x00000000  x1=0x00000001
        7455000	       744	80000324	037d5c63	bge	x26,x23,8000035c	 x26:0xf4fc5ff0 x23:0x00000001
        7465000	       745	80000328	41bf8b33	sub	x22,x31,x27	 x31:0x0000025f x27:0x49ee130c x22=0xb611ef53
        7475000	       746	8000032c	17736ab7	lui	x21,0x17736	 x21=0x17736000
        7485000	       747	80000330	417051b3	sra	x3,x0,x23	  x0:0x00000000 x23:0x00000001  x3=0x00000000
        7495000	       748	80000334	61998c93	addi	x25,x19,1561	 x19:0x8000013d x25=0x80000756
        7505000	       749	80000338	a4f08593	addi	x11,x1,-1457	  x1:0x00000001 x11=0xfffffa50
        7515000	       750	8000033c	d9248113	addi	x2,x9,-622	  x9:0x00000000  x2=0xfffffd92
        7525000	       751	80000340	c4980a93	addi	x21,x16,-951	 x16:0xfffffffe x21=0xfffffc47
        7535000	       752	80000344	0075df33	srl	x30,x11,x7	 x11:0xfffffa50  x7:0x003527e2 x30=0x3ffffe94
        7545000	       753	80000348	409a83b3	sub	x7,x21,x9	 x21:0xfffffc47  x9:0x00000000  x7=0xfffffc47
        7555000	       754	8000034c	03c74a63	blt	x14,x28,80000380	 x14:0x00000000 x28:0xec3ecebc
        7565000	       755	80000350	000cd6b3	srl	x13,x25,x0	 x25:0x80000756  x0:0x00000000 x13=0x80000756
        7575000	       756	80000354	01631033	sll	x0,x6,x22	  x6:0x00000000 x22:0xb611ef53
        7585000	       757	80000358	0219d063	bge	x19,x1,80000378	 x19:0x8000013d  x1:0x00000001
        7595000	       758	8000035c	03759e63	bne	x11,x23,80000398	 x11:0xfffffa50 x23:0x00000001
        7605000	       759	00000000	00000013	addi	x0,x0,0	  x0:0x00000000
        7615000	       760	80000394	00000013	addi	x0,x0,0	  x0:0x00000000
        7625000	       761	80000398	5674c8b7	lui	x17,0x5674c	 x17=0x5674c000
        7635000	       762	8000039c	b6bd0913	addi	x18,x26,-1173	 x26:0xf4fc5ff0 x18=0xf4fc5b5b
        7645000	       763	800003a0	599ff993	andi	x19,x31,1433	 x31:0x0000025f x19=0x00000019
        7655000	       764	800003a4	af882413	slti	x8,x16,-1288	 x16:0xfffffffe  x8=0x00000000
        7665000	       765	800003a8	40abdd33	sra	x26,x23,x10	 x23:0x00000001 x10:0x80009fc4 x26=0x00000000
        7675000	       766	800003ac	1e884613	xori	x12,x16,488	 x16:0xfffffffe x12=0xfffffe16
        7685000	       767	800003b0	09574063	blt	x14,x21,80000430	 x14:0x00000000 x21:0xfffffc47
        7695000	       768	800003b4	bbda6613	ori	x12,x20,-1091	 x20:0x00000696 x12=0xffffffbf
        7705000	       769	800003b8	06987063	bgeu	x16,x9,80000418	 x16:0xfffffffe  x9:0x00000000
        7715000	       770	00000000	00000013	addi	x0,x0,0	  x0:0x00000000
        7725000	       771	80000414	00000013	addi	x0,x0,0	  x0:0x00000000
        7735000	       772	80000418	a9ef6f93	ori	x31,x30,-1378	 x30:0x3ffffe94 x31=0xfffffe9e
        7745000	       773	8000041c	018b8e63	beq	x23,x24,80000438	 x23:0x00000001 x24:0xfffffffa
        7755000	       774	80000420	013504b3	add	x9,x10,x19	 x10:0x80009fc4 x19:0x00000019  x9=0x80009fdd
        7765000	       775	80000424	ed42cf13	xori	x30,x5,-300	  x5:0x80000144 x30=0x7fffff90
        7775000	       776	80000428	818a0893	addi	x17,x20,-2024	 x20:0x00000696 x17=0xfffffeae
        7785000	       777	8000042c	e3bfb693	sltiu	x13,x31,-453	 x31:0xfffffe9e x13=0x00000000
        7795000	       778	80000430	01622c33	slt	x24,x4,x22	  x4:0x00000000 x22:0xb611ef53 x24=0x00000000
        7805000	       779	80000434	60e06d13	ori	x26,x0,1550	  x0:0x00000000 x26=0x0000060e
        7815000	       780	80000438	4099d5b3	sra	x11,x19,x9	 x19:0x00000019  x9:0x80009fdd x11=0x00000000
        7825000	       781	8000043c	401a5813	srai	x16,x20,0x1	 x20:0x00000696 x16=0x0000034b
        7835000	       782	80000440	04148263	beq	x9,x1,80000484	  x9:0x80009fdd  x1:0x00000001
        7845000	       783	80000444	01640863	beq	x8,x22,80000454	  x8:0x00000000 x22:0xb611ef53
        7855000	       784	80000448	0946f293	andi	x5,x13,148	 x13:0x00000000  x5=0x00000000
        7865000	       785	8000044c	00497863	bgeu	x18,x4,8000045c	 x18:0xf4fc5b5b  x4:0x00000000
        7875000	       786	00000000	00000013	addi	x0,x0,0	  x0:0x00000000
        7885000	       787	80000458	00000013	addi	x0,x0,0	  x0:0x00000000
        7895000	       788	8000045c	00c79813	slli	x16,x15,0xc	 x15:0x00000000 x16=0x00000000
        7905000	       789	80000460	e3042713	slti	x14,x8,-464	  x8:0x00000000 x14=0x00000000
        7915000	       790	80000464	018cb9b3	sltu	x19,x25,x24	 x25:0x80000756 x24:0x00000000 x19=0x00000000
        7925000	       791	80000468	0152b4b3	sltu	x9,x5,x21	  x5:0x00000000 x21:0xfffffc47  x9=0x00000001
        7935000	       792	8000046c	00a57333	and	x6,x10,x10	 x10:0x80009fc4 x10:0x80009fc4  x6=0x80009fc4
        7945000	       793	80000470	d0377213	andi	x4,x14,-765	 x14:0x00000000  x4=0x00000000
        7955000	       794	80000474	01f6b5b3	sltu	x11,x13,x31	 x13:0x00000000 x31:0xfffffe9e x11=0x00000001
        7965000	       795	80000478	41c75d33	sra	x26,x14,x28	 x14:0x00000000 x28:0xec3ecebc x26=0x00000000
        7975000	       796	8000047c	ed5c2d13	slti	x26,x24,-299	 x24:0x00000000 x26=0x00000000
        7985000	       797	80000480	73e78a93	addi	x21,x15,1854	 x15:0x00000000 x21=0x0000073e
        7995000	       798	80000484	41f25db3	sra	x27,x4,x31	  x4:0x00000000 x31:0xfffffe9e x27=0x00000000
        8005000	       799	80000488	95726f97	auipc	x31,0x95726	 x31=0x15726484
        8015000	       800	8000048c	003a10b3	sll	x1,x20,x3	 x20:0x00000696  x3:0x00000000  x1=0x00000696
        8025000	       801	80000490	007ae633	or	x12,x21,x7	 x21:0x0000073e  x7:0xfffffc47 x12=0xffffff7f
        8035000	       802	80000494	00292a33	slt	x20,x18,x2	 x18:0xf4fc5b5b  x2:0xfffffd92 x20=0x00000001
        8045000	       803	80000498	b228c693	xori	x13,x17,-1246	 x17:0xfffffeae x13=0x0000058c
        8055000	       804	8000049c	d5d3c993	xori	x19,x7,-675	  x7:0xfffffc47 x19=0x0000011a
        8065000	       805	800004a0	01c674b3	and	x9,x12,x28	 x12:0xffffff7f x28:0xec3ecebc  x9=0xec3ece3c
        8075000	       806	800004a4	01159463	bne	x11,x17,800004ac	 x11:0x00000001 x17:0xfffffeae
        8085000	       807	00000000	00000013	addi	x0,x0,0	  x0:0x00000000
        8095000	       808	800004a8	00000013	addi	x0,x0,0	  x0:0x00000000
        8105000	       809	800004ac	010f4f33	xor	x30,x30,x16	 x30:0x7fffff90 x16:0x00000000 x30=0x7fffff90
        8115000	       810	800004b0	01f1bdb3	sltu	x27,x3,x31	  x3:0x00000000 x31:0x15726484 x27=0x00000001
        8125000	       811	800004b4	00000013	addi	x0,x0,0	  x0:0x00000000
        8135000	       812	800004b8	249ce713	ori	x14,x25,585	 x25:0x80000756 x14=0x8000075f
        8145000	       813	800004bc	f2dbff13	andi	x30,x23,-211	 x23:0x00000001 x30=0x00000001
        8155000	       814	800004c0	00002497	auipc	x9,0x2	  x9=0x800024bc
        8165000	       815	800004c4	35448493	addi	x9,x9,852	  x9:0x800024bc  x9=0x80002810
        8175000	       816	800004c8	015f1013	slli	x0,x30,0x15	 x30:0x00000001
        8185000	       817	800004cc	1d348493	addi	x9,x9,467	  x9:0x80002810  x9=0x800029e3
        8195000	       818	800004d0	fb617b93	andi	x23,x2,-74	  x2:0xfffffd92 x23=0xfffffd92
        8205000	       819	800004d4	000c9b93	slli	x23,x25,0x0	 x25:0x80000756 x23=0x80000756
        8215000	       820	800004d8	0087f463	bgeu	x15,x8,800004e0	 x15:0x00000000  x8:0x00000000
        8225000	       821	00000000	00000013	addi	x0,x0,0	  x0:0x00000000
        8235000	       822	800004dc	00000013	addi	x0,x0,0	  x0:0x00000000
        8245000	       823	800004e0	e2e487e7	jalr	x15,x9,-466	  x9:0x800029e3 x15=0x800004e0
        8255000	       824	00000000	00000013	addi	x0,x0,0	  x0:0x00000000
        8265000	       825	80002810	00000013	addi	x0,x0,0	  x0:0x00000000
        8275000	       826	80002814	40ac53b3	sra	x7,x24,x10	 x24:0x00000000 x10:0x80009fc4  x7=0x00000000
        8285000	       827	80002818	fcce8e93	addi	x29,x29,-52	 x29:0x80009f84 x29=0x80009f50
        8295000	       828	8000281c	00fea223	sw	x15,4(x29)	 x29:0x80009f50 x15:0x800004e0 PA:0x80009f54
        8305000	       829	80002820	00000013	addi	x0,x0,0	  x0:0x00000000
        8315000	       830	80002824	008ad013	srli	x0,x21,0x8	 x21:0x0000073e
        8325000	       831	80002828	000b3ab3	sltu	x21,x22,x0	 x22:0xb611ef53  x0:0x00000000 x21=0x00000000
        8335000	       832	8000282c	0164dcb3	srl	x25,x9,x22	  x9:0x800029e3 x22:0xb611ef53 x25=0x00001000
        8345000	       833	80002830	0015df93	srli	x31,x11,0x1	 x11:0x00000001 x31=0x00000000
        8355000	       834	80002834	ce68f693	andi	x13,x17,-794	 x17:0xfffffeae x13=0xfffffca6
        8365000	       835	80002838	01f429b3	slt	x19,x8,x31	  x8:0x00000000 x31:0x00000000 x19=0x00000000
        8375000	       836	8000283c	009d5d93	srli	x27,x26,0x9	 x26:0x00000000 x27=0x00000000
        8385000	       837	80002840	400187b3	sub	x15,x3,x0	  x3:0x00000000  x0:0x00000000 x15=0x00000000
        8395000	       838	80002844	414c8233	sub	x4,x25,x20	 x25:0x00001000 x20:0x00000001  x4=0x00000fff
        8405000	       839	80002848	008ddfb3	srl	x31,x27,x8	 x27:0x00000000  x8:0x00000000 x31=0x00000000
        8415000	       840	8000284c	01c10633	add	x12,x2,x28	  x2:0xfffffd92 x28:0xec3ecebc x12=0xec3ecc4e
        8425000	       841	80002850	012dd793	srli	x15,x27,0x12	 x27:0x00000000 x15=0x00000000
        8435000	       842	80002854	480dc693	xori	x13,x27,1152	 x27:0x00000000 x13=0x00000480
        8445000	       843	80002858	01d34f33	xor	x30,x6,x29	  x6:0x80009fc4 x29:0x80009f50 x30=0x00000094
        8455000	       844	8000285c	002b9393	slli	x7,x23,0x2	 x23:0x80000756  x7=0x00001d58
        8465000	       845	80002860	460007ef	jal	x15,80002860	 x15=0x80002860
        8475000	       846	00000000	00000013	addi	x0,x0,0	  x0:0x00000000
        8485000	       847	80002cbc	00000013	addi	x0,x0,0	  x0:0x00000000
        8495000	       848	80002cc0	01535463	bge	x6,x21,80002cc8	  x6:0x80009fc4 x21:0x00000000
        8505000	       849	80002cc4	00309633	sll	x12,x1,x3	  x1:0x00000696  x3:0x00000000 x12=0x00000696
        8515000	       850	80002cc8	fece8e93	addi	x29,x29,-20	 x29:0x80009f50 x29=0x80009f3c
        8525000	       851	80002ccc	00fea223	sw	x15,4(x29)	 x29:0x80009f3c x15:0x80002860 PA:0x80009f40
        8535000	       852	80002cd0	00910d33	add	x26,x2,x9	  x2:0xfffffd92  x9:0x800029e3 x26=0x80002775
        8545000	       853	80002cd4	397b0993	addi	x19,x22,919	 x22:0xb611ef53 x19=0xb611f2ea
        8555000	       854	80002cd8	0132f1b3	and	x3,x5,x19	  x5:0x00000000 x19:0xb611f2ea  x3=0x00000000
        8565000	       855	80002cdc	ffffe717	auipc	x14,0xffffe	 x14=0x80000cd8
        8575000	       856	80002ce0	32070713	addi	x14,x14,800	 x14:0x80000cd8 x14=0x80000ff8
        8585000	       857	80002ce4	76522b93	slti	x23,x4,1893	  x4:0x00000fff x23=0x00000000
        8595000	       858	80002ce8	41430cb3	sub	x25,x6,x20	  x6:0x80009fc4 x20:0x00000001 x25=0x80009fc3
        8605000	       859	80002cec	c3cfc293	xori	x5,x31,-964	 x31:0x00000000  x5=0xfffffc3c
        8615000	       860	80002cf0	f4270713	addi	x14,x14,-190	 x14:0x80000ff8 x14=0x80000f3a
        8625000	       861	80002cf4	8fc80a97	auipc	x21,0x8fc80	 x21=0x0fc82cf0
        8635000	       862	80002cf8	01b41463	bne	x8,x27,80002d00	  x8:0x00000000 x27:0x00000000
        8645000	       863	80002cfc	009b4cb3	xor	x25,x22,x9	 x22:0xb611ef53  x9:0x800029e3 x25=0x3611c6b0
        8655000	       864	80002d00	0bf707e7	jalr	x15,x14,191	 x14:0x80000f3a x15=0x80002d00
        8665000	       865	00000000	00000013	addi	x0,x0,0	  x0:0x00000000
        8675000	       866	80000ff8	00000013	addi	x0,x0,0	  x0:0x00000000
        8685000	       867	80000ffc	e135b193	sltiu	x3,x11,-493	 x11:0x00000001  x3=0x00000001
        8695000	       868	80001000	00d52b33	slt	x22,x10,x13	 x10:0x80009fc4 x13:0x00000480 x22=0x00000001
        8705000	       869	80001004	007c4463	blt	x24,x7,8000100c	 x24:0x00000000  x7:0x00001d58
        8715000	       870	00000000	00000013	addi	x0,x0,0	  x0:0x00000000
        8725000	       871	80001008	00000013	addi	x0,x0,0	  x0:0x00000000
        8735000	       872	8000100c	fc0e8e93	addi	x29,x29,-64	 x29:0x80009f3c x29=0x80009efc
        8745000	       873	80001010	00fea223	sw	x15,4(x29)	 x29:0x80009efc x15:0x80002d00 PA:0x80009f00
        8755000	       874	80001014	40b253b3	sra	x7,x4,x11	  x4:0x00000fff x11:0x00000001  x7=0x000007ff
        8765000	       875	80001018	fff00c93	addi	x25,x0,-1	  x0:0x00000000 x25=0xffffffff
        8775000	       876	8000101c	804df113	andi	x2,x27,-2044	 x27:0x00000000  x2=0x00000000
        8785000	       877	80001020	01a27133	and	x2,x4,x26	  x4:0x00000fff x26:0x80002775  x2=0x00000775
        8795000	       878	80001024	ff900793	addi	x15,x0,-7	  x0:0x00000000 x15=0xfffffff9
        8805000	       879	80001028	005c1f93	slli	x31,x24,0x5	 x24:0x00000000 x31=0x00000000
        8815000	       880	8000102c	b7182417	auipc	x8,0xb7182	  x8=0x37183028
        8825000	       881	80001030	ffac8c93	addi	x25,x25,-6	 x25:0xffffffff x25=0xfffffff9
        8835000	       882	80001034	4183dbb3	sra	x23,x7,x24	  x7:0x000007ff x24:0x00000000 x23=0x000007ff
        8845000	       883	80001038	00600813	addi	x16,x0,6	  x0:0x00000000 x16=0x00000006
        8855000	       884	8000103c	05651db7	lui	x27,0x5651	 x27=0x05651000
        8865000	       885	80001040	004490b3	sll	x1,x9,x4	  x9:0x800029e3  x4:0x00000fff  x1=0x80000000
        8875000	       886	80001044	35f31bb7	lui	x23,0x35f31	 x23=0x35f31000
        8885000	       887	80001048	01c45ab3	srl	x21,x8,x28	  x8:0x37183028 x28:0xec3ecebc x21=0x00000003
        8895000	       888	8000104c	00100893	addi	x17,x0,1	  x0:0x00000000 x17=0x00000001
        8905000	       889	80001050	00000013	addi	x0,x0,0	  x0:0x00000000
        8915000	       890	80001054	41fc0f33	sub	x30,x24,x31	 x24:0x00000000 x31:0x00000000 x30=0x00000000
        8925000	       891	80001058	ff780813	addi	x16,x16,-9	 x16:0x00000006 x16=0xfffffffd
        8935000	       892	8000105c	ff185ae3	bge	x16,x17,80001050	 x16:0xfffffffd x17:0x00000001
        8945000	       893	80001060	01e51293	slli	x5,x10,0x1e	 x10:0x80009fc4  x5=0x00000000
        8955000	       894	80001064	fcfc94e3	bne	x25,x15,8000102c	 x25:0xfffffff9 x15:0xfffffff9
        8965000	       895	80001068	01b513b3	sll	x7,x10,x27	 x10:0x80009fc4 x27:0x05651000  x7=0x80009fc4
        8975000	       896	8000106c	ffb00d93	addi	x27,x0,-5	  x0:0x00000000 x27=0xfffffffb
        8985000	       897	80001070	00900d13	addi	x26,x0,9	  x0:0x00000000 x26=0x00000009
        8995000	       898	80001074	2707c893	xori	x17,x15,624	 x15:0xfffffff9 x17=0xfffffd89
        9005000	       899	80001078	00cd4b33	xor	x22,x26,x12	 x26:0x00000009 x12:0x00000696 x22=0x0000069f
        9015000	       900	8000107c	004d8d93	addi	x27,x27,4	 x27:0xfffffffb x27=0xffffffff
        9025000	       901	80001080	00300793	addi	x15,x0,3	  x0:0x00000000 x15=0x00000003
        9035000	       902	80001084	ff700493	addi	x9,x0,-9	  x0:0x00000000  x9=0xfffffff7
        9045000	       903	80001088	01971313	slli	x6,x14,0x19	 x14:0x80000f3a  x6=0x74000000
        9055000	       904	8000108c	a434c993	xori	x19,x9,-1469	  x9:0xfffffff7 x19=0x000005b4
        9065000	       905	80001090	3f222a13	slti	x20,x4,1010	  x4:0x00000fff x20=0x00000000
        9075000	       906	80001094	ffa78793	addi	x15,x15,-6	 x15:0x00000003 x15=0xfffffffd
        9085000	       907	80001098	fe978ce3	beq	x15,x9,80001090	 x15:0xfffffffd  x9:0xfffffff7
        9095000	       908	8000109c	fdadcce3	blt	x27,x26,80001074	 x27:0xffffffff x26:0x00000009
        9105000	       909	00000000	00000013	addi	x0,x0,0	  x0:0x00000000
        9115000	       910	80001070	00000013	addi	x0,x0,0	  x0:0x00000000
        9125000	       911	80001074	2707c893	xori	x17,x15,624	 x15:0xfffffffd x17=0xfffffd8d
        9135000	       912	80001078	00cd4b33	xor	x22,x26,x12	 x26:0x00000009 x12:0x00000696 x22=0x0000069f
        9145000	       913	8000107c	004d8d93	addi	x27,x27,4	 x27:0xffffffff x27=0x00000003
        9155000	       914	80001080	00300793	addi	x15,x0,3	  x0:0x00000000 x15=0x00000003
        9165000	       915	80001084	ff700493	addi	x9,x0,-9	  x0:0x00000000  x9=0xfffffff7
        9175000	       916	80001088	01971313	slli	x6,x14,0x19	 x14:0x80000f3a  x6=0x74000000
        9185000	       917	8000108c	a434c993	xori	x19,x9,-1469	  x9:0xfffffff7 x19=0x000005b4
        9195000	       918	80001090	3f222a13	slti	x20,x4,1010	  x4:0x00000fff x20=0x00000000
        9205000	       919	80001094	ffa78793	addi	x15,x15,-6	 x15:0x00000003 x15=0xfffffffd
        9215000	       920	80001098	fe978ce3	beq	x15,x9,80001090	 x15:0xfffffffd  x9:0xfffffff7
        9225000	       921	8000109c	fdadcce3	blt	x27,x26,80001074	 x27:0x00000003 x26:0x00000009
        9235000	       922	00000000	00000013	addi	x0,x0,0	  x0:0x00000000
        9245000	       923	80001070	00000013	addi	x0,x0,0	  x0:0x00000000
        9255000	       924	80001074	2707c893	xori	x17,x15,624	 x15:0xfffffffd x17=0xfffffd8d
        9265000	       925	80001078	00cd4b33	xor	x22,x26,x12	 x26:0x00000009 x12:0x00000696 x22=0x0000069f
        9275000	       926	8000107c	004d8d93	addi	x27,x27,4	 x27:0x00000003 x27=0x00000007
        9285000	       927	80001080	00300793	addi	x15,x0,3	  x0:0x00000000 x15=0x00000003
        9295000	       928	80001084	ff700493	addi	x9,x0,-9	  x0:0x00000000  x9=0xfffffff7
        9305000	       929	80001088	01971313	slli	x6,x14,0x19	 x14:0x80000f3a  x6=0x74000000
        9315000	       930	8000108c	a434c993	xori	x19,x9,-1469	  x9:0xfffffff7 x19=0x000005b4
        9325000	       931	80001090	3f222a13	slti	x20,x4,1010	  x4:0x00000fff x20=0x00000000
        9335000	       932	80001094	ffa78793	addi	x15,x15,-6	 x15:0x00000003 x15=0xfffffffd
        9345000	       933	80001098	fe978ce3	beq	x15,x9,80001090	 x15:0xfffffffd  x9:0xfffffff7
        9355000	       934	8000109c	fdadcce3	blt	x27,x26,80001074	 x27:0x00000007 x26:0x00000009
        9365000	       935	00000000	00000013	addi	x0,x0,0	  x0:0x00000000
        9375000	       936	80001070	00000013	addi	x0,x0,0	  x0:0x00000000
        9385000	       937	80001074	2707c893	xori	x17,x15,624	 x15:0xfffffffd x17=0xfffffd8d
        9395000	       938	80001078	00cd4b33	xor	x22,x26,x12	 x26:0x00000009 x12:0x00000696 x22=0x0000069f
        9405000	       939	8000107c	004d8d93	addi	x27,x27,4	 x27:0x00000007 x27=0x0000000b
        9415000	       940	80001080	00300793	addi	x15,x0,3	  x0:0x00000000 x15=0x00000003
        9425000	       941	80001084	ff700493	addi	x9,x0,-9	  x0:0x00000000  x9=0xfffffff7
        9435000	       942	80001088	01971313	slli	x6,x14,0x19	 x14:0x80000f3a  x6=0x74000000
        9445000	       943	8000108c	a434c993	xori	x19,x9,-1469	  x9:0xfffffff7 x19=0x000005b4
        9455000	       944	80001090	3f222a13	slti	x20,x4,1010	  x4:0x00000fff x20=0x00000000
        9465000	       945	80001094	ffa78793	addi	x15,x15,-6	 x15:0x00000003 x15=0xfffffffd
        9475000	       946	80001098	fe978ce3	beq	x15,x9,80001090	 x15:0xfffffffd  x9:0xfffffff7
        9485000	       947	8000109c	fdadcce3	blt	x27,x26,80001074	 x27:0x0000000b x26:0x00000009
        9495000	       948	800010a0	01491c13	slli	x24,x18,0x14	 x18:0xf4fc5b5b x24=0xb5b00000
        9505000	       949	800010a4	ffb00093	addi	x1,x0,-5	  x0:0x00000000  x1=0xfffffffb
        9515000	       950	800010a8	d2623317	auipc	x6,0xd2623	  x6=0x526240a4
        9525000	       951	800010ac	01400893	addi	x17,x0,20	  x0:0x00000000 x17=0x00000014
        9535000	       952	800010b0	28890797	auipc	x15,0x28890	 x15=0xa88910ac
        9545000	       953	800010b4	01b583b3	add	x7,x11,x27	 x11:0x00000001 x27:0x0000000b  x7=0x0000000c
        9555000	       954	800010b8	00308093	addi	x1,x1,3	  x1:0xfffffffb  x1=0xfffffffe
        9565000	       955	800010bc	00700713	addi	x14,x0,7	  x0:0x00000000 x14=0x00000007
        9575000	       956	800010c0	00700b93	addi	x23,x0,7	  x0:0x00000000 x23=0x00000007
        9585000	       957	800010c4	c3c30613	addi	x12,x6,-964	  x6:0x526240a4 x12=0x52623ce0
        9595000	       958	800010c8	ffa70713	addi	x14,x14,-6	 x14:0x00000007 x14=0x00000001
        9605000	       959	800010cc	ff777ce3	bgeu	x14,x23,800010c4	 x14:0x00000001 x23:0x00000007
        9615000	       960	800010d0	ff10e0e3	bltu	x1,x17,800010b0	  x1:0xfffffffe x17:0x00000014
        9625000	       961	800010d4	40f8d493	srai	x9,x17,0xf	 x17:0x00000014  x9=0x00000000
        9635000	       962	800010d8	00400893	addi	x17,x0,4	  x0:0x00000000 x17=0x00000004
        9645000	       963	800010dc	00400493	addi	x9,x0,4	  x0:0x00000000  x9=0x00000004
        9655000	       964	800010e0	01e789b3	add	x19,x15,x30	 x15:0xa88910ac x30:0x00000000 x19=0xa88910ac
        9665000	       965	800010e4	ffd88893	addi	x17,x17,-3	 x17:0x00000004 x17=0x00000001
        9675000	       966	800010e8	fe98fce3	bgeu	x17,x9,800010e0	 x17:0x00000001  x9:0x00000004
        9685000	       967	800010ec	010cdd13	srli	x26,x25,0x10	 x25:0xfffffff9 x26=0x0000ffff
        9695000	       968	800010f0	ffc00c13	addi	x24,x0,-4	  x0:0x00000000 x24=0xfffffffc
        9705000	       969	800010f4	5e884413	xori	x8,x16,1512	 x16:0xfffffffd  x8=0xfffffa15
        9715000	       970	800010f8	00000013	addi	x0,x0,0	  x0:0x00000000
        9725000	       971	800010fc	00e00813	addi	x16,x0,14	  x0:0x00000000 x16=0x0000000e
        9735000	       972	80001100	01732633	slt	x12,x6,x23	  x6:0x526240a4 x23:0x00000007 x12=0x00000000
        9745000	       973	80001104	00c27433	and	x8,x4,x12	  x4:0x00000fff x12:0x00000000  x8=0x00000000
        9755000	       974	80001108	d95b7b13	andi	x22,x22,-619	 x22:0x0000069f x22=0x00000495
        9765000	       975	8000110c	01594033	xor	x0,x18,x21	 x18:0xf4fc5b5b x21:0x00000003
        9775000	       976	80001110	006c0c13	addi	x24,x24,6	 x24:0xfffffffc x24=0x00000002
        9785000	       977	80001114	00c806b3	add	x13,x16,x12	 x16:0x0000000e x12:0x00000000 x13=0x0000000e
        9795000	       978	80001118	ec16e213	ori	x4,x13,-319	 x13:0x0000000e  x4=0xfffffecf
        9805000	       979	8000111c	01bcbcb3	sltu	x25,x25,x27	 x25:0xfffffff9 x27:0x0000000b x25=0x00000000
        9815000	       980	80001120	34f66613	ori	x12,x12,847	 x12:0x00000000 x12=0x0000034f
        9825000	       981	80001124	405e0bb3	sub	x23,x28,x5	 x28:0xec3ecebc  x5:0x00000000 x23=0xec3ecebc
        9835000	       982	80001128	e33cba93	sltiu	x21,x25,-461	 x25:0x00000000 x21=0x00000001
        9845000	       983	8000112c	e91eb213	sltiu	x4,x29,-367	 x29:0x80009efc  x4=0x00000001
        9855000	       984	80001130	004c9313	slli	x6,x25,0x4	 x25:0x00000000  x6=0x00000000
        9865000	       985	80001134	00167bb3	and	x23,x12,x1	 x12:0x0000034f  x1:0xfffffffe x23=0x0000034e
        9875000	       986	80001138	01e52b33	slt	x22,x10,x30	 x10:0x80009fc4 x30:0x00000000 x22=0x00000001
        9885000	       987	8000113c	46c8b793	sltiu	x15,x17,1132	 x17:0x00000001 x15=0x00000001
        9895000	       988	80001140	5888c313	xori	x6,x17,1416	 x17:0x00000001  x6=0x00000589
        9905000	       989	80001144	01d3eab3	or	x21,x7,x29	  x7:0x0000000c x29:0x80009efc x21=0x80009efc
        9915000	       990	80001148	01539b33	sll	x22,x7,x21	  x7:0x0000000c x21:0x80009efc x22=0xc0000000
        9925000	       991	8000114c	00400d13	addi	x26,x0,4	  x0:0x00000000 x26=0x00000004
        9935000	       992	80001150	00011db3	sll	x27,x2,x0	  x2:0x00000775  x0:0x00000000 x27=0x00000775
        9945000	       993	80001154	00400593	addi	x11,x0,4	  x0:0x00000000 x11=0x00000004
        9955000	       994	80001158	01de5a93	srli	x21,x28,0x1d	 x28:0xec3ecebc x21=0x00000007
        9965000	       995	8000115c	64593b17	auipc	x22,0x64593	 x22=0xe4594158
        9975000	       996	80001160	ffed0d13	addi	x26,x26,-2	 x26:0x00000004 x26=0x00000002
        9985000	       997	80001164	00000013	addi	x0,x0,0	  x0:0x00000000
        9995000	       998	80001168	00349413	slli	x8,x9,0x3	  x9:0x00000004  x8=0x00000020
       10005000	       999	8000116c	0048ef33	or	x30,x17,x4	 x17:0x00000001  x4:0x00000001 x30=0x00000001
       10015000	      1000	80001170	febd76e3	bgeu	x26,x11,8000115c	 x26:0x00000002 x11:0x00000004
       10025000	      1001	80001174	f90c6ae3	bltu	x24,x16,80001108	 x24:0x00000002 x16:0x0000000e
       10035000	      1002	00000000	00000013	addi	x0,x0,0	  x0:0x00000000
       10045000	      1003	80001104	00000013	addi	x0,x0,0	  x0:0x00000000
       10055000	      1004	80001108	d95b7b13	andi	x22,x22,-619	 x22:0xe4594158 x22=0xe4594110
       10065000	      1005	8000110c	01594033	xor	x0,x18,x21	 x18:0xf4fc5b5b x21:0x00000007
       10075000	      1006	80001110	006c0c13	addi	x24,x24,6	 x24:0x00000002 x24=0x00000008
       10085000	      1007	80001114	00c806b3	add	x13,x16,x12	 x16:0x0000000e x12:0x0000034f x13=0x0000035d
       10095000	      1008	80001118	ec16e213	ori	x4,x13,-319	 x13:0x0000035d  x4=0xffffffdd
       10105000	      1009	8000111c	01bcbcb3	sltu	x25,x25,x27	 x25:0x00000000 x27:0x00000775 x25=0x00000001
       10115000	      1010	80001120	34f66613	ori	x12,x12,847	 x12:0x0000034f x12=0x0000034f
       10125000	      1011	80001124	405e0bb3	sub	x23,x28,x5	 x28:0xec3ecebc  x5:0x00000000 x23=0xec3ecebc
       10135000	      1012	80001128	e33cba93	sltiu	x21,x25,-461	 x25:0x00000001 x21=0x00000001
       10145000	      1013	8000112c	e91eb213	sltiu	x4,x29,-367	 x29:0x80009efc  x4=0x00000001
       10155000	      1014	80001130	004c9313	slli	x6,x25,0x4	 x25:0x00000001  x6=0x00000010
       10165000	      1015	80001134	00167bb3	and	x23,x12,x1	 x12:0x0000034f  x1:0xfffffffe x23=0x0000034e
       10175000	      1016	80001138	01e52b33	slt	x22,x10,x30	 x10:0x80009fc4 x30:0x00000001 x22=0x00000001
       10185000	      1017	8000113c	46c8b793	sltiu	x15,x17,1132	 x17:0x00000001 x15=0x00000001
       10195000	      1018	80001140	5888c313	xori	x6,x17,1416	 x17:0x00000001  x6=0x00000589
       10205000	      1019	80001144	01d3eab3	or	x21,x7,x29	  x7:0x0000000c x29:0x80009efc x21=0x80009efc
       10215000	      1020	80001148	01539b33	sll	x22,x7,x21	  x7:0x0000000c x21:0x80009efc x22=0xc0000000
       10225000	      1021	8000114c	00400d13	addi	x26,x0,4	  x0:0x00000000 x26=0x00000004
       10235000	      1022	80001150	00011db3	sll	x27,x2,x0	  x2:0x00000775  x0:0x00000000 x27=0x00000775
       10245000	      1023	80001154	00400593	addi	x11,x0,4	  x0:0x00000000 x11=0x00000004
       10255000	      1024	80001158	01de5a93	srli	x21,x28,0x1d	 x28:0xec3ecebc x21=0x00000007
       10265000	      1025	8000115c	64593b17	auipc	x22,0x64593	 x22=0xe4594158
       10275000	      1026	80001160	ffed0d13	addi	x26,x26,-2	 x26:0x00000004 x26=0x00000002
       10285000	      1027	80001164	00000013	addi	x0,x0,0	  x0:0x00000000
       10295000	      1028	80001168	00349413	slli	x8,x9,0x3	  x9:0x00000004  x8=0x00000020
       10305000	      1029	8000116c	0048ef33	or	x30,x17,x4	 x17:0x00000001  x4:0x00000001 x30=0x00000001
       10315000	      1030	80001170	febd76e3	bgeu	x26,x11,8000115c	 x26:0x00000002 x11:0x00000004
       10325000	      1031	80001174	f90c6ae3	bltu	x24,x16,80001108	 x24:0x00000008 x16:0x0000000e
       10335000	      1032	00000000	00000013	addi	x0,x0,0	  x0:0x00000000
       10345000	      1033	80001104	00000013	addi	x0,x0,0	  x0:0x00000000
       10355000	      1034	80001108	d95b7b13	andi	x22,x22,-619	 x22:0xe4594158 x22=0xe4594110
       10365000	      1035	8000110c	01594033	xor	x0,x18,x21	 x18:0xf4fc5b5b x21:0x00000007
       10375000	      1036	80001110	006c0c13	addi	x24,x24,6	 x24:0x00000008 x24=0x0000000e
       10385000	      1037	80001114	00c806b3	add	x13,x16,x12	 x16:0x0000000e x12:0x0000034f x13=0x0000035d
       10395000	      1038	80001118	ec16e213	ori	x4,x13,-319	 x13:0x0000035d  x4=0xffffffdd
       10405000	      1039	8000111c	01bcbcb3	sltu	x25,x25,x27	 x25:0x00000001 x27:0x00000775 x25=0x00000001
       10415000	      1040	80001120	34f66613	ori	x12,x12,847	 x12:0x0000034f x12=0x0000034f
       10425000	      1041	80001124	405e0bb3	sub	x23,x28,x5	 x28:0xec3ecebc  x5:0x00000000 x23=0xec3ecebc
       10435000	      1042	80001128	e33cba93	sltiu	x21,x25,-461	 x25:0x00000001 x21=0x00000001
       10445000	      1043	8000112c	e91eb213	sltiu	x4,x29,-367	 x29:0x80009efc  x4=0x00000001
       10455000	      1044	80001130	004c9313	slli	x6,x25,0x4	 x25:0x00000001  x6=0x00000010
       10465000	      1045	80001134	00167bb3	and	x23,x12,x1	 x12:0x0000034f  x1:0xfffffffe x23=0x0000034e
       10475000	      1046	80001138	01e52b33	slt	x22,x10,x30	 x10:0x80009fc4 x30:0x00000001 x22=0x00000001
       10485000	      1047	8000113c	46c8b793	sltiu	x15,x17,1132	 x17:0x00000001 x15=0x00000001
       10495000	      1048	80001140	5888c313	xori	x6,x17,1416	 x17:0x00000001  x6=0x00000589
       10505000	      1049	80001144	01d3eab3	or	x21,x7,x29	  x7:0x0000000c x29:0x80009efc x21=0x80009efc
       10515000	      1050	80001148	01539b33	sll	x22,x7,x21	  x7:0x0000000c x21:0x80009efc x22=0xc0000000
       10525000	      1051	8000114c	00400d13	addi	x26,x0,4	  x0:0x00000000 x26=0x00000004
       10535000	      1052	80001150	00011db3	sll	x27,x2,x0	  x2:0x00000775  x0:0x00000000 x27=0x00000775
       10545000	      1053	80001154	00400593	addi	x11,x0,4	  x0:0x00000000 x11=0x00000004
       10555000	      1054	80001158	01de5a93	srli	x21,x28,0x1d	 x28:0xec3ecebc x21=0x00000007
       10565000	      1055	8000115c	64593b17	auipc	x22,0x64593	 x22=0xe4594158
       10575000	      1056	80001160	ffed0d13	addi	x26,x26,-2	 x26:0x00000004 x26=0x00000002
       10585000	      1057	80001164	00000013	addi	x0,x0,0	  x0:0x00000000
       10595000	      1058	80001168	00349413	slli	x8,x9,0x3	  x9:0x00000004  x8=0x00000020
       10605000	      1059	8000116c	0048ef33	or	x30,x17,x4	 x17:0x00000001  x4:0x00000001 x30=0x00000001
       10615000	      1060	80001170	febd76e3	bgeu	x26,x11,8000115c	 x26:0x00000002 x11:0x00000004
       10625000	      1061	80001174	f90c6ae3	bltu	x24,x16,80001108	 x24:0x0000000e x16:0x0000000e
       10635000	      1062	80001178	90860fb7	lui	x31,0x90860	 x31=0x90860000
       10645000	      1063	8000117c	ff900d93	addi	x27,x0,-7	  x0:0x00000000 x27=0xfffffff9
       10655000	      1064	80001180	3452e113	ori	x2,x5,837	  x5:0x00000000  x2=0x00000345
       10665000	      1065	80001184	00493a33	sltu	x20,x18,x4	 x18:0xf4fc5b5b  x4:0x00000001 x20=0x00000000
       10675000	      1066	80001188	012a1913	slli	x18,x20,0x12	 x20:0x00000000 x18=0x00000000
       10685000	      1067	8000118c	3de38413	addi	x8,x7,990	  x7:0x0000000c  x8=0x000003ea
       10695000	      1068	80001190	01a7e933	or	x18,x15,x26	 x15:0x00000001 x26:0x00000002 x18=0x00000003
       10705000	      1069	80001194	d8fef413	andi	x8,x29,-625	 x29:0x80009efc  x8=0x80009c8c
       10715000	      1070	80001198	0138cfb3	xor	x31,x17,x19	 x17:0x00000001 x19:0xa88910ac x31=0xa88910ad
       10725000	      1071	8000119c	0db9e917	auipc	x18,0xdb9e	 x18=0x8db9f198
       10735000	      1072	800011a0	ff400313	addi	x6,x0,-12	  x0:0x00000000  x6=0xfffffff4
       10745000	      1073	800011a4	00f7f833	and	x16,x15,x15	 x15:0x00000001 x15:0x00000001 x16=0x00000001
       10755000	      1074	800011a8	0106f833	and	x16,x13,x16	 x13:0x0000035d x16:0x00000001 x16=0x00000001
       10765000	      1075	800011ac	170bfc93	andi	x25,x23,368	 x23:0x0000034e x25=0x00000140
       10775000	      1076	800011b0	01b305b3	add	x11,x6,x27	  x6:0xfffffff4 x27:0xfffffff9 x11=0xffffffed
       10785000	      1077	800011b4	014caf33	slt	x30,x25,x20	 x25:0x00000140 x20:0x00000000 x30=0x00000000
       10795000	      1078	800011b8	01638033	add	x0,x7,x22	  x7:0x0000000c x22:0xe4594158
       10805000	      1079	800011bc	00000013	addi	x0,x0,0	  x0:0x00000000
       10815000	      1080	800011c0	01f33ab3	sltu	x21,x6,x31	  x6:0xfffffff4 x31:0xa88910ad x21=0x00000000
       10825000	      1081	800011c4	ffbd8d93	addi	x27,x27,-5	 x27:0xfffffff9 x27=0xfffffff4
       10835000	      1082	800011c8	4501e393	ori	x7,x3,1104	  x3:0x00000001  x7=0x00000451
       10845000	      1083	800011cc	00719d33	sll	x26,x3,x7	  x3:0x00000001  x7:0x00000451 x26=0x00020000
       10855000	      1084	800011d0	f5b38d13	addi	x26,x7,-165	  x7:0x00000451 x26=0x000003ac
       10865000	      1085	800011d4	009c1233	sll	x4,x24,x9	 x24:0x0000000e  x9:0x00000004  x4=0x000000e0
       10875000	      1086	800011d8	01529293	slli	x5,x5,0x15	  x5:0x00000000  x5=0x00000000
       10885000	      1087	800011dc	01f55433	srl	x8,x10,x31	 x10:0x80009fc4 x31:0xa88910ad  x8=0x00040004
       10895000	      1088	800011e0	00d1ccb3	xor	x25,x3,x13	  x3:0x00000001 x13:0x0000035d x25=0x0000035c
       10905000	      1089	800011e4	00b51413	slli	x8,x10,0xb	 x10:0x80009fc4  x8=0x04fe2000
       10915000	      1090	800011e8	01e03bb3	sltu	x23,x0,x30	  x0:0x00000000 x30:0x00000000 x23=0x00000000
       10925000	      1091	800011ec	fc6d98e3	bne	x27,x6,800011bc	 x27:0xfffffff4  x6:0xfffffff4
       10935000	      1092	800011f0	00000013	addi	x0,x0,0	  x0:0x00000000
       10945000	      1093	800011f4	00900893	addi	x17,x0,9	  x0:0x00000000 x17=0x00000009
       10955000	      1094	800011f8	01423733	sltu	x14,x4,x20	  x4:0x000000e0 x20:0x00000000 x14=0x00000000
       10965000	      1095	800011fc	41b4d713	srai	x14,x9,0x1b	  x9:0x00000004 x14=0x00000000
       10975000	      1096	80001200	00a00913	addi	x18,x0,10	  x0:0x00000000 x18=0x0000000a
       10985000	      1097	80001204	ad518b97	auipc	x23,0xad518	 x23=0x2d519200
       10995000	      1098	80001208	014dd813	srli	x16,x27,0x14	 x27:0xfffffff4 x16=0x00000fff
       11005000	      1099	8000120c	00188893	addi	x17,x17,1	 x17:0x00000009 x17=0x0000000a
       11015000	      1100	80001210	00200793	addi	x15,x0,2	  x0:0x00000000 x15=0x00000002
       11025000	      1101	80001214	00600b13	addi	x22,x0,6	  x0:0x00000000 x22=0x00000006
       11035000	      1102	80001218	01934db3	xor	x27,x6,x25	  x6:0xfffffff4 x25:0x0000035c x27=0xfffffca8
       11045000	      1103	8000121c	a25bfd93	andi	x27,x23,-1499	 x23:0x2d519200 x27=0x2d519200
       11055000	      1104	80001220	019d3733	sltu	x14,x26,x25	 x26:0x000003ac x25:0x0000035c x14=0x00000000
       11065000	      1105	80001224	00878793	addi	x15,x15,8	 x15:0x00000002 x15=0x0000000a
       11075000	      1106	80001228	e0b64a93	xori	x21,x12,-501	 x12:0x0000034f x21=0xfffffd44
       11085000	      1107	8000122c	ff67e8e3	bltu	x15,x22,8000121c	 x15:0x0000000a x22:0x00000006
       11095000	      1108	80001230	00514ab3	xor	x21,x2,x5	  x2:0x00000345  x5:0x00000000 x21=0x00000345
       11105000	      1109	80001234	01c03433	sltu	x8,x0,x28	  x0:0x00000000 x28:0xec3ecebc  x8=0x00000001
       11115000	      1110	80001238	fd28e6e3	bltu	x17,x18,80001204	 x17:0x0000000a x18:0x0000000a
       11125000	      1111	8000123c	be3ddab7	lui	x21,0xbe3dd	 x21=0xbe3dd000
       11135000	      1112	80001240	0283e663	bltu	x7,x8,8000126c	  x7:0x00000451  x8:0x00000001
       11145000	      1113	80001244	012277b3	and	x15,x4,x18	  x4:0x000000e0 x18:0x0000000a x15=0x00000000
       11155000	      1114	80001248	481b0813	addi	x16,x22,1153	 x22:0x00000006 x16=0x00000487
       11165000	      1115	8000124c	00626833	or	x16,x4,x6	  x4:0x000000e0  x6:0xfffffff4 x16=0xfffffff4
       11175000	      1116	80001250	0425d463	bge	x11,x2,80001298	 x11:0xffffffed  x2:0x00000345
       11185000	      1117	80001254	00d3c1b3	xor	x3,x7,x13	  x7:0x00000451 x13:0x0000035d  x3=0x0000070c
       11195000	      1118	80001258	407f5293	srai	x5,x30,0x7	 x30:0x00000000  x5=0x00000000
       11205000	      1119	8000125c	00000013	addi	x0,x0,0	  x0:0x00000000
       11215000	      1120	80001260	00d205b3	add	x11,x4,x13	  x4:0x000000e0 x13:0x0000035d x11=0x0000043d
       11225000	      1121	80001264	c4392913	slti	x18,x18,-957	 x18:0x0000000a x18=0x00000000
       11235000	      1122	80001268	4005dcb3	sra	x25,x11,x0	 x11:0x0000043d  x0:0x00000000 x25=0x0000043d
       11245000	      1123	8000126c	05331663	bne	x6,x19,800012b8	  x6:0xfffffff4 x19:0xa88910ac
       11255000	      1124	00000000	00000013	addi	x0,x0,0	  x0:0x00000000
       11265000	      1125	800012b4	00000013	addi	x0,x0,0	  x0:0x00000000
       11275000	      1126	800012b8	006c9a63	bne	x25,x6,800012cc	 x25:0x0000043d  x6:0xfffffff4
       11285000	      1127	00000000	00000013	addi	x0,x0,0	  x0:0x00000000
       11295000	      1128	800012c8	00000013	addi	x0,x0,0	  x0:0x00000000
       11305000	      1129	800012cc	001d5463	bge	x26,x1,800012d4	 x26:0x000003ac  x1:0xfffffffe
       11315000	      1130	00000000	00000013	addi	x0,x0,0	  x0:0x00000000
       11325000	      1131	800012d0	00000013	addi	x0,x0,0	  x0:0x00000000
       11335000	      1132	800012d4	03cf7063	bgeu	x30,x28,800012f4	 x30:0x00000000 x28:0xec3ecebc
       11345000	      1133	800012d8	aa4d8393	addi	x7,x27,-1372	 x27:0x2d519200  x7=0x2d518ca4
       11355000	      1134	800012dc	014a69b3	or	x19,x20,x20	 x20:0x00000000 x20:0x00000000 x19=0x00000000
       11365000	      1135	800012e0	00950e63	beq	x10,x9,800012fc	 x10:0x80009fc4  x9:0x00000004
       11375000	      1136	800012e4	8aec4293	xori	x5,x24,-1874	 x24:0x0000000e  x5=0xfffff8a0
       11385000	      1137	800012e8	022c0313	addi	x6,x24,34	 x24:0x0000000e  x6=0x00000030
       11395000	      1138	800012ec	00c05c13	srli	x24,x0,0xc	  x0:0x00000000 x24=0x00000000
       11405000	      1139	800012f0	02917663	bgeu	x2,x9,8000131c	  x2:0x00000345  x9:0x00000004
       11415000	      1140	00000000	00000013	addi	x0,x0,0	  x0:0x00000000
       11425000	      1141	80001318	00000013	addi	x0,x0,0	  x0:0x00000000
       11435000	      1142	8000131c	01d9c263	blt	x19,x29,80001320	 x19:0x00000000 x29:0x80009efc
       11445000	      1143	80001320	69c7a913	slti	x18,x15,1692	 x15:0x00000000 x18=0x00000001
       11455000	      1144	80001324	019625b3	slt	x11,x12,x25	 x12:0x0000034f x25:0x0000043d x11=0x00000001
       11465000	      1145	80001328	016a8463	beq	x21,x22,80001330	 x21:0xbe3dd000 x22:0x00000006
       11475000	      1146	8000132c	017262b3	or	x5,x4,x23	  x4:0x000000e0 x23:0x2d519200  x5=0x2d5192e0
       11485000	      1147	80001330	4050d813	srai	x16,x1,0x5	  x1:0xfffffffe x16=0xffffffff
       11495000	      1148	80001334	9bf42893	slti	x17,x8,-1601	  x8:0x00000001 x17=0x00000000
       11505000	      1149	80001338	ba532093	slti	x1,x6,-1115	  x6:0x00000030  x1=0x00000000
       11515000	      1150	8000133c	0179afb3	slt	x31,x19,x23	 x19:0x00000000 x23:0x2d519200 x31=0x00000001
       11525000	      1151	80001340	64090d93	addi	x27,x18,1600	 x18:0x00000001 x27=0x00000641
       11535000	      1152	80001344	01c21493	slli	x9,x4,0x1c	  x4:0x000000e0  x9=0x00000000
       11545000	      1153	80001348	47317413	andi	x8,x2,1139	  x2:0x00000345  x8=0x00000041
       11555000	      1154	8000134c	926e6c13	ori	x24,x28,-1754	 x28:0xec3ecebc x24=0xffffffbe
       11565000	      1155	80001350	0094afb3	slt	x31,x9,x9	  x9:0x00000000  x9:0x00000000 x31=0x00000000
       11575000	      1156	80001354	05627063	bgeu	x4,x22,80001394	  x4:0x000000e0 x22:0x00000006
       11585000	      1157	00000000	00000013	addi	x0,x0,0	  x0:0x00000000
       11595000	      1158	80001390	00000013	addi	x0,x0,0	  x0:0x00000000
       11605000	      1159	80001394	00d970b3	and	x1,x18,x13	 x18:0x00000001 x13:0x0000035d  x1=0x00000001
       11615000	      1160	80001398	41600db3	sub	x27,x0,x22	  x0:0x00000000 x22:0x00000006 x27=0xfffffffa
       11625000	      1161	8000139c	d66f1b97	auipc	x23,0xd66f1	 x23=0x566f2398
       11635000	      1162	800013a0	4134dc33	sra	x24,x9,x19	  x9:0x00000000 x19:0x00000000 x24=0x00000000
       11645000	      1163	800013a4	40328cb3	sub	x25,x5,x3	  x5:0x2d5192e0  x3:0x0000070c x25=0x2d518bd4
       11655000	      1164	800013a8	ba7d3f17	auipc	x30,0xba7d3	 x30=0x3a7d43a4
       11665000	      1165	800013ac	00e32d33	slt	x26,x6,x14	  x6:0x00000030 x14:0x00000000 x26=0x00000000
       11675000	      1166	800013b0	01f80433	add	x8,x16,x31	 x16:0xffffffff x31:0x00000000  x8=0xffffffff
       11685000	      1167	800013b4	004d76b3	and	x13,x26,x4	 x26:0x00000000  x4:0x000000e0 x13=0x00000000
       11695000	      1168	800013b8	007a9d13	slli	x26,x21,0x7	 x21:0xbe3dd000 x26=0x1ee80000
       11705000	      1169	800013bc	0227e663	bltu	x15,x2,800013e8	 x15:0x00000000  x2:0x00000345
       11715000	      1170	00000000	00000013	addi	x0,x0,0	  x0:0x00000000
       11725000	      1171	800013e4	00000013	addi	x0,x0,0	  x0:0x00000000
       11735000	      1172	800013e8	01ddbfb3	sltu	x31,x27,x29	 x27:0xfffffffa x29:0x80009efc x31=0x00000000
       11745000	      1173	800013ec	00b39733	sll	x14,x7,x11	  x7:0x2d518ca4 x11:0x00000001 x14=0x5aa31948
       11755000	      1174	800013f0	41efda13	srai	x20,x31,0x1e	 x31:0x00000000 x20=0x00000000
       11765000	      1175	800013f4	00317a33	and	x20,x2,x3	  x2:0x00000345  x3:0x0000070c x20=0x00000304
       11775000	      1176	800013f8	40be00b3	sub	x1,x28,x11	 x28:0xec3ecebc x11:0x00000001  x1=0xec3ecebb
       11785000	      1177	800013fc	00025133	srl	x2,x4,x0	  x4:0x000000e0  x0:0x00000000  x2=0x000000e0
       11795000	      1178	80001400	40885c33	sra	x24,x16,x8	 x16:0xffffffff  x8:0xffffffff x24=0xffffffff
       11805000	      1179	80001404	860ffb13	andi	x22,x31,-1952	 x31:0x00000000 x22=0x00000000
       11815000	      1180	80001408	02ff9463	bne	x31,x15,80001430	 x31:0x00000000 x15:0x00000000
       11825000	      1181	8000140c	00d5eab3	or	x21,x11,x13	 x11:0x00000001 x13:0x00000000 x21=0x00000001
       11835000	      1182	80001410	000e4db3	xor	x27,x28,x0	 x28:0xec3ecebc  x0:0x00000000 x27=0xec3ecebc
       11845000	      1183	80001414	40985cb3	sra	x25,x16,x9	 x16:0xffffffff  x9:0x00000000 x25=0xffffffff
       11855000	      1184	80001418	00000013	addi	x0,x0,0	  x0:0x00000000
       11865000	      1185	8000141c	02a99463	bne	x19,x10,80001444	 x19:0x00000000 x10:0x80009fc4
       11875000	      1186	00000000	00000013	addi	x0,x0,0	  x0:0x00000000
       11885000	      1187	80001440	00000013	addi	x0,x0,0	  x0:0x00000000
       11895000	      1188	80001444	01e74333	xor	x6,x14,x30	 x14:0x5aa31948 x30:0x3a7d43a4  x6=0x60de5aec
       11905000	      1189	80001448	0003b133	sltu	x2,x7,x0	  x7:0x2d518ca4  x0:0x00000000  x2=0x00000000
       11915000	      1190	8000144c	03298863	beq	x19,x18,8000147c	 x19:0x00000000 x18:0x00000001
       11925000	      1191	80001450	ebec9ab7	lui	x21,0xebec9	 x21=0xebec9000
       11935000	      1192	80001454	41aa8f33	sub	x30,x21,x26	 x21:0xebec9000 x26:0x1ee80000 x30=0xcd049000
       11945000	      1193	80001458	bd8fff13	andi	x30,x31,-1064	 x31:0x00000000 x30=0x00000000
       11955000	      1194	8000145c	41e55113	srai	x2,x10,0x1e	 x10:0x80009fc4  x2=0xfffffffe
       11965000	      1195	80001460	01221a93	slli	x21,x4,0x12	  x4:0x000000e0 x21=0x03800000
       11975000	      1196	80001464	015dd633	srl	x12,x27,x21	 x27:0xec3ecebc x21:0x03800000 x12=0xec3ecebc
       11985000	      1197	80001468	0178bab3	sltu	x21,x17,x23	 x17:0x00000000 x23:0x566f2398 x21=0x00000001
       11995000	      1198	8000146c	1957e913	ori	x18,x15,405	 x15:0x00000000 x18=0x00000195
       12005000	      1199	80001470	7e23c993	xori	x19,x7,2018	  x7:0x2d518ca4 x19=0x2d518b46
       12015000	      1200	80001474	02e74463	blt	x14,x14,8000149c	 x14:0x5aa31948 x14:0x5aa31948
       12025000	      1201	80001478	006106b3	add	x13,x2,x6	  x2:0xfffffffe  x6:0x60de5aec x13=0x60de5aea
       12035000	      1202	8000147c	49bb9f17	auipc	x30,0x49bb9	 x30=0xc9bba478
       12045000	      1203	80001480	01676633	or	x12,x14,x22	 x14:0x5aa31948 x22:0x00000000 x12=0x5aa31948
       12055000	      1204	80001484	0ea8c897	auipc	x17,0xea8c	 x17=0x8ea8d480
       12065000	      1205	80001488	c1397413	andi	x8,x18,-1005	 x18:0x00000195  x8=0x00000011
       12075000	      1206	8000148c	41105313	srai	x6,x0,0x11	  x0:0x00000000  x6=0x00000000
       12085000	      1207	80001490	04307663	bgeu	x0,x3,800014dc	  x0:0x00000000  x3:0x0000070c
       12095000	      1208	80001494	01ca5d33	srl	x26,x20,x28	 x20:0x00000304 x28:0xec3ecebc x26=0x00000000
       12105000	      1209	80001498	1a71e013	ori	x0,x3,423	  x3:0x0000070c
       12115000	      1210	8000149c	7462c913	xori	x18,x5,1862	  x5:0x2d5192e0 x18=0x2d5195a6
       12125000	      1211	800014a0	01390863	beq	x18,x19,800014b0	 x18:0x2d5195a6 x19:0x2d518b46
       12135000	      1212	800014a4	4fa04a13	xori	x20,x0,1274	  x0:0x00000000 x20=0x000004fa
       12145000	      1213	800014a8	004cccb3	xor	x25,x25,x4	 x25:0xffffffff  x4:0x000000e0 x25=0xffffff1f
       12155000	      1214	800014ac	99c8cd13	xori	x26,x17,-1636	 x17:0x8ea8d480 x26=0x71572d1c
       12165000	      1215	800014b0	4135d2b3	sra	x5,x11,x19	 x11:0x00000001 x19:0x2d518b46  x5=0x00000000
       12175000	      1216	800014b4	006a7433	and	x8,x20,x6	 x20:0x000004fa  x6:0x00000000  x8=0x00000000
       12185000	      1217	800014b8	389c8717	auipc	x14,0x389c8	 x14=0xb89c94b4
       12195000	      1218	800014bc	5fc36093	ori	x1,x6,1532	  x6:0x00000000  x1=0x000005fc
       12205000	      1219	800014c0	05b47663	bgeu	x8,x27,8000150c	  x8:0x00000000 x27:0xec3ecebc
       12215000	      1220	800014c4	fe670c13	addi	x24,x14,-26	 x14:0xb89c94b4 x24=0xb89c949a
       12225000	      1221	800014c8	01b06933	or	x18,x0,x27	  x0:0x00000000 x27:0xec3ecebc x18=0xec3ecebc
       12235000	      1222	800014cc	70a7f913	andi	x18,x15,1802	 x15:0x00000000 x18=0x00000000
       12245000	      1223	800014d0	03f86c63	bltu	x16,x31,80001508	 x16:0xffffffff x31:0x00000000
       12255000	      1224	800014d4	5e003d13	sltiu	x26,x0,1504	  x0:0x00000000 x26=0x00000001
       12265000	      1225	800014d8	011ad4b3	srl	x9,x21,x17	 x21:0x00000001 x17:0x8ea8d480  x9=0x00000001
       12275000	      1226	800014dc	05254863	blt	x10,x18,8000152c	 x10:0x80009fc4 x18:0x00000000
       12285000	      1227	00000000	00000013	addi	x0,x0,0	  x0:0x00000000
       12295000	      1228	80001528	00000013	addi	x0,x0,0	  x0:0x00000000
       12305000	      1229	8000152c	40db8033	sub	x0,x23,x13	 x23:0x566f2398 x13:0x60de5aea
       12315000	      1230	80001530	000f6f33	or	x30,x30,x0	 x30:0xc9bba478  x0:0x00000000 x30=0xc9bba478
       12325000	      1231	80001534	01c4d5b3	srl	x11,x9,x28	  x9:0x00000001 x28:0xec3ecebc x11=0x00000000
       12335000	      1232	80001538	01041a13	slli	x20,x8,0x10	  x8:0x00000000 x20=0x00000000
       12345000	      1233	8000153c	4f9e7a13	andi	x20,x28,1273	 x28:0xec3ecebc x20=0x000004b8
       12355000	      1234	80001540	015455b3	srl	x11,x8,x21	  x8:0x00000000 x21:0x00000001 x11=0x00000000
       12365000	      1235	80001544	0186c7b3	xor	x15,x13,x24	 x13:0x60de5aea x24:0xb89c949a x15=0xd842ce70
       12375000	      1236	80001548	018500b3	add	x1,x10,x24	 x10:0x80009fc4 x24:0xb89c949a  x1=0x389d345e
       12385000	      1237	8000154c	93e22c13	slti	x24,x4,-1730	  x4:0x000000e0 x24=0x00000000
       12395000	      1238	80001550	002e38b3	sltu	x17,x28,x2	 x28:0xec3ecebc  x2:0xfffffffe x17=0x00000001
       12405000	      1239	80001554	011acab3	xor	x21,x21,x17	 x21:0x00000001 x17:0x00000001 x21=0x00000000
       12415000	      1240	80001558	01719663	bne	x3,x23,80001564	  x3:0x0000070c x23:0x566f2398
       12425000	      1241	00000000	00000013	addi	x0,x0,0	  x0:0x00000000
       12435000	      1242	80001560	00000013	addi	x0,x0,0	  x0:0x00000000
       12445000	      1243	80001564	0ddf8013	addi	x0,x31,221	 x31:0x00000000
       12455000	      1244	80001568	40a186b3	sub	x13,x3,x10	  x3:0x0000070c x10:0x80009fc4 x13=0x7fff6748
       12465000	      1245	8000156c	002b5733	srl	x14,x22,x2	 x22:0x00000000  x2:0xfffffffe x14=0x00000000
       12475000	      1246	80001570	011d6e63	bltu	x26,x17,8000158c	 x26:0x00000001 x17:0x00000001
       12485000	      1247	80001574	0274d863	bge	x9,x7,800015a4	  x9:0x00000001  x7:0x2d518ca4
       12495000	      1248	80001578	c7d0b793	sltiu	x15,x1,-899	  x1:0x389d345e x15=0x00000001
       12505000	      1249	8000157c	0489f463	bgeu	x19,x8,800015c4	 x19:0x2d518b46  x8:0x00000000
       12515000	      1250	00000000	00000013	addi	x0,x0,0	  x0:0x00000000
       12525000	      1251	800015c0	00000013	addi	x0,x0,0	  x0:0x00000000
       12535000	      1252	800015c4	02e66663	bltu	x12,x14,800015f0	 x12:0x5aa31948 x14:0x00000000
       12545000	      1253	800015c8	0023d893	srli	x17,x7,0x2	  x7:0x2d518ca4 x17=0x0b546329
       12555000	      1254	800015cc	006f5313	srli	x6,x30,0x6	 x30:0xc9bba478  x6=0x0326ee91
       12565000	      1255	800015d0	d9457417	auipc	x8,0xd9457	  x8=0x594585cc
       12575000	      1256	800015d4	017f0033	add	x0,x30,x23	 x30:0xc9bba478 x23:0x566f2398
       12585000	      1257	800015d8	00c71863	bne	x14,x12,800015e8	 x14:0x00000000 x12:0x5aa31948
       12595000	      1258	00000000	00000013	addi	x0,x0,0	  x0:0x00000000
       12605000	      1259	800015e4	00000013	addi	x0,x0,0	  x0:0x00000000
       12615000	      1260	800015e8	01b59233	sll	x4,x11,x27	 x11:0x00000000 x27:0xec3ecebc  x4=0x00000000
       12625000	      1261	800015ec	00bff2b3	and	x5,x31,x11	 x31:0x00000000 x11:0x00000000  x5=0x00000000
       12635000	      1262	800015f0	402c8bb3	sub	x23,x25,x2	 x25:0xffffff1f  x2:0xfffffffe x23=0xffffff21
       12645000	      1263	800015f4	02561063	bne	x12,x5,80001614	 x12:0x5aa31948  x5:0x00000000
       12655000	      1264	00000000	00000013	addi	x0,x0,0	  x0:0x00000000
       12665000	      1265	80001610	00000013	addi	x0,x0,0	  x0:0x00000000
       12675000	      1266	80001614	01aa7263	bgeu	x20,x26,80001618	 x20:0x000004b8 x26:0x00000001
       12685000	      1267	00000000	00000013	addi	x0,x0,0	  x0:0x00000000
       12695000	      1268	80001614	00000013	addi	x0,x0,0	  x0:0x00000000
       12705000	      1269	80001618	2f523b13	sltiu	x22,x4,757	  x4:0x00000000 x22=0x00000001
       12715000	      1270	8000161c	00da23b3	slt	x7,x20,x13	 x20:0x000004b8 x13:0x7fff6748  x7=0x00000001
       12725000	      1271	80001620	0106ef33	or	x30,x13,x16	 x13:0x7fff6748 x16:0xffffffff x30=0xffffffff
       12735000	      1272	80001624	a7ebf0b7	lui	x1,0xa7ebf	  x1=0xa7ebf000
       12745000	      1273	80001628	150bc893	xori	x17,x23,336	 x23:0xffffff21 x17=0xfffffe71
       12755000	      1274	8000162c	001955b3	srl	x11,x18,x1	 x18:0x00000000  x1:0xa7ebf000 x11=0x00000000
       12765000	      1275	80001630	00000013	addi	x0,x0,0	  x0:0x00000000
       12775000	      1276	80001634	166c7a13	andi	x20,x24,358	 x24:0x00000000 x20=0x00000000
       12785000	      1277	80001638	0015e233	or	x4,x11,x1	 x11:0x00000000  x1:0xa7ebf000  x4=0xa7ebf000
       12795000	      1278	8000163c	6342c093	xori	x1,x5,1588	  x5:0x00000000  x1=0x00000634
       12805000	      1279	80001640	bc513d93	sltiu	x27,x2,-1083	  x2:0xfffffffe x27=0x00000000
       12815000	      1280	80001644	40fc0cb3	sub	x25,x24,x15	 x24:0x00000000 x15:0x00000001 x25=0xffffffff
       12825000	      1281	80001648	6c78bf13	sltiu	x30,x17,1735	 x17:0xfffffe71 x30=0x00000000
       12835000	      1282	8000164c	5bee4493	xori	x9,x28,1470	 x28:0xec3ecebc  x9=0xec3ecb02
       12845000	      1283	80001650	41a8ddb3	sra	x27,x17,x26	 x17:0xfffffe71 x26:0x00000001 x27=0xffffff38
       12855000	      1284	80001654	b0a22793	slti	x15,x4,-1270	  x4:0xa7ebf000 x15=0x00000001
       12865000	      1285	80001658	00845bb3	srl	x23,x8,x8	  x8:0x594585cc  x8:0x594585cc x23=0x00059458
       12875000	      1286	8000165c	0142f7b3	and	x15,x5,x20	  x5:0x00000000 x20:0x00000000 x15=0x00000000
       12885000	      1287	80001660	030b9663	bne	x23,x16,8000168c	 x23:0x00059458 x16:0xffffffff
       12895000	      1288	00000000	00000013	addi	x0,x0,0	  x0:0x00000000
       12905000	      1289	80001688	00000013	addi	x0,x0,0	  x0:0x00000000
       12915000	      1290	8000168c	003e7633	and	x12,x28,x3	 x28:0xec3ecebc  x3:0x0000070c x12=0x0000060c
       12925000	      1291	80001690	00800313	addi	x6,x0,8	  x0:0x00000000  x6=0x00000008
       12935000	      1292	80001694	00800813	addi	x16,x0,8	  x0:0x00000000 x16=0x00000008
       12945000	      1293	80001698	0039e1b3	or	x3,x19,x3	 x19:0x2d518b46  x3:0x0000070c  x3=0x2d518f4e
       12955000	      1294	8000169c	ff930313	addi	x6,x6,-7	  x6:0x00000008  x6=0x00000001
       12965000	      1295	800016a0	00a00113	addi	x2,x0,10	  x0:0x00000000  x2=0x0000000a
       12975000	      1296	800016a4	00800393	addi	x7,x0,8	  x0:0x00000000  x7=0x00000008
       12985000	      1297	800016a8	412688b3	sub	x17,x13,x18	 x13:0x7fff6748 x18:0x00000000 x17=0x7fff6748
       12995000	      1298	800016ac	f0070993	addi	x19,x14,-256	 x14:0x00000000 x19=0xffffff00
       13005000	      1299	800016b0	ffe10113	addi	x2,x2,-2	  x2:0x0000000a  x2=0x00000008
       13015000	      1300	800016b4	fe717ae3	bgeu	x2,x7,800016a8	  x2:0x00000008  x7:0x00000008
       13025000	      1301	00000000	00000013	addi	x0,x0,0	  x0:0x00000000
       13035000	      1302	800016a4	00000013	addi	x0,x0,0	  x0:0x00000000
       13045000	      1303	800016a8	412688b3	sub	x17,x13,x18	 x13:0x7fff6748 x18:0x00000000 x17=0x7fff6748
       13055000	      1304	800016ac	f0070993	addi	x19,x14,-256	 x14:0x00000000 x19=0xffffff00
       13065000	      1305	800016b0	ffe10113	addi	x2,x2,-2	  x2:0x00000008  x2=0x00000006
       13075000	      1306	800016b4	fe717ae3	bgeu	x2,x7,800016a8	  x2:0x00000006  x7:0x00000008
       13085000	      1307	800016b8	ff0370e3	bgeu	x6,x16,80001698	  x6:0x00000001 x16:0x00000008
       13095000	      1308	800016bc	d33e2593	slti	x11,x28,-717	 x28:0xec3ecebc x11=0x00000001
       13105000	      1309	800016c0	00ba62b3	or	x5,x20,x11	 x20:0x00000000 x11:0x00000001  x5=0x00000001
       13115000	      1310	800016c4	016ac033	xor	x0,x21,x22	 x21:0x00000000 x22:0x00000001
       13125000	      1311	800016c8	a83aef13	ori	x30,x21,-1405	 x21:0x00000000 x30=0xfffffa83
       13135000	      1312	800016cc	00cac033	xor	x0,x21,x12	 x21:0x00000000 x12:0x0000060c
       13145000	      1313	800016d0	0166e6b3	or	x13,x13,x22	 x13:0x7fff6748 x22:0x00000001 x13=0x7fff6749
       13155000	      1314	800016d4	013901b3	add	x3,x18,x19	 x18:0x00000000 x19:0xffffff00  x3=0xffffff00
       13165000	      1315	800016d8	01aba433	slt	x8,x23,x26	 x23:0x00059458 x26:0x00000001  x8=0x00000000
       13175000	      1316	800016dc	e60288b7	lui	x17,0xe6028	 x17=0xe6028000
       13185000	      1317	800016e0	95a2c213	xori	x4,x5,-1702	  x5:0x00000001  x4=0xfffff95b
       13195000	      1318	800016e4	004a9993	slli	x19,x21,0x4	 x21:0x00000000 x19=0x00000000
       13205000	      1319	800016e8	03360a63	beq	x12,x19,8000171c	 x12:0x0000060c x19:0x00000000
       13215000	      1320	800016ec	0043a233	slt	x4,x7,x4	  x7:0x00000008  x4:0xfffff95b  x4=0x00000000
       13225000	      1321	800016f0	41ced593	srai	x11,x29,0x1c	 x29:0x80009efc x11=0xfffffff8
       13235000	      1322	800016f4	013b9b13	slli	x22,x23,0x13	 x23:0x00059458 x22=0xa2c00000
       13245000	      1323	800016f8	018bcc33	xor	x24,x23,x24	 x23:0x00059458 x24:0x00000000 x24=0x00059458
       13255000	      1324	800016fc	a503b393	sltiu	x7,x7,-1456	  x7:0x00000008  x7=0x00000001
       13265000	      1325	80001700	2e756a13	ori	x20,x10,743	 x10:0x80009fc4 x20=0x80009fe7
       13275000	      1326	80001704	01711993	slli	x19,x2,0x17	  x2:0x00000006 x19=0x03000000
       13285000	      1327	80001708	4114d893	srai	x17,x9,0x11	  x9:0xec3ecb02 x17=0xfffff61f
       13295000	      1328	8000170c	b920b193	sltiu	x3,x1,-1134	  x1:0x00000634  x3=0x00000001
       13305000	      1329	80001710	41925093	srai	x1,x4,0x19	  x4:0x00000000  x1=0x00000000
       13315000	      1330	80001714	04e1c063	blt	x3,x14,80001754	  x3:0x00000001 x14:0x00000000
       13325000	      1331	80001718	760d3a13	sltiu	x20,x26,1888	 x26:0x00000001 x20=0x00000001
       13335000	      1332	8000171c	de398b93	addi	x23,x19,-541	 x19:0x03000000 x23=0x02fffde3
       13345000	      1333	80001720	0040fa33	and	x20,x1,x4	  x1:0x00000000  x4:0x00000000 x20=0x00000000
       13355000	      1334	80001724	00bfd013	srli	x0,x31,0xb	 x31:0x00000000
       13365000	      1335	80001728	05751063	bne	x10,x23,80001768	 x10:0x80009fc4 x23:0x02fffde3
       13375000	      1336	00000000	00000013	addi	x0,x0,0	  x0:0x00000000
       13385000	      1337	80001764	00000013	addi	x0,x0,0	  x0:0x00000000
       13395000	      1338	80001768	0147c463	blt	x15,x20,80001770	 x15:0x00000000 x20:0x00000000
       13405000	      1339	8000176c	41c8d733	sra	x14,x17,x28	 x17:0xfffff61f x28:0xec3ecebc x14=0xffffffff
       13415000	      1340	80001770	9691ec93	ori	x25,x3,-1687	  x3:0x00000001 x25=0xfffff969
       13425000	      1341	80001774	6220a013	slti	x0,x1,1570	  x1:0x00000000
       13435000	      1342	80001778	01846263	bltu	x8,x24,8000177c	  x8:0x00000000 x24:0x00059458
       13445000	      1343	00000000	00000013	addi	x0,x0,0	  x0:0x00000000
       13455000	      1344	80001778	00000013	addi	x0,x0,0	  x0:0x00000000
       13465000	      1345	8000177c	c04c3b93	sltiu	x23,x24,-1020	 x24:0x00059458 x23=0x00000001
       13475000	      1346	80001780	01dd9d13	slli	x26,x27,0x1d	 x27:0xffffff38 x26=0x00000000
       13485000	      1347	80001784	00f61863	bne	x12,x15,80001794	 x12:0x0000060c x15:0x00000000
       13495000	      1348	00000000	00000013	addi	x0,x0,0	  x0:0x00000000
       13505000	      1349	80001790	00000013	addi	x0,x0,0	  x0:0x00000000
       13515000	      1350	80001794	003b0233	add	x4,x22,x3	 x22:0xa2c00000  x3:0x00000001  x4=0xa2c00001
       13525000	      1351	80001798	0136d793	srli	x15,x13,0x13	 x13:0x7fff6749 x15=0x00000fff
       13535000	      1352	8000179c	01ccf633	and	x12,x25,x28	 x25:0xfffff969 x28:0xec3ecebc x12=0xec3ec828
       13545000	      1353	800017a0	00f014b3	sll	x9,x0,x15	  x0:0x00000000 x15:0x00000fff  x9=0x00000000
       13555000	      1354	800017a4	01e5a0b3	slt	x1,x11,x30	 x11:0xfffffff8 x30:0xfffffa83  x1=0x00000000
       13565000	      1355	800017a8	05a9c663	blt	x19,x26,800017f4	 x19:0x03000000 x26:0x00000000
       13575000	      1356	800017ac	00000013	addi	x0,x0,0	  x0:0x00000000
       13585000	      1357	800017b0	4197dc13	srai	x24,x15,0x19	 x15:0x00000fff x24=0x00000000
       13595000	      1358	800017b4	0047e7b3	or	x15,x15,x4	 x15:0x00000fff  x4:0xa2c00001 x15=0xa2c00fff
       13605000	      1359	800017b8	012caf33	slt	x30,x25,x18	 x25:0xfffff969 x18:0x00000000 x30=0x00000001
       13615000	      1360	800017bc	01d2bab3	sltu	x21,x5,x29	  x5:0x00000001 x29:0x80009efc x21=0x00000001
       13625000	      1361	800017c0	00cddbb3	srl	x23,x27,x12	 x27:0xffffff38 x12:0xec3ec828 x23=0x00ffffff
       13635000	      1362	800017c4	2ade5217	auipc	x4,0x2ade5	  x4=0xaade67c0
       13645000	      1363	800017c8	005c17b3	sll	x15,x24,x5	 x24:0x00000000  x5:0x00000001 x15=0x00000000
       13655000	      1364	800017cc	5c056313	ori	x6,x10,1472	 x10:0x80009fc4  x6=0x80009fc4
       13665000	      1365	800017d0	01df6a33	or	x20,x30,x29	 x30:0x00000001 x29:0x80009efc x20=0x80009efd
       13675000	      1366	800017d4	00880e63	beq	x16,x8,800017f0	 x16:0x00000008  x8:0x00000000
       13685000	      1367	800017d8	bf720693	addi	x13,x4,-1033	  x4:0xaade67c0 x13=0xaade63b7
       13695000	      1368	800017dc	008b1033	sll	x0,x22,x8	 x22:0xa2c00000  x8:0x00000000
       13705000	      1369	800017e0	027cc063	blt	x25,x7,80001800	 x25:0xfffff969  x7:0x00000001
       13715000	      1370	00000000	00000013	addi	x0,x0,0	  x0:0x00000000
       13725000	      1371	800017fc	00000013	addi	x0,x0,0	  x0:0x00000000
       13735000	      1372	80001800	2112ff93	andi	x31,x5,529	  x5:0x00000001 x31=0x00000001
       13745000	      1373	80001804	000d3d33	sltu	x26,x26,x0	 x26:0x00000000  x0:0x00000000 x26=0x00000000
       13755000	      1374	80001808	025be863	bltu	x23,x5,80001838	 x23:0x00ffffff  x5:0x00000001
       13765000	      1375	8000180c	00f5f663	bgeu	x11,x15,80001818	 x11:0xfffffff8 x15:0x00000000
       13775000	      1376	00000000	00000013	addi	x0,x0,0	  x0:0x00000000
       13785000	      1377	80001814	00000013	addi	x0,x0,0	  x0:0x00000000
       13795000	      1378	80001818	eae5df17	auipc	x30,0xeae5d	 x30=0x6ae5e814
       13805000	      1379	8000181c	0394ea63	bltu	x9,x25,80001850	  x9:0x00000000 x25:0xfffff969
       13815000	      1380	00000000	00000013	addi	x0,x0,0	  x0:0x00000000
       13825000	      1381	8000184c	00000013	addi	x0,x0,0	  x0:0x00000000
       13835000	      1382	80001850	fedb0593	addi	x11,x22,-19	 x22:0xa2c00000 x11=0xa2bfffed
       13845000	      1383	80001854	00d25993	srli	x19,x4,0xd	  x4:0xaade67c0 x19=0x000556f3
       13855000	      1384	80001858	4b4ecb13	xori	x22,x29,1204	 x29:0x80009efc x22=0x80009a48
       13865000	      1385	8000185c	03594c63	blt	x18,x21,80001894	 x18:0x00000000 x21:0x00000001
       13875000	      1386	00000000	00000013	addi	x0,x0,0	  x0:0x00000000
       13885000	      1387	80001890	00000013	addi	x0,x0,0	  x0:0x00000000
       13895000	      1388	80001894	0160c8b3	xor	x17,x1,x22	  x1:0x00000000 x22:0x80009a48 x17=0x80009a48
       13905000	      1389	80001898	12ad8013	addi	x0,x27,298	 x27:0xffffff38
       13915000	      1390	8000189c	40c25c13	srai	x24,x4,0xc	  x4:0xaade67c0 x24=0xfffaade6
       13925000	      1391	800018a0	0079d833	srl	x16,x19,x7	 x19:0x000556f3  x7:0x00000001 x16=0x0002ab79
       13935000	      1392	800018a4	60ecfb37	lui	x22,0x60ecf	 x22=0x60ecf000
       13945000	      1393	800018a8	020a9863	bne	x21,x0,800018d8	 x21:0x00000001  x0:0x00000000
       13955000	      1394	00000000	00000013	addi	x0,x0,0	  x0:0x00000000
       13965000	      1395	800018d4	00000013	addi	x0,x0,0	  x0:0x00000000
       13975000	      1396	800018d8	00a5f7b3	and	x15,x11,x10	 x11:0xa2bfffed x10:0x80009fc4 x15=0x80009fc4
       13985000	      1397	800018dc	2c5ded93	ori	x27,x27,709	 x27:0xffffff38 x27=0xfffffffd
       13995000	      1398	800018e0	bfe36f13	ori	x30,x6,-1026	  x6:0x80009fc4 x30=0xfffffffe
       14005000	      1399	800018e4	00db1a33	sll	x20,x22,x13	 x22:0x60ecf000 x13:0xaade63b7 x20=0x00000000
       14015000	      1400	800018e8	04769063	bne	x13,x7,80001928	 x13:0xaade63b7  x7:0x00000001
       14025000	      1401	00000000	00000013	addi	x0,x0,0	  x0:0x00000000
       14035000	      1402	80001924	00000013	addi	x0,x0,0	  x0:0x00000000
       14045000	      1403	80001928	c8770813	addi	x16,x14,-889	 x14:0xffffffff x16=0xfffffc86
       14055000	      1404	8000192c	01f349b3	xor	x19,x6,x31	  x6:0x80009fc4 x31:0x00000001 x19=0x80009fc5
       14065000	      1405	80001930	017d3c33	sltu	x24,x26,x23	 x26:0x00000000 x23:0x00ffffff x24=0x00000001
       14075000	      1406	80001934	2bb02b13	slti	x22,x0,699	  x0:0x00000000 x22=0x00000001
       14085000	      1407	80001938	beadff93	andi	x31,x27,-1046	 x27:0xfffffffd x31=0xfffffbe8
       14095000	      1408	8000193c	40dfdfb3	sra	x31,x31,x13	 x31:0xfffffbe8 x13:0xaade63b7 x31=0xffffffff
       14105000	      1409	80001940	4036d933	sra	x18,x13,x3	 x13:0xaade63b7  x3:0x00000001 x18=0xd56f31db
       14115000	      1410	80001944	014fd793	srli	x15,x31,0x14	 x31:0xffffffff x15=0x00000fff
       14125000	      1411	80001948	003c1813	slli	x16,x24,0x3	 x24:0x00000001 x16=0x00000008
       14135000	      1412	8000194c	002de663	bltu	x27,x2,80001958	 x27:0xfffffffd  x2:0x00000006
       14145000	      1413	80001950	efddaf13	slti	x30,x27,-259	 x27:0xfffffffd x30=0x00000000
       14155000	      1414	80001954	01cd6bb3	or	x23,x26,x28	 x26:0x00000000 x28:0xec3ecebc x23=0xec3ecebc
       14165000	      1415	80001958	05136063	bltu	x6,x17,80001998	  x6:0x80009fc4 x17:0x80009a48
       14175000	      1416	8000195c	006e72b3	and	x5,x28,x6	 x28:0xec3ecebc  x6:0x80009fc4  x5=0x80008e84
       14185000	      1417	80001960	02817663	bgeu	x2,x8,8000198c	  x2:0x00000006  x8:0x00000000
       14195000	      1418	00000000	00000013	addi	x0,x0,0	  x0:0x00000000
       14205000	      1419	80001988	00000013	addi	x0,x0,0	  x0:0x00000000
       14215000	      1420	8000198c	201e3393	sltiu	x7,x28,513	 x28:0xec3ecebc  x7=0x00000000
       14225000	      1421	80001990	0cc834b7	lui	x9,0xcc83	  x9=0x0cc83000
       14235000	      1422	80001994	01961e63	bne	x12,x25,800019b0	 x12:0xec3ec828 x25:0xfffff969
       14245000	      1423	00000000	00000013	addi	x0,x0,0	  x0:0x00000000
       14255000	      1424	800019ac	00000013	addi	x0,x0,0	  x0:0x00000000
       14265000	      1425	800019b0	008094b3	sll	x9,x1,x8	  x1:0x00000000  x8:0x00000000  x9=0x00000000
       14275000	      1426	800019b4	01c31093	slli	x1,x6,0x1c	  x6:0x80009fc4  x1=0x40000000
       14285000	      1427	800019b8	83d35397	auipc	x7,0x83d35	  x7=0x03d369b4
       14295000	      1428	800019bc	02196663	bltu	x18,x1,800019e8	 x18:0xd56f31db  x1:0x40000000
       14305000	      1429	800019c0	0369d663	bge	x19,x22,800019ec	 x19:0x80009fc5 x22:0x00000001
       14315000	      1430	800019c4	008e7e63	bgeu	x28,x8,800019e0	 x28:0xec3ecebc  x8:0x00000000
       14325000	      1431	00000000	00000013	addi	x0,x0,0	  x0:0x00000000
       14335000	      1432	800019dc	00000013	addi	x0,x0,0	  x0:0x00000000
       14345000	      1433	800019e0	d7775c17	auipc	x24,0xd7775	 x24=0x577769dc
       14355000	      1434	800019e4	41b25733	sra	x14,x4,x27	  x4:0xaade67c0 x27:0xfffffffd x14=0xfffffffd
       14365000	      1435	800019e8	e9722193	slti	x3,x4,-361	  x4:0xaade67c0  x3=0x00000001
       14375000	      1436	800019ec	3155e293	ori	x5,x11,789	 x11:0xa2bfffed  x5=0xa2bffffd
       14385000	      1437	800019f0	00fd9463	bne	x27,x15,800019f8	 x27:0xfffffffd x15:0x00000fff
       14395000	      1438	00000000	00000013	addi	x0,x0,0	  x0:0x00000000
       14405000	      1439	800019f4	00000013	addi	x0,x0,0	  x0:0x00000000
       14415000	      1440	800019f8	a2ffcb93	xori	x23,x31,-1489	 x31:0xffffffff x23=0x000005d0
       14425000	      1441	800019fc	00000013	addi	x0,x0,0	  x0:0x00000000
       14435000	      1442	80001a00	0ba04113	xori	x2,x0,186	  x0:0x00000000  x2=0x000000ba
       14445000	      1443	80001a04	007de833	or	x16,x27,x7	 x27:0xfffffffd  x7:0x03d369b4 x16=0xfffffffd
       14455000	      1444	80001a08	0030fd33	and	x26,x1,x3	  x1:0x40000000  x3:0x00000001 x26=0x00000000
       14465000	      1445	80001a0c	02c14863	blt	x2,x12,80001a3c	  x2:0x000000ba x12:0xec3ec828
       14475000	      1446	80001a10	e3c27493	andi	x9,x4,-452	  x4:0xaade67c0  x9=0xaade6600
       14485000	      1447	80001a14	a48a8713	addi	x14,x21,-1464	 x21:0x00000001 x14=0xfffffa49
       14495000	      1448	80001a18	eae50013	addi	x0,x10,-338	 x10:0x80009fc4
       14505000	      1449	80001a1c	40c20db3	sub	x27,x4,x12	  x4:0xaade67c0 x12:0xec3ec828 x27=0xbe9f9f98
       14515000	      1450	80001a20	055f7793	andi	x15,x30,85	 x30:0x00000000 x15=0x00000000
       14525000	      1451	80001a24	00b89f13	slli	x30,x17,0xb	 x17:0x80009a48 x30=0x04d24000
       14535000	      1452	80001a28	00000013	addi	x0,x0,0	  x0:0x00000000
       14545000	      1453	80001a2c	11f82f17	auipc	x30,0x11f82	 x30=0x91f83a28
       14555000	      1454	80001a30	4035d693	srai	x13,x11,0x3	 x11:0xa2bfffed x13=0xf457fffd
       14565000	      1455	80001a34	00000013	addi	x0,x0,0	  x0:0x00000000
       14575000	      1456	80001a38	00c08633	add	x12,x1,x12	  x1:0x40000000 x12:0xec3ec828 x12=0x2c3ec828
       14585000	      1457	80001a3c	418e5a93	srai	x21,x28,0x18	 x28:0xec3ecebc x21=0xffffffec
       14595000	      1458	80001a40	416cdd93	srai	x27,x25,0x16	 x25:0xfffff969 x27=0xffffffff
       14605000	      1459	80001a44	12cf8993	addi	x19,x31,300	 x31:0xffffffff x19=0x0000012b
       14615000	      1460	80001a48	0ba8f863	bgeu	x17,x26,80001af8	 x17:0x80009a48 x26:0x00000000
       14625000	      1461	00000000	00000013	addi	x0,x0,0	  x0:0x00000000
       14635000	      1462	80001af4	00000013	addi	x0,x0,0	  x0:0x00000000
       14645000	      1463	80001af8	63670b93	addi	x23,x14,1590	 x14:0xfffffa49 x23=0x0000007f
       14655000	      1464	80001afc	00ae5c13	srli	x24,x28,0xa	 x28:0xec3ecebc x24=0x003b0fb3
       14665000	      1465	80001b00	053e7063	bgeu	x28,x19,80001b40	 x28:0xec3ecebc x19:0x0000012b
       14675000	      1466	00000000	00000013	addi	x0,x0,0	  x0:0x00000000
       14685000	      1467	80001b3c	00000013	addi	x0,x0,0	  x0:0x00000000
       14695000	      1468	80001b40	00115793	srli	x15,x2,0x1	  x2:0x000000ba x15=0x0000005d
       14705000	      1469	80001b44	01545233	srl	x4,x8,x21	  x8:0x00000000 x21:0xffffffec  x4=0x00000000
       14715000	      1470	80001b48	01650bb3	add	x23,x10,x22	 x10:0x80009fc4 x22:0x00000001 x23=0x80009fc5
       14725000	      1471	80001b4c	41e55a93	srai	x21,x10,0x1e	 x10:0x80009fc4 x21=0xfffffffe
       14735000	      1472	80001b50	004ea783	lw	x15,4(x29)	 x29:0x80009efc x15=0x80002d00 PA:0x80009f00
       14745000	      1473	80001b54	010ac6b3	xor	x13,x21,x16	 x21:0xfffffffe x16:0xfffffffd x13=0x00000003
       14755000	      1474	80001b58	040e8e93	addi	x29,x29,64	 x29:0x80009efc x29=0x80009f3c
       14765000	      1475	80001b5c	43ceaf93	slti	x31,x29,1084	 x29:0x80009f3c x31=0x00000001
       14775000	      1476	80001b60	009ea233	slt	x4,x29,x9	 x29:0x80009f3c  x9:0xaade6600  x4=0x00000001
       14785000	      1477	80001b64	6ef38113	addi	x2,x7,1775	  x7:0x03d369b4  x2=0x03d370a3
       14795000	      1478	80001b68	00178d13	addi	x26,x15,1	 x15:0x80002d00 x26=0x80002d01
       14805000	      1479	80001b6c	000d0d67	jalr	x26,x26,0	 x26:0x80002d01 x26=0x80001b6c
       14815000	      1480	00000000	00000013	addi	x0,x0,0	  x0:0x00000000
       14825000	      1481	80002d00	00000013	addi	x0,x0,0	  x0:0x00000000
       14835000	      1482	80002d04	a1cc8613	addi	x12,x25,-1508	 x25:0xfffff969 x12=0xfffff385
       14845000	      1483	80002d08	fffff197	auipc	x3,0xfffff	  x3=0x80001d04
       14855000	      1484	80002d0c	e6818193	addi	x3,x3,-408	  x3:0x80001d04  x3=0x80001b6c
       14865000	      1485	80002d10	5b124713	xori	x14,x4,1457	  x4:0x00000001 x14=0x000005b0
       14875000	      1486	80002d14	f8e18193	addi	x3,x3,-114	  x3:0x80001b6c  x3=0x80001afa
       14885000	      1487	80002d18	d409ab93	slti	x23,x19,-704	 x19:0x0000012b x23=0x00000000
       14895000	      1488	80002d1c	016b1293	slli	x5,x22,0x16	 x22:0x00000001  x5=0x00400000
       14905000	      1489	80002d20	0159d133	srl	x2,x19,x21	 x19:0x0000012b x21:0xfffffffe  x2=0x00000000
       14915000	      1490	80002d24	005d3433	sltu	x8,x26,x5	 x26:0x80001b6c  x5:0x00400000  x8=0x00000000
       14925000	      1491	80002d28	0097a233	slt	x4,x15,x9	 x15:0x80002d00  x9:0xaade6600  x4=0x00000001
       14935000	      1492	80002d2c	072187e7	jalr	x15,x3,114	  x3:0x80001afa x15=0x80002d2c
       14945000	      1493	00000000	00000013	addi	x0,x0,0	  x0:0x00000000
       14955000	      1494	80001b6c	00000013	addi	x0,x0,0	  x0:0x00000000
       14965000	      1495	80001b70	01b27463	bgeu	x4,x27,80001b78	  x4:0x00000001 x27:0xffffffff
       14975000	      1496	80001b74	9890c293	xori	x5,x1,-1655	  x1:0x40000000  x5=0xbffff989
       14985000	      1497	80001b78	ff0e8e93	addi	x29,x29,-16	 x29:0x80009f3c x29=0x80009f2c
       14995000	      1498	80001b7c	01b7fcb3	and	x25,x15,x27	 x15:0x80002d2c x27:0xffffffff x25=0x80002d2c
       15005000	      1499	80001b80	29ca7093	andi	x1,x20,668	 x20:0x00000000  x1=0x00000000
       15015000	      1500	80001b84	0143c0b3	xor	x1,x7,x20	  x7:0x03d369b4 x20:0x00000000  x1=0x03d369b4
       15025000	      1501	80001b88	00fea223	sw	x15,4(x29)	 x29:0x80009f2c x15:0x80002d2c PA:0x80009f30
       15035000	      1502	80001b8c	9f45a193	slti	x3,x11,-1548	 x11:0xa2bfffed  x3=0x00000001
       15045000	      1503	80001b90	001dd1b3	srl	x3,x27,x1	 x27:0xffffffff  x1:0x03d369b4  x3=0x00000fff
       15055000	      1504	80001b94	00000013	addi	x0,x0,0	  x0:0x00000000
       15065000	      1505	80001b98	01a42f33	slt	x30,x8,x26	  x8:0x00000000 x26:0x80001b6c x30=0x00000000
       15075000	      1506	80001b9c	008989b3	add	x19,x19,x8	 x19:0x0000012b  x8:0x00000000 x19=0x0000012b
       15085000	      1507	80001ba0	00300313	addi	x6,x0,3	  x0:0x00000000  x6=0x00000003
       15095000	      1508	80001ba4	bc88b593	sltiu	x11,x17,-1080	 x17:0x80009a48 x11=0x00000001
       15105000	      1509	80001ba8	014af1b3	and	x3,x21,x20	 x21:0xfffffffe x20:0x00000000  x3=0x00000000
       15115000	      1510	80001bac	004cb8b3	sltu	x17,x25,x4	 x25:0x80002d2c  x4:0x00000001 x17=0x00000000
       15125000	      1511	80001bb0	d29655b7	lui	x11,0xd2965	 x11=0xd2965000
       15135000	      1512	80001bb4	00ca6633	or	x12,x20,x12	 x20:0x00000000 x12:0xfffff385 x12=0xfffff385
       15145000	      1513	80001bb8	40065693	srai	x13,x12,0x0	 x12:0xfffff385 x13=0xfffff385
       15155000	      1514	80001bbc	00a4a7b3	slt	x15,x9,x10	  x9:0xaade6600 x10:0x80009fc4 x15=0x00000000
       15165000	      1515	80001bc0	11f1f093	andi	x1,x3,287	  x3:0x00000000  x1=0x00000000
       15175000	      1516	80001bc4	0166b9b3	sltu	x19,x13,x22	 x13:0xfffff385 x22:0x00000001 x19=0x00000000
       15185000	      1517	80001bc8	00d57633	and	x12,x10,x13	 x10:0x80009fc4 x13:0xfffff385 x12=0x80009384
       15195000	      1518	80001bcc	00bb79b3	and	x19,x22,x11	 x22:0x00000001 x11:0xd2965000 x19=0x00000000
       15205000	      1519	80001bd0	2722e013	ori	x0,x5,626	  x5:0xbffff989
       15215000	      1520	80001bd4	005687b3	add	x15,x13,x5	 x13:0xfffff385  x5:0xbffff989 x15=0xbfffed0e
       15225000	      1521	80001bd8	30f33293	sltiu	x5,x6,783	  x6:0x00000003  x5=0x00000001
       15235000	      1522	80001bdc	00000013	addi	x0,x0,0	  x0:0x00000000
       15245000	      1523	80001be0	00900b13	addi	x22,x0,9	  x0:0x00000000 x22=0x00000009
       15255000	      1524	80001be4	00241c13	slli	x24,x8,0x2	  x8:0x00000000 x24=0x00000000
       15265000	      1525	80001be8	893cdc37	lui	x24,0x893cd	 x24=0x893cd000
       15275000	      1526	80001bec	50b4a913	slti	x18,x9,1291	  x9:0xaade6600 x18=0x00000001
       15285000	      1527	80001bf0	41d6da13	srai	x20,x13,0x1d	 x13:0xfffff385 x20=0xffffffff
       15295000	      1528	80001bf4	401c8133	sub	x2,x25,x1	 x25:0x80002d2c  x1:0x00000000  x2=0x80002d2c
       15305000	      1529	80001bf8	f525ff93	andi	x31,x11,-174	 x11:0xd2965000 x31=0xd2965000
       15315000	      1530	80001bfc	016f6a33	or	x20,x30,x22	 x30:0x00000000 x22:0x00000009 x20=0x00000009
       15325000	      1531	80001c00	00130313	addi	x6,x6,1	  x6:0x00000003  x6=0x00000004
       15335000	      1532	80001c04	417cd093	srai	x1,x25,0x17	 x25:0x80002d2c  x1=0xffffff00
       15345000	      1533	80001c08	412fd833	sra	x16,x31,x18	 x31:0xd2965000 x18:0x00000001 x16=0xe94b2800
       15355000	      1534	80001c0c	011155b3	srl	x11,x2,x17	  x2:0x80002d2c x17:0x00000000 x11=0x80002d2c
       15365000	      1535	80001c10	fd631ce3	bne	x6,x22,80001be8	  x6:0x00000004 x22:0x00000009
       15375000	      1536	00000000	00000013	addi	x0,x0,0	  x0:0x00000000
       15385000	      1537	80001be4	00000013	addi	x0,x0,0	  x0:0x00000000
       15395000	      1538	80001be8	893cdc37	lui	x24,0x893cd	 x24=0x893cd000
       15405000	      1539	80001bec	50b4a913	slti	x18,x9,1291	  x9:0xaade6600 x18=0x00000001
       15415000	      1540	80001bf0	41d6da13	srai	x20,x13,0x1d	 x13:0xfffff385 x20=0xffffffff
       15425000	      1541	80001bf4	401c8133	sub	x2,x25,x1	 x25:0x80002d2c  x1:0xffffff00  x2=0x80002e2c
       15435000	      1542	80001bf8	f525ff93	andi	x31,x11,-174	 x11:0x80002d2c x31=0x80002d00
       15445000	      1543	80001bfc	016f6a33	or	x20,x30,x22	 x30:0x00000000 x22:0x00000009 x20=0x00000009
       15455000	      1544	80001c00	00130313	addi	x6,x6,1	  x6:0x00000004  x6=0x00000005
       15465000	      1545	80001c04	417cd093	srai	x1,x25,0x17	 x25:0x80002d2c  x1=0xffffff00
       15475000	      1546	80001c08	412fd833	sra	x16,x31,x18	 x31:0x80002d00 x18:0x00000001 x16=0xc0001680
       15485000	      1547	80001c0c	011155b3	srl	x11,x2,x17	  x2:0x80002e2c x17:0x00000000 x11=0x80002e2c
       15495000	      1548	80001c10	fd631ce3	bne	x6,x22,80001be8	  x6:0x00000005 x22:0x00000009
       15505000	      1549	00000000	00000013	addi	x0,x0,0	  x0:0x00000000
       15515000	      1550	80001be4	00000013	addi	x0,x0,0	  x0:0x00000000
       15525000	      1551	80001be8	893cdc37	lui	x24,0x893cd	 x24=0x893cd000
       15535000	      1552	80001bec	50b4a913	slti	x18,x9,1291	  x9:0xaade6600 x18=0x00000001
       15545000	      1553	80001bf0	41d6da13	srai	x20,x13,0x1d	 x13:0xfffff385 x20=0xffffffff
       15555000	      1554	80001bf4	401c8133	sub	x2,x25,x1	 x25:0x80002d2c  x1:0xffffff00  x2=0x80002e2c
       15565000	      1555	80001bf8	f525ff93	andi	x31,x11,-174	 x11:0x80002e2c x31=0x80002e00
       15575000	      1556	80001bfc	016f6a33	or	x20,x30,x22	 x30:0x00000000 x22:0x00000009 x20=0x00000009
       15585000	      1557	80001c00	00130313	addi	x6,x6,1	  x6:0x00000005  x6=0x00000006
       15595000	      1558	80001c04	417cd093	srai	x1,x25,0x17	 x25:0x80002d2c  x1=0xffffff00
       15605000	      1559	80001c08	412fd833	sra	x16,x31,x18	 x31:0x80002e00 x18:0x00000001 x16=0xc0001700
       15615000	      1560	80001c0c	011155b3	srl	x11,x2,x17	  x2:0x80002e2c x17:0x00000000 x11=0x80002e2c
       15625000	      1561	80001c10	fd631ce3	bne	x6,x22,80001be8	  x6:0x00000006 x22:0x00000009
       15635000	      1562	00000000	00000013	addi	x0,x0,0	  x0:0x00000000
       15645000	      1563	80001be4	00000013	addi	x0,x0,0	  x0:0x00000000
       15655000	      1564	80001be8	893cdc37	lui	x24,0x893cd	 x24=0x893cd000
       15665000	      1565	80001bec	50b4a913	slti	x18,x9,1291	  x9:0xaade6600 x18=0x00000001
       15675000	      1566	80001bf0	41d6da13	srai	x20,x13,0x1d	 x13:0xfffff385 x20=0xffffffff
       15685000	      1567	80001bf4	401c8133	sub	x2,x25,x1	 x25:0x80002d2c  x1:0xffffff00  x2=0x80002e2c
       15695000	      1568	80001bf8	f525ff93	andi	x31,x11,-174	 x11:0x80002e2c x31=0x80002e00
       15705000	      1569	80001bfc	016f6a33	or	x20,x30,x22	 x30:0x00000000 x22:0x00000009 x20=0x00000009
       15715000	      1570	80001c00	00130313	addi	x6,x6,1	  x6:0x00000006  x6=0x00000007
       15725000	      1571	80001c04	417cd093	srai	x1,x25,0x17	 x25:0x80002d2c  x1=0xffffff00
       15735000	      1572	80001c08	412fd833	sra	x16,x31,x18	 x31:0x80002e00 x18:0x00000001 x16=0xc0001700
       15745000	      1573	80001c0c	011155b3	srl	x11,x2,x17	  x2:0x80002e2c x17:0x00000000 x11=0x80002e2c
       15755000	      1574	80001c10	fd631ce3	bne	x6,x22,80001be8	  x6:0x00000007 x22:0x00000009
       15765000	      1575	00000000	00000013	addi	x0,x0,0	  x0:0x00000000
       15775000	      1576	80001be4	00000013	addi	x0,x0,0	  x0:0x00000000
       15785000	      1577	80001be8	893cdc37	lui	x24,0x893cd	 x24=0x893cd000
       15795000	      1578	80001bec	50b4a913	slti	x18,x9,1291	  x9:0xaade6600 x18=0x00000001
       15805000	      1579	80001bf0	41d6da13	srai	x20,x13,0x1d	 x13:0xfffff385 x20=0xffffffff
       15815000	      1580	80001bf4	401c8133	sub	x2,x25,x1	 x25:0x80002d2c  x1:0xffffff00  x2=0x80002e2c
       15825000	      1581	80001bf8	f525ff93	andi	x31,x11,-174	 x11:0x80002e2c x31=0x80002e00
       15835000	      1582	80001bfc	016f6a33	or	x20,x30,x22	 x30:0x00000000 x22:0x00000009 x20=0x00000009
       15845000	      1583	80001c00	00130313	addi	x6,x6,1	  x6:0x00000007  x6=0x00000008
       15855000	      1584	80001c04	417cd093	srai	x1,x25,0x17	 x25:0x80002d2c  x1=0xffffff00
       15865000	      1585	80001c08	412fd833	sra	x16,x31,x18	 x31:0x80002e00 x18:0x00000001 x16=0xc0001700
       15875000	      1586	80001c0c	011155b3	srl	x11,x2,x17	  x2:0x80002e2c x17:0x00000000 x11=0x80002e2c
       15885000	      1587	80001c10	fd631ce3	bne	x6,x22,80001be8	  x6:0x00000008 x22:0x00000009
       15895000	      1588	00000000	00000013	addi	x0,x0,0	  x0:0x00000000
       15905000	      1589	80001be4	00000013	addi	x0,x0,0	  x0:0x00000000
       15915000	      1590	80001be8	893cdc37	lui	x24,0x893cd	 x24=0x893cd000
       15925000	      1591	80001bec	50b4a913	slti	x18,x9,1291	  x9:0xaade6600 x18=0x00000001
       15935000	      1592	80001bf0	41d6da13	srai	x20,x13,0x1d	 x13:0xfffff385 x20=0xffffffff
       15945000	      1593	80001bf4	401c8133	sub	x2,x25,x1	 x25:0x80002d2c  x1:0xffffff00  x2=0x80002e2c
       15955000	      1594	80001bf8	f525ff93	andi	x31,x11,-174	 x11:0x80002e2c x31=0x80002e00
       15965000	      1595	80001bfc	016f6a33	or	x20,x30,x22	 x30:0x00000000 x22:0x00000009 x20=0x00000009
       15975000	      1596	80001c00	00130313	addi	x6,x6,1	  x6:0x00000008  x6=0x00000009
       15985000	      1597	80001c04	417cd093	srai	x1,x25,0x17	 x25:0x80002d2c  x1=0xffffff00
       15995000	      1598	80001c08	412fd833	sra	x16,x31,x18	 x31:0x80002e00 x18:0x00000001 x16=0xc0001700
       16005000	      1599	80001c0c	011155b3	srl	x11,x2,x17	  x2:0x80002e2c x17:0x00000000 x11=0x80002e2c
       16015000	      1600	80001c10	fd631ce3	bne	x6,x22,80001be8	  x6:0x00000009 x22:0x00000009
       16025000	      1601	80001c14	008b4d33	xor	x26,x22,x8	 x22:0x00000009  x8:0x00000000 x26=0x00000009
       16035000	      1602	80001c18	00700393	addi	x7,x0,7	  x0:0x00000000  x7=0x00000007
       16045000	      1603	80001c1c	5ca12713	slti	x14,x2,1482	  x2:0x80002e2c x14=0x00000001
       16055000	      1604	80001c20	b224f093	andi	x1,x9,-1246	  x9:0xaade6600  x1=0xaade6200
       16065000	      1605	80001c24	00c695b3	sll	x11,x13,x12	 x13:0xfffff385 x12:0x80009384 x11=0xffff3850
       16075000	      1606	80001c28	002b66b3	or	x13,x22,x2	 x22:0x00000009  x2:0x80002e2c x13=0x80002e2d
       16085000	      1607	80001c2c	632a30b7	lui	x1,0x632a3	  x1=0x632a3000
       16095000	      1608	80001c30	41470cb3	sub	x25,x14,x20	 x14:0x00000001 x20:0x00000009 x25=0xfffffff8
       16105000	      1609	80001c34	d885cb93	xori	x23,x11,-632	 x11:0xffff3850 x23=0x0000c5d8
       16115000	      1610	80001c38	40340733	sub	x14,x8,x3	  x8:0x00000000  x3:0x00000000 x14=0x00000000
       16125000	      1611	80001c3c	01da1a33	sll	x20,x20,x29	 x20:0x00000009 x29:0x80009f2c x20=0x00009000
       16135000	      1612	80001c40	00770fb3	add	x31,x14,x7	 x14:0x00000000  x7:0x00000007 x31=0x00000007
       16145000	      1613	80001c44	01000493	addi	x9,x0,16	  x0:0x00000000  x9=0x00000010
       16155000	      1614	80001c48	00000013	addi	x0,x0,0	  x0:0x00000000
       16165000	      1615	80001c4c	01009193	slli	x3,x1,0x10	  x1:0x632a3000  x3=0x30000000
       16175000	      1616	80001c50	010188b3	add	x17,x3,x16	  x3:0x30000000 x16:0xc0001700 x17=0xf0001700
       16185000	      1617	80001c54	01af1913	slli	x18,x30,0x1a	 x30:0x00000000 x18=0x00000000
       16195000	      1618	80001c58	9d46f637	lui	x12,0x9d46f	 x12=0x9d46f000
       16205000	      1619	80001c5c	5b24adb7	lui	x27,0x5b24a	 x27=0x5b24a000
       16215000	      1620	80001c60	01062b33	slt	x22,x12,x16	 x12:0x9d46f000 x16:0xc0001700 x22=0x00000001
       16225000	      1621	80001c64	01284733	xor	x14,x16,x18	 x16:0xc0001700 x18:0x00000000 x14=0xc0001700
       16235000	      1622	80001c68	0173f333	and	x6,x7,x23	  x7:0x00000007 x23:0x0000c5d8  x6=0x00000000
       16245000	      1623	80001c6c	00938393	addi	x7,x7,9	  x7:0x00000007  x7=0x00000010
       16255000	      1624	80001c70	19f30a93	addi	x21,x6,415	  x6:0x00000000 x21=0x0000019f
       16265000	      1625	80001c74	01f5b0b3	sltu	x1,x11,x31	 x11:0xffff3850 x31:0x00000007  x1=0x00000000
       16275000	      1626	80001c78	01253133	sltu	x2,x10,x18	 x10:0x80009fc4 x18:0x00000000  x2=0x00000000
       16285000	      1627	80001c7c	7254ec37	lui	x24,0x7254e	 x24=0x7254e000
       16295000	      1628	80001c80	012cd2b3	srl	x5,x25,x18	 x25:0xfffffff8 x18:0x00000000  x5=0xfffffff8
       16305000	      1629	80001c84	fe9390e3	bne	x7,x9,80001c64	  x7:0x00000010  x9:0x00000010
       16315000	      1630	80001c88	01d18f33	add	x30,x3,x29	  x3:0x30000000 x29:0x80009f2c x30=0xb0009f2c
       16325000	      1631	80001c8c	00a00f13	addi	x30,x0,10	  x0:0x00000000 x30=0x0000000a
       16335000	      1632	80001c90	00000013	addi	x0,x0,0	  x0:0x00000000
       16345000	      1633	80001c94	01f580b3	add	x1,x11,x31	 x11:0xffff3850 x31:0x00000007  x1=0xffff3857
       16355000	      1634	80001c98	0160f933	and	x18,x1,x22	  x1:0xffff3857 x22:0x00000001 x18=0x00000001
       16365000	      1635	80001c9c	00700493	addi	x9,x0,7	  x0:0x00000000  x9=0x00000007
       16375000	      1636	80001ca0	8292b813	sltiu	x16,x5,-2007	  x5:0xfffffff8 x16=0x00000000
       16385000	      1637	80001ca4	00cc9d33	sll	x26,x25,x12	 x25:0xfffffff8 x12:0x9d46f000 x26=0xfffffff8
       16395000	      1638	80001ca8	ffef0f13	addi	x30,x30,-2	 x30:0x0000000a x30=0x00000008
       16405000	      1639	80001cac	41785893	srai	x17,x16,0x17	 x16:0x00000000 x17=0x00000000
       16415000	      1640	80001cb0	90f8bb93	sltiu	x23,x17,-1777	 x17:0x00000000 x23=0x00000001
       16425000	      1641	80001cb4	0082d893	srli	x17,x5,0x8	  x5:0xfffffff8 x17=0x00ffffff
       16435000	      1642	80001cb8	4109d593	srai	x11,x19,0x10	 x19:0x00000000 x11=0x00000000
       16445000	      1643	80001cbc	0043a0b3	slt	x1,x7,x4	  x7:0x00000010  x4:0x00000001  x1=0x00000000
       16455000	      1644	80001cc0	00916033	or	x0,x2,x9	  x2:0x00000000  x9:0x00000007
       16465000	      1645	80001cc4	01e4da33	srl	x20,x9,x30	  x9:0x00000007 x30:0x00000008 x20=0x00000000
       16475000	      1646	80001cc8	004fa7b3	slt	x15,x31,x4	 x31:0x00000007  x4:0x00000001 x15=0x00000000
       16485000	      1647	80001ccc	cc338a93	addi	x21,x7,-829	  x7:0x00000010 x21=0xfffffcd3
       16495000	      1648	80001cd0	fc9f78e3	bgeu	x30,x9,80001ca0	 x30:0x00000008  x9:0x00000007
       16505000	      1649	00000000	00000013	addi	x0,x0,0	  x0:0x00000000
       16515000	      1650	80001c9c	00000013	addi	x0,x0,0	  x0:0x00000000
       16525000	      1651	80001ca0	8292b813	sltiu	x16,x5,-2007	  x5:0xfffffff8 x16=0x00000000
       16535000	      1652	80001ca4	00cc9d33	sll	x26,x25,x12	 x25:0xfffffff8 x12:0x9d46f000 x26=0xfffffff8
       16545000	      1653	80001ca8	ffef0f13	addi	x30,x30,-2	 x30:0x00000008 x30=0x00000006
       16555000	      1654	80001cac	41785893	srai	x17,x16,0x17	 x16:0x00000000 x17=0x00000000
       16565000	      1655	80001cb0	90f8bb93	sltiu	x23,x17,-1777	 x17:0x00000000 x23=0x00000001
       16575000	      1656	80001cb4	0082d893	srli	x17,x5,0x8	  x5:0xfffffff8 x17=0x00ffffff
       16585000	      1657	80001cb8	4109d593	srai	x11,x19,0x10	 x19:0x00000000 x11=0x00000000
       16595000	      1658	80001cbc	0043a0b3	slt	x1,x7,x4	  x7:0x00000010  x4:0x00000001  x1=0x00000000
       16605000	      1659	80001cc0	00916033	or	x0,x2,x9	  x2:0x00000000  x9:0x00000007
       16615000	      1660	80001cc4	01e4da33	srl	x20,x9,x30	  x9:0x00000007 x30:0x00000006 x20=0x00000000
       16625000	      1661	80001cc8	004fa7b3	slt	x15,x31,x4	 x31:0x00000007  x4:0x00000001 x15=0x00000000
       16635000	      1662	80001ccc	cc338a93	addi	x21,x7,-829	  x7:0x00000010 x21=0xfffffcd3
       16645000	      1663	80001cd0	fc9f78e3	bgeu	x30,x9,80001ca0	 x30:0x00000006  x9:0x00000007
       16655000	      1664	80001cd4	00fd6d33	or	x26,x26,x15	 x26:0xfffffff8 x15:0x00000000 x26=0xfffffff8
       16665000	      1665	80001cd8	00700c93	addi	x25,x0,7	  x0:0x00000000 x25=0x00000007
       16675000	      1666	80001cdc	41678633	sub	x12,x15,x22	 x15:0x00000000 x22:0x00000001 x12=0xffffffff
       16685000	      1667	80001ce0	0052dd33	srl	x26,x5,x5	  x5:0xfffffff8  x5:0xfffffff8 x26=0x000000ff
       16695000	      1668	80001ce4	a96e6313	ori	x6,x28,-1386	 x28:0xec3ecebc  x6=0xfffffebe
       16705000	      1669	80001ce8	e2416693	ori	x13,x2,-476	  x2:0x00000000 x13=0xfffffe24
       16715000	      1670	80001cec	b9bf63b7	lui	x7,0xb9bf6	  x7=0xb9bf6000
       16725000	      1671	80001cf0	0e0d8493	addi	x9,x27,224	 x27:0x5b24a000  x9=0x5b24a0e0
       16735000	      1672	80001cf4	3f882a13	slti	x20,x16,1016	 x16:0x00000000 x20=0x00000001
       16745000	      1673	80001cf8	019432b3	sltu	x5,x8,x25	  x8:0x00000000 x25:0x00000007  x5=0x00000001
       16755000	      1674	80001cfc	84cf2193	slti	x3,x30,-1972	 x30:0x00000006  x3=0x00000000
       16765000	      1675	80001d00	00020933	add	x18,x4,x0	  x4:0x00000001  x0:0x00000000 x18=0x00000001
       16775000	      1676	80001d04	fed00213	addi	x4,x0,-19	  x0:0x00000000  x4=0xffffffed
       16785000	      1677	80001d08	00525333	srl	x6,x4,x5	  x4:0xffffffed  x5:0x00000001  x6=0x7ffffff6
       16795000	      1678	80001d0c	d2a0f293	andi	x5,x1,-726	  x1:0x00000000  x5=0x00000000
       16805000	      1679	80001d10	41720bb3	sub	x23,x4,x23	  x4:0xffffffed x23:0x00000001 x23=0xffffffec
       16815000	      1680	80001d14	e529bfb7	lui	x31,0xe529b	 x31=0xe529b000
       16825000	      1681	80001d18	001f22b3	slt	x5,x30,x1	 x30:0x00000006  x1:0x00000000  x5=0x00000000
       16835000	      1682	80001d1c	ff6c8c93	addi	x25,x25,-10	 x25:0x00000007 x25=0xfffffffd
       16845000	      1683	80001d20	01814133	xor	x2,x2,x24	  x2:0x00000000 x24:0x7254e000  x2=0x7254e000
       16855000	      1684	80001d24	fe4cd6e3	bge	x25,x4,80001d10	 x25:0xfffffffd  x4:0xffffffed
       16865000	      1685	00000000	00000013	addi	x0,x0,0	  x0:0x00000000
       16875000	      1686	80001d0c	00000013	addi	x0,x0,0	  x0:0x00000000
       16885000	      1687	80001d10	41720bb3	sub	x23,x4,x23	  x4:0xffffffed x23:0xffffffec x23=0x00000001
       16895000	      1688	80001d14	e529bfb7	lui	x31,0xe529b	 x31=0xe529b000
       16905000	      1689	80001d18	001f22b3	slt	x5,x30,x1	 x30:0x00000006  x1:0x00000000  x5=0x00000000
       16915000	      1690	80001d1c	ff6c8c93	addi	x25,x25,-10	 x25:0xfffffffd x25=0xfffffff3
       16925000	      1691	80001d20	01814133	xor	x2,x2,x24	  x2:0x7254e000 x24:0x7254e000  x2=0x00000000
       16935000	      1692	80001d24	fe4cd6e3	bge	x25,x4,80001d10	 x25:0xfffffff3  x4:0xffffffed
       16945000	      1693	00000000	00000013	addi	x0,x0,0	  x0:0x00000000
       16955000	      1694	80001d0c	00000013	addi	x0,x0,0	  x0:0x00000000
       16965000	      1695	80001d10	41720bb3	sub	x23,x4,x23	  x4:0xffffffed x23:0x00000001 x23=0xffffffec
       16975000	      1696	80001d14	e529bfb7	lui	x31,0xe529b	 x31=0xe529b000
       16985000	      1697	80001d18	001f22b3	slt	x5,x30,x1	 x30:0x00000006  x1:0x00000000  x5=0x00000000
       16995000	      1698	80001d1c	ff6c8c93	addi	x25,x25,-10	 x25:0xfffffff3 x25=0xffffffe9
       17005000	      1699	80001d20	01814133	xor	x2,x2,x24	  x2:0x00000000 x24:0x7254e000  x2=0x7254e000
       17015000	      1700	80001d24	fe4cd6e3	bge	x25,x4,80001d10	 x25:0xffffffe9  x4:0xffffffed
       17025000	      1701	80001d28	40f68a33	sub	x20,x13,x15	 x13:0xfffffe24 x15:0x00000000 x20=0xfffffe24
       17035000	      1702	80001d2c	ffc00693	addi	x13,x0,-4	  x0:0x00000000 x13=0xfffffffc
       17045000	      1703	80001d30	4081d2b3	sra	x5,x3,x8	  x3:0x00000000  x8:0x00000000  x5=0x00000000
       17055000	      1704	80001d34	0133dd13	srli	x26,x7,0x13	  x7:0xb9bf6000 x26=0x00001737
       17065000	      1705	80001d38	01543cb3	sltu	x25,x8,x21	  x8:0x00000000 x21:0xfffffcd3 x25=0x00000001
       17075000	      1706	80001d3c	00f00713	addi	x14,x0,15	  x0:0x00000000 x14=0x0000000f
       17085000	      1707	80001d40	01aa8133	add	x2,x21,x26	 x21:0xfffffcd3 x26:0x00001737  x2=0x0000140a
       17095000	      1708	80001d44	007eacb3	slt	x25,x29,x7	 x29:0x80009f2c  x7:0xb9bf6000 x25=0x00000001
       17105000	      1709	80001d48	4b987493	andi	x9,x16,1209	 x16:0x00000000  x9=0x00000000
       17115000	      1710	80001d4c	6ffd6db7	lui	x27,0x6ffd6	 x27=0x6ffd6000
       17125000	      1711	80001d50	00868693	addi	x13,x13,8	 x13:0xfffffffc x13=0x00000004
       17135000	      1712	80001d54	1752ed13	ori	x26,x5,373	  x5:0x00000000 x26=0x00000175
       17145000	      1713	80001d58	405a5393	srai	x7,x20,0x5	 x20:0xfffffe24  x7=0xfffffff1
       17155000	      1714	80001d5c	fee6c6e3	blt	x13,x14,80001d48	 x13:0x00000004 x14:0x0000000f
       17165000	      1715	00000000	00000013	addi	x0,x0,0	  x0:0x00000000
       17175000	      1716	80001d44	00000013	addi	x0,x0,0	  x0:0x00000000
       17185000	      1717	80001d48	4b987493	andi	x9,x16,1209	 x16:0x00000000  x9=0x00000000
       17195000	      1718	80001d4c	6ffd6db7	lui	x27,0x6ffd6	 x27=0x6ffd6000
       17205000	      1719	80001d50	00868693	addi	x13,x13,8	 x13:0x00000004 x13=0x0000000c
       17215000	      1720	80001d54	1752ed13	ori	x26,x5,373	  x5:0x00000000 x26=0x00000175
       17225000	      1721	80001d58	405a5393	srai	x7,x20,0x5	 x20:0xfffffe24  x7=0xfffffff1
       17235000	      1722	80001d5c	fee6c6e3	blt	x13,x14,80001d48	 x13:0x0000000c x14:0x0000000f
       17245000	      1723	00000000	00000013	addi	x0,x0,0	  x0:0x00000000
       17255000	      1724	80001d44	00000013	addi	x0,x0,0	  x0:0x00000000
       17265000	      1725	80001d48	4b987493	andi	x9,x16,1209	 x16:0x00000000  x9=0x00000000
       17275000	      1726	80001d4c	6ffd6db7	lui	x27,0x6ffd6	 x27=0x6ffd6000
       17285000	      1727	80001d50	00868693	addi	x13,x13,8	 x13:0x0000000c x13=0x00000014
       17295000	      1728	80001d54	1752ed13	ori	x26,x5,373	  x5:0x00000000 x26=0x00000175
       17305000	      1729	80001d58	405a5393	srai	x7,x20,0x5	 x20:0xfffffe24  x7=0xfffffff1
       17315000	      1730	80001d5c	fee6c6e3	blt	x13,x14,80001d48	 x13:0x00000014 x14:0x0000000f
       17325000	      1731	80001d60	403d8d33	sub	x26,x27,x3	 x27:0x6ffd6000  x3:0x00000000 x26=0x6ffd6000
       17335000	      1732	80001d64	00700213	addi	x4,x0,7	  x0:0x00000000  x4=0x00000007
       17345000	      1733	80001d68	00900293	addi	x5,x0,9	  x0:0x00000000  x5=0x00000009
       17355000	      1734	80001d6c	00000013	addi	x0,x0,0	  x0:0x00000000
       17365000	      1735	80001d70	00000013	addi	x0,x0,0	  x0:0x00000000
       17375000	      1736	80001d74	00a20213	addi	x4,x4,10	  x4:0x00000007  x4=0x00000011
       17385000	      1737	80001d78	00f31f93	slli	x31,x6,0xf	  x6:0x7ffffff6 x31=0xfffb0000
       17395000	      1738	80001d7c	ff700093	addi	x1,x0,-9	  x0:0x00000000  x1=0xfffffff7
       17405000	      1739	80001d80	bc2b7713	andi	x14,x22,-1086	 x22:0x00000001 x14=0x00000000
       17415000	      1740	80001d84	01200913	addi	x18,x0,18	  x0:0x00000000 x18=0x00000012
       17425000	      1741	80001d88	0d6f88b7	lui	x17,0xd6f8	 x17=0x0d6f8000
       17435000	      1742	80001d8c	01ceba33	sltu	x20,x29,x28	 x29:0x80009f2c x28:0xec3ecebc x20=0x00000001
       17445000	      1743	80001d90	002defb3	or	x31,x27,x2	 x27:0x6ffd6000  x2:0x0000140a x31=0x6ffd740a
       17455000	      1744	80001d94	00808093	addi	x1,x1,8	  x1:0xfffffff7  x1=0xffffffff
       17465000	      1745	80001d98	2f724f93	xori	x31,x4,759	  x4:0x00000011 x31=0x000002e6
       17475000	      1746	80001d9c	96760317	auipc	x6,0x96760	  x6=0x16761d98
       17485000	      1747	80001da0	ff20e4e3	bltu	x1,x18,80001d88	  x1:0xffffffff x18:0x00000012
       17495000	      1748	80001da4	fc5266e3	bltu	x4,x5,80001d70	  x4:0x00000011  x5:0x00000009
       17505000	      1749	80001da8	4834ed13	ori	x26,x9,1155	  x9:0x00000000 x26=0x00000483
       17515000	      1750	80001dac	00200c13	addi	x24,x0,2	  x0:0x00000000 x24=0x00000002
       17525000	      1751	80001db0	00e00113	addi	x2,x0,14	  x0:0x00000000  x2=0x0000000e
       17535000	      1752	80001db4	e6634a93	xori	x21,x6,-410	  x6:0x16761d98 x21=0xe989e3fe
       17545000	      1753	80001db8	004c0c13	addi	x24,x24,4	 x24:0x00000002 x24=0x00000006
       17555000	      1754	80001dbc	00a00393	addi	x7,x0,10	  x0:0x00000000  x7=0x0000000a
       17565000	      1755	80001dc0	007c61b3	or	x3,x24,x7	 x24:0x00000006  x7:0x0000000a  x3=0x0000000e
       17575000	      1756	80001dc4	01200893	addi	x17,x0,18	  x0:0x00000000 x17=0x00000012
       17585000	      1757	80001dc8	83e5e237	lui	x4,0x83e5e	  x4=0x83e5e000
       17595000	      1758	80001dcc	00838393	addi	x7,x7,8	  x7:0x0000000a  x7=0x00000012
       17605000	      1759	80001dd0	014d2933	slt	x18,x26,x20	 x26:0x00000483 x20:0x00000001 x18=0x00000000
       17615000	      1760	80001dd4	ff139ae3	bne	x7,x17,80001dc8	  x7:0x00000012 x17:0x00000012
       17625000	      1761	80001dd8	fc2c1ee3	bne	x24,x2,80001db4	 x24:0x00000006  x2:0x0000000e
       17635000	      1762	00000000	00000013	addi	x0,x0,0	  x0:0x00000000
       17645000	      1763	80001db0	00000013	addi	x0,x0,0	  x0:0x00000000
       17655000	      1764	80001db4	e6634a93	xori	x21,x6,-410	  x6:0x16761d98 x21=0xe989e3fe
       17665000	      1765	80001db8	004c0c13	addi	x24,x24,4	 x24:0x00000006 x24=0x0000000a
       17675000	      1766	80001dbc	00a00393	addi	x7,x0,10	  x0:0x00000000  x7=0x0000000a
       17685000	      1767	80001dc0	007c61b3	or	x3,x24,x7	 x24:0x0000000a  x7:0x0000000a  x3=0x0000000a
       17695000	      1768	80001dc4	01200893	addi	x17,x0,18	  x0:0x00000000 x17=0x00000012
       17705000	      1769	80001dc8	83e5e237	lui	x4,0x83e5e	  x4=0x83e5e000
       17715000	      1770	80001dcc	00838393	addi	x7,x7,8	  x7:0x0000000a  x7=0x00000012
       17725000	      1771	80001dd0	014d2933	slt	x18,x26,x20	 x26:0x00000483 x20:0x00000001 x18=0x00000000
       17735000	      1772	80001dd4	ff139ae3	bne	x7,x17,80001dc8	  x7:0x00000012 x17:0x00000012
       17745000	      1773	80001dd8	fc2c1ee3	bne	x24,x2,80001db4	 x24:0x0000000a  x2:0x0000000e
       17755000	      1774	00000000	00000013	addi	x0,x0,0	  x0:0x00000000
       17765000	      1775	80001db0	00000013	addi	x0,x0,0	  x0:0x00000000
       17775000	      1776	80001db4	e6634a93	xori	x21,x6,-410	  x6:0x16761d98 x21=0xe989e3fe
       17785000	      1777	80001db8	004c0c13	addi	x24,x24,4	 x24:0x0000000a x24=0x0000000e
       17795000	      1778	80001dbc	00a00393	addi	x7,x0,10	  x0:0x00000000  x7=0x0000000a
       17805000	      1779	80001dc0	007c61b3	or	x3,x24,x7	 x24:0x0000000e  x7:0x0000000a  x3=0x0000000e
       17815000	      1780	80001dc4	01200893	addi	x17,x0,18	  x0:0x00000000 x17=0x00000012
       17825000	      1781	80001dc8	83e5e237	lui	x4,0x83e5e	  x4=0x83e5e000
       17835000	      1782	80001dcc	00838393	addi	x7,x7,8	  x7:0x0000000a  x7=0x00000012
       17845000	      1783	80001dd0	014d2933	slt	x18,x26,x20	 x26:0x00000483 x20:0x00000001 x18=0x00000000
       17855000	      1784	80001dd4	ff139ae3	bne	x7,x17,80001dc8	  x7:0x00000012 x17:0x00000012
       17865000	      1785	80001dd8	fc2c1ee3	bne	x24,x2,80001db4	 x24:0x0000000e  x2:0x0000000e
       17875000	      1786	80001ddc	e25ac017	auipc	x0,0xe25ac	
       17885000	      1787	80001de0	00700f13	addi	x30,x0,7	  x0:0x00000000 x30=0x00000007
       17895000	      1788	80001de4	00000013	addi	x0,x0,0	  x0:0x00000000
       17905000	      1789	80001de8	038cf113	andi	x2,x25,56	 x25:0x00000001  x2=0x00000000
       17915000	      1790	80001dec	009f1793	slli	x15,x30,0x9	 x30:0x00000007 x15=0x00000e00
       17925000	      1791	80001df0	0070b4b3	sltu	x9,x1,x7	  x1:0xffffffff  x7:0x00000012  x9=0x00000000
       17935000	      1792	80001df4	01eb4b33	xor	x22,x22,x30	 x22:0x00000001 x30:0x00000007 x22=0x00000006
       17945000	      1793	80001df8	01300093	addi	x1,x0,19	  x0:0x00000000  x1=0x00000013
       17955000	      1794	80001dfc	00a41db3	sll	x27,x8,x10	  x8:0x00000000 x10:0x80009fc4 x27=0x00000000
       17965000	      1795	80001e00	001698b3	sll	x17,x13,x1	 x13:0x00000014  x1:0x00000013 x17=0x00a00000
       17975000	      1796	80001e04	408e09b3	sub	x19,x28,x8	 x28:0xec3ecebc  x8:0x00000000 x19=0xec3ecebc
       17985000	      1797	80001e08	01222fb3	slt	x31,x4,x18	  x4:0x83e5e000 x18:0x00000000 x31=0x00000001
       17995000	      1798	80001e0c	0168bfb3	sltu	x31,x17,x22	 x17:0x00a00000 x22:0x00000006 x31=0x00000000
       18005000	      1799	80001e10	be8a3593	sltiu	x11,x20,-1048	 x20:0x00000001 x11=0x00000001
       18015000	      1800	80001e14	415e0933	sub	x18,x28,x21	 x28:0xec3ecebc x21:0xe989e3fe x18=0x02b4eabe
       18025000	      1801	80001e18	01badc93	srli	x25,x21,0x1b	 x21:0xe989e3fe x25=0x0000001d
       18035000	      1802	80001e1c	40dfd493	srai	x9,x31,0xd	 x31:0x00000000  x9=0x00000000
       18045000	      1803	80001e20	0031e213	ori	x4,x3,3	  x3:0x0000000e  x4=0x0000000f
       18055000	      1804	80001e24	00000013	addi	x0,x0,0	  x0:0x00000000
       18065000	      1805	80001e28	008f9d33	sll	x26,x31,x8	 x31:0x00000000  x8:0x00000000 x26=0x00000000
       18075000	      1806	80001e2c	01efb333	sltu	x6,x31,x30	 x31:0x00000000 x30:0x00000007  x6=0x00000001
       18085000	      1807	80001e30	0167dd33	srl	x26,x15,x22	 x15:0x00000e00 x22:0x00000006 x26=0x00000038
       18095000	      1808	80001e34	a85e0393	addi	x7,x28,-1403	 x28:0xec3ecebc  x7=0xec3ec941
       18105000	      1809	80001e38	004f0f13	addi	x30,x30,4	 x30:0x00000007 x30=0x0000000b
       18115000	      1810	80001e3c	229d3d93	sltiu	x27,x26,553	 x26:0x00000038 x27=0x00000001
       18125000	      1811	80001e40	91c7a293	slti	x5,x15,-1764	 x15:0x00000e00  x5=0x00000000
       18135000	      1812	80001e44	41d80033	sub	x0,x16,x29	 x16:0x00000000 x29:0x80009f2c
       18145000	      1813	80001e48	753e3813	sltiu	x16,x28,1875	 x28:0xec3ecebc x16=0x00000000
       18155000	      1814	80001e4c	fa1f4ee3	blt	x30,x1,80001e08	 x30:0x0000000b  x1:0x00000013
       18165000	      1815	00000000	00000013	addi	x0,x0,0	  x0:0x00000000
       18175000	      1816	80001e04	00000013	addi	x0,x0,0	  x0:0x00000000
       18185000	      1817	80001e08	01222fb3	slt	x31,x4,x18	  x4:0x0000000f x18:0x02b4eabe x31=0x00000001
       18195000	      1818	80001e0c	0168bfb3	sltu	x31,x17,x22	 x17:0x00a00000 x22:0x00000006 x31=0x00000000
       18205000	      1819	80001e10	be8a3593	sltiu	x11,x20,-1048	 x20:0x00000001 x11=0x00000001
       18215000	      1820	80001e14	415e0933	sub	x18,x28,x21	 x28:0xec3ecebc x21:0xe989e3fe x18=0x02b4eabe
       18225000	      1821	80001e18	01badc93	srli	x25,x21,0x1b	 x21:0xe989e3fe x25=0x0000001d
       18235000	      1822	80001e1c	40dfd493	srai	x9,x31,0xd	 x31:0x00000000  x9=0x00000000
       18245000	      1823	80001e20	0031e213	ori	x4,x3,3	  x3:0x0000000e  x4=0x0000000f
       18255000	      1824	80001e24	00000013	addi	x0,x0,0	  x0:0x00000000
       18265000	      1825	80001e28	008f9d33	sll	x26,x31,x8	 x31:0x00000000  x8:0x00000000 x26=0x00000000
       18275000	      1826	80001e2c	01efb333	sltu	x6,x31,x30	 x31:0x00000000 x30:0x0000000b  x6=0x00000001
       18285000	      1827	80001e30	0167dd33	srl	x26,x15,x22	 x15:0x00000e00 x22:0x00000006 x26=0x00000038
       18295000	      1828	80001e34	a85e0393	addi	x7,x28,-1403	 x28:0xec3ecebc  x7=0xec3ec941
       18305000	      1829	80001e38	004f0f13	addi	x30,x30,4	 x30:0x0000000b x30=0x0000000f
       18315000	      1830	80001e3c	229d3d93	sltiu	x27,x26,553	 x26:0x00000038 x27=0x00000001
       18325000	      1831	80001e40	91c7a293	slti	x5,x15,-1764	 x15:0x00000e00  x5=0x00000000
       18335000	      1832	80001e44	41d80033	sub	x0,x16,x29	 x16:0x00000000 x29:0x80009f2c
       18345000	      1833	80001e48	753e3813	sltiu	x16,x28,1875	 x28:0xec3ecebc x16=0x00000000
       18355000	      1834	80001e4c	fa1f4ee3	blt	x30,x1,80001e08	 x30:0x0000000f  x1:0x00000013
       18365000	      1835	00000000	00000013	addi	x0,x0,0	  x0:0x00000000
       18375000	      1836	80001e04	00000013	addi	x0,x0,0	  x0:0x00000000
       18385000	      1837	80001e08	01222fb3	slt	x31,x4,x18	  x4:0x0000000f x18:0x02b4eabe x31=0x00000001
       18395000	      1838	80001e0c	0168bfb3	sltu	x31,x17,x22	 x17:0x00a00000 x22:0x00000006 x31=0x00000000
       18405000	      1839	80001e10	be8a3593	sltiu	x11,x20,-1048	 x20:0x00000001 x11=0x00000001
       18415000	      1840	80001e14	415e0933	sub	x18,x28,x21	 x28:0xec3ecebc x21:0xe989e3fe x18=0x02b4eabe
       18425000	      1841	80001e18	01badc93	srli	x25,x21,0x1b	 x21:0xe989e3fe x25=0x0000001d
       18435000	      1842	80001e1c	40dfd493	srai	x9,x31,0xd	 x31:0x00000000  x9=0x00000000
       18445000	      1843	80001e20	0031e213	ori	x4,x3,3	  x3:0x0000000e  x4=0x0000000f
       18455000	      1844	80001e24	00000013	addi	x0,x0,0	  x0:0x00000000
       18465000	      1845	80001e28	008f9d33	sll	x26,x31,x8	 x31:0x00000000  x8:0x00000000 x26=0x00000000
       18475000	      1846	80001e2c	01efb333	sltu	x6,x31,x30	 x31:0x00000000 x30:0x0000000f  x6=0x00000001
       18485000	      1847	80001e30	0167dd33	srl	x26,x15,x22	 x15:0x00000e00 x22:0x00000006 x26=0x00000038
       18495000	      1848	80001e34	a85e0393	addi	x7,x28,-1403	 x28:0xec3ecebc  x7=0xec3ec941
       18505000	      1849	80001e38	004f0f13	addi	x30,x30,4	 x30:0x0000000f x30=0x00000013
       18515000	      1850	80001e3c	229d3d93	sltiu	x27,x26,553	 x26:0x00000038 x27=0x00000001
       18525000	      1851	80001e40	91c7a293	slti	x5,x15,-1764	 x15:0x00000e00  x5=0x00000000
       18535000	      1852	80001e44	41d80033	sub	x0,x16,x29	 x16:0x00000000 x29:0x80009f2c
       18545000	      1853	80001e48	753e3813	sltiu	x16,x28,1875	 x28:0xec3ecebc x16=0x00000000
       18555000	      1854	80001e4c	fa1f4ee3	blt	x30,x1,80001e08	 x30:0x00000013  x1:0x00000013
       18565000	      1855	80001e50	01559313	slli	x6,x11,0x15	 x11:0x00000001  x6=0x00200000
       18575000	      1856	80001e54	00500493	addi	x9,x0,5	  x0:0x00000000  x9=0x00000005
       18585000	      1857	80001e58	a71a2793	slti	x15,x20,-1423	 x20:0x00000001 x15=0x00000000
       18595000	      1858	80001e5c	00000013	addi	x0,x0,0	  x0:0x00000000
       18605000	      1859	80001e60	8b332413	slti	x8,x6,-1869	  x6:0x00200000  x8=0x00000000
       18615000	      1860	80001e64	01300593	addi	x11,x0,19	  x0:0x00000000 x11=0x00000013
       18625000	      1861	80001e68	017b0b33	add	x22,x22,x23	 x22:0x00000006 x23:0xffffffec x22=0xfffffff2
       18635000	      1862	80001e6c	00200733	add	x14,x0,x2	  x0:0x00000000  x2:0x00000000 x14=0x00000000
       18645000	      1863	80001e70	32f2ef13	ori	x30,x5,815	  x5:0x00000000 x30=0x0000032f
       18655000	      1864	80001e74	00448493	addi	x9,x9,4	  x9:0x00000005  x9=0x00000009
       18665000	      1865	80001e78	01070833	add	x16,x14,x16	 x14:0x00000000 x16:0x00000000 x16=0x00000000
       18675000	      1866	80001e7c	01925ab3	srl	x21,x4,x25	  x4:0x0000000f x25:0x0000001d x21=0x00000000
       18685000	      1867	80001e80	8e7e7213	andi	x4,x28,-1817	 x28:0xec3ecebc  x4=0xec3ec8a4
       18695000	      1868	80001e84	feb4e4e3	bltu	x9,x11,80001e6c	  x9:0x00000009 x11:0x00000013
       18705000	      1869	00000000	00000013	addi	x0,x0,0	  x0:0x00000000
       18715000	      1870	80001e68	00000013	addi	x0,x0,0	  x0:0x00000000
       18725000	      1871	80001e6c	00200733	add	x14,x0,x2	  x0:0x00000000  x2:0x00000000 x14=0x00000000
       18735000	      1872	80001e70	32f2ef13	ori	x30,x5,815	  x5:0x00000000 x30=0x0000032f
       18745000	      1873	80001e74	00448493	addi	x9,x9,4	  x9:0x00000009  x9=0x0000000d
       18755000	      1874	80001e78	01070833	add	x16,x14,x16	 x14:0x00000000 x16:0x00000000 x16=0x00000000
       18765000	      1875	80001e7c	01925ab3	srl	x21,x4,x25	  x4:0xec3ec8a4 x25:0x0000001d x21=0x00000007
       18775000	      1876	80001e80	8e7e7213	andi	x4,x28,-1817	 x28:0xec3ecebc  x4=0xec3ec8a4
       18785000	      1877	80001e84	feb4e4e3	bltu	x9,x11,80001e6c	  x9:0x0000000d x11:0x00000013
       18795000	      1878	00000000	00000013	addi	x0,x0,0	  x0:0x00000000
       18805000	      1879	80001e68	00000013	addi	x0,x0,0	  x0:0x00000000
       18815000	      1880	80001e6c	00200733	add	x14,x0,x2	  x0:0x00000000  x2:0x00000000 x14=0x00000000
       18825000	      1881	80001e70	32f2ef13	ori	x30,x5,815	  x5:0x00000000 x30=0x0000032f
       18835000	      1882	80001e74	00448493	addi	x9,x9,4	  x9:0x0000000d  x9=0x00000011
       18845000	      1883	80001e78	01070833	add	x16,x14,x16	 x14:0x00000000 x16:0x00000000 x16=0x00000000
       18855000	      1884	80001e7c	01925ab3	srl	x21,x4,x25	  x4:0xec3ec8a4 x25:0x0000001d x21=0x00000007
       18865000	      1885	80001e80	8e7e7213	andi	x4,x28,-1817	 x28:0xec3ecebc  x4=0xec3ec8a4
       18875000	      1886	80001e84	feb4e4e3	bltu	x9,x11,80001e6c	  x9:0x00000011 x11:0x00000013
       18885000	      1887	00000000	00000013	addi	x0,x0,0	  x0:0x00000000
       18895000	      1888	80001e68	00000013	addi	x0,x0,0	  x0:0x00000000
       18905000	      1889	80001e6c	00200733	add	x14,x0,x2	  x0:0x00000000  x2:0x00000000 x14=0x00000000
       18915000	      1890	80001e70	32f2ef13	ori	x30,x5,815	  x5:0x00000000 x30=0x0000032f
       18925000	      1891	80001e74	00448493	addi	x9,x9,4	  x9:0x00000011  x9=0x00000015
       18935000	      1892	80001e78	01070833	add	x16,x14,x16	 x14:0x00000000 x16:0x00000000 x16=0x00000000
       18945000	      1893	80001e7c	01925ab3	srl	x21,x4,x25	  x4:0xec3ec8a4 x25:0x0000001d x21=0x00000007
       18955000	      1894	80001e80	8e7e7213	andi	x4,x28,-1817	 x28:0xec3ecebc  x4=0xec3ec8a4
       18965000	      1895	80001e84	feb4e4e3	bltu	x9,x11,80001e6c	  x9:0x00000015 x11:0x00000013
       18975000	      1896	80001e88	00ebb233	sltu	x4,x23,x14	 x23:0xffffffec x14:0x00000000  x4=0x00000000
       18985000	      1897	80001e8c	ffb00d13	addi	x26,x0,-5	  x0:0x00000000 x26=0xfffffffb
       18995000	      1898	80001e90	51c8f997	auipc	x19,0x51c8f	 x19=0xd1c90e8c
       19005000	      1899	80001e94	9e0eb213	sltiu	x4,x29,-1568	 x29:0x80009f2c  x4=0x00000001
       19015000	      1900	80001e98	01895b33	srl	x22,x18,x24	 x18:0x02b4eabe x24:0x0000000e x22=0x00000ad3
       19025000	      1901	80001e9c	0016f9b3	and	x19,x13,x1	 x13:0x00000014  x1:0x00000013 x19=0x00000010
       19035000	      1902	80001ea0	00b00d93	addi	x27,x0,11	  x0:0x00000000 x27=0x0000000b
       19045000	      1903	80001ea4	01c23133	sltu	x2,x4,x28	  x4:0x00000001 x28:0xec3ecebc  x2=0x00000001
       19055000	      1904	80001ea8	009f3833	sltu	x16,x30,x9	 x30:0x0000032f  x9:0x00000015 x16=0x00000000
       19065000	      1905	80001eac	01779893	slli	x17,x15,0x17	 x15:0x00000000 x17=0x00000000
       19075000	      1906	80001eb0	00000013	addi	x0,x0,0	  x0:0x00000000
       19085000	      1907	80001eb4	0123f333	and	x6,x7,x18	  x7:0xec3ec941 x18:0x02b4eabe  x6=0x0034c800
       19095000	      1908	80001eb8	01c9e4b3	or	x9,x19,x28	 x19:0x00000010 x28:0xec3ecebc  x9=0xec3ecebc
       19105000	      1909	80001ebc	00b491b3	sll	x3,x9,x11	  x9:0xec3ecebc x11:0x00000013  x3=0x75e00000
       19115000	      1910	80001ec0	00ffcc33	xor	x24,x31,x15	 x31:0x00000000 x15:0x00000000 x24=0x00000000
       19125000	      1911	80001ec4	0038b5b3	sltu	x11,x17,x3	 x17:0x00000000  x3:0x75e00000 x11=0x00000001
       19135000	      1912	80001ec8	006d0d13	addi	x26,x26,6	 x26:0xfffffffb x26=0x00000001
       19145000	      1913	80001ecc	bb1dbb13	sltiu	x22,x27,-1103	 x27:0x0000000b x22=0x00000001
       19155000	      1914	80001ed0	bacbf4b7	lui	x9,0xbacbf	  x9=0xbacbf000
       19165000	      1915	80001ed4	0158e2b3	or	x5,x17,x21	 x17:0x00000000 x21:0x00000007  x5=0x00000007
       19175000	      1916	80001ed8	ffbd44e3	blt	x26,x27,80001ec0	 x26:0x00000001 x27:0x0000000b
       19185000	      1917	00000000	00000013	addi	x0,x0,0	  x0:0x00000000
       19195000	      1918	80001ebc	00000013	addi	x0,x0,0	  x0:0x00000000
       19205000	      1919	80001ec0	00ffcc33	xor	x24,x31,x15	 x31:0x00000000 x15:0x00000000 x24=0x00000000
       19215000	      1920	80001ec4	0038b5b3	sltu	x11,x17,x3	 x17:0x00000000  x3:0x75e00000 x11=0x00000001
       19225000	      1921	80001ec8	006d0d13	addi	x26,x26,6	 x26:0x00000001 x26=0x00000007
       19235000	      1922	80001ecc	bb1dbb13	sltiu	x22,x27,-1103	 x27:0x0000000b x22=0x00000001
       19245000	      1923	80001ed0	bacbf4b7	lui	x9,0xbacbf	  x9=0xbacbf000
       19255000	      1924	80001ed4	0158e2b3	or	x5,x17,x21	 x17:0x00000000 x21:0x00000007  x5=0x00000007
       19265000	      1925	80001ed8	ffbd44e3	blt	x26,x27,80001ec0	 x26:0x00000007 x27:0x0000000b
       19275000	      1926	00000000	00000013	addi	x0,x0,0	  x0:0x00000000
       19285000	      1927	80001ebc	00000013	addi	x0,x0,0	  x0:0x00000000
       19295000	      1928	80001ec0	00ffcc33	xor	x24,x31,x15	 x31:0x00000000 x15:0x00000000 x24=0x00000000
       19305000	      1929	80001ec4	0038b5b3	sltu	x11,x17,x3	 x17:0x00000000  x3:0x75e00000 x11=0x00000001
       19315000	      1930	80001ec8	006d0d13	addi	x26,x26,6	 x26:0x00000007 x26=0x0000000d
       19325000	      1931	80001ecc	bb1dbb13	sltiu	x22,x27,-1103	 x27:0x0000000b x22=0x00000001
       19335000	      1932	80001ed0	bacbf4b7	lui	x9,0xbacbf	  x9=0xbacbf000
       19345000	      1933	80001ed4	0158e2b3	or	x5,x17,x21	 x17:0x00000000 x21:0x00000007  x5=0x00000007
       19355000	      1934	80001ed8	ffbd44e3	blt	x26,x27,80001ec0	 x26:0x0000000d x27:0x0000000b
       19365000	      1935	80001edc	b0bdcc93	xori	x25,x27,-1269	 x27:0x0000000b x25=0xfffffb00
       19375000	      1936	80001ee0	05c50063	beq	x10,x28,80001f20	 x10:0x80009fc4 x28:0xec3ecebc
       19385000	      1937	80001ee4	00cbf3b3	and	x7,x23,x12	 x23:0xffffffec x12:0xffffffff  x7=0xffffffec
       19395000	      1938	80001ee8	8db0ec13	ori	x24,x1,-1829	  x1:0x00000013 x24=0xfffff8db
       19405000	      1939	80001eec	00f65b13	srli	x22,x12,0xf	 x12:0xffffffff x22=0x0001ffff
       19415000	      1940	80001ef0	018f6cb3	or	x25,x30,x24	 x30:0x0000032f x24:0xfffff8db x25=0xfffffbff
       19425000	      1941	80001ef4	e9afaf13	slti	x30,x31,-358	 x31:0x00000000 x30=0x00000000
       19435000	      1942	80001ef8	00000013	addi	x0,x0,0	  x0:0x00000000
       19445000	      1943	80001efc	03eb6e63	bltu	x22,x30,80001f38	 x22:0x0001ffff x30:0x00000000
       19455000	      1944	80001f00	00601013	slli	x0,x0,0x6	  x0:0x00000000
       19465000	      1945	80001f04	01255c33	srl	x24,x10,x18	 x10:0x80009fc4 x18:0x02b4eabe x24=0x00000002
       19475000	      1946	80001f08	2efac793	xori	x15,x21,751	 x21:0x00000007 x15=0x000002e8
       19485000	      1947	80001f0c	010ad0b3	srl	x1,x21,x16	 x21:0x00000007 x16:0x00000000  x1=0x00000007
       19495000	      1948	80001f10	e6a33a13	sltiu	x20,x6,-406	  x6:0x0034c800 x20=0x00000001
       19505000	      1949	80001f14	020d6e63	bltu	x26,x0,80001f50	 x26:0x0000000d  x0:0x00000000
       19515000	      1950	80001f18	41e2d7b3	sra	x15,x5,x30	  x5:0x00000007 x30:0x00000000 x15=0x00000007
       19525000	      1951	80001f1c	c8b98c93	addi	x25,x19,-885	 x19:0x00000010 x25=0xfffffc9b
       19535000	      1952	80001f20	41035193	srai	x3,x6,0x10	  x6:0x0034c800  x3=0x00000034
       19545000	      1953	80001f24	99f6e813	ori	x16,x13,-1633	 x13:0x00000014 x16=0xfffff99f
       19555000	      1954	80001f28	02581663	bne	x16,x5,80001f54	 x16:0xfffff99f  x5:0x00000007
       19565000	      1955	00000000	00000013	addi	x0,x0,0	  x0:0x00000000
       19575000	      1956	80001f50	00000013	addi	x0,x0,0	  x0:0x00000000
       19585000	      1957	80001f54	01f58133	add	x2,x11,x31	 x11:0x00000001 x31:0x00000000  x2=0x00000001
       19595000	      1958	80001f58	014b89b3	add	x19,x23,x20	 x23:0xffffffec x20:0x00000001 x19=0xffffffed
       19605000	      1959	80001f5c	00ad7233	and	x4,x26,x10	 x26:0x0000000d x10:0x80009fc4  x4=0x00000004
       19615000	      1960	80001f60	0134afb3	slt	x31,x9,x19	  x9:0xbacbf000 x19:0xffffffed x31=0x00000001
       19625000	      1961	80001f64	0057df33	srl	x30,x15,x5	 x15:0x00000007  x5:0x00000007 x30=0x00000000
       19635000	      1962	80001f68	404f5d33	sra	x26,x30,x4	 x30:0x00000000  x4:0x00000004 x26=0x00000000
       19645000	      1963	80001f6c	40570d33	sub	x26,x14,x5	 x14:0x00000000  x5:0x00000007 x26=0xfffffff9
       19655000	      1964	80001f70	69502393	slti	x7,x0,1685	  x0:0x00000000  x7=0x00000001
       19665000	      1965	80001f74	414e8033	sub	x0,x29,x20	 x29:0x80009f2c x20:0x00000001
       19675000	      1966	80001f78	8c83c393	xori	x7,x7,-1848	  x7:0x00000001  x7=0xfffff8c9
       19685000	      1967	80001f7c	01fc9593	slli	x11,x25,0x1f	 x25:0xfffffc9b x11=0x80000000
       19695000	      1968	80001f80	05855263	bge	x10,x24,80001fc4	 x10:0x80009fc4 x24:0x00000002
       19705000	      1969	80001f84	01574933	xor	x18,x14,x21	 x14:0x00000000 x21:0x00000007 x18=0x00000007
       19715000	      1970	80001f88	40e0da33	sra	x20,x1,x14	  x1:0x00000007 x14:0x00000000 x20=0x00000007
       19725000	      1971	80001f8c	406dd3b3	sra	x7,x27,x6	 x27:0x0000000b  x6:0x0034c800  x7=0x0000000b
       19735000	      1972	80001f90	4205f793	andi	x15,x11,1056	 x11:0x80000000 x15=0x00000000
       19745000	      1973	80001f94	005661b3	or	x3,x12,x5	 x12:0xffffffff  x5:0x00000007  x3=0xffffffff
       19755000	      1974	80001f98	4155d413	srai	x8,x11,0x15	 x11:0x80000000  x8=0xfffffc00
       19765000	      1975	80001f9c	00000013	addi	x0,x0,0	  x0:0x00000000
       19775000	      1976	80001fa0	ef4cf013	andi	x0,x25,-268	 x25:0xfffffc9b
       19785000	      1977	80001fa4	00a6de63	bge	x13,x10,80001fc0	 x13:0x00000014 x10:0x80009fc4
       19795000	      1978	00000000	00000013	addi	x0,x0,0	  x0:0x00000000
       19805000	      1979	80001fbc	00000013	addi	x0,x0,0	  x0:0x00000000
       19815000	      1980	80001fc0	01b6df93	srli	x31,x13,0x1b	 x13:0x00000014 x31=0x00000000
       19825000	      1981	80001fc4	013562b3	or	x5,x10,x19	 x10:0x80009fc4 x19:0xffffffed  x5=0xffffffed
       19835000	      1982	80001fc8	0086bab3	sltu	x21,x13,x8	 x13:0x00000014  x8:0xfffffc00 x21=0x00000001
       19845000	      1983	80001fcc	01c0d893	srli	x17,x1,0x1c	  x1:0x00000007 x17=0x00000000
       19855000	      1984	80001fd0	01ec51b3	srl	x3,x24,x30	 x24:0x00000002 x30:0x00000000  x3=0x00000002
       19865000	      1985	80001fd4	0208ea63	bltu	x17,x0,80002008	 x17:0x00000000  x0:0x00000000
       19875000	      1986	80001fd8	042c7863	bgeu	x24,x2,80002028	 x24:0x00000002  x2:0x00000001
       19885000	      1987	00000000	00000013	addi	x0,x0,0	  x0:0x00000000
       19895000	      1988	80002024	00000013	addi	x0,x0,0	  x0:0x00000000
       19905000	      1989	80002028	00ecf4b3	and	x9,x25,x14	 x25:0xfffffc9b x14:0x00000000  x9=0x00000000
       19915000	      1990	8000202c	0151f633	and	x12,x3,x21	  x3:0x00000002 x21:0x00000001 x12=0x00000000
       19925000	      1991	80002030	0a2d8263	beq	x27,x2,800020d4	 x27:0x0000000b  x2:0x00000001
       19935000	      1992	80002034	e228aa13	slti	x20,x17,-478	 x17:0x00000000 x20=0x00000000
       19945000	      1993	80002038	fe78e013	ori	x0,x17,-25	 x17:0x00000000
       19955000	      1994	8000203c	414c5233	sra	x4,x24,x20	 x24:0x00000002 x20:0x00000000  x4=0x00000002
       19965000	      1995	80002040	0bd75263	bge	x14,x29,800020e4	 x14:0x00000000 x29:0x80009f2c
       19975000	      1996	00000000	00000013	addi	x0,x0,0	  x0:0x00000000
       19985000	      1997	800020e0	00000013	addi	x0,x0,0	  x0:0x00000000
       19995000	      1998	800020e4	019fd693	srli	x13,x31,0x19	 x31:0x00000000 x13=0x00000000
       20005000	      1999	800020e8	01819933	sll	x18,x3,x24	  x3:0x00000002 x24:0x00000002 x18=0x00000008
       20015000	      2000	800020ec	1b95ab93	slti	x23,x11,441	 x11:0x80000000 x23=0x00000001
       20025000	      2001	800020f0	407bd893	srai	x17,x23,0x7	 x23:0x00000001 x17=0x00000000
       20035000	      2002	800020f4	00e6b3b3	sltu	x7,x13,x14	 x13:0x00000000 x14:0x00000000  x7=0x00000000
       20045000	      2003	800020f8	002cd813	srli	x16,x25,0x2	 x25:0xfffffc9b x16=0x3fffff26
       20055000	      2004	800020fc	03b0e663	bltu	x1,x27,80002128	  x1:0x00000007 x27:0x0000000b
       20065000	      2005	00000000	00000013	addi	x0,x0,0	  x0:0x00000000
       20075000	      2006	80002124	00000013	addi	x0,x0,0	  x0:0x00000000
       20085000	      2007	80002128	0080e733	or	x14,x1,x8	  x1:0x00000007  x8:0xfffffc00 x14=0xfffffc07
       20095000	      2008	8000212c	403c80b3	sub	x1,x25,x3	 x25:0xfffffc9b  x3:0x00000002  x1=0xfffffc99
       20105000	      2009	80002130	03f75463	bge	x14,x31,80002158	 x14:0xfffffc07 x31:0x00000000
       20115000	      2010	80002134	017bd233	srl	x4,x23,x23	 x23:0x00000001 x23:0x00000001  x4=0x00000000
       20125000	      2011	80002138	00398733	add	x14,x19,x3	 x19:0xffffffed  x3:0x00000002 x14=0xffffffef
       20135000	      2012	8000213c	005f3b33	sltu	x22,x30,x5	 x30:0x00000000  x5:0xffffffed x22=0x00000001
       20145000	      2013	80002140	05385263	bge	x16,x19,80002184	 x16:0x3fffff26 x19:0xffffffed
       20155000	      2014	00000000	00000013	addi	x0,x0,0	  x0:0x00000000
       20165000	      2015	80002180	00000013	addi	x0,x0,0	  x0:0x00000000
       20175000	      2016	80002184	86cd6313	ori	x6,x26,-1940	 x26:0xfffffff9  x6=0xfffffffd
       20185000	      2017	80002188	41b38033	sub	x0,x7,x27	  x7:0x00000000 x27:0x0000000b
       20195000	      2018	8000218c	03c86e63	bltu	x16,x28,800021c8	 x16:0x3fffff26 x28:0xec3ecebc
       20205000	      2019	00000000	00000013	addi	x0,x0,0	  x0:0x00000000
       20215000	      2020	800021c4	00000013	addi	x0,x0,0	  x0:0x00000000
       20225000	      2021	800021c8	7c15b413	sltiu	x8,x11,1985	 x11:0x80000000  x8=0x00000000
       20235000	      2022	800021cc	0f01c013	xori	x0,x3,240	  x3:0x00000002
       20245000	      2023	800021d0	02614863	blt	x2,x6,80002200	  x2:0x00000001  x6:0xfffffffd
       20255000	      2024	800021d4	01f369b3	or	x19,x6,x31	  x6:0xfffffffd x31:0x00000000 x19=0xfffffffd
       20265000	      2025	800021d8	00b4af33	slt	x30,x9,x11	  x9:0x00000000 x11:0x80000000 x30=0x00000000
       20275000	      2026	800021dc	01899fb3	sll	x31,x19,x24	 x19:0xfffffffd x24:0x00000002 x31=0xfffffff4
       20285000	      2027	800021e0	00296db3	or	x27,x18,x2	 x18:0x00000008  x2:0x00000001 x27=0x00000009
       20295000	      2028	800021e4	0195e6b3	or	x13,x11,x25	 x11:0x80000000 x25:0xfffffc9b x13=0xfffffc9b
       20305000	      2029	800021e8	58758613	addi	x12,x11,1415	 x11:0x80000000 x12=0x80000587
       20315000	      2030	800021ec	41ab88b3	sub	x17,x23,x26	 x23:0x00000001 x26:0xfffffff9 x17=0x00000008
       20325000	      2031	800021f0	015f1413	slli	x8,x30,0x15	 x30:0x00000000  x8=0x00000000
       20335000	      2032	800021f4	01b5d833	srl	x16,x11,x27	 x11:0x80000000 x27:0x00000009 x16=0x00400000
       20345000	      2033	800021f8	012b4133	xor	x2,x22,x18	 x22:0x00000001 x18:0x00000008  x2=0x00000009
       20355000	      2034	800021fc	27574a13	xori	x20,x14,629	 x14:0xffffffef x20=0xfffffd9a
       20365000	      2035	80002200	311fbf13	sltiu	x30,x31,785	 x31:0xfffffff4 x30=0x00000000
       20375000	      2036	80002204	04570063	beq	x14,x5,80002244	 x14:0xffffffef  x5:0xffffffed
       20385000	      2037	80002208	01c98e63	beq	x19,x28,80002224	 x19:0xfffffffd x28:0xec3ecebc
       20395000	      2038	8000220c	e4e86313	ori	x6,x16,-434	 x16:0x00400000  x6=0xfffffe4e
       20405000	      2039	80002210	000976b3	and	x13,x18,x0	 x18:0x00000008  x0:0x00000000 x13=0x00000000
       20415000	      2040	80002214	01b0f733	and	x14,x1,x27	  x1:0xfffffc99 x27:0x00000009 x14=0x00000009
       20425000	      2041	80002218	41168933	sub	x18,x13,x17	 x13:0x00000000 x17:0x00000008 x18=0xfffffff8
       20435000	      2042	8000221c	00b99633	sll	x12,x19,x11	 x19:0xfffffffd x11:0x80000000 x12=0xfffffffd
       20445000	      2043	80002220	4bda0993	addi	x19,x20,1213	 x20:0xfffffd9a x19=0x00000257
       20455000	      2044	80002224	01e0fab3	and	x21,x1,x30	  x1:0xfffffc99 x30:0x00000000 x21=0x00000000
       20465000	      2045	80002228	059c1263	bne	x24,x25,8000226c	 x24:0x00000002 x25:0xfffffc9b
       20475000	      2046	00000000	00000013	addi	x0,x0,0	  x0:0x00000000
       20485000	      2047	80002268	00000013	addi	x0,x0,0	  x0:0x00000000
       20495000	      2048	8000226c	402784b3	sub	x9,x15,x2	 x15:0x00000000  x2:0x00000009  x9=0xfffffff7
       20505000	      2049	80002270	5a450a93	addi	x21,x10,1444	 x10:0x80009fc4 x21=0x8000a568
       20515000	      2050	80002274	011908b3	add	x17,x18,x17	 x18:0xfffffff8 x17:0x00000008 x17=0x00000000
       20525000	      2051	80002278	055f9063	bne	x31,x21,800022b8	 x31:0xfffffff4 x21:0x8000a568
       20535000	      2052	00000000	00000013	addi	x0,x0,0	  x0:0x00000000
       20545000	      2053	800022b4	00000013	addi	x0,x0,0	  x0:0x00000000
       20555000	      2054	800022b8	1fb92d13	slti	x26,x18,507	 x18:0xfffffff8 x26=0x00000001
       20565000	      2055	800022bc	01c2b133	sltu	x2,x5,x28	  x5:0xffffffed x28:0xec3ecebc  x2=0x00000000
       20575000	      2056	800022c0	00dcfb33	and	x22,x25,x13	 x25:0xfffffc9b x13:0x00000000 x22=0x00000000
       20585000	      2057	800022c4	01535493	srli	x9,x6,0x15	  x6:0xfffffe4e  x9=0x000007ff
       20595000	      2058	800022c8	00f80233	add	x4,x16,x15	 x16:0x00400000 x15:0x00000000  x4=0x00400000
       20605000	      2059	800022cc	cec33013	sltiu	x0,x6,-788	  x6:0xfffffe4e
       20615000	      2060	800022d0	03ed1e63	bne	x26,x30,8000230c	 x26:0x00000001 x30:0x00000000
       20625000	      2061	00000000	00000013	addi	x0,x0,0	  x0:0x00000000
       20635000	      2062	80002308	00000013	addi	x0,x0,0	  x0:0x00000000
       20645000	      2063	8000230c	01b133b3	sltu	x7,x2,x27	  x2:0x00000000 x27:0x00000009  x7=0x00000001
       20655000	      2064	80002310	f7cd7c93	andi	x25,x26,-132	 x26:0x00000001 x25=0x00000000
       20665000	      2065	80002314	ca28afb7	lui	x31,0xca28a	 x31=0xca28a000
       20675000	      2066	80002318	013106b3	add	x13,x2,x19	  x2:0x00000000 x19:0x00000257 x13=0x00000257
       20685000	      2067	8000231c	bdae28b7	lui	x17,0xbdae2	 x17=0xbdae2000
       20695000	      2068	80002320	02964863	blt	x12,x9,80002350	 x12:0xfffffffd  x9:0x000007ff
       20705000	      2069	00000000	00000013	addi	x0,x0,0	  x0:0x00000000
       20715000	      2070	8000234c	00000013	addi	x0,x0,0	  x0:0x00000000
       20725000	      2071	80002350	05ebe463	bltu	x23,x30,80002398	 x23:0x00000001 x30:0x00000000
       20735000	      2072	80002354	00acd693	srli	x13,x25,0xa	 x25:0x00000000 x13=0x00000000
       20745000	      2073	80002358	445fcf93	xori	x31,x31,1093	 x31:0xca28a000 x31=0xca28a445
       20755000	      2074	8000235c	0000db93	srli	x23,x1,0x0	  x1:0xfffffc99 x23=0xfffffc99
       20765000	      2075	80002360	27f81237	lui	x4,0x27f81	  x4=0x27f81000
       20775000	      2076	80002364	005eda13	srli	x20,x29,0x5	 x29:0x80009f2c x20=0x040004f9
       20785000	      2077	80002368	0117b433	sltu	x8,x15,x17	 x15:0x00000000 x17:0xbdae2000  x8=0x00000001
       20795000	      2078	8000236c	01a7c733	xor	x14,x15,x26	 x15:0x00000000 x26:0x00000001 x14=0x00000001
       20805000	      2079	80002370	40458c33	sub	x24,x11,x4	 x11:0x80000000  x4:0x27f81000 x24=0x5807f000
       20815000	      2080	80002374	0090eb33	or	x22,x1,x9	  x1:0xfffffc99  x9:0x000007ff x22=0xffffffff
       20825000	      2081	80002378	cb3dfa13	andi	x20,x27,-845	 x27:0x00000009 x20=0x00000001
       20835000	      2082	8000237c	0046c333	xor	x6,x13,x4	 x13:0x00000000  x4:0x27f81000  x6=0x27f81000
       20845000	      2083	80002380	00000013	addi	x0,x0,0	  x0:0x00000000
       20855000	      2084	80002384	005f7c63	bgeu	x30,x5,8000239c	 x30:0x00000000  x5:0xffffffed
       20865000	      2085	80002388	e8c30313	addi	x6,x6,-372	  x6:0x27f81000  x6=0x27f80e8c
       20875000	      2086	8000238c	03088063	beq	x17,x16,800023ac	 x17:0xbdae2000 x16:0x00400000
       20885000	      2087	80002390	41c2d193	srai	x3,x5,0x1c	  x5:0xffffffed  x3=0xffffffff
       20895000	      2088	80002394	409a5ab3	sra	x21,x20,x9	 x20:0x00000001  x9:0x000007ff x21=0x00000000
       20905000	      2089	80002398	04457263	bgeu	x10,x4,800023dc	 x10:0x80009fc4  x4:0x27f81000
       20915000	      2090	00000000	00000013	addi	x0,x0,0	  x0:0x00000000
       20925000	      2091	800023d8	00000013	addi	x0,x0,0	  x0:0x00000000
       20935000	      2092	800023dc	03130e63	beq	x6,x17,80002418	  x6:0x27f80e8c x17:0xbdae2000
       20945000	      2093	800023e0	3fc82697	auipc	x13,0x3fc82	 x13=0xbfc843dc
       20955000	      2094	800023e4	00f15093	srli	x1,x2,0xf	  x2:0x00000000  x1=0x00000000
       20965000	      2095	800023e8	0341c863	blt	x3,x20,80002418	  x3:0xffffffff x20:0x00000001
       20975000	      2096	00000000	00000013	addi	x0,x0,0	  x0:0x00000000
       20985000	      2097	80002414	00000013	addi	x0,x0,0	  x0:0x00000000
       20995000	      2098	80002418	d123ef13	ori	x30,x7,-750	  x7:0x00000001 x30=0xfffffd13
       21005000	      2099	8000241c	01c58663	beq	x11,x28,80002428	 x11:0x80000000 x28:0xec3ecebc
       21015000	      2100	80002420	00000013	addi	x0,x0,0	  x0:0x00000000
       21025000	      2101	80002424	00db7c63	bgeu	x22,x13,8000243c	 x22:0xffffffff x13:0xbfc843dc
       21035000	      2102	00000000	00000013	addi	x0,x0,0	  x0:0x00000000
       21045000	      2103	80002438	00000013	addi	x0,x0,0	  x0:0x00000000
       21055000	      2104	8000243c	00000013	addi	x0,x0,0	  x0:0x00000000
       21065000	      2105	80002440	017d2033	slt	x0,x26,x23	 x26:0x00000001 x23:0xfffffc99
       21075000	      2106	80002444	03a39463	bne	x7,x26,8000246c	  x7:0x00000001 x26:0x00000001
       21085000	      2107	80002448	41405093	srai	x1,x0,0x14	  x0:0x00000000  x1=0x00000000
       21095000	      2108	8000244c	03a40863	beq	x8,x26,8000247c	  x8:0x00000001 x26:0x00000001
       21105000	      2109	00000000	00000013	addi	x0,x0,0	  x0:0x00000000
       21115000	      2110	80002478	00000013	addi	x0,x0,0	  x0:0x00000000
       21125000	      2111	8000247c	002a4133	xor	x2,x20,x2	 x20:0x00000001  x2:0x00000000  x2=0x00000001
       21135000	      2112	80002480	00f95733	srl	x14,x18,x15	 x18:0xfffffff8 x15:0x00000000 x14=0xfffffff8
       21145000	      2113	80002484	04af8063	beq	x31,x10,800024c4	 x31:0xca28a445 x10:0x80009fc4
       21155000	      2114	80002488	01dd5c93	srli	x25,x26,0x1d	 x26:0x00000001 x25=0x00000000
       21165000	      2115	8000248c	03e31017	auipc	x0,0x3e31	
       21175000	      2116	80002490	02416063	bltu	x2,x4,800024b0	  x2:0x00000001  x4:0x27f81000
       21185000	      2117	00000000	00000013	addi	x0,x0,0	  x0:0x00000000
       21195000	      2118	800024ac	00000013	addi	x0,x0,0	  x0:0x00000000
       21205000	      2119	800024b0	02368e63	beq	x13,x3,800024ec	 x13:0xbfc843dc  x3:0xffffffff
       21215000	      2120	800024b4	00f5f863	bgeu	x11,x15,800024c4	 x11:0x80000000 x15:0x00000000
       21225000	      2121	00000000	00000013	addi	x0,x0,0	  x0:0x00000000
       21235000	      2122	800024c0	00000013	addi	x0,x0,0	  x0:0x00000000
       21245000	      2123	800024c4	7b444813	xori	x16,x8,1972	  x8:0x00000001 x16=0x000007b5
       21255000	      2124	800024c8	01690db3	add	x27,x18,x22	 x18:0xfffffff8 x22:0xffffffff x27=0xfffffff7
       21265000	      2125	800024cc	aff08113	addi	x2,x1,-1281	  x1:0x00000000  x2=0xfffffaff
       21275000	      2126	800024d0	007e83b3	add	x7,x29,x7	 x29:0x80009f2c  x7:0x00000001  x7=0x80009f2d
       21285000	      2127	800024d4	f14ae917	auipc	x18,0xf14ae	 x18=0x714b04d0
       21295000	      2128	800024d8	13868313	addi	x6,x13,312	 x13:0xbfc843dc  x6=0xbfc84514
       21305000	      2129	800024dc	011536b3	sltu	x13,x10,x17	 x10:0x80009fc4 x17:0xbdae2000 x13=0x00000001
       21315000	      2130	800024e0	02706863	bltu	x0,x7,80002510	  x0:0x00000000  x7:0x80009f2d
       21325000	      2131	00000000	00000013	addi	x0,x0,0	  x0:0x00000000
       21335000	      2132	8000250c	00000013	addi	x0,x0,0	  x0:0x00000000
       21345000	      2133	80002510	04d7c263	blt	x15,x13,80002554	 x15:0x00000000 x13:0x00000001
       21355000	      2134	00000000	00000013	addi	x0,x0,0	  x0:0x00000000
       21365000	      2135	80002550	00000013	addi	x0,x0,0	  x0:0x00000000
       21375000	      2136	80002554	02f30663	beq	x6,x15,80002580	  x6:0xbfc84514 x15:0x00000000
       21385000	      2137	80002558	40680c33	sub	x24,x16,x6	 x16:0x000007b5  x6:0xbfc84514 x24=0x4037c2a1
       21395000	      2138	8000255c	00151f33	sll	x30,x10,x1	 x10:0x80009fc4  x1:0x00000000 x30=0x80009fc4
       21405000	      2139	80002560	00000013	addi	x0,x0,0	  x0:0x00000000
       21415000	      2140	80002564	00f78333	add	x6,x15,x15	 x15:0x00000000 x15:0x00000000  x6=0x00000000
       21425000	      2141	80002568	002fc5b3	xor	x11,x31,x2	 x31:0xca28a445  x2:0xfffffaff x11=0x35d75eba
       21435000	      2142	8000256c	00000013	addi	x0,x0,0	  x0:0x00000000
       21445000	      2143	80002570	40555993	srai	x19,x10,0x5	 x10:0x80009fc4 x19=0xfc0004fe
       21455000	      2144	80002574	01af78b3	and	x17,x30,x26	 x30:0x80009fc4 x26:0x00000001 x17=0x00000000
       21465000	      2145	80002578	dc788413	addi	x8,x17,-569	 x17:0x00000000  x8=0xfffffdc7
       21475000	      2146	8000257c	4117db33	sra	x22,x15,x17	 x15:0x00000000 x17:0x00000000 x22=0x00000000
       21485000	      2147	80002580	1e0e0f97	auipc	x31,0x1e0e0	 x31=0x9e0e257c
       21495000	      2148	80002584	00587033	and	x0,x16,x5	 x16:0x000007b5  x5:0xffffffed
       21505000	      2149	80002588	f7aa9b17	auipc	x22,0xf7aa9	 x22=0x77aab584
       21515000	      2150	8000258c	040e7063	bgeu	x28,x0,800025cc	 x28:0xec3ecebc  x0:0x00000000
       21525000	      2151	00000000	00000013	addi	x0,x0,0	  x0:0x00000000
       21535000	      2152	800025c8	00000013	addi	x0,x0,0	  x0:0x00000000
       21545000	      2153	800025cc	00a365b3	or	x11,x6,x10	  x6:0x00000000 x10:0x80009fc4 x11=0x80009fc4
       21555000	      2154	800025d0	41025493	srai	x9,x4,0x10	  x4:0x27f81000  x9=0x000027f8
       21565000	      2155	800025d4	cc043093	sltiu	x1,x8,-832	  x8:0xfffffdc7  x1=0x00000000
       21575000	      2156	800025d8	00000013	addi	x0,x0,0	  x0:0x00000000
       21585000	      2157	800025dc	40024093	xori	x1,x4,1024	  x4:0x27f81000  x1=0x27f81400
       21595000	      2158	800025e0	01665a13	srli	x20,x12,0x16	 x12:0xfffffffd x20=0x000003ff
       21605000	      2159	800025e4	01d8e9b3	or	x19,x17,x29	 x17:0x00000000 x29:0x80009f2c x19=0x80009f2c
       21615000	      2160	800025e8	02886063	bltu	x16,x8,80002608	 x16:0x000007b5  x8:0xfffffdc7
       21625000	      2161	00000000	00000013	addi	x0,x0,0	  x0:0x00000000
       21635000	      2162	80002604	00000013	addi	x0,x0,0	  x0:0x00000000
       21645000	      2163	80002608	010fdf93	srli	x31,x31,0x10	 x31:0x9e0e257c x31=0x00009e0e
       21655000	      2164	8000260c	00000013	addi	x0,x0,0	  x0:0x00000000
       21665000	      2165	80002610	011a1a93	slli	x21,x20,0x11	 x20:0x000003ff x21=0x07fe0000
       21675000	      2166	80002614	001e50b3	srl	x1,x28,x1	 x28:0xec3ecebc  x1:0x27f81400  x1=0xec3ecebc
       21685000	      2167	80002618	0568e063	bltu	x17,x22,80002658	 x17:0x00000000 x22:0x77aab584
       21695000	      2168	00000000	00000013	addi	x0,x0,0	  x0:0x00000000
       21705000	      2169	80002654	00000013	addi	x0,x0,0	  x0:0x00000000
       21715000	      2170	80002658	01ab9113	slli	x2,x23,0x1a	 x23:0xfffffc99  x2=0x64000000
       21725000	      2171	8000265c	cf79e393	ori	x7,x19,-777	 x19:0x80009f2c  x7=0xffffffff
       21735000	      2172	80002660	017d0233	add	x4,x26,x23	 x26:0x00000001 x23:0xfffffc99  x4=0xfffffc9a
       21745000	      2173	80002664	25b5b693	sltiu	x13,x11,603	 x11:0x80009fc4 x13=0x00000000
       21755000	      2174	80002668	00965c63	bge	x12,x9,80002680	 x12:0xfffffffd  x9:0x000027f8
       21765000	      2175	8000266c	ed959d37	lui	x26,0xed959	 x26=0xed959000
       21775000	      2176	80002670	4137d193	srai	x3,x15,0x13	 x15:0x00000000  x3=0x00000000
       21785000	      2177	80002674	01e75a33	srl	x20,x14,x30	 x14:0xfffffff8 x30:0x80009fc4 x20=0x0fffffff
       21795000	      2178	80002678	81414693	xori	x13,x2,-2028	  x2:0x64000000 x13=0x9bfff814
       21805000	      2179	8000267c	001738b3	sltu	x17,x14,x1	 x14:0xfffffff8  x1:0xec3ecebc x17=0x00000000
       21815000	      2180	80002680	0546f463	bgeu	x13,x20,800026c8	 x13:0x9bfff814 x20:0x0fffffff
       21825000	      2181	00000000	00000013	addi	x0,x0,0	  x0:0x00000000
       21835000	      2182	800026c4	00000013	addi	x0,x0,0	  x0:0x00000000
       21845000	      2183	800026c8	02fee063	bltu	x29,x15,800026e8	 x29:0x80009f2c x15:0x00000000
       21855000	      2184	800026cc	02151e63	bne	x10,x1,80002708	 x10:0x80009fc4  x1:0xec3ecebc
       21865000	      2185	00000000	00000013	addi	x0,x0,0	  x0:0x00000000
       21875000	      2186	80002704	00000013	addi	x0,x0,0	  x0:0x00000000
       21885000	      2187	80002708	000b0663	beq	x22,x0,80002714	 x22:0x77aab584  x0:0x00000000
       21895000	      2188	8000270c	02e26863	bltu	x4,x14,8000273c	  x4:0xfffffc9a x14:0xfffffff8
       21905000	      2189	00000000	00000013	addi	x0,x0,0	  x0:0x00000000
       21915000	      2190	80002738	00000013	addi	x0,x0,0	  x0:0x00000000
       21925000	      2191	8000273c	00a09333	sll	x6,x1,x10	  x1:0xec3ecebc x10:0x80009fc4  x6=0xc3ecebc0
       21935000	      2192	80002740	93e1bd17	auipc	x26,0x93e1b	 x26=0x13e1d73c
       21945000	      2193	80002744	26137993	andi	x19,x6,609	  x6:0xc3ecebc0 x19=0x00000240
       21955000	      2194	80002748	8efa35b7	lui	x11,0x8efa3	 x11=0x8efa3000
       21965000	      2195	8000274c	00269313	slli	x6,x13,0x2	 x13:0x9bfff814  x6=0x6fffe050
       21975000	      2196	80002750	0292c463	blt	x5,x9,80002778	  x5:0xffffffed  x9:0x000027f8
       21985000	      2197	00000000	00000013	addi	x0,x0,0	  x0:0x00000000
       21995000	      2198	80002774	00000013	addi	x0,x0,0	  x0:0x00000000
       22005000	      2199	80002778	01579f93	slli	x31,x15,0x15	 x15:0x00000000 x31=0x00000000
       22015000	      2200	8000277c	d41f7a13	andi	x20,x30,-703	 x30:0x80009fc4 x20=0x80009d40
       22025000	      2201	80002780	04fa8263	beq	x21,x15,800027c4	 x21:0x07fe0000 x15:0x00000000
       22035000	      2202	80002784	054d1063	bne	x26,x20,800027c4	 x26:0x13e1d73c x20:0x80009d40
       22045000	      2203	00000000	00000013	addi	x0,x0,0	  x0:0x00000000
       22055000	      2204	800027c0	00000013	addi	x0,x0,0	  x0:0x00000000
       22065000	      2205	800027c4	00cf7a63	bgeu	x30,x12,800027d8	 x30:0x80009fc4 x12:0xfffffffd
       22075000	      2206	800027c8	9356bb37	lui	x22,0x9356b	 x22=0x9356b000
       22085000	      2207	800027cc	5ff53c13	sltiu	x24,x10,1535	 x10:0x80009fc4 x24=0x00000000
       22095000	      2208	800027d0	00dd8463	beq	x27,x13,800027d8	 x27:0xfffffff7 x13:0x9bfff814
       22105000	      2209	800027d4	b6300437	lui	x8,0xb6300	  x8=0xb6300000
       22115000	      2210	800027d8	f5370793	addi	x15,x14,-173	 x14:0xfffffff8 x15=0xffffff4b
       22125000	      2211	800027dc	01fb6333	or	x6,x22,x31	 x22:0x9356b000 x31:0x00000000  x6=0x9356b000
       22135000	      2212	800027e0	004ea783	lw	x15,4(x29)	 x29:0x80009f2c x15=0x80002d2c PA:0x80009f30
       22145000	      2213	800027e4	000b9413	slli	x8,x23,0x0	 x23:0xfffffc99  x8=0xfffffc99
       22155000	      2214	800027e8	41a25bb3	sra	x23,x4,x26	  x4:0xfffffc9a x26:0x13e1d73c x23=0xffffffff
       22165000	      2215	800027ec	400ad4b3	sra	x9,x21,x0	 x21:0x07fe0000  x0:0x00000000  x9=0x07fe0000
       22175000	      2216	800027f0	01ae1fb3	sll	x31,x28,x26	 x28:0xec3ecebc x26:0x13e1d73c x31=0xc0000000
       22185000	      2217	800027f4	010e8e93	addi	x29,x29,16	 x29:0x80009f2c x29=0x80009f3c
       22195000	      2218	800027f8	00892833	slt	x16,x18,x8	 x18:0x714b04d0  x8:0xfffffc99 x16=0x00000000
       22205000	      2219	800027fc	ab02a293	slti	x5,x5,-1360	  x5:0xffffffed  x5=0x00000000
       22215000	      2220	80002800	c5668013	addi	x0,x13,-938	 x13:0x9bfff814
       22225000	      2221	80002804	00820f33	add	x30,x4,x8	  x4:0xfffffc9a  x8:0xfffffc99 x30=0xfffff933
       22235000	      2222	80002808	01135113	srli	x2,x6,0x11	  x6:0x9356b000  x2=0x000049ab
       22245000	      2223	8000280c	00178c13	addi	x24,x15,1	 x15:0x80002d2c x24=0x80002d2d
       22255000	      2224	80002810	000c0c67	jalr	x24,x24,0	 x24:0x80002d2d x24=0x80002810
       22265000	      2225	00000000	00000013	addi	x0,x0,0	  x0:0x00000000
       22275000	      2226	80002d2c	00000013	addi	x0,x0,0	  x0:0x00000000
       22285000	      2227	80002d30	fff00493	addi	x9,x0,-1	  x0:0x00000000  x9=0xffffffff
       22295000	      2228	80002d34	ff7e4a13	xori	x20,x28,-9	 x28:0xec3ecebc x20=0x13c1314b
       22305000	      2229	80002d38	01200413	addi	x8,x0,18	  x0:0x00000000  x8=0x00000012
       22315000	      2230	80002d3c	01d5e7b3	or	x15,x11,x29	 x11:0x8efa3000 x29:0x80009f3c x15=0x8efabf3c
       22325000	      2231	80002d40	00cd19b3	sll	x19,x26,x12	 x26:0x13e1d73c x12:0xfffffffd x19=0x80000000
       22335000	      2232	80002d44	0100f933	and	x18,x1,x16	  x1:0xec3ecebc x16:0x00000000 x18=0x00000000
       22345000	      2233	80002d48	0103adb3	slt	x27,x7,x16	  x7:0xffffffff x16:0x00000000 x27=0x00000001
       22355000	      2234	80002d4c	41015c93	srai	x25,x2,0x10	  x2:0x000049ab x25=0x00000000
       22365000	      2235	80002d50	00c0fdb3	and	x27,x1,x12	  x1:0xec3ecebc x12:0xfffffffd x27=0xec3ecebc
       22375000	      2236	80002d54	00548493	addi	x9,x9,5	  x9:0xffffffff  x9=0x00000004
       22385000	      2237	80002d58	5f7aed93	ori	x27,x21,1527	 x21:0x07fe0000 x27=0x07fe05f7
       22395000	      2238	80002d5c	7c4a4113	xori	x2,x20,1988	 x20:0x13c1314b  x2=0x13c1368f
       22405000	      2239	80002d60	966dac93	slti	x25,x27,-1690	 x27:0x07fe05f7 x25=0x00000000
       22415000	      2240	80002d64	01d433b3	sltu	x7,x8,x29	  x8:0x00000012 x29:0x80009f3c  x7=0x00000001
       22425000	      2241	80002d68	00000013	addi	x0,x0,0	  x0:0x00000000
       22435000	      2242	80002d6c	fc84cce3	blt	x9,x8,80002d44	  x9:0x00000004  x8:0x00000012
       22445000	      2243	00000000	00000013	addi	x0,x0,0	  x0:0x00000000
       22455000	      2244	80002d40	00000013	addi	x0,x0,0	  x0:0x00000000
       22465000	      2245	80002d44	0100f933	and	x18,x1,x16	  x1:0xec3ecebc x16:0x00000000 x18=0x00000000
       22475000	      2246	80002d48	0103adb3	slt	x27,x7,x16	  x7:0x00000001 x16:0x00000000 x27=0x00000000
       22485000	      2247	80002d4c	41015c93	srai	x25,x2,0x10	  x2:0x13c1368f x25=0x000013c1
       22495000	      2248	80002d50	00c0fdb3	and	x27,x1,x12	  x1:0xec3ecebc x12:0xfffffffd x27=0xec3ecebc
       22505000	      2249	80002d54	00548493	addi	x9,x9,5	  x9:0x00000004  x9=0x00000009
       22515000	      2250	80002d58	5f7aed93	ori	x27,x21,1527	 x21:0x07fe0000 x27=0x07fe05f7
       22525000	      2251	80002d5c	7c4a4113	xori	x2,x20,1988	 x20:0x13c1314b  x2=0x13c1368f
       22535000	      2252	80002d60	966dac93	slti	x25,x27,-1690	 x27:0x07fe05f7 x25=0x00000000
       22545000	      2253	80002d64	01d433b3	sltu	x7,x8,x29	  x8:0x00000012 x29:0x80009f3c  x7=0x00000001
       22555000	      2254	80002d68	00000013	addi	x0,x0,0	  x0:0x00000000
       22565000	      2255	80002d6c	fc84cce3	blt	x9,x8,80002d44	  x9:0x00000009  x8:0x00000012
       22575000	      2256	00000000	00000013	addi	x0,x0,0	  x0:0x00000000
       22585000	      2257	80002d40	00000013	addi	x0,x0,0	  x0:0x00000000
       22595000	      2258	80002d44	0100f933	and	x18,x1,x16	  x1:0xec3ecebc x16:0x00000000 x18=0x00000000
       22605000	      2259	80002d48	0103adb3	slt	x27,x7,x16	  x7:0x00000001 x16:0x00000000 x27=0x00000000
       22615000	      2260	80002d4c	41015c93	srai	x25,x2,0x10	  x2:0x13c1368f x25=0x000013c1
       22625000	      2261	80002d50	00c0fdb3	and	x27,x1,x12	  x1:0xec3ecebc x12:0xfffffffd x27=0xec3ecebc
       22635000	      2262	80002d54	00548493	addi	x9,x9,5	  x9:0x00000009  x9=0x0000000e
       22645000	      2263	80002d58	5f7aed93	ori	x27,x21,1527	 x21:0x07fe0000 x27=0x07fe05f7
       22655000	      2264	80002d5c	7c4a4113	xori	x2,x20,1988	 x20:0x13c1314b  x2=0x13c1368f
       22665000	      2265	80002d60	966dac93	slti	x25,x27,-1690	 x27:0x07fe05f7 x25=0x00000000
       22675000	      2266	80002d64	01d433b3	sltu	x7,x8,x29	  x8:0x00000012 x29:0x80009f3c  x7=0x00000001
       22685000	      2267	80002d68	00000013	addi	x0,x0,0	  x0:0x00000000
       22695000	      2268	80002d6c	fc84cce3	blt	x9,x8,80002d44	  x9:0x0000000e  x8:0x00000012
       22705000	      2269	00000000	00000013	addi	x0,x0,0	  x0:0x00000000
       22715000	      2270	80002d40	00000013	addi	x0,x0,0	  x0:0x00000000
       22725000	      2271	80002d44	0100f933	and	x18,x1,x16	  x1:0xec3ecebc x16:0x00000000 x18=0x00000000
       22735000	      2272	80002d48	0103adb3	slt	x27,x7,x16	  x7:0x00000001 x16:0x00000000 x27=0x00000000
       22745000	      2273	80002d4c	41015c93	srai	x25,x2,0x10	  x2:0x13c1368f x25=0x000013c1
       22755000	      2274	80002d50	00c0fdb3	and	x27,x1,x12	  x1:0xec3ecebc x12:0xfffffffd x27=0xec3ecebc
       22765000	      2275	80002d54	00548493	addi	x9,x9,5	  x9:0x0000000e  x9=0x00000013
       22775000	      2276	80002d58	5f7aed93	ori	x27,x21,1527	 x21:0x07fe0000 x27=0x07fe05f7
       22785000	      2277	80002d5c	7c4a4113	xori	x2,x20,1988	 x20:0x13c1314b  x2=0x13c1368f
       22795000	      2278	80002d60	966dac93	slti	x25,x27,-1690	 x27:0x07fe05f7 x25=0x00000000
       22805000	      2279	80002d64	01d433b3	sltu	x7,x8,x29	  x8:0x00000012 x29:0x80009f3c  x7=0x00000001
       22815000	      2280	80002d68	00000013	addi	x0,x0,0	  x0:0x00000000
       22825000	      2281	80002d6c	fc84cce3	blt	x9,x8,80002d44	  x9:0x00000013  x8:0x00000012
       22835000	      2282	80002d70	00bed033	srl	x0,x29,x11	 x29:0x80009f3c x11:0x8efa3000
       22845000	      2283	80002d74	33d68113	addi	x2,x13,829	 x13:0x9bfff814  x2=0x9bfffb51
       22855000	      2284	80002d78	05666463	bltu	x12,x22,80002dc0	 x12:0xfffffffd x22:0x9356b000
       22865000	      2285	80002d7c	00b7eb33	or	x22,x15,x11	 x15:0x8efabf3c x11:0x8efa3000 x22=0x8efabf3c
       22875000	      2286	80002d80	41c50cb3	sub	x25,x10,x28	 x10:0x80009fc4 x28:0xec3ecebc x25=0x93c1d108
       22885000	      2287	80002d84	415b5013	srai	x0,x22,0x15	 x22:0x8efabf3c
       22895000	      2288	80002d88	05c3e113	ori	x2,x7,92	  x7:0x00000001  x2=0x0000005d
       22905000	      2289	80002d8c	01e753b3	srl	x7,x14,x30	 x14:0xfffffff8 x30:0xfffff933  x7=0x00001fff
       22915000	      2290	80002d90	5c4a8813	addi	x16,x21,1476	 x21:0x07fe0000 x16=0x07fe05c4
       22925000	      2291	80002d94	fe0b2413	slti	x8,x22,-32	 x22:0x8efabf3c  x8=0x00000001
       22935000	      2292	80002d98	00128c63	beq	x5,x1,80002db0	  x5:0x00000000  x1:0xec3ecebc
       22945000	      2293	80002d9c	befc8013	addi	x0,x25,-1041	 x25:0x93c1d108
       22955000	      2294	80002da0	00df64b3	or	x9,x30,x13	 x30:0xfffff933 x13:0x9bfff814  x9=0xfffff937
       22965000	      2295	80002da4	03d3fa63	bgeu	x7,x29,80002dd8	  x7:0x00001fff x29:0x80009f3c
       22975000	      2296	80002da8	0178e233	or	x4,x17,x23	 x17:0x00000000 x23:0xffffffff  x4=0xffffffff
       22985000	      2297	80002dac	a075ed13	ori	x26,x11,-1529	 x11:0x8efa3000 x26=0xfffffa07
       22995000	      2298	80002db0	2d046a93	ori	x21,x8,720	  x8:0x00000001 x21=0x000002d1
       23005000	      2299	80002db4	df1d0793	addi	x15,x26,-527	 x26:0xfffffa07 x15=0xfffff7f8
       23015000	      2300	80002db8	037b1e63	bne	x22,x23,80002df4	 x22:0x8efabf3c x23:0xffffffff
       23025000	      2301	00000000	00000013	addi	x0,x0,0	  x0:0x00000000
       23035000	      2302	80002df0	00000013	addi	x0,x0,0	  x0:0x00000000
       23045000	      2303	80002df4	00374c63	blt	x14,x3,80002e0c	 x14:0xfffffff8  x3:0x00000000
       23055000	      2304	00000000	00000013	addi	x0,x0,0	  x0:0x00000000
       23065000	      2305	80002e08	00000013	addi	x0,x0,0	  x0:0x00000000
       23075000	      2306	80002e0c	011ed6b3	srl	x13,x29,x17	 x29:0x80009f3c x17:0x00000000 x13=0x80009f3c
       23085000	      2307	80002e10	41085833	sra	x16,x16,x16	 x16:0x07fe05c4 x16:0x07fe05c4 x16=0x007fe05c
       23095000	      2308	80002e14	00d09633	sll	x12,x1,x13	  x1:0xec3ecebc x13:0x80009f3c x12=0xc0000000
       23105000	      2309	80002e18	011bb0b3	sltu	x1,x23,x17	 x23:0xffffffff x17:0x00000000  x1=0x00000000
       23115000	      2310	80002e1c	870cc713	xori	x14,x25,-1936	 x25:0x93c1d108 x14=0x6c3e2978
       23125000	      2311	80002e20	01576b33	or	x22,x14,x21	 x14:0x6c3e2978 x21:0x000002d1 x22=0x6c3e2bf9
       23135000	      2312	80002e24	03b87263	bgeu	x16,x27,80002e48	 x16:0x007fe05c x27:0x07fe05f7
       23145000	      2313	80002e28	02731a63	bne	x6,x7,80002e5c	  x6:0x9356b000  x7:0x00001fff
       23155000	      2314	00000000	00000013	addi	x0,x0,0	  x0:0x00000000
       23165000	      2315	80002e58	00000013	addi	x0,x0,0	  x0:0x00000000
       23175000	      2316	80002e5c	010232b3	sltu	x5,x4,x16	  x4:0xffffffff x16:0x007fe05c  x5=0x00000000
       23185000	      2317	80002e60	414dd493	srai	x9,x27,0x14	 x27:0x07fe05f7  x9=0x0000007f
       23195000	      2318	80002e64	41d95d33	sra	x26,x18,x29	 x18:0x00000000 x29:0x80009f3c x26=0x00000000
       23205000	      2319	80002e68	01fbd333	srl	x6,x23,x31	 x23:0xffffffff x31:0xc0000000  x6=0xffffffff
       23215000	      2320	80002e6c	41dadf13	srai	x30,x21,0x1d	 x21:0x000002d1 x30=0x00000000
       23225000	      2321	80002e70	048b8463	beq	x23,x8,80002eb8	 x23:0xffffffff  x8:0x00000001
       23235000	      2322	80002e74	007dccb3	xor	x25,x27,x7	 x27:0x07fe05f7  x7:0x00001fff x25=0x07fe1a08
       23245000	      2323	80002e78	01a22fb3	slt	x31,x4,x26	  x4:0xffffffff x26:0x00000000 x31=0x00000001
       23255000	      2324	80002e7c	04d94063	blt	x18,x13,80002ebc	 x18:0x00000000 x13:0x80009f3c
       23265000	      2325	80002e80	017adbb3	srl	x23,x21,x23	 x21:0x000002d1 x23:0xffffffff x23=0x00000000
       23275000	      2326	80002e84	001b5393	srli	x7,x22,0x1	 x22:0x6c3e2bf9  x7=0x361f15fc
       23285000	      2327	80002e88	b9e1bf13	sltiu	x30,x3,-1122	  x3:0x00000000 x30=0x00000001
       23295000	      2328	80002e8c	081bdf17	auipc	x30,0x81bd	 x30=0x881bfe88
       23305000	      2329	80002e90	44ccc913	xori	x18,x25,1100	 x25:0x07fe1a08 x18=0x07fe1e44
       23315000	      2330	80002e94	050b6263	bltu	x22,x16,80002ed8	 x22:0x6c3e2bf9 x16:0x007fe05c
       23325000	      2331	80002e98	00ca8c63	beq	x21,x12,80002eb0	 x21:0x000002d1 x12:0xc0000000
       23335000	      2332	80002e9c	a3d930b7	lui	x1,0xa3d93	  x1=0xa3d93000
       23345000	      2333	80002ea0	c431ec13	ori	x24,x3,-957	  x3:0x00000000 x24=0xfffffc43
       23355000	      2334	80002ea4	00469133	sll	x2,x13,x4	 x13:0x80009f3c  x4:0xffffffff  x2=0x00000000
       23365000	      2335	80002ea8	88c6f293	andi	x5,x13,-1908	 x13:0x80009f3c  x5=0x8000980c
       23375000	      2336	80002eac	01011813	slli	x16,x2,0x10	  x2:0x00000000 x16=0x00000000
       23385000	      2337	80002eb0	008de393	ori	x7,x27,8	 x27:0x07fe05f7  x7=0x07fe05ff
       23395000	      2338	80002eb4	def5a393	slti	x7,x11,-529	 x11:0x8efa3000  x7=0x00000001
       23405000	      2339	80002eb8	011ec1b3	xor	x3,x29,x17	 x29:0x80009f3c x17:0x00000000  x3=0x80009f3c
       23415000	      2340	80002ebc	00d06cb3	or	x25,x0,x13	  x0:0x00000000 x13:0x80009f3c x25=0x80009f3c
       23425000	      2341	80002ec0	8c5b4113	xori	x2,x22,-1851	 x22:0x6c3e2bf9  x2=0x93c1d33c
       23435000	      2342	80002ec4	01660233	add	x4,x12,x22	 x12:0xc0000000 x22:0x6c3e2bf9  x4=0x2c3e2bf9
       23445000	      2343	80002ec8	01a320b3	slt	x1,x6,x26	  x6:0xffffffff x26:0x00000000  x1=0x00000001
       23455000	      2344	80002ecc	951cacb7	lui	x25,0x951ca	 x25=0x951ca000
       23465000	      2345	80002ed0	00a04863	blt	x0,x10,80002ee0	  x0:0x00000000 x10:0x80009fc4
       23475000	      2346	80002ed4	0088e663	bltu	x17,x8,80002ee0	 x17:0x00000000  x8:0x00000001
       23485000	      2347	00000000	00000013	addi	x0,x0,0	  x0:0x00000000
       23495000	      2348	80002edc	00000013	addi	x0,x0,0	  x0:0x00000000
       23505000	      2349	80002ee0	000ea933	slt	x18,x29,x0	 x29:0x80009f3c  x0:0x00000000 x18=0x00000001
       23515000	      2350	80002ee4	68696713	ori	x14,x18,1670	 x18:0x00000001 x14=0x00000687
       23525000	      2351	80002ee8	01751c93	slli	x25,x10,0x17	 x10:0x80009fc4 x25=0xe2000000
       23535000	      2352	80002eec	00000013	addi	x0,x0,0	  x0:0x00000000
       23545000	      2353	80002ef0	41a182b3	sub	x5,x3,x26	  x3:0x80009f3c x26:0x00000000  x5=0x80009f3c
       23555000	      2354	80002ef4	004ea783	lw	x15,4(x29)	 x29:0x80009f3c x15=0x80002860 PA:0x80009f40
       23565000	      2355	80002ef8	01a8f5b3	and	x11,x17,x26	 x17:0x00000000 x26:0x00000000 x11=0x00000000
       23575000	      2356	80002efc	014e8e93	addi	x29,x29,20	 x29:0x80009f3c x29=0x80009f50
       23585000	      2357	80002f00	22777493	andi	x9,x14,551	 x14:0x00000687  x9=0x00000207
       23595000	      2358	80002f04	004cabb3	slt	x23,x25,x4	 x25:0xe2000000  x4:0x2c3e2bf9 x23=0x00000001
       23605000	      2359	80002f08	00078113	addi	x2,x15,0	 x15:0x80002860  x2=0x80002860
       23615000	      2360	80002f0c	00010167	jalr	x2,x2,0	  x2:0x80002860  x2=0x80002f0c
       23625000	      2361	00000000	00000013	addi	x0,x0,0	  x0:0x00000000
       23635000	      2362	80002860	00000013	addi	x0,x0,0	  x0:0x00000000
       23645000	      2363	80002864	00600393	addi	x7,x0,6	  x0:0x00000000  x7=0x00000006
       23655000	      2364	80002868	ff862713	slti	x14,x12,-8	 x12:0xc0000000 x14=0x00000001
       23665000	      2365	8000286c	a38932b7	lui	x5,0xa3893	  x5=0xa3893000
       23675000	      2366	80002870	002ad0b3	srl	x1,x21,x2	 x21:0x000002d1  x2:0x80002f0c  x1=0x00000000
       23685000	      2367	80002874	fac10097	auipc	x1,0xfac10	  x1=0x7ac12870
       23695000	      2368	80002878	ff800f93	addi	x31,x0,-8	  x0:0x00000000 x31=0xfffffff8
       23705000	      2369	8000287c	01167d33	and	x26,x12,x17	 x12:0xc0000000 x17:0x00000000 x26=0x00000000
       23715000	      2370	80002880	40af8033	sub	x0,x31,x10	 x31:0xfffffff8 x10:0x80009fc4
       23725000	      2371	80002884	410b04b3	sub	x9,x22,x16	 x22:0x6c3e2bf9 x16:0x00000000  x9=0x6c3e2bf9
       23735000	      2372	80002888	00b427b3	slt	x15,x8,x11	  x8:0x00000001 x11:0x00000000 x15=0x00000000
       23745000	      2373	8000288c	00000013	addi	x0,x0,0	  x0:0x00000000
       23755000	      2374	80002890	ff938393	addi	x7,x7,-7	  x7:0x00000006  x7=0xffffffff
       23765000	      2375	80002894	70bbdd17	auipc	x26,0x70bbd	 x26=0xf0bbf890
       23775000	      2376	80002898	fff00d93	addi	x27,x0,-1	  x0:0x00000000 x27=0xffffffff
       23785000	      2377	8000289c	8bc5fd13	andi	x26,x11,-1860	 x11:0x00000000 x26=0x00000000
       23795000	      2378	800028a0	ffb00913	addi	x18,x0,-5	  x0:0x00000000 x18=0xfffffffb
       23805000	      2379	800028a4	00c08233	add	x4,x1,x12	  x1:0x7ac12870 x12:0xc0000000  x4=0x3ac12870
       23815000	      2380	800028a8	00782333	slt	x6,x16,x7	 x16:0x00000000  x7:0xffffffff  x6=0x00000000
       23825000	      2381	800028ac	41bc56b3	sra	x13,x24,x27	 x24:0xfffffc43 x27:0xffffffff x13=0xffffffff
       23835000	      2382	800028b0	01e955b3	srl	x11,x18,x30	 x18:0xfffffffb x30:0x881bfe88 x11=0x00ffffff
       23845000	      2383	800028b4	00000013	addi	x0,x0,0	  x0:0x00000000
       23855000	      2384	800028b8	831a9997	auipc	x19,0x831a9	 x19=0x031ab8b4
       23865000	      2385	800028bc	d0b32f37	lui	x30,0xd0b32	 x30=0xd0b32000
       23875000	      2386	800028c0	ff9d8d93	addi	x27,x27,-7	 x27:0xffffffff x27=0xfffffff8
       23885000	      2387	800028c4	4a85a293	slti	x5,x11,1192	 x11:0x00ffffff  x5=0x00000000
       23895000	      2388	800028c8	29556613	ori	x12,x10,661	 x10:0x80009fc4 x12=0x80009fd5
       23905000	      2389	800028cc	ff2dd8e3	bge	x27,x18,800028bc	 x27:0xfffffff8 x18:0xfffffffb
       23915000	      2390	800028d0	c660b013	sltiu	x0,x1,-922	  x1:0x7ac12870
       23925000	      2391	800028d4	01ffe9b3	or	x19,x31,x31	 x31:0xfffffff8 x31:0xfffffff8 x19=0xfffffff8
       23935000	      2392	800028d8	3777a013	slti	x0,x15,887	 x15:0x00000000
       23945000	      2393	800028dc	008ab733	sltu	x14,x21,x8	 x21:0x000002d1  x8:0x00000001 x14=0x00000000
       23955000	      2394	800028e0	01562133	slt	x2,x12,x21	 x12:0x80009fd5 x21:0x000002d1  x2=0x00000001
       23965000	      2395	800028e4	d7aa7c97	auipc	x25,0xd7aa7	 x25=0x57aa98e0
       23975000	      2396	800028e8	f9f39ee3	bne	x7,x31,80002884	  x7:0xffffffff x31:0xfffffff8
       23985000	      2397	00000000	00000013	addi	x0,x0,0	  x0:0x00000000
       23995000	      2398	80002880	00000013	addi	x0,x0,0	  x0:0x00000000
       24005000	      2399	80002884	410b04b3	sub	x9,x22,x16	 x22:0x6c3e2bf9 x16:0x00000000  x9=0x6c3e2bf9
       24015000	      2400	80002888	00b427b3	slt	x15,x8,x11	  x8:0x00000001 x11:0x00ffffff x15=0x00000001
       24025000	      2401	8000288c	00000013	addi	x0,x0,0	  x0:0x00000000
       24035000	      2402	80002890	ff938393	addi	x7,x7,-7	  x7:0xffffffff  x7=0xfffffff8
       24045000	      2403	80002894	70bbdd17	auipc	x26,0x70bbd	 x26=0xf0bbf890
       24055000	      2404	80002898	fff00d93	addi	x27,x0,-1	  x0:0x00000000 x27=0xffffffff
       24065000	      2405	8000289c	8bc5fd13	andi	x26,x11,-1860	 x11:0x00ffffff x26=0x00fff8bc
       24075000	      2406	800028a0	ffb00913	addi	x18,x0,-5	  x0:0x00000000 x18=0xfffffffb
       24085000	      2407	800028a4	00c08233	add	x4,x1,x12	  x1:0x7ac12870 x12:0x80009fd5  x4=0xfac1c845
       24095000	      2408	800028a8	00782333	slt	x6,x16,x7	 x16:0x00000000  x7:0xfffffff8  x6=0x00000000
       24105000	      2409	800028ac	41bc56b3	sra	x13,x24,x27	 x24:0xfffffc43 x27:0xffffffff x13=0xffffffff
       24115000	      2410	800028b0	01e955b3	srl	x11,x18,x30	 x18:0xfffffffb x30:0xd0b32000 x11=0xfffffffb
       24125000	      2411	800028b4	00000013	addi	x0,x0,0	  x0:0x00000000
       24135000	      2412	800028b8	831a9997	auipc	x19,0x831a9	 x19=0x031ab8b4
       24145000	      2413	800028bc	d0b32f37	lui	x30,0xd0b32	 x30=0xd0b32000
       24155000	      2414	800028c0	ff9d8d93	addi	x27,x27,-7	 x27:0xffffffff x27=0xfffffff8
       24165000	      2415	800028c4	4a85a293	slti	x5,x11,1192	 x11:0xfffffffb  x5=0x00000001
       24175000	      2416	800028c8	29556613	ori	x12,x10,661	 x10:0x80009fc4 x12=0x80009fd5
       24185000	      2417	800028cc	ff2dd8e3	bge	x27,x18,800028bc	 x27:0xfffffff8 x18:0xfffffffb
       24195000	      2418	800028d0	c660b013	sltiu	x0,x1,-922	  x1:0x7ac12870
       24205000	      2419	800028d4	01ffe9b3	or	x19,x31,x31	 x31:0xfffffff8 x31:0xfffffff8 x19=0xfffffff8
       24215000	      2420	800028d8	3777a013	slti	x0,x15,887	 x15:0x00000001
       24225000	      2421	800028dc	008ab733	sltu	x14,x21,x8	 x21:0x000002d1  x8:0x00000001 x14=0x00000000
       24235000	      2422	800028e0	01562133	slt	x2,x12,x21	 x12:0x80009fd5 x21:0x000002d1  x2=0x00000001
       24245000	      2423	800028e4	d7aa7c97	auipc	x25,0xd7aa7	 x25=0x57aa98e0
       24255000	      2424	800028e8	f9f39ee3	bne	x7,x31,80002884	  x7:0xfffffff8 x31:0xfffffff8
       24265000	      2425	800028ec	a4db7b97	auipc	x23,0xa4db7	 x23=0x24db98e8
       24275000	      2426	800028f0	00300613	addi	x12,x0,3	  x0:0x00000000 x12=0x00000003
       24285000	      2427	800028f4	00ec5113	srli	x2,x24,0xe	 x24:0xfffffc43  x2=0x0003ffff
       24295000	      2428	800028f8	bcce3293	sltiu	x5,x28,-1076	 x28:0xec3ecebc  x5=0x00000001
       24305000	      2429	800028fc	011d93b3	sll	x7,x27,x17	 x27:0xfffffff8 x17:0x00000000  x7=0xfffffff8
       24315000	      2430	80002900	01200d13	addi	x26,x0,18	  x0:0x00000000 x26=0x00000012
       24325000	      2431	80002904	00bf4233	xor	x4,x30,x11	 x30:0xd0b32000 x11:0xfffffffb  x4=0x2f4cdffb
       24335000	      2432	80002908	019c69b3	or	x19,x24,x25	 x24:0xfffffc43 x25:0x57aa98e0 x19=0xfffffce3
       24345000	      2433	8000290c	26ec4d93	xori	x27,x24,622	 x24:0xfffffc43 x27=0xfffffe2d
       24355000	      2434	80002910	cd82e937	lui	x18,0xcd82e	 x18=0xcd82e000
       24365000	      2435	80002914	01a59333	sll	x6,x11,x26	 x11:0xfffffffb x26:0x00000012  x6=0xffec0000
       24375000	      2436	80002918	002e20b3	slt	x1,x28,x2	 x28:0xec3ecebc  x2:0x0003ffff  x1=0x00000001
       24385000	      2437	8000291c	00635b93	srli	x23,x6,0x6	  x6:0xffec0000 x23=0x03ffb000
       24395000	      2438	80002920	b941eb93	ori	x23,x3,-1132	  x3:0x80009f3c x23=0xffffffbc
       24405000	      2439	80002924	00460613	addi	x12,x12,4	 x12:0x00000003 x12=0x00000007
       24415000	      2440	80002928	ffa642e3	blt	x12,x26,8000290c	 x12:0x00000007 x26:0x00000012
       24425000	      2441	00000000	00000013	addi	x0,x0,0	  x0:0x00000000
       24435000	      2442	80002908	00000013	addi	x0,x0,0	  x0:0x00000000
       24445000	      2443	8000290c	26ec4d93	xori	x27,x24,622	 x24:0xfffffc43 x27=0xfffffe2d
       24455000	      2444	80002910	cd82e937	lui	x18,0xcd82e	 x18=0xcd82e000
       24465000	      2445	80002914	01a59333	sll	x6,x11,x26	 x11:0xfffffffb x26:0x00000012  x6=0xffec0000
       24475000	      2446	80002918	002e20b3	slt	x1,x28,x2	 x28:0xec3ecebc  x2:0x0003ffff  x1=0x00000001
       24485000	      2447	8000291c	00635b93	srli	x23,x6,0x6	  x6:0xffec0000 x23=0x03ffb000
       24495000	      2448	80002920	b941eb93	ori	x23,x3,-1132	  x3:0x80009f3c x23=0xffffffbc
       24505000	      2449	80002924	00460613	addi	x12,x12,4	 x12:0x00000007 x12=0x0000000b
       24515000	      2450	80002928	ffa642e3	blt	x12,x26,8000290c	 x12:0x0000000b x26:0x00000012
       24525000	      2451	00000000	00000013	addi	x0,x0,0	  x0:0x00000000
       24535000	      2452	80002908	00000013	addi	x0,x0,0	  x0:0x00000000
       24545000	      2453	8000290c	26ec4d93	xori	x27,x24,622	 x24:0xfffffc43 x27=0xfffffe2d
       24555000	      2454	80002910	cd82e937	lui	x18,0xcd82e	 x18=0xcd82e000
       24565000	      2455	80002914	01a59333	sll	x6,x11,x26	 x11:0xfffffffb x26:0x00000012  x6=0xffec0000
       24575000	      2456	80002918	002e20b3	slt	x1,x28,x2	 x28:0xec3ecebc  x2:0x0003ffff  x1=0x00000001
       24585000	      2457	8000291c	00635b93	srli	x23,x6,0x6	  x6:0xffec0000 x23=0x03ffb000
       24595000	      2458	80002920	b941eb93	ori	x23,x3,-1132	  x3:0x80009f3c x23=0xffffffbc
       24605000	      2459	80002924	00460613	addi	x12,x12,4	 x12:0x0000000b x12=0x0000000f
       24615000	      2460	80002928	ffa642e3	blt	x12,x26,8000290c	 x12:0x0000000f x26:0x00000012
       24625000	      2461	00000000	00000013	addi	x0,x0,0	  x0:0x00000000
       24635000	      2462	80002908	00000013	addi	x0,x0,0	  x0:0x00000000
       24645000	      2463	8000290c	26ec4d93	xori	x27,x24,622	 x24:0xfffffc43 x27=0xfffffe2d
       24655000	      2464	80002910	cd82e937	lui	x18,0xcd82e	 x18=0xcd82e000
       24665000	      2465	80002914	01a59333	sll	x6,x11,x26	 x11:0xfffffffb x26:0x00000012  x6=0xffec0000
       24675000	      2466	80002918	002e20b3	slt	x1,x28,x2	 x28:0xec3ecebc  x2:0x0003ffff  x1=0x00000001
       24685000	      2467	8000291c	00635b93	srli	x23,x6,0x6	  x6:0xffec0000 x23=0x03ffb000
       24695000	      2468	80002920	b941eb93	ori	x23,x3,-1132	  x3:0x80009f3c x23=0xffffffbc
       24705000	      2469	80002924	00460613	addi	x12,x12,4	 x12:0x0000000f x12=0x00000013
       24715000	      2470	80002928	ffa642e3	blt	x12,x26,8000290c	 x12:0x00000013 x26:0x00000012
       24725000	      2471	8000292c	a7430c13	addi	x24,x6,-1420	  x6:0xffec0000 x24=0xffebfa74
       24735000	      2472	80002930	019bf333	and	x6,x23,x25	 x23:0xffffffbc x25:0x57aa98e0  x6=0x57aa98a0
       24745000	      2473	80002934	021ed063	bge	x29,x1,80002954	 x29:0x80009f50  x1:0x00000001
       24755000	      2474	80002938	02d75e63	bge	x14,x13,80002974	 x14:0x00000000 x13:0xffffffff
       24765000	      2475	00000000	00000013	addi	x0,x0,0	  x0:0x00000000
       24775000	      2476	80002970	00000013	addi	x0,x0,0	  x0:0x00000000
       24785000	      2477	80002974	00905493	srli	x9,x0,0x9	  x0:0x00000000  x9=0x00000000
       24795000	      2478	80002978	40e05793	srai	x15,x0,0xe	  x0:0x00000000 x15=0x00000000
       24805000	      2479	8000297c	0075af33	slt	x30,x11,x7	 x11:0xfffffffb  x7:0xfffffff8 x30=0x00000000
       24815000	      2480	80002980	018743b3	xor	x7,x14,x24	 x14:0x00000000 x24:0xffebfa74  x7=0xffebfa74
       24825000	      2481	80002984	f1b56f93	ori	x31,x10,-229	 x10:0x80009fc4 x31=0xffffffdf
       24835000	      2482	80002988	00355863	bge	x10,x3,80002998	 x10:0x80009fc4  x3:0x80009f3c
       24845000	      2483	00000000	00000013	addi	x0,x0,0	  x0:0x00000000
       24855000	      2484	80002994	00000013	addi	x0,x0,0	  x0:0x00000000
       24865000	      2485	80002998	199fa293	slti	x5,x31,409	 x31:0xffffffdf  x5=0x00000001
       24875000	      2486	8000299c	01f0d993	srli	x19,x1,0x1f	  x1:0x00000001 x19=0x00000000
       24885000	      2487	800029a0	01cfe8b3	or	x17,x31,x28	 x31:0xffffffdf x28:0xec3ecebc x17=0xffffffff
       24895000	      2488	800029a4	012586b3	add	x13,x11,x18	 x11:0xfffffffb x18:0xcd82e000 x13=0xcd82dffb
       24905000	      2489	800029a8	009a6833	or	x16,x20,x9	 x20:0x13c1314b  x9:0x00000000 x16=0x13c1314b
       24915000	      2490	800029ac	dee80313	addi	x6,x16,-530	 x16:0x13c1314b  x6=0x13c12f39
       24925000	      2491	800029b0	00085a13	srli	x20,x16,0x0	 x16:0x13c1314b x20=0x13c1314b
       24935000	      2492	800029b4	40a28fb3	sub	x31,x5,x10	  x5:0x00000001 x10:0x80009fc4 x31=0x7fff603d
       24945000	      2493	800029b8	000e86b3	add	x13,x29,x0	 x29:0x80009f50  x0:0x00000000 x13=0x80009f50
       24955000	      2494	800029bc	7befc913	xori	x18,x31,1982	 x31:0x7fff603d x18=0x7fff6783
       24965000	      2495	800029c0	0622ca63	blt	x5,x2,80002a34	  x5:0x00000001  x2:0x0003ffff
       24975000	      2496	00000000	00000013	addi	x0,x0,0	  x0:0x00000000
       24985000	      2497	80002a30	00000013	addi	x0,x0,0	  x0:0x00000000
       24995000	      2498	80002a34	0049d893	srli	x17,x19,0x4	 x19:0x00000000 x17=0x00000000
       25005000	      2499	80002a38	402f8db3	sub	x27,x31,x2	 x31:0x7fff603d  x2:0x0003ffff x27=0x7ffb603e
       25015000	      2500	80002a3c	007a1093	slli	x1,x20,0x7	 x20:0x13c1314b  x1=0xe098a580
       25025000	      2501	80002a40	00000013	addi	x0,x0,0	  x0:0x00000000
       25035000	      2502	80002a44	037eb393	sltiu	x7,x29,55	 x29:0x80009f50  x7=0x00000000
       25045000	      2503	80002a48	0065c2b3	xor	x5,x11,x6	 x11:0xfffffffb  x6:0x13c12f39  x5=0xec3ed0c2
       25055000	      2504	80002a4c	000b9c13	slli	x24,x23,0x0	 x23:0xffffffbc x24=0xffffffbc
       25065000	      2505	80002a50	00000013	addi	x0,x0,0	  x0:0x00000000
       25075000	      2506	80002a54	4047dbb3	sra	x23,x15,x4	 x15:0x00000000  x4:0x2f4cdffb x23=0x00000000
       25085000	      2507	80002a58	33ae7293	andi	x5,x28,826	 x28:0xec3ecebc  x5=0x00000238
       25095000	      2508	80002a5c	750a6313	ori	x6,x20,1872	 x20:0x13c1314b  x6=0x13c1375b
       25105000	      2509	80002a60	0a2a8f17	auipc	x30,0xa2a8	 x30=0x8a2aaa5c
       25115000	      2510	80002a64	0189a0b3	slt	x1,x19,x24	 x19:0x00000000 x24:0xffffffbc  x1=0x00000000
       25125000	      2511	80002a68	8317eb93	ori	x23,x15,-1999	 x15:0x00000000 x23=0xfffff831
       25135000	      2512	80002a6c	e9c7a897	auipc	x17,0xe9c7a	 x17=0x69c7ca68
       25145000	      2513	80002a70	0004a4b3	slt	x9,x9,x0	  x9:0x00000000  x0:0x00000000  x9=0x00000000
       25155000	      2514	80002a74	05b5e463	bltu	x11,x27,80002abc	 x11:0xfffffffb x27:0x7ffb603e
       25165000	      2515	80002a78	00fe1f93	slli	x31,x28,0xf	 x28:0xec3ecebc x31=0x675e0000
       25175000	      2516	80002a7c	411ad893	srai	x17,x21,0x11	 x21:0x000002d1 x17=0x00000000
       25185000	      2517	80002a80	0110b893	sltiu	x17,x1,17	  x1:0x00000000 x17=0x00000001
       25195000	      2518	80002a84	03e31e63	bne	x6,x30,80002ac0	  x6:0x13c1375b x30:0x8a2aaa5c
       25205000	      2519	00000000	00000013	addi	x0,x0,0	  x0:0x00000000
       25215000	      2520	80002abc	00000013	addi	x0,x0,0	  x0:0x00000000
       25225000	      2521	80002ac0	008b09b3	add	x19,x22,x8	 x22:0x6c3e2bf9  x8:0x00000001 x19=0x6c3e2bfa
       25235000	      2522	80002ac4	009a97b3	sll	x15,x21,x9	 x21:0x000002d1  x9:0x00000000 x15=0x000002d1
       25245000	      2523	80002ac8	4083da33	sra	x20,x7,x8	  x7:0x00000000  x8:0x00000001 x20=0x00000000
       25255000	      2524	80002acc	011625b3	slt	x11,x12,x17	 x12:0x00000013 x17:0x00000001 x11=0x00000000
       25265000	      2525	80002ad0	0318f263	bgeu	x17,x17,80002af4	 x17:0x00000001 x17:0x00000001
       25275000	      2526	00000000	00000013	addi	x0,x0,0	  x0:0x00000000
       25285000	      2527	80002af0	00000013	addi	x0,x0,0	  x0:0x00000000
       25295000	      2528	80002af4	00000013	addi	x0,x0,0	  x0:0x00000000
       25305000	      2529	80002af8	002d0133	add	x2,x26,x2	 x26:0x00000012  x2:0x0003ffff  x2=0x00040011
       25315000	      2530	80002afc	40058fb3	sub	x31,x11,x0	 x11:0x00000000  x0:0x00000000 x31=0x00000000
       25325000	      2531	80002b00	01ae6c33	or	x24,x28,x26	 x28:0xec3ecebc x26:0x00000012 x24=0xec3ecebe
       25335000	      2532	80002b04	79503193	sltiu	x3,x0,1941	  x0:0x00000000  x3=0x00000001
       25345000	      2533	80002b08	e5fa8793	addi	x15,x21,-417	 x21:0x000002d1 x15=0x00000130
       25355000	      2534	80002b0c	010316b3	sll	x13,x6,x16	  x6:0x13c1375b x16:0x13c1314b x13=0x09bad800
       25365000	      2535	80002b10	40ee5313	srai	x6,x28,0xe	 x28:0xec3ecebc  x6=0xffffb0fb
       25375000	      2536	80002b14	fac9f437	lui	x8,0xfac9f	  x8=0xfac9f000
       25385000	      2537	80002b18	4041dc13	srai	x24,x3,0x4	  x3:0x00000001 x24=0x00000000
       25395000	      2538	80002b1c	01376b33	or	x22,x14,x19	 x14:0x00000000 x19:0x6c3e2bfa x22=0x6c3e2bfa
       25405000	      2539	80002b20	61c62593	slti	x11,x12,1564	 x12:0x00000013 x11=0x00000001
       25415000	      2540	80002b24	400f0bb3	sub	x23,x30,x0	 x30:0x8a2aaa5c  x0:0x00000000 x23=0x8a2aaa5c
       25425000	      2541	80002b28	004ef333	and	x6,x29,x4	 x29:0x80009f50  x4:0x2f4cdffb  x6=0x00009f50
       25435000	      2542	80002b2c	41a5d033	sra	x0,x11,x26	 x11:0x00000001 x26:0x00000012
       25445000	      2543	80002b30	e3913997	auipc	x19,0xe3913	 x19=0x63915b2c
       25455000	      2544	80002b34	034a1c63	bne	x20,x20,80002b6c	 x20:0x00000000 x20:0x00000000
       25465000	      2545	80002b38	012e0933	add	x18,x28,x18	 x28:0xec3ecebc x18:0x7fff6783 x18=0x6c3e363f
       25475000	      2546	80002b3c	008dd5b3	srl	x11,x27,x8	 x27:0x7ffb603e  x8:0xfac9f000 x11=0x7ffb603e
       25485000	      2547	80002b40	73bda893	slti	x17,x27,1851	 x27:0x7ffb603e x17=0x00000000
       25495000	      2548	80002b44	01135e63	bge	x6,x17,80002b60	  x6:0x00009f50 x17:0x00000000
       25505000	      2549	00000000	00000013	addi	x0,x0,0	  x0:0x00000000
       25515000	      2550	80002b5c	00000013	addi	x0,x0,0	  x0:0x00000000
       25525000	      2551	80002b60	411fd493	srai	x9,x31,0x11	 x31:0x00000000  x9=0x00000000
       25535000	      2552	80002b64	d71a0493	addi	x9,x20,-655	 x20:0x00000000  x9=0xfffffd71
       25545000	      2553	80002b68	309e6497	auipc	x9,0x309e6	  x9=0xb09e8b64
       25555000	      2554	80002b6c	002d4263	blt	x26,x2,80002b70	 x26:0x00000012  x2:0x00040011
       25565000	      2555	00000000	00000013	addi	x0,x0,0	  x0:0x00000000
       25575000	      2556	80002b6c	00000013	addi	x0,x0,0	  x0:0x00000000
       25585000	      2557	80002b70	006e5463	bge	x28,x6,80002b78	 x28:0xec3ecebc  x6:0x00009f50
       25595000	      2558	80002b74	402d5f93	srai	x31,x26,0x2	 x26:0x00000012 x31=0x00000004
       25605000	      2559	80002b78	eeddbf37	lui	x30,0xeeddb	 x30=0xeeddb000
       25615000	      2560	80002b7c	6017a893	slti	x17,x15,1537	 x15:0x00000130 x17=0x00000001
       25625000	      2561	80002b80	04f76463	bltu	x14,x15,80002bc8	 x14:0x00000000 x15:0x00000130
       25635000	      2562	00000000	00000013	addi	x0,x0,0	  x0:0x00000000
       25645000	      2563	80002bc4	00000013	addi	x0,x0,0	  x0:0x00000000
       25655000	      2564	80002bc8	ab077313	andi	x6,x14,-1360	 x14:0x00000000  x6=0x00000000
       25665000	      2565	80002bcc	00000013	addi	x0,x0,0	  x0:0x00000000
       25675000	      2566	80002bd0	05191263	bne	x18,x17,80002c14	 x18:0x6c3e363f x17:0x00000001
       25685000	      2567	00000000	00000013	addi	x0,x0,0	  x0:0x00000000
       25695000	      2568	80002c10	00000013	addi	x0,x0,0	  x0:0x00000000
       25705000	      2569	80002c14	6a572f97	auipc	x31,0x6a572	 x31=0xea574c10
       25715000	      2570	80002c18	03b41e63	bne	x8,x27,80002c54	  x8:0xfac9f000 x27:0x7ffb603e
       25725000	      2571	00000000	00000013	addi	x0,x0,0	  x0:0x00000000
       25735000	      2572	80002c50	00000013	addi	x0,x0,0	  x0:0x00000000
       25745000	      2573	80002c54	02f56a63	bltu	x10,x15,80002c88	 x10:0x80009fc4 x15:0x00000130
       25755000	      2574	80002c58	012c2233	slt	x4,x24,x18	 x24:0x00000000 x18:0x6c3e363f  x4=0x00000001
       25765000	      2575	80002c5c	eeb58993	addi	x19,x11,-277	 x11:0x7ffb603e x19=0x7ffb5f29
       25775000	      2576	80002c60	00b1d393	srli	x7,x3,0xb	  x3:0x00000001  x7=0x00000000
       25785000	      2577	80002c64	2db68397	auipc	x7,0x2db68	  x7=0xadb6ac60
       25795000	      2578	80002c68	5991ab93	slti	x23,x3,1433	  x3:0x00000001 x23=0x00000001
       25805000	      2579	80002c6c	001de933	or	x18,x27,x1	 x27:0x7ffb603e  x1:0x00000000 x18=0x7ffb603e
       25815000	      2580	80002c70	4c106593	ori	x11,x0,1217	  x0:0x00000000 x11=0x000004c1
       25825000	      2581	80002c74	01415a63	bge	x2,x20,80002c88	  x2:0x00040011 x20:0x00000000
       25835000	      2582	00000000	00000013	addi	x0,x0,0	  x0:0x00000000
       25845000	      2583	80002c84	00000013	addi	x0,x0,0	  x0:0x00000000
       25855000	      2584	80002c88	41cf8db3	sub	x27,x31,x28	 x31:0xea574c10 x28:0xec3ecebc x27=0xfe187d54
       25865000	      2585	80002c8c	0059d6b3	srl	x13,x19,x5	 x19:0x7ffb5f29  x5:0x00000238 x13=0x0000007f
       25875000	      2586	80002c90	d5baa093	slti	x1,x21,-677	 x21:0x000002d1  x1=0x00000000
       25885000	      2587	80002c94	01efdc33	srl	x24,x31,x30	 x31:0xea574c10 x30:0xeeddb000 x24=0xea574c10
       25895000	      2588	80002c98	004ea783	lw	x15,4(x29)	 x29:0x80009f50 x15=0x800004e0 PA:0x80009f54
       25905000	      2589	80002c9c	0134c933	xor	x18,x9,x19	  x9:0xb09e8b64 x19:0x7ffb5f29 x18=0xcf65d44d
       25915000	      2590	80002ca0	00000013	addi	x0,x0,0	  x0:0x00000000
       25925000	      2591	80002ca4	00000013	addi	x0,x0,0	  x0:0x00000000
       25935000	      2592	80002ca8	a27f8497	auipc	x9,0xa27f8	  x9=0x227faca4
       25945000	      2593	80002cac	0182cb33	xor	x22,x5,x24	  x5:0x00000238 x24:0xea574c10 x22=0xea574e28
       25955000	      2594	80002cb0	034e8e93	addi	x29,x29,52	 x29:0x80009f50 x29=0x80009f84
       25965000	      2595	80002cb4	01dffdb3	and	x27,x31,x29	 x31:0xea574c10 x29:0x80009f84 x27=0x80000c00
       25975000	      2596	80002cb8	00078393	addi	x7,x15,0	 x15:0x800004e0  x7=0x800004e0
       25985000	      2597	80002cbc	000383e7	jalr	x7,x7,0	  x7:0x800004e0  x7=0x80002cbc
       25995000	      2598	00000000	00000013	addi	x0,x0,0	  x0:0x00000000
       26005000	      2599	800004e0	00000013	addi	x0,x0,0	  x0:0x00000000
       26015000	      2600	800004e4	52eeec93	ori	x25,x29,1326	 x29:0x80009f84 x25=0x80009fae
       26025000	      2601	800004e8	00549a63	bne	x9,x5,800004fc	  x9:0x227faca4  x5:0x00000238
       26035000	      2602	00000000	00000013	addi	x0,x0,0	  x0:0x00000000
       26045000	      2603	800004f8	00000013	addi	x0,x0,0	  x0:0x00000000
       26055000	      2604	800004fc	01157733	and	x14,x10,x17	 x10:0x80009fc4 x17:0x00000001 x14=0x00000000
       26065000	      2605	80000500	53f7a093	slti	x1,x15,1343	 x15:0x800004e0  x1=0x00000001
       26075000	      2606	80000504	00b5b8b3	sltu	x17,x11,x11	 x11:0x000004c1 x11:0x000004c1 x17=0x00000000
       26085000	      2607	80000508	c79a6293	ori	x5,x20,-903	 x20:0x00000000  x5=0xfffffc79
       26095000	      2608	8000050c	404a6893	ori	x17,x20,1028	 x20:0x00000000 x17=0x00000404
       26105000	      2609	80000510	e6b6e9b7	lui	x19,0xe6b6e	 x19=0xe6b6e000
       26115000	      2610	80000514	83630813	addi	x16,x6,-1994	  x6:0x00000000 x16=0xfffff836
       26125000	      2611	80000518	0190b1b3	sltu	x3,x1,x25	  x1:0x00000001 x25:0x80009fae  x3=0x00000001
       26135000	      2612	8000051c	73c9b637	lui	x12,0x73c9b	 x12=0x73c9b000
       26145000	      2613	80000520	000c5913	srli	x18,x24,0x0	 x24:0xea574c10 x18=0xea574c10
       26155000	      2614	80000524	4c6c2893	slti	x17,x24,1222	 x24:0xea574c10 x17=0x00000001
       26165000	      2615	80000528	68afa013	slti	x0,x31,1674	 x31:0xea574c10
       26175000	      2616	8000052c	41f00b33	sub	x22,x0,x31	  x0:0x00000000 x31:0xea574c10 x22=0x15a8b3f0
       26185000	      2617	80000530	8760c293	xori	x5,x1,-1930	  x1:0x00000001  x5=0xfffff877
       26195000	      2618	80000534	01ed3233	sltu	x4,x26,x30	 x26:0x00000012 x30:0xeeddb000  x4=0x00000001
       26205000	      2619	80000538	f449a8b7	lui	x17,0xf449a	 x17=0xf449a000
       26215000	      2620	8000053c	74ec7997	auipc	x19,0x74ec7	 x19=0xf4ec7538
       26225000	      2621	80000540	01812733	slt	x14,x2,x24	  x2:0x00040011 x24:0xea574c10 x14=0x00000000
       26235000	      2622	80000544	da89a813	slti	x16,x19,-600	 x19:0xf4ec7538 x16=0x00000001
       26245000	      2623	80000548	02f57e63	bgeu	x10,x15,80000584	 x10:0x80009fc4 x15:0x800004e0
       26255000	      2624	00000000	00000013	addi	x0,x0,0	  x0:0x00000000
       26265000	      2625	80000580	00000013	addi	x0,x0,0	  x0:0x00000000
       26275000	      2626	80000584	00ce8a63	beq	x29,x12,80000598	 x29:0x80009f84 x12:0x73c9b000
       26285000	      2627	80000588	02ae4863	blt	x28,x10,800005b8	 x28:0xec3ecebc x10:0x80009fc4
       26295000	      2628	8000058c	01d426b3	slt	x13,x8,x29	  x8:0xfac9f000 x29:0x80009f84 x13=0x00000000
       26305000	      2629	80000590	003f3633	sltu	x12,x30,x3	 x30:0xeeddb000  x3:0x00000001 x12=0x00000000
       26315000	      2630	80000594	41675093	srai	x1,x14,0x16	 x14:0x00000000  x1=0x00000000
       26325000	      2631	80000598	01f3d863	bge	x7,x31,800005a8	  x7:0x80002cbc x31:0xea574c10
       26335000	      2632	8000059c	8c70a593	slti	x11,x1,-1849	  x1:0x00000000 x11=0x00000000
       26345000	      2633	800005a0	000587b3	add	x15,x11,x0	 x11:0x00000000  x0:0x00000000 x15=0x00000000
       26355000	      2634	800005a4	01c14d33	xor	x26,x2,x28	  x2:0x00040011 x28:0xec3ecebc x26=0xec3acead
       26365000	      2635	800005a8	d82d0c13	addi	x24,x26,-638	 x26:0xec3acead x24=0xec3acc2f
       26375000	      2636	800005ac	01fd5413	srli	x8,x26,0x1f	 x26:0xec3acead  x8=0x00000001
       26385000	      2637	800005b0	00b61463	bne	x12,x11,800005b8	 x12:0x00000000 x11:0x00000000
       26395000	      2638	800005b4	0181b1b3	sltu	x3,x3,x24	  x3:0x00000001 x24:0xec3acc2f  x3=0x00000001
       26405000	      2639	800005b8	00c04d33	xor	x26,x0,x12	  x0:0x00000000 x12:0x00000000 x26=0x00000000
       26415000	      2640	800005bc	0269c263	blt	x19,x6,800005e0	 x19:0xf4ec7538  x6:0x00000000
       26425000	      2641	00000000	00000013	addi	x0,x0,0	  x0:0x00000000
       26435000	      2642	800005dc	00000013	addi	x0,x0,0	  x0:0x00000000
       26445000	      2643	800005e0	01f65db3	srl	x27,x12,x31	 x12:0x00000000 x31:0xea574c10 x27=0x00000000
       26455000	      2644	800005e4	03517063	bgeu	x2,x21,80000604	  x2:0x00040011 x21:0x000002d1
       26465000	      2645	00000000	00000013	addi	x0,x0,0	  x0:0x00000000
       26475000	      2646	80000600	00000013	addi	x0,x0,0	  x0:0x00000000
       26485000	      2647	80000604	2fff8197	auipc	x3,0x2fff8	  x3=0xafff8600
       26495000	      2648	80000608	73e82037	lui	x0,0x73e82	
       26505000	      2649	8000060c	004d3633	sltu	x12,x26,x4	 x26:0x00000000  x4:0x00000001 x12=0x00000001
       26515000	      2650	80000610	0727fa63	bgeu	x15,x18,80000684	 x15:0x00000000 x18:0xea574c10
       26525000	      2651	80000614	00ba3033	sltu	x0,x20,x11	 x20:0x00000000 x11:0x00000000
       26535000	      2652	80000618	ffc00893	addi	x17,x0,-4	  x0:0x00000000 x17=0xfffffffc
       26545000	      2653	8000061c	408a5493	srai	x9,x20,0x8	 x20:0x00000000  x9=0x00000000
       26555000	      2654	80000620	aa852093	slti	x1,x10,-1368	 x10:0x80009fc4  x1=0x00000001
       26565000	      2655	80000624	00200593	addi	x11,x0,2	  x0:0x00000000 x11=0x00000002
       26575000	      2656	80000628	7f457d93	andi	x27,x10,2036	 x10:0x80009fc4 x27=0x000007c4
       26585000	      2657	8000062c	a6cb4b93	xori	x23,x22,-1428	 x22:0x15a8b3f0 x23=0xea57499c
       26595000	      2658	80000630	409357b3	sra	x15,x6,x9	  x6:0x00000000  x9:0x00000000 x15=0x00000000
       26605000	      2659	80000634	1ff42193	slti	x3,x8,511	  x8:0x00000001  x3=0x00000001
       26615000	      2660	80000638	00000013	addi	x0,x0,0	  x0:0x00000000
       26625000	      2661	8000063c	00a88893	addi	x17,x17,10	 x17:0xfffffffc x17=0x00000006
       26635000	      2662	80000640	00400413	addi	x8,x0,4	  x0:0x00000000  x8=0x00000004
       26645000	      2663	80000644	0048e7b3	or	x15,x17,x4	 x17:0x00000006  x4:0x00000001 x15=0x00000007
       26655000	      2664	80000648	00400f13	addi	x30,x0,4	  x0:0x00000000 x30=0x00000004
       26665000	      2665	8000064c	01849993	slli	x19,x9,0x18	  x9:0x00000000 x19=0x00000000
       26675000	      2666	80000650	01faadb3	slt	x27,x21,x31	 x21:0x000002d1 x31:0xea574c10 x27=0x00000000
       26685000	      2667	80000654	d3850f93	addi	x31,x10,-712	 x10:0x80009fc4 x31=0x80009cfc
       26695000	      2668	80000658	c4093f93	sltiu	x31,x18,-960	 x18:0xea574c10 x31=0x00000001
       26705000	      2669	8000065c	00b552b3	srl	x5,x10,x11	 x10:0x80009fc4 x11:0x00000002  x5=0x200027f1
       26715000	      2670	80000660	00ff4cb3	xor	x25,x30,x15	 x30:0x00000004 x15:0x00000007 x25=0x00000003
       26725000	      2671	80000664	0003b6b3	sltu	x13,x7,x0	  x7:0x80002cbc  x0:0x00000000 x13=0x00000000
       26735000	      2672	80000668	ffe40413	addi	x8,x8,-2	  x8:0x00000004  x8=0x00000002
       26745000	      2673	8000066c	4b476993	ori	x19,x14,1204	 x14:0x00000000 x19=0x000004b4
       26755000	      2674	80000670	ffe474e3	bgeu	x8,x30,80000658	  x8:0x00000002 x30:0x00000004
       26765000	      2675	80000674	5bb476b7	lui	x13,0x5bb47	 x13=0x5bb47000
       26775000	      2676	80000678	fab8e8e3	bltu	x17,x11,80000628	 x17:0x00000006 x11:0x00000002
       26785000	      2677	8000067c	40239b37	lui	x22,0x40239	 x22=0x40239000
       26795000	      2678	80000680	01970cb3	add	x25,x14,x25	 x14:0x00000000 x25:0x00000003 x25=0x00000003
       26805000	      2679	80000684	00640463	beq	x8,x6,8000068c	  x8:0x00000002  x6:0x00000000
       26815000	      2680	80000688	4d06f613	andi	x12,x13,1232	 x13:0x5bb47000 x12=0x00000000
       26825000	      2681	8000068c	01ea37b3	sltu	x15,x20,x30	 x20:0x00000000 x30:0x00000004 x15=0x00000001
       26835000	      2682	80000690	00b446b3	xor	x13,x8,x11	  x8:0x00000002 x11:0x00000002 x13=0x00000000
       26845000	      2683	80000694	13524a93	xori	x21,x4,309	  x4:0x00000001 x21=0x00000134
       26855000	      2684	80000698	c7d48097	auipc	x1,0xc7d48	  x1=0x47d48694
       26865000	      2685	8000069c	ab4d0893	addi	x17,x26,-1356	 x26:0x00000000 x17=0xfffffab4
       26875000	      2686	800006a0	00991413	slli	x8,x18,0x9	 x18:0xea574c10  x8=0xae982000
       26885000	      2687	800006a4	018cc863	blt	x25,x24,800006b4	 x25:0x00000003 x24:0xec3acc2f
       26895000	      2688	800006a8	00375993	srli	x19,x14,0x3	 x14:0x00000000 x19=0x00000000
       26905000	      2689	800006ac	01ac9493	slli	x9,x25,0x1a	 x25:0x00000003  x9=0x0c000000
       26915000	      2690	800006b0	00c3ee63	bltu	x7,x12,800006cc	  x7:0x80002cbc x12:0x00000000
       26925000	      2691	800006b4	2ea0c193	xori	x3,x1,746	  x1:0x47d48694  x3=0x47d4847e
       26935000	      2692	800006b8	013f1693	slli	x13,x30,0x13	 x30:0x00000004 x13=0x00200000
       26945000	      2693	800006bc	00744ab3	xor	x21,x8,x7	  x8:0xae982000  x7:0x80002cbc x21=0x2e980cbc
       26955000	      2694	800006c0	011d3a33	sltu	x20,x26,x17	 x26:0x00000000 x17:0xfffffab4 x20=0x00000001
       26965000	      2695	800006c4	03898863	beq	x19,x24,800006f4	 x19:0x00000000 x24:0xec3acc2f
       26975000	      2696	800006c8	00906633	or	x12,x0,x9	  x0:0x00000000  x9:0x0c000000 x12=0x0c000000
       26985000	      2697	800006cc	002865b3	or	x11,x16,x2	 x16:0x00000001  x2:0x00040011 x11=0x00040011
       26995000	      2698	800006d0	007aeb33	or	x22,x21,x7	 x21:0x2e980cbc  x7:0x80002cbc x22=0xae982cbc
       27005000	      2699	800006d4	00000013	addi	x0,x0,0	  x0:0x00000000
       27015000	      2700	800006d8	01b2efb3	or	x31,x5,x27	  x5:0x200027f1 x27:0x00000000 x31=0x200027f1
       27025000	      2701	800006dc	fb7ce193	ori	x3,x25,-73	 x25:0x00000003  x3=0xffffffb7
       27035000	      2702	800006e0	02facc63	blt	x21,x15,80000718	 x21:0x2e980cbc x15:0x00000001
       27045000	      2703	800006e4	05444863	blt	x8,x20,80000734	  x8:0xae982000 x20:0x00000001
       27055000	      2704	00000000	00000013	addi	x0,x0,0	  x0:0x00000000
       27065000	      2705	80000730	00000013	addi	x0,x0,0	  x0:0x00000000
       27075000	      2706	80000734	0191e0b3	or	x1,x3,x25	  x3:0xffffffb7 x25:0x00000003  x1=0xffffffb7
       27085000	      2707	80000738	5815cd97	auipc	x27,0x5815c	 x27=0xd815c734
       27095000	      2708	8000073c	01c04a33	xor	x20,x0,x28	  x0:0x00000000 x28:0xec3ecebc x20=0xec3ecebc
       27105000	      2709	80000740	41be8db3	sub	x27,x29,x27	 x29:0x80009f84 x27:0xd815c734 x27=0xa7ead850
       27115000	      2710	80000744	00000013	addi	x0,x0,0	  x0:0x00000000
       27125000	      2711	80000748	b52dc913	xori	x18,x27,-1198	 x27:0xa7ead850 x18=0x58152302
       27135000	      2712	8000074c	00bb5793	srli	x15,x22,0xb	 x22:0xae982cbc x15=0x0015d305
       27145000	      2713	80000750	00689a63	bne	x17,x6,80000764	 x17:0xfffffab4  x6:0x00000000
       27155000	      2714	00000000	00000013	addi	x0,x0,0	  x0:0x00000000
       27165000	      2715	80000760	00000013	addi	x0,x0,0	  x0:0x00000000
       27175000	      2716	80000764	9c00b893	sltiu	x17,x1,-1600	  x1:0xffffffb7 x17=0x00000000
       27185000	      2717	80000768	72cacf13	xori	x30,x21,1836	 x21:0x2e980cbc x30=0x2e980b90
       27195000	      2718	8000076c	01c9d113	srli	x2,x19,0x1c	 x19:0x00000000  x2=0x00000000
       27205000	      2719	80000770	1cddf2b7	lui	x5,0x1cddf	  x5=0x1cddf000
       27215000	      2720	80000774	0053bfb3	sltu	x31,x7,x5	  x7:0x80002cbc  x5:0x1cddf000 x31=0x00000000
       27225000	      2721	80000778	4107dd33	sra	x26,x15,x16	 x15:0x0015d305 x16:0x00000001 x26=0x000ae982
       27235000	      2722	8000077c	9056c193	xori	x3,x13,-1787	 x13:0x00200000  x3=0xffdff905
       27245000	      2723	80000780	01c0c5b3	xor	x11,x1,x28	  x1:0xffffffb7 x28:0xec3ecebc x11=0x13c1310b
       27255000	      2724	80000784	5d911817	auipc	x16,0x5d911	 x16=0xdd911780
       27265000	      2725	80000788	e4dba793	slti	x15,x23,-435	 x23:0xea57499c x15=0x00000001
       27275000	      2726	8000078c	5c3efa93	andi	x21,x29,1475	 x29:0x80009f84 x21=0x00000580
       27285000	      2727	80000790	00e36f33	or	x30,x6,x14	  x6:0x00000000 x14:0x00000000 x30=0x00000000
       27295000	      2728	80000794	405485b3	sub	x11,x9,x5	  x9:0x0c000000  x5:0x1cddf000 x11=0xef221000
       27305000	      2729	80000798	0077b6b3	sltu	x13,x15,x7	 x15:0x00000001  x7:0x80002cbc x13=0x00000001
       27315000	      2730	8000079c	003bfbb3	and	x23,x23,x3	 x23:0xea57499c  x3:0xffdff905 x23=0xea574904
       27325000	      2731	800007a0	01e3b933	sltu	x18,x7,x30	  x7:0x80002cbc x30:0x00000000 x18=0x00000000
       27335000	      2732	800007a4	008a62b3	or	x5,x20,x8	 x20:0xec3ecebc  x8:0xae982000  x5=0xeebeeebc
       27345000	      2733	800007a8	0340fc63	bgeu	x1,x20,800007e0	  x1:0xffffffb7 x20:0xec3ecebc
       27355000	      2734	00000000	00000013	addi	x0,x0,0	  x0:0x00000000
       27365000	      2735	800007dc	00000013	addi	x0,x0,0	  x0:0x00000000
       27375000	      2736	800007e0	82ed2113	slti	x2,x26,-2002	 x26:0x000ae982  x2=0x00000000
       27385000	      2737	800007e4	9b7dc197	auipc	x3,0x9b7dc	  x3=0x1b7dc7e0
       27395000	      2738	800007e8	00d9d6b3	srl	x13,x19,x13	 x19:0x00000000 x13:0x00000001 x13=0x00000000
       27405000	      2739	800007ec	41fcd313	srai	x6,x25,0x1f	 x25:0x00000003  x6=0x00000000
       27415000	      2740	800007f0	41b409b3	sub	x19,x8,x27	  x8:0xae982000 x27:0xa7ead850 x19=0x06ad47b0
       27425000	      2741	800007f4	bca295b7	lui	x11,0xbca29	 x11=0xbca29000
       27435000	      2742	800007f8	413f8433	sub	x8,x31,x19	 x31:0x00000000 x19:0x06ad47b0  x8=0xf952b850
       27445000	      2743	800007fc	01244463	blt	x8,x18,80000804	  x8:0xf952b850 x18:0x00000000
       27455000	      2744	00000000	00000013	addi	x0,x0,0	  x0:0x00000000
       27465000	      2745	80000800	00000013	addi	x0,x0,0	  x0:0x00000000
       27475000	      2746	80000804	67216f13	ori	x30,x2,1650	  x2:0x00000000 x30=0x00000672
       27485000	      2747	80000808	01fa13b3	sll	x7,x20,x31	 x20:0xec3ecebc x31:0x00000000  x7=0xec3ecebc
       27495000	      2748	8000080c	04d57263	bgeu	x10,x13,80000850	 x10:0x80009fc4 x13:0x00000000
       27505000	      2749	00000000	00000013	addi	x0,x0,0	  x0:0x00000000
       27515000	      2750	8000084c	00000013	addi	x0,x0,0	  x0:0x00000000
       27525000	      2751	80000850	19608b93	addi	x23,x1,406	  x1:0xffffffb7 x23=0x0000014d
       27535000	      2752	80000854	00aec933	xor	x18,x29,x10	 x29:0x80009f84 x10:0x80009fc4 x18=0x00000040
       27545000	      2753	80000858	01700663	beq	x0,x23,80000864	  x0:0x00000000 x23:0x0000014d
       27555000	      2754	8000085c	01051493	slli	x9,x10,0x10	 x10:0x80009fc4  x9=0x9fc40000
       27565000	      2755	80000860	00940e63	beq	x8,x9,8000087c	  x8:0xf952b850  x9:0x9fc40000
       27575000	      2756	80000864	fefe0f93	addi	x31,x28,-17	 x28:0xec3ecebc x31=0xec3eceab
       27585000	      2757	80000868	03d2d063	bge	x5,x29,80000888	  x5:0xeebeeebc x29:0x80009f84
       27595000	      2758	00000000	00000013	addi	x0,x0,0	  x0:0x00000000
       27605000	      2759	80000884	00000013	addi	x0,x0,0	  x0:0x00000000
       27615000	      2760	80000888	003cf733	and	x14,x25,x3	 x25:0x00000003  x3:0x1b7dc7e0 x14=0x00000000
       27625000	      2761	8000088c	41d15b33	sra	x22,x2,x29	  x2:0x00000000 x29:0x80009f84 x22=0x00000000
       27635000	      2762	80000890	3a1c8b13	addi	x22,x25,929	 x25:0x00000003 x22=0x000003a4
       27645000	      2763	80000894	00e55733	srl	x14,x10,x14	 x10:0x80009fc4 x14:0x00000000 x14=0x80009fc4
       27655000	      2764	80000898	59574613	xori	x12,x14,1429	 x14:0x80009fc4 x12=0x80009a51
       27665000	      2765	8000089c	01cbeb33	or	x22,x23,x28	 x23:0x0000014d x28:0xec3ecebc x22=0xec3ecffd
       27675000	      2766	800008a0	06c5d863	bge	x11,x12,80000910	 x11:0xbca29000 x12:0x80009a51
       27685000	      2767	00000000	00000013	addi	x0,x0,0	  x0:0x00000000
       27695000	      2768	8000090c	00000013	addi	x0,x0,0	  x0:0x00000000
       27705000	      2769	80000910	01588433	add	x8,x17,x21	 x17:0x00000000 x21:0x00000580  x8=0x00000580
       27715000	      2770	80000914	00000e17	auipc	x28,0x0	 x28=0x80000910
       27725000	      2771	80000918	00ce0e13	addi	x28,x28,12	 x28:0x80000910 x28=0x8000091c
       27735000	      2772	8000091c	000e0067	jalr	x0,x28,0	 x28:0x8000091c
       27745000	      2773	00000000	00000013	addi	x0,x0,0	  x0:0x00000000
       27755000	      2774	8000091c	00000013	addi	x0,x0,0	  x0:0x00000000
       27765000	      2775	80000920	00100193	addi	x3,x0,1	  x0:0x00000000  x3=0x00000001
       27775000	      2776	80000924	00000073	ecall	
       27785000	      2777	80000928	a5600097	auipc	x1,0xa5600	  x1=0x25600924
