		Time			Cycle	PC		Insn	Decoded instruction	Register and memory contents
          65000	         5	80000004	00000293	addi	x5,x0,0	  x0:0x00000000  x5=0x00000000
          75000	         6	80000008	00000313	addi	x6,x0,0	  x0:0x00000000  x6=0x00000000
          85000	         7	8000000c	00628263	beq	x5,x6,80000010	  x5:0x00000000  x6:0x00000000
          95000	         8	00000000	00000013	addi	x0,x0,0	  x0:0x00000000
         105000	         9	8000000c	00000013	addi	x0,x0,0	  x0:0x00000000
         115000	        10	80000010	00000b17	auipc	x22,0x0	 x22=0x8000000c
         125000	        11	80000014	00cb0b13	addi	x22,x22,12	 x22:0x8000000c x22=0x80000018
         135000	        12	80000018	000b0067	jalr	x0,x22,0	 x22:0x80000018
         145000	        13	00000000	00000013	addi	x0,x0,0	  x0:0x00000000
         155000	        14	80000018	00000013	addi	x0,x0,0	  x0:0x00000000
         165000	        15	8000001c	40000cb7	lui	x25,0x40000	 x25=0x40000000
         175000	        16	80000020	100c8c93	addi	x25,x25,256	 x25:0x40000000 x25=0x40000100
         185000	        17	80000024	00000013	addi	x0,x0,0	  x0:0x00000000
         195000	        18	80000028	0000a617	auipc	x12,0xa	 x12=0x8000a024
         205000	        19	8000002c	fa060613	addi	x12,x12,-96	 x12:0x8000a024 x12=0x80009fc4
         215000	        20	80000030	00003c97	auipc	x25,0x3	 x25=0x8000302c
         225000	        21	80000034	d14c8c93	addi	x25,x25,-748	 x25:0x8000302c x25=0x80002d40
         235000	        22	80000038	000cec93	ori	x25,x25,0	 x25:0x80002d40 x25=0x80002d40
         245000	        23	8000003c	00000013	addi	x0,x0,0	  x0:0x00000000
         255000	        24	80000040	00000c97	auipc	x25,0x0	 x25=0x8000003c
         265000	        25	80000044	020c8c93	addi	x25,x25,32	 x25:0x8000003c x25=0x8000005c
         275000	        26	80000048	00000013	addi	x0,x0,0	  x0:0x00000000
         285000	        27	8000004c	00000013	addi	x0,x0,0	  x0:0x00000000
         295000	        28	80000050	00002cb7	lui	x25,0x2	 x25=0x00002000
         305000	        29	80000054	800c8c93	addi	x25,x25,-2048	 x25:0x00002000 x25=0x00001800
         315000	        30	80000058	00000013	addi	x0,x0,0	  x0:0x00000000
         325000	        31	8000005c	00000013	addi	x0,x0,0	  x0:0x00000000
         335000	        32	80000060	83941037	lui	x0,0x83941	
         345000	        33	80000064	d0d00013	addi	x0,x0,-755	  x0:0x00000000
         355000	        34	80000068	00000093	addi	x1,x0,0	  x0:0x00000000  x1=0x00000000
         365000	        35	8000006c	ac579137	lui	x2,0xac579	  x2=0xac579000
         375000	        36	80000070	3cc10113	addi	x2,x2,972	  x2:0xac579000  x2=0xac5793cc
         385000	        37	80000074	00000193	addi	x3,x0,0	  x0:0x00000000  x3=0x00000000
         395000	        38	80000078	80000237	lui	x4,0x80000	  x4=0x80000000
         405000	        39	8000007c	00000293	addi	x5,x0,0	  x0:0x00000000  x5=0x00000000
         415000	        40	80000080	457ac337	lui	x6,0x457ac	  x6=0x457ac000
         425000	        41	80000084	db430313	addi	x6,x6,-588	  x6:0x457ac000  x6=0x457abdb4
         435000	        42	80000088	00100393	addi	x7,x0,1	  x0:0x00000000  x7=0x00000001
         445000	        43	8000008c	80000437	lui	x8,0x80000	  x8=0x80000000
         455000	        44	80000090	fdd024b7	lui	x9,0xfdd02	  x9=0xfdd02000
         465000	        45	80000094	8a448493	addi	x9,x9,-1884	  x9:0xfdd02000  x9=0xfdd018a4
         475000	        46	80000098	00000513	addi	x10,x0,0	  x0:0x00000000 x10=0x00000000
         485000	        47	8000009c	fc6ff5b7	lui	x11,0xfc6ff	 x11=0xfc6ff000
         495000	        48	800000a0	06458593	addi	x11,x11,100	 x11:0xfc6ff000 x11=0xfc6ff064
         505000	        49	800000a4	800006b7	lui	x13,0x80000	 x13=0x80000000
         515000	        50	800000a8	d2f70737	lui	x14,0xd2f70	 x14=0xd2f70000
         525000	        51	800000ac	4da70713	addi	x14,x14,1242	 x14:0xd2f70000 x14=0xd2f704da
         535000	        52	800000b0	00000793	addi	x15,x0,0	  x0:0x00000000 x15=0x00000000
         545000	        53	800000b4	f013a837	lui	x16,0xf013a	 x16=0xf013a000
         555000	        54	800000b8	1b380813	addi	x16,x16,435	 x16:0xf013a000 x16=0xf013a1b3
         565000	        55	800000bc	800008b7	lui	x17,0x80000	 x17=0x80000000
         575000	        56	800000c0	8a42e937	lui	x18,0x8a42e	 x18=0x8a42e000
         585000	        57	800000c4	cb090913	addi	x18,x18,-848	 x18:0x8a42e000 x18=0x8a42dcb0
         595000	        58	800000c8	00300993	addi	x19,x0,3	  x0:0x00000000 x19=0x00000003
         605000	        59	800000cc	79806ab7	lui	x21,0x79806	 x21=0x79806000
         615000	        60	800000d0	f66a8a93	addi	x21,x21,-154	 x21:0x79806000 x21=0x79805f66
         625000	        61	800000d4	fd6e2b37	lui	x22,0xfd6e2	 x22=0xfd6e2000
         635000	        62	800000d8	c18b0b13	addi	x22,x22,-1000	 x22:0xfd6e2000 x22=0xfd6e1c18
         645000	        63	800000dc	80000bb7	lui	x23,0x80000	 x23=0x80000000
         655000	        64	800000e0	f9f11c37	lui	x24,0xf9f11	 x24=0xf9f11000
         665000	        65	800000e4	ca6c0c13	addi	x24,x24,-858	 x24:0xf9f11000 x24=0xf9f10ca6
         675000	        66	800000e8	80000cb7	lui	x25,0x80000	 x25=0x80000000
         685000	        67	800000ec	f28eed37	lui	x26,0xf28ee	 x26=0xf28ee000
         695000	        68	800000f0	708d0d13	addi	x26,x26,1800	 x26:0xf28ee000 x26=0xf28ee708
         705000	        69	800000f4	f6b7cdb7	lui	x27,0xf6b7c	 x27=0xf6b7c000
         715000	        70	800000f8	6e2d8d93	addi	x27,x27,1762	 x27:0xf6b7c000 x27=0xf6b7c6e2
         725000	        71	800000fc	80000e37	lui	x28,0x80000	 x28=0x80000000
         735000	        72	80000100	80000eb7	lui	x29,0x80000	 x29=0x80000000
         745000	        73	80000104	fb38bf37	lui	x30,0xfb38b	 x30=0xfb38b000
         755000	        74	80000108	767f0f13	addi	x30,x30,1895	 x30:0xfb38b000 x30=0xfb38b767
         765000	        75	8000010c	80000fb7	lui	x31,0x80000	 x31=0x80000000
         775000	        76	80000110	0000aa17	auipc	x20,0xa	 x20=0x8000a10c
         785000	        77	80000114	e78a0a13	addi	x20,x20,-392	 x20:0x8000a10c x20=0x80009f84
         795000	        78	80000118	ffa00913	addi	x18,x0,-6	  x0:0x00000000 x18=0xfffffffa
         805000	        79	8000011c	00200c93	addi	x25,x0,2	  x0:0x00000000 x25=0x00000002
         815000	        80	80000120	d9134d13	xori	x26,x6,-623	  x6:0x457abdb4 x26=0xba854025
         825000	        81	80000124	00990913	addi	x18,x18,9	 x18:0xfffffffa x18=0x00000003
         835000	        82	80000128	00800993	addi	x19,x0,8	  x0:0x00000000 x19=0x00000008
         845000	        83	8000012c	00800713	addi	x14,x0,8	  x0:0x00000000 x14=0x00000008
         855000	        84	80000130	5c6bca93	xori	x21,x23,1478	 x23:0x80000000 x21=0x800005c6
         865000	        85	80000134	da0d9b97	auipc	x23,0xda0d9	 x23=0x5a0d9130
         875000	        86	80000138	ffc98993	addi	x19,x19,-4	 x19:0x00000008 x19=0x00000004
         885000	        87	8000013c	fee9fce3	bgeu	x19,x14,80000134	 x19:0x00000004 x14:0x00000008
         895000	        88	80000140	ff9940e3	blt	x18,x25,80000120	 x18:0x00000003 x25:0x00000002
         905000	        89	80000144	00000013	addi	x0,x0,0	  x0:0x00000000
         915000	        90	80000148	ffe00d13	addi	x26,x0,-2	  x0:0x00000000 x26=0xfffffffe
         925000	        91	8000014c	2044b493	sltiu	x9,x9,516	  x9:0xfdd018a4  x9=0x00000000
         935000	        92	80000150	00000013	addi	x0,x0,0	  x0:0x00000000
         945000	        93	80000154	00200e93	addi	x29,x0,2	  x0:0x00000000 x29=0x00000002
         955000	        94	80000158	00dbb833	sltu	x16,x23,x13	 x23:0x5a0d9130 x13:0x80000000 x16=0x00000001
         965000	        95	8000015c	00fc1113	slli	x2,x24,0xf	 x24:0xf9f10ca6  x2=0x86530000
         975000	        96	80000160	00000013	addi	x0,x0,0	  x0:0x00000000
         985000	        97	80000164	a681fc13	andi	x24,x3,-1432	  x3:0x00000000 x24=0x00000000
         995000	        98	80000168	006d0d13	addi	x26,x26,6	 x26:0xfffffffe x26=0x00000004
        1005000	        99	8000016c	ccc58f13	addi	x30,x11,-820	 x11:0xfc6ff064 x30=0xfc6fed30
        1015000	       100	80000170	409f57b3	sra	x15,x30,x9	 x30:0xfc6fed30  x9:0x00000000 x15=0xfc6fed30
        1025000	       101	80000174	00091933	sll	x18,x18,x0	 x18:0x00000003  x0:0x00000000 x18=0x00000003
        1035000	       102	80000178	010c8bb3	add	x23,x25,x16	 x25:0x00000002 x16:0x00000001 x23=0x00000003
        1045000	       103	8000017c	d1b8cc93	xori	x25,x17,-741	 x17:0x80000000 x25=0x7ffffd1b
        1055000	       104	80000180	000eefb3	or	x31,x29,x0	 x29:0x00000002  x0:0x00000000 x31=0x00000002
        1065000	       105	80000184	0036d513	srli	x10,x13,0x3	 x13:0x80000000 x10=0x10000000
        1075000	       106	80000188	2f18e713	ori	x14,x17,753	 x17:0x80000000 x14=0x800002f1
        1085000	       107	8000018c	411d8cb3	sub	x25,x27,x17	 x27:0xf6b7c6e2 x17:0x80000000 x25=0x76b7c6e2
        1095000	       108	80000190	01d9c6b3	xor	x13,x19,x29	 x19:0x00000004 x29:0x00000002 x13=0x00000006
        1105000	       109	80000194	01c99113	slli	x2,x19,0x1c	 x19:0x00000004  x2=0x40000000
        1115000	       110	80000198	581ec313	xori	x6,x29,1409	 x29:0x00000002  x6=0x00000583
        1125000	       111	8000019c	01f5c9b3	xor	x19,x11,x31	 x11:0xfc6ff064 x31:0x00000002 x19=0xfc6ff066
        1135000	       112	800001a0	4054ddb3	sra	x27,x9,x5	  x9:0x00000000  x5:0x00000000 x27=0x00000000
        1145000	       113	800001a4	fbdd6ae3	bltu	x26,x29,80000158	 x26:0x00000004 x29:0x00000002
        1155000	       114	800001a8	010b4733	xor	x14,x22,x16	 x22:0xfd6e1c18 x16:0x00000001 x14=0xfd6e1c19
        1165000	       115	800001ac	ffe00813	addi	x16,x0,-2	  x0:0x00000000 x16=0xfffffffe
        1175000	       116	800001b0	64a1b797	auipc	x15,0x64a1b	 x15=0xe4a1b1ac
        1185000	       117	800001b4	ff800713	addi	x14,x0,-8	  x0:0x00000000 x14=0xfffffff8
        1195000	       118	800001b8	01d15313	srli	x6,x2,0x1d	  x2:0x40000000  x6=0x00000002
        1205000	       119	800001bc	a0463f93	sltiu	x31,x12,-1532	 x12:0x80009fc4 x31=0x00000001
        1215000	       120	800001c0	32fa22b7	lui	x5,0x32fa2	  x5=0x32fa2000
        1225000	       121	800001c4	012155b3	srl	x11,x2,x18	  x2:0x40000000 x18:0x00000003 x11=0x08000000
        1235000	       122	800001c8	7d1db993	sltiu	x19,x27,2001	 x27:0x00000000 x19=0x00000001
        1245000	       123	800001cc	ffa80813	addi	x16,x16,-6	 x16:0xfffffffe x16=0xfffffff8
        1255000	       124	800001d0	00c7e9b3	or	x19,x15,x12	 x15:0xe4a1b1ac x12:0x80009fc4 x19=0xe4a1bfec
        1265000	       125	800001d4	e3413d13	sltiu	x26,x2,-460	  x2:0x40000000 x26=0x00000001
        1275000	       126	800001d8	4db13793	sltiu	x15,x2,1243	  x2:0x40000000 x15=0x00000000
        1285000	       127	800001dc	00200c13	addi	x24,x0,2	  x0:0x00000000 x24=0x00000002
        1295000	       128	800001e0	0015b1b3	sltu	x3,x11,x1	 x11:0x08000000  x1:0x00000000  x3=0x00000000
        1305000	       129	800001e4	ff200f13	addi	x30,x0,-14	  x0:0x00000000 x30=0xfffffff2
        1315000	       130	800001e8	ec1bb113	sltiu	x2,x23,-319	 x23:0x00000003  x2=0x00000001
        1325000	       131	800001ec	ffdc0c13	addi	x24,x24,-3	 x24:0x00000002 x24=0xffffffff
        1335000	       132	800001f0	00fe8cb3	add	x25,x29,x15	 x29:0x00000002 x15:0x00000000 x25=0x00000002
        1345000	       133	800001f4	da58ccb7	lui	x25,0xda58c	 x25=0xda58c000
        1355000	       134	800001f8	ffec58e3	bge	x24,x30,800001e8	 x24:0xffffffff x30:0xfffffff2
        1365000	       135	00000000	00000013	addi	x0,x0,0	  x0:0x00000000
        1375000	       136	800001e4	00000013	addi	x0,x0,0	  x0:0x00000000
        1385000	       137	800001e8	ec1bb113	sltiu	x2,x23,-319	 x23:0x00000003  x2=0x00000001
        1395000	       138	800001ec	ffdc0c13	addi	x24,x24,-3	 x24:0xffffffff x24=0xfffffffc
        1405000	       139	800001f0	00fe8cb3	add	x25,x29,x15	 x29:0x00000002 x15:0x00000000 x25=0x00000002
        1415000	       140	800001f4	da58ccb7	lui	x25,0xda58c	 x25=0xda58c000
        1425000	       141	800001f8	ffec58e3	bge	x24,x30,800001e8	 x24:0xfffffffc x30:0xfffffff2
        1435000	       142	00000000	00000013	addi	x0,x0,0	  x0:0x00000000
        1445000	       143	800001e4	00000013	addi	x0,x0,0	  x0:0x00000000
        1455000	       144	800001e8	ec1bb113	sltiu	x2,x23,-319	 x23:0x00000003  x2=0x00000001
        1465000	       145	800001ec	ffdc0c13	addi	x24,x24,-3	 x24:0xfffffffc x24=0xfffffff9
        1475000	       146	800001f0	00fe8cb3	add	x25,x29,x15	 x29:0x00000002 x15:0x00000000 x25=0x00000002
        1485000	       147	800001f4	da58ccb7	lui	x25,0xda58c	 x25=0xda58c000
        1495000	       148	800001f8	ffec58e3	bge	x24,x30,800001e8	 x24:0xfffffff9 x30:0xfffffff2
        1505000	       149	00000000	00000013	addi	x0,x0,0	  x0:0x00000000
        1515000	       150	800001e4	00000013	addi	x0,x0,0	  x0:0x00000000
        1525000	       151	800001e8	ec1bb113	sltiu	x2,x23,-319	 x23:0x00000003  x2=0x00000001
        1535000	       152	800001ec	ffdc0c13	addi	x24,x24,-3	 x24:0xfffffff9 x24=0xfffffff6
        1545000	       153	800001f0	00fe8cb3	add	x25,x29,x15	 x29:0x00000002 x15:0x00000000 x25=0x00000002
        1555000	       154	800001f4	da58ccb7	lui	x25,0xda58c	 x25=0xda58c000
        1565000	       155	800001f8	ffec58e3	bge	x24,x30,800001e8	 x24:0xfffffff6 x30:0xfffffff2
        1575000	       156	00000000	00000013	addi	x0,x0,0	  x0:0x00000000
        1585000	       157	800001e4	00000013	addi	x0,x0,0	  x0:0x00000000
        1595000	       158	800001e8	ec1bb113	sltiu	x2,x23,-319	 x23:0x00000003  x2=0x00000001
        1605000	       159	800001ec	ffdc0c13	addi	x24,x24,-3	 x24:0xfffffff6 x24=0xfffffff3
        1615000	       160	800001f0	00fe8cb3	add	x25,x29,x15	 x29:0x00000002 x15:0x00000000 x25=0x00000002
        1625000	       161	800001f4	da58ccb7	lui	x25,0xda58c	 x25=0xda58c000
        1635000	       162	800001f8	ffec58e3	bge	x24,x30,800001e8	 x24:0xfffffff3 x30:0xfffffff2
        1645000	       163	00000000	00000013	addi	x0,x0,0	  x0:0x00000000
        1655000	       164	800001e4	00000013	addi	x0,x0,0	  x0:0x00000000
        1665000	       165	800001e8	ec1bb113	sltiu	x2,x23,-319	 x23:0x00000003  x2=0x00000001
        1675000	       166	800001ec	ffdc0c13	addi	x24,x24,-3	 x24:0xfffffff3 x24=0xfffffff0
        1685000	       167	800001f0	00fe8cb3	add	x25,x29,x15	 x29:0x00000002 x15:0x00000000 x25=0x00000002
        1695000	       168	800001f4	da58ccb7	lui	x25,0xda58c	 x25=0xda58c000
        1705000	       169	800001f8	ffec58e3	bge	x24,x30,800001e8	 x24:0xfffffff0 x30:0xfffffff2
        1715000	       170	800001fc	015ef033	and	x0,x29,x21	 x29:0x00000002 x21:0x800005c6
        1725000	       171	80000200	00dff3b3	and	x7,x31,x13	 x31:0x00000001 x13:0x00000006  x7=0x00000000
        1735000	       172	80000204	957deb93	ori	x23,x27,-1705	 x27:0x00000000 x23=0xfffff957
        1745000	       173	80000208	ab020b93	addi	x23,x4,-1360	  x4:0x80000000 x23=0x7ffffab0
        1755000	       174	8000020c	fae818e3	bne	x16,x14,800001bc	 x16:0xfffffff8 x14:0xfffffff8
        1765000	       175	80000210	00000013	addi	x0,x0,0	  x0:0x00000000
        1775000	       176	80000214	1326bb93	sltiu	x23,x13,306	 x13:0x00000006 x23=0x00000001
        1785000	       177	80000218	08b90d93	addi	x27,x18,139	 x18:0x00000003 x27=0x0000008e
        1795000	       178	8000021c	41205d33	sra	x26,x0,x18	  x0:0x00000000 x18:0x00000003 x26=0x00000000
        1805000	       179	80000220	01fe8cb3	add	x25,x29,x31	 x29:0x00000002 x31:0x00000001 x25=0x00000003
        1815000	       180	80000224	41458c33	sub	x24,x11,x20	 x11:0x08000000 x20:0x80009f84 x24=0x87ff607c
        1825000	       181	80000228	00000013	addi	x0,x0,0	  x0:0x00000000
        1835000	       182	8000022c	419883b3	sub	x7,x17,x25	 x17:0x80000000 x25:0x00000003  x7=0x7ffffffd
        1845000	       183	80000230	172b0913	addi	x18,x22,370	 x22:0xfd6e1c18 x18=0xfd6e1d8a
        1855000	       184	80000234	04677513	andi	x10,x14,70	 x14:0xfffffff8 x10=0x00000040
        1865000	       185	80000238	6fa56593	ori	x11,x10,1786	 x10:0x00000040 x11=0x000006fa
        1875000	       186	8000023c	05bf1263	bne	x30,x27,80000280	 x30:0xfffffff2 x27:0x0000008e
        1885000	       187	00000000	00000013	addi	x0,x0,0	  x0:0x00000000
        1895000	       188	8000027c	00000013	addi	x0,x0,0	  x0:0x00000000
        1905000	       189	80000280	02c0f263	bgeu	x1,x12,800002a4	  x1:0x00000000 x12:0x80009fc4
        1915000	       190	80000284	40c5deb3	sra	x29,x11,x12	 x11:0x000006fa x12:0x80009fc4 x29=0x0000006f
        1925000	       191	80000288	a17a0813	addi	x16,x20,-1513	 x20:0x80009f84 x16=0x8000999b
        1935000	       192	8000028c	000e1eb3	sll	x29,x28,x0	 x28:0x80000000  x0:0x00000000 x29=0x80000000
        1945000	       193	80000290	00000013	addi	x0,x0,0	  x0:0x00000000
        1955000	       194	80000294	06000863	beq	x0,x0,80000304	  x0:0x00000000  x0:0x00000000
        1965000	       195	00000000	00000013	addi	x0,x0,0	  x0:0x00000000
        1975000	       196	80000300	00000013	addi	x0,x0,0	  x0:0x00000000
        1985000	       197	80000304	013bf5b3	and	x11,x23,x19	 x23:0x00000001 x19:0xe4a1bfec x11=0x00000000
        1995000	       198	80000308	017b97b3	sll	x15,x23,x23	 x23:0x00000001 x23:0x00000001 x15=0x00000002
        2005000	       199	8000030c	874d5f17	auipc	x30,0x874d5	 x30=0x074d5308
        2015000	       200	80000310	0b9ba213	slti	x4,x23,185	 x23:0x00000001  x4=0x00000001
        2025000	       201	80000314	04f34863	blt	x6,x15,80000364	  x6:0x00000002 x15:0x00000002
        2035000	       202	80000318	01d10d33	add	x26,x2,x29	  x2:0x00000001 x29:0x80000000 x26=0x80000001
        2045000	       203	8000031c	0135a7b3	slt	x15,x11,x19	 x11:0x00000000 x19:0xe4a1bfec x15=0x00000000
        2055000	       204	80000320	26fec013	xori	x0,x29,623	 x29:0x80000000
        2065000	       205	80000324	010b51b3	srl	x3,x22,x16	 x22:0xfd6e1c18 x16:0x8000999b  x3=0x0000001f
        2075000	       206	80000328	03d28663	beq	x5,x29,80000354	  x5:0x32fa2000 x29:0x80000000
        2085000	       207	8000032c	00bec0b3	xor	x1,x29,x11	 x29:0x80000000 x11:0x00000000  x1=0x80000000
        2095000	       208	80000330	41e70433	sub	x8,x14,x30	 x14:0xfffffff8 x30:0x074d5308  x8=0xf8b2acf0
        2105000	       209	80000334	01d15a63	bge	x2,x29,80000348	  x2:0x00000001 x29:0x80000000
        2115000	       210	00000000	00000013	addi	x0,x0,0	  x0:0x00000000
        2125000	       211	80000344	00000013	addi	x0,x0,0	  x0:0x00000000
        2135000	       212	80000348	003a33b3	sltu	x7,x20,x3	 x20:0x80009f84  x3:0x0000001f  x7=0x00000000
        2145000	       213	8000034c	40058933	sub	x18,x11,x0	 x11:0x00000000  x0:0x00000000 x18=0x00000000
        2155000	       214	80000350	01a1e0b3	or	x1,x3,x26	  x3:0x0000001f x26:0x80000001  x1=0x8000001f
        2165000	       215	80000354	00811b93	slli	x23,x2,0x8	  x2:0x00000001 x23=0x00000100
        2175000	       216	80000358	40aa0133	sub	x2,x20,x10	 x20:0x80009f84 x10:0x00000040  x2=0x80009f44
        2185000	       217	8000035c	016e44b3	xor	x9,x28,x22	 x28:0x80000000 x22:0xfd6e1c18  x9=0x7d6e1c18
        2195000	       218	80000360	001b5233	srl	x4,x22,x1	 x22:0xfd6e1c18  x1:0x8000001f  x4=0x00000001
        2205000	       219	80000364	0576d063	bge	x13,x23,800003a4	 x13:0x00000006 x23:0x00000100
        2215000	       220	80000368	017c9263	bne	x25,x23,8000036c	 x25:0x00000003 x23:0x00000100
        2225000	       221	00000000	00000013	addi	x0,x0,0	  x0:0x00000000
        2235000	       222	80000368	00000013	addi	x0,x0,0	  x0:0x00000000
        2245000	       223	8000036c	00429413	slli	x8,x5,0x4	  x5:0x32fa2000  x8=0x2fa20000
        2255000	       224	80000370	00869393	slli	x7,x13,0x8	 x13:0x00000006  x7=0x00000600
        2265000	       225	80000374	05c31463	bne	x6,x28,800003bc	  x6:0x00000002 x28:0x80000000
        2275000	       226	00000000	00000013	addi	x0,x0,0	  x0:0x00000000
        2285000	       227	800003b8	00000013	addi	x0,x0,0	  x0:0x00000000
        2295000	       228	800003bc	9ad56b93	ori	x23,x10,-1619	 x10:0x00000040 x23=0xfffff9ed
        2305000	       229	800003c0	88295d37	lui	x26,0x88295	 x26=0x88295000
        2315000	       230	800003c4	00a5cc33	xor	x24,x11,x10	 x11:0x00000000 x10:0x00000040 x24=0x00000040
        2325000	       231	800003c8	afef4e13	xori	x28,x30,-1282	 x30:0x074d5308 x28=0xf8b2a9f6
        2335000	       232	800003cc	0112d5b3	srl	x11,x5,x17	  x5:0x32fa2000 x17:0x80000000 x11=0x32fa2000
        2345000	       233	800003d0	f4877813	andi	x16,x14,-184	 x14:0xfffffff8 x16=0xffffff48
        2355000	       234	800003d4	0118ebb3	or	x23,x17,x17	 x17:0x80000000 x17:0x80000000 x23=0x80000000
        2365000	       235	800003d8	92514e97	auipc	x29,0x92514	 x29=0x125143d4
        2375000	       236	800003dc	004b1093	slli	x1,x22,0x4	 x22:0xfd6e1c18  x1=0xd6e1c180
        2385000	       237	800003e0	404558b3	sra	x17,x10,x4	 x10:0x00000040  x4:0x00000001 x17=0x00000020
        2395000	       238	800003e4	82b87f93	andi	x31,x16,-2005	 x16:0xffffff48 x31=0xfffff808
        2405000	       239	800003e8	00a867b3	or	x15,x16,x10	 x16:0xffffff48 x10:0x00000040 x15=0xffffff48
        2415000	       240	800003ec	410fd1b3	sra	x3,x31,x16	 x31:0xfffff808 x16:0xffffff48  x3=0xfffffff8
        2425000	       241	800003f0	0068cf33	xor	x30,x17,x6	 x17:0x00000020  x6:0x00000002 x30=0x00000022
        2435000	       242	800003f4	0efc7593	andi	x11,x24,239	 x24:0x00000040 x11=0x00000040
        2445000	       243	800003f8	41585313	srai	x6,x16,0x15	 x16:0xffffff48  x6=0xffffffff
        2455000	       244	800003fc	bd0dec13	ori	x24,x27,-1072	 x27:0x0000008e x24=0xfffffbde
        2465000	       245	80000400	00195233	srl	x4,x18,x1	 x18:0x00000000  x1:0xd6e1c180  x4=0x00000000
        2475000	       246	80000404	ab1ebd13	sltiu	x26,x29,-1359	 x29:0x125143d4 x26=0x00000001
        2485000	       247	80000408	05215863	bge	x2,x18,80000458	  x2:0x80009f44 x18:0x00000000
        2495000	       248	8000040c	037b0d93	addi	x27,x22,55	 x22:0xfd6e1c18 x27=0xfd6e1c4f
        2505000	       249	80000410	a19ff313	andi	x6,x31,-1511	 x31:0xfffff808  x6=0xfffff808
        2515000	       250	80000414	4188d813	srai	x16,x17,0x18	 x17:0x00000020 x16=0x00000000
        2525000	       251	80000418	a1fb0693	addi	x13,x22,-1505	 x22:0xfd6e1c18 x13=0xfd6e1637
        2535000	       252	8000041c	0065cc63	blt	x11,x6,80000434	 x11:0x00000040  x6:0xfffff808
        2545000	       253	80000420	fea96e17	auipc	x28,0xfea96	 x28=0x7ea9641c
        2555000	       254	80000424	40830bb3	sub	x23,x6,x8	  x6:0xfffff808  x8:0x2fa20000 x23=0xd05df808
        2565000	       255	80000428	04a8c663	blt	x17,x10,80000474	 x17:0x00000020 x10:0x00000040
        2575000	       256	00000000	00000013	addi	x0,x0,0	  x0:0x00000000
        2585000	       257	80000470	00000013	addi	x0,x0,0	  x0:0x00000000
        2595000	       258	80000474	01e42433	slt	x8,x8,x30	  x8:0x2fa20000 x30:0x00000022  x8=0x00000000
        2605000	       259	80000478	0110d233	srl	x4,x1,x17	  x1:0xd6e1c180 x17:0x00000020  x4=0xd6e1c180
        2615000	       260	8000047c	01012e33	slt	x28,x2,x16	  x2:0x80009f44 x16:0x00000000 x28=0x00000001
        2625000	       261	80000480	01961533	sll	x10,x12,x25	 x12:0x80009fc4 x25:0x00000003 x10=0x0004fe20
        2635000	       262	80000484	058cf463	bgeu	x25,x24,800004cc	 x25:0x00000003 x24:0xfffffbde
        2645000	       263	80000488	04307863	bgeu	x0,x3,800004d8	  x0:0x00000000  x3:0xfffffff8
        2655000	       264	8000048c	f5494193	xori	x3,x18,-172	 x18:0x00000000  x3=0xffffff54
        2665000	       265	80000490	02fdcc63	blt	x27,x15,800004c8	 x27:0xfd6e1c4f x15:0xffffff48
        2675000	       266	00000000	00000013	addi	x0,x0,0	  x0:0x00000000
        2685000	       267	800004c4	00000013	addi	x0,x0,0	  x0:0x00000000
        2695000	       268	800004c8	00000013	addi	x0,x0,0	  x0:0x00000000
        2705000	       269	800004cc	012c7e63	bgeu	x24,x18,800004e8	 x24:0xfffffbde x18:0x00000000
        2715000	       270	00000000	00000013	addi	x0,x0,0	  x0:0x00000000
        2725000	       271	800004e4	00000013	addi	x0,x0,0	  x0:0x00000000
        2735000	       272	800004e8	0110eab3	or	x21,x1,x17	  x1:0xd6e1c180 x17:0x00000020 x21=0xd6e1c1a0
        2745000	       273	800004ec	00000b17	auipc	x22,0x0	 x22=0x800004e8
        2755000	       274	800004f0	00cb0b13	addi	x22,x22,12	 x22:0x800004e8 x22=0x800004f4
        2765000	       275	800004f4	000b0067	jalr	x0,x22,0	 x22:0x800004f4
        2775000	       276	00000000	00000013	addi	x0,x0,0	  x0:0x00000000
        2785000	       277	800004f4	00000013	addi	x0,x0,0	  x0:0x00000000
        2795000	       278	800004f8	00100193	addi	x3,x0,1	  x0:0x00000000  x3=0x00000001
        2805000	       279	800004fc	00000073	ecall	
        2815000	       280	80000500	00045f13	srli	x30,x8,0x0	  x8:0x00000000 x30=0x00000000
