		Time			Cycle	PC		Insn	Decoded instruction	Register and memory contents
          65000	         5	80000004	00000293	addi	x5,x0,0	  x0:0x00000000  x5=0x00000000
          75000	         6	80000008	00000313	addi	x6,x0,0	  x0:0x00000000  x6=0x00000000
          85000	         7	8000000c	00628263	beq	x5,x6,80000010	  x5:0x00000000  x6:0x00000000
          95000	         8	00000000	00000013	addi	x0,x0,0	  x0:0x00000000
         105000	         9	8000000c	00000013	addi	x0,x0,0	  x0:0x00000000
         115000	        10	80000010	00000d17	auipc	x26,0x0	 x26=0x8000000c
         125000	        11	80000014	00cd0d13	addi	x26,x26,12	 x26:0x8000000c x26=0x80000018
         135000	        12	80000018	000d0067	jalr	x0,x26,0	 x26:0x80000018
         145000	        13	00000000	00000013	addi	x0,x0,0	  x0:0x00000000
         155000	        14	80000018	00000013	addi	x0,x0,0	  x0:0x00000000
         165000	        15	8000001c	400004b7	lui	x9,0x40000	  x9=0x40000000
         175000	        16	80000020	10048493	addi	x9,x9,256	  x9:0x40000000  x9=0x40000100
         185000	        17	80000024	00000013	addi	x0,x0,0	  x0:0x00000000
         195000	        18	80000028	0000a597	auipc	x11,0xa	 x11=0x8000a024
         205000	        19	8000002c	fa058593	addi	x11,x11,-96	 x11:0x8000a024 x11=0x80009fc4
         215000	        20	80000030	00004497	auipc	x9,0x4	  x9=0x8000402c
         225000	        21	80000034	86448493	addi	x9,x9,-1948	  x9:0x8000402c  x9=0x80003890
         235000	        22	80000038	0014e493	ori	x9,x9,1	  x9:0x80003890  x9=0x80003891
         245000	        23	8000003c	00000013	addi	x0,x0,0	  x0:0x00000000
         255000	        24	80000040	00000497	auipc	x9,0x0	  x9=0x8000003c
         265000	        25	80000044	02048493	addi	x9,x9,32	  x9:0x8000003c  x9=0x8000005c
         275000	        26	80000048	00000013	addi	x0,x0,0	  x0:0x00000000
         285000	        27	8000004c	00000013	addi	x0,x0,0	  x0:0x00000000
         295000	        28	80000050	000024b7	lui	x9,0x2	  x9=0x00002000
         305000	        29	80000054	80048493	addi	x9,x9,-2048	  x9:0x00002000  x9=0x00001800
         315000	        30	80000058	00000013	addi	x0,x0,0	  x0:0x00000000
         325000	        31	8000005c	00000013	addi	x0,x0,0	  x0:0x00000000
         335000	        32	80000060	91fae037	lui	x0,0x91fae	
         345000	        33	80000064	48200013	addi	x0,x0,1154	  x0:0x00000000
         355000	        34	80000068	800000b7	lui	x1,0x80000	  x1=0x80000000
         365000	        35	8000006c	0d64e137	lui	x2,0xd64e	  x2=0x0d64e000
         375000	        36	80000070	b6e10113	addi	x2,x2,-1170	  x2:0x0d64e000  x2=0x0d64db6e
         385000	        37	80000074	00000193	addi	x3,x0,0	  x0:0x00000000  x3=0x00000000
         395000	        38	80000078	80000237	lui	x4,0x80000	  x4=0x80000000
         405000	        39	8000007c	00000313	addi	x6,x0,0	  x0:0x00000000  x6=0x00000000
         415000	        40	80000080	f0f1d3b7	lui	x7,0xf0f1d	  x7=0xf0f1d000
         425000	        41	80000084	e9938393	addi	x7,x7,-359	  x7:0xf0f1d000  x7=0xf0f1ce99
         435000	        42	80000088	00000413	addi	x8,x0,0	  x0:0x00000000  x8=0x00000000
         445000	        43	8000008c	ee7734b7	lui	x9,0xee773	  x9=0xee773000
         455000	        44	80000090	76948493	addi	x9,x9,1897	  x9:0xee773000  x9=0xee773769
         465000	        45	80000094	00c00513	addi	x10,x0,12	  x0:0x00000000 x10=0x0000000c
         475000	        46	80000098	80000637	lui	x12,0x80000	 x12=0x80000000
         485000	        47	8000009c	f805b6b7	lui	x13,0xf805b	 x13=0xf805b000
         495000	        48	800000a0	25968693	addi	x13,x13,601	 x13:0xf805b000 x13=0xf805b259
         505000	        49	800000a4	00600713	addi	x14,x0,6	  x0:0x00000000 x14=0x00000006
         515000	        50	800000a8	00000793	addi	x15,x0,0	  x0:0x00000000 x15=0x00000000
         525000	        51	800000ac	f516a837	lui	x16,0xf516a	 x16=0xf516a000
         535000	        52	800000b0	25480813	addi	x16,x16,596	 x16:0xf516a000 x16=0xf516a254
         545000	        53	800000b4	fdf518b7	lui	x17,0xfdf51	 x17=0xfdf51000
         555000	        54	800000b8	67a88893	addi	x17,x17,1658	 x17:0xfdf51000 x17=0xfdf5167a
         565000	        55	800000bc	00600913	addi	x18,x0,6	  x0:0x00000000 x18=0x00000006
         575000	        56	800000c0	fb9329b7	lui	x19,0xfb932	 x19=0xfb932000
         585000	        57	800000c4	d4a98993	addi	x19,x19,-694	 x19:0xfb932000 x19=0xfb931d4a
         595000	        58	800000c8	80000a37	lui	x20,0x80000	 x20=0x80000000
         605000	        59	800000cc	00600a93	addi	x21,x0,6	  x0:0x00000000 x21=0x00000006
         615000	        60	800000d0	7e47bb37	lui	x22,0x7e47b	 x22=0x7e47b000
         625000	        61	800000d4	9b0b0b13	addi	x22,x22,-1616	 x22:0x7e47b000 x22=0x7e47a9b0
         635000	        62	800000d8	6e701bb7	lui	x23,0x6e701	 x23=0x6e701000
         645000	        63	800000dc	b22b8b93	addi	x23,x23,-1246	 x23:0x6e701000 x23=0x6e700b22
         655000	        64	800000e0	9824bc37	lui	x24,0x9824b	 x24=0x9824b000
         665000	        65	800000e4	78cc0c13	addi	x24,x24,1932	 x24:0x9824b000 x24=0x9824b78c
         675000	        66	800000e8	80000cb7	lui	x25,0x80000	 x25=0x80000000
         685000	        67	800000ec	26143d37	lui	x26,0x26143	 x26=0x26143000
         695000	        68	800000f0	aeed0d13	addi	x26,x26,-1298	 x26:0x26143000 x26=0x26142aee
         705000	        69	800000f4	00000d93	addi	x27,x0,0	  x0:0x00000000 x27=0x00000000
         715000	        70	800000f8	f062fe37	lui	x28,0xf062f	 x28=0xf062f000
         725000	        71	800000fc	896e0e13	addi	x28,x28,-1898	 x28:0xf062f000 x28=0xf062e896
         735000	        72	80000100	f3bf5eb7	lui	x29,0xf3bf5	 x29=0xf3bf5000
         745000	        73	80000104	660e8e93	addi	x29,x29,1632	 x29:0xf3bf5000 x29=0xf3bf5660
         755000	        74	80000108	00300f13	addi	x30,x0,3	  x0:0x00000000 x30=0x00000003
         765000	        75	8000010c	80000fb7	lui	x31,0x80000	 x31=0x80000000
         775000	        76	80000110	0000a297	auipc	x5,0xa	  x5=0x8000a10c
         785000	        77	80000114	e7828293	addi	x5,x5,-392	  x5:0x8000a10c  x5=0x80009f84
         795000	        78	80000118	085d5137	lui	x2,0x85d5	  x2=0x085d5000
         805000	        79	8000011c	00000c17	auipc	x24,0x0	 x24=0x80000118
         815000	        80	80000120	558c0c13	addi	x24,x24,1368	 x24:0x80000118 x24=0x80000670
         825000	        81	80000124	014e5993	srli	x19,x28,0x14	 x28:0xf062e896 x19=0x00000f06
         835000	        82	80000128	01b311b3	sll	x3,x6,x27	  x6:0x00000000 x27:0x00000000  x3=0x00000000
         845000	        83	8000012c	f55c0c13	addi	x24,x24,-171	 x24:0x80000670 x24=0x800005c5
         855000	        84	80000130	01cf30b3	sltu	x1,x30,x28	 x30:0x00000003 x28:0xf062e896  x1=0x00000001
         865000	        85	80000134	00211813	slli	x16,x2,0x2	  x2:0x085d5000 x16=0x21754000
         875000	        86	80000138	41ab0b33	sub	x22,x22,x26	 x22:0x7e47a9b0 x26:0x26142aee x22=0x58337ec2
         885000	        87	8000013c	59ef8137	lui	x2,0x59ef8	  x2=0x59ef8000
         895000	        88	80000140	006b6ab3	or	x21,x22,x6	 x22:0x58337ec2  x6:0x00000000 x21=0x58337ec2
         905000	        89	80000144	41f30bb3	sub	x23,x6,x31	  x6:0x00000000 x31:0x80000000 x23=0x80000000
         915000	        90	80000148	0acc0f67	jalr	x30,x24,172	 x24:0x800005c5 x30=0x80000148
         925000	        91	00000000	00000013	addi	x0,x0,0	  x0:0x00000000
         935000	        92	80000670	00000013	addi	x0,x0,0	  x0:0x00000000
         945000	        93	80000674	c5b88a97	auipc	x21,0xc5b88	 x21=0x45b88670
         955000	        94	80000678	fc028293	addi	x5,x5,-64	  x5:0x80009f84  x5=0x80009f44
         965000	        95	8000067c	2e5c0b97	auipc	x23,0x2e5c0	 x23=0xae5c0678
         975000	        96	80000680	01e2a223	sw	x30,4(x5)	  x5:0x80009f44 x30:0x80000148 PA:0x80009f48
         985000	        97	80000684	259c8813	addi	x16,x25,601	 x25:0x80000000 x16=0x80000259
         995000	        98	80000688	00400d93	addi	x27,x0,4	  x0:0x00000000 x27=0x00000004
        1005000	        99	8000068c	01a433b3	sltu	x7,x8,x26	  x8:0x00000000 x26:0x26142aee  x7=0x00000001
        1015000	       100	80000690	17b84f97	auipc	x31,0x17b84	 x31=0x97b8468c
        1025000	       101	80000694	01200693	addi	x13,x0,18	  x0:0x00000000 x13=0x00000012
        1035000	       102	80000698	019a8133	add	x2,x21,x25	 x21:0x45b88670 x25:0x80000000  x2=0xc5b88670
        1045000	       103	8000069c	005ba733	slt	x14,x23,x5	 x23:0xae5c0678  x5:0x80009f44 x14=0x00000000
        1055000	       104	800006a0	013a4433	xor	x8,x20,x19	 x20:0x80000000 x19:0x00000f06  x8=0x80000f06
        1065000	       105	800006a4	004d8d93	addi	x27,x27,4	 x27:0x00000004 x27=0x00000008
        1075000	       106	800006a8	00d2d4b3	srl	x9,x5,x13	  x5:0x80009f44 x13:0x00000012  x9=0x00002000
        1085000	       107	800006ac	ff600193	addi	x3,x0,-10	  x0:0x00000000  x3=0xfffffff6
        1095000	       108	800006b0	01100b93	addi	x23,x0,17	  x0:0x00000000 x23=0x00000011
        1105000	       109	800006b4	e4f4fc13	andi	x24,x9,-433	  x9:0x00002000 x24=0x00002000
        1115000	       110	800006b8	00ac1513	slli	x10,x24,0xa	 x24:0x00002000 x10=0x00800000
        1125000	       111	800006bc	01859133	sll	x2,x11,x24	 x11:0x80009fc4 x24:0x00002000  x2=0x80009fc4
        1135000	       112	800006c0	0171e0b3	or	x1,x3,x23	  x3:0xfffffff6 x23:0x00000011  x1=0xfffffff7
        1145000	       113	800006c4	000a8533	add	x10,x21,x0	 x21:0x45b88670  x0:0x00000000 x10=0x45b88670
        1155000	       114	800006c8	b0aaea93	ori	x21,x21,-1270	 x21:0x45b88670 x21=0xffffff7a
        1165000	       115	800006cc	00000013	addi	x0,x0,0	  x0:0x00000000
        1175000	       116	800006d0	00af8833	add	x16,x31,x10	 x31:0x97b8468c x10:0x45b88670 x16=0xdd70ccfc
        1185000	       117	800006d4	00718193	addi	x3,x3,7	  x3:0xfffffff6  x3=0xfffffffd
        1195000	       118	800006d8	ff71e6e3	bltu	x3,x23,800006c4	  x3:0xfffffffd x23:0x00000011
        1205000	       119	800006dc	011f03b3	add	x7,x30,x17	 x30:0x80000148 x17:0xfdf5167a  x7=0x7df517c2
        1215000	       120	800006e0	fcdde0e3	bltu	x27,x13,800006a0	 x27:0x00000008 x13:0x00000012
        1225000	       121	00000000	00000013	addi	x0,x0,0	  x0:0x00000000
        1235000	       122	8000069c	00000013	addi	x0,x0,0	  x0:0x00000000
        1245000	       123	800006a0	013a4433	xor	x8,x20,x19	 x20:0x80000000 x19:0x00000f06  x8=0x80000f06
        1255000	       124	800006a4	004d8d93	addi	x27,x27,4	 x27:0x00000008 x27=0x0000000c
        1265000	       125	800006a8	00d2d4b3	srl	x9,x5,x13	  x5:0x80009f44 x13:0x00000012  x9=0x00002000
        1275000	       126	800006ac	ff600193	addi	x3,x0,-10	  x0:0x00000000  x3=0xfffffff6
        1285000	       127	800006b0	01100b93	addi	x23,x0,17	  x0:0x00000000 x23=0x00000011
        1295000	       128	800006b4	e4f4fc13	andi	x24,x9,-433	  x9:0x00002000 x24=0x00002000
        1305000	       129	800006b8	00ac1513	slli	x10,x24,0xa	 x24:0x00002000 x10=0x00800000
        1315000	       130	800006bc	01859133	sll	x2,x11,x24	 x11:0x80009fc4 x24:0x00002000  x2=0x80009fc4
        1325000	       131	800006c0	0171e0b3	or	x1,x3,x23	  x3:0xfffffff6 x23:0x00000011  x1=0xfffffff7
        1335000	       132	800006c4	000a8533	add	x10,x21,x0	 x21:0xffffff7a  x0:0x00000000 x10=0xffffff7a
        1345000	       133	800006c8	b0aaea93	ori	x21,x21,-1270	 x21:0xffffff7a x21=0xffffff7a
        1355000	       134	800006cc	00000013	addi	x0,x0,0	  x0:0x00000000
        1365000	       135	800006d0	00af8833	add	x16,x31,x10	 x31:0x97b8468c x10:0xffffff7a x16=0x97b84606
        1375000	       136	800006d4	00718193	addi	x3,x3,7	  x3:0xfffffff6  x3=0xfffffffd
        1385000	       137	800006d8	ff71e6e3	bltu	x3,x23,800006c4	  x3:0xfffffffd x23:0x00000011
        1395000	       138	800006dc	011f03b3	add	x7,x30,x17	 x30:0x80000148 x17:0xfdf5167a  x7=0x7df517c2
        1405000	       139	800006e0	fcdde0e3	bltu	x27,x13,800006a0	 x27:0x0000000c x13:0x00000012
        1415000	       140	00000000	00000013	addi	x0,x0,0	  x0:0x00000000
        1425000	       141	8000069c	00000013	addi	x0,x0,0	  x0:0x00000000
        1435000	       142	800006a0	013a4433	xor	x8,x20,x19	 x20:0x80000000 x19:0x00000f06  x8=0x80000f06
        1445000	       143	800006a4	004d8d93	addi	x27,x27,4	 x27:0x0000000c x27=0x00000010
        1455000	       144	800006a8	00d2d4b3	srl	x9,x5,x13	  x5:0x80009f44 x13:0x00000012  x9=0x00002000
        1465000	       145	800006ac	ff600193	addi	x3,x0,-10	  x0:0x00000000  x3=0xfffffff6
        1475000	       146	800006b0	01100b93	addi	x23,x0,17	  x0:0x00000000 x23=0x00000011
        1485000	       147	800006b4	e4f4fc13	andi	x24,x9,-433	  x9:0x00002000 x24=0x00002000
        1495000	       148	800006b8	00ac1513	slli	x10,x24,0xa	 x24:0x00002000 x10=0x00800000
        1505000	       149	800006bc	01859133	sll	x2,x11,x24	 x11:0x80009fc4 x24:0x00002000  x2=0x80009fc4
        1515000	       150	800006c0	0171e0b3	or	x1,x3,x23	  x3:0xfffffff6 x23:0x00000011  x1=0xfffffff7
        1525000	       151	800006c4	000a8533	add	x10,x21,x0	 x21:0xffffff7a  x0:0x00000000 x10=0xffffff7a
        1535000	       152	800006c8	b0aaea93	ori	x21,x21,-1270	 x21:0xffffff7a x21=0xffffff7a
        1545000	       153	800006cc	00000013	addi	x0,x0,0	  x0:0x00000000
        1555000	       154	800006d0	00af8833	add	x16,x31,x10	 x31:0x97b8468c x10:0xffffff7a x16=0x97b84606
        1565000	       155	800006d4	00718193	addi	x3,x3,7	  x3:0xfffffff6  x3=0xfffffffd
        1575000	       156	800006d8	ff71e6e3	bltu	x3,x23,800006c4	  x3:0xfffffffd x23:0x00000011
        1585000	       157	800006dc	011f03b3	add	x7,x30,x17	 x30:0x80000148 x17:0xfdf5167a  x7=0x7df517c2
        1595000	       158	800006e0	fcdde0e3	bltu	x27,x13,800006a0	 x27:0x00000010 x13:0x00000012
        1605000	       159	00000000	00000013	addi	x0,x0,0	  x0:0x00000000
        1615000	       160	8000069c	00000013	addi	x0,x0,0	  x0:0x00000000
        1625000	       161	800006a0	013a4433	xor	x8,x20,x19	 x20:0x80000000 x19:0x00000f06  x8=0x80000f06
        1635000	       162	800006a4	004d8d93	addi	x27,x27,4	 x27:0x00000010 x27=0x00000014
        1645000	       163	800006a8	00d2d4b3	srl	x9,x5,x13	  x5:0x80009f44 x13:0x00000012  x9=0x00002000
        1655000	       164	800006ac	ff600193	addi	x3,x0,-10	  x0:0x00000000  x3=0xfffffff6
        1665000	       165	800006b0	01100b93	addi	x23,x0,17	  x0:0x00000000 x23=0x00000011
        1675000	       166	800006b4	e4f4fc13	andi	x24,x9,-433	  x9:0x00002000 x24=0x00002000
        1685000	       167	800006b8	00ac1513	slli	x10,x24,0xa	 x24:0x00002000 x10=0x00800000
        1695000	       168	800006bc	01859133	sll	x2,x11,x24	 x11:0x80009fc4 x24:0x00002000  x2=0x80009fc4
        1705000	       169	800006c0	0171e0b3	or	x1,x3,x23	  x3:0xfffffff6 x23:0x00000011  x1=0xfffffff7
        1715000	       170	800006c4	000a8533	add	x10,x21,x0	 x21:0xffffff7a  x0:0x00000000 x10=0xffffff7a
        1725000	       171	800006c8	b0aaea93	ori	x21,x21,-1270	 x21:0xffffff7a x21=0xffffff7a
        1735000	       172	800006cc	00000013	addi	x0,x0,0	  x0:0x00000000
        1745000	       173	800006d0	00af8833	add	x16,x31,x10	 x31:0x97b8468c x10:0xffffff7a x16=0x97b84606
        1755000	       174	800006d4	00718193	addi	x3,x3,7	  x3:0xfffffff6  x3=0xfffffffd
        1765000	       175	800006d8	ff71e6e3	bltu	x3,x23,800006c4	  x3:0xfffffffd x23:0x00000011
        1775000	       176	800006dc	011f03b3	add	x7,x30,x17	 x30:0x80000148 x17:0xfdf5167a  x7=0x7df517c2
        1785000	       177	800006e0	fcdde0e3	bltu	x27,x13,800006a0	 x27:0x00000014 x13:0x00000012
        1795000	       178	800006e4	aa828413	addi	x8,x5,-1368	  x5:0x80009f44  x8=0x800099ec
        1805000	       179	800006e8	ffb00793	addi	x15,x0,-5	  x0:0x00000000 x15=0xfffffffb
        1815000	       180	800006ec	00000013	addi	x0,x0,0	  x0:0x00000000
        1825000	       181	800006f0	04ed6097	auipc	x1,0x4ed6	  x1=0x84ed66ec
        1835000	       182	800006f4	bf572813	slti	x16,x14,-1035	 x14:0x00000000 x16=0x00000000
        1845000	       183	800006f8	fec00b93	addi	x23,x0,-20	  x0:0x00000000 x23=0xffffffec
        1855000	       184	800006fc	b8d02493	slti	x9,x0,-1139	  x0:0x00000000  x9=0x00000000
        1865000	       185	80000700	00005ab3	srl	x21,x0,x0	  x0:0x00000000  x0:0x00000000 x21=0x00000000
        1875000	       186	80000704	0c9e2f93	slti	x31,x28,201	 x28:0xf062e896 x31=0x00000001
        1885000	       187	80000708	e3d4c213	xori	x4,x9,-451	  x9:0x00000000  x4=0xfffffe3d
        1895000	       188	8000070c	ffb78793	addi	x15,x15,-5	 x15:0xfffffffb x15=0xfffffff6
        1905000	       189	80000710	ff778ae3	beq	x15,x23,80000704	 x15:0xfffffff6 x23:0xffffffec
        1915000	       190	80000714	00df7ab3	and	x21,x30,x13	 x30:0x80000148 x13:0x00000012 x21=0x00000000
        1925000	       191	80000718	ffe00113	addi	x2,x0,-2	  x0:0x00000000  x2=0xfffffffe
        1935000	       192	8000071c	016198b3	sll	x17,x3,x22	  x3:0xfffffffd x22:0x58337ec2 x17=0xfffffff4
        1945000	       193	80000720	b688e513	ori	x10,x17,-1176	 x17:0xfffffff4 x10=0xfffffffc
        1955000	       194	80000724	aaaf2093	slti	x1,x30,-1366	 x30:0x80000148  x1=0x00000001
        1965000	       195	80000728	00500693	addi	x13,x0,5	  x0:0x00000000 x13=0x00000005
        1975000	       196	8000072c	6a3d4893	xori	x17,x26,1699	 x26:0x26142aee x17=0x26142c4d
        1985000	       197	80000730	7a1e2713	slti	x14,x28,1953	 x28:0xf062e896 x14=0x00000001
        1995000	       198	80000734	00510113	addi	x2,x2,5	  x2:0xfffffffe  x2=0x00000003
        2005000	       199	80000738	ce2c3013	sltiu	x0,x24,-798	 x24:0x00002000
        2015000	       200	8000073c	7fc0d3b7	lui	x7,0x7fc0d	  x7=0x7fc0d000
        2025000	       201	80000740	ff700a93	addi	x21,x0,-9	  x0:0x00000000 x21=0xfffffff7
        2035000	       202	80000744	00000013	addi	x0,x0,0	  x0:0x00000000
        2045000	       203	80000748	008a8533	add	x10,x21,x8	 x21:0xfffffff7  x8:0x800099ec x10=0x800099e3
        2055000	       204	8000074c	ffd00f13	addi	x30,x0,-3	  x0:0x00000000 x30=0xfffffffd
        2065000	       205	80000750	00000013	addi	x0,x0,0	  x0:0x00000000
        2075000	       206	80000754	6eb47793	andi	x15,x8,1771	  x8:0x800099ec x15=0x000000e8
        2085000	       207	80000758	00252e33	slt	x28,x10,x2	 x10:0x800099e3  x2:0x00000003 x28=0x00000001
        2095000	       208	8000075c	0094b833	sltu	x16,x9,x9	  x9:0x00000000  x9:0x00000000 x16=0x00000000
        2105000	       209	80000760	003a8a93	addi	x21,x21,3	 x21:0xfffffff7 x21=0xfffffffa
        2115000	       210	80000764	4f774413	xori	x8,x14,1271	 x14:0x00000001  x8=0x000004f6
        2125000	       211	80000768	00bbb933	sltu	x18,x23,x11	 x23:0xffffffec x11:0x80009fc4 x18=0x00000000
        2135000	       212	8000076c	ffeac6e3	blt	x21,x30,80000758	 x21:0xfffffffa x30:0xfffffffd
        2145000	       213	00000000	00000013	addi	x0,x0,0	  x0:0x00000000
        2155000	       214	80000754	00000013	addi	x0,x0,0	  x0:0x00000000
        2165000	       215	80000758	00252e33	slt	x28,x10,x2	 x10:0x800099e3  x2:0x00000003 x28=0x00000001
        2175000	       216	8000075c	0094b833	sltu	x16,x9,x9	  x9:0x00000000  x9:0x00000000 x16=0x00000000
        2185000	       217	80000760	003a8a93	addi	x21,x21,3	 x21:0xfffffffa x21=0xfffffffd
        2195000	       218	80000764	4f774413	xori	x8,x14,1271	 x14:0x00000001  x8=0x000004f6
        2205000	       219	80000768	00bbb933	sltu	x18,x23,x11	 x23:0xffffffec x11:0x80009fc4 x18=0x00000000
        2215000	       220	8000076c	ffeac6e3	blt	x21,x30,80000758	 x21:0xfffffffd x30:0xfffffffd
        2225000	       221	80000770	7efe2913	slti	x18,x28,2031	 x28:0x00000001 x18=0x00000001
        2235000	       222	80000774	fad14ee3	blt	x2,x13,80000730	  x2:0x00000003 x13:0x00000005
        2245000	       223	00000000	00000013	addi	x0,x0,0	  x0:0x00000000
        2255000	       224	8000072c	00000013	addi	x0,x0,0	  x0:0x00000000
        2265000	       225	80000730	7a1e2713	slti	x14,x28,1953	 x28:0x00000001 x14=0x00000001
        2275000	       226	80000734	00510113	addi	x2,x2,5	  x2:0x00000003  x2=0x00000008
        2285000	       227	80000738	ce2c3013	sltiu	x0,x24,-798	 x24:0x00002000
        2295000	       228	8000073c	7fc0d3b7	lui	x7,0x7fc0d	  x7=0x7fc0d000
        2305000	       229	80000740	ff700a93	addi	x21,x0,-9	  x0:0x00000000 x21=0xfffffff7
        2315000	       230	80000744	00000013	addi	x0,x0,0	  x0:0x00000000
        2325000	       231	80000748	008a8533	add	x10,x21,x8	 x21:0xfffffff7  x8:0x000004f6 x10=0x000004ed
        2335000	       232	8000074c	ffd00f13	addi	x30,x0,-3	  x0:0x00000000 x30=0xfffffffd
        2345000	       233	80000750	00000013	addi	x0,x0,0	  x0:0x00000000
        2355000	       234	80000754	6eb47793	andi	x15,x8,1771	  x8:0x000004f6 x15=0x000004e2
        2365000	       235	80000758	00252e33	slt	x28,x10,x2	 x10:0x000004ed  x2:0x00000008 x28=0x00000000
        2375000	       236	8000075c	0094b833	sltu	x16,x9,x9	  x9:0x00000000  x9:0x00000000 x16=0x00000000
        2385000	       237	80000760	003a8a93	addi	x21,x21,3	 x21:0xfffffff7 x21=0xfffffffa
        2395000	       238	80000764	4f774413	xori	x8,x14,1271	 x14:0x00000001  x8=0x000004f6
        2405000	       239	80000768	00bbb933	sltu	x18,x23,x11	 x23:0xffffffec x11:0x80009fc4 x18=0x00000000
        2415000	       240	8000076c	ffeac6e3	blt	x21,x30,80000758	 x21:0xfffffffa x30:0xfffffffd
        2425000	       241	00000000	00000013	addi	x0,x0,0	  x0:0x00000000
        2435000	       242	80000754	00000013	addi	x0,x0,0	  x0:0x00000000
        2445000	       243	80000758	00252e33	slt	x28,x10,x2	 x10:0x000004ed  x2:0x00000008 x28=0x00000000
        2455000	       244	8000075c	0094b833	sltu	x16,x9,x9	  x9:0x00000000  x9:0x00000000 x16=0x00000000
        2465000	       245	80000760	003a8a93	addi	x21,x21,3	 x21:0xfffffffa x21=0xfffffffd
        2475000	       246	80000764	4f774413	xori	x8,x14,1271	 x14:0x00000001  x8=0x000004f6
        2485000	       247	80000768	00bbb933	sltu	x18,x23,x11	 x23:0xffffffec x11:0x80009fc4 x18=0x00000000
        2495000	       248	8000076c	ffeac6e3	blt	x21,x30,80000758	 x21:0xfffffffd x30:0xfffffffd
        2505000	       249	80000770	7efe2913	slti	x18,x28,2031	 x28:0x00000000 x18=0x00000001
        2515000	       250	80000774	fad14ee3	blt	x2,x13,80000730	  x2:0x00000008 x13:0x00000005
        2525000	       251	80000778	00e2a233	slt	x4,x5,x14	  x5:0x80009f44 x14:0x00000001  x4=0x00000001
        2535000	       252	8000077c	ffe00a93	addi	x21,x0,-2	  x0:0x00000000 x21=0xfffffffe
        2545000	       253	80000780	40955713	srai	x14,x10,0x9	 x10:0x000004ed x14=0x00000002
        2555000	       254	80000784	00300f13	addi	x30,x0,3	  x0:0x00000000 x30=0x00000003
        2565000	       255	80000788	404306b3	sub	x13,x6,x4	  x6:0x00000000  x4:0x00000001 x13=0xffffffff
        2575000	       256	8000078c	0ed50493	addi	x9,x10,237	 x10:0x000004ed  x9=0x000005da
        2585000	       257	80000790	4f9d0f93	addi	x31,x26,1273	 x26:0x26142aee x31=0x26142fe7
        2595000	       258	80000794	00dac133	xor	x2,x21,x13	 x21:0xfffffffe x13:0xffffffff  x2=0x00000001
        2605000	       259	80000798	00aa8a93	addi	x21,x21,10	 x21:0xfffffffe x21=0x00000008
        2615000	       260	8000079c	0019ebb3	or	x23,x19,x1	 x19:0x00000f06  x1:0x00000001 x23=0x00000f07
        2625000	       261	800007a0	2770ff93	andi	x31,x1,631	  x1:0x00000001 x31=0x00000001
        2635000	       262	800007a4	ff700413	addi	x8,x0,-9	  x0:0x00000000  x8=0xfffffff7
        2645000	       263	800007a8	31bd6693	ori	x13,x26,795	 x26:0x26142aee x13=0x26142bff
        2655000	       264	800007ac	00fd3fb3	sltu	x31,x26,x15	 x26:0x26142aee x15:0x000004e2 x31=0x00000000
        2665000	       265	800007b0	c2c2e013	ori	x0,x5,-980	  x5:0x80009f44
        2675000	       266	800007b4	005c41b3	xor	x3,x24,x5	 x24:0x00002000  x5:0x80009f44  x3=0x8000bf44
        2685000	       267	800007b8	01d24993	xori	x19,x4,29	  x4:0x00000001 x19=0x0000001c
        2695000	       268	800007bc	ff700813	addi	x16,x0,-9	  x0:0x00000000 x16=0xfffffff7
        2705000	       269	800007c0	55de3713	sltiu	x14,x28,1373	 x28:0x00000000 x14=0x00000001
        2715000	       270	800007c4	00ea80b3	add	x1,x21,x14	 x21:0x00000008 x14:0x00000001  x1=0x00000009
        2725000	       271	800007c8	00723db3	sltu	x27,x4,x7	  x4:0x00000001  x7:0x7fc0d000 x27=0x00000001
        2735000	       272	800007cc	016c91b3	sll	x3,x25,x22	 x25:0x80000000 x22:0x58337ec2  x3=0x00000000
        2745000	       273	800007d0	ffa40413	addi	x8,x8,-6	  x8:0xfffffff7  x8=0xfffffff1
        2755000	       274	800007d4	090c6893	ori	x17,x24,144	 x24:0x00002000 x17=0x00002090
        2765000	       275	800007d8	6712c793	xori	x15,x5,1649	  x5:0x80009f44 x15=0x80009935
        2775000	       276	800007dc	003736b3	sltu	x13,x14,x3	 x14:0x00000001  x3:0x00000000 x13=0x00000000
        2785000	       277	800007e0	ff0452e3	bge	x8,x16,800007c4	  x8:0xfffffff1 x16:0xfffffff7
        2795000	       278	800007e4	013a9213	slli	x4,x21,0x13	 x21:0x00000008  x4=0x00400000
        2805000	       279	800007e8	00000013	addi	x0,x0,0	  x0:0x00000000
        2815000	       280	800007ec	0057d013	srli	x0,x15,0x5	 x15:0x80009935
        2825000	       281	800007f0	63674d93	xori	x27,x14,1590	 x14:0x00000001 x27=0x00000637
        2835000	       282	800007f4	01b0de33	srl	x28,x1,x27	  x1:0x00000009 x27:0x00000637 x28=0x00000000
        2845000	       283	800007f8	90767713	andi	x14,x12,-1785	 x12:0x80000000 x14=0x80000000
        2855000	       284	800007fc	f9eacae3	blt	x21,x30,80000790	 x21:0x00000008 x30:0x00000003
        2865000	       285	80000800	00111333	sll	x6,x2,x1	  x2:0x00000001  x1:0x00000009  x6=0x00000200
        2875000	       286	80000804	ffa00913	addi	x18,x0,-6	  x0:0x00000000 x18=0xfffffffa
        2885000	       287	80000808	0057dbb3	srl	x23,x15,x5	 x15:0x80009935  x5:0x80009f44 x23=0x08000993
        2895000	       288	8000080c	73cc3e13	sltiu	x28,x24,1852	 x24:0x00002000 x28=0x00000000
        2905000	       289	80000810	00e50133	add	x2,x10,x14	 x10:0x000004ed x14:0x80000000  x2=0x800004ed
        2915000	       290	80000814	fed00813	addi	x16,x0,-19	  x0:0x00000000 x16=0xffffffed
        2925000	       291	80000818	41ea53b3	sra	x7,x20,x30	 x20:0x80000000 x30:0x00000003  x7=0xf0000000
        2935000	       292	8000081c	b148a713	slti	x14,x17,-1260	 x17:0x00002090 x14=0x00000000
        2945000	       293	80000820	75c20e97	auipc	x29,0x75c20	 x29=0xf5c2081c
        2955000	       294	80000824	01ba9613	slli	x12,x21,0x1b	 x21:0x00000008 x12=0x40000000
        2965000	       295	80000828	015123b3	slt	x7,x2,x21	  x2:0x800004ed x21:0x00000008  x7=0x00000001
        2975000	       296	8000082c	00000013	addi	x0,x0,0	  x0:0x00000000
        2985000	       297	80000830	41fcd313	srai	x6,x25,0x1f	 x25:0x80000000  x6=0xffffffff
        2995000	       298	80000834	0dc6e497	auipc	x9,0xdc6e	  x9=0x8dc6e830
        3005000	       299	80000838	a786b693	sltiu	x13,x13,-1416	 x13:0x00000000 x13=0x00000001
        3015000	       300	8000083c	005a41b3	xor	x3,x20,x5	 x20:0x80000000  x5:0x80009f44  x3=0x00009f44
        3025000	       301	80000840	ffb90913	addi	x18,x18,-5	 x18:0xfffffffa x18=0xfffffff5
        3035000	       302	80000844	4137d513	srai	x10,x15,0x13	 x15:0x80009935 x10=0xfffff000
        3045000	       303	80000848	4078de93	srai	x29,x17,0x7	 x17:0x00002090 x29=0x00000041
        3055000	       304	8000084c	ff0954e3	bge	x18,x16,80000834	 x18:0xfffffff5 x16:0xffffffed
        3065000	       305	00000000	00000013	addi	x0,x0,0	  x0:0x00000000
        3075000	       306	80000830	00000013	addi	x0,x0,0	  x0:0x00000000
        3085000	       307	80000834	0dc6e497	auipc	x9,0xdc6e	  x9=0x8dc6e830
        3095000	       308	80000838	a786b693	sltiu	x13,x13,-1416	 x13:0x00000001 x13=0x00000001
        3105000	       309	8000083c	005a41b3	xor	x3,x20,x5	 x20:0x80000000  x5:0x80009f44  x3=0x00009f44
        3115000	       310	80000840	ffb90913	addi	x18,x18,-5	 x18:0xfffffff5 x18=0xfffffff0
        3125000	       311	80000844	4137d513	srai	x10,x15,0x13	 x15:0x80009935 x10=0xfffff000
        3135000	       312	80000848	4078de93	srai	x29,x17,0x7	 x17:0x00002090 x29=0x00000041
        3145000	       313	8000084c	ff0954e3	bge	x18,x16,80000834	 x18:0xfffffff0 x16:0xffffffed
        3155000	       314	00000000	00000013	addi	x0,x0,0	  x0:0x00000000
        3165000	       315	80000830	00000013	addi	x0,x0,0	  x0:0x00000000
        3175000	       316	80000834	0dc6e497	auipc	x9,0xdc6e	  x9=0x8dc6e830
        3185000	       317	80000838	a786b693	sltiu	x13,x13,-1416	 x13:0x00000001 x13=0x00000001
        3195000	       318	8000083c	005a41b3	xor	x3,x20,x5	 x20:0x80000000  x5:0x80009f44  x3=0x00009f44
        3205000	       319	80000840	ffb90913	addi	x18,x18,-5	 x18:0xfffffff0 x18=0xffffffeb
        3215000	       320	80000844	4137d513	srai	x10,x15,0x13	 x15:0x80009935 x10=0xfffff000
        3225000	       321	80000848	4078de93	srai	x29,x17,0x7	 x17:0x00002090 x29=0x00000041
        3235000	       322	8000084c	ff0954e3	bge	x18,x16,80000834	 x18:0xffffffeb x16:0xffffffed
        3245000	       323	80000850	d15a3113	sltiu	x2,x20,-747	 x20:0x80000000  x2=0x00000001
        3255000	       324	80000854	00100893	addi	x17,x0,1	  x0:0x00000000 x17=0x00000001
        3265000	       325	80000858	0028d9b3	srl	x19,x17,x2	 x17:0x00000001  x2:0x00000001 x19=0x00000000
        3275000	       326	8000085c	000b4333	xor	x6,x22,x0	 x22:0x58337ec2  x0:0x00000000  x6=0x58337ec2
        3285000	       327	80000860	e228ec13	ori	x24,x17,-478	 x17:0x00000001 x24=0xfffffe23
        3295000	       328	80000864	ff600513	addi	x10,x0,-10	  x0:0x00000000 x10=0xfffffff6
        3305000	       329	80000868	011b6f33	or	x30,x22,x17	 x22:0x58337ec2 x17:0x00000001 x30=0x58337ec3
        3315000	       330	8000086c	019f2f33	slt	x30,x30,x25	 x30:0x58337ec3 x25:0x80000000 x30=0x00000000
        3325000	       331	80000870	fff88893	addi	x17,x17,-1	 x17:0x00000001 x17=0x00000000
        3335000	       332	80000874	00b78b33	add	x22,x15,x11	 x15:0x80009935 x11:0x80009fc4 x22=0x000138f9
        3345000	       333	80000878	b04de137	lui	x2,0xb04de	  x2=0xb04de000
        3355000	       334	8000087c	bcc9e793	ori	x15,x19,-1076	 x19:0x00000000 x15=0xfffffbcc
        3365000	       335	80000880	00b0cb33	xor	x22,x1,x11	  x1:0x00000009 x11:0x80009fc4 x22=0x80009fcd
        3375000	       336	80000884	009f5013	srli	x0,x30,0x9	 x30:0x00000000
        3385000	       337	80000888	fea882e3	beq	x17,x10,8000086c	 x17:0x00000000 x10:0xfffffff6
        3395000	       338	8000088c	015a01b3	add	x3,x20,x21	 x20:0x80000000 x21:0x00000008  x3=0x80000008
        3405000	       339	80000890	00400093	addi	x1,x0,4	  x0:0x00000000  x1=0x00000004
        3415000	       340	80000894	002196b3	sll	x13,x3,x2	  x3:0x80000008  x2:0xb04de000 x13=0x80000008
        3425000	       341	80000898	00051533	sll	x10,x10,x0	 x10:0xfffffff6  x0:0x00000000 x10=0xfffffff6
        3435000	       342	8000089c	407c8eb3	sub	x29,x25,x7	 x25:0x80000000  x7:0x00000001 x29=0x7fffffff
        3445000	       343	800008a0	00b9aa33	slt	x20,x19,x11	 x19:0x00000000 x11:0x80009fc4 x20=0x00000000
        3455000	       344	800008a4	00600b13	addi	x22,x0,6	  x0:0x00000000 x22=0x00000006
        3465000	       345	800008a8	00f849b3	xor	x19,x16,x15	 x16:0xffffffed x15:0xfffffbcc x19=0x00000421
        3475000	       346	800008ac	00dd7333	and	x6,x26,x13	 x26:0x26142aee x13:0x80000008  x6=0x00000008
        3485000	       347	800008b0	0f4c4e93	xori	x29,x24,244	 x24:0xfffffe23 x29=0xfffffed7
        3495000	       348	800008b4	00208093	addi	x1,x1,2	  x1:0x00000004  x1=0x00000006
        3505000	       349	800008b8	7de80413	addi	x8,x16,2014	 x16:0xffffffed  x8=0x000007cb
        3515000	       350	800008bc	ffd00813	addi	x16,x0,-3	  x0:0x00000000 x16=0xfffffffd
        3525000	       351	800008c0	13a9b613	sltiu	x12,x19,314	 x19:0x00000421 x12=0x00000000
        3535000	       352	800008c4	01879793	slli	x15,x15,0x18	 x15:0xfffffbcc x15=0xcc000000
        3545000	       353	800008c8	00135e93	srli	x29,x6,0x1	  x6:0x00000008 x29=0x00000004
        3555000	       354	800008cc	00000013	addi	x0,x0,0	  x0:0x00000000
        3565000	       355	800008d0	ffb00913	addi	x18,x0,-5	  x0:0x00000000 x18=0xfffffffb
        3575000	       356	800008d4	016df033	and	x0,x27,x22	 x27:0x00000637 x22:0x00000006
        3585000	       357	800008d8	a943fa13	andi	x20,x7,-1388	  x7:0x00000001 x20=0x00000000
        3595000	       358	800008dc	01e9c6b3	xor	x13,x19,x30	 x19:0x00000421 x30:0x00000000 x13=0x00000421
        3605000	       359	800008e0	20676c13	ori	x24,x14,518	 x14:0x00000000 x24=0x00000206
        3615000	       360	800008e4	0e796393	ori	x7,x18,231	 x18:0xfffffffb  x7=0xffffffff
        3625000	       361	800008e8	ffa80813	addi	x16,x16,-6	 x16:0xfffffffd x16=0xfffffff7
        3635000	       362	800008ec	ff2856e3	bge	x16,x18,800008d8	 x16:0xfffffff7 x18:0xfffffffb
        3645000	       363	800008f0	0044d1b3	srl	x3,x9,x4	  x9:0x8dc6e830  x4:0x00400000  x3=0x8dc6e830
        3655000	       364	800008f4	00cd4d93	xori	x27,x26,12	 x26:0x26142aee x27=0x26142ae2
        3665000	       365	800008f8	014adf33	srl	x30,x21,x20	 x21:0x00000008 x20:0x00000000 x30=0x00000008
        3675000	       366	800008fc	fb6098e3	bne	x1,x22,800008ac	  x1:0x00000006 x22:0x00000006
        3685000	       367	80000900	40cf0733	sub	x14,x30,x12	 x30:0x00000008 x12:0x00000000 x14=0x00000008
        3695000	       368	80000904	ff700493	addi	x9,x0,-9	  x0:0x00000000  x9=0xfffffff7
        3705000	       369	80000908	00f00913	addi	x18,x0,15	  x0:0x00000000 x18=0x0000000f
        3715000	       370	8000090c	bf274d93	xori	x27,x14,-1038	 x14:0x00000008 x27=0xfffffbfa
        3725000	       371	80000910	00648493	addi	x9,x9,6	  x9:0xfffffff7  x9=0xfffffffd
        3735000	       372	80000914	dc342a93	slti	x21,x8,-573	  x8:0x000007cb x21=0x00000000
        3745000	       373	80000918	00900113	addi	x2,x0,9	  x0:0x00000000  x2=0x00000009
        3755000	       374	8000091c	00e00213	addi	x4,x0,14	  x0:0x00000000  x4=0x0000000e
        3765000	       375	80000920	8af65897	auipc	x17,0x8af65	 x17=0x0af6591c
        3775000	       376	80000924	002c5b13	srli	x22,x24,0x2	 x24:0x00000206 x22=0x00000081
        3785000	       377	80000928	ec573413	sltiu	x8,x14,-315	 x14:0x00000008  x8=0x00000001
        3795000	       378	8000092c	00110113	addi	x2,x2,1	  x2:0x00000009  x2=0x0000000a
        3805000	       379	80000930	fe4148e3	blt	x2,x4,80000920	  x2:0x0000000a  x4:0x0000000e
        3815000	       380	00000000	00000013	addi	x0,x0,0	  x0:0x00000000
        3825000	       381	8000091c	00000013	addi	x0,x0,0	  x0:0x00000000
        3835000	       382	80000920	8af65897	auipc	x17,0x8af65	 x17=0x0af6591c
        3845000	       383	80000924	002c5b13	srli	x22,x24,0x2	 x24:0x00000206 x22=0x00000081
        3855000	       384	80000928	ec573413	sltiu	x8,x14,-315	 x14:0x00000008  x8=0x00000001
        3865000	       385	8000092c	00110113	addi	x2,x2,1	  x2:0x0000000a  x2=0x0000000b
        3875000	       386	80000930	fe4148e3	blt	x2,x4,80000920	  x2:0x0000000b  x4:0x0000000e
        3885000	       387	00000000	00000013	addi	x0,x0,0	  x0:0x00000000
        3895000	       388	8000091c	00000013	addi	x0,x0,0	  x0:0x00000000
        3905000	       389	80000920	8af65897	auipc	x17,0x8af65	 x17=0x0af6591c
        3915000	       390	80000924	002c5b13	srli	x22,x24,0x2	 x24:0x00000206 x22=0x00000081
        3925000	       391	80000928	ec573413	sltiu	x8,x14,-315	 x14:0x00000008  x8=0x00000001
        3935000	       392	8000092c	00110113	addi	x2,x2,1	  x2:0x0000000b  x2=0x0000000c
        3945000	       393	80000930	fe4148e3	blt	x2,x4,80000920	  x2:0x0000000c  x4:0x0000000e
        3955000	       394	00000000	00000013	addi	x0,x0,0	  x0:0x00000000
        3965000	       395	8000091c	00000013	addi	x0,x0,0	  x0:0x00000000
        3975000	       396	80000920	8af65897	auipc	x17,0x8af65	 x17=0x0af6591c
        3985000	       397	80000924	002c5b13	srli	x22,x24,0x2	 x24:0x00000206 x22=0x00000081
        3995000	       398	80000928	ec573413	sltiu	x8,x14,-315	 x14:0x00000008  x8=0x00000001
        4005000	       399	8000092c	00110113	addi	x2,x2,1	  x2:0x0000000c  x2=0x0000000d
        4015000	       400	80000930	fe4148e3	blt	x2,x4,80000920	  x2:0x0000000d  x4:0x0000000e
        4025000	       401	00000000	00000013	addi	x0,x0,0	  x0:0x00000000
        4035000	       402	8000091c	00000013	addi	x0,x0,0	  x0:0x00000000
        4045000	       403	80000920	8af65897	auipc	x17,0x8af65	 x17=0x0af6591c
        4055000	       404	80000924	002c5b13	srli	x22,x24,0x2	 x24:0x00000206 x22=0x00000081
        4065000	       405	80000928	ec573413	sltiu	x8,x14,-315	 x14:0x00000008  x8=0x00000001
        4075000	       406	8000092c	00110113	addi	x2,x2,1	  x2:0x0000000d  x2=0x0000000e
        4085000	       407	80000930	fe4148e3	blt	x2,x4,80000920	  x2:0x0000000e  x4:0x0000000e
        4095000	       408	80000934	002f7db3	and	x27,x30,x2	 x30:0x00000008  x2:0x0000000e x27=0x00000008
        4105000	       409	80000938	40438c33	sub	x24,x7,x4	  x7:0xffffffff  x4:0x0000000e x24=0xfffffff1
        4115000	       410	8000093c	fd24c8e3	blt	x9,x18,8000090c	  x9:0xfffffffd x18:0x0000000f
        4125000	       411	00000000	00000013	addi	x0,x0,0	  x0:0x00000000
        4135000	       412	80000908	00000013	addi	x0,x0,0	  x0:0x00000000
        4145000	       413	8000090c	bf274d93	xori	x27,x14,-1038	 x14:0x00000008 x27=0xfffffbfa
        4155000	       414	80000910	00648493	addi	x9,x9,6	  x9:0xfffffffd  x9=0x00000003
        4165000	       415	80000914	dc342a93	slti	x21,x8,-573	  x8:0x00000001 x21=0x00000000
        4175000	       416	80000918	00900113	addi	x2,x0,9	  x0:0x00000000  x2=0x00000009
        4185000	       417	8000091c	00e00213	addi	x4,x0,14	  x0:0x00000000  x4=0x0000000e
        4195000	       418	80000920	8af65897	auipc	x17,0x8af65	 x17=0x0af6591c
        4205000	       419	80000924	002c5b13	srli	x22,x24,0x2	 x24:0xfffffff1 x22=0x3ffffffc
        4215000	       420	80000928	ec573413	sltiu	x8,x14,-315	 x14:0x00000008  x8=0x00000001
        4225000	       421	8000092c	00110113	addi	x2,x2,1	  x2:0x00000009  x2=0x0000000a
        4235000	       422	80000930	fe4148e3	blt	x2,x4,80000920	  x2:0x0000000a  x4:0x0000000e
        4245000	       423	00000000	00000013	addi	x0,x0,0	  x0:0x00000000
        4255000	       424	8000091c	00000013	addi	x0,x0,0	  x0:0x00000000
        4265000	       425	80000920	8af65897	auipc	x17,0x8af65	 x17=0x0af6591c
        4275000	       426	80000924	002c5b13	srli	x22,x24,0x2	 x24:0xfffffff1 x22=0x3ffffffc
        4285000	       427	80000928	ec573413	sltiu	x8,x14,-315	 x14:0x00000008  x8=0x00000001
        4295000	       428	8000092c	00110113	addi	x2,x2,1	  x2:0x0000000a  x2=0x0000000b
        4305000	       429	80000930	fe4148e3	blt	x2,x4,80000920	  x2:0x0000000b  x4:0x0000000e
        4315000	       430	00000000	00000013	addi	x0,x0,0	  x0:0x00000000
        4325000	       431	8000091c	00000013	addi	x0,x0,0	  x0:0x00000000
        4335000	       432	80000920	8af65897	auipc	x17,0x8af65	 x17=0x0af6591c
        4345000	       433	80000924	002c5b13	srli	x22,x24,0x2	 x24:0xfffffff1 x22=0x3ffffffc
        4355000	       434	80000928	ec573413	sltiu	x8,x14,-315	 x14:0x00000008  x8=0x00000001
        4365000	       435	8000092c	00110113	addi	x2,x2,1	  x2:0x0000000b  x2=0x0000000c
        4375000	       436	80000930	fe4148e3	blt	x2,x4,80000920	  x2:0x0000000c  x4:0x0000000e
        4385000	       437	00000000	00000013	addi	x0,x0,0	  x0:0x00000000
        4395000	       438	8000091c	00000013	addi	x0,x0,0	  x0:0x00000000
        4405000	       439	80000920	8af65897	auipc	x17,0x8af65	 x17=0x0af6591c
        4415000	       440	80000924	002c5b13	srli	x22,x24,0x2	 x24:0xfffffff1 x22=0x3ffffffc
        4425000	       441	80000928	ec573413	sltiu	x8,x14,-315	 x14:0x00000008  x8=0x00000001
        4435000	       442	8000092c	00110113	addi	x2,x2,1	  x2:0x0000000c  x2=0x0000000d
        4445000	       443	80000930	fe4148e3	blt	x2,x4,80000920	  x2:0x0000000d  x4:0x0000000e
        4455000	       444	00000000	00000013	addi	x0,x0,0	  x0:0x00000000
        4465000	       445	8000091c	00000013	addi	x0,x0,0	  x0:0x00000000
        4475000	       446	80000920	8af65897	auipc	x17,0x8af65	 x17=0x0af6591c
        4485000	       447	80000924	002c5b13	srli	x22,x24,0x2	 x24:0xfffffff1 x22=0x3ffffffc
        4495000	       448	80000928	ec573413	sltiu	x8,x14,-315	 x14:0x00000008  x8=0x00000001
        4505000	       449	8000092c	00110113	addi	x2,x2,1	  x2:0x0000000d  x2=0x0000000e
        4515000	       450	80000930	fe4148e3	blt	x2,x4,80000920	  x2:0x0000000e  x4:0x0000000e
        4525000	       451	80000934	002f7db3	and	x27,x30,x2	 x30:0x00000008  x2:0x0000000e x27=0x00000008
        4535000	       452	80000938	40438c33	sub	x24,x7,x4	  x7:0xffffffff  x4:0x0000000e x24=0xfffffff1
        4545000	       453	8000093c	fd24c8e3	blt	x9,x18,8000090c	  x9:0x00000003 x18:0x0000000f
        4555000	       454	00000000	00000013	addi	x0,x0,0	  x0:0x00000000
        4565000	       455	80000908	00000013	addi	x0,x0,0	  x0:0x00000000
        4575000	       456	8000090c	bf274d93	xori	x27,x14,-1038	 x14:0x00000008 x27=0xfffffbfa
        4585000	       457	80000910	00648493	addi	x9,x9,6	  x9:0x00000003  x9=0x00000009
        4595000	       458	80000914	dc342a93	slti	x21,x8,-573	  x8:0x00000001 x21=0x00000000
        4605000	       459	80000918	00900113	addi	x2,x0,9	  x0:0x00000000  x2=0x00000009
        4615000	       460	8000091c	00e00213	addi	x4,x0,14	  x0:0x00000000  x4=0x0000000e
        4625000	       461	80000920	8af65897	auipc	x17,0x8af65	 x17=0x0af6591c
        4635000	       462	80000924	002c5b13	srli	x22,x24,0x2	 x24:0xfffffff1 x22=0x3ffffffc
        4645000	       463	80000928	ec573413	sltiu	x8,x14,-315	 x14:0x00000008  x8=0x00000001
        4655000	       464	8000092c	00110113	addi	x2,x2,1	  x2:0x00000009  x2=0x0000000a
        4665000	       465	80000930	fe4148e3	blt	x2,x4,80000920	  x2:0x0000000a  x4:0x0000000e
        4675000	       466	00000000	00000013	addi	x0,x0,0	  x0:0x00000000
        4685000	       467	8000091c	00000013	addi	x0,x0,0	  x0:0x00000000
        4695000	       468	80000920	8af65897	auipc	x17,0x8af65	 x17=0x0af6591c
        4705000	       469	80000924	002c5b13	srli	x22,x24,0x2	 x24:0xfffffff1 x22=0x3ffffffc
        4715000	       470	80000928	ec573413	sltiu	x8,x14,-315	 x14:0x00000008  x8=0x00000001
        4725000	       471	8000092c	00110113	addi	x2,x2,1	  x2:0x0000000a  x2=0x0000000b
        4735000	       472	80000930	fe4148e3	blt	x2,x4,80000920	  x2:0x0000000b  x4:0x0000000e
        4745000	       473	00000000	00000013	addi	x0,x0,0	  x0:0x00000000
        4755000	       474	8000091c	00000013	addi	x0,x0,0	  x0:0x00000000
        4765000	       475	80000920	8af65897	auipc	x17,0x8af65	 x17=0x0af6591c
        4775000	       476	80000924	002c5b13	srli	x22,x24,0x2	 x24:0xfffffff1 x22=0x3ffffffc
        4785000	       477	80000928	ec573413	sltiu	x8,x14,-315	 x14:0x00000008  x8=0x00000001
        4795000	       478	8000092c	00110113	addi	x2,x2,1	  x2:0x0000000b  x2=0x0000000c
        4805000	       479	80000930	fe4148e3	blt	x2,x4,80000920	  x2:0x0000000c  x4:0x0000000e
        4815000	       480	00000000	00000013	addi	x0,x0,0	  x0:0x00000000
        4825000	       481	8000091c	00000013	addi	x0,x0,0	  x0:0x00000000
        4835000	       482	80000920	8af65897	auipc	x17,0x8af65	 x17=0x0af6591c
        4845000	       483	80000924	002c5b13	srli	x22,x24,0x2	 x24:0xfffffff1 x22=0x3ffffffc
        4855000	       484	80000928	ec573413	sltiu	x8,x14,-315	 x14:0x00000008  x8=0x00000001
        4865000	       485	8000092c	00110113	addi	x2,x2,1	  x2:0x0000000c  x2=0x0000000d
        4875000	       486	80000930	fe4148e3	blt	x2,x4,80000920	  x2:0x0000000d  x4:0x0000000e
        4885000	       487	00000000	00000013	addi	x0,x0,0	  x0:0x00000000
        4895000	       488	8000091c	00000013	addi	x0,x0,0	  x0:0x00000000
        4905000	       489	80000920	8af65897	auipc	x17,0x8af65	 x17=0x0af6591c
        4915000	       490	80000924	002c5b13	srli	x22,x24,0x2	 x24:0xfffffff1 x22=0x3ffffffc
        4925000	       491	80000928	ec573413	sltiu	x8,x14,-315	 x14:0x00000008  x8=0x00000001
        4935000	       492	8000092c	00110113	addi	x2,x2,1	  x2:0x0000000d  x2=0x0000000e
        4945000	       493	80000930	fe4148e3	blt	x2,x4,80000920	  x2:0x0000000e  x4:0x0000000e
        4955000	       494	80000934	002f7db3	and	x27,x30,x2	 x30:0x00000008  x2:0x0000000e x27=0x00000008
        4965000	       495	80000938	40438c33	sub	x24,x7,x4	  x7:0xffffffff  x4:0x0000000e x24=0xfffffff1
        4975000	       496	8000093c	fd24c8e3	blt	x9,x18,8000090c	  x9:0x00000009 x18:0x0000000f
        4985000	       497	00000000	00000013	addi	x0,x0,0	  x0:0x00000000
        4995000	       498	80000908	00000013	addi	x0,x0,0	  x0:0x00000000
        5005000	       499	8000090c	bf274d93	xori	x27,x14,-1038	 x14:0x00000008 x27=0xfffffbfa
        5015000	       500	80000910	00648493	addi	x9,x9,6	  x9:0x00000009  x9=0x0000000f
        5025000	       501	80000914	dc342a93	slti	x21,x8,-573	  x8:0x00000001 x21=0x00000000
        5035000	       502	80000918	00900113	addi	x2,x0,9	  x0:0x00000000  x2=0x00000009
        5045000	       503	8000091c	00e00213	addi	x4,x0,14	  x0:0x00000000  x4=0x0000000e
        5055000	       504	80000920	8af65897	auipc	x17,0x8af65	 x17=0x0af6591c
        5065000	       505	80000924	002c5b13	srli	x22,x24,0x2	 x24:0xfffffff1 x22=0x3ffffffc
        5075000	       506	80000928	ec573413	sltiu	x8,x14,-315	 x14:0x00000008  x8=0x00000001
        5085000	       507	8000092c	00110113	addi	x2,x2,1	  x2:0x00000009  x2=0x0000000a
        5095000	       508	80000930	fe4148e3	blt	x2,x4,80000920	  x2:0x0000000a  x4:0x0000000e
        5105000	       509	00000000	00000013	addi	x0,x0,0	  x0:0x00000000
        5115000	       510	8000091c	00000013	addi	x0,x0,0	  x0:0x00000000
        5125000	       511	80000920	8af65897	auipc	x17,0x8af65	 x17=0x0af6591c
        5135000	       512	80000924	002c5b13	srli	x22,x24,0x2	 x24:0xfffffff1 x22=0x3ffffffc
        5145000	       513	80000928	ec573413	sltiu	x8,x14,-315	 x14:0x00000008  x8=0x00000001
        5155000	       514	8000092c	00110113	addi	x2,x2,1	  x2:0x0000000a  x2=0x0000000b
        5165000	       515	80000930	fe4148e3	blt	x2,x4,80000920	  x2:0x0000000b  x4:0x0000000e
        5175000	       516	00000000	00000013	addi	x0,x0,0	  x0:0x00000000
        5185000	       517	8000091c	00000013	addi	x0,x0,0	  x0:0x00000000
        5195000	       518	80000920	8af65897	auipc	x17,0x8af65	 x17=0x0af6591c
        5205000	       519	80000924	002c5b13	srli	x22,x24,0x2	 x24:0xfffffff1 x22=0x3ffffffc
        5215000	       520	80000928	ec573413	sltiu	x8,x14,-315	 x14:0x00000008  x8=0x00000001
        5225000	       521	8000092c	00110113	addi	x2,x2,1	  x2:0x0000000b  x2=0x0000000c
        5235000	       522	80000930	fe4148e3	blt	x2,x4,80000920	  x2:0x0000000c  x4:0x0000000e
        5245000	       523	00000000	00000013	addi	x0,x0,0	  x0:0x00000000
        5255000	       524	8000091c	00000013	addi	x0,x0,0	  x0:0x00000000
        5265000	       525	80000920	8af65897	auipc	x17,0x8af65	 x17=0x0af6591c
        5275000	       526	80000924	002c5b13	srli	x22,x24,0x2	 x24:0xfffffff1 x22=0x3ffffffc
        5285000	       527	80000928	ec573413	sltiu	x8,x14,-315	 x14:0x00000008  x8=0x00000001
        5295000	       528	8000092c	00110113	addi	x2,x2,1	  x2:0x0000000c  x2=0x0000000d
        5305000	       529	80000930	fe4148e3	blt	x2,x4,80000920	  x2:0x0000000d  x4:0x0000000e
        5315000	       530	00000000	00000013	addi	x0,x0,0	  x0:0x00000000
        5325000	       531	8000091c	00000013	addi	x0,x0,0	  x0:0x00000000
        5335000	       532	80000920	8af65897	auipc	x17,0x8af65	 x17=0x0af6591c
        5345000	       533	80000924	002c5b13	srli	x22,x24,0x2	 x24:0xfffffff1 x22=0x3ffffffc
        5355000	       534	80000928	ec573413	sltiu	x8,x14,-315	 x14:0x00000008  x8=0x00000001
        5365000	       535	8000092c	00110113	addi	x2,x2,1	  x2:0x0000000d  x2=0x0000000e
        5375000	       536	80000930	fe4148e3	blt	x2,x4,80000920	  x2:0x0000000e  x4:0x0000000e
        5385000	       537	80000934	002f7db3	and	x27,x30,x2	 x30:0x00000008  x2:0x0000000e x27=0x00000008
        5395000	       538	80000938	40438c33	sub	x24,x7,x4	  x7:0xffffffff  x4:0x0000000e x24=0xfffffff1
        5405000	       539	8000093c	fd24c8e3	blt	x9,x18,8000090c	  x9:0x0000000f x18:0x0000000f
        5415000	       540	80000940	418fd0b3	sra	x1,x31,x24	 x31:0x00000000 x24:0xfffffff1  x1=0x00000000
        5425000	       541	80000944	00800b13	addi	x22,x0,8	  x0:0x00000000 x22=0x00000008
        5435000	       542	80000948	01c5f3b3	and	x7,x11,x28	 x11:0x80009fc4 x28:0x00000000  x7=0x00000000
        5445000	       543	8000094c	01821bb3	sll	x23,x4,x24	  x4:0x0000000e x24:0xfffffff1 x23=0x001c0000
        5455000	       544	80000950	4045f313	andi	x6,x11,1028	 x11:0x80009fc4  x6=0x00000404
        5465000	       545	80000954	63362413	slti	x8,x12,1587	 x12:0x00000000  x8=0x00000001
        5475000	       546	80000958	e09eec13	ori	x24,x29,-503	 x29:0x00000004 x24=0xfffffe0d
        5485000	       547	8000095c	00800c93	addi	x25,x0,8	  x0:0x00000000 x25=0x00000008
        5495000	       548	80000960	01d2c8b3	xor	x17,x5,x29	  x5:0x80009f44 x29:0x00000004 x17=0x80009f40
        5505000	       549	80000964	009fbe33	sltu	x28,x31,x9	 x31:0x00000000  x9:0x0000000f x28=0x00000001
        5515000	       550	80000968	004e06b3	add	x13,x28,x4	 x28:0x00000001  x4:0x0000000e x13=0x0000000f
        5525000	       551	8000096c	ff9b0b13	addi	x22,x22,-7	 x22:0x00000008 x22=0x00000001
        5535000	       552	80000970	01dea1b3	slt	x3,x29,x29	 x29:0x00000004 x29:0x00000004  x3=0x00000000
        5545000	       553	80000974	ff9b78e3	bgeu	x22,x25,80000964	 x22:0x00000001 x25:0x00000008
        5555000	       554	80000978	4126d333	sra	x6,x13,x18	 x13:0x0000000f x18:0x0000000f  x6=0x00000000
        5565000	       555	8000097c	fff00b93	addi	x23,x0,-1	  x0:0x00000000 x23=0xffffffff
        5575000	       556	80000980	00200f13	addi	x30,x0,2	  x0:0x00000000 x30=0x00000002
        5585000	       557	80000984	b0200c93	addi	x25,x0,-1278	  x0:0x00000000 x25=0xfffffb02
        5595000	       558	80000988	001b8b93	addi	x23,x23,1	 x23:0xffffffff x23=0x00000000
        5605000	       559	8000098c	c7cec913	xori	x18,x29,-900	 x29:0x00000004 x18=0xfffffc78
        5615000	       560	80000990	00700b13	addi	x22,x0,7	  x0:0x00000000 x22=0x00000007
        5625000	       561	80000994	ffc00793	addi	x15,x0,-4	  x0:0x00000000 x15=0xfffffffc
        5635000	       562	80000998	0e4cf237	lui	x4,0xe4cf	  x4=0x0e4cf000
        5645000	       563	8000099c	6c32ba13	sltiu	x20,x5,1731	  x5:0x80009f44 x20=0x00000000
        5655000	       564	800009a0	ffab0b13	addi	x22,x22,-6	 x22:0x00000007 x22=0x00000001
        5665000	       565	800009a4	fefb5ae3	bge	x22,x15,80000998	 x22:0x00000001 x15:0xfffffffc
        5675000	       566	00000000	00000013	addi	x0,x0,0	  x0:0x00000000
        5685000	       567	80000994	00000013	addi	x0,x0,0	  x0:0x00000000
        5695000	       568	80000998	0e4cf237	lui	x4,0xe4cf	  x4=0x0e4cf000
        5705000	       569	8000099c	6c32ba13	sltiu	x20,x5,1731	  x5:0x80009f44 x20=0x00000000
        5715000	       570	800009a0	ffab0b13	addi	x22,x22,-6	 x22:0x00000001 x22=0xfffffffb
        5725000	       571	800009a4	fefb5ae3	bge	x22,x15,80000998	 x22:0xfffffffb x15:0xfffffffc
        5735000	       572	800009a8	fdebcee3	blt	x23,x30,80000984	 x23:0x00000000 x30:0x00000002
        5745000	       573	00000000	00000013	addi	x0,x0,0	  x0:0x00000000
        5755000	       574	80000980	00000013	addi	x0,x0,0	  x0:0x00000000
        5765000	       575	80000984	b0200c93	addi	x25,x0,-1278	  x0:0x00000000 x25=0xfffffb02
        5775000	       576	80000988	001b8b93	addi	x23,x23,1	 x23:0x00000000 x23=0x00000001
        5785000	       577	8000098c	c7cec913	xori	x18,x29,-900	 x29:0x00000004 x18=0xfffffc78
        5795000	       578	80000990	00700b13	addi	x22,x0,7	  x0:0x00000000 x22=0x00000007
        5805000	       579	80000994	ffc00793	addi	x15,x0,-4	  x0:0x00000000 x15=0xfffffffc
        5815000	       580	80000998	0e4cf237	lui	x4,0xe4cf	  x4=0x0e4cf000
        5825000	       581	8000099c	6c32ba13	sltiu	x20,x5,1731	  x5:0x80009f44 x20=0x00000000
        5835000	       582	800009a0	ffab0b13	addi	x22,x22,-6	 x22:0x00000007 x22=0x00000001
        5845000	       583	800009a4	fefb5ae3	bge	x22,x15,80000998	 x22:0x00000001 x15:0xfffffffc
        5855000	       584	00000000	00000013	addi	x0,x0,0	  x0:0x00000000
        5865000	       585	80000994	00000013	addi	x0,x0,0	  x0:0x00000000
        5875000	       586	80000998	0e4cf237	lui	x4,0xe4cf	  x4=0x0e4cf000
        5885000	       587	8000099c	6c32ba13	sltiu	x20,x5,1731	  x5:0x80009f44 x20=0x00000000
        5895000	       588	800009a0	ffab0b13	addi	x22,x22,-6	 x22:0x00000001 x22=0xfffffffb
        5905000	       589	800009a4	fefb5ae3	bge	x22,x15,80000998	 x22:0xfffffffb x15:0xfffffffc
        5915000	       590	800009a8	fdebcee3	blt	x23,x30,80000984	 x23:0x00000001 x30:0x00000002
        5925000	       591	00000000	00000013	addi	x0,x0,0	  x0:0x00000000
        5935000	       592	80000980	00000013	addi	x0,x0,0	  x0:0x00000000
        5945000	       593	80000984	b0200c93	addi	x25,x0,-1278	  x0:0x00000000 x25=0xfffffb02
        5955000	       594	80000988	001b8b93	addi	x23,x23,1	 x23:0x00000001 x23=0x00000002
        5965000	       595	8000098c	c7cec913	xori	x18,x29,-900	 x29:0x00000004 x18=0xfffffc78
        5975000	       596	80000990	00700b13	addi	x22,x0,7	  x0:0x00000000 x22=0x00000007
        5985000	       597	80000994	ffc00793	addi	x15,x0,-4	  x0:0x00000000 x15=0xfffffffc
        5995000	       598	80000998	0e4cf237	lui	x4,0xe4cf	  x4=0x0e4cf000
        6005000	       599	8000099c	6c32ba13	sltiu	x20,x5,1731	  x5:0x80009f44 x20=0x00000000
        6015000	       600	800009a0	ffab0b13	addi	x22,x22,-6	 x22:0x00000007 x22=0x00000001
        6025000	       601	800009a4	fefb5ae3	bge	x22,x15,80000998	 x22:0x00000001 x15:0xfffffffc
        6035000	       602	00000000	00000013	addi	x0,x0,0	  x0:0x00000000
        6045000	       603	80000994	00000013	addi	x0,x0,0	  x0:0x00000000
        6055000	       604	80000998	0e4cf237	lui	x4,0xe4cf	  x4=0x0e4cf000
        6065000	       605	8000099c	6c32ba13	sltiu	x20,x5,1731	  x5:0x80009f44 x20=0x00000000
        6075000	       606	800009a0	ffab0b13	addi	x22,x22,-6	 x22:0x00000001 x22=0xfffffffb
        6085000	       607	800009a4	fefb5ae3	bge	x22,x15,80000998	 x22:0xfffffffb x15:0xfffffffc
        6095000	       608	800009a8	fdebcee3	blt	x23,x30,80000984	 x23:0x00000002 x30:0x00000002
        6105000	       609	800009ac	9e80ba13	sltiu	x20,x1,-1560	  x1:0x00000000 x20=0x00000001
        6115000	       610	800009b0	00200513	addi	x10,x0,2	  x0:0x00000000 x10=0x00000002
        6125000	       611	800009b4	00200e13	addi	x28,x0,2	  x0:0x00000000 x28=0x00000002
        6135000	       612	800009b8	01481093	slli	x1,x16,0x14	 x16:0xfffffff7  x1=0xff700000
        6145000	       613	800009bc	81e8ff93	andi	x31,x17,-2018	 x17:0x80009f40 x31=0x80009800
        6155000	       614	800009c0	fff50513	addi	x10,x10,-1	 x10:0x00000002 x10=0x00000001
        6165000	       615	800009c4	00a00793	addi	x15,x0,10	  x0:0x00000000 x15=0x0000000a
        6175000	       616	800009c8	00b85413	srli	x8,x16,0xb	 x16:0xfffffff7  x8=0x001fffff
        6185000	       617	800009cc	00a00913	addi	x18,x0,10	  x0:0x00000000 x18=0x0000000a
        6195000	       618	800009d0	920c0b93	addi	x23,x24,-1760	 x24:0xfffffe0d x23=0xfffff72d
        6205000	       619	800009d4	41de09b3	sub	x19,x28,x29	 x28:0x00000002 x29:0x00000004 x19=0xfffffffe
        6215000	       620	800009d8	ff778793	addi	x15,x15,-9	 x15:0x0000000a x15=0x00000001
        6225000	       621	800009dc	ff27fce3	bgeu	x15,x18,800009d4	 x15:0x00000001 x18:0x0000000a
        6235000	       622	800009e0	fdc57ee3	bgeu	x10,x28,800009bc	 x10:0x00000001 x28:0x00000002
        6245000	       623	800009e4	01af9eb3	sll	x29,x31,x26	 x31:0x80009800 x26:0x26142aee x29=0x26000000
        6255000	       624	800009e8	00900093	addi	x1,x0,9	  x0:0x00000000  x1=0x00000009
        6265000	       625	800009ec	00000013	addi	x0,x0,0	  x0:0x00000000
        6275000	       626	800009f0	01845693	srli	x13,x8,0x18	  x8:0x001fffff x13=0x00000000
        6285000	       627	800009f4	01200493	addi	x9,x0,18	  x0:0x00000000  x9=0x00000012
        6295000	       628	800009f8	015fe133	or	x2,x31,x21	 x31:0x80009800 x21:0x00000000  x2=0x80009800
        6305000	       629	800009fc	00b9c1b3	xor	x3,x19,x11	 x19:0xfffffffe x11:0x80009fc4  x3=0x7fff603a
        6315000	       630	80000a00	0003c133	xor	x2,x7,x0	  x7:0x00000000  x0:0x00000000  x2=0x00000000
        6325000	       631	80000a04	2b7ccf93	xori	x31,x25,695	 x25:0xfffffb02 x31=0xfffff9b5
        6335000	       632	80000a08	00408093	addi	x1,x1,4	  x1:0x00000009  x1=0x0000000d
        6345000	       633	80000a0c	e6fe4e13	xori	x28,x28,-401	 x28:0x00000002 x28=0xfffffe6d
        6355000	       634	80000a10	01315233	srl	x4,x2,x19	  x2:0x00000000 x19:0xfffffffe  x4=0x00000000
        6365000	       635	80000a14	40df5793	srai	x15,x30,0xd	 x30:0x00000002 x15=0x00000000
        6375000	       636	80000a18	fe90c2e3	blt	x1,x9,800009fc	  x1:0x0000000d  x9:0x00000012
        6385000	       637	00000000	00000013	addi	x0,x0,0	  x0:0x00000000
        6395000	       638	800009f8	00000013	addi	x0,x0,0	  x0:0x00000000
        6405000	       639	800009fc	00b9c1b3	xor	x3,x19,x11	 x19:0xfffffffe x11:0x80009fc4  x3=0x7fff603a
        6415000	       640	80000a00	0003c133	xor	x2,x7,x0	  x7:0x00000000  x0:0x00000000  x2=0x00000000
        6425000	       641	80000a04	2b7ccf93	xori	x31,x25,695	 x25:0xfffffb02 x31=0xfffff9b5
        6435000	       642	80000a08	00408093	addi	x1,x1,4	  x1:0x0000000d  x1=0x00000011
        6445000	       643	80000a0c	e6fe4e13	xori	x28,x28,-401	 x28:0xfffffe6d x28=0x00000002
        6455000	       644	80000a10	01315233	srl	x4,x2,x19	  x2:0x00000000 x19:0xfffffffe  x4=0x00000000
        6465000	       645	80000a14	40df5793	srai	x15,x30,0xd	 x30:0x00000002 x15=0x00000000
        6475000	       646	80000a18	fe90c2e3	blt	x1,x9,800009fc	  x1:0x00000011  x9:0x00000012
        6485000	       647	00000000	00000013	addi	x0,x0,0	  x0:0x00000000
        6495000	       648	800009f8	00000013	addi	x0,x0,0	  x0:0x00000000
        6505000	       649	800009fc	00b9c1b3	xor	x3,x19,x11	 x19:0xfffffffe x11:0x80009fc4  x3=0x7fff603a
        6515000	       650	80000a00	0003c133	xor	x2,x7,x0	  x7:0x00000000  x0:0x00000000  x2=0x00000000
        6525000	       651	80000a04	2b7ccf93	xori	x31,x25,695	 x25:0xfffffb02 x31=0xfffff9b5
        6535000	       652	80000a08	00408093	addi	x1,x1,4	  x1:0x00000011  x1=0x00000015
        6545000	       653	80000a0c	e6fe4e13	xori	x28,x28,-401	 x28:0x00000002 x28=0xfffffe6d
        6555000	       654	80000a10	01315233	srl	x4,x2,x19	  x2:0x00000000 x19:0xfffffffe  x4=0x00000000
        6565000	       655	80000a14	40df5793	srai	x15,x30,0xd	 x30:0x00000002 x15=0x00000000
        6575000	       656	80000a18	fe90c2e3	blt	x1,x9,800009fc	  x1:0x00000015  x9:0x00000012
        6585000	       657	80000a1c	dff23d93	sltiu	x27,x4,-513	  x4:0x00000000 x27=0x00000001
        6595000	       658	80000a20	00300093	addi	x1,x0,3	  x0:0x00000000  x1=0x00000003
        6605000	       659	80000a24	4ab12a13	slti	x20,x2,1195	  x2:0x00000000 x20=0x00000001
        6615000	       660	80000a28	000cdc13	srli	x24,x25,0x0	 x25:0xfffffb02 x24=0xfffffb02
        6625000	       661	80000a2c	0057df33	srl	x30,x15,x5	 x15:0x00000000  x5:0x80009f44 x30=0x00000000
        6635000	       662	80000a30	00f00893	addi	x17,x0,15	  x0:0x00000000 x17=0x0000000f
        6645000	       663	80000a34	000fe033	or	x0,x31,x0	 x31:0xfffff9b5  x0:0x00000000
        6655000	       664	80000a38	00000013	addi	x0,x0,0	  x0:0x00000000
        6665000	       665	80000a3c	00608093	addi	x1,x1,6	  x1:0x00000003  x1=0x00000009
        6675000	       666	80000a40	008b9a33	sll	x20,x23,x8	 x23:0xfffff72d  x8:0x001fffff x20=0x80000000
        6685000	       667	80000a44	ffa00d93	addi	x27,x0,-6	  x0:0x00000000 x27=0xfffffffa
        6695000	       668	80000a48	ff500513	addi	x10,x0,-11	  x0:0x00000000 x10=0xfffffff5
        6705000	       669	80000a4c	41705bb3	sra	x23,x0,x23	  x0:0x00000000 x23:0xfffff72d x23=0x00000000
        6715000	       670	80000a50	00c1c033	xor	x0,x3,x12	  x3:0x7fff603a x12:0x00000000
        6725000	       671	80000a54	ffbd8d93	addi	x27,x27,-5	 x27:0xfffffffa x27=0xfffffff5
        6735000	       672	80000a58	01b92f33	slt	x30,x18,x27	 x18:0x0000000a x27:0xfffffff5 x30=0x00000000
        6745000	       673	80000a5c	01f83bb3	sltu	x23,x16,x31	 x16:0xfffffff7 x31:0xfffff9b5 x23=0x00000000
        6755000	       674	80000a60	00e94033	xor	x0,x18,x14	 x18:0x0000000a x14:0x00000008
        6765000	       675	80000a64	01e2abb3	slt	x23,x5,x30	  x5:0x80009f44 x30:0x00000000 x23=0x00000001
        6775000	       676	80000a68	015c5bb3	srl	x23,x24,x21	 x24:0xfffffb02 x21:0x00000000 x23=0xfffffb02
        6785000	       677	80000a6c	fead92e3	bne	x27,x10,80000a50	 x27:0xfffffff5 x10:0xfffffff5
        6795000	       678	80000a70	01fe8833	add	x16,x29,x31	 x29:0x26000000 x31:0xfffff9b5 x16=0x25fff9b5
        6805000	       679	80000a74	007a9493	slli	x9,x21,0x7	 x21:0x00000000  x9=0x00000000
        6815000	       680	80000a78	002b0633	add	x12,x22,x2	 x22:0xfffffffb  x2:0x00000000 x12=0xfffffffb
        6825000	       681	80000a7c	fb109ce3	bne	x1,x17,80000a34	  x1:0x00000009 x17:0x0000000f
        6835000	       682	00000000	00000013	addi	x0,x0,0	  x0:0x00000000
        6845000	       683	80000a30	00000013	addi	x0,x0,0	  x0:0x00000000
        6855000	       684	80000a34	000fe033	or	x0,x31,x0	 x31:0xfffff9b5  x0:0x00000000
        6865000	       685	80000a38	00000013	addi	x0,x0,0	  x0:0x00000000
        6875000	       686	80000a3c	00608093	addi	x1,x1,6	  x1:0x00000009  x1=0x0000000f
        6885000	       687	80000a40	008b9a33	sll	x20,x23,x8	 x23:0xfffffb02  x8:0x001fffff x20=0x00000000
        6895000	       688	80000a44	ffa00d93	addi	x27,x0,-6	  x0:0x00000000 x27=0xfffffffa
        6905000	       689	80000a48	ff500513	addi	x10,x0,-11	  x0:0x00000000 x10=0xfffffff5
        6915000	       690	80000a4c	41705bb3	sra	x23,x0,x23	  x0:0x00000000 x23:0xfffffb02 x23=0x00000000
        6925000	       691	80000a50	00c1c033	xor	x0,x3,x12	  x3:0x7fff603a x12:0xfffffffb
        6935000	       692	80000a54	ffbd8d93	addi	x27,x27,-5	 x27:0xfffffffa x27=0xfffffff5
        6945000	       693	80000a58	01b92f33	slt	x30,x18,x27	 x18:0x0000000a x27:0xfffffff5 x30=0x00000000
        6955000	       694	80000a5c	01f83bb3	sltu	x23,x16,x31	 x16:0x25fff9b5 x31:0xfffff9b5 x23=0x00000001
        6965000	       695	80000a60	00e94033	xor	x0,x18,x14	 x18:0x0000000a x14:0x00000008
        6975000	       696	80000a64	01e2abb3	slt	x23,x5,x30	  x5:0x80009f44 x30:0x00000000 x23=0x00000001
        6985000	       697	80000a68	015c5bb3	srl	x23,x24,x21	 x24:0xfffffb02 x21:0x00000000 x23=0xfffffb02
        6995000	       698	80000a6c	fead92e3	bne	x27,x10,80000a50	 x27:0xfffffff5 x10:0xfffffff5
        7005000	       699	80000a70	01fe8833	add	x16,x29,x31	 x29:0x26000000 x31:0xfffff9b5 x16=0x25fff9b5
        7015000	       700	80000a74	007a9493	slli	x9,x21,0x7	 x21:0x00000000  x9=0x00000000
        7025000	       701	80000a78	002b0633	add	x12,x22,x2	 x22:0xfffffffb  x2:0x00000000 x12=0xfffffffb
        7035000	       702	80000a7c	fb109ce3	bne	x1,x17,80000a34	  x1:0x0000000f x17:0x0000000f
        7045000	       703	80000a80	ba016e17	auipc	x28,0xba016	 x28=0x3a016a7c
        7055000	       704	80000a84	00700d93	addi	x27,x0,7	  x0:0x00000000 x27=0x00000007
        7065000	       705	80000a88	ae2bef97	auipc	x31,0xae2be	 x31=0x2e2bea84
        7075000	       706	80000a8c	00f00713	addi	x14,x0,15	  x0:0x00000000 x14=0x0000000f
        7085000	       707	80000a90	413288b3	sub	x17,x5,x19	  x5:0x80009f44 x19:0xfffffffe x17=0x80009f46
        7095000	       708	80000a94	00f9b833	sltu	x16,x19,x15	 x19:0xfffffffe x15:0x00000000 x16=0x00000000
        7105000	       709	80000a98	004d8d93	addi	x27,x27,4	 x27:0x00000007 x27=0x0000000b
        7115000	       710	80000a9c	c7074c37	lui	x24,0xc7074	 x24=0xc7074000
        7125000	       711	80000aa0	ffe00993	addi	x19,x0,-2	  x0:0x00000000 x19=0xfffffffe
        7135000	       712	80000aa4	f8504313	xori	x6,x0,-123	  x0:0x00000000  x6=0xffffff85
        7145000	       713	80000aa8	00b31533	sll	x10,x6,x11	  x6:0xffffff85 x11:0x80009fc4 x10=0xfffff850
        7155000	       714	80000aac	00300093	addi	x1,x0,3	  x0:0x00000000  x1=0x00000003
        7165000	       715	80000ab0	00799a93	slli	x21,x19,0x7	 x19:0xfffffffe x21=0xffffff00
        7175000	       716	80000ab4	dcbeeb97	auipc	x23,0xdcbee	 x23=0x5cbeeab0
        7185000	       717	80000ab8	7a6dcb93	xori	x23,x27,1958	 x27:0x0000000b x23=0x000007ad
        7195000	       718	80000abc	00598993	addi	x19,x19,5	 x19:0xfffffffe x19=0x00000003
        7205000	       719	80000ac0	592d4e13	xori	x28,x26,1426	 x26:0x26142aee x28=0x26142f7c
        7215000	       720	80000ac4	fe198ae3	beq	x19,x1,80000ab8	 x19:0x00000003  x1:0x00000003
        7225000	       721	00000000	00000013	addi	x0,x0,0	  x0:0x00000000
        7235000	       722	80000ab4	00000013	addi	x0,x0,0	  x0:0x00000000
        7245000	       723	80000ab8	7a6dcb93	xori	x23,x27,1958	 x27:0x0000000b x23=0x000007ad
        7255000	       724	80000abc	00598993	addi	x19,x19,5	 x19:0x00000003 x19=0x00000008
        7265000	       725	80000ac0	592d4e13	xori	x28,x26,1426	 x26:0x26142aee x28=0x26142f7c
        7275000	       726	80000ac4	fe198ae3	beq	x19,x1,80000ab8	 x19:0x00000008  x1:0x00000003
        7285000	       727	80000ac8	4153d513	srai	x10,x7,0x15	  x7:0x00000000 x10=0x00000000
        7295000	       728	80000acc	fced94e3	bne	x27,x14,80000a94	 x27:0x0000000b x14:0x0000000f
        7305000	       729	00000000	00000013	addi	x0,x0,0	  x0:0x00000000
        7315000	       730	80000a90	00000013	addi	x0,x0,0	  x0:0x00000000
        7325000	       731	80000a94	00f9b833	sltu	x16,x19,x15	 x19:0x00000008 x15:0x00000000 x16=0x00000000
        7335000	       732	80000a98	004d8d93	addi	x27,x27,4	 x27:0x0000000b x27=0x0000000f
        7345000	       733	80000a9c	c7074c37	lui	x24,0xc7074	 x24=0xc7074000
        7355000	       734	80000aa0	ffe00993	addi	x19,x0,-2	  x0:0x00000000 x19=0xfffffffe
        7365000	       735	80000aa4	f8504313	xori	x6,x0,-123	  x0:0x00000000  x6=0xffffff85
        7375000	       736	80000aa8	00b31533	sll	x10,x6,x11	  x6:0xffffff85 x11:0x80009fc4 x10=0xfffff850
        7385000	       737	80000aac	00300093	addi	x1,x0,3	  x0:0x00000000  x1=0x00000003
        7395000	       738	80000ab0	00799a93	slli	x21,x19,0x7	 x19:0xfffffffe x21=0xffffff00
        7405000	       739	80000ab4	dcbeeb97	auipc	x23,0xdcbee	 x23=0x5cbeeab0
        7415000	       740	80000ab8	7a6dcb93	xori	x23,x27,1958	 x27:0x0000000f x23=0x000007a9
        7425000	       741	80000abc	00598993	addi	x19,x19,5	 x19:0xfffffffe x19=0x00000003
        7435000	       742	80000ac0	592d4e13	xori	x28,x26,1426	 x26:0x26142aee x28=0x26142f7c
        7445000	       743	80000ac4	fe198ae3	beq	x19,x1,80000ab8	 x19:0x00000003  x1:0x00000003
        7455000	       744	00000000	00000013	addi	x0,x0,0	  x0:0x00000000
        7465000	       745	80000ab4	00000013	addi	x0,x0,0	  x0:0x00000000
        7475000	       746	80000ab8	7a6dcb93	xori	x23,x27,1958	 x27:0x0000000f x23=0x000007a9
        7485000	       747	80000abc	00598993	addi	x19,x19,5	 x19:0x00000003 x19=0x00000008
        7495000	       748	80000ac0	592d4e13	xori	x28,x26,1426	 x26:0x26142aee x28=0x26142f7c
        7505000	       749	80000ac4	fe198ae3	beq	x19,x1,80000ab8	 x19:0x00000008  x1:0x00000003
        7515000	       750	80000ac8	4153d513	srai	x10,x7,0x15	  x7:0x00000000 x10=0x00000000
        7525000	       751	80000acc	fced94e3	bne	x27,x14,80000a94	 x27:0x0000000f x14:0x0000000f
        7535000	       752	80000ad0	00f19133	sll	x2,x3,x15	  x3:0x7fff603a x15:0x00000000  x2=0x7fff603a
        7545000	       753	80000ad4	00a00913	addi	x18,x0,10	  x0:0x00000000 x18=0x0000000a
        7555000	       754	80000ad8	00900b13	addi	x22,x0,9	  x0:0x00000000 x22=0x00000009
        7565000	       755	80000adc	0ae8f413	andi	x8,x17,174	 x17:0x80009f46  x8=0x00000006
        7575000	       756	80000ae0	17c09697	auipc	x13,0x17c09	 x13=0x97c09adc
        7585000	       757	80000ae4	3870e513	ori	x10,x1,903	  x1:0x00000003 x10=0x00000387
        7595000	       758	80000ae8	ff890913	addi	x18,x18,-8	 x18:0x0000000a x18=0x00000002
        7605000	       759	80000aec	00000e93	addi	x29,x0,0	  x0:0x00000000 x29=0x00000000
        7615000	       760	80000af0	a3053c93	sltiu	x25,x10,-1488	 x10:0x00000387 x25=0x00000001
        7625000	       761	80000af4	01200213	addi	x4,x0,18	  x0:0x00000000  x4=0x00000012
        7635000	       762	80000af8	018b6fb3	or	x31,x22,x24	 x22:0x00000009 x24:0xc7074000 x31=0xc7074009
        7645000	       763	80000afc	64792f93	slti	x31,x18,1607	 x18:0x00000002 x31=0x00000001
        7655000	       764	80000b00	007e8e93	addi	x29,x29,7	 x29:0x00000000 x29=0x00000007
        7665000	       765	80000b04	0088ea33	or	x20,x17,x8	 x17:0x80009f46  x8:0x00000006 x20=0x80009f46
        7675000	       766	80000b08	fe4eeae3	bltu	x29,x4,80000afc	 x29:0x00000007  x4:0x00000012
        7685000	       767	00000000	00000013	addi	x0,x0,0	  x0:0x00000000
        7695000	       768	80000af8	00000013	addi	x0,x0,0	  x0:0x00000000
        7705000	       769	80000afc	64792f93	slti	x31,x18,1607	 x18:0x00000002 x31=0x00000001
        7715000	       770	80000b00	007e8e93	addi	x29,x29,7	 x29:0x00000007 x29=0x0000000e
        7725000	       771	80000b04	0088ea33	or	x20,x17,x8	 x17:0x80009f46  x8:0x00000006 x20=0x80009f46
        7735000	       772	80000b08	fe4eeae3	bltu	x29,x4,80000afc	 x29:0x0000000e  x4:0x00000012
        7745000	       773	00000000	00000013	addi	x0,x0,0	  x0:0x00000000
        7755000	       774	80000af8	00000013	addi	x0,x0,0	  x0:0x00000000
        7765000	       775	80000afc	64792f93	slti	x31,x18,1607	 x18:0x00000002 x31=0x00000001
        7775000	       776	80000b00	007e8e93	addi	x29,x29,7	 x29:0x0000000e x29=0x00000015
        7785000	       777	80000b04	0088ea33	or	x20,x17,x8	 x17:0x80009f46  x8:0x00000006 x20=0x80009f46
        7795000	       778	80000b08	fe4eeae3	bltu	x29,x4,80000afc	 x29:0x00000015  x4:0x00000012
        7805000	       779	80000b0c	01506533	or	x10,x0,x21	  x0:0x00000000 x21:0xffffff00 x10=0xffffff00
        7815000	       780	80000b10	4169d6b3	sra	x13,x19,x22	 x19:0x00000008 x22:0x00000009 x13=0x00000000
        7825000	       781	80000b14	fd6976e3	bgeu	x18,x22,80000ae0	 x18:0x00000002 x22:0x00000009
        7835000	       782	80000b18	009a2733	slt	x14,x20,x9	 x20:0x80009f46  x9:0x00000000 x14=0x00000001
        7845000	       783	80000b1c	00000e93	addi	x29,x0,0	  x0:0x00000000 x29=0x00000000
        7855000	       784	80000b20	00500613	addi	x12,x0,5	  x0:0x00000000 x12=0x00000005
        7865000	       785	80000b24	44cc7913	andi	x18,x24,1100	 x24:0xc7074000 x18=0x00000000
        7875000	       786	80000b28	00e97533	and	x10,x18,x14	 x18:0x00000000 x14:0x00000001 x10=0x00000000
        7885000	       787	80000b2c	2b39cc13	xori	x24,x19,691	 x19:0x00000008 x24=0x000002bb
        7895000	       788	80000b30	d99a7a93	andi	x21,x20,-615	 x20:0x80009f46 x21=0x80009d00
        7905000	       789	80000b34	00abb9b3	sltu	x19,x23,x10	 x23:0x000007a9 x10:0x00000000 x19=0x00000000
        7915000	       790	80000b38	0018d933	srl	x18,x17,x1	 x17:0x80009f46  x1:0x00000003 x18=0x100013e8
        7925000	       791	80000b3c	001e8e93	addi	x29,x29,1	 x29:0x00000000 x29=0x00000001
        7935000	       792	80000b40	41e25493	srai	x9,x4,0x1e	  x4:0x00000012  x9=0x00000000
        7945000	       793	80000b44	2ff60013	addi	x0,x12,767	 x12:0x00000005
        7955000	       794	80000b48	018ac9b3	xor	x19,x21,x24	 x21:0x80009d00 x24:0x000002bb x19=0x80009fbb
        7965000	       795	80000b4c	fecee2e3	bltu	x29,x12,80000b30	 x29:0x00000001 x12:0x00000005
        7975000	       796	00000000	00000013	addi	x0,x0,0	  x0:0x00000000
        7985000	       797	80000b2c	00000013	addi	x0,x0,0	  x0:0x00000000
        7995000	       798	80000b30	d99a7a93	andi	x21,x20,-615	 x20:0x80009f46 x21=0x80009d00
        8005000	       799	80000b34	00abb9b3	sltu	x19,x23,x10	 x23:0x000007a9 x10:0x00000000 x19=0x00000000
        8015000	       800	80000b38	0018d933	srl	x18,x17,x1	 x17:0x80009f46  x1:0x00000003 x18=0x100013e8
        8025000	       801	80000b3c	001e8e93	addi	x29,x29,1	 x29:0x00000001 x29=0x00000002
        8035000	       802	80000b40	41e25493	srai	x9,x4,0x1e	  x4:0x00000012  x9=0x00000000
        8045000	       803	80000b44	2ff60013	addi	x0,x12,767	 x12:0x00000005
        8055000	       804	80000b48	018ac9b3	xor	x19,x21,x24	 x21:0x80009d00 x24:0x000002bb x19=0x80009fbb
        8065000	       805	80000b4c	fecee2e3	bltu	x29,x12,80000b30	 x29:0x00000002 x12:0x00000005
        8075000	       806	00000000	00000013	addi	x0,x0,0	  x0:0x00000000
        8085000	       807	80000b2c	00000013	addi	x0,x0,0	  x0:0x00000000
        8095000	       808	80000b30	d99a7a93	andi	x21,x20,-615	 x20:0x80009f46 x21=0x80009d00
        8105000	       809	80000b34	00abb9b3	sltu	x19,x23,x10	 x23:0x000007a9 x10:0x00000000 x19=0x00000000
        8115000	       810	80000b38	0018d933	srl	x18,x17,x1	 x17:0x80009f46  x1:0x00000003 x18=0x100013e8
        8125000	       811	80000b3c	001e8e93	addi	x29,x29,1	 x29:0x00000002 x29=0x00000003
        8135000	       812	80000b40	41e25493	srai	x9,x4,0x1e	  x4:0x00000012  x9=0x00000000
        8145000	       813	80000b44	2ff60013	addi	x0,x12,767	 x12:0x00000005
        8155000	       814	80000b48	018ac9b3	xor	x19,x21,x24	 x21:0x80009d00 x24:0x000002bb x19=0x80009fbb
        8165000	       815	80000b4c	fecee2e3	bltu	x29,x12,80000b30	 x29:0x00000003 x12:0x00000005
        8175000	       816	00000000	00000013	addi	x0,x0,0	  x0:0x00000000
        8185000	       817	80000b2c	00000013	addi	x0,x0,0	  x0:0x00000000
        8195000	       818	80000b30	d99a7a93	andi	x21,x20,-615	 x20:0x80009f46 x21=0x80009d00
        8205000	       819	80000b34	00abb9b3	sltu	x19,x23,x10	 x23:0x000007a9 x10:0x00000000 x19=0x00000000
        8215000	       820	80000b38	0018d933	srl	x18,x17,x1	 x17:0x80009f46  x1:0x00000003 x18=0x100013e8
        8225000	       821	80000b3c	001e8e93	addi	x29,x29,1	 x29:0x00000003 x29=0x00000004
        8235000	       822	80000b40	41e25493	srai	x9,x4,0x1e	  x4:0x00000012  x9=0x00000000
        8245000	       823	80000b44	2ff60013	addi	x0,x12,767	 x12:0x00000005
        8255000	       824	80000b48	018ac9b3	xor	x19,x21,x24	 x21:0x80009d00 x24:0x000002bb x19=0x80009fbb
        8265000	       825	80000b4c	fecee2e3	bltu	x29,x12,80000b30	 x29:0x00000004 x12:0x00000005
        8275000	       826	00000000	00000013	addi	x0,x0,0	  x0:0x00000000
        8285000	       827	80000b2c	00000013	addi	x0,x0,0	  x0:0x00000000
        8295000	       828	80000b30	d99a7a93	andi	x21,x20,-615	 x20:0x80009f46 x21=0x80009d00
        8305000	       829	80000b34	00abb9b3	sltu	x19,x23,x10	 x23:0x000007a9 x10:0x00000000 x19=0x00000000
        8315000	       830	80000b38	0018d933	srl	x18,x17,x1	 x17:0x80009f46  x1:0x00000003 x18=0x100013e8
        8325000	       831	80000b3c	001e8e93	addi	x29,x29,1	 x29:0x00000004 x29=0x00000005
        8335000	       832	80000b40	41e25493	srai	x9,x4,0x1e	  x4:0x00000012  x9=0x00000000
        8345000	       833	80000b44	2ff60013	addi	x0,x12,767	 x12:0x00000005
        8355000	       834	80000b48	018ac9b3	xor	x19,x21,x24	 x21:0x80009d00 x24:0x000002bb x19=0x80009fbb
        8365000	       835	80000b4c	fecee2e3	bltu	x29,x12,80000b30	 x29:0x00000005 x12:0x00000005
        8375000	       836	80000b50	01f73433	sltu	x8,x14,x31	 x14:0x00000001 x31:0x00000001  x8=0x00000000
        8385000	       837	80000b54	00100713	addi	x14,x0,1	  x0:0x00000000 x14=0x00000001
        8395000	       838	80000b58	017af833	and	x16,x21,x23	 x21:0x80009d00 x23:0x000007a9 x16=0x00000500
        8405000	       839	80000b5c	01999913	slli	x18,x19,0x19	 x19:0x80009fbb x18=0x76000000
        8415000	       840	80000b60	01f45c13	srli	x24,x8,0x1f	  x8:0x00000000 x24=0x00000000
        8425000	       841	80000b64	00b65613	srli	x12,x12,0xb	 x12:0x00000005 x12=0x00000000
        8435000	       842	80000b68	0164d133	srl	x2,x9,x22	  x9:0x00000000 x22:0x00000009  x2=0x00000000
        8445000	       843	80000b6c	00959813	slli	x16,x11,0x9	 x11:0x80009fc4 x16=0x013f8800
        8455000	       844	80000b70	d143fa37	lui	x20,0xd143f	 x20=0xd143f000
        8465000	       845	80000b74	88422393	slti	x7,x4,-1916	  x4:0x00000012  x7=0x00000000
        8475000	       846	80000b78	00d00f93	addi	x31,x0,13	  x0:0x00000000 x31=0x0000000d
        8485000	       847	80000b7c	00000013	addi	x0,x0,0	  x0:0x00000000
        8495000	       848	80000b80	ec590897	auipc	x17,0xec590	 x17=0x6c590b7c
        8505000	       849	80000b84	afb9f393	andi	x7,x19,-1285	 x19:0x80009fbb  x7=0x80009abb
        8515000	       850	80000b88	4357cc13	xori	x24,x15,1077	 x15:0x00000000 x24=0x00000435
        8525000	       851	80000b8c	00270713	addi	x14,x14,2	 x14:0x00000001 x14=0x00000003
        8535000	       852	80000b90	02f76a13	ori	x20,x14,47	 x14:0x00000003 x20=0x0000002f
        8545000	       853	80000b94	01c27bb3	and	x23,x4,x28	  x4:0x00000012 x28:0x26142f7c x23=0x00000010
        8555000	       854	80000b98	01d15db3	srl	x27,x2,x29	  x2:0x00000000 x29:0x00000005 x27=0x00000000
        8565000	       855	80000b9c	00300413	addi	x8,x0,3	  x0:0x00000000  x8=0x00000003
        8575000	       856	80000ba0	00300f13	addi	x30,x0,3	  x0:0x00000000 x30=0x00000003
        8585000	       857	80000ba4	00e4fab3	and	x21,x9,x14	  x9:0x00000000 x14:0x00000003 x21=0x00000000
        8595000	       858	80000ba8	daa16537	lui	x10,0xdaa16	 x10=0xdaa16000
        8605000	       859	80000bac	012b90b3	sll	x1,x23,x18	 x23:0x00000010 x18:0x76000000  x1=0x00000010
        8615000	       860	80000bb0	ffe40413	addi	x8,x8,-2	  x8:0x00000003  x8=0x00000001
        8625000	       861	80000bb4	00d28833	add	x16,x5,x13	  x5:0x80009f44 x13:0x00000000 x16=0x80009f44
        8635000	       862	80000bb8	ffe478e3	bgeu	x8,x30,80000ba8	  x8:0x00000001 x30:0x00000003
        8645000	       863	80000bbc	203f6237	lui	x4,0x203f6	  x4=0x203f6000
        8655000	       864	80000bc0	00445093	srli	x1,x8,0x4	  x8:0x00000001  x1=0x00000000
        8665000	       865	80000bc4	ce1cb913	sltiu	x18,x25,-799	 x25:0x00000001 x18=0x00000001
        8675000	       866	80000bc8	32d0f697	auipc	x13,0x32d0f	 x13=0xb2d0fbc4
        8685000	       867	80000bcc	fbf76ce3	bltu	x14,x31,80000b84	 x14:0x00000003 x31:0x0000000d
        8695000	       868	00000000	00000013	addi	x0,x0,0	  x0:0x00000000
        8705000	       869	80000b80	00000013	addi	x0,x0,0	  x0:0x00000000
        8715000	       870	80000b84	afb9f393	andi	x7,x19,-1285	 x19:0x80009fbb  x7=0x80009abb
        8725000	       871	80000b88	4357cc13	xori	x24,x15,1077	 x15:0x00000000 x24=0x00000435
        8735000	       872	80000b8c	00270713	addi	x14,x14,2	 x14:0x00000003 x14=0x00000005
        8745000	       873	80000b90	02f76a13	ori	x20,x14,47	 x14:0x00000005 x20=0x0000002f
        8755000	       874	80000b94	01c27bb3	and	x23,x4,x28	  x4:0x203f6000 x28:0x26142f7c x23=0x20142000
        8765000	       875	80000b98	01d15db3	srl	x27,x2,x29	  x2:0x00000000 x29:0x00000005 x27=0x00000000
        8775000	       876	80000b9c	00300413	addi	x8,x0,3	  x0:0x00000000  x8=0x00000003
        8785000	       877	80000ba0	00300f13	addi	x30,x0,3	  x0:0x00000000 x30=0x00000003
        8795000	       878	80000ba4	00e4fab3	and	x21,x9,x14	  x9:0x00000000 x14:0x00000005 x21=0x00000000
        8805000	       879	80000ba8	daa16537	lui	x10,0xdaa16	 x10=0xdaa16000
        8815000	       880	80000bac	012b90b3	sll	x1,x23,x18	 x23:0x20142000 x18:0x00000001  x1=0x40284000
        8825000	       881	80000bb0	ffe40413	addi	x8,x8,-2	  x8:0x00000003  x8=0x00000001
        8835000	       882	80000bb4	00d28833	add	x16,x5,x13	  x5:0x80009f44 x13:0xb2d0fbc4 x16=0x32d19b08
        8845000	       883	80000bb8	ffe478e3	bgeu	x8,x30,80000ba8	  x8:0x00000001 x30:0x00000003
        8855000	       884	80000bbc	203f6237	lui	x4,0x203f6	  x4=0x203f6000
        8865000	       885	80000bc0	00445093	srli	x1,x8,0x4	  x8:0x00000001  x1=0x00000000
        8875000	       886	80000bc4	ce1cb913	sltiu	x18,x25,-799	 x25:0x00000001 x18=0x00000001
        8885000	       887	80000bc8	32d0f697	auipc	x13,0x32d0f	 x13=0xb2d0fbc4
        8895000	       888	80000bcc	fbf76ce3	bltu	x14,x31,80000b84	 x14:0x00000005 x31:0x0000000d
        8905000	       889	00000000	00000013	addi	x0,x0,0	  x0:0x00000000
        8915000	       890	80000b80	00000013	addi	x0,x0,0	  x0:0x00000000
        8925000	       891	80000b84	afb9f393	andi	x7,x19,-1285	 x19:0x80009fbb  x7=0x80009abb
        8935000	       892	80000b88	4357cc13	xori	x24,x15,1077	 x15:0x00000000 x24=0x00000435
        8945000	       893	80000b8c	00270713	addi	x14,x14,2	 x14:0x00000005 x14=0x00000007
        8955000	       894	80000b90	02f76a13	ori	x20,x14,47	 x14:0x00000007 x20=0x0000002f
        8965000	       895	80000b94	01c27bb3	and	x23,x4,x28	  x4:0x203f6000 x28:0x26142f7c x23=0x20142000
        8975000	       896	80000b98	01d15db3	srl	x27,x2,x29	  x2:0x00000000 x29:0x00000005 x27=0x00000000
        8985000	       897	80000b9c	00300413	addi	x8,x0,3	  x0:0x00000000  x8=0x00000003
        8995000	       898	80000ba0	00300f13	addi	x30,x0,3	  x0:0x00000000 x30=0x00000003
        9005000	       899	80000ba4	00e4fab3	and	x21,x9,x14	  x9:0x00000000 x14:0x00000007 x21=0x00000000
        9015000	       900	80000ba8	daa16537	lui	x10,0xdaa16	 x10=0xdaa16000
        9025000	       901	80000bac	012b90b3	sll	x1,x23,x18	 x23:0x20142000 x18:0x00000001  x1=0x40284000
        9035000	       902	80000bb0	ffe40413	addi	x8,x8,-2	  x8:0x00000003  x8=0x00000001
        9045000	       903	80000bb4	00d28833	add	x16,x5,x13	  x5:0x80009f44 x13:0xb2d0fbc4 x16=0x32d19b08
        9055000	       904	80000bb8	ffe478e3	bgeu	x8,x30,80000ba8	  x8:0x00000001 x30:0x00000003
        9065000	       905	80000bbc	203f6237	lui	x4,0x203f6	  x4=0x203f6000
        9075000	       906	80000bc0	00445093	srli	x1,x8,0x4	  x8:0x00000001  x1=0x00000000
        9085000	       907	80000bc4	ce1cb913	sltiu	x18,x25,-799	 x25:0x00000001 x18=0x00000001
        9095000	       908	80000bc8	32d0f697	auipc	x13,0x32d0f	 x13=0xb2d0fbc4
        9105000	       909	80000bcc	fbf76ce3	bltu	x14,x31,80000b84	 x14:0x00000007 x31:0x0000000d
        9115000	       910	00000000	00000013	addi	x0,x0,0	  x0:0x00000000
        9125000	       911	80000b80	00000013	addi	x0,x0,0	  x0:0x00000000
        9135000	       912	80000b84	afb9f393	andi	x7,x19,-1285	 x19:0x80009fbb  x7=0x80009abb
        9145000	       913	80000b88	4357cc13	xori	x24,x15,1077	 x15:0x00000000 x24=0x00000435
        9155000	       914	80000b8c	00270713	addi	x14,x14,2	 x14:0x00000007 x14=0x00000009
        9165000	       915	80000b90	02f76a13	ori	x20,x14,47	 x14:0x00000009 x20=0x0000002f
        9175000	       916	80000b94	01c27bb3	and	x23,x4,x28	  x4:0x203f6000 x28:0x26142f7c x23=0x20142000
        9185000	       917	80000b98	01d15db3	srl	x27,x2,x29	  x2:0x00000000 x29:0x00000005 x27=0x00000000
        9195000	       918	80000b9c	00300413	addi	x8,x0,3	  x0:0x00000000  x8=0x00000003
        9205000	       919	80000ba0	00300f13	addi	x30,x0,3	  x0:0x00000000 x30=0x00000003
        9215000	       920	80000ba4	00e4fab3	and	x21,x9,x14	  x9:0x00000000 x14:0x00000009 x21=0x00000000
        9225000	       921	80000ba8	daa16537	lui	x10,0xdaa16	 x10=0xdaa16000
        9235000	       922	80000bac	012b90b3	sll	x1,x23,x18	 x23:0x20142000 x18:0x00000001  x1=0x40284000
        9245000	       923	80000bb0	ffe40413	addi	x8,x8,-2	  x8:0x00000003  x8=0x00000001
        9255000	       924	80000bb4	00d28833	add	x16,x5,x13	  x5:0x80009f44 x13:0xb2d0fbc4 x16=0x32d19b08
        9265000	       925	80000bb8	ffe478e3	bgeu	x8,x30,80000ba8	  x8:0x00000001 x30:0x00000003
        9275000	       926	80000bbc	203f6237	lui	x4,0x203f6	  x4=0x203f6000
        9285000	       927	80000bc0	00445093	srli	x1,x8,0x4	  x8:0x00000001  x1=0x00000000
        9295000	       928	80000bc4	ce1cb913	sltiu	x18,x25,-799	 x25:0x00000001 x18=0x00000001
        9305000	       929	80000bc8	32d0f697	auipc	x13,0x32d0f	 x13=0xb2d0fbc4
        9315000	       930	80000bcc	fbf76ce3	bltu	x14,x31,80000b84	 x14:0x00000009 x31:0x0000000d
        9325000	       931	00000000	00000013	addi	x0,x0,0	  x0:0x00000000
        9335000	       932	80000b80	00000013	addi	x0,x0,0	  x0:0x00000000
        9345000	       933	80000b84	afb9f393	andi	x7,x19,-1285	 x19:0x80009fbb  x7=0x80009abb
        9355000	       934	80000b88	4357cc13	xori	x24,x15,1077	 x15:0x00000000 x24=0x00000435
        9365000	       935	80000b8c	00270713	addi	x14,x14,2	 x14:0x00000009 x14=0x0000000b
        9375000	       936	80000b90	02f76a13	ori	x20,x14,47	 x14:0x0000000b x20=0x0000002f
        9385000	       937	80000b94	01c27bb3	and	x23,x4,x28	  x4:0x203f6000 x28:0x26142f7c x23=0x20142000
        9395000	       938	80000b98	01d15db3	srl	x27,x2,x29	  x2:0x00000000 x29:0x00000005 x27=0x00000000
        9405000	       939	80000b9c	00300413	addi	x8,x0,3	  x0:0x00000000  x8=0x00000003
        9415000	       940	80000ba0	00300f13	addi	x30,x0,3	  x0:0x00000000 x30=0x00000003
        9425000	       941	80000ba4	00e4fab3	and	x21,x9,x14	  x9:0x00000000 x14:0x0000000b x21=0x00000000
        9435000	       942	80000ba8	daa16537	lui	x10,0xdaa16	 x10=0xdaa16000
        9445000	       943	80000bac	012b90b3	sll	x1,x23,x18	 x23:0x20142000 x18:0x00000001  x1=0x40284000
        9455000	       944	80000bb0	ffe40413	addi	x8,x8,-2	  x8:0x00000003  x8=0x00000001
        9465000	       945	80000bb4	00d28833	add	x16,x5,x13	  x5:0x80009f44 x13:0xb2d0fbc4 x16=0x32d19b08
        9475000	       946	80000bb8	ffe478e3	bgeu	x8,x30,80000ba8	  x8:0x00000001 x30:0x00000003
        9485000	       947	80000bbc	203f6237	lui	x4,0x203f6	  x4=0x203f6000
        9495000	       948	80000bc0	00445093	srli	x1,x8,0x4	  x8:0x00000001  x1=0x00000000
        9505000	       949	80000bc4	ce1cb913	sltiu	x18,x25,-799	 x25:0x00000001 x18=0x00000001
        9515000	       950	80000bc8	32d0f697	auipc	x13,0x32d0f	 x13=0xb2d0fbc4
        9525000	       951	80000bcc	fbf76ce3	bltu	x14,x31,80000b84	 x14:0x0000000b x31:0x0000000d
        9535000	       952	00000000	00000013	addi	x0,x0,0	  x0:0x00000000
        9545000	       953	80000b80	00000013	addi	x0,x0,0	  x0:0x00000000
        9555000	       954	80000b84	afb9f393	andi	x7,x19,-1285	 x19:0x80009fbb  x7=0x80009abb
        9565000	       955	80000b88	4357cc13	xori	x24,x15,1077	 x15:0x00000000 x24=0x00000435
        9575000	       956	80000b8c	00270713	addi	x14,x14,2	 x14:0x0000000b x14=0x0000000d
        9585000	       957	80000b90	02f76a13	ori	x20,x14,47	 x14:0x0000000d x20=0x0000002f
        9595000	       958	80000b94	01c27bb3	and	x23,x4,x28	  x4:0x203f6000 x28:0x26142f7c x23=0x20142000
        9605000	       959	80000b98	01d15db3	srl	x27,x2,x29	  x2:0x00000000 x29:0x00000005 x27=0x00000000
        9615000	       960	80000b9c	00300413	addi	x8,x0,3	  x0:0x00000000  x8=0x00000003
        9625000	       961	80000ba0	00300f13	addi	x30,x0,3	  x0:0x00000000 x30=0x00000003
        9635000	       962	80000ba4	00e4fab3	and	x21,x9,x14	  x9:0x00000000 x14:0x0000000d x21=0x00000000
        9645000	       963	80000ba8	daa16537	lui	x10,0xdaa16	 x10=0xdaa16000
        9655000	       964	80000bac	012b90b3	sll	x1,x23,x18	 x23:0x20142000 x18:0x00000001  x1=0x40284000
        9665000	       965	80000bb0	ffe40413	addi	x8,x8,-2	  x8:0x00000003  x8=0x00000001
        9675000	       966	80000bb4	00d28833	add	x16,x5,x13	  x5:0x80009f44 x13:0xb2d0fbc4 x16=0x32d19b08
        9685000	       967	80000bb8	ffe478e3	bgeu	x8,x30,80000ba8	  x8:0x00000001 x30:0x00000003
        9695000	       968	80000bbc	203f6237	lui	x4,0x203f6	  x4=0x203f6000
        9705000	       969	80000bc0	00445093	srli	x1,x8,0x4	  x8:0x00000001  x1=0x00000000
        9715000	       970	80000bc4	ce1cb913	sltiu	x18,x25,-799	 x25:0x00000001 x18=0x00000001
        9725000	       971	80000bc8	32d0f697	auipc	x13,0x32d0f	 x13=0xb2d0fbc4
        9735000	       972	80000bcc	fbf76ce3	bltu	x14,x31,80000b84	 x14:0x0000000d x31:0x0000000d
        9745000	       973	80000bd0	404f5933	sra	x18,x30,x4	 x30:0x00000003  x4:0x203f6000 x18=0x00000003
        9755000	       974	80000bd4	00a00f93	addi	x31,x0,10	  x0:0x00000000 x31=0x0000000a
        9765000	       975	80000bd8	461e3e97	auipc	x29,0x461e3	 x29=0xc61e3bd4
        9775000	       976	80000bdc	00202e33	slt	x28,x0,x2	  x0:0x00000000  x2:0x00000000 x28=0x00000000
        9785000	       977	80000be0	41785613	srai	x12,x16,0x17	 x16:0x32d19b08 x12=0x00000065
        9795000	       978	80000be4	01ded7b3	srl	x15,x29,x29	 x29:0xc61e3bd4 x29:0xc61e3bd4 x15=0x00000c61
        9805000	       979	80000be8	ff800513	addi	x10,x0,-8	  x0:0x00000000 x10=0xfffffff8
        9815000	       980	80000bec	016f5f33	srl	x30,x30,x22	 x30:0x00000003 x22:0x00000009 x30=0x00000000
        9825000	       981	80000bf0	1939cc13	xori	x24,x19,403	 x19:0x80009fbb x24=0x80009e28
        9835000	       982	80000bf4	41f95c33	sra	x24,x18,x31	 x18:0x00000003 x31:0x0000000a x24=0x00000000
        9845000	       983	80000bf8	f0717993	andi	x19,x2,-249	  x2:0x00000000 x19=0x00000000
        9855000	       984	80000bfc	00e37eb3	and	x29,x6,x14	  x6:0xffffff85 x14:0x0000000d x29=0x00000005
        9865000	       985	80000c00	ffaf8f93	addi	x31,x31,-6	 x31:0x0000000a x31=0x00000004
        9875000	       986	80000c04	df4c3a93	sltiu	x21,x24,-524	 x24:0x00000000 x21=0x00000001
        9885000	       987	80000c08	ec1b1317	auipc	x6,0xec1b1	  x6=0x6c1b1c04
        9895000	       988	80000c0c	00f30cb3	add	x25,x6,x15	  x6:0x6c1b1c04 x15:0x00000c61 x25=0x6c1b2865
        9905000	       989	80000c10	00823233	sltu	x4,x4,x8	  x4:0x203f6000  x8:0x00000001  x4=0x00000000
        9915000	       990	80000c14	01bb5413	srli	x8,x22,0x1b	 x22:0x00000009  x8=0x00000000
        9925000	       991	80000c18	00900b93	addi	x23,x0,9	  x0:0x00000000 x23=0x00000009
        9935000	       992	80000c1c	40768333	sub	x6,x13,x7	 x13:0xb2d0fbc4  x7:0x80009abb  x6=0x32d06109
        9945000	       993	80000c20	00900d93	addi	x27,x0,9	  x0:0x00000000 x27=0x00000009
        9955000	       994	80000c24	01c537b3	sltu	x15,x10,x28	 x10:0xfffffff8 x28:0x00000000 x15=0x00000000
        9965000	       995	80000c28	bd89b113	sltiu	x2,x19,-1064	 x19:0x00000000  x2=0x00000001
        9975000	       996	80000c2c	01f5f4b3	and	x9,x11,x31	 x11:0x80009fc4 x31:0x00000004  x9=0x00000004
        9985000	       997	80000c30	009a17b3	sll	x15,x20,x9	 x20:0x0000002f  x9:0x00000004 x15=0x000002f0
        9995000	       998	80000c34	5525bb13	sltiu	x22,x11,1362	 x11:0x80009fc4 x22=0x00000000
       10005000	       999	80000c38	ffab8b93	addi	x23,x23,-6	 x23:0x00000009 x23=0x00000003
       10015000	      1000	80000c3c	4034da13	srai	x20,x9,0x3	  x9:0x00000004 x20=0x00000000
       10025000	      1001	80000c40	001b0933	add	x18,x22,x1	 x22:0x00000000  x1:0x00000000 x18=0x00000000
       10035000	      1002	80000c44	00000013	addi	x0,x0,0	  x0:0x00000000
       10045000	      1003	80000c48	ffbbf6e3	bgeu	x23,x27,80000c34	 x23:0x00000003 x27:0x00000009
       10055000	      1004	80000c4c	ef5df917	auipc	x18,0xef5df	 x18=0x6f5dfc48
       10065000	      1005	80000c50	faaf94e3	bne	x31,x10,80000bf8	 x31:0x00000004 x10:0xfffffff8
       10075000	      1006	00000000	00000013	addi	x0,x0,0	  x0:0x00000000
       10085000	      1007	80000bf4	00000013	addi	x0,x0,0	  x0:0x00000000
       10095000	      1008	80000bf8	f0717993	andi	x19,x2,-249	  x2:0x00000001 x19=0x00000001
       10105000	      1009	80000bfc	00e37eb3	and	x29,x6,x14	  x6:0x32d06109 x14:0x0000000d x29=0x00000009
       10115000	      1010	80000c00	ffaf8f93	addi	x31,x31,-6	 x31:0x00000004 x31=0xfffffffe
       10125000	      1011	80000c04	df4c3a93	sltiu	x21,x24,-524	 x24:0x00000000 x21=0x00000001
       10135000	      1012	80000c08	ec1b1317	auipc	x6,0xec1b1	  x6=0x6c1b1c04
       10145000	      1013	80000c0c	00f30cb3	add	x25,x6,x15	  x6:0x6c1b1c04 x15:0x000002f0 x25=0x6c1b1ef4
       10155000	      1014	80000c10	00823233	sltu	x4,x4,x8	  x4:0x00000000  x8:0x00000000  x4=0x00000000
       10165000	      1015	80000c14	01bb5413	srli	x8,x22,0x1b	 x22:0x00000000  x8=0x00000000
       10175000	      1016	80000c18	00900b93	addi	x23,x0,9	  x0:0x00000000 x23=0x00000009
       10185000	      1017	80000c1c	40768333	sub	x6,x13,x7	 x13:0xb2d0fbc4  x7:0x80009abb  x6=0x32d06109
       10195000	      1018	80000c20	00900d93	addi	x27,x0,9	  x0:0x00000000 x27=0x00000009
       10205000	      1019	80000c24	01c537b3	sltu	x15,x10,x28	 x10:0xfffffff8 x28:0x00000000 x15=0x00000000
       10215000	      1020	80000c28	bd89b113	sltiu	x2,x19,-1064	 x19:0x00000001  x2=0x00000001
       10225000	      1021	80000c2c	01f5f4b3	and	x9,x11,x31	 x11:0x80009fc4 x31:0xfffffffe  x9=0x80009fc4
       10235000	      1022	80000c30	009a17b3	sll	x15,x20,x9	 x20:0x00000000  x9:0x80009fc4 x15=0x00000000
       10245000	      1023	80000c34	5525bb13	sltiu	x22,x11,1362	 x11:0x80009fc4 x22=0x00000000
       10255000	      1024	80000c38	ffab8b93	addi	x23,x23,-6	 x23:0x00000009 x23=0x00000003
       10265000	      1025	80000c3c	4034da13	srai	x20,x9,0x3	  x9:0x80009fc4 x20=0xf00013f8
       10275000	      1026	80000c40	001b0933	add	x18,x22,x1	 x22:0x00000000  x1:0x00000000 x18=0x00000000
       10285000	      1027	80000c44	00000013	addi	x0,x0,0	  x0:0x00000000
       10295000	      1028	80000c48	ffbbf6e3	bgeu	x23,x27,80000c34	 x23:0x00000003 x27:0x00000009
       10305000	      1029	80000c4c	ef5df917	auipc	x18,0xef5df	 x18=0x6f5dfc48
       10315000	      1030	80000c50	faaf94e3	bne	x31,x10,80000bf8	 x31:0xfffffffe x10:0xfffffff8
       10325000	      1031	00000000	00000013	addi	x0,x0,0	  x0:0x00000000
       10335000	      1032	80000bf4	00000013	addi	x0,x0,0	  x0:0x00000000
       10345000	      1033	80000bf8	f0717993	andi	x19,x2,-249	  x2:0x00000001 x19=0x00000001
       10355000	      1034	80000bfc	00e37eb3	and	x29,x6,x14	  x6:0x32d06109 x14:0x0000000d x29=0x00000009
       10365000	      1035	80000c00	ffaf8f93	addi	x31,x31,-6	 x31:0xfffffffe x31=0xfffffff8
       10375000	      1036	80000c04	df4c3a93	sltiu	x21,x24,-524	 x24:0x00000000 x21=0x00000001
       10385000	      1037	80000c08	ec1b1317	auipc	x6,0xec1b1	  x6=0x6c1b1c04
       10395000	      1038	80000c0c	00f30cb3	add	x25,x6,x15	  x6:0x6c1b1c04 x15:0x00000000 x25=0x6c1b1c04
       10405000	      1039	80000c10	00823233	sltu	x4,x4,x8	  x4:0x00000000  x8:0x00000000  x4=0x00000000
       10415000	      1040	80000c14	01bb5413	srli	x8,x22,0x1b	 x22:0x00000000  x8=0x00000000
       10425000	      1041	80000c18	00900b93	addi	x23,x0,9	  x0:0x00000000 x23=0x00000009
       10435000	      1042	80000c1c	40768333	sub	x6,x13,x7	 x13:0xb2d0fbc4  x7:0x80009abb  x6=0x32d06109
       10445000	      1043	80000c20	00900d93	addi	x27,x0,9	  x0:0x00000000 x27=0x00000009
       10455000	      1044	80000c24	01c537b3	sltu	x15,x10,x28	 x10:0xfffffff8 x28:0x00000000 x15=0x00000000
       10465000	      1045	80000c28	bd89b113	sltiu	x2,x19,-1064	 x19:0x00000001  x2=0x00000001
       10475000	      1046	80000c2c	01f5f4b3	and	x9,x11,x31	 x11:0x80009fc4 x31:0xfffffff8  x9=0x80009fc0
       10485000	      1047	80000c30	009a17b3	sll	x15,x20,x9	 x20:0xf00013f8  x9:0x80009fc0 x15=0xf00013f8
       10495000	      1048	80000c34	5525bb13	sltiu	x22,x11,1362	 x11:0x80009fc4 x22=0x00000000
       10505000	      1049	80000c38	ffab8b93	addi	x23,x23,-6	 x23:0x00000009 x23=0x00000003
       10515000	      1050	80000c3c	4034da13	srai	x20,x9,0x3	  x9:0x80009fc0 x20=0xf00013f8
       10525000	      1051	80000c40	001b0933	add	x18,x22,x1	 x22:0x00000000  x1:0x00000000 x18=0x00000000
       10535000	      1052	80000c44	00000013	addi	x0,x0,0	  x0:0x00000000
       10545000	      1053	80000c48	ffbbf6e3	bgeu	x23,x27,80000c34	 x23:0x00000003 x27:0x00000009
       10555000	      1054	80000c4c	ef5df917	auipc	x18,0xef5df	 x18=0x6f5dfc48
       10565000	      1055	80000c50	faaf94e3	bne	x31,x10,80000bf8	 x31:0xfffffff8 x10:0xfffffff8
       10575000	      1056	80000c54	01d85b33	srl	x22,x16,x29	 x16:0x32d19b08 x29:0x00000009 x22=0x001968cd
       10585000	      1057	80000c58	ff900c13	addi	x24,x0,-7	  x0:0x00000000 x24=0xfffffff9
       10595000	      1058	80000c5c	017f2533	slt	x10,x30,x23	 x30:0x00000000 x23:0x00000003 x10=0x00000001
       10605000	      1059	80000c60	b9c4a197	auipc	x3,0xb9c4a	  x3=0x39c4ac5c
       10615000	      1060	80000c64	01cc21b3	slt	x3,x24,x28	 x24:0xfffffff9 x28:0x00000000  x3=0x00000001
       10625000	      1061	80000c68	0103e633	or	x12,x7,x16	  x7:0x80009abb x16:0x32d19b08 x12=0xb2d19bbb
       10635000	      1062	80000c6c	01decbb3	xor	x23,x29,x29	 x29:0x00000009 x29:0x00000009 x23=0x00000000
       10645000	      1063	80000c70	754a9737	lui	x14,0x754a9	 x14=0x754a9000
       10655000	      1064	80000c74	000bdb13	srli	x22,x23,0x0	 x23:0x00000000 x22=0x00000000
       10665000	      1065	80000c78	0036e933	or	x18,x13,x3	 x13:0xb2d0fbc4  x3:0x00000001 x18=0xb2d0fbc5
       10675000	      1066	80000c7c	ff800813	addi	x16,x0,-8	  x0:0x00000000 x16=0xfffffff8
       10685000	      1067	80000c80	01ca6a33	or	x20,x20,x28	 x20:0xf00013f8 x28:0x00000000 x20=0xf00013f8
       10695000	      1068	80000c84	9bcaa993	slti	x19,x21,-1604	 x21:0x00000001 x19=0x00000000
       10705000	      1069	80000c88	ffec0c13	addi	x24,x24,-2	 x24:0xfffffff9 x24=0xfffffff7
       10715000	      1070	80000c8c	4bedb393	sltiu	x7,x27,1214	 x27:0x00000009  x7=0x00000001
       10725000	      1071	80000c90	416506b3	sub	x13,x10,x22	 x10:0x00000001 x22:0x00000000 x13=0x00000001
       10735000	      1072	80000c94	fff00c93	addi	x25,x0,-1	  x0:0x00000000 x25=0xffffffff
       10745000	      1073	80000c98	ffa00f13	addi	x30,x0,-6	  x0:0x00000000 x30=0xfffffffa
       10755000	      1074	80000c9c	01fd49b3	xor	x19,x26,x31	 x26:0x26142aee x31:0xfffffff8 x19=0xd9ebd516
       10765000	      1075	80000ca0	81b4b313	sltiu	x6,x9,-2021	  x9:0x80009fc0  x6=0x00000001
       10775000	      1076	80000ca4	01edaeb3	slt	x29,x27,x30	 x27:0x00000009 x30:0xfffffffa x29=0x00000000
       10785000	      1077	80000ca8	c4493e13	sltiu	x28,x18,-956	 x18:0xb2d0fbc5 x28=0x00000001
       10795000	      1078	80000cac	0085c1b3	xor	x3,x11,x8	 x11:0x80009fc4  x8:0x00000000  x3=0x80009fc4
       10805000	      1079	80000cb0	ffcc8c93	addi	x25,x25,-4	 x25:0xffffffff x25=0xfffffffb
       10815000	      1080	80000cb4	027eb493	sltiu	x9,x29,39	 x29:0x00000000  x9=0x00000001
       10825000	      1081	80000cb8	ffecd8e3	bge	x25,x30,80000ca8	 x25:0xfffffffb x30:0xfffffffa
       10835000	      1082	00000000	00000013	addi	x0,x0,0	  x0:0x00000000
       10845000	      1083	80000ca4	00000013	addi	x0,x0,0	  x0:0x00000000
       10855000	      1084	80000ca8	c4493e13	sltiu	x28,x18,-956	 x18:0xb2d0fbc5 x28=0x00000001
       10865000	      1085	80000cac	0085c1b3	xor	x3,x11,x8	 x11:0x80009fc4  x8:0x00000000  x3=0x80009fc4
       10875000	      1086	80000cb0	ffcc8c93	addi	x25,x25,-4	 x25:0xfffffffb x25=0xfffffff7
       10885000	      1087	80000cb4	027eb493	sltiu	x9,x29,39	 x29:0x00000000  x9=0x00000001
       10895000	      1088	80000cb8	ffecd8e3	bge	x25,x30,80000ca8	 x25:0xfffffff7 x30:0xfffffffa
       10905000	      1089	80000cbc	fd0c52e3	bge	x24,x16,80000c80	 x24:0xfffffff7 x16:0xfffffff8
       10915000	      1090	80000cc0	6dfe8db7	lui	x27,0x6dfe8	 x27=0x6dfe8000
       10925000	      1091	80000cc4	ffb00393	addi	x7,x0,-5	  x0:0x00000000  x7=0xfffffffb
       10935000	      1092	80000cc8	60a30197	auipc	x3,0x60a30	  x3=0xe0a30cc4
       10945000	      1093	80000ccc	00900f13	addi	x30,x0,9	  x0:0x00000000 x30=0x00000009
       10955000	      1094	80000cd0	00cc4ab3	xor	x21,x24,x12	 x24:0xfffffff7 x12:0xb2d19bbb x21=0x4d2e644c
       10965000	      1095	80000cd4	018826b3	slt	x13,x16,x24	 x16:0xfffffff8 x24:0xfffffff7 x13=0x00000000
       10975000	      1096	80000cd8	00ca3cb3	sltu	x25,x20,x12	 x20:0xf00013f8 x12:0xb2d19bbb x25=0x00000000
       10985000	      1097	80000cdc	48aae993	ori	x19,x21,1162	 x21:0x4d2e644c x19=0x4d2e64ce
       10995000	      1098	80000ce0	00438393	addi	x7,x7,4	  x7:0xfffffffb  x7=0xffffffff
       11005000	      1099	80000ce4	008fa4b3	slt	x9,x31,x8	 x31:0xfffffff8  x8:0x00000000  x9=0x00000001
       11015000	      1100	80000ce8	0083c6b3	xor	x13,x7,x8	  x7:0xffffffff  x8:0x00000000 x13=0xffffffff
       11025000	      1101	80000cec	ffe3e4e3	bltu	x7,x30,80000cd4	  x7:0xffffffff x30:0x00000009
       11035000	      1102	80000cf0	01bbdb13	srli	x22,x23,0x1b	 x23:0x00000000 x22=0x00000000
       11045000	      1103	80000cf4	ff700913	addi	x18,x0,-9	  x0:0x00000000 x18=0xfffffff7
       11055000	      1104	80000cf8	01300f13	addi	x30,x0,19	  x0:0x00000000 x30=0x00000013
       11065000	      1105	80000cfc	9579ec93	ori	x25,x19,-1705	 x19:0x4d2e64ce x25=0xfffffddf
       11075000	      1106	80000d00	01bbaab3	slt	x21,x23,x27	 x23:0x00000000 x27:0x6dfe8000 x21=0x00000001
       11085000	      1107	80000d04	00190913	addi	x18,x18,1	 x18:0xfffffff7 x18=0xfffffff8
       11095000	      1108	80000d08	00236633	or	x12,x6,x2	  x6:0x00000001  x2:0x00000001 x12=0x00000001
       11105000	      1109	80000d0c	1ed6af93	slti	x31,x13,493	 x13:0xffffffff x31=0x00000001
       11115000	      1110	80000d10	01c51313	slli	x6,x10,0x1c	 x10:0x00000001  x6=0x10000000
       11125000	      1111	80000d14	00900793	addi	x15,x0,9	  x0:0x00000000 x15=0x00000009
       11135000	      1112	80000d18	010acb33	xor	x22,x21,x16	 x21:0x00000001 x16:0xfffffff8 x22=0xfffffff9
       11145000	      1113	80000d1c	00900193	addi	x3,x0,9	  x0:0x00000000  x3=0x00000009
       11155000	      1114	80000d20	8c1aea93	ori	x21,x21,-1855	 x21:0x00000001 x21=0xfffff8c1
       11165000	      1115	80000d24	ff978793	addi	x15,x15,-7	 x15:0x00000009 x15=0x00000002
       11175000	      1116	80000d28	40825333	sra	x6,x4,x8	  x4:0x00000000  x8:0x00000000  x6=0x00000000
       11185000	      1117	80000d2c	ba374b13	xori	x22,x14,-1117	 x14:0x754a9000 x22=0x8ab56ba3
       11195000	      1118	80000d30	ed7ada17	auipc	x20,0xed7ad	 x20=0x6d7add2c
       11205000	      1119	80000d34	fe37f6e3	bgeu	x15,x3,80000d20	 x15:0x00000002  x3:0x00000009
       11215000	      1120	80000d38	2f334493	xori	x9,x6,755	  x6:0x00000000  x9=0x000002f3
       11225000	      1121	80000d3c	019d9213	slli	x4,x27,0x19	 x27:0x6dfe8000  x4=0x00000000
       11235000	      1122	80000d40	fde900e3	beq	x18,x30,80000d00	 x18:0xfffffff8 x30:0x00000013
       11245000	      1123	80000d44	403f8133	sub	x2,x31,x3	 x31:0x00000001  x3:0x00000009  x2=0xfffffff8
       11255000	      1124	80000d48	00900393	addi	x7,x0,9	  x0:0x00000000  x7=0x00000009
       11265000	      1125	80000d4c	00421313	slli	x6,x4,0x4	  x4:0x00000000  x6=0x00000000
       11275000	      1126	80000d50	23e08093	addi	x1,x1,574	  x1:0x00000000  x1=0x0000023e
       11285000	      1127	80000d54	00000013	addi	x0,x0,0	  x0:0x00000000
       11295000	      1128	80000d58	0189fe33	and	x28,x19,x24	 x19:0x4d2e64ce x24:0xfffffff7 x28=0x4d2e64c6
       11305000	      1129	80000d5c	017d2c33	slt	x24,x26,x23	 x26:0x26142aee x23:0x00000000 x24=0x00000000
       11315000	      1130	80000d60	00400c93	addi	x25,x0,4	  x0:0x00000000 x25=0x00000004
       11325000	      1131	80000d64	ca93b993	sltiu	x19,x7,-855	  x7:0x00000009 x19=0x00000001
       11335000	      1132	80000d68	00519f13	slli	x30,x3,0x5	  x3:0x00000009 x30=0x00000120
       11345000	      1133	80000d6c	30783f93	sltiu	x31,x16,775	 x16:0xfffffff8 x31=0x00000000
       11355000	      1134	80000d70	005b1133	sll	x2,x22,x5	 x22:0x8ab56ba3  x5:0x80009f44  x2=0xab56ba30
       11365000	      1135	80000d74	1692e193	ori	x3,x5,361	  x5:0x80009f44  x3=0x80009f6d
       11375000	      1136	80000d78	01cc5e93	srli	x29,x24,0x1c	 x24:0x00000000 x29=0x00000000
       11385000	      1137	80000d7c	01a6f1b3	and	x3,x13,x26	 x13:0xffffffff x26:0x26142aee  x3=0x26142aee
       11395000	      1138	80000d80	01cd5093	srli	x1,x26,0x1c	 x26:0x26142aee  x1=0x00000002
       11405000	      1139	80000d84	cc1b2e93	slti	x29,x22,-831	 x22:0x8ab56ba3 x29=0x00000001
       11415000	      1140	80000d88	fff38393	addi	x7,x7,-1	  x7:0x00000009  x7=0x00000008
       11425000	      1141	80000d8c	00bedc33	srl	x24,x29,x11	 x29:0x00000001 x11:0x80009fc4 x24=0x00000000
       11435000	      1142	80000d90	ff93f2e3	bgeu	x7,x25,80000d74	  x7:0x00000008 x25:0x00000004
       11445000	      1143	00000000	00000013	addi	x0,x0,0	  x0:0x00000000
       11455000	      1144	80000d70	00000013	addi	x0,x0,0	  x0:0x00000000
       11465000	      1145	80000d74	1692e193	ori	x3,x5,361	  x5:0x80009f44  x3=0x80009f6d
       11475000	      1146	80000d78	01cc5e93	srli	x29,x24,0x1c	 x24:0x00000000 x29=0x00000000
       11485000	      1147	80000d7c	01a6f1b3	and	x3,x13,x26	 x13:0xffffffff x26:0x26142aee  x3=0x26142aee
       11495000	      1148	80000d80	01cd5093	srli	x1,x26,0x1c	 x26:0x26142aee  x1=0x00000002
       11505000	      1149	80000d84	cc1b2e93	slti	x29,x22,-831	 x22:0x8ab56ba3 x29=0x00000001
       11515000	      1150	80000d88	fff38393	addi	x7,x7,-1	  x7:0x00000008  x7=0x00000007
       11525000	      1151	80000d8c	00bedc33	srl	x24,x29,x11	 x29:0x00000001 x11:0x80009fc4 x24=0x00000000
       11535000	      1152	80000d90	ff93f2e3	bgeu	x7,x25,80000d74	  x7:0x00000007 x25:0x00000004
       11545000	      1153	00000000	00000013	addi	x0,x0,0	  x0:0x00000000
       11555000	      1154	80000d70	00000013	addi	x0,x0,0	  x0:0x00000000
       11565000	      1155	80000d74	1692e193	ori	x3,x5,361	  x5:0x80009f44  x3=0x80009f6d
       11575000	      1156	80000d78	01cc5e93	srli	x29,x24,0x1c	 x24:0x00000000 x29=0x00000000
       11585000	      1157	80000d7c	01a6f1b3	and	x3,x13,x26	 x13:0xffffffff x26:0x26142aee  x3=0x26142aee
       11595000	      1158	80000d80	01cd5093	srli	x1,x26,0x1c	 x26:0x26142aee  x1=0x00000002
       11605000	      1159	80000d84	cc1b2e93	slti	x29,x22,-831	 x22:0x8ab56ba3 x29=0x00000001
       11615000	      1160	80000d88	fff38393	addi	x7,x7,-1	  x7:0x00000007  x7=0x00000006
       11625000	      1161	80000d8c	00bedc33	srl	x24,x29,x11	 x29:0x00000001 x11:0x80009fc4 x24=0x00000000
       11635000	      1162	80000d90	ff93f2e3	bgeu	x7,x25,80000d74	  x7:0x00000006 x25:0x00000004
       11645000	      1163	00000000	00000013	addi	x0,x0,0	  x0:0x00000000
       11655000	      1164	80000d70	00000013	addi	x0,x0,0	  x0:0x00000000
       11665000	      1165	80000d74	1692e193	ori	x3,x5,361	  x5:0x80009f44  x3=0x80009f6d
       11675000	      1166	80000d78	01cc5e93	srli	x29,x24,0x1c	 x24:0x00000000 x29=0x00000000
       11685000	      1167	80000d7c	01a6f1b3	and	x3,x13,x26	 x13:0xffffffff x26:0x26142aee  x3=0x26142aee
       11695000	      1168	80000d80	01cd5093	srli	x1,x26,0x1c	 x26:0x26142aee  x1=0x00000002
       11705000	      1169	80000d84	cc1b2e93	slti	x29,x22,-831	 x22:0x8ab56ba3 x29=0x00000001
       11715000	      1170	80000d88	fff38393	addi	x7,x7,-1	  x7:0x00000006  x7=0x00000005
       11725000	      1171	80000d8c	00bedc33	srl	x24,x29,x11	 x29:0x00000001 x11:0x80009fc4 x24=0x00000000
       11735000	      1172	80000d90	ff93f2e3	bgeu	x7,x25,80000d74	  x7:0x00000005 x25:0x00000004
       11745000	      1173	00000000	00000013	addi	x0,x0,0	  x0:0x00000000
       11755000	      1174	80000d70	00000013	addi	x0,x0,0	  x0:0x00000000
       11765000	      1175	80000d74	1692e193	ori	x3,x5,361	  x5:0x80009f44  x3=0x80009f6d
       11775000	      1176	80000d78	01cc5e93	srli	x29,x24,0x1c	 x24:0x00000000 x29=0x00000000
       11785000	      1177	80000d7c	01a6f1b3	and	x3,x13,x26	 x13:0xffffffff x26:0x26142aee  x3=0x26142aee
       11795000	      1178	80000d80	01cd5093	srli	x1,x26,0x1c	 x26:0x26142aee  x1=0x00000002
       11805000	      1179	80000d84	cc1b2e93	slti	x29,x22,-831	 x22:0x8ab56ba3 x29=0x00000001
       11815000	      1180	80000d88	fff38393	addi	x7,x7,-1	  x7:0x00000005  x7=0x00000004
       11825000	      1181	80000d8c	00bedc33	srl	x24,x29,x11	 x29:0x00000001 x11:0x80009fc4 x24=0x00000000
       11835000	      1182	80000d90	ff93f2e3	bgeu	x7,x25,80000d74	  x7:0x00000004 x25:0x00000004
       11845000	      1183	00000000	00000013	addi	x0,x0,0	  x0:0x00000000
       11855000	      1184	80000d70	00000013	addi	x0,x0,0	  x0:0x00000000
       11865000	      1185	80000d74	1692e193	ori	x3,x5,361	  x5:0x80009f44  x3=0x80009f6d
       11875000	      1186	80000d78	01cc5e93	srli	x29,x24,0x1c	 x24:0x00000000 x29=0x00000000
       11885000	      1187	80000d7c	01a6f1b3	and	x3,x13,x26	 x13:0xffffffff x26:0x26142aee  x3=0x26142aee
       11895000	      1188	80000d80	01cd5093	srli	x1,x26,0x1c	 x26:0x26142aee  x1=0x00000002
       11905000	      1189	80000d84	cc1b2e93	slti	x29,x22,-831	 x22:0x8ab56ba3 x29=0x00000001
       11915000	      1190	80000d88	fff38393	addi	x7,x7,-1	  x7:0x00000004  x7=0x00000003
       11925000	      1191	80000d8c	00bedc33	srl	x24,x29,x11	 x29:0x00000001 x11:0x80009fc4 x24=0x00000000
       11935000	      1192	80000d90	ff93f2e3	bgeu	x7,x25,80000d74	  x7:0x00000003 x25:0x00000004
       11945000	      1193	80000d94	017c8233	add	x4,x25,x23	 x25:0x00000004 x23:0x00000000  x4=0x00000004
       11955000	      1194	80000d98	ffc00193	addi	x3,x0,-4	  x0:0x00000000  x3=0xfffffffc
       11965000	      1195	80000d9c	00000013	addi	x0,x0,0	  x0:0x00000000
       11975000	      1196	80000da0	0118fb33	and	x22,x17,x17	 x17:0x6c590b7c x17:0x6c590b7c x22=0x6c590b7c
       11985000	      1197	80000da4	ff500993	addi	x19,x0,-11	  x0:0x00000000 x19=0xfffffff5
       11995000	      1198	80000da8	5f857b13	andi	x22,x10,1528	 x10:0x00000001 x22=0x00000000
       12005000	      1199	80000dac	01de9893	slli	x17,x29,0x1d	 x29:0x00000001 x17=0x20000000
       12015000	      1200	80000db0	016cd713	srli	x14,x25,0x16	 x25:0x00000004 x14=0x00000000
       12025000	      1201	80000db4	1e7670b7	lui	x1,0x1e767	  x1=0x1e767000
       12035000	      1202	80000db8	0005cbb3	xor	x23,x11,x0	 x11:0x80009fc4  x0:0x00000000 x23=0x80009fc4
       12045000	      1203	80000dbc	ff818193	addi	x3,x3,-8	  x3:0xfffffffc  x3=0xfffffff4
       12055000	      1204	80000dc0	01215e93	srli	x29,x2,0x12	  x2:0xab56ba30 x29=0x00002ad5
       12065000	      1205	80000dc4	414a0133	sub	x2,x20,x20	 x20:0x6d7add2c x20:0x6d7add2c  x2=0x00000000
       12075000	      1206	80000dc8	41908e33	sub	x28,x1,x25	  x1:0x1e767000 x25:0x00000004 x28=0x1e766ffc
       12085000	      1207	80000dcc	ffc00d93	addi	x27,x0,-4	  x0:0x00000000 x27=0xfffffffc
       12095000	      1208	80000dd0	8ee4eb13	ori	x22,x9,-1810	  x9:0x000002f3 x22=0xfffffaff
       12105000	      1209	80000dd4	db153013	sltiu	x0,x10,-591	 x10:0x00000001
       12115000	      1210	80000dd8	00900913	addi	x18,x0,9	  x0:0x00000000 x18=0x00000009
       12125000	      1211	80000ddc	40cb8cb3	sub	x25,x23,x12	 x23:0x80009fc4 x12:0x00000001 x25=0x80009fc3
       12135000	      1212	80000de0	00000013	addi	x0,x0,0	  x0:0x00000000
       12145000	      1213	80000de4	29e97837	lui	x16,0x29e97	 x16=0x29e97000
       12155000	      1214	80000de8	316c7f93	andi	x31,x24,790	 x24:0x00000000 x31=0x00000000
       12165000	      1215	80000dec	005d8d93	addi	x27,x27,5	 x27:0xfffffffc x27=0x00000001
       12175000	      1216	80000df0	00ae04b3	add	x9,x28,x10	 x28:0x1e766ffc x10:0x00000001  x9=0x1e766ffd
       12185000	      1217	80000df4	00da3f33	sltu	x30,x20,x13	 x20:0x6d7add2c x13:0xffffffff x30=0x00000001
       12195000	      1218	80000df8	41ab0133	sub	x2,x22,x26	 x22:0xfffffaff x26:0x26142aee  x2=0xd9ebd011
       12205000	      1219	80000dfc	01d9dc13	srli	x24,x19,0x1d	 x19:0xfffffff5 x24=0x00000007
       12215000	      1220	80000e00	ff2dc2e3	blt	x27,x18,80000de4	 x27:0x00000001 x18:0x00000009
       12225000	      1221	00000000	00000013	addi	x0,x0,0	  x0:0x00000000
       12235000	      1222	80000de0	00000013	addi	x0,x0,0	  x0:0x00000000
       12245000	      1223	80000de4	29e97837	lui	x16,0x29e97	 x16=0x29e97000
       12255000	      1224	80000de8	316c7f93	andi	x31,x24,790	 x24:0x00000007 x31=0x00000006
       12265000	      1225	80000dec	005d8d93	addi	x27,x27,5	 x27:0x00000001 x27=0x00000006
       12275000	      1226	80000df0	00ae04b3	add	x9,x28,x10	 x28:0x1e766ffc x10:0x00000001  x9=0x1e766ffd
       12285000	      1227	80000df4	00da3f33	sltu	x30,x20,x13	 x20:0x6d7add2c x13:0xffffffff x30=0x00000001
       12295000	      1228	80000df8	41ab0133	sub	x2,x22,x26	 x22:0xfffffaff x26:0x26142aee  x2=0xd9ebd011
       12305000	      1229	80000dfc	01d9dc13	srli	x24,x19,0x1d	 x19:0xfffffff5 x24=0x00000007
       12315000	      1230	80000e00	ff2dc2e3	blt	x27,x18,80000de4	 x27:0x00000006 x18:0x00000009
       12325000	      1231	00000000	00000013	addi	x0,x0,0	  x0:0x00000000
       12335000	      1232	80000de0	00000013	addi	x0,x0,0	  x0:0x00000000
       12345000	      1233	80000de4	29e97837	lui	x16,0x29e97	 x16=0x29e97000
       12355000	      1234	80000de8	316c7f93	andi	x31,x24,790	 x24:0x00000007 x31=0x00000006
       12365000	      1235	80000dec	005d8d93	addi	x27,x27,5	 x27:0x00000006 x27=0x0000000b
       12375000	      1236	80000df0	00ae04b3	add	x9,x28,x10	 x28:0x1e766ffc x10:0x00000001  x9=0x1e766ffd
       12385000	      1237	80000df4	00da3f33	sltu	x30,x20,x13	 x20:0x6d7add2c x13:0xffffffff x30=0x00000001
       12395000	      1238	80000df8	41ab0133	sub	x2,x22,x26	 x22:0xfffffaff x26:0x26142aee  x2=0xd9ebd011
       12405000	      1239	80000dfc	01d9dc13	srli	x24,x19,0x1d	 x19:0xfffffff5 x24=0x00000007
       12415000	      1240	80000e00	ff2dc2e3	blt	x27,x18,80000de4	 x27:0x0000000b x18:0x00000009
       12425000	      1241	80000e04	49c3e813	ori	x16,x7,1180	  x7:0x00000003 x16=0x0000049f
       12435000	      1242	80000e08	7b655837	lui	x16,0x7b655	 x16=0x7b655000
       12445000	      1243	80000e0c	d48e6513	ori	x10,x28,-696	 x28:0x1e766ffc x10=0xfffffffc
       12455000	      1244	80000e10	fb31d4e3	bge	x3,x19,80000db8	  x3:0xfffffff4 x19:0xfffffff5
       12465000	      1245	80000e14	00000013	addi	x0,x0,0	  x0:0x00000000
       12475000	      1246	80000e18	ffe00c13	addi	x24,x0,-2	  x0:0x00000000 x24=0xfffffffe
       12485000	      1247	80000e1c	49b97a17	auipc	x20,0x49b97	 x20=0xc9b97e18
       12495000	      1248	80000e20	00bb49b3	xor	x19,x22,x11	 x22:0xfffffaff x11:0x80009fc4 x19=0x7fff653b
       12505000	      1249	80000e24	2af70d93	addi	x27,x14,687	 x14:0x00000000 x27=0x000002af
       12515000	      1250	80000e28	001b7633	and	x12,x22,x1	 x22:0xfffffaff  x1:0x1e767000 x12=0x1e767000
       12525000	      1251	80000e2c	58e40693	addi	x13,x8,1422	  x8:0x00000000 x13=0x0000058e
       12535000	      1252	80000e30	a9c64e13	xori	x28,x12,-1380	 x12:0x1e767000 x28=0xe1898a9c
       12545000	      1253	80000e34	40d10833	sub	x16,x2,x13	  x2:0xd9ebd011 x13:0x0000058e x16=0xd9ebca83
       12555000	      1254	80000e38	01e6ea33	or	x20,x13,x30	 x13:0x0000058e x30:0x00000001 x20=0x0000058f
       12565000	      1255	80000e3c	405f8833	sub	x16,x31,x5	 x31:0x00000006  x5:0x80009f44 x16=0x7fff60c2
       12575000	      1256	80000e40	578ccf13	xori	x30,x25,1400	 x25:0x80009fc3 x30=0x80009abb
       12585000	      1257	80000e44	e5217713	andi	x14,x2,-430	  x2:0xd9ebd011 x14=0xd9ebd010
       12595000	      1258	80000e48	4143d093	srai	x1,x7,0x14	  x7:0x00000003  x1=0x00000000
       12605000	      1259	80000e4c	00c01e93	slli	x29,x0,0xc	  x0:0x00000000 x29=0x00000000
       12615000	      1260	80000e50	00505233	srl	x4,x0,x5	  x0:0x00000000  x5:0x80009f44  x4=0x00000000
       12625000	      1261	80000e54	405cd613	srai	x12,x25,0x5	 x25:0x80009fc3 x12=0xfc0004fe
       12635000	      1262	80000e58	01300393	addi	x7,x0,19	  x0:0x00000000  x7=0x00000013
       12645000	      1263	80000e5c	06934013	xori	x0,x6,105	  x6:0x00000000
       12655000	      1264	80000e60	00065ab3	srl	x21,x12,x0	 x12:0xfc0004fe  x0:0x00000000 x21=0xfc0004fe
       12665000	      1265	80000e64	01a51193	slli	x3,x10,0x1a	 x10:0xfffffffc  x3=0xf0000000
       12675000	      1266	80000e68	00000013	addi	x0,x0,0	  x0:0x00000000
       12685000	      1267	80000e6c	235ac193	xori	x3,x21,565	 x21:0xfc0004fe  x3=0xfc0006cb
       12695000	      1268	80000e70	ce574213	xori	x4,x14,-795	 x14:0xd9ebd010  x4=0x26142cf5
       12705000	      1269	80000e74	005c0c13	addi	x24,x24,5	 x24:0xfffffffe x24=0x00000003
       12715000	      1270	80000e78	00406933	or	x18,x0,x4	  x0:0x00000000  x4:0x26142cf5 x18=0x26142cf5
       12725000	      1271	80000e7c	0169fb33	and	x22,x19,x22	 x19:0x7fff653b x22:0xfffffaff x22=0x7fff603b
       12735000	      1272	80000e80	fc7c6ee3	bltu	x24,x7,80000e5c	 x24:0x00000003  x7:0x00000013
       12745000	      1273	00000000	00000013	addi	x0,x0,0	  x0:0x00000000
       12755000	      1274	80000e58	00000013	addi	x0,x0,0	  x0:0x00000000
       12765000	      1275	80000e5c	06934013	xori	x0,x6,105	  x6:0x00000000
       12775000	      1276	80000e60	00065ab3	srl	x21,x12,x0	 x12:0xfc0004fe  x0:0x00000000 x21=0xfc0004fe
       12785000	      1277	80000e64	01a51193	slli	x3,x10,0x1a	 x10:0xfffffffc  x3=0xf0000000
       12795000	      1278	80000e68	00000013	addi	x0,x0,0	  x0:0x00000000
       12805000	      1279	80000e6c	235ac193	xori	x3,x21,565	 x21:0xfc0004fe  x3=0xfc0006cb
       12815000	      1280	80000e70	ce574213	xori	x4,x14,-795	 x14:0xd9ebd010  x4=0x26142cf5
       12825000	      1281	80000e74	005c0c13	addi	x24,x24,5	 x24:0x00000003 x24=0x00000008
       12835000	      1282	80000e78	00406933	or	x18,x0,x4	  x0:0x00000000  x4:0x26142cf5 x18=0x26142cf5
       12845000	      1283	80000e7c	0169fb33	and	x22,x19,x22	 x19:0x7fff653b x22:0x7fff603b x22=0x7fff603b
       12855000	      1284	80000e80	fc7c6ee3	bltu	x24,x7,80000e5c	 x24:0x00000008  x7:0x00000013
       12865000	      1285	00000000	00000013	addi	x0,x0,0	  x0:0x00000000
       12875000	      1286	80000e58	00000013	addi	x0,x0,0	  x0:0x00000000
       12885000	      1287	80000e5c	06934013	xori	x0,x6,105	  x6:0x00000000
       12895000	      1288	80000e60	00065ab3	srl	x21,x12,x0	 x12:0xfc0004fe  x0:0x00000000 x21=0xfc0004fe
       12905000	      1289	80000e64	01a51193	slli	x3,x10,0x1a	 x10:0xfffffffc  x3=0xf0000000
       12915000	      1290	80000e68	00000013	addi	x0,x0,0	  x0:0x00000000
       12925000	      1291	80000e6c	235ac193	xori	x3,x21,565	 x21:0xfc0004fe  x3=0xfc0006cb
       12935000	      1292	80000e70	ce574213	xori	x4,x14,-795	 x14:0xd9ebd010  x4=0x26142cf5
       12945000	      1293	80000e74	005c0c13	addi	x24,x24,5	 x24:0x00000008 x24=0x0000000d
       12955000	      1294	80000e78	00406933	or	x18,x0,x4	  x0:0x00000000  x4:0x26142cf5 x18=0x26142cf5
       12965000	      1295	80000e7c	0169fb33	and	x22,x19,x22	 x19:0x7fff653b x22:0x7fff603b x22=0x7fff603b
       12975000	      1296	80000e80	fc7c6ee3	bltu	x24,x7,80000e5c	 x24:0x0000000d  x7:0x00000013
       12985000	      1297	00000000	00000013	addi	x0,x0,0	  x0:0x00000000
       12995000	      1298	80000e58	00000013	addi	x0,x0,0	  x0:0x00000000
       13005000	      1299	80000e5c	06934013	xori	x0,x6,105	  x6:0x00000000
       13015000	      1300	80000e60	00065ab3	srl	x21,x12,x0	 x12:0xfc0004fe  x0:0x00000000 x21=0xfc0004fe
       13025000	      1301	80000e64	01a51193	slli	x3,x10,0x1a	 x10:0xfffffffc  x3=0xf0000000
       13035000	      1302	80000e68	00000013	addi	x0,x0,0	  x0:0x00000000
       13045000	      1303	80000e6c	235ac193	xori	x3,x21,565	 x21:0xfc0004fe  x3=0xfc0006cb
       13055000	      1304	80000e70	ce574213	xori	x4,x14,-795	 x14:0xd9ebd010  x4=0x26142cf5
       13065000	      1305	80000e74	005c0c13	addi	x24,x24,5	 x24:0x0000000d x24=0x00000012
       13075000	      1306	80000e78	00406933	or	x18,x0,x4	  x0:0x00000000  x4:0x26142cf5 x18=0x26142cf5
       13085000	      1307	80000e7c	0169fb33	and	x22,x19,x22	 x19:0x7fff653b x22:0x7fff603b x22=0x7fff603b
       13095000	      1308	80000e80	fc7c6ee3	bltu	x24,x7,80000e5c	 x24:0x00000012  x7:0x00000013
       13105000	      1309	00000000	00000013	addi	x0,x0,0	  x0:0x00000000
       13115000	      1310	80000e58	00000013	addi	x0,x0,0	  x0:0x00000000
       13125000	      1311	80000e5c	06934013	xori	x0,x6,105	  x6:0x00000000
       13135000	      1312	80000e60	00065ab3	srl	x21,x12,x0	 x12:0xfc0004fe  x0:0x00000000 x21=0xfc0004fe
       13145000	      1313	80000e64	01a51193	slli	x3,x10,0x1a	 x10:0xfffffffc  x3=0xf0000000
       13155000	      1314	80000e68	00000013	addi	x0,x0,0	  x0:0x00000000
       13165000	      1315	80000e6c	235ac193	xori	x3,x21,565	 x21:0xfc0004fe  x3=0xfc0006cb
       13175000	      1316	80000e70	ce574213	xori	x4,x14,-795	 x14:0xd9ebd010  x4=0x26142cf5
       13185000	      1317	80000e74	005c0c13	addi	x24,x24,5	 x24:0x00000012 x24=0x00000017
       13195000	      1318	80000e78	00406933	or	x18,x0,x4	  x0:0x00000000  x4:0x26142cf5 x18=0x26142cf5
       13205000	      1319	80000e7c	0169fb33	and	x22,x19,x22	 x19:0x7fff653b x22:0x7fff603b x22=0x7fff603b
       13215000	      1320	80000e80	fc7c6ee3	bltu	x24,x7,80000e5c	 x24:0x00000017  x7:0x00000013
       13225000	      1321	80000e84	00e74f33	xor	x30,x14,x14	 x14:0xd9ebd010 x14:0xd9ebd010 x30=0x00000000
       13235000	      1322	80000e88	00fbb8b3	sltu	x17,x23,x15	 x23:0x80009fc4 x15:0x00000002 x17=0x00000000
       13245000	      1323	80000e8c	01c65a13	srli	x20,x12,0x1c	 x12:0xfc0004fe x20=0x0000000f
       13255000	      1324	80000e90	6d447b13	andi	x22,x8,1748	  x8:0x00000000 x22=0x00000000
       13265000	      1325	80000e94	74a04493	xori	x9,x0,1866	  x0:0x00000000  x9=0x0000074a
       13275000	      1326	80000e98	00031933	sll	x18,x6,x0	  x6:0x00000000  x0:0x00000000 x18=0x00000000
       13285000	      1327	80000e9c	01d9f263	bgeu	x19,x29,80000ea0	 x19:0x7fff653b x29:0x00000000
       13295000	      1328	00000000	00000013	addi	x0,x0,0	  x0:0x00000000
       13305000	      1329	80000e9c	00000013	addi	x0,x0,0	  x0:0x00000000
       13315000	      1330	80000ea0	00e31c13	slli	x24,x6,0xe	  x6:0x00000000 x24=0x00000000
       13325000	      1331	80000ea4	00459533	sll	x10,x11,x4	 x11:0x80009fc4  x4:0x26142cf5 x10=0xf8800000
       13335000	      1332	80000ea8	00dc7a33	and	x20,x24,x13	 x24:0x00000000 x13:0x0000058e x20=0x00000000
       13345000	      1333	80000eac	244d3b93	sltiu	x23,x26,580	 x26:0x26142aee x23=0x00000000
       13355000	      1334	80000eb0	0ab17863	bgeu	x2,x11,80000f60	  x2:0xd9ebd011 x11:0x80009fc4
       13365000	      1335	00000000	00000013	addi	x0,x0,0	  x0:0x00000000
       13375000	      1336	80000f5c	00000013	addi	x0,x0,0	  x0:0x00000000
       13385000	      1337	80000f60	5259fa93	andi	x21,x19,1317	 x19:0x7fff653b x21=0x00000521
       13395000	      1338	80000f64	32683193	sltiu	x3,x16,806	 x16:0x7fff60c2  x3=0x00000000
       13405000	      1339	80000f68	ccb5f737	lui	x14,0xccb5f	 x14=0xccb5f000
       13415000	      1340	80000f6c	ccabc6b7	lui	x13,0xccabc	 x13=0xccabc000
       13425000	      1341	80000f70	a4432b13	slti	x22,x6,-1468	  x6:0x00000000 x22=0x00000000
       13435000	      1342	80000f74	4195d933	sra	x18,x11,x25	 x11:0x80009fc4 x25:0x80009fc3 x18=0xf00013f8
       13445000	      1343	80000f78	026c5463	bge	x24,x6,80000fa0	 x24:0x00000000  x6:0x00000000
       13455000	      1344	00000000	00000013	addi	x0,x0,0	  x0:0x00000000
       13465000	      1345	80000f9c	00000013	addi	x0,x0,0	  x0:0x00000000
       13475000	      1346	80000fa0	3cf98893	addi	x17,x19,975	 x19:0x7fff653b x17=0x7fff690a
       13485000	      1347	80000fa4	e95eba93	sltiu	x21,x29,-363	 x29:0x00000000 x21=0x00000001
       13495000	      1348	80000fa8	58b72b13	slti	x22,x14,1419	 x14:0xccb5f000 x22=0x00000001
       13505000	      1349	80000fac	03a1f663	bgeu	x3,x26,80000fd8	  x3:0x00000000 x26:0x26142aee
       13515000	      1350	80000fb0	0108de13	srli	x28,x17,0x10	 x17:0x7fff690a x28=0x00007fff
       13525000	      1351	80000fb4	0179d713	srli	x14,x19,0x17	 x19:0x7fff653b x14=0x000000ff
       13535000	      1352	80000fb8	41038633	sub	x12,x7,x16	  x7:0x00000013 x16:0x7fff60c2 x12=0x80009f51
       13545000	      1353	80000fbc	00089433	sll	x8,x17,x0	 x17:0x7fff690a  x0:0x00000000  x8=0x7fff690a
       13555000	      1354	80000fc0	40f5d613	srai	x12,x11,0xf	 x11:0x80009fc4 x12=0xffff0001
       13565000	      1355	80000fc4	01acb6b3	sltu	x13,x25,x26	 x25:0x80009fc3 x26:0x26142aee x13=0x00000000
       13575000	      1356	80000fc8	02c25663	bge	x4,x12,80000ff4	  x4:0x26142cf5 x12:0xffff0001
       13585000	      1357	00000000	00000013	addi	x0,x0,0	  x0:0x00000000
       13595000	      1358	80000ff0	00000013	addi	x0,x0,0	  x0:0x00000000
       13605000	      1359	80000ff4	0331c663	blt	x3,x19,80001020	  x3:0x00000000 x19:0x7fff653b
       13615000	      1360	00000000	00000013	addi	x0,x0,0	  x0:0x00000000
       13625000	      1361	8000101c	00000013	addi	x0,x0,0	  x0:0x00000000
       13635000	      1362	80001020	01a9d263	bge	x19,x26,80001024	 x19:0x7fff653b x26:0x26142aee
       13645000	      1363	00000000	00000013	addi	x0,x0,0	  x0:0x00000000
       13655000	      1364	80001020	00000013	addi	x0,x0,0	  x0:0x00000000
       13665000	      1365	80001024	006e9313	slli	x6,x29,0x6	 x29:0x00000000  x6=0x00000000
       13675000	      1366	80001028	4102d913	srai	x18,x5,0x10	  x5:0x80009f44 x18=0xffff8000
       13685000	      1367	8000102c	01fde263	bltu	x27,x31,80001030	 x27:0x000002af x31:0x00000006
       13695000	      1368	80001030	01234a33	xor	x20,x6,x18	  x6:0x00000000 x18:0xffff8000 x20=0xffff8000
       13705000	      1369	80001034	00224bb3	xor	x23,x4,x2	  x4:0x26142cf5  x2:0xd9ebd011 x23=0xfffffce4
       13715000	      1370	80001038	adff9c97	auipc	x25,0xadff9	 x25=0x2dffa034
       13725000	      1371	8000103c	e8e58093	addi	x1,x11,-370	 x11:0x80009fc4  x1=0x80009e52
       13735000	      1372	80001040	019626b3	slt	x13,x12,x25	 x12:0xffff0001 x25:0x2dffa034 x13=0x00000001
       13745000	      1373	80001044	00000013	addi	x0,x0,0	  x0:0x00000000
       13755000	      1374	80001048	001b5e93	srli	x29,x22,0x1	 x22:0x00000001 x29=0x00000000
       13765000	      1375	8000104c	397c6393	ori	x7,x24,919	 x24:0x00000000  x7=0x00000397
       13775000	      1376	80001050	00b6de93	srli	x29,x13,0xb	 x13:0x00000001 x29=0x00000000
       13785000	      1377	80001054	253ae237	lui	x4,0x253ae	  x4=0x253ae000
       13795000	      1378	80001058	03ccc863	blt	x25,x28,80001088	 x25:0x2dffa034 x28:0x00007fff
       13805000	      1379	8000105c	014d0f33	add	x30,x26,x20	 x26:0x26142aee x20:0xffff8000 x30=0x2613aaee
       13815000	      1380	80001060	01d609b3	add	x19,x12,x29	 x12:0xffff0001 x29:0x00000000 x19=0xffff0001
       13825000	      1381	80001064	41555393	srai	x7,x10,0x15	 x10:0xf8800000  x7=0xffffffc4
       13835000	      1382	80001068	02f68e63	beq	x13,x15,800010a4	 x13:0x00000001 x15:0x00000002
       13845000	      1383	8000106c	04c39663	bne	x7,x12,800010b8	  x7:0xffffffc4 x12:0xffff0001
       13855000	      1384	00000000	00000013	addi	x0,x0,0	  x0:0x00000000
       13865000	      1385	800010b4	00000013	addi	x0,x0,0	  x0:0x00000000
       13875000	      1386	800010b8	54ac4193	xori	x3,x24,1354	 x24:0x00000000  x3=0x0000054a
       13885000	      1387	800010bc	ca0fc913	xori	x18,x31,-864	 x31:0x00000006 x18=0xfffffca6
       13895000	      1388	800010c0	00700733	add	x14,x0,x7	  x0:0x00000000  x7:0xffffffc4 x14=0xffffffc4
       13905000	      1389	800010c4	01dc4133	xor	x2,x24,x29	 x24:0x00000000 x29:0x00000000  x2=0x00000000
       13915000	      1390	800010c8	012700b3	add	x1,x14,x18	 x14:0xffffffc4 x18:0xfffffca6  x1=0xfffffc6a
       13925000	      1391	800010cc	058e0663	beq	x28,x24,80001118	 x28:0x00007fff x24:0x00000000
       13935000	      1392	800010d0	5831e493	ori	x9,x3,1411	  x3:0x0000054a  x9=0x000005cb
       13945000	      1393	800010d4	00f90bb3	add	x23,x18,x15	 x18:0xfffffca6 x15:0x00000002 x23=0xfffffca8
       13955000	      1394	800010d8	012258b3	srl	x17,x4,x18	  x4:0x253ae000 x18:0xfffffca6 x17=0x0094eb80
       13965000	      1395	800010dc	03dc4063	blt	x24,x29,800010fc	 x24:0x00000000 x29:0x00000000
       13975000	      1396	800010e0	01e79c33	sll	x24,x15,x30	 x15:0x00000002 x30:0x2613aaee x24=0x00008000
       13985000	      1397	800010e4	00000013	addi	x0,x0,0	  x0:0x00000000
       13995000	      1398	800010e8	001e0833	add	x16,x28,x1	 x28:0x00007fff  x1:0xfffffc6a x16=0x00007c69
       14005000	      1399	800010ec	752aef13	ori	x30,x21,1874	 x21:0x00000001 x30=0x00000753
       14015000	      1400	800010f0	01439913	slli	x18,x7,0x14	  x7:0xffffffc4 x18=0xfc400000
       14025000	      1401	800010f4	00000013	addi	x0,x0,0	  x0:0x00000000
       14035000	      1402	800010f8	00ddc7b3	xor	x15,x27,x13	 x27:0x000002af x13:0x00000001 x15=0x000002ae
       14045000	      1403	800010fc	014760b3	or	x1,x14,x20	 x14:0xffffffc4 x20:0xffff8000  x1=0xffffffc4
       14055000	      1404	80001100	00101263	bne	x0,x1,80001104	  x0:0x00000000  x1:0xffffffc4
       14065000	      1405	00000000	00000013	addi	x0,x0,0	  x0:0x00000000
       14075000	      1406	80001100	00000013	addi	x0,x0,0	  x0:0x00000000
       14085000	      1407	80001104	0661d663	bge	x3,x6,80001170	  x3:0x0000054a  x6:0x00000000
       14095000	      1408	00000000	00000013	addi	x0,x0,0	  x0:0x00000000
       14105000	      1409	8000116c	00000013	addi	x0,x0,0	  x0:0x00000000
       14115000	      1410	80001170	6c36f193	andi	x3,x13,1731	 x13:0x00000001  x3=0x00000001
       14125000	      1411	80001174	00df5533	srl	x10,x30,x13	 x30:0x00000753 x13:0x00000001 x10=0x000003a9
       14135000	      1412	80001178	00569bb3	sll	x23,x13,x5	 x13:0x00000001  x5:0x80009f44 x23=0x00000010
       14145000	      1413	8000117c	01291933	sll	x18,x18,x18	 x18:0xfc400000 x18:0xfc400000 x18=0xfc400000
       14155000	      1414	80001180	00fe0a33	add	x20,x28,x15	 x28:0x00007fff x15:0x000002ae x20=0x000082ad
       14165000	      1415	80001184	e146f413	andi	x8,x13,-492	 x13:0x00000001  x8=0x00000000
       14175000	      1416	80001188	000e9133	sll	x2,x29,x0	 x29:0x00000000  x0:0x00000000  x2=0x00000000
       14185000	      1417	8000118c	f9ae7013	andi	x0,x28,-102	 x28:0x00007fff
       14195000	      1418	80001190	015a9e93	slli	x29,x21,0x15	 x21:0x00000001 x29=0x00200000
       14205000	      1419	80001194	820f6d93	ori	x27,x30,-2016	 x30:0x00000753 x27=0xffffff73
       14215000	      1420	80001198	0073f8b3	and	x17,x7,x7	  x7:0xffffffc4  x7:0xffffffc4 x17=0xffffffc4
       14225000	      1421	8000119c	7bbf4093	xori	x1,x30,1979	 x30:0x00000753  x1=0x000000e8
       14235000	      1422	800011a0	412a0433	sub	x8,x20,x18	 x20:0x000082ad x18:0xfc400000  x8=0x03c082ad
       14245000	      1423	800011a4	0015bc33	sltu	x24,x11,x1	 x11:0x80009fc4  x1:0x000000e8 x24=0x00000000
       14255000	      1424	800011a8	040ae063	bltu	x21,x0,800011e8	 x21:0x00000001  x0:0x00000000
       14265000	      1425	800011ac	72233b13	sltiu	x22,x6,1826	  x6:0x00000000 x22=0x00000001
       14275000	      1426	800011b0	329d8793	addi	x15,x27,809	 x27:0xffffff73 x15=0x0000029c
       14285000	      1427	800011b4	00919f13	slli	x30,x3,0x9	  x3:0x00000001 x30=0x00000200
       14295000	      1428	800011b8	02ea0063	beq	x20,x14,800011d8	 x20:0x000082ad x14:0xffffffc4
       14305000	      1429	800011bc	fb4de493	ori	x9,x27,-76	 x27:0xffffff73  x9=0xfffffff7
       14315000	      1430	800011c0	8de5f713	andi	x14,x11,-1826	 x11:0x80009fc4 x14=0x800098c4
       14325000	      1431	800011c4	f536b813	sltiu	x16,x13,-173	 x13:0x00000001 x16=0x00000001
       14335000	      1432	800011c8	01766333	or	x6,x12,x23	 x12:0xffff0001 x23:0x00000010  x6=0xffff0011
       14345000	      1433	800011cc	01bb4463	blt	x22,x27,800011d4	 x22:0x00000001 x27:0xffffff73
       14355000	      1434	800011d0	00000013	addi	x0,x0,0	  x0:0x00000000
       14365000	      1435	800011d4	00d35d93	srli	x27,x6,0xd	  x6:0xffff0011 x27=0x0007fff8
       14375000	      1436	800011d8	1460df17	auipc	x30,0x1460d	 x30=0x9460e1d4
       14385000	      1437	800011dc	00fde263	bltu	x27,x15,800011e0	 x27:0x0007fff8 x15:0x0000029c
       14395000	      1438	800011e0	010fe0b3	or	x1,x31,x16	 x31:0x00000006 x16:0x00000001  x1=0x00000007
       14405000	      1439	800011e4	412d83b3	sub	x7,x27,x18	 x27:0x0007fff8 x18:0xfc400000  x7=0x03c7fff8
       14415000	      1440	800011e8	e4374793	xori	x15,x14,-445	 x14:0x800098c4 x15=0x7fff6687
       14425000	      1441	800011ec	01e7b233	sltu	x4,x15,x30	 x15:0x7fff6687 x30:0x9460e1d4  x4=0x00000001
       14435000	      1442	800011f0	1324c113	xori	x2,x9,306	  x9:0xfffffff7  x2=0xfffffec5
       14445000	      1443	800011f4	55dc8a13	addi	x20,x25,1373	 x25:0x2dffa034 x20=0x2dffa591
       14455000	      1444	800011f8	03c69863	bne	x13,x28,80001228	 x13:0x00000001 x28:0x00007fff
       14465000	      1445	00000000	00000013	addi	x0,x0,0	  x0:0x00000000
       14475000	      1446	80001224	00000013	addi	x0,x0,0	  x0:0x00000000
       14485000	      1447	80001228	00d5e433	or	x8,x11,x13	 x11:0x80009fc4 x13:0x00000001  x8=0x80009fc5
       14495000	      1448	8000122c	0b5d4493	xori	x9,x26,181	 x26:0x26142aee  x9=0x26142a5b
       14505000	      1449	80001230	01940663	beq	x8,x25,8000123c	  x8:0x80009fc5 x25:0x2dffa034
       14515000	      1450	80001234	0120ddb3	srl	x27,x1,x18	  x1:0x00000007 x18:0xfc400000 x27=0x00000007
       14525000	      1451	80001238	41b25e93	srai	x29,x4,0x1b	  x4:0x00000001 x29=0x00000000
       14535000	      1452	8000123c	8059f393	andi	x7,x19,-2043	 x19:0xffff0001  x7=0xffff0001
       14545000	      1453	80001240	42aefa93	andi	x21,x29,1066	 x29:0x00000000 x21=0x00000000
       14555000	      1454	80001244	01ee5833	srl	x16,x28,x30	 x28:0x00007fff x30:0x9460e1d4 x16=0x00000000
       14565000	      1455	80001248	00a57633	and	x12,x10,x10	 x10:0x000003a9 x10:0x000003a9 x12=0x000003a9
       14575000	      1456	8000124c	009788b3	add	x17,x15,x9	 x15:0x7fff6687  x9:0x26142a5b x17=0xa61390e2
       14585000	      1457	80001250	18d20893	addi	x17,x4,397	  x4:0x00000001 x17=0x0000018e
       14595000	      1458	80001254	bdbd4f13	xori	x30,x26,-1061	 x26:0x26142aee x30=0xd9ebd135
       14605000	      1459	80001258	410ed693	srai	x13,x29,0x10	 x29:0x00000000 x13=0x00000000
       14615000	      1460	8000125c	0107c333	xor	x6,x15,x16	 x15:0x7fff6687 x16:0x00000000  x6=0x7fff6687
       14625000	      1461	80001260	a4b7b6b7	lui	x13,0xa4b7b	 x13=0xa4b7b000
       14635000	      1462	80001264	39057d93	andi	x27,x10,912	 x10:0x000003a9 x27=0x00000380
       14645000	      1463	80001268	0406d663	bge	x13,x0,800012b4	 x13:0xa4b7b000  x0:0x00000000
       14655000	      1464	8000126c	02df8463	beq	x31,x13,80001294	 x31:0x00000006 x13:0xa4b7b000
       14665000	      1465	80001270	052bc663	blt	x23,x18,800012bc	 x23:0x00000010 x18:0xfc400000
       14675000	      1466	80001274	010f0663	beq	x30,x16,80001280	 x30:0xd9ebd135 x16:0x00000000
       14685000	      1467	80001278	40da89b3	sub	x19,x21,x13	 x21:0x00000000 x13:0xa4b7b000 x19=0x5b485000
       14695000	      1468	8000127c	41e7d013	srai	x0,x15,0x1e	 x15:0x7fff6687
       14705000	      1469	80001280	032d1663	bne	x26,x18,800012ac	 x26:0x26142aee x18:0xfc400000
       14715000	      1470	00000000	00000013	addi	x0,x0,0	  x0:0x00000000
       14725000	      1471	800012a8	00000013	addi	x0,x0,0	  x0:0x00000000
       14735000	      1472	800012ac	03924c63	blt	x4,x25,800012e4	  x4:0x00000001 x25:0x2dffa034
       14745000	      1473	00000000	00000013	addi	x0,x0,0	  x0:0x00000000
       14755000	      1474	800012e0	00000013	addi	x0,x0,0	  x0:0x00000000
       14765000	      1475	800012e4	01618233	add	x4,x3,x22	  x3:0x00000001 x22:0x00000001  x4=0x00000002
       14775000	      1476	800012e8	00c2ff33	and	x30,x5,x12	  x5:0x80009f44 x12:0x000003a9 x30=0x00000300
       14785000	      1477	800012ec	018aa633	slt	x12,x21,x24	 x21:0x00000000 x24:0x00000000 x12=0x00000000
       14795000	      1478	800012f0	2bb40917	auipc	x18,0x2bb40	 x18=0xabb412ec
       14805000	      1479	800012f4	00e1d513	srli	x10,x3,0xe	  x3:0x00000001 x10=0x00000000
       14815000	      1480	800012f8	01ac9ab3	sll	x21,x25,x26	 x25:0x2dffa034 x26:0x26142aee x21=0xe80d0000
       14825000	      1481	800012fc	01edfe33	and	x28,x27,x30	 x27:0x00000380 x30:0x00000300 x28=0x00000300
       14835000	      1482	80001300	02297c63	bgeu	x18,x2,80001338	 x18:0xabb412ec  x2:0xfffffec5
       14845000	      1483	80001304	c8dc6893	ori	x17,x24,-883	 x24:0x00000000 x17=0xfffffc8d
       14855000	      1484	80001308	024b5a63	bge	x22,x4,8000133c	 x22:0x00000001  x4:0x00000002
       14865000	      1485	8000130c	01c8d3b3	srl	x7,x17,x28	 x17:0xfffffc8d x28:0x00000300  x7=0xfffffc8d
       14875000	      1486	80001310	95e66c97	auipc	x25,0x95e66	 x25=0x15e6730c
       14885000	      1487	80001314	01b0d9b3	srl	x19,x1,x27	  x1:0x00000007 x27:0x00000380 x19=0x00000007
       14895000	      1488	80001318	0106ca33	xor	x20,x13,x16	 x13:0xa4b7b000 x16:0x00000000 x20=0xa4b7b000
       14905000	      1489	8000131c	3774b813	sltiu	x16,x9,887	  x9:0x26142a5b x16=0x00000000
       14915000	      1490	80001320	400fdbb3	sra	x23,x31,x0	 x31:0x00000006  x0:0x00000000 x23=0x00000006
       14925000	      1491	80001324	00000013	addi	x0,x0,0	  x0:0x00000000
       14935000	      1492	80001328	1a814193	xori	x3,x2,424	  x2:0xfffffec5  x3=0xffffff6d
       14945000	      1493	8000132c	03514663	blt	x2,x21,80001358	  x2:0xfffffec5 x21:0xe80d0000
       14955000	      1494	80001330	41d2dfb3	sra	x31,x5,x29	  x5:0x80009f44 x29:0x00000000 x31=0x80009f44
       14965000	      1495	80001334	d4392993	slti	x19,x18,-701	 x18:0xabb412ec x19=0x00000001
       14975000	      1496	80001338	b1a2e493	ori	x9,x5,-1254	  x5:0x80009f44  x9=0xffffff5e
       14985000	      1497	8000133c	01fd7f33	and	x30,x26,x31	 x26:0x26142aee x31:0x80009f44 x30=0x00000a44
       14995000	      1498	80001340	a14ec693	xori	x13,x29,-1516	 x29:0x00000000 x13=0xfffffa14
       15005000	      1499	80001344	023b7663	bgeu	x22,x3,80001370	 x22:0x00000001  x3:0xffffff6d
       15015000	      1500	80001348	0352fe63	bgeu	x5,x21,80001384	  x5:0x80009f44 x21:0xe80d0000
       15025000	      1501	8000134c	04c9c263	blt	x19,x12,80001390	 x19:0x00000001 x12:0x00000000
       15035000	      1502	80001350	c3520e93	addi	x29,x4,-971	  x4:0x00000002 x29=0xfffffc37
       15045000	      1503	80001354	d9824a93	xori	x21,x4,-616	  x4:0x00000002 x21=0xfffffd9a
       15055000	      1504	80001358	00d44833	xor	x16,x8,x13	  x8:0x80009fc5 x13:0xfffffa14 x16=0x7fff65d1
       15065000	      1505	8000135c	0177f3b3	and	x7,x15,x23	 x15:0x7fff6687 x23:0x00000006  x7=0x00000006
       15075000	      1506	80001360	30b1fa93	andi	x21,x3,779	  x3:0xffffff6d x21=0x00000309
       15085000	      1507	80001364	397aac17	auipc	x24,0x397aa	 x24=0xb97ab360
       15095000	      1508	80001368	40190933	sub	x18,x18,x1	 x18:0xabb412ec  x1:0x00000007 x18=0xabb412e5
       15105000	      1509	8000136c	ab4cc217	auipc	x4,0xab4cc	  x4=0x2b4cd368
       15115000	      1510	80001370	015df733	and	x14,x27,x21	 x27:0x00000380 x21:0x00000309 x14=0x00000300
       15125000	      1511	80001374	01902433	slt	x8,x0,x25	  x0:0x00000000 x25:0x15e6730c  x8=0x00000001
       15135000	      1512	80001378	009f1b93	slli	x23,x30,0x9	 x30:0x00000a44 x23=0x00148800
       15145000	      1513	8000137c	e9d5a493	slti	x9,x11,-355	 x11:0x80009fc4  x9=0x00000001
       15155000	      1514	80001380	416cd633	sra	x12,x25,x22	 x25:0x15e6730c x22:0x00000001 x12=0x0af33986
       15165000	      1515	80001384	00caf933	and	x18,x21,x12	 x21:0x00000309 x12:0x0af33986 x18=0x00000100
       15175000	      1516	80001388	00000013	addi	x0,x0,0	  x0:0x00000000
       15185000	      1517	8000138c	002e9263	bne	x29,x2,80001390	 x29:0xfffffc37  x2:0xfffffec5
       15195000	      1518	00000000	00000013	addi	x0,x0,0	  x0:0x00000000
       15205000	      1519	8000138c	00000013	addi	x0,x0,0	  x0:0x00000000
       15215000	      1520	80001390	01463233	sltu	x4,x12,x20	 x12:0x0af33986 x20:0xa4b7b000  x4=0x00000001
       15225000	      1521	80001394	4154d693	srai	x13,x9,0x15	  x9:0x00000001 x13=0x00000000
       15235000	      1522	80001398	02d24263	blt	x4,x13,800013bc	  x4:0x00000001 x13:0x00000000
       15245000	      1523	8000139c	01cdf033	and	x0,x27,x28	 x27:0x00000380 x28:0x00000300
       15255000	      1524	800013a0	ce4c2093	slti	x1,x24,-796	 x24:0xb97ab360  x1=0x00000001
       15265000	      1525	800013a4	01561693	slli	x13,x12,0x15	 x12:0x0af33986 x13=0x30c00000
       15275000	      1526	800013a8	0342d663	bge	x5,x20,800013d4	  x5:0x80009f44 x20:0xa4b7b000
       15285000	      1527	800013ac	007c0633	add	x12,x24,x7	 x24:0xb97ab360  x7:0x00000006 x12=0xb97ab366
       15295000	      1528	800013b0	018c1f33	sll	x30,x24,x24	 x24:0xb97ab360 x24:0xb97ab360 x30=0xb97ab360
       15305000	      1529	800013b4	41805793	srai	x15,x0,0x18	  x0:0x00000000 x15=0x00000000
       15315000	      1530	800013b8	5e387f93	andi	x31,x16,1507	 x16:0x7fff65d1 x31=0x000005c1
       15325000	      1531	800013bc	016119b3	sll	x19,x2,x22	  x2:0xfffffec5 x22:0x00000001 x19=0xfffffd8a
       15335000	      1532	800013c0	7fd3a013	slti	x0,x7,2045	  x7:0x00000006
       15345000	      1533	800013c4	0377e063	bltu	x15,x23,800013e4	 x15:0x00000000 x23:0x00148800
       15355000	      1534	00000000	00000013	addi	x0,x0,0	  x0:0x00000000
       15365000	      1535	800013e0	00000013	addi	x0,x0,0	  x0:0x00000000
       15375000	      1536	800013e4	00bf5e63	bge	x30,x11,80001400	 x30:0xb97ab360 x11:0x80009fc4
       15385000	      1537	00000000	00000013	addi	x0,x0,0	  x0:0x00000000
       15395000	      1538	800013fc	00000013	addi	x0,x0,0	  x0:0x00000000
       15405000	      1539	80001400	1f55f013	andi	x0,x11,501	 x11:0x80009fc4
       15415000	      1540	80001404	02785e63	bge	x16,x7,80001440	 x16:0x7fff65d1  x7:0x00000006
       15425000	      1541	00000000	00000013	addi	x0,x0,0	  x0:0x00000000
       15435000	      1542	8000143c	00000013	addi	x0,x0,0	  x0:0x00000000
       15445000	      1543	80001440	81922093	slti	x1,x4,-2023	  x4:0x00000001  x1=0x00000000
       15455000	      1544	80001444	47807b93	andi	x23,x0,1144	  x0:0x00000000 x23=0x00000000
       15465000	      1545	80001448	72fde313	ori	x6,x27,1839	 x27:0x00000380  x6=0x000007af
       15475000	      1546	8000144c	01534e63	blt	x6,x21,80001468	  x6:0x000007af x21:0x00000309
       15485000	      1547	80001450	01a67533	and	x10,x12,x26	 x12:0xb97ab366 x26:0x26142aee x10=0x20102266
       15495000	      1548	80001454	41ffdc13	srai	x24,x31,0x1f	 x31:0x000005c1 x24=0x00000000
       15505000	      1549	80001458	013cd633	srl	x12,x25,x19	 x25:0x15e6730c x19:0xfffffd8a x12=0x0005799c
       15515000	      1550	8000145c	0139bcb3	sltu	x25,x19,x19	 x19:0xfffffd8a x19:0xfffffd8a x25=0x00000000
       15525000	      1551	80001460	411b8533	sub	x10,x23,x17	 x23:0x00000000 x17:0xfffffc8d x10=0x00000373
       15535000	      1552	80001464	01054933	xor	x18,x10,x16	 x10:0x00000373 x16:0x7fff65d1 x18=0x7fff66a2
       15545000	      1553	80001468	0441f663	bgeu	x3,x4,800014b4	  x3:0xffffff6d  x4:0x00000001
       15555000	      1554	00000000	00000013	addi	x0,x0,0	  x0:0x00000000
       15565000	      1555	800014b0	00000013	addi	x0,x0,0	  x0:0x00000000
       15575000	      1556	800014b4	00fad413	srli	x8,x21,0xf	 x21:0x00000309  x8=0x00000000
       15585000	      1557	800014b8	01a29693	slli	x13,x5,0x1a	  x5:0x80009f44 x13=0x10000000
       15595000	      1558	800014bc	017510b3	sll	x1,x10,x23	 x10:0x00000373 x23:0x00000000  x1=0x00000373
       15605000	      1559	800014c0	035a8263	beq	x21,x21,800014e4	 x21:0x00000309 x21:0x00000309
       15615000	      1560	00000000	00000013	addi	x0,x0,0	  x0:0x00000000
       15625000	      1561	800014e0	00000013	addi	x0,x0,0	  x0:0x00000000
       15635000	      1562	800014e4	03aa6663	bltu	x20,x26,80001510	 x20:0xa4b7b000 x26:0x26142aee
       15645000	      1563	800014e8	01896263	bltu	x18,x24,800014ec	 x18:0x7fff66a2 x24:0x00000000
       15655000	      1564	800014ec	41a7d3b3	sra	x7,x15,x26	 x15:0x00000000 x26:0x26142aee  x7=0x00000000
       15665000	      1565	800014f0	02075a63	bge	x14,x0,80001524	 x14:0x00000300  x0:0x00000000
       15675000	      1566	00000000	00000013	addi	x0,x0,0	  x0:0x00000000
       15685000	      1567	80001520	00000013	addi	x0,x0,0	  x0:0x00000000
       15695000	      1568	80001524	41eb8b33	sub	x22,x23,x30	 x23:0x00000000 x30:0xb97ab360 x22=0x46854ca0
       15705000	      1569	80001528	00b3e733	or	x14,x7,x11	  x7:0x00000000 x11:0x80009fc4 x14=0x80009fc4
       15715000	      1570	8000152c	003a61b3	or	x3,x20,x3	 x20:0xa4b7b000  x3:0xffffff6d  x3=0xffffff6d
       15725000	      1571	80001530	41aed233	sra	x4,x29,x26	 x29:0xfffffc37 x26:0x26142aee  x4=0xffffffff
       15735000	      1572	80001534	01841233	sll	x4,x8,x24	  x8:0x00000000 x24:0x00000000  x4=0x00000000
       15745000	      1573	80001538	4542e997	auipc	x19,0x4542e	 x19=0xc542f534
       15755000	      1574	8000153c	10def213	andi	x4,x29,269	 x29:0xfffffc37  x4=0x00000005
       15765000	      1575	80001540	0234c463	blt	x9,x3,80001568	  x9:0x00000001  x3:0xffffff6d
       15775000	      1576	80001544	f98d0e13	addi	x28,x26,-104	 x26:0x26142aee x28=0x26142a86
       15785000	      1577	80001548	994e4693	xori	x13,x28,-1644	 x28:0x26142a86 x13=0xd9ebd312
       15795000	      1578	8000154c	0322dc63	bge	x5,x18,80001584	  x5:0x80009f44 x18:0x7fff66a2
       15805000	      1579	80001550	85c8d797	auipc	x15,0x85c8d	 x15=0x05c8e54c
       15815000	      1580	80001554	37157893	andi	x17,x10,881	 x10:0x00000373 x17=0x00000371
       15825000	      1581	80001558	03f27263	bgeu	x4,x31,8000157c	  x4:0x00000005 x31:0x000005c1
       15835000	      1582	8000155c	d9b68097	auipc	x1,0xd9b68	  x1=0x59b69558
       15845000	      1583	80001560	00d68133	add	x2,x13,x13	 x13:0xd9ebd312 x13:0xd9ebd312  x2=0xb3d7a624
       15855000	      1584	80001564	5d356fb7	lui	x31,0x5d356	 x31=0x5d356000
       15865000	      1585	80001568	02165063	bge	x12,x1,80001588	 x12:0x0005799c  x1:0x59b69558
       15875000	      1586	8000156c	01ce1663	bne	x28,x28,80001578	 x28:0x26142a86 x28:0x26142a86
       15885000	      1587	80001570	046f0063	beq	x30,x6,800015b0	 x30:0xb97ab360  x6:0x000007af
       15895000	      1588	80001574	00e3c133	xor	x2,x7,x14	  x7:0x00000000 x14:0x80009fc4  x2=0x80009fc4
       15905000	      1589	80001578	0158a933	slt	x18,x17,x21	 x17:0x00000371 x21:0x00000309 x18=0x00000000
       15915000	      1590	8000157c	ec574513	xori	x10,x14,-315	 x14:0x80009fc4 x10=0x7fff6101
       15925000	      1591	80001580	d1793813	sltiu	x16,x18,-745	 x18:0x00000000 x16=0x00000001
       15935000	      1592	80001584	40dcd3b3	sra	x7,x25,x13	 x25:0x00000000 x13:0xd9ebd312  x7=0x00000000
       15945000	      1593	80001588	0099edb3	or	x27,x19,x9	 x19:0xc542f534  x9:0x00000001 x27=0xc542f535
       15955000	      1594	8000158c	02817a63	bgeu	x2,x8,800015c0	  x2:0x80009fc4  x8:0x00000000
       15965000	      1595	00000000	00000013	addi	x0,x0,0	  x0:0x00000000
       15975000	      1596	800015bc	00000013	addi	x0,x0,0	  x0:0x00000000
       15985000	      1597	800015c0	dbd12b97	auipc	x23,0xdbd12	 x23=0x5bd135bc
       15995000	      1598	800015c4	02ca8063	beq	x21,x12,800015e4	 x21:0x00000309 x12:0x0005799c
       16005000	      1599	800015c8	00d00bb3	add	x23,x0,x13	  x0:0x00000000 x13:0xd9ebd312 x23=0xd9ebd312
       16015000	      1600	800015cc	01601013	slli	x0,x0,0x16	  x0:0x00000000
       16025000	      1601	800015d0	033dd863	bge	x27,x19,80001600	 x27:0xc542f535 x19:0xc542f534
       16035000	      1602	00000000	00000013	addi	x0,x0,0	  x0:0x00000000
       16045000	      1603	800015fc	00000013	addi	x0,x0,0	  x0:0x00000000
       16055000	      1604	80001600	dba74093	xori	x1,x14,-582	 x14:0x80009fc4  x1=0x7fff627e
       16065000	      1605	80001604	01bf7663	bgeu	x30,x27,80001610	 x30:0xb97ab360 x27:0xc542f535
       16075000	      1606	80001608	00165433	srl	x8,x12,x1	 x12:0x0005799c  x1:0x7fff627e  x8=0x00000000
       16085000	      1607	8000160c	019fd193	srli	x3,x31,0x19	 x31:0x5d356000  x3=0x0000002e
       16095000	      1608	80001610	05770663	beq	x14,x23,8000165c	 x14:0x80009fc4 x23:0xd9ebd312
       16105000	      1609	80001614	00f2d133	srl	x2,x5,x15	  x5:0x80009f44 x15:0x05c8e54c  x2=0x00080009
       16115000	      1610	80001618	47a20017	auipc	x0,0x47a20	
       16125000	      1611	8000161c	01da41b3	xor	x3,x20,x29	 x20:0xa4b7b000 x29:0xfffffc37  x3=0x5b484c37
       16135000	      1612	80001620	01011813	slli	x16,x2,0x10	  x2:0x00080009 x16=0x00090000
       16145000	      1613	80001624	0037d133	srl	x2,x15,x3	 x15:0x05c8e54c  x3:0x5b484c37  x2=0x0000000b
       16155000	      1614	80001628	a1f7b113	sltiu	x2,x15,-1505	 x15:0x05c8e54c  x2=0x00000001
       16165000	      1615	8000162c	41245e93	srai	x29,x8,0x12	  x8:0x00000000 x29=0x00000000
       16175000	      1616	80001630	03b09e63	bne	x1,x27,8000166c	  x1:0x7fff627e x27:0xc542f535
       16185000	      1617	00000000	00000013	addi	x0,x0,0	  x0:0x00000000
       16195000	      1618	80001668	00000013	addi	x0,x0,0	  x0:0x00000000
       16205000	      1619	8000166c	00000013	addi	x0,x0,0	  x0:0x00000000
       16215000	      1620	80001670	0282f463	bgeu	x5,x8,80001698	  x5:0x80009f44  x8:0x00000000
       16225000	      1621	00000000	00000013	addi	x0,x0,0	  x0:0x00000000
       16235000	      1622	80001694	00000013	addi	x0,x0,0	  x0:0x00000000
       16245000	      1623	80001698	018df433	and	x8,x27,x24	 x27:0xc542f535 x24:0x00000000  x8=0x00000000
       16255000	      1624	8000169c	01095313	srli	x6,x18,0x10	 x18:0x00000000  x6=0x00000000
       16265000	      1625	800016a0	001e6bb3	or	x23,x28,x1	 x28:0x26142a86  x1:0x7fff627e x23=0x7fff6afe
       16275000	      1626	800016a4	0744cc63	blt	x9,x20,8000171c	  x9:0x00000001 x20:0xa4b7b000
       16285000	      1627	800016a8	01200bb3	add	x23,x0,x18	  x0:0x00000000 x18:0x00000000 x23=0x00000000
       16295000	      1628	800016ac	2e7cee13	ori	x28,x25,743	 x25:0x00000000 x28=0x000002e7
       16305000	      1629	800016b0	ff700693	addi	x13,x0,-9	  x0:0x00000000 x13=0xfffffff7
       16315000	      1630	800016b4	01200513	addi	x10,x0,18	  x0:0x00000000 x10=0x00000012
       16325000	      1631	800016b8	01b46433	or	x8,x8,x27	  x8:0x00000000 x27:0xc542f535  x8=0xc542f535
       16335000	      1632	800016bc	00968693	addi	x13,x13,9	 x13:0xfffffff7 x13=0x00000000
       16345000	      1633	800016c0	fff00c13	addi	x24,x0,-1	  x0:0x00000000 x24=0xffffffff
       16355000	      1634	800016c4	00800893	addi	x17,x0,8	  x0:0x00000000 x17=0x00000008
       16365000	      1635	800016c8	00ea4133	xor	x2,x20,x14	 x20:0xa4b7b000 x14:0x80009fc4  x2=0x24b72fc4
       16375000	      1636	800016cc	00ac0c13	addi	x24,x24,10	 x24:0xffffffff x24=0x00000009
       16385000	      1637	800016d0	ff1c4ce3	blt	x24,x17,800016c8	 x24:0x00000009 x17:0x00000008
       16395000	      1638	800016d4	fea6e2e3	bltu	x13,x10,800016b8	 x13:0x00000000 x10:0x00000012
       16405000	      1639	00000000	00000013	addi	x0,x0,0	  x0:0x00000000
       16415000	      1640	800016b4	00000013	addi	x0,x0,0	  x0:0x00000000
       16425000	      1641	800016b8	01b46433	or	x8,x8,x27	  x8:0xc542f535 x27:0xc542f535  x8=0xc542f535
       16435000	      1642	800016bc	00968693	addi	x13,x13,9	 x13:0x00000000 x13=0x00000009
       16445000	      1643	800016c0	fff00c13	addi	x24,x0,-1	  x0:0x00000000 x24=0xffffffff
       16455000	      1644	800016c4	00800893	addi	x17,x0,8	  x0:0x00000000 x17=0x00000008
       16465000	      1645	800016c8	00ea4133	xor	x2,x20,x14	 x20:0xa4b7b000 x14:0x80009fc4  x2=0x24b72fc4
       16475000	      1646	800016cc	00ac0c13	addi	x24,x24,10	 x24:0xffffffff x24=0x00000009
       16485000	      1647	800016d0	ff1c4ce3	blt	x24,x17,800016c8	 x24:0x00000009 x17:0x00000008
       16495000	      1648	800016d4	fea6e2e3	bltu	x13,x10,800016b8	 x13:0x00000009 x10:0x00000012
       16505000	      1649	00000000	00000013	addi	x0,x0,0	  x0:0x00000000
       16515000	      1650	800016b4	00000013	addi	x0,x0,0	  x0:0x00000000
       16525000	      1651	800016b8	01b46433	or	x8,x8,x27	  x8:0xc542f535 x27:0xc542f535  x8=0xc542f535
       16535000	      1652	800016bc	00968693	addi	x13,x13,9	 x13:0x00000009 x13=0x00000012
       16545000	      1653	800016c0	fff00c13	addi	x24,x0,-1	  x0:0x00000000 x24=0xffffffff
       16555000	      1654	800016c4	00800893	addi	x17,x0,8	  x0:0x00000000 x17=0x00000008
       16565000	      1655	800016c8	00ea4133	xor	x2,x20,x14	 x20:0xa4b7b000 x14:0x80009fc4  x2=0x24b72fc4
       16575000	      1656	800016cc	00ac0c13	addi	x24,x24,10	 x24:0xffffffff x24=0x00000009
       16585000	      1657	800016d0	ff1c4ce3	blt	x24,x17,800016c8	 x24:0x00000009 x17:0x00000008
       16595000	      1658	800016d4	fea6e2e3	bltu	x13,x10,800016b8	 x13:0x00000012 x10:0x00000012
       16605000	      1659	800016d8	00f05c93	srli	x25,x0,0xf	  x0:0x00000000 x25=0x00000000
       16615000	      1660	800016dc	05864263	blt	x12,x24,80001720	 x12:0x0005799c x24:0x00000009
       16625000	      1661	800016e0	02fec263	blt	x29,x15,80001704	 x29:0x00000000 x15:0x05c8e54c
       16635000	      1662	00000000	00000013	addi	x0,x0,0	  x0:0x00000000
       16645000	      1663	80001700	00000013	addi	x0,x0,0	  x0:0x00000000
       16655000	      1664	80001704	a6c1b093	sltiu	x1,x3,-1428	  x3:0x5b484c37  x1=0x00000001
       16665000	      1665	80001708	55512113	slti	x2,x2,1365	  x2:0x24b72fc4  x2=0x00000000
       16675000	      1666	8000170c	02b10c63	beq	x2,x11,80001744	  x2:0x00000000 x11:0x80009fc4
       16685000	      1667	80001710	015094b3	sll	x9,x1,x21	  x1:0x00000001 x21:0x00000309  x9=0x00000200
       16695000	      1668	80001714	001a0233	add	x4,x20,x1	 x20:0xa4b7b000  x1:0x00000001  x4=0xa4b7b001
       16705000	      1669	80001718	03ae7663	bgeu	x28,x26,80001744	 x28:0x000002e7 x26:0x26142aee
       16715000	      1670	8000171c	00000013	addi	x0,x0,0	  x0:0x00000000
       16725000	      1671	80001720	01536333	or	x6,x6,x21	  x6:0x00000000 x21:0x00000309  x6=0x00000309
       16735000	      1672	80001724	ba0b8b93	addi	x23,x23,-1120	 x23:0x00000000 x23=0xfffffba0
       16745000	      1673	80001728	00a889b3	add	x19,x17,x10	 x17:0x00000008 x10:0x00000012 x19=0x0000001a
       16755000	      1674	8000172c	002d0833	add	x16,x26,x2	 x26:0x26142aee  x2:0x00000000 x16=0x26142aee
       16765000	      1675	80001730	41e60433	sub	x8,x12,x30	 x12:0x0005799c x30:0xb97ab360  x8=0x468ac63c
       16775000	      1676	80001734	22274393	xori	x7,x14,546	 x14:0x80009fc4  x7=0x80009de6
       16785000	      1677	80001738	013e6133	or	x2,x28,x19	 x28:0x000002e7 x19:0x0000001a  x2=0x000002ff
       16795000	      1678	8000173c	41215cb3	sra	x25,x2,x18	  x2:0x000002ff x18:0x00000000 x25=0x000002ff
       16805000	      1679	80001740	0103e263	bltu	x7,x16,80001744	  x7:0x80009de6 x16:0x26142aee
       16815000	      1680	80001744	00d9fa33	and	x20,x19,x13	 x19:0x0000001a x13:0x00000012 x20=0x00000012
       16825000	      1681	80001748	00ef6263	bltu	x30,x14,8000174c	 x30:0xb97ab360 x14:0x80009fc4
       16835000	      1682	8000174c	004816b3	sll	x13,x16,x4	 x16:0x26142aee  x4:0xa4b7b001 x13=0x4c2855dc
       16845000	      1683	80001750	01908333	add	x6,x1,x25	  x1:0x00000001 x25:0x000002ff  x6=0x00000300
       16855000	      1684	80001754	002be463	bltu	x23,x2,8000175c	 x23:0xfffffba0  x2:0x000002ff
       16865000	      1685	80001758	02c85863	bge	x16,x12,80001788	 x16:0x26142aee x12:0x0005799c
       16875000	      1686	00000000	00000013	addi	x0,x0,0	  x0:0x00000000
       16885000	      1687	80001784	00000013	addi	x0,x0,0	  x0:0x00000000
       16895000	      1688	80001788	0063a033	slt	x0,x7,x6	  x7:0x80009de6  x6:0x00000300
       16905000	      1689	8000178c	4129d013	srai	x0,x19,0x12	 x19:0x0000001a
       16915000	      1690	80001790	00b96333	or	x6,x18,x11	 x18:0x00000000 x11:0x80009fc4  x6=0x80009fc4
       16925000	      1691	80001794	0980ce63	blt	x1,x24,80001830	  x1:0x00000001 x24:0x00000009
       16935000	      1692	00000000	00000013	addi	x0,x0,0	  x0:0x00000000
       16945000	      1693	8000182c	00000013	addi	x0,x0,0	  x0:0x00000000
       16955000	      1694	80001830	010dbab3	sltu	x21,x27,x16	 x27:0xc542f535 x16:0x26142aee x21=0x00000000
       16965000	      1695	80001834	004a4233	xor	x4,x20,x4	 x20:0x00000012  x4:0xa4b7b001  x4=0xa4b7b013
       16975000	      1696	80001838	00985e13	srli	x28,x16,0x9	 x16:0x26142aee x28=0x00130a15
       16985000	      1697	8000183c	272ae093	ori	x1,x21,626	 x21:0x00000000  x1=0x00000272
       16995000	      1698	80001840	006276b3	and	x13,x4,x6	  x4:0xa4b7b013  x6:0x80009fc4 x13=0x80009000
       17005000	      1699	80001844	c07a0737	lui	x14,0xc07a0	 x14=0xc07a0000
       17015000	      1700	80001848	1c0e8e93	addi	x29,x29,448	 x29:0x00000000 x29=0x000001c0
       17025000	      1701	8000184c	d737e913	ori	x18,x15,-653	 x15:0x05c8e54c x18=0xfffffd7f
       17035000	      1702	80001850	005c5c33	srl	x24,x24,x5	 x24:0x00000009  x5:0x80009f44 x24=0x00000000
       17045000	      1703	80001854	23e83f13	sltiu	x30,x16,574	 x16:0x26142aee x30=0x00000000
       17055000	      1704	80001858	00ec5613	srli	x12,x24,0xe	 x24:0x00000000 x12=0x00000000
       17065000	      1705	8000185c	011406b3	add	x13,x8,x17	  x8:0x468ac63c x17:0x00000008 x13=0x468ac644
       17075000	      1706	80001860	25de3f93	sltiu	x31,x28,605	 x28:0x00130a15 x31=0x00000000
       17085000	      1707	80001864	00029533	sll	x10,x5,x0	  x5:0x80009f44  x0:0x00000000 x10=0x80009f44
       17095000	      1708	80001868	4007d233	sra	x4,x15,x0	 x15:0x05c8e54c  x0:0x00000000  x4=0x05c8e54c
       17105000	      1709	8000186c	04657063	bgeu	x10,x6,800018ac	 x10:0x80009f44  x6:0x80009fc4
       17115000	      1710	80001870	40bcdc13	srai	x24,x25,0xb	 x25:0x000002ff x24=0x00000000
       17125000	      1711	80001874	18a00b93	addi	x23,x0,394	  x0:0x00000000 x23=0x0000018a
       17135000	      1712	80001878	03914263	blt	x2,x25,8000189c	  x2:0x000002ff x25:0x000002ff
       17145000	      1713	8000187c	7864d9b7	lui	x19,0x7864d	 x19=0x7864d000
       17155000	      1714	80001880	23749cb7	lui	x25,0x23749	 x25=0x23749000
       17165000	      1715	80001884	03b47663	bgeu	x8,x27,800018b0	  x8:0x468ac63c x27:0xc542f535
       17175000	      1716	80001888	00775793	srli	x15,x14,0x7	 x14:0xc07a0000 x15=0x0180f400
       17185000	      1717	8000188c	03a9dc63	bge	x19,x26,800018c4	 x19:0x7864d000 x26:0x26142aee
       17195000	      1718	00000000	00000013	addi	x0,x0,0	  x0:0x00000000
       17205000	      1719	800018c0	00000013	addi	x0,x0,0	  x0:0x00000000
       17215000	      1720	800018c4	704f3d93	sltiu	x27,x30,1796	 x30:0x00000000 x27=0x00000001
       17225000	      1721	800018c8	0048d413	srli	x8,x17,0x4	 x17:0x00000008  x8=0x00000000
       17235000	      1722	800018cc	4185dab3	sra	x21,x11,x24	 x11:0x80009fc4 x24:0x00000000 x21=0x80009fc4
       17245000	      1723	800018d0	01bc1813	slli	x16,x24,0x1b	 x24:0x00000000 x16=0x00000000
       17255000	      1724	800018d4	00000013	addi	x0,x0,0	  x0:0x00000000
       17265000	      1725	800018d8	2a6f6b13	ori	x22,x30,678	 x30:0x00000000 x22=0x000002a6
       17275000	      1726	800018dc	0557d663	bge	x15,x21,80001928	 x15:0x0180f400 x21:0x80009fc4
       17285000	      1727	00000000	00000013	addi	x0,x0,0	  x0:0x00000000
       17295000	      1728	80001924	00000013	addi	x0,x0,0	  x0:0x00000000
       17305000	      1729	80001928	011394b3	sll	x9,x7,x17	  x7:0x80009de6 x17:0x00000008  x9=0x009de600
       17315000	      1730	8000192c	05803893	sltiu	x17,x0,88	  x0:0x00000000 x17=0x00000001
       17325000	      1731	80001930	001ae1b3	or	x3,x21,x1	 x21:0x80009fc4  x1:0x00000272  x3=0x80009ff6
       17335000	      1732	80001934	01281633	sll	x12,x16,x18	 x16:0x00000000 x18:0xfffffd7f x12=0x00000000
       17345000	      1733	80001938	015e2b33	slt	x22,x28,x21	 x28:0x00130a15 x21:0x80009fc4 x22=0x00000000
       17355000	      1734	8000193c	45d0fe93	andi	x29,x1,1117	  x1:0x00000272 x29=0x00000050
       17365000	      1735	80001940	41d70233	sub	x4,x14,x29	 x14:0xc07a0000 x29:0x00000050  x4=0xc079ffb0
       17375000	      1736	80001944	017a5fb3	srl	x31,x20,x23	 x20:0x00000012 x23:0x0000018a x31=0x00000000
       17385000	      1737	80001948	02ae5663	bge	x28,x10,80001974	 x28:0x00130a15 x10:0x80009f44
       17395000	      1738	00000000	00000013	addi	x0,x0,0	  x0:0x00000000
       17405000	      1739	80001970	00000013	addi	x0,x0,0	  x0:0x00000000
       17415000	      1740	80001974	05be5663	bge	x28,x27,800019c0	 x28:0x00130a15 x27:0x00000001
       17425000	      1741	00000000	00000013	addi	x0,x0,0	  x0:0x00000000
       17435000	      1742	800019bc	00000013	addi	x0,x0,0	  x0:0x00000000
       17445000	      1743	800019c0	01ac1a33	sll	x20,x24,x26	 x24:0x00000000 x26:0x26142aee x20=0x00000000
       17455000	      1744	800019c4	8aabf993	andi	x19,x23,-1878	 x23:0x0000018a x19=0x0000008a
       17465000	      1745	800019c8	41d4d993	srai	x19,x9,0x1d	  x9:0x009de600 x19=0x00000000
       17475000	      1746	800019cc	015fe233	or	x4,x31,x21	 x31:0x00000000 x21:0x80009fc4  x4=0x80009fc4
       17485000	      1747	800019d0	01271f33	sll	x30,x14,x18	 x14:0xc07a0000 x18:0xfffffd7f x30=0x00000000
       17495000	      1748	800019d4	019373b3	and	x7,x6,x25	  x6:0x80009fc4 x25:0x23749000  x7=0x00009000
       17505000	      1749	800019d8	216b2493	slti	x9,x22,534	 x22:0x00000000  x9=0x00000001
       17515000	      1750	800019dc	f03a1737	lui	x14,0xf03a1	 x14=0xf03a1000
       17525000	      1751	800019e0	0a6eae93	slti	x29,x29,166	 x29:0x00000050 x29=0x00000001
       17535000	      1752	800019e4	7cd9bd93	sltiu	x27,x19,1997	 x19:0x00000000 x27=0x00000001
       17545000	      1753	800019e8	000a8263	beq	x21,x0,800019ec	 x21:0x80009fc4  x0:0x00000000
       17555000	      1754	800019ec	0213c063	blt	x7,x1,80001a0c	  x7:0x00009000  x1:0x00000272
       17565000	      1755	800019f0	0029bc33	sltu	x24,x19,x2	 x19:0x00000000  x2:0x000002ff x24=0x00000001
       17575000	      1756	800019f4	00c49a13	slli	x20,x9,0xc	  x9:0x00000001 x20=0x00001000
       17585000	      1757	800019f8	4a408713	addi	x14,x1,1188	  x1:0x00000272 x14=0x00000716
       17595000	      1758	800019fc	00000013	addi	x0,x0,0	  x0:0x00000000
       17605000	      1759	80001a00	01854f33	xor	x30,x10,x24	 x10:0x80009f44 x24:0x00000001 x30=0x80009f45
       17615000	      1760	80001a04	017324b3	slt	x9,x6,x23	  x6:0x80009fc4 x23:0x0000018a  x9=0x00000001
       17625000	      1761	80001a08	015ee4b3	or	x9,x29,x21	 x29:0x00000001 x21:0x80009fc4  x9=0x80009fc5
       17635000	      1762	80001a0c	6b1b4e93	xori	x29,x22,1713	 x22:0x00000000 x29=0x000006b1
       17645000	      1763	80001a10	0161beb3	sltu	x29,x3,x22	  x3:0x80009ff6 x22:0x00000000 x29=0x00000000
       17655000	      1764	80001a14	ac5d2413	slti	x8,x26,-1339	 x26:0x26142aee  x8=0x00000000
       17665000	      1765	80001a18	00941633	sll	x12,x8,x9	  x8:0x00000000  x9:0x80009fc5 x12=0x00000000
       17675000	      1766	80001a1c	00181013	slli	x0,x16,0x1	 x16:0x00000000
       17685000	      1767	80001a20	01c3edb3	or	x27,x7,x28	  x7:0x00009000 x28:0x00130a15 x27=0x00139a15
       17695000	      1768	80001a24	408d5933	sra	x18,x26,x8	 x26:0x26142aee  x8:0x00000000 x18=0x26142aee
       17705000	      1769	80001a28	01e817b3	sll	x15,x16,x30	 x16:0x00000000 x30:0x80009f45 x15=0x00000000
       17715000	      1770	80001a2c	8818bd93	sltiu	x27,x17,-1919	 x17:0x00000001 x27=0x00000001
       17725000	      1771	80001a30	03e36263	bltu	x6,x30,80001a54	  x6:0x80009fc4 x30:0x80009f45
       17735000	      1772	80001a34	40c6d6b3	sra	x13,x13,x12	 x13:0x468ac644 x12:0x00000000 x13=0x468ac644
       17745000	      1773	80001a38	415fd0b3	sra	x1,x31,x21	 x31:0x00000000 x21:0x80009fc4  x1=0x00000000
       17755000	      1774	80001a3c	dda75837	lui	x16,0xdda75	 x16=0xdda75000
       17765000	      1775	80001a40	40385fb3	sra	x31,x16,x3	 x16:0xdda75000  x3:0x80009ff6 x31=0xffffff76
       17775000	      1776	80001a44	8565c793	xori	x15,x11,-1962	 x11:0x80009fc4 x15=0x7fff6792
       17785000	      1777	80001a48	696ef393	andi	x7,x29,1686	 x29:0x00000000  x7=0x00000000
       17795000	      1778	80001a4c	004526b3	slt	x13,x10,x4	 x10:0x80009f44  x4:0x80009fc4 x13=0x00000001
       17805000	      1779	80001a50	a788cb97	auipc	x23,0xa788c	 x23=0x2788da4c
       17815000	      1780	80001a54	55646113	ori	x2,x8,1366	  x8:0x00000000  x2=0x00000556
       17825000	      1781	80001a58	00000013	addi	x0,x0,0	  x0:0x00000000
       17835000	      1782	80001a5c	01659e93	slli	x29,x11,0x16	 x11:0x80009fc4 x29=0xf1000000
       17845000	      1783	80001a60	002e9933	sll	x18,x29,x2	 x29:0xf1000000  x2:0x00000556 x18=0x00000000
       17855000	      1784	80001a64	039c5a63	bge	x24,x25,80001a98	 x24:0x00000001 x25:0x23749000
       17865000	      1785	80001a68	400a0bb3	sub	x23,x20,x0	 x20:0x00001000  x0:0x00000000 x23=0x00001000
       17875000	      1786	80001a6c	003a9f33	sll	x30,x21,x3	 x21:0x80009fc4  x3:0x80009ff6 x30=0xf1000000
       17885000	      1787	80001a70	4120dab3	sra	x21,x1,x18	  x1:0x00000000 x18:0x00000000 x21=0x00000000
       17895000	      1788	80001a74	017b4433	xor	x8,x22,x23	 x22:0x00000000 x23:0x00001000  x8=0x00001000
       17905000	      1789	80001a78	035fc463	blt	x31,x21,80001aa0	 x31:0xffffff76 x21:0x00000000
       17915000	      1790	00000000	00000013	addi	x0,x0,0	  x0:0x00000000
       17925000	      1791	80001a9c	00000013	addi	x0,x0,0	  x0:0x00000000
       17935000	      1792	80001aa0	08542d97	auipc	x27,0x8542	 x27=0x88543a9c
       17945000	      1793	80001aa4	473aed93	ori	x27,x21,1139	 x21:0x00000000 x27=0x00000473
       17955000	      1794	80001aa8	01cde133	or	x2,x27,x28	 x27:0x00000473 x28:0x00130a15  x2=0x00130e77
       17965000	      1795	80001aac	4f736a13	ori	x20,x6,1271	  x6:0x80009fc4 x20=0x80009ff7
       17975000	      1796	80001ab0	d9976e13	ori	x28,x14,-615	 x14:0x00000716 x28=0xffffff9f
       17985000	      1797	80001ab4	0011de63	bge	x3,x1,80001ad0	  x3:0x80009ff6  x1:0x00000000
       17995000	      1798	80001ab8	017d9e93	slli	x29,x27,0x17	 x27:0x00000473 x29=0x39800000
       18005000	      1799	80001abc	4158d9b3	sra	x19,x17,x21	 x17:0x00000001 x21:0x00000000 x19=0x00000001
       18015000	      1800	80001ac0	56e6bb93	sltiu	x23,x13,1390	 x13:0x00000001 x23=0x00000001
       18025000	      1801	80001ac4	00d29613	slli	x12,x5,0xd	  x5:0x80009f44 x12=0x13e88000
       18035000	      1802	80001ac8	40be0f33	sub	x30,x28,x11	 x28:0xffffff9f x11:0x80009fc4 x30=0x7fff5fdb
       18045000	      1803	80001acc	00d6a633	slt	x12,x13,x13	 x13:0x00000001 x13:0x00000001 x12=0x00000000
       18055000	      1804	80001ad0	0020e1b3	or	x3,x1,x2	  x1:0x00000000  x2:0x00130e77  x3=0x00130e77
       18065000	      1805	80001ad4	409e5533	sra	x10,x28,x9	 x28:0xffffff9f  x9:0x80009fc5 x10=0xfffffffc
       18075000	      1806	80001ad8	38940417	auipc	x8,0x38940	  x8=0xb8941ad4
       18085000	      1807	80001adc	00000013	addi	x0,x0,0	  x0:0x00000000
       18095000	      1808	80001ae0	019bf4b3	and	x9,x23,x25	 x23:0x00000001 x25:0x23749000  x9=0x00000000
       18105000	      1809	80001ae4	00575cb3	srl	x25,x14,x5	 x14:0x00000716  x5:0x80009f44 x25=0x00000071
       18115000	      1810	80001ae8	01d84263	blt	x16,x29,80001aec	 x16:0xdda75000 x29:0x39800000
       18125000	      1811	00000000	00000013	addi	x0,x0,0	  x0:0x00000000
       18135000	      1812	80001ae8	00000013	addi	x0,x0,0	  x0:0x00000000
       18145000	      1813	80001aec	8756ec13	ori	x24,x13,-1931	 x13:0x00000001 x24=0xfffff875
       18155000	      1814	80001af0	4ca53313	sltiu	x6,x10,1226	 x10:0xfffffffc  x6=0x00000000
       18165000	      1815	80001af4	03701c63	bne	x0,x23,80001b2c	  x0:0x00000000 x23:0x00000001
       18175000	      1816	00000000	00000013	addi	x0,x0,0	  x0:0x00000000
       18185000	      1817	80001b28	00000013	addi	x0,x0,0	  x0:0x00000000
       18195000	      1818	80001b2c	0066b033	sltu	x0,x13,x6	 x13:0x00000001  x6:0x00000000
       18205000	      1819	80001b30	96600993	addi	x19,x0,-1690	  x0:0x00000000 x19=0xfffff966
       18215000	      1820	80001b34	05401063	bne	x0,x20,80001b74	  x0:0x00000000 x20:0x80009ff7
       18225000	      1821	00000000	00000013	addi	x0,x0,0	  x0:0x00000000
       18235000	      1822	80001b70	00000013	addi	x0,x0,0	  x0:0x00000000
       18245000	      1823	80001b74	00e09db3	sll	x27,x1,x14	  x1:0x00000000 x14:0x00000716 x27=0x00000000
       18255000	      1824	80001b78	0142f433	and	x8,x5,x20	  x5:0x80009f44 x20:0x80009ff7  x8=0x80009f44
       18265000	      1825	80001b7c	0051e263	bltu	x3,x5,80001b80	  x3:0x00130e77  x5:0x80009f44
       18275000	      1826	00000000	00000013	addi	x0,x0,0	  x0:0x00000000
       18285000	      1827	80001b7c	00000013	addi	x0,x0,0	  x0:0x00000000
       18295000	      1828	80001b80	00c71693	slli	x13,x14,0xc	 x14:0x00000716 x13=0x00716000
       18305000	      1829	80001b84	015807b3	add	x15,x16,x21	 x16:0xdda75000 x21:0x00000000 x15=0xdda75000
       18315000	      1830	80001b88	004a1ab3	sll	x21,x20,x4	 x20:0x80009ff7  x4:0x80009fc4 x21=0x0009ff70
       18325000	      1831	80001b8c	030d8e63	beq	x27,x16,80001bc8	 x27:0x00000000 x16:0xdda75000
       18335000	      1832	80001b90	00000013	addi	x0,x0,0	  x0:0x00000000
       18345000	      1833	80001b94	00ce48b3	xor	x17,x28,x12	 x28:0xffffff9f x12:0x00000000 x17=0xffffff9f
       18355000	      1834	80001b98	01ce9263	bne	x29,x28,80001b9c	 x29:0x39800000 x28:0xffffff9f
       18365000	      1835	00000000	00000013	addi	x0,x0,0	  x0:0x00000000
       18375000	      1836	80001b98	00000013	addi	x0,x0,0	  x0:0x00000000
       18385000	      1837	80001b9c	40b78e13	addi	x28,x15,1035	 x15:0xdda75000 x28=0xdda7540b
       18395000	      1838	80001ba0	00ea9663	bne	x21,x14,80001bac	 x21:0x0009ff70 x14:0x00000716
       18405000	      1839	00000000	00000013	addi	x0,x0,0	  x0:0x00000000
       18415000	      1840	80001ba8	00000013	addi	x0,x0,0	  x0:0x00000000
       18425000	      1841	80001bac	e99e4c13	xori	x24,x28,-359	 x28:0xdda7540b x24=0x2258aa92
       18435000	      1842	80001bb0	00f31213	slli	x4,x6,0xf	  x6:0x00000000  x4=0x00000000
       18445000	      1843	80001bb4	b6b92437	lui	x8,0xb6b92	  x8=0xb6b92000
       18455000	      1844	80001bb8	014e0463	beq	x28,x20,80001bc0	 x28:0xdda7540b x20:0x80009ff7
       18465000	      1845	80001bbc	00c05133	srl	x2,x0,x12	  x0:0x00000000 x12:0x00000000  x2=0x00000000
       18475000	      1846	80001bc0	40dc0bb3	sub	x23,x24,x13	 x24:0x2258aa92 x13:0x00716000 x23=0x21e74a92
       18485000	      1847	80001bc4	01266e33	or	x28,x12,x18	 x12:0x00000000 x18:0x00000000 x28=0x00000000
       18495000	      1848	80001bc8	02d7c663	blt	x15,x13,80001bf4	 x15:0xdda75000 x13:0x00716000
       18505000	      1849	00000000	00000013	addi	x0,x0,0	  x0:0x00000000
       18515000	      1850	80001bf0	00000013	addi	x0,x0,0	  x0:0x00000000
       18525000	      1851	80001bf4	007ebab3	sltu	x21,x29,x7	 x29:0x39800000  x7:0x00000000 x21=0x00000000
       18535000	      1852	80001bf8	02868063	beq	x13,x8,80001c18	 x13:0x00716000  x8:0xb6b92000
       18545000	      1853	80001bfc	01a4df13	srli	x30,x9,0x1a	  x9:0x00000000 x30=0x00000000
       18555000	      1854	80001c00	40240433	sub	x8,x8,x2	  x8:0xb6b92000  x2:0x00000000  x8=0xb6b92000
       18565000	      1855	80001c04	03306463	bltu	x0,x19,80001c2c	  x0:0x00000000 x19:0xfffff966
       18575000	      1856	00000000	00000013	addi	x0,x0,0	  x0:0x00000000
       18585000	      1857	80001c28	00000013	addi	x0,x0,0	  x0:0x00000000
       18595000	      1858	80001c2c	01785893	srli	x17,x16,0x17	 x16:0xdda75000 x17=0x000001bb
       18605000	      1859	80001c30	b22b2f37	lui	x30,0xb22b2	 x30=0xb22b2000
       18615000	      1860	80001c34	002f8db3	add	x27,x31,x2	 x31:0xffffff76  x2:0x00000000 x27=0xffffff76
       18625000	      1861	80001c38	015da133	slt	x2,x27,x21	 x27:0xffffff76 x21:0x00000000  x2=0x00000001
       18635000	      1862	80001c3c	02d90263	beq	x18,x13,80001c60	 x18:0x00000000 x13:0x00716000
       18645000	      1863	80001c40	044e6113	ori	x2,x28,68	 x28:0x00000000  x2=0x00000044
       18655000	      1864	80001c44	00191933	sll	x18,x18,x1	 x18:0x00000000  x1:0x00000000 x18=0x00000000
       18665000	      1865	80001c48	0258f863	bgeu	x17,x5,80001c78	 x17:0x000001bb  x5:0x80009f44
       18675000	      1866	80001c4c	013ef433	and	x8,x29,x19	 x29:0x39800000 x19:0xfffff966  x8=0x39800000
       18685000	      1867	80001c50	af987d93	andi	x27,x16,-1287	 x16:0xdda75000 x27=0xdda75000
       18695000	      1868	80001c54	6242f513	andi	x10,x5,1572	  x5:0x80009f44 x10=0x00000604
       18705000	      1869	80001c58	00000013	addi	x0,x0,0	  x0:0x00000000
       18715000	      1870	80001c5c	00d61693	slli	x13,x12,0xd	 x12:0x00000000 x13=0x00000000
       18725000	      1871	80001c60	4612fb13	andi	x22,x5,1121	  x5:0x80009f44 x22=0x00000440
       18735000	      1872	80001c64	042f4663	blt	x30,x2,80001cb0	 x30:0xb22b2000  x2:0x00000044
       18745000	      1873	00000000	00000013	addi	x0,x0,0	  x0:0x00000000
       18755000	      1874	80001cac	00000013	addi	x0,x0,0	  x0:0x00000000
       18765000	      1875	80001cb0	00061113	slli	x2,x12,0x0	 x12:0x00000000  x2=0x00000000
       18775000	      1876	80001cb4	40300733	sub	x14,x0,x3	  x0:0x00000000  x3:0x00130e77 x14=0xffecf189
       18785000	      1877	80001cb8	00206263	bltu	x0,x2,80001cbc	  x0:0x00000000  x2:0x00000000
       18795000	      1878	80001cbc	03bc4663	blt	x24,x27,80001ce8	 x24:0x2258aa92 x27:0xdda75000
       18805000	      1879	80001cc0	40075a93	srai	x21,x14,0x0	 x14:0xffecf189 x21=0xffecf189
       18815000	      1880	80001cc4	dd712a93	slti	x21,x2,-553	  x2:0x00000000 x21=0x00000000
       18825000	      1881	80001cc8	0feda417	auipc	x8,0xfeda	  x8=0x8fedbcc4
       18835000	      1882	80001ccc	013a5bb3	srl	x23,x20,x19	 x20:0x80009ff7 x19:0xfffff966 x23=0x0200027f
       18845000	      1883	80001cd0	0d4f2217	auipc	x4,0xd4f2	  x4=0x8d4f3ccc
       18855000	      1884	80001cd4	dfb3f793	andi	x15,x7,-517	  x7:0x00000000 x15=0x00000000
       18865000	      1885	80001cd8	01803333	sltu	x6,x0,x24	  x0:0x00000000 x24:0x2258aa92  x6=0x00000001
       18875000	      1886	80001cdc	60dc7eb7	lui	x29,0x60dc7	 x29=0x60dc7000
       18885000	      1887	80001ce0	00e14333	xor	x6,x2,x14	  x2:0x00000000 x14:0xffecf189  x6=0xffecf189
       18895000	      1888	80001ce4	40f6d793	srai	x15,x13,0xf	 x13:0x00000000 x15=0x00000000
       18905000	      1889	80001ce8	00000013	addi	x0,x0,0	  x0:0x00000000
       18915000	      1890	80001cec	b9ddb093	sltiu	x1,x27,-1123	 x27:0xdda75000  x1=0x00000001
       18925000	      1891	80001cf0	930f8193	addi	x3,x31,-1744	 x31:0xffffff76  x3=0xfffff8a6
       18935000	      1892	80001cf4	2043c813	xori	x16,x7,516	  x7:0x00000000 x16=0x00000204
       18945000	      1893	80001cf8	01c087b3	add	x15,x1,x28	  x1:0x00000001 x28:0x00000000 x15=0x00000001
       18955000	      1894	80001cfc	03d38c63	beq	x7,x29,80001d34	  x7:0x00000000 x29:0x60dc7000
       18965000	      1895	80001d00	0001e4b3	or	x9,x3,x0	  x3:0xfffff8a6  x0:0x00000000  x9=0xfffff8a6
       18975000	      1896	80001d04	01269193	slli	x3,x13,0x12	 x13:0x00000000  x3=0x00000000
       18985000	      1897	80001d08	05a11a97	auipc	x21,0x5a11	 x21=0x85a12d04
       18995000	      1898	80001d0c	4123d133	sra	x2,x7,x18	  x7:0x00000000 x18:0x00000000  x2=0x00000000
       19005000	      1899	80001d10	01dbde63	bge	x23,x29,80001d2c	 x23:0x0200027f x29:0x60dc7000
       19015000	      1900	80001d14	62294693	xori	x13,x18,1570	 x18:0x00000000 x13=0x00000622
       19025000	      1901	80001d18	01918cb3	add	x25,x3,x25	  x3:0x00000000 x25:0x00000071 x25=0x00000071
       19035000	      1902	80001d1c	03b90463	beq	x18,x27,80001d44	 x18:0x00000000 x27:0xdda75000
       19045000	      1903	80001d20	d0eb4c13	xori	x24,x22,-754	 x22:0x00000440 x24=0xfffff94e
       19055000	      1904	80001d24	4102d933	sra	x18,x5,x16	  x5:0x80009f44 x16:0x00000204 x18=0xf80009f4
       19065000	      1905	80001d28	01f11993	slli	x19,x2,0x1f	  x2:0x00000000 x19=0x00000000
       19075000	      1906	80001d2c	41858433	sub	x8,x11,x24	 x11:0x80009fc4 x24:0xfffff94e  x8=0x8000a676
       19085000	      1907	80001d30	006f7263	bgeu	x30,x6,80001d34	 x30:0xb22b2000  x6:0xffecf189
       19095000	      1908	80001d34	033cdc63	bge	x25,x19,80001d6c	 x25:0x00000071 x19:0x00000000
       19105000	      1909	00000000	00000013	addi	x0,x0,0	  x0:0x00000000
       19115000	      1910	80001d68	00000013	addi	x0,x0,0	  x0:0x00000000
       19125000	      1911	80001d6c	404c07b3	sub	x15,x24,x4	 x24:0xfffff94e  x4:0x8d4f3ccc x15=0x72b0bc82
       19135000	      1912	80001d70	04d11263	bne	x2,x13,80001db4	  x2:0x00000000 x13:0x00000622
       19145000	      1913	00000000	00000013	addi	x0,x0,0	  x0:0x00000000
       19155000	      1914	80001db0	00000013	addi	x0,x0,0	  x0:0x00000000
       19165000	      1915	80001db4	feb27c13	andi	x24,x4,-21	  x4:0x8d4f3ccc x24=0x8d4f3cc8
       19175000	      1916	80001db8	4f042eb7	lui	x29,0x4f042	 x29=0x4f042000
       19185000	      1917	80001dbc	41e9d433	sra	x8,x19,x30	 x19:0x00000000 x30:0xb22b2000  x8=0x00000000
       19195000	      1918	80001dc0	01419533	sll	x10,x3,x20	  x3:0x00000000 x20:0x80009ff7 x10=0x00000000
       19205000	      1919	80001dc4	40588b33	sub	x22,x17,x5	 x17:0x000001bb  x5:0x80009f44 x22=0x7fff6277
       19215000	      1920	80001dc8	57d1ee13	ori	x28,x3,1405	  x3:0x00000000 x28=0x0000057d
       19225000	      1921	80001dcc	0138fdb3	and	x27,x17,x19	 x17:0x000001bb x19:0x00000000 x27=0x00000000
       19235000	      1922	80001dd0	f19bb513	sltiu	x10,x23,-231	 x23:0x0200027f x10=0x00000001
       19245000	      1923	80001dd4	01329033	sll	x0,x5,x19	  x5:0x80009f44 x19:0x00000000
       19255000	      1924	80001dd8	00000013	addi	x0,x0,0	  x0:0x00000000
       19265000	      1925	80001ddc	41e35693	srai	x13,x6,0x1e	  x6:0xffecf189 x13=0xffffffff
       19275000	      1926	80001de0	00649cb3	sll	x25,x9,x6	  x9:0xfffff8a6  x6:0xffecf189 x25=0xfff14c00
       19285000	      1927	80001de4	007f6333	or	x6,x30,x7	 x30:0xb22b2000  x7:0x00000000  x6=0xb22b2000
       19295000	      1928	80001de8	006fbc33	sltu	x24,x31,x6	 x31:0xffffff76  x6:0xb22b2000 x24=0x00000000
       19305000	      1929	80001dec	01718233	add	x4,x3,x23	  x3:0x00000000 x23:0x0200027f  x4=0x0200027f
       19315000	      1930	80001df0	40cd0bb3	sub	x23,x26,x12	 x26:0x26142aee x12:0x00000000 x23=0x26142aee
       19325000	      1931	80001df4	01819db3	sll	x27,x3,x24	  x3:0x00000000 x24:0x00000000 x27=0x00000000
       19335000	      1932	80001df8	278ba893	slti	x17,x23,632	 x23:0x26142aee x17=0x00000000
       19345000	      1933	80001dfc	ecc1a993	slti	x19,x3,-308	  x3:0x00000000 x19=0x00000000
       19355000	      1934	80001e00	f4c0bf13	sltiu	x30,x1,-180	  x1:0x00000001 x30=0x00000001
       19365000	      1935	80001e04	79157a93	andi	x21,x10,1937	 x10:0x00000001 x21=0x00000001
       19375000	      1936	80001e08	977c6013	ori	x0,x24,-1673	 x24:0x00000000
       19385000	      1937	80001e0c	010ae3b3	or	x7,x21,x16	 x21:0x00000001 x16:0x00000204  x7=0x00000205
       19395000	      1938	80001e10	00196463	bltu	x18,x1,80001e18	 x18:0xf80009f4  x1:0x00000001
       19405000	      1939	80001e14	90606f93	ori	x31,x0,-1786	  x0:0x00000000 x31=0xfffff906
       19415000	      1940	80001e18	01b3d013	srli	x0,x7,0x1b	  x7:0x00000205
       19425000	      1941	80001e1c	ea66cc93	xori	x25,x13,-346	 x13:0xffffffff x25=0x00000159
       19435000	      1942	80001e20	012e5833	srl	x16,x28,x18	 x28:0x0000057d x18:0xf80009f4 x16=0x00000000
       19445000	      1943	80001e24	f9285097	auipc	x1,0xf9285	  x1=0x79286e20
       19455000	      1944	80001e28	0443e263	bltu	x7,x4,80001e6c	  x7:0x00000205  x4:0x0200027f
       19465000	      1945	00000000	00000013	addi	x0,x0,0	  x0:0x00000000
       19475000	      1946	80001e68	00000013	addi	x0,x0,0	  x0:0x00000000
       19485000	      1947	80001e6c	007a6833	or	x16,x20,x7	 x20:0x80009ff7  x7:0x00000205 x16=0x80009ff7
       19495000	      1948	80001e70	00c8db93	srli	x23,x17,0xc	 x17:0x00000000 x23=0x00000000
       19505000	      1949	80001e74	01875093	srli	x1,x14,0x18	 x14:0xffecf189  x1=0x000000ff
       19515000	      1950	80001e78	59d5cb93	xori	x23,x11,1437	 x11:0x80009fc4 x23=0x80009a59
       19525000	      1951	80001e7c	2d0ce913	ori	x18,x25,720	 x25:0x00000159 x18=0x000003d9
       19535000	      1952	80001e80	a7dc9b97	auipc	x23,0xa7dc9	 x23=0x27dcae7c
       19545000	      1953	80001e84	0033acb3	slt	x25,x7,x3	  x7:0x00000205  x3:0x00000000 x25=0x00000000
       19555000	      1954	80001e88	2bf6b113	sltiu	x2,x13,703	 x13:0xffffffff  x2=0x00000000
       19565000	      1955	80001e8c	05aa4663	blt	x20,x26,80001ed8	 x20:0x80009ff7 x26:0x26142aee
       19575000	      1956	00000000	00000013	addi	x0,x0,0	  x0:0x00000000
       19585000	      1957	80001ed4	00000013	addi	x0,x0,0	  x0:0x00000000
       19595000	      1958	80001ed8	0306ce63	blt	x13,x16,80001f14	 x13:0xffffffff x16:0x80009ff7
       19605000	      1959	80001edc	0355ca63	blt	x11,x21,80001f10	 x11:0x80009fc4 x21:0x00000001
       19615000	      1960	00000000	00000013	addi	x0,x0,0	  x0:0x00000000
       19625000	      1961	80001f0c	00000013	addi	x0,x0,0	  x0:0x00000000
       19635000	      1962	80001f10	013babb3	slt	x23,x23,x19	 x23:0x27dcae7c x19:0x00000000 x23=0x00000000
       19645000	      1963	80001f14	41215ab3	sra	x21,x2,x18	  x2:0x00000000 x18:0x000003d9 x21=0x00000000
       19655000	      1964	80001f18	413adb93	srai	x23,x21,0x13	 x21:0x00000000 x23=0x00000000
       19665000	      1965	80001f1c	95ae7193	andi	x3,x28,-1702	 x28:0x0000057d  x3=0x00000158
       19675000	      1966	80001f20	01d0a4b3	slt	x9,x1,x29	  x1:0x000000ff x29:0x4f042000  x9=0x00000001
       19685000	      1967	80001f24	41f55413	srai	x8,x10,0x1f	 x10:0x00000001  x8=0x00000000
       19695000	      1968	80001f28	00c94663	blt	x18,x12,80001f34	 x18:0x000003d9 x12:0x00000000
       19705000	      1969	80001f2c	41c15113	srai	x2,x2,0x1c	  x2:0x00000000  x2=0x00000000
       19715000	      1970	80001f30	d4c29e97	auipc	x29,0xd4c29	 x29=0x54c2af2c
       19725000	      1971	80001f34	038b7263	bgeu	x22,x24,80001f58	 x22:0x7fff6277 x24:0x00000000
       19735000	      1972	00000000	00000013	addi	x0,x0,0	  x0:0x00000000
       19745000	      1973	80001f54	00000013	addi	x0,x0,0	  x0:0x00000000
       19755000	      1974	80001f58	d33da213	slti	x4,x27,-717	 x27:0x00000000  x4=0x00000000
       19765000	      1975	80001f5c	02977c63	bgeu	x14,x9,80001f94	 x14:0xffecf189  x9:0x00000001
       19775000	      1976	00000000	00000013	addi	x0,x0,0	  x0:0x00000000
       19785000	      1977	80001f90	00000013	addi	x0,x0,0	  x0:0x00000000
       19795000	      1978	80001f94	00ded213	srli	x4,x29,0xd	 x29:0x54c2af2c  x4=0x0002a615
       19805000	      1979	80001f98	02d1c263	blt	x3,x13,80001fbc	  x3:0x00000158 x13:0xffffffff
       19815000	      1980	80001f9c	00be07b3	add	x15,x28,x11	 x28:0x0000057d x11:0x80009fc4 x15=0x8000a541
       19825000	      1981	80001fa0	9ce7e037	lui	x0,0x9ce7e	
       19835000	      1982	80001fa4	0164da93	srli	x21,x9,0x16	  x9:0x00000001 x21=0x00000000
       19845000	      1983	80001fa8	4136d793	srai	x15,x13,0x13	 x13:0xffffffff x15=0xffffffff
       19855000	      1984	80001fac	01a39263	bne	x7,x26,80001fb0	  x7:0x00000205 x26:0x26142aee
       19865000	      1985	00000000	00000013	addi	x0,x0,0	  x0:0x00000000
       19875000	      1986	80001fac	00000013	addi	x0,x0,0	  x0:0x00000000
       19885000	      1987	80001fb0	4091d4b3	sra	x9,x3,x9	  x3:0x00000158  x9:0x00000001  x9=0x000000ac
       19895000	      1988	80001fb4	00984f33	xor	x30,x16,x9	 x16:0x80009ff7  x9:0x000000ac x30=0x80009f5b
       19905000	      1989	80001fb8	01c12fb3	slt	x31,x2,x28	  x2:0x00000000 x28:0x0000057d x31=0x00000001
       19915000	      1990	80001fbc	17c05e17	auipc	x28,0x17c05	 x28=0x97c06fb8
       19925000	      1991	80001fc0	01b40bb3	add	x23,x8,x27	  x8:0x00000000 x27:0x00000000 x23=0x00000000
       19935000	      1992	80001fc4	00000013	addi	x0,x0,0	  x0:0x00000000
       19945000	      1993	80001fc8	412b5ab3	sra	x21,x22,x18	 x22:0x7fff6277 x18:0x000003d9 x21=0x0000003f
       19955000	      1994	80001fcc	011b5413	srli	x8,x22,0x11	 x22:0x7fff6277  x8=0x00003fff
       19965000	      1995	80001fd0	50eeea13	ori	x20,x29,1294	 x29:0x54c2af2c x20=0x54c2af2e
       19975000	      1996	80001fd4	415288b3	sub	x17,x5,x21	  x5:0x80009f44 x21:0x0000003f x17=0x80009f05
       19985000	      1997	80001fd8	00fe40b3	xor	x1,x28,x15	 x28:0x97c06fb8 x15:0xffffffff  x1=0x683f9047
       19995000	      1998	80001fdc	92a5b493	sltiu	x9,x11,-1750	 x11:0x80009fc4  x9=0x00000001
       20005000	      1999	80001fe0	a49f8993	addi	x19,x31,-1463	 x31:0x00000001 x19=0xfffffa4a
       20015000	      2000	80001fe4	403bdb93	srai	x23,x23,0x3	 x23:0x00000000 x23=0x00000000
       20025000	      2001	80001fe8	2bf16313	ori	x6,x2,703	  x2:0x00000000  x6=0x000002bf
       20035000	      2002	80001fec	9c49f213	andi	x4,x19,-1596	 x19:0xfffffa4a  x4=0xfffff840
       20045000	      2003	80001ff0	17bfbe93	sltiu	x29,x31,379	 x31:0x00000001 x29=0x00000001
       20055000	      2004	80001ff4	b7352913	slti	x18,x10,-1165	 x10:0x00000001 x18=0x00000000
       20065000	      2005	80001ff8	00dabb33	sltu	x22,x21,x13	 x21:0x0000003f x13:0xffffffff x22=0x00000001
       20075000	      2006	80001ffc	04919663	bne	x3,x9,80002048	  x3:0x00000158  x9:0x00000001
       20085000	      2007	00000000	00000013	addi	x0,x0,0	  x0:0x00000000
       20095000	      2008	80002044	00000013	addi	x0,x0,0	  x0:0x00000000
       20105000	      2009	80002048	f359b9b7	lui	x19,0xf359b	 x19=0xf359b000
       20115000	      2010	8000204c	406887b3	sub	x15,x17,x6	 x17:0x80009f05  x6:0x000002bf x15=0x80009c46
       20125000	      2011	80002050	00a0b833	sltu	x16,x1,x10	  x1:0x683f9047 x10:0x00000001 x16=0x00000000
       20135000	      2012	80002054	03e6e463	bltu	x13,x30,8000207c	 x13:0xffffffff x30:0x80009f5b
       20145000	      2013	80002058	02bec663	blt	x29,x11,80002084	 x29:0x00000001 x11:0x80009fc4
       20155000	      2014	8000205c	014a4433	xor	x8,x20,x20	 x20:0x54c2af2e x20:0x54c2af2e  x8=0x00000000
       20165000	      2015	80002060	038b0863	beq	x22,x24,80002090	 x22:0x00000001 x24:0x00000000
       20175000	      2016	80002064	31a90713	addi	x14,x18,794	 x18:0x00000000 x14=0x0000031a
       20185000	      2017	80002068	013bc333	xor	x6,x23,x19	 x23:0x00000000 x19:0xf359b000  x6=0xf359b000
       20195000	      2018	8000206c	6ceef613	andi	x12,x29,1742	 x29:0x00000001 x12=0x00000000
       20205000	      2019	80002070	7735f693	andi	x13,x11,1907	 x11:0x80009fc4 x13=0x00000740
       20215000	      2020	80002074	03274e63	blt	x14,x18,800020b0	 x14:0x0000031a x18:0x00000000
       20225000	      2021	80002078	777c0193	addi	x3,x24,1911	 x24:0x00000000  x3=0x00000777
       20235000	      2022	8000207c	04a6f663	bgeu	x13,x10,800020c8	 x13:0x00000740 x10:0x00000001
       20245000	      2023	00000000	00000013	addi	x0,x0,0	  x0:0x00000000
       20255000	      2024	800020c4	00000013	addi	x0,x0,0	  x0:0x00000000
       20265000	      2025	800020c8	009f6c33	or	x24,x30,x9	 x30:0x80009f5b  x9:0x00000001 x24=0x80009f5b
       20275000	      2026	800020cc	41785093	srai	x1,x16,0x17	 x16:0x00000000  x1=0x00000000
       20285000	      2027	800020d0	40a6da33	sra	x20,x13,x10	 x13:0x00000740 x10:0x00000001 x20=0x000003a0
       20295000	      2028	800020d4	0194d533	srl	x10,x9,x25	  x9:0x00000001 x25:0x00000000 x10=0x00000001
       20305000	      2029	800020d8	00000013	addi	x0,x0,0	  x0:0x00000000
       20315000	      2030	800020dc	00000013	addi	x0,x0,0	  x0:0x00000000
       20325000	      2031	800020e0	0187ae33	slt	x28,x15,x24	 x15:0x80009c46 x24:0x80009f5b x28=0x00000001
       20335000	      2032	800020e4	2d046f13	ori	x30,x8,720	  x8:0x00000000 x30=0x000002d0
       20345000	      2033	800020e8	03b1f663	bgeu	x3,x27,80002114	  x3:0x00000777 x27:0x00000000
       20355000	      2034	00000000	00000013	addi	x0,x0,0	  x0:0x00000000
       20365000	      2035	80002110	00000013	addi	x0,x0,0	  x0:0x00000000
       20375000	      2036	80002114	00000013	addi	x0,x0,0	  x0:0x00000000
       20385000	      2037	80002118	36022413	slti	x8,x4,864	  x4:0xfffff840  x8=0x00000001
       20395000	      2038	8000211c	02f7f663	bgeu	x15,x15,80002148	 x15:0x80009c46 x15:0x80009c46
       20405000	      2039	00000000	00000013	addi	x0,x0,0	  x0:0x00000000
       20415000	      2040	80002144	00000013	addi	x0,x0,0	  x0:0x00000000
       20425000	      2041	80002148	094d7693	andi	x13,x26,148	 x26:0x26142aee x13=0x00000084
       20435000	      2042	8000214c	00a20663	beq	x4,x10,80002158	  x4:0xfffff840 x10:0x00000001
       20445000	      2043	80002150	005fa6b3	slt	x13,x31,x5	 x31:0x00000001  x5:0x80009f44 x13=0x00000000
       20455000	      2044	80002154	0063c263	blt	x7,x6,80002158	  x7:0x00000205  x6:0xf359b000
       20465000	      2045	80002158	024eda63	bge	x29,x4,8000218c	 x29:0x00000001  x4:0xfffff840
       20475000	      2046	00000000	00000013	addi	x0,x0,0	  x0:0x00000000
       20485000	      2047	80002188	00000013	addi	x0,x0,0	  x0:0x00000000
       20495000	      2048	8000218c	00f5de13	srli	x28,x11,0xf	 x11:0x80009fc4 x28=0x00010001
       20505000	      2049	80002190	df5c4d93	xori	x27,x24,-523	 x24:0x80009f5b x27=0x7fff62ae
       20515000	      2050	80002194	c48d0c93	addi	x25,x26,-952	 x26:0x26142aee x25=0x26142736
       20525000	      2051	80002198	01591e33	sll	x28,x18,x21	 x18:0x00000000 x21:0x0000003f x28=0x00000000
       20535000	      2052	8000219c	02134663	blt	x6,x1,800021c8	  x6:0xf359b000  x1:0x00000000
       20545000	      2053	00000000	00000013	addi	x0,x0,0	  x0:0x00000000
       20555000	      2054	800021c4	00000013	addi	x0,x0,0	  x0:0x00000000
       20565000	      2055	800021c8	010eba33	sltu	x20,x29,x16	 x29:0x00000001 x16:0x00000000 x20=0x00000000
       20575000	      2056	800021cc	005c6fb3	or	x31,x24,x5	 x24:0x80009f5b  x5:0x80009f44 x31=0x80009f5f
       20585000	      2057	800021d0	01b8e263	bltu	x17,x27,800021d4	 x17:0x80009f05 x27:0x7fff62ae
       20595000	      2058	800021d4	006df8b3	and	x17,x27,x6	 x27:0x7fff62ae  x6:0xf359b000 x17=0x73592000
       20605000	      2059	800021d8	13988e13	addi	x28,x17,313	 x17:0x73592000 x28=0x73592139
       20615000	      2060	800021dc	01d36cb3	or	x25,x6,x29	  x6:0xf359b000 x29:0x00000001 x25=0xf359b001
       20625000	      2061	800021e0	00451c13	slli	x24,x10,0x4	 x10:0x00000001 x24=0x00000010
       20635000	      2062	800021e4	3f22fb13	andi	x22,x5,1010	  x5:0x80009f44 x22=0x00000340
       20645000	      2063	800021e8	014a5b33	srl	x22,x20,x20	 x20:0x00000000 x20:0x00000000 x22=0x00000000
       20655000	      2064	800021ec	d15f7813	andi	x16,x30,-747	 x30:0x000002d0 x16=0x00000010
       20665000	      2065	800021f0	01d1e263	bltu	x3,x29,800021f4	  x3:0x00000777 x29:0x00000001
       20675000	      2066	800021f4	dee5f313	andi	x6,x11,-530	 x11:0x80009fc4  x6=0x80009dc4
       20685000	      2067	800021f8	0322c063	blt	x5,x18,80002218	  x5:0x80009f44 x18:0x00000000
       20695000	      2068	00000000	00000013	addi	x0,x0,0	  x0:0x00000000
       20705000	      2069	80002214	00000013	addi	x0,x0,0	  x0:0x00000000
       20715000	      2070	80002218	00000013	addi	x0,x0,0	  x0:0x00000000
       20725000	      2071	8000221c	01e494b3	sll	x9,x9,x30	  x9:0x00000001 x30:0x000002d0  x9=0x00010000
       20735000	      2072	80002220	50d48913	addi	x18,x9,1293	  x9:0x00010000 x18=0x0001050d
       20745000	      2073	80002224	b2b1f237	lui	x4,0xb2b1f	  x4=0xb2b1f000
       20755000	      2074	80002228	0071d613	srli	x12,x3,0x7	  x3:0x00000777 x12=0x0000000e
       20765000	      2075	8000222c	00fade63	bge	x21,x15,80002248	 x21:0x0000003f x15:0x80009c46
       20775000	      2076	00000000	00000013	addi	x0,x0,0	  x0:0x00000000
       20785000	      2077	80002244	00000013	addi	x0,x0,0	  x0:0x00000000
       20795000	      2078	80002248	00f9d113	srli	x2,x19,0xf	 x19:0xf359b000  x2=0x0001e6b3
       20805000	      2079	8000224c	000b5d93	srli	x27,x22,0x0	 x22:0x00000000 x27=0x00000000
       20815000	      2080	80002250	03f9c263	blt	x19,x31,80002274	 x19:0xf359b000 x31:0x80009f5f
       20825000	      2081	80002254	00000013	addi	x0,x0,0	  x0:0x00000000
       20835000	      2082	80002258	006d9a93	slli	x21,x27,0x6	 x27:0x00000000 x21=0x00000000
       20845000	      2083	8000225c	00a176b3	and	x13,x2,x10	  x2:0x0001e6b3 x10:0x00000001 x13=0x00000001
       20855000	      2084	80002260	064d8663	beq	x27,x4,800022cc	 x27:0x00000000  x4:0xb2b1f000
       20865000	      2085	80002264	a13e3637	lui	x12,0xa13e3	 x12=0xa13e3000
       20875000	      2086	80002268	018d4db3	xor	x27,x26,x24	 x26:0x26142aee x24:0x00000010 x27=0x26142afe
       20885000	      2087	8000226c	01767263	bgeu	x12,x23,80002270	 x12:0xa13e3000 x23:0x00000000
       20895000	      2088	00000000	00000013	addi	x0,x0,0	  x0:0x00000000
       20905000	      2089	8000226c	00000013	addi	x0,x0,0	  x0:0x00000000
       20915000	      2090	80002270	016cfc33	and	x24,x25,x22	 x25:0xf359b001 x22:0x00000000 x24=0x00000000
       20925000	      2091	80002274	410956b3	sra	x13,x18,x16	 x18:0x0001050d x16:0x00000010 x13=0x00000001
       20935000	      2092	80002278	01fd5f33	srl	x30,x26,x31	 x26:0x26142aee x31:0x80009f5f x30=0x00000000
       20945000	      2093	8000227c	01c13f33	sltu	x30,x2,x28	  x2:0x0001e6b3 x28:0x73592139 x30=0x00000001
       20955000	      2094	80002280	419ddc93	srai	x25,x27,0x19	 x27:0x26142afe x25=0x00000013
       20965000	      2095	80002284	00aa9eb3	sll	x29,x21,x10	 x21:0x00000000 x10:0x00000001 x29=0x00000000
       20975000	      2096	80002288	60d70993	addi	x19,x14,1549	 x14:0x0000031a x19=0x00000927
       20985000	      2097	8000228c	ffffea97	auipc	x21,0xffffe	 x21=0x80000288
       20995000	      2098	80002290	2a0a8a93	addi	x21,x21,672	 x21:0x80000288 x21=0x80000528
       21005000	      2099	80002294	66e96413	ori	x8,x18,1646	 x18:0x0001050d  x8=0x0001076f
       21015000	      2100	80002298	00957fb3	and	x31,x10,x9	 x10:0x00000001  x9:0x00010000 x31=0x00000000
       21025000	      2101	8000229c	1c7a8a93	addi	x21,x21,455	 x21:0x80000528 x21=0x800006ef
       21035000	      2102	800022a0	00f503b3	add	x7,x10,x15	 x10:0x00000001 x15:0x80009c46  x7=0x80009c47
       21045000	      2103	800022a4	01a50233	add	x4,x10,x26	 x10:0x00000001 x26:0x26142aee  x4=0x26142aef
       21055000	      2104	800022a8	e39a8f67	jalr	x30,x21,-455	 x21:0x800006ef x30=0x800022a8
       21065000	      2105	00000000	00000013	addi	x0,x0,0	  x0:0x00000000
       21075000	      2106	80000528	00000013	addi	x0,x0,0	  x0:0x00000000
       21085000	      2107	8000052c	00f0beb3	sltu	x29,x1,x15	  x1:0x00000000 x15:0x80009c46 x29=0x00000001
       21095000	      2108	80000530	ff028293	addi	x5,x5,-16	  x5:0x80009f44  x5=0x80009f34
       21105000	      2109	80000534	eccbb193	sltiu	x3,x23,-308	 x23:0x00000000  x3=0x00000001
       21115000	      2110	80000538	01e2a223	sw	x30,4(x5)	  x5:0x80009f34 x30:0x800022a8 PA:0x80009f38
       21125000	      2111	8000053c	01daec33	or	x24,x21,x29	 x21:0x800006ef x29:0x00000001 x24=0x800006ef
       21135000	      2112	80000540	8a6be493	ori	x9,x23,-1882	 x23:0x00000000  x9=0xfffff8a6
       21145000	      2113	80000544	0113db33	srl	x22,x7,x17	  x7:0x80009c47 x17:0x73592000 x22=0x80009c47
       21155000	      2114	80000548	d3470513	addi	x10,x14,-716	 x14:0x0000031a x10=0x0000004e
       21165000	      2115	8000054c	41c28133	sub	x2,x5,x28	  x5:0x80009f34 x28:0x73592139  x2=0x0ca77dfb
       21175000	      2116	80000550	00063c33	sltu	x24,x12,x0	 x12:0xa13e3000  x0:0x00000000 x24=0x00000000
       21185000	      2117	80000554	63e87493	andi	x9,x16,1598	 x16:0x00000010  x9=0x00000010
       21195000	      2118	80000558	01bb8663	beq	x23,x27,80000564	 x23:0x00000000 x27:0x26142afe
       21205000	      2119	8000055c	00a95e93	srli	x29,x18,0xa	 x18:0x0001050d x29=0x00000041
       21215000	      2120	80000560	401cd313	srai	x6,x25,0x1	 x25:0x00000013  x6=0x00000009
       21225000	      2121	80000564	4c002f6f	jal	x30,80000564	 x30=0x80000564
       21235000	      2122	00000000	00000013	addi	x0,x0,0	  x0:0x00000000
       21245000	      2123	80002a20	00000013	addi	x0,x0,0	  x0:0x00000000
       21255000	      2124	80002a24	00e704b3	add	x9,x14,x14	 x14:0x0000031a x14:0x0000031a  x9=0x00000634
       21265000	      2125	80002a28	16d86c93	ori	x25,x16,365	 x16:0x00000010 x25=0x0000017d
       21275000	      2126	80002a2c	00fd5263	bge	x26,x15,80002a30	 x26:0x26142aee x15:0x80009c46
       21285000	      2127	00000000	00000013	addi	x0,x0,0	  x0:0x00000000
       21295000	      2128	80002a2c	00000013	addi	x0,x0,0	  x0:0x00000000
       21305000	      2129	80002a30	fd428293	addi	x5,x5,-44	  x5:0x80009f34  x5=0x80009f08
       21315000	      2130	80002a34	671de413	ori	x8,x27,1649	 x27:0x26142afe  x8=0x26142eff
       21325000	      2131	80002a38	015b0cb3	add	x25,x22,x21	 x22:0x80009c47 x21:0x800006ef x25=0x0000a336
       21335000	      2132	80002a3c	01e2a223	sw	x30,4(x5)	  x5:0x80009f08 x30:0x80000564 PA:0x80009f0c
       21345000	      2133	80002a40	0049c9b3	xor	x19,x19,x4	 x19:0x00000927  x4:0x26142aef x19=0x261423c8
       21355000	      2134	80002a44	0055b033	sltu	x0,x11,x5	 x11:0x80009fc4  x5:0x80009f08
       21365000	      2135	80002a48	363a0913	addi	x18,x20,867	 x20:0x00000000 x18=0x00000363
       21375000	      2136	80002a4c	00600193	addi	x3,x0,6	  x0:0x00000000  x3=0x00000006
       21385000	      2137	80002a50	00062bb3	slt	x23,x12,x0	 x12:0xa13e3000  x0:0x00000000 x23=0x00000001
       21395000	      2138	80002a54	40625513	srai	x10,x4,0x6	  x4:0x26142aef x10=0x009850ab
       21405000	      2139	80002a58	002eb6b3	sltu	x13,x29,x2	 x29:0x00000041  x2:0x0ca77dfb x13=0x00000001
       21415000	      2140	80002a5c	58884ab7	lui	x21,0x58884	 x21=0x58884000
       21425000	      2141	80002a60	194f2b13	slti	x22,x30,404	 x30:0x80000564 x22=0x00000001
       21435000	      2142	80002a64	00ac5393	srli	x7,x24,0xa	 x24:0x00000000  x7=0x00000000
       21445000	      2143	80002a68	aea17c97	auipc	x25,0xaea17	 x25=0x2ea19a64
       21455000	      2144	80002a6c	4084d6b3	sra	x13,x9,x8	  x9:0x00000634  x8:0x26142eff x13=0x00000000
       21465000	      2145	80002a70	00500d93	addi	x27,x0,5	  x0:0x00000000 x27=0x00000005
       21475000	      2146	80002a74	410dd233	sra	x4,x27,x16	 x27:0x00000005 x16:0x00000010  x4=0x00000000
       21485000	      2147	80002a78	c6c03637	lui	x12,0xc6c03	 x12=0xc6c03000
       21495000	      2148	80002a7c	006da933	slt	x18,x27,x6	 x27:0x00000005  x6:0x00000009 x18=0x00000001
       21505000	      2149	80002a80	01abdf93	srli	x31,x23,0x1a	 x23:0x00000001 x31=0x00000000
       21515000	      2150	80002a84	ffe18193	addi	x3,x3,-2	  x3:0x00000006  x3=0x00000004
       21525000	      2151	80002a88	0189d813	srli	x16,x19,0x18	 x19:0x261423c8 x16=0x00000026
       21535000	      2152	80002a8c	ffb1f6e3	bgeu	x3,x27,80002a78	  x3:0x00000004 x27:0x00000005
       21545000	      2153	80002a90	004d59b3	srl	x19,x26,x4	 x26:0x26142aee  x4:0x00000000 x19=0x26142aee
       21555000	      2154	80002a94	00300793	addi	x15,x0,3	  x0:0x00000000 x15=0x00000003
       21565000	      2155	80002a98	005014b3	sll	x9,x0,x5	  x0:0x00000000  x5:0x80009f08  x9=0x00000000
       21575000	      2156	80002a9c	00800a93	addi	x21,x0,8	  x0:0x00000000 x21=0x00000008
       21585000	      2157	80002aa0	083f0393	addi	x7,x30,131	 x30:0x80000564  x7=0x800005e7
       21595000	      2158	80002aa4	00401db3	sll	x27,x0,x4	  x0:0x00000000  x4:0x00000000 x27=0x00000000
       21605000	      2159	80002aa8	00578793	addi	x15,x15,5	 x15:0x00000003 x15=0x00000008
       21615000	      2160	80002aac	00600213	addi	x4,x0,6	  x0:0x00000000  x4=0x00000006
       21625000	      2161	80002ab0	d1436313	ori	x6,x6,-748	  x6:0x00000009  x6=0xfffffd1d
       21635000	      2162	80002ab4	75f4bc13	sltiu	x24,x9,1887	  x9:0x00000000 x24=0x00000001
       21645000	      2163	80002ab8	01669fb3	sll	x31,x13,x22	 x13:0x00000000 x22:0x00000001 x31=0x00000000
       21655000	      2164	80002abc	00ae7433	and	x8,x28,x10	 x28:0x73592139 x10:0x009850ab  x8=0x00180029
       21665000	      2165	80002ac0	418309b3	sub	x19,x6,x24	  x6:0xfffffd1d x24:0x00000001 x19=0xfffffd1c
       21675000	      2166	80002ac4	00500513	addi	x10,x0,5	  x0:0x00000000 x10=0x00000005
       21685000	      2167	80002ac8	e18b0f93	addi	x31,x22,-488	 x22:0x00000001 x31=0xfffffe19
       21695000	      2168	80002acc	01fb4a33	xor	x20,x22,x31	 x22:0x00000001 x31:0xfffffe19 x20=0xfffffe18
       21705000	      2169	80002ad0	01a6d1b3	srl	x3,x13,x26	 x13:0x00000000 x26:0x26142aee  x3=0x00000000
       21715000	      2170	80002ad4	3c608c97	auipc	x25,0x3c608	 x25=0xbc60aad0
       21725000	      2171	80002ad8	3c490813	addi	x16,x18,964	 x18:0x00000001 x16=0x000003c5
       21735000	      2172	80002adc	016176b3	and	x13,x2,x22	  x2:0x0ca77dfb x22:0x00000001 x13=0x00000001
       21745000	      2173	80002ae0	00703833	sltu	x16,x0,x7	  x0:0x00000000  x7:0x800005e7 x16=0x00000001
       21755000	      2174	80002ae4	8e752e17	auipc	x28,0x8e752	 x28=0x0e754ae0
       21765000	      2175	80002ae8	006e2b33	slt	x22,x28,x6	 x28:0x0e754ae0  x6:0xfffffd1d x22=0x00000000
       21775000	      2176	80002aec	ffe20213	addi	x4,x4,-2	  x4:0x00000006  x4=0x00000004
       21785000	      2177	80002af0	0a653113	sltiu	x2,x10,166	 x10:0x00000005  x2=0x00000001
       21795000	      2178	80002af4	b6871e37	lui	x28,0xb6871	 x28=0xb6871000
       21805000	      2179	80002af8	41fc00b3	sub	x1,x24,x31	 x24:0x00000001 x31:0xfffffe19  x1=0x000001e8
       21815000	      2180	80002afc	4669b713	sltiu	x14,x19,1126	 x19:0xfffffd1c x14=0x00000000
       21825000	      2181	80002b00	eac30713	addi	x14,x6,-340	  x6:0xfffffd1d x14=0xfffffbc9
       21835000	      2182	80002b04	fca27ce3	bgeu	x4,x10,80002adc	  x4:0x00000004 x10:0x00000005
       21845000	      2183	80002b08	41a5d013	srai	x0,x11,0x1a	 x11:0x80009fc4
       21855000	      2184	80002b0c	bc253c13	sltiu	x24,x10,-1086	 x10:0x00000005 x24=0x00000001
       21865000	      2185	80002b10	0135c1b3	xor	x3,x11,x19	 x11:0x80009fc4 x19:0xfffffd1c  x3=0x7fff62d8
       21875000	      2186	80002b14	35582913	slti	x18,x16,853	 x16:0x00000001 x18=0x00000001
       21885000	      2187	80002b18	f95784e3	beq	x15,x21,80002aa0	 x15:0x00000008 x21:0x00000008
       21895000	      2188	00000000	00000013	addi	x0,x0,0	  x0:0x00000000
       21905000	      2189	80002a9c	00000013	addi	x0,x0,0	  x0:0x00000000
       21915000	      2190	80002aa0	083f0393	addi	x7,x30,131	 x30:0x80000564  x7=0x800005e7
       21925000	      2191	80002aa4	00401db3	sll	x27,x0,x4	  x0:0x00000000  x4:0x00000004 x27=0x00000000
       21935000	      2192	80002aa8	00578793	addi	x15,x15,5	 x15:0x00000008 x15=0x0000000d
       21945000	      2193	80002aac	00600213	addi	x4,x0,6	  x0:0x00000000  x4=0x00000006
       21955000	      2194	80002ab0	d1436313	ori	x6,x6,-748	  x6:0xfffffd1d  x6=0xfffffd1d
       21965000	      2195	80002ab4	75f4bc13	sltiu	x24,x9,1887	  x9:0x00000000 x24=0x00000001
       21975000	      2196	80002ab8	01669fb3	sll	x31,x13,x22	 x13:0x00000001 x22:0x00000000 x31=0x00000001
       21985000	      2197	80002abc	00ae7433	and	x8,x28,x10	 x28:0xb6871000 x10:0x00000005  x8=0x00000000
       21995000	      2198	80002ac0	418309b3	sub	x19,x6,x24	  x6:0xfffffd1d x24:0x00000001 x19=0xfffffd1c
       22005000	      2199	80002ac4	00500513	addi	x10,x0,5	  x0:0x00000000 x10=0x00000005
       22015000	      2200	80002ac8	e18b0f93	addi	x31,x22,-488	 x22:0x00000000 x31=0xfffffe18
       22025000	      2201	80002acc	01fb4a33	xor	x20,x22,x31	 x22:0x00000000 x31:0xfffffe18 x20=0xfffffe18
       22035000	      2202	80002ad0	01a6d1b3	srl	x3,x13,x26	 x13:0x00000001 x26:0x26142aee  x3=0x00000000
       22045000	      2203	80002ad4	3c608c97	auipc	x25,0x3c608	 x25=0xbc60aad0
       22055000	      2204	80002ad8	3c490813	addi	x16,x18,964	 x18:0x00000001 x16=0x000003c5
       22065000	      2205	80002adc	016176b3	and	x13,x2,x22	  x2:0x00000001 x22:0x00000000 x13=0x00000000
       22075000	      2206	80002ae0	00703833	sltu	x16,x0,x7	  x0:0x00000000  x7:0x800005e7 x16=0x00000001
       22085000	      2207	80002ae4	8e752e17	auipc	x28,0x8e752	 x28=0x0e754ae0
       22095000	      2208	80002ae8	006e2b33	slt	x22,x28,x6	 x28:0x0e754ae0  x6:0xfffffd1d x22=0x00000000
       22105000	      2209	80002aec	ffe20213	addi	x4,x4,-2	  x4:0x00000006  x4=0x00000004
       22115000	      2210	80002af0	0a653113	sltiu	x2,x10,166	 x10:0x00000005  x2=0x00000001
       22125000	      2211	80002af4	b6871e37	lui	x28,0xb6871	 x28=0xb6871000
       22135000	      2212	80002af8	41fc00b3	sub	x1,x24,x31	 x24:0x00000001 x31:0xfffffe18  x1=0x000001e9
       22145000	      2213	80002afc	4669b713	sltiu	x14,x19,1126	 x19:0xfffffd1c x14=0x00000000
       22155000	      2214	80002b00	eac30713	addi	x14,x6,-340	  x6:0xfffffd1d x14=0xfffffbc9
       22165000	      2215	80002b04	fca27ce3	bgeu	x4,x10,80002adc	  x4:0x00000004 x10:0x00000005
       22175000	      2216	80002b08	41a5d013	srai	x0,x11,0x1a	 x11:0x80009fc4
       22185000	      2217	80002b0c	bc253c13	sltiu	x24,x10,-1086	 x10:0x00000005 x24=0x00000001
       22195000	      2218	80002b10	0135c1b3	xor	x3,x11,x19	 x11:0x80009fc4 x19:0xfffffd1c  x3=0x7fff62d8
       22205000	      2219	80002b14	35582913	slti	x18,x16,853	 x16:0x00000001 x18=0x00000001
       22215000	      2220	80002b18	f95784e3	beq	x15,x21,80002aa0	 x15:0x0000000d x21:0x00000008
       22225000	      2221	80002b1c	24e9e913	ori	x18,x19,590	 x19:0xfffffd1c x18=0xffffff5e
       22235000	      2222	80002b20	00900c93	addi	x25,x0,9	  x0:0x00000000 x25=0x00000009
       22245000	      2223	80002b24	ff900913	addi	x18,x0,-7	  x0:0x00000000 x18=0xfffffff9
       22255000	      2224	80002b28	00f6b133	sltu	x2,x13,x15	 x13:0x00000000 x15:0x0000000d  x2=0x00000001
       22265000	      2225	80002b2c	ffec8c93	addi	x25,x25,-2	 x25:0x00000009 x25=0x00000007
       22275000	      2226	80002b30	ff2cdce3	bge	x25,x18,80002b28	 x25:0x00000007 x18:0xfffffff9
       22285000	      2227	00000000	00000013	addi	x0,x0,0	  x0:0x00000000
       22295000	      2228	80002b24	00000013	addi	x0,x0,0	  x0:0x00000000
       22305000	      2229	80002b28	00f6b133	sltu	x2,x13,x15	 x13:0x00000000 x15:0x0000000d  x2=0x00000001
       22315000	      2230	80002b2c	ffec8c93	addi	x25,x25,-2	 x25:0x00000007 x25=0x00000005
       22325000	      2231	80002b30	ff2cdce3	bge	x25,x18,80002b28	 x25:0x00000005 x18:0xfffffff9
       22335000	      2232	00000000	00000013	addi	x0,x0,0	  x0:0x00000000
       22345000	      2233	80002b24	00000013	addi	x0,x0,0	  x0:0x00000000
       22355000	      2234	80002b28	00f6b133	sltu	x2,x13,x15	 x13:0x00000000 x15:0x0000000d  x2=0x00000001
       22365000	      2235	80002b2c	ffec8c93	addi	x25,x25,-2	 x25:0x00000005 x25=0x00000003
       22375000	      2236	80002b30	ff2cdce3	bge	x25,x18,80002b28	 x25:0x00000003 x18:0xfffffff9
       22385000	      2237	00000000	00000013	addi	x0,x0,0	  x0:0x00000000
       22395000	      2238	80002b24	00000013	addi	x0,x0,0	  x0:0x00000000
       22405000	      2239	80002b28	00f6b133	sltu	x2,x13,x15	 x13:0x00000000 x15:0x0000000d  x2=0x00000001
       22415000	      2240	80002b2c	ffec8c93	addi	x25,x25,-2	 x25:0x00000003 x25=0x00000001
       22425000	      2241	80002b30	ff2cdce3	bge	x25,x18,80002b28	 x25:0x00000001 x18:0xfffffff9
       22435000	      2242	00000000	00000013	addi	x0,x0,0	  x0:0x00000000
       22445000	      2243	80002b24	00000013	addi	x0,x0,0	  x0:0x00000000
       22455000	      2244	80002b28	00f6b133	sltu	x2,x13,x15	 x13:0x00000000 x15:0x0000000d  x2=0x00000001
       22465000	      2245	80002b2c	ffec8c93	addi	x25,x25,-2	 x25:0x00000001 x25=0xffffffff
       22475000	      2246	80002b30	ff2cdce3	bge	x25,x18,80002b28	 x25:0xffffffff x18:0xfffffff9
       22485000	      2247	00000000	00000013	addi	x0,x0,0	  x0:0x00000000
       22495000	      2248	80002b24	00000013	addi	x0,x0,0	  x0:0x00000000
       22505000	      2249	80002b28	00f6b133	sltu	x2,x13,x15	 x13:0x00000000 x15:0x0000000d  x2=0x00000001
       22515000	      2250	80002b2c	ffec8c93	addi	x25,x25,-2	 x25:0xffffffff x25=0xfffffffd
       22525000	      2251	80002b30	ff2cdce3	bge	x25,x18,80002b28	 x25:0xfffffffd x18:0xfffffff9
       22535000	      2252	00000000	00000013	addi	x0,x0,0	  x0:0x00000000
       22545000	      2253	80002b24	00000013	addi	x0,x0,0	  x0:0x00000000
       22555000	      2254	80002b28	00f6b133	sltu	x2,x13,x15	 x13:0x00000000 x15:0x0000000d  x2=0x00000001
       22565000	      2255	80002b2c	ffec8c93	addi	x25,x25,-2	 x25:0xfffffffd x25=0xfffffffb
       22575000	      2256	80002b30	ff2cdce3	bge	x25,x18,80002b28	 x25:0xfffffffb x18:0xfffffff9
       22585000	      2257	00000000	00000013	addi	x0,x0,0	  x0:0x00000000
       22595000	      2258	80002b24	00000013	addi	x0,x0,0	  x0:0x00000000
       22605000	      2259	80002b28	00f6b133	sltu	x2,x13,x15	 x13:0x00000000 x15:0x0000000d  x2=0x00000001
       22615000	      2260	80002b2c	ffec8c93	addi	x25,x25,-2	 x25:0xfffffffb x25=0xfffffff9
       22625000	      2261	80002b30	ff2cdce3	bge	x25,x18,80002b28	 x25:0xfffffff9 x18:0xfffffff9
       22635000	      2262	00000000	00000013	addi	x0,x0,0	  x0:0x00000000
       22645000	      2263	80002b24	00000013	addi	x0,x0,0	  x0:0x00000000
       22655000	      2264	80002b28	00f6b133	sltu	x2,x13,x15	 x13:0x00000000 x15:0x0000000d  x2=0x00000001
       22665000	      2265	80002b2c	ffec8c93	addi	x25,x25,-2	 x25:0xfffffff9 x25=0xfffffff7
       22675000	      2266	80002b30	ff2cdce3	bge	x25,x18,80002b28	 x25:0xfffffff7 x18:0xfffffff9
       22685000	      2267	80002b34	82796313	ori	x6,x18,-2009	 x18:0xfffffff9  x6=0xffffffff
       22695000	      2268	80002b38	00e1ef33	or	x30,x3,x14	  x3:0x7fff62d8 x14:0xfffffbc9 x30=0xfffffbd9
       22705000	      2269	80002b3c	02ae1063	bne	x28,x10,80002b5c	 x28:0xb6871000 x10:0x00000005
       22715000	      2270	00000000	00000013	addi	x0,x0,0	  x0:0x00000000
       22725000	      2271	80002b58	00000013	addi	x0,x0,0	  x0:0x00000000
       22735000	      2272	80002b5c	00000013	addi	x0,x0,0	  x0:0x00000000
       22745000	      2273	80002b60	0ed18793	addi	x15,x3,237	  x3:0x7fff62d8 x15=0x7fff63c5
       22755000	      2274	80002b64	009c5c33	srl	x24,x24,x9	 x24:0x00000001  x9:0x00000000 x24=0x00000001
       22765000	      2275	80002b68	00870c63	beq	x14,x8,80002b80	 x14:0xfffffbc9  x8:0x00000000
       22775000	      2276	80002b6c	012e2c33	slt	x24,x28,x18	 x28:0xb6871000 x18:0xfffffff9 x24=0x00000001
       22785000	      2277	80002b70	03af9c63	bne	x31,x26,80002ba8	 x31:0xfffffe18 x26:0x26142aee
       22795000	      2278	00000000	00000013	addi	x0,x0,0	  x0:0x00000000
       22805000	      2279	80002ba4	00000013	addi	x0,x0,0	  x0:0x00000000
       22815000	      2280	80002ba8	01746e33	or	x28,x8,x23	  x8:0x00000000 x23:0x00000001 x28=0x00000001
       22825000	      2281	80002bac	01324fb3	xor	x31,x4,x19	  x4:0x00000004 x19:0xfffffd1c x31=0xfffffd18
       22835000	      2282	80002bb0	005826b3	slt	x13,x16,x5	 x16:0x00000001  x5:0x80009f08 x13=0x00000000
       22845000	      2283	80002bb4	004ccbb3	xor	x23,x25,x4	 x25:0xfffffff7  x4:0x00000004 x23=0xfffffff3
       22855000	      2284	80002bb8	052a1663	bne	x20,x18,80002c04	 x20:0xfffffe18 x18:0xfffffff9
       22865000	      2285	00000000	00000013	addi	x0,x0,0	  x0:0x00000000
       22875000	      2286	80002c00	00000013	addi	x0,x0,0	  x0:0x00000000
       22885000	      2287	80002c04	01ec5393	srli	x7,x24,0x1e	 x24:0x00000001  x7=0x00000000
       22895000	      2288	80002c08	036ff263	bgeu	x31,x22,80002c2c	 x31:0xfffffd18 x22:0x00000000
       22905000	      2289	00000000	00000013	addi	x0,x0,0	  x0:0x00000000
       22915000	      2290	80002c28	00000013	addi	x0,x0,0	  x0:0x00000000
       22925000	      2291	80002c2c	0181e4b3	or	x9,x3,x24	  x3:0x7fff62d8 x24:0x00000001  x9=0x7fff62d9
       22935000	      2292	80002c30	18d41137	lui	x2,0x18d41	  x2=0x18d41000
       22945000	      2293	80002c34	036c1063	bne	x24,x22,80002c54	 x24:0x00000001 x22:0x00000000
       22955000	      2294	00000000	00000013	addi	x0,x0,0	  x0:0x00000000
       22965000	      2295	80002c50	00000013	addi	x0,x0,0	  x0:0x00000000
       22975000	      2296	80002c54	0177af33	slt	x30,x15,x23	 x15:0x7fff63c5 x23:0xfffffff3 x30=0x00000000
       22985000	      2297	80002c58	00eaee63	bltu	x21,x14,80002c74	 x21:0x00000008 x14:0xfffffbc9
       22995000	      2298	00000000	00000013	addi	x0,x0,0	  x0:0x00000000
       23005000	      2299	80002c70	00000013	addi	x0,x0,0	  x0:0x00000000
       23015000	      2300	80002c74	05b66263	bltu	x12,x27,80002cb8	 x12:0xc6c03000 x27:0x00000000
       23025000	      2301	80002c78	00a69a33	sll	x20,x13,x10	 x13:0x00000000 x10:0x00000005 x20=0x00000000
       23035000	      2302	80002c7c	04044063	blt	x8,x0,80002cbc	  x8:0x00000000  x0:0x00000000
       23045000	      2303	80002c80	014f5c33	srl	x24,x30,x20	 x30:0x00000000 x20:0x00000000 x24=0x00000000
       23055000	      2304	80002c84	c864f893	andi	x17,x9,-890	  x9:0x7fff62d9 x17=0x7fff6080
       23065000	      2305	80002c88	2ace6193	ori	x3,x28,684	 x28:0x00000001  x3=0x000002ad
       23075000	      2306	80002c8c	01078b33	add	x22,x15,x16	 x15:0x7fff63c5 x16:0x00000001 x22=0x7fff63c6
       23085000	      2307	80002c90	0ca84b13	xori	x22,x16,202	 x16:0x00000001 x22=0x000000cb
       23095000	      2308	80002c94	01dc9f33	sll	x30,x25,x29	 x25:0xfffffff7 x29:0x00000041 x30=0xffffffee
       23105000	      2309	80002c98	01e45413	srli	x8,x8,0x1e	  x8:0x00000000  x8=0x00000000
       23115000	      2310	80002c9c	0096d313	srli	x6,x13,0x9	 x13:0x00000000  x6=0x00000000
       23125000	      2311	80002ca0	00a45a63	bge	x8,x10,80002cb4	  x8:0x00000000 x10:0x00000005
       23135000	      2312	80002ca4	01629c63	bne	x5,x22,80002cbc	  x5:0x80009f08 x22:0x000000cb
       23145000	      2313	00000000	00000013	addi	x0,x0,0	  x0:0x00000000
       23155000	      2314	80002cb8	00000013	addi	x0,x0,0	  x0:0x00000000
       23165000	      2315	80002cbc	03a3d463	bge	x7,x26,80002ce4	  x7:0x00000000 x26:0x26142aee
       23175000	      2316	80002cc0	40c7d233	sra	x4,x15,x12	 x15:0x7fff63c5 x12:0xc6c03000  x4=0x7fff63c5
       23185000	      2317	80002cc4	823c3b13	sltiu	x22,x24,-2013	 x24:0x00000000 x22=0x00000001
       23195000	      2318	80002cc8	40335993	srai	x19,x6,0x3	  x6:0x00000000 x19=0x00000000
       23205000	      2319	80002ccc	c2823793	sltiu	x15,x4,-984	  x4:0x7fff63c5 x15=0x00000001
       23215000	      2320	80002cd0	00343b33	sltu	x22,x8,x3	  x8:0x00000000  x3:0x000002ad x22=0x00000001
       23225000	      2321	80002cd4	845d56b7	lui	x13,0x845d5	 x13=0x845d5000
       23235000	      2322	80002cd8	006f1513	slli	x10,x30,0x6	 x30:0xffffffee x10=0xfffffb80
       23245000	      2323	80002cdc	00c621b3	slt	x3,x12,x12	 x12:0xc6c03000 x12:0xc6c03000  x3=0x00000000
       23255000	      2324	80002ce0	01049f33	sll	x30,x9,x16	  x9:0x7fff62d9 x16:0x00000001 x30=0xfffec5b2
       23265000	      2325	80002ce4	00a31233	sll	x4,x6,x10	  x6:0x00000000 x10:0xfffffb80  x4=0x00000000
       23275000	      2326	80002ce8	003cd513	srli	x10,x25,0x3	 x25:0xfffffff7 x10=0x1ffffffe
       23285000	      2327	80002cec	a41bee93	ori	x29,x23,-1471	 x23:0xfffffff3 x29=0xfffffff3
       23295000	      2328	80002cf0	b827eb93	ori	x23,x15,-1150	 x15:0x00000001 x23=0xfffffb83
       23305000	      2329	80002cf4	03511263	bne	x2,x21,80002d18	  x2:0x18d41000 x21:0x00000008
       23315000	      2330	00000000	00000013	addi	x0,x0,0	  x0:0x00000000
       23325000	      2331	80002d14	00000013	addi	x0,x0,0	  x0:0x00000000
       23335000	      2332	80002d18	043ef863	bgeu	x29,x3,80002d68	 x29:0xfffffff3  x3:0x00000000
       23345000	      2333	00000000	00000013	addi	x0,x0,0	  x0:0x00000000
       23355000	      2334	80002d64	00000013	addi	x0,x0,0	  x0:0x00000000
       23365000	      2335	80002d68	0bc34f93	xori	x31,x6,188	  x6:0x00000000 x31=0x000000bc
       23375000	      2336	80002d6c	0528d063	bge	x17,x18,80002dac	 x17:0x7fff6080 x18:0xfffffff9
       23385000	      2337	00000000	00000013	addi	x0,x0,0	  x0:0x00000000
       23395000	      2338	80002da8	00000013	addi	x0,x0,0	  x0:0x00000000
       23405000	      2339	80002dac	e9e14393	xori	x7,x2,-354	  x2:0x18d41000  x7=0xe72bee9e
       23415000	      2340	80002db0	03458a63	beq	x11,x20,80002de4	 x11:0x80009fc4 x20:0x00000000
       23425000	      2341	80002db4	e84e4413	xori	x8,x28,-380	 x28:0x00000001  x8=0xfffffe85
       23435000	      2342	80002db8	01fa9c63	bne	x21,x31,80002dd0	 x21:0x00000008 x31:0x000000bc
       23445000	      2343	00000000	00000013	addi	x0,x0,0	  x0:0x00000000
       23455000	      2344	80002dcc	00000013	addi	x0,x0,0	  x0:0x00000000
       23465000	      2345	80002dd0	0492f063	bgeu	x5,x9,80002e10	  x5:0x80009f08  x9:0x7fff62d9
       23475000	      2346	00000000	00000013	addi	x0,x0,0	  x0:0x00000000
       23485000	      2347	80002e0c	00000013	addi	x0,x0,0	  x0:0x00000000
       23495000	      2348	80002e10	405b59b3	sra	x19,x22,x5	 x22:0x00000001  x5:0x80009f08 x19=0x00000000
       23505000	      2349	80002e14	b64da897	auipc	x17,0xb64da	 x17=0x364dce10
       23515000	      2350	80002e18	3edc0513	addi	x10,x24,1005	 x24:0x00000000 x10=0x000003ed
       23525000	      2351	80002e1c	00f1b233	sltu	x4,x3,x15	  x3:0x00000000 x15:0x00000001  x4=0x00000001
       23535000	      2352	80002e20	d2d6e813	ori	x16,x13,-723	 x13:0x845d5000 x16=0xfffffd2d
       23545000	      2353	80002e24	0042af03	lw	x30,4(x5)	  x5:0x80009f08 x30=0x80000564 PA:0x80009f0c
       23555000	      2354	80002e28	02c28293	addi	x5,x5,44	  x5:0x80009f08  x5=0x80009f34
       23565000	      2355	80002e2c	f4f74193	xori	x3,x14,-177	 x14:0xfffffbc9  x3=0x00000486
       23575000	      2356	80002e30	015e9bb3	sll	x23,x29,x21	 x29:0xfffffff3 x21:0x00000008 x23=0xfffff300
       23585000	      2357	80002e34	00ae7e33	and	x28,x28,x10	 x28:0x00000001 x10:0x000003ed x28=0x00000001
       23595000	      2358	80002e38	00000013	addi	x0,x0,0	  x0:0x00000000
       23605000	      2359	80002e3c	000f0913	addi	x18,x30,0	 x30:0x80000564 x18=0x80000564
       23615000	      2360	80002e40	00090967	jalr	x18,x18,0	 x18:0x80000564 x18=0x80002e40
       23625000	      2361	00000000	00000013	addi	x0,x0,0	  x0:0x00000000
       23635000	      2362	80000564	00000013	addi	x0,x0,0	  x0:0x00000000
       23645000	      2363	80000568	01c23c33	sltu	x24,x4,x28	  x4:0x00000001 x28:0x00000001 x24=0x00000000
       23655000	      2364	8000056c	00003617	auipc	x12,0x3	 x12=0x80003568
       23665000	      2365	80000570	8d860613	addi	x12,x12,-1832	 x12:0x80003568 x12=0x80002e40
       23675000	      2366	80000574	019824b3	slt	x9,x16,x25	 x16:0xfffffd2d x25:0xfffffff7  x9=0x00000001
       23685000	      2367	80000578	9c025e97	auipc	x29,0x9c025	 x29=0x1c025574
       23695000	      2368	8000057c	41ce5a33	sra	x20,x28,x28	 x28:0x00000001 x28:0x00000001 x20=0x00000000
       23705000	      2369	80000580	01e11033	sll	x0,x2,x30	  x2:0x18d41000 x30:0x80000564
       23715000	      2370	80000584	011b3ab3	sltu	x21,x22,x17	 x22:0x00000001 x17:0x364dce10 x21=0x00000001
       23725000	      2371	80000588	01294333	xor	x6,x18,x18	 x18:0x80002e40 x18:0x80002e40  x6=0x00000000
       23735000	      2372	8000058c	00000013	addi	x0,x0,0	  x0:0x00000000
       23745000	      2373	80000590	10960613	addi	x12,x12,265	 x12:0x80002e40 x12=0x80002f49
       23755000	      2374	80000594	40a08e33	sub	x28,x1,x10	  x1:0x000001e9 x10:0x000003ed x28=0xfffffdfc
       23765000	      2375	80000598	01c471b3	and	x3,x8,x28	  x8:0xfffffe85 x28:0xfffffdfc  x3=0xfffffc84
       23775000	      2376	8000059c	ef760f67	jalr	x30,x12,-265	 x12:0x80002f49 x30=0x8000059c
       23785000	      2377	00000000	00000013	addi	x0,x0,0	  x0:0x00000000
       23795000	      2378	80002e40	00000013	addi	x0,x0,0	  x0:0x00000000
       23805000	      2379	80002e44	247be037	lui	x0,0x247be	
       23815000	      2380	80002e48	aa4ec017	auipc	x0,0xaa4ec	
       23825000	      2381	80002e4c	81ab3c93	sltiu	x25,x22,-2022	 x22:0x00000001 x25=0x00000001
       23835000	      2382	80002e50	007a8463	beq	x21,x7,80002e58	 x21:0x00000001  x7:0xe72bee9e
       23845000	      2383	80002e54	005e9213	slli	x4,x29,0x5	 x29:0x1c025574  x4=0x804aae80
       23855000	      2384	80002e58	ff428293	addi	x5,x5,-12	  x5:0x80009f34  x5=0x80009f28
       23865000	      2385	80002e5c	c7f06413	ori	x8,x0,-897	  x0:0x00000000  x8=0xfffffc7f
       23875000	      2386	80002e60	01e2a223	sw	x30,4(x5)	  x5:0x80009f28 x30:0x8000059c PA:0x80009f2c
       23885000	      2387	80002e64	00000013	addi	x0,x0,0	  x0:0x00000000
       23895000	      2388	80002e68	03dd6263	bltu	x26,x29,80002e8c	 x26:0x26142aee x29:0x1c025574
       23905000	      2389	80002e6c	003ba633	slt	x12,x23,x3	 x23:0xfffff300  x3:0xfffffc84 x12=0x00000001
       23915000	      2390	80002e70	02867663	bgeu	x12,x8,80002e9c	 x12:0x00000001  x8:0xfffffc7f
       23925000	      2391	80002e74	02e97463	bgeu	x18,x14,80002e9c	 x18:0x80002e40 x14:0xfffffbc9
       23935000	      2392	80002e78	f3394b93	xori	x23,x18,-205	 x18:0x80002e40 x23=0x7fffd173
       23945000	      2393	80002e7c	9fbe2a93	slti	x21,x28,-1541	 x28:0xfffffdfc x21=0x00000000
       23955000	      2394	80002e80	0255dc63	bge	x11,x5,80002eb8	 x11:0x80009fc4  x5:0x80009f28
       23965000	      2395	00000000	00000013	addi	x0,x0,0	  x0:0x00000000
       23975000	      2396	80002eb4	00000013	addi	x0,x0,0	  x0:0x00000000
       23985000	      2397	80002eb8	0048cbb3	xor	x23,x17,x4	 x17:0x364dce10  x4:0x804aae80 x23=0xb6076090
       23995000	      2398	80002ebc	01a46ab3	or	x21,x8,x26	  x8:0xfffffc7f x26:0x26142aee x21=0xfffffeff
       24005000	      2399	80002ec0	018ec863	blt	x29,x24,80002ed0	 x29:0x1c025574 x24:0x00000000
       24015000	      2400	80002ec4	03a18063	beq	x3,x26,80002ee4	  x3:0xfffffc84 x26:0x26142aee
       24025000	      2401	80002ec8	009239b3	sltu	x19,x4,x9	  x4:0x804aae80  x9:0x00000001 x19=0x00000000
       24035000	      2402	80002ecc	477e9e37	lui	x28,0x477e9	 x28=0x477e9000
       24045000	      2403	80002ed0	00b69233	sll	x4,x13,x11	 x13:0x845d5000 x11:0x80009fc4  x4=0x45d50000
       24055000	      2404	80002ed4	01a1b133	sltu	x2,x3,x26	  x3:0xfffffc84 x26:0x26142aee  x2=0x00000000
       24065000	      2405	80002ed8	00005fb3	srl	x31,x0,x0	  x0:0x00000000  x0:0x00000000 x31=0x00000000
       24075000	      2406	80002edc	d687c713	xori	x14,x15,-664	 x15:0x00000001 x14=0xfffffd69
       24085000	      2407	80002ee0	018e8233	add	x4,x29,x24	 x29:0x1c025574 x24:0x00000000  x4=0x1c025574
       24095000	      2408	80002ee4	01dfc663	blt	x31,x29,80002ef0	 x31:0x00000000 x29:0x1c025574
       24105000	      2409	00000000	00000013	addi	x0,x0,0	  x0:0x00000000
       24115000	      2410	80002eec	00000013	addi	x0,x0,0	  x0:0x00000000
       24125000	      2411	80002ef0	54f72793	slti	x15,x14,1359	 x14:0xfffffd69 x15=0x00000001
       24135000	      2412	80002ef4	0042af03	lw	x30,4(x5)	  x5:0x80009f28 x30=0x8000059c PA:0x80009f2c
       24145000	      2413	80002ef8	6f60c213	xori	x4,x1,1782	  x1:0x000001e9  x4=0x0000071f
       24155000	      2414	80002efc	00000013	addi	x0,x0,0	  x0:0x00000000
       24165000	      2415	80002f00	01105813	srli	x16,x0,0x11	  x0:0x00000000 x16=0x00000000
       24175000	      2416	80002f04	00c28293	addi	x5,x5,12	  x5:0x80009f28  x5=0x80009f34
       24185000	      2417	80002f08	01529833	sll	x16,x5,x21	  x5:0x80009f34 x21:0xfffffeff x16=0x00000000
       24195000	      2418	80002f0c	00ce89b3	add	x19,x29,x12	 x29:0x1c025574 x12:0x00000001 x19=0x1c025575
       24205000	      2419	80002f10	41c10233	sub	x4,x2,x28	  x2:0x00000000 x28:0x477e9000  x4=0xb8817000
       24215000	      2420	80002f14	01531fb3	sll	x31,x6,x21	  x6:0x00000000 x21:0xfffffeff x31=0x00000000
       24225000	      2421	80002f18	001f0b93	addi	x23,x30,1	 x30:0x8000059c x23=0x8000059d
       24235000	      2422	80002f1c	000b8be7	jalr	x23,x23,0	 x23:0x8000059d x23=0x80002f1c
       24245000	      2423	00000000	00000013	addi	x0,x0,0	  x0:0x00000000
       24255000	      2424	8000059c	00000013	addi	x0,x0,0	  x0:0x00000000
       24265000	      2425	800005a0	00002717	auipc	x14,0x2	 x14=0x8000259c
       24275000	      2426	800005a4	48470713	addi	x14,x14,1156	 x14:0x8000259c x14=0x80002a20
       24285000	      2427	800005a8	77e80793	addi	x15,x16,1918	 x16:0x00000000 x15=0x0000077e
       24295000	      2428	800005ac	d3e62b93	slti	x23,x12,-706	 x12:0x00000001 x23=0x00000000
       24305000	      2429	800005b0	0192d313	srli	x6,x5,0x19	  x5:0x80009f34  x6=0x00000040
       24315000	      2430	800005b4	ea170713	addi	x14,x14,-351	 x14:0x80002a20 x14=0x800028c1
       24325000	      2431	800005b8	00f65663	bge	x12,x15,800005c4	 x12:0x00000001 x15:0x0000077e
       24335000	      2432	800005bc	415fdb93	srai	x23,x31,0x15	 x31:0x00000000 x23=0x00000000
       24345000	      2433	800005c0	39f0a393	slti	x7,x1,927	  x1:0x000001e9  x7=0x00000001
       24355000	      2434	800005c4	15f70f67	jalr	x30,x14,351	 x14:0x800028c1 x30=0x800005c4
       24365000	      2435	00000000	00000013	addi	x0,x0,0	  x0:0x00000000
       24375000	      2436	80002a20	00000013	addi	x0,x0,0	  x0:0x00000000
       24385000	      2437	80002a24	00e704b3	add	x9,x14,x14	 x14:0x800028c1 x14:0x800028c1  x9=0x00005182
       24395000	      2438	80002a28	16d86c93	ori	x25,x16,365	 x16:0x00000000 x25=0x0000016d
       24405000	      2439	80002a2c	00fd5263	bge	x26,x15,80002a30	 x26:0x26142aee x15:0x0000077e
       24415000	      2440	00000000	00000013	addi	x0,x0,0	  x0:0x00000000
       24425000	      2441	80002a2c	00000013	addi	x0,x0,0	  x0:0x00000000
       24435000	      2442	80002a30	fd428293	addi	x5,x5,-44	  x5:0x80009f34  x5=0x80009f08
       24445000	      2443	80002a34	671de413	ori	x8,x27,1649	 x27:0x00000000  x8=0x00000671
       24455000	      2444	80002a38	015b0cb3	add	x25,x22,x21	 x22:0x00000001 x21:0xfffffeff x25=0xffffff00
       24465000	      2445	80002a3c	01e2a223	sw	x30,4(x5)	  x5:0x80009f08 x30:0x800005c4 PA:0x80009f0c
       24475000	      2446	80002a40	0049c9b3	xor	x19,x19,x4	 x19:0x1c025575  x4:0xb8817000 x19=0xa4832575
       24485000	      2447	80002a44	0055b033	sltu	x0,x11,x5	 x11:0x80009fc4  x5:0x80009f08
       24495000	      2448	80002a48	363a0913	addi	x18,x20,867	 x20:0x00000000 x18=0x00000363
       24505000	      2449	80002a4c	00600193	addi	x3,x0,6	  x0:0x00000000  x3=0x00000006
       24515000	      2450	80002a50	00062bb3	slt	x23,x12,x0	 x12:0x00000001  x0:0x00000000 x23=0x00000000
       24525000	      2451	80002a54	40625513	srai	x10,x4,0x6	  x4:0xb8817000 x10=0xfee205c0
       24535000	      2452	80002a58	002eb6b3	sltu	x13,x29,x2	 x29:0x1c025574  x2:0x00000000 x13=0x00000000
       24545000	      2453	80002a5c	58884ab7	lui	x21,0x58884	 x21=0x58884000
       24555000	      2454	80002a60	194f2b13	slti	x22,x30,404	 x30:0x800005c4 x22=0x00000001
       24565000	      2455	80002a64	00ac5393	srli	x7,x24,0xa	 x24:0x00000000  x7=0x00000000
       24575000	      2456	80002a68	aea17c97	auipc	x25,0xaea17	 x25=0x2ea19a64
       24585000	      2457	80002a6c	4084d6b3	sra	x13,x9,x8	  x9:0x00005182  x8:0x00000671 x13=0x00000000
       24595000	      2458	80002a70	00500d93	addi	x27,x0,5	  x0:0x00000000 x27=0x00000005
       24605000	      2459	80002a74	410dd233	sra	x4,x27,x16	 x27:0x00000005 x16:0x00000000  x4=0x00000005
       24615000	      2460	80002a78	c6c03637	lui	x12,0xc6c03	 x12=0xc6c03000
       24625000	      2461	80002a7c	006da933	slt	x18,x27,x6	 x27:0x00000005  x6:0x00000040 x18=0x00000001
       24635000	      2462	80002a80	01abdf93	srli	x31,x23,0x1a	 x23:0x00000000 x31=0x00000000
       24645000	      2463	80002a84	ffe18193	addi	x3,x3,-2	  x3:0x00000006  x3=0x00000004
       24655000	      2464	80002a88	0189d813	srli	x16,x19,0x18	 x19:0xa4832575 x16=0x000000a4
       24665000	      2465	80002a8c	ffb1f6e3	bgeu	x3,x27,80002a78	  x3:0x00000004 x27:0x00000005
       24675000	      2466	80002a90	004d59b3	srl	x19,x26,x4	 x26:0x26142aee  x4:0x00000005 x19=0x0130a157
       24685000	      2467	80002a94	00300793	addi	x15,x0,3	  x0:0x00000000 x15=0x00000003
       24695000	      2468	80002a98	005014b3	sll	x9,x0,x5	  x0:0x00000000  x5:0x80009f08  x9=0x00000000
       24705000	      2469	80002a9c	00800a93	addi	x21,x0,8	  x0:0x00000000 x21=0x00000008
       24715000	      2470	80002aa0	083f0393	addi	x7,x30,131	 x30:0x800005c4  x7=0x80000647
       24725000	      2471	80002aa4	00401db3	sll	x27,x0,x4	  x0:0x00000000  x4:0x00000005 x27=0x00000000
       24735000	      2472	80002aa8	00578793	addi	x15,x15,5	 x15:0x00000003 x15=0x00000008
       24745000	      2473	80002aac	00600213	addi	x4,x0,6	  x0:0x00000000  x4=0x00000006
       24755000	      2474	80002ab0	d1436313	ori	x6,x6,-748	  x6:0x00000040  x6=0xfffffd54
       24765000	      2475	80002ab4	75f4bc13	sltiu	x24,x9,1887	  x9:0x00000000 x24=0x00000001
       24775000	      2476	80002ab8	01669fb3	sll	x31,x13,x22	 x13:0x00000000 x22:0x00000001 x31=0x00000000
       24785000	      2477	80002abc	00ae7433	and	x8,x28,x10	 x28:0x477e9000 x10:0xfee205c0  x8=0x46620000
       24795000	      2478	80002ac0	418309b3	sub	x19,x6,x24	  x6:0xfffffd54 x24:0x00000001 x19=0xfffffd53
       24805000	      2479	80002ac4	00500513	addi	x10,x0,5	  x0:0x00000000 x10=0x00000005
       24815000	      2480	80002ac8	e18b0f93	addi	x31,x22,-488	 x22:0x00000001 x31=0xfffffe19
       24825000	      2481	80002acc	01fb4a33	xor	x20,x22,x31	 x22:0x00000001 x31:0xfffffe19 x20=0xfffffe18
       24835000	      2482	80002ad0	01a6d1b3	srl	x3,x13,x26	 x13:0x00000000 x26:0x26142aee  x3=0x00000000
       24845000	      2483	80002ad4	3c608c97	auipc	x25,0x3c608	 x25=0xbc60aad0
       24855000	      2484	80002ad8	3c490813	addi	x16,x18,964	 x18:0x00000001 x16=0x000003c5
       24865000	      2485	80002adc	016176b3	and	x13,x2,x22	  x2:0x00000000 x22:0x00000001 x13=0x00000000
       24875000	      2486	80002ae0	00703833	sltu	x16,x0,x7	  x0:0x00000000  x7:0x80000647 x16=0x00000001
       24885000	      2487	80002ae4	8e752e17	auipc	x28,0x8e752	 x28=0x0e754ae0
       24895000	      2488	80002ae8	006e2b33	slt	x22,x28,x6	 x28:0x0e754ae0  x6:0xfffffd54 x22=0x00000000
       24905000	      2489	80002aec	ffe20213	addi	x4,x4,-2	  x4:0x00000006  x4=0x00000004
       24915000	      2490	80002af0	0a653113	sltiu	x2,x10,166	 x10:0x00000005  x2=0x00000001
       24925000	      2491	80002af4	b6871e37	lui	x28,0xb6871	 x28=0xb6871000
       24935000	      2492	80002af8	41fc00b3	sub	x1,x24,x31	 x24:0x00000001 x31:0xfffffe19  x1=0x000001e8
       24945000	      2493	80002afc	4669b713	sltiu	x14,x19,1126	 x19:0xfffffd53 x14=0x00000000
       24955000	      2494	80002b00	eac30713	addi	x14,x6,-340	  x6:0xfffffd54 x14=0xfffffc00
       24965000	      2495	80002b04	fca27ce3	bgeu	x4,x10,80002adc	  x4:0x00000004 x10:0x00000005
       24975000	      2496	80002b08	41a5d013	srai	x0,x11,0x1a	 x11:0x80009fc4
       24985000	      2497	80002b0c	bc253c13	sltiu	x24,x10,-1086	 x10:0x00000005 x24=0x00000001
       24995000	      2498	80002b10	0135c1b3	xor	x3,x11,x19	 x11:0x80009fc4 x19:0xfffffd53  x3=0x7fff6297
       25005000	      2499	80002b14	35582913	slti	x18,x16,853	 x16:0x00000001 x18=0x00000001
       25015000	      2500	80002b18	f95784e3	beq	x15,x21,80002aa0	 x15:0x00000008 x21:0x00000008
       25025000	      2501	00000000	00000013	addi	x0,x0,0	  x0:0x00000000
       25035000	      2502	80002a9c	00000013	addi	x0,x0,0	  x0:0x00000000
       25045000	      2503	80002aa0	083f0393	addi	x7,x30,131	 x30:0x800005c4  x7=0x80000647
       25055000	      2504	80002aa4	00401db3	sll	x27,x0,x4	  x0:0x00000000  x4:0x00000004 x27=0x00000000
       25065000	      2505	80002aa8	00578793	addi	x15,x15,5	 x15:0x00000008 x15=0x0000000d
       25075000	      2506	80002aac	00600213	addi	x4,x0,6	  x0:0x00000000  x4=0x00000006
       25085000	      2507	80002ab0	d1436313	ori	x6,x6,-748	  x6:0xfffffd54  x6=0xfffffd54
       25095000	      2508	80002ab4	75f4bc13	sltiu	x24,x9,1887	  x9:0x00000000 x24=0x00000001
       25105000	      2509	80002ab8	01669fb3	sll	x31,x13,x22	 x13:0x00000000 x22:0x00000000 x31=0x00000000
       25115000	      2510	80002abc	00ae7433	and	x8,x28,x10	 x28:0xb6871000 x10:0x00000005  x8=0x00000000
       25125000	      2511	80002ac0	418309b3	sub	x19,x6,x24	  x6:0xfffffd54 x24:0x00000001 x19=0xfffffd53
       25135000	      2512	80002ac4	00500513	addi	x10,x0,5	  x0:0x00000000 x10=0x00000005
       25145000	      2513	80002ac8	e18b0f93	addi	x31,x22,-488	 x22:0x00000000 x31=0xfffffe18
       25155000	      2514	80002acc	01fb4a33	xor	x20,x22,x31	 x22:0x00000000 x31:0xfffffe18 x20=0xfffffe18
       25165000	      2515	80002ad0	01a6d1b3	srl	x3,x13,x26	 x13:0x00000000 x26:0x26142aee  x3=0x00000000
       25175000	      2516	80002ad4	3c608c97	auipc	x25,0x3c608	 x25=0xbc60aad0
       25185000	      2517	80002ad8	3c490813	addi	x16,x18,964	 x18:0x00000001 x16=0x000003c5
       25195000	      2518	80002adc	016176b3	and	x13,x2,x22	  x2:0x00000001 x22:0x00000000 x13=0x00000000
       25205000	      2519	80002ae0	00703833	sltu	x16,x0,x7	  x0:0x00000000  x7:0x80000647 x16=0x00000001
       25215000	      2520	80002ae4	8e752e17	auipc	x28,0x8e752	 x28=0x0e754ae0
       25225000	      2521	80002ae8	006e2b33	slt	x22,x28,x6	 x28:0x0e754ae0  x6:0xfffffd54 x22=0x00000000
       25235000	      2522	80002aec	ffe20213	addi	x4,x4,-2	  x4:0x00000006  x4=0x00000004
       25245000	      2523	80002af0	0a653113	sltiu	x2,x10,166	 x10:0x00000005  x2=0x00000001
       25255000	      2524	80002af4	b6871e37	lui	x28,0xb6871	 x28=0xb6871000
       25265000	      2525	80002af8	41fc00b3	sub	x1,x24,x31	 x24:0x00000001 x31:0xfffffe18  x1=0x000001e9
       25275000	      2526	80002afc	4669b713	sltiu	x14,x19,1126	 x19:0xfffffd53 x14=0x00000000
       25285000	      2527	80002b00	eac30713	addi	x14,x6,-340	  x6:0xfffffd54 x14=0xfffffc00
       25295000	      2528	80002b04	fca27ce3	bgeu	x4,x10,80002adc	  x4:0x00000004 x10:0x00000005
       25305000	      2529	80002b08	41a5d013	srai	x0,x11,0x1a	 x11:0x80009fc4
       25315000	      2530	80002b0c	bc253c13	sltiu	x24,x10,-1086	 x10:0x00000005 x24=0x00000001
       25325000	      2531	80002b10	0135c1b3	xor	x3,x11,x19	 x11:0x80009fc4 x19:0xfffffd53  x3=0x7fff6297
       25335000	      2532	80002b14	35582913	slti	x18,x16,853	 x16:0x00000001 x18=0x00000001
       25345000	      2533	80002b18	f95784e3	beq	x15,x21,80002aa0	 x15:0x0000000d x21:0x00000008
       25355000	      2534	80002b1c	24e9e913	ori	x18,x19,590	 x19:0xfffffd53 x18=0xffffff5f
       25365000	      2535	80002b20	00900c93	addi	x25,x0,9	  x0:0x00000000 x25=0x00000009
       25375000	      2536	80002b24	ff900913	addi	x18,x0,-7	  x0:0x00000000 x18=0xfffffff9
       25385000	      2537	80002b28	00f6b133	sltu	x2,x13,x15	 x13:0x00000000 x15:0x0000000d  x2=0x00000001
       25395000	      2538	80002b2c	ffec8c93	addi	x25,x25,-2	 x25:0x00000009 x25=0x00000007
       25405000	      2539	80002b30	ff2cdce3	bge	x25,x18,80002b28	 x25:0x00000007 x18:0xfffffff9
       25415000	      2540	00000000	00000013	addi	x0,x0,0	  x0:0x00000000
       25425000	      2541	80002b24	00000013	addi	x0,x0,0	  x0:0x00000000
       25435000	      2542	80002b28	00f6b133	sltu	x2,x13,x15	 x13:0x00000000 x15:0x0000000d  x2=0x00000001
       25445000	      2543	80002b2c	ffec8c93	addi	x25,x25,-2	 x25:0x00000007 x25=0x00000005
       25455000	      2544	80002b30	ff2cdce3	bge	x25,x18,80002b28	 x25:0x00000005 x18:0xfffffff9
       25465000	      2545	00000000	00000013	addi	x0,x0,0	  x0:0x00000000
       25475000	      2546	80002b24	00000013	addi	x0,x0,0	  x0:0x00000000
       25485000	      2547	80002b28	00f6b133	sltu	x2,x13,x15	 x13:0x00000000 x15:0x0000000d  x2=0x00000001
       25495000	      2548	80002b2c	ffec8c93	addi	x25,x25,-2	 x25:0x00000005 x25=0x00000003
       25505000	      2549	80002b30	ff2cdce3	bge	x25,x18,80002b28	 x25:0x00000003 x18:0xfffffff9
       25515000	      2550	00000000	00000013	addi	x0,x0,0	  x0:0x00000000
       25525000	      2551	80002b24	00000013	addi	x0,x0,0	  x0:0x00000000
       25535000	      2552	80002b28	00f6b133	sltu	x2,x13,x15	 x13:0x00000000 x15:0x0000000d  x2=0x00000001
       25545000	      2553	80002b2c	ffec8c93	addi	x25,x25,-2	 x25:0x00000003 x25=0x00000001
       25555000	      2554	80002b30	ff2cdce3	bge	x25,x18,80002b28	 x25:0x00000001 x18:0xfffffff9
       25565000	      2555	00000000	00000013	addi	x0,x0,0	  x0:0x00000000
       25575000	      2556	80002b24	00000013	addi	x0,x0,0	  x0:0x00000000
       25585000	      2557	80002b28	00f6b133	sltu	x2,x13,x15	 x13:0x00000000 x15:0x0000000d  x2=0x00000001
       25595000	      2558	80002b2c	ffec8c93	addi	x25,x25,-2	 x25:0x00000001 x25=0xffffffff
       25605000	      2559	80002b30	ff2cdce3	bge	x25,x18,80002b28	 x25:0xffffffff x18:0xfffffff9
       25615000	      2560	00000000	00000013	addi	x0,x0,0	  x0:0x00000000
       25625000	      2561	80002b24	00000013	addi	x0,x0,0	  x0:0x00000000
       25635000	      2562	80002b28	00f6b133	sltu	x2,x13,x15	 x13:0x00000000 x15:0x0000000d  x2=0x00000001
       25645000	      2563	80002b2c	ffec8c93	addi	x25,x25,-2	 x25:0xffffffff x25=0xfffffffd
       25655000	      2564	80002b30	ff2cdce3	bge	x25,x18,80002b28	 x25:0xfffffffd x18:0xfffffff9
       25665000	      2565	00000000	00000013	addi	x0,x0,0	  x0:0x00000000
       25675000	      2566	80002b24	00000013	addi	x0,x0,0	  x0:0x00000000
       25685000	      2567	80002b28	00f6b133	sltu	x2,x13,x15	 x13:0x00000000 x15:0x0000000d  x2=0x00000001
       25695000	      2568	80002b2c	ffec8c93	addi	x25,x25,-2	 x25:0xfffffffd x25=0xfffffffb
       25705000	      2569	80002b30	ff2cdce3	bge	x25,x18,80002b28	 x25:0xfffffffb x18:0xfffffff9
       25715000	      2570	00000000	00000013	addi	x0,x0,0	  x0:0x00000000
       25725000	      2571	80002b24	00000013	addi	x0,x0,0	  x0:0x00000000
       25735000	      2572	80002b28	00f6b133	sltu	x2,x13,x15	 x13:0x00000000 x15:0x0000000d  x2=0x00000001
       25745000	      2573	80002b2c	ffec8c93	addi	x25,x25,-2	 x25:0xfffffffb x25=0xfffffff9
       25755000	      2574	80002b30	ff2cdce3	bge	x25,x18,80002b28	 x25:0xfffffff9 x18:0xfffffff9
       25765000	      2575	00000000	00000013	addi	x0,x0,0	  x0:0x00000000
       25775000	      2576	80002b24	00000013	addi	x0,x0,0	  x0:0x00000000
       25785000	      2577	80002b28	00f6b133	sltu	x2,x13,x15	 x13:0x00000000 x15:0x0000000d  x2=0x00000001
       25795000	      2578	80002b2c	ffec8c93	addi	x25,x25,-2	 x25:0xfffffff9 x25=0xfffffff7
       25805000	      2579	80002b30	ff2cdce3	bge	x25,x18,80002b28	 x25:0xfffffff7 x18:0xfffffff9
       25815000	      2580	80002b34	82796313	ori	x6,x18,-2009	 x18:0xfffffff9  x6=0xffffffff
       25825000	      2581	80002b38	00e1ef33	or	x30,x3,x14	  x3:0x7fff6297 x14:0xfffffc00 x30=0xfffffe97
       25835000	      2582	80002b3c	02ae1063	bne	x28,x10,80002b5c	 x28:0xb6871000 x10:0x00000005
       25845000	      2583	00000000	00000013	addi	x0,x0,0	  x0:0x00000000
       25855000	      2584	80002b58	00000013	addi	x0,x0,0	  x0:0x00000000
       25865000	      2585	80002b5c	00000013	addi	x0,x0,0	  x0:0x00000000
       25875000	      2586	80002b60	0ed18793	addi	x15,x3,237	  x3:0x7fff6297 x15=0x7fff6384
       25885000	      2587	80002b64	009c5c33	srl	x24,x24,x9	 x24:0x00000001  x9:0x00000000 x24=0x00000001
       25895000	      2588	80002b68	00870c63	beq	x14,x8,80002b80	 x14:0xfffffc00  x8:0x00000000
       25905000	      2589	80002b6c	012e2c33	slt	x24,x28,x18	 x28:0xb6871000 x18:0xfffffff9 x24=0x00000001
       25915000	      2590	80002b70	03af9c63	bne	x31,x26,80002ba8	 x31:0xfffffe18 x26:0x26142aee
       25925000	      2591	00000000	00000013	addi	x0,x0,0	  x0:0x00000000
       25935000	      2592	80002ba4	00000013	addi	x0,x0,0	  x0:0x00000000
       25945000	      2593	80002ba8	01746e33	or	x28,x8,x23	  x8:0x00000000 x23:0x00000000 x28=0x00000000
       25955000	      2594	80002bac	01324fb3	xor	x31,x4,x19	  x4:0x00000004 x19:0xfffffd53 x31=0xfffffd57
       25965000	      2595	80002bb0	005826b3	slt	x13,x16,x5	 x16:0x00000001  x5:0x80009f08 x13=0x00000000
       25975000	      2596	80002bb4	004ccbb3	xor	x23,x25,x4	 x25:0xfffffff7  x4:0x00000004 x23=0xfffffff3
       25985000	      2597	80002bb8	052a1663	bne	x20,x18,80002c04	 x20:0xfffffe18 x18:0xfffffff9
       25995000	      2598	00000000	00000013	addi	x0,x0,0	  x0:0x00000000
       26005000	      2599	80002c00	00000013	addi	x0,x0,0	  x0:0x00000000
       26015000	      2600	80002c04	01ec5393	srli	x7,x24,0x1e	 x24:0x00000001  x7=0x00000000
       26025000	      2601	80002c08	036ff263	bgeu	x31,x22,80002c2c	 x31:0xfffffd57 x22:0x00000000
       26035000	      2602	00000000	00000013	addi	x0,x0,0	  x0:0x00000000
       26045000	      2603	80002c28	00000013	addi	x0,x0,0	  x0:0x00000000
       26055000	      2604	80002c2c	0181e4b3	or	x9,x3,x24	  x3:0x7fff6297 x24:0x00000001  x9=0x7fff6297
       26065000	      2605	80002c30	18d41137	lui	x2,0x18d41	  x2=0x18d41000
       26075000	      2606	80002c34	036c1063	bne	x24,x22,80002c54	 x24:0x00000001 x22:0x00000000
       26085000	      2607	00000000	00000013	addi	x0,x0,0	  x0:0x00000000
       26095000	      2608	80002c50	00000013	addi	x0,x0,0	  x0:0x00000000
       26105000	      2609	80002c54	0177af33	slt	x30,x15,x23	 x15:0x7fff6384 x23:0xfffffff3 x30=0x00000000
       26115000	      2610	80002c58	00eaee63	bltu	x21,x14,80002c74	 x21:0x00000008 x14:0xfffffc00
       26125000	      2611	00000000	00000013	addi	x0,x0,0	  x0:0x00000000
       26135000	      2612	80002c70	00000013	addi	x0,x0,0	  x0:0x00000000
       26145000	      2613	80002c74	05b66263	bltu	x12,x27,80002cb8	 x12:0xc6c03000 x27:0x00000000
       26155000	      2614	80002c78	00a69a33	sll	x20,x13,x10	 x13:0x00000000 x10:0x00000005 x20=0x00000000
       26165000	      2615	80002c7c	04044063	blt	x8,x0,80002cbc	  x8:0x00000000  x0:0x00000000
       26175000	      2616	80002c80	014f5c33	srl	x24,x30,x20	 x30:0x00000000 x20:0x00000000 x24=0x00000000
       26185000	      2617	80002c84	c864f893	andi	x17,x9,-890	  x9:0x7fff6297 x17=0x7fff6086
       26195000	      2618	80002c88	2ace6193	ori	x3,x28,684	 x28:0x00000000  x3=0x000002ac
       26205000	      2619	80002c8c	01078b33	add	x22,x15,x16	 x15:0x7fff6384 x16:0x00000001 x22=0x7fff6385
       26215000	      2620	80002c90	0ca84b13	xori	x22,x16,202	 x16:0x00000001 x22=0x000000cb
       26225000	      2621	80002c94	01dc9f33	sll	x30,x25,x29	 x25:0xfffffff7 x29:0x1c025574 x30=0xff700000
       26235000	      2622	80002c98	01e45413	srli	x8,x8,0x1e	  x8:0x00000000  x8=0x00000000
       26245000	      2623	80002c9c	0096d313	srli	x6,x13,0x9	 x13:0x00000000  x6=0x00000000
       26255000	      2624	80002ca0	00a45a63	bge	x8,x10,80002cb4	  x8:0x00000000 x10:0x00000005
       26265000	      2625	80002ca4	01629c63	bne	x5,x22,80002cbc	  x5:0x80009f08 x22:0x000000cb
       26275000	      2626	00000000	00000013	addi	x0,x0,0	  x0:0x00000000
       26285000	      2627	80002cb8	00000013	addi	x0,x0,0	  x0:0x00000000
       26295000	      2628	80002cbc	03a3d463	bge	x7,x26,80002ce4	  x7:0x00000000 x26:0x26142aee
       26305000	      2629	80002cc0	40c7d233	sra	x4,x15,x12	 x15:0x7fff6384 x12:0xc6c03000  x4=0x7fff6384
       26315000	      2630	80002cc4	823c3b13	sltiu	x22,x24,-2013	 x24:0x00000000 x22=0x00000001
       26325000	      2631	80002cc8	40335993	srai	x19,x6,0x3	  x6:0x00000000 x19=0x00000000
       26335000	      2632	80002ccc	c2823793	sltiu	x15,x4,-984	  x4:0x7fff6384 x15=0x00000001
       26345000	      2633	80002cd0	00343b33	sltu	x22,x8,x3	  x8:0x00000000  x3:0x000002ac x22=0x00000001
       26355000	      2634	80002cd4	845d56b7	lui	x13,0x845d5	 x13=0x845d5000
       26365000	      2635	80002cd8	006f1513	slli	x10,x30,0x6	 x30:0xff700000 x10=0xdc000000
       26375000	      2636	80002cdc	00c621b3	slt	x3,x12,x12	 x12:0xc6c03000 x12:0xc6c03000  x3=0x00000000
       26385000	      2637	80002ce0	01049f33	sll	x30,x9,x16	  x9:0x7fff6297 x16:0x00000001 x30=0xfffec52e
       26395000	      2638	80002ce4	00a31233	sll	x4,x6,x10	  x6:0x00000000 x10:0xdc000000  x4=0x00000000
       26405000	      2639	80002ce8	003cd513	srli	x10,x25,0x3	 x25:0xfffffff7 x10=0x1ffffffe
       26415000	      2640	80002cec	a41bee93	ori	x29,x23,-1471	 x23:0xfffffff3 x29=0xfffffff3
       26425000	      2641	80002cf0	b827eb93	ori	x23,x15,-1150	 x15:0x00000001 x23=0xfffffb83
       26435000	      2642	80002cf4	03511263	bne	x2,x21,80002d18	  x2:0x18d41000 x21:0x00000008
       26445000	      2643	00000000	00000013	addi	x0,x0,0	  x0:0x00000000
       26455000	      2644	80002d14	00000013	addi	x0,x0,0	  x0:0x00000000
       26465000	      2645	80002d18	043ef863	bgeu	x29,x3,80002d68	 x29:0xfffffff3  x3:0x00000000
       26475000	      2646	00000000	00000013	addi	x0,x0,0	  x0:0x00000000
       26485000	      2647	80002d64	00000013	addi	x0,x0,0	  x0:0x00000000
       26495000	      2648	80002d68	0bc34f93	xori	x31,x6,188	  x6:0x00000000 x31=0x000000bc
       26505000	      2649	80002d6c	0528d063	bge	x17,x18,80002dac	 x17:0x7fff6086 x18:0xfffffff9
       26515000	      2650	00000000	00000013	addi	x0,x0,0	  x0:0x00000000
       26525000	      2651	80002da8	00000013	addi	x0,x0,0	  x0:0x00000000
       26535000	      2652	80002dac	e9e14393	xori	x7,x2,-354	  x2:0x18d41000  x7=0xe72bee9e
       26545000	      2653	80002db0	03458a63	beq	x11,x20,80002de4	 x11:0x80009fc4 x20:0x00000000
       26555000	      2654	80002db4	e84e4413	xori	x8,x28,-380	 x28:0x00000000  x8=0xfffffe84
       26565000	      2655	80002db8	01fa9c63	bne	x21,x31,80002dd0	 x21:0x00000008 x31:0x000000bc
       26575000	      2656	00000000	00000013	addi	x0,x0,0	  x0:0x00000000
       26585000	      2657	80002dcc	00000013	addi	x0,x0,0	  x0:0x00000000
       26595000	      2658	80002dd0	0492f063	bgeu	x5,x9,80002e10	  x5:0x80009f08  x9:0x7fff6297
       26605000	      2659	00000000	00000013	addi	x0,x0,0	  x0:0x00000000
       26615000	      2660	80002e0c	00000013	addi	x0,x0,0	  x0:0x00000000
       26625000	      2661	80002e10	405b59b3	sra	x19,x22,x5	 x22:0x00000001  x5:0x80009f08 x19=0x00000000
       26635000	      2662	80002e14	b64da897	auipc	x17,0xb64da	 x17=0x364dce10
       26645000	      2663	80002e18	3edc0513	addi	x10,x24,1005	 x24:0x00000000 x10=0x000003ed
       26655000	      2664	80002e1c	00f1b233	sltu	x4,x3,x15	  x3:0x00000000 x15:0x00000001  x4=0x00000001
       26665000	      2665	80002e20	d2d6e813	ori	x16,x13,-723	 x13:0x845d5000 x16=0xfffffd2d
       26675000	      2666	80002e24	0042af03	lw	x30,4(x5)	  x5:0x80009f08 x30=0x800005c4 PA:0x80009f0c
       26685000	      2667	80002e28	02c28293	addi	x5,x5,44	  x5:0x80009f08  x5=0x80009f34
       26695000	      2668	80002e2c	f4f74193	xori	x3,x14,-177	 x14:0xfffffc00  x3=0x0000034f
       26705000	      2669	80002e30	015e9bb3	sll	x23,x29,x21	 x29:0xfffffff3 x21:0x00000008 x23=0xfffff300
       26715000	      2670	80002e34	00ae7e33	and	x28,x28,x10	 x28:0x00000000 x10:0x000003ed x28=0x00000000
       26725000	      2671	80002e38	00000013	addi	x0,x0,0	  x0:0x00000000
       26735000	      2672	80002e3c	000f0913	addi	x18,x30,0	 x30:0x800005c4 x18=0x800005c4
       26745000	      2673	80002e40	00090967	jalr	x18,x18,0	 x18:0x800005c4 x18=0x80002e40
       26755000	      2674	00000000	00000013	addi	x0,x0,0	  x0:0x00000000
       26765000	      2675	800005c4	00000013	addi	x0,x0,0	  x0:0x00000000
       26775000	      2676	800005c8	01d41d93	slli	x27,x8,0x1d	  x8:0xfffffe84 x27=0x80000000
       26785000	      2677	800005cc	01d0f233	and	x4,x1,x29	  x1:0x000001e9 x29:0xfffffff3  x4=0x000001e1
       26795000	      2678	800005d0	00301e33	sll	x28,x0,x3	  x0:0x00000000  x3:0x0000034f x28=0x00000000
       26805000	      2679	800005d4	7233bb93	sltiu	x23,x7,1827	  x7:0xe72bee9e x23=0x00000000
       26815000	      2680	800005d8	411c8033	sub	x0,x25,x17	 x25:0xfffffff7 x17:0x364dce10
       26825000	      2681	800005dc	1e914093	xori	x1,x2,489	  x2:0x18d41000  x1=0x18d411e9
       26835000	      2682	800005e0	0042f6b3	and	x13,x5,x4	  x5:0x80009f34  x4:0x000001e1 x13=0x00000120
       26845000	      2683	800005e4	17b86e93	ori	x29,x16,379	 x16:0xfffffd2d x29=0xfffffd7f
       26855000	      2684	800005e8	04ff8263	beq	x31,x15,8000062c	 x31:0x000000bc x15:0x00000001
       26865000	      2685	800005ec	70933013	sltiu	x0,x6,1801	  x6:0x00000000
       26875000	      2686	800005f0	41cad493	srai	x9,x21,0x1c	 x21:0x00000008  x9=0x00000000
       26885000	      2687	800005f4	3be0cf13	xori	x30,x1,958	  x1:0x18d411e9 x30=0x18d41257
       26895000	      2688	800005f8	054bf863	bgeu	x23,x20,80000648	 x23:0x00000000 x20:0x00000000
       26905000	      2689	00000000	00000013	addi	x0,x0,0	  x0:0x00000000
       26915000	      2690	80000644	00000013	addi	x0,x0,0	  x0:0x00000000
       26925000	      2691	80000648	00ca2f33	slt	x30,x20,x12	 x20:0x00000000 x12:0xc6c03000 x30=0x00000000
       26935000	      2692	8000064c	cf3e8113	addi	x2,x29,-781	 x29:0xfffffd7f  x2=0xfffffa72
       26945000	      2693	80000650	007b1263	bne	x22,x7,80000654	 x22:0x00000001  x7:0xe72bee9e
       26955000	      2694	00000000	00000013	addi	x0,x0,0	  x0:0x00000000
       26965000	      2695	80000650	00000013	addi	x0,x0,0	  x0:0x00000000
       26975000	      2696	80000654	1b8b9f17	auipc	x30,0x1b8b9	 x30=0x9b8b9650
       26985000	      2697	80000658	2a928313	addi	x6,x5,681	  x5:0x80009f34  x6=0x8000a1dd
       26995000	      2698	8000065c	bfb53113	sltiu	x2,x10,-1029	 x10:0x000003ed  x2=0x00000001
       27005000	      2699	80000660	0042af03	lw	x30,4(x5)	  x5:0x80009f34 x30=0x800022a8 PA:0x80009f38
       27015000	      2700	80000664	01028293	addi	x5,x5,16	  x5:0x80009f34  x5=0x80009f44
       27025000	      2701	80000668	e3d17193	andi	x3,x2,-451	  x2:0x00000001  x3=0x00000001
       27035000	      2702	8000066c	000f0613	addi	x12,x30,0	 x30:0x800022a8 x12=0x800022a8
       27045000	      2703	80000670	00060667	jalr	x12,x12,0	 x12:0x800022a8 x12=0x80000670
       27055000	      2704	00000000	00000013	addi	x0,x0,0	  x0:0x00000000
       27065000	      2705	800022a8	00000013	addi	x0,x0,0	  x0:0x00000000
       27075000	      2706	800022ac	403cda33	sra	x20,x25,x3	 x25:0xfffffff7  x3:0x00000001 x20=0xfffffffb
       27085000	      2707	800022b0	01089893	slli	x17,x17,0x10	 x17:0x364dce10 x17=0xce100000
       27095000	      2708	800022b4	323e6793	ori	x15,x28,803	 x28:0x00000000 x15=0x00000323
       27105000	      2709	800022b8	69fe2313	slti	x6,x28,1695	 x28:0x00000000  x6=0x00000001
       27115000	      2710	800022bc	215de113	ori	x2,x27,533	 x27:0x80000000  x2=0x80000215
       27125000	      2711	800022c0	00582033	slt	x0,x16,x5	 x16:0xfffffd2d  x5:0x80009f44
       27135000	      2712	800022c4	036fd663	bge	x31,x22,800022f0	 x31:0x000000bc x22:0x00000001
       27145000	      2713	00000000	00000013	addi	x0,x0,0	  x0:0x00000000
       27155000	      2714	800022ec	00000013	addi	x0,x0,0	  x0:0x00000000
       27165000	      2715	800022f0	00c15793	srli	x15,x2,0xc	  x2:0x80000215 x15=0x00080000
       27175000	      2716	800022f4	2abc4993	xori	x19,x24,683	 x24:0x00000000 x19=0x000002ab
       27185000	      2717	800022f8	00c2ab33	slt	x22,x5,x12	  x5:0x80009f44 x12:0x80000670 x22=0x00000000
       27195000	      2718	800022fc	413cd733	sra	x14,x25,x19	 x25:0xfffffff7 x19:0x000002ab x14=0xffffffff
       27205000	      2719	80002300	00d7d393	srli	x7,x15,0xd	 x15:0x00080000  x7=0x00000040
       27215000	      2720	80002304	ebe48393	addi	x7,x9,-322	  x9:0x00000000  x7=0xfffffebe
       27225000	      2721	80002308	011ed463	bge	x29,x17,80002310	 x29:0xfffffd7f x17:0xce100000
       27235000	      2722	00000000	00000013	addi	x0,x0,0	  x0:0x00000000
       27245000	      2723	8000230c	00000013	addi	x0,x0,0	  x0:0x00000000
       27255000	      2724	80002310	0567e693	ori	x13,x15,86	 x15:0x00080000 x13=0x00080056
       27265000	      2725	80002314	00676933	or	x18,x14,x6	 x14:0xffffffff  x6:0x00000001 x18=0xffffffff
       27275000	      2726	80002318	00aed663	bge	x29,x10,80002324	 x29:0xfffffd7f x10:0x000003ed
       27285000	      2727	8000231c	01668633	add	x12,x13,x22	 x13:0x00080056 x22:0x00000000 x12=0x00080056
       27295000	      2728	80002320	01469bb3	sll	x23,x13,x20	 x13:0x00080056 x20:0xfffffffb x23=0xb0000000
       27305000	      2729	80002324	c4f62237	lui	x4,0xc4f62	  x4=0xc4f62000
       27315000	      2730	80002328	00635913	srli	x18,x6,0x6	  x6:0x00000001 x18=0x00000000
       27325000	      2731	8000232c	017473b3	and	x7,x8,x23	  x8:0xfffffe84 x23:0xb0000000  x7=0xb0000000
       27335000	      2732	80002330	01b35493	srli	x9,x6,0x1b	  x6:0x00000001  x9=0x00000000
       27345000	      2733	80002334	6c017b93	andi	x23,x2,1728	  x2:0x80000215 x23=0x00000200
       27355000	      2734	80002338	03e2de63	bge	x5,x30,80002374	  x5:0x80009f44 x30:0x800022a8
       27365000	      2735	00000000	00000013	addi	x0,x0,0	  x0:0x00000000
       27375000	      2736	80002370	00000013	addi	x0,x0,0	  x0:0x00000000
       27385000	      2737	80002374	041d6e13	ori	x28,x26,65	 x26:0x26142aee x28=0x26142aef
       27395000	      2738	80002378	33134e93	xori	x29,x6,817	  x6:0x00000001 x29=0x00000330
       27405000	      2739	8000237c	f423ea37	lui	x20,0xf423e	 x20=0xf423e000
       27415000	      2740	80002380	01d1c8b3	xor	x17,x3,x29	  x3:0x00000001 x29:0x00000330 x17=0x00000331
       27425000	      2741	80002384	db6f3d93	sltiu	x27,x30,-586	 x30:0x800022a8 x27=0x00000001
       27435000	      2742	80002388	a855ee17	auipc	x28,0xa855e	 x28=0x28560384
       27445000	      2743	8000238c	00733bb3	sltu	x23,x6,x7	  x6:0x00000001  x7:0xb0000000 x23=0x00000001
       27455000	      2744	80002390	00bdb8b3	sltu	x17,x27,x11	 x27:0x00000001 x11:0x80009fc4 x17=0x00000001
       27465000	      2745	80002394	413156b3	sra	x13,x2,x19	  x2:0x80000215 x19:0x000002ab x13=0xfff00000
       27475000	      2746	80002398	40ac59b3	sra	x19,x24,x10	 x24:0x00000000 x10:0x000003ed x19=0x00000000
       27485000	      2747	8000239c	05c2ae17	auipc	x28,0x5c2a	 x28=0x85c2c398
       27495000	      2748	800023a0	00694133	xor	x2,x18,x6	 x18:0x00000000  x6:0x00000001  x2=0x00000001
       27505000	      2749	800023a4	ba77c513	xori	x10,x15,-1113	 x15:0x00080000 x10=0xfff7fba7
       27515000	      2750	800023a8	cba73e93	sltiu	x29,x14,-838	 x14:0xffffffff x29=0x00000000
       27525000	      2751	800023ac	04b8d663	bge	x17,x11,800023f8	 x17:0x00000001 x11:0x80009fc4
       27535000	      2752	00000000	00000013	addi	x0,x0,0	  x0:0x00000000
       27545000	      2753	800023f4	00000013	addi	x0,x0,0	  x0:0x00000000
       27555000	      2754	800023f8	00cbd933	srl	x18,x23,x12	 x23:0x00000001 x12:0x00080056 x18=0x00000000
       27565000	      2755	800023fc	1fda8c13	addi	x24,x21,509	 x21:0x00000008 x24=0x00000205
       27575000	      2756	80002400	003a1813	slli	x16,x20,0x3	 x20:0xf423e000 x16=0xa11f0000
       27585000	      2757	80002404	e2490637	lui	x12,0xe2490	 x12=0xe2490000
       27595000	      2758	80002408	454a50b7	lui	x1,0x454a5	  x1=0x454a5000
       27605000	      2759	8000240c	033d5863	bge	x26,x19,8000243c	 x26:0x26142aee x19:0x00000000
       27615000	      2760	00000000	00000013	addi	x0,x0,0	  x0:0x00000000
       27625000	      2761	80002438	00000013	addi	x0,x0,0	  x0:0x00000000
       27635000	      2762	8000243c	f0932a13	slti	x20,x6,-247	  x6:0x00000001 x20=0x00000000
       27645000	      2763	80002440	01ef7cb3	and	x25,x30,x30	 x30:0x800022a8 x30:0x800022a8 x25=0x800022a8
       27655000	      2764	80002444	01e2d493	srli	x9,x5,0x1e	  x5:0x80009f44  x9=0x00000002
       27665000	      2765	80002448	02ded663	bge	x29,x13,80002474	 x29:0x00000000 x13:0xfff00000
       27675000	      2766	00000000	00000013	addi	x0,x0,0	  x0:0x00000000
       27685000	      2767	80002470	00000013	addi	x0,x0,0	  x0:0x00000000
       27695000	      2768	80002474	415d5e93	srai	x29,x26,0x15	 x26:0x26142aee x29=0x00000130
       27705000	      2769	80002478	00317db3	and	x27,x2,x3	  x2:0x00000001  x3:0x00000001 x27=0x00000001
       27715000	      2770	8000247c	f6fa0b13	addi	x22,x20,-145	 x20:0x00000000 x22=0xffffff6f
       27725000	      2771	80002480	4069d4b3	sra	x9,x19,x6	 x19:0x00000000  x6:0x00000001  x9=0x00000000
       27735000	      2772	80002484	8b6ca813	slti	x16,x25,-1866	 x25:0x800022a8 x16=0x00000001
       27745000	      2773	80002488	e80efa13	andi	x20,x29,-384	 x29:0x00000130 x20=0x00000000
       27755000	      2774	8000248c	52fd3793	sltiu	x15,x26,1327	 x26:0x26142aee x15=0x00000000
       27765000	      2775	80002490	03e91063	bne	x18,x30,800024b0	 x18:0x00000000 x30:0x800022a8
       27775000	      2776	00000000	00000013	addi	x0,x0,0	  x0:0x00000000
       27785000	      2777	800024ac	00000013	addi	x0,x0,0	  x0:0x00000000
       27795000	      2778	800024b0	02785a63	bge	x16,x7,800024e4	 x16:0x00000001  x7:0xb0000000
       27805000	      2779	00000000	00000013	addi	x0,x0,0	  x0:0x00000000
       27815000	      2780	800024e0	00000013	addi	x0,x0,0	  x0:0x00000000
       27825000	      2781	800024e4	cbba4693	xori	x13,x20,-837	 x20:0x00000000 x13=0xfffffcbb
       27835000	      2782	800024e8	00000013	addi	x0,x0,0	  x0:0x00000000
       27845000	      2783	800024ec	01f771b3	and	x3,x14,x31	 x14:0xffffffff x31:0x000000bc  x3=0x000000bc
       27855000	      2784	800024f0	00c4ab33	slt	x22,x9,x12	  x9:0x00000000 x12:0xe2490000 x22=0x00000000
       27865000	      2785	800024f4	40120e33	sub	x28,x4,x1	  x4:0xc4f62000  x1:0x454a5000 x28=0x7fabd000
       27875000	      2786	800024f8	8b43a837	lui	x16,0x8b43a	 x16=0x8b43a000
       27885000	      2787	800024fc	002a5b93	srli	x23,x20,0x2	 x20:0x00000000 x23=0x00000000
       27895000	      2788	80002500	01eea8b3	slt	x17,x29,x30	 x29:0x00000130 x30:0x800022a8 x17=0x00000000
       27905000	      2789	80002504	41ea0433	sub	x8,x20,x30	 x20:0x00000000 x30:0x800022a8  x8=0x7fffdd58
       27915000	      2790	80002508	69e6e9b7	lui	x19,0x69e6e	 x19=0x69e6e000
       27925000	      2791	8000250c	774cd797	auipc	x15,0x774cd	 x15=0xf74cf508
       27935000	      2792	80002510	6f42f093	andi	x1,x5,1780	  x5:0x80009f44  x1=0x00000644
       27945000	      2793	80002514	40035393	srai	x7,x6,0x0	  x6:0x00000001  x7=0x00000001
       27955000	      2794	80002518	d4b87f93	andi	x31,x16,-693	 x16:0x8b43a000 x31=0x8b43a000
       27965000	      2795	8000251c	41760833	sub	x16,x12,x23	 x12:0xe2490000 x23:0x00000000 x16=0xe2490000
       27975000	      2796	80002520	cb95d997	auipc	x19,0xcb95d	 x19=0x4b95f51c
       27985000	      2797	80002524	01d8e633	or	x12,x17,x29	 x17:0x00000000 x29:0x00000130 x12=0x00000130
       27995000	      2798	80002528	404e8533	sub	x10,x29,x4	 x29:0x00000130  x4:0xc4f62000 x10=0x3b09e130
       28005000	      2799	8000252c	77553f13	sltiu	x30,x10,1909	 x10:0x3b09e130 x30=0x00000000
       28015000	      2800	80002530	02565463	bge	x12,x5,80002558	 x12:0x00000130  x5:0x80009f44
       28025000	      2801	00000000	00000013	addi	x0,x0,0	  x0:0x00000000
       28035000	      2802	80002554	00000013	addi	x0,x0,0	  x0:0x00000000
       28045000	      2803	80002558	38f44313	xori	x6,x8,911	  x8:0x7fffdd58  x6=0x7fffded7
       28055000	      2804	8000255c	f44f2393	slti	x7,x30,-188	 x30:0x00000000  x7=0x00000000
       28065000	      2805	80002560	04c36263	bltu	x6,x12,800025a4	  x6:0x7fffded7 x12:0x00000130
       28075000	      2806	80002564	03cae063	bltu	x21,x28,80002584	 x21:0x00000008 x28:0x7fabd000
       28085000	      2807	00000000	00000013	addi	x0,x0,0	  x0:0x00000000
       28095000	      2808	80002580	00000013	addi	x0,x0,0	  x0:0x00000000
       28105000	      2809	80002584	00f34263	blt	x6,x15,80002588	  x6:0x7fffded7 x15:0xf74cf508
       28115000	      2810	80002588	01145613	srli	x12,x8,0x11	  x8:0x7fffdd58 x12=0x00003fff
       28125000	      2811	8000258c	00fd33b3	sltu	x7,x26,x15	 x26:0x26142aee x15:0xf74cf508  x7=0x00000001
       28135000	      2812	80002590	861ca493	slti	x9,x25,-1951	 x25:0x800022a8  x9=0x00000001
       28145000	      2813	80002594	004f5693	srli	x13,x30,0x4	 x30:0x00000000 x13=0x00000000
       28155000	      2814	80002598	84173e13	sltiu	x28,x14,-1983	 x14:0xffffffff x28=0x00000000
       28165000	      2815	8000259c	96006e93	ori	x29,x0,-1696	  x0:0x00000000 x29=0xfffff960
       28175000	      2816	800025a0	75bf3513	sltiu	x10,x30,1883	 x30:0x00000000 x10=0x00000001
       28185000	      2817	800025a4	76e7c313	xori	x6,x15,1902	 x15:0xf74cf508  x6=0xf74cf266
       28195000	      2818	800025a8	2e9c1e17	auipc	x28,0x2e9c1	 x28=0xae9c35a4
       28205000	      2819	800025ac	408a8233	sub	x4,x21,x8	 x21:0x00000008  x8:0x7fffdd58  x4=0x800022b0
       28215000	      2820	800025b0	027b9c63	bne	x23,x7,800025e8	 x23:0x00000000  x7:0x00000001
       28225000	      2821	00000000	00000013	addi	x0,x0,0	  x0:0x00000000
       28235000	      2822	800025e4	00000013	addi	x0,x0,0	  x0:0x00000000
       28245000	      2823	800025e8	33580d93	addi	x27,x16,821	 x16:0xe2490000 x27=0xe2490335
       28255000	      2824	800025ec	d805f913	andi	x18,x11,-640	 x11:0x80009fc4 x18=0x80009d80
       28265000	      2825	800025f0	01bd1bb3	sll	x23,x26,x27	 x26:0x26142aee x27:0xe2490335 x23=0x5dc00000
       28275000	      2826	800025f4	0c9d6793	ori	x15,x26,201	 x26:0x26142aee x15=0x26142aef
       28285000	      2827	800025f8	0a3af063	bgeu	x21,x3,80002698	 x21:0x00000008  x3:0x000000bc
       28295000	      2828	800025fc	56443313	sltiu	x6,x8,1380	  x8:0x7fffdd58  x6=0x00000000
       28305000	      2829	80002600	016bd8b3	srl	x17,x23,x22	 x23:0x5dc00000 x22:0x00000000 x17=0x5dc00000
       28315000	      2830	80002604	710a3c93	sltiu	x25,x20,1808	 x20:0x00000000 x25=0x00000001
       28325000	      2831	80002608	00fff9b3	and	x19,x31,x15	 x31:0x8b43a000 x15:0x26142aef x19=0x02002000
       28335000	      2832	8000260c	017f7033	and	x0,x30,x23	 x30:0x00000000 x23:0x5dc00000
       28345000	      2833	80002610	00000013	addi	x0,x0,0	  x0:0x00000000
       28355000	      2834	80002614	000d4463	blt	x26,x0,8000261c	 x26:0x26142aee  x0:0x00000000
       28365000	      2835	80002618	004a76b3	and	x13,x20,x4	 x20:0x00000000  x4:0x800022b0 x13=0x00000000
       28375000	      2836	8000261c	0a0c4c63	blt	x24,x0,800026d4	 x24:0x00000205  x0:0x00000000
       28385000	      2837	80002620	01077233	and	x4,x14,x16	 x14:0xffffffff x16:0xe2490000  x4=0xe2490000
       28395000	      2838	80002624	0ae4cc63	blt	x9,x14,800026dc	  x9:0x00000001 x14:0xffffffff
       28405000	      2839	80002628	00700913	addi	x18,x0,7	  x0:0x00000000 x18=0x00000007
       28415000	      2840	8000262c	00bfcf33	xor	x30,x31,x11	 x31:0x8b43a000 x11:0x80009fc4 x30=0x0b433fc4
       28425000	      2841	80002630	00600093	addi	x1,x0,6	  x0:0x00000000  x1=0x00000006
       28435000	      2842	80002634	405e5e93	srai	x29,x28,0x5	 x28:0xae9c35a4 x29=0xfd74e1ad
       28445000	      2843	80002638	2d6bfe93	andi	x29,x23,726	 x23:0x5dc00000 x29=0x00000000
       28455000	      2844	8000263c	00000013	addi	x0,x0,0	  x0:0x00000000
       28465000	      2845	80002640	a14af713	andi	x14,x21,-1516	 x21:0x00000008 x14=0x00000000
       28475000	      2846	80002644	0176f233	and	x4,x13,x23	 x13:0x00000000 x23:0x5dc00000  x4=0x00000000
       28485000	      2847	80002648	9ee8ef93	ori	x31,x17,-1554	 x17:0x5dc00000 x31=0xfffff9ee
       28495000	      2848	8000264c	003ad033	srl	x0,x21,x3	 x21:0x00000008  x3:0x000000bc
       28505000	      2849	80002650	00042b33	slt	x22,x8,x0	  x8:0x7fffdd58  x0:0x00000000 x22=0x00000000
       28515000	      2850	80002654	fff90913	addi	x18,x18,-1	 x18:0x00000007 x18=0x00000006
       28525000	      2851	80002658	00083133	sltu	x2,x16,x0	 x16:0xe2490000  x0:0x00000000  x2=0x00000000
       28535000	      2852	8000265c	00800493	addi	x9,x0,8	  x0:0x00000000  x9=0x00000008
       28545000	      2853	80002660	8eafe793	ori	x15,x31,-1814	 x31:0xfffff9ee x15=0xfffff9ee
       28555000	      2854	80002664	00600c13	addi	x24,x0,6	  x0:0x00000000 x24=0x00000006
       28565000	      2855	80002668	5688cf93	xori	x31,x17,1384	 x17:0x5dc00000 x31=0x5dc00568
       28575000	      2856	8000266c	07d05037	lui	x0,0x7d05	
       28585000	      2857	80002670	4556ab93	slti	x23,x13,1109	 x13:0x00000000 x23=0x00000001
       28595000	      2858	80002674	00dcd313	srli	x6,x25,0xd	 x25:0x00000001  x6=0x00000000
       28605000	      2859	80002678	ffc48493	addi	x9,x9,-4	  x9:0x00000008  x9=0x00000004
       28615000	      2860	8000267c	ff84f8e3	bgeu	x9,x24,8000266c	  x9:0x00000004 x24:0x00000006
       28625000	      2861	80002680	015cf1b3	and	x3,x25,x21	 x25:0x00000001 x21:0x00000008  x3=0x00000000
       28635000	      2862	80002684	008b0733	add	x14,x22,x8	 x22:0x00000000  x8:0x7fffdd58 x14=0x7fffdd58
       28645000	      2863	80002688	004007b3	add	x15,x0,x4	  x0:0x00000000  x4:0x00000000 x15=0x00000000
       28655000	      2864	8000268c	fa197ce3	bgeu	x18,x1,80002644	 x18:0x00000006  x1:0x00000006
       28665000	      2865	00000000	00000013	addi	x0,x0,0	  x0:0x00000000
       28675000	      2866	80002640	00000013	addi	x0,x0,0	  x0:0x00000000
       28685000	      2867	80002644	0176f233	and	x4,x13,x23	 x13:0x00000000 x23:0x00000001  x4=0x00000000
       28695000	      2868	80002648	9ee8ef93	ori	x31,x17,-1554	 x17:0x5dc00000 x31=0xfffff9ee
       28705000	      2869	8000264c	003ad033	srl	x0,x21,x3	 x21:0x00000008  x3:0x00000000
       28715000	      2870	80002650	00042b33	slt	x22,x8,x0	  x8:0x7fffdd58  x0:0x00000000 x22=0x00000000
       28725000	      2871	80002654	fff90913	addi	x18,x18,-1	 x18:0x00000006 x18=0x00000005
       28735000	      2872	80002658	00083133	sltu	x2,x16,x0	 x16:0xe2490000  x0:0x00000000  x2=0x00000000
       28745000	      2873	8000265c	00800493	addi	x9,x0,8	  x0:0x00000000  x9=0x00000008
       28755000	      2874	80002660	8eafe793	ori	x15,x31,-1814	 x31:0xfffff9ee x15=0xfffff9ee
       28765000	      2875	80002664	00600c13	addi	x24,x0,6	  x0:0x00000000 x24=0x00000006
       28775000	      2876	80002668	5688cf93	xori	x31,x17,1384	 x17:0x5dc00000 x31=0x5dc00568
       28785000	      2877	8000266c	07d05037	lui	x0,0x7d05	
       28795000	      2878	80002670	4556ab93	slti	x23,x13,1109	 x13:0x00000000 x23=0x00000001
       28805000	      2879	80002674	00dcd313	srli	x6,x25,0xd	 x25:0x00000001  x6=0x00000000
       28815000	      2880	80002678	ffc48493	addi	x9,x9,-4	  x9:0x00000008  x9=0x00000004
       28825000	      2881	8000267c	ff84f8e3	bgeu	x9,x24,8000266c	  x9:0x00000004 x24:0x00000006
       28835000	      2882	80002680	015cf1b3	and	x3,x25,x21	 x25:0x00000001 x21:0x00000008  x3=0x00000000
       28845000	      2883	80002684	008b0733	add	x14,x22,x8	 x22:0x00000000  x8:0x7fffdd58 x14=0x7fffdd58
       28855000	      2884	80002688	004007b3	add	x15,x0,x4	  x0:0x00000000  x4:0x00000000 x15=0x00000000
       28865000	      2885	8000268c	fa197ce3	bgeu	x18,x1,80002644	 x18:0x00000005  x1:0x00000006
       28875000	      2886	80002690	01931233	sll	x4,x6,x25	  x6:0x00000000 x25:0x00000001  x4=0x00000000
       28885000	      2887	80002694	02319663	bne	x3,x3,800026c0	  x3:0x00000000  x3:0x00000000
       28895000	      2888	80002698	81e72417	auipc	x8,0x81e72	  x8=0x01e74694
       28905000	      2889	8000269c	00729f93	slli	x31,x5,0x7	  x5:0x80009f44 x31=0x004fa200
       28915000	      2890	800026a0	003cfbb3	and	x23,x25,x3	 x25:0x00000001  x3:0x00000000 x23=0x00000000
       28925000	      2891	800026a4	022d8463	beq	x27,x2,800026cc	 x27:0xe2490335  x2:0x00000000
       28935000	      2892	800026a8	54a02817	auipc	x16,0x54a02	 x16=0xd4a046a4
       28945000	      2893	800026ac	40b701b3	sub	x3,x14,x11	 x14:0x7fffdd58 x11:0x80009fc4  x3=0xffff3d94
       28955000	      2894	800026b0	e6faf993	andi	x19,x21,-401	 x21:0x00000008 x19=0x00000008
       28965000	      2895	800026b4	011ca433	slt	x8,x25,x17	 x25:0x00000001 x17:0x5dc00000  x8=0x00000001
       28975000	      2896	800026b8	003367b3	or	x15,x6,x3	  x6:0x00000000  x3:0xffff3d94 x15=0xffff3d94
       28985000	      2897	800026bc	01558263	beq	x11,x21,800026c0	 x11:0x80009fc4 x21:0x00000008
       28995000	      2898	800026c0	00f5d8b3	srl	x17,x11,x15	 x11:0x80009fc4 x15:0xffff3d94 x17=0x00000800
       29005000	      2899	800026c4	01baf533	and	x10,x21,x27	 x21:0x00000008 x27:0xe2490335 x10=0x00000000
       29015000	      2900	800026c8	2f480997	auipc	x19,0x2f480	 x19=0xaf4826c4
       29025000	      2901	800026cc	a1c46393	ori	x7,x8,-1508	  x8:0x00000001  x7=0xfffffa1d
       29035000	      2902	800026d0	7fcc0137	lui	x2,0x7fcc0	  x2=0x7fcc0000
       29045000	      2903	800026d4	6a265217	auipc	x4,0x6a265	  x4=0xea2676d0
       29055000	      2904	800026d8	00844933	xor	x18,x8,x8	  x8:0x00000001  x8:0x00000001 x18=0x00000000
       29065000	      2905	800026dc	02a61863	bne	x12,x10,8000270c	 x12:0x00003fff x10:0x00000000
       29075000	      2906	00000000	00000013	addi	x0,x0,0	  x0:0x00000000
       29085000	      2907	80002708	00000013	addi	x0,x0,0	  x0:0x00000000
       29095000	      2908	8000270c	40228b33	sub	x22,x5,x2	  x5:0x80009f44  x2:0x7fcc0000 x22=0x00349f44
       29105000	      2909	80002710	01e48833	add	x16,x9,x30	  x9:0x00000004 x30:0x0b433fc4 x16=0x0b433fc8
       29115000	      2910	80002714	9ec21717	auipc	x14,0x9ec21	 x14=0x1ec23710
       29125000	      2911	80002718	0067fe63	bgeu	x15,x6,80002734	 x15:0xffff3d94  x6:0x00000000
       29135000	      2912	00000000	00000013	addi	x0,x0,0	  x0:0x00000000
       29145000	      2913	80002730	00000013	addi	x0,x0,0	  x0:0x00000000
       29155000	      2914	80002734	2aadab93	slti	x23,x27,682	 x27:0xe2490335 x23=0x00000001
       29165000	      2915	80002738	41055c93	srai	x25,x10,0x10	 x10:0x00000000 x25=0x00000000
       29175000	      2916	8000273c	c67d7b93	andi	x23,x26,-921	 x26:0x26142aee x23=0x26142866
       29185000	      2917	80002740	02354a63	blt	x10,x3,80002774	 x10:0x00000000  x3:0xffff3d94
       29195000	      2918	80002744	0030a1b3	slt	x3,x1,x3	  x1:0x00000006  x3:0xffff3d94  x3=0x00000000
       29205000	      2919	80002748	8b912693	slti	x13,x2,-1863	  x2:0x7fcc0000 x13=0x00000000
       29215000	      2920	8000274c	018161b3	or	x3,x2,x24	  x2:0x7fcc0000 x24:0x00000006  x3=0x7fcc0006
       29225000	      2921	80002750	00b0d8b3	srl	x17,x1,x11	  x1:0x00000006 x11:0x80009fc4 x17=0x00000000
       29235000	      2922	80002754	05407063	bgeu	x0,x20,80002794	  x0:0x00000000 x20:0x00000000
       29245000	      2923	00000000	00000013	addi	x0,x0,0	  x0:0x00000000
       29255000	      2924	80002790	00000013	addi	x0,x0,0	  x0:0x00000000
       29265000	      2925	80002794	002e1433	sll	x8,x28,x2	 x28:0xae9c35a4  x2:0x7fcc0000  x8=0xae9c35a4
       29275000	      2926	80002798	ac7f7513	andi	x10,x30,-1337	 x30:0x0b433fc4 x10=0x0b433ac4
       29285000	      2927	8000279c	b02d7913	andi	x18,x26,-1278	 x26:0x26142aee x18=0x26142a02
       29295000	      2928	800027a0	2bab3f93	sltiu	x31,x22,698	 x22:0x00349f44 x31=0x00000000
       29305000	      2929	800027a4	41d88cb3	sub	x25,x17,x29	 x17:0x00000000 x29:0x00000000 x25=0x00000000
       29315000	      2930	800027a8	00da44b3	xor	x9,x20,x13	 x20:0x00000000 x13:0x00000000  x9=0x00000000
       29325000	      2931	800027ac	17a02a93	slti	x21,x0,378	  x0:0x00000000 x21=0x00000001
       29335000	      2932	800027b0	00503333	sltu	x6,x0,x5	  x0:0x00000000  x5:0x80009f44  x6=0x00000001
       29345000	      2933	800027b4	00000013	addi	x0,x0,0	  x0:0x00000000
       29355000	      2934	800027b8	16420d97	auipc	x27,0x16420	 x27=0x964227b4
       29365000	      2935	800027bc	01387833	and	x16,x16,x19	 x16:0x0b433fc8 x19:0xaf4826c4 x16=0x0b4026c0
       29375000	      2936	800027c0	41a3d393	srai	x7,x7,0x1a	  x7:0xfffffa1d  x7=0xffffffff
       29385000	      2937	800027c4	1a252637	lui	x12,0x1a252	 x12=0x1a252000
       29395000	      2938	800027c8	003f7a33	and	x20,x30,x3	 x30:0x0b433fc4  x3:0x7fcc0006 x20=0x0b400004
       29405000	      2939	800027cc	02d7f663	bgeu	x15,x13,800027f8	 x15:0xffff3d94 x13:0x00000000
       29415000	      2940	00000000	00000013	addi	x0,x0,0	  x0:0x00000000
       29425000	      2941	800027f4	00000013	addi	x0,x0,0	  x0:0x00000000
       29435000	      2942	800027f8	4038df13	srai	x30,x17,0x3	 x17:0x00000000 x30=0x00000000
       29445000	      2943	800027fc	79554497	auipc	x9,0x79554	  x9=0xf95567f8
       29455000	      2944	80002800	02f9e263	bltu	x19,x15,80002824	 x19:0xaf4826c4 x15:0xffff3d94
       29465000	      2945	00000000	00000013	addi	x0,x0,0	  x0:0x00000000
       29475000	      2946	80002820	00000013	addi	x0,x0,0	  x0:0x00000000
       29485000	      2947	80002824	00c71813	slli	x16,x14,0xc	 x14:0x1ec23710 x16=0x23710000
       29495000	      2948	80002828	81427713	andi	x14,x4,-2028	  x4:0xea2676d0 x14=0xea267010
       29505000	      2949	8000282c	01e71463	bne	x14,x30,80002834	 x14:0xea267010 x30:0x00000000
       29515000	      2950	00000000	00000013	addi	x0,x0,0	  x0:0x00000000
       29525000	      2951	80002830	00000013	addi	x0,x0,0	  x0:0x00000000
       29535000	      2952	80002834	98afad93	slti	x27,x31,-1654	 x31:0x00000000 x27=0x00000000
       29545000	      2953	80002838	029afa63	bgeu	x21,x9,8000286c	 x21:0x00000001  x9:0xf95567f8
       29555000	      2954	8000283c	02e3cc63	blt	x7,x14,80002874	  x7:0xffffffff x14:0xea267010
       29565000	      2955	80002840	4066d213	srai	x4,x13,0x6	 x13:0x00000000  x4=0x00000000
       29575000	      2956	80002844	05179263	bne	x15,x17,80002888	 x15:0xffff3d94 x17:0x00000000
       29585000	      2957	00000000	00000013	addi	x0,x0,0	  x0:0x00000000
       29595000	      2958	80002884	00000013	addi	x0,x0,0	  x0:0x00000000
       29605000	      2959	80002888	00e29c93	slli	x25,x5,0xe	  x5:0x80009f44 x25=0x27d10000
       29615000	      2960	8000288c	003a4db3	xor	x27,x20,x3	 x20:0x0b400004  x3:0x7fcc0006 x27=0x748c0002
       29625000	      2961	80002890	04448663	beq	x9,x4,800028dc	  x9:0xf95567f8  x4:0x00000000
       29635000	      2962	80002894	58702e13	slti	x28,x0,1415	  x0:0x00000000 x28=0x00000001
       29645000	      2963	80002898	40cf5813	srai	x16,x30,0xc	 x30:0x00000000 x16=0x00000000
       29655000	      2964	8000289c	9d7ebf93	sltiu	x31,x29,-1577	 x29:0x00000000 x31=0x00000001
       29665000	      2965	800028a0	61844f97	auipc	x31,0x61844	 x31=0xe184689c
       29675000	      2966	800028a4	db4e8497	auipc	x9,0xdb4e8	  x9=0x5b4ea8a0
       29685000	      2967	800028a8	00000013	addi	x0,x0,0	  x0:0x00000000
       29695000	      2968	800028ac	6c8b4113	xori	x2,x22,1736	 x22:0x00349f44  x2=0x0034998c
       29705000	      2969	800028b0	008e9f13	slli	x30,x29,0x8	 x29:0x00000000 x30=0x00000000
       29715000	      2970	800028b4	003109b3	add	x19,x2,x3	  x2:0x0034998c  x3:0x7fcc0006 x19=0x80009992
       29725000	      2971	800028b8	01a52eb3	slt	x29,x10,x26	 x10:0x0b433ac4 x26:0x26142aee x29=0x00000001
       29735000	      2972	800028bc	634e3093	sltiu	x1,x28,1588	 x28:0x00000001  x1=0x00000001
       29745000	      2973	800028c0	00707263	bgeu	x0,x7,800028c4	  x0:0x00000000  x7:0xffffffff
       29755000	      2974	800028c4	005aaab3	slt	x21,x21,x5	 x21:0x00000001  x5:0x80009f44 x21=0x00000000
       29765000	      2975	800028c8	9c7cfa13	andi	x20,x25,-1593	 x25:0x27d10000 x20=0x27d10000
       29775000	      2976	800028cc	005b1133	sll	x2,x22,x5	 x22:0x00349f44  x5:0x80009f44  x2=0x0349f440
       29785000	      2977	800028d0	00ff3433	sltu	x8,x30,x15	 x30:0x00000000 x15:0xffff3d94  x8=0x00000001
       29795000	      2978	800028d4	0093c8b3	xor	x17,x7,x9	  x7:0xffffffff  x9:0x5b4ea8a0 x17=0xa4b1575f
       29805000	      2979	800028d8	e4ccb693	sltiu	x13,x25,-436	 x25:0x27d10000 x13=0x00000001
       29815000	      2980	800028dc	0314cc63	blt	x9,x17,80002914	  x9:0x5b4ea8a0 x17:0xa4b1575f
       29825000	      2981	800028e0	8bbdc193	xori	x3,x27,-1861	 x27:0x748c0002  x3=0x8b73f8b9
       29835000	      2982	800028e4	6faa7993	andi	x19,x20,1786	 x20:0x27d10000 x19=0x00000000
       29845000	      2983	800028e8	014df233	and	x4,x27,x20	 x27:0x748c0002 x20:0x27d10000  x4=0x24800000
       29855000	      2984	800028ec	03990263	beq	x18,x25,80002910	 x18:0x26142a02 x25:0x27d10000
       29865000	      2985	800028f0	00ae19b3	sll	x19,x28,x10	 x28:0x00000001 x10:0x0b433ac4 x19=0x00000010
       29875000	      2986	800028f4	01097663	bgeu	x18,x16,80002900	 x18:0x26142a02 x16:0x00000000
       29885000	      2987	00000000	00000013	addi	x0,x0,0	  x0:0x00000000
       29895000	      2988	800028fc	00000013	addi	x0,x0,0	  x0:0x00000000
       29905000	      2989	80002900	011a4a33	xor	x20,x20,x17	 x20:0x27d10000 x17:0xa4b1575f x20=0x8360575f
       29915000	      2990	80002904	000ac263	blt	x21,x0,80002908	 x21:0x00000000  x0:0x00000000
       29925000	      2991	80002908	00fbfbb3	and	x23,x23,x15	 x23:0x26142866 x15:0xffff3d94 x23=0x26142804
       29935000	      2992	8000290c	001089b3	add	x19,x1,x1	  x1:0x00000001  x1:0x00000001 x19=0x00000002
       29945000	      2993	80002910	022c5663	bge	x24,x2,8000293c	 x24:0x00000006  x2:0x0349f440
       29955000	      2994	80002914	fd6feb93	ori	x23,x31,-42	 x31:0xe184689c x23=0xffffffde
       29965000	      2995	80002918	00000013	addi	x0,x0,0	  x0:0x00000000
       29975000	      2996	8000291c	004d1d93	slli	x27,x26,0x4	 x26:0x26142aee x27=0x6142aee0
       29985000	      2997	80002920	413e5633	sra	x12,x28,x19	 x28:0x00000001 x19:0x00000002 x12=0x00000000
       29995000	      2998	80002924	00000013	addi	x0,x0,0	  x0:0x00000000
       30005000	      2999	80002928	41755f13	srai	x30,x10,0x17	 x10:0x0b433ac4 x30=0x00000016
       30015000	      3000	8000292c	02b81063	bne	x16,x11,8000294c	 x16:0x00000000 x11:0x80009fc4
       30025000	      3001	00000000	00000013	addi	x0,x0,0	  x0:0x00000000
       30035000	      3002	80002948	00000013	addi	x0,x0,0	  x0:0x00000000
       30045000	      3003	8000294c	a9a97b93	andi	x23,x18,-1382	 x18:0x26142a02 x23=0x26142a02
       30055000	      3004	80002950	01e5de13	srli	x28,x11,0x1e	 x11:0x80009fc4 x28=0x00000002
       30065000	      3005	80002954	40cd5c93	srai	x25,x26,0xc	 x26:0x26142aee x25=0x00026142
       30075000	      3006	80002958	40b78e33	sub	x28,x15,x11	 x15:0xffff3d94 x11:0x80009fc4 x28=0x7ffe9dd0
       30085000	      3007	8000295c	01385213	srli	x4,x16,0x13	 x16:0x00000000  x4=0x00000000
       30095000	      3008	80002960	049c5063	bge	x24,x9,800029a0	 x24:0x00000006  x9:0x5b4ea8a0
       30105000	      3009	80002964	c60d2213	slti	x4,x26,-928	 x26:0x26142aee  x4=0x00000000
       30115000	      3010	80002968	41aa51b3	sra	x3,x20,x26	 x20:0x8360575f x26:0x26142aee  x3=0xfffe0d81
       30125000	      3011	8000296c	25152193	slti	x3,x10,593	 x10:0x0b433ac4  x3=0x00000000
       30135000	      3012	80002970	015d7133	and	x2,x26,x21	 x26:0x26142aee x21:0x00000000  x2=0x00000000
       30145000	      3013	80002974	01520033	add	x0,x4,x21	  x4:0x00000000 x21:0x00000000
       30155000	      3014	80002978	02db1a63	bne	x22,x13,800029ac	 x22:0x00349f44 x13:0x00000001
       30165000	      3015	00000000	00000013	addi	x0,x0,0	  x0:0x00000000
       30175000	      3016	800029a8	00000013	addi	x0,x0,0	  x0:0x00000000
       30185000	      3017	800029ac	41be5b13	srai	x22,x28,0x1b	 x28:0x7ffe9dd0 x22=0x0000000f
       30195000	      3018	800029b0	00b124b3	slt	x9,x2,x11	  x2:0x00000000 x11:0x80009fc4  x9=0x00000000
       30205000	      3019	800029b4	00500913	addi	x18,x0,5	  x0:0x00000000 x18=0x00000005
       30215000	      3020	800029b8	00e00c93	addi	x25,x0,14	  x0:0x00000000 x25=0x0000000e
       30225000	      3021	800029bc	00d67bb3	and	x23,x12,x13	 x12:0x00000000 x13:0x00000001 x23=0x00000000
       30235000	      3022	800029c0	001aafb3	slt	x31,x21,x1	 x21:0x00000000  x1:0x00000001 x31=0x00000001
       30245000	      3023	800029c4	00990913	addi	x18,x18,9	 x18:0x00000005 x18=0x0000000e
       30255000	      3024	800029c8	00200193	addi	x3,x0,2	  x0:0x00000000  x3=0x00000002
       30265000	      3025	800029cc	00a00f13	addi	x30,x0,10	  x0:0x00000000 x30=0x0000000a
       30275000	      3026	800029d0	0068c9b3	xor	x19,x17,x6	 x17:0xa4b1575f  x6:0x00000001 x19=0xa4b1575e
       30285000	      3027	800029d4	0052e733	or	x14,x5,x5	  x5:0x80009f44  x5:0x80009f44 x14=0x80009f44
       30295000	      3028	800029d8	00418193	addi	x3,x3,4	  x3:0x00000002  x3=0x00000006
       30305000	      3029	800029dc	ffe19ce3	bne	x3,x30,800029d4	  x3:0x00000006 x30:0x0000000a
       30315000	      3030	00000000	00000013	addi	x0,x0,0	  x0:0x00000000
       30325000	      3031	800029d0	00000013	addi	x0,x0,0	  x0:0x00000000
       30335000	      3032	800029d4	0052e733	or	x14,x5,x5	  x5:0x80009f44  x5:0x80009f44 x14=0x80009f44
       30345000	      3033	800029d8	00418193	addi	x3,x3,4	  x3:0x00000006  x3=0x0000000a
       30355000	      3034	800029dc	ffe19ce3	bne	x3,x30,800029d4	  x3:0x0000000a x30:0x0000000a
       30365000	      3035	800029e0	fd991ee3	bne	x18,x25,800029bc	 x18:0x0000000e x25:0x0000000e
       30375000	      3036	800029e4	01423b33	sltu	x22,x4,x20	  x4:0x00000000 x20:0x8360575f x22=0x00000001
       30385000	      3037	800029e8	0134a3b3	slt	x7,x9,x19	  x9:0x00000000 x19:0xa4b1575e  x7=0x00000000
       30395000	      3038	800029ec	00521713	slli	x14,x4,0x5	  x4:0x00000000 x14=0x00000000
       30405000	      3039	800029f0	009490b3	sll	x1,x9,x9	  x9:0x00000000  x9:0x00000000  x1=0x00000000
       30415000	      3040	800029f4	01e2ea33	or	x20,x5,x30	  x5:0x80009f44 x30:0x0000000a x20=0x80009f4e
       30425000	      3041	800029f8	472f4213	xori	x4,x30,1138	 x30:0x0000000a  x4=0x00000478
       30435000	      3042	800029fc	1366ae13	slti	x28,x13,310	 x13:0x00000001 x28=0x00000001
       30445000	      3043	80002a00	010e0b33	add	x22,x28,x16	 x28:0x00000001 x16:0x00000000 x22=0x00000001
       30455000	      3044	80002a04	01877333	and	x6,x14,x24	 x14:0x00000000 x24:0x00000006  x6=0x00000000
       30465000	      3045	80002a08	26a2e913	ori	x18,x5,618	  x5:0x80009f44 x18=0x80009f6e
       30475000	      3046	80002a0c	00795213	srli	x4,x18,0x7	 x18:0x80009f6e  x4=0x0100013e
       30485000	      3047	80002a10	0042af03	lw	x30,4(x5)	  x5:0x80009f44 x30=0x80000148 PA:0x80009f48
       30495000	      3048	80002a14	04028293	addi	x5,x5,64	  x5:0x80009f44  x5=0x80009f84
       30505000	      3049	80002a18	fb54ff93	andi	x31,x9,-75	  x9:0x00000000 x31=0x00000000
       30515000	      3050	80002a1c	001f0c13	addi	x24,x30,1	 x30:0x80000148 x24=0x80000149
       30525000	      3051	80002a20	000c0c67	jalr	x24,x24,0	 x24:0x80000149 x24=0x80002a20
       30535000	      3052	00000000	00000013	addi	x0,x0,0	  x0:0x00000000
       30545000	      3053	80000148	00000013	addi	x0,x0,0	  x0:0x00000000
       30555000	      3054	8000014c	00400813	addi	x16,x0,4	  x0:0x00000000 x16=0x00000004
       30565000	      3055	80000150	00500e13	addi	x28,x0,5	  x0:0x00000000 x28=0x00000005
       30575000	      3056	80000154	472cc093	xori	x1,x25,1138	 x25:0x0000000e  x1=0x0000047c
       30585000	      3057	80000158	00480813	addi	x16,x16,4	 x16:0x00000004 x16=0x00000008
       30595000	      3058	8000015c	01f95693	srli	x13,x18,0x1f	 x18:0x80009f6e x13=0x00000001
       30605000	      3059	80000160	01acd693	srli	x13,x25,0x1a	 x25:0x0000000e x13=0x00000000
       30615000	      3060	80000164	ffc848e3	blt	x16,x28,80000154	 x16:0x00000008 x28:0x00000005
       30625000	      3061	80000168	41f38cb3	sub	x25,x7,x31	  x7:0x00000000 x31:0x00000000 x25=0x00000000
       30635000	      3062	8000016c	014a6e63	bltu	x20,x20,80000188	 x20:0x80009f4e x20:0x80009f4e
       30645000	      3063	80000170	41178333	sub	x6,x15,x17	 x15:0xffff3d94 x17:0xa4b1575f  x6=0x5b4de635
       30655000	      3064	80000174	041bee63	bltu	x23,x1,800001d0	 x23:0x00000000  x1:0x0000047c
       30665000	      3065	00000000	00000013	addi	x0,x0,0	  x0:0x00000000
       30675000	      3066	800001cc	00000013	addi	x0,x0,0	  x0:0x00000000
       30685000	      3067	800001d0	459d2d93	slti	x27,x26,1113	 x26:0x26142aee x27=0x00000000
       30695000	      3068	800001d4	00000d17	auipc	x26,0x0	 x26=0x800001d0
       30705000	      3069	800001d8	00cd0d13	addi	x26,x26,12	 x26:0x800001d0 x26=0x800001dc
       30715000	      3070	800001dc	000d0067	jalr	x0,x26,0	 x26:0x800001dc
       30725000	      3071	00000000	00000013	addi	x0,x0,0	  x0:0x00000000
       30735000	      3072	800001dc	00000013	addi	x0,x0,0	  x0:0x00000000
       30745000	      3073	800001e0	00100193	addi	x3,x0,1	  x0:0x00000000  x3=0x00000001
       30755000	      3074	800001e4	00000073	ecall	
       30765000	      3075	800001e8	01029813	slli	x16,x5,0x10	  x5:0x80009f84 x16=0x9f840000
