		Time			Cycle	PC		Insn	Decoded instruction	Register and memory contents
          65000	         5	80000004	00000293	addi	x5,x0,0	  x0:0x00000000  x5=0x00000000
          75000	         6	80000008	00000313	addi	x6,x0,0	  x0:0x00000000  x6=0x00000000
          85000	         7	8000000c	00628263	beq	x5,x6,80000010	  x5:0x00000000  x6:0x00000000
          95000	         8	00000000	00000013	addi	x0,x0,0	  x0:0x00000000
         105000	         9	8000000c	00000013	addi	x0,x0,0	  x0:0x00000000
         115000	        10	80000010	00000817	auipc	x16,0x0	 x16=0x8000000c
         125000	        11	80000014	00c80813	addi	x16,x16,12	 x16:0x8000000c x16=0x80000018
         135000	        12	80000018	00080067	jalr	x0,x16,0	 x16:0x80000018
         145000	        13	00000000	00000013	addi	x0,x0,0	  x0:0x00000000
         155000	        14	80000018	00000013	addi	x0,x0,0	  x0:0x00000000
         165000	        15	8000001c	40000437	lui	x8,0x40000	  x8=0x40000000
         175000	        16	80000020	10040413	addi	x8,x8,256	  x8:0x40000000  x8=0x40000100
         185000	        17	80000024	00000013	addi	x0,x0,0	  x0:0x00000000
         195000	        18	80000028	0000a217	auipc	x4,0xa	  x4=0x8000a024
         205000	        19	8000002c	fa020213	addi	x4,x4,-96	  x4:0x8000a024  x4=0x80009fc4
         215000	        20	80000030	00003417	auipc	x8,0x3	  x8=0x8000302c
         225000	        21	80000034	75440413	addi	x8,x8,1876	  x8:0x8000302c  x8=0x80003780
         235000	        22	80000038	00146413	ori	x8,x8,1	  x8:0x80003780  x8=0x80003781
         245000	        23	8000003c	00000013	addi	x0,x0,0	  x0:0x00000000
         255000	        24	80000040	00000417	auipc	x8,0x0	  x8=0x8000003c
         265000	        25	80000044	02040413	addi	x8,x8,32	  x8:0x8000003c  x8=0x8000005c
         275000	        26	80000048	00000013	addi	x0,x0,0	  x0:0x00000000
         285000	        27	8000004c	00000013	addi	x0,x0,0	  x0:0x00000000
         295000	        28	80000050	00002437	lui	x8,0x2	  x8=0x00002000
         305000	        29	80000054	80040413	addi	x8,x8,-2048	  x8:0x00002000  x8=0x00001800
         315000	        30	80000058	00000013	addi	x0,x0,0	  x0:0x00000000
         325000	        31	8000005c	00000013	addi	x0,x0,0	  x0:0x00000000
         335000	        32	80000060	00600013	addi	x0,x0,6	  x0:0x00000000
         345000	        33	80000064	800000b7	lui	x1,0x80000	  x1=0x80000000
         355000	        34	80000068	f6c73137	lui	x2,0xf6c73	  x2=0xf6c73000
         365000	        35	8000006c	6c810113	addi	x2,x2,1736	  x2:0xf6c73000  x2=0xf6c736c8
         375000	        36	80000070	00000193	addi	x3,x0,0	  x0:0x00000000  x3=0x00000000
         385000	        37	80000074	f9cfd2b7	lui	x5,0xf9cfd	  x5=0xf9cfd000
         395000	        38	80000078	d4428293	addi	x5,x5,-700	  x5:0xf9cfd000  x5=0xf9cfcd44
         405000	        39	8000007c	80000337	lui	x6,0x80000	  x6=0x80000000
         415000	        40	80000080	3a93b3b7	lui	x7,0x3a93b	  x7=0x3a93b000
         425000	        41	80000084	b0f38393	addi	x7,x7,-1265	  x7:0x3a93b000  x7=0x3a93ab0f
         435000	        42	80000088	80000437	lui	x8,0x80000	  x8=0x80000000
         445000	        43	8000008c	b51c44b7	lui	x9,0xb51c4	  x9=0xb51c4000
         455000	        44	80000090	12948493	addi	x9,x9,297	  x9:0xb51c4000  x9=0xb51c4129
         465000	        45	80000094	00000513	addi	x10,x0,0	  x0:0x00000000 x10=0x00000000
         475000	        46	80000098	00b00593	addi	x11,x0,11	  x0:0x00000000 x11=0x0000000b
         485000	        47	8000009c	00000613	addi	x12,x0,0	  x0:0x00000000 x12=0x00000000
         495000	        48	800000a0	520996b7	lui	x13,0x52099	 x13=0x52099000
         505000	        49	800000a4	94268693	addi	x13,x13,-1726	 x13:0x52099000 x13=0x52098942
         515000	        50	800000a8	3e412737	lui	x14,0x3e412	 x14=0x3e412000
         525000	        51	800000ac	ed770713	addi	x14,x14,-297	 x14:0x3e412000 x14=0x3e411ed7
         535000	        52	800000b0	800007b7	lui	x15,0x80000	 x15=0x80000000
         545000	        53	800000b4	00000813	addi	x16,x0,0	  x0:0x00000000 x16=0x00000000
         555000	        54	800000b8	fe3548b7	lui	x17,0xfe354	 x17=0xfe354000
         565000	        55	800000bc	40d88893	addi	x17,x17,1037	 x17:0xfe354000 x17=0xfe35440d
         575000	        56	800000c0	00000913	addi	x18,x0,0	  x0:0x00000000 x18=0x00000000
         585000	        57	800000c4	f194a9b7	lui	x19,0xf194a	 x19=0xf194a000
         595000	        58	800000c8	ffd98993	addi	x19,x19,-3	 x19:0xf194a000 x19=0xf1949ffd
         605000	        59	800000cc	61247a37	lui	x20,0x61247	 x20=0x61247000
         615000	        60	800000d0	74fa0a13	addi	x20,x20,1871	 x20:0x61247000 x20=0x6124774f
         625000	        61	800000d4	00500a93	addi	x21,x0,5	  x0:0x00000000 x21=0x00000005
         635000	        62	800000d8	80000b37	lui	x22,0x80000	 x22=0x80000000
         645000	        63	800000dc	4eb80c37	lui	x24,0x4eb80	 x24=0x4eb80000
         655000	        64	800000e0	6ddc0c13	addi	x24,x24,1757	 x24:0x4eb80000 x24=0x4eb806dd
         665000	        65	800000e4	00d00c93	addi	x25,x0,13	  x0:0x00000000 x25=0x0000000d
         675000	        66	800000e8	7c3cbd37	lui	x26,0x7c3cb	 x26=0x7c3cb000
         685000	        67	800000ec	bd3d0d13	addi	x26,x26,-1069	 x26:0x7c3cb000 x26=0x7c3cabd3
         695000	        68	800000f0	0cf1cdb7	lui	x27,0xcf1c	 x27=0x0cf1c000
         705000	        69	800000f4	970d8d93	addi	x27,x27,-1680	 x27:0x0cf1c000 x27=0x0cf1b970
         715000	        70	800000f8	20c0ce37	lui	x28,0x20c0c	 x28=0x20c0c000
         725000	        71	800000fc	1cce0e13	addi	x28,x28,460	 x28:0x20c0c000 x28=0x20c0c1cc
         735000	        72	80000100	f92c6eb7	lui	x29,0xf92c6	 x29=0xf92c6000
         745000	        73	80000104	63ee8e93	addi	x29,x29,1598	 x29:0xf92c6000 x29=0xf92c663e
         755000	        74	80000108	80000f37	lui	x30,0x80000	 x30=0x80000000
         765000	        75	8000010c	00d00f93	addi	x31,x0,13	  x0:0x00000000 x31=0x0000000d
         775000	        76	80000110	0000ab97	auipc	x23,0xa	 x23=0x8000a10c
         785000	        77	80000114	e78b8b93	addi	x23,x23,-392	 x23:0x8000a10c x23=0x80009f84
         795000	        78	80000118	01d04433	xor	x8,x0,x29	  x0:0x00000000 x29:0xf92c663e  x8=0xf92c663e
         805000	        79	8000011c	0f600497	auipc	x9,0xf600	  x9=0x8f600118
         815000	        80	80000120	00000317	auipc	x6,0x0	  x6=0x8000011c
         825000	        81	80000124	19430313	addi	x6,x6,404	  x6:0x8000011c  x6=0x800002b0
         835000	        82	80000128	17d30313	addi	x6,x6,381	  x6:0x800002b0  x6=0x8000042d
         845000	        83	8000012c	369f5497	auipc	x9,0x369f5	  x9=0xb69f5128
         855000	        84	80000130	004a2fb3	slt	x31,x20,x4	 x20:0x6124774f  x4:0x80009fc4 x31=0x00000000
         865000	        85	80000134	5a8eac13	slti	x24,x29,1448	 x29:0xf92c663e x24=0x00000001
         875000	        86	80000138	007cd663	bge	x25,x7,80000144	 x25:0x0000000d  x7:0x3a93ab0f
         885000	        87	8000013c	00000013	addi	x0,x0,0	  x0:0x00000000
         895000	        88	80000140	5dd3ae93	slti	x29,x7,1501	  x7:0x3a93ab0f x29=0x00000000
         905000	        89	80000144	e8430767	jalr	x14,x6,-380	  x6:0x8000042d x14=0x80000144
         915000	        90	00000000	00000013	addi	x0,x0,0	  x0:0x00000000
         925000	        91	800002b0	00000013	addi	x0,x0,0	  x0:0x00000000
         935000	        92	800002b4	01cf9cb3	sll	x25,x31,x28	 x31:0x00000000 x28:0x20c0c1cc x25=0x00000000
         945000	        93	800002b8	0061b9b3	sltu	x19,x3,x6	  x3:0x00000000  x6:0x8000042d x19=0x00000001
         955000	        94	800002bc	fe0b8b93	addi	x23,x23,-32	 x23:0x80009f84 x23=0x80009f64
         965000	        95	800002c0	e2d06c93	ori	x25,x0,-467	  x0:0x00000000 x25=0xfffffe2d
         975000	        96	800002c4	60e5a913	slti	x18,x11,1550	 x11:0x0000000b x18=0x00000001
         985000	        97	800002c8	01325493	srli	x9,x4,0x13	  x4:0x80009fc4  x9=0x00001000
         995000	        98	800002cc	a8440d13	addi	x26,x8,-1404	  x8:0xf92c663e x26=0xf92c60c2
        1005000	        99	800002d0	01c29293	slli	x5,x5,0x1c	  x5:0xf9cfcd44  x5=0x40000000
        1015000	       100	800002d4	00eba223	sw	x14,4(x23)	 x23:0x80009f64 x14:0x80000144 PA:0x80009f68
        1025000	       101	800002d8	7c9ef193	andi	x3,x29,1993	 x29:0x00000000  x3=0x00000000
        1035000	       102	800002dc	197fec13	ori	x24,x31,407	 x31:0x00000000 x24=0x00000197
        1045000	       103	800002e0	a5403093	sltiu	x1,x0,-1452	  x0:0x00000000  x1=0x00000001
        1055000	       104	800002e4	00001317	auipc	x6,0x1	  x6=0x800012e0
        1065000	       105	800002e8	49830313	addi	x6,x6,1176	  x6:0x800012e0  x6=0x80001778
        1075000	       106	800002ec	ed230313	addi	x6,x6,-302	  x6:0x80001778  x6=0x8000164a
        1085000	       107	800002f0	015e9d93	slli	x27,x29,0x15	 x29:0x00000000 x27=0x00000000
        1095000	       108	800002f4	186e70b7	lui	x1,0x186e7	  x1=0x186e7000
        1105000	       109	800002f8	006f4663	blt	x30,x6,80000304	 x30:0x80000000  x6:0x8000164a
        1115000	       110	00000000	00000013	addi	x0,x0,0	  x0:0x00000000
        1125000	       111	80000300	00000013	addi	x0,x0,0	  x0:0x00000000
        1135000	       112	80000304	12e30767	jalr	x14,x6,302	  x6:0x8000164a x14=0x80000304
        1145000	       113	00000000	00000013	addi	x0,x0,0	  x0:0x00000000
        1155000	       114	80001778	00000013	addi	x0,x0,0	  x0:0x00000000
        1165000	       115	8000177c	fd4b8b93	addi	x23,x23,-44	 x23:0x80009f64 x23=0x80009f38
        1175000	       116	80001780	bd2ea397	auipc	x7,0xbd2ea	  x7=0x3d2eb77c
        1185000	       117	80001784	01687c33	and	x24,x16,x22	 x16:0x00000000 x22:0x80000000 x24=0x00000000
        1195000	       118	80001788	0047e6b3	or	x13,x15,x4	 x15:0x80000000  x4:0x80009fc4 x13=0x80009fc4
        1205000	       119	8000178c	00eba223	sw	x14,4(x23)	 x23:0x80009f38 x14:0x80000304 PA:0x80009f3c
        1215000	       120	80001790	7b492e13	slti	x28,x18,1972	 x18:0x00000001 x28=0x00000001
        1225000	       121	80001794	9ce8f513	andi	x10,x17,-1586	 x17:0xfe35440d x10=0xfe35400c
        1235000	       122	80001798	870d5db7	lui	x27,0x870d5	 x27=0x870d5000
        1245000	       123	8000179c	6ec2eab7	lui	x21,0x6ec2e	 x21=0x6ec2e000
        1255000	       124	800017a0	00037a33	and	x20,x6,x0	  x6:0x8000164a  x0:0x00000000 x20=0x00000000
        1265000	       125	800017a4	405ad693	srai	x13,x21,0x5	 x21:0x6ec2e000 x13=0x03761700
        1275000	       126	800017a8	00c29a13	slli	x20,x5,0xc	  x5:0x40000000 x20=0x00000000
        1285000	       127	800017ac	00400613	addi	x12,x0,4	  x0:0x00000000 x12=0x00000004
        1295000	       128	800017b0	001aa133	slt	x2,x21,x1	 x21:0x6ec2e000  x1:0x186e7000  x2=0x00000000
        1305000	       129	800017b4	00f4d8b3	srl	x17,x9,x15	  x9:0x00001000 x15:0x80000000 x17=0x00001000
        1315000	       130	800017b8	00400993	addi	x19,x0,4	  x0:0x00000000 x19=0x00000004
        1325000	       131	800017bc	015cc2b3	xor	x5,x25,x21	 x25:0xfffffe2d x21:0x6ec2e000  x5=0x913d1e2d
        1335000	       132	800017c0	0015bcb3	sltu	x25,x11,x1	 x11:0x0000000b  x1:0x186e7000 x25=0x00000001
        1345000	       133	800017c4	00f4a4b3	slt	x9,x9,x15	  x9:0x00001000 x15:0x80000000  x9=0x00000000
        1355000	       134	800017c8	48c1ad93	slti	x27,x3,1164	  x3:0x00000000 x27=0x00000001
        1365000	       135	800017cc	fff60613	addi	x12,x12,-1	 x12:0x00000004 x12=0x00000003
        1375000	       136	800017d0	ffc00a93	addi	x21,x0,-4	  x0:0x00000000 x21=0xfffffffc
        1385000	       137	800017d4	44b58d37	lui	x26,0x44b58	 x26=0x44b58000
        1395000	       138	800017d8	ffd00193	addi	x3,x0,-3	  x0:0x00000000  x3=0xfffffffd
        1405000	       139	800017dc	0ca88d13	addi	x26,x17,202	 x17:0x00001000 x26=0x000010ca
        1415000	       140	800017e0	009a8a93	addi	x21,x21,9	 x21:0xfffffffc x21=0x00000005
        1425000	       141	800017e4	01f16533	or	x10,x2,x31	  x2:0x00000000 x31:0x00000000 x10=0x00000000
        1435000	       142	800017e8	fe3acae3	blt	x21,x3,800017dc	 x21:0x00000005  x3:0xfffffffd
        1445000	       143	800017ec	00000013	addi	x0,x0,0	  x0:0x00000000
        1455000	       144	800017f0	fd367ae3	bgeu	x12,x19,800017c4	 x12:0x00000003 x19:0x00000004
        1465000	       145	800017f4	015510b3	sll	x1,x10,x21	 x10:0x00000000 x21:0x00000005  x1=0x00000000
        1475000	       146	800017f8	00800893	addi	x17,x0,8	  x0:0x00000000 x17=0x00000008
        1485000	       147	800017fc	00db1b33	sll	x22,x22,x13	 x22:0x80000000 x13:0x03761700 x22=0x80000000
        1495000	       148	80001800	638c3f13	sltiu	x30,x24,1592	 x24:0x00000000 x30=0x00000001
        1505000	       149	80001804	01d39313	slli	x6,x7,0x1d	  x7:0x3d2eb77c  x6=0x80000000
        1515000	       150	80001808	8c6ff397	auipc	x7,0x8c6ff	  x7=0x0c700804
        1525000	       151	8000180c	401a5a33	sra	x20,x20,x1	 x20:0x00000000  x1:0x00000000 x20=0x00000000
        1535000	       152	80001810	013691b3	sll	x3,x13,x19	 x13:0x03761700 x19:0x00000004  x3=0x37617000
        1545000	       153	80001814	01100513	addi	x10,x0,17	  x0:0x00000000 x10=0x00000011
        1555000	       154	80001818	417ede93	srai	x29,x29,0x17	 x29:0x00000000 x29=0x00000000
        1565000	       155	8000181c	0097d013	srli	x0,x15,0x9	 x15:0x80000000
        1575000	       156	80001820	00e8a9b3	slt	x19,x17,x14	 x17:0x00000008 x14:0x80000304 x19=0x00000000
        1585000	       157	80001824	9796a093	slti	x1,x13,-1671	 x13:0x03761700  x1=0x00000000
        1595000	       158	80001828	01c0fb33	and	x22,x1,x28	  x1:0x00000000 x28:0x00000001 x22=0x00000000
        1605000	       159	8000182c	00588893	addi	x17,x17,5	 x17:0x00000008 x17=0x0000000d
        1615000	       160	80001830	0172d713	srli	x14,x5,0x17	  x5:0x913d1e2d x14=0x00000122
        1625000	       161	80001834	41c357b3	sra	x15,x6,x28	  x6:0x80000000 x28:0x00000001 x15=0xc0000000
        1635000	       162	80001838	ed93c117	auipc	x2,0xed93c	  x2=0x6d93d834
        1645000	       163	8000183c	60bfe293	ori	x5,x31,1547	 x31:0x00000000  x5=0x0000060b
        1655000	       164	80001840	01d281b3	add	x3,x5,x29	  x5:0x0000060b x29:0x00000000  x3=0x0000060b
        1665000	       165	80001844	4051d313	srai	x6,x3,0x5	  x3:0x0000060b  x6=0x00000030
        1675000	       166	80001848	3508af13	slti	x30,x17,848	 x17:0x0000000d x30=0x00000001
        1685000	       167	8000184c	00000013	addi	x0,x0,0	  x0:0x00000000
        1695000	       168	80001850	96eb3713	sltiu	x14,x22,-1682	 x22:0x00000000 x14=0x00000001
        1705000	       169	80001854	01741e13	slli	x28,x8,0x17	  x8:0xf92c663e x28=0x1f000000
        1715000	       170	80001858	00b21d33	sll	x26,x4,x11	  x4:0x80009fc4 x11:0x0000000b x26=0x04fe2000
        1725000	       171	8000185c	01886fb3	or	x31,x16,x24	 x16:0x00000000 x24:0x00000000 x31=0x00000000
        1735000	       172	80001860	0089a333	slt	x6,x19,x8	 x19:0x00000000  x8:0xf92c663e  x6=0x00000000
        1745000	       173	80001864	00572cb3	slt	x25,x14,x5	 x14:0x00000001  x5:0x0000060b x25=0x00000001
        1755000	       174	80001868	faa8ece3	bltu	x17,x10,80001820	 x17:0x0000000d x10:0x00000011
        1765000	       175	00000000	00000013	addi	x0,x0,0	  x0:0x00000000
        1775000	       176	8000181c	00000013	addi	x0,x0,0	  x0:0x00000000
        1785000	       177	80001820	00e8a9b3	slt	x19,x17,x14	 x17:0x0000000d x14:0x00000001 x19=0x00000000
        1795000	       178	80001824	9796a093	slti	x1,x13,-1671	 x13:0x03761700  x1=0x00000000
        1805000	       179	80001828	01c0fb33	and	x22,x1,x28	  x1:0x00000000 x28:0x1f000000 x22=0x00000000
        1815000	       180	8000182c	00588893	addi	x17,x17,5	 x17:0x0000000d x17=0x00000012
        1825000	       181	80001830	0172d713	srli	x14,x5,0x17	  x5:0x0000060b x14=0x00000000
        1835000	       182	80001834	41c357b3	sra	x15,x6,x28	  x6:0x00000000 x28:0x1f000000 x15=0x00000000
        1845000	       183	80001838	ed93c117	auipc	x2,0xed93c	  x2=0x6d93d834
        1855000	       184	8000183c	60bfe293	ori	x5,x31,1547	 x31:0x00000000  x5=0x0000060b
        1865000	       185	80001840	01d281b3	add	x3,x5,x29	  x5:0x0000060b x29:0x00000000  x3=0x0000060b
        1875000	       186	80001844	4051d313	srai	x6,x3,0x5	  x3:0x0000060b  x6=0x00000030
        1885000	       187	80001848	3508af13	slti	x30,x17,848	 x17:0x00000012 x30=0x00000001
        1895000	       188	8000184c	00000013	addi	x0,x0,0	  x0:0x00000000
        1905000	       189	80001850	96eb3713	sltiu	x14,x22,-1682	 x22:0x00000000 x14=0x00000001
        1915000	       190	80001854	01741e13	slli	x28,x8,0x17	  x8:0xf92c663e x28=0x1f000000
        1925000	       191	80001858	00b21d33	sll	x26,x4,x11	  x4:0x80009fc4 x11:0x0000000b x26=0x04fe2000
        1935000	       192	8000185c	01886fb3	or	x31,x16,x24	 x16:0x00000000 x24:0x00000000 x31=0x00000000
        1945000	       193	80001860	0089a333	slt	x6,x19,x8	 x19:0x00000000  x8:0xf92c663e  x6=0x00000000
        1955000	       194	80001864	00572cb3	slt	x25,x14,x5	 x14:0x00000001  x5:0x0000060b x25=0x00000001
        1965000	       195	80001868	faa8ece3	bltu	x17,x10,80001820	 x17:0x00000012 x10:0x00000011
        1975000	       196	8000186c	01c0b4b3	sltu	x9,x1,x28	  x1:0x00000000 x28:0x1f000000  x9=0x00000001
        1985000	       197	80001870	00000093	addi	x1,x0,0	  x0:0x00000000  x1=0x00000000
        1995000	       198	80001874	0074be33	sltu	x28,x9,x7	  x9:0x00000001  x7:0x0c700804 x28=0x00000001
        2005000	       199	80001878	ff000d13	addi	x26,x0,-16	  x0:0x00000000 x26=0xfffffff0
        2015000	       200	8000187c	c9cea513	slti	x10,x29,-868	 x29:0x00000000 x10=0x00000000
        2025000	       201	80001880	fff08093	addi	x1,x1,-1	  x1:0x00000000  x1=0xffffffff
        2035000	       202	80001884	4068d4b3	sra	x9,x17,x6	 x17:0x00000012  x6:0x00000000  x9=0x00000012
        2045000	       203	80001888	9f90a693	slti	x13,x1,-1543	  x1:0xffffffff x13=0x00000000
        2055000	       204	8000188c	00600913	addi	x18,x0,6	  x0:0x00000000 x18=0x00000006
        2065000	       205	80001890	00800a93	addi	x21,x0,8	  x0:0x00000000 x21=0x00000008
        2075000	       206	80001894	005ff3b3	and	x7,x31,x5	 x31:0x00000000  x5:0x0000060b  x7=0x00000000
        2085000	       207	80001898	01a04133	xor	x2,x0,x26	  x0:0x00000000 x26:0xfffffff0  x2=0xfffffff0
        2095000	       208	8000189c	4086d6b3	sra	x13,x13,x8	 x13:0x00000000  x8:0xf92c663e x13=0x00000000
        2105000	       209	800018a0	00551413	slli	x8,x10,0x5	 x10:0x00000000  x8=0x00000000
        2115000	       210	800018a4	00990913	addi	x18,x18,9	 x18:0x00000006 x18=0x0000000f
        2125000	       211	800018a8	ff5966e3	bltu	x18,x21,80001894	 x18:0x0000000f x21:0x00000008
        2135000	       212	800018ac	fda0d8e3	bge	x1,x26,8000187c	  x1:0xffffffff x26:0xfffffff0
        2145000	       213	00000000	00000013	addi	x0,x0,0	  x0:0x00000000
        2155000	       214	80001878	00000013	addi	x0,x0,0	  x0:0x00000000
        2165000	       215	8000187c	c9cea513	slti	x10,x29,-868	 x29:0x00000000 x10=0x00000000
        2175000	       216	80001880	fff08093	addi	x1,x1,-1	  x1:0xffffffff  x1=0xfffffffe
        2185000	       217	80001884	4068d4b3	sra	x9,x17,x6	 x17:0x00000012  x6:0x00000000  x9=0x00000012
        2195000	       218	80001888	9f90a693	slti	x13,x1,-1543	  x1:0xfffffffe x13=0x00000000
        2205000	       219	8000188c	00600913	addi	x18,x0,6	  x0:0x00000000 x18=0x00000006
        2215000	       220	80001890	00800a93	addi	x21,x0,8	  x0:0x00000000 x21=0x00000008
        2225000	       221	80001894	005ff3b3	and	x7,x31,x5	 x31:0x00000000  x5:0x0000060b  x7=0x00000000
        2235000	       222	80001898	01a04133	xor	x2,x0,x26	  x0:0x00000000 x26:0xfffffff0  x2=0xfffffff0
        2245000	       223	8000189c	4086d6b3	sra	x13,x13,x8	 x13:0x00000000  x8:0x00000000 x13=0x00000000
        2255000	       224	800018a0	00551413	slli	x8,x10,0x5	 x10:0x00000000  x8=0x00000000
        2265000	       225	800018a4	00990913	addi	x18,x18,9	 x18:0x00000006 x18=0x0000000f
        2275000	       226	800018a8	ff5966e3	bltu	x18,x21,80001894	 x18:0x0000000f x21:0x00000008
        2285000	       227	800018ac	fda0d8e3	bge	x1,x26,8000187c	  x1:0xfffffffe x26:0xfffffff0
        2295000	       228	00000000	00000013	addi	x0,x0,0	  x0:0x00000000
        2305000	       229	80001878	00000013	addi	x0,x0,0	  x0:0x00000000
        2315000	       230	8000187c	c9cea513	slti	x10,x29,-868	 x29:0x00000000 x10=0x00000000
        2325000	       231	80001880	fff08093	addi	x1,x1,-1	  x1:0xfffffffe  x1=0xfffffffd
        2335000	       232	80001884	4068d4b3	sra	x9,x17,x6	 x17:0x00000012  x6:0x00000000  x9=0x00000012
        2345000	       233	80001888	9f90a693	slti	x13,x1,-1543	  x1:0xfffffffd x13=0x00000000
        2355000	       234	8000188c	00600913	addi	x18,x0,6	  x0:0x00000000 x18=0x00000006
        2365000	       235	80001890	00800a93	addi	x21,x0,8	  x0:0x00000000 x21=0x00000008
        2375000	       236	80001894	005ff3b3	and	x7,x31,x5	 x31:0x00000000  x5:0x0000060b  x7=0x00000000
        2385000	       237	80001898	01a04133	xor	x2,x0,x26	  x0:0x00000000 x26:0xfffffff0  x2=0xfffffff0
        2395000	       238	8000189c	4086d6b3	sra	x13,x13,x8	 x13:0x00000000  x8:0x00000000 x13=0x00000000
        2405000	       239	800018a0	00551413	slli	x8,x10,0x5	 x10:0x00000000  x8=0x00000000
        2415000	       240	800018a4	00990913	addi	x18,x18,9	 x18:0x00000006 x18=0x0000000f
        2425000	       241	800018a8	ff5966e3	bltu	x18,x21,80001894	 x18:0x0000000f x21:0x00000008
        2435000	       242	800018ac	fda0d8e3	bge	x1,x26,8000187c	  x1:0xfffffffd x26:0xfffffff0
        2445000	       243	00000000	00000013	addi	x0,x0,0	  x0:0x00000000
        2455000	       244	80001878	00000013	addi	x0,x0,0	  x0:0x00000000
        2465000	       245	8000187c	c9cea513	slti	x10,x29,-868	 x29:0x00000000 x10=0x00000000
        2475000	       246	80001880	fff08093	addi	x1,x1,-1	  x1:0xfffffffd  x1=0xfffffffc
        2485000	       247	80001884	4068d4b3	sra	x9,x17,x6	 x17:0x00000012  x6:0x00000000  x9=0x00000012
        2495000	       248	80001888	9f90a693	slti	x13,x1,-1543	  x1:0xfffffffc x13=0x00000000
        2505000	       249	8000188c	00600913	addi	x18,x0,6	  x0:0x00000000 x18=0x00000006
        2515000	       250	80001890	00800a93	addi	x21,x0,8	  x0:0x00000000 x21=0x00000008
        2525000	       251	80001894	005ff3b3	and	x7,x31,x5	 x31:0x00000000  x5:0x0000060b  x7=0x00000000
        2535000	       252	80001898	01a04133	xor	x2,x0,x26	  x0:0x00000000 x26:0xfffffff0  x2=0xfffffff0
        2545000	       253	8000189c	4086d6b3	sra	x13,x13,x8	 x13:0x00000000  x8:0x00000000 x13=0x00000000
        2555000	       254	800018a0	00551413	slli	x8,x10,0x5	 x10:0x00000000  x8=0x00000000
        2565000	       255	800018a4	00990913	addi	x18,x18,9	 x18:0x00000006 x18=0x0000000f
        2575000	       256	800018a8	ff5966e3	bltu	x18,x21,80001894	 x18:0x0000000f x21:0x00000008
        2585000	       257	800018ac	fda0d8e3	bge	x1,x26,8000187c	  x1:0xfffffffc x26:0xfffffff0
        2595000	       258	00000000	00000013	addi	x0,x0,0	  x0:0x00000000
        2605000	       259	80001878	00000013	addi	x0,x0,0	  x0:0x00000000
        2615000	       260	8000187c	c9cea513	slti	x10,x29,-868	 x29:0x00000000 x10=0x00000000
        2625000	       261	80001880	fff08093	addi	x1,x1,-1	  x1:0xfffffffc  x1=0xfffffffb
        2635000	       262	80001884	4068d4b3	sra	x9,x17,x6	 x17:0x00000012  x6:0x00000000  x9=0x00000012
        2645000	       263	80001888	9f90a693	slti	x13,x1,-1543	  x1:0xfffffffb x13=0x00000000
        2655000	       264	8000188c	00600913	addi	x18,x0,6	  x0:0x00000000 x18=0x00000006
        2665000	       265	80001890	00800a93	addi	x21,x0,8	  x0:0x00000000 x21=0x00000008
        2675000	       266	80001894	005ff3b3	and	x7,x31,x5	 x31:0x00000000  x5:0x0000060b  x7=0x00000000
        2685000	       267	80001898	01a04133	xor	x2,x0,x26	  x0:0x00000000 x26:0xfffffff0  x2=0xfffffff0
        2695000	       268	8000189c	4086d6b3	sra	x13,x13,x8	 x13:0x00000000  x8:0x00000000 x13=0x00000000
        2705000	       269	800018a0	00551413	slli	x8,x10,0x5	 x10:0x00000000  x8=0x00000000
        2715000	       270	800018a4	00990913	addi	x18,x18,9	 x18:0x00000006 x18=0x0000000f
        2725000	       271	800018a8	ff5966e3	bltu	x18,x21,80001894	 x18:0x0000000f x21:0x00000008
        2735000	       272	800018ac	fda0d8e3	bge	x1,x26,8000187c	  x1:0xfffffffb x26:0xfffffff0
        2745000	       273	00000000	00000013	addi	x0,x0,0	  x0:0x00000000
        2755000	       274	80001878	00000013	addi	x0,x0,0	  x0:0x00000000
        2765000	       275	8000187c	c9cea513	slti	x10,x29,-868	 x29:0x00000000 x10=0x00000000
        2775000	       276	80001880	fff08093	addi	x1,x1,-1	  x1:0xfffffffb  x1=0xfffffffa
        2785000	       277	80001884	4068d4b3	sra	x9,x17,x6	 x17:0x00000012  x6:0x00000000  x9=0x00000012
        2795000	       278	80001888	9f90a693	slti	x13,x1,-1543	  x1:0xfffffffa x13=0x00000000
        2805000	       279	8000188c	00600913	addi	x18,x0,6	  x0:0x00000000 x18=0x00000006
        2815000	       280	80001890	00800a93	addi	x21,x0,8	  x0:0x00000000 x21=0x00000008
        2825000	       281	80001894	005ff3b3	and	x7,x31,x5	 x31:0x00000000  x5:0x0000060b  x7=0x00000000
        2835000	       282	80001898	01a04133	xor	x2,x0,x26	  x0:0x00000000 x26:0xfffffff0  x2=0xfffffff0
        2845000	       283	8000189c	4086d6b3	sra	x13,x13,x8	 x13:0x00000000  x8:0x00000000 x13=0x00000000
        2855000	       284	800018a0	00551413	slli	x8,x10,0x5	 x10:0x00000000  x8=0x00000000
        2865000	       285	800018a4	00990913	addi	x18,x18,9	 x18:0x00000006 x18=0x0000000f
        2875000	       286	800018a8	ff5966e3	bltu	x18,x21,80001894	 x18:0x0000000f x21:0x00000008
        2885000	       287	800018ac	fda0d8e3	bge	x1,x26,8000187c	  x1:0xfffffffa x26:0xfffffff0
        2895000	       288	00000000	00000013	addi	x0,x0,0	  x0:0x00000000
        2905000	       289	80001878	00000013	addi	x0,x0,0	  x0:0x00000000
        2915000	       290	8000187c	c9cea513	slti	x10,x29,-868	 x29:0x00000000 x10=0x00000000
        2925000	       291	80001880	fff08093	addi	x1,x1,-1	  x1:0xfffffffa  x1=0xfffffff9
        2935000	       292	80001884	4068d4b3	sra	x9,x17,x6	 x17:0x00000012  x6:0x00000000  x9=0x00000012
        2945000	       293	80001888	9f90a693	slti	x13,x1,-1543	  x1:0xfffffff9 x13=0x00000000
        2955000	       294	8000188c	00600913	addi	x18,x0,6	  x0:0x00000000 x18=0x00000006
        2965000	       295	80001890	00800a93	addi	x21,x0,8	  x0:0x00000000 x21=0x00000008
        2975000	       296	80001894	005ff3b3	and	x7,x31,x5	 x31:0x00000000  x5:0x0000060b  x7=0x00000000
        2985000	       297	80001898	01a04133	xor	x2,x0,x26	  x0:0x00000000 x26:0xfffffff0  x2=0xfffffff0
        2995000	       298	8000189c	4086d6b3	sra	x13,x13,x8	 x13:0x00000000  x8:0x00000000 x13=0x00000000
        3005000	       299	800018a0	00551413	slli	x8,x10,0x5	 x10:0x00000000  x8=0x00000000
        3015000	       300	800018a4	00990913	addi	x18,x18,9	 x18:0x00000006 x18=0x0000000f
        3025000	       301	800018a8	ff5966e3	bltu	x18,x21,80001894	 x18:0x0000000f x21:0x00000008
        3035000	       302	800018ac	fda0d8e3	bge	x1,x26,8000187c	  x1:0xfffffff9 x26:0xfffffff0
        3045000	       303	00000000	00000013	addi	x0,x0,0	  x0:0x00000000
        3055000	       304	80001878	00000013	addi	x0,x0,0	  x0:0x00000000
        3065000	       305	8000187c	c9cea513	slti	x10,x29,-868	 x29:0x00000000 x10=0x00000000
        3075000	       306	80001880	fff08093	addi	x1,x1,-1	  x1:0xfffffff9  x1=0xfffffff8
        3085000	       307	80001884	4068d4b3	sra	x9,x17,x6	 x17:0x00000012  x6:0x00000000  x9=0x00000012
        3095000	       308	80001888	9f90a693	slti	x13,x1,-1543	  x1:0xfffffff8 x13=0x00000000
        3105000	       309	8000188c	00600913	addi	x18,x0,6	  x0:0x00000000 x18=0x00000006
        3115000	       310	80001890	00800a93	addi	x21,x0,8	  x0:0x00000000 x21=0x00000008
        3125000	       311	80001894	005ff3b3	and	x7,x31,x5	 x31:0x00000000  x5:0x0000060b  x7=0x00000000
        3135000	       312	80001898	01a04133	xor	x2,x0,x26	  x0:0x00000000 x26:0xfffffff0  x2=0xfffffff0
        3145000	       313	8000189c	4086d6b3	sra	x13,x13,x8	 x13:0x00000000  x8:0x00000000 x13=0x00000000
        3155000	       314	800018a0	00551413	slli	x8,x10,0x5	 x10:0x00000000  x8=0x00000000
        3165000	       315	800018a4	00990913	addi	x18,x18,9	 x18:0x00000006 x18=0x0000000f
        3175000	       316	800018a8	ff5966e3	bltu	x18,x21,80001894	 x18:0x0000000f x21:0x00000008
        3185000	       317	800018ac	fda0d8e3	bge	x1,x26,8000187c	  x1:0xfffffff8 x26:0xfffffff0
        3195000	       318	00000000	00000013	addi	x0,x0,0	  x0:0x00000000
        3205000	       319	80001878	00000013	addi	x0,x0,0	  x0:0x00000000
        3215000	       320	8000187c	c9cea513	slti	x10,x29,-868	 x29:0x00000000 x10=0x00000000
        3225000	       321	80001880	fff08093	addi	x1,x1,-1	  x1:0xfffffff8  x1=0xfffffff7
        3235000	       322	80001884	4068d4b3	sra	x9,x17,x6	 x17:0x00000012  x6:0x00000000  x9=0x00000012
        3245000	       323	80001888	9f90a693	slti	x13,x1,-1543	  x1:0xfffffff7 x13=0x00000000
        3255000	       324	8000188c	00600913	addi	x18,x0,6	  x0:0x00000000 x18=0x00000006
        3265000	       325	80001890	00800a93	addi	x21,x0,8	  x0:0x00000000 x21=0x00000008
        3275000	       326	80001894	005ff3b3	and	x7,x31,x5	 x31:0x00000000  x5:0x0000060b  x7=0x00000000
        3285000	       327	80001898	01a04133	xor	x2,x0,x26	  x0:0x00000000 x26:0xfffffff0  x2=0xfffffff0
        3295000	       328	8000189c	4086d6b3	sra	x13,x13,x8	 x13:0x00000000  x8:0x00000000 x13=0x00000000
        3305000	       329	800018a0	00551413	slli	x8,x10,0x5	 x10:0x00000000  x8=0x00000000
        3315000	       330	800018a4	00990913	addi	x18,x18,9	 x18:0x00000006 x18=0x0000000f
        3325000	       331	800018a8	ff5966e3	bltu	x18,x21,80001894	 x18:0x0000000f x21:0x00000008
        3335000	       332	800018ac	fda0d8e3	bge	x1,x26,8000187c	  x1:0xfffffff7 x26:0xfffffff0
        3345000	       333	00000000	00000013	addi	x0,x0,0	  x0:0x00000000
        3355000	       334	80001878	00000013	addi	x0,x0,0	  x0:0x00000000
        3365000	       335	8000187c	c9cea513	slti	x10,x29,-868	 x29:0x00000000 x10=0x00000000
        3375000	       336	80001880	fff08093	addi	x1,x1,-1	  x1:0xfffffff7  x1=0xfffffff6
        3385000	       337	80001884	4068d4b3	sra	x9,x17,x6	 x17:0x00000012  x6:0x00000000  x9=0x00000012
        3395000	       338	80001888	9f90a693	slti	x13,x1,-1543	  x1:0xfffffff6 x13=0x00000000
        3405000	       339	8000188c	00600913	addi	x18,x0,6	  x0:0x00000000 x18=0x00000006
        3415000	       340	80001890	00800a93	addi	x21,x0,8	  x0:0x00000000 x21=0x00000008
        3425000	       341	80001894	005ff3b3	and	x7,x31,x5	 x31:0x00000000  x5:0x0000060b  x7=0x00000000
        3435000	       342	80001898	01a04133	xor	x2,x0,x26	  x0:0x00000000 x26:0xfffffff0  x2=0xfffffff0
        3445000	       343	8000189c	4086d6b3	sra	x13,x13,x8	 x13:0x00000000  x8:0x00000000 x13=0x00000000
        3455000	       344	800018a0	00551413	slli	x8,x10,0x5	 x10:0x00000000  x8=0x00000000
        3465000	       345	800018a4	00990913	addi	x18,x18,9	 x18:0x00000006 x18=0x0000000f
        3475000	       346	800018a8	ff5966e3	bltu	x18,x21,80001894	 x18:0x0000000f x21:0x00000008
        3485000	       347	800018ac	fda0d8e3	bge	x1,x26,8000187c	  x1:0xfffffff6 x26:0xfffffff0
        3495000	       348	00000000	00000013	addi	x0,x0,0	  x0:0x00000000
        3505000	       349	80001878	00000013	addi	x0,x0,0	  x0:0x00000000
        3515000	       350	8000187c	c9cea513	slti	x10,x29,-868	 x29:0x00000000 x10=0x00000000
        3525000	       351	80001880	fff08093	addi	x1,x1,-1	  x1:0xfffffff6  x1=0xfffffff5
        3535000	       352	80001884	4068d4b3	sra	x9,x17,x6	 x17:0x00000012  x6:0x00000000  x9=0x00000012
        3545000	       353	80001888	9f90a693	slti	x13,x1,-1543	  x1:0xfffffff5 x13=0x00000000
        3555000	       354	8000188c	00600913	addi	x18,x0,6	  x0:0x00000000 x18=0x00000006
        3565000	       355	80001890	00800a93	addi	x21,x0,8	  x0:0x00000000 x21=0x00000008
        3575000	       356	80001894	005ff3b3	and	x7,x31,x5	 x31:0x00000000  x5:0x0000060b  x7=0x00000000
        3585000	       357	80001898	01a04133	xor	x2,x0,x26	  x0:0x00000000 x26:0xfffffff0  x2=0xfffffff0
        3595000	       358	8000189c	4086d6b3	sra	x13,x13,x8	 x13:0x00000000  x8:0x00000000 x13=0x00000000
        3605000	       359	800018a0	00551413	slli	x8,x10,0x5	 x10:0x00000000  x8=0x00000000
        3615000	       360	800018a4	00990913	addi	x18,x18,9	 x18:0x00000006 x18=0x0000000f
        3625000	       361	800018a8	ff5966e3	bltu	x18,x21,80001894	 x18:0x0000000f x21:0x00000008
        3635000	       362	800018ac	fda0d8e3	bge	x1,x26,8000187c	  x1:0xfffffff5 x26:0xfffffff0
        3645000	       363	00000000	00000013	addi	x0,x0,0	  x0:0x00000000
        3655000	       364	80001878	00000013	addi	x0,x0,0	  x0:0x00000000
        3665000	       365	8000187c	c9cea513	slti	x10,x29,-868	 x29:0x00000000 x10=0x00000000
        3675000	       366	80001880	fff08093	addi	x1,x1,-1	  x1:0xfffffff5  x1=0xfffffff4
        3685000	       367	80001884	4068d4b3	sra	x9,x17,x6	 x17:0x00000012  x6:0x00000000  x9=0x00000012
        3695000	       368	80001888	9f90a693	slti	x13,x1,-1543	  x1:0xfffffff4 x13=0x00000000
        3705000	       369	8000188c	00600913	addi	x18,x0,6	  x0:0x00000000 x18=0x00000006
        3715000	       370	80001890	00800a93	addi	x21,x0,8	  x0:0x00000000 x21=0x00000008
        3725000	       371	80001894	005ff3b3	and	x7,x31,x5	 x31:0x00000000  x5:0x0000060b  x7=0x00000000
        3735000	       372	80001898	01a04133	xor	x2,x0,x26	  x0:0x00000000 x26:0xfffffff0  x2=0xfffffff0
        3745000	       373	8000189c	4086d6b3	sra	x13,x13,x8	 x13:0x00000000  x8:0x00000000 x13=0x00000000
        3755000	       374	800018a0	00551413	slli	x8,x10,0x5	 x10:0x00000000  x8=0x00000000
        3765000	       375	800018a4	00990913	addi	x18,x18,9	 x18:0x00000006 x18=0x0000000f
        3775000	       376	800018a8	ff5966e3	bltu	x18,x21,80001894	 x18:0x0000000f x21:0x00000008
        3785000	       377	800018ac	fda0d8e3	bge	x1,x26,8000187c	  x1:0xfffffff4 x26:0xfffffff0
        3795000	       378	00000000	00000013	addi	x0,x0,0	  x0:0x00000000
        3805000	       379	80001878	00000013	addi	x0,x0,0	  x0:0x00000000
        3815000	       380	8000187c	c9cea513	slti	x10,x29,-868	 x29:0x00000000 x10=0x00000000
        3825000	       381	80001880	fff08093	addi	x1,x1,-1	  x1:0xfffffff4  x1=0xfffffff3
        3835000	       382	80001884	4068d4b3	sra	x9,x17,x6	 x17:0x00000012  x6:0x00000000  x9=0x00000012
        3845000	       383	80001888	9f90a693	slti	x13,x1,-1543	  x1:0xfffffff3 x13=0x00000000
        3855000	       384	8000188c	00600913	addi	x18,x0,6	  x0:0x00000000 x18=0x00000006
        3865000	       385	80001890	00800a93	addi	x21,x0,8	  x0:0x00000000 x21=0x00000008
        3875000	       386	80001894	005ff3b3	and	x7,x31,x5	 x31:0x00000000  x5:0x0000060b  x7=0x00000000
        3885000	       387	80001898	01a04133	xor	x2,x0,x26	  x0:0x00000000 x26:0xfffffff0  x2=0xfffffff0
        3895000	       388	8000189c	4086d6b3	sra	x13,x13,x8	 x13:0x00000000  x8:0x00000000 x13=0x00000000
        3905000	       389	800018a0	00551413	slli	x8,x10,0x5	 x10:0x00000000  x8=0x00000000
        3915000	       390	800018a4	00990913	addi	x18,x18,9	 x18:0x00000006 x18=0x0000000f
        3925000	       391	800018a8	ff5966e3	bltu	x18,x21,80001894	 x18:0x0000000f x21:0x00000008
        3935000	       392	800018ac	fda0d8e3	bge	x1,x26,8000187c	  x1:0xfffffff3 x26:0xfffffff0
        3945000	       393	00000000	00000013	addi	x0,x0,0	  x0:0x00000000
        3955000	       394	80001878	00000013	addi	x0,x0,0	  x0:0x00000000
        3965000	       395	8000187c	c9cea513	slti	x10,x29,-868	 x29:0x00000000 x10=0x00000000
        3975000	       396	80001880	fff08093	addi	x1,x1,-1	  x1:0xfffffff3  x1=0xfffffff2
        3985000	       397	80001884	4068d4b3	sra	x9,x17,x6	 x17:0x00000012  x6:0x00000000  x9=0x00000012
        3995000	       398	80001888	9f90a693	slti	x13,x1,-1543	  x1:0xfffffff2 x13=0x00000000
        4005000	       399	8000188c	00600913	addi	x18,x0,6	  x0:0x00000000 x18=0x00000006
        4015000	       400	80001890	00800a93	addi	x21,x0,8	  x0:0x00000000 x21=0x00000008
        4025000	       401	80001894	005ff3b3	and	x7,x31,x5	 x31:0x00000000  x5:0x0000060b  x7=0x00000000
        4035000	       402	80001898	01a04133	xor	x2,x0,x26	  x0:0x00000000 x26:0xfffffff0  x2=0xfffffff0
        4045000	       403	8000189c	4086d6b3	sra	x13,x13,x8	 x13:0x00000000  x8:0x00000000 x13=0x00000000
        4055000	       404	800018a0	00551413	slli	x8,x10,0x5	 x10:0x00000000  x8=0x00000000
        4065000	       405	800018a4	00990913	addi	x18,x18,9	 x18:0x00000006 x18=0x0000000f
        4075000	       406	800018a8	ff5966e3	bltu	x18,x21,80001894	 x18:0x0000000f x21:0x00000008
        4085000	       407	800018ac	fda0d8e3	bge	x1,x26,8000187c	  x1:0xfffffff2 x26:0xfffffff0
        4095000	       408	00000000	00000013	addi	x0,x0,0	  x0:0x00000000
        4105000	       409	80001878	00000013	addi	x0,x0,0	  x0:0x00000000
        4115000	       410	8000187c	c9cea513	slti	x10,x29,-868	 x29:0x00000000 x10=0x00000000
        4125000	       411	80001880	fff08093	addi	x1,x1,-1	  x1:0xfffffff2  x1=0xfffffff1
        4135000	       412	80001884	4068d4b3	sra	x9,x17,x6	 x17:0x00000012  x6:0x00000000  x9=0x00000012
        4145000	       413	80001888	9f90a693	slti	x13,x1,-1543	  x1:0xfffffff1 x13=0x00000000
        4155000	       414	8000188c	00600913	addi	x18,x0,6	  x0:0x00000000 x18=0x00000006
        4165000	       415	80001890	00800a93	addi	x21,x0,8	  x0:0x00000000 x21=0x00000008
        4175000	       416	80001894	005ff3b3	and	x7,x31,x5	 x31:0x00000000  x5:0x0000060b  x7=0x00000000
        4185000	       417	80001898	01a04133	xor	x2,x0,x26	  x0:0x00000000 x26:0xfffffff0  x2=0xfffffff0
        4195000	       418	8000189c	4086d6b3	sra	x13,x13,x8	 x13:0x00000000  x8:0x00000000 x13=0x00000000
        4205000	       419	800018a0	00551413	slli	x8,x10,0x5	 x10:0x00000000  x8=0x00000000
        4215000	       420	800018a4	00990913	addi	x18,x18,9	 x18:0x00000006 x18=0x0000000f
        4225000	       421	800018a8	ff5966e3	bltu	x18,x21,80001894	 x18:0x0000000f x21:0x00000008
        4235000	       422	800018ac	fda0d8e3	bge	x1,x26,8000187c	  x1:0xfffffff1 x26:0xfffffff0
        4245000	       423	00000000	00000013	addi	x0,x0,0	  x0:0x00000000
        4255000	       424	80001878	00000013	addi	x0,x0,0	  x0:0x00000000
        4265000	       425	8000187c	c9cea513	slti	x10,x29,-868	 x29:0x00000000 x10=0x00000000
        4275000	       426	80001880	fff08093	addi	x1,x1,-1	  x1:0xfffffff1  x1=0xfffffff0
        4285000	       427	80001884	4068d4b3	sra	x9,x17,x6	 x17:0x00000012  x6:0x00000000  x9=0x00000012
        4295000	       428	80001888	9f90a693	slti	x13,x1,-1543	  x1:0xfffffff0 x13=0x00000000
        4305000	       429	8000188c	00600913	addi	x18,x0,6	  x0:0x00000000 x18=0x00000006
        4315000	       430	80001890	00800a93	addi	x21,x0,8	  x0:0x00000000 x21=0x00000008
        4325000	       431	80001894	005ff3b3	and	x7,x31,x5	 x31:0x00000000  x5:0x0000060b  x7=0x00000000
        4335000	       432	80001898	01a04133	xor	x2,x0,x26	  x0:0x00000000 x26:0xfffffff0  x2=0xfffffff0
        4345000	       433	8000189c	4086d6b3	sra	x13,x13,x8	 x13:0x00000000  x8:0x00000000 x13=0x00000000
        4355000	       434	800018a0	00551413	slli	x8,x10,0x5	 x10:0x00000000  x8=0x00000000
        4365000	       435	800018a4	00990913	addi	x18,x18,9	 x18:0x00000006 x18=0x0000000f
        4375000	       436	800018a8	ff5966e3	bltu	x18,x21,80001894	 x18:0x0000000f x21:0x00000008
        4385000	       437	800018ac	fda0d8e3	bge	x1,x26,8000187c	  x1:0xfffffff0 x26:0xfffffff0
        4395000	       438	00000000	00000013	addi	x0,x0,0	  x0:0x00000000
        4405000	       439	80001878	00000013	addi	x0,x0,0	  x0:0x00000000
        4415000	       440	8000187c	c9cea513	slti	x10,x29,-868	 x29:0x00000000 x10=0x00000000
        4425000	       441	80001880	fff08093	addi	x1,x1,-1	  x1:0xfffffff0  x1=0xffffffef
        4435000	       442	80001884	4068d4b3	sra	x9,x17,x6	 x17:0x00000012  x6:0x00000000  x9=0x00000012
        4445000	       443	80001888	9f90a693	slti	x13,x1,-1543	  x1:0xffffffef x13=0x00000000
        4455000	       444	8000188c	00600913	addi	x18,x0,6	  x0:0x00000000 x18=0x00000006
        4465000	       445	80001890	00800a93	addi	x21,x0,8	  x0:0x00000000 x21=0x00000008
        4475000	       446	80001894	005ff3b3	and	x7,x31,x5	 x31:0x00000000  x5:0x0000060b  x7=0x00000000
        4485000	       447	80001898	01a04133	xor	x2,x0,x26	  x0:0x00000000 x26:0xfffffff0  x2=0xfffffff0
        4495000	       448	8000189c	4086d6b3	sra	x13,x13,x8	 x13:0x00000000  x8:0x00000000 x13=0x00000000
        4505000	       449	800018a0	00551413	slli	x8,x10,0x5	 x10:0x00000000  x8=0x00000000
        4515000	       450	800018a4	00990913	addi	x18,x18,9	 x18:0x00000006 x18=0x0000000f
        4525000	       451	800018a8	ff5966e3	bltu	x18,x21,80001894	 x18:0x0000000f x21:0x00000008
        4535000	       452	800018ac	fda0d8e3	bge	x1,x26,8000187c	  x1:0xffffffef x26:0xfffffff0
        4545000	       453	800018b0	00a2af33	slt	x30,x5,x10	  x5:0x0000060b x10:0x00000000 x30=0x00000000
        4555000	       454	800018b4	01d979b3	and	x19,x18,x29	 x18:0x0000000f x29:0x00000000 x19=0x00000000
        4565000	       455	800018b8	c71db113	sltiu	x2,x27,-911	 x27:0x00000001  x2=0x00000001
        4575000	       456	800018bc	02628e63	beq	x5,x6,800018f8	  x5:0x0000060b  x6:0x00000000
        4585000	       457	800018c0	00d79c33	sll	x24,x15,x13	 x15:0x00000000 x13:0x00000000 x24=0x00000000
        4595000	       458	800018c4	01c21e93	slli	x29,x4,0x1c	  x4:0x80009fc4 x29=0x40000000
        4605000	       459	800018c8	d399fc13	andi	x24,x19,-711	 x19:0x00000000 x24=0x00000000
        4615000	       460	800018cc	00ce84b3	add	x9,x29,x12	 x29:0x40000000 x12:0x00000003  x9=0x40000003
        4625000	       461	800018d0	01101933	sll	x18,x0,x17	  x0:0x00000000 x17:0x00000012 x18=0x00000000
        4635000	       462	800018d4	01ef1633	sll	x12,x30,x30	 x30:0x00000000 x30:0x00000000 x12=0x00000000
        4645000	       463	800018d8	05da8663	beq	x21,x29,80001924	 x21:0x00000008 x29:0x40000000
        4655000	       464	800018dc	00121393	slli	x7,x4,0x1	  x4:0x80009fc4  x7=0x00013f88
        4665000	       465	800018e0	7be24a93	xori	x21,x4,1982	  x4:0x80009fc4 x21=0x8000987a
        4675000	       466	800018e4	01059133	sll	x2,x11,x16	 x11:0x0000000b x16:0x00000000  x2=0x0000000b
        4685000	       467	800018e8	05c89463	bne	x17,x28,80001930	 x17:0x00000012 x28:0x00000001
        4695000	       468	00000000	00000013	addi	x0,x0,0	  x0:0x00000000
        4705000	       469	8000192c	00000013	addi	x0,x0,0	  x0:0x00000000
        4715000	       470	80001930	00a90433	add	x8,x18,x10	 x18:0x00000000 x10:0x00000000  x8=0x00000000
        4725000	       471	80001934	00b195b3	sll	x11,x3,x11	  x3:0x0000060b x11:0x0000000b x11=0x00305800
        4735000	       472	80001938	014c1f33	sll	x30,x24,x20	 x24:0x00000000 x20:0x00000000 x30=0x00000000
        4745000	       473	8000193c	017993b3	sll	x7,x19,x23	 x19:0x00000000 x23:0x80009f38  x7=0x00000000
        4755000	       474	80001940	049ef863	bgeu	x29,x9,80001990	 x29:0x40000000  x9:0x40000003
        4765000	       475	80001944	f436c797	auipc	x15,0xf436c	 x15=0x7436d940
        4775000	       476	80001948	01fb8d33	add	x26,x23,x31	 x23:0x80009f38 x31:0x00000000 x26=0x80009f38
        4785000	       477	8000194c	00c5bc33	sltu	x24,x11,x12	 x11:0x00305800 x12:0x00000000 x24=0x00000000
        4795000	       478	80001950	2fe6ef13	ori	x30,x13,766	 x13:0x00000000 x30=0x000002fe
        4805000	       479	80001954	00c0d033	srl	x0,x1,x12	  x1:0xffffffef x12:0x00000000
        4815000	       480	80001958	a6f17e13	andi	x28,x2,-1425	  x2:0x0000000b x28=0x0000000b
        4825000	       481	8000195c	4142d413	srai	x8,x5,0x14	  x5:0x0000060b  x8=0x00000000
        4835000	       482	80001960	9cb57113	andi	x2,x10,-1589	 x10:0x00000000  x2=0x00000000
        4845000	       483	80001964	405e5ab3	sra	x21,x28,x5	 x28:0x0000000b  x5:0x0000060b x21=0x00000000
        4855000	       484	80001968	00d6f3b3	and	x7,x13,x13	 x13:0x00000000 x13:0x00000000  x7=0x00000000
        4865000	       485	8000196c	00276fb3	or	x31,x14,x2	 x14:0x00000001  x2:0x00000000 x31=0x00000001
        4875000	       486	80001970	1b22f9b7	lui	x19,0x1b22f	 x19=0x1b22f000
        4885000	       487	80001974	009a5d33	srl	x26,x20,x9	 x20:0x00000000  x9:0x40000003 x26=0x00000000
        4895000	       488	80001978	d8c9ec17	auipc	x24,0xd8c9e	 x24=0x58c9f974
        4905000	       489	8000197c	025a0e63	beq	x20,x5,800019b8	 x20:0x00000000  x5:0x0000060b
        4915000	       490	80001980	00ab1433	sll	x8,x22,x10	 x22:0x00000000 x10:0x00000000  x8=0x00000000
        4925000	       491	80001984	327e3d13	sltiu	x26,x28,807	 x28:0x0000000b x26=0x00000001
        4935000	       492	80001988	03b8ce63	blt	x17,x27,800019c4	 x17:0x00000012 x27:0x00000001
        4945000	       493	8000198c	41398133	sub	x2,x19,x19	 x19:0x1b22f000 x19:0x1b22f000  x2=0x00000000
        4955000	       494	80001990	01847863	bgeu	x8,x24,800019a0	  x8:0x00000000 x24:0x58c9f974
        4965000	       495	80001994	24672d93	slti	x27,x14,582	 x14:0x00000001 x27=0x00000001
        4975000	       496	80001998	01c47663	bgeu	x8,x28,800019a4	  x8:0x00000000 x28:0x0000000b
        4985000	       497	8000199c	551a7c93	andi	x25,x20,1361	 x20:0x00000000 x25=0x00000000
        4995000	       498	800019a0	41f98433	sub	x8,x19,x31	 x19:0x1b22f000 x31:0x00000001  x8=0x1b22efff
        5005000	       499	800019a4	00084463	blt	x16,x0,800019ac	 x16:0x00000000  x0:0x00000000
        5015000	       500	800019a8	fbaff413	andi	x8,x31,-70	 x31:0x00000001  x8=0x00000000
        5025000	       501	800019ac	05ae6663	bltu	x28,x26,800019f8	 x28:0x0000000b x26:0x00000001
        5035000	       502	800019b0	015bda63	bge	x23,x21,800019c4	 x23:0x80009f38 x21:0x00000000
        5045000	       503	800019b4	31d67793	andi	x15,x12,797	 x12:0x00000000 x15=0x00000000
        5055000	       504	800019b8	04a1f663	bgeu	x3,x10,80001a04	  x3:0x0000060b x10:0x00000000
        5065000	       505	00000000	00000013	addi	x0,x0,0	  x0:0x00000000
        5075000	       506	80001a00	00000013	addi	x0,x0,0	  x0:0x00000000
        5085000	       507	80001a04	7efd7593	andi	x11,x26,2031	 x26:0x00000001 x11=0x00000001
        5095000	       508	80001a08	016ee2b3	or	x5,x29,x22	 x29:0x40000000 x22:0x00000000  x5=0x40000000
        5105000	       509	80001a0c	0179a9b3	slt	x19,x19,x23	 x19:0x1b22f000 x23:0x80009f38 x19=0x00000000
        5115000	       510	80001a10	8c9c3593	sltiu	x11,x24,-1847	 x24:0x58c9f974 x11=0x00000001
        5125000	       511	80001a14	b82d2f13	slti	x30,x26,-1150	 x26:0x00000001 x30=0x00000000
        5135000	       512	80001a18	01a45c93	srli	x25,x8,0x1a	  x8:0x00000000 x25=0x00000000
        5145000	       513	80001a1c	00000013	addi	x0,x0,0	  x0:0x00000000
        5155000	       514	80001a20	01fc5b13	srli	x22,x24,0x1f	 x24:0x58c9f974 x22=0x00000000
        5165000	       515	80001a24	00805a13	srli	x20,x0,0x8	  x0:0x00000000 x20=0x00000000
        5175000	       516	80001a28	5a57ca13	xori	x20,x15,1445	 x15:0x00000000 x20=0x000005a5
        5185000	       517	80001a2c	01fc99b3	sll	x19,x25,x31	 x25:0x00000000 x31:0x00000001 x19=0x00000000
        5195000	       518	80001a30	00000013	addi	x0,x0,0	  x0:0x00000000
        5205000	       519	80001a34	8da92917	auipc	x18,0x8da92	 x18=0x0da93a30
        5215000	       520	80001a38	03008e63	beq	x1,x16,80001a74	  x1:0xffffffef x16:0x00000000
        5225000	       521	80001a3c	01ba6fb3	or	x31,x20,x27	 x20:0x000005a5 x27:0x00000001 x31=0x000005a5
        5235000	       522	80001a40	41d40733	sub	x14,x8,x29	  x8:0x00000000 x29:0x40000000 x14=0xc0000000
        5245000	       523	80001a44	001167b3	or	x15,x2,x1	  x2:0x00000000  x1:0xffffffef x15=0xffffffef
        5255000	       524	80001a48	a7d60313	addi	x6,x12,-1411	 x12:0x00000000  x6=0xfffffa7d
        5265000	       525	80001a4c	26a3a693	slti	x13,x7,618	  x7:0x00000000 x13=0x00000001
        5275000	       526	80001a50	00616fb3	or	x31,x2,x6	  x2:0x00000000  x6:0xfffffa7d x31=0xfffffa7d
        5285000	       527	80001a54	01e7c733	xor	x14,x15,x30	 x15:0xffffffef x30:0x00000000 x14=0xffffffef
        5295000	       528	80001a58	00a31093	slli	x1,x6,0xa	  x6:0xfffffa7d  x1=0xffe9f400
        5305000	       529	80001a5c	4251b513	sltiu	x10,x3,1061	  x3:0x0000060b x10=0x00000000
        5315000	       530	80001a60	007f9c63	bne	x31,x7,80001a78	 x31:0xfffffa7d  x7:0x00000000
        5325000	       531	00000000	00000013	addi	x0,x0,0	  x0:0x00000000
        5335000	       532	80001a74	00000013	addi	x0,x0,0	  x0:0x00000000
        5345000	       533	80001a78	0179ec63	bltu	x19,x23,80001a90	 x19:0x00000000 x23:0x80009f38
        5355000	       534	00000000	00000013	addi	x0,x0,0	  x0:0x00000000
        5365000	       535	80001a8c	00000013	addi	x0,x0,0	  x0:0x00000000
        5375000	       536	80001a90	00000013	addi	x0,x0,0	  x0:0x00000000
        5385000	       537	80001a94	020f5c63	bge	x30,x0,80001acc	 x30:0x00000000  x0:0x00000000
        5395000	       538	00000000	00000013	addi	x0,x0,0	  x0:0x00000000
        5405000	       539	80001ac8	00000013	addi	x0,x0,0	  x0:0x00000000
        5415000	       540	80001acc	40f350b3	sra	x1,x6,x15	  x6:0xfffffa7d x15:0xffffffef  x1=0xffffffff
        5425000	       541	80001ad0	013b5e13	srli	x28,x22,0x13	 x22:0x00000000 x28=0x00000000
        5435000	       542	80001ad4	55a60897	auipc	x17,0x55a60	 x17=0xd5a61ad0
        5445000	       543	80001ad8	00b132b3	sltu	x5,x2,x11	  x2:0x00000000 x11:0x00000001  x5=0x00000001
        5455000	       544	80001adc	402f5513	srai	x10,x30,0x2	 x30:0x00000000 x10=0x00000000
        5465000	       545	80001ae0	45c16013	ori	x0,x2,1116	  x2:0x00000000
        5475000	       546	80001ae4	055a6263	bltu	x20,x21,80001b28	 x20:0x000005a5 x21:0x00000000
        5485000	       547	80001ae8	045ad263	bge	x21,x5,80001b2c	 x21:0x00000000  x5:0x00000001
        5495000	       548	80001aec	03e45e63	bge	x8,x30,80001b28	  x8:0x00000000 x30:0x00000000
        5505000	       549	00000000	00000013	addi	x0,x0,0	  x0:0x00000000
        5515000	       550	80001b24	00000013	addi	x0,x0,0	  x0:0x00000000
        5525000	       551	80001b28	41bc81b3	sub	x3,x25,x27	 x25:0x00000000 x27:0x00000001  x3=0xffffffff
        5535000	       552	80001b2c	0155aab3	slt	x21,x11,x21	 x11:0x00000001 x21:0x00000000 x21=0x00000000
        5545000	       553	80001b30	bca45297	auipc	x5,0xbca45	  x5=0x3ca46b2c
        5555000	       554	80001b34	41af08b3	sub	x17,x30,x26	 x30:0x00000000 x26:0x00000001 x17=0xffffffff
        5565000	       555	80001b38	040ae863	bltu	x21,x0,80001b88	 x21:0x00000000  x0:0x00000000
        5575000	       556	80001b3c	52308593	addi	x11,x1,1315	  x1:0xffffffff x11=0x00000522
        5585000	       557	80001b40	00e05463	bge	x0,x14,80001b48	  x0:0x00000000 x14:0xffffffef
        5595000	       558	00000000	00000013	addi	x0,x0,0	  x0:0x00000000
        5605000	       559	80001b44	00000013	addi	x0,x0,0	  x0:0x00000000
        5615000	       560	80001b48	03d85663	bge	x16,x29,80001b74	 x16:0x00000000 x29:0x40000000
        5625000	       561	80001b4c	00aa1c93	slli	x25,x20,0xa	 x20:0x000005a5 x25=0x00169400
        5635000	       562	80001b50	45574093	xori	x1,x14,1109	 x14:0xffffffef  x1=0xfffffbba
        5645000	       563	80001b54	041c6663	bltu	x24,x1,80001ba0	 x24:0x58c9f974  x1:0xfffffbba
        5655000	       564	00000000	00000013	addi	x0,x0,0	  x0:0x00000000
        5665000	       565	80001b9c	00000013	addi	x0,x0,0	  x0:0x00000000
        5675000	       566	80001ba0	01717033	and	x0,x2,x23	  x2:0x00000000 x23:0x80009f38
        5685000	       567	80001ba4	41218433	sub	x8,x3,x18	  x3:0xffffffff x18:0x0da93a30  x8=0xf256c5cf
        5695000	       568	80001ba8	a9adb513	sltiu	x10,x27,-1382	 x27:0x00000001 x10=0x00000001
        5705000	       569	80001bac	97e3e313	ori	x6,x7,-1666	  x7:0x00000000  x6=0xfffff97e
        5715000	       570	80001bb0	48c90793	addi	x15,x18,1164	 x18:0x0da93a30 x15=0x0da93ebc
        5725000	       571	80001bb4	3f683793	sltiu	x15,x16,1014	 x16:0x00000000 x15=0x00000001
        5735000	       572	80001bb8	01d37d33	and	x26,x6,x29	  x6:0xfffff97e x29:0x40000000 x26=0x40000000
        5745000	       573	80001bbc	00075663	bge	x14,x0,80001bc8	 x14:0xffffffef  x0:0x00000000
        5755000	       574	80001bc0	d22a2413	slti	x8,x20,-734	 x20:0x000005a5  x8=0x00000000
        5765000	       575	80001bc4	032a7c93	andi	x25,x20,50	 x20:0x000005a5 x25=0x00000020
        5775000	       576	80001bc8	4152dd33	sra	x26,x5,x21	  x5:0x3ca46b2c x21:0x00000000 x26=0x3ca46b2c
        5785000	       577	80001bcc	e008cd13	xori	x26,x17,-512	 x17:0xffffffff x26=0x000001ff
        5795000	       578	80001bd0	004ba703	lw	x14,4(x23)	 x23:0x80009f38 x14=0x80000304 PA:0x80009f3c
        5805000	       579	80001bd4	0070d413	srli	x8,x1,0x7	  x1:0xfffffbba  x8=0x01fffff7
        5815000	       580	80001bd8	00c6ee33	or	x28,x13,x12	 x13:0x00000001 x12:0x00000000 x28=0x00000001
        5825000	       581	80001bdc	405205b3	sub	x11,x4,x5	  x4:0x80009fc4  x5:0x3ca46b2c x11=0x435c3498
        5835000	       582	80001be0	02cb8b93	addi	x23,x23,44	 x23:0x80009f38 x23=0x80009f64
        5845000	       583	80001be4	00000013	addi	x0,x0,0	  x0:0x00000000
        5855000	       584	80001be8	008740b3	xor	x1,x14,x8	 x14:0x80000304  x8:0x01fffff7  x1=0x81fffcf3
        5865000	       585	80001bec	00070113	addi	x2,x14,0	 x14:0x80000304  x2=0x80000304
        5875000	       586	80001bf0	00010167	jalr	x2,x2,0	  x2:0x80000304  x2=0x80001bf0
        5885000	       587	00000000	00000013	addi	x0,x0,0	  x0:0x00000000
        5895000	       588	80000304	00000013	addi	x0,x0,0	  x0:0x00000000
        5905000	       589	80000308	011ab0b3	sltu	x1,x21,x17	 x21:0x00000000 x17:0xffffffff  x1=0x00000001
        5915000	       590	8000030c	b9b1ccb7	lui	x25,0xb9b1c	 x25=0xb9b1c000
        5925000	       591	80000310	412bddb3	sra	x27,x23,x18	 x23:0x80009f64 x18:0x0da93a30 x27=0xffff8000
        5935000	       592	80000314	011b5733	srl	x14,x22,x17	 x22:0x00000000 x17:0xffffffff x14=0x00000000
        5945000	       593	80000318	417a0a33	sub	x20,x20,x23	 x20:0x000005a5 x23:0x80009f64 x20=0x7fff6641
        5955000	       594	8000031c	1800076f	jal	x14,8000031c	 x14=0x8000031c
        5965000	       595	00000000	00000013	addi	x0,x0,0	  x0:0x00000000
        5975000	       596	80000498	00000013	addi	x0,x0,0	  x0:0x00000000
        5985000	       597	8000049c	006edd33	srl	x26,x29,x6	 x29:0x40000000  x6:0xfffff97e x26=0x00000001
        5995000	       598	800004a0	001edfb3	srl	x31,x29,x1	 x29:0x40000000  x1:0x00000001 x31=0x20000000
        6005000	       599	800004a4	00000013	addi	x0,x0,0	  x0:0x00000000
        6015000	       600	800004a8	fd8b8b93	addi	x23,x23,-40	 x23:0x80009f64 x23=0x80009f3c
        6025000	       601	800004ac	00450cb3	add	x25,x10,x4	 x10:0x00000001  x4:0x80009fc4 x25=0x80009fc5
        6035000	       602	800004b0	411c0f33	sub	x30,x24,x17	 x24:0x58c9f974 x17:0xffffffff x30=0x58c9f975
        6045000	       603	800004b4	6baefc93	andi	x25,x29,1722	 x29:0x40000000 x25=0x00000000
        6055000	       604	800004b8	034ac137	lui	x2,0x34ac	  x2=0x034ac000
        6065000	       605	800004bc	008f1d33	sll	x26,x30,x8	 x30:0x58c9f975  x8:0x01fffff7 x26=0xba800000
        6075000	       606	800004c0	00eba223	sw	x14,4(x23)	 x23:0x80009f3c x14:0x8000031c PA:0x80009f40
        6085000	       607	800004c4	12fb81b7	lui	x3,0x12fb8	  x3=0x12fb8000
        6095000	       608	800004c8	827d0e93	addi	x29,x26,-2009	 x26:0xba800000 x29=0xba7ff827
        6105000	       609	800004cc	00900493	addi	x9,x0,9	  x0:0x00000000  x9=0x00000009
        6115000	       610	800004d0	00900313	addi	x6,x0,9	  x0:0x00000000  x6=0x00000009
        6125000	       611	800004d4	2a0c3093	sltiu	x1,x24,672	 x24:0x58c9f974  x1=0x00000000
        6135000	       612	800004d8	fff48493	addi	x9,x9,-1	  x9:0x00000009  x9=0x00000008
        6145000	       613	800004dc	fe64fce3	bgeu	x9,x6,800004d4	  x9:0x00000008  x6:0x00000009
        6155000	       614	800004e0	9d678713	addi	x14,x15,-1578	 x15:0x00000001 x14=0xfffff9d7
        6165000	       615	800004e4	ffe00313	addi	x6,x0,-2	  x0:0x00000000  x6=0xfffffffe
        6175000	       616	800004e8	01da85b3	add	x11,x21,x29	 x21:0x00000000 x29:0xba7ff827 x11=0xba7ff827
        6185000	       617	800004ec	00e00c93	addi	x25,x0,14	  x0:0x00000000 x25=0x0000000e
        6195000	       618	800004f0	01c833b3	sltu	x7,x16,x28	 x16:0x00000000 x28:0x00000001  x7=0x00000001
        6205000	       619	800004f4	003092b3	sll	x5,x1,x3	  x1:0x00000000  x3:0x12fb8000  x5=0x00000000
        6215000	       620	800004f8	019248b3	xor	x17,x4,x25	  x4:0x80009fc4 x25:0x0000000e x17=0x80009fca
        6225000	       621	800004fc	e0726a93	ori	x21,x4,-505	  x4:0x80009fc4 x21=0xffffffc7
        6235000	       622	80000500	00230313	addi	x6,x6,2	  x6:0xfffffffe  x6=0x00000000
        6245000	       623	80000504	41470533	sub	x10,x14,x20	 x14:0xfffff9d7 x20:0x7fff6641 x10=0x80009396
        6255000	       624	80000508	66c20413	addi	x8,x4,1644	  x4:0x80009fc4  x8=0x8000a630
        6265000	       625	8000050c	81a4eeb7	lui	x29,0x81a4e	 x29=0x81a4e000
        6275000	       626	80000510	0092d413	srli	x8,x5,0x9	  x5:0x00000000  x8=0x00000000
        6285000	       627	80000514	00000013	addi	x0,x0,0	  x0:0x00000000
        6295000	       628	80000518	ff9340e3	blt	x6,x25,800004f8	  x6:0x00000000 x25:0x0000000e
        6305000	       629	00000000	00000013	addi	x0,x0,0	  x0:0x00000000
        6315000	       630	800004f4	00000013	addi	x0,x0,0	  x0:0x00000000
        6325000	       631	800004f8	019248b3	xor	x17,x4,x25	  x4:0x80009fc4 x25:0x0000000e x17=0x80009fca
        6335000	       632	800004fc	e0726a93	ori	x21,x4,-505	  x4:0x80009fc4 x21=0xffffffc7
        6345000	       633	80000500	00230313	addi	x6,x6,2	  x6:0x00000000  x6=0x00000002
        6355000	       634	80000504	41470533	sub	x10,x14,x20	 x14:0xfffff9d7 x20:0x7fff6641 x10=0x80009396
        6365000	       635	80000508	66c20413	addi	x8,x4,1644	  x4:0x80009fc4  x8=0x8000a630
        6375000	       636	8000050c	81a4eeb7	lui	x29,0x81a4e	 x29=0x81a4e000
        6385000	       637	80000510	0092d413	srli	x8,x5,0x9	  x5:0x00000000  x8=0x00000000
        6395000	       638	80000514	00000013	addi	x0,x0,0	  x0:0x00000000
        6405000	       639	80000518	ff9340e3	blt	x6,x25,800004f8	  x6:0x00000002 x25:0x0000000e
        6415000	       640	00000000	00000013	addi	x0,x0,0	  x0:0x00000000
        6425000	       641	800004f4	00000013	addi	x0,x0,0	  x0:0x00000000
        6435000	       642	800004f8	019248b3	xor	x17,x4,x25	  x4:0x80009fc4 x25:0x0000000e x17=0x80009fca
        6445000	       643	800004fc	e0726a93	ori	x21,x4,-505	  x4:0x80009fc4 x21=0xffffffc7
        6455000	       644	80000500	00230313	addi	x6,x6,2	  x6:0x00000002  x6=0x00000004
        6465000	       645	80000504	41470533	sub	x10,x14,x20	 x14:0xfffff9d7 x20:0x7fff6641 x10=0x80009396
        6475000	       646	80000508	66c20413	addi	x8,x4,1644	  x4:0x80009fc4  x8=0x8000a630
        6485000	       647	8000050c	81a4eeb7	lui	x29,0x81a4e	 x29=0x81a4e000
        6495000	       648	80000510	0092d413	srli	x8,x5,0x9	  x5:0x00000000  x8=0x00000000
        6505000	       649	80000514	00000013	addi	x0,x0,0	  x0:0x00000000
        6515000	       650	80000518	ff9340e3	blt	x6,x25,800004f8	  x6:0x00000004 x25:0x0000000e
        6525000	       651	00000000	00000013	addi	x0,x0,0	  x0:0x00000000
        6535000	       652	800004f4	00000013	addi	x0,x0,0	  x0:0x00000000
        6545000	       653	800004f8	019248b3	xor	x17,x4,x25	  x4:0x80009fc4 x25:0x0000000e x17=0x80009fca
        6555000	       654	800004fc	e0726a93	ori	x21,x4,-505	  x4:0x80009fc4 x21=0xffffffc7
        6565000	       655	80000500	00230313	addi	x6,x6,2	  x6:0x00000004  x6=0x00000006
        6575000	       656	80000504	41470533	sub	x10,x14,x20	 x14:0xfffff9d7 x20:0x7fff6641 x10=0x80009396
        6585000	       657	80000508	66c20413	addi	x8,x4,1644	  x4:0x80009fc4  x8=0x8000a630
        6595000	       658	8000050c	81a4eeb7	lui	x29,0x81a4e	 x29=0x81a4e000
        6605000	       659	80000510	0092d413	srli	x8,x5,0x9	  x5:0x00000000  x8=0x00000000
        6615000	       660	80000514	00000013	addi	x0,x0,0	  x0:0x00000000
        6625000	       661	80000518	ff9340e3	blt	x6,x25,800004f8	  x6:0x00000006 x25:0x0000000e
        6635000	       662	00000000	00000013	addi	x0,x0,0	  x0:0x00000000
        6645000	       663	800004f4	00000013	addi	x0,x0,0	  x0:0x00000000
        6655000	       664	800004f8	019248b3	xor	x17,x4,x25	  x4:0x80009fc4 x25:0x0000000e x17=0x80009fca
        6665000	       665	800004fc	e0726a93	ori	x21,x4,-505	  x4:0x80009fc4 x21=0xffffffc7
        6675000	       666	80000500	00230313	addi	x6,x6,2	  x6:0x00000006  x6=0x00000008
        6685000	       667	80000504	41470533	sub	x10,x14,x20	 x14:0xfffff9d7 x20:0x7fff6641 x10=0x80009396
        6695000	       668	80000508	66c20413	addi	x8,x4,1644	  x4:0x80009fc4  x8=0x8000a630
        6705000	       669	8000050c	81a4eeb7	lui	x29,0x81a4e	 x29=0x81a4e000
        6715000	       670	80000510	0092d413	srli	x8,x5,0x9	  x5:0x00000000  x8=0x00000000
        6725000	       671	80000514	00000013	addi	x0,x0,0	  x0:0x00000000
        6735000	       672	80000518	ff9340e3	blt	x6,x25,800004f8	  x6:0x00000008 x25:0x0000000e
        6745000	       673	00000000	00000013	addi	x0,x0,0	  x0:0x00000000
        6755000	       674	800004f4	00000013	addi	x0,x0,0	  x0:0x00000000
        6765000	       675	800004f8	019248b3	xor	x17,x4,x25	  x4:0x80009fc4 x25:0x0000000e x17=0x80009fca
        6775000	       676	800004fc	e0726a93	ori	x21,x4,-505	  x4:0x80009fc4 x21=0xffffffc7
        6785000	       677	80000500	00230313	addi	x6,x6,2	  x6:0x00000008  x6=0x0000000a
        6795000	       678	80000504	41470533	sub	x10,x14,x20	 x14:0xfffff9d7 x20:0x7fff6641 x10=0x80009396
        6805000	       679	80000508	66c20413	addi	x8,x4,1644	  x4:0x80009fc4  x8=0x8000a630
        6815000	       680	8000050c	81a4eeb7	lui	x29,0x81a4e	 x29=0x81a4e000
        6825000	       681	80000510	0092d413	srli	x8,x5,0x9	  x5:0x00000000  x8=0x00000000
        6835000	       682	80000514	00000013	addi	x0,x0,0	  x0:0x00000000
        6845000	       683	80000518	ff9340e3	blt	x6,x25,800004f8	  x6:0x0000000a x25:0x0000000e
        6855000	       684	00000000	00000013	addi	x0,x0,0	  x0:0x00000000
        6865000	       685	800004f4	00000013	addi	x0,x0,0	  x0:0x00000000
        6875000	       686	800004f8	019248b3	xor	x17,x4,x25	  x4:0x80009fc4 x25:0x0000000e x17=0x80009fca
        6885000	       687	800004fc	e0726a93	ori	x21,x4,-505	  x4:0x80009fc4 x21=0xffffffc7
        6895000	       688	80000500	00230313	addi	x6,x6,2	  x6:0x0000000a  x6=0x0000000c
        6905000	       689	80000504	41470533	sub	x10,x14,x20	 x14:0xfffff9d7 x20:0x7fff6641 x10=0x80009396
        6915000	       690	80000508	66c20413	addi	x8,x4,1644	  x4:0x80009fc4  x8=0x8000a630
        6925000	       691	8000050c	81a4eeb7	lui	x29,0x81a4e	 x29=0x81a4e000
        6935000	       692	80000510	0092d413	srli	x8,x5,0x9	  x5:0x00000000  x8=0x00000000
        6945000	       693	80000514	00000013	addi	x0,x0,0	  x0:0x00000000
        6955000	       694	80000518	ff9340e3	blt	x6,x25,800004f8	  x6:0x0000000c x25:0x0000000e
        6965000	       695	00000000	00000013	addi	x0,x0,0	  x0:0x00000000
        6975000	       696	800004f4	00000013	addi	x0,x0,0	  x0:0x00000000
        6985000	       697	800004f8	019248b3	xor	x17,x4,x25	  x4:0x80009fc4 x25:0x0000000e x17=0x80009fca
        6995000	       698	800004fc	e0726a93	ori	x21,x4,-505	  x4:0x80009fc4 x21=0xffffffc7
        7005000	       699	80000500	00230313	addi	x6,x6,2	  x6:0x0000000c  x6=0x0000000e
        7015000	       700	80000504	41470533	sub	x10,x14,x20	 x14:0xfffff9d7 x20:0x7fff6641 x10=0x80009396
        7025000	       701	80000508	66c20413	addi	x8,x4,1644	  x4:0x80009fc4  x8=0x8000a630
        7035000	       702	8000050c	81a4eeb7	lui	x29,0x81a4e	 x29=0x81a4e000
        7045000	       703	80000510	0092d413	srli	x8,x5,0x9	  x5:0x00000000  x8=0x00000000
        7055000	       704	80000514	00000013	addi	x0,x0,0	  x0:0x00000000
        7065000	       705	80000518	ff9340e3	blt	x6,x25,800004f8	  x6:0x0000000e x25:0x0000000e
        7075000	       706	8000051c	00cdd113	srli	x2,x27,0xc	 x27:0xffff8000  x2=0x000ffff8
        7085000	       707	80000520	00800793	addi	x15,x0,8	  x0:0x00000000 x15=0x00000008
        7095000	       708	80000524	7dddba93	sltiu	x21,x27,2013	 x27:0xffff8000 x21=0x00000000
        7105000	       709	80000528	0003e633	or	x12,x7,x0	  x7:0x00000001  x0:0x00000000 x12=0x00000001
        7115000	       710	8000052c	ba52b893	sltiu	x17,x5,-1115	  x5:0x00000000 x17=0x00000001
        7125000	       711	80000530	ff800c93	addi	x25,x0,-8	  x0:0x00000000 x25=0xfffffff8
        7135000	       712	80000534	271a0713	addi	x14,x20,625	 x20:0x7fff6641 x14=0x7fff68b2
        7145000	       713	80000538	005d7d33	and	x26,x26,x5	 x26:0xba800000  x5:0x00000000 x26=0x00000000
        7155000	       714	8000053c	fff78793	addi	x15,x15,-1	 x15:0x00000008 x15=0x00000007
        7165000	       715	80000540	00700293	addi	x5,x0,7	  x0:0x00000000  x5=0x00000007
        7175000	       716	80000544	4114dd93	srai	x27,x9,0x11	  x9:0x00000008 x27=0x00000000
        7185000	       717	80000548	00400a13	addi	x20,x0,4	  x0:0x00000000 x20=0x00000004
        7195000	       718	8000054c	056450b7	lui	x1,0x5645	  x1=0x05645000
        7205000	       719	80000550	d9aa0393	addi	x7,x20,-614	 x20:0x00000004  x7=0xfffffd9e
        7215000	       720	80000554	00cb9913	slli	x18,x23,0xc	 x23:0x80009f3c x18=0x09f3c000
        7225000	       721	80000558	ffd28293	addi	x5,x5,-3	  x5:0x00000007  x5=0x00000004
        7235000	       722	8000055c	01f49f33	sll	x30,x9,x31	  x9:0x00000008 x31:0x20000000 x30=0x00000008
        7245000	       723	80000560	ff42f8e3	bgeu	x5,x20,80000550	  x5:0x00000004 x20:0x00000004
        7255000	       724	00000000	00000013	addi	x0,x0,0	  x0:0x00000000
        7265000	       725	8000054c	00000013	addi	x0,x0,0	  x0:0x00000000
        7275000	       726	80000550	d9aa0393	addi	x7,x20,-614	 x20:0x00000004  x7=0xfffffd9e
        7285000	       727	80000554	00cb9913	slli	x18,x23,0xc	 x23:0x80009f3c x18=0x09f3c000
        7295000	       728	80000558	ffd28293	addi	x5,x5,-3	  x5:0x00000004  x5=0x00000001
        7305000	       729	8000055c	01f49f33	sll	x30,x9,x31	  x9:0x00000008 x31:0x20000000 x30=0x00000008
        7315000	       730	80000560	ff42f8e3	bgeu	x5,x20,80000550	  x5:0x00000001 x20:0x00000004
        7325000	       731	80000564	fd978ae3	beq	x15,x25,80000538	 x15:0x00000007 x25:0xfffffff8
        7335000	       732	80000568	406d81b3	sub	x3,x27,x6	 x27:0x00000000  x6:0x0000000e  x3=0xfffffff2
        7345000	       733	8000056c	00800b13	addi	x22,x0,8	  x0:0x00000000 x22=0x00000008
        7355000	       734	80000570	ff000713	addi	x14,x0,-16	  x0:0x00000000 x14=0xfffffff0
        7365000	       735	80000574	004f16b3	sll	x13,x30,x4	 x30:0x00000008  x4:0x80009fc4 x13=0x00000080
        7375000	       736	80000578	b761d297	auipc	x5,0xb761d	  x5=0x3761d574
        7385000	       737	8000057c	ff8b0b13	addi	x22,x22,-8	 x22:0x00000008 x22=0x00000000
        7395000	       738	80000580	df9095b7	lui	x11,0xdf909	 x11=0xdf909000
        7405000	       739	80000584	00900d13	addi	x26,x0,9	  x0:0x00000000 x26=0x00000009
        7415000	       740	80000588	00700613	addi	x12,x0,7	  x0:0x00000000 x12=0x00000007
        7425000	       741	8000058c	002bdf93	srli	x31,x23,0x2	 x23:0x80009f3c x31=0x200027cf
        7435000	       742	80000590	205f48b7	lui	x17,0x205f4	 x17=0x205f4000
        7445000	       743	80000594	ffad0d13	addi	x26,x26,-6	 x26:0x00000009 x26=0x00000003
        7455000	       744	80000598	7a6ccc13	xori	x24,x25,1958	 x25:0xfffffff8 x24=0xfffff85e
        7465000	       745	8000059c	fecd7ae3	bgeu	x26,x12,80000590	 x26:0x00000003 x12:0x00000007
        7475000	       746	800005a0	fceb0ce3	beq	x22,x14,80000578	 x22:0x00000000 x14:0xfffffff0
        7485000	       747	800005a4	01ca83b3	add	x7,x21,x28	 x21:0x00000000 x28:0x00000001  x7=0x00000001
        7495000	       748	800005a8	00a00f93	addi	x31,x0,10	  x0:0x00000000 x31=0x0000000a
        7505000	       749	800005ac	00700193	addi	x3,x0,7	  x0:0x00000000  x3=0x00000007
        7515000	       750	800005b0	ed920393	addi	x7,x4,-295	  x4:0x80009fc4  x7=0x80009e9d
        7525000	       751	800005b4	c35ad3b7	lui	x7,0xc35ad	  x7=0xc35ad000
        7535000	       752	800005b8	00cc6d33	or	x26,x24,x12	 x24:0xfffff85e x12:0x00000007 x26=0xfffff85f
        7545000	       753	800005bc	412dda33	sra	x20,x27,x18	 x27:0x00000000 x18:0x09f3c000 x20=0x00000000
        7555000	       754	800005c0	c6c7a893	slti	x17,x15,-916	 x15:0x00000007 x17=0x00000000
        7565000	       755	800005c4	ffaf8f93	addi	x31,x31,-6	 x31:0x0000000a x31=0x00000004
        7575000	       756	800005c8	018a0eb3	add	x29,x20,x24	 x20:0x00000000 x24:0xfffff85e x29=0xfffff85e
        7585000	       757	800005cc	0138d313	srli	x6,x17,0x13	 x17:0x00000000  x6=0x00000000
        7595000	       758	800005d0	003339b3	sltu	x19,x6,x3	  x6:0x00000000  x3:0x00000007 x19=0x00000001
        7605000	       759	800005d4	1200fb13	andi	x22,x1,288	  x1:0x05645000 x22=0x00000000
        7615000	       760	800005d8	00739613	slli	x12,x7,0x7	  x7:0xc35ad000 x12=0xad680000
        7625000	       761	800005dc	0126b733	sltu	x14,x13,x18	 x13:0x00000080 x18:0x09f3c000 x14=0x00000001
        7635000	       762	800005e0	fc3ffae3	bgeu	x31,x3,800005b4	 x31:0x00000004  x3:0x00000007
        7645000	       763	800005e4	01b21e13	slli	x28,x4,0x1b	  x4:0x80009fc4 x28=0x20000000
        7655000	       764	800005e8	00800d93	addi	x27,x0,8	  x0:0x00000000 x27=0x00000008
        7665000	       765	800005ec	00900b13	addi	x22,x0,9	  x0:0x00000000 x22=0x00000009
        7675000	       766	800005f0	3db18a17	auipc	x20,0x3db18	 x20=0xbdb185ec
        7685000	       767	800005f4	00dcc8b3	xor	x17,x25,x13	 x25:0xfffffff8 x13:0x00000080 x17=0xffffff78
        7695000	       768	800005f8	54824e93	xori	x29,x4,1352	  x4:0x80009fc4 x29=0x80009a8c
        7705000	       769	800005fc	41a1d9b3	sra	x19,x3,x26	  x3:0x00000007 x26:0xfffff85f x19=0x00000000
        7715000	       770	80000600	e500b093	sltiu	x1,x1,-432	  x1:0x05645000  x1=0x00000001
        7725000	       771	80000604	005d8d93	addi	x27,x27,5	 x27:0x00000008 x27=0x0000000d
        7735000	       772	80000608	00999113	slli	x2,x19,0x9	 x19:0x00000000  x2=0x00000000
        7745000	       773	8000060c	002d68b3	or	x17,x26,x2	 x26:0xfffff85f  x2:0x00000000 x17=0xfffff85f
        7755000	       774	80000610	01ec82b3	add	x5,x25,x30	 x25:0xfffffff8 x30:0x00000008  x5=0x00000000
        7765000	       775	80000614	77842013	slti	x0,x8,1912	  x8:0x00000000
        7775000	       776	80000618	06df7497	auipc	x9,0x6df7	  x9=0x86df7614
        7785000	       777	8000061c	001c9793	slli	x15,x25,0x1	 x25:0xfffffff8 x15=0xfffffff0
        7795000	       778	80000620	000dff33	and	x30,x27,x0	 x27:0x0000000d  x0:0x00000000 x30=0x00000000
        7805000	       779	80000624	fd6dc6e3	blt	x27,x22,800005f0	 x27:0x0000000d x22:0x00000009
        7815000	       780	80000628	002e0933	add	x18,x28,x2	 x28:0x20000000  x2:0x00000000 x18=0x20000000
        7825000	       781	8000062c	00600d13	addi	x26,x0,6	  x0:0x00000000 x26=0x00000006
        7835000	       782	80000630	01ce7b33	and	x22,x28,x28	 x28:0x20000000 x28:0x20000000 x22=0x20000000
        7845000	       783	80000634	00a00c13	addi	x24,x0,10	  x0:0x00000000 x24=0x0000000a
        7855000	       784	80000638	007d01b3	add	x3,x26,x7	 x26:0x00000006  x7:0xc35ad000  x3=0xc35ad006
        7865000	       785	8000063c	002d0d13	addi	x26,x26,2	 x26:0x00000006 x26=0x00000008
        7875000	       786	80000640	005d4eb3	xor	x29,x26,x5	 x26:0x00000008  x5:0x00000000 x29=0x00000008
        7885000	       787	80000644	84d22493	slti	x9,x4,-1971	  x4:0x80009fc4  x9=0x00000001
        7895000	       788	80000648	ff8d08e3	beq	x26,x24,80000638	 x26:0x00000008 x24:0x0000000a
        7905000	       789	8000064c	01904633	xor	x12,x0,x25	  x0:0x00000000 x25:0xfffffff8 x12=0xfffffff8
        7915000	       790	80000650	ffe00093	addi	x1,x0,-2	  x0:0x00000000  x1=0xfffffffe
        7925000	       791	80000654	fec00613	addi	x12,x0,-20	  x0:0x00000000 x12=0xffffffec
        7935000	       792	80000658	219e5017	auipc	x0,0x219e5	
        7945000	       793	8000065c	01258933	add	x18,x11,x18	 x11:0xdf909000 x18:0x20000000 x18=0xff909000
        7955000	       794	80000660	ff708093	addi	x1,x1,-9	  x1:0xfffffffe  x1=0xfffffff5
        7965000	       795	80000664	ffd00c93	addi	x25,x0,-3	  x0:0x00000000 x25=0xfffffffd
        7975000	       796	80000668	ff400e13	addi	x28,x0,-12	  x0:0x00000000 x28=0xfffffff4
        7985000	       797	8000066c	010a88b3	add	x17,x21,x16	 x21:0x00000000 x16:0x00000000 x17=0x00000000
        7995000	       798	80000670	009e54b3	srl	x9,x28,x9	 x28:0xfffffff4  x9:0x00000001  x9=0x7ffffffa
        8005000	       799	80000674	ff6c8c93	addi	x25,x25,-10	 x25:0xfffffffd x25=0xfffffff3
        8015000	       800	80000678	ffccdae3	bge	x25,x28,8000066c	 x25:0xfffffff3 x28:0xfffffff4
        8025000	       801	8000067c	fcc08ee3	beq	x1,x12,80000658	  x1:0xfffffff5 x12:0xffffffec
        8035000	       802	80000680	41b088b3	sub	x17,x1,x27	  x1:0xfffffff5 x27:0x0000000d x17=0xffffffe8
        8045000	       803	80000684	00a00793	addi	x15,x0,10	  x0:0x00000000 x15=0x0000000a
        8055000	       804	80000688	989cc893	xori	x17,x25,-1655	 x25:0xfffffff3 x17=0x0000067a
        8065000	       805	8000068c	4080d9b3	sra	x19,x1,x8	  x1:0xfffffff5  x8:0x00000000 x19=0xfffffff5
        8075000	       806	80000690	403380b3	sub	x1,x7,x3	  x7:0xc35ad000  x3:0xc35ad006  x1=0xfffffffa
        8085000	       807	80000694	41b48cb3	sub	x25,x9,x27	  x9:0x7ffffffa x27:0x0000000d x25=0x7fffffed
        8095000	       808	80000698	00a00613	addi	x12,x0,10	  x0:0x00000000 x12=0x0000000a
        8105000	       809	8000069c	108cb693	sltiu	x13,x25,264	 x25:0x7fffffed x13=0x00000000
        8115000	       810	800006a0	00bec733	xor	x14,x29,x11	 x29:0x00000008 x11:0xdf909000 x14=0xdf909008
        8125000	       811	800006a4	ff778793	addi	x15,x15,-9	 x15:0x0000000a x15=0x00000001
        8135000	       812	800006a8	63ea7f13	andi	x30,x20,1598	 x20:0xbdb185ec x30=0x0000042c
        8145000	       813	800006ac	0046df13	srli	x30,x13,0x4	 x13:0x00000000 x30=0x00000000
        8155000	       814	800006b0	41e98ab3	sub	x21,x19,x30	 x19:0xfffffff5 x30:0x00000000 x21=0xfffffff5
        8165000	       815	800006b4	41c1df13	srai	x30,x3,0x1c	  x3:0xc35ad006 x30=0xfffffffc
        8175000	       816	800006b8	00113d33	sltu	x26,x2,x1	  x2:0x00000000  x1:0xfffffffa x26=0x00000001
        8185000	       817	800006bc	ff800593	addi	x11,x0,-8	  x0:0x00000000 x11=0xfffffff8
        8195000	       818	800006c0	004f6fb3	or	x31,x30,x4	 x30:0xfffffffc  x4:0x80009fc4 x31=0xfffffffc
        8205000	       819	800006c4	015c56b3	srl	x13,x24,x21	 x24:0x0000000a x21:0xfffffff5 x13=0x00000000
        8215000	       820	800006c8	00100513	addi	x10,x0,1	  x0:0x00000000 x10=0x00000001
        8225000	       821	800006cc	ad204413	xori	x8,x0,-1326	  x0:0x00000000  x8=0xfffffad2
        8235000	       822	800006d0	00b06033	or	x0,x0,x11	  x0:0x00000000 x11:0xfffffff8
        8245000	       823	800006d4	00c3b3b3	sltu	x7,x7,x12	  x7:0xc35ad000 x12:0x0000000a  x7=0x00000000
        8255000	       824	800006d8	01b6b333	sltu	x6,x13,x27	 x13:0x00000000 x27:0x0000000d  x6=0x00000001
        8265000	       825	800006dc	01e7dd93	srli	x27,x15,0x1e	 x15:0x00000001 x27=0x00000000
        8275000	       826	800006e0	0064fd33	and	x26,x9,x6	  x9:0x7ffffffa  x6:0x00000001 x26=0x00000000
        8285000	       827	800006e4	01aa73b3	and	x7,x20,x26	 x20:0xbdb185ec x26:0x00000000  x7=0x00000000
        8295000	       828	800006e8	00758593	addi	x11,x11,7	 x11:0xfffffff8 x11=0xffffffff
        8305000	       829	800006ec	40cf5293	srai	x5,x30,0xc	 x30:0xfffffffc  x5=0xffffffff
        8315000	       830	800006f0	fea5c8e3	blt	x11,x10,800006e0	 x11:0xffffffff x10:0x00000001
        8325000	       831	00000000	00000013	addi	x0,x0,0	  x0:0x00000000
        8335000	       832	800006dc	00000013	addi	x0,x0,0	  x0:0x00000000
        8345000	       833	800006e0	0064fd33	and	x26,x9,x6	  x9:0x7ffffffa  x6:0x00000001 x26=0x00000000
        8355000	       834	800006e4	01aa73b3	and	x7,x20,x26	 x20:0xbdb185ec x26:0x00000000  x7=0x00000000
        8365000	       835	800006e8	00758593	addi	x11,x11,7	 x11:0xffffffff x11=0x00000006
        8375000	       836	800006ec	40cf5293	srai	x5,x30,0xc	 x30:0xfffffffc  x5=0xffffffff
        8385000	       837	800006f0	fea5c8e3	blt	x11,x10,800006e0	 x11:0x00000006 x10:0x00000001
        8395000	       838	800006f4	74278b13	addi	x22,x15,1858	 x15:0x00000001 x22=0x00000743
        8405000	       839	800006f8	3c8fd437	lui	x8,0x3c8fd	  x8=0x3c8fd000
        8415000	       840	800006fc	1d31b113	sltiu	x2,x3,467	  x3:0xc35ad006  x2=0x00000000
        8425000	       841	80000700	f8c7fee3	bgeu	x15,x12,8000069c	 x15:0x00000001 x12:0x0000000a
        8435000	       842	80000704	98a2a013	slti	x0,x5,-1654	  x5:0xffffffff
        8445000	       843	80000708	ffa00f93	addi	x31,x0,-6	  x0:0x00000000 x31=0xfffffffa
        8455000	       844	8000070c	414854b3	sra	x9,x16,x20	 x16:0x00000000 x20:0xbdb185ec  x9=0x00000000
        8465000	       845	80000710	00eb14b3	sll	x9,x22,x14	 x22:0x00000743 x14:0xdf909008  x9=0x00074300
        8475000	       846	80000714	01825433	srl	x8,x4,x24	  x4:0x80009fc4 x24:0x0000000a  x8=0x00200027
        8485000	       847	80000718	f82cf893	andi	x17,x25,-126	 x25:0x7fffffed x17=0x7fffff80
        8495000	       848	8000071c	01100393	addi	x7,x0,17	  x0:0x00000000  x7=0x00000011
        8505000	       849	80000720	9a9dbd37	lui	x26,0x9a9db	 x26=0x9a9db000
        8515000	       850	80000724	00000013	addi	x0,x0,0	  x0:0x00000000
        8525000	       851	80000728	52ae3f13	sltiu	x30,x28,1322	 x28:0xfffffff4 x30=0x00000000
        8535000	       852	8000072c	a0077f17	auipc	x30,0xa0077	 x30=0x20077728
        8545000	       853	80000730	003f8f93	addi	x31,x31,3	 x31:0xfffffffa x31=0xfffffffd
        8555000	       854	80000734	0001a533	slt	x10,x3,x0	  x3:0xc35ad006  x0:0x00000000 x10=0x00000001
        8565000	       855	80000738	fe7feae3	bltu	x31,x7,8000072c	 x31:0xfffffffd  x7:0x00000011
        8575000	       856	8000073c	0034cf33	xor	x30,x9,x3	  x9:0x00074300  x3:0xc35ad006 x30=0xc35d9306
        8585000	       857	80000740	00a00b13	addi	x22,x0,10	  x0:0x00000000 x22=0x0000000a
        8595000	       858	80000744	01896db3	or	x27,x18,x24	 x18:0xff909000 x24:0x0000000a x27=0xff90900a
        8605000	       859	80000748	48838093	addi	x1,x7,1160	  x7:0x00000011  x1=0x00000499
        8615000	       860	8000074c	fff00613	addi	x12,x0,-1	  x0:0x00000000 x12=0xffffffff
        8625000	       861	80000750	73e4c013	xori	x0,x9,1854	  x9:0x00074300
        8635000	       862	80000754	ffcb0b13	addi	x22,x22,-4	 x22:0x0000000a x22=0x00000006
        8645000	       863	80000758	01c87933	and	x18,x16,x28	 x16:0x00000000 x28:0xfffffff4 x18=0x00000000
        8655000	       864	8000075c	ffa00493	addi	x9,x0,-6	  x0:0x00000000  x9=0xfffffffa
        8665000	       865	80000760	f0ae8293	addi	x5,x29,-246	 x29:0x00000008  x5=0xffffff12
        8675000	       866	80000764	00a00e13	addi	x28,x0,10	  x0:0x00000000 x28=0x0000000a
        8685000	       867	80000768	011fda13	srli	x20,x31,0x11	 x31:0xfffffffd x20=0x00007fff
        8695000	       868	8000076c	a18c2413	slti	x8,x24,-1512	 x24:0x0000000a  x8=0x00000000
        8705000	       869	80000770	00648493	addi	x9,x9,6	  x9:0xfffffffa  x9=0x00000000
        8715000	       870	80000774	1e050c13	addi	x24,x10,480	 x10:0x00000001 x24=0x000001e1
        8725000	       871	80000778	ffc4cae3	blt	x9,x28,8000076c	  x9:0x00000000 x28:0x0000000a
        8735000	       872	00000000	00000013	addi	x0,x0,0	  x0:0x00000000
        8745000	       873	80000768	00000013	addi	x0,x0,0	  x0:0x00000000
        8755000	       874	8000076c	a18c2413	slti	x8,x24,-1512	 x24:0x000001e1  x8=0x00000000
        8765000	       875	80000770	00648493	addi	x9,x9,6	  x9:0x00000000  x9=0x00000006
        8775000	       876	80000774	1e050c13	addi	x24,x10,480	 x10:0x00000001 x24=0x000001e1
        8785000	       877	80000778	ffc4cae3	blt	x9,x28,8000076c	  x9:0x00000006 x28:0x0000000a
        8795000	       878	00000000	00000013	addi	x0,x0,0	  x0:0x00000000
        8805000	       879	80000768	00000013	addi	x0,x0,0	  x0:0x00000000
        8815000	       880	8000076c	a18c2413	slti	x8,x24,-1512	 x24:0x000001e1  x8=0x00000000
        8825000	       881	80000770	00648493	addi	x9,x9,6	  x9:0x00000006  x9=0x0000000c
        8835000	       882	80000774	1e050c13	addi	x24,x10,480	 x10:0x00000001 x24=0x000001e1
        8845000	       883	80000778	ffc4cae3	blt	x9,x28,8000076c	  x9:0x0000000c x28:0x0000000a
        8855000	       884	8000077c	01d49193	slli	x3,x9,0x1d	  x9:0x0000000c  x3=0x80000000
        8865000	       885	80000780	000f8f33	add	x30,x31,x0	 x31:0xfffffffd  x0:0x00000000 x30=0xfffffffd
        8875000	       886	80000784	fccb56e3	bge	x22,x12,80000750	 x22:0x00000006 x12:0xffffffff
        8885000	       887	00000000	00000013	addi	x0,x0,0	  x0:0x00000000
        8895000	       888	8000074c	00000013	addi	x0,x0,0	  x0:0x00000000
        8905000	       889	80000750	73e4c013	xori	x0,x9,1854	  x9:0x0000000c
        8915000	       890	80000754	ffcb0b13	addi	x22,x22,-4	 x22:0x00000006 x22=0x00000002
        8925000	       891	80000758	01c87933	and	x18,x16,x28	 x16:0x00000000 x28:0x0000000a x18=0x00000000
        8935000	       892	8000075c	ffa00493	addi	x9,x0,-6	  x0:0x00000000  x9=0xfffffffa
        8945000	       893	80000760	f0ae8293	addi	x5,x29,-246	 x29:0x00000008  x5=0xffffff12
        8955000	       894	80000764	00a00e13	addi	x28,x0,10	  x0:0x00000000 x28=0x0000000a
        8965000	       895	80000768	011fda13	srli	x20,x31,0x11	 x31:0xfffffffd x20=0x00007fff
        8975000	       896	8000076c	a18c2413	slti	x8,x24,-1512	 x24:0x000001e1  x8=0x00000000
        8985000	       897	80000770	00648493	addi	x9,x9,6	  x9:0xfffffffa  x9=0x00000000
        8995000	       898	80000774	1e050c13	addi	x24,x10,480	 x10:0x00000001 x24=0x000001e1
        9005000	       899	80000778	ffc4cae3	blt	x9,x28,8000076c	  x9:0x00000000 x28:0x0000000a
        9015000	       900	00000000	00000013	addi	x0,x0,0	  x0:0x00000000
        9025000	       901	80000768	00000013	addi	x0,x0,0	  x0:0x00000000
        9035000	       902	8000076c	a18c2413	slti	x8,x24,-1512	 x24:0x000001e1  x8=0x00000000
        9045000	       903	80000770	00648493	addi	x9,x9,6	  x9:0x00000000  x9=0x00000006
        9055000	       904	80000774	1e050c13	addi	x24,x10,480	 x10:0x00000001 x24=0x000001e1
        9065000	       905	80000778	ffc4cae3	blt	x9,x28,8000076c	  x9:0x00000006 x28:0x0000000a
        9075000	       906	00000000	00000013	addi	x0,x0,0	  x0:0x00000000
        9085000	       907	80000768	00000013	addi	x0,x0,0	  x0:0x00000000
        9095000	       908	8000076c	a18c2413	slti	x8,x24,-1512	 x24:0x000001e1  x8=0x00000000
        9105000	       909	80000770	00648493	addi	x9,x9,6	  x9:0x00000006  x9=0x0000000c
        9115000	       910	80000774	1e050c13	addi	x24,x10,480	 x10:0x00000001 x24=0x000001e1
        9125000	       911	80000778	ffc4cae3	blt	x9,x28,8000076c	  x9:0x0000000c x28:0x0000000a
        9135000	       912	8000077c	01d49193	slli	x3,x9,0x1d	  x9:0x0000000c  x3=0x80000000
        9145000	       913	80000780	000f8f33	add	x30,x31,x0	 x31:0xfffffffd  x0:0x00000000 x30=0xfffffffd
        9155000	       914	80000784	fccb56e3	bge	x22,x12,80000750	 x22:0x00000002 x12:0xffffffff
        9165000	       915	00000000	00000013	addi	x0,x0,0	  x0:0x00000000
        9175000	       916	8000074c	00000013	addi	x0,x0,0	  x0:0x00000000
        9185000	       917	80000750	73e4c013	xori	x0,x9,1854	  x9:0x0000000c
        9195000	       918	80000754	ffcb0b13	addi	x22,x22,-4	 x22:0x00000002 x22=0xfffffffe
        9205000	       919	80000758	01c87933	and	x18,x16,x28	 x16:0x00000000 x28:0x0000000a x18=0x00000000
        9215000	       920	8000075c	ffa00493	addi	x9,x0,-6	  x0:0x00000000  x9=0xfffffffa
        9225000	       921	80000760	f0ae8293	addi	x5,x29,-246	 x29:0x00000008  x5=0xffffff12
        9235000	       922	80000764	00a00e13	addi	x28,x0,10	  x0:0x00000000 x28=0x0000000a
        9245000	       923	80000768	011fda13	srli	x20,x31,0x11	 x31:0xfffffffd x20=0x00007fff
        9255000	       924	8000076c	a18c2413	slti	x8,x24,-1512	 x24:0x000001e1  x8=0x00000000
        9265000	       925	80000770	00648493	addi	x9,x9,6	  x9:0xfffffffa  x9=0x00000000
        9275000	       926	80000774	1e050c13	addi	x24,x10,480	 x10:0x00000001 x24=0x000001e1
        9285000	       927	80000778	ffc4cae3	blt	x9,x28,8000076c	  x9:0x00000000 x28:0x0000000a
        9295000	       928	00000000	00000013	addi	x0,x0,0	  x0:0x00000000
        9305000	       929	80000768	00000013	addi	x0,x0,0	  x0:0x00000000
        9315000	       930	8000076c	a18c2413	slti	x8,x24,-1512	 x24:0x000001e1  x8=0x00000000
        9325000	       931	80000770	00648493	addi	x9,x9,6	  x9:0x00000000  x9=0x00000006
        9335000	       932	80000774	1e050c13	addi	x24,x10,480	 x10:0x00000001 x24=0x000001e1
        9345000	       933	80000778	ffc4cae3	blt	x9,x28,8000076c	  x9:0x00000006 x28:0x0000000a
        9355000	       934	00000000	00000013	addi	x0,x0,0	  x0:0x00000000
        9365000	       935	80000768	00000013	addi	x0,x0,0	  x0:0x00000000
        9375000	       936	8000076c	a18c2413	slti	x8,x24,-1512	 x24:0x000001e1  x8=0x00000000
        9385000	       937	80000770	00648493	addi	x9,x9,6	  x9:0x00000006  x9=0x0000000c
        9395000	       938	80000774	1e050c13	addi	x24,x10,480	 x10:0x00000001 x24=0x000001e1
        9405000	       939	80000778	ffc4cae3	blt	x9,x28,8000076c	  x9:0x0000000c x28:0x0000000a
        9415000	       940	8000077c	01d49193	slli	x3,x9,0x1d	  x9:0x0000000c  x3=0x80000000
        9425000	       941	80000780	000f8f33	add	x30,x31,x0	 x31:0xfffffffd  x0:0x00000000 x30=0xfffffffd
        9435000	       942	80000784	fccb56e3	bge	x22,x12,80000750	 x22:0xfffffffe x12:0xffffffff
        9445000	       943	80000788	014d5713	srli	x14,x26,0x14	 x26:0x9a9db000 x14=0x000009a9
        9455000	       944	8000078c	00000193	addi	x3,x0,0	  x0:0x00000000  x3=0x00000000
        9465000	       945	80000790	009077b3	and	x15,x0,x9	  x0:0x00000000  x9:0x0000000c x15=0x00000000
        9475000	       946	80000794	fee00e13	addi	x28,x0,-18	  x0:0x00000000 x28=0xffffffee
        9485000	       947	80000798	0126a033	slt	x0,x13,x18	 x13:0x00000000 x18:0x00000000
        9495000	       948	8000079c	01527b33	and	x22,x4,x21	  x4:0x80009fc4 x21:0xfffffff5 x22=0x80009fc4
        9505000	       949	800007a0	ff718193	addi	x3,x3,-9	  x3:0x00000000  x3=0xfffffff7
        9515000	       950	800007a4	00900593	addi	x11,x0,9	  x0:0x00000000 x11=0x00000009
        9525000	       951	800007a8	01300493	addi	x9,x0,19	  x0:0x00000000  x9=0x00000013
        9535000	       952	800007ac	e45bee93	ori	x29,x23,-443	 x23:0x80009f3c x29=0xffffff7d
        9545000	       953	800007b0	00a58593	addi	x11,x11,10	 x11:0x00000009 x11=0x00000013
        9555000	       954	800007b4	fe95cce3	blt	x11,x9,800007ac	 x11:0x00000013  x9:0x00000013
        9565000	       955	800007b8	ffc182e3	beq	x3,x28,8000079c	  x3:0xfffffff7 x28:0xffffffee
        9575000	       956	800007bc	41c8d313	srai	x6,x17,0x1c	 x17:0x7fffff80  x6=0x00000007
        9585000	       957	800007c0	00500293	addi	x5,x0,5	  x0:0x00000000  x5=0x00000005
        9595000	       958	800007c4	41d15f93	srai	x31,x2,0x1d	  x2:0x00000000 x31=0x00000000
        9605000	       959	800007c8	01a29793	slli	x15,x5,0x1a	  x5:0x00000005 x15=0x14000000
        9615000	       960	800007cc	013adf33	srl	x30,x21,x19	 x21:0xfffffff5 x19:0xfffffff5 x30=0x000007ff
        9625000	       961	800007d0	00000013	addi	x0,x0,0	  x0:0x00000000
        9635000	       962	800007d4	00a00593	addi	x11,x0,10	  x0:0x00000000 x11=0x0000000a
        9645000	       963	800007d8	402b0e33	sub	x28,x22,x2	 x22:0x80009fc4  x2:0x00000000 x28=0x80009fc4
        9655000	       964	800007dc	46360913	addi	x18,x12,1123	 x12:0xffffffff x18=0x00000462
        9665000	       965	800007e0	0125e633	or	x12,x11,x18	 x11:0x0000000a x18:0x00000462 x12=0x0000046a
        9675000	       966	800007e4	d46afa17	auipc	x20,0xd46af	 x20=0x546af7e0
        9685000	       967	800007e8	01a00b33	add	x22,x0,x26	  x0:0x00000000 x26:0x9a9db000 x22=0x9a9db000
        9695000	       968	800007ec	010a9133	sll	x2,x21,x16	 x21:0xfffffff5 x16:0x00000000  x2=0xfffffff5
        9705000	       969	800007f0	0077f7b3	and	x15,x15,x7	 x15:0x14000000  x7:0x00000011 x15=0x00000000
        9715000	       970	800007f4	00528293	addi	x5,x5,5	  x5:0x00000005  x5=0x0000000a
        9725000	       971	800007f8	004c4733	xor	x14,x24,x4	 x24:0x000001e1  x4:0x80009fc4 x14=0x80009e25
        9735000	       972	800007fc	00000013	addi	x0,x0,0	  x0:0x00000000
        9745000	       973	80000800	f484ea13	ori	x20,x9,-184	  x9:0x00000013 x20=0xffffff5b
        9755000	       974	80000804	4142d733	sra	x14,x5,x20	  x5:0x0000000a x20:0xffffff5b x14=0x00000000
        9765000	       975	80000808	008b3db3	sltu	x27,x22,x8	 x22:0x9a9db000  x8:0x00000000 x27=0x00000000
        9775000	       976	8000080c	a43c8197	auipc	x3,0xa43c8	  x3=0x243c8808
        9785000	       977	80000810	93796413	ori	x8,x18,-1737	 x18:0x00000462  x8=0xfffffd77
        9795000	       978	80000814	9db76713	ori	x14,x14,-1573	 x14:0x00000000 x14=0xfffff9db
        9805000	       979	80000818	78f4ca93	xori	x21,x9,1935	  x9:0x00000013 x21=0x0000079c
        9815000	       980	8000081c	00bf5633	srl	x12,x30,x11	 x30:0x000007ff x11:0x0000000a x12=0x00000001
        9825000	       981	80000820	fcb2e0e3	bltu	x5,x11,800007e0	  x5:0x0000000a x11:0x0000000a
        9835000	       982	80000824	6a6f3d13	sltiu	x26,x30,1702	 x30:0x000007ff x26=0x00000000
        9845000	       983	80000828	4ac63013	sltiu	x0,x12,1196	 x12:0x00000001
        9855000	       984	8000082c	c2ff5f97	auipc	x31,0xc2ff5	 x31=0x42ff5828
        9865000	       985	80000830	01c21493	slli	x9,x4,0x1c	  x4:0x80009fc4  x9=0x40000000
        9875000	       986	80000834	8daa3f93	sltiu	x31,x20,-1830	 x20:0xffffff5b x31=0x00000000
        9885000	       987	80000838	00b53b33	sltu	x22,x10,x11	 x10:0x00000001 x11:0x0000000a x22=0x00000001
        9895000	       988	8000083c	00000013	addi	x0,x0,0	  x0:0x00000000
        9905000	       989	80000840	80d16f93	ori	x31,x2,-2035	  x2:0xfffffff5 x31=0xfffffffd
        9915000	       990	80000844	004ac933	xor	x18,x21,x4	 x21:0x0000079c  x4:0x80009fc4 x18=0x80009858
        9925000	       991	80000848	01e09a63	bne	x1,x30,8000085c	  x1:0x00000499 x30:0x000007ff
        9935000	       992	00000000	00000013	addi	x0,x0,0	  x0:0x00000000
        9945000	       993	80000858	00000013	addi	x0,x0,0	  x0:0x00000000
        9955000	       994	8000085c	412ad9b3	sra	x19,x21,x18	 x21:0x0000079c x18:0x80009858 x19=0x00000000
        9965000	       995	80000860	0004f533	and	x10,x9,x0	  x9:0x40000000  x0:0x00000000 x10=0x00000000
        9975000	       996	80000864	00f060b3	or	x1,x0,x15	  x0:0x00000000 x15:0x00000000  x1=0x00000000
        9985000	       997	80000868	002b1463	bne	x22,x2,80000870	 x22:0x00000001  x2:0xfffffff5
        9995000	       998	00000000	00000013	addi	x0,x0,0	  x0:0x00000000
       10005000	       999	8000086c	00000013	addi	x0,x0,0	  x0:0x00000000
       10015000	      1000	80000870	1838eb13	ori	x22,x17,387	 x17:0x7fffff80 x22=0x7fffff83
       10025000	      1001	80000874	002edab3	srl	x21,x29,x2	 x29:0xffffff7d  x2:0xfffffff5 x21=0x000007ff
       10035000	      1002	80000878	cc00f913	andi	x18,x1,-832	  x1:0x00000000 x18=0x00000000
       10045000	      1003	8000087c	002af133	and	x2,x21,x2	 x21:0x000007ff  x2:0xfffffff5  x2=0x000007f5
       10055000	      1004	80000880	01fade13	srli	x28,x21,0x1f	 x21:0x000007ff x28=0x00000000
       10065000	      1005	80000884	02877663	bgeu	x14,x8,800008b0	 x14:0xfffff9db  x8:0xfffffd77
       10075000	      1006	80000888	0185d913	srli	x18,x11,0x18	 x11:0x0000000a x18=0x00000000
       10085000	      1007	8000088c	0142c1b3	xor	x3,x5,x20	  x5:0x0000000a x20:0xffffff5b  x3=0xffffff51
       10095000	      1008	80000890	01f0f6b3	and	x13,x1,x31	  x1:0x00000000 x31:0xfffffffd x13=0x00000000
       10105000	      1009	80000894	40925513	srai	x10,x4,0x9	  x4:0x80009fc4 x10=0xffc0004f
       10115000	      1010	80000898	04418263	beq	x3,x4,800008dc	  x3:0xffffff51  x4:0x80009fc4
       10125000	      1011	8000089c	00e35b13	srli	x22,x6,0xe	  x6:0x00000007 x22=0x00000000
       10135000	      1012	800008a0	017b1093	slli	x1,x22,0x17	 x22:0x00000000  x1=0x00000000
       10145000	      1013	800008a4	d2198893	addi	x17,x19,-735	 x19:0x00000000 x17=0xfffffd21
       10155000	      1014	800008a8	41488933	sub	x18,x17,x20	 x17:0xfffffd21 x20:0xffffff5b x18=0xfffffdc6
       10165000	      1015	800008ac	fe75c113	xori	x2,x11,-25	 x11:0x0000000a  x2=0xffffffed
       10175000	      1016	800008b0	03afce63	blt	x31,x26,800008ec	 x31:0xfffffffd x26:0x00000000
       10185000	      1017	00000000	00000013	addi	x0,x0,0	  x0:0x00000000
       10195000	      1018	800008e8	00000013	addi	x0,x0,0	  x0:0x00000000
       10205000	      1019	800008ec	00d1d593	srli	x11,x3,0xd	  x3:0xffffff51 x11=0x0007ffff
       10215000	      1020	800008f0	01c60c33	add	x24,x12,x28	 x12:0x00000001 x28:0x00000000 x24=0x00000001
       10225000	      1021	800008f4	687e1897	auipc	x17,0x687e1	 x17=0xe87e18f0
       10235000	      1022	800008f8	01b5ceb3	xor	x29,x11,x27	 x11:0x0007ffff x27:0x00000000 x29=0x0007ffff
       10245000	      1023	800008fc	018290b3	sll	x1,x5,x24	  x5:0x0000000a x24:0x00000001  x1=0x00000014
       10255000	      1024	80000900	00989393	slli	x7,x17,0x9	 x17:0xe87e18f0  x7=0xfc31e000
       10265000	      1025	80000904	00706eb3	or	x29,x0,x7	  x0:0x00000000  x7:0xfc31e000 x29=0xfc31e000
       10275000	      1026	80000908	01275e63	bge	x14,x18,80000924	 x14:0xfffff9db x18:0xfffffdc6
       10285000	      1027	8000090c	f91c2a93	slti	x21,x24,-111	 x24:0x00000001 x21=0x00000000
       10295000	      1028	80000910	01b43633	sltu	x12,x8,x27	  x8:0xfffffd77 x27:0x00000000 x12=0x00000000
       10305000	      1029	80000914	00cf3eb3	sltu	x29,x30,x12	 x30:0x000007ff x12:0x00000000 x29=0x00000000
       10315000	      1030	80000918	01b634b3	sltu	x9,x12,x27	 x12:0x00000000 x27:0x00000000  x9=0x00000000
       10325000	      1031	8000091c	00801533	sll	x10,x0,x8	  x0:0x00000000  x8:0xfffffd77 x10=0x00000000
       10335000	      1032	80000920	03db1663	bne	x22,x29,8000094c	 x22:0x00000000 x29:0x00000000
       10345000	      1033	80000924	01277db3	and	x27,x14,x18	 x14:0xfffff9db x18:0xfffffdc6 x27=0xfffff9c2
       10355000	      1034	80000928	05c47463	bgeu	x8,x28,80000970	  x8:0xfffffd77 x28:0x00000000
       10365000	      1035	00000000	00000013	addi	x0,x0,0	  x0:0x00000000
       10375000	      1036	8000096c	00000013	addi	x0,x0,0	  x0:0x00000000
       10385000	      1037	80000970	4172da33	sra	x20,x5,x23	  x5:0x0000000a x23:0x80009f3c x20=0x00000000
       10395000	      1038	80000974	8a942697	auipc	x13,0x8a942	 x13=0x0a942970
       10405000	      1039	80000978	03fa5c63	bge	x20,x31,800009b0	 x20:0x00000000 x31:0xfffffffd
       10415000	      1040	00000000	00000013	addi	x0,x0,0	  x0:0x00000000
       10425000	      1041	800009ac	00000013	addi	x0,x0,0	  x0:0x00000000
       10435000	      1042	800009b0	05309463	bne	x1,x19,800009f8	  x1:0x00000014 x19:0x00000000
       10445000	      1043	00000000	00000013	addi	x0,x0,0	  x0:0x00000000
       10455000	      1044	800009f4	00000013	addi	x0,x0,0	  x0:0x00000000
       10465000	      1045	800009f8	551a5e17	auipc	x28,0x551a5	 x28=0xd51a59f4
       10475000	      1046	800009fc	02ed9a63	bne	x27,x14,80000a30	 x27:0xfffff9c2 x14:0xfffff9db
       10485000	      1047	00000000	00000013	addi	x0,x0,0	  x0:0x00000000
       10495000	      1048	80000a2c	00000013	addi	x0,x0,0	  x0:0x00000000
       10505000	      1049	80000a30	00985733	srl	x14,x16,x9	 x16:0x00000000  x9:0x00000000 x14=0x00000000
       10515000	      1050	80000a34	00000013	addi	x0,x0,0	  x0:0x00000000
       10525000	      1051	80000a38	021bd263	bge	x23,x1,80000a5c	 x23:0x80009f3c  x1:0x00000014
       10535000	      1052	80000a3c	00e43133	sltu	x2,x8,x14	  x8:0xfffffd77 x14:0x00000000  x2=0x00000000
       10545000	      1053	80000a40	0096e333	or	x6,x13,x9	 x13:0x0a942970  x9:0x00000000  x6=0x0a942970
       10555000	      1054	80000a44	a4a1be93	sltiu	x29,x3,-1462	  x3:0xffffff51 x29=0x00000000
       10565000	      1055	80000a48	b9aa2c93	slti	x25,x20,-1126	 x20:0x00000000 x25=0x00000000
       10575000	      1056	80000a4c	00fcc0b3	xor	x1,x25,x15	 x25:0x00000000 x15:0x00000000  x1=0x00000000
       10585000	      1057	80000a50	4b8af413	andi	x8,x21,1208	 x21:0x00000000  x8=0x00000000
       10595000	      1058	80000a54	00a50a33	add	x20,x10,x10	 x10:0x00000000 x10:0x00000000 x20=0x00000000
       10605000	      1059	80000a58	41afdd13	srai	x26,x31,0x1a	 x31:0xfffffffd x26=0xffffffff
       10615000	      1060	80000a5c	030ff663	bgeu	x31,x16,80000a88	 x31:0xfffffffd x16:0x00000000
       10625000	      1061	00000000	00000013	addi	x0,x0,0	  x0:0x00000000
       10635000	      1062	80000a84	00000013	addi	x0,x0,0	  x0:0x00000000
       10645000	      1063	80000a88	dd51be37	lui	x28,0xdd51b	 x28=0xdd51b000
       10655000	      1064	80000a8c	004681b3	add	x3,x13,x4	 x13:0x0a942970  x4:0x80009fc4  x3=0x8a94c934
       10665000	      1065	80000a90	03a7cc63	blt	x15,x26,80000ac8	 x15:0x00000000 x26:0xffffffff
       10675000	      1066	80000a94	00727463	bgeu	x4,x7,80000a9c	  x4:0x80009fc4  x7:0xfc31e000
       10685000	      1067	80000a98	005a5a63	bge	x20,x5,80000aac	 x20:0x00000000  x5:0x0000000a
       10695000	      1068	80000a9c	0179c9b3	xor	x19,x19,x23	 x19:0x00000000 x23:0x80009f3c x19=0x80009f3c
       10705000	      1069	80000aa0	01dc22b3	slt	x5,x24,x29	 x24:0x00000001 x29:0x00000000  x5=0x00000000
       10715000	      1070	80000aa4	00d86463	bltu	x16,x13,80000aac	 x16:0x00000000 x13:0x0a942970
       10725000	      1071	00000000	00000013	addi	x0,x0,0	  x0:0x00000000
       10735000	      1072	80000aa8	00000013	addi	x0,x0,0	  x0:0x00000000
       10745000	      1073	80000aac	408c5193	srai	x3,x24,0x8	 x24:0x00000001  x3=0x00000000
       10755000	      1074	80000ab0	41485a13	srai	x20,x16,0x14	 x16:0x00000000 x20=0x00000000
       10765000	      1075	80000ab4	04854263	blt	x10,x8,80000af8	 x10:0x00000000  x8:0x00000000
       10775000	      1076	80000ab8	01337533	and	x10,x6,x19	  x6:0x0a942970 x19:0x80009f3c x10=0x00000930
       10785000	      1077	80000abc	00288a63	beq	x17,x2,80000ad0	 x17:0xe87e18f0  x2:0x00000000
       10795000	      1078	80000ac0	00bfda33	srl	x20,x31,x11	 x31:0xfffffffd x11:0x0007ffff x20=0x00000001
       10805000	      1079	80000ac4	90404413	xori	x8,x0,-1788	  x0:0x00000000  x8=0xfffff904
       10815000	      1080	80000ac8	a9271297	auipc	x5,0xa9271	  x5=0x29271ac4
       10825000	      1081	80000acc	01cef633	and	x12,x29,x28	 x29:0x00000000 x28:0xdd51b000 x12=0x00000000
       10835000	      1082	80000ad0	97ce2893	slti	x17,x28,-1668	 x28:0xdd51b000 x17=0x00000001
       10845000	      1083	80000ad4	40dd5cb3	sra	x25,x26,x13	 x26:0xffffffff x13:0x0a942970 x25=0xffffffff
       10855000	      1084	80000ad8	018f6eb3	or	x29,x30,x24	 x30:0x000007ff x24:0x00000001 x29=0x000007ff
       10865000	      1085	80000adc	b0f73513	sltiu	x10,x14,-1265	 x14:0x00000000 x10=0x00000001
       10875000	      1086	80000ae0	96fd2293	slti	x5,x26,-1681	 x26:0xffffffff  x5=0x00000000
       10885000	      1087	80000ae4	00eac663	blt	x21,x14,80000af0	 x21:0x00000000 x14:0x00000000
       10895000	      1088	80000ae8	03670c63	beq	x14,x22,80000b20	 x14:0x00000000 x22:0x00000000
       10905000	      1089	00000000	00000013	addi	x0,x0,0	  x0:0x00000000
       10915000	      1090	80000b1c	00000013	addi	x0,x0,0	  x0:0x00000000
       10925000	      1091	80000b20	0021d733	srl	x14,x3,x2	  x3:0x00000000  x2:0x00000000 x14=0x00000000
       10935000	      1092	80000b24	01605b33	srl	x22,x0,x22	  x0:0x00000000 x22:0x00000000 x22=0x00000000
       10945000	      1093	80000b28	c8afd297	auipc	x5,0xc8afd	  x5=0x48afdb24
       10955000	      1094	80000b2c	01b78d33	add	x26,x15,x27	 x15:0x00000000 x27:0xfffff9c2 x26=0xfffff9c2
       10965000	      1095	80000b30	6240f937	lui	x18,0x6240f	 x18=0x6240f000
       10975000	      1096	80000b34	40655893	srai	x17,x10,0x6	 x10:0x00000001 x17=0x00000000
       10985000	      1097	80000b38	01950c33	add	x24,x10,x25	 x10:0x00000001 x25:0xffffffff x24=0x00000000
       10995000	      1098	80000b3c	41628733	sub	x14,x5,x22	  x5:0x48afdb24 x22:0x00000000 x14=0x48afdb24
       11005000	      1099	80000b40	034e4a63	blt	x28,x20,80000b74	 x28:0xdd51b000 x20:0x00000001
       11015000	      1100	00000000	00000013	addi	x0,x0,0	  x0:0x00000000
       11025000	      1101	80000b70	00000013	addi	x0,x0,0	  x0:0x00000000
       11035000	      1102	80000b74	014b62b3	or	x5,x22,x20	 x22:0x00000000 x20:0x00000001  x5=0x00000001
       11045000	      1103	80000b78	01bd3eb3	sltu	x29,x26,x27	 x26:0xfffff9c2 x27:0xfffff9c2 x29=0x00000000
       11055000	      1104	80000b7c	01a2c0b3	xor	x1,x5,x26	  x5:0x00000001 x26:0xfffff9c2  x1=0xfffff9c3
       11065000	      1105	80000b80	40a153b3	sra	x7,x2,x10	  x2:0x00000000 x10:0x00000001  x7=0x00000000
       11075000	      1106	80000b84	053b6263	bltu	x22,x19,80000bc8	 x22:0x00000000 x19:0x80009f3c
       11085000	      1107	00000000	00000013	addi	x0,x0,0	  x0:0x00000000
       11095000	      1108	80000bc4	00000013	addi	x0,x0,0	  x0:0x00000000
       11105000	      1109	80000bc8	00000013	addi	x0,x0,0	  x0:0x00000000
       11115000	      1110	80000bcc	5a4c2193	slti	x3,x24,1444	 x24:0x00000000  x3=0x00000001
       11125000	      1111	80000bd0	00ea7ab3	and	x21,x20,x14	 x20:0x00000001 x14:0x48afdb24 x21=0x00000000
       11135000	      1112	80000bd4	02dc0663	beq	x24,x13,80000c00	 x24:0x00000000 x13:0x0a942970
       11145000	      1113	80000bd8	03827263	bgeu	x4,x24,80000bfc	  x4:0x80009fc4 x24:0x00000000
       11155000	      1114	00000000	00000013	addi	x0,x0,0	  x0:0x00000000
       11165000	      1115	80000bf8	00000013	addi	x0,x0,0	  x0:0x00000000
       11175000	      1116	80000bfc	8d2ec313	xori	x6,x29,-1838	 x29:0x00000000  x6=0xfffff8d2
       11185000	      1117	80000c00	02b75063	bge	x14,x11,80000c20	 x14:0x48afdb24 x11:0x0007ffff
       11195000	      1118	00000000	00000013	addi	x0,x0,0	  x0:0x00000000
       11205000	      1119	80000c1c	00000013	addi	x0,x0,0	  x0:0x00000000
       11215000	      1120	80000c20	0106b4b3	sltu	x9,x13,x16	 x13:0x0a942970 x16:0x00000000  x9=0x00000000
       11225000	      1121	80000c24	f8d43893	sltiu	x17,x8,-115	  x8:0xfffff904 x17=0x00000001
       11235000	      1122	80000c28	005d4db3	xor	x27,x26,x5	 x26:0xfffff9c2  x5:0x00000001 x27=0xfffff9c3
       11245000	      1123	80000c2c	117b70b7	lui	x1,0x117b7	  x1=0x117b7000
       11255000	      1124	80000c30	01f1e4b3	or	x9,x3,x31	  x3:0x00000001 x31:0xfffffffd  x9=0xfffffffd
       11265000	      1125	80000c34	00921493	slli	x9,x4,0x9	  x4:0x80009fc4  x9=0x013f8800
       11275000	      1126	80000c38	b2fc3793	sltiu	x15,x24,-1233	 x24:0x00000000 x15=0x00000001
       11285000	      1127	80000c3c	00d97033	and	x0,x18,x13	 x18:0x6240f000 x13:0x0a942970
       11295000	      1128	80000c40	005d1263	bne	x26,x5,80000c44	 x26:0xfffff9c2  x5:0x00000001
       11305000	      1129	00000000	00000013	addi	x0,x0,0	  x0:0x00000000
       11315000	      1130	80000c40	00000013	addi	x0,x0,0	  x0:0x00000000
       11325000	      1131	80000c44	00768a63	beq	x13,x7,80000c58	 x13:0x0a942970  x7:0x00000000
       11335000	      1132	80000c48	85387493	andi	x9,x16,-1965	 x16:0x00000000  x9=0x00000000
       11345000	      1133	80000c4c	0160b8b3	sltu	x17,x1,x22	  x1:0x117b7000 x22:0x00000000 x17=0x00000000
       11355000	      1134	80000c50	01940533	add	x10,x8,x25	  x8:0xfffff904 x25:0xffffffff x10=0xfffff903
       11365000	      1135	80000c54	00b3ab33	slt	x22,x7,x11	  x7:0x00000000 x11:0x0007ffff x22=0x00000001
       11375000	      1136	80000c58	08d06463	bltu	x0,x13,80000ce0	  x0:0x00000000 x13:0x0a942970
       11385000	      1137	00000000	00000013	addi	x0,x0,0	  x0:0x00000000
       11395000	      1138	80000cdc	00000013	addi	x0,x0,0	  x0:0x00000000
       11405000	      1139	80000ce0	5bb54797	auipc	x15,0x5bb54	 x15=0xdbb54cdc
       11415000	      1140	80000ce4	4153d393	srai	x7,x7,0x15	  x7:0x00000000  x7=0x00000000
       11425000	      1141	80000ce8	6a403b13	sltiu	x22,x0,1700	  x0:0x00000000 x22=0x00000001
       11435000	      1142	80000cec	009a1593	slli	x11,x20,0x9	 x20:0x00000001 x11=0x00000200
       11445000	      1143	80000cf0	414a5d13	srai	x26,x20,0x14	 x20:0x00000001 x26=0x00000000
       11455000	      1144	80000cf4	da2a0497	auipc	x9,0xda2a0	  x9=0x5a2a0cf0
       11465000	      1145	80000cf8	00000013	addi	x0,x0,0	  x0:0x00000000
       11475000	      1146	80000cfc	00b14433	xor	x8,x2,x11	  x2:0x00000000 x11:0x00000200  x8=0x00000200
       11485000	      1147	80000d00	039ec263	blt	x29,x25,80000d24	 x29:0x00000000 x25:0xffffffff
       11495000	      1148	80000d04	015c0f33	add	x30,x24,x21	 x24:0x00000000 x21:0x00000000 x30=0x00000000
       11505000	      1149	80000d08	018bf463	bgeu	x23,x24,80000d10	 x23:0x80009f3c x24:0x00000000
       11515000	      1150	00000000	00000013	addi	x0,x0,0	  x0:0x00000000
       11525000	      1151	80000d0c	00000013	addi	x0,x0,0	  x0:0x00000000
       11535000	      1152	80000d10	01d268b3	or	x17,x4,x29	  x4:0x80009fc4 x29:0x00000000 x17=0x80009fc4
       11545000	      1153	80000d14	40df50b3	sra	x1,x30,x13	 x30:0x00000000 x13:0x0a942970  x1=0x00000000
       11555000	      1154	80000d18	d7191897	auipc	x17,0xd7191	 x17=0x57191d14
       11565000	      1155	80000d1c	02bd0e63	beq	x26,x11,80000d58	 x26:0x00000000 x11:0x00000200
       11575000	      1156	80000d20	007bfe63	bgeu	x23,x7,80000d3c	 x23:0x80009f3c  x7:0x00000000
       11585000	      1157	00000000	00000013	addi	x0,x0,0	  x0:0x00000000
       11595000	      1158	80000d38	00000013	addi	x0,x0,0	  x0:0x00000000
       11605000	      1159	80000d3c	0036f463	bgeu	x13,x3,80000d44	 x13:0x0a942970  x3:0x00000001
       11615000	      1160	00000000	00000013	addi	x0,x0,0	  x0:0x00000000
       11625000	      1161	80000d40	00000013	addi	x0,x0,0	  x0:0x00000000
       11635000	      1162	80000d44	41838133	sub	x2,x7,x24	  x7:0x00000000 x24:0x00000000  x2=0x00000000
       11645000	      1163	80000d48	41db5313	srai	x6,x22,0x1d	 x22:0x00000001  x6=0x00000000
       11655000	      1164	80000d4c	0139c2b3	xor	x5,x19,x19	 x19:0x80009f3c x19:0x80009f3c  x5=0x00000000
       11665000	      1165	80000d50	401f52b3	sra	x5,x30,x1	 x30:0x00000000  x1:0x00000000  x5=0x00000000
       11675000	      1166	80000d54	019622b3	slt	x5,x12,x25	 x12:0x00000000 x25:0xffffffff  x5=0x00000000
       11685000	      1167	80000d58	00000013	addi	x0,x0,0	  x0:0x00000000
       11695000	      1168	80000d5c	0188df33	srl	x30,x17,x24	 x17:0x57191d14 x24:0x00000000 x30=0x57191d14
       11705000	      1169	80000d60	00a00a13	addi	x20,x0,10	  x0:0x00000000 x20=0x0000000a
       11715000	      1170	80000d64	00269e33	sll	x28,x13,x2	 x13:0x0a942970  x2:0x00000000 x28=0x0a942970
       11725000	      1171	80000d68	f2306517	auipc	x10,0xf2306	 x10=0x72306d64
       11735000	      1172	80000d6c	00a00c13	addi	x24,x0,10	  x0:0x00000000 x24=0x0000000a
       11745000	      1173	80000d70	0099ff33	and	x30,x19,x9	 x19:0x80009f3c  x9:0x5a2a0cf0 x30=0x00000c30
       11755000	      1174	80000d74	0162d293	srli	x5,x5,0x16	  x5:0x00000000  x5=0x00000000
       11765000	      1175	80000d78	41d08fb3	sub	x31,x1,x29	  x1:0x00000000 x29:0x00000000 x31=0x00000000
       11775000	      1176	80000d7c	01bd1f93	slli	x31,x26,0x1b	 x26:0x00000000 x31=0x00000000
       11785000	      1177	80000d80	418f06b3	sub	x13,x30,x24	 x30:0x00000c30 x24:0x0000000a x13=0x00000c26
       11795000	      1178	80000d84	ff9a0a13	addi	x20,x20,-7	 x20:0x0000000a x20=0x00000003
       11805000	      1179	80000d88	01502f33	slt	x30,x0,x21	  x0:0x00000000 x21:0x00000000 x30=0x00000000
       11815000	      1180	80000d8c	fff00893	addi	x17,x0,-1	  x0:0x00000000 x17=0xffffffff
       11825000	      1181	80000d90	40aed913	srai	x18,x29,0xa	 x29:0x00000000 x18=0x00000000
       11835000	      1182	80000d94	002c5333	srl	x6,x24,x2	 x24:0x0000000a  x2:0x00000000  x6=0x0000000a
       11845000	      1183	80000d98	c1364993	xori	x19,x12,-1005	 x12:0x00000000 x19=0xfffffc13
       11855000	      1184	80000d9c	ff800493	addi	x9,x0,-8	  x0:0x00000000  x9=0xfffffff8
       11865000	      1185	80000da0	00865533	srl	x10,x12,x8	 x12:0x00000000  x8:0x00000200 x10=0x00000000
       11875000	      1186	80000da4	c64bb537	lui	x10,0xc64bb	 x10=0xc64bb000
       11885000	      1187	80000da8	40f50133	sub	x2,x10,x15	 x10:0xc64bb000 x15:0xdbb54cdc  x2=0xea966324
       11895000	      1188	80000dac	01e390b3	sll	x1,x7,x30	  x7:0x00000000 x30:0x00000000  x1=0x00000000
       11905000	      1189	80000db0	004bd133	srl	x2,x23,x4	 x23:0x80009f3c  x4:0x80009fc4  x2=0x080009f3
       11915000	      1190	80000db4	95b2c193	xori	x3,x5,-1701	  x5:0x00000000  x3=0xfffff95b
       11925000	      1191	80000db8	400edcb3	sra	x25,x29,x0	 x29:0x00000000  x0:0x00000000 x25=0x00000000
       11935000	      1192	80000dbc	56a4ad13	slti	x26,x9,1386	  x9:0xfffffff8 x26=0x00000001
       11945000	      1193	80000dc0	ff688893	addi	x17,x17,-10	 x17:0xffffffff x17=0xfffffff5
       11955000	      1194	80000dc4	ffccc917	auipc	x18,0xffccc	 x18=0x7fcccdc0
       11965000	      1195	80000dc8	fe98d6e3	bge	x17,x9,80000db4	 x17:0xfffffff5  x9:0xfffffff8
       11975000	      1196	80000dcc	fb8a76e3	bgeu	x20,x24,80000d78	 x20:0x00000003 x24:0x0000000a
       11985000	      1197	80000dd0	2b143e93	sltiu	x29,x8,689	  x8:0x00000200 x29=0x00000001
       11995000	      1198	80000dd4	03c5e063	bltu	x11,x28,80000df4	 x11:0x00000200 x28:0x0a942970
       12005000	      1199	00000000	00000013	addi	x0,x0,0	  x0:0x00000000
       12015000	      1200	80000df0	00000013	addi	x0,x0,0	  x0:0x00000000
       12025000	      1201	80000df4	6fae0313	addi	x6,x28,1786	 x28:0x0a942970  x6=0x0a94306a
       12035000	      1202	80000df8	0008d863	bge	x17,x0,80000e08	 x17:0xfffffff5  x0:0x00000000
       12045000	      1203	80000dfc	05d67063	bgeu	x12,x29,80000e3c	 x12:0x00000000 x29:0x00000001
       12055000	      1204	80000e00	4a687593	andi	x11,x16,1190	 x16:0x00000000 x11=0x00000000
       12065000	      1205	80000e04	019d5cb3	srl	x25,x26,x25	 x26:0x00000001 x25:0x00000000 x25=0x00000001
       12075000	      1206	80000e08	0585f463	bgeu	x11,x24,80000e50	 x11:0x00000000 x24:0x0000000a
       12085000	      1207	80000e0c	011e24b3	slt	x9,x28,x17	 x28:0x0a942970 x17:0xfffffff5  x9=0x00000000
       12095000	      1208	80000e10	01e071b3	and	x3,x0,x30	  x0:0x00000000 x30:0x00000000  x3=0x00000000
       12105000	      1209	80000e14	0137db13	srli	x22,x15,0x13	 x15:0xdbb54cdc x22=0x00001b76
       12115000	      1210	80000e18	014c7e63	bgeu	x24,x20,80000e34	 x24:0x0000000a x20:0x00000003
       12125000	      1211	00000000	00000013	addi	x0,x0,0	  x0:0x00000000
       12135000	      1212	80000e30	00000013	addi	x0,x0,0	  x0:0x00000000
       12145000	      1213	80000e34	1a826313	ori	x6,x4,424	  x4:0x80009fc4  x6=0x80009fec
       12155000	      1214	80000e38	010a3033	sltu	x0,x20,x16	 x20:0x00000003 x16:0x00000000
       12165000	      1215	80000e3c	edc74993	xori	x19,x14,-292	 x14:0x48afdb24 x19=0xb75025f8
       12175000	      1216	80000e40	018caa33	slt	x20,x25,x24	 x25:0x00000001 x24:0x0000000a x20=0x00000001
       12185000	      1217	80000e44	013ada63	bge	x21,x19,80000e58	 x21:0x00000000 x19:0xb75025f8
       12195000	      1218	00000000	00000013	addi	x0,x0,0	  x0:0x00000000
       12205000	      1219	80000e54	00000013	addi	x0,x0,0	  x0:0x00000000
       12215000	      1220	80000e58	0032f8b3	and	x17,x5,x3	  x5:0x00000000  x3:0x00000000 x17=0x00000000
       12225000	      1221	80000e5c	416259b3	sra	x19,x4,x22	  x4:0x80009fc4 x22:0x00001b76 x19=0xfffffe00
       12235000	      1222	80000e60	aa9a9497	auipc	x9,0xaa9a9	  x9=0x2a9a9e5c
       12245000	      1223	80000e64	30c0f713	andi	x14,x1,780	  x1:0x00000000 x14=0x00000000
       12255000	      1224	80000e68	006f5a13	srli	x20,x30,0x6	 x30:0x00000000 x20=0x00000000
       12265000	      1225	80000e6c	012588b3	add	x17,x11,x18	 x11:0x00000000 x18:0x7fcccdc0 x17=0x7fcccdc0
       12275000	      1226	80000e70	005ad3b3	srl	x7,x21,x5	 x21:0x00000000  x5:0x00000000  x7=0x00000000
       12285000	      1227	80000e74	00cec863	blt	x29,x12,80000e84	 x29:0x00000001 x12:0x00000000
       12295000	      1228	80000e78	047fe263	bltu	x31,x7,80000ebc	 x31:0x00000000  x7:0x00000000
       12305000	      1229	80000e7c	61bb4613	xori	x12,x22,1563	 x22:0x00001b76 x12=0x00001d6d
       12315000	      1230	80000e80	efa0c493	xori	x9,x1,-262	  x1:0x00000000  x9=0xfffffefa
       12325000	      1231	80000e84	02b87c63	bgeu	x16,x11,80000ebc	 x16:0x00000000 x11:0x00000000
       12335000	      1232	00000000	00000013	addi	x0,x0,0	  x0:0x00000000
       12345000	      1233	80000eb8	00000013	addi	x0,x0,0	  x0:0x00000000
       12355000	      1234	80000ebc	441b8913	addi	x18,x23,1089	 x23:0x80009f3c x18=0x8000a37d
       12365000	      1235	80000ec0	015405b3	add	x11,x8,x21	  x8:0x00000200 x21:0x00000000 x11=0x00000200
       12375000	      1236	80000ec4	ad949b37	lui	x22,0xad949	 x22=0xad949000
       12385000	      1237	80000ec8	01ca5e63	bge	x20,x28,80000ee4	 x20:0x00000000 x28:0x0a942970
       12395000	      1238	80000ecc	00e858b3	srl	x17,x16,x14	 x16:0x00000000 x14:0x00000000 x17=0x00000000
       12405000	      1239	80000ed0	002d6cb3	or	x25,x26,x2	 x26:0x00000001  x2:0x080009f3 x25=0x080009f3
       12415000	      1240	80000ed4	00000013	addi	x0,x0,0	  x0:0x00000000
       12425000	      1241	80000ed8	bd06a737	lui	x14,0xbd06a	 x14=0xbd06a000
       12435000	      1242	80000edc	5a253e93	sltiu	x29,x10,1442	 x10:0xc64bb000 x29=0x00000000
       12445000	      1243	80000ee0	029e5c63	bge	x28,x9,80000f18	 x28:0x0a942970  x9:0xfffffefa
       12455000	      1244	00000000	00000013	addi	x0,x0,0	  x0:0x00000000
       12465000	      1245	80000f14	00000013	addi	x0,x0,0	  x0:0x00000000
       12475000	      1246	80000f18	010b6a33	or	x20,x22,x16	 x22:0xad949000 x16:0x00000000 x20=0xad949000
       12485000	      1247	80000f1c	014a5c13	srli	x24,x20,0x14	 x20:0xad949000 x24=0x00000ad9
       12495000	      1248	80000f20	01b18b33	add	x22,x3,x27	  x3:0x00000000 x27:0xfffff9c3 x22=0xfffff9c3
       12505000	      1249	80000f24	400f0cb3	sub	x25,x30,x0	 x30:0x00000000  x0:0x00000000 x25=0x00000000
       12515000	      1250	80000f28	c6ac1797	auipc	x15,0xc6ac1	 x15=0x46ac1f24
       12525000	      1251	80000f2c	412102b3	sub	x5,x2,x18	  x2:0x080009f3 x18:0x8000a37d  x5=0x87ff6676
       12535000	      1252	80000f30	00315ab3	srl	x21,x2,x3	  x2:0x080009f3  x3:0x00000000 x21=0x080009f3
       12545000	      1253	80000f34	00000013	addi	x0,x0,0	  x0:0x00000000
       12555000	      1254	80000f38	01e0c8b3	xor	x17,x1,x30	  x1:0x00000000 x30:0x00000000 x17=0x00000000
       12565000	      1255	80000f3c	006c1b33	sll	x22,x24,x6	 x24:0x00000ad9  x6:0x80009fec x22=0x00ad9000
       12575000	      1256	80000f40	00000013	addi	x0,x0,0	  x0:0x00000000
       12585000	      1257	80000f44	01fe5e93	srli	x29,x28,0x1f	 x28:0x0a942970 x29=0x00000000
       12595000	      1258	80000f48	34e80e13	addi	x28,x16,846	 x16:0x00000000 x28=0x0000034e
       12605000	      1259	80000f4c	00d7a1b3	slt	x3,x15,x13	 x15:0x46ac1f24 x13:0x00000c26  x3=0x00000000
       12615000	      1260	80000f50	00effdb3	and	x27,x31,x14	 x31:0x00000000 x14:0xbd06a000 x27=0x00000000
       12625000	      1261	80000f54	7ad34d93	xori	x27,x6,1965	  x6:0x80009fec x27=0x80009841
       12635000	      1262	80000f58	01c9d333	srl	x6,x19,x28	 x19:0xfffffe00 x28:0x0000034e  x6=0x0003ffff
       12645000	      1263	80000f5c	c55db193	sltiu	x3,x27,-939	 x27:0x80009841  x3=0x00000001
       12655000	      1264	80000f60	00000013	addi	x0,x0,0	  x0:0x00000000
       12665000	      1265	80000f64	40a303b3	sub	x7,x6,x10	  x6:0x0003ffff x10:0xc64bb000  x7=0x39b84fff
       12675000	      1266	80000f68	01df66b3	or	x13,x30,x29	 x30:0x00000000 x29:0x00000000 x13=0x00000000
       12685000	      1267	80000f6c	0003d713	srli	x14,x7,0x0	  x7:0x39b84fff x14=0x39b84fff
       12695000	      1268	80000f70	ed72c693	xori	x13,x5,-297	  x5:0x87ff6676 x13=0x780098a1
       12705000	      1269	80000f74	05117263	bgeu	x2,x17,80000fb8	  x2:0x080009f3 x17:0x00000000
       12715000	      1270	00000000	00000013	addi	x0,x0,0	  x0:0x00000000
       12725000	      1271	80000fb4	00000013	addi	x0,x0,0	  x0:0x00000000
       12735000	      1272	80000fb8	00c20733	add	x14,x4,x12	  x4:0x80009fc4 x12:0x00001d6d x14=0x8000bd31
       12745000	      1273	80000fbc	024c7663	bgeu	x24,x4,80000fe8	 x24:0x00000ad9  x4:0x80009fc4
       12755000	      1274	80000fc0	01359863	bne	x11,x19,80000fd0	 x11:0x00000200 x19:0xfffffe00
       12765000	      1275	00000000	00000013	addi	x0,x0,0	  x0:0x00000000
       12775000	      1276	80000fcc	00000013	addi	x0,x0,0	  x0:0x00000000
       12785000	      1277	80000fd0	01a99a93	slli	x21,x19,0x1a	 x19:0xfffffe00 x21=0x00000000
       12795000	      1278	80000fd4	41e85433	sra	x8,x16,x30	 x16:0x00000000 x30:0x00000000  x8=0x00000000
       12805000	      1279	80000fd8	02aa7063	bgeu	x20,x10,80000ff8	 x20:0xad949000 x10:0xc64bb000
       12815000	      1280	80000fdc	662d8e93	addi	x29,x27,1634	 x27:0x80009841 x29=0x80009ea3
       12825000	      1281	80000fe0	587a7a93	andi	x21,x20,1415	 x20:0xad949000 x21=0x00000000
       12835000	      1282	80000fe4	e3b98913	addi	x18,x19,-453	 x19:0xfffffe00 x18=0xfffffc3b
       12845000	      1283	80000fe8	02c80063	beq	x16,x12,80001008	 x16:0x00000000 x12:0x00001d6d
       12855000	      1284	80000fec	00e37333	and	x6,x6,x14	  x6:0x0003ffff x14:0x8000bd31  x6=0x0000bd31
       12865000	      1285	80000ff0	0106b733	sltu	x14,x13,x16	 x13:0x780098a1 x16:0x00000000 x14=0x00000000
       12875000	      1286	80000ff4	41cc5f13	srai	x30,x24,0x1c	 x24:0x00000ad9 x30=0x00000000
       12885000	      1287	80000ff8	05517063	bgeu	x2,x21,80001038	  x2:0x080009f3 x21:0x00000000
       12895000	      1288	00000000	00000013	addi	x0,x0,0	  x0:0x00000000
       12905000	      1289	80001034	00000013	addi	x0,x0,0	  x0:0x00000000
       12915000	      1290	80001038	404e0533	sub	x10,x28,x4	 x28:0x0000034e  x4:0x80009fc4 x10=0x7fff638a
       12925000	      1291	8000103c	05b45263	bge	x8,x27,80001080	  x8:0x00000000 x27:0x80009841
       12935000	      1292	00000000	00000013	addi	x0,x0,0	  x0:0x00000000
       12945000	      1293	8000107c	00000013	addi	x0,x0,0	  x0:0x00000000
       12955000	      1294	80001080	0006f2b3	and	x5,x13,x0	 x13:0x780098a1  x0:0x00000000  x5=0x00000000
       12965000	      1295	80001084	00d31463	bne	x6,x13,8000108c	  x6:0x0000bd31 x13:0x780098a1
       12975000	      1296	00000000	00000013	addi	x0,x0,0	  x0:0x00000000
       12985000	      1297	80001088	00000013	addi	x0,x0,0	  x0:0x00000000
       12995000	      1298	8000108c	05b46463	bltu	x8,x27,800010d4	  x8:0x00000000 x27:0x80009841
       13005000	      1299	00000000	00000013	addi	x0,x0,0	  x0:0x00000000
       13015000	      1300	800010d0	00000013	addi	x0,x0,0	  x0:0x00000000
       13025000	      1301	800010d4	d6c8e113	ori	x2,x17,-660	 x17:0x00000000  x2=0xfffffd6c
       13035000	      1302	800010d8	01549f93	slli	x31,x9,0x15	  x9:0xfffffefa x31=0xdf400000
       13045000	      1303	800010dc	0049d9b3	srl	x19,x19,x4	 x19:0xfffffe00  x4:0x80009fc4 x19=0x0fffffe0
       13055000	      1304	800010e0	6b497c93	andi	x25,x18,1716	 x18:0xfffffc3b x25=0x00000430
       13065000	      1305	800010e4	00000013	addi	x0,x0,0	  x0:0x00000000
       13075000	      1306	800010e8	003d0e63	beq	x26,x3,80001104	 x26:0x00000001  x3:0x00000001
       13085000	      1307	00000000	00000013	addi	x0,x0,0	  x0:0x00000000
       13095000	      1308	80001100	00000013	addi	x0,x0,0	  x0:0x00000000
       13105000	      1309	80001104	013dd3b3	srl	x7,x27,x19	 x27:0x80009841 x19:0x0fffffe0  x7=0x80009841
       13115000	      1310	80001108	2237c193	xori	x3,x15,547	 x15:0x46ac1f24  x3=0x46ac1d07
       13125000	      1311	8000110c	00bd1d13	slli	x26,x26,0xb	 x26:0x00000001 x26=0x00000800
       13135000	      1312	80001110	00297c33	and	x24,x18,x2	 x18:0xfffffc3b  x2:0xfffffd6c x24=0xfffffc28
       13145000	      1313	80001114	01d05913	srli	x18,x0,0x1d	  x0:0x00000000 x18=0x00000000
       13155000	      1314	80001118	0154ef33	or	x30,x9,x21	  x9:0xfffffefa x21:0x00000000 x30=0xfffffefa
       13165000	      1315	8000111c	62ad2113	slti	x2,x26,1578	 x26:0x00000800  x2=0x00000000
       13175000	      1316	80001120	36b9e713	ori	x14,x19,875	 x19:0x0fffffe0 x14=0x0fffffeb
       13185000	      1317	80001124	00000013	addi	x0,x0,0	  x0:0x00000000
       13195000	      1318	80001128	003e9e63	bne	x29,x3,80001144	 x29:0x80009ea3  x3:0x46ac1d07
       13205000	      1319	00000000	00000013	addi	x0,x0,0	  x0:0x00000000
       13215000	      1320	80001140	00000013	addi	x0,x0,0	  x0:0x00000000
       13225000	      1321	80001144	00f904b3	add	x9,x18,x15	 x18:0x00000000 x15:0x46ac1f24  x9=0x46ac1f24
       13235000	      1322	80001148	00f38eb3	add	x29,x7,x15	  x7:0x80009841 x15:0x46ac1f24 x29=0xc6acb765
       13245000	      1323	8000114c	dc0eef97	auipc	x31,0xdc0ee	 x31=0x5c0ef148
       13255000	      1324	80001150	70702393	slti	x7,x0,1799	  x0:0x00000000  x7=0x00000001
       13265000	      1325	80001154	00000013	addi	x0,x0,0	  x0:0x00000000
       13275000	      1326	80001158	042ac263	blt	x21,x2,8000119c	 x21:0x00000000  x2:0x00000000
       13285000	      1327	8000115c	03d68c63	beq	x13,x29,80001194	 x13:0x780098a1 x29:0xc6acb765
       13295000	      1328	80001160	01a30863	beq	x6,x26,80001170	  x6:0x0000bd31 x26:0x00000800
       13305000	      1329	80001164	00705733	srl	x14,x0,x7	  x0:0x00000000  x7:0x00000001 x14=0x00000000
       13315000	      1330	80001168	00000013	addi	x0,x0,0	  x0:0x00000000
       13325000	      1331	8000116c	04d94263	blt	x18,x13,800011b0	 x18:0x00000000 x13:0x780098a1
       13335000	      1332	00000000	00000013	addi	x0,x0,0	  x0:0x00000000
       13345000	      1333	800011ac	00000013	addi	x0,x0,0	  x0:0x00000000
       13355000	      1334	800011b0	00a955b3	srl	x11,x18,x10	 x18:0x00000000 x10:0x7fff638a x11=0x00000000
       13365000	      1335	800011b4	000e1f13	slli	x30,x28,0x0	 x28:0x0000034e x30=0x0000034e
       13375000	      1336	800011b8	00ffcd33	xor	x26,x31,x15	 x31:0x5c0ef148 x15:0x46ac1f24 x26=0x1aa2ee6c
       13385000	      1337	800011bc	01c607b3	add	x15,x12,x28	 x12:0x00001d6d x28:0x0000034e x15=0x000020bb
       13395000	      1338	800011c0	01081113	slli	x2,x16,0x10	 x16:0x00000000  x2=0x00000000
       13405000	      1339	800011c4	0155fb33	and	x22,x11,x21	 x11:0x00000000 x21:0x00000000 x22=0x00000000
       13415000	      1340	800011c8	0041d593	srli	x11,x3,0x4	  x3:0x46ac1d07 x11=0x046ac1d0
       13425000	      1341	800011cc	4160d493	srai	x9,x1,0x16	  x1:0x00000000  x9=0x00000000
       13435000	      1342	800011d0	4167d513	srai	x10,x15,0x16	 x15:0x000020bb x10=0x00000000
       13445000	      1343	800011d4	006d7663	bgeu	x26,x6,800011e0	 x26:0x1aa2ee6c  x6:0x0000bd31
       13455000	      1344	00000000	00000013	addi	x0,x0,0	  x0:0x00000000
       13465000	      1345	800011dc	00000013	addi	x0,x0,0	  x0:0x00000000
       13475000	      1346	800011e0	01140613	addi	x12,x8,17	  x8:0x00000000 x12=0x00000011
       13485000	      1347	800011e4	a987cc97	auipc	x25,0xa987c	 x25=0x2987d1e0
       13495000	      1348	800011e8	010f5333	srl	x6,x30,x16	 x30:0x0000034e x16:0x00000000  x6=0x0000034e
       13505000	      1349	800011ec	211ab793	sltiu	x15,x21,529	 x21:0x00000000 x15=0x00000001
       13515000	      1350	800011f0	ae528513	addi	x10,x5,-1307	  x5:0x00000000 x10=0xfffffae5
       13525000	      1351	800011f4	d79b4e37	lui	x28,0xd79b4	 x28=0xd79b4000
       13535000	      1352	800011f8	74c5e393	ori	x7,x11,1868	 x11:0x046ac1d0  x7=0x046ac7dc
       13545000	      1353	800011fc	41fc5b13	srai	x22,x24,0x1f	 x24:0xfffffc28 x22=0xffffffff
       13555000	      1354	80001200	033fe463	bltu	x31,x19,80001228	 x31:0x5c0ef148 x19:0x0fffffe0
       13565000	      1355	80001204	05f31463	bne	x6,x31,8000124c	  x6:0x0000034e x31:0x5c0ef148
       13575000	      1356	00000000	00000013	addi	x0,x0,0	  x0:0x00000000
       13585000	      1357	80001248	00000013	addi	x0,x0,0	  x0:0x00000000
       13595000	      1358	8000124c	230a7897	auipc	x17,0x230a7	 x17=0xa30a8248
       13605000	      1359	80001250	02f91e63	bne	x18,x15,8000128c	 x18:0x00000000 x15:0x00000001
       13615000	      1360	00000000	00000013	addi	x0,x0,0	  x0:0x00000000
       13625000	      1361	80001288	00000013	addi	x0,x0,0	  x0:0x00000000
       13635000	      1362	8000128c	8b590e93	addi	x29,x18,-1867	 x18:0x00000000 x29=0xfffff8b5
       13645000	      1363	80001290	c5600b13	addi	x22,x0,-938	  x0:0x00000000 x22=0xfffffc56
       13655000	      1364	80001294	400c5eb3	sra	x29,x24,x0	 x24:0xfffffc28  x0:0x00000000 x29=0xfffffc28
       13665000	      1365	80001298	4117f393	andi	x7,x15,1041	 x15:0x00000001  x7=0x00000001
       13675000	      1366	8000129c	014aaeb3	slt	x29,x21,x20	 x21:0x00000000 x20:0xad949000 x29=0x00000000
       13685000	      1367	800012a0	403806b3	sub	x13,x16,x3	 x16:0x00000000  x3:0x46ac1d07 x13=0xb953e2f9
       13695000	      1368	800012a4	24b99917	auipc	x18,0x24b99	 x18=0xa4b9a2a0
       13705000	      1369	800012a8	01094d33	xor	x26,x18,x16	 x18:0xa4b9a2a0 x16:0x00000000 x26=0xa4b9a2a0
       13715000	      1370	800012ac	02728263	beq	x5,x7,800012d0	  x5:0x00000000  x7:0x00000001
       13725000	      1371	800012b0	013a5db3	srl	x27,x20,x19	 x20:0xad949000 x19:0x0fffffe0 x27=0xad949000
       13735000	      1372	800012b4	e7072c13	slti	x24,x14,-400	 x14:0x00000000 x24=0x00000000
       13745000	      1373	800012b8	01571fb3	sll	x31,x14,x21	 x14:0x00000000 x21:0x00000000 x31=0x00000000
       13755000	      1374	800012bc	41035f93	srai	x31,x6,0x10	  x6:0x0000034e x31=0x00000000
       13765000	      1375	800012c0	9947c713	xori	x14,x15,-1644	 x15:0x00000001 x14=0xfffff995
       13775000	      1376	800012c4	322bc897	auipc	x17,0x322bc	 x17=0xb22bd2c0
       13785000	      1377	800012c8	04eff463	bgeu	x31,x14,80001310	 x31:0x00000000 x14:0xfffff995
       13795000	      1378	800012cc	002d6e33	or	x28,x26,x2	 x26:0xa4b9a2a0  x2:0x00000000 x28=0xa4b9a2a0
       13805000	      1379	800012d0	01652933	slt	x18,x10,x22	 x10:0xfffffae5 x22:0xfffffc56 x18=0x00000001
       13815000	      1380	800012d4	41d60333	sub	x6,x12,x29	 x12:0x00000011 x29:0x00000000  x6=0x00000011
       13825000	      1381	800012d8	006f5893	srli	x17,x30,0x6	 x30:0x0000034e x17=0x0000000d
       13835000	      1382	800012dc	5b6c6e17	auipc	x28,0x5b6c6	 x28=0xdb6c72d8
       13845000	      1383	800012e0	008d6263	bltu	x26,x8,800012e4	 x26:0xa4b9a2a0  x8:0x00000000
       13855000	      1384	800012e4	3ebe7e97	auipc	x29,0x3ebe7	 x29=0xbebe82e0
       13865000	      1385	800012e8	0126f6b3	and	x13,x13,x18	 x13:0xb953e2f9 x18:0x00000001 x13=0x00000001
       13875000	      1386	800012ec	00000013	addi	x0,x0,0	  x0:0x00000000
       13885000	      1387	800012f0	01a40133	add	x2,x8,x26	  x8:0x00000000 x26:0xa4b9a2a0  x2=0xa4b9a2a0
       13895000	      1388	800012f4	8cadbc93	sltiu	x25,x27,-1846	 x27:0xad949000 x25=0x00000001
       13905000	      1389	800012f8	85786793	ori	x15,x16,-1961	 x16:0x00000000 x15=0xfffff857
       13915000	      1390	800012fc	00077463	bgeu	x14,x0,80001304	 x14:0xfffff995  x0:0x00000000
       13925000	      1391	00000000	00000013	addi	x0,x0,0	  x0:0x00000000
       13935000	      1392	80001300	00000013	addi	x0,x0,0	  x0:0x00000000
       13945000	      1393	80001304	01cbd433	srl	x8,x23,x28	 x23:0x80009f3c x28:0xdb6c72d8  x8=0x00000080
       13955000	      1394	80001308	944c7493	andi	x9,x24,-1724	 x24:0x00000000  x9=0x00000000
       13965000	      1395	8000130c	41c35d33	sra	x26,x6,x28	  x6:0x00000011 x28:0xdb6c72d8 x26=0x00000000
       13975000	      1396	80001310	01609693	slli	x13,x1,0x16	  x1:0x00000000 x13=0x00000000
       13985000	      1397	80001314	fff00913	addi	x18,x0,-1	  x0:0x00000000 x18=0xffffffff
       13995000	      1398	80001318	01375293	srli	x5,x14,0x13	 x14:0xfffff995  x5=0x00001fff
       14005000	      1399	8000131c	00cf5f33	srl	x30,x30,x12	 x30:0x0000034e x12:0x00000011 x30=0x00000000
       14015000	      1400	80001320	6e464a17	auipc	x20,0x6e464	 x20=0xee46531c
       14025000	      1401	80001324	00d00c13	addi	x24,x0,13	  x0:0x00000000 x24=0x0000000d
       14035000	      1402	80001328	41ce5c93	srai	x25,x28,0x1c	 x28:0xdb6c72d8 x25=0xfffffffd
       14045000	      1403	8000132c	f491f693	andi	x13,x3,-183	  x3:0x46ac1d07 x13=0x46ac1d01
       14055000	      1404	80001330	00a90913	addi	x18,x18,10	 x18:0xffffffff x18=0x00000009
       14065000	      1405	80001334	66139197	auipc	x3,0x66139	  x3=0xe613a330
       14075000	      1406	80001338	ffd00713	addi	x14,x0,-3	  x0:0x00000000 x14=0xfffffffd
       14085000	      1407	8000133c	00d00e93	addi	x29,x0,13	  x0:0x00000000 x29=0x0000000d
       14095000	      1408	80001340	01455f13	srli	x30,x10,0x14	 x10:0xfffffae5 x30=0x00000fff
       14105000	      1409	80001344	b4382a17	auipc	x20,0xb4382	 x20=0x34383340
       14115000	      1410	80001348	00670713	addi	x14,x14,6	 x14:0xfffffffd x14=0x00000003
       14125000	      1411	8000134c	e38d7893	andi	x17,x26,-456	 x26:0x00000000 x17=0x00000000
       14135000	      1412	80001350	ffd74ae3	blt	x14,x29,80001344	 x14:0x00000003 x29:0x0000000d
       14145000	      1413	00000000	00000013	addi	x0,x0,0	  x0:0x00000000
       14155000	      1414	80001340	00000013	addi	x0,x0,0	  x0:0x00000000
       14165000	      1415	80001344	b4382a17	auipc	x20,0xb4382	 x20=0x34383340
       14175000	      1416	80001348	00670713	addi	x14,x14,6	 x14:0x00000003 x14=0x00000009
       14185000	      1417	8000134c	e38d7893	andi	x17,x26,-456	 x26:0x00000000 x17=0x00000000
       14195000	      1418	80001350	ffd74ae3	blt	x14,x29,80001344	 x14:0x00000009 x29:0x0000000d
       14205000	      1419	00000000	00000013	addi	x0,x0,0	  x0:0x00000000
       14215000	      1420	80001340	00000013	addi	x0,x0,0	  x0:0x00000000
       14225000	      1421	80001344	b4382a17	auipc	x20,0xb4382	 x20=0x34383340
       14235000	      1422	80001348	00670713	addi	x14,x14,6	 x14:0x00000009 x14=0x0000000f
       14245000	      1423	8000134c	e38d7893	andi	x17,x26,-456	 x26:0x00000000 x17=0x00000000
       14255000	      1424	80001350	ffd74ae3	blt	x14,x29,80001344	 x14:0x0000000f x29:0x0000000d
       14265000	      1425	80001354	49454013	xori	x0,x10,1172	 x10:0xfffffae5
       14275000	      1426	80001358	fd894ae3	blt	x18,x24,8000132c	 x18:0x00000009 x24:0x0000000d
       14285000	      1427	00000000	00000013	addi	x0,x0,0	  x0:0x00000000
       14295000	      1428	80001328	00000013	addi	x0,x0,0	  x0:0x00000000
       14305000	      1429	8000132c	f491f693	andi	x13,x3,-183	  x3:0xe613a330 x13=0xe613a300
       14315000	      1430	80001330	00a90913	addi	x18,x18,10	 x18:0x00000009 x18=0x00000013
       14325000	      1431	80001334	66139197	auipc	x3,0x66139	  x3=0xe613a330
       14335000	      1432	80001338	ffd00713	addi	x14,x0,-3	  x0:0x00000000 x14=0xfffffffd
       14345000	      1433	8000133c	00d00e93	addi	x29,x0,13	  x0:0x00000000 x29=0x0000000d
       14355000	      1434	80001340	01455f13	srli	x30,x10,0x14	 x10:0xfffffae5 x30=0x00000fff
       14365000	      1435	80001344	b4382a17	auipc	x20,0xb4382	 x20=0x34383340
       14375000	      1436	80001348	00670713	addi	x14,x14,6	 x14:0xfffffffd x14=0x00000003
       14385000	      1437	8000134c	e38d7893	andi	x17,x26,-456	 x26:0x00000000 x17=0x00000000
       14395000	      1438	80001350	ffd74ae3	blt	x14,x29,80001344	 x14:0x00000003 x29:0x0000000d
       14405000	      1439	00000000	00000013	addi	x0,x0,0	  x0:0x00000000
       14415000	      1440	80001340	00000013	addi	x0,x0,0	  x0:0x00000000
       14425000	      1441	80001344	b4382a17	auipc	x20,0xb4382	 x20=0x34383340
       14435000	      1442	80001348	00670713	addi	x14,x14,6	 x14:0x00000003 x14=0x00000009
       14445000	      1443	8000134c	e38d7893	andi	x17,x26,-456	 x26:0x00000000 x17=0x00000000
       14455000	      1444	80001350	ffd74ae3	blt	x14,x29,80001344	 x14:0x00000009 x29:0x0000000d
       14465000	      1445	00000000	00000013	addi	x0,x0,0	  x0:0x00000000
       14475000	      1446	80001340	00000013	addi	x0,x0,0	  x0:0x00000000
       14485000	      1447	80001344	b4382a17	auipc	x20,0xb4382	 x20=0x34383340
       14495000	      1448	80001348	00670713	addi	x14,x14,6	 x14:0x00000009 x14=0x0000000f
       14505000	      1449	8000134c	e38d7893	andi	x17,x26,-456	 x26:0x00000000 x17=0x00000000
       14515000	      1450	80001350	ffd74ae3	blt	x14,x29,80001344	 x14:0x0000000f x29:0x0000000d
       14525000	      1451	80001354	49454013	xori	x0,x10,1172	 x10:0xfffffae5
       14535000	      1452	80001358	fd894ae3	blt	x18,x24,8000132c	 x18:0x00000013 x24:0x0000000d
       14545000	      1453	8000135c	98502b13	slti	x22,x0,-1659	  x0:0x00000000 x22=0x00000000
       14555000	      1454	80001360	41935313	srai	x6,x6,0x19	  x6:0x00000011  x6=0x00000000
       14565000	      1455	80001364	007cda63	bge	x25,x7,80001378	 x25:0xfffffffd  x7:0x00000001
       14575000	      1456	80001368	0014edb3	or	x27,x9,x1	  x9:0x00000000  x1:0x00000000 x27=0x00000000
       14585000	      1457	8000136c	3068e1b7	lui	x3,0x3068e	  x3=0x3068e000
       14595000	      1458	80001370	01f711b3	sll	x3,x14,x31	 x14:0x0000000f x31:0x00000000  x3=0x0000000f
       14605000	      1459	80001374	4021da33	sra	x20,x3,x2	  x3:0x0000000f  x2:0xa4b9a2a0 x20=0x0000000f
       14615000	      1460	80001378	d6d64b13	xori	x22,x12,-659	 x12:0x00000011 x22=0xfffffd7c
       14625000	      1461	8000137c	3eb90493	addi	x9,x18,1003	 x18:0x00000013  x9=0x000003fe
       14635000	      1462	80001380	5f6ebe37	lui	x28,0x5f6eb	 x28=0x5f6eb000
       14645000	      1463	80001384	5c886913	ori	x18,x16,1480	 x16:0x00000000 x18=0x000005c8
       14655000	      1464	80001388	00ca5f33	srl	x30,x20,x12	 x20:0x0000000f x12:0x00000011 x30=0x00000000
       14665000	      1465	8000138c	00000013	addi	x0,x0,0	  x0:0x00000000
       14675000	      1466	80001390	007c2133	slt	x2,x24,x7	 x24:0x0000000d  x7:0x00000001  x2=0x00000000
       14685000	      1467	80001394	01ce7e63	bgeu	x28,x28,800013b0	 x28:0x5f6eb000 x28:0x5f6eb000
       14695000	      1468	00000000	00000013	addi	x0,x0,0	  x0:0x00000000
       14705000	      1469	800013ac	00000013	addi	x0,x0,0	  x0:0x00000000
       14715000	      1470	800013b0	0083da63	bge	x7,x8,800013c4	  x7:0x00000001  x8:0x00000080
       14725000	      1471	800013b4	dd0dc713	xori	x14,x27,-560	 x27:0x00000000 x14=0xfffffdd0
       14735000	      1472	800013b8	38296593	ori	x11,x18,898	 x18:0x000005c8 x11=0x000007ca
       14745000	      1473	800013bc	40c05433	sra	x8,x0,x12	  x0:0x00000000 x12:0x00000011  x8=0x00000000
       14755000	      1474	800013c0	99e13693	sltiu	x13,x2,-1634	  x2:0x00000000 x13=0x00000001
       14765000	      1475	800013c4	58e44513	xori	x10,x8,1422	  x8:0x00000000 x10=0x0000058e
       14775000	      1476	800013c8	00d1d493	srli	x9,x3,0xd	  x3:0x0000000f  x9=0x00000000
       14785000	      1477	800013cc	d09fcb13	xori	x22,x31,-759	 x31:0x00000000 x22=0xfffffd09
       14795000	      1478	800013d0	28560613	addi	x12,x12,645	 x12:0x00000011 x12=0x00000296
       14805000	      1479	800013d4	00ad1b13	slli	x22,x26,0xa	 x26:0x00000000 x22=0x00000000
       14815000	      1480	800013d8	0094fe33	and	x28,x9,x9	  x9:0x00000000  x9:0x00000000 x28=0x00000000
       14825000	      1481	800013dc	50868893	addi	x17,x13,1288	 x13:0x00000001 x17=0x00000509
       14835000	      1482	800013e0	41a405b3	sub	x11,x8,x26	  x8:0x00000000 x26:0x00000000 x11=0x00000000
       14845000	      1483	800013e4	cf16a093	slti	x1,x13,-783	 x13:0x00000001  x1=0x00000000
       14855000	      1484	800013e8	40cd85b3	sub	x11,x27,x12	 x27:0x00000000 x12:0x00000296 x11=0xfffffd6a
       14865000	      1485	800013ec	02fed663	bge	x29,x15,80001418	 x29:0x0000000d x15:0xfffff857
       14875000	      1486	00000000	00000013	addi	x0,x0,0	  x0:0x00000000
       14885000	      1487	80001414	00000013	addi	x0,x0,0	  x0:0x00000000
       14895000	      1488	80001418	010402b3	add	x5,x8,x16	  x8:0x00000000 x16:0x00000000  x5=0x00000000
       14905000	      1489	8000141c	0051de63	bge	x3,x5,80001438	  x3:0x0000000f  x5:0x00000000
       14915000	      1490	00000000	00000013	addi	x0,x0,0	  x0:0x00000000
       14925000	      1491	80001434	00000013	addi	x0,x0,0	  x0:0x00000000
       14935000	      1492	80001438	03204013	xori	x0,x0,50	  x0:0x00000000
       14945000	      1493	8000143c	b8752913	slti	x18,x10,-1145	 x10:0x0000058e x18=0x00000000
       14955000	      1494	80001440	035c6a63	bltu	x24,x21,80001474	 x24:0x0000000d x21:0x00000000
       14965000	      1495	80001444	86433f93	sltiu	x31,x6,-1948	  x6:0x00000000 x31=0x00000001
       14975000	      1496	80001448	888eb793	sltiu	x15,x29,-1912	 x29:0x0000000d x15=0x00000001
       14985000	      1497	8000144c	01115393	srli	x7,x2,0x11	  x2:0x00000000  x7=0x00000000
       14995000	      1498	80001450	40d8dfb3	sra	x31,x17,x13	 x17:0x00000509 x13:0x00000001 x31=0x00000284
       15005000	      1499	80001454	41b95633	sra	x12,x18,x27	 x18:0x00000000 x27:0x00000000 x12=0x00000000
       15015000	      1500	80001458	9d73fc93	andi	x25,x7,-1577	  x7:0x00000000 x25=0x00000000
       15025000	      1501	8000145c	858aef93	ori	x31,x21,-1960	 x21:0x00000000 x31=0xfffff858
       15035000	      1502	80001460	04a65063	bge	x12,x10,800014a0	 x12:0x00000000 x10:0x0000058e
       15045000	      1503	80001464	00000013	addi	x0,x0,0	  x0:0x00000000
       15055000	      1504	80001468	00820f33	add	x30,x4,x8	  x4:0x80009fc4  x8:0x00000000 x30=0x80009fc4
       15065000	      1505	8000146c	1d366597	auipc	x11,0x1d366	 x11=0x9d367468
       15075000	      1506	80001470	007a1713	slli	x14,x20,0x7	 x20:0x0000000f x14=0x00000780
       15085000	      1507	80001474	01b71333	sll	x6,x14,x27	 x14:0x00000780 x27:0x00000000  x6=0x00000780
       15095000	      1508	80001478	40d2d633	sra	x12,x5,x13	  x5:0x00000000 x13:0x00000001 x12=0x00000000
       15105000	      1509	8000147c	03904c63	blt	x0,x25,800014b4	  x0:0x00000000 x25:0x00000000
       15115000	      1510	80001480	00000013	addi	x0,x0,0	  x0:0x00000000
       15125000	      1511	80001484	03ad4c63	blt	x26,x26,800014bc	 x26:0x00000000 x26:0x00000000
       15135000	      1512	80001488	4c51bf13	sltiu	x30,x3,1221	  x3:0x0000000f x30=0x00000001
       15145000	      1513	8000148c	017736b3	sltu	x13,x14,x23	 x14:0x00000780 x23:0x80009f3c x13=0x00000001
       15155000	      1514	80001490	8bf0be13	sltiu	x28,x1,-1857	  x1:0x00000000 x28=0x00000001
       15165000	      1515	80001494	034f4063	blt	x30,x20,800014b4	 x30:0x00000001 x20:0x0000000f
       15175000	      1516	00000000	00000013	addi	x0,x0,0	  x0:0x00000000
       15185000	      1517	800014b0	00000013	addi	x0,x0,0	  x0:0x00000000
       15195000	      1518	800014b4	03aa0263	beq	x20,x26,800014d8	 x20:0x0000000f x26:0x00000000
       15205000	      1519	800014b8	411101b3	sub	x3,x2,x17	  x2:0x00000000 x17:0x00000509  x3=0xfffffaf7
       15215000	      1520	800014bc	01ce2cb3	slt	x25,x28,x28	 x28:0x00000001 x28:0x00000001 x25=0x00000000
       15225000	      1521	800014c0	00ef59b3	srl	x19,x30,x14	 x30:0x00000001 x14:0x00000780 x19=0x00000001
       15235000	      1522	800014c4	ea170c13	addi	x24,x14,-351	 x14:0x00000780 x24=0x00000621
       15245000	      1523	800014c8	01476133	or	x2,x14,x20	 x14:0x00000780 x20:0x0000000f  x2=0x0000078f
       15255000	      1524	800014cc	f03ec593	xori	x11,x29,-253	 x29:0x0000000d x11=0xffffff0e
       15265000	      1525	800014d0	01708fb3	add	x31,x1,x23	  x1:0x00000000 x23:0x80009f3c x31=0x80009f3c
       15275000	      1526	800014d4	03d64263	blt	x12,x29,800014f8	 x12:0x00000000 x29:0x0000000d
       15285000	      1527	00000000	00000013	addi	x0,x0,0	  x0:0x00000000
       15295000	      1528	800014f4	00000013	addi	x0,x0,0	  x0:0x00000000
       15305000	      1529	800014f8	d40ff993	andi	x19,x31,-704	 x31:0x80009f3c x19=0x80009d00
       15315000	      1530	800014fc	4614e293	ori	x5,x9,1121	  x9:0x00000000  x5=0x00000461
       15325000	      1531	80001500	410b5f13	srai	x30,x22,0x10	 x22:0x00000000 x30=0x00000000
       15335000	      1532	80001504	402bd0b3	sra	x1,x23,x2	 x23:0x80009f3c  x2:0x0000078f  x1=0xffff0001
       15345000	      1533	80001508	00000013	addi	x0,x0,0	  x0:0x00000000
       15355000	      1534	8000150c	42170893	addi	x17,x14,1057	 x14:0x00000780 x17=0x00000ba1
       15365000	      1535	80001510	00000013	addi	x0,x0,0	  x0:0x00000000
       15375000	      1536	80001514	07b91c63	bne	x18,x27,8000158c	 x18:0x00000000 x27:0x00000000
       15385000	      1537	80001518	00417b33	and	x22,x2,x4	  x2:0x0000078f  x4:0x80009fc4 x22=0x00000784
       15395000	      1538	8000151c	412854b3	sra	x9,x16,x18	 x16:0x00000000 x18:0x00000000  x9=0x00000000
       15405000	      1539	80001520	41e65c93	srai	x25,x12,0x1e	 x12:0x00000000 x25=0x00000000
       15415000	      1540	80001524	066e1663	bne	x28,x6,80001590	 x28:0x00000001  x6:0x00000780
       15425000	      1541	00000000	00000013	addi	x0,x0,0	  x0:0x00000000
       15435000	      1542	8000158c	00000013	addi	x0,x0,0	  x0:0x00000000
       15445000	      1543	80001590	05655463	bge	x10,x22,800015d8	 x10:0x0000058e x22:0x00000784
       15455000	      1544	80001594	979fbf13	sltiu	x30,x31,-1671	 x31:0x80009f3c x30=0x00000001
       15465000	      1545	80001598	0519c463	blt	x19,x17,800015e0	 x19:0x80009d00 x17:0x00000ba1
       15475000	      1546	00000000	00000013	addi	x0,x0,0	  x0:0x00000000
       15485000	      1547	800015dc	00000013	addi	x0,x0,0	  x0:0x00000000
       15495000	      1548	800015e0	00b9b6b3	sltu	x13,x19,x11	 x19:0x80009d00 x11:0xffffff0e x13=0x00000001
       15505000	      1549	800015e4	00cec263	blt	x29,x12,800015e8	 x29:0x0000000d x12:0x00000000
       15515000	      1550	800015e8	72466893	ori	x17,x12,1828	 x12:0x00000000 x17=0x00000724
       15525000	      1551	800015ec	404e54b3	sra	x9,x28,x4	 x28:0x00000001  x4:0x80009fc4  x9=0x00000000
       15535000	      1552	800015f0	00bedb13	srli	x22,x29,0xb	 x29:0x0000000d x22=0x00000000
       15545000	      1553	800015f4	4b4ec413	xori	x8,x29,1204	 x29:0x0000000d  x8=0x000004b9
       15555000	      1554	800015f8	00a2aab3	slt	x21,x5,x10	  x5:0x00000461 x10:0x0000058e x21=0x00000001
       15565000	      1555	800015fc	402b0a33	sub	x20,x22,x2	 x22:0x00000000  x2:0x0000078f x20=0xfffff871
       15575000	      1556	80001600	019f2ab3	slt	x21,x30,x25	 x30:0x00000001 x25:0x00000000 x21=0x00000000
       15585000	      1557	80001604	3bb32193	slti	x3,x6,955	  x6:0x00000780  x3=0x00000000
       15595000	      1558	80001608	000f6033	or	x0,x30,x0	 x30:0x00000001  x0:0x00000000
       15605000	      1559	8000160c	412852b3	sra	x5,x16,x18	 x16:0x00000000 x18:0x00000000  x5=0x00000000
       15615000	      1560	80001610	026ade63	bge	x21,x6,8000164c	 x21:0x00000000  x6:0x00000780
       15625000	      1561	80001614	406955b3	sra	x11,x18,x6	 x18:0x00000000  x6:0x00000780 x11=0x00000000
       15635000	      1562	80001618	58312e13	slti	x28,x2,1411	  x2:0x0000078f x28=0x00000000
       15645000	      1563	8000161c	40030c33	sub	x24,x6,x0	  x6:0x00000780  x0:0x00000000 x24=0x00000780
       15655000	      1564	80001620	01bd5f93	srli	x31,x26,0x1b	 x26:0x00000000 x31=0x00000000
       15665000	      1565	80001624	41ed5eb3	sra	x29,x26,x30	 x26:0x00000000 x30:0x00000001 x29=0x00000000
       15675000	      1566	80001628	007df533	and	x10,x27,x7	 x27:0x00000000  x7:0x00000000 x10=0x00000000
       15685000	      1567	8000162c	00000013	addi	x0,x0,0	  x0:0x00000000
       15695000	      1568	80001630	4cf50893	addi	x17,x10,1231	 x10:0x00000000 x17=0x000004cf
       15705000	      1569	80001634	011d8863	beq	x27,x17,80001644	 x27:0x00000000 x17:0x000004cf
       15715000	      1570	80001638	00f67d33	and	x26,x12,x15	 x12:0x00000000 x15:0x00000001 x26=0x00000000
       15725000	      1571	8000163c	03b41263	bne	x8,x27,80001660	  x8:0x000004b9 x27:0x00000000
       15735000	      1572	00000000	00000013	addi	x0,x0,0	  x0:0x00000000
       15745000	      1573	8000165c	00000013	addi	x0,x0,0	  x0:0x00000000
       15755000	      1574	80001660	00d676b3	and	x13,x12,x13	 x12:0x00000000 x13:0x00000001 x13=0x00000000
       15765000	      1575	80001664	011490b3	sll	x1,x9,x17	  x9:0x00000000 x17:0x000004cf  x1=0x00000000
       15775000	      1576	80001668	0112ceb3	xor	x29,x5,x17	  x5:0x00000000 x17:0x000004cf x29=0x000004cf
       15785000	      1577	8000166c	006670b3	and	x1,x12,x6	 x12:0x00000000  x6:0x00000780  x1=0x00000000
       15795000	      1578	80001670	05e14463	blt	x2,x30,800016b8	  x2:0x0000078f x30:0x00000001
       15805000	      1579	80001674	87e43997	auipc	x19,0x87e43	 x19=0x07e44670
       15815000	      1580	80001678	00a2a3b3	slt	x7,x5,x10	  x5:0x00000000 x10:0x00000000  x7=0x00000000
       15825000	      1581	8000167c	41c95713	srai	x14,x18,0x1c	 x18:0x00000000 x14=0x00000000
       15835000	      1582	80001680	41928897	auipc	x17,0x41928	 x17=0xc192967c
       15845000	      1583	80001684	013b7863	bgeu	x22,x19,80001694	 x22:0x00000000 x19:0x07e44670
       15855000	      1584	80001688	6bf3ca93	xori	x21,x7,1727	  x7:0x00000000 x21=0x000006bf
       15865000	      1585	8000168c	00119c93	slli	x25,x3,0x1	  x3:0x00000000 x25=0x00000000
       15875000	      1586	80001690	40e2d5b3	sra	x11,x5,x14	  x5:0x00000000 x14:0x00000000 x11=0x00000000
       15885000	      1587	80001694	68143913	sltiu	x18,x8,1665	  x8:0x000004b9 x18=0x00000001
       15895000	      1588	80001698	252d7693	andi	x13,x26,594	 x26:0x00000000 x13=0x00000000
       15905000	      1589	8000169c	004f3fb3	sltu	x31,x30,x4	 x30:0x00000001  x4:0x80009fc4 x31=0x00000001
       15915000	      1590	800016a0	0087dd33	srl	x26,x15,x8	 x15:0x00000001  x8:0x000004b9 x26=0x00000000
       15925000	      1591	800016a4	a3760913	addi	x18,x12,-1481	 x12:0x00000000 x18=0xfffffa37
       15935000	      1592	800016a8	01a15eb3	srl	x29,x2,x26	  x2:0x0000078f x26:0x00000000 x29=0x0000078f
       15945000	      1593	800016ac	01c6d6b3	srl	x13,x13,x28	 x13:0x00000000 x28:0x00000000 x13=0x00000000
       15955000	      1594	800016b0	40ab0533	sub	x10,x22,x10	 x22:0x00000000 x10:0x00000000 x10=0x00000000
       15965000	      1595	800016b4	04161463	bne	x12,x1,800016fc	 x12:0x00000000  x1:0x00000000
       15975000	      1596	800016b8	00045013	srli	x0,x8,0x0	  x8:0x000004b9
       15985000	      1597	800016bc	014e6133	or	x2,x28,x20	 x28:0x00000000 x20:0xfffff871  x2=0xfffff871
       15995000	      1598	800016c0	03666063	bltu	x12,x22,800016e0	 x12:0x00000000 x22:0x00000000
       16005000	      1599	800016c4	0099a5b3	slt	x11,x19,x9	 x19:0x07e44670  x9:0x00000000 x11=0x00000000
       16015000	      1600	800016c8	01517b33	and	x22,x2,x21	  x2:0xfffff871 x21:0x000006bf x22=0x00000031
       16025000	      1601	800016cc	01cdc4b3	xor	x9,x27,x28	 x27:0x00000000 x28:0x00000000  x9=0x00000000
       16035000	      1602	800016d0	006a4e63	blt	x20,x6,800016ec	 x20:0xfffff871  x6:0x00000780
       16045000	      1603	00000000	00000013	addi	x0,x0,0	  x0:0x00000000
       16055000	      1604	800016e8	00000013	addi	x0,x0,0	  x0:0x00000000
       16065000	      1605	800016ec	0181dd33	srl	x26,x3,x24	  x3:0x00000000 x24:0x00000780 x26=0x00000000
       16075000	      1606	800016f0	02829c63	bne	x5,x8,80001728	  x5:0x00000000  x8:0x000004b9
       16085000	      1607	00000000	00000013	addi	x0,x0,0	  x0:0x00000000
       16095000	      1608	80001724	00000013	addi	x0,x0,0	  x0:0x00000000
       16105000	      1609	80001728	39124513	xori	x10,x4,913	  x4:0x80009fc4 x10=0x80009c55
       16115000	      1610	8000172c	baa46437	lui	x8,0xbaa46	  x8=0xbaa46000
       16125000	      1611	80001730	40555993	srai	x19,x10,0x5	 x10:0x80009c55 x19=0xfc0004e2
       16135000	      1612	80001734	0111ce63	blt	x3,x17,80001750	  x3:0x00000000 x17:0xc192967c
       16145000	      1613	80001738	0046ec63	bltu	x13,x4,80001750	 x13:0x00000000  x4:0x80009fc4
       16155000	      1614	00000000	00000013	addi	x0,x0,0	  x0:0x00000000
       16165000	      1615	8000174c	00000013	addi	x0,x0,0	  x0:0x00000000
       16175000	      1616	80001750	01f628b3	slt	x17,x12,x31	 x12:0x00000000 x31:0x00000001 x17=0x00000001
       16185000	      1617	80001754	75ce8d17	auipc	x26,0x75ce8	 x26=0xf5ce9750
       16195000	      1618	80001758	4000d1b3	sra	x3,x1,x0	  x1:0x00000000  x0:0x00000000  x3=0x00000000
       16205000	      1619	8000175c	01c626b3	slt	x13,x12,x28	 x12:0x00000000 x28:0x00000000 x13=0x00000000
       16215000	      1620	80001760	004ba703	lw	x14,4(x23)	 x23:0x80009f3c x14=0x8000031c PA:0x80009f40
       16225000	      1621	80001764	01b0d633	srl	x12,x1,x27	  x1:0x00000000 x27:0x00000000 x12=0x00000000
       16235000	      1622	80001768	028b8b93	addi	x23,x23,40	 x23:0x80009f3c x23=0x80009f64
       16245000	      1623	8000176c	0112fe33	and	x28,x5,x17	  x5:0x00000000 x17:0x00000001 x28=0x00000000
       16255000	      1624	80001770	e69a6993	ori	x19,x20,-407	 x20:0xfffff871 x19=0xfffffe79
       16265000	      1625	80001774	00170713	addi	x14,x14,1	 x14:0x8000031c x14=0x8000031d
       16275000	      1626	80001778	00070767	jalr	x14,x14,0	 x14:0x8000031d x14=0x80001778
       16285000	      1627	00000000	00000013	addi	x0,x0,0	  x0:0x00000000
       16295000	      1628	8000031c	00000013	addi	x0,x0,0	  x0:0x00000000
       16305000	      1629	80000320	00bde6b3	or	x13,x27,x11	 x27:0x00000000 x11:0x00000000 x13=0x00000000
       16315000	      1630	80000324	004168b3	or	x17,x2,x4	  x2:0xfffff871  x4:0x80009fc4 x17=0xfffffff5
       16325000	      1631	80000328	21a92a93	slti	x21,x18,538	 x18:0xfffffa37 x21=0x00000001
       16335000	      1632	8000032c	ef86f893	andi	x17,x13,-264	 x13:0x00000000 x17=0x00000000
       16345000	      1633	80000330	00ce1c63	bne	x28,x12,80000348	 x28:0x00000000 x12:0x00000000
       16355000	      1634	80000334	229c2413	slti	x8,x24,553	 x24:0x00000780  x8=0x00000000
       16365000	      1635	80000338	402bdc13	srai	x24,x23,0x2	 x23:0x80009f64 x24=0xe00027d9
       16375000	      1636	8000033c	bbe4cab7	lui	x21,0xbbe4c	 x21=0xbbe4c000
       16385000	      1637	80000340	252f2013	slti	x0,x30,594	 x30:0x00000001
       16395000	      1638	80000344	191a3c13	sltiu	x24,x20,401	 x20:0xfffff871 x24=0x00000000
       16405000	      1639	80000348	68c0276f	jal	x14,80000348	 x14=0x80000348
       16415000	      1640	00000000	00000013	addi	x0,x0,0	  x0:0x00000000
       16425000	      1641	800029d0	00000013	addi	x0,x0,0	  x0:0x00000000
       16435000	      1642	800029d4	01a32533	slt	x10,x6,x26	  x6:0x00000780 x26:0xf5ce9750 x10=0x00000000
       16445000	      1643	800029d8	00f7d263	bge	x15,x15,800029dc	 x15:0x00000001 x15:0x00000001
       16455000	      1644	00000000	00000013	addi	x0,x0,0	  x0:0x00000000
       16465000	      1645	800029d8	00000013	addi	x0,x0,0	  x0:0x00000000
       16475000	      1646	800029dc	ff4b8b93	addi	x23,x23,-12	 x23:0x80009f64 x23=0x80009f58
       16485000	      1647	800029e0	0058e6b3	or	x13,x17,x5	 x17:0x00000000  x5:0x00000000 x13=0x00000000
       16495000	      1648	800029e4	de417e13	andi	x28,x2,-540	  x2:0xfffff871 x28=0xfffff860
       16505000	      1649	800029e8	00706fb3	or	x31,x0,x7	  x0:0x00000000  x7:0x00000000 x31=0x00000000
       16515000	      1650	800029ec	00eba223	sw	x14,4(x23)	 x23:0x80009f58 x14:0x80000348 PA:0x80009f5c
       16525000	      1651	800029f0	00be7b33	and	x22,x28,x11	 x28:0xfffff860 x11:0x00000000 x22=0x00000000
       16535000	      1652	800029f4	38a2f513	andi	x10,x5,906	  x5:0x00000000 x10=0x00000000
       16545000	      1653	800029f8	00780eb3	add	x29,x16,x7	 x16:0x00000000  x7:0x00000000 x29=0x00000000
       16555000	      1654	800029fc	fff00b13	addi	x22,x0,-1	  x0:0x00000000 x22=0xffffffff
       16565000	      1655	80002a00	00600313	addi	x6,x0,6	  x0:0x00000000  x6=0x00000006
       16575000	      1656	80002a04	0144de33	srl	x28,x9,x20	  x9:0x00000000 x20:0xfffff871 x28=0x00000000
       16585000	      1657	80002a08	00592133	slt	x2,x18,x5	 x18:0xfffffa37  x5:0x00000000  x2=0x00000001
       16595000	      1658	80002a0c	007b0b13	addi	x22,x22,7	 x22:0xffffffff x22=0x00000006
       16605000	      1659	80002a10	ff600c13	addi	x24,x0,-10	  x0:0x00000000 x24=0xfffffff6
       16615000	      1660	80002a14	8b8fe913	ori	x18,x31,-1864	 x31:0x00000000 x18=0xfffff8b8
       16625000	      1661	80002a18	fee00713	addi	x14,x0,-18	  x0:0x00000000 x14=0xffffffee
       16635000	      1662	80002a1c	0073e7b3	or	x15,x7,x7	  x7:0x00000000  x7:0x00000000 x15=0x00000000
       16645000	      1663	80002a20	89592113	slti	x2,x18,-1899	 x18:0xfffff8b8  x2=0x00000000
       16655000	      1664	80002a24	00367cb3	and	x25,x12,x3	 x12:0x00000000  x3:0x00000000 x25=0x00000000
       16665000	      1665	80002a28	ff8c0c13	addi	x24,x24,-8	 x24:0xfffffff6 x24=0xffffffee
       16675000	      1666	80002a2c	feec1ae3	bne	x24,x14,80002a20	 x24:0xffffffee x14:0xffffffee
       16685000	      1667	80002a30	832af893	andi	x17,x21,-1998	 x21:0xbbe4c000 x17=0xbbe4c000
       16695000	      1668	80002a34	fc6b1ae3	bne	x22,x6,80002a08	 x22:0x00000006  x6:0x00000006
       16705000	      1669	80002a38	40ad0fb3	sub	x31,x26,x10	 x26:0xf5ce9750 x10:0x00000000 x31=0xf5ce9750
       16715000	      1670	80002a3c	00800593	addi	x11,x0,8	  x0:0x00000000 x11=0x00000008
       16725000	      1671	80002a40	00800313	addi	x6,x0,8	  x0:0x00000000  x6=0x00000008
       16735000	      1672	80002a44	007067b3	or	x15,x0,x7	  x0:0x00000000  x7:0x00000000 x15=0x00000000
       16745000	      1673	80002a48	ff958593	addi	x11,x11,-7	 x11:0x00000008 x11=0x00000001
       16755000	      1674	80002a4c	2e4a3a13	sltiu	x20,x20,740	 x20:0xfffff871 x20=0x00000000
       16765000	      1675	80002a50	00400a93	addi	x21,x0,4	  x0:0x00000000 x21=0x00000004
       16775000	      1676	80002a54	00400893	addi	x17,x0,4	  x0:0x00000000 x17=0x00000004
       16785000	      1677	80002a58	d0568e13	addi	x28,x13,-763	 x13:0x00000000 x28=0xfffffd05
       16795000	      1678	80002a5c	0112e033	or	x0,x5,x17	  x5:0x00000000 x17:0x00000004
       16805000	      1679	80002a60	ffda8a93	addi	x21,x21,-3	 x21:0x00000004 x21=0x00000001
       16815000	      1680	80002a64	ff1afce3	bgeu	x21,x17,80002a5c	 x21:0x00000001 x17:0x00000004
       16825000	      1681	80002a68	01ff1d93	slli	x27,x30,0x1f	 x30:0x00000001 x27=0x80000000
       16835000	      1682	80002a6c	fc65fce3	bgeu	x11,x6,80002a44	 x11:0x00000001  x6:0x00000008
       16845000	      1683	80002a70	01065d33	srl	x26,x12,x16	 x12:0x00000000 x16:0x00000000 x26=0x00000000
       16855000	      1684	80002a74	cf618893	addi	x17,x3,-778	  x3:0x00000000 x17=0xfffffcf6
       16865000	      1685	80002a78	00f3f933	and	x18,x7,x15	  x7:0x00000000 x15:0x00000000 x18=0x00000000
       16875000	      1686	80002a7c	70a84d13	xori	x26,x16,1802	 x16:0x00000000 x26=0x0000070a
       16885000	      1687	80002a80	01735263	bge	x6,x23,80002a84	  x6:0x00000008 x23:0x80009f58
       16895000	      1688	00000000	00000013	addi	x0,x0,0	  x0:0x00000000
       16905000	      1689	80002a80	00000013	addi	x0,x0,0	  x0:0x00000000
       16915000	      1690	80002a84	40e458b3	sra	x17,x8,x14	  x8:0x00000000 x14:0xffffffee x17=0x00000000
       16925000	      1691	80002a88	0069d1b3	srl	x3,x19,x6	 x19:0xfffffe79  x6:0x00000008  x3=0x00fffffe
       16935000	      1692	80002a8c	003055b3	srl	x11,x0,x3	  x0:0x00000000  x3:0x00fffffe x11=0x00000000
       16945000	      1693	80002a90	00b10c33	add	x24,x2,x11	  x2:0x00000000 x11:0x00000000 x24=0x00000000
       16955000	      1694	80002a94	00579f13	slli	x30,x15,0x5	 x15:0x00000000 x30=0x00000000
       16965000	      1695	80002a98	a66b7e93	andi	x29,x22,-1434	 x22:0x00000006 x29=0x00000006
       16975000	      1696	80002a9c	04d3f463	bgeu	x7,x13,80002ae4	  x7:0x00000000 x13:0x00000000
       16985000	      1697	00000000	00000013	addi	x0,x0,0	  x0:0x00000000
       16995000	      1698	80002ae0	00000013	addi	x0,x0,0	  x0:0x00000000
       17005000	      1699	80002ae4	00071f93	slli	x31,x14,0x0	 x14:0xffffffee x31=0xffffffee
       17015000	      1700	80002ae8	0d5e3f17	auipc	x30,0xd5e3	 x30=0x8d5e5ae4
       17025000	      1701	80002aec	00b37463	bgeu	x6,x11,80002af4	  x6:0x00000008 x11:0x00000000
       17035000	      1702	00000000	00000013	addi	x0,x0,0	  x0:0x00000000
       17045000	      1703	80002af0	00000013	addi	x0,x0,0	  x0:0x00000000
       17055000	      1704	80002af4	00000013	addi	x0,x0,0	  x0:0x00000000
       17065000	      1705	80002af8	cbe9c413	xori	x8,x19,-834	 x19:0xfffffe79  x8=0x000002c7
       17075000	      1706	80002afc	37247797	auipc	x15,0x37247	 x15=0xb7249af8
       17085000	      1707	80002b00	40fe04b3	sub	x9,x28,x15	 x28:0xfffffd05 x15:0xb7249af8  x9=0x48db620d
       17095000	      1708	80002b04	000c1793	slli	x15,x24,0x0	 x24:0x00000000 x15=0x00000000
       17105000	      1709	80002b08	0161b5b3	sltu	x11,x3,x22	  x3:0x00fffffe x22:0x00000006 x11=0x00000000
       17115000	      1710	80002b0c	cb76c917	auipc	x18,0xcb76c	 x18=0x4b76eb08
       17125000	      1711	80002b10	4013d133	sra	x2,x7,x1	  x7:0x00000000  x1:0x00000000  x2=0x00000000
       17135000	      1712	80002b14	001b9333	sll	x6,x23,x1	 x23:0x80009f58  x1:0x00000000  x6=0x80009f58
       17145000	      1713	80002b18	0852fa63	bgeu	x5,x5,80002bac	  x5:0x00000000  x5:0x00000000
       17155000	      1714	00000000	00000013	addi	x0,x0,0	  x0:0x00000000
       17165000	      1715	80002ba8	00000013	addi	x0,x0,0	  x0:0x00000000
       17175000	      1716	80002bac	029a6063	bltu	x20,x9,80002bcc	 x20:0x00000000  x9:0x48db620d
       17185000	      1717	00000000	00000013	addi	x0,x0,0	  x0:0x00000000
       17195000	      1718	80002bc8	00000013	addi	x0,x0,0	  x0:0x00000000
       17205000	      1719	80002bcc	235e2037	lui	x0,0x235e2	
       17215000	      1720	80002bd0	02b9f463	bgeu	x19,x11,80002bf8	 x19:0xfffffe79 x11:0x00000000
       17225000	      1721	00000000	00000013	addi	x0,x0,0	  x0:0x00000000
       17235000	      1722	80002bf4	00000013	addi	x0,x0,0	  x0:0x00000000
       17245000	      1723	80002bf8	011870b3	and	x1,x16,x17	 x16:0x00000000 x17:0x00000000  x1=0x00000000
       17255000	      1724	80002bfc	010c77b3	and	x15,x24,x16	 x24:0x00000000 x16:0x00000000 x15=0x00000000
       17265000	      1725	80002c00	02e54663	blt	x10,x14,80002c2c	 x10:0x00000000 x14:0xffffffee
       17275000	      1726	80002c04	7a7d6713	ori	x14,x26,1959	 x26:0x0000070a x14=0x000007af
       17285000	      1727	80002c08	00e08333	add	x6,x1,x14	  x1:0x00000000 x14:0x000007af  x6=0x000007af
       17295000	      1728	80002c0c	48b41e97	auipc	x29,0x48b41	 x29=0xc8b43c08
       17305000	      1729	80002c10	00000013	addi	x0,x0,0	  x0:0x00000000
       17315000	      1730	80002c14	00b71613	slli	x12,x14,0xb	 x14:0x000007af x12=0x003d7800
       17325000	      1731	80002c18	00341933	sll	x18,x8,x3	  x8:0x000002c7  x3:0x00fffffe x18=0xc0000000
       17335000	      1732	80002c1c	04137863	bgeu	x6,x1,80002c6c	  x6:0x000007af  x1:0x00000000
       17345000	      1733	00000000	00000013	addi	x0,x0,0	  x0:0x00000000
       17355000	      1734	80002c68	00000013	addi	x0,x0,0	  x0:0x00000000
       17365000	      1735	80002c6c	013ea7b3	slt	x15,x29,x19	 x29:0xc8b43c08 x19:0xfffffe79 x15=0x00000001
       17375000	      1736	80002c70	5de22993	slti	x19,x4,1502	  x4:0x80009fc4 x19=0x00000001
       17385000	      1737	80002c74	40155193	srai	x3,x10,0x1	 x10:0x00000000  x3=0x00000000
       17395000	      1738	80002c78	01ec1613	slli	x12,x24,0x1e	 x24:0x00000000 x12=0x00000000
       17405000	      1739	80002c7c	02af6863	bltu	x30,x10,80002cac	 x30:0x8d5e5ae4 x10:0x00000000
       17415000	      1740	80002c80	000df6b3	and	x13,x27,x0	 x27:0x80000000  x0:0x00000000 x13=0x00000000
       17425000	      1741	80002c84	519e7793	andi	x15,x28,1305	 x28:0xfffffd05 x15=0x00000501
       17435000	      1742	80002c88	00000013	addi	x0,x0,0	  x0:0x00000000
       17445000	      1743	80002c8c	d3c3f613	andi	x12,x7,-708	  x7:0x00000000 x12=0x00000000
       17455000	      1744	80002c90	01c47263	bgeu	x8,x28,80002c94	  x8:0x000002c7 x28:0xfffffd05
       17465000	      1745	80002c94	01c75113	srli	x2,x14,0x1c	 x14:0x000007af  x2=0x00000000
       17475000	      1746	80002c98	01275693	srli	x13,x14,0x12	 x14:0x000007af x13=0x00000000
       17485000	      1747	80002c9c	ef996613	ori	x12,x18,-263	 x18:0xc0000000 x12=0xfffffef9
       17495000	      1748	80002ca0	8401f497	auipc	x9,0x8401f	  x9=0x04021c9c
       17505000	      1749	80002ca4	03801463	bne	x0,x24,80002ccc	  x0:0x00000000 x24:0x00000000
       17515000	      1750	80002ca8	b1838593	addi	x11,x7,-1256	  x7:0x00000000 x11=0xfffffb18
       17525000	      1751	80002cac	01fd9713	slli	x14,x27,0x1f	 x27:0x80000000 x14=0x00000000
       17535000	      1752	80002cb0	05616263	bltu	x2,x22,80002cf4	  x2:0x00000000 x22:0x00000006
       17545000	      1753	00000000	00000013	addi	x0,x0,0	  x0:0x00000000
       17555000	      1754	80002cf0	00000013	addi	x0,x0,0	  x0:0x00000000
       17565000	      1755	80002cf4	57575637	lui	x12,0x57575	 x12=0x57575000
       17575000	      1756	80002cf8	01ca5933	srl	x18,x20,x28	 x20:0x00000000 x28:0xfffffd05 x18=0x00000000
       17585000	      1757	80002cfc	00000013	addi	x0,x0,0	  x0:0x00000000
       17595000	      1758	80002d00	01e25993	srli	x19,x4,0x1e	  x4:0x80009fc4 x19=0x00000002
       17605000	      1759	80002d04	00845d93	srli	x27,x8,0x8	  x8:0x000002c7 x27=0x00000002
       17615000	      1760	80002d08	03375263	bge	x14,x19,80002d2c	 x14:0x00000000 x19:0x00000002
       17625000	      1761	80002d0c	029a0463	beq	x20,x9,80002d34	 x20:0x00000000  x9:0x04021c9c
       17635000	      1762	80002d10	aa244193	xori	x3,x8,-1374	  x8:0x000002c7  x3=0xfffff865
       17645000	      1763	80002d14	015a4033	xor	x0,x20,x21	 x20:0x00000000 x21:0x00000001
       17655000	      1764	80002d18	40158433	sub	x8,x11,x1	 x11:0xfffffb18  x1:0x00000000  x8=0xfffffb18
       17665000	      1765	80002d1c	03aeda63	bge	x29,x26,80002d50	 x29:0xc8b43c08 x26:0x0000070a
       17675000	      1766	80002d20	027bc463	blt	x23,x7,80002d48	 x23:0x80009f58  x7:0x00000000
       17685000	      1767	00000000	00000013	addi	x0,x0,0	  x0:0x00000000
       17695000	      1768	80002d44	00000013	addi	x0,x0,0	  x0:0x00000000
       17705000	      1769	80002d48	006019b3	sll	x19,x0,x6	  x0:0x00000000  x6:0x000007af x19=0x00000000
       17715000	      1770	80002d4c	0133d093	srli	x1,x7,0x13	  x7:0x00000000  x1=0x00000000
       17725000	      1771	80002d50	f5c97513	andi	x10,x18,-164	 x18:0x00000000 x10=0x00000000
       17735000	      1772	80002d54	223a3517	auipc	x10,0x223a3	 x10=0xa23a5d50
       17745000	      1773	80002d58	012c35b3	sltu	x11,x24,x18	 x24:0x00000000 x18:0x00000000 x11=0x00000000
       17755000	      1774	80002d5c	01075263	bge	x14,x16,80002d60	 x14:0x00000000 x16:0x00000000
       17765000	      1775	00000000	00000013	addi	x0,x0,0	  x0:0x00000000
       17775000	      1776	80002d5c	00000013	addi	x0,x0,0	  x0:0x00000000
       17785000	      1777	80002d60	00000013	addi	x0,x0,0	  x0:0x00000000
       17795000	      1778	80002d64	4066dc93	srai	x25,x13,0x6	 x13:0x00000000 x25=0x00000000
       17805000	      1779	80002d68	00000013	addi	x0,x0,0	  x0:0x00000000
       17815000	      1780	80002d6c	c69e2417	auipc	x8,0xc69e2	  x8=0x469e4d68
       17825000	      1781	80002d70	01500c63	beq	x0,x21,80002d88	  x0:0x00000000 x21:0x00000001
       17835000	      1782	80002d74	01e7ca33	xor	x20,x15,x30	 x15:0x00000501 x30:0x8d5e5ae4 x20=0x8d5e5fe5
       17845000	      1783	80002d78	6cb95ab7	lui	x21,0x6cb95	 x21=0x6cb95000
       17855000	      1784	80002d7c	01172533	slt	x10,x14,x17	 x14:0x00000000 x17:0x00000000 x10=0x00000000
       17865000	      1785	80002d80	023bfc63	bgeu	x23,x3,80002db8	 x23:0x80009f58  x3:0xfffff865
       17875000	      1786	80002d84	007b1393	slli	x7,x22,0x7	 x22:0x00000006  x7=0x00000300
       17885000	      1787	80002d88	04080463	beq	x16,x0,80002dd0	 x16:0x00000000  x0:0x00000000
       17895000	      1788	00000000	00000013	addi	x0,x0,0	  x0:0x00000000
       17905000	      1789	80002dcc	00000013	addi	x0,x0,0	  x0:0x00000000
       17915000	      1790	80002dd0	001add13	srli	x26,x21,0x1	 x21:0x6cb95000 x26=0x365ca800
       17925000	      1791	80002dd4	014dce63	blt	x27,x20,80002df0	 x27:0x00000002 x20:0x8d5e5fe5
       17935000	      1792	80002dd8	00000013	addi	x0,x0,0	  x0:0x00000000
       17945000	      1793	80002ddc	01acf463	bgeu	x25,x26,80002de4	 x25:0x00000000 x26:0x365ca800
       17955000	      1794	80002de0	00000013	addi	x0,x0,0	  x0:0x00000000
       17965000	      1795	80002de4	678bb913	sltiu	x18,x23,1656	 x23:0x80009f58 x18=0x00000000
       17975000	      1796	80002de8	00f71293	slli	x5,x14,0xf	 x14:0x00000000  x5=0x00000000
       17985000	      1797	80002dec	c3c92193	slti	x3,x18,-964	 x18:0x00000000  x3=0x00000000
       17995000	      1798	80002df0	e4572793	slti	x15,x14,-443	 x14:0x00000000 x15=0x00000000
       18005000	      1799	80002df4	004ba703	lw	x14,4(x23)	 x23:0x80009f58 x14=0x80000348 PA:0x80009f5c
       18015000	      1800	80002df8	03f33c93	sltiu	x25,x6,63	  x6:0x000007af x25=0x00000000
       18025000	      1801	80002dfc	01322ab3	slt	x21,x4,x19	  x4:0x80009fc4 x19:0x00000000 x21=0x00000001
       18035000	      1802	80002e00	00cb8b93	addi	x23,x23,12	 x23:0x80009f58 x23=0x80009f64
       18045000	      1803	80002e04	00355693	srli	x13,x10,0x3	 x10:0x00000000 x13=0x00000000
       18055000	      1804	80002e08	00170f93	addi	x31,x14,1	 x14:0x80000348 x31=0x80000349
       18065000	      1805	80002e0c	000f8fe7	jalr	x31,x31,0	 x31:0x80000349 x31=0x80002e0c
       18075000	      1806	00000000	00000013	addi	x0,x0,0	  x0:0x00000000
       18085000	      1807	80000348	00000013	addi	x0,x0,0	  x0:0x00000000
       18095000	      1808	8000034c	00002197	auipc	x3,0x2	  x3=0x80002348
       18105000	      1809	80000350	8a818193	addi	x3,x3,-1880	  x3:0x80002348  x3=0x80001bf0
       18115000	      1810	80000354	19018193	addi	x3,x3,400	  x3:0x80001bf0  x3=0x80001d80
       18125000	      1811	80000358	00adec63	bltu	x27,x10,80000370	 x27:0x00000002 x10:0x00000000
       18135000	      1812	8000035c	411b80b3	sub	x1,x23,x17	 x23:0x80009f64 x17:0x00000000  x1=0x80009f64
       18145000	      1813	80000360	4137d093	srai	x1,x15,0x13	 x15:0x00000000  x1=0x00000000
       18155000	      1814	80000364	e259b593	sltiu	x11,x19,-475	 x19:0x00000000 x11=0x00000001
       18165000	      1815	80000368	81e43313	sltiu	x6,x8,-2018	  x8:0x469e4d68  x6=0x00000001
       18175000	      1816	8000036c	ec4cef13	ori	x30,x25,-316	 x25:0x00000000 x30=0xfffffec4
       18185000	      1817	80000370	e7118767	jalr	x14,x3,-399	  x3:0x80001d80 x14=0x80000370
       18195000	      1818	00000000	00000013	addi	x0,x0,0	  x0:0x00000000
       18205000	      1819	80001bf0	00000013	addi	x0,x0,0	  x0:0x00000000
       18215000	      1820	80001bf4	00fe1a13	slli	x20,x28,0xf	 x28:0xfffffd05 x20=0xfe828000
       18225000	      1821	80001bf8	00a8f463	bgeu	x17,x10,80001c00	 x17:0x00000000 x10:0x00000000
       18235000	      1822	00000000	00000013	addi	x0,x0,0	  x0:0x00000000
       18245000	      1823	80001bfc	00000013	addi	x0,x0,0	  x0:0x00000000
       18255000	      1824	80001c00	fdcb8b93	addi	x23,x23,-36	 x23:0x80009f64 x23=0x80009f40
       18265000	      1825	80001c04	00eba223	sw	x14,4(x23)	 x23:0x80009f40 x14:0x80000370 PA:0x80009f44
       18275000	      1826	80001c08	41f654b3	sra	x9,x12,x31	 x12:0x57575000 x31:0x80002e0c  x9=0x00057575
       18285000	      1827	80001c0c	ffe00093	addi	x1,x0,-2	  x0:0x00000000  x1=0xfffffffe
       18295000	      1828	80001c10	00df9ab3	sll	x21,x31,x13	 x31:0x80002e0c x13:0x00000000 x21=0x80002e0c
       18305000	      1829	80001c14	00b0a1b3	slt	x3,x1,x11	  x1:0xfffffffe x11:0x00000001  x3=0x00000001
       18315000	      1830	80001c18	00f00893	addi	x17,x0,15	  x0:0x00000000 x17=0x0000000f
       18325000	      1831	80001c1c	01c8f3b3	and	x7,x17,x28	 x17:0x0000000f x28:0xfffffd05  x7=0x00000005
       18335000	      1832	80001c20	3842b513	sltiu	x10,x5,900	  x5:0x00000000 x10=0x00000001
       18345000	      1833	80001c24	4007ddb3	sra	x27,x15,x0	 x15:0x00000000  x0:0x00000000 x27=0x00000000
       18355000	      1834	80001c28	00000013	addi	x0,x0,0	  x0:0x00000000
       18365000	      1835	80001c2c	416fd933	sra	x18,x31,x22	 x31:0x80002e0c x22:0x00000006 x18=0xfe0000b8
       18375000	      1836	80001c30	cc13bf13	sltiu	x30,x7,-831	  x7:0x00000005 x30=0x00000001
       18385000	      1837	80001c34	3663dc97	auipc	x25,0x3663d	 x25=0xb663ec30
       18395000	      1838	80001c38	00fa1433	sll	x8,x20,x15	 x20:0xfe828000 x15:0x00000000  x8=0xfe828000
       18405000	      1839	80001c3c	00108093	addi	x1,x1,1	  x1:0xfffffffe  x1=0xffffffff
       18415000	      1840	80001c40	0172fab3	and	x21,x5,x23	  x5:0x00000000 x23:0x80009f40 x21=0x00000000
       18425000	      1841	80001c44	41b2d733	sra	x14,x5,x27	  x5:0x00000000 x27:0x00000000 x14=0x00000000
       18435000	      1842	80001c48	402bd493	srai	x9,x23,0x2	 x23:0x80009f40  x9=0xe00027d0
       18445000	      1843	80001c4c	fd109ae3	bne	x1,x17,80001c20	  x1:0xffffffff x17:0x0000000f
       18455000	      1844	00000000	00000013	addi	x0,x0,0	  x0:0x00000000
       18465000	      1845	80001c1c	00000013	addi	x0,x0,0	  x0:0x00000000
       18475000	      1846	80001c20	3842b513	sltiu	x10,x5,900	  x5:0x00000000 x10=0x00000001
       18485000	      1847	80001c24	4007ddb3	sra	x27,x15,x0	 x15:0x00000000  x0:0x00000000 x27=0x00000000
       18495000	      1848	80001c28	00000013	addi	x0,x0,0	  x0:0x00000000
       18505000	      1849	80001c2c	416fd933	sra	x18,x31,x22	 x31:0x80002e0c x22:0x00000006 x18=0xfe0000b8
       18515000	      1850	80001c30	cc13bf13	sltiu	x30,x7,-831	  x7:0x00000005 x30=0x00000001
       18525000	      1851	80001c34	3663dc97	auipc	x25,0x3663d	 x25=0xb663ec30
       18535000	      1852	80001c38	00fa1433	sll	x8,x20,x15	 x20:0xfe828000 x15:0x00000000  x8=0xfe828000
       18545000	      1853	80001c3c	00108093	addi	x1,x1,1	  x1:0xffffffff  x1=0x00000000
       18555000	      1854	80001c40	0172fab3	and	x21,x5,x23	  x5:0x00000000 x23:0x80009f40 x21=0x00000000
       18565000	      1855	80001c44	41b2d733	sra	x14,x5,x27	  x5:0x00000000 x27:0x00000000 x14=0x00000000
       18575000	      1856	80001c48	402bd493	srai	x9,x23,0x2	 x23:0x80009f40  x9=0xe00027d0
       18585000	      1857	80001c4c	fd109ae3	bne	x1,x17,80001c20	  x1:0x00000000 x17:0x0000000f
       18595000	      1858	00000000	00000013	addi	x0,x0,0	  x0:0x00000000
       18605000	      1859	80001c1c	00000013	addi	x0,x0,0	  x0:0x00000000
       18615000	      1860	80001c20	3842b513	sltiu	x10,x5,900	  x5:0x00000000 x10=0x00000001
       18625000	      1861	80001c24	4007ddb3	sra	x27,x15,x0	 x15:0x00000000  x0:0x00000000 x27=0x00000000
       18635000	      1862	80001c28	00000013	addi	x0,x0,0	  x0:0x00000000
       18645000	      1863	80001c2c	416fd933	sra	x18,x31,x22	 x31:0x80002e0c x22:0x00000006 x18=0xfe0000b8
       18655000	      1864	80001c30	cc13bf13	sltiu	x30,x7,-831	  x7:0x00000005 x30=0x00000001
       18665000	      1865	80001c34	3663dc97	auipc	x25,0x3663d	 x25=0xb663ec30
       18675000	      1866	80001c38	00fa1433	sll	x8,x20,x15	 x20:0xfe828000 x15:0x00000000  x8=0xfe828000
       18685000	      1867	80001c3c	00108093	addi	x1,x1,1	  x1:0x00000000  x1=0x00000001
       18695000	      1868	80001c40	0172fab3	and	x21,x5,x23	  x5:0x00000000 x23:0x80009f40 x21=0x00000000
       18705000	      1869	80001c44	41b2d733	sra	x14,x5,x27	  x5:0x00000000 x27:0x00000000 x14=0x00000000
       18715000	      1870	80001c48	402bd493	srai	x9,x23,0x2	 x23:0x80009f40  x9=0xe00027d0
       18725000	      1871	80001c4c	fd109ae3	bne	x1,x17,80001c20	  x1:0x00000001 x17:0x0000000f
       18735000	      1872	00000000	00000013	addi	x0,x0,0	  x0:0x00000000
       18745000	      1873	80001c1c	00000013	addi	x0,x0,0	  x0:0x00000000
       18755000	      1874	80001c20	3842b513	sltiu	x10,x5,900	  x5:0x00000000 x10=0x00000001
       18765000	      1875	80001c24	4007ddb3	sra	x27,x15,x0	 x15:0x00000000  x0:0x00000000 x27=0x00000000
       18775000	      1876	80001c28	00000013	addi	x0,x0,0	  x0:0x00000000
       18785000	      1877	80001c2c	416fd933	sra	x18,x31,x22	 x31:0x80002e0c x22:0x00000006 x18=0xfe0000b8
       18795000	      1878	80001c30	cc13bf13	sltiu	x30,x7,-831	  x7:0x00000005 x30=0x00000001
       18805000	      1879	80001c34	3663dc97	auipc	x25,0x3663d	 x25=0xb663ec30
       18815000	      1880	80001c38	00fa1433	sll	x8,x20,x15	 x20:0xfe828000 x15:0x00000000  x8=0xfe828000
       18825000	      1881	80001c3c	00108093	addi	x1,x1,1	  x1:0x00000001  x1=0x00000002
       18835000	      1882	80001c40	0172fab3	and	x21,x5,x23	  x5:0x00000000 x23:0x80009f40 x21=0x00000000
       18845000	      1883	80001c44	41b2d733	sra	x14,x5,x27	  x5:0x00000000 x27:0x00000000 x14=0x00000000
       18855000	      1884	80001c48	402bd493	srai	x9,x23,0x2	 x23:0x80009f40  x9=0xe00027d0
       18865000	      1885	80001c4c	fd109ae3	bne	x1,x17,80001c20	  x1:0x00000002 x17:0x0000000f
       18875000	      1886	00000000	00000013	addi	x0,x0,0	  x0:0x00000000
       18885000	      1887	80001c1c	00000013	addi	x0,x0,0	  x0:0x00000000
       18895000	      1888	80001c20	3842b513	sltiu	x10,x5,900	  x5:0x00000000 x10=0x00000001
       18905000	      1889	80001c24	4007ddb3	sra	x27,x15,x0	 x15:0x00000000  x0:0x00000000 x27=0x00000000
       18915000	      1890	80001c28	00000013	addi	x0,x0,0	  x0:0x00000000
       18925000	      1891	80001c2c	416fd933	sra	x18,x31,x22	 x31:0x80002e0c x22:0x00000006 x18=0xfe0000b8
       18935000	      1892	80001c30	cc13bf13	sltiu	x30,x7,-831	  x7:0x00000005 x30=0x00000001
       18945000	      1893	80001c34	3663dc97	auipc	x25,0x3663d	 x25=0xb663ec30
       18955000	      1894	80001c38	00fa1433	sll	x8,x20,x15	 x20:0xfe828000 x15:0x00000000  x8=0xfe828000
       18965000	      1895	80001c3c	00108093	addi	x1,x1,1	  x1:0x00000002  x1=0x00000003
       18975000	      1896	80001c40	0172fab3	and	x21,x5,x23	  x5:0x00000000 x23:0x80009f40 x21=0x00000000
       18985000	      1897	80001c44	41b2d733	sra	x14,x5,x27	  x5:0x00000000 x27:0x00000000 x14=0x00000000
       18995000	      1898	80001c48	402bd493	srai	x9,x23,0x2	 x23:0x80009f40  x9=0xe00027d0
       19005000	      1899	80001c4c	fd109ae3	bne	x1,x17,80001c20	  x1:0x00000003 x17:0x0000000f
       19015000	      1900	00000000	00000013	addi	x0,x0,0	  x0:0x00000000
       19025000	      1901	80001c1c	00000013	addi	x0,x0,0	  x0:0x00000000
       19035000	      1902	80001c20	3842b513	sltiu	x10,x5,900	  x5:0x00000000 x10=0x00000001
       19045000	      1903	80001c24	4007ddb3	sra	x27,x15,x0	 x15:0x00000000  x0:0x00000000 x27=0x00000000
       19055000	      1904	80001c28	00000013	addi	x0,x0,0	  x0:0x00000000
       19065000	      1905	80001c2c	416fd933	sra	x18,x31,x22	 x31:0x80002e0c x22:0x00000006 x18=0xfe0000b8
       19075000	      1906	80001c30	cc13bf13	sltiu	x30,x7,-831	  x7:0x00000005 x30=0x00000001
       19085000	      1907	80001c34	3663dc97	auipc	x25,0x3663d	 x25=0xb663ec30
       19095000	      1908	80001c38	00fa1433	sll	x8,x20,x15	 x20:0xfe828000 x15:0x00000000  x8=0xfe828000
       19105000	      1909	80001c3c	00108093	addi	x1,x1,1	  x1:0x00000003  x1=0x00000004
       19115000	      1910	80001c40	0172fab3	and	x21,x5,x23	  x5:0x00000000 x23:0x80009f40 x21=0x00000000
       19125000	      1911	80001c44	41b2d733	sra	x14,x5,x27	  x5:0x00000000 x27:0x00000000 x14=0x00000000
       19135000	      1912	80001c48	402bd493	srai	x9,x23,0x2	 x23:0x80009f40  x9=0xe00027d0
       19145000	      1913	80001c4c	fd109ae3	bne	x1,x17,80001c20	  x1:0x00000004 x17:0x0000000f
       19155000	      1914	00000000	00000013	addi	x0,x0,0	  x0:0x00000000
       19165000	      1915	80001c1c	00000013	addi	x0,x0,0	  x0:0x00000000
       19175000	      1916	80001c20	3842b513	sltiu	x10,x5,900	  x5:0x00000000 x10=0x00000001
       19185000	      1917	80001c24	4007ddb3	sra	x27,x15,x0	 x15:0x00000000  x0:0x00000000 x27=0x00000000
       19195000	      1918	80001c28	00000013	addi	x0,x0,0	  x0:0x00000000
       19205000	      1919	80001c2c	416fd933	sra	x18,x31,x22	 x31:0x80002e0c x22:0x00000006 x18=0xfe0000b8
       19215000	      1920	80001c30	cc13bf13	sltiu	x30,x7,-831	  x7:0x00000005 x30=0x00000001
       19225000	      1921	80001c34	3663dc97	auipc	x25,0x3663d	 x25=0xb663ec30
       19235000	      1922	80001c38	00fa1433	sll	x8,x20,x15	 x20:0xfe828000 x15:0x00000000  x8=0xfe828000
       19245000	      1923	80001c3c	00108093	addi	x1,x1,1	  x1:0x00000004  x1=0x00000005
       19255000	      1924	80001c40	0172fab3	and	x21,x5,x23	  x5:0x00000000 x23:0x80009f40 x21=0x00000000
       19265000	      1925	80001c44	41b2d733	sra	x14,x5,x27	  x5:0x00000000 x27:0x00000000 x14=0x00000000
       19275000	      1926	80001c48	402bd493	srai	x9,x23,0x2	 x23:0x80009f40  x9=0xe00027d0
       19285000	      1927	80001c4c	fd109ae3	bne	x1,x17,80001c20	  x1:0x00000005 x17:0x0000000f
       19295000	      1928	00000000	00000013	addi	x0,x0,0	  x0:0x00000000
       19305000	      1929	80001c1c	00000013	addi	x0,x0,0	  x0:0x00000000
       19315000	      1930	80001c20	3842b513	sltiu	x10,x5,900	  x5:0x00000000 x10=0x00000001
       19325000	      1931	80001c24	4007ddb3	sra	x27,x15,x0	 x15:0x00000000  x0:0x00000000 x27=0x00000000
       19335000	      1932	80001c28	00000013	addi	x0,x0,0	  x0:0x00000000
       19345000	      1933	80001c2c	416fd933	sra	x18,x31,x22	 x31:0x80002e0c x22:0x00000006 x18=0xfe0000b8
       19355000	      1934	80001c30	cc13bf13	sltiu	x30,x7,-831	  x7:0x00000005 x30=0x00000001
       19365000	      1935	80001c34	3663dc97	auipc	x25,0x3663d	 x25=0xb663ec30
       19375000	      1936	80001c38	00fa1433	sll	x8,x20,x15	 x20:0xfe828000 x15:0x00000000  x8=0xfe828000
       19385000	      1937	80001c3c	00108093	addi	x1,x1,1	  x1:0x00000005  x1=0x00000006
       19395000	      1938	80001c40	0172fab3	and	x21,x5,x23	  x5:0x00000000 x23:0x80009f40 x21=0x00000000
       19405000	      1939	80001c44	41b2d733	sra	x14,x5,x27	  x5:0x00000000 x27:0x00000000 x14=0x00000000
       19415000	      1940	80001c48	402bd493	srai	x9,x23,0x2	 x23:0x80009f40  x9=0xe00027d0
       19425000	      1941	80001c4c	fd109ae3	bne	x1,x17,80001c20	  x1:0x00000006 x17:0x0000000f
       19435000	      1942	00000000	00000013	addi	x0,x0,0	  x0:0x00000000
       19445000	      1943	80001c1c	00000013	addi	x0,x0,0	  x0:0x00000000
       19455000	      1944	80001c20	3842b513	sltiu	x10,x5,900	  x5:0x00000000 x10=0x00000001
       19465000	      1945	80001c24	4007ddb3	sra	x27,x15,x0	 x15:0x00000000  x0:0x00000000 x27=0x00000000
       19475000	      1946	80001c28	00000013	addi	x0,x0,0	  x0:0x00000000
       19485000	      1947	80001c2c	416fd933	sra	x18,x31,x22	 x31:0x80002e0c x22:0x00000006 x18=0xfe0000b8
       19495000	      1948	80001c30	cc13bf13	sltiu	x30,x7,-831	  x7:0x00000005 x30=0x00000001
       19505000	      1949	80001c34	3663dc97	auipc	x25,0x3663d	 x25=0xb663ec30
       19515000	      1950	80001c38	00fa1433	sll	x8,x20,x15	 x20:0xfe828000 x15:0x00000000  x8=0xfe828000
       19525000	      1951	80001c3c	00108093	addi	x1,x1,1	  x1:0x00000006  x1=0x00000007
       19535000	      1952	80001c40	0172fab3	and	x21,x5,x23	  x5:0x00000000 x23:0x80009f40 x21=0x00000000
       19545000	      1953	80001c44	41b2d733	sra	x14,x5,x27	  x5:0x00000000 x27:0x00000000 x14=0x00000000
       19555000	      1954	80001c48	402bd493	srai	x9,x23,0x2	 x23:0x80009f40  x9=0xe00027d0
       19565000	      1955	80001c4c	fd109ae3	bne	x1,x17,80001c20	  x1:0x00000007 x17:0x0000000f
       19575000	      1956	00000000	00000013	addi	x0,x0,0	  x0:0x00000000
       19585000	      1957	80001c1c	00000013	addi	x0,x0,0	  x0:0x00000000
       19595000	      1958	80001c20	3842b513	sltiu	x10,x5,900	  x5:0x00000000 x10=0x00000001
       19605000	      1959	80001c24	4007ddb3	sra	x27,x15,x0	 x15:0x00000000  x0:0x00000000 x27=0x00000000
       19615000	      1960	80001c28	00000013	addi	x0,x0,0	  x0:0x00000000
       19625000	      1961	80001c2c	416fd933	sra	x18,x31,x22	 x31:0x80002e0c x22:0x00000006 x18=0xfe0000b8
       19635000	      1962	80001c30	cc13bf13	sltiu	x30,x7,-831	  x7:0x00000005 x30=0x00000001
       19645000	      1963	80001c34	3663dc97	auipc	x25,0x3663d	 x25=0xb663ec30
       19655000	      1964	80001c38	00fa1433	sll	x8,x20,x15	 x20:0xfe828000 x15:0x00000000  x8=0xfe828000
       19665000	      1965	80001c3c	00108093	addi	x1,x1,1	  x1:0x00000007  x1=0x00000008
       19675000	      1966	80001c40	0172fab3	and	x21,x5,x23	  x5:0x00000000 x23:0x80009f40 x21=0x00000000
       19685000	      1967	80001c44	41b2d733	sra	x14,x5,x27	  x5:0x00000000 x27:0x00000000 x14=0x00000000
       19695000	      1968	80001c48	402bd493	srai	x9,x23,0x2	 x23:0x80009f40  x9=0xe00027d0
       19705000	      1969	80001c4c	fd109ae3	bne	x1,x17,80001c20	  x1:0x00000008 x17:0x0000000f
       19715000	      1970	00000000	00000013	addi	x0,x0,0	  x0:0x00000000
       19725000	      1971	80001c1c	00000013	addi	x0,x0,0	  x0:0x00000000
       19735000	      1972	80001c20	3842b513	sltiu	x10,x5,900	  x5:0x00000000 x10=0x00000001
       19745000	      1973	80001c24	4007ddb3	sra	x27,x15,x0	 x15:0x00000000  x0:0x00000000 x27=0x00000000
       19755000	      1974	80001c28	00000013	addi	x0,x0,0	  x0:0x00000000
       19765000	      1975	80001c2c	416fd933	sra	x18,x31,x22	 x31:0x80002e0c x22:0x00000006 x18=0xfe0000b8
       19775000	      1976	80001c30	cc13bf13	sltiu	x30,x7,-831	  x7:0x00000005 x30=0x00000001
       19785000	      1977	80001c34	3663dc97	auipc	x25,0x3663d	 x25=0xb663ec30
       19795000	      1978	80001c38	00fa1433	sll	x8,x20,x15	 x20:0xfe828000 x15:0x00000000  x8=0xfe828000
       19805000	      1979	80001c3c	00108093	addi	x1,x1,1	  x1:0x00000008  x1=0x00000009
       19815000	      1980	80001c40	0172fab3	and	x21,x5,x23	  x5:0x00000000 x23:0x80009f40 x21=0x00000000
       19825000	      1981	80001c44	41b2d733	sra	x14,x5,x27	  x5:0x00000000 x27:0x00000000 x14=0x00000000
       19835000	      1982	80001c48	402bd493	srai	x9,x23,0x2	 x23:0x80009f40  x9=0xe00027d0
       19845000	      1983	80001c4c	fd109ae3	bne	x1,x17,80001c20	  x1:0x00000009 x17:0x0000000f
       19855000	      1984	00000000	00000013	addi	x0,x0,0	  x0:0x00000000
       19865000	      1985	80001c1c	00000013	addi	x0,x0,0	  x0:0x00000000
       19875000	      1986	80001c20	3842b513	sltiu	x10,x5,900	  x5:0x00000000 x10=0x00000001
       19885000	      1987	80001c24	4007ddb3	sra	x27,x15,x0	 x15:0x00000000  x0:0x00000000 x27=0x00000000
       19895000	      1988	80001c28	00000013	addi	x0,x0,0	  x0:0x00000000
       19905000	      1989	80001c2c	416fd933	sra	x18,x31,x22	 x31:0x80002e0c x22:0x00000006 x18=0xfe0000b8
       19915000	      1990	80001c30	cc13bf13	sltiu	x30,x7,-831	  x7:0x00000005 x30=0x00000001
       19925000	      1991	80001c34	3663dc97	auipc	x25,0x3663d	 x25=0xb663ec30
       19935000	      1992	80001c38	00fa1433	sll	x8,x20,x15	 x20:0xfe828000 x15:0x00000000  x8=0xfe828000
       19945000	      1993	80001c3c	00108093	addi	x1,x1,1	  x1:0x00000009  x1=0x0000000a
       19955000	      1994	80001c40	0172fab3	and	x21,x5,x23	  x5:0x00000000 x23:0x80009f40 x21=0x00000000
       19965000	      1995	80001c44	41b2d733	sra	x14,x5,x27	  x5:0x00000000 x27:0x00000000 x14=0x00000000
       19975000	      1996	80001c48	402bd493	srai	x9,x23,0x2	 x23:0x80009f40  x9=0xe00027d0
       19985000	      1997	80001c4c	fd109ae3	bne	x1,x17,80001c20	  x1:0x0000000a x17:0x0000000f
       19995000	      1998	00000000	00000013	addi	x0,x0,0	  x0:0x00000000
       20005000	      1999	80001c1c	00000013	addi	x0,x0,0	  x0:0x00000000
       20015000	      2000	80001c20	3842b513	sltiu	x10,x5,900	  x5:0x00000000 x10=0x00000001
       20025000	      2001	80001c24	4007ddb3	sra	x27,x15,x0	 x15:0x00000000  x0:0x00000000 x27=0x00000000
       20035000	      2002	80001c28	00000013	addi	x0,x0,0	  x0:0x00000000
       20045000	      2003	80001c2c	416fd933	sra	x18,x31,x22	 x31:0x80002e0c x22:0x00000006 x18=0xfe0000b8
       20055000	      2004	80001c30	cc13bf13	sltiu	x30,x7,-831	  x7:0x00000005 x30=0x00000001
       20065000	      2005	80001c34	3663dc97	auipc	x25,0x3663d	 x25=0xb663ec30
       20075000	      2006	80001c38	00fa1433	sll	x8,x20,x15	 x20:0xfe828000 x15:0x00000000  x8=0xfe828000
       20085000	      2007	80001c3c	00108093	addi	x1,x1,1	  x1:0x0000000a  x1=0x0000000b
       20095000	      2008	80001c40	0172fab3	and	x21,x5,x23	  x5:0x00000000 x23:0x80009f40 x21=0x00000000
       20105000	      2009	80001c44	41b2d733	sra	x14,x5,x27	  x5:0x00000000 x27:0x00000000 x14=0x00000000
       20115000	      2010	80001c48	402bd493	srai	x9,x23,0x2	 x23:0x80009f40  x9=0xe00027d0
       20125000	      2011	80001c4c	fd109ae3	bne	x1,x17,80001c20	  x1:0x0000000b x17:0x0000000f
       20135000	      2012	00000000	00000013	addi	x0,x0,0	  x0:0x00000000
       20145000	      2013	80001c1c	00000013	addi	x0,x0,0	  x0:0x00000000
       20155000	      2014	80001c20	3842b513	sltiu	x10,x5,900	  x5:0x00000000 x10=0x00000001
       20165000	      2015	80001c24	4007ddb3	sra	x27,x15,x0	 x15:0x00000000  x0:0x00000000 x27=0x00000000
       20175000	      2016	80001c28	00000013	addi	x0,x0,0	  x0:0x00000000
       20185000	      2017	80001c2c	416fd933	sra	x18,x31,x22	 x31:0x80002e0c x22:0x00000006 x18=0xfe0000b8
       20195000	      2018	80001c30	cc13bf13	sltiu	x30,x7,-831	  x7:0x00000005 x30=0x00000001
       20205000	      2019	80001c34	3663dc97	auipc	x25,0x3663d	 x25=0xb663ec30
       20215000	      2020	80001c38	00fa1433	sll	x8,x20,x15	 x20:0xfe828000 x15:0x00000000  x8=0xfe828000
       20225000	      2021	80001c3c	00108093	addi	x1,x1,1	  x1:0x0000000b  x1=0x0000000c
       20235000	      2022	80001c40	0172fab3	and	x21,x5,x23	  x5:0x00000000 x23:0x80009f40 x21=0x00000000
       20245000	      2023	80001c44	41b2d733	sra	x14,x5,x27	  x5:0x00000000 x27:0x00000000 x14=0x00000000
       20255000	      2024	80001c48	402bd493	srai	x9,x23,0x2	 x23:0x80009f40  x9=0xe00027d0
       20265000	      2025	80001c4c	fd109ae3	bne	x1,x17,80001c20	  x1:0x0000000c x17:0x0000000f
       20275000	      2026	00000000	00000013	addi	x0,x0,0	  x0:0x00000000
       20285000	      2027	80001c1c	00000013	addi	x0,x0,0	  x0:0x00000000
       20295000	      2028	80001c20	3842b513	sltiu	x10,x5,900	  x5:0x00000000 x10=0x00000001
       20305000	      2029	80001c24	4007ddb3	sra	x27,x15,x0	 x15:0x00000000  x0:0x00000000 x27=0x00000000
       20315000	      2030	80001c28	00000013	addi	x0,x0,0	  x0:0x00000000
       20325000	      2031	80001c2c	416fd933	sra	x18,x31,x22	 x31:0x80002e0c x22:0x00000006 x18=0xfe0000b8
       20335000	      2032	80001c30	cc13bf13	sltiu	x30,x7,-831	  x7:0x00000005 x30=0x00000001
       20345000	      2033	80001c34	3663dc97	auipc	x25,0x3663d	 x25=0xb663ec30
       20355000	      2034	80001c38	00fa1433	sll	x8,x20,x15	 x20:0xfe828000 x15:0x00000000  x8=0xfe828000
       20365000	      2035	80001c3c	00108093	addi	x1,x1,1	  x1:0x0000000c  x1=0x0000000d
       20375000	      2036	80001c40	0172fab3	and	x21,x5,x23	  x5:0x00000000 x23:0x80009f40 x21=0x00000000
       20385000	      2037	80001c44	41b2d733	sra	x14,x5,x27	  x5:0x00000000 x27:0x00000000 x14=0x00000000
       20395000	      2038	80001c48	402bd493	srai	x9,x23,0x2	 x23:0x80009f40  x9=0xe00027d0
       20405000	      2039	80001c4c	fd109ae3	bne	x1,x17,80001c20	  x1:0x0000000d x17:0x0000000f
       20415000	      2040	00000000	00000013	addi	x0,x0,0	  x0:0x00000000
       20425000	      2041	80001c1c	00000013	addi	x0,x0,0	  x0:0x00000000
       20435000	      2042	80001c20	3842b513	sltiu	x10,x5,900	  x5:0x00000000 x10=0x00000001
       20445000	      2043	80001c24	4007ddb3	sra	x27,x15,x0	 x15:0x00000000  x0:0x00000000 x27=0x00000000
       20455000	      2044	80001c28	00000013	addi	x0,x0,0	  x0:0x00000000
       20465000	      2045	80001c2c	416fd933	sra	x18,x31,x22	 x31:0x80002e0c x22:0x00000006 x18=0xfe0000b8
       20475000	      2046	80001c30	cc13bf13	sltiu	x30,x7,-831	  x7:0x00000005 x30=0x00000001
       20485000	      2047	80001c34	3663dc97	auipc	x25,0x3663d	 x25=0xb663ec30
       20495000	      2048	80001c38	00fa1433	sll	x8,x20,x15	 x20:0xfe828000 x15:0x00000000  x8=0xfe828000
       20505000	      2049	80001c3c	00108093	addi	x1,x1,1	  x1:0x0000000d  x1=0x0000000e
       20515000	      2050	80001c40	0172fab3	and	x21,x5,x23	  x5:0x00000000 x23:0x80009f40 x21=0x00000000
       20525000	      2051	80001c44	41b2d733	sra	x14,x5,x27	  x5:0x00000000 x27:0x00000000 x14=0x00000000
       20535000	      2052	80001c48	402bd493	srai	x9,x23,0x2	 x23:0x80009f40  x9=0xe00027d0
       20545000	      2053	80001c4c	fd109ae3	bne	x1,x17,80001c20	  x1:0x0000000e x17:0x0000000f
       20555000	      2054	00000000	00000013	addi	x0,x0,0	  x0:0x00000000
       20565000	      2055	80001c1c	00000013	addi	x0,x0,0	  x0:0x00000000
       20575000	      2056	80001c20	3842b513	sltiu	x10,x5,900	  x5:0x00000000 x10=0x00000001
       20585000	      2057	80001c24	4007ddb3	sra	x27,x15,x0	 x15:0x00000000  x0:0x00000000 x27=0x00000000
       20595000	      2058	80001c28	00000013	addi	x0,x0,0	  x0:0x00000000
       20605000	      2059	80001c2c	416fd933	sra	x18,x31,x22	 x31:0x80002e0c x22:0x00000006 x18=0xfe0000b8
       20615000	      2060	80001c30	cc13bf13	sltiu	x30,x7,-831	  x7:0x00000005 x30=0x00000001
       20625000	      2061	80001c34	3663dc97	auipc	x25,0x3663d	 x25=0xb663ec30
       20635000	      2062	80001c38	00fa1433	sll	x8,x20,x15	 x20:0xfe828000 x15:0x00000000  x8=0xfe828000
       20645000	      2063	80001c3c	00108093	addi	x1,x1,1	  x1:0x0000000e  x1=0x0000000f
       20655000	      2064	80001c40	0172fab3	and	x21,x5,x23	  x5:0x00000000 x23:0x80009f40 x21=0x00000000
       20665000	      2065	80001c44	41b2d733	sra	x14,x5,x27	  x5:0x00000000 x27:0x00000000 x14=0x00000000
       20675000	      2066	80001c48	402bd493	srai	x9,x23,0x2	 x23:0x80009f40  x9=0xe00027d0
       20685000	      2067	80001c4c	fd109ae3	bne	x1,x17,80001c20	  x1:0x0000000f x17:0x0000000f
       20695000	      2068	80001c50	01d40633	add	x12,x8,x29	  x8:0xfe828000 x29:0xc8b43c08 x12=0xc736bc08
       20705000	      2069	80001c54	ffe00413	addi	x8,x0,-2	  x0:0x00000000  x8=0xfffffffe
       20715000	      2070	80001c58	40180cb3	sub	x25,x16,x1	 x16:0x00000000  x1:0x0000000f x25=0xfffffff1
       20725000	      2071	80001c5c	d99b6e93	ori	x29,x22,-615	 x22:0x00000006 x29=0xfffffd9f
       20735000	      2072	80001c60	402cd8b3	sra	x17,x25,x2	 x25:0xfffffff1  x2:0x00000000 x17=0xfffffff1
       20745000	      2073	80001c64	ff400793	addi	x15,x0,-12	  x0:0x00000000 x15=0xfffffff4
       20755000	      2074	80001c68	3b720893	addi	x17,x4,951	  x4:0x80009fc4 x17=0x8000a37b
       20765000	      2075	80001c6c	40e0de93	srai	x29,x1,0xe	  x1:0x0000000f x29=0x00000000
       20775000	      2076	80001c70	ad9cf093	andi	x1,x25,-1319	 x25:0xfffffff1  x1=0xfffffad1
       20785000	      2077	80001c74	ff940413	addi	x8,x8,-7	  x8:0xfffffffe  x8=0xfffffff7
       20795000	      2078	80001c78	ff800f93	addi	x31,x0,-8	  x0:0x00000000 x31=0xfffffff8
       20805000	      2079	80001c7c	00c00613	addi	x12,x0,12	  x0:0x00000000 x12=0x0000000c
       20815000	      2080	80001c80	2399b593	sltiu	x11,x19,569	 x19:0x00000000 x11=0x00000001
       20825000	      2081	80001c84	015a61b3	or	x3,x20,x21	 x20:0xfe828000 x21:0x00000000  x3=0xfe828000
       20835000	      2082	80001c88	00000013	addi	x0,x0,0	  x0:0x00000000
       20845000	      2083	80001c8c	003f8f93	addi	x31,x31,3	 x31:0xfffffff8 x31=0xfffffffb
       20855000	      2084	80001c90	000852b3	srl	x5,x16,x0	 x16:0x00000000  x0:0x00000000  x5=0x00000000
       20865000	      2085	80001c94	fecfcae3	blt	x31,x12,80001c88	 x31:0xfffffffb x12:0x0000000c
       20875000	      2086	00000000	00000013	addi	x0,x0,0	  x0:0x00000000
       20885000	      2087	80001c84	00000013	addi	x0,x0,0	  x0:0x00000000
       20895000	      2088	80001c88	00000013	addi	x0,x0,0	  x0:0x00000000
       20905000	      2089	80001c8c	003f8f93	addi	x31,x31,3	 x31:0xfffffffb x31=0xfffffffe
       20915000	      2090	80001c90	000852b3	srl	x5,x16,x0	 x16:0x00000000  x0:0x00000000  x5=0x00000000
       20925000	      2091	80001c94	fecfcae3	blt	x31,x12,80001c88	 x31:0xfffffffe x12:0x0000000c
       20935000	      2092	00000000	00000013	addi	x0,x0,0	  x0:0x00000000
       20945000	      2093	80001c84	00000013	addi	x0,x0,0	  x0:0x00000000
       20955000	      2094	80001c88	00000013	addi	x0,x0,0	  x0:0x00000000
       20965000	      2095	80001c8c	003f8f93	addi	x31,x31,3	 x31:0xfffffffe x31=0x00000001
       20975000	      2096	80001c90	000852b3	srl	x5,x16,x0	 x16:0x00000000  x0:0x00000000  x5=0x00000000
       20985000	      2097	80001c94	fecfcae3	blt	x31,x12,80001c88	 x31:0x00000001 x12:0x0000000c
       20995000	      2098	00000000	00000013	addi	x0,x0,0	  x0:0x00000000
       21005000	      2099	80001c84	00000013	addi	x0,x0,0	  x0:0x00000000
       21015000	      2100	80001c88	00000013	addi	x0,x0,0	  x0:0x00000000
       21025000	      2101	80001c8c	003f8f93	addi	x31,x31,3	 x31:0x00000001 x31=0x00000004
       21035000	      2102	80001c90	000852b3	srl	x5,x16,x0	 x16:0x00000000  x0:0x00000000  x5=0x00000000
       21045000	      2103	80001c94	fecfcae3	blt	x31,x12,80001c88	 x31:0x00000004 x12:0x0000000c
       21055000	      2104	00000000	00000013	addi	x0,x0,0	  x0:0x00000000
       21065000	      2105	80001c84	00000013	addi	x0,x0,0	  x0:0x00000000
       21075000	      2106	80001c88	00000013	addi	x0,x0,0	  x0:0x00000000
       21085000	      2107	80001c8c	003f8f93	addi	x31,x31,3	 x31:0x00000004 x31=0x00000007
       21095000	      2108	80001c90	000852b3	srl	x5,x16,x0	 x16:0x00000000  x0:0x00000000  x5=0x00000000
       21105000	      2109	80001c94	fecfcae3	blt	x31,x12,80001c88	 x31:0x00000007 x12:0x0000000c
       21115000	      2110	00000000	00000013	addi	x0,x0,0	  x0:0x00000000
       21125000	      2111	80001c84	00000013	addi	x0,x0,0	  x0:0x00000000
       21135000	      2112	80001c88	00000013	addi	x0,x0,0	  x0:0x00000000
       21145000	      2113	80001c8c	003f8f93	addi	x31,x31,3	 x31:0x00000007 x31=0x0000000a
       21155000	      2114	80001c90	000852b3	srl	x5,x16,x0	 x16:0x00000000  x0:0x00000000  x5=0x00000000
       21165000	      2115	80001c94	fecfcae3	blt	x31,x12,80001c88	 x31:0x0000000a x12:0x0000000c
       21175000	      2116	00000000	00000013	addi	x0,x0,0	  x0:0x00000000
       21185000	      2117	80001c84	00000013	addi	x0,x0,0	  x0:0x00000000
       21195000	      2118	80001c88	00000013	addi	x0,x0,0	  x0:0x00000000
       21205000	      2119	80001c8c	003f8f93	addi	x31,x31,3	 x31:0x0000000a x31=0x0000000d
       21215000	      2120	80001c90	000852b3	srl	x5,x16,x0	 x16:0x00000000  x0:0x00000000  x5=0x00000000
       21225000	      2121	80001c94	fecfcae3	blt	x31,x12,80001c88	 x31:0x0000000d x12:0x0000000c
       21235000	      2122	80001c98	b5ff4693	xori	x13,x30,-1185	 x30:0x00000001 x13=0xfffffb5e
       21245000	      2123	80001c9c	01665293	srli	x5,x12,0x16	 x12:0x0000000c  x5=0x00000000
       21255000	      2124	80001ca0	fcf454e3	bge	x8,x15,80001c68	  x8:0xfffffff7 x15:0xfffffff4
       21265000	      2125	00000000	00000013	addi	x0,x0,0	  x0:0x00000000
       21275000	      2126	80001c64	00000013	addi	x0,x0,0	  x0:0x00000000
       21285000	      2127	80001c68	3b720893	addi	x17,x4,951	  x4:0x80009fc4 x17=0x8000a37b
       21295000	      2128	80001c6c	40e0de93	srai	x29,x1,0xe	  x1:0xfffffad1 x29=0xffffffff
       21305000	      2129	80001c70	ad9cf093	andi	x1,x25,-1319	 x25:0xfffffff1  x1=0xfffffad1
       21315000	      2130	80001c74	ff940413	addi	x8,x8,-7	  x8:0xfffffff7  x8=0xfffffff0
       21325000	      2131	80001c78	ff800f93	addi	x31,x0,-8	  x0:0x00000000 x31=0xfffffff8
       21335000	      2132	80001c7c	00c00613	addi	x12,x0,12	  x0:0x00000000 x12=0x0000000c
       21345000	      2133	80001c80	2399b593	sltiu	x11,x19,569	 x19:0x00000000 x11=0x00000001
       21355000	      2134	80001c84	015a61b3	or	x3,x20,x21	 x20:0xfe828000 x21:0x00000000  x3=0xfe828000
       21365000	      2135	80001c88	00000013	addi	x0,x0,0	  x0:0x00000000
       21375000	      2136	80001c8c	003f8f93	addi	x31,x31,3	 x31:0xfffffff8 x31=0xfffffffb
       21385000	      2137	80001c90	000852b3	srl	x5,x16,x0	 x16:0x00000000  x0:0x00000000  x5=0x00000000
       21395000	      2138	80001c94	fecfcae3	blt	x31,x12,80001c88	 x31:0xfffffffb x12:0x0000000c
       21405000	      2139	00000000	00000013	addi	x0,x0,0	  x0:0x00000000
       21415000	      2140	80001c84	00000013	addi	x0,x0,0	  x0:0x00000000
       21425000	      2141	80001c88	00000013	addi	x0,x0,0	  x0:0x00000000
       21435000	      2142	80001c8c	003f8f93	addi	x31,x31,3	 x31:0xfffffffb x31=0xfffffffe
       21445000	      2143	80001c90	000852b3	srl	x5,x16,x0	 x16:0x00000000  x0:0x00000000  x5=0x00000000
       21455000	      2144	80001c94	fecfcae3	blt	x31,x12,80001c88	 x31:0xfffffffe x12:0x0000000c
       21465000	      2145	00000000	00000013	addi	x0,x0,0	  x0:0x00000000
       21475000	      2146	80001c84	00000013	addi	x0,x0,0	  x0:0x00000000
       21485000	      2147	80001c88	00000013	addi	x0,x0,0	  x0:0x00000000
       21495000	      2148	80001c8c	003f8f93	addi	x31,x31,3	 x31:0xfffffffe x31=0x00000001
       21505000	      2149	80001c90	000852b3	srl	x5,x16,x0	 x16:0x00000000  x0:0x00000000  x5=0x00000000
       21515000	      2150	80001c94	fecfcae3	blt	x31,x12,80001c88	 x31:0x00000001 x12:0x0000000c
       21525000	      2151	00000000	00000013	addi	x0,x0,0	  x0:0x00000000
       21535000	      2152	80001c84	00000013	addi	x0,x0,0	  x0:0x00000000
       21545000	      2153	80001c88	00000013	addi	x0,x0,0	  x0:0x00000000
       21555000	      2154	80001c8c	003f8f93	addi	x31,x31,3	 x31:0x00000001 x31=0x00000004
       21565000	      2155	80001c90	000852b3	srl	x5,x16,x0	 x16:0x00000000  x0:0x00000000  x5=0x00000000
       21575000	      2156	80001c94	fecfcae3	blt	x31,x12,80001c88	 x31:0x00000004 x12:0x0000000c
       21585000	      2157	00000000	00000013	addi	x0,x0,0	  x0:0x00000000
       21595000	      2158	80001c84	00000013	addi	x0,x0,0	  x0:0x00000000
       21605000	      2159	80001c88	00000013	addi	x0,x0,0	  x0:0x00000000
       21615000	      2160	80001c8c	003f8f93	addi	x31,x31,3	 x31:0x00000004 x31=0x00000007
       21625000	      2161	80001c90	000852b3	srl	x5,x16,x0	 x16:0x00000000  x0:0x00000000  x5=0x00000000
       21635000	      2162	80001c94	fecfcae3	blt	x31,x12,80001c88	 x31:0x00000007 x12:0x0000000c
       21645000	      2163	00000000	00000013	addi	x0,x0,0	  x0:0x00000000
       21655000	      2164	80001c84	00000013	addi	x0,x0,0	  x0:0x00000000
       21665000	      2165	80001c88	00000013	addi	x0,x0,0	  x0:0x00000000
       21675000	      2166	80001c8c	003f8f93	addi	x31,x31,3	 x31:0x00000007 x31=0x0000000a
       21685000	      2167	80001c90	000852b3	srl	x5,x16,x0	 x16:0x00000000  x0:0x00000000  x5=0x00000000
       21695000	      2168	80001c94	fecfcae3	blt	x31,x12,80001c88	 x31:0x0000000a x12:0x0000000c
       21705000	      2169	00000000	00000013	addi	x0,x0,0	  x0:0x00000000
       21715000	      2170	80001c84	00000013	addi	x0,x0,0	  x0:0x00000000
       21725000	      2171	80001c88	00000013	addi	x0,x0,0	  x0:0x00000000
       21735000	      2172	80001c8c	003f8f93	addi	x31,x31,3	 x31:0x0000000a x31=0x0000000d
       21745000	      2173	80001c90	000852b3	srl	x5,x16,x0	 x16:0x00000000  x0:0x00000000  x5=0x00000000
       21755000	      2174	80001c94	fecfcae3	blt	x31,x12,80001c88	 x31:0x0000000d x12:0x0000000c
       21765000	      2175	80001c98	b5ff4693	xori	x13,x30,-1185	 x30:0x00000001 x13=0xfffffb5e
       21775000	      2176	80001c9c	01665293	srli	x5,x12,0x16	 x12:0x0000000c  x5=0x00000000
       21785000	      2177	80001ca0	fcf454e3	bge	x8,x15,80001c68	  x8:0xfffffff0 x15:0xfffffff4
       21795000	      2178	80001ca4	01a061b3	or	x3,x0,x26	  x0:0x00000000 x26:0x365ca800  x3=0x365ca800
       21805000	      2179	80001ca8	00300d13	addi	x26,x0,3	  x0:0x00000000 x26=0x00000003
       21815000	      2180	80001cac	ffe00e93	addi	x29,x0,-2	  x0:0x00000000 x29=0xfffffffe
       21825000	      2181	80001cb0	40d0d733	sra	x14,x1,x13	  x1:0xfffffad1 x13:0xfffffb5e x14=0xffffffff
       21835000	      2182	80001cb4	01f5f1b3	and	x3,x11,x31	 x11:0x00000001 x31:0x0000000d  x3=0x00000001
       21845000	      2183	80001cb8	01f49533	sll	x10,x9,x31	  x9:0xe00027d0 x31:0x0000000d x10=0x04fa0000
       21855000	      2184	80001cbc	ad042c13	slti	x24,x8,-1328	  x8:0xfffffff0 x24=0x00000000
       21865000	      2185	80001cc0	ff7d0d13	addi	x26,x26,-9	 x26:0x00000003 x26=0xfffffffa
       21875000	      2186	80001cc4	000db733	sltu	x14,x27,x0	 x27:0x00000000  x0:0x00000000 x14=0x00000000
       21885000	      2187	80001cc8	ffdd56e3	bge	x26,x29,80001cb4	 x26:0xfffffffa x29:0xfffffffe
       21895000	      2188	80001ccc	013dd6b3	srl	x13,x27,x19	 x27:0x00000000 x19:0x00000000 x13=0x00000000
       21905000	      2189	80001cd0	00200a93	addi	x21,x0,2	  x0:0x00000000 x21=0x00000002
       21915000	      2190	80001cd4	e4c9c693	xori	x13,x19,-436	 x19:0x00000000 x13=0xfffffe4c
       21925000	      2191	80001cd8	004b14b3	sll	x9,x22,x4	 x22:0x00000006  x4:0x80009fc4  x9=0x00000060
       21935000	      2192	80001cdc	fed00293	addi	x5,x0,-19	  x0:0x00000000  x5=0xffffffed
       21945000	      2193	80001ce0	01f320b3	slt	x1,x6,x31	  x6:0x00000001 x31:0x0000000d  x1=0x00000001
       21955000	      2194	80001ce4	ff9a8a93	addi	x21,x21,-7	 x21:0x00000002 x21=0xfffffffb
       21965000	      2195	80001ce8	461f2c93	slti	x25,x30,1121	 x30:0x00000001 x25=0x00000001
       21975000	      2196	80001cec	6807c397	auipc	x7,0x6807c	  x7=0xe807dce8
       21985000	      2197	80001cf0	008384b3	add	x9,x7,x8	  x7:0xe807dce8  x8:0xfffffff0  x9=0xe807dcd8
       21995000	      2198	80001cf4	07a5e393	ori	x7,x11,122	 x11:0x00000001  x7=0x0000007b
       22005000	      2199	80001cf8	412a5593	srai	x11,x20,0x12	 x20:0xfe828000 x11=0xffffffa0
       22015000	      2200	80001cfc	fe5a92e3	bne	x21,x5,80001ce0	 x21:0xfffffffb  x5:0xffffffed
       22025000	      2201	00000000	00000013	addi	x0,x0,0	  x0:0x00000000
       22035000	      2202	80001cdc	00000013	addi	x0,x0,0	  x0:0x00000000
       22045000	      2203	80001ce0	01f320b3	slt	x1,x6,x31	  x6:0x00000001 x31:0x0000000d  x1=0x00000001
       22055000	      2204	80001ce4	ff9a8a93	addi	x21,x21,-7	 x21:0xfffffffb x21=0xfffffff4
       22065000	      2205	80001ce8	461f2c93	slti	x25,x30,1121	 x30:0x00000001 x25=0x00000001
       22075000	      2206	80001cec	6807c397	auipc	x7,0x6807c	  x7=0xe807dce8
       22085000	      2207	80001cf0	008384b3	add	x9,x7,x8	  x7:0xe807dce8  x8:0xfffffff0  x9=0xe807dcd8
       22095000	      2208	80001cf4	07a5e393	ori	x7,x11,122	 x11:0xffffffa0  x7=0xfffffffa
       22105000	      2209	80001cf8	412a5593	srai	x11,x20,0x12	 x20:0xfe828000 x11=0xffffffa0
       22115000	      2210	80001cfc	fe5a92e3	bne	x21,x5,80001ce0	 x21:0xfffffff4  x5:0xffffffed
       22125000	      2211	00000000	00000013	addi	x0,x0,0	  x0:0x00000000
       22135000	      2212	80001cdc	00000013	addi	x0,x0,0	  x0:0x00000000
       22145000	      2213	80001ce0	01f320b3	slt	x1,x6,x31	  x6:0x00000001 x31:0x0000000d  x1=0x00000001
       22155000	      2214	80001ce4	ff9a8a93	addi	x21,x21,-7	 x21:0xfffffff4 x21=0xffffffed
       22165000	      2215	80001ce8	461f2c93	slti	x25,x30,1121	 x30:0x00000001 x25=0x00000001
       22175000	      2216	80001cec	6807c397	auipc	x7,0x6807c	  x7=0xe807dce8
       22185000	      2217	80001cf0	008384b3	add	x9,x7,x8	  x7:0xe807dce8  x8:0xfffffff0  x9=0xe807dcd8
       22195000	      2218	80001cf4	07a5e393	ori	x7,x11,122	 x11:0xffffffa0  x7=0xfffffffa
       22205000	      2219	80001cf8	412a5593	srai	x11,x20,0x12	 x20:0xfe828000 x11=0xffffffa0
       22215000	      2220	80001cfc	fe5a92e3	bne	x21,x5,80001ce0	 x21:0xffffffed  x5:0xffffffed
       22225000	      2221	80001d00	016930b3	sltu	x1,x18,x22	 x18:0xfe0000b8 x22:0x00000006  x1=0x00000000
       22235000	      2222	80001d04	00700f93	addi	x31,x0,7	  x0:0x00000000 x31=0x00000007
       22245000	      2223	80001d08	000aea33	or	x20,x21,x0	 x21:0xffffffed  x0:0x00000000 x20=0xffffffed
       22255000	      2224	80001d0c	00000993	addi	x19,x0,0	  x0:0x00000000 x19=0x00000000
       22265000	      2225	80001d10	40ebd413	srai	x8,x23,0xe	 x23:0x80009f40  x8=0xfffe0002
       22275000	      2226	80001d14	00bdfc33	and	x24,x27,x11	 x27:0x00000000 x11:0xffffffa0 x24=0x00000000
       22285000	      2227	80001d18	013fa933	slt	x18,x31,x19	 x31:0x00000007 x19:0x00000000 x18=0x00000000
       22295000	      2228	80001d1c	ff9f8f93	addi	x31,x31,-7	 x31:0x00000007 x31=0x00000000
       22305000	      2229	80001d20	01f5adb3	slt	x27,x11,x31	 x11:0xffffffa0 x31:0x00000000 x27=0x00000001
       22315000	      2230	80001d24	00600493	addi	x9,x0,6	  x0:0x00000000  x9=0x00000006
       22325000	      2231	80001d28	fef00113	addi	x2,x0,-17	  x0:0x00000000  x2=0xffffffef
       22335000	      2232	80001d2c	014ab1b3	sltu	x3,x21,x20	 x21:0xffffffed x20:0xffffffed  x3=0x00000000
       22345000	      2233	80001d30	414c0633	sub	x12,x24,x20	 x24:0x00000000 x20:0xffffffed x12=0x00000013
       22355000	      2234	80001d34	812fea93	ori	x21,x31,-2030	 x31:0x00000000 x21=0xfffff812
       22365000	      2235	80001d38	00b6f2b3	and	x5,x13,x11	 x13:0xfffffe4c x11:0xffffffa0  x5=0xfffffe00
       22375000	      2236	80001d3c	ff848493	addi	x9,x9,-8	  x9:0x00000006  x9=0xfffffffe
       22385000	      2237	80001d40	fe24dae3	bge	x9,x2,80001d34	  x9:0xfffffffe  x2:0xffffffef
       22395000	      2238	00000000	00000013	addi	x0,x0,0	  x0:0x00000000
       22405000	      2239	80001d30	00000013	addi	x0,x0,0	  x0:0x00000000
       22415000	      2240	80001d34	812fea93	ori	x21,x31,-2030	 x31:0x00000000 x21=0xfffff812
       22425000	      2241	80001d38	00b6f2b3	and	x5,x13,x11	 x13:0xfffffe4c x11:0xffffffa0  x5=0xfffffe00
       22435000	      2242	80001d3c	ff848493	addi	x9,x9,-8	  x9:0xfffffffe  x9=0xfffffff6
       22445000	      2243	80001d40	fe24dae3	bge	x9,x2,80001d34	  x9:0xfffffff6  x2:0xffffffef
       22455000	      2244	00000000	00000013	addi	x0,x0,0	  x0:0x00000000
       22465000	      2245	80001d30	00000013	addi	x0,x0,0	  x0:0x00000000
       22475000	      2246	80001d34	812fea93	ori	x21,x31,-2030	 x31:0x00000000 x21=0xfffff812
       22485000	      2247	80001d38	00b6f2b3	and	x5,x13,x11	 x13:0xfffffe4c x11:0xffffffa0  x5=0xfffffe00
       22495000	      2248	80001d3c	ff848493	addi	x9,x9,-8	  x9:0xfffffff6  x9=0xffffffee
       22505000	      2249	80001d40	fe24dae3	bge	x9,x2,80001d34	  x9:0xffffffee  x2:0xffffffef
       22515000	      2250	80001d44	54abf337	lui	x6,0x54abf	  x6=0x54abf000
       22525000	      2251	80001d48	fd3f86e3	beq	x31,x19,80001d14	 x31:0x00000000 x19:0x00000000
       22535000	      2252	00000000	00000013	addi	x0,x0,0	  x0:0x00000000
       22545000	      2253	80001d10	00000013	addi	x0,x0,0	  x0:0x00000000
       22555000	      2254	80001d14	00bdfc33	and	x24,x27,x11	 x27:0x00000001 x11:0xffffffa0 x24=0x00000000
       22565000	      2255	80001d18	013fa933	slt	x18,x31,x19	 x31:0x00000000 x19:0x00000000 x18=0x00000000
       22575000	      2256	80001d1c	ff9f8f93	addi	x31,x31,-7	 x31:0x00000000 x31=0xfffffff9
       22585000	      2257	80001d20	01f5adb3	slt	x27,x11,x31	 x11:0xffffffa0 x31:0xfffffff9 x27=0x00000001
       22595000	      2258	80001d24	00600493	addi	x9,x0,6	  x0:0x00000000  x9=0x00000006
       22605000	      2259	80001d28	fef00113	addi	x2,x0,-17	  x0:0x00000000  x2=0xffffffef
       22615000	      2260	80001d2c	014ab1b3	sltu	x3,x21,x20	 x21:0xfffff812 x20:0xffffffed  x3=0x00000001
       22625000	      2261	80001d30	414c0633	sub	x12,x24,x20	 x24:0x00000000 x20:0xffffffed x12=0x00000013
       22635000	      2262	80001d34	812fea93	ori	x21,x31,-2030	 x31:0xfffffff9 x21=0xfffffffb
       22645000	      2263	80001d38	00b6f2b3	and	x5,x13,x11	 x13:0xfffffe4c x11:0xffffffa0  x5=0xfffffe00
       22655000	      2264	80001d3c	ff848493	addi	x9,x9,-8	  x9:0x00000006  x9=0xfffffffe
       22665000	      2265	80001d40	fe24dae3	bge	x9,x2,80001d34	  x9:0xfffffffe  x2:0xffffffef
       22675000	      2266	00000000	00000013	addi	x0,x0,0	  x0:0x00000000
       22685000	      2267	80001d30	00000013	addi	x0,x0,0	  x0:0x00000000
       22695000	      2268	80001d34	812fea93	ori	x21,x31,-2030	 x31:0xfffffff9 x21=0xfffffffb
       22705000	      2269	80001d38	00b6f2b3	and	x5,x13,x11	 x13:0xfffffe4c x11:0xffffffa0  x5=0xfffffe00
       22715000	      2270	80001d3c	ff848493	addi	x9,x9,-8	  x9:0xfffffffe  x9=0xfffffff6
       22725000	      2271	80001d40	fe24dae3	bge	x9,x2,80001d34	  x9:0xfffffff6  x2:0xffffffef
       22735000	      2272	00000000	00000013	addi	x0,x0,0	  x0:0x00000000
       22745000	      2273	80001d30	00000013	addi	x0,x0,0	  x0:0x00000000
       22755000	      2274	80001d34	812fea93	ori	x21,x31,-2030	 x31:0xfffffff9 x21=0xfffffffb
       22765000	      2275	80001d38	00b6f2b3	and	x5,x13,x11	 x13:0xfffffe4c x11:0xffffffa0  x5=0xfffffe00
       22775000	      2276	80001d3c	ff848493	addi	x9,x9,-8	  x9:0xfffffff6  x9=0xffffffee
       22785000	      2277	80001d40	fe24dae3	bge	x9,x2,80001d34	  x9:0xffffffee  x2:0xffffffef
       22795000	      2278	80001d44	54abf337	lui	x6,0x54abf	  x6=0x54abf000
       22805000	      2279	80001d48	fd3f86e3	beq	x31,x19,80001d14	 x31:0xfffffff9 x19:0x00000000
       22815000	      2280	80001d4c	95648b17	auipc	x22,0x95648	 x22=0x15649d48
       22825000	      2281	80001d50	ff700d13	addi	x26,x0,-9	  x0:0x00000000 x26=0xfffffff7
       22835000	      2282	80001d54	41fa5133	sra	x2,x20,x31	 x20:0xffffffed x31:0xfffffff9  x2=0xffffffff
       22845000	      2283	80001d58	0afa6797	auipc	x15,0xafa6	 x15=0x8afa7d54
       22855000	      2284	80001d5c	ff200513	addi	x10,x0,-14	  x0:0x00000000 x10=0xfffffff2
       22865000	      2285	80001d60	f1faaf93	slti	x31,x21,-225	 x21:0xfffffffb x31=0x00000000
       22875000	      2286	80001d64	01611f93	slli	x31,x2,0x16	  x2:0xffffffff x31=0xffc00000
       22885000	      2287	80001d68	005100b3	add	x1,x2,x5	  x2:0xffffffff  x5:0xfffffe00  x1=0xfffffdff
       22895000	      2288	80001d6c	5572af93	slti	x31,x5,1367	  x5:0xfffffe00 x31=0x00000001
       22905000	      2289	80001d70	00656eb3	or	x29,x10,x6	 x10:0xfffffff2  x6:0x54abf000 x29=0xfffffff2
       22915000	      2290	80001d74	01275493	srli	x9,x14,0x12	 x14:0x00000000  x9=0x00000000
       22925000	      2291	80001d78	ffbd0d13	addi	x26,x26,-5	 x26:0xfffffff7 x26=0xfffffff2
       22935000	      2292	80001d7c	016c9e13	slli	x28,x25,0x16	 x25:0x00000001 x28=0x00400000
       22945000	      2293	80001d80	40108a33	sub	x20,x1,x1	  x1:0xfffffdff  x1:0xfffffdff x20=0x00000000
       22955000	      2294	80001d84	01834f33	xor	x30,x6,x24	  x6:0x54abf000 x24:0x00000000 x30=0x54abf000
       22965000	      2295	80001d88	40ee5733	sra	x14,x28,x14	 x28:0x00400000 x14:0x00000000 x14=0x00400000
       22975000	      2296	80001d8c	75b8bc13	sltiu	x24,x17,1883	 x17:0x8000a37b x24=0x00000000
       22985000	      2297	80001d90	0198c6b3	xor	x13,x17,x25	 x17:0x8000a37b x25:0x00000001 x13=0x8000a37a
       22995000	      2298	80001d94	fcad0ce3	beq	x26,x10,80001d6c	 x26:0xfffffff2 x10:0xfffffff2
       23005000	      2299	00000000	00000013	addi	x0,x0,0	  x0:0x00000000
       23015000	      2300	80001d68	00000013	addi	x0,x0,0	  x0:0x00000000
       23025000	      2301	80001d6c	5572af93	slti	x31,x5,1367	  x5:0xfffffe00 x31=0x00000001
       23035000	      2302	80001d70	00656eb3	or	x29,x10,x6	 x10:0xfffffff2  x6:0x54abf000 x29=0xfffffff2
       23045000	      2303	80001d74	01275493	srli	x9,x14,0x12	 x14:0x00400000  x9=0x00000010
       23055000	      2304	80001d78	ffbd0d13	addi	x26,x26,-5	 x26:0xfffffff2 x26=0xffffffed
       23065000	      2305	80001d7c	016c9e13	slli	x28,x25,0x16	 x25:0x00000001 x28=0x00400000
       23075000	      2306	80001d80	40108a33	sub	x20,x1,x1	  x1:0xfffffdff  x1:0xfffffdff x20=0x00000000
       23085000	      2307	80001d84	01834f33	xor	x30,x6,x24	  x6:0x54abf000 x24:0x00000000 x30=0x54abf000
       23095000	      2308	80001d88	40ee5733	sra	x14,x28,x14	 x28:0x00400000 x14:0x00400000 x14=0x00400000
       23105000	      2309	80001d8c	75b8bc13	sltiu	x24,x17,1883	 x17:0x8000a37b x24=0x00000000
       23115000	      2310	80001d90	0198c6b3	xor	x13,x17,x25	 x17:0x8000a37b x25:0x00000001 x13=0x8000a37a
       23125000	      2311	80001d94	fcad0ce3	beq	x26,x10,80001d6c	 x26:0xffffffed x10:0xfffffff2
       23135000	      2312	80001d98	00fd3933	sltu	x18,x26,x15	 x26:0xffffffed x15:0x8afa7d54 x18=0x00000000
       23145000	      2313	80001d9c	ff900693	addi	x13,x0,-7	  x0:0x00000000 x13=0xfffffff9
       23155000	      2314	80001da0	013ad433	srl	x8,x21,x19	 x21:0xfffffffb x19:0x00000000  x8=0xfffffffb
       23165000	      2315	80001da4	d4d28e93	addi	x29,x5,-691	  x5:0xfffffe00 x29=0xfffffb4d
       23175000	      2316	80001da8	4db8c613	xori	x12,x17,1243	 x17:0x8000a37b x12=0x8000a7a0
       23185000	      2317	80001dac	00e00193	addi	x3,x0,14	  x0:0x00000000  x3=0x0000000e
       23195000	      2318	80001db0	00070f33	add	x30,x14,x0	 x14:0x00400000  x0:0x00000000 x30=0x00400000
       23205000	      2319	80001db4	008b0c33	add	x24,x22,x8	 x22:0x15649d48  x8:0xfffffffb x24=0x15649d43
       23215000	      2320	80001db8	22004093	xori	x1,x0,544	  x0:0x00000000  x1=0x00000220
       23225000	      2321	80001dbc	01523033	sltu	x0,x4,x21	  x4:0x80009fc4 x21:0xfffffffb
       23235000	      2322	80001dc0	001384b3	add	x9,x7,x1	  x7:0xfffffffa  x1:0x00000220  x9=0x0000021a
       23245000	      2323	80001dc4	00000013	addi	x0,x0,0	  x0:0x00000000
       23255000	      2324	80001dc8	00768693	addi	x13,x13,7	 x13:0xfffffff9 x13=0x00000000
       23265000	      2325	80001dcc	8b563313	sltiu	x6,x12,-1867	 x12:0x8000a7a0  x6=0x00000001
       23275000	      2326	80001dd0	3facbb13	sltiu	x22,x25,1018	 x25:0x00000001 x22=0x00000001
       23285000	      2327	80001dd4	ff800a93	addi	x21,x0,-8	  x0:0x00000000 x21=0xfffffff8
       23295000	      2328	80001dd8	400ddc13	srai	x24,x27,0x0	 x27:0x00000001 x24=0x00000001
       23305000	      2329	80001ddc	015d8d33	add	x26,x27,x21	 x27:0x00000001 x21:0xfffffff8 x26=0xfffffff9
       23315000	      2330	80001de0	74f2c3b7	lui	x7,0x74f2c	  x7=0x74f2c000
       23325000	      2331	80001de4	01400f93	addi	x31,x0,20	  x0:0x00000000 x31=0x00000014
       23335000	      2332	80001de8	00000013	addi	x0,x0,0	  x0:0x00000000
       23345000	      2333	80001dec	066fe513	ori	x10,x31,102	 x31:0x00000014 x10=0x00000076
       23355000	      2334	80001df0	007a8a93	addi	x21,x21,7	 x21:0xfffffff8 x21=0xffffffff
       23365000	      2335	80001df4	c4f47393	andi	x7,x8,-945	  x8:0xfffffffb  x7=0xfffffc4b
       23375000	      2336	80001df8	01502cb3	slt	x25,x0,x21	  x0:0x00000000 x21:0xffffffff x25=0x00000000
       23385000	      2337	80001dfc	66c5b993	sltiu	x19,x11,1644	 x11:0xffffffa0 x19=0x00000000
       23395000	      2338	80001e00	013275b3	and	x11,x4,x19	  x4:0x80009fc4 x19:0x00000000 x11=0x00000000
       23405000	      2339	80001e04	bc2b8513	addi	x10,x23,-1086	 x23:0x80009f40 x10=0x80009b02
       23415000	      2340	80001e08	e0f38c93	addi	x25,x7,-497	  x7:0xfffffc4b x25=0xfffffa5a
       23425000	      2341	80001e0c	9d1bcc93	xori	x25,x23,-1583	 x23:0x80009f40 x25=0x7fff6691
       23435000	      2342	80001e10	fdfa9ee3	bne	x21,x31,80001dec	 x21:0xffffffff x31:0x00000014
       23445000	      2343	00000000	00000013	addi	x0,x0,0	  x0:0x00000000
       23455000	      2344	80001de8	00000013	addi	x0,x0,0	  x0:0x00000000
       23465000	      2345	80001dec	066fe513	ori	x10,x31,102	 x31:0x00000014 x10=0x00000076
       23475000	      2346	80001df0	007a8a93	addi	x21,x21,7	 x21:0xffffffff x21=0x00000006
       23485000	      2347	80001df4	c4f47393	andi	x7,x8,-945	  x8:0xfffffffb  x7=0xfffffc4b
       23495000	      2348	80001df8	01502cb3	slt	x25,x0,x21	  x0:0x00000000 x21:0x00000006 x25=0x00000001
       23505000	      2349	80001dfc	66c5b993	sltiu	x19,x11,1644	 x11:0x00000000 x19=0x00000001
       23515000	      2350	80001e00	013275b3	and	x11,x4,x19	  x4:0x80009fc4 x19:0x00000001 x11=0x00000000
       23525000	      2351	80001e04	bc2b8513	addi	x10,x23,-1086	 x23:0x80009f40 x10=0x80009b02
       23535000	      2352	80001e08	e0f38c93	addi	x25,x7,-497	  x7:0xfffffc4b x25=0xfffffa5a
       23545000	      2353	80001e0c	9d1bcc93	xori	x25,x23,-1583	 x23:0x80009f40 x25=0x7fff6691
       23555000	      2354	80001e10	fdfa9ee3	bne	x21,x31,80001dec	 x21:0x00000006 x31:0x00000014
       23565000	      2355	00000000	00000013	addi	x0,x0,0	  x0:0x00000000
       23575000	      2356	80001de8	00000013	addi	x0,x0,0	  x0:0x00000000
       23585000	      2357	80001dec	066fe513	ori	x10,x31,102	 x31:0x00000014 x10=0x00000076
       23595000	      2358	80001df0	007a8a93	addi	x21,x21,7	 x21:0x00000006 x21=0x0000000d
       23605000	      2359	80001df4	c4f47393	andi	x7,x8,-945	  x8:0xfffffffb  x7=0xfffffc4b
       23615000	      2360	80001df8	01502cb3	slt	x25,x0,x21	  x0:0x00000000 x21:0x0000000d x25=0x00000001
       23625000	      2361	80001dfc	66c5b993	sltiu	x19,x11,1644	 x11:0x00000000 x19=0x00000001
       23635000	      2362	80001e00	013275b3	and	x11,x4,x19	  x4:0x80009fc4 x19:0x00000001 x11=0x00000000
       23645000	      2363	80001e04	bc2b8513	addi	x10,x23,-1086	 x23:0x80009f40 x10=0x80009b02
       23655000	      2364	80001e08	e0f38c93	addi	x25,x7,-497	  x7:0xfffffc4b x25=0xfffffa5a
       23665000	      2365	80001e0c	9d1bcc93	xori	x25,x23,-1583	 x23:0x80009f40 x25=0x7fff6691
       23675000	      2366	80001e10	fdfa9ee3	bne	x21,x31,80001dec	 x21:0x0000000d x31:0x00000014
       23685000	      2367	00000000	00000013	addi	x0,x0,0	  x0:0x00000000
       23695000	      2368	80001de8	00000013	addi	x0,x0,0	  x0:0x00000000
       23705000	      2369	80001dec	066fe513	ori	x10,x31,102	 x31:0x00000014 x10=0x00000076
       23715000	      2370	80001df0	007a8a93	addi	x21,x21,7	 x21:0x0000000d x21=0x00000014
       23725000	      2371	80001df4	c4f47393	andi	x7,x8,-945	  x8:0xfffffffb  x7=0xfffffc4b
       23735000	      2372	80001df8	01502cb3	slt	x25,x0,x21	  x0:0x00000000 x21:0x00000014 x25=0x00000001
       23745000	      2373	80001dfc	66c5b993	sltiu	x19,x11,1644	 x11:0x00000000 x19=0x00000001
       23755000	      2374	80001e00	013275b3	and	x11,x4,x19	  x4:0x80009fc4 x19:0x00000001 x11=0x00000000
       23765000	      2375	80001e04	bc2b8513	addi	x10,x23,-1086	 x23:0x80009f40 x10=0x80009b02
       23775000	      2376	80001e08	e0f38c93	addi	x25,x7,-497	  x7:0xfffffc4b x25=0xfffffa5a
       23785000	      2377	80001e0c	9d1bcc93	xori	x25,x23,-1583	 x23:0x80009f40 x25=0x7fff6691
       23795000	      2378	80001e10	fdfa9ee3	bne	x21,x31,80001dec	 x21:0x00000014 x31:0x00000014
       23805000	      2379	80001e14	415100b3	sub	x1,x2,x21	  x2:0xffffffff x21:0x00000014  x1=0xffffffeb
       23815000	      2380	80001e18	408503b3	sub	x7,x10,x8	 x10:0x80009b02  x8:0xfffffffb  x7=0x80009b07
       23825000	      2381	80001e1c	f8368ce3	beq	x13,x3,80001db4	 x13:0x00000000  x3:0x0000000e
       23835000	      2382	80001e20	405e0b33	sub	x22,x28,x5	 x28:0x00400000  x5:0xfffffe00 x22=0x00400200
       23845000	      2383	80001e24	ff900e93	addi	x29,x0,-7	  x0:0x00000000 x29=0xfffffff9
       23855000	      2384	80001e28	ff100513	addi	x10,x0,-15	  x0:0x00000000 x10=0xfffffff1
       23865000	      2385	80001e2c	0194fc33	and	x24,x9,x25	  x9:0x0000021a x25:0x7fff6691 x24=0x00000210
       23875000	      2386	80001e30	ff8e8e93	addi	x29,x29,-8	 x29:0xfffffff9 x29=0xfffffff1
       23885000	      2387	80001e34	e4190b13	addi	x22,x18,-447	 x18:0x00000000 x22=0xfffffe41
       23895000	      2388	80001e38	ffb00093	addi	x1,x0,-5	  x0:0x00000000  x1=0xfffffffb
       23905000	      2389	80001e3c	01100d13	addi	x26,x0,17	  x0:0x00000000 x26=0x00000011
       23915000	      2390	80001e40	3ed75f37	lui	x30,0x3ed75	 x30=0x3ed75000
       23925000	      2391	80001e44	29a44337	lui	x6,0x29a44	  x6=0x29a44000
       23935000	      2392	80001e48	00208093	addi	x1,x1,2	  x1:0xfffffffb  x1=0xfffffffd
       23945000	      2393	80001e4c	f479f013	andi	x0,x19,-185	 x19:0x00000001
       23955000	      2394	80001e50	2c89be17	auipc	x28,0x2c89b	 x28=0xac89ce4c
       23965000	      2395	80001e54	ffa088e3	beq	x1,x26,80001e44	  x1:0xfffffffd x26:0x00000011
       23975000	      2396	80001e58	00498733	add	x14,x19,x4	 x19:0x00000001  x4:0x80009fc4 x14=0x80009fc5
       23985000	      2397	80001e5c	fcae88e3	beq	x29,x10,80001e2c	 x29:0xfffffff1 x10:0xfffffff1
       23995000	      2398	00000000	00000013	addi	x0,x0,0	  x0:0x00000000
       24005000	      2399	80001e28	00000013	addi	x0,x0,0	  x0:0x00000000
       24015000	      2400	80001e2c	0194fc33	and	x24,x9,x25	  x9:0x0000021a x25:0x7fff6691 x24=0x00000210
       24025000	      2401	80001e30	ff8e8e93	addi	x29,x29,-8	 x29:0xfffffff1 x29=0xffffffe9
       24035000	      2402	80001e34	e4190b13	addi	x22,x18,-447	 x18:0x00000000 x22=0xfffffe41
       24045000	      2403	80001e38	ffb00093	addi	x1,x0,-5	  x0:0x00000000  x1=0xfffffffb
       24055000	      2404	80001e3c	01100d13	addi	x26,x0,17	  x0:0x00000000 x26=0x00000011
       24065000	      2405	80001e40	3ed75f37	lui	x30,0x3ed75	 x30=0x3ed75000
       24075000	      2406	80001e44	29a44337	lui	x6,0x29a44	  x6=0x29a44000
       24085000	      2407	80001e48	00208093	addi	x1,x1,2	  x1:0xfffffffb  x1=0xfffffffd
       24095000	      2408	80001e4c	f479f013	andi	x0,x19,-185	 x19:0x00000001
       24105000	      2409	80001e50	2c89be17	auipc	x28,0x2c89b	 x28=0xac89ce4c
       24115000	      2410	80001e54	ffa088e3	beq	x1,x26,80001e44	  x1:0xfffffffd x26:0x00000011
       24125000	      2411	80001e58	00498733	add	x14,x19,x4	 x19:0x00000001  x4:0x80009fc4 x14=0x80009fc5
       24135000	      2412	80001e5c	fcae88e3	beq	x29,x10,80001e2c	 x29:0xffffffe9 x10:0xfffffff1
       24145000	      2413	80001e60	004f7ab3	and	x21,x30,x4	 x30:0x3ed75000  x4:0x80009fc4 x21=0x00001000
       24155000	      2414	80001e64	00600713	addi	x14,x0,6	  x0:0x00000000 x14=0x00000006
       24165000	      2415	80001e68	17c7fe93	andi	x29,x15,380	 x15:0x8afa7d54 x29=0x00000154
       24175000	      2416	80001e6c	4eb30293	addi	x5,x6,1259	  x6:0x29a44000  x5=0x29a444eb
       24185000	      2417	80001e70	fed00a93	addi	x21,x0,-19	  x0:0x00000000 x21=0xffffffed
       24195000	      2418	80001e74	00451f33	sll	x30,x10,x4	 x10:0xfffffff1  x4:0x80009fc4 x30=0xffffff10
       24205000	      2419	80001e78	801fdeb7	lui	x29,0x801fd	 x29=0x801fd000
       24215000	      2420	80001e7c	015bd6b3	srl	x13,x23,x21	 x23:0x80009f40 x21:0xffffffed x13=0x00040004
       24225000	      2421	80001e80	ffb70713	addi	x14,x14,-5	 x14:0x00000006 x14=0x00000001
       24235000	      2422	80001e84	016acf33	xor	x30,x21,x22	 x21:0xffffffed x22:0xfffffe41 x30=0x000001ac
       24245000	      2423	80001e88	cbf50e93	addi	x29,x10,-833	 x10:0xfffffff1 x29=0xfffffcb0
       24255000	      2424	80001e8c	093fec17	auipc	x24,0x93fe	 x24=0x893ffe88
       24265000	      2425	80001e90	1a006f13	ori	x30,x0,416	  x0:0x00000000 x30=0x000001a0
       24275000	      2426	80001e94	ff5712e3	bne	x14,x21,80001e78	 x14:0x00000001 x21:0xffffffed
       24285000	      2427	00000000	00000013	addi	x0,x0,0	  x0:0x00000000
       24295000	      2428	80001e74	00000013	addi	x0,x0,0	  x0:0x00000000
       24305000	      2429	80001e78	801fdeb7	lui	x29,0x801fd	 x29=0x801fd000
       24315000	      2430	80001e7c	015bd6b3	srl	x13,x23,x21	 x23:0x80009f40 x21:0xffffffed x13=0x00040004
       24325000	      2431	80001e80	ffb70713	addi	x14,x14,-5	 x14:0x00000001 x14=0xfffffffc
       24335000	      2432	80001e84	016acf33	xor	x30,x21,x22	 x21:0xffffffed x22:0xfffffe41 x30=0x000001ac
       24345000	      2433	80001e88	cbf50e93	addi	x29,x10,-833	 x10:0xfffffff1 x29=0xfffffcb0
       24355000	      2434	80001e8c	093fec17	auipc	x24,0x93fe	 x24=0x893ffe88
       24365000	      2435	80001e90	1a006f13	ori	x30,x0,416	  x0:0x00000000 x30=0x000001a0
       24375000	      2436	80001e94	ff5712e3	bne	x14,x21,80001e78	 x14:0xfffffffc x21:0xffffffed
       24385000	      2437	00000000	00000013	addi	x0,x0,0	  x0:0x00000000
       24395000	      2438	80001e74	00000013	addi	x0,x0,0	  x0:0x00000000
       24405000	      2439	80001e78	801fdeb7	lui	x29,0x801fd	 x29=0x801fd000
       24415000	      2440	80001e7c	015bd6b3	srl	x13,x23,x21	 x23:0x80009f40 x21:0xffffffed x13=0x00040004
       24425000	      2441	80001e80	ffb70713	addi	x14,x14,-5	 x14:0xfffffffc x14=0xfffffff7
       24435000	      2442	80001e84	016acf33	xor	x30,x21,x22	 x21:0xffffffed x22:0xfffffe41 x30=0x000001ac
       24445000	      2443	80001e88	cbf50e93	addi	x29,x10,-833	 x10:0xfffffff1 x29=0xfffffcb0
       24455000	      2444	80001e8c	093fec17	auipc	x24,0x93fe	 x24=0x893ffe88
       24465000	      2445	80001e90	1a006f13	ori	x30,x0,416	  x0:0x00000000 x30=0x000001a0
       24475000	      2446	80001e94	ff5712e3	bne	x14,x21,80001e78	 x14:0xfffffff7 x21:0xffffffed
       24485000	      2447	00000000	00000013	addi	x0,x0,0	  x0:0x00000000
       24495000	      2448	80001e74	00000013	addi	x0,x0,0	  x0:0x00000000
       24505000	      2449	80001e78	801fdeb7	lui	x29,0x801fd	 x29=0x801fd000
       24515000	      2450	80001e7c	015bd6b3	srl	x13,x23,x21	 x23:0x80009f40 x21:0xffffffed x13=0x00040004
       24525000	      2451	80001e80	ffb70713	addi	x14,x14,-5	 x14:0xfffffff7 x14=0xfffffff2
       24535000	      2452	80001e84	016acf33	xor	x30,x21,x22	 x21:0xffffffed x22:0xfffffe41 x30=0x000001ac
       24545000	      2453	80001e88	cbf50e93	addi	x29,x10,-833	 x10:0xfffffff1 x29=0xfffffcb0
       24555000	      2454	80001e8c	093fec17	auipc	x24,0x93fe	 x24=0x893ffe88
       24565000	      2455	80001e90	1a006f13	ori	x30,x0,416	  x0:0x00000000 x30=0x000001a0
       24575000	      2456	80001e94	ff5712e3	bne	x14,x21,80001e78	 x14:0xfffffff2 x21:0xffffffed
       24585000	      2457	00000000	00000013	addi	x0,x0,0	  x0:0x00000000
       24595000	      2458	80001e74	00000013	addi	x0,x0,0	  x0:0x00000000
       24605000	      2459	80001e78	801fdeb7	lui	x29,0x801fd	 x29=0x801fd000
       24615000	      2460	80001e7c	015bd6b3	srl	x13,x23,x21	 x23:0x80009f40 x21:0xffffffed x13=0x00040004
       24625000	      2461	80001e80	ffb70713	addi	x14,x14,-5	 x14:0xfffffff2 x14=0xffffffed
       24635000	      2462	80001e84	016acf33	xor	x30,x21,x22	 x21:0xffffffed x22:0xfffffe41 x30=0x000001ac
       24645000	      2463	80001e88	cbf50e93	addi	x29,x10,-833	 x10:0xfffffff1 x29=0xfffffcb0
       24655000	      2464	80001e8c	093fec17	auipc	x24,0x93fe	 x24=0x893ffe88
       24665000	      2465	80001e90	1a006f13	ori	x30,x0,416	  x0:0x00000000 x30=0x000001a0
       24675000	      2466	80001e94	ff5712e3	bne	x14,x21,80001e78	 x14:0xffffffed x21:0xffffffed
       24685000	      2467	80001e98	00368433	add	x8,x13,x3	 x13:0x00040004  x3:0x0000000e  x8=0x00040012
       24695000	      2468	80001e9c	ffc00c93	addi	x25,x0,-4	  x0:0x00000000 x25=0xfffffffc
       24705000	      2469	80001ea0	00000013	addi	x0,x0,0	  x0:0x00000000
       24715000	      2470	80001ea4	007fbf33	sltu	x30,x31,x7	 x31:0x00000014  x7:0x80009b07 x30=0x00000001
       24725000	      2471	80001ea8	00000013	addi	x0,x0,0	  x0:0x00000000
       24735000	      2472	80001eac	bb3f6317	auipc	x6,0xbb3f6	  x6=0x3b3f7ea8
       24745000	      2473	80001eb0	fec00593	addi	x11,x0,-20	  x0:0x00000000 x11=0xffffffec
       24755000	      2474	80001eb4	011ab6b3	sltu	x13,x21,x17	 x21:0xffffffed x17:0x8000a37b x13=0x00000000
       24765000	      2475	80001eb8	01de58b3	srl	x17,x28,x29	 x28:0xac89ce4c x29:0xfffffcb0 x17=0x0000ac89
       24775000	      2476	80001ebc	01d11f93	slli	x31,x2,0x1d	  x2:0xffffffff x31=0xe0000000
       24785000	      2477	80001ec0	0183b7b3	sltu	x15,x7,x24	  x7:0x80009b07 x24:0x893ffe88 x15=0x00000001
       24795000	      2478	80001ec4	00905433	srl	x8,x0,x9	  x0:0x00000000  x9:0x0000021a  x8=0x00000000
       24805000	      2479	80001ec8	01fc4f33	xor	x30,x24,x31	 x24:0x893ffe88 x31:0xe0000000 x30=0x693ffe88
       24815000	      2480	80001ecc	418b04b3	sub	x9,x22,x24	 x22:0xfffffe41 x24:0x893ffe88  x9=0x76bfffb9
       24825000	      2481	80001ed0	81c5fe13	andi	x28,x11,-2020	 x11:0xffffffec x28=0xfffff80c
       24835000	      2482	80001ed4	bd1e8f93	addi	x31,x29,-1071	 x29:0xfffffcb0 x31=0xfffff881
       24845000	      2483	80001ed8	2e422293	slti	x5,x4,740	  x4:0x80009fc4  x5=0x00000001
       24855000	      2484	80001edc	40f200b3	sub	x1,x4,x15	  x4:0x80009fc4 x15:0x00000001  x1=0x80009fc3
       24865000	      2485	80001ee0	40b1d133	sra	x2,x3,x11	  x3:0x0000000e x11:0xffffffec  x2=0x00000000
       24875000	      2486	80001ee4	011592b3	sll	x5,x11,x17	 x11:0xffffffec x17:0x0000ac89  x5=0xffffd800
       24885000	      2487	80001ee8	65a94a13	xori	x20,x18,1626	 x18:0x00000000 x20=0x0000065a
       24895000	      2488	80001eec	01ceb6b3	sltu	x13,x29,x28	 x29:0xfffffcb0 x28:0xfffff80c x13=0x00000000
       24905000	      2489	80001ef0	01b91c33	sll	x24,x18,x27	 x18:0x00000000 x27:0x00000001 x24=0x00000000
       24915000	      2490	80001ef4	ffbc8c93	addi	x25,x25,-5	 x25:0xfffffffc x25=0xfffffff7
       24925000	      2491	80001ef8	566ca693	slti	x13,x25,1382	 x25:0xfffffff7 x13=0x00000001
       24935000	      2492	80001efc	0055f033	and	x0,x11,x5	 x11:0xffffffec  x5:0xffffd800
       24945000	      2493	80001f00	75013e97	auipc	x29,0x75013	 x29=0xf5014efc
       24955000	      2494	80001f04	fcbcd6e3	bge	x25,x11,80001ed0	 x25:0xfffffff7 x11:0xffffffec
       24965000	      2495	00000000	00000013	addi	x0,x0,0	  x0:0x00000000
       24975000	      2496	80001ecc	00000013	addi	x0,x0,0	  x0:0x00000000
       24985000	      2497	80001ed0	81c5fe13	andi	x28,x11,-2020	 x11:0xffffffec x28=0xfffff80c
       24995000	      2498	80001ed4	bd1e8f93	addi	x31,x29,-1071	 x29:0xf5014efc x31=0xf5014acd
       25005000	      2499	80001ed8	2e422293	slti	x5,x4,740	  x4:0x80009fc4  x5=0x00000001
       25015000	      2500	80001edc	40f200b3	sub	x1,x4,x15	  x4:0x80009fc4 x15:0x00000001  x1=0x80009fc3
       25025000	      2501	80001ee0	40b1d133	sra	x2,x3,x11	  x3:0x0000000e x11:0xffffffec  x2=0x00000000
       25035000	      2502	80001ee4	011592b3	sll	x5,x11,x17	 x11:0xffffffec x17:0x0000ac89  x5=0xffffd800
       25045000	      2503	80001ee8	65a94a13	xori	x20,x18,1626	 x18:0x00000000 x20=0x0000065a
       25055000	      2504	80001eec	01ceb6b3	sltu	x13,x29,x28	 x29:0xf5014efc x28:0xfffff80c x13=0x00000001
       25065000	      2505	80001ef0	01b91c33	sll	x24,x18,x27	 x18:0x00000000 x27:0x00000001 x24=0x00000000
       25075000	      2506	80001ef4	ffbc8c93	addi	x25,x25,-5	 x25:0xfffffff7 x25=0xfffffff2
       25085000	      2507	80001ef8	566ca693	slti	x13,x25,1382	 x25:0xfffffff2 x13=0x00000001
       25095000	      2508	80001efc	0055f033	and	x0,x11,x5	 x11:0xffffffec  x5:0xffffd800
       25105000	      2509	80001f00	75013e97	auipc	x29,0x75013	 x29=0xf5014efc
       25115000	      2510	80001f04	fcbcd6e3	bge	x25,x11,80001ed0	 x25:0xfffffff2 x11:0xffffffec
       25125000	      2511	00000000	00000013	addi	x0,x0,0	  x0:0x00000000
       25135000	      2512	80001ecc	00000013	addi	x0,x0,0	  x0:0x00000000
       25145000	      2513	80001ed0	81c5fe13	andi	x28,x11,-2020	 x11:0xffffffec x28=0xfffff80c
       25155000	      2514	80001ed4	bd1e8f93	addi	x31,x29,-1071	 x29:0xf5014efc x31=0xf5014acd
       25165000	      2515	80001ed8	2e422293	slti	x5,x4,740	  x4:0x80009fc4  x5=0x00000001
       25175000	      2516	80001edc	40f200b3	sub	x1,x4,x15	  x4:0x80009fc4 x15:0x00000001  x1=0x80009fc3
       25185000	      2517	80001ee0	40b1d133	sra	x2,x3,x11	  x3:0x0000000e x11:0xffffffec  x2=0x00000000
       25195000	      2518	80001ee4	011592b3	sll	x5,x11,x17	 x11:0xffffffec x17:0x0000ac89  x5=0xffffd800
       25205000	      2519	80001ee8	65a94a13	xori	x20,x18,1626	 x18:0x00000000 x20=0x0000065a
       25215000	      2520	80001eec	01ceb6b3	sltu	x13,x29,x28	 x29:0xf5014efc x28:0xfffff80c x13=0x00000001
       25225000	      2521	80001ef0	01b91c33	sll	x24,x18,x27	 x18:0x00000000 x27:0x00000001 x24=0x00000000
       25235000	      2522	80001ef4	ffbc8c93	addi	x25,x25,-5	 x25:0xfffffff2 x25=0xffffffed
       25245000	      2523	80001ef8	566ca693	slti	x13,x25,1382	 x25:0xffffffed x13=0x00000001
       25255000	      2524	80001efc	0055f033	and	x0,x11,x5	 x11:0xffffffec  x5:0xffffd800
       25265000	      2525	80001f00	75013e97	auipc	x29,0x75013	 x29=0xf5014efc
       25275000	      2526	80001f04	fcbcd6e3	bge	x25,x11,80001ed0	 x25:0xffffffed x11:0xffffffec
       25285000	      2527	00000000	00000013	addi	x0,x0,0	  x0:0x00000000
       25295000	      2528	80001ecc	00000013	addi	x0,x0,0	  x0:0x00000000
       25305000	      2529	80001ed0	81c5fe13	andi	x28,x11,-2020	 x11:0xffffffec x28=0xfffff80c
       25315000	      2530	80001ed4	bd1e8f93	addi	x31,x29,-1071	 x29:0xf5014efc x31=0xf5014acd
       25325000	      2531	80001ed8	2e422293	slti	x5,x4,740	  x4:0x80009fc4  x5=0x00000001
       25335000	      2532	80001edc	40f200b3	sub	x1,x4,x15	  x4:0x80009fc4 x15:0x00000001  x1=0x80009fc3
       25345000	      2533	80001ee0	40b1d133	sra	x2,x3,x11	  x3:0x0000000e x11:0xffffffec  x2=0x00000000
       25355000	      2534	80001ee4	011592b3	sll	x5,x11,x17	 x11:0xffffffec x17:0x0000ac89  x5=0xffffd800
       25365000	      2535	80001ee8	65a94a13	xori	x20,x18,1626	 x18:0x00000000 x20=0x0000065a
       25375000	      2536	80001eec	01ceb6b3	sltu	x13,x29,x28	 x29:0xf5014efc x28:0xfffff80c x13=0x00000001
       25385000	      2537	80001ef0	01b91c33	sll	x24,x18,x27	 x18:0x00000000 x27:0x00000001 x24=0x00000000
       25395000	      2538	80001ef4	ffbc8c93	addi	x25,x25,-5	 x25:0xffffffed x25=0xffffffe8
       25405000	      2539	80001ef8	566ca693	slti	x13,x25,1382	 x25:0xffffffe8 x13=0x00000001
       25415000	      2540	80001efc	0055f033	and	x0,x11,x5	 x11:0xffffffec  x5:0xffffd800
       25425000	      2541	80001f00	75013e97	auipc	x29,0x75013	 x29=0xf5014efc
       25435000	      2542	80001f04	fcbcd6e3	bge	x25,x11,80001ed0	 x25:0xffffffe8 x11:0xffffffec
       25445000	      2543	80001f08	01c87e33	and	x28,x16,x28	 x16:0x00000000 x28:0xfffff80c x28=0x00000000
       25455000	      2544	80001f0c	41165633	sra	x12,x12,x17	 x12:0x8000a7a0 x17:0x0000ac89 x12=0xffc00053
       25465000	      2545	80001f10	02378c63	beq	x15,x3,80001f48	 x15:0x00000001  x3:0x0000000e
       25475000	      2546	80001f14	00298ab3	add	x21,x19,x2	 x19:0x00000001  x2:0x00000000 x21=0x00000001
       25485000	      2547	80001f18	40d80533	sub	x10,x16,x13	 x16:0x00000000 x13:0x00000001 x10=0xffffffff
       25495000	      2548	80001f1c	01f39793	slli	x15,x7,0x1f	  x7:0x80009b07 x15=0x80000000
       25505000	      2549	80001f20	0397d863	bge	x15,x25,80001f50	 x15:0x80000000 x25:0xffffffe8
       25515000	      2550	80001f24	058c1263	bne	x24,x24,80001f68	 x24:0x00000000 x24:0x00000000
       25525000	      2551	80001f28	00084263	blt	x16,x0,80001f2c	 x16:0x00000000  x0:0x00000000
       25535000	      2552	80001f2c	01575c63	bge	x14,x21,80001f44	 x14:0xffffffed x21:0x00000001
       25545000	      2553	80001f30	006c94b3	sll	x9,x25,x6	 x25:0xffffffe8  x6:0x3b3f7ea8  x9=0xffffe800
       25555000	      2554	80001f34	995d7793	andi	x15,x26,-1643	 x26:0x00000011 x15=0x00000011
       25565000	      2555	80001f38	9bd37637	lui	x12,0x9bd37	 x12=0x9bd37000
       25575000	      2556	80001f3c	00daf8b3	and	x17,x21,x13	 x21:0x00000001 x13:0x00000001 x17=0x00000001
       25585000	      2557	80001f40	00197eb3	and	x29,x18,x1	 x18:0x00000000  x1:0x80009fc3 x29=0x00000000
       25595000	      2558	80001f44	00f69513	slli	x10,x13,0xf	 x13:0x00000001 x10=0x00008000
       25605000	      2559	80001f48	d0f8c993	xori	x19,x17,-753	 x17:0x00000001 x19=0xfffffd0e
       25615000	      2560	80001f4c	01630c63	beq	x6,x22,80001f64	  x6:0x3b3f7ea8 x22:0xfffffe41
       25625000	      2561	80001f50	4aba6613	ori	x12,x20,1195	 x20:0x0000065a x12=0x000006fb
       25635000	      2562	80001f54	8718c193	xori	x3,x17,-1935	 x17:0x00000001  x3=0xfffff870
       25645000	      2563	80001f58	fa876913	ori	x18,x14,-88	 x14:0xffffffed x18=0xffffffed
       25655000	      2564	80001f5c	00215893	srli	x17,x2,0x2	  x2:0x00000000 x17=0x00000000
       25665000	      2565	80001f60	00000013	addi	x0,x0,0	  x0:0x00000000
       25675000	      2566	80001f64	02e59a63	bne	x11,x14,80001f98	 x11:0xffffffec x14:0xffffffed
       25685000	      2567	00000000	00000013	addi	x0,x0,0	  x0:0x00000000
       25695000	      2568	80001f94	00000013	addi	x0,x0,0	  x0:0x00000000
       25705000	      2569	80001f98	01a77263	bgeu	x14,x26,80001f9c	 x14:0xffffffed x26:0x00000011
       25715000	      2570	00000000	00000013	addi	x0,x0,0	  x0:0x00000000
       25725000	      2571	80001f98	00000013	addi	x0,x0,0	  x0:0x00000000
       25735000	      2572	80001f9c	00995c13	srli	x24,x18,0x9	 x18:0xffffffed x24=0x007fffff
       25745000	      2573	80001fa0	41bc0733	sub	x14,x24,x27	 x24:0x007fffff x27:0x00000001 x14=0x007ffffe
       25755000	      2574	80001fa4	04656663	bltu	x10,x6,80001ff0	 x10:0x00008000  x6:0x3b3f7ea8
       25765000	      2575	00000000	00000013	addi	x0,x0,0	  x0:0x00000000
       25775000	      2576	80001fec	00000013	addi	x0,x0,0	  x0:0x00000000
       25785000	      2577	80001ff0	87132713	slti	x14,x6,-1935	  x6:0x3b3f7ea8 x14=0x00000000
       25795000	      2578	80001ff4	02377a63	bgeu	x14,x3,80002028	 x14:0x00000000  x3:0xfffff870
       25805000	      2579	80001ff8	06913113	sltiu	x2,x2,105	  x2:0x00000000  x2=0x00000001
       25815000	      2580	80001ffc	0565ee13	ori	x28,x11,86	 x11:0xffffffec x28=0xfffffffe
       25825000	      2581	80002000	1c2c6537	lui	x10,0x1c2c6	 x10=0x1c2c6000
       25835000	      2582	80002004	00614a63	blt	x2,x6,80002018	  x2:0x00000001  x6:0x3b3f7ea8
       25845000	      2583	00000000	00000013	addi	x0,x0,0	  x0:0x00000000
       25855000	      2584	80002014	00000013	addi	x0,x0,0	  x0:0x00000000
       25865000	      2585	80002018	405881b3	sub	x3,x17,x5	 x17:0x00000000  x5:0xffffd800  x3=0x00002800
       25875000	      2586	8000201c	00dd0433	add	x8,x26,x13	 x26:0x00000011 x13:0x00000001  x8=0x00000012
       25885000	      2587	80002020	219c4313	xori	x6,x24,537	 x24:0x007fffff  x6=0x007ffde6
       25895000	      2588	80002024	00000013	addi	x0,x0,0	  x0:0x00000000
       25905000	      2589	80002028	0177d333	srl	x6,x15,x23	 x15:0x00000011 x23:0x80009f40  x6=0x00000011
       25915000	      2590	8000202c	00aceab3	or	x21,x25,x10	 x25:0xffffffe8 x10:0x1c2c6000 x21=0xffffffe8
       25925000	      2591	80002030	ec580113	addi	x2,x16,-315	 x16:0x00000000  x2=0xfffffec5
       25935000	      2592	80002034	b978a013	slti	x0,x17,-1129	 x17:0x00000000
       25945000	      2593	80002038	04d25663	bge	x4,x13,80002084	  x4:0x80009fc4 x13:0x00000001
       25955000	      2594	8000203c	03010063	beq	x2,x16,8000205c	  x2:0xfffffec5 x16:0x00000000
       25965000	      2595	80002040	05cd5663	bge	x26,x28,8000208c	 x26:0x00000011 x28:0xfffffffe
       25975000	      2596	00000000	00000013	addi	x0,x0,0	  x0:0x00000000
       25985000	      2597	80002088	00000013	addi	x0,x0,0	  x0:0x00000000
       25995000	      2598	8000208c	04334863	blt	x6,x3,800020dc	  x6:0x00000011  x3:0x00002800
       26005000	      2599	00000000	00000013	addi	x0,x0,0	  x0:0x00000000
       26015000	      2600	800020d8	00000013	addi	x0,x0,0	  x0:0x00000000
       26025000	      2601	800020dc	c330cc13	xori	x24,x1,-973	  x1:0x80009fc3 x24=0x7fff63f0
       26035000	      2602	800020e0	414dd713	srai	x14,x27,0x14	 x27:0x00000001 x14=0x00000000
       26045000	      2603	800020e4	e1f5cc13	xori	x24,x11,-481	 x11:0xffffffec x24=0x000001f3
       26055000	      2604	800020e8	021cd463	bge	x25,x1,80002110	 x25:0xffffffe8  x1:0x80009fc3
       26065000	      2605	00000000	00000013	addi	x0,x0,0	  x0:0x00000000
       26075000	      2606	8000210c	00000013	addi	x0,x0,0	  x0:0x00000000
       26085000	      2607	80002110	ae8da3b7	lui	x7,0xae8da	  x7=0xae8da000
       26095000	      2608	80002114	01bfd463	bge	x31,x27,8000211c	 x31:0xf5014acd x27:0x00000001
       26105000	      2609	80002118	0a62b893	sltiu	x17,x5,166	  x5:0xffffd800 x17=0x00000000
       26115000	      2610	8000211c	d8406193	ori	x3,x0,-636	  x0:0x00000000  x3=0xfffffd84
       26125000	      2611	80002120	00000013	addi	x0,x0,0	  x0:0x00000000
       26135000	      2612	80002124	f878b713	sltiu	x14,x17,-121	 x17:0x00000000 x14=0x00000001
       26145000	      2613	80002128	414f0cb3	sub	x25,x30,x20	 x30:0x693ffe88 x20:0x0000065a x25=0x693ff82e
       26155000	      2614	8000212c	039f6063	bltu	x30,x25,8000214c	 x30:0x693ffe88 x25:0x693ff82e
       26165000	      2615	80002130	01e994b3	sll	x9,x19,x30	 x19:0xfffffd0e x30:0x693ffe88  x9=0xfffd0e00
       26175000	      2616	80002134	03c91463	bne	x18,x28,8000215c	 x18:0xffffffed x28:0xfffffffe
       26185000	      2617	00000000	00000013	addi	x0,x0,0	  x0:0x00000000
       26195000	      2618	80002158	00000013	addi	x0,x0,0	  x0:0x00000000
       26205000	      2619	8000215c	00aed433	srl	x8,x29,x10	 x29:0x00000000 x10:0x1c2c6000  x8=0x00000000
       26215000	      2620	80002160	00000013	addi	x0,x0,0	  x0:0x00000000
       26225000	      2621	80002164	004f4333	xor	x6,x30,x4	 x30:0x693ffe88  x4:0x80009fc4  x6=0xe93f614c
       26235000	      2622	80002168	00b71593	slli	x11,x14,0xb	 x14:0x00000001 x11=0x00000800
       26245000	      2623	8000216c	41ddd093	srai	x1,x27,0x1d	 x27:0x00000001  x1=0x00000000
       26255000	      2624	80002170	412e02b3	sub	x5,x28,x18	 x28:0xfffffffe x18:0xffffffed  x5=0x00000011
       26265000	      2625	80002174	68ffb113	sltiu	x2,x31,1679	 x31:0xf5014acd  x2=0x00000000
       26275000	      2626	80002178	019a6a63	bltu	x20,x25,8000218c	 x20:0x0000065a x25:0x693ff82e
       26285000	      2627	00000000	00000013	addi	x0,x0,0	  x0:0x00000000
       26295000	      2628	80002188	00000013	addi	x0,x0,0	  x0:0x00000000
       26305000	      2629	8000218c	01d011b3	sll	x3,x0,x29	  x0:0x00000000 x29:0x00000000  x3=0x00000000
       26315000	      2630	80002190	01c8ba33	sltu	x20,x17,x28	 x17:0x00000000 x28:0xfffffffe x20=0x00000001
       26325000	      2631	80002194	41e587b3	sub	x15,x11,x30	 x11:0x00000800 x30:0x693ffe88 x15=0x96c00978
       26335000	      2632	80002198	06491a63	bne	x18,x4,8000220c	 x18:0xffffffed  x4:0x80009fc4
       26345000	      2633	00000000	00000013	addi	x0,x0,0	  x0:0x00000000
       26355000	      2634	80002208	00000013	addi	x0,x0,0	  x0:0x00000000
       26365000	      2635	8000220c	00e229b3	slt	x19,x4,x14	  x4:0x80009fc4 x14:0x00000001 x19=0x00000001
       26375000	      2636	80002210	4037dcb3	sra	x25,x15,x3	 x15:0x96c00978  x3:0x00000000 x25=0x96c00978
       26385000	      2637	80002214	022e0e63	beq	x28,x2,80002250	 x28:0xfffffffe  x2:0x00000000
       26395000	      2638	80002218	108cf713	andi	x14,x25,264	 x25:0x96c00978 x14=0x00000108
       26405000	      2639	8000221c	04bc7663	bgeu	x24,x11,80002268	 x24:0x000001f3 x11:0x00000800
       26415000	      2640	80002220	005e1a93	slli	x21,x28,0x5	 x28:0xfffffffe x21=0xffffffc0
       26425000	      2641	80002224	00081713	slli	x14,x16,0x0	 x16:0x00000000 x14=0x00000000
       26435000	      2642	80002228	b4dfce13	xori	x28,x31,-1203	 x31:0xf5014acd x28=0x0afeb180
       26445000	      2643	8000222c	01b5cc63	blt	x11,x27,80002244	 x11:0x00000800 x27:0x00000001
       26455000	      2644	80002230	41efd633	sra	x12,x31,x30	 x31:0xf5014acd x30:0x693ffe88 x12=0xfff5014a
       26465000	      2645	80002234	41ea83b3	sub	x7,x21,x30	 x21:0xffffffc0 x30:0x693ffe88  x7=0x96c00138
       26475000	      2646	80002238	40975893	srai	x17,x14,0x9	 x14:0x00000000 x17=0x00000000
       26485000	      2647	8000223c	0124bb33	sltu	x22,x9,x18	  x9:0xfffd0e00 x18:0xffffffed x22=0x00000001
       26495000	      2648	80002240	04a07663	bgeu	x0,x10,8000228c	  x0:0x00000000 x10:0x1c2c6000
       26505000	      2649	80002244	40fdd933	sra	x18,x27,x15	 x27:0x00000001 x15:0x96c00978 x18=0x00000000
       26515000	      2650	80002248	1045c293	xori	x5,x11,260	 x11:0x00000800  x5=0x00000904
       26525000	      2651	8000224c	01a17533	and	x10,x2,x26	  x2:0x00000000 x26:0x00000011 x10=0x00000000
       26535000	      2652	80002250	01f9dc33	srl	x24,x19,x31	 x19:0x00000001 x31:0xf5014acd x24=0x00000000
       26545000	      2653	80002254	0127f6b3	and	x13,x15,x18	 x15:0x96c00978 x18:0x00000000 x13=0x00000000
       26555000	      2654	80002258	40815db3	sra	x27,x2,x8	  x2:0x00000000  x8:0x00000000 x27=0x00000000
       26565000	      2655	8000225c	52cca693	slti	x13,x25,1324	 x25:0x96c00978 x13=0x00000001
       26575000	      2656	80002260	02deee63	bltu	x29,x13,8000229c	 x29:0x00000000 x13:0x00000001
       26585000	      2657	00000000	00000013	addi	x0,x0,0	  x0:0x00000000
       26595000	      2658	80002298	00000013	addi	x0,x0,0	  x0:0x00000000
       26605000	      2659	8000229c	01512433	slt	x8,x2,x21	  x2:0x00000000 x21:0xffffffc0  x8=0x00000000
       26615000	      2660	800022a0	0123de13	srli	x28,x7,0x12	  x7:0x96c00138 x28=0x000025b0
       26625000	      2661	800022a4	941b4037	lui	x0,0x941b4	
       26635000	      2662	800022a8	00000013	addi	x0,x0,0	  x0:0x00000000
       26645000	      2663	800022ac	f2480e13	addi	x28,x16,-220	 x16:0x00000000 x28=0xffffff24
       26655000	      2664	800022b0	e7f6f893	andi	x17,x13,-385	 x13:0x00000001 x17=0x00000001
       26665000	      2665	800022b4	011e75b3	and	x11,x28,x17	 x28:0xffffff24 x17:0x00000001 x11=0x00000000
       26675000	      2666	800022b8	015cbeb3	sltu	x29,x25,x21	 x25:0x96c00978 x21:0xffffffc0 x29=0x00000001
       26685000	      2667	800022bc	92ccc593	xori	x11,x25,-1748	 x25:0x96c00978 x11=0x693ff054
       26695000	      2668	800022c0	01e13133	sltu	x2,x2,x30	  x2:0x00000000 x30:0x693ffe88  x2=0x00000001
       26705000	      2669	800022c4	a4e32697	auipc	x13,0xa4e32	 x13=0x24e342c0
       26715000	      2670	800022c8	018573b3	and	x7,x10,x24	 x10:0x00000000 x24:0x00000000  x7=0x00000000
       26725000	      2671	800022cc	01b9d263	bge	x19,x27,800022d0	 x19:0x00000001 x27:0x00000000
       26735000	      2672	00000000	00000013	addi	x0,x0,0	  x0:0x00000000
       26745000	      2673	800022cc	00000013	addi	x0,x0,0	  x0:0x00000000
       26755000	      2674	800022d0	005bba33	sltu	x20,x23,x5	 x23:0x80009f40  x5:0x00000904 x20=0x00000000
       26765000	      2675	800022d4	315c3c93	sltiu	x25,x24,789	 x24:0x00000000 x25=0x00000001
       26775000	      2676	800022d8	03e98663	beq	x19,x30,80002304	 x19:0x00000001 x30:0x693ffe88
       26785000	      2677	800022dc	01db98b3	sll	x17,x23,x29	 x23:0x80009f40 x29:0x00000001 x17=0x00013e80
       26795000	      2678	800022e0	055ac063	blt	x21,x21,80002320	 x21:0xffffffc0 x21:0xffffffc0
       26805000	      2679	800022e4	01fcd793	srli	x15,x25,0x1f	 x25:0x00000001 x15=0x00000000
       26815000	      2680	800022e8	01da5a93	srli	x21,x20,0x1d	 x20:0x00000000 x21=0x00000000
       26825000	      2681	800022ec	01268263	beq	x13,x18,800022f0	 x13:0x24e342c0 x18:0x00000000
       26835000	      2682	800022f0	87efe293	ori	x5,x31,-1922	 x31:0xf5014acd  x5=0xfffffaff
       26845000	      2683	800022f4	013c26b3	slt	x13,x24,x19	 x24:0x00000000 x19:0x00000001 x13=0x00000001
       26855000	      2684	800022f8	417a50b3	sra	x1,x20,x23	 x20:0x00000000 x23:0x80009f40  x1=0x00000000
       26865000	      2685	800022fc	026a0e63	beq	x20,x6,80002338	 x20:0x00000000  x6:0xe93f614c
       26875000	      2686	80002300	0100dfb3	srl	x31,x1,x16	  x1:0x00000000 x16:0x00000000 x31=0x00000000
       26885000	      2687	80002304	0079f933	and	x18,x19,x7	 x19:0x00000001  x7:0x00000000 x18=0x00000000
       26895000	      2688	80002308	00bece33	xor	x28,x29,x11	 x29:0x00000001 x11:0x693ff054 x28=0x693ff055
       26905000	      2689	8000230c	3dcb2513	slti	x10,x22,988	 x22:0x00000001 x10=0x00000001
       26915000	      2690	80002310	057f1663	bne	x30,x23,8000235c	 x30:0x693ffe88 x23:0x80009f40
       26925000	      2691	00000000	00000013	addi	x0,x0,0	  x0:0x00000000
       26935000	      2692	80002358	00000013	addi	x0,x0,0	  x0:0x00000000
       26945000	      2693	8000235c	00bc78b3	and	x17,x24,x11	 x24:0x00000000 x11:0x693ff054 x17=0x00000000
       26955000	      2694	80002360	00b5d4b3	srl	x9,x11,x11	 x11:0x693ff054 x11:0x693ff054  x9=0x00000693
       26965000	      2695	80002364	c99f3f93	sltiu	x31,x30,-871	 x30:0x693ffe88 x31=0x00000001
       26975000	      2696	80002368	79290713	addi	x14,x18,1938	 x18:0x00000000 x14=0x00000792
       26985000	      2697	8000236c	00000013	addi	x0,x0,0	  x0:0x00000000
       26995000	      2698	80002370	00394463	blt	x18,x3,80002378	 x18:0x00000000  x3:0x00000000
       27005000	      2699	80002374	03326a63	bltu	x4,x19,800023a8	  x4:0x80009fc4 x19:0x00000001
       27015000	      2700	80002378	101c8293	addi	x5,x25,257	 x25:0x00000001  x5=0x00000102
       27025000	      2701	8000237c	00675e33	srl	x28,x14,x6	 x14:0x00000792  x6:0xe93f614c x28=0x00000000
       27035000	      2702	80002380	a7a8f613	andi	x12,x17,-1414	 x17:0x00000000 x12=0x00000000
       27045000	      2703	80002384	01309b33	sll	x22,x1,x19	  x1:0x00000000 x19:0x00000001 x22=0x00000000
       27055000	      2704	80002388	4048d933	sra	x18,x17,x4	 x17:0x00000000  x4:0x80009fc4 x18=0x00000000
       27065000	      2705	8000238c	4000db13	srai	x22,x1,0x0	  x1:0x00000000 x22=0x00000000
       27075000	      2706	80002390	011b8b33	add	x22,x23,x17	 x23:0x80009f40 x17:0x00000000 x22=0x80009f40
       27085000	      2707	80002394	018da6b3	slt	x13,x27,x24	 x27:0x00000000 x24:0x00000000 x13=0x00000000
       27095000	      2708	80002398	63a1f993	andi	x19,x3,1594	  x3:0x00000000 x19=0x00000000
       27105000	      2709	8000239c	007024b3	slt	x9,x0,x7	  x0:0x00000000  x7:0x00000000  x9=0x00000000
       27115000	      2710	800023a0	30cfb993	sltiu	x19,x31,780	 x31:0x00000001 x19=0x00000001
       27125000	      2711	800023a4	00c041b3	xor	x3,x0,x12	  x0:0x00000000 x12:0x00000000  x3=0x00000000
       27135000	      2712	800023a8	01de9c33	sll	x24,x29,x29	 x29:0x00000001 x29:0x00000001 x24=0x00000002
       27145000	      2713	800023ac	90ab8e13	addi	x28,x23,-1782	 x23:0x80009f40 x28=0x8000984a
       27155000	      2714	800023b0	00000013	addi	x0,x0,0	  x0:0x00000000
       27165000	      2715	800023b4	4135d6b3	sra	x13,x11,x19	 x11:0x693ff054 x19:0x00000001 x13=0x349ff82a
       27175000	      2716	800023b8	ff600593	addi	x11,x0,-10	  x0:0x00000000 x11=0xfffffff6
       27185000	      2717	800023bc	8d50f713	andi	x14,x1,-1835	  x1:0x00000000 x14=0x00000000
       27195000	      2718	800023c0	0018c2b3	xor	x5,x17,x1	 x17:0x00000000  x1:0x00000000  x5=0x00000000
       27205000	      2719	800023c4	00599b13	slli	x22,x19,0x5	 x19:0x00000001 x22=0x00000020
       27215000	      2720	800023c8	00800a93	addi	x21,x0,8	  x0:0x00000000 x21=0x00000008
       27225000	      2721	800023cc	f4839a37	lui	x20,0xf4839	 x20=0xf4839000
       27235000	      2722	800023d0	8a6b8e93	addi	x29,x23,-1882	 x23:0x80009f40 x29=0x800097e6
       27245000	      2723	800023d4	00458593	addi	x11,x11,4	 x11:0xfffffff6 x11=0xfffffffa
       27255000	      2724	800023d8	01fede93	srli	x29,x29,0x1f	 x29:0x800097e6 x29=0x00000001
       27265000	      2725	800023dc	01c9ff33	and	x30,x19,x28	 x19:0x00000001 x28:0x8000984a x30=0x00000000
       27275000	      2726	800023e0	006900b3	add	x1,x18,x6	 x18:0x00000000  x6:0xe93f614c  x1=0xe93f614c
       27285000	      2727	800023e4	ffd00793	addi	x15,x0,-3	  x0:0x00000000 x15=0xfffffffd
       27295000	      2728	800023e8	009b1533	sll	x10,x22,x9	 x22:0x00000020  x9:0x00000000 x10=0x00000020
       27305000	      2729	800023ec	418f0333	sub	x6,x30,x24	 x30:0x00000000 x24:0x00000002  x6=0xfffffffe
       27315000	      2730	800023f0	b19e0e93	addi	x29,x28,-1255	 x28:0x8000984a x29=0x80009363
       27325000	      2731	800023f4	00b5eeb3	or	x29,x11,x11	 x11:0xfffffffa x11:0xfffffffa x29=0xfffffffa
       27335000	      2732	800023f8	007898b3	sll	x17,x17,x7	 x17:0x00000000  x7:0x00000000 x17=0x00000000
       27345000	      2733	800023fc	ffe00613	addi	x12,x0,-2	  x0:0x00000000 x12=0xfffffffe
       27355000	      2734	80002400	01c42e33	slt	x28,x8,x28	  x8:0x00000000 x28:0x8000984a x28=0x00000000
       27365000	      2735	80002404	00d15db3	srl	x27,x2,x13	  x2:0x00000001 x13:0x349ff82a x27=0x00000000
       27375000	      2736	80002408	00000013	addi	x0,x0,0	  x0:0x00000000
       27385000	      2737	8000240c	00039f33	sll	x30,x7,x0	  x7:0x00000000  x0:0x00000000 x30=0x00000000
       27395000	      2738	80002410	01da9393	slli	x7,x21,0x1d	 x21:0x00000008  x7=0x00000000
       27405000	      2739	80002414	cd144293	xori	x5,x8,-815	  x8:0x00000000  x5=0xfffffcd1
       27415000	      2740	80002418	2b4d0493	addi	x9,x26,692	 x26:0x00000011  x9=0x000002c5
       27425000	      2741	8000241c	01d5f733	and	x14,x11,x29	 x11:0xfffffffa x29:0xfffffffa x14=0xfffffffa
       27435000	      2742	80002420	a10fde17	auipc	x28,0xa10fd	 x28=0x210ff41c
       27445000	      2743	80002424	00478793	addi	x15,x15,4	 x15:0xfffffffd x15=0x00000001
       27455000	      2744	80002428	00835f93	srli	x31,x6,0x8	  x6:0xfffffffe x31=0x00ffffff
       27465000	      2745	8000242c	fec7c8e3	blt	x15,x12,8000241c	 x15:0x00000001 x12:0xfffffffe
       27475000	      2746	80002430	003410b3	sll	x1,x8,x3	  x8:0x00000000  x3:0x00000000  x1=0x00000000
       27485000	      2747	80002434	00069193	slli	x3,x13,0x0	 x13:0x349ff82a  x3=0x349ff82a
       27495000	      2748	80002438	01459093	slli	x1,x11,0x14	 x11:0xfffffffa  x1=0xffa00000
       27505000	      2749	8000243c	f955cae3	blt	x11,x21,800023d0	 x11:0xfffffffa x21:0x00000008
       27515000	      2750	00000000	00000013	addi	x0,x0,0	  x0:0x00000000
       27525000	      2751	800023cc	00000013	addi	x0,x0,0	  x0:0x00000000
       27535000	      2752	800023d0	8a6b8e93	addi	x29,x23,-1882	 x23:0x80009f40 x29=0x800097e6
       27545000	      2753	800023d4	00458593	addi	x11,x11,4	 x11:0xfffffffa x11=0xfffffffe
       27555000	      2754	800023d8	01fede93	srli	x29,x29,0x1f	 x29:0x800097e6 x29=0x00000001
       27565000	      2755	800023dc	01c9ff33	and	x30,x19,x28	 x19:0x00000001 x28:0x210ff41c x30=0x00000000
       27575000	      2756	800023e0	006900b3	add	x1,x18,x6	 x18:0x00000000  x6:0xfffffffe  x1=0xfffffffe
       27585000	      2757	800023e4	ffd00793	addi	x15,x0,-3	  x0:0x00000000 x15=0xfffffffd
       27595000	      2758	800023e8	009b1533	sll	x10,x22,x9	 x22:0x00000020  x9:0x000002c5 x10=0x00000400
       27605000	      2759	800023ec	418f0333	sub	x6,x30,x24	 x30:0x00000000 x24:0x00000002  x6=0xfffffffe
       27615000	      2760	800023f0	b19e0e93	addi	x29,x28,-1255	 x28:0x210ff41c x29=0x210fef35
       27625000	      2761	800023f4	00b5eeb3	or	x29,x11,x11	 x11:0xfffffffe x11:0xfffffffe x29=0xfffffffe
       27635000	      2762	800023f8	007898b3	sll	x17,x17,x7	 x17:0x00000000  x7:0x00000000 x17=0x00000000
       27645000	      2763	800023fc	ffe00613	addi	x12,x0,-2	  x0:0x00000000 x12=0xfffffffe
       27655000	      2764	80002400	01c42e33	slt	x28,x8,x28	  x8:0x00000000 x28:0x210ff41c x28=0x00000001
       27665000	      2765	80002404	00d15db3	srl	x27,x2,x13	  x2:0x00000001 x13:0x349ff82a x27=0x00000000
       27675000	      2766	80002408	00000013	addi	x0,x0,0	  x0:0x00000000
       27685000	      2767	8000240c	00039f33	sll	x30,x7,x0	  x7:0x00000000  x0:0x00000000 x30=0x00000000
       27695000	      2768	80002410	01da9393	slli	x7,x21,0x1d	 x21:0x00000008  x7=0x00000000
       27705000	      2769	80002414	cd144293	xori	x5,x8,-815	  x8:0x00000000  x5=0xfffffcd1
       27715000	      2770	80002418	2b4d0493	addi	x9,x26,692	 x26:0x00000011  x9=0x000002c5
       27725000	      2771	8000241c	01d5f733	and	x14,x11,x29	 x11:0xfffffffe x29:0xfffffffe x14=0xfffffffe
       27735000	      2772	80002420	a10fde17	auipc	x28,0xa10fd	 x28=0x210ff41c
       27745000	      2773	80002424	00478793	addi	x15,x15,4	 x15:0xfffffffd x15=0x00000001
       27755000	      2774	80002428	00835f93	srli	x31,x6,0x8	  x6:0xfffffffe x31=0x00ffffff
       27765000	      2775	8000242c	fec7c8e3	blt	x15,x12,8000241c	 x15:0x00000001 x12:0xfffffffe
       27775000	      2776	80002430	003410b3	sll	x1,x8,x3	  x8:0x00000000  x3:0x349ff82a  x1=0x00000000
       27785000	      2777	80002434	00069193	slli	x3,x13,0x0	 x13:0x349ff82a  x3=0x349ff82a
       27795000	      2778	80002438	01459093	slli	x1,x11,0x14	 x11:0xfffffffe  x1=0xffe00000
       27805000	      2779	8000243c	f955cae3	blt	x11,x21,800023d0	 x11:0xfffffffe x21:0x00000008
       27815000	      2780	00000000	00000013	addi	x0,x0,0	  x0:0x00000000
       27825000	      2781	800023cc	00000013	addi	x0,x0,0	  x0:0x00000000
       27835000	      2782	800023d0	8a6b8e93	addi	x29,x23,-1882	 x23:0x80009f40 x29=0x800097e6
       27845000	      2783	800023d4	00458593	addi	x11,x11,4	 x11:0xfffffffe x11=0x00000002
       27855000	      2784	800023d8	01fede93	srli	x29,x29,0x1f	 x29:0x800097e6 x29=0x00000001
       27865000	      2785	800023dc	01c9ff33	and	x30,x19,x28	 x19:0x00000001 x28:0x210ff41c x30=0x00000000
       27875000	      2786	800023e0	006900b3	add	x1,x18,x6	 x18:0x00000000  x6:0xfffffffe  x1=0xfffffffe
       27885000	      2787	800023e4	ffd00793	addi	x15,x0,-3	  x0:0x00000000 x15=0xfffffffd
       27895000	      2788	800023e8	009b1533	sll	x10,x22,x9	 x22:0x00000020  x9:0x000002c5 x10=0x00000400
       27905000	      2789	800023ec	418f0333	sub	x6,x30,x24	 x30:0x00000000 x24:0x00000002  x6=0xfffffffe
       27915000	      2790	800023f0	b19e0e93	addi	x29,x28,-1255	 x28:0x210ff41c x29=0x210fef35
       27925000	      2791	800023f4	00b5eeb3	or	x29,x11,x11	 x11:0x00000002 x11:0x00000002 x29=0x00000002
       27935000	      2792	800023f8	007898b3	sll	x17,x17,x7	 x17:0x00000000  x7:0x00000000 x17=0x00000000
       27945000	      2793	800023fc	ffe00613	addi	x12,x0,-2	  x0:0x00000000 x12=0xfffffffe
       27955000	      2794	80002400	01c42e33	slt	x28,x8,x28	  x8:0x00000000 x28:0x210ff41c x28=0x00000001
       27965000	      2795	80002404	00d15db3	srl	x27,x2,x13	  x2:0x00000001 x13:0x349ff82a x27=0x00000000
       27975000	      2796	80002408	00000013	addi	x0,x0,0	  x0:0x00000000
       27985000	      2797	8000240c	00039f33	sll	x30,x7,x0	  x7:0x00000000  x0:0x00000000 x30=0x00000000
       27995000	      2798	80002410	01da9393	slli	x7,x21,0x1d	 x21:0x00000008  x7=0x00000000
       28005000	      2799	80002414	cd144293	xori	x5,x8,-815	  x8:0x00000000  x5=0xfffffcd1
       28015000	      2800	80002418	2b4d0493	addi	x9,x26,692	 x26:0x00000011  x9=0x000002c5
       28025000	      2801	8000241c	01d5f733	and	x14,x11,x29	 x11:0x00000002 x29:0x00000002 x14=0x00000002
       28035000	      2802	80002420	a10fde17	auipc	x28,0xa10fd	 x28=0x210ff41c
       28045000	      2803	80002424	00478793	addi	x15,x15,4	 x15:0xfffffffd x15=0x00000001
       28055000	      2804	80002428	00835f93	srli	x31,x6,0x8	  x6:0xfffffffe x31=0x00ffffff
       28065000	      2805	8000242c	fec7c8e3	blt	x15,x12,8000241c	 x15:0x00000001 x12:0xfffffffe
       28075000	      2806	80002430	003410b3	sll	x1,x8,x3	  x8:0x00000000  x3:0x349ff82a  x1=0x00000000
       28085000	      2807	80002434	00069193	slli	x3,x13,0x0	 x13:0x349ff82a  x3=0x349ff82a
       28095000	      2808	80002438	01459093	slli	x1,x11,0x14	 x11:0x00000002  x1=0x00200000
       28105000	      2809	8000243c	f955cae3	blt	x11,x21,800023d0	 x11:0x00000002 x21:0x00000008
       28115000	      2810	00000000	00000013	addi	x0,x0,0	  x0:0x00000000
       28125000	      2811	800023cc	00000013	addi	x0,x0,0	  x0:0x00000000
       28135000	      2812	800023d0	8a6b8e93	addi	x29,x23,-1882	 x23:0x80009f40 x29=0x800097e6
       28145000	      2813	800023d4	00458593	addi	x11,x11,4	 x11:0x00000002 x11=0x00000006
       28155000	      2814	800023d8	01fede93	srli	x29,x29,0x1f	 x29:0x800097e6 x29=0x00000001
       28165000	      2815	800023dc	01c9ff33	and	x30,x19,x28	 x19:0x00000001 x28:0x210ff41c x30=0x00000000
       28175000	      2816	800023e0	006900b3	add	x1,x18,x6	 x18:0x00000000  x6:0xfffffffe  x1=0xfffffffe
       28185000	      2817	800023e4	ffd00793	addi	x15,x0,-3	  x0:0x00000000 x15=0xfffffffd
       28195000	      2818	800023e8	009b1533	sll	x10,x22,x9	 x22:0x00000020  x9:0x000002c5 x10=0x00000400
       28205000	      2819	800023ec	418f0333	sub	x6,x30,x24	 x30:0x00000000 x24:0x00000002  x6=0xfffffffe
       28215000	      2820	800023f0	b19e0e93	addi	x29,x28,-1255	 x28:0x210ff41c x29=0x210fef35
       28225000	      2821	800023f4	00b5eeb3	or	x29,x11,x11	 x11:0x00000006 x11:0x00000006 x29=0x00000006
       28235000	      2822	800023f8	007898b3	sll	x17,x17,x7	 x17:0x00000000  x7:0x00000000 x17=0x00000000
       28245000	      2823	800023fc	ffe00613	addi	x12,x0,-2	  x0:0x00000000 x12=0xfffffffe
       28255000	      2824	80002400	01c42e33	slt	x28,x8,x28	  x8:0x00000000 x28:0x210ff41c x28=0x00000001
       28265000	      2825	80002404	00d15db3	srl	x27,x2,x13	  x2:0x00000001 x13:0x349ff82a x27=0x00000000
       28275000	      2826	80002408	00000013	addi	x0,x0,0	  x0:0x00000000
       28285000	      2827	8000240c	00039f33	sll	x30,x7,x0	  x7:0x00000000  x0:0x00000000 x30=0x00000000
       28295000	      2828	80002410	01da9393	slli	x7,x21,0x1d	 x21:0x00000008  x7=0x00000000
       28305000	      2829	80002414	cd144293	xori	x5,x8,-815	  x8:0x00000000  x5=0xfffffcd1
       28315000	      2830	80002418	2b4d0493	addi	x9,x26,692	 x26:0x00000011  x9=0x000002c5
       28325000	      2831	8000241c	01d5f733	and	x14,x11,x29	 x11:0x00000006 x29:0x00000006 x14=0x00000006
       28335000	      2832	80002420	a10fde17	auipc	x28,0xa10fd	 x28=0x210ff41c
       28345000	      2833	80002424	00478793	addi	x15,x15,4	 x15:0xfffffffd x15=0x00000001
       28355000	      2834	80002428	00835f93	srli	x31,x6,0x8	  x6:0xfffffffe x31=0x00ffffff
       28365000	      2835	8000242c	fec7c8e3	blt	x15,x12,8000241c	 x15:0x00000001 x12:0xfffffffe
       28375000	      2836	80002430	003410b3	sll	x1,x8,x3	  x8:0x00000000  x3:0x349ff82a  x1=0x00000000
       28385000	      2837	80002434	00069193	slli	x3,x13,0x0	 x13:0x349ff82a  x3=0x349ff82a
       28395000	      2838	80002438	01459093	slli	x1,x11,0x14	 x11:0x00000006  x1=0x00600000
       28405000	      2839	8000243c	f955cae3	blt	x11,x21,800023d0	 x11:0x00000006 x21:0x00000008
       28415000	      2840	00000000	00000013	addi	x0,x0,0	  x0:0x00000000
       28425000	      2841	800023cc	00000013	addi	x0,x0,0	  x0:0x00000000
       28435000	      2842	800023d0	8a6b8e93	addi	x29,x23,-1882	 x23:0x80009f40 x29=0x800097e6
       28445000	      2843	800023d4	00458593	addi	x11,x11,4	 x11:0x00000006 x11=0x0000000a
       28455000	      2844	800023d8	01fede93	srli	x29,x29,0x1f	 x29:0x800097e6 x29=0x00000001
       28465000	      2845	800023dc	01c9ff33	and	x30,x19,x28	 x19:0x00000001 x28:0x210ff41c x30=0x00000000
       28475000	      2846	800023e0	006900b3	add	x1,x18,x6	 x18:0x00000000  x6:0xfffffffe  x1=0xfffffffe
       28485000	      2847	800023e4	ffd00793	addi	x15,x0,-3	  x0:0x00000000 x15=0xfffffffd
       28495000	      2848	800023e8	009b1533	sll	x10,x22,x9	 x22:0x00000020  x9:0x000002c5 x10=0x00000400
       28505000	      2849	800023ec	418f0333	sub	x6,x30,x24	 x30:0x00000000 x24:0x00000002  x6=0xfffffffe
       28515000	      2850	800023f0	b19e0e93	addi	x29,x28,-1255	 x28:0x210ff41c x29=0x210fef35
       28525000	      2851	800023f4	00b5eeb3	or	x29,x11,x11	 x11:0x0000000a x11:0x0000000a x29=0x0000000a
       28535000	      2852	800023f8	007898b3	sll	x17,x17,x7	 x17:0x00000000  x7:0x00000000 x17=0x00000000
       28545000	      2853	800023fc	ffe00613	addi	x12,x0,-2	  x0:0x00000000 x12=0xfffffffe
       28555000	      2854	80002400	01c42e33	slt	x28,x8,x28	  x8:0x00000000 x28:0x210ff41c x28=0x00000001
       28565000	      2855	80002404	00d15db3	srl	x27,x2,x13	  x2:0x00000001 x13:0x349ff82a x27=0x00000000
       28575000	      2856	80002408	00000013	addi	x0,x0,0	  x0:0x00000000
       28585000	      2857	8000240c	00039f33	sll	x30,x7,x0	  x7:0x00000000  x0:0x00000000 x30=0x00000000
       28595000	      2858	80002410	01da9393	slli	x7,x21,0x1d	 x21:0x00000008  x7=0x00000000
       28605000	      2859	80002414	cd144293	xori	x5,x8,-815	  x8:0x00000000  x5=0xfffffcd1
       28615000	      2860	80002418	2b4d0493	addi	x9,x26,692	 x26:0x00000011  x9=0x000002c5
       28625000	      2861	8000241c	01d5f733	and	x14,x11,x29	 x11:0x0000000a x29:0x0000000a x14=0x0000000a
       28635000	      2862	80002420	a10fde17	auipc	x28,0xa10fd	 x28=0x210ff41c
       28645000	      2863	80002424	00478793	addi	x15,x15,4	 x15:0xfffffffd x15=0x00000001
       28655000	      2864	80002428	00835f93	srli	x31,x6,0x8	  x6:0xfffffffe x31=0x00ffffff
       28665000	      2865	8000242c	fec7c8e3	blt	x15,x12,8000241c	 x15:0x00000001 x12:0xfffffffe
       28675000	      2866	80002430	003410b3	sll	x1,x8,x3	  x8:0x00000000  x3:0x349ff82a  x1=0x00000000
       28685000	      2867	80002434	00069193	slli	x3,x13,0x0	 x13:0x349ff82a  x3=0x349ff82a
       28695000	      2868	80002438	01459093	slli	x1,x11,0x14	 x11:0x0000000a  x1=0x00a00000
       28705000	      2869	8000243c	f955cae3	blt	x11,x21,800023d0	 x11:0x0000000a x21:0x00000008
       28715000	      2870	80002440	00000013	addi	x0,x0,0	  x0:0x00000000
       28725000	      2871	80002444	47865b37	lui	x22,0x47865	 x22=0x47865000
       28735000	      2872	80002448	51a6e413	ori	x8,x13,1306	 x13:0x349ff82a  x8=0x349ffd3a
       28745000	      2873	8000244c	192e35b7	lui	x11,0x192e3	 x11=0x192e3000
       28755000	      2874	80002450	01bb1cb3	sll	x25,x22,x27	 x22:0x47865000 x27:0x00000000 x25=0x47865000
       28765000	      2875	80002454	60a78a37	lui	x20,0x60a78	 x20=0x60a78000
       28775000	      2876	80002458	019ce433	or	x8,x25,x25	 x25:0x47865000 x25:0x47865000  x8=0x47865000
       28785000	      2877	8000245c	04ec9663	bne	x25,x14,800024a8	 x25:0x47865000 x14:0x0000000a
       28795000	      2878	00000000	00000013	addi	x0,x0,0	  x0:0x00000000
       28805000	      2879	800024a4	00000013	addi	x0,x0,0	  x0:0x00000000
       28815000	      2880	800024a8	a6297a13	andi	x20,x18,-1438	 x18:0x00000000 x20=0x00000000
       28825000	      2881	800024ac	013ce033	or	x0,x25,x19	 x25:0x47865000 x19:0x00000001
       28835000	      2882	800024b0	016d1713	slli	x14,x26,0x16	 x26:0x00000011 x14=0x04400000
       28845000	      2883	800024b4	00ff60b3	or	x1,x30,x15	 x30:0x00000000 x15:0x00000001  x1=0x00000001
       28855000	      2884	800024b8	00000013	addi	x0,x0,0	  x0:0x00000000
       28865000	      2885	800024bc	933fa493	slti	x9,x31,-1741	 x31:0x00ffffff  x9=0x00000000
       28875000	      2886	800024c0	00000013	addi	x0,x0,0	  x0:0x00000000
       28885000	      2887	800024c4	34b33693	sltiu	x13,x6,843	  x6:0xfffffffe x13=0x00000000
       28895000	      2888	800024c8	adc6b893	sltiu	x17,x13,-1316	 x13:0x00000000 x17=0x00000001
       28905000	      2889	800024cc	0167db13	srli	x22,x15,0x16	 x15:0x00000001 x22=0x00000000
       28915000	      2890	800024d0	009a1933	sll	x18,x20,x9	 x20:0x00000000  x9:0x00000000 x18=0x00000000
       28925000	      2891	800024d4	41b3da93	srai	x21,x7,0x1b	  x7:0x00000000 x21=0x00000000
       28935000	      2892	800024d8	037dca63	blt	x27,x23,8000250c	 x27:0x00000000 x23:0x80009f40
       28945000	      2893	800024dc	00419593	slli	x11,x3,0x4	  x3:0x349ff82a x11=0x49ff82a0
       28955000	      2894	800024e0	013150b3	srl	x1,x2,x19	  x2:0x00000001 x19:0x00000001  x1=0x00000000
       28965000	      2895	800024e4	00000013	addi	x0,x0,0	  x0:0x00000000
       28975000	      2896	800024e8	e5f89997	auipc	x19,0xe5f89	 x19=0x65f8b4e4
       28985000	      2897	800024ec	b72093b7	lui	x7,0xb7209	  x7=0xb7209000
       28995000	      2898	800024f0	b8ca8d93	addi	x27,x21,-1140	 x21:0x00000000 x27=0xfffffb8c
       29005000	      2899	800024f4	01ff4263	blt	x30,x31,800024f8	 x30:0x00000000 x31:0x00ffffff
       29015000	      2900	00000000	00000013	addi	x0,x0,0	  x0:0x00000000
       29025000	      2901	800024f4	00000013	addi	x0,x0,0	  x0:0x00000000
       29035000	      2902	800024f8	01fa7f33	and	x30,x20,x31	 x20:0x00000000 x31:0x00ffffff x30=0x00000000
       29045000	      2903	800024fc	01f40433	add	x8,x8,x31	  x8:0x47865000 x31:0x00ffffff  x8=0x48864fff
       29055000	      2904	80002500	03114893	xori	x17,x2,49	  x2:0x00000001 x17=0x00000030
       29065000	      2905	80002504	05730263	beq	x6,x23,80002548	  x6:0xfffffffe x23:0x80009f40
       29075000	      2906	80002508	01528c63	beq	x5,x21,80002520	  x5:0xfffffcd1 x21:0x00000000
       29085000	      2907	8000250c	00000013	addi	x0,x0,0	  x0:0x00000000
       29095000	      2908	80002510	03ffe063	bltu	x31,x31,80002530	 x31:0x00ffffff x31:0x00ffffff
       29105000	      2909	80002514	04185063	bge	x16,x1,80002554	 x16:0x00000000  x1:0x00000000
       29115000	      2910	00000000	00000013	addi	x0,x0,0	  x0:0x00000000
       29125000	      2911	80002550	00000013	addi	x0,x0,0	  x0:0x00000000
       29135000	      2912	80002554	005620b3	slt	x1,x12,x5	 x12:0xfffffffe  x5:0xfffffcd1  x1=0x00000000
       29145000	      2913	80002558	01deee63	bltu	x29,x29,80002574	 x29:0x0000000a x29:0x0000000a
       29155000	      2914	8000255c	00825e33	srl	x28,x4,x8	  x4:0x80009fc4  x8:0x48864fff x28=0x00000001
       29165000	      2915	80002560	01c64c63	blt	x12,x28,80002578	 x12:0xfffffffe x28:0x00000001
       29175000	      2916	00000000	00000013	addi	x0,x0,0	  x0:0x00000000
       29185000	      2917	80002574	00000013	addi	x0,x0,0	  x0:0x00000000
       29195000	      2918	80002578	c935c137	lui	x2,0xc935c	  x2=0xc935c000
       29205000	      2919	8000257c	00669393	slli	x7,x13,0x6	 x13:0x00000000  x7=0x00000000
       29215000	      2920	80002580	0068ee33	or	x28,x17,x6	 x17:0x00000030  x6:0xfffffffe x28=0xfffffffe
       29225000	      2921	80002584	012366b3	or	x13,x6,x18	  x6:0xfffffffe x18:0x00000000 x13=0xfffffffe
       29235000	      2922	80002588	01ab38b3	sltu	x17,x22,x26	 x22:0x00000000 x26:0x00000011 x17=0x00000001
       29245000	      2923	8000258c	410102b3	sub	x5,x2,x16	  x2:0xc935c000 x16:0x00000000  x5=0xc935c000
       29255000	      2924	80002590	770d0693	addi	x13,x26,1904	 x26:0x00000011 x13=0x00000781
       29265000	      2925	80002594	01e41a13	slli	x20,x8,0x1e	  x8:0x48864fff x20=0xc0000000
       29275000	      2926	80002598	c29c4997	auipc	x19,0xc29c4	 x19=0x429c6594
       29285000	      2927	8000259c	b258a037	lui	x0,0xb258a	
       29295000	      2928	800025a0	00ab6b33	or	x22,x22,x10	 x22:0x00000000 x10:0x00000400 x22=0x00000400
       29305000	      2929	800025a4	dbc05f17	auipc	x30,0xdbc05	 x30=0x5bc075a0
       29315000	      2930	800025a8	8139ee13	ori	x28,x19,-2029	 x19:0x429c6594 x28=0xfffffd97
       29325000	      2931	800025ac	00000013	addi	x0,x0,0	  x0:0x00000000
       29335000	      2932	800025b0	69ec2093	slti	x1,x24,1694	 x24:0x00000002  x1=0x00000001
       29345000	      2933	800025b4	011025b3	slt	x11,x0,x17	  x0:0x00000000 x17:0x00000001 x11=0x00000001
       29355000	      2934	800025b8	0147c2b3	xor	x5,x15,x20	 x15:0x00000001 x20:0xc0000000  x5=0xc0000001
       29365000	      2935	800025bc	00de50b3	srl	x1,x28,x13	 x28:0xfffffd97 x13:0x00000781  x1=0x7ffffecb
       29375000	      2936	800025c0	009f0b33	add	x22,x30,x9	 x30:0x5bc075a0  x9:0x00000000 x22=0x5bc075a0
       29385000	      2937	800025c4	00251db3	sll	x27,x10,x2	 x10:0x00000400  x2:0xc935c000 x27=0x00000400
       29395000	      2938	800025c8	03f95c63	bge	x18,x31,80002600	 x18:0x00000000 x31:0x00ffffff
       29405000	      2939	800025cc	40415c93	srai	x25,x2,0x4	  x2:0xc935c000 x25=0xfc935c00
       29415000	      2940	800025d0	05b2c663	blt	x5,x27,8000261c	  x5:0xc0000001 x27:0x00000400
       29425000	      2941	00000000	00000013	addi	x0,x0,0	  x0:0x00000000
       29435000	      2942	80002618	00000013	addi	x0,x0,0	  x0:0x00000000
       29445000	      2943	8000261c	63d08a13	addi	x20,x1,1597	  x1:0x7ffffecb x20=0x80000508
       29455000	      2944	80002620	00061fb3	sll	x31,x12,x0	 x12:0xfffffffe  x0:0x00000000 x31=0xfffffffe
       29465000	      2945	80002624	00c3de93	srli	x29,x7,0xc	  x7:0x00000000 x29=0x00000000
       29475000	      2946	80002628	01a00b33	add	x22,x0,x26	  x0:0x00000000 x26:0x00000011 x22=0x00000011
       29485000	      2947	8000262c	f473d917	auipc	x18,0xf473d	 x18=0x7473f628
       29495000	      2948	80002630	409bd5b3	sra	x11,x23,x9	 x23:0x80009f40  x9:0x00000000 x11=0x80009f40
       29505000	      2949	80002634	00d1e7b3	or	x15,x3,x13	  x3:0x349ff82a x13:0x00000781 x15=0x349fffab
       29515000	      2950	80002638	3c548617	auipc	x12,0x3c548	 x12=0xbc54a634
       29525000	      2951	8000263c	fa2d7297	auipc	x5,0xfa2d7	  x5=0x7a2d9638
       29535000	      2952	80002640	0174e333	or	x6,x9,x23	  x9:0x00000000 x23:0x80009f40  x6=0x80009f40
       29545000	      2953	80002644	06752d13	slti	x26,x10,103	 x10:0x00000400 x26=0x00000000
       29555000	      2954	80002648	ec4c0d37	lui	x26,0xec4c0	 x26=0xec4c0000
       29565000	      2955	8000264c	40d9d693	srai	x13,x19,0xd	 x19:0x429c6594 x13=0x000214e3
       29575000	      2956	80002650	01fa6863	bltu	x20,x31,80002660	 x20:0x80000508 x31:0xfffffffe
       29585000	      2957	00000000	00000013	addi	x0,x0,0	  x0:0x00000000
       29595000	      2958	8000265c	00000013	addi	x0,x0,0	  x0:0x00000000
       29605000	      2959	80002660	01e01593	slli	x11,x0,0x1e	  x0:0x00000000 x11=0x00000000
       29615000	      2960	80002664	e658ba13	sltiu	x20,x17,-411	 x17:0x00000001 x20=0x00000001
       29625000	      2961	80002668	418c87b3	sub	x15,x25,x24	 x25:0xfc935c00 x24:0x00000002 x15=0xfc935bfe
       29635000	      2962	8000266c	6e4131b7	lui	x3,0x6e413	  x3=0x6e413000
       29645000	      2963	80002670	00000013	addi	x0,x0,0	  x0:0x00000000
       29655000	      2964	80002674	0093ca33	xor	x20,x7,x9	  x7:0x00000000  x9:0x00000000 x20=0x00000000
       29665000	      2965	80002678	e92f4c17	auipc	x24,0xe92f4	 x24=0x692f6674
       29675000	      2966	8000267c	002ff1b3	and	x3,x31,x2	 x31:0xfffffffe  x2:0xc935c000  x3=0xc935c000
       29685000	      2967	80002680	c6d92e93	slti	x29,x18,-915	 x18:0x7473f628 x29=0x00000000
       29695000	      2968	80002684	40bf51b3	sra	x3,x30,x11	 x30:0x5bc075a0 x11:0x00000000  x3=0x5bc075a0
       29705000	      2969	80002688	012259b3	srl	x19,x4,x18	  x4:0x80009fc4 x18:0x7473f628 x19=0x0080009f
       29715000	      2970	8000268c	26fa1117	auipc	x2,0x26fa1	  x2=0xa6fa3688
       29725000	      2971	80002690	00000013	addi	x0,x0,0	  x0:0x00000000
       29735000	      2972	80002694	9bea7313	andi	x6,x20,-1602	 x20:0x00000000  x6=0x00000000
       29745000	      2973	80002698	00ec0263	beq	x24,x14,8000269c	 x24:0x692f6674 x14:0x04400000
       29755000	      2974	8000269c	0111aeb3	slt	x29,x3,x17	  x3:0x5bc075a0 x17:0x00000001 x29=0x00000000
       29765000	      2975	800026a0	0132c2b3	xor	x5,x5,x19	  x5:0x7a2d9638 x19:0x0080009f  x5=0x7aad96a7
       29775000	      2976	800026a4	04335263	bge	x6,x3,800026e8	  x6:0x00000000  x3:0x5bc075a0
       29785000	      2977	800026a8	00cf9263	bne	x31,x12,800026ac	 x31:0xfffffffe x12:0xbc54a634
       29795000	      2978	00000000	00000013	addi	x0,x0,0	  x0:0x00000000
       29805000	      2979	800026a8	00000013	addi	x0,x0,0	  x0:0x00000000
       29815000	      2980	800026ac	01dd5d93	srli	x27,x26,0x1d	 x26:0xec4c0000 x27=0x00000007
       29825000	      2981	800026b0	003e6633	or	x12,x28,x3	 x28:0xfffffd97  x3:0x5bc075a0 x12=0xfffffdb7
       29835000	      2982	800026b4	01c21f13	slli	x30,x4,0x1c	  x4:0x80009fc4 x30=0x40000000
       29845000	      2983	800026b8	79cb6e17	auipc	x28,0x79cb6	 x28=0xf9cb86b4
       29855000	      2984	800026bc	0239fa63	bgeu	x19,x3,800026f0	 x19:0x0080009f  x3:0x5bc075a0
       29865000	      2985	800026c0	0150d913	srli	x18,x1,0x15	  x1:0x7ffffecb x18=0x000003ff
       29875000	      2986	800026c4	4022d713	srai	x14,x5,0x2	  x5:0x7aad96a7 x14=0x1eab65a9
       29885000	      2987	800026c8	00719433	sll	x8,x3,x7	  x3:0x5bc075a0  x7:0x00000000  x8=0x5bc075a0
       29895000	      2988	800026cc	0464d663	bge	x9,x6,80002718	  x9:0x00000000  x6:0x00000000
       29905000	      2989	00000000	00000013	addi	x0,x0,0	  x0:0x00000000
       29915000	      2990	80002714	00000013	addi	x0,x0,0	  x0:0x00000000
       29925000	      2991	80002718	00971ab3	sll	x21,x14,x9	 x14:0x1eab65a9  x9:0x00000000 x21=0x1eab65a9
       29935000	      2992	8000271c	03de7e63	bgeu	x28,x29,80002758	 x28:0xf9cb86b4 x29:0x00000000
       29945000	      2993	00000000	00000013	addi	x0,x0,0	  x0:0x00000000
       29955000	      2994	80002754	00000013	addi	x0,x0,0	  x0:0x00000000
       29965000	      2995	80002758	40485733	sra	x14,x16,x4	 x16:0x00000000  x4:0x80009fc4 x14=0x00000000
       29975000	      2996	8000275c	042d4663	blt	x26,x2,800027a8	 x26:0xec4c0000  x2:0xa6fa3688
       29985000	      2997	80002760	c33caf17	auipc	x30,0xc33ca	 x30=0x433cc75c
       29995000	      2998	80002764	c7823e13	sltiu	x28,x4,-904	  x4:0x80009fc4 x28=0x00000001
       30005000	      2999	80002768	40e80933	sub	x18,x16,x14	 x16:0x00000000 x14:0x00000000 x18=0x00000000
       30015000	      3000	8000276c	ad6bab13	slti	x22,x23,-1322	 x23:0x80009f40 x22=0x00000001
       30025000	      3001	80002770	fd7cb993	sltiu	x19,x25,-41	 x25:0xfc935c00 x19=0x00000001
       30035000	      3002	80002774	01260c63	beq	x12,x18,8000278c	 x12:0xfffffdb7 x18:0x00000000
       30045000	      3003	80002778	01e51c13	slli	x24,x10,0x1e	 x10:0x00000400 x24=0x00000000
       30055000	      3004	8000277c	41035393	srai	x7,x6,0x10	  x6:0x00000000  x7=0x00000000
       30065000	      3005	80002780	e0d47793	andi	x15,x8,-499	  x8:0x5bc075a0 x15=0x5bc07400
       30075000	      3006	80002784	03bc1a63	bne	x24,x27,800027b8	 x24:0x00000000 x27:0x00000007
       30085000	      3007	00000000	00000013	addi	x0,x0,0	  x0:0x00000000
       30095000	      3008	800027b4	00000013	addi	x0,x0,0	  x0:0x00000000
       30105000	      3009	800027b8	011719b3	sll	x19,x14,x17	 x14:0x00000000 x17:0x00000001 x19=0x00000000
       30115000	      3010	800027bc	00f6c7b3	xor	x15,x13,x15	 x13:0x000214e3 x15:0x5bc07400 x15=0x5bc260e3
       30125000	      3011	800027c0	00000013	addi	x0,x0,0	  x0:0x00000000
       30135000	      3012	800027c4	02e90793	addi	x15,x18,46	 x18:0x00000000 x15=0x0000002e
       30145000	      3013	800027c8	d94ba193	slti	x3,x23,-620	 x23:0x80009f40  x3=0x00000001
       30155000	      3014	800027cc	3805f613	andi	x12,x11,896	 x11:0x00000000 x12=0x00000000
       30165000	      3015	800027d0	00b09033	sll	x0,x1,x11	  x1:0x7ffffecb x11:0x00000000
       30175000	      3016	800027d4	05cd8863	beq	x27,x28,80002824	 x27:0x00000007 x28:0x00000001
       30185000	      3017	800027d8	011dce63	blt	x27,x17,800027f4	 x27:0x00000007 x17:0x00000001
       30195000	      3018	800027dc	03f8e463	bltu	x17,x31,80002804	 x17:0x00000001 x31:0xfffffffe
       30205000	      3019	00000000	00000013	addi	x0,x0,0	  x0:0x00000000
       30215000	      3020	80002800	00000013	addi	x0,x0,0	  x0:0x00000000
       30225000	      3021	80002804	05914263	blt	x2,x25,80002848	  x2:0xa6fa3688 x25:0xfc935c00
       30235000	      3022	00000000	00000013	addi	x0,x0,0	  x0:0x00000000
       30245000	      3023	80002844	00000013	addi	x0,x0,0	  x0:0x00000000
       30255000	      3024	80002848	03ef1063	bne	x30,x30,80002868	 x30:0x433cc75c x30:0x433cc75c
       30265000	      3025	8000284c	00c45c93	srli	x25,x8,0xc	  x8:0x5bc075a0 x25=0x0005bc07
       30275000	      3026	80002850	400b5193	srai	x3,x22,0x0	 x22:0x00000001  x3=0x00000001
       30285000	      3027	80002854	0011d593	srli	x11,x3,0x1	  x3:0x00000001 x11=0x00000000
       30295000	      3028	80002858	bdc3a413	slti	x8,x7,-1060	  x7:0x00000000  x8=0x00000000
       30305000	      3029	8000285c	61866d93	ori	x27,x12,1560	 x12:0x00000000 x27=0x00000618
       30315000	      3030	80002860	98dda493	slti	x9,x27,-1651	 x27:0x00000618  x9=0x00000000
       30325000	      3031	80002864	c979a093	slti	x1,x19,-873	 x19:0x00000000  x1=0x00000000
       30335000	      3032	80002868	00cbb1b3	sltu	x3,x23,x12	 x23:0x80009f40 x12:0x00000000  x3=0x00000000
       30345000	      3033	8000286c	0191d093	srli	x1,x3,0x19	  x3:0x00000000  x1=0x00000000
       30355000	      3034	80002870	016647b3	xor	x15,x12,x22	 x12:0x00000000 x22:0x00000001 x15=0x00000001
       30365000	      3035	80002874	008b5033	srl	x0,x22,x8	 x22:0x00000001  x8:0x00000000
       30375000	      3036	80002878	00e2a933	slt	x18,x5,x14	  x5:0x7aad96a7 x14:0x00000000 x18=0x00000000
       30385000	      3037	8000287c	0060b133	sltu	x2,x1,x6	  x1:0x00000000  x6:0x00000000  x2=0x00000000
       30395000	      3038	80002880	4132da13	srai	x20,x5,0x13	  x5:0x7aad96a7 x20=0x00000f55
       30405000	      3039	80002884	dbf02a93	slti	x21,x0,-577	  x0:0x00000000 x21=0x00000000
       30415000	      3040	80002888	003f1313	slli	x6,x30,0x3	 x30:0x433cc75c  x6=0x19e63ae0
       30425000	      3041	8000288c	402f5993	srai	x19,x30,0x2	 x30:0x433cc75c x19=0x10cf31d7
       30435000	      3042	80002890	01e38db3	add	x27,x7,x30	  x7:0x00000000 x30:0x433cc75c x27=0x433cc75c
       30445000	      3043	80002894	01107a63	bgeu	x0,x17,800028a8	  x0:0x00000000 x17:0x00000001
       30455000	      3044	80002898	402adcb3	sra	x25,x21,x2	 x21:0x00000000  x2:0x00000000 x25=0x00000000
       30465000	      3045	8000289c	eff44093	xori	x1,x8,-257	  x8:0x00000000  x1=0xfffffeff
       30475000	      3046	800028a0	7e8fb713	sltiu	x14,x31,2024	 x31:0xfffffffe x14=0x00000000
       30485000	      3047	800028a4	62aaa693	slti	x13,x21,1578	 x21:0x00000000 x13=0x00000001
       30495000	      3048	800028a8	76a14613	xori	x12,x2,1898	  x2:0x00000000 x12=0x0000076a
       30505000	      3049	800028ac	f6b4a693	slti	x13,x9,-149	  x9:0x00000000 x13=0x00000000
       30515000	      3050	800028b0	01c40433	add	x8,x8,x28	  x8:0x00000000 x28:0x00000001  x8=0x00000001
       30525000	      3051	800028b4	002a7db3	and	x27,x20,x2	 x20:0x00000f55  x2:0x00000000 x27=0x00000000
       30535000	      3052	800028b8	01b2ae33	slt	x28,x5,x27	  x5:0x7aad96a7 x27:0x00000000 x28=0x00000000
       30545000	      3053	800028bc	4188de13	srai	x28,x17,0x18	 x17:0x00000001 x28=0x00000000
       30555000	      3054	800028c0	009ee033	or	x0,x29,x9	 x29:0x00000000  x9:0x00000000
       30565000	      3055	800028c4	22530313	addi	x6,x6,549	  x6:0x19e63ae0  x6=0x19e63d05
       30575000	      3056	800028c8	ace4d0b7	lui	x1,0xace4d	  x1=0xace4d000
       30585000	      3057	800028cc	bad8ee93	ori	x29,x17,-1107	 x17:0x00000001 x29=0xfffffbad
       30595000	      3058	800028d0	01083033	sltu	x0,x16,x16	 x16:0x00000000 x16:0x00000000
       30605000	      3059	800028d4	17a5feb7	lui	x29,0x17a5f	 x29=0x17a5f000
       30615000	      3060	800028d8	b4902093	slti	x1,x0,-1207	  x0:0x00000000  x1=0x00000000
       30625000	      3061	800028dc	001d5e63	bge	x26,x1,800028f8	 x26:0xec4c0000  x1:0x00000000
       30635000	      3062	800028e0	00c05633	srl	x12,x0,x12	  x0:0x00000000 x12:0x0000076a x12=0x00000000
       30645000	      3063	800028e4	41d6ddb3	sra	x27,x13,x29	 x13:0x00000000 x29:0x17a5f000 x27=0x00000000
       30655000	      3064	800028e8	00000013	addi	x0,x0,0	  x0:0x00000000
       30665000	      3065	800028ec	002986b3	add	x13,x19,x2	 x19:0x10cf31d7  x2:0x00000000 x13=0x10cf31d7
       30675000	      3066	800028f0	40ca53b3	sra	x7,x20,x12	 x20:0x00000f55 x12:0x00000000  x7=0x00000f55
       30685000	      3067	800028f4	05df4663	blt	x30,x29,80002940	 x30:0x433cc75c x29:0x17a5f000
       30695000	      3068	800028f8	016963b3	or	x7,x18,x22	 x18:0x00000000 x22:0x00000001  x7=0x00000001
       30705000	      3069	800028fc	bc5fca93	xori	x21,x31,-1083	 x31:0xfffffffe x21=0x0000043b
       30715000	      3070	80002900	01998263	beq	x19,x25,80002904	 x19:0x10cf31d7 x25:0x00000000
       30725000	      3071	80002904	00112033	slt	x0,x2,x1	  x2:0x00000000  x1:0x00000000
       30735000	      3072	80002908	00933433	sltu	x8,x6,x9	  x6:0x19e63d05  x9:0x00000000  x8=0x00000000
       30745000	      3073	8000290c	033d4e63	blt	x26,x19,80002948	 x26:0xec4c0000 x19:0x10cf31d7
       30755000	      3074	00000000	00000013	addi	x0,x0,0	  x0:0x00000000
       30765000	      3075	80002944	00000013	addi	x0,x0,0	  x0:0x00000000
       30775000	      3076	80002948	017ff9b3	and	x19,x31,x23	 x31:0xfffffffe x23:0x80009f40 x19=0x80009f40
       30785000	      3077	8000294c	00609133	sll	x2,x1,x6	  x1:0x00000000  x6:0x19e63d05  x2=0x00000000
       30795000	      3078	80002950	006093b3	sll	x7,x1,x6	  x1:0x00000000  x6:0x19e63d05  x7=0x00000000
       30805000	      3079	80002954	ceeb6e13	ori	x28,x22,-786	 x22:0x00000001 x28=0xfffffcef
       30815000	      3080	80002958	f78fb313	sltiu	x6,x31,-136	 x31:0xfffffffe  x6=0x00000000
       30825000	      3081	8000295c	01a9db13	srli	x22,x19,0x1a	 x19:0x80009f40 x22=0x00000020
       30835000	      3082	80002960	0300d663	bge	x1,x16,8000298c	  x1:0x00000000 x16:0x00000000
       30845000	      3083	00000000	00000013	addi	x0,x0,0	  x0:0x00000000
       30855000	      3084	80002988	00000013	addi	x0,x0,0	  x0:0x00000000
       30865000	      3085	8000298c	012b9733	sll	x14,x23,x18	 x23:0x80009f40 x18:0x00000000 x14=0x80009f40
       30875000	      3086	80002990	970ddf97	auipc	x31,0x970dd	 x31=0x170df98c
       30885000	      3087	80002994	01e9db13	srli	x22,x19,0x1e	 x19:0x80009f40 x22=0x00000002
       30895000	      3088	80002998	00a6d313	srli	x6,x13,0xa	 x13:0x10cf31d7  x6=0x000433cc
       30905000	      3089	8000299c	3a7a4c13	xori	x24,x20,935	 x20:0x00000f55 x24=0x00000cf2
       30915000	      3090	800029a0	004ba703	lw	x14,4(x23)	 x23:0x80009f40 x14=0x80000370 PA:0x80009f44
       30925000	      3091	800029a4	9a56e113	ori	x2,x13,-1627	 x13:0x10cf31d7  x2=0xfffff9f7
       30935000	      3092	800029a8	024b8b93	addi	x23,x23,36	 x23:0x80009f40 x23=0x80009f64
       30945000	      3093	800029ac	41108d33	sub	x26,x1,x17	  x1:0x00000000 x17:0x00000001 x26=0xffffffff
       30955000	      3094	800029b0	017792b3	sll	x5,x15,x23	 x15:0x00000001 x23:0x80009f64  x5=0x00000010
       30965000	      3095	800029b4	a5c4fd93	andi	x27,x9,-1444	  x9:0x00000000 x27=0x00000000
       30975000	      3096	800029b8	013dbeb3	sltu	x29,x27,x19	 x27:0x00000000 x19:0x80009f40 x29=0x00000001
       30985000	      3097	800029bc	cbbc3313	sltiu	x6,x24,-837	 x24:0x00000cf2  x6=0x00000001
       30995000	      3098	800029c0	01c108b3	add	x17,x2,x28	  x2:0xfffff9f7 x28:0xfffffcef x17=0xfffff6e6
       31005000	      3099	800029c4	00259513	slli	x10,x11,0x2	 x11:0x00000000 x10=0x00000000
       31015000	      3100	800029c8	00ec1a33	sll	x20,x24,x14	 x24:0x00000cf2 x14:0x80000370 x20=0x0cf20000
       31025000	      3101	800029cc	00170a13	addi	x20,x14,1	 x14:0x80000370 x20=0x80000371
       31035000	      3102	800029d0	000a0a67	jalr	x20,x20,0	 x20:0x80000371 x20=0x800029d0
       31045000	      3103	00000000	00000013	addi	x0,x0,0	  x0:0x00000000
       31055000	      3104	80000370	00000013	addi	x0,x0,0	  x0:0x00000000
       31065000	      3105	80000374	00000493	addi	x9,x0,0	  x0:0x00000000  x9=0x00000000
       31075000	      3106	80000378	002b21b3	slt	x3,x22,x2	 x22:0x00000002  x2:0xfffff9f7  x3=0x00000000
       31085000	      3107	8000037c	0054a433	slt	x8,x9,x5	  x9:0x00000000  x5:0x00000010  x8=0x00000001
       31095000	      3108	80000380	00300a93	addi	x21,x0,3	  x0:0x00000000 x21=0x00000003
       31105000	      3109	80000384	00adffb3	and	x31,x27,x10	 x27:0x00000000 x10:0x00000000 x31=0x00000000
       31115000	      3110	80000388	008b1633	sll	x12,x22,x8	 x22:0x00000002  x8:0x00000001 x12=0x00000004
       31125000	      3111	8000038c	00000013	addi	x0,x0,0	  x0:0x00000000
       31135000	      3112	80000390	00948493	addi	x9,x9,9	  x9:0x00000000  x9=0x00000009
       31145000	      3113	80000394	01a6d593	srli	x11,x13,0x1a	 x13:0x10cf31d7 x11=0x00000004
       31155000	      3114	80000398	ff54c6e3	blt	x9,x21,80000384	  x9:0x00000009 x21:0x00000003
       31165000	      3115	8000039c	412b00b3	sub	x1,x22,x18	 x22:0x00000002 x18:0x00000000  x1=0x00000002
       31175000	      3116	800003a0	41715613	srai	x12,x2,0x17	  x2:0xfffff9f7 x12=0xffffffff
       31185000	      3117	800003a4	22f848b7	lui	x17,0x22f84	 x17=0x22f84000
       31195000	      3118	800003a8	00ac1d93	slli	x27,x24,0xa	 x24:0x00000cf2 x27=0x0033c800
       31205000	      3119	800003ac	d97bc093	xori	x1,x23,-617	 x23:0x80009f64  x1=0x7fff62f3
       31215000	      3120	800003b0	01e0db13	srli	x22,x1,0x1e	  x1:0x7fff62f3 x22=0x00000001
       31225000	      3121	800003b4	046b6263	bltu	x22,x6,800003f8	 x22:0x00000001  x6:0x00000001
       31235000	      3122	800003b8	f072cd37	lui	x26,0xf072c	 x26=0xf072c000
       31245000	      3123	800003bc	03d4e863	bltu	x9,x29,800003ec	  x9:0x00000009 x29:0x00000001
       31255000	      3124	800003c0	00195633	srl	x12,x18,x1	 x18:0x00000000  x1:0x7fff62f3 x12=0x00000000
       31265000	      3125	800003c4	410084b3	sub	x9,x1,x16	  x1:0x7fff62f3 x16:0x00000000  x9=0x7fff62f3
       31275000	      3126	800003c8	02be7a63	bgeu	x28,x11,800003fc	 x28:0xfffffcef x11:0x00000004
       31285000	      3127	00000000	00000013	addi	x0,x0,0	  x0:0x00000000
       31295000	      3128	800003f8	00000013	addi	x0,x0,0	  x0:0x00000000
       31305000	      3129	800003fc	001a62b3	or	x5,x20,x1	 x20:0x800029d0  x1:0x7fff62f3  x5=0xffff6bf3
       31315000	      3130	80000400	85e2ee93	ori	x29,x5,-1954	  x5:0xffff6bf3 x29=0xfffffbff
       31325000	      3131	80000404	01cb5313	srli	x6,x22,0x1c	 x22:0x00000001  x6=0x00000000
       31335000	      3132	80000408	824de793	ori	x15,x27,-2012	 x27:0x0033c800 x15=0xfffff824
       31345000	      3133	8000040c	f398c093	xori	x1,x17,-199	 x17:0x22f84000  x1=0xdd07bf39
       31355000	      3134	80000410	00dd2433	slt	x8,x26,x13	 x26:0xf072c000 x13:0x10cf31d7  x8=0x00000001
       31365000	      3135	80000414	04c2d863	bge	x5,x12,80000464	  x5:0xffff6bf3 x12:0x00000000
       31375000	      3136	80000418	01e72e33	slt	x28,x14,x30	 x14:0x80000370 x30:0x433cc75c x28=0x00000001
       31385000	      3137	8000041c	0c669f17	auipc	x30,0xc669	 x30=0x8c669418
       31395000	      3138	80000420	05548863	beq	x9,x21,80000470	  x9:0x7fff62f3 x21:0x00000003
       31405000	      3139	80000424	05bc5063	bge	x24,x27,80000464	 x24:0x00000cf2 x27:0x0033c800
       31415000	      3140	80000428	00a39f13	slli	x30,x7,0xa	  x7:0x00000000 x30=0x00000000
       31425000	      3141	8000042c	035a7063	bgeu	x20,x21,8000044c	 x20:0x800029d0 x21:0x00000003
       31435000	      3142	00000000	00000013	addi	x0,x0,0	  x0:0x00000000
       31445000	      3143	80000448	00000013	addi	x0,x0,0	  x0:0x00000000
       31455000	      3144	8000044c	4036d113	srai	x2,x13,0x3	 x13:0x10cf31d7  x2=0x0219e63a
       31465000	      3145	80000450	c33f2693	slti	x13,x30,-973	 x30:0x00000000 x13=0x00000000
       31475000	      3146	80000454	20be8993	addi	x19,x29,523	 x29:0xfffffbff x19=0xfffffe0a
       31485000	      3147	80000458	00c325b3	slt	x11,x6,x12	  x6:0x00000000 x12:0x00000000 x11=0x00000000
       31495000	      3148	8000045c	002858b3	srl	x17,x16,x2	 x16:0x00000000  x2:0x0219e63a x17=0x00000000
       31505000	      3149	80000460	4034d513	srai	x10,x9,0x3	  x9:0x7fff62f3 x10=0x0fffec5e
       31515000	      3150	80000464	00000013	addi	x0,x0,0	  x0:0x00000000
       31525000	      3151	80000468	e3fe4493	xori	x9,x28,-449	 x28:0x00000001  x9=0xfffffe3e
       31535000	      3152	8000046c	2fa03193	sltiu	x3,x0,762	  x0:0x00000000  x3=0x00000001
       31545000	      3153	80000470	0069a7b3	slt	x15,x19,x6	 x19:0xfffffe0a  x6:0x00000000 x15=0x00000001
       31555000	      3154	80000474	00f08263	beq	x1,x15,80000478	  x1:0xdd07bf39 x15:0x00000001
       31565000	      3155	80000478	90842093	slti	x1,x8,-1784	  x8:0x00000001  x1=0x00000000
       31575000	      3156	8000047c	67a88a13	addi	x20,x17,1658	 x17:0x00000000 x20=0x0000067a
       31585000	      3157	80000480	004ba703	lw	x14,4(x23)	 x23:0x80009f64 x14=0x80000144 PA:0x80009f68
       31595000	      3158	00000000	00000013	addi	x0,x0,0	  x0:0x00000000
       31605000	      3159	80000484	4e976937	lui	x18,0x4e976	 x18=0x4e976000
       31615000	      3160	80000488	020b8b93	addi	x23,x23,32	 x23:0x80009f64 x23=0x80009f84
       31625000	      3161	8000048c	00d419b3	sll	x19,x8,x13	  x8:0x00000001 x13:0x00000000 x19=0x00000001
       31635000	      3162	80000490	4074df93	srai	x31,x9,0x7	  x9:0xfffffe3e x31=0xfffffffc
       31645000	      3163	80000494	00070e93	addi	x29,x14,0	 x14:0x80000144 x29=0x80000144
       31655000	      3164	80000498	000e8ee7	jalr	x29,x29,0	 x29:0x80000144 x29=0x80000498
       31665000	      3165	00000000	00000013	addi	x0,x0,0	  x0:0x00000000
       31675000	      3166	80000144	00000013	addi	x0,x0,0	  x0:0x00000000
       31685000	      3167	80000148	ffa00d13	addi	x26,x0,-6	  x0:0x00000000 x26=0xfffffffa
       31695000	      3168	8000014c	4015de13	srai	x28,x11,0x1	 x11:0x00000000 x28=0x00000000
       31705000	      3169	80000150	848c0913	addi	x18,x24,-1976	 x24:0x00000cf2 x18=0x0000053a
       31715000	      3170	80000154	00000013	addi	x0,x0,0	  x0:0x00000000
       31725000	      3171	80000158	fee00193	addi	x3,x0,-18	  x0:0x00000000  x3=0xffffffee
       31735000	      3172	8000015c	005849b3	xor	x19,x16,x5	 x16:0x00000000  x5:0xffff6bf3 x19=0xffff6bf3
       31745000	      3173	80000160	017439b3	sltu	x19,x8,x23	  x8:0x00000001 x23:0x80009f84 x19=0x00000001
       31755000	      3174	80000164	ffad0d13	addi	x26,x26,-6	 x26:0xfffffffa x26=0xfffffff4
       31765000	      3175	80000168	00000013	addi	x0,x0,0	  x0:0x00000000
       31775000	      3176	8000016c	01cb9333	sll	x6,x23,x28	 x23:0x80009f84 x28:0x00000000  x6=0x80009f84
       31785000	      3177	80000170	00a00493	addi	x9,x0,10	  x0:0x00000000  x9=0x0000000a
       31795000	      3178	80000174	0caea993	slti	x19,x29,202	 x29:0x80000498 x19=0x00000001
       31805000	      3179	80000178	00000013	addi	x0,x0,0	  x0:0x00000000
       31815000	      3180	8000017c	00700c13	addi	x24,x0,7	  x0:0x00000000 x24=0x00000007
       31825000	      3181	80000180	91cfd637	lui	x12,0x91cfd	 x12=0x91cfd000
       31835000	      3182	80000184	015e22b3	slt	x5,x28,x21	 x28:0x00000000 x21:0x00000003  x5=0x00000001
       31845000	      3183	80000188	010776b3	and	x13,x14,x16	 x14:0x80000144 x16:0x00000000 x13=0x00000000
       31855000	      3184	8000018c	00000013	addi	x0,x0,0	  x0:0x00000000
       31865000	      3185	80000190	40915a93	srai	x21,x2,0x9	  x2:0x0219e63a x21=0x00010cf3
       31875000	      3186	80000194	a9fe0e93	addi	x29,x28,-1377	 x28:0x00000000 x29=0xfffffa9f
       31885000	      3187	80000198	0126b933	sltu	x18,x13,x18	 x13:0x00000000 x18:0x0000053a x18=0x00000001
       31895000	      3188	8000019c	00442b33	slt	x22,x8,x4	  x8:0x00000001  x4:0x80009fc4 x22=0x00000000
       31905000	      3189	800001a0	3bdd6e13	ori	x28,x26,957	 x26:0xfffffff4 x28=0xfffffffd
       31915000	      3190	800001a4	004bae33	slt	x28,x23,x4	 x23:0x80009f84  x4:0x80009fc4 x28=0x00000001
       31925000	      3191	800001a8	40f50133	sub	x2,x10,x15	 x10:0x0fffec5e x15:0x00000001  x2=0x0fffec5d
       31935000	      3192	800001ac	ffb48493	addi	x9,x9,-5	  x9:0x0000000a  x9=0x00000005
       31945000	      3193	800001b0	000e00b3	add	x1,x28,x0	 x28:0x00000001  x0:0x00000000  x1=0x00000001
       31955000	      3194	800001b4	40375e13	srai	x28,x14,0x3	 x14:0x80000144 x28=0xf0000028
       31965000	      3195	800001b8	c9953d93	sltiu	x27,x10,-871	 x10:0x0fffec5e x27=0x00000001
       31975000	      3196	800001bc	b4644513	xori	x10,x8,-1210	  x8:0x00000001 x10=0xfffffb47
       31985000	      3197	800001c0	fd84fae3	bgeu	x9,x24,80000194	  x9:0x00000005 x24:0x00000007
       31995000	      3198	800001c4	41a00933	sub	x18,x0,x26	  x0:0x00000000 x26:0xfffffff4 x18=0x0000000c
       32005000	      3199	800001c8	01a1de13	srli	x28,x3,0x1a	  x3:0xffffffee x28=0x0000003f
       32015000	      3200	800001cc	f83d18e3	bne	x26,x3,8000015c	 x26:0xfffffff4  x3:0xffffffee
       32025000	      3201	00000000	00000013	addi	x0,x0,0	  x0:0x00000000
       32035000	      3202	80000158	00000013	addi	x0,x0,0	  x0:0x00000000
       32045000	      3203	8000015c	005849b3	xor	x19,x16,x5	 x16:0x00000000  x5:0x00000001 x19=0x00000001
       32055000	      3204	80000160	017439b3	sltu	x19,x8,x23	  x8:0x00000001 x23:0x80009f84 x19=0x00000001
       32065000	      3205	80000164	ffad0d13	addi	x26,x26,-6	 x26:0xfffffff4 x26=0xffffffee
       32075000	      3206	80000168	00000013	addi	x0,x0,0	  x0:0x00000000
       32085000	      3207	8000016c	01cb9333	sll	x6,x23,x28	 x23:0x80009f84 x28:0x0000003f  x6=0x00000000
       32095000	      3208	80000170	00a00493	addi	x9,x0,10	  x0:0x00000000  x9=0x0000000a
       32105000	      3209	80000174	0caea993	slti	x19,x29,202	 x29:0xfffffa9f x19=0x00000001
       32115000	      3210	80000178	00000013	addi	x0,x0,0	  x0:0x00000000
       32125000	      3211	8000017c	00700c13	addi	x24,x0,7	  x0:0x00000000 x24=0x00000007
       32135000	      3212	80000180	91cfd637	lui	x12,0x91cfd	 x12=0x91cfd000
       32145000	      3213	80000184	015e22b3	slt	x5,x28,x21	 x28:0x0000003f x21:0x00010cf3  x5=0x00000001
       32155000	      3214	80000188	010776b3	and	x13,x14,x16	 x14:0x80000144 x16:0x00000000 x13=0x00000000
       32165000	      3215	8000018c	00000013	addi	x0,x0,0	  x0:0x00000000
       32175000	      3216	80000190	40915a93	srai	x21,x2,0x9	  x2:0x0fffec5d x21=0x0007fff6
       32185000	      3217	80000194	a9fe0e93	addi	x29,x28,-1377	 x28:0x0000003f x29=0xfffffade
       32195000	      3218	80000198	0126b933	sltu	x18,x13,x18	 x13:0x00000000 x18:0x0000000c x18=0x00000001
       32205000	      3219	8000019c	00442b33	slt	x22,x8,x4	  x8:0x00000001  x4:0x80009fc4 x22=0x00000000
       32215000	      3220	800001a0	3bdd6e13	ori	x28,x26,957	 x26:0xffffffee x28=0xffffffff
       32225000	      3221	800001a4	004bae33	slt	x28,x23,x4	 x23:0x80009f84  x4:0x80009fc4 x28=0x00000001
       32235000	      3222	800001a8	40f50133	sub	x2,x10,x15	 x10:0xfffffb47 x15:0x00000001  x2=0xfffffb46
       32245000	      3223	800001ac	ffb48493	addi	x9,x9,-5	  x9:0x0000000a  x9=0x00000005
       32255000	      3224	800001b0	000e00b3	add	x1,x28,x0	 x28:0x00000001  x0:0x00000000  x1=0x00000001
       32265000	      3225	800001b4	40375e13	srai	x28,x14,0x3	 x14:0x80000144 x28=0xf0000028
       32275000	      3226	800001b8	c9953d93	sltiu	x27,x10,-871	 x10:0xfffffb47 x27=0x00000001
       32285000	      3227	800001bc	b4644513	xori	x10,x8,-1210	  x8:0x00000001 x10=0xfffffb47
       32295000	      3228	800001c0	fd84fae3	bgeu	x9,x24,80000194	  x9:0x00000005 x24:0x00000007
       32305000	      3229	800001c4	41a00933	sub	x18,x0,x26	  x0:0x00000000 x26:0xffffffee x18=0x00000012
       32315000	      3230	800001c8	01a1de13	srli	x28,x3,0x1a	  x3:0xffffffee x28=0x0000003f
       32325000	      3231	800001cc	f83d18e3	bne	x26,x3,8000015c	 x26:0xffffffee  x3:0xffffffee
       32335000	      3232	800001d0	0187bcb3	sltu	x25,x15,x24	 x15:0x00000001 x24:0x00000007 x25=0x00000001
       32345000	      3233	800001d4	40cd5933	sra	x18,x26,x12	 x26:0xffffffee x12:0x91cfd000 x18=0xffffffee
       32355000	      3234	800001d8	b5a06e17	auipc	x28,0xb5a06	 x28=0x35a061d4
       32365000	      3235	800001dc	003b1013	slli	x0,x22,0x3	 x22:0x00000000
       32375000	      3236	800001e0	00d159b3	srl	x19,x2,x13	  x2:0xfffffb46 x13:0x00000000 x19=0xfffffb46
       32385000	      3237	800001e4	01cb39b3	sltu	x19,x22,x28	 x22:0x00000000 x28:0x35a061d4 x19=0x00000001
       32395000	      3238	800001e8	015dd3b3	srl	x7,x27,x21	 x27:0x00000001 x21:0x0007fff6  x7=0x00000000
       32405000	      3239	800001ec	b7d8c013	xori	x0,x17,-1155	 x17:0x00000000
       32415000	      3240	800001f0	b6d78913	addi	x18,x15,-1171	 x15:0x00000001 x18=0xfffffb6e
       32425000	      3241	800001f4	00740733	add	x14,x8,x7	  x8:0x00000001  x7:0x00000000 x14=0x00000001
       32435000	      3242	800001f8	89546693	ori	x13,x8,-1899	  x8:0x00000001 x13=0xfffff895
       32445000	      3243	800001fc	00af9613	slli	x12,x31,0xa	 x31:0xfffffffc x12=0xfffff000
       32455000	      3244	80000200	0651fe63	bgeu	x3,x5,8000027c	  x3:0xffffffee  x5:0x00000001
       32465000	      3245	00000000	00000013	addi	x0,x0,0	  x0:0x00000000
       32475000	      3246	80000278	00000013	addi	x0,x0,0	  x0:0x00000000
       32485000	      3247	8000027c	013d1fb3	sll	x31,x26,x19	 x26:0xffffffee x19:0x00000001 x31=0xffffffdc
       32495000	      3248	80000280	01dd0933	add	x18,x26,x29	 x26:0xffffffee x29:0xfffffade x18=0xfffffacc
       32505000	      3249	80000284	d47a45b7	lui	x11,0xd47a4	 x11=0xd47a4000
       32515000	      3250	80000288	4115df13	srai	x30,x11,0x11	 x11:0xd47a4000 x30=0xffffea3d
       32525000	      3251	8000028c	41825893	srai	x17,x4,0x18	  x4:0x80009fc4 x17=0xffffff80
       32535000	      3252	80000290	018228b3	slt	x17,x4,x24	  x4:0x80009fc4 x24:0x00000007 x17=0x00000001
       32545000	      3253	80000294	00811463	bne	x2,x8,8000029c	  x2:0xfffffb46  x8:0x00000001
       32555000	      3254	00000000	00000013	addi	x0,x0,0	  x0:0x00000000
       32565000	      3255	80000298	00000013	addi	x0,x0,0	  x0:0x00000000
       32575000	      3256	8000029c	41895313	srai	x6,x18,0x18	 x18:0xfffffacc  x6=0xffffffff
       32585000	      3257	800002a0	00000817	auipc	x16,0x0	 x16=0x8000029c
       32595000	      3258	800002a4	00c80813	addi	x16,x16,12	 x16:0x8000029c x16=0x800002a8
       32605000	      3259	800002a8	00080067	jalr	x0,x16,0	 x16:0x800002a8
       32615000	      3260	00000000	00000013	addi	x0,x0,0	  x0:0x00000000
       32625000	      3261	800002a8	00000013	addi	x0,x0,0	  x0:0x00000000
       32635000	      3262	800002ac	00100193	addi	x3,x0,1	  x0:0x00000000  x3=0x00000001
       32645000	      3263	800002b0	00000073	ecall	
       32655000	      3264	800002b4	01cf9cb3	sll	x25,x31,x28	 x31:0xffffffdc x28:0x35a061d4 x25=0xfdc00000
