		Time			Cycle	PC		Insn	Decoded instruction	Register and memory contents
          65000	         5	80000004	00000293	addi	x5,x0,0	  x0:0x00000000  x5=0x00000000
          75000	         6	80000008	00000313	addi	x6,x0,0	  x0:0x00000000  x6=0x00000000
          85000	         7	8000000c	00628263	beq	x5,x6,80000010	  x5:0x00000000  x6:0x00000000
          95000	         8	00000000	00000013	addi	x0,x0,0	  x0:0x00000000
         105000	         9	8000000c	00000013	addi	x0,x0,0	  x0:0x00000000
         115000	        10	80000010	00000b17	auipc	x22,0x0	 x22=0x8000000c
         125000	        11	80000014	00cb0b13	addi	x22,x22,12	 x22:0x8000000c x22=0x80000018
         135000	        12	80000018	000b0067	jalr	x0,x22,0	 x22:0x80000018
         145000	        13	00000000	00000013	addi	x0,x0,0	  x0:0x00000000
         155000	        14	80000018	00000013	addi	x0,x0,0	  x0:0x00000000
         165000	        15	8000001c	40000db7	lui	x27,0x40000	 x27=0x40000000
         175000	        16	80000020	100d8d93	addi	x27,x27,256	 x27:0x40000000 x27=0x40000100
         185000	        17	80000024	00000013	addi	x0,x0,0	  x0:0x00000000
         195000	        18	80000028	0000a297	auipc	x5,0xa	  x5=0x8000a024
         205000	        19	8000002c	fa028293	addi	x5,x5,-96	  x5:0x8000a024  x5=0x80009fc4
         215000	        20	80000030	00003d97	auipc	x27,0x3	 x27=0x8000302c
         225000	        21	80000034	e78d8d93	addi	x27,x27,-392	 x27:0x8000302c x27=0x80002ea4
         235000	        22	80000038	000ded93	ori	x27,x27,0	 x27:0x80002ea4 x27=0x80002ea4
         245000	        23	8000003c	00000013	addi	x0,x0,0	  x0:0x00000000
         255000	        24	80000040	00000d97	auipc	x27,0x0	 x27=0x8000003c
         265000	        25	80000044	020d8d93	addi	x27,x27,32	 x27:0x8000003c x27=0x8000005c
         275000	        26	80000048	00000013	addi	x0,x0,0	  x0:0x00000000
         285000	        27	8000004c	00000013	addi	x0,x0,0	  x0:0x00000000
         295000	        28	80000050	00002db7	lui	x27,0x2	 x27=0x00002000
         305000	        29	80000054	800d8d93	addi	x27,x27,-2048	 x27:0x00002000 x27=0x00001800
         315000	        30	80000058	00000013	addi	x0,x0,0	  x0:0x00000000
         325000	        31	8000005c	00000013	addi	x0,x0,0	  x0:0x00000000
         335000	        32	80000060	f0bd0037	lui	x0,0xf0bd0	
         345000	        33	80000064	97c00013	addi	x0,x0,-1668	  x0:0x00000000
         355000	        34	80000068	800000b7	lui	x1,0x80000	  x1=0x80000000
         365000	        35	8000006c	f69bd137	lui	x2,0xf69bd	  x2=0xf69bd000
         375000	        36	80000070	07610113	addi	x2,x2,118	  x2:0xf69bd000  x2=0xf69bd076
         385000	        37	80000074	00100193	addi	x3,x0,1	  x0:0x00000000  x3=0x00000001
         395000	        38	80000078	f1d2a237	lui	x4,0xf1d2a	  x4=0xf1d2a000
         405000	        39	8000007c	42e20213	addi	x4,x4,1070	  x4:0xf1d2a000  x4=0xf1d2a42e
         415000	        40	80000080	f77c8337	lui	x6,0xf77c8	  x6=0xf77c8000
         425000	        41	80000084	1ec30313	addi	x6,x6,492	  x6:0xf77c8000  x6=0xf77c81ec
         435000	        42	80000088	00600393	addi	x7,x0,6	  x0:0x00000000  x7=0x00000006
         445000	        43	8000008c	d926b437	lui	x8,0xd926b	  x8=0xd926b000
         455000	        44	80000090	edf40413	addi	x8,x8,-289	  x8:0xd926b000  x8=0xd926aedf
         465000	        45	80000094	800004b7	lui	x9,0x80000	  x9=0x80000000
         475000	        46	80000098	6c693537	lui	x10,0x6c693	 x10=0x6c693000
         485000	        47	8000009c	d0250513	addi	x10,x10,-766	 x10:0x6c693000 x10=0x6c692d02
         495000	        48	800000a0	ba8fa5b7	lui	x11,0xba8fa	 x11=0xba8fa000
         505000	        49	800000a4	37658593	addi	x11,x11,886	 x11:0xba8fa000 x11=0xba8fa376
         515000	        50	800000a8	fcc8c637	lui	x12,0xfcc8c	 x12=0xfcc8c000
         525000	        51	800000ac	e3160613	addi	x12,x12,-463	 x12:0xfcc8c000 x12=0xfcc8be31
         535000	        52	800000b0	006666b7	lui	x13,0x666	 x13=0x00666000
         545000	        53	800000b4	07268693	addi	x13,x13,114	 x13:0x00666000 x13=0x00666072
         555000	        54	800000b8	bae98737	lui	x14,0xbae98	 x14=0xbae98000
         565000	        55	800000bc	41370713	addi	x14,x14,1043	 x14:0xbae98000 x14=0xbae98413
         575000	        56	800000c0	00000793	addi	x15,x0,0	  x0:0x00000000 x15=0x00000000
         585000	        57	800000c4	00000813	addi	x16,x0,0	  x0:0x00000000 x16=0x00000000
         595000	        58	800000c8	00400893	addi	x17,x0,4	  x0:0x00000000 x17=0x00000004
         605000	        59	800000cc	00000913	addi	x18,x0,0	  x0:0x00000000 x18=0x00000000
         615000	        60	800000d0	f24809b7	lui	x19,0xf2480	 x19=0xf2480000
         625000	        61	800000d4	f3e98993	addi	x19,x19,-194	 x19:0xf2480000 x19=0xf247ff3e
         635000	        62	800000d8	fd808a37	lui	x20,0xfd808	 x20=0xfd808000
         645000	        63	800000dc	842a0a13	addi	x20,x20,-1982	 x20:0xfd808000 x20=0xfd807842
         655000	        64	800000e0	00d00a93	addi	x21,x0,13	  x0:0x00000000 x21=0x0000000d
         665000	        65	800000e4	8c815b37	lui	x22,0x8c815	 x22=0x8c815000
         675000	        66	800000e8	40fb0b13	addi	x22,x22,1039	 x22:0x8c815000 x22=0x8c81540f
         685000	        67	800000ec	80000bb7	lui	x23,0x80000	 x23=0x80000000
         695000	        68	800000f0	80000c37	lui	x24,0x80000	 x24=0x80000000
         705000	        69	800000f4	00000c93	addi	x25,x0,0	  x0:0x00000000 x25=0x00000000
         715000	        70	800000f8	00000d13	addi	x26,x0,0	  x0:0x00000000 x26=0x00000000
         725000	        71	800000fc	00200d93	addi	x27,x0,2	  x0:0x00000000 x27=0x00000002
         735000	        72	80000100	f5fc0eb7	lui	x29,0xf5fc0	 x29=0xf5fc0000
         745000	        73	80000104	cd4e8e93	addi	x29,x29,-812	 x29:0xf5fc0000 x29=0xf5fbfcd4
         755000	        74	80000108	80000f37	lui	x30,0x80000	 x30=0x80000000
         765000	        75	8000010c	a87c0fb7	lui	x31,0xa87c0	 x31=0xa87c0000
         775000	        76	80000110	48df8f93	addi	x31,x31,1165	 x31:0xa87c0000 x31=0xa87c048d
         785000	        77	80000114	0000ae17	auipc	x28,0xa	 x28=0x8000a110
         795000	        78	80000118	e74e0e13	addi	x28,x28,-396	 x28:0x8000a110 x28=0x80009f84
         805000	        79	8000011c	00002597	auipc	x11,0x2	 x11=0x80002118
         815000	        80	80000120	d7858593	addi	x11,x11,-648	 x11:0x80002118 x11=0x80001e90
         825000	        81	80000124	01b36fb3	or	x31,x6,x27	  x6:0xf77c81ec x27:0x00000002 x31=0xf77c81ee
         835000	        82	80000128	15258593	addi	x11,x11,338	 x11:0x80001e90 x11=0x80001fe2
         845000	        83	8000012c	417fd4b3	sra	x9,x31,x23	 x31:0xf77c81ee x23:0x80000000  x9=0xf77c81ee
         855000	        84	80000130	01ff7a63	bgeu	x30,x31,80000144	 x30:0x80000000 x31:0xf77c81ee
         865000	        85	80000134	01517333	and	x6,x2,x21	  x2:0xf69bd076 x21:0x0000000d  x6=0x00000004
         875000	        86	80000138	31e9b513	sltiu	x10,x19,798	 x19:0xf247ff3e x10=0x00000000
         885000	        87	8000013c	d301d3b7	lui	x7,0xd301d	  x7=0xd301d000
         895000	        88	80000140	15f38213	addi	x4,x7,351	  x7:0xd301d000  x4=0xd301d15f
         905000	        89	80000144	eaf58ee7	jalr	x29,x11,-337	 x11:0x80001fe2 x29=0x80000144
         915000	        90	00000000	00000013	addi	x0,x0,0	  x0:0x00000000
         925000	        91	80001e90	00000013	addi	x0,x0,0	  x0:0x00000000
         935000	        92	80001e94	0087da33	srl	x20,x15,x8	 x15:0x00000000  x8:0xd926aedf x20=0x00000000
         945000	        93	80001e98	013b7a63	bgeu	x22,x19,80001eac	 x22:0x8c81540f x19:0xf247ff3e
         955000	        94	80001e9c	0014d913	srli	x18,x9,0x1	  x9:0xf77c81ee x18=0x7bbe40f7
         965000	        95	80001ea0	01b503b3	add	x7,x10,x27	 x10:0x00000000 x27:0x00000002  x7=0x00000002
         975000	        96	80001ea4	f87cf313	andi	x6,x25,-121	 x25:0x00000000  x6=0x00000000
         985000	        97	80001ea8	416fdb93	srai	x23,x31,0x16	 x31:0xf77c81ee x23=0xffffffdd
         995000	        98	80001eac	fd4e0e13	addi	x28,x28,-44	 x28:0x80009f84 x28=0x80009f58
        1005000	        99	80001eb0	01de2223	sw	x29,4(x28)	 x28:0x80009f58 x29:0x80000144 PA:0x80009f5c
        1015000	       100	80001eb4	8a792f93	slti	x31,x18,-1881	 x18:0x7bbe40f7 x31=0x00000000
        1025000	       101	80001eb8	4011dc13	srai	x24,x3,0x1	  x3:0x00000001 x24=0x00000000
        1035000	       102	80001ebc	00000013	addi	x0,x0,0	  x0:0x00000000
        1045000	       103	80001ec0	402fda13	srai	x20,x31,0x2	 x31:0x00000000 x20=0x00000000
        1055000	       104	80001ec4	f80ce993	ori	x19,x25,-128	 x25:0x00000000 x19=0xffffff80
        1065000	       105	80001ec8	00eef863	bgeu	x29,x14,80001ed8	 x29:0x80000144 x14:0xbae98413
        1075000	       106	80001ecc	00839d93	slli	x27,x7,0x8	  x7:0x00000002 x27=0x00000200
        1085000	       107	80001ed0	3fa99f37	lui	x30,0x3fa99	 x30=0x3fa99000
        1095000	       108	80001ed4	e5adcd13	xori	x26,x27,-422	 x27:0x00000200 x26=0xfffffc5a
        1105000	       109	80001ed8	8eb48c13	addi	x24,x9,-1813	  x9:0xf77c81ee x24=0xf77c7ad9
        1115000	       110	80001edc	018e97b3	sll	x15,x29,x24	 x29:0x80000144 x24:0xf77c7ad9 x15=0x88000000
        1125000	       111	80001ee0	041f7663	bgeu	x30,x1,80001f2c	 x30:0x3fa99000  x1:0x80000000
        1135000	       112	80001ee4	40f5da33	sra	x20,x11,x15	 x11:0x80001fe2 x15:0x88000000 x20=0x80001fe2
        1145000	       113	80001ee8	00ea8db3	add	x27,x21,x14	 x21:0x0000000d x14:0xbae98413 x27=0xbae98420
        1155000	       114	80001eec	0267e063	bltu	x15,x6,80001f0c	 x15:0x88000000  x6:0x00000000
        1165000	       115	80001ef0	40295433	sra	x8,x18,x2	 x18:0x7bbe40f7  x2:0xf69bd076  x8=0x000001ee
        1175000	       116	80001ef4	01b939b3	sltu	x19,x18,x27	 x18:0x7bbe40f7 x27:0xbae98420 x19=0x00000001
        1185000	       117	80001ef8	664ab737	lui	x14,0x664ab	 x14=0x664ab000
        1195000	       118	80001efc	05ff9063	bne	x31,x31,80001f3c	 x31:0x00000000 x31:0x00000000
        1205000	       119	80001f00	5f84cf13	xori	x30,x9,1528	  x9:0xf77c81ee x30=0xf77c8416
        1215000	       120	80001f04	000bff33	and	x30,x23,x0	 x23:0xffffffdd  x0:0x00000000 x30=0x00000000
        1225000	       121	80001f08	1dda0713	addi	x14,x20,477	 x20:0x80001fe2 x14=0x800021bf
        1235000	       122	80001f0c	01b8b1b3	sltu	x3,x17,x27	 x17:0x00000004 x27:0xbae98420  x3=0x00000001
        1245000	       123	80001f10	03d91263	bne	x18,x29,80001f34	 x18:0x7bbe40f7 x29:0x80000144
        1255000	       124	00000000	00000013	addi	x0,x0,0	  x0:0x00000000
        1265000	       125	80001f30	00000013	addi	x0,x0,0	  x0:0x00000000
        1275000	       126	80001f34	4159d013	srai	x0,x19,0x15	 x19:0x00000001
        1285000	       127	80001f38	01a76663	bltu	x14,x26,80001f44	 x14:0x800021bf x26:0xfffffc5a
        1295000	       128	00000000	00000013	addi	x0,x0,0	  x0:0x00000000
        1305000	       129	80001f40	00000013	addi	x0,x0,0	  x0:0x00000000
        1315000	       130	80001f44	00181733	sll	x14,x16,x1	 x16:0x00000000  x1:0x80000000 x14=0x00000000
        1325000	       131	80001f48	00000013	addi	x0,x0,0	  x0:0x00000000
        1335000	       132	80001f4c	0107a733	slt	x14,x15,x16	 x15:0x88000000 x16:0x00000000 x14=0x00000001
        1345000	       133	80001f50	98193a37	lui	x20,0x98193	 x20=0x98193000
        1355000	       134	80001f54	004e2e83	lw	x29,4(x28)	 x28:0x80009f58 x29=0x80000144 PA:0x80009f5c
        1365000	       135	80001f58	41abdd33	sra	x26,x23,x26	 x23:0xffffffdd x26:0xfffffc5a x26=0xffffffff
        1375000	       136	80001f5c	02ce0e13	addi	x28,x28,44	 x28:0x80009f58 x28=0x80009f84
        1385000	       137	80001f60	00cdca33	xor	x20,x27,x12	 x27:0xbae98420 x12:0xfcc8be31 x20=0x46213a11
        1395000	       138	80001f64	017baf33	slt	x30,x23,x23	 x23:0xffffffdd x23:0xffffffdd x30=0x00000000
        1405000	       139	80001f68	000e8313	addi	x6,x29,0	 x29:0x80000144  x6=0x80000144
        1415000	       140	80001f6c	00030367	jalr	x6,x6,0	  x6:0x80000144  x6=0x80001f6c
        1425000	       141	00000000	00000013	addi	x0,x0,0	  x0:0x00000000
        1435000	       142	80000144	00000013	addi	x0,x0,0	  x0:0x00000000
        1445000	       143	80000148	0d332193	slti	x3,x6,211	  x6:0x80001f6c  x3=0x00000001
        1455000	       144	8000014c	c6890013	addi	x0,x18,-920	 x18:0x7bbe40f7
        1465000	       145	80000150	000361b3	or	x3,x6,x0	  x6:0x80001f6c  x0:0x00000000  x3=0x80001f6c
        1475000	       146	80000154	6386b393	sltiu	x7,x13,1592	 x13:0x00666072  x7=0x00000000
        1485000	       147	80000158	00003417	auipc	x8,0x3	  x8=0x80003154
        1495000	       148	8000015c	b6c40413	addi	x8,x8,-1172	  x8:0x80003154  x8=0x80002cc0
        1505000	       149	80000160	1786f493	andi	x9,x13,376	 x13:0x00666072  x9=0x00000070
        1515000	       150	80000164	29182c93	slti	x25,x16,657	 x16:0x00000000 x25=0x00000001
        1525000	       151	80000168	e2240413	addi	x8,x8,-478	  x8:0x80002cc0  x8=0x80002ae2
        1535000	       152	8000016c	00b3c663	blt	x7,x11,80000178	  x7:0x00000000 x11:0x80001fe2
        1545000	       153	80000170	018fd213	srli	x4,x31,0x18	 x31:0x00000000  x4=0x00000000
        1555000	       154	80000174	005b1f93	slli	x31,x22,0x5	 x22:0x8c81540f x31=0x902a81e0
        1565000	       155	80000178	1de40ee7	jalr	x29,x8,478	  x8:0x80002ae2 x29=0x80000178
        1575000	       156	00000000	00000013	addi	x0,x0,0	  x0:0x00000000
        1585000	       157	80002cc0	00000013	addi	x0,x0,0	  x0:0x00000000
        1595000	       158	80002cc4	00df40b3	xor	x1,x30,x13	 x30:0x00000000 x13:0x00666072  x1=0x00666072
        1605000	       159	80002cc8	0104d933	srl	x18,x9,x16	  x9:0x00000070 x16:0x00000000 x18=0x00000070
        1615000	       160	80002ccc	0110d463	bge	x1,x17,80002cd4	  x1:0x00666072 x17:0x00000004
        1625000	       161	00000000	00000013	addi	x0,x0,0	  x0:0x00000000
        1635000	       162	80002cd0	00000013	addi	x0,x0,0	  x0:0x00000000
        1645000	       163	80002cd4	fe4e0e13	addi	x28,x28,-28	 x28:0x80009f84 x28=0x80009f68
        1655000	       164	80002cd8	01de2223	sw	x29,4(x28)	 x28:0x80009f68 x29:0x80000178 PA:0x80009f6c
        1665000	       165	80002cdc	f2f40393	addi	x7,x8,-209	  x8:0x80002ae2  x7=0x80002a11
        1675000	       166	80002ce0	00361a33	sll	x20,x12,x3	 x12:0xfcc8be31  x3:0x80001f6c x20=0x8be31000
        1685000	       167	80002ce4	03e04063	blt	x0,x30,80002d04	  x0:0x00000000 x30:0x00000000
        1695000	       168	80002ce8	40b90f33	sub	x30,x18,x11	 x18:0x00000070 x11:0x80001fe2 x30=0x7fffe08e
        1705000	       169	80002cec	00c5de63	bge	x11,x12,80002d08	 x11:0x80001fe2 x12:0xfcc8be31
        1715000	       170	80002cf0	2833c893	xori	x17,x7,643	  x7:0x80002a11 x17=0x80002892
        1725000	       171	80002cf4	020d9a63	bne	x27,x0,80002d28	 x27:0xbae98420  x0:0x00000000
        1735000	       172	00000000	00000013	addi	x0,x0,0	  x0:0x00000000
        1745000	       173	80002d24	00000013	addi	x0,x0,0	  x0:0x00000000
        1755000	       174	80002d28	02638263	beq	x7,x6,80002d4c	  x7:0x80002a11  x6:0x80001f6c
        1765000	       175	80002d2c	00de40b3	xor	x1,x28,x13	 x28:0x80009f68 x13:0x00666072  x1=0x8066ff1a
        1775000	       176	80002d30	41fb0fb3	sub	x31,x22,x31	 x22:0x8c81540f x31:0x902a81e0 x31=0xfc56d22f
        1785000	       177	80002d34	00000013	addi	x0,x0,0	  x0:0x00000000
        1795000	       178	80002d38	1295cf93	xori	x31,x11,297	 x11:0x80001fe2 x31=0x80001ecb
        1805000	       179	80002d3c	402004b3	sub	x9,x0,x2	  x0:0x00000000  x2:0xf69bd076  x9=0x09642f8a
        1815000	       180	80002d40	02befa63	bgeu	x29,x11,80002d74	 x29:0x80000178 x11:0x80001fe2
        1825000	       181	80002d44	0128c033	xor	x0,x17,x18	 x17:0x80002892 x18:0x00000070
        1835000	       182	80002d48	00000013	addi	x0,x0,0	  x0:0x00000000
        1845000	       183	80002d4c	00b3f833	and	x16,x7,x11	  x7:0x80002a11 x11:0x80001fe2 x16=0x80000a00
        1855000	       184	80002d50	e9ccea37	lui	x20,0xe9cce	 x20=0xe9cce000
        1865000	       185	80002d54	40495233	sra	x4,x18,x4	 x18:0x00000070  x4:0x00000000  x4=0x00000070
        1875000	       186	80002d58	0056beb3	sltu	x29,x13,x5	 x13:0x00666072  x5:0x80009fc4 x29=0x00000001
        1885000	       187	80002d5c	fb8c2693	slti	x13,x24,-72	 x24:0xf77c7ad9 x13=0x00000001
        1895000	       188	80002d60	0027b133	sltu	x2,x15,x2	 x15:0x88000000  x2:0xf69bd076  x2=0x00000001
        1905000	       189	80002d64	50927a93	andi	x21,x4,1289	  x4:0x00000070 x21=0x00000000
        1915000	       190	80002d68	f306a993	slti	x19,x13,-208	 x13:0x00000001 x19=0x00000000
        1925000	       191	80002d6c	0129efb3	or	x31,x19,x18	 x19:0x00000000 x18:0x00000070 x31=0x00000070
        1935000	       192	80002d70	08d57993	andi	x19,x10,141	 x10:0x00000000 x19=0x00000000
        1945000	       193	80002d74	0318fe63	bgeu	x17,x17,80002db0	 x17:0x80002892 x17:0x80002892
        1955000	       194	00000000	00000013	addi	x0,x0,0	  x0:0x00000000
        1965000	       195	80002dac	00000013	addi	x0,x0,0	  x0:0x00000000
        1975000	       196	80002db0	411f5b93	srai	x23,x30,0x11	 x30:0x7fffe08e x23=0x00003fff
        1985000	       197	80002db4	0affb313	sltiu	x6,x31,175	 x31:0x00000070  x6=0x00000001
        1995000	       198	80002db8	00000013	addi	x0,x0,0	  x0:0x00000000
        2005000	       199	80002dbc	02f2e663	bltu	x5,x15,80002de8	  x5:0x80009fc4 x15:0x88000000
        2015000	       200	00000000	00000013	addi	x0,x0,0	  x0:0x00000000
        2025000	       201	80002de4	00000013	addi	x0,x0,0	  x0:0x00000000
        2035000	       202	80002de8	00f95313	srli	x6,x18,0xf	 x18:0x00000070  x6=0x00000000
        2045000	       203	80002dec	fa2d3593	sltiu	x11,x26,-94	 x26:0xffffffff x11=0x00000000
        2055000	       204	80002df0	dbe9c213	xori	x4,x19,-578	 x19:0x00000000  x4=0xfffffdbe
        2065000	       205	80002df4	4029d393	srai	x7,x19,0x2	 x19:0x00000000  x7=0x00000000
        2075000	       206	80002df8	000fddb3	srl	x27,x31,x0	 x31:0x00000070  x0:0x00000000 x27=0x00000070
        2085000	       207	80002dfc	d39e2713	slti	x14,x28,-711	 x28:0x80009f68 x14=0x00000001
        2095000	       208	80002e00	014eba33	sltu	x20,x29,x20	 x29:0x00000001 x20:0xe9cce000 x20=0x00000001
        2105000	       209	80002e04	01e19713	slli	x14,x3,0x1e	  x3:0x80001f6c x14=0x00000000
        2115000	       210	80002e08	063d8993	addi	x19,x27,99	 x27:0x00000070 x19=0x000000d3
        2125000	       211	80002e0c	01c51333	sll	x6,x10,x28	 x10:0x00000000 x28:0x80009f68  x6=0x00000000
        2135000	       212	80002e10	07110463	beq	x2,x17,80002e78	  x2:0x00000001 x17:0x80002892
        2145000	       213	80002e14	878c6193	ori	x3,x24,-1928	 x24:0xf77c7ad9  x3=0xfffffaf9
        2155000	       214	80002e18	4036d5b3	sra	x11,x13,x3	 x13:0x00000001  x3:0xfffffaf9 x11=0x00000000
        2165000	       215	80002e1c	0b090d93	addi	x27,x18,176	 x18:0x00000070 x27=0x00000120
        2175000	       216	80002e20	00800d93	addi	x27,x0,8	  x0:0x00000000 x27=0x00000008
        2185000	       217	80002e24	00800e93	addi	x29,x0,8	  x0:0x00000000 x29=0x00000008
        2195000	       218	80002e28	62fceab7	lui	x21,0x62fce	 x21=0x62fce000
        2205000	       219	80002e2c	7200cc93	xori	x25,x1,1824	  x1:0x8066ff1a x25=0x8066f83a
        2215000	       220	80002e30	ffbd8d93	addi	x27,x27,-5	 x27:0x00000008 x27=0x00000003
        2225000	       221	80002e34	00600513	addi	x10,x0,6	  x0:0x00000000 x10=0x00000006
        2235000	       222	80002e38	27ff4317	auipc	x6,0x27ff4	  x6=0xa7ff6e34
        2245000	       223	80002e3c	ff300593	addi	x11,x0,-13	  x0:0x00000000 x11=0xfffffff3
        2255000	       224	80002e40	01962433	slt	x8,x12,x25	 x12:0xfcc8be31 x25:0x8066f83a  x8=0x00000000
        2265000	       225	80002e44	01966333	or	x6,x12,x25	 x12:0xfcc8be31 x25:0x8066f83a  x6=0xfceefe3b
        2275000	       226	80002e48	ffc50513	addi	x10,x10,-4	 x10:0x00000006 x10=0x00000002
        2285000	       227	80002e4c	feb55ce3	bge	x10,x11,80002e44	 x10:0x00000002 x11:0xfffffff3
        2295000	       228	00000000	00000013	addi	x0,x0,0	  x0:0x00000000
        2305000	       229	80002e40	00000013	addi	x0,x0,0	  x0:0x00000000
        2315000	       230	80002e44	01966333	or	x6,x12,x25	 x12:0xfcc8be31 x25:0x8066f83a  x6=0xfceefe3b
        2325000	       231	80002e48	ffc50513	addi	x10,x10,-4	 x10:0x00000002 x10=0xfffffffe
        2335000	       232	80002e4c	feb55ce3	bge	x10,x11,80002e44	 x10:0xfffffffe x11:0xfffffff3
        2345000	       233	00000000	00000013	addi	x0,x0,0	  x0:0x00000000
        2355000	       234	80002e40	00000013	addi	x0,x0,0	  x0:0x00000000
        2365000	       235	80002e44	01966333	or	x6,x12,x25	 x12:0xfcc8be31 x25:0x8066f83a  x6=0xfceefe3b
        2375000	       236	80002e48	ffc50513	addi	x10,x10,-4	 x10:0xfffffffe x10=0xfffffffa
        2385000	       237	80002e4c	feb55ce3	bge	x10,x11,80002e44	 x10:0xfffffffa x11:0xfffffff3
        2395000	       238	00000000	00000013	addi	x0,x0,0	  x0:0x00000000
        2405000	       239	80002e40	00000013	addi	x0,x0,0	  x0:0x00000000
        2415000	       240	80002e44	01966333	or	x6,x12,x25	 x12:0xfcc8be31 x25:0x8066f83a  x6=0xfceefe3b
        2425000	       241	80002e48	ffc50513	addi	x10,x10,-4	 x10:0xfffffffa x10=0xfffffff6
        2435000	       242	80002e4c	feb55ce3	bge	x10,x11,80002e44	 x10:0xfffffff6 x11:0xfffffff3
        2445000	       243	00000000	00000013	addi	x0,x0,0	  x0:0x00000000
        2455000	       244	80002e40	00000013	addi	x0,x0,0	  x0:0x00000000
        2465000	       245	80002e44	01966333	or	x6,x12,x25	 x12:0xfcc8be31 x25:0x8066f83a  x6=0xfceefe3b
        2475000	       246	80002e48	ffc50513	addi	x10,x10,-4	 x10:0xfffffff6 x10=0xfffffff2
        2485000	       247	80002e4c	feb55ce3	bge	x10,x11,80002e44	 x10:0xfffffff2 x11:0xfffffff3
        2495000	       248	80002e50	fdddfce3	bgeu	x27,x29,80002e28	 x27:0x00000003 x29:0x00000008
        2505000	       249	80002e54	9b2ea817	auipc	x16,0x9b2ea	 x16=0x1b2ece50
        2515000	       250	80002e58	dfaf2a93	slti	x21,x30,-518	 x30:0x7fffe08e x21=0x00000000
        2525000	       251	80002e5c	01f01993	slli	x19,x0,0x1f	  x0:0x00000000 x19=0x00000000
        2535000	       252	80002e60	00ccfc63	bgeu	x25,x12,80002e78	 x25:0x8066f83a x12:0xfcc8be31
        2545000	       253	80002e64	00cbca63	blt	x23,x12,80002e78	 x23:0x00003fff x12:0xfcc8be31
        2555000	       254	80002e68	01c55813	srli	x16,x10,0x1c	 x10:0xfffffff2 x16=0x0000000f
        2565000	       255	80002e6c	005c5663	bge	x24,x5,80002e78	 x24:0xf77c7ad9  x5:0x80009fc4
        2575000	       256	00000000	00000013	addi	x0,x0,0	  x0:0x00000000
        2585000	       257	80002e74	00000013	addi	x0,x0,0	  x0:0x00000000
        2595000	       258	80002e78	011fa733	slt	x14,x31,x17	 x31:0x00000070 x17:0x80002892 x14=0x00000000
        2605000	       259	80002e7c	00e8c033	xor	x0,x17,x14	 x17:0x80002892 x14:0x00000000
        2615000	       260	80002e80	004e2e83	lw	x29,4(x28)	 x28:0x80009f68 x29=0x80000178 PA:0x80009f6c
        2625000	       261	80002e84	cf5e2d93	slti	x27,x28,-779	 x28:0x80009f68 x27=0x00000001
        2635000	       262	80002e88	01ce0e13	addi	x28,x28,28	 x28:0x80009f68 x28=0x80009f84
        2645000	       263	80002e8c	00953833	sltu	x16,x10,x9	 x10:0xfffffff2  x9:0x09642f8a x16=0x00000000
        2655000	       264	80002e90	000e8213	addi	x4,x29,0	 x29:0x80000178  x4=0x80000178
        2665000	       265	80002e94	00020267	jalr	x4,x4,0	  x4:0x80000178  x4=0x80002e94
        2675000	       266	00000000	00000013	addi	x0,x0,0	  x0:0x00000000
        2685000	       267	80000178	00000013	addi	x0,x0,0	  x0:0x00000000
        2695000	       268	8000017c	00000a17	auipc	x20,0x0	 x20=0x80000178
        2705000	       269	80000180	540a0a13	addi	x20,x20,1344	 x20:0x80000178 x20=0x800006b8
        2715000	       270	80000184	006ed393	srli	x7,x29,0x6	 x29:0x80000178  x7=0x02000005
        2725000	       271	80000188	520e2c93	slti	x25,x28,1312	 x28:0x80009f84 x25=0x00000001
        2735000	       272	8000018c	cb6d0913	addi	x18,x26,-842	 x26:0xffffffff x18=0xfffffcb5
        2745000	       273	80000190	d14a0a13	addi	x20,x20,-748	 x20:0x800006b8 x20=0x800003cc
        2755000	       274	80000194	00c97cb3	and	x25,x18,x12	 x18:0xfffffcb5 x12:0xfcc8be31 x25=0xfcc8bc31
        2765000	       275	80000198	00cfb533	sltu	x10,x31,x12	 x31:0x00000070 x12:0xfcc8be31 x10=0x00000001
        2775000	       276	8000019c	2eca0ee7	jalr	x29,x20,748	 x20:0x800003cc x29=0x8000019c
        2785000	       277	00000000	00000013	addi	x0,x0,0	  x0:0x00000000
        2795000	       278	800006b8	00000013	addi	x0,x0,0	  x0:0x00000000
        2805000	       279	800006bc	41a6d493	srai	x9,x13,0x1a	 x13:0x00000001  x9=0x00000000
        2815000	       280	800006c0	4043d813	srai	x16,x7,0x4	  x7:0x02000005 x16=0x00200000
        2825000	       281	800006c4	01e08533	add	x10,x1,x30	  x1:0x8066ff1a x30:0x7fffe08e x10=0x0066dfa8
        2835000	       282	800006c8	0164c0b3	xor	x1,x9,x22	  x9:0x00000000 x22:0x8c81540f  x1=0x8c81540f
        2845000	       283	800006cc	34210613	addi	x12,x2,834	  x2:0x00000001 x12=0x00000343
        2855000	       284	800006d0	01cbd463	bge	x23,x28,800006d8	 x23:0x00003fff x28:0x80009f84
        2865000	       285	00000000	00000013	addi	x0,x0,0	  x0:0x00000000
        2875000	       286	800006d4	00000013	addi	x0,x0,0	  x0:0x00000000
        2885000	       287	800006d8	ff0e0e13	addi	x28,x28,-16	 x28:0x80009f84 x28=0x80009f74
        2895000	       288	800006dc	00a066b3	or	x13,x0,x10	  x0:0x00000000 x10:0x0066dfa8 x13=0x0066dfa8
        2905000	       289	800006e0	014d00b3	add	x1,x26,x20	 x26:0xffffffff x20:0x800003cc  x1=0x800003cb
        2915000	       290	800006e4	404e5513	srai	x10,x28,0x4	 x28:0x80009f74 x10=0xf80009f7
        2925000	       291	800006e8	01de2223	sw	x29,4(x28)	 x28:0x80009f74 x29:0x8000019c PA:0x80009f78
        2935000	       292	800006ec	000359b3	srl	x19,x6,x0	  x6:0xfceefe3b  x0:0x00000000 x19=0xfceefe3b
        2945000	       293	800006f0	ff600993	addi	x19,x0,-10	  x0:0x00000000 x19=0xfffffff6
        2955000	       294	800006f4	40d50733	sub	x14,x10,x13	 x10:0xf80009f7 x13:0x0066dfa8 x14=0xf7992a4f
        2965000	       295	800006f8	ff000a93	addi	x21,x0,-16	  x0:0x00000000 x21=0xfffffff0
        2975000	       296	800006fc	515e4513	xori	x10,x28,1301	 x28:0x80009f74 x10=0x80009a61
        2985000	       297	80000700	462f1117	auipc	x2,0x462f1	  x2=0xc62f16fc
        2995000	       298	80000704	00a35113	srli	x2,x6,0xa	  x6:0xfceefe3b  x2=0x003f3bbf
        3005000	       299	80000708	4429c513	xori	x10,x19,1090	 x19:0xfffffff6 x10=0xfffffbb4
        3015000	       300	8000070c	13308893	addi	x17,x1,307	  x1:0x800003cb x17=0x800004fe
        3025000	       301	80000710	9455fdb7	lui	x27,0x9455f	 x27=0x9455f000
        3035000	       302	80000714	ffe98993	addi	x19,x19,-2	 x19:0xfffffff6 x19=0xfffffff4
        3045000	       303	80000718	00900b93	addi	x23,x0,9	  x0:0x00000000 x23=0x00000009
        3055000	       304	8000071c	0a72b813	sltiu	x16,x5,167	  x5:0x80009fc4 x16=0x00000000
        3065000	       305	80000720	00900413	addi	x8,x0,9	  x0:0x00000000  x8=0x00000009
        3075000	       306	80000724	2e14ac37	lui	x24,0x2e14a	 x24=0x2e14a000
        3085000	       307	80000728	ff8b8b93	addi	x23,x23,-8	 x23:0x00000009 x23=0x00000001
        3095000	       308	8000072c	fe8bfce3	bgeu	x23,x8,80000724	 x23:0x00000001  x8:0x00000009
        3105000	       309	80000730	fd5998e3	bne	x19,x21,80000700	 x19:0xfffffff4 x21:0xfffffff0
        3115000	       310	00000000	00000013	addi	x0,x0,0	  x0:0x00000000
        3125000	       311	800006fc	00000013	addi	x0,x0,0	  x0:0x00000000
        3135000	       312	80000700	462f1117	auipc	x2,0x462f1	  x2=0xc62f16fc
        3145000	       313	80000704	00a35113	srli	x2,x6,0xa	  x6:0xfceefe3b  x2=0x003f3bbf
        3155000	       314	80000708	4429c513	xori	x10,x19,1090	 x19:0xfffffff4 x10=0xfffffbb6
        3165000	       315	8000070c	13308893	addi	x17,x1,307	  x1:0x800003cb x17=0x800004fe
        3175000	       316	80000710	9455fdb7	lui	x27,0x9455f	 x27=0x9455f000
        3185000	       317	80000714	ffe98993	addi	x19,x19,-2	 x19:0xfffffff4 x19=0xfffffff2
        3195000	       318	80000718	00900b93	addi	x23,x0,9	  x0:0x00000000 x23=0x00000009
        3205000	       319	8000071c	0a72b813	sltiu	x16,x5,167	  x5:0x80009fc4 x16=0x00000000
        3215000	       320	80000720	00900413	addi	x8,x0,9	  x0:0x00000000  x8=0x00000009
        3225000	       321	80000724	2e14ac37	lui	x24,0x2e14a	 x24=0x2e14a000
        3235000	       322	80000728	ff8b8b93	addi	x23,x23,-8	 x23:0x00000009 x23=0x00000001
        3245000	       323	8000072c	fe8bfce3	bgeu	x23,x8,80000724	 x23:0x00000001  x8:0x00000009
        3255000	       324	80000730	fd5998e3	bne	x19,x21,80000700	 x19:0xfffffff2 x21:0xfffffff0
        3265000	       325	00000000	00000013	addi	x0,x0,0	  x0:0x00000000
        3275000	       326	800006fc	00000013	addi	x0,x0,0	  x0:0x00000000
        3285000	       327	80000700	462f1117	auipc	x2,0x462f1	  x2=0xc62f16fc
        3295000	       328	80000704	00a35113	srli	x2,x6,0xa	  x6:0xfceefe3b  x2=0x003f3bbf
        3305000	       329	80000708	4429c513	xori	x10,x19,1090	 x19:0xfffffff2 x10=0xfffffbb0
        3315000	       330	8000070c	13308893	addi	x17,x1,307	  x1:0x800003cb x17=0x800004fe
        3325000	       331	80000710	9455fdb7	lui	x27,0x9455f	 x27=0x9455f000
        3335000	       332	80000714	ffe98993	addi	x19,x19,-2	 x19:0xfffffff2 x19=0xfffffff0
        3345000	       333	80000718	00900b93	addi	x23,x0,9	  x0:0x00000000 x23=0x00000009
        3355000	       334	8000071c	0a72b813	sltiu	x16,x5,167	  x5:0x80009fc4 x16=0x00000000
        3365000	       335	80000720	00900413	addi	x8,x0,9	  x0:0x00000000  x8=0x00000009
        3375000	       336	80000724	2e14ac37	lui	x24,0x2e14a	 x24=0x2e14a000
        3385000	       337	80000728	ff8b8b93	addi	x23,x23,-8	 x23:0x00000009 x23=0x00000001
        3395000	       338	8000072c	fe8bfce3	bgeu	x23,x8,80000724	 x23:0x00000001  x8:0x00000009
        3405000	       339	80000730	fd5998e3	bne	x19,x21,80000700	 x19:0xfffffff0 x21:0xfffffff0
        3415000	       340	80000734	18c7e897	auipc	x17,0x18c7e	 x17=0x98c7e730
        3425000	       341	80000738	ffe00a13	addi	x20,x0,-2	  x0:0x00000000 x20=0xfffffffe
        3435000	       342	8000073c	011fe933	or	x18,x31,x17	 x31:0x00000070 x17:0x98c7e730 x18=0x98c7e770
        3445000	       343	80000740	98064117	auipc	x2,0x98064	  x2=0x1806473c
        3455000	       344	80000744	bc0f6413	ori	x8,x30,-1088	 x30:0x7fffe08e  x8=0xfffffbce
        3465000	       345	80000748	002b59b3	srl	x19,x22,x2	 x22:0x8c81540f  x2:0x1806473c x19=0x00000008
        3475000	       346	8000074c	90cbdfb7	lui	x31,0x90cbd	 x31=0x90cbd000
        3485000	       347	80000750	41a95193	srai	x3,x18,0x1a	 x18:0x98c7e770  x3=0xffffffe6
        3495000	       348	80000754	40598fb3	sub	x31,x19,x5	 x19:0x00000008  x5:0x80009fc4 x31=0x7fff6044
        3505000	       349	80000758	01d5fdb3	and	x27,x11,x29	 x11:0xfffffff3 x29:0x8000019c x27=0x80000190
        3515000	       350	8000075c	01da5833	srl	x16,x20,x29	 x20:0xfffffffe x29:0x8000019c x16=0x0000000f
        3525000	       351	80000760	ff900d13	addi	x26,x0,-7	  x0:0x00000000 x26=0xfffffff9
        3535000	       352	80000764	a8382413	slti	x8,x16,-1405	 x16:0x0000000f  x8=0x00000000
        3545000	       353	80000768	00f94333	xor	x6,x18,x15	 x18:0x98c7e770 x15:0x88000000  x6=0x10c7e770
        3555000	       354	8000076c	66c74913	xori	x18,x14,1644	 x14:0xf7992a4f x18=0xf7992c23
        3565000	       355	80000770	2bb8f813	andi	x16,x17,699	 x17:0x98c7e730 x16=0x00000230
        3575000	       356	80000774	ffca0a13	addi	x20,x20,-4	 x20:0xfffffffe x20=0xfffffffa
        3585000	       357	80000778	0104dc13	srli	x24,x9,0x10	  x9:0x00000000 x24=0x00000000
        3595000	       358	8000077c	c7600213	addi	x4,x0,-906	  x0:0x00000000  x4=0xfffffc76
        3605000	       359	80000780	00000013	addi	x0,x0,0	  x0:0x00000000
        3615000	       360	80000784	4e5b0893	addi	x17,x22,1253	 x22:0x8c81540f x17=0x8c8158f4
        3625000	       361	80000788	406c8833	sub	x16,x25,x6	 x25:0xfcc8bc31  x6:0x10c7e770 x16=0xec00d4c1
        3635000	       362	8000078c	01e22033	slt	x0,x4,x30	  x4:0xfffffc76 x30:0x7fffe08e
        3645000	       363	80000790	005cc4b3	xor	x9,x25,x5	 x25:0xfcc8bc31  x5:0x80009fc4  x9=0x7cc823f5
        3655000	       364	80000794	00bd0033	add	x0,x26,x11	 x26:0xfffffff9 x11:0xfffffff3
        3665000	       365	80000798	fdaa58e3	bge	x20,x26,80000768	 x20:0xfffffffa x26:0xfffffff9
        3675000	       366	00000000	00000013	addi	x0,x0,0	  x0:0x00000000
        3685000	       367	80000764	00000013	addi	x0,x0,0	  x0:0x00000000
        3695000	       368	80000768	00f94333	xor	x6,x18,x15	 x18:0xf7992c23 x15:0x88000000  x6=0x7f992c23
        3705000	       369	8000076c	66c74913	xori	x18,x14,1644	 x14:0xf7992a4f x18=0xf7992c23
        3715000	       370	80000770	2bb8f813	andi	x16,x17,699	 x17:0x8c8158f4 x16=0x000000b0
        3725000	       371	80000774	ffca0a13	addi	x20,x20,-4	 x20:0xfffffffa x20=0xfffffff6
        3735000	       372	80000778	0104dc13	srli	x24,x9,0x10	  x9:0x7cc823f5 x24=0x00007cc8
        3745000	       373	8000077c	c7600213	addi	x4,x0,-906	  x0:0x00000000  x4=0xfffffc76
        3755000	       374	80000780	00000013	addi	x0,x0,0	  x0:0x00000000
        3765000	       375	80000784	4e5b0893	addi	x17,x22,1253	 x22:0x8c81540f x17=0x8c8158f4
        3775000	       376	80000788	406c8833	sub	x16,x25,x6	 x25:0xfcc8bc31  x6:0x7f992c23 x16=0x7d2f900e
        3785000	       377	8000078c	01e22033	slt	x0,x4,x30	  x4:0xfffffc76 x30:0x7fffe08e
        3795000	       378	80000790	005cc4b3	xor	x9,x25,x5	 x25:0xfcc8bc31  x5:0x80009fc4  x9=0x7cc823f5
        3805000	       379	80000794	00bd0033	add	x0,x26,x11	 x26:0xfffffff9 x11:0xfffffff3
        3815000	       380	80000798	fdaa58e3	bge	x20,x26,80000768	 x20:0xfffffff6 x26:0xfffffff9
        3825000	       381	8000079c	0088f033	and	x0,x17,x8	 x17:0x8c8158f4  x8:0x00000000
        3835000	       382	800007a0	00500f13	addi	x30,x0,5	  x0:0x00000000 x30=0x00000005
        3845000	       383	800007a4	5ac46d13	ori	x26,x8,1452	  x8:0x00000000 x26=0x000005ac
        3855000	       384	800007a8	008b6a33	or	x20,x22,x8	 x22:0x8c81540f  x8:0x00000000 x20=0x8c81540f
        3865000	       385	800007ac	01884cb3	xor	x25,x16,x24	 x16:0x7d2f900e x24:0x00007cc8 x25=0x7d2fecc6
        3875000	       386	800007b0	01dfa733	slt	x14,x31,x29	 x31:0x7fff6044 x29:0x8000019c x14=0x00000000
        3885000	       387	800007b4	ff100793	addi	x15,x0,-15	  x0:0x00000000 x15=0xfffffff1
        3895000	       388	800007b8	41875013	srai	x0,x14,0x18	 x14:0x00000000
        3905000	       389	800007bc	a49da593	slti	x11,x27,-1463	 x27:0x80000190 x11=0x00000001
        3915000	       390	800007c0	014b9a93	slli	x21,x23,0x14	 x23:0x00000001 x21=0x00100000
        3925000	       391	800007c4	1242f493	andi	x9,x5,292	  x5:0x80009fc4  x9=0x00000104
        3935000	       392	800007c8	91570693	addi	x13,x14,-1771	 x14:0x00000000 x13=0xfffff915
        3945000	       393	800007cc	ff6f0f13	addi	x30,x30,-10	 x30:0x00000005 x30=0xfffffffb
        3955000	       394	800007d0	00a67d33	and	x26,x12,x10	 x12:0x00000343 x10:0xfffffbb0 x26=0x00000300
        3965000	       395	800007d4	8777f093	andi	x1,x15,-1929	 x15:0xfffffff1  x1=0xfffff871
        3975000	       396	800007d8	7b056193	ori	x3,x10,1968	 x10:0xfffffbb0  x3=0xffffffb0
        3985000	       397	800007dc	feff10e3	bne	x30,x15,800007bc	 x30:0xfffffffb x15:0xfffffff1
        3995000	       398	00000000	00000013	addi	x0,x0,0	  x0:0x00000000
        4005000	       399	800007b8	00000013	addi	x0,x0,0	  x0:0x00000000
        4015000	       400	800007bc	a49da593	slti	x11,x27,-1463	 x27:0x80000190 x11=0x00000001
        4025000	       401	800007c0	014b9a93	slli	x21,x23,0x14	 x23:0x00000001 x21=0x00100000
        4035000	       402	800007c4	1242f493	andi	x9,x5,292	  x5:0x80009fc4  x9=0x00000104
        4045000	       403	800007c8	91570693	addi	x13,x14,-1771	 x14:0x00000000 x13=0xfffff915
        4055000	       404	800007cc	ff6f0f13	addi	x30,x30,-10	 x30:0xfffffffb x30=0xfffffff1
        4065000	       405	800007d0	00a67d33	and	x26,x12,x10	 x12:0x00000343 x10:0xfffffbb0 x26=0x00000300
        4075000	       406	800007d4	8777f093	andi	x1,x15,-1929	 x15:0xfffffff1  x1=0xfffff871
        4085000	       407	800007d8	7b056193	ori	x3,x10,1968	 x10:0xfffffbb0  x3=0xffffffb0
        4095000	       408	800007dc	feff10e3	bne	x30,x15,800007bc	 x30:0xfffffff1 x15:0xfffffff1
        4105000	       409	800007e0	01250513	addi	x10,x10,18	 x10:0xfffffbb0 x10=0xfffffbc2
        4115000	       410	800007e4	00900393	addi	x7,x0,9	  x0:0x00000000  x7=0x00000009
        4125000	       411	800007e8	ca40f613	andi	x12,x1,-860	  x1:0xfffff871 x12=0xfffff820
        4135000	       412	800007ec	01eb8933	add	x18,x23,x30	 x23:0x00000001 x30:0xfffffff1 x18=0xfffffff2
        4145000	       413	800007f0	71552a93	slti	x21,x10,1813	 x10:0xfffffbc2 x21=0x00000001
        4155000	       414	800007f4	017dd193	srli	x3,x27,0x17	 x27:0x80000190  x3=0x00000100
        4165000	       415	800007f8	00700693	addi	x13,x0,7	  x0:0x00000000 x13=0x00000007
        4175000	       416	800007fc	4149d233	sra	x4,x19,x20	 x19:0x00000008 x20:0x8c81540f  x4=0x00000000
        4185000	       417	80000800	01eaf133	and	x2,x21,x30	 x21:0x00000001 x30:0xfffffff1  x2=0x00000001
        4195000	       418	80000804	009af8b3	and	x17,x21,x9	 x21:0x00000001  x9:0x00000104 x17=0x00000000
        4205000	       419	80000808	007c9233	sll	x4,x25,x7	 x25:0x7d2fecc6  x7:0x00000009  x4=0x5fd98c00
        4215000	       420	8000080c	01bb5c93	srli	x25,x22,0x1b	 x22:0x8c81540f x25=0x00000011
        4225000	       421	80000810	00000013	addi	x0,x0,0	  x0:0x00000000
        4235000	       422	80000814	e10dd437	lui	x8,0xe10dd	  x8=0xe10dd000
        4245000	       423	80000818	00ef1a13	slli	x20,x30,0xe	 x30:0xfffffff1 x20=0xfffc4000
        4255000	       424	8000081c	99c53913	sltiu	x18,x10,-1636	 x10:0xfffffbc2 x18=0x00000000
        4265000	       425	80000820	f9a34713	xori	x14,x6,-102	  x6:0x7f992c23 x14=0x8066d3b9
        4275000	       426	80000824	00c51993	slli	x19,x10,0xc	 x10:0xfffffbc2 x19=0xffbc2000
        4285000	       427	80000828	00d44533	xor	x10,x8,x13	  x8:0xe10dd000 x13:0x00000007 x10=0xe10dd007
        4295000	       428	8000082c	d0ee0493	addi	x9,x28,-754	 x28:0x80009f74  x9=0x80009c82
        4305000	       429	80000830	01fedf93	srli	x31,x29,0x1f	 x29:0x8000019c x31=0x00000001
        4315000	       430	80000834	9f364d93	xori	x27,x12,-1549	 x12:0xfffff820 x27=0x000001d3
        4325000	       431	80000838	412fda93	srai	x21,x31,0x12	 x31:0x00000001 x21=0x00000000
        4335000	       432	8000083c	ffb38393	addi	x7,x7,-5	  x7:0x00000009  x7=0x00000004
        4345000	       433	80000840	0163e0b3	or	x1,x7,x22	  x7:0x00000004 x22:0x8c81540f  x1=0x8c81540f
        4355000	       434	80000844	fcd3fce3	bgeu	x7,x13,8000081c	  x7:0x00000004 x13:0x00000007
        4365000	       435	80000848	d37b2593	slti	x11,x22,-713	 x22:0x8c81540f x11=0x00000001
        4375000	       436	8000084c	ffd00e93	addi	x29,x0,-3	  x0:0x00000000 x29=0xfffffffd
        4385000	       437	80000850	004b3733	sltu	x14,x22,x4	 x22:0x8c81540f  x4:0x5fd98c00 x14=0x00000000
        4395000	       438	80000854	00586db3	or	x27,x16,x5	 x16:0x7d2f900e  x5:0x80009fc4 x27=0xfd2f9fce
        4405000	       439	80000858	a423b713	sltiu	x14,x7,-1470	  x7:0x00000004 x14=0x00000001
        4415000	       440	8000085c	01000693	addi	x13,x0,16	  x0:0x00000000 x13=0x00000010
        4425000	       441	80000860	01b64833	xor	x16,x12,x27	 x12:0xfffff820 x27:0xfd2f9fce x16=0x02d067ee
        4435000	       442	80000864	c91b8937	lui	x18,0xc91b8	 x18=0xc91b8000
        4445000	       443	80000868	00c35113	srli	x2,x6,0xc	  x6:0x7f992c23  x2=0x0007f992
        4455000	       444	8000086c	006e8e93	addi	x29,x29,6	 x29:0xfffffffd x29=0x00000003
        4465000	       445	80000870	05b4b993	sltiu	x19,x9,91	  x9:0x80009c82 x19=0x00000000
        4475000	       446	80000874	37693993	sltiu	x19,x18,886	 x18:0xc91b8000 x19=0x00000000
        4485000	       447	80000878	378f8493	addi	x9,x31,888	 x31:0x00000001  x9=0x00000379
        4495000	       448	8000087c	00200213	addi	x4,x0,2	  x0:0x00000000  x4=0x00000002
        4505000	       449	80000880	ff800093	addi	x1,x0,-8	  x0:0x00000000  x1=0xfffffff8
        4515000	       450	80000884	b97bad13	slti	x26,x23,-1129	 x23:0x00000001 x26=0x00000000
        4525000	       451	80000888	00000013	addi	x0,x0,0	  x0:0x00000000
        4535000	       452	8000088c	01845333	srl	x6,x8,x24	  x8:0xe10dd000 x24:0x00007cc8  x6=0x00e10dd0
        4545000	       453	80000890	41af8533	sub	x10,x31,x26	 x31:0x00000001 x26:0x00000000 x10=0x00000001
        4555000	       454	80000894	ff620213	addi	x4,x4,-10	  x4:0x00000002  x4=0xfffffff8
        4565000	       455	80000898	fe120ce3	beq	x4,x1,80000890	  x4:0xfffffff8  x1:0xfffffff8
        4575000	       456	00000000	00000013	addi	x0,x0,0	  x0:0x00000000
        4585000	       457	8000088c	00000013	addi	x0,x0,0	  x0:0x00000000
        4595000	       458	80000890	41af8533	sub	x10,x31,x26	 x31:0x00000001 x26:0x00000000 x10=0x00000001
        4605000	       459	80000894	ff620213	addi	x4,x4,-10	  x4:0xfffffff8  x4=0xffffffee
        4615000	       460	80000898	fe120ce3	beq	x4,x1,80000890	  x4:0xffffffee  x1:0xfffffff8
        4625000	       461	8000089c	fcdee2e3	bltu	x29,x13,80000860	 x29:0x00000003 x13:0x00000010
        4635000	       462	00000000	00000013	addi	x0,x0,0	  x0:0x00000000
        4645000	       463	8000085c	00000013	addi	x0,x0,0	  x0:0x00000000
        4655000	       464	80000860	01b64833	xor	x16,x12,x27	 x12:0xfffff820 x27:0xfd2f9fce x16=0x02d067ee
        4665000	       465	80000864	c91b8937	lui	x18,0xc91b8	 x18=0xc91b8000
        4675000	       466	80000868	00c35113	srli	x2,x6,0xc	  x6:0x00e10dd0  x2=0x00000e10
        4685000	       467	8000086c	006e8e93	addi	x29,x29,6	 x29:0x00000003 x29=0x00000009
        4695000	       468	80000870	05b4b993	sltiu	x19,x9,91	  x9:0x00000379 x19=0x00000000
        4705000	       469	80000874	37693993	sltiu	x19,x18,886	 x18:0xc91b8000 x19=0x00000000
        4715000	       470	80000878	378f8493	addi	x9,x31,888	 x31:0x00000001  x9=0x00000379
        4725000	       471	8000087c	00200213	addi	x4,x0,2	  x0:0x00000000  x4=0x00000002
        4735000	       472	80000880	ff800093	addi	x1,x0,-8	  x0:0x00000000  x1=0xfffffff8
        4745000	       473	80000884	b97bad13	slti	x26,x23,-1129	 x23:0x00000001 x26=0x00000000
        4755000	       474	80000888	00000013	addi	x0,x0,0	  x0:0x00000000
        4765000	       475	8000088c	01845333	srl	x6,x8,x24	  x8:0xe10dd000 x24:0x00007cc8  x6=0x00e10dd0
        4775000	       476	80000890	41af8533	sub	x10,x31,x26	 x31:0x00000001 x26:0x00000000 x10=0x00000001
        4785000	       477	80000894	ff620213	addi	x4,x4,-10	  x4:0x00000002  x4=0xfffffff8
        4795000	       478	80000898	fe120ce3	beq	x4,x1,80000890	  x4:0xfffffff8  x1:0xfffffff8
        4805000	       479	00000000	00000013	addi	x0,x0,0	  x0:0x00000000
        4815000	       480	8000088c	00000013	addi	x0,x0,0	  x0:0x00000000
        4825000	       481	80000890	41af8533	sub	x10,x31,x26	 x31:0x00000001 x26:0x00000000 x10=0x00000001
        4835000	       482	80000894	ff620213	addi	x4,x4,-10	  x4:0xfffffff8  x4=0xffffffee
        4845000	       483	80000898	fe120ce3	beq	x4,x1,80000890	  x4:0xffffffee  x1:0xfffffff8
        4855000	       484	8000089c	fcdee2e3	bltu	x29,x13,80000860	 x29:0x00000009 x13:0x00000010
        4865000	       485	00000000	00000013	addi	x0,x0,0	  x0:0x00000000
        4875000	       486	8000085c	00000013	addi	x0,x0,0	  x0:0x00000000
        4885000	       487	80000860	01b64833	xor	x16,x12,x27	 x12:0xfffff820 x27:0xfd2f9fce x16=0x02d067ee
        4895000	       488	80000864	c91b8937	lui	x18,0xc91b8	 x18=0xc91b8000
        4905000	       489	80000868	00c35113	srli	x2,x6,0xc	  x6:0x00e10dd0  x2=0x00000e10
        4915000	       490	8000086c	006e8e93	addi	x29,x29,6	 x29:0x00000009 x29=0x0000000f
        4925000	       491	80000870	05b4b993	sltiu	x19,x9,91	  x9:0x00000379 x19=0x00000000
        4935000	       492	80000874	37693993	sltiu	x19,x18,886	 x18:0xc91b8000 x19=0x00000000
        4945000	       493	80000878	378f8493	addi	x9,x31,888	 x31:0x00000001  x9=0x00000379
        4955000	       494	8000087c	00200213	addi	x4,x0,2	  x0:0x00000000  x4=0x00000002
        4965000	       495	80000880	ff800093	addi	x1,x0,-8	  x0:0x00000000  x1=0xfffffff8
        4975000	       496	80000884	b97bad13	slti	x26,x23,-1129	 x23:0x00000001 x26=0x00000000
        4985000	       497	80000888	00000013	addi	x0,x0,0	  x0:0x00000000
        4995000	       498	8000088c	01845333	srl	x6,x8,x24	  x8:0xe10dd000 x24:0x00007cc8  x6=0x00e10dd0
        5005000	       499	80000890	41af8533	sub	x10,x31,x26	 x31:0x00000001 x26:0x00000000 x10=0x00000001
        5015000	       500	80000894	ff620213	addi	x4,x4,-10	  x4:0x00000002  x4=0xfffffff8
        5025000	       501	80000898	fe120ce3	beq	x4,x1,80000890	  x4:0xfffffff8  x1:0xfffffff8
        5035000	       502	00000000	00000013	addi	x0,x0,0	  x0:0x00000000
        5045000	       503	8000088c	00000013	addi	x0,x0,0	  x0:0x00000000
        5055000	       504	80000890	41af8533	sub	x10,x31,x26	 x31:0x00000001 x26:0x00000000 x10=0x00000001
        5065000	       505	80000894	ff620213	addi	x4,x4,-10	  x4:0xfffffff8  x4=0xffffffee
        5075000	       506	80000898	fe120ce3	beq	x4,x1,80000890	  x4:0xffffffee  x1:0xfffffff8
        5085000	       507	8000089c	fcdee2e3	bltu	x29,x13,80000860	 x29:0x0000000f x13:0x00000010
        5095000	       508	00000000	00000013	addi	x0,x0,0	  x0:0x00000000
        5105000	       509	8000085c	00000013	addi	x0,x0,0	  x0:0x00000000
        5115000	       510	80000860	01b64833	xor	x16,x12,x27	 x12:0xfffff820 x27:0xfd2f9fce x16=0x02d067ee
        5125000	       511	80000864	c91b8937	lui	x18,0xc91b8	 x18=0xc91b8000
        5135000	       512	80000868	00c35113	srli	x2,x6,0xc	  x6:0x00e10dd0  x2=0x00000e10
        5145000	       513	8000086c	006e8e93	addi	x29,x29,6	 x29:0x0000000f x29=0x00000015
        5155000	       514	80000870	05b4b993	sltiu	x19,x9,91	  x9:0x00000379 x19=0x00000000
        5165000	       515	80000874	37693993	sltiu	x19,x18,886	 x18:0xc91b8000 x19=0x00000000
        5175000	       516	80000878	378f8493	addi	x9,x31,888	 x31:0x00000001  x9=0x00000379
        5185000	       517	8000087c	00200213	addi	x4,x0,2	  x0:0x00000000  x4=0x00000002
        5195000	       518	80000880	ff800093	addi	x1,x0,-8	  x0:0x00000000  x1=0xfffffff8
        5205000	       519	80000884	b97bad13	slti	x26,x23,-1129	 x23:0x00000001 x26=0x00000000
        5215000	       520	80000888	00000013	addi	x0,x0,0	  x0:0x00000000
        5225000	       521	8000088c	01845333	srl	x6,x8,x24	  x8:0xe10dd000 x24:0x00007cc8  x6=0x00e10dd0
        5235000	       522	80000890	41af8533	sub	x10,x31,x26	 x31:0x00000001 x26:0x00000000 x10=0x00000001
        5245000	       523	80000894	ff620213	addi	x4,x4,-10	  x4:0x00000002  x4=0xfffffff8
        5255000	       524	80000898	fe120ce3	beq	x4,x1,80000890	  x4:0xfffffff8  x1:0xfffffff8
        5265000	       525	00000000	00000013	addi	x0,x0,0	  x0:0x00000000
        5275000	       526	8000088c	00000013	addi	x0,x0,0	  x0:0x00000000
        5285000	       527	80000890	41af8533	sub	x10,x31,x26	 x31:0x00000001 x26:0x00000000 x10=0x00000001
        5295000	       528	80000894	ff620213	addi	x4,x4,-10	  x4:0xfffffff8  x4=0xffffffee
        5305000	       529	80000898	fe120ce3	beq	x4,x1,80000890	  x4:0xffffffee  x1:0xfffffff8
        5315000	       530	8000089c	fcdee2e3	bltu	x29,x13,80000860	 x29:0x00000015 x13:0x00000010
        5325000	       531	800008a0	403e5f13	srai	x30,x28,0x3	 x28:0x80009f74 x30=0xf00013ee
        5335000	       532	800008a4	00800393	addi	x7,x0,8	  x0:0x00000000  x7=0x00000008
        5345000	       533	800008a8	40cd55b3	sra	x11,x26,x12	 x26:0x00000000 x12:0xfffff820 x11=0x00000000
        5355000	       534	800008ac	00a73133	sltu	x2,x14,x10	 x14:0x00000001 x10:0x00000001  x2=0x00000000
        5365000	       535	800008b0	002717b3	sll	x15,x14,x2	 x14:0x00000001  x2:0x00000000 x15=0x00000001
        5375000	       536	800008b4	ff900993	addi	x19,x0,-7	  x0:0x00000000 x19=0xfffffff9
        5385000	       537	800008b8	c92fb413	sltiu	x8,x31,-878	 x31:0x00000001  x8=0x00000001
        5395000	       538	800008bc	81274213	xori	x4,x14,-2030	 x14:0x00000001  x4=0xfffff813
        5405000	       539	800008c0	f4958b93	addi	x23,x11,-183	 x11:0x00000000 x23=0xffffff49
        5415000	       540	800008c4	ffd38393	addi	x7,x7,-3	  x7:0x00000008  x7=0x00000005
        5425000	       541	800008c8	ff600c93	addi	x25,x0,-10	  x0:0x00000000 x25=0xfffffff6
        5435000	       542	800008cc	ff300d93	addi	x27,x0,-13	  x0:0x00000000 x27=0xfffffff3
        5445000	       543	800008d0	01435333	srl	x6,x6,x20	  x6:0x00e10dd0 x20:0xfffc4000  x6=0x00e10dd0
        5455000	       544	800008d4	019f2eb3	slt	x29,x30,x25	 x30:0xf00013ee x25:0xfffffff6 x29=0x00000001
        5465000	       545	800008d8	009887b3	add	x15,x17,x9	 x17:0x00000000  x9:0x00000379 x15=0x00000379
        5475000	       546	800008dc	ff9c8c93	addi	x25,x25,-7	 x25:0xfffffff6 x25=0xffffffef
        5485000	       547	800008e0	ffbcdce3	bge	x25,x27,800008d8	 x25:0xffffffef x27:0xfffffff3
        5495000	       548	800008e4	173a6a13	ori	x20,x20,371	 x20:0xfffc4000 x20=0xfffc4173
        5505000	       549	800008e8	00098933	add	x18,x19,x0	 x19:0xfffffff9  x0:0x00000000 x18=0xfffffff9
        5515000	       550	800008ec	014b6c33	or	x24,x22,x20	 x22:0x8c81540f x20:0xfffc4173 x24=0xfffd557f
        5525000	       551	800008f0	00000013	addi	x0,x0,0	  x0:0x00000000
        5535000	       552	800008f4	01736233	or	x4,x6,x23	  x6:0x00e10dd0 x23:0xffffff49  x4=0xffffffd9
        5545000	       553	800008f8	fd33d2e3	bge	x7,x19,800008bc	  x7:0x00000005 x19:0xfffffff9
        5555000	       554	00000000	00000013	addi	x0,x0,0	  x0:0x00000000
        5565000	       555	800008b8	00000013	addi	x0,x0,0	  x0:0x00000000
        5575000	       556	800008bc	81274213	xori	x4,x14,-2030	 x14:0x00000001  x4=0xfffff813
        5585000	       557	800008c0	f4958b93	addi	x23,x11,-183	 x11:0x00000000 x23=0xffffff49
        5595000	       558	800008c4	ffd38393	addi	x7,x7,-3	  x7:0x00000005  x7=0x00000002
        5605000	       559	800008c8	ff600c93	addi	x25,x0,-10	  x0:0x00000000 x25=0xfffffff6
        5615000	       560	800008cc	ff300d93	addi	x27,x0,-13	  x0:0x00000000 x27=0xfffffff3
        5625000	       561	800008d0	01435333	srl	x6,x6,x20	  x6:0x00e10dd0 x20:0xfffc4173  x6=0x0000001c
        5635000	       562	800008d4	019f2eb3	slt	x29,x30,x25	 x30:0xf00013ee x25:0xfffffff6 x29=0x00000001
        5645000	       563	800008d8	009887b3	add	x15,x17,x9	 x17:0x00000000  x9:0x00000379 x15=0x00000379
        5655000	       564	800008dc	ff9c8c93	addi	x25,x25,-7	 x25:0xfffffff6 x25=0xffffffef
        5665000	       565	800008e0	ffbcdce3	bge	x25,x27,800008d8	 x25:0xffffffef x27:0xfffffff3
        5675000	       566	800008e4	173a6a13	ori	x20,x20,371	 x20:0xfffc4173 x20=0xfffc4173
        5685000	       567	800008e8	00098933	add	x18,x19,x0	 x19:0xfffffff9  x0:0x00000000 x18=0xfffffff9
        5695000	       568	800008ec	014b6c33	or	x24,x22,x20	 x22:0x8c81540f x20:0xfffc4173 x24=0xfffd557f
        5705000	       569	800008f0	00000013	addi	x0,x0,0	  x0:0x00000000
        5715000	       570	800008f4	01736233	or	x4,x6,x23	  x6:0x0000001c x23:0xffffff49  x4=0xffffff5d
        5725000	       571	800008f8	fd33d2e3	bge	x7,x19,800008bc	  x7:0x00000002 x19:0xfffffff9
        5735000	       572	00000000	00000013	addi	x0,x0,0	  x0:0x00000000
        5745000	       573	800008b8	00000013	addi	x0,x0,0	  x0:0x00000000
        5755000	       574	800008bc	81274213	xori	x4,x14,-2030	 x14:0x00000001  x4=0xfffff813
        5765000	       575	800008c0	f4958b93	addi	x23,x11,-183	 x11:0x00000000 x23=0xffffff49
        5775000	       576	800008c4	ffd38393	addi	x7,x7,-3	  x7:0x00000002  x7=0xffffffff
        5785000	       577	800008c8	ff600c93	addi	x25,x0,-10	  x0:0x00000000 x25=0xfffffff6
        5795000	       578	800008cc	ff300d93	addi	x27,x0,-13	  x0:0x00000000 x27=0xfffffff3
        5805000	       579	800008d0	01435333	srl	x6,x6,x20	  x6:0x0000001c x20:0xfffc4173  x6=0x00000000
        5815000	       580	800008d4	019f2eb3	slt	x29,x30,x25	 x30:0xf00013ee x25:0xfffffff6 x29=0x00000001
        5825000	       581	800008d8	009887b3	add	x15,x17,x9	 x17:0x00000000  x9:0x00000379 x15=0x00000379
        5835000	       582	800008dc	ff9c8c93	addi	x25,x25,-7	 x25:0xfffffff6 x25=0xffffffef
        5845000	       583	800008e0	ffbcdce3	bge	x25,x27,800008d8	 x25:0xffffffef x27:0xfffffff3
        5855000	       584	800008e4	173a6a13	ori	x20,x20,371	 x20:0xfffc4173 x20=0xfffc4173
        5865000	       585	800008e8	00098933	add	x18,x19,x0	 x19:0xfffffff9  x0:0x00000000 x18=0xfffffff9
        5875000	       586	800008ec	014b6c33	or	x24,x22,x20	 x22:0x8c81540f x20:0xfffc4173 x24=0xfffd557f
        5885000	       587	800008f0	00000013	addi	x0,x0,0	  x0:0x00000000
        5895000	       588	800008f4	01736233	or	x4,x6,x23	  x6:0x00000000 x23:0xffffff49  x4=0xffffff49
        5905000	       589	800008f8	fd33d2e3	bge	x7,x19,800008bc	  x7:0xffffffff x19:0xfffffff9
        5915000	       590	00000000	00000013	addi	x0,x0,0	  x0:0x00000000
        5925000	       591	800008b8	00000013	addi	x0,x0,0	  x0:0x00000000
        5935000	       592	800008bc	81274213	xori	x4,x14,-2030	 x14:0x00000001  x4=0xfffff813
        5945000	       593	800008c0	f4958b93	addi	x23,x11,-183	 x11:0x00000000 x23=0xffffff49
        5955000	       594	800008c4	ffd38393	addi	x7,x7,-3	  x7:0xffffffff  x7=0xfffffffc
        5965000	       595	800008c8	ff600c93	addi	x25,x0,-10	  x0:0x00000000 x25=0xfffffff6
        5975000	       596	800008cc	ff300d93	addi	x27,x0,-13	  x0:0x00000000 x27=0xfffffff3
        5985000	       597	800008d0	01435333	srl	x6,x6,x20	  x6:0x00000000 x20:0xfffc4173  x6=0x00000000
        5995000	       598	800008d4	019f2eb3	slt	x29,x30,x25	 x30:0xf00013ee x25:0xfffffff6 x29=0x00000001
        6005000	       599	800008d8	009887b3	add	x15,x17,x9	 x17:0x00000000  x9:0x00000379 x15=0x00000379
        6015000	       600	800008dc	ff9c8c93	addi	x25,x25,-7	 x25:0xfffffff6 x25=0xffffffef
        6025000	       601	800008e0	ffbcdce3	bge	x25,x27,800008d8	 x25:0xffffffef x27:0xfffffff3
        6035000	       602	800008e4	173a6a13	ori	x20,x20,371	 x20:0xfffc4173 x20=0xfffc4173
        6045000	       603	800008e8	00098933	add	x18,x19,x0	 x19:0xfffffff9  x0:0x00000000 x18=0xfffffff9
        6055000	       604	800008ec	014b6c33	or	x24,x22,x20	 x22:0x8c81540f x20:0xfffc4173 x24=0xfffd557f
        6065000	       605	800008f0	00000013	addi	x0,x0,0	  x0:0x00000000
        6075000	       606	800008f4	01736233	or	x4,x6,x23	  x6:0x00000000 x23:0xffffff49  x4=0xffffff49
        6085000	       607	800008f8	fd33d2e3	bge	x7,x19,800008bc	  x7:0xfffffffc x19:0xfffffff9
        6095000	       608	00000000	00000013	addi	x0,x0,0	  x0:0x00000000
        6105000	       609	800008b8	00000013	addi	x0,x0,0	  x0:0x00000000
        6115000	       610	800008bc	81274213	xori	x4,x14,-2030	 x14:0x00000001  x4=0xfffff813
        6125000	       611	800008c0	f4958b93	addi	x23,x11,-183	 x11:0x00000000 x23=0xffffff49
        6135000	       612	800008c4	ffd38393	addi	x7,x7,-3	  x7:0xfffffffc  x7=0xfffffff9
        6145000	       613	800008c8	ff600c93	addi	x25,x0,-10	  x0:0x00000000 x25=0xfffffff6
        6155000	       614	800008cc	ff300d93	addi	x27,x0,-13	  x0:0x00000000 x27=0xfffffff3
        6165000	       615	800008d0	01435333	srl	x6,x6,x20	  x6:0x00000000 x20:0xfffc4173  x6=0x00000000
        6175000	       616	800008d4	019f2eb3	slt	x29,x30,x25	 x30:0xf00013ee x25:0xfffffff6 x29=0x00000001
        6185000	       617	800008d8	009887b3	add	x15,x17,x9	 x17:0x00000000  x9:0x00000379 x15=0x00000379
        6195000	       618	800008dc	ff9c8c93	addi	x25,x25,-7	 x25:0xfffffff6 x25=0xffffffef
        6205000	       619	800008e0	ffbcdce3	bge	x25,x27,800008d8	 x25:0xffffffef x27:0xfffffff3
        6215000	       620	800008e4	173a6a13	ori	x20,x20,371	 x20:0xfffc4173 x20=0xfffc4173
        6225000	       621	800008e8	00098933	add	x18,x19,x0	 x19:0xfffffff9  x0:0x00000000 x18=0xfffffff9
        6235000	       622	800008ec	014b6c33	or	x24,x22,x20	 x22:0x8c81540f x20:0xfffc4173 x24=0xfffd557f
        6245000	       623	800008f0	00000013	addi	x0,x0,0	  x0:0x00000000
        6255000	       624	800008f4	01736233	or	x4,x6,x23	  x6:0x00000000 x23:0xffffff49  x4=0xffffff49
        6265000	       625	800008f8	fd33d2e3	bge	x7,x19,800008bc	  x7:0xfffffff9 x19:0xfffffff9
        6275000	       626	00000000	00000013	addi	x0,x0,0	  x0:0x00000000
        6285000	       627	800008b8	00000013	addi	x0,x0,0	  x0:0x00000000
        6295000	       628	800008bc	81274213	xori	x4,x14,-2030	 x14:0x00000001  x4=0xfffff813
        6305000	       629	800008c0	f4958b93	addi	x23,x11,-183	 x11:0x00000000 x23=0xffffff49
        6315000	       630	800008c4	ffd38393	addi	x7,x7,-3	  x7:0xfffffff9  x7=0xfffffff6
        6325000	       631	800008c8	ff600c93	addi	x25,x0,-10	  x0:0x00000000 x25=0xfffffff6
        6335000	       632	800008cc	ff300d93	addi	x27,x0,-13	  x0:0x00000000 x27=0xfffffff3
        6345000	       633	800008d0	01435333	srl	x6,x6,x20	  x6:0x00000000 x20:0xfffc4173  x6=0x00000000
        6355000	       634	800008d4	019f2eb3	slt	x29,x30,x25	 x30:0xf00013ee x25:0xfffffff6 x29=0x00000001
        6365000	       635	800008d8	009887b3	add	x15,x17,x9	 x17:0x00000000  x9:0x00000379 x15=0x00000379
        6375000	       636	800008dc	ff9c8c93	addi	x25,x25,-7	 x25:0xfffffff6 x25=0xffffffef
        6385000	       637	800008e0	ffbcdce3	bge	x25,x27,800008d8	 x25:0xffffffef x27:0xfffffff3
        6395000	       638	800008e4	173a6a13	ori	x20,x20,371	 x20:0xfffc4173 x20=0xfffc4173
        6405000	       639	800008e8	00098933	add	x18,x19,x0	 x19:0xfffffff9  x0:0x00000000 x18=0xfffffff9
        6415000	       640	800008ec	014b6c33	or	x24,x22,x20	 x22:0x8c81540f x20:0xfffc4173 x24=0xfffd557f
        6425000	       641	800008f0	00000013	addi	x0,x0,0	  x0:0x00000000
        6435000	       642	800008f4	01736233	or	x4,x6,x23	  x6:0x00000000 x23:0xffffff49  x4=0xffffff49
        6445000	       643	800008f8	fd33d2e3	bge	x7,x19,800008bc	  x7:0xfffffff6 x19:0xfffffff9
        6455000	       644	800008fc	01bbec33	or	x24,x23,x27	 x23:0xffffff49 x27:0xfffffff3 x24=0xfffffffb
        6465000	       645	80000900	009135b3	sltu	x11,x2,x9	  x2:0x00000000  x9:0x00000379 x11=0x00000001
        6475000	       646	80000904	002ae863	bltu	x21,x2,80000914	 x21:0x00000000  x2:0x00000000
        6485000	       647	80000908	010a0eb3	add	x29,x20,x16	 x20:0xfffc4173 x16:0x02d067ee x29=0x02cca961
        6495000	       648	8000090c	02c24663	blt	x4,x12,80000938	  x4:0xffffff49 x12:0xfffff820
        6505000	       649	80000910	402e5213	srai	x4,x28,0x2	 x28:0x80009f74  x4=0xe00027dd
        6515000	       650	80000914	005e1c13	slli	x24,x28,0x5	 x28:0x80009f74 x24=0x0013ee80
        6525000	       651	80000918	7b932393	slti	x7,x6,1977	  x6:0x00000000  x7=0x00000001
        6535000	       652	8000091c	d1332a13	slti	x20,x6,-749	  x6:0x00000000 x20=0x00000000
        6545000	       653	80000920	7d97c693	xori	x13,x15,2009	 x15:0x00000379 x13=0x000004a0
        6555000	       654	80000924	04c3c513	xori	x10,x7,76	  x7:0x00000001 x10=0x0000004d
        6565000	       655	80000928	00549a33	sll	x20,x9,x5	  x9:0x00000379  x5:0x80009fc4 x20=0x00003790
        6575000	       656	8000092c	41d406b3	sub	x13,x8,x29	  x8:0x00000001 x29:0x02cca961 x13=0xfd3356a0
        6585000	       657	80000930	00000013	addi	x0,x0,0	  x0:0x00000000
        6595000	       658	80000934	0118e663	bltu	x17,x17,80000940	 x17:0x00000000 x17:0x00000000
        6605000	       659	80000938	0167dcb3	srl	x25,x15,x22	 x15:0x00000379 x22:0x8c81540f x25=0x00000000
        6615000	       660	8000093c	05da6663	bltu	x20,x29,80000988	 x20:0x00003790 x29:0x02cca961
        6625000	       661	00000000	00000013	addi	x0,x0,0	  x0:0x00000000
        6635000	       662	80000984	00000013	addi	x0,x0,0	  x0:0x00000000
        6645000	       663	80000988	018183b3	add	x7,x3,x24	  x3:0x00000100 x24:0x0013ee80  x7=0x0013ef80
        6655000	       664	8000098c	8e536313	ori	x6,x6,-1819	  x6:0x00000000  x6=0xfffff8e5
        6665000	       665	80000990	253e6693	ori	x13,x28,595	 x28:0x80009f74 x13=0x80009f77
        6675000	       666	80000994	0174c5b3	xor	x11,x9,x23	  x9:0x00000379 x23:0xffffff49 x11=0xfffffc30
        6685000	       667	80000998	01ac7fb3	and	x31,x24,x26	 x24:0x0013ee80 x26:0x00000000 x31=0x00000000
        6695000	       668	8000099c	6d76f113	andi	x2,x13,1751	 x13:0x80009f77  x2=0x00000657
        6705000	       669	800009a0	011798b3	sll	x17,x15,x17	 x15:0x00000379 x17:0x00000000 x17=0x00000379
        6715000	       670	800009a4	75ba6993	ori	x19,x20,1883	 x20:0x00003790 x19=0x000037db
        6725000	       671	800009a8	018d06b3	add	x13,x26,x24	 x26:0x00000000 x24:0x0013ee80 x13=0x0013ee80
        6735000	       672	800009ac	00448d33	add	x26,x9,x4	  x9:0x00000379  x4:0xe00027dd x26=0xe0002b56
        6745000	       673	800009b0	015edb93	srli	x23,x29,0x15	 x29:0x02cca961 x23=0x00000016
        6755000	       674	800009b4	0078f663	bgeu	x17,x7,800009c0	 x17:0x00000379  x7:0x0013ef80
        6765000	       675	800009b8	00ee3d33	sltu	x26,x28,x14	 x28:0x80009f74 x14:0x00000001 x26=0x00000000
        6775000	       676	800009bc	019b8c33	add	x24,x23,x25	 x23:0x00000016 x25:0x00000000 x24=0x00000016
        6785000	       677	800009c0	00fb9263	bne	x23,x15,800009c4	 x23:0x00000016 x15:0x00000379
        6795000	       678	00000000	00000013	addi	x0,x0,0	  x0:0x00000000
        6805000	       679	800009c0	00000013	addi	x0,x0,0	  x0:0x00000000
        6815000	       680	800009c4	001cb1b3	sltu	x3,x25,x1	 x25:0x00000000  x1:0xfffffff8  x3=0x00000001
        6825000	       681	800009c8	ddf53f93	sltiu	x31,x10,-545	 x10:0x0000004d x31=0x00000001
        6835000	       682	800009cc	004759b3	srl	x19,x14,x4	 x14:0x00000001  x4:0xe00027dd x19=0x00000000
        6845000	       683	800009d0	01badfb3	srl	x31,x21,x27	 x21:0x00000000 x27:0xfffffff3 x31=0x00000000
        6855000	       684	800009d4	01e9dd93	srli	x27,x19,0x1e	 x19:0x00000000 x27=0x00000000
        6865000	       685	800009d8	01e49f93	slli	x31,x9,0x1e	  x9:0x00000379 x31=0x40000000
        6875000	       686	800009dc	01aa4133	xor	x2,x20,x26	 x20:0x00003790 x26:0x00000000  x2=0x00003790
        6885000	       687	800009e0	0148a4b3	slt	x9,x17,x20	 x17:0x00000379 x20:0x00003790  x9=0x00000001
        6895000	       688	800009e4	41b559b3	sra	x19,x10,x27	 x10:0x0000004d x27:0x00000000 x19=0x0000004d
        6905000	       689	800009e8	00e19093	slli	x1,x3,0xe	  x3:0x00000001  x1=0x00004000
        6915000	       690	800009ec	006adbb3	srl	x23,x21,x6	 x21:0x00000000  x6:0xfffff8e5 x23=0x00000000
        6925000	       691	800009f0	ab67a013	slti	x0,x15,-1354	 x15:0x00000379
        6935000	       692	800009f4	00000013	addi	x0,x0,0	  x0:0x00000000
        6945000	       693	800009f8	02c2ed93	ori	x27,x5,44	  x5:0x80009fc4 x27=0x80009fec
        6955000	       694	800009fc	8a1af393	andi	x7,x21,-1887	 x21:0x00000000  x7=0x00000000
        6965000	       695	80000a00	02141263	bne	x8,x1,80000a24	  x8:0x00000001  x1:0x00004000
        6975000	       696	00000000	00000013	addi	x0,x0,0	  x0:0x00000000
        6985000	       697	80000a20	00000013	addi	x0,x0,0	  x0:0x00000000
        6995000	       698	80000a24	40b8de93	srai	x29,x17,0xb	 x17:0x00000379 x29=0x00000000
        7005000	       699	80000a28	840ba913	slti	x18,x23,-1984	 x23:0x00000000 x18=0x00000000
        7015000	       700	80000a2c	4163d013	srai	x0,x7,0x16	  x7:0x00000000
        7025000	       701	80000a30	01c7b313	sltiu	x6,x15,28	 x15:0x00000379  x6=0x00000000
        7035000	       702	80000a34	001cd933	srl	x18,x25,x1	 x25:0x00000000  x1:0x00004000 x18=0x00000000
        7045000	       703	80000a38	368cc313	xori	x6,x25,872	 x25:0x00000000  x6=0x00000368
        7055000	       704	80000a3c	57c64113	xori	x2,x12,1404	 x12:0xfffff820  x2=0xfffffd5c
        7065000	       705	80000a40	01eb53b3	srl	x7,x22,x30	 x22:0x8c81540f x30:0xf00013ee  x7=0x00023205
        7075000	       706	80000a44	9aa68213	addi	x4,x13,-1622	 x13:0x0013ee80  x4=0x0013e82a
        7085000	       707	80000a48	04647f17	auipc	x30,0x4647	 x30=0x84647a44
        7095000	       708	80000a4c	40dad213	srai	x4,x21,0xd	 x21:0x00000000  x4=0x00000000
        7105000	       709	80000a50	f0502693	slti	x13,x0,-251	  x0:0x00000000 x13=0x00000000
        7115000	       710	80000a54	008c8733	add	x14,x25,x8	 x25:0x00000000  x8:0x00000001 x14=0x00000001
        7125000	       711	80000a58	40a2da13	srai	x20,x5,0xa	  x5:0x80009fc4 x20=0xffe00027
        7135000	       712	80000a5c	009d3cb3	sltu	x25,x26,x9	 x26:0x00000000  x9:0x00000001 x25=0x00000001
        7145000	       713	80000a60	002b23b3	slt	x7,x22,x2	 x22:0x8c81540f  x2:0xfffffd5c  x7=0x00000001
        7155000	       714	80000a64	03930863	beq	x6,x25,80000a94	  x6:0x00000368 x25:0x00000001
        7165000	       715	80000a68	019b5093	srli	x1,x22,0x19	 x22:0x8c81540f  x1=0x00000046
        7175000	       716	80000a6c	1c6dca93	xori	x21,x27,454	 x27:0x80009fec x21=0x80009e2a
        7185000	       717	80000a70	03975c63	bge	x14,x25,80000aa8	 x14:0x00000001 x25:0x00000001
        7195000	       718	00000000	00000013	addi	x0,x0,0	  x0:0x00000000
        7205000	       719	80000aa4	00000013	addi	x0,x0,0	  x0:0x00000000
        7215000	       720	80000aa8	03a70c63	beq	x14,x26,80000ae0	 x14:0x00000001 x26:0x00000000
        7225000	       721	80000aac	00cf00b3	add	x1,x30,x12	 x30:0x84647a44 x12:0xfffff820  x1=0x84647264
        7235000	       722	80000ab0	02817f93	andi	x31,x2,40	  x2:0xfffffd5c x31=0x00000008
        7245000	       723	80000ab4	e6600d93	addi	x27,x0,-410	  x0:0x00000000 x27=0xfffffe66
        7255000	       724	80000ab8	001e8463	beq	x29,x1,80000ac0	 x29:0x00000000  x1:0x84647264
        7265000	       725	80000abc	2240ff13	andi	x30,x1,548	  x1:0x84647264 x30=0x00000224
        7275000	       726	80000ac0	03de6863	bltu	x28,x29,80000af0	 x28:0x80009f74 x29:0x00000000
        7285000	       727	80000ac4	01df23b3	slt	x7,x30,x29	 x30:0x00000224 x29:0x00000000  x7=0x00000000
        7295000	       728	80000ac8	00fb5033	srl	x0,x22,x15	 x22:0x8c81540f x15:0x00000379
        7305000	       729	80000acc	01c6f663	bgeu	x13,x28,80000ad8	 x13:0x00000000 x28:0x80009f74
        7315000	       730	80000ad0	01bf16b3	sll	x13,x30,x27	 x30:0x00000224 x27:0xfffffe66 x13=0x00008900
        7325000	       731	80000ad4	72ad3193	sltiu	x3,x26,1834	 x26:0x00000000  x3=0x00000001
        7335000	       732	80000ad8	01568533	add	x10,x13,x21	 x13:0x00008900 x21:0x80009e2a x10=0x8001272a
        7345000	       733	80000adc	00cca5b3	slt	x11,x25,x12	 x25:0x00000001 x12:0xfffff820 x11=0x00000000
        7355000	       734	80000ae0	01759d93	slli	x27,x11,0x17	 x11:0x00000000 x27=0x00000000
        7365000	       735	80000ae4	5c5fa713	slti	x14,x31,1477	 x31:0x00000008 x14=0x00000001
        7375000	       736	80000ae8	0552f463	bgeu	x5,x21,80000b30	  x5:0x80009fc4 x21:0x80009e2a
        7385000	       737	00000000	00000013	addi	x0,x0,0	  x0:0x00000000
        7395000	       738	80000b2c	00000013	addi	x0,x0,0	  x0:0x00000000
        7405000	       739	80000b30	00d37633	and	x12,x6,x13	  x6:0x00000368 x13:0x00008900 x12=0x00000100
        7415000	       740	80000b34	05150663	beq	x10,x17,80000b80	 x10:0x8001272a x17:0x00000379
        7425000	       741	80000b38	01a29f93	slli	x31,x5,0x1a	  x5:0x80009fc4 x31=0x10000000
        7435000	       742	80000b3c	ea1b7e93	andi	x29,x22,-351	 x22:0x8c81540f x29=0x8c815401
        7445000	       743	80000b40	03c4e263	bltu	x9,x28,80000b64	  x9:0x00000001 x28:0x80009f74
        7455000	       744	00000000	00000013	addi	x0,x0,0	  x0:0x00000000
        7465000	       745	80000b60	00000013	addi	x0,x0,0	  x0:0x00000000
        7475000	       746	80000b64	40d38eb3	sub	x29,x7,x13	  x7:0x00000000 x13:0x00008900 x29=0xffff7700
        7485000	       747	80000b68	febe6313	ori	x6,x28,-21	 x28:0x80009f74  x6=0xffffffff
        7495000	       748	80000b6c	42086113	ori	x2,x16,1056	 x16:0x02d067ee  x2=0x02d067ee
        7505000	       749	80000b70	c551c1b7	lui	x3,0xc551c	  x3=0xc551c000
        7515000	       750	80000b74	00c0e663	bltu	x1,x12,80000b80	  x1:0x84647264 x12:0x00000100
        7525000	       751	80000b78	be70b793	sltiu	x15,x1,-1049	  x1:0x84647264 x15=0x00000001
        7535000	       752	80000b7c	b6d153b7	lui	x7,0xb6d15	  x7=0xb6d15000
        7545000	       753	80000b80	00e17833	and	x16,x2,x14	  x2:0x02d067ee x14:0x00000001 x16=0x00000000
        7555000	       754	80000b84	016c4863	blt	x24,x22,80000b94	 x24:0x00000016 x22:0x8c81540f
        7565000	       755	80000b88	01bd0663	beq	x26,x27,80000b94	 x26:0x00000000 x27:0x00000000
        7575000	       756	00000000	00000013	addi	x0,x0,0	  x0:0x00000000
        7585000	       757	80000b90	00000013	addi	x0,x0,0	  x0:0x00000000
        7595000	       758	80000b94	015dd593	srli	x11,x27,0x15	 x27:0x00000000 x11=0x00000000
        7605000	       759	80000b98	00600f13	addi	x30,x0,6	  x0:0x00000000 x30=0x00000006
        7615000	       760	80000b9c	009e7fb3	and	x31,x28,x9	 x28:0x80009f74  x9:0x00000001 x31=0x00000000
        7625000	       761	80000ba0	00f00393	addi	x7,x0,15	  x0:0x00000000  x7=0x0000000f
        7635000	       762	80000ba4	9086deb7	lui	x29,0x9086d	 x29=0x9086d000
        7645000	       763	80000ba8	41088233	sub	x4,x17,x16	 x17:0x00000379 x16:0x00000000  x4=0x00000379
        7655000	       764	80000bac	4a622f93	slti	x31,x4,1190	  x4:0x00000379 x31=0x00000001
        7665000	       765	80000bb0	01762133	slt	x2,x12,x23	 x12:0x00000100 x23:0x00000000  x2=0x00000000
        7675000	       766	80000bb4	0592c317	auipc	x6,0x592c	  x6=0x8592cbb0
        7685000	       767	80000bb8	00b21ab3	sll	x21,x4,x11	  x4:0x00000379 x11:0x00000000 x21=0x00000379
        7695000	       768	80000bbc	01c4c333	xor	x6,x9,x28	  x9:0x00000001 x28:0x80009f74  x6=0x80009f75
        7705000	       769	80000bc0	004d7133	and	x2,x26,x4	 x26:0x00000000  x4:0x00000379  x2=0x00000000
        7715000	       770	80000bc4	004f0f13	addi	x30,x30,4	 x30:0x00000006 x30=0x0000000a
        7725000	       771	80000bc8	e9a70a13	addi	x20,x14,-358	 x14:0x00000001 x20=0xfffffe9b
        7735000	       772	80000bcc	45c90697	auipc	x13,0x45c90	 x13=0xc5c90bc8
        7745000	       773	80000bd0	01627c93	andi	x25,x4,22	  x4:0x00000379 x25=0x00000010
        7755000	       774	80000bd4	41328d33	sub	x26,x5,x19	  x5:0x80009fc4 x19:0x0000004d x26=0x80009f77
        7765000	       775	80000bd8	fc7f48e3	blt	x30,x7,80000ba8	 x30:0x0000000a  x7:0x0000000f
        7775000	       776	00000000	00000013	addi	x0,x0,0	  x0:0x00000000
        7785000	       777	80000ba4	00000013	addi	x0,x0,0	  x0:0x00000000
        7795000	       778	80000ba8	41088233	sub	x4,x17,x16	 x17:0x00000379 x16:0x00000000  x4=0x00000379
        7805000	       779	80000bac	4a622f93	slti	x31,x4,1190	  x4:0x00000379 x31=0x00000001
        7815000	       780	80000bb0	01762133	slt	x2,x12,x23	 x12:0x00000100 x23:0x00000000  x2=0x00000000
        7825000	       781	80000bb4	0592c317	auipc	x6,0x592c	  x6=0x8592cbb0
        7835000	       782	80000bb8	00b21ab3	sll	x21,x4,x11	  x4:0x00000379 x11:0x00000000 x21=0x00000379
        7845000	       783	80000bbc	01c4c333	xor	x6,x9,x28	  x9:0x00000001 x28:0x80009f74  x6=0x80009f75
        7855000	       784	80000bc0	004d7133	and	x2,x26,x4	 x26:0x80009f77  x4:0x00000379  x2=0x00000371
        7865000	       785	80000bc4	004f0f13	addi	x30,x30,4	 x30:0x0000000a x30=0x0000000e
        7875000	       786	80000bc8	e9a70a13	addi	x20,x14,-358	 x14:0x00000001 x20=0xfffffe9b
        7885000	       787	80000bcc	45c90697	auipc	x13,0x45c90	 x13=0xc5c90bc8
        7895000	       788	80000bd0	01627c93	andi	x25,x4,22	  x4:0x00000379 x25=0x00000010
        7905000	       789	80000bd4	41328d33	sub	x26,x5,x19	  x5:0x80009fc4 x19:0x0000004d x26=0x80009f77
        7915000	       790	80000bd8	fc7f48e3	blt	x30,x7,80000ba8	 x30:0x0000000e  x7:0x0000000f
        7925000	       791	00000000	00000013	addi	x0,x0,0	  x0:0x00000000
        7935000	       792	80000ba4	00000013	addi	x0,x0,0	  x0:0x00000000
        7945000	       793	80000ba8	41088233	sub	x4,x17,x16	 x17:0x00000379 x16:0x00000000  x4=0x00000379
        7955000	       794	80000bac	4a622f93	slti	x31,x4,1190	  x4:0x00000379 x31=0x00000001
        7965000	       795	80000bb0	01762133	slt	x2,x12,x23	 x12:0x00000100 x23:0x00000000  x2=0x00000000
        7975000	       796	80000bb4	0592c317	auipc	x6,0x592c	  x6=0x8592cbb0
        7985000	       797	80000bb8	00b21ab3	sll	x21,x4,x11	  x4:0x00000379 x11:0x00000000 x21=0x00000379
        7995000	       798	80000bbc	01c4c333	xor	x6,x9,x28	  x9:0x00000001 x28:0x80009f74  x6=0x80009f75
        8005000	       799	80000bc0	004d7133	and	x2,x26,x4	 x26:0x80009f77  x4:0x00000379  x2=0x00000371
        8015000	       800	80000bc4	004f0f13	addi	x30,x30,4	 x30:0x0000000e x30=0x00000012
        8025000	       801	80000bc8	e9a70a13	addi	x20,x14,-358	 x14:0x00000001 x20=0xfffffe9b
        8035000	       802	80000bcc	45c90697	auipc	x13,0x45c90	 x13=0xc5c90bc8
        8045000	       803	80000bd0	01627c93	andi	x25,x4,22	  x4:0x00000379 x25=0x00000010
        8055000	       804	80000bd4	41328d33	sub	x26,x5,x19	  x5:0x80009fc4 x19:0x0000004d x26=0x80009f77
        8065000	       805	80000bd8	fc7f48e3	blt	x30,x7,80000ba8	 x30:0x00000012  x7:0x0000000f
        8075000	       806	80000bdc	01e138b3	sltu	x17,x2,x30	  x2:0x00000371 x30:0x00000012 x17=0x00000000
        8085000	       807	80000be0	4083df93	srai	x31,x7,0x8	  x7:0x0000000f x31=0x00000000
        8095000	       808	80000be4	00ccfc63	bgeu	x25,x12,80000bfc	 x25:0x00000010 x12:0x00000100
        8105000	       809	80000be8	fd037513	andi	x10,x6,-48	  x6:0x80009f75 x10=0x80009f50
        8115000	       810	80000bec	00044263	blt	x8,x0,80000bf0	  x8:0x00000001  x0:0x00000000
        8125000	       811	80000bf0	66869c17	auipc	x24,0x66869	 x24=0xe6869bec
        8135000	       812	80000bf4	e3ce3817	auipc	x16,0xe3ce3	 x16=0x63ce3bf0
        8145000	       813	80000bf8	00d7a133	slt	x2,x15,x13	 x15:0x00000001 x13:0xc5c90bc8  x2=0x00000000
        8155000	       814	80000bfc	621b7597	auipc	x11,0x621b7	 x11=0xe21b7bf8
        8165000	       815	80000c00	00000013	addi	x0,x0,0	  x0:0x00000000
        8175000	       816	80000c04	0134b8b3	sltu	x17,x9,x19	  x9:0x00000001 x19:0x0000004d x17=0x00000001
        8185000	       817	80000c08	04344863	blt	x8,x3,80000c58	  x8:0x00000001  x3:0xc551c000
        8195000	       818	80000c0c	009a1413	slli	x8,x20,0x9	 x20:0xfffffe9b  x8=0xfffd3600
        8205000	       819	80000c10	00000013	addi	x0,x0,0	  x0:0x00000000
        8215000	       820	80000c14	003b5463	bge	x22,x3,80000c1c	 x22:0x8c81540f  x3:0xc551c000
        8225000	       821	80000c18	0b6afa13	andi	x20,x21,182	 x21:0x00000379 x20=0x00000030
        8235000	       822	80000c1c	00d45593	srli	x11,x8,0xd	  x8:0xfffd3600 x11=0x0007ffe9
        8245000	       823	80000c20	00259663	bne	x11,x2,80000c2c	 x11:0x0007ffe9  x2:0x00000000
        8255000	       824	00000000	00000013	addi	x0,x0,0	  x0:0x00000000
        8265000	       825	80000c28	00000013	addi	x0,x0,0	  x0:0x00000000
        8275000	       826	80000c2c	04e06063	bltu	x0,x14,80000c6c	  x0:0x00000000 x14:0x00000001
        8285000	       827	00000000	00000013	addi	x0,x0,0	  x0:0x00000000
        8295000	       828	80000c68	00000013	addi	x0,x0,0	  x0:0x00000000
        8305000	       829	80000c6c	0a38e893	ori	x17,x17,163	 x17:0x00000001 x17=0x000000a3
        8315000	       830	80000c70	01efa933	slt	x18,x31,x30	 x31:0x00000000 x30:0x00000012 x18=0x00000001
        8325000	       831	80000c74	04cd4263	blt	x26,x12,80000cb8	 x26:0x80009f77 x12:0x00000100
        8335000	       832	00000000	00000013	addi	x0,x0,0	  x0:0x00000000
        8345000	       833	80000cb4	00000013	addi	x0,x0,0	  x0:0x00000000
        8355000	       834	80000cb8	022b1463	bne	x22,x2,80000ce0	 x22:0x8c81540f  x2:0x00000000
        8365000	       835	00000000	00000013	addi	x0,x0,0	  x0:0x00000000
        8375000	       836	80000cdc	00000013	addi	x0,x0,0	  x0:0x00000000
        8385000	       837	80000ce0	047a4463	blt	x20,x7,80000d28	 x20:0x00000030  x7:0x0000000f
        8395000	       838	80000ce4	0117a6b3	slt	x13,x15,x17	 x15:0x00000001 x17:0x000000a3 x13=0x00000001
        8405000	       839	80000ce8	a7132713	slti	x14,x6,-1423	  x6:0x80009f75 x14=0x00000001
        8415000	       840	80000cec	a91c6613	ori	x12,x24,-1391	 x24:0xe6869bec x12=0xfffffbfd
        8425000	       841	80000cf0	01825f13	srli	x30,x4,0x18	  x4:0x00000379 x30=0x00000000
        8435000	       842	80000cf4	0572e663	bltu	x5,x23,80000d40	  x5:0x80009fc4 x23:0x00000000
        8445000	       843	80000cf8	0056d213	srli	x4,x13,0x5	 x13:0x00000001  x4=0x00000000
        8455000	       844	80000cfc	01f93333	sltu	x6,x18,x31	 x18:0x00000001 x31:0x00000000  x6=0x00000000
        8465000	       845	80000d00	00031913	slli	x18,x6,0x0	  x6:0x00000000 x18=0x00000000
        8475000	       846	80000d04	007f43b3	xor	x7,x30,x7	 x30:0x00000000  x7:0x0000000f  x7=0x0000000f
        8485000	       847	80000d08	02421863	bne	x4,x4,80000d38	  x4:0x00000000  x4:0x00000000
        8495000	       848	80000d0c	23a2f593	andi	x11,x5,570	  x5:0x80009fc4 x11=0x00000200
        8505000	       849	80000d10	012c07b3	add	x15,x24,x18	 x24:0xe6869bec x18:0x00000000 x15=0xe6869bec
        8515000	       850	80000d14	00897863	bgeu	x18,x8,80000d24	 x18:0x00000000  x8:0xfffd3600
        8525000	       851	80000d18	01bb9663	bne	x23,x27,80000d24	 x23:0x00000000 x27:0x00000000
        8535000	       852	80000d1c	004c3ab3	sltu	x21,x24,x4	 x24:0xe6869bec  x4:0x00000000 x21=0x00000000
        8545000	       853	80000d20	41fa5f13	srai	x30,x20,0x1f	 x20:0x00000030 x30=0x00000000
        8555000	       854	80000d24	006208b3	add	x17,x4,x6	  x4:0x00000000  x6:0x00000000 x17=0x00000000
        8565000	       855	80000d28	d292c513	xori	x10,x5,-727	  x5:0x80009fc4 x10=0x7fff62ed
        8575000	       856	80000d2c	401a80b3	sub	x1,x21,x1	 x21:0x00000000  x1:0x84647264  x1=0x7b9b8d9c
        8585000	       857	80000d30	41905fb3	sra	x31,x0,x25	  x0:0x00000000 x25:0x00000010 x31=0x00000000
        8595000	       858	80000d34	8518d0b7	lui	x1,0x8518d	  x1=0x8518d000
        8605000	       859	80000d38	9e24f693	andi	x13,x9,-1566	  x9:0x00000001 x13=0x00000000
        8615000	       860	80000d3c	02ab7863	bgeu	x22,x10,80000d6c	 x22:0x8c81540f x10:0x7fff62ed
        8625000	       861	00000000	00000013	addi	x0,x0,0	  x0:0x00000000
        8635000	       862	80000d68	00000013	addi	x0,x0,0	  x0:0x00000000
        8645000	       863	80000d6c	f2756b97	auipc	x23,0xf2756	 x23=0x72756d68
        8655000	       864	80000d70	0186e7b3	or	x15,x13,x24	 x13:0x00000000 x24:0xe6869bec x15=0xe6869bec
        8665000	       865	80000d74	f8367593	andi	x11,x12,-125	 x12:0xfffffbfd x11=0xfffffb81
        8675000	       866	80000d78	0136f033	and	x0,x13,x19	 x13:0x00000000 x19:0x0000004d
        8685000	       867	80000d7c	0067efb3	or	x31,x15,x6	 x15:0xe6869bec  x6:0x00000000 x31=0xe6869bec
        8695000	       868	80000d80	0075f863	bgeu	x11,x7,80000d90	 x11:0xfffffb81  x7:0x0000000f
        8705000	       869	00000000	00000013	addi	x0,x0,0	  x0:0x00000000
        8715000	       870	80000d8c	00000013	addi	x0,x0,0	  x0:0x00000000
        8725000	       871	80000d90	008d0863	beq	x26,x8,80000da0	 x26:0x80009f77  x8:0xfffd3600
        8735000	       872	80000d94	33b93f37	lui	x30,0x33b93	 x30=0x33b93000
        8745000	       873	80000d98	135ee313	ori	x6,x29,309	 x29:0x9086d000  x6=0x9086d135
        8755000	       874	80000d9c	82e38d13	addi	x26,x7,-2002	  x7:0x0000000f x26=0xfffff83d
        8765000	       875	80000da0	05037063	bgeu	x6,x16,80000de0	  x6:0x9086d135 x16:0x63ce3bf0
        8775000	       876	00000000	00000013	addi	x0,x0,0	  x0:0x00000000
        8785000	       877	80000ddc	00000013	addi	x0,x0,0	  x0:0x00000000
        8795000	       878	80000de0	00224bb3	xor	x23,x4,x2	  x4:0x00000000  x2:0x00000000 x23=0x00000000
        8805000	       879	80000de4	01ab5513	srli	x10,x22,0x1a	 x22:0x8c81540f x10=0x00000023
        8815000	       880	80000de8	0118ca33	xor	x20,x17,x17	 x17:0x00000000 x17:0x00000000 x20=0x00000000
        8825000	       881	80000dec	001c9d13	slli	x26,x25,0x1	 x25:0x00000010 x26=0x00000020
        8835000	       882	80000df0	c3038a17	auipc	x20,0xc3038	 x20=0x43038dec
        8845000	       883	80000df4	e2c8bc93	sltiu	x25,x17,-468	 x17:0x00000000 x25=0x00000001
        8855000	       884	80000df8	400c5a33	sra	x20,x24,x0	 x24:0xe6869bec  x0:0x00000000 x20=0xe6869bec
        8865000	       885	80000dfc	41da85b3	sub	x11,x21,x29	 x21:0x00000000 x29:0x9086d000 x11=0x6f793000
        8875000	       886	80000e00	412e5833	sra	x16,x28,x18	 x28:0x80009f74 x18:0x00000000 x16=0x80009f74
        8885000	       887	80000e04	40d85193	srai	x3,x16,0xd	 x16:0x80009f74  x3=0xfffc0004
        8895000	       888	80000e08	a01df4b7	lui	x9,0xa01df	  x9=0xa01df000
        8905000	       889	80000e0c	0596d063	bge	x13,x25,80000e4c	 x13:0x00000000 x25:0x00000001
        8915000	       890	80000e10	048bc417	auipc	x8,0x48bc	  x8=0x848bce0c
        8925000	       891	80000e14	04dae863	bltu	x21,x13,80000e64	 x21:0x00000000 x13:0x00000000
        8935000	       892	80000e18	019d4663	blt	x26,x25,80000e24	 x26:0x00000020 x25:0x00000001
        8945000	       893	80000e1c	003675b3	and	x11,x12,x3	 x12:0xfffffbfd  x3:0xfffc0004 x11=0xfffc0004
        8955000	       894	80000e20	41210db3	sub	x27,x2,x18	  x2:0x00000000 x18:0x00000000 x27=0x00000000
        8965000	       895	80000e24	00000013	addi	x0,x0,0	  x0:0x00000000
        8975000	       896	80000e28	0280e463	bltu	x1,x8,80000e50	  x1:0x8518d000  x8:0x848bce0c
        8985000	       897	80000e2c	011f1663	bne	x30,x17,80000e38	 x30:0x33b93000 x17:0x00000000
        8995000	       898	00000000	00000013	addi	x0,x0,0	  x0:0x00000000
        9005000	       899	80000e34	00000013	addi	x0,x0,0	  x0:0x00000000
        9015000	       900	80000e38	01334a33	xor	x20,x6,x19	  x6:0x9086d135 x19:0x0000004d x20=0x9086d178
        9025000	       901	80000e3c	419ed413	srai	x8,x29,0x19	 x29:0x9086d000  x8=0xffffffc8
        9035000	       902	80000e40	0109a233	slt	x4,x19,x16	 x19:0x0000004d x16:0x80009f74  x4=0x00000000
        9045000	       903	80000e44	091a8463	beq	x21,x17,80000ecc	 x21:0x00000000 x17:0x00000000
        9055000	       904	00000000	00000013	addi	x0,x0,0	  x0:0x00000000
        9065000	       905	80000ec8	00000013	addi	x0,x0,0	  x0:0x00000000
        9075000	       906	80000ecc	00fdb5b3	sltu	x11,x27,x15	 x27:0x00000000 x15:0xe6869bec x11=0x00000001
        9085000	       907	80000ed0	72e93f93	sltiu	x31,x18,1838	 x18:0x00000000 x31=0x00000001
        9095000	       908	80000ed4	00000013	addi	x0,x0,0	  x0:0x00000000
        9105000	       909	80000ed8	01b5f333	and	x6,x11,x27	 x11:0x00000001 x27:0x00000000  x6=0x00000000
        9115000	       910	80000edc	77495bb7	lui	x23,0x77495	 x23=0x77495000
        9125000	       911	80000ee0	01a90663	beq	x18,x26,80000eec	 x18:0x00000000 x26:0x00000020
        9135000	       912	80000ee4	d2047717	auipc	x14,0xd2047	 x14=0x52047ee0
        9145000	       913	80000ee8	01c91693	slli	x13,x18,0x1c	 x18:0x00000000 x13=0x00000000
        9155000	       914	80000eec	b4790493	addi	x9,x18,-1209	 x18:0x00000000  x9=0xfffffb47
        9165000	       915	80000ef0	d00f4c93	xori	x25,x30,-768	 x30:0x33b93000 x25=0xcc46cd00
        9175000	       916	80000ef4	04234663	blt	x6,x2,80000f40	  x6:0x00000000  x2:0x00000000
        9185000	       917	80000ef8	3be10793	addi	x15,x2,958	  x2:0x00000000 x15=0x000003be
        9195000	       918	80000efc	0334c263	blt	x9,x19,80000f20	  x9:0xfffffb47 x19:0x0000004d
        9205000	       919	00000000	00000013	addi	x0,x0,0	  x0:0x00000000
        9215000	       920	80000f1c	00000013	addi	x0,x0,0	  x0:0x00000000
        9225000	       921	80000f20	007dd633	srl	x12,x27,x7	 x27:0x00000000  x7:0x0000000f x12=0x00000000
        9235000	       922	80000f24	40b0d8b3	sra	x17,x1,x11	  x1:0x8518d000 x11:0x00000001 x17=0xc28c6800
        9245000	       923	80000f28	401edd33	sra	x26,x29,x1	 x29:0x9086d000  x1:0x8518d000 x26=0x9086d000
        9255000	       924	80000f2c	00000013	addi	x0,x0,0	  x0:0x00000000
        9265000	       925	80000f30	0194a4b3	slt	x9,x9,x25	  x9:0xfffffb47 x25:0xcc46cd00  x9=0x00000000
        9275000	       926	80000f34	012f88b3	add	x17,x31,x18	 x31:0x00000001 x18:0x00000000 x17=0x00000001
        9285000	       927	80000f38	001e1813	slli	x16,x28,0x1	 x28:0x80009f74 x16=0x00013ee8
        9295000	       928	80000f3c	54fb8193	addi	x3,x23,1359	 x23:0x77495000  x3=0x7749554f
        9305000	       929	80000f40	00989513	slli	x10,x17,0x9	 x17:0x00000001 x10=0x00000200
        9315000	       930	80000f44	6b0c7713	andi	x14,x24,1712	 x24:0xe6869bec x14=0x000002a0
        9325000	       931	80000f48	040d4263	blt	x26,x0,80000f8c	 x26:0x9086d000  x0:0x00000000
        9335000	       932	00000000	00000013	addi	x0,x0,0	  x0:0x00000000
        9345000	       933	80000f88	00000013	addi	x0,x0,0	  x0:0x00000000
        9355000	       934	80000f8c	00184663	blt	x16,x1,80000f98	 x16:0x00013ee8  x1:0x8518d000
        9365000	       935	80000f90	bdc4e917	auipc	x18,0xbdc4e	 x18=0x3dc4ef8c
        9375000	       936	80000f94	ee950313	addi	x6,x10,-279	 x10:0x00000200  x6=0x000000e9
        9385000	       937	80000f98	b1055c37	lui	x24,0xb1055	 x24=0xb1055000
        9395000	       938	80000f9c	00c41693	slli	x13,x8,0xc	  x8:0xffffffc8 x13=0xfffc8000
        9405000	       939	80000fa0	00721693	slli	x13,x4,0x7	  x4:0x00000000 x13=0x00000000
        9415000	       940	80000fa4	401786b3	sub	x13,x15,x1	 x15:0x000003be  x1:0x8518d000 x13=0x7ae733be
        9425000	       941	80000fa8	0116e463	bltu	x13,x17,80000fb0	 x13:0x7ae733be x17:0x00000001
        9435000	       942	80000fac	00955213	srli	x4,x10,0x9	 x10:0x00000200  x4=0x00000001
        9445000	       943	80000fb0	412b0ab3	sub	x21,x22,x18	 x22:0x8c81540f x18:0x3dc4ef8c x21=0x4ebc6483
        9455000	       944	80000fb4	01937d33	and	x26,x6,x25	  x6:0x000000e9 x25:0xcc46cd00 x26=0x00000000
        9465000	       945	80000fb8	00000013	addi	x0,x0,0	  x0:0x00000000
        9475000	       946	80000fbc	a3b6c793	xori	x15,x13,-1477	 x13:0x7ae733be x15=0x8518c985
        9485000	       947	80000fc0	00b3feb3	and	x29,x7,x11	  x7:0x0000000f x11:0x00000001 x29=0x00000001
        9495000	       948	80000fc4	61626f13	ori	x30,x4,1558	  x4:0x00000001 x30=0x00000617
        9505000	       949	80000fc8	009ad463	bge	x21,x9,80000fd0	 x21:0x4ebc6483  x9:0x00000000
        9515000	       950	00000000	00000013	addi	x0,x0,0	  x0:0x00000000
        9525000	       951	80000fcc	00000013	addi	x0,x0,0	  x0:0x00000000
        9535000	       952	80000fd0	0910f063	bgeu	x1,x17,80001050	  x1:0x8518d000 x17:0x00000001
        9545000	       953	00000000	00000013	addi	x0,x0,0	  x0:0x00000000
        9555000	       954	8000104c	00000013	addi	x0,x0,0	  x0:0x00000000
        9565000	       955	80001050	40dc5493	srai	x9,x24,0xd	 x24:0xb1055000  x9=0xfffd882a
        9575000	       956	80001054	40165333	sra	x6,x12,x1	 x12:0x00000000  x1:0x8518d000  x6=0x00000000
        9585000	       957	80001058	00165993	srli	x19,x12,0x1	 x12:0x00000000 x19=0x00000000
        9595000	       958	8000105c	008f1333	sll	x6,x30,x8	 x30:0x00000617  x8:0xffffffc8  x6=0x00061700
        9605000	       959	80001060	03b90463	beq	x18,x27,80001088	 x18:0x3dc4ef8c x27:0x00000000
        9615000	       960	80001064	00ef31b3	sltu	x3,x30,x14	 x30:0x00000617 x14:0x000002a0  x3=0x00000000
        9625000	       961	80001068	05697063	bgeu	x18,x22,800010a8	 x18:0x3dc4ef8c x22:0x8c81540f
        9635000	       962	8000106c	9d06ed93	ori	x27,x13,-1584	 x13:0x7ae733be x27=0xfffffbfe
        9645000	       963	80001070	014d86b3	add	x13,x27,x20	 x27:0xfffffbfe x20:0x9086d178 x13=0x9086cd76
        9655000	       964	80001074	01e00cb3	add	x25,x0,x30	  x0:0x00000000 x30:0x00000617 x25=0x00000617
        9665000	       965	80001078	00e82033	slt	x0,x16,x14	 x16:0x00013ee8 x14:0x000002a0
        9675000	       966	8000107c	00976663	bltu	x14,x9,80001088	 x14:0x000002a0  x9:0xfffd882a
        9685000	       967	00000000	00000013	addi	x0,x0,0	  x0:0x00000000
        9695000	       968	80001084	00000013	addi	x0,x0,0	  x0:0x00000000
        9705000	       969	80001088	021a9c63	bne	x21,x1,800010c0	 x21:0x4ebc6483  x1:0x8518d000
        9715000	       970	00000000	00000013	addi	x0,x0,0	  x0:0x00000000
        9725000	       971	800010bc	00000013	addi	x0,x0,0	  x0:0x00000000
        9735000	       972	800010c0	00000013	addi	x0,x0,0	  x0:0x00000000
        9745000	       973	800010c4	1748c713	xori	x14,x17,372	 x17:0x00000001 x14=0x00000175
        9755000	       974	800010c8	00000013	addi	x0,x0,0	  x0:0x00000000
        9765000	       975	800010cc	01c86f33	or	x30,x16,x28	 x16:0x00013ee8 x28:0x80009f74 x30=0x8001bffc
        9775000	       976	800010d0	01f5e033	or	x0,x11,x31	 x11:0x00000001 x31:0x00000001
        9785000	       977	800010d4	01a318b3	sll	x17,x6,x26	  x6:0x00061700 x26:0x00000000 x17=0x00061700
        9795000	       978	800010d8	018033b3	sltu	x7,x0,x24	  x0:0x00000000 x24:0xb1055000  x7=0x00000001
        9805000	       979	800010dc	00009013	slli	x0,x1,0x0	  x1:0x8518d000
        9815000	       980	800010e0	003f5d13	srli	x26,x30,0x3	 x30:0x8001bffc x26=0x100037ff
        9825000	       981	800010e4	407a06b3	sub	x13,x20,x7	 x20:0x9086d178  x7:0x00000001 x13=0x9086d177
        9835000	       982	800010e8	e453d7b7	lui	x15,0xe453d	 x15=0xe453d000
        9845000	       983	800010ec	0baf7e63	bgeu	x30,x26,800011a8	 x30:0x8001bffc x26:0x100037ff
        9855000	       984	00000000	00000013	addi	x0,x0,0	  x0:0x00000000
        9865000	       985	800011a4	00000013	addi	x0,x0,0	  x0:0x00000000
        9875000	       986	800011a8	005ae463	bltu	x21,x5,800011b0	 x21:0x4ebc6483  x5:0x80009fc4
        9885000	       987	00000000	00000013	addi	x0,x0,0	  x0:0x00000000
        9895000	       988	800011ac	00000013	addi	x0,x0,0	  x0:0x00000000
        9905000	       989	800011b0	a902e413	ori	x8,x5,-1392	  x5:0x80009fc4  x8=0xffffffd4
        9915000	       990	800011b4	40600bb3	sub	x23,x0,x6	  x0:0x00000000  x6:0x00061700 x23=0xfff9e900
        9925000	       991	800011b8	7233f0b7	lui	x1,0x7233f	  x1=0x7233f000
        9935000	       992	800011bc	4037d4b3	sra	x9,x15,x3	 x15:0xe453d000  x3:0x00000000  x9=0xe453d000
        9945000	       993	800011c0	03bc6863	bltu	x24,x27,800011f0	 x24:0xb1055000 x27:0xfffffbfe
        9955000	       994	00000000	00000013	addi	x0,x0,0	  x0:0x00000000
        9965000	       995	800011ec	00000013	addi	x0,x0,0	  x0:0x00000000
        9975000	       996	800011f0	c49e3237	lui	x4,0xc49e3	  x4=0xc49e3000
        9985000	       997	800011f4	dcdf0c93	addi	x25,x30,-563	 x30:0x8001bffc x25=0x8001bdc9
        9995000	       998	800011f8	2f4b0d93	addi	x27,x22,756	 x22:0x8c81540f x27=0x8c815703
       10005000	       999	800011fc	40830833	sub	x16,x6,x8	  x6:0x00061700  x8:0xffffffd4 x16=0x0006172c
       10015000	      1000	80001200	01495fb3	srl	x31,x18,x20	 x18:0x3dc4ef8c x20:0x9086d178 x31=0x0000003d
       10025000	      1001	80001204	2c06be93	sltiu	x29,x13,704	 x13:0x9086d177 x29=0x00000000
       10035000	      1002	80001208	01871233	sll	x4,x14,x24	 x14:0x00000175 x24:0xb1055000  x4=0x00000175
       10045000	      1003	8000120c	05ddf663	bgeu	x27,x29,80001258	 x27:0x8c815703 x29:0x00000000
       10055000	      1004	00000000	00000013	addi	x0,x0,0	  x0:0x00000000
       10065000	      1005	80001254	00000013	addi	x0,x0,0	  x0:0x00000000
       10075000	      1006	80001258	400bda33	sra	x20,x23,x0	 x23:0xfff9e900  x0:0x00000000 x20=0xfff9e900
       10085000	      1007	8000125c	4104dc13	srai	x24,x9,0x10	  x9:0xe453d000 x24=0xffffe453
       10095000	      1008	80001260	00451f93	slli	x31,x10,0x4	 x10:0x00000200 x31=0x00002000
       10105000	      1009	80001264	01c27a33	and	x20,x4,x28	  x4:0x00000175 x28:0x80009f74 x20=0x00000174
       10115000	      1010	80001268	008c39b3	sltu	x19,x24,x8	 x24:0xffffe453  x8:0xffffffd4 x19=0x00000001
       10125000	      1011	8000126c	00be6863	bltu	x28,x11,8000127c	 x28:0x80009f74 x11:0x00000001
       10135000	      1012	80001270	1a1a2213	slti	x4,x20,417	 x20:0x00000174  x4=0x00000001
       10145000	      1013	80001274	40b8dab3	sra	x21,x17,x11	 x17:0x00061700 x11:0x00000001 x21=0x00030b80
       10155000	      1014	80001278	00000013	addi	x0,x0,0	  x0:0x00000000
       10165000	      1015	8000127c	01e48663	beq	x9,x30,80001288	  x9:0xe453d000 x30:0x8001bffc
       10175000	      1016	80001280	0073cbb3	xor	x23,x7,x7	  x7:0x00000001  x7:0x00000001 x23=0x00000000
       10185000	      1017	80001284	0036d833	srl	x16,x13,x3	 x13:0x9086d177  x3:0x00000000 x16=0x9086d177
       10195000	      1018	80001288	00357833	and	x16,x10,x3	 x10:0x00000200  x3:0x00000000 x16=0x00000000
       10205000	      1019	8000128c	190d2913	slti	x18,x26,400	 x26:0x100037ff x18=0x00000000
       10215000	      1020	80001290	004e2e83	lw	x29,4(x28)	 x28:0x80009f74 x29=0x8000019c PA:0x80009f78
       10225000	      1021	80001294	40308633	sub	x12,x1,x3	  x1:0x7233f000  x3:0x00000000 x12=0x7233f000
       10235000	      1022	80001298	01b6ccb3	xor	x25,x13,x27	 x13:0x9086d177 x27:0x8c815703 x25=0x1c078674
       10245000	      1023	8000129c	415fd933	sra	x18,x31,x21	 x31:0x00002000 x21:0x00030b80 x18=0x00002000
       10255000	      1024	800012a0	9a123093	sltiu	x1,x4,-1631	  x4:0x00000001  x1=0x00000001
       10265000	      1025	800012a4	4711bc93	sltiu	x25,x3,1137	  x3:0x00000000 x25=0x00000001
       10275000	      1026	800012a8	010e0e13	addi	x28,x28,16	 x28:0x80009f74 x28=0x80009f84
       10285000	      1027	800012ac	9e3887b7	lui	x15,0x9e388	 x15=0x9e388000
       10295000	      1028	800012b0	40fd8cb3	sub	x25,x27,x15	 x27:0x8c815703 x15:0x9e388000 x25=0xee48d703
       10305000	      1029	800012b4	008cb8b3	sltu	x17,x25,x8	 x25:0xee48d703  x8:0xffffffd4 x17=0x00000001
       10315000	      1030	800012b8	001e8693	addi	x13,x29,1	 x29:0x8000019c x13=0x8000019d
       10325000	      1031	800012bc	000686e7	jalr	x13,x13,0	 x13:0x8000019d x13=0x800012bc
       10335000	      1032	00000000	00000013	addi	x0,x0,0	  x0:0x00000000
       10345000	      1033	8000019c	00000013	addi	x0,x0,0	  x0:0x00000000
       10355000	      1034	800001a0	00400513	addi	x10,x0,4	  x0:0x00000000 x10=0x00000004
       10365000	      1035	800001a4	01965313	srli	x6,x12,0x19	 x12:0x7233f000  x6=0x00000039
       10375000	      1036	800001a8	c017bf13	sltiu	x30,x15,-1023	 x15:0x9e388000 x30=0x00000001
       10385000	      1037	800001ac	00ea2d33	slt	x26,x20,x14	 x20:0x00000174 x14:0x00000175 x26=0x00000001
       10395000	      1038	800001b0	00c00213	addi	x4,x0,12	  x0:0x00000000  x4=0x0000000c
       10405000	      1039	800001b4	406cd1b3	sra	x3,x25,x6	 x25:0xee48d703  x6:0x00000039  x3=0xfffffff7
       10415000	      1040	800001b8	41650bb3	sub	x23,x10,x22	 x10:0x00000004 x22:0x8c81540f x23=0x737eabf5
       10425000	      1041	800001bc	01b819b3	sll	x19,x16,x27	 x16:0x00000000 x27:0x8c815703 x19=0x00000000
       10435000	      1042	800001c0	00850513	addi	x10,x10,8	 x10:0x00000004 x10=0x0000000c
       10445000	      1043	800001c4	01c594b3	sll	x9,x11,x28	 x11:0x00000001 x28:0x80009f84  x9=0x00000010
       10455000	      1044	800001c8	40900cb3	sub	x25,x0,x9	  x0:0x00000000  x9:0x00000010 x25=0xfffffff0
       10465000	      1045	800001cc	017b5bb3	srl	x23,x22,x23	 x22:0x8c81540f x23:0x737eabf5 x23=0x00000464
       10475000	      1046	800001d0	2446d797	auipc	x15,0x2446d	 x15=0xa446d1cc
       10485000	      1047	800001d4	cadea113	slti	x2,x29,-851	 x29:0x8000019c  x2=0x00000001
       10495000	      1048	800001d8	007145b3	xor	x11,x2,x7	  x2:0x00000001  x7:0x00000001 x11=0x00000000
       10505000	      1049	800001dc	5dbfca97	auipc	x21,0x5dbfc	 x21=0xddbfc1d8
       10515000	      1050	800001e0	007e74b3	and	x9,x28,x7	 x28:0x80009f84  x7:0x00000001  x9=0x00000000
       10525000	      1051	800001e4	5277fc93	andi	x25,x15,1319	 x15:0xa446d1cc x25=0x00000104
       10535000	      1052	800001e8	4c85e593	ori	x11,x11,1224	 x11:0x00000000 x11=0x000004c8
       10545000	      1053	800001ec	01f0c633	xor	x12,x1,x31	  x1:0x00000001 x31:0x00002000 x12=0x00002001
       10555000	      1054	800001f0	fc4504e3	beq	x10,x4,800001b8	 x10:0x0000000c  x4:0x0000000c
       10565000	      1055	00000000	00000013	addi	x0,x0,0	  x0:0x00000000
       10575000	      1056	800001b4	00000013	addi	x0,x0,0	  x0:0x00000000
       10585000	      1057	800001b8	41650bb3	sub	x23,x10,x22	 x10:0x0000000c x22:0x8c81540f x23=0x737eabfd
       10595000	      1058	800001bc	01b819b3	sll	x19,x16,x27	 x16:0x00000000 x27:0x8c815703 x19=0x00000000
       10605000	      1059	800001c0	00850513	addi	x10,x10,8	 x10:0x0000000c x10=0x00000014
       10615000	      1060	800001c4	01c594b3	sll	x9,x11,x28	 x11:0x000004c8 x28:0x80009f84  x9=0x00004c80
       10625000	      1061	800001c8	40900cb3	sub	x25,x0,x9	  x0:0x00000000  x9:0x00004c80 x25=0xffffb380
       10635000	      1062	800001cc	017b5bb3	srl	x23,x22,x23	 x22:0x8c81540f x23:0x737eabfd x23=0x00000004
       10645000	      1063	800001d0	2446d797	auipc	x15,0x2446d	 x15=0xa446d1cc
       10655000	      1064	800001d4	cadea113	slti	x2,x29,-851	 x29:0x8000019c  x2=0x00000001
       10665000	      1065	800001d8	007145b3	xor	x11,x2,x7	  x2:0x00000001  x7:0x00000001 x11=0x00000000
       10675000	      1066	800001dc	5dbfca97	auipc	x21,0x5dbfc	 x21=0xddbfc1d8
       10685000	      1067	800001e0	007e74b3	and	x9,x28,x7	 x28:0x80009f84  x7:0x00000001  x9=0x00000000
       10695000	      1068	800001e4	5277fc93	andi	x25,x15,1319	 x15:0xa446d1cc x25=0x00000104
       10705000	      1069	800001e8	4c85e593	ori	x11,x11,1224	 x11:0x00000000 x11=0x000004c8
       10715000	      1070	800001ec	01f0c633	xor	x12,x1,x31	  x1:0x00000001 x31:0x00002000 x12=0x00002001
       10725000	      1071	800001f0	fc4504e3	beq	x10,x4,800001b8	 x10:0x00000014  x4:0x0000000c
       10735000	      1072	800001f4	00b177b3	and	x15,x2,x11	  x2:0x00000001 x11:0x000004c8 x15=0x00000000
       10745000	      1073	800001f8	00800193	addi	x3,x0,8	  x0:0x00000000  x3=0x00000008
       10755000	      1074	800001fc	4fea6f13	ori	x30,x20,1278	 x20:0x00000174 x30=0x000005fe
       10765000	      1075	80000200	01200513	addi	x10,x0,18	  x0:0x00000000 x10=0x00000012
       10775000	      1076	80000204	018f2033	slt	x0,x30,x24	 x30:0x000005fe x24:0xffffe453
       10785000	      1077	80000208	006fe333	or	x6,x31,x6	 x31:0x00002000  x6:0x00000039  x6=0x00002039
       10795000	      1078	8000020c	01f16ab3	or	x21,x2,x31	  x2:0x00000001 x31:0x00002000 x21=0x00002001
       10805000	      1079	80000210	30dc6713	ori	x14,x24,781	 x24:0xffffe453 x14=0xffffe75f
       10815000	      1080	80000214	00518193	addi	x3,x3,5	  x3:0x00000008  x3=0x0000000d
       10825000	      1081	80000218	ffd00893	addi	x17,x0,-3	  x0:0x00000000 x17=0xfffffffd
       10835000	      1082	8000021c	21dcfd13	andi	x26,x25,541	 x25:0x00000104 x26=0x00000004
       10845000	      1083	80000220	ff100593	addi	x11,x0,-15	  x0:0x00000000 x11=0xfffffff1
       10855000	      1084	80000224	002dca33	xor	x20,x27,x2	 x27:0x8c815703  x2:0x00000001 x20=0x8c815702
       10865000	      1085	80000228	00df76b3	and	x13,x30,x13	 x30:0x000005fe x13:0x800012bc x13=0x000000bc
       10875000	      1086	8000022c	ffa88893	addi	x17,x17,-6	 x17:0xfffffffd x17=0xfffffff7
       10885000	      1087	80000230	00387433	and	x8,x16,x3	 x16:0x00000000  x3:0x0000000d  x8=0x00000000
       10895000	      1088	80000234	feb89ae3	bne	x17,x11,80000228	 x17:0xfffffff7 x11:0xfffffff1
       10905000	      1089	00000000	00000013	addi	x0,x0,0	  x0:0x00000000
       10915000	      1090	80000224	00000013	addi	x0,x0,0	  x0:0x00000000
       10925000	      1091	80000228	00df76b3	and	x13,x30,x13	 x30:0x000005fe x13:0x000000bc x13=0x000000bc
       10935000	      1092	8000022c	ffa88893	addi	x17,x17,-6	 x17:0xfffffff7 x17=0xfffffff1
       10945000	      1093	80000230	00387433	and	x8,x16,x3	 x16:0x00000000  x3:0x0000000d  x8=0x00000000
       10955000	      1094	80000234	feb89ae3	bne	x17,x11,80000228	 x17:0xfffffff1 x11:0xfffffff1
       10965000	      1095	80000238	f0ff7113	andi	x2,x30,-241	 x30:0x000005fe  x2=0x0000050e
       10975000	      1096	8000023c	fca18ae3	beq	x3,x10,80000210	  x3:0x0000000d x10:0x00000012
       10985000	      1097	80000240	e203e493	ori	x9,x7,-480	  x7:0x00000001  x9=0xfffffe21
       10995000	      1098	80000244	00700593	addi	x11,x0,7	  x0:0x00000000 x11=0x00000007
       11005000	      1099	80000248	41a95833	sra	x16,x18,x26	 x18:0x00002000 x26:0x00000004 x16=0x00000200
       11015000	      1100	8000024c	00600a93	addi	x21,x0,6	  x0:0x00000000 x21=0x00000006
       11025000	      1101	80000250	96243513	sltiu	x10,x8,-1694	  x8:0x00000000 x10=0x00000001
       11035000	      1102	80000254	ec8c6637	lui	x12,0xec8c6	 x12=0xec8c6000
       11045000	      1103	80000258	00000013	addi	x0,x0,0	  x0:0x00000000
       11055000	      1104	8000025c	0048db93	srli	x23,x17,0x4	 x17:0xfffffff1 x23=0x0fffffff
       11065000	      1105	80000260	004cc8b3	xor	x17,x25,x4	 x25:0x00000104  x4:0x0000000c x17=0x00000108
       11075000	      1106	80000264	83906493	ori	x9,x0,-1991	  x0:0x00000000  x9=0xfffff839
       11085000	      1107	80000268	40060d33	sub	x26,x12,x0	 x12:0xec8c6000  x0:0x00000000 x26=0xec8c6000
       11095000	      1108	8000026c	01f7d113	srli	x2,x15,0x1f	 x15:0x00000000  x2=0x00000000
       11105000	      1109	80000270	ffd58593	addi	x11,x11,-3	 x11:0x00000007 x11=0x00000004
       11115000	      1110	80000274	00215db3	srl	x27,x2,x2	  x2:0x00000000  x2:0x00000000 x27=0x00000000
       11125000	      1111	80000278	b1d3e713	ori	x14,x7,-1251	  x7:0x00000001 x14=0xfffffb1d
       11135000	      1112	8000027c	00aad733	srl	x14,x21,x10	 x21:0x00000006 x10:0x00000001 x14=0x00000003
       11145000	      1113	80000280	012d56b3	srl	x13,x26,x18	 x26:0xec8c6000 x18:0x00002000 x13=0xec8c6000
       11155000	      1114	80000284	2b04c893	xori	x17,x9,688	  x9:0xfffff839 x17=0xfffffa89
       11165000	      1115	80000288	fd55fee3	bgeu	x11,x21,80000264	 x11:0x00000004 x21:0x00000006
       11175000	      1116	8000028c	40065513	srai	x10,x12,0x0	 x12:0xec8c6000 x10=0xec8c6000
       11185000	      1117	80000290	00100493	addi	x9,x0,1	  x0:0x00000000  x9=0x00000001
       11195000	      1118	80000294	0091c5b3	xor	x11,x3,x9	  x3:0x0000000d  x9:0x00000001 x11=0x0000000c
       11205000	      1119	80000298	01c6a7b3	slt	x15,x13,x28	 x13:0xec8c6000 x28:0x80009f84 x15=0x00000000
       11215000	      1120	8000029c	00b45e93	srli	x29,x8,0xb	  x8:0x00000000 x29=0x00000000
       11225000	      1121	800002a0	01da0fb3	add	x31,x20,x29	 x20:0x8c815702 x29:0x00000000 x31=0x8c815702
       11235000	      1122	800002a4	012028b3	slt	x17,x0,x18	  x0:0x00000000 x18:0x00002000 x17=0x00000001
       11245000	      1123	800002a8	c1ac2993	slti	x19,x24,-998	 x24:0xffffe453 x19=0x00000001
       11255000	      1124	800002ac	40f98cb3	sub	x25,x19,x15	 x19:0x00000001 x15:0x00000000 x25=0x00000001
       11265000	      1125	800002b0	417683b3	sub	x7,x13,x23	 x13:0xec8c6000 x23:0x0fffffff  x7=0xdc8c6001
       11275000	      1126	800002b4	00ea5db3	srl	x27,x20,x14	 x20:0x8c815702 x14:0x00000003 x27=0x11902ae0
       11285000	      1127	800002b8	004c1f33	sll	x30,x24,x4	 x24:0xffffe453  x4:0x0000000c x30=0xfe453000
       11295000	      1128	800002bc	ffd00213	addi	x4,x0,-3	  x0:0x00000000  x4=0xfffffffd
       11305000	      1129	800002c0	8c298393	addi	x7,x19,-1854	 x19:0x00000001  x7=0xfffff8c3
       11315000	      1130	800002c4	005bc533	xor	x10,x23,x5	 x23:0x0fffffff  x5:0x80009fc4 x10=0x8fff603b
       11325000	      1131	800002c8	007ddd33	srl	x26,x27,x7	 x27:0x11902ae0  x7:0xfffff8c3 x26=0x0232055c
       11335000	      1132	800002cc	ffe48493	addi	x9,x9,-2	  x9:0x00000001  x9=0xffffffff
       11345000	      1133	800002d0	f36caa93	slti	x21,x25,-202	 x25:0x00000001 x21=0x00000000
       11355000	      1134	800002d4	00565433	srl	x8,x12,x5	 x12:0xec8c6000  x5:0x80009fc4  x8=0x0ec8c600
       11365000	      1135	800002d8	51eecf13	xori	x30,x29,1310	 x29:0x00000000 x30=0x0000051e
       11375000	      1136	800002dc	0053cf33	xor	x30,x7,x5	  x7:0xfffff8c3  x5:0x80009fc4 x30=0x7fff6707
       11385000	      1137	800002e0	00000013	addi	x0,x0,0	  x0:0x00000000
       11395000	      1138	800002e4	fe4490e3	bne	x9,x4,800002c4	  x9:0xffffffff  x4:0xfffffffd
       11405000	      1139	00000000	00000013	addi	x0,x0,0	  x0:0x00000000
       11415000	      1140	800002c0	00000013	addi	x0,x0,0	  x0:0x00000000
       11425000	      1141	800002c4	005bc533	xor	x10,x23,x5	 x23:0x0fffffff  x5:0x80009fc4 x10=0x8fff603b
       11435000	      1142	800002c8	007ddd33	srl	x26,x27,x7	 x27:0x11902ae0  x7:0xfffff8c3 x26=0x0232055c
       11445000	      1143	800002cc	ffe48493	addi	x9,x9,-2	  x9:0xffffffff  x9=0xfffffffd
       11455000	      1144	800002d0	f36caa93	slti	x21,x25,-202	 x25:0x00000001 x21=0x00000000
       11465000	      1145	800002d4	00565433	srl	x8,x12,x5	 x12:0xec8c6000  x5:0x80009fc4  x8=0x0ec8c600
       11475000	      1146	800002d8	51eecf13	xori	x30,x29,1310	 x29:0x00000000 x30=0x0000051e
       11485000	      1147	800002dc	0053cf33	xor	x30,x7,x5	  x7:0xfffff8c3  x5:0x80009fc4 x30=0x7fff6707
       11495000	      1148	800002e0	00000013	addi	x0,x0,0	  x0:0x00000000
       11505000	      1149	800002e4	fe4490e3	bne	x9,x4,800002c4	  x9:0xfffffffd  x4:0xfffffffd
       11515000	      1150	800002e8	01d1dab3	srl	x21,x3,x29	  x3:0x0000000d x29:0x00000000 x21=0x0000000d
       11525000	      1151	800002ec	05a3d863	bge	x7,x26,8000033c	  x7:0xfffff8c3 x26:0x0232055c
       11535000	      1152	800002f0	85083c13	sltiu	x24,x16,-1968	 x16:0x00000200 x24=0x00000001
       11545000	      1153	800002f4	01bc7333	and	x6,x24,x27	 x24:0x00000001 x27:0x11902ae0  x6=0x00000000
       11555000	      1154	800002f8	00459833	sll	x16,x11,x4	 x11:0x0000000c  x4:0xfffffffd x16=0x80000000
       11565000	      1155	800002fc	006b1613	slli	x12,x22,0x6	 x22:0x8c81540f x12=0x205503c0
       11575000	      1156	80000300	0120a1b3	slt	x3,x1,x18	  x1:0x00000001 x18:0x00002000  x3=0x00000001
       11585000	      1157	80000304	013043b3	xor	x7,x0,x19	  x0:0x00000000 x19:0x00000001  x7=0x00000001
       11595000	      1158	80000308	40c21317	auipc	x6,0x40c21	  x6=0xc0c21304
       11605000	      1159	8000030c	416a0133	sub	x2,x20,x22	 x20:0x8c815702 x22:0x8c81540f  x2=0x000002f3
       11615000	      1160	80000310	f57d9437	lui	x8,0xf57d9	  x8=0xf57d9000
       11625000	      1161	80000314	01a7d013	srli	x0,x15,0x1a	 x15:0x00000000
       11635000	      1162	80000318	0104de63	bge	x9,x16,80000334	  x9:0xfffffffd x16:0x80000000
       11645000	      1163	00000000	00000013	addi	x0,x0,0	  x0:0x00000000
       11655000	      1164	80000330	00000013	addi	x0,x0,0	  x0:0x00000000
       11665000	      1165	80000334	014969b3	or	x19,x18,x20	 x18:0x00002000 x20:0x8c815702 x19=0x8c817702
       11675000	      1166	80000338	00abb333	sltu	x6,x23,x10	 x23:0x0fffffff x10:0x8fff603b  x6=0x00000001
       11685000	      1167	8000033c	00fa9413	slli	x8,x21,0xf	 x21:0x0000000d  x8=0x00068000
       11695000	      1168	80000340	018d10b3	sll	x1,x26,x24	 x26:0x0232055c x24:0x00000001  x1=0x04640ab8
       11705000	      1169	80000344	07c31a63	bne	x6,x28,800003b8	  x6:0x00000001 x28:0x80009f84
       11715000	      1170	00000000	00000013	addi	x0,x0,0	  x0:0x00000000
       11725000	      1171	800003b4	00000013	addi	x0,x0,0	  x0:0x00000000
       11735000	      1172	800003b8	fc11ca13	xori	x20,x3,-63	  x3:0x00000001 x20=0xffffffc0
       11745000	      1173	800003bc	03c85c63	bge	x16,x28,800003f4	 x16:0x80000000 x28:0x80009f84
       11755000	      1174	800003c0	01f87e63	bgeu	x16,x31,800003dc	 x16:0x80000000 x31:0x8c815702
       11765000	      1175	800003c4	06ca7813	andi	x16,x20,108	 x20:0xffffffc0 x16=0x00000040
       11775000	      1176	800003c8	01d27663	bgeu	x4,x29,800003d4	  x4:0xfffffffd x29:0x00000000
       11785000	      1177	00000000	00000013	addi	x0,x0,0	  x0:0x00000000
       11795000	      1178	800003d0	00000013	addi	x0,x0,0	  x0:0x00000000
       11805000	      1179	800003d4	4b465497	auipc	x9,0x4b465	  x9=0xcb4653d0
       11815000	      1180	800003d8	034e6e63	bltu	x28,x20,80000414	 x28:0x80009f84 x20:0xffffffc0
       11825000	      1181	00000000	00000013	addi	x0,x0,0	  x0:0x00000000
       11835000	      1182	80000410	00000013	addi	x0,x0,0	  x0:0x00000000
       11845000	      1183	80000414	01e25e93	srli	x29,x4,0x1e	  x4:0xfffffffd x29=0x00000003
       11855000	      1184	80000418	04d90663	beq	x18,x13,80000464	 x18:0x00002000 x13:0xec8c6000
       11865000	      1185	8000041c	01c04133	xor	x2,x0,x28	  x0:0x00000000 x28:0x80009f84  x2=0x80009f84
       11875000	      1186	80000420	00000013	addi	x0,x0,0	  x0:0x00000000
       11885000	      1187	80000424	d567c137	lui	x2,0xd567c	  x2=0xd567c000
       11895000	      1188	80000428	419004b3	sub	x9,x0,x25	  x0:0x00000000 x25:0x00000001  x9=0xffffffff
       11905000	      1189	8000042c	412a5c33	sra	x24,x20,x18	 x20:0xffffffc0 x18:0x00002000 x24=0xffffffc0
       11915000	      1190	80000430	006c53b3	srl	x7,x24,x6	 x24:0xffffffc0  x6:0x00000001  x7=0x7fffffe0
       11925000	      1191	80000434	011be533	or	x10,x23,x17	 x23:0x0fffffff x17:0x00000001 x10=0x0fffffff
       11935000	      1192	80000438	28b36393	ori	x7,x6,651	  x6:0x00000001  x7=0x0000028b
       11945000	      1193	8000043c	037f6663	bltu	x30,x23,80000468	 x30:0x7fff6707 x23:0x0fffffff
       11955000	      1194	80000440	4d7f0e93	addi	x29,x30,1239	 x30:0x7fff6707 x29=0x7fff6bde
       11965000	      1195	80000444	40eed593	srai	x11,x29,0xe	 x29:0x7fff6bde x11=0x0001fffd
       11975000	      1196	80000448	00000013	addi	x0,x0,0	  x0:0x00000000
       11985000	      1197	8000044c	002c5d33	srl	x26,x24,x2	 x24:0xffffffc0  x2:0xd567c000 x26=0xffffffc0
       11995000	      1198	80000450	00be78b3	and	x17,x28,x11	 x28:0x80009f84 x11:0x0001fffd x17=0x00009f84
       12005000	      1199	80000454	048a7063	bgeu	x20,x8,80000494	 x20:0xffffffc0  x8:0x00068000
       12015000	      1200	00000000	00000013	addi	x0,x0,0	  x0:0x00000000
       12025000	      1201	80000490	00000013	addi	x0,x0,0	  x0:0x00000000
       12035000	      1202	80000494	41645793	srai	x15,x8,0x16	  x8:0x00068000 x15=0x00000000
       12045000	      1203	80000498	03ae0263	beq	x28,x26,800004bc	 x28:0x80009f84 x26:0xffffffc0
       12055000	      1204	8000049c	02b1c063	blt	x3,x11,800004bc	  x3:0x00000001 x11:0x0001fffd
       12065000	      1205	00000000	00000013	addi	x0,x0,0	  x0:0x00000000
       12075000	      1206	800004b8	00000013	addi	x0,x0,0	  x0:0x00000000
       12085000	      1207	800004bc	03a7e463	bltu	x15,x26,800004e4	 x15:0x00000000 x26:0xffffffc0
       12095000	      1208	00000000	00000013	addi	x0,x0,0	  x0:0x00000000
       12105000	      1209	800004e0	00000013	addi	x0,x0,0	  x0:0x00000000
       12115000	      1210	800004e4	413c5533	sra	x10,x24,x19	 x24:0xffffffc0 x19:0x8c817702 x10=0xfffffff0
       12125000	      1211	800004e8	0178b533	sltu	x10,x17,x23	 x17:0x00009f84 x23:0x0fffffff x10=0x00000001
       12135000	      1212	800004ec	00c24cb3	xor	x25,x4,x12	  x4:0xfffffffd x12:0x205503c0 x25=0xdfaafc3d
       12145000	      1213	800004f0	06335ab7	lui	x21,0x6335	 x21=0x06335000
       12155000	      1214	800004f4	030e6c63	bltu	x28,x16,8000052c	 x28:0x80009f84 x16:0x00000040
       12165000	      1215	800004f8	037fea63	bltu	x31,x23,8000052c	 x31:0x8c815702 x23:0x0fffffff
       12175000	      1216	800004fc	4036d613	srai	x12,x13,0x3	 x13:0xec8c6000 x12=0xfd918c00
       12185000	      1217	80000500	c9127813	andi	x16,x4,-879	  x4:0xfffffffd x16=0xfffffc91
       12195000	      1218	80000504	00c149b3	xor	x19,x2,x12	  x2:0xd567c000 x12:0xfd918c00 x19=0x28f64c00
       12205000	      1219	80000508	00a97ab3	and	x21,x18,x10	 x18:0x00002000 x10:0x00000001 x21=0x00000000
       12215000	      1220	8000050c	010d6333	or	x6,x26,x16	 x26:0xffffffc0 x16:0xfffffc91  x6=0xffffffd1
       12225000	      1221	80000510	00bdb8b3	sltu	x17,x27,x11	 x27:0x11902ae0 x11:0x0001fffd x17=0x00000000
       12235000	      1222	80000514	04831863	bne	x6,x8,80000564	  x6:0xffffffd1  x8:0x00068000
       12245000	      1223	00000000	00000013	addi	x0,x0,0	  x0:0x00000000
       12255000	      1224	80000560	00000013	addi	x0,x0,0	  x0:0x00000000
       12265000	      1225	80000564	64862513	slti	x10,x12,1608	 x12:0xfd918c00 x10=0x00000001
       12275000	      1226	80000568	0081fbb3	and	x23,x3,x8	  x3:0x00000001  x8:0x00068000 x23=0x00000000
       12285000	      1227	8000056c	00c8fcb3	and	x25,x17,x12	 x17:0x00000000 x12:0xfd918c00 x25=0x00000000
       12295000	      1228	80000570	00357033	and	x0,x10,x3	 x10:0x00000001  x3:0x00000001
       12305000	      1229	80000574	00031833	sll	x16,x6,x0	  x6:0xffffffd1  x0:0x00000000 x16=0xffffffd1
       12315000	      1230	80000578	00000013	addi	x0,x0,0	  x0:0x00000000
       12325000	      1231	8000057c	0621e463	bltu	x3,x2,800005e4	  x3:0x00000001  x2:0xd567c000
       12335000	      1232	00000000	00000013	addi	x0,x0,0	  x0:0x00000000
       12345000	      1233	800005e0	00000013	addi	x0,x0,0	  x0:0x00000000
       12355000	      1234	800005e4	01030eb3	add	x29,x6,x16	  x6:0xffffffd1 x16:0xffffffd1 x29=0xffffffa2
       12365000	      1235	800005e8	002bd613	srli	x12,x23,0x2	 x23:0x00000000 x12=0x00000000
       12375000	      1236	800005ec	4f1e46b7	lui	x13,0x4f1e4	 x13=0x4f1e4000
       12385000	      1237	800005f0	01328e63	beq	x5,x19,8000060c	  x5:0x80009fc4 x19:0x28f64c00
       12395000	      1238	800005f4	40cbd033	sra	x0,x23,x12	 x23:0x00000000 x12:0x00000000
       12405000	      1239	800005f8	0469c463	blt	x19,x6,80000640	 x19:0x28f64c00  x6:0xffffffd1
       12415000	      1240	800005fc	2711b613	sltiu	x12,x3,625	  x3:0x00000001 x12=0x00000001
       12425000	      1241	80000600	40dad593	srai	x11,x21,0xd	 x21:0x00000000 x11=0x00000000
       12435000	      1242	80000604	0051e833	or	x16,x3,x5	  x3:0x00000001  x5:0x80009fc4 x16=0x80009fc5
       12445000	      1243	80000608	01acd263	bge	x25,x26,8000060c	 x25:0x00000000 x26:0xffffffc0
       12455000	      1244	00000000	00000013	addi	x0,x0,0	  x0:0x00000000
       12465000	      1245	80000608	00000013	addi	x0,x0,0	  x0:0x00000000
       12475000	      1246	8000060c	003ee9b3	or	x19,x29,x3	 x29:0xffffffa2  x3:0x00000001 x19=0xffffffa3
       12485000	      1247	80000610	16a18c13	addi	x24,x3,362	  x3:0x00000001 x24=0x0000016b
       12495000	      1248	80000614	bc56f313	andi	x6,x13,-1083	 x13:0x4f1e4000  x6=0x4f1e4000
       12505000	      1249	80000618	00000013	addi	x0,x0,0	  x0:0x00000000
       12515000	      1250	8000061c	00b63d33	sltu	x26,x12,x11	 x12:0x00000001 x11:0x00000000 x26=0x00000000
       12525000	      1251	80000620	713ea713	slti	x14,x29,1811	 x29:0xffffffa2 x14=0x00000001
       12535000	      1252	80000624	02171c63	bne	x14,x1,8000065c	 x14:0x00000001  x1:0x04640ab8
       12545000	      1253	00000000	00000013	addi	x0,x0,0	  x0:0x00000000
       12555000	      1254	80000658	00000013	addi	x0,x0,0	  x0:0x00000000
       12565000	      1255	8000065c	00ae9a93	slli	x21,x29,0xa	 x29:0xffffffa2 x21=0xfffe8800
       12575000	      1256	80000660	016f43b3	xor	x7,x30,x22	 x30:0x7fff6707 x22:0x8c81540f  x7=0xf37e3308
       12585000	      1257	80000664	00c19eb3	sll	x29,x3,x12	  x3:0x00000001 x12:0x00000001 x29=0x00000002
       12595000	      1258	80000668	f3fb3c13	sltiu	x24,x22,-193	 x22:0x8c81540f x24=0x00000001
       12605000	      1259	8000066c	015df8b3	and	x17,x27,x21	 x27:0x11902ae0 x21:0xfffe8800 x17=0x11900800
       12615000	      1260	80000670	01a7d413	srli	x8,x15,0x1a	 x15:0x00000000  x8=0x00000000
       12625000	      1261	80000674	00ea9013	slli	x0,x21,0xe	 x21:0xfffe8800
       12635000	      1262	80000678	40e50a33	sub	x20,x10,x14	 x10:0x00000001 x14:0x00000001 x20=0x00000000
       12645000	      1263	8000067c	650d3ab7	lui	x21,0x650d3	 x21=0x650d3000
       12655000	      1264	80000680	39204893	xori	x17,x0,914	  x0:0x00000000 x17=0x00000392
       12665000	      1265	80000684	02d27063	bgeu	x4,x13,800006a4	  x4:0xfffffffd x13:0x4f1e4000
       12675000	      1266	00000000	00000013	addi	x0,x0,0	  x0:0x00000000
       12685000	      1267	800006a0	00000013	addi	x0,x0,0	  x0:0x00000000
       12695000	      1268	800006a4	01fa0ab3	add	x21,x20,x31	 x20:0x00000000 x31:0x8c815702 x21=0x8c815702
       12705000	      1269	800006a8	00000b17	auipc	x22,0x0	 x22=0x800006a4
       12715000	      1270	800006ac	00cb0b13	addi	x22,x22,12	 x22:0x800006a4 x22=0x800006b0
       12725000	      1271	800006b0	000b0067	jalr	x0,x22,0	 x22:0x800006b0
       12735000	      1272	00000000	00000013	addi	x0,x0,0	  x0:0x00000000
       12745000	      1273	800006b0	00000013	addi	x0,x0,0	  x0:0x00000000
       12755000	      1274	800006b4	00100193	addi	x3,x0,1	  x0:0x00000000  x3=0x00000001
       12765000	      1275	800006b8	00000073	ecall	
       12775000	      1276	800006bc	41a6d493	srai	x9,x13,0x1a	 x13:0x4f1e4000  x9=0x00000013
