		Time			Cycle	PC		Insn	Decoded instruction	Register and memory contents
          65000	         5	80000004	00000293	addi	x5,x0,0	  x0:0x00000000  x5=0x00000000
          75000	         6	80000008	00000313	addi	x6,x0,0	  x0:0x00000000  x6=0x00000000
          85000	         7	8000000c	00628263	beq	x5,x6,80000010	  x5:0x00000000  x6:0x00000000
          95000	         8	00000000	00000013	addi	x0,x0,0	  x0:0x00000000
         105000	         9	8000000c	00000013	addi	x0,x0,0	  x0:0x00000000
         115000	        10	80000010	00000e97	auipc	x29,0x0	 x29=0x8000000c
         125000	        11	80000014	00ce8e93	addi	x29,x29,12	 x29:0x8000000c x29=0x80000018
         135000	        12	80000018	000e8067	jalr	x0,x29,0	 x29:0x80000018
         145000	        13	00000000	00000013	addi	x0,x0,0	  x0:0x00000000
         155000	        14	80000018	00000013	addi	x0,x0,0	  x0:0x00000000
         165000	        15	8000001c	40000cb7	lui	x25,0x40000	 x25=0x40000000
         175000	        16	80000020	100c8c93	addi	x25,x25,256	 x25:0x40000000 x25=0x40000100
         185000	        17	80000024	00000013	addi	x0,x0,0	  x0:0x00000000
         195000	        18	80000028	0000ac17	auipc	x24,0xa	 x24=0x8000a024
         205000	        19	8000002c	fa0c0c13	addi	x24,x24,-96	 x24:0x8000a024 x24=0x80009fc4
         215000	        20	80000030	00003c97	auipc	x25,0x3	 x25=0x8000302c
         225000	        21	80000034	e6cc8c93	addi	x25,x25,-404	 x25:0x8000302c x25=0x80002e98
         235000	        22	80000038	000cec93	ori	x25,x25,0	 x25:0x80002e98 x25=0x80002e98
         245000	        23	8000003c	00000013	addi	x0,x0,0	  x0:0x00000000
         255000	        24	80000040	00000c97	auipc	x25,0x0	 x25=0x8000003c
         265000	        25	80000044	020c8c93	addi	x25,x25,32	 x25:0x8000003c x25=0x8000005c
         275000	        26	80000048	00000013	addi	x0,x0,0	  x0:0x00000000
         285000	        27	8000004c	00000013	addi	x0,x0,0	  x0:0x00000000
         295000	        28	80000050	00002cb7	lui	x25,0x2	 x25=0x00002000
         305000	        29	80000054	800c8c93	addi	x25,x25,-2048	 x25:0x00002000 x25=0x00001800
         315000	        30	80000058	00000013	addi	x0,x0,0	  x0:0x00000000
         325000	        31	8000005c	00000013	addi	x0,x0,0	  x0:0x00000000
         335000	        32	80000060	cbcfe037	lui	x0,0xcbcfe	
         345000	        33	80000064	ce000013	addi	x0,x0,-800	  x0:0x00000000
         355000	        34	80000068	49daf0b7	lui	x1,0x49daf	  x1=0x49daf000
         365000	        35	8000006c	98608093	addi	x1,x1,-1658	  x1:0x49daf000  x1=0x49dae986
         375000	        36	80000070	3fe16137	lui	x2,0x3fe16	  x2=0x3fe16000
         385000	        37	80000074	58010113	addi	x2,x2,1408	  x2:0x3fe16000  x2=0x3fe16580
         395000	        38	80000078	800001b7	lui	x3,0x80000	  x3=0x80000000
         405000	        39	8000007c	00400213	addi	x4,x0,4	  x0:0x00000000  x4=0x00000004
         415000	        40	80000080	b96862b7	lui	x5,0xb9686	  x5=0xb9686000
         425000	        41	80000084	71228293	addi	x5,x5,1810	  x5:0xb9686000  x5=0xb9686712
         435000	        42	80000088	6ad31337	lui	x6,0x6ad31	  x6=0x6ad31000
         445000	        43	8000008c	86630313	addi	x6,x6,-1946	  x6:0x6ad31000  x6=0x6ad30866
         455000	        44	80000090	800003b7	lui	x7,0x80000	  x7=0x80000000
         465000	        45	80000094	d9e6e437	lui	x8,0xd9e6e	  x8=0xd9e6e000
         475000	        46	80000098	74f40413	addi	x8,x8,1871	  x8:0xd9e6e000  x8=0xd9e6e74f
         485000	        47	8000009c	800004b7	lui	x9,0x80000	  x9=0x80000000
         495000	        48	800000a0	35730537	lui	x10,0x35730	 x10=0x35730000
         505000	        49	800000a4	71e50513	addi	x10,x10,1822	 x10:0x35730000 x10=0x3573071e
         515000	        50	800000a8	87dc35b7	lui	x11,0x87dc3	 x11=0x87dc3000
         525000	        51	800000ac	e1958593	addi	x11,x11,-487	 x11:0x87dc3000 x11=0x87dc2e19
         535000	        52	800000b0	a3ac6637	lui	x12,0xa3ac6	 x12=0xa3ac6000
         545000	        53	800000b4	ccd60613	addi	x12,x12,-819	 x12:0xa3ac6000 x12=0xa3ac5ccd
         555000	        54	800000b8	f587e6b7	lui	x13,0xf587e	 x13=0xf587e000
         565000	        55	800000bc	f3368693	addi	x13,x13,-205	 x13:0xf587e000 x13=0xf587df33
         575000	        56	800000c0	dd459737	lui	x14,0xdd459	 x14=0xdd459000
         585000	        57	800000c4	1e570713	addi	x14,x14,485	 x14:0xdd459000 x14=0xdd4591e5
         595000	        58	800000c8	00000793	addi	x15,x0,0	  x0:0x00000000 x15=0x00000000
         605000	        59	800000cc	80000837	lui	x16,0x80000	 x16=0x80000000
         615000	        60	800000d0	f40348b7	lui	x17,0xf4034	 x17=0xf4034000
         625000	        61	800000d4	24088893	addi	x17,x17,576	 x17:0xf4034000 x17=0xf4034240
         635000	        62	800000d8	80000937	lui	x18,0x80000	 x18=0x80000000
         645000	        63	800000dc	00000993	addi	x19,x0,0	  x0:0x00000000 x19=0x00000000
         655000	        64	800000e0	36546ab7	lui	x21,0x36546	 x21=0x36546000
         665000	        65	800000e4	f29a8a93	addi	x21,x21,-215	 x21:0x36546000 x21=0x36545f29
         675000	        66	800000e8	00000b13	addi	x22,x0,0	  x0:0x00000000 x22=0x00000000
         685000	        67	800000ec	fa3afbb7	lui	x23,0xfa3af	 x23=0xfa3af000
         695000	        68	800000f0	f9fb8b93	addi	x23,x23,-97	 x23:0xfa3af000 x23=0xfa3aef9f
         705000	        69	800000f4	cacbbcb7	lui	x25,0xcacbb	 x25=0xcacbb000
         715000	        70	800000f8	13dc8c93	addi	x25,x25,317	 x25:0xcacbb000 x25=0xcacbb13d
         725000	        71	800000fc	f98dcd37	lui	x26,0xf98dc	 x26=0xf98dc000
         735000	        72	80000100	e90d0d13	addi	x26,x26,-368	 x26:0xf98dc000 x26=0xf98dbe90
         745000	        73	80000104	fd181db7	lui	x27,0xfd181	 x27=0xfd181000
         755000	        74	80000108	bc4d8d93	addi	x27,x27,-1084	 x27:0xfd181000 x27=0xfd180bc4
         765000	        75	8000010c	96c08e37	lui	x28,0x96c08	 x28=0x96c08000
         775000	        76	80000110	c35e0e13	addi	x28,x28,-971	 x28:0x96c08000 x28=0x96c07c35
         785000	        77	80000114	f7812eb7	lui	x29,0xf7812	 x29=0xf7812000
         795000	        78	80000118	6cfe8e93	addi	x29,x29,1743	 x29:0xf7812000 x29=0xf78126cf
         805000	        79	8000011c	f655ef37	lui	x30,0xf655e	 x30=0xf655e000
         815000	        80	80000120	d38f0f13	addi	x30,x30,-712	 x30:0xf655e000 x30=0xf655dd38
         825000	        81	80000124	35b56fb7	lui	x31,0x35b56	 x31=0x35b56000
         835000	        82	80000128	d23f8f93	addi	x31,x31,-733	 x31:0x35b56000 x31=0x35b55d23
         845000	        83	8000012c	0000aa17	auipc	x20,0xa	 x20=0x8000a128
         855000	        84	80000130	e5ca0a13	addi	x20,x20,-420	 x20:0x8000a128 x20=0x80009f84
         865000	        85	80000134	0044f433	and	x8,x9,x4	  x9:0x80000000  x4:0x00000004  x8=0x00000000
         875000	        86	80000138	00000097	auipc	x1,0x0	  x1=0x80000134
         885000	        87	8000013c	37808093	addi	x1,x1,888	  x1:0x80000134  x1=0x800004ac
         895000	        88	80000140	018ec733	xor	x14,x29,x24	 x29:0xf78126cf x24:0x80009fc4 x14=0x7781b90b
         905000	        89	80000144	0194b2b3	sltu	x5,x9,x25	  x9:0x80000000 x25:0xcacbb13d  x5=0x00000001
         915000	        90	80000148	c8f08093	addi	x1,x1,-881	  x1:0x800004ac  x1=0x8000013b
         925000	        91	8000014c	0130e9b3	or	x19,x1,x19	  x1:0x8000013b x19:0x00000000 x19=0x8000013b
         935000	        92	80000150	01ad1863	bne	x26,x26,80000160	 x26:0xf98dbe90 x26:0xf98dbe90
         945000	        93	80000154	e5990213	addi	x4,x18,-423	 x18:0x80000000  x4=0x7ffffe59
         955000	        94	80000158	4082d013	srai	x0,x5,0x8	  x5:0x00000001
         965000	        95	8000015c	ec670797	auipc	x15,0xec670	 x15=0x6c670158
         975000	        96	80000160	372086e7	jalr	x13,x1,882	  x1:0x8000013b x13=0x80000160
         985000	        97	00000000	00000013	addi	x0,x0,0	  x0:0x00000000
         995000	        98	800004ac	00000013	addi	x0,x0,0	  x0:0x00000000
        1005000	        99	800004b0	00954833	xor	x16,x10,x9	 x10:0x3573071e  x9:0x80000000 x16=0xb573071e
        1015000	       100	800004b4	0172c463	blt	x5,x23,800004bc	  x5:0x00000001 x23:0xfa3aef9f
        1025000	       101	800004b8	154a2513	slti	x10,x20,340	 x20:0x80009f84 x10=0x00000001
        1035000	       102	800004bc	ff4a0a13	addi	x20,x20,-12	 x20:0x80009f84 x20=0x80009f78
        1045000	       103	800004c0	00da2223	sw	x13,4(x20)	 x20:0x80009f78 x13:0x80000160 PA:0x80009f7c
        1055000	       104	800004c4	41e05f13	srai	x30,x0,0x1e	  x0:0x00000000 x30=0x00000000
        1065000	       105	800004c8	98587893	andi	x17,x16,-1659	 x16:0xb573071e x17=0xb5730104
        1075000	       106	800004cc	01b7e033	or	x0,x15,x27	 x15:0x6c670158 x27:0xfd180bc4
        1085000	       107	800004d0	f6804613	xori	x12,x0,-152	  x0:0x00000000 x12=0xffffff68
        1095000	       108	800004d4	40388333	sub	x6,x17,x3	 x17:0xb5730104  x3:0x80000000  x6=0x35730104
        1105000	       109	800004d8	010cfcb3	and	x25,x25,x16	 x25:0xcacbb13d x16:0xb573071e x25=0x8043011c
        1115000	       110	800004dc	58937793	andi	x15,x6,1417	  x6:0x35730104 x15=0x00000100
        1125000	       111	800004e0	401f32b7	lui	x5,0x401f3	  x5=0x401f3000
        1135000	       112	800004e4	40438633	sub	x12,x7,x4	  x7:0x80000000  x4:0x7ffffe59 x12=0x000001a7
        1145000	       113	800004e8	004cd1b3	srl	x3,x25,x4	 x25:0x8043011c  x4:0x7ffffe59  x3=0x00000040
        1155000	       114	800004ec	8738b4b7	lui	x9,0x8738b	  x9=0x8738b000
        1165000	       115	800004f0	00ef6463	bltu	x30,x14,800004f8	 x30:0x00000000 x14:0x7781b90b
        1175000	       116	00000000	00000013	addi	x0,x0,0	  x0:0x00000000
        1185000	       117	800004f4	00000013	addi	x0,x0,0	  x0:0x00000000
        1195000	       118	800004f8	05c006ef	jal	x13,800004f8	 x13=0x800004f8
        1205000	       119	00000000	00000013	addi	x0,x0,0	  x0:0x00000000
        1215000	       120	80000550	00000013	addi	x0,x0,0	  x0:0x00000000
        1225000	       121	80000554	fc0a0a13	addi	x20,x20,-64	 x20:0x80009f78 x20=0x80009f38
        1235000	       122	80000558	0070d213	srli	x4,x1,0x7	  x1:0x8000013b  x4=0x01000002
        1245000	       123	8000055c	00da2223	sw	x13,4(x20)	 x20:0x80009f38 x13:0x800004f8 PA:0x80009f3c
        1255000	       124	80000560	40c45fb3	sra	x31,x8,x12	  x8:0x00000000 x12:0x000001a7 x31=0x00000000
        1265000	       125	80000564	0109a4b3	slt	x9,x19,x16	 x19:0x8000013b x16:0xb573071e  x9=0x00000001
        1275000	       126	80000568	017295b3	sll	x11,x5,x23	  x5:0x401f3000 x23:0xfa3aef9f x11=0x00000000
        1285000	       127	8000056c	bf75c113	xori	x2,x11,-1033	 x11:0x00000000  x2=0xfffffbf7
        1295000	       128	80000570	00003197	auipc	x3,0x3	  x3=0x8000356c
        1305000	       129	80000574	85818193	addi	x3,x3,-1960	  x3:0x8000356c  x3=0x80002dc4
        1315000	       130	80000578	c9857913	andi	x18,x10,-872	 x10:0x00000001 x18=0x00000000
        1325000	       131	8000057c	009ec0b3	xor	x1,x29,x9	 x29:0xf78126cf  x9:0x00000001  x1=0xf78126ce
        1335000	       132	80000580	b2ca6513	ori	x10,x20,-1236	 x20:0x80009f38 x10=0xffffff3c
        1345000	       133	80000584	e9618193	addi	x3,x3,-362	  x3:0x80002dc4  x3=0x80002c5a
        1355000	       134	80000588	af3b4d93	xori	x27,x22,-1293	 x22:0x00000000 x27=0xfffffaf3
        1365000	       135	8000058c	f6b92d93	slti	x27,x18,-149	 x18:0x00000000 x27=0x00000000
        1375000	       136	80000590	41128633	sub	x12,x5,x17	  x5:0x401f3000 x17:0xb5730104 x12=0x8aac2efc
        1385000	       137	80000594	bd3469b7	lui	x19,0xbd346	 x19=0xbd346000
        1395000	       138	80000598	00398463	beq	x19,x3,800005a0	 x19:0xbd346000  x3:0x80002c5a
        1405000	       139	8000059c	00580cb3	add	x25,x16,x5	 x16:0xb573071e  x5:0x401f3000 x25=0xf592371e
        1415000	       140	800005a0	16a186e7	jalr	x13,x3,362	  x3:0x80002c5a x13=0x800005a0
        1425000	       141	00000000	00000013	addi	x0,x0,0	  x0:0x00000000
        1435000	       142	80002dc4	00000013	addi	x0,x0,0	  x0:0x00000000
        1445000	       143	80002dc8	e0b33813	sltiu	x16,x6,-501	  x6:0x35730104 x16=0x00000001
        1455000	       144	80002dcc	00974263	blt	x14,x9,80002dd0	 x14:0x7781b90b  x9:0x00000001
        1465000	       145	80002dd0	fc0a0a13	addi	x20,x20,-64	 x20:0x80009f38 x20=0x80009ef8
        1475000	       146	80002dd4	0f51dd17	auipc	x26,0xf51d	 x26=0x8f51fdd0
        1485000	       147	80002dd8	00da2223	sw	x13,4(x20)	 x20:0x80009ef8 x13:0x800005a0 PA:0x80009efc
        1495000	       148	80002ddc	004028b3	slt	x17,x0,x4	  x0:0x00000000  x4:0x01000002 x17=0x00000001
        1505000	       149	80002de0	010b80b3	add	x1,x23,x16	 x23:0xfa3aef9f x16:0x00000001  x1=0xfa3aefa0
        1515000	       150	80002de4	00139c63	bne	x7,x1,80002dfc	  x7:0x80000000  x1:0xfa3aefa0
        1525000	       151	00000000	00000013	addi	x0,x0,0	  x0:0x00000000
        1535000	       152	80002df8	00000013	addi	x0,x0,0	  x0:0x00000000
        1545000	       153	80002dfc	014ea4b3	slt	x9,x29,x20	 x29:0xf78126cf x20:0x80009ef8  x9=0x00000000
        1555000	       154	80002e00	0028fcb3	and	x25,x17,x2	 x17:0x00000001  x2:0xfffffbf7 x25=0x00000001
        1565000	       155	80002e04	02366a63	bltu	x12,x3,80002e38	 x12:0x8aac2efc  x3:0x80002c5a
        1575000	       156	80002e08	b6516d17	auipc	x26,0xb6516	 x26=0x36518e04
        1585000	       157	80002e0c	05cc4263	blt	x24,x28,80002e50	 x24:0x80009fc4 x28:0x96c07c35
        1595000	       158	00000000	00000013	addi	x0,x0,0	  x0:0x00000000
        1605000	       159	80002e4c	00000013	addi	x0,x0,0	  x0:0x00000000
        1615000	       160	80002e50	00190b33	add	x22,x18,x1	 x18:0x00000000  x1:0xfa3aefa0 x22=0xfa3aefa0
        1625000	       161	80002e54	006365b3	or	x11,x6,x6	  x6:0x35730104  x6:0x35730104 x11=0x35730104
        1635000	       162	80002e58	414801b3	sub	x3,x16,x20	 x16:0x00000001 x20:0x80009ef8  x3=0x7fff6109
        1645000	       163	80002e5c	41735813	srai	x16,x6,0x17	  x6:0x35730104 x16=0x0000006a
        1655000	       164	80002e60	00671663	bne	x14,x6,80002e6c	 x14:0x7781b90b  x6:0x35730104
        1665000	       165	00000000	00000013	addi	x0,x0,0	  x0:0x00000000
        1675000	       166	80002e68	00000013	addi	x0,x0,0	  x0:0x00000000
        1685000	       167	80002e6c	01fb9d13	slli	x26,x23,0x1f	 x23:0xfa3aef9f x26=0x80000000
        1695000	       168	80002e70	004a2683	lw	x13,4(x20)	 x20:0x80009ef8 x13=0x800005a0 PA:0x80009efc
        1705000	       169	80002e74	00cabdb3	sltu	x27,x21,x12	 x21:0x36545f29 x12:0x8aac2efc x27=0x00000001
        1715000	       170	80002e78	040a0a13	addi	x20,x20,64	 x20:0x80009ef8 x20=0x80009f38
        1725000	       171	80002e7c	015f1fb3	sll	x31,x30,x21	 x30:0x00000000 x21:0x36545f29 x31=0x00000000
        1735000	       172	80002e80	8a545d97	auipc	x27,0x8a545	 x27=0x0a547e7c
        1745000	       173	80002e84	00168393	addi	x7,x13,1	 x13:0x800005a0  x7=0x800005a1
        1755000	       174	80002e88	000383e7	jalr	x7,x7,0	  x7:0x800005a1  x7=0x80002e88
        1765000	       175	00000000	00000013	addi	x0,x0,0	  x0:0x00000000
        1775000	       176	800005a0	00000013	addi	x0,x0,0	  x0:0x00000000
        1785000	       177	800005a4	00003f17	auipc	x30,0x3	 x30=0x800035a0
        1795000	       178	800005a8	824f0f13	addi	x30,x30,-2012	 x30:0x800035a0 x30=0x80002dc4
        1805000	       179	800005ac	5b6a0113	addi	x2,x20,1462	 x20:0x80009f38  x2=0x8000a4ee
        1815000	       180	800005b0	45efe393	ori	x7,x31,1118	 x31:0x00000000  x7=0x0000045e
        1825000	       181	800005b4	008eacb3	slt	x25,x29,x8	 x29:0xf78126cf  x8:0x00000000 x25=0x00000001
        1835000	       182	800005b8	09caa193	slti	x3,x21,156	 x21:0x36545f29  x3=0x00000000
        1845000	       183	800005bc	00f494b3	sll	x9,x9,x15	  x9:0x00000000 x15:0x00000100  x9=0x00000000
        1855000	       184	800005c0	3a1f7f93	andi	x31,x30,929	 x30:0x80002dc4 x31=0x00000180
        1865000	       185	800005c4	151f0f13	addi	x30,x30,337	 x30:0x80002dc4 x30=0x80002f15
        1875000	       186	800005c8	d7864e13	xori	x28,x12,-648	 x12:0x8aac2efc x28=0x7553d384
        1885000	       187	800005cc	006e4663	blt	x28,x6,800005d8	 x28:0x7553d384  x6:0x35730104
        1895000	       188	800005d0	00388233	add	x4,x17,x3	 x17:0x00000001  x3:0x00000000  x4=0x00000001
        1905000	       189	800005d4	51362013	slti	x0,x12,1299	 x12:0x8aac2efc
        1915000	       190	800005d8	eb0f06e7	jalr	x13,x30,-336	 x30:0x80002f15 x13=0x800005d8
        1925000	       191	00000000	00000013	addi	x0,x0,0	  x0:0x00000000
        1935000	       192	80002dc4	00000013	addi	x0,x0,0	  x0:0x00000000
        1945000	       193	80002dc8	e0b33813	sltiu	x16,x6,-501	  x6:0x35730104 x16=0x00000001
        1955000	       194	80002dcc	00974263	blt	x14,x9,80002dd0	 x14:0x7781b90b  x9:0x00000000
        1965000	       195	80002dd0	fc0a0a13	addi	x20,x20,-64	 x20:0x80009f38 x20=0x80009ef8
        1975000	       196	80002dd4	0f51dd17	auipc	x26,0xf51d	 x26=0x8f51fdd0
        1985000	       197	80002dd8	00da2223	sw	x13,4(x20)	 x20:0x80009ef8 x13:0x800005d8 PA:0x80009efc
        1995000	       198	80002ddc	004028b3	slt	x17,x0,x4	  x0:0x00000000  x4:0x00000001 x17=0x00000001
        2005000	       199	80002de0	010b80b3	add	x1,x23,x16	 x23:0xfa3aef9f x16:0x00000001  x1=0xfa3aefa0
        2015000	       200	80002de4	00139c63	bne	x7,x1,80002dfc	  x7:0x0000045e  x1:0xfa3aefa0
        2025000	       201	00000000	00000013	addi	x0,x0,0	  x0:0x00000000
        2035000	       202	80002df8	00000013	addi	x0,x0,0	  x0:0x00000000
        2045000	       203	80002dfc	014ea4b3	slt	x9,x29,x20	 x29:0xf78126cf x20:0x80009ef8  x9=0x00000000
        2055000	       204	80002e00	0028fcb3	and	x25,x17,x2	 x17:0x00000001  x2:0x8000a4ee x25=0x00000000
        2065000	       205	80002e04	02366a63	bltu	x12,x3,80002e38	 x12:0x8aac2efc  x3:0x00000000
        2075000	       206	80002e08	b6516d17	auipc	x26,0xb6516	 x26=0x36518e04
        2085000	       207	80002e0c	05cc4263	blt	x24,x28,80002e50	 x24:0x80009fc4 x28:0x7553d384
        2095000	       208	00000000	00000013	addi	x0,x0,0	  x0:0x00000000
        2105000	       209	80002e4c	00000013	addi	x0,x0,0	  x0:0x00000000
        2115000	       210	80002e50	00190b33	add	x22,x18,x1	 x18:0x00000000  x1:0xfa3aefa0 x22=0xfa3aefa0
        2125000	       211	80002e54	006365b3	or	x11,x6,x6	  x6:0x35730104  x6:0x35730104 x11=0x35730104
        2135000	       212	80002e58	414801b3	sub	x3,x16,x20	 x16:0x00000001 x20:0x80009ef8  x3=0x7fff6109
        2145000	       213	80002e5c	41735813	srai	x16,x6,0x17	  x6:0x35730104 x16=0x0000006a
        2155000	       214	80002e60	00671663	bne	x14,x6,80002e6c	 x14:0x7781b90b  x6:0x35730104
        2165000	       215	00000000	00000013	addi	x0,x0,0	  x0:0x00000000
        2175000	       216	80002e68	00000013	addi	x0,x0,0	  x0:0x00000000
        2185000	       217	80002e6c	01fb9d13	slli	x26,x23,0x1f	 x23:0xfa3aef9f x26=0x80000000
        2195000	       218	80002e70	004a2683	lw	x13,4(x20)	 x20:0x80009ef8 x13=0x800005d8 PA:0x80009efc
        2205000	       219	80002e74	00cabdb3	sltu	x27,x21,x12	 x21:0x36545f29 x12:0x8aac2efc x27=0x00000001
        2215000	       220	80002e78	040a0a13	addi	x20,x20,64	 x20:0x80009ef8 x20=0x80009f38
        2225000	       221	80002e7c	015f1fb3	sll	x31,x30,x21	 x30:0x80002f15 x21:0x36545f29 x31=0x005e2a00
        2235000	       222	80002e80	8a545d97	auipc	x27,0x8a545	 x27=0x0a547e7c
        2245000	       223	80002e84	00168393	addi	x7,x13,1	 x13:0x800005d8  x7=0x800005d9
        2255000	       224	80002e88	000383e7	jalr	x7,x7,0	  x7:0x800005d9  x7=0x80002e88
        2265000	       225	00000000	00000013	addi	x0,x0,0	  x0:0x00000000
        2275000	       226	800005d8	00000013	addi	x0,x0,0	  x0:0x00000000
        2285000	       227	800005dc	ffa00d93	addi	x27,x0,-6	  x0:0x00000000 x27=0xfffffffa
        2295000	       228	800005e0	16922893	slti	x17,x4,361	  x4:0x00000001 x17=0x00000001
        2305000	       229	800005e4	00700833	add	x16,x0,x7	  x0:0x00000000  x7:0x80002e88 x16=0x80002e88
        2315000	       230	800005e8	00e06cb3	or	x25,x0,x14	  x0:0x00000000 x14:0x7781b90b x25=0x7781b90b
        2325000	       231	800005ec	e4a37393	andi	x7,x6,-438	  x6:0x35730104  x7=0x35730000
        2335000	       232	800005f0	011249b3	xor	x19,x4,x17	  x4:0x00000001 x17:0x00000001 x19=0x00000000
        2345000	       233	800005f4	01671893	slli	x17,x14,0x16	 x14:0x7781b90b x17=0x42c00000
        2355000	       234	800005f8	fef00113	addi	x2,x0,-17	  x0:0x00000000  x2=0xffffffef
        2365000	       235	800005fc	794fae13	slti	x28,x31,1940	 x31:0x005e2a00 x28=0x00000000
        2375000	       236	80000600	0181d9b3	srl	x19,x3,x24	  x3:0x7fff6109 x24:0x80009fc4 x19=0x07fff610
        2385000	       237	80000604	422dcb13	xori	x22,x27,1058	 x27:0xfffffffa x22=0xfffffbd8
        2395000	       238	80000608	00d3d813	srli	x16,x7,0xd	  x7:0x35730000 x16=0x0001ab98
        2405000	       239	8000060c	01d704b3	add	x9,x14,x29	 x14:0x7781b90b x29:0xf78126cf  x9=0x6f02dfda
        2415000	       240	80000610	002d0033	add	x0,x26,x2	 x26:0x80000000  x2:0xffffffef
        2425000	       241	80000614	404904b3	sub	x9,x18,x4	 x18:0x00000000  x4:0x00000001  x9=0xffffffff
        2435000	       242	80000618	6462a313	slti	x6,x5,1606	  x5:0x401f3000  x6=0x00000000
        2445000	       243	8000061c	ff9d8d93	addi	x27,x27,-7	 x27:0xfffffffa x27=0xfffffff3
        2455000	       244	80000620	01e31033	sll	x0,x6,x30	  x6:0x00000000 x30:0x80002f15
        2465000	       245	80000624	015c23b3	slt	x7,x24,x21	 x24:0x80009fc4 x21:0x36545f29  x7=0x00000001
        2475000	       246	80000628	00aa26b3	slt	x13,x20,x10	 x20:0x80009f38 x10:0xffffff3c x13=0x00000001
        2485000	       247	8000062c	012a5593	srli	x11,x20,0x12	 x20:0x80009f38 x11=0x00002000
        2495000	       248	80000630	fc2ddae3	bge	x27,x2,80000604	 x27:0xfffffff3  x2:0xffffffef
        2505000	       249	00000000	00000013	addi	x0,x0,0	  x0:0x00000000
        2515000	       250	80000600	00000013	addi	x0,x0,0	  x0:0x00000000
        2525000	       251	80000604	422dcb13	xori	x22,x27,1058	 x27:0xfffffff3 x22=0xfffffbd1
        2535000	       252	80000608	00d3d813	srli	x16,x7,0xd	  x7:0x00000001 x16=0x00000000
        2545000	       253	8000060c	01d704b3	add	x9,x14,x29	 x14:0x7781b90b x29:0xf78126cf  x9=0x6f02dfda
        2555000	       254	80000610	002d0033	add	x0,x26,x2	 x26:0x80000000  x2:0xffffffef
        2565000	       255	80000614	404904b3	sub	x9,x18,x4	 x18:0x00000000  x4:0x00000001  x9=0xffffffff
        2575000	       256	80000618	6462a313	slti	x6,x5,1606	  x5:0x401f3000  x6=0x00000000
        2585000	       257	8000061c	ff9d8d93	addi	x27,x27,-7	 x27:0xfffffff3 x27=0xffffffec
        2595000	       258	80000620	01e31033	sll	x0,x6,x30	  x6:0x00000000 x30:0x80002f15
        2605000	       259	80000624	015c23b3	slt	x7,x24,x21	 x24:0x80009fc4 x21:0x36545f29  x7=0x00000001
        2615000	       260	80000628	00aa26b3	slt	x13,x20,x10	 x20:0x80009f38 x10:0xffffff3c x13=0x00000001
        2625000	       261	8000062c	012a5593	srli	x11,x20,0x12	 x20:0x80009f38 x11=0x00002000
        2635000	       262	80000630	fc2ddae3	bge	x27,x2,80000604	 x27:0xffffffec  x2:0xffffffef
        2645000	       263	80000634	01026233	or	x4,x4,x16	  x4:0x00000001 x16:0x00000000  x4=0x00000001
        2655000	       264	80000638	0127f833	and	x16,x15,x18	 x15:0x00000100 x18:0x00000000 x16=0x00000000
        2665000	       265	8000063c	99356693	ori	x13,x10,-1645	 x10:0xffffff3c x13=0xffffffbf
        2675000	       266	80000640	0042e7b3	or	x15,x5,x4	  x5:0x401f3000  x4:0x00000001 x15=0x401f3001
        2685000	       267	80000644	00944833	xor	x16,x8,x9	  x8:0x00000000  x9:0xffffffff x16=0xffffffff
        2695000	       268	80000648	01295613	srli	x12,x18,0x12	 x18:0x00000000 x12=0x00000000
        2705000	       269	8000064c	013de733	or	x14,x27,x19	 x27:0xffffffec x19:0x07fff610 x14=0xfffffffc
        2715000	       270	80000650	4ec89737	lui	x14,0x4ec89	 x14=0x4ec89000
        2725000	       271	80000654	b089e9b7	lui	x19,0xb089e	 x19=0xb089e000
        2735000	       272	80000658	010f9293	slli	x5,x31,0x10	 x31:0x005e2a00  x5=0x2a000000
        2745000	       273	8000065c	0166ec63	bltu	x13,x22,80000674	 x13:0xffffffbf x22:0xfffffbd1
        2755000	       274	80000660	00e7c9b3	xor	x19,x15,x14	 x15:0x401f3001 x14:0x4ec89000 x19=0x0ed7a001
        2765000	       275	80000664	0194abb3	slt	x23,x9,x25	  x9:0xffffffff x25:0x7781b90b x23=0x00000001
        2775000	       276	80000668	019508b3	add	x17,x10,x25	 x10:0xffffff3c x25:0x7781b90b x17=0x7781b847
        2785000	       277	8000066c	00d3e433	or	x8,x7,x13	  x7:0x00000001 x13:0xffffffbf  x8=0xffffffbf
        2795000	       278	80000670	0141cbb3	xor	x23,x3,x20	  x3:0x7fff6109 x20:0x80009f38 x23=0xfffffe31
        2805000	       279	80000674	01f15533	srl	x10,x2,x31	  x2:0xffffffef x31:0x005e2a00 x10=0xffffffef
        2815000	       280	80000678	023cc463	blt	x25,x3,800006a0	 x25:0x7781b90b  x3:0x7fff6109
        2825000	       281	00000000	00000013	addi	x0,x0,0	  x0:0x00000000
        2835000	       282	8000069c	00000013	addi	x0,x0,0	  x0:0x00000000
        2845000	       283	800006a0	0455d663	bge	x11,x5,800006ec	 x11:0x00002000  x5:0x2a000000
        2855000	       284	800006a4	56ac0493	addi	x9,x24,1386	 x24:0x80009fc4  x9=0x8000a52e
        2865000	       285	800006a8	01a68633	add	x12,x13,x26	 x13:0xffffffbf x26:0x80000000 x12=0x7fffffbf
        2875000	       286	800006ac	0112edb3	or	x27,x5,x17	  x5:0x2a000000 x17:0x7781b847 x27=0x7f81b847
        2885000	       287	800006b0	25397713	andi	x14,x18,595	 x18:0x00000000 x14=0x00000000
        2895000	       288	800006b4	010f06b3	add	x13,x30,x16	 x30:0x80002f15 x16:0xffffffff x13=0x80002f14
        2905000	       289	800006b8	017bd2b3	srl	x5,x23,x23	 x23:0xfffffe31 x23:0xfffffe31  x5=0x00007fff
        2915000	       290	800006bc	412e8f33	sub	x30,x29,x18	 x29:0xf78126cf x18:0x00000000 x30=0xf78126cf
        2925000	       291	800006c0	0043e663	bltu	x7,x4,800006cc	  x7:0x00000001  x4:0x00000001
        2935000	       292	800006c4	40f9d1b3	sra	x3,x19,x15	 x19:0x0ed7a001 x15:0x401f3001  x3=0x076bd000
        2945000	       293	800006c8	0241e263	bltu	x3,x4,800006ec	  x3:0x076bd000  x4:0x00000001
        2955000	       294	800006cc	004848b3	xor	x17,x16,x4	 x16:0xffffffff  x4:0x00000001 x17=0xfffffffe
        2965000	       295	800006d0	41eb8733	sub	x14,x23,x30	 x23:0xfffffe31 x30:0xf78126cf x14=0x087ed762
        2975000	       296	800006d4	f37fcb93	xori	x23,x31,-201	 x31:0x005e2a00 x23=0xffa1d537
        2985000	       297	800006d8	00549db3	sll	x27,x9,x5	  x9:0x8000a52e  x5:0x00007fff x27=0x00000000
        2995000	       298	800006dc	da543813	sltiu	x16,x8,-603	  x8:0xffffffbf x16=0x00000000
        3005000	       299	800006e0	051b5663	bge	x22,x17,8000072c	 x22:0xfffffbd1 x17:0xfffffffe
        3015000	       300	800006e4	01f55833	srl	x16,x10,x31	 x10:0xffffffef x31:0x005e2a00 x16=0xffffffef
        3025000	       301	800006e8	01f44b33	xor	x22,x8,x31	  x8:0xffffffbf x31:0x005e2a00 x22=0xffa1d5bf
        3035000	       302	800006ec	41348d33	sub	x26,x9,x19	  x9:0x8000a52e x19:0x0ed7a001 x26=0x7129052d
        3045000	       303	800006f0	01230463	beq	x6,x18,800006f8	  x6:0x00000000 x18:0x00000000
        3055000	       304	00000000	00000013	addi	x0,x0,0	  x0:0x00000000
        3065000	       305	800006f4	00000013	addi	x0,x0,0	  x0:0x00000000
        3075000	       306	800006f8	0112d013	srli	x0,x5,0x11	  x5:0x00007fff
        3085000	       307	800006fc	41f2d6b3	sra	x13,x5,x31	  x5:0x00007fff x31:0x005e2a00 x13=0x00007fff
        3095000	       308	80000700	00a5e463	bltu	x11,x10,80000708	 x11:0x00002000 x10:0xffffffef
        3105000	       309	00000000	00000013	addi	x0,x0,0	  x0:0x00000000
        3115000	       310	80000704	00000013	addi	x0,x0,0	  x0:0x00000000
        3125000	       311	80000708	001f9393	slli	x7,x31,0x1	 x31:0x005e2a00  x7=0x00bc5400
        3135000	       312	8000070c	04461863	bne	x12,x4,8000075c	 x12:0x7fffffbf  x4:0x00000001
        3145000	       313	00000000	00000013	addi	x0,x0,0	  x0:0x00000000
        3155000	       314	80000758	00000013	addi	x0,x0,0	  x0:0x00000000
        3165000	       315	8000075c	eb076793	ori	x15,x14,-336	 x14:0x087ed762 x15=0xfffffff2
        3175000	       316	80000760	00d784b3	add	x9,x15,x13	 x15:0xfffffff2 x13:0x00007fff  x9=0x00007ff1
        3185000	       317	80000764	f8200017	auipc	x0,0xf8200	
        3195000	       318	80000768	7520c997	auipc	x19,0x7520c	 x19=0xf520c764
        3205000	       319	8000076c	14162b13	slti	x22,x12,321	 x12:0x7fffffbf x22=0x00000000
        3215000	       320	80000770	b1c0af13	slti	x30,x1,-1252	  x1:0xfa3aefa0 x30=0x00000001
        3225000	       321	80000774	004a2683	lw	x13,4(x20)	 x20:0x80009f38 x13=0x800004f8 PA:0x80009f3c
        3235000	       322	80000778	040a0a13	addi	x20,x20,64	 x20:0x80009f38 x20=0x80009f78
        3245000	       323	8000077c	01d297b3	sll	x15,x5,x29	  x5:0x00007fff x29:0xf78126cf x15=0x3fff8000
        3255000	       324	80000780	7341e813	ori	x16,x3,1844	  x3:0x076bd000 x16=0x076bd734
        3265000	       325	80000784	00971193	slli	x3,x14,0x9	 x14:0x087ed762  x3=0xfdaec400
        3275000	       326	80000788	ceadee13	ori	x28,x27,-790	 x27:0x00000000 x28=0xfffffcea
        3285000	       327	8000078c	0110d913	srli	x18,x1,0x11	  x1:0xfa3aefa0 x18=0x00007d1d
        3295000	       328	80000790	00000013	addi	x0,x0,0	  x0:0x00000000
        3305000	       329	80000794	ba308513	addi	x10,x1,-1117	  x1:0xfa3aefa0 x10=0xfa3aeb43
        3315000	       330	80000798	00068113	addi	x2,x13,0	 x13:0x800004f8  x2=0x800004f8
        3325000	       331	8000079c	00010167	jalr	x2,x2,0	  x2:0x800004f8  x2=0x8000079c
        3335000	       332	00000000	00000013	addi	x0,x0,0	  x0:0x00000000
        3345000	       333	800004f8	00000013	addi	x0,x0,0	  x0:0x00000000
        3355000	       334	800004fc	01017c63	bgeu	x2,x16,80000514	  x2:0x8000079c x16:0x076bd734
        3365000	       335	00000000	00000013	addi	x0,x0,0	  x0:0x00000000
        3375000	       336	80000510	00000013	addi	x0,x0,0	  x0:0x00000000
        3385000	       337	80000514	4e8dff93	andi	x31,x27,1256	 x27:0x00000000 x31=0x00000000
        3395000	       338	80000518	00011933	sll	x18,x2,x0	  x2:0x8000079c  x0:0x00000000 x18=0x8000079c
        3405000	       339	8000051c	18e5b113	sltiu	x2,x11,398	 x11:0x00002000  x2=0x00000000
        3415000	       340	80000520	002b5b93	srli	x23,x22,0x2	 x22:0x00000000 x23=0x00000000
        3425000	       341	80000524	01a51813	slli	x16,x10,0x1a	 x10:0xfa3aeb43 x16=0x0c000000
        3435000	       342	80000528	01bb8263	beq	x23,x27,8000052c	 x23:0x00000000 x27:0x00000000
        3445000	       343	00000000	00000013	addi	x0,x0,0	  x0:0x00000000
        3455000	       344	80000528	00000013	addi	x0,x0,0	  x0:0x00000000
        3465000	       345	8000052c	40515e13	srai	x28,x2,0x5	  x2:0x00000000 x28=0x00000000
        3475000	       346	80000530	004a2683	lw	x13,4(x20)	 x20:0x80009f78 x13=0x80000160 PA:0x80009f7c
        3485000	       347	80000534	013d93b3	sll	x7,x27,x19	 x27:0x00000000 x19:0xf520c764  x7=0x00000000
        3495000	       348	80000538	005eecb3	or	x25,x29,x5	 x29:0xf78126cf  x5:0x00007fff x25=0xf7817fff
        3505000	       349	8000053c	01248233	add	x4,x9,x18	  x9:0x00007ff1 x18:0x8000079c  x4=0x8000878d
        3515000	       350	80000540	00ca0a13	addi	x20,x20,12	 x20:0x80009f78 x20=0x80009f84
        3525000	       351	80000544	4011dd93	srai	x27,x3,0x1	  x3:0xfdaec400 x27=0xfed76200
        3535000	       352	80000548	452a4437	lui	x8,0x452a4	  x8=0x452a4000
        3545000	       353	8000054c	00168993	addi	x19,x13,1	 x13:0x80000160 x19=0x80000161
        3555000	       354	80000550	000989e7	jalr	x19,x19,0	 x19:0x80000161 x19=0x80000550
        3565000	       355	00000000	00000013	addi	x0,x0,0	  x0:0x00000000
        3575000	       356	80000160	00000013	addi	x0,x0,0	  x0:0x00000000
        3585000	       357	80000164	a6daa093	slti	x1,x21,-1427	 x21:0x36545f29  x1=0x00000000
        3595000	       358	80000168	00000417	auipc	x8,0x0	  x8=0x80000164
        3605000	       359	8000016c	34840413	addi	x8,x8,840	  x8:0x80000164  x8=0x800004ac
        3615000	       360	80000170	ee040413	addi	x8,x8,-288	  x8:0x800004ac  x8=0x8000038c
        3625000	       361	80000174	40585193	srai	x3,x16,0x5	 x16:0x0c000000  x3=0x00600000
        3635000	       362	80000178	45cd4e13	xori	x28,x26,1116	 x26:0x7129052d x28=0x71290171
        3645000	       363	8000017c	40f70533	sub	x10,x14,x15	 x14:0x087ed762 x15:0x3fff8000 x10=0xc87f5762
        3655000	       364	80000180	40a25133	sra	x2,x4,x10	  x4:0x8000878d x10:0xc87f5762  x2=0xe00021e3
        3665000	       365	80000184	01b8c4b3	xor	x9,x17,x27	 x17:0xfffffffe x27:0xfed76200  x9=0x01289dfe
        3675000	       366	80000188	b7ff8213	addi	x4,x31,-1153	 x31:0x00000000  x4=0xfffffb7f
        3685000	       367	8000018c	0156f8b3	and	x17,x13,x21	 x13:0x80000160 x21:0x36545f29 x17=0x00000120
        3695000	       368	80000190	f4a0cc93	xori	x25,x1,-182	  x1:0x00000000 x25=0xffffff4a
        3705000	       369	80000194	121406e7	jalr	x13,x8,289	  x8:0x8000038c x13=0x80000194
        3715000	       370	00000000	00000013	addi	x0,x0,0	  x0:0x00000000
        3725000	       371	800004ac	00000013	addi	x0,x0,0	  x0:0x00000000
        3735000	       372	800004b0	00954833	xor	x16,x10,x9	 x10:0xc87f5762  x9:0x01289dfe x16=0xc957ca9c
        3745000	       373	800004b4	0172c463	blt	x5,x23,800004bc	  x5:0x00007fff x23:0x00000000
        3755000	       374	800004b8	154a2513	slti	x10,x20,340	 x20:0x80009f84 x10=0x00000001
        3765000	       375	800004bc	ff4a0a13	addi	x20,x20,-12	 x20:0x80009f84 x20=0x80009f78
        3775000	       376	800004c0	00da2223	sw	x13,4(x20)	 x20:0x80009f78 x13:0x80000194 PA:0x80009f7c
        3785000	       377	800004c4	41e05f13	srai	x30,x0,0x1e	  x0:0x00000000 x30=0x00000000
        3795000	       378	800004c8	98587893	andi	x17,x16,-1659	 x16:0xc957ca9c x17=0xc957c884
        3805000	       379	800004cc	01b7e033	or	x0,x15,x27	 x15:0x3fff8000 x27:0xfed76200
        3815000	       380	800004d0	f6804613	xori	x12,x0,-152	  x0:0x00000000 x12=0xffffff68
        3825000	       381	800004d4	40388333	sub	x6,x17,x3	 x17:0xc957c884  x3:0x00600000  x6=0xc8f7c884
        3835000	       382	800004d8	010cfcb3	and	x25,x25,x16	 x25:0xffffff4a x16:0xc957ca9c x25=0xc957ca08
        3845000	       383	800004dc	58937793	andi	x15,x6,1417	  x6:0xc8f7c884 x15=0x00000080
        3855000	       384	800004e0	401f32b7	lui	x5,0x401f3	  x5=0x401f3000
        3865000	       385	800004e4	40438633	sub	x12,x7,x4	  x7:0x00000000  x4:0xfffffb7f x12=0x00000481
        3875000	       386	800004e8	004cd1b3	srl	x3,x25,x4	 x25:0xc957ca08  x4:0xfffffb7f  x3=0x00000001
        3885000	       387	800004ec	8738b4b7	lui	x9,0x8738b	  x9=0x8738b000
        3895000	       388	800004f0	00ef6463	bltu	x30,x14,800004f8	 x30:0x00000000 x14:0x087ed762
        3905000	       389	00000000	00000013	addi	x0,x0,0	  x0:0x00000000
        3915000	       390	800004f4	00000013	addi	x0,x0,0	  x0:0x00000000
        3925000	       391	800004f8	05c006ef	jal	x13,800004f8	 x13=0x800004f8
        3935000	       392	00000000	00000013	addi	x0,x0,0	  x0:0x00000000
        3945000	       393	80000550	00000013	addi	x0,x0,0	  x0:0x00000000
        3955000	       394	80000554	fc0a0a13	addi	x20,x20,-64	 x20:0x80009f78 x20=0x80009f38
        3965000	       395	80000558	0070d213	srli	x4,x1,0x7	  x1:0x00000000  x4=0x00000000
        3975000	       396	8000055c	00da2223	sw	x13,4(x20)	 x20:0x80009f38 x13:0x800004f8 PA:0x80009f3c
        3985000	       397	80000560	40c45fb3	sra	x31,x8,x12	  x8:0x8000038c x12:0x00000481 x31=0xc00001c6
        3995000	       398	80000564	0109a4b3	slt	x9,x19,x16	 x19:0x80000550 x16:0xc957ca9c  x9=0x00000001
        4005000	       399	80000568	017295b3	sll	x11,x5,x23	  x5:0x401f3000 x23:0x00000000 x11=0x401f3000
        4015000	       400	8000056c	bf75c113	xori	x2,x11,-1033	 x11:0x401f3000  x2=0xbfe0cbf7
        4025000	       401	80000570	00003197	auipc	x3,0x3	  x3=0x8000356c
        4035000	       402	80000574	85818193	addi	x3,x3,-1960	  x3:0x8000356c  x3=0x80002dc4
        4045000	       403	80000578	c9857913	andi	x18,x10,-872	 x10:0x00000001 x18=0x00000000
        4055000	       404	8000057c	009ec0b3	xor	x1,x29,x9	 x29:0xf78126cf  x9:0x00000001  x1=0xf78126ce
        4065000	       405	80000580	b2ca6513	ori	x10,x20,-1236	 x20:0x80009f38 x10=0xffffff3c
        4075000	       406	80000584	e9618193	addi	x3,x3,-362	  x3:0x80002dc4  x3=0x80002c5a
        4085000	       407	80000588	af3b4d93	xori	x27,x22,-1293	 x22:0x00000000 x27=0xfffffaf3
        4095000	       408	8000058c	f6b92d93	slti	x27,x18,-149	 x18:0x00000000 x27=0x00000000
        4105000	       409	80000590	41128633	sub	x12,x5,x17	  x5:0x401f3000 x17:0xc957c884 x12=0x76c7677c
        4115000	       410	80000594	bd3469b7	lui	x19,0xbd346	 x19=0xbd346000
        4125000	       411	80000598	00398463	beq	x19,x3,800005a0	 x19:0xbd346000  x3:0x80002c5a
        4135000	       412	8000059c	00580cb3	add	x25,x16,x5	 x16:0xc957ca9c  x5:0x401f3000 x25=0x0976fa9c
        4145000	       413	800005a0	16a186e7	jalr	x13,x3,362	  x3:0x80002c5a x13=0x800005a0
        4155000	       414	00000000	00000013	addi	x0,x0,0	  x0:0x00000000
        4165000	       415	80002dc4	00000013	addi	x0,x0,0	  x0:0x00000000
        4175000	       416	80002dc8	e0b33813	sltiu	x16,x6,-501	  x6:0xc8f7c884 x16=0x00000001
        4185000	       417	80002dcc	00974263	blt	x14,x9,80002dd0	 x14:0x087ed762  x9:0x00000001
        4195000	       418	80002dd0	fc0a0a13	addi	x20,x20,-64	 x20:0x80009f38 x20=0x80009ef8
        4205000	       419	80002dd4	0f51dd17	auipc	x26,0xf51d	 x26=0x8f51fdd0
        4215000	       420	80002dd8	00da2223	sw	x13,4(x20)	 x20:0x80009ef8 x13:0x800005a0 PA:0x80009efc
        4225000	       421	80002ddc	004028b3	slt	x17,x0,x4	  x0:0x00000000  x4:0x00000000 x17=0x00000000
        4235000	       422	80002de0	010b80b3	add	x1,x23,x16	 x23:0x00000000 x16:0x00000001  x1=0x00000001
        4245000	       423	80002de4	00139c63	bne	x7,x1,80002dfc	  x7:0x00000000  x1:0x00000001
        4255000	       424	00000000	00000013	addi	x0,x0,0	  x0:0x00000000
        4265000	       425	80002df8	00000013	addi	x0,x0,0	  x0:0x00000000
        4275000	       426	80002dfc	014ea4b3	slt	x9,x29,x20	 x29:0xf78126cf x20:0x80009ef8  x9=0x00000000
        4285000	       427	80002e00	0028fcb3	and	x25,x17,x2	 x17:0x00000000  x2:0xbfe0cbf7 x25=0x00000000
        4295000	       428	80002e04	02366a63	bltu	x12,x3,80002e38	 x12:0x76c7677c  x3:0x80002c5a
        4305000	       429	00000000	00000013	addi	x0,x0,0	  x0:0x00000000
        4315000	       430	80002e34	00000013	addi	x0,x0,0	  x0:0x00000000
        4325000	       431	80002e38	01b8cd33	xor	x26,x17,x27	 x17:0x00000000 x27:0x00000000 x26=0x00000000
        4335000	       432	80002e3c	0ac68e17	auipc	x28,0xac68	 x28=0x8ac6ae38
        4345000	       433	80002e40	0133f863	bgeu	x7,x19,80002e50	  x7:0x00000000 x19:0xbd346000
        4355000	       434	80002e44	00484db3	xor	x27,x16,x4	 x16:0x00000001  x4:0x00000000 x27=0x00000001
        4365000	       435	80002e48	8127b193	sltiu	x3,x15,-2030	 x15:0x00000080  x3=0x00000001
        4375000	       436	80002e4c	00b5efb3	or	x31,x11,x11	 x11:0x401f3000 x11:0x401f3000 x31=0x401f3000
        4385000	       437	80002e50	00190b33	add	x22,x18,x1	 x18:0x00000000  x1:0x00000001 x22=0x00000001
        4395000	       438	80002e54	006365b3	or	x11,x6,x6	  x6:0xc8f7c884  x6:0xc8f7c884 x11=0xc8f7c884
        4405000	       439	80002e58	414801b3	sub	x3,x16,x20	 x16:0x00000001 x20:0x80009ef8  x3=0x7fff6109
        4415000	       440	80002e5c	41735813	srai	x16,x6,0x17	  x6:0xc8f7c884 x16=0xffffff91
        4425000	       441	80002e60	00671663	bne	x14,x6,80002e6c	 x14:0x087ed762  x6:0xc8f7c884
        4435000	       442	00000000	00000013	addi	x0,x0,0	  x0:0x00000000
        4445000	       443	80002e68	00000013	addi	x0,x0,0	  x0:0x00000000
        4455000	       444	80002e6c	01fb9d13	slli	x26,x23,0x1f	 x23:0x00000000 x26=0x00000000
        4465000	       445	80002e70	004a2683	lw	x13,4(x20)	 x20:0x80009ef8 x13=0x800005a0 PA:0x80009efc
        4475000	       446	80002e74	00cabdb3	sltu	x27,x21,x12	 x21:0x36545f29 x12:0x76c7677c x27=0x00000001
        4485000	       447	80002e78	040a0a13	addi	x20,x20,64	 x20:0x80009ef8 x20=0x80009f38
        4495000	       448	80002e7c	015f1fb3	sll	x31,x30,x21	 x30:0x00000000 x21:0x36545f29 x31=0x00000000
        4505000	       449	80002e80	8a545d97	auipc	x27,0x8a545	 x27=0x0a547e7c
        4515000	       450	80002e84	00168393	addi	x7,x13,1	 x13:0x800005a0  x7=0x800005a1
        4525000	       451	80002e88	000383e7	jalr	x7,x7,0	  x7:0x800005a1  x7=0x80002e88
        4535000	       452	00000000	00000013	addi	x0,x0,0	  x0:0x00000000
        4545000	       453	800005a0	00000013	addi	x0,x0,0	  x0:0x00000000
        4555000	       454	800005a4	00003f17	auipc	x30,0x3	 x30=0x800035a0
        4565000	       455	800005a8	824f0f13	addi	x30,x30,-2012	 x30:0x800035a0 x30=0x80002dc4
        4575000	       456	800005ac	5b6a0113	addi	x2,x20,1462	 x20:0x80009f38  x2=0x8000a4ee
        4585000	       457	800005b0	45efe393	ori	x7,x31,1118	 x31:0x00000000  x7=0x0000045e
        4595000	       458	800005b4	008eacb3	slt	x25,x29,x8	 x29:0xf78126cf  x8:0x8000038c x25=0x00000000
        4605000	       459	800005b8	09caa193	slti	x3,x21,156	 x21:0x36545f29  x3=0x00000000
        4615000	       460	800005bc	00f494b3	sll	x9,x9,x15	  x9:0x00000000 x15:0x00000080  x9=0x00000000
        4625000	       461	800005c0	3a1f7f93	andi	x31,x30,929	 x30:0x80002dc4 x31=0x00000180
        4635000	       462	800005c4	151f0f13	addi	x30,x30,337	 x30:0x80002dc4 x30=0x80002f15
        4645000	       463	800005c8	d7864e13	xori	x28,x12,-648	 x12:0x76c7677c x28=0x89389a04
        4655000	       464	800005cc	006e4663	blt	x28,x6,800005d8	 x28:0x89389a04  x6:0xc8f7c884
        4665000	       465	00000000	00000013	addi	x0,x0,0	  x0:0x00000000
        4675000	       466	800005d4	00000013	addi	x0,x0,0	  x0:0x00000000
        4685000	       467	800005d8	eb0f06e7	jalr	x13,x30,-336	 x30:0x80002f15 x13=0x800005d8
        4695000	       468	00000000	00000013	addi	x0,x0,0	  x0:0x00000000
        4705000	       469	80002dc4	00000013	addi	x0,x0,0	  x0:0x00000000
        4715000	       470	80002dc8	e0b33813	sltiu	x16,x6,-501	  x6:0xc8f7c884 x16=0x00000001
        4725000	       471	80002dcc	00974263	blt	x14,x9,80002dd0	 x14:0x087ed762  x9:0x00000000
        4735000	       472	80002dd0	fc0a0a13	addi	x20,x20,-64	 x20:0x80009f38 x20=0x80009ef8
        4745000	       473	80002dd4	0f51dd17	auipc	x26,0xf51d	 x26=0x8f51fdd0
        4755000	       474	80002dd8	00da2223	sw	x13,4(x20)	 x20:0x80009ef8 x13:0x800005d8 PA:0x80009efc
        4765000	       475	80002ddc	004028b3	slt	x17,x0,x4	  x0:0x00000000  x4:0x00000000 x17=0x00000000
        4775000	       476	80002de0	010b80b3	add	x1,x23,x16	 x23:0x00000000 x16:0x00000001  x1=0x00000001
        4785000	       477	80002de4	00139c63	bne	x7,x1,80002dfc	  x7:0x0000045e  x1:0x00000001
        4795000	       478	00000000	00000013	addi	x0,x0,0	  x0:0x00000000
        4805000	       479	80002df8	00000013	addi	x0,x0,0	  x0:0x00000000
        4815000	       480	80002dfc	014ea4b3	slt	x9,x29,x20	 x29:0xf78126cf x20:0x80009ef8  x9=0x00000000
        4825000	       481	80002e00	0028fcb3	and	x25,x17,x2	 x17:0x00000000  x2:0x8000a4ee x25=0x00000000
        4835000	       482	80002e04	02366a63	bltu	x12,x3,80002e38	 x12:0x76c7677c  x3:0x00000000
        4845000	       483	80002e08	b6516d17	auipc	x26,0xb6516	 x26=0x36518e04
        4855000	       484	80002e0c	05cc4263	blt	x24,x28,80002e50	 x24:0x80009fc4 x28:0x89389a04
        4865000	       485	00000000	00000013	addi	x0,x0,0	  x0:0x00000000
        4875000	       486	80002e4c	00000013	addi	x0,x0,0	  x0:0x00000000
        4885000	       487	80002e50	00190b33	add	x22,x18,x1	 x18:0x00000000  x1:0x00000001 x22=0x00000001
        4895000	       488	80002e54	006365b3	or	x11,x6,x6	  x6:0xc8f7c884  x6:0xc8f7c884 x11=0xc8f7c884
        4905000	       489	80002e58	414801b3	sub	x3,x16,x20	 x16:0x00000001 x20:0x80009ef8  x3=0x7fff6109
        4915000	       490	80002e5c	41735813	srai	x16,x6,0x17	  x6:0xc8f7c884 x16=0xffffff91
        4925000	       491	80002e60	00671663	bne	x14,x6,80002e6c	 x14:0x087ed762  x6:0xc8f7c884
        4935000	       492	00000000	00000013	addi	x0,x0,0	  x0:0x00000000
        4945000	       493	80002e68	00000013	addi	x0,x0,0	  x0:0x00000000
        4955000	       494	80002e6c	01fb9d13	slli	x26,x23,0x1f	 x23:0x00000000 x26=0x00000000
        4965000	       495	80002e70	004a2683	lw	x13,4(x20)	 x20:0x80009ef8 x13=0x800005d8 PA:0x80009efc
        4975000	       496	80002e74	00cabdb3	sltu	x27,x21,x12	 x21:0x36545f29 x12:0x76c7677c x27=0x00000001
        4985000	       497	80002e78	040a0a13	addi	x20,x20,64	 x20:0x80009ef8 x20=0x80009f38
        4995000	       498	80002e7c	015f1fb3	sll	x31,x30,x21	 x30:0x80002f15 x21:0x36545f29 x31=0x005e2a00
        5005000	       499	80002e80	8a545d97	auipc	x27,0x8a545	 x27=0x0a547e7c
        5015000	       500	80002e84	00168393	addi	x7,x13,1	 x13:0x800005d8  x7=0x800005d9
        5025000	       501	80002e88	000383e7	jalr	x7,x7,0	  x7:0x800005d9  x7=0x80002e88
        5035000	       502	00000000	00000013	addi	x0,x0,0	  x0:0x00000000
        5045000	       503	800005d8	00000013	addi	x0,x0,0	  x0:0x00000000
        5055000	       504	800005dc	ffa00d93	addi	x27,x0,-6	  x0:0x00000000 x27=0xfffffffa
        5065000	       505	800005e0	16922893	slti	x17,x4,361	  x4:0x00000000 x17=0x00000001
        5075000	       506	800005e4	00700833	add	x16,x0,x7	  x0:0x00000000  x7:0x80002e88 x16=0x80002e88
        5085000	       507	800005e8	00e06cb3	or	x25,x0,x14	  x0:0x00000000 x14:0x087ed762 x25=0x087ed762
        5095000	       508	800005ec	e4a37393	andi	x7,x6,-438	  x6:0xc8f7c884  x7=0xc8f7c800
        5105000	       509	800005f0	011249b3	xor	x19,x4,x17	  x4:0x00000000 x17:0x00000001 x19=0x00000001
        5115000	       510	800005f4	01671893	slli	x17,x14,0x16	 x14:0x087ed762 x17=0xd8800000
        5125000	       511	800005f8	fef00113	addi	x2,x0,-17	  x0:0x00000000  x2=0xffffffef
        5135000	       512	800005fc	794fae13	slti	x28,x31,1940	 x31:0x005e2a00 x28=0x00000000
        5145000	       513	80000600	0181d9b3	srl	x19,x3,x24	  x3:0x7fff6109 x24:0x80009fc4 x19=0x07fff610
        5155000	       514	80000604	422dcb13	xori	x22,x27,1058	 x27:0xfffffffa x22=0xfffffbd8
        5165000	       515	80000608	00d3d813	srli	x16,x7,0xd	  x7:0xc8f7c800 x16=0x000647be
        5175000	       516	8000060c	01d704b3	add	x9,x14,x29	 x14:0x087ed762 x29:0xf78126cf  x9=0xfffffe31
        5185000	       517	80000610	002d0033	add	x0,x26,x2	 x26:0x00000000  x2:0xffffffef
        5195000	       518	80000614	404904b3	sub	x9,x18,x4	 x18:0x00000000  x4:0x00000000  x9=0x00000000
        5205000	       519	80000618	6462a313	slti	x6,x5,1606	  x5:0x401f3000  x6=0x00000000
        5215000	       520	8000061c	ff9d8d93	addi	x27,x27,-7	 x27:0xfffffffa x27=0xfffffff3
        5225000	       521	80000620	01e31033	sll	x0,x6,x30	  x6:0x00000000 x30:0x80002f15
        5235000	       522	80000624	015c23b3	slt	x7,x24,x21	 x24:0x80009fc4 x21:0x36545f29  x7=0x00000001
        5245000	       523	80000628	00aa26b3	slt	x13,x20,x10	 x20:0x80009f38 x10:0xffffff3c x13=0x00000001
        5255000	       524	8000062c	012a5593	srli	x11,x20,0x12	 x20:0x80009f38 x11=0x00002000
        5265000	       525	80000630	fc2ddae3	bge	x27,x2,80000604	 x27:0xfffffff3  x2:0xffffffef
        5275000	       526	00000000	00000013	addi	x0,x0,0	  x0:0x00000000
        5285000	       527	80000600	00000013	addi	x0,x0,0	  x0:0x00000000
        5295000	       528	80000604	422dcb13	xori	x22,x27,1058	 x27:0xfffffff3 x22=0xfffffbd1
        5305000	       529	80000608	00d3d813	srli	x16,x7,0xd	  x7:0x00000001 x16=0x00000000
        5315000	       530	8000060c	01d704b3	add	x9,x14,x29	 x14:0x087ed762 x29:0xf78126cf  x9=0xfffffe31
        5325000	       531	80000610	002d0033	add	x0,x26,x2	 x26:0x00000000  x2:0xffffffef
        5335000	       532	80000614	404904b3	sub	x9,x18,x4	 x18:0x00000000  x4:0x00000000  x9=0x00000000
        5345000	       533	80000618	6462a313	slti	x6,x5,1606	  x5:0x401f3000  x6=0x00000000
        5355000	       534	8000061c	ff9d8d93	addi	x27,x27,-7	 x27:0xfffffff3 x27=0xffffffec
        5365000	       535	80000620	01e31033	sll	x0,x6,x30	  x6:0x00000000 x30:0x80002f15
        5375000	       536	80000624	015c23b3	slt	x7,x24,x21	 x24:0x80009fc4 x21:0x36545f29  x7=0x00000001
        5385000	       537	80000628	00aa26b3	slt	x13,x20,x10	 x20:0x80009f38 x10:0xffffff3c x13=0x00000001
        5395000	       538	8000062c	012a5593	srli	x11,x20,0x12	 x20:0x80009f38 x11=0x00002000
        5405000	       539	80000630	fc2ddae3	bge	x27,x2,80000604	 x27:0xffffffec  x2:0xffffffef
        5415000	       540	80000634	01026233	or	x4,x4,x16	  x4:0x00000000 x16:0x00000000  x4=0x00000000
        5425000	       541	80000638	0127f833	and	x16,x15,x18	 x15:0x00000080 x18:0x00000000 x16=0x00000000
        5435000	       542	8000063c	99356693	ori	x13,x10,-1645	 x10:0xffffff3c x13=0xffffffbf
        5445000	       543	80000640	0042e7b3	or	x15,x5,x4	  x5:0x401f3000  x4:0x00000000 x15=0x401f3000
        5455000	       544	80000644	00944833	xor	x16,x8,x9	  x8:0x8000038c  x9:0x00000000 x16=0x8000038c
        5465000	       545	80000648	01295613	srli	x12,x18,0x12	 x18:0x00000000 x12=0x00000000
        5475000	       546	8000064c	013de733	or	x14,x27,x19	 x27:0xffffffec x19:0x07fff610 x14=0xfffffffc
        5485000	       547	80000650	4ec89737	lui	x14,0x4ec89	 x14=0x4ec89000
        5495000	       548	80000654	b089e9b7	lui	x19,0xb089e	 x19=0xb089e000
        5505000	       549	80000658	010f9293	slli	x5,x31,0x10	 x31:0x005e2a00  x5=0x2a000000
        5515000	       550	8000065c	0166ec63	bltu	x13,x22,80000674	 x13:0xffffffbf x22:0xfffffbd1
        5525000	       551	80000660	00e7c9b3	xor	x19,x15,x14	 x15:0x401f3000 x14:0x4ec89000 x19=0x0ed7a000
        5535000	       552	80000664	0194abb3	slt	x23,x9,x25	  x9:0x00000000 x25:0x087ed762 x23=0x00000001
        5545000	       553	80000668	019508b3	add	x17,x10,x25	 x10:0xffffff3c x25:0x087ed762 x17=0x087ed69e
        5555000	       554	8000066c	00d3e433	or	x8,x7,x13	  x7:0x00000001 x13:0xffffffbf  x8=0xffffffbf
        5565000	       555	80000670	0141cbb3	xor	x23,x3,x20	  x3:0x7fff6109 x20:0x80009f38 x23=0xfffffe31
        5575000	       556	80000674	01f15533	srl	x10,x2,x31	  x2:0xffffffef x31:0x005e2a00 x10=0xffffffef
        5585000	       557	80000678	023cc463	blt	x25,x3,800006a0	 x25:0x087ed762  x3:0x7fff6109
        5595000	       558	00000000	00000013	addi	x0,x0,0	  x0:0x00000000
        5605000	       559	8000069c	00000013	addi	x0,x0,0	  x0:0x00000000
        5615000	       560	800006a0	0455d663	bge	x11,x5,800006ec	 x11:0x00002000  x5:0x2a000000
        5625000	       561	800006a4	56ac0493	addi	x9,x24,1386	 x24:0x80009fc4  x9=0x8000a52e
        5635000	       562	800006a8	01a68633	add	x12,x13,x26	 x13:0xffffffbf x26:0x00000000 x12=0xffffffbf
        5645000	       563	800006ac	0112edb3	or	x27,x5,x17	  x5:0x2a000000 x17:0x087ed69e x27=0x2a7ed69e
        5655000	       564	800006b0	25397713	andi	x14,x18,595	 x18:0x00000000 x14=0x00000000
        5665000	       565	800006b4	010f06b3	add	x13,x30,x16	 x30:0x80002f15 x16:0x8000038c x13=0x000032a1
        5675000	       566	800006b8	017bd2b3	srl	x5,x23,x23	 x23:0xfffffe31 x23:0xfffffe31  x5=0x00007fff
        5685000	       567	800006bc	412e8f33	sub	x30,x29,x18	 x29:0xf78126cf x18:0x00000000 x30=0xf78126cf
        5695000	       568	800006c0	0043e663	bltu	x7,x4,800006cc	  x7:0x00000001  x4:0x00000000
        5705000	       569	800006c4	40f9d1b3	sra	x3,x19,x15	 x19:0x0ed7a000 x15:0x401f3000  x3=0x0ed7a000
        5715000	       570	800006c8	0241e263	bltu	x3,x4,800006ec	  x3:0x0ed7a000  x4:0x00000000
        5725000	       571	800006cc	004848b3	xor	x17,x16,x4	 x16:0x8000038c  x4:0x00000000 x17=0x8000038c
        5735000	       572	800006d0	41eb8733	sub	x14,x23,x30	 x23:0xfffffe31 x30:0xf78126cf x14=0x087ed762
        5745000	       573	800006d4	f37fcb93	xori	x23,x31,-201	 x31:0x005e2a00 x23=0xffa1d537
        5755000	       574	800006d8	00549db3	sll	x27,x9,x5	  x9:0x8000a52e  x5:0x00007fff x27=0x00000000
        5765000	       575	800006dc	da543813	sltiu	x16,x8,-603	  x8:0xffffffbf x16=0x00000000
        5775000	       576	800006e0	051b5663	bge	x22,x17,8000072c	 x22:0xfffffbd1 x17:0x8000038c
        5785000	       577	00000000	00000013	addi	x0,x0,0	  x0:0x00000000
        5795000	       578	80000728	00000013	addi	x0,x0,0	  x0:0x00000000
        5805000	       579	8000072c	01785533	srl	x10,x16,x23	 x16:0x00000000 x23:0xffa1d537 x10=0x00000000
        5815000	       580	80000730	0088d113	srli	x2,x17,0x8	 x17:0x8000038c  x2=0x00800003
        5825000	       581	80000734	37517193	andi	x3,x2,885	  x2:0x00800003  x3=0x00000001
        5835000	       582	80000738	671f2997	auipc	x19,0x671f2	 x19=0xe71f2734
        5845000	       583	8000073c	c2f14cb7	lui	x25,0xc2f14	 x25=0xc2f14000
        5855000	       584	80000740	03ed4263	blt	x26,x30,80000764	 x26:0x00000000 x30:0xf78126cf
        5865000	       585	80000744	9e03f093	andi	x1,x7,-1568	  x7:0x00000001  x1=0x00000000
        5875000	       586	80000748	0ba6bb17	auipc	x22,0xba6b	 x22=0x8ba6b744
        5885000	       587	8000074c	001df263	bgeu	x27,x1,80000750	 x27:0x00000000  x1:0x00000000
        5895000	       588	00000000	00000013	addi	x0,x0,0	  x0:0x00000000
        5905000	       589	8000074c	00000013	addi	x0,x0,0	  x0:0x00000000
        5915000	       590	80000750	00f964b3	or	x9,x18,x15	 x18:0x00000000 x15:0x401f3000  x9=0x401f3000
        5925000	       591	80000754	014d9863	bne	x27,x20,80000764	 x27:0x00000000 x20:0x80009f38
        5935000	       592	00000000	00000013	addi	x0,x0,0	  x0:0x00000000
        5945000	       593	80000760	00000013	addi	x0,x0,0	  x0:0x00000000
        5955000	       594	80000764	f8200017	auipc	x0,0xf8200	
        5965000	       595	80000768	7520c997	auipc	x19,0x7520c	 x19=0xf520c764
        5975000	       596	8000076c	14162b13	slti	x22,x12,321	 x12:0xffffffbf x22=0x00000001
        5985000	       597	80000770	b1c0af13	slti	x30,x1,-1252	  x1:0x00000000 x30=0x00000000
        5995000	       598	80000774	004a2683	lw	x13,4(x20)	 x20:0x80009f38 x13=0x800004f8 PA:0x80009f3c
        6005000	       599	80000778	040a0a13	addi	x20,x20,64	 x20:0x80009f38 x20=0x80009f78
        6015000	       600	8000077c	01d297b3	sll	x15,x5,x29	  x5:0x00007fff x29:0xf78126cf x15=0x3fff8000
        6025000	       601	80000780	7341e813	ori	x16,x3,1844	  x3:0x00000001 x16=0x00000735
        6035000	       602	80000784	00971193	slli	x3,x14,0x9	 x14:0x087ed762  x3=0xfdaec400
        6045000	       603	80000788	ceadee13	ori	x28,x27,-790	 x27:0x00000000 x28=0xfffffcea
        6055000	       604	8000078c	0110d913	srli	x18,x1,0x11	  x1:0x00000000 x18=0x00000000
        6065000	       605	80000790	00000013	addi	x0,x0,0	  x0:0x00000000
        6075000	       606	80000794	ba308513	addi	x10,x1,-1117	  x1:0x00000000 x10=0xfffffba3
        6085000	       607	80000798	00068113	addi	x2,x13,0	 x13:0x800004f8  x2=0x800004f8
        6095000	       608	8000079c	00010167	jalr	x2,x2,0	  x2:0x800004f8  x2=0x8000079c
        6105000	       609	00000000	00000013	addi	x0,x0,0	  x0:0x00000000
        6115000	       610	800004f8	00000013	addi	x0,x0,0	  x0:0x00000000
        6125000	       611	800004fc	01017c63	bgeu	x2,x16,80000514	  x2:0x8000079c x16:0x00000735
        6135000	       612	00000000	00000013	addi	x0,x0,0	  x0:0x00000000
        6145000	       613	80000510	00000013	addi	x0,x0,0	  x0:0x00000000
        6155000	       614	80000514	4e8dff93	andi	x31,x27,1256	 x27:0x00000000 x31=0x00000000
        6165000	       615	80000518	00011933	sll	x18,x2,x0	  x2:0x8000079c  x0:0x00000000 x18=0x8000079c
        6175000	       616	8000051c	18e5b113	sltiu	x2,x11,398	 x11:0x00002000  x2=0x00000000
        6185000	       617	80000520	002b5b93	srli	x23,x22,0x2	 x22:0x00000001 x23=0x00000000
        6195000	       618	80000524	01a51813	slli	x16,x10,0x1a	 x10:0xfffffba3 x16=0x8c000000
        6205000	       619	80000528	01bb8263	beq	x23,x27,8000052c	 x23:0x00000000 x27:0x00000000
        6215000	       620	00000000	00000013	addi	x0,x0,0	  x0:0x00000000
        6225000	       621	80000528	00000013	addi	x0,x0,0	  x0:0x00000000
        6235000	       622	8000052c	40515e13	srai	x28,x2,0x5	  x2:0x00000000 x28=0x00000000
        6245000	       623	80000530	004a2683	lw	x13,4(x20)	 x20:0x80009f78 x13=0x80000194 PA:0x80009f7c
        6255000	       624	80000534	013d93b3	sll	x7,x27,x19	 x27:0x00000000 x19:0xf520c764  x7=0x00000000
        6265000	       625	80000538	005eecb3	or	x25,x29,x5	 x29:0xf78126cf  x5:0x00007fff x25=0xf7817fff
        6275000	       626	8000053c	01248233	add	x4,x9,x18	  x9:0x401f3000 x18:0x8000079c  x4=0xc01f379c
        6285000	       627	80000540	00ca0a13	addi	x20,x20,12	 x20:0x80009f78 x20=0x80009f84
        6295000	       628	80000544	4011dd93	srai	x27,x3,0x1	  x3:0xfdaec400 x27=0xfed76200
        6305000	       629	80000548	452a4437	lui	x8,0x452a4	  x8=0x452a4000
        6315000	       630	8000054c	00168993	addi	x19,x13,1	 x13:0x80000194 x19=0x80000195
        6325000	       631	80000550	000989e7	jalr	x19,x19,0	 x19:0x80000195 x19=0x80000550
        6335000	       632	00000000	00000013	addi	x0,x0,0	  x0:0x00000000
        6345000	       633	80000194	00000013	addi	x0,x0,0	  x0:0x00000000
        6355000	       634	80000198	00800f13	addi	x30,x0,8	  x0:0x00000000 x30=0x00000008
        6365000	       635	8000019c	01265693	srli	x13,x12,0x12	 x12:0xffffffbf x13=0x00003fff
        6375000	       636	800001a0	017ad093	srli	x1,x21,0x17	 x21:0x36545f29  x1=0x0000006c
        6385000	       637	800001a4	00d00c93	addi	x25,x0,13	  x0:0x00000000 x25=0x0000000d
        6395000	       638	800001a8	017d1833	sll	x16,x26,x23	 x26:0x00000000 x23:0x00000000 x16=0x00000000
        6405000	       639	800001ac	008c4113	xori	x2,x24,8	 x24:0x80009fc4  x2=0x80009fcc
        6415000	       640	800001b0	0054a133	slt	x2,x9,x5	  x9:0x401f3000  x5:0x00007fff  x2=0x00000000
        6425000	       641	800001b4	efb1fa93	andi	x21,x3,-261	  x3:0xfdaec400 x21=0xfdaec400
        6435000	       642	800001b8	00f70b33	add	x22,x14,x15	 x14:0x087ed762 x15:0x3fff8000 x22=0x487e5762
        6445000	       643	800001bc	005f0f13	addi	x30,x30,5	 x30:0x00000008 x30=0x0000000d
        6455000	       644	800001c0	cf560713	addi	x14,x12,-779	 x12:0xffffffbf x14=0xfffffcb4
        6465000	       645	800001c4	ebe43717	auipc	x14,0xebe43	 x14=0x6be431c0
        6475000	       646	800001c8	004dbbb3	sltu	x23,x27,x4	 x27:0xfed76200  x4:0xc01f379c x23=0x00000000
        6485000	       647	800001cc	019fdfb3	srl	x31,x31,x25	 x31:0x00000000 x25:0x0000000d x31=0x00000000
        6495000	       648	800001d0	01b485b3	add	x11,x9,x27	  x9:0x401f3000 x27:0xfed76200 x11=0x3ef69200
        6505000	       649	800001d4	001cf5b3	and	x11,x25,x1	 x25:0x0000000d  x1:0x0000006c x11=0x0000000c
        6515000	       650	800001d8	8561d297	auipc	x5,0x8561d	  x5=0x0561d1d4
        6525000	       651	800001dc	011a5593	srli	x11,x20,0x11	 x20:0x80009f84 x11=0x00004000
        6535000	       652	800001e0	46e3b493	sltiu	x9,x7,1134	  x7:0x00000000  x9=0x00000001
        6545000	       653	800001e4	8e472113	slti	x2,x14,-1820	 x14:0x6be431c0  x2=0x00000000
        6555000	       654	800001e8	a66dab13	slti	x22,x27,-1434	 x27:0xfed76200 x22=0x00000001
        6565000	       655	800001ec	eaa31637	lui	x12,0xeaa31	 x12=0xeaa31000
        6575000	       656	800001f0	fb9f0ee3	beq	x30,x25,800001ac	 x30:0x0000000d x25:0x0000000d
        6585000	       657	00000000	00000013	addi	x0,x0,0	  x0:0x00000000
        6595000	       658	800001a8	00000013	addi	x0,x0,0	  x0:0x00000000
        6605000	       659	800001ac	008c4113	xori	x2,x24,8	 x24:0x80009fc4  x2=0x80009fcc
        6615000	       660	800001b0	0054a133	slt	x2,x9,x5	  x9:0x00000001  x5:0x0561d1d4  x2=0x00000001
        6625000	       661	800001b4	efb1fa93	andi	x21,x3,-261	  x3:0xfdaec400 x21=0xfdaec400
        6635000	       662	800001b8	00f70b33	add	x22,x14,x15	 x14:0x6be431c0 x15:0x3fff8000 x22=0xabe3b1c0
        6645000	       663	800001bc	005f0f13	addi	x30,x30,5	 x30:0x0000000d x30=0x00000012
        6655000	       664	800001c0	cf560713	addi	x14,x12,-779	 x12:0xeaa31000 x14=0xeaa30cf5
        6665000	       665	800001c4	ebe43717	auipc	x14,0xebe43	 x14=0x6be431c0
        6675000	       666	800001c8	004dbbb3	sltu	x23,x27,x4	 x27:0xfed76200  x4:0xc01f379c x23=0x00000000
        6685000	       667	800001cc	019fdfb3	srl	x31,x31,x25	 x31:0x00000000 x25:0x0000000d x31=0x00000000
        6695000	       668	800001d0	01b485b3	add	x11,x9,x27	  x9:0x00000001 x27:0xfed76200 x11=0xfed76201
        6705000	       669	800001d4	001cf5b3	and	x11,x25,x1	 x25:0x0000000d  x1:0x0000006c x11=0x0000000c
        6715000	       670	800001d8	8561d297	auipc	x5,0x8561d	  x5=0x0561d1d4
        6725000	       671	800001dc	011a5593	srli	x11,x20,0x11	 x20:0x80009f84 x11=0x00004000
        6735000	       672	800001e0	46e3b493	sltiu	x9,x7,1134	  x7:0x00000000  x9=0x00000001
        6745000	       673	800001e4	8e472113	slti	x2,x14,-1820	 x14:0x6be431c0  x2=0x00000000
        6755000	       674	800001e8	a66dab13	slti	x22,x27,-1434	 x27:0xfed76200 x22=0x00000001
        6765000	       675	800001ec	eaa31637	lui	x12,0xeaa31	 x12=0xeaa31000
        6775000	       676	800001f0	fb9f0ee3	beq	x30,x25,800001ac	 x30:0x00000012 x25:0x0000000d
        6785000	       677	800001f4	8cecc613	xori	x12,x25,-1842	 x25:0x0000000d x12=0xfffff8c3
        6795000	       678	800001f8	00a00393	addi	x7,x0,10	  x0:0x00000000  x7=0x0000000a
        6805000	       679	800001fc	00c00693	addi	x13,x0,12	  x0:0x00000000 x13=0x0000000c
        6815000	       680	80000200	01a7b133	sltu	x2,x15,x26	 x15:0x3fff8000 x26:0x00000000  x2=0x00000000
        6825000	       681	80000204	403c8733	sub	x14,x25,x3	 x25:0x0000000d  x3:0xfdaec400 x14=0x02513c0d
        6835000	       682	80000208	00138393	addi	x7,x7,1	  x7:0x0000000a  x7=0x0000000b
        6845000	       683	8000020c	41890333	sub	x6,x18,x24	 x18:0x8000079c x24:0x80009fc4  x6=0xffff67d8
        6855000	       684	80000210	00900413	addi	x8,x0,9	  x0:0x00000000  x8=0x00000009
        6865000	       685	80000214	ff700893	addi	x17,x0,-9	  x0:0x00000000 x17=0xfffffff7
        6875000	       686	80000218	00b19813	slli	x16,x3,0xb	  x3:0xfdaec400 x16=0x76200000
        6885000	       687	8000021c	e0ea3813	sltiu	x16,x20,-498	 x20:0x80009f84 x16=0x00000001
        6895000	       688	80000220	ffd40413	addi	x8,x8,-3	  x8:0x00000009  x8=0x00000006
        6905000	       689	80000224	1d8c6813	ori	x16,x24,472	 x24:0x80009fc4 x16=0x80009fdc
        6915000	       690	80000228	ff141ae3	bne	x8,x17,8000021c	  x8:0x00000006 x17:0xfffffff7
        6925000	       691	00000000	00000013	addi	x0,x0,0	  x0:0x00000000
        6935000	       692	80000218	00000013	addi	x0,x0,0	  x0:0x00000000
        6945000	       693	8000021c	e0ea3813	sltiu	x16,x20,-498	 x20:0x80009f84 x16=0x00000001
        6955000	       694	80000220	ffd40413	addi	x8,x8,-3	  x8:0x00000006  x8=0x00000003
        6965000	       695	80000224	1d8c6813	ori	x16,x24,472	 x24:0x80009fc4 x16=0x80009fdc
        6975000	       696	80000228	ff141ae3	bne	x8,x17,8000021c	  x8:0x00000003 x17:0xfffffff7
        6985000	       697	00000000	00000013	addi	x0,x0,0	  x0:0x00000000
        6995000	       698	80000218	00000013	addi	x0,x0,0	  x0:0x00000000
        7005000	       699	8000021c	e0ea3813	sltiu	x16,x20,-498	 x20:0x80009f84 x16=0x00000001
        7015000	       700	80000220	ffd40413	addi	x8,x8,-3	  x8:0x00000003  x8=0x00000000
        7025000	       701	80000224	1d8c6813	ori	x16,x24,472	 x24:0x80009fc4 x16=0x80009fdc
        7035000	       702	80000228	ff141ae3	bne	x8,x17,8000021c	  x8:0x00000000 x17:0xfffffff7
        7045000	       703	00000000	00000013	addi	x0,x0,0	  x0:0x00000000
        7055000	       704	80000218	00000013	addi	x0,x0,0	  x0:0x00000000
        7065000	       705	8000021c	e0ea3813	sltiu	x16,x20,-498	 x20:0x80009f84 x16=0x00000001
        7075000	       706	80000220	ffd40413	addi	x8,x8,-3	  x8:0x00000000  x8=0xfffffffd
        7085000	       707	80000224	1d8c6813	ori	x16,x24,472	 x24:0x80009fc4 x16=0x80009fdc
        7095000	       708	80000228	ff141ae3	bne	x8,x17,8000021c	  x8:0xfffffffd x17:0xfffffff7
        7105000	       709	00000000	00000013	addi	x0,x0,0	  x0:0x00000000
        7115000	       710	80000218	00000013	addi	x0,x0,0	  x0:0x00000000
        7125000	       711	8000021c	e0ea3813	sltiu	x16,x20,-498	 x20:0x80009f84 x16=0x00000001
        7135000	       712	80000220	ffd40413	addi	x8,x8,-3	  x8:0xfffffffd  x8=0xfffffffa
        7145000	       713	80000224	1d8c6813	ori	x16,x24,472	 x24:0x80009fc4 x16=0x80009fdc
        7155000	       714	80000228	ff141ae3	bne	x8,x17,8000021c	  x8:0xfffffffa x17:0xfffffff7
        7165000	       715	00000000	00000013	addi	x0,x0,0	  x0:0x00000000
        7175000	       716	80000218	00000013	addi	x0,x0,0	  x0:0x00000000
        7185000	       717	8000021c	e0ea3813	sltiu	x16,x20,-498	 x20:0x80009f84 x16=0x00000001
        7195000	       718	80000220	ffd40413	addi	x8,x8,-3	  x8:0xfffffffa  x8=0xfffffff7
        7205000	       719	80000224	1d8c6813	ori	x16,x24,472	 x24:0x80009fc4 x16=0x80009fdc
        7215000	       720	80000228	ff141ae3	bne	x8,x17,8000021c	  x8:0xfffffff7 x17:0xfffffff7
        7225000	       721	8000022c	fcd3cce3	blt	x7,x13,80000204	  x7:0x0000000b x13:0x0000000c
        7235000	       722	00000000	00000013	addi	x0,x0,0	  x0:0x00000000
        7245000	       723	80000200	00000013	addi	x0,x0,0	  x0:0x00000000
        7255000	       724	80000204	403c8733	sub	x14,x25,x3	 x25:0x0000000d  x3:0xfdaec400 x14=0x02513c0d
        7265000	       725	80000208	00138393	addi	x7,x7,1	  x7:0x0000000b  x7=0x0000000c
        7275000	       726	8000020c	41890333	sub	x6,x18,x24	 x18:0x8000079c x24:0x80009fc4  x6=0xffff67d8
        7285000	       727	80000210	00900413	addi	x8,x0,9	  x0:0x00000000  x8=0x00000009
        7295000	       728	80000214	ff700893	addi	x17,x0,-9	  x0:0x00000000 x17=0xfffffff7
        7305000	       729	80000218	00b19813	slli	x16,x3,0xb	  x3:0xfdaec400 x16=0x76200000
        7315000	       730	8000021c	e0ea3813	sltiu	x16,x20,-498	 x20:0x80009f84 x16=0x00000001
        7325000	       731	80000220	ffd40413	addi	x8,x8,-3	  x8:0x00000009  x8=0x00000006
        7335000	       732	80000224	1d8c6813	ori	x16,x24,472	 x24:0x80009fc4 x16=0x80009fdc
        7345000	       733	80000228	ff141ae3	bne	x8,x17,8000021c	  x8:0x00000006 x17:0xfffffff7
        7355000	       734	00000000	00000013	addi	x0,x0,0	  x0:0x00000000
        7365000	       735	80000218	00000013	addi	x0,x0,0	  x0:0x00000000
        7375000	       736	8000021c	e0ea3813	sltiu	x16,x20,-498	 x20:0x80009f84 x16=0x00000001
        7385000	       737	80000220	ffd40413	addi	x8,x8,-3	  x8:0x00000006  x8=0x00000003
        7395000	       738	80000224	1d8c6813	ori	x16,x24,472	 x24:0x80009fc4 x16=0x80009fdc
        7405000	       739	80000228	ff141ae3	bne	x8,x17,8000021c	  x8:0x00000003 x17:0xfffffff7
        7415000	       740	00000000	00000013	addi	x0,x0,0	  x0:0x00000000
        7425000	       741	80000218	00000013	addi	x0,x0,0	  x0:0x00000000
        7435000	       742	8000021c	e0ea3813	sltiu	x16,x20,-498	 x20:0x80009f84 x16=0x00000001
        7445000	       743	80000220	ffd40413	addi	x8,x8,-3	  x8:0x00000003  x8=0x00000000
        7455000	       744	80000224	1d8c6813	ori	x16,x24,472	 x24:0x80009fc4 x16=0x80009fdc
        7465000	       745	80000228	ff141ae3	bne	x8,x17,8000021c	  x8:0x00000000 x17:0xfffffff7
        7475000	       746	00000000	00000013	addi	x0,x0,0	  x0:0x00000000
        7485000	       747	80000218	00000013	addi	x0,x0,0	  x0:0x00000000
        7495000	       748	8000021c	e0ea3813	sltiu	x16,x20,-498	 x20:0x80009f84 x16=0x00000001
        7505000	       749	80000220	ffd40413	addi	x8,x8,-3	  x8:0x00000000  x8=0xfffffffd
        7515000	       750	80000224	1d8c6813	ori	x16,x24,472	 x24:0x80009fc4 x16=0x80009fdc
        7525000	       751	80000228	ff141ae3	bne	x8,x17,8000021c	  x8:0xfffffffd x17:0xfffffff7
        7535000	       752	00000000	00000013	addi	x0,x0,0	  x0:0x00000000
        7545000	       753	80000218	00000013	addi	x0,x0,0	  x0:0x00000000
        7555000	       754	8000021c	e0ea3813	sltiu	x16,x20,-498	 x20:0x80009f84 x16=0x00000001
        7565000	       755	80000220	ffd40413	addi	x8,x8,-3	  x8:0xfffffffd  x8=0xfffffffa
        7575000	       756	80000224	1d8c6813	ori	x16,x24,472	 x24:0x80009fc4 x16=0x80009fdc
        7585000	       757	80000228	ff141ae3	bne	x8,x17,8000021c	  x8:0xfffffffa x17:0xfffffff7
        7595000	       758	00000000	00000013	addi	x0,x0,0	  x0:0x00000000
        7605000	       759	80000218	00000013	addi	x0,x0,0	  x0:0x00000000
        7615000	       760	8000021c	e0ea3813	sltiu	x16,x20,-498	 x20:0x80009f84 x16=0x00000001
        7625000	       761	80000220	ffd40413	addi	x8,x8,-3	  x8:0xfffffffa  x8=0xfffffff7
        7635000	       762	80000224	1d8c6813	ori	x16,x24,472	 x24:0x80009fc4 x16=0x80009fdc
        7645000	       763	80000228	ff141ae3	bne	x8,x17,8000021c	  x8:0xfffffff7 x17:0xfffffff7
        7655000	       764	8000022c	fcd3cce3	blt	x7,x13,80000204	  x7:0x0000000c x13:0x0000000c
        7665000	       765	80000230	41928733	sub	x14,x5,x25	  x5:0x0561d1d4 x25:0x0000000d x14=0x0561d1c7
        7675000	       766	80000234	412b0d33	sub	x26,x22,x18	 x22:0x00000001 x18:0x8000079c x26=0x7ffff865
        7685000	       767	80000238	4139ddb3	sra	x27,x19,x19	 x19:0x80000550 x19:0x80000550 x27=0xffff8000
        7695000	       768	8000023c	9f147993	andi	x19,x8,-1551	  x8:0xfffffff7 x19=0xfffff9f1
        7705000	       769	80000240	03d2e063	bltu	x5,x29,80000260	  x5:0x0561d1d4 x29:0xf78126cf
        7715000	       770	00000000	00000013	addi	x0,x0,0	  x0:0x00000000
        7725000	       771	8000025c	00000013	addi	x0,x0,0	  x0:0x00000000
        7735000	       772	80000260	01fca5b3	slt	x11,x25,x31	 x25:0x0000000d x31:0x00000000 x11=0x00000000
        7745000	       773	80000264	025d5463	bge	x26,x5,8000028c	 x26:0x7ffff865  x5:0x0561d1d4
        7755000	       774	00000000	00000013	addi	x0,x0,0	  x0:0x00000000
        7765000	       775	80000288	00000013	addi	x0,x0,0	  x0:0x00000000
        7775000	       776	8000028c	41ec8fb3	sub	x31,x25,x30	 x25:0x0000000d x30:0x00000012 x31=0xfffffffb
        7785000	       777	80000290	00c8f333	and	x6,x17,x12	 x17:0xfffffff7 x12:0xfffff8c3  x6=0xfffff8c3
        7795000	       778	80000294	0110c463	blt	x1,x17,8000029c	  x1:0x0000006c x17:0xfffffff7
        7805000	       779	80000298	99096e13	ori	x28,x18,-1648	 x18:0x8000079c x28=0xffffff9c
        7815000	       780	8000029c	dd4b3093	sltiu	x1,x22,-556	 x22:0x00000001  x1=0x00000001
        7825000	       781	800002a0	01d65493	srli	x9,x12,0x1d	 x12:0xfffff8c3  x9=0x00000007
        7835000	       782	800002a4	015afdb3	and	x27,x21,x21	 x21:0xfdaec400 x21:0xfdaec400 x27=0xfdaec400
        7845000	       783	800002a8	40760133	sub	x2,x12,x7	 x12:0xfffff8c3  x7:0x0000000c  x2=0xfffff8b7
        7855000	       784	800002ac	01a9d093	srli	x1,x19,0x1a	 x19:0xfffff9f1  x1=0x0000003f
        7865000	       785	800002b0	001e9933	sll	x18,x29,x1	 x29:0xf78126cf  x1:0x0000003f x18=0x80000000
        7875000	       786	800002b4	de2d3a93	sltiu	x21,x26,-542	 x26:0x7ffff865 x21=0x00000001
        7885000	       787	800002b8	40d85013	srai	x0,x16,0xd	 x16:0x80009fdc
        7895000	       788	800002bc	41abd233	sra	x4,x23,x26	 x23:0x00000000 x26:0x7ffff865  x4=0x00000000
        7905000	       789	800002c0	00000013	addi	x0,x0,0	  x0:0x00000000
        7915000	       790	800002c4	00000013	addi	x0,x0,0	  x0:0x00000000
        7925000	       791	800002c8	4107d3b3	sra	x7,x15,x16	 x15:0x3fff8000 x16:0x80009fdc  x7=0x00000003
        7935000	       792	800002cc	e6f7ef93	ori	x31,x15,-401	 x15:0x3fff8000 x31=0xfffffe6f
        7945000	       793	800002d0	01b4ee33	or	x28,x9,x27	  x9:0x00000007 x27:0xfdaec400 x28=0xfdaec407
        7955000	       794	800002d4	6e077393	andi	x7,x14,1760	 x14:0x0561d1c7  x7=0x000000c0
        7965000	       795	800002d8	303ab513	sltiu	x10,x21,771	 x21:0x00000001 x10=0x00000001
        7975000	       796	800002dc	01719633	sll	x12,x3,x23	  x3:0xfdaec400 x23:0x00000000 x12=0xfdaec400
        7985000	       797	800002e0	40cbd313	srai	x6,x23,0xc	 x23:0x00000000  x6=0x00000000
        7995000	       798	800002e4	0165adb3	slt	x27,x11,x22	 x11:0x00000000 x22:0x00000001 x27=0x00000001
        8005000	       799	800002e8	00e152b3	srl	x5,x2,x14	  x2:0xfffff8b7 x14:0x0561d1c7  x5=0x01fffff1
        8015000	       800	800002ec	70177237	lui	x4,0x70177	  x4=0x70177000
        8025000	       801	800002f0	00000013	addi	x0,x0,0	  x0:0x00000000
        8035000	       802	800002f4	9d1f6193	ori	x3,x30,-1583	 x30:0x00000012  x3=0xfffff9d3
        8045000	       803	800002f8	02340a63	beq	x8,x3,8000032c	  x8:0xfffffff7  x3:0xfffff9d3
        8055000	       804	800002fc	006bdd13	srli	x26,x23,0x6	 x23:0x00000000 x26=0x00000000
        8065000	       805	80000300	01526533	or	x10,x4,x21	  x4:0x70177000 x21:0x00000001 x10=0x70177001
        8075000	       806	80000304	00953e33	sltu	x28,x10,x9	 x10:0x70177001  x9:0x00000007 x28=0x00000000
        8085000	       807	80000308	22afdb17	auipc	x22,0x22afd	 x22=0xa2afd304
        8095000	       808	8000030c	9f47e593	ori	x11,x15,-1548	 x15:0x3fff8000 x11=0xfffff9f4
        8105000	       809	80000310	01e21cb3	sll	x25,x4,x30	  x4:0x70177000 x30:0x00000012 x25=0xc0000000
        8115000	       810	80000314	02fc5863	bge	x24,x15,80000344	 x24:0x80009fc4 x15:0x3fff8000
        8125000	       811	80000318	00833813	sltiu	x16,x6,8	  x6:0x00000000 x16=0x00000001
        8135000	       812	8000031c	05b86463	bltu	x16,x27,80000364	 x16:0x00000001 x27:0x00000001
        8145000	       813	80000320	40bb5f93	srai	x31,x22,0xb	 x22:0xa2afd304 x31=0xfff455fa
        8155000	       814	80000324	410c09b3	sub	x19,x24,x16	 x24:0x80009fc4 x16:0x00000001 x19=0x80009fc3
        8165000	       815	80000328	01c1f033	and	x0,x3,x28	  x3:0xfffff9d3 x28:0x00000000
        8175000	       816	8000032c	00a0d733	srl	x14,x1,x10	  x1:0x0000003f x10:0x70177001 x14=0x0000001f
        8185000	       817	80000330	03276a63	bltu	x14,x18,80000364	 x14:0x0000001f x18:0x80000000
        8195000	       818	00000000	00000013	addi	x0,x0,0	  x0:0x00000000
        8205000	       819	80000360	00000013	addi	x0,x0,0	  x0:0x00000000
        8215000	       820	80000364	a8b72213	slti	x4,x14,-1397	 x14:0x0000001f  x4=0x00000000
        8225000	       821	80000368	a6400b13	addi	x22,x0,-1436	  x0:0x00000000 x22=0xfffffa64
        8235000	       822	8000036c	02e25863	bge	x4,x14,8000039c	  x4:0x00000000 x14:0x0000001f
        8245000	       823	80000370	47566f93	ori	x31,x12,1141	 x12:0xfdaec400 x31=0xfdaec475
        8255000	       824	80000374	01b45fb3	srl	x31,x8,x27	  x8:0xfffffff7 x27:0x00000001 x31=0x7ffffffb
        8265000	       825	80000378	d1b5bf93	sltiu	x31,x11,-741	 x11:0xfffff9f4 x31=0x00000001
        8275000	       826	8000037c	008fc3b3	xor	x7,x31,x8	 x31:0x00000001  x8:0xfffffff7  x7=0xfffffff6
        8285000	       827	80000380	b6f36313	ori	x6,x6,-1169	  x6:0x00000000  x6=0xfffffb6f
        8295000	       828	80000384	404cd333	sra	x6,x25,x4	 x25:0xc0000000  x4:0x00000000  x6=0xc0000000
        8305000	       829	80000388	3f8c7013	andi	x0,x24,1016	 x24:0x80009fc4
        8315000	       830	8000038c	b96ea213	slti	x4,x29,-1130	 x29:0xf78126cf  x4=0x00000001
        8325000	       831	80000390	01d95f33	srl	x30,x18,x29	 x18:0x80000000 x29:0xf78126cf x30=0x00010000
        8335000	       832	80000394	00398133	add	x2,x19,x3	 x19:0x80009fc3  x3:0xfffff9d3  x2=0x80009996
        8345000	       833	80000398	16588f93	addi	x31,x17,357	 x17:0xfffffff7 x31=0x0000015c
        8355000	       834	8000039c	018adcb3	srl	x25,x21,x24	 x21:0x00000001 x24:0x80009fc4 x25=0x00000000
        8365000	       835	800003a0	07db5c63	bge	x22,x29,80000418	 x22:0xfffffa64 x29:0xf78126cf
        8375000	       836	00000000	00000013	addi	x0,x0,0	  x0:0x00000000
        8385000	       837	80000414	00000013	addi	x0,x0,0	  x0:0x00000000
        8395000	       838	80000418	1dab0513	addi	x10,x22,474	 x22:0xfffffa64 x10=0xfffffc3e
        8405000	       839	8000041c	00a7d313	srli	x6,x15,0xa	 x15:0x3fff8000  x6=0x000fffe0
        8415000	       840	80000420	0092bbb3	sltu	x23,x5,x9	  x5:0x01fffff1  x9:0x00000007 x23=0x00000000
        8425000	       841	80000424	25ff2893	slti	x17,x30,607	 x30:0x00010000 x17=0x00000000
        8435000	       842	80000428	40d2d993	srai	x19,x5,0xd	  x5:0x01fffff1 x19=0x00000fff
        8445000	       843	8000042c	016167b3	or	x15,x2,x22	  x2:0x80009996 x22:0xfffffa64 x15=0xfffffbf6
        8455000	       844	80000430	ad25c393	xori	x7,x11,-1326	 x11:0xfffff9f4  x7=0x00000326
        8465000	       845	80000434	05d97063	bgeu	x18,x29,80000474	 x18:0x80000000 x29:0xf78126cf
        8475000	       846	80000438	405adfb3	sra	x31,x21,x5	 x21:0x00000001  x5:0x01fffff1 x31=0x00000000
        8485000	       847	8000043c	0533c063	blt	x7,x19,8000047c	  x7:0x00000326 x19:0x00000fff
        8495000	       848	00000000	00000013	addi	x0,x0,0	  x0:0x00000000
        8505000	       849	80000478	00000013	addi	x0,x0,0	  x0:0x00000000
        8515000	       850	8000047c	00dbea63	bltu	x23,x13,80000490	 x23:0x00000000 x13:0x0000000c
        8525000	       851	00000000	00000013	addi	x0,x0,0	  x0:0x00000000
        8535000	       852	8000048c	00000013	addi	x0,x0,0	  x0:0x00000000
        8545000	       853	80000490	006e6f33	or	x30,x28,x6	 x28:0x00000000  x6:0x000fffe0 x30=0x000fffe0
        8555000	       854	80000494	01818cb3	add	x25,x3,x24	  x3:0xfffff9d3 x24:0x80009fc4 x25=0x80009997
        8565000	       855	80000498	06d36313	ori	x6,x6,109	  x6:0x000fffe0  x6=0x000fffed
        8575000	       856	8000049c	00000e97	auipc	x29,0x0	 x29=0x80000498
        8585000	       857	800004a0	00ce8e93	addi	x29,x29,12	 x29:0x80000498 x29=0x800004a4
        8595000	       858	800004a4	000e8067	jalr	x0,x29,0	 x29:0x800004a4
        8605000	       859	00000000	00000013	addi	x0,x0,0	  x0:0x00000000
        8615000	       860	800004a4	00000013	addi	x0,x0,0	  x0:0x00000000
        8625000	       861	800004a8	00100193	addi	x3,x0,1	  x0:0x00000000  x3=0x00000001
        8635000	       862	800004ac	00000073	ecall	
        8645000	       863	800004b0	00954833	xor	x16,x10,x9	 x10:0xfffffc3e  x9:0x00000007 x16=0xfffffc39
