		Time			Cycle	PC		Insn	Decoded instruction	Register and memory contents
          65000	         5	80000004	00000293	addi	x5,x0,0	  x0:0x00000000  x5=0x00000000
          75000	         6	80000008	00000313	addi	x6,x0,0	  x0:0x00000000  x6=0x00000000
          85000	         7	8000000c	00628263	beq	x5,x6,80000010	  x5:0x00000000  x6:0x00000000
          95000	         8	00000000	00000013	addi	x0,x0,0	  x0:0x00000000
         105000	         9	8000000c	00000013	addi	x0,x0,0	  x0:0x00000000
         115000	        10	80000010	00000a17	auipc	x20,0x0	 x20=0x8000000c
         125000	        11	80000014	00ca0a13	addi	x20,x20,12	 x20:0x8000000c x20=0x80000018
         135000	        12	80000018	000a0067	jalr	x0,x20,0	 x20:0x80000018
         145000	        13	00000000	00000013	addi	x0,x0,0	  x0:0x00000000
         155000	        14	80000018	00000013	addi	x0,x0,0	  x0:0x00000000
         165000	        15	8000001c	40000f37	lui	x30,0x40000	 x30=0x40000000
         175000	        16	80000020	100f0f13	addi	x30,x30,256	 x30:0x40000000 x30=0x40000100
         185000	        17	80000024	00000013	addi	x0,x0,0	  x0:0x00000000
         195000	        18	80000028	0000a217	auipc	x4,0xa	  x4=0x8000a024
         205000	        19	8000002c	fa020213	addi	x4,x4,-96	  x4:0x8000a024  x4=0x80009fc4
         215000	        20	80000030	00004f17	auipc	x30,0x4	 x30=0x8000402c
         225000	        21	80000034	924f0f13	addi	x30,x30,-1756	 x30:0x8000402c x30=0x80003950
         235000	        22	80000038	001f6f13	ori	x30,x30,1	 x30:0x80003950 x30=0x80003951
         245000	        23	8000003c	00000013	addi	x0,x0,0	  x0:0x00000000
         255000	        24	80000040	00000f17	auipc	x30,0x0	 x30=0x8000003c
         265000	        25	80000044	020f0f13	addi	x30,x30,32	 x30:0x8000003c x30=0x8000005c
         275000	        26	80000048	00000013	addi	x0,x0,0	  x0:0x00000000
         285000	        27	8000004c	00000013	addi	x0,x0,0	  x0:0x00000000
         295000	        28	80000050	00002f37	lui	x30,0x2	 x30=0x00002000
         305000	        29	80000054	800f0f13	addi	x30,x30,-2048	 x30:0x00002000 x30=0x00001800
         315000	        30	80000058	00000013	addi	x0,x0,0	  x0:0x00000000
         325000	        31	8000005c	00000013	addi	x0,x0,0	  x0:0x00000000
         335000	        32	80000060	5ea4d037	lui	x0,0x5ea4d	
         345000	        33	80000064	08200013	addi	x0,x0,130	  x0:0x00000000
         355000	        34	80000068	800000b7	lui	x1,0x80000	  x1=0x80000000
         365000	        35	8000006c	78dc2137	lui	x2,0x78dc2	  x2=0x78dc2000
         375000	        36	80000070	00f10113	addi	x2,x2,15	  x2:0x78dc2000  x2=0x78dc200f
         385000	        37	80000074	00000193	addi	x3,x0,0	  x0:0x00000000  x3=0x00000000
         395000	        38	80000078	2f79d2b7	lui	x5,0x2f79d	  x5=0x2f79d000
         405000	        39	8000007c	85128293	addi	x5,x5,-1967	  x5:0x2f79d000  x5=0x2f79c851
         415000	        40	80000080	47931337	lui	x6,0x47931	  x6=0x47931000
         425000	        41	80000084	ef730313	addi	x6,x6,-265	  x6:0x47931000  x6=0x47930ef7
         435000	        42	80000088	f4d073b7	lui	x7,0xf4d07	  x7=0xf4d07000
         445000	        43	8000008c	f1838393	addi	x7,x7,-232	  x7:0xf4d07000  x7=0xf4d06f18
         455000	        44	80000090	fe3b84b7	lui	x9,0xfe3b8	  x9=0xfe3b8000
         465000	        45	80000094	11048493	addi	x9,x9,272	  x9:0xfe3b8000  x9=0xfe3b8110
         475000	        46	80000098	80000537	lui	x10,0x80000	 x10=0x80000000
         485000	        47	8000009c	800005b7	lui	x11,0x80000	 x11=0x80000000
         495000	        48	800000a0	3169a637	lui	x12,0x3169a	 x12=0x3169a000
         505000	        49	800000a4	5ac60613	addi	x12,x12,1452	 x12:0x3169a000 x12=0x3169a5ac
         515000	        50	800000a8	00900693	addi	x13,x0,9	  x0:0x00000000 x13=0x00000009
         525000	        51	800000ac	00700713	addi	x14,x0,7	  x0:0x00000000 x14=0x00000007
         535000	        52	800000b0	00800793	addi	x15,x0,8	  x0:0x00000000 x15=0x00000008
         545000	        53	800000b4	00000813	addi	x16,x0,0	  x0:0x00000000 x16=0x00000000
         555000	        54	800000b8	800008b7	lui	x17,0x80000	 x17=0x80000000
         565000	        55	800000bc	80000937	lui	x18,0x80000	 x18=0x80000000
         575000	        56	800000c0	fa8659b7	lui	x19,0xfa865	 x19=0xfa865000
         585000	        57	800000c4	9b298993	addi	x19,x19,-1614	 x19:0xfa865000 x19=0xfa8649b2
         595000	        58	800000c8	73bc0a37	lui	x20,0x73bc0	 x20=0x73bc0000
         605000	        59	800000cc	184a0a13	addi	x20,x20,388	 x20:0x73bc0000 x20=0x73bc0184
         615000	        60	800000d0	f97bcab7	lui	x21,0xf97bc	 x21=0xf97bc000
         625000	        61	800000d4	faaa8a93	addi	x21,x21,-86	 x21:0xf97bc000 x21=0xf97bbfaa
         635000	        62	800000d8	febf2b37	lui	x22,0xfebf2	 x22=0xfebf2000
         645000	        63	800000dc	902b0b13	addi	x22,x22,-1790	 x22:0xfebf2000 x22=0xfebf1902
         655000	        64	800000e0	00000b93	addi	x23,x0,0	  x0:0x00000000 x23=0x00000000
         665000	        65	800000e4	80000c37	lui	x24,0x80000	 x24=0x80000000
         675000	        66	800000e8	00000c93	addi	x25,x0,0	  x0:0x00000000 x25=0x00000000
         685000	        67	800000ec	80000d37	lui	x26,0x80000	 x26=0x80000000
         695000	        68	800000f0	fd057db7	lui	x27,0xfd057	 x27=0xfd057000
         705000	        69	800000f4	52cd8d93	addi	x27,x27,1324	 x27:0xfd057000 x27=0xfd05752c
         715000	        70	800000f8	00a00e13	addi	x28,x0,10	  x0:0x00000000 x28=0x0000000a
         725000	        71	800000fc	00000e93	addi	x29,x0,0	  x0:0x00000000 x29=0x00000000
         735000	        72	80000100	80000f37	lui	x30,0x80000	 x30=0x80000000
         745000	        73	80000104	00b00f93	addi	x31,x0,11	  x0:0x00000000 x31=0x0000000b
         755000	        74	80000108	0000a417	auipc	x8,0xa	  x8=0x8000a104
         765000	        75	8000010c	e8040413	addi	x8,x8,-384	  x8:0x8000a104  x8=0x80009f84
         775000	        76	80000110	00800893	addi	x17,x0,8	  x0:0x00000000 x17=0x00000008
         785000	        77	80000114	00500e13	addi	x28,x0,5	  x0:0x00000000 x28=0x00000005
         795000	        78	80000118	19baf513	andi	x10,x21,411	 x21:0xf97bbfaa x10=0x0000018a
         805000	        79	8000011c	27c28393	addi	x7,x5,636	  x5:0x2f79c851  x7=0x2f79cacd
         815000	        80	80000120	97cbcf17	auipc	x30,0x97cbc	 x30=0x17cbc11c
         825000	        81	80000124	e8f3bb97	auipc	x23,0xe8f3b	 x23=0x68f3b120
         835000	        82	80000128	fe2cb1b7	lui	x3,0xfe2cb	  x3=0xfe2cb000
         845000	        83	8000012c	ffd88893	addi	x17,x17,-3	 x17:0x00000008 x17=0x00000005
         855000	        84	80000130	5f76eb13	ori	x22,x13,1527	 x13:0x00000009 x22=0x000005ff
         865000	        85	80000134	ffc8f8e3	bgeu	x17,x28,80000124	 x17:0x00000005 x28:0x00000005
         875000	        86	00000000	00000013	addi	x0,x0,0	  x0:0x00000000
         885000	        87	80000120	00000013	addi	x0,x0,0	  x0:0x00000000
         895000	        88	80000124	e8f3bb97	auipc	x23,0xe8f3b	 x23=0x68f3b120
         905000	        89	80000128	fe2cb1b7	lui	x3,0xfe2cb	  x3=0xfe2cb000
         915000	        90	8000012c	ffd88893	addi	x17,x17,-3	 x17:0x00000005 x17=0x00000002
         925000	        91	80000130	5f76eb13	ori	x22,x13,1527	 x13:0x00000009 x22=0x000005ff
         935000	        92	80000134	ffc8f8e3	bgeu	x17,x28,80000124	 x17:0x00000002 x28:0x00000005
         945000	        93	80000138	013d82b3	add	x5,x27,x19	 x27:0xfd05752c x19:0xfa8649b2  x5=0xf78bbede
         955000	        94	8000013c	0029f333	and	x6,x19,x2	 x19:0xfa8649b2  x2:0x78dc200f  x6=0x78840002
         965000	        95	80000140	0253ea63	bltu	x7,x5,80000174	  x7:0x2f79cacd  x5:0xf78bbede
         975000	        96	00000000	00000013	addi	x0,x0,0	  x0:0x00000000
         985000	        97	80000170	00000013	addi	x0,x0,0	  x0:0x00000000
         995000	        98	80000174	00fc6ab3	or	x21,x24,x15	 x24:0x80000000 x15:0x00000008 x21=0x80000008
        1005000	        99	80000178	05e3f463	bgeu	x7,x30,800001c0	  x7:0x2f79cacd x30:0x17cbc11c
        1015000	       100	00000000	00000013	addi	x0,x0,0	  x0:0x00000000
        1025000	       101	800001bc	00000013	addi	x0,x0,0	  x0:0x00000000
        1035000	       102	800001c0	01f546b3	xor	x13,x10,x31	 x10:0x0000018a x31:0x0000000b x13=0x00000181
        1045000	       103	800001c4	72297493	andi	x9,x18,1826	 x18:0x80000000  x9=0x00000000
        1055000	       104	800001c8	010c7b33	and	x22,x24,x16	 x24:0x80000000 x16:0x00000000 x22=0x00000000
        1065000	       105	800001cc	01d86bb3	or	x23,x16,x29	 x16:0x00000000 x29:0x00000000 x23=0x00000000
        1075000	       106	800001d0	6b398b93	addi	x23,x19,1715	 x19:0xfa8649b2 x23=0xfa865065
        1085000	       107	800001d4	00d8fab3	and	x21,x17,x13	 x17:0x00000002 x13:0x00000181 x21=0x00000000
        1095000	       108	800001d8	00000013	addi	x0,x0,0	  x0:0x00000000
        1105000	       109	800001dc	01359c63	bne	x11,x19,800001f4	 x11:0x80000000 x19:0xfa8649b2
        1115000	       110	00000000	00000013	addi	x0,x0,0	  x0:0x00000000
        1125000	       111	800001f0	00000013	addi	x0,x0,0	  x0:0x00000000
        1135000	       112	800001f4	fedb3c93	sltiu	x25,x22,-19	 x22:0x00000000 x25=0x00000001
        1145000	       113	800001f8	00000a17	auipc	x20,0x0	 x20=0x800001f4
        1155000	       114	800001fc	00ca0a13	addi	x20,x20,12	 x20:0x800001f4 x20=0x80000200
        1165000	       115	80000200	000a0067	jalr	x0,x20,0	 x20:0x80000200
        1175000	       116	00000000	00000013	addi	x0,x0,0	  x0:0x00000000
        1185000	       117	80000200	00000013	addi	x0,x0,0	  x0:0x00000000
        1195000	       118	80000204	00100193	addi	x3,x0,1	  x0:0x00000000  x3=0x00000001
        1205000	       119	80000208	00000073	ecall	
        1215000	       120	8000020c	ae2e0493	addi	x9,x28,-1310	 x28:0x00000005  x9=0xfffffae7
