		Time			Cycle	PC		Insn	Decoded instruction	Register and memory contents
          65000	         5	80000004	00000293	addi	x5,x0,0	  x0:0x00000000  x5=0x00000000
          75000	         6	80000008	00000313	addi	x6,x0,0	  x0:0x00000000  x6=0x00000000
          85000	         7	8000000c	00628263	beq	x5,x6,80000010	  x5:0x00000000  x6:0x00000000
          95000	         8	00000000	00000013	addi	x0,x0,0	  x0:0x00000000
         105000	         9	8000000c	00000013	addi	x0,x0,0	  x0:0x00000000
         115000	        10	80000010	00000117	auipc	x2,0x0	  x2=0x8000000c
         125000	        11	80000014	00c10113	addi	x2,x2,12	  x2:0x8000000c  x2=0x80000018
         135000	        12	80000018	00010067	jalr	x0,x2,0	  x2:0x80000018
         145000	        13	00000000	00000013	addi	x0,x0,0	  x0:0x00000000
         155000	        14	80000018	00000013	addi	x0,x0,0	  x0:0x00000000
         165000	        15	8000001c	40000337	lui	x6,0x40000	  x6=0x40000000
         175000	        16	80000020	10030313	addi	x6,x6,256	  x6:0x40000000  x6=0x40000100
         185000	        17	80000024	00000013	addi	x0,x0,0	  x0:0x00000000
         195000	        18	80000028	0000a597	auipc	x11,0xa	 x11=0x8000a024
         205000	        19	8000002c	fa058593	addi	x11,x11,-96	 x11:0x8000a024 x11=0x80009fc4
         215000	        20	80000030	00003317	auipc	x6,0x3	  x6=0x8000302c
         225000	        21	80000034	77430313	addi	x6,x6,1908	  x6:0x8000302c  x6=0x800037a0
         235000	        22	80000038	00136313	ori	x6,x6,1	  x6:0x800037a0  x6=0x800037a1
         245000	        23	8000003c	00000013	addi	x0,x0,0	  x0:0x00000000
         255000	        24	80000040	00000317	auipc	x6,0x0	  x6=0x8000003c
         265000	        25	80000044	02030313	addi	x6,x6,32	  x6:0x8000003c  x6=0x8000005c
         275000	        26	80000048	00000013	addi	x0,x0,0	  x0:0x00000000
         285000	        27	8000004c	00000013	addi	x0,x0,0	  x0:0x00000000
         295000	        28	80000050	00002337	lui	x6,0x2	  x6=0x00002000
         305000	        29	80000054	80030313	addi	x6,x6,-2048	  x6:0x00002000  x6=0x00001800
         315000	        30	80000058	00000013	addi	x0,x0,0	  x0:0x00000000
         325000	        31	8000005c	00000013	addi	x0,x0,0	  x0:0x00000000
         335000	        32	80000060	00000013	addi	x0,x0,0	  x0:0x00000000
         345000	        33	80000064	5351d0b7	lui	x1,0x5351d	  x1=0x5351d000
         355000	        34	80000068	83308093	addi	x1,x1,-1997	  x1:0x5351d000  x1=0x5351c833
         365000	        35	8000006c	80000137	lui	x2,0x80000	  x2=0x80000000
         375000	        36	80000070	00700193	addi	x3,x0,7	  x0:0x00000000  x3=0x00000007
         385000	        37	80000074	80000237	lui	x4,0x80000	  x4=0x80000000
         395000	        38	80000078	00600293	addi	x5,x0,6	  x0:0x00000000  x5=0x00000006
         405000	        39	8000007c	00c00313	addi	x6,x0,12	  x0:0x00000000  x6=0x0000000c
         415000	        40	80000080	f4cc13b7	lui	x7,0xf4cc1	  x7=0xf4cc1000
         425000	        41	80000084	76d38393	addi	x7,x7,1901	  x7:0xf4cc1000  x7=0xf4cc176d
         435000	        42	80000088	00b00413	addi	x8,x0,11	  x0:0x00000000  x8=0x0000000b
         445000	        43	8000008c	00200513	addi	x10,x0,2	  x0:0x00000000 x10=0x00000002
         455000	        44	80000090	80000637	lui	x12,0x80000	 x12=0x80000000
         465000	        45	80000094	800006b7	lui	x13,0x80000	 x13=0x80000000
         475000	        46	80000098	00000713	addi	x14,x0,0	  x0:0x00000000 x14=0x00000000
         485000	        47	8000009c	ac3267b7	lui	x15,0xac326	 x15=0xac326000
         495000	        48	800000a0	70f78793	addi	x15,x15,1807	 x15:0xac326000 x15=0xac32670f
         505000	        49	800000a4	2f8e3837	lui	x16,0x2f8e3	 x16=0x2f8e3000
         515000	        50	800000a8	e6480813	addi	x16,x16,-412	 x16:0x2f8e3000 x16=0x2f8e2e64
         525000	        51	800000ac	00c00893	addi	x17,x0,12	  x0:0x00000000 x17=0x0000000c
         535000	        52	800000b0	00100913	addi	x18,x0,1	  x0:0x00000000 x18=0x00000001
         545000	        53	800000b4	f4f449b7	lui	x19,0xf4f44	 x19=0xf4f44000
         555000	        54	800000b8	a3c98993	addi	x19,x19,-1476	 x19:0xf4f44000 x19=0xf4f43a3c
         565000	        55	800000bc	fbdaba37	lui	x20,0xfbdab	 x20=0xfbdab000
         575000	        56	800000c0	91da0a13	addi	x20,x20,-1763	 x20:0xfbdab000 x20=0xfbdaa91d
         585000	        57	800000c4	c1ef1ab7	lui	x21,0xc1ef1	 x21=0xc1ef1000
         595000	        58	800000c8	bada8a93	addi	x21,x21,-1107	 x21:0xc1ef1000 x21=0xc1ef0bad
         605000	        59	800000cc	55fd6b37	lui	x22,0x55fd6	 x22=0x55fd6000
         615000	        60	800000d0	a01b0b13	addi	x22,x22,-1535	 x22:0x55fd6000 x22=0x55fd5a01
         625000	        61	800000d4	00e00b93	addi	x23,x0,14	  x0:0x00000000 x23=0x0000000e
         635000	        62	800000d8	80000c37	lui	x24,0x80000	 x24=0x80000000
         645000	        63	800000dc	00000c93	addi	x25,x0,0	  x0:0x00000000 x25=0x00000000
         655000	        64	800000e0	f8ed7d37	lui	x26,0xf8ed7	 x26=0xf8ed7000
         665000	        65	800000e4	b42d0d13	addi	x26,x26,-1214	 x26:0xf8ed7000 x26=0xf8ed6b42
         675000	        66	800000e8	00000d93	addi	x27,x0,0	  x0:0x00000000 x27=0x00000000
         685000	        67	800000ec	fdec0e37	lui	x28,0xfdec0	 x28=0xfdec0000
         695000	        68	800000f0	514e0e13	addi	x28,x28,1300	 x28:0xfdec0000 x28=0xfdec0514
         705000	        69	800000f4	80000eb7	lui	x29,0x80000	 x29=0x80000000
         715000	        70	800000f8	00000f13	addi	x30,x0,0	  x0:0x00000000 x30=0x00000000
         725000	        71	800000fc	f7d48fb7	lui	x31,0xf7d48	 x31=0xf7d48000
         735000	        72	80000100	503f8f93	addi	x31,x31,1283	 x31:0xf7d48000 x31=0xf7d48503
         745000	        73	80000104	0000a497	auipc	x9,0xa	  x9=0x8000a100
         755000	        74	80000108	e8448493	addi	x9,x9,-380	  x9:0x8000a100  x9=0x80009f84
         765000	        75	8000010c	f8cceb13	ori	x22,x25,-116	 x25:0x00000000 x22=0xffffff8c
         775000	        76	80000110	00b09e13	slli	x28,x1,0xb	  x1:0x5351c833 x28=0x8e419800
         785000	        77	80000114	003a08b3	add	x17,x20,x3	 x20:0xfbdaa91d  x3:0x00000007 x17=0xfbdaa924
         795000	        78	80000118	40c380b3	sub	x1,x7,x12	  x7:0xf4cc176d x12:0x80000000  x1=0x74cc176d
         805000	        79	8000011c	00000f97	auipc	x31,0x0	 x31=0x80000118
         815000	        80	80000120	5bcf8f93	addi	x31,x31,1468	 x31:0x80000118 x31=0x800006d4
         825000	        81	80000124	01a7eb33	or	x22,x15,x26	 x15:0xac32670f x26:0xf8ed6b42 x22=0xfcff6f4f
         835000	        82	80000128	c61f8f93	addi	x31,x31,-927	 x31:0x800006d4 x31=0x80000335
         845000	        83	8000012c	00000013	addi	x0,x0,0	  x0:0x00000000
         855000	        84	80000130	008b8eb3	add	x29,x23,x8	 x23:0x0000000e  x8:0x0000000b x29=0x00000019
         865000	        85	80000134	00000013	addi	x0,x0,0	  x0:0x00000000
         875000	        86	80000138	00d387b3	add	x15,x7,x13	  x7:0xf4cc176d x13:0x80000000 x15=0x74cc176d
         885000	        87	8000013c	d72e8193	addi	x3,x29,-654	 x29:0x00000019  x3=0xfffffd8b
         895000	        88	80000140	3a0f8ee7	jalr	x29,x31,928	 x31:0x80000335 x29=0x80000140
         905000	        89	00000000	00000013	addi	x0,x0,0	  x0:0x00000000
         915000	        90	800006d4	00000013	addi	x0,x0,0	  x0:0x00000000
         925000	        91	800006d8	00167663	bgeu	x12,x1,800006e4	 x12:0x80000000  x1:0x74cc176d
         935000	        92	00000000	00000013	addi	x0,x0,0	  x0:0x00000000
         945000	        93	800006e0	00000013	addi	x0,x0,0	  x0:0x00000000
         955000	        94	800006e4	fd848493	addi	x9,x9,-40	  x9:0x80009f84  x9=0x80009f5c
         965000	        95	800006e8	4123de13	srai	x28,x7,0x12	  x7:0xf4cc176d x28=0xfffffd33
         975000	        96	800006ec	74677793	andi	x15,x14,1862	 x14:0x00000000 x15=0x00000000
         985000	        97	800006f0	01d4a223	sw	x29,4(x9)	  x9:0x80009f5c x29:0x80000140 PA:0x80009f60
         995000	        98	800006f4	01655993	srli	x19,x10,0x16	 x10:0x00000002 x19=0x00000000
        1005000	        99	800006f8	00400793	addi	x15,x0,4	  x0:0x00000000 x15=0x00000004
        1015000	       100	800006fc	5262ea93	ori	x21,x5,1318	  x5:0x00000006 x21=0x00000526
        1025000	       101	80000700	1b02a297	auipc	x5,0x1b02a	  x5=0x9b02a6fc
        1035000	       102	80000704	026bcf13	xori	x30,x23,38	 x23:0x0000000e x30=0x00000028
        1045000	       103	80000708	ee73fd93	andi	x27,x7,-281	  x7:0xf4cc176d x27=0xf4cc1665
        1055000	       104	8000070c	41d15233	sra	x4,x2,x29	  x2:0x80000000 x29:0x80000140  x4=0x80000000
        1065000	       105	80000710	41435693	srai	x13,x6,0x14	  x6:0x0000000c x13=0x00000000
        1075000	       106	80000714	00800e13	addi	x28,x0,8	  x0:0x00000000 x28=0x00000008
        1085000	       107	80000718	00cfd813	srli	x16,x31,0xc	 x31:0x80000335 x16=0x00080000
        1095000	       108	8000071c	7676ad97	auipc	x27,0x7676a	 x27=0xf676a718
        1105000	       109	80000720	00278793	addi	x15,x15,2	 x15:0x00000004 x15=0x00000006
        1115000	       110	80000724	01beb0b3	sltu	x1,x29,x27	 x29:0x80000140 x27:0xf676a718  x1=0x00000001
        1125000	       111	80000728	008f1b93	slli	x23,x30,0x8	 x30:0x00000028 x23=0x00002800
        1135000	       112	8000072c	01c49c93	slli	x25,x9,0x1c	  x9:0x80009f5c x25=0xc0000000
        1145000	       113	80000730	01495733	srl	x14,x18,x20	 x18:0x00000001 x20:0xfbdaa91d x14=0x00000000
        1155000	       114	80000734	ffc784e3	beq	x15,x28,8000071c	 x15:0x00000006 x28:0x00000008
        1165000	       115	80000738	4073d813	srai	x16,x7,0x7	  x7:0xf4cc176d x16=0xffe9982e
        1175000	       116	8000073c	00200913	addi	x18,x0,2	  x0:0x00000000 x18=0x00000002
        1185000	       117	80000740	014bbe33	sltu	x28,x23,x20	 x23:0x00002800 x20:0xfbdaa91d x28=0x00000001
        1195000	       118	80000744	01100b93	addi	x23,x0,17	  x0:0x00000000 x23=0x00000011
        1205000	       119	80000748	012ac3b3	xor	x7,x21,x18	 x21:0x00000526 x18:0x00000002  x7=0x00000524
        1215000	       120	8000074c	01109633	sll	x12,x1,x17	  x1:0x00000001 x17:0xfbdaa924 x12=0x00000010
        1225000	       121	80000750	00490913	addi	x18,x18,4	 x18:0x00000002 x18=0x00000006
        1235000	       122	80000754	00200793	addi	x15,x0,2	  x0:0x00000000 x15=0x00000002
        1245000	       123	80000758	00c00293	addi	x5,x0,12	  x0:0x00000000  x5=0x0000000c
        1255000	       124	8000075c	01b74733	xor	x14,x14,x27	 x14:0x00000000 x27:0xf676a718 x14=0xf676a718
        1265000	       125	80000760	01a18733	add	x14,x3,x26	  x3:0xfffffd8b x26:0xf8ed6b42 x14=0xf8ed68cd
        1275000	       126	80000764	008ed893	srli	x17,x29,0x8	 x29:0x80000140 x17=0x00800001
        1285000	       127	80000768	00978793	addi	x15,x15,9	 x15:0x00000002 x15=0x0000000b
        1295000	       128	8000076c	fe57cae3	blt	x15,x5,80000760	 x15:0x0000000b  x5:0x0000000c
        1305000	       129	00000000	00000013	addi	x0,x0,0	  x0:0x00000000
        1315000	       130	8000075c	00000013	addi	x0,x0,0	  x0:0x00000000
        1325000	       131	80000760	01a18733	add	x14,x3,x26	  x3:0xfffffd8b x26:0xf8ed6b42 x14=0xf8ed68cd
        1335000	       132	80000764	008ed893	srli	x17,x29,0x8	 x29:0x80000140 x17=0x00800001
        1345000	       133	80000768	00978793	addi	x15,x15,9	 x15:0x0000000b x15=0x00000014
        1355000	       134	8000076c	fe57cae3	blt	x15,x5,80000760	 x15:0x00000014  x5:0x0000000c
        1365000	       135	80000770	e808ac13	slti	x24,x17,-384	 x17:0x00800001 x24=0x00000000
        1375000	       136	80000774	fd796ae3	bltu	x18,x23,80000748	 x18:0x00000006 x23:0x00000011
        1385000	       137	00000000	00000013	addi	x0,x0,0	  x0:0x00000000
        1395000	       138	80000744	00000013	addi	x0,x0,0	  x0:0x00000000
        1405000	       139	80000748	012ac3b3	xor	x7,x21,x18	 x21:0x00000526 x18:0x00000006  x7=0x00000520
        1415000	       140	8000074c	01109633	sll	x12,x1,x17	  x1:0x00000001 x17:0x00800001 x12=0x00000002
        1425000	       141	80000750	00490913	addi	x18,x18,4	 x18:0x00000006 x18=0x0000000a
        1435000	       142	80000754	00200793	addi	x15,x0,2	  x0:0x00000000 x15=0x00000002
        1445000	       143	80000758	00c00293	addi	x5,x0,12	  x0:0x00000000  x5=0x0000000c
        1455000	       144	8000075c	01b74733	xor	x14,x14,x27	 x14:0xf8ed68cd x27:0xf676a718 x14=0x0e9bcfd5
        1465000	       145	80000760	01a18733	add	x14,x3,x26	  x3:0xfffffd8b x26:0xf8ed6b42 x14=0xf8ed68cd
        1475000	       146	80000764	008ed893	srli	x17,x29,0x8	 x29:0x80000140 x17=0x00800001
        1485000	       147	80000768	00978793	addi	x15,x15,9	 x15:0x00000002 x15=0x0000000b
        1495000	       148	8000076c	fe57cae3	blt	x15,x5,80000760	 x15:0x0000000b  x5:0x0000000c
        1505000	       149	00000000	00000013	addi	x0,x0,0	  x0:0x00000000
        1515000	       150	8000075c	00000013	addi	x0,x0,0	  x0:0x00000000
        1525000	       151	80000760	01a18733	add	x14,x3,x26	  x3:0xfffffd8b x26:0xf8ed6b42 x14=0xf8ed68cd
        1535000	       152	80000764	008ed893	srli	x17,x29,0x8	 x29:0x80000140 x17=0x00800001
        1545000	       153	80000768	00978793	addi	x15,x15,9	 x15:0x0000000b x15=0x00000014
        1555000	       154	8000076c	fe57cae3	blt	x15,x5,80000760	 x15:0x00000014  x5:0x0000000c
        1565000	       155	80000770	e808ac13	slti	x24,x17,-384	 x17:0x00800001 x24=0x00000000
        1575000	       156	80000774	fd796ae3	bltu	x18,x23,80000748	 x18:0x0000000a x23:0x00000011
        1585000	       157	00000000	00000013	addi	x0,x0,0	  x0:0x00000000
        1595000	       158	80000744	00000013	addi	x0,x0,0	  x0:0x00000000
        1605000	       159	80000748	012ac3b3	xor	x7,x21,x18	 x21:0x00000526 x18:0x0000000a  x7=0x0000052c
        1615000	       160	8000074c	01109633	sll	x12,x1,x17	  x1:0x00000001 x17:0x00800001 x12=0x00000002
        1625000	       161	80000750	00490913	addi	x18,x18,4	 x18:0x0000000a x18=0x0000000e
        1635000	       162	80000754	00200793	addi	x15,x0,2	  x0:0x00000000 x15=0x00000002
        1645000	       163	80000758	00c00293	addi	x5,x0,12	  x0:0x00000000  x5=0x0000000c
        1655000	       164	8000075c	01b74733	xor	x14,x14,x27	 x14:0xf8ed68cd x27:0xf676a718 x14=0x0e9bcfd5
        1665000	       165	80000760	01a18733	add	x14,x3,x26	  x3:0xfffffd8b x26:0xf8ed6b42 x14=0xf8ed68cd
        1675000	       166	80000764	008ed893	srli	x17,x29,0x8	 x29:0x80000140 x17=0x00800001
        1685000	       167	80000768	00978793	addi	x15,x15,9	 x15:0x00000002 x15=0x0000000b
        1695000	       168	8000076c	fe57cae3	blt	x15,x5,80000760	 x15:0x0000000b  x5:0x0000000c
        1705000	       169	00000000	00000013	addi	x0,x0,0	  x0:0x00000000
        1715000	       170	8000075c	00000013	addi	x0,x0,0	  x0:0x00000000
        1725000	       171	80000760	01a18733	add	x14,x3,x26	  x3:0xfffffd8b x26:0xf8ed6b42 x14=0xf8ed68cd
        1735000	       172	80000764	008ed893	srli	x17,x29,0x8	 x29:0x80000140 x17=0x00800001
        1745000	       173	80000768	00978793	addi	x15,x15,9	 x15:0x0000000b x15=0x00000014
        1755000	       174	8000076c	fe57cae3	blt	x15,x5,80000760	 x15:0x00000014  x5:0x0000000c
        1765000	       175	80000770	e808ac13	slti	x24,x17,-384	 x17:0x00800001 x24=0x00000000
        1775000	       176	80000774	fd796ae3	bltu	x18,x23,80000748	 x18:0x0000000e x23:0x00000011
        1785000	       177	00000000	00000013	addi	x0,x0,0	  x0:0x00000000
        1795000	       178	80000744	00000013	addi	x0,x0,0	  x0:0x00000000
        1805000	       179	80000748	012ac3b3	xor	x7,x21,x18	 x21:0x00000526 x18:0x0000000e  x7=0x00000528
        1815000	       180	8000074c	01109633	sll	x12,x1,x17	  x1:0x00000001 x17:0x00800001 x12=0x00000002
        1825000	       181	80000750	00490913	addi	x18,x18,4	 x18:0x0000000e x18=0x00000012
        1835000	       182	80000754	00200793	addi	x15,x0,2	  x0:0x00000000 x15=0x00000002
        1845000	       183	80000758	00c00293	addi	x5,x0,12	  x0:0x00000000  x5=0x0000000c
        1855000	       184	8000075c	01b74733	xor	x14,x14,x27	 x14:0xf8ed68cd x27:0xf676a718 x14=0x0e9bcfd5
        1865000	       185	80000760	01a18733	add	x14,x3,x26	  x3:0xfffffd8b x26:0xf8ed6b42 x14=0xf8ed68cd
        1875000	       186	80000764	008ed893	srli	x17,x29,0x8	 x29:0x80000140 x17=0x00800001
        1885000	       187	80000768	00978793	addi	x15,x15,9	 x15:0x00000002 x15=0x0000000b
        1895000	       188	8000076c	fe57cae3	blt	x15,x5,80000760	 x15:0x0000000b  x5:0x0000000c
        1905000	       189	00000000	00000013	addi	x0,x0,0	  x0:0x00000000
        1915000	       190	8000075c	00000013	addi	x0,x0,0	  x0:0x00000000
        1925000	       191	80000760	01a18733	add	x14,x3,x26	  x3:0xfffffd8b x26:0xf8ed6b42 x14=0xf8ed68cd
        1935000	       192	80000764	008ed893	srli	x17,x29,0x8	 x29:0x80000140 x17=0x00800001
        1945000	       193	80000768	00978793	addi	x15,x15,9	 x15:0x0000000b x15=0x00000014
        1955000	       194	8000076c	fe57cae3	blt	x15,x5,80000760	 x15:0x00000014  x5:0x0000000c
        1965000	       195	80000770	e808ac13	slti	x24,x17,-384	 x17:0x00800001 x24=0x00000000
        1975000	       196	80000774	fd796ae3	bltu	x18,x23,80000748	 x18:0x00000012 x23:0x00000011
        1985000	       197	80000778	41f70033	sub	x0,x14,x31	 x14:0xf8ed68cd x31:0x80000335
        1995000	       198	8000077c	00800d13	addi	x26,x0,8	  x0:0x00000000 x26=0x00000008
        2005000	       199	80000780	40445893	srai	x17,x8,0x4	  x8:0x0000000b x17=0x00000000
        2015000	       200	80000784	996f4297	auipc	x5,0x996f4	  x5=0x196f4780
        2025000	       201	80000788	ff000313	addi	x6,x0,-16	  x0:0x00000000  x6=0xfffffff0
        2035000	       202	8000078c	010c43b3	xor	x7,x24,x16	 x24:0x00000000 x16:0xffe9982e  x7=0xffe9982e
        2045000	       203	80000790	1d4a7d93	andi	x27,x20,468	 x20:0xfbdaa91d x27=0x00000114
        2055000	       204	80000794	7d4e6293	ori	x5,x28,2004	 x28:0x00000001  x5=0x000007d5
        2065000	       205	80000798	00000013	addi	x0,x0,0	  x0:0x00000000
        2075000	       206	8000079c	00e81ab3	sll	x21,x16,x14	 x16:0xffe9982e x14:0xf8ed68cd x21=0x3305c000
        2085000	       207	800007a0	ffbd0d13	addi	x26,x26,-5	 x26:0x00000008 x26=0x00000003
        2095000	       208	800007a4	9a94a693	slti	x13,x9,-1623	  x9:0x80009f5c x13=0x00000001
        2105000	       209	800007a8	001cb2b3	sltu	x5,x25,x1	 x25:0xc0000000  x1:0x00000001  x5=0x00000000
        2115000	       210	800007ac	00800613	addi	x12,x0,8	  x0:0x00000000 x12=0x00000008
        2125000	       211	800007b0	01100813	addi	x16,x0,17	  x0:0x00000000 x16=0x00000011
        2135000	       212	800007b4	62bdcb93	xori	x23,x27,1579	 x27:0x00000114 x23=0x0000073f
        2145000	       213	800007b8	006ea6b3	slt	x13,x29,x6	 x29:0x80000140  x6:0xfffffff0 x13=0x00000001
        2155000	       214	800007bc	0081c733	xor	x14,x3,x8	  x3:0xfffffd8b  x8:0x0000000b x14=0xfffffd80
        2165000	       215	800007c0	00960613	addi	x12,x12,9	 x12:0x00000008 x12=0x00000011
        2175000	       216	800007c4	d6710897	auipc	x17,0xd6710	 x17=0x567107c0
        2185000	       217	800007c8	79ef3a93	sltiu	x21,x30,1950	 x30:0x00000028 x21=0x00000001
        2195000	       218	800007cc	ff0616e3	bne	x12,x16,800007b8	 x12:0x00000011 x16:0x00000011
        2205000	       219	800007d0	012a9cb3	sll	x25,x21,x18	 x21:0x00000001 x18:0x00000012 x25=0x00040000
        2215000	       220	800007d4	fc6d50e3	bge	x26,x6,80000794	 x26:0x00000003  x6:0xfffffff0
        2225000	       221	00000000	00000013	addi	x0,x0,0	  x0:0x00000000
        2235000	       222	80000790	00000013	addi	x0,x0,0	  x0:0x00000000
        2245000	       223	80000794	7d4e6293	ori	x5,x28,2004	 x28:0x00000001  x5=0x000007d5
        2255000	       224	80000798	00000013	addi	x0,x0,0	  x0:0x00000000
        2265000	       225	8000079c	00e81ab3	sll	x21,x16,x14	 x16:0x00000011 x14:0xfffffd80 x21=0x00000011
        2275000	       226	800007a0	ffbd0d13	addi	x26,x26,-5	 x26:0x00000003 x26=0xfffffffe
        2285000	       227	800007a4	9a94a693	slti	x13,x9,-1623	  x9:0x80009f5c x13=0x00000001
        2295000	       228	800007a8	001cb2b3	sltu	x5,x25,x1	 x25:0x00040000  x1:0x00000001  x5=0x00000000
        2305000	       229	800007ac	00800613	addi	x12,x0,8	  x0:0x00000000 x12=0x00000008
        2315000	       230	800007b0	01100813	addi	x16,x0,17	  x0:0x00000000 x16=0x00000011
        2325000	       231	800007b4	62bdcb93	xori	x23,x27,1579	 x27:0x00000114 x23=0x0000073f
        2335000	       232	800007b8	006ea6b3	slt	x13,x29,x6	 x29:0x80000140  x6:0xfffffff0 x13=0x00000001
        2345000	       233	800007bc	0081c733	xor	x14,x3,x8	  x3:0xfffffd8b  x8:0x0000000b x14=0xfffffd80
        2355000	       234	800007c0	00960613	addi	x12,x12,9	 x12:0x00000008 x12=0x00000011
        2365000	       235	800007c4	d6710897	auipc	x17,0xd6710	 x17=0x567107c0
        2375000	       236	800007c8	79ef3a93	sltiu	x21,x30,1950	 x30:0x00000028 x21=0x00000001
        2385000	       237	800007cc	ff0616e3	bne	x12,x16,800007b8	 x12:0x00000011 x16:0x00000011
        2395000	       238	800007d0	012a9cb3	sll	x25,x21,x18	 x21:0x00000001 x18:0x00000012 x25=0x00040000
        2405000	       239	800007d4	fc6d50e3	bge	x26,x6,80000794	 x26:0xfffffffe  x6:0xfffffff0
        2415000	       240	00000000	00000013	addi	x0,x0,0	  x0:0x00000000
        2425000	       241	80000790	00000013	addi	x0,x0,0	  x0:0x00000000
        2435000	       242	80000794	7d4e6293	ori	x5,x28,2004	 x28:0x00000001  x5=0x000007d5
        2445000	       243	80000798	00000013	addi	x0,x0,0	  x0:0x00000000
        2455000	       244	8000079c	00e81ab3	sll	x21,x16,x14	 x16:0x00000011 x14:0xfffffd80 x21=0x00000011
        2465000	       245	800007a0	ffbd0d13	addi	x26,x26,-5	 x26:0xfffffffe x26=0xfffffff9
        2475000	       246	800007a4	9a94a693	slti	x13,x9,-1623	  x9:0x80009f5c x13=0x00000001
        2485000	       247	800007a8	001cb2b3	sltu	x5,x25,x1	 x25:0x00040000  x1:0x00000001  x5=0x00000000
        2495000	       248	800007ac	00800613	addi	x12,x0,8	  x0:0x00000000 x12=0x00000008
        2505000	       249	800007b0	01100813	addi	x16,x0,17	  x0:0x00000000 x16=0x00000011
        2515000	       250	800007b4	62bdcb93	xori	x23,x27,1579	 x27:0x00000114 x23=0x0000073f
        2525000	       251	800007b8	006ea6b3	slt	x13,x29,x6	 x29:0x80000140  x6:0xfffffff0 x13=0x00000001
        2535000	       252	800007bc	0081c733	xor	x14,x3,x8	  x3:0xfffffd8b  x8:0x0000000b x14=0xfffffd80
        2545000	       253	800007c0	00960613	addi	x12,x12,9	 x12:0x00000008 x12=0x00000011
        2555000	       254	800007c4	d6710897	auipc	x17,0xd6710	 x17=0x567107c0
        2565000	       255	800007c8	79ef3a93	sltiu	x21,x30,1950	 x30:0x00000028 x21=0x00000001
        2575000	       256	800007cc	ff0616e3	bne	x12,x16,800007b8	 x12:0x00000011 x16:0x00000011
        2585000	       257	800007d0	012a9cb3	sll	x25,x21,x18	 x21:0x00000001 x18:0x00000012 x25=0x00040000
        2595000	       258	800007d4	fc6d50e3	bge	x26,x6,80000794	 x26:0xfffffff9  x6:0xfffffff0
        2605000	       259	00000000	00000013	addi	x0,x0,0	  x0:0x00000000
        2615000	       260	80000790	00000013	addi	x0,x0,0	  x0:0x00000000
        2625000	       261	80000794	7d4e6293	ori	x5,x28,2004	 x28:0x00000001  x5=0x000007d5
        2635000	       262	80000798	00000013	addi	x0,x0,0	  x0:0x00000000
        2645000	       263	8000079c	00e81ab3	sll	x21,x16,x14	 x16:0x00000011 x14:0xfffffd80 x21=0x00000011
        2655000	       264	800007a0	ffbd0d13	addi	x26,x26,-5	 x26:0xfffffff9 x26=0xfffffff4
        2665000	       265	800007a4	9a94a693	slti	x13,x9,-1623	  x9:0x80009f5c x13=0x00000001
        2675000	       266	800007a8	001cb2b3	sltu	x5,x25,x1	 x25:0x00040000  x1:0x00000001  x5=0x00000000
        2685000	       267	800007ac	00800613	addi	x12,x0,8	  x0:0x00000000 x12=0x00000008
        2695000	       268	800007b0	01100813	addi	x16,x0,17	  x0:0x00000000 x16=0x00000011
        2705000	       269	800007b4	62bdcb93	xori	x23,x27,1579	 x27:0x00000114 x23=0x0000073f
        2715000	       270	800007b8	006ea6b3	slt	x13,x29,x6	 x29:0x80000140  x6:0xfffffff0 x13=0x00000001
        2725000	       271	800007bc	0081c733	xor	x14,x3,x8	  x3:0xfffffd8b  x8:0x0000000b x14=0xfffffd80
        2735000	       272	800007c0	00960613	addi	x12,x12,9	 x12:0x00000008 x12=0x00000011
        2745000	       273	800007c4	d6710897	auipc	x17,0xd6710	 x17=0x567107c0
        2755000	       274	800007c8	79ef3a93	sltiu	x21,x30,1950	 x30:0x00000028 x21=0x00000001
        2765000	       275	800007cc	ff0616e3	bne	x12,x16,800007b8	 x12:0x00000011 x16:0x00000011
        2775000	       276	800007d0	012a9cb3	sll	x25,x21,x18	 x21:0x00000001 x18:0x00000012 x25=0x00040000
        2785000	       277	800007d4	fc6d50e3	bge	x26,x6,80000794	 x26:0xfffffff4  x6:0xfffffff0
        2795000	       278	00000000	00000013	addi	x0,x0,0	  x0:0x00000000
        2805000	       279	80000790	00000013	addi	x0,x0,0	  x0:0x00000000
        2815000	       280	80000794	7d4e6293	ori	x5,x28,2004	 x28:0x00000001  x5=0x000007d5
        2825000	       281	80000798	00000013	addi	x0,x0,0	  x0:0x00000000
        2835000	       282	8000079c	00e81ab3	sll	x21,x16,x14	 x16:0x00000011 x14:0xfffffd80 x21=0x00000011
        2845000	       283	800007a0	ffbd0d13	addi	x26,x26,-5	 x26:0xfffffff4 x26=0xffffffef
        2855000	       284	800007a4	9a94a693	slti	x13,x9,-1623	  x9:0x80009f5c x13=0x00000001
        2865000	       285	800007a8	001cb2b3	sltu	x5,x25,x1	 x25:0x00040000  x1:0x00000001  x5=0x00000000
        2875000	       286	800007ac	00800613	addi	x12,x0,8	  x0:0x00000000 x12=0x00000008
        2885000	       287	800007b0	01100813	addi	x16,x0,17	  x0:0x00000000 x16=0x00000011
        2895000	       288	800007b4	62bdcb93	xori	x23,x27,1579	 x27:0x00000114 x23=0x0000073f
        2905000	       289	800007b8	006ea6b3	slt	x13,x29,x6	 x29:0x80000140  x6:0xfffffff0 x13=0x00000001
        2915000	       290	800007bc	0081c733	xor	x14,x3,x8	  x3:0xfffffd8b  x8:0x0000000b x14=0xfffffd80
        2925000	       291	800007c0	00960613	addi	x12,x12,9	 x12:0x00000008 x12=0x00000011
        2935000	       292	800007c4	d6710897	auipc	x17,0xd6710	 x17=0x567107c0
        2945000	       293	800007c8	79ef3a93	sltiu	x21,x30,1950	 x30:0x00000028 x21=0x00000001
        2955000	       294	800007cc	ff0616e3	bne	x12,x16,800007b8	 x12:0x00000011 x16:0x00000011
        2965000	       295	800007d0	012a9cb3	sll	x25,x21,x18	 x21:0x00000001 x18:0x00000012 x25=0x00040000
        2975000	       296	800007d4	fc6d50e3	bge	x26,x6,80000794	 x26:0xffffffef  x6:0xfffffff0
        2985000	       297	800007d8	0142b933	sltu	x18,x5,x20	  x5:0x00000000 x20:0xfbdaa91d x18=0x00000001
        2995000	       298	800007dc	00400813	addi	x16,x0,4	  x0:0x00000000 x16=0x00000004
        3005000	       299	800007e0	40400333	sub	x6,x0,x4	  x0:0x00000000  x4:0x80000000  x6=0x80000000
        3015000	       300	800007e4	2835ef13	ori	x30,x11,643	 x11:0x80009fc4 x30=0x80009fc7
        3025000	       301	800007e8	00300293	addi	x5,x0,3	  x0:0x00000000  x5=0x00000003
        3035000	       302	800007ec	402a53b3	sra	x7,x20,x2	 x20:0xfbdaa91d  x2:0x80000000  x7=0xfbdaa91d
        3045000	       303	800007f0	79de4913	xori	x18,x28,1949	 x28:0x00000001 x18=0x0000079c
        3055000	       304	800007f4	01c61a33	sll	x20,x12,x28	 x12:0x00000011 x28:0x00000001 x20=0x00000022
        3065000	       305	800007f8	00000013	addi	x0,x0,0	  x0:0x00000000
        3075000	       306	800007fc	00000013	addi	x0,x0,0	  x0:0x00000000
        3085000	       307	80000800	01011db3	sll	x27,x2,x16	  x2:0x80000000 x16:0x00000004 x27=0x00000000
        3095000	       308	80000804	27f37c13	andi	x24,x6,639	  x6:0x80000000 x24=0x00000000
        3105000	       309	80000808	4099dcb3	sra	x25,x19,x9	 x19:0x00000000  x9:0x80009f5c x25=0x00000000
        3115000	       310	8000080c	ffc80813	addi	x16,x16,-4	 x16:0x00000004 x16=0x00000000
        3125000	       311	80000810	00c70933	add	x18,x14,x12	 x14:0xfffffd80 x12:0x00000011 x18=0xfffffd91
        3135000	       312	80000814	0153d393	srli	x7,x7,0x15	  x7:0xfbdaa91d  x7=0x000007de
        3145000	       313	80000818	299aff13	andi	x30,x21,665	 x21:0x00000001 x30=0x00000001
        3155000	       314	8000081c	ffe00b93	addi	x23,x0,-2	  x0:0x00000000 x23=0xfffffffe
        3165000	       315	80000820	018c1513	slli	x10,x24,0x18	 x24:0x00000000 x10=0x00000000
        3175000	       316	80000824	00e00713	addi	x14,x0,14	  x0:0x00000000 x14=0x0000000e
        3185000	       317	80000828	01a853b3	srl	x7,x16,x26	 x16:0x00000000 x26:0xffffffef  x7=0x00000000
        3195000	       318	8000082c	19c6c413	xori	x8,x13,412	 x13:0x00000001  x8=0x0000019d
        3205000	       319	80000830	82e4b513	sltiu	x10,x9,-2002	  x9:0x80009f5c x10=0x00000001
        3215000	       320	80000834	a628c613	xori	x12,x17,-1438	 x17:0x567107c0 x12=0xa98efda2
        3225000	       321	80000838	fbc2ad93	slti	x27,x5,-68	  x5:0x00000003 x27=0x00000000
        3235000	       322	8000083c	004b8b93	addi	x23,x23,4	 x23:0xfffffffe x23=0x00000002
        3245000	       323	80000840	40c45693	srai	x13,x8,0xc	  x8:0x0000019d x13=0x00000000
        3255000	       324	80000844	feeb88e3	beq	x23,x14,80000834	 x23:0x00000002 x14:0x0000000e
        3265000	       325	80000848	015aa3b3	slt	x7,x21,x21	 x21:0x00000001 x21:0x00000001  x7=0x00000000
        3275000	       326	8000084c	1435ab17	auipc	x22,0x1435a	 x22=0x9435a848
        3285000	       327	80000850	fa5856e3	bge	x16,x5,800007fc	 x16:0x00000000  x5:0x00000003
        3295000	       328	80000854	1fffd037	lui	x0,0x1fffd	
        3305000	       329	80000858	00a00693	addi	x13,x0,10	  x0:0x00000000 x13=0x0000000a
        3315000	       330	8000085c	00a00d93	addi	x27,x0,10	  x0:0x00000000 x27=0x0000000a
        3325000	       331	80000860	013a0a33	add	x20,x20,x19	 x20:0x00000022 x19:0x00000000 x20=0x00000022
        3335000	       332	80000864	ff868693	addi	x13,x13,-8	 x13:0x0000000a x13=0x00000002
        3345000	       333	80000868	00800e13	addi	x28,x0,8	  x0:0x00000000 x28=0x00000008
        3355000	       334	8000086c	00800513	addi	x10,x0,8	  x0:0x00000000 x10=0x00000008
        3365000	       335	80000870	40dadc13	srai	x24,x21,0xd	 x21:0x00000001 x24=0x00000000
        3375000	       336	80000874	8dbb3a93	sltiu	x21,x22,-1829	 x22:0x9435a848 x21=0x00000001
        3385000	       337	80000878	ff9e0e13	addi	x28,x28,-7	 x28:0x00000008 x28=0x00000001
        3395000	       338	8000087c	feae7ce3	bgeu	x28,x10,80000874	 x28:0x00000001 x10:0x00000008
        3405000	       339	80000880	ffb6f0e3	bgeu	x13,x27,80000860	 x13:0x00000002 x27:0x0000000a
        3415000	       340	80000884	019f3933	sltu	x18,x30,x25	 x30:0x00000001 x25:0x00000000 x18=0x00000000
        3425000	       341	80000888	ff800813	addi	x16,x0,-8	  x0:0x00000000 x16=0xfffffff8
        3435000	       342	8000088c	41c65213	srai	x4,x12,0x1c	 x12:0xa98efda2  x4=0xfffffffa
        3445000	       343	80000890	01795013	srli	x0,x18,0x17	 x18:0x00000000
        3455000	       344	80000894	0023b9b3	sltu	x19,x7,x2	  x7:0x00000000  x2:0x80000000 x19=0x00000001
        3465000	       345	80000898	0033da13	srli	x20,x7,0x3	  x7:0x00000000 x20=0x00000000
        3475000	       346	8000089c	1cf33193	sltiu	x3,x6,463	  x6:0x80000000  x3=0x00000000
        3485000	       347	800008a0	fcf9f313	andi	x6,x19,-49	 x19:0x00000001  x6=0x00000001
        3495000	       348	800008a4	01000a93	addi	x21,x0,16	  x0:0x00000000 x21=0x00000010
        3505000	       349	800008a8	00d25433	srl	x8,x4,x13	  x4:0xfffffffa x13:0x00000002  x8=0x3ffffffe
        3515000	       350	800008ac	011207b3	add	x15,x4,x17	  x4:0xfffffffa x17:0x567107c0 x15=0x567107ba
        3525000	       351	800008b0	f73c6293	ori	x5,x24,-141	 x24:0x00000000  x5=0xffffff73
        3535000	       352	800008b4	38a1c893	xori	x17,x3,906	  x3:0x00000000 x17=0x0000038a
        3545000	       353	800008b8	00c89eb3	sll	x29,x17,x12	 x17:0x0000038a x12:0xa98efda2 x29=0x00000e28
        3555000	       354	800008bc	00a80813	addi	x16,x16,10	 x16:0xfffffff8 x16=0x00000002
        3565000	       355	800008c0	019cc6b3	xor	x13,x25,x25	 x25:0x00000000 x25:0x00000000 x13=0x00000000
        3575000	       356	800008c4	fff00613	addi	x12,x0,-1	  x0:0x00000000 x12=0xffffffff
        3585000	       357	800008c8	e3947693	andi	x13,x8,-455	  x8:0x3ffffffe x13=0x3ffffe38
        3595000	       358	800008cc	01100513	addi	x10,x0,17	  x0:0x00000000 x10=0x00000011
        3605000	       359	800008d0	0158a9b3	slt	x19,x17,x21	 x17:0x0000038a x21:0x00000010 x19=0x00000000
        3615000	       360	800008d4	004efeb3	and	x29,x29,x4	 x29:0x00000e28  x4:0xfffffffa x29=0x00000e28
        3625000	       361	800008d8	00fbda33	srl	x20,x23,x15	 x23:0x00000002 x15:0x567107ba x20=0x00000000
        3635000	       362	800008dc	01cafbb3	and	x23,x21,x28	 x21:0x00000010 x28:0x00000001 x23=0x00000000
        3645000	       363	800008e0	f3d88893	addi	x17,x17,-195	 x17:0x0000038a x17=0x000002c7
        3655000	       364	800008e4	00000013	addi	x0,x0,0	  x0:0x00000000
        3665000	       365	800008e8	0185af33	slt	x30,x11,x24	 x11:0x80009fc4 x24:0x00000000 x30=0x00000001
        3675000	       366	800008ec	00a60613	addi	x12,x12,10	 x12:0xffffffff x12=0x00000009
        3685000	       367	800008f0	ff2e3c13	sltiu	x24,x28,-14	 x28:0x00000001 x24=0x00000001
        3695000	       368	800008f4	fea640e3	blt	x12,x10,800008d4	 x12:0x00000009 x10:0x00000011
        3705000	       369	00000000	00000013	addi	x0,x0,0	  x0:0x00000000
        3715000	       370	800008d0	00000013	addi	x0,x0,0	  x0:0x00000000
        3725000	       371	800008d4	004efeb3	and	x29,x29,x4	 x29:0x00000e28  x4:0xfffffffa x29=0x00000e28
        3735000	       372	800008d8	00fbda33	srl	x20,x23,x15	 x23:0x00000000 x15:0x567107ba x20=0x00000000
        3745000	       373	800008dc	01cafbb3	and	x23,x21,x28	 x21:0x00000010 x28:0x00000001 x23=0x00000000
        3755000	       374	800008e0	f3d88893	addi	x17,x17,-195	 x17:0x000002c7 x17=0x00000204
        3765000	       375	800008e4	00000013	addi	x0,x0,0	  x0:0x00000000
        3775000	       376	800008e8	0185af33	slt	x30,x11,x24	 x11:0x80009fc4 x24:0x00000001 x30=0x00000001
        3785000	       377	800008ec	00a60613	addi	x12,x12,10	 x12:0x00000009 x12=0x00000013
        3795000	       378	800008f0	ff2e3c13	sltiu	x24,x28,-14	 x28:0x00000001 x24=0x00000001
        3805000	       379	800008f4	fea640e3	blt	x12,x10,800008d4	 x12:0x00000013 x10:0x00000011
        3815000	       380	800008f8	f710fd93	andi	x27,x1,-143	  x1:0x00000001 x27=0x00000001
        3825000	       381	800008fc	001e26b3	slt	x13,x28,x1	 x28:0x00000001  x1:0x00000001 x13=0x00000000
        3835000	       382	80000900	ba0b8a13	addi	x20,x23,-1120	 x23:0x00000000 x20=0xfffffba0
        3845000	       383	80000904	fb5868e3	bltu	x16,x21,800008b4	 x16:0x00000002 x21:0x00000010
        3855000	       384	00000000	00000013	addi	x0,x0,0	  x0:0x00000000
        3865000	       385	800008b0	00000013	addi	x0,x0,0	  x0:0x00000000
        3875000	       386	800008b4	38a1c893	xori	x17,x3,906	  x3:0x00000000 x17=0x0000038a
        3885000	       387	800008b8	00c89eb3	sll	x29,x17,x12	 x17:0x0000038a x12:0x00000013 x29=0x1c500000
        3895000	       388	800008bc	00a80813	addi	x16,x16,10	 x16:0x00000002 x16=0x0000000c
        3905000	       389	800008c0	019cc6b3	xor	x13,x25,x25	 x25:0x00000000 x25:0x00000000 x13=0x00000000
        3915000	       390	800008c4	fff00613	addi	x12,x0,-1	  x0:0x00000000 x12=0xffffffff
        3925000	       391	800008c8	e3947693	andi	x13,x8,-455	  x8:0x3ffffffe x13=0x3ffffe38
        3935000	       392	800008cc	01100513	addi	x10,x0,17	  x0:0x00000000 x10=0x00000011
        3945000	       393	800008d0	0158a9b3	slt	x19,x17,x21	 x17:0x0000038a x21:0x00000010 x19=0x00000000
        3955000	       394	800008d4	004efeb3	and	x29,x29,x4	 x29:0x1c500000  x4:0xfffffffa x29=0x1c500000
        3965000	       395	800008d8	00fbda33	srl	x20,x23,x15	 x23:0x00000000 x15:0x567107ba x20=0x00000000
        3975000	       396	800008dc	01cafbb3	and	x23,x21,x28	 x21:0x00000010 x28:0x00000001 x23=0x00000000
        3985000	       397	800008e0	f3d88893	addi	x17,x17,-195	 x17:0x0000038a x17=0x000002c7
        3995000	       398	800008e4	00000013	addi	x0,x0,0	  x0:0x00000000
        4005000	       399	800008e8	0185af33	slt	x30,x11,x24	 x11:0x80009fc4 x24:0x00000001 x30=0x00000001
        4015000	       400	800008ec	00a60613	addi	x12,x12,10	 x12:0xffffffff x12=0x00000009
        4025000	       401	800008f0	ff2e3c13	sltiu	x24,x28,-14	 x28:0x00000001 x24=0x00000001
        4035000	       402	800008f4	fea640e3	blt	x12,x10,800008d4	 x12:0x00000009 x10:0x00000011
        4045000	       403	00000000	00000013	addi	x0,x0,0	  x0:0x00000000
        4055000	       404	800008d0	00000013	addi	x0,x0,0	  x0:0x00000000
        4065000	       405	800008d4	004efeb3	and	x29,x29,x4	 x29:0x1c500000  x4:0xfffffffa x29=0x1c500000
        4075000	       406	800008d8	00fbda33	srl	x20,x23,x15	 x23:0x00000000 x15:0x567107ba x20=0x00000000
        4085000	       407	800008dc	01cafbb3	and	x23,x21,x28	 x21:0x00000010 x28:0x00000001 x23=0x00000000
        4095000	       408	800008e0	f3d88893	addi	x17,x17,-195	 x17:0x000002c7 x17=0x00000204
        4105000	       409	800008e4	00000013	addi	x0,x0,0	  x0:0x00000000
        4115000	       410	800008e8	0185af33	slt	x30,x11,x24	 x11:0x80009fc4 x24:0x00000001 x30=0x00000001
        4125000	       411	800008ec	00a60613	addi	x12,x12,10	 x12:0x00000009 x12=0x00000013
        4135000	       412	800008f0	ff2e3c13	sltiu	x24,x28,-14	 x28:0x00000001 x24=0x00000001
        4145000	       413	800008f4	fea640e3	blt	x12,x10,800008d4	 x12:0x00000013 x10:0x00000011
        4155000	       414	800008f8	f710fd93	andi	x27,x1,-143	  x1:0x00000001 x27=0x00000001
        4165000	       415	800008fc	001e26b3	slt	x13,x28,x1	 x28:0x00000001  x1:0x00000001 x13=0x00000000
        4175000	       416	80000900	ba0b8a13	addi	x20,x23,-1120	 x23:0x00000000 x20=0xfffffba0
        4185000	       417	80000904	fb5868e3	bltu	x16,x21,800008b4	 x16:0x0000000c x21:0x00000010
        4195000	       418	00000000	00000013	addi	x0,x0,0	  x0:0x00000000
        4205000	       419	800008b0	00000013	addi	x0,x0,0	  x0:0x00000000
        4215000	       420	800008b4	38a1c893	xori	x17,x3,906	  x3:0x00000000 x17=0x0000038a
        4225000	       421	800008b8	00c89eb3	sll	x29,x17,x12	 x17:0x0000038a x12:0x00000013 x29=0x1c500000
        4235000	       422	800008bc	00a80813	addi	x16,x16,10	 x16:0x0000000c x16=0x00000016
        4245000	       423	800008c0	019cc6b3	xor	x13,x25,x25	 x25:0x00000000 x25:0x00000000 x13=0x00000000
        4255000	       424	800008c4	fff00613	addi	x12,x0,-1	  x0:0x00000000 x12=0xffffffff
        4265000	       425	800008c8	e3947693	andi	x13,x8,-455	  x8:0x3ffffffe x13=0x3ffffe38
        4275000	       426	800008cc	01100513	addi	x10,x0,17	  x0:0x00000000 x10=0x00000011
        4285000	       427	800008d0	0158a9b3	slt	x19,x17,x21	 x17:0x0000038a x21:0x00000010 x19=0x00000000
        4295000	       428	800008d4	004efeb3	and	x29,x29,x4	 x29:0x1c500000  x4:0xfffffffa x29=0x1c500000
        4305000	       429	800008d8	00fbda33	srl	x20,x23,x15	 x23:0x00000000 x15:0x567107ba x20=0x00000000
        4315000	       430	800008dc	01cafbb3	and	x23,x21,x28	 x21:0x00000010 x28:0x00000001 x23=0x00000000
        4325000	       431	800008e0	f3d88893	addi	x17,x17,-195	 x17:0x0000038a x17=0x000002c7
        4335000	       432	800008e4	00000013	addi	x0,x0,0	  x0:0x00000000
        4345000	       433	800008e8	0185af33	slt	x30,x11,x24	 x11:0x80009fc4 x24:0x00000001 x30=0x00000001
        4355000	       434	800008ec	00a60613	addi	x12,x12,10	 x12:0xffffffff x12=0x00000009
        4365000	       435	800008f0	ff2e3c13	sltiu	x24,x28,-14	 x28:0x00000001 x24=0x00000001
        4375000	       436	800008f4	fea640e3	blt	x12,x10,800008d4	 x12:0x00000009 x10:0x00000011
        4385000	       437	00000000	00000013	addi	x0,x0,0	  x0:0x00000000
        4395000	       438	800008d0	00000013	addi	x0,x0,0	  x0:0x00000000
        4405000	       439	800008d4	004efeb3	and	x29,x29,x4	 x29:0x1c500000  x4:0xfffffffa x29=0x1c500000
        4415000	       440	800008d8	00fbda33	srl	x20,x23,x15	 x23:0x00000000 x15:0x567107ba x20=0x00000000
        4425000	       441	800008dc	01cafbb3	and	x23,x21,x28	 x21:0x00000010 x28:0x00000001 x23=0x00000000
        4435000	       442	800008e0	f3d88893	addi	x17,x17,-195	 x17:0x000002c7 x17=0x00000204
        4445000	       443	800008e4	00000013	addi	x0,x0,0	  x0:0x00000000
        4455000	       444	800008e8	0185af33	slt	x30,x11,x24	 x11:0x80009fc4 x24:0x00000001 x30=0x00000001
        4465000	       445	800008ec	00a60613	addi	x12,x12,10	 x12:0x00000009 x12=0x00000013
        4475000	       446	800008f0	ff2e3c13	sltiu	x24,x28,-14	 x28:0x00000001 x24=0x00000001
        4485000	       447	800008f4	fea640e3	blt	x12,x10,800008d4	 x12:0x00000013 x10:0x00000011
        4495000	       448	800008f8	f710fd93	andi	x27,x1,-143	  x1:0x00000001 x27=0x00000001
        4505000	       449	800008fc	001e26b3	slt	x13,x28,x1	 x28:0x00000001  x1:0x00000001 x13=0x00000000
        4515000	       450	80000900	ba0b8a13	addi	x20,x23,-1120	 x23:0x00000000 x20=0xfffffba0
        4525000	       451	80000904	fb5868e3	bltu	x16,x21,800008b4	 x16:0x00000016 x21:0x00000010
        4535000	       452	80000908	41538b33	sub	x22,x7,x21	  x7:0x00000000 x21:0x00000010 x22=0xfffffff0
        4545000	       453	8000090c	00700e93	addi	x29,x0,7	  x0:0x00000000 x29=0x00000007
        4555000	       454	80000910	9c82e397	auipc	x7,0x9c82e	  x7=0x1c82e90c
        4565000	       455	80000914	007a6033	or	x0,x20,x7	 x20:0xfffffba0  x7:0x1c82e90c
        4575000	       456	80000918	01767f33	and	x30,x12,x23	 x12:0x00000013 x23:0x00000000 x30=0x00000000
        4585000	       457	8000091c	ae6aab13	slti	x22,x21,-1306	 x21:0x00000010 x22=0x00000000
        4595000	       458	80000920	01ee7c33	and	x24,x28,x30	 x28:0x00000001 x30:0x00000000 x24=0x00000000
        4605000	       459	80000924	ea257393	andi	x7,x10,-350	 x10:0x00000011  x7=0x00000000
        4615000	       460	80000928	254bbb13	sltiu	x22,x23,596	 x23:0x00000000 x22=0x00000001
        4625000	       461	8000092c	62383713	sltiu	x14,x16,1571	 x16:0x00000016 x14=0x00000001
        4635000	       462	80000930	415e0bb3	sub	x23,x28,x21	 x28:0x00000001 x21:0x00000010 x23=0xfffffff1
        4645000	       463	80000934	005d9613	slli	x12,x27,0x5	 x27:0x00000001 x12=0x00000020
        4655000	       464	80000938	00b29833	sll	x16,x5,x11	  x5:0xffffff73 x11:0x80009fc4 x16=0xfffff730
        4665000	       465	8000093c	ab650513	addi	x10,x10,-1354	 x10:0x00000011 x10=0xfffffac7
        4675000	       466	80000940	07860697	auipc	x13,0x7860	 x13=0x8786093c
        4685000	       467	80000944	00369713	slli	x14,x13,0x3	 x13:0x8786093c x14=0x3c3049e0
        4695000	       468	80000948	8dbbe317	auipc	x6,0x8dbbe	  x6=0x0dbbe944
        4705000	       469	8000094c	00f00f93	addi	x31,x0,15	  x0:0x00000000 x31=0x0000000f
        4715000	       470	80000950	401088b3	sub	x17,x1,x1	  x1:0x00000001  x1:0x00000001 x17=0x00000000
        4725000	       471	80000954	cd822b37	lui	x22,0xcd822	 x22=0xcd822000
        4735000	       472	80000958	001e8e93	addi	x29,x29,1	 x29:0x00000007 x29=0x00000008
        4745000	       473	8000095c	594e0b93	addi	x23,x28,1428	 x28:0x00000001 x23=0x00000595
        4755000	       474	80000960	d1e03317	auipc	x6,0xd1e03	  x6=0x51e0395c
        4765000	       475	80000964	fffec8e3	blt	x29,x31,80000954	 x29:0x00000008 x31:0x0000000f
        4775000	       476	00000000	00000013	addi	x0,x0,0	  x0:0x00000000
        4785000	       477	80000950	00000013	addi	x0,x0,0	  x0:0x00000000
        4795000	       478	80000954	cd822b37	lui	x22,0xcd822	 x22=0xcd822000
        4805000	       479	80000958	001e8e93	addi	x29,x29,1	 x29:0x00000008 x29=0x00000009
        4815000	       480	8000095c	594e0b93	addi	x23,x28,1428	 x28:0x00000001 x23=0x00000595
        4825000	       481	80000960	d1e03317	auipc	x6,0xd1e03	  x6=0x51e0395c
        4835000	       482	80000964	fffec8e3	blt	x29,x31,80000954	 x29:0x00000009 x31:0x0000000f
        4845000	       483	00000000	00000013	addi	x0,x0,0	  x0:0x00000000
        4855000	       484	80000950	00000013	addi	x0,x0,0	  x0:0x00000000
        4865000	       485	80000954	cd822b37	lui	x22,0xcd822	 x22=0xcd822000
        4875000	       486	80000958	001e8e93	addi	x29,x29,1	 x29:0x00000009 x29=0x0000000a
        4885000	       487	8000095c	594e0b93	addi	x23,x28,1428	 x28:0x00000001 x23=0x00000595
        4895000	       488	80000960	d1e03317	auipc	x6,0xd1e03	  x6=0x51e0395c
        4905000	       489	80000964	fffec8e3	blt	x29,x31,80000954	 x29:0x0000000a x31:0x0000000f
        4915000	       490	00000000	00000013	addi	x0,x0,0	  x0:0x00000000
        4925000	       491	80000950	00000013	addi	x0,x0,0	  x0:0x00000000
        4935000	       492	80000954	cd822b37	lui	x22,0xcd822	 x22=0xcd822000
        4945000	       493	80000958	001e8e93	addi	x29,x29,1	 x29:0x0000000a x29=0x0000000b
        4955000	       494	8000095c	594e0b93	addi	x23,x28,1428	 x28:0x00000001 x23=0x00000595
        4965000	       495	80000960	d1e03317	auipc	x6,0xd1e03	  x6=0x51e0395c
        4975000	       496	80000964	fffec8e3	blt	x29,x31,80000954	 x29:0x0000000b x31:0x0000000f
        4985000	       497	00000000	00000013	addi	x0,x0,0	  x0:0x00000000
        4995000	       498	80000950	00000013	addi	x0,x0,0	  x0:0x00000000
        5005000	       499	80000954	cd822b37	lui	x22,0xcd822	 x22=0xcd822000
        5015000	       500	80000958	001e8e93	addi	x29,x29,1	 x29:0x0000000b x29=0x0000000c
        5025000	       501	8000095c	594e0b93	addi	x23,x28,1428	 x28:0x00000001 x23=0x00000595
        5035000	       502	80000960	d1e03317	auipc	x6,0xd1e03	  x6=0x51e0395c
        5045000	       503	80000964	fffec8e3	blt	x29,x31,80000954	 x29:0x0000000c x31:0x0000000f
        5055000	       504	00000000	00000013	addi	x0,x0,0	  x0:0x00000000
        5065000	       505	80000950	00000013	addi	x0,x0,0	  x0:0x00000000
        5075000	       506	80000954	cd822b37	lui	x22,0xcd822	 x22=0xcd822000
        5085000	       507	80000958	001e8e93	addi	x29,x29,1	 x29:0x0000000c x29=0x0000000d
        5095000	       508	8000095c	594e0b93	addi	x23,x28,1428	 x28:0x00000001 x23=0x00000595
        5105000	       509	80000960	d1e03317	auipc	x6,0xd1e03	  x6=0x51e0395c
        5115000	       510	80000964	fffec8e3	blt	x29,x31,80000954	 x29:0x0000000d x31:0x0000000f
        5125000	       511	00000000	00000013	addi	x0,x0,0	  x0:0x00000000
        5135000	       512	80000950	00000013	addi	x0,x0,0	  x0:0x00000000
        5145000	       513	80000954	cd822b37	lui	x22,0xcd822	 x22=0xcd822000
        5155000	       514	80000958	001e8e93	addi	x29,x29,1	 x29:0x0000000d x29=0x0000000e
        5165000	       515	8000095c	594e0b93	addi	x23,x28,1428	 x28:0x00000001 x23=0x00000595
        5175000	       516	80000960	d1e03317	auipc	x6,0xd1e03	  x6=0x51e0395c
        5185000	       517	80000964	fffec8e3	blt	x29,x31,80000954	 x29:0x0000000e x31:0x0000000f
        5195000	       518	00000000	00000013	addi	x0,x0,0	  x0:0x00000000
        5205000	       519	80000950	00000013	addi	x0,x0,0	  x0:0x00000000
        5215000	       520	80000954	cd822b37	lui	x22,0xcd822	 x22=0xcd822000
        5225000	       521	80000958	001e8e93	addi	x29,x29,1	 x29:0x0000000e x29=0x0000000f
        5235000	       522	8000095c	594e0b93	addi	x23,x28,1428	 x28:0x00000001 x23=0x00000595
        5245000	       523	80000960	d1e03317	auipc	x6,0xd1e03	  x6=0x51e0395c
        5255000	       524	80000964	fffec8e3	blt	x29,x31,80000954	 x29:0x0000000f x31:0x0000000f
        5265000	       525	80000968	408a5713	srai	x14,x20,0x8	 x20:0xfffffba0 x14=0xfffffffb
        5275000	       526	8000096c	fff00193	addi	x3,x0,-1	  x0:0x00000000  x3=0xffffffff
        5285000	       527	80000970	015c0333	add	x6,x24,x21	 x24:0x00000000 x21:0x00000010  x6=0x00000010
        5295000	       528	80000974	0191c433	xor	x8,x3,x25	  x3:0xffffffff x25:0x00000000  x8=0xffffffff
        5305000	       529	80000978	006b48b3	xor	x17,x22,x6	 x22:0xcd822000  x6:0x00000010 x17=0xcd822010
        5315000	       530	8000097c	00799893	slli	x17,x19,0x7	 x19:0x00000000 x17=0x00000000
        5325000	       531	80000980	3ac9e237	lui	x4,0x3ac9e	  x4=0x3ac9e000
        5335000	       532	80000984	59aa2837	lui	x16,0x59aa2	 x16=0x59aa2000
        5345000	       533	80000988	0045d8b3	srl	x17,x11,x4	 x11:0x80009fc4  x4:0x3ac9e000 x17=0x80009fc4
        5355000	       534	8000098c	00d00a13	addi	x20,x0,13	  x0:0x00000000 x20=0x0000000d
        5365000	       535	80000990	002449b3	xor	x19,x8,x2	  x8:0xffffffff  x2:0x80000000 x19=0x7fffffff
        5375000	       536	80000994	bd5dd697	auipc	x13,0xbd5dd	 x13=0x3d5dd990
        5385000	       537	80000998	00718193	addi	x3,x3,7	  x3:0xffffffff  x3=0x00000006
        5395000	       538	8000099c	01bae333	or	x6,x21,x27	 x21:0x00000010 x27:0x00000001  x6=0x00000011
        5405000	       539	800009a0	40aa87b3	sub	x15,x21,x10	 x21:0x00000010 x10:0xfffffac7 x15=0x00000549
        5415000	       540	800009a4	019af6b3	and	x13,x21,x25	 x21:0x00000010 x25:0x00000000 x13=0x00000000
        5425000	       541	800009a8	ff4184e3	beq	x3,x20,80000990	  x3:0x00000006 x20:0x0000000d
        5435000	       542	800009ac	24aa4413	xori	x8,x20,586	 x20:0x0000000d  x8=0x00000247
        5445000	       543	800009b0	e14f7813	andi	x16,x30,-492	 x30:0x00000000 x16=0x00000000
        5455000	       544	800009b4	01e6c2b3	xor	x5,x13,x30	 x13:0x00000000 x30:0x00000000  x5=0x00000000
        5465000	       545	800009b8	20de6d17	auipc	x26,0x20de6	 x26=0xa0de69b4
        5475000	       546	800009bc	4013da33	sra	x20,x7,x1	  x7:0x00000000  x1:0x00000001 x20=0x00000000
        5485000	       547	800009c0	03584663	blt	x16,x21,800009ec	 x16:0x00000000 x21:0x00000010
        5495000	       548	00000000	00000013	addi	x0,x0,0	  x0:0x00000000
        5505000	       549	800009e8	00000013	addi	x0,x0,0	  x0:0x00000000
        5515000	       550	800009ec	0161b733	sltu	x14,x3,x22	  x3:0x00000006 x22:0xcd822000 x14=0x00000001
        5525000	       551	800009f0	40ae0f33	sub	x30,x28,x10	 x28:0x00000001 x10:0xfffffac7 x30=0x0000053a
        5535000	       552	800009f4	40a20833	sub	x16,x4,x10	  x4:0x3ac9e000 x10:0xfffffac7 x16=0x3ac9e539
        5545000	       553	800009f8	c411aa13	slti	x20,x3,-959	  x3:0x00000006 x20=0x00000000
        5555000	       554	800009fc	01031433	sll	x8,x6,x16	  x6:0x00000011 x16:0x3ac9e539  x8=0x22000000
        5565000	       555	80000a00	01bdc9b3	xor	x19,x27,x27	 x27:0x00000001 x27:0x00000001 x19=0x00000000
        5575000	       556	80000a04	bc417313	andi	x6,x2,-1084	  x2:0x80000000  x6=0x80000000
        5585000	       557	80000a08	01ef1013	slli	x0,x30,0x1e	 x30:0x0000053a
        5595000	       558	80000a0c	412a81b3	sub	x3,x21,x18	 x21:0x00000010 x18:0x00000000  x3=0x00000010
        5605000	       559	80000a10	019a0fb3	add	x31,x20,x25	 x20:0x00000000 x25:0x00000000 x31=0x00000000
        5615000	       560	80000a14	417f5033	sra	x0,x30,x23	 x30:0x0000053a x23:0x00000595
        5625000	       561	80000a18	0579c063	blt	x19,x23,80000a58	 x19:0x00000000 x23:0x00000595
        5635000	       562	00000000	00000013	addi	x0,x0,0	  x0:0x00000000
        5645000	       563	80000a54	00000013	addi	x0,x0,0	  x0:0x00000000
        5655000	       564	80000a58	402f5993	srai	x19,x30,0x2	 x30:0x0000053a x19=0x0000014e
        5665000	       565	80000a5c	018a3cb3	sltu	x25,x20,x24	 x20:0x00000000 x24:0x00000000 x25=0x00000000
        5675000	       566	80000a60	0337e063	bltu	x15,x19,80000a80	 x15:0x00000549 x19:0x0000014e
        5685000	       567	80000a64	4133d013	srai	x0,x7,0x13	  x7:0x00000000
        5695000	       568	80000a68	00b54863	blt	x10,x11,80000a78	 x10:0xfffffac7 x11:0x80009fc4
        5705000	       569	80000a6c	60b14193	xori	x3,x2,1547	  x2:0x80000000  x3=0x8000060b
        5715000	       570	80000a70	4022dcb3	sra	x25,x5,x2	  x5:0x00000000  x2:0x80000000 x25=0x00000000
        5725000	       571	80000a74	41b551b3	sra	x3,x10,x27	 x10:0xfffffac7 x27:0x00000001  x3=0xfffffd63
        5735000	       572	80000a78	01b8aeb3	slt	x29,x17,x27	 x17:0x80009fc4 x27:0x00000001 x29=0x00000001
        5745000	       573	80000a7c	0081ca63	blt	x3,x8,80000a90	  x3:0xfffffd63  x8:0x22000000
        5755000	       574	00000000	00000013	addi	x0,x0,0	  x0:0x00000000
        5765000	       575	80000a8c	00000013	addi	x0,x0,0	  x0:0x00000000
        5775000	       576	80000a90	1d0a4637	lui	x12,0x1d0a4	 x12=0x1d0a4000
        5785000	       577	80000a94	017a0463	beq	x20,x23,80000a9c	 x20:0x00000000 x23:0x00000595
        5795000	       578	80000a98	cf35b313	sltiu	x6,x11,-781	 x11:0x80009fc4  x6=0x00000001
        5805000	       579	80000a9c	00ec7a33	and	x20,x24,x14	 x24:0x00000000 x14:0x00000001 x20=0x00000000
        5815000	       580	80000aa0	00000013	addi	x0,x0,0	  x0:0x00000000
        5825000	       581	80000aa4	00a32733	slt	x14,x6,x10	  x6:0x00000001 x10:0xfffffac7 x14=0x00000000
        5835000	       582	80000aa8	012ec863	blt	x29,x18,80000ab8	 x29:0x00000001 x18:0x00000000
        5845000	       583	80000aac	0067e033	or	x0,x15,x6	 x15:0x00000549  x6:0x00000001
        5855000	       584	80000ab0	901a7f37	lui	x30,0x901a7	 x30=0x901a7000
        5865000	       585	80000ab4	f84d8213	addi	x4,x27,-124	 x27:0x00000001  x4=0xffffff85
        5875000	       586	80000ab8	01038533	add	x10,x7,x16	  x7:0x00000000 x16:0x3ac9e539 x10=0x3ac9e539
        5885000	       587	80000abc	00fdb933	sltu	x18,x27,x15	 x27:0x00000001 x15:0x00000549 x18=0x00000001
        5895000	       588	80000ac0	00708c63	beq	x1,x7,80000ad8	  x1:0x00000001  x7:0x00000000
        5905000	       589	80000ac4	01b97d33	and	x26,x18,x27	 x18:0x00000001 x27:0x00000001 x26=0x00000001
        5915000	       590	80000ac8	07156f17	auipc	x30,0x7156	 x30=0x87156ac4
        5925000	       591	80000acc	01d0ee33	or	x28,x1,x29	  x1:0x00000001 x29:0x00000001 x28=0x00000001
        5935000	       592	80000ad0	00d0c263	blt	x1,x13,80000ad4	  x1:0x00000001 x13:0x00000000
        5945000	       593	80000ad4	92ed7513	andi	x10,x26,-1746	 x26:0x00000001 x10=0x00000000
        5955000	       594	80000ad8	02164863	blt	x12,x1,80000b08	 x12:0x1d0a4000  x1:0x00000001
        5965000	       595	80000adc	4092da33	sra	x20,x5,x9	  x5:0x00000000  x9:0x80009f5c x20=0x00000000
        5975000	       596	80000ae0	009b0bb3	add	x23,x22,x9	 x22:0xcd822000  x9:0x80009f5c x23=0x4d82bf5c
        5985000	       597	80000ae4	00305633	srl	x12,x0,x3	  x0:0x00000000  x3:0xfffffd63 x12=0x00000000
        5995000	       598	80000ae8	0332fe63	bgeu	x5,x19,80000b24	  x5:0x00000000 x19:0x0000014e
        6005000	       599	80000aec	51437913	andi	x18,x6,1300	  x6:0x00000001 x18=0x00000000
        6015000	       600	80000af0	01a0bb33	sltu	x22,x1,x26	  x1:0x00000001 x26:0x00000001 x22=0x00000000
        6025000	       601	80000af4	00fa9463	bne	x21,x15,80000afc	 x21:0x00000010 x15:0x00000549
        6035000	       602	00000000	00000013	addi	x0,x0,0	  x0:0x00000000
        6045000	       603	80000af8	00000013	addi	x0,x0,0	  x0:0x00000000
        6055000	       604	80000afc	00a94f33	xor	x30,x18,x10	 x18:0x00000000 x10:0x00000000 x30=0x00000000
        6065000	       605	80000b00	0164d233	srl	x4,x9,x22	  x9:0x80009f5c x22:0x00000000  x4=0x80009f5c
        6075000	       606	80000b04	98863293	sltiu	x5,x12,-1656	 x12:0x00000000  x5=0x00000001
        6085000	       607	80000b08	01065f13	srli	x30,x12,0x10	 x12:0x00000000 x30=0x00000000
        6095000	       608	80000b0c	0182bf33	sltu	x30,x5,x24	  x5:0x00000001 x24:0x00000000 x30=0x00000000
        6105000	       609	80000b10	00b9e463	bltu	x19,x11,80000b18	 x19:0x0000014e x11:0x80009fc4
        6115000	       610	00000000	00000013	addi	x0,x0,0	  x0:0x00000000
        6125000	       611	80000b14	00000013	addi	x0,x0,0	  x0:0x00000000
        6135000	       612	80000b18	1b317993	andi	x19,x2,435	  x2:0x80000000 x19=0x00000000
        6145000	       613	80000b1c	0062d993	srli	x19,x5,0x6	  x5:0x00000001 x19=0x00000000
        6155000	       614	80000b20	9e5f0613	addi	x12,x30,-1563	 x30:0x00000000 x12=0xfffff9e5
        6165000	       615	80000b24	1b6d4693	xori	x13,x26,438	 x26:0x00000001 x13=0x000001b7
        6175000	       616	80000b28	01a44e33	xor	x28,x8,x26	  x8:0x22000000 x26:0x00000001 x28=0x22000001
        6185000	       617	80000b2c	05254063	blt	x10,x18,80000b6c	 x10:0x00000000 x18:0x00000000
        6195000	       618	80000b30	007436b3	sltu	x13,x8,x7	  x8:0x22000000  x7:0x00000000 x13=0x00000000
        6205000	       619	80000b34	f8bfba93	sltiu	x21,x31,-117	 x31:0x00000000 x21=0x00000001
        6215000	       620	80000b38	02eaca63	blt	x21,x14,80000b6c	 x21:0x00000001 x14:0x00000000
        6225000	       621	80000b3c	29c12093	slti	x1,x2,668	  x2:0x80000000  x1=0x00000001
        6235000	       622	80000b40	00000013	addi	x0,x0,0	  x0:0x00000000
        6245000	       623	80000b44	048ad663	bge	x21,x8,80000b90	 x21:0x00000001  x8:0x22000000
        6255000	       624	80000b48	54ca9817	auipc	x16,0x54ca9	 x16=0xd4ca9b44
        6265000	       625	80000b4c	50e2fb97	auipc	x23,0x50e2f	 x23=0xd0e2fb48
        6275000	       626	80000b50	03904c63	blt	x0,x25,80000b88	  x0:0x00000000 x25:0x00000000
        6285000	       627	80000b54	01b96833	or	x16,x18,x27	 x18:0x00000000 x27:0x00000001 x16=0x00000001
        6295000	       628	80000b58	013d6533	or	x10,x26,x19	 x26:0x00000001 x19:0x00000000 x10=0x00000001
        6305000	       629	80000b5c	41488233	sub	x4,x17,x20	 x17:0x80009fc4 x20:0x00000000  x4=0x80009fc4
        6315000	       630	80000b60	002ebf33	sltu	x30,x29,x2	 x29:0x00000001  x2:0x80000000 x30=0x00000001
        6325000	       631	80000b64	000a5f13	srli	x30,x20,0x0	 x20:0x00000000 x30=0x00000000
        6335000	       632	80000b68	03858663	beq	x11,x24,80000b94	 x11:0x80009fc4 x24:0x00000000
        6345000	       633	80000b6c	afbf7a93	andi	x21,x30,-1285	 x30:0x00000000 x21=0x00000000
        6355000	       634	80000b70	bfcae013	ori	x0,x21,-1028	 x21:0x00000000
        6365000	       635	80000b74	40a1da33	sra	x20,x3,x10	  x3:0xfffffd63 x10:0x00000001 x20=0xfffffeb1
        6375000	       636	80000b78	d3ce28b7	lui	x17,0xd3ce2	 x17=0xd3ce2000
        6385000	       637	80000b7c	013e4a63	blt	x28,x19,80000b90	 x28:0x22000001 x19:0x00000000
        6395000	       638	80000b80	41035913	srai	x18,x6,0x10	  x6:0x00000001 x18=0x00000000
        6405000	       639	80000b84	01e37cb3	and	x25,x6,x30	  x6:0x00000001 x30:0x00000000 x25=0x00000000
        6415000	       640	80000b88	04607463	bgeu	x0,x6,80000bd0	  x0:0x00000000  x6:0x00000001
        6425000	       641	80000b8c	015bae33	slt	x28,x23,x21	 x23:0xd0e2fb48 x21:0x00000000 x28=0x00000001
        6435000	       642	80000b90	00499993	slli	x19,x19,0x4	 x19:0x00000000 x19=0x00000000
        6445000	       643	80000b94	006aa733	slt	x14,x21,x6	 x21:0x00000000  x6:0x00000001 x14=0x00000001
        6455000	       644	80000b98	01560fb3	add	x31,x12,x21	 x12:0xfffff9e5 x21:0x00000000 x31=0xfffff9e5
        6465000	       645	80000b9c	000c1913	slli	x18,x24,0x0	 x24:0x00000000 x18=0x00000000
        6475000	       646	80000ba0	00a24c63	blt	x4,x10,80000bb8	  x4:0x80009fc4 x10:0x00000001
        6485000	       647	00000000	00000013	addi	x0,x0,0	  x0:0x00000000
        6495000	       648	80000bb4	00000013	addi	x0,x0,0	  x0:0x00000000
        6505000	       649	80000bb8	ebb8cf13	xori	x30,x17,-325	 x17:0xd3ce2000 x30=0x2c31debb
        6515000	       650	80000bbc	01c59d13	slli	x26,x11,0x1c	 x11:0x80009fc4 x26=0x40000000
        6525000	       651	80000bc0	014982b3	add	x5,x19,x20	 x19:0x00000000 x20:0xfffffeb1  x5=0xfffffeb1
        6535000	       652	80000bc4	0311f793	andi	x15,x3,49	  x3:0xfffffd63 x15=0x00000021
        6545000	       653	80000bc8	00000013	addi	x0,x0,0	  x0:0x00000000
        6555000	       654	80000bcc	c313b093	sltiu	x1,x7,-975	  x7:0x00000000  x1=0x00000001
        6565000	       655	80000bd0	0019c863	blt	x19,x1,80000be0	 x19:0x00000000  x1:0x00000001
        6575000	       656	00000000	00000013	addi	x0,x0,0	  x0:0x00000000
        6585000	       657	80000bdc	00000013	addi	x0,x0,0	  x0:0x00000000
        6595000	       658	80000be0	00f686b3	add	x13,x13,x15	 x13:0x00000000 x15:0x00000021 x13=0x00000021
        6605000	       659	80000be4	41ce0333	sub	x6,x28,x28	 x28:0x00000001 x28:0x00000001  x6=0x00000000
        6615000	       660	80000be8	0b0af463	bgeu	x21,x16,80000c90	 x21:0x00000000 x16:0x00000001
        6625000	       661	80000bec	003953b3	srl	x7,x18,x3	 x18:0x00000000  x3:0xfffffd63  x7=0x00000000
        6635000	       662	80000bf0	0a6f4a63	blt	x30,x6,80000ca4	 x30:0x2c31debb  x6:0x00000000
        6645000	       663	80000bf4	01a94833	xor	x16,x18,x26	 x18:0x00000000 x26:0x40000000 x16=0x40000000
        6655000	       664	80000bf8	00496633	or	x12,x18,x4	 x18:0x00000000  x4:0x80009fc4 x12=0x80009fc4
        6665000	       665	80000bfc	01413433	sltu	x8,x2,x20	  x2:0x80000000 x20:0xfffffeb1  x8=0x00000001
        6675000	       666	80000c00	55a13813	sltiu	x16,x2,1370	  x2:0x80000000 x16=0x00000000
        6685000	       667	80000c04	09bd4c63	blt	x26,x27,80000c9c	 x26:0x40000000 x27:0x00000001
        6695000	       668	80000c08	01fdaf33	slt	x30,x27,x31	 x27:0x00000001 x31:0xfffff9e5 x30=0x00000000
        6705000	       669	80000c0c	fff00f13	addi	x30,x0,-1	  x0:0x00000000 x30=0xffffffff
        6715000	       670	80000c10	002fc6b3	xor	x13,x31,x2	 x31:0xfffff9e5  x2:0x80000000 x13=0x7ffff9e5
        6725000	       671	80000c14	00600c93	addi	x25,x0,6	  x0:0x00000000 x25=0x00000006
        6735000	       672	80000c18	019cdd33	srl	x26,x25,x25	 x25:0x00000006 x25:0x00000006 x26=0x00000000
        6745000	       673	80000c1c	05a22293	slti	x5,x4,90	  x4:0x80009fc4  x5=0x00000001
        6755000	       674	80000c20	af39b213	sltiu	x4,x19,-1293	 x19:0x00000000  x4=0x00000001
        6765000	       675	80000c24	01019b93	slli	x23,x3,0x10	  x3:0xfffffd63 x23=0xfd630000
        6775000	       676	80000c28	001f0f13	addi	x30,x30,1	 x30:0xffffffff x30=0x00000000
        6785000	       677	80000c2c	ffd00093	addi	x1,x0,-3	  x0:0x00000000  x1=0xfffffffd
        6795000	       678	80000c30	0029a933	slt	x18,x19,x2	 x19:0x00000000  x2:0x80000000 x18=0x00000000
        6805000	       679	80000c34	00e89c13	slli	x24,x17,0xe	 x17:0xd3ce2000 x24=0x88000000
        6815000	       680	80000c38	00b00613	addi	x12,x0,11	  x0:0x00000000 x12=0x0000000b
        6825000	       681	80000c3c	52dc0d13	addi	x26,x24,1325	 x24:0x88000000 x26=0x8800052d
        6835000	       682	80000c40	405f56b3	sra	x13,x30,x5	 x30:0x00000000  x5:0x00000001 x13=0x00000000
        6845000	       683	80000c44	015d3db3	sltu	x27,x26,x21	 x26:0x8800052d x21:0x00000000 x27=0x00000000
        6855000	       684	80000c48	14b50013	addi	x0,x10,331	 x10:0x00000001
        6865000	       685	80000c4c	be5c6213	ori	x4,x24,-1051	 x24:0x88000000  x4=0xfffffbe5
        6875000	       686	80000c50	00308093	addi	x1,x1,3	  x1:0xfffffffd  x1=0x00000000
        6885000	       687	80000c54	7fcf4693	xori	x13,x30,2044	 x30:0x00000000 x13=0x000007fc
        6895000	       688	80000c58	ee17a513	slti	x10,x15,-287	 x15:0x00000021 x10=0x00000000
        6905000	       689	80000c5c	13c7e713	ori	x14,x15,316	 x15:0x00000021 x14=0x0000013d
        6915000	       690	80000c60	fcc0cee3	blt	x1,x12,80000c3c	  x1:0x00000000 x12:0x0000000b
        6925000	       691	00000000	00000013	addi	x0,x0,0	  x0:0x00000000
        6935000	       692	80000c38	00000013	addi	x0,x0,0	  x0:0x00000000
        6945000	       693	80000c3c	52dc0d13	addi	x26,x24,1325	 x24:0x88000000 x26=0x8800052d
        6955000	       694	80000c40	405f56b3	sra	x13,x30,x5	 x30:0x00000000  x5:0x00000001 x13=0x00000000
        6965000	       695	80000c44	015d3db3	sltu	x27,x26,x21	 x26:0x8800052d x21:0x00000000 x27=0x00000000
        6975000	       696	80000c48	14b50013	addi	x0,x10,331	 x10:0x00000000
        6985000	       697	80000c4c	be5c6213	ori	x4,x24,-1051	 x24:0x88000000  x4=0xfffffbe5
        6995000	       698	80000c50	00308093	addi	x1,x1,3	  x1:0x00000000  x1=0x00000003
        7005000	       699	80000c54	7fcf4693	xori	x13,x30,2044	 x30:0x00000000 x13=0x000007fc
        7015000	       700	80000c58	ee17a513	slti	x10,x15,-287	 x15:0x00000021 x10=0x00000000
        7025000	       701	80000c5c	13c7e713	ori	x14,x15,316	 x15:0x00000021 x14=0x0000013d
        7035000	       702	80000c60	fcc0cee3	blt	x1,x12,80000c3c	  x1:0x00000003 x12:0x0000000b
        7045000	       703	00000000	00000013	addi	x0,x0,0	  x0:0x00000000
        7055000	       704	80000c38	00000013	addi	x0,x0,0	  x0:0x00000000
        7065000	       705	80000c3c	52dc0d13	addi	x26,x24,1325	 x24:0x88000000 x26=0x8800052d
        7075000	       706	80000c40	405f56b3	sra	x13,x30,x5	 x30:0x00000000  x5:0x00000001 x13=0x00000000
        7085000	       707	80000c44	015d3db3	sltu	x27,x26,x21	 x26:0x8800052d x21:0x00000000 x27=0x00000000
        7095000	       708	80000c48	14b50013	addi	x0,x10,331	 x10:0x00000000
        7105000	       709	80000c4c	be5c6213	ori	x4,x24,-1051	 x24:0x88000000  x4=0xfffffbe5
        7115000	       710	80000c50	00308093	addi	x1,x1,3	  x1:0x00000003  x1=0x00000006
        7125000	       711	80000c54	7fcf4693	xori	x13,x30,2044	 x30:0x00000000 x13=0x000007fc
        7135000	       712	80000c58	ee17a513	slti	x10,x15,-287	 x15:0x00000021 x10=0x00000000
        7145000	       713	80000c5c	13c7e713	ori	x14,x15,316	 x15:0x00000021 x14=0x0000013d
        7155000	       714	80000c60	fcc0cee3	blt	x1,x12,80000c3c	  x1:0x00000006 x12:0x0000000b
        7165000	       715	00000000	00000013	addi	x0,x0,0	  x0:0x00000000
        7175000	       716	80000c38	00000013	addi	x0,x0,0	  x0:0x00000000
        7185000	       717	80000c3c	52dc0d13	addi	x26,x24,1325	 x24:0x88000000 x26=0x8800052d
        7195000	       718	80000c40	405f56b3	sra	x13,x30,x5	 x30:0x00000000  x5:0x00000001 x13=0x00000000
        7205000	       719	80000c44	015d3db3	sltu	x27,x26,x21	 x26:0x8800052d x21:0x00000000 x27=0x00000000
        7215000	       720	80000c48	14b50013	addi	x0,x10,331	 x10:0x00000000
        7225000	       721	80000c4c	be5c6213	ori	x4,x24,-1051	 x24:0x88000000  x4=0xfffffbe5
        7235000	       722	80000c50	00308093	addi	x1,x1,3	  x1:0x00000006  x1=0x00000009
        7245000	       723	80000c54	7fcf4693	xori	x13,x30,2044	 x30:0x00000000 x13=0x000007fc
        7255000	       724	80000c58	ee17a513	slti	x10,x15,-287	 x15:0x00000021 x10=0x00000000
        7265000	       725	80000c5c	13c7e713	ori	x14,x15,316	 x15:0x00000021 x14=0x0000013d
        7275000	       726	80000c60	fcc0cee3	blt	x1,x12,80000c3c	  x1:0x00000009 x12:0x0000000b
        7285000	       727	00000000	00000013	addi	x0,x0,0	  x0:0x00000000
        7295000	       728	80000c38	00000013	addi	x0,x0,0	  x0:0x00000000
        7305000	       729	80000c3c	52dc0d13	addi	x26,x24,1325	 x24:0x88000000 x26=0x8800052d
        7315000	       730	80000c40	405f56b3	sra	x13,x30,x5	 x30:0x00000000  x5:0x00000001 x13=0x00000000
        7325000	       731	80000c44	015d3db3	sltu	x27,x26,x21	 x26:0x8800052d x21:0x00000000 x27=0x00000000
        7335000	       732	80000c48	14b50013	addi	x0,x10,331	 x10:0x00000000
        7345000	       733	80000c4c	be5c6213	ori	x4,x24,-1051	 x24:0x88000000  x4=0xfffffbe5
        7355000	       734	80000c50	00308093	addi	x1,x1,3	  x1:0x00000009  x1=0x0000000c
        7365000	       735	80000c54	7fcf4693	xori	x13,x30,2044	 x30:0x00000000 x13=0x000007fc
        7375000	       736	80000c58	ee17a513	slti	x10,x15,-287	 x15:0x00000021 x10=0x00000000
        7385000	       737	80000c5c	13c7e713	ori	x14,x15,316	 x15:0x00000021 x14=0x0000013d
        7395000	       738	80000c60	fcc0cee3	blt	x1,x12,80000c3c	  x1:0x0000000c x12:0x0000000b
        7405000	       739	80000c64	8a8d7237	lui	x4,0x8a8d7	  x4=0x8a8d7000
        7415000	       740	80000c68	c9a0f9b7	lui	x19,0xc9a0f	 x19=0xc9a0f000
        7425000	       741	80000c6c	0082c233	xor	x4,x5,x8	  x5:0x00000001  x8:0x00000001  x4=0x00000000
        7435000	       742	80000c70	fb9f08e3	beq	x30,x25,80000c20	 x30:0x00000000 x25:0x00000006
        7445000	       743	80000c74	6ca46b97	auipc	x23,0x6ca46	 x23=0xeca46c70
        7455000	       744	80000c78	00b7aa33	slt	x20,x15,x11	 x15:0x00000021 x11:0x80009fc4 x20=0x00000000
        7465000	       745	80000c7c	01d44db3	xor	x27,x8,x29	  x8:0x00000001 x29:0x00000001 x27=0x00000000
        7475000	       746	80000c80	0d0c8e13	addi	x28,x25,208	 x25:0x00000006 x28=0x000000d6
        7485000	       747	80000c84	2c60ae13	slti	x28,x1,710	  x1:0x0000000c x28=0x00000001
        7495000	       748	80000c88	5485ee13	ori	x28,x11,1352	 x11:0x80009fc4 x28=0x80009fcc
        7505000	       749	80000c8c	0281f063	bgeu	x3,x8,80000cac	  x3:0xfffffd63  x8:0x00000001
        7515000	       750	00000000	00000013	addi	x0,x0,0	  x0:0x00000000
        7525000	       751	80000ca8	00000013	addi	x0,x0,0	  x0:0x00000000
        7535000	       752	80000cac	006f9463	bne	x31,x6,80000cb4	 x31:0xfffff9e5  x6:0x00000000
        7545000	       753	00000000	00000013	addi	x0,x0,0	  x0:0x00000000
        7555000	       754	80000cb0	00000013	addi	x0,x0,0	  x0:0x00000000
        7565000	       755	80000cb4	00ecf833	and	x16,x25,x14	 x25:0x00000006 x14:0x0000013d x16=0x00000004
        7575000	       756	80000cb8	40228fb3	sub	x31,x5,x2	  x5:0x00000001  x2:0x80000000 x31=0x80000001
        7585000	       757	80000cbc	414c87b3	sub	x15,x25,x20	 x25:0x00000006 x20:0x00000000 x15=0x00000006
        7595000	       758	80000cc0	01805813	srli	x16,x0,0x18	  x0:0x00000000 x16=0x00000000
        7605000	       759	80000cc4	00015c63	bge	x2,x0,80000cdc	  x2:0x80000000  x0:0x00000000
        7615000	       760	80000cc8	00f10a63	beq	x2,x15,80000cdc	  x2:0x80000000 x15:0x00000006
        7625000	       761	80000ccc	022d5863	bge	x26,x2,80000cfc	 x26:0x8800052d  x2:0x80000000
        7635000	       762	00000000	00000013	addi	x0,x0,0	  x0:0x00000000
        7645000	       763	80000cf8	00000013	addi	x0,x0,0	  x0:0x00000000
        7655000	       764	80000cfc	00446533	or	x10,x8,x4	  x8:0x00000001  x4:0x00000000 x10=0x00000001
        7665000	       765	80000d00	0270de63	bge	x1,x7,80000d3c	  x1:0x0000000c  x7:0x00000000
        7675000	       766	00000000	00000013	addi	x0,x0,0	  x0:0x00000000
        7685000	       767	80000d38	00000013	addi	x0,x0,0	  x0:0x00000000
        7695000	       768	80000d3c	016348b3	xor	x17,x6,x22	  x6:0x00000000 x22:0x00000000 x17=0x00000000
        7705000	       769	80000d40	01919933	sll	x18,x3,x25	  x3:0xfffffd63 x25:0x00000006 x18=0xffff58c0
        7715000	       770	80000d44	3da9c193	xori	x3,x19,986	 x19:0xc9a0f000  x3=0xc9a0f3da
        7725000	       771	80000d48	e88df313	andi	x6,x27,-376	 x27:0x00000000  x6=0x00000000
        7735000	       772	80000d4c	40d90833	sub	x16,x18,x13	 x18:0xffff58c0 x13:0x000007fc x16=0xffff50c4
        7745000	       773	80000d50	01b14f33	xor	x30,x2,x27	  x2:0x80000000 x27:0x00000000 x30=0x80000000
        7755000	       774	80000d54	00e65013	srli	x0,x12,0xe	 x12:0x0000000b
        7765000	       775	80000d58	00f60fb3	add	x31,x12,x15	 x12:0x0000000b x15:0x00000006 x31=0x00000011
        7775000	       776	80000d5c	01ca9993	slli	x19,x21,0x1c	 x21:0x00000000 x19=0x00000000
        7785000	       777	80000d60	012c19b3	sll	x19,x24,x18	 x24:0x88000000 x18:0xffff58c0 x19=0x88000000
        7795000	       778	80000d64	2a6c3d93	sltiu	x27,x24,678	 x24:0x88000000 x27=0x00000000
        7805000	       779	80000d68	02824063	blt	x4,x8,80000d88	  x4:0x00000000  x8:0x00000001
        7815000	       780	00000000	00000013	addi	x0,x0,0	  x0:0x00000000
        7825000	       781	80000d84	00000013	addi	x0,x0,0	  x0:0x00000000
        7835000	       782	80000d88	01f44233	xor	x4,x8,x31	  x8:0x00000001 x31:0x00000011  x4=0x00000010
        7845000	       783	80000d8c	2a1b2217	auipc	x4,0x2a1b2	  x4=0xaa1b2d88
        7855000	       784	80000d90	4a712b17	auipc	x22,0x4a712	 x22=0xca712d8c
        7865000	       785	80000d94	006fca63	blt	x31,x6,80000da8	 x31:0x00000011  x6:0x00000000
        7875000	       786	80000d98	41065233	sra	x4,x12,x16	 x12:0x0000000b x16:0xffff50c4  x4=0x00000000
        7885000	       787	80000d9c	41df0f33	sub	x30,x30,x29	 x30:0x80000000 x29:0x00000001 x30=0x7fffffff
        7895000	       788	80000da0	01060863	beq	x12,x16,80000db0	 x12:0x0000000b x16:0xffff50c4
        7905000	       789	80000da4	c4572193	slti	x3,x14,-955	 x14:0x0000013d  x3=0x00000000
        7915000	       790	80000da8	41ca0f33	sub	x30,x20,x28	 x20:0x00000000 x28:0x80009fcc x30=0x7fff6034
        7925000	       791	80000dac	8a946f13	ori	x30,x8,-1879	  x8:0x00000001 x30=0xfffff8a9
        7935000	       792	80000db0	16023817	auipc	x16,0x16023	 x16=0x96023dac
        7945000	       793	80000db4	eaf4ee97	auipc	x29,0xeaf4e	 x29=0x6af4edb0
        7955000	       794	80000db8	03154463	blt	x10,x17,80000de0	 x10:0x00000001 x17:0x00000000
        7965000	       795	80000dbc	012f5463	bge	x30,x18,80000dc4	 x30:0xfffff8a9 x18:0xffff58c0
        7975000	       796	00000000	00000013	addi	x0,x0,0	  x0:0x00000000
        7985000	       797	80000dc0	00000013	addi	x0,x0,0	  x0:0x00000000
        7995000	       798	80000dc4	00000013	addi	x0,x0,0	  x0:0x00000000
        8005000	       799	80000dc8	033e5663	bge	x28,x19,80000df4	 x28:0x80009fcc x19:0x88000000
        8015000	       800	80000dcc	01836863	bltu	x6,x24,80000ddc	  x6:0x00000000 x24:0x88000000
        8025000	       801	00000000	00000013	addi	x0,x0,0	  x0:0x00000000
        8035000	       802	80000dd8	00000013	addi	x0,x0,0	  x0:0x00000000
        8045000	       803	80000ddc	057d7613	andi	x12,x26,87	 x26:0x8800052d x12=0x00000005
        8055000	       804	80000de0	404dd3b3	sra	x7,x27,x4	 x27:0x00000000  x4:0x00000000  x7=0x00000000
        8065000	       805	80000de4	02407463	bgeu	x0,x4,80000e0c	  x0:0x00000000  x4:0x00000000
        8075000	       806	00000000	00000013	addi	x0,x0,0	  x0:0x00000000
        8085000	       807	80000e08	00000013	addi	x0,x0,0	  x0:0x00000000
        8095000	       808	80000e0c	3c34b717	auipc	x14,0x3c34b	 x14=0xbc34be08
        8105000	       809	80000e10	41e8deb3	sra	x29,x17,x30	 x17:0x00000000 x30:0xfffff8a9 x29=0x00000000
        8115000	       810	80000e14	9f6d6997	auipc	x19,0x9f6d6	 x19=0x1f6d6e10
        8125000	       811	80000e18	01929e13	slli	x28,x5,0x19	  x5:0x00000001 x28=0x02000000
        8135000	       812	80000e1c	0431d463	bge	x3,x3,80000e64	  x3:0x00000000  x3:0x00000000
        8145000	       813	00000000	00000013	addi	x0,x0,0	  x0:0x00000000
        8155000	       814	80000e60	00000013	addi	x0,x0,0	  x0:0x00000000
        8165000	       815	80000e64	0083f1b3	and	x3,x7,x8	  x7:0x00000000  x8:0x00000001  x3=0x00000000
        8175000	       816	80000e68	f83abb13	sltiu	x22,x21,-125	 x21:0x00000000 x22=0x00000001
        8185000	       817	80000e6c	0028d393	srli	x7,x17,0x2	 x17:0x00000000  x7=0x00000000
        8195000	       818	80000e70	01cc0a33	add	x20,x24,x28	 x24:0x88000000 x28:0x02000000 x20=0x8a000000
        8205000	       819	80000e74	dc47a913	slti	x18,x15,-572	 x15:0x00000006 x18=0x00000000
        8215000	       820	80000e78	94c0c213	xori	x4,x1,-1716	  x1:0x0000000c  x4=0xfffff940
        8225000	       821	80000e7c	0038a7b3	slt	x15,x17,x3	 x17:0x00000000  x3:0x00000000 x15=0x00000000
        8235000	       822	80000e80	2e3c3717	auipc	x14,0x2e3c3	 x14=0xae3c3e7c
        8245000	       823	80000e84	ce1f7d13	andi	x26,x30,-799	 x30:0xfffff8a9 x26=0xfffff8a1
        8255000	       824	80000e88	00000013	addi	x0,x0,0	  x0:0x00000000
        8265000	       825	80000e8c	67783c13	sltiu	x24,x16,1655	 x16:0x96023dac x24=0x00000000
        8275000	       826	80000e90	01128f33	add	x30,x5,x17	  x5:0x00000001 x17:0x00000000 x30=0x00000001
        8285000	       827	80000e94	40288733	sub	x14,x17,x2	 x17:0x00000000  x2:0x80000000 x14=0x80000000
        8295000	       828	80000e98	00419e93	slli	x29,x3,0x4	  x3:0x00000000 x29=0x00000000
        8305000	       829	80000e9c	0122ee33	or	x28,x5,x18	  x5:0x00000001 x18:0x00000000 x28=0x00000001
        8315000	       830	80000ea0	43e3e013	ori	x0,x7,1086	  x7:0x00000000
        8325000	       831	80000ea4	015b9813	slli	x16,x23,0x15	 x23:0xeca46c70 x16=0x8e000000
        8335000	       832	80000ea8	f899b413	sltiu	x8,x19,-119	 x19:0x1f6d6e10  x8=0x00000001
        8345000	       833	80000eac	4b1ec393	xori	x7,x29,1201	 x29:0x00000000  x7=0x000004b1
        8355000	       834	80000eb0	8afe7f93	andi	x31,x28,-1873	 x28:0x00000001 x31=0x00000001
        8365000	       835	80000eb4	543b0193	addi	x3,x22,1347	 x22:0x00000001  x3=0x00000544
        8375000	       836	80000eb8	01e45db3	srl	x27,x8,x30	  x8:0x00000001 x30:0x00000001 x27=0x00000000
        8385000	       837	80000ebc	4160d033	sra	x0,x1,x22	  x1:0x0000000c x22:0x00000001
        8395000	       838	80000ec0	002ad833	srl	x16,x21,x2	 x21:0x00000000  x2:0x80000000 x16=0x00000000
        8405000	       839	80000ec4	007b4db3	xor	x27,x22,x7	 x22:0x00000001  x7:0x000004b1 x27=0x000004b0
        8415000	       840	80000ec8	a1608893	addi	x17,x1,-1514	  x1:0x0000000c x17=0xfffffa22
        8425000	       841	80000ecc	0129b9b3	sltu	x19,x19,x18	 x19:0x1f6d6e10 x18:0x00000000 x19=0x00000000
        8435000	       842	80000ed0	91043b13	sltiu	x22,x8,-1776	  x8:0x00000001 x22=0x00000001
        8445000	       843	80000ed4	03087063	bgeu	x16,x16,80000ef4	 x16:0x00000000 x16:0x00000000
        8455000	       844	00000000	00000013	addi	x0,x0,0	  x0:0x00000000
        8465000	       845	80000ef0	00000013	addi	x0,x0,0	  x0:0x00000000
        8475000	       846	80000ef4	01aa1c63	bne	x20,x26,80000f0c	 x20:0x8a000000 x26:0xfffff8a1
        8485000	       847	00000000	00000013	addi	x0,x0,0	  x0:0x00000000
        8495000	       848	80000f08	00000013	addi	x0,x0,0	  x0:0x00000000
        8505000	       849	80000f0c	4098d613	srai	x12,x17,0x9	 x17:0xfffffa22 x12=0xfffffffd
        8515000	       850	80000f10	cba37d93	andi	x27,x6,-838	  x6:0x00000000 x27=0x00000000
        8525000	       851	80000f14	06f1d863	bge	x3,x15,80000f84	  x3:0x00000544 x15:0x00000000
        8535000	       852	00000000	00000013	addi	x0,x0,0	  x0:0x00000000
        8545000	       853	80000f80	00000013	addi	x0,x0,0	  x0:0x00000000
        8555000	       854	80000f84	01e19863	bne	x3,x30,80000f94	  x3:0x00000544 x30:0x00000001
        8565000	       855	00000000	00000013	addi	x0,x0,0	  x0:0x00000000
        8575000	       856	80000f90	00000013	addi	x0,x0,0	  x0:0x00000000
        8585000	       857	80000f94	027d1e63	bne	x26,x7,80000fd0	 x26:0xfffff8a1  x7:0x000004b1
        8595000	       858	00000000	00000013	addi	x0,x0,0	  x0:0x00000000
        8605000	       859	80000fcc	00000013	addi	x0,x0,0	  x0:0x00000000
        8615000	       860	80000fd0	015e1733	sll	x14,x28,x21	 x28:0x00000001 x21:0x00000000 x14=0x00000001
        8625000	       861	80000fd4	004d9633	sll	x12,x27,x4	 x27:0x00000000  x4:0xfffff940 x12=0x00000000
        8635000	       862	80000fd8	00f9e533	or	x10,x19,x15	 x19:0x00000000 x15:0x00000000 x10=0x00000000
        8645000	       863	80000fdc	00067ab3	and	x21,x12,x0	 x12:0x00000000  x0:0x00000000 x21=0x00000000
        8655000	       864	80000fe0	01e25f13	srli	x30,x4,0x1e	  x4:0xfffff940 x30=0x00000003
        8665000	       865	80000fe4	41171e37	lui	x28,0x41171	 x28=0x41171000
        8675000	       866	80000fe8	0082e6b3	or	x13,x5,x8	  x5:0x00000001  x8:0x00000001 x13=0x00000001
        8685000	       867	80000fec	01e82933	slt	x18,x16,x30	 x16:0x00000000 x30:0x00000003 x18=0x00000001
        8695000	       868	80000ff0	02489c63	bne	x17,x4,80001028	 x17:0xfffffa22  x4:0xfffff940
        8705000	       869	00000000	00000013	addi	x0,x0,0	  x0:0x00000000
        8715000	       870	80001024	00000013	addi	x0,x0,0	  x0:0x00000000
        8725000	       871	80001028	4019d933	sra	x18,x19,x1	 x19:0x00000000  x1:0x0000000c x18=0x00000000
        8735000	       872	8000102c	01b2dab3	srl	x21,x5,x27	  x5:0x00000001 x27:0x00000000 x21=0x00000001
        8745000	       873	80001030	011fd333	srl	x6,x31,x17	 x31:0x00000001 x17:0xfffffa22  x6=0x00000000
        8755000	       874	80001034	03bad863	bge	x21,x27,80001064	 x21:0x00000001 x27:0x00000000
        8765000	       875	00000000	00000013	addi	x0,x0,0	  x0:0x00000000
        8775000	       876	80001060	00000013	addi	x0,x0,0	  x0:0x00000000
        8785000	       877	80001064	23a96713	ori	x14,x18,570	 x18:0x00000000 x14=0x0000023a
        8795000	       878	80001068	01e6d833	srl	x16,x13,x30	 x13:0x00000001 x30:0x00000003 x16=0x00000000
        8805000	       879	8000106c	80c5a093	slti	x1,x11,-2036	 x11:0x80009fc4  x1=0x00000001
        8815000	       880	80001070	00f0c733	xor	x14,x1,x15	  x1:0x00000001 x15:0x00000000 x14=0x00000001
        8825000	       881	80001074	01ef31b3	sltu	x3,x30,x30	 x30:0x00000003 x30:0x00000003  x3=0x00000000
        8835000	       882	80001078	5912ab93	slti	x23,x5,1425	  x5:0x00000001 x23=0x00000001
        8845000	       883	8000107c	0020d813	srli	x16,x1,0x2	  x1:0x00000001 x16=0x00000000
        8855000	       884	80001080	011d0833	add	x16,x26,x17	 x26:0xfffff8a1 x17:0xfffffa22 x16=0xfffff2c3
        8865000	       885	80001084	00690e33	add	x28,x18,x6	 x18:0x00000000  x6:0x00000000 x28=0x00000000
        8875000	       886	80001088	01201e33	sll	x28,x0,x18	  x0:0x00000000 x18:0x00000000 x28=0x00000000
        8885000	       887	8000108c	00b657b3	srl	x15,x12,x11	 x12:0x00000000 x11:0x80009fc4 x15=0x00000000
        8895000	       888	80001090	40b88033	sub	x0,x17,x11	 x17:0xfffffa22 x11:0x80009fc4
        8905000	       889	80001094	7cd55517	auipc	x10,0x7cd55	 x10=0xfcd56090
        8915000	       890	80001098	0189d233	srl	x4,x19,x24	 x19:0x00000000 x24:0x00000000  x4=0x00000000
        8925000	       891	8000109c	00000013	addi	x0,x0,0	  x0:0x00000000
        8935000	       892	800010a0	57c00413	addi	x8,x0,1404	  x0:0x00000000  x8=0x0000057c
        8945000	       893	800010a4	02fb4e63	blt	x22,x15,800010e0	 x22:0x00000001 x15:0x00000000
        8955000	       894	800010a8	00c42cb3	slt	x25,x8,x12	  x8:0x0000057c x12:0x00000000 x25=0x00000000
        8965000	       895	800010ac	01b8d213	srli	x4,x17,0x1b	 x17:0xfffffa22  x4=0x0000001f
        8975000	       896	800010b0	00215933	srl	x18,x2,x2	  x2:0x80000000  x2:0x80000000 x18=0x80000000
        8985000	       897	800010b4	0318e863	bltu	x17,x17,800010e4	 x17:0xfffffa22 x17:0xfffffa22
        8995000	       898	800010b8	65e3a013	slti	x0,x7,1630	  x7:0x000004b1
        9005000	       899	800010bc	021a6263	bltu	x20,x1,800010e0	 x20:0x8a000000  x1:0x00000001
        9015000	       900	800010c0	781ba513	slti	x10,x23,1921	 x23:0x00000001 x10=0x00000001
        9025000	       901	800010c4	412b5933	sra	x18,x22,x18	 x22:0x00000001 x18:0x80000000 x18=0x00000001
        9035000	       902	800010c8	05d1c063	blt	x3,x29,80001108	  x3:0x00000000 x29:0x00000000
        9045000	       903	800010cc	00000013	addi	x0,x0,0	  x0:0x00000000
        9055000	       904	800010d0	fca38a13	addi	x20,x7,-54	  x7:0x000004b1 x20=0x0000047b
        9065000	       905	800010d4	00000013	addi	x0,x0,0	  x0:0x00000000
        9075000	       906	800010d8	03be5063	bge	x28,x27,800010f8	 x28:0x00000000 x27:0x00000000
        9085000	       907	00000000	00000013	addi	x0,x0,0	  x0:0x00000000
        9095000	       908	800010f4	00000013	addi	x0,x0,0	  x0:0x00000000
        9105000	       909	800010f8	00909f33	sll	x30,x1,x9	  x1:0x00000001  x9:0x80009f5c x30=0x10000000
        9115000	       910	800010fc	04798063	beq	x19,x7,8000113c	 x19:0x00000000  x7:0x000004b1
        9125000	       911	80001100	01e77263	bgeu	x14,x30,80001104	 x14:0x00000001 x30:0x10000000
        9135000	       912	80001104	414f0833	sub	x16,x30,x20	 x30:0x10000000 x20:0x0000047b x16=0x0ffffb85
        9145000	       913	80001108	419986b3	sub	x13,x19,x25	 x19:0x00000000 x25:0x00000000 x13=0x00000000
        9155000	       914	8000110c	40ab0e33	sub	x28,x22,x10	 x22:0x00000001 x10:0x00000001 x28=0x00000000
        9165000	       915	80001110	00497fb3	and	x31,x18,x4	 x18:0x00000001  x4:0x0000001f x31=0x00000001
        9175000	       916	80001114	dfedcc13	xori	x24,x27,-514	 x27:0x00000000 x24=0xfffffdfe
        9185000	       917	80001118	00659a13	slli	x20,x11,0x6	 x11:0x80009fc4 x20=0x0027f100
        9195000	       918	8000111c	5260e897	auipc	x17,0x5260e	 x17=0xd260f118
        9205000	       919	80001120	01fe1c93	slli	x25,x28,0x1f	 x28:0x00000000 x25=0x00000000
        9215000	       920	80001124	02ca9c63	bne	x21,x12,8000115c	 x21:0x00000001 x12:0x00000000
        9225000	       921	00000000	00000013	addi	x0,x0,0	  x0:0x00000000
        9235000	       922	80001158	00000013	addi	x0,x0,0	  x0:0x00000000
        9245000	       923	8000115c	00c08833	add	x16,x1,x12	  x1:0x00000001 x12:0x00000000 x16=0x00000001
        9255000	       924	80001160	005160b3	or	x1,x2,x5	  x2:0x80000000  x5:0x00000001  x1=0x80000001
        9265000	       925	80001164	96d78d13	addi	x26,x15,-1683	 x15:0x00000000 x26=0xfffff96d
        9275000	       926	80001168	4bf68d13	addi	x26,x13,1215	 x13:0x00000000 x26=0x000004bf
        9285000	       927	8000116c	0476ee63	bltu	x13,x7,800011c8	 x13:0x00000000  x7:0x000004b1
        9295000	       928	00000000	00000013	addi	x0,x0,0	  x0:0x00000000
        9305000	       929	800011c4	00000013	addi	x0,x0,0	  x0:0x00000000
        9315000	       930	800011c8	0134af33	slt	x30,x9,x19	  x9:0x80009f5c x19:0x00000000 x30=0x00000001
        9325000	       931	800011cc	05d2f663	bgeu	x5,x29,80001218	  x5:0x00000001 x29:0x00000000
        9335000	       932	00000000	00000013	addi	x0,x0,0	  x0:0x00000000
        9345000	       933	80001214	00000013	addi	x0,x0,0	  x0:0x00000000
        9355000	       934	80001218	019b1a33	sll	x20,x22,x25	 x22:0x00000001 x25:0x00000000 x20=0x00000001
        9365000	       935	8000121c	40c5d333	sra	x6,x11,x12	 x11:0x80009fc4 x12:0x00000000  x6=0x80009fc4
        9375000	       936	80001220	01b9b3b3	sltu	x7,x19,x27	 x19:0x00000000 x27:0x00000000  x7=0x00000000
        9385000	       937	80001224	0148e533	or	x10,x17,x20	 x17:0xd260f118 x20:0x00000001 x10=0xd260f119
        9395000	       938	80001228	00e179b3	and	x19,x2,x14	  x2:0x80000000 x14:0x00000001 x19=0x00000000
        9405000	       939	8000122c	1f73b793	sltiu	x15,x7,503	  x7:0x00000000 x15=0x00000001
        9415000	       940	80001230	4ba0ad13	slti	x26,x1,1210	  x1:0x80000001 x26=0x00000001
        9425000	       941	80001234	0013aeb3	slt	x29,x7,x1	  x7:0x00000000  x1:0x80000001 x29=0x00000000
        9435000	       942	80001238	031eb213	sltiu	x4,x29,49	 x29:0x00000000  x4=0x00000001
        9445000	       943	8000123c	00f5dc13	srli	x24,x11,0xf	 x11:0x80009fc4 x24=0x00010001
        9455000	       944	80001240	011a7463	bgeu	x20,x17,80001248	 x20:0x00000001 x17:0xd260f118
        9465000	       945	80001244	0016b333	sltu	x6,x13,x1	 x13:0x00000000  x1:0x80000001  x6=0x00000001
        9475000	       946	80001248	410b5733	sra	x14,x22,x16	 x22:0x00000001 x16:0x00000001 x14=0x00000000
        9485000	       947	8000124c	00f928b3	slt	x17,x18,x15	 x18:0x00000001 x15:0x00000001 x17=0x00000000
        9495000	       948	80001250	00b482b3	add	x5,x9,x11	  x9:0x80009f5c x11:0x80009fc4  x5=0x00013f20
        9505000	       949	80001254	418fd693	srai	x13,x31,0x18	 x31:0x00000001 x13=0x00000000
        9515000	       950	80001258	01a3afb3	slt	x31,x7,x26	  x7:0x00000000 x26:0x00000001 x31=0x00000001
        9525000	       951	8000125c	00500b13	addi	x22,x0,5	  x0:0x00000000 x22=0x00000005
        9535000	       952	80001260	00e00313	addi	x6,x0,14	  x0:0x00000000  x6=0x0000000e
        9545000	       953	80001264	01a40633	add	x12,x8,x26	  x8:0x0000057c x26:0x00000001 x12=0x0000057d
        9555000	       954	80001268	006b0b13	addi	x22,x22,6	 x22:0x00000005 x22=0x0000000b
        9565000	       955	8000126c	fe6b6ce3	bltu	x22,x6,80001264	 x22:0x0000000b  x6:0x0000000e
        9575000	       956	00000000	00000013	addi	x0,x0,0	  x0:0x00000000
        9585000	       957	80001260	00000013	addi	x0,x0,0	  x0:0x00000000
        9595000	       958	80001264	01a40633	add	x12,x8,x26	  x8:0x0000057c x26:0x00000001 x12=0x0000057d
        9605000	       959	80001268	006b0b13	addi	x22,x22,6	 x22:0x0000000b x22=0x00000011
        9615000	       960	8000126c	fe6b6ce3	bltu	x22,x6,80001264	 x22:0x00000011  x6:0x0000000e
        9625000	       961	80001270	4004d193	srai	x3,x9,0x0	  x9:0x80009f5c  x3=0x80009f5c
        9635000	       962	80001274	00a4f1b3	and	x3,x9,x10	  x9:0x80009f5c x10:0xd260f119  x3=0x80009118
        9645000	       963	80001278	40d25a33	sra	x20,x4,x13	  x4:0x00000001 x13:0x00000000 x20=0x00000001
        9655000	       964	8000127c	00a87ab3	and	x21,x16,x10	 x16:0x00000001 x10:0xd260f119 x21=0x00000001
        9665000	       965	80001280	015036b3	sltu	x13,x0,x21	  x0:0x00000000 x21:0x00000001 x13=0x00000001
        9675000	       966	80001284	039d5e63	bge	x26,x25,800012c0	 x26:0x00000001 x25:0x00000000
        9685000	       967	00000000	00000013	addi	x0,x0,0	  x0:0x00000000
        9695000	       968	800012bc	00000013	addi	x0,x0,0	  x0:0x00000000
        9705000	       969	800012c0	44329bb7	lui	x23,0x44329	 x23=0x44329000
        9715000	       970	800012c4	91d37a93	andi	x21,x6,-1763	  x6:0x0000000e x21=0x0000000c
        9725000	       971	800012c8	731fcb97	auipc	x23,0x731fc	 x23=0xf31fd2c4
        9735000	       972	800012cc	02744c63	blt	x8,x7,80001304	  x8:0x0000057c  x7:0x00000000
        9745000	       973	800012d0	00195e93	srli	x29,x18,0x1	 x18:0x00000001 x29=0x00000000
        9755000	       974	800012d4	2e838693	addi	x13,x7,744	  x7:0x00000000 x13=0x000002e8
        9765000	       975	800012d8	c53aff13	andi	x30,x21,-941	 x21:0x0000000c x30=0x00000000
        9775000	       976	800012dc	018a9db3	sll	x27,x21,x24	 x21:0x0000000c x24:0x00010001 x27=0x00000018
        9785000	       977	800012e0	e5a9ef13	ori	x30,x19,-422	 x19:0x00000000 x30=0xfffffe5a
        9795000	       978	800012e4	ef0b8793	addi	x15,x23,-272	 x23:0xf31fd2c4 x15=0xf31fd1b4
        9805000	       979	800012e8	ab40b213	sltiu	x4,x1,-1356	  x1:0x80000001  x4=0x00000001
        9815000	       980	800012ec	31266f13	ori	x30,x12,786	 x12:0x0000057d x30=0x0000077f
        9825000	       981	800012f0	6723a393	slti	x7,x7,1650	  x7:0x00000000  x7=0x00000001
        9835000	       982	800012f4	01b82db3	slt	x27,x16,x27	 x16:0x00000001 x27:0x00000018 x27=0x00000001
        9845000	       983	800012f8	00076db3	or	x27,x14,x0	 x14:0x00000000  x0:0x00000000 x27=0x00000000
        9855000	       984	800012fc	00141cb3	sll	x25,x8,x1	  x8:0x0000057c  x1:0x80000001 x25=0x00000af8
        9865000	       985	80001300	00000013	addi	x0,x0,0	  x0:0x00000000
        9875000	       986	80001304	416682b3	sub	x5,x13,x22	 x13:0x000002e8 x22:0x00000011  x5=0x000002d7
        9885000	       987	80001308	bf593193	sltiu	x3,x18,-1035	 x18:0x00000001  x3=0x00000001
        9895000	       988	8000130c	40a453b3	sra	x7,x8,x10	  x8:0x0000057c x10:0xd260f119  x7=0x00000000
        9905000	       989	80001310	01454c63	blt	x10,x20,80001328	 x10:0xd260f119 x20:0x00000001
        9915000	       990	00000000	00000013	addi	x0,x0,0	  x0:0x00000000
        9925000	       991	80001324	00000013	addi	x0,x0,0	  x0:0x00000000
        9935000	       992	80001328	67fd9397	auipc	x7,0x67fd9	  x7=0xe7fda324
        9945000	       993	8000132c	00ace863	bltu	x25,x10,8000133c	 x25:0x00000af8 x10:0xd260f119
        9955000	       994	00000000	00000013	addi	x0,x0,0	  x0:0x00000000
        9965000	       995	80001338	00000013	addi	x0,x0,0	  x0:0x00000000
        9975000	       996	8000133c	b2620d13	addi	x26,x4,-1242	  x4:0x00000001 x26=0xfffffb27
        9985000	       997	80001340	010fc033	xor	x0,x31,x16	 x31:0x00000001 x16:0x00000001
        9995000	       998	80001344	404f5813	srai	x16,x30,0x4	 x30:0x0000077f x16=0x00000077
       10005000	       999	80001348	52b60313	addi	x6,x12,1323	 x12:0x0000057d  x6=0x00000aa8
       10015000	      1000	8000134c	41f683b3	sub	x7,x13,x31	 x13:0x000002e8 x31:0x00000001  x7=0x000002e7
       10025000	      1001	80001350	012e0533	add	x10,x28,x18	 x28:0x00000000 x18:0x00000001 x10=0x00000001
       10035000	      1002	80001354	00899093	slli	x1,x19,0x8	 x19:0x00000000  x1=0x00000000
       10045000	      1003	80001358	00c310b3	sll	x1,x6,x12	  x6:0x00000aa8 x12:0x0000057d  x1=0x00000000
       10055000	      1004	8000135c	007f6cb3	or	x25,x30,x7	 x30:0x0000077f  x7:0x000002e7 x25=0x000007ff
       10065000	      1005	80001360	01b31193	slli	x3,x6,0x1b	  x6:0x00000aa8  x3=0x40000000
       10075000	      1006	80001364	0072ca33	xor	x20,x5,x7	  x5:0x000002d7  x7:0x000002e7 x20=0x00000030
       10085000	      1007	80001368	00a00e93	addi	x29,x0,10	  x0:0x00000000 x29=0x0000000a
       10095000	      1008	8000136c	38b35b37	lui	x22,0x38b35	 x22=0x38b35000
       10105000	      1009	80001370	019a1a13	slli	x20,x20,0x19	 x20:0x00000030 x20=0x60000000
       10115000	      1010	80001374	00700993	addi	x19,x0,7	  x0:0x00000000 x19=0x00000007
       10125000	      1011	80001378	01288db3	add	x27,x17,x18	 x17:0x00000000 x18:0x00000001 x27=0x00000001
       10135000	      1012	8000137c	3a820393	addi	x7,x4,936	  x4:0x00000001  x7=0x000003a9
       10145000	      1013	80001380	0074af33	slt	x30,x9,x7	  x9:0x80009f5c  x7:0x000003a9 x30=0x00000001
       10155000	      1014	80001384	0111d293	srli	x5,x3,0x11	  x3:0x40000000  x5=0x00002000
       10165000	      1015	80001388	00c5fbb3	and	x23,x11,x12	 x11:0x80009fc4 x12:0x0000057d x23=0x00000544
       10175000	      1016	8000138c	40c80833	sub	x16,x16,x12	 x16:0x00000077 x12:0x0000057d x16=0xfffffafa
       10185000	      1017	80001390	fffe8e93	addi	x29,x29,-1	 x29:0x0000000a x29=0x00000009
       10195000	      1018	80001394	ff3ef6e3	bgeu	x29,x19,80001380	 x29:0x00000009 x19:0x00000007
       10205000	      1019	00000000	00000013	addi	x0,x0,0	  x0:0x00000000
       10215000	      1020	8000137c	00000013	addi	x0,x0,0	  x0:0x00000000
       10225000	      1021	80001380	0074af33	slt	x30,x9,x7	  x9:0x80009f5c  x7:0x000003a9 x30=0x00000001
       10235000	      1022	80001384	0111d293	srli	x5,x3,0x11	  x3:0x40000000  x5=0x00002000
       10245000	      1023	80001388	00c5fbb3	and	x23,x11,x12	 x11:0x80009fc4 x12:0x0000057d x23=0x00000544
       10255000	      1024	8000138c	40c80833	sub	x16,x16,x12	 x16:0xfffffafa x12:0x0000057d x16=0xfffff57d
       10265000	      1025	80001390	fffe8e93	addi	x29,x29,-1	 x29:0x00000009 x29=0x00000008
       10275000	      1026	80001394	ff3ef6e3	bgeu	x29,x19,80001380	 x29:0x00000008 x19:0x00000007
       10285000	      1027	00000000	00000013	addi	x0,x0,0	  x0:0x00000000
       10295000	      1028	8000137c	00000013	addi	x0,x0,0	  x0:0x00000000
       10305000	      1029	80001380	0074af33	slt	x30,x9,x7	  x9:0x80009f5c  x7:0x000003a9 x30=0x00000001
       10315000	      1030	80001384	0111d293	srli	x5,x3,0x11	  x3:0x40000000  x5=0x00002000
       10325000	      1031	80001388	00c5fbb3	and	x23,x11,x12	 x11:0x80009fc4 x12:0x0000057d x23=0x00000544
       10335000	      1032	8000138c	40c80833	sub	x16,x16,x12	 x16:0xfffff57d x12:0x0000057d x16=0xfffff000
       10345000	      1033	80001390	fffe8e93	addi	x29,x29,-1	 x29:0x00000008 x29=0x00000007
       10355000	      1034	80001394	ff3ef6e3	bgeu	x29,x19,80001380	 x29:0x00000007 x19:0x00000007
       10365000	      1035	00000000	00000013	addi	x0,x0,0	  x0:0x00000000
       10375000	      1036	8000137c	00000013	addi	x0,x0,0	  x0:0x00000000
       10385000	      1037	80001380	0074af33	slt	x30,x9,x7	  x9:0x80009f5c  x7:0x000003a9 x30=0x00000001
       10395000	      1038	80001384	0111d293	srli	x5,x3,0x11	  x3:0x40000000  x5=0x00002000
       10405000	      1039	80001388	00c5fbb3	and	x23,x11,x12	 x11:0x80009fc4 x12:0x0000057d x23=0x00000544
       10415000	      1040	8000138c	40c80833	sub	x16,x16,x12	 x16:0xfffff000 x12:0x0000057d x16=0xffffea83
       10425000	      1041	80001390	fffe8e93	addi	x29,x29,-1	 x29:0x00000007 x29=0x00000006
       10435000	      1042	80001394	ff3ef6e3	bgeu	x29,x19,80001380	 x29:0x00000006 x19:0x00000007
       10445000	      1043	80001398	004e5d13	srli	x26,x28,0x4	 x28:0x00000000 x26=0x00000000
       10455000	      1044	8000139c	40af0c33	sub	x24,x30,x10	 x30:0x00000001 x10:0x00000001 x24=0x00000000
       10465000	      1045	800013a0	82cbaa97	auipc	x21,0x82cba	 x21=0x02cbb39c
       10475000	      1046	800013a4	01be8cb3	add	x25,x29,x27	 x29:0x00000006 x27:0x00000001 x25=0x00000007
       10485000	      1047	800013a8	e597afb7	lui	x31,0xe597a	 x31=0xe597a000
       10495000	      1048	800013ac	0468f663	bgeu	x17,x6,800013f8	 x17:0x00000000  x6:0x00000aa8
       10505000	      1049	800013b0	01355033	srl	x0,x10,x19	 x10:0x00000001 x19:0x00000007
       10515000	      1050	800013b4	404c8a33	sub	x20,x25,x4	 x25:0x00000007  x4:0x00000001 x20=0x00000006
       10525000	      1051	800013b8	0fe74313	xori	x6,x14,254	 x14:0x00000000  x6=0x000000fe
       10535000	      1052	800013bc	c313fd93	andi	x27,x7,-975	  x7:0x000003a9 x27=0x00000021
       10545000	      1053	800013c0	00e73b33	sltu	x22,x14,x14	 x14:0x00000000 x14:0x00000000 x22=0x00000000
       10555000	      1054	800013c4	01f84863	blt	x16,x31,800013d4	 x16:0xffffea83 x31:0xe597a000
       10565000	      1055	800013c8	40a75433	sra	x8,x14,x10	 x14:0x00000000 x10:0x00000001  x8=0x00000000
       10575000	      1056	800013cc	0594c063	blt	x9,x25,8000140c	  x9:0x80009f5c x25:0x00000007
       10585000	      1057	00000000	00000013	addi	x0,x0,0	  x0:0x00000000
       10595000	      1058	80001408	00000013	addi	x0,x0,0	  x0:0x00000000
       10605000	      1059	8000140c	01c59793	slli	x15,x11,0x1c	 x11:0x80009fc4 x15=0x40000000
       10615000	      1060	80001410	01786433	or	x8,x16,x23	 x16:0xffffea83 x23:0x00000544  x8=0xffffefc7
       10625000	      1061	80001414	01472c33	slt	x24,x14,x20	 x14:0x00000000 x20:0x00000006 x24=0x00000001
       10635000	      1062	80001418	01f59c63	bne	x11,x31,80001430	 x11:0x80009fc4 x31:0xe597a000
       10645000	      1063	00000000	00000013	addi	x0,x0,0	  x0:0x00000000
       10655000	      1064	8000142c	00000013	addi	x0,x0,0	  x0:0x00000000
       10665000	      1065	80001430	21f12d93	slti	x27,x2,543	  x2:0x80000000 x27=0x00000001
       10675000	      1066	80001434	015a6ab3	or	x21,x20,x21	 x20:0x00000006 x21:0x02cbb39c x21=0x02cbb39e
       10685000	      1067	80001438	002f57b3	srl	x15,x30,x2	 x30:0x00000001  x2:0x80000000 x15=0x00000001
       10695000	      1068	8000143c	c0a86313	ori	x6,x16,-1014	 x16:0xffffea83  x6=0xfffffe8b
       10705000	      1069	80001440	017778b3	and	x17,x14,x23	 x14:0x00000000 x23:0x00000544 x17=0x00000000
       10715000	      1070	80001444	027a6c63	bltu	x20,x7,8000147c	 x20:0x00000006  x7:0x000003a9
       10725000	      1071	00000000	00000013	addi	x0,x0,0	  x0:0x00000000
       10735000	      1072	80001478	00000013	addi	x0,x0,0	  x0:0x00000000
       10745000	      1073	8000147c	00c1bb33	sltu	x22,x3,x12	  x3:0x40000000 x12:0x0000057d x22=0x00000000
       10755000	      1074	80001480	c7caafb7	lui	x31,0xc7caa	 x31=0xc7caa000
       10765000	      1075	80001484	00835933	srl	x18,x6,x8	  x6:0xfffffe8b  x8:0xffffefc7 x18=0x01fffffd
       10775000	      1076	80001488	41b2d413	srai	x8,x5,0x1b	  x5:0x00002000  x8=0x00000000
       10785000	      1077	8000148c	a2ef8e97	auipc	x29,0xa2ef8	 x29=0x22ef9488
       10795000	      1078	80001490	f8044993	xori	x19,x8,-128	  x8:0x00000000 x19=0xffffff80
       10805000	      1079	80001494	892459b7	lui	x19,0x89245	 x19=0x89245000
       10815000	      1080	80001498	00cd1463	bne	x26,x12,800014a0	 x26:0x00000000 x12:0x0000057d
       10825000	      1081	00000000	00000013	addi	x0,x0,0	  x0:0x00000000
       10835000	      1082	8000149c	00000013	addi	x0,x0,0	  x0:0x00000000
       10845000	      1083	800014a0	01a54233	xor	x4,x10,x26	 x10:0x00000001 x26:0x00000000  x4=0x00000001
       10855000	      1084	800014a4	2387e213	ori	x4,x15,568	 x15:0x00000001  x4=0x00000239
       10865000	      1085	800014a8	006b6cb3	or	x25,x22,x6	 x22:0x00000000  x6:0xfffffe8b x25=0xfffffe8b
       10875000	      1086	800014ac	41f65333	sra	x6,x12,x31	 x12:0x0000057d x31:0xc7caa000  x6=0x0000057d
       10885000	      1087	800014b0	01d8e9b3	or	x19,x17,x29	 x17:0x00000000 x29:0x22ef9488 x19=0x22ef9488
       10895000	      1088	800014b4	00a87cb3	and	x25,x16,x10	 x16:0xffffea83 x10:0x00000001 x25=0x00000001
       10905000	      1089	800014b8	00bfe463	bltu	x31,x11,800014c0	 x31:0xc7caa000 x11:0x80009fc4
       10915000	      1090	800014bc	00b60c63	beq	x12,x11,800014d4	 x12:0x0000057d x11:0x80009fc4
       10925000	      1091	800014c0	40f15b93	srai	x23,x2,0xf	  x2:0x80000000 x23=0xffff0000
       10935000	      1092	800014c4	0191afb3	slt	x31,x3,x25	  x3:0x40000000 x25:0x00000001 x31=0x00000000
       10945000	      1093	800014c8	0004e863	bltu	x9,x0,800014d8	  x9:0x80009f5c  x0:0x00000000
       10955000	      1094	800014cc	00aa5a63	bge	x20,x10,800014e0	 x20:0x00000006 x10:0x00000001
       10965000	      1095	00000000	00000013	addi	x0,x0,0	  x0:0x00000000
       10975000	      1096	800014dc	00000013	addi	x0,x0,0	  x0:0x00000000
       10985000	      1097	800014e0	00039893	slli	x17,x7,0x0	  x7:0x000003a9 x17=0x000003a9
       10995000	      1098	800014e4	411dd893	srai	x17,x27,0x11	 x27:0x00000001 x17=0x00000000
       11005000	      1099	800014e8	034dd063	bge	x27,x20,80001508	 x27:0x00000001 x20:0x00000006
       11015000	      1100	800014ec	45ed2693	slti	x13,x26,1118	 x26:0x00000000 x13=0x00000001
       11025000	      1101	800014f0	00922933	slt	x18,x4,x9	  x4:0x00000239  x9:0x80009f5c x18=0x00000000
       11035000	      1102	800014f4	00c4ec33	or	x24,x9,x12	  x9:0x80009f5c x12:0x0000057d x24=0x80009f7d
       11045000	      1103	800014f8	00000013	addi	x0,x0,0	  x0:0x00000000
       11055000	      1104	800014fc	68640793	addi	x15,x8,1670	  x8:0x00000000 x15=0x00000686
       11065000	      1105	80001500	00c15b13	srli	x22,x2,0xc	  x2:0x80000000 x22=0x00080000
       11075000	      1106	80001504	af2d6c13	ori	x24,x26,-1294	 x26:0x00000000 x24=0xfffffaf2
       11085000	      1107	80001508	007fa1b3	slt	x3,x31,x7	 x31:0x00000000  x7:0x000003a9  x3=0x00000001
       11095000	      1108	8000150c	0130b733	sltu	x14,x1,x19	  x1:0x00000000 x19:0x22ef9488 x14=0x00000001
       11105000	      1109	80001510	00f316b3	sll	x13,x6,x15	  x6:0x0000057d x15:0x00000686 x13=0x00015f40
       11115000	      1110	80001514	11748b93	addi	x23,x9,279	  x9:0x80009f5c x23=0x8000a073
       11125000	      1111	80001518	0044ae83	lw	x29,4(x9)	  x9:0x80009f5c x29=0x80000140 PA:0x80009f60
       11135000	      1112	8000151c	02848493	addi	x9,x9,40	  x9:0x80009f5c  x9=0x80009f84
       11145000	      1113	80001520	41f75d13	srai	x26,x14,0x1f	 x14:0x00000001 x26=0x00000000
       11155000	      1114	80001524	38998713	addi	x14,x19,905	 x19:0x22ef9488 x14=0x22ef9811
       11165000	      1115	80001528	000e8813	addi	x16,x29,0	 x29:0x80000140 x16=0x80000140
       11175000	      1116	8000152c	00080867	jalr	x16,x16,0	 x16:0x80000140 x16=0x8000152c
       11185000	      1117	00000000	00000013	addi	x0,x0,0	  x0:0x00000000
       11195000	      1118	80000140	00000013	addi	x0,x0,0	  x0:0x00000000
       11205000	      1119	80000144	2bc93e93	sltiu	x29,x18,700	 x18:0x00000000 x29=0x00000001
       11215000	      1120	80000148	00003417	auipc	x8,0x3	  x8=0x80003144
       11225000	      1121	8000014c	92840413	addi	x8,x8,-1752	  x8:0x80003144  x8=0x80002a6c
       11235000	      1122	80000150	01fed933	srl	x18,x29,x31	 x29:0x00000001 x31:0x00000000 x18=0x00000001
       11245000	      1123	80000154	3ac40413	addi	x8,x8,940	  x8:0x80002a6c  x8=0x80002e18
       11255000	      1124	80000158	00864233	xor	x4,x12,x8	 x12:0x0000057d  x8:0x80002e18  x4=0x80002b65
       11265000	      1125	8000015c	834479b7	lui	x19,0x83447	 x19=0x83447000
       11275000	      1126	80000160	01357533	and	x10,x10,x19	 x10:0x00000001 x19:0x83447000 x10=0x00000000
       11285000	      1127	80000164	01fbe863	bltu	x23,x31,80000174	 x23:0x8000a073 x31:0x00000000
       11295000	      1128	80000168	01159093	slli	x1,x11,0x11	 x11:0x80009fc4  x1=0x3f880000
       11305000	      1129	8000016c	f6790013	addi	x0,x18,-153	 x18:0x00000001
       11315000	      1130	80000170	0172c933	xor	x18,x5,x23	  x5:0x00002000 x23:0x8000a073 x18=0x80008073
       11325000	      1131	80000174	c5440ee7	jalr	x29,x8,-940	  x8:0x80002e18 x29=0x80000174
       11335000	      1132	00000000	00000013	addi	x0,x0,0	  x0:0x00000000
       11345000	      1133	80002a6c	00000013	addi	x0,x0,0	  x0:0x00000000
       11355000	      1134	80002a70	00000013	addi	x0,x0,0	  x0:0x00000000
       11365000	      1135	80002a74	000bd533	srl	x10,x23,x0	 x23:0x8000a073  x0:0x00000000 x10=0x8000a073
       11375000	      1136	80002a78	38e5e237	lui	x4,0x38e5e	  x4=0x38e5e000
       11385000	      1137	80002a7c	fd448493	addi	x9,x9,-44	  x9:0x80009f84  x9=0x80009f58
       11395000	      1138	80002a80	0158d193	srli	x3,x17,0x15	 x17:0x00000000  x3=0x00000000
       11405000	      1139	80002a84	000fbf33	sltu	x30,x31,x0	 x31:0x00000000  x0:0x00000000 x30=0x00000000
       11415000	      1140	80002a88	6450a993	slti	x19,x1,1605	  x1:0x3f880000 x19=0x00000000
       11425000	      1141	80002a8c	01d4a223	sw	x29,4(x9)	  x9:0x80009f58 x29:0x80000174 PA:0x80009f5c
       11435000	      1142	80002a90	0156e433	or	x8,x13,x21	 x13:0x00015f40 x21:0x02cbb39e  x8=0x02cbffde
       11445000	      1143	80002a94	1bbd3a97	auipc	x21,0x1bbd3	 x21=0x9bbd5a90
       11455000	      1144	80002a98	00b4c9b3	xor	x19,x9,x11	  x9:0x80009f58 x11:0x80009fc4 x19=0x0000009c
       11465000	      1145	80002a9c	00400413	addi	x8,x0,4	  x0:0x00000000  x8=0x00000004
       11475000	      1146	80002aa0	00d00f93	addi	x31,x0,13	  x0:0x00000000 x31=0x0000000d
       11485000	      1147	80002aa4	402e5033	sra	x0,x28,x2	 x28:0x00000000  x2:0x80000000
       11495000	      1148	80002aa8	405656b3	sra	x13,x12,x5	 x12:0x0000057d  x5:0x00002000 x13=0x0000057d
       11505000	      1149	80002aac	00569933	sll	x18,x13,x5	 x13:0x0000057d  x5:0x00002000 x18=0x0000057d
       11515000	      1150	80002ab0	005f43b3	xor	x7,x30,x5	 x30:0x00000000  x5:0x00002000  x7=0x00002000
       11525000	      1151	80002ab4	00351513	slli	x10,x10,0x3	 x10:0x8000a073 x10=0x00050398
       11535000	      1152	80002ab8	403b0b33	sub	x22,x22,x3	 x22:0x00080000  x3:0x00000000 x22=0x00080000
       11545000	      1153	80002abc	00940413	addi	x8,x8,9	  x8:0x00000004  x8=0x0000000d
       11555000	      1154	80002ac0	fff418e3	bne	x8,x31,80002ab0	  x8:0x0000000d x31:0x0000000d
       11565000	      1155	80002ac4	729a4093	xori	x1,x20,1833	 x20:0x00000006  x1=0x0000072f
       11575000	      1156	80002ac8	00800913	addi	x18,x0,8	  x0:0x00000000 x18=0x00000008
       11585000	      1157	80002acc	007303b3	add	x7,x6,x7	  x6:0x0000057d  x7:0x00002000  x7=0x0000257d
       11595000	      1158	80002ad0	00700c13	addi	x24,x0,7	  x0:0x00000000 x24=0x00000007
       11605000	      1159	80002ad4	001ef733	and	x14,x29,x1	 x29:0x80000174  x1:0x0000072f x14=0x00000124
       11615000	      1160	80002ad8	00000013	addi	x0,x0,0	  x0:0x00000000
       11625000	      1161	80002adc	019ed893	srli	x17,x29,0x19	 x29:0x80000174 x17=0x00000040
       11635000	      1162	80002ae0	ffb90913	addi	x18,x18,-5	 x18:0x00000008 x18=0x00000003
       11645000	      1163	80002ae4	001c2833	slt	x16,x24,x1	 x24:0x00000007  x1:0x0000072f x16=0x00000001
       11655000	      1164	80002ae8	efd16d13	ori	x26,x2,-259	  x2:0x80000000 x26=0xfffffefd
       11665000	      1165	80002aec	00c58cb3	add	x25,x11,x12	 x11:0x80009fc4 x12:0x0000057d x25=0x8000a541
       11675000	      1166	80002af0	3a320717	auipc	x14,0x3a320	 x14=0xba322aec
       11685000	      1167	80002af4	00500693	addi	x13,x0,5	  x0:0x00000000 x13=0x00000005
       11695000	      1168	80002af8	ff000d93	addi	x27,x0,-16	  x0:0x00000000 x27=0xfffffff0
       11705000	      1169	80002afc	00000013	addi	x0,x0,0	  x0:0x00000000
       11715000	      1170	80002b00	ffd68693	addi	x13,x13,-3	 x13:0x00000005 x13=0x00000002
       11725000	      1171	80002b04	b968f793	andi	x15,x17,-1130	 x17:0x00000040 x15=0x00000000
       11735000	      1172	80002b08	076ef397	auipc	x7,0x76ef	  x7=0x876f1b04
       11745000	      1173	80002b0c	ffb698e3	bne	x13,x27,80002afc	 x13:0x00000002 x27:0xfffffff0
       11755000	      1174	00000000	00000013	addi	x0,x0,0	  x0:0x00000000
       11765000	      1175	80002af8	00000013	addi	x0,x0,0	  x0:0x00000000
       11775000	      1176	80002afc	00000013	addi	x0,x0,0	  x0:0x00000000
       11785000	      1177	80002b00	ffd68693	addi	x13,x13,-3	 x13:0x00000002 x13=0xffffffff
       11795000	      1178	80002b04	b968f793	andi	x15,x17,-1130	 x17:0x00000040 x15=0x00000000
       11805000	      1179	80002b08	076ef397	auipc	x7,0x76ef	  x7=0x876f1b04
       11815000	      1180	80002b0c	ffb698e3	bne	x13,x27,80002afc	 x13:0xffffffff x27:0xfffffff0
       11825000	      1181	00000000	00000013	addi	x0,x0,0	  x0:0x00000000
       11835000	      1182	80002af8	00000013	addi	x0,x0,0	  x0:0x00000000
       11845000	      1183	80002afc	00000013	addi	x0,x0,0	  x0:0x00000000
       11855000	      1184	80002b00	ffd68693	addi	x13,x13,-3	 x13:0xffffffff x13=0xfffffffc
       11865000	      1185	80002b04	b968f793	andi	x15,x17,-1130	 x17:0x00000040 x15=0x00000000
       11875000	      1186	80002b08	076ef397	auipc	x7,0x76ef	  x7=0x876f1b04
       11885000	      1187	80002b0c	ffb698e3	bne	x13,x27,80002afc	 x13:0xfffffffc x27:0xfffffff0
       11895000	      1188	00000000	00000013	addi	x0,x0,0	  x0:0x00000000
       11905000	      1189	80002af8	00000013	addi	x0,x0,0	  x0:0x00000000
       11915000	      1190	80002afc	00000013	addi	x0,x0,0	  x0:0x00000000
       11925000	      1191	80002b00	ffd68693	addi	x13,x13,-3	 x13:0xfffffffc x13=0xfffffff9
       11935000	      1192	80002b04	b968f793	andi	x15,x17,-1130	 x17:0x00000040 x15=0x00000000
       11945000	      1193	80002b08	076ef397	auipc	x7,0x76ef	  x7=0x876f1b04
       11955000	      1194	80002b0c	ffb698e3	bne	x13,x27,80002afc	 x13:0xfffffff9 x27:0xfffffff0
       11965000	      1195	00000000	00000013	addi	x0,x0,0	  x0:0x00000000
       11975000	      1196	80002af8	00000013	addi	x0,x0,0	  x0:0x00000000
       11985000	      1197	80002afc	00000013	addi	x0,x0,0	  x0:0x00000000
       11995000	      1198	80002b00	ffd68693	addi	x13,x13,-3	 x13:0xfffffff9 x13=0xfffffff6
       12005000	      1199	80002b04	b968f793	andi	x15,x17,-1130	 x17:0x00000040 x15=0x00000000
       12015000	      1200	80002b08	076ef397	auipc	x7,0x76ef	  x7=0x876f1b04
       12025000	      1201	80002b0c	ffb698e3	bne	x13,x27,80002afc	 x13:0xfffffff6 x27:0xfffffff0
       12035000	      1202	00000000	00000013	addi	x0,x0,0	  x0:0x00000000
       12045000	      1203	80002af8	00000013	addi	x0,x0,0	  x0:0x00000000
       12055000	      1204	80002afc	00000013	addi	x0,x0,0	  x0:0x00000000
       12065000	      1205	80002b00	ffd68693	addi	x13,x13,-3	 x13:0xfffffff6 x13=0xfffffff3
       12075000	      1206	80002b04	b968f793	andi	x15,x17,-1130	 x17:0x00000040 x15=0x00000000
       12085000	      1207	80002b08	076ef397	auipc	x7,0x76ef	  x7=0x876f1b04
       12095000	      1208	80002b0c	ffb698e3	bne	x13,x27,80002afc	 x13:0xfffffff3 x27:0xfffffff0
       12105000	      1209	00000000	00000013	addi	x0,x0,0	  x0:0x00000000
       12115000	      1210	80002af8	00000013	addi	x0,x0,0	  x0:0x00000000
       12125000	      1211	80002afc	00000013	addi	x0,x0,0	  x0:0x00000000
       12135000	      1212	80002b00	ffd68693	addi	x13,x13,-3	 x13:0xfffffff3 x13=0xfffffff0
       12145000	      1213	80002b04	b968f793	andi	x15,x17,-1130	 x17:0x00000040 x15=0x00000000
       12155000	      1214	80002b08	076ef397	auipc	x7,0x76ef	  x7=0x876f1b04
       12165000	      1215	80002b0c	ffb698e3	bne	x13,x27,80002afc	 x13:0xfffffff0 x27:0xfffffff0
       12175000	      1216	80002b10	c5443893	sltiu	x17,x8,-940	  x8:0x0000000d x17=0x00000001
       12185000	      1217	80002b14	ab27abb7	lui	x23,0xab27a	 x23=0xab27a000
       12195000	      1218	80002b18	fb897ee3	bgeu	x18,x24,80002ad4	 x18:0x00000003 x24:0x00000007
       12205000	      1219	80002b1c	003f42b3	xor	x5,x30,x3	 x30:0x00000000  x3:0x00000000  x5=0x00000000
       12215000	      1220	80002b20	02d25c63	bge	x4,x13,80002b58	  x4:0x38e5e000 x13:0xfffffff0
       12225000	      1221	00000000	00000013	addi	x0,x0,0	  x0:0x00000000
       12235000	      1222	80002b54	00000013	addi	x0,x0,0	  x0:0x00000000
       12245000	      1223	80002b58	00c9ae33	slt	x28,x19,x12	 x19:0x0000009c x12:0x0000057d x28=0x00000001
       12255000	      1224	80002b5c	0472d463	bge	x5,x7,80002ba4	  x5:0x00000000  x7:0x876f1b04
       12265000	      1225	00000000	00000013	addi	x0,x0,0	  x0:0x00000000
       12275000	      1226	80002ba0	00000013	addi	x0,x0,0	  x0:0x00000000
       12285000	      1227	80002ba4	018f1bb3	sll	x23,x30,x24	 x30:0x00000000 x24:0x00000007 x23=0x00000000
       12295000	      1228	80002ba8	00900793	addi	x15,x0,9	  x0:0x00000000 x15=0x00000009
       12305000	      1229	80002bac	017d9433	sll	x8,x27,x23	 x27:0xfffffff0 x23:0x00000000  x8=0xfffffff0
       12315000	      1230	80002bb0	00900813	addi	x16,x0,9	  x0:0x00000000 x16=0x00000009
       12325000	      1231	80002bb4	a7823db7	lui	x27,0xa7823	 x27=0xa7823000
       12335000	      1232	80002bb8	0181d533	srl	x10,x3,x24	  x3:0x00000000 x24:0x00000007 x10=0x00000000
       12345000	      1233	80002bbc	008f0e33	add	x28,x30,x8	 x30:0x00000000  x8:0xfffffff0 x28=0xfffffff0
       12355000	      1234	80002bc0	873bb397	auipc	x7,0x873bb	  x7=0x073bdbbc
       12365000	      1235	80002bc4	ff878793	addi	x15,x15,-8	 x15:0x00000009 x15=0x00000001
       12375000	      1236	80002bc8	0020c033	xor	x0,x1,x2	  x1:0x0000072f  x2:0x80000000
       12385000	      1237	80002bcc	ff07f8e3	bgeu	x15,x16,80002bbc	 x15:0x00000001 x16:0x00000009
       12395000	      1238	80002bd0	000a5d33	srl	x26,x20,x0	 x20:0x00000006  x0:0x00000000 x26=0x00000006
       12405000	      1239	80002bd4	01f8ff33	and	x30,x17,x31	 x17:0x00000001 x31:0x0000000d x30=0x00000001
       12415000	      1240	80002bd8	018ed663	bge	x29,x24,80002be4	 x29:0x80000174 x24:0x00000007
       12425000	      1241	80002bdc	4101d8b3	sra	x17,x3,x16	  x3:0x00000000 x16:0x00000009 x17=0x00000000
       12435000	      1242	80002be0	015158b3	srl	x17,x2,x21	  x2:0x80000000 x21:0x9bbd5a90 x17=0x00008000
       12445000	      1243	80002be4	01375663	bge	x14,x19,80002bf0	 x14:0xba322aec x19:0x0000009c
       12455000	      1244	80002be8	5b660f13	addi	x30,x12,1462	 x12:0x0000057d x30=0x00000b33
       12465000	      1245	80002bec	00093733	sltu	x14,x18,x0	 x18:0x00000003  x0:0x00000000 x14=0x00000000
       12475000	      1246	80002bf0	00000013	addi	x0,x0,0	  x0:0x00000000
       12485000	      1247	80002bf4	017edfb3	srl	x31,x29,x23	 x29:0x80000174 x23:0x00000000 x31=0x80000174
       12495000	      1248	80002bf8	48e2c313	xori	x6,x5,1166	  x5:0x00000000  x6=0x0000048e
       12505000	      1249	80002bfc	aedd3c37	lui	x24,0xaedd3	 x24=0xaedd3000
       12515000	      1250	80002c00	0095ad33	slt	x26,x11,x9	 x11:0x80009fc4  x9:0x80009f58 x26=0x00000000
       12525000	      1251	80002c04	03441a63	bne	x8,x20,80002c38	  x8:0xfffffff0 x20:0x00000006
       12535000	      1252	00000000	00000013	addi	x0,x0,0	  x0:0x00000000
       12545000	      1253	80002c34	00000013	addi	x0,x0,0	  x0:0x00000000
       12555000	      1254	80002c38	01d08f33	add	x30,x1,x29	  x1:0x0000072f x29:0x80000174 x30=0x800008a3
       12565000	      1255	80002c3c	03499863	bne	x19,x20,80002c6c	 x19:0x0000009c x20:0x00000006
       12575000	      1256	00000000	00000013	addi	x0,x0,0	  x0:0x00000000
       12585000	      1257	80002c68	00000013	addi	x0,x0,0	  x0:0x00000000
       12595000	      1258	80002c6c	41bed213	srai	x4,x29,0x1b	 x29:0x80000174  x4=0xfffffff0
       12605000	      1259	80002c70	0183bc33	sltu	x24,x7,x24	  x7:0x073bdbbc x24:0xaedd3000 x24=0x00000001
       12615000	      1260	80002c74	5070ec93	ori	x25,x1,1287	  x1:0x0000072f x25=0x0000072f
       12625000	      1261	80002c78	00505193	srli	x3,x0,0x5	  x0:0x00000000  x3=0x00000000
       12635000	      1262	80002c7c	01eb9663	bne	x23,x30,80002c88	 x23:0x00000000 x30:0x800008a3
       12645000	      1263	00000000	00000013	addi	x0,x0,0	  x0:0x00000000
       12655000	      1264	80002c84	00000013	addi	x0,x0,0	  x0:0x00000000
       12665000	      1265	80002c88	04b27463	bgeu	x4,x11,80002cd0	  x4:0xfffffff0 x11:0x80009fc4
       12675000	      1266	00000000	00000013	addi	x0,x0,0	  x0:0x00000000
       12685000	      1267	80002ccc	00000013	addi	x0,x0,0	  x0:0x00000000
       12695000	      1268	80002cd0	2397b313	sltiu	x6,x15,569	 x15:0x00000001  x6=0x00000001
       12705000	      1269	80002cd4	000b1463	bne	x22,x0,80002cdc	 x22:0x00080000  x0:0x00000000
       12715000	      1270	00000000	00000013	addi	x0,x0,0	  x0:0x00000000
       12725000	      1271	80002cd8	00000013	addi	x0,x0,0	  x0:0x00000000
       12735000	      1272	80002cdc	0387f863	bgeu	x15,x24,80002d0c	 x15:0x00000001 x24:0x00000001
       12745000	      1273	00000000	00000013	addi	x0,x0,0	  x0:0x00000000
       12755000	      1274	80002d08	00000013	addi	x0,x0,0	  x0:0x00000000
       12765000	      1275	80002d0c	01d35b93	srli	x23,x6,0x1d	  x6:0x00000001 x23=0x00000000
       12775000	      1276	80002d10	81d73a13	sltiu	x20,x14,-2019	 x14:0x00000000 x20=0x00000001
       12785000	      1277	80002d14	f19c8d13	addi	x26,x25,-231	 x25:0x0000072f x26=0x00000648
       12795000	      1278	80002d18	014dc833	xor	x16,x27,x20	 x27:0xa7823000 x20:0x00000001 x16=0xa7823001
       12805000	      1279	80002d1c	01734463	blt	x6,x23,80002d24	  x6:0x00000001 x23:0x00000000
       12815000	      1280	80002d20	04aa4063	blt	x20,x10,80002d60	 x20:0x00000001 x10:0x00000000
       12825000	      1281	80002d24	403c83b3	sub	x7,x25,x3	 x25:0x0000072f  x3:0x00000000  x7=0x0000072f
       12835000	      1282	80002d28	40f2d7b3	sra	x15,x5,x15	  x5:0x00000000 x15:0x00000001 x15=0x00000000
       12845000	      1283	80002d2c	d90b6513	ori	x10,x22,-624	 x22:0x00080000 x10=0xfffffd90
       12855000	      1284	80002d30	40845313	srai	x6,x8,0x8	  x8:0xfffffff0  x6=0xffffffff
       12865000	      1285	80002d34	b30efa13	andi	x20,x29,-1232	 x29:0x80000174 x20=0x80000130
       12875000	      1286	80002d38	89f77c13	andi	x24,x14,-1889	 x14:0x00000000 x24=0x00000000
       12885000	      1287	80002d3c	00000013	addi	x0,x0,0	  x0:0x00000000
       12895000	      1288	80002d40	00fccc33	xor	x24,x25,x15	 x25:0x0000072f x15:0x00000000 x24=0x0000072f
       12905000	      1289	80002d44	d2b83fb7	lui	x31,0xd2b83	 x31=0xd2b83000
       12915000	      1290	80002d48	013e7833	and	x16,x28,x19	 x28:0xfffffff0 x19:0x0000009c x16=0x00000090
       12925000	      1291	80002d4c	00b1e663	bltu	x3,x11,80002d58	  x3:0x00000000 x11:0x80009fc4
       12935000	      1292	00000000	00000013	addi	x0,x0,0	  x0:0x00000000
       12945000	      1293	80002d54	00000013	addi	x0,x0,0	  x0:0x00000000
       12955000	      1294	80002d58	d38653b7	lui	x7,0xd3865	  x7=0xd3865000
       12965000	      1295	80002d5c	0338f263	bgeu	x17,x19,80002d80	 x17:0x00008000 x19:0x0000009c
       12975000	      1296	00000000	00000013	addi	x0,x0,0	  x0:0x00000000
       12985000	      1297	80002d7c	00000013	addi	x0,x0,0	  x0:0x00000000
       12995000	      1298	80002d80	40745333	sra	x6,x8,x7	  x8:0xfffffff0  x7:0xd3865000  x6=0xfffffff0
       13005000	      1299	80002d84	8c98a513	slti	x10,x17,-1847	 x17:0x00008000 x10=0x00000000
       13015000	      1300	80002d88	001edab3	srl	x21,x29,x1	 x29:0x80000174  x1:0x0000072f x21=0x00010000
       13025000	      1301	80002d8c	41e05793	srai	x15,x0,0x1e	  x0:0x00000000 x15=0x00000000
       13035000	      1302	80002d90	b83bc213	xori	x4,x23,-1149	 x23:0x00000000  x4=0xfffffb83
       13045000	      1303	80002d94	c58cac37	lui	x24,0xc58ca	 x24=0xc58ca000
       13055000	      1304	80002d98	01855933	srl	x18,x10,x24	 x10:0x00000000 x24:0xc58ca000 x18=0x00000000
       13065000	      1305	80002d9c	0000b6b3	sltu	x13,x1,x0	  x1:0x0000072f  x0:0x00000000 x13=0x00000000
       13075000	      1306	80002da0	02ae8863	beq	x29,x10,80002dd0	 x29:0x80000174 x10:0x00000000
       13085000	      1307	80002da4	419f5913	srai	x18,x30,0x19	 x30:0x800008a3 x18=0xffffffc0
       13095000	      1308	80002da8	11355d97	auipc	x27,0x11355	 x27=0x91357da4
       13105000	      1309	80002dac	010b20b3	slt	x1,x22,x16	 x22:0x00080000 x16:0x00000090  x1=0x00000000
       13115000	      1310	80002db0	04d17463	bgeu	x2,x13,80002df8	  x2:0x80000000 x13:0x00000000
       13125000	      1311	00000000	00000013	addi	x0,x0,0	  x0:0x00000000
       13135000	      1312	80002df4	00000013	addi	x0,x0,0	  x0:0x00000000
       13145000	      1313	80002df8	010d6663	bltu	x26,x16,80002e04	 x26:0x00000648 x16:0x00000090
       13155000	      1314	80002dfc	01acd333	srl	x6,x25,x26	 x25:0x0000072f x26:0x00000648  x6=0x00000007
       13165000	      1315	80002e00	01d29863	bne	x5,x29,80002e10	  x5:0x00000000 x29:0x80000174
       13175000	      1316	00000000	00000013	addi	x0,x0,0	  x0:0x00000000
       13185000	      1317	80002e0c	00000013	addi	x0,x0,0	  x0:0x00000000
       13195000	      1318	80002e10	41af8b33	sub	x22,x31,x26	 x31:0xd2b83000 x26:0x00000648 x22=0xd2b829b8
       13205000	      1319	80002e14	0044ae83	lw	x29,4(x9)	  x9:0x80009f58 x29=0x80000174 PA:0x80009f5c
       13215000	      1320	80002e18	41450cb3	sub	x25,x10,x20	 x10:0x00000000 x20:0x80000130 x25=0x7ffffed0
       13225000	      1321	80002e1c	23999ab7	lui	x21,0x23999	 x21=0x23999000
       13235000	      1322	80002e20	3bdfb013	sltiu	x0,x31,957	 x31:0xd2b83000
       13245000	      1323	80002e24	02c48493	addi	x9,x9,44	  x9:0x80009f58  x9=0x80009f84
       13255000	      1324	80002e28	00d99e13	slli	x28,x19,0xd	 x19:0x0000009c x28=0x00138000
       13265000	      1325	80002e2c	000e8313	addi	x6,x29,0	 x29:0x80000174  x6=0x80000174
       13275000	      1326	80002e30	00030367	jalr	x6,x6,0	  x6:0x80000174  x6=0x80002e30
       13285000	      1327	00000000	00000013	addi	x0,x0,0	  x0:0x00000000
       13295000	      1328	80000174	00000013	addi	x0,x0,0	  x0:0x00000000
       13305000	      1329	80000178	00001e97	auipc	x29,0x1	 x29=0x80001174
       13315000	      1330	8000017c	3b8e8e93	addi	x29,x29,952	 x29:0x80001174 x29=0x8000152c
       13325000	      1331	80000180	0109d513	srli	x10,x19,0x10	 x19:0x0000009c x10=0x00000000
       13335000	      1332	80000184	43962a17	auipc	x20,0x43962	 x20=0xc3962180
       13345000	      1333	80000188	00099a13	slli	x20,x19,0x0	 x19:0x0000009c x20=0x0000009c
       13355000	      1334	8000018c	322e8e93	addi	x29,x29,802	 x29:0x8000152c x29=0x8000184e
       13365000	      1335	80000190	4138df33	sra	x30,x17,x19	 x17:0x00008000 x19:0x0000009c x30=0x00000000
       13375000	      1336	80000194	00c55e13	srli	x28,x10,0xc	 x10:0x00000000 x28=0x00000000
       13385000	      1337	80000198	016dd333	srl	x6,x27,x22	 x27:0x91357da4 x22:0xd2b829b8  x6=0x00000091
       13395000	      1338	8000019c	cdfe8ee7	jalr	x29,x29,-801	 x29:0x8000184e x29=0x8000019c
       13405000	      1339	00000000	00000013	addi	x0,x0,0	  x0:0x00000000
       13415000	      1340	8000152c	00000013	addi	x0,x0,0	  x0:0x00000000
       13425000	      1341	80001530	7b28bb93	sltiu	x23,x17,1970	 x17:0x00008000 x23=0x00000000
       13435000	      1342	80001534	fc048493	addi	x9,x9,-64	  x9:0x80009f84  x9=0x80009f44
       13445000	      1343	80001538	007ddd33	srl	x26,x27,x7	 x27:0x91357da4  x7:0xd3865000 x26=0x91357da4
       13455000	      1344	8000153c	401a5233	sra	x4,x20,x1	 x20:0x0000009c  x1:0x00000000  x4=0x0000009c
       13465000	      1345	80001540	7b0e7997	auipc	x19,0x7b0e7	 x19=0xfb0e853c
       13475000	      1346	80001544	01d4a223	sw	x29,4(x9)	  x9:0x80009f44 x29:0x8000019c PA:0x80009f48
       13485000	      1347	80001548	01635393	srli	x7,x6,0x16	  x6:0x00000091  x7=0x00000000
       13495000	      1348	8000154c	0042b7b3	sltu	x15,x5,x4	  x5:0x00000000  x4:0x0000009c x15=0x00000001
       13505000	      1349	80001550	011caa33	slt	x20,x25,x17	 x25:0x7ffffed0 x17:0x00008000 x20=0x00000000
       13515000	      1350	80001554	010afa33	and	x20,x21,x16	 x21:0x23999000 x16:0x00000090 x20=0x00000000
       13525000	      1351	80001558	e789b613	sltiu	x12,x19,-392	 x19:0xfb0e853c x12=0x00000001
       13535000	      1352	8000155c	009f1a33	sll	x20,x30,x9	 x30:0x00000000  x9:0x80009f44 x20=0x00000000
       13545000	      1353	80001560	00011e63	bne	x2,x0,8000157c	  x2:0x80000000  x0:0x00000000
       13555000	      1354	00000000	00000013	addi	x0,x0,0	  x0:0x00000000
       13565000	      1355	80001578	00000013	addi	x0,x0,0	  x0:0x00000000
       13575000	      1356	8000157c	41510933	sub	x18,x2,x21	  x2:0x80000000 x21:0x23999000 x18=0x5c667000
       13585000	      1357	80001580	019cd993	srli	x19,x25,0x19	 x25:0x7ffffed0 x19=0x0000003f
       13595000	      1358	80001584	290e3d13	sltiu	x26,x28,656	 x28:0x00000000 x26=0x00000001
       13605000	      1359	80001588	00d9f6b3	and	x13,x19,x13	 x19:0x0000003f x13:0x00000000 x13=0x00000000
       13615000	      1360	8000158c	41b688b3	sub	x17,x13,x27	 x13:0x00000000 x27:0x91357da4 x17=0x6eca825c
       13625000	      1361	80001590	014e1913	slli	x18,x28,0x14	 x28:0x00000000 x18=0x00000000
       13635000	      1362	80001594	69c1e813	ori	x16,x3,1692	  x3:0x00000000 x16=0x0000069c
       13645000	      1363	80001598	0176a033	slt	x0,x13,x23	 x13:0x00000000 x23:0x00000000
       13655000	      1364	8000159c	01753933	sltu	x18,x10,x23	 x10:0x00000000 x23:0x00000000 x18=0x00000000
       13665000	      1365	800015a0	00b39463	bne	x7,x11,800015a8	  x7:0x00000000 x11:0x80009fc4
       13675000	      1366	00000000	00000013	addi	x0,x0,0	  x0:0x00000000
       13685000	      1367	800015a4	00000013	addi	x0,x0,0	  x0:0x00000000
       13695000	      1368	800015a8	40a000b3	sub	x1,x0,x10	  x0:0x00000000 x10:0x00000000  x1=0x00000000
       13705000	      1369	800015ac	0044ae83	lw	x29,4(x9)	  x9:0x80009f44 x29=0x8000019c PA:0x80009f48
       13715000	      1370	800015b0	00c9c633	xor	x12,x19,x12	 x19:0x0000003f x12:0x00000001 x12=0x0000003e
       13725000	      1371	800015b4	27a2f397	auipc	x7,0x27a2f	  x7=0xa7a305b0
       13735000	      1372	800015b8	d3914d13	xori	x26,x2,-711	  x2:0x80000000 x26=0x7ffffd39
       13745000	      1373	800015bc	04048493	addi	x9,x9,64	  x9:0x80009f44  x9=0x80009f84
       13755000	      1374	800015c0	0063d213	srli	x4,x7,0x6	  x7:0xa7a305b0  x4=0x029e8c16
       13765000	      1375	800015c4	000e8d93	addi	x27,x29,0	 x29:0x8000019c x27=0x8000019c
       13775000	      1376	800015c8	000d8de7	jalr	x27,x27,0	 x27:0x8000019c x27=0x800015c8
       13785000	      1377	00000000	00000013	addi	x0,x0,0	  x0:0x00000000
       13795000	      1378	8000019c	00000013	addi	x0,x0,0	  x0:0x00000000
       13805000	      1379	800001a0	00a00c13	addi	x24,x0,10	  x0:0x00000000 x24=0x0000000a
       13815000	      1380	800001a4	017d8833	add	x16,x27,x23	 x27:0x800015c8 x23:0x00000000 x16=0x800015c8
       13825000	      1381	800001a8	ff500613	addi	x12,x0,-11	  x0:0x00000000 x12=0xfffffff5
       13835000	      1382	800001ac	41e40b33	sub	x22,x8,x30	  x8:0xfffffff0 x30:0x00000000 x22=0xfffffff0
       13845000	      1383	800001b0	411c57b3	sra	x15,x24,x17	 x24:0x0000000a x17:0x6eca825c x15=0x00000000
       13855000	      1384	800001b4	ffbc0c13	addi	x24,x24,-5	 x24:0x0000000a x24=0x00000005
       13865000	      1385	800001b8	003f1d93	slli	x27,x30,0x3	 x30:0x00000000 x27=0x00000000
       13875000	      1386	800001bc	fecc58e3	bge	x24,x12,800001ac	 x24:0x00000005 x12:0xfffffff5
       13885000	      1387	00000000	00000013	addi	x0,x0,0	  x0:0x00000000
       13895000	      1388	800001a8	00000013	addi	x0,x0,0	  x0:0x00000000
       13905000	      1389	800001ac	41e40b33	sub	x22,x8,x30	  x8:0xfffffff0 x30:0x00000000 x22=0xfffffff0
       13915000	      1390	800001b0	411c57b3	sra	x15,x24,x17	 x24:0x00000005 x17:0x6eca825c x15=0x00000000
       13925000	      1391	800001b4	ffbc0c13	addi	x24,x24,-5	 x24:0x00000005 x24=0x00000000
       13935000	      1392	800001b8	003f1d93	slli	x27,x30,0x3	 x30:0x00000000 x27=0x00000000
       13945000	      1393	800001bc	fecc58e3	bge	x24,x12,800001ac	 x24:0x00000000 x12:0xfffffff5
       13955000	      1394	00000000	00000013	addi	x0,x0,0	  x0:0x00000000
       13965000	      1395	800001a8	00000013	addi	x0,x0,0	  x0:0x00000000
       13975000	      1396	800001ac	41e40b33	sub	x22,x8,x30	  x8:0xfffffff0 x30:0x00000000 x22=0xfffffff0
       13985000	      1397	800001b0	411c57b3	sra	x15,x24,x17	 x24:0x00000000 x17:0x6eca825c x15=0x00000000
       13995000	      1398	800001b4	ffbc0c13	addi	x24,x24,-5	 x24:0x00000000 x24=0xfffffffb
       14005000	      1399	800001b8	003f1d93	slli	x27,x30,0x3	 x30:0x00000000 x27=0x00000000
       14015000	      1400	800001bc	fecc58e3	bge	x24,x12,800001ac	 x24:0xfffffffb x12:0xfffffff5
       14025000	      1401	00000000	00000013	addi	x0,x0,0	  x0:0x00000000
       14035000	      1402	800001a8	00000013	addi	x0,x0,0	  x0:0x00000000
       14045000	      1403	800001ac	41e40b33	sub	x22,x8,x30	  x8:0xfffffff0 x30:0x00000000 x22=0xfffffff0
       14055000	      1404	800001b0	411c57b3	sra	x15,x24,x17	 x24:0xfffffffb x17:0x6eca825c x15=0xffffffff
       14065000	      1405	800001b4	ffbc0c13	addi	x24,x24,-5	 x24:0xfffffffb x24=0xfffffff6
       14075000	      1406	800001b8	003f1d93	slli	x27,x30,0x3	 x30:0x00000000 x27=0x00000000
       14085000	      1407	800001bc	fecc58e3	bge	x24,x12,800001ac	 x24:0xfffffff6 x12:0xfffffff5
       14095000	      1408	00000000	00000013	addi	x0,x0,0	  x0:0x00000000
       14105000	      1409	800001a8	00000013	addi	x0,x0,0	  x0:0x00000000
       14115000	      1410	800001ac	41e40b33	sub	x22,x8,x30	  x8:0xfffffff0 x30:0x00000000 x22=0xfffffff0
       14125000	      1411	800001b0	411c57b3	sra	x15,x24,x17	 x24:0xfffffff6 x17:0x6eca825c x15=0xffffffff
       14135000	      1412	800001b4	ffbc0c13	addi	x24,x24,-5	 x24:0xfffffff6 x24=0xfffffff1
       14145000	      1413	800001b8	003f1d93	slli	x27,x30,0x3	 x30:0x00000000 x27=0x00000000
       14155000	      1414	800001bc	fecc58e3	bge	x24,x12,800001ac	 x24:0xfffffff1 x12:0xfffffff5
       14165000	      1415	800001c0	9956c913	xori	x18,x13,-1643	 x13:0x00000000 x18=0xfffff995
       14175000	      1416	800001c4	00100d13	addi	x26,x0,1	  x0:0x00000000 x26=0x00000001
       14185000	      1417	800001c8	002e76b3	and	x13,x28,x2	 x28:0x00000000  x2:0x80000000 x13=0x00000000
       14195000	      1418	800001cc	ba0e2613	slti	x12,x28,-1120	 x28:0x00000000 x12=0x00000000
       14205000	      1419	800001d0	40f15b13	srai	x22,x2,0xf	  x2:0x80000000 x22=0xffff0000
       14215000	      1420	800001d4	987b4a93	xori	x21,x22,-1657	 x22:0xffff0000 x21=0x0000f987
       14225000	      1421	800001d8	00d2bc33	sltu	x24,x5,x13	  x5:0x00000000 x13:0x00000000 x24=0x00000000
       14235000	      1422	800001dc	ff200993	addi	x19,x0,-14	  x0:0x00000000 x19=0xfffffff2
       14245000	      1423	800001e0	61064193	xori	x3,x12,1552	 x12:0x00000000  x3=0x00000610
       14255000	      1424	800001e4	00000013	addi	x0,x0,0	  x0:0x00000000
       14265000	      1425	800001e8	016f7ab3	and	x21,x30,x22	 x30:0x00000000 x22:0xffff0000 x21=0x00000000
       14275000	      1426	800001ec	26821517	auipc	x10,0x26821	 x10=0xa68211e8
       14285000	      1427	800001f0	40d95d93	srai	x27,x18,0xd	 x18:0xfffff995 x27=0xffffffff
       14295000	      1428	800001f4	414707b3	sub	x15,x14,x20	 x14:0x00000000 x20:0x00000000 x15=0x00000000
       14305000	      1429	800001f8	00c7c933	xor	x18,x15,x12	 x15:0x00000000 x12:0x00000000 x18=0x00000000
       14315000	      1430	800001fc	085fbf37	lui	x30,0x85fb	 x30=0x085fb000
       14325000	      1431	80000200	ffbd0d13	addi	x26,x26,-5	 x26:0x00000001 x26=0xfffffffc
       14335000	      1432	80000204	2c738e93	addi	x29,x7,711	  x7:0xa7a305b0 x29=0xa7a30877
       14345000	      1433	80000208	c2c94293	xori	x5,x18,-980	 x18:0x00000000  x5=0xfffffc2c
       14355000	      1434	8000020c	4b71a293	slti	x5,x3,1207	  x3:0x00000610  x5=0x00000000
       14365000	      1435	80000210	fd3d5ce3	bge	x26,x19,800001e8	 x26:0xfffffffc x19:0xfffffff2
       14375000	      1436	00000000	00000013	addi	x0,x0,0	  x0:0x00000000
       14385000	      1437	800001e4	00000013	addi	x0,x0,0	  x0:0x00000000
       14395000	      1438	800001e8	016f7ab3	and	x21,x30,x22	 x30:0x085fb000 x22:0xffff0000 x21=0x085f0000
       14405000	      1439	800001ec	26821517	auipc	x10,0x26821	 x10=0xa68211e8
       14415000	      1440	800001f0	40d95d93	srai	x27,x18,0xd	 x18:0x00000000 x27=0x00000000
       14425000	      1441	800001f4	414707b3	sub	x15,x14,x20	 x14:0x00000000 x20:0x00000000 x15=0x00000000
       14435000	      1442	800001f8	00c7c933	xor	x18,x15,x12	 x15:0x00000000 x12:0x00000000 x18=0x00000000
       14445000	      1443	800001fc	085fbf37	lui	x30,0x85fb	 x30=0x085fb000
       14455000	      1444	80000200	ffbd0d13	addi	x26,x26,-5	 x26:0xfffffffc x26=0xfffffff7
       14465000	      1445	80000204	2c738e93	addi	x29,x7,711	  x7:0xa7a305b0 x29=0xa7a30877
       14475000	      1446	80000208	c2c94293	xori	x5,x18,-980	 x18:0x00000000  x5=0xfffffc2c
       14485000	      1447	8000020c	4b71a293	slti	x5,x3,1207	  x3:0x00000610  x5=0x00000000
       14495000	      1448	80000210	fd3d5ce3	bge	x26,x19,800001e8	 x26:0xfffffff7 x19:0xfffffff2
       14505000	      1449	00000000	00000013	addi	x0,x0,0	  x0:0x00000000
       14515000	      1450	800001e4	00000013	addi	x0,x0,0	  x0:0x00000000
       14525000	      1451	800001e8	016f7ab3	and	x21,x30,x22	 x30:0x085fb000 x22:0xffff0000 x21=0x085f0000
       14535000	      1452	800001ec	26821517	auipc	x10,0x26821	 x10=0xa68211e8
       14545000	      1453	800001f0	40d95d93	srai	x27,x18,0xd	 x18:0x00000000 x27=0x00000000
       14555000	      1454	800001f4	414707b3	sub	x15,x14,x20	 x14:0x00000000 x20:0x00000000 x15=0x00000000
       14565000	      1455	800001f8	00c7c933	xor	x18,x15,x12	 x15:0x00000000 x12:0x00000000 x18=0x00000000
       14575000	      1456	800001fc	085fbf37	lui	x30,0x85fb	 x30=0x085fb000
       14585000	      1457	80000200	ffbd0d13	addi	x26,x26,-5	 x26:0xfffffff7 x26=0xfffffff2
       14595000	      1458	80000204	2c738e93	addi	x29,x7,711	  x7:0xa7a305b0 x29=0xa7a30877
       14605000	      1459	80000208	c2c94293	xori	x5,x18,-980	 x18:0x00000000  x5=0xfffffc2c
       14615000	      1460	8000020c	4b71a293	slti	x5,x3,1207	  x3:0x00000610  x5=0x00000000
       14625000	      1461	80000210	fd3d5ce3	bge	x26,x19,800001e8	 x26:0xfffffff2 x19:0xfffffff2
       14635000	      1462	00000000	00000013	addi	x0,x0,0	  x0:0x00000000
       14645000	      1463	800001e4	00000013	addi	x0,x0,0	  x0:0x00000000
       14655000	      1464	800001e8	016f7ab3	and	x21,x30,x22	 x30:0x085fb000 x22:0xffff0000 x21=0x085f0000
       14665000	      1465	800001ec	26821517	auipc	x10,0x26821	 x10=0xa68211e8
       14675000	      1466	800001f0	40d95d93	srai	x27,x18,0xd	 x18:0x00000000 x27=0x00000000
       14685000	      1467	800001f4	414707b3	sub	x15,x14,x20	 x14:0x00000000 x20:0x00000000 x15=0x00000000
       14695000	      1468	800001f8	00c7c933	xor	x18,x15,x12	 x15:0x00000000 x12:0x00000000 x18=0x00000000
       14705000	      1469	800001fc	085fbf37	lui	x30,0x85fb	 x30=0x085fb000
       14715000	      1470	80000200	ffbd0d13	addi	x26,x26,-5	 x26:0xfffffff2 x26=0xffffffed
       14725000	      1471	80000204	2c738e93	addi	x29,x7,711	  x7:0xa7a305b0 x29=0xa7a30877
       14735000	      1472	80000208	c2c94293	xori	x5,x18,-980	 x18:0x00000000  x5=0xfffffc2c
       14745000	      1473	8000020c	4b71a293	slti	x5,x3,1207	  x3:0x00000610  x5=0x00000000
       14755000	      1474	80000210	fd3d5ce3	bge	x26,x19,800001e8	 x26:0xffffffed x19:0xfffffff2
       14765000	      1475	80000214	eae74793	xori	x15,x14,-338	 x14:0x00000000 x15=0xfffffeae
       14775000	      1476	80000218	00600e93	addi	x29,x0,6	  x0:0x00000000 x29=0x00000006
       14785000	      1477	8000021c	41b2d013	srai	x0,x5,0x1b	  x5:0x00000000
       14795000	      1478	80000220	fed00793	addi	x15,x0,-19	  x0:0x00000000 x15=0xffffffed
       14805000	      1479	80000224	00a2a2b3	slt	x5,x5,x10	  x5:0x00000000 x10:0xa68211e8  x5=0x00000000
       14815000	      1480	80000228	001f9613	slli	x12,x31,0x1	 x31:0xd2b83000 x12=0xa5706000
       14825000	      1481	8000022c	016bbbb3	sltu	x23,x23,x22	 x23:0x00000000 x22:0xffff0000 x23=0x00000001
       14835000	      1482	80000230	ffbe8e93	addi	x29,x29,-5	 x29:0x00000006 x29=0x00000001
       14845000	      1483	80000234	ffa00f13	addi	x30,x0,-6	  x0:0x00000000 x30=0xfffffffa
       14855000	      1484	80000238	00000013	addi	x0,x0,0	  x0:0x00000000
       14865000	      1485	8000023c	ff200413	addi	x8,x0,-14	  x0:0x00000000  x8=0xfffffff2
       14875000	      1486	80000240	c78c0613	addi	x12,x24,-904	 x24:0x00000000 x12=0xfffffc78
       14885000	      1487	80000244	01e6ec33	or	x24,x13,x30	 x13:0x00000000 x30:0xfffffffa x24=0xfffffffa
       14895000	      1488	80000248	f3b6a913	slti	x18,x13,-197	 x13:0x00000000 x18=0x00000000
       14905000	      1489	8000024c	ff8f0f13	addi	x30,x30,-8	 x30:0xfffffffa x30=0xfffffff2
       14915000	      1490	80000250	0097dc93	srli	x25,x15,0x9	 x15:0xffffffed x25=0x007fffff
       14925000	      1491	80000254	fe8f06e3	beq	x30,x8,80000240	 x30:0xfffffff2  x8:0xfffffff2
       14935000	      1492	00000000	00000013	addi	x0,x0,0	  x0:0x00000000
       14945000	      1493	8000023c	00000013	addi	x0,x0,0	  x0:0x00000000
       14955000	      1494	80000240	c78c0613	addi	x12,x24,-904	 x24:0xfffffffa x12=0xfffffc72
       14965000	      1495	80000244	01e6ec33	or	x24,x13,x30	 x13:0x00000000 x30:0xfffffff2 x24=0xfffffff2
       14975000	      1496	80000248	f3b6a913	slti	x18,x13,-197	 x13:0x00000000 x18=0x00000000
       14985000	      1497	8000024c	ff8f0f13	addi	x30,x30,-8	 x30:0xfffffff2 x30=0xffffffea
       14995000	      1498	80000250	0097dc93	srli	x25,x15,0x9	 x15:0xffffffed x25=0x007fffff
       15005000	      1499	80000254	fe8f06e3	beq	x30,x8,80000240	 x30:0xffffffea  x8:0xfffffff2
       15015000	      1500	80000258	01b609b3	add	x19,x12,x27	 x12:0xfffffc72 x27:0x00000000 x19=0xfffffc72
       15025000	      1501	8000025c	fcfe94e3	bne	x29,x15,80000224	 x29:0x00000001 x15:0xffffffed
       15035000	      1502	00000000	00000013	addi	x0,x0,0	  x0:0x00000000
       15045000	      1503	80000220	00000013	addi	x0,x0,0	  x0:0x00000000
       15055000	      1504	80000224	00a2a2b3	slt	x5,x5,x10	  x5:0x00000000 x10:0xa68211e8  x5=0x00000000
       15065000	      1505	80000228	001f9613	slli	x12,x31,0x1	 x31:0xd2b83000 x12=0xa5706000
       15075000	      1506	8000022c	016bbbb3	sltu	x23,x23,x22	 x23:0x00000001 x22:0xffff0000 x23=0x00000001
       15085000	      1507	80000230	ffbe8e93	addi	x29,x29,-5	 x29:0x00000001 x29=0xfffffffc
       15095000	      1508	80000234	ffa00f13	addi	x30,x0,-6	  x0:0x00000000 x30=0xfffffffa
       15105000	      1509	80000238	00000013	addi	x0,x0,0	  x0:0x00000000
       15115000	      1510	8000023c	ff200413	addi	x8,x0,-14	  x0:0x00000000  x8=0xfffffff2
       15125000	      1511	80000240	c78c0613	addi	x12,x24,-904	 x24:0xfffffff2 x12=0xfffffc6a
       15135000	      1512	80000244	01e6ec33	or	x24,x13,x30	 x13:0x00000000 x30:0xfffffffa x24=0xfffffffa
       15145000	      1513	80000248	f3b6a913	slti	x18,x13,-197	 x13:0x00000000 x18=0x00000000
       15155000	      1514	8000024c	ff8f0f13	addi	x30,x30,-8	 x30:0xfffffffa x30=0xfffffff2
       15165000	      1515	80000250	0097dc93	srli	x25,x15,0x9	 x15:0xffffffed x25=0x007fffff
       15175000	      1516	80000254	fe8f06e3	beq	x30,x8,80000240	 x30:0xfffffff2  x8:0xfffffff2
       15185000	      1517	00000000	00000013	addi	x0,x0,0	  x0:0x00000000
       15195000	      1518	8000023c	00000013	addi	x0,x0,0	  x0:0x00000000
       15205000	      1519	80000240	c78c0613	addi	x12,x24,-904	 x24:0xfffffffa x12=0xfffffc72
       15215000	      1520	80000244	01e6ec33	or	x24,x13,x30	 x13:0x00000000 x30:0xfffffff2 x24=0xfffffff2
       15225000	      1521	80000248	f3b6a913	slti	x18,x13,-197	 x13:0x00000000 x18=0x00000000
       15235000	      1522	8000024c	ff8f0f13	addi	x30,x30,-8	 x30:0xfffffff2 x30=0xffffffea
       15245000	      1523	80000250	0097dc93	srli	x25,x15,0x9	 x15:0xffffffed x25=0x007fffff
       15255000	      1524	80000254	fe8f06e3	beq	x30,x8,80000240	 x30:0xffffffea  x8:0xfffffff2
       15265000	      1525	80000258	01b609b3	add	x19,x12,x27	 x12:0xfffffc72 x27:0x00000000 x19=0xfffffc72
       15275000	      1526	8000025c	fcfe94e3	bne	x29,x15,80000224	 x29:0xfffffffc x15:0xffffffed
       15285000	      1527	00000000	00000013	addi	x0,x0,0	  x0:0x00000000
       15295000	      1528	80000220	00000013	addi	x0,x0,0	  x0:0x00000000
       15305000	      1529	80000224	00a2a2b3	slt	x5,x5,x10	  x5:0x00000000 x10:0xa68211e8  x5=0x00000000
       15315000	      1530	80000228	001f9613	slli	x12,x31,0x1	 x31:0xd2b83000 x12=0xa5706000
       15325000	      1531	8000022c	016bbbb3	sltu	x23,x23,x22	 x23:0x00000001 x22:0xffff0000 x23=0x00000001
       15335000	      1532	80000230	ffbe8e93	addi	x29,x29,-5	 x29:0xfffffffc x29=0xfffffff7
       15345000	      1533	80000234	ffa00f13	addi	x30,x0,-6	  x0:0x00000000 x30=0xfffffffa
       15355000	      1534	80000238	00000013	addi	x0,x0,0	  x0:0x00000000
       15365000	      1535	8000023c	ff200413	addi	x8,x0,-14	  x0:0x00000000  x8=0xfffffff2
       15375000	      1536	80000240	c78c0613	addi	x12,x24,-904	 x24:0xfffffff2 x12=0xfffffc6a
       15385000	      1537	80000244	01e6ec33	or	x24,x13,x30	 x13:0x00000000 x30:0xfffffffa x24=0xfffffffa
       15395000	      1538	80000248	f3b6a913	slti	x18,x13,-197	 x13:0x00000000 x18=0x00000000
       15405000	      1539	8000024c	ff8f0f13	addi	x30,x30,-8	 x30:0xfffffffa x30=0xfffffff2
       15415000	      1540	80000250	0097dc93	srli	x25,x15,0x9	 x15:0xffffffed x25=0x007fffff
       15425000	      1541	80000254	fe8f06e3	beq	x30,x8,80000240	 x30:0xfffffff2  x8:0xfffffff2
       15435000	      1542	00000000	00000013	addi	x0,x0,0	  x0:0x00000000
       15445000	      1543	8000023c	00000013	addi	x0,x0,0	  x0:0x00000000
       15455000	      1544	80000240	c78c0613	addi	x12,x24,-904	 x24:0xfffffffa x12=0xfffffc72
       15465000	      1545	80000244	01e6ec33	or	x24,x13,x30	 x13:0x00000000 x30:0xfffffff2 x24=0xfffffff2
       15475000	      1546	80000248	f3b6a913	slti	x18,x13,-197	 x13:0x00000000 x18=0x00000000
       15485000	      1547	8000024c	ff8f0f13	addi	x30,x30,-8	 x30:0xfffffff2 x30=0xffffffea
       15495000	      1548	80000250	0097dc93	srli	x25,x15,0x9	 x15:0xffffffed x25=0x007fffff
       15505000	      1549	80000254	fe8f06e3	beq	x30,x8,80000240	 x30:0xffffffea  x8:0xfffffff2
       15515000	      1550	80000258	01b609b3	add	x19,x12,x27	 x12:0xfffffc72 x27:0x00000000 x19=0xfffffc72
       15525000	      1551	8000025c	fcfe94e3	bne	x29,x15,80000224	 x29:0xfffffff7 x15:0xffffffed
       15535000	      1552	00000000	00000013	addi	x0,x0,0	  x0:0x00000000
       15545000	      1553	80000220	00000013	addi	x0,x0,0	  x0:0x00000000
       15555000	      1554	80000224	00a2a2b3	slt	x5,x5,x10	  x5:0x00000000 x10:0xa68211e8  x5=0x00000000
       15565000	      1555	80000228	001f9613	slli	x12,x31,0x1	 x31:0xd2b83000 x12=0xa5706000
       15575000	      1556	8000022c	016bbbb3	sltu	x23,x23,x22	 x23:0x00000001 x22:0xffff0000 x23=0x00000001
       15585000	      1557	80000230	ffbe8e93	addi	x29,x29,-5	 x29:0xfffffff7 x29=0xfffffff2
       15595000	      1558	80000234	ffa00f13	addi	x30,x0,-6	  x0:0x00000000 x30=0xfffffffa
       15605000	      1559	80000238	00000013	addi	x0,x0,0	  x0:0x00000000
       15615000	      1560	8000023c	ff200413	addi	x8,x0,-14	  x0:0x00000000  x8=0xfffffff2
       15625000	      1561	80000240	c78c0613	addi	x12,x24,-904	 x24:0xfffffff2 x12=0xfffffc6a
       15635000	      1562	80000244	01e6ec33	or	x24,x13,x30	 x13:0x00000000 x30:0xfffffffa x24=0xfffffffa
       15645000	      1563	80000248	f3b6a913	slti	x18,x13,-197	 x13:0x00000000 x18=0x00000000
       15655000	      1564	8000024c	ff8f0f13	addi	x30,x30,-8	 x30:0xfffffffa x30=0xfffffff2
       15665000	      1565	80000250	0097dc93	srli	x25,x15,0x9	 x15:0xffffffed x25=0x007fffff
       15675000	      1566	80000254	fe8f06e3	beq	x30,x8,80000240	 x30:0xfffffff2  x8:0xfffffff2
       15685000	      1567	00000000	00000013	addi	x0,x0,0	  x0:0x00000000
       15695000	      1568	8000023c	00000013	addi	x0,x0,0	  x0:0x00000000
       15705000	      1569	80000240	c78c0613	addi	x12,x24,-904	 x24:0xfffffffa x12=0xfffffc72
       15715000	      1570	80000244	01e6ec33	or	x24,x13,x30	 x13:0x00000000 x30:0xfffffff2 x24=0xfffffff2
       15725000	      1571	80000248	f3b6a913	slti	x18,x13,-197	 x13:0x00000000 x18=0x00000000
       15735000	      1572	8000024c	ff8f0f13	addi	x30,x30,-8	 x30:0xfffffff2 x30=0xffffffea
       15745000	      1573	80000250	0097dc93	srli	x25,x15,0x9	 x15:0xffffffed x25=0x007fffff
       15755000	      1574	80000254	fe8f06e3	beq	x30,x8,80000240	 x30:0xffffffea  x8:0xfffffff2
       15765000	      1575	80000258	01b609b3	add	x19,x12,x27	 x12:0xfffffc72 x27:0x00000000 x19=0xfffffc72
       15775000	      1576	8000025c	fcfe94e3	bne	x29,x15,80000224	 x29:0xfffffff2 x15:0xffffffed
       15785000	      1577	00000000	00000013	addi	x0,x0,0	  x0:0x00000000
       15795000	      1578	80000220	00000013	addi	x0,x0,0	  x0:0x00000000
       15805000	      1579	80000224	00a2a2b3	slt	x5,x5,x10	  x5:0x00000000 x10:0xa68211e8  x5=0x00000000
       15815000	      1580	80000228	001f9613	slli	x12,x31,0x1	 x31:0xd2b83000 x12=0xa5706000
       15825000	      1581	8000022c	016bbbb3	sltu	x23,x23,x22	 x23:0x00000001 x22:0xffff0000 x23=0x00000001
       15835000	      1582	80000230	ffbe8e93	addi	x29,x29,-5	 x29:0xfffffff2 x29=0xffffffed
       15845000	      1583	80000234	ffa00f13	addi	x30,x0,-6	  x0:0x00000000 x30=0xfffffffa
       15855000	      1584	80000238	00000013	addi	x0,x0,0	  x0:0x00000000
       15865000	      1585	8000023c	ff200413	addi	x8,x0,-14	  x0:0x00000000  x8=0xfffffff2
       15875000	      1586	80000240	c78c0613	addi	x12,x24,-904	 x24:0xfffffff2 x12=0xfffffc6a
       15885000	      1587	80000244	01e6ec33	or	x24,x13,x30	 x13:0x00000000 x30:0xfffffffa x24=0xfffffffa
       15895000	      1588	80000248	f3b6a913	slti	x18,x13,-197	 x13:0x00000000 x18=0x00000000
       15905000	      1589	8000024c	ff8f0f13	addi	x30,x30,-8	 x30:0xfffffffa x30=0xfffffff2
       15915000	      1590	80000250	0097dc93	srli	x25,x15,0x9	 x15:0xffffffed x25=0x007fffff
       15925000	      1591	80000254	fe8f06e3	beq	x30,x8,80000240	 x30:0xfffffff2  x8:0xfffffff2
       15935000	      1592	00000000	00000013	addi	x0,x0,0	  x0:0x00000000
       15945000	      1593	8000023c	00000013	addi	x0,x0,0	  x0:0x00000000
       15955000	      1594	80000240	c78c0613	addi	x12,x24,-904	 x24:0xfffffffa x12=0xfffffc72
       15965000	      1595	80000244	01e6ec33	or	x24,x13,x30	 x13:0x00000000 x30:0xfffffff2 x24=0xfffffff2
       15975000	      1596	80000248	f3b6a913	slti	x18,x13,-197	 x13:0x00000000 x18=0x00000000
       15985000	      1597	8000024c	ff8f0f13	addi	x30,x30,-8	 x30:0xfffffff2 x30=0xffffffea
       15995000	      1598	80000250	0097dc93	srli	x25,x15,0x9	 x15:0xffffffed x25=0x007fffff
       16005000	      1599	80000254	fe8f06e3	beq	x30,x8,80000240	 x30:0xffffffea  x8:0xfffffff2
       16015000	      1600	80000258	01b609b3	add	x19,x12,x27	 x12:0xfffffc72 x27:0x00000000 x19=0xfffffc72
       16025000	      1601	8000025c	fcfe94e3	bne	x29,x15,80000224	 x29:0xffffffed x15:0xffffffed
       16035000	      1602	80000260	0e24f213	andi	x4,x9,226	  x9:0x80009f84  x4=0x00000080
       16045000	      1603	80000264	0034be33	sltu	x28,x9,x3	  x9:0x80009f84  x3:0x00000610 x28=0x00000000
       16055000	      1604	80000268	014bbe33	sltu	x28,x23,x20	 x23:0x00000001 x20:0x00000000 x28=0x00000000
       16065000	      1605	8000026c	03bb6a63	bltu	x22,x27,800002a0	 x22:0xffff0000 x27:0x00000000
       16075000	      1606	80000270	00341e13	slli	x28,x8,0x3	  x8:0xfffffff2 x28=0xffffff90
       16085000	      1607	80000274	005eb3b3	sltu	x7,x29,x5	 x29:0xffffffed  x5:0x00000000  x7=0x00000000
       16095000	      1608	80000278	04add063	bge	x27,x10,800002b8	 x27:0x00000000 x10:0xa68211e8
       16105000	      1609	00000000	00000013	addi	x0,x0,0	  x0:0x00000000
       16115000	      1610	800002b4	00000013	addi	x0,x0,0	  x0:0x00000000
       16125000	      1611	800002b8	0113f533	and	x10,x7,x17	  x7:0x00000000 x17:0x6eca825c x10=0x00000000
       16135000	      1612	800002bc	6521e213	ori	x4,x3,1618	  x3:0x00000610  x4=0x00000652
       16145000	      1613	800002c0	02a6dc63	bge	x13,x10,800002f8	 x13:0x00000000 x10:0x00000000
       16155000	      1614	00000000	00000013	addi	x0,x0,0	  x0:0x00000000
       16165000	      1615	800002f4	00000013	addi	x0,x0,0	  x0:0x00000000
       16175000	      1616	800002f8	00a6fc33	and	x24,x13,x10	 x13:0x00000000 x10:0x00000000 x24=0x00000000
       16185000	      1617	800002fc	00000013	addi	x0,x0,0	  x0:0x00000000
       16195000	      1618	80000300	013f9a63	bne	x31,x19,80000314	 x31:0xd2b83000 x19:0xfffffc72
       16205000	      1619	00000000	00000013	addi	x0,x0,0	  x0:0x00000000
       16215000	      1620	80000310	00000013	addi	x0,x0,0	  x0:0x00000000
       16225000	      1621	80000314	01730263	beq	x6,x23,80000318	  x6:0x00000091 x23:0x00000001
       16235000	      1622	80000318	d546eb37	lui	x22,0xd546e	 x22=0xd546e000
       16245000	      1623	8000031c	4995df37	lui	x30,0x4995d	 x30=0x4995d000
       16255000	      1624	80000320	5cd6ec13	ori	x24,x13,1485	 x13:0x00000000 x24=0x000005cd
       16265000	      1625	80000324	40b903b3	sub	x7,x18,x11	 x18:0x00000000 x11:0x80009fc4  x7=0x7fff603c
       16275000	      1626	80000328	00002317	auipc	x6,0x2	  x6=0x80002324
       16285000	      1627	8000032c	51030313	addi	x6,x6,1296	  x6:0x80002324  x6=0x80002834
       16295000	      1628	80000330	00a45813	srli	x16,x8,0xa	  x8:0xfffffff2 x16=0x003fffff
       16305000	      1629	80000334	31430313	addi	x6,x6,788	  x6:0x80002834  x6=0x80002b48
       16315000	      1630	80000338	00000013	addi	x0,x0,0	  x0:0x00000000
       16325000	      1631	8000033c	00ad4463	blt	x26,x10,80000344	 x26:0xffffffed x10:0x00000000
       16335000	      1632	00000000	00000013	addi	x0,x0,0	  x0:0x00000000
       16345000	      1633	80000340	00000013	addi	x0,x0,0	  x0:0x00000000
       16355000	      1634	80000344	ced30ee7	jalr	x29,x6,-787	  x6:0x80002b48 x29=0x80000344
       16365000	      1635	00000000	00000013	addi	x0,x0,0	  x0:0x00000000
       16375000	      1636	80002834	00000013	addi	x0,x0,0	  x0:0x00000000
       16385000	      1637	80002838	007e7463	bgeu	x28,x7,80002840	 x28:0xffffff90  x7:0x7fff603c
       16395000	      1638	00000000	00000013	addi	x0,x0,0	  x0:0x00000000
       16405000	      1639	8000283c	00000013	addi	x0,x0,0	  x0:0x00000000
       16415000	      1640	80002840	fd448493	addi	x9,x9,-44	  x9:0x80009f84  x9=0x80009f58
       16425000	      1641	80002844	00425213	srli	x4,x4,0x4	  x4:0x00000652  x4=0x00000065
       16435000	      1642	80002848	01d4a223	sw	x29,4(x9)	  x9:0x80009f58 x29:0x80000344 PA:0x80009f5c
       16445000	      1643	8000284c	40da5213	srai	x4,x20,0xd	 x20:0x00000000  x4=0x00000000
       16455000	      1644	80002850	ff600293	addi	x5,x0,-10	  x0:0x00000000  x5=0xfffffff6
       16465000	      1645	80002854	c7f12b13	slti	x22,x2,-897	  x2:0x80000000 x22=0x00000001
       16475000	      1646	80002858	0046aab3	slt	x21,x13,x4	 x13:0x00000000  x4:0x00000000 x21=0x00000000
       16485000	      1647	8000285c	4103d433	sra	x8,x7,x16	  x7:0x7fff603c x16:0x003fffff  x8=0x00000000
       16495000	      1648	80002860	01679733	sll	x14,x15,x22	 x15:0xffffffed x22:0x00000001 x14=0xffffffda
       16505000	      1649	80002864	0050afb3	slt	x31,x1,x5	  x1:0x00000000  x5:0xfffffff6 x31=0x00000000
       16515000	      1650	80002868	ff300313	addi	x6,x0,-13	  x0:0x00000000  x6=0xfffffff3
       16525000	      1651	8000286c	018c3d33	sltu	x26,x24,x24	 x24:0x000005cd x24:0x000005cd x26=0x00000000
       16535000	      1652	80002870	73128b93	addi	x23,x5,1841	  x5:0xfffffff6 x23=0x00000727
       16545000	      1653	80002874	25736e93	ori	x29,x6,599	  x6:0xfffffff3 x29=0xfffffff7
       16555000	      1654	80002878	ffb28293	addi	x5,x5,-5	  x5:0xfffffff6  x5=0xfffffff1
       16565000	      1655	8000287c	98c77737	lui	x14,0x98c77	 x14=0x98c77000
       16575000	      1656	80002880	00afce33	xor	x28,x31,x10	 x31:0x00000000 x10:0x00000000 x28=0x00000000
       16585000	      1657	80002884	ff700c93	addi	x25,x0,-9	  x0:0x00000000 x25=0xfffffff7
       16595000	      1658	80002888	016310b3	sll	x1,x6,x22	  x6:0xfffffff3 x22:0x00000001  x1=0xffffffe6
       16605000	      1659	8000288c	e6cb6513	ori	x10,x22,-404	 x22:0x00000001 x10=0xfffffe6d
       16615000	      1660	80002890	007053b3	srl	x7,x0,x7	  x0:0x00000000  x7:0x7fff603c  x7=0x00000000
       16625000	      1661	80002894	017653b3	srl	x7,x12,x23	 x12:0xfffffc72 x23:0x00000727  x7=0x01fffff8
       16635000	      1662	80002898	41e15833	sra	x16,x2,x30	  x2:0x80000000 x30:0x4995d000 x16=0x80000000
       16645000	      1663	8000289c	40765a93	srai	x21,x12,0x7	 x12:0xfffffc72 x21=0xfffffff8
       16655000	      1664	800028a0	00dd1413	slli	x8,x26,0xd	 x26:0x00000000  x8=0x00000000
       16665000	      1665	800028a4	00e26c33	or	x24,x4,x14	  x4:0x00000000 x14:0x98c77000 x24=0x98c77000
       16675000	      1666	800028a8	ff400613	addi	x12,x0,-12	  x0:0x00000000 x12=0xfffffff4
       16685000	      1667	800028ac	40870eb3	sub	x29,x14,x8	 x14:0x98c77000  x8:0x00000000 x29=0x98c77000
       16695000	      1668	800028b0	41b057b3	sra	x15,x0,x27	  x0:0x00000000 x27:0x00000000 x15=0x00000000
       16705000	      1669	800028b4	1f2acab7	lui	x21,0x1f2ac	 x21=0x1f2ac000
       16715000	      1670	800028b8	ffec8c93	addi	x25,x25,-2	 x25:0xfffffff7 x25=0xfffffff5
       16725000	      1671	800028bc	edc0bd93	sltiu	x27,x1,-292	  x1:0xffffffe6 x27=0x00000000
       16735000	      1672	800028c0	004d9193	slli	x3,x27,0x4	 x27:0x00000000  x3=0x00000000
       16745000	      1673	800028c4	001e13b3	sll	x7,x28,x1	 x28:0x00000000  x1:0xffffffe6  x7=0x00000000
       16755000	      1674	800028c8	40b580b3	sub	x1,x11,x11	 x11:0x80009fc4 x11:0x80009fc4  x1=0x00000000
       16765000	      1675	800028cc	00000013	addi	x0,x0,0	  x0:0x00000000
       16775000	      1676	800028d0	feccd2e3	bge	x25,x12,800028b4	 x25:0xfffffff5 x12:0xfffffff4
       16785000	      1677	00000000	00000013	addi	x0,x0,0	  x0:0x00000000
       16795000	      1678	800028b0	00000013	addi	x0,x0,0	  x0:0x00000000
       16805000	      1679	800028b4	1f2acab7	lui	x21,0x1f2ac	 x21=0x1f2ac000
       16815000	      1680	800028b8	ffec8c93	addi	x25,x25,-2	 x25:0xfffffff5 x25=0xfffffff3
       16825000	      1681	800028bc	edc0bd93	sltiu	x27,x1,-292	  x1:0x00000000 x27=0x00000001
       16835000	      1682	800028c0	004d9193	slli	x3,x27,0x4	 x27:0x00000001  x3=0x00000010
       16845000	      1683	800028c4	001e13b3	sll	x7,x28,x1	 x28:0x00000000  x1:0x00000000  x7=0x00000000
       16855000	      1684	800028c8	40b580b3	sub	x1,x11,x11	 x11:0x80009fc4 x11:0x80009fc4  x1=0x00000000
       16865000	      1685	800028cc	00000013	addi	x0,x0,0	  x0:0x00000000
       16875000	      1686	800028d0	feccd2e3	bge	x25,x12,800028b4	 x25:0xfffffff3 x12:0xfffffff4
       16885000	      1687	800028d4	f862dee3	bge	x5,x6,80002870	  x5:0xfffffff1  x6:0xfffffff3
       16895000	      1688	800028d8	016b9813	slli	x16,x23,0x16	 x23:0x00000727 x16=0xc9c00000
       16905000	      1689	800028dc	db7a4793	xori	x15,x20,-585	 x20:0x00000000 x15=0xfffffdb7
       16915000	      1690	800028e0	24d63937	lui	x18,0x24d63	 x18=0x24d63000
       16925000	      1691	800028e4	01f3ca63	blt	x7,x31,800028f8	  x7:0x00000000 x31:0x00000000
       16935000	      1692	800028e8	41d55bb3	sra	x23,x10,x29	 x10:0xfffffe6d x29:0x98c77000 x23=0xfffffe6d
       16945000	      1693	800028ec	03c25c63	bge	x4,x28,80002924	  x4:0x00000000 x28:0x00000000
       16955000	      1694	00000000	00000013	addi	x0,x0,0	  x0:0x00000000
       16965000	      1695	80002920	00000013	addi	x0,x0,0	  x0:0x00000000
       16975000	      1696	80002924	009d09b3	add	x19,x26,x9	 x26:0x00000000  x9:0x80009f58 x19=0x80009f58
       16985000	      1697	80002928	20fa8813	addi	x16,x21,527	 x21:0x1f2ac000 x16=0x1f2ac20f
       16995000	      1698	8000292c	00000013	addi	x0,x0,0	  x0:0x00000000
       17005000	      1699	80002930	009171b3	and	x3,x2,x9	  x2:0x80000000  x9:0x80009f58  x3=0x80000000
       17015000	      1700	80002934	f9a4ec13	ori	x24,x9,-102	  x9:0x80009f58 x24=0xffffffda
       17025000	      1701	80002938	04995063	bge	x18,x9,80002978	 x18:0x24d63000  x9:0x80009f58
       17035000	      1702	00000000	00000013	addi	x0,x0,0	  x0:0x00000000
       17045000	      1703	80002974	00000013	addi	x0,x0,0	  x0:0x00000000
       17055000	      1704	80002978	00c65513	srli	x10,x12,0xc	 x12:0xfffffff4 x10=0x000fffff
       17065000	      1705	8000297c	00a139b3	sltu	x19,x2,x10	  x2:0x80000000 x10:0x000fffff x19=0x00000000
       17075000	      1706	80002980	018a5333	srl	x6,x20,x24	 x20:0x00000000 x24:0xffffffda  x6=0x00000000
       17085000	      1707	80002984	0047a433	slt	x8,x15,x4	 x15:0xfffffdb7  x4:0x00000000  x8=0x00000001
       17095000	      1708	80002988	00729fb3	sll	x31,x5,x7	  x5:0xfffffff1  x7:0x00000000 x31=0xfffffff1
       17105000	      1709	8000298c	40ccd633	sra	x12,x25,x12	 x25:0xfffffff3 x12:0xfffffff4 x12=0xffffffff
       17115000	      1710	80002990	41710533	sub	x10,x2,x23	  x2:0x80000000 x23:0xfffffe6d x10=0x80000193
       17125000	      1711	80002994	008ef433	and	x8,x29,x8	 x29:0x98c77000  x8:0x00000001  x8=0x00000000
       17135000	      1712	80002998	c855c297	auipc	x5,0xc855c	  x5=0x4855e994
       17145000	      1713	8000299c	005341b3	xor	x3,x6,x5	  x6:0x00000000  x5:0x4855e994  x3=0x4855e994
       17155000	      1714	800029a0	01263a33	sltu	x20,x12,x18	 x12:0xffffffff x18:0x24d63000 x20=0x00000000
       17165000	      1715	800029a4	042b8863	beq	x23,x2,800029f4	 x23:0xfffffe6d  x2:0x80000000
       17175000	      1716	800029a8	00bf1393	slli	x7,x30,0xb	 x30:0x4995d000  x7=0xae800000
       17185000	      1717	800029ac	012f0433	add	x8,x30,x18	 x30:0x4995d000 x18:0x24d63000  x8=0x6e6c0000
       17195000	      1718	800029b0	bf3d7c93	andi	x25,x26,-1037	 x26:0x00000000 x25=0x00000000
       17205000	      1719	800029b4	ad2a3a13	sltiu	x20,x20,-1326	 x20:0x00000000 x20=0x00000001
       17215000	      1720	800029b8	00000013	addi	x0,x0,0	  x0:0x00000000
       17225000	      1721	800029bc	010c1c13	slli	x24,x24,0x10	 x24:0xffffffda x24=0xffda0000
       17235000	      1722	800029c0	e9f98b93	addi	x23,x19,-353	 x19:0x00000000 x23=0xfffffe9f
       17245000	      1723	800029c4	f047c513	xori	x10,x15,-252	 x15:0xfffffdb7 x10=0x000002b3
       17255000	      1724	800029c8	4f9af797	auipc	x15,0x4f9af	 x15=0xcf9b19c4
       17265000	      1725	800029cc	41820533	sub	x10,x4,x24	  x4:0x00000000 x24:0xffda0000 x10=0x00260000
       17275000	      1726	800029d0	0070a0b3	slt	x1,x1,x7	  x1:0x00000000  x7:0xae800000  x1=0x00000000
       17285000	      1727	800029d4	41fd89b3	sub	x19,x27,x31	 x27:0x00000001 x31:0xfffffff1 x19=0x00000010
       17295000	      1728	800029d8	00031e63	bne	x6,x0,800029f4	  x6:0x00000000  x0:0x00000000
       17305000	      1729	800029dc	400b0333	sub	x6,x22,x0	 x22:0x00000001  x0:0x00000000  x6=0x00000001
       17315000	      1730	800029e0	4d396e17	auipc	x28,0x4d396	 x28=0xcd3989dc
       17325000	      1731	800029e4	02648e63	beq	x9,x6,80002a20	  x9:0x80009f58  x6:0x00000001
       17335000	      1732	800029e8	01d6de63	bge	x13,x29,80002a04	 x13:0x00000000 x29:0x98c77000
       17345000	      1733	00000000	00000013	addi	x0,x0,0	  x0:0x00000000
       17355000	      1734	80002a00	00000013	addi	x0,x0,0	  x0:0x00000000
       17365000	      1735	80002a04	9dce3893	sltiu	x17,x28,-1572	 x28:0xcd3989dc x17=0x00000001
       17375000	      1736	80002a08	0153dd93	srli	x27,x7,0x15	  x7:0xae800000 x27=0x00000574
       17385000	      1737	80002a0c	5b080793	addi	x15,x16,1456	 x16:0x1f2ac20f x15=0x1f2ac7bf
       17395000	      1738	80002a10	03411063	bne	x2,x20,80002a30	  x2:0x80000000 x20:0x00000001
       17405000	      1739	00000000	00000013	addi	x0,x0,0	  x0:0x00000000
       17415000	      1740	80002a2c	00000013	addi	x0,x0,0	  x0:0x00000000
       17425000	      1741	80002a30	0196e033	or	x0,x13,x25	 x13:0x00000000 x25:0x00000000
       17435000	      1742	80002a34	01b8c433	xor	x8,x17,x27	 x17:0x00000001 x27:0x00000574  x8=0x00000575
       17445000	      1743	80002a38	01a3f433	and	x8,x7,x26	  x7:0xae800000 x26:0x00000000  x8=0x00000000
       17455000	      1744	80002a3c	00276263	bltu	x14,x2,80002a40	 x14:0x98c77000  x2:0x80000000
       17465000	      1745	80002a40	413fd333	sra	x6,x31,x19	 x31:0xfffffff1 x19:0x00000010  x6=0xffffffff
       17475000	      1746	80002a44	01f9f8b3	and	x17,x19,x31	 x19:0x00000010 x31:0xfffffff1 x17=0x00000010
       17485000	      1747	80002a48	72cc8c37	lui	x24,0x72cc8	 x24=0x72cc8000
       17495000	      1748	80002a4c	00000013	addi	x0,x0,0	  x0:0x00000000
       17505000	      1749	80002a50	0044ae83	lw	x29,4(x9)	  x9:0x80009f58 x29=0x80000344 PA:0x80009f5c
       17515000	      1750	80002a54	02c48493	addi	x9,x9,44	  x9:0x80009f58  x9=0x80009f84
       17525000	      1751	80002a58	3ab83713	sltiu	x14,x16,939	 x16:0x1f2ac20f x14=0x00000000
       17535000	      1752	80002a5c	01833fb3	sltu	x31,x6,x24	  x6:0xffffffff x24:0x72cc8000 x31=0x00000000
       17545000	      1753	80002a60	28a09197	auipc	x3,0x28a09	  x3=0xa8a0ba5c
       17555000	      1754	80002a64	00ce0233	add	x4,x28,x12	 x28:0xcd3989dc x12:0xffffffff  x4=0xcd3989db
       17565000	      1755	80002a68	000e8713	addi	x14,x29,0	 x29:0x80000344 x14=0x80000344
       17575000	      1756	80002a6c	00070767	jalr	x14,x14,0	 x14:0x80000344 x14=0x80002a6c
       17585000	      1757	00000000	00000013	addi	x0,x0,0	  x0:0x00000000
       17595000	      1758	80000344	00000013	addi	x0,x0,0	  x0:0x00000000
       17605000	      1759	80000348	01bbd293	srli	x5,x23,0x1b	 x23:0xfffffe9f  x5=0x0000001f
       17615000	      1760	8000034c	0d46e993	ori	x19,x13,212	 x13:0x00000000 x19=0x000000d4
       17625000	      1761	80000350	414d8f33	sub	x30,x27,x20	 x27:0x00000574 x20:0x00000001 x30=0x00000573
       17635000	      1762	80000354	3254b997	auipc	x19,0x3254b	 x19=0xb254b350
       17645000	      1763	80000358	00ec7863	bgeu	x24,x14,80000368	 x24:0x72cc8000 x14:0x80002a6c
       17655000	      1764	8000035c	012766b3	or	x13,x14,x18	 x14:0x80002a6c x18:0x24d63000 x13=0xa4d63a6c
       17665000	      1765	80000360	03548263	beq	x9,x21,80000384	  x9:0x80009f84 x21:0x1f2ac000
       17675000	      1766	80000364	0115ca63	blt	x11,x17,80000378	 x11:0x80009fc4 x17:0x00000010
       17685000	      1767	00000000	00000013	addi	x0,x0,0	  x0:0x00000000
       17695000	      1768	80000374	00000013	addi	x0,x0,0	  x0:0x00000000
       17705000	      1769	80000378	0027f6b3	and	x13,x15,x2	 x15:0x1f2ac7bf  x2:0x80000000 x13=0x00000000
       17715000	      1770	8000037c	01bc3533	sltu	x10,x24,x27	 x24:0x72cc8000 x27:0x00000574 x10=0x00000000
       17725000	      1771	80000380	01fe7bb3	and	x23,x28,x31	 x28:0xcd3989dc x31:0x00000000 x23=0x00000000
       17735000	      1772	80000384	6c823213	sltiu	x4,x4,1736	  x4:0xcd3989db  x4=0x00000000
       17745000	      1773	80000388	006d6e33	or	x28,x26,x6	 x26:0x00000000  x6:0xffffffff x28=0xffffffff
       17755000	      1774	8000038c	5fb5bf13	sltiu	x30,x11,1531	 x11:0x80009fc4 x30=0x00000000
       17765000	      1775	80000390	003cae33	slt	x28,x25,x3	 x25:0x00000000  x3:0xa8a0ba5c x28=0x00000000
       17775000	      1776	80000394	01386e33	or	x28,x16,x19	 x16:0x1f2ac20f x19:0xb254b350 x28=0xbf7ef35f
       17785000	      1777	80000398	c5c8b813	sltiu	x16,x17,-932	 x17:0x00000010 x16=0x00000001
       17795000	      1778	8000039c	b6c68193	addi	x3,x13,-1172	 x13:0x00000000  x3=0xfffffb6c
       17805000	      1779	800003a0	01e95893	srli	x17,x18,0x1e	 x18:0x24d63000 x17=0x00000000
       17815000	      1780	800003a4	5cdcfe93	andi	x29,x25,1485	 x25:0x00000000 x29=0x00000000
       17825000	      1781	800003a8	002ce333	or	x6,x25,x2	 x25:0x00000000  x2:0x80000000  x6=0x80000000
       17835000	      1782	800003ac	41605533	sra	x10,x0,x22	  x0:0x00000000 x22:0x00000001 x10=0x00000000
       17845000	      1783	800003b0	41de59b3	sra	x19,x28,x29	 x28:0xbf7ef35f x29:0x00000000 x19=0xbf7ef35f
       17855000	      1784	800003b4	07cd5463	bge	x26,x28,8000041c	 x26:0x00000000 x28:0xbf7ef35f
       17865000	      1785	00000000	00000013	addi	x0,x0,0	  x0:0x00000000
       17875000	      1786	80000418	00000013	addi	x0,x0,0	  x0:0x00000000
       17885000	      1787	8000041c	98900c13	addi	x24,x0,-1655	  x0:0x00000000 x24=0xfffff989
       17895000	      1788	80000420	01c95893	srli	x17,x18,0x1c	 x18:0x24d63000 x17=0x00000002
       17905000	      1789	80000424	01dc1c33	sll	x24,x24,x29	 x24:0xfffff989 x29:0x00000000 x24=0xfffff989
       17915000	      1790	80000428	01a163b3	or	x7,x2,x26	  x2:0x80000000 x26:0x00000000  x7=0x80000000
       17925000	      1791	8000042c	00d99233	sll	x4,x19,x13	 x19:0xbf7ef35f x13:0x00000000  x4=0xbf7ef35f
       17935000	      1792	80000430	032b6e63	bltu	x22,x18,8000046c	 x22:0x00000001 x18:0x24d63000
       17945000	      1793	00000000	00000013	addi	x0,x0,0	  x0:0x00000000
       17955000	      1794	80000468	00000013	addi	x0,x0,0	  x0:0x00000000
       17965000	      1795	8000046c	0138b9b3	sltu	x19,x17,x19	 x17:0x00000002 x19:0xbf7ef35f x19=0x00000001
       17975000	      1796	80000470	011e6db3	or	x27,x28,x17	 x28:0xbf7ef35f x17:0x00000002 x27=0xbf7ef35f
       17985000	      1797	80000474	bd0a6a17	auipc	x20,0xbd0a6	 x20=0x3d0a6470
       17995000	      1798	80000478	022a6663	bltu	x20,x2,800004a4	 x20:0x3d0a6470  x2:0x80000000
       18005000	      1799	00000000	00000013	addi	x0,x0,0	  x0:0x00000000
       18015000	      1800	800004a0	00000013	addi	x0,x0,0	  x0:0x00000000
       18025000	      1801	800004a4	dd35c893	xori	x17,x11,-557	 x11:0x80009fc4 x17=0x7fff6217
       18035000	      1802	800004a8	40b4d893	srai	x17,x9,0xb	  x9:0x80009f84 x17=0xfff00013
       18045000	      1803	800004ac	01891633	sll	x12,x18,x24	 x18:0x24d63000 x24:0xfffff989 x12=0xac600000
       18055000	      1804	800004b0	6f32cc13	xori	x24,x5,1779	  x5:0x0000001f x24=0x000006ec
       18065000	      1805	800004b4	00001797	auipc	x15,0x1	 x15=0x800014b0
       18075000	      1806	800004b8	11878793	addi	x15,x15,280	 x15:0x800014b0 x15=0x800015c8
       18085000	      1807	800004bc	40bb5813	srai	x16,x22,0xb	 x22:0x00000001 x16=0x00000000
       18095000	      1808	800004c0	a8c3e093	ori	x1,x7,-1396	  x7:0x80000000  x1=0xfffffa8c
       18105000	      1809	800004c4	06b78793	addi	x15,x15,107	 x15:0x800015c8 x15=0x80001633
       18115000	      1810	800004c8	01d59693	slli	x13,x11,0x1d	 x11:0x80009fc4 x13=0x80000000
       18125000	      1811	800004cc	00000013	addi	x0,x0,0	  x0:0x00000000
       18135000	      1812	800004d0	0056c333	xor	x6,x13,x5	 x13:0x80000000  x5:0x0000001f  x6=0x8000001f
       18145000	      1813	800004d4	f9578ee7	jalr	x29,x15,-107	 x15:0x80001633 x29=0x800004d4
       18155000	      1814	00000000	00000013	addi	x0,x0,0	  x0:0x00000000
       18165000	      1815	800015c8	00000013	addi	x0,x0,0	  x0:0x00000000
       18175000	      1816	800015cc	fc448493	addi	x9,x9,-60	  x9:0x80009f84  x9=0x80009f48
       18185000	      1817	800015d0	40558c33	sub	x24,x11,x5	 x11:0x80009fc4  x5:0x0000001f x24=0x80009fa5
       18195000	      1818	800015d4	07affc93	andi	x25,x31,122	 x31:0x00000000 x25=0x00000000
       18205000	      1819	800015d8	003878b3	and	x17,x16,x3	 x16:0x00000000  x3:0xfffffb6c x17=0x00000000
       18215000	      1820	800015dc	01d4a223	sw	x29,4(x9)	  x9:0x80009f48 x29:0x800004d4 PA:0x80009f4c
       18225000	      1821	800015e0	01c4b6b3	sltu	x13,x9,x28	  x9:0x80009f48 x28:0xbf7ef35f x13=0x00000001
       18235000	      1822	800015e4	cd46a893	slti	x17,x13,-812	 x13:0x00000001 x17=0x00000000
       18245000	      1823	800015e8	23cffa17	auipc	x20,0x23cff	 x20=0xa3d005e4
       18255000	      1824	800015ec	010dc833	xor	x16,x27,x16	 x27:0xbf7ef35f x16:0x00000000 x16=0xbf7ef35f
       18265000	      1825	800015f0	00a00a93	addi	x21,x0,10	  x0:0x00000000 x21=0x0000000a
       18275000	      1826	800015f4	65792d17	auipc	x26,0x65792	 x26=0xe57935f0
       18285000	      1827	800015f8	58596237	lui	x4,0x58596	  x4=0x58596000
       18295000	      1828	800015fc	01fd9193	slli	x3,x27,0x1f	 x27:0xbf7ef35f  x3=0x80000000
       18305000	      1829	80001600	00800613	addi	x12,x0,8	  x0:0x00000000 x12=0x00000008
       18315000	      1830	80001604	b1948693	addi	x13,x9,-1255	  x9:0x80009f48 x13=0x80009a61
       18325000	      1831	80001608	01ebffb3	and	x31,x23,x30	 x23:0x00000000 x30:0x00000000 x31=0x00000000
       18335000	      1832	8000160c	9697b013	sltiu	x0,x15,-1687	 x15:0x80001633
       18345000	      1833	80001610	7fc06993	ori	x19,x0,2044	  x0:0x00000000 x19=0x000007fc
       18355000	      1834	80001614	009bb433	sltu	x8,x23,x9	 x23:0x00000000  x9:0x80009f48  x8=0x00000001
       18365000	      1835	80001618	ffca8a93	addi	x21,x21,-4	 x21:0x0000000a x21=0x00000006
       18375000	      1836	8000161c	a7fe4b37	lui	x22,0xa7fe4	 x22=0xa7fe4000
       18385000	      1837	80001620	00700093	addi	x1,x0,7	  x0:0x00000000  x1=0x00000007
       18395000	      1838	80001624	0094a2b3	slt	x5,x9,x9	  x9:0x80009f48  x9:0x80009f48  x5=0x00000000
       18405000	      1839	80001628	00700e93	addi	x29,x0,7	  x0:0x00000000 x29=0x00000007
       18415000	      1840	8000162c	b185f513	andi	x10,x11,-1256	 x11:0x80009fc4 x10=0x80009b00
       18425000	      1841	80001630	40ad58b3	sra	x17,x26,x10	 x26:0xe57935f0 x10:0x80009b00 x17=0xe57935f0
       18435000	      1842	80001634	974ffc13	andi	x24,x31,-1676	 x31:0x00000000 x24=0x00000000
       18445000	      1843	80001638	ffc08093	addi	x1,x1,-4	  x1:0x00000007  x1=0x00000003
       18455000	      1844	8000163c	ffd0f8e3	bgeu	x1,x29,8000162c	  x1:0x00000003 x29:0x00000007
       18465000	      1845	80001640	410a5693	srai	x13,x20,0x10	 x20:0xa3d005e4 x13=0xffffa3d0
       18475000	      1846	80001644	01490b33	add	x22,x18,x20	 x18:0x24d63000 x20:0xa3d005e4 x22=0xc8a635e4
       18485000	      1847	80001648	fccaf4e3	bgeu	x21,x12,80001610	 x21:0x00000006 x12:0x00000008
       18495000	      1848	8000164c	00000013	addi	x0,x0,0	  x0:0x00000000
       18505000	      1849	80001650	00800293	addi	x5,x0,8	  x0:0x00000000  x5=0x00000008
       18515000	      1850	80001654	a47dcf37	lui	x30,0xa47dc	 x30=0xa47dc000
       18525000	      1851	80001658	01fbfeb3	and	x29,x23,x31	 x23:0x00000000 x31:0x00000000 x29=0x00000000
       18535000	      1852	8000165c	01808eb3	add	x29,x1,x24	  x1:0x00000003 x24:0x00000000 x29=0x00000003
       18545000	      1853	80001660	7c4b7b93	andi	x23,x22,1988	 x22:0xc8a635e4 x23=0x000005c4
       18555000	      1854	80001664	fef00713	addi	x14,x0,-17	  x0:0x00000000 x14=0xffffffef
       18565000	      1855	80001668	41745333	sra	x6,x8,x23	  x8:0x00000001 x23:0x000005c4  x6=0x00000000
       18575000	      1856	8000166c	003d3a33	sltu	x20,x26,x3	 x26:0xe57935f0  x3:0x80000000 x20=0x00000000
       18585000	      1857	80001670	00673233	sltu	x4,x14,x6	 x14:0xffffffef  x6:0x00000000  x4=0x00000000
       18595000	      1858	80001674	ffb28293	addi	x5,x5,-5	  x5:0x00000008  x5=0x00000003
       18605000	      1859	80001678	01a9dfb3	srl	x31,x19,x26	 x19:0x000007fc x26:0xe57935f0 x31=0x00000000
       18615000	      1860	8000167c	f709f993	andi	x19,x19,-144	 x19:0x000007fc x19=0x00000770
       18625000	      1861	80001680	002a9bb3	sll	x23,x21,x2	 x21:0x00000006  x2:0x80000000 x23=0x00000006
       18635000	      1862	80001684	47203b97	auipc	x23,0x47203	 x23=0xc7204680
       18645000	      1863	80001688	41698033	sub	x0,x19,x22	 x19:0x00000770 x22:0xc8a635e4
       18655000	      1864	8000168c	da028393	addi	x7,x5,-608	  x5:0x00000003  x7=0xfffffda3
       18665000	      1865	80001690	4167d193	srai	x3,x15,0x16	 x15:0x80001633  x3=0xfffffe00
       18675000	      1866	80001694	d81dcd13	xori	x26,x27,-639	 x27:0xbf7ef35f x26=0x40810ede
       18685000	      1867	80001698	01435c33	srl	x24,x6,x20	  x6:0x00000000 x20:0x00000000 x24=0x00000000
       18695000	      1868	8000169c	00dd7633	and	x12,x26,x13	 x26:0x40810ede x13:0xffffa3d0 x12=0x408102d0
       18705000	      1869	800016a0	40c65893	srai	x17,x12,0xc	 x12:0x408102d0 x17=0x00040810
       18715000	      1870	800016a4	01235393	srli	x7,x6,0x12	  x6:0x00000000  x7=0x00000000
       18725000	      1871	800016a8	0018d1b3	srl	x3,x17,x1	 x17:0x00040810  x1:0x00000003  x3=0x00008102
       18735000	      1872	800016ac	004e8933	add	x18,x29,x4	 x29:0x00000003  x4:0x00000000 x18=0x00000003
       18745000	      1873	800016b0	fae29ee3	bne	x5,x14,8000166c	  x5:0x00000003 x14:0xffffffef
       18755000	      1874	00000000	00000013	addi	x0,x0,0	  x0:0x00000000
       18765000	      1875	80001668	00000013	addi	x0,x0,0	  x0:0x00000000
       18775000	      1876	8000166c	003d3a33	sltu	x20,x26,x3	 x26:0x40810ede  x3:0x00008102 x20=0x00000000
       18785000	      1877	80001670	00673233	sltu	x4,x14,x6	 x14:0xffffffef  x6:0x00000000  x4=0x00000000
       18795000	      1878	80001674	ffb28293	addi	x5,x5,-5	  x5:0x00000003  x5=0xfffffffe
       18805000	      1879	80001678	01a9dfb3	srl	x31,x19,x26	 x19:0x00000770 x26:0x40810ede x31=0x00000000
       18815000	      1880	8000167c	f709f993	andi	x19,x19,-144	 x19:0x00000770 x19=0x00000770
       18825000	      1881	80001680	002a9bb3	sll	x23,x21,x2	 x21:0x00000006  x2:0x80000000 x23=0x00000006
       18835000	      1882	80001684	47203b97	auipc	x23,0x47203	 x23=0xc7204680
       18845000	      1883	80001688	41698033	sub	x0,x19,x22	 x19:0x00000770 x22:0xc8a635e4
       18855000	      1884	8000168c	da028393	addi	x7,x5,-608	  x5:0xfffffffe  x7=0xfffffd9e
       18865000	      1885	80001690	4167d193	srai	x3,x15,0x16	 x15:0x80001633  x3=0xfffffe00
       18875000	      1886	80001694	d81dcd13	xori	x26,x27,-639	 x27:0xbf7ef35f x26=0x40810ede
       18885000	      1887	80001698	01435c33	srl	x24,x6,x20	  x6:0x00000000 x20:0x00000000 x24=0x00000000
       18895000	      1888	8000169c	00dd7633	and	x12,x26,x13	 x26:0x40810ede x13:0xffffa3d0 x12=0x408102d0
       18905000	      1889	800016a0	40c65893	srai	x17,x12,0xc	 x12:0x408102d0 x17=0x00040810
       18915000	      1890	800016a4	01235393	srli	x7,x6,0x12	  x6:0x00000000  x7=0x00000000
       18925000	      1891	800016a8	0018d1b3	srl	x3,x17,x1	 x17:0x00040810  x1:0x00000003  x3=0x00008102
       18935000	      1892	800016ac	004e8933	add	x18,x29,x4	 x29:0x00000003  x4:0x00000000 x18=0x00000003
       18945000	      1893	800016b0	fae29ee3	bne	x5,x14,8000166c	  x5:0xfffffffe x14:0xffffffef
       18955000	      1894	00000000	00000013	addi	x0,x0,0	  x0:0x00000000
       18965000	      1895	80001668	00000013	addi	x0,x0,0	  x0:0x00000000
       18975000	      1896	8000166c	003d3a33	sltu	x20,x26,x3	 x26:0x40810ede  x3:0x00008102 x20=0x00000000
       18985000	      1897	80001670	00673233	sltu	x4,x14,x6	 x14:0xffffffef  x6:0x00000000  x4=0x00000000
       18995000	      1898	80001674	ffb28293	addi	x5,x5,-5	  x5:0xfffffffe  x5=0xfffffff9
       19005000	      1899	80001678	01a9dfb3	srl	x31,x19,x26	 x19:0x00000770 x26:0x40810ede x31=0x00000000
       19015000	      1900	8000167c	f709f993	andi	x19,x19,-144	 x19:0x00000770 x19=0x00000770
       19025000	      1901	80001680	002a9bb3	sll	x23,x21,x2	 x21:0x00000006  x2:0x80000000 x23=0x00000006
       19035000	      1902	80001684	47203b97	auipc	x23,0x47203	 x23=0xc7204680
       19045000	      1903	80001688	41698033	sub	x0,x19,x22	 x19:0x00000770 x22:0xc8a635e4
       19055000	      1904	8000168c	da028393	addi	x7,x5,-608	  x5:0xfffffff9  x7=0xfffffd99
       19065000	      1905	80001690	4167d193	srai	x3,x15,0x16	 x15:0x80001633  x3=0xfffffe00
       19075000	      1906	80001694	d81dcd13	xori	x26,x27,-639	 x27:0xbf7ef35f x26=0x40810ede
       19085000	      1907	80001698	01435c33	srl	x24,x6,x20	  x6:0x00000000 x20:0x00000000 x24=0x00000000
       19095000	      1908	8000169c	00dd7633	and	x12,x26,x13	 x26:0x40810ede x13:0xffffa3d0 x12=0x408102d0
       19105000	      1909	800016a0	40c65893	srai	x17,x12,0xc	 x12:0x408102d0 x17=0x00040810
       19115000	      1910	800016a4	01235393	srli	x7,x6,0x12	  x6:0x00000000  x7=0x00000000
       19125000	      1911	800016a8	0018d1b3	srl	x3,x17,x1	 x17:0x00040810  x1:0x00000003  x3=0x00008102
       19135000	      1912	800016ac	004e8933	add	x18,x29,x4	 x29:0x00000003  x4:0x00000000 x18=0x00000003
       19145000	      1913	800016b0	fae29ee3	bne	x5,x14,8000166c	  x5:0xfffffff9 x14:0xffffffef
       19155000	      1914	00000000	00000013	addi	x0,x0,0	  x0:0x00000000
       19165000	      1915	80001668	00000013	addi	x0,x0,0	  x0:0x00000000
       19175000	      1916	8000166c	003d3a33	sltu	x20,x26,x3	 x26:0x40810ede  x3:0x00008102 x20=0x00000000
       19185000	      1917	80001670	00673233	sltu	x4,x14,x6	 x14:0xffffffef  x6:0x00000000  x4=0x00000000
       19195000	      1918	80001674	ffb28293	addi	x5,x5,-5	  x5:0xfffffff9  x5=0xfffffff4
       19205000	      1919	80001678	01a9dfb3	srl	x31,x19,x26	 x19:0x00000770 x26:0x40810ede x31=0x00000000
       19215000	      1920	8000167c	f709f993	andi	x19,x19,-144	 x19:0x00000770 x19=0x00000770
       19225000	      1921	80001680	002a9bb3	sll	x23,x21,x2	 x21:0x00000006  x2:0x80000000 x23=0x00000006
       19235000	      1922	80001684	47203b97	auipc	x23,0x47203	 x23=0xc7204680
       19245000	      1923	80001688	41698033	sub	x0,x19,x22	 x19:0x00000770 x22:0xc8a635e4
       19255000	      1924	8000168c	da028393	addi	x7,x5,-608	  x5:0xfffffff4  x7=0xfffffd94
       19265000	      1925	80001690	4167d193	srai	x3,x15,0x16	 x15:0x80001633  x3=0xfffffe00
       19275000	      1926	80001694	d81dcd13	xori	x26,x27,-639	 x27:0xbf7ef35f x26=0x40810ede
       19285000	      1927	80001698	01435c33	srl	x24,x6,x20	  x6:0x00000000 x20:0x00000000 x24=0x00000000
       19295000	      1928	8000169c	00dd7633	and	x12,x26,x13	 x26:0x40810ede x13:0xffffa3d0 x12=0x408102d0
       19305000	      1929	800016a0	40c65893	srai	x17,x12,0xc	 x12:0x408102d0 x17=0x00040810
       19315000	      1930	800016a4	01235393	srli	x7,x6,0x12	  x6:0x00000000  x7=0x00000000
       19325000	      1931	800016a8	0018d1b3	srl	x3,x17,x1	 x17:0x00040810  x1:0x00000003  x3=0x00008102
       19335000	      1932	800016ac	004e8933	add	x18,x29,x4	 x29:0x00000003  x4:0x00000000 x18=0x00000003
       19345000	      1933	800016b0	fae29ee3	bne	x5,x14,8000166c	  x5:0xfffffff4 x14:0xffffffef
       19355000	      1934	00000000	00000013	addi	x0,x0,0	  x0:0x00000000
       19365000	      1935	80001668	00000013	addi	x0,x0,0	  x0:0x00000000
       19375000	      1936	8000166c	003d3a33	sltu	x20,x26,x3	 x26:0x40810ede  x3:0x00008102 x20=0x00000000
       19385000	      1937	80001670	00673233	sltu	x4,x14,x6	 x14:0xffffffef  x6:0x00000000  x4=0x00000000
       19395000	      1938	80001674	ffb28293	addi	x5,x5,-5	  x5:0xfffffff4  x5=0xffffffef
       19405000	      1939	80001678	01a9dfb3	srl	x31,x19,x26	 x19:0x00000770 x26:0x40810ede x31=0x00000000
       19415000	      1940	8000167c	f709f993	andi	x19,x19,-144	 x19:0x00000770 x19=0x00000770
       19425000	      1941	80001680	002a9bb3	sll	x23,x21,x2	 x21:0x00000006  x2:0x80000000 x23=0x00000006
       19435000	      1942	80001684	47203b97	auipc	x23,0x47203	 x23=0xc7204680
       19445000	      1943	80001688	41698033	sub	x0,x19,x22	 x19:0x00000770 x22:0xc8a635e4
       19455000	      1944	8000168c	da028393	addi	x7,x5,-608	  x5:0xffffffef  x7=0xfffffd8f
       19465000	      1945	80001690	4167d193	srai	x3,x15,0x16	 x15:0x80001633  x3=0xfffffe00
       19475000	      1946	80001694	d81dcd13	xori	x26,x27,-639	 x27:0xbf7ef35f x26=0x40810ede
       19485000	      1947	80001698	01435c33	srl	x24,x6,x20	  x6:0x00000000 x20:0x00000000 x24=0x00000000
       19495000	      1948	8000169c	00dd7633	and	x12,x26,x13	 x26:0x40810ede x13:0xffffa3d0 x12=0x408102d0
       19505000	      1949	800016a0	40c65893	srai	x17,x12,0xc	 x12:0x408102d0 x17=0x00040810
       19515000	      1950	800016a4	01235393	srli	x7,x6,0x12	  x6:0x00000000  x7=0x00000000
       19525000	      1951	800016a8	0018d1b3	srl	x3,x17,x1	 x17:0x00040810  x1:0x00000003  x3=0x00008102
       19535000	      1952	800016ac	004e8933	add	x18,x29,x4	 x29:0x00000003  x4:0x00000000 x18=0x00000003
       19545000	      1953	800016b0	fae29ee3	bne	x5,x14,8000166c	  x5:0xffffffef x14:0xffffffef
       19555000	      1954	800016b4	f221fc13	andi	x24,x3,-222	  x3:0x00008102 x24=0x00008102
       19565000	      1955	800016b8	00200393	addi	x7,x0,2	  x0:0x00000000  x7=0x00000002
       19575000	      1956	800016bc	ff100e93	addi	x29,x0,-15	  x0:0x00000000 x29=0xfffffff1
       19585000	      1957	800016c0	0085a733	slt	x14,x11,x8	 x11:0x80009fc4  x8:0x00000001 x14=0x00000001
       19595000	      1958	800016c4	aa676a13	ori	x20,x14,-1370	 x14:0x00000001 x20=0xfffffaa7
       19605000	      1959	800016c8	406c82b3	sub	x5,x25,x6	 x25:0x00000000  x6:0x00000000  x5=0x00000000
       19615000	      1960	800016cc	ff638393	addi	x7,x7,-10	  x7:0x00000002  x7=0xfffffff8
       19625000	      1961	800016d0	00800513	addi	x10,x0,8	  x0:0x00000000 x10=0x00000008
       19635000	      1962	800016d4	cf5c4693	xori	x13,x24,-779	 x24:0x00008102 x13=0xffff7df7
       19645000	      1963	800016d8	ff400c93	addi	x25,x0,-12	  x0:0x00000000 x25=0xfffffff4
       19655000	      1964	800016dc	00f8e233	or	x4,x17,x15	 x17:0x00040810 x15:0x80001633  x4=0x80041e33
       19665000	      1965	800016e0	ffb50513	addi	x10,x10,-5	 x10:0x00000008 x10=0x00000003
       19675000	      1966	800016e4	65c26693	ori	x13,x4,1628	  x4:0x80041e33 x13=0x80041e7f
       19685000	      1967	800016e8	ff950ae3	beq	x10,x25,800016dc	 x10:0x00000003 x25:0xfffffff4
       19695000	      1968	800016ec	fdd3dce3	bge	x7,x29,800016c4	  x7:0xfffffff8 x29:0xfffffff1
       19705000	      1969	00000000	00000013	addi	x0,x0,0	  x0:0x00000000
       19715000	      1970	800016c0	00000013	addi	x0,x0,0	  x0:0x00000000
       19725000	      1971	800016c4	aa676a13	ori	x20,x14,-1370	 x14:0x00000001 x20=0xfffffaa7
       19735000	      1972	800016c8	406c82b3	sub	x5,x25,x6	 x25:0xfffffff4  x6:0x00000000  x5=0xfffffff4
       19745000	      1973	800016cc	ff638393	addi	x7,x7,-10	  x7:0xfffffff8  x7=0xffffffee
       19755000	      1974	800016d0	00800513	addi	x10,x0,8	  x0:0x00000000 x10=0x00000008
       19765000	      1975	800016d4	cf5c4693	xori	x13,x24,-779	 x24:0x00008102 x13=0xffff7df7
       19775000	      1976	800016d8	ff400c93	addi	x25,x0,-12	  x0:0x00000000 x25=0xfffffff4
       19785000	      1977	800016dc	00f8e233	or	x4,x17,x15	 x17:0x00040810 x15:0x80001633  x4=0x80041e33
       19795000	      1978	800016e0	ffb50513	addi	x10,x10,-5	 x10:0x00000008 x10=0x00000003
       19805000	      1979	800016e4	65c26693	ori	x13,x4,1628	  x4:0x80041e33 x13=0x80041e7f
       19815000	      1980	800016e8	ff950ae3	beq	x10,x25,800016dc	 x10:0x00000003 x25:0xfffffff4
       19825000	      1981	800016ec	fdd3dce3	bge	x7,x29,800016c4	  x7:0xffffffee x29:0xfffffff1
       19835000	      1982	800016f0	0097ba33	sltu	x20,x15,x9	 x15:0x80001633  x9:0x80009f48 x20=0x00000001
       19845000	      1983	800016f4	00a00f13	addi	x30,x0,10	  x0:0x00000000 x30=0x0000000a
       19855000	      1984	800016f8	00a00d93	addi	x27,x0,10	  x0:0x00000000 x27=0x0000000a
       19865000	      1985	800016fc	2e5cb017	auipc	x0,0x2e5cb	
       19875000	      1986	80001700	62f4b193	sltiu	x3,x9,1583	  x9:0x80009f48  x3=0x00000000
       19885000	      1987	80001704	4caa2713	slti	x14,x20,1226	 x20:0x00000001 x14=0x00000001
       19895000	      1988	80001708	01710433	add	x8,x2,x23	  x2:0x80000000 x23:0xc7204680  x8=0x47204680
       19905000	      1989	8000170c	dd426413	ori	x8,x4,-556	  x4:0x80041e33  x8=0xfffffff7
       19915000	      1990	80001710	ffbf0f13	addi	x30,x30,-5	 x30:0x0000000a x30=0x00000005
       19925000	      1991	80001714	7d0e2693	slti	x13,x28,2000	 x28:0xbf7ef35f x13=0x00000001
       19935000	      1992	80001718	c8520513	addi	x10,x4,-891	  x4:0x80041e33 x10=0x80041ab8
       19945000	      1993	8000171c	40a70cb3	sub	x25,x14,x10	 x14:0x00000001 x10:0x80041ab8 x25=0x7ffbe549
       19955000	      1994	80001720	0084ecb3	or	x25,x9,x8	  x9:0x80009f48  x8:0xfffffff7 x25=0xffffffff
       19965000	      1995	80001724	012b5613	srli	x12,x22,0x12	 x22:0xc8a635e4 x12=0x00003229
       19975000	      1996	80001728	404d5c93	srai	x25,x26,0x4	 x26:0x40810ede x25=0x040810ed
       19985000	      1997	8000172c	f1378f93	addi	x31,x15,-237	 x15:0x80001633 x31=0x80001546
       19995000	      1998	80001730	01df68b3	or	x17,x30,x29	 x30:0x00000005 x29:0xfffffff1 x17=0xfffffff5
       20005000	      1999	80001734	01820333	add	x6,x4,x24	  x4:0x80041e33 x24:0x00008102  x6=0x80049f35
       20015000	      2000	80001738	006d3cb3	sltu	x25,x26,x6	 x26:0x40810ede  x6:0x80049f35 x25=0x00000001
       20025000	      2001	8000173c	006431b3	sltu	x3,x8,x6	  x8:0xfffffff7  x6:0x80049f35  x3=0x00000000
       20035000	      2002	80001740	e8454313	xori	x6,x10,-380	 x10:0x80041ab8  x6=0x7ffbe43c
       20045000	      2003	80001744	6ecb4393	xori	x7,x22,1772	 x22:0xc8a635e4  x7=0xc8a63308
       20055000	      2004	80001748	5d07c693	xori	x13,x15,1488	 x15:0x80001633 x13=0x800013e3
       20065000	      2005	8000174c	406680b3	sub	x1,x13,x6	 x13:0x800013e3  x6:0x7ffbe43c  x1=0x00042fa7
       20075000	      2006	80001750	fbbf7ce3	bgeu	x30,x27,80001708	 x30:0x00000005 x27:0x0000000a
       20085000	      2007	80001754	00cb5813	srli	x16,x22,0xc	 x22:0xc8a635e4 x16=0x000c8a63
       20095000	      2008	80001758	00a00313	addi	x6,x0,10	  x0:0x00000000  x6=0x0000000a
       20105000	      2009	8000175c	411288b3	sub	x17,x5,x17	  x5:0xfffffff4 x17:0xfffffff5 x17=0xffffffff
       20115000	      2010	80001760	00a00793	addi	x15,x0,10	  x0:0x00000000 x15=0x0000000a
       20125000	      2011	80001764	00000013	addi	x0,x0,0	  x0:0x00000000
       20135000	      2012	80001768	40a103b3	sub	x7,x2,x10	  x2:0x80000000 x10:0x80041ab8  x7=0xfffbe548
       20145000	      2013	8000176c	010cef33	or	x30,x25,x16	 x25:0x00000001 x16:0x000c8a63 x30=0x000c8a63
       20155000	      2014	80001770	00f8ec33	or	x24,x17,x15	 x17:0xffffffff x15:0x0000000a x24=0xffffffff
       20165000	      2015	80001774	ff930313	addi	x6,x6,-7	  x6:0x0000000a  x6=0x00000003
       20175000	      2016	80001778	2d507393	andi	x7,x0,725	  x0:0x00000000  x7=0x00000000
       20185000	      2017	8000177c	00c05613	srli	x12,x0,0xc	  x0:0x00000000 x12=0x00000000
       20195000	      2018	80001780	00700f93	addi	x31,x0,7	  x0:0x00000000 x31=0x00000007
       20205000	      2019	80001784	ff800193	addi	x3,x0,-8	  x0:0x00000000  x3=0xfffffff8
       20215000	      2020	80001788	40b48633	sub	x12,x9,x11	  x9:0x80009f48 x11:0x80009fc4 x12=0xffffff84
       20225000	      2021	8000178c	415c83b3	sub	x7,x25,x21	 x25:0x00000001 x21:0x00000006  x7=0xfffffffb
       20235000	      2022	80001790	ff7f8f93	addi	x31,x31,-9	 x31:0x00000007 x31=0xfffffffe
       20245000	      2023	80001794	fe3fdce3	bge	x31,x3,8000178c	 x31:0xfffffffe  x3:0xfffffff8
       20255000	      2024	00000000	00000013	addi	x0,x0,0	  x0:0x00000000
       20265000	      2025	80001788	00000013	addi	x0,x0,0	  x0:0x00000000
       20275000	      2026	8000178c	415c83b3	sub	x7,x25,x21	 x25:0x00000001 x21:0x00000006  x7=0xfffffffb
       20285000	      2027	80001790	ff7f8f93	addi	x31,x31,-9	 x31:0xfffffffe x31=0xfffffff5
       20295000	      2028	80001794	fe3fdce3	bge	x31,x3,8000178c	 x31:0xfffffff5  x3:0xfffffff8
       20305000	      2029	80001798	b9618613	addi	x12,x3,-1130	  x3:0xfffffff8 x12=0xfffffb8e
       20315000	      2030	8000179c	fcf376e3	bgeu	x6,x15,80001768	  x6:0x00000003 x15:0x0000000a
       20325000	      2031	800017a0	1e7de513	ori	x10,x27,487	 x27:0x0000000a x10=0x000001ef
       20335000	      2032	800017a4	ffa00913	addi	x18,x0,-6	  x0:0x00000000 x18=0xfffffffa
       20345000	      2033	800017a8	00f80cb3	add	x25,x16,x15	 x16:0x000c8a63 x15:0x0000000a x25=0x000c8a6d
       20355000	      2034	800017ac	38b92793	slti	x15,x18,907	 x18:0xfffffffa x15=0x00000001
       20365000	      2035	800017b0	00f00993	addi	x19,x0,15	  x0:0x00000000 x19=0x0000000f
       20375000	      2036	800017b4	00391713	slli	x14,x18,0x3	 x18:0xfffffffa x14=0xffffffd0
       20385000	      2037	800017b8	e229b093	sltiu	x1,x19,-478	 x19:0x0000000f  x1=0x00000001
       20395000	      2038	800017bc	00490913	addi	x18,x18,4	 x18:0xfffffffa x18=0xfffffffe
       20405000	      2039	800017c0	ff394ce3	blt	x18,x19,800017b8	 x18:0xfffffffe x19:0x0000000f
       20415000	      2040	00000000	00000013	addi	x0,x0,0	  x0:0x00000000
       20425000	      2041	800017b4	00000013	addi	x0,x0,0	  x0:0x00000000
       20435000	      2042	800017b8	e229b093	sltiu	x1,x19,-478	 x19:0x0000000f  x1=0x00000001
       20445000	      2043	800017bc	00490913	addi	x18,x18,4	 x18:0xfffffffe x18=0x00000002
       20455000	      2044	800017c0	ff394ce3	blt	x18,x19,800017b8	 x18:0x00000002 x19:0x0000000f
       20465000	      2045	00000000	00000013	addi	x0,x0,0	  x0:0x00000000
       20475000	      2046	800017b4	00000013	addi	x0,x0,0	  x0:0x00000000
       20485000	      2047	800017b8	e229b093	sltiu	x1,x19,-478	 x19:0x0000000f  x1=0x00000001
       20495000	      2048	800017bc	00490913	addi	x18,x18,4	 x18:0x00000002 x18=0x00000006
       20505000	      2049	800017c0	ff394ce3	blt	x18,x19,800017b8	 x18:0x00000006 x19:0x0000000f
       20515000	      2050	00000000	00000013	addi	x0,x0,0	  x0:0x00000000
       20525000	      2051	800017b4	00000013	addi	x0,x0,0	  x0:0x00000000
       20535000	      2052	800017b8	e229b093	sltiu	x1,x19,-478	 x19:0x0000000f  x1=0x00000001
       20545000	      2053	800017bc	00490913	addi	x18,x18,4	 x18:0x00000006 x18=0x0000000a
       20555000	      2054	800017c0	ff394ce3	blt	x18,x19,800017b8	 x18:0x0000000a x19:0x0000000f
       20565000	      2055	00000000	00000013	addi	x0,x0,0	  x0:0x00000000
       20575000	      2056	800017b4	00000013	addi	x0,x0,0	  x0:0x00000000
       20585000	      2057	800017b8	e229b093	sltiu	x1,x19,-478	 x19:0x0000000f  x1=0x00000001
       20595000	      2058	800017bc	00490913	addi	x18,x18,4	 x18:0x0000000a x18=0x0000000e
       20605000	      2059	800017c0	ff394ce3	blt	x18,x19,800017b8	 x18:0x0000000e x19:0x0000000f
       20615000	      2060	00000000	00000013	addi	x0,x0,0	  x0:0x00000000
       20625000	      2061	800017b4	00000013	addi	x0,x0,0	  x0:0x00000000
       20635000	      2062	800017b8	e229b093	sltiu	x1,x19,-478	 x19:0x0000000f  x1=0x00000001
       20645000	      2063	800017bc	00490913	addi	x18,x18,4	 x18:0x0000000e x18=0x00000012
       20655000	      2064	800017c0	ff394ce3	blt	x18,x19,800017b8	 x18:0x00000012 x19:0x0000000f
       20665000	      2065	800017c4	40fbd293	srai	x5,x23,0xf	 x23:0xc7204680  x5=0xffff8e40
       20675000	      2066	800017c8	00400993	addi	x19,x0,4	  x0:0x00000000 x19=0x00000004
       20685000	      2067	800017cc	1689ce13	xori	x28,x19,360	 x19:0x00000004 x28=0x0000016c
       20695000	      2068	800017d0	00f00a13	addi	x20,x0,15	  x0:0x00000000 x20=0x0000000f
       20705000	      2069	800017d4	010bd293	srli	x5,x23,0x10	 x23:0xc7204680  x5=0x0000c720
       20715000	      2070	800017d8	ff2af613	andi	x12,x21,-14	 x21:0x00000006 x12=0x00000002
       20725000	      2071	800017dc	00398993	addi	x19,x19,3	 x19:0x00000004 x19=0x00000007
       20735000	      2072	800017e0	ff49cce3	blt	x19,x20,800017d8	 x19:0x00000007 x20:0x0000000f
       20745000	      2073	00000000	00000013	addi	x0,x0,0	  x0:0x00000000
       20755000	      2074	800017d4	00000013	addi	x0,x0,0	  x0:0x00000000
       20765000	      2075	800017d8	ff2af613	andi	x12,x21,-14	 x21:0x00000006 x12=0x00000002
       20775000	      2076	800017dc	00398993	addi	x19,x19,3	 x19:0x00000007 x19=0x0000000a
       20785000	      2077	800017e0	ff49cce3	blt	x19,x20,800017d8	 x19:0x0000000a x20:0x0000000f
       20795000	      2078	00000000	00000013	addi	x0,x0,0	  x0:0x00000000
       20805000	      2079	800017d4	00000013	addi	x0,x0,0	  x0:0x00000000
       20815000	      2080	800017d8	ff2af613	andi	x12,x21,-14	 x21:0x00000006 x12=0x00000002
       20825000	      2081	800017dc	00398993	addi	x19,x19,3	 x19:0x0000000a x19=0x0000000d
       20835000	      2082	800017e0	ff49cce3	blt	x19,x20,800017d8	 x19:0x0000000d x20:0x0000000f
       20845000	      2083	00000000	00000013	addi	x0,x0,0	  x0:0x00000000
       20855000	      2084	800017d4	00000013	addi	x0,x0,0	  x0:0x00000000
       20865000	      2085	800017d8	ff2af613	andi	x12,x21,-14	 x21:0x00000006 x12=0x00000002
       20875000	      2086	800017dc	00398993	addi	x19,x19,3	 x19:0x0000000d x19=0x00000010
       20885000	      2087	800017e0	ff49cce3	blt	x19,x20,800017d8	 x19:0x00000010 x20:0x0000000f
       20895000	      2088	800017e4	00cf16b3	sll	x13,x30,x12	 x30:0x000c8a63 x12:0x00000002 x13=0x0032298c
       20905000	      2089	800017e8	00a00913	addi	x18,x0,10	  x0:0x00000000 x18=0x0000000a
       20915000	      2090	800017ec	012b5f93	srli	x31,x22,0x12	 x22:0xc8a635e4 x31=0x00003229
       20925000	      2091	800017f0	7939a993	slti	x19,x19,1939	 x19:0x00000010 x19=0x00000001
       20935000	      2092	800017f4	00900613	addi	x12,x0,9	  x0:0x00000000 x12=0x00000009
       20945000	      2093	800017f8	733b7393	andi	x7,x22,1843	 x22:0xc8a635e4  x7=0x00000520
       20955000	      2094	800017fc	01831433	sll	x8,x6,x24	  x6:0x00000003 x24:0xffffffff  x8=0x80000000
       20965000	      2095	80001800	00000013	addi	x0,x0,0	  x0:0x00000000
       20975000	      2096	80001804	00cdc333	xor	x6,x27,x12	 x27:0x0000000a x12:0x00000009  x6=0x00000003
       20985000	      2097	80001808	00e71d93	slli	x27,x14,0xe	 x14:0xffffffd0 x27=0xfff40000
       20995000	      2098	8000180c	1c3bf213	andi	x4,x23,451	 x23:0xc7204680  x4=0x00000080
       21005000	      2099	80001810	ff990913	addi	x18,x18,-7	 x18:0x0000000a x18=0x00000003
       21015000	      2100	80001814	cfef41b7	lui	x3,0xcfef4	  x3=0xcfef4000
       21025000	      2101	80001818	fec976e3	bgeu	x18,x12,80001804	 x18:0x00000003 x12:0x00000009
       21035000	      2102	8000181c	30d42997	auipc	x19,0x30d42	 x19=0xb0d43818
       21045000	      2103	80001820	00a00e13	addi	x28,x0,10	  x0:0x00000000 x28=0x0000000a
       21055000	      2104	80001824	00600813	addi	x16,x0,6	  x0:0x00000000 x16=0x00000006
       21065000	      2105	80001828	8cb7bb13	sltiu	x22,x15,-1845	 x15:0x00000001 x22=0x00000001
       21075000	      2106	8000182c	40e8dc93	srai	x25,x17,0xe	 x17:0xffffffff x25=0xffffffff
       21085000	      2107	80001830	8bdd1d37	lui	x26,0x8bdd1	 x26=0x8bdd1000
       21095000	      2108	80001834	00000013	addi	x0,x0,0	  x0:0x00000000
       21105000	      2109	80001838	bd088193	addi	x3,x17,-1072	 x17:0xffffffff  x3=0xfffffbcf
       21115000	      2110	8000183c	000bb9b3	sltu	x19,x23,x0	 x23:0xc7204680  x0:0x00000000 x19=0x00000000
       21125000	      2111	80001840	86576093	ori	x1,x14,-1947	 x14:0xffffffd0  x1=0xfffffff5
       21135000	      2112	80001844	ffce0e13	addi	x28,x28,-4	 x28:0x0000000a x28=0x00000006
       21145000	      2113	80001848	419002b3	sub	x5,x0,x25	  x0:0x00000000 x25:0xffffffff  x5=0x00000001
       21155000	      2114	8000184c	ff900c13	addi	x24,x0,-7	  x0:0x00000000 x24=0xfffffff9
       21165000	      2115	80001850	0a92b513	sltiu	x10,x5,169	  x5:0x00000001 x10=0x00000001
       21175000	      2116	80001854	40985c93	srai	x25,x16,0x9	 x16:0x00000006 x25=0x00000000
       21185000	      2117	80001858	002001b3	add	x3,x0,x2	  x0:0x00000000  x2:0x80000000  x3=0x80000000
       21195000	      2118	8000185c	887a0c93	addi	x25,x20,-1913	 x20:0x0000000f x25=0xfffff896
       21205000	      2119	80001860	00c1b0b3	sltu	x1,x3,x12	  x3:0x80000000 x12:0x00000009  x1=0x00000000
       21215000	      2120	80001864	00200613	addi	x12,x0,2	  x0:0x00000000 x12=0x00000002
       21225000	      2121	80001868	ed036a13	ori	x20,x6,-304	  x6:0x00000003 x20=0xfffffed3
       21235000	      2122	8000186c	017ffd33	and	x26,x31,x23	 x31:0x00003229 x23:0xc7204680 x26=0x00000200
       21245000	      2123	80001870	016ae933	or	x18,x21,x22	 x21:0x00000006 x22:0x00000001 x18=0x00000007
       21255000	      2124	80001874	e5a4cdb7	lui	x27,0xe5a4c	 x27=0xe5a4c000
       21265000	      2125	80001878	49273b93	sltiu	x23,x14,1170	 x14:0xffffffd0 x23=0x00000000
       21275000	      2126	8000187c	004c0c13	addi	x24,x24,4	 x24:0xfffffff9 x24=0xfffffffd
       21285000	      2127	80001880	fecc6ae3	bltu	x24,x12,80001874	 x24:0xfffffffd x12:0x00000002
       21295000	      2128	80001884	008e5b93	srli	x23,x28,0x8	 x28:0x00000006 x23=0x00000000
       21305000	      2129	80001888	014f9713	slli	x14,x31,0x14	 x31:0x00003229 x14=0x22900000
       21315000	      2130	8000188c	fb0e72e3	bgeu	x28,x16,80001830	 x28:0x00000006 x16:0x00000006
       21325000	      2131	00000000	00000013	addi	x0,x0,0	  x0:0x00000000
       21335000	      2132	8000182c	00000013	addi	x0,x0,0	  x0:0x00000000
       21345000	      2133	80001830	8bdd1d37	lui	x26,0x8bdd1	 x26=0x8bdd1000
       21355000	      2134	80001834	00000013	addi	x0,x0,0	  x0:0x00000000
       21365000	      2135	80001838	bd088193	addi	x3,x17,-1072	 x17:0xffffffff  x3=0xfffffbcf
       21375000	      2136	8000183c	000bb9b3	sltu	x19,x23,x0	 x23:0x00000000  x0:0x00000000 x19=0x00000000
       21385000	      2137	80001840	86576093	ori	x1,x14,-1947	 x14:0x22900000  x1=0xfffff865
       21395000	      2138	80001844	ffce0e13	addi	x28,x28,-4	 x28:0x00000006 x28=0x00000002
       21405000	      2139	80001848	419002b3	sub	x5,x0,x25	  x0:0x00000000 x25:0xfffff896  x5=0x0000076a
       21415000	      2140	8000184c	ff900c13	addi	x24,x0,-7	  x0:0x00000000 x24=0xfffffff9
       21425000	      2141	80001850	0a92b513	sltiu	x10,x5,169	  x5:0x0000076a x10=0x00000000
       21435000	      2142	80001854	40985c93	srai	x25,x16,0x9	 x16:0x00000006 x25=0x00000000
       21445000	      2143	80001858	002001b3	add	x3,x0,x2	  x0:0x00000000  x2:0x80000000  x3=0x80000000
       21455000	      2144	8000185c	887a0c93	addi	x25,x20,-1913	 x20:0xfffffed3 x25=0xfffff75a
       21465000	      2145	80001860	00c1b0b3	sltu	x1,x3,x12	  x3:0x80000000 x12:0x00000002  x1=0x00000000
       21475000	      2146	80001864	00200613	addi	x12,x0,2	  x0:0x00000000 x12=0x00000002
       21485000	      2147	80001868	ed036a13	ori	x20,x6,-304	  x6:0x00000003 x20=0xfffffed3
       21495000	      2148	8000186c	017ffd33	and	x26,x31,x23	 x31:0x00003229 x23:0x00000000 x26=0x00000000
       21505000	      2149	80001870	016ae933	or	x18,x21,x22	 x21:0x00000006 x22:0x00000001 x18=0x00000007
       21515000	      2150	80001874	e5a4cdb7	lui	x27,0xe5a4c	 x27=0xe5a4c000
       21525000	      2151	80001878	49273b93	sltiu	x23,x14,1170	 x14:0x22900000 x23=0x00000000
       21535000	      2152	8000187c	004c0c13	addi	x24,x24,4	 x24:0xfffffff9 x24=0xfffffffd
       21545000	      2153	80001880	fecc6ae3	bltu	x24,x12,80001874	 x24:0xfffffffd x12:0x00000002
       21555000	      2154	80001884	008e5b93	srli	x23,x28,0x8	 x28:0x00000002 x23=0x00000000
       21565000	      2155	80001888	014f9713	slli	x14,x31,0x14	 x31:0x00003229 x14=0x22900000
       21575000	      2156	8000188c	fb0e72e3	bgeu	x28,x16,80001830	 x28:0x00000002 x16:0x00000006
       21585000	      2157	80001890	4fc96e97	auipc	x29,0x4fc96	 x29=0xcfc9788c
       21595000	      2158	80001894	00900e13	addi	x28,x0,9	  x0:0x00000000 x28=0x00000009
       21605000	      2159	80001898	fee00213	addi	x4,x0,-18	  x0:0x00000000  x4=0xffffffee
       21615000	      2160	8000189c	41db5793	srai	x15,x22,0x1d	 x22:0x00000001 x15=0x00000000
       21625000	      2161	800018a0	017b3b33	sltu	x22,x22,x23	 x22:0x00000001 x23:0x00000000 x22=0x00000000
       21635000	      2162	800018a4	fffe0e13	addi	x28,x28,-1	 x28:0x00000009 x28=0x00000008
       21645000	      2163	800018a8	00100193	addi	x3,x0,1	  x0:0x00000000  x3=0x00000001
       21655000	      2164	800018ac	ffb00a13	addi	x20,x0,-5	  x0:0x00000000 x20=0xfffffffb
       21665000	      2165	800018b0	bc554713	xori	x14,x10,-1083	 x10:0x00000000 x14=0xfffffbc5
       21675000	      2166	800018b4	e3ff4d93	xori	x27,x30,-449	 x30:0x000c8a63 x27=0xfff3745c
       21685000	      2167	800018b8	ffa18193	addi	x3,x3,-6	  x3:0x00000001  x3=0xfffffffb
       21695000	      2168	800018bc	ff418ce3	beq	x3,x20,800018b4	  x3:0xfffffffb x20:0xfffffffb
       21705000	      2169	00000000	00000013	addi	x0,x0,0	  x0:0x00000000
       21715000	      2170	800018b0	00000013	addi	x0,x0,0	  x0:0x00000000
       21725000	      2171	800018b4	e3ff4d93	xori	x27,x30,-449	 x30:0x000c8a63 x27=0xfff3745c
       21735000	      2172	800018b8	ffa18193	addi	x3,x3,-6	  x3:0xfffffffb  x3=0xfffffff5
       21745000	      2173	800018bc	ff418ce3	beq	x3,x20,800018b4	  x3:0xfffffff5 x20:0xfffffffb
       21755000	      2174	800018c0	fe4e10e3	bne	x28,x4,800018a0	 x28:0x00000008  x4:0xffffffee
       21765000	      2175	00000000	00000013	addi	x0,x0,0	  x0:0x00000000
       21775000	      2176	8000189c	00000013	addi	x0,x0,0	  x0:0x00000000
       21785000	      2177	800018a0	017b3b33	sltu	x22,x22,x23	 x22:0x00000000 x23:0x00000000 x22=0x00000000
       21795000	      2178	800018a4	fffe0e13	addi	x28,x28,-1	 x28:0x00000008 x28=0x00000007
       21805000	      2179	800018a8	00100193	addi	x3,x0,1	  x0:0x00000000  x3=0x00000001
       21815000	      2180	800018ac	ffb00a13	addi	x20,x0,-5	  x0:0x00000000 x20=0xfffffffb
       21825000	      2181	800018b0	bc554713	xori	x14,x10,-1083	 x10:0x00000000 x14=0xfffffbc5
       21835000	      2182	800018b4	e3ff4d93	xori	x27,x30,-449	 x30:0x000c8a63 x27=0xfff3745c
       21845000	      2183	800018b8	ffa18193	addi	x3,x3,-6	  x3:0x00000001  x3=0xfffffffb
       21855000	      2184	800018bc	ff418ce3	beq	x3,x20,800018b4	  x3:0xfffffffb x20:0xfffffffb
       21865000	      2185	00000000	00000013	addi	x0,x0,0	  x0:0x00000000
       21875000	      2186	800018b0	00000013	addi	x0,x0,0	  x0:0x00000000
       21885000	      2187	800018b4	e3ff4d93	xori	x27,x30,-449	 x30:0x000c8a63 x27=0xfff3745c
       21895000	      2188	800018b8	ffa18193	addi	x3,x3,-6	  x3:0xfffffffb  x3=0xfffffff5
       21905000	      2189	800018bc	ff418ce3	beq	x3,x20,800018b4	  x3:0xfffffff5 x20:0xfffffffb
       21915000	      2190	800018c0	fe4e10e3	bne	x28,x4,800018a0	 x28:0x00000007  x4:0xffffffee
       21925000	      2191	00000000	00000013	addi	x0,x0,0	  x0:0x00000000
       21935000	      2192	8000189c	00000013	addi	x0,x0,0	  x0:0x00000000
       21945000	      2193	800018a0	017b3b33	sltu	x22,x22,x23	 x22:0x00000000 x23:0x00000000 x22=0x00000000
       21955000	      2194	800018a4	fffe0e13	addi	x28,x28,-1	 x28:0x00000007 x28=0x00000006
       21965000	      2195	800018a8	00100193	addi	x3,x0,1	  x0:0x00000000  x3=0x00000001
       21975000	      2196	800018ac	ffb00a13	addi	x20,x0,-5	  x0:0x00000000 x20=0xfffffffb
       21985000	      2197	800018b0	bc554713	xori	x14,x10,-1083	 x10:0x00000000 x14=0xfffffbc5
       21995000	      2198	800018b4	e3ff4d93	xori	x27,x30,-449	 x30:0x000c8a63 x27=0xfff3745c
       22005000	      2199	800018b8	ffa18193	addi	x3,x3,-6	  x3:0x00000001  x3=0xfffffffb
       22015000	      2200	800018bc	ff418ce3	beq	x3,x20,800018b4	  x3:0xfffffffb x20:0xfffffffb
       22025000	      2201	00000000	00000013	addi	x0,x0,0	  x0:0x00000000
       22035000	      2202	800018b0	00000013	addi	x0,x0,0	  x0:0x00000000
       22045000	      2203	800018b4	e3ff4d93	xori	x27,x30,-449	 x30:0x000c8a63 x27=0xfff3745c
       22055000	      2204	800018b8	ffa18193	addi	x3,x3,-6	  x3:0xfffffffb  x3=0xfffffff5
       22065000	      2205	800018bc	ff418ce3	beq	x3,x20,800018b4	  x3:0xfffffff5 x20:0xfffffffb
       22075000	      2206	800018c0	fe4e10e3	bne	x28,x4,800018a0	 x28:0x00000006  x4:0xffffffee
       22085000	      2207	00000000	00000013	addi	x0,x0,0	  x0:0x00000000
       22095000	      2208	8000189c	00000013	addi	x0,x0,0	  x0:0x00000000
       22105000	      2209	800018a0	017b3b33	sltu	x22,x22,x23	 x22:0x00000000 x23:0x00000000 x22=0x00000000
       22115000	      2210	800018a4	fffe0e13	addi	x28,x28,-1	 x28:0x00000006 x28=0x00000005
       22125000	      2211	800018a8	00100193	addi	x3,x0,1	  x0:0x00000000  x3=0x00000001
       22135000	      2212	800018ac	ffb00a13	addi	x20,x0,-5	  x0:0x00000000 x20=0xfffffffb
       22145000	      2213	800018b0	bc554713	xori	x14,x10,-1083	 x10:0x00000000 x14=0xfffffbc5
       22155000	      2214	800018b4	e3ff4d93	xori	x27,x30,-449	 x30:0x000c8a63 x27=0xfff3745c
       22165000	      2215	800018b8	ffa18193	addi	x3,x3,-6	  x3:0x00000001  x3=0xfffffffb
       22175000	      2216	800018bc	ff418ce3	beq	x3,x20,800018b4	  x3:0xfffffffb x20:0xfffffffb
       22185000	      2217	00000000	00000013	addi	x0,x0,0	  x0:0x00000000
       22195000	      2218	800018b0	00000013	addi	x0,x0,0	  x0:0x00000000
       22205000	      2219	800018b4	e3ff4d93	xori	x27,x30,-449	 x30:0x000c8a63 x27=0xfff3745c
       22215000	      2220	800018b8	ffa18193	addi	x3,x3,-6	  x3:0xfffffffb  x3=0xfffffff5
       22225000	      2221	800018bc	ff418ce3	beq	x3,x20,800018b4	  x3:0xfffffff5 x20:0xfffffffb
       22235000	      2222	800018c0	fe4e10e3	bne	x28,x4,800018a0	 x28:0x00000005  x4:0xffffffee
       22245000	      2223	00000000	00000013	addi	x0,x0,0	  x0:0x00000000
       22255000	      2224	8000189c	00000013	addi	x0,x0,0	  x0:0x00000000
       22265000	      2225	800018a0	017b3b33	sltu	x22,x22,x23	 x22:0x00000000 x23:0x00000000 x22=0x00000000
       22275000	      2226	800018a4	fffe0e13	addi	x28,x28,-1	 x28:0x00000005 x28=0x00000004
       22285000	      2227	800018a8	00100193	addi	x3,x0,1	  x0:0x00000000  x3=0x00000001
       22295000	      2228	800018ac	ffb00a13	addi	x20,x0,-5	  x0:0x00000000 x20=0xfffffffb
       22305000	      2229	800018b0	bc554713	xori	x14,x10,-1083	 x10:0x00000000 x14=0xfffffbc5
       22315000	      2230	800018b4	e3ff4d93	xori	x27,x30,-449	 x30:0x000c8a63 x27=0xfff3745c
       22325000	      2231	800018b8	ffa18193	addi	x3,x3,-6	  x3:0x00000001  x3=0xfffffffb
       22335000	      2232	800018bc	ff418ce3	beq	x3,x20,800018b4	  x3:0xfffffffb x20:0xfffffffb
       22345000	      2233	00000000	00000013	addi	x0,x0,0	  x0:0x00000000
       22355000	      2234	800018b0	00000013	addi	x0,x0,0	  x0:0x00000000
       22365000	      2235	800018b4	e3ff4d93	xori	x27,x30,-449	 x30:0x000c8a63 x27=0xfff3745c
       22375000	      2236	800018b8	ffa18193	addi	x3,x3,-6	  x3:0xfffffffb  x3=0xfffffff5
       22385000	      2237	800018bc	ff418ce3	beq	x3,x20,800018b4	  x3:0xfffffff5 x20:0xfffffffb
       22395000	      2238	800018c0	fe4e10e3	bne	x28,x4,800018a0	 x28:0x00000004  x4:0xffffffee
       22405000	      2239	00000000	00000013	addi	x0,x0,0	  x0:0x00000000
       22415000	      2240	8000189c	00000013	addi	x0,x0,0	  x0:0x00000000
       22425000	      2241	800018a0	017b3b33	sltu	x22,x22,x23	 x22:0x00000000 x23:0x00000000 x22=0x00000000
       22435000	      2242	800018a4	fffe0e13	addi	x28,x28,-1	 x28:0x00000004 x28=0x00000003
       22445000	      2243	800018a8	00100193	addi	x3,x0,1	  x0:0x00000000  x3=0x00000001
       22455000	      2244	800018ac	ffb00a13	addi	x20,x0,-5	  x0:0x00000000 x20=0xfffffffb
       22465000	      2245	800018b0	bc554713	xori	x14,x10,-1083	 x10:0x00000000 x14=0xfffffbc5
       22475000	      2246	800018b4	e3ff4d93	xori	x27,x30,-449	 x30:0x000c8a63 x27=0xfff3745c
       22485000	      2247	800018b8	ffa18193	addi	x3,x3,-6	  x3:0x00000001  x3=0xfffffffb
       22495000	      2248	800018bc	ff418ce3	beq	x3,x20,800018b4	  x3:0xfffffffb x20:0xfffffffb
       22505000	      2249	00000000	00000013	addi	x0,x0,0	  x0:0x00000000
       22515000	      2250	800018b0	00000013	addi	x0,x0,0	  x0:0x00000000
       22525000	      2251	800018b4	e3ff4d93	xori	x27,x30,-449	 x30:0x000c8a63 x27=0xfff3745c
       22535000	      2252	800018b8	ffa18193	addi	x3,x3,-6	  x3:0xfffffffb  x3=0xfffffff5
       22545000	      2253	800018bc	ff418ce3	beq	x3,x20,800018b4	  x3:0xfffffff5 x20:0xfffffffb
       22555000	      2254	800018c0	fe4e10e3	bne	x28,x4,800018a0	 x28:0x00000003  x4:0xffffffee
       22565000	      2255	00000000	00000013	addi	x0,x0,0	  x0:0x00000000
       22575000	      2256	8000189c	00000013	addi	x0,x0,0	  x0:0x00000000
       22585000	      2257	800018a0	017b3b33	sltu	x22,x22,x23	 x22:0x00000000 x23:0x00000000 x22=0x00000000
       22595000	      2258	800018a4	fffe0e13	addi	x28,x28,-1	 x28:0x00000003 x28=0x00000002
       22605000	      2259	800018a8	00100193	addi	x3,x0,1	  x0:0x00000000  x3=0x00000001
       22615000	      2260	800018ac	ffb00a13	addi	x20,x0,-5	  x0:0x00000000 x20=0xfffffffb
       22625000	      2261	800018b0	bc554713	xori	x14,x10,-1083	 x10:0x00000000 x14=0xfffffbc5
       22635000	      2262	800018b4	e3ff4d93	xori	x27,x30,-449	 x30:0x000c8a63 x27=0xfff3745c
       22645000	      2263	800018b8	ffa18193	addi	x3,x3,-6	  x3:0x00000001  x3=0xfffffffb
       22655000	      2264	800018bc	ff418ce3	beq	x3,x20,800018b4	  x3:0xfffffffb x20:0xfffffffb
       22665000	      2265	00000000	00000013	addi	x0,x0,0	  x0:0x00000000
       22675000	      2266	800018b0	00000013	addi	x0,x0,0	  x0:0x00000000
       22685000	      2267	800018b4	e3ff4d93	xori	x27,x30,-449	 x30:0x000c8a63 x27=0xfff3745c
       22695000	      2268	800018b8	ffa18193	addi	x3,x3,-6	  x3:0xfffffffb  x3=0xfffffff5
       22705000	      2269	800018bc	ff418ce3	beq	x3,x20,800018b4	  x3:0xfffffff5 x20:0xfffffffb
       22715000	      2270	800018c0	fe4e10e3	bne	x28,x4,800018a0	 x28:0x00000002  x4:0xffffffee
       22725000	      2271	00000000	00000013	addi	x0,x0,0	  x0:0x00000000
       22735000	      2272	8000189c	00000013	addi	x0,x0,0	  x0:0x00000000
       22745000	      2273	800018a0	017b3b33	sltu	x22,x22,x23	 x22:0x00000000 x23:0x00000000 x22=0x00000000
       22755000	      2274	800018a4	fffe0e13	addi	x28,x28,-1	 x28:0x00000002 x28=0x00000001
       22765000	      2275	800018a8	00100193	addi	x3,x0,1	  x0:0x00000000  x3=0x00000001
       22775000	      2276	800018ac	ffb00a13	addi	x20,x0,-5	  x0:0x00000000 x20=0xfffffffb
       22785000	      2277	800018b0	bc554713	xori	x14,x10,-1083	 x10:0x00000000 x14=0xfffffbc5
       22795000	      2278	800018b4	e3ff4d93	xori	x27,x30,-449	 x30:0x000c8a63 x27=0xfff3745c
       22805000	      2279	800018b8	ffa18193	addi	x3,x3,-6	  x3:0x00000001  x3=0xfffffffb
       22815000	      2280	800018bc	ff418ce3	beq	x3,x20,800018b4	  x3:0xfffffffb x20:0xfffffffb
       22825000	      2281	00000000	00000013	addi	x0,x0,0	  x0:0x00000000
       22835000	      2282	800018b0	00000013	addi	x0,x0,0	  x0:0x00000000
       22845000	      2283	800018b4	e3ff4d93	xori	x27,x30,-449	 x30:0x000c8a63 x27=0xfff3745c
       22855000	      2284	800018b8	ffa18193	addi	x3,x3,-6	  x3:0xfffffffb  x3=0xfffffff5
       22865000	      2285	800018bc	ff418ce3	beq	x3,x20,800018b4	  x3:0xfffffff5 x20:0xfffffffb
       22875000	      2286	800018c0	fe4e10e3	bne	x28,x4,800018a0	 x28:0x00000001  x4:0xffffffee
       22885000	      2287	00000000	00000013	addi	x0,x0,0	  x0:0x00000000
       22895000	      2288	8000189c	00000013	addi	x0,x0,0	  x0:0x00000000
       22905000	      2289	800018a0	017b3b33	sltu	x22,x22,x23	 x22:0x00000000 x23:0x00000000 x22=0x00000000
       22915000	      2290	800018a4	fffe0e13	addi	x28,x28,-1	 x28:0x00000001 x28=0x00000000
       22925000	      2291	800018a8	00100193	addi	x3,x0,1	  x0:0x00000000  x3=0x00000001
       22935000	      2292	800018ac	ffb00a13	addi	x20,x0,-5	  x0:0x00000000 x20=0xfffffffb
       22945000	      2293	800018b0	bc554713	xori	x14,x10,-1083	 x10:0x00000000 x14=0xfffffbc5
       22955000	      2294	800018b4	e3ff4d93	xori	x27,x30,-449	 x30:0x000c8a63 x27=0xfff3745c
       22965000	      2295	800018b8	ffa18193	addi	x3,x3,-6	  x3:0x00000001  x3=0xfffffffb
       22975000	      2296	800018bc	ff418ce3	beq	x3,x20,800018b4	  x3:0xfffffffb x20:0xfffffffb
       22985000	      2297	00000000	00000013	addi	x0,x0,0	  x0:0x00000000
       22995000	      2298	800018b0	00000013	addi	x0,x0,0	  x0:0x00000000
       23005000	      2299	800018b4	e3ff4d93	xori	x27,x30,-449	 x30:0x000c8a63 x27=0xfff3745c
       23015000	      2300	800018b8	ffa18193	addi	x3,x3,-6	  x3:0xfffffffb  x3=0xfffffff5
       23025000	      2301	800018bc	ff418ce3	beq	x3,x20,800018b4	  x3:0xfffffff5 x20:0xfffffffb
       23035000	      2302	800018c0	fe4e10e3	bne	x28,x4,800018a0	 x28:0x00000000  x4:0xffffffee
       23045000	      2303	00000000	00000013	addi	x0,x0,0	  x0:0x00000000
       23055000	      2304	8000189c	00000013	addi	x0,x0,0	  x0:0x00000000
       23065000	      2305	800018a0	017b3b33	sltu	x22,x22,x23	 x22:0x00000000 x23:0x00000000 x22=0x00000000
       23075000	      2306	800018a4	fffe0e13	addi	x28,x28,-1	 x28:0x00000000 x28=0xffffffff
       23085000	      2307	800018a8	00100193	addi	x3,x0,1	  x0:0x00000000  x3=0x00000001
       23095000	      2308	800018ac	ffb00a13	addi	x20,x0,-5	  x0:0x00000000 x20=0xfffffffb
       23105000	      2309	800018b0	bc554713	xori	x14,x10,-1083	 x10:0x00000000 x14=0xfffffbc5
       23115000	      2310	800018b4	e3ff4d93	xori	x27,x30,-449	 x30:0x000c8a63 x27=0xfff3745c
       23125000	      2311	800018b8	ffa18193	addi	x3,x3,-6	  x3:0x00000001  x3=0xfffffffb
       23135000	      2312	800018bc	ff418ce3	beq	x3,x20,800018b4	  x3:0xfffffffb x20:0xfffffffb
       23145000	      2313	00000000	00000013	addi	x0,x0,0	  x0:0x00000000
       23155000	      2314	800018b0	00000013	addi	x0,x0,0	  x0:0x00000000
       23165000	      2315	800018b4	e3ff4d93	xori	x27,x30,-449	 x30:0x000c8a63 x27=0xfff3745c
       23175000	      2316	800018b8	ffa18193	addi	x3,x3,-6	  x3:0xfffffffb  x3=0xfffffff5
       23185000	      2317	800018bc	ff418ce3	beq	x3,x20,800018b4	  x3:0xfffffff5 x20:0xfffffffb
       23195000	      2318	800018c0	fe4e10e3	bne	x28,x4,800018a0	 x28:0xffffffff  x4:0xffffffee
       23205000	      2319	00000000	00000013	addi	x0,x0,0	  x0:0x00000000
       23215000	      2320	8000189c	00000013	addi	x0,x0,0	  x0:0x00000000
       23225000	      2321	800018a0	017b3b33	sltu	x22,x22,x23	 x22:0x00000000 x23:0x00000000 x22=0x00000000
       23235000	      2322	800018a4	fffe0e13	addi	x28,x28,-1	 x28:0xffffffff x28=0xfffffffe
       23245000	      2323	800018a8	00100193	addi	x3,x0,1	  x0:0x00000000  x3=0x00000001
       23255000	      2324	800018ac	ffb00a13	addi	x20,x0,-5	  x0:0x00000000 x20=0xfffffffb
       23265000	      2325	800018b0	bc554713	xori	x14,x10,-1083	 x10:0x00000000 x14=0xfffffbc5
       23275000	      2326	800018b4	e3ff4d93	xori	x27,x30,-449	 x30:0x000c8a63 x27=0xfff3745c
       23285000	      2327	800018b8	ffa18193	addi	x3,x3,-6	  x3:0x00000001  x3=0xfffffffb
       23295000	      2328	800018bc	ff418ce3	beq	x3,x20,800018b4	  x3:0xfffffffb x20:0xfffffffb
       23305000	      2329	00000000	00000013	addi	x0,x0,0	  x0:0x00000000
       23315000	      2330	800018b0	00000013	addi	x0,x0,0	  x0:0x00000000
       23325000	      2331	800018b4	e3ff4d93	xori	x27,x30,-449	 x30:0x000c8a63 x27=0xfff3745c
       23335000	      2332	800018b8	ffa18193	addi	x3,x3,-6	  x3:0xfffffffb  x3=0xfffffff5
       23345000	      2333	800018bc	ff418ce3	beq	x3,x20,800018b4	  x3:0xfffffff5 x20:0xfffffffb
       23355000	      2334	800018c0	fe4e10e3	bne	x28,x4,800018a0	 x28:0xfffffffe  x4:0xffffffee
       23365000	      2335	00000000	00000013	addi	x0,x0,0	  x0:0x00000000
       23375000	      2336	8000189c	00000013	addi	x0,x0,0	  x0:0x00000000
       23385000	      2337	800018a0	017b3b33	sltu	x22,x22,x23	 x22:0x00000000 x23:0x00000000 x22=0x00000000
       23395000	      2338	800018a4	fffe0e13	addi	x28,x28,-1	 x28:0xfffffffe x28=0xfffffffd
       23405000	      2339	800018a8	00100193	addi	x3,x0,1	  x0:0x00000000  x3=0x00000001
       23415000	      2340	800018ac	ffb00a13	addi	x20,x0,-5	  x0:0x00000000 x20=0xfffffffb
       23425000	      2341	800018b0	bc554713	xori	x14,x10,-1083	 x10:0x00000000 x14=0xfffffbc5
       23435000	      2342	800018b4	e3ff4d93	xori	x27,x30,-449	 x30:0x000c8a63 x27=0xfff3745c
       23445000	      2343	800018b8	ffa18193	addi	x3,x3,-6	  x3:0x00000001  x3=0xfffffffb
       23455000	      2344	800018bc	ff418ce3	beq	x3,x20,800018b4	  x3:0xfffffffb x20:0xfffffffb
       23465000	      2345	00000000	00000013	addi	x0,x0,0	  x0:0x00000000
       23475000	      2346	800018b0	00000013	addi	x0,x0,0	  x0:0x00000000
       23485000	      2347	800018b4	e3ff4d93	xori	x27,x30,-449	 x30:0x000c8a63 x27=0xfff3745c
       23495000	      2348	800018b8	ffa18193	addi	x3,x3,-6	  x3:0xfffffffb  x3=0xfffffff5
       23505000	      2349	800018bc	ff418ce3	beq	x3,x20,800018b4	  x3:0xfffffff5 x20:0xfffffffb
       23515000	      2350	800018c0	fe4e10e3	bne	x28,x4,800018a0	 x28:0xfffffffd  x4:0xffffffee
       23525000	      2351	00000000	00000013	addi	x0,x0,0	  x0:0x00000000
       23535000	      2352	8000189c	00000013	addi	x0,x0,0	  x0:0x00000000
       23545000	      2353	800018a0	017b3b33	sltu	x22,x22,x23	 x22:0x00000000 x23:0x00000000 x22=0x00000000
       23555000	      2354	800018a4	fffe0e13	addi	x28,x28,-1	 x28:0xfffffffd x28=0xfffffffc
       23565000	      2355	800018a8	00100193	addi	x3,x0,1	  x0:0x00000000  x3=0x00000001
       23575000	      2356	800018ac	ffb00a13	addi	x20,x0,-5	  x0:0x00000000 x20=0xfffffffb
       23585000	      2357	800018b0	bc554713	xori	x14,x10,-1083	 x10:0x00000000 x14=0xfffffbc5
       23595000	      2358	800018b4	e3ff4d93	xori	x27,x30,-449	 x30:0x000c8a63 x27=0xfff3745c
       23605000	      2359	800018b8	ffa18193	addi	x3,x3,-6	  x3:0x00000001  x3=0xfffffffb
       23615000	      2360	800018bc	ff418ce3	beq	x3,x20,800018b4	  x3:0xfffffffb x20:0xfffffffb
       23625000	      2361	00000000	00000013	addi	x0,x0,0	  x0:0x00000000
       23635000	      2362	800018b0	00000013	addi	x0,x0,0	  x0:0x00000000
       23645000	      2363	800018b4	e3ff4d93	xori	x27,x30,-449	 x30:0x000c8a63 x27=0xfff3745c
       23655000	      2364	800018b8	ffa18193	addi	x3,x3,-6	  x3:0xfffffffb  x3=0xfffffff5
       23665000	      2365	800018bc	ff418ce3	beq	x3,x20,800018b4	  x3:0xfffffff5 x20:0xfffffffb
       23675000	      2366	800018c0	fe4e10e3	bne	x28,x4,800018a0	 x28:0xfffffffc  x4:0xffffffee
       23685000	      2367	00000000	00000013	addi	x0,x0,0	  x0:0x00000000
       23695000	      2368	8000189c	00000013	addi	x0,x0,0	  x0:0x00000000
       23705000	      2369	800018a0	017b3b33	sltu	x22,x22,x23	 x22:0x00000000 x23:0x00000000 x22=0x00000000
       23715000	      2370	800018a4	fffe0e13	addi	x28,x28,-1	 x28:0xfffffffc x28=0xfffffffb
       23725000	      2371	800018a8	00100193	addi	x3,x0,1	  x0:0x00000000  x3=0x00000001
       23735000	      2372	800018ac	ffb00a13	addi	x20,x0,-5	  x0:0x00000000 x20=0xfffffffb
       23745000	      2373	800018b0	bc554713	xori	x14,x10,-1083	 x10:0x00000000 x14=0xfffffbc5
       23755000	      2374	800018b4	e3ff4d93	xori	x27,x30,-449	 x30:0x000c8a63 x27=0xfff3745c
       23765000	      2375	800018b8	ffa18193	addi	x3,x3,-6	  x3:0x00000001  x3=0xfffffffb
       23775000	      2376	800018bc	ff418ce3	beq	x3,x20,800018b4	  x3:0xfffffffb x20:0xfffffffb
       23785000	      2377	00000000	00000013	addi	x0,x0,0	  x0:0x00000000
       23795000	      2378	800018b0	00000013	addi	x0,x0,0	  x0:0x00000000
       23805000	      2379	800018b4	e3ff4d93	xori	x27,x30,-449	 x30:0x000c8a63 x27=0xfff3745c
       23815000	      2380	800018b8	ffa18193	addi	x3,x3,-6	  x3:0xfffffffb  x3=0xfffffff5
       23825000	      2381	800018bc	ff418ce3	beq	x3,x20,800018b4	  x3:0xfffffff5 x20:0xfffffffb
       23835000	      2382	800018c0	fe4e10e3	bne	x28,x4,800018a0	 x28:0xfffffffb  x4:0xffffffee
       23845000	      2383	00000000	00000013	addi	x0,x0,0	  x0:0x00000000
       23855000	      2384	8000189c	00000013	addi	x0,x0,0	  x0:0x00000000
       23865000	      2385	800018a0	017b3b33	sltu	x22,x22,x23	 x22:0x00000000 x23:0x00000000 x22=0x00000000
       23875000	      2386	800018a4	fffe0e13	addi	x28,x28,-1	 x28:0xfffffffb x28=0xfffffffa
       23885000	      2387	800018a8	00100193	addi	x3,x0,1	  x0:0x00000000  x3=0x00000001
       23895000	      2388	800018ac	ffb00a13	addi	x20,x0,-5	  x0:0x00000000 x20=0xfffffffb
       23905000	      2389	800018b0	bc554713	xori	x14,x10,-1083	 x10:0x00000000 x14=0xfffffbc5
       23915000	      2390	800018b4	e3ff4d93	xori	x27,x30,-449	 x30:0x000c8a63 x27=0xfff3745c
       23925000	      2391	800018b8	ffa18193	addi	x3,x3,-6	  x3:0x00000001  x3=0xfffffffb
       23935000	      2392	800018bc	ff418ce3	beq	x3,x20,800018b4	  x3:0xfffffffb x20:0xfffffffb
       23945000	      2393	00000000	00000013	addi	x0,x0,0	  x0:0x00000000
       23955000	      2394	800018b0	00000013	addi	x0,x0,0	  x0:0x00000000
       23965000	      2395	800018b4	e3ff4d93	xori	x27,x30,-449	 x30:0x000c8a63 x27=0xfff3745c
       23975000	      2396	800018b8	ffa18193	addi	x3,x3,-6	  x3:0xfffffffb  x3=0xfffffff5
       23985000	      2397	800018bc	ff418ce3	beq	x3,x20,800018b4	  x3:0xfffffff5 x20:0xfffffffb
       23995000	      2398	800018c0	fe4e10e3	bne	x28,x4,800018a0	 x28:0xfffffffa  x4:0xffffffee
       24005000	      2399	00000000	00000013	addi	x0,x0,0	  x0:0x00000000
       24015000	      2400	8000189c	00000013	addi	x0,x0,0	  x0:0x00000000
       24025000	      2401	800018a0	017b3b33	sltu	x22,x22,x23	 x22:0x00000000 x23:0x00000000 x22=0x00000000
       24035000	      2402	800018a4	fffe0e13	addi	x28,x28,-1	 x28:0xfffffffa x28=0xfffffff9
       24045000	      2403	800018a8	00100193	addi	x3,x0,1	  x0:0x00000000  x3=0x00000001
       24055000	      2404	800018ac	ffb00a13	addi	x20,x0,-5	  x0:0x00000000 x20=0xfffffffb
       24065000	      2405	800018b0	bc554713	xori	x14,x10,-1083	 x10:0x00000000 x14=0xfffffbc5
       24075000	      2406	800018b4	e3ff4d93	xori	x27,x30,-449	 x30:0x000c8a63 x27=0xfff3745c
       24085000	      2407	800018b8	ffa18193	addi	x3,x3,-6	  x3:0x00000001  x3=0xfffffffb
       24095000	      2408	800018bc	ff418ce3	beq	x3,x20,800018b4	  x3:0xfffffffb x20:0xfffffffb
       24105000	      2409	00000000	00000013	addi	x0,x0,0	  x0:0x00000000
       24115000	      2410	800018b0	00000013	addi	x0,x0,0	  x0:0x00000000
       24125000	      2411	800018b4	e3ff4d93	xori	x27,x30,-449	 x30:0x000c8a63 x27=0xfff3745c
       24135000	      2412	800018b8	ffa18193	addi	x3,x3,-6	  x3:0xfffffffb  x3=0xfffffff5
       24145000	      2413	800018bc	ff418ce3	beq	x3,x20,800018b4	  x3:0xfffffff5 x20:0xfffffffb
       24155000	      2414	800018c0	fe4e10e3	bne	x28,x4,800018a0	 x28:0xfffffff9  x4:0xffffffee
       24165000	      2415	00000000	00000013	addi	x0,x0,0	  x0:0x00000000
       24175000	      2416	8000189c	00000013	addi	x0,x0,0	  x0:0x00000000
       24185000	      2417	800018a0	017b3b33	sltu	x22,x22,x23	 x22:0x00000000 x23:0x00000000 x22=0x00000000
       24195000	      2418	800018a4	fffe0e13	addi	x28,x28,-1	 x28:0xfffffff9 x28=0xfffffff8
       24205000	      2419	800018a8	00100193	addi	x3,x0,1	  x0:0x00000000  x3=0x00000001
       24215000	      2420	800018ac	ffb00a13	addi	x20,x0,-5	  x0:0x00000000 x20=0xfffffffb
       24225000	      2421	800018b0	bc554713	xori	x14,x10,-1083	 x10:0x00000000 x14=0xfffffbc5
       24235000	      2422	800018b4	e3ff4d93	xori	x27,x30,-449	 x30:0x000c8a63 x27=0xfff3745c
       24245000	      2423	800018b8	ffa18193	addi	x3,x3,-6	  x3:0x00000001  x3=0xfffffffb
       24255000	      2424	800018bc	ff418ce3	beq	x3,x20,800018b4	  x3:0xfffffffb x20:0xfffffffb
       24265000	      2425	00000000	00000013	addi	x0,x0,0	  x0:0x00000000
       24275000	      2426	800018b0	00000013	addi	x0,x0,0	  x0:0x00000000
       24285000	      2427	800018b4	e3ff4d93	xori	x27,x30,-449	 x30:0x000c8a63 x27=0xfff3745c
       24295000	      2428	800018b8	ffa18193	addi	x3,x3,-6	  x3:0xfffffffb  x3=0xfffffff5
       24305000	      2429	800018bc	ff418ce3	beq	x3,x20,800018b4	  x3:0xfffffff5 x20:0xfffffffb
       24315000	      2430	800018c0	fe4e10e3	bne	x28,x4,800018a0	 x28:0xfffffff8  x4:0xffffffee
       24325000	      2431	00000000	00000013	addi	x0,x0,0	  x0:0x00000000
       24335000	      2432	8000189c	00000013	addi	x0,x0,0	  x0:0x00000000
       24345000	      2433	800018a0	017b3b33	sltu	x22,x22,x23	 x22:0x00000000 x23:0x00000000 x22=0x00000000
       24355000	      2434	800018a4	fffe0e13	addi	x28,x28,-1	 x28:0xfffffff8 x28=0xfffffff7
       24365000	      2435	800018a8	00100193	addi	x3,x0,1	  x0:0x00000000  x3=0x00000001
       24375000	      2436	800018ac	ffb00a13	addi	x20,x0,-5	  x0:0x00000000 x20=0xfffffffb
       24385000	      2437	800018b0	bc554713	xori	x14,x10,-1083	 x10:0x00000000 x14=0xfffffbc5
       24395000	      2438	800018b4	e3ff4d93	xori	x27,x30,-449	 x30:0x000c8a63 x27=0xfff3745c
       24405000	      2439	800018b8	ffa18193	addi	x3,x3,-6	  x3:0x00000001  x3=0xfffffffb
       24415000	      2440	800018bc	ff418ce3	beq	x3,x20,800018b4	  x3:0xfffffffb x20:0xfffffffb
       24425000	      2441	00000000	00000013	addi	x0,x0,0	  x0:0x00000000
       24435000	      2442	800018b0	00000013	addi	x0,x0,0	  x0:0x00000000
       24445000	      2443	800018b4	e3ff4d93	xori	x27,x30,-449	 x30:0x000c8a63 x27=0xfff3745c
       24455000	      2444	800018b8	ffa18193	addi	x3,x3,-6	  x3:0xfffffffb  x3=0xfffffff5
       24465000	      2445	800018bc	ff418ce3	beq	x3,x20,800018b4	  x3:0xfffffff5 x20:0xfffffffb
       24475000	      2446	800018c0	fe4e10e3	bne	x28,x4,800018a0	 x28:0xfffffff7  x4:0xffffffee
       24485000	      2447	00000000	00000013	addi	x0,x0,0	  x0:0x00000000
       24495000	      2448	8000189c	00000013	addi	x0,x0,0	  x0:0x00000000
       24505000	      2449	800018a0	017b3b33	sltu	x22,x22,x23	 x22:0x00000000 x23:0x00000000 x22=0x00000000
       24515000	      2450	800018a4	fffe0e13	addi	x28,x28,-1	 x28:0xfffffff7 x28=0xfffffff6
       24525000	      2451	800018a8	00100193	addi	x3,x0,1	  x0:0x00000000  x3=0x00000001
       24535000	      2452	800018ac	ffb00a13	addi	x20,x0,-5	  x0:0x00000000 x20=0xfffffffb
       24545000	      2453	800018b0	bc554713	xori	x14,x10,-1083	 x10:0x00000000 x14=0xfffffbc5
       24555000	      2454	800018b4	e3ff4d93	xori	x27,x30,-449	 x30:0x000c8a63 x27=0xfff3745c
       24565000	      2455	800018b8	ffa18193	addi	x3,x3,-6	  x3:0x00000001  x3=0xfffffffb
       24575000	      2456	800018bc	ff418ce3	beq	x3,x20,800018b4	  x3:0xfffffffb x20:0xfffffffb
       24585000	      2457	00000000	00000013	addi	x0,x0,0	  x0:0x00000000
       24595000	      2458	800018b0	00000013	addi	x0,x0,0	  x0:0x00000000
       24605000	      2459	800018b4	e3ff4d93	xori	x27,x30,-449	 x30:0x000c8a63 x27=0xfff3745c
       24615000	      2460	800018b8	ffa18193	addi	x3,x3,-6	  x3:0xfffffffb  x3=0xfffffff5
       24625000	      2461	800018bc	ff418ce3	beq	x3,x20,800018b4	  x3:0xfffffff5 x20:0xfffffffb
       24635000	      2462	800018c0	fe4e10e3	bne	x28,x4,800018a0	 x28:0xfffffff6  x4:0xffffffee
       24645000	      2463	00000000	00000013	addi	x0,x0,0	  x0:0x00000000
       24655000	      2464	8000189c	00000013	addi	x0,x0,0	  x0:0x00000000
       24665000	      2465	800018a0	017b3b33	sltu	x22,x22,x23	 x22:0x00000000 x23:0x00000000 x22=0x00000000
       24675000	      2466	800018a4	fffe0e13	addi	x28,x28,-1	 x28:0xfffffff6 x28=0xfffffff5
       24685000	      2467	800018a8	00100193	addi	x3,x0,1	  x0:0x00000000  x3=0x00000001
       24695000	      2468	800018ac	ffb00a13	addi	x20,x0,-5	  x0:0x00000000 x20=0xfffffffb
       24705000	      2469	800018b0	bc554713	xori	x14,x10,-1083	 x10:0x00000000 x14=0xfffffbc5
       24715000	      2470	800018b4	e3ff4d93	xori	x27,x30,-449	 x30:0x000c8a63 x27=0xfff3745c
       24725000	      2471	800018b8	ffa18193	addi	x3,x3,-6	  x3:0x00000001  x3=0xfffffffb
       24735000	      2472	800018bc	ff418ce3	beq	x3,x20,800018b4	  x3:0xfffffffb x20:0xfffffffb
       24745000	      2473	00000000	00000013	addi	x0,x0,0	  x0:0x00000000
       24755000	      2474	800018b0	00000013	addi	x0,x0,0	  x0:0x00000000
       24765000	      2475	800018b4	e3ff4d93	xori	x27,x30,-449	 x30:0x000c8a63 x27=0xfff3745c
       24775000	      2476	800018b8	ffa18193	addi	x3,x3,-6	  x3:0xfffffffb  x3=0xfffffff5
       24785000	      2477	800018bc	ff418ce3	beq	x3,x20,800018b4	  x3:0xfffffff5 x20:0xfffffffb
       24795000	      2478	800018c0	fe4e10e3	bne	x28,x4,800018a0	 x28:0xfffffff5  x4:0xffffffee
       24805000	      2479	00000000	00000013	addi	x0,x0,0	  x0:0x00000000
       24815000	      2480	8000189c	00000013	addi	x0,x0,0	  x0:0x00000000
       24825000	      2481	800018a0	017b3b33	sltu	x22,x22,x23	 x22:0x00000000 x23:0x00000000 x22=0x00000000
       24835000	      2482	800018a4	fffe0e13	addi	x28,x28,-1	 x28:0xfffffff5 x28=0xfffffff4
       24845000	      2483	800018a8	00100193	addi	x3,x0,1	  x0:0x00000000  x3=0x00000001
       24855000	      2484	800018ac	ffb00a13	addi	x20,x0,-5	  x0:0x00000000 x20=0xfffffffb
       24865000	      2485	800018b0	bc554713	xori	x14,x10,-1083	 x10:0x00000000 x14=0xfffffbc5
       24875000	      2486	800018b4	e3ff4d93	xori	x27,x30,-449	 x30:0x000c8a63 x27=0xfff3745c
       24885000	      2487	800018b8	ffa18193	addi	x3,x3,-6	  x3:0x00000001  x3=0xfffffffb
       24895000	      2488	800018bc	ff418ce3	beq	x3,x20,800018b4	  x3:0xfffffffb x20:0xfffffffb
       24905000	      2489	00000000	00000013	addi	x0,x0,0	  x0:0x00000000
       24915000	      2490	800018b0	00000013	addi	x0,x0,0	  x0:0x00000000
       24925000	      2491	800018b4	e3ff4d93	xori	x27,x30,-449	 x30:0x000c8a63 x27=0xfff3745c
       24935000	      2492	800018b8	ffa18193	addi	x3,x3,-6	  x3:0xfffffffb  x3=0xfffffff5
       24945000	      2493	800018bc	ff418ce3	beq	x3,x20,800018b4	  x3:0xfffffff5 x20:0xfffffffb
       24955000	      2494	800018c0	fe4e10e3	bne	x28,x4,800018a0	 x28:0xfffffff4  x4:0xffffffee
       24965000	      2495	00000000	00000013	addi	x0,x0,0	  x0:0x00000000
       24975000	      2496	8000189c	00000013	addi	x0,x0,0	  x0:0x00000000
       24985000	      2497	800018a0	017b3b33	sltu	x22,x22,x23	 x22:0x00000000 x23:0x00000000 x22=0x00000000
       24995000	      2498	800018a4	fffe0e13	addi	x28,x28,-1	 x28:0xfffffff4 x28=0xfffffff3
       25005000	      2499	800018a8	00100193	addi	x3,x0,1	  x0:0x00000000  x3=0x00000001
       25015000	      2500	800018ac	ffb00a13	addi	x20,x0,-5	  x0:0x00000000 x20=0xfffffffb
       25025000	      2501	800018b0	bc554713	xori	x14,x10,-1083	 x10:0x00000000 x14=0xfffffbc5
       25035000	      2502	800018b4	e3ff4d93	xori	x27,x30,-449	 x30:0x000c8a63 x27=0xfff3745c
       25045000	      2503	800018b8	ffa18193	addi	x3,x3,-6	  x3:0x00000001  x3=0xfffffffb
       25055000	      2504	800018bc	ff418ce3	beq	x3,x20,800018b4	  x3:0xfffffffb x20:0xfffffffb
       25065000	      2505	00000000	00000013	addi	x0,x0,0	  x0:0x00000000
       25075000	      2506	800018b0	00000013	addi	x0,x0,0	  x0:0x00000000
       25085000	      2507	800018b4	e3ff4d93	xori	x27,x30,-449	 x30:0x000c8a63 x27=0xfff3745c
       25095000	      2508	800018b8	ffa18193	addi	x3,x3,-6	  x3:0xfffffffb  x3=0xfffffff5
       25105000	      2509	800018bc	ff418ce3	beq	x3,x20,800018b4	  x3:0xfffffff5 x20:0xfffffffb
       25115000	      2510	800018c0	fe4e10e3	bne	x28,x4,800018a0	 x28:0xfffffff3  x4:0xffffffee
       25125000	      2511	00000000	00000013	addi	x0,x0,0	  x0:0x00000000
       25135000	      2512	8000189c	00000013	addi	x0,x0,0	  x0:0x00000000
       25145000	      2513	800018a0	017b3b33	sltu	x22,x22,x23	 x22:0x00000000 x23:0x00000000 x22=0x00000000
       25155000	      2514	800018a4	fffe0e13	addi	x28,x28,-1	 x28:0xfffffff3 x28=0xfffffff2
       25165000	      2515	800018a8	00100193	addi	x3,x0,1	  x0:0x00000000  x3=0x00000001
       25175000	      2516	800018ac	ffb00a13	addi	x20,x0,-5	  x0:0x00000000 x20=0xfffffffb
       25185000	      2517	800018b0	bc554713	xori	x14,x10,-1083	 x10:0x00000000 x14=0xfffffbc5
       25195000	      2518	800018b4	e3ff4d93	xori	x27,x30,-449	 x30:0x000c8a63 x27=0xfff3745c
       25205000	      2519	800018b8	ffa18193	addi	x3,x3,-6	  x3:0x00000001  x3=0xfffffffb
       25215000	      2520	800018bc	ff418ce3	beq	x3,x20,800018b4	  x3:0xfffffffb x20:0xfffffffb
       25225000	      2521	00000000	00000013	addi	x0,x0,0	  x0:0x00000000
       25235000	      2522	800018b0	00000013	addi	x0,x0,0	  x0:0x00000000
       25245000	      2523	800018b4	e3ff4d93	xori	x27,x30,-449	 x30:0x000c8a63 x27=0xfff3745c
       25255000	      2524	800018b8	ffa18193	addi	x3,x3,-6	  x3:0xfffffffb  x3=0xfffffff5
       25265000	      2525	800018bc	ff418ce3	beq	x3,x20,800018b4	  x3:0xfffffff5 x20:0xfffffffb
       25275000	      2526	800018c0	fe4e10e3	bne	x28,x4,800018a0	 x28:0xfffffff2  x4:0xffffffee
       25285000	      2527	00000000	00000013	addi	x0,x0,0	  x0:0x00000000
       25295000	      2528	8000189c	00000013	addi	x0,x0,0	  x0:0x00000000
       25305000	      2529	800018a0	017b3b33	sltu	x22,x22,x23	 x22:0x00000000 x23:0x00000000 x22=0x00000000
       25315000	      2530	800018a4	fffe0e13	addi	x28,x28,-1	 x28:0xfffffff2 x28=0xfffffff1
       25325000	      2531	800018a8	00100193	addi	x3,x0,1	  x0:0x00000000  x3=0x00000001
       25335000	      2532	800018ac	ffb00a13	addi	x20,x0,-5	  x0:0x00000000 x20=0xfffffffb
       25345000	      2533	800018b0	bc554713	xori	x14,x10,-1083	 x10:0x00000000 x14=0xfffffbc5
       25355000	      2534	800018b4	e3ff4d93	xori	x27,x30,-449	 x30:0x000c8a63 x27=0xfff3745c
       25365000	      2535	800018b8	ffa18193	addi	x3,x3,-6	  x3:0x00000001  x3=0xfffffffb
       25375000	      2536	800018bc	ff418ce3	beq	x3,x20,800018b4	  x3:0xfffffffb x20:0xfffffffb
       25385000	      2537	00000000	00000013	addi	x0,x0,0	  x0:0x00000000
       25395000	      2538	800018b0	00000013	addi	x0,x0,0	  x0:0x00000000
       25405000	      2539	800018b4	e3ff4d93	xori	x27,x30,-449	 x30:0x000c8a63 x27=0xfff3745c
       25415000	      2540	800018b8	ffa18193	addi	x3,x3,-6	  x3:0xfffffffb  x3=0xfffffff5
       25425000	      2541	800018bc	ff418ce3	beq	x3,x20,800018b4	  x3:0xfffffff5 x20:0xfffffffb
       25435000	      2542	800018c0	fe4e10e3	bne	x28,x4,800018a0	 x28:0xfffffff1  x4:0xffffffee
       25445000	      2543	00000000	00000013	addi	x0,x0,0	  x0:0x00000000
       25455000	      2544	8000189c	00000013	addi	x0,x0,0	  x0:0x00000000
       25465000	      2545	800018a0	017b3b33	sltu	x22,x22,x23	 x22:0x00000000 x23:0x00000000 x22=0x00000000
       25475000	      2546	800018a4	fffe0e13	addi	x28,x28,-1	 x28:0xfffffff1 x28=0xfffffff0
       25485000	      2547	800018a8	00100193	addi	x3,x0,1	  x0:0x00000000  x3=0x00000001
       25495000	      2548	800018ac	ffb00a13	addi	x20,x0,-5	  x0:0x00000000 x20=0xfffffffb
       25505000	      2549	800018b0	bc554713	xori	x14,x10,-1083	 x10:0x00000000 x14=0xfffffbc5
       25515000	      2550	800018b4	e3ff4d93	xori	x27,x30,-449	 x30:0x000c8a63 x27=0xfff3745c
       25525000	      2551	800018b8	ffa18193	addi	x3,x3,-6	  x3:0x00000001  x3=0xfffffffb
       25535000	      2552	800018bc	ff418ce3	beq	x3,x20,800018b4	  x3:0xfffffffb x20:0xfffffffb
       25545000	      2553	00000000	00000013	addi	x0,x0,0	  x0:0x00000000
       25555000	      2554	800018b0	00000013	addi	x0,x0,0	  x0:0x00000000
       25565000	      2555	800018b4	e3ff4d93	xori	x27,x30,-449	 x30:0x000c8a63 x27=0xfff3745c
       25575000	      2556	800018b8	ffa18193	addi	x3,x3,-6	  x3:0xfffffffb  x3=0xfffffff5
       25585000	      2557	800018bc	ff418ce3	beq	x3,x20,800018b4	  x3:0xfffffff5 x20:0xfffffffb
       25595000	      2558	800018c0	fe4e10e3	bne	x28,x4,800018a0	 x28:0xfffffff0  x4:0xffffffee
       25605000	      2559	00000000	00000013	addi	x0,x0,0	  x0:0x00000000
       25615000	      2560	8000189c	00000013	addi	x0,x0,0	  x0:0x00000000
       25625000	      2561	800018a0	017b3b33	sltu	x22,x22,x23	 x22:0x00000000 x23:0x00000000 x22=0x00000000
       25635000	      2562	800018a4	fffe0e13	addi	x28,x28,-1	 x28:0xfffffff0 x28=0xffffffef
       25645000	      2563	800018a8	00100193	addi	x3,x0,1	  x0:0x00000000  x3=0x00000001
       25655000	      2564	800018ac	ffb00a13	addi	x20,x0,-5	  x0:0x00000000 x20=0xfffffffb
       25665000	      2565	800018b0	bc554713	xori	x14,x10,-1083	 x10:0x00000000 x14=0xfffffbc5
       25675000	      2566	800018b4	e3ff4d93	xori	x27,x30,-449	 x30:0x000c8a63 x27=0xfff3745c
       25685000	      2567	800018b8	ffa18193	addi	x3,x3,-6	  x3:0x00000001  x3=0xfffffffb
       25695000	      2568	800018bc	ff418ce3	beq	x3,x20,800018b4	  x3:0xfffffffb x20:0xfffffffb
       25705000	      2569	00000000	00000013	addi	x0,x0,0	  x0:0x00000000
       25715000	      2570	800018b0	00000013	addi	x0,x0,0	  x0:0x00000000
       25725000	      2571	800018b4	e3ff4d93	xori	x27,x30,-449	 x30:0x000c8a63 x27=0xfff3745c
       25735000	      2572	800018b8	ffa18193	addi	x3,x3,-6	  x3:0xfffffffb  x3=0xfffffff5
       25745000	      2573	800018bc	ff418ce3	beq	x3,x20,800018b4	  x3:0xfffffff5 x20:0xfffffffb
       25755000	      2574	800018c0	fe4e10e3	bne	x28,x4,800018a0	 x28:0xffffffef  x4:0xffffffee
       25765000	      2575	00000000	00000013	addi	x0,x0,0	  x0:0x00000000
       25775000	      2576	8000189c	00000013	addi	x0,x0,0	  x0:0x00000000
       25785000	      2577	800018a0	017b3b33	sltu	x22,x22,x23	 x22:0x00000000 x23:0x00000000 x22=0x00000000
       25795000	      2578	800018a4	fffe0e13	addi	x28,x28,-1	 x28:0xffffffef x28=0xffffffee
       25805000	      2579	800018a8	00100193	addi	x3,x0,1	  x0:0x00000000  x3=0x00000001
       25815000	      2580	800018ac	ffb00a13	addi	x20,x0,-5	  x0:0x00000000 x20=0xfffffffb
       25825000	      2581	800018b0	bc554713	xori	x14,x10,-1083	 x10:0x00000000 x14=0xfffffbc5
       25835000	      2582	800018b4	e3ff4d93	xori	x27,x30,-449	 x30:0x000c8a63 x27=0xfff3745c
       25845000	      2583	800018b8	ffa18193	addi	x3,x3,-6	  x3:0x00000001  x3=0xfffffffb
       25855000	      2584	800018bc	ff418ce3	beq	x3,x20,800018b4	  x3:0xfffffffb x20:0xfffffffb
       25865000	      2585	00000000	00000013	addi	x0,x0,0	  x0:0x00000000
       25875000	      2586	800018b0	00000013	addi	x0,x0,0	  x0:0x00000000
       25885000	      2587	800018b4	e3ff4d93	xori	x27,x30,-449	 x30:0x000c8a63 x27=0xfff3745c
       25895000	      2588	800018b8	ffa18193	addi	x3,x3,-6	  x3:0xfffffffb  x3=0xfffffff5
       25905000	      2589	800018bc	ff418ce3	beq	x3,x20,800018b4	  x3:0xfffffff5 x20:0xfffffffb
       25915000	      2590	800018c0	fe4e10e3	bne	x28,x4,800018a0	 x28:0xffffffee  x4:0xffffffee
       25925000	      2591	800018c4	0018d0b3	srl	x1,x17,x1	 x17:0xffffffff  x1:0x00000000  x1=0xffffffff
       25935000	      2592	800018c8	81cfa313	slti	x6,x31,-2020	 x31:0x00003229  x6=0x00000000
       25945000	      2593	800018cc	415209b3	sub	x19,x4,x21	  x4:0xffffffee x21:0x00000006 x19=0xffffffe8
       25955000	      2594	800018d0	00000013	addi	x0,x0,0	  x0:0x00000000
       25965000	      2595	800018d4	0fceaa13	slti	x20,x29,252	 x29:0xcfc9788c x20=0x00000001
       25975000	      2596	800018d8	00000013	addi	x0,x0,0	  x0:0x00000000
       25985000	      2597	800018dc	0064a2b3	slt	x5,x9,x6	  x9:0x80009f48  x6:0x00000000  x5=0x00000001
       25995000	      2598	800018e0	82396713	ori	x14,x18,-2013	 x18:0x00000007 x14=0xfffff827
       26005000	      2599	800018e4	00fb5d93	srli	x27,x22,0xf	 x22:0x00000000 x27=0x00000000
       26015000	      2600	800018e8	44368b13	addi	x22,x13,1091	 x13:0x0032298c x22=0x00322dcf
       26025000	      2601	800018ec	01bf6f33	or	x30,x30,x27	 x30:0x000c8a63 x27:0x00000000 x30=0x000c8a63
       26035000	      2602	800018f0	bf3c6737	lui	x14,0xbf3c6	 x14=0xbf3c6000
       26045000	      2603	800018f4	40fc5313	srai	x6,x24,0xf	 x24:0xfffffffd  x6=0xffffffff
       26055000	      2604	800018f8	41dfdd93	srai	x27,x31,0x1d	 x31:0x00003229 x27=0x00000000
       26065000	      2605	800018fc	01fe3933	sltu	x18,x28,x31	 x28:0xffffffee x31:0x00003229 x18=0x00000000
       26075000	      2606	80001900	0148c333	xor	x6,x17,x20	 x17:0xffffffff x20:0x00000001  x6=0xfffffffe
       26085000	      2607	80001904	00589833	sll	x16,x17,x5	 x17:0xffffffff  x5:0x00000001 x16=0xfffffffe
       26095000	      2608	80001908	2ba86613	ori	x12,x16,698	 x16:0xfffffffe x12=0xfffffffe
       26105000	      2609	8000190c	6e36b913	sltiu	x18,x13,1763	 x13:0x0032298c x18=0x00000000
       26115000	      2610	80001910	00a16463	bltu	x2,x10,80001918	  x2:0x80000000 x10:0x00000000
       26125000	      2611	80001914	793a4913	xori	x18,x20,1939	 x20:0x00000001 x18=0x00000792
       26135000	      2612	80001918	03234c63	blt	x6,x18,80001950	  x6:0xfffffffe x18:0x00000792
       26145000	      2613	00000000	00000013	addi	x0,x0,0	  x0:0x00000000
       26155000	      2614	8000194c	00000013	addi	x0,x0,0	  x0:0x00000000
       26165000	      2615	80001950	0116e033	or	x0,x13,x17	 x13:0x0032298c x17:0xffffffff
       26175000	      2616	80001954	d9c2c913	xori	x18,x5,-612	  x5:0x00000001 x18=0xfffffd9d
       26185000	      2617	80001958	4160dd13	srai	x26,x1,0x16	  x1:0xffffffff x26=0xffffffff
       26195000	      2618	8000195c	06c0ee93	ori	x29,x1,108	  x1:0xffffffff x29=0xffffffff
       26205000	      2619	80001960	cb0472b7	lui	x5,0xcb047	  x5=0xcb047000
       26215000	      2620	80001964	0196aab3	slt	x21,x13,x25	 x13:0x0032298c x25:0xfffff75a x21=0x00000000
       26225000	      2621	80001968	27ac3393	sltiu	x7,x24,634	 x24:0xfffffffd  x7=0x00000000
       26235000	      2622	8000196c	005af263	bgeu	x21,x5,80001970	 x21:0x00000000  x5:0xcb047000
       26245000	      2623	80001970	66748313	addi	x6,x9,1639	  x9:0x80009f48  x6=0x8000a5af
       26255000	      2624	80001974	460ec893	xori	x17,x29,1120	 x29:0xffffffff x17=0xfffffb9f
       26265000	      2625	80001978	00079d93	slli	x27,x15,0x0	 x15:0x00000000 x27=0x00000000
       26275000	      2626	8000197c	0309ce63	blt	x19,x16,800019b8	 x19:0xffffffe8 x16:0xfffffffe
       26285000	      2627	00000000	00000013	addi	x0,x0,0	  x0:0x00000000
       26295000	      2628	800019b4	00000013	addi	x0,x0,0	  x0:0x00000000
       26305000	      2629	800019b8	01256833	or	x16,x10,x18	 x10:0x00000000 x18:0xfffffd9d x16=0xfffffd9d
       26315000	      2630	800019bc	2e6e6993	ori	x19,x28,742	 x28:0xffffffee x19=0xffffffee
       26325000	      2631	800019c0	3a763313	sltiu	x6,x12,935	 x12:0xfffffffe  x6=0x00000000
       26335000	      2632	800019c4	00519d33	sll	x26,x3,x5	  x3:0xfffffff5  x5:0xcb047000 x26=0xfffffff5
       26345000	      2633	800019c8	5a126f13	ori	x30,x4,1441	  x4:0xffffffee x30=0xffffffef
       26355000	      2634	800019cc	0072fa33	and	x20,x5,x7	  x5:0xcb047000  x7:0x00000000 x20=0x00000000
       26365000	      2635	800019d0	c27a6a13	ori	x20,x20,-985	 x20:0x00000000 x20=0xfffffc27
       26375000	      2636	800019d4	0121df13	srli	x30,x3,0x12	  x3:0xfffffff5 x30=0x00003fff
       26385000	      2637	800019d8	00000013	addi	x0,x0,0	  x0:0x00000000
       26395000	      2638	800019dc	001fbe33	sltu	x28,x31,x1	 x31:0x00003229  x1:0xffffffff x28=0x00000001
       26405000	      2639	800019e0	002eb533	sltu	x10,x29,x2	 x29:0xffffffff  x2:0x80000000 x10=0x00000000
       26415000	      2640	800019e4	04d76663	bltu	x14,x13,80001a30	 x14:0xbf3c6000 x13:0x0032298c
       26425000	      2641	800019e8	0250f663	bgeu	x1,x5,80001a14	  x1:0xffffffff  x5:0xcb047000
       26435000	      2642	00000000	00000013	addi	x0,x0,0	  x0:0x00000000
       26445000	      2643	80001a10	00000013	addi	x0,x0,0	  x0:0x00000000
       26455000	      2644	80001a14	1eacfd97	auipc	x27,0x1eacf	 x27=0x9ead0a10
       26465000	      2645	80001a18	026c4063	blt	x24,x6,80001a38	 x24:0xfffffffd  x6:0x00000000
       26475000	      2646	00000000	00000013	addi	x0,x0,0	  x0:0x00000000
       26485000	      2647	80001a34	00000013	addi	x0,x0,0	  x0:0x00000000
       26495000	      2648	80001a38	03397063	bgeu	x18,x19,80001a58	 x18:0xfffffd9d x19:0xffffffee
       26505000	      2649	80001a3c	9f1aac97	auipc	x25,0x9f1aa	 x25=0x1f1aba38
       26515000	      2650	80001a40	00ceeb33	or	x22,x29,x12	 x29:0xffffffff x12:0xfffffffe x22=0xffffffff
       26525000	      2651	80001a44	01ff1093	slli	x1,x30,0x1f	 x30:0x00003fff  x1=0x80000000
       26535000	      2652	80001a48	0067cbb3	xor	x23,x15,x6	 x15:0x00000000  x6:0x00000000 x23=0x00000000
       26545000	      2653	80001a4c	000fa333	slt	x6,x31,x0	 x31:0x00003229  x0:0x00000000  x6=0x00000000
       26555000	      2654	80001a50	000d3533	sltu	x10,x26,x0	 x26:0xfffffff5  x0:0x00000000 x10=0x00000000
       26565000	      2655	80001a54	0150c333	xor	x6,x1,x21	  x1:0x80000000 x21:0x00000000  x6=0x80000000
       26575000	      2656	80001a58	6e0b8713	addi	x14,x23,1760	 x23:0x00000000 x14=0x000006e0
       26585000	      2657	80001a5c	41d95a13	srai	x20,x18,0x1d	 x18:0xfffffd9d x20=0xffffffff
       26595000	      2658	80001a60	41c409b3	sub	x19,x8,x28	  x8:0x80000000 x28:0x00000001 x19=0x7fffffff
       26605000	      2659	80001a64	49c33ab7	lui	x21,0x49c33	 x21=0x49c33000
       26615000	      2660	80001a68	01525433	srl	x8,x4,x21	  x4:0xffffffee x21:0x49c33000  x8=0xffffffee
       26625000	      2661	80001a6c	cde73c93	sltiu	x25,x14,-802	 x14:0x000006e0 x25=0x00000001
       26635000	      2662	80001a70	6ded6d13	ori	x26,x26,1758	 x26:0xfffffff5 x26=0xffffffff
       26645000	      2663	80001a74	8537ad13	slti	x26,x15,-1965	 x15:0x00000000 x26=0x00000000
       26655000	      2664	80001a78	00461863	bne	x12,x4,80001a88	 x12:0xfffffffe  x4:0xffffffee
       26665000	      2665	00000000	00000013	addi	x0,x0,0	  x0:0x00000000
       26675000	      2666	80001a84	00000013	addi	x0,x0,0	  x0:0x00000000
       26685000	      2667	80001a88	1914f793	andi	x15,x9,401	  x9:0x80009f48 x15=0x00000100
       26695000	      2668	80001a8c	01309f33	sll	x30,x1,x19	  x1:0x80000000 x19:0x7fffffff x30=0x00000000
       26705000	      2669	80001a90	01630c63	beq	x6,x22,80001aa8	  x6:0x80000000 x22:0xffffffff
       26715000	      2670	80001a94	b2a84293	xori	x5,x16,-1238	 x16:0xfffffd9d  x5=0x000006b7
       26725000	      2671	80001a98	9eda3a93	sltiu	x21,x20,-1555	 x20:0xffffffff x21=0x00000000
       26735000	      2672	80001a9c	0ce25817	auipc	x16,0xce25	 x16=0x8ce26a98
       26745000	      2673	80001aa0	00556c63	bltu	x10,x5,80001ab8	 x10:0x00000000  x5:0x000006b7
       26755000	      2674	00000000	00000013	addi	x0,x0,0	  x0:0x00000000
       26765000	      2675	80001ab4	00000013	addi	x0,x0,0	  x0:0x00000000
       26775000	      2676	80001ab8	38094bb7	lui	x23,0x38094	 x23=0x38094000
       26785000	      2677	80001abc	40535333	sra	x6,x6,x5	  x6:0x80000000  x5:0x000006b7  x6=0xffffff00
       26795000	      2678	80001ac0	0d67e663	bltu	x15,x22,80001b8c	 x15:0x00000100 x22:0xffffffff
       26805000	      2679	00000000	00000013	addi	x0,x0,0	  x0:0x00000000
       26815000	      2680	80001b88	00000013	addi	x0,x0,0	  x0:0x00000000
       26825000	      2681	80001b8c	86d13393	sltiu	x7,x2,-1939	  x2:0x80000000  x7=0x00000001
       26835000	      2682	80001b90	04eb9463	bne	x23,x14,80001bd8	 x23:0x38094000 x14:0x000006e0
       26845000	      2683	00000000	00000013	addi	x0,x0,0	  x0:0x00000000
       26855000	      2684	80001bd4	00000013	addi	x0,x0,0	  x0:0x00000000
       26865000	      2685	80001bd8	91fe0213	addi	x4,x28,-1761	 x28:0x00000001  x4=0xfffff920
       26875000	      2686	80001bdc	0101a933	slt	x18,x3,x16	  x3:0xfffffff5 x16:0x8ce26a98 x18=0x00000000
       26885000	      2687	80001be0	25cc2413	slti	x8,x24,604	 x24:0xfffffffd  x8=0x00000001
       26895000	      2688	80001be4	00000013	addi	x0,x0,0	  x0:0x00000000
       26905000	      2689	80001be8	01947d33	and	x26,x8,x25	  x8:0x00000001 x25:0x00000001 x26=0x00000001
       26915000	      2690	80001bec	010787b3	add	x15,x15,x16	 x15:0x00000100 x16:0x8ce26a98 x15=0x8ce26b98
       26925000	      2691	80001bf0	5b23b013	sltiu	x0,x7,1458	  x7:0x00000001
       26935000	      2692	80001bf4	03cefe63	bgeu	x29,x28,80001c30	 x29:0xffffffff x28:0x00000001
       26945000	      2693	00000000	00000013	addi	x0,x0,0	  x0:0x00000000
       26955000	      2694	80001c2c	00000013	addi	x0,x0,0	  x0:0x00000000
       26965000	      2695	80001c30	48af3537	lui	x10,0x48af3	 x10=0x48af3000
       26975000	      2696	80001c34	005e6733	or	x14,x28,x5	 x28:0x00000001  x5:0x000006b7 x14=0x000006b7
       26985000	      2697	80001c38	01c8a033	slt	x0,x17,x28	 x17:0xfffffb9f x28:0x00000001
       26995000	      2698	80001c3c	05557663	bgeu	x10,x21,80001c88	 x10:0x48af3000 x21:0x00000000
       27005000	      2699	00000000	00000013	addi	x0,x0,0	  x0:0x00000000
       27015000	      2700	80001c84	00000013	addi	x0,x0,0	  x0:0x00000000
       27025000	      2701	80001c88	40eddb93	srai	x23,x27,0xe	 x27:0x9ead0a10 x23=0xfffe7ab4
       27035000	      2702	80001c8c	30a29c97	auipc	x25,0x30a29	 x25=0xb0a2ac88
       27045000	      2703	80001c90	997dd297	auipc	x5,0x997dd	  x5=0x197dec8c
       27055000	      2704	80001c94	00f09313	slli	x6,x1,0xf	  x1:0x80000000  x6=0x00000000
       27065000	      2705	80001c98	014e4bb3	xor	x23,x28,x20	 x28:0x00000001 x20:0xffffffff x23=0xfffffffe
       27075000	      2706	80001c9c	00d4a333	slt	x6,x9,x13	  x9:0x80009f48 x13:0x0032298c  x6=0x00000001
       27085000	      2707	80001ca0	30108037	lui	x0,0x30108	
       27095000	      2708	80001ca4	00a87833	and	x16,x16,x10	 x16:0x8ce26a98 x10:0x48af3000 x16=0x08a22000
       27105000	      2709	80001ca8	00d76c63	bltu	x14,x13,80001cc0	 x14:0x000006b7 x13:0x0032298c
       27115000	      2710	00000000	00000013	addi	x0,x0,0	  x0:0x00000000
       27125000	      2711	80001cbc	00000013	addi	x0,x0,0	  x0:0x00000000
       27135000	      2712	80001cc0	023cd463	bge	x25,x3,80001ce8	 x25:0xb0a2ac88  x3:0xfffffff5
       27145000	      2713	80001cc4	00fe40b3	xor	x1,x28,x15	 x28:0x00000001 x15:0x8ce26b98  x1=0x8ce26b99
       27155000	      2714	80001cc8	816d7513	andi	x10,x26,-2026	 x26:0x00000001 x10=0x00000000
       27165000	      2715	80001ccc	00de9b33	sll	x22,x29,x13	 x29:0xffffffff x13:0x0032298c x22=0xfffff000
       27175000	      2716	80001cd0	991c8c13	addi	x24,x25,-1647	 x25:0xb0a2ac88 x24=0xb0a2a619
       27185000	      2717	80001cd4	01049e33	sll	x28,x9,x16	  x9:0x80009f48 x16:0x08a22000 x28=0x80009f48
       27195000	      2718	80001cd8	01dccc63	blt	x25,x29,80001cf0	 x25:0xb0a2ac88 x29:0xffffffff
       27205000	      2719	00000000	00000013	addi	x0,x0,0	  x0:0x00000000
       27215000	      2720	80001cec	00000013	addi	x0,x0,0	  x0:0x00000000
       27225000	      2721	80001cf0	01dc7d33	and	x26,x24,x29	 x24:0xb0a2a619 x29:0xffffffff x26=0xb0a2a619
       27235000	      2722	80001cf4	4180dd93	srai	x27,x1,0x18	  x1:0x8ce26b99 x27=0xffffff8c
       27245000	      2723	80001cf8	01ce0e63	beq	x28,x28,80001d14	 x28:0x80009f48 x28:0x80009f48
       27255000	      2724	00000000	00000013	addi	x0,x0,0	  x0:0x00000000
       27265000	      2725	80001d10	00000013	addi	x0,x0,0	  x0:0x00000000
       27275000	      2726	80001d14	00eeaeb3	slt	x29,x29,x14	 x29:0xffffffff x14:0x000006b7 x29=0x00000001
       27285000	      2727	80001d18	02768063	beq	x13,x7,80001d38	 x13:0x0032298c  x7:0x00000001
       27295000	      2728	80001d1c	00a86463	bltu	x16,x10,80001d24	 x16:0x08a22000 x10:0x00000000
       27305000	      2729	80001d20	0197f863	bgeu	x15,x25,80001d30	 x15:0x8ce26b98 x25:0xb0a2ac88
       27315000	      2730	80001d24	c43a8b97	auipc	x23,0xc43a8	 x23=0x443a9d20
       27325000	      2731	80001d28	41495733	sra	x14,x18,x20	 x18:0x00000000 x20:0xffffffff x14=0x00000000
       27335000	      2732	80001d2c	00f75b33	srl	x22,x14,x15	 x14:0x00000000 x15:0x8ce26b98 x22=0x00000000
       27345000	      2733	80001d30	98fc3f93	sltiu	x31,x24,-1649	 x24:0xb0a2a619 x31=0x00000001
       27355000	      2734	80001d34	0fd06913	ori	x18,x0,253	  x0:0x00000000 x18=0x000000fd
       27365000	      2735	80001d38	01229293	slli	x5,x5,0x12	  x5:0x197dec8c  x5=0xb2300000
       27375000	      2736	80001d3c	00000013	addi	x0,x0,0	  x0:0x00000000
       27385000	      2737	80001d40	00369863	bne	x13,x3,80001d50	 x13:0x0032298c  x3:0xfffffff5
       27395000	      2738	00000000	00000013	addi	x0,x0,0	  x0:0x00000000
       27405000	      2739	80001d4c	00000013	addi	x0,x0,0	  x0:0x00000000
       27415000	      2740	80001d50	01e6cbb3	xor	x23,x13,x30	 x13:0x0032298c x30:0x00000000 x23=0x0032298c
       27425000	      2741	80001d54	623dc293	xori	x5,x27,1571	 x27:0xffffff8c  x5=0xfffff9af
       27435000	      2742	80001d58	00f4ca63	blt	x9,x15,80001d6c	  x9:0x80009f48 x15:0x8ce26b98
       27445000	      2743	00000000	00000013	addi	x0,x0,0	  x0:0x00000000
       27455000	      2744	80001d68	00000013	addi	x0,x0,0	  x0:0x00000000
       27465000	      2745	80001d6c	00b0eeb3	or	x29,x1,x11	  x1:0x8ce26b99 x11:0x80009fc4 x29=0x8ce2ffdd
       27475000	      2746	80001d70	418c8fb3	sub	x31,x25,x24	 x25:0xb0a2ac88 x24:0xb0a2a619 x31=0x0000066f
       27485000	      2747	80001d74	01234433	xor	x8,x6,x18	  x6:0x00000001 x18:0x000000fd  x8=0x000000fc
       27495000	      2748	80001d78	00a69c63	bne	x13,x10,80001d90	 x13:0x0032298c x10:0x00000000
       27505000	      2749	00000000	00000013	addi	x0,x0,0	  x0:0x00000000
       27515000	      2750	80001d8c	00000013	addi	x0,x0,0	  x0:0x00000000
       27525000	      2751	80001d90	020a9463	bne	x21,x0,80001db8	 x21:0x00000000  x0:0x00000000
       27535000	      2752	80001d94	01454863	blt	x10,x20,80001da4	 x10:0x00000000 x20:0xffffffff
       27545000	      2753	80001d98	dd902e37	lui	x28,0xdd902	 x28=0xdd902000
       27555000	      2754	80001d9c	d1c08d97	auipc	x27,0xd1c08	 x27=0x51c09d98
       27565000	      2755	80001da0	4148d513	srai	x10,x17,0x14	 x17:0xfffffb9f x10=0xffffffff
       27575000	      2756	80001da4	07648413	addi	x8,x9,118	  x9:0x80009f48  x8=0x80009fbe
       27585000	      2757	80001da8	00ba9e63	bne	x21,x11,80001dc4	 x21:0x00000000 x11:0x80009fc4
       27595000	      2758	00000000	00000013	addi	x0,x0,0	  x0:0x00000000
       27605000	      2759	80001dc0	00000013	addi	x0,x0,0	  x0:0x00000000
       27615000	      2760	80001dc4	07a2dbb7	lui	x23,0x7a2d	 x23=0x07a2d000
       27625000	      2761	80001dc8	01b74333	xor	x6,x14,x27	 x14:0x00000000 x27:0x51c09d98  x6=0x51c09d98
       27635000	      2762	80001dcc	50d17713	andi	x14,x2,1293	  x2:0x80000000 x14=0x00000000
       27645000	      2763	80001dd0	5817f793	andi	x15,x15,1409	 x15:0x8ce26b98 x15=0x00000180
       27655000	      2764	80001dd4	007e8f33	add	x30,x29,x7	 x29:0x8ce2ffdd  x7:0x00000001 x30=0x8ce2ffde
       27665000	      2765	80001dd8	40318cb3	sub	x25,x3,x3	  x3:0xfffffff5  x3:0xfffffff5 x25=0x00000000
       27675000	      2766	80001ddc	01355793	srli	x15,x10,0x13	 x10:0xffffffff x15=0x00001fff
       27685000	      2767	80001de0	004a9013	slli	x0,x21,0x4	 x21:0x00000000
       27695000	      2768	80001de4	00000013	addi	x0,x0,0	  x0:0x00000000
       27705000	      2769	80001de8	00009c63	bne	x1,x0,80001e00	  x1:0x8ce26b99  x0:0x00000000
       27715000	      2770	00000000	00000013	addi	x0,x0,0	  x0:0x00000000
       27725000	      2771	80001dfc	00000013	addi	x0,x0,0	  x0:0x00000000
       27735000	      2772	80001e00	af4efb97	auipc	x23,0xaf4ef	 x23=0x2f4f0dfc
       27745000	      2773	80001e04	004d5c63	bge	x26,x4,80001e1c	 x26:0xb0a2a619  x4:0xfffff920
       27755000	      2774	80001e08	01230263	beq	x6,x18,80001e0c	  x6:0x51c09d98 x18:0x000000fd
       27765000	      2775	80001e0c	e531da97	auipc	x21,0xe531d	 x21=0x6531ee08
       27775000	      2776	80001e10	54110d13	addi	x26,x2,1345	  x2:0x80000000 x26=0x80000541
       27785000	      2777	80001e14	00547263	bgeu	x8,x5,80001e18	  x8:0x80009fbe  x5:0xfffff9af
       27795000	      2778	80001e18	416cd0b3	sra	x1,x25,x22	 x25:0x00000000 x22:0x00000000  x1=0x00000000
       27805000	      2779	80001e1c	92ca2093	slti	x1,x20,-1748	 x20:0xffffffff  x1=0x00000000
       27815000	      2780	80001e20	0154fc63	bgeu	x9,x21,80001e38	  x9:0x80009f48 x21:0x6531ee08
       27825000	      2781	00000000	00000013	addi	x0,x0,0	  x0:0x00000000
       27835000	      2782	80001e34	00000013	addi	x0,x0,0	  x0:0x00000000
       27845000	      2783	80001e38	009fad33	slt	x26,x31,x9	 x31:0x0000066f  x9:0x80009f48 x26=0x00000000
       27855000	      2784	80001e3c	7c0fc013	xori	x0,x31,1984	 x31:0x0000066f
       27865000	      2785	80001e40	45a34a13	xori	x20,x6,1114	  x6:0x51c09d98 x20=0x51c099c2
       27875000	      2786	80001e44	eb818693	addi	x13,x3,-328	  x3:0xfffffff5 x13=0xfffffead
       27885000	      2787	80001e48	41075293	srai	x5,x14,0x10	 x14:0x00000000  x5=0x00000000
       27895000	      2788	80001e4c	01a17863	bgeu	x2,x26,80001e5c	  x2:0x80000000 x26:0x00000000
       27905000	      2789	00000000	00000013	addi	x0,x0,0	  x0:0x00000000
       27915000	      2790	80001e58	00000013	addi	x0,x0,0	  x0:0x00000000
       27925000	      2791	80001e5c	014e1993	slli	x19,x28,0x14	 x28:0xdd902000 x19=0x00000000
       27935000	      2792	80001e60	cd06bc13	sltiu	x24,x13,-816	 x13:0xfffffead x24=0x00000000
       27945000	      2793	80001e64	401b5913	srai	x18,x22,0x1	 x22:0x00000000 x18=0x00000000
       27955000	      2794	80001e68	004bfe33	and	x28,x23,x4	 x23:0x2f4f0dfc  x4:0xfffff920 x28=0x2f4f0920
       27965000	      2795	80001e6c	03095463	bge	x18,x16,80001e94	 x18:0x00000000 x16:0x08a22000
       27975000	      2796	80001e70	017f5e63	bge	x30,x23,80001e8c	 x30:0x8ce2ffde x23:0x2f4f0dfc
       27985000	      2797	80001e74	00fb46b3	xor	x13,x22,x15	 x22:0x00000000 x15:0x00001fff x13=0x00001fff
       27995000	      2798	80001e78	41d509b3	sub	x19,x10,x29	 x10:0xffffffff x29:0x8ce2ffdd x19=0x731d0022
       28005000	      2799	80001e7c	01c28db3	add	x27,x5,x28	  x5:0x00000000 x28:0x2f4f0920 x27=0x2f4f0920
       28015000	      2800	80001e80	03669e63	bne	x13,x22,80001ebc	 x13:0x00001fff x22:0x00000000
       28025000	      2801	00000000	00000013	addi	x0,x0,0	  x0:0x00000000
       28035000	      2802	80001eb8	00000013	addi	x0,x0,0	  x0:0x00000000
       28045000	      2803	80001ebc	00000013	addi	x0,x0,0	  x0:0x00000000
       28055000	      2804	80001ec0	0051c533	xor	x10,x3,x5	  x3:0xfffffff5  x5:0x00000000 x10=0xfffffff5
       28065000	      2805	80001ec4	010658b3	srl	x17,x12,x16	 x12:0xfffffffe x16:0x08a22000 x17=0xfffffffe
       28075000	      2806	80001ec8	e4786293	ori	x5,x16,-441	 x16:0x08a22000  x5=0xfffffe47
       28085000	      2807	80001ecc	a152a813	slti	x16,x5,-1515	  x5:0xfffffe47 x16=0x00000000
       28095000	      2808	80001ed0	568bac93	slti	x25,x23,1384	 x23:0x2f4f0dfc x25=0x00000000
       28105000	      2809	80001ed4	26c27a13	andi	x20,x4,620	  x4:0xfffff920 x20=0x00000020
       28115000	      2810	80001ed8	01a85f33	srl	x30,x16,x26	 x16:0x00000000 x26:0x00000000 x30=0x00000000
       28125000	      2811	80001edc	01614233	xor	x4,x2,x22	  x2:0x80000000 x22:0x00000000  x4=0x80000000
       28135000	      2812	80001ee0	03826e63	bltu	x4,x24,80001f1c	  x4:0x80000000 x24:0x00000000
       28145000	      2813	80001ee4	01a34863	blt	x6,x26,80001ef4	  x6:0x51c09d98 x26:0x00000000
       28155000	      2814	80001ee8	01753ab3	sltu	x21,x10,x23	 x10:0xfffffff5 x23:0x2f4f0dfc x21=0x00000000
       28165000	      2815	80001eec	b5fc2713	slti	x14,x24,-1185	 x24:0x00000000 x14=0x00000000
       28175000	      2816	80001ef0	009f9793	slli	x15,x31,0x9	 x31:0x0000066f x15=0x000cde00
       28185000	      2817	80001ef4	56176313	ori	x6,x14,1377	 x14:0x00000000  x6=0x00000561
       28195000	      2818	80001ef8	02a7c063	blt	x15,x10,80001f18	 x15:0x000cde00 x10:0xfffffff5
       28205000	      2819	80001efc	c2d2e713	ori	x14,x5,-979	  x5:0xfffffe47 x14=0xfffffe6f
       28215000	      2820	80001f00	01b3c463	blt	x7,x27,80001f08	  x7:0x00000001 x27:0x2f4f0920
       28225000	      2821	00000000	00000013	addi	x0,x0,0	  x0:0x00000000
       28235000	      2822	80001f04	00000013	addi	x0,x0,0	  x0:0x00000000
       28245000	      2823	80001f08	9a858913	addi	x18,x11,-1624	 x11:0x80009fc4 x18=0x8000996c
       28255000	      2824	80001f0c	e95fe713	ori	x14,x31,-363	 x31:0x0000066f x14=0xfffffeff
       28265000	      2825	80001f10	417d5793	srai	x15,x26,0x17	 x26:0x00000000 x15=0x00000000
       28275000	      2826	80001f14	1a280f13	addi	x30,x16,418	 x16:0x00000000 x30=0x000001a2
       28285000	      2827	80001f18	01133fb3	sltu	x31,x6,x17	  x6:0x00000561 x17:0xfffffffe x31=0x00000001
       28295000	      2828	80001f1c	01e1d633	srl	x12,x3,x30	  x3:0xfffffff5 x30:0x000001a2 x12=0x3ffffffd
       28305000	      2829	80001f20	00036fb3	or	x31,x6,x0	  x6:0x00000561  x0:0x00000000 x31=0x00000561
       28315000	      2830	80001f24	05741663	bne	x8,x23,80001f70	  x8:0x80009fbe x23:0x2f4f0dfc
       28325000	      2831	00000000	00000013	addi	x0,x0,0	  x0:0x00000000
       28335000	      2832	80001f6c	00000013	addi	x0,x0,0	  x0:0x00000000
       28345000	      2833	80001f70	01b957b3	srl	x15,x18,x27	 x18:0x8000996c x27:0x2f4f0920 x15=0x8000996c
       28355000	      2834	80001f74	02289e63	bne	x17,x2,80001fb0	 x17:0xfffffffe  x2:0x80000000
       28365000	      2835	00000000	00000013	addi	x0,x0,0	  x0:0x00000000
       28375000	      2836	80001fac	00000013	addi	x0,x0,0	  x0:0x00000000
       28385000	      2837	80001fb0	00eb9b93	slli	x23,x23,0xe	 x23:0x2f4f0dfc x23=0xc37f0000
       28395000	      2838	80001fb4	ae0e7993	andi	x19,x28,-1312	 x28:0x2f4f0920 x19=0x2f4f0820
       28405000	      2839	80001fb8	2df86613	ori	x12,x16,735	 x16:0x00000000 x12=0x000002df
       28415000	      2840	80001fbc	056ec463	blt	x29,x22,80002004	 x29:0x8ce2ffdd x22:0x00000000
       28425000	      2841	00000000	00000013	addi	x0,x0,0	  x0:0x00000000
       28435000	      2842	80002000	00000013	addi	x0,x0,0	  x0:0x00000000
       28445000	      2843	80002004	6bdd8013	addi	x0,x27,1725	 x27:0x2f4f0920
       28455000	      2844	80002008	002cfb33	and	x22,x25,x2	 x25:0x00000000  x2:0x80000000 x22=0x00000000
       28465000	      2845	8000200c	90954013	xori	x0,x10,-1783	 x10:0xfffffff5
       28475000	      2846	80002010	00a75cb3	srl	x25,x14,x10	 x14:0xfffffeff x10:0xfffffff5 x25=0x000007ff
       28485000	      2847	80002014	15e5ed93	ori	x27,x11,350	 x11:0x80009fc4 x27=0x80009fde
       28495000	      2848	80002018	4172d9b3	sra	x19,x5,x23	  x5:0xfffffe47 x23:0xc37f0000 x19=0xfffffe47
       28505000	      2849	8000201c	002d6633	or	x12,x26,x2	 x26:0x00000000  x2:0x80000000 x12=0x80000000
       28515000	      2850	80002020	0015c0b3	xor	x1,x11,x1	 x11:0x80009fc4  x1:0x00000000  x1=0x80009fc4
       28525000	      2851	80002024	90594913	xori	x18,x18,-1787	 x18:0x8000996c x18=0x7fff6069
       28535000	      2852	80002028	00a37533	and	x10,x6,x10	  x6:0x00000561 x10:0xfffffff5 x10=0x00000561
       28545000	      2853	8000202c	0cf9e193	ori	x3,x19,207	 x19:0xfffffe47  x3=0xfffffecf
       28555000	      2854	80002030	01085463	bge	x16,x16,80002038	 x16:0x00000000 x16:0x00000000
       28565000	      2855	00000000	00000013	addi	x0,x0,0	  x0:0x00000000
       28575000	      2856	80002034	00000013	addi	x0,x0,0	  x0:0x00000000
       28585000	      2857	80002038	011f4233	xor	x4,x30,x17	 x30:0x000001a2 x17:0xfffffffe  x4=0xfffffe5c
       28595000	      2858	8000203c	009448b3	xor	x17,x8,x9	  x8:0x80009fbe  x9:0x80009f48 x17=0x000000f6
       28605000	      2859	80002040	016970b3	and	x1,x18,x22	 x18:0x7fff6069 x22:0x00000000  x1=0x00000000
       28615000	      2860	80002044	00706033	or	x0,x0,x7	  x0:0x00000000  x7:0x00000001
       28625000	      2861	80002048	c3e1c393	xori	x7,x3,-962	  x3:0xfffffecf  x7=0x000002f1
       28635000	      2862	8000204c	00808433	add	x8,x1,x8	  x1:0x00000000  x8:0x80009fbe  x8=0x80009fbe
       28645000	      2863	80002050	01f426b3	slt	x13,x8,x31	  x8:0x80009fbe x31:0x00000561 x13=0x00000001
       28655000	      2864	80002054	004cc433	xor	x8,x25,x4	 x25:0x000007ff  x4:0xfffffe5c  x8=0xfffff9a3
       28665000	      2865	80002058	00146533	or	x10,x8,x1	  x8:0xfffff9a3  x1:0x00000000 x10=0xfffff9a3
       28675000	      2866	8000205c	00b57463	bgeu	x10,x11,80002064	 x10:0xfffff9a3 x11:0x80009fc4
       28685000	      2867	00000000	00000013	addi	x0,x0,0	  x0:0x00000000
       28695000	      2868	80002060	00000013	addi	x0,x0,0	  x0:0x00000000
       28705000	      2869	80002064	64830617	auipc	x12,0x64830	 x12=0xe4832060
       28715000	      2870	80002068	0202c263	blt	x5,x0,8000208c	  x5:0xfffffe47  x0:0x00000000
       28725000	      2871	00000000	00000013	addi	x0,x0,0	  x0:0x00000000
       28735000	      2872	80002088	00000013	addi	x0,x0,0	  x0:0x00000000
       28745000	      2873	8000208c	013a2ab3	slt	x21,x20,x19	 x20:0x00000020 x19:0xfffffe47 x21=0x00000000
       28755000	      2874	80002090	bfe9fd13	andi	x26,x19,-1026	 x19:0xfffffe47 x26=0xfffffa46
       28765000	      2875	80002094	02c71e63	bne	x14,x12,800020d0	 x14:0xfffffeff x12:0xe4832060
       28775000	      2876	00000000	00000013	addi	x0,x0,0	  x0:0x00000000
       28785000	      2877	800020cc	00000013	addi	x0,x0,0	  x0:0x00000000
       28795000	      2878	800020d0	81efb793	sltiu	x15,x31,-2018	 x31:0x00000561 x15=0x00000001
       28805000	      2879	800020d4	0093ca33	xor	x20,x7,x9	  x7:0x000002f1  x9:0x80009f48 x20=0x80009db9
       28815000	      2880	800020d8	ff600f93	addi	x31,x0,-10	  x0:0x00000000 x31=0xfffffff6
       28825000	      2881	800020dc	606fe813	ori	x16,x31,1542	 x31:0xfffffff6 x16=0xfffffff6
       28835000	      2882	800020e0	011783b3	add	x7,x15,x17	 x15:0x00000001 x17:0x000000f6  x7=0x000000f7
       28845000	      2883	800020e4	41105d33	sra	x26,x0,x17	  x0:0x00000000 x17:0x000000f6 x26=0x00000000
       28855000	      2884	800020e8	00c00213	addi	x4,x0,12	  x0:0x00000000  x4=0x0000000c
       28865000	      2885	800020ec	40348d33	sub	x26,x9,x3	  x9:0x80009f48  x3:0xfffffecf x26=0x8000a079
       28875000	      2886	800020f0	4090f293	andi	x5,x1,1033	  x1:0x00000000  x5=0x00000000
       28885000	      2887	800020f4	002f8f93	addi	x31,x31,2	 x31:0xfffffff6 x31=0xfffffff8
       28895000	      2888	800020f8	40045b93	srai	x23,x8,0x0	  x8:0xfffff9a3 x23=0xfffff9a3
       28905000	      2889	800020fc	00249513	slli	x10,x9,0x2	  x9:0x80009f48 x10=0x00027d20
       28915000	      2890	80002100	00e3bf33	sltu	x30,x7,x14	  x7:0x000000f7 x14:0xfffffeff x30=0x00000001
       28925000	      2891	80002104	00800193	addi	x3,x0,8	  x0:0x00000000  x3=0x00000008
       28935000	      2892	80002108	00000013	addi	x0,x0,0	  x0:0x00000000
       28945000	      2893	8000210c	00800913	addi	x18,x0,8	  x0:0x00000000 x18=0x00000008
       28955000	      2894	80002110	a822c413	xori	x8,x5,-1406	  x5:0x00000000  x8=0xfffffa82
       28965000	      2895	80002114	ffd18193	addi	x3,x3,-3	  x3:0x00000008  x3=0x00000005
       28975000	      2896	80002118	01029833	sll	x16,x5,x16	  x5:0x00000000 x16:0xfffffff6 x16=0x00000000
       28985000	      2897	8000211c	914fbf13	sltiu	x30,x31,-1772	 x31:0xfffffff8 x30=0x00000000
       28995000	      2898	80002120	ff21f8e3	bgeu	x3,x18,80002110	  x3:0x00000005 x18:0x00000008
       29005000	      2899	80002124	dbfbf693	andi	x13,x23,-577	 x23:0xfffff9a3 x13=0xfffff9a3
       29015000	      2900	80002128	f6b4be97	auipc	x29,0xf6b4b	 x29=0x76b4d124
       29025000	      2901	8000212c	00000013	addi	x0,x0,0	  x0:0x00000000
       29035000	      2902	80002130	fa4f8ee3	beq	x31,x4,800020ec	 x31:0xfffffff8  x4:0x0000000c
       29045000	      2903	80002134	00738a33	add	x20,x7,x7	  x7:0x000000f7  x7:0x000000f7 x20=0x000001ee
       29055000	      2904	80002138	019b90b3	sll	x1,x23,x25	 x23:0xfffff9a3 x25:0x000007ff  x1=0x80000000
       29065000	      2905	8000213c	00a11a13	slli	x20,x2,0xa	  x2:0x80000000 x20=0x00000000
       29075000	      2906	80002140	00cb06b3	add	x13,x22,x12	 x22:0x00000000 x12:0xe4832060 x13=0xe4832060
       29085000	      2907	80002144	d6856413	ori	x8,x10,-664	 x10:0x00027d20  x8=0xfffffd68
       29095000	      2908	80002148	000cbf33	sltu	x30,x25,x0	 x25:0x000007ff  x0:0x00000000 x30=0x00000000
       29105000	      2909	8000214c	00e5ee63	bltu	x11,x14,80002168	 x11:0x80009fc4 x14:0xfffffeff
       29115000	      2910	00000000	00000013	addi	x0,x0,0	  x0:0x00000000
       29125000	      2911	80002164	00000013	addi	x0,x0,0	  x0:0x00000000
       29135000	      2912	80002168	1957e613	ori	x12,x15,405	 x15:0x00000001 x12=0x00000195
       29145000	      2913	8000216c	0a9cb013	sltiu	x0,x25,169	 x25:0x000007ff
       29155000	      2914	80002170	007bdf13	srli	x30,x23,0x7	 x23:0xfffff9a3 x30=0x01fffff3
       29165000	      2915	80002174	01a09533	sll	x10,x1,x26	  x1:0x80000000 x26:0x8000a079 x10=0x00000000
       29175000	      2916	80002178	01313cb3	sltu	x25,x2,x19	  x2:0x80000000 x19:0xfffffe47 x25=0x00000001
       29185000	      2917	8000217c	00a3dc63	bge	x7,x10,80002194	  x7:0x000000f7 x10:0x00000000
       29195000	      2918	00000000	00000013	addi	x0,x0,0	  x0:0x00000000
       29205000	      2919	80002190	00000013	addi	x0,x0,0	  x0:0x00000000
       29215000	      2920	80002194	00285c63	bge	x16,x2,800021ac	 x16:0x00000000  x2:0x80000000
       29225000	      2921	00000000	00000013	addi	x0,x0,0	  x0:0x00000000
       29235000	      2922	800021a8	00000013	addi	x0,x0,0	  x0:0x00000000
       29245000	      2923	800021ac	40875733	sra	x14,x14,x8	 x14:0xfffffeff  x8:0xfffffd68 x14=0xfffffffe
       29255000	      2924	800021b0	00700793	addi	x15,x0,7	  x0:0x00000000 x15=0x00000007
       29265000	      2925	800021b4	406fd093	srai	x1,x31,0x6	 x31:0xfffffff8  x1=0xffffffff
       29275000	      2926	800021b8	01f05513	srli	x10,x0,0x1f	  x0:0x00000000 x10=0x00000000
       29285000	      2927	800021bc	e7cfba93	sltiu	x21,x31,-388	 x31:0xfffffff8 x21=0x00000000
       29295000	      2928	800021c0	01e01393	slli	x7,x0,0x1e	  x0:0x00000000  x7=0x00000000
       29305000	      2929	800021c4	00400f93	addi	x31,x0,4	  x0:0x00000000 x31=0x00000004
       29315000	      2930	800021c8	00149913	slli	x18,x9,0x1	  x9:0x80009f48 x18=0x00013e90
       29325000	      2931	800021cc	00bca9b3	slt	x19,x25,x11	 x25:0x00000001 x11:0x80009fc4 x19=0x00000000
       29335000	      2932	800021d0	00685733	srl	x14,x16,x6	 x16:0x00000000  x6:0x00000561 x14=0x00000000
       29345000	      2933	800021d4	00fedb93	srli	x23,x29,0xf	 x29:0x76b4d124 x23=0x0000ed69
       29355000	      2934	800021d8	538e2217	auipc	x4,0x538e2	  x4=0xd38e41d4
       29365000	      2935	800021dc	00f82633	slt	x12,x16,x15	 x16:0x00000000 x15:0x00000007 x12=0x00000001
       29375000	      2936	800021e0	18744297	auipc	x5,0x18744	  x5=0x987461dc
       29385000	      2937	800021e4	ffa78793	addi	x15,x15,-6	 x15:0x00000007 x15=0x00000001
       29395000	      2938	800021e8	00600c93	addi	x25,x0,6	  x0:0x00000000 x25=0x00000006
       29405000	      2939	800021ec	00800413	addi	x8,x0,8	  x0:0x00000000  x8=0x00000008
       29415000	      2940	800021f0	0116f233	and	x4,x13,x17	 x13:0xe4832060 x17:0x000000f6  x4=0x00000060
       29425000	      2941	800021f4	01aca633	slt	x12,x25,x26	 x25:0x00000006 x26:0x8000a079 x12=0x00000000
       29435000	      2942	800021f8	006c8c93	addi	x25,x25,6	 x25:0x00000006 x25=0x0000000c
       29445000	      2943	800021fc	5fcae293	ori	x5,x21,1532	 x21:0x00000000  x5=0x000005fc
       29455000	      2944	80002200	01cef733	and	x14,x29,x28	 x29:0x76b4d124 x28:0x2f4f0920 x14=0x26040120
       29465000	      2945	80002204	01bf86b3	add	x13,x31,x27	 x31:0x00000004 x27:0x80009fde x13=0x80009fe2
       29475000	      2946	80002208	0148d893	srli	x17,x17,0x14	 x17:0x000000f6 x17=0x00000000
       29485000	      2947	8000220c	fe8ce4e3	bltu	x25,x8,800021f4	 x25:0x0000000c  x8:0x00000008
       29495000	      2948	80002210	01aa2533	slt	x10,x20,x26	 x20:0x00000000 x26:0x8000a079 x10=0x00000000
       29505000	      2949	80002214	00cb9213	slli	x4,x23,0xc	 x23:0x0000ed69  x4=0x0ed69000
       29515000	      2950	80002218	a6572513	slti	x10,x14,-1435	 x14:0x26040120 x10=0x00000000
       29525000	      2951	8000221c	0018ff33	and	x30,x17,x1	 x17:0x00000000  x1:0xffffffff x30=0x00000000
       29535000	      2952	80002220	fbf7d6e3	bge	x15,x31,800021cc	 x15:0x00000001 x31:0x00000004
       29545000	      2953	80002224	005ca3b3	slt	x7,x25,x5	 x25:0x0000000c  x5:0x000005fc  x7=0x00000001
       29555000	      2954	80002228	01015213	srli	x4,x2,0x10	  x2:0x80000000  x4=0x00008000
       29565000	      2955	8000222c	02a1d463	bge	x3,x10,80002254	  x3:0x00000005 x10:0x00000000
       29575000	      2956	00000000	00000013	addi	x0,x0,0	  x0:0x00000000
       29585000	      2957	80002250	00000013	addi	x0,x0,0	  x0:0x00000000
       29595000	      2958	80002254	013c0f33	add	x30,x24,x19	 x24:0x00000000 x19:0x00000000 x30=0x00000000
       29605000	      2959	80002258	01c51713	slli	x14,x10,0x1c	 x10:0x00000000 x14=0x00000000
       29615000	      2960	8000225c	0186c633	xor	x12,x13,x24	 x13:0x80009fe2 x24:0x00000000 x12=0x80009fe2
       29625000	      2961	80002260	8119cb93	xori	x23,x19,-2031	 x19:0x00000000 x23=0xfffff811
       29635000	      2962	80002264	00ce20b3	slt	x1,x28,x12	 x28:0x2f4f0920 x12:0x80009fe2  x1=0x00000000
       29645000	      2963	80002268	4084d633	sra	x12,x9,x8	  x9:0x80009f48  x8:0x00000008 x12=0xff80009f
       29655000	      2964	8000226c	00db4bb3	xor	x23,x22,x13	 x22:0x00000000 x13:0x80009fe2 x23=0x80009fe2
       29665000	      2965	80002270	42ca1697	auipc	x13,0x42ca1	 x13=0xc2ca326c
       29675000	      2966	80002274	0071c263	blt	x3,x7,80002278	  x3:0x00000005  x7:0x00000001
       29685000	      2967	80002278	4e95e993	ori	x19,x11,1257	 x11:0x80009fc4 x19=0x80009fed
       29695000	      2968	8000227c	019d9d33	sll	x26,x27,x25	 x27:0x80009fde x25:0x0000000c x26=0x09fde000
       29705000	      2969	80002280	93a5b093	sltiu	x1,x11,-1734	 x11:0x80009fc4  x1=0x00000001
       29715000	      2970	80002284	8aeb2a93	slti	x21,x22,-1874	 x22:0x00000000 x21=0x00000000
       29725000	      2971	80002288	e08a4193	xori	x3,x20,-504	 x20:0x00000000  x3=0xfffffe08
       29735000	      2972	8000228c	04ea5663	bge	x20,x14,800022d8	 x20:0x00000000 x14:0x00000000
       29745000	      2973	00000000	00000013	addi	x0,x0,0	  x0:0x00000000
       29755000	      2974	800022d4	00000013	addi	x0,x0,0	  x0:0x00000000
       29765000	      2975	800022d8	03596863	bltu	x18,x21,80002308	 x18:0x00013e90 x21:0x00000000
       29775000	      2976	800022dc	00bccd33	xor	x26,x25,x11	 x25:0x0000000c x11:0x80009fc4 x26=0x80009fc8
       29785000	      2977	800022e0	00e6f0b3	and	x1,x13,x14	 x13:0xc2ca326c x14:0x00000000  x1=0x00000000
       29795000	      2978	800022e4	4196ddb3	sra	x27,x13,x25	 x13:0xc2ca326c x25:0x0000000c x27=0xfffc2ca3
       29805000	      2979	800022e8	0254de63	bge	x9,x5,80002324	  x9:0x80009f48  x5:0x000005fc
       29815000	      2980	800022ec	02bbd063	bge	x23,x11,8000230c	 x23:0x80009fe2 x11:0x80009fc4
       29825000	      2981	00000000	00000013	addi	x0,x0,0	  x0:0x00000000
       29835000	      2982	80002308	00000013	addi	x0,x0,0	  x0:0x00000000
       29845000	      2983	8000230c	bdc12193	slti	x3,x2,-1060	  x2:0x80000000  x3=0x00000001
       29855000	      2984	80002310	02e65e63	bge	x12,x14,8000234c	 x12:0xff80009f x14:0x00000000
       29865000	      2985	80002314	683ec013	xori	x0,x29,1667	 x29:0x76b4d124
       29875000	      2986	80002318	00c5c0b3	xor	x1,x11,x12	 x11:0x80009fc4 x12:0xff80009f  x1=0x7f809f5b
       29885000	      2987	8000231c	01331863	bne	x6,x19,8000232c	  x6:0x00000561 x19:0x80009fed
       29895000	      2988	00000000	00000013	addi	x0,x0,0	  x0:0x00000000
       29905000	      2989	80002328	00000013	addi	x0,x0,0	  x0:0x00000000
       29915000	      2990	8000232c	74adae13	slti	x28,x27,1866	 x27:0xfffc2ca3 x28=0x00000001
       29925000	      2991	80002330	00128933	add	x18,x5,x1	  x5:0x000005fc  x1:0x7f809f5b x18=0x7f80a557
       29935000	      2992	80002334	0251fc63	bgeu	x3,x5,8000236c	  x3:0x00000001  x5:0x000005fc
       29945000	      2993	80002338	28934813	xori	x16,x6,649	  x6:0x00000561 x16=0x000007e8
       29955000	      2994	8000233c	015e3ab3	sltu	x21,x28,x21	 x28:0x00000001 x21:0x00000000 x21=0x00000000
       29965000	      2995	80002340	30ee91b7	lui	x3,0x30ee9	  x3=0x30ee9000
       29975000	      2996	80002344	0157d793	srli	x15,x15,0x15	 x15:0x00000001 x15=0x00000000
       29985000	      2997	80002348	0143e833	or	x16,x7,x20	  x7:0x00000001 x20:0x00000000 x16=0x00000001
       29995000	      2998	8000234c	017350b3	srl	x1,x6,x23	  x6:0x00000561 x23:0x80009fe2  x1=0x00000158
       30005000	      2999	80002350	7f003b17	auipc	x22,0x7f003	 x22=0xff00534c
       30015000	      3000	80002354	01137d33	and	x26,x6,x17	  x6:0x00000561 x17:0x00000000 x26=0x00000000
       30025000	      3001	80002358	414f5013	srai	x0,x30,0x14	 x30:0x00000000
       30035000	      3002	8000235c	013af263	bgeu	x21,x19,80002360	 x21:0x00000000 x19:0x80009fed
       30045000	      3003	80002360	41c0d7b3	sra	x15,x1,x28	  x1:0x00000158 x28:0x00000001 x15=0x000000ac
       30055000	      3004	80002364	014c1c63	bne	x24,x20,8000237c	 x24:0x00000000 x20:0x00000000
       30065000	      3005	80002368	6fbe0793	addi	x15,x28,1787	 x28:0x00000001 x15=0x000006fc
       30075000	      3006	8000236c	40c15b33	sra	x22,x2,x12	  x2:0x80000000 x12:0xff80009f x22=0xffffffff
       30085000	      3007	80002370	ae1b2093	slti	x1,x22,-1311	 x22:0xffffffff  x1=0x00000000
       30095000	      3008	80002374	002f3cb3	sltu	x25,x30,x2	 x30:0x00000000  x2:0x80000000 x25=0x00000001
       30105000	      3009	80002378	01d7ce33	xor	x28,x15,x29	 x15:0x000006fc x29:0x76b4d124 x28=0x76b4d7d8
       30115000	      3010	8000237c	06fde463	bltu	x27,x15,800023e4	 x27:0xfffc2ca3 x15:0x000006fc
       30125000	      3011	80002380	00600e93	addi	x29,x0,6	  x0:0x00000000 x29=0x00000006
       30135000	      3012	80002384	fee00d93	addi	x27,x0,-18	  x0:0x00000000 x27=0xffffffee
       30145000	      3013	80002388	0177a2b3	slt	x5,x15,x23	 x15:0x000006fc x23:0x80009fe2  x5=0x00000000
       30155000	      3014	8000238c	000c19b3	sll	x19,x24,x0	 x24:0x00000000  x0:0x00000000 x19=0x00000000
       30165000	      3015	80002390	01452833	slt	x16,x10,x20	 x10:0x00000000 x20:0x00000000 x16=0x00000000
       30175000	      3016	80002394	ffce8e93	addi	x29,x29,-4	 x29:0x00000006 x29=0x00000002
       30185000	      3017	80002398	00500093	addi	x1,x0,5	  x0:0x00000000  x1=0x00000005
       30195000	      3018	8000239c	01000f13	addi	x30,x0,16	  x0:0x00000000 x30=0x00000010
       30205000	      3019	800023a0	00922fb3	slt	x31,x4,x9	  x4:0x00008000  x9:0x80009f48 x31=0x00000000
       30215000	      3020	800023a4	6c4b8513	addi	x10,x23,1732	 x23:0x80009fe2 x10=0x8000a6a6
       30225000	      3021	800023a8	014102b3	add	x5,x2,x20	  x2:0x80000000 x20:0x00000000  x5=0x80000000
       30235000	      3022	800023ac	006f0633	add	x12,x30,x6	 x30:0x00000010  x6:0x00000561 x12=0x00000571
       30245000	      3023	800023b0	01de8d33	add	x26,x29,x29	 x29:0x00000002 x29:0x00000002 x26=0x00000004
       30255000	      3024	800023b4	605eb7b7	lui	x15,0x605eb	 x15=0x605eb000
       30265000	      3025	800023b8	00edda13	srli	x20,x27,0xe	 x27:0xffffffee x20=0x0003ffff
       30275000	      3026	800023bc	b8791937	lui	x18,0xb8791	 x18=0xb8791000
       30285000	      3027	800023c0	005dfab3	and	x21,x27,x5	 x27:0xffffffee  x5:0x80000000 x21=0x80000000
       30295000	      3028	800023c4	00a08093	addi	x1,x1,10	  x1:0x00000005  x1=0x0000000f
       30305000	      3029	800023c8	8c970a13	addi	x20,x14,-1847	 x14:0x00000000 x20=0xfffff8c9
       30315000	      3030	800023cc	ac72c413	xori	x8,x5,-1337	  x5:0x80000000  x8=0x7ffffac7
       30325000	      3031	800023d0	fde0ece3	bltu	x1,x30,800023a8	  x1:0x0000000f x30:0x00000010
       30335000	      3032	00000000	00000013	addi	x0,x0,0	  x0:0x00000000
       30345000	      3033	800023a4	00000013	addi	x0,x0,0	  x0:0x00000000
       30355000	      3034	800023a8	014102b3	add	x5,x2,x20	  x2:0x80000000 x20:0xfffff8c9  x5=0x7ffff8c9
       30365000	      3035	800023ac	006f0633	add	x12,x30,x6	 x30:0x00000010  x6:0x00000561 x12=0x00000571
       30375000	      3036	800023b0	01de8d33	add	x26,x29,x29	 x29:0x00000002 x29:0x00000002 x26=0x00000004
       30385000	      3037	800023b4	605eb7b7	lui	x15,0x605eb	 x15=0x605eb000
       30395000	      3038	800023b8	00edda13	srli	x20,x27,0xe	 x27:0xffffffee x20=0x0003ffff
       30405000	      3039	800023bc	b8791937	lui	x18,0xb8791	 x18=0xb8791000
       30415000	      3040	800023c0	005dfab3	and	x21,x27,x5	 x27:0xffffffee  x5:0x7ffff8c9 x21=0x7ffff8c8
       30425000	      3041	800023c4	00a08093	addi	x1,x1,10	  x1:0x0000000f  x1=0x00000019
       30435000	      3042	800023c8	8c970a13	addi	x20,x14,-1847	 x14:0x00000000 x20=0xfffff8c9
       30445000	      3043	800023cc	ac72c413	xori	x8,x5,-1337	  x5:0x7ffff8c9  x8=0x8000020e
       30455000	      3044	800023d0	fde0ece3	bltu	x1,x30,800023a8	  x1:0x00000019 x30:0x00000010
       30465000	      3045	800023d4	00000013	addi	x0,x0,0	  x0:0x00000000
       30475000	      3046	800023d8	fbbe88e3	beq	x29,x27,80002388	 x29:0x00000002 x27:0xffffffee
       30485000	      3047	800023dc	01fc5633	srl	x12,x24,x31	 x24:0x00000000 x31:0x00000000 x12=0x00000000
       30495000	      3048	800023e0	01c4fab3	and	x21,x9,x28	  x9:0x80009f48 x28:0x76b4d7d8 x21=0x00009748
       30505000	      3049	800023e4	0068f0b3	and	x1,x17,x6	 x17:0x00000000  x6:0x00000561  x1=0x00000000
       30515000	      3050	800023e8	41f70c33	sub	x24,x14,x31	 x14:0x00000000 x31:0x00000000 x24=0x00000000
       30525000	      3051	800023ec	013bcc63	blt	x23,x19,80002404	 x23:0x80009fe2 x19:0x00000000
       30535000	      3052	00000000	00000013	addi	x0,x0,0	  x0:0x00000000
       30545000	      3053	80002400	00000013	addi	x0,x0,0	  x0:0x00000000
       30555000	      3054	80002404	404102b3	sub	x5,x2,x4	  x2:0x80000000  x4:0x00008000  x5=0x7fff8000
       30565000	      3055	80002408	89c80c93	addi	x25,x16,-1892	 x16:0x00000000 x25=0xfffff89c
       30575000	      3056	8000240c	409f52b3	sra	x5,x30,x9	 x30:0x00000010  x9:0x80009f48  x5=0x00000000
       30585000	      3057	80002410	012d5e63	bge	x26,x18,8000242c	 x26:0x00000004 x18:0xb8791000
       30595000	      3058	00000000	00000013	addi	x0,x0,0	  x0:0x00000000
       30605000	      3059	80002428	00000013	addi	x0,x0,0	  x0:0x00000000
       30615000	      3060	8000242c	001c5263	bge	x24,x1,80002430	 x24:0x00000000  x1:0x00000000
       30625000	      3061	00000000	00000013	addi	x0,x0,0	  x0:0x00000000
       30635000	      3062	8000242c	00000013	addi	x0,x0,0	  x0:0x00000000
       30645000	      3063	80002430	823caab7	lui	x21,0x823ca	 x21=0x823ca000
       30655000	      3064	80002434	41bd5893	srai	x17,x26,0x1b	 x26:0x00000004 x17=0x00000000
       30665000	      3065	80002438	0158e9b3	or	x19,x17,x21	 x17:0x00000000 x21:0x823ca000 x19=0x823ca000
       30675000	      3066	8000243c	02e84e63	blt	x16,x14,80002478	 x16:0x00000000 x14:0x00000000
       30685000	      3067	80002440	01775833	srl	x16,x14,x23	 x14:0x00000000 x23:0x80009fe2 x16=0x00000000
       30695000	      3068	80002444	00000013	addi	x0,x0,0	  x0:0x00000000
       30705000	      3069	80002448	01667933	and	x18,x12,x22	 x12:0x00000000 x22:0xffffffff x18=0x00000000
       30715000	      3070	8000244c	400f5a33	sra	x20,x30,x0	 x30:0x00000010  x0:0x00000000 x20=0x00000010
       30725000	      3071	80002450	419e0d33	sub	x26,x28,x25	 x28:0x76b4d7d8 x25:0xfffff89c x26=0x76b4df3c
       30735000	      3072	80002454	733e2993	slti	x19,x28,1843	 x28:0x76b4d7d8 x19=0x00000000
       30745000	      3073	80002458	00af1bb3	sll	x23,x30,x10	 x30:0x00000010 x10:0x8000a6a6 x23=0x00000400
       30755000	      3074	8000245c	8048cd13	xori	x26,x17,-2044	 x17:0x00000000 x26=0xfffff804
       30765000	      3075	80002460	45cfe693	ori	x13,x31,1116	 x31:0x00000000 x13=0x0000045c
       30775000	      3076	80002464	02f49263	bne	x9,x15,80002488	  x9:0x80009f48 x15:0x605eb000
       30785000	      3077	00000000	00000013	addi	x0,x0,0	  x0:0x00000000
       30795000	      3078	80002484	00000013	addi	x0,x0,0	  x0:0x00000000
       30805000	      3079	80002488	40b4d093	srai	x1,x9,0xb	  x9:0x80009f48  x1=0xfff00013
       30815000	      3080	8000248c	403f5c13	srai	x24,x30,0x3	 x30:0x00000010 x24=0x00000002
       30825000	      3081	80002490	00000013	addi	x0,x0,0	  x0:0x00000000
       30835000	      3082	80002494	023f4063	blt	x30,x3,800024b4	 x30:0x00000010  x3:0x30ee9000
       30845000	      3083	00000000	00000013	addi	x0,x0,0	  x0:0x00000000
       30855000	      3084	800024b0	00000013	addi	x0,x0,0	  x0:0x00000000
       30865000	      3085	800024b4	011083b3	add	x7,x1,x17	  x1:0xfff00013 x17:0x00000000  x7=0xfff00013
       30875000	      3086	800024b8	00989313	slli	x6,x17,0x9	 x17:0x00000000  x6=0x00000000
       30885000	      3087	800024bc	01ec32b3	sltu	x5,x24,x30	 x24:0x00000002 x30:0x00000010  x5=0x00000001
       30895000	      3088	800024c0	0120fcb3	and	x25,x1,x18	  x1:0xfff00013 x18:0x00000000 x25=0x00000000
       30905000	      3089	800024c4	00000013	addi	x0,x0,0	  x0:0x00000000
       30915000	      3090	800024c8	1e124913	xori	x18,x4,481	  x4:0x00008000 x18=0x000081e1
       30925000	      3091	800024cc	416ed9b3	sra	x19,x29,x22	 x29:0x00000002 x22:0xffffffff x19=0x00000000
       30935000	      3092	800024d0	01d01d93	slli	x27,x0,0x1d	  x0:0x00000000 x27=0x00000000
       30945000	      3093	800024d4	0022f263	bgeu	x5,x2,800024d8	  x5:0x00000001  x2:0x80000000
       30955000	      3094	800024d8	00659cb3	sll	x25,x11,x6	 x11:0x80009fc4  x6:0x00000000 x25=0x80009fc4
       30965000	      3095	800024dc	06826a63	bltu	x4,x8,80002550	  x4:0x00008000  x8:0x8000020e
       30975000	      3096	00000000	00000013	addi	x0,x0,0	  x0:0x00000000
       30985000	      3097	8000254c	00000013	addi	x0,x0,0	  x0:0x00000000
       30995000	      3098	80002550	00c4e233	or	x4,x9,x12	  x9:0x80009f48 x12:0x00000000  x4=0x80009f48
       31005000	      3099	80002554	39aba993	slti	x19,x23,922	 x23:0x00000400 x19=0x00000000
       31015000	      3100	80002558	a7117c93	andi	x25,x2,-1423	  x2:0x80000000 x25=0x80000000
       31025000	      3101	8000255c	40c58ab3	sub	x21,x11,x12	 x11:0x80009fc4 x12:0x00000000 x21=0x80009fc4
       31035000	      3102	80002560	60f47513	andi	x10,x8,1551	  x8:0x8000020e x10=0x0000020e
       31045000	      3103	80002564	00d07833	and	x16,x0,x13	  x0:0x00000000 x13:0x0000045c x16=0x00000000
       31055000	      3104	80002568	0135c863	blt	x11,x19,80002578	 x11:0x80009fc4 x19:0x00000000
       31065000	      3105	00000000	00000013	addi	x0,x0,0	  x0:0x00000000
       31075000	      3106	80002574	00000013	addi	x0,x0,0	  x0:0x00000000
       31085000	      3107	80002578	08c17793	andi	x15,x2,140	  x2:0x80000000 x15=0x00000000
       31095000	      3108	8000257c	5290fe13	andi	x28,x1,1321	  x1:0xfff00013 x28=0x00000001
       31105000	      3109	80002580	00afcc63	blt	x31,x10,80002598	 x31:0x00000000 x10:0x0000020e
       31115000	      3110	00000000	00000013	addi	x0,x0,0	  x0:0x00000000
       31125000	      3111	80002594	00000013	addi	x0,x0,0	  x0:0x00000000
       31135000	      3112	80002598	ee450d93	addi	x27,x10,-284	 x10:0x0000020e x27=0x000000f2
       31145000	      3113	8000259c	0062fbb3	and	x23,x5,x6	  x5:0x00000001  x6:0x00000000 x23=0x00000000
       31155000	      3114	800025a0	00000013	addi	x0,x0,0	  x0:0x00000000
       31165000	      3115	800025a4	6c001917	auipc	x18,0x6c001	 x18=0xec0035a0
       31175000	      3116	800025a8	018c7a63	bgeu	x24,x24,800025bc	 x24:0x00000002 x24:0x00000002
       31185000	      3117	00000000	00000013	addi	x0,x0,0	  x0:0x00000000
       31195000	      3118	800025b8	00000013	addi	x0,x0,0	  x0:0x00000000
       31205000	      3119	800025bc	d2272f13	slti	x30,x14,-734	 x14:0x00000000 x30=0x00000000
       31215000	      3120	800025c0	e3031037	lui	x0,0xe3031	
       31225000	      3121	800025c4	0011f463	bgeu	x3,x1,800025cc	  x3:0x30ee9000  x1:0xfff00013
       31235000	      3122	800025c8	00321a93	slli	x21,x4,0x3	  x4:0x80009f48 x21=0x0004fa40
       31245000	      3123	800025cc	03874263	blt	x14,x24,800025f0	 x14:0x00000000 x24:0x00000002
       31255000	      3124	00000000	00000013	addi	x0,x0,0	  x0:0x00000000
       31265000	      3125	800025ec	00000013	addi	x0,x0,0	  x0:0x00000000
       31275000	      3126	800025f0	00afdc63	bge	x31,x10,80002608	 x31:0x00000000 x10:0x0000020e
       31285000	      3127	800025f4	9c6b6737	lui	x14,0x9c6b6	 x14=0x9c6b6000
       31295000	      3128	800025f8	01785693	srli	x13,x16,0x17	 x16:0x00000000 x13=0x00000000
       31305000	      3129	800025fc	01136c63	bltu	x6,x17,80002614	  x6:0x00000000 x17:0x00000000
       31315000	      3130	80002600	043040b7	lui	x1,0x4304	  x1=0x04304000
       31325000	      3131	80002604	0198e863	bltu	x17,x25,80002614	 x17:0x00000000 x25:0x80000000
       31335000	      3132	00000000	00000013	addi	x0,x0,0	  x0:0x00000000
       31345000	      3133	80002610	00000013	addi	x0,x0,0	  x0:0x00000000
       31355000	      3134	80002614	cad24993	xori	x19,x4,-851	  x4:0x80009f48 x19=0x7fff63e5
       31365000	      3135	80002618	541f3913	sltiu	x18,x30,1345	 x30:0x00000000 x18=0x00000001
       31375000	      3136	8000261c	80fca893	slti	x17,x25,-2033	 x25:0x80000000 x17=0x00000001
       31385000	      3137	80002620	00295c63	bge	x18,x2,80002638	 x18:0x00000001  x2:0x80000000
       31395000	      3138	00000000	00000013	addi	x0,x0,0	  x0:0x00000000
       31405000	      3139	80002634	00000013	addi	x0,x0,0	  x0:0x00000000
       31415000	      3140	80002638	015e3633	sltu	x12,x28,x21	 x28:0x00000001 x21:0x0004fa40 x12=0x00000001
       31425000	      3141	8000263c	00c13d33	sltu	x26,x2,x12	  x2:0x80000000 x12:0x00000001 x26=0x00000000
       31435000	      3142	80002640	01dd7bb3	and	x23,x26,x29	 x26:0x00000000 x29:0x00000002 x23=0x00000000
       31445000	      3143	80002644	00153633	sltu	x12,x10,x1	 x10:0x0000020e  x1:0x04304000 x12=0x00000001
       31455000	      3144	80002648	41e75013	srai	x0,x14,0x1e	 x14:0x9c6b6000
       31465000	      3145	8000264c	00341793	slli	x15,x8,0x3	  x8:0x8000020e x15=0x00001070
       31475000	      3146	80002650	01740633	add	x12,x8,x23	  x8:0x8000020e x23:0x00000000 x12=0x8000020e
       31485000	      3147	80002654	01b09293	slli	x5,x1,0x1b	  x1:0x04304000  x5=0x00000000
       31495000	      3148	80002658	0343d063	bge	x7,x20,80002678	  x7:0xfff00013 x20:0x00000010
       31505000	      3149	8000265c	1d1c3993	sltiu	x19,x24,465	 x24:0x00000002 x19=0x00000001
       31515000	      3150	80002660	13a3b813	sltiu	x16,x7,314	  x7:0xfff00013 x16=0x00000000
       31525000	      3151	80002664	60e8bc13	sltiu	x24,x17,1550	 x17:0x00000001 x24=0x00000001
       31535000	      3152	80002668	02445463	bge	x8,x4,80002690	  x8:0x8000020e  x4:0x80009f48
       31545000	      3153	8000266c	41b40bb3	sub	x23,x8,x27	  x8:0x8000020e x27:0x000000f2 x23=0x8000011c
       31555000	      3154	80002670	0057bcb3	sltu	x25,x15,x5	 x15:0x00001070  x5:0x00000000 x25=0x00000000
       31565000	      3155	80002674	004771b3	and	x3,x14,x4	 x14:0x9c6b6000  x4:0x80009f48  x3=0x80000000
       31575000	      3156	80002678	010b1e93	slli	x29,x22,0x10	 x22:0xffffffff x29=0xffff0000
       31585000	      3157	8000267c	018d7a63	bgeu	x26,x24,80002690	 x26:0x00000000 x24:0x00000001
       31595000	      3158	80002680	41175d33	sra	x26,x14,x17	 x14:0x9c6b6000 x17:0x00000001 x26=0xce35b000
       31605000	      3159	80002684	68c66cb7	lui	x25,0x68c66	 x25=0x68c66000
       31615000	      3160	80002688	00000013	addi	x0,x0,0	  x0:0x00000000
       31625000	      3161	8000268c	50d64f97	auipc	x31,0x50d64	 x31=0xd0d66688
       31635000	      3162	80002690	a20a3a13	sltiu	x20,x20,-1504	 x20:0x00000010 x20=0x00000001
       31645000	      3163	80002694	417f5ab3	sra	x21,x30,x23	 x30:0x00000000 x23:0x8000011c x21=0x00000000
       31655000	      3164	80002698	14058a93	addi	x21,x11,320	 x11:0x80009fc4 x21=0x8000a104
       31665000	      3165	8000269c	06c60c63	beq	x12,x12,80002714	 x12:0x8000020e x12:0x8000020e
       31675000	      3166	00000000	00000013	addi	x0,x0,0	  x0:0x00000000
       31685000	      3167	80002710	00000013	addi	x0,x0,0	  x0:0x00000000
       31695000	      3168	80002714	01341313	slli	x6,x8,0x13	  x8:0x8000020e  x6=0x10700000
       31705000	      3169	80002718	00cb1c63	bne	x22,x12,80002730	 x22:0xffffffff x12:0x8000020e
       31715000	      3170	00000000	00000013	addi	x0,x0,0	  x0:0x00000000
       31725000	      3171	8000272c	00000013	addi	x0,x0,0	  x0:0x00000000
       31735000	      3172	80002730	0188dc13	srli	x24,x17,0x18	 x17:0x00000001 x24=0x00000000
       31745000	      3173	80002734	00115693	srli	x13,x2,0x1	  x2:0x80000000 x13=0x40000000
       31755000	      3174	80002738	02434e63	blt	x6,x4,80002774	  x6:0x10700000  x4:0x80009f48
       31765000	      3175	8000273c	00b51193	slli	x3,x10,0xb	 x10:0x0000020e  x3=0x00107000
       31775000	      3176	80002740	039ace63	blt	x21,x25,8000277c	 x21:0x8000a104 x25:0x68c66000
       31785000	      3177	00000000	00000013	addi	x0,x0,0	  x0:0x00000000
       31795000	      3178	80002778	00000013	addi	x0,x0,0	  x0:0x00000000
       31805000	      3179	8000277c	01ce1b13	slli	x22,x28,0x1c	 x28:0x00000001 x22=0x10000000
       31815000	      3180	80002780	409b5d13	srai	x26,x22,0x9	 x22:0x10000000 x26=0x00080000
       31825000	      3181	80002784	8630f893	andi	x17,x1,-1949	  x1:0x04304000 x17=0x04304000
       31835000	      3182	80002788	058fd663	bge	x31,x24,800027d4	 x31:0xd0d66688 x24:0x00000000
       31845000	      3183	8000278c	41ea5d33	sra	x26,x20,x30	 x20:0x00000001 x30:0x00000000 x26=0x00000001
       31855000	      3184	80002790	65f23e93	sltiu	x29,x4,1631	  x4:0x80009f48 x29=0x00000000
       31865000	      3185	80002794	005b9433	sll	x8,x23,x5	 x23:0x8000011c  x5:0x00000000  x8=0x8000011c
       31875000	      3186	80002798	005e1793	slli	x15,x28,0x5	 x28:0x00000001 x15=0x00000020
       31885000	      3187	8000279c	40cc0f33	sub	x30,x24,x12	 x24:0x00000000 x12:0x8000020e x30=0x7ffffdf2
       31895000	      3188	800027a0	1952c213	xori	x4,x5,405	  x5:0x00000000  x4=0x00000195
       31905000	      3189	800027a4	415c5613	srai	x12,x24,0x15	 x24:0x00000000 x12=0x00000000
       31915000	      3190	800027a8	00bfbbb3	sltu	x23,x31,x11	 x31:0xd0d66688 x11:0x80009fc4 x23=0x00000000
       31925000	      3191	800027ac	81094cb7	lui	x25,0x81094	 x25=0x81094000
       31935000	      3192	800027b0	01f96fb3	or	x31,x18,x31	 x18:0x00000001 x31:0xd0d66688 x31=0xd0d66689
       31945000	      3193	800027b4	a8eb7a93	andi	x21,x22,-1394	 x22:0x10000000 x21=0x10000000
       31955000	      3194	800027b8	011f8f33	add	x30,x31,x17	 x31:0xd0d66689 x17:0x04304000 x30=0xd506a689
       31965000	      3195	800027bc	636b9f17	auipc	x30,0x636b9	 x30=0xe36bb7b8
       31975000	      3196	800027c0	00b620b3	slt	x1,x12,x11	 x12:0x00000000 x11:0x80009fc4  x1=0x00000000
       31985000	      3197	800027c4	0213e063	bltu	x7,x1,800027e4	  x7:0xfff00013  x1:0x00000000
       31995000	      3198	800027c8	68bb0613	addi	x12,x22,1675	 x22:0x10000000 x12=0x1000068b
       32005000	      3199	800027cc	b066c413	xori	x8,x13,-1274	 x13:0x40000000  x8=0xbffffb06
       32015000	      3200	800027d0	41fad313	srai	x6,x21,0x1f	 x21:0x10000000  x6=0x00000000
       32025000	      3201	800027d4	01b4df13	srli	x30,x9,0x1b	  x9:0x80009f48 x30=0x00000010
       32035000	      3202	800027d8	01a3d863	bge	x7,x26,800027e8	  x7:0xfff00013 x26:0x00000001
       32045000	      3203	800027dc	41be0c33	sub	x24,x28,x27	 x28:0x00000001 x27:0x000000f2 x24=0xffffff0f
       32055000	      3204	800027e0	41f2d293	srai	x5,x5,0x1f	  x5:0x00000000  x5=0x00000000
       32065000	      3205	800027e4	009fd693	srli	x13,x31,0x9	 x31:0xd0d66689 x13=0x00686b33
       32075000	      3206	800027e8	b91c4993	xori	x19,x24,-1135	 x24:0xffffff0f x19=0x0000049e
       32085000	      3207	800027ec	01fcb8b3	sltu	x17,x25,x31	 x25:0x81094000 x31:0xd0d66689 x17=0x00000001
       32095000	      3208	800027f0	41a35d33	sra	x26,x6,x26	  x6:0x00000000 x26:0x00000001 x26=0x00000000
       32105000	      3209	800027f4	40d98cb3	sub	x25,x19,x13	 x19:0x0000049e x13:0x00686b33 x25=0xff97996b
       32115000	      3210	800027f8	002ebcb3	sltu	x25,x29,x2	 x29:0x00000000  x2:0x80000000 x25=0x00000001
       32125000	      3211	800027fc	18566e13	ori	x28,x12,389	 x12:0x1000068b x28=0x1000078f
       32135000	      3212	80002800	938ee337	lui	x6,0x938ee	  x6=0x938ee000
       32145000	      3213	80002804	0044ae83	lw	x29,4(x9)	  x9:0x80009f48 x29=0x800004d4 PA:0x80009f4c
       32155000	      3214	80002808	ccb77e13	andi	x28,x14,-821	 x14:0x9c6b6000 x28=0x9c6b6000
       32165000	      3215	8000280c	03c48493	addi	x9,x9,60	  x9:0x80009f48  x9=0x80009f84
       32175000	      3216	80002810	41f6d9b3	sra	x19,x13,x31	 x13:0x00686b33 x31:0xd0d66689 x19=0x00003435
       32185000	      3217	80002814	93750013	addi	x0,x10,-1737	 x10:0x0000020e
       32195000	      3218	80002818	f5e9ab13	slti	x22,x19,-162	 x19:0x00003435 x22=0x00000000
       32205000	      3219	8000281c	41005d93	srai	x27,x0,0x10	  x0:0x00000000 x27=0x00000000
       32215000	      3220	80002820	41038933	sub	x18,x7,x16	  x7:0xfff00013 x16:0x00000000 x18=0xfff00013
       32225000	      3221	80002824	4118d933	sra	x18,x17,x17	 x17:0x00000001 x17:0x00000001 x18=0x00000000
       32235000	      3222	80002828	00361813	slli	x16,x12,0x3	 x12:0x1000068b x16=0x80003458
       32245000	      3223	8000282c	01e45c93	srli	x25,x8,0x1e	  x8:0xbffffb06 x25=0x00000002
       32255000	      3224	80002830	001e8793	addi	x15,x29,1	 x29:0x800004d4 x15=0x800004d5
       32265000	      3225	80002834	000787e7	jalr	x15,x15,0	 x15:0x800004d5 x15=0x80002834
       32275000	      3226	00000000	00000013	addi	x0,x0,0	  x0:0x00000000
       32285000	      3227	800004d4	00000013	addi	x0,x0,0	  x0:0x00000000
       32295000	      3228	800004d8	b6350393	addi	x7,x10,-1181	 x10:0x0000020e  x7=0xfffffd71
       32305000	      3229	800004dc	403cd893	srai	x17,x25,0x3	 x25:0x00000002 x17=0x00000000
       32315000	      3230	800004e0	01f97733	and	x14,x18,x31	 x18:0x00000000 x31:0xd0d66689 x14=0x00000000
       32325000	      3231	800004e4	001301b3	add	x3,x6,x1	  x6:0x938ee000  x1:0x00000000  x3=0x938ee000
       32335000	      3232	800004e8	0076ae33	slt	x28,x13,x7	 x13:0x00686b33  x7:0xfffffd71 x28=0x00000000
       32345000	      3233	800004ec	0773dc63	bge	x7,x23,80000564	  x7:0xfffffd71 x23:0x00000000
       32355000	      3234	800004f0	0b56c063	blt	x13,x21,80000590	 x13:0x00686b33 x21:0x10000000
       32365000	      3235	00000000	00000013	addi	x0,x0,0	  x0:0x00000000
       32375000	      3236	8000058c	00000013	addi	x0,x0,0	  x0:0x00000000
       32385000	      3237	80000590	c3cbba13	sltiu	x20,x23,-964	 x23:0x00000000 x20=0x00000001
       32395000	      3238	80000594	016a8fb3	add	x31,x21,x22	 x21:0x10000000 x22:0x00000000 x31=0x10000000
       32405000	      3239	80000598	016f1463	bne	x30,x22,800005a0	 x30:0x00000010 x22:0x00000000
       32415000	      3240	00000000	00000013	addi	x0,x0,0	  x0:0x00000000
       32425000	      3241	8000059c	00000013	addi	x0,x0,0	  x0:0x00000000
       32435000	      3242	800005a0	00a49913	slli	x18,x9,0xa	  x9:0x80009f84 x18=0x027e1000
       32445000	      3243	800005a4	00ea1013	slli	x0,x20,0xe	 x20:0x00000001
       32455000	      3244	800005a8	f4a23093	sltiu	x1,x4,-182	  x4:0x00000195  x1=0x00000001
       32465000	      3245	800005ac	01d6f413	andi	x8,x13,29	 x13:0x00686b33  x8=0x00000011
       32475000	      3246	800005b0	71927793	andi	x15,x4,1817	  x4:0x00000195 x15=0x00000111
       32485000	      3247	800005b4	016bc7b3	xor	x15,x23,x22	 x23:0x00000000 x22:0x00000000 x15=0x00000000
       32495000	      3248	800005b8	00000013	addi	x0,x0,0	  x0:0x00000000
       32505000	      3249	800005bc	40c2d533	sra	x10,x5,x12	  x5:0x00000000 x12:0x1000068b x10=0x00000000
       32515000	      3250	800005c0	01ff1c13	slli	x24,x30,0x1f	 x30:0x00000010 x24=0x00000000
       32525000	      3251	800005c4	401f50b3	sra	x1,x30,x1	 x30:0x00000010  x1:0x00000001  x1=0x00000008
       32535000	      3252	800005c8	5445b813	sltiu	x16,x11,1348	 x11:0x80009fc4 x16=0x00000000
       32545000	      3253	800005cc	b8593713	sltiu	x14,x18,-1147	 x18:0x027e1000 x14=0x00000001
       32555000	      3254	800005d0	d5ae8e93	addi	x29,x29,-678	 x29:0x800004d4 x29=0x8000022e
       32565000	      3255	800005d4	41ec08b3	sub	x17,x24,x30	 x24:0x00000000 x30:0x00000010 x17=0xfffffff0
       32575000	      3256	800005d8	00d15b33	srl	x22,x2,x13	  x2:0x80000000 x13:0x00686b33 x22=0x00001000
       32585000	      3257	800005dc	0035a9b3	slt	x19,x11,x3	 x11:0x80009fc4  x3:0x938ee000 x19=0x00000001
       32595000	      3258	800005e0	00bc9293	slli	x5,x25,0xb	 x25:0x00000002  x5=0x00001000
       32605000	      3259	800005e4	001ef663	bgeu	x29,x1,800005f0	 x29:0x8000022e  x1:0x00000008
       32615000	      3260	00000000	00000013	addi	x0,x0,0	  x0:0x00000000
       32625000	      3261	800005ec	00000013	addi	x0,x0,0	  x0:0x00000000
       32635000	      3262	800005f0	cbe46913	ori	x18,x8,-834	  x8:0x00000011 x18=0xfffffcbf
       32645000	      3263	800005f4	0027db93	srli	x23,x15,0x2	 x15:0x00000000 x23=0x00000000
       32655000	      3264	800005f8	017e9a63	bne	x29,x23,8000060c	 x29:0x8000022e x23:0x00000000
       32665000	      3265	00000000	00000013	addi	x0,x0,0	  x0:0x00000000
       32675000	      3266	80000608	00000013	addi	x0,x0,0	  x0:0x00000000
       32685000	      3267	8000060c	353e8037	lui	x0,0x353e8	
       32695000	      3268	80000610	78fafd93	andi	x27,x21,1935	 x21:0x10000000 x27=0x00000000
       32705000	      3269	80000614	02332b93	slti	x23,x6,35	  x6:0x938ee000 x23=0x00000001
       32715000	      3270	80000618	599e2293	slti	x5,x28,1433	 x28:0x00000000  x5=0x00000001
       32725000	      3271	8000061c	4ad3be13	sltiu	x28,x7,1197	  x7:0xfffffd71 x28=0x00000000
       32735000	      3272	80000620	41495f33	sra	x30,x18,x20	 x18:0xfffffcbf x20:0x00000001 x30=0xfffffe5f
       32745000	      3273	80000624	41738433	sub	x8,x7,x23	  x7:0xfffffd71 x23:0x00000001  x8=0xfffffd70
       32755000	      3274	80000628	01526cb3	or	x25,x4,x21	  x4:0x00000195 x21:0x10000000 x25=0x10000195
       32765000	      3275	8000062c	00000013	addi	x0,x0,0	  x0:0x00000000
       32775000	      3276	80000630	41220eb3	sub	x29,x4,x18	  x4:0x00000195 x18:0xfffffcbf x29=0x000004d6
       32785000	      3277	80000634	7a42eb13	ori	x22,x5,1956	  x5:0x00000001 x22=0x000007a5
       32795000	      3278	80000638	02b20663	beq	x4,x11,80000664	  x4:0x00000195 x11:0x80009fc4
       32805000	      3279	8000063c	00000013	addi	x0,x0,0	  x0:0x00000000
       32815000	      3280	80000640	01c6dc93	srli	x25,x13,0x1c	 x13:0x00686b33 x25=0x00000000
       32825000	      3281	80000644	acd60393	addi	x7,x12,-1331	 x12:0x1000068b  x7=0x10000158
       32835000	      3282	80000648	0926f313	andi	x6,x13,146	 x13:0x00686b33  x6=0x00000012
       32845000	      3283	8000064c	41f35233	sra	x4,x6,x31	  x6:0x00000012 x31:0x10000000  x4=0x00000012
       32855000	      3284	80000650	01261093	slli	x1,x12,0x12	 x12:0x1000068b  x1=0x1a2c0000
       32865000	      3285	80000654	05e78063	beq	x15,x30,80000694	 x15:0x00000000 x30:0xfffffe5f
       32875000	      3286	80000658	41f35093	srai	x1,x6,0x1f	  x6:0x00000012  x1=0x00000000
       32885000	      3287	8000065c	40c95f33	sra	x30,x18,x12	 x18:0xfffffcbf x12:0x1000068b x30=0xffffffff
       32895000	      3288	80000660	41dfd393	srai	x7,x31,0x1d	 x31:0x10000000  x7=0x00000000
       32905000	      3289	80000664	01d647b3	xor	x15,x12,x29	 x12:0x1000068b x29:0x000004d6 x15=0x1000025d
       32915000	      3290	80000668	00565413	srli	x8,x12,0x5	 x12:0x1000068b  x8=0x00800034
       32925000	      3291	8000066c	e18e9737	lui	x14,0xe18e9	 x14=0xe18e9000
       32935000	      3292	80000670	02ce5463	bge	x28,x12,80000698	 x28:0x00000000 x12:0x1000068b
       32945000	      3293	80000674	001a9e93	slli	x29,x21,0x1	 x21:0x10000000 x29=0x20000000
       32955000	      3294	80000678	7bbc7c93	andi	x25,x24,1979	 x24:0x00000000 x25=0x00000000
       32965000	      3295	8000067c	03137063	bgeu	x6,x17,8000069c	  x6:0x00000012 x17:0xfffffff0
       32975000	      3296	80000680	c6498e93	addi	x29,x19,-924	 x19:0x00000001 x29=0xfffffc65
       32985000	      3297	80000684	00000013	addi	x0,x0,0	  x0:0x00000000
       32995000	      3298	80000688	02fc7263	bgeu	x24,x15,800006ac	 x24:0x00000000 x15:0x1000025d
       33005000	      3299	8000068c	41b10a33	sub	x20,x2,x27	  x2:0x80000000 x27:0x00000000 x20=0x80000000
       33015000	      3300	80000690	01d27a33	and	x20,x4,x29	  x4:0x00000012 x29:0xfffffc65 x20=0x00000000
       33025000	      3301	80000694	00b4d9b3	srl	x19,x9,x11	  x9:0x80009f84 x11:0x80009fc4 x19=0x080009f8
       33035000	      3302	80000698	01f95a63	bge	x18,x31,800006ac	 x18:0xfffffcbf x31:0x10000000
       33045000	      3303	8000069c	013c1c33	sll	x24,x24,x19	 x24:0x00000000 x19:0x080009f8 x24=0x00000000
       33055000	      3304	800006a0	20b90e13	addi	x28,x18,523	 x18:0xfffffcbf x28=0xfffffeca
       33065000	      3305	800006a4	00e3e463	bltu	x7,x14,800006ac	  x7:0x00000000 x14:0xe18e9000
       33075000	      3306	00000000	00000013	addi	x0,x0,0	  x0:0x00000000
       33085000	      3307	800006a8	00000013	addi	x0,x0,0	  x0:0x00000000
       33095000	      3308	800006ac	a44be9b7	lui	x19,0xa44be	 x19=0xa44be000
       33105000	      3309	800006b0	003201b3	add	x3,x4,x3	  x4:0x00000012  x3:0x938ee000  x3=0x938ee012
       33115000	      3310	800006b4	00241663	bne	x8,x2,800006c0	  x8:0x00800034  x2:0x80000000
       33125000	      3311	00000000	00000013	addi	x0,x0,0	  x0:0x00000000
       33135000	      3312	800006bc	00000013	addi	x0,x0,0	  x0:0x00000000
       33145000	      3313	800006c0	012bab33	slt	x22,x23,x18	 x23:0x00000001 x18:0xfffffcbf x22=0x00000000
       33155000	      3314	800006c4	00000117	auipc	x2,0x0	  x2=0x800006c0
       33165000	      3315	800006c8	00c10113	addi	x2,x2,12	  x2:0x800006c0  x2=0x800006cc
       33175000	      3316	800006cc	00010067	jalr	x0,x2,0	  x2:0x800006cc
       33185000	      3317	00000000	00000013	addi	x0,x0,0	  x0:0x00000000
       33195000	      3318	800006cc	00000013	addi	x0,x0,0	  x0:0x00000000
       33205000	      3319	800006d0	00100193	addi	x3,x0,1	  x0:0x00000000  x3=0x00000001
       33215000	      3320	800006d4	00000073	ecall	
       33225000	      3321	800006d8	00167663	bgeu	x12,x1,800006e4	 x12:0x1000068b  x1:0x00000000
