		Time			Cycle	PC		Insn	Decoded instruction	Register and memory contents
          65000	         5	80000004	00000293	addi	x5,x0,0	  x0:0x00000000  x5=0x00000000
          75000	         6	80000008	00000313	addi	x6,x0,0	  x0:0x00000000  x6=0x00000000
          85000	         7	8000000c	00628263	beq	x5,x6,80000010	  x5:0x00000000  x6:0x00000000
          95000	         8	00000000	00000013	addi	x0,x0,0	  x0:0x00000000
         105000	         9	8000000c	00000013	addi	x0,x0,0	  x0:0x00000000
         115000	        10	80000010	00000717	auipc	x14,0x0	 x14=0x8000000c
         125000	        11	80000014	00c70713	addi	x14,x14,12	 x14:0x8000000c x14=0x80000018
         135000	        12	80000018	00070067	jalr	x0,x14,0	 x14:0x80000018
         145000	        13	00000000	00000013	addi	x0,x0,0	  x0:0x00000000
         155000	        14	80000018	00000013	addi	x0,x0,0	  x0:0x00000000
         165000	        15	8000001c	400009b7	lui	x19,0x40000	 x19=0x40000000
         175000	        16	80000020	10098993	addi	x19,x19,256	 x19:0x40000000 x19=0x40000100
         185000	        17	80000024	00000013	addi	x0,x0,0	  x0:0x00000000
         195000	        18	80000028	0000a117	auipc	x2,0xa	  x2=0x8000a024
         205000	        19	8000002c	fa010113	addi	x2,x2,-96	  x2:0x8000a024  x2=0x80009fc4
         215000	        20	80000030	00003997	auipc	x19,0x3	 x19=0x8000302c
         225000	        21	80000034	e1c98993	addi	x19,x19,-484	 x19:0x8000302c x19=0x80002e48
         235000	        22	80000038	0009e993	ori	x19,x19,0	 x19:0x80002e48 x19=0x80002e48
         245000	        23	8000003c	00000013	addi	x0,x0,0	  x0:0x00000000
         255000	        24	80000040	00000997	auipc	x19,0x0	 x19=0x8000003c
         265000	        25	80000044	02098993	addi	x19,x19,32	 x19:0x8000003c x19=0x8000005c
         275000	        26	80000048	00000013	addi	x0,x0,0	  x0:0x00000000
         285000	        27	8000004c	00000013	addi	x0,x0,0	  x0:0x00000000
         295000	        28	80000050	000029b7	lui	x19,0x2	 x19=0x00002000
         305000	        29	80000054	80098993	addi	x19,x19,-2048	 x19:0x00002000 x19=0x00001800
         315000	        30	80000058	00000013	addi	x0,x0,0	  x0:0x00000000
         325000	        31	8000005c	00000013	addi	x0,x0,0	  x0:0x00000000
         335000	        32	80000060	ff42c037	lui	x0,0xff42c	
         345000	        33	80000064	36600013	addi	x0,x0,870	  x0:0x00000000
         355000	        34	80000068	00000093	addi	x1,x0,0	  x0:0x00000000  x1=0x00000000
         365000	        35	8000006c	7d3281b7	lui	x3,0x7d328	  x3=0x7d328000
         375000	        36	80000070	0f718193	addi	x3,x3,247	  x3:0x7d328000  x3=0x7d3280f7
         385000	        37	80000074	80000237	lui	x4,0x80000	  x4=0x80000000
         395000	        38	80000078	800002b7	lui	x5,0x80000	  x5=0x80000000
         405000	        39	8000007c	00600313	addi	x6,x0,6	  x0:0x00000000  x6=0x00000006
         415000	        40	80000080	00000393	addi	x7,x0,0	  x0:0x00000000  x7=0x00000000
         425000	        41	80000084	f8528437	lui	x8,0xf8528	  x8=0xf8528000
         435000	        42	80000088	bbd40413	addi	x8,x8,-1091	  x8:0xf8528000  x8=0xf8527bbd
         445000	        43	8000008c	00000493	addi	x9,x0,0	  x0:0x00000000  x9=0x00000000
         455000	        44	80000090	80000537	lui	x10,0x80000	 x10=0x80000000
         465000	        45	80000094	00700593	addi	x11,x0,7	  x0:0x00000000 x11=0x00000007
         475000	        46	80000098	00000613	addi	x12,x0,0	  x0:0x00000000 x12=0x00000000
         485000	        47	8000009c	a4a05737	lui	x14,0xa4a05	 x14=0xa4a05000
         495000	        48	800000a0	9e770713	addi	x14,x14,-1561	 x14:0xa4a05000 x14=0xa4a049e7
         505000	        49	800000a4	00b00793	addi	x15,x0,11	  x0:0x00000000 x15=0x0000000b
         515000	        50	800000a8	5dc71837	lui	x16,0x5dc71	 x16=0x5dc71000
         525000	        51	800000ac	d5680813	addi	x16,x16,-682	 x16:0x5dc71000 x16=0x5dc70d56
         535000	        52	800000b0	00300893	addi	x17,x0,3	  x0:0x00000000 x17=0x00000003
         545000	        53	800000b4	00000913	addi	x18,x0,0	  x0:0x00000000 x18=0x00000000
         555000	        54	800000b8	800009b7	lui	x19,0x80000	 x19=0x80000000
         565000	        55	800000bc	e461ca37	lui	x20,0xe461c	 x20=0xe461c000
         575000	        56	800000c0	8f1a0a13	addi	x20,x20,-1807	 x20:0xe461c000 x20=0xe461b8f1
         585000	        57	800000c4	6bdf0ab7	lui	x21,0x6bdf0	 x21=0x6bdf0000
         595000	        58	800000c8	ff2a8a93	addi	x21,x21,-14	 x21:0x6bdf0000 x21=0x6bdefff2
         605000	        59	800000cc	00000b13	addi	x22,x0,0	  x0:0x00000000 x22=0x00000000
         615000	        60	800000d0	80000bb7	lui	x23,0x80000	 x23=0x80000000
         625000	        61	800000d4	00300c13	addi	x24,x0,3	  x0:0x00000000 x24=0x00000003
         635000	        62	800000d8	80000cb7	lui	x25,0x80000	 x25=0x80000000
         645000	        63	800000dc	80000d37	lui	x26,0x80000	 x26=0x80000000
         655000	        64	800000e0	00000d93	addi	x27,x0,0	  x0:0x00000000 x27=0x00000000
         665000	        65	800000e4	00800e13	addi	x28,x0,8	  x0:0x00000000 x28=0x00000008
         675000	        66	800000e8	7f34aeb7	lui	x29,0x7f34a	 x29=0x7f34a000
         685000	        67	800000ec	5aee8e93	addi	x29,x29,1454	 x29:0x7f34a000 x29=0x7f34a5ae
         695000	        68	800000f0	f27fbf37	lui	x30,0xf27fb	 x30=0xf27fb000
         705000	        69	800000f4	05af0f13	addi	x30,x30,90	 x30:0xf27fb000 x30=0xf27fb05a
         715000	        70	800000f8	00000f93	addi	x31,x0,0	  x0:0x00000000 x31=0x00000000
         725000	        71	800000fc	0000a697	auipc	x13,0xa	 x13=0x8000a0f8
         735000	        72	80000100	e8c68693	addi	x13,x13,-372	 x13:0x8000a0f8 x13=0x80009f84
         745000	        73	80000104	00001c17	auipc	x24,0x1	 x24=0x80001100
         755000	        74	80000108	7e4c0c13	addi	x24,x24,2020	 x24:0x80001100 x24=0x800018e4
         765000	        75	8000010c	c63dcf93	xori	x31,x27,-925	 x27:0x00000000 x31=0xfffffc63
         775000	        76	80000110	20ec0c13	addi	x24,x24,526	 x24:0x800018e4 x24=0x80001af2
         785000	        77	80000114	41958233	sub	x4,x11,x25	 x11:0x00000007 x25:0x80000000  x4=0x80000007
         795000	        78	80000118	01efdb93	srli	x23,x31,0x1e	 x31:0xfffffc63 x23=0x00000003
         805000	        79	8000011c	35ab2893	slti	x17,x22,858	 x22:0x00000000 x17=0x00000001
         815000	        80	80000120	01501a63	bne	x0,x21,80000134	  x0:0x00000000 x21:0x6bdefff2
         825000	        81	00000000	00000013	addi	x0,x0,0	  x0:0x00000000
         835000	        82	80000130	00000013	addi	x0,x0,0	  x0:0x00000000
         845000	        83	80000134	df3c0367	jalr	x6,x24,-525	 x24:0x80001af2  x6=0x80000134
         855000	        84	00000000	00000013	addi	x0,x0,0	  x0:0x00000000
         865000	        85	800018e4	00000013	addi	x0,x0,0	  x0:0x00000000
         875000	        86	800018e8	01ea5e63	bge	x20,x30,80001904	 x20:0xe461b8f1 x30:0xf27fb05a
         885000	        87	800018ec	40985613	srai	x12,x16,0x9	 x16:0x5dc70d56 x12=0x002ee386
         895000	        88	800018f0	01f683b3	add	x7,x13,x31	 x13:0x80009f84 x31:0xfffffc63  x7=0x80009be7
         905000	        89	800018f4	2e537d93	andi	x27,x6,741	  x6:0x80000134 x27=0x00000024
         915000	        90	800018f8	00b92cb3	slt	x25,x18,x11	 x18:0x00000000 x11:0x00000007 x25=0x00000001
         925000	        91	800018fc	3d0a6d37	lui	x26,0x3d0a6	 x26=0x3d0a6000
         935000	        92	80001900	69987f37	lui	x30,0x69987	 x30=0x69987000
         945000	        93	80001904	fd068693	addi	x13,x13,-48	 x13:0x80009f84 x13=0x80009f54
         955000	        94	80001908	0066a223	sw	x6,4(x13)	 x13:0x80009f54  x6:0x80000134 PA:0x80009f58
         965000	        95	8000190c	15486493	ori	x9,x16,340	 x16:0x5dc70d56  x9=0x5dc70d56
         975000	        96	80001910	40ba0533	sub	x10,x20,x11	 x20:0xe461b8f1 x11:0x00000007 x10=0xe461b8ea
         985000	        97	80001914	3b177513	andi	x10,x14,945	 x14:0xa4a049e7 x10=0x000001a1
         995000	        98	80001918	012a01b3	add	x3,x20,x18	 x20:0xe461b8f1 x18:0x00000000  x3=0xe461b8f1
        1005000	        99	8000191c	5d6a2a13	slti	x20,x20,1494	 x20:0xe461b8f1 x20=0x00000001
        1015000	       100	80001920	01005793	srli	x15,x0,0x10	  x0:0x00000000 x15=0x00000000
        1025000	       101	80001924	004dc933	xor	x18,x27,x4	 x27:0x00000024  x4:0x80000007 x18=0x80000023
        1035000	       102	80001928	01e4fbb3	and	x23,x9,x30	  x9:0x5dc70d56 x30:0x69987000 x23=0x49800000
        1045000	       103	8000192c	018122b3	slt	x5,x2,x24	  x2:0x80009fc4 x24:0x80001af2  x5=0x00000000
        1055000	       104	80001930	0012e663	bltu	x5,x1,8000193c	  x5:0x00000000  x1:0x00000000
        1065000	       105	80001934	013243b3	xor	x7,x4,x19	  x4:0x80000007 x19:0x80000000  x7=0x00000007
        1075000	       106	80001938	01a344b3	xor	x9,x6,x26	  x6:0x80000134 x26:0x3d0a6000  x9=0xbd0a6134
        1085000	       107	8000193c	e11ff36f	jal	x6,8000193c	  x6=0x8000193c
        1095000	       108	00000000	00000013	addi	x0,x0,0	  x0:0x00000000
        1105000	       109	80001748	00000013	addi	x0,x0,0	  x0:0x00000000
        1115000	       110	8000174c	404ed533	sra	x10,x29,x4	 x29:0x7f34a5ae  x4:0x80000007 x10=0x00fe694b
        1125000	       111	80001750	36a7c793	xori	x15,x15,874	 x15:0x00000000 x15=0x0000036a
        1135000	       112	80001754	00769a93	slli	x21,x13,0x7	 x13:0x80009f54 x21=0x004faa00
        1145000	       113	80001758	0057fe33	and	x28,x15,x5	 x15:0x0000036a  x5:0x00000000 x28=0x00000000
        1155000	       114	8000175c	dcff4c13	xori	x24,x30,-561	 x30:0x69987000 x24=0x96678dcf
        1165000	       115	80001760	fd868693	addi	x13,x13,-40	 x13:0x80009f54 x13=0x80009f2c
        1175000	       116	80001764	0177dc13	srli	x24,x15,0x17	 x15:0x0000036a x24=0x00000000
        1185000	       117	80001768	0066a223	sw	x6,4(x13)	 x13:0x80009f2c  x6:0x8000193c PA:0x80009f30
        1195000	       118	8000176c	01fd1f93	slli	x31,x26,0x1f	 x26:0x3d0a6000 x31=0x00000000
        1205000	       119	80001770	fae3a293	slti	x5,x7,-82	  x7:0x00000007  x5=0x00000000
        1215000	       120	80001774	404fd533	sra	x10,x31,x4	 x31:0x00000000  x4:0x80000007 x10=0x00000000
        1225000	       121	80001778	6797b793	sltiu	x15,x15,1657	 x15:0x0000036a x15=0x00000001
        1235000	       122	8000177c	00816a63	bltu	x2,x8,80001790	  x2:0x80009fc4  x8:0xf8527bbd
        1245000	       123	00000000	00000013	addi	x0,x0,0	  x0:0x00000000
        1255000	       124	8000178c	00000013	addi	x0,x0,0	  x0:0x00000000
        1265000	       125	80001790	72682d93	slti	x27,x16,1830	 x16:0x5dc70d56 x27=0x00000000
        1275000	       126	80001794	00967c33	and	x24,x12,x9	 x12:0x002ee386  x9:0xbd0a6134 x24=0x000a6104
        1285000	       127	80001798	00f6e7b3	or	x15,x13,x15	 x13:0x80009f2c x15:0x00000001 x15=0x80009f2d
        1295000	       128	8000179c	0164a1b3	slt	x3,x9,x22	  x9:0xbd0a6134 x22:0x00000000  x3=0x00000001
        1305000	       129	800017a0	fabee493	ori	x9,x29,-85	 x29:0x7f34a5ae  x9=0xffffffaf
        1315000	       130	800017a4	01113533	sltu	x10,x2,x17	  x2:0x80009fc4 x17:0x00000001 x10=0x00000000
        1325000	       131	800017a8	bbd3c017	auipc	x0,0xbbd3c	
        1335000	       132	800017ac	a1b8b237	lui	x4,0xa1b8b	  x4=0xa1b8b000
        1345000	       133	800017b0	e5272213	slti	x4,x14,-430	 x14:0xa4a049e7  x4=0x00000001
        1355000	       134	800017b4	c606ff93	andi	x31,x13,-928	 x13:0x80009f2c x31=0x80009c20
        1365000	       135	800017b8	409fd813	srai	x16,x31,0x9	 x31:0x80009c20 x16=0xffc0004e
        1375000	       136	800017bc	40db0eb3	sub	x29,x22,x13	 x22:0x00000000 x13:0x80009f2c x29=0x7fff60d4
        1385000	       137	800017c0	02780e63	beq	x16,x7,800017fc	 x16:0xffc0004e  x7:0x00000007
        1395000	       138	800017c4	40218433	sub	x8,x3,x2	  x3:0x00000001  x2:0x80009fc4  x8=0x7fff603d
        1405000	       139	800017c8	03bd0a63	beq	x26,x27,800017fc	 x26:0x3d0a6000 x27:0x00000000
        1415000	       140	800017cc	02f57863	bgeu	x10,x15,800017fc	 x10:0x00000000 x15:0x80009f2d
        1425000	       141	800017d0	28e66f93	ori	x31,x12,654	 x12:0x002ee386 x31=0x002ee38e
        1435000	       142	800017d4	f1ad8d13	addi	x26,x27,-230	 x27:0x00000000 x26=0xffffff1a
        1445000	       143	800017d8	31cef8b7	lui	x17,0x31cef	 x17=0x31cef000
        1455000	       144	800017dc	01cd0b33	add	x22,x26,x28	 x26:0xffffff1a x28:0x00000000 x22=0xffffff1a
        1465000	       145	800017e0	0038ee63	bltu	x17,x3,800017fc	 x17:0x31cef000  x3:0x00000001
        1475000	       146	800017e4	01f55263	bge	x10,x31,800017e8	 x10:0x00000000 x31:0x002ee38e
        1485000	       147	800017e8	01804a63	blt	x0,x24,800017fc	  x0:0x00000000 x24:0x000a6104
        1495000	       148	00000000	00000013	addi	x0,x0,0	  x0:0x00000000
        1505000	       149	800017f8	00000013	addi	x0,x0,0	  x0:0x00000000
        1515000	       150	800017fc	019e0833	add	x16,x28,x25	 x28:0x00000000 x25:0x00000001 x16=0x00000001
        1525000	       151	80001800	0046a303	lw	x6,4(x13)	 x13:0x80009f2c  x6=0x8000193c PA:0x80009f30
        1535000	       152	80001804	5e94bf93	sltiu	x31,x9,1513	  x9:0xffffffaf x31=0x00000000
        1545000	       153	80001808	01cbc933	xor	x18,x23,x28	 x23:0x49800000 x28:0x00000000 x18=0x49800000
        1555000	       154	8000180c	00aa4b33	xor	x22,x20,x10	 x20:0x00000001 x10:0x00000000 x22=0x00000001
        1565000	       155	80001810	d90dce93	xori	x29,x27,-624	 x27:0x00000000 x29=0xfffffd90
        1575000	       156	80001814	00cda533	slt	x10,x27,x12	 x27:0x00000000 x12:0x002ee386 x10=0x00000001
        1585000	       157	80001818	02868693	addi	x13,x13,40	 x13:0x80009f2c x13=0x80009f54
        1595000	       158	8000181c	01b32033	slt	x0,x6,x27	  x6:0x8000193c x27:0x00000000
        1605000	       159	80001820	0065dc13	srli	x24,x11,0x6	 x11:0x00000007 x24=0x00000000
        1615000	       160	80001824	4b1af497	auipc	x9,0x4b1af	  x9=0xcb1b0820
        1625000	       161	80001828	41035433	sra	x8,x6,x16	  x6:0x8000193c x16:0x00000001  x8=0xc0000c9e
        1635000	       162	8000182c	00030293	addi	x5,x6,0	  x6:0x8000193c  x5=0x8000193c
        1645000	       163	80001830	000282e7	jalr	x5,x5,0	  x5:0x8000193c  x5=0x80001830
        1655000	       164	00000000	00000013	addi	x0,x0,0	  x0:0x00000000
        1665000	       165	8000193c	00000013	addi	x0,x0,0	  x0:0x00000000
        1675000	       166	80001940	fffff797	auipc	x15,0xfffff	 x15=0x8000093c
        1685000	       167	80001944	9f078793	addi	x15,x15,-1552	 x15:0x8000093c x15=0x8000032c
        1695000	       168	80001948	003ce233	or	x4,x25,x3	 x25:0x00000001  x3:0x00000001  x4=0x00000001
        1705000	       169	8000194c	3055f213	andi	x4,x11,773	 x11:0x00000007  x4=0x00000005
        1715000	       170	80001950	0f678793	addi	x15,x15,246	 x15:0x8000032c x15=0x80000422
        1725000	       171	80001954	01fd09b3	add	x19,x26,x31	 x26:0xffffff1a x31:0x00000000 x19=0xffffff1a
        1735000	       172	80001958	0104da13	srli	x20,x9,0x10	  x9:0xcb1b0820 x20=0x0000cb1b
        1745000	       173	8000195c	01291863	bne	x18,x18,8000196c	 x18:0x49800000 x18:0x49800000
        1755000	       174	80001960	018b9d13	slli	x26,x23,0x18	 x23:0x49800000 x26=0x00000000
        1765000	       175	80001964	e8721617	auipc	x12,0xe8721	 x12=0x68722960
        1775000	       176	80001968	0054dc33	srl	x24,x9,x5	  x9:0xcb1b0820  x5:0x80001830 x24=0x0000cb1b
        1785000	       177	8000196c	f0a78367	jalr	x6,x15,-246	 x15:0x80000422  x6=0x8000196c
        1795000	       178	00000000	00000013	addi	x0,x0,0	  x0:0x00000000
        1805000	       179	8000032c	00000013	addi	x0,x0,0	  x0:0x00000000
        1815000	       180	80000330	12412a13	slti	x20,x2,292	  x2:0x80009fc4 x20=0x00000001
        1825000	       181	80000334	406c5193	srai	x3,x24,0x6	 x24:0x0000cb1b  x3=0x0000032c
        1835000	       182	80000338	01285663	bge	x16,x18,80000344	 x16:0x00000001 x18:0x49800000
        1845000	       183	8000033c	40eb8b33	sub	x22,x23,x14	 x23:0x49800000 x14:0xa4a049e7 x22=0xa4dfb619
        1855000	       184	80000340	c75c6a93	ori	x21,x24,-907	 x24:0x0000cb1b x21=0xffffff7f
        1865000	       185	80000344	fec68693	addi	x13,x13,-20	 x13:0x80009f54 x13=0x80009f40
        1875000	       186	80000348	92c73a37	lui	x20,0x92c73	 x20=0x92c73000
        1885000	       187	8000034c	d8152913	slti	x18,x10,-639	 x10:0x00000001 x18=0x00000000
        1895000	       188	80000350	0066a223	sw	x6,4(x13)	 x13:0x80009f40  x6:0x8000196c PA:0x80009f44
        1905000	       189	80000354	40e15633	sra	x12,x2,x14	  x2:0x80009fc4 x14:0xa4a049e7 x12=0xff00013f
        1915000	       190	80000358	1fc8c537	lui	x10,0x1fc8c	 x10=0x1fc8c000
        1925000	       191	8000035c	01ec8a63	beq	x25,x30,80000370	 x25:0x00000001 x30:0x69987000
        1935000	       192	80000360	00560933	add	x18,x12,x5	 x12:0xff00013f  x5:0x80001830 x18=0x7f00196f
        1945000	       193	80000364	05c60e93	addi	x29,x12,92	 x12:0xff00013f x29=0xff00019b
        1955000	       194	80000368	37f5be13	sltiu	x28,x11,895	 x11:0x00000007 x28=0x00000001
        1965000	       195	8000036c	01faa4b3	slt	x9,x21,x31	 x21:0xffffff7f x31:0x00000000  x9=0x00000001
        1975000	       196	80000370	1e84c2b7	lui	x5,0x1e84c	  x5=0x1e84c000
        1985000	       197	80000374	40a3dc93	srai	x25,x7,0xa	  x7:0x00000007 x25=0x00000000
        1995000	       198	80000378	d6fa9bb7	lui	x23,0xd6fa9	 x23=0xd6fa9000
        2005000	       199	8000037c	18422813	slti	x16,x4,388	  x4:0x00000005 x16=0x00000001
        2015000	       200	80000380	007583b3	add	x7,x11,x7	 x11:0x00000007  x7:0x00000007  x7=0x0000000e
        2025000	       201	80000384	01f38f33	add	x30,x7,x31	  x7:0x0000000e x31:0x00000000 x30=0x0000000e
        2035000	       202	80000388	ade32f13	slti	x30,x6,-1314	  x6:0x8000196c x30=0x00000001
        2045000	       203	8000038c	00399fb3	sll	x31,x19,x3	 x19:0xffffff1a  x3:0x0000032c x31=0xfff1a000
        2055000	       204	80000390	46fb4b13	xori	x22,x22,1135	 x22:0xa4dfb619 x22=0xa4dfb276
        2065000	       205	80000394	0046a303	lw	x6,4(x13)	 x13:0x80009f40  x6=0x8000196c PA:0x80009f44
        2075000	       206	80000398	00eb3bb3	sltu	x23,x22,x14	 x22:0xa4dfb276 x14:0xa4a049e7 x23=0x00000000
        2085000	       207	8000039c	01468693	addi	x13,x13,20	 x13:0x80009f40 x13=0x80009f54
        2095000	       208	800003a0	01b91e33	sll	x28,x18,x27	 x18:0x7f00196f x27:0x00000000 x28=0x7f00196f
        2105000	       209	800003a4	00030293	addi	x5,x6,0	  x6:0x8000196c  x5=0x8000196c
        2115000	       210	800003a8	000282e7	jalr	x5,x5,0	  x5:0x8000196c  x5=0x800003a8
        2125000	       211	00000000	00000013	addi	x0,x0,0	  x0:0x00000000
        2135000	       212	8000196c	00000013	addi	x0,x0,0	  x0:0x00000000
        2145000	       213	80001970	00800b93	addi	x23,x0,8	  x0:0x00000000 x23=0x00000008
        2155000	       214	80001974	2c0c9797	auipc	x15,0x2c0c9	 x15=0xac0ca970
        2165000	       215	80001978	00800c13	addi	x24,x0,8	  x0:0x00000000 x24=0x00000008
        2175000	       216	8000197c	4174d033	sra	x0,x9,x23	  x9:0x00000001 x23:0x00000008
        2185000	       217	80001980	01a249b3	xor	x19,x4,x26	  x4:0x00000005 x26:0x00000000 x19=0x00000005
        2195000	       218	80001984	0094d213	srli	x4,x9,0x9	  x9:0x00000001  x4=0x00000000
        2205000	       219	80001988	ffcb8b93	addi	x23,x23,-4	 x23:0x00000008 x23=0x00000004
        2215000	       220	8000198c	ff600893	addi	x17,x0,-10	  x0:0x00000000 x17=0xfffffff6
        2225000	       221	80001990	00a00813	addi	x16,x0,10	  x0:0x00000000 x16=0x0000000a
        2235000	       222	80001994	6ad4a037	lui	x0,0x6ad4a	
        2245000	       223	80001998	00a88893	addi	x17,x17,10	 x17:0xfffffff6 x17=0x00000000
        2255000	       224	8000199c	00c70db3	add	x27,x14,x12	 x14:0xa4a049e7 x12:0xff00013f x27=0xa3a04b26
        2265000	       225	800019a0	ff089ae3	bne	x17,x16,80001994	 x17:0x00000000 x16:0x0000000a
        2275000	       226	00000000	00000013	addi	x0,x0,0	  x0:0x00000000
        2285000	       227	80001990	00000013	addi	x0,x0,0	  x0:0x00000000
        2295000	       228	80001994	6ad4a037	lui	x0,0x6ad4a	
        2305000	       229	80001998	00a88893	addi	x17,x17,10	 x17:0x00000000 x17=0x0000000a
        2315000	       230	8000199c	00c70db3	add	x27,x14,x12	 x14:0xa4a049e7 x12:0xff00013f x27=0xa3a04b26
        2325000	       231	800019a0	ff089ae3	bne	x17,x16,80001994	 x17:0x0000000a x16:0x0000000a
        2335000	       232	800019a4	fd8bfee3	bgeu	x23,x24,80001980	 x23:0x00000004 x24:0x00000008
        2345000	       233	800019a8	41700f33	sub	x30,x0,x23	  x0:0x00000000 x23:0x00000004 x30=0xfffffffc
        2355000	       234	800019ac	00800793	addi	x15,x0,8	  x0:0x00000000 x15=0x00000008
        2365000	       235	800019b0	21e68537	lui	x10,0x21e68	 x10=0x21e68000
        2375000	       236	800019b4	01619d13	slli	x26,x3,0x16	  x3:0x0000032c x26=0xcb000000
        2385000	       237	800019b8	0046dab3	srl	x21,x13,x4	 x13:0x80009f54  x4:0x00000000 x21=0x80009f54
        2395000	       238	800019bc	d287ad93	slti	x27,x15,-728	 x15:0x00000008 x27=0x00000000
        2405000	       239	800019c0	01fa1013	slli	x0,x20,0x1f	 x20:0x92c73000
        2415000	       240	800019c4	00800593	addi	x11,x0,8	  x0:0x00000000 x11=0x00000008
        2425000	       241	800019c8	0126db93	srli	x23,x13,0x12	 x13:0x80009f54 x23=0x00002000
        2435000	       242	800019cc	f9aa2293	slti	x5,x20,-102	 x20:0x92c73000  x5=0x00000001
        2445000	       243	800019d0	17b7bb93	sltiu	x23,x15,379	 x15:0x00000008 x23=0x00000001
        2455000	       244	800019d4	4009d933	sra	x18,x19,x0	 x19:0x00000005  x0:0x00000000 x18=0x00000005
        2465000	       245	800019d8	41260833	sub	x16,x12,x18	 x12:0xff00013f x18:0x00000005 x16=0xff00013a
        2475000	       246	800019dc	ff978793	addi	x15,x15,-7	 x15:0x00000008 x15=0x00000001
        2485000	       247	800019e0	00ed19b3	sll	x19,x26,x14	 x26:0xcb000000 x14:0xa4a049e7 x19=0x80000000
        2495000	       248	800019e4	00000193	addi	x3,x0,0	  x0:0x00000000  x3=0x00000000
        2505000	       249	800019e8	41658cb3	sub	x25,x11,x22	 x11:0x00000008 x22:0xa4dfb276 x25=0x5b204d92
        2515000	       250	800019ec	00d00413	addi	x8,x0,13	  x0:0x00000000  x8=0x0000000d
        2525000	       251	800019f0	013d1b13	slli	x22,x26,0x13	 x26:0xcb000000 x22=0x00000000
        2535000	       252	800019f4	c8b63a93	sltiu	x21,x12,-885	 x12:0xff00013f x21=0x00000001
        2545000	       253	800019f8	0007a533	slt	x10,x15,x0	 x15:0x00000001  x0:0x00000000 x10=0x00000000
        2555000	       254	800019fc	2645ca93	xori	x21,x11,612	 x11:0x00000008 x21=0x0000026c
        2565000	       255	80001a00	6df22293	slti	x5,x4,1759	  x4:0x00000000  x5=0x00000001
        2575000	       256	80001a04	00318193	addi	x3,x3,3	  x3:0x00000000  x3=0x00000003
        2585000	       257	80001a08	01269c13	slli	x24,x13,0x12	 x13:0x80009f54 x24=0x7d500000
        2595000	       258	80001a0c	414bd533	sra	x10,x23,x20	 x23:0x00000001 x20:0x92c73000 x10=0x00000001
        2605000	       259	80001a10	fe81c2e3	blt	x3,x8,800019f4	  x3:0x00000003  x8:0x0000000d
        2615000	       260	00000000	00000013	addi	x0,x0,0	  x0:0x00000000
        2625000	       261	800019f0	00000013	addi	x0,x0,0	  x0:0x00000000
        2635000	       262	800019f4	c8b63a93	sltiu	x21,x12,-885	 x12:0xff00013f x21=0x00000001
        2645000	       263	800019f8	0007a533	slt	x10,x15,x0	 x15:0x00000001  x0:0x00000000 x10=0x00000000
        2655000	       264	800019fc	2645ca93	xori	x21,x11,612	 x11:0x00000008 x21=0x0000026c
        2665000	       265	80001a00	6df22293	slti	x5,x4,1759	  x4:0x00000000  x5=0x00000001
        2675000	       266	80001a04	00318193	addi	x3,x3,3	  x3:0x00000003  x3=0x00000006
        2685000	       267	80001a08	01269c13	slli	x24,x13,0x12	 x13:0x80009f54 x24=0x7d500000
        2695000	       268	80001a0c	414bd533	sra	x10,x23,x20	 x23:0x00000001 x20:0x92c73000 x10=0x00000001
        2705000	       269	80001a10	fe81c2e3	blt	x3,x8,800019f4	  x3:0x00000006  x8:0x0000000d
        2715000	       270	00000000	00000013	addi	x0,x0,0	  x0:0x00000000
        2725000	       271	800019f0	00000013	addi	x0,x0,0	  x0:0x00000000
        2735000	       272	800019f4	c8b63a93	sltiu	x21,x12,-885	 x12:0xff00013f x21=0x00000001
        2745000	       273	800019f8	0007a533	slt	x10,x15,x0	 x15:0x00000001  x0:0x00000000 x10=0x00000000
        2755000	       274	800019fc	2645ca93	xori	x21,x11,612	 x11:0x00000008 x21=0x0000026c
        2765000	       275	80001a00	6df22293	slti	x5,x4,1759	  x4:0x00000000  x5=0x00000001
        2775000	       276	80001a04	00318193	addi	x3,x3,3	  x3:0x00000006  x3=0x00000009
        2785000	       277	80001a08	01269c13	slli	x24,x13,0x12	 x13:0x80009f54 x24=0x7d500000
        2795000	       278	80001a0c	414bd533	sra	x10,x23,x20	 x23:0x00000001 x20:0x92c73000 x10=0x00000001
        2805000	       279	80001a10	fe81c2e3	blt	x3,x8,800019f4	  x3:0x00000009  x8:0x0000000d
        2815000	       280	00000000	00000013	addi	x0,x0,0	  x0:0x00000000
        2825000	       281	800019f0	00000013	addi	x0,x0,0	  x0:0x00000000
        2835000	       282	800019f4	c8b63a93	sltiu	x21,x12,-885	 x12:0xff00013f x21=0x00000001
        2845000	       283	800019f8	0007a533	slt	x10,x15,x0	 x15:0x00000001  x0:0x00000000 x10=0x00000000
        2855000	       284	800019fc	2645ca93	xori	x21,x11,612	 x11:0x00000008 x21=0x0000026c
        2865000	       285	80001a00	6df22293	slti	x5,x4,1759	  x4:0x00000000  x5=0x00000001
        2875000	       286	80001a04	00318193	addi	x3,x3,3	  x3:0x00000009  x3=0x0000000c
        2885000	       287	80001a08	01269c13	slli	x24,x13,0x12	 x13:0x80009f54 x24=0x7d500000
        2895000	       288	80001a0c	414bd533	sra	x10,x23,x20	 x23:0x00000001 x20:0x92c73000 x10=0x00000001
        2905000	       289	80001a10	fe81c2e3	blt	x3,x8,800019f4	  x3:0x0000000c  x8:0x0000000d
        2915000	       290	00000000	00000013	addi	x0,x0,0	  x0:0x00000000
        2925000	       291	800019f0	00000013	addi	x0,x0,0	  x0:0x00000000
        2935000	       292	800019f4	c8b63a93	sltiu	x21,x12,-885	 x12:0xff00013f x21=0x00000001
        2945000	       293	800019f8	0007a533	slt	x10,x15,x0	 x15:0x00000001  x0:0x00000000 x10=0x00000000
        2955000	       294	800019fc	2645ca93	xori	x21,x11,612	 x11:0x00000008 x21=0x0000026c
        2965000	       295	80001a00	6df22293	slti	x5,x4,1759	  x4:0x00000000  x5=0x00000001
        2975000	       296	80001a04	00318193	addi	x3,x3,3	  x3:0x0000000c  x3=0x0000000f
        2985000	       297	80001a08	01269c13	slli	x24,x13,0x12	 x13:0x80009f54 x24=0x7d500000
        2995000	       298	80001a0c	414bd533	sra	x10,x23,x20	 x23:0x00000001 x20:0x92c73000 x10=0x00000001
        3005000	       299	80001a10	fe81c2e3	blt	x3,x8,800019f4	  x3:0x0000000f  x8:0x0000000d
        3015000	       300	80001a14	010d2bb3	slt	x23,x26,x16	 x26:0xcb000000 x16:0xff00013a x23=0x00000001
        3025000	       301	80001a18	4099da93	srai	x21,x19,0x9	 x19:0x80000000 x21=0xffc00000
        3035000	       302	80001a1c	fab7fae3	bgeu	x15,x11,800019d0	 x15:0x00000001 x11:0x00000008
        3045000	       303	80001a20	66a93837	lui	x16,0x66a93	 x16=0x66a93000
        3055000	       304	80001a24	ffa00b93	addi	x23,x0,-6	  x0:0x00000000 x23=0xfffffffa
        3065000	       305	80001a28	00a62633	slt	x12,x12,x10	 x12:0xff00013f x10:0x00000001 x12=0x00000001
        3075000	       306	80001a2c	00100f93	addi	x31,x0,1	  x0:0x00000000 x31=0x00000001
        3085000	       307	80001a30	00029893	slli	x17,x5,0x0	  x5:0x00000001 x17=0x00000001
        3095000	       308	80001a34	014bbb33	sltu	x22,x23,x20	 x23:0xfffffffa x20:0x92c73000 x22=0x00000000
        3105000	       309	80001a38	007b8b93	addi	x23,x23,7	 x23:0xfffffffa x23=0x00000001
        3115000	       310	80001a3c	00600093	addi	x1,x0,6	  x0:0x00000000  x1=0x00000006
        3125000	       311	80001a40	01100413	addi	x8,x0,17	  x0:0x00000000  x8=0x00000011
        3135000	       312	80001a44	ad5ebb37	lui	x22,0xad5eb	 x22=0xad5eb000
        3145000	       313	80001a48	38f72513	slti	x10,x14,911	 x14:0xa4a049e7 x10=0x00000001
        3155000	       314	80001a4c	00308093	addi	x1,x1,3	  x1:0x00000006  x1=0x00000009
        3165000	       315	80001a50	01b06833	or	x16,x0,x27	  x0:0x00000000 x27:0x00000000 x16=0x00000000
        3175000	       316	80001a54	fe80eae3	bltu	x1,x8,80001a48	  x1:0x00000009  x8:0x00000011
        3185000	       317	00000000	00000013	addi	x0,x0,0	  x0:0x00000000
        3195000	       318	80001a44	00000013	addi	x0,x0,0	  x0:0x00000000
        3205000	       319	80001a48	38f72513	slti	x10,x14,911	 x14:0xa4a049e7 x10=0x00000001
        3215000	       320	80001a4c	00308093	addi	x1,x1,3	  x1:0x00000009  x1=0x0000000c
        3225000	       321	80001a50	01b06833	or	x16,x0,x27	  x0:0x00000000 x27:0x00000000 x16=0x00000000
        3235000	       322	80001a54	fe80eae3	bltu	x1,x8,80001a48	  x1:0x0000000c  x8:0x00000011
        3245000	       323	00000000	00000013	addi	x0,x0,0	  x0:0x00000000
        3255000	       324	80001a44	00000013	addi	x0,x0,0	  x0:0x00000000
        3265000	       325	80001a48	38f72513	slti	x10,x14,911	 x14:0xa4a049e7 x10=0x00000001
        3275000	       326	80001a4c	00308093	addi	x1,x1,3	  x1:0x0000000c  x1=0x0000000f
        3285000	       327	80001a50	01b06833	or	x16,x0,x27	  x0:0x00000000 x27:0x00000000 x16=0x00000000
        3295000	       328	80001a54	fe80eae3	bltu	x1,x8,80001a48	  x1:0x0000000f  x8:0x00000011
        3305000	       329	00000000	00000013	addi	x0,x0,0	  x0:0x00000000
        3315000	       330	80001a44	00000013	addi	x0,x0,0	  x0:0x00000000
        3325000	       331	80001a48	38f72513	slti	x10,x14,911	 x14:0xa4a049e7 x10=0x00000001
        3335000	       332	80001a4c	00308093	addi	x1,x1,3	  x1:0x0000000f  x1=0x00000012
        3345000	       333	80001a50	01b06833	or	x16,x0,x27	  x0:0x00000000 x27:0x00000000 x16=0x00000000
        3355000	       334	80001a54	fe80eae3	bltu	x1,x8,80001a48	  x1:0x00000012  x8:0x00000011
        3365000	       335	80001a58	01465493	srli	x9,x12,0x14	 x12:0x00000001  x9=0x00000000
        3375000	       336	80001a5c	fdfbece3	bltu	x23,x31,80001a34	 x23:0x00000001 x31:0x00000001
        3385000	       337	80001a60	01082993	slti	x19,x16,16	 x16:0x00000000 x19=0x00000001
        3395000	       338	80001a64	00200093	addi	x1,x0,2	  x0:0x00000000  x1=0x00000002
        3405000	       339	80001a68	00e2ac33	slt	x24,x5,x14	  x5:0x00000001 x14:0xa4a049e7 x24=0x00000000
        3415000	       340	80001a6c	001aa933	slt	x18,x21,x1	 x21:0xffc00000  x1:0x00000002 x18=0x00000001
        3425000	       341	80001a70	01e6da33	srl	x20,x13,x30	 x13:0x80009f54 x30:0xfffffffc x20=0x00000008
        3435000	       342	80001a74	00684933	xor	x18,x16,x6	 x16:0x00000000  x6:0x8000196c x18=0x8000196c
        3445000	       343	80001a78	fff00d93	addi	x27,x0,-1	  x0:0x00000000 x27=0xffffffff
        3455000	       344	80001a7c	0182d033	srl	x0,x5,x24	  x5:0x00000001 x24:0x00000000
        3465000	       345	80001a80	00000013	addi	x0,x0,0	  x0:0x00000000
        3475000	       346	80001a84	45937d17	auipc	x26,0x45937	 x26=0xc5938a80
        3485000	       347	80001a88	ffd08093	addi	x1,x1,-3	  x1:0x00000002  x1=0xffffffff
        3495000	       348	80001a8c	ffe00e13	addi	x28,x0,-2	  x0:0x00000000 x28=0xfffffffe
        3505000	       349	80001a90	00c00393	addi	x7,x0,12	  x0:0x00000000  x7=0x0000000c
        3515000	       350	80001a94	00000013	addi	x0,x0,0	  x0:0x00000000
        3525000	       351	80001a98	403e02b3	sub	x5,x28,x3	 x28:0xfffffffe  x3:0x0000000f  x5=0xffffffef
        3535000	       352	80001a9c	001e0e13	addi	x28,x28,1	 x28:0xfffffffe x28=0xffffffff
        3545000	       353	80001aa0	01e9bbb3	sltu	x23,x19,x30	 x19:0x00000001 x30:0xfffffffc x23=0x00000001
        3555000	       354	80001aa4	004f9993	slli	x19,x31,0x4	 x31:0x00000001 x19=0x00000010
        3565000	       355	80001aa8	fe7e08e3	beq	x28,x7,80001a98	 x28:0xffffffff  x7:0x0000000c
        3575000	       356	80001aac	0032e233	or	x4,x5,x3	  x5:0xffffffef  x3:0x0000000f  x4=0xffffffef
        3585000	       357	80001ab0	93a2b493	sltiu	x9,x5,-1734	  x5:0xffffffef  x9=0x00000000
        3595000	       358	80001ab4	fdb098e3	bne	x1,x27,80001a84	  x1:0xffffffff x27:0xffffffff
        3605000	       359	80001ab8	019c1313	slli	x6,x24,0x19	 x24:0x00000000  x6=0x00000000
        3615000	       360	80001abc	ff900893	addi	x17,x0,-7	  x0:0x00000000 x17=0xfffffff9
        3625000	       361	80001ac0	ff200f93	addi	x31,x0,-14	  x0:0x00000000 x31=0xfffffff2
        3635000	       362	80001ac4	dde57c93	andi	x25,x10,-546	 x10:0x00000001 x25=0x00000000
        3645000	       363	80001ac8	ff988893	addi	x17,x17,-7	 x17:0xfffffff9 x17=0xfffffff2
        3655000	       364	80001acc	ffc00a13	addi	x20,x0,-4	  x0:0x00000000 x20=0xfffffffc
        3665000	       365	80001ad0	01400913	addi	x18,x0,20	  x0:0x00000000 x18=0x00000014
        3675000	       366	80001ad4	001404b3	add	x9,x8,x1	  x8:0x00000011  x1:0xffffffff  x9=0x00000010
        3685000	       367	80001ad8	32f96237	lui	x4,0x32f96	  x4=0x32f96000
        3695000	       368	80001adc	ebca2e37	lui	x28,0xebca2	 x28=0xebca2000
        3705000	       369	80001ae0	009a0a13	addi	x20,x20,9	 x20:0xfffffffc x20=0x00000005
        3715000	       370	80001ae4	ff2a6ae3	bltu	x20,x18,80001ad8	 x20:0x00000005 x18:0x00000014
        3725000	       371	00000000	00000013	addi	x0,x0,0	  x0:0x00000000
        3735000	       372	80001ad4	00000013	addi	x0,x0,0	  x0:0x00000000
        3745000	       373	80001ad8	32f96237	lui	x4,0x32f96	  x4=0x32f96000
        3755000	       374	80001adc	ebca2e37	lui	x28,0xebca2	 x28=0xebca2000
        3765000	       375	80001ae0	009a0a13	addi	x20,x20,9	 x20:0x00000005 x20=0x0000000e
        3775000	       376	80001ae4	ff2a6ae3	bltu	x20,x18,80001ad8	 x20:0x0000000e x18:0x00000014
        3785000	       377	00000000	00000013	addi	x0,x0,0	  x0:0x00000000
        3795000	       378	80001ad4	00000013	addi	x0,x0,0	  x0:0x00000000
        3805000	       379	80001ad8	32f96237	lui	x4,0x32f96	  x4=0x32f96000
        3815000	       380	80001adc	ebca2e37	lui	x28,0xebca2	 x28=0xebca2000
        3825000	       381	80001ae0	009a0a13	addi	x20,x20,9	 x20:0x0000000e x20=0x00000017
        3835000	       382	80001ae4	ff2a6ae3	bltu	x20,x18,80001ad8	 x20:0x00000017 x18:0x00000014
        3845000	       383	80001ae8	fdf89ee3	bne	x17,x31,80001ac4	 x17:0xfffffff2 x31:0xfffffff2
        3855000	       384	80001aec	27757d93	andi	x27,x10,631	 x10:0x00000001 x27=0x00000001
        3865000	       385	80001af0	ff700893	addi	x17,x0,-9	  x0:0x00000000 x17=0xfffffff7
        3875000	       386	80001af4	fed00813	addi	x16,x0,-19	  x0:0x00000000 x16=0xffffffed
        3885000	       387	80001af8	01c96e33	or	x28,x18,x28	 x18:0x00000014 x28:0xebca2000 x28=0xebca2014
        3895000	       388	80001afc	fff88893	addi	x17,x17,-1	 x17:0xfffffff7 x17=0xfffffff6
        3905000	       389	80001b00	ff08dce3	bge	x17,x16,80001af8	 x17:0xfffffff6 x16:0xffffffed
        3915000	       390	00000000	00000013	addi	x0,x0,0	  x0:0x00000000
        3925000	       391	80001af4	00000013	addi	x0,x0,0	  x0:0x00000000
        3935000	       392	80001af8	01c96e33	or	x28,x18,x28	 x18:0x00000014 x28:0xebca2014 x28=0xebca2014
        3945000	       393	80001afc	fff88893	addi	x17,x17,-1	 x17:0xfffffff6 x17=0xfffffff5
        3955000	       394	80001b00	ff08dce3	bge	x17,x16,80001af8	 x17:0xfffffff5 x16:0xffffffed
        3965000	       395	00000000	00000013	addi	x0,x0,0	  x0:0x00000000
        3975000	       396	80001af4	00000013	addi	x0,x0,0	  x0:0x00000000
        3985000	       397	80001af8	01c96e33	or	x28,x18,x28	 x18:0x00000014 x28:0xebca2014 x28=0xebca2014
        3995000	       398	80001afc	fff88893	addi	x17,x17,-1	 x17:0xfffffff5 x17=0xfffffff4
        4005000	       399	80001b00	ff08dce3	bge	x17,x16,80001af8	 x17:0xfffffff4 x16:0xffffffed
        4015000	       400	00000000	00000013	addi	x0,x0,0	  x0:0x00000000
        4025000	       401	80001af4	00000013	addi	x0,x0,0	  x0:0x00000000
        4035000	       402	80001af8	01c96e33	or	x28,x18,x28	 x18:0x00000014 x28:0xebca2014 x28=0xebca2014
        4045000	       403	80001afc	fff88893	addi	x17,x17,-1	 x17:0xfffffff4 x17=0xfffffff3
        4055000	       404	80001b00	ff08dce3	bge	x17,x16,80001af8	 x17:0xfffffff3 x16:0xffffffed
        4065000	       405	00000000	00000013	addi	x0,x0,0	  x0:0x00000000
        4075000	       406	80001af4	00000013	addi	x0,x0,0	  x0:0x00000000
        4085000	       407	80001af8	01c96e33	or	x28,x18,x28	 x18:0x00000014 x28:0xebca2014 x28=0xebca2014
        4095000	       408	80001afc	fff88893	addi	x17,x17,-1	 x17:0xfffffff3 x17=0xfffffff2
        4105000	       409	80001b00	ff08dce3	bge	x17,x16,80001af8	 x17:0xfffffff2 x16:0xffffffed
        4115000	       410	00000000	00000013	addi	x0,x0,0	  x0:0x00000000
        4125000	       411	80001af4	00000013	addi	x0,x0,0	  x0:0x00000000
        4135000	       412	80001af8	01c96e33	or	x28,x18,x28	 x18:0x00000014 x28:0xebca2014 x28=0xebca2014
        4145000	       413	80001afc	fff88893	addi	x17,x17,-1	 x17:0xfffffff2 x17=0xfffffff1
        4155000	       414	80001b00	ff08dce3	bge	x17,x16,80001af8	 x17:0xfffffff1 x16:0xffffffed
        4165000	       415	00000000	00000013	addi	x0,x0,0	  x0:0x00000000
        4175000	       416	80001af4	00000013	addi	x0,x0,0	  x0:0x00000000
        4185000	       417	80001af8	01c96e33	or	x28,x18,x28	 x18:0x00000014 x28:0xebca2014 x28=0xebca2014
        4195000	       418	80001afc	fff88893	addi	x17,x17,-1	 x17:0xfffffff1 x17=0xfffffff0
        4205000	       419	80001b00	ff08dce3	bge	x17,x16,80001af8	 x17:0xfffffff0 x16:0xffffffed
        4215000	       420	00000000	00000013	addi	x0,x0,0	  x0:0x00000000
        4225000	       421	80001af4	00000013	addi	x0,x0,0	  x0:0x00000000
        4235000	       422	80001af8	01c96e33	or	x28,x18,x28	 x18:0x00000014 x28:0xebca2014 x28=0xebca2014
        4245000	       423	80001afc	fff88893	addi	x17,x17,-1	 x17:0xfffffff0 x17=0xffffffef
        4255000	       424	80001b00	ff08dce3	bge	x17,x16,80001af8	 x17:0xffffffef x16:0xffffffed
        4265000	       425	00000000	00000013	addi	x0,x0,0	  x0:0x00000000
        4275000	       426	80001af4	00000013	addi	x0,x0,0	  x0:0x00000000
        4285000	       427	80001af8	01c96e33	or	x28,x18,x28	 x18:0x00000014 x28:0xebca2014 x28=0xebca2014
        4295000	       428	80001afc	fff88893	addi	x17,x17,-1	 x17:0xffffffef x17=0xffffffee
        4305000	       429	80001b00	ff08dce3	bge	x17,x16,80001af8	 x17:0xffffffee x16:0xffffffed
        4315000	       430	00000000	00000013	addi	x0,x0,0	  x0:0x00000000
        4325000	       431	80001af4	00000013	addi	x0,x0,0	  x0:0x00000000
        4335000	       432	80001af8	01c96e33	or	x28,x18,x28	 x18:0x00000014 x28:0xebca2014 x28=0xebca2014
        4345000	       433	80001afc	fff88893	addi	x17,x17,-1	 x17:0xffffffee x17=0xffffffed
        4355000	       434	80001b00	ff08dce3	bge	x17,x16,80001af8	 x17:0xffffffed x16:0xffffffed
        4365000	       435	00000000	00000013	addi	x0,x0,0	  x0:0x00000000
        4375000	       436	80001af4	00000013	addi	x0,x0,0	  x0:0x00000000
        4385000	       437	80001af8	01c96e33	or	x28,x18,x28	 x18:0x00000014 x28:0xebca2014 x28=0xebca2014
        4395000	       438	80001afc	fff88893	addi	x17,x17,-1	 x17:0xffffffed x17=0xffffffec
        4405000	       439	80001b00	ff08dce3	bge	x17,x16,80001af8	 x17:0xffffffec x16:0xffffffed
        4415000	       440	80001b04	c02e4193	xori	x3,x28,-1022	 x28:0xebca2014  x3=0x1435dc16
        4425000	       441	80001b08	00900893	addi	x17,x0,9	  x0:0x00000000 x17=0x00000009
        4435000	       442	80001b0c	db744193	xori	x3,x8,-585	  x8:0x00000011  x3=0xfffffda6
        4445000	       443	80001b10	01100593	addi	x11,x0,17	  x0:0x00000000 x11=0x00000011
        4455000	       444	80001b14	ba4be393	ori	x7,x23,-1116	 x23:0x00000001  x7=0xfffffba5
        4465000	       445	80001b18	41768a33	sub	x20,x13,x23	 x13:0x80009f54 x23:0x00000001 x20=0x80009f53
        4475000	       446	80001b1c	bfaf8093	addi	x1,x31,-1030	 x31:0xfffffff2  x1=0xfffffbec
        4485000	       447	80001b20	00388893	addi	x17,x17,3	 x17:0x00000009 x17=0x0000000c
        4495000	       448	80001b24	01aa5813	srli	x16,x20,0x1a	 x20:0x80009f53 x16=0x00000020
        4505000	       449	80001b28	fff00b93	addi	x23,x0,-1	  x0:0x00000000 x23=0xffffffff
        4515000	       450	80001b2c	006d5833	srl	x16,x26,x6	 x26:0xc5938a80  x6:0x00000000 x16=0xc5938a80
        4525000	       451	80001b30	00900d13	addi	x26,x0,9	  x0:0x00000000 x26=0x00000009
        4535000	       452	80001b34	01f24433	xor	x8,x4,x31	  x4:0x32f96000 x31:0xfffffff2  x8=0xcd069ff2
        4545000	       453	80001b38	00338e33	add	x28,x7,x3	  x7:0xfffffba5  x3:0xfffffda6 x28=0xfffff94b
        4555000	       454	80001b3c	00ab8b93	addi	x23,x23,10	 x23:0xffffffff x23=0x00000009
        4565000	       455	80001b40	00814c33	xor	x24,x2,x8	  x2:0x80009fc4  x8:0xcd069ff2 x24=0x4d060036
        4575000	       456	80001b44	41265193	srai	x3,x12,0x12	 x12:0x00000001  x3=0x00000000
        4585000	       457	80001b48	b3877213	andi	x4,x14,-1224	 x14:0xa4a049e7  x4=0xa4a04920
        4595000	       458	80001b4c	ffab86e3	beq	x23,x26,80001b38	 x23:0x00000009 x26:0x00000009
        4605000	       459	00000000	00000013	addi	x0,x0,0	  x0:0x00000000
        4615000	       460	80001b34	00000013	addi	x0,x0,0	  x0:0x00000000
        4625000	       461	80001b38	00338e33	add	x28,x7,x3	  x7:0xfffffba5  x3:0x00000000 x28=0xfffffba5
        4635000	       462	80001b3c	00ab8b93	addi	x23,x23,10	 x23:0x00000009 x23=0x00000013
        4645000	       463	80001b40	00814c33	xor	x24,x2,x8	  x2:0x80009fc4  x8:0xcd069ff2 x24=0x4d060036
        4655000	       464	80001b44	41265193	srai	x3,x12,0x12	 x12:0x00000001  x3=0x00000000
        4665000	       465	80001b48	b3877213	andi	x4,x14,-1224	 x14:0xa4a049e7  x4=0xa4a04920
        4675000	       466	80001b4c	ffab86e3	beq	x23,x26,80001b38	 x23:0x00000013 x26:0x00000009
        4685000	       467	80001b50	01bb1eb3	sll	x29,x22,x27	 x22:0xad5eb000 x27:0x00000001 x29=0x5abd6000
        4695000	       468	80001b54	41a104b3	sub	x9,x2,x26	  x2:0x80009fc4 x26:0x00000009  x9=0x80009fbb
        4705000	       469	80001b58	00bf13b3	sll	x7,x30,x11	 x30:0xfffffffc x11:0x00000011  x7=0xfff80000
        4715000	       470	80001b5c	a02cc393	xori	x7,x25,-1534	 x25:0x00000000  x7=0xfffffa02
        4725000	       471	80001b60	a80c3313	sltiu	x6,x24,-1408	 x24:0x4d060036  x6=0x00000001
        4735000	       472	80001b64	000231b3	sltu	x3,x4,x0	  x4:0xa4a04920  x0:0x00000000  x3=0x00000000
        4745000	       473	80001b68	2d2ff417	auipc	x8,0x2d2ff	  x8=0xad300b64
        4755000	       474	80001b6c	fab8e6e3	bltu	x17,x11,80001b18	 x17:0x0000000c x11:0x00000011
        4765000	       475	00000000	00000013	addi	x0,x0,0	  x0:0x00000000
        4775000	       476	80001b14	00000013	addi	x0,x0,0	  x0:0x00000000
        4785000	       477	80001b18	41768a33	sub	x20,x13,x23	 x13:0x80009f54 x23:0x00000013 x20=0x80009f41
        4795000	       478	80001b1c	bfaf8093	addi	x1,x31,-1030	 x31:0xfffffff2  x1=0xfffffbec
        4805000	       479	80001b20	00388893	addi	x17,x17,3	 x17:0x0000000c x17=0x0000000f
        4815000	       480	80001b24	01aa5813	srli	x16,x20,0x1a	 x20:0x80009f41 x16=0x00000020
        4825000	       481	80001b28	fff00b93	addi	x23,x0,-1	  x0:0x00000000 x23=0xffffffff
        4835000	       482	80001b2c	006d5833	srl	x16,x26,x6	 x26:0x00000009  x6:0x00000001 x16=0x00000004
        4845000	       483	80001b30	00900d13	addi	x26,x0,9	  x0:0x00000000 x26=0x00000009
        4855000	       484	80001b34	01f24433	xor	x8,x4,x31	  x4:0xa4a04920 x31:0xfffffff2  x8=0x5b5fb6d2
        4865000	       485	80001b38	00338e33	add	x28,x7,x3	  x7:0xfffffa02  x3:0x00000000 x28=0xfffffa02
        4875000	       486	80001b3c	00ab8b93	addi	x23,x23,10	 x23:0xffffffff x23=0x00000009
        4885000	       487	80001b40	00814c33	xor	x24,x2,x8	  x2:0x80009fc4  x8:0x5b5fb6d2 x24=0xdb5f2916
        4895000	       488	80001b44	41265193	srai	x3,x12,0x12	 x12:0x00000001  x3=0x00000000
        4905000	       489	80001b48	b3877213	andi	x4,x14,-1224	 x14:0xa4a049e7  x4=0xa4a04920
        4915000	       490	80001b4c	ffab86e3	beq	x23,x26,80001b38	 x23:0x00000009 x26:0x00000009
        4925000	       491	00000000	00000013	addi	x0,x0,0	  x0:0x00000000
        4935000	       492	80001b34	00000013	addi	x0,x0,0	  x0:0x00000000
        4945000	       493	80001b38	00338e33	add	x28,x7,x3	  x7:0xfffffa02  x3:0x00000000 x28=0xfffffa02
        4955000	       494	80001b3c	00ab8b93	addi	x23,x23,10	 x23:0x00000009 x23=0x00000013
        4965000	       495	80001b40	00814c33	xor	x24,x2,x8	  x2:0x80009fc4  x8:0x5b5fb6d2 x24=0xdb5f2916
        4975000	       496	80001b44	41265193	srai	x3,x12,0x12	 x12:0x00000001  x3=0x00000000
        4985000	       497	80001b48	b3877213	andi	x4,x14,-1224	 x14:0xa4a049e7  x4=0xa4a04920
        4995000	       498	80001b4c	ffab86e3	beq	x23,x26,80001b38	 x23:0x00000013 x26:0x00000009
        5005000	       499	80001b50	01bb1eb3	sll	x29,x22,x27	 x22:0xad5eb000 x27:0x00000001 x29=0x5abd6000
        5015000	       500	80001b54	41a104b3	sub	x9,x2,x26	  x2:0x80009fc4 x26:0x00000009  x9=0x80009fbb
        5025000	       501	80001b58	00bf13b3	sll	x7,x30,x11	 x30:0xfffffffc x11:0x00000011  x7=0xfff80000
        5035000	       502	80001b5c	a02cc393	xori	x7,x25,-1534	 x25:0x00000000  x7=0xfffffa02
        5045000	       503	80001b60	a80c3313	sltiu	x6,x24,-1408	 x24:0xdb5f2916  x6=0x00000001
        5055000	       504	80001b64	000231b3	sltu	x3,x4,x0	  x4:0xa4a04920  x0:0x00000000  x3=0x00000000
        5065000	       505	80001b68	2d2ff417	auipc	x8,0x2d2ff	  x8=0xad300b64
        5075000	       506	80001b6c	fab8e6e3	bltu	x17,x11,80001b18	 x17:0x0000000f x11:0x00000011
        5085000	       507	00000000	00000013	addi	x0,x0,0	  x0:0x00000000
        5095000	       508	80001b14	00000013	addi	x0,x0,0	  x0:0x00000000
        5105000	       509	80001b18	41768a33	sub	x20,x13,x23	 x13:0x80009f54 x23:0x00000013 x20=0x80009f41
        5115000	       510	80001b1c	bfaf8093	addi	x1,x31,-1030	 x31:0xfffffff2  x1=0xfffffbec
        5125000	       511	80001b20	00388893	addi	x17,x17,3	 x17:0x0000000f x17=0x00000012
        5135000	       512	80001b24	01aa5813	srli	x16,x20,0x1a	 x20:0x80009f41 x16=0x00000020
        5145000	       513	80001b28	fff00b93	addi	x23,x0,-1	  x0:0x00000000 x23=0xffffffff
        5155000	       514	80001b2c	006d5833	srl	x16,x26,x6	 x26:0x00000009  x6:0x00000001 x16=0x00000004
        5165000	       515	80001b30	00900d13	addi	x26,x0,9	  x0:0x00000000 x26=0x00000009
        5175000	       516	80001b34	01f24433	xor	x8,x4,x31	  x4:0xa4a04920 x31:0xfffffff2  x8=0x5b5fb6d2
        5185000	       517	80001b38	00338e33	add	x28,x7,x3	  x7:0xfffffa02  x3:0x00000000 x28=0xfffffa02
        5195000	       518	80001b3c	00ab8b93	addi	x23,x23,10	 x23:0xffffffff x23=0x00000009
        5205000	       519	80001b40	00814c33	xor	x24,x2,x8	  x2:0x80009fc4  x8:0x5b5fb6d2 x24=0xdb5f2916
        5215000	       520	80001b44	41265193	srai	x3,x12,0x12	 x12:0x00000001  x3=0x00000000
        5225000	       521	80001b48	b3877213	andi	x4,x14,-1224	 x14:0xa4a049e7  x4=0xa4a04920
        5235000	       522	80001b4c	ffab86e3	beq	x23,x26,80001b38	 x23:0x00000009 x26:0x00000009
        5245000	       523	00000000	00000013	addi	x0,x0,0	  x0:0x00000000
        5255000	       524	80001b34	00000013	addi	x0,x0,0	  x0:0x00000000
        5265000	       525	80001b38	00338e33	add	x28,x7,x3	  x7:0xfffffa02  x3:0x00000000 x28=0xfffffa02
        5275000	       526	80001b3c	00ab8b93	addi	x23,x23,10	 x23:0x00000009 x23=0x00000013
        5285000	       527	80001b40	00814c33	xor	x24,x2,x8	  x2:0x80009fc4  x8:0x5b5fb6d2 x24=0xdb5f2916
        5295000	       528	80001b44	41265193	srai	x3,x12,0x12	 x12:0x00000001  x3=0x00000000
        5305000	       529	80001b48	b3877213	andi	x4,x14,-1224	 x14:0xa4a049e7  x4=0xa4a04920
        5315000	       530	80001b4c	ffab86e3	beq	x23,x26,80001b38	 x23:0x00000013 x26:0x00000009
        5325000	       531	80001b50	01bb1eb3	sll	x29,x22,x27	 x22:0xad5eb000 x27:0x00000001 x29=0x5abd6000
        5335000	       532	80001b54	41a104b3	sub	x9,x2,x26	  x2:0x80009fc4 x26:0x00000009  x9=0x80009fbb
        5345000	       533	80001b58	00bf13b3	sll	x7,x30,x11	 x30:0xfffffffc x11:0x00000011  x7=0xfff80000
        5355000	       534	80001b5c	a02cc393	xori	x7,x25,-1534	 x25:0x00000000  x7=0xfffffa02
        5365000	       535	80001b60	a80c3313	sltiu	x6,x24,-1408	 x24:0xdb5f2916  x6=0x00000001
        5375000	       536	80001b64	000231b3	sltu	x3,x4,x0	  x4:0xa4a04920  x0:0x00000000  x3=0x00000000
        5385000	       537	80001b68	2d2ff417	auipc	x8,0x2d2ff	  x8=0xad300b64
        5395000	       538	80001b6c	fab8e6e3	bltu	x17,x11,80001b18	 x17:0x00000012 x11:0x00000011
        5405000	       539	80001b70	00ebf233	and	x4,x23,x14	 x23:0x00000013 x14:0xa4a049e7  x4=0x00000003
        5415000	       540	80001b74	00700513	addi	x10,x0,7	  x0:0x00000000 x10=0x00000007
        5425000	       541	80001b78	00c89633	sll	x12,x17,x12	 x17:0x00000012 x12:0x00000001 x12=0x00000024
        5435000	       542	80001b7c	00c00a93	addi	x21,x0,12	  x0:0x00000000 x21=0x0000000c
        5445000	       543	80001b80	00f01f33	sll	x30,x0,x15	  x0:0x00000000 x15:0x00000001 x30=0x00000000
        5455000	       544	80001b84	94152013	slti	x0,x10,-1727	 x10:0x00000007
        5465000	       545	80001b88	002e5f33	srl	x30,x28,x2	 x28:0xfffffa02  x2:0x80009fc4 x30=0x0fffffa0
        5475000	       546	80001b8c	001badb3	slt	x27,x23,x1	 x23:0x00000013  x1:0xfffffbec x27=0x00000000
        5485000	       547	80001b90	00550513	addi	x10,x10,5	 x10:0x00000007 x10=0x0000000c
        5495000	       548	80001b94	ff554ce3	blt	x10,x21,80001b8c	 x10:0x0000000c x21:0x0000000c
        5505000	       549	80001b98	009840b3	xor	x1,x16,x9	 x16:0x00000004  x9:0x80009fbb  x1=0x80009fbf
        5515000	       550	80001b9c	00300613	addi	x12,x0,3	  x0:0x00000000 x12=0x00000003
        5525000	       551	80001ba0	00300313	addi	x6,x0,3	  x0:0x00000000  x6=0x00000003
        5535000	       552	80001ba4	c93a7f93	andi	x31,x20,-877	 x20:0x80009f41 x31=0x80009c01
        5545000	       553	80001ba8	fff60613	addi	x12,x12,-1	 x12:0x00000003 x12=0x00000002
        5555000	       554	80001bac	00a00493	addi	x9,x0,10	  x0:0x00000000  x9=0x0000000a
        5565000	       555	80001bb0	01deef33	or	x30,x29,x29	 x29:0x5abd6000 x29:0x5abd6000 x30=0x5abd6000
        5575000	       556	80001bb4	00700d13	addi	x26,x0,7	  x0:0x00000000 x26=0x00000007
        5585000	       557	80001bb8	919b6037	lui	x0,0x919b6	
        5595000	       558	80001bbc	ffa48493	addi	x9,x9,-6	  x9:0x0000000a  x9=0x00000004
        5605000	       559	80001bc0	ffa4fce3	bgeu	x9,x26,80001bb8	  x9:0x00000004 x26:0x00000007
        5615000	       560	80001bc4	fe6670e3	bgeu	x12,x6,80001ba4	 x12:0x00000002  x6:0x00000003
        5625000	       561	80001bc8	00000013	addi	x0,x0,0	  x0:0x00000000
        5635000	       562	80001bcc	00300a13	addi	x20,x0,3	  x0:0x00000000 x20=0x00000003
        5645000	       563	80001bd0	3b113e13	sltiu	x28,x2,945	  x2:0x80009fc4 x28=0x00000000
        5655000	       564	80001bd4	ff800f93	addi	x31,x0,-8	  x0:0x00000000 x31=0xfffffff8
        5665000	       565	80001bd8	a9b8a193	slti	x3,x17,-1381	 x17:0x00000012  x3=0x00000000
        5675000	       566	80001bdc	011cf0b3	and	x1,x25,x17	 x25:0x00000000 x17:0x00000012  x1=0x00000000
        5685000	       567	80001be0	192ab193	sltiu	x3,x21,402	 x21:0x0000000c  x3=0x00000001
        5695000	       568	80001be4	8283e013	ori	x0,x7,-2008	  x7:0xfffffa02
        5705000	       569	80001be8	01c3eab3	or	x21,x7,x28	  x7:0xfffffa02 x28:0x00000000 x21=0xfffffa02
        5715000	       570	80001bec	ffba0a13	addi	x20,x20,-5	 x20:0x00000003 x20=0xfffffffe
        5725000	       571	80001bf0	6ea1d0b7	lui	x1,0x6ea1d	  x1=0x6ea1d000
        5735000	       572	80001bf4	4028dab3	sra	x21,x17,x2	 x17:0x00000012  x2:0x80009fc4 x21=0x00000001
        5745000	       573	80001bf8	005d6b33	or	x22,x26,x5	 x26:0x00000007  x5:0xffffffef x22=0xffffffef
        5755000	       574	80001bfc	41fdd7b3	sra	x15,x27,x31	 x27:0x00000000 x31:0xfffffff8 x15=0x00000000
        5765000	       575	80001c00	c8ae4613	xori	x12,x28,-886	 x28:0x00000000 x12=0xfffffc8a
        5775000	       576	80001c04	2c554493	xori	x9,x10,709	 x10:0x0000000c  x9=0x000002c9
        5785000	       577	80001c08	015e4833	xor	x16,x28,x21	 x28:0x00000000 x21:0x00000001 x16=0x00000001
        5795000	       578	80001c0c	9156b093	sltiu	x1,x13,-1771	 x13:0x80009f54  x1=0x00000001
        5805000	       579	80001c10	fdfa5ae3	bge	x20,x31,80001be4	 x20:0xfffffffe x31:0xfffffff8
        5815000	       580	00000000	00000013	addi	x0,x0,0	  x0:0x00000000
        5825000	       581	80001be0	00000013	addi	x0,x0,0	  x0:0x00000000
        5835000	       582	80001be4	8283e013	ori	x0,x7,-2008	  x7:0xfffffa02
        5845000	       583	80001be8	01c3eab3	or	x21,x7,x28	  x7:0xfffffa02 x28:0x00000000 x21=0xfffffa02
        5855000	       584	80001bec	ffba0a13	addi	x20,x20,-5	 x20:0xfffffffe x20=0xfffffff9
        5865000	       585	80001bf0	6ea1d0b7	lui	x1,0x6ea1d	  x1=0x6ea1d000
        5875000	       586	80001bf4	4028dab3	sra	x21,x17,x2	 x17:0x00000012  x2:0x80009fc4 x21=0x00000001
        5885000	       587	80001bf8	005d6b33	or	x22,x26,x5	 x26:0x00000007  x5:0xffffffef x22=0xffffffef
        5895000	       588	80001bfc	41fdd7b3	sra	x15,x27,x31	 x27:0x00000000 x31:0xfffffff8 x15=0x00000000
        5905000	       589	80001c00	c8ae4613	xori	x12,x28,-886	 x28:0x00000000 x12=0xfffffc8a
        5915000	       590	80001c04	2c554493	xori	x9,x10,709	 x10:0x0000000c  x9=0x000002c9
        5925000	       591	80001c08	015e4833	xor	x16,x28,x21	 x28:0x00000000 x21:0x00000001 x16=0x00000001
        5935000	       592	80001c0c	9156b093	sltiu	x1,x13,-1771	 x13:0x80009f54  x1=0x00000001
        5945000	       593	80001c10	fdfa5ae3	bge	x20,x31,80001be4	 x20:0xfffffff9 x31:0xfffffff8
        5955000	       594	00000000	00000013	addi	x0,x0,0	  x0:0x00000000
        5965000	       595	80001be0	00000013	addi	x0,x0,0	  x0:0x00000000
        5975000	       596	80001be4	8283e013	ori	x0,x7,-2008	  x7:0xfffffa02
        5985000	       597	80001be8	01c3eab3	or	x21,x7,x28	  x7:0xfffffa02 x28:0x00000000 x21=0xfffffa02
        5995000	       598	80001bec	ffba0a13	addi	x20,x20,-5	 x20:0xfffffff9 x20=0xfffffff4
        6005000	       599	80001bf0	6ea1d0b7	lui	x1,0x6ea1d	  x1=0x6ea1d000
        6015000	       600	80001bf4	4028dab3	sra	x21,x17,x2	 x17:0x00000012  x2:0x80009fc4 x21=0x00000001
        6025000	       601	80001bf8	005d6b33	or	x22,x26,x5	 x26:0x00000007  x5:0xffffffef x22=0xffffffef
        6035000	       602	80001bfc	41fdd7b3	sra	x15,x27,x31	 x27:0x00000000 x31:0xfffffff8 x15=0x00000000
        6045000	       603	80001c00	c8ae4613	xori	x12,x28,-886	 x28:0x00000000 x12=0xfffffc8a
        6055000	       604	80001c04	2c554493	xori	x9,x10,709	 x10:0x0000000c  x9=0x000002c9
        6065000	       605	80001c08	015e4833	xor	x16,x28,x21	 x28:0x00000000 x21:0x00000001 x16=0x00000001
        6075000	       606	80001c0c	9156b093	sltiu	x1,x13,-1771	 x13:0x80009f54  x1=0x00000001
        6085000	       607	80001c10	fdfa5ae3	bge	x20,x31,80001be4	 x20:0xfffffff4 x31:0xfffffff8
        6095000	       608	80001c14	0196b4b3	sltu	x9,x13,x25	 x13:0x80009f54 x25:0x00000000  x9=0x00000000
        6105000	       609	80001c18	00100993	addi	x19,x0,1	  x0:0x00000000 x19=0x00000001
        6115000	       610	80001c1c	007aff33	and	x30,x21,x7	 x21:0x00000001  x7:0xfffffa02 x30=0x00000000
        6125000	       611	80001c20	00500413	addi	x8,x0,5	  x0:0x00000000  x8=0x00000005
        6135000	       612	80001c24	6699ec93	ori	x25,x19,1641	 x19:0x00000001 x25=0x00000669
        6145000	       613	80001c28	00498993	addi	x19,x19,4	 x19:0x00000001 x19=0x00000005
        6155000	       614	80001c2c	fe898ce3	beq	x19,x8,80001c24	 x19:0x00000005  x8:0x00000005
        6165000	       615	00000000	00000013	addi	x0,x0,0	  x0:0x00000000
        6175000	       616	80001c20	00000013	addi	x0,x0,0	  x0:0x00000000
        6185000	       617	80001c24	6699ec93	ori	x25,x19,1641	 x19:0x00000005 x25=0x0000066d
        6195000	       618	80001c28	00498993	addi	x19,x19,4	 x19:0x00000005 x19=0x00000009
        6205000	       619	80001c2c	fe898ce3	beq	x19,x8,80001c24	 x19:0x00000009  x8:0x00000005
        6215000	       620	80001c30	8cc1cc17	auipc	x24,0x8cc1c	 x24=0x0cc1dc2c
        6225000	       621	80001c34	ff600793	addi	x15,x0,-10	  x0:0x00000000 x15=0xfffffff6
        6235000	       622	80001c38	f4cef193	andi	x3,x29,-180	 x29:0x5abd6000  x3=0x5abd6000
        6245000	       623	80001c3c	ffb00513	addi	x10,x0,-5	  x0:0x00000000 x10=0xfffffffb
        6255000	       624	80001c40	01988333	add	x6,x17,x25	 x17:0x00000012 x25:0x0000066d  x6=0x0000067f
        6265000	       625	80001c44	015e1613	slli	x12,x28,0x15	 x28:0x00000000 x12=0x00000000
        6275000	       626	80001c48	00578793	addi	x15,x15,5	 x15:0xfffffff6 x15=0xfffffffb
        6285000	       627	80001c4c	00e573b3	and	x7,x10,x14	 x10:0xfffffffb x14:0xa4a049e7  x7=0xa4a049e3
        6295000	       628	80001c50	00a00e93	addi	x29,x0,10	  x0:0x00000000 x29=0x0000000a
        6305000	       629	80001c54	00900893	addi	x17,x0,9	  x0:0x00000000 x17=0x00000009
        6315000	       630	80001c58	0042e033	or	x0,x5,x4	  x5:0xffffffef  x4:0x00000003
        6325000	       631	80001c5c	ff8e8e93	addi	x29,x29,-8	 x29:0x0000000a x29=0x00000002
        6335000	       632	80001c60	3787e493	ori	x9,x15,888	 x15:0xfffffffb  x9=0xfffffffb
        6345000	       633	80001c64	ff1efae3	bgeu	x29,x17,80001c58	 x29:0x00000002 x17:0x00000009
        6355000	       634	80001c68	fca79ce3	bne	x15,x10,80001c40	 x15:0xfffffffb x10:0xfffffffb
        6365000	       635	80001c6c	00449193	slli	x3,x9,0x4	  x9:0xfffffffb  x3=0xffffffb0
        6375000	       636	80001c70	ff600e93	addi	x29,x0,-10	  x0:0x00000000 x29=0xfffffff6
        6385000	       637	80001c74	fef00093	addi	x1,x0,-17	  x0:0x00000000  x1=0xffffffef
        6395000	       638	80001c78	853be797	auipc	x15,0x853be	 x15=0x053bfc74
        6405000	       639	80001c7c	ff9e8e93	addi	x29,x29,-7	 x29:0xfffffff6 x29=0xffffffef
        6415000	       640	80001c80	00a00213	addi	x4,x0,10	  x0:0x00000000  x4=0x0000000a
        6425000	       641	80001c84	01200893	addi	x17,x0,18	  x0:0x00000000 x17=0x00000012
        6435000	       642	80001c88	01b562b3	or	x5,x10,x27	 x10:0xfffffffb x27:0x00000000  x5=0xfffffffb
        6445000	       643	80001c8c	00420213	addi	x4,x4,4	  x4:0x0000000a  x4=0x0000000e
        6455000	       644	80001c90	ff124ce3	blt	x4,x17,80001c88	  x4:0x0000000e x17:0x00000012
        6465000	       645	00000000	00000013	addi	x0,x0,0	  x0:0x00000000
        6475000	       646	80001c84	00000013	addi	x0,x0,0	  x0:0x00000000
        6485000	       647	80001c88	01b562b3	or	x5,x10,x27	 x10:0xfffffffb x27:0x00000000  x5=0xfffffffb
        6495000	       648	80001c8c	00420213	addi	x4,x4,4	  x4:0x0000000e  x4=0x00000012
        6505000	       649	80001c90	ff124ce3	blt	x4,x17,80001c88	  x4:0x00000012 x17:0x00000012
        6515000	       650	80001c94	fe1e82e3	beq	x29,x1,80001c78	 x29:0xffffffef  x1:0xffffffef
        6525000	       651	00000000	00000013	addi	x0,x0,0	  x0:0x00000000
        6535000	       652	80001c74	00000013	addi	x0,x0,0	  x0:0x00000000
        6545000	       653	80001c78	853be797	auipc	x15,0x853be	 x15=0x053bfc74
        6555000	       654	80001c7c	ff9e8e93	addi	x29,x29,-7	 x29:0xffffffef x29=0xffffffe8
        6565000	       655	80001c80	00a00213	addi	x4,x0,10	  x0:0x00000000  x4=0x0000000a
        6575000	       656	80001c84	01200893	addi	x17,x0,18	  x0:0x00000000 x17=0x00000012
        6585000	       657	80001c88	01b562b3	or	x5,x10,x27	 x10:0xfffffffb x27:0x00000000  x5=0xfffffffb
        6595000	       658	80001c8c	00420213	addi	x4,x4,4	  x4:0x0000000a  x4=0x0000000e
        6605000	       659	80001c90	ff124ce3	blt	x4,x17,80001c88	  x4:0x0000000e x17:0x00000012
        6615000	       660	00000000	00000013	addi	x0,x0,0	  x0:0x00000000
        6625000	       661	80001c84	00000013	addi	x0,x0,0	  x0:0x00000000
        6635000	       662	80001c88	01b562b3	or	x5,x10,x27	 x10:0xfffffffb x27:0x00000000  x5=0xfffffffb
        6645000	       663	80001c8c	00420213	addi	x4,x4,4	  x4:0x0000000e  x4=0x00000012
        6655000	       664	80001c90	ff124ce3	blt	x4,x17,80001c88	  x4:0x00000012 x17:0x00000012
        6665000	       665	80001c94	fe1e82e3	beq	x29,x1,80001c78	 x29:0xffffffe8  x1:0xffffffef
        6675000	       666	80001c98	01be1e33	sll	x28,x28,x27	 x28:0x00000000 x27:0x00000000 x28=0x00000000
        6685000	       667	80001c9c	00a00e13	addi	x28,x0,10	  x0:0x00000000 x28=0x0000000a
        6695000	       668	80001ca0	019cb9b3	sltu	x19,x25,x25	 x25:0x0000066d x25:0x0000066d x19=0x00000000
        6705000	       669	80001ca4	4126db13	srai	x22,x13,0x12	 x13:0x80009f54 x22=0xffffe000
        6715000	       670	80001ca8	fee00d13	addi	x26,x0,-18	  x0:0x00000000 x26=0xffffffee
        6725000	       671	80001cac	4023df33	sra	x30,x7,x2	  x7:0xa4a049e3  x2:0x80009fc4 x30=0xfa4a049e
        6735000	       672	80001cb0	cb3bcd93	xori	x27,x23,-845	 x23:0x00000013 x27=0xfffffca0
        6745000	       673	80001cb4	014b9cb3	sll	x25,x23,x20	 x23:0x00000013 x20:0xfffffff4 x25=0x01300000
        6755000	       674	80001cb8	ffce0e13	addi	x28,x28,-4	 x28:0x0000000a x28=0x00000006
        6765000	       675	80001cbc	fd833c13	sltiu	x24,x6,-40	  x6:0x0000067f x24=0x00000001
        6775000	       676	80001cc0	000e4933	xor	x18,x28,x0	 x28:0x00000006  x0:0x00000000 x18=0x00000006
        6785000	       677	80001cc4	014e5d93	srli	x27,x28,0x14	 x28:0x00000006 x27=0x00000000
        6795000	       678	80001cc8	77a0aa93	slti	x21,x1,1914	  x1:0xffffffef x21=0x00000001
        6805000	       679	80001ccc	01f4fdb3	and	x27,x9,x31	  x9:0xfffffffb x31:0xfffffff8 x27=0xfffffff8
        6815000	       680	80001cd0	01521c93	slli	x25,x4,0x15	  x4:0x00000012 x25=0x02400000
        6825000	       681	80001cd4	65364a13	xori	x20,x12,1619	 x12:0x00000000 x20=0x00000653
        6835000	       682	80001cd8	88e1f013	andi	x0,x3,-1906	  x3:0xffffffb0
        6845000	       683	80001cdc	f38b6493	ori	x9,x22,-200	 x22:0xffffe000  x9=0xffffff38
        6855000	       684	80001ce0	41795813	srai	x16,x18,0x17	 x18:0x00000006 x16=0x00000000
        6865000	       685	80001ce4	01a37b33	and	x22,x6,x26	  x6:0x0000067f x26:0xffffffee x22=0x0000066e
        6875000	       686	80001ce8	01629fb3	sll	x31,x5,x22	  x5:0xfffffffb x22:0x0000066e x31=0xfffec000
        6885000	       687	80001cec	fdae12e3	bne	x28,x26,80001cb0	 x28:0x00000006 x26:0xffffffee
        6895000	       688	00000000	00000013	addi	x0,x0,0	  x0:0x00000000
        6905000	       689	80001cac	00000013	addi	x0,x0,0	  x0:0x00000000
        6915000	       690	80001cb0	cb3bcd93	xori	x27,x23,-845	 x23:0x00000013 x27=0xfffffca0
        6925000	       691	80001cb4	014b9cb3	sll	x25,x23,x20	 x23:0x00000013 x20:0x00000653 x25=0x00980000
        6935000	       692	80001cb8	ffce0e13	addi	x28,x28,-4	 x28:0x00000006 x28=0x00000002
        6945000	       693	80001cbc	fd833c13	sltiu	x24,x6,-40	  x6:0x0000067f x24=0x00000001
        6955000	       694	80001cc0	000e4933	xor	x18,x28,x0	 x28:0x00000002  x0:0x00000000 x18=0x00000002
        6965000	       695	80001cc4	014e5d93	srli	x27,x28,0x14	 x28:0x00000002 x27=0x00000000
        6975000	       696	80001cc8	77a0aa93	slti	x21,x1,1914	  x1:0xffffffef x21=0x00000001
        6985000	       697	80001ccc	01f4fdb3	and	x27,x9,x31	  x9:0xffffff38 x31:0xfffec000 x27=0xfffec000
        6995000	       698	80001cd0	01521c93	slli	x25,x4,0x15	  x4:0x00000012 x25=0x02400000
        7005000	       699	80001cd4	65364a13	xori	x20,x12,1619	 x12:0x00000000 x20=0x00000653
        7015000	       700	80001cd8	88e1f013	andi	x0,x3,-1906	  x3:0xffffffb0
        7025000	       701	80001cdc	f38b6493	ori	x9,x22,-200	 x22:0x0000066e  x9=0xffffff7e
        7035000	       702	80001ce0	41795813	srai	x16,x18,0x17	 x18:0x00000002 x16=0x00000000
        7045000	       703	80001ce4	01a37b33	and	x22,x6,x26	  x6:0x0000067f x26:0xffffffee x22=0x0000066e
        7055000	       704	80001ce8	01629fb3	sll	x31,x5,x22	  x5:0xfffffffb x22:0x0000066e x31=0xfffec000
        7065000	       705	80001cec	fdae12e3	bne	x28,x26,80001cb0	 x28:0x00000002 x26:0xffffffee
        7075000	       706	00000000	00000013	addi	x0,x0,0	  x0:0x00000000
        7085000	       707	80001cac	00000013	addi	x0,x0,0	  x0:0x00000000
        7095000	       708	80001cb0	cb3bcd93	xori	x27,x23,-845	 x23:0x00000013 x27=0xfffffca0
        7105000	       709	80001cb4	014b9cb3	sll	x25,x23,x20	 x23:0x00000013 x20:0x00000653 x25=0x00980000
        7115000	       710	80001cb8	ffce0e13	addi	x28,x28,-4	 x28:0x00000002 x28=0xfffffffe
        7125000	       711	80001cbc	fd833c13	sltiu	x24,x6,-40	  x6:0x0000067f x24=0x00000001
        7135000	       712	80001cc0	000e4933	xor	x18,x28,x0	 x28:0xfffffffe  x0:0x00000000 x18=0xfffffffe
        7145000	       713	80001cc4	014e5d93	srli	x27,x28,0x14	 x28:0xfffffffe x27=0x00000fff
        7155000	       714	80001cc8	77a0aa93	slti	x21,x1,1914	  x1:0xffffffef x21=0x00000001
        7165000	       715	80001ccc	01f4fdb3	and	x27,x9,x31	  x9:0xffffff7e x31:0xfffec000 x27=0xfffec000
        7175000	       716	80001cd0	01521c93	slli	x25,x4,0x15	  x4:0x00000012 x25=0x02400000
        7185000	       717	80001cd4	65364a13	xori	x20,x12,1619	 x12:0x00000000 x20=0x00000653
        7195000	       718	80001cd8	88e1f013	andi	x0,x3,-1906	  x3:0xffffffb0
        7205000	       719	80001cdc	f38b6493	ori	x9,x22,-200	 x22:0x0000066e  x9=0xffffff7e
        7215000	       720	80001ce0	41795813	srai	x16,x18,0x17	 x18:0xfffffffe x16=0xffffffff
        7225000	       721	80001ce4	01a37b33	and	x22,x6,x26	  x6:0x0000067f x26:0xffffffee x22=0x0000066e
        7235000	       722	80001ce8	01629fb3	sll	x31,x5,x22	  x5:0xfffffffb x22:0x0000066e x31=0xfffec000
        7245000	       723	80001cec	fdae12e3	bne	x28,x26,80001cb0	 x28:0xfffffffe x26:0xffffffee
        7255000	       724	00000000	00000013	addi	x0,x0,0	  x0:0x00000000
        7265000	       725	80001cac	00000013	addi	x0,x0,0	  x0:0x00000000
        7275000	       726	80001cb0	cb3bcd93	xori	x27,x23,-845	 x23:0x00000013 x27=0xfffffca0
        7285000	       727	80001cb4	014b9cb3	sll	x25,x23,x20	 x23:0x00000013 x20:0x00000653 x25=0x00980000
        7295000	       728	80001cb8	ffce0e13	addi	x28,x28,-4	 x28:0xfffffffe x28=0xfffffffa
        7305000	       729	80001cbc	fd833c13	sltiu	x24,x6,-40	  x6:0x0000067f x24=0x00000001
        7315000	       730	80001cc0	000e4933	xor	x18,x28,x0	 x28:0xfffffffa  x0:0x00000000 x18=0xfffffffa
        7325000	       731	80001cc4	014e5d93	srli	x27,x28,0x14	 x28:0xfffffffa x27=0x00000fff
        7335000	       732	80001cc8	77a0aa93	slti	x21,x1,1914	  x1:0xffffffef x21=0x00000001
        7345000	       733	80001ccc	01f4fdb3	and	x27,x9,x31	  x9:0xffffff7e x31:0xfffec000 x27=0xfffec000
        7355000	       734	80001cd0	01521c93	slli	x25,x4,0x15	  x4:0x00000012 x25=0x02400000
        7365000	       735	80001cd4	65364a13	xori	x20,x12,1619	 x12:0x00000000 x20=0x00000653
        7375000	       736	80001cd8	88e1f013	andi	x0,x3,-1906	  x3:0xffffffb0
        7385000	       737	80001cdc	f38b6493	ori	x9,x22,-200	 x22:0x0000066e  x9=0xffffff7e
        7395000	       738	80001ce0	41795813	srai	x16,x18,0x17	 x18:0xfffffffa x16=0xffffffff
        7405000	       739	80001ce4	01a37b33	and	x22,x6,x26	  x6:0x0000067f x26:0xffffffee x22=0x0000066e
        7415000	       740	80001ce8	01629fb3	sll	x31,x5,x22	  x5:0xfffffffb x22:0x0000066e x31=0xfffec000
        7425000	       741	80001cec	fdae12e3	bne	x28,x26,80001cb0	 x28:0xfffffffa x26:0xffffffee
        7435000	       742	00000000	00000013	addi	x0,x0,0	  x0:0x00000000
        7445000	       743	80001cac	00000013	addi	x0,x0,0	  x0:0x00000000
        7455000	       744	80001cb0	cb3bcd93	xori	x27,x23,-845	 x23:0x00000013 x27=0xfffffca0
        7465000	       745	80001cb4	014b9cb3	sll	x25,x23,x20	 x23:0x00000013 x20:0x00000653 x25=0x00980000
        7475000	       746	80001cb8	ffce0e13	addi	x28,x28,-4	 x28:0xfffffffa x28=0xfffffff6
        7485000	       747	80001cbc	fd833c13	sltiu	x24,x6,-40	  x6:0x0000067f x24=0x00000001
        7495000	       748	80001cc0	000e4933	xor	x18,x28,x0	 x28:0xfffffff6  x0:0x00000000 x18=0xfffffff6
        7505000	       749	80001cc4	014e5d93	srli	x27,x28,0x14	 x28:0xfffffff6 x27=0x00000fff
        7515000	       750	80001cc8	77a0aa93	slti	x21,x1,1914	  x1:0xffffffef x21=0x00000001
        7525000	       751	80001ccc	01f4fdb3	and	x27,x9,x31	  x9:0xffffff7e x31:0xfffec000 x27=0xfffec000
        7535000	       752	80001cd0	01521c93	slli	x25,x4,0x15	  x4:0x00000012 x25=0x02400000
        7545000	       753	80001cd4	65364a13	xori	x20,x12,1619	 x12:0x00000000 x20=0x00000653
        7555000	       754	80001cd8	88e1f013	andi	x0,x3,-1906	  x3:0xffffffb0
        7565000	       755	80001cdc	f38b6493	ori	x9,x22,-200	 x22:0x0000066e  x9=0xffffff7e
        7575000	       756	80001ce0	41795813	srai	x16,x18,0x17	 x18:0xfffffff6 x16=0xffffffff
        7585000	       757	80001ce4	01a37b33	and	x22,x6,x26	  x6:0x0000067f x26:0xffffffee x22=0x0000066e
        7595000	       758	80001ce8	01629fb3	sll	x31,x5,x22	  x5:0xfffffffb x22:0x0000066e x31=0xfffec000
        7605000	       759	80001cec	fdae12e3	bne	x28,x26,80001cb0	 x28:0xfffffff6 x26:0xffffffee
        7615000	       760	00000000	00000013	addi	x0,x0,0	  x0:0x00000000
        7625000	       761	80001cac	00000013	addi	x0,x0,0	  x0:0x00000000
        7635000	       762	80001cb0	cb3bcd93	xori	x27,x23,-845	 x23:0x00000013 x27=0xfffffca0
        7645000	       763	80001cb4	014b9cb3	sll	x25,x23,x20	 x23:0x00000013 x20:0x00000653 x25=0x00980000
        7655000	       764	80001cb8	ffce0e13	addi	x28,x28,-4	 x28:0xfffffff6 x28=0xfffffff2
        7665000	       765	80001cbc	fd833c13	sltiu	x24,x6,-40	  x6:0x0000067f x24=0x00000001
        7675000	       766	80001cc0	000e4933	xor	x18,x28,x0	 x28:0xfffffff2  x0:0x00000000 x18=0xfffffff2
        7685000	       767	80001cc4	014e5d93	srli	x27,x28,0x14	 x28:0xfffffff2 x27=0x00000fff
        7695000	       768	80001cc8	77a0aa93	slti	x21,x1,1914	  x1:0xffffffef x21=0x00000001
        7705000	       769	80001ccc	01f4fdb3	and	x27,x9,x31	  x9:0xffffff7e x31:0xfffec000 x27=0xfffec000
        7715000	       770	80001cd0	01521c93	slli	x25,x4,0x15	  x4:0x00000012 x25=0x02400000
        7725000	       771	80001cd4	65364a13	xori	x20,x12,1619	 x12:0x00000000 x20=0x00000653
        7735000	       772	80001cd8	88e1f013	andi	x0,x3,-1906	  x3:0xffffffb0
        7745000	       773	80001cdc	f38b6493	ori	x9,x22,-200	 x22:0x0000066e  x9=0xffffff7e
        7755000	       774	80001ce0	41795813	srai	x16,x18,0x17	 x18:0xfffffff2 x16=0xffffffff
        7765000	       775	80001ce4	01a37b33	and	x22,x6,x26	  x6:0x0000067f x26:0xffffffee x22=0x0000066e
        7775000	       776	80001ce8	01629fb3	sll	x31,x5,x22	  x5:0xfffffffb x22:0x0000066e x31=0xfffec000
        7785000	       777	80001cec	fdae12e3	bne	x28,x26,80001cb0	 x28:0xfffffff2 x26:0xffffffee
        7795000	       778	00000000	00000013	addi	x0,x0,0	  x0:0x00000000
        7805000	       779	80001cac	00000013	addi	x0,x0,0	  x0:0x00000000
        7815000	       780	80001cb0	cb3bcd93	xori	x27,x23,-845	 x23:0x00000013 x27=0xfffffca0
        7825000	       781	80001cb4	014b9cb3	sll	x25,x23,x20	 x23:0x00000013 x20:0x00000653 x25=0x00980000
        7835000	       782	80001cb8	ffce0e13	addi	x28,x28,-4	 x28:0xfffffff2 x28=0xffffffee
        7845000	       783	80001cbc	fd833c13	sltiu	x24,x6,-40	  x6:0x0000067f x24=0x00000001
        7855000	       784	80001cc0	000e4933	xor	x18,x28,x0	 x28:0xffffffee  x0:0x00000000 x18=0xffffffee
        7865000	       785	80001cc4	014e5d93	srli	x27,x28,0x14	 x28:0xffffffee x27=0x00000fff
        7875000	       786	80001cc8	77a0aa93	slti	x21,x1,1914	  x1:0xffffffef x21=0x00000001
        7885000	       787	80001ccc	01f4fdb3	and	x27,x9,x31	  x9:0xffffff7e x31:0xfffec000 x27=0xfffec000
        7895000	       788	80001cd0	01521c93	slli	x25,x4,0x15	  x4:0x00000012 x25=0x02400000
        7905000	       789	80001cd4	65364a13	xori	x20,x12,1619	 x12:0x00000000 x20=0x00000653
        7915000	       790	80001cd8	88e1f013	andi	x0,x3,-1906	  x3:0xffffffb0
        7925000	       791	80001cdc	f38b6493	ori	x9,x22,-200	 x22:0x0000066e  x9=0xffffff7e
        7935000	       792	80001ce0	41795813	srai	x16,x18,0x17	 x18:0xffffffee x16=0xffffffff
        7945000	       793	80001ce4	01a37b33	and	x22,x6,x26	  x6:0x0000067f x26:0xffffffee x22=0x0000066e
        7955000	       794	80001ce8	01629fb3	sll	x31,x5,x22	  x5:0xfffffffb x22:0x0000066e x31=0xfffec000
        7965000	       795	80001cec	fdae12e3	bne	x28,x26,80001cb0	 x28:0xffffffee x26:0xffffffee
        7975000	       796	80001cf0	b4eee993	ori	x19,x29,-1202	 x29:0xffffffe8 x19=0xffffffee
        7985000	       797	80001cf4	00500c13	addi	x24,x0,5	  x0:0x00000000 x24=0x00000005
        7995000	       798	80001cf8	7872a437	lui	x8,0x7872a	  x8=0x7872a000
        8005000	       799	80001cfc	00e69d93	slli	x27,x13,0xe	 x13:0x80009f54 x27=0x27d50000
        8015000	       800	80001d00	00000013	addi	x0,x0,0	  x0:0x00000000
        8025000	       801	80001d04	b4058d17	auipc	x26,0xb4058	 x26=0x34059d00
        8035000	       802	80001d08	00855f93	srli	x31,x10,0x8	 x10:0xfffffffb x31=0x00ffffff
        8045000	       803	80001d0c	019a48b3	xor	x17,x20,x25	 x20:0x00000653 x25:0x02400000 x17=0x02400653
        8055000	       804	80001d10	bc760193	addi	x3,x12,-1081	 x12:0x00000000  x3=0xfffffbc7
        8065000	       805	80001d14	00412d33	slt	x26,x2,x4	  x2:0x80009fc4  x4:0x00000012 x26=0x00000001
        8075000	       806	80001d18	7b59a2b7	lui	x5,0x7b59a	  x5=0x7b59a000
        8085000	       807	80001d1c	440a0e97	auipc	x29,0x440a0	 x29=0xc40a1d18
        8095000	       808	80001d20	ffa00493	addi	x9,x0,-6	  x0:0x00000000  x9=0xfffffffa
        8105000	       809	80001d24	00ccd233	srl	x4,x25,x12	 x25:0x02400000 x12:0x00000000  x4=0x02400000
        8115000	       810	80001d28	354db037	lui	x0,0x354db	
        8125000	       811	80001d2c	41915013	srai	x0,x2,0x19	  x2:0x80009fc4
        8135000	       812	80001d30	0182eeb3	or	x29,x5,x24	  x5:0x7b59a000 x24:0x00000005 x29=0x7b59a005
        8145000	       813	80001d34	ffec0c13	addi	x24,x24,-2	 x24:0x00000005 x24=0x00000003
        8155000	       814	80001d38	60202f13	slti	x30,x0,1538	  x0:0x00000000 x30=0x00000001
        8165000	       815	80001d3c	fe9c56e3	bge	x24,x9,80001d28	 x24:0x00000003  x9:0xfffffffa
        8175000	       816	00000000	00000013	addi	x0,x0,0	  x0:0x00000000
        8185000	       817	80001d24	00000013	addi	x0,x0,0	  x0:0x00000000
        8195000	       818	80001d28	354db037	lui	x0,0x354db	
        8205000	       819	80001d2c	41915013	srai	x0,x2,0x19	  x2:0x80009fc4
        8215000	       820	80001d30	0182eeb3	or	x29,x5,x24	  x5:0x7b59a000 x24:0x00000003 x29=0x7b59a003
        8225000	       821	80001d34	ffec0c13	addi	x24,x24,-2	 x24:0x00000003 x24=0x00000001
        8235000	       822	80001d38	60202f13	slti	x30,x0,1538	  x0:0x00000000 x30=0x00000001
        8245000	       823	80001d3c	fe9c56e3	bge	x24,x9,80001d28	 x24:0x00000001  x9:0xfffffffa
        8255000	       824	00000000	00000013	addi	x0,x0,0	  x0:0x00000000
        8265000	       825	80001d24	00000013	addi	x0,x0,0	  x0:0x00000000
        8275000	       826	80001d28	354db037	lui	x0,0x354db	
        8285000	       827	80001d2c	41915013	srai	x0,x2,0x19	  x2:0x80009fc4
        8295000	       828	80001d30	0182eeb3	or	x29,x5,x24	  x5:0x7b59a000 x24:0x00000001 x29=0x7b59a001
        8305000	       829	80001d34	ffec0c13	addi	x24,x24,-2	 x24:0x00000001 x24=0xffffffff
        8315000	       830	80001d38	60202f13	slti	x30,x0,1538	  x0:0x00000000 x30=0x00000001
        8325000	       831	80001d3c	fe9c56e3	bge	x24,x9,80001d28	 x24:0xffffffff  x9:0xfffffffa
        8335000	       832	00000000	00000013	addi	x0,x0,0	  x0:0x00000000
        8345000	       833	80001d24	00000013	addi	x0,x0,0	  x0:0x00000000
        8355000	       834	80001d28	354db037	lui	x0,0x354db	
        8365000	       835	80001d2c	41915013	srai	x0,x2,0x19	  x2:0x80009fc4
        8375000	       836	80001d30	0182eeb3	or	x29,x5,x24	  x5:0x7b59a000 x24:0xffffffff x29=0xffffffff
        8385000	       837	80001d34	ffec0c13	addi	x24,x24,-2	 x24:0xffffffff x24=0xfffffffd
        8395000	       838	80001d38	60202f13	slti	x30,x0,1538	  x0:0x00000000 x30=0x00000001
        8405000	       839	80001d3c	fe9c56e3	bge	x24,x9,80001d28	 x24:0xfffffffd  x9:0xfffffffa
        8415000	       840	00000000	00000013	addi	x0,x0,0	  x0:0x00000000
        8425000	       841	80001d24	00000013	addi	x0,x0,0	  x0:0x00000000
        8435000	       842	80001d28	354db037	lui	x0,0x354db	
        8445000	       843	80001d2c	41915013	srai	x0,x2,0x19	  x2:0x80009fc4
        8455000	       844	80001d30	0182eeb3	or	x29,x5,x24	  x5:0x7b59a000 x24:0xfffffffd x29=0xfffffffd
        8465000	       845	80001d34	ffec0c13	addi	x24,x24,-2	 x24:0xfffffffd x24=0xfffffffb
        8475000	       846	80001d38	60202f13	slti	x30,x0,1538	  x0:0x00000000 x30=0x00000001
        8485000	       847	80001d3c	fe9c56e3	bge	x24,x9,80001d28	 x24:0xfffffffb  x9:0xfffffffa
        8495000	       848	00000000	00000013	addi	x0,x0,0	  x0:0x00000000
        8505000	       849	80001d24	00000013	addi	x0,x0,0	  x0:0x00000000
        8515000	       850	80001d28	354db037	lui	x0,0x354db	
        8525000	       851	80001d2c	41915013	srai	x0,x2,0x19	  x2:0x80009fc4
        8535000	       852	80001d30	0182eeb3	or	x29,x5,x24	  x5:0x7b59a000 x24:0xfffffffb x29=0xfffffffb
        8545000	       853	80001d34	ffec0c13	addi	x24,x24,-2	 x24:0xfffffffb x24=0xfffffff9
        8555000	       854	80001d38	60202f13	slti	x30,x0,1538	  x0:0x00000000 x30=0x00000001
        8565000	       855	80001d3c	fe9c56e3	bge	x24,x9,80001d28	 x24:0xfffffff9  x9:0xfffffffa
        8575000	       856	80001d40	00cbeb33	or	x22,x23,x12	 x23:0x00000013 x12:0x00000000 x22=0x00000013
        8585000	       857	80001d44	00000f93	addi	x31,x0,0	  x0:0x00000000 x31=0x00000000
        8595000	       858	80001d48	00f00613	addi	x12,x0,15	  x0:0x00000000 x12=0x0000000f
        8605000	       859	80001d4c	1328ef37	lui	x30,0x1328e	 x30=0x1328e000
        8615000	       860	80001d50	00163333	sltu	x6,x12,x1	 x12:0x0000000f  x1:0xffffffef  x6=0x00000001
        8625000	       861	80001d54	e1644c13	xori	x24,x8,-490	  x8:0x7872a000 x24=0x878d5e16
        8635000	       862	80001d58	a094cf13	xori	x30,x9,-1527	  x9:0xfffffffa x30=0x000005f3
        8645000	       863	80001d5c	001f8f93	addi	x31,x31,1	 x31:0x00000000 x31=0x00000001
        8655000	       864	80001d60	007edb93	srli	x23,x29,0x7	 x29:0xfffffffb x23=0x01ffffff
        8665000	       865	80001d64	fecf88e3	beq	x31,x12,80001d54	 x31:0x00000001 x12:0x0000000f
        8675000	       866	80001d68	bf04bf13	sltiu	x30,x9,-1040	  x9:0xfffffffa x30=0x00000000
        8685000	       867	80001d6c	00800993	addi	x19,x0,8	  x0:0x00000000 x19=0x00000008
        8695000	       868	80001d70	ffb00f13	addi	x30,x0,-5	  x0:0x00000000 x30=0xfffffffb
        8705000	       869	80001d74	c6082413	slti	x8,x16,-928	 x16:0xffffffff  x8=0x00000000
        8715000	       870	80001d78	ffb98993	addi	x19,x19,-5	 x19:0x00000008 x19=0x00000003
        8725000	       871	80001d7c	ffe9dce3	bge	x19,x30,80001d74	 x19:0x00000003 x30:0xfffffffb
        8735000	       872	00000000	00000013	addi	x0,x0,0	  x0:0x00000000
        8745000	       873	80001d70	00000013	addi	x0,x0,0	  x0:0x00000000
        8755000	       874	80001d74	c6082413	slti	x8,x16,-928	 x16:0xffffffff  x8=0x00000000
        8765000	       875	80001d78	ffb98993	addi	x19,x19,-5	 x19:0x00000003 x19=0xfffffffe
        8775000	       876	80001d7c	ffe9dce3	bge	x19,x30,80001d74	 x19:0xfffffffe x30:0xfffffffb
        8785000	       877	00000000	00000013	addi	x0,x0,0	  x0:0x00000000
        8795000	       878	80001d70	00000013	addi	x0,x0,0	  x0:0x00000000
        8805000	       879	80001d74	c6082413	slti	x8,x16,-928	 x16:0xffffffff  x8=0x00000000
        8815000	       880	80001d78	ffb98993	addi	x19,x19,-5	 x19:0xfffffffe x19=0xfffffff9
        8825000	       881	80001d7c	ffe9dce3	bge	x19,x30,80001d74	 x19:0xfffffff9 x30:0xfffffffb
        8835000	       882	80001d80	ad806bb7	lui	x23,0xad806	 x23=0xad806000
        8845000	       883	80001d84	9edcbb13	sltiu	x22,x25,-1555	 x25:0x02400000 x22=0x00000001
        8855000	       884	80001d88	a8c78513	addi	x10,x15,-1396	 x15:0x053bfc74 x10=0x053bf700
        8865000	       885	80001d8c	01584b33	xor	x22,x16,x21	 x16:0xffffffff x21:0x00000001 x22=0xfffffffe
        8875000	       886	80001d90	01f73cb3	sltu	x25,x14,x31	 x14:0xa4a049e7 x31:0x00000001 x25=0x00000000
        8885000	       887	80001d94	00169663	bne	x13,x1,80001da0	 x13:0x80009f54  x1:0xffffffef
        8895000	       888	00000000	00000013	addi	x0,x0,0	  x0:0x00000000
        8905000	       889	80001d9c	00000013	addi	x0,x0,0	  x0:0x00000000
        8915000	       890	80001da0	177b7493	andi	x9,x22,375	 x22:0xfffffffe  x9=0x00000176
        8925000	       891	80001da4	01a57d33	and	x26,x10,x26	 x10:0x053bf700 x26:0x00000001 x26=0x00000000
        8935000	       892	80001da8	008432b3	sltu	x5,x8,x8	  x8:0x00000000  x8:0x00000000  x5=0x00000000
        8945000	       893	80001dac	00000013	addi	x0,x0,0	  x0:0x00000000
        8955000	       894	80001db0	7c482c97	auipc	x25,0x7c482	 x25=0xfc483dac
        8965000	       895	80001db4	01ad1cb3	sll	x25,x26,x26	 x26:0x00000000 x26:0x00000000 x25=0x00000000
        8975000	       896	80001db8	01c75213	srli	x4,x14,0x1c	 x14:0xa4a049e7  x4=0x0000000a
        8985000	       897	80001dbc	01dd4cb3	xor	x25,x26,x29	 x26:0x00000000 x29:0xfffffffb x25=0xfffffffb
        8995000	       898	80001dc0	0384ec63	bltu	x9,x24,80001df8	  x9:0x00000176 x24:0x878d5e16
        9005000	       899	00000000	00000013	addi	x0,x0,0	  x0:0x00000000
        9015000	       900	80001df4	00000013	addi	x0,x0,0	  x0:0x00000000
        9025000	       901	80001df8	00c94933	xor	x18,x18,x12	 x18:0xffffffee x12:0x0000000f x18=0xffffffe1
        9035000	       902	80001dfc	fcf36413	ori	x8,x6,-49	  x6:0x00000001  x8=0xffffffcf
        9045000	       903	80001e00	04d16463	bltu	x2,x13,80001e48	  x2:0x80009fc4 x13:0x80009f54
        9055000	       904	80001e04	41e55933	sra	x18,x10,x30	 x10:0x053bf700 x30:0xfffffffb x18=0x00000000
        9065000	       905	80001e08	ecb1ef13	ori	x30,x3,-309	  x3:0xfffffbc7 x30=0xffffffcf
        9075000	       906	80001e0c	05e10263	beq	x2,x30,80001e50	  x2:0x80009fc4 x30:0xffffffcf
        9085000	       907	80001e10	00000013	addi	x0,x0,0	  x0:0x00000000
        9095000	       908	80001e14	007fafb3	slt	x31,x31,x7	 x31:0x00000001  x7:0xa4a049e3 x31=0x00000000
        9105000	       909	80001e18	a2f1ef13	ori	x30,x3,-1489	  x3:0xfffffbc7 x30=0xfffffbef
        9115000	       910	80001e1c	00b3d313	srli	x6,x7,0xb	  x7:0xa4a049e3  x6=0x00149409
        9125000	       911	80001e20	232f3a13	sltiu	x20,x30,562	 x30:0xfffffbef x20=0x00000000
        9135000	       912	80001e24	01405413	srli	x8,x0,0x14	  x0:0x00000000  x8=0x00000000
        9145000	       913	80001e28	40bad033	sra	x0,x21,x11	 x21:0x00000001 x11:0x00000011
        9155000	       914	80001e2c	015067b3	or	x15,x0,x21	  x0:0x00000000 x21:0x00000001 x15=0x00000001
        9165000	       915	80001e30	01f5c433	xor	x8,x11,x31	 x11:0x00000011 x31:0x00000000  x8=0x00000011
        9175000	       916	80001e34	02fe1e63	bne	x28,x15,80001e70	 x28:0xffffffee x15:0x00000001
        9185000	       917	00000000	00000013	addi	x0,x0,0	  x0:0x00000000
        9195000	       918	80001e6c	00000013	addi	x0,x0,0	  x0:0x00000000
        9205000	       919	80001e70	8f16ef93	ori	x31,x13,-1807	 x13:0x80009f54 x31=0xfffffff5
        9215000	       920	80001e74	4820f097	auipc	x1,0x4820f	  x1=0xc8210e70
        9225000	       921	80001e78	02751663	bne	x10,x7,80001ea4	 x10:0x053bf700  x7:0xa4a049e3
        9235000	       922	00000000	00000013	addi	x0,x0,0	  x0:0x00000000
        9245000	       923	80001ea0	00000013	addi	x0,x0,0	  x0:0x00000000
        9255000	       924	80001ea4	ac6d2c13	slti	x24,x26,-1338	 x26:0x00000000 x24=0x00000000
        9265000	       925	80001ea8	00000013	addi	x0,x0,0	  x0:0x00000000
        9275000	       926	80001eac	2a388193	addi	x3,x17,675	 x17:0x02400653  x3=0x024008f6
        9285000	       927	80001eb0	04215463	bge	x2,x2,80001ef8	  x2:0x80009fc4  x2:0x80009fc4
        9295000	       928	00000000	00000013	addi	x0,x0,0	  x0:0x00000000
        9305000	       929	80001ef4	00000013	addi	x0,x0,0	  x0:0x00000000
        9315000	       930	80001ef8	418f8ab3	sub	x21,x31,x24	 x31:0xfffffff5 x24:0x00000000 x21=0xfffffff5
        9325000	       931	80001efc	0193bcb3	sltu	x25,x7,x25	  x7:0xa4a049e3 x25:0xfffffffb x25=0x00000001
        9335000	       932	80001f00	f670ae93	slti	x29,x1,-153	  x1:0xc8210e70 x29=0x00000001
        9345000	       933	80001f04	64f28413	addi	x8,x5,1615	  x5:0x00000000  x8=0x0000064f
        9355000	       934	80001f08	04fd6263	bltu	x26,x15,80001f4c	 x26:0x00000000 x15:0x00000001
        9365000	       935	00000000	00000013	addi	x0,x0,0	  x0:0x00000000
        9375000	       936	80001f48	00000013	addi	x0,x0,0	  x0:0x00000000
        9385000	       937	80001f4c	404d5eb3	sra	x29,x26,x4	 x26:0x00000000  x4:0x0000000a x29=0x00000000
        9395000	       938	80001f50	1688bb37	lui	x22,0x1688b	 x22=0x1688b000
        9405000	       939	80001f54	01e59593	slli	x11,x11,0x1e	 x11:0x00000011 x11=0x40000000
        9415000	       940	80001f58	0166cb33	xor	x22,x13,x22	 x13:0x80009f54 x22:0x1688b000 x22=0x96882f54
        9425000	       941	80001f5c	00092eb3	slt	x29,x18,x0	 x18:0x00000000  x0:0x00000000 x29=0x00000000
        9435000	       942	80001f60	00527663	bgeu	x4,x5,80001f6c	  x4:0x0000000a  x5:0x00000000
        9445000	       943	00000000	00000013	addi	x0,x0,0	  x0:0x00000000
        9455000	       944	80001f68	00000013	addi	x0,x0,0	  x0:0x00000000
        9465000	       945	80001f6c	0078a1b3	slt	x3,x17,x7	 x17:0x02400653  x7:0xa4a049e3  x3=0x00000000
        9475000	       946	80001f70	01fcd263	bge	x25,x31,80001f74	 x25:0x00000001 x31:0xfffffff5
        9485000	       947	00000000	00000013	addi	x0,x0,0	  x0:0x00000000
        9495000	       948	80001f70	00000013	addi	x0,x0,0	  x0:0x00000000
        9505000	       949	80001f74	0d128013	addi	x0,x5,209	  x5:0x00000000
        9515000	       950	80001f78	01423eb3	sltu	x29,x4,x20	  x4:0x0000000a x20:0x00000000 x29=0x00000000
        9525000	       951	80001f7c	3f3b7b93	andi	x23,x22,1011	 x22:0x96882f54 x23=0x00000350
        9535000	       952	80001f80	027fe063	bltu	x31,x7,80001fa0	 x31:0xfffffff5  x7:0xa4a049e3
        9545000	       953	80001f84	df876793	ori	x15,x14,-520	 x14:0xa4a049e7 x15=0xfffffdff
        9555000	       954	80001f88	00399793	slli	x15,x19,0x3	 x19:0xfffffff9 x15=0xffffffc8
        9565000	       955	80001f8c	5f7e47b7	lui	x15,0x5f7e4	 x15=0x5f7e4000
        9575000	       956	80001f90	0094b533	sltu	x10,x9,x9	  x9:0x00000176  x9:0x00000176 x10=0x00000000
        9585000	       957	80001f94	00119cb3	sll	x25,x3,x1	  x3:0x00000000  x1:0xc8210e70 x25=0x00000000
        9595000	       958	80001f98	0147cfb3	xor	x31,x15,x20	 x15:0x5f7e4000 x20:0x00000000 x31=0x5f7e4000
        9605000	       959	80001f9c	4148dc33	sra	x24,x17,x20	 x17:0x02400653 x20:0x00000000 x24=0x02400653
        9615000	       960	80001fa0	6e440c97	auipc	x25,0x6e440	 x25=0xee441f9c
        9625000	       961	80001fa4	40e2dc13	srai	x24,x5,0xe	  x5:0x00000000 x24=0x00000000
        9635000	       962	80001fa8	00000013	addi	x0,x0,0	  x0:0x00000000
        9645000	       963	80001fac	fc7aad93	slti	x27,x21,-57	 x21:0xfffffff5 x27=0x00000000
        9655000	       964	80001fb0	00339db3	sll	x27,x7,x3	  x7:0xa4a049e3  x3:0x00000000 x27=0xa4a049e3
        9665000	       965	80001fb4	7c920837	lui	x16,0x7c920	 x16=0x7c920000
        9675000	       966	80001fb8	01a86033	or	x0,x16,x26	 x16:0x7c920000 x26:0x00000000
        9685000	       967	80001fbc	0381d063	bge	x3,x24,80001fdc	  x3:0x00000000 x24:0x00000000
        9695000	       968	00000000	00000013	addi	x0,x0,0	  x0:0x00000000
        9705000	       969	80001fd8	00000013	addi	x0,x0,0	  x0:0x00000000
        9715000	       970	80001fdc	05a60463	beq	x12,x26,80002024	 x12:0x0000000f x26:0x00000000
        9725000	       971	80001fe0	0154a833	slt	x16,x9,x21	  x9:0x00000176 x21:0xfffffff5 x16=0x00000000
        9735000	       972	80001fe4	41c40233	sub	x4,x8,x28	  x8:0x0000064f x28:0xffffffee  x4=0x00000661
        9745000	       973	80001fe8	00e7b333	sltu	x6,x15,x14	 x15:0x5f7e4000 x14:0xa4a049e7  x6=0x00000001
        9755000	       974	80001fec	d983ca17	auipc	x20,0xd983c	 x20=0x5983dfe8
        9765000	       975	80001ff0	c0d38a13	addi	x20,x7,-1011	  x7:0xa4a049e3 x20=0xa4a045f0
        9775000	       976	80001ff4	01db5a93	srli	x21,x22,0x1d	 x22:0x96882f54 x21=0x00000004
        9785000	       977	80001ff8	041e4463	blt	x28,x1,80002040	 x28:0xffffffee  x1:0xc8210e70
        9795000	       978	80001ffc	4143de13	srai	x28,x7,0x14	  x7:0xa4a049e3 x28=0xfffffa4a
        9805000	       979	80002000	75748997	auipc	x19,0x75748	 x19=0xf5749ffc
        9815000	       980	80002004	004b4233	xor	x4,x22,x4	 x22:0x96882f54  x4:0x00000661  x4=0x96882935
        9825000	       981	80002008	01315c63	bge	x2,x19,80002020	  x2:0x80009fc4 x19:0xf5749ffc
        9835000	       982	8000200c	00000013	addi	x0,x0,0	  x0:0x00000000
        9845000	       983	80002010	4125d413	srai	x8,x11,0x12	 x11:0x40000000  x8=0x00001000
        9855000	       984	80002014	01891663	bne	x18,x24,80002020	 x18:0x00000000 x24:0x00000000
        9865000	       985	80002018	b18b5d97	auipc	x27,0xb18b5	 x27=0x318b7014
        9875000	       986	8000201c	00000013	addi	x0,x0,0	  x0:0x00000000
        9885000	       987	80002020	01838e63	beq	x7,x24,8000203c	  x7:0xa4a049e3 x24:0x00000000
        9895000	       988	80002024	01ecfa33	and	x20,x25,x30	 x25:0xee441f9c x30:0xfffffbef x20=0xee441b8c
        9905000	       989	80002028	01f99493	slli	x9,x19,0x1f	 x19:0xf5749ffc  x9=0x00000000
        9915000	       990	8000202c	0164e1b3	or	x3,x9,x22	  x9:0x00000000 x22:0x96882f54  x3=0x96882f54
        9925000	       991	80002030	00fa7a63	bgeu	x20,x15,80002044	 x20:0xee441b8c x15:0x5f7e4000
        9935000	       992	00000000	00000013	addi	x0,x0,0	  x0:0x00000000
        9945000	       993	80002040	00000013	addi	x0,x0,0	  x0:0x00000000
        9955000	       994	80002044	01988663	beq	x17,x25,80002050	 x17:0x02400653 x25:0xee441f9c
        9965000	       995	80002048	86c4bc93	sltiu	x25,x9,-1940	  x9:0x00000000 x25=0x00000001
        9975000	       996	8000204c	008d3033	sltu	x0,x26,x8	 x26:0x00000000  x8:0x00001000
        9985000	       997	80002050	27093013	sltiu	x0,x18,624	 x18:0x00000000
        9995000	       998	80002054	0190a0b3	slt	x1,x1,x25	  x1:0xc8210e70 x25:0x00000001  x1=0x00000001
       10005000	       999	80002058	016c84b3	add	x9,x25,x22	 x25:0x00000001 x22:0x96882f54  x9=0x96882f55
       10015000	      1000	8000205c	00e7dd13	srli	x26,x15,0xe	 x15:0x5f7e4000 x26=0x00017df9
       10025000	      1001	80002060	000ad193	srli	x3,x21,0x0	 x21:0x00000004  x3=0x00000004
       10035000	      1002	80002064	a1b06613	ori	x12,x0,-1509	  x0:0x00000000 x12=0xfffffa1b
       10045000	      1003	80002068	0014ba33	sltu	x20,x9,x1	  x9:0x96882f55  x1:0x00000001 x20=0x00000000
       10055000	      1004	8000206c	00ce8a63	beq	x29,x12,80002080	 x29:0x00000000 x12:0xfffffa1b
       10065000	      1005	80002070	05375263	bge	x14,x19,800020b4	 x14:0xa4a049e7 x19:0xf5749ffc
       10075000	      1006	80002074	0015d463	bge	x11,x1,8000207c	 x11:0x40000000  x1:0x00000001
       10085000	      1007	00000000	00000013	addi	x0,x0,0	  x0:0x00000000
       10095000	      1008	80002078	00000013	addi	x0,x0,0	  x0:0x00000000
       10105000	      1009	8000207c	05e1d463	bge	x3,x30,800020c4	  x3:0x00000004 x30:0xfffffbef
       10115000	      1010	00000000	00000013	addi	x0,x0,0	  x0:0x00000000
       10125000	      1011	800020c0	00000013	addi	x0,x0,0	  x0:0x00000000
       10135000	      1012	800020c4	003322b3	slt	x5,x6,x3	  x6:0x00000001  x3:0x00000004  x5=0x00000001
       10145000	      1013	800020c8	b9becf93	xori	x31,x29,-1125	 x29:0x00000000 x31=0xfffffb9b
       10155000	      1014	800020cc	01ba1d13	slli	x26,x20,0x1b	 x20:0x00000000 x26=0x00000000
       10165000	      1015	800020d0	00000013	addi	x0,x0,0	  x0:0x00000000
       10175000	      1016	800020d4	20aaf917	auipc	x18,0x20aaf	 x18=0xa0ab10d0
       10185000	      1017	800020d8	0056dc13	srli	x24,x13,0x5	 x13:0x80009f54 x24=0x040004fa
       10195000	      1018	800020dc	f9f34537	lui	x10,0xf9f34	 x10=0xf9f34000
       10205000	      1019	800020e0	a193f517	auipc	x10,0xa193f	 x10=0x219410dc
       10215000	      1020	800020e4	42a7a037	lui	x0,0x42a7a	
       10225000	      1021	800020e8	c686f793	andi	x15,x13,-920	 x13:0x80009f54 x15=0x80009c40
       10235000	      1022	800020ec	00466663	bltu	x12,x4,800020f8	 x12:0xfffffa1b  x4:0x96882935
       10245000	      1023	800020f0	409983b3	sub	x7,x19,x9	 x19:0xf5749ffc  x9:0x96882f55  x7=0x5eec70a7
       10255000	      1024	800020f4	376f0b13	addi	x22,x30,886	 x30:0xfffffbef x22=0xffffff65
       10265000	      1025	800020f8	00adc0b3	xor	x1,x27,x10	 x27:0x318b7014 x10:0x219410dc  x1=0x101f60c8
       10275000	      1026	800020fc	00f5e263	bltu	x11,x15,80002100	 x11:0x40000000 x15:0x80009c40
       10285000	      1027	00000000	00000013	addi	x0,x0,0	  x0:0x00000000
       10295000	      1028	800020fc	00000013	addi	x0,x0,0	  x0:0x00000000
       10305000	      1029	80002100	30766813	ori	x16,x12,775	 x12:0xfffffa1b x16=0xfffffb1f
       10315000	      1030	80002104	033c7063	bgeu	x24,x19,80002124	 x24:0x040004fa x19:0xf5749ffc
       10325000	      1031	80002108	0155ceb3	xor	x29,x11,x21	 x11:0x40000000 x21:0x00000004 x29=0x40000004
       10335000	      1032	8000210c	84f93413	sltiu	x8,x18,-1969	 x18:0xa0ab10d0  x8=0x00000001
       10345000	      1033	80002110	016b3233	sltu	x4,x22,x22	 x22:0xffffff65 x22:0xffffff65  x4=0x00000000
       10355000	      1034	80002114	00448663	beq	x9,x4,80002120	  x9:0x96882f55  x4:0x00000000
       10365000	      1035	80002118	7b08e913	ori	x18,x17,1968	 x17:0x02400653 x18=0x024007f3
       10375000	      1036	8000211c	d8584a13	xori	x20,x16,-635	 x16:0xfffffb1f x20=0x0000069a
       10385000	      1037	80002120	01097463	bgeu	x18,x16,80002128	 x18:0x024007f3 x16:0xfffffb1f
       10395000	      1038	80002124	00d375b3	and	x11,x6,x13	  x6:0x00000001 x13:0x80009f54 x11=0x00000000
       10405000	      1039	80002128	41e5f413	andi	x8,x11,1054	 x11:0x00000000  x8=0x00000000
       10415000	      1040	8000212c	000e25b3	slt	x11,x28,x0	 x28:0xfffffa4a  x0:0x00000000 x11=0x00000001
       10425000	      1041	80002130	00aa3e33	sltu	x28,x20,x10	 x20:0x0000069a x10:0x219410dc x28=0x00000001
       10435000	      1042	80002134	01b61e63	bne	x12,x27,80002150	 x12:0xfffffa1b x27:0x318b7014
       10445000	      1043	00000000	00000013	addi	x0,x0,0	  x0:0x00000000
       10455000	      1044	8000214c	00000013	addi	x0,x0,0	  x0:0x00000000
       10465000	      1045	80002150	8e393193	sltiu	x3,x18,-1821	 x18:0x024007f3  x3=0x00000001
       10475000	      1046	80002154	065c7263	bgeu	x24,x5,800021b8	 x24:0x040004fa  x5:0x00000001
       10485000	      1047	00000000	00000013	addi	x0,x0,0	  x0:0x00000000
       10495000	      1048	800021b4	00000013	addi	x0,x0,0	  x0:0x00000000
       10505000	      1049	800021b8	48b66597	auipc	x11,0x48b66	 x11=0xc8b681b4
       10515000	      1050	800021bc	12e00893	addi	x17,x0,302	  x0:0x00000000 x17=0x0000012e
       10525000	      1051	800021c0	0065acb3	slt	x25,x11,x6	 x11:0xc8b681b4  x6:0x00000001 x25=0x00000001
       10535000	      1052	800021c4	03baf663	bgeu	x21,x27,800021f0	 x21:0x00000004 x27:0x318b7014
       10545000	      1053	800021c8	006bdf13	srli	x30,x23,0x6	 x23:0x00000350 x30=0x0000000d
       10555000	      1054	800021cc	00000013	addi	x0,x0,0	  x0:0x00000000
       10565000	      1055	800021d0	ac548513	addi	x10,x9,-1339	  x9:0x96882f55 x10=0x96882a1a
       10575000	      1056	800021d4	05800463	beq	x0,x24,8000221c	  x0:0x00000000 x24:0x040004fa
       10585000	      1057	800021d8	004b6533	or	x10,x22,x4	 x22:0xffffff65  x4:0x00000000 x10=0xffffff65
       10595000	      1058	800021dc	01118333	add	x6,x3,x17	  x3:0x00000001 x17:0x0000012e  x6=0x0000012f
       10605000	      1059	800021e0	01efc333	xor	x6,x31,x30	 x31:0xfffffb9b x30:0x0000000d  x6=0xfffffb96
       10615000	      1060	800021e4	023fd063	bge	x31,x3,80002204	 x31:0xfffffb9b  x3:0x00000001
       10625000	      1061	800021e8	404f8bb3	sub	x23,x31,x4	 x31:0xfffffb9b  x4:0x00000000 x23=0xfffffb9b
       10635000	      1062	800021ec	03817063	bgeu	x2,x24,8000220c	  x2:0x80009fc4 x24:0x040004fa
       10645000	      1063	00000000	00000013	addi	x0,x0,0	  x0:0x00000000
       10655000	      1064	80002208	00000013	addi	x0,x0,0	  x0:0x00000000
       10665000	      1065	8000220c	40cc8933	sub	x18,x25,x12	 x25:0x00000001 x12:0xfffffa1b x18=0x000005e6
       10675000	      1066	80002210	01e90eb3	add	x29,x18,x30	 x18:0x000005e6 x30:0x0000000d x29=0x000005f3
       10685000	      1067	80002214	1b1afc13	andi	x24,x21,433	 x21:0x00000004 x24=0x00000000
       10695000	      1068	80002218	656dea93	ori	x21,x27,1622	 x27:0x318b7014 x21=0x318b7656
       10705000	      1069	8000221c	e27df293	andi	x5,x27,-473	 x27:0x318b7014  x5=0x318b7004
       10715000	      1070	80002220	001b38b3	sltu	x17,x22,x1	 x22:0xffffff65  x1:0x101f60c8 x17=0x00000000
       10725000	      1071	80002224	00a47fb3	and	x31,x8,x10	  x8:0x00000000 x10:0xffffff65 x31=0x00000000
       10735000	      1072	80002228	40865913	srai	x18,x12,0x8	 x12:0xfffffa1b x18=0xfffffffa
       10745000	      1073	8000222c	006bfdb3	and	x27,x23,x6	 x23:0xfffffb9b  x6:0xfffffb96 x27=0xfffffb92
       10755000	      1074	80002230	00b808b3	add	x17,x16,x11	 x16:0xfffffb1f x11:0xc8b681b4 x17=0xc8b67cd3
       10765000	      1075	80002234	05ef4463	blt	x30,x30,8000227c	 x30:0x0000000d x30:0x0000000d
       10775000	      1076	80002238	01fb82b3	add	x5,x23,x31	 x23:0xfffffb9b x31:0x00000000  x5=0xfffffb9b
       10785000	      1077	8000223c	01149f33	sll	x30,x9,x17	  x9:0x96882f55 x17:0xc8b67cd3 x30=0x7aa80000
       10795000	      1078	80002240	0183f663	bgeu	x7,x24,8000224c	  x7:0x5eec70a7 x24:0x00000000
       10805000	      1079	00000000	00000013	addi	x0,x0,0	  x0:0x00000000
       10815000	      1080	80002248	00000013	addi	x0,x0,0	  x0:0x00000000
       10825000	      1081	8000224c	a4d48893	addi	x17,x9,-1459	  x9:0x96882f55 x17=0x968829a2
       10835000	      1082	80002250	0095f1b3	and	x3,x11,x9	 x11:0xc8b681b4  x9:0x96882f55  x3=0x80800114
       10845000	      1083	80002254	40685a33	sra	x20,x16,x6	 x16:0xfffffb1f  x6:0xfffffb96 x20=0xffffffff
       10855000	      1084	80002258	41f45a33	sra	x20,x8,x31	  x8:0x00000000 x31:0x00000000 x20=0x00000000
       10865000	      1085	8000225c	00d973b3	and	x7,x18,x13	 x18:0xfffffffa x13:0x80009f54  x7=0x80009f50
       10875000	      1086	80002260	01c60db3	add	x27,x12,x28	 x12:0xfffffa1b x28:0x00000001 x27=0xfffffa1c
       10885000	      1087	80002264	01dfae33	slt	x28,x31,x29	 x31:0x00000000 x29:0x000005f3 x28=0x00000001
       10895000	      1088	80002268	309b0793	addi	x15,x22,777	 x22:0xffffff65 x15=0x0000026e
       10905000	      1089	8000226c	774ee7b7	lui	x15,0x774ee	 x15=0x774ee000
       10915000	      1090	80002270	007d9463	bne	x27,x7,80002278	 x27:0xfffffa1c  x7:0x80009f50
       10925000	      1091	00000000	00000013	addi	x0,x0,0	  x0:0x00000000
       10935000	      1092	80002274	00000013	addi	x0,x0,0	  x0:0x00000000
       10945000	      1093	80002278	00ba9a63	bne	x21,x11,8000228c	 x21:0x318b7656 x11:0xc8b681b4
       10955000	      1094	00000000	00000013	addi	x0,x0,0	  x0:0x00000000
       10965000	      1095	80002288	00000013	addi	x0,x0,0	  x0:0x00000000
       10975000	      1096	8000228c	0102b7b3	sltu	x15,x5,x16	  x5:0xfffffb9b x16:0xfffffb1f x15=0x00000000
       10985000	      1097	80002290	000e9863	bne	x29,x0,800022a0	 x29:0x000005f3  x0:0x00000000
       10995000	      1098	00000000	00000013	addi	x0,x0,0	  x0:0x00000000
       11005000	      1099	8000229c	00000013	addi	x0,x0,0	  x0:0x00000000
       11015000	      1100	800022a0	40d35413	srai	x8,x6,0xd	  x6:0xfffffb96  x8=0xffffffff
       11025000	      1101	800022a4	179bbf17	auipc	x30,0x179bb	 x30=0x979bd2a0
       11035000	      1102	800022a8	01862633	slt	x12,x12,x24	 x12:0xfffffa1b x24:0x00000000 x12=0x00000001
       11045000	      1103	800022ac	40aad213	srai	x4,x21,0xa	 x21:0x318b7656  x4=0x000c62dd
       11055000	      1104	800022b0	4101d293	srai	x5,x3,0x10	  x3:0x80800114  x5=0xffff8080
       11065000	      1105	800022b4	21f3e213	ori	x4,x7,543	  x7:0x80009f50  x4=0x80009f5f
       11075000	      1106	800022b8	013dba33	sltu	x20,x27,x19	 x27:0xfffffa1c x19:0xf5749ffc x20=0x00000000
       11085000	      1107	800022bc	00000013	addi	x0,x0,0	  x0:0x00000000
       11095000	      1108	800022c0	c8cff36f	jal	x6,800022c0	  x6=0x800022c0
       11105000	      1109	00000000	00000013	addi	x0,x0,0	  x0:0x00000000
       11115000	      1110	80001748	00000013	addi	x0,x0,0	  x0:0x00000000
       11125000	      1111	8000174c	404ed533	sra	x10,x29,x4	 x29:0x000005f3  x4:0x80009f5f x10=0x00000000
       11135000	      1112	80001750	36a7c793	xori	x15,x15,874	 x15:0x00000000 x15=0x0000036a
       11145000	      1113	80001754	00769a93	slli	x21,x13,0x7	 x13:0x80009f54 x21=0x004faa00
       11155000	      1114	80001758	0057fe33	and	x28,x15,x5	 x15:0x0000036a  x5:0xffff8080 x28=0x00000000
       11165000	      1115	8000175c	dcff4c13	xori	x24,x30,-561	 x30:0x979bd2a0 x24=0x68642f6f
       11175000	      1116	80001760	fd868693	addi	x13,x13,-40	 x13:0x80009f54 x13=0x80009f2c
       11185000	      1117	80001764	0177dc13	srli	x24,x15,0x17	 x15:0x0000036a x24=0x00000000
       11195000	      1118	80001768	0066a223	sw	x6,4(x13)	 x13:0x80009f2c  x6:0x800022c0 PA:0x80009f30
       11205000	      1119	8000176c	01fd1f93	slli	x31,x26,0x1f	 x26:0x00000000 x31=0x00000000
       11215000	      1120	80001770	fae3a293	slti	x5,x7,-82	  x7:0x80009f50  x5=0x00000001
       11225000	      1121	80001774	404fd533	sra	x10,x31,x4	 x31:0x00000000  x4:0x80009f5f x10=0x00000000
       11235000	      1122	80001778	6797b793	sltiu	x15,x15,1657	 x15:0x0000036a x15=0x00000001
       11245000	      1123	8000177c	00816a63	bltu	x2,x8,80001790	  x2:0x80009fc4  x8:0xffffffff
       11255000	      1124	00000000	00000013	addi	x0,x0,0	  x0:0x00000000
       11265000	      1125	8000178c	00000013	addi	x0,x0,0	  x0:0x00000000
       11275000	      1126	80001790	72682d93	slti	x27,x16,1830	 x16:0xfffffb1f x27=0x00000001
       11285000	      1127	80001794	00967c33	and	x24,x12,x9	 x12:0x00000001  x9:0x96882f55 x24=0x00000001
       11295000	      1128	80001798	00f6e7b3	or	x15,x13,x15	 x13:0x80009f2c x15:0x00000001 x15=0x80009f2d
       11305000	      1129	8000179c	0164a1b3	slt	x3,x9,x22	  x9:0x96882f55 x22:0xffffff65  x3=0x00000001
       11315000	      1130	800017a0	fabee493	ori	x9,x29,-85	 x29:0x000005f3  x9=0xfffffffb
       11325000	      1131	800017a4	01113533	sltu	x10,x2,x17	  x2:0x80009fc4 x17:0x968829a2 x10=0x00000001
       11335000	      1132	800017a8	bbd3c017	auipc	x0,0xbbd3c	
       11345000	      1133	800017ac	a1b8b237	lui	x4,0xa1b8b	  x4=0xa1b8b000
       11355000	      1134	800017b0	e5272213	slti	x4,x14,-430	 x14:0xa4a049e7  x4=0x00000001
       11365000	      1135	800017b4	c606ff93	andi	x31,x13,-928	 x13:0x80009f2c x31=0x80009c20
       11375000	      1136	800017b8	409fd813	srai	x16,x31,0x9	 x31:0x80009c20 x16=0xffc0004e
       11385000	      1137	800017bc	40db0eb3	sub	x29,x22,x13	 x22:0xffffff65 x13:0x80009f2c x29=0x7fff6039
       11395000	      1138	800017c0	02780e63	beq	x16,x7,800017fc	 x16:0xffc0004e  x7:0x80009f50
       11405000	      1139	800017c4	40218433	sub	x8,x3,x2	  x3:0x00000001  x2:0x80009fc4  x8=0x7fff603d
       11415000	      1140	800017c8	03bd0a63	beq	x26,x27,800017fc	 x26:0x00000000 x27:0x00000001
       11425000	      1141	800017cc	02f57863	bgeu	x10,x15,800017fc	 x10:0x00000001 x15:0x80009f2d
       11435000	      1142	800017d0	28e66f93	ori	x31,x12,654	 x12:0x00000001 x31=0x0000028f
       11445000	      1143	800017d4	f1ad8d13	addi	x26,x27,-230	 x27:0x00000001 x26=0xffffff1b
       11455000	      1144	800017d8	31cef8b7	lui	x17,0x31cef	 x17=0x31cef000
       11465000	      1145	800017dc	01cd0b33	add	x22,x26,x28	 x26:0xffffff1b x28:0x00000000 x22=0xffffff1b
       11475000	      1146	800017e0	0038ee63	bltu	x17,x3,800017fc	 x17:0x31cef000  x3:0x00000001
       11485000	      1147	800017e4	01f55263	bge	x10,x31,800017e8	 x10:0x00000001 x31:0x0000028f
       11495000	      1148	800017e8	01804a63	blt	x0,x24,800017fc	  x0:0x00000000 x24:0x00000001
       11505000	      1149	00000000	00000013	addi	x0,x0,0	  x0:0x00000000
       11515000	      1150	800017f8	00000013	addi	x0,x0,0	  x0:0x00000000
       11525000	      1151	800017fc	019e0833	add	x16,x28,x25	 x28:0x00000000 x25:0x00000001 x16=0x00000001
       11535000	      1152	80001800	0046a303	lw	x6,4(x13)	 x13:0x80009f2c  x6=0x800022c0 PA:0x80009f30
       11545000	      1153	80001804	5e94bf93	sltiu	x31,x9,1513	  x9:0xfffffffb x31=0x00000000
       11555000	      1154	80001808	01cbc933	xor	x18,x23,x28	 x23:0xfffffb9b x28:0x00000000 x18=0xfffffb9b
       11565000	      1155	8000180c	00aa4b33	xor	x22,x20,x10	 x20:0x00000000 x10:0x00000001 x22=0x00000001
       11575000	      1156	80001810	d90dce93	xori	x29,x27,-624	 x27:0x00000001 x29=0xfffffd91
       11585000	      1157	80001814	00cda533	slt	x10,x27,x12	 x27:0x00000001 x12:0x00000001 x10=0x00000000
       11595000	      1158	80001818	02868693	addi	x13,x13,40	 x13:0x80009f2c x13=0x80009f54
       11605000	      1159	8000181c	01b32033	slt	x0,x6,x27	  x6:0x800022c0 x27:0x00000001
       11615000	      1160	80001820	0065dc13	srli	x24,x11,0x6	 x11:0xc8b681b4 x24=0x0322da06
       11625000	      1161	80001824	4b1af497	auipc	x9,0x4b1af	  x9=0xcb1b0820
       11635000	      1162	80001828	41035433	sra	x8,x6,x16	  x6:0x800022c0 x16:0x00000001  x8=0xc0001160
       11645000	      1163	8000182c	00030293	addi	x5,x6,0	  x6:0x800022c0  x5=0x800022c0
       11655000	      1164	80001830	000282e7	jalr	x5,x5,0	  x5:0x800022c0  x5=0x80001830
       11665000	      1165	00000000	00000013	addi	x0,x0,0	  x0:0x00000000
       11675000	      1166	800022c0	00000013	addi	x0,x0,0	  x0:0x00000000
       11685000	      1167	800022c4	0117f3b3	and	x7,x15,x17	 x15:0x80009f2d x17:0x31cef000  x7=0x00009000
       11695000	      1168	800022c8	4124dc93	srai	x25,x9,0x12	  x9:0xcb1b0820 x25=0xfffff2c6
       11705000	      1169	800022cc	00000013	addi	x0,x0,0	  x0:0x00000000
       11715000	      1170	800022d0	005cd463	bge	x25,x5,800022d8	 x25:0xfffff2c6  x5:0x80001830
       11725000	      1171	00000000	00000013	addi	x0,x0,0	  x0:0x00000000
       11735000	      1172	800022d4	00000013	addi	x0,x0,0	  x0:0x00000000
       11745000	      1173	800022d8	008f8263	beq	x31,x8,800022dc	 x31:0x00000000  x8:0xc0001160
       11755000	      1174	800022dc	023e4c63	blt	x28,x3,80002314	 x28:0x00000000  x3:0x00000001
       11765000	      1175	00000000	00000013	addi	x0,x0,0	  x0:0x00000000
       11775000	      1176	80002310	00000013	addi	x0,x0,0	  x0:0x00000000
       11785000	      1177	80002314	05fb6263	bltu	x22,x31,80002358	 x22:0x00000001 x31:0x00000000
       11795000	      1178	80002318	0330f063	bgeu	x1,x19,80002338	  x1:0x101f60c8 x19:0xf5749ffc
       11805000	      1179	8000231c	4b618e93	addi	x29,x3,1206	  x3:0x00000001 x29=0x000004b7
       11815000	      1180	80002320	01da8663	beq	x21,x29,8000232c	 x21:0x004faa00 x29:0x000004b7
       11825000	      1181	80002324	818aaa13	slti	x20,x21,-2024	 x21:0x004faa00 x20=0x00000000
       11835000	      1182	80002328	cb337d13	andi	x26,x6,-845	  x6:0x800022c0 x26=0x80002080
       11845000	      1183	8000232c	092ced93	ori	x27,x25,146	 x25:0xfffff2c6 x27=0xfffff2d6
       11855000	      1184	80002330	00946633	or	x12,x8,x9	  x8:0xc0001160  x9:0xcb1b0820 x12=0xcb1b1960
       11865000	      1185	80002334	01ff7e33	and	x28,x30,x31	 x30:0x979bd2a0 x31:0x00000000 x28=0x00000000
       11875000	      1186	80002338	00704463	blt	x0,x7,80002340	  x0:0x00000000  x7:0x00009000
       11885000	      1187	00000000	00000013	addi	x0,x0,0	  x0:0x00000000
       11895000	      1188	8000233c	00000013	addi	x0,x0,0	  x0:0x00000000
       11905000	      1189	80002340	02f9fe63	bgeu	x19,x15,8000237c	 x19:0xf5749ffc x15:0x80009f2d
       11915000	      1190	00000000	00000013	addi	x0,x0,0	  x0:0x00000000
       11925000	      1191	80002378	00000013	addi	x0,x0,0	  x0:0x00000000
       11935000	      1192	8000237c	3e4fed93	ori	x27,x31,996	 x31:0x00000000 x27=0x000003e4
       11945000	      1193	80002380	bfd72313	slti	x6,x14,-1027	 x14:0xa4a049e7  x6=0x00000001
       11955000	      1194	80002384	0170ee63	bltu	x1,x23,800023a0	  x1:0x101f60c8 x23:0xfffffb9b
       11965000	      1195	00000000	00000013	addi	x0,x0,0	  x0:0x00000000
       11975000	      1196	8000239c	00000013	addi	x0,x0,0	  x0:0x00000000
       11985000	      1197	800023a0	5db96d13	ori	x26,x18,1499	 x18:0xfffffb9b x26=0xffffffdb
       11995000	      1198	800023a4	00000013	addi	x0,x0,0	  x0:0x00000000
       12005000	      1199	800023a8	e8414993	xori	x19,x2,-380	  x2:0x80009fc4 x19=0x7fff6140
       12015000	      1200	800023ac	0114ffb3	and	x31,x9,x17	  x9:0xcb1b0820 x17:0x31cef000 x31=0x010a0000
       12025000	      1201	800023b0	011b02b3	add	x5,x22,x17	 x22:0x00000001 x17:0x31cef000  x5=0x31cef001
       12035000	      1202	800023b4	41d688b3	sub	x17,x13,x29	 x13:0x80009f54 x29:0x000004b7 x17=0x80009a9d
       12045000	      1203	800023b8	f0bc7e17	auipc	x28,0xf0bc7	 x28=0x70bc93b4
       12055000	      1204	800023bc	41ccd293	srai	x5,x25,0x1c	 x25:0xfffff2c6  x5=0xffffffff
       12065000	      1205	800023c0	05a41463	bne	x8,x26,80002408	  x8:0xc0001160 x26:0xffffffdb
       12075000	      1206	00000000	00000013	addi	x0,x0,0	  x0:0x00000000
       12085000	      1207	80002404	00000013	addi	x0,x0,0	  x0:0x00000000
       12095000	      1208	80002408	00302a33	slt	x20,x0,x3	  x0:0x00000000  x3:0x00000001 x20=0x00000001
       12105000	      1209	8000240c	0024e463	bltu	x9,x2,80002414	  x9:0xcb1b0820  x2:0x80009fc4
       12115000	      1210	80002410	0167b0b3	sltu	x1,x15,x22	 x15:0x80009f2d x22:0x00000001  x1=0x00000000
       12125000	      1211	80002414	010e2c33	slt	x24,x28,x16	 x28:0x70bc93b4 x16:0x00000001 x24=0x00000000
       12135000	      1212	80002418	28e05517	auipc	x10,0x28e05	 x10=0xa8e07414
       12145000	      1213	8000241c	14e5fa93	andi	x21,x11,334	 x11:0xc8b681b4 x21=0x00000104
       12155000	      1214	80002420	0226fe63	bgeu	x13,x2,8000245c	 x13:0x80009f54  x2:0x80009fc4
       12165000	      1215	80002424	008c8db3	add	x27,x25,x8	 x25:0xfffff2c6  x8:0xc0001160 x27=0xc0000426
       12175000	      1216	80002428	01e2fe63	bgeu	x5,x30,80002444	  x5:0xffffffff x30:0x979bd2a0
       12185000	      1217	00000000	00000013	addi	x0,x0,0	  x0:0x00000000
       12195000	      1218	80002440	00000013	addi	x0,x0,0	  x0:0x00000000
       12205000	      1219	80002444	006aecb3	or	x25,x21,x6	 x21:0x00000104  x6:0x00000001 x25=0x00000105
       12215000	      1220	80002448	015f62b3	or	x5,x30,x21	 x30:0x979bd2a0 x21:0x00000104  x5=0x979bd3a4
       12225000	      1221	8000244c	72aace13	xori	x28,x21,1834	 x21:0x00000104 x28=0x0000062e
       12235000	      1222	80002450	01515f93	srli	x31,x2,0x15	  x2:0x80009fc4 x31=0x00000400
       12245000	      1223	80002454	6d4aea13	ori	x20,x21,1748	 x21:0x00000104 x20=0x000007d4
       12255000	      1224	80002458	2b53f413	andi	x8,x7,693	  x7:0x00009000  x8=0x00000000
       12265000	      1225	8000245c	60ec4313	xori	x6,x24,1550	 x24:0x00000000  x6=0x0000060e
       12275000	      1226	80002460	0193b033	sltu	x0,x7,x25	  x7:0x00009000 x25:0x00000105
       12285000	      1227	80002464	f7aabf93	sltiu	x31,x21,-134	 x21:0x00000104 x31=0x00000001
       12295000	      1228	80002468	019a0663	beq	x20,x25,80002474	 x20:0x000007d4 x25:0x00000105
       12305000	      1229	8000246c	01e7f933	and	x18,x15,x30	 x15:0x80009f2d x30:0x979bd2a0 x18=0x80009220
       12315000	      1230	80002470	418e09b3	sub	x19,x28,x24	 x28:0x0000062e x24:0x00000000 x19=0x0000062e
       12325000	      1231	80002474	0573e463	bltu	x7,x23,800024bc	  x7:0x00009000 x23:0xfffffb9b
       12335000	      1232	00000000	00000013	addi	x0,x0,0	  x0:0x00000000
       12345000	      1233	800024b8	00000013	addi	x0,x0,0	  x0:0x00000000
       12355000	      1234	800024bc	00738b33	add	x22,x7,x7	  x7:0x00009000  x7:0x00009000 x22=0x00012000
       12365000	      1235	800024c0	409b8db3	sub	x27,x23,x9	 x23:0xfffffb9b  x9:0xcb1b0820 x27=0x34e4f37b
       12375000	      1236	800024c4	01920a63	beq	x4,x25,800024d8	  x4:0x00000001 x25:0x00000105
       12385000	      1237	800024c8	047ee463	bltu	x29,x7,80002510	 x29:0x000004b7  x7:0x00009000
       12395000	      1238	00000000	00000013	addi	x0,x0,0	  x0:0x00000000
       12405000	      1239	8000250c	00000013	addi	x0,x0,0	  x0:0x00000000
       12415000	      1240	80002510	0125fdb3	and	x27,x11,x18	 x11:0xc8b681b4 x18:0x80009220 x27=0x80008020
       12425000	      1241	80002514	e3600793	addi	x15,x0,-458	  x0:0x00000000 x15=0xfffffe36
       12435000	      1242	80002518	017cedb3	or	x27,x25,x23	 x25:0x00000105 x23:0xfffffb9b x27=0xfffffb9f
       12445000	      1243	8000251c	403ed393	srai	x7,x29,0x3	 x29:0x000004b7  x7=0x00000096
       12455000	      1244	80002520	ed6ba013	slti	x0,x23,-298	 x23:0xfffffb9b
       12465000	      1245	80002524	41545c93	srai	x25,x8,0x15	  x8:0x00000000 x25=0x00000000
       12475000	      1246	80002528	0161a333	slt	x6,x3,x22	  x3:0x00000001 x22:0x00012000  x6=0x00000001
       12485000	      1247	8000252c	e986b793	sltiu	x15,x13,-360	 x13:0x80009f54 x15=0x00000001
       12495000	      1248	80002530	11126c93	ori	x25,x4,273	  x4:0x00000001 x25=0x00000111
       12505000	      1249	80002534	01d5c7b3	xor	x15,x11,x29	 x11:0xc8b681b4 x29:0x000004b7 x15=0xc8b68503
       12515000	      1250	80002538	4992ed37	lui	x26,0x4992e	 x26=0x4992e000
       12525000	      1251	8000253c	00498233	add	x4,x19,x4	 x19:0x0000062e  x4:0x00000001  x4=0x0000062f
       12535000	      1252	80002540	037f5463	bge	x30,x23,80002568	 x30:0x979bd2a0 x23:0xfffffb9b
       12545000	      1253	80002544	00969bb3	sll	x23,x13,x9	 x13:0x80009f54  x9:0xcb1b0820 x23=0x80009f54
       12555000	      1254	80002548	00ac91b3	sll	x3,x25,x10	 x25:0x00000111 x10:0xa8e07414  x3=0x11100000
       12565000	      1255	8000254c	00987f33	and	x30,x16,x9	 x16:0x00000001  x9:0xcb1b0820 x30=0x00000000
       12575000	      1256	80002550	015eafb3	slt	x31,x29,x21	 x29:0x000004b7 x21:0x00000104 x31=0x00000000
       12585000	      1257	80002554	007a8bb3	add	x23,x21,x7	 x21:0x00000104  x7:0x00000096 x23=0x0000019a
       12595000	      1258	80002558	00521913	slli	x18,x4,0x5	  x4:0x0000062f x18=0x0000c5e0
       12605000	      1259	8000255c	2bbb6893	ori	x17,x22,699	 x22:0x00012000 x17=0x000122bb
       12615000	      1260	80002560	e1962013	slti	x0,x12,-487	 x12:0xcb1b1960
       12625000	      1261	80002564	35222a93	slti	x21,x4,850	  x4:0x0000062f x21=0x00000000
       12635000	      1262	80002568	01676bb3	or	x23,x14,x22	 x14:0xa4a049e7 x22:0x00012000 x23=0xa4a169e7
       12645000	      1263	8000256c	005bb333	sltu	x6,x23,x5	 x23:0xa4a169e7  x5:0x979bd3a4  x6=0x00000000
       12655000	      1264	80002570	00967c63	bgeu	x12,x9,80002588	 x12:0xcb1b1960  x9:0xcb1b0820
       12665000	      1265	00000000	00000013	addi	x0,x0,0	  x0:0x00000000
       12675000	      1266	80002584	00000013	addi	x0,x0,0	  x0:0x00000000
       12685000	      1267	80002588	00e77933	and	x18,x14,x14	 x14:0xa4a049e7 x14:0xa4a049e7 x18=0xa4a049e7
       12695000	      1268	8000258c	409e8a33	sub	x20,x29,x9	 x29:0x000004b7  x9:0xcb1b0820 x20=0x34e4fc97
       12705000	      1269	80002590	34da2293	slti	x5,x20,845	 x20:0x34e4fc97  x5=0x00000000
       12715000	      1270	80002594	4136df33	sra	x30,x13,x19	 x13:0x80009f54 x19:0x0000062e x30=0xfffe0002
       12725000	      1271	80002598	adea2f93	slti	x31,x20,-1314	 x20:0x34e4fc97 x31=0x00000000
       12735000	      1272	8000259c	019b9613	slli	x12,x23,0x19	 x23:0xa4a169e7 x12=0xce000000
       12745000	      1273	800025a0	00859663	bne	x11,x8,800025ac	 x11:0xc8b681b4  x8:0x00000000
       12755000	      1274	00000000	00000013	addi	x0,x0,0	  x0:0x00000000
       12765000	      1275	800025a8	00000013	addi	x0,x0,0	  x0:0x00000000
       12775000	      1276	800025ac	00c91863	bne	x18,x12,800025bc	 x18:0xa4a049e7 x12:0xce000000
       12785000	      1277	00000000	00000013	addi	x0,x0,0	  x0:0x00000000
       12795000	      1278	800025b8	00000013	addi	x0,x0,0	  x0:0x00000000
       12805000	      1279	800025bc	023d8063	beq	x27,x3,800025dc	 x27:0xfffffb9f  x3:0x11100000
       12815000	      1280	800025c0	640bb613	sltiu	x12,x23,1600	 x23:0xa4a169e7 x12=0x00000000
       12825000	      1281	800025c4	00c780b3	add	x1,x15,x12	 x15:0xc8b68503 x12:0x00000000  x1=0xc8b68503
       12835000	      1282	800025c8	00687e63	bgeu	x16,x6,800025e4	 x16:0x00000001  x6:0x00000000
       12845000	      1283	00000000	00000013	addi	x0,x0,0	  x0:0x00000000
       12855000	      1284	800025e0	00000013	addi	x0,x0,0	  x0:0x00000000
       12865000	      1285	800025e4	01e628b3	slt	x17,x12,x30	 x12:0x00000000 x30:0xfffe0002 x17=0x00000000
       12875000	      1286	800025e8	009ee633	or	x12,x29,x9	 x29:0x000004b7  x9:0xcb1b0820 x12=0xcb1b0cb7
       12885000	      1287	800025ec	0a038463	beq	x7,x0,80002694	  x7:0x00000096  x0:0x00000000
       12895000	      1288	800025f0	1cd47f93	andi	x31,x8,461	  x8:0x00000000 x31=0x00000000
       12905000	      1289	800025f4	01e643b3	xor	x7,x12,x30	 x12:0xcb1b0cb7 x30:0xfffe0002  x7=0x34e50cb5
       12915000	      1290	800025f8	41448333	sub	x6,x9,x20	  x9:0xcb1b0820 x20:0x34e4fc97  x6=0x96360b89
       12925000	      1291	800025fc	41d75a33	sra	x20,x14,x29	 x14:0xa4a049e7 x29:0x000004b7 x20=0xffffff49
       12935000	      1292	80002600	011a6263	bltu	x20,x17,80002604	 x20:0xffffff49 x17:0x00000000
       12945000	      1293	80002604	01dea033	slt	x0,x29,x29	 x29:0x000004b7 x29:0x000004b7
       12955000	      1294	80002608	09aa8063	beq	x21,x26,80002688	 x21:0x00000000 x26:0x4992e000
       12965000	      1295	8000260c	ffc00913	addi	x18,x0,-4	  x0:0x00000000 x18=0xfffffffc
       12975000	      1296	80002610	00b4fb33	and	x22,x9,x11	  x9:0xcb1b0820 x11:0xc8b681b4 x22=0xc8120020
       12985000	      1297	80002614	c6dfbc93	sltiu	x25,x31,-915	 x31:0x00000000 x25=0x00000001
       12995000	      1298	80002618	01a0c8b7	lui	x17,0x1a0c	 x17=0x01a0c000
       13005000	      1299	8000261c	0031d193	srli	x3,x3,0x3	  x3:0x11100000  x3=0x02220000
       13015000	      1300	80002620	00000e13	addi	x28,x0,0	  x0:0x00000000 x28=0x00000000
       13025000	      1301	80002624	0153db93	srli	x23,x7,0x15	  x7:0x34e50cb5 x23=0x000001a7
       13035000	      1302	80002628	013a6433	or	x8,x20,x19	 x20:0xffffff49 x19:0x0000062e  x8=0xffffff6f
       13045000	      1303	8000262c	5e13a893	slti	x17,x7,1505	  x7:0x34e50cb5 x17=0x00000000
       13055000	      1304	80002630	00290913	addi	x18,x18,2	 x18:0xfffffffc x18=0xfffffffe
       13065000	      1305	80002634	0146d433	srl	x8,x13,x20	 x13:0x80009f54 x20:0xffffff49  x8=0x0040004f
       13075000	      1306	80002638	ffb00293	addi	x5,x0,-5	  x0:0x00000000  x5=0xfffffffb
       13085000	      1307	8000263c	41a4dc33	sra	x24,x9,x26	  x9:0xcb1b0820 x26:0x4992e000 x24=0xcb1b0820
       13095000	      1308	80002640	ff300813	addi	x16,x0,-13	  x0:0x00000000 x16=0xfffffff3
       13105000	      1309	80002644	01022633	slt	x12,x4,x16	  x4:0x0000062f x16:0xfffffff3 x12=0x00000000
       13115000	      1310	80002648	ffa28293	addi	x5,x5,-6	  x5:0xfffffffb  x5=0xfffffff5
       13125000	      1311	8000264c	000505b3	add	x11,x10,x0	 x10:0xa8e07414  x0:0x00000000 x11=0xa8e07414
       13135000	      1312	80002650	9c4f8993	addi	x19,x31,-1596	 x31:0x00000000 x19=0xfffff9c4
       13145000	      1313	80002654	011abcb3	sltu	x25,x21,x17	 x21:0x00000000 x17:0x00000000 x25=0x00000000
       13155000	      1314	80002658	015bd413	srli	x8,x23,0x15	 x23:0x000001a7  x8=0x00000000
       13165000	      1315	8000265c	ff02d4e3	bge	x5,x16,80002644	  x5:0xfffffff5 x16:0xfffffff3
       13175000	      1316	00000000	00000013	addi	x0,x0,0	  x0:0x00000000
       13185000	      1317	80002640	00000013	addi	x0,x0,0	  x0:0x00000000
       13195000	      1318	80002644	01022633	slt	x12,x4,x16	  x4:0x0000062f x16:0xfffffff3 x12=0x00000000
       13205000	      1319	80002648	ffa28293	addi	x5,x5,-6	  x5:0xfffffff5  x5=0xffffffef
       13215000	      1320	8000264c	000505b3	add	x11,x10,x0	 x10:0xa8e07414  x0:0x00000000 x11=0xa8e07414
       13225000	      1321	80002650	9c4f8993	addi	x19,x31,-1596	 x31:0x00000000 x19=0xfffff9c4
       13235000	      1322	80002654	011abcb3	sltu	x25,x21,x17	 x21:0x00000000 x17:0x00000000 x25=0x00000000
       13245000	      1323	80002658	015bd413	srli	x8,x23,0x15	 x23:0x000001a7  x8=0x00000000
       13255000	      1324	8000265c	ff02d4e3	bge	x5,x16,80002644	  x5:0xffffffef x16:0xfffffff3
       13265000	      1325	80002660	0075c5b3	xor	x11,x11,x7	 x11:0xa8e07414  x7:0x34e50cb5 x11=0x9c0578a1
       13275000	      1326	80002664	fdc944e3	blt	x18,x28,8000262c	 x18:0xfffffffe x28:0x00000000
       13285000	      1327	00000000	00000013	addi	x0,x0,0	  x0:0x00000000
       13295000	      1328	80002628	00000013	addi	x0,x0,0	  x0:0x00000000
       13305000	      1329	8000262c	5e13a893	slti	x17,x7,1505	  x7:0x34e50cb5 x17=0x00000000
       13315000	      1330	80002630	00290913	addi	x18,x18,2	 x18:0xfffffffe x18=0x00000000
       13325000	      1331	80002634	0146d433	srl	x8,x13,x20	 x13:0x80009f54 x20:0xffffff49  x8=0x0040004f
       13335000	      1332	80002638	ffb00293	addi	x5,x0,-5	  x0:0x00000000  x5=0xfffffffb
       13345000	      1333	8000263c	41a4dc33	sra	x24,x9,x26	  x9:0xcb1b0820 x26:0x4992e000 x24=0xcb1b0820
       13355000	      1334	80002640	ff300813	addi	x16,x0,-13	  x0:0x00000000 x16=0xfffffff3
       13365000	      1335	80002644	01022633	slt	x12,x4,x16	  x4:0x0000062f x16:0xfffffff3 x12=0x00000000
       13375000	      1336	80002648	ffa28293	addi	x5,x5,-6	  x5:0xfffffffb  x5=0xfffffff5
       13385000	      1337	8000264c	000505b3	add	x11,x10,x0	 x10:0xa8e07414  x0:0x00000000 x11=0xa8e07414
       13395000	      1338	80002650	9c4f8993	addi	x19,x31,-1596	 x31:0x00000000 x19=0xfffff9c4
       13405000	      1339	80002654	011abcb3	sltu	x25,x21,x17	 x21:0x00000000 x17:0x00000000 x25=0x00000000
       13415000	      1340	80002658	015bd413	srli	x8,x23,0x15	 x23:0x000001a7  x8=0x00000000
       13425000	      1341	8000265c	ff02d4e3	bge	x5,x16,80002644	  x5:0xfffffff5 x16:0xfffffff3
       13435000	      1342	00000000	00000013	addi	x0,x0,0	  x0:0x00000000
       13445000	      1343	80002640	00000013	addi	x0,x0,0	  x0:0x00000000
       13455000	      1344	80002644	01022633	slt	x12,x4,x16	  x4:0x0000062f x16:0xfffffff3 x12=0x00000000
       13465000	      1345	80002648	ffa28293	addi	x5,x5,-6	  x5:0xfffffff5  x5=0xffffffef
       13475000	      1346	8000264c	000505b3	add	x11,x10,x0	 x10:0xa8e07414  x0:0x00000000 x11=0xa8e07414
       13485000	      1347	80002650	9c4f8993	addi	x19,x31,-1596	 x31:0x00000000 x19=0xfffff9c4
       13495000	      1348	80002654	011abcb3	sltu	x25,x21,x17	 x21:0x00000000 x17:0x00000000 x25=0x00000000
       13505000	      1349	80002658	015bd413	srli	x8,x23,0x15	 x23:0x000001a7  x8=0x00000000
       13515000	      1350	8000265c	ff02d4e3	bge	x5,x16,80002644	  x5:0xffffffef x16:0xfffffff3
       13525000	      1351	80002660	0075c5b3	xor	x11,x11,x7	 x11:0xa8e07414  x7:0x34e50cb5 x11=0x9c0578a1
       13535000	      1352	80002664	fdc944e3	blt	x18,x28,8000262c	 x18:0x00000000 x28:0x00000000
       13545000	      1353	80002668	06ffae93	slti	x29,x31,111	 x31:0x00000000 x29=0x00000001
       13555000	      1354	8000266c	8ae7e193	ori	x3,x15,-1874	 x15:0xc8b68503  x3=0xfffffdaf
       13565000	      1355	80002670	01094663	blt	x18,x16,8000267c	 x18:0x00000000 x16:0xfffffff3
       13575000	      1356	80002674	02b87013	andi	x0,x16,43	 x16:0xfffffff3
       13585000	      1357	80002678	40f5d4b3	sra	x9,x11,x15	 x11:0x9c0578a1 x15:0xc8b68503  x9=0xf380af14
       13595000	      1358	8000267c	00000013	addi	x0,x0,0	  x0:0x00000000
       13605000	      1359	80002680	40df57b3	sra	x15,x30,x13	 x30:0xfffe0002 x13:0x80009f54 x15=0xffffffff
       13615000	      1360	80002684	41300fb3	sub	x31,x0,x19	  x0:0x00000000 x19:0xfffff9c4 x31=0x0000063c
       13625000	      1361	80002688	40295993	srai	x19,x18,0x2	 x18:0x00000000 x19=0x00000000
       13635000	      1362	8000268c	41e454b3	sra	x9,x8,x30	  x8:0x00000000 x30:0xfffe0002  x9=0x00000000
       13645000	      1363	80002690	003e9ab3	sll	x21,x29,x3	 x29:0x00000001  x3:0xfffffdaf x21=0x00008000
       13655000	      1364	80002694	a258c793	xori	x15,x17,-1499	 x17:0x00000000 x15=0xfffffa25
       13665000	      1365	80002698	00e64ab3	xor	x21,x12,x14	 x12:0x00000000 x14:0xa4a049e7 x21=0xa4a049e7
       13675000	      1366	8000269c	40c48db3	sub	x27,x9,x12	  x9:0x00000000 x12:0x00000000 x27=0x00000000
       13685000	      1367	800026a0	01372833	slt	x16,x14,x19	 x14:0xa4a049e7 x19:0x00000000 x16=0x00000001
       13695000	      1368	800026a4	01e54cb3	xor	x25,x10,x30	 x10:0xa8e07414 x30:0xfffe0002 x25=0x571e7416
       13705000	      1369	800026a8	bae97313	andi	x6,x18,-1106	 x18:0x00000000  x6=0x00000000
       13715000	      1370	800026ac	011e5093	srli	x1,x28,0x11	 x28:0x00000000  x1=0x00000000
       13725000	      1371	800026b0	01cf1463	bne	x30,x28,800026b8	 x30:0xfffe0002 x28:0x00000000
       13735000	      1372	00000000	00000013	addi	x0,x0,0	  x0:0x00000000
       13745000	      1373	800026b4	00000013	addi	x0,x0,0	  x0:0x00000000
       13755000	      1374	800026b8	48aca313	slti	x6,x25,1162	 x25:0x571e7416  x6=0x00000000
       13765000	      1375	800026bc	1acef493	andi	x9,x29,428	 x29:0x00000001  x9=0x00000000
       13775000	      1376	800026c0	0143e463	bltu	x7,x20,800026c8	  x7:0x34e50cb5 x20:0xffffff49
       13785000	      1377	00000000	00000013	addi	x0,x0,0	  x0:0x00000000
       13795000	      1378	800026c4	00000013	addi	x0,x0,0	  x0:0x00000000
       13805000	      1379	800026c8	01c36463	bltu	x6,x28,800026d0	  x6:0x00000000 x28:0x00000000
       13815000	      1380	800026cc	0425c463	blt	x11,x2,80002714	 x11:0x9c0578a1  x2:0x80009fc4
       13825000	      1381	800026d0	01b5c433	xor	x8,x11,x27	 x11:0x9c0578a1 x27:0x00000000  x8=0x9c0578a1
       13835000	      1382	800026d4	011cafb3	slt	x31,x25,x17	 x25:0x571e7416 x17:0x00000000 x31=0x00000000
       13845000	      1383	800026d8	00f413b3	sll	x7,x8,x15	  x8:0x9c0578a1 x15:0xfffffa25  x7=0x80af1420
       13855000	      1384	800026dc	052d0263	beq	x26,x18,80002720	 x26:0x4992e000 x18:0x00000000
       13865000	      1385	800026e0	00281463	bne	x16,x2,800026e8	 x16:0x00000001  x2:0x80009fc4
       13875000	      1386	00000000	00000013	addi	x0,x0,0	  x0:0x00000000
       13885000	      1387	800026e4	00000013	addi	x0,x0,0	  x0:0x00000000
       13895000	      1388	800026e8	40b30433	sub	x8,x6,x11	  x6:0x00000000 x11:0x9c0578a1  x8=0x63fa875f
       13905000	      1389	800026ec	00d4bb33	sltu	x22,x9,x13	  x9:0x00000000 x13:0x80009f54 x22=0x00000001
       13915000	      1390	800026f0	009bcc63	blt	x23,x9,80002708	 x23:0x000001a7  x9:0x00000000
       13925000	      1391	800026f4	0105ee33	or	x28,x11,x16	 x11:0x9c0578a1 x16:0x00000001 x28=0x9c0578a1
       13935000	      1392	800026f8	00000013	addi	x0,x0,0	  x0:0x00000000
       13945000	      1393	800026fc	007cf463	bgeu	x25,x7,80002704	 x25:0x571e7416  x7:0x80af1420
       13955000	      1394	80002700	00000013	addi	x0,x0,0	  x0:0x00000000
       13965000	      1395	80002704	043d8263	beq	x27,x3,80002748	 x27:0x00000000  x3:0xfffffdaf
       13975000	      1396	80002708	4b913593	sltiu	x11,x2,1209	  x2:0x80009fc4 x11=0x00000000
       13985000	      1397	8000270c	011e62b3	or	x5,x28,x17	 x28:0x9c0578a1 x17:0x00000000  x5=0x9c0578a1
       13995000	      1398	80002710	c6146b93	ori	x23,x8,-927	  x8:0x63fa875f x23=0xffffff7f
       14005000	      1399	80002714	01a4d263	bge	x9,x26,80002718	  x9:0x00000000 x26:0x4992e000
       14015000	      1400	80002718	6c73ba13	sltiu	x20,x7,1735	  x7:0x80af1420 x20=0x00000000
       14025000	      1401	8000271c	32a88c13	addi	x24,x17,810	 x17:0x00000000 x24=0x0000032a
       14035000	      1402	80002720	463bb613	sltiu	x12,x23,1123	 x23:0xffffff7f x12=0x00000000
       14045000	      1403	80002724	020b8663	beq	x23,x0,80002750	 x23:0xffffff7f  x0:0x00000000
       14055000	      1404	80002728	01861463	bne	x12,x24,80002730	 x12:0x00000000 x24:0x0000032a
       14065000	      1405	00000000	00000013	addi	x0,x0,0	  x0:0x00000000
       14075000	      1406	8000272c	00000013	addi	x0,x0,0	  x0:0x00000000
       14085000	      1407	80002730	feed8f13	addi	x30,x27,-18	 x27:0x00000000 x30=0xffffffee
       14095000	      1408	80002734	b603a093	slti	x1,x7,-1184	  x7:0x80af1420  x1=0x00000001
       14105000	      1409	80002738	40150b33	sub	x22,x10,x1	 x10:0xa8e07414  x1:0x00000001 x22=0xa8e07413
       14115000	      1410	8000273c	41e8dc13	srai	x24,x17,0x1e	 x17:0x00000000 x24=0x00000000
       14125000	      1411	80002740	ffd07413	andi	x8,x0,-3	  x0:0x00000000  x8=0x00000000
       14135000	      1412	80002744	b3237c93	andi	x25,x6,-1230	  x6:0x00000000 x25=0x00000000
       14145000	      1413	80002748	41c48bb3	sub	x23,x9,x28	  x9:0x00000000 x28:0x9c0578a1 x23=0x63fa875f
       14155000	      1414	8000274c	279a2f97	auipc	x31,0x279a2	 x31=0xa79a4748
       14165000	      1415	80002750	2a311eb7	lui	x29,0x2a311	 x29=0x2a311000
       14175000	      1416	80002754	00869eb3	sll	x29,x13,x8	 x13:0x80009f54  x8:0x00000000 x29=0x80009f54
       14185000	      1417	80002758	007d1193	slli	x3,x26,0x7	 x26:0x4992e000  x3=0xc9700000
       14195000	      1418	8000275c	2ae5c593	xori	x11,x11,686	 x11:0x00000000 x11=0x000002ae
       14205000	      1419	80002760	26dcfa93	andi	x21,x25,621	 x25:0x00000000 x21=0x00000000
       14215000	      1420	80002764	05f0e463	bltu	x1,x31,800027ac	  x1:0x00000001 x31:0xa79a4748
       14225000	      1421	00000000	00000013	addi	x0,x0,0	  x0:0x00000000
       14235000	      1422	800027a8	00000013	addi	x0,x0,0	  x0:0x00000000
       14245000	      1423	800027ac	004c7833	and	x16,x24,x4	 x24:0x00000000  x4:0x0000062f x16=0x00000000
       14255000	      1424	800027b0	d6b60d13	addi	x26,x12,-661	 x12:0x00000000 x26=0xfffffd6b
       14265000	      1425	800027b4	00000013	addi	x0,x0,0	  x0:0x00000000
       14275000	      1426	800027b8	41738db3	sub	x27,x7,x23	  x7:0x80af1420 x23:0x63fa875f x27=0x1cb48cc1
       14285000	      1427	800027bc	b7e0f7b7	lui	x15,0xb7e0f	 x15=0xb7e0f000
       14295000	      1428	800027c0	002a0b33	add	x22,x20,x2	 x20:0x00000000  x2:0x80009fc4 x22=0x80009fc4
       14305000	      1429	800027c4	0a453b17	auipc	x22,0xa453	 x22=0x8a4557c0
       14315000	      1430	800027c8	01960b33	add	x22,x12,x25	 x12:0x00000000 x25:0x00000000 x22=0x00000000
       14325000	      1431	800027cc	01ddd493	srli	x9,x27,0x1d	 x27:0x1cb48cc1  x9=0x00000000
       14335000	      1432	800027d0	01879e63	bne	x15,x24,800027ec	 x15:0xb7e0f000 x24:0x00000000
       14345000	      1433	00000000	00000013	addi	x0,x0,0	  x0:0x00000000
       14355000	      1434	800027e8	00000013	addi	x0,x0,0	  x0:0x00000000
       14365000	      1435	800027ec	0160a4b3	slt	x9,x1,x22	  x1:0x00000001 x22:0x00000000  x9=0x00000000
       14375000	      1436	800027f0	6686e193	ori	x3,x13,1640	 x13:0x80009f54  x3=0x80009f7c
       14385000	      1437	800027f4	0109ffb3	and	x31,x19,x16	 x19:0x00000000 x16:0x00000000 x31=0x00000000
       14395000	      1438	800027f8	052f0463	beq	x30,x18,80002840	 x30:0xffffffee x18:0x00000000
       14405000	      1439	800027fc	007337b3	sltu	x15,x6,x7	  x6:0x00000000  x7:0x80af1420 x15=0x00000001
       14415000	      1440	80002800	030e6e63	bltu	x28,x16,8000283c	 x28:0x9c0578a1 x16:0x00000000
       14425000	      1441	80002804	2267c293	xori	x5,x15,550	 x15:0x00000001  x5=0x00000227
       14435000	      1442	80002808	01a51213	slli	x4,x10,0x1a	 x10:0xa8e07414  x4=0x50000000
       14445000	      1443	8000280c	01b489b3	add	x19,x9,x27	  x9:0x00000000 x27:0x1cb48cc1 x19=0x1cb48cc1
       14455000	      1444	80002810	b0cb8313	addi	x6,x23,-1268	 x23:0x63fa875f  x6=0x63fa826b
       14465000	      1445	80002814	01d14533	xor	x10,x2,x29	  x2:0x80009fc4 x29:0x80009f54 x10=0x00000090
       14475000	      1446	80002818	01ee9663	bne	x29,x30,80002824	 x29:0x80009f54 x30:0xffffffee
       14485000	      1447	00000000	00000013	addi	x0,x0,0	  x0:0x00000000
       14495000	      1448	80002820	00000013	addi	x0,x0,0	  x0:0x00000000
       14505000	      1449	80002824	00b9a933	slt	x18,x19,x11	 x19:0x1cb48cc1 x11:0x000002ae x18=0x00000000
       14515000	      1450	80002828	405dd533	sra	x10,x27,x5	 x27:0x1cb48cc1  x5:0x00000227 x10=0x00396919
       14525000	      1451	8000282c	018a7a63	bgeu	x20,x24,80002840	 x20:0x00000000 x24:0x00000000
       14535000	      1452	00000000	00000013	addi	x0,x0,0	  x0:0x00000000
       14545000	      1453	8000283c	00000013	addi	x0,x0,0	  x0:0x00000000
       14555000	      1454	80002840	43db1b37	lui	x22,0x43db1	 x22=0x43db1000
       14565000	      1455	80002844	018211b3	sll	x3,x4,x24	  x4:0x50000000 x24:0x00000000  x3=0x50000000
       14575000	      1456	80002848	02428e63	beq	x5,x4,80002884	  x5:0x00000227  x4:0x50000000
       14585000	      1457	8000284c	40555033	sra	x0,x10,x5	 x10:0x00396919  x5:0x00000227
       14595000	      1458	80002850	e8f77413	andi	x8,x14,-369	 x14:0xa4a049e7  x8=0xa4a04887
       14605000	      1459	80002854	a117f913	andi	x18,x15,-1519	 x15:0x00000001 x18=0x00000001
       14615000	      1460	80002858	4152d013	srai	x0,x5,0x15	  x5:0x00000227
       14625000	      1461	8000285c	001ebc33	sltu	x24,x29,x1	 x29:0x80009f54  x1:0x00000001 x24=0x00000000
       14635000	      1462	80002860	00000013	addi	x0,x0,0	  x0:0x00000000
       14645000	      1463	80002864	00000013	addi	x0,x0,0	  x0:0x00000000
       14655000	      1464	80002868	b1ce6793	ori	x15,x28,-1252	 x28:0x9c0578a1 x15=0xfffffbbd
       14665000	      1465	8000286c	00564ab3	xor	x21,x12,x5	 x12:0x00000000  x5:0x00000227 x21=0x00000227
       14675000	      1466	80002870	00235393	srli	x7,x6,0x2	  x6:0x63fa826b  x7=0x18fea09a
       14685000	      1467	80002874	dca84893	xori	x17,x16,-566	 x16:0x00000000 x17=0xfffffdca
       14695000	      1468	80002878	94b4cf93	xori	x31,x9,-1717	  x9:0x00000000 x31=0xfffff94b
       14705000	      1469	8000287c	47f40193	addi	x3,x8,1151	  x8:0xa4a04887  x3=0xa4a04d06
       14715000	      1470	80002880	01298c33	add	x24,x19,x18	 x19:0x1cb48cc1 x18:0x00000001 x24=0x1cb48cc2
       14725000	      1471	80002884	41b00433	sub	x8,x0,x27	  x0:0x00000000 x27:0x1cb48cc1  x8=0xe34b733f
       14735000	      1472	80002888	a2693b13	sltiu	x22,x18,-1498	 x18:0x00000001 x22=0x00000001
       14745000	      1473	8000288c	214468b7	lui	x17,0x21446	 x17=0x21446000
       14755000	      1474	80002890	41715893	srai	x17,x2,0x17	  x2:0x80009fc4 x17=0xffffff00
       14765000	      1475	80002894	030cec63	bltu	x25,x16,800028cc	 x25:0x00000000 x16:0x00000000
       14775000	      1476	80002898	01068e63	beq	x13,x16,800028b4	 x13:0x80009f54 x16:0x00000000
       14785000	      1477	8000289c	e10a3fb7	lui	x31,0xe10a3	 x31=0xe10a3000
       14795000	      1478	800028a0	00bdfb33	and	x22,x27,x11	 x27:0x1cb48cc1 x11:0x000002ae x22=0x00000080
       14805000	      1479	800028a4	00665413	srli	x8,x12,0x6	 x12:0x00000000  x8=0x00000000
       14815000	      1480	800028a8	017b8eb3	add	x29,x23,x23	 x23:0x63fa875f x23:0x63fa875f x29=0xc7f50ebe
       14825000	      1481	800028ac	58b74093	xori	x1,x14,1419	 x14:0xa4a049e7  x1=0xa4a04c6c
       14835000	      1482	800028b0	001afcb3	and	x25,x21,x1	 x21:0x00000227  x1:0xa4a04c6c x25=0x00000024
       14845000	      1483	800028b4	a8b27e93	andi	x29,x4,-1397	  x4:0x50000000 x29=0x50000000
       14855000	      1484	800028b8	00c86433	or	x8,x16,x12	 x16:0x00000000 x12:0x00000000  x8=0x00000000
       14865000	      1485	800028bc	bed38293	addi	x5,x7,-1043	  x7:0x18fea09a  x5=0x18fe9c87
       14875000	      1486	800028c0	01ec3cb3	sltu	x25,x24,x30	 x24:0x1cb48cc2 x30:0xffffffee x25=0x00000001
       14885000	      1487	800028c4	00000013	addi	x0,x0,0	  x0:0x00000000
       14895000	      1488	800028c8	001843b3	xor	x7,x16,x1	 x16:0x00000000  x1:0xa4a04c6c  x7=0xa4a04c6c
       14905000	      1489	800028cc	00000013	addi	x0,x0,0	  x0:0x00000000
       14915000	      1490	800028d0	01bcde93	srli	x29,x25,0x1b	 x25:0x00000001 x29=0x00000000
       14925000	      1491	800028d4	0f884513	xori	x10,x16,248	 x16:0x00000000 x10=0x000000f8
       14935000	      1492	800028d8	019c5263	bge	x24,x25,800028dc	 x24:0x1cb48cc2 x25:0x00000001
       14945000	      1493	00000000	00000013	addi	x0,x0,0	  x0:0x00000000
       14955000	      1494	800028d8	00000013	addi	x0,x0,0	  x0:0x00000000
       14965000	      1495	800028dc	00f75663	bge	x14,x15,800028e8	 x14:0xa4a049e7 x15:0xfffffbbd
       14975000	      1496	800028e0	d2e10a93	addi	x21,x2,-722	  x2:0x80009fc4 x21=0x80009cf2
       14985000	      1497	800028e4	00fcd2b3	srl	x5,x25,x15	 x25:0x00000001 x15:0xfffffbbd  x5=0x00000000
       14995000	      1498	800028e8	0324f063	bgeu	x9,x18,80002908	  x9:0x00000000 x18:0x00000001
       15005000	      1499	800028ec	f7169c97	auipc	x25,0xf7169	 x25=0x7716b8e8
       15015000	      1500	800028f0	043e1463	bne	x28,x3,80002938	 x28:0x9c0578a1  x3:0xa4a04d06
       15025000	      1501	00000000	00000013	addi	x0,x0,0	  x0:0x00000000
       15035000	      1502	80002934	00000013	addi	x0,x0,0	  x0:0x00000000
       15045000	      1503	80002938	010e6833	or	x16,x28,x16	 x28:0x9c0578a1 x16:0x00000000 x16=0x9c0578a1
       15055000	      1504	8000293c	009dc433	xor	x8,x27,x9	 x27:0x1cb48cc1  x9:0x00000000  x8=0x1cb48cc1
       15065000	      1505	80002940	2c718993	addi	x19,x3,711	  x3:0xa4a04d06 x19=0xa4a04fcd
       15075000	      1506	80002944	00b1d663	bge	x3,x11,80002950	  x3:0xa4a04d06 x11:0x000002ae
       15085000	      1507	80002948	01053233	sltu	x4,x10,x16	 x10:0x000000f8 x16:0x9c0578a1  x4=0x00000001
       15095000	      1508	8000294c	0bbe9e63	bne	x29,x27,80002a08	 x29:0x00000000 x27:0x1cb48cc1
       15105000	      1509	00000000	00000013	addi	x0,x0,0	  x0:0x00000000
       15115000	      1510	80002a04	00000013	addi	x0,x0,0	  x0:0x00000000
       15125000	      1511	80002a08	01e56433	or	x8,x10,x30	 x10:0x000000f8 x30:0xffffffee  x8=0xfffffffe
       15135000	      1512	80002a0c	ad37cb93	xori	x23,x15,-1325	 x15:0xfffffbbd x23=0x0000016e
       15145000	      1513	80002a10	0125db93	srli	x23,x11,0x12	 x11:0x000002ae x23=0x00000000
       15155000	      1514	80002a14	00b6bab3	sltu	x21,x13,x11	 x13:0x80009f54 x11:0x000002ae x21=0x00000000
       15165000	      1515	80002a18	002041b3	xor	x3,x0,x2	  x0:0x00000000  x2:0x80009fc4  x3=0x80009fc4
       15175000	      1516	80002a1c	03dec463	blt	x29,x29,80002a44	 x29:0x00000000 x29:0x00000000
       15185000	      1517	80002a20	0127e633	or	x12,x15,x18	 x15:0xfffffbbd x18:0x00000001 x12=0xfffffbbd
       15195000	      1518	80002a24	401a5613	srai	x12,x20,0x1	 x20:0x00000000 x12=0x00000000
       15205000	      1519	80002a28	00000013	addi	x0,x0,0	  x0:0x00000000
       15215000	      1520	80002a2c	17562293	slti	x5,x12,373	 x12:0x00000000  x5=0x00000001
       15225000	      1521	80002a30	01bab833	sltu	x16,x21,x27	 x21:0x00000000 x27:0x1cb48cc1 x16=0x00000001
       15235000	      1522	80002a34	002c2833	slt	x16,x24,x2	 x24:0x1cb48cc2  x2:0x80009fc4 x16=0x00000000
       15245000	      1523	80002a38	00000013	addi	x0,x0,0	  x0:0x00000000
       15255000	      1524	80002a3c	0126abb3	slt	x23,x13,x18	 x13:0x80009f54 x18:0x00000001 x23=0x00000001
       15265000	      1525	80002a40	00890c63	beq	x18,x8,80002a58	 x18:0x00000001  x8:0xfffffffe
       15275000	      1526	80002a44	0036fe63	bgeu	x13,x3,80002a60	 x13:0x80009f54  x3:0x80009fc4
       15285000	      1527	80002a48	0357dc63	bge	x15,x21,80002a80	 x15:0xfffffbbd x21:0x00000000
       15295000	      1528	80002a4c	01c23cb3	sltu	x25,x4,x28	  x4:0x00000001 x28:0x9c0578a1 x25=0x00000001
       15305000	      1529	80002a50	04491263	bne	x18,x4,80002a94	 x18:0x00000001  x4:0x00000001
       15315000	      1530	80002a54	01ee8463	beq	x29,x30,80002a5c	 x29:0x00000000 x30:0xffffffee
       15325000	      1531	80002a58	016b9393	slli	x7,x23,0x16	 x23:0x00000001  x7=0x00400000
       15335000	      1532	80002a5c	c592b993	sltiu	x19,x5,-935	  x5:0x00000001 x19=0x00000001
       15345000	      1533	80002a60	01530033	add	x0,x6,x21	  x6:0x63fa826b x21:0x00000000
       15355000	      1534	80002a64	01894cb3	xor	x25,x18,x24	 x18:0x00000001 x24:0x1cb48cc2 x25=0x1cb48cc3
       15365000	      1535	80002a68	26d98293	addi	x5,x19,621	 x19:0x00000001  x5=0x0000026e
       15375000	      1536	80002a6c	0133cdb3	xor	x27,x7,x19	  x7:0x00400000 x19:0x00000001 x27=0x00400001
       15385000	      1537	80002a70	0307a393	slti	x7,x15,48	 x15:0xfffffbbd  x7=0x00000001
       15395000	      1538	80002a74	00b81ab3	sll	x21,x16,x11	 x16:0x00000000 x11:0x000002ae x21=0x00000000
       15405000	      1539	80002a78	007a48b3	xor	x17,x20,x7	 x20:0x00000000  x7:0x00000001 x17=0x00000001
       15415000	      1540	80002a7c	300efa93	andi	x21,x29,768	 x29:0x00000000 x21=0x00000000
       15425000	      1541	80002a80	0354e063	bltu	x9,x21,80002aa0	  x9:0x00000000 x21:0x00000000
       15435000	      1542	80002a84	00f02833	slt	x16,x0,x15	  x0:0x00000000 x15:0xfffffbbd x16=0x00000000
       15445000	      1543	80002a88	6800c293	xori	x5,x1,1664	  x1:0xa4a04c6c  x5=0xa4a04aec
       15455000	      1544	80002a8c	01eadfb3	srl	x31,x21,x30	 x21:0x00000000 x30:0xffffffee x31=0x00000000
       15465000	      1545	80002a90	017d8fb3	add	x31,x27,x23	 x27:0x00400001 x23:0x00000001 x31=0x00400002
       15475000	      1546	80002a94	01aa3313	sltiu	x6,x20,26	 x20:0x00000000  x6=0x00000001
       15485000	      1547	80002a98	970a6193	ori	x3,x20,-1680	 x20:0x00000000  x3=0xfffff970
       15495000	      1548	80002a9c	012a50b3	srl	x1,x20,x18	 x20:0x00000000 x18:0x00000001  x1=0x00000000
       15505000	      1549	80002aa0	04ac5463	bge	x24,x10,80002ae8	 x24:0x1cb48cc2 x10:0x000000f8
       15515000	      1550	00000000	00000013	addi	x0,x0,0	  x0:0x00000000
       15525000	      1551	80002ae4	00000013	addi	x0,x0,0	  x0:0x00000000
       15535000	      1552	80002ae8	01d34e63	blt	x6,x29,80002b04	  x6:0x00000001 x29:0x00000000
       15545000	      1553	80002aec	03c60e63	beq	x12,x28,80002b28	 x12:0x00000000 x28:0x9c0578a1
       15555000	      1554	80002af0	40c2d1b3	sra	x3,x5,x12	  x5:0xa4a04aec x12:0x00000000  x3=0xa4a04aec
       15565000	      1555	80002af4	14fb0b13	addi	x22,x22,335	 x22:0x00000080 x22=0x000001cf
       15575000	      1556	80002af8	01640663	beq	x8,x22,80002b04	  x8:0xfffffffe x22:0x000001cf
       15585000	      1557	80002afc	604ac893	xori	x17,x21,1540	 x21:0x00000000 x17=0x00000604
       15595000	      1558	80002b00	73686c13	ori	x24,x16,1846	 x16:0x00000000 x24=0x00000736
       15605000	      1559	80002b04	0145b5b3	sltu	x11,x11,x20	 x11:0x000002ae x20:0x00000000 x11=0x00000000
       15615000	      1560	80002b08	00000013	addi	x0,x0,0	  x0:0x00000000
       15625000	      1561	80002b0c	015f0633	add	x12,x30,x21	 x30:0xffffffee x21:0x00000000 x12=0xffffffee
       15635000	      1562	80002b10	03299063	bne	x19,x18,80002b30	 x19:0x00000001 x18:0x00000001
       15645000	      1563	80002b14	00955f33	srl	x30,x10,x9	 x10:0x000000f8  x9:0x00000000 x30=0x000000f8
       15655000	      1564	80002b18	00600463	beq	x0,x6,80002b20	  x0:0x00000000  x6:0x00000001
       15665000	      1565	80002b1c	00000013	addi	x0,x0,0	  x0:0x00000000
       15675000	      1566	80002b20	c6033893	sltiu	x17,x6,-928	  x6:0x00000001 x17=0x00000001
       15685000	      1567	80002b24	839622b7	lui	x5,0x83962	  x5=0x83962000
       15695000	      1568	80002b28	013c8033	add	x0,x25,x19	 x25:0x1cb48cc3 x19:0x00000001
       15705000	      1569	80002b2c	00000013	addi	x0,x0,0	  x0:0x00000000
       15715000	      1570	80002b30	00d1da93	srli	x21,x3,0xd	  x3:0xa4a04aec x21=0x00052502
       15725000	      1571	80002b34	00afb033	sltu	x0,x31,x10	 x31:0x00400002 x10:0x000000f8
       15735000	      1572	80002b38	61f30b13	addi	x22,x6,1567	  x6:0x00000001 x22=0x00000620
       15745000	      1573	80002b3c	0151d033	srl	x0,x3,x21	  x3:0xa4a04aec x21:0x00052502
       15755000	      1574	80002b40	4084df13	srai	x30,x9,0x8	  x9:0x00000000 x30=0x00000000
       15765000	      1575	80002b44	4c5d6c13	ori	x24,x26,1221	 x26:0xfffffd6b x24=0xfffffdef
       15775000	      1576	80002b48	2ef30b13	addi	x22,x6,751	  x6:0x00000001 x22=0x000002f0
       15785000	      1577	80002b4c	018ce863	bltu	x25,x24,80002b5c	 x25:0x1cb48cc3 x24:0xfffffdef
       15795000	      1578	00000000	00000013	addi	x0,x0,0	  x0:0x00000000
       15805000	      1579	80002b58	00000013	addi	x0,x0,0	  x0:0x00000000
       15815000	      1580	80002b5c	00a45663	bge	x8,x10,80002b68	  x8:0xfffffffe x10:0x000000f8
       15825000	      1581	80002b60	1d278f13	addi	x30,x15,466	 x15:0xfffffbbd x30=0xfffffd8f
       15835000	      1582	80002b64	6f8b0013	addi	x0,x22,1784	 x22:0x000002f0
       15845000	      1583	80002b68	006273b3	and	x7,x4,x6	  x4:0x00000001  x6:0x00000001  x7=0x00000001
       15855000	      1584	80002b6c	01d94bb3	xor	x23,x18,x29	 x18:0x00000001 x29:0x00000000 x23=0x00000001
       15865000	      1585	80002b70	00357933	and	x18,x10,x3	 x10:0x000000f8  x3:0xa4a04aec x18=0x000000e8
       15875000	      1586	80002b74	0464f463	bgeu	x9,x6,80002bbc	  x9:0x00000000  x6:0x00000001
       15885000	      1587	80002b78	e8d13093	sltiu	x1,x2,-371	  x2:0x80009fc4  x1=0x00000001
       15895000	      1588	80002b7c	38042413	slti	x8,x8,896	  x8:0xfffffffe  x8=0x00000001
       15905000	      1589	80002b80	40d78c33	sub	x24,x15,x13	 x15:0xfffffbbd x13:0x80009f54 x24=0x7fff5c69
       15915000	      1590	80002b84	00d45213	srli	x4,x8,0xd	  x8:0x00000001  x4=0x00000000
       15925000	      1591	80002b88	604eeb13	ori	x22,x29,1540	 x29:0x00000000 x22=0x00000604
       15935000	      1592	80002b8c	8bb8cf13	xori	x30,x17,-1861	 x17:0x00000001 x30=0xfffff8ba
       15945000	      1593	80002b90	00a0cfb3	xor	x31,x1,x10	  x1:0x00000001 x10:0x000000f8 x31=0x000000f9
       15955000	      1594	80002b94	00305793	srli	x15,x0,0x3	  x0:0x00000000 x15=0x00000000
       15965000	      1595	80002b98	8e7e8193	addi	x3,x29,-1817	 x29:0x00000000  x3=0xfffff8e7
       15975000	      1596	80002b9c	41b85933	sra	x18,x16,x27	 x16:0x00000000 x27:0x00400001 x18=0x00000000
       15985000	      1597	80002ba0	01d4ce33	xor	x28,x9,x29	  x9:0x00000000 x29:0x00000000 x28=0x00000000
       15995000	      1598	80002ba4	009ac1b3	xor	x3,x21,x9	 x21:0x00052502  x9:0x00000000  x3=0x00052502
       16005000	      1599	80002ba8	01a1c863	blt	x3,x26,80002bb8	  x3:0x00052502 x26:0xfffffd6b
       16015000	      1600	80002bac	00b56a33	or	x20,x10,x11	 x10:0x000000f8 x11:0x00000000 x20=0x000000f8
       16025000	      1601	80002bb0	01814633	xor	x12,x2,x24	  x2:0x80009fc4 x24:0x7fff5c69 x12=0xffffc3ad
       16035000	      1602	80002bb4	0483d463	bge	x7,x8,80002bfc	  x7:0x00000001  x8:0x00000001
       16045000	      1603	00000000	00000013	addi	x0,x0,0	  x0:0x00000000
       16055000	      1604	80002bf8	00000013	addi	x0,x0,0	  x0:0x00000000
       16065000	      1605	80002bfc	04c1d263	bge	x3,x12,80002c40	  x3:0x00052502 x12:0xffffc3ad
       16075000	      1606	00000000	00000013	addi	x0,x0,0	  x0:0x00000000
       16085000	      1607	80002c3c	00000013	addi	x0,x0,0	  x0:0x00000000
       16095000	      1608	80002c40	0038dc33	srl	x24,x17,x3	 x17:0x00000001  x3:0x00052502 x24=0x00000000
       16105000	      1609	80002c44	6f08a813	slti	x16,x17,1776	 x17:0x00000001 x16=0x00000001
       16115000	      1610	80002c48	eaac0a93	addi	x21,x24,-342	 x24:0x00000000 x21=0xfffffeaa
       16125000	      1611	80002c4c	b7b80f93	addi	x31,x16,-1157	 x16:0x00000001 x31=0xfffffb7c
       16135000	      1612	80002c50	00000013	addi	x0,x0,0	  x0:0x00000000
       16145000	      1613	80002c54	02c01c63	bne	x0,x12,80002c8c	  x0:0x00000000 x12:0xffffc3ad
       16155000	      1614	00000000	00000013	addi	x0,x0,0	  x0:0x00000000
       16165000	      1615	80002c88	00000013	addi	x0,x0,0	  x0:0x00000000
       16175000	      1616	80002c8c	0000b8b3	sltu	x17,x1,x0	  x1:0x00000001  x0:0x00000000 x17=0x00000000
       16185000	      1617	80002c90	dff58f93	addi	x31,x11,-513	 x11:0x00000000 x31=0xfffffdff
       16195000	      1618	80002c94	e551e513	ori	x10,x3,-427	  x3:0x00052502 x10=0xffffff57
       16205000	      1619	80002c98	4101d993	srai	x19,x3,0x10	  x3:0x00052502 x19=0x00000005
       16215000	      1620	80002c9c	01564933	xor	x18,x12,x21	 x12:0xffffc3ad x21:0xfffffeaa x18=0x00003d07
       16225000	      1621	80002ca0	4123dc33	sra	x24,x7,x18	  x7:0x00000001 x18:0x00003d07 x24=0x00000000
       16235000	      1622	80002ca4	f5627a13	andi	x20,x4,-170	  x4:0x00000000 x20=0x00000000
       16245000	      1623	80002ca8	00415613	srli	x12,x2,0x4	  x2:0x80009fc4 x12=0x080009fc
       16255000	      1624	80002cac	01e663b3	or	x7,x12,x30	 x12:0x080009fc x30:0xfffff8ba  x7=0xfffff9fe
       16265000	      1625	80002cb0	f5f6f893	andi	x17,x13,-161	 x13:0x80009f54 x17=0x80009f54
       16275000	      1626	80002cb4	400cda93	srai	x21,x25,0x0	 x25:0x1cb48cc3 x21=0x1cb48cc3
       16285000	      1627	80002cb8	01328533	add	x10,x5,x19	  x5:0x83962000 x19:0x00000005 x10=0x83962005
       16295000	      1628	80002cbc	0199c463	blt	x19,x25,80002cc4	 x19:0x00000005 x25:0x1cb48cc3
       16305000	      1629	00000000	00000013	addi	x0,x0,0	  x0:0x00000000
       16315000	      1630	80002cc0	00000013	addi	x0,x0,0	  x0:0x00000000
       16325000	      1631	80002cc4	0140b533	sltu	x10,x1,x20	  x1:0x00000001 x20:0x00000000 x10=0x00000000
       16335000	      1632	80002cc8	01c49c13	slli	x24,x9,0x1c	  x9:0x00000000 x24=0x00000000
       16345000	      1633	80002ccc	00000013	addi	x0,x0,0	  x0:0x00000000
       16355000	      1634	80002cd0	c2ffd797	auipc	x15,0xc2ffd	 x15=0x42fffccc
       16365000	      1635	80002cd4	33933813	sltiu	x16,x6,825	  x6:0x00000001 x16=0x00000001
       16375000	      1636	80002cd8	008e9463	bne	x29,x8,80002ce0	 x29:0x00000000  x8:0x00000001
       16385000	      1637	00000000	00000013	addi	x0,x0,0	  x0:0x00000000
       16395000	      1638	80002cdc	00000013	addi	x0,x0,0	  x0:0x00000000
       16405000	      1639	80002ce0	00420e33	add	x28,x4,x4	  x4:0x00000000  x4:0x00000000 x28=0x00000000
       16415000	      1640	80002ce4	00000013	addi	x0,x0,0	  x0:0x00000000
       16425000	      1641	80002ce8	017b8233	add	x4,x23,x23	 x23:0x00000001 x23:0x00000001  x4=0x00000002
       16435000	      1642	80002cec	01525463	bge	x4,x21,80002cf4	  x4:0x00000002 x21:0x1cb48cc3
       16445000	      1643	80002cf0	4160db93	srai	x23,x1,0x16	  x1:0x00000001 x23=0x00000000
       16455000	      1644	80002cf4	00d60b33	add	x22,x12,x13	 x12:0x080009fc x13:0x80009f54 x22=0x8800a950
       16465000	      1645	80002cf8	1f6de093	ori	x1,x27,502	 x27:0x00400001  x1=0x004001f7
       16475000	      1646	80002cfc	7cd93293	sltiu	x5,x18,1997	 x18:0x00003d07  x5=0x00000000
       16485000	      1647	80002d00	40af8e33	sub	x28,x31,x10	 x31:0xfffffdff x10:0x00000000 x28=0xfffffdff
       16495000	      1648	80002d04	00ce8663	beq	x29,x12,80002d10	 x29:0x00000000 x12:0x080009fc
       16505000	      1649	80002d08	f289f413	andi	x8,x19,-216	 x19:0x00000005  x8=0x00000000
       16515000	      1650	80002d0c	01248463	beq	x9,x18,80002d14	  x9:0x00000000 x18:0x00003d07
       16525000	      1651	80002d10	ea1a2c97	auipc	x25,0xea1a2	 x25=0x6a1a4d0c
       16535000	      1652	80002d14	0b617d13	andi	x26,x2,182	  x2:0x80009fc4 x26=0x00000084
       16545000	      1653	80002d18	11df6d97	auipc	x27,0x11df6	 x27=0x91df8d14
       16555000	      1654	80002d1c	019b09b3	add	x19,x22,x25	 x22:0x8800a950 x25:0x6a1a4d0c x19=0xf21af65c
       16565000	      1655	80002d20	01dfce63	blt	x31,x29,80002d3c	 x31:0xfffffdff x29:0x00000000
       16575000	      1656	00000000	00000013	addi	x0,x0,0	  x0:0x00000000
       16585000	      1657	80002d38	00000013	addi	x0,x0,0	  x0:0x00000000
       16595000	      1658	80002d3c	f8c2da97	auipc	x21,0xf8c2d	 x21=0x78c2fd38
       16605000	      1659	80002d40	00000013	addi	x0,x0,0	  x0:0x00000000
       16615000	      1660	80002d44	0069ca63	blt	x19,x6,80002d58	 x19:0xf21af65c  x6:0x00000001
       16625000	      1661	00000000	00000013	addi	x0,x0,0	  x0:0x00000000
       16635000	      1662	80002d54	00000013	addi	x0,x0,0	  x0:0x00000000
       16645000	      1663	80002d58	01f195b3	sll	x11,x3,x31	  x3:0x00052502 x31:0xfffffdff x11=0x00000000
       16655000	      1664	80002d5c	014480b3	add	x1,x9,x20	  x9:0x00000000 x20:0x00000000  x1=0x00000000
       16665000	      1665	80002d60	5af4e797	auipc	x15,0x5af4e	 x15=0xdaf50d5c
       16675000	      1666	80002d64	01fab333	sltu	x6,x21,x31	 x21:0x78c2fd38 x31:0xfffffdff  x6=0x00000001
       16685000	      1667	80002d68	00284833	xor	x16,x16,x2	 x16:0x00000001  x2:0x80009fc4 x16=0x80009fc5
       16695000	      1668	80002d6c	07829863	bne	x5,x24,80002ddc	  x5:0x00000000 x24:0x00000000
       16705000	      1669	80002d70	50ee2637	lui	x12,0x50ee2	 x12=0x50ee2000
       16715000	      1670	80002d74	0102ffb3	and	x31,x5,x16	  x5:0x00000000 x16:0x80009fc5 x31=0x00000000
       16725000	      1671	80002d78	004be433	or	x8,x23,x4	 x23:0x00000000  x4:0x00000002  x8=0x00000002
       16735000	      1672	80002d7c	01c38863	beq	x7,x28,80002d8c	  x7:0xfffff9fe x28:0xfffffdff
       16745000	      1673	80002d80	06cdf063	bgeu	x27,x12,80002de0	 x27:0x91df8d14 x12:0x50ee2000
       16755000	      1674	00000000	00000013	addi	x0,x0,0	  x0:0x00000000
       16765000	      1675	80002ddc	00000013	addi	x0,x0,0	  x0:0x00000000
       16775000	      1676	80002de0	00f68433	add	x8,x13,x15	 x13:0x80009f54 x15:0xdaf50d5c  x8=0x5af5acb0
       16785000	      1677	80002de4	25b07f13	andi	x30,x0,603	  x0:0x00000000 x30=0x00000000
       16795000	      1678	80002de8	01ea98b3	sll	x17,x21,x30	 x21:0x78c2fd38 x30:0x00000000 x17=0x78c2fd38
       16805000	      1679	80002dec	41d908b3	sub	x17,x18,x29	 x18:0x00003d07 x29:0x00000000 x17=0x00003d07
       16815000	      1680	80002df0	00e1da63	bge	x3,x14,80002e04	  x3:0x00052502 x14:0xa4a049e7
       16825000	      1681	00000000	00000013	addi	x0,x0,0	  x0:0x00000000
       16835000	      1682	80002e00	00000013	addi	x0,x0,0	  x0:0x00000000
       16845000	      1683	80002e04	00d36ab3	or	x21,x6,x13	  x6:0x00000001 x13:0x80009f54 x21=0x80009f55
       16855000	      1684	80002e08	401ad633	sra	x12,x21,x1	 x21:0x80009f55  x1:0x00000000 x12=0x80009f55
       16865000	      1685	80002e0c	4062d833	sra	x16,x5,x6	  x5:0x00000000  x6:0x00000001 x16=0x00000000
       16875000	      1686	80002e10	540a7293	andi	x5,x20,1344	 x20:0x00000000  x5=0x00000000
       16885000	      1687	80002e14	016db2b3	sltu	x5,x27,x22	 x27:0x91df8d14 x22:0x8800a950  x5=0x00000000
       16895000	      1688	80002e18	40b65893	srai	x17,x12,0xb	 x12:0x80009f55 x17=0xfff00013
       16905000	      1689	80002e1c	0046a303	lw	x6,4(x13)	 x13:0x80009f54  x6=0x80000134 PA:0x80009f58
       16915000	      1690	80002e20	03068693	addi	x13,x13,48	 x13:0x80009f54 x13=0x80009f84
       16925000	      1691	80002e24	019799b3	sll	x19,x15,x25	 x15:0xdaf50d5c x25:0x6a1a4d0c x19=0x50d5c000
       16935000	      1692	80002e28	01b138b3	sltu	x17,x2,x27	  x2:0x80009fc4 x27:0x91df8d14 x17=0x00000001
       16945000	      1693	80002e2c	00000013	addi	x0,x0,0	  x0:0x00000000
       16955000	      1694	80002e30	41458c33	sub	x24,x11,x20	 x11:0x00000000 x20:0x00000000 x24=0x00000000
       16965000	      1695	80002e34	00030c13	addi	x24,x6,0	  x6:0x80000134 x24=0x80000134
       16975000	      1696	80002e38	000c0c67	jalr	x24,x24,0	 x24:0x80000134 x24=0x80002e38
       16985000	      1697	00000000	00000013	addi	x0,x0,0	  x0:0x00000000
       16995000	      1698	80000134	00000013	addi	x0,x0,0	  x0:0x00000000
       17005000	      1699	80000138	ff600f93	addi	x31,x0,-10	  x0:0x00000000 x31=0xfffffff6
       17015000	      1700	8000013c	013ceeb3	or	x29,x25,x19	 x25:0x6a1a4d0c x19:0x50d5c000 x29=0x7adfcd0c
       17025000	      1701	80000140	019f4c33	xor	x24,x30,x25	 x30:0x00000000 x25:0x6a1a4d0c x24=0x6a1a4d0c
       17035000	      1702	80000144	41d75c93	srai	x25,x14,0x1d	 x14:0xa4a049e7 x25=0xfffffffd
       17045000	      1703	80000148	0007ddb3	srl	x27,x15,x0	 x15:0xdaf50d5c  x0:0x00000000 x27=0xdaf50d5c
       17055000	      1704	8000014c	5354de37	lui	x28,0x5354d	 x28=0x5354d000
       17065000	      1705	80000150	006a40b3	xor	x1,x20,x6	 x20:0x00000000  x6:0x80000134  x1=0x80000134
       17075000	      1706	80000154	0033e2b3	or	x5,x7,x3	  x7:0xfffff9fe  x3:0x00052502  x5=0xfffffdfe
       17085000	      1707	80000158	004d8c33	add	x24,x27,x4	 x27:0xdaf50d5c  x4:0x00000002 x24=0xdaf50d5e
       17095000	      1708	8000015c	00e83c33	sltu	x24,x16,x14	 x16:0x00000000 x14:0xa4a049e7 x24=0x00000001
       17105000	      1709	80000160	00000013	addi	x0,x0,0	  x0:0x00000000
       17115000	      1710	80000164	40b6dab3	sra	x21,x13,x11	 x13:0x80009f84 x11:0x00000000 x21=0x80009f84
       17125000	      1711	80000168	008b1a33	sll	x20,x22,x8	 x22:0x8800a950  x8:0x5af5acb0 x20=0xa9500000
       17135000	      1712	8000016c	00bb9013	slli	x0,x23,0xb	 x23:0x00000000
       17145000	      1713	80000170	01f8da93	srli	x21,x17,0x1f	 x17:0x00000001 x21=0x00000000
       17155000	      1714	80000174	4021d4b3	sra	x9,x3,x2	  x3:0x00052502  x2:0x80009fc4  x9=0x00005250
       17165000	      1715	80000178	010f0db3	add	x27,x30,x16	 x30:0x00000000 x16:0x00000000 x27=0x00000000
       17175000	      1716	8000017c	0e9b7c13	andi	x24,x22,233	 x22:0x8800a950 x24=0x00000040
       17185000	      1717	80000180	8382e413	ori	x8,x5,-1992	  x5:0xfffffdfe  x8=0xfffffdfe
       17195000	      1718	80000184	fec00193	addi	x3,x0,-20	  x0:0x00000000  x3=0xffffffec
       17205000	      1719	80000188	00000013	addi	x0,x0,0	  x0:0x00000000
       17215000	      1720	8000018c	414e87b3	sub	x15,x29,x20	 x29:0x7adfcd0c x20:0xa9500000 x15=0xd18fcd0c
       17225000	      1721	80000190	ffff8f93	addi	x31,x31,-1	 x31:0xfffffff6 x31=0xfffffff5
       17235000	      1722	80000194	01dad913	srli	x18,x21,0x1d	 x21:0x00000000 x18=0x00000000
       17245000	      1723	80000198	199af493	andi	x9,x21,409	 x21:0x00000000  x9=0x00000000
       17255000	      1724	8000019c	beb52293	slti	x5,x10,-1045	 x10:0x00000000  x5=0x00000000
       17265000	      1725	800001a0	40758bb3	sub	x23,x11,x7	 x11:0x00000000  x7:0xfffff9fe x23=0x00000602
       17275000	      1726	800001a4	fe3fd4e3	bge	x31,x3,8000018c	 x31:0xfffffff5  x3:0xffffffec
       17285000	      1727	00000000	00000013	addi	x0,x0,0	  x0:0x00000000
       17295000	      1728	80000188	00000013	addi	x0,x0,0	  x0:0x00000000
       17305000	      1729	8000018c	414e87b3	sub	x15,x29,x20	 x29:0x7adfcd0c x20:0xa9500000 x15=0xd18fcd0c
       17315000	      1730	80000190	ffff8f93	addi	x31,x31,-1	 x31:0xfffffff5 x31=0xfffffff4
       17325000	      1731	80000194	01dad913	srli	x18,x21,0x1d	 x21:0x00000000 x18=0x00000000
       17335000	      1732	80000198	199af493	andi	x9,x21,409	 x21:0x00000000  x9=0x00000000
       17345000	      1733	8000019c	beb52293	slti	x5,x10,-1045	 x10:0x00000000  x5=0x00000000
       17355000	      1734	800001a0	40758bb3	sub	x23,x11,x7	 x11:0x00000000  x7:0xfffff9fe x23=0x00000602
       17365000	      1735	800001a4	fe3fd4e3	bge	x31,x3,8000018c	 x31:0xfffffff4  x3:0xffffffec
       17375000	      1736	00000000	00000013	addi	x0,x0,0	  x0:0x00000000
       17385000	      1737	80000188	00000013	addi	x0,x0,0	  x0:0x00000000
       17395000	      1738	8000018c	414e87b3	sub	x15,x29,x20	 x29:0x7adfcd0c x20:0xa9500000 x15=0xd18fcd0c
       17405000	      1739	80000190	ffff8f93	addi	x31,x31,-1	 x31:0xfffffff4 x31=0xfffffff3
       17415000	      1740	80000194	01dad913	srli	x18,x21,0x1d	 x21:0x00000000 x18=0x00000000
       17425000	      1741	80000198	199af493	andi	x9,x21,409	 x21:0x00000000  x9=0x00000000
       17435000	      1742	8000019c	beb52293	slti	x5,x10,-1045	 x10:0x00000000  x5=0x00000000
       17445000	      1743	800001a0	40758bb3	sub	x23,x11,x7	 x11:0x00000000  x7:0xfffff9fe x23=0x00000602
       17455000	      1744	800001a4	fe3fd4e3	bge	x31,x3,8000018c	 x31:0xfffffff3  x3:0xffffffec
       17465000	      1745	00000000	00000013	addi	x0,x0,0	  x0:0x00000000
       17475000	      1746	80000188	00000013	addi	x0,x0,0	  x0:0x00000000
       17485000	      1747	8000018c	414e87b3	sub	x15,x29,x20	 x29:0x7adfcd0c x20:0xa9500000 x15=0xd18fcd0c
       17495000	      1748	80000190	ffff8f93	addi	x31,x31,-1	 x31:0xfffffff3 x31=0xfffffff2
       17505000	      1749	80000194	01dad913	srli	x18,x21,0x1d	 x21:0x00000000 x18=0x00000000
       17515000	      1750	80000198	199af493	andi	x9,x21,409	 x21:0x00000000  x9=0x00000000
       17525000	      1751	8000019c	beb52293	slti	x5,x10,-1045	 x10:0x00000000  x5=0x00000000
       17535000	      1752	800001a0	40758bb3	sub	x23,x11,x7	 x11:0x00000000  x7:0xfffff9fe x23=0x00000602
       17545000	      1753	800001a4	fe3fd4e3	bge	x31,x3,8000018c	 x31:0xfffffff2  x3:0xffffffec
       17555000	      1754	00000000	00000013	addi	x0,x0,0	  x0:0x00000000
       17565000	      1755	80000188	00000013	addi	x0,x0,0	  x0:0x00000000
       17575000	      1756	8000018c	414e87b3	sub	x15,x29,x20	 x29:0x7adfcd0c x20:0xa9500000 x15=0xd18fcd0c
       17585000	      1757	80000190	ffff8f93	addi	x31,x31,-1	 x31:0xfffffff2 x31=0xfffffff1
       17595000	      1758	80000194	01dad913	srli	x18,x21,0x1d	 x21:0x00000000 x18=0x00000000
       17605000	      1759	80000198	199af493	andi	x9,x21,409	 x21:0x00000000  x9=0x00000000
       17615000	      1760	8000019c	beb52293	slti	x5,x10,-1045	 x10:0x00000000  x5=0x00000000
       17625000	      1761	800001a0	40758bb3	sub	x23,x11,x7	 x11:0x00000000  x7:0xfffff9fe x23=0x00000602
       17635000	      1762	800001a4	fe3fd4e3	bge	x31,x3,8000018c	 x31:0xfffffff1  x3:0xffffffec
       17645000	      1763	00000000	00000013	addi	x0,x0,0	  x0:0x00000000
       17655000	      1764	80000188	00000013	addi	x0,x0,0	  x0:0x00000000
       17665000	      1765	8000018c	414e87b3	sub	x15,x29,x20	 x29:0x7adfcd0c x20:0xa9500000 x15=0xd18fcd0c
       17675000	      1766	80000190	ffff8f93	addi	x31,x31,-1	 x31:0xfffffff1 x31=0xfffffff0
       17685000	      1767	80000194	01dad913	srli	x18,x21,0x1d	 x21:0x00000000 x18=0x00000000
       17695000	      1768	80000198	199af493	andi	x9,x21,409	 x21:0x00000000  x9=0x00000000
       17705000	      1769	8000019c	beb52293	slti	x5,x10,-1045	 x10:0x00000000  x5=0x00000000
       17715000	      1770	800001a0	40758bb3	sub	x23,x11,x7	 x11:0x00000000  x7:0xfffff9fe x23=0x00000602
       17725000	      1771	800001a4	fe3fd4e3	bge	x31,x3,8000018c	 x31:0xfffffff0  x3:0xffffffec
       17735000	      1772	00000000	00000013	addi	x0,x0,0	  x0:0x00000000
       17745000	      1773	80000188	00000013	addi	x0,x0,0	  x0:0x00000000
       17755000	      1774	8000018c	414e87b3	sub	x15,x29,x20	 x29:0x7adfcd0c x20:0xa9500000 x15=0xd18fcd0c
       17765000	      1775	80000190	ffff8f93	addi	x31,x31,-1	 x31:0xfffffff0 x31=0xffffffef
       17775000	      1776	80000194	01dad913	srli	x18,x21,0x1d	 x21:0x00000000 x18=0x00000000
       17785000	      1777	80000198	199af493	andi	x9,x21,409	 x21:0x00000000  x9=0x00000000
       17795000	      1778	8000019c	beb52293	slti	x5,x10,-1045	 x10:0x00000000  x5=0x00000000
       17805000	      1779	800001a0	40758bb3	sub	x23,x11,x7	 x11:0x00000000  x7:0xfffff9fe x23=0x00000602
       17815000	      1780	800001a4	fe3fd4e3	bge	x31,x3,8000018c	 x31:0xffffffef  x3:0xffffffec
       17825000	      1781	00000000	00000013	addi	x0,x0,0	  x0:0x00000000
       17835000	      1782	80000188	00000013	addi	x0,x0,0	  x0:0x00000000
       17845000	      1783	8000018c	414e87b3	sub	x15,x29,x20	 x29:0x7adfcd0c x20:0xa9500000 x15=0xd18fcd0c
       17855000	      1784	80000190	ffff8f93	addi	x31,x31,-1	 x31:0xffffffef x31=0xffffffee
       17865000	      1785	80000194	01dad913	srli	x18,x21,0x1d	 x21:0x00000000 x18=0x00000000
       17875000	      1786	80000198	199af493	andi	x9,x21,409	 x21:0x00000000  x9=0x00000000
       17885000	      1787	8000019c	beb52293	slti	x5,x10,-1045	 x10:0x00000000  x5=0x00000000
       17895000	      1788	800001a0	40758bb3	sub	x23,x11,x7	 x11:0x00000000  x7:0xfffff9fe x23=0x00000602
       17905000	      1789	800001a4	fe3fd4e3	bge	x31,x3,8000018c	 x31:0xffffffee  x3:0xffffffec
       17915000	      1790	00000000	00000013	addi	x0,x0,0	  x0:0x00000000
       17925000	      1791	80000188	00000013	addi	x0,x0,0	  x0:0x00000000
       17935000	      1792	8000018c	414e87b3	sub	x15,x29,x20	 x29:0x7adfcd0c x20:0xa9500000 x15=0xd18fcd0c
       17945000	      1793	80000190	ffff8f93	addi	x31,x31,-1	 x31:0xffffffee x31=0xffffffed
       17955000	      1794	80000194	01dad913	srli	x18,x21,0x1d	 x21:0x00000000 x18=0x00000000
       17965000	      1795	80000198	199af493	andi	x9,x21,409	 x21:0x00000000  x9=0x00000000
       17975000	      1796	8000019c	beb52293	slti	x5,x10,-1045	 x10:0x00000000  x5=0x00000000
       17985000	      1797	800001a0	40758bb3	sub	x23,x11,x7	 x11:0x00000000  x7:0xfffff9fe x23=0x00000602
       17995000	      1798	800001a4	fe3fd4e3	bge	x31,x3,8000018c	 x31:0xffffffed  x3:0xffffffec
       18005000	      1799	00000000	00000013	addi	x0,x0,0	  x0:0x00000000
       18015000	      1800	80000188	00000013	addi	x0,x0,0	  x0:0x00000000
       18025000	      1801	8000018c	414e87b3	sub	x15,x29,x20	 x29:0x7adfcd0c x20:0xa9500000 x15=0xd18fcd0c
       18035000	      1802	80000190	ffff8f93	addi	x31,x31,-1	 x31:0xffffffed x31=0xffffffec
       18045000	      1803	80000194	01dad913	srli	x18,x21,0x1d	 x21:0x00000000 x18=0x00000000
       18055000	      1804	80000198	199af493	andi	x9,x21,409	 x21:0x00000000  x9=0x00000000
       18065000	      1805	8000019c	beb52293	slti	x5,x10,-1045	 x10:0x00000000  x5=0x00000000
       18075000	      1806	800001a0	40758bb3	sub	x23,x11,x7	 x11:0x00000000  x7:0xfffff9fe x23=0x00000602
       18085000	      1807	800001a4	fe3fd4e3	bge	x31,x3,8000018c	 x31:0xffffffec  x3:0xffffffec
       18095000	      1808	00000000	00000013	addi	x0,x0,0	  x0:0x00000000
       18105000	      1809	80000188	00000013	addi	x0,x0,0	  x0:0x00000000
       18115000	      1810	8000018c	414e87b3	sub	x15,x29,x20	 x29:0x7adfcd0c x20:0xa9500000 x15=0xd18fcd0c
       18125000	      1811	80000190	ffff8f93	addi	x31,x31,-1	 x31:0xffffffec x31=0xffffffeb
       18135000	      1812	80000194	01dad913	srli	x18,x21,0x1d	 x21:0x00000000 x18=0x00000000
       18145000	      1813	80000198	199af493	andi	x9,x21,409	 x21:0x00000000  x9=0x00000000
       18155000	      1814	8000019c	beb52293	slti	x5,x10,-1045	 x10:0x00000000  x5=0x00000000
       18165000	      1815	800001a0	40758bb3	sub	x23,x11,x7	 x11:0x00000000  x7:0xfffff9fe x23=0x00000602
       18175000	      1816	800001a4	fe3fd4e3	bge	x31,x3,8000018c	 x31:0xffffffeb  x3:0xffffffec
       18185000	      1817	800001a8	01bf0cb3	add	x25,x30,x27	 x30:0x00000000 x27:0x00000000 x25=0x00000000
       18195000	      1818	800001ac	41ecd213	srai	x4,x25,0x1e	 x25:0x00000000  x4=0x00000000
       18205000	      1819	800001b0	a933a313	slti	x6,x7,-1389	  x7:0xfffff9fe  x6=0x00000001
       18215000	      1820	800001b4	006f0fb3	add	x31,x30,x6	 x30:0x00000000  x6:0x00000001 x31=0x00000001
       18225000	      1821	800001b8	01d80eb3	add	x29,x16,x29	 x16:0x00000000 x29:0x7adfcd0c x29=0x7adfcd0c
       18235000	      1822	800001bc	032ccc63	blt	x25,x18,800001f4	 x25:0x00000000 x18:0x00000000
       18245000	      1823	800001c0	00cb90b3	sll	x1,x23,x12	 x23:0x00000602 x12:0x80009f55  x1=0xc0400000
       18255000	      1824	800001c4	00000013	addi	x0,x0,0	  x0:0x00000000
       18265000	      1825	800001c8	03f8bc93	sltiu	x25,x17,63	 x17:0x00000001 x25=0x00000001
       18275000	      1826	800001cc	41a65a93	srai	x21,x12,0x1a	 x12:0x80009f55 x21=0xffffffe0
       18285000	      1827	800001d0	0111e333	or	x6,x3,x17	  x3:0xffffffec x17:0x00000001  x6=0xffffffed
       18295000	      1828	800001d4	41b85b93	srai	x23,x16,0x1b	 x16:0x00000000 x23=0x00000000
       18305000	      1829	800001d8	01a618b3	sll	x17,x12,x26	 x12:0x80009f55 x26:0x00000084 x17=0x0009f550
       18315000	      1830	800001dc	014f0bb3	add	x23,x30,x20	 x30:0x00000000 x20:0xa9500000 x23=0xa9500000
       18325000	      1831	800001e0	00505633	srl	x12,x0,x5	  x0:0x00000000  x5:0x00000000 x12=0x00000000
       18335000	      1832	800001e4	03219063	bne	x3,x18,80000204	  x3:0xffffffec x18:0x00000000
       18345000	      1833	00000000	00000013	addi	x0,x0,0	  x0:0x00000000
       18355000	      1834	80000200	00000013	addi	x0,x0,0	  x0:0x00000000
       18365000	      1835	80000204	034f7c63	bgeu	x30,x20,8000023c	 x30:0x00000000 x20:0xa9500000
       18375000	      1836	80000208	005edf33	srl	x30,x29,x5	 x29:0x7adfcd0c  x5:0x00000000 x30=0x7adfcd0c
       18385000	      1837	8000020c	06cefc63	bgeu	x29,x12,80000284	 x29:0x7adfcd0c x12:0x00000000
       18395000	      1838	00000000	00000013	addi	x0,x0,0	  x0:0x00000000
       18405000	      1839	80000280	00000013	addi	x0,x0,0	  x0:0x00000000
       18415000	      1840	80000284	00000013	addi	x0,x0,0	  x0:0x00000000
       18425000	      1841	80000288	027a7e63	bgeu	x20,x7,800002c4	 x20:0xa9500000  x7:0xfffff9fe
       18435000	      1842	8000028c	0086e833	or	x16,x13,x8	 x13:0x80009f84  x8:0xfffffdfe x16=0xfffffffe
       18445000	      1843	80000290	2ff56c93	ori	x25,x10,767	 x10:0x00000000 x25=0x000002ff
       18455000	      1844	80000294	fde55f17	auipc	x30,0xfde55	 x30=0x7de55290
       18465000	      1845	80000298	028d8263	beq	x27,x8,800002bc	 x27:0x00000000  x8:0xfffffdfe
       18475000	      1846	8000029c	cf659a17	auipc	x20,0xcf659	 x20=0x4f659298
       18485000	      1847	800002a0	db62eb93	ori	x23,x5,-586	  x5:0x00000000 x23=0xfffffdb6
       18495000	      1848	800002a4	eaec6993	ori	x19,x24,-338	 x24:0x00000040 x19=0xfffffeee
       18505000	      1849	800002a8	00000013	addi	x0,x0,0	  x0:0x00000000
       18515000	      1850	800002ac	705aca13	xori	x20,x21,1797	 x21:0xffffffe0 x20=0xfffff8e5
       18525000	      1851	800002b0	0141ec33	or	x24,x3,x20	  x3:0xffffffec x20:0xfffff8e5 x24=0xffffffed
       18535000	      1852	800002b4	c4c49a17	auipc	x20,0xc4c49	 x20=0x44c492b0
       18545000	      1853	800002b8	40f4dfb3	sra	x31,x9,x15	  x9:0x00000000 x15:0xd18fcd0c x31=0x00000000
       18555000	      1854	800002bc	008edc13	srli	x24,x29,0x8	 x29:0x7adfcd0c x24=0x007adfcd
       18565000	      1855	800002c0	017ad033	srl	x0,x21,x23	 x21:0xffffffe0 x23:0xfffffdb6
       18575000	      1856	800002c4	01301e93	slli	x29,x0,0x13	  x0:0x00000000 x29=0x00000000
       18585000	      1857	800002c8	013aa233	slt	x4,x21,x19	 x21:0xffffffe0 x19:0xfffffeee  x4=0x00000000
       18595000	      1858	800002cc	31d1a213	slti	x4,x3,797	  x3:0xffffffec  x4=0x00000001
       18605000	      1859	800002d0	03907463	bgeu	x0,x25,800002f8	  x0:0x00000000 x25:0x000002ff
       18615000	      1860	800002d4	0076e233	or	x4,x13,x7	 x13:0x80009f84  x7:0xfffff9fe  x4=0xfffffffe
       18625000	      1861	800002d8	00a7e2b3	or	x5,x15,x10	 x15:0xd18fcd0c x10:0x00000000  x5=0xd18fcd0c
       18635000	      1862	800002dc	026cce63	blt	x25,x6,80000318	 x25:0x000002ff  x6:0xffffffed
       18645000	      1863	800002e0	00276bb3	or	x23,x14,x2	 x14:0xa4a049e7  x2:0x80009fc4 x23=0xa4a0dfe7
       18655000	      1864	800002e4	009e5d33	srl	x26,x28,x9	 x28:0x5354d000  x9:0x00000000 x26=0x5354d000
       18665000	      1865	800002e8	ef6f68b7	lui	x17,0xef6f6	 x17=0xef6f6000
       18675000	      1866	800002ec	03f58663	beq	x11,x31,80000318	 x11:0x00000000 x31:0x00000000
       18685000	      1867	00000000	00000013	addi	x0,x0,0	  x0:0x00000000
       18695000	      1868	80000314	00000013	addi	x0,x0,0	  x0:0x00000000
       18705000	      1869	80000318	40c854b3	sra	x9,x16,x12	 x16:0xfffffffe x12:0x00000000  x9=0xfffffffe
       18715000	      1870	8000031c	00000717	auipc	x14,0x0	 x14=0x80000318
       18725000	      1871	80000320	00c70713	addi	x14,x14,12	 x14:0x80000318 x14=0x80000324
       18735000	      1872	80000324	00070067	jalr	x0,x14,0	 x14:0x80000324
       18745000	      1873	00000000	00000013	addi	x0,x0,0	  x0:0x00000000
       18755000	      1874	80000324	00000013	addi	x0,x0,0	  x0:0x00000000
       18765000	      1875	80000328	00100193	addi	x3,x0,1	  x0:0x00000000  x3=0x00000001
       18775000	      1876	8000032c	00000073	ecall	
       18785000	      1877	80000330	12412a13	slti	x20,x2,292	  x2:0x80009fc4 x20=0x00000001
