		Time			Cycle	PC		Insn	Decoded instruction	Register and memory contents
          65000	         5	80000004	00000293	addi	x5,x0,0	  x0:0x00000000  x5=0x00000000
          75000	         6	80000008	00000313	addi	x6,x0,0	  x0:0x00000000  x6=0x00000000
          85000	         7	8000000c	00628263	beq	x5,x6,80000010	  x5:0x00000000  x6:0x00000000
          95000	         8	00000000	00000013	addi	x0,x0,0	  x0:0x00000000
         105000	         9	8000000c	00000013	addi	x0,x0,0	  x0:0x00000000
         115000	        10	80000010	00000717	auipc	x14,0x0	 x14=0x8000000c
         125000	        11	80000014	00c70713	addi	x14,x14,12	 x14:0x8000000c x14=0x80000018
         135000	        12	80000018	00070067	jalr	x0,x14,0	 x14:0x80000018
         145000	        13	00000000	00000013	addi	x0,x0,0	  x0:0x00000000
         155000	        14	80000018	00000013	addi	x0,x0,0	  x0:0x00000000
         165000	        15	8000001c	40000137	lui	x2,0x40000	  x2=0x40000000
         175000	        16	80000020	10010113	addi	x2,x2,256	  x2:0x40000000  x2=0x40000100
         185000	        17	80000024	00000013	addi	x0,x0,0	  x0:0x00000000
         195000	        18	80000028	0000a297	auipc	x5,0xa	  x5=0x8000a024
         205000	        19	8000002c	fa028293	addi	x5,x5,-96	  x5:0x8000a024  x5=0x80009fc4
         215000	        20	80000030	00003117	auipc	x2,0x3	  x2=0x8000302c
         225000	        21	80000034	e8810113	addi	x2,x2,-376	  x2:0x8000302c  x2=0x80002eb4
         235000	        22	80000038	00016113	ori	x2,x2,0	  x2:0x80002eb4  x2=0x80002eb4
         245000	        23	8000003c	00000013	addi	x0,x0,0	  x0:0x00000000
         255000	        24	80000040	00000117	auipc	x2,0x0	  x2=0x8000003c
         265000	        25	80000044	02010113	addi	x2,x2,32	  x2:0x8000003c  x2=0x8000005c
         275000	        26	80000048	00000013	addi	x0,x0,0	  x0:0x00000000
         285000	        27	8000004c	00000013	addi	x0,x0,0	  x0:0x00000000
         295000	        28	80000050	00002137	lui	x2,0x2	  x2=0x00002000
         305000	        29	80000054	80010113	addi	x2,x2,-2048	  x2:0x00002000  x2=0x00001800
         315000	        30	80000058	00000013	addi	x0,x0,0	  x0:0x00000000
         325000	        31	8000005c	00000013	addi	x0,x0,0	  x0:0x00000000
         335000	        32	80000060	80000037	lui	x0,0x80000	
         345000	        33	80000064	00000013	addi	x0,x0,0	  x0:0x00000000
         355000	        34	80000068	00000093	addi	x1,x0,0	  x0:0x00000000  x1=0x00000000
         365000	        35	8000006c	f6ddc137	lui	x2,0xf6ddc	  x2=0xf6ddc000
         375000	        36	80000070	ded10113	addi	x2,x2,-531	  x2:0xf6ddc000  x2=0xf6ddbded
         385000	        37	80000074	f12f21b7	lui	x3,0xf12f2	  x3=0xf12f2000
         395000	        38	80000078	95818193	addi	x3,x3,-1704	  x3:0xf12f2000  x3=0xf12f1958
         405000	        39	8000007c	f16e1237	lui	x4,0xf16e1	  x4=0xf16e1000
         415000	        40	80000080	a1220213	addi	x4,x4,-1518	  x4:0xf16e1000  x4=0xf16e0a12
         425000	        41	80000084	fba85337	lui	x6,0xfba85	  x6=0xfba85000
         435000	        42	80000088	b8330313	addi	x6,x6,-1149	  x6:0xfba85000  x6=0xfba84b83
         445000	        43	8000008c	00f00393	addi	x7,x0,15	  x0:0x00000000  x7=0x0000000f
         455000	        44	80000090	20de9437	lui	x8,0x20de9	  x8=0x20de9000
         465000	        45	80000094	bd240413	addi	x8,x8,-1070	  x8:0x20de9000  x8=0x20de8bd2
         475000	        46	80000098	00d00493	addi	x9,x0,13	  x0:0x00000000  x9=0x0000000d
         485000	        47	8000009c	80000537	lui	x10,0x80000	 x10=0x80000000
         495000	        48	800000a0	00400593	addi	x11,x0,4	  x0:0x00000000 x11=0x00000004
         505000	        49	800000a4	00300613	addi	x12,x0,3	  x0:0x00000000 x12=0x00000003
         515000	        50	800000a8	fbcc46b7	lui	x13,0xfbcc4	 x13=0xfbcc4000
         525000	        51	800000ac	0a068693	addi	x13,x13,160	 x13:0xfbcc4000 x13=0xfbcc40a0
         535000	        52	800000b0	00000713	addi	x14,x0,0	  x0:0x00000000 x14=0x00000000
         545000	        53	800000b4	00c00793	addi	x15,x0,12	  x0:0x00000000 x15=0x0000000c
         555000	        54	800000b8	fc9e88b7	lui	x17,0xfc9e8	 x17=0xfc9e8000
         565000	        55	800000bc	f2a88893	addi	x17,x17,-214	 x17:0xfc9e8000 x17=0xfc9e7f2a
         575000	        56	800000c0	80000937	lui	x18,0x80000	 x18=0x80000000
         585000	        57	800000c4	800009b7	lui	x19,0x80000	 x19=0x80000000
         595000	        58	800000c8	340caa37	lui	x20,0x340ca	 x20=0x340ca000
         605000	        59	800000cc	5c7a0a13	addi	x20,x20,1479	 x20:0x340ca000 x20=0x340ca5c7
         615000	        60	800000d0	7b0bcab7	lui	x21,0x7b0bc	 x21=0x7b0bc000
         625000	        61	800000d4	899a8a93	addi	x21,x21,-1895	 x21:0x7b0bc000 x21=0x7b0bb899
         635000	        62	800000d8	c386ab37	lui	x22,0xc386a	 x22=0xc386a000
         645000	        63	800000dc	577b0b13	addi	x22,x22,1399	 x22:0xc386a000 x22=0xc386a577
         655000	        64	800000e0	00000b93	addi	x23,x0,0	  x0:0x00000000 x23=0x00000000
         665000	        65	800000e4	00300c13	addi	x24,x0,3	  x0:0x00000000 x24=0x00000003
         675000	        66	800000e8	00d00c93	addi	x25,x0,13	  x0:0x00000000 x25=0x0000000d
         685000	        67	800000ec	80000d37	lui	x26,0x80000	 x26=0x80000000
         695000	        68	800000f0	80000db7	lui	x27,0x80000	 x27=0x80000000
         705000	        69	800000f4	00200e13	addi	x28,x0,2	  x0:0x00000000 x28=0x00000002
         715000	        70	800000f8	80000eb7	lui	x29,0x80000	 x29=0x80000000
         725000	        71	800000fc	db369f37	lui	x30,0xdb369	 x30=0xdb369000
         735000	        72	80000100	112f0f13	addi	x30,x30,274	 x30:0xdb369000 x30=0xdb369112
         745000	        73	80000104	feb1efb7	lui	x31,0xfeb1e	 x31=0xfeb1e000
         755000	        74	80000108	9ebf8f93	addi	x31,x31,-1557	 x31:0xfeb1e000 x31=0xfeb1d9eb
         765000	        75	8000010c	0000a817	auipc	x16,0xa	 x16=0x8000a108
         775000	        76	80000110	e7c80813	addi	x16,x16,-388	 x16:0x8000a108 x16=0x80009f84
         785000	        77	80000114	00400693	addi	x13,x0,4	  x0:0x00000000 x13=0x00000004
         795000	        78	80000118	00e00093	addi	x1,x0,14	  x0:0x00000000  x1=0x0000000e
         805000	        79	8000011c	9453e393	ori	x7,x7,-1723	  x7:0x0000000f  x7=0xfffff94f
         815000	        80	80000120	00a68693	addi	x13,x13,10	 x13:0x00000004 x13=0x0000000e
         825000	        81	80000124	00cc0033	add	x0,x24,x12	 x24:0x00000003 x12:0x00000003
         835000	        82	80000128	4089d933	sra	x18,x19,x8	 x19:0x80000000  x8:0x20de8bd2 x18=0xffffe000
         845000	        83	8000012c	00500b13	addi	x22,x0,5	  x0:0x00000000 x22=0x00000005
         855000	        84	80000130	00000013	addi	x0,x0,0	  x0:0x00000000
         865000	        85	80000134	00300193	addi	x3,x0,3	  x0:0x00000000  x3=0x00000003
         875000	        86	80000138	eb084793	xori	x15,x16,-336	 x16:0x80009f84 x15=0x7fff6134
         885000	        87	8000013c	fffb0b13	addi	x22,x22,-1	 x22:0x00000005 x22=0x00000004
         895000	        88	80000140	fe3b7ce3	bgeu	x22,x3,80000138	 x22:0x00000004  x3:0x00000003
         905000	        89	00000000	00000013	addi	x0,x0,0	  x0:0x00000000
         915000	        90	80000134	00000013	addi	x0,x0,0	  x0:0x00000000
         925000	        91	80000138	eb084793	xori	x15,x16,-336	 x16:0x80009f84 x15=0x7fff6134
         935000	        92	8000013c	fffb0b13	addi	x22,x22,-1	 x22:0x00000004 x22=0x00000003
         945000	        93	80000140	fe3b7ce3	bgeu	x22,x3,80000138	 x22:0x00000003  x3:0x00000003
         955000	        94	00000000	00000013	addi	x0,x0,0	  x0:0x00000000
         965000	        95	80000134	00000013	addi	x0,x0,0	  x0:0x00000000
         975000	        96	80000138	eb084793	xori	x15,x16,-336	 x16:0x80009f84 x15=0x7fff6134
         985000	        97	8000013c	fffb0b13	addi	x22,x22,-1	 x22:0x00000003 x22=0x00000002
         995000	        98	80000140	fe3b7ce3	bgeu	x22,x3,80000138	 x22:0x00000002  x3:0x00000003
        1005000	        99	80000144	df79ce13	xori	x28,x19,-521	 x19:0x80000000 x28=0x7ffffdf7
        1015000	       100	80000148	4b63bc13	sltiu	x24,x7,1206	  x7:0xfffff94f x24=0x00000000
        1025000	       101	8000014c	41435eb3	sra	x29,x6,x20	  x6:0xfba84b83 x20:0x340ca5c7 x29=0xfff75097
        1035000	       102	80000150	a98c8a93	addi	x21,x25,-1384	 x25:0x0000000d x21=0xfffffaa5
        1045000	       103	80000154	fc1684e3	beq	x13,x1,8000011c	 x13:0x0000000e  x1:0x0000000e
        1055000	       104	00000000	00000013	addi	x0,x0,0	  x0:0x00000000
        1065000	       105	80000118	00000013	addi	x0,x0,0	  x0:0x00000000
        1075000	       106	8000011c	9453e393	ori	x7,x7,-1723	  x7:0xfffff94f  x7=0xfffff94f
        1085000	       107	80000120	00a68693	addi	x13,x13,10	 x13:0x0000000e x13=0x00000018
        1095000	       108	80000124	00cc0033	add	x0,x24,x12	 x24:0x00000000 x12:0x00000003
        1105000	       109	80000128	4089d933	sra	x18,x19,x8	 x19:0x80000000  x8:0x20de8bd2 x18=0xffffe000
        1115000	       110	8000012c	00500b13	addi	x22,x0,5	  x0:0x00000000 x22=0x00000005
        1125000	       111	80000130	00000013	addi	x0,x0,0	  x0:0x00000000
        1135000	       112	80000134	00300193	addi	x3,x0,3	  x0:0x00000000  x3=0x00000003
        1145000	       113	80000138	eb084793	xori	x15,x16,-336	 x16:0x80009f84 x15=0x7fff6134
        1155000	       114	8000013c	fffb0b13	addi	x22,x22,-1	 x22:0x00000005 x22=0x00000004
        1165000	       115	80000140	fe3b7ce3	bgeu	x22,x3,80000138	 x22:0x00000004  x3:0x00000003
        1175000	       116	00000000	00000013	addi	x0,x0,0	  x0:0x00000000
        1185000	       117	80000134	00000013	addi	x0,x0,0	  x0:0x00000000
        1195000	       118	80000138	eb084793	xori	x15,x16,-336	 x16:0x80009f84 x15=0x7fff6134
        1205000	       119	8000013c	fffb0b13	addi	x22,x22,-1	 x22:0x00000004 x22=0x00000003
        1215000	       120	80000140	fe3b7ce3	bgeu	x22,x3,80000138	 x22:0x00000003  x3:0x00000003
        1225000	       121	00000000	00000013	addi	x0,x0,0	  x0:0x00000000
        1235000	       122	80000134	00000013	addi	x0,x0,0	  x0:0x00000000
        1245000	       123	80000138	eb084793	xori	x15,x16,-336	 x16:0x80009f84 x15=0x7fff6134
        1255000	       124	8000013c	fffb0b13	addi	x22,x22,-1	 x22:0x00000003 x22=0x00000002
        1265000	       125	80000140	fe3b7ce3	bgeu	x22,x3,80000138	 x22:0x00000002  x3:0x00000003
        1275000	       126	80000144	df79ce13	xori	x28,x19,-521	 x19:0x80000000 x28=0x7ffffdf7
        1285000	       127	80000148	4b63bc13	sltiu	x24,x7,1206	  x7:0xfffff94f x24=0x00000000
        1295000	       128	8000014c	41435eb3	sra	x29,x6,x20	  x6:0xfba84b83 x20:0x340ca5c7 x29=0xfff75097
        1305000	       129	80000150	a98c8a93	addi	x21,x25,-1384	 x25:0x0000000d x21=0xfffffaa5
        1315000	       130	80000154	fc1684e3	beq	x13,x1,8000011c	 x13:0x00000018  x1:0x0000000e
        1325000	       131	80000158	01cbd3b3	srl	x7,x23,x28	 x23:0x00000000 x28:0x7ffffdf7  x7=0x00000000
        1335000	       132	8000015c	00a00193	addi	x3,x0,10	  x0:0x00000000  x3=0x0000000a
        1345000	       133	80000160	753d4e17	auipc	x28,0x753d4	 x28=0xf53d415c
        1355000	       134	80000164	01b19893	slli	x17,x3,0x1b	  x3:0x0000000a x17=0x50000000
        1365000	       135	80000168	002fdc13	srli	x24,x31,0x2	 x31:0xfeb1d9eb x24=0x3fac767a
        1375000	       136	8000016c	00000013	addi	x0,x0,0	  x0:0x00000000
        1385000	       137	80000170	00fed093	srli	x1,x29,0xf	 x29:0xfff75097  x1=0x0001ffee
        1395000	       138	80000174	2265c593	xori	x11,x11,550	 x11:0x00000004 x11=0x00000222
        1405000	       139	80000178	00800493	addi	x9,x0,8	  x0:0x00000000  x9=0x00000008
        1415000	       140	8000017c	add24997	auipc	x19,0xadd24	 x19=0x2dd24178
        1425000	       141	80000180	cc6e3537	lui	x10,0xcc6e3	 x10=0xcc6e3000
        1435000	       142	80000184	ff918193	addi	x3,x3,-7	  x3:0x0000000a  x3=0x00000003
        1445000	       143	80000188	00fe9e13	slli	x28,x29,0xf	 x29:0xfff75097 x28=0xa84b8000
        1455000	       144	8000018c	01c88eb3	add	x29,x17,x28	 x17:0x50000000 x28:0xa84b8000 x29=0xf84b8000
        1465000	       145	80000190	012c7f33	and	x30,x24,x18	 x24:0x3fac767a x18:0xffffe000 x30=0x3fac6000
        1475000	       146	80000194	01db7e33	and	x28,x22,x29	 x22:0x00000002 x29:0xf84b8000 x28=0x00000000
        1485000	       147	80000198	00900793	addi	x15,x0,9	  x0:0x00000000 x15=0x00000009
        1495000	       148	8000019c	416d8b33	sub	x22,x27,x22	 x27:0x80000000 x22:0x00000002 x22=0x7ffffffe
        1505000	       149	800001a0	00b00d13	addi	x26,x0,11	  x0:0x00000000 x26=0x0000000b
        1515000	       150	800001a4	0190f5b3	and	x11,x1,x25	  x1:0x0001ffee x25:0x0000000d x11=0x0000000c
        1525000	       151	800001a8	5a398b93	addi	x23,x19,1443	 x19:0x2dd24178 x23=0x2dd2471b
        1535000	       152	800001ac	00678793	addi	x15,x15,6	 x15:0x00000009 x15=0x0000000f
        1545000	       153	800001b0	01db1213	slli	x4,x22,0x1d	 x22:0x7ffffffe  x4=0xc0000000
        1555000	       154	800001b4	ffa7c8e3	blt	x15,x26,800001a4	 x15:0x0000000f x26:0x0000000b
        1565000	       155	800001b8	01596a33	or	x20,x18,x21	 x18:0xffffe000 x21:0xfffffaa5 x20=0xfffffaa5
        1575000	       156	800001bc	01bf1433	sll	x8,x30,x27	 x30:0x3fac6000 x27:0x80000000  x8=0x3fac6000
        1585000	       157	800001c0	fc91f0e3	bgeu	x3,x9,80000180	  x3:0x00000003  x9:0x00000008
        1595000	       158	800001c4	00000013	addi	x0,x0,0	  x0:0x00000000
        1605000	       159	800001c8	ff900213	addi	x4,x0,-7	  x0:0x00000000  x4=0xfffffff9
        1615000	       160	800001cc	01a87033	and	x0,x16,x26	 x16:0x80009f84 x26:0x0000000b
        1625000	       161	800001d0	00e1b433	sltu	x8,x3,x14	  x3:0x00000003 x14:0x00000000  x8=0x00000000
        1635000	       162	800001d4	4124db33	sra	x22,x9,x18	  x9:0x00000008 x18:0xffffe000 x22=0x00000008
        1645000	       163	800001d8	36a511b7	lui	x3,0x36a51	  x3=0x36a51000
        1655000	       164	800001dc	01f51993	slli	x19,x10,0x1f	 x10:0xcc6e3000 x19=0x00000000
        1665000	       165	800001e0	ffd00d13	addi	x26,x0,-3	  x0:0x00000000 x26=0xfffffffd
        1675000	       166	800001e4	00b5df33	srl	x30,x11,x11	 x11:0x0000000c x11:0x0000000c x30=0x00000000
        1685000	       167	800001e8	0169beb3	sltu	x29,x19,x22	 x19:0x00000000 x22:0x00000008 x29=0x00000001
        1695000	       168	800001ec	014a8ab3	add	x21,x21,x20	 x21:0xfffffaa5 x20:0xfffffaa5 x21=0xfffff54a
        1705000	       169	800001f0	19538e93	addi	x29,x7,405	  x7:0x00000000 x29=0x00000195
        1715000	       170	800001f4	0020b533	sltu	x10,x1,x2	  x1:0x0001ffee  x2:0xf6ddbded x10=0x00000001
        1725000	       171	800001f8	016ddbb3	srl	x23,x27,x22	 x27:0x80000000 x22:0x00000008 x23=0x00800000
        1735000	       172	800001fc	40b5df33	sra	x30,x11,x11	 x11:0x0000000c x11:0x0000000c x30=0x00000000
        1745000	       173	80000200	00d8f5b3	and	x11,x17,x13	 x17:0x50000000 x13:0x00000018 x11=0x00000000
        1755000	       174	80000204	ca226693	ori	x13,x4,-862	  x4:0xfffffff9 x13=0xfffffffb
        1765000	       175	80000208	00528eb3	add	x29,x5,x5	  x5:0x80009fc4  x5:0x80009fc4 x29=0x00013f88
        1775000	       176	8000020c	00420213	addi	x4,x4,4	  x4:0xfffffff9  x4=0xfffffffd
        1785000	       177	80000210	89ef2a93	slti	x21,x30,-1890	 x30:0x00000000 x21=0x00000000
        1795000	       178	80000214	406e5793	srai	x15,x28,0x6	 x28:0x00000000 x15=0x00000000
        1805000	       179	80000218	016fa433	slt	x8,x31,x22	 x31:0xfeb1d9eb x22:0x00000008  x8=0x00000001
        1815000	       180	8000021c	fda218e3	bne	x4,x26,800001ec	  x4:0xfffffffd x26:0xfffffffd
        1825000	       181	80000220	004d0fb3	add	x31,x26,x4	 x26:0xfffffffd  x4:0xfffffffd x31=0xfffffffa
        1835000	       182	80000224	00700393	addi	x7,x0,7	  x0:0x00000000  x7=0x00000007
        1845000	       183	80000228	00b91eb3	sll	x29,x18,x11	 x18:0xffffe000 x11:0x00000000 x29=0xffffe000
        1855000	       184	8000022c	019f6f33	or	x30,x30,x25	 x30:0x00000000 x25:0x0000000d x30=0x0000000d
        1865000	       185	80000230	4cf7e617	auipc	x12,0x4cf7e	 x12=0xccf7e22c
        1875000	       186	80000234	51770897	auipc	x17,0x51770	 x17=0xd1770230
        1885000	       187	80000238	01590a33	add	x20,x18,x21	 x18:0xffffe000 x21:0x00000000 x20=0xffffe000
        1895000	       188	8000023c	40c0da13	srai	x20,x1,0xc	  x1:0x0001ffee x20=0x0000001f
        1905000	       189	80000240	2ff10313	addi	x6,x2,767	  x2:0xf6ddbded  x6=0xf6ddc0ec
        1915000	       190	80000244	40e1de93	srai	x29,x3,0xe	  x3:0x36a51000 x29=0x0000da94
        1925000	       191	80000248	008e4033	xor	x0,x28,x8	 x28:0x00000000  x8:0x00000001
        1935000	       192	8000024c	00700513	addi	x10,x0,7	  x0:0x00000000 x10=0x00000007
        1945000	       193	80000250	41625f33	sra	x30,x4,x22	  x4:0xfffffffd x22:0x00000008 x30=0xffffffff
        1955000	       194	80000254	57584e93	xori	x29,x16,1397	 x16:0x80009f84 x29=0x80009af1
        1965000	       195	80000258	016bea33	or	x20,x23,x22	 x23:0x00800000 x22:0x00000008 x20=0x00800008
        1975000	       196	8000025c	65b9fbb7	lui	x23,0x65b9f	 x23=0x65b9f000
        1985000	       197	80000260	ffc38393	addi	x7,x7,-4	  x7:0x00000007  x7=0x00000003
        1995000	       198	80000264	b70fce97	auipc	x29,0xb70fc	 x29=0x370fc260
        2005000	       199	80000268	01cf3c33	sltu	x24,x30,x28	 x30:0xffffffff x28:0x00000000 x24=0x00000000
        2015000	       200	8000026c	001b4fb3	xor	x31,x22,x1	 x22:0x00000008  x1:0x0001ffee x31=0x0001ffe6
        2025000	       201	80000270	00e7feb3	and	x29,x15,x14	 x15:0x00000000 x14:0x00000000 x29=0x00000000
        2035000	       202	80000274	00000013	addi	x0,x0,0	  x0:0x00000000
        2045000	       203	80000278	46dbbd13	sltiu	x26,x23,1133	 x23:0x65b9f000 x26=0x00000000
        2055000	       204	8000027c	01cb17b3	sll	x15,x22,x28	 x22:0x00000008 x28:0x00000000 x15=0x00000008
        2065000	       205	80000280	fca3fce3	bgeu	x7,x10,80000258	  x7:0x00000003 x10:0x00000007
        2075000	       206	80000284	8c796e17	auipc	x28,0x8c796	 x28=0x0c796280
        2085000	       207	80000288	ffb00113	addi	x2,x0,-5	  x0:0x00000000  x2=0xfffffffb
        2095000	       208	8000028c	00fab8b3	sltu	x17,x21,x15	 x21:0x00000000 x15:0x00000008 x17=0x00000001
        2105000	       209	80000290	00a0ca33	xor	x20,x1,x10	  x1:0x0001ffee x10:0x00000007 x20=0x0001ffe9
        2115000	       210	80000294	0105bfb3	sltu	x31,x11,x16	 x11:0x00000000 x16:0x80009f84 x31=0x00000001
        2125000	       211	80000298	00dce613	ori	x12,x25,13	 x25:0x0000000d x12=0x0000000d
        2135000	       212	8000029c	f41e1eb7	lui	x29,0xf41e1	 x29=0xf41e1000
        2145000	       213	800002a0	01ef5f33	srl	x30,x30,x30	 x30:0xffffffff x30:0xffffffff x30=0x00000001
        2155000	       214	800002a4	01c5c8b3	xor	x17,x11,x28	 x11:0x00000000 x28:0x0c796280 x17=0x0c796280
        2165000	       215	800002a8	ff500d13	addi	x26,x0,-11	  x0:0x00000000 x26=0xfffffff5
        2175000	       216	800002ac	40a884b3	sub	x9,x17,x10	 x17:0x0c796280 x10:0x00000007  x9=0x0c796279
        2185000	       217	800002b0	d26fe013	ori	x0,x31,-730	 x31:0x00000001
        2195000	       218	800002b4	405f8a33	sub	x20,x31,x5	 x31:0x00000001  x5:0x80009fc4 x20=0x7fff603d
        2205000	       219	800002b8	019031b3	sltu	x3,x0,x25	  x0:0x00000000 x25:0x0000000d  x3=0x00000001
        2215000	       220	800002bc	00000013	addi	x0,x0,0	  x0:0x00000000
        2225000	       221	800002c0	48170617	auipc	x12,0x48170	 x12=0xc81702bc
        2235000	       222	800002c4	00dc70b3	and	x1,x24,x13	 x24:0x00000000 x13:0xfffffffb  x1=0x00000000
        2245000	       223	800002c8	8a527f13	andi	x30,x4,-1883	  x4:0xfffffffd x30=0xfffff8a5
        2255000	       224	800002cc	56cd4693	xori	x13,x26,1388	 x26:0xfffffff5 x13=0xfffffa99
        2265000	       225	800002d0	e2ee3a13	sltiu	x20,x28,-466	 x28:0x0c796280 x20=0x00000001
        2275000	       226	800002d4	c905b013	sltiu	x0,x11,-880	 x11:0x00000000
        2285000	       227	800002d8	17305437	lui	x8,0x17305	  x8=0x17305000
        2295000	       228	800002dc	024c3013	sltiu	x0,x24,36	 x24:0x00000000
        2305000	       229	800002e0	16e1e413	ori	x8,x3,366	  x3:0x00000001  x8=0x0000016f
        2315000	       230	800002e4	0016cf33	xor	x30,x13,x1	 x13:0xfffffa99  x1:0x00000000 x30=0xfffffa99
        2325000	       231	800002e8	ffe10113	addi	x2,x2,-2	  x2:0xfffffffb  x2=0xfffffff9
        2335000	       232	800002ec	00254ab3	xor	x21,x10,x2	 x10:0x00000007  x2:0xfffffff9 x21=0xfffffffe
        2345000	       233	800002f0	003fd613	srli	x12,x31,0x3	 x31:0x00000001 x12=0x00000000
        2355000	       234	800002f4	ffa116e3	bne	x2,x26,800002e0	  x2:0xfffffff9 x26:0xfffffff5
        2365000	       235	00000000	00000013	addi	x0,x0,0	  x0:0x00000000
        2375000	       236	800002dc	00000013	addi	x0,x0,0	  x0:0x00000000
        2385000	       237	800002e0	16e1e413	ori	x8,x3,366	  x3:0x00000001  x8=0x0000016f
        2395000	       238	800002e4	0016cf33	xor	x30,x13,x1	 x13:0xfffffa99  x1:0x00000000 x30=0xfffffa99
        2405000	       239	800002e8	ffe10113	addi	x2,x2,-2	  x2:0xfffffff9  x2=0xfffffff7
        2415000	       240	800002ec	00254ab3	xor	x21,x10,x2	 x10:0x00000007  x2:0xfffffff7 x21=0xfffffff0
        2425000	       241	800002f0	003fd613	srli	x12,x31,0x3	 x31:0x00000001 x12=0x00000000
        2435000	       242	800002f4	ffa116e3	bne	x2,x26,800002e0	  x2:0xfffffff7 x26:0xfffffff5
        2445000	       243	00000000	00000013	addi	x0,x0,0	  x0:0x00000000
        2455000	       244	800002dc	00000013	addi	x0,x0,0	  x0:0x00000000
        2465000	       245	800002e0	16e1e413	ori	x8,x3,366	  x3:0x00000001  x8=0x0000016f
        2475000	       246	800002e4	0016cf33	xor	x30,x13,x1	 x13:0xfffffa99  x1:0x00000000 x30=0xfffffa99
        2485000	       247	800002e8	ffe10113	addi	x2,x2,-2	  x2:0xfffffff7  x2=0xfffffff5
        2495000	       248	800002ec	00254ab3	xor	x21,x10,x2	 x10:0x00000007  x2:0xfffffff5 x21=0xfffffff2
        2505000	       249	800002f0	003fd613	srli	x12,x31,0x3	 x31:0x00000001 x12=0x00000000
        2515000	       250	800002f4	ffa116e3	bne	x2,x26,800002e0	  x2:0xfffffff5 x26:0xfffffff5
        2525000	       251	800002f8	01af79b3	and	x19,x30,x26	 x30:0xfffffa99 x26:0xfffffff5 x19=0xfffffa91
        2535000	       252	800002fc	00a00b13	addi	x22,x0,10	  x0:0x00000000 x22=0x0000000a
        2545000	       253	80000300	00000013	addi	x0,x0,0	  x0:0x00000000
        2555000	       254	80000304	7802c993	xori	x19,x5,1920	  x5:0x80009fc4 x19=0x80009844
        2565000	       255	80000308	00cf9c33	sll	x24,x31,x12	 x31:0x00000001 x12:0x00000000 x24=0x00000001
        2575000	       256	8000030c	00000013	addi	x0,x0,0	  x0:0x00000000
        2585000	       257	80000310	0013d593	srli	x11,x7,0x1	  x7:0x00000003 x11=0x00000001
        2595000	       258	80000314	002c1f13	slli	x30,x24,0x2	 x24:0x00000001 x30=0x00000004
        2605000	       259	80000318	c55fc013	xori	x0,x31,-939	 x31:0x00000001
        2615000	       260	8000031c	01f230b3	sltu	x1,x4,x31	  x4:0xfffffffd x31:0x00000001  x1=0x00000000
        2625000	       261	80000320	006e3d33	sltu	x26,x28,x6	 x28:0x0c796280  x6:0xf6ddc0ec x26=0x00000001
        2635000	       262	80000324	01300393	addi	x7,x0,19	  x0:0x00000000  x7=0x00000013
        2645000	       263	80000328	41ad8cb3	sub	x25,x27,x26	 x27:0x80000000 x26:0x00000001 x25=0x7fffffff
        2655000	       264	8000032c	01cd16b3	sll	x13,x26,x28	 x26:0x00000001 x28:0x0c796280 x13=0x00000001
        2665000	       265	80000330	f7c94e93	xori	x29,x18,-132	 x18:0xffffe000 x29=0x00001f7c
        2675000	       266	80000334	006b0b13	addi	x22,x22,6	 x22:0x0000000a x22=0x00000010
        2685000	       267	80000338	00759a13	slli	x20,x11,0x7	 x11:0x00000001 x20=0x00000080
        2695000	       268	8000033c	00d61193	slli	x3,x12,0xd	 x12:0x00000000  x3=0x00000000
        2705000	       269	80000340	013bc933	xor	x18,x23,x19	 x23:0x65b9f000 x19:0x80009844 x18=0xe5b96844
        2715000	       270	80000344	00340bb3	add	x23,x8,x3	  x8:0x0000016f  x3:0x00000000 x23=0x0000016f
        2725000	       271	80000348	08582e17	auipc	x28,0x8582	 x28=0x88582344
        2735000	       272	8000034c	50fea613	slti	x12,x29,1295	 x29:0x00001f7c x12=0x00000000
        2745000	       273	80000350	fc7b6ce3	bltu	x22,x7,80000328	 x22:0x00000010  x7:0x00000013
        2755000	       274	00000000	00000013	addi	x0,x0,0	  x0:0x00000000
        2765000	       275	80000324	00000013	addi	x0,x0,0	  x0:0x00000000
        2775000	       276	80000328	41ad8cb3	sub	x25,x27,x26	 x27:0x80000000 x26:0x00000001 x25=0x7fffffff
        2785000	       277	8000032c	01cd16b3	sll	x13,x26,x28	 x26:0x00000001 x28:0x88582344 x13=0x00000010
        2795000	       278	80000330	f7c94e93	xori	x29,x18,-132	 x18:0xe5b96844 x29=0x1a469738
        2805000	       279	80000334	006b0b13	addi	x22,x22,6	 x22:0x00000010 x22=0x00000016
        2815000	       280	80000338	00759a13	slli	x20,x11,0x7	 x11:0x00000001 x20=0x00000080
        2825000	       281	8000033c	00d61193	slli	x3,x12,0xd	 x12:0x00000000  x3=0x00000000
        2835000	       282	80000340	013bc933	xor	x18,x23,x19	 x23:0x0000016f x19:0x80009844 x18=0x8000992b
        2845000	       283	80000344	00340bb3	add	x23,x8,x3	  x8:0x0000016f  x3:0x00000000 x23=0x0000016f
        2855000	       284	80000348	08582e17	auipc	x28,0x8582	 x28=0x88582344
        2865000	       285	8000034c	50fea613	slti	x12,x29,1295	 x29:0x1a469738 x12=0x00000000
        2875000	       286	80000350	fc7b6ce3	bltu	x22,x7,80000328	 x22:0x00000016  x7:0x00000013
        2885000	       287	80000354	015f4a33	xor	x20,x30,x21	 x30:0x00000004 x21:0xfffffff2 x20=0xfffffff6
        2895000	       288	80000358	3e508f17	auipc	x30,0x3e508	 x30=0xbe508354
        2905000	       289	8000035c	00000013	addi	x0,x0,0	  x0:0x00000000
        2915000	       290	80000360	0204f663	bgeu	x9,x0,8000038c	  x9:0x0c796279  x0:0x00000000
        2925000	       291	00000000	00000013	addi	x0,x0,0	  x0:0x00000000
        2935000	       292	80000388	00000013	addi	x0,x0,0	  x0:0x00000000
        2945000	       293	8000038c	00000013	addi	x0,x0,0	  x0:0x00000000
        2955000	       294	80000390	00a4f033	and	x0,x9,x10	  x9:0x0c796279 x10:0x00000007
        2965000	       295	80000394	00000013	addi	x0,x0,0	  x0:0x00000000
        2975000	       296	80000398	0131d6b3	srl	x13,x3,x19	  x3:0x00000000 x19:0x80009844 x13=0x00000000
        2985000	       297	8000039c	021e7a63	bgeu	x28,x1,800003d0	 x28:0x88582344  x1:0x00000000
        2995000	       298	00000000	00000013	addi	x0,x0,0	  x0:0x00000000
        3005000	       299	800003cc	00000013	addi	x0,x0,0	  x0:0x00000000
        3015000	       300	800003d0	00fbbbb3	sltu	x23,x23,x15	 x23:0x0000016f x15:0x00000008 x23=0x00000000
        3025000	       301	800003d4	01251233	sll	x4,x10,x18	 x10:0x00000007 x18:0x8000992b  x4=0x00003800
        3035000	       302	800003d8	02306e63	bltu	x0,x3,80000414	  x0:0x00000000  x3:0x00000000
        3045000	       303	800003dc	6b99aa93	slti	x21,x19,1721	 x19:0x80009844 x21=0x00000001
        3055000	       304	800003e0	01b66b33	or	x22,x12,x27	 x12:0x00000000 x27:0x80000000 x22=0x80000000
        3065000	       305	800003e4	03f14e63	blt	x2,x31,80000420	  x2:0xfffffff5 x31:0x00000001
        3075000	       306	00000000	00000013	addi	x0,x0,0	  x0:0x00000000
        3085000	       307	8000041c	00000013	addi	x0,x0,0	  x0:0x00000000
        3095000	       308	80000420	41cfd113	srai	x2,x31,0x1c	 x31:0x00000001  x2=0x00000000
        3105000	       309	80000424	02de7463	bgeu	x28,x13,8000044c	 x28:0x88582344 x13:0x00000000
        3115000	       310	00000000	00000013	addi	x0,x0,0	  x0:0x00000000
        3125000	       311	80000448	00000013	addi	x0,x0,0	  x0:0x00000000
        3135000	       312	8000044c	41920333	sub	x6,x4,x25	  x4:0x00003800 x25:0x7fffffff  x6=0x80003801
        3145000	       313	80000450	00000013	addi	x0,x0,0	  x0:0x00000000
        3155000	       314	80000454	895ad637	lui	x12,0x895ad	 x12=0x895ad000
        3165000	       315	80000458	00ab39b3	sltu	x19,x22,x10	 x22:0x80000000 x10:0x00000007 x19=0x00000000
        3175000	       316	8000045c	430c8997	auipc	x19,0x430c8	 x19=0xc30c8458
        3185000	       317	80000460	ae934c93	xori	x25,x6,-1303	  x6:0x80003801 x25=0x7fffc2e8
        3195000	       318	80000464	00ce6463	bltu	x28,x12,8000046c	 x28:0x88582344 x12:0x895ad000
        3205000	       319	00000000	00000013	addi	x0,x0,0	  x0:0x00000000
        3215000	       320	80000468	00000013	addi	x0,x0,0	  x0:0x00000000
        3225000	       321	8000046c	00ff6b33	or	x22,x30,x15	 x30:0xbe508354 x15:0x00000008 x22=0xbe50835c
        3235000	       322	80000470	a1e02697	auipc	x13,0xa1e02	 x13=0x21e0246c
        3245000	       323	80000474	02eafb13	andi	x22,x21,46	 x21:0x00000001 x22=0x00000000
        3255000	       324	80000478	02ca6863	bltu	x20,x12,800004a8	 x20:0xfffffff6 x12:0x895ad000
        3265000	       325	8000047c	01a15eb3	srl	x29,x2,x26	  x2:0x00000000 x26:0x00000001 x29=0x00000000
        3275000	       326	80000480	004d0533	add	x10,x26,x4	 x26:0x00000001  x4:0x00003800 x10=0x00003801
        3285000	       327	80000484	41cbdb93	srai	x23,x23,0x1c	 x23:0x00000000 x23=0x00000000
        3295000	       328	80000488	01929463	bne	x5,x25,80000490	  x5:0x80009fc4 x25:0x7fffc2e8
        3305000	       329	00000000	00000013	addi	x0,x0,0	  x0:0x00000000
        3315000	       330	8000048c	00000013	addi	x0,x0,0	  x0:0x00000000
        3325000	       331	80000490	01057fb3	and	x31,x10,x16	 x10:0x00003801 x16:0x80009f84 x31=0x00001800
        3335000	       332	80000494	011c5613	srli	x12,x24,0x11	 x24:0x00000001 x12=0x00000000
        3345000	       333	80000498	419e8933	sub	x18,x29,x25	 x29:0x00000000 x25:0x7fffc2e8 x18=0x80003d18
        3355000	       334	8000049c	00cc5e13	srli	x28,x24,0xc	 x24:0x00000001 x28=0x00000000
        3365000	       335	800004a0	e5b05597	auipc	x11,0xe5b05	 x11=0x65b0549c
        3375000	       336	800004a4	006147b3	xor	x15,x2,x6	  x2:0x00000000  x6:0x80003801 x15=0x80003801
        3385000	       337	800004a8	24aefcb7	lui	x25,0x24aef	 x25=0x24aef000
        3395000	       338	800004ac	0116e033	or	x0,x13,x17	 x13:0x21e0246c x17:0x0c796280
        3405000	       339	800004b0	40ca5ab3	sra	x21,x20,x12	 x20:0xfffffff6 x12:0x00000000 x21=0xfffffff6
        3415000	       340	800004b4	04ff0063	beq	x30,x15,800004f4	 x30:0xbe508354 x15:0x80003801
        3425000	       341	800004b8	05668063	beq	x13,x22,800004f8	 x13:0x21e0246c x22:0x00000000
        3435000	       342	800004bc	401d5333	sra	x6,x26,x1	 x26:0x00000001  x1:0x00000000  x6=0x00000001
        3445000	       343	800004c0	00735d93	srli	x27,x6,0x7	  x6:0x00000001 x27=0x00000000
        3455000	       344	800004c4	008e9693	slli	x13,x29,0x8	 x29:0x00000000 x13=0x00000000
        3465000	       345	800004c8	cc9d6b13	ori	x22,x26,-823	 x26:0x00000001 x22=0xfffffcc9
        3475000	       346	800004cc	018c7133	and	x2,x24,x24	 x24:0x00000001 x24:0x00000001  x2=0x00000001
        3485000	       347	800004d0	001e7263	bgeu	x28,x1,800004d4	 x28:0x00000000  x1:0x00000000
        3495000	       348	00000000	00000013	addi	x0,x0,0	  x0:0x00000000
        3505000	       349	800004d0	00000013	addi	x0,x0,0	  x0:0x00000000
        3515000	       350	800004d4	03cd6663	bltu	x26,x28,80000500	 x26:0x00000001 x28:0x00000000
        3525000	       351	800004d8	032a1c63	bne	x20,x18,80000510	 x20:0xfffffff6 x18:0x80003d18
        3535000	       352	00000000	00000013	addi	x0,x0,0	  x0:0x00000000
        3545000	       353	8000050c	00000013	addi	x0,x0,0	  x0:0x00000000
        3555000	       354	80000510	04a4d663	bge	x9,x10,8000055c	  x9:0x0c796279 x10:0x00003801
        3565000	       355	00000000	00000013	addi	x0,x0,0	  x0:0x00000000
        3575000	       356	80000558	00000013	addi	x0,x0,0	  x0:0x00000000
        3585000	       357	8000055c	b0670c93	addi	x25,x14,-1274	 x14:0x00000000 x25=0xfffffb06
        3595000	       358	80000560	0050edb3	or	x27,x1,x5	  x1:0x00000000  x5:0x80009fc4 x27=0x80009fc4
        3605000	       359	80000564	04646663	bltu	x8,x6,800005b0	  x8:0x0000016f  x6:0x00000001
        3615000	       360	80000568	016d4b33	xor	x22,x26,x22	 x26:0x00000001 x22:0xfffffcc9 x22=0xfffffcc8
        3625000	       361	8000056c	8835e593	ori	x11,x11,-1917	 x11:0x65b0549c x11=0xfffffc9f
        3635000	       362	80000570	03a67663	bgeu	x12,x26,8000059c	 x12:0x00000000 x26:0x00000001
        3645000	       363	80000574	0197a933	slt	x18,x15,x25	 x15:0x80003801 x25:0xfffffb06 x18=0x00000001
        3655000	       364	80000578	00000013	addi	x0,x0,0	  x0:0x00000000
        3665000	       365	8000057c	015e7433	and	x8,x28,x21	 x28:0x00000000 x21:0xfffffff6  x8=0x00000000
        3675000	       366	80000580	010530b3	sltu	x1,x10,x16	 x10:0x00003801 x16:0x80009f84  x1=0x00000001
        3685000	       367	80000584	03610863	beq	x2,x22,800005b4	  x2:0x00000001 x22:0xfffffcc8
        3695000	       368	80000588	00e0a5b3	slt	x11,x1,x14	  x1:0x00000001 x14:0x00000000 x11=0x00000000
        3705000	       369	8000058c	00b20e33	add	x28,x4,x11	  x4:0x00003800 x11:0x00000000 x28=0x00003800
        3715000	       370	80000590	008b17b3	sll	x15,x22,x8	 x22:0xfffffcc8  x8:0x00000000 x15=0xfffffcc8
        3725000	       371	80000594	7aa80e13	addi	x28,x16,1962	 x16:0x80009f84 x28=0x8000a72e
        3735000	       372	80000598	013b5e33	srl	x28,x22,x19	 x22:0xfffffcc8 x19:0xc30c8458 x28=0x000000ff
        3745000	       373	8000059c	009d5793	srli	x15,x26,0x9	 x26:0x00000001 x15=0x00000000
        3755000	       374	800005a0	270e6613	ori	x12,x28,624	 x28:0x000000ff x12=0x000002ff
        3765000	       375	800005a4	5dcd3a13	sltiu	x20,x26,1500	 x26:0x00000001 x20=0x00000001
        3775000	       376	800005a8	00000013	addi	x0,x0,0	  x0:0x00000000
        3785000	       377	800005ac	05c35463	bge	x6,x28,800005f4	  x6:0x00000001 x28:0x000000ff
        3795000	       378	800005b0	51db7993	andi	x19,x22,1309	 x22:0xfffffcc8 x19=0x00000408
        3805000	       379	800005b4	014cefb3	or	x31,x25,x20	 x25:0xfffffb06 x20:0x00000001 x31=0xfffffb07
        3815000	       380	800005b8	d52c8e93	addi	x29,x25,-686	 x25:0xfffffb06 x29=0xfffff858
        3825000	       381	800005bc	00d28463	beq	x5,x13,800005c4	  x5:0x80009fc4 x13:0x00000000
        3835000	       382	800005c0	014e5513	srli	x10,x28,0x14	 x28:0x000000ff x10=0x00000000
        3845000	       383	800005c4	0537c863	blt	x15,x19,80000614	 x15:0x00000000 x19:0x00000408
        3855000	       384	00000000	00000013	addi	x0,x0,0	  x0:0x00000000
        3865000	       385	80000610	00000013	addi	x0,x0,0	  x0:0x00000000
        3875000	       386	80000614	6a513213	sltiu	x4,x2,1701	  x2:0x00000001  x4=0x00000001
        3885000	       387	80000618	0121d033	srl	x0,x3,x18	  x3:0x00000000 x18:0x00000001
        3895000	       388	8000061c	40db8c33	sub	x24,x23,x13	 x23:0x00000000 x13:0x00000000 x24=0x00000000
        3905000	       389	80000620	19bea613	slti	x12,x29,411	 x29:0xfffff858 x12=0x00000001
        3915000	       390	80000624	00704463	blt	x0,x7,8000062c	  x0:0x00000000  x7:0x00000013
        3925000	       391	00000000	00000013	addi	x0,x0,0	  x0:0x00000000
        3935000	       392	80000628	00000013	addi	x0,x0,0	  x0:0x00000000
        3945000	       393	8000062c	4ba9dc97	auipc	x25,0x4ba9d	 x25=0xcba9d628
        3955000	       394	80000630	bd6ac993	xori	x19,x21,-1066	 x21:0xfffffff6 x19=0x00000420
        3965000	       395	80000634	00b50e33	add	x28,x10,x11	 x10:0x00000000 x11:0x00000000 x28=0x00000000
        3975000	       396	80000638	03954e63	blt	x10,x25,80000674	 x10:0x00000000 x25:0xcba9d628
        3985000	       397	8000063c	a156c597	auipc	x11,0xa156c	 x11=0x2156c638
        3995000	       398	80000640	05838263	beq	x7,x24,80000684	  x7:0x00000013 x24:0x00000000
        4005000	       399	80000644	00000013	addi	x0,x0,0	  x0:0x00000000
        4015000	       400	80000648	0039e333	or	x6,x19,x3	 x19:0x00000420  x3:0x00000000  x6=0x00000420
        4025000	       401	8000064c	dbaa9097	auipc	x1,0xdbaa9	  x1=0x5baa9648
        4035000	       402	80000650	02c0ee63	bltu	x1,x12,8000068c	  x1:0x5baa9648 x12:0x00000001
        4045000	       403	80000654	00010f33	add	x30,x2,x0	  x2:0x00000001  x0:0x00000000 x30=0x00000001
        4055000	       404	80000658	41075e33	sra	x28,x14,x16	 x14:0x00000000 x16:0x80009f84 x28=0x00000000
        4065000	       405	8000065c	00000013	addi	x0,x0,0	  x0:0x00000000
        4075000	       406	80000660	03676663	bltu	x14,x22,8000068c	 x14:0x00000000 x22:0xfffffcc8
        4085000	       407	00000000	00000013	addi	x0,x0,0	  x0:0x00000000
        4095000	       408	80000688	00000013	addi	x0,x0,0	  x0:0x00000000
        4105000	       409	8000068c	01111c93	slli	x25,x2,0x11	  x2:0x00000001 x25=0x00020000
        4115000	       410	80000690	0113edb3	or	x27,x7,x17	  x7:0x00000013 x17:0x0c796280 x27=0x0c796293
        4125000	       411	80000694	50e6e893	ori	x17,x13,1294	 x13:0x00000000 x17=0x0000050e
        4135000	       412	80000698	01de4e33	xor	x28,x28,x29	 x28:0x00000000 x29:0xfffff858 x28=0xfffff858
        4145000	       413	8000069c	06f84263	blt	x16,x15,80000700	 x16:0x80009f84 x15:0x00000000
        4155000	       414	00000000	00000013	addi	x0,x0,0	  x0:0x00000000
        4165000	       415	800006fc	00000013	addi	x0,x0,0	  x0:0x00000000
        4175000	       416	80000700	bfbfbf13	sltiu	x30,x31,-1029	 x31:0xfffffb07 x30=0x00000001
        4185000	       417	80000704	0137d893	srli	x17,x15,0x13	 x15:0x00000000 x17=0x00000000
        4195000	       418	80000708	008e3633	sltu	x12,x28,x8	 x28:0xfffff858  x8:0x00000000 x12=0x00000000
        4205000	       419	8000070c	814c6f93	ori	x31,x24,-2028	 x24:0x00000000 x31=0xfffff814
        4215000	       420	80000710	01880863	beq	x16,x24,80000720	 x16:0x80009f84 x24:0x00000000
        4225000	       421	80000714	012427b3	slt	x15,x8,x18	  x8:0x00000000 x18:0x00000001 x15=0x00000001
        4235000	       422	80000718	0019d333	srl	x6,x19,x1	 x19:0x00000420  x1:0x5baa9648  x6=0x00000004
        4245000	       423	8000071c	55f0ee93	ori	x29,x1,1375	  x1:0x5baa9648 x29=0x5baa975f
        4255000	       424	80000720	40d308b3	sub	x17,x6,x13	  x6:0x00000004 x13:0x00000000 x17=0x00000004
        4265000	       425	80000724	066bd217	auipc	x4,0x66bd	  x4=0x866bd720
        4275000	       426	80000728	ddb7f597	auipc	x11,0xddb7f	 x11=0x5db7f724
        4285000	       427	8000072c	00549593	slli	x11,x9,0x5	  x9:0x0c796279 x11=0x8f2c4f20
        4295000	       428	80000730	be72deb7	lui	x29,0xbe72d	 x29=0xbe72d000
        4305000	       429	80000734	11e8b037	lui	x0,0x11e8b	
        4315000	       430	80000738	0c974663	blt	x14,x9,80000804	 x14:0x00000000  x9:0x0c796279
        4325000	       431	00000000	00000013	addi	x0,x0,0	  x0:0x00000000
        4335000	       432	80000800	00000013	addi	x0,x0,0	  x0:0x00000000
        4345000	       433	80000804	5702b313	sltiu	x6,x5,1392	  x5:0x80009fc4  x6=0x00000000
        4355000	       434	80000808	40195493	srai	x9,x18,0x1	 x18:0x00000001  x9=0x00000000
        4365000	       435	8000080c	d2c6a337	lui	x6,0xd2c6a	  x6=0xd2c6a000
        4375000	       436	80000810	d7ad2593	slti	x11,x26,-646	 x26:0x00000001 x11=0x00000000
        4385000	       437	80000814	408adc13	srai	x24,x21,0x8	 x21:0xfffffff6 x24=0xffffffff
        4395000	       438	80000818	01113eb3	sltu	x29,x2,x17	  x2:0x00000001 x17:0x00000004 x29=0x00000001
        4405000	       439	8000081c	01a236b3	sltu	x13,x4,x26	  x4:0x866bd720 x26:0x00000001 x13=0x00000000
        4415000	       440	80000820	04275663	bge	x14,x2,8000086c	 x14:0x00000000  x2:0x00000001
        4425000	       441	80000824	9edffb93	andi	x23,x31,-1555	 x31:0xfffff814 x23=0xfffff804
        4435000	       442	80000828	00665a33	srl	x20,x12,x6	 x12:0x00000000  x6:0xd2c6a000 x20=0x00000000
        4445000	       443	8000082c	00da5a33	srl	x20,x20,x13	 x20:0x00000000 x13:0x00000000 x20=0x00000000
        4455000	       444	80000830	416a5e13	srai	x28,x20,0x16	 x20:0x00000000 x28=0x00000000
        4465000	       445	80000834	00421993	slli	x19,x4,0x4	  x4:0x866bd720 x19=0x66bd7200
        4475000	       446	80000838	f5c7e913	ori	x18,x15,-164	 x15:0x00000001 x18=0xffffff5d
        4485000	       447	8000083c	77244113	xori	x2,x8,1906	  x8:0x00000000  x2=0x00000772
        4495000	       448	80000840	d2954313	xori	x6,x10,-727	 x10:0x00000000  x6=0xfffffd29
        4505000	       449	80000844	01450933	add	x18,x10,x20	 x10:0x00000000 x20:0x00000000 x18=0x00000000
        4515000	       450	80000848	00d35133	srl	x2,x6,x13	  x6:0xfffffd29 x13:0x00000000  x2=0xfffffd29
        4525000	       451	8000084c	022e6263	bltu	x28,x2,80000870	 x28:0x00000000  x2:0xfffffd29
        4535000	       452	00000000	00000013	addi	x0,x0,0	  x0:0x00000000
        4545000	       453	8000086c	00000013	addi	x0,x0,0	  x0:0x00000000
        4555000	       454	80000870	037c8e63	beq	x25,x23,800008ac	 x25:0x00020000 x23:0xfffff804
        4565000	       455	80000874	003b8463	beq	x23,x3,8000087c	 x23:0xfffff804  x3:0x00000000
        4575000	       456	80000878	0171a6b3	slt	x13,x3,x23	  x3:0x00000000 x23:0xfffff804 x13=0x00000000
        4585000	       457	8000087c	0040bc33	sltu	x24,x1,x4	  x1:0x5baa9648  x4:0x866bd720 x24=0x00000001
        4595000	       458	80000880	7c083093	sltiu	x1,x16,1984	 x16:0x80009f84  x1=0x00000000
        4605000	       459	80000884	1ff63013	sltiu	x0,x12,511	 x12:0x00000000
        4615000	       460	80000888	00000013	addi	x0,x0,0	  x0:0x00000000
        4625000	       461	8000088c	40770133	sub	x2,x14,x7	 x14:0x00000000  x7:0x00000013  x2=0xffffffed
        4635000	       462	80000890	04228063	beq	x5,x2,800008d0	  x5:0x80009fc4  x2:0xffffffed
        4645000	       463	80000894	aa49e017	auipc	x0,0xaa49e	
        4655000	       464	80000898	003709b3	add	x19,x14,x3	 x14:0x00000000  x3:0x00000000 x19=0x00000000
        4665000	       465	8000089c	115acd13	xori	x26,x21,277	 x21:0xfffffff6 x26=0xfffffee3
        4675000	       466	800008a0	03e10063	beq	x2,x30,800008c0	  x2:0xffffffed x30:0x00000001
        4685000	       467	800008a4	00000013	addi	x0,x0,0	  x0:0x00000000
        4695000	       468	800008a8	01994433	xor	x8,x18,x25	 x18:0x00000000 x25:0x00020000  x8=0x00020000
        4705000	       469	800008ac	043c4663	blt	x24,x3,800008f8	 x24:0x00000001  x3:0x00000000
        4715000	       470	800008b0	4fcde013	ori	x0,x27,1276	 x27:0x0c796293
        4725000	       471	800008b4	93f1cb93	xori	x23,x3,-1729	  x3:0x00000000 x23=0xfffff93f
        4735000	       472	800008b8	05561263	bne	x12,x21,800008fc	 x12:0x00000000 x21:0xfffffff6
        4745000	       473	00000000	00000013	addi	x0,x0,0	  x0:0x00000000
        4755000	       474	800008f8	00000013	addi	x0,x0,0	  x0:0x00000000
        4765000	       475	800008fc	010a3333	sltu	x6,x20,x16	 x20:0x00000000 x16:0x80009f84  x6=0x00000001
        4775000	       476	80000900	00f054b3	srl	x9,x0,x15	  x0:0x00000000 x15:0x00000001  x9=0x00000000
        4785000	       477	80000904	0164cd33	xor	x26,x9,x22	  x9:0x00000000 x22:0xfffffcc8 x26=0xfffffcc8
        4795000	       478	80000908	01818f33	add	x30,x3,x24	  x3:0x00000000 x24:0x00000001 x30=0x00000001
        4805000	       479	8000090c	f5dfa393	slti	x7,x31,-163	 x31:0xfffff814  x7=0x00000001
        4815000	       480	80000910	05568463	beq	x13,x21,80000958	 x13:0x00000000 x21:0xfffffff6
        4825000	       481	80000914	e0273393	sltiu	x7,x14,-510	 x14:0x00000000  x7=0x00000001
        4835000	       482	80000918	8e78c913	xori	x18,x17,-1817	 x17:0x00000004 x18=0xfffff8e3
        4845000	       483	8000091c	409e5b33	sra	x22,x28,x9	 x28:0x00000000  x9:0x00000000 x22=0x00000000
        4855000	       484	80000920	008533b3	sltu	x7,x10,x8	 x10:0x00000000  x8:0x00020000  x7=0x00000001
        4865000	       485	80000924	08053613	sltiu	x12,x10,128	 x10:0x00000000 x12=0x00000001
        4875000	       486	80000928	006170b3	and	x1,x2,x6	  x2:0xffffffed  x6:0x00000001  x1=0x00000001
        4885000	       487	8000092c	43093517	auipc	x10,0x43093	 x10=0xc3093928
        4895000	       488	80000930	00bf0233	add	x4,x30,x11	 x30:0x00000001 x11:0x00000000  x4=0x00000001
        4905000	       489	80000934	c37a15b7	lui	x11,0xc37a1	 x11=0xc37a1000
        4915000	       490	80000938	05a1bc93	sltiu	x25,x3,90	  x3:0x00000000 x25=0x00000001
        4925000	       491	8000093c	00e18933	add	x18,x3,x14	  x3:0x00000000 x14:0x00000000 x18=0x00000000
        4935000	       492	80000940	02565c63	bge	x12,x5,80000978	 x12:0x00000001  x5:0x80009fc4
        4945000	       493	00000000	00000013	addi	x0,x0,0	  x0:0x00000000
        4955000	       494	80000974	00000013	addi	x0,x0,0	  x0:0x00000000
        4965000	       495	80000978	0035a633	slt	x12,x11,x3	 x11:0xc37a1000  x3:0x00000000 x12=0x00000001
        4975000	       496	8000097c	00736863	bltu	x6,x7,8000098c	  x6:0x00000001  x7:0x00000001
        4985000	       497	80000980	009056b3	srl	x13,x0,x9	  x0:0x00000000  x9:0x00000000 x13=0x00000000
        4995000	       498	80000984	00000013	addi	x0,x0,0	  x0:0x00000000
        5005000	       499	80000988	03549263	bne	x9,x21,800009ac	  x9:0x00000000 x21:0xfffffff6
        5015000	       500	00000000	00000013	addi	x0,x0,0	  x0:0x00000000
        5025000	       501	800009a8	00000013	addi	x0,x0,0	  x0:0x00000000
        5035000	       502	800009ac	0098a133	slt	x2,x17,x9	 x17:0x00000004  x9:0x00000000  x2=0x00000000
        5045000	       503	800009b0	0120f3b3	and	x7,x1,x18	  x1:0x00000001 x18:0x00000000  x7=0x00000000
        5055000	       504	800009b4	00000013	addi	x0,x0,0	  x0:0x00000000
        5065000	       505	800009b8	eb2c2b93	slti	x23,x24,-334	 x24:0x00000001 x23=0x00000000
        5075000	       506	800009bc	41af0a33	sub	x20,x30,x26	 x30:0x00000001 x26:0xfffffcc8 x20=0x00000339
        5085000	       507	800009c0	08dd9c63	bne	x27,x13,80000a58	 x27:0x0c796293 x13:0x00000000
        5095000	       508	00000000	00000013	addi	x0,x0,0	  x0:0x00000000
        5105000	       509	80000a54	00000013	addi	x0,x0,0	  x0:0x00000000
        5115000	       510	80000a58	dac79197	auipc	x3,0xdac79	  x3=0x5ac79a54
        5125000	       511	80000a5c	00190863	beq	x18,x1,80000a6c	 x18:0x00000000  x1:0x00000001
        5135000	       512	80000a60	41c95233	sra	x4,x18,x28	 x18:0x00000000 x28:0x00000000  x4=0x00000000
        5145000	       513	80000a64	018bc3b3	xor	x7,x23,x24	 x23:0x00000000 x24:0x00000001  x7=0x00000001
        5155000	       514	80000a68	c524ce13	xori	x28,x9,-942	  x9:0x00000000 x28=0xfffffc52
        5165000	       515	80000a6c	019a4663	blt	x20,x25,80000a78	 x20:0x00000339 x25:0x00000001
        5175000	       516	80000a70	00000013	addi	x0,x0,0	  x0:0x00000000
        5185000	       517	80000a74	b2d66797	auipc	x15,0xb2d66	 x15=0x32d66a70
        5195000	       518	80000a78	02870063	beq	x14,x8,80000a98	 x14:0x00000000  x8:0x00020000
        5205000	       519	80000a7c	02678663	beq	x15,x6,80000aa8	 x15:0x32d66a70  x6:0x00000001
        5215000	       520	80000a80	01020f33	add	x30,x4,x16	  x4:0x00000000 x16:0x80009f84 x30=0x80009f84
        5225000	       521	80000a84	00eadd33	srl	x26,x21,x14	 x21:0xfffffff6 x14:0x00000000 x26=0xfffffff6
        5235000	       522	80000a88	00494e33	xor	x28,x18,x4	 x18:0x00000000  x4:0x00000000 x28=0x00000000
        5245000	       523	80000a8c	02b68e63	beq	x13,x11,80000ac8	 x13:0x00000000 x11:0xc37a1000
        5255000	       524	80000a90	02f69463	bne	x13,x15,80000ab8	 x13:0x00000000 x15:0x32d66a70
        5265000	       525	00000000	00000013	addi	x0,x0,0	  x0:0x00000000
        5275000	       526	80000ab4	00000013	addi	x0,x0,0	  x0:0x00000000
        5285000	       527	80000ab8	03399663	bne	x19,x19,80000ae4	 x19:0x00000000 x19:0x00000000
        5295000	       528	80000abc	017113b3	sll	x7,x2,x23	  x2:0x00000000 x23:0x00000000  x7=0x00000000
        5305000	       529	80000ac0	41d0df13	srai	x30,x1,0x1d	  x1:0x00000001 x30=0x00000000
        5315000	       530	80000ac4	681b3f93	sltiu	x31,x22,1665	 x22:0x00000000 x31=0x00000001
        5325000	       531	80000ac8	00000013	addi	x0,x0,0	  x0:0x00000000
        5335000	       532	80000acc	41f0d433	sra	x8,x1,x31	  x1:0x00000001 x31:0x00000001  x8=0x00000000
        5345000	       533	80000ad0	ac7ee393	ori	x7,x29,-1337	 x29:0x00000001  x7=0xfffffac7
        5355000	       534	80000ad4	00b79b33	sll	x22,x15,x11	 x15:0x32d66a70 x11:0xc37a1000 x22=0x32d66a70
        5365000	       535	80000ad8	01d0d5b3	srl	x11,x1,x29	  x1:0x00000001 x29:0x00000001 x11=0x00000000
        5375000	       536	80000adc	004d8463	beq	x27,x4,80000ae4	 x27:0x0c796293  x4:0x00000000
        5385000	       537	80000ae0	017de333	or	x6,x27,x23	 x27:0x0c796293 x23:0x00000000  x6=0x0c796293
        5395000	       538	80000ae4	41cdf593	andi	x11,x27,1052	 x27:0x0c796293 x11=0x00000010
        5405000	       539	80000ae8	02669063	bne	x13,x6,80000b08	 x13:0x00000000  x6:0x0c796293
        5415000	       540	00000000	00000013	addi	x0,x0,0	  x0:0x00000000
        5425000	       541	80000b04	00000013	addi	x0,x0,0	  x0:0x00000000
        5435000	       542	80000b08	ccd7f093	andi	x1,x15,-819	 x15:0x32d66a70  x1=0x32d66840
        5445000	       543	80000b0c	00000717	auipc	x14,0x0	 x14=0x80000b08
        5455000	       544	80000b10	00c70713	addi	x14,x14,12	 x14:0x80000b08 x14=0x80000b14
        5465000	       545	80000b14	00070067	jalr	x0,x14,0	 x14:0x80000b14
        5475000	       546	00000000	00000013	addi	x0,x0,0	  x0:0x00000000
        5485000	       547	80000b14	00000013	addi	x0,x0,0	  x0:0x00000000
        5495000	       548	80000b18	00100193	addi	x3,x0,1	  x0:0x00000000  x3=0x00000001
        5505000	       549	80000b1c	00000073	ecall	
        5515000	       550	80000b20	fe480813	addi	x16,x16,-28	 x16:0x80009f84 x16=0x80009f68
