		Time			Cycle	PC		Insn	Decoded instruction	Register and memory contents
          65000	         5	80000004	00000293	addi	x5,x0,0	  x0:0x00000000  x5=0x00000000
          75000	         6	80000008	00000313	addi	x6,x0,0	  x0:0x00000000  x6=0x00000000
          85000	         7	8000000c	00628263	beq	x5,x6,80000010	  x5:0x00000000  x6:0x00000000
          95000	         8	00000000	00000013	addi	x0,x0,0	  x0:0x00000000
         105000	         9	8000000c	00000013	addi	x0,x0,0	  x0:0x00000000
         115000	        10	80000010	00000c97	auipc	x25,0x0	 x25=0x8000000c
         125000	        11	80000014	00cc8c93	addi	x25,x25,12	 x25:0x8000000c x25=0x80000018
         135000	        12	80000018	000c8067	jalr	x0,x25,0	 x25:0x80000018
         145000	        13	00000000	00000013	addi	x0,x0,0	  x0:0x00000000
         155000	        14	80000018	00000013	addi	x0,x0,0	  x0:0x00000000
         165000	        15	8000001c	40000637	lui	x12,0x40000	 x12=0x40000000
         175000	        16	80000020	10060613	addi	x12,x12,256	 x12:0x40000000 x12=0x40000100
         185000	        17	80000024	00000013	addi	x0,x0,0	  x0:0x00000000
         195000	        18	80000028	0000a497	auipc	x9,0xa	  x9=0x8000a024
         205000	        19	8000002c	fa048493	addi	x9,x9,-96	  x9:0x8000a024  x9=0x80009fc4
         215000	        20	80000030	00003617	auipc	x12,0x3	 x12=0x8000302c
         225000	        21	80000034	e7460613	addi	x12,x12,-396	 x12:0x8000302c x12=0x80002ea0
         235000	        22	80000038	00066613	ori	x12,x12,0	 x12:0x80002ea0 x12=0x80002ea0
         245000	        23	8000003c	00000013	addi	x0,x0,0	  x0:0x00000000
         255000	        24	80000040	00000617	auipc	x12,0x0	 x12=0x8000003c
         265000	        25	80000044	02060613	addi	x12,x12,32	 x12:0x8000003c x12=0x8000005c
         275000	        26	80000048	00000013	addi	x0,x0,0	  x0:0x00000000
         285000	        27	8000004c	00000013	addi	x0,x0,0	  x0:0x00000000
         295000	        28	80000050	00002637	lui	x12,0x2	 x12=0x00002000
         305000	        29	80000054	80060613	addi	x12,x12,-2048	 x12:0x00002000 x12=0x00001800
         315000	        30	80000058	00000013	addi	x0,x0,0	  x0:0x00000000
         325000	        31	8000005c	00000013	addi	x0,x0,0	  x0:0x00000000
         335000	        32	80000060	f539d037	lui	x0,0xf539d	
         345000	        33	80000064	dc200013	addi	x0,x0,-574	  x0:0x00000000
         355000	        34	80000068	00000093	addi	x1,x0,0	  x0:0x00000000  x1=0x00000000
         365000	        35	8000006c	00900113	addi	x2,x0,9	  x0:0x00000000  x2=0x00000009
         375000	        36	80000070	fc6191b7	lui	x3,0xfc619	  x3=0xfc619000
         385000	        37	80000074	6ad18193	addi	x3,x3,1709	  x3:0xfc619000  x3=0xfc6196ad
         395000	        38	80000078	80000237	lui	x4,0x80000	  x4=0x80000000
         405000	        39	8000007c	f51fe2b7	lui	x5,0xf51fe	  x5=0xf51fe000
         415000	        40	80000080	ff828293	addi	x5,x5,-8	  x5:0xf51fe000  x5=0xf51fdff8
         425000	        41	80000084	f41d9337	lui	x6,0xf41d9	  x6=0xf41d9000
         435000	        42	80000088	d4130313	addi	x6,x6,-703	  x6:0xf41d9000  x6=0xf41d8d41
         445000	        43	8000008c	f43eb3b7	lui	x7,0xf43eb	  x7=0xf43eb000
         455000	        44	80000090	a5538393	addi	x7,x7,-1451	  x7:0xf43eb000  x7=0xf43eaa55
         465000	        45	80000094	00000413	addi	x8,x0,0	  x0:0x00000000  x8=0x00000000
         475000	        46	80000098	80000537	lui	x10,0x80000	 x10=0x80000000
         485000	        47	8000009c	00000593	addi	x11,x0,0	  x0:0x00000000 x11=0x00000000
         495000	        48	800000a0	80000637	lui	x12,0x80000	 x12=0x80000000
         505000	        49	800000a4	00000693	addi	x13,x0,0	  x0:0x00000000 x13=0x00000000
         515000	        50	800000a8	f9e80737	lui	x14,0xf9e80	 x14=0xf9e80000
         525000	        51	800000ac	78870713	addi	x14,x14,1928	 x14:0xf9e80000 x14=0xf9e80788
         535000	        52	800000b0	00600793	addi	x15,x0,6	  x0:0x00000000 x15=0x00000006
         545000	        53	800000b4	f420c837	lui	x16,0xf420c	 x16=0xf420c000
         555000	        54	800000b8	26380813	addi	x16,x16,611	 x16:0xf420c000 x16=0xf420c263
         565000	        55	800000bc	800008b7	lui	x17,0x80000	 x17=0x80000000
         575000	        56	800000c0	00000913	addi	x18,x0,0	  x0:0x00000000 x18=0x00000000
         585000	        57	800000c4	800009b7	lui	x19,0x80000	 x19=0x80000000
         595000	        58	800000c8	5d206a37	lui	x20,0x5d206	 x20=0x5d206000
         605000	        59	800000cc	c76a0a13	addi	x20,x20,-906	 x20:0x5d206000 x20=0x5d205c76
         615000	        60	800000d0	00000a93	addi	x21,x0,0	  x0:0x00000000 x21=0x00000000
         625000	        61	800000d4	80000b37	lui	x22,0x80000	 x22=0x80000000
         635000	        62	800000d8	00000b93	addi	x23,x0,0	  x0:0x00000000 x23=0x00000000
         645000	        63	800000dc	49c1dc37	lui	x24,0x49c1d	 x24=0x49c1d000
         655000	        64	800000e0	b27c0c13	addi	x24,x24,-1241	 x24:0x49c1d000 x24=0x49c1cb27
         665000	        65	800000e4	00000c93	addi	x25,x0,0	  x0:0x00000000 x25=0x00000000
         675000	        66	800000e8	1ad9dd37	lui	x26,0x1ad9d	 x26=0x1ad9d000
         685000	        67	800000ec	0abd0d13	addi	x26,x26,171	 x26:0x1ad9d000 x26=0x1ad9d0ab
         695000	        68	800000f0	00000e13	addi	x28,x0,0	  x0:0x00000000 x28=0x00000000
         705000	        69	800000f4	80000eb7	lui	x29,0x80000	 x29=0x80000000
         715000	        70	800000f8	00000f13	addi	x30,x0,0	  x0:0x00000000 x30=0x00000000
         725000	        71	800000fc	f1c21fb7	lui	x31,0xf1c21	 x31=0xf1c21000
         735000	        72	80000100	6ecf8f93	addi	x31,x31,1772	 x31:0xf1c21000 x31=0xf1c216ec
         745000	        73	80000104	0000ad97	auipc	x27,0xa	 x27=0x8000a100
         755000	        74	80000108	e84d8d93	addi	x27,x27,-380	 x27:0x8000a100 x27=0x80009f84
         765000	        75	8000010c	00400513	addi	x10,x0,4	  x0:0x00000000 x10=0x00000004
         775000	        76	80000110	00a00913	addi	x18,x0,10	  x0:0x00000000 x18=0x0000000a
         785000	        77	80000114	00000013	addi	x0,x0,0	  x0:0x00000000
         795000	        78	80000118	407edb93	srai	x23,x29,0x7	 x29:0x80000000 x23=0xff000000
         805000	        79	8000011c	00250513	addi	x10,x10,2	 x10:0x00000004 x10=0x00000006
         815000	        80	80000120	00000413	addi	x8,x0,0	  x0:0x00000000  x8=0x00000000
         825000	        81	80000124	ffa00993	addi	x19,x0,-6	  x0:0x00000000 x19=0xfffffffa
         835000	        82	80000128	00415c13	srli	x24,x2,0x4	  x2:0x00000009 x24=0x00000000
         845000	        83	8000012c	00000013	addi	x0,x0,0	  x0:0x00000000
         855000	        84	80000130	ffa40413	addi	x8,x8,-6	  x8:0x00000000  x8=0xfffffffa
         865000	        85	80000134	ff341ce3	bne	x8,x19,8000012c	  x8:0xfffffffa x19:0xfffffffa
         875000	        86	80000138	fd254ee3	blt	x10,x18,80000114	 x10:0x00000006 x18:0x0000000a
         885000	        87	00000000	00000013	addi	x0,x0,0	  x0:0x00000000
         895000	        88	80000110	00000013	addi	x0,x0,0	  x0:0x00000000
         905000	        89	80000114	00000013	addi	x0,x0,0	  x0:0x00000000
         915000	        90	80000118	407edb93	srai	x23,x29,0x7	 x29:0x80000000 x23=0xff000000
         925000	        91	8000011c	00250513	addi	x10,x10,2	 x10:0x00000006 x10=0x00000008
         935000	        92	80000120	00000413	addi	x8,x0,0	  x0:0x00000000  x8=0x00000000
         945000	        93	80000124	ffa00993	addi	x19,x0,-6	  x0:0x00000000 x19=0xfffffffa
         955000	        94	80000128	00415c13	srli	x24,x2,0x4	  x2:0x00000009 x24=0x00000000
         965000	        95	8000012c	00000013	addi	x0,x0,0	  x0:0x00000000
         975000	        96	80000130	ffa40413	addi	x8,x8,-6	  x8:0x00000000  x8=0xfffffffa
         985000	        97	80000134	ff341ce3	bne	x8,x19,8000012c	  x8:0xfffffffa x19:0xfffffffa
         995000	        98	80000138	fd254ee3	blt	x10,x18,80000114	 x10:0x00000008 x18:0x0000000a
        1005000	        99	00000000	00000013	addi	x0,x0,0	  x0:0x00000000
        1015000	       100	80000110	00000013	addi	x0,x0,0	  x0:0x00000000
        1025000	       101	80000114	00000013	addi	x0,x0,0	  x0:0x00000000
        1035000	       102	80000118	407edb93	srai	x23,x29,0x7	 x29:0x80000000 x23=0xff000000
        1045000	       103	8000011c	00250513	addi	x10,x10,2	 x10:0x00000008 x10=0x0000000a
        1055000	       104	80000120	00000413	addi	x8,x0,0	  x0:0x00000000  x8=0x00000000
        1065000	       105	80000124	ffa00993	addi	x19,x0,-6	  x0:0x00000000 x19=0xfffffffa
        1075000	       106	80000128	00415c13	srli	x24,x2,0x4	  x2:0x00000009 x24=0x00000000
        1085000	       107	8000012c	00000013	addi	x0,x0,0	  x0:0x00000000
        1095000	       108	80000130	ffa40413	addi	x8,x8,-6	  x8:0x00000000  x8=0xfffffffa
        1105000	       109	80000134	ff341ce3	bne	x8,x19,8000012c	  x8:0xfffffffa x19:0xfffffffa
        1115000	       110	80000138	fd254ee3	blt	x10,x18,80000114	 x10:0x0000000a x18:0x0000000a
        1125000	       111	8000013c	21307d13	andi	x26,x0,531	  x0:0x00000000 x26=0x00000000
        1135000	       112	80000140	078f9c63	bne	x31,x24,800001b8	 x31:0xf1c216ec x24:0x00000000
        1145000	       113	00000000	00000013	addi	x0,x0,0	  x0:0x00000000
        1155000	       114	800001b4	00000013	addi	x0,x0,0	  x0:0x00000000
        1165000	       115	800001b8	02bd0063	beq	x26,x11,800001d8	 x26:0x00000000 x11:0x00000000
        1175000	       116	00000000	00000013	addi	x0,x0,0	  x0:0x00000000
        1185000	       117	800001d4	00000013	addi	x0,x0,0	  x0:0x00000000
        1195000	       118	800001d8	01ead093	srli	x1,x21,0x1e	 x21:0x00000000  x1=0x00000000
        1205000	       119	800001dc	729e7fb7	lui	x31,0x729e7	 x31=0x729e7000
        1215000	       120	800001e0	4057d733	sra	x14,x15,x5	 x15:0x00000006  x5:0xf51fdff8 x14=0x00000000
        1225000	       121	800001e4	4037d893	srai	x17,x15,0x3	 x15:0x00000006 x17=0x00000000
        1235000	       122	800001e8	01fc1793	slli	x15,x24,0x1f	 x24:0x00000000 x15=0x00000000
        1245000	       123	800001ec	018333b3	sltu	x7,x6,x24	  x6:0xf41d8d41 x24:0x00000000  x7=0x00000000
        1255000	       124	800001f0	5605fb93	andi	x23,x11,1376	 x11:0x00000000 x23=0x00000000
        1265000	       125	800001f4	009e0233	add	x4,x28,x9	 x28:0x00000000  x9:0x80009fc4  x4=0x80009fc4
        1275000	       126	800001f8	01009e13	slli	x28,x1,0x10	  x1:0x00000000 x28=0x00000000
        1285000	       127	800001fc	008f97b3	sll	x15,x31,x8	 x31:0x729e7000  x8:0xfffffffa x15=0x00000000
        1295000	       128	80000200	c9a52f37	lui	x30,0xc9a52	 x30=0xc9a52000
        1305000	       129	80000204	00b4bc33	sltu	x24,x9,x11	  x9:0x80009fc4 x11:0x00000000 x24=0x00000000
        1315000	       130	80000208	012d5313	srli	x6,x26,0x12	 x26:0x00000000  x6=0x00000000
        1325000	       131	8000020c	00fed893	srli	x17,x29,0xf	 x29:0x80000000 x17=0x00010000
        1335000	       132	80000210	016d0733	add	x14,x26,x22	 x26:0x00000000 x22:0x80000000 x14=0x80000000
        1345000	       133	80000214	00000c97	auipc	x25,0x0	 x25=0x80000210
        1355000	       134	80000218	00cc8c93	addi	x25,x25,12	 x25:0x80000210 x25=0x8000021c
        1365000	       135	8000021c	000c8067	jalr	x0,x25,0	 x25:0x8000021c
        1375000	       136	00000000	00000013	addi	x0,x0,0	  x0:0x00000000
        1385000	       137	8000021c	00000013	addi	x0,x0,0	  x0:0x00000000
        1395000	       138	80000220	00100193	addi	x3,x0,1	  x0:0x00000000  x3=0x00000001
        1405000	       139	80000224	00000073	ecall	
        1415000	       140	80000228	40eeda33	sra	x20,x29,x14	 x29:0x80000000 x14:0x80000000 x20=0x80000000
