		Time			Cycle	PC		Insn	Decoded instruction	Register and memory contents
          65000	         5	80000004	00000293	addi	x5,x0,0	  x0:0x00000000  x5=0x00000000
          75000	         6	80000008	00000313	addi	x6,x0,0	  x0:0x00000000  x6=0x00000000
          85000	         7	8000000c	00628263	beq	x5,x6,80000010	  x5:0x00000000  x6:0x00000000
          95000	         8	00000000	00000013	addi	x0,x0,0	  x0:0x00000000
         105000	         9	8000000c	00000013	addi	x0,x0,0	  x0:0x00000000
         115000	        10	80000010	00000917	auipc	x18,0x0	 x18=0x8000000c
         125000	        11	80000014	00c90913	addi	x18,x18,12	 x18:0x8000000c x18=0x80000018
         135000	        12	80000018	00090067	jalr	x0,x18,0	 x18:0x80000018
         145000	        13	00000000	00000013	addi	x0,x0,0	  x0:0x00000000
         155000	        14	80000018	00000013	addi	x0,x0,0	  x0:0x00000000
         165000	        15	8000001c	40000c37	lui	x24,0x40000	 x24=0x40000000
         175000	        16	80000020	100c0c13	addi	x24,x24,256	 x24:0x40000000 x24=0x40000100
         185000	        17	80000024	00000013	addi	x0,x0,0	  x0:0x00000000
         195000	        18	80000028	0000a497	auipc	x9,0xa	  x9=0x8000a024
         205000	        19	8000002c	fa048493	addi	x9,x9,-96	  x9:0x8000a024  x9=0x80009fc4
         215000	        20	80000030	00004c17	auipc	x24,0x4	 x24=0x8000402c
         225000	        21	80000034	8c4c0c13	addi	x24,x24,-1852	 x24:0x8000402c x24=0x800038f0
         235000	        22	80000038	001c6c13	ori	x24,x24,1	 x24:0x800038f0 x24=0x800038f1
         245000	        23	8000003c	00000013	addi	x0,x0,0	  x0:0x00000000
         255000	        24	80000040	00000c17	auipc	x24,0x0	 x24=0x8000003c
         265000	        25	80000044	020c0c13	addi	x24,x24,32	 x24:0x8000003c x24=0x8000005c
         275000	        26	80000048	00000013	addi	x0,x0,0	  x0:0x00000000
         285000	        27	8000004c	00000013	addi	x0,x0,0	  x0:0x00000000
         295000	        28	80000050	00002c37	lui	x24,0x2	 x24=0x00002000
         305000	        29	80000054	800c0c13	addi	x24,x24,-2048	 x24:0x00002000 x24=0x00001800
         315000	        30	80000058	00000013	addi	x0,x0,0	  x0:0x00000000
         325000	        31	8000005c	00000013	addi	x0,x0,0	  x0:0x00000000
         335000	        32	80000060	00600013	addi	x0,x0,6	  x0:0x00000000
         345000	        33	80000064	800000b7	lui	x1,0x80000	  x1=0x80000000
         355000	        34	80000068	00400113	addi	x2,x0,4	  x0:0x00000000  x2=0x00000004
         365000	        35	8000006c	00000193	addi	x3,x0,0	  x0:0x00000000  x3=0x00000000
         375000	        36	80000070	00700213	addi	x4,x0,7	  x0:0x00000000  x4=0x00000007
         385000	        37	80000074	fda8c2b7	lui	x5,0xfda8c	  x5=0xfda8c000
         395000	        38	80000078	08928293	addi	x5,x5,137	  x5:0xfda8c000  x5=0xfda8c089
         405000	        39	8000007c	77486337	lui	x6,0x77486	  x6=0x77486000
         415000	        40	80000080	8dc30313	addi	x6,x6,-1828	  x6:0x77486000  x6=0x774858dc
         425000	        41	80000084	36a093b7	lui	x7,0x36a09	  x7=0x36a09000
         435000	        42	80000088	4fc38393	addi	x7,x7,1276	  x7:0x36a09000  x7=0x36a094fc
         445000	        43	8000008c	80000437	lui	x8,0x80000	  x8=0x80000000
         455000	        44	80000090	00000513	addi	x10,x0,0	  x0:0x00000000 x10=0x00000000
         465000	        45	80000094	800005b7	lui	x11,0x80000	 x11=0x80000000
         475000	        46	80000098	35c96637	lui	x12,0x35c96	 x12=0x35c96000
         485000	        47	8000009c	24e60613	addi	x12,x12,590	 x12:0x35c96000 x12=0x35c9624e
         495000	        48	800000a0	00000693	addi	x13,x0,0	  x0:0x00000000 x13=0x00000000
         505000	        49	800000a4	00000713	addi	x14,x0,0	  x0:0x00000000 x14=0x00000000
         515000	        50	800000a8	00300793	addi	x15,x0,3	  x0:0x00000000 x15=0x00000003
         525000	        51	800000ac	00c00813	addi	x16,x0,12	  x0:0x00000000 x16=0x0000000c
         535000	        52	800000b0	fdcf88b7	lui	x17,0xfdcf8	 x17=0xfdcf8000
         545000	        53	800000b4	88b88893	addi	x17,x17,-1909	 x17:0xfdcf8000 x17=0xfdcf788b
         555000	        54	800000b8	00900913	addi	x18,x0,9	  x0:0x00000000 x18=0x00000009
         565000	        55	800000bc	fc4879b7	lui	x19,0xfc487	 x19=0xfc487000
         575000	        56	800000c0	cc098993	addi	x19,x19,-832	 x19:0xfc487000 x19=0xfc486cc0
         585000	        57	800000c4	00f00a13	addi	x20,x0,15	  x0:0x00000000 x20=0x0000000f
         595000	        58	800000c8	9a1d0ab7	lui	x21,0x9a1d0	 x21=0x9a1d0000
         605000	        59	800000cc	f42a8a93	addi	x21,x21,-190	 x21:0x9a1d0000 x21=0x9a1cff42
         615000	        60	800000d0	fcedbb37	lui	x22,0xfcedb	 x22=0xfcedb000
         625000	        61	800000d4	4bcb0b13	addi	x22,x22,1212	 x22:0xfcedb000 x22=0xfcedb4bc
         635000	        62	800000d8	80000bb7	lui	x23,0x80000	 x23=0x80000000
         645000	        63	800000dc	80000c37	lui	x24,0x80000	 x24=0x80000000
         655000	        64	800000e0	832a0cb7	lui	x25,0x832a0	 x25=0x832a0000
         665000	        65	800000e4	83fc8c93	addi	x25,x25,-1985	 x25:0x832a0000 x25=0x8329f83f
         675000	        66	800000e8	80000d37	lui	x26,0x80000	 x26=0x80000000
         685000	        67	800000ec	00d00e13	addi	x28,x0,13	  x0:0x00000000 x28=0x0000000d
         695000	        68	800000f0	00000e93	addi	x29,x0,0	  x0:0x00000000 x29=0x00000000
         705000	        69	800000f4	80000f37	lui	x30,0x80000	 x30=0x80000000
         715000	        70	800000f8	c62c8fb7	lui	x31,0xc62c8	 x31=0xc62c8000
         725000	        71	800000fc	fe9f8f93	addi	x31,x31,-23	 x31:0xc62c8000 x31=0xc62c7fe9
         735000	        72	80000100	0000ad97	auipc	x27,0xa	 x27=0x8000a0fc
         745000	        73	80000104	e88d8d93	addi	x27,x27,-376	 x27:0x8000a0fc x27=0x80009f84
         755000	        74	80000108	00a00393	addi	x7,x0,10	  x0:0x00000000  x7=0x0000000a
         765000	        75	8000010c	006f1133	sll	x2,x30,x6	 x30:0x80000000  x6:0x774858dc  x2=0x00000000
         775000	        76	80000110	0055f8b3	and	x17,x11,x5	 x11:0x80000000  x5:0xfda8c089 x17=0x80000000
         785000	        77	80000114	b59c0317	auipc	x6,0xb59c0	  x6=0x359c0110
         795000	        78	80000118	01000693	addi	x13,x0,16	  x0:0x00000000 x13=0x00000010
         805000	        79	8000011c	0074d333	srl	x6,x9,x7	  x9:0x80009fc4  x7:0x0000000a  x6=0x00200027
         815000	        80	80000120	01cb68b3	or	x17,x22,x28	 x22:0xfcedb4bc x28:0x0000000d x17=0xfcedb4bd
         825000	        81	80000124	0031ffb3	and	x31,x3,x3	  x3:0x00000000  x3:0x00000000 x31=0x00000000
         835000	        82	80000128	00638393	addi	x7,x7,6	  x7:0x0000000a  x7=0x00000010
         845000	        83	8000012c	00801593	slli	x11,x0,0x8	  x0:0x00000000 x11=0x00000000
         855000	        84	80000130	ffd00813	addi	x16,x0,-3	  x0:0x00000000 x16=0xfffffffd
         865000	        85	80000134	ddf87793	andi	x15,x16,-545	 x16:0xfffffffd x15=0xfffffddd
         875000	        86	80000138	00e00613	addi	x12,x0,14	  x0:0x00000000 x12=0x0000000e
         885000	        87	8000013c	008472b3	and	x5,x8,x8	  x8:0x80000000  x8:0x80000000  x5=0x80000000
         895000	        88	80000140	01626533	or	x10,x4,x22	  x4:0x00000007 x22:0xfcedb4bc x10=0xfcedb4bf
         905000	        89	80000144	00780813	addi	x16,x16,7	 x16:0xfffffffd x16=0x00000004
         915000	        90	80000148	01a98f33	add	x30,x19,x26	 x19:0xfc486cc0 x26:0x80000000 x30=0x7c486cc0
         925000	        91	8000014c	40e850b3	sra	x1,x16,x14	 x16:0x00000004 x14:0x00000000  x1=0x00000004
         935000	        92	80000150	011c9333	sll	x6,x25,x17	 x25:0x8329f83f x17:0xfcedb4bd  x6=0xe0000000
         945000	        93	80000154	4521ce17	auipc	x28,0x4521c	 x28=0xc521c150
         955000	        94	80000158	007b1f33	sll	x30,x22,x7	 x22:0xfcedb4bc  x7:0x00000010 x30=0xb4bc0000
         965000	        95	8000015c	011a9d13	slli	x26,x21,0x11	 x21:0x9a1cff42 x26=0xfe840000
         975000	        96	80000160	006e6b33	or	x22,x28,x6	 x28:0xc521c150  x6:0xe0000000 x22=0xe521c150
         985000	        97	80000164	084a8337	lui	x6,0x84a8	  x6=0x084a8000
         995000	        98	80000168	fcc86ae3	bltu	x16,x12,8000013c	 x16:0x00000004 x12:0x0000000e
        1005000	        99	00000000	00000013	addi	x0,x0,0	  x0:0x00000000
        1015000	       100	80000138	00000013	addi	x0,x0,0	  x0:0x00000000
        1025000	       101	8000013c	008472b3	and	x5,x8,x8	  x8:0x80000000  x8:0x80000000  x5=0x80000000
        1035000	       102	80000140	01626533	or	x10,x4,x22	  x4:0x00000007 x22:0xe521c150 x10=0xe521c157
        1045000	       103	80000144	00780813	addi	x16,x16,7	 x16:0x00000004 x16=0x0000000b
        1055000	       104	80000148	01a98f33	add	x30,x19,x26	 x19:0xfc486cc0 x26:0xfe840000 x30=0xfacc6cc0
        1065000	       105	8000014c	40e850b3	sra	x1,x16,x14	 x16:0x0000000b x14:0x00000000  x1=0x0000000b
        1075000	       106	80000150	011c9333	sll	x6,x25,x17	 x25:0x8329f83f x17:0xfcedb4bd  x6=0xe0000000
        1085000	       107	80000154	4521ce17	auipc	x28,0x4521c	 x28=0xc521c150
        1095000	       108	80000158	007b1f33	sll	x30,x22,x7	 x22:0xe521c150  x7:0x00000010 x30=0xc1500000
        1105000	       109	8000015c	011a9d13	slli	x26,x21,0x11	 x21:0x9a1cff42 x26=0xfe840000
        1115000	       110	80000160	006e6b33	or	x22,x28,x6	 x28:0xc521c150  x6:0xe0000000 x22=0xe521c150
        1125000	       111	80000164	084a8337	lui	x6,0x84a8	  x6=0x084a8000
        1135000	       112	80000168	fcc86ae3	bltu	x16,x12,8000013c	 x16:0x0000000b x12:0x0000000e
        1145000	       113	00000000	00000013	addi	x0,x0,0	  x0:0x00000000
        1155000	       114	80000138	00000013	addi	x0,x0,0	  x0:0x00000000
        1165000	       115	8000013c	008472b3	and	x5,x8,x8	  x8:0x80000000  x8:0x80000000  x5=0x80000000
        1175000	       116	80000140	01626533	or	x10,x4,x22	  x4:0x00000007 x22:0xe521c150 x10=0xe521c157
        1185000	       117	80000144	00780813	addi	x16,x16,7	 x16:0x0000000b x16=0x00000012
        1195000	       118	80000148	01a98f33	add	x30,x19,x26	 x19:0xfc486cc0 x26:0xfe840000 x30=0xfacc6cc0
        1205000	       119	8000014c	40e850b3	sra	x1,x16,x14	 x16:0x00000012 x14:0x00000000  x1=0x00000012
        1215000	       120	80000150	011c9333	sll	x6,x25,x17	 x25:0x8329f83f x17:0xfcedb4bd  x6=0xe0000000
        1225000	       121	80000154	4521ce17	auipc	x28,0x4521c	 x28=0xc521c150
        1235000	       122	80000158	007b1f33	sll	x30,x22,x7	 x22:0xe521c150  x7:0x00000010 x30=0xc1500000
        1245000	       123	8000015c	011a9d13	slli	x26,x21,0x11	 x21:0x9a1cff42 x26=0xfe840000
        1255000	       124	80000160	006e6b33	or	x22,x28,x6	 x28:0xc521c150  x6:0xe0000000 x22=0xe521c150
        1265000	       125	80000164	084a8337	lui	x6,0x84a8	  x6=0x084a8000
        1275000	       126	80000168	fcc86ae3	bltu	x16,x12,8000013c	 x16:0x00000012 x12:0x0000000e
        1285000	       127	8000016c	c2a46a13	ori	x20,x8,-982	  x8:0x80000000 x20=0xfffffc2a
        1295000	       128	80000170	fad398e3	bne	x7,x13,80000120	  x7:0x00000010 x13:0x00000010
        1305000	       129	80000174	01dc9293	slli	x5,x25,0x1d	 x25:0x8329f83f  x5=0xe0000000
        1315000	       130	80000178	00700293	addi	x5,x0,7	  x0:0x00000000  x5=0x00000007
        1325000	       131	8000017c	01e0a8b3	slt	x17,x1,x30	  x1:0x00000012 x30:0xc1500000 x17=0x00000000
        1335000	       132	80000180	40fb01b3	sub	x3,x22,x15	 x22:0xe521c150 x15:0xfffffddd  x3=0xe521c373
        1345000	       133	80000184	01000413	addi	x8,x0,16	  x0:0x00000000  x8=0x00000010
        1355000	       134	80000188	72458f13	addi	x30,x11,1828	 x11:0x00000000 x30=0x00000724
        1365000	       135	8000018c	016743b3	xor	x7,x14,x22	 x14:0x00000000 x22:0xe521c150  x7=0xe521c150
        1375000	       136	80000190	400ad533	sra	x10,x21,x0	 x21:0x9a1cff42  x0:0x00000000 x10=0x9a1cff42
        1385000	       137	80000194	280d2f13	slti	x30,x26,640	 x26:0xfe840000 x30=0x00000001
        1395000	       138	80000198	00000013	addi	x0,x0,0	  x0:0x00000000
        1405000	       139	8000019c	41da8533	sub	x10,x21,x29	 x21:0x9a1cff42 x29:0x00000000 x10=0x9a1cff42
        1415000	       140	800001a0	1a95e513	ori	x10,x11,425	 x11:0x00000000 x10=0x000001a9
        1425000	       141	800001a4	00628293	addi	x5,x5,6	  x5:0x00000007  x5=0x0000000d
        1435000	       142	800001a8	ffd00b93	addi	x23,x0,-3	  x0:0x00000000 x23=0xfffffffd
        1445000	       143	800001ac	00100213	addi	x4,x0,1	  x0:0x00000000  x4=0x00000001
        1455000	       144	800001b0	00a189b3	add	x19,x3,x10	  x3:0xe521c373 x10:0x000001a9 x19=0xe521c51c
        1465000	       145	800001b4	01abbc33	sltu	x24,x23,x26	 x23:0xfffffffd x26:0xfe840000 x24=0x00000000
        1475000	       146	800001b8	00ccdb13	srli	x22,x25,0xc	 x25:0x8329f83f x22=0x0008329f
        1485000	       147	800001bc	414e8733	sub	x14,x29,x20	 x29:0x00000000 x20:0xfffffc2a x14=0x000003d6
        1495000	       148	800001c0	284c7e17	auipc	x28,0x284c7	 x28=0xa84c71bc
        1505000	       149	800001c4	007fe3b3	or	x7,x31,x7	 x31:0x00000000  x7:0xe521c150  x7=0xe521c150
        1515000	       150	800001c8	a5474c13	xori	x24,x14,-1452	 x14:0x000003d6 x24=0xfffff982
        1525000	       151	800001cc	015a1e33	sll	x28,x20,x21	 x20:0xfffffc2a x21:0x9a1cff42 x28=0xfffff0a8
        1535000	       152	800001d0	006b8b93	addi	x23,x23,6	 x23:0xfffffffd x23=0x00000003
        1545000	       153	800001d4	fe4beae3	bltu	x23,x4,800001c8	 x23:0x00000003  x4:0x00000001
        1555000	       154	800001d8	406b0733	sub	x14,x22,x6	 x22:0x0008329f  x6:0x084a8000 x14=0xf7bdb29f
        1565000	       155	800001dc	00000013	addi	x0,x0,0	  x0:0x00000000
        1575000	       156	800001e0	25a2e013	ori	x0,x5,602	  x5:0x0000000d
        1585000	       157	800001e4	99b96793	ori	x15,x18,-1637	 x18:0x00000009 x15=0xfffff99b
        1595000	       158	800001e8	406656b3	sra	x13,x12,x6	 x12:0x0000000e  x6:0x084a8000 x13=0x0000000e
        1605000	       159	800001ec	fa82c6e3	blt	x5,x8,80000198	  x5:0x0000000d  x8:0x00000010
        1615000	       160	00000000	00000013	addi	x0,x0,0	  x0:0x00000000
        1625000	       161	80000194	00000013	addi	x0,x0,0	  x0:0x00000000
        1635000	       162	80000198	00000013	addi	x0,x0,0	  x0:0x00000000
        1645000	       163	8000019c	41da8533	sub	x10,x21,x29	 x21:0x9a1cff42 x29:0x00000000 x10=0x9a1cff42
        1655000	       164	800001a0	1a95e513	ori	x10,x11,425	 x11:0x00000000 x10=0x000001a9
        1665000	       165	800001a4	00628293	addi	x5,x5,6	  x5:0x0000000d  x5=0x00000013
        1675000	       166	800001a8	ffd00b93	addi	x23,x0,-3	  x0:0x00000000 x23=0xfffffffd
        1685000	       167	800001ac	00100213	addi	x4,x0,1	  x0:0x00000000  x4=0x00000001
        1695000	       168	800001b0	00a189b3	add	x19,x3,x10	  x3:0xe521c373 x10:0x000001a9 x19=0xe521c51c
        1705000	       169	800001b4	01abbc33	sltu	x24,x23,x26	 x23:0xfffffffd x26:0xfe840000 x24=0x00000000
        1715000	       170	800001b8	00ccdb13	srli	x22,x25,0xc	 x25:0x8329f83f x22=0x0008329f
        1725000	       171	800001bc	414e8733	sub	x14,x29,x20	 x29:0x00000000 x20:0xfffffc2a x14=0x000003d6
        1735000	       172	800001c0	284c7e17	auipc	x28,0x284c7	 x28=0xa84c71bc
        1745000	       173	800001c4	007fe3b3	or	x7,x31,x7	 x31:0x00000000  x7:0xe521c150  x7=0xe521c150
        1755000	       174	800001c8	a5474c13	xori	x24,x14,-1452	 x14:0x000003d6 x24=0xfffff982
        1765000	       175	800001cc	015a1e33	sll	x28,x20,x21	 x20:0xfffffc2a x21:0x9a1cff42 x28=0xfffff0a8
        1775000	       176	800001d0	006b8b93	addi	x23,x23,6	 x23:0xfffffffd x23=0x00000003
        1785000	       177	800001d4	fe4beae3	bltu	x23,x4,800001c8	 x23:0x00000003  x4:0x00000001
        1795000	       178	800001d8	406b0733	sub	x14,x22,x6	 x22:0x0008329f  x6:0x084a8000 x14=0xf7bdb29f
        1805000	       179	800001dc	00000013	addi	x0,x0,0	  x0:0x00000000
        1815000	       180	800001e0	25a2e013	ori	x0,x5,602	  x5:0x00000013
        1825000	       181	800001e4	99b96793	ori	x15,x18,-1637	 x18:0x00000009 x15=0xfffff99b
        1835000	       182	800001e8	406656b3	sra	x13,x12,x6	 x12:0x0000000e  x6:0x084a8000 x13=0x0000000e
        1845000	       183	800001ec	fa82c6e3	blt	x5,x8,80000198	  x5:0x00000013  x8:0x00000010
        1855000	       184	800001f0	0072f633	and	x12,x5,x7	  x5:0x00000013  x7:0xe521c150 x12=0x00000010
        1865000	       185	800001f4	00400e13	addi	x28,x0,4	  x0:0x00000000 x28=0x00000004
        1875000	       186	800001f8	cfb03217	auipc	x4,0xcfb03	  x4=0x4fb031f4
        1885000	       187	800001fc	01945693	srli	x13,x8,0x19	  x8:0x00000010 x13=0x00000000
        1895000	       188	80000200	0023e533	or	x10,x7,x2	  x7:0xe521c150  x2:0x00000000 x10=0xe521c150
        1905000	       189	80000204	01300f93	addi	x31,x0,19	  x0:0x00000000 x31=0x00000013
        1915000	       190	80000208	4cdc6a93	ori	x21,x24,1229	 x24:0xfffff982 x21=0xfffffdcf
        1925000	       191	8000020c	018a6eb3	or	x29,x20,x24	 x20:0xfffffc2a x24:0xfffff982 x29=0xfffffdaa
        1935000	       192	80000210	41abd993	srai	x19,x23,0x1a	 x23:0x00000003 x19=0x00000000
        1945000	       193	80000214	00dd7ab3	and	x21,x26,x13	 x26:0xfe840000 x13:0x00000000 x21=0x00000000
        1955000	       194	80000218	00343b33	sltu	x22,x8,x3	  x8:0x00000010  x3:0xe521c373 x22=0x00000001
        1965000	       195	8000021c	4abd0b93	addi	x23,x26,1195	 x26:0xfe840000 x23=0xfe8404ab
        1975000	       196	80000220	81fdcc13	xori	x24,x27,-2017	 x27:0x80009f84 x24=0x7fff679b
        1985000	       197	80000224	00af1233	sll	x4,x30,x10	 x30:0x00000001 x10:0xe521c150  x4=0x00010000
        1995000	       198	80000228	01328b33	add	x22,x5,x19	  x5:0x00000013 x19:0x00000000 x22=0x00000013
        2005000	       199	8000022c	48a4e197	auipc	x3,0x48a4e	  x3=0xc8a4e228
        2015000	       200	80000230	00c3f1b3	and	x3,x7,x12	  x7:0xe521c150 x12:0x00000010  x3=0x00000010
        2025000	       201	80000234	002a1833	sll	x16,x20,x2	 x20:0xfffffc2a  x2:0x00000000 x16=0xfffffc2a
        2035000	       202	80000238	005e0e13	addi	x28,x28,5	 x28:0x00000004 x28=0x00000009
        2045000	       203	8000023c	002277b3	and	x15,x4,x2	  x4:0x00010000  x2:0x00000000 x15=0x00000000
        2055000	       204	80000240	00b9f833	and	x16,x19,x11	 x19:0x00000000 x11:0x00000000 x16=0x00000000
        2065000	       205	80000244	019365b3	or	x11,x6,x25	  x6:0x084a8000 x25:0x8329f83f x11=0x8b6bf83f
        2075000	       206	80000248	fffe12e3	bne	x28,x31,8000022c	 x28:0x00000009 x31:0x00000013
        2085000	       207	00000000	00000013	addi	x0,x0,0	  x0:0x00000000
        2095000	       208	80000228	00000013	addi	x0,x0,0	  x0:0x00000000
        2105000	       209	8000022c	48a4e197	auipc	x3,0x48a4e	  x3=0xc8a4e228
        2115000	       210	80000230	00c3f1b3	and	x3,x7,x12	  x7:0xe521c150 x12:0x00000010  x3=0x00000010
        2125000	       211	80000234	002a1833	sll	x16,x20,x2	 x20:0xfffffc2a  x2:0x00000000 x16=0xfffffc2a
        2135000	       212	80000238	005e0e13	addi	x28,x28,5	 x28:0x00000009 x28=0x0000000e
        2145000	       213	8000023c	002277b3	and	x15,x4,x2	  x4:0x00010000  x2:0x00000000 x15=0x00000000
        2155000	       214	80000240	00b9f833	and	x16,x19,x11	 x19:0x00000000 x11:0x8b6bf83f x16=0x00000000
        2165000	       215	80000244	019365b3	or	x11,x6,x25	  x6:0x084a8000 x25:0x8329f83f x11=0x8b6bf83f
        2175000	       216	80000248	fffe12e3	bne	x28,x31,8000022c	 x28:0x0000000e x31:0x00000013
        2185000	       217	00000000	00000013	addi	x0,x0,0	  x0:0x00000000
        2195000	       218	80000228	00000013	addi	x0,x0,0	  x0:0x00000000
        2205000	       219	8000022c	48a4e197	auipc	x3,0x48a4e	  x3=0xc8a4e228
        2215000	       220	80000230	00c3f1b3	and	x3,x7,x12	  x7:0xe521c150 x12:0x00000010  x3=0x00000010
        2225000	       221	80000234	002a1833	sll	x16,x20,x2	 x20:0xfffffc2a  x2:0x00000000 x16=0xfffffc2a
        2235000	       222	80000238	005e0e13	addi	x28,x28,5	 x28:0x0000000e x28=0x00000013
        2245000	       223	8000023c	002277b3	and	x15,x4,x2	  x4:0x00010000  x2:0x00000000 x15=0x00000000
        2255000	       224	80000240	00b9f833	and	x16,x19,x11	 x19:0x00000000 x11:0x8b6bf83f x16=0x00000000
        2265000	       225	80000244	019365b3	or	x11,x6,x25	  x6:0x084a8000 x25:0x8329f83f x11=0x8b6bf83f
        2275000	       226	80000248	fffe12e3	bne	x28,x31,8000022c	 x28:0x00000013 x31:0x00000013
        2285000	       227	8000024c	406dd233	sra	x4,x27,x6	 x27:0x80009f84  x6:0x084a8000  x4=0x80009f84
        2295000	       228	80000250	ef893fb7	lui	x31,0xef893	 x31=0xef893000
        2305000	       229	80000254	00149033	sll	x0,x9,x1	  x9:0x80009fc4  x1:0x00000012
        2315000	       230	80000258	05e9d663	bge	x19,x30,800002a4	 x19:0x00000000 x30:0x00000001
        2325000	       231	8000025c	01b8d213	srli	x4,x17,0x1b	 x17:0x00000000  x4=0x00000000
        2335000	       232	80000260	5c136f93	ori	x31,x6,1473	  x6:0x084a8000 x31=0x084a85c1
        2345000	       233	80000264	00002997	auipc	x19,0x2	 x19=0x80002260
        2355000	       234	80000268	54098993	addi	x19,x19,1344	 x19:0x80002260 x19=0x800027a0
        2365000	       235	8000026c	21974c97	auipc	x25,0x21974	 x25=0xa1974268
        2375000	       236	80000270	409cda13	srai	x20,x25,0x9	 x25:0xa1974268 x20=0xffd0cba1
        2385000	       237	80000274	34f98993	addi	x19,x19,847	 x19:0x800027a0 x19=0x80002aef
        2395000	       238	80000278	017a33b3	sltu	x7,x20,x23	 x20:0xffd0cba1 x23:0xfe8404ab  x7=0x00000000
        2405000	       239	8000027c	00488c63	beq	x17,x4,80000294	 x17:0x00000000  x4:0x00000000
        2415000	       240	00000000	00000013	addi	x0,x0,0	  x0:0x00000000
        2425000	       241	80000290	00000013	addi	x0,x0,0	  x0:0x00000000
        2435000	       242	80000294	cb2987e7	jalr	x15,x19,-846	 x19:0x80002aef x15=0x80000294
        2445000	       243	00000000	00000013	addi	x0,x0,0	  x0:0x00000000
        2455000	       244	800027a0	00000013	addi	x0,x0,0	  x0:0x00000000
        2465000	       245	800027a4	001aafb3	slt	x31,x21,x1	 x21:0x00000000  x1:0x00000012 x31=0x00000001
        2475000	       246	800027a8	3bba4637	lui	x12,0x3bba4	 x12=0x3bba4000
        2485000	       247	800027ac	4010d013	srai	x0,x1,0x1	  x1:0x00000012
        2495000	       248	800027b0	01d5a133	slt	x2,x11,x29	 x11:0x8b6bf83f x29:0xfffffdaa  x2=0x00000001
        2505000	       249	800027b4	01836b33	or	x22,x6,x24	  x6:0x084a8000 x24:0x7fff679b x22=0x7fffe79b
        2515000	       250	800027b8	00780263	beq	x16,x7,800027bc	 x16:0x00000000  x7:0x00000000
        2525000	       251	00000000	00000013	addi	x0,x0,0	  x0:0x00000000
        2535000	       252	800027b8	00000013	addi	x0,x0,0	  x0:0x00000000
        2545000	       253	800027bc	fc8d8d93	addi	x27,x27,-56	 x27:0x80009f84 x27=0x80009f4c
        2555000	       254	800027c0	0195f5b3	and	x11,x11,x25	 x11:0x8b6bf83f x25:0xa1974268 x11=0x81034028
        2565000	       255	800027c4	00fda223	sw	x15,4(x27)	 x27:0x80009f4c x15:0x80000294 PA:0x80009f50
        2575000	       256	800027c8	00b2b1b3	sltu	x3,x5,x11	  x5:0x00000013 x11:0x81034028  x3=0x00000001
        2585000	       257	800027cc	01128133	add	x2,x5,x17	  x5:0x00000013 x17:0x00000000  x2=0x00000013
        2595000	       258	800027d0	006de433	or	x8,x27,x6	 x27:0x80009f4c  x6:0x084a8000  x8=0x884a9f4c
        2605000	       259	800027d4	c671bd13	sltiu	x26,x3,-921	  x3:0x00000001 x26=0x00000001
        2615000	       260	800027d8	000608b3	add	x17,x12,x0	 x12:0x3bba4000  x0:0x00000000 x17=0x3bba4000
        2625000	       261	800027dc	d1008d13	addi	x26,x1,-752	  x1:0x00000012 x26=0xfffffd22
        2635000	       262	800027e0	37173a13	sltiu	x20,x14,881	 x14:0xf7bdb29f x20=0x00000000
        2645000	       263	800027e4	fffff617	auipc	x12,0xfffff	 x12=0x800017e0
        2655000	       264	800027e8	9c860613	addi	x12,x12,-1592	 x12:0x800017e0 x12=0x800011a8
        2665000	       265	800027ec	6d008e97	auipc	x29,0x6d008	 x29=0xed00a7e8
        2675000	       266	800027f0	414a86b3	sub	x13,x21,x20	 x21:0x00000000 x20:0x00000000 x13=0x00000000
        2685000	       267	800027f4	d2c88897	auipc	x17,0xd2c88	 x17=0x52c8a7f0
        2695000	       268	800027f8	00921093	slli	x1,x4,0x9	  x4:0x00000000  x1=0x00000000
        2705000	       269	800027fc	c9060613	addi	x12,x12,-880	 x12:0x800011a8 x12=0x80000e38
        2715000	       270	80002800	01700663	beq	x0,x23,8000280c	  x0:0x00000000 x23:0xfe8404ab
        2725000	       271	80002804	00524e33	xor	x28,x4,x5	  x4:0x00000000  x5:0x00000013 x28=0x00000013
        2735000	       272	80002808	0034b833	sltu	x16,x9,x3	  x9:0x80009fc4  x3:0x00000001 x16=0x00000000
        2745000	       273	8000280c	371607e7	jalr	x15,x12,881	 x12:0x80000e38 x15=0x8000280c
        2755000	       274	00000000	00000013	addi	x0,x0,0	  x0:0x00000000
        2765000	       275	800011a8	00000013	addi	x0,x0,0	  x0:0x00000000
        2775000	       276	800011ac	01e36263	bltu	x6,x30,800011b0	  x6:0x084a8000 x30:0x00000001
        2785000	       277	800011b0	fe0d8d93	addi	x27,x27,-32	 x27:0x80009f4c x27=0x80009f2c
        2795000	       278	800011b4	41c95813	srai	x16,x18,0x1c	 x18:0x00000009 x16=0x00000000
        2805000	       279	800011b8	00fda223	sw	x15,4(x27)	 x27:0x80009f2c x15:0x8000280c PA:0x80009f30
        2815000	       280	800011bc	0114be33	sltu	x28,x9,x17	  x9:0x80009fc4 x17:0x52c8a7f0 x28=0x00000000
        2825000	       281	800011c0	0041c533	xor	x10,x3,x4	  x3:0x00000001  x4:0x00000000 x10=0x00000001
        2835000	       282	800011c4	ff900a13	addi	x20,x0,-7	  x0:0x00000000 x20=0xfffffff9
        2845000	       283	800011c8	00851fb3	sll	x31,x10,x8	 x10:0x00000001  x8:0x884a9f4c x31=0x00001000
        2855000	       284	800011cc	0067efb3	or	x31,x15,x6	 x15:0x8000280c  x6:0x084a8000 x31=0x884aa80c
        2865000	       285	800011d0	ffa00893	addi	x17,x0,-6	  x0:0x00000000 x17=0xfffffffa
        2875000	       286	800011d4	01dad133	srl	x2,x21,x29	 x21:0x00000000 x29:0xed00a7e8  x2=0x00000000
        2885000	       287	800011d8	3644b593	sltiu	x11,x9,868	  x9:0x80009fc4 x11=0x00000000
        2895000	       288	800011dc	0076ccb3	xor	x25,x13,x7	 x13:0x00000000  x7:0x00000000 x25=0x00000000
        2905000	       289	800011e0	c1098013	addi	x0,x19,-1008	 x19:0x80002aef
        2915000	       290	800011e4	00000013	addi	x0,x0,0	  x0:0x00000000
        2925000	       291	800011e8	00000013	addi	x0,x0,0	  x0:0x00000000
        2935000	       292	800011ec	13c125b7	lui	x11,0x13c12	 x11=0x13c12000
        2945000	       293	800011f0	0013db93	srli	x23,x7,0x1	  x7:0x00000000 x23=0x00000000
        2955000	       294	800011f4	008a0a13	addi	x20,x20,8	 x20:0xfffffff9 x20=0x00000001
        2965000	       295	800011f8	ffa00f13	addi	x30,x0,-6	  x0:0x00000000 x30=0xfffffffa
        2975000	       296	800011fc	00b1ad33	slt	x26,x3,x11	  x3:0x00000001 x11:0x13c12000 x26=0x00000001
        2985000	       297	80001200	d1304693	xori	x13,x0,-749	  x0:0x00000000 x13=0xfffffd13
        2995000	       298	80001204	0140b633	sltu	x12,x1,x20	  x1:0x00000000 x20:0x00000001 x12=0x00000001
        3005000	       299	80001208	fec00393	addi	x7,x0,-20	  x0:0x00000000  x7=0xffffffec
        3015000	       300	8000120c	4497bb17	auipc	x22,0x4497b	 x22=0xc497c208
        3025000	       301	80001210	0198b733	sltu	x14,x17,x25	 x17:0xfffffffa x25:0x00000000 x14=0x00000000
        3035000	       302	80001214	402f5593	srai	x11,x30,0x2	 x30:0xfffffffa x11=0xfffffffe
        3045000	       303	80001218	01d965b3	or	x11,x18,x29	 x18:0x00000009 x29:0xed00a7e8 x11=0xed00a7e9
        3055000	       304	8000121c	787faa93	slti	x21,x31,1927	 x31:0x884aa80c x21=0x00000001
        3065000	       305	80001220	40d45c13	srai	x24,x8,0xd	  x8:0x884a9f4c x24=0xfffc4254
        3075000	       306	80001224	002692b3	sll	x5,x13,x2	 x13:0xfffffd13  x2:0x00000000  x5=0xfffffd13
        3085000	       307	80001228	ffbf0f13	addi	x30,x30,-5	 x30:0xfffffffa x30=0xfffffff5
        3095000	       308	8000122c	12faaf93	slti	x31,x21,303	 x21:0x00000001 x31=0x00000001
        3105000	       309	80001230	bb6c6a93	ori	x21,x24,-1098	 x24:0xfffc4254 x21=0xfffffbf6
        3115000	       310	80001234	0096ee33	or	x28,x13,x9	 x13:0xfffffd13  x9:0x80009fc4 x28=0xffffffd7
        3125000	       311	80001238	01a6ed33	or	x26,x13,x26	 x13:0xfffffd13 x26:0x00000001 x26=0xfffffd13
        3135000	       312	8000123c	a24a6993	ori	x19,x20,-1500	 x20:0x00000001 x19=0xfffffa25
        3145000	       313	80001240	fc7f5ee3	bge	x30,x7,8000121c	 x30:0xfffffff5  x7:0xffffffec
        3155000	       314	00000000	00000013	addi	x0,x0,0	  x0:0x00000000
        3165000	       315	80001218	00000013	addi	x0,x0,0	  x0:0x00000000
        3175000	       316	8000121c	787faa93	slti	x21,x31,1927	 x31:0x00000001 x21=0x00000001
        3185000	       317	80001220	40d45c13	srai	x24,x8,0xd	  x8:0x884a9f4c x24=0xfffc4254
        3195000	       318	80001224	002692b3	sll	x5,x13,x2	 x13:0xfffffd13  x2:0x00000000  x5=0xfffffd13
        3205000	       319	80001228	ffbf0f13	addi	x30,x30,-5	 x30:0xfffffff5 x30=0xfffffff0
        3215000	       320	8000122c	12faaf93	slti	x31,x21,303	 x21:0x00000001 x31=0x00000001
        3225000	       321	80001230	bb6c6a93	ori	x21,x24,-1098	 x24:0xfffc4254 x21=0xfffffbf6
        3235000	       322	80001234	0096ee33	or	x28,x13,x9	 x13:0xfffffd13  x9:0x80009fc4 x28=0xffffffd7
        3245000	       323	80001238	01a6ed33	or	x26,x13,x26	 x13:0xfffffd13 x26:0xfffffd13 x26=0xfffffd13
        3255000	       324	8000123c	a24a6993	ori	x19,x20,-1500	 x20:0x00000001 x19=0xfffffa25
        3265000	       325	80001240	fc7f5ee3	bge	x30,x7,8000121c	 x30:0xfffffff0  x7:0xffffffec
        3275000	       326	00000000	00000013	addi	x0,x0,0	  x0:0x00000000
        3285000	       327	80001218	00000013	addi	x0,x0,0	  x0:0x00000000
        3295000	       328	8000121c	787faa93	slti	x21,x31,1927	 x31:0x00000001 x21=0x00000001
        3305000	       329	80001220	40d45c13	srai	x24,x8,0xd	  x8:0x884a9f4c x24=0xfffc4254
        3315000	       330	80001224	002692b3	sll	x5,x13,x2	 x13:0xfffffd13  x2:0x00000000  x5=0xfffffd13
        3325000	       331	80001228	ffbf0f13	addi	x30,x30,-5	 x30:0xfffffff0 x30=0xffffffeb
        3335000	       332	8000122c	12faaf93	slti	x31,x21,303	 x21:0x00000001 x31=0x00000001
        3345000	       333	80001230	bb6c6a93	ori	x21,x24,-1098	 x24:0xfffc4254 x21=0xfffffbf6
        3355000	       334	80001234	0096ee33	or	x28,x13,x9	 x13:0xfffffd13  x9:0x80009fc4 x28=0xffffffd7
        3365000	       335	80001238	01a6ed33	or	x26,x13,x26	 x13:0xfffffd13 x26:0xfffffd13 x26=0xfffffd13
        3375000	       336	8000123c	a24a6993	ori	x19,x20,-1500	 x20:0x00000001 x19=0xfffffa25
        3385000	       337	80001240	fc7f5ee3	bge	x30,x7,8000121c	 x30:0xffffffeb  x7:0xffffffec
        3395000	       338	80001244	f91a4ae3	blt	x20,x17,800011d8	 x20:0x00000001 x17:0xfffffffa
        3405000	       339	80001248	01683d33	sltu	x26,x16,x22	 x16:0x00000000 x22:0xc497c208 x26=0x00000001
        3415000	       340	8000124c	ffd00b93	addi	x23,x0,-3	  x0:0x00000000 x23=0xfffffffd
        3425000	       341	80001250	414ada93	srai	x21,x21,0x14	 x21:0xfffffbf6 x21=0xffffffff
        3435000	       342	80001254	00e251b3	srl	x3,x4,x14	  x4:0x00000000 x14:0x00000000  x3=0x00000000
        3445000	       343	80001258	00400693	addi	x13,x0,4	  x0:0x00000000 x13=0x00000004
        3455000	       344	8000125c	00d3a893	slti	x17,x7,13	  x7:0xffffffec x17=0x00000001
        3465000	       345	80001260	00f180b3	add	x1,x3,x15	  x3:0x00000000 x15:0x8000280c  x1=0x8000280c
        3475000	       346	80001264	007b8b93	addi	x23,x23,7	 x23:0xfffffffd x23=0x00000004
        3485000	       347	80001268	00600293	addi	x5,x0,6	  x0:0x00000000  x5=0x00000006
        3495000	       348	8000126c	00400f93	addi	x31,x0,4	  x0:0x00000000 x31=0x00000004
        3505000	       349	80001270	8dc43993	sltiu	x19,x8,-1828	  x8:0x884a9f4c x19=0x00000001
        3515000	       350	80001274	4c762e13	slti	x28,x12,1223	 x12:0x00000001 x28=0x00000001
        3525000	       351	80001278	ffd28293	addi	x5,x5,-3	  x5:0x00000006  x5=0x00000003
        3535000	       352	8000127c	00000013	addi	x0,x0,0	  x0:0x00000000
        3545000	       353	80001280	fff2fae3	bgeu	x5,x31,80001274	  x5:0x00000003 x31:0x00000004
        3555000	       354	80001284	41190a33	sub	x20,x18,x17	 x18:0x00000009 x17:0x00000001 x20=0x00000008
        3565000	       355	80001288	728b3213	sltiu	x4,x22,1832	 x22:0xc497c208  x4=0x00000000
        3575000	       356	8000128c	1b20bcb7	lui	x25,0x1b20b	 x25=0x1b20b000
        3585000	       357	80001290	01025a13	srli	x20,x4,0x10	  x4:0x00000000 x20=0x00000000
        3595000	       358	80001294	fcdbe4e3	bltu	x23,x13,8000125c	 x23:0x00000004 x13:0x00000004
        3605000	       359	80001298	40cdd8b3	sra	x17,x27,x12	 x27:0x80009f2c x12:0x00000001 x17=0xc0004f96
        3615000	       360	8000129c	00800113	addi	x2,x0,8	  x0:0x00000000  x2=0x00000008
        3625000	       361	800012a0	bf664c13	xori	x24,x12,-1034	 x12:0x00000001 x24=0xfffffbf7
        3635000	       362	800012a4	0156c3b3	xor	x7,x13,x21	 x13:0x00000004 x21:0xffffffff  x7=0xfffffffb
        3645000	       363	800012a8	0021df33	srl	x30,x3,x2	  x3:0x00000000  x2:0x00000008 x30=0x00000000
        3655000	       364	800012ac	ffd00613	addi	x12,x0,-3	  x0:0x00000000 x12=0xfffffffd
        3665000	       365	800012b0	010a03b3	add	x7,x20,x16	 x20:0x00000000 x16:0x00000000  x7=0x00000000
        3675000	       366	800012b4	1ee8fb93	andi	x23,x17,494	 x17:0xc0004f96 x23=0x00000186
        3685000	       367	800012b8	5f05ee93	ori	x29,x11,1520	 x11:0xed00a7e9 x29=0xed00a7f9
        3695000	       368	800012bc	41b5d333	sra	x6,x11,x27	 x11:0xed00a7e9 x27:0x80009f2c  x6=0xfffed00a
        3705000	       369	800012c0	999a0793	addi	x15,x20,-1639	 x20:0x00000000 x15=0xfffff999
        3715000	       370	800012c4	3b734393	xori	x7,x6,951	  x6:0xfffed00a  x7=0xfffed3bd
        3725000	       371	800012c8	ffc10113	addi	x2,x2,-4	  x2:0x00000008  x2=0x00000004
        3735000	       372	800012cc	01469c93	slli	x25,x13,0x14	 x13:0x00000004 x25=0x00400000
        3745000	       373	800012d0	40cf0533	sub	x10,x30,x12	 x30:0x00000000 x12:0xfffffffd x10=0x00000003
        3755000	       374	800012d4	01fd8cb3	add	x25,x27,x31	 x27:0x80009f2c x31:0x00000004 x25=0x80009f30
        3765000	       375	800012d8	001abeb3	sltu	x29,x21,x1	 x21:0xffffffff  x1:0x8000280c x29=0x00000000
        3775000	       376	800012dc	98c7f593	andi	x11,x15,-1652	 x15:0xfffff999 x11=0xfffff988
        3785000	       377	800012e0	0130ec33	or	x24,x1,x19	  x1:0x8000280c x19:0x00000001 x24=0x8000280d
        3795000	       378	800012e4	00000013	addi	x0,x0,0	  x0:0x00000000
        3805000	       379	800012e8	009cc233	xor	x4,x25,x9	 x25:0x80009f30  x9:0x80009fc4  x4=0x000000f4
        3815000	       380	800012ec	41c15413	srai	x8,x2,0x1c	  x2:0x00000004  x8=0x00000000
        3825000	       381	800012f0	007a06b3	add	x13,x20,x7	 x20:0x00000000  x7:0xfffed3bd x13=0xfffed3bd
        3835000	       382	800012f4	41c356b3	sra	x13,x6,x28	  x6:0xfffed00a x28:0x00000001 x13=0xffff6805
        3845000	       383	800012f8	0068e733	or	x14,x17,x6	 x17:0xc0004f96  x6:0xfffed00a x14=0xfffedf9e
        3855000	       384	800012fc	d1d48093	addi	x1,x9,-739	  x9:0x80009fc4  x1=0x80009ce1
        3865000	       385	80001300	00714e13	xori	x28,x2,7	  x2:0x00000004 x28=0x00000003
        3875000	       386	80001304	003cc433	xor	x8,x25,x3	 x25:0x80009f30  x3:0x00000000  x8=0x80009f30
        3885000	       387	80001308	fac15ce3	bge	x2,x12,800012c0	  x2:0x00000004 x12:0xfffffffd
        3895000	       388	00000000	00000013	addi	x0,x0,0	  x0:0x00000000
        3905000	       389	800012bc	00000013	addi	x0,x0,0	  x0:0x00000000
        3915000	       390	800012c0	999a0793	addi	x15,x20,-1639	 x20:0x00000000 x15=0xfffff999
        3925000	       391	800012c4	3b734393	xori	x7,x6,951	  x6:0xfffed00a  x7=0xfffed3bd
        3935000	       392	800012c8	ffc10113	addi	x2,x2,-4	  x2:0x00000004  x2=0x00000000
        3945000	       393	800012cc	01469c93	slli	x25,x13,0x14	 x13:0xffff6805 x25=0x80500000
        3955000	       394	800012d0	40cf0533	sub	x10,x30,x12	 x30:0x00000000 x12:0xfffffffd x10=0x00000003
        3965000	       395	800012d4	01fd8cb3	add	x25,x27,x31	 x27:0x80009f2c x31:0x00000004 x25=0x80009f30
        3975000	       396	800012d8	001abeb3	sltu	x29,x21,x1	 x21:0xffffffff  x1:0x80009ce1 x29=0x00000000
        3985000	       397	800012dc	98c7f593	andi	x11,x15,-1652	 x15:0xfffff999 x11=0xfffff988
        3995000	       398	800012e0	0130ec33	or	x24,x1,x19	  x1:0x80009ce1 x19:0x00000001 x24=0x80009ce1
        4005000	       399	800012e4	00000013	addi	x0,x0,0	  x0:0x00000000
        4015000	       400	800012e8	009cc233	xor	x4,x25,x9	 x25:0x80009f30  x9:0x80009fc4  x4=0x000000f4
        4025000	       401	800012ec	41c15413	srai	x8,x2,0x1c	  x2:0x00000000  x8=0x00000000
        4035000	       402	800012f0	007a06b3	add	x13,x20,x7	 x20:0x00000000  x7:0xfffed3bd x13=0xfffed3bd
        4045000	       403	800012f4	41c356b3	sra	x13,x6,x28	  x6:0xfffed00a x28:0x00000003 x13=0xffffda01
        4055000	       404	800012f8	0068e733	or	x14,x17,x6	 x17:0xc0004f96  x6:0xfffed00a x14=0xfffedf9e
        4065000	       405	800012fc	d1d48093	addi	x1,x9,-739	  x9:0x80009fc4  x1=0x80009ce1
        4075000	       406	80001300	00714e13	xori	x28,x2,7	  x2:0x00000000 x28=0x00000007
        4085000	       407	80001304	003cc433	xor	x8,x25,x3	 x25:0x80009f30  x3:0x00000000  x8=0x80009f30
        4095000	       408	80001308	fac15ce3	bge	x2,x12,800012c0	  x2:0x00000000 x12:0xfffffffd
        4105000	       409	00000000	00000013	addi	x0,x0,0	  x0:0x00000000
        4115000	       410	800012bc	00000013	addi	x0,x0,0	  x0:0x00000000
        4125000	       411	800012c0	999a0793	addi	x15,x20,-1639	 x20:0x00000000 x15=0xfffff999
        4135000	       412	800012c4	3b734393	xori	x7,x6,951	  x6:0xfffed00a  x7=0xfffed3bd
        4145000	       413	800012c8	ffc10113	addi	x2,x2,-4	  x2:0x00000000  x2=0xfffffffc
        4155000	       414	800012cc	01469c93	slli	x25,x13,0x14	 x13:0xffffda01 x25=0xa0100000
        4165000	       415	800012d0	40cf0533	sub	x10,x30,x12	 x30:0x00000000 x12:0xfffffffd x10=0x00000003
        4175000	       416	800012d4	01fd8cb3	add	x25,x27,x31	 x27:0x80009f2c x31:0x00000004 x25=0x80009f30
        4185000	       417	800012d8	001abeb3	sltu	x29,x21,x1	 x21:0xffffffff  x1:0x80009ce1 x29=0x00000000
        4195000	       418	800012dc	98c7f593	andi	x11,x15,-1652	 x15:0xfffff999 x11=0xfffff988
        4205000	       419	800012e0	0130ec33	or	x24,x1,x19	  x1:0x80009ce1 x19:0x00000001 x24=0x80009ce1
        4215000	       420	800012e4	00000013	addi	x0,x0,0	  x0:0x00000000
        4225000	       421	800012e8	009cc233	xor	x4,x25,x9	 x25:0x80009f30  x9:0x80009fc4  x4=0x000000f4
        4235000	       422	800012ec	41c15413	srai	x8,x2,0x1c	  x2:0xfffffffc  x8=0xffffffff
        4245000	       423	800012f0	007a06b3	add	x13,x20,x7	 x20:0x00000000  x7:0xfffed3bd x13=0xfffed3bd
        4255000	       424	800012f4	41c356b3	sra	x13,x6,x28	  x6:0xfffed00a x28:0x00000007 x13=0xfffffda0
        4265000	       425	800012f8	0068e733	or	x14,x17,x6	 x17:0xc0004f96  x6:0xfffed00a x14=0xfffedf9e
        4275000	       426	800012fc	d1d48093	addi	x1,x9,-739	  x9:0x80009fc4  x1=0x80009ce1
        4285000	       427	80001300	00714e13	xori	x28,x2,7	  x2:0xfffffffc x28=0xfffffffb
        4295000	       428	80001304	003cc433	xor	x8,x25,x3	 x25:0x80009f30  x3:0x00000000  x8=0x80009f30
        4305000	       429	80001308	fac15ce3	bge	x2,x12,800012c0	  x2:0xfffffffc x12:0xfffffffd
        4315000	       430	8000130c	01155b13	srli	x22,x10,0x11	 x10:0x00000003 x22=0x00000000
        4325000	       431	80001310	ff700993	addi	x19,x0,-9	  x0:0x00000000 x19=0xfffffff7
        4335000	       432	80001314	4a0fd137	lui	x2,0x4a0fd	  x2=0x4a0fd000
        4345000	       433	80001318	40bb0cb3	sub	x25,x22,x11	 x22:0x00000000 x11:0xfffff988 x25=0x00000678
        4355000	       434	8000131c	01a28433	add	x8,x5,x26	  x5:0x00000003 x26:0x00000001  x8=0x00000004
        4365000	       435	80001320	21ae7c93	andi	x25,x28,538	 x28:0xfffffffb x25=0x0000021a
        4375000	       436	80001324	5b5d5417	auipc	x8,0x5b5d5	  x8=0xdb5d6320
        4385000	       437	80001328	a84a3e13	sltiu	x28,x20,-1404	 x20:0x00000000 x28=0x00000001
        4395000	       438	8000132c	016b4e33	xor	x28,x22,x22	 x22:0x00000000 x22:0x00000000 x28=0x00000000
        4405000	       439	80001330	40185f93	srai	x31,x16,0x1	 x16:0x00000000 x31=0x00000000
        4415000	       440	80001334	00c74233	xor	x4,x14,x12	 x14:0xfffedf9e x12:0xfffffffd  x4=0x00012063
        4425000	       441	80001338	00b49f93	slli	x31,x9,0xb	  x9:0x80009fc4 x31=0x04fe2000
        4435000	       442	8000133c	011ace33	xor	x28,x21,x17	 x21:0xffffffff x17:0xc0004f96 x28=0x3fffb069
        4445000	       443	80001340	40e380b3	sub	x1,x7,x14	  x7:0xfffed3bd x14:0xfffedf9e  x1=0xfffff41f
        4455000	       444	80001344	01181b13	slli	x22,x16,0x11	 x16:0x00000000 x22=0x00000000
        4465000	       445	80001348	fed00693	addi	x13,x0,-19	  x0:0x00000000 x13=0xffffffed
        4475000	       446	8000134c	0076df93	srli	x31,x13,0x7	 x13:0xffffffed x31=0x01ffffff
        4485000	       447	80001350	01f92733	slt	x14,x18,x31	 x18:0x00000009 x31:0x01ffffff x14=0x00000001
        4495000	       448	80001354	bd0c9d37	lui	x26,0xbd0c9	 x26=0xbd0c9000
        4505000	       449	80001358	006aa1b3	slt	x3,x21,x6	 x21:0xffffffff  x6:0xfffed00a  x3=0x00000000
        4515000	       450	8000135c	57832a93	slti	x21,x6,1400	  x6:0xfffed00a x21=0x00000001
        4525000	       451	80001360	0159d293	srli	x5,x19,0x15	 x19:0xfffffff7  x5=0x000007ff
        4535000	       452	80001364	00b0f033	and	x0,x1,x11	  x1:0xfffff41f x11:0xfffff988
        4545000	       453	80001368	01f1a433	slt	x8,x3,x31	  x3:0x00000000 x31:0x01ffffff  x8=0x00000001
        4555000	       454	8000136c	019e6bb3	or	x23,x28,x25	 x28:0x3fffb069 x25:0x0000021a x23=0x3fffb27b
        4565000	       455	80001370	323ea093	slti	x1,x29,803	 x29:0x00000000  x1=0x00000001
        4575000	       456	80001374	019eb033	sltu	x0,x29,x25	 x29:0x00000000 x25:0x0000021a
        4585000	       457	80001378	01f9d813	srli	x16,x19,0x1f	 x19:0xfffffff7 x16=0x00000001
        4595000	       458	8000137c	ffe98993	addi	x19,x19,-2	 x19:0xfffffff7 x19=0xfffffff5
        4605000	       459	80001380	fcd998e3	bne	x19,x13,80001350	 x19:0xfffffff5 x13:0xffffffed
        4615000	       460	00000000	00000013	addi	x0,x0,0	  x0:0x00000000
        4625000	       461	8000134c	00000013	addi	x0,x0,0	  x0:0x00000000
        4635000	       462	80001350	01f92733	slt	x14,x18,x31	 x18:0x00000009 x31:0x01ffffff x14=0x00000001
        4645000	       463	80001354	bd0c9d37	lui	x26,0xbd0c9	 x26=0xbd0c9000
        4655000	       464	80001358	006aa1b3	slt	x3,x21,x6	 x21:0x00000001  x6:0xfffed00a  x3=0x00000000
        4665000	       465	8000135c	57832a93	slti	x21,x6,1400	  x6:0xfffed00a x21=0x00000001
        4675000	       466	80001360	0159d293	srli	x5,x19,0x15	 x19:0xfffffff5  x5=0x000007ff
        4685000	       467	80001364	00b0f033	and	x0,x1,x11	  x1:0x00000001 x11:0xfffff988
        4695000	       468	80001368	01f1a433	slt	x8,x3,x31	  x3:0x00000000 x31:0x01ffffff  x8=0x00000001
        4705000	       469	8000136c	019e6bb3	or	x23,x28,x25	 x28:0x3fffb069 x25:0x0000021a x23=0x3fffb27b
        4715000	       470	80001370	323ea093	slti	x1,x29,803	 x29:0x00000000  x1=0x00000001
        4725000	       471	80001374	019eb033	sltu	x0,x29,x25	 x29:0x00000000 x25:0x0000021a
        4735000	       472	80001378	01f9d813	srli	x16,x19,0x1f	 x19:0xfffffff5 x16=0x00000001
        4745000	       473	8000137c	ffe98993	addi	x19,x19,-2	 x19:0xfffffff5 x19=0xfffffff3
        4755000	       474	80001380	fcd998e3	bne	x19,x13,80001350	 x19:0xfffffff3 x13:0xffffffed
        4765000	       475	00000000	00000013	addi	x0,x0,0	  x0:0x00000000
        4775000	       476	8000134c	00000013	addi	x0,x0,0	  x0:0x00000000
        4785000	       477	80001350	01f92733	slt	x14,x18,x31	 x18:0x00000009 x31:0x01ffffff x14=0x00000001
        4795000	       478	80001354	bd0c9d37	lui	x26,0xbd0c9	 x26=0xbd0c9000
        4805000	       479	80001358	006aa1b3	slt	x3,x21,x6	 x21:0x00000001  x6:0xfffed00a  x3=0x00000000
        4815000	       480	8000135c	57832a93	slti	x21,x6,1400	  x6:0xfffed00a x21=0x00000001
        4825000	       481	80001360	0159d293	srli	x5,x19,0x15	 x19:0xfffffff3  x5=0x000007ff
        4835000	       482	80001364	00b0f033	and	x0,x1,x11	  x1:0x00000001 x11:0xfffff988
        4845000	       483	80001368	01f1a433	slt	x8,x3,x31	  x3:0x00000000 x31:0x01ffffff  x8=0x00000001
        4855000	       484	8000136c	019e6bb3	or	x23,x28,x25	 x28:0x3fffb069 x25:0x0000021a x23=0x3fffb27b
        4865000	       485	80001370	323ea093	slti	x1,x29,803	 x29:0x00000000  x1=0x00000001
        4875000	       486	80001374	019eb033	sltu	x0,x29,x25	 x29:0x00000000 x25:0x0000021a
        4885000	       487	80001378	01f9d813	srli	x16,x19,0x1f	 x19:0xfffffff3 x16=0x00000001
        4895000	       488	8000137c	ffe98993	addi	x19,x19,-2	 x19:0xfffffff3 x19=0xfffffff1
        4905000	       489	80001380	fcd998e3	bne	x19,x13,80001350	 x19:0xfffffff1 x13:0xffffffed
        4915000	       490	00000000	00000013	addi	x0,x0,0	  x0:0x00000000
        4925000	       491	8000134c	00000013	addi	x0,x0,0	  x0:0x00000000
        4935000	       492	80001350	01f92733	slt	x14,x18,x31	 x18:0x00000009 x31:0x01ffffff x14=0x00000001
        4945000	       493	80001354	bd0c9d37	lui	x26,0xbd0c9	 x26=0xbd0c9000
        4955000	       494	80001358	006aa1b3	slt	x3,x21,x6	 x21:0x00000001  x6:0xfffed00a  x3=0x00000000
        4965000	       495	8000135c	57832a93	slti	x21,x6,1400	  x6:0xfffed00a x21=0x00000001
        4975000	       496	80001360	0159d293	srli	x5,x19,0x15	 x19:0xfffffff1  x5=0x000007ff
        4985000	       497	80001364	00b0f033	and	x0,x1,x11	  x1:0x00000001 x11:0xfffff988
        4995000	       498	80001368	01f1a433	slt	x8,x3,x31	  x3:0x00000000 x31:0x01ffffff  x8=0x00000001
        5005000	       499	8000136c	019e6bb3	or	x23,x28,x25	 x28:0x3fffb069 x25:0x0000021a x23=0x3fffb27b
        5015000	       500	80001370	323ea093	slti	x1,x29,803	 x29:0x00000000  x1=0x00000001
        5025000	       501	80001374	019eb033	sltu	x0,x29,x25	 x29:0x00000000 x25:0x0000021a
        5035000	       502	80001378	01f9d813	srli	x16,x19,0x1f	 x19:0xfffffff1 x16=0x00000001
        5045000	       503	8000137c	ffe98993	addi	x19,x19,-2	 x19:0xfffffff1 x19=0xffffffef
        5055000	       504	80001380	fcd998e3	bne	x19,x13,80001350	 x19:0xffffffef x13:0xffffffed
        5065000	       505	00000000	00000013	addi	x0,x0,0	  x0:0x00000000
        5075000	       506	8000134c	00000013	addi	x0,x0,0	  x0:0x00000000
        5085000	       507	80001350	01f92733	slt	x14,x18,x31	 x18:0x00000009 x31:0x01ffffff x14=0x00000001
        5095000	       508	80001354	bd0c9d37	lui	x26,0xbd0c9	 x26=0xbd0c9000
        5105000	       509	80001358	006aa1b3	slt	x3,x21,x6	 x21:0x00000001  x6:0xfffed00a  x3=0x00000000
        5115000	       510	8000135c	57832a93	slti	x21,x6,1400	  x6:0xfffed00a x21=0x00000001
        5125000	       511	80001360	0159d293	srli	x5,x19,0x15	 x19:0xffffffef  x5=0x000007ff
        5135000	       512	80001364	00b0f033	and	x0,x1,x11	  x1:0x00000001 x11:0xfffff988
        5145000	       513	80001368	01f1a433	slt	x8,x3,x31	  x3:0x00000000 x31:0x01ffffff  x8=0x00000001
        5155000	       514	8000136c	019e6bb3	or	x23,x28,x25	 x28:0x3fffb069 x25:0x0000021a x23=0x3fffb27b
        5165000	       515	80001370	323ea093	slti	x1,x29,803	 x29:0x00000000  x1=0x00000001
        5175000	       516	80001374	019eb033	sltu	x0,x29,x25	 x29:0x00000000 x25:0x0000021a
        5185000	       517	80001378	01f9d813	srli	x16,x19,0x1f	 x19:0xffffffef x16=0x00000001
        5195000	       518	8000137c	ffe98993	addi	x19,x19,-2	 x19:0xffffffef x19=0xffffffed
        5205000	       519	80001380	fcd998e3	bne	x19,x13,80001350	 x19:0xffffffed x13:0xffffffed
        5215000	       520	80001384	00757fb3	and	x31,x10,x7	 x10:0x00000003  x7:0xfffed3bd x31=0x00000001
        5225000	       521	80001388	00700313	addi	x6,x0,7	  x0:0x00000000  x6=0x00000007
        5235000	       522	8000138c	014e1993	slli	x19,x28,0x14	 x28:0x3fffb069 x19=0x06900000
        5245000	       523	80001390	00600393	addi	x7,x0,6	  x0:0x00000000  x7=0x00000006
        5255000	       524	80001394	40958533	sub	x10,x11,x9	 x11:0xfffff988  x9:0x80009fc4 x10=0x7fff59c4
        5265000	       525	80001398	01244733	xor	x14,x8,x18	  x8:0x00000001 x18:0x00000009 x14=0x00000008
        5275000	       526	8000139c	2bac1b17	auipc	x22,0x2bac1	 x22=0xabac2398
        5285000	       527	800013a0	008b55b3	srl	x11,x22,x8	 x22:0xabac2398  x8:0x00000001 x11=0x55d611cc
        5295000	       528	800013a4	f12d4593	xori	x11,x26,-238	 x26:0xbd0c9000 x11=0x42f36f12
        5305000	       529	800013a8	4061df93	srai	x31,x3,0x6	  x3:0x00000000 x31=0x00000000
        5315000	       530	800013ac	dcaa2213	slti	x4,x20,-566	 x20:0x00000000  x4=0x00000000
        5325000	       531	800013b0	00d3b133	sltu	x2,x7,x13	  x7:0x00000006 x13:0xffffffed  x2=0x00000001
        5335000	       532	800013b4	ffb30313	addi	x6,x6,-5	  x6:0x00000007  x6=0x00000002
        5345000	       533	800013b8	406e5093	srai	x1,x28,0x6	 x28:0x3fffb069  x1=0x00fffec1
        5355000	       534	800013bc	6964dc37	lui	x24,0x6964d	 x24=0x6964d000
        5365000	       535	800013c0	01035693	srli	x13,x6,0x10	  x6:0x00000002 x13=0x00000000
        5375000	       536	800013c4	ffd00813	addi	x16,x0,-3	  x0:0x00000000 x16=0xfffffffd
        5385000	       537	800013c8	016e4f33	xor	x30,x28,x22	 x28:0x3fffb069 x22:0xabac2398 x30=0x945393f1
        5395000	       538	800013cc	0121fb33	and	x22,x3,x18	  x3:0x00000000 x18:0x00000009 x22=0x00000000
        5405000	       539	800013d0	621c6b93	ori	x23,x24,1569	 x24:0x6964d000 x23=0x6964d621
        5415000	       540	800013d4	0161b6b3	sltu	x13,x3,x22	  x3:0x00000000 x22:0x00000000 x13=0x00000000
        5425000	       541	800013d8	00e16c33	or	x24,x2,x14	  x2:0x00000001 x14:0x00000008 x24=0x00000009
        5435000	       542	800013dc	00b00413	addi	x8,x0,11	  x0:0x00000000  x8=0x0000000b
        5445000	       543	800013e0	64975a37	lui	x20,0x64975	 x20=0x64975000
        5455000	       544	800013e4	019d1a33	sll	x20,x26,x25	 x26:0xbd0c9000 x25:0x0000021a x20=0x00000000
        5465000	       545	800013e8	00680813	addi	x16,x16,6	 x16:0xfffffffd x16=0x00000003
        5475000	       546	800013ec	eabcaa13	slti	x20,x25,-341	 x25:0x0000021a x20=0x00000000
        5485000	       547	800013f0	0189b0b3	sltu	x1,x19,x24	 x19:0x06900000 x24:0x00000009  x1=0x00000000
        5495000	       548	800013f4	00ceb633	sltu	x12,x29,x12	 x29:0x00000000 x12:0xfffffffd x12=0x00000001
        5505000	       549	800013f8	011c5ab3	srl	x21,x24,x17	 x24:0x00000009 x17:0xc0004f96 x21=0x00000000
        5515000	       550	800013fc	0095ebb3	or	x23,x11,x9	 x11:0x42f36f12  x9:0x80009fc4 x23=0xc2f3ffd6
        5525000	       551	80001400	0144c533	xor	x10,x9,x20	  x9:0x80009fc4 x20:0x00000000 x10=0x80009fc4
        5535000	       552	80001404	fc886ee3	bltu	x16,x8,800013e0	 x16:0x00000003  x8:0x0000000b
        5545000	       553	00000000	00000013	addi	x0,x0,0	  x0:0x00000000
        5555000	       554	800013dc	00000013	addi	x0,x0,0	  x0:0x00000000
        5565000	       555	800013e0	64975a37	lui	x20,0x64975	 x20=0x64975000
        5575000	       556	800013e4	019d1a33	sll	x20,x26,x25	 x26:0xbd0c9000 x25:0x0000021a x20=0x00000000
        5585000	       557	800013e8	00680813	addi	x16,x16,6	 x16:0x00000003 x16=0x00000009
        5595000	       558	800013ec	eabcaa13	slti	x20,x25,-341	 x25:0x0000021a x20=0x00000000
        5605000	       559	800013f0	0189b0b3	sltu	x1,x19,x24	 x19:0x06900000 x24:0x00000009  x1=0x00000000
        5615000	       560	800013f4	00ceb633	sltu	x12,x29,x12	 x29:0x00000000 x12:0x00000001 x12=0x00000001
        5625000	       561	800013f8	011c5ab3	srl	x21,x24,x17	 x24:0x00000009 x17:0xc0004f96 x21=0x00000000
        5635000	       562	800013fc	0095ebb3	or	x23,x11,x9	 x11:0x42f36f12  x9:0x80009fc4 x23=0xc2f3ffd6
        5645000	       563	80001400	0144c533	xor	x10,x9,x20	  x9:0x80009fc4 x20:0x00000000 x10=0x80009fc4
        5655000	       564	80001404	fc886ee3	bltu	x16,x8,800013e0	 x16:0x00000009  x8:0x0000000b
        5665000	       565	00000000	00000013	addi	x0,x0,0	  x0:0x00000000
        5675000	       566	800013dc	00000013	addi	x0,x0,0	  x0:0x00000000
        5685000	       567	800013e0	64975a37	lui	x20,0x64975	 x20=0x64975000
        5695000	       568	800013e4	019d1a33	sll	x20,x26,x25	 x26:0xbd0c9000 x25:0x0000021a x20=0x00000000
        5705000	       569	800013e8	00680813	addi	x16,x16,6	 x16:0x00000009 x16=0x0000000f
        5715000	       570	800013ec	eabcaa13	slti	x20,x25,-341	 x25:0x0000021a x20=0x00000000
        5725000	       571	800013f0	0189b0b3	sltu	x1,x19,x24	 x19:0x06900000 x24:0x00000009  x1=0x00000000
        5735000	       572	800013f4	00ceb633	sltu	x12,x29,x12	 x29:0x00000000 x12:0x00000001 x12=0x00000001
        5745000	       573	800013f8	011c5ab3	srl	x21,x24,x17	 x24:0x00000009 x17:0xc0004f96 x21=0x00000000
        5755000	       574	800013fc	0095ebb3	or	x23,x11,x9	 x11:0x42f36f12  x9:0x80009fc4 x23=0xc2f3ffd6
        5765000	       575	80001400	0144c533	xor	x10,x9,x20	  x9:0x80009fc4 x20:0x00000000 x10=0x80009fc4
        5775000	       576	80001404	fc886ee3	bltu	x16,x8,800013e0	 x16:0x0000000f  x8:0x0000000b
        5785000	       577	80001408	fa7372e3	bgeu	x6,x7,800013ac	  x6:0x00000002  x7:0x00000006
        5795000	       578	8000140c	003887b3	add	x15,x17,x3	 x17:0xc0004f96  x3:0x00000000 x15=0xc0004f96
        5805000	       579	80001410	00500a13	addi	x20,x0,5	  x0:0x00000000 x20=0x00000005
        5815000	       580	80001414	00000713	addi	x14,x0,0	  x0:0x00000000 x14=0x00000000
        5825000	       581	80001418	407a5b93	srai	x23,x20,0x7	 x20:0x00000005 x23=0x00000000
        5835000	       582	8000141c	baaea413	slti	x8,x29,-1110	 x29:0x00000000  x8=0x00000000
        5845000	       583	80001420	b5a47193	andi	x3,x8,-1190	  x8:0x00000000  x3=0x00000000
        5855000	       584	80001424	ffba0a13	addi	x20,x20,-5	 x20:0x00000005 x20=0x00000000
        5865000	       585	80001428	0076b033	sltu	x0,x13,x7	 x13:0x00000000  x7:0x00000006
        5875000	       586	8000142c	feea18e3	bne	x20,x14,8000141c	 x20:0x00000000 x14:0x00000000
        5885000	       587	80001430	0095c433	xor	x8,x11,x9	 x11:0x42f36f12  x9:0x80009fc4  x8=0xc2f3f0d6
        5895000	       588	80001434	00600e13	addi	x28,x0,6	  x0:0x00000000 x28=0x00000006
        5905000	       589	80001438	00e789b3	add	x19,x15,x14	 x15:0xc0004f96 x14:0x00000000 x19=0xc0004f96
        5915000	       590	8000143c	00c54fb3	xor	x31,x10,x12	 x10:0x80009fc4 x12:0x00000001 x31=0x80009fc5
        5925000	       591	80001440	bbdc0017	auipc	x0,0xbbdc0	
        5935000	       592	80001444	00600f13	addi	x30,x0,6	  x0:0x00000000 x30=0x00000006
        5945000	       593	80001448	412a5313	srai	x6,x20,0x12	 x20:0x00000000  x6=0x00000000
        5955000	       594	8000144c	082b3e97	auipc	x29,0x82b3	 x29=0x882b4448
        5965000	       595	80001450	00000013	addi	x0,x0,0	  x0:0x00000000
        5975000	       596	80001454	b0d676b7	lui	x13,0xb0d67	 x13=0xb0d67000
        5985000	       597	80001458	01ddf833	and	x16,x27,x29	 x27:0x80009f2c x29:0x882b4448 x16=0x80000408
        5995000	       598	8000145c	00912133	slt	x2,x2,x9	  x2:0x00000001  x9:0x80009fc4  x2=0x00000000
        6005000	       599	80001460	00601133	sll	x2,x0,x6	  x0:0x00000000  x6:0x00000000  x2=0x00000000
        6015000	       600	80001464	ffce0e13	addi	x28,x28,-4	 x28:0x00000006 x28=0x00000002
        6025000	       601	80001468	41e2d393	srai	x7,x5,0x1e	  x5:0x000007ff  x7=0x00000000
        6035000	       602	8000146c	c0973413	sltiu	x8,x14,-1015	 x14:0x00000000  x8=0x00000001
        6045000	       603	80001470	016288b3	add	x17,x5,x22	  x5:0x000007ff x22:0x00000000 x17=0x000007ff
        6055000	       604	80001474	ffee70e3	bgeu	x28,x30,80001454	 x28:0x00000002 x30:0x00000006
        6065000	       605	80001478	c1867d17	auipc	x26,0xc1867	 x26=0x41868474
        6075000	       606	8000147c	ff700613	addi	x12,x0,-9	  x0:0x00000000 x12=0xfffffff7
        6085000	       607	80001480	00851133	sll	x2,x10,x8	 x10:0x80009fc4  x8:0x00000001  x2=0x00013f88
        6095000	       608	80001484	00400893	addi	x17,x0,4	  x0:0x00000000 x17=0x00000004
        6105000	       609	80001488	40f183b3	sub	x7,x3,x15	  x3:0x00000000 x15:0xc0004f96  x7=0x3fffb06a
        6115000	       610	8000148c	0614e793	ori	x15,x9,97	  x9:0x80009fc4 x15=0x80009fe5
        6125000	       611	80001490	00360613	addi	x12,x12,3	 x12:0xfffffff7 x12=0xfffffffa
        6135000	       612	80001494	00a00513	addi	x10,x0,10	  x0:0x00000000 x10=0x0000000a
        6145000	       613	80001498	00c00713	addi	x14,x0,12	  x0:0x00000000 x14=0x0000000c
        6155000	       614	8000149c	01bb8bb3	add	x23,x23,x27	 x23:0x00000000 x27:0x80009f2c x23=0x80009f2c
        6165000	       615	800014a0	01cd5133	srl	x2,x26,x28	 x26:0x41868474 x28:0x00000002  x2=0x1061a11d
        6175000	       616	800014a4	00450513	addi	x10,x10,4	 x10:0x0000000a x10=0x0000000e
        6185000	       617	800014a8	01ddc6b3	xor	x13,x27,x29	 x27:0x80009f2c x29:0x882b4448 x13=0x082bdb64
        6195000	       618	800014ac	fee568e3	bltu	x10,x14,8000149c	 x10:0x0000000e x14:0x0000000c
        6205000	       619	800014b0	21d8ce93	xori	x29,x17,541	 x17:0x00000004 x29=0x00000219
        6215000	       620	800014b4	fd166ae3	bltu	x12,x17,80001488	 x12:0xfffffffa x17:0x00000004
        6225000	       621	800014b8	447c6793	ori	x15,x24,1095	 x24:0x00000009 x15=0x0000044f
        6235000	       622	800014bc	00200513	addi	x10,x0,2	  x0:0x00000000 x10=0x00000002
        6245000	       623	800014c0	01200f13	addi	x30,x0,18	  x0:0x00000000 x30=0x00000012
        6255000	       624	800014c4	b54c7193	andi	x3,x24,-1196	 x24:0x00000009  x3=0x00000000
        6265000	       625	800014c8	00750513	addi	x10,x10,7	 x10:0x00000002 x10=0x00000009
        6275000	       626	800014cc	00000e93	addi	x29,x0,0	  x0:0x00000000 x29=0x00000000
        6285000	       627	800014d0	00a00393	addi	x7,x0,10	  x0:0x00000000  x7=0x0000000a
        6295000	       628	800014d4	012ec2b3	xor	x5,x29,x18	 x29:0x00000000 x18:0x00000009  x5=0x00000009
        6305000	       629	800014d8	18afaab7	lui	x21,0x18afa	 x21=0x18afa000
        6315000	       630	800014dc	001e8e93	addi	x29,x29,1	 x29:0x00000000 x29=0x00000001
        6325000	       631	800014e0	00000013	addi	x0,x0,0	  x0:0x00000000
        6335000	       632	800014e4	fe7e8ae3	beq	x29,x7,800014d8	 x29:0x00000001  x7:0x0000000a
        6345000	       633	800014e8	fde56ee3	bltu	x10,x30,800014c4	 x10:0x00000009 x30:0x00000012
        6355000	       634	00000000	00000013	addi	x0,x0,0	  x0:0x00000000
        6365000	       635	800014c0	00000013	addi	x0,x0,0	  x0:0x00000000
        6375000	       636	800014c4	b54c7193	andi	x3,x24,-1196	 x24:0x00000009  x3=0x00000000
        6385000	       637	800014c8	00750513	addi	x10,x10,7	 x10:0x00000009 x10=0x00000010
        6395000	       638	800014cc	00000e93	addi	x29,x0,0	  x0:0x00000000 x29=0x00000000
        6405000	       639	800014d0	00a00393	addi	x7,x0,10	  x0:0x00000000  x7=0x0000000a
        6415000	       640	800014d4	012ec2b3	xor	x5,x29,x18	 x29:0x00000000 x18:0x00000009  x5=0x00000009
        6425000	       641	800014d8	18afaab7	lui	x21,0x18afa	 x21=0x18afa000
        6435000	       642	800014dc	001e8e93	addi	x29,x29,1	 x29:0x00000000 x29=0x00000001
        6445000	       643	800014e0	00000013	addi	x0,x0,0	  x0:0x00000000
        6455000	       644	800014e4	fe7e8ae3	beq	x29,x7,800014d8	 x29:0x00000001  x7:0x0000000a
        6465000	       645	800014e8	fde56ee3	bltu	x10,x30,800014c4	 x10:0x00000010 x30:0x00000012
        6475000	       646	00000000	00000013	addi	x0,x0,0	  x0:0x00000000
        6485000	       647	800014c0	00000013	addi	x0,x0,0	  x0:0x00000000
        6495000	       648	800014c4	b54c7193	andi	x3,x24,-1196	 x24:0x00000009  x3=0x00000000
        6505000	       649	800014c8	00750513	addi	x10,x10,7	 x10:0x00000010 x10=0x00000017
        6515000	       650	800014cc	00000e93	addi	x29,x0,0	  x0:0x00000000 x29=0x00000000
        6525000	       651	800014d0	00a00393	addi	x7,x0,10	  x0:0x00000000  x7=0x0000000a
        6535000	       652	800014d4	012ec2b3	xor	x5,x29,x18	 x29:0x00000000 x18:0x00000009  x5=0x00000009
        6545000	       653	800014d8	18afaab7	lui	x21,0x18afa	 x21=0x18afa000
        6555000	       654	800014dc	001e8e93	addi	x29,x29,1	 x29:0x00000000 x29=0x00000001
        6565000	       655	800014e0	00000013	addi	x0,x0,0	  x0:0x00000000
        6575000	       656	800014e4	fe7e8ae3	beq	x29,x7,800014d8	 x29:0x00000001  x7:0x0000000a
        6585000	       657	800014e8	fde56ee3	bltu	x10,x30,800014c4	 x10:0x00000017 x30:0x00000012
        6595000	       658	800014ec	2c422993	slti	x19,x4,708	  x4:0x00000000 x19=0x00000001
        6605000	       659	800014f0	00500793	addi	x15,x0,5	  x0:0x00000000 x15=0x00000005
        6615000	       660	800014f4	1ca4d417	auipc	x8,0x1ca4d	  x8=0x9ca4e4f0
        6625000	       661	800014f8	00200b93	addi	x23,x0,2	  x0:0x00000000 x23=0x00000002
        6635000	       662	800014fc	2aa98093	addi	x1,x19,682	 x19:0x00000001  x1=0x000002ab
        6645000	       663	80001500	401cdeb3	sra	x29,x25,x1	 x25:0x0000021a  x1:0x000002ab x29=0x00000000
        6655000	       664	80001504	fff78793	addi	x15,x15,-1	 x15:0x00000005 x15=0x00000004
        6665000	       665	80001508	00000013	addi	x0,x0,0	  x0:0x00000000
        6675000	       666	8000150c	00000013	addi	x0,x0,0	  x0:0x00000000
        6685000	       667	80001510	ff77f6e3	bgeu	x15,x23,800014fc	 x15:0x00000004 x23:0x00000002
        6695000	       668	00000000	00000013	addi	x0,x0,0	  x0:0x00000000
        6705000	       669	800014f8	00000013	addi	x0,x0,0	  x0:0x00000000
        6715000	       670	800014fc	2aa98093	addi	x1,x19,682	 x19:0x00000001  x1=0x000002ab
        6725000	       671	80001500	401cdeb3	sra	x29,x25,x1	 x25:0x0000021a  x1:0x000002ab x29=0x00000000
        6735000	       672	80001504	fff78793	addi	x15,x15,-1	 x15:0x00000004 x15=0x00000003
        6745000	       673	80001508	00000013	addi	x0,x0,0	  x0:0x00000000
        6755000	       674	8000150c	00000013	addi	x0,x0,0	  x0:0x00000000
        6765000	       675	80001510	ff77f6e3	bgeu	x15,x23,800014fc	 x15:0x00000003 x23:0x00000002
        6775000	       676	00000000	00000013	addi	x0,x0,0	  x0:0x00000000
        6785000	       677	800014f8	00000013	addi	x0,x0,0	  x0:0x00000000
        6795000	       678	800014fc	2aa98093	addi	x1,x19,682	 x19:0x00000001  x1=0x000002ab
        6805000	       679	80001500	401cdeb3	sra	x29,x25,x1	 x25:0x0000021a  x1:0x000002ab x29=0x00000000
        6815000	       680	80001504	fff78793	addi	x15,x15,-1	 x15:0x00000003 x15=0x00000002
        6825000	       681	80001508	00000013	addi	x0,x0,0	  x0:0x00000000
        6835000	       682	8000150c	00000013	addi	x0,x0,0	  x0:0x00000000
        6845000	       683	80001510	ff77f6e3	bgeu	x15,x23,800014fc	 x15:0x00000002 x23:0x00000002
        6855000	       684	00000000	00000013	addi	x0,x0,0	  x0:0x00000000
        6865000	       685	800014f8	00000013	addi	x0,x0,0	  x0:0x00000000
        6875000	       686	800014fc	2aa98093	addi	x1,x19,682	 x19:0x00000001  x1=0x000002ab
        6885000	       687	80001500	401cdeb3	sra	x29,x25,x1	 x25:0x0000021a  x1:0x000002ab x29=0x00000000
        6895000	       688	80001504	fff78793	addi	x15,x15,-1	 x15:0x00000002 x15=0x00000001
        6905000	       689	80001508	00000013	addi	x0,x0,0	  x0:0x00000000
        6915000	       690	8000150c	00000013	addi	x0,x0,0	  x0:0x00000000
        6925000	       691	80001510	ff77f6e3	bgeu	x15,x23,800014fc	 x15:0x00000001 x23:0x00000002
        6935000	       692	80001514	65e27537	lui	x10,0x65e27	 x10=0x65e27000
        6945000	       693	80001518	ff800393	addi	x7,x0,-8	  x0:0x00000000  x7=0xfffffff8
        6955000	       694	8000151c	00b00d13	addi	x26,x0,11	  x0:0x00000000 x26=0x0000000b
        6965000	       695	80001520	00717033	and	x0,x2,x7	  x2:0x1061a11d  x7:0xfffffff8
        6975000	       696	80001524	002a7c33	and	x24,x20,x2	 x20:0x00000000  x2:0x1061a11d x24=0x00000000
        6985000	       697	80001528	00838393	addi	x7,x7,8	  x7:0xfffffff8  x7=0x00000000
        6995000	       698	8000152c	00400f93	addi	x31,x0,4	  x0:0x00000000 x31=0x00000004
        7005000	       699	80001530	fff00b93	addi	x23,x0,-1	  x0:0x00000000 x23=0xffffffff
        7015000	       700	80001534	3a164f17	auipc	x30,0x3a164	 x30=0xba165530
        7025000	       701	80001538	ffbf8f93	addi	x31,x31,-5	 x31:0x00000004 x31=0xffffffff
        7035000	       702	8000153c	ff7f9ce3	bne	x31,x23,80001534	 x31:0xffffffff x23:0xffffffff
        7045000	       703	80001540	ffa3c2e3	blt	x7,x26,80001524	  x7:0x00000000 x26:0x0000000b
        7055000	       704	00000000	00000013	addi	x0,x0,0	  x0:0x00000000
        7065000	       705	80001520	00000013	addi	x0,x0,0	  x0:0x00000000
        7075000	       706	80001524	002a7c33	and	x24,x20,x2	 x20:0x00000000  x2:0x1061a11d x24=0x00000000
        7085000	       707	80001528	00838393	addi	x7,x7,8	  x7:0x00000000  x7=0x00000008
        7095000	       708	8000152c	00400f93	addi	x31,x0,4	  x0:0x00000000 x31=0x00000004
        7105000	       709	80001530	fff00b93	addi	x23,x0,-1	  x0:0x00000000 x23=0xffffffff
        7115000	       710	80001534	3a164f17	auipc	x30,0x3a164	 x30=0xba165530
        7125000	       711	80001538	ffbf8f93	addi	x31,x31,-5	 x31:0x00000004 x31=0xffffffff
        7135000	       712	8000153c	ff7f9ce3	bne	x31,x23,80001534	 x31:0xffffffff x23:0xffffffff
        7145000	       713	80001540	ffa3c2e3	blt	x7,x26,80001524	  x7:0x00000008 x26:0x0000000b
        7155000	       714	00000000	00000013	addi	x0,x0,0	  x0:0x00000000
        7165000	       715	80001520	00000013	addi	x0,x0,0	  x0:0x00000000
        7175000	       716	80001524	002a7c33	and	x24,x20,x2	 x20:0x00000000  x2:0x1061a11d x24=0x00000000
        7185000	       717	80001528	00838393	addi	x7,x7,8	  x7:0x00000008  x7=0x00000010
        7195000	       718	8000152c	00400f93	addi	x31,x0,4	  x0:0x00000000 x31=0x00000004
        7205000	       719	80001530	fff00b93	addi	x23,x0,-1	  x0:0x00000000 x23=0xffffffff
        7215000	       720	80001534	3a164f17	auipc	x30,0x3a164	 x30=0xba165530
        7225000	       721	80001538	ffbf8f93	addi	x31,x31,-5	 x31:0x00000004 x31=0xffffffff
        7235000	       722	8000153c	ff7f9ce3	bne	x31,x23,80001534	 x31:0xffffffff x23:0xffffffff
        7245000	       723	80001540	ffa3c2e3	blt	x7,x26,80001524	  x7:0x00000010 x26:0x0000000b
        7255000	       724	80001544	73770413	addi	x8,x14,1847	 x14:0x0000000c  x8=0x00000743
        7265000	       725	80001548	00a00793	addi	x15,x0,10	  x0:0x00000000 x15=0x0000000a
        7275000	       726	8000154c	00d7b3b3	sltu	x7,x15,x13	 x15:0x0000000a x13:0x082bdb64  x7=0x00000001
        7285000	       727	80001550	9d4c8693	addi	x13,x25,-1580	 x25:0x0000021a x13=0xfffffbee
        7295000	       728	80001554	00000013	addi	x0,x0,0	  x0:0x00000000
        7305000	       729	80001558	58dc8093	addi	x1,x25,1421	 x25:0x0000021a  x1=0x000007a7
        7315000	       730	8000155c	01872e33	slt	x28,x14,x24	 x14:0x0000000c x24:0x00000000 x28=0x00000000
        7325000	       731	80001560	40e482b3	sub	x5,x9,x14	  x9:0x80009fc4 x14:0x0000000c  x5=0x80009fb8
        7335000	       732	80001564	01100313	addi	x6,x0,17	  x0:0x00000000  x6=0x00000011
        7345000	       733	80001568	018ed613	srli	x12,x29,0x18	 x29:0x00000000 x12=0x00000000
        7355000	       734	8000156c	00f0d513	srli	x10,x1,0xf	  x1:0x000007a7 x10=0x00000000
        7365000	       735	80001570	012139b3	sltu	x19,x2,x18	  x2:0x1061a11d x18:0x00000009 x19=0x00000000
        7375000	       736	80001574	402e0033	sub	x0,x28,x2	 x28:0x00000000  x2:0x1061a11d
        7385000	       737	80001578	00b573b3	and	x7,x10,x11	 x10:0x00000000 x11:0x42f36f12  x7=0x00000000
        7395000	       738	8000157c	0cc84293	xori	x5,x16,204	 x16:0x80000408  x5=0x800004c4
        7405000	       739	80001580	f1073393	sltiu	x7,x14,-240	 x14:0x0000000c  x7=0x00000001
        7415000	       740	80001584	0046f033	and	x0,x13,x4	 x13:0xfffffbee  x4:0x00000000
        7425000	       741	80001588	00778793	addi	x15,x15,7	 x15:0x0000000a x15=0x00000011
        7435000	       742	8000158c	00000013	addi	x0,x0,0	  x0:0x00000000
        7445000	       743	80001590	ffb00a13	addi	x20,x0,-5	  x0:0x00000000 x20=0xfffffffb
        7455000	       744	80001594	ff100113	addi	x2,x0,-15	  x0:0x00000000  x2=0xfffffff1
        7465000	       745	80001598	70482e13	slti	x28,x16,1796	 x16:0x80000408 x28=0x00000001
        7475000	       746	8000159c	0cfaf893	andi	x17,x21,207	 x21:0x18afa000 x17=0x00000000
        7485000	       747	800015a0	fffa0a13	addi	x20,x20,-1	 x20:0xfffffffb x20=0xfffffffa
        7495000	       748	800015a4	01019093	slli	x1,x3,0x10	  x3:0x00000000  x1=0x00000000
        7505000	       749	800015a8	fe2a58e3	bge	x20,x2,80001598	 x20:0xfffffffa  x2:0xfffffff1
        7515000	       750	00000000	00000013	addi	x0,x0,0	  x0:0x00000000
        7525000	       751	80001594	00000013	addi	x0,x0,0	  x0:0x00000000
        7535000	       752	80001598	70482e13	slti	x28,x16,1796	 x16:0x80000408 x28=0x00000001
        7545000	       753	8000159c	0cfaf893	andi	x17,x21,207	 x21:0x18afa000 x17=0x00000000
        7555000	       754	800015a0	fffa0a13	addi	x20,x20,-1	 x20:0xfffffffa x20=0xfffffff9
        7565000	       755	800015a4	01019093	slli	x1,x3,0x10	  x3:0x00000000  x1=0x00000000
        7575000	       756	800015a8	fe2a58e3	bge	x20,x2,80001598	 x20:0xfffffff9  x2:0xfffffff1
        7585000	       757	00000000	00000013	addi	x0,x0,0	  x0:0x00000000
        7595000	       758	80001594	00000013	addi	x0,x0,0	  x0:0x00000000
        7605000	       759	80001598	70482e13	slti	x28,x16,1796	 x16:0x80000408 x28=0x00000001
        7615000	       760	8000159c	0cfaf893	andi	x17,x21,207	 x21:0x18afa000 x17=0x00000000
        7625000	       761	800015a0	fffa0a13	addi	x20,x20,-1	 x20:0xfffffff9 x20=0xfffffff8
        7635000	       762	800015a4	01019093	slli	x1,x3,0x10	  x3:0x00000000  x1=0x00000000
        7645000	       763	800015a8	fe2a58e3	bge	x20,x2,80001598	 x20:0xfffffff8  x2:0xfffffff1
        7655000	       764	00000000	00000013	addi	x0,x0,0	  x0:0x00000000
        7665000	       765	80001594	00000013	addi	x0,x0,0	  x0:0x00000000
        7675000	       766	80001598	70482e13	slti	x28,x16,1796	 x16:0x80000408 x28=0x00000001
        7685000	       767	8000159c	0cfaf893	andi	x17,x21,207	 x21:0x18afa000 x17=0x00000000
        7695000	       768	800015a0	fffa0a13	addi	x20,x20,-1	 x20:0xfffffff8 x20=0xfffffff7
        7705000	       769	800015a4	01019093	slli	x1,x3,0x10	  x3:0x00000000  x1=0x00000000
        7715000	       770	800015a8	fe2a58e3	bge	x20,x2,80001598	 x20:0xfffffff7  x2:0xfffffff1
        7725000	       771	00000000	00000013	addi	x0,x0,0	  x0:0x00000000
        7735000	       772	80001594	00000013	addi	x0,x0,0	  x0:0x00000000
        7745000	       773	80001598	70482e13	slti	x28,x16,1796	 x16:0x80000408 x28=0x00000001
        7755000	       774	8000159c	0cfaf893	andi	x17,x21,207	 x21:0x18afa000 x17=0x00000000
        7765000	       775	800015a0	fffa0a13	addi	x20,x20,-1	 x20:0xfffffff7 x20=0xfffffff6
        7775000	       776	800015a4	01019093	slli	x1,x3,0x10	  x3:0x00000000  x1=0x00000000
        7785000	       777	800015a8	fe2a58e3	bge	x20,x2,80001598	 x20:0xfffffff6  x2:0xfffffff1
        7795000	       778	00000000	00000013	addi	x0,x0,0	  x0:0x00000000
        7805000	       779	80001594	00000013	addi	x0,x0,0	  x0:0x00000000
        7815000	       780	80001598	70482e13	slti	x28,x16,1796	 x16:0x80000408 x28=0x00000001
        7825000	       781	8000159c	0cfaf893	andi	x17,x21,207	 x21:0x18afa000 x17=0x00000000
        7835000	       782	800015a0	fffa0a13	addi	x20,x20,-1	 x20:0xfffffff6 x20=0xfffffff5
        7845000	       783	800015a4	01019093	slli	x1,x3,0x10	  x3:0x00000000  x1=0x00000000
        7855000	       784	800015a8	fe2a58e3	bge	x20,x2,80001598	 x20:0xfffffff5  x2:0xfffffff1
        7865000	       785	00000000	00000013	addi	x0,x0,0	  x0:0x00000000
        7875000	       786	80001594	00000013	addi	x0,x0,0	  x0:0x00000000
        7885000	       787	80001598	70482e13	slti	x28,x16,1796	 x16:0x80000408 x28=0x00000001
        7895000	       788	8000159c	0cfaf893	andi	x17,x21,207	 x21:0x18afa000 x17=0x00000000
        7905000	       789	800015a0	fffa0a13	addi	x20,x20,-1	 x20:0xfffffff5 x20=0xfffffff4
        7915000	       790	800015a4	01019093	slli	x1,x3,0x10	  x3:0x00000000  x1=0x00000000
        7925000	       791	800015a8	fe2a58e3	bge	x20,x2,80001598	 x20:0xfffffff4  x2:0xfffffff1
        7935000	       792	00000000	00000013	addi	x0,x0,0	  x0:0x00000000
        7945000	       793	80001594	00000013	addi	x0,x0,0	  x0:0x00000000
        7955000	       794	80001598	70482e13	slti	x28,x16,1796	 x16:0x80000408 x28=0x00000001
        7965000	       795	8000159c	0cfaf893	andi	x17,x21,207	 x21:0x18afa000 x17=0x00000000
        7975000	       796	800015a0	fffa0a13	addi	x20,x20,-1	 x20:0xfffffff4 x20=0xfffffff3
        7985000	       797	800015a4	01019093	slli	x1,x3,0x10	  x3:0x00000000  x1=0x00000000
        7995000	       798	800015a8	fe2a58e3	bge	x20,x2,80001598	 x20:0xfffffff3  x2:0xfffffff1
        8005000	       799	00000000	00000013	addi	x0,x0,0	  x0:0x00000000
        8015000	       800	80001594	00000013	addi	x0,x0,0	  x0:0x00000000
        8025000	       801	80001598	70482e13	slti	x28,x16,1796	 x16:0x80000408 x28=0x00000001
        8035000	       802	8000159c	0cfaf893	andi	x17,x21,207	 x21:0x18afa000 x17=0x00000000
        8045000	       803	800015a0	fffa0a13	addi	x20,x20,-1	 x20:0xfffffff3 x20=0xfffffff2
        8055000	       804	800015a4	01019093	slli	x1,x3,0x10	  x3:0x00000000  x1=0x00000000
        8065000	       805	800015a8	fe2a58e3	bge	x20,x2,80001598	 x20:0xfffffff2  x2:0xfffffff1
        8075000	       806	00000000	00000013	addi	x0,x0,0	  x0:0x00000000
        8085000	       807	80001594	00000013	addi	x0,x0,0	  x0:0x00000000
        8095000	       808	80001598	70482e13	slti	x28,x16,1796	 x16:0x80000408 x28=0x00000001
        8105000	       809	8000159c	0cfaf893	andi	x17,x21,207	 x21:0x18afa000 x17=0x00000000
        8115000	       810	800015a0	fffa0a13	addi	x20,x20,-1	 x20:0xfffffff2 x20=0xfffffff1
        8125000	       811	800015a4	01019093	slli	x1,x3,0x10	  x3:0x00000000  x1=0x00000000
        8135000	       812	800015a8	fe2a58e3	bge	x20,x2,80001598	 x20:0xfffffff1  x2:0xfffffff1
        8145000	       813	00000000	00000013	addi	x0,x0,0	  x0:0x00000000
        8155000	       814	80001594	00000013	addi	x0,x0,0	  x0:0x00000000
        8165000	       815	80001598	70482e13	slti	x28,x16,1796	 x16:0x80000408 x28=0x00000001
        8175000	       816	8000159c	0cfaf893	andi	x17,x21,207	 x21:0x18afa000 x17=0x00000000
        8185000	       817	800015a0	fffa0a13	addi	x20,x20,-1	 x20:0xfffffff1 x20=0xfffffff0
        8195000	       818	800015a4	01019093	slli	x1,x3,0x10	  x3:0x00000000  x1=0x00000000
        8205000	       819	800015a8	fe2a58e3	bge	x20,x2,80001598	 x20:0xfffffff0  x2:0xfffffff1
        8215000	       820	800015ac	009209b3	add	x19,x4,x9	  x4:0x00000000  x9:0x80009fc4 x19=0x80009fc4
        8225000	       821	800015b0	402d0633	sub	x12,x26,x2	 x26:0x0000000b  x2:0xfffffff1 x12=0x0000001a
        8235000	       822	800015b4	214bce93	xori	x29,x23,532	 x23:0xffffffff x29=0xfffffdeb
        8245000	       823	800015b8	00b09613	slli	x12,x1,0xb	  x1:0x00000000 x12=0x00000000
        8255000	       824	800015bc	fc6784e3	beq	x15,x6,80001584	 x15:0x00000011  x6:0x00000011
        8265000	       825	00000000	00000013	addi	x0,x0,0	  x0:0x00000000
        8275000	       826	80001580	00000013	addi	x0,x0,0	  x0:0x00000000
        8285000	       827	80001584	0046f033	and	x0,x13,x4	 x13:0xfffffbee  x4:0x00000000
        8295000	       828	80001588	00778793	addi	x15,x15,7	 x15:0x00000011 x15=0x00000018
        8305000	       829	8000158c	00000013	addi	x0,x0,0	  x0:0x00000000
        8315000	       830	80001590	ffb00a13	addi	x20,x0,-5	  x0:0x00000000 x20=0xfffffffb
        8325000	       831	80001594	ff100113	addi	x2,x0,-15	  x0:0x00000000  x2=0xfffffff1
        8335000	       832	80001598	70482e13	slti	x28,x16,1796	 x16:0x80000408 x28=0x00000001
        8345000	       833	8000159c	0cfaf893	andi	x17,x21,207	 x21:0x18afa000 x17=0x00000000
        8355000	       834	800015a0	fffa0a13	addi	x20,x20,-1	 x20:0xfffffffb x20=0xfffffffa
        8365000	       835	800015a4	01019093	slli	x1,x3,0x10	  x3:0x00000000  x1=0x00000000
        8375000	       836	800015a8	fe2a58e3	bge	x20,x2,80001598	 x20:0xfffffffa  x2:0xfffffff1
        8385000	       837	00000000	00000013	addi	x0,x0,0	  x0:0x00000000
        8395000	       838	80001594	00000013	addi	x0,x0,0	  x0:0x00000000
        8405000	       839	80001598	70482e13	slti	x28,x16,1796	 x16:0x80000408 x28=0x00000001
        8415000	       840	8000159c	0cfaf893	andi	x17,x21,207	 x21:0x18afa000 x17=0x00000000
        8425000	       841	800015a0	fffa0a13	addi	x20,x20,-1	 x20:0xfffffffa x20=0xfffffff9
        8435000	       842	800015a4	01019093	slli	x1,x3,0x10	  x3:0x00000000  x1=0x00000000
        8445000	       843	800015a8	fe2a58e3	bge	x20,x2,80001598	 x20:0xfffffff9  x2:0xfffffff1
        8455000	       844	00000000	00000013	addi	x0,x0,0	  x0:0x00000000
        8465000	       845	80001594	00000013	addi	x0,x0,0	  x0:0x00000000
        8475000	       846	80001598	70482e13	slti	x28,x16,1796	 x16:0x80000408 x28=0x00000001
        8485000	       847	8000159c	0cfaf893	andi	x17,x21,207	 x21:0x18afa000 x17=0x00000000
        8495000	       848	800015a0	fffa0a13	addi	x20,x20,-1	 x20:0xfffffff9 x20=0xfffffff8
        8505000	       849	800015a4	01019093	slli	x1,x3,0x10	  x3:0x00000000  x1=0x00000000
        8515000	       850	800015a8	fe2a58e3	bge	x20,x2,80001598	 x20:0xfffffff8  x2:0xfffffff1
        8525000	       851	00000000	00000013	addi	x0,x0,0	  x0:0x00000000
        8535000	       852	80001594	00000013	addi	x0,x0,0	  x0:0x00000000
        8545000	       853	80001598	70482e13	slti	x28,x16,1796	 x16:0x80000408 x28=0x00000001
        8555000	       854	8000159c	0cfaf893	andi	x17,x21,207	 x21:0x18afa000 x17=0x00000000
        8565000	       855	800015a0	fffa0a13	addi	x20,x20,-1	 x20:0xfffffff8 x20=0xfffffff7
        8575000	       856	800015a4	01019093	slli	x1,x3,0x10	  x3:0x00000000  x1=0x00000000
        8585000	       857	800015a8	fe2a58e3	bge	x20,x2,80001598	 x20:0xfffffff7  x2:0xfffffff1
        8595000	       858	00000000	00000013	addi	x0,x0,0	  x0:0x00000000
        8605000	       859	80001594	00000013	addi	x0,x0,0	  x0:0x00000000
        8615000	       860	80001598	70482e13	slti	x28,x16,1796	 x16:0x80000408 x28=0x00000001
        8625000	       861	8000159c	0cfaf893	andi	x17,x21,207	 x21:0x18afa000 x17=0x00000000
        8635000	       862	800015a0	fffa0a13	addi	x20,x20,-1	 x20:0xfffffff7 x20=0xfffffff6
        8645000	       863	800015a4	01019093	slli	x1,x3,0x10	  x3:0x00000000  x1=0x00000000
        8655000	       864	800015a8	fe2a58e3	bge	x20,x2,80001598	 x20:0xfffffff6  x2:0xfffffff1
        8665000	       865	00000000	00000013	addi	x0,x0,0	  x0:0x00000000
        8675000	       866	80001594	00000013	addi	x0,x0,0	  x0:0x00000000
        8685000	       867	80001598	70482e13	slti	x28,x16,1796	 x16:0x80000408 x28=0x00000001
        8695000	       868	8000159c	0cfaf893	andi	x17,x21,207	 x21:0x18afa000 x17=0x00000000
        8705000	       869	800015a0	fffa0a13	addi	x20,x20,-1	 x20:0xfffffff6 x20=0xfffffff5
        8715000	       870	800015a4	01019093	slli	x1,x3,0x10	  x3:0x00000000  x1=0x00000000
        8725000	       871	800015a8	fe2a58e3	bge	x20,x2,80001598	 x20:0xfffffff5  x2:0xfffffff1
        8735000	       872	00000000	00000013	addi	x0,x0,0	  x0:0x00000000
        8745000	       873	80001594	00000013	addi	x0,x0,0	  x0:0x00000000
        8755000	       874	80001598	70482e13	slti	x28,x16,1796	 x16:0x80000408 x28=0x00000001
        8765000	       875	8000159c	0cfaf893	andi	x17,x21,207	 x21:0x18afa000 x17=0x00000000
        8775000	       876	800015a0	fffa0a13	addi	x20,x20,-1	 x20:0xfffffff5 x20=0xfffffff4
        8785000	       877	800015a4	01019093	slli	x1,x3,0x10	  x3:0x00000000  x1=0x00000000
        8795000	       878	800015a8	fe2a58e3	bge	x20,x2,80001598	 x20:0xfffffff4  x2:0xfffffff1
        8805000	       879	00000000	00000013	addi	x0,x0,0	  x0:0x00000000
        8815000	       880	80001594	00000013	addi	x0,x0,0	  x0:0x00000000
        8825000	       881	80001598	70482e13	slti	x28,x16,1796	 x16:0x80000408 x28=0x00000001
        8835000	       882	8000159c	0cfaf893	andi	x17,x21,207	 x21:0x18afa000 x17=0x00000000
        8845000	       883	800015a0	fffa0a13	addi	x20,x20,-1	 x20:0xfffffff4 x20=0xfffffff3
        8855000	       884	800015a4	01019093	slli	x1,x3,0x10	  x3:0x00000000  x1=0x00000000
        8865000	       885	800015a8	fe2a58e3	bge	x20,x2,80001598	 x20:0xfffffff3  x2:0xfffffff1
        8875000	       886	00000000	00000013	addi	x0,x0,0	  x0:0x00000000
        8885000	       887	80001594	00000013	addi	x0,x0,0	  x0:0x00000000
        8895000	       888	80001598	70482e13	slti	x28,x16,1796	 x16:0x80000408 x28=0x00000001
        8905000	       889	8000159c	0cfaf893	andi	x17,x21,207	 x21:0x18afa000 x17=0x00000000
        8915000	       890	800015a0	fffa0a13	addi	x20,x20,-1	 x20:0xfffffff3 x20=0xfffffff2
        8925000	       891	800015a4	01019093	slli	x1,x3,0x10	  x3:0x00000000  x1=0x00000000
        8935000	       892	800015a8	fe2a58e3	bge	x20,x2,80001598	 x20:0xfffffff2  x2:0xfffffff1
        8945000	       893	00000000	00000013	addi	x0,x0,0	  x0:0x00000000
        8955000	       894	80001594	00000013	addi	x0,x0,0	  x0:0x00000000
        8965000	       895	80001598	70482e13	slti	x28,x16,1796	 x16:0x80000408 x28=0x00000001
        8975000	       896	8000159c	0cfaf893	andi	x17,x21,207	 x21:0x18afa000 x17=0x00000000
        8985000	       897	800015a0	fffa0a13	addi	x20,x20,-1	 x20:0xfffffff2 x20=0xfffffff1
        8995000	       898	800015a4	01019093	slli	x1,x3,0x10	  x3:0x00000000  x1=0x00000000
        9005000	       899	800015a8	fe2a58e3	bge	x20,x2,80001598	 x20:0xfffffff1  x2:0xfffffff1
        9015000	       900	00000000	00000013	addi	x0,x0,0	  x0:0x00000000
        9025000	       901	80001594	00000013	addi	x0,x0,0	  x0:0x00000000
        9035000	       902	80001598	70482e13	slti	x28,x16,1796	 x16:0x80000408 x28=0x00000001
        9045000	       903	8000159c	0cfaf893	andi	x17,x21,207	 x21:0x18afa000 x17=0x00000000
        9055000	       904	800015a0	fffa0a13	addi	x20,x20,-1	 x20:0xfffffff1 x20=0xfffffff0
        9065000	       905	800015a4	01019093	slli	x1,x3,0x10	  x3:0x00000000  x1=0x00000000
        9075000	       906	800015a8	fe2a58e3	bge	x20,x2,80001598	 x20:0xfffffff0  x2:0xfffffff1
        9085000	       907	800015ac	009209b3	add	x19,x4,x9	  x4:0x00000000  x9:0x80009fc4 x19=0x80009fc4
        9095000	       908	800015b0	402d0633	sub	x12,x26,x2	 x26:0x0000000b  x2:0xfffffff1 x12=0x0000001a
        9105000	       909	800015b4	214bce93	xori	x29,x23,532	 x23:0xffffffff x29=0xfffffdeb
        9115000	       910	800015b8	00b09613	slli	x12,x1,0xb	  x1:0x00000000 x12=0x00000000
        9125000	       911	800015bc	fc6784e3	beq	x15,x6,80001584	 x15:0x00000018  x6:0x00000011
        9135000	       912	800015c0	0dee3217	auipc	x4,0xdee3	  x4=0x8dee45bc
        9145000	       913	800015c4	41930c33	sub	x24,x6,x25	  x6:0x00000011 x25:0x0000021a x24=0xfffffdf7
        9155000	       914	800015c8	afe6f413	andi	x8,x13,-1282	 x13:0xfffffbee  x8=0xfffffaee
        9165000	       915	800015cc	0074d9b7	lui	x19,0x74d	 x19=0x0074d000
        9175000	       916	800015d0	30986293	ori	x5,x16,777	 x16:0x80000408  x5=0x80000709
        9185000	       917	800015d4	40c20233	sub	x4,x4,x12	  x4:0x8dee45bc x12:0x00000000  x4=0x8dee45bc
        9195000	       918	800015d8	01326eb3	or	x29,x4,x19	  x4:0x8dee45bc x19:0x0074d000 x29=0x8dfed5bc
        9205000	       919	800015dc	025ae663	bltu	x21,x5,80001608	 x21:0x18afa000  x5:0x80000709
        9215000	       920	00000000	00000013	addi	x0,x0,0	  x0:0x00000000
        9225000	       921	80001604	00000013	addi	x0,x0,0	  x0:0x00000000
        9235000	       922	80001608	00000013	addi	x0,x0,0	  x0:0x00000000
        9245000	       923	8000160c	16a4b293	sltiu	x5,x9,362	  x9:0x80009fc4  x5=0x00000000
        9255000	       924	80001610	028d9c63	bne	x27,x8,80001648	 x27:0x80009f2c  x8:0xfffffaee
        9265000	       925	00000000	00000013	addi	x0,x0,0	  x0:0x00000000
        9275000	       926	80001644	00000013	addi	x0,x0,0	  x0:0x00000000
        9285000	       927	80001648	fbdf7713	andi	x14,x30,-67	 x30:0xba165530 x14=0xba165530
        9295000	       928	8000164c	00000013	addi	x0,x0,0	  x0:0x00000000
        9305000	       929	80001650	00e3b633	sltu	x12,x7,x14	  x7:0x00000001 x14:0xba165530 x12=0x00000001
        9315000	       930	80001654	00c7a833	slt	x16,x15,x12	 x15:0x00000018 x12:0x00000001 x16=0x00000000
        9325000	       931	80001658	00c3d533	srl	x10,x7,x12	  x7:0x00000001 x12:0x00000001 x10=0x00000000
        9335000	       932	8000165c	015f58b3	srl	x17,x30,x21	 x30:0xba165530 x21:0x18afa000 x17=0xba165530
        9345000	       933	80001660	8030eb93	ori	x23,x1,-2045	  x1:0x00000000 x23=0xfffff803
        9355000	       934	80001664	d7088b93	addi	x23,x17,-656	 x17:0xba165530 x23=0xba1652a0
        9365000	       935	80001668	415a0233	sub	x4,x20,x21	 x20:0xfffffff0 x21:0x18afa000  x4=0xe7505ff0
        9375000	       936	8000166c	4b69ca97	auipc	x21,0x4b69c	 x21=0xcb69d668
        9385000	       937	80001670	01ad9e93	slli	x29,x27,0x1a	 x27:0x80009f2c x29=0xb0000000
        9395000	       938	80001674	0080a2b3	slt	x5,x1,x8	  x1:0x00000000  x8:0xfffffaee  x5=0x00000000
        9405000	       939	80001678	9af83693	sltiu	x13,x16,-1617	 x16:0x00000000 x13=0x00000001
        9415000	       940	8000167c	0135d1b3	srl	x3,x11,x19	 x11:0x42f36f12 x19:0x0074d000  x3=0x42f36f12
        9425000	       941	80001680	00775b33	srl	x22,x14,x7	 x14:0xba165530  x7:0x00000001 x22=0x5d0b2a98
        9435000	       942	80001684	014570b3	and	x1,x10,x20	 x10:0x00000000 x20:0xfffffff0  x1=0x00000000
        9445000	       943	80001688	a4613c13	sltiu	x24,x2,-1466	  x2:0xfffffff1 x24=0x00000000
        9455000	       944	8000168c	007edc93	srli	x25,x29,0x7	 x29:0xb0000000 x25=0x01600000
        9465000	       945	80001690	34f1e513	ori	x10,x3,847	  x3:0x42f36f12 x10=0x42f36f5f
        9475000	       946	80001694	017258b3	srl	x17,x4,x23	  x4:0xe7505ff0 x23:0xba1652a0 x17=0xe7505ff0
        9485000	       947	80001698	01767a63	bgeu	x12,x23,800016ac	 x12:0x00000001 x23:0xba1652a0
        9495000	       948	8000169c	00fb8433	add	x8,x23,x15	 x23:0xba1652a0 x15:0x00000018  x8=0xba1652b8
        9505000	       949	800016a0	46448813	addi	x16,x9,1124	  x9:0x80009fc4 x16=0x8000a428
        9515000	       950	800016a4	1318d297	auipc	x5,0x1318d	  x5=0x9318e6a0
        9525000	       951	800016a8	01469bb3	sll	x23,x13,x20	 x13:0x00000001 x20:0xfffffff0 x23=0x00010000
        9535000	       952	800016ac	01e2d613	srli	x12,x5,0x1e	  x5:0x9318e6a0 x12=0x00000002
        9545000	       953	800016b0	41c00e33	sub	x28,x0,x28	  x0:0x00000000 x28:0x00000001 x28=0xffffffff
        9555000	       954	800016b4	0133d993	srli	x19,x7,0x13	  x7:0x00000001 x19=0x00000000
        9565000	       955	800016b8	01d15663	bge	x2,x29,800016c4	  x2:0xfffffff1 x29:0xb0000000
        9575000	       956	00000000	00000013	addi	x0,x0,0	  x0:0x00000000
        9585000	       957	800016c0	00000013	addi	x0,x0,0	  x0:0x00000000
        9595000	       958	800016c4	005499b3	sll	x19,x9,x5	  x9:0x80009fc4  x5:0x9318e6a0 x19=0x80009fc4
        9605000	       959	800016c8	0468e863	bltu	x17,x6,80001718	 x17:0xe7505ff0  x6:0x00000011
        9615000	       960	800016cc	00869093	slli	x1,x13,0x8	 x13:0x00000001  x1=0x00000100
        9625000	       961	800016d0	01e29f33	sll	x30,x5,x30	  x5:0x9318e6a0 x30:0xba165530 x30=0xe6a00000
        9635000	       962	800016d4	828d0b93	addi	x23,x26,-2008	 x26:0x0000000b x23=0xfffff833
        9645000	       963	800016d8	00551663	bne	x10,x5,800016e4	 x10:0x42f36f5f  x5:0x9318e6a0
        9655000	       964	00000000	00000013	addi	x0,x0,0	  x0:0x00000000
        9665000	       965	800016e0	00000013	addi	x0,x0,0	  x0:0x00000000
        9675000	       966	800016e4	04979263	bne	x15,x9,80001728	 x15:0x00000018  x9:0x80009fc4
        9685000	       967	00000000	00000013	addi	x0,x0,0	  x0:0x00000000
        9695000	       968	80001724	00000013	addi	x0,x0,0	  x0:0x00000000
        9705000	       969	80001728	7654b813	sltiu	x16,x9,1893	  x9:0x80009fc4 x16=0x00000000
        9715000	       970	8000172c	00b14863	blt	x2,x11,8000173c	  x2:0xfffffff1 x11:0x42f36f12
        9725000	       971	00000000	00000013	addi	x0,x0,0	  x0:0x00000000
        9735000	       972	80001738	00000013	addi	x0,x0,0	  x0:0x00000000
        9745000	       973	8000173c	01634663	blt	x6,x22,80001748	  x6:0x00000011 x22:0x5d0b2a98
        9755000	       974	00000000	00000013	addi	x0,x0,0	  x0:0x00000000
        9765000	       975	80001744	00000013	addi	x0,x0,0	  x0:0x00000000
        9775000	       976	80001748	72332d37	lui	x26,0x72332	 x26=0x72332000
        9785000	       977	8000174c	41fa5633	sra	x12,x20,x31	 x20:0xfffffff0 x31:0xffffffff x12=0xffffffff
        9795000	       978	80001750	02b91017	auipc	x0,0x2b91	
        9805000	       979	80001754	d9fb8a97	auipc	x21,0xd9fb8	 x21=0x59fb9750
        9815000	       980	80001758	00e0a0b3	slt	x1,x1,x14	  x1:0x00000100 x14:0xba165530  x1=0x00000000
        9825000	       981	8000175c	00904863	blt	x0,x9,8000176c	  x0:0x00000000  x9:0x80009fc4
        9835000	       982	80001760	02e45463	bge	x8,x14,80001788	  x8:0xba1652b8 x14:0xba165530
        9845000	       983	80001764	01023133	sltu	x2,x4,x16	  x4:0xe7505ff0 x16:0x00000000  x2=0x00000000
        9855000	       984	80001768	4171d113	srai	x2,x3,0x17	  x3:0x42f36f12  x2=0x00000085
        9865000	       985	8000176c	005d3b33	sltu	x22,x26,x5	 x26:0x72332000  x5:0x9318e6a0 x22=0x00000001
        9875000	       986	80001770	cca9e213	ori	x4,x19,-822	 x19:0x80009fc4  x4=0xffffffce
        9885000	       987	80001774	02ea8e63	beq	x21,x14,800017b0	 x21:0x59fb9750 x14:0xba165530
        9895000	       988	80001778	8c15b413	sltiu	x8,x11,-1855	 x11:0x42f36f12  x8=0x00000001
        9905000	       989	8000177c	00000013	addi	x0,x0,0	  x0:0x00000000
        9915000	       990	80001780	9525ee13	ori	x28,x11,-1710	 x11:0x42f36f12 x28=0xffffff52
        9925000	       991	80001784	0095ce63	blt	x11,x9,800017a0	 x11:0x42f36f12  x9:0x80009fc4
        9935000	       992	80001788	41428f33	sub	x30,x5,x20	  x5:0x9318e6a0 x20:0xfffffff0 x30=0x9318e6b0
        9945000	       993	8000178c	012e4833	xor	x16,x28,x18	 x28:0xffffff52 x18:0x00000009 x16=0xffffff5b
        9955000	       994	80001790	05f80263	beq	x16,x31,800017d4	 x16:0xffffff5b x31:0xffffffff
        9965000	       995	80001794	988c8793	addi	x15,x25,-1656	 x25:0x01600000 x15=0x015ff988
        9975000	       996	80001798	003dd133	srl	x2,x27,x3	 x27:0x80009f2c  x3:0x42f36f12  x2=0x00002000
        9985000	       997	8000179c	01886ab3	or	x21,x16,x24	 x16:0xffffff5b x24:0x00000000 x21=0xffffff5b
        9995000	       998	800017a0	6796ec37	lui	x24,0x6796e	 x24=0x6796e000
       10005000	       999	800017a4	40b9d513	srai	x10,x19,0xb	 x19:0x80009fc4 x10=0xfff00013
       10015000	      1000	800017a8	40e05513	srai	x10,x0,0xe	  x0:0x00000000 x10=0x00000000
       10025000	      1001	800017ac	00e74833	xor	x16,x14,x14	 x14:0xba165530 x14:0xba165530 x16=0x00000000
       10035000	      1002	800017b0	01466663	bltu	x12,x20,800017bc	 x12:0xffffffff x20:0xfffffff0
       10045000	      1003	800017b4	0022de63	bge	x5,x2,800017d0	  x5:0x9318e6a0  x2:0x00002000
       10055000	      1004	800017b8	f259a693	slti	x13,x19,-219	 x19:0x80009fc4 x13=0x00000001
       10065000	      1005	800017bc	00801613	slli	x12,x0,0x8	  x0:0x00000000 x12=0x00000000
       10075000	      1006	800017c0	a5036693	ori	x13,x6,-1456	  x6:0x00000011 x13=0xfffffa51
       10085000	      1007	800017c4	0056bbb3	sltu	x23,x13,x5	 x13:0xfffffa51  x5:0x9318e6a0 x23=0x00000000
       10095000	      1008	800017c8	00ca1263	bne	x20,x12,800017cc	 x20:0xfffffff0 x12:0x00000000
       10105000	      1009	00000000	00000013	addi	x0,x0,0	  x0:0x00000000
       10115000	      1010	800017c8	00000013	addi	x0,x0,0	  x0:0x00000000
       10125000	      1011	800017cc	9e53e713	ori	x14,x7,-1563	  x7:0x00000001 x14=0xfffff9e5
       10135000	      1012	800017d0	004fafb3	slt	x31,x31,x4	 x31:0xffffffff  x4:0xffffffce x31=0x00000000
       10145000	      1013	800017d4	0c71ac13	slti	x24,x3,199	  x3:0x42f36f12 x24=0x00000000
       10155000	      1014	800017d8	0a4b6a63	bltu	x22,x4,8000188c	 x22:0x00000001  x4:0xffffffce
       10165000	      1015	00000000	00000013	addi	x0,x0,0	  x0:0x00000000
       10175000	      1016	80001888	00000013	addi	x0,x0,0	  x0:0x00000000
       10185000	      1017	8000188c	00109193	slli	x3,x1,0x1	  x1:0x00000000  x3=0x00000000
       10195000	      1018	80001890	be88ab93	slti	x23,x17,-1048	 x17:0xe7505ff0 x23=0x00000001
       10205000	      1019	80001894	01de1663	bne	x28,x29,800018a0	 x28:0xffffff52 x29:0xb0000000
       10215000	      1020	00000000	00000013	addi	x0,x0,0	  x0:0x00000000
       10225000	      1021	8000189c	00000013	addi	x0,x0,0	  x0:0x00000000
       10235000	      1022	800018a0	01d939b3	sltu	x19,x18,x29	 x18:0x00000009 x29:0xb0000000 x19=0x00000001
       10245000	      1023	800018a4	4093d1b3	sra	x3,x7,x9	  x7:0x00000001  x9:0x80009fc4  x3=0x00000000
       10255000	      1024	800018a8	00a00613	addi	x12,x0,10	  x0:0x00000000 x12=0x0000000a
       10265000	      1025	800018ac	00b00d13	addi	x26,x0,11	  x0:0x00000000 x26=0x0000000b
       10275000	      1026	800018b0	68017a13	andi	x20,x2,1664	  x2:0x00002000 x20=0x00000000
       10285000	      1027	800018b4	00160613	addi	x12,x12,1	 x12:0x0000000a x12=0x0000000b
       10295000	      1028	800018b8	ff600813	addi	x16,x0,-10	  x0:0x00000000 x16=0xfffffff6
       10305000	      1029	800018bc	fec00a93	addi	x21,x0,-20	  x0:0x00000000 x21=0xffffffec
       10315000	      1030	800018c0	71755037	lui	x0,0x71755	
       10325000	      1031	800018c4	ffb80813	addi	x16,x16,-5	 x16:0xfffffff6 x16=0xfffffff1
       10335000	      1032	800018c8	ff580ce3	beq	x16,x21,800018c0	 x16:0xfffffff1 x21:0xffffffec
       10345000	      1033	800018cc	ffa662e3	bltu	x12,x26,800018b0	 x12:0x0000000b x26:0x0000000b
       10355000	      1034	800018d0	d544aa13	slti	x20,x9,-684	  x9:0x80009fc4 x20=0x00000001
       10365000	      1035	800018d4	0025d013	srli	x0,x11,0x2	 x11:0x42f36f12
       10375000	      1036	800018d8	40d40033	sub	x0,x8,x13	  x8:0x00000001 x13:0xfffffa51
       10385000	      1037	800018dc	01db6633	or	x12,x22,x29	 x22:0x00000001 x29:0xb0000000 x12=0xb0000001
       10395000	      1038	800018e0	005f1a33	sll	x20,x30,x5	 x30:0x9318e6b0  x5:0x9318e6a0 x20=0x9318e6b0
       10405000	      1039	800018e4	00bd4f33	xor	x30,x26,x11	 x26:0x0000000b x11:0x42f36f12 x30=0x42f36f19
       10415000	      1040	800018e8	41d45613	srai	x12,x8,0x1d	  x8:0x00000001 x12=0x00000000
       10425000	      1041	800018ec	067fc293	xori	x5,x31,103	 x31:0x00000000  x5=0x00000067
       10435000	      1042	800018f0	000ceb33	or	x22,x25,x0	 x25:0x01600000  x0:0x00000000 x22=0x01600000
       10445000	      1043	800018f4	03225463	bge	x4,x18,8000191c	  x4:0xffffffce x18:0x00000009
       10455000	      1044	800018f8	003f4233	xor	x4,x30,x3	 x30:0x42f36f19  x3:0x00000000  x4=0x42f36f19
       10465000	      1045	800018fc	01017033	and	x0,x2,x16	  x2:0x00002000 x16:0xfffffff1
       10475000	      1046	80001900	e984f293	andi	x5,x9,-360	  x9:0x80009fc4  x5=0x80009e80
       10485000	      1047	80001904	7641c6b7	lui	x13,0x7641c	 x13=0x7641c000
       10495000	      1048	80001908	7526f137	lui	x2,0x7526f	  x2=0x7526f000
       10505000	      1049	8000190c	006e1e63	bne	x28,x6,80001928	 x28:0xffffff52  x6:0x00000011
       10515000	      1050	00000000	00000013	addi	x0,x0,0	  x0:0x00000000
       10525000	      1051	80001924	00000013	addi	x0,x0,0	  x0:0x00000000
       10535000	      1052	80001928	d4eb2097	auipc	x1,0xd4eb2	  x1=0x54eb3924
       10545000	      1053	8000192c	00189293	slli	x5,x17,0x1	 x17:0xe7505ff0  x5=0xcea0bfe0
       10555000	      1054	80001930	09059063	bne	x11,x16,800019b0	 x11:0x42f36f12 x16:0xfffffff1
       10565000	      1055	00000000	00000013	addi	x0,x0,0	  x0:0x00000000
       10575000	      1056	800019ac	00000013	addi	x0,x0,0	  x0:0x00000000
       10585000	      1057	800019b0	018ed833	srl	x16,x29,x24	 x29:0xb0000000 x24:0x00000000 x16=0xb0000000
       10595000	      1058	800019b4	00000013	addi	x0,x0,0	  x0:0x00000000
       10605000	      1059	800019b8	85076b93	ori	x23,x14,-1968	 x14:0xfffff9e5 x23=0xfffff9f5
       10615000	      1060	800019bc	01eede63	bge	x29,x30,800019d8	 x29:0xb0000000 x30:0x42f36f19
       10625000	      1061	800019c0	01517cb3	and	x25,x2,x21	  x2:0x7526f000 x21:0xffffffec x25=0x7526f000
       10635000	      1062	800019c4	40575393	srai	x7,x14,0x5	 x14:0xfffff9e5  x7=0xffffffcf
       10645000	      1063	800019c8	01df1bb3	sll	x23,x30,x29	 x30:0x42f36f19 x29:0xb0000000 x23=0x42f36f19
       10655000	      1064	800019cc	75116713	ori	x14,x2,1873	  x2:0x7526f000 x14=0x7526f751
       10665000	      1065	800019d0	01ac9333	sll	x6,x25,x26	 x25:0x7526f000 x26:0x0000000b  x6=0x37800000
       10675000	      1066	800019d4	6bce3093	sltiu	x1,x28,1724	 x28:0xffffff52  x1=0x00000000
       10685000	      1067	800019d8	01c985b3	add	x11,x19,x28	 x19:0x00000001 x28:0xffffff52 x11=0xffffff53
       10695000	      1068	800019dc	cae68a13	addi	x20,x13,-850	 x13:0x7641c000 x20=0x7641bcae
       10705000	      1069	800019e0	5f567a17	auipc	x20,0x5f567	 x20=0xdf5689dc
       10715000	      1070	800019e4	00879463	bne	x15,x8,800019ec	 x15:0x015ff988  x8:0x00000001
       10725000	      1071	00000000	00000013	addi	x0,x0,0	  x0:0x00000000
       10735000	      1072	800019e8	00000013	addi	x0,x0,0	  x0:0x00000000
       10745000	      1073	800019ec	018f9a63	bne	x31,x24,80001a00	 x31:0x00000000 x24:0x00000000
       10755000	      1074	800019f0	02c90e63	beq	x18,x12,80001a2c	 x18:0x00000009 x12:0x00000000
       10765000	      1075	800019f4	0001a7b3	slt	x15,x3,x0	  x3:0x00000000  x0:0x00000000 x15=0x00000000
       10775000	      1076	800019f8	01c96263	bltu	x18,x28,800019fc	 x18:0x00000009 x28:0xffffff52
       10785000	      1077	00000000	00000013	addi	x0,x0,0	  x0:0x00000000
       10795000	      1078	800019f8	00000013	addi	x0,x0,0	  x0:0x00000000
       10805000	      1079	800019fc	d66de1b7	lui	x3,0xd66de	  x3=0xd66de000
       10815000	      1080	80001a00	00047863	bgeu	x8,x0,80001a10	  x8:0x00000001  x0:0x00000000
       10825000	      1081	00000000	00000013	addi	x0,x0,0	  x0:0x00000000
       10835000	      1082	80001a0c	00000013	addi	x0,x0,0	  x0:0x00000000
       10845000	      1083	80001a10	00dd9e63	bne	x27,x13,80001a2c	 x27:0x80009f2c x13:0x7641c000
       10855000	      1084	00000000	00000013	addi	x0,x0,0	  x0:0x00000000
       10865000	      1085	80001a28	00000013	addi	x0,x0,0	  x0:0x00000000
       10875000	      1086	80001a2c	00ed5e33	srl	x28,x26,x14	 x26:0x0000000b x14:0x7526f751 x28=0x00000000
       10885000	      1087	80001a30	0085c3b3	xor	x7,x11,x8	 x11:0xffffff53  x8:0x00000001  x7=0xffffff52
       10895000	      1088	80001a34	b61cb517	auipc	x10,0xb61cb	 x10=0x361cca30
       10905000	      1089	80001a38	0051de63	bge	x3,x5,80001a54	  x3:0xd66de000  x5:0xcea0bfe0
       10915000	      1090	00000000	00000013	addi	x0,x0,0	  x0:0x00000000
       10925000	      1091	80001a50	00000013	addi	x0,x0,0	  x0:0x00000000
       10935000	      1092	80001a54	f95d2893	slti	x17,x26,-107	 x26:0x0000000b x17=0x00000000
       10945000	      1093	80001a58	01b51463	bne	x10,x27,80001a60	 x10:0x361cca30 x27:0x80009f2c
       10955000	      1094	00000000	00000013	addi	x0,x0,0	  x0:0x00000000
       10965000	      1095	80001a5c	00000013	addi	x0,x0,0	  x0:0x00000000
       10975000	      1096	80001a60	00000013	addi	x0,x0,0	  x0:0x00000000
       10985000	      1097	80001a64	510a8a97	auipc	x21,0x510a8	 x21=0xd10a9a60
       10995000	      1098	80001a68	7052f817	auipc	x16,0x7052f	 x16=0xf0530a64
       11005000	      1099	80001a6c	01336833	or	x16,x6,x19	  x6:0x37800000 x19:0x00000001 x16=0x37800001
       11015000	      1100	80001a70	0481e263	bltu	x3,x8,80001ab4	  x3:0xd66de000  x8:0x00000001
       11025000	      1101	80001a74	04f37263	bgeu	x6,x15,80001ab8	  x6:0x37800000 x15:0x00000000
       11035000	      1102	00000000	00000013	addi	x0,x0,0	  x0:0x00000000
       11045000	      1103	80001ab4	00000013	addi	x0,x0,0	  x0:0x00000000
       11055000	      1104	80001ab8	2b60b013	sltiu	x0,x1,694	  x1:0x00000000
       11065000	      1105	80001abc	016ce233	or	x4,x25,x22	 x25:0x7526f000 x22:0x01600000  x4=0x7566f000
       11075000	      1106	80001ac0	01d747b3	xor	x15,x14,x29	 x14:0x7526f751 x29:0xb0000000 x15=0xc526f751
       11085000	      1107	80001ac4	2b300893	addi	x17,x0,691	  x0:0x00000000 x17=0x000002b3
       11095000	      1108	80001ac8	00fa4663	blt	x20,x15,80001ad4	 x20:0xdf5689dc x15:0xc526f751
       11105000	      1109	80001acc	014ce663	bltu	x25,x20,80001ad8	 x25:0x7526f000 x20:0xdf5689dc
       11115000	      1110	00000000	00000013	addi	x0,x0,0	  x0:0x00000000
       11125000	      1111	80001ad4	00000013	addi	x0,x0,0	  x0:0x00000000
       11135000	      1112	80001ad8	91002f13	slti	x30,x0,-1776	  x0:0x00000000 x30=0x00000000
       11145000	      1113	80001adc	01de4233	xor	x4,x28,x29	 x28:0x00000000 x29:0xb0000000  x4=0xb0000000
       11155000	      1114	80001ae0	02abfe63	bgeu	x23,x10,80001b1c	 x23:0x42f36f19 x10:0x361cca30
       11165000	      1115	00000000	00000013	addi	x0,x0,0	  x0:0x00000000
       11175000	      1116	80001b18	00000013	addi	x0,x0,0	  x0:0x00000000
       11185000	      1117	80001b1c	40481297	auipc	x5,0x40481	  x5=0xc0482b18
       11195000	      1118	80001b20	0034df13	srli	x30,x9,0x3	  x9:0x80009fc4 x30=0x100013f8
       11205000	      1119	80001b24	00fa33b3	sltu	x7,x20,x15	 x20:0xdf5689dc x15:0xc526f751  x7=0x00000000
       11215000	      1120	80001b28	19023893	sltiu	x17,x4,400	  x4:0xb0000000 x17=0x00000000
       11225000	      1121	80001b2c	4028d8b3	sra	x17,x17,x2	 x17:0x00000000  x2:0x7526f000 x17=0x00000000
       11235000	      1122	80001b30	01aa5a13	srli	x20,x20,0x1a	 x20:0xdf5689dc x20=0x00000037
       11245000	      1123	80001b34	4130db93	srai	x23,x1,0x13	  x1:0x00000000 x23=0x00000000
       11255000	      1124	80001b38	419fd893	srai	x17,x31,0x19	 x31:0x00000000 x17=0x00000000
       11265000	      1125	80001b3c	532c0f13	addi	x30,x24,1330	 x24:0x00000000 x30=0x00000532
       11275000	      1126	80001b40	413cdb33	sra	x22,x25,x19	 x25:0x7526f000 x19:0x00000001 x22=0x3a937800
       11285000	      1127	80001b44	000e9f93	slli	x31,x29,0x0	 x29:0xb0000000 x31=0xb0000000
       11295000	      1128	80001b48	d71cba13	sltiu	x20,x25,-655	 x25:0x7526f000 x20=0x00000001
       11305000	      1129	80001b4c	9cc4e693	ori	x13,x9,-1588	  x9:0x80009fc4 x13=0xffffffcc
       11315000	      1130	80001b50	00865863	bge	x12,x8,80001b60	 x12:0x00000000  x8:0x00000001
       11325000	      1131	80001b54	be6e6813	ori	x16,x28,-1050	 x28:0x00000000 x16=0xfffffbe6
       11335000	      1132	80001b58	19c58a93	addi	x21,x11,412	 x11:0xffffff53 x21=0x000000ef
       11345000	      1133	80001b5c	0075da93	srli	x21,x11,0x7	 x11:0xffffff53 x21=0x01fffffe
       11355000	      1134	80001b60	01bb6533	or	x10,x22,x27	 x22:0x3a937800 x27:0x80009f2c x10=0xba93ff2c
       11365000	      1135	80001b64	41a80cb3	sub	x25,x16,x26	 x16:0xfffffbe6 x26:0x0000000b x25=0xfffffbdb
       11375000	      1136	80001b68	011ba6b3	slt	x13,x23,x17	 x23:0x00000000 x17:0x00000000 x13=0x00000000
       11385000	      1137	80001b6c	01368663	beq	x13,x19,80001b78	 x13:0x00000000 x19:0x00000001
       11395000	      1138	80001b70	04cd0263	beq	x26,x12,80001bb4	 x26:0x0000000b x12:0x00000000
       11405000	      1139	80001b74	8310c393	xori	x7,x1,-1999	  x1:0x00000000  x7=0xfffff831
       11415000	      1140	80001b78	016b9813	slli	x16,x23,0x16	 x23:0x00000000 x16=0x00000000
       11425000	      1141	80001b7c	d6b28a13	addi	x20,x5,-661	  x5:0xc0482b18 x20=0xc0482883
       11435000	      1142	80001b80	07dc4613	xori	x12,x24,125	 x24:0x00000000 x12=0x0000007d
       11445000	      1143	80001b84	016c11b3	sll	x3,x24,x22	 x24:0x00000000 x22:0x3a937800  x3=0x00000000
       11455000	      1144	80001b88	92d26193	ori	x3,x4,-1747	  x4:0xb0000000  x3=0xfffff92d
       11465000	      1145	80001b8c	014d5f13	srli	x30,x26,0x14	 x26:0x0000000b x30=0x00000000
       11475000	      1146	80001b90	19f9fa93	andi	x21,x19,415	 x19:0x00000001 x21=0x00000001
       11485000	      1147	80001b94	00af1a93	slli	x21,x30,0xa	 x30:0x00000000 x21=0x00000000
       11495000	      1148	80001b98	f73c2513	slti	x10,x24,-141	 x24:0x00000000 x10=0x00000000
       11505000	      1149	80001b9c	0ac2ed17	auipc	x26,0xac2e	 x26=0x8ac2fb98
       11515000	      1150	80001ba0	4108d993	srai	x19,x17,0x10	 x17:0x00000000 x19=0x00000000
       11525000	      1151	80001ba4	0052c663	blt	x5,x5,80001bb0	  x5:0xc0482b18  x5:0xc0482b18
       11535000	      1152	80001ba8	009c8cb3	add	x25,x25,x9	 x25:0xfffffbdb  x9:0x80009fc4 x25=0x80009b9f
       11545000	      1153	80001bac	01d97e63	bgeu	x18,x29,80001bc8	 x18:0x00000009 x29:0xb0000000
       11555000	      1154	80001bb0	0016bd33	sltu	x26,x13,x1	 x13:0x00000000  x1:0x00000000 x26=0x00000000
       11565000	      1155	80001bb4	00fae3b3	or	x7,x21,x15	 x21:0x00000000 x15:0xc526f751  x7=0xc526f751
       11575000	      1156	80001bb8	0191d263	bge	x3,x25,80001bbc	  x3:0xfffff92d x25:0x80009b9f
       11585000	      1157	00000000	00000013	addi	x0,x0,0	  x0:0x00000000
       11595000	      1158	80001bb8	00000013	addi	x0,x0,0	  x0:0x00000000
       11605000	      1159	80001bbc	0147f7b3	and	x15,x15,x20	 x15:0xc526f751 x20:0xc0482883 x15=0xc0002001
       11615000	      1160	80001bc0	0126a9b3	slt	x19,x13,x18	 x13:0x00000000 x18:0x00000009 x19=0x00000001
       11625000	      1161	80001bc4	fad5a013	slti	x0,x11,-83	 x11:0xffffff53
       11635000	      1162	80001bc8	01c2e663	bltu	x5,x28,80001bd4	  x5:0xc0482b18 x28:0x00000000
       11645000	      1163	80001bcc	1ccda093	slti	x1,x27,460	 x27:0x80009f2c  x1=0x00000001
       11655000	      1164	80001bd0	041f0863	beq	x30,x1,80001c20	 x30:0x00000000  x1:0x00000001
       11665000	      1165	80001bd4	0300de63	bge	x1,x16,80001c10	  x1:0x00000001 x16:0x00000000
       11675000	      1166	00000000	00000013	addi	x0,x0,0	  x0:0x00000000
       11685000	      1167	80001c0c	00000013	addi	x0,x0,0	  x0:0x00000000
       11695000	      1168	80001c10	02435e63	bge	x6,x4,80001c4c	  x6:0x37800000  x4:0xb0000000
       11705000	      1169	00000000	00000013	addi	x0,x0,0	  x0:0x00000000
       11715000	      1170	80001c48	00000013	addi	x0,x0,0	  x0:0x00000000
       11725000	      1171	80001c4c	02c10e63	beq	x2,x12,80001c88	  x2:0x7526f000 x12:0x0000007d
       11735000	      1172	80001c50	004dbeb3	sltu	x29,x27,x4	 x27:0x80009f2c  x4:0xb0000000 x29=0x00000001
       11745000	      1173	80001c54	01f64633	xor	x12,x12,x31	 x12:0x0000007d x31:0xb0000000 x12=0xb000007d
       11755000	      1174	80001c58	0105dab3	srl	x21,x11,x16	 x11:0xffffff53 x16:0x00000000 x21=0xffffff53
       11765000	      1175	80001c5c	cc0d4f93	xori	x31,x26,-832	 x26:0x00000000 x31=0xfffffcc0
       11775000	      1176	80001c60	05335263	bge	x6,x19,80001ca4	  x6:0x37800000 x19:0x00000001
       11785000	      1177	00000000	00000013	addi	x0,x0,0	  x0:0x00000000
       11795000	      1178	80001ca0	00000013	addi	x0,x0,0	  x0:0x00000000
       11805000	      1179	80001ca4	0049dd33	srl	x26,x19,x4	 x19:0x00000001  x4:0xb0000000 x26=0x00000001
       11815000	      1180	80001ca8	0122d1b3	srl	x3,x5,x18	  x5:0xc0482b18 x18:0x00000009  x3=0x00602415
       11825000	      1181	80001cac	01888633	add	x12,x17,x24	 x17:0x00000000 x24:0x00000000 x12=0x00000000
       11835000	      1182	80001cb0	2e866413	ori	x8,x12,744	 x12:0x00000000  x8=0x000002e8
       11845000	      1183	80001cb4	0175b0b3	sltu	x1,x11,x23	 x11:0xffffff53 x23:0x00000000  x1=0x00000000
       11855000	      1184	80001cb8	031fd063	bge	x31,x17,80001cd8	 x31:0xfffffcc0 x17:0x00000000
       11865000	      1185	80001cbc	01f1c633	xor	x12,x3,x31	  x3:0x00602415 x31:0xfffffcc0 x12=0xff9fd8d5
       11875000	      1186	80001cc0	01c583b3	add	x7,x11,x28	 x11:0xffffff53 x28:0x00000000  x7=0xffffff53
       11885000	      1187	80001cc4	50846013	ori	x0,x8,1288	  x8:0x000002e8
       11895000	      1188	80001cc8	416580b3	sub	x1,x11,x22	 x11:0xffffff53 x22:0x3a937800  x1=0xc56c8753
       11905000	      1189	80001ccc	00215193	srli	x3,x2,0x2	  x2:0x7526f000  x3=0x1d49bc00
       11915000	      1190	80001cd0	01bb4333	xor	x6,x22,x27	 x22:0x3a937800 x27:0x80009f2c  x6=0xba93e72c
       11925000	      1191	80001cd4	00bc8833	add	x16,x25,x11	 x25:0x80009b9f x11:0xffffff53 x16=0x80009af2
       11935000	      1192	80001cd8	73dea993	slti	x19,x29,1853	 x29:0x00000001 x19=0x00000001
       11945000	      1193	80001cdc	00000013	addi	x0,x0,0	  x0:0x00000000
       11955000	      1194	80001ce0	eb647a13	andi	x20,x8,-330	  x8:0x000002e8 x20=0x000002a0
       11965000	      1195	80001ce4	018f9e33	sll	x28,x31,x24	 x31:0xfffffcc0 x24:0x00000000 x28=0xfffffcc0
       11975000	      1196	80001ce8	ed0a2f93	slti	x31,x20,-304	 x20:0x000002a0 x31=0x00000000
       11985000	      1197	80001cec	47b6f293	andi	x5,x13,1147	 x13:0x00000000  x5=0x00000000
       11995000	      1198	80001cf0	6941ea13	ori	x20,x3,1684	  x3:0x1d49bc00 x20=0x1d49be94
       12005000	      1199	80001cf4	01b29013	slli	x0,x5,0x1b	  x5:0x00000000
       12015000	      1200	80001cf8	40105813	srai	x16,x0,0x1	  x0:0x00000000 x16=0x00000000
       12025000	      1201	80001cfc	01bcce63	blt	x25,x27,80001d18	 x25:0x80009b9f x27:0x80009f2c
       12035000	      1202	00000000	00000013	addi	x0,x0,0	  x0:0x00000000
       12045000	      1203	80001d14	00000013	addi	x0,x0,0	  x0:0x00000000
       12055000	      1204	80001d18	e243ea13	ori	x20,x7,-476	  x7:0xffffff53 x20=0xffffff77
       12065000	      1205	80001d1c	05b55863	bge	x10,x27,80001d6c	 x10:0x00000000 x27:0x80009f2c
       12075000	      1206	00000000	00000013	addi	x0,x0,0	  x0:0x00000000
       12085000	      1207	80001d68	00000013	addi	x0,x0,0	  x0:0x00000000
       12095000	      1208	80001d6c	5e0eefb7	lui	x31,0x5e0ee	 x31=0x5e0ee000
       12105000	      1209	80001d70	01b67263	bgeu	x12,x27,80001d74	 x12:0xff9fd8d5 x27:0x80009f2c
       12115000	      1210	00000000	00000013	addi	x0,x0,0	  x0:0x00000000
       12125000	      1211	80001d70	00000013	addi	x0,x0,0	  x0:0x00000000
       12135000	      1212	80001d74	5194fd37	lui	x26,0x5194f	 x26=0x5194f000
       12145000	      1213	80001d78	027ca413	slti	x8,x25,39	 x25:0x80009b9f  x8=0x00000001
       12155000	      1214	80001d7c	0008fbb3	and	x23,x17,x0	 x17:0x00000000  x0:0x00000000 x23=0x00000000
       12165000	      1215	80001d80	70837e93	andi	x29,x6,1800	  x6:0xba93e72c x29=0x00000708
       12175000	      1216	80001d84	01c5ab33	slt	x22,x11,x28	 x11:0xffffff53 x28:0xfffffcc0 x22=0x00000000
       12185000	      1217	80001d88	01234cb3	xor	x25,x6,x18	  x6:0xba93e72c x18:0x00000009 x25=0xba93e725
       12195000	      1218	80001d8c	3d62b813	sltiu	x16,x5,982	  x5:0x00000000 x16=0x00000001
       12205000	      1219	80001d90	0199d9b3	srl	x19,x19,x25	 x19:0x00000001 x25:0xba93e725 x19=0x00000000
       12215000	      1220	80001d94	41538bb3	sub	x23,x7,x21	  x7:0xffffff53 x21:0xffffff53 x23=0x00000000
       12225000	      1221	80001d98	013f7e63	bgeu	x30,x19,80001db4	 x30:0x00000000 x19:0x00000000
       12235000	      1222	00000000	00000013	addi	x0,x0,0	  x0:0x00000000
       12245000	      1223	80001db0	00000013	addi	x0,x0,0	  x0:0x00000000
       12255000	      1224	80001db4	05dae263	bltu	x21,x29,80001df8	 x21:0xffffff53 x29:0x00000708
       12265000	      1225	80001db8	d51dee93	ori	x29,x27,-687	 x27:0x80009f2c x29=0xffffff7d
       12275000	      1226	80001dbc	0034d693	srli	x13,x9,0x3	  x9:0x80009fc4 x13=0x100013f8
       12285000	      1227	80001dc0	0105beb3	sltu	x29,x11,x16	 x11:0xffffff53 x16:0x00000001 x29=0x00000000
       12295000	      1228	80001dc4	c0e77293	andi	x5,x14,-1010	 x14:0x7526f751  x5=0x7526f400
       12305000	      1229	80001dc8	004f9463	bne	x31,x4,80001dd0	 x31:0x5e0ee000  x4:0xb0000000
       12315000	      1230	00000000	00000013	addi	x0,x0,0	  x0:0x00000000
       12325000	      1231	80001dcc	00000013	addi	x0,x0,0	  x0:0x00000000
       12335000	      1232	80001dd0	016fe663	bltu	x31,x22,80001ddc	 x31:0x5e0ee000 x22:0x00000000
       12345000	      1233	80001dd4	05799063	bne	x19,x23,80001e14	 x19:0x00000000 x23:0x00000000
       12355000	      1234	80001dd8	410e0a33	sub	x20,x28,x16	 x28:0xfffffcc0 x16:0x00000001 x20=0xfffffcbf
       12365000	      1235	80001ddc	004aeb33	or	x22,x21,x4	 x21:0xffffff53  x4:0xb0000000 x22=0xffffff53
       12375000	      1236	80001de0	008d8e63	beq	x27,x8,80001dfc	 x27:0x80009f2c  x8:0x00000001
       12385000	      1237	80001de4	415388b3	sub	x17,x7,x21	  x7:0xffffff53 x21:0xffffff53 x17=0x00000000
       12395000	      1238	80001de8	00f85663	bge	x16,x15,80001df4	 x16:0x00000001 x15:0xc0002001
       12405000	      1239	00000000	00000013	addi	x0,x0,0	  x0:0x00000000
       12415000	      1240	80001df0	00000013	addi	x0,x0,0	  x0:0x00000000
       12425000	      1241	80001df4	1df90437	lui	x8,0x1df90	  x8=0x1df90000
       12435000	      1242	80001df8	40908433	sub	x8,x1,x9	  x1:0xc56c8753  x9:0x80009fc4  x8=0x456be78f
       12445000	      1243	80001dfc	00b52d33	slt	x26,x10,x11	 x10:0x00000000 x11:0xffffff53 x26=0x00000000
       12455000	      1244	80001e00	01709463	bne	x1,x23,80001e08	  x1:0xc56c8753 x23:0x00000000
       12465000	      1245	00000000	00000013	addi	x0,x0,0	  x0:0x00000000
       12475000	      1246	80001e04	00000013	addi	x0,x0,0	  x0:0x00000000
       12485000	      1247	80001e08	00b43ab3	sltu	x21,x8,x11	  x8:0x456be78f x11:0xffffff53 x21=0x00000001
       12495000	      1248	80001e0c	655b23b7	lui	x7,0x655b2	  x7=0x655b2000
       12505000	      1249	80001e10	c2a6b593	sltiu	x11,x13,-982	 x13:0x100013f8 x11=0x00000001
       12515000	      1250	80001e14	00000013	addi	x0,x0,0	  x0:0x00000000
       12525000	      1251	80001e18	00980863	beq	x16,x9,80001e28	 x16:0x00000001  x9:0x80009fc4
       12535000	      1252	80001e1c	00000013	addi	x0,x0,0	  x0:0x00000000
       12545000	      1253	80001e20	0122e663	bltu	x5,x18,80001e2c	  x5:0x7526f400 x18:0x00000009
       12555000	      1254	80001e24	005387b3	add	x15,x7,x5	  x7:0x655b2000  x5:0x7526f400 x15=0xda821400
       12565000	      1255	80001e28	40465fb3	sra	x31,x12,x4	 x12:0xff9fd8d5  x4:0xb0000000 x31=0xff9fd8d5
       12575000	      1256	80001e2c	00749b33	sll	x22,x9,x7	  x9:0x80009fc4  x7:0x655b2000 x22=0x80009fc4
       12585000	      1257	80001e30	01a75693	srli	x13,x14,0x1a	 x14:0x7526f751 x13=0x0000001d
       12595000	      1258	80001e34	ffe5aa93	slti	x21,x11,-2	 x11:0x00000001 x21=0x00000000
       12605000	      1259	80001e38	e499b693	sltiu	x13,x19,-439	 x19:0x00000000 x13=0x00000001
       12615000	      1260	80001e3c	12e58e93	addi	x29,x11,302	 x11:0x00000001 x29=0x0000012f
       12625000	      1261	80001e40	525ca693	slti	x13,x25,1317	 x25:0xba93e725 x13=0x00000001
       12635000	      1262	80001e44	035a0e63	beq	x20,x21,80001e80	 x20:0xfffffcbf x21:0x00000000
       12645000	      1263	80001e48	01798533	add	x10,x19,x23	 x19:0x00000000 x23:0x00000000 x10=0x00000000
       12655000	      1264	80001e4c	008c4733	xor	x14,x24,x8	 x24:0x00000000  x8:0x456be78f x14=0x456be78f
       12665000	      1265	80001e50	018072b3	and	x5,x0,x24	  x0:0x00000000 x24:0x00000000  x5=0x00000000
       12675000	      1266	80001e54	016c9ab3	sll	x21,x25,x22	 x25:0xba93e725 x22:0x80009fc4 x21=0xa93e7250
       12685000	      1267	80001e58	3b1d4693	xori	x13,x26,945	 x26:0x00000000 x13=0x000003b1
       12695000	      1268	80001e5c	01dede63	bge	x29,x29,80001e78	 x29:0x0000012f x29:0x0000012f
       12705000	      1269	00000000	00000013	addi	x0,x0,0	  x0:0x00000000
       12715000	      1270	80001e74	00000013	addi	x0,x0,0	  x0:0x00000000
       12725000	      1271	80001e78	cce0ae13	slti	x28,x1,-818	  x1:0xc56c8753 x28=0x00000001
       12735000	      1272	80001e7c	e055b593	sltiu	x11,x11,-507	 x11:0x00000001 x11=0x00000001
       12745000	      1273	80001e80	00000013	addi	x0,x0,0	  x0:0x00000000
       12755000	      1274	80001e84	004bc863	blt	x23,x4,80001e94	 x23:0x00000000  x4:0xb0000000
       12765000	      1275	80001e88	00325263	bge	x4,x3,80001e8c	  x4:0xb0000000  x3:0x1d49bc00
       12775000	      1276	80001e8c	01b01113	slli	x2,x0,0x1b	  x0:0x00000000  x2=0x00000000
       12785000	      1277	80001e90	40edd1b3	sra	x3,x27,x14	 x27:0x80009f2c x14:0x456be78f  x3=0xffff0001
       12795000	      1278	80001e94	401952b3	sra	x5,x18,x1	 x18:0x00000009  x1:0xc56c8753  x5=0x00000000
       12805000	      1279	80001e98	9f584113	xori	x2,x16,-1547	 x16:0x00000001  x2=0xfffff9f4
       12815000	      1280	80001e9c	cfac3e17	auipc	x28,0xcfac3	 x28=0x4fac4e98
       12825000	      1281	80001ea0	37be3993	sltiu	x19,x28,891	 x28:0x4fac4e98 x19=0x00000000
       12835000	      1282	80001ea4	41ae5bb3	sra	x23,x28,x26	 x28:0x4fac4e98 x26:0x00000000 x23=0x4fac4e98
       12845000	      1283	80001ea8	7e09f813	andi	x16,x19,2016	 x19:0x00000000 x16=0x00000000
       12855000	      1284	80001eac	00700a93	addi	x21,x0,7	  x0:0x00000000 x21=0x00000007
       12865000	      1285	80001eb0	01a147b3	xor	x15,x2,x26	  x2:0xfffff9f4 x26:0x00000000 x15=0xfffff9f4
       12875000	      1286	80001eb4	ffd00993	addi	x19,x0,-3	  x0:0x00000000 x19=0xfffffffd
       12885000	      1287	80001eb8	4054d8b3	sra	x17,x9,x5	  x9:0x80009fc4  x5:0x00000000 x17=0x80009fc4
       12895000	      1288	80001ebc	de574793	xori	x15,x14,-539	 x14:0x456be78f x15=0xba941a6a
       12905000	      1289	80001ec0	a5a72513	slti	x10,x14,-1446	 x14:0x456be78f x10=0x00000000
       12915000	      1290	80001ec4	00000013	addi	x0,x0,0	  x0:0x00000000
       12925000	      1291	80001ec8	00000013	addi	x0,x0,0	  x0:0x00000000
       12935000	      1292	80001ecc	00b79f93	slli	x31,x15,0xb	 x15:0xba941a6a x31=0xa0d35000
       12945000	      1293	80001ed0	406f5133	sra	x2,x30,x6	 x30:0x00000000  x6:0xba93e72c  x2=0x00000000
       12955000	      1294	80001ed4	7f8fb413	sltiu	x8,x31,2040	 x31:0xa0d35000  x8=0x00000000
       12965000	      1295	80001ed8	c623b117	auipc	x2,0xc623b	  x2=0x4623ced4
       12975000	      1296	80001edc	00285c13	srli	x24,x16,0x2	 x16:0x00000000 x24=0x00000000
       12985000	      1297	80001ee0	015b9fb3	sll	x31,x23,x21	 x23:0x4fac4e98 x21:0x00000007 x31=0xd6274c00
       12995000	      1298	80001ee4	cdae4c93	xori	x25,x28,-806	 x28:0x4fac4e98 x25=0xb053b242
       13005000	      1299	80001ee8	ff8a8a93	addi	x21,x21,-8	 x21:0x00000007 x21=0xffffffff
       13015000	      1300	80001eec	4235bf13	sltiu	x30,x11,1059	 x11:0x00000001 x30=0x00000001
       13025000	      1301	80001ef0	01e58fb3	add	x31,x11,x30	 x11:0x00000001 x30:0x00000001 x31=0x00000002
       13035000	      1302	80001ef4	c0afab13	slti	x22,x31,-1014	 x31:0x00000002 x22=0x00000000
       13045000	      1303	80001ef8	ff3ad6e3	bge	x21,x19,80001ee4	 x21:0xffffffff x19:0xfffffffd
       13055000	      1304	00000000	00000013	addi	x0,x0,0	  x0:0x00000000
       13065000	      1305	80001ee0	00000013	addi	x0,x0,0	  x0:0x00000000
       13075000	      1306	80001ee4	cdae4c93	xori	x25,x28,-806	 x28:0x4fac4e98 x25=0xb053b242
       13085000	      1307	80001ee8	ff8a8a93	addi	x21,x21,-8	 x21:0xffffffff x21=0xfffffff7
       13095000	      1308	80001eec	4235bf13	sltiu	x30,x11,1059	 x11:0x00000001 x30=0x00000001
       13105000	      1309	80001ef0	01e58fb3	add	x31,x11,x30	 x11:0x00000001 x30:0x00000001 x31=0x00000002
       13115000	      1310	80001ef4	c0afab13	slti	x22,x31,-1014	 x31:0x00000002 x22=0x00000000
       13125000	      1311	80001ef8	ff3ad6e3	bge	x21,x19,80001ee4	 x21:0xfffffff7 x19:0xfffffffd
       13135000	      1312	80001efc	0065e633	or	x12,x11,x6	 x11:0x00000001  x6:0xba93e72c x12=0xba93e72d
       13145000	      1313	80001f00	01a93f33	sltu	x30,x18,x26	 x18:0x00000009 x26:0x00000000 x30=0x00000000
       13155000	      1314	80001f04	01a2bbb3	sltu	x23,x5,x26	  x5:0x00000000 x26:0x00000000 x23=0x00000000
       13165000	      1315	80001f08	0006b833	sltu	x16,x13,x0	 x13:0x000003b1  x0:0x00000000 x16=0x00000000
       13175000	      1316	80001f0c	013d67b3	or	x15,x26,x19	 x26:0x00000000 x19:0xfffffffd x15=0xfffffffd
       13185000	      1317	80001f10	00aca033	slt	x0,x25,x10	 x25:0xb053b242 x10:0x00000000
       13195000	      1318	80001f14	0066ca33	xor	x20,x13,x6	 x13:0x000003b1  x6:0xba93e72c x20=0xba93e49d
       13205000	      1319	80001f18	6f483a13	sltiu	x20,x16,1780	 x16:0x00000000 x20=0x00000001
       13215000	      1320	80001f1c	00d10663	beq	x2,x13,80001f28	  x2:0x4623ced4 x13:0x000003b1
       13225000	      1321	80001f20	43164b13	xori	x22,x12,1073	 x12:0xba93e72d x22=0xba93e31c
       13235000	      1322	80001f24	00ccecb3	or	x25,x25,x12	 x25:0xb053b242 x12:0xba93e72d x25=0xbad3f76f
       13245000	      1323	80001f28	004100b3	add	x1,x2,x4	  x2:0x4623ced4  x4:0xb0000000  x1=0xf623ced4
       13255000	      1324	80001f2c	00443ab3	sltu	x21,x8,x4	  x8:0x00000000  x4:0xb0000000 x21=0x00000001
       13265000	      1325	80001f30	0218f063	bgeu	x17,x1,80001f50	 x17:0x80009fc4  x1:0xf623ced4
       13275000	      1326	80001f34	e9392713	slti	x14,x18,-365	 x18:0x00000009 x14=0x00000000
       13285000	      1327	80001f38	00e49c33	sll	x24,x9,x14	  x9:0x80009fc4 x14:0x00000000 x24=0x80009fc4
       13295000	      1328	80001f3c	05996863	bltu	x18,x25,80001f8c	 x18:0x00000009 x25:0xbad3f76f
       13305000	      1329	00000000	00000013	addi	x0,x0,0	  x0:0x00000000
       13315000	      1330	80001f88	00000013	addi	x0,x0,0	  x0:0x00000000
       13325000	      1331	80001f8c	0041f233	and	x4,x3,x4	  x3:0xffff0001  x4:0xb0000000  x4=0xb0000000
       13335000	      1332	80001f90	41ebdd13	srai	x26,x23,0x1e	 x23:0x00000000 x26=0x00000000
       13345000	      1333	80001f94	0271d663	bge	x3,x7,80001fc0	  x3:0xffff0001  x7:0x655b2000
       13355000	      1334	80001f98	022bfc63	bgeu	x23,x2,80001fd0	 x23:0x00000000  x2:0x4623ced4
       13365000	      1335	80001f9c	416e5113	srai	x2,x28,0x16	 x28:0x4fac4e98  x2=0x0000013e
       13375000	      1336	80001fa0	01cf1593	slli	x11,x30,0x1c	 x30:0x00000000 x11=0x00000000
       13385000	      1337	80001fa4	40bf5533	sra	x10,x30,x11	 x30:0x00000000 x11:0x00000000 x10=0x00000000
       13395000	      1338	80001fa8	091bf8b7	lui	x17,0x91bf	 x17=0x091bf000
       13405000	      1339	80001fac	019ce6b3	or	x13,x25,x25	 x25:0xbad3f76f x25:0xbad3f76f x13=0xbad3f76f
       13415000	      1340	80001fb0	00290e33	add	x28,x18,x2	 x18:0x00000009  x2:0x0000013e x28=0x00000147
       13425000	      1341	80001fb4	e3602837	lui	x16,0xe3602	 x16=0xe3602000
       13435000	      1342	80001fb8	00cb3533	sltu	x10,x22,x12	 x22:0xba93e31c x12:0xba93e72d x10=0x00000001
       13445000	      1343	80001fbc	0010eab3	or	x21,x1,x1	  x1:0xf623ced4  x1:0xf623ced4 x21=0xf623ced4
       13455000	      1344	80001fc0	9821b193	sltiu	x3,x3,-1662	  x3:0xffff0001  x3=0x00000001
       13465000	      1345	80001fc4	044cf263	bgeu	x25,x4,80002008	 x25:0xbad3f76f  x4:0xb0000000
       13475000	      1346	00000000	00000013	addi	x0,x0,0	  x0:0x00000000
       13485000	      1347	80002004	00000013	addi	x0,x0,0	  x0:0x00000000
       13495000	      1348	80002008	9ac8a013	slti	x0,x17,-1620	 x17:0x091bf000
       13505000	      1349	8000200c	00000013	addi	x0,x0,0	  x0:0x00000000
       13515000	      1350	80002010	01935533	srl	x10,x6,x25	  x6:0xba93e72c x25:0xbad3f76f x10=0x00017527
       13525000	      1351	80002014	04b87263	bgeu	x16,x11,80002058	 x16:0xe3602000 x11:0x00000000
       13535000	      1352	00000000	00000013	addi	x0,x0,0	  x0:0x00000000
       13545000	      1353	80002054	00000013	addi	x0,x0,0	  x0:0x00000000
       13555000	      1354	80002058	40b25b93	srai	x23,x4,0xb	  x4:0xb0000000 x23=0xfff60000
       13565000	      1355	8000205c	00000013	addi	x0,x0,0	  x0:0x00000000
       13575000	      1356	80002060	dcd98193	addi	x3,x19,-563	 x19:0xfffffffd  x3=0xfffffdca
       13585000	      1357	80002064	4023dc33	sra	x24,x7,x2	  x7:0x655b2000  x2:0x0000013e x24=0x00000001
       13595000	      1358	80002068	01158033	add	x0,x11,x17	 x11:0x00000000 x17:0x091bf000
       13605000	      1359	8000206c	6b572093	slti	x1,x14,1717	 x14:0x00000000  x1=0x00000001
       13615000	      1360	80002070	011c05b3	add	x11,x24,x17	 x24:0x00000001 x17:0x091bf000 x11=0x091bf001
       13625000	      1361	80002074	02b80463	beq	x16,x11,8000209c	 x16:0xe3602000 x11:0x091bf001
       13635000	      1362	80002078	03b9c463	blt	x19,x27,800020a0	 x19:0xfffffffd x27:0x80009f2c
       13645000	      1363	8000207c	095c4b93	xori	x23,x24,149	 x24:0x00000001 x23=0x00000094
       13655000	      1364	80002080	40745213	srai	x4,x8,0x7	  x8:0x00000000  x4=0x00000000
       13665000	      1365	80002084	019439b3	sltu	x19,x8,x25	  x8:0x00000000 x25:0xbad3f76f x19=0x00000001
       13675000	      1366	80002088	37864f13	xori	x30,x12,888	 x12:0xba93e72d x30=0xba93e455
       13685000	      1367	8000208c	9b9b6993	ori	x19,x22,-1607	 x22:0xba93e31c x19=0xfffffbbd
       13695000	      1368	80002090	00000013	addi	x0,x0,0	  x0:0x00000000
       13705000	      1369	80002094	01c94663	blt	x18,x28,800020a0	 x18:0x00000009 x28:0x00000147
       13715000	      1370	00000000	00000013	addi	x0,x0,0	  x0:0x00000000
       13725000	      1371	8000209c	00000013	addi	x0,x0,0	  x0:0x00000000
       13735000	      1372	800020a0	86dd2793	slti	x15,x26,-1939	 x26:0x00000000 x15=0x00000000
       13745000	      1373	800020a4	273ac517	auipc	x10,0x273ac	 x10=0xa73ae0a0
       13755000	      1374	800020a8	000255b3	srl	x11,x4,x0	  x4:0x00000000  x0:0x00000000 x11=0x00000000
       13765000	      1375	800020ac	05206063	bltu	x0,x18,800020ec	  x0:0x00000000 x18:0x00000009
       13775000	      1376	00000000	00000013	addi	x0,x0,0	  x0:0x00000000
       13785000	      1377	800020e8	00000013	addi	x0,x0,0	  x0:0x00000000
       13795000	      1378	800020ec	007ba333	slt	x6,x23,x7	 x23:0x00000094  x7:0x655b2000  x6=0x00000001
       13805000	      1379	800020f0	f557a293	slti	x5,x15,-171	 x15:0x00000000  x5=0x00000000
       13815000	      1380	800020f4	0073f3b3	and	x7,x7,x7	  x7:0x655b2000  x7:0x655b2000  x7=0x655b2000
       13825000	      1381	800020f8	0125e663	bltu	x11,x18,80002104	 x11:0x00000000 x18:0x00000009
       13835000	      1382	00000000	00000013	addi	x0,x0,0	  x0:0x00000000
       13845000	      1383	80002100	00000013	addi	x0,x0,0	  x0:0x00000000
       13855000	      1384	80002104	000b8eb3	add	x29,x23,x0	 x23:0x00000094  x0:0x00000000 x29=0x00000094
       13865000	      1385	80002108	00029693	slli	x13,x5,0x0	  x5:0x00000000 x13=0x00000000
       13875000	      1386	8000210c	00cb8663	beq	x23,x12,80002118	 x23:0x00000094 x12:0xba93e72d
       13885000	      1387	80002110	00d19f93	slli	x31,x3,0xd	  x3:0xfffffdca x31=0xffb94000
       13895000	      1388	80002114	01ae1093	slli	x1,x28,0x1a	 x28:0x00000147  x1=0x1c000000
       13905000	      1389	80002118	01deda33	srl	x20,x29,x29	 x29:0x00000094 x29:0x00000094 x20=0x00000000
       13915000	      1390	8000211c	012c7cb3	and	x25,x24,x18	 x24:0x00000001 x18:0x00000009 x25=0x00000001
       13925000	      1391	80002120	01c259b3	srl	x19,x4,x28	  x4:0x00000000 x28:0x00000147 x19=0x00000000
       13935000	      1392	80002124	02e5fc63	bgeu	x11,x14,8000215c	 x11:0x00000000 x14:0x00000000
       13945000	      1393	00000000	00000013	addi	x0,x0,0	  x0:0x00000000
       13955000	      1394	80002158	00000013	addi	x0,x0,0	  x0:0x00000000
       13965000	      1395	8000215c	93568f93	addi	x31,x13,-1739	 x13:0x00000000 x31=0xfffff935
       13975000	      1396	80002160	000ba733	slt	x14,x23,x0	 x23:0x00000094  x0:0x00000000 x14=0x00000000
       13985000	      1397	80002164	416bd033	sra	x0,x23,x22	 x23:0x00000094 x22:0xba93e31c
       13995000	      1398	80002168	01b29533	sll	x10,x5,x27	  x5:0x00000000 x27:0x80009f2c x10=0x00000000
       14005000	      1399	8000216c	01f31533	sll	x10,x6,x31	  x6:0x00000001 x31:0xfffff935 x10=0x00200000
       14015000	      1400	80002170	93338e97	auipc	x29,0x93338	 x29=0x1333a16c
       14025000	      1401	80002174	673afb37	lui	x22,0x673af	 x22=0x673af000
       14035000	      1402	80002178	1c387c13	andi	x24,x16,451	 x16:0xe3602000 x24=0x00000000
       14045000	      1403	8000217c	01af86b3	add	x13,x31,x26	 x31:0xfffff935 x26:0x00000000 x13=0xfffff935
       14055000	      1404	80002180	41418ab3	sub	x21,x3,x20	  x3:0xfffffdca x20:0x00000000 x21=0xfffffdca
       14065000	      1405	80002184	00e49413	slli	x8,x9,0xe	  x9:0x80009fc4  x8=0x27f10000
       14075000	      1406	80002188	01816333	or	x6,x2,x24	  x2:0x0000013e x24:0x00000000  x6=0x0000013e
       14085000	      1407	8000218c	01947663	bgeu	x8,x25,80002198	  x8:0x27f10000 x25:0x00000001
       14095000	      1408	00000000	00000013	addi	x0,x0,0	  x0:0x00000000
       14105000	      1409	80002194	00000013	addi	x0,x0,0	  x0:0x00000000
       14115000	      1410	80002198	015dd333	srl	x6,x27,x21	 x27:0x80009f2c x21:0xfffffdca  x6=0x00200027
       14125000	      1411	8000219c	6bcc6513	ori	x10,x24,1724	 x24:0x00000000 x10=0x000006bc
       14135000	      1412	800021a0	01d17463	bgeu	x2,x29,800021a8	  x2:0x0000013e x29:0x1333a16c
       14145000	      1413	800021a4	abf74b37	lui	x22,0xabf74	 x22=0xabf74000
       14155000	      1414	800021a8	044dd863	bge	x27,x4,800021f8	 x27:0x80009f2c  x4:0x00000000
       14165000	      1415	800021ac	56ed8813	addi	x16,x27,1390	 x27:0x80009f2c x16=0x8000a49a
       14175000	      1416	800021b0	057ce863	bltu	x25,x23,80002200	 x25:0x00000001 x23:0x00000094
       14185000	      1417	00000000	00000013	addi	x0,x0,0	  x0:0x00000000
       14195000	      1418	800021fc	00000013	addi	x0,x0,0	  x0:0x00000000
       14205000	      1419	80002200	019d9a63	bne	x27,x25,80002214	 x27:0x80009f2c x25:0x00000001
       14215000	      1420	00000000	00000013	addi	x0,x0,0	  x0:0x00000000
       14225000	      1421	80002210	00000013	addi	x0,x0,0	  x0:0x00000000
       14235000	      1422	80002214	c9056013	ori	x0,x10,-880	 x10:0x000006bc
       14245000	      1423	80002218	418800b3	sub	x1,x16,x24	 x16:0x8000a49a x24:0x00000000  x1=0x8000a49a
       14255000	      1424	8000221c	01ada993	slti	x19,x27,26	 x27:0x80009f2c x19=0x00000001
       14265000	      1425	80002220	04fee263	bltu	x29,x15,80002264	 x29:0x1333a16c x15:0x00000000
       14275000	      1426	80002224	01b0d733	srl	x14,x1,x27	  x1:0x8000a49a x27:0x80009f2c x14=0x0008000a
       14285000	      1427	80002228	3c5a9637	lui	x12,0x3c5a9	 x12=0x3c5a9000
       14295000	      1428	8000222c	6d3c0713	addi	x14,x24,1747	 x24:0x00000000 x14=0x000006d3
       14305000	      1429	80002230	00bc8663	beq	x25,x11,8000223c	 x25:0x00000001 x11:0x00000000
       14315000	      1430	80002234	0161e1b3	or	x3,x3,x22	  x3:0xfffffdca x22:0xabf74000  x3=0xfffffdca
       14325000	      1431	80002238	0144e333	or	x6,x9,x20	  x9:0x80009fc4 x20:0x00000000  x6=0x80009fc4
       14335000	      1432	8000223c	0048d133	srl	x2,x17,x4	 x17:0x091bf000  x4:0x00000000  x2=0x091bf000
       14345000	      1433	80002240	018c36b3	sltu	x13,x24,x24	 x24:0x00000000 x24:0x00000000 x13=0x00000000
       14355000	      1434	80002244	01f0d263	bge	x1,x31,80002248	  x1:0x8000a49a x31:0xfffff935
       14365000	      1435	80002248	0179dc13	srli	x24,x19,0x17	 x19:0x00000001 x24=0x00000000
       14375000	      1436	8000224c	71044213	xori	x4,x8,1808	  x8:0x27f10000  x4=0x27f10710
       14385000	      1437	80002250	89e42b93	slti	x23,x8,-1890	  x8:0x27f10000 x23=0x00000000
       14395000	      1438	80002254	34496713	ori	x14,x18,836	 x18:0x00000009 x14=0x0000034d
       14405000	      1439	80002258	2dbfb713	sltiu	x14,x31,731	 x31:0xfffff935 x14=0x00000000
       14415000	      1440	8000225c	e81912b7	lui	x5,0xe8191	  x5=0xe8191000
       14425000	      1441	80002260	00e6e433	or	x8,x13,x14	 x13:0x00000000 x14:0x00000000  x8=0x00000000
       14435000	      1442	80002264	00000013	addi	x0,x0,0	  x0:0x00000000
       14445000	      1443	80002268	01734fb3	xor	x31,x6,x23	  x6:0x80009fc4 x23:0x00000000 x31=0x80009fc4
       14455000	      1444	8000226c	4163df33	sra	x30,x7,x22	  x7:0x655b2000 x22:0xabf74000 x30=0x655b2000
       14465000	      1445	80002270	011019b3	sll	x19,x0,x17	  x0:0x00000000 x17:0x091bf000 x19=0x00000000
       14475000	      1446	80002274	028ed663	bge	x29,x8,800022a0	 x29:0x1333a16c  x8:0x00000000
       14485000	      1447	00000000	00000013	addi	x0,x0,0	  x0:0x00000000
       14495000	      1448	8000229c	00000013	addi	x0,x0,0	  x0:0x00000000
       14505000	      1449	800022a0	eeecef13	ori	x30,x25,-274	 x25:0x00000001 x30=0xfffffeef
       14515000	      1450	800022a4	ec93b213	sltiu	x4,x7,-311	  x7:0x655b2000  x4=0x00000001
       14525000	      1451	800022a8	01192c33	slt	x24,x18,x17	 x18:0x00000009 x17:0x091bf000 x24=0x00000001
       14535000	      1452	800022ac	418b8c33	sub	x24,x23,x24	 x23:0x00000000 x24:0x00000001 x24=0xffffffff
       14545000	      1453	800022b0	4161d313	srai	x6,x3,0x16	  x3:0xfffffdca  x6=0xffffffff
       14555000	      1454	800022b4	00958fb3	add	x31,x11,x9	 x11:0x00000000  x9:0x80009fc4 x31=0x80009fc4
       14565000	      1455	800022b8	418550b3	sra	x1,x10,x24	 x10:0x000006bc x24:0xffffffff  x1=0x00000000
       14575000	      1456	800022bc	7d3b7313	andi	x6,x22,2003	 x22:0xabf74000  x6=0x00000000
       14585000	      1457	800022c0	4144dbb3	sra	x23,x9,x20	  x9:0x80009fc4 x20:0x00000000 x23=0x80009fc4
       14595000	      1458	800022c4	01304e33	xor	x28,x0,x19	  x0:0x00000000 x19:0x00000000 x28=0x00000000
       14605000	      1459	800022c8	03004e63	blt	x0,x16,80002304	  x0:0x00000000 x16:0x8000a49a
       14615000	      1460	800022cc	04e51863	bne	x10,x14,8000231c	 x10:0x000006bc x14:0x00000000
       14625000	      1461	00000000	00000013	addi	x0,x0,0	  x0:0x00000000
       14635000	      1462	80002318	00000013	addi	x0,x0,0	  x0:0x00000000
       14645000	      1463	8000231c	00000013	addi	x0,x0,0	  x0:0x00000000
       14655000	      1464	80002320	01c93fb3	sltu	x31,x18,x28	 x18:0x00000009 x28:0x00000000 x31=0x00000000
       14665000	      1465	80002324	0098deb3	srl	x29,x17,x9	 x17:0x091bf000  x9:0x80009fc4 x29=0x0091bf00
       14675000	      1466	80002328	65816793	ori	x15,x2,1624	  x2:0x091bf000 x15=0x091bf658
       14685000	      1467	8000232c	3565cc93	xori	x25,x11,854	 x11:0x00000000 x25=0x00000356
       14695000	      1468	80002330	4a354613	xori	x12,x10,1187	 x10:0x000006bc x12=0x0000021f
       14705000	      1469	80002334	00f28e63	beq	x5,x15,80002350	  x5:0xe8191000 x15:0x091bf658
       14715000	      1470	80002338	4146d193	srai	x3,x13,0x14	 x13:0x00000000  x3=0x00000000
       14725000	      1471	8000233c	01c40663	beq	x8,x28,80002348	  x8:0x00000000 x28:0x00000000
       14735000	      1472	00000000	00000013	addi	x0,x0,0	  x0:0x00000000
       14745000	      1473	80002344	00000013	addi	x0,x0,0	  x0:0x00000000
       14755000	      1474	80002348	0521f863	bgeu	x3,x18,80002398	  x3:0x00000000 x18:0x00000009
       14765000	      1475	8000234c	4164dc33	sra	x24,x9,x22	  x9:0x80009fc4 x22:0xabf74000 x24=0x80009fc4
       14775000	      1476	80002350	01d36e63	bltu	x6,x29,8000236c	  x6:0x00000000 x29:0x0091bf00
       14785000	      1477	00000000	00000013	addi	x0,x0,0	  x0:0x00000000
       14795000	      1478	80002368	00000013	addi	x0,x0,0	  x0:0x00000000
       14805000	      1479	8000236c	0111feb3	and	x29,x3,x17	  x3:0x00000000 x17:0x091bf000 x29=0x00000000
       14815000	      1480	80002370	0454c263	blt	x9,x5,800023b4	  x9:0x80009fc4  x5:0xe8191000
       14825000	      1481	00000000	00000013	addi	x0,x0,0	  x0:0x00000000
       14835000	      1482	800023b0	00000013	addi	x0,x0,0	  x0:0x00000000
       14845000	      1483	800023b4	be08f593	andi	x11,x17,-1056	 x17:0x091bf000 x11=0x091bf000
       14855000	      1484	800023b8	82043613	sltiu	x12,x8,-2016	  x8:0x00000000 x12=0x00000001
       14865000	      1485	800023bc	015bd013	srli	x0,x23,0x15	 x23:0x80009fc4
       14875000	      1486	800023c0	01b737b3	sltu	x15,x14,x27	 x14:0x00000000 x27:0x80009f2c x15=0x00000001
       14885000	      1487	800023c4	8a8ccb93	xori	x23,x25,-1880	 x25:0x00000356 x23=0xfffffbfe
       14895000	      1488	800023c8	be348a93	addi	x21,x9,-1053	  x9:0x80009fc4 x21=0x80009ba7
       14905000	      1489	800023cc	01bdc9b3	xor	x19,x27,x27	 x27:0x80009f2c x27:0x80009f2c x19=0x00000000
       14915000	      1490	800023d0	0168d263	bge	x17,x22,800023d4	 x17:0x091bf000 x22:0xabf74000
       14925000	      1491	00000000	00000013	addi	x0,x0,0	  x0:0x00000000
       14935000	      1492	800023d0	00000013	addi	x0,x0,0	  x0:0x00000000
       14945000	      1493	800023d4	01280733	add	x14,x16,x18	 x16:0x8000a49a x18:0x00000009 x14=0x8000a4a3
       14955000	      1494	800023d8	21956697	auipc	x13,0x21956	 x13=0xa19583d4
       14965000	      1495	800023dc	40c5d333	sra	x6,x11,x12	 x11:0x091bf000 x12:0x00000001  x6=0x048df800
       14975000	      1496	800023e0	004da783	lw	x15,4(x27)	 x27:0x80009f2c x15=0x8000280c PA:0x80009f30
       14985000	      1497	800023e4	00d2d0b3	srl	x1,x5,x13	  x5:0xe8191000 x13:0xa19583d4  x1=0x00000e81
       14995000	      1498	800023e8	020d8d93	addi	x27,x27,32	 x27:0x80009f2c x27=0x80009f4c
       15005000	      1499	800023ec	0015d9b3	srl	x19,x11,x1	 x11:0x091bf000  x1:0x00000e81 x19=0x048df800
       15015000	      1500	800023f0	5f9ecd13	xori	x26,x29,1529	 x29:0x00000000 x26=0x000005f9
       15025000	      1501	800023f4	00178413	addi	x8,x15,1	 x15:0x8000280c  x8=0x8000280d
       15035000	      1502	800023f8	00040467	jalr	x8,x8,0	  x8:0x8000280d  x8=0x800023f8
       15045000	      1503	00000000	00000013	addi	x0,x0,0	  x0:0x00000000
       15055000	      1504	8000280c	00000013	addi	x0,x0,0	  x0:0x00000000
       15065000	      1505	80002810	0029d993	srli	x19,x19,0x2	 x19:0x048df800 x19=0x01237e00
       15075000	      1506	80002814	013b9cb3	sll	x25,x23,x19	 x23:0xfffffbfe x19:0x01237e00 x25=0xfffffbfe
       15085000	      1507	80002818	00bdbbb3	sltu	x23,x27,x11	 x27:0x80009f4c x11:0x091bf000 x23=0x00000000
       15095000	      1508	8000281c	00000717	auipc	x14,0x0	 x14=0x80002818
       15105000	      1509	80002820	be070713	addi	x14,x14,-1056	 x14:0x80002818 x14=0x800023f8
       15115000	      1510	80002824	1bb2c813	xori	x16,x5,443	  x5:0xe8191000 x16=0xe81911bb
       15125000	      1511	80002828	01aca833	slt	x16,x25,x26	 x25:0xfffffbfe x26:0x000005f9 x16=0x00000001
       15135000	      1512	8000282c	24d70713	addi	x14,x14,589	 x14:0x800023f8 x14=0x80002645
       15145000	      1513	80002830	01bbd033	srl	x0,x23,x27	 x23:0x00000000 x27:0x80009f4c
       15155000	      1514	80002834	0006e463	bltu	x13,x0,8000283c	 x13:0xa19583d4  x0:0x00000000
       15165000	      1515	80002838	0194c3b3	xor	x7,x9,x25	  x9:0x80009fc4 x25:0xfffffbfe  x7=0x7fff643a
       15175000	      1516	8000283c	db4707e7	jalr	x15,x14,-588	 x14:0x80002645 x15=0x8000283c
       15185000	      1517	00000000	00000013	addi	x0,x0,0	  x0:0x00000000
       15195000	      1518	800023f8	00000013	addi	x0,x0,0	  x0:0x00000000
       15205000	      1519	800023fc	01edb533	sltu	x10,x27,x30	 x27:0x80009f4c x30:0xfffffeef x10=0x00000001
       15215000	      1520	80002400	01346463	bltu	x8,x19,80002408	  x8:0x800023f8 x19:0x01237e00
       15225000	      1521	80002404	8f23bb93	sltiu	x23,x7,-1806	  x7:0x7fff643a x23=0x00000001
       15235000	      1522	80002408	fd4d8d93	addi	x27,x27,-44	 x27:0x80009f4c x27=0x80009f20
       15245000	      1523	8000240c	00fda223	sw	x15,4(x27)	 x27:0x80009f20 x15:0x8000283c PA:0x80009f24
       15255000	      1524	80002410	00da1433	sll	x8,x20,x13	 x20:0x00000000 x13:0xa19583d4  x8=0x00000000
       15265000	      1525	80002414	faa34d13	xori	x26,x6,-86	  x6:0x048df800 x26=0xfb7207aa
       15275000	      1526	80002418	40255293	srai	x5,x10,0x2	 x10:0x00000001  x5=0x00000000
       15285000	      1527	8000241c	00a00693	addi	x13,x0,10	  x0:0x00000000 x13=0x0000000a
       15295000	      1528	80002420	01b90333	add	x6,x18,x27	 x18:0x00000009 x27:0x80009f20  x6=0x80009f29
       15305000	      1529	80002424	00a00c13	addi	x24,x0,10	  x0:0x00000000 x24=0x0000000a
       15315000	      1530	80002428	410ddf93	srai	x31,x27,0x10	 x27:0x80009f20 x31=0xffff8000
       15325000	      1531	8000242c	adeacf13	xori	x30,x21,-1314	 x21:0x80009ba7 x30=0x7fff6179
       15335000	      1532	80002430	92f9b093	sltiu	x1,x19,-1745	 x19:0x01237e00  x1=0x00000001
       15345000	      1533	80002434	003b03b3	add	x7,x22,x3	 x22:0xabf74000  x3:0x00000000  x7=0xabf74000
       15355000	      1534	80002438	ff768693	addi	x13,x13,-9	 x13:0x0000000a x13=0x00000001
       15365000	      1535	8000243c	ffc00c93	addi	x25,x0,-4	  x0:0x00000000 x25=0xfffffffc
       15375000	      1536	80002440	4141d613	srai	x12,x3,0x14	  x3:0x00000000 x12=0x00000000
       15385000	      1537	80002444	017dc2b3	xor	x5,x27,x23	 x27:0x80009f20 x23:0x00000001  x5=0x80009f21
       15395000	      1538	80002448	00d65333	srl	x6,x12,x13	 x12:0x00000000 x13:0x00000001  x6=0x00000000
       15405000	      1539	8000244c	1bac7597	auipc	x11,0x1bac7	 x11=0x9bac9448
       15415000	      1540	80002450	01100193	addi	x3,x0,17	  x0:0x00000000  x3=0x00000011
       15425000	      1541	80002454	00c38233	add	x4,x7,x12	  x7:0xabf74000 x12:0x00000000  x4=0xabf74000
       15435000	      1542	80002458	f1cae117	auipc	x2,0xf1cae	  x2=0x71cb0454
       15445000	      1543	8000245c	009c8c93	addi	x25,x25,9	 x25:0xfffffffc x25=0x00000005
       15455000	      1544	80002460	e321cb13	xori	x22,x3,-462	  x3:0x00000011 x22=0xfffffe23
       15465000	      1545	80002464	fe3ce8e3	bltu	x25,x3,80002454	 x25:0x00000005  x3:0x00000011
       15475000	      1546	00000000	00000013	addi	x0,x0,0	  x0:0x00000000
       15485000	      1547	80002450	00000013	addi	x0,x0,0	  x0:0x00000000
       15495000	      1548	80002454	00c38233	add	x4,x7,x12	  x7:0xabf74000 x12:0x00000000  x4=0xabf74000
       15505000	      1549	80002458	f1cae117	auipc	x2,0xf1cae	  x2=0x71cb0454
       15515000	      1550	8000245c	009c8c93	addi	x25,x25,9	 x25:0x00000005 x25=0x0000000e
       15525000	      1551	80002460	e321cb13	xori	x22,x3,-462	  x3:0x00000011 x22=0xfffffe23
       15535000	      1552	80002464	fe3ce8e3	bltu	x25,x3,80002454	 x25:0x0000000e  x3:0x00000011
       15545000	      1553	00000000	00000013	addi	x0,x0,0	  x0:0x00000000
       15555000	      1554	80002450	00000013	addi	x0,x0,0	  x0:0x00000000
       15565000	      1555	80002454	00c38233	add	x4,x7,x12	  x7:0xabf74000 x12:0x00000000  x4=0xabf74000
       15575000	      1556	80002458	f1cae117	auipc	x2,0xf1cae	  x2=0x71cb0454
       15585000	      1557	8000245c	009c8c93	addi	x25,x25,9	 x25:0x0000000e x25=0x00000017
       15595000	      1558	80002460	e321cb13	xori	x22,x3,-462	  x3:0x00000011 x22=0xfffffe23
       15605000	      1559	80002464	fe3ce8e3	bltu	x25,x3,80002454	 x25:0x00000017  x3:0x00000011
       15615000	      1560	80002468	fd86f2e3	bgeu	x13,x24,8000242c	 x13:0x00000001 x24:0x0000000a
       15625000	      1561	8000246c	e8ede093	ori	x1,x27,-370	 x27:0x80009f20  x1=0xffffffae
       15635000	      1562	80002470	ff800313	addi	x6,x0,-8	  x0:0x00000000  x6=0xfffffff8
       15645000	      1563	80002474	ff300a13	addi	x20,x0,-13	  x0:0x00000000 x20=0xfffffff3
       15655000	      1564	80002478	8f873113	sltiu	x2,x14,-1800	 x14:0x80002645  x2=0x00000001
       15665000	      1565	8000247c	015d8d33	add	x26,x27,x21	 x27:0x80009f20 x21:0x80009ba7 x26=0x00013ac7
       15675000	      1566	80002480	9b970c93	addi	x25,x14,-1607	 x14:0x80002645 x25=0x80001ffe
       15685000	      1567	80002484	f719e137	lui	x2,0xf719e	  x2=0xf719e000
       15695000	      1568	80002488	ffc30313	addi	x6,x6,-4	  x6:0xfffffff8  x6=0xfffffff4
       15705000	      1569	8000248c	ff435ae3	bge	x6,x20,80002480	  x6:0xfffffff4 x20:0xfffffff3
       15715000	      1570	00000000	00000013	addi	x0,x0,0	  x0:0x00000000
       15725000	      1571	8000247c	00000013	addi	x0,x0,0	  x0:0x00000000
       15735000	      1572	80002480	9b970c93	addi	x25,x14,-1607	 x14:0x80002645 x25=0x80001ffe
       15745000	      1573	80002484	f719e137	lui	x2,0xf719e	  x2=0xf719e000
       15755000	      1574	80002488	ffc30313	addi	x6,x6,-4	  x6:0xfffffff4  x6=0xfffffff0
       15765000	      1575	8000248c	ff435ae3	bge	x6,x20,80002480	  x6:0xfffffff0 x20:0xfffffff3
       15775000	      1576	80002490	00000013	addi	x0,x0,0	  x0:0x00000000
       15785000	      1577	80002494	ffe00793	addi	x15,x0,-2	  x0:0x00000000 x15=0xfffffffe
       15795000	      1578	80002498	00800e93	addi	x29,x0,8	  x0:0x00000000 x29=0x00000008
       15805000	      1579	8000249c	548ec393	xori	x7,x29,1352	 x29:0x00000008  x7=0x00000540
       15815000	      1580	800024a0	008c38b3	sltu	x17,x24,x8	 x24:0x0000000a  x8:0x00000000 x17=0x00000000
       15825000	      1581	800024a4	8db1e013	ori	x0,x3,-1829	  x3:0x00000011
       15835000	      1582	800024a8	0d726713	ori	x14,x4,215	  x4:0xabf74000 x14=0xabf740d7
       15845000	      1583	800024ac	00000013	addi	x0,x0,0	  x0:0x00000000
       15855000	      1584	800024b0	00478793	addi	x15,x15,4	 x15:0xfffffffe x15=0x00000002
       15865000	      1585	800024b4	00c081b3	add	x3,x1,x12	  x1:0xffffffae x12:0x00000000  x3=0xffffffae
       15875000	      1586	800024b8	ffa00e13	addi	x28,x0,-6	  x0:0x00000000 x28=0xfffffffa
       15885000	      1587	800024bc	00100593	addi	x11,x0,1	  x0:0x00000000 x11=0x00000001
       15895000	      1588	800024c0	30ad53b7	lui	x7,0x30ad5	  x7=0x30ad5000
       15905000	      1589	800024c4	006e0e13	addi	x28,x28,6	 x28:0xfffffffa x28=0x00000000
       15915000	      1590	800024c8	9ef87d13	andi	x26,x16,-1553	 x16:0x00000001 x26=0x00000001
       15925000	      1591	800024cc	0079f0b3	and	x1,x19,x7	 x19:0x01237e00  x7:0x30ad5000  x1=0x00215000
       15935000	      1592	800024d0	00d99fb3	sll	x31,x19,x13	 x19:0x01237e00 x13:0x00000001 x31=0x0246fc00
       15945000	      1593	800024d4	febe46e3	blt	x28,x11,800024c0	 x28:0x00000000 x11:0x00000001
       15955000	      1594	00000000	00000013	addi	x0,x0,0	  x0:0x00000000
       15965000	      1595	800024bc	00000013	addi	x0,x0,0	  x0:0x00000000
       15975000	      1596	800024c0	30ad53b7	lui	x7,0x30ad5	  x7=0x30ad5000
       15985000	      1597	800024c4	006e0e13	addi	x28,x28,6	 x28:0x00000000 x28=0x00000006
       15995000	      1598	800024c8	9ef87d13	andi	x26,x16,-1553	 x16:0x00000001 x26=0x00000001
       16005000	      1599	800024cc	0079f0b3	and	x1,x19,x7	 x19:0x01237e00  x7:0x30ad5000  x1=0x00215000
       16015000	      1600	800024d0	00d99fb3	sll	x31,x19,x13	 x19:0x01237e00 x13:0x00000001 x31=0x0246fc00
       16025000	      1601	800024d4	febe46e3	blt	x28,x11,800024c0	 x28:0x00000006 x11:0x00000001
       16035000	      1602	800024d8	4035df93	srai	x31,x11,0x3	 x11:0x00000001 x31=0x00000000
       16045000	      1603	800024dc	fdd7e2e3	bltu	x15,x29,800024a0	 x15:0x00000002 x29:0x00000008
       16055000	      1604	00000000	00000013	addi	x0,x0,0	  x0:0x00000000
       16065000	      1605	8000249c	00000013	addi	x0,x0,0	  x0:0x00000000
       16075000	      1606	800024a0	008c38b3	sltu	x17,x24,x8	 x24:0x0000000a  x8:0x00000000 x17=0x00000000
       16085000	      1607	800024a4	8db1e013	ori	x0,x3,-1829	  x3:0xffffffae
       16095000	      1608	800024a8	0d726713	ori	x14,x4,215	  x4:0xabf74000 x14=0xabf740d7
       16105000	      1609	800024ac	00000013	addi	x0,x0,0	  x0:0x00000000
       16115000	      1610	800024b0	00478793	addi	x15,x15,4	 x15:0x00000002 x15=0x00000006
       16125000	      1611	800024b4	00c081b3	add	x3,x1,x12	  x1:0x00215000 x12:0x00000000  x3=0x00215000
       16135000	      1612	800024b8	ffa00e13	addi	x28,x0,-6	  x0:0x00000000 x28=0xfffffffa
       16145000	      1613	800024bc	00100593	addi	x11,x0,1	  x0:0x00000000 x11=0x00000001
       16155000	      1614	800024c0	30ad53b7	lui	x7,0x30ad5	  x7=0x30ad5000
       16165000	      1615	800024c4	006e0e13	addi	x28,x28,6	 x28:0xfffffffa x28=0x00000000
       16175000	      1616	800024c8	9ef87d13	andi	x26,x16,-1553	 x16:0x00000001 x26=0x00000001
       16185000	      1617	800024cc	0079f0b3	and	x1,x19,x7	 x19:0x01237e00  x7:0x30ad5000  x1=0x00215000
       16195000	      1618	800024d0	00d99fb3	sll	x31,x19,x13	 x19:0x01237e00 x13:0x00000001 x31=0x0246fc00
       16205000	      1619	800024d4	febe46e3	blt	x28,x11,800024c0	 x28:0x00000000 x11:0x00000001
       16215000	      1620	00000000	00000013	addi	x0,x0,0	  x0:0x00000000
       16225000	      1621	800024bc	00000013	addi	x0,x0,0	  x0:0x00000000
       16235000	      1622	800024c0	30ad53b7	lui	x7,0x30ad5	  x7=0x30ad5000
       16245000	      1623	800024c4	006e0e13	addi	x28,x28,6	 x28:0x00000000 x28=0x00000006
       16255000	      1624	800024c8	9ef87d13	andi	x26,x16,-1553	 x16:0x00000001 x26=0x00000001
       16265000	      1625	800024cc	0079f0b3	and	x1,x19,x7	 x19:0x01237e00  x7:0x30ad5000  x1=0x00215000
       16275000	      1626	800024d0	00d99fb3	sll	x31,x19,x13	 x19:0x01237e00 x13:0x00000001 x31=0x0246fc00
       16285000	      1627	800024d4	febe46e3	blt	x28,x11,800024c0	 x28:0x00000006 x11:0x00000001
       16295000	      1628	800024d8	4035df93	srai	x31,x11,0x3	 x11:0x00000001 x31=0x00000000
       16305000	      1629	800024dc	fdd7e2e3	bltu	x15,x29,800024a0	 x15:0x00000006 x29:0x00000008
       16315000	      1630	00000000	00000013	addi	x0,x0,0	  x0:0x00000000
       16325000	      1631	8000249c	00000013	addi	x0,x0,0	  x0:0x00000000
       16335000	      1632	800024a0	008c38b3	sltu	x17,x24,x8	 x24:0x0000000a  x8:0x00000000 x17=0x00000000
       16345000	      1633	800024a4	8db1e013	ori	x0,x3,-1829	  x3:0x00215000
       16355000	      1634	800024a8	0d726713	ori	x14,x4,215	  x4:0xabf74000 x14=0xabf740d7
       16365000	      1635	800024ac	00000013	addi	x0,x0,0	  x0:0x00000000
       16375000	      1636	800024b0	00478793	addi	x15,x15,4	 x15:0x00000006 x15=0x0000000a
       16385000	      1637	800024b4	00c081b3	add	x3,x1,x12	  x1:0x00215000 x12:0x00000000  x3=0x00215000
       16395000	      1638	800024b8	ffa00e13	addi	x28,x0,-6	  x0:0x00000000 x28=0xfffffffa
       16405000	      1639	800024bc	00100593	addi	x11,x0,1	  x0:0x00000000 x11=0x00000001
       16415000	      1640	800024c0	30ad53b7	lui	x7,0x30ad5	  x7=0x30ad5000
       16425000	      1641	800024c4	006e0e13	addi	x28,x28,6	 x28:0xfffffffa x28=0x00000000
       16435000	      1642	800024c8	9ef87d13	andi	x26,x16,-1553	 x16:0x00000001 x26=0x00000001
       16445000	      1643	800024cc	0079f0b3	and	x1,x19,x7	 x19:0x01237e00  x7:0x30ad5000  x1=0x00215000
       16455000	      1644	800024d0	00d99fb3	sll	x31,x19,x13	 x19:0x01237e00 x13:0x00000001 x31=0x0246fc00
       16465000	      1645	800024d4	febe46e3	blt	x28,x11,800024c0	 x28:0x00000000 x11:0x00000001
       16475000	      1646	00000000	00000013	addi	x0,x0,0	  x0:0x00000000
       16485000	      1647	800024bc	00000013	addi	x0,x0,0	  x0:0x00000000
       16495000	      1648	800024c0	30ad53b7	lui	x7,0x30ad5	  x7=0x30ad5000
       16505000	      1649	800024c4	006e0e13	addi	x28,x28,6	 x28:0x00000000 x28=0x00000006
       16515000	      1650	800024c8	9ef87d13	andi	x26,x16,-1553	 x16:0x00000001 x26=0x00000001
       16525000	      1651	800024cc	0079f0b3	and	x1,x19,x7	 x19:0x01237e00  x7:0x30ad5000  x1=0x00215000
       16535000	      1652	800024d0	00d99fb3	sll	x31,x19,x13	 x19:0x01237e00 x13:0x00000001 x31=0x0246fc00
       16545000	      1653	800024d4	febe46e3	blt	x28,x11,800024c0	 x28:0x00000006 x11:0x00000001
       16555000	      1654	800024d8	4035df93	srai	x31,x11,0x3	 x11:0x00000001 x31=0x00000000
       16565000	      1655	800024dc	fdd7e2e3	bltu	x15,x29,800024a0	 x15:0x0000000a x29:0x00000008
       16575000	      1656	800024e0	01a460b3	or	x1,x8,x26	  x8:0x00000000 x26:0x00000001  x1=0x00000001
       16585000	      1657	800024e4	5a5fb013	sltiu	x0,x31,1445	 x31:0x00000000
       16595000	      1658	800024e8	00a38a33	add	x20,x7,x10	  x7:0x30ad5000 x10:0x00000001 x20=0x30ad5001
       16605000	      1659	800024ec	c06c2e93	slti	x29,x24,-1018	 x24:0x0000000a x29=0x00000000
       16615000	      1660	800024f0	009a9f13	slli	x30,x21,0x9	 x21:0x80009ba7 x30=0x01374e00
       16625000	      1661	800024f4	419adfb3	sra	x31,x21,x25	 x21:0x80009ba7 x25:0x80001ffe x31=0xfffffffe
       16635000	      1662	800024f8	05639863	bne	x7,x22,80002548	  x7:0x30ad5000 x22:0xfffffe23
       16645000	      1663	00000000	00000013	addi	x0,x0,0	  x0:0x00000000
       16655000	      1664	80002544	00000013	addi	x0,x0,0	  x0:0x00000000
       16665000	      1665	80002548	407fdfb3	sra	x31,x31,x7	 x31:0xfffffffe  x7:0x30ad5000 x31=0xfffffffe
       16675000	      1666	8000254c	013c53b3	srl	x7,x24,x19	 x24:0x0000000a x19:0x01237e00  x7=0x0000000a
       16685000	      1667	80002550	fcdda013	slti	x0,x27,-51	 x27:0x80009f20
       16695000	      1668	80002554	efd3c013	xori	x0,x7,-259	  x7:0x0000000a
       16705000	      1669	80002558	a0677893	andi	x17,x14,-1530	 x14:0xabf740d7 x17=0xabf74006
       16715000	      1670	8000255c	00a65193	srli	x3,x12,0xa	 x12:0x00000000  x3=0x00000000
       16725000	      1671	80002560	00000013	addi	x0,x0,0	  x0:0x00000000
       16735000	      1672	80002564	007d5613	srli	x12,x26,0x7	 x26:0x00000001 x12=0x00000000
       16745000	      1673	80002568	02555063	bge	x10,x5,80002588	 x10:0x00000001  x5:0x80009f21
       16755000	      1674	00000000	00000013	addi	x0,x0,0	  x0:0x00000000
       16765000	      1675	80002584	00000013	addi	x0,x0,0	  x0:0x00000000
       16775000	      1676	80002588	17788f93	addi	x31,x17,375	 x17:0xabf74006 x31=0xabf7417d
       16785000	      1677	8000258c	01c46a63	bltu	x8,x28,800025a0	  x8:0x00000000 x28:0x00000006
       16795000	      1678	00000000	00000013	addi	x0,x0,0	  x0:0x00000000
       16805000	      1679	8000259c	00000013	addi	x0,x0,0	  x0:0x00000000
       16815000	      1680	800025a0	008f1463	bne	x30,x8,800025a8	 x30:0x01374e00  x8:0x00000000
       16825000	      1681	00000000	00000013	addi	x0,x0,0	  x0:0x00000000
       16835000	      1682	800025a4	00000013	addi	x0,x0,0	  x0:0x00000000
       16845000	      1683	800025a8	02638863	beq	x7,x6,800025d8	  x7:0x0000000a  x6:0xfffffff0
       16855000	      1684	800025ac	00e4ca33	xor	x20,x9,x14	  x9:0x80009fc4 x14:0xabf740d7 x20=0x2bf7df13
       16865000	      1685	800025b0	03b91e63	bne	x18,x27,800025ec	 x18:0x00000009 x27:0x80009f20
       16875000	      1686	00000000	00000013	addi	x0,x0,0	  x0:0x00000000
       16885000	      1687	800025e8	00000013	addi	x0,x0,0	  x0:0x00000000
       16895000	      1688	800025ec	632ffc13	andi	x24,x31,1586	 x31:0xabf7417d x24=0x00000030
       16905000	      1689	800025f0	dfd44d13	xori	x26,x8,-515	  x8:0x00000000 x26=0xfffffdfd
       16915000	      1690	800025f4	00c13eb3	sltu	x29,x2,x12	  x2:0xf719e000 x12:0x00000000 x29=0x00000000
       16925000	      1691	800025f8	00698663	beq	x19,x6,80002604	 x19:0x01237e00  x6:0xfffffff0
       16935000	      1692	800025fc	00e363b3	or	x7,x6,x14	  x6:0xfffffff0 x14:0xabf740d7  x7=0xfffffff7
       16945000	      1693	80002600	01ec5393	srli	x7,x24,0x1e	 x24:0x00000030  x7=0x00000000
       16955000	      1694	80002604	00259e93	slli	x29,x11,0x2	 x11:0x00000001 x29=0x00000004
       16965000	      1695	80002608	e81c0393	addi	x7,x24,-383	 x24:0x00000030  x7=0xfffffeb1
       16975000	      1696	8000260c	6ef8c413	xori	x8,x17,1775	 x17:0xabf74006  x8=0xabf746e9
       16985000	      1697	80002610	01c65d13	srli	x26,x12,0x1c	 x12:0x00000000 x26=0x00000000
       16995000	      1698	80002614	004c0a33	add	x20,x24,x4	 x24:0x00000030  x4:0xabf74000 x20=0xabf74030
       17005000	      1699	80002618	4192d5b3	sra	x11,x5,x25	  x5:0x80009f21 x25:0x80001ffe x11=0xfffffffe
       17015000	      1700	8000261c	0034eeb3	or	x29,x9,x3	  x9:0x80009fc4  x3:0x00000000 x29=0x80009fc4
       17025000	      1701	80002620	4f984c93	xori	x25,x16,1273	 x16:0x00000001 x25=0x000004f8
       17035000	      1702	80002624	00000013	addi	x0,x0,0	  x0:0x00000000
       17045000	      1703	80002628	01a95033	srl	x0,x18,x26	 x18:0x00000009 x26:0x00000000
       17055000	      1704	8000262c	41295cb3	sra	x25,x18,x18	 x18:0x00000009 x18:0x00000009 x25=0x00000000
       17065000	      1705	80002630	00000013	addi	x0,x0,0	  x0:0x00000000
       17075000	      1706	80002634	c651e897	auipc	x17,0xc651e	 x17=0x46520630
       17085000	      1707	80002638	01c9de63	bge	x19,x28,80002654	 x19:0x01237e00 x28:0x00000006
       17095000	      1708	00000000	00000013	addi	x0,x0,0	  x0:0x00000000
       17105000	      1709	80002650	00000013	addi	x0,x0,0	  x0:0x00000000
       17115000	      1710	80002654	02405663	bge	x0,x4,80002680	  x0:0x00000000  x4:0xabf74000
       17125000	      1711	00000000	00000013	addi	x0,x0,0	  x0:0x00000000
       17135000	      1712	8000267c	00000013	addi	x0,x0,0	  x0:0x00000000
       17145000	      1713	80002680	03ec7e63	bgeu	x24,x30,800026bc	 x24:0x00000030 x30:0x01374e00
       17155000	      1714	80002684	b3d32f37	lui	x30,0xb3d32	 x30=0xb3d32000
       17165000	      1715	80002688	05d3d063	bge	x7,x29,800026c8	  x7:0xfffffeb1 x29:0x80009fc4
       17175000	      1716	00000000	00000013	addi	x0,x0,0	  x0:0x00000000
       17185000	      1717	800026c4	00000013	addi	x0,x0,0	  x0:0x00000000
       17195000	      1718	800026c8	4170d993	srai	x19,x1,0x17	  x1:0x00000001 x19=0x00000000
       17205000	      1719	800026cc	04664263	blt	x12,x6,80002710	 x12:0x00000000  x6:0xfffffff0
       17215000	      1720	800026d0	40fd0eb3	sub	x29,x26,x15	 x26:0x00000000 x15:0x0000000a x29=0xfffffff6
       17225000	      1721	800026d4	2d37c193	xori	x3,x15,723	 x15:0x0000000a  x3=0x000002d9
       17235000	      1722	800026d8	00044f33	xor	x30,x8,x0	  x8:0xabf746e9  x0:0x00000000 x30=0xabf746e9
       17245000	      1723	800026dc	0380fe63	bgeu	x1,x24,80002718	  x1:0x00000001 x24:0x00000030
       17255000	      1724	800026e0	443ca813	slti	x16,x25,1091	 x25:0x00000000 x16=0x00000001
       17265000	      1725	800026e4	dc28f513	andi	x10,x17,-574	 x17:0x46520630 x10=0x46520400
       17275000	      1726	800026e8	014d0133	add	x2,x26,x20	 x26:0x00000000 x20:0xabf74030  x2=0xabf74030
       17285000	      1727	800026ec	007d11b3	sll	x3,x26,x7	 x26:0x00000000  x7:0xfffffeb1  x3=0x00000000
       17295000	      1728	800026f0	00f2a533	slt	x10,x5,x15	  x5:0x80009f21 x15:0x0000000a x10=0x00000001
       17305000	      1729	800026f4	02551063	bne	x10,x5,80002714	 x10:0x00000001  x5:0x80009f21
       17315000	      1730	00000000	00000013	addi	x0,x0,0	  x0:0x00000000
       17325000	      1731	80002710	00000013	addi	x0,x0,0	  x0:0x00000000
       17335000	      1732	80002714	00433233	sltu	x4,x6,x4	  x6:0xfffffff0  x4:0xabf74000  x4=0x00000000
       17345000	      1733	80002718	4001da33	sra	x20,x3,x0	  x3:0x00000000  x0:0x00000000 x20=0x00000000
       17355000	      1734	8000271c	f549e113	ori	x2,x19,-172	 x19:0x00000000  x2=0xffffff54
       17365000	      1735	80002720	6ae43293	sltiu	x5,x8,1710	  x8:0xabf746e9  x5=0x00000000
       17375000	      1736	80002724	d6d16997	auipc	x19,0xd6d16	 x19=0x56d18720
       17385000	      1737	80002728	1f14bc97	auipc	x25,0x1f14b	 x25=0x9f14d724
       17395000	      1738	8000272c	01cc2033	slt	x0,x24,x28	 x24:0x00000030 x28:0x00000006
       17405000	      1739	80002730	05f38063	beq	x7,x31,80002770	  x7:0xfffffeb1 x31:0xabf7417d
       17415000	      1740	80002734	6720b313	sltiu	x6,x1,1650	  x1:0x00000001  x6=0x00000001
       17425000	      1741	80002738	4138df33	sra	x30,x17,x19	 x17:0x46520630 x19:0x56d18720 x30=0x46520630
       17435000	      1742	8000273c	040fe463	bltu	x31,x0,80002784	 x31:0xabf7417d  x0:0x00000000
       17445000	      1743	80002740	01f83d33	sltu	x26,x16,x31	 x16:0x00000001 x31:0xabf7417d x26=0x00000001
       17455000	      1744	80002744	01ef6263	bltu	x30,x30,80002748	 x30:0x46520630 x30:0x46520630
       17465000	      1745	80002748	409c5893	srai	x17,x24,0x9	 x24:0x00000030 x17=0x00000000
       17475000	      1746	8000274c	5d9bca93	xori	x21,x23,1497	 x23:0x00000001 x21=0x000005d8
       17485000	      1747	80002750	01ff2333	slt	x6,x30,x31	 x30:0x46520630 x31:0xabf7417d  x6=0x00000000
       17495000	      1748	80002754	6cbf4e13	xori	x28,x30,1739	 x30:0x46520630 x28=0x465200fb
       17505000	      1749	80002758	9d65c393	xori	x7,x11,-1578	 x11:0xfffffffe  x7=0x00000628
       17515000	      1750	8000275c	41f15633	sra	x12,x2,x31	  x2:0xffffff54 x31:0xabf7417d x12=0xffffffff
       17525000	      1751	80002760	05d32e13	slti	x28,x6,93	  x6:0x00000000 x28=0x00000001
       17535000	      1752	80002764	f58fa713	slti	x14,x31,-168	 x31:0xabf7417d x14=0x00000001
       17545000	      1753	80002768	00425b13	srli	x22,x4,0x4	  x4:0x00000000 x22=0x00000000
       17555000	      1754	8000276c	00759313	slli	x6,x11,0x7	 x11:0xfffffffe  x6=0xffffff00
       17565000	      1755	80002770	008916b3	sll	x13,x18,x8	 x18:0x00000009  x8:0xabf746e9 x13=0x00001200
       17575000	      1756	80002774	401bd193	srai	x3,x23,0x1	 x23:0x00000001  x3=0x00000000
       17585000	      1757	80002778	00000013	addi	x0,x0,0	  x0:0x00000000
       17595000	      1758	8000277c	016d16b3	sll	x13,x26,x22	 x26:0x00000001 x22:0x00000000 x13=0x00000001
       17605000	      1759	80002780	00000013	addi	x0,x0,0	  x0:0x00000000
       17615000	      1760	80002784	737b6313	ori	x6,x22,1847	 x22:0x00000000  x6=0x00000737
       17625000	      1761	80002788	006b5113	srli	x2,x22,0x6	 x22:0x00000000  x2=0x00000000
       17635000	      1762	8000278c	3dce1637	lui	x12,0x3dce1	 x12=0x3dce1000
       17645000	      1763	80002790	004da783	lw	x15,4(x27)	 x27:0x80009f20 x15=0x8000283c PA:0x80009f24
       17655000	      1764	80002794	02cd8d93	addi	x27,x27,44	 x27:0x80009f20 x27=0x80009f4c
       17665000	      1765	80002798	494db893	sltiu	x17,x27,1172	 x27:0x80009f4c x17=0x00000000
       17675000	      1766	8000279c	00178193	addi	x3,x15,1	 x15:0x8000283c  x3=0x8000283d
       17685000	      1767	800027a0	000181e7	jalr	x3,x3,0	  x3:0x8000283d  x3=0x800027a0
       17695000	      1768	00000000	00000013	addi	x0,x0,0	  x0:0x00000000
       17705000	      1769	8000283c	00000013	addi	x0,x0,0	  x0:0x00000000
       17715000	      1770	80002840	ffffe797	auipc	x15,0xffffe	 x15=0x8000083c
       17725000	      1771	80002844	d4478793	addi	x15,x15,-700	 x15:0x8000083c x15=0x80000580
       17735000	      1772	80002848	c3814b13	xori	x22,x2,-968	  x2:0x00000000 x22=0xfffffc38
       17745000	      1773	8000284c	134c3a93	sltiu	x21,x24,308	 x24:0x00000030 x21=0x00000001
       17755000	      1774	80002850	d7878793	addi	x15,x15,-648	 x15:0x80000580 x15=0x800002f8
       17765000	      1775	80002854	4193df33	sra	x30,x7,x25	  x7:0x00000628 x25:0x9f14d724 x30=0x00000062
       17775000	      1776	80002858	016e8c33	add	x24,x29,x22	 x29:0xfffffff6 x22:0xfffffc38 x24=0xfffffc2e
       17785000	      1777	8000285c	41465833	sra	x16,x12,x20	 x12:0x3dce1000 x20:0x00000000 x16=0x3dce1000
       17795000	      1778	80002860	288787e7	jalr	x15,x15,648	 x15:0x800002f8 x15=0x80002860
       17805000	      1779	00000000	00000013	addi	x0,x0,0	  x0:0x00000000
       17815000	      1780	80000580	00000013	addi	x0,x0,0	  x0:0x00000000
       17825000	      1781	80000584	00736a63	bltu	x6,x7,80000598	  x6:0x00000737  x7:0x00000628
       17835000	      1782	80000588	00d61093	slli	x1,x12,0xd	 x12:0x3dce1000  x1=0xc2000000
       17845000	      1783	8000058c	416588b3	sub	x17,x11,x22	 x11:0xfffffffe x22:0xfffffc38 x17=0x000003c6
       17855000	      1784	80000590	41540fb3	sub	x31,x8,x21	  x8:0xabf746e9 x21:0x00000001 x31=0xabf746e8
       17865000	      1785	80000594	b6492b13	slti	x22,x18,-1180	 x18:0x00000009 x22=0x00000000
       17875000	      1786	80000598	ff4d8d93	addi	x27,x27,-12	 x27:0x80009f4c x27=0x80009f40
       17885000	      1787	8000059c	00fda223	sw	x15,4(x27)	 x27:0x80009f40 x15:0x80002860 PA:0x80009f44
       17895000	      1788	800005a0	007b59b3	srl	x19,x22,x7	 x22:0x00000000  x7:0x00000628 x19=0x00000000
       17905000	      1789	800005a4	aeecb713	sltiu	x14,x25,-1298	 x25:0x9f14d724 x14=0x00000001
       17915000	      1790	800005a8	0136dab3	srl	x21,x13,x19	 x13:0x00000001 x19:0x00000000 x21=0x00000001
       17925000	      1791	800005ac	00900b93	addi	x23,x0,9	  x0:0x00000000 x23=0x00000009
       17935000	      1792	800005b0	01300293	addi	x5,x0,19	  x0:0x00000000  x5=0x00000013
       17945000	      1793	800005b4	ff81ff93	andi	x31,x3,-8	  x3:0x800027a0 x31=0x800027a0
       17955000	      1794	800005b8	41de5413	srai	x8,x28,0x1d	 x28:0x00000001  x8=0x00000000
       17965000	      1795	800005bc	40235eb3	sra	x29,x6,x2	  x6:0x00000737  x2:0x00000000 x29=0x00000737
       17975000	      1796	800005c0	41b50e33	sub	x28,x10,x27	 x10:0x00000001 x27:0x80009f40 x28=0x7fff60c1
       17985000	      1797	800005c4	00000013	addi	x0,x0,0	  x0:0x00000000
       17995000	      1798	800005c8	001b8b93	addi	x23,x23,1	 x23:0x00000009 x23=0x0000000a
       18005000	      1799	800005cc	fbc25817	auipc	x16,0xfbc25	 x16=0x7bc255c8
       18015000	      1800	800005d0	01a1a233	slt	x4,x3,x26	  x3:0x800027a0 x26:0x00000001  x4=0x00000001
       18025000	      1801	800005d4	fe5be6e3	bltu	x23,x5,800005c0	 x23:0x0000000a  x5:0x00000013
       18035000	      1802	00000000	00000013	addi	x0,x0,0	  x0:0x00000000
       18045000	      1803	800005bc	00000013	addi	x0,x0,0	  x0:0x00000000
       18055000	      1804	800005c0	41b50e33	sub	x28,x10,x27	 x10:0x00000001 x27:0x80009f40 x28=0x7fff60c1
       18065000	      1805	800005c4	00000013	addi	x0,x0,0	  x0:0x00000000
       18075000	      1806	800005c8	001b8b93	addi	x23,x23,1	 x23:0x0000000a x23=0x0000000b
       18085000	      1807	800005cc	fbc25817	auipc	x16,0xfbc25	 x16=0x7bc255c8
       18095000	      1808	800005d0	01a1a233	slt	x4,x3,x26	  x3:0x800027a0 x26:0x00000001  x4=0x00000001
       18105000	      1809	800005d4	fe5be6e3	bltu	x23,x5,800005c0	 x23:0x0000000b  x5:0x00000013
       18115000	      1810	00000000	00000013	addi	x0,x0,0	  x0:0x00000000
       18125000	      1811	800005bc	00000013	addi	x0,x0,0	  x0:0x00000000
       18135000	      1812	800005c0	41b50e33	sub	x28,x10,x27	 x10:0x00000001 x27:0x80009f40 x28=0x7fff60c1
       18145000	      1813	800005c4	00000013	addi	x0,x0,0	  x0:0x00000000
       18155000	      1814	800005c8	001b8b93	addi	x23,x23,1	 x23:0x0000000b x23=0x0000000c
       18165000	      1815	800005cc	fbc25817	auipc	x16,0xfbc25	 x16=0x7bc255c8
       18175000	      1816	800005d0	01a1a233	slt	x4,x3,x26	  x3:0x800027a0 x26:0x00000001  x4=0x00000001
       18185000	      1817	800005d4	fe5be6e3	bltu	x23,x5,800005c0	 x23:0x0000000c  x5:0x00000013
       18195000	      1818	00000000	00000013	addi	x0,x0,0	  x0:0x00000000
       18205000	      1819	800005bc	00000013	addi	x0,x0,0	  x0:0x00000000
       18215000	      1820	800005c0	41b50e33	sub	x28,x10,x27	 x10:0x00000001 x27:0x80009f40 x28=0x7fff60c1
       18225000	      1821	800005c4	00000013	addi	x0,x0,0	  x0:0x00000000
       18235000	      1822	800005c8	001b8b93	addi	x23,x23,1	 x23:0x0000000c x23=0x0000000d
       18245000	      1823	800005cc	fbc25817	auipc	x16,0xfbc25	 x16=0x7bc255c8
       18255000	      1824	800005d0	01a1a233	slt	x4,x3,x26	  x3:0x800027a0 x26:0x00000001  x4=0x00000001
       18265000	      1825	800005d4	fe5be6e3	bltu	x23,x5,800005c0	 x23:0x0000000d  x5:0x00000013
       18275000	      1826	00000000	00000013	addi	x0,x0,0	  x0:0x00000000
       18285000	      1827	800005bc	00000013	addi	x0,x0,0	  x0:0x00000000
       18295000	      1828	800005c0	41b50e33	sub	x28,x10,x27	 x10:0x00000001 x27:0x80009f40 x28=0x7fff60c1
       18305000	      1829	800005c4	00000013	addi	x0,x0,0	  x0:0x00000000
       18315000	      1830	800005c8	001b8b93	addi	x23,x23,1	 x23:0x0000000d x23=0x0000000e
       18325000	      1831	800005cc	fbc25817	auipc	x16,0xfbc25	 x16=0x7bc255c8
       18335000	      1832	800005d0	01a1a233	slt	x4,x3,x26	  x3:0x800027a0 x26:0x00000001  x4=0x00000001
       18345000	      1833	800005d4	fe5be6e3	bltu	x23,x5,800005c0	 x23:0x0000000e  x5:0x00000013
       18355000	      1834	00000000	00000013	addi	x0,x0,0	  x0:0x00000000
       18365000	      1835	800005bc	00000013	addi	x0,x0,0	  x0:0x00000000
       18375000	      1836	800005c0	41b50e33	sub	x28,x10,x27	 x10:0x00000001 x27:0x80009f40 x28=0x7fff60c1
       18385000	      1837	800005c4	00000013	addi	x0,x0,0	  x0:0x00000000
       18395000	      1838	800005c8	001b8b93	addi	x23,x23,1	 x23:0x0000000e x23=0x0000000f
       18405000	      1839	800005cc	fbc25817	auipc	x16,0xfbc25	 x16=0x7bc255c8
       18415000	      1840	800005d0	01a1a233	slt	x4,x3,x26	  x3:0x800027a0 x26:0x00000001  x4=0x00000001
       18425000	      1841	800005d4	fe5be6e3	bltu	x23,x5,800005c0	 x23:0x0000000f  x5:0x00000013
       18435000	      1842	00000000	00000013	addi	x0,x0,0	  x0:0x00000000
       18445000	      1843	800005bc	00000013	addi	x0,x0,0	  x0:0x00000000
       18455000	      1844	800005c0	41b50e33	sub	x28,x10,x27	 x10:0x00000001 x27:0x80009f40 x28=0x7fff60c1
       18465000	      1845	800005c4	00000013	addi	x0,x0,0	  x0:0x00000000
       18475000	      1846	800005c8	001b8b93	addi	x23,x23,1	 x23:0x0000000f x23=0x00000010
       18485000	      1847	800005cc	fbc25817	auipc	x16,0xfbc25	 x16=0x7bc255c8
       18495000	      1848	800005d0	01a1a233	slt	x4,x3,x26	  x3:0x800027a0 x26:0x00000001  x4=0x00000001
       18505000	      1849	800005d4	fe5be6e3	bltu	x23,x5,800005c0	 x23:0x00000010  x5:0x00000013
       18515000	      1850	00000000	00000013	addi	x0,x0,0	  x0:0x00000000
       18525000	      1851	800005bc	00000013	addi	x0,x0,0	  x0:0x00000000
       18535000	      1852	800005c0	41b50e33	sub	x28,x10,x27	 x10:0x00000001 x27:0x80009f40 x28=0x7fff60c1
       18545000	      1853	800005c4	00000013	addi	x0,x0,0	  x0:0x00000000
       18555000	      1854	800005c8	001b8b93	addi	x23,x23,1	 x23:0x00000010 x23=0x00000011
       18565000	      1855	800005cc	fbc25817	auipc	x16,0xfbc25	 x16=0x7bc255c8
       18575000	      1856	800005d0	01a1a233	slt	x4,x3,x26	  x3:0x800027a0 x26:0x00000001  x4=0x00000001
       18585000	      1857	800005d4	fe5be6e3	bltu	x23,x5,800005c0	 x23:0x00000011  x5:0x00000013
       18595000	      1858	00000000	00000013	addi	x0,x0,0	  x0:0x00000000
       18605000	      1859	800005bc	00000013	addi	x0,x0,0	  x0:0x00000000
       18615000	      1860	800005c0	41b50e33	sub	x28,x10,x27	 x10:0x00000001 x27:0x80009f40 x28=0x7fff60c1
       18625000	      1861	800005c4	00000013	addi	x0,x0,0	  x0:0x00000000
       18635000	      1862	800005c8	001b8b93	addi	x23,x23,1	 x23:0x00000011 x23=0x00000012
       18645000	      1863	800005cc	fbc25817	auipc	x16,0xfbc25	 x16=0x7bc255c8
       18655000	      1864	800005d0	01a1a233	slt	x4,x3,x26	  x3:0x800027a0 x26:0x00000001  x4=0x00000001
       18665000	      1865	800005d4	fe5be6e3	bltu	x23,x5,800005c0	 x23:0x00000012  x5:0x00000013
       18675000	      1866	00000000	00000013	addi	x0,x0,0	  x0:0x00000000
       18685000	      1867	800005bc	00000013	addi	x0,x0,0	  x0:0x00000000
       18695000	      1868	800005c0	41b50e33	sub	x28,x10,x27	 x10:0x00000001 x27:0x80009f40 x28=0x7fff60c1
       18705000	      1869	800005c4	00000013	addi	x0,x0,0	  x0:0x00000000
       18715000	      1870	800005c8	001b8b93	addi	x23,x23,1	 x23:0x00000012 x23=0x00000013
       18725000	      1871	800005cc	fbc25817	auipc	x16,0xfbc25	 x16=0x7bc255c8
       18735000	      1872	800005d0	01a1a233	slt	x4,x3,x26	  x3:0x800027a0 x26:0x00000001  x4=0x00000001
       18745000	      1873	800005d4	fe5be6e3	bltu	x23,x5,800005c0	 x23:0x00000013  x5:0x00000013
       18755000	      1874	800005d8	014c6c33	or	x24,x24,x20	 x24:0xfffffc2e x20:0x00000000 x24=0xfffffc2e
       18765000	      1875	800005dc	00900793	addi	x15,x0,9	  x0:0x00000000 x15=0x00000009
       18775000	      1876	800005e0	91a27b93	andi	x23,x4,-1766	  x4:0x00000001 x23=0x00000000
       18785000	      1877	800005e4	70850693	addi	x13,x10,1800	 x10:0x00000001 x13=0x00000709
       18795000	      1878	800005e8	01393033	sltu	x0,x18,x19	 x18:0x00000009 x19:0x00000000
       18805000	      1879	800005ec	87cee993	ori	x19,x29,-1924	 x29:0x00000737 x19=0xffffff7f
       18815000	      1880	800005f0	41548633	sub	x12,x9,x21	  x9:0x80009fc4 x21:0x00000001 x12=0x80009fc3
       18825000	      1881	800005f4	ff000093	addi	x1,x0,-16	  x0:0x00000000  x1=0xfffffff0
       18835000	      1882	800005f8	012a3c33	sltu	x24,x20,x18	 x20:0x00000000 x18:0x00000009 x24=0x00000001
       18845000	      1883	800005fc	016da633	slt	x12,x27,x22	 x27:0x80009f40 x22:0x00000000 x12=0x00000001
       18855000	      1884	80000600	01d4dfb3	srl	x31,x9,x29	  x9:0x80009fc4 x29:0x00000737 x31=0x00000100
       18865000	      1885	80000604	5cf0fc13	andi	x24,x1,1487	  x1:0xfffffff0 x24=0x000005c0
       18875000	      1886	80000608	011bd133	srl	x2,x23,x17	 x23:0x00000000 x17:0x000003c6  x2=0x00000000
       18885000	      1887	8000060c	ffb78793	addi	x15,x15,-5	 x15:0x00000009 x15=0x00000004
       18895000	      1888	80000610	66fb7593	andi	x11,x22,1647	 x22:0x00000000 x11=0x00000000
       18905000	      1889	80000614	fe1788e3	beq	x15,x1,80000604	 x15:0x00000004  x1:0xfffffff0
       18915000	      1890	80000618	005c4eb3	xor	x29,x24,x5	 x24:0x000005c0  x5:0x00000013 x29=0x000005d3
       18925000	      1891	8000061c	00500793	addi	x15,x0,5	  x0:0x00000000 x15=0x00000005
       18935000	      1892	80000620	0192e433	or	x8,x5,x25	  x5:0x00000013 x25:0x9f14d724  x8=0x9f14d737
       18945000	      1893	80000624	01c8e6b3	or	x13,x17,x28	 x17:0x000003c6 x28:0x7fff60c1 x13=0x7fff63c7
       18955000	      1894	80000628	ff300713	addi	x14,x0,-13	  x0:0x00000000 x14=0xfffffff3
       18965000	      1895	8000062c	18fdfe93	andi	x29,x27,399	 x27:0x80009f40 x29=0x00000100
       18975000	      1896	80000630	41ed5213	srai	x4,x26,0x1e	 x26:0x00000001  x4=0x00000000
       18985000	      1897	80000634	005a71b3	and	x3,x20,x5	 x20:0x00000000  x5:0x00000013  x3=0x00000000
       18995000	      1898	80000638	48aa0413	addi	x8,x20,1162	 x20:0x00000000  x8=0x0000048a
       19005000	      1899	8000063c	01fdcfb3	xor	x31,x27,x31	 x27:0x80009f40 x31:0x00000100 x31=0x80009e40
       19015000	      1900	80000640	e5404893	xori	x17,x0,-428	  x0:0x00000000 x17=0xfffffe54
       19025000	      1901	80000644	40295333	sra	x6,x18,x2	 x18:0x00000009  x2:0x00000000  x6=0x00000009
       19035000	      1902	80000648	ffa78793	addi	x15,x15,-6	 x15:0x00000005 x15=0xffffffff
       19045000	      1903	8000064c	089f3d37	lui	x26,0x89f3	 x26=0x089f3000
       19055000	      1904	80000650	00000993	addi	x19,x0,0	  x0:0x00000000 x19=0x00000000
       19065000	      1905	80000654	0fb6f613	andi	x12,x13,251	 x13:0x7fff63c7 x12=0x000000c3
       19075000	      1906	80000658	01100a13	addi	x20,x0,17	  x0:0x00000000 x20=0x00000011
       19085000	      1907	8000065c	00000013	addi	x0,x0,0	  x0:0x00000000
       19095000	      1908	80000660	014302b3	add	x5,x6,x20	  x6:0x00000009 x20:0x00000011  x5=0x0000001a
       19105000	      1909	80000664	00000013	addi	x0,x0,0	  x0:0x00000000
       19115000	      1910	80000668	b0076537	lui	x10,0xb0076	 x10=0xb0076000
       19125000	      1911	8000066c	0148bcb3	sltu	x25,x17,x20	 x17:0xfffffe54 x20:0x00000011 x25=0x00000000
       19135000	      1912	80000670	01e6bab3	sltu	x21,x13,x30	 x13:0x7fff63c7 x30:0x00000062 x21=0x00000000
       19145000	      1913	80000674	6758ab93	slti	x23,x17,1653	 x17:0xfffffe54 x23=0x00000001
       19155000	      1914	80000678	00598993	addi	x19,x19,5	 x19:0x00000000 x19=0x00000005
       19165000	      1915	8000067c	00000013	addi	x0,x0,0	  x0:0x00000000
       19175000	      1916	80000680	ff49c0e3	blt	x19,x20,80000660	 x19:0x00000005 x20:0x00000011
       19185000	      1917	00000000	00000013	addi	x0,x0,0	  x0:0x00000000
       19195000	      1918	8000065c	00000013	addi	x0,x0,0	  x0:0x00000000
       19205000	      1919	80000660	014302b3	add	x5,x6,x20	  x6:0x00000009 x20:0x00000011  x5=0x0000001a
       19215000	      1920	80000664	00000013	addi	x0,x0,0	  x0:0x00000000
       19225000	      1921	80000668	b0076537	lui	x10,0xb0076	 x10=0xb0076000
       19235000	      1922	8000066c	0148bcb3	sltu	x25,x17,x20	 x17:0xfffffe54 x20:0x00000011 x25=0x00000000
       19245000	      1923	80000670	01e6bab3	sltu	x21,x13,x30	 x13:0x7fff63c7 x30:0x00000062 x21=0x00000000
       19255000	      1924	80000674	6758ab93	slti	x23,x17,1653	 x17:0xfffffe54 x23=0x00000001
       19265000	      1925	80000678	00598993	addi	x19,x19,5	 x19:0x00000005 x19=0x0000000a
       19275000	      1926	8000067c	00000013	addi	x0,x0,0	  x0:0x00000000
       19285000	      1927	80000680	ff49c0e3	blt	x19,x20,80000660	 x19:0x0000000a x20:0x00000011
       19295000	      1928	00000000	00000013	addi	x0,x0,0	  x0:0x00000000
       19305000	      1929	8000065c	00000013	addi	x0,x0,0	  x0:0x00000000
       19315000	      1930	80000660	014302b3	add	x5,x6,x20	  x6:0x00000009 x20:0x00000011  x5=0x0000001a
       19325000	      1931	80000664	00000013	addi	x0,x0,0	  x0:0x00000000
       19335000	      1932	80000668	b0076537	lui	x10,0xb0076	 x10=0xb0076000
       19345000	      1933	8000066c	0148bcb3	sltu	x25,x17,x20	 x17:0xfffffe54 x20:0x00000011 x25=0x00000000
       19355000	      1934	80000670	01e6bab3	sltu	x21,x13,x30	 x13:0x7fff63c7 x30:0x00000062 x21=0x00000000
       19365000	      1935	80000674	6758ab93	slti	x23,x17,1653	 x17:0xfffffe54 x23=0x00000001
       19375000	      1936	80000678	00598993	addi	x19,x19,5	 x19:0x0000000a x19=0x0000000f
       19385000	      1937	8000067c	00000013	addi	x0,x0,0	  x0:0x00000000
       19395000	      1938	80000680	ff49c0e3	blt	x19,x20,80000660	 x19:0x0000000f x20:0x00000011
       19405000	      1939	00000000	00000013	addi	x0,x0,0	  x0:0x00000000
       19415000	      1940	8000065c	00000013	addi	x0,x0,0	  x0:0x00000000
       19425000	      1941	80000660	014302b3	add	x5,x6,x20	  x6:0x00000009 x20:0x00000011  x5=0x0000001a
       19435000	      1942	80000664	00000013	addi	x0,x0,0	  x0:0x00000000
       19445000	      1943	80000668	b0076537	lui	x10,0xb0076	 x10=0xb0076000
       19455000	      1944	8000066c	0148bcb3	sltu	x25,x17,x20	 x17:0xfffffe54 x20:0x00000011 x25=0x00000000
       19465000	      1945	80000670	01e6bab3	sltu	x21,x13,x30	 x13:0x7fff63c7 x30:0x00000062 x21=0x00000000
       19475000	      1946	80000674	6758ab93	slti	x23,x17,1653	 x17:0xfffffe54 x23=0x00000001
       19485000	      1947	80000678	00598993	addi	x19,x19,5	 x19:0x0000000f x19=0x00000014
       19495000	      1948	8000067c	00000013	addi	x0,x0,0	  x0:0x00000000
       19505000	      1949	80000680	ff49c0e3	blt	x19,x20,80000660	 x19:0x00000014 x20:0x00000011
       19515000	      1950	80000684	01e81533	sll	x10,x16,x30	 x16:0x7bc255c8 x30:0x00000062 x10=0xef095720
       19525000	      1951	80000688	00000013	addi	x0,x0,0	  x0:0x00000000
       19535000	      1952	8000068c	fae7dae3	bge	x15,x14,80000640	 x15:0xffffffff x14:0xfffffff3
       19545000	      1953	00000000	00000013	addi	x0,x0,0	  x0:0x00000000
       19555000	      1954	8000063c	00000013	addi	x0,x0,0	  x0:0x00000000
       19565000	      1955	80000640	e5404893	xori	x17,x0,-428	  x0:0x00000000 x17=0xfffffe54
       19575000	      1956	80000644	40295333	sra	x6,x18,x2	 x18:0x00000009  x2:0x00000000  x6=0x00000009
       19585000	      1957	80000648	ffa78793	addi	x15,x15,-6	 x15:0xffffffff x15=0xfffffff9
       19595000	      1958	8000064c	089f3d37	lui	x26,0x89f3	 x26=0x089f3000
       19605000	      1959	80000650	00000993	addi	x19,x0,0	  x0:0x00000000 x19=0x00000000
       19615000	      1960	80000654	0fb6f613	andi	x12,x13,251	 x13:0x7fff63c7 x12=0x000000c3
       19625000	      1961	80000658	01100a13	addi	x20,x0,17	  x0:0x00000000 x20=0x00000011
       19635000	      1962	8000065c	00000013	addi	x0,x0,0	  x0:0x00000000
       19645000	      1963	80000660	014302b3	add	x5,x6,x20	  x6:0x00000009 x20:0x00000011  x5=0x0000001a
       19655000	      1964	80000664	00000013	addi	x0,x0,0	  x0:0x00000000
       19665000	      1965	80000668	b0076537	lui	x10,0xb0076	 x10=0xb0076000
       19675000	      1966	8000066c	0148bcb3	sltu	x25,x17,x20	 x17:0xfffffe54 x20:0x00000011 x25=0x00000000
       19685000	      1967	80000670	01e6bab3	sltu	x21,x13,x30	 x13:0x7fff63c7 x30:0x00000062 x21=0x00000000
       19695000	      1968	80000674	6758ab93	slti	x23,x17,1653	 x17:0xfffffe54 x23=0x00000001
       19705000	      1969	80000678	00598993	addi	x19,x19,5	 x19:0x00000000 x19=0x00000005
       19715000	      1970	8000067c	00000013	addi	x0,x0,0	  x0:0x00000000
       19725000	      1971	80000680	ff49c0e3	blt	x19,x20,80000660	 x19:0x00000005 x20:0x00000011
       19735000	      1972	00000000	00000013	addi	x0,x0,0	  x0:0x00000000
       19745000	      1973	8000065c	00000013	addi	x0,x0,0	  x0:0x00000000
       19755000	      1974	80000660	014302b3	add	x5,x6,x20	  x6:0x00000009 x20:0x00000011  x5=0x0000001a
       19765000	      1975	80000664	00000013	addi	x0,x0,0	  x0:0x00000000
       19775000	      1976	80000668	b0076537	lui	x10,0xb0076	 x10=0xb0076000
       19785000	      1977	8000066c	0148bcb3	sltu	x25,x17,x20	 x17:0xfffffe54 x20:0x00000011 x25=0x00000000
       19795000	      1978	80000670	01e6bab3	sltu	x21,x13,x30	 x13:0x7fff63c7 x30:0x00000062 x21=0x00000000
       19805000	      1979	80000674	6758ab93	slti	x23,x17,1653	 x17:0xfffffe54 x23=0x00000001
       19815000	      1980	80000678	00598993	addi	x19,x19,5	 x19:0x00000005 x19=0x0000000a
       19825000	      1981	8000067c	00000013	addi	x0,x0,0	  x0:0x00000000
       19835000	      1982	80000680	ff49c0e3	blt	x19,x20,80000660	 x19:0x0000000a x20:0x00000011
       19845000	      1983	00000000	00000013	addi	x0,x0,0	  x0:0x00000000
       19855000	      1984	8000065c	00000013	addi	x0,x0,0	  x0:0x00000000
       19865000	      1985	80000660	014302b3	add	x5,x6,x20	  x6:0x00000009 x20:0x00000011  x5=0x0000001a
       19875000	      1986	80000664	00000013	addi	x0,x0,0	  x0:0x00000000
       19885000	      1987	80000668	b0076537	lui	x10,0xb0076	 x10=0xb0076000
       19895000	      1988	8000066c	0148bcb3	sltu	x25,x17,x20	 x17:0xfffffe54 x20:0x00000011 x25=0x00000000
       19905000	      1989	80000670	01e6bab3	sltu	x21,x13,x30	 x13:0x7fff63c7 x30:0x00000062 x21=0x00000000
       19915000	      1990	80000674	6758ab93	slti	x23,x17,1653	 x17:0xfffffe54 x23=0x00000001
       19925000	      1991	80000678	00598993	addi	x19,x19,5	 x19:0x0000000a x19=0x0000000f
       19935000	      1992	8000067c	00000013	addi	x0,x0,0	  x0:0x00000000
       19945000	      1993	80000680	ff49c0e3	blt	x19,x20,80000660	 x19:0x0000000f x20:0x00000011
       19955000	      1994	00000000	00000013	addi	x0,x0,0	  x0:0x00000000
       19965000	      1995	8000065c	00000013	addi	x0,x0,0	  x0:0x00000000
       19975000	      1996	80000660	014302b3	add	x5,x6,x20	  x6:0x00000009 x20:0x00000011  x5=0x0000001a
       19985000	      1997	80000664	00000013	addi	x0,x0,0	  x0:0x00000000
       19995000	      1998	80000668	b0076537	lui	x10,0xb0076	 x10=0xb0076000
       20005000	      1999	8000066c	0148bcb3	sltu	x25,x17,x20	 x17:0xfffffe54 x20:0x00000011 x25=0x00000000
       20015000	      2000	80000670	01e6bab3	sltu	x21,x13,x30	 x13:0x7fff63c7 x30:0x00000062 x21=0x00000000
       20025000	      2001	80000674	6758ab93	slti	x23,x17,1653	 x17:0xfffffe54 x23=0x00000001
       20035000	      2002	80000678	00598993	addi	x19,x19,5	 x19:0x0000000f x19=0x00000014
       20045000	      2003	8000067c	00000013	addi	x0,x0,0	  x0:0x00000000
       20055000	      2004	80000680	ff49c0e3	blt	x19,x20,80000660	 x19:0x00000014 x20:0x00000011
       20065000	      2005	80000684	01e81533	sll	x10,x16,x30	 x16:0x7bc255c8 x30:0x00000062 x10=0xef095720
       20075000	      2006	80000688	00000013	addi	x0,x0,0	  x0:0x00000000
       20085000	      2007	8000068c	fae7dae3	bge	x15,x14,80000640	 x15:0xfffffff9 x14:0xfffffff3
       20095000	      2008	00000000	00000013	addi	x0,x0,0	  x0:0x00000000
       20105000	      2009	8000063c	00000013	addi	x0,x0,0	  x0:0x00000000
       20115000	      2010	80000640	e5404893	xori	x17,x0,-428	  x0:0x00000000 x17=0xfffffe54
       20125000	      2011	80000644	40295333	sra	x6,x18,x2	 x18:0x00000009  x2:0x00000000  x6=0x00000009
       20135000	      2012	80000648	ffa78793	addi	x15,x15,-6	 x15:0xfffffff9 x15=0xfffffff3
       20145000	      2013	8000064c	089f3d37	lui	x26,0x89f3	 x26=0x089f3000
       20155000	      2014	80000650	00000993	addi	x19,x0,0	  x0:0x00000000 x19=0x00000000
       20165000	      2015	80000654	0fb6f613	andi	x12,x13,251	 x13:0x7fff63c7 x12=0x000000c3
       20175000	      2016	80000658	01100a13	addi	x20,x0,17	  x0:0x00000000 x20=0x00000011
       20185000	      2017	8000065c	00000013	addi	x0,x0,0	  x0:0x00000000
       20195000	      2018	80000660	014302b3	add	x5,x6,x20	  x6:0x00000009 x20:0x00000011  x5=0x0000001a
       20205000	      2019	80000664	00000013	addi	x0,x0,0	  x0:0x00000000
       20215000	      2020	80000668	b0076537	lui	x10,0xb0076	 x10=0xb0076000
       20225000	      2021	8000066c	0148bcb3	sltu	x25,x17,x20	 x17:0xfffffe54 x20:0x00000011 x25=0x00000000
       20235000	      2022	80000670	01e6bab3	sltu	x21,x13,x30	 x13:0x7fff63c7 x30:0x00000062 x21=0x00000000
       20245000	      2023	80000674	6758ab93	slti	x23,x17,1653	 x17:0xfffffe54 x23=0x00000001
       20255000	      2024	80000678	00598993	addi	x19,x19,5	 x19:0x00000000 x19=0x00000005
       20265000	      2025	8000067c	00000013	addi	x0,x0,0	  x0:0x00000000
       20275000	      2026	80000680	ff49c0e3	blt	x19,x20,80000660	 x19:0x00000005 x20:0x00000011
       20285000	      2027	00000000	00000013	addi	x0,x0,0	  x0:0x00000000
       20295000	      2028	8000065c	00000013	addi	x0,x0,0	  x0:0x00000000
       20305000	      2029	80000660	014302b3	add	x5,x6,x20	  x6:0x00000009 x20:0x00000011  x5=0x0000001a
       20315000	      2030	80000664	00000013	addi	x0,x0,0	  x0:0x00000000
       20325000	      2031	80000668	b0076537	lui	x10,0xb0076	 x10=0xb0076000
       20335000	      2032	8000066c	0148bcb3	sltu	x25,x17,x20	 x17:0xfffffe54 x20:0x00000011 x25=0x00000000
       20345000	      2033	80000670	01e6bab3	sltu	x21,x13,x30	 x13:0x7fff63c7 x30:0x00000062 x21=0x00000000
       20355000	      2034	80000674	6758ab93	slti	x23,x17,1653	 x17:0xfffffe54 x23=0x00000001
       20365000	      2035	80000678	00598993	addi	x19,x19,5	 x19:0x00000005 x19=0x0000000a
       20375000	      2036	8000067c	00000013	addi	x0,x0,0	  x0:0x00000000
       20385000	      2037	80000680	ff49c0e3	blt	x19,x20,80000660	 x19:0x0000000a x20:0x00000011
       20395000	      2038	00000000	00000013	addi	x0,x0,0	  x0:0x00000000
       20405000	      2039	8000065c	00000013	addi	x0,x0,0	  x0:0x00000000
       20415000	      2040	80000660	014302b3	add	x5,x6,x20	  x6:0x00000009 x20:0x00000011  x5=0x0000001a
       20425000	      2041	80000664	00000013	addi	x0,x0,0	  x0:0x00000000
       20435000	      2042	80000668	b0076537	lui	x10,0xb0076	 x10=0xb0076000
       20445000	      2043	8000066c	0148bcb3	sltu	x25,x17,x20	 x17:0xfffffe54 x20:0x00000011 x25=0x00000000
       20455000	      2044	80000670	01e6bab3	sltu	x21,x13,x30	 x13:0x7fff63c7 x30:0x00000062 x21=0x00000000
       20465000	      2045	80000674	6758ab93	slti	x23,x17,1653	 x17:0xfffffe54 x23=0x00000001
       20475000	      2046	80000678	00598993	addi	x19,x19,5	 x19:0x0000000a x19=0x0000000f
       20485000	      2047	8000067c	00000013	addi	x0,x0,0	  x0:0x00000000
       20495000	      2048	80000680	ff49c0e3	blt	x19,x20,80000660	 x19:0x0000000f x20:0x00000011
       20505000	      2049	00000000	00000013	addi	x0,x0,0	  x0:0x00000000
       20515000	      2050	8000065c	00000013	addi	x0,x0,0	  x0:0x00000000
       20525000	      2051	80000660	014302b3	add	x5,x6,x20	  x6:0x00000009 x20:0x00000011  x5=0x0000001a
       20535000	      2052	80000664	00000013	addi	x0,x0,0	  x0:0x00000000
       20545000	      2053	80000668	b0076537	lui	x10,0xb0076	 x10=0xb0076000
       20555000	      2054	8000066c	0148bcb3	sltu	x25,x17,x20	 x17:0xfffffe54 x20:0x00000011 x25=0x00000000
       20565000	      2055	80000670	01e6bab3	sltu	x21,x13,x30	 x13:0x7fff63c7 x30:0x00000062 x21=0x00000000
       20575000	      2056	80000674	6758ab93	slti	x23,x17,1653	 x17:0xfffffe54 x23=0x00000001
       20585000	      2057	80000678	00598993	addi	x19,x19,5	 x19:0x0000000f x19=0x00000014
       20595000	      2058	8000067c	00000013	addi	x0,x0,0	  x0:0x00000000
       20605000	      2059	80000680	ff49c0e3	blt	x19,x20,80000660	 x19:0x00000014 x20:0x00000011
       20615000	      2060	80000684	01e81533	sll	x10,x16,x30	 x16:0x7bc255c8 x30:0x00000062 x10=0xef095720
       20625000	      2061	80000688	00000013	addi	x0,x0,0	  x0:0x00000000
       20635000	      2062	8000068c	fae7dae3	bge	x15,x14,80000640	 x15:0xfffffff3 x14:0xfffffff3
       20645000	      2063	00000000	00000013	addi	x0,x0,0	  x0:0x00000000
       20655000	      2064	8000063c	00000013	addi	x0,x0,0	  x0:0x00000000
       20665000	      2065	80000640	e5404893	xori	x17,x0,-428	  x0:0x00000000 x17=0xfffffe54
       20675000	      2066	80000644	40295333	sra	x6,x18,x2	 x18:0x00000009  x2:0x00000000  x6=0x00000009
       20685000	      2067	80000648	ffa78793	addi	x15,x15,-6	 x15:0xfffffff3 x15=0xffffffed
       20695000	      2068	8000064c	089f3d37	lui	x26,0x89f3	 x26=0x089f3000
       20705000	      2069	80000650	00000993	addi	x19,x0,0	  x0:0x00000000 x19=0x00000000
       20715000	      2070	80000654	0fb6f613	andi	x12,x13,251	 x13:0x7fff63c7 x12=0x000000c3
       20725000	      2071	80000658	01100a13	addi	x20,x0,17	  x0:0x00000000 x20=0x00000011
       20735000	      2072	8000065c	00000013	addi	x0,x0,0	  x0:0x00000000
       20745000	      2073	80000660	014302b3	add	x5,x6,x20	  x6:0x00000009 x20:0x00000011  x5=0x0000001a
       20755000	      2074	80000664	00000013	addi	x0,x0,0	  x0:0x00000000
       20765000	      2075	80000668	b0076537	lui	x10,0xb0076	 x10=0xb0076000
       20775000	      2076	8000066c	0148bcb3	sltu	x25,x17,x20	 x17:0xfffffe54 x20:0x00000011 x25=0x00000000
       20785000	      2077	80000670	01e6bab3	sltu	x21,x13,x30	 x13:0x7fff63c7 x30:0x00000062 x21=0x00000000
       20795000	      2078	80000674	6758ab93	slti	x23,x17,1653	 x17:0xfffffe54 x23=0x00000001
       20805000	      2079	80000678	00598993	addi	x19,x19,5	 x19:0x00000000 x19=0x00000005
       20815000	      2080	8000067c	00000013	addi	x0,x0,0	  x0:0x00000000
       20825000	      2081	80000680	ff49c0e3	blt	x19,x20,80000660	 x19:0x00000005 x20:0x00000011
       20835000	      2082	00000000	00000013	addi	x0,x0,0	  x0:0x00000000
       20845000	      2083	8000065c	00000013	addi	x0,x0,0	  x0:0x00000000
       20855000	      2084	80000660	014302b3	add	x5,x6,x20	  x6:0x00000009 x20:0x00000011  x5=0x0000001a
       20865000	      2085	80000664	00000013	addi	x0,x0,0	  x0:0x00000000
       20875000	      2086	80000668	b0076537	lui	x10,0xb0076	 x10=0xb0076000
       20885000	      2087	8000066c	0148bcb3	sltu	x25,x17,x20	 x17:0xfffffe54 x20:0x00000011 x25=0x00000000
       20895000	      2088	80000670	01e6bab3	sltu	x21,x13,x30	 x13:0x7fff63c7 x30:0x00000062 x21=0x00000000
       20905000	      2089	80000674	6758ab93	slti	x23,x17,1653	 x17:0xfffffe54 x23=0x00000001
       20915000	      2090	80000678	00598993	addi	x19,x19,5	 x19:0x00000005 x19=0x0000000a
       20925000	      2091	8000067c	00000013	addi	x0,x0,0	  x0:0x00000000
       20935000	      2092	80000680	ff49c0e3	blt	x19,x20,80000660	 x19:0x0000000a x20:0x00000011
       20945000	      2093	00000000	00000013	addi	x0,x0,0	  x0:0x00000000
       20955000	      2094	8000065c	00000013	addi	x0,x0,0	  x0:0x00000000
       20965000	      2095	80000660	014302b3	add	x5,x6,x20	  x6:0x00000009 x20:0x00000011  x5=0x0000001a
       20975000	      2096	80000664	00000013	addi	x0,x0,0	  x0:0x00000000
       20985000	      2097	80000668	b0076537	lui	x10,0xb0076	 x10=0xb0076000
       20995000	      2098	8000066c	0148bcb3	sltu	x25,x17,x20	 x17:0xfffffe54 x20:0x00000011 x25=0x00000000
       21005000	      2099	80000670	01e6bab3	sltu	x21,x13,x30	 x13:0x7fff63c7 x30:0x00000062 x21=0x00000000
       21015000	      2100	80000674	6758ab93	slti	x23,x17,1653	 x17:0xfffffe54 x23=0x00000001
       21025000	      2101	80000678	00598993	addi	x19,x19,5	 x19:0x0000000a x19=0x0000000f
       21035000	      2102	8000067c	00000013	addi	x0,x0,0	  x0:0x00000000
       21045000	      2103	80000680	ff49c0e3	blt	x19,x20,80000660	 x19:0x0000000f x20:0x00000011
       21055000	      2104	00000000	00000013	addi	x0,x0,0	  x0:0x00000000
       21065000	      2105	8000065c	00000013	addi	x0,x0,0	  x0:0x00000000
       21075000	      2106	80000660	014302b3	add	x5,x6,x20	  x6:0x00000009 x20:0x00000011  x5=0x0000001a
       21085000	      2107	80000664	00000013	addi	x0,x0,0	  x0:0x00000000
       21095000	      2108	80000668	b0076537	lui	x10,0xb0076	 x10=0xb0076000
       21105000	      2109	8000066c	0148bcb3	sltu	x25,x17,x20	 x17:0xfffffe54 x20:0x00000011 x25=0x00000000
       21115000	      2110	80000670	01e6bab3	sltu	x21,x13,x30	 x13:0x7fff63c7 x30:0x00000062 x21=0x00000000
       21125000	      2111	80000674	6758ab93	slti	x23,x17,1653	 x17:0xfffffe54 x23=0x00000001
       21135000	      2112	80000678	00598993	addi	x19,x19,5	 x19:0x0000000f x19=0x00000014
       21145000	      2113	8000067c	00000013	addi	x0,x0,0	  x0:0x00000000
       21155000	      2114	80000680	ff49c0e3	blt	x19,x20,80000660	 x19:0x00000014 x20:0x00000011
       21165000	      2115	80000684	01e81533	sll	x10,x16,x30	 x16:0x7bc255c8 x30:0x00000062 x10=0xef095720
       21175000	      2116	80000688	00000013	addi	x0,x0,0	  x0:0x00000000
       21185000	      2117	8000068c	fae7dae3	bge	x15,x14,80000640	 x15:0xffffffed x14:0xfffffff3
       21195000	      2118	80000690	2c5d6093	ori	x1,x26,709	 x26:0x089f3000  x1=0x089f32c5
       21205000	      2119	80000694	fff00893	addi	x17,x0,-1	  x0:0x00000000 x17=0xffffffff
       21215000	      2120	80000698	00e00793	addi	x15,x0,14	  x0:0x00000000 x15=0x0000000e
       21225000	      2121	8000069c	000cd213	srli	x4,x25,0x0	 x25:0x00000000  x4=0x00000000
       21235000	      2122	800006a0	0e16ab93	slti	x23,x13,225	 x13:0x7fff63c7 x23=0x00000000
       21245000	      2123	800006a4	40498eb3	sub	x29,x19,x4	 x19:0x00000014  x4:0x00000000 x29=0x00000014
       21255000	      2124	800006a8	4acbb293	sltiu	x5,x23,1196	 x23:0x00000000  x5=0x00000001
       21265000	      2125	800006ac	00475833	srl	x16,x14,x4	 x14:0xfffffff3  x4:0x00000000 x16=0xfffffff3
       21275000	      2126	800006b0	00588893	addi	x17,x17,5	 x17:0xffffffff x17=0x00000004
       21285000	      2127	800006b4	3332af13	slti	x30,x5,819	  x5:0x00000001 x30=0x00000001
       21295000	      2128	800006b8	00ccc2b3	xor	x5,x25,x12	 x25:0x00000000 x12:0x000000c3  x5=0x000000c3
       21305000	      2129	800006bc	b1ce6f97	auipc	x31,0xb1ce6	 x31=0x31ce66b8
       21315000	      2130	800006c0	4f0b4517	auipc	x10,0x4f0b4	 x10=0xcf0b46bc
       21325000	      2131	800006c4	41098eb3	sub	x29,x19,x16	 x19:0x00000014 x16:0xfffffff3 x29=0x00000021
       21335000	      2132	800006c8	0130e533	or	x10,x1,x19	  x1:0x089f32c5 x19:0x00000014 x10=0x089f32d5
       21345000	      2133	800006cc	00700113	addi	x2,x0,7	  x0:0x00000000  x2=0x00000007
       21355000	      2134	800006d0	010b21b3	slt	x3,x22,x16	 x22:0x00000000 x16:0xfffffff3  x3=0x00000000
       21365000	      2135	800006d4	eed27b13	andi	x22,x4,-275	  x4:0x00000000 x22=0x00000000
       21375000	      2136	800006d8	a6f72613	slti	x12,x14,-1425	 x14:0xfffffff3 x12=0x00000000
       21385000	      2137	800006dc	27573c93	sltiu	x25,x14,629	 x14:0xfffffff3 x25=0x00000000
       21395000	      2138	800006e0	9b262f13	slti	x30,x12,-1614	 x12:0x00000000 x30=0x00000000
       21405000	      2139	800006e4	ff700993	addi	x19,x0,-9	  x0:0x00000000 x19=0xfffffff7
       21415000	      2140	800006e8	98916393	ori	x7,x2,-1655	  x2:0x00000007  x7=0xfffff98f
       21425000	      2141	800006ec	4b993c13	sltiu	x24,x18,1209	 x18:0x00000009 x24=0x00000001
       21435000	      2142	800006f0	ff810113	addi	x2,x2,-8	  x2:0x00000007  x2=0xffffffff
       21445000	      2143	800006f4	0038c033	xor	x0,x17,x3	 x17:0x00000004  x3:0x00000000
       21455000	      2144	800006f8	572952b7	lui	x5,0x57295	  x5=0x57295000
       21465000	      2145	800006fc	40f15cb3	sra	x25,x2,x15	  x2:0xffffffff x15:0x0000000e x25=0xffffffff
       21475000	      2146	80000700	006aac33	slt	x24,x21,x6	 x21:0x00000000  x6:0x00000009 x24=0x00000001
       21485000	      2147	80000704	012a52b3	srl	x5,x20,x18	 x20:0x00000011 x18:0x00000009  x5=0x00000000
       21495000	      2148	80000708	00d5d033	srl	x0,x11,x13	 x11:0x00000000 x13:0x7fff63c7
       21505000	      2149	8000070c	ff3110e3	bne	x2,x19,800006ec	  x2:0xffffffff x19:0xfffffff7
       21515000	      2150	00000000	00000013	addi	x0,x0,0	  x0:0x00000000
       21525000	      2151	800006e8	00000013	addi	x0,x0,0	  x0:0x00000000
       21535000	      2152	800006ec	4b993c13	sltiu	x24,x18,1209	 x18:0x00000009 x24=0x00000001
       21545000	      2153	800006f0	ff810113	addi	x2,x2,-8	  x2:0xffffffff  x2=0xfffffff7
       21555000	      2154	800006f4	0038c033	xor	x0,x17,x3	 x17:0x00000004  x3:0x00000000
       21565000	      2155	800006f8	572952b7	lui	x5,0x57295	  x5=0x57295000
       21575000	      2156	800006fc	40f15cb3	sra	x25,x2,x15	  x2:0xfffffff7 x15:0x0000000e x25=0xffffffff
       21585000	      2157	80000700	006aac33	slt	x24,x21,x6	 x21:0x00000000  x6:0x00000009 x24=0x00000001
       21595000	      2158	80000704	012a52b3	srl	x5,x20,x18	 x20:0x00000011 x18:0x00000009  x5=0x00000000
       21605000	      2159	80000708	00d5d033	srl	x0,x11,x13	 x11:0x00000000 x13:0x7fff63c7
       21615000	      2160	8000070c	ff3110e3	bne	x2,x19,800006ec	  x2:0xfffffff7 x19:0xfffffff7
       21625000	      2161	80000710	40618e33	sub	x28,x3,x6	  x3:0x00000000  x6:0x00000009 x28=0xfffffff7
       21635000	      2162	80000714	f8f88ae3	beq	x17,x15,800006a8	 x17:0x00000004 x15:0x0000000e
       21645000	      2163	80000718	84053c13	sltiu	x24,x10,-1984	 x10:0x089f32d5 x24=0x00000001
       21655000	      2164	8000071c	04ec7263	bgeu	x24,x14,80000760	 x24:0x00000001 x14:0xfffffff3
       21665000	      2165	80000720	2a538f93	addi	x31,x7,677	  x7:0xfffff98f x31=0xfffffc34
       21675000	      2166	80000724	00278e33	add	x28,x15,x2	 x15:0x0000000e  x2:0xfffffff7 x28=0x00000005
       21685000	      2167	80000728	00757f33	and	x30,x10,x7	 x10:0x089f32d5  x7:0xfffff98f x30=0x089f3085
       21695000	      2168	8000072c	405d0333	sub	x6,x26,x5	 x26:0x089f3000  x5:0x00000000  x6=0x089f3000
       21705000	      2169	80000730	414fd0b3	sra	x1,x31,x20	 x31:0xfffffc34 x20:0x00000011  x1=0xffffffff
       21715000	      2170	80000734	00b8d6b3	srl	x13,x17,x11	 x17:0x00000004 x11:0x00000000 x13=0x00000004
       21725000	      2171	80000738	415add13	srai	x26,x21,0x15	 x21:0x00000000 x26=0x00000000
       21735000	      2172	8000073c	8b57f293	andi	x5,x15,-1867	 x15:0x0000000e  x5=0x00000004
       21745000	      2173	80000740	51a40b13	addi	x22,x8,1306	  x8:0x0000048a x22=0x000009a4
       21755000	      2174	80000744	41bd8d33	sub	x26,x27,x27	 x27:0x80009f40 x27:0x80009f40 x26=0x00000000
       21765000	      2175	80000748	03065463	bge	x12,x16,80000770	 x12:0x00000000 x16:0xfffffff3
       21775000	      2176	00000000	00000013	addi	x0,x0,0	  x0:0x00000000
       21785000	      2177	8000076c	00000013	addi	x0,x0,0	  x0:0x00000000
       21795000	      2178	80000770	05791463	bne	x18,x23,800007b8	 x18:0x00000009 x23:0x00000000
       21805000	      2179	00000000	00000013	addi	x0,x0,0	  x0:0x00000000
       21815000	      2180	800007b4	00000013	addi	x0,x0,0	  x0:0x00000000
       21825000	      2181	800007b8	00ffa7b3	slt	x15,x31,x15	 x31:0xfffffc34 x15:0x0000000e x15=0x00000001
       21835000	      2182	800007bc	01f31b93	slli	x23,x6,0x1f	  x6:0x089f3000 x23=0x00000000
       21845000	      2183	800007c0	00000013	addi	x0,x0,0	  x0:0x00000000
       21855000	      2184	800007c4	5494a093	slti	x1,x9,1353	  x9:0x80009fc4  x1=0x00000001
       21865000	      2185	800007c8	01e51e93	slli	x29,x10,0x1e	 x10:0x089f32d5 x29=0x40000000
       21875000	      2186	800007cc	f7684b13	xori	x22,x16,-138	 x16:0xfffffff3 x22=0x00000085
       21885000	      2187	800007d0	133bbe13	sltiu	x28,x23,307	 x23:0x00000000 x28=0x00000001
       21895000	      2188	800007d4	fcfa4c97	auipc	x25,0xfcfa4	 x25=0x7cfa47d0
       21905000	      2189	800007d8	02070863	beq	x14,x0,80000808	 x14:0xfffffff3  x0:0x00000000
       21915000	      2190	800007dc	01ea2f33	slt	x30,x20,x30	 x20:0x00000011 x30:0x089f3085 x30=0x00000001
       21925000	      2191	800007e0	00666033	or	x0,x12,x6	 x12:0x00000000  x6:0x089f3000
       21935000	      2192	800007e4	00377533	and	x10,x14,x3	 x14:0xfffffff3  x3:0x00000000 x10=0x00000000
       21945000	      2193	800007e8	00bfe533	or	x10,x31,x11	 x31:0xfffffc34 x11:0x00000000 x10=0xfffffc34
       21955000	      2194	800007ec	ed746593	ori	x11,x8,-297	  x8:0x0000048a x11=0xfffffedf
       21965000	      2195	800007f0	41658cb3	sub	x25,x11,x22	 x11:0xfffffedf x22:0x00000085 x25=0xfffffe5a
       21975000	      2196	800007f4	406557b3	sra	x15,x10,x6	 x10:0xfffffc34  x6:0x089f3000 x15=0xfffffc34
       21985000	      2197	800007f8	00690eb3	add	x29,x18,x6	 x18:0x00000009  x6:0x089f3000 x29=0x089f3009
       21995000	      2198	800007fc	012e5eb3	srl	x29,x28,x18	 x28:0x00000001 x18:0x00000009 x29=0x00000000
       22005000	      2199	80000800	037b4a63	blt	x22,x23,80000834	 x22:0x00000085 x23:0x00000000
       22015000	      2200	80000804	00ba0663	beq	x20,x11,80000810	 x20:0x00000011 x11:0xfffffedf
       22025000	      2201	80000808	41b289b3	sub	x19,x5,x27	  x5:0x00000004 x27:0x80009f40 x19=0x7fff60c4
       22035000	      2202	8000080c	01d97c63	bgeu	x18,x29,80000824	 x18:0x00000009 x29:0x00000000
       22045000	      2203	00000000	00000013	addi	x0,x0,0	  x0:0x00000000
       22055000	      2204	80000820	00000013	addi	x0,x0,0	  x0:0x00000000
       22065000	      2205	80000824	00da4033	xor	x0,x20,x13	 x20:0x00000011 x13:0x00000004
       22075000	      2206	80000828	015b39b3	sltu	x19,x22,x21	 x22:0x00000085 x21:0x00000000 x19=0x00000000
       22085000	      2207	8000082c	4014d693	srai	x13,x9,0x1	  x9:0x80009fc4 x13=0xc0004fe2
       22095000	      2208	80000830	0129ce63	blt	x19,x18,8000084c	 x19:0x00000000 x18:0x00000009
       22105000	      2209	00000000	00000013	addi	x0,x0,0	  x0:0x00000000
       22115000	      2210	80000848	00000013	addi	x0,x0,0	  x0:0x00000000
       22125000	      2211	8000084c	0f7dc517	auipc	x10,0xf7dc	 x10=0x8f7dc848
       22135000	      2212	80000850	ce44bf93	sltiu	x31,x9,-796	  x9:0x80009fc4 x31=0x00000001
       22145000	      2213	80000854	003e1863	bne	x28,x3,80000864	 x28:0x00000001  x3:0x00000000
       22155000	      2214	00000000	00000013	addi	x0,x0,0	  x0:0x00000000
       22165000	      2215	80000860	00000013	addi	x0,x0,0	  x0:0x00000000
       22175000	      2216	80000864	0bc67f37	lui	x30,0xbc67	 x30=0x0bc67000
       22185000	      2217	80000868	0b7c0f93	addi	x31,x24,183	 x24:0x00000001 x31=0x000000b8
       22195000	      2218	8000086c	0000c8b3	xor	x17,x1,x0	  x1:0x00000001  x0:0x00000000 x17=0x00000001
       22205000	      2219	80000870	04ebf263	bgeu	x23,x14,800008b4	 x23:0x00000000 x14:0xfffffff3
       22215000	      2220	80000874	00000013	addi	x0,x0,0	  x0:0x00000000
       22225000	      2221	80000878	878b8293	addi	x5,x23,-1928	 x23:0x00000000  x5=0xfffff878
       22235000	      2222	8000087c	45a94893	xori	x17,x18,1114	 x18:0x00000009 x17=0x00000453
       22245000	      2223	80000880	41cfd1b3	sra	x3,x31,x28	 x31:0x000000b8 x28:0x00000001  x3=0x0000005c
       22255000	      2224	80000884	61428313	addi	x6,x5,1556	  x5:0xfffff878  x6=0xfffffe8c
       22265000	      2225	80000888	b4fdb213	sltiu	x4,x27,-1201	 x27:0x80009f40  x4=0x00000001
       22275000	      2226	8000088c	45bc8393	addi	x7,x25,1115	 x25:0xfffffe5a  x7=0x000002b5
       22285000	      2227	80000890	010d2133	slt	x2,x26,x16	 x26:0x00000000 x16:0xfffffff3  x2=0x00000000
       22295000	      2228	80000894	7786f193	andi	x3,x13,1912	 x13:0xc0004fe2  x3=0x00000760
       22305000	      2229	80000898	034d8e63	beq	x27,x20,800008d4	 x27:0x80009f40 x20:0x00000011
       22315000	      2230	8000089c	366a2e37	lui	x28,0x366a2	 x28=0x366a2000
       22325000	      2231	800008a0	00e29f13	slli	x30,x5,0xe	  x5:0xfffff878 x30=0xfe1e0000
       22335000	      2232	800008a4	0129aa33	slt	x20,x19,x18	 x19:0x00000000 x18:0x00000009 x20=0x00000001
       22345000	      2233	800008a8	71a09a97	auipc	x21,0x71a09	 x21=0xf1a098a4
       22355000	      2234	800008ac	01a5e8b3	or	x17,x11,x26	 x11:0xfffffedf x26:0x00000000 x17=0xfffffedf
       22365000	      2235	800008b0	4146d8b3	sra	x17,x13,x20	 x13:0xc0004fe2 x20:0x00000001 x17=0xe00027f1
       22375000	      2236	800008b4	00062133	slt	x2,x12,x0	 x12:0x00000000  x0:0x00000000  x2=0x00000000
       22385000	      2237	800008b8	00000013	addi	x0,x0,0	  x0:0x00000000
       22395000	      2238	800008bc	01b3b3b3	sltu	x7,x7,x27	  x7:0x000002b5 x27:0x80009f40  x7=0x00000001
       22405000	      2239	800008c0	117e9117	auipc	x2,0x117e9	  x2=0x917e98bc
       22415000	      2240	800008c4	0183ecb3	or	x25,x7,x24	  x7:0x00000001 x24:0x00000001 x25=0x00000001
       22425000	      2241	800008c8	addfce93	xori	x29,x31,-1315	 x31:0x000000b8 x29=0xfffffa65
       22435000	      2242	800008cc	7a8a2a13	slti	x20,x20,1960	 x20:0x00000001 x20=0x00000001
       22445000	      2243	800008d0	0077a5b3	slt	x11,x15,x7	 x15:0xfffffc34  x7:0x00000001 x11=0x00000001
       22455000	      2244	800008d4	01d49f13	slli	x30,x9,0x1d	  x9:0x80009fc4 x30=0x80000000
       22465000	      2245	800008d8	97f8b613	sltiu	x12,x17,-1665	 x17:0xe00027f1 x12=0x00000001
       22475000	      2246	800008dc	00021d33	sll	x26,x4,x0	  x4:0x00000001  x0:0x00000000 x26=0x00000001
       22485000	      2247	800008e0	0435c663	blt	x11,x3,8000092c	 x11:0x00000001  x3:0x00000760
       22495000	      2248	00000000	00000013	addi	x0,x0,0	  x0:0x00000000
       22505000	      2249	80000928	00000013	addi	x0,x0,0	  x0:0x00000000
       22515000	      2250	8000092c	4024d0b3	sra	x1,x9,x2	  x9:0x80009fc4  x2:0x917e98bc  x1=0xfffffff8
       22525000	      2251	80000930	00336863	bltu	x6,x3,80000940	  x6:0xfffffe8c  x3:0x00000760
       22535000	      2252	80000934	d844f213	andi	x4,x9,-636	  x9:0x80009fc4  x4=0x80009d84
       22545000	      2253	80000938	00850eb3	add	x29,x10,x8	 x10:0x8f7dc848  x8:0x0000048a x29=0x8f7dccd2
       22555000	      2254	8000093c	017e1d33	sll	x26,x28,x23	 x28:0x366a2000 x23:0x00000000 x26=0x366a2000
       22565000	      2255	80000940	0166e9b3	or	x19,x13,x22	 x13:0xc0004fe2 x22:0x00000085 x19=0xc0004fe7
       22575000	      2256	80000944	00876263	bltu	x14,x8,80000948	 x14:0xfffffff3  x8:0x0000048a
       22585000	      2257	80000948	0013b8b3	sltu	x17,x7,x1	  x7:0x00000001  x1:0xfffffff8 x17=0x00000001
       22595000	      2258	8000094c	40330cb3	sub	x25,x6,x3	  x6:0xfffffe8c  x3:0x00000760 x25=0xfffff72c
       22605000	      2259	80000950	0055cf33	xor	x30,x11,x5	 x11:0x00000001  x5:0xfffff878 x30=0xfffff879
       22615000	      2260	80000954	0131d263	bge	x3,x19,80000958	  x3:0x00000760 x19:0xc0004fe7
       22625000	      2261	00000000	00000013	addi	x0,x0,0	  x0:0x00000000
       22635000	      2262	80000954	00000013	addi	x0,x0,0	  x0:0x00000000
       22645000	      2263	80000958	049ee463	bltu	x29,x9,800009a0	 x29:0x8f7dccd2  x9:0x80009fc4
       22655000	      2264	8000095c	05a41463	bne	x8,x26,800009a4	  x8:0x0000048a x26:0x366a2000
       22665000	      2265	00000000	00000013	addi	x0,x0,0	  x0:0x00000000
       22675000	      2266	800009a0	00000013	addi	x0,x0,0	  x0:0x00000000
       22685000	      2267	800009a4	40b48b33	sub	x22,x9,x11	  x9:0x80009fc4 x11:0x00000001 x22=0x80009fc3
       22695000	      2268	800009a8	00f43fb3	sltu	x31,x8,x15	  x8:0x0000048a x15:0xfffffc34 x31=0x00000001
       22705000	      2269	800009ac	052a6063	bltu	x20,x18,800009ec	 x20:0x00000001 x18:0x00000009
       22715000	      2270	00000000	00000013	addi	x0,x0,0	  x0:0x00000000
       22725000	      2271	800009e8	00000013	addi	x0,x0,0	  x0:0x00000000
       22735000	      2272	800009ec	00a9b3b3	sltu	x7,x19,x10	 x19:0xc0004fe7 x10:0x8f7dc848  x7=0x00000000
       22745000	      2273	800009f0	01428733	add	x14,x5,x20	  x5:0xfffff878 x20:0x00000001 x14=0xfffff879
       22755000	      2274	800009f4	00000013	addi	x0,x0,0	  x0:0x00000000
       22765000	      2275	800009f8	01f7ea33	or	x20,x15,x31	 x15:0xfffffc34 x31:0x00000001 x20=0xfffffc35
       22775000	      2276	800009fc	dbc74393	xori	x7,x14,-580	 x14:0xfffff879  x7=0x000005c5
       22785000	      2277	80000a00	41565993	srai	x19,x12,0x15	 x12:0x00000001 x19=0x00000000
       22795000	      2278	80000a04	009bf663	bgeu	x23,x9,80000a10	 x23:0x00000000  x9:0x80009fc4
       22805000	      2279	80000a08	02c97263	bgeu	x18,x12,80000a2c	 x18:0x00000009 x12:0x00000001
       22815000	      2280	00000000	00000013	addi	x0,x0,0	  x0:0x00000000
       22825000	      2281	80000a28	00000013	addi	x0,x0,0	  x0:0x00000000
       22835000	      2282	80000a2c	01175113	srli	x2,x14,0x11	 x14:0xfffff879  x2=0x00007fff
       22845000	      2283	80000a30	00b91c93	slli	x25,x18,0xb	 x18:0x00000009 x25=0x00004800
       22855000	      2284	80000a34	15e041b7	lui	x3,0x15e04	  x3=0x15e04000
       22865000	      2285	80000a38	026c0a63	beq	x24,x6,80000a6c	 x24:0x00000001  x6:0xfffffe8c
       22875000	      2286	80000a3c	01ea4d33	xor	x26,x20,x30	 x20:0xfffffc35 x30:0xfffff879 x26=0x0000044c
       22885000	      2287	80000a40	01787a33	and	x20,x16,x23	 x16:0xfffffff3 x23:0x00000000 x20=0x00000000
       22895000	      2288	80000a44	01dc6263	bltu	x24,x29,80000a48	 x24:0x00000001 x29:0x8f7dccd2
       22905000	      2289	00000000	00000013	addi	x0,x0,0	  x0:0x00000000
       22915000	      2290	80000a44	00000013	addi	x0,x0,0	  x0:0x00000000
       22925000	      2291	80000a48	40648633	sub	x12,x9,x6	  x9:0x80009fc4  x6:0xfffffe8c x12=0x8000a138
       22935000	      2292	80000a4c	00000013	addi	x0,x0,0	  x0:0x00000000
       22945000	      2293	80000a50	019de8b3	or	x17,x27,x25	 x27:0x80009f40 x25:0x00004800 x17=0x8000df40
       22955000	      2294	80000a54	3c2c8c37	lui	x24,0x3c2c8	 x24=0x3c2c8000
       22965000	      2295	80000a58	b5b51417	auipc	x8,0xb5b51	  x8=0x35b51a54
       22975000	      2296	80000a5c	01654f33	xor	x30,x10,x22	 x10:0x8f7dc848 x22:0x80009fc3 x30=0x0f7d578b
       22985000	      2297	80000a60	0094cbb3	xor	x23,x9,x9	  x9:0x80009fc4  x9:0x80009fc4 x23=0x00000000
       22995000	      2298	80000a64	b08e0037	lui	x0,0xb08e0	
       23005000	      2299	80000a68	02376a63	bltu	x14,x3,80000a9c	 x14:0xfffff879  x3:0x15e04000
       23015000	      2300	80000a6c	0158aeb3	slt	x29,x17,x21	 x17:0x8000df40 x21:0xf1a098a4 x29=0x00000001
       23025000	      2301	80000a70	f55abd13	sltiu	x26,x21,-171	 x21:0xf1a098a4 x26=0x00000001
       23035000	      2302	80000a74	00ef5a13	srli	x20,x30,0xe	 x30:0x0f7d578b x20=0x00003df5
       23045000	      2303	80000a78	bda13793	sltiu	x15,x2,-1062	  x2:0x00007fff x15=0x00000001
       23055000	      2304	80000a7c	012d8e63	beq	x27,x18,80000a98	 x27:0x80009f40 x18:0x00000009
       23065000	      2305	80000a80	02bb7e63	bgeu	x22,x11,80000abc	 x22:0x80009fc3 x11:0x00000001
       23075000	      2306	00000000	00000013	addi	x0,x0,0	  x0:0x00000000
       23085000	      2307	80000ab8	00000013	addi	x0,x0,0	  x0:0x00000000
       23095000	      2308	80000abc	01aba8b3	slt	x17,x23,x26	 x23:0x00000000 x26:0x00000001 x17=0x00000001
       23105000	      2309	80000ac0	0107ce63	blt	x15,x16,80000adc	 x15:0x00000001 x16:0xfffffff3
       23115000	      2310	80000ac4	001f1c33	sll	x24,x30,x1	 x30:0x0f7d578b  x1:0xfffffff8 x24=0x8b000000
       23125000	      2311	80000ac8	00429a63	bne	x5,x4,80000adc	  x5:0xfffff878  x4:0x80009d84
       23135000	      2312	00000000	00000013	addi	x0,x0,0	  x0:0x00000000
       23145000	      2313	80000ad8	00000013	addi	x0,x0,0	  x0:0x00000000
       23155000	      2314	80000adc	00ccfcb3	and	x25,x25,x12	 x25:0x00004800 x12:0x8000a138 x25=0x00000000
       23165000	      2315	80000ae0	40cd5f13	srai	x30,x26,0xc	 x26:0x00000001 x30=0x00000000
       23175000	      2316	80000ae4	004da783	lw	x15,4(x27)	 x27:0x80009f40 x15=0x80002860 PA:0x80009f44
       23185000	      2317	80000ae8	00cd8d93	addi	x27,x27,12	 x27:0x80009f40 x27=0x80009f4c
       23195000	      2318	80000aec	004503b3	add	x7,x10,x4	 x10:0x8f7dc848  x4:0x80009d84  x7=0x0f7e65cc
       23205000	      2319	80000af0	40d15f33	sra	x30,x2,x13	  x2:0x00007fff x13:0xc0004fe2 x30=0x00001fff
       23215000	      2320	80000af4	00078b13	addi	x22,x15,0	 x15:0x80002860 x22=0x80002860
       23225000	      2321	80000af8	000b0b67	jalr	x22,x22,0	 x22:0x80002860 x22=0x80000af8
       23235000	      2322	00000000	00000013	addi	x0,x0,0	  x0:0x00000000
       23245000	      2323	80002860	00000013	addi	x0,x0,0	  x0:0x00000000
       23255000	      2324	80002864	ffa00193	addi	x3,x0,-6	  x0:0x00000000  x3=0xfffffffa
       23265000	      2325	80002868	b09cea37	lui	x20,0xb09ce	 x20=0xb09ce000
       23275000	      2326	8000286c	88873693	sltiu	x13,x14,-1912	 x14:0xfffff879 x13=0x00000001
       23285000	      2327	80002870	ff400613	addi	x12,x0,-12	  x0:0x00000000 x12=0xfffffff4
       23295000	      2328	80002874	75d23f13	sltiu	x30,x4,1885	  x4:0x80009d84 x30=0x00000000
       23305000	      2329	80002878	001a68b3	or	x17,x20,x1	 x20:0xb09ce000  x1:0xfffffff8 x17=0xfffffff8
       23315000	      2330	8000287c	5ba44a37	lui	x20,0x5ba44	 x20=0x5ba44000
       23325000	      2331	80002880	00139f33	sll	x30,x7,x1	  x7:0x0f7e65cc  x1:0xfffffff8 x30=0xcc000000
       23335000	      2332	80002884	01656833	or	x16,x10,x22	 x10:0x8f7dc848 x22:0x80000af8 x16=0x8f7dcaf8
       23345000	      2333	80002888	01d05793	srli	x15,x0,0x1d	  x0:0x00000000 x15=0x00000000
       23355000	      2334	8000288c	00783ab3	sltu	x21,x16,x7	 x16:0x8f7dcaf8  x7:0x0f7e65cc x21=0x00000000
       23365000	      2335	80002890	71438693	addi	x13,x7,1812	  x7:0x0f7e65cc x13=0x0f7e6ce0
       23375000	      2336	80002894	0015ae33	slt	x28,x11,x1	 x11:0x00000001  x1:0xfffffff8 x28=0x00000000
       23385000	      2337	80002898	002d7d33	and	x26,x26,x2	 x26:0x00000001  x2:0x00007fff x26=0x00000001
       23395000	      2338	8000289c	014f5bb3	srl	x23,x30,x20	 x30:0xcc000000 x20:0x5ba44000 x23=0xcc000000
       23405000	      2339	800028a0	004783b3	add	x7,x15,x4	 x15:0x00000000  x4:0x80009d84  x7=0x80009d84
       23415000	      2340	800028a4	a5748837	lui	x16,0xa5748	 x16=0xa5748000
       23425000	      2341	800028a8	002669b3	or	x19,x12,x2	 x12:0xfffffff4  x2:0x00007fff x19=0xffffffff
       23435000	      2342	800028ac	bd1d0513	addi	x10,x26,-1071	 x26:0x00000001 x10=0xfffffbd2
       23445000	      2343	800028b0	ffd18193	addi	x3,x3,-3	  x3:0xfffffffa  x3=0xfffffff7
       23455000	      2344	800028b4	407d8cb3	sub	x25,x27,x7	 x27:0x80009f4c  x7:0x80009d84 x25=0x000001c8
       23465000	      2345	800028b8	4055da33	sra	x20,x11,x5	 x11:0x00000001  x5:0xfffff878 x20=0x00000000
       23475000	      2346	800028bc	017ca2b3	slt	x5,x25,x23	 x25:0x000001c8 x23:0xcc000000  x5=0x00000000
       23485000	      2347	800028c0	57427093	andi	x1,x4,1396	  x4:0x80009d84  x1=0x00000504
       23495000	      2348	800028c4	01265f13	srli	x30,x12,0x12	 x12:0xfffffff4 x30=0x00003fff
       23505000	      2349	800028c8	fac18ae3	beq	x3,x12,8000287c	  x3:0xfffffff7 x12:0xfffffff4
       23515000	      2350	800028cc	41138233	sub	x4,x7,x17	  x7:0x80009d84 x17:0xfffffff8  x4=0x80009d8c
       23525000	      2351	800028d0	ff900213	addi	x4,x0,-7	  x0:0x00000000  x4=0xfffffff9
       23535000	      2352	800028d4	009b1d13	slli	x26,x22,0x9	 x22:0x80000af8 x26=0x0015f000
       23545000	      2353	800028d8	00e00893	addi	x17,x0,14	  x0:0x00000000 x17=0x0000000e
       23555000	      2354	800028dc	016ff533	and	x10,x31,x22	 x31:0x00000001 x22:0x80000af8 x10=0x00000000
       23565000	      2355	800028e0	01cf37b3	sltu	x15,x30,x28	 x30:0x00003fff x28:0x00000000 x15=0x00000000
       23575000	      2356	800028e4	00720213	addi	x4,x4,7	  x4:0xfffffff9  x4=0x00000000
       23585000	      2357	800028e8	00fcc0b3	xor	x1,x25,x15	 x25:0x000001c8 x15:0x00000000  x1=0x000001c8
       23595000	      2358	800028ec	41375833	sra	x16,x14,x19	 x14:0xfffff879 x19:0xffffffff x16=0xffffffff
       23605000	      2359	800028f0	00700593	addi	x11,x0,7	  x0:0x00000000 x11=0x00000007
       23615000	      2360	800028f4	00f496b3	sll	x13,x9,x15	  x9:0x80009fc4 x15:0x00000000 x13=0x80009fc4
       23625000	      2361	800028f8	ffe00b13	addi	x22,x0,-2	  x0:0x00000000 x22=0xfffffffe
       23635000	      2362	800028fc	005b47b3	xor	x15,x22,x5	 x22:0xfffffffe  x5:0x00000000 x15=0xfffffffe
       23645000	      2363	80002900	406e5733	sra	x14,x28,x6	 x28:0x00000000  x6:0xfffffe8c x14=0x00000000
       23655000	      2364	80002904	8d3ac713	xori	x14,x21,-1837	 x21:0x00000000 x14=0xfffff8d3
       23665000	      2365	80002908	ffc58593	addi	x11,x11,-4	 x11:0x00000007 x11=0x00000003
       23675000	      2366	8000290c	9dcf5ab7	lui	x21,0x9dcf5	 x21=0x9dcf5000
       23685000	      2367	80002910	002e56b3	srl	x13,x28,x2	 x28:0x00000000  x2:0x00007fff x13=0x00000000
       23695000	      2368	80002914	ff65d8e3	bge	x11,x22,80002904	 x11:0x00000003 x22:0xfffffffe
       23705000	      2369	00000000	00000013	addi	x0,x0,0	  x0:0x00000000
       23715000	      2370	80002900	00000013	addi	x0,x0,0	  x0:0x00000000
       23725000	      2371	80002904	8d3ac713	xori	x14,x21,-1837	 x21:0x9dcf5000 x14=0x6230a8d3
       23735000	      2372	80002908	ffc58593	addi	x11,x11,-4	 x11:0x00000003 x11=0xffffffff
       23745000	      2373	8000290c	9dcf5ab7	lui	x21,0x9dcf5	 x21=0x9dcf5000
       23755000	      2374	80002910	002e56b3	srl	x13,x28,x2	 x28:0x00000000  x2:0x00007fff x13=0x00000000
       23765000	      2375	80002914	ff65d8e3	bge	x11,x22,80002904	 x11:0xffffffff x22:0xfffffffe
       23775000	      2376	00000000	00000013	addi	x0,x0,0	  x0:0x00000000
       23785000	      2377	80002900	00000013	addi	x0,x0,0	  x0:0x00000000
       23795000	      2378	80002904	8d3ac713	xori	x14,x21,-1837	 x21:0x9dcf5000 x14=0x6230a8d3
       23805000	      2379	80002908	ffc58593	addi	x11,x11,-4	 x11:0xffffffff x11=0xfffffffb
       23815000	      2380	8000290c	9dcf5ab7	lui	x21,0x9dcf5	 x21=0x9dcf5000
       23825000	      2381	80002910	002e56b3	srl	x13,x28,x2	 x28:0x00000000  x2:0x00007fff x13=0x00000000
       23835000	      2382	80002914	ff65d8e3	bge	x11,x22,80002904	 x11:0xfffffffb x22:0xfffffffe
       23845000	      2383	80002918	d6ffff93	andi	x31,x31,-657	 x31:0x00000001 x31=0x00000001
       23855000	      2384	8000291c	fd1202e3	beq	x4,x17,800028e0	  x4:0x00000000 x17:0x0000000e
       23865000	      2385	80002920	2ac1bf93	sltiu	x31,x3,684	  x3:0xfffffff7 x31=0x00000000
       23875000	      2386	80002924	ff900193	addi	x3,x0,-7	  x0:0x00000000  x3=0xfffffff9
       23885000	      2387	80002928	00000013	addi	x0,x0,0	  x0:0x00000000
       23895000	      2388	8000292c	00500c13	addi	x24,x0,5	  x0:0x00000000 x24=0x00000005
       23905000	      2389	80002930	409ad3b3	sra	x7,x21,x9	 x21:0x9dcf5000  x9:0x80009fc4  x7=0xf9dcf500
       23915000	      2390	80002934	7fdd3b13	sltiu	x22,x26,2045	 x26:0x0015f000 x22=0x00000000
       23925000	      2391	80002938	00518193	addi	x3,x3,5	  x3:0xfffffff9  x3=0xfffffffe
       23935000	      2392	8000293c	0035b8b3	sltu	x17,x11,x3	 x11:0xfffffffb  x3:0xfffffffe x17=0x00000001
       23945000	      2393	80002940	00300213	addi	x4,x0,3	  x0:0x00000000  x4=0x00000003
       23955000	      2394	80002944	625163b7	lui	x7,0x62516	  x7=0x62516000
       23965000	      2395	80002948	014bd7b3	srl	x15,x23,x20	 x23:0xcc000000 x20:0x00000000 x15=0xcc000000
       23975000	      2396	8000294c	00900e13	addi	x28,x0,9	  x0:0x00000000 x28=0x00000009
       23985000	      2397	80002950	00000013	addi	x0,x0,0	  x0:0x00000000
       23995000	      2398	80002954	00620213	addi	x4,x4,6	  x4:0x00000003  x4=0x00000009
       24005000	      2399	80002958	ffc26ce3	bltu	x4,x28,80002950	  x4:0x00000009 x28:0x00000009
       24015000	      2400	8000295c	405082b3	sub	x5,x1,x5	  x1:0x000001c8  x5:0x00000000  x5=0x000001c8
       24025000	      2401	80002960	fd81cae3	blt	x3,x24,80002934	  x3:0xfffffffe x24:0x00000005
       24035000	      2402	00000000	00000013	addi	x0,x0,0	  x0:0x00000000
       24045000	      2403	80002930	00000013	addi	x0,x0,0	  x0:0x00000000
       24055000	      2404	80002934	7fdd3b13	sltiu	x22,x26,2045	 x26:0x0015f000 x22=0x00000000
       24065000	      2405	80002938	00518193	addi	x3,x3,5	  x3:0xfffffffe  x3=0x00000003
       24075000	      2406	8000293c	0035b8b3	sltu	x17,x11,x3	 x11:0xfffffffb  x3:0x00000003 x17=0x00000000
       24085000	      2407	80002940	00300213	addi	x4,x0,3	  x0:0x00000000  x4=0x00000003
       24095000	      2408	80002944	625163b7	lui	x7,0x62516	  x7=0x62516000
       24105000	      2409	80002948	014bd7b3	srl	x15,x23,x20	 x23:0xcc000000 x20:0x00000000 x15=0xcc000000
       24115000	      2410	8000294c	00900e13	addi	x28,x0,9	  x0:0x00000000 x28=0x00000009
       24125000	      2411	80002950	00000013	addi	x0,x0,0	  x0:0x00000000
       24135000	      2412	80002954	00620213	addi	x4,x4,6	  x4:0x00000003  x4=0x00000009
       24145000	      2413	80002958	ffc26ce3	bltu	x4,x28,80002950	  x4:0x00000009 x28:0x00000009
       24155000	      2414	8000295c	405082b3	sub	x5,x1,x5	  x1:0x000001c8  x5:0x000001c8  x5=0x00000000
       24165000	      2415	80002960	fd81cae3	blt	x3,x24,80002934	  x3:0x00000003 x24:0x00000005
       24175000	      2416	00000000	00000013	addi	x0,x0,0	  x0:0x00000000
       24185000	      2417	80002930	00000013	addi	x0,x0,0	  x0:0x00000000
       24195000	      2418	80002934	7fdd3b13	sltiu	x22,x26,2045	 x26:0x0015f000 x22=0x00000000
       24205000	      2419	80002938	00518193	addi	x3,x3,5	  x3:0x00000003  x3=0x00000008
       24215000	      2420	8000293c	0035b8b3	sltu	x17,x11,x3	 x11:0xfffffffb  x3:0x00000008 x17=0x00000000
       24225000	      2421	80002940	00300213	addi	x4,x0,3	  x0:0x00000000  x4=0x00000003
       24235000	      2422	80002944	625163b7	lui	x7,0x62516	  x7=0x62516000
       24245000	      2423	80002948	014bd7b3	srl	x15,x23,x20	 x23:0xcc000000 x20:0x00000000 x15=0xcc000000
       24255000	      2424	8000294c	00900e13	addi	x28,x0,9	  x0:0x00000000 x28=0x00000009
       24265000	      2425	80002950	00000013	addi	x0,x0,0	  x0:0x00000000
       24275000	      2426	80002954	00620213	addi	x4,x4,6	  x4:0x00000003  x4=0x00000009
       24285000	      2427	80002958	ffc26ce3	bltu	x4,x28,80002950	  x4:0x00000009 x28:0x00000009
       24295000	      2428	8000295c	405082b3	sub	x5,x1,x5	  x1:0x000001c8  x5:0x00000000  x5=0x000001c8
       24305000	      2429	80002960	fd81cae3	blt	x3,x24,80002934	  x3:0x00000008 x24:0x00000005
       24315000	      2430	80002964	40905613	srai	x12,x0,0x9	  x0:0x00000000 x12=0x00000000
       24325000	      2431	80002968	00500593	addi	x11,x0,5	  x0:0x00000000 x11=0x00000005
       24335000	      2432	8000296c	39a77b93	andi	x23,x14,922	 x14:0x6230a8d3 x23=0x00000092
       24345000	      2433	80002970	000f9f33	sll	x30,x31,x0	 x31:0x00000000  x0:0x00000000 x30=0x00000000
       24355000	      2434	80002974	00000013	addi	x0,x0,0	  x0:0x00000000
       24365000	      2435	80002978	d30bfe13	andi	x28,x23,-720	 x23:0x00000092 x28=0x00000010
       24375000	      2436	8000297c	41d60d33	sub	x26,x12,x29	 x12:0x00000000 x29:0x00000001 x26=0xffffffff
       24385000	      2437	80002980	3b982f93	slti	x31,x16,953	 x16:0xffffffff x31=0x00000001
       24395000	      2438	80002984	01a66d33	or	x26,x12,x26	 x12:0x00000000 x26:0xffffffff x26=0xffffffff
       24405000	      2439	80002988	00a00a13	addi	x20,x0,10	  x0:0x00000000 x20=0x0000000a
       24415000	      2440	8000298c	368b2713	slti	x14,x22,872	 x22:0x00000000 x14=0x00000001
       24425000	      2441	80002990	00158593	addi	x11,x11,1	 x11:0x00000005 x11=0x00000006
       24435000	      2442	80002994	ffe00193	addi	x3,x0,-2	  x0:0x00000000  x3=0xfffffffe
       24445000	      2443	80002998	40d90bb3	sub	x23,x18,x13	 x18:0x00000009 x13:0x00000000 x23=0x00000009
       24455000	      2444	8000299c	0071f233	and	x4,x3,x7	  x3:0xfffffffe  x7:0x62516000  x4=0x62516000
       24465000	      2445	800029a0	01045893	srli	x17,x8,0x10	  x8:0x35b51a54 x17=0x000035b5
       24475000	      2446	800029a4	ff500c93	addi	x25,x0,-11	  x0:0x00000000 x25=0xfffffff5
       24485000	      2447	800029a8	41935313	srai	x6,x6,0x19	  x6:0xfffffe8c  x6=0xffffffff
       24495000	      2448	800029ac	40975533	sra	x10,x14,x9	 x14:0x00000001  x9:0x80009fc4 x10=0x00000000
       24505000	      2449	800029b0	41e60033	sub	x0,x12,x30	 x12:0x00000000 x30:0x00000000
       24515000	      2450	800029b4	01b603b3	add	x7,x12,x27	 x12:0x00000000 x27:0x80009f4c  x7=0x80009f4c
       24525000	      2451	800029b8	00a5a0b3	slt	x1,x11,x10	 x11:0x00000006 x10:0x00000000  x1=0x00000000
       24535000	      2452	800029bc	ffb18193	addi	x3,x3,-5	  x3:0xfffffffe  x3=0xfffffff9
       24545000	      2453	800029c0	ff91dce3	bge	x3,x25,800029b8	  x3:0xfffffff9 x25:0xfffffff5
       24555000	      2454	00000000	00000013	addi	x0,x0,0	  x0:0x00000000
       24565000	      2455	800029b4	00000013	addi	x0,x0,0	  x0:0x00000000
       24575000	      2456	800029b8	00a5a0b3	slt	x1,x11,x10	 x11:0x00000006 x10:0x00000000  x1=0x00000000
       24585000	      2457	800029bc	ffb18193	addi	x3,x3,-5	  x3:0xfffffff9  x3=0xfffffff4
       24595000	      2458	800029c0	ff91dce3	bge	x3,x25,800029b8	  x3:0xfffffff4 x25:0xfffffff5
       24605000	      2459	800029c4	00efaeb3	slt	x29,x31,x14	 x31:0x00000001 x14:0x00000001 x29=0x00000000
       24615000	      2460	800029c8	e5e8b993	sltiu	x19,x17,-418	 x17:0x000035b5 x19=0x00000001
       24625000	      2461	800029cc	c20f6f17	auipc	x30,0xc20f6	 x30=0x420f89c8
       24635000	      2462	800029d0	00f82533	slt	x10,x16,x15	 x16:0xffffffff x15:0xcc000000 x10=0x00000000
       24645000	      2463	800029d4	01add313	srli	x6,x27,0x1a	 x27:0x80009f4c  x6=0x00000020
       24655000	      2464	800029d8	013e9e33	sll	x28,x29,x19	 x29:0x00000000 x19:0x00000001 x28=0x00000000
       24665000	      2465	800029dc	fb4588e3	beq	x11,x20,8000298c	 x11:0x00000006 x20:0x0000000a
       24675000	      2466	800029e0	a58d8037	lui	x0,0xa58d8	
       24685000	      2467	800029e4	ffb00d13	addi	x26,x0,-5	  x0:0x00000000 x26=0xfffffffb
       24695000	      2468	800029e8	1bf0be13	sltiu	x28,x1,447	  x1:0x00000000 x28=0x00000001
       24705000	      2469	800029ec	981875b7	lui	x11,0x98187	 x11=0x98187000
       24715000	      2470	800029f0	00000013	addi	x0,x0,0	  x0:0x00000000
       24725000	      2471	800029f4	40b25733	sra	x14,x4,x11	  x4:0x62516000 x11:0x98187000 x14=0x62516000
       24735000	      2472	800029f8	0114e3b3	or	x7,x9,x17	  x9:0x80009fc4 x17:0x000035b5  x7=0x8000bff5
       24745000	      2473	800029fc	1d323893	sltiu	x17,x4,467	  x4:0x62516000 x17=0x00000000
       24755000	      2474	80002a00	06d7e513	ori	x10,x15,109	 x15:0xcc000000 x10=0xcc00006d
       24765000	      2475	80002a04	009d6cb3	or	x25,x26,x9	 x26:0xfffffffb  x9:0x80009fc4 x25=0xffffffff
       24775000	      2476	80002a08	00800a93	addi	x21,x0,8	  x0:0x00000000 x21=0x00000008
       24785000	      2477	80002a0c	410852b3	sra	x5,x16,x16	 x16:0xffffffff x16:0xffffffff  x5=0xffffffff
       24795000	      2478	80002a10	00b7e7b3	or	x15,x15,x11	 x15:0xcc000000 x11:0x98187000 x15=0xdc187000
       24805000	      2479	80002a14	0117aa33	slt	x20,x15,x17	 x15:0xdc187000 x17:0x00000000 x20=0x00000001
       24815000	      2480	80002a18	0050eb33	or	x22,x1,x5	  x1:0x00000000  x5:0xffffffff x22=0xffffffff
       24825000	      2481	80002a1c	5240f537	lui	x10,0x5240f	 x10=0x5240f000
       24835000	      2482	80002a20	001fc8b3	xor	x17,x31,x1	 x31:0x00000001  x1:0x00000000 x17=0x00000001
       24845000	      2483	80002a24	41835f13	srai	x30,x6,0x18	  x6:0x00000020 x30=0x00000000
       24855000	      2484	80002a28	003d0d13	addi	x26,x26,3	 x26:0xfffffffb x26=0xfffffffe
       24865000	      2485	80002a2c	e5e73513	sltiu	x10,x14,-418	 x14:0x62516000 x10=0x00000001
       24875000	      2486	80002a30	01d85f93	srli	x31,x16,0x1d	 x16:0xffffffff x31=0x00000007
       24885000	      2487	80002a34	39dcf597	auipc	x11,0x39dcf	 x11=0xb9dd1a30
       24895000	      2488	80002a38	fd5d4ee3	blt	x26,x21,80002a14	 x26:0xfffffffe x21:0x00000008
       24905000	      2489	00000000	00000013	addi	x0,x0,0	  x0:0x00000000
       24915000	      2490	80002a10	00000013	addi	x0,x0,0	  x0:0x00000000
       24925000	      2491	80002a14	0117aa33	slt	x20,x15,x17	 x15:0xdc187000 x17:0x00000001 x20=0x00000001
       24935000	      2492	80002a18	0050eb33	or	x22,x1,x5	  x1:0x00000000  x5:0xffffffff x22=0xffffffff
       24945000	      2493	80002a1c	5240f537	lui	x10,0x5240f	 x10=0x5240f000
       24955000	      2494	80002a20	001fc8b3	xor	x17,x31,x1	 x31:0x00000007  x1:0x00000000 x17=0x00000007
       24965000	      2495	80002a24	41835f13	srai	x30,x6,0x18	  x6:0x00000020 x30=0x00000000
       24975000	      2496	80002a28	003d0d13	addi	x26,x26,3	 x26:0xfffffffe x26=0x00000001
       24985000	      2497	80002a2c	e5e73513	sltiu	x10,x14,-418	 x14:0x62516000 x10=0x00000001
       24995000	      2498	80002a30	01d85f93	srli	x31,x16,0x1d	 x16:0xffffffff x31=0x00000007
       25005000	      2499	80002a34	39dcf597	auipc	x11,0x39dcf	 x11=0xb9dd1a30
       25015000	      2500	80002a38	fd5d4ee3	blt	x26,x21,80002a14	 x26:0x00000001 x21:0x00000008
       25025000	      2501	00000000	00000013	addi	x0,x0,0	  x0:0x00000000
       25035000	      2502	80002a10	00000013	addi	x0,x0,0	  x0:0x00000000
       25045000	      2503	80002a14	0117aa33	slt	x20,x15,x17	 x15:0xdc187000 x17:0x00000007 x20=0x00000001
       25055000	      2504	80002a18	0050eb33	or	x22,x1,x5	  x1:0x00000000  x5:0xffffffff x22=0xffffffff
       25065000	      2505	80002a1c	5240f537	lui	x10,0x5240f	 x10=0x5240f000
       25075000	      2506	80002a20	001fc8b3	xor	x17,x31,x1	 x31:0x00000007  x1:0x00000000 x17=0x00000007
       25085000	      2507	80002a24	41835f13	srai	x30,x6,0x18	  x6:0x00000020 x30=0x00000000
       25095000	      2508	80002a28	003d0d13	addi	x26,x26,3	 x26:0x00000001 x26=0x00000004
       25105000	      2509	80002a2c	e5e73513	sltiu	x10,x14,-418	 x14:0x62516000 x10=0x00000001
       25115000	      2510	80002a30	01d85f93	srli	x31,x16,0x1d	 x16:0xffffffff x31=0x00000007
       25125000	      2511	80002a34	39dcf597	auipc	x11,0x39dcf	 x11=0xb9dd1a30
       25135000	      2512	80002a38	fd5d4ee3	blt	x26,x21,80002a14	 x26:0x00000004 x21:0x00000008
       25145000	      2513	00000000	00000013	addi	x0,x0,0	  x0:0x00000000
       25155000	      2514	80002a10	00000013	addi	x0,x0,0	  x0:0x00000000
       25165000	      2515	80002a14	0117aa33	slt	x20,x15,x17	 x15:0xdc187000 x17:0x00000007 x20=0x00000001
       25175000	      2516	80002a18	0050eb33	or	x22,x1,x5	  x1:0x00000000  x5:0xffffffff x22=0xffffffff
       25185000	      2517	80002a1c	5240f537	lui	x10,0x5240f	 x10=0x5240f000
       25195000	      2518	80002a20	001fc8b3	xor	x17,x31,x1	 x31:0x00000007  x1:0x00000000 x17=0x00000007
       25205000	      2519	80002a24	41835f13	srai	x30,x6,0x18	  x6:0x00000020 x30=0x00000000
       25215000	      2520	80002a28	003d0d13	addi	x26,x26,3	 x26:0x00000004 x26=0x00000007
       25225000	      2521	80002a2c	e5e73513	sltiu	x10,x14,-418	 x14:0x62516000 x10=0x00000001
       25235000	      2522	80002a30	01d85f93	srli	x31,x16,0x1d	 x16:0xffffffff x31=0x00000007
       25245000	      2523	80002a34	39dcf597	auipc	x11,0x39dcf	 x11=0xb9dd1a30
       25255000	      2524	80002a38	fd5d4ee3	blt	x26,x21,80002a14	 x26:0x00000007 x21:0x00000008
       25265000	      2525	00000000	00000013	addi	x0,x0,0	  x0:0x00000000
       25275000	      2526	80002a10	00000013	addi	x0,x0,0	  x0:0x00000000
       25285000	      2527	80002a14	0117aa33	slt	x20,x15,x17	 x15:0xdc187000 x17:0x00000007 x20=0x00000001
       25295000	      2528	80002a18	0050eb33	or	x22,x1,x5	  x1:0x00000000  x5:0xffffffff x22=0xffffffff
       25305000	      2529	80002a1c	5240f537	lui	x10,0x5240f	 x10=0x5240f000
       25315000	      2530	80002a20	001fc8b3	xor	x17,x31,x1	 x31:0x00000007  x1:0x00000000 x17=0x00000007
       25325000	      2531	80002a24	41835f13	srai	x30,x6,0x18	  x6:0x00000020 x30=0x00000000
       25335000	      2532	80002a28	003d0d13	addi	x26,x26,3	 x26:0x00000007 x26=0x0000000a
       25345000	      2533	80002a2c	e5e73513	sltiu	x10,x14,-418	 x14:0x62516000 x10=0x00000001
       25355000	      2534	80002a30	01d85f93	srli	x31,x16,0x1d	 x16:0xffffffff x31=0x00000007
       25365000	      2535	80002a34	39dcf597	auipc	x11,0x39dcf	 x11=0xb9dd1a30
       25375000	      2536	80002a38	fd5d4ee3	blt	x26,x21,80002a14	 x26:0x0000000a x21:0x00000008
       25385000	      2537	80002a3c	0162af33	slt	x30,x5,x22	  x5:0xffffffff x22:0xffffffff x30=0x00000000
       25395000	      2538	80002a40	04bb4063	blt	x22,x11,80002a80	 x22:0xffffffff x11:0xb9dd1a30
       25405000	      2539	80002a44	034f0a63	beq	x30,x20,80002a78	 x30:0x00000000 x20:0x00000001
       25415000	      2540	80002a48	00000013	addi	x0,x0,0	  x0:0x00000000
       25425000	      2541	80002a4c	039a9863	bne	x21,x25,80002a7c	 x21:0x00000008 x25:0xffffffff
       25435000	      2542	00000000	00000013	addi	x0,x0,0	  x0:0x00000000
       25445000	      2543	80002a78	00000013	addi	x0,x0,0	  x0:0x00000000
       25455000	      2544	80002a7c	0008dcb3	srl	x25,x17,x0	 x17:0x00000007  x0:0x00000000 x25=0x00000007
       25465000	      2545	80002a80	00eb8a63	beq	x23,x14,80002a94	 x23:0x00000009 x14:0x62516000
       25475000	      2546	80002a84	48fe3213	sltiu	x4,x28,1167	 x28:0x00000001  x4=0x00000001
       25485000	      2547	80002a88	0055ea63	bltu	x11,x5,80002a9c	 x11:0xb9dd1a30  x5:0xffffffff
       25495000	      2548	00000000	00000013	addi	x0,x0,0	  x0:0x00000000
       25505000	      2549	80002a98	00000013	addi	x0,x0,0	  x0:0x00000000
       25515000	      2550	80002a9c	67b22813	slti	x16,x4,1659	  x4:0x00000001 x16=0x00000001
       25525000	      2551	80002aa0	01f1d433	srl	x8,x3,x31	  x3:0xfffffff4 x31:0x00000007  x8=0x01ffffff
       25535000	      2552	80002aa4	9e897113	andi	x2,x18,-1560	 x18:0x00000009  x2=0x00000008
       25545000	      2553	80002aa8	3c460c93	addi	x25,x12,964	 x12:0x00000000 x25=0x000003c4
       25555000	      2554	80002aac	41a08533	sub	x10,x1,x26	  x1:0x00000000 x26:0x0000000a x10=0xfffffff6
       25565000	      2555	80002ab0	007a7863	bgeu	x20,x7,80002ac0	 x20:0x00000001  x7:0x8000bff5
       25575000	      2556	80002ab4	ff0b7113	andi	x2,x22,-16	 x22:0xffffffff  x2=0xfffffff0
       25585000	      2557	80002ab8	01edf533	and	x10,x27,x30	 x27:0x80009f4c x30:0x00000000 x10=0x00000000
       25595000	      2558	80002abc	83f03417	auipc	x8,0x83f03	  x8=0x03f05ab8
       25605000	      2559	80002ac0	055ad463	bge	x21,x21,80002b08	 x21:0x00000008 x21:0x00000008
       25615000	      2560	00000000	00000013	addi	x0,x0,0	  x0:0x00000000
       25625000	      2561	80002b04	00000013	addi	x0,x0,0	  x0:0x00000000
       25635000	      2562	80002b08	0028fcb3	and	x25,x17,x2	 x17:0x00000007  x2:0xfffffff0 x25=0x00000000
       25645000	      2563	80002b0c	020b7a63	bgeu	x22,x0,80002b40	 x22:0xffffffff  x0:0x00000000
       25655000	      2564	00000000	00000013	addi	x0,x0,0	  x0:0x00000000
       25665000	      2565	80002b3c	00000013	addi	x0,x0,0	  x0:0x00000000
       25675000	      2566	80002b40	015e9f93	slli	x31,x29,0x15	 x29:0x00000000 x31=0x00000000
       25685000	      2567	80002b44	0053db13	srli	x22,x7,0x5	  x7:0x8000bff5 x22=0x040005ff
       25695000	      2568	80002b48	010a9cb3	sll	x25,x21,x16	 x21:0x00000008 x16:0x00000001 x25=0x00000010
       25705000	      2569	80002b4c	01038eb3	add	x29,x7,x16	  x7:0x8000bff5 x16:0x00000001 x29=0x8000bff6
       25715000	      2570	80002b50	00d41463	bne	x8,x13,80002b58	  x8:0x03f05ab8 x13:0x00000000
       25725000	      2571	00000000	00000013	addi	x0,x0,0	  x0:0x00000000
       25735000	      2572	80002b54	00000013	addi	x0,x0,0	  x0:0x00000000
       25745000	      2573	80002b58	e98a0f13	addi	x30,x20,-360	 x20:0x00000001 x30=0xfffffe99
       25755000	      2574	80002b5c	cce24b97	auipc	x23,0xcce24	 x23=0x4ce26b58
       25765000	      2575	80002b60	cc7c4e93	xori	x29,x24,-825	 x24:0x00000005 x29=0xfffffcc2
       25775000	      2576	80002b64	01ae7033	and	x0,x28,x26	 x28:0x00000001 x26:0x0000000a
       25785000	      2577	80002b68	01c87cb3	and	x25,x16,x28	 x16:0x00000001 x28:0x00000001 x25=0x00000001
       25795000	      2578	80002b6c	00652cb3	slt	x25,x10,x6	 x10:0x00000000  x6:0x00000020 x25=0x00000001
       25805000	      2579	80002b70	52a93c13	sltiu	x24,x18,1322	 x18:0x00000009 x24=0x00000001
       25815000	      2580	80002b74	40430b33	sub	x22,x6,x4	  x6:0x00000020  x4:0x00000001 x22=0x0000001f
       25825000	      2581	80002b78	00ce67b3	or	x15,x28,x12	 x28:0x00000001 x12:0x00000000 x15=0x00000001
       25835000	      2582	80002b7c	255e09b7	lui	x19,0x255e0	 x19=0x255e0000
       25845000	      2583	80002b80	41055413	srai	x8,x10,0x10	 x10:0x00000000  x8=0x00000000
       25855000	      2584	80002b84	00dd8733	add	x14,x27,x13	 x27:0x80009f4c x13:0x00000000 x14=0x80009f4c
       25865000	      2585	80002b88	005f3eb3	sltu	x29,x30,x5	 x30:0xfffffe99  x5:0xffffffff x29=0x00000001
       25875000	      2586	80002b8c	01652133	slt	x2,x10,x22	 x10:0x00000000 x22:0x0000001f  x2=0x00000001
       25885000	      2587	80002b90	017de5b3	or	x11,x27,x23	 x27:0x80009f4c x23:0x4ce26b58 x11=0xcce2ff5c
       25895000	      2588	80002b94	012c1a13	slli	x20,x24,0x12	 x24:0x00000001 x20=0x00040000
       25905000	      2589	80002b98	bbf80a13	addi	x20,x16,-1089	 x16:0x00000001 x20=0xfffffbc0
       25915000	      2590	80002b9c	00000013	addi	x0,x0,0	  x0:0x00000000
       25925000	      2591	80002ba0	5fbfe413	ori	x8,x31,1531	 x31:0x00000000  x8=0x000005fb
       25935000	      2592	80002ba4	036e4c63	blt	x28,x22,80002bdc	 x28:0x00000001 x22:0x0000001f
       25945000	      2593	00000000	00000013	addi	x0,x0,0	  x0:0x00000000
       25955000	      2594	80002bd8	00000013	addi	x0,x0,0	  x0:0x00000000
       25965000	      2595	80002bdc	486e2213	slti	x4,x28,1158	 x28:0x00000001  x4=0x00000001
       25975000	      2596	80002be0	008ea233	slt	x4,x29,x8	 x29:0x00000001  x8:0x000005fb  x4=0x00000001
       25985000	      2597	80002be4	a9898793	addi	x15,x19,-1384	 x19:0x255e0000 x15=0x255dfa98
       25995000	      2598	80002be8	0023db33	srl	x22,x7,x2	  x7:0x8000bff5  x2:0x00000001 x22=0x40005ffa
       26005000	      2599	80002bec	011940b3	xor	x1,x18,x17	 x18:0x00000009 x17:0x00000007  x1=0x0000000e
       26015000	      2600	80002bf0	7d4a3413	sltiu	x8,x20,2004	 x20:0xfffffbc0  x8=0x00000000
       26025000	      2601	80002bf4	ee2cf113	andi	x2,x25,-286	 x25:0x00000001  x2=0x00000000
       26035000	      2602	80002bf8	01fd3fb3	sltu	x31,x26,x31	 x26:0x0000000a x31:0x00000000 x31=0x00000000
       26045000	      2603	80002bfc	00e5ec63	bltu	x11,x14,80002c14	 x11:0xcce2ff5c x14:0x80009f4c
       26055000	      2604	80002c00	00000013	addi	x0,x0,0	  x0:0x00000000
       26065000	      2605	80002c04	00615a63	bge	x2,x6,80002c18	  x2:0x00000000  x6:0x00000020
       26075000	      2606	80002c08	3d95d837	lui	x16,0x3d95d	 x16=0x3d95d000
       26085000	      2607	80002c0c	01564c33	xor	x24,x12,x21	 x12:0x00000000 x21:0x00000008 x24=0x00000008
       26095000	      2608	80002c10	017c9313	slli	x6,x25,0x17	 x25:0x00000001  x6=0x00800000
       26105000	      2609	80002c14	ae7e7a93	andi	x21,x28,-1305	 x28:0x00000001 x21=0x00000001
       26115000	      2610	80002c18	01c4f1b3	and	x3,x9,x28	  x9:0x80009fc4 x28:0x00000001  x3=0x00000000
       26125000	      2611	80002c1c	00000013	addi	x0,x0,0	  x0:0x00000000
       26135000	      2612	80002c20	00d1a9b3	slt	x19,x3,x13	  x3:0x00000000 x13:0x00000000 x19=0x00000000
       26145000	      2613	80002c24	04c3f213	andi	x4,x7,76	  x7:0x8000bff5  x4=0x00000044
       26155000	      2614	80002c28	01475533	srl	x10,x14,x20	 x14:0x80009f4c x20:0xfffffbc0 x10=0x80009f4c
       26165000	      2615	80002c2c	03b52693	slti	x13,x10,59	 x10:0x80009f4c x13=0x00000001
       26175000	      2616	80002c30	01d5d533	srl	x10,x11,x29	 x11:0xcce2ff5c x29:0x00000001 x10=0x66717fae
       26185000	      2617	80002c34	7bb84693	xori	x13,x16,1979	 x16:0x3d95d000 x13=0x3d95d7bb
       26195000	      2618	80002c38	01120e33	add	x28,x4,x17	  x4:0x00000044 x17:0x00000007 x28=0x0000004b
       26205000	      2619	80002c3c	00d25c33	srl	x24,x4,x13	  x4:0x00000044 x13:0x3d95d7bb x24=0x00000000
       26215000	      2620	80002c40	01fc5713	srli	x14,x24,0x1f	 x24:0x00000000 x14=0x00000000
       26225000	      2621	80002c44	01254c33	xor	x24,x10,x18	 x10:0x66717fae x18:0x00000009 x24=0x66717fa7
       26235000	      2622	80002c48	09a99463	bne	x19,x26,80002cd0	 x19:0x00000000 x26:0x0000000a
       26245000	      2623	00000000	00000013	addi	x0,x0,0	  x0:0x00000000
       26255000	      2624	80002ccc	00000013	addi	x0,x0,0	  x0:0x00000000
       26265000	      2625	80002cd0	00533033	sltu	x0,x6,x5	  x6:0x00800000  x5:0xffffffff
       26275000	      2626	80002cd4	16bc8e93	addi	x29,x25,363	 x25:0x00000001 x29=0x0000016c
       26285000	      2627	80002cd8	4077d8b3	sra	x17,x15,x7	 x15:0x255dfa98  x7:0x8000bff5 x17=0x0000012a
       26295000	      2628	80002cdc	01072233	slt	x4,x14,x16	 x14:0x00000000 x16:0x3d95d000  x4=0x00000001
       26305000	      2629	80002ce0	e1a1ef13	ori	x30,x3,-486	  x3:0x00000000 x30=0xfffffe1a
       26315000	      2630	80002ce4	01f87833	and	x16,x16,x31	 x16:0x3d95d000 x31:0x00000000 x16=0x00000000
       26325000	      2631	80002ce8	413ae693	ori	x13,x21,1043	 x21:0x00000001 x13=0x00000413
       26335000	      2632	80002cec	01a77a33	and	x20,x14,x26	 x14:0x00000000 x26:0x0000000a x20=0x00000000
       26345000	      2633	80002cf0	00ab8033	add	x0,x23,x10	 x23:0x4ce26b58 x10:0x66717fae
       26355000	      2634	80002cf4	3384ff97	auipc	x31,0x3384f	 x31=0xb3851cf0
       26365000	      2635	80002cf8	00b99693	slli	x13,x19,0xb	 x19:0x00000000 x13=0x00000000
       26375000	      2636	80002cfc	00000013	addi	x0,x0,0	  x0:0x00000000
       26385000	      2637	80002d00	00000013	addi	x0,x0,0	  x0:0x00000000
       26395000	      2638	80002d04	0372fa63	bgeu	x5,x23,80002d38	  x5:0xffffffff x23:0x4ce26b58
       26405000	      2639	00000000	00000013	addi	x0,x0,0	  x0:0x00000000
       26415000	      2640	80002d34	00000013	addi	x0,x0,0	  x0:0x00000000
       26425000	      2641	80002d38	005e1713	slli	x14,x28,0x5	 x28:0x0000004b x14=0x00000960
       26435000	      2642	80002d3c	5371ab93	slti	x23,x3,1335	  x3:0x00000000 x23=0x00000001
       26445000	      2643	80002d40	00add533	srl	x10,x27,x10	 x27:0x80009f4c x10:0x66717fae x10=0x00020002
       26455000	      2644	80002d44	4aeb8a13	addi	x20,x23,1198	 x23:0x00000001 x20=0x000004af
       26465000	      2645	80002d48	41295113	srai	x2,x18,0x12	 x18:0x00000009  x2=0x00000000
       26475000	      2646	80002d4c	00000013	addi	x0,x0,0	  x0:0x00000000
       26485000	      2647	80002d50	0102b8b3	sltu	x17,x5,x16	  x5:0xffffffff x16:0x00000000 x17=0x00000000
       26495000	      2648	80002d54	00279d33	sll	x26,x15,x2	 x15:0x255dfa98  x2:0x00000000 x26=0x255dfa98
       26505000	      2649	80002d58	abf12037	lui	x0,0xabf12	
       26515000	      2650	80002d5c	00a5e5b3	or	x11,x11,x10	 x11:0xcce2ff5c x10:0x00020002 x11=0xcce2ff5e
       26525000	      2651	80002d60	005a83b3	add	x7,x21,x5	 x21:0x00000001  x5:0xffffffff  x7=0x00000000
       26535000	      2652	80002d64	004c8c63	beq	x25,x4,80002d7c	 x25:0x00000001  x4:0x00000001
       26545000	      2653	00000000	00000013	addi	x0,x0,0	  x0:0x00000000
       26555000	      2654	80002d78	00000013	addi	x0,x0,0	  x0:0x00000000
       26565000	      2655	80002d7c	0128ec33	or	x24,x17,x18	 x17:0x00000000 x18:0x00000009 x24=0x00000009
       26575000	      2656	80002d80	e1e2e193	ori	x3,x5,-482	  x5:0xffffffff  x3=0xffffffff
       26585000	      2657	80002d84	7db34393	xori	x7,x6,2011	  x6:0x00800000  x7=0x008007db
       26595000	      2658	80002d88	01430133	add	x2,x6,x20	  x6:0x00800000 x20:0x000004af  x2=0x008004af
       26605000	      2659	80002d8c	00444eb3	xor	x29,x8,x4	  x8:0x00000000  x4:0x00000001 x29=0x00000001
       26615000	      2660	80002d90	0755f663	bgeu	x11,x21,80002dfc	 x11:0xcce2ff5e x21:0x00000001
       26625000	      2661	00000000	00000013	addi	x0,x0,0	  x0:0x00000000
       26635000	      2662	80002df8	00000013	addi	x0,x0,0	  x0:0x00000000
       26645000	      2663	80002dfc	b7b30b93	addi	x23,x6,-1157	  x6:0x00800000 x23=0x007ffb7b
       26655000	      2664	80002e00	0161a2b3	slt	x5,x3,x22	  x3:0xffffffff x22:0x40005ffa  x5=0x00000001
       26665000	      2665	80002e04	006a8863	beq	x21,x6,80002e14	 x21:0x00000001  x6:0x00800000
       26675000	      2666	80002e08	0186a7b3	slt	x15,x13,x24	 x13:0x00000000 x24:0x00000009 x15=0x00000001
       26685000	      2667	80002e0c	0058d233	srl	x4,x17,x5	 x17:0x00000000  x5:0x00000001  x4=0x00000000
       26695000	      2668	80002e10	114df813	andi	x16,x27,276	 x27:0x80009f4c x16=0x00000104
       26705000	      2669	80002e14	02cf9c63	bne	x31,x12,80002e4c	 x31:0xb3851cf0 x12:0x00000000
       26715000	      2670	00000000	00000013	addi	x0,x0,0	  x0:0x00000000
       26725000	      2671	80002e48	00000013	addi	x0,x0,0	  x0:0x00000000
       26735000	      2672	80002e4c	13ec4293	xori	x5,x24,318	 x24:0x00000009  x5=0x00000137
       26745000	      2673	80002e50	01042b33	slt	x22,x8,x16	  x8:0x00000000 x16:0x00000104 x22=0x00000001
       26755000	      2674	80002e54	0045d833	srl	x16,x11,x4	 x11:0xcce2ff5e  x4:0x00000000 x16=0xcce2ff5e
       26765000	      2675	80002e58	60da2437	lui	x8,0x60da2	  x8=0x60da2000
       26775000	      2676	80002e5c	0117e663	bltu	x15,x17,80002e68	 x15:0x00000001 x17:0x00000000
       26785000	      2677	80002e60	ce48fb93	andi	x23,x17,-796	 x17:0x00000000 x23=0x00000000
       26795000	      2678	80002e64	010e5733	srl	x14,x28,x16	 x28:0x0000004b x16:0xcce2ff5e x14=0x00000000
       26805000	      2679	80002e68	72e00b93	addi	x23,x0,1838	  x0:0x00000000 x23=0x0000072e
       26815000	      2680	80002e6c	005f5ab3	srl	x21,x30,x5	 x30:0xfffffe1a  x5:0x00000137 x21=0x000001ff
       26825000	      2681	80002e70	80d0cc93	xori	x25,x1,-2035	  x1:0x0000000e x25=0xfffff803
       26835000	      2682	80002e74	019e7863	bgeu	x28,x25,80002e84	 x28:0x0000004b x25:0xfffff803
       26845000	      2683	80002e78	bbd4d317	auipc	x6,0xbbd4d	  x6=0x3bd4fe74
       26855000	      2684	80002e7c	05b7e463	bltu	x15,x27,80002ec4	 x15:0x00000001 x27:0x80009f4c
       26865000	      2685	00000000	00000013	addi	x0,x0,0	  x0:0x00000000
       26875000	      2686	80002ec0	00000013	addi	x0,x0,0	  x0:0x00000000
       26885000	      2687	80002ec4	05201063	bne	x0,x18,80002f04	  x0:0x00000000 x18:0x00000009
       26895000	      2688	00000000	00000013	addi	x0,x0,0	  x0:0x00000000
       26905000	      2689	80002f00	00000013	addi	x0,x0,0	  x0:0x00000000
       26915000	      2690	80002f04	01fcdb13	srli	x22,x25,0x1f	 x25:0xfffff803 x22=0x00000001
       26925000	      2691	80002f08	e6448793	addi	x15,x9,-412	  x9:0x80009fc4 x15=0x80009e28
       26935000	      2692	80002f0c	00a56533	or	x10,x10,x10	 x10:0x00020002 x10:0x00020002 x10=0x00020002
       26945000	      2693	80002f10	01e7cd33	xor	x26,x15,x30	 x15:0x80009e28 x30:0xfffffe1a x26=0x7fff6032
       26955000	      2694	80002f14	03a1c663	blt	x3,x26,80002f40	  x3:0xffffffff x26:0x7fff6032
       26965000	      2695	00000000	00000013	addi	x0,x0,0	  x0:0x00000000
       26975000	      2696	80002f3c	00000013	addi	x0,x0,0	  x0:0x00000000
       26985000	      2697	80002f40	21a79437	lui	x8,0x21a79	  x8=0x21a79000
       26995000	      2698	80002f44	07e4e337	lui	x6,0x7e4e	  x6=0x07e4e000
       27005000	      2699	80002f48	00000013	addi	x0,x0,0	  x0:0x00000000
       27015000	      2700	80002f4c	004da783	lw	x15,4(x27)	 x27:0x80009f4c x15=0x80000294 PA:0x80009f50
       27025000	      2701	80002f50	00000013	addi	x0,x0,0	  x0:0x00000000
       27035000	      2702	80002f54	00000013	addi	x0,x0,0	  x0:0x00000000
       27045000	      2703	80002f58	038d8d93	addi	x27,x27,56	 x27:0x80009f4c x27=0x80009f84
       27055000	      2704	80002f5c	01a502b3	add	x5,x10,x26	 x10:0x00020002 x26:0x7fff6032  x5=0x80016034
       27065000	      2705	80002f60	1d4eb6b7	lui	x13,0x1d4eb	 x13=0x1d4eb000
       27075000	      2706	80002f64	12360e93	addi	x29,x12,291	 x12:0x00000000 x29=0x00000123
       27085000	      2707	80002f68	e2f96113	ori	x2,x18,-465	 x18:0x00000009  x2=0xfffffe2f
       27095000	      2708	80002f6c	cf52b313	sltiu	x6,x5,-779	  x5:0x80016034  x6=0x00000001
       27105000	      2709	80002f70	00178f13	addi	x30,x15,1	 x15:0x80000294 x30=0x80000295
       27115000	      2710	80002f74	000f0f67	jalr	x30,x30,0	 x30:0x80000295 x30=0x80002f74
       27125000	      2711	00000000	00000013	addi	x0,x0,0	  x0:0x00000000
       27135000	      2712	80000294	00000013	addi	x0,x0,0	  x0:0x00000000
       27145000	      2713	80000298	41220f33	sub	x30,x4,x18	  x4:0x00000000 x18:0x00000009 x30=0xfffffff7
       27155000	      2714	8000029c	41cccb93	xori	x23,x25,1052	 x25:0xfffff803 x23=0xfffffc1f
       27165000	      2715	800002a0	00000013	addi	x0,x0,0	  x0:0x00000000
       27175000	      2716	800002a4	006bce63	blt	x23,x6,800002c0	 x23:0xfffffc1f  x6:0x00000001
       27185000	      2717	00000000	00000013	addi	x0,x0,0	  x0:0x00000000
       27195000	      2718	800002bc	00000013	addi	x0,x0,0	  x0:0x00000000
       27205000	      2719	800002c0	006cc9b3	xor	x19,x25,x6	 x25:0xfffff803  x6:0x00000001 x19=0xfffff802
       27215000	      2720	800002c4	f52eab13	slti	x22,x29,-174	 x29:0x00000123 x22=0x00000000
       27225000	      2721	800002c8	00000013	addi	x0,x0,0	  x0:0x00000000
       27235000	      2722	800002cc	859ca313	slti	x6,x25,-1959	 x25:0xfffff803  x6=0x00000001
       27245000	      2723	800002d0	02d4f063	bgeu	x9,x13,800002f0	  x9:0x80009fc4 x13:0x1d4eb000
       27255000	      2724	00000000	00000013	addi	x0,x0,0	  x0:0x00000000
       27265000	      2725	800002ec	00000013	addi	x0,x0,0	  x0:0x00000000
       27275000	      2726	800002f0	05a38663	beq	x7,x26,8000033c	  x7:0x008007db x26:0x7fff6032
       27285000	      2727	800002f4	02cc7263	bgeu	x24,x12,80000318	 x24:0x00000009 x12:0x00000000
       27295000	      2728	00000000	00000013	addi	x0,x0,0	  x0:0x00000000
       27305000	      2729	80000314	00000013	addi	x0,x0,0	  x0:0x00000000
       27315000	      2730	80000318	018025b3	slt	x11,x0,x24	  x0:0x00000000 x24:0x00000009 x11=0x00000001
       27325000	      2731	8000031c	017486b3	add	x13,x9,x23	  x9:0x80009fc4 x23:0xfffffc1f x13=0x80009be3
       27335000	      2732	80000320	015dce33	xor	x28,x27,x21	 x27:0x80009f84 x21:0x000001ff x28=0x80009e7b
       27345000	      2733	80000324	00000013	addi	x0,x0,0	  x0:0x00000000
       27355000	      2734	80000328	04c6c463	blt	x13,x12,80000370	 x13:0x80009be3 x12:0x00000000
       27365000	      2735	00000000	00000013	addi	x0,x0,0	  x0:0x00000000
       27375000	      2736	8000036c	00000013	addi	x0,x0,0	  x0:0x00000000
       27385000	      2737	80000370	02aa6663	bltu	x20,x10,8000039c	 x20:0x000004af x10:0x00020002
       27395000	      2738	00000000	00000013	addi	x0,x0,0	  x0:0x00000000
       27405000	      2739	80000398	00000013	addi	x0,x0,0	  x0:0x00000000
       27415000	      2740	8000039c	b8d6fa13	andi	x20,x13,-1139	 x13:0x80009be3 x20=0x80009b81
       27425000	      2741	800003a0	40f98333	sub	x6,x19,x15	 x19:0xfffff802 x15:0x80000294  x6=0x7ffff56e
       27435000	      2742	800003a4	07e8dc63	bge	x17,x30,8000041c	 x17:0x00000000 x30:0xfffffff7
       27445000	      2743	00000000	00000013	addi	x0,x0,0	  x0:0x00000000
       27455000	      2744	80000418	00000013	addi	x0,x0,0	  x0:0x00000000
       27465000	      2745	8000041c	99b96097	auipc	x1,0x99b96	  x1=0x19b96418
       27475000	      2746	80000420	400cd6b3	sra	x13,x25,x0	 x25:0xfffff803  x0:0x00000000 x13=0xfffff803
       27485000	      2747	80000424	02060e63	beq	x12,x0,80000460	 x12:0x00000000  x0:0x00000000
       27495000	      2748	00000000	00000013	addi	x0,x0,0	  x0:0x00000000
       27505000	      2749	8000045c	00000013	addi	x0,x0,0	  x0:0x00000000
       27515000	      2750	80000460	04428b93	addi	x23,x5,68	  x5:0x80016034 x23=0x80016078
       27525000	      2751	80000464	40905a93	srai	x21,x0,0x9	  x0:0x00000000 x21=0x00000000
       27535000	      2752	80000468	01c1dfb3	srl	x31,x3,x28	  x3:0xffffffff x28:0x80009e7b x31=0x0000001f
       27545000	      2753	8000046c	1292c413	xori	x8,x5,297	  x5:0x80016034  x8=0x8001611d
       27555000	      2754	80000470	01abb533	sltu	x10,x23,x26	 x23:0x80016078 x26:0x7fff6032 x10=0x00000000
       27565000	      2755	80000474	000f78b3	and	x17,x30,x0	 x30:0xfffffff7  x0:0x00000000 x17=0x00000000
       27575000	      2756	80000478	85102013	slti	x0,x0,-1967	  x0:0x00000000
       27585000	      2757	8000047c	c64d4193	xori	x3,x26,-924	 x26:0x7fff6032  x3=0x80009c56
       27595000	      2758	80000480	f8adf313	andi	x6,x27,-118	 x27:0x80009f84  x6=0x80009f80
       27605000	      2759	80000484	03be0193	addi	x3,x28,59	 x28:0x80009e7b  x3=0x80009eb6
       27615000	      2760	80000488	00df5293	srli	x5,x30,0xd	 x30:0xfffffff7  x5=0x0007ffff
       27625000	      2761	8000048c	0027f0b3	and	x1,x15,x2	 x15:0x80000294  x2:0xfffffe2f  x1=0x80000204
       27635000	      2762	80000490	6612c113	xori	x2,x5,1633	  x5:0x0007ffff  x2=0x0007f99e
       27645000	      2763	80000494	01a91133	sll	x2,x18,x26	 x18:0x00000009 x26:0x7fff6032  x2=0x00240000
       27655000	      2764	80000498	414c0f33	sub	x30,x24,x20	 x24:0x00000009 x20:0x80009b81 x30=0x7fff6488
       27665000	      2765	8000049c	020d1863	bne	x26,x0,800004cc	 x26:0x7fff6032  x0:0x00000000
       27675000	      2766	00000000	00000013	addi	x0,x0,0	  x0:0x00000000
       27685000	      2767	800004c8	00000013	addi	x0,x0,0	  x0:0x00000000
       27695000	      2768	800004cc	05a54263	blt	x10,x26,80000510	 x10:0x00000000 x26:0x7fff6032
       27705000	      2769	00000000	00000013	addi	x0,x0,0	  x0:0x00000000
       27715000	      2770	8000050c	00000013	addi	x0,x0,0	  x0:0x00000000
       27725000	      2771	80000510	dfc3b713	sltiu	x14,x7,-516	  x7:0x008007db x14=0x00000001
       27735000	      2772	80000514	001510b3	sll	x1,x10,x1	 x10:0x00000000  x1:0x80000204  x1=0x00000000
       27745000	      2773	80000518	02dc4863	blt	x24,x13,80000548	 x24:0x00000009 x13:0xfffff803
       27755000	      2774	8000051c	048fc463	blt	x31,x8,80000564	 x31:0x0000001f  x8:0x8001611d
       27765000	      2775	80000520	22512e93	slti	x29,x2,549	  x2:0x00240000 x29=0x00000000
       27775000	      2776	80000524	00da9433	sll	x8,x21,x13	 x21:0x00000000 x13:0xfffff803  x8=0x00000000
       27785000	      2777	80000528	7379b193	sltiu	x3,x19,1847	 x19:0xfffff802  x3=0x00000000
       27795000	      2778	8000052c	a81fcb93	xori	x23,x31,-1407	 x31:0x0000001f x23=0xfffffa9e
       27805000	      2779	80000530	0098c2b3	xor	x5,x17,x9	 x17:0x00000000  x9:0x80009fc4  x5=0x80009fc4
       27815000	      2780	80000534	f9a76f93	ori	x31,x14,-102	 x14:0x00000001 x31=0xffffff9b
       27825000	      2781	80000538	01abfe63	bgeu	x23,x26,80000554	 x23:0xfffffa9e x26:0x7fff6032
       27835000	      2782	00000000	00000013	addi	x0,x0,0	  x0:0x00000000
       27845000	      2783	80000550	00000013	addi	x0,x0,0	  x0:0x00000000
       27855000	      2784	80000554	406d5893	srai	x17,x26,0x6	 x26:0x7fff6032 x17=0x01fffd80
       27865000	      2785	80000558	01d883b3	add	x7,x17,x29	 x17:0x01fffd80 x29:0x00000000  x7=0x01fffd80
       27875000	      2786	8000055c	c238be93	sltiu	x29,x17,-989	 x17:0x01fffd80 x29=0x00000001
       27885000	      2787	80000560	41d95fb3	sra	x31,x18,x29	 x18:0x00000009 x29:0x00000001 x31=0x00000004
       27895000	      2788	80000564	261c0c13	addi	x24,x24,609	 x24:0x00000009 x24=0x0000026a
       27905000	      2789	80000568	01ca6ab3	or	x21,x20,x28	 x20:0x80009b81 x28:0x80009e7b x21=0x80009ffb
       27915000	      2790	8000056c	00071113	slli	x2,x14,0x0	 x14:0x00000001  x2=0x00000001
       27925000	      2791	80000570	00000917	auipc	x18,0x0	 x18=0x8000056c
       27935000	      2792	80000574	00c90913	addi	x18,x18,12	 x18:0x8000056c x18=0x80000578
       27945000	      2793	80000578	00090067	jalr	x0,x18,0	 x18:0x80000578
       27955000	      2794	00000000	00000013	addi	x0,x0,0	  x0:0x00000000
       27965000	      2795	80000578	00000013	addi	x0,x0,0	  x0:0x00000000
       27975000	      2796	8000057c	00100193	addi	x3,x0,1	  x0:0x00000000  x3=0x00000001
       27985000	      2797	80000580	00000073	ecall	
       27995000	      2798	80000584	00736a63	bltu	x6,x7,80000598	  x6:0x80009f80  x7:0x01fffd80
