		Time			Cycle	PC		Insn	Decoded instruction	Register and memory contents
          65000	         5	80000004	00000293	addi	x5,x0,0	  x0:0x00000000  x5=0x00000000
          75000	         6	80000008	00000313	addi	x6,x0,0	  x0:0x00000000  x6=0x00000000
          85000	         7	8000000c	00628263	beq	x5,x6,80000010	  x5:0x00000000  x6:0x00000000
          95000	         8	00000000	00000013	addi	x0,x0,0	  x0:0x00000000
         105000	         9	8000000c	00000013	addi	x0,x0,0	  x0:0x00000000
         115000	        10	80000010	00000f97	auipc	x31,0x0	 x31=0x8000000c
         125000	        11	80000014	00cf8f93	addi	x31,x31,12	 x31:0x8000000c x31=0x80000018
         135000	        12	80000018	000f8067	jalr	x0,x31,0	 x31:0x80000018
         145000	        13	00000000	00000013	addi	x0,x0,0	  x0:0x00000000
         155000	        14	80000018	00000013	addi	x0,x0,0	  x0:0x00000000
         165000	        15	8000001c	40000137	lui	x2,0x40000	  x2=0x40000000
         175000	        16	80000020	10010113	addi	x2,x2,256	  x2:0x40000000  x2=0x40000100
         185000	        17	80000024	00000013	addi	x0,x0,0	  x0:0x00000000
         195000	        18	80000028	0000af17	auipc	x30,0xa	 x30=0x8000a024
         205000	        19	8000002c	fa0f0f13	addi	x30,x30,-96	 x30:0x8000a024 x30=0x80009fc4
         215000	        20	80000030	00003117	auipc	x2,0x3	  x2=0x8000302c
         225000	        21	80000034	ca810113	addi	x2,x2,-856	  x2:0x8000302c  x2=0x80002cd4
         235000	        22	80000038	00016113	ori	x2,x2,0	  x2:0x80002cd4  x2=0x80002cd4
         245000	        23	8000003c	00000013	addi	x0,x0,0	  x0:0x00000000
         255000	        24	80000040	00000117	auipc	x2,0x0	  x2=0x8000003c
         265000	        25	80000044	02010113	addi	x2,x2,32	  x2:0x8000003c  x2=0x8000005c
         275000	        26	80000048	00000013	addi	x0,x0,0	  x0:0x00000000
         285000	        27	8000004c	00000013	addi	x0,x0,0	  x0:0x00000000
         295000	        28	80000050	00002137	lui	x2,0x2	  x2=0x00002000
         305000	        29	80000054	80010113	addi	x2,x2,-2048	  x2:0x00002000  x2=0x00001800
         315000	        30	80000058	00000013	addi	x0,x0,0	  x0:0x00000000
         325000	        31	8000005c	00000013	addi	x0,x0,0	  x0:0x00000000
         335000	        32	80000060	00700013	addi	x0,x0,7	  x0:0x00000000
         345000	        33	80000064	00500093	addi	x1,x0,5	  x0:0x00000000  x1=0x00000005
         355000	        34	80000068	00d00113	addi	x2,x0,13	  x0:0x00000000  x2=0x0000000d
         365000	        35	8000006c	c105c1b7	lui	x3,0xc105c	  x3=0xc105c000
         375000	        36	80000070	2da18193	addi	x3,x3,730	  x3:0xc105c000  x3=0xc105c2da
         385000	        37	80000074	00000213	addi	x4,x0,0	  x0:0x00000000  x4=0x00000000
         395000	        38	80000078	00300293	addi	x5,x0,3	  x0:0x00000000  x5=0x00000003
         405000	        39	8000007c	80000337	lui	x6,0x80000	  x6=0x80000000
         415000	        40	80000080	800003b7	lui	x7,0x80000	  x7=0x80000000
         425000	        41	80000084	d1b65437	lui	x8,0xd1b65	  x8=0xd1b65000
         435000	        42	80000088	7dc40413	addi	x8,x8,2012	  x8:0xd1b65000  x8=0xd1b657dc
         445000	        43	8000008c	00000493	addi	x9,x0,0	  x0:0x00000000  x9=0x00000000
         455000	        44	80000090	80000537	lui	x10,0x80000	 x10=0x80000000
         465000	        45	80000094	00000593	addi	x11,x0,0	  x0:0x00000000 x11=0x00000000
         475000	        46	80000098	32833637	lui	x12,0x32833	 x12=0x32833000
         485000	        47	8000009c	a8e60613	addi	x12,x12,-1394	 x12:0x32833000 x12=0x32832a8e
         495000	        48	800000a0	800006b7	lui	x13,0x80000	 x13=0x80000000
         505000	        49	800000a4	80000737	lui	x14,0x80000	 x14=0x80000000
         515000	        50	800000a8	800007b7	lui	x15,0x80000	 x15=0x80000000
         525000	        51	800000ac	f8233837	lui	x16,0xf8233	 x16=0xf8233000
         535000	        52	800000b0	26980813	addi	x16,x16,617	 x16:0xf8233000 x16=0xf8233269
         545000	        53	800000b4	fea758b7	lui	x17,0xfea75	 x17=0xfea75000
         555000	        54	800000b8	23288893	addi	x17,x17,562	 x17:0xfea75000 x17=0xfea75232
         565000	        55	800000bc	9438f937	lui	x18,0x9438f	 x18=0x9438f000
         575000	        56	800000c0	1cb90913	addi	x18,x18,459	 x18:0x9438f000 x18=0x9438f1cb
         585000	        57	800000c4	00000993	addi	x19,x0,0	  x0:0x00000000 x19=0x00000000
         595000	        58	800000c8	80000a37	lui	x20,0x80000	 x20=0x80000000
         605000	        59	800000cc	80000ab7	lui	x21,0x80000	 x21=0x80000000
         615000	        60	800000d0	80000b37	lui	x22,0x80000	 x22=0x80000000
         625000	        61	800000d4	80000bb7	lui	x23,0x80000	 x23=0x80000000
         635000	        62	800000d8	00000c13	addi	x24,x0,0	  x0:0x00000000 x24=0x00000000
         645000	        63	800000dc	00000d13	addi	x26,x0,0	  x0:0x00000000 x26=0x00000000
         655000	        64	800000e0	fdd87db7	lui	x27,0xfdd87	 x27=0xfdd87000
         665000	        65	800000e4	82ad8d93	addi	x27,x27,-2006	 x27:0xfdd87000 x27=0xfdd8682a
         675000	        66	800000e8	80000e37	lui	x28,0x80000	 x28=0x80000000
         685000	        67	800000ec	5a8ffeb7	lui	x29,0x5a8ff	 x29=0x5a8ff000
         695000	        68	800000f0	641e8e93	addi	x29,x29,1601	 x29:0x5a8ff000 x29=0x5a8ff641
         705000	        69	800000f4	f7f46fb7	lui	x31,0xf7f46	 x31=0xf7f46000
         715000	        70	800000f8	76cf8f93	addi	x31,x31,1900	 x31:0xf7f46000 x31=0xf7f4676c
         725000	        71	800000fc	0000ac97	auipc	x25,0xa	 x25=0x8000a0f8
         735000	        72	80000100	e8cc8c93	addi	x25,x25,-372	 x25:0x8000a0f8 x25=0x80009f84
         745000	        73	80000104	00400893	addi	x17,x0,4	  x0:0x00000000 x17=0x00000004
         755000	        74	80000108	ae17eb13	ori	x22,x15,-1311	 x15:0x80000000 x22=0xfffffae1
         765000	        75	8000010c	72fd2993	slti	x19,x26,1839	 x26:0x00000000 x19=0x00000001
         775000	        76	80000110	00500213	addi	x4,x0,5	  x0:0x00000000  x4=0x00000005
         785000	        77	80000114	39db7617	auipc	x12,0x39db7	 x12=0xb9db7110
         795000	        78	80000118	410f0d33	sub	x26,x30,x16	 x30:0x80009fc4 x16:0xf8233269 x26=0x87dd6d5b
         805000	        79	8000011c	00188893	addi	x17,x17,1	 x17:0x00000004 x17=0x00000005
         815000	        80	80000120	41f404b3	sub	x9,x8,x31	  x8:0xd1b657dc x31:0xf7f4676c  x9=0xd9c1f070
         825000	        81	80000124	fe4898e3	bne	x17,x4,80000114	 x17:0x00000005  x4:0x00000005
         835000	        82	80000128	54537393	andi	x7,x6,1349	  x6:0x80000000  x7=0x00000000
         845000	        83	8000012c	00700193	addi	x3,x0,7	  x0:0x00000000  x3=0x00000007
         855000	        84	80000130	00000013	addi	x0,x0,0	  x0:0x00000000
         865000	        85	80000134	00700813	addi	x16,x0,7	  x0:0x00000000 x16=0x00000007
         875000	        86	80000138	01ea7b33	and	x22,x20,x30	 x20:0x80000000 x30:0x80009fc4 x22=0x80000000
         885000	        87	8000013c	4170de93	srai	x29,x1,0x17	  x1:0x00000005 x29=0x00000000
         895000	        88	80000140	ffb18193	addi	x3,x3,-5	  x3:0x00000007  x3=0x00000002
         905000	        89	80000144	ff01fae3	bgeu	x3,x16,80000138	  x3:0x00000002 x16:0x00000007
         915000	        90	80000148	00b99a13	slli	x20,x19,0xb	 x19:0x00000001 x20=0x00000800
         925000	        91	8000014c	00900d93	addi	x27,x0,9	  x0:0x00000000 x27=0x00000009
         935000	        92	80000150	00900a13	addi	x20,x0,9	  x0:0x00000000 x20=0x00000009
         945000	        93	80000154	9f7ee293	ori	x5,x29,-1545	 x29:0x00000000  x5=0xfffff9f7
         955000	        94	80000158	01787733	and	x14,x16,x23	 x16:0x00000007 x23:0x80000000 x14=0x00000000
         965000	        95	8000015c	00e95913	srli	x18,x18,0xe	 x18:0x9438f1cb x18=0x000250e3
         975000	        96	80000160	ff8d8d93	addi	x27,x27,-8	 x27:0x00000009 x27=0x00000001
         985000	        97	80000164	00300d13	addi	x26,x0,3	  x0:0x00000000 x26=0x00000003
         995000	        98	80000168	00500e13	addi	x28,x0,5	  x0:0x00000000 x28=0x00000005
        1005000	        99	8000016c	01a6c8b3	xor	x17,x13,x26	 x13:0x80000000 x26:0x00000003 x17=0x80000003
        1015000	       100	80000170	005baab3	slt	x21,x23,x5	 x23:0x80000000  x5:0xfffff9f7 x21=0x00000001
        1025000	       101	80000174	797b2213	slti	x4,x22,1943	 x22:0x80000000  x4=0x00000001
        1035000	       102	80000178	001d0d13	addi	x26,x26,1	 x26:0x00000003 x26=0x00000004
        1045000	       103	8000017c	68ba76b7	lui	x13,0x68ba7	 x13=0x68ba7000
        1055000	       104	80000180	ffcd08e3	beq	x26,x28,80000170	 x26:0x00000004 x28:0x00000005
        1065000	       105	80000184	407fd933	sra	x18,x31,x7	 x31:0xf7f4676c  x7:0x00000000 x18=0xf7f4676c
        1075000	       106	80000188	fd4df8e3	bgeu	x27,x20,80000158	 x27:0x00000001 x20:0x00000009
        1085000	       107	8000018c	00da39b3	sltu	x19,x20,x13	 x20:0x00000009 x13:0x68ba7000 x19=0x00000001
        1095000	       108	80000190	ff700c13	addi	x24,x0,-9	  x0:0x00000000 x24=0xfffffff7
        1105000	       109	80000194	74b66013	ori	x0,x12,1867	 x12:0xb9db7110
        1115000	       110	80000198	48288b13	addi	x22,x17,1154	 x17:0x80000003 x22=0x80000485
        1125000	       111	8000019c	00200893	addi	x17,x0,2	  x0:0x00000000 x17=0x00000002
        1135000	       112	800001a0	902b8393	addi	x7,x23,-1790	 x23:0x80000000  x7=0x7ffff902
        1145000	       113	800001a4	44e5c193	xori	x3,x11,1102	 x11:0x00000000  x3=0x0000044e
        1155000	       114	800001a8	01457ab3	and	x21,x10,x20	 x10:0x80000000 x20:0x00000009 x21=0x00000000
        1165000	       115	800001ac	01a3a333	slt	x6,x7,x26	  x7:0x7ffff902 x26:0x00000004  x6=0x00000000
        1175000	       116	800001b0	4080d293	srai	x5,x1,0x8	  x1:0x00000005  x5=0x00000000
        1185000	       117	800001b4	8c0b3413	sltiu	x8,x22,-1856	 x22:0x80000485  x8=0x00000001
        1195000	       118	800001b8	40a15213	srai	x4,x2,0xa	  x2:0x0000000d  x4=0x00000000
        1205000	       119	800001bc	006c0c13	addi	x24,x24,6	 x24:0xfffffff7 x24=0xfffffffd
        1215000	       120	800001c0	01991713	slli	x14,x18,0x19	 x18:0xf7f4676c x14=0xd8000000
        1225000	       121	800001c4	54626d97	auipc	x27,0x54626	 x27=0xd46261c0
        1235000	       122	800001c8	c72a7797	auipc	x15,0xc72a7	 x15=0x472a71c4
        1245000	       123	800001cc	0040d293	srli	x5,x1,0x4	  x1:0x00000005  x5=0x00000000
        1255000	       124	800001d0	97134b93	xori	x23,x6,-1679	  x6:0x00000000 x23=0xfffff971
        1265000	       125	800001d4	00354db3	xor	x27,x10,x3	 x10:0x80000000  x3:0x0000044e x27=0x8000044e
        1275000	       126	800001d8	008625b3	slt	x11,x12,x8	 x12:0xb9db7110  x8:0x00000001 x11=0x00000001
        1285000	       127	800001dc	01e0ed33	or	x26,x1,x30	  x1:0x00000005 x30:0x80009fc4 x26=0x80009fc5
        1295000	       128	800001e0	01631513	slli	x10,x6,0x16	  x6:0x00000000 x10=0x00000000
        1305000	       129	800001e4	fd1c48e3	blt	x24,x17,800001b4	 x24:0xfffffffd x17:0x00000002
        1315000	       130	00000000	00000013	addi	x0,x0,0	  x0:0x00000000
        1325000	       131	800001b0	00000013	addi	x0,x0,0	  x0:0x00000000
        1335000	       132	800001b4	8c0b3413	sltiu	x8,x22,-1856	 x22:0x80000485  x8=0x00000001
        1345000	       133	800001b8	40a15213	srai	x4,x2,0xa	  x2:0x0000000d  x4=0x00000000
        1355000	       134	800001bc	006c0c13	addi	x24,x24,6	 x24:0xfffffffd x24=0x00000003
        1365000	       135	800001c0	01991713	slli	x14,x18,0x19	 x18:0xf7f4676c x14=0xd8000000
        1375000	       136	800001c4	54626d97	auipc	x27,0x54626	 x27=0xd46261c0
        1385000	       137	800001c8	c72a7797	auipc	x15,0xc72a7	 x15=0x472a71c4
        1395000	       138	800001cc	0040d293	srli	x5,x1,0x4	  x1:0x00000005  x5=0x00000000
        1405000	       139	800001d0	97134b93	xori	x23,x6,-1679	  x6:0x00000000 x23=0xfffff971
        1415000	       140	800001d4	00354db3	xor	x27,x10,x3	 x10:0x00000000  x3:0x0000044e x27=0x0000044e
        1425000	       141	800001d8	008625b3	slt	x11,x12,x8	 x12:0xb9db7110  x8:0x00000001 x11=0x00000001
        1435000	       142	800001dc	01e0ed33	or	x26,x1,x30	  x1:0x00000005 x30:0x80009fc4 x26=0x80009fc5
        1445000	       143	800001e0	01631513	slli	x10,x6,0x16	  x6:0x00000000 x10=0x00000000
        1455000	       144	800001e4	fd1c48e3	blt	x24,x17,800001b4	 x24:0x00000003 x17:0x00000002
        1465000	       145	800001e8	4029db13	srai	x22,x19,0x2	 x19:0x00000001 x22=0x00000000
        1475000	       146	800001ec	ffc00a13	addi	x20,x0,-4	  x0:0x00000000 x20=0xfffffffc
        1485000	       147	800001f0	0119e8b3	or	x17,x19,x17	 x19:0x00000001 x17:0x00000002 x17=0x00000003
        1495000	       148	800001f4	014c78b3	and	x17,x24,x20	 x24:0x00000003 x20:0xfffffffc x17=0x00000000
        1505000	       149	800001f8	00800c13	addi	x24,x0,8	  x0:0x00000000 x24=0x00000008
        1515000	       150	800001fc	13e67493	andi	x9,x12,318	 x12:0xb9db7110  x9=0x00000110
        1525000	       151	80000200	004a0a13	addi	x20,x20,4	 x20:0xfffffffc x20=0x00000000
        1535000	       152	80000204	00e620b3	slt	x1,x12,x14	 x12:0xb9db7110 x14:0xd8000000  x1=0x00000001
        1545000	       153	80000208	01b311b3	sll	x3,x6,x27	  x6:0x00000000 x27:0x0000044e  x3=0x00000000
        1555000	       154	8000020c	ff8a18e3	bne	x20,x24,800001fc	 x20:0x00000000 x24:0x00000008
        1565000	       155	00000000	00000013	addi	x0,x0,0	  x0:0x00000000
        1575000	       156	800001f8	00000013	addi	x0,x0,0	  x0:0x00000000
        1585000	       157	800001fc	13e67493	andi	x9,x12,318	 x12:0xb9db7110  x9=0x00000110
        1595000	       158	80000200	004a0a13	addi	x20,x20,4	 x20:0x00000000 x20=0x00000004
        1605000	       159	80000204	00e620b3	slt	x1,x12,x14	 x12:0xb9db7110 x14:0xd8000000  x1=0x00000001
        1615000	       160	80000208	01b311b3	sll	x3,x6,x27	  x6:0x00000000 x27:0x0000044e  x3=0x00000000
        1625000	       161	8000020c	ff8a18e3	bne	x20,x24,800001fc	 x20:0x00000004 x24:0x00000008
        1635000	       162	00000000	00000013	addi	x0,x0,0	  x0:0x00000000
        1645000	       163	800001f8	00000013	addi	x0,x0,0	  x0:0x00000000
        1655000	       164	800001fc	13e67493	andi	x9,x12,318	 x12:0xb9db7110  x9=0x00000110
        1665000	       165	80000200	004a0a13	addi	x20,x20,4	 x20:0x00000004 x20=0x00000008
        1675000	       166	80000204	00e620b3	slt	x1,x12,x14	 x12:0xb9db7110 x14:0xd8000000  x1=0x00000001
        1685000	       167	80000208	01b311b3	sll	x3,x6,x27	  x6:0x00000000 x27:0x0000044e  x3=0x00000000
        1695000	       168	8000020c	ff8a18e3	bne	x20,x24,800001fc	 x20:0x00000008 x24:0x00000008
        1705000	       169	80000210	33cedd97	auipc	x27,0x33ced	 x27=0xb3ced20c
        1715000	       170	80000214	00a00793	addi	x15,x0,10	  x0:0x00000000 x15=0x0000000a
        1725000	       171	80000218	41b2d3b3	sra	x7,x5,x27	  x5:0x00000000 x27:0xb3ced20c  x7=0x00000000
        1735000	       172	8000021c	ff600693	addi	x13,x0,-10	  x0:0x00000000 x13=0xfffffff6
        1745000	       173	80000220	81940113	addi	x2,x8,-2023	  x8:0x00000001  x2=0xfffff81a
        1755000	       174	80000224	6de5fe97	auipc	x29,0x6de5f	 x29=0xede5f220
        1765000	       175	80000228	ba355017	auipc	x0,0xba355	
        1775000	       176	8000022c	01d49a13	slli	x20,x9,0x1d	  x9:0x00000110 x20=0x00000000
        1785000	       177	80000230	ffb78793	addi	x15,x15,-5	 x15:0x0000000a x15=0x00000005
        1795000	       178	80000234	ca96c997	auipc	x19,0xca96c	 x19=0x4a96c230
        1805000	       179	80000238	01a40033	add	x0,x8,x26	  x8:0x00000001 x26:0x80009fc5
        1815000	       180	8000023c	0051c233	xor	x4,x3,x5	  x3:0x00000000  x5:0x00000000  x4=0x00000000
        1825000	       181	80000240	ff700e13	addi	x28,x0,-9	  x0:0x00000000 x28=0xfffffff7
        1835000	       182	80000244	bc300213	addi	x4,x0,-1085	  x0:0x00000000  x4=0xfffffbc3
        1845000	       183	80000248	00900413	addi	x8,x0,9	  x0:0x00000000  x8=0x00000009
        1855000	       184	8000024c	5bb0eb17	auipc	x22,0x5bb0e	 x22=0xdbb0e248
        1865000	       185	80000250	6f392493	slti	x9,x18,1779	 x18:0xf7f4676c  x9=0x00000001
        1875000	       186	80000254	015d8eb3	add	x29,x27,x21	 x27:0xb3ced20c x21:0x00000000 x29=0xb3ced20c
        1885000	       187	80000258	412503b3	sub	x7,x10,x18	 x10:0x00000000 x18:0xf7f4676c  x7=0x080b9894
        1895000	       188	8000025c	90d40493	addi	x9,x8,-1779	  x8:0x00000009  x9=0xfffff916
        1905000	       189	80000260	006d2b33	slt	x22,x26,x6	 x26:0x80009fc5  x6:0x00000000 x22=0x00000001
        1915000	       190	80000264	011c39b3	sltu	x19,x24,x17	 x24:0x00000008 x17:0x00000000 x19=0x00000000
        1925000	       191	80000268	009e0e13	addi	x28,x28,9	 x28:0xfffffff7 x28=0x00000000
        1935000	       192	8000026c	00000013	addi	x0,x0,0	  x0:0x00000000
        1945000	       193	80000270	01050eb3	add	x29,x10,x16	 x10:0x00000000 x16:0x00000007 x29=0x00000007
        1955000	       194	80000274	fe8e00e3	beq	x28,x8,80000254	 x28:0x00000000  x8:0x00000009
        1965000	       195	80000278	00cfb833	sltu	x16,x31,x12	 x31:0xf7f4676c x12:0xb9db7110 x16=0x00000000
        1975000	       196	8000027c	82a4b313	sltiu	x6,x9,-2006	  x9:0xfffff916  x6=0x00000000
        1985000	       197	80000280	c963a917	auipc	x18,0xc963a	 x18=0x4963a27c
        1995000	       198	80000284	fad7d2e3	bge	x15,x13,80000228	 x15:0x00000005 x13:0xfffffff6
        2005000	       199	00000000	00000013	addi	x0,x0,0	  x0:0x00000000
        2015000	       200	80000224	00000013	addi	x0,x0,0	  x0:0x00000000
        2025000	       201	80000228	ba355017	auipc	x0,0xba355	
        2035000	       202	8000022c	01d49a13	slli	x20,x9,0x1d	  x9:0xfffff916 x20=0xc0000000
        2045000	       203	80000230	ffb78793	addi	x15,x15,-5	 x15:0x00000005 x15=0x00000000
        2055000	       204	80000234	ca96c997	auipc	x19,0xca96c	 x19=0x4a96c230
        2065000	       205	80000238	01a40033	add	x0,x8,x26	  x8:0x00000009 x26:0x80009fc5
        2075000	       206	8000023c	0051c233	xor	x4,x3,x5	  x3:0x00000000  x5:0x00000000  x4=0x00000000
        2085000	       207	80000240	ff700e13	addi	x28,x0,-9	  x0:0x00000000 x28=0xfffffff7
        2095000	       208	80000244	bc300213	addi	x4,x0,-1085	  x0:0x00000000  x4=0xfffffbc3
        2105000	       209	80000248	00900413	addi	x8,x0,9	  x0:0x00000000  x8=0x00000009
        2115000	       210	8000024c	5bb0eb17	auipc	x22,0x5bb0e	 x22=0xdbb0e248
        2125000	       211	80000250	6f392493	slti	x9,x18,1779	 x18:0x4963a27c  x9=0x00000000
        2135000	       212	80000254	015d8eb3	add	x29,x27,x21	 x27:0xb3ced20c x21:0x00000000 x29=0xb3ced20c
        2145000	       213	80000258	412503b3	sub	x7,x10,x18	 x10:0x00000000 x18:0x4963a27c  x7=0xb69c5d84
        2155000	       214	8000025c	90d40493	addi	x9,x8,-1779	  x8:0x00000009  x9=0xfffff916
        2165000	       215	80000260	006d2b33	slt	x22,x26,x6	 x26:0x80009fc5  x6:0x00000000 x22=0x00000001
        2175000	       216	80000264	011c39b3	sltu	x19,x24,x17	 x24:0x00000008 x17:0x00000000 x19=0x00000000
        2185000	       217	80000268	009e0e13	addi	x28,x28,9	 x28:0xfffffff7 x28=0x00000000
        2195000	       218	8000026c	00000013	addi	x0,x0,0	  x0:0x00000000
        2205000	       219	80000270	01050eb3	add	x29,x10,x16	 x10:0x00000000 x16:0x00000000 x29=0x00000000
        2215000	       220	80000274	fe8e00e3	beq	x28,x8,80000254	 x28:0x00000000  x8:0x00000009
        2225000	       221	80000278	00cfb833	sltu	x16,x31,x12	 x31:0xf7f4676c x12:0xb9db7110 x16=0x00000000
        2235000	       222	8000027c	82a4b313	sltiu	x6,x9,-2006	  x9:0xfffff916  x6=0x00000000
        2245000	       223	80000280	c963a917	auipc	x18,0xc963a	 x18=0x4963a27c
        2255000	       224	80000284	fad7d2e3	bge	x15,x13,80000228	 x15:0x00000000 x13:0xfffffff6
        2265000	       225	00000000	00000013	addi	x0,x0,0	  x0:0x00000000
        2275000	       226	80000224	00000013	addi	x0,x0,0	  x0:0x00000000
        2285000	       227	80000228	ba355017	auipc	x0,0xba355	
        2295000	       228	8000022c	01d49a13	slli	x20,x9,0x1d	  x9:0xfffff916 x20=0xc0000000
        2305000	       229	80000230	ffb78793	addi	x15,x15,-5	 x15:0x00000000 x15=0xfffffffb
        2315000	       230	80000234	ca96c997	auipc	x19,0xca96c	 x19=0x4a96c230
        2325000	       231	80000238	01a40033	add	x0,x8,x26	  x8:0x00000009 x26:0x80009fc5
        2335000	       232	8000023c	0051c233	xor	x4,x3,x5	  x3:0x00000000  x5:0x00000000  x4=0x00000000
        2345000	       233	80000240	ff700e13	addi	x28,x0,-9	  x0:0x00000000 x28=0xfffffff7
        2355000	       234	80000244	bc300213	addi	x4,x0,-1085	  x0:0x00000000  x4=0xfffffbc3
        2365000	       235	80000248	00900413	addi	x8,x0,9	  x0:0x00000000  x8=0x00000009
        2375000	       236	8000024c	5bb0eb17	auipc	x22,0x5bb0e	 x22=0xdbb0e248
        2385000	       237	80000250	6f392493	slti	x9,x18,1779	 x18:0x4963a27c  x9=0x00000000
        2395000	       238	80000254	015d8eb3	add	x29,x27,x21	 x27:0xb3ced20c x21:0x00000000 x29=0xb3ced20c
        2405000	       239	80000258	412503b3	sub	x7,x10,x18	 x10:0x00000000 x18:0x4963a27c  x7=0xb69c5d84
        2415000	       240	8000025c	90d40493	addi	x9,x8,-1779	  x8:0x00000009  x9=0xfffff916
        2425000	       241	80000260	006d2b33	slt	x22,x26,x6	 x26:0x80009fc5  x6:0x00000000 x22=0x00000001
        2435000	       242	80000264	011c39b3	sltu	x19,x24,x17	 x24:0x00000008 x17:0x00000000 x19=0x00000000
        2445000	       243	80000268	009e0e13	addi	x28,x28,9	 x28:0xfffffff7 x28=0x00000000
        2455000	       244	8000026c	00000013	addi	x0,x0,0	  x0:0x00000000
        2465000	       245	80000270	01050eb3	add	x29,x10,x16	 x10:0x00000000 x16:0x00000000 x29=0x00000000
        2475000	       246	80000274	fe8e00e3	beq	x28,x8,80000254	 x28:0x00000000  x8:0x00000009
        2485000	       247	80000278	00cfb833	sltu	x16,x31,x12	 x31:0xf7f4676c x12:0xb9db7110 x16=0x00000000
        2495000	       248	8000027c	82a4b313	sltiu	x6,x9,-2006	  x9:0xfffff916  x6=0x00000000
        2505000	       249	80000280	c963a917	auipc	x18,0xc963a	 x18=0x4963a27c
        2515000	       250	80000284	fad7d2e3	bge	x15,x13,80000228	 x15:0xfffffffb x13:0xfffffff6
        2525000	       251	00000000	00000013	addi	x0,x0,0	  x0:0x00000000
        2535000	       252	80000224	00000013	addi	x0,x0,0	  x0:0x00000000
        2545000	       253	80000228	ba355017	auipc	x0,0xba355	
        2555000	       254	8000022c	01d49a13	slli	x20,x9,0x1d	  x9:0xfffff916 x20=0xc0000000
        2565000	       255	80000230	ffb78793	addi	x15,x15,-5	 x15:0xfffffffb x15=0xfffffff6
        2575000	       256	80000234	ca96c997	auipc	x19,0xca96c	 x19=0x4a96c230
        2585000	       257	80000238	01a40033	add	x0,x8,x26	  x8:0x00000009 x26:0x80009fc5
        2595000	       258	8000023c	0051c233	xor	x4,x3,x5	  x3:0x00000000  x5:0x00000000  x4=0x00000000
        2605000	       259	80000240	ff700e13	addi	x28,x0,-9	  x0:0x00000000 x28=0xfffffff7
        2615000	       260	80000244	bc300213	addi	x4,x0,-1085	  x0:0x00000000  x4=0xfffffbc3
        2625000	       261	80000248	00900413	addi	x8,x0,9	  x0:0x00000000  x8=0x00000009
        2635000	       262	8000024c	5bb0eb17	auipc	x22,0x5bb0e	 x22=0xdbb0e248
        2645000	       263	80000250	6f392493	slti	x9,x18,1779	 x18:0x4963a27c  x9=0x00000000
        2655000	       264	80000254	015d8eb3	add	x29,x27,x21	 x27:0xb3ced20c x21:0x00000000 x29=0xb3ced20c
        2665000	       265	80000258	412503b3	sub	x7,x10,x18	 x10:0x00000000 x18:0x4963a27c  x7=0xb69c5d84
        2675000	       266	8000025c	90d40493	addi	x9,x8,-1779	  x8:0x00000009  x9=0xfffff916
        2685000	       267	80000260	006d2b33	slt	x22,x26,x6	 x26:0x80009fc5  x6:0x00000000 x22=0x00000001
        2695000	       268	80000264	011c39b3	sltu	x19,x24,x17	 x24:0x00000008 x17:0x00000000 x19=0x00000000
        2705000	       269	80000268	009e0e13	addi	x28,x28,9	 x28:0xfffffff7 x28=0x00000000
        2715000	       270	8000026c	00000013	addi	x0,x0,0	  x0:0x00000000
        2725000	       271	80000270	01050eb3	add	x29,x10,x16	 x10:0x00000000 x16:0x00000000 x29=0x00000000
        2735000	       272	80000274	fe8e00e3	beq	x28,x8,80000254	 x28:0x00000000  x8:0x00000009
        2745000	       273	80000278	00cfb833	sltu	x16,x31,x12	 x31:0xf7f4676c x12:0xb9db7110 x16=0x00000000
        2755000	       274	8000027c	82a4b313	sltiu	x6,x9,-2006	  x9:0xfffff916  x6=0x00000000
        2765000	       275	80000280	c963a917	auipc	x18,0xc963a	 x18=0x4963a27c
        2775000	       276	80000284	fad7d2e3	bge	x15,x13,80000228	 x15:0xfffffff6 x13:0xfffffff6
        2785000	       277	00000000	00000013	addi	x0,x0,0	  x0:0x00000000
        2795000	       278	80000224	00000013	addi	x0,x0,0	  x0:0x00000000
        2805000	       279	80000228	ba355017	auipc	x0,0xba355	
        2815000	       280	8000022c	01d49a13	slli	x20,x9,0x1d	  x9:0xfffff916 x20=0xc0000000
        2825000	       281	80000230	ffb78793	addi	x15,x15,-5	 x15:0xfffffff6 x15=0xfffffff1
        2835000	       282	80000234	ca96c997	auipc	x19,0xca96c	 x19=0x4a96c230
        2845000	       283	80000238	01a40033	add	x0,x8,x26	  x8:0x00000009 x26:0x80009fc5
        2855000	       284	8000023c	0051c233	xor	x4,x3,x5	  x3:0x00000000  x5:0x00000000  x4=0x00000000
        2865000	       285	80000240	ff700e13	addi	x28,x0,-9	  x0:0x00000000 x28=0xfffffff7
        2875000	       286	80000244	bc300213	addi	x4,x0,-1085	  x0:0x00000000  x4=0xfffffbc3
        2885000	       287	80000248	00900413	addi	x8,x0,9	  x0:0x00000000  x8=0x00000009
        2895000	       288	8000024c	5bb0eb17	auipc	x22,0x5bb0e	 x22=0xdbb0e248
        2905000	       289	80000250	6f392493	slti	x9,x18,1779	 x18:0x4963a27c  x9=0x00000000
        2915000	       290	80000254	015d8eb3	add	x29,x27,x21	 x27:0xb3ced20c x21:0x00000000 x29=0xb3ced20c
        2925000	       291	80000258	412503b3	sub	x7,x10,x18	 x10:0x00000000 x18:0x4963a27c  x7=0xb69c5d84
        2935000	       292	8000025c	90d40493	addi	x9,x8,-1779	  x8:0x00000009  x9=0xfffff916
        2945000	       293	80000260	006d2b33	slt	x22,x26,x6	 x26:0x80009fc5  x6:0x00000000 x22=0x00000001
        2955000	       294	80000264	011c39b3	sltu	x19,x24,x17	 x24:0x00000008 x17:0x00000000 x19=0x00000000
        2965000	       295	80000268	009e0e13	addi	x28,x28,9	 x28:0xfffffff7 x28=0x00000000
        2975000	       296	8000026c	00000013	addi	x0,x0,0	  x0:0x00000000
        2985000	       297	80000270	01050eb3	add	x29,x10,x16	 x10:0x00000000 x16:0x00000000 x29=0x00000000
        2995000	       298	80000274	fe8e00e3	beq	x28,x8,80000254	 x28:0x00000000  x8:0x00000009
        3005000	       299	80000278	00cfb833	sltu	x16,x31,x12	 x31:0xf7f4676c x12:0xb9db7110 x16=0x00000000
        3015000	       300	8000027c	82a4b313	sltiu	x6,x9,-2006	  x9:0xfffff916  x6=0x00000000
        3025000	       301	80000280	c963a917	auipc	x18,0xc963a	 x18=0x4963a27c
        3035000	       302	80000284	fad7d2e3	bge	x15,x13,80000228	 x15:0xfffffff1 x13:0xfffffff6
        3045000	       303	80000288	00a42333	slt	x6,x8,x10	  x8:0x00000009 x10:0x00000000  x6=0x00000000
        3055000	       304	8000028c	ffd00d13	addi	x26,x0,-3	  x0:0x00000000 x26=0xfffffffd
        3065000	       305	80000290	e1a04513	xori	x10,x0,-486	  x0:0x00000000 x10=0xfffffe1a
        3075000	       306	80000294	0087a833	slt	x16,x15,x8	 x15:0xfffffff1  x8:0x00000009 x16=0x00000001
        3085000	       307	80000298	ff300613	addi	x12,x0,-13	  x0:0x00000000 x12=0xfffffff3
        3095000	       308	8000029c	662a79b7	lui	x19,0x662a7	 x19=0x662a7000
        3105000	       309	800002a0	0186c833	xor	x16,x13,x24	 x13:0xfffffff6 x24:0x00000008 x16=0xfffffffe
        3115000	       310	800002a4	0139c333	xor	x6,x19,x19	 x19:0x662a7000 x19:0x662a7000  x6=0x00000000
        3125000	       311	800002a8	ff6d0d13	addi	x26,x26,-10	 x26:0xfffffffd x26=0xfffffff3
        3135000	       312	800002ac	cbefc713	xori	x14,x31,-834	 x31:0xf7f4676c x14=0x080b9bd2
        3145000	       313	800002b0	fecd1ae3	bne	x26,x12,800002a4	 x26:0xfffffff3 x12:0xfffffff3
        3155000	       314	800002b4	018f14b3	sll	x9,x30,x24	 x30:0x80009fc4 x24:0x00000008  x9=0x009fc400
        3165000	       315	800002b8	00500c13	addi	x24,x0,5	  x0:0x00000000 x24=0x00000005
        3175000	       316	800002bc	141fb693	sltiu	x13,x31,321	 x31:0xf7f4676c x13=0x00000000
        3185000	       317	800002c0	fa72a113	slti	x2,x5,-89	  x5:0x00000000  x2=0x00000000
        3195000	       318	800002c4	00500293	addi	x5,x0,5	  x0:0x00000000  x5=0x00000005
        3205000	       319	800002c8	79f96193	ori	x3,x18,1951	 x18:0x4963a27c  x3=0x4963a7ff
        3215000	       320	800002cc	002c0033	add	x0,x24,x2	 x24:0x00000005  x2:0x00000000
        3225000	       321	800002d0	37a18493	addi	x9,x3,890	  x3:0x4963a7ff  x9=0x4963ab79
        3235000	       322	800002d4	0197adb3	slt	x27,x15,x25	 x15:0xfffffff1 x25:0x80009f84 x27=0x00000000
        3245000	       323	800002d8	00c9c533	xor	x10,x19,x12	 x19:0x662a7000 x12:0xfffffff3 x10=0x99d58ff3
        3255000	       324	800002dc	ffcc0c13	addi	x24,x24,-4	 x24:0x00000005 x24=0x00000001
        3265000	       325	800002e0	00900413	addi	x8,x0,9	  x0:0x00000000  x8=0x00000009
        3275000	       326	800002e4	00e00a93	addi	x21,x0,14	  x0:0x00000000 x21=0x0000000e
        3285000	       327	800002e8	00cb65b3	or	x11,x22,x12	 x22:0x00000001 x12:0xfffffff3 x11=0xfffffff3
        3295000	       328	800002ec	0135e4b3	or	x9,x11,x19	 x11:0xfffffff3 x19:0x662a7000  x9=0xfffffff3
        3305000	       329	800002f0	b12c8393	addi	x7,x25,-1262	 x25:0x80009f84  x7=0x80009a96
        3315000	       330	800002f4	00240413	addi	x8,x8,2	  x8:0x00000009  x8=0x0000000b
        3325000	       331	800002f8	ff544ae3	blt	x8,x21,800002ec	  x8:0x0000000b x21:0x0000000e
        3335000	       332	00000000	00000013	addi	x0,x0,0	  x0:0x00000000
        3345000	       333	800002e8	00000013	addi	x0,x0,0	  x0:0x00000000
        3355000	       334	800002ec	0135e4b3	or	x9,x11,x19	 x11:0xfffffff3 x19:0x662a7000  x9=0xfffffff3
        3365000	       335	800002f0	b12c8393	addi	x7,x25,-1262	 x25:0x80009f84  x7=0x80009a96
        3375000	       336	800002f4	00240413	addi	x8,x8,2	  x8:0x0000000b  x8=0x0000000d
        3385000	       337	800002f8	ff544ae3	blt	x8,x21,800002ec	  x8:0x0000000d x21:0x0000000e
        3395000	       338	00000000	00000013	addi	x0,x0,0	  x0:0x00000000
        3405000	       339	800002e8	00000013	addi	x0,x0,0	  x0:0x00000000
        3415000	       340	800002ec	0135e4b3	or	x9,x11,x19	 x11:0xfffffff3 x19:0x662a7000  x9=0xfffffff3
        3425000	       341	800002f0	b12c8393	addi	x7,x25,-1262	 x25:0x80009f84  x7=0x80009a96
        3435000	       342	800002f4	00240413	addi	x8,x8,2	  x8:0x0000000d  x8=0x0000000f
        3445000	       343	800002f8	ff544ae3	blt	x8,x21,800002ec	  x8:0x0000000f x21:0x0000000e
        3455000	       344	800002fc	fc5c58e3	bge	x24,x5,800002cc	 x24:0x00000001  x5:0x00000005
        3465000	       345	80000300	d40e6713	ori	x14,x28,-704	 x28:0x00000000 x14=0xfffffd40
        3475000	       346	80000304	ffc00e93	addi	x29,x0,-4	  x0:0x00000000 x29=0xfffffffc
        3485000	       347	80000308	00c13133	sltu	x2,x2,x12	  x2:0x00000000 x12:0xfffffff3  x2=0x00000001
        3495000	       348	8000030c	00000013	addi	x0,x0,0	  x0:0x00000000
        3505000	       349	80000310	c2e93197	auipc	x3,0xc2e93	  x3=0x42e9330c
        3515000	       350	80000314	00b01a33	sll	x20,x0,x11	  x0:0x00000000 x11:0xfffffff3 x20=0x00000000
        3525000	       351	80000318	5ba1ab13	slti	x22,x3,1466	  x3:0x42e9330c x22=0x00000000
        3535000	       352	8000031c	01b85013	srli	x0,x16,0x1b	 x16:0xfffffffe
        3545000	       353	80000320	00500813	addi	x16,x0,5	  x0:0x00000000 x16=0x00000005
        3555000	       354	80000324	01dcd4b3	srl	x9,x25,x29	 x25:0x80009f84 x29:0xfffffffc  x9=0x00000008
        3565000	       355	80000328	00000013	addi	x0,x0,0	  x0:0x00000000
        3575000	       356	8000032c	005e8e93	addi	x29,x29,5	 x29:0xfffffffc x29=0x00000001
        3585000	       357	80000330	00200993	addi	x19,x0,2	  x0:0x00000000 x19=0x00000002
        3595000	       358	80000334	01009333	sll	x6,x1,x16	  x1:0x00000001 x16:0x00000005  x6=0x00000020
        3605000	       359	80000338	00a00c13	addi	x24,x0,10	  x0:0x00000000 x24=0x0000000a
        3615000	       360	8000033c	00410433	add	x8,x2,x4	  x2:0x00000001  x4:0xfffffbc3  x8=0xfffffbc4
        3625000	       361	80000340	014af2b3	and	x5,x21,x20	 x21:0x0000000e x20:0x00000000  x5=0x00000000
        3635000	       362	80000344	4115d933	sra	x18,x11,x17	 x11:0xfffffff3 x17:0x00000000 x18=0xfffffff3
        3645000	       363	80000348	00198993	addi	x19,x19,1	 x19:0x00000002 x19=0x00000003
        3655000	       364	8000034c	2de14513	xori	x10,x2,734	  x2:0x00000001 x10=0x000002df
        3665000	       365	80000350	ff89e8e3	bltu	x19,x24,80000340	 x19:0x00000003 x24:0x0000000a
        3675000	       366	00000000	00000013	addi	x0,x0,0	  x0:0x00000000
        3685000	       367	8000033c	00000013	addi	x0,x0,0	  x0:0x00000000
        3695000	       368	80000340	014af2b3	and	x5,x21,x20	 x21:0x0000000e x20:0x00000000  x5=0x00000000
        3705000	       369	80000344	4115d933	sra	x18,x11,x17	 x11:0xfffffff3 x17:0x00000000 x18=0xfffffff3
        3715000	       370	80000348	00198993	addi	x19,x19,1	 x19:0x00000003 x19=0x00000004
        3725000	       371	8000034c	2de14513	xori	x10,x2,734	  x2:0x00000001 x10=0x000002df
        3735000	       372	80000350	ff89e8e3	bltu	x19,x24,80000340	 x19:0x00000004 x24:0x0000000a
        3745000	       373	00000000	00000013	addi	x0,x0,0	  x0:0x00000000
        3755000	       374	8000033c	00000013	addi	x0,x0,0	  x0:0x00000000
        3765000	       375	80000340	014af2b3	and	x5,x21,x20	 x21:0x0000000e x20:0x00000000  x5=0x00000000
        3775000	       376	80000344	4115d933	sra	x18,x11,x17	 x11:0xfffffff3 x17:0x00000000 x18=0xfffffff3
        3785000	       377	80000348	00198993	addi	x19,x19,1	 x19:0x00000004 x19=0x00000005
        3795000	       378	8000034c	2de14513	xori	x10,x2,734	  x2:0x00000001 x10=0x000002df
        3805000	       379	80000350	ff89e8e3	bltu	x19,x24,80000340	 x19:0x00000005 x24:0x0000000a
        3815000	       380	00000000	00000013	addi	x0,x0,0	  x0:0x00000000
        3825000	       381	8000033c	00000013	addi	x0,x0,0	  x0:0x00000000
        3835000	       382	80000340	014af2b3	and	x5,x21,x20	 x21:0x0000000e x20:0x00000000  x5=0x00000000
        3845000	       383	80000344	4115d933	sra	x18,x11,x17	 x11:0xfffffff3 x17:0x00000000 x18=0xfffffff3
        3855000	       384	80000348	00198993	addi	x19,x19,1	 x19:0x00000005 x19=0x00000006
        3865000	       385	8000034c	2de14513	xori	x10,x2,734	  x2:0x00000001 x10=0x000002df
        3875000	       386	80000350	ff89e8e3	bltu	x19,x24,80000340	 x19:0x00000006 x24:0x0000000a
        3885000	       387	00000000	00000013	addi	x0,x0,0	  x0:0x00000000
        3895000	       388	8000033c	00000013	addi	x0,x0,0	  x0:0x00000000
        3905000	       389	80000340	014af2b3	and	x5,x21,x20	 x21:0x0000000e x20:0x00000000  x5=0x00000000
        3915000	       390	80000344	4115d933	sra	x18,x11,x17	 x11:0xfffffff3 x17:0x00000000 x18=0xfffffff3
        3925000	       391	80000348	00198993	addi	x19,x19,1	 x19:0x00000006 x19=0x00000007
        3935000	       392	8000034c	2de14513	xori	x10,x2,734	  x2:0x00000001 x10=0x000002df
        3945000	       393	80000350	ff89e8e3	bltu	x19,x24,80000340	 x19:0x00000007 x24:0x0000000a
        3955000	       394	00000000	00000013	addi	x0,x0,0	  x0:0x00000000
        3965000	       395	8000033c	00000013	addi	x0,x0,0	  x0:0x00000000
        3975000	       396	80000340	014af2b3	and	x5,x21,x20	 x21:0x0000000e x20:0x00000000  x5=0x00000000
        3985000	       397	80000344	4115d933	sra	x18,x11,x17	 x11:0xfffffff3 x17:0x00000000 x18=0xfffffff3
        3995000	       398	80000348	00198993	addi	x19,x19,1	 x19:0x00000007 x19=0x00000008
        4005000	       399	8000034c	2de14513	xori	x10,x2,734	  x2:0x00000001 x10=0x000002df
        4015000	       400	80000350	ff89e8e3	bltu	x19,x24,80000340	 x19:0x00000008 x24:0x0000000a
        4025000	       401	00000000	00000013	addi	x0,x0,0	  x0:0x00000000
        4035000	       402	8000033c	00000013	addi	x0,x0,0	  x0:0x00000000
        4045000	       403	80000340	014af2b3	and	x5,x21,x20	 x21:0x0000000e x20:0x00000000  x5=0x00000000
        4055000	       404	80000344	4115d933	sra	x18,x11,x17	 x11:0xfffffff3 x17:0x00000000 x18=0xfffffff3
        4065000	       405	80000348	00198993	addi	x19,x19,1	 x19:0x00000008 x19=0x00000009
        4075000	       406	8000034c	2de14513	xori	x10,x2,734	  x2:0x00000001 x10=0x000002df
        4085000	       407	80000350	ff89e8e3	bltu	x19,x24,80000340	 x19:0x00000009 x24:0x0000000a
        4095000	       408	00000000	00000013	addi	x0,x0,0	  x0:0x00000000
        4105000	       409	8000033c	00000013	addi	x0,x0,0	  x0:0x00000000
        4115000	       410	80000340	014af2b3	and	x5,x21,x20	 x21:0x0000000e x20:0x00000000  x5=0x00000000
        4125000	       411	80000344	4115d933	sra	x18,x11,x17	 x11:0xfffffff3 x17:0x00000000 x18=0xfffffff3
        4135000	       412	80000348	00198993	addi	x19,x19,1	 x19:0x00000009 x19=0x0000000a
        4145000	       413	8000034c	2de14513	xori	x10,x2,734	  x2:0x00000001 x10=0x000002df
        4155000	       414	80000350	ff89e8e3	bltu	x19,x24,80000340	 x19:0x0000000a x24:0x0000000a
        4165000	       415	80000354	fd0eeae3	bltu	x29,x16,80000328	 x29:0x00000001 x16:0x00000005
        4175000	       416	00000000	00000013	addi	x0,x0,0	  x0:0x00000000
        4185000	       417	80000324	00000013	addi	x0,x0,0	  x0:0x00000000
        4195000	       418	80000328	00000013	addi	x0,x0,0	  x0:0x00000000
        4205000	       419	8000032c	005e8e93	addi	x29,x29,5	 x29:0x00000001 x29=0x00000006
        4215000	       420	80000330	00200993	addi	x19,x0,2	  x0:0x00000000 x19=0x00000002
        4225000	       421	80000334	01009333	sll	x6,x1,x16	  x1:0x00000001 x16:0x00000005  x6=0x00000020
        4235000	       422	80000338	00a00c13	addi	x24,x0,10	  x0:0x00000000 x24=0x0000000a
        4245000	       423	8000033c	00410433	add	x8,x2,x4	  x2:0x00000001  x4:0xfffffbc3  x8=0xfffffbc4
        4255000	       424	80000340	014af2b3	and	x5,x21,x20	 x21:0x0000000e x20:0x00000000  x5=0x00000000
        4265000	       425	80000344	4115d933	sra	x18,x11,x17	 x11:0xfffffff3 x17:0x00000000 x18=0xfffffff3
        4275000	       426	80000348	00198993	addi	x19,x19,1	 x19:0x00000002 x19=0x00000003
        4285000	       427	8000034c	2de14513	xori	x10,x2,734	  x2:0x00000001 x10=0x000002df
        4295000	       428	80000350	ff89e8e3	bltu	x19,x24,80000340	 x19:0x00000003 x24:0x0000000a
        4305000	       429	00000000	00000013	addi	x0,x0,0	  x0:0x00000000
        4315000	       430	8000033c	00000013	addi	x0,x0,0	  x0:0x00000000
        4325000	       431	80000340	014af2b3	and	x5,x21,x20	 x21:0x0000000e x20:0x00000000  x5=0x00000000
        4335000	       432	80000344	4115d933	sra	x18,x11,x17	 x11:0xfffffff3 x17:0x00000000 x18=0xfffffff3
        4345000	       433	80000348	00198993	addi	x19,x19,1	 x19:0x00000003 x19=0x00000004
        4355000	       434	8000034c	2de14513	xori	x10,x2,734	  x2:0x00000001 x10=0x000002df
        4365000	       435	80000350	ff89e8e3	bltu	x19,x24,80000340	 x19:0x00000004 x24:0x0000000a
        4375000	       436	00000000	00000013	addi	x0,x0,0	  x0:0x00000000
        4385000	       437	8000033c	00000013	addi	x0,x0,0	  x0:0x00000000
        4395000	       438	80000340	014af2b3	and	x5,x21,x20	 x21:0x0000000e x20:0x00000000  x5=0x00000000
        4405000	       439	80000344	4115d933	sra	x18,x11,x17	 x11:0xfffffff3 x17:0x00000000 x18=0xfffffff3
        4415000	       440	80000348	00198993	addi	x19,x19,1	 x19:0x00000004 x19=0x00000005
        4425000	       441	8000034c	2de14513	xori	x10,x2,734	  x2:0x00000001 x10=0x000002df
        4435000	       442	80000350	ff89e8e3	bltu	x19,x24,80000340	 x19:0x00000005 x24:0x0000000a
        4445000	       443	00000000	00000013	addi	x0,x0,0	  x0:0x00000000
        4455000	       444	8000033c	00000013	addi	x0,x0,0	  x0:0x00000000
        4465000	       445	80000340	014af2b3	and	x5,x21,x20	 x21:0x0000000e x20:0x00000000  x5=0x00000000
        4475000	       446	80000344	4115d933	sra	x18,x11,x17	 x11:0xfffffff3 x17:0x00000000 x18=0xfffffff3
        4485000	       447	80000348	00198993	addi	x19,x19,1	 x19:0x00000005 x19=0x00000006
        4495000	       448	8000034c	2de14513	xori	x10,x2,734	  x2:0x00000001 x10=0x000002df
        4505000	       449	80000350	ff89e8e3	bltu	x19,x24,80000340	 x19:0x00000006 x24:0x0000000a
        4515000	       450	00000000	00000013	addi	x0,x0,0	  x0:0x00000000
        4525000	       451	8000033c	00000013	addi	x0,x0,0	  x0:0x00000000
        4535000	       452	80000340	014af2b3	and	x5,x21,x20	 x21:0x0000000e x20:0x00000000  x5=0x00000000
        4545000	       453	80000344	4115d933	sra	x18,x11,x17	 x11:0xfffffff3 x17:0x00000000 x18=0xfffffff3
        4555000	       454	80000348	00198993	addi	x19,x19,1	 x19:0x00000006 x19=0x00000007
        4565000	       455	8000034c	2de14513	xori	x10,x2,734	  x2:0x00000001 x10=0x000002df
        4575000	       456	80000350	ff89e8e3	bltu	x19,x24,80000340	 x19:0x00000007 x24:0x0000000a
        4585000	       457	00000000	00000013	addi	x0,x0,0	  x0:0x00000000
        4595000	       458	8000033c	00000013	addi	x0,x0,0	  x0:0x00000000
        4605000	       459	80000340	014af2b3	and	x5,x21,x20	 x21:0x0000000e x20:0x00000000  x5=0x00000000
        4615000	       460	80000344	4115d933	sra	x18,x11,x17	 x11:0xfffffff3 x17:0x00000000 x18=0xfffffff3
        4625000	       461	80000348	00198993	addi	x19,x19,1	 x19:0x00000007 x19=0x00000008
        4635000	       462	8000034c	2de14513	xori	x10,x2,734	  x2:0x00000001 x10=0x000002df
        4645000	       463	80000350	ff89e8e3	bltu	x19,x24,80000340	 x19:0x00000008 x24:0x0000000a
        4655000	       464	00000000	00000013	addi	x0,x0,0	  x0:0x00000000
        4665000	       465	8000033c	00000013	addi	x0,x0,0	  x0:0x00000000
        4675000	       466	80000340	014af2b3	and	x5,x21,x20	 x21:0x0000000e x20:0x00000000  x5=0x00000000
        4685000	       467	80000344	4115d933	sra	x18,x11,x17	 x11:0xfffffff3 x17:0x00000000 x18=0xfffffff3
        4695000	       468	80000348	00198993	addi	x19,x19,1	 x19:0x00000008 x19=0x00000009
        4705000	       469	8000034c	2de14513	xori	x10,x2,734	  x2:0x00000001 x10=0x000002df
        4715000	       470	80000350	ff89e8e3	bltu	x19,x24,80000340	 x19:0x00000009 x24:0x0000000a
        4725000	       471	00000000	00000013	addi	x0,x0,0	  x0:0x00000000
        4735000	       472	8000033c	00000013	addi	x0,x0,0	  x0:0x00000000
        4745000	       473	80000340	014af2b3	and	x5,x21,x20	 x21:0x0000000e x20:0x00000000  x5=0x00000000
        4755000	       474	80000344	4115d933	sra	x18,x11,x17	 x11:0xfffffff3 x17:0x00000000 x18=0xfffffff3
        4765000	       475	80000348	00198993	addi	x19,x19,1	 x19:0x00000009 x19=0x0000000a
        4775000	       476	8000034c	2de14513	xori	x10,x2,734	  x2:0x00000001 x10=0x000002df
        4785000	       477	80000350	ff89e8e3	bltu	x19,x24,80000340	 x19:0x0000000a x24:0x0000000a
        4795000	       478	80000354	fd0eeae3	bltu	x29,x16,80000328	 x29:0x00000006 x16:0x00000005
        4805000	       479	80000358	044446b7	lui	x13,0x4444	 x13=0x04444000
        4815000	       480	8000035c	00a00713	addi	x14,x0,10	  x0:0x00000000 x14=0x0000000a
        4825000	       481	80000360	00800793	addi	x15,x0,8	  x0:0x00000000 x15=0x00000008
        4835000	       482	80000364	002b8133	add	x2,x23,x2	 x23:0xfffff971  x2:0x00000001  x2=0xfffff972
        4845000	       483	80000368	ff970713	addi	x14,x14,-7	 x14:0x0000000a x14=0x00000003
        4855000	       484	8000036c	01ad5e13	srli	x28,x26,0x1a	 x26:0xfffffff3 x28=0x0000003f
        4865000	       485	80000370	00100e93	addi	x29,x0,1	  x0:0x00000000 x29=0x00000001
        4875000	       486	80000374	ff900813	addi	x16,x0,-7	  x0:0x00000000 x16=0xfffffff9
        4885000	       487	80000378	018a1e17	auipc	x28,0x18a1	 x28=0x818a1374
        4895000	       488	8000037c	ff8e8e93	addi	x29,x29,-8	 x29:0x00000001 x29=0xfffffff9
        4905000	       489	80000380	ff0e9ce3	bne	x29,x16,80000378	 x29:0xfffffff9 x16:0xfffffff9
        4915000	       490	80000384	fef770e3	bgeu	x14,x15,80000364	 x14:0x00000003 x15:0x00000008
        4925000	       491	80000388	41ab8a93	addi	x21,x23,1050	 x23:0xfffff971 x21=0xfffffd8b
        4935000	       492	8000038c	ff600993	addi	x19,x0,-10	  x0:0x00000000 x19=0xfffffff6
        4945000	       493	80000390	4025d913	srai	x18,x11,0x2	 x11:0xfffffff3 x18=0xfffffffc
        4955000	       494	80000394	2f60f013	andi	x0,x1,758	  x1:0x00000001
        4965000	       495	80000398	8ec7ee93	ori	x29,x15,-1812	 x15:0x00000008 x29=0xfffff8ec
        4975000	       496	8000039c	01bf30b3	sltu	x1,x30,x27	 x30:0x80009fc4 x27:0x00000000  x1=0x00000000
        4985000	       497	800003a0	01e17c33	and	x24,x2,x30	  x2:0xfffff972 x30:0x80009fc4 x24=0x80009940
        4995000	       498	800003a4	01000a13	addi	x20,x0,16	  x0:0x00000000 x20=0x00000010
        5005000	       499	800003a8	ca56c317	auipc	x6,0xca56c	  x6=0x4a56c3a4
        5015000	       500	800003ac	c2b9a193	slti	x3,x19,-981	 x19:0xfffffff6  x3=0x00000000
        5025000	       501	800003b0	12725117	auipc	x2,0x12725	  x2=0x927253ac
        5035000	       502	800003b4	015de1b3	or	x3,x27,x21	 x27:0x00000000 x21:0xfffffd8b  x3=0xfffffd8b
        5045000	       503	800003b8	00698993	addi	x19,x19,6	 x19:0xfffffff6 x19=0xfffffffc
        5055000	       504	800003bc	01990133	add	x2,x18,x25	 x18:0xfffffffc x25:0x80009f84  x2=0x80009f80
        5065000	       505	800003c0	01be95b3	sll	x11,x29,x27	 x29:0xfffff8ec x27:0x00000000 x11=0xfffff8ec
        5075000	       506	800003c4	015eac33	slt	x24,x29,x21	 x29:0xfffff8ec x21:0xfffffd8b x24=0x00000001
        5085000	       507	800003c8	01835d33	srl	x26,x6,x24	  x6:0x4a56c3a4 x24:0x00000001 x26=0x252b61d2
        5095000	       508	800003cc	ff49e2e3	bltu	x19,x20,800003b0	 x19:0xfffffffc x20:0x00000010
        5105000	       509	800003d0	ce36eeb7	lui	x29,0xce36e	 x29=0xce36e000
        5115000	       510	800003d4	00400213	addi	x4,x0,4	  x0:0x00000000  x4=0x00000004
        5125000	       511	800003d8	01400b93	addi	x23,x0,20	  x0:0x00000000 x23=0x00000014
        5135000	       512	800003dc	915e6513	ori	x10,x28,-1771	 x28:0x818a1374 x10=0xfffffb75
        5145000	       513	800003e0	00620213	addi	x4,x4,6	  x4:0x00000004  x4=0x0000000a
        5155000	       514	800003e4	00400b13	addi	x22,x0,4	  x0:0x00000000 x22=0x00000004
        5165000	       515	800003e8	3923e613	ori	x12,x7,914	  x7:0x80009a96 x12=0x80009b96
        5175000	       516	800003ec	00e00093	addi	x1,x0,14	  x0:0x00000000  x1=0x0000000e
        5185000	       517	800003f0	a5398897	auipc	x17,0xa5398	 x17=0x253983ec
        5195000	       518	800003f4	005b0b13	addi	x22,x22,5	 x22:0x00000004 x22=0x00000009
        5205000	       519	800003f8	fe1b1ce3	bne	x22,x1,800003f0	 x22:0x00000009  x1:0x0000000e
        5215000	       520	00000000	00000013	addi	x0,x0,0	  x0:0x00000000
        5225000	       521	800003ec	00000013	addi	x0,x0,0	  x0:0x00000000
        5235000	       522	800003f0	a5398897	auipc	x17,0xa5398	 x17=0x253983ec
        5245000	       523	800003f4	005b0b13	addi	x22,x22,5	 x22:0x00000009 x22=0x0000000e
        5255000	       524	800003f8	fe1b1ce3	bne	x22,x1,800003f0	 x22:0x0000000e  x1:0x0000000e
        5265000	       525	800003fc	ff7260e3	bltu	x4,x23,800003dc	  x4:0x0000000a x23:0x00000014
        5275000	       526	00000000	00000013	addi	x0,x0,0	  x0:0x00000000
        5285000	       527	800003d8	00000013	addi	x0,x0,0	  x0:0x00000000
        5295000	       528	800003dc	915e6513	ori	x10,x28,-1771	 x28:0x818a1374 x10=0xfffffb75
        5305000	       529	800003e0	00620213	addi	x4,x4,6	  x4:0x0000000a  x4=0x00000010
        5315000	       530	800003e4	00400b13	addi	x22,x0,4	  x0:0x00000000 x22=0x00000004
        5325000	       531	800003e8	3923e613	ori	x12,x7,914	  x7:0x80009a96 x12=0x80009b96
        5335000	       532	800003ec	00e00093	addi	x1,x0,14	  x0:0x00000000  x1=0x0000000e
        5345000	       533	800003f0	a5398897	auipc	x17,0xa5398	 x17=0x253983ec
        5355000	       534	800003f4	005b0b13	addi	x22,x22,5	 x22:0x00000004 x22=0x00000009
        5365000	       535	800003f8	fe1b1ce3	bne	x22,x1,800003f0	 x22:0x00000009  x1:0x0000000e
        5375000	       536	00000000	00000013	addi	x0,x0,0	  x0:0x00000000
        5385000	       537	800003ec	00000013	addi	x0,x0,0	  x0:0x00000000
        5395000	       538	800003f0	a5398897	auipc	x17,0xa5398	 x17=0x253983ec
        5405000	       539	800003f4	005b0b13	addi	x22,x22,5	 x22:0x00000009 x22=0x0000000e
        5415000	       540	800003f8	fe1b1ce3	bne	x22,x1,800003f0	 x22:0x0000000e  x1:0x0000000e
        5425000	       541	800003fc	ff7260e3	bltu	x4,x23,800003dc	  x4:0x00000010 x23:0x00000014
        5435000	       542	00000000	00000013	addi	x0,x0,0	  x0:0x00000000
        5445000	       543	800003d8	00000013	addi	x0,x0,0	  x0:0x00000000
        5455000	       544	800003dc	915e6513	ori	x10,x28,-1771	 x28:0x818a1374 x10=0xfffffb75
        5465000	       545	800003e0	00620213	addi	x4,x4,6	  x4:0x00000010  x4=0x00000016
        5475000	       546	800003e4	00400b13	addi	x22,x0,4	  x0:0x00000000 x22=0x00000004
        5485000	       547	800003e8	3923e613	ori	x12,x7,914	  x7:0x80009a96 x12=0x80009b96
        5495000	       548	800003ec	00e00093	addi	x1,x0,14	  x0:0x00000000  x1=0x0000000e
        5505000	       549	800003f0	a5398897	auipc	x17,0xa5398	 x17=0x253983ec
        5515000	       550	800003f4	005b0b13	addi	x22,x22,5	 x22:0x00000004 x22=0x00000009
        5525000	       551	800003f8	fe1b1ce3	bne	x22,x1,800003f0	 x22:0x00000009  x1:0x0000000e
        5535000	       552	00000000	00000013	addi	x0,x0,0	  x0:0x00000000
        5545000	       553	800003ec	00000013	addi	x0,x0,0	  x0:0x00000000
        5555000	       554	800003f0	a5398897	auipc	x17,0xa5398	 x17=0x253983ec
        5565000	       555	800003f4	005b0b13	addi	x22,x22,5	 x22:0x00000009 x22=0x0000000e
        5575000	       556	800003f8	fe1b1ce3	bne	x22,x1,800003f0	 x22:0x0000000e  x1:0x0000000e
        5585000	       557	800003fc	ff7260e3	bltu	x4,x23,800003dc	  x4:0x00000016 x23:0x00000014
        5595000	       558	80000400	41ef84b3	sub	x9,x31,x30	 x31:0xf7f4676c x30:0x80009fc4  x9=0x77f3c7a8
        5605000	       559	80000404	00800c13	addi	x24,x0,8	  x0:0x00000000 x24=0x00000008
        5615000	       560	80000408	01000113	addi	x2,x0,16	  x0:0x00000000  x2=0x00000010
        5625000	       561	8000040c	41580733	sub	x14,x16,x21	 x16:0xfffffff9 x21:0xfffffd8b x14=0x0000026e
        5635000	       562	80000410	710b0317	auipc	x6,0x710b0	  x6=0xf10b040c
        5645000	       563	80000414	418dd913	srai	x18,x27,0x18	 x27:0x00000000 x18=0x00000000
        5655000	       564	80000418	008c0c13	addi	x24,x24,8	 x24:0x00000008 x24=0x00000010
        5665000	       565	8000041c	ffa00393	addi	x7,x0,-6	  x0:0x00000000  x7=0xfffffffa
        5675000	       566	80000420	41608d33	sub	x26,x1,x22	  x1:0x0000000e x22:0x0000000e x26=0x00000000
        5685000	       567	80000424	fef00813	addi	x16,x0,-17	  x0:0x00000000 x16=0xffffffef
        5695000	       568	80000428	006c0a33	add	x20,x24,x6	 x24:0x00000010  x6:0xf10b040c x20=0xf10b041c
        5705000	       569	8000042c	01389213	slli	x4,x17,0x13	 x17:0x253983ec  x4=0x1f600000
        5715000	       570	80000430	ffe38393	addi	x7,x7,-2	  x7:0xfffffffa  x7=0xfffffff8
        5725000	       571	80000434	ff03dae3	bge	x7,x16,80000428	  x7:0xfffffff8 x16:0xffffffef
        5735000	       572	00000000	00000013	addi	x0,x0,0	  x0:0x00000000
        5745000	       573	80000424	00000013	addi	x0,x0,0	  x0:0x00000000
        5755000	       574	80000428	006c0a33	add	x20,x24,x6	 x24:0x00000010  x6:0xf10b040c x20=0xf10b041c
        5765000	       575	8000042c	01389213	slli	x4,x17,0x13	 x17:0x253983ec  x4=0x1f600000
        5775000	       576	80000430	ffe38393	addi	x7,x7,-2	  x7:0xfffffff8  x7=0xfffffff6
        5785000	       577	80000434	ff03dae3	bge	x7,x16,80000428	  x7:0xfffffff6 x16:0xffffffef
        5795000	       578	00000000	00000013	addi	x0,x0,0	  x0:0x00000000
        5805000	       579	80000424	00000013	addi	x0,x0,0	  x0:0x00000000
        5815000	       580	80000428	006c0a33	add	x20,x24,x6	 x24:0x00000010  x6:0xf10b040c x20=0xf10b041c
        5825000	       581	8000042c	01389213	slli	x4,x17,0x13	 x17:0x253983ec  x4=0x1f600000
        5835000	       582	80000430	ffe38393	addi	x7,x7,-2	  x7:0xfffffff6  x7=0xfffffff4
        5845000	       583	80000434	ff03dae3	bge	x7,x16,80000428	  x7:0xfffffff4 x16:0xffffffef
        5855000	       584	00000000	00000013	addi	x0,x0,0	  x0:0x00000000
        5865000	       585	80000424	00000013	addi	x0,x0,0	  x0:0x00000000
        5875000	       586	80000428	006c0a33	add	x20,x24,x6	 x24:0x00000010  x6:0xf10b040c x20=0xf10b041c
        5885000	       587	8000042c	01389213	slli	x4,x17,0x13	 x17:0x253983ec  x4=0x1f600000
        5895000	       588	80000430	ffe38393	addi	x7,x7,-2	  x7:0xfffffff4  x7=0xfffffff2
        5905000	       589	80000434	ff03dae3	bge	x7,x16,80000428	  x7:0xfffffff2 x16:0xffffffef
        5915000	       590	00000000	00000013	addi	x0,x0,0	  x0:0x00000000
        5925000	       591	80000424	00000013	addi	x0,x0,0	  x0:0x00000000
        5935000	       592	80000428	006c0a33	add	x20,x24,x6	 x24:0x00000010  x6:0xf10b040c x20=0xf10b041c
        5945000	       593	8000042c	01389213	slli	x4,x17,0x13	 x17:0x253983ec  x4=0x1f600000
        5955000	       594	80000430	ffe38393	addi	x7,x7,-2	  x7:0xfffffff2  x7=0xfffffff0
        5965000	       595	80000434	ff03dae3	bge	x7,x16,80000428	  x7:0xfffffff0 x16:0xffffffef
        5975000	       596	00000000	00000013	addi	x0,x0,0	  x0:0x00000000
        5985000	       597	80000424	00000013	addi	x0,x0,0	  x0:0x00000000
        5995000	       598	80000428	006c0a33	add	x20,x24,x6	 x24:0x00000010  x6:0xf10b040c x20=0xf10b041c
        6005000	       599	8000042c	01389213	slli	x4,x17,0x13	 x17:0x253983ec  x4=0x1f600000
        6015000	       600	80000430	ffe38393	addi	x7,x7,-2	  x7:0xfffffff0  x7=0xffffffee
        6025000	       601	80000434	ff03dae3	bge	x7,x16,80000428	  x7:0xffffffee x16:0xffffffef
        6035000	       602	80000438	fc2c1ce3	bne	x24,x2,80000410	 x24:0x00000010  x2:0x00000010
        6045000	       603	8000043c	00443233	sltu	x4,x8,x4	  x8:0xfffffbc4  x4:0x1f600000  x4=0x00000000
        6055000	       604	80000440	00000793	addi	x15,x0,0	  x0:0x00000000 x15=0x00000000
        6065000	       605	80000444	014b8eb3	add	x29,x23,x20	 x23:0x00000014 x20:0xf10b041c x29=0xf10b0430
        6075000	       606	80000448	a2fe0e13	addi	x28,x28,-1489	 x28:0x818a1374 x28=0x818a0da3
        6085000	       607	8000044c	39af6697	auipc	x13,0x39af6	 x13=0xb9af6448
        6095000	       608	80000450	01000613	addi	x12,x0,16	  x0:0x00000000 x12=0x00000010
        6105000	       609	80000454	01703433	sltu	x8,x0,x23	  x0:0x00000000 x23:0x00000014  x8=0x00000001
        6115000	       610	80000458	00978793	addi	x15,x15,9	 x15:0x00000000 x15=0x00000009
        6125000	       611	8000045c	009b5013	srli	x0,x22,0x9	 x22:0x0000000e
        6135000	       612	80000460	9753f917	auipc	x18,0x9753f	 x18=0x1753f45c
        6145000	       613	80000464	49d0e393	ori	x7,x1,1181	  x1:0x0000000e  x7=0x0000049f
        6155000	       614	80000468	40b48833	sub	x16,x9,x11	  x9:0x77f3c7a8 x11:0xfffff8ec x16=0x77f3cebc
        6165000	       615	8000046c	01a51833	sll	x16,x10,x26	 x10:0xfffffb75 x26:0x00000000 x16=0xfffffb75
        6175000	       616	80000470	e47d6c17	auipc	x24,0xe47d6	 x24=0x647d646c
        6185000	       617	80000474	01559e13	slli	x28,x11,0x15	 x11:0xfffff8ec x28=0x1d800000
        6195000	       618	80000478	98e78d13	addi	x26,x15,-1650	 x15:0x00000009 x26=0xfffff997
        6205000	       619	8000047c	012054b3	srl	x9,x0,x18	  x0:0x00000000 x18:0x1753f45c  x9=0x00000000
        6215000	       620	80000480	cb880e13	addi	x28,x16,-840	 x16:0xfffffb75 x28=0xfffff82d
        6225000	       621	80000484	00f9b1b3	sltu	x3,x19,x15	 x19:0xfffffffc x15:0x00000009  x3=0x00000000
        6235000	       622	80000488	c0020813	addi	x16,x4,-1024	  x4:0x00000000 x16=0xfffffc00
        6245000	       623	8000048c	11d3a013	slti	x0,x7,285	  x7:0x0000049f
        6255000	       624	80000490	40ecd413	srai	x8,x25,0xe	 x25:0x80009f84  x8=0xfffe0002
        6265000	       625	80000494	01e204b3	add	x9,x4,x30	  x4:0x00000000 x30:0x80009fc4  x9=0x80009fc4
        6275000	       626	80000498	4107d4b3	sra	x9,x15,x16	 x15:0x00000009 x16:0xfffffc00  x9=0x00000009
        6285000	       627	8000049c	00000013	addi	x0,x0,0	  x0:0x00000000
        6295000	       628	800004a0	01e530b3	sltu	x1,x10,x30	 x10:0xfffffb75 x30:0x80009fc4  x1=0x00000000
        6305000	       629	800004a4	fac7c8e3	blt	x15,x12,80000454	 x15:0x00000009 x12:0x00000010
        6315000	       630	00000000	00000013	addi	x0,x0,0	  x0:0x00000000
        6325000	       631	80000450	00000013	addi	x0,x0,0	  x0:0x00000000
        6335000	       632	80000454	01703433	sltu	x8,x0,x23	  x0:0x00000000 x23:0x00000014  x8=0x00000001
        6345000	       633	80000458	00978793	addi	x15,x15,9	 x15:0x00000009 x15=0x00000012
        6355000	       634	8000045c	009b5013	srli	x0,x22,0x9	 x22:0x0000000e
        6365000	       635	80000460	9753f917	auipc	x18,0x9753f	 x18=0x1753f45c
        6375000	       636	80000464	49d0e393	ori	x7,x1,1181	  x1:0x00000000  x7=0x0000049d
        6385000	       637	80000468	40b48833	sub	x16,x9,x11	  x9:0x00000009 x11:0xfffff8ec x16=0x0000071d
        6395000	       638	8000046c	01a51833	sll	x16,x10,x26	 x10:0xfffffb75 x26:0xfffff997 x16=0xba800000
        6405000	       639	80000470	e47d6c17	auipc	x24,0xe47d6	 x24=0x647d646c
        6415000	       640	80000474	01559e13	slli	x28,x11,0x15	 x11:0xfffff8ec x28=0x1d800000
        6425000	       641	80000478	98e78d13	addi	x26,x15,-1650	 x15:0x00000012 x26=0xfffff9a0
        6435000	       642	8000047c	012054b3	srl	x9,x0,x18	  x0:0x00000000 x18:0x1753f45c  x9=0x00000000
        6445000	       643	80000480	cb880e13	addi	x28,x16,-840	 x16:0xba800000 x28=0xba7ffcb8
        6455000	       644	80000484	00f9b1b3	sltu	x3,x19,x15	 x19:0xfffffffc x15:0x00000012  x3=0x00000000
        6465000	       645	80000488	c0020813	addi	x16,x4,-1024	  x4:0x00000000 x16=0xfffffc00
        6475000	       646	8000048c	11d3a013	slti	x0,x7,285	  x7:0x0000049d
        6485000	       647	80000490	40ecd413	srai	x8,x25,0xe	 x25:0x80009f84  x8=0xfffe0002
        6495000	       648	80000494	01e204b3	add	x9,x4,x30	  x4:0x00000000 x30:0x80009fc4  x9=0x80009fc4
        6505000	       649	80000498	4107d4b3	sra	x9,x15,x16	 x15:0x00000012 x16:0xfffffc00  x9=0x00000012
        6515000	       650	8000049c	00000013	addi	x0,x0,0	  x0:0x00000000
        6525000	       651	800004a0	01e530b3	sltu	x1,x10,x30	 x10:0xfffffb75 x30:0x80009fc4  x1=0x00000000
        6535000	       652	800004a4	fac7c8e3	blt	x15,x12,80000454	 x15:0x00000012 x12:0x00000010
        6545000	       653	800004a8	dc944d13	xori	x26,x8,-567	  x8:0xfffe0002 x26=0x0001fdcb
        6555000	       654	800004ac	00400813	addi	x16,x0,4	  x0:0x00000000 x16=0x00000004
        6565000	       655	800004b0	34451197	auipc	x3,0x34451	  x3=0xb44514ac
        6575000	       656	800004b4	fef00213	addi	x4,x0,-17	  x0:0x00000000  x4=0xffffffef
        6585000	       657	800004b8	00eb5293	srli	x5,x22,0xe	 x22:0x0000000e  x5=0x00000000
        6595000	       658	800004bc	006b42b3	xor	x5,x22,x6	 x22:0x0000000e  x6:0xf10b040c  x5=0xf10b0402
        6605000	       659	800004c0	044ee193	ori	x3,x29,68	 x29:0xf10b0430  x3=0xf10b0474
        6615000	       660	800004c4	1920c193	xori	x3,x1,402	  x1:0x00000000  x3=0x00000192
        6625000	       661	800004c8	00671093	slli	x1,x14,0x6	 x14:0x0000026e  x1=0x00009b80
        6635000	       662	800004cc	568c4693	xori	x13,x24,1384	 x24:0x647d646c x13=0x647d6104
        6645000	       663	800004d0	2d640413	addi	x8,x8,726	  x8:0xfffe0002  x8=0xfffe02d8
        6655000	       664	800004d4	40ffd2b3	sra	x5,x31,x15	 x31:0xf7f4676c x15:0x00000012  x5=0xfffffdfd
        6665000	       665	800004d8	ffd80813	addi	x16,x16,-3	 x16:0x00000004 x16=0x00000001
        6675000	       666	800004dc	01efa033	slt	x0,x31,x30	 x31:0xf7f4676c x30:0x80009fc4
        6685000	       667	800004e0	fe4816e3	bne	x16,x4,800004cc	 x16:0x00000001  x4:0xffffffef
        6695000	       668	00000000	00000013	addi	x0,x0,0	  x0:0x00000000
        6705000	       669	800004c8	00000013	addi	x0,x0,0	  x0:0x00000000
        6715000	       670	800004cc	568c4693	xori	x13,x24,1384	 x24:0x647d646c x13=0x647d6104
        6725000	       671	800004d0	2d640413	addi	x8,x8,726	  x8:0xfffe02d8  x8=0xfffe05ae
        6735000	       672	800004d4	40ffd2b3	sra	x5,x31,x15	 x31:0xf7f4676c x15:0x00000012  x5=0xfffffdfd
        6745000	       673	800004d8	ffd80813	addi	x16,x16,-3	 x16:0x00000001 x16=0xfffffffe
        6755000	       674	800004dc	01efa033	slt	x0,x31,x30	 x31:0xf7f4676c x30:0x80009fc4
        6765000	       675	800004e0	fe4816e3	bne	x16,x4,800004cc	 x16:0xfffffffe  x4:0xffffffef
        6775000	       676	00000000	00000013	addi	x0,x0,0	  x0:0x00000000
        6785000	       677	800004c8	00000013	addi	x0,x0,0	  x0:0x00000000
        6795000	       678	800004cc	568c4693	xori	x13,x24,1384	 x24:0x647d646c x13=0x647d6104
        6805000	       679	800004d0	2d640413	addi	x8,x8,726	  x8:0xfffe05ae  x8=0xfffe0884
        6815000	       680	800004d4	40ffd2b3	sra	x5,x31,x15	 x31:0xf7f4676c x15:0x00000012  x5=0xfffffdfd
        6825000	       681	800004d8	ffd80813	addi	x16,x16,-3	 x16:0xfffffffe x16=0xfffffffb
        6835000	       682	800004dc	01efa033	slt	x0,x31,x30	 x31:0xf7f4676c x30:0x80009fc4
        6845000	       683	800004e0	fe4816e3	bne	x16,x4,800004cc	 x16:0xfffffffb  x4:0xffffffef
        6855000	       684	00000000	00000013	addi	x0,x0,0	  x0:0x00000000
        6865000	       685	800004c8	00000013	addi	x0,x0,0	  x0:0x00000000
        6875000	       686	800004cc	568c4693	xori	x13,x24,1384	 x24:0x647d646c x13=0x647d6104
        6885000	       687	800004d0	2d640413	addi	x8,x8,726	  x8:0xfffe0884  x8=0xfffe0b5a
        6895000	       688	800004d4	40ffd2b3	sra	x5,x31,x15	 x31:0xf7f4676c x15:0x00000012  x5=0xfffffdfd
        6905000	       689	800004d8	ffd80813	addi	x16,x16,-3	 x16:0xfffffffb x16=0xfffffff8
        6915000	       690	800004dc	01efa033	slt	x0,x31,x30	 x31:0xf7f4676c x30:0x80009fc4
        6925000	       691	800004e0	fe4816e3	bne	x16,x4,800004cc	 x16:0xfffffff8  x4:0xffffffef
        6935000	       692	00000000	00000013	addi	x0,x0,0	  x0:0x00000000
        6945000	       693	800004c8	00000013	addi	x0,x0,0	  x0:0x00000000
        6955000	       694	800004cc	568c4693	xori	x13,x24,1384	 x24:0x647d646c x13=0x647d6104
        6965000	       695	800004d0	2d640413	addi	x8,x8,726	  x8:0xfffe0b5a  x8=0xfffe0e30
        6975000	       696	800004d4	40ffd2b3	sra	x5,x31,x15	 x31:0xf7f4676c x15:0x00000012  x5=0xfffffdfd
        6985000	       697	800004d8	ffd80813	addi	x16,x16,-3	 x16:0xfffffff8 x16=0xfffffff5
        6995000	       698	800004dc	01efa033	slt	x0,x31,x30	 x31:0xf7f4676c x30:0x80009fc4
        7005000	       699	800004e0	fe4816e3	bne	x16,x4,800004cc	 x16:0xfffffff5  x4:0xffffffef
        7015000	       700	00000000	00000013	addi	x0,x0,0	  x0:0x00000000
        7025000	       701	800004c8	00000013	addi	x0,x0,0	  x0:0x00000000
        7035000	       702	800004cc	568c4693	xori	x13,x24,1384	 x24:0x647d646c x13=0x647d6104
        7045000	       703	800004d0	2d640413	addi	x8,x8,726	  x8:0xfffe0e30  x8=0xfffe1106
        7055000	       704	800004d4	40ffd2b3	sra	x5,x31,x15	 x31:0xf7f4676c x15:0x00000012  x5=0xfffffdfd
        7065000	       705	800004d8	ffd80813	addi	x16,x16,-3	 x16:0xfffffff5 x16=0xfffffff2
        7075000	       706	800004dc	01efa033	slt	x0,x31,x30	 x31:0xf7f4676c x30:0x80009fc4
        7085000	       707	800004e0	fe4816e3	bne	x16,x4,800004cc	 x16:0xfffffff2  x4:0xffffffef
        7095000	       708	00000000	00000013	addi	x0,x0,0	  x0:0x00000000
        7105000	       709	800004c8	00000013	addi	x0,x0,0	  x0:0x00000000
        7115000	       710	800004cc	568c4693	xori	x13,x24,1384	 x24:0x647d646c x13=0x647d6104
        7125000	       711	800004d0	2d640413	addi	x8,x8,726	  x8:0xfffe1106  x8=0xfffe13dc
        7135000	       712	800004d4	40ffd2b3	sra	x5,x31,x15	 x31:0xf7f4676c x15:0x00000012  x5=0xfffffdfd
        7145000	       713	800004d8	ffd80813	addi	x16,x16,-3	 x16:0xfffffff2 x16=0xffffffef
        7155000	       714	800004dc	01efa033	slt	x0,x31,x30	 x31:0xf7f4676c x30:0x80009fc4
        7165000	       715	800004e0	fe4816e3	bne	x16,x4,800004cc	 x16:0xffffffef  x4:0xffffffef
        7175000	       716	800004e4	0174a733	slt	x14,x9,x23	  x9:0x00000012 x23:0x00000014 x14=0x00000001
        7185000	       717	800004e8	00500593	addi	x11,x0,5	  x0:0x00000000 x11=0x00000005
        7195000	       718	800004ec	0189d093	srli	x1,x19,0x18	 x19:0xfffffffc  x1=0x000000ff
        7205000	       719	800004f0	01a59eb3	sll	x29,x11,x26	 x11:0x00000005 x26:0x0001fdcb x29=0x00002800
        7215000	       720	800004f4	005ae533	or	x10,x21,x5	 x21:0xfffffd8b  x5:0xfffffdfd x10=0xfffffdff
        7225000	       721	800004f8	00046e33	or	x28,x8,x0	  x8:0xfffe13dc  x0:0x00000000 x28=0xfffe13dc
        7235000	       722	800004fc	01000993	addi	x19,x0,16	  x0:0x00000000 x19=0x00000010
        7245000	       723	80000500	41310c33	sub	x24,x2,x19	  x2:0x00000010 x19:0x00000010 x24=0x00000000
        7255000	       724	80000504	00158593	addi	x11,x11,1	 x11:0x00000005 x11=0x00000006
        7265000	       725	80000508	004dd833	srl	x16,x27,x4	 x27:0x00000000  x4:0xffffffef x16=0x00000000
        7275000	       726	8000050c	ffd00113	addi	x2,x0,-3	  x0:0x00000000  x2=0xfffffffd
        7285000	       727	80000510	01ced1b3	srl	x3,x29,x28	 x29:0x00002800 x28:0xfffe13dc  x3=0x00000000
        7295000	       728	80000514	ff700a93	addi	x21,x0,-9	  x0:0x00000000 x21=0xfffffff7
        7305000	       729	80000518	409dd233	sra	x4,x27,x9	 x27:0x00000000  x9:0x00000012  x4=0x00000000
        7315000	       730	8000051c	70b60d93	addi	x27,x12,1803	 x12:0x00000010 x27=0x0000071b
        7325000	       731	80000520	596ec413	xori	x8,x29,1430	 x29:0x00002800  x8=0x00002d96
        7335000	       732	80000524	01753a33	sltu	x20,x10,x23	 x10:0xfffffdff x23:0x00000014 x20=0x00000000
        7345000	       733	80000528	409e5733	sra	x14,x28,x9	 x28:0xfffe13dc  x9:0x00000012 x14=0xffffffff
        7355000	       734	8000052c	7e0b3293	sltiu	x5,x22,2016	 x22:0x0000000e  x5=0x00000001
        7365000	       735	80000530	003448b3	xor	x17,x8,x3	  x8:0x00002d96  x3:0x00000000 x17=0x00002d96
        7375000	       736	80000534	ffa10113	addi	x2,x2,-6	  x2:0xfffffffd  x2=0xfffffff7
        7385000	       737	80000538	ff5112e3	bne	x2,x21,8000051c	  x2:0xfffffff7 x21:0xfffffff7
        7395000	       738	8000053c	01db1893	slli	x17,x22,0x1d	 x22:0x0000000e x17=0xc0000000
        7405000	       739	80000540	4dd1bb13	sltiu	x22,x3,1245	  x3:0x00000000 x22=0x00000001
        7415000	       740	80000544	02b90693	addi	x13,x18,43	 x18:0x1753f45c x13=0x1753f487
        7425000	       741	80000548	008bec33	or	x24,x23,x8	 x23:0x00000014  x8:0x00002d96 x24=0x00002d96
        7435000	       742	8000054c	79db6e13	ori	x28,x22,1949	 x22:0x00000001 x28=0x0000079d
        7445000	       743	80000550	568de1b7	lui	x3,0x568de	  x3=0x568de000
        7455000	       744	80000554	41485693	srai	x13,x16,0x14	 x16:0x00000000 x13=0x00000000
        7465000	       745	80000558	40955c13	srai	x24,x10,0x9	 x10:0xfffffdff x24=0xfffffffe
        7475000	       746	8000055c	41bd0bb3	sub	x23,x26,x27	 x26:0x0001fdcb x27:0x0000071b x23=0x0001f6b0
        7485000	       747	80000560	016e57b3	srl	x15,x28,x22	 x28:0x0000079d x22:0x00000001 x15=0x000003ce
        7495000	       748	80000564	f935eee3	bltu	x11,x19,80000500	 x11:0x00000006 x19:0x00000010
        7505000	       749	00000000	00000013	addi	x0,x0,0	  x0:0x00000000
        7515000	       750	800004fc	00000013	addi	x0,x0,0	  x0:0x00000000
        7525000	       751	80000500	41310c33	sub	x24,x2,x19	  x2:0xfffffff7 x19:0x00000010 x24=0xffffffe7
        7535000	       752	80000504	00158593	addi	x11,x11,1	 x11:0x00000006 x11=0x00000007
        7545000	       753	80000508	004dd833	srl	x16,x27,x4	 x27:0x0000071b  x4:0x00000000 x16=0x0000071b
        7555000	       754	8000050c	ffd00113	addi	x2,x0,-3	  x0:0x00000000  x2=0xfffffffd
        7565000	       755	80000510	01ced1b3	srl	x3,x29,x28	 x29:0x00002800 x28:0x0000079d  x3=0x00000000
        7575000	       756	80000514	ff700a93	addi	x21,x0,-9	  x0:0x00000000 x21=0xfffffff7
        7585000	       757	80000518	409dd233	sra	x4,x27,x9	 x27:0x0000071b  x9:0x00000012  x4=0x00000000
        7595000	       758	8000051c	70b60d93	addi	x27,x12,1803	 x12:0x00000010 x27=0x0000071b
        7605000	       759	80000520	596ec413	xori	x8,x29,1430	 x29:0x00002800  x8=0x00002d96
        7615000	       760	80000524	01753a33	sltu	x20,x10,x23	 x10:0xfffffdff x23:0x0001f6b0 x20=0x00000000
        7625000	       761	80000528	409e5733	sra	x14,x28,x9	 x28:0x0000079d  x9:0x00000012 x14=0x00000000
        7635000	       762	8000052c	7e0b3293	sltiu	x5,x22,2016	 x22:0x00000001  x5=0x00000001
        7645000	       763	80000530	003448b3	xor	x17,x8,x3	  x8:0x00002d96  x3:0x00000000 x17=0x00002d96
        7655000	       764	80000534	ffa10113	addi	x2,x2,-6	  x2:0xfffffffd  x2=0xfffffff7
        7665000	       765	80000538	ff5112e3	bne	x2,x21,8000051c	  x2:0xfffffff7 x21:0xfffffff7
        7675000	       766	8000053c	01db1893	slli	x17,x22,0x1d	 x22:0x00000001 x17=0x20000000
        7685000	       767	80000540	4dd1bb13	sltiu	x22,x3,1245	  x3:0x00000000 x22=0x00000001
        7695000	       768	80000544	02b90693	addi	x13,x18,43	 x18:0x1753f45c x13=0x1753f487
        7705000	       769	80000548	008bec33	or	x24,x23,x8	 x23:0x0001f6b0  x8:0x00002d96 x24=0x0001ffb6
        7715000	       770	8000054c	79db6e13	ori	x28,x22,1949	 x22:0x00000001 x28=0x0000079d
        7725000	       771	80000550	568de1b7	lui	x3,0x568de	  x3=0x568de000
        7735000	       772	80000554	41485693	srai	x13,x16,0x14	 x16:0x0000071b x13=0x00000000
        7745000	       773	80000558	40955c13	srai	x24,x10,0x9	 x10:0xfffffdff x24=0xfffffffe
        7755000	       774	8000055c	41bd0bb3	sub	x23,x26,x27	 x26:0x0001fdcb x27:0x0000071b x23=0x0001f6b0
        7765000	       775	80000560	016e57b3	srl	x15,x28,x22	 x28:0x0000079d x22:0x00000001 x15=0x000003ce
        7775000	       776	80000564	f935eee3	bltu	x11,x19,80000500	 x11:0x00000007 x19:0x00000010
        7785000	       777	00000000	00000013	addi	x0,x0,0	  x0:0x00000000
        7795000	       778	800004fc	00000013	addi	x0,x0,0	  x0:0x00000000
        7805000	       779	80000500	41310c33	sub	x24,x2,x19	  x2:0xfffffff7 x19:0x00000010 x24=0xffffffe7
        7815000	       780	80000504	00158593	addi	x11,x11,1	 x11:0x00000007 x11=0x00000008
        7825000	       781	80000508	004dd833	srl	x16,x27,x4	 x27:0x0000071b  x4:0x00000000 x16=0x0000071b
        7835000	       782	8000050c	ffd00113	addi	x2,x0,-3	  x0:0x00000000  x2=0xfffffffd
        7845000	       783	80000510	01ced1b3	srl	x3,x29,x28	 x29:0x00002800 x28:0x0000079d  x3=0x00000000
        7855000	       784	80000514	ff700a93	addi	x21,x0,-9	  x0:0x00000000 x21=0xfffffff7
        7865000	       785	80000518	409dd233	sra	x4,x27,x9	 x27:0x0000071b  x9:0x00000012  x4=0x00000000
        7875000	       786	8000051c	70b60d93	addi	x27,x12,1803	 x12:0x00000010 x27=0x0000071b
        7885000	       787	80000520	596ec413	xori	x8,x29,1430	 x29:0x00002800  x8=0x00002d96
        7895000	       788	80000524	01753a33	sltu	x20,x10,x23	 x10:0xfffffdff x23:0x0001f6b0 x20=0x00000000
        7905000	       789	80000528	409e5733	sra	x14,x28,x9	 x28:0x0000079d  x9:0x00000012 x14=0x00000000
        7915000	       790	8000052c	7e0b3293	sltiu	x5,x22,2016	 x22:0x00000001  x5=0x00000001
        7925000	       791	80000530	003448b3	xor	x17,x8,x3	  x8:0x00002d96  x3:0x00000000 x17=0x00002d96
        7935000	       792	80000534	ffa10113	addi	x2,x2,-6	  x2:0xfffffffd  x2=0xfffffff7
        7945000	       793	80000538	ff5112e3	bne	x2,x21,8000051c	  x2:0xfffffff7 x21:0xfffffff7
        7955000	       794	8000053c	01db1893	slli	x17,x22,0x1d	 x22:0x00000001 x17=0x20000000
        7965000	       795	80000540	4dd1bb13	sltiu	x22,x3,1245	  x3:0x00000000 x22=0x00000001
        7975000	       796	80000544	02b90693	addi	x13,x18,43	 x18:0x1753f45c x13=0x1753f487
        7985000	       797	80000548	008bec33	or	x24,x23,x8	 x23:0x0001f6b0  x8:0x00002d96 x24=0x0001ffb6
        7995000	       798	8000054c	79db6e13	ori	x28,x22,1949	 x22:0x00000001 x28=0x0000079d
        8005000	       799	80000550	568de1b7	lui	x3,0x568de	  x3=0x568de000
        8015000	       800	80000554	41485693	srai	x13,x16,0x14	 x16:0x0000071b x13=0x00000000
        8025000	       801	80000558	40955c13	srai	x24,x10,0x9	 x10:0xfffffdff x24=0xfffffffe
        8035000	       802	8000055c	41bd0bb3	sub	x23,x26,x27	 x26:0x0001fdcb x27:0x0000071b x23=0x0001f6b0
        8045000	       803	80000560	016e57b3	srl	x15,x28,x22	 x28:0x0000079d x22:0x00000001 x15=0x000003ce
        8055000	       804	80000564	f935eee3	bltu	x11,x19,80000500	 x11:0x00000008 x19:0x00000010
        8065000	       805	00000000	00000013	addi	x0,x0,0	  x0:0x00000000
        8075000	       806	800004fc	00000013	addi	x0,x0,0	  x0:0x00000000
        8085000	       807	80000500	41310c33	sub	x24,x2,x19	  x2:0xfffffff7 x19:0x00000010 x24=0xffffffe7
        8095000	       808	80000504	00158593	addi	x11,x11,1	 x11:0x00000008 x11=0x00000009
        8105000	       809	80000508	004dd833	srl	x16,x27,x4	 x27:0x0000071b  x4:0x00000000 x16=0x0000071b
        8115000	       810	8000050c	ffd00113	addi	x2,x0,-3	  x0:0x00000000  x2=0xfffffffd
        8125000	       811	80000510	01ced1b3	srl	x3,x29,x28	 x29:0x00002800 x28:0x0000079d  x3=0x00000000
        8135000	       812	80000514	ff700a93	addi	x21,x0,-9	  x0:0x00000000 x21=0xfffffff7
        8145000	       813	80000518	409dd233	sra	x4,x27,x9	 x27:0x0000071b  x9:0x00000012  x4=0x00000000
        8155000	       814	8000051c	70b60d93	addi	x27,x12,1803	 x12:0x00000010 x27=0x0000071b
        8165000	       815	80000520	596ec413	xori	x8,x29,1430	 x29:0x00002800  x8=0x00002d96
        8175000	       816	80000524	01753a33	sltu	x20,x10,x23	 x10:0xfffffdff x23:0x0001f6b0 x20=0x00000000
        8185000	       817	80000528	409e5733	sra	x14,x28,x9	 x28:0x0000079d  x9:0x00000012 x14=0x00000000
        8195000	       818	8000052c	7e0b3293	sltiu	x5,x22,2016	 x22:0x00000001  x5=0x00000001
        8205000	       819	80000530	003448b3	xor	x17,x8,x3	  x8:0x00002d96  x3:0x00000000 x17=0x00002d96
        8215000	       820	80000534	ffa10113	addi	x2,x2,-6	  x2:0xfffffffd  x2=0xfffffff7
        8225000	       821	80000538	ff5112e3	bne	x2,x21,8000051c	  x2:0xfffffff7 x21:0xfffffff7
        8235000	       822	8000053c	01db1893	slli	x17,x22,0x1d	 x22:0x00000001 x17=0x20000000
        8245000	       823	80000540	4dd1bb13	sltiu	x22,x3,1245	  x3:0x00000000 x22=0x00000001
        8255000	       824	80000544	02b90693	addi	x13,x18,43	 x18:0x1753f45c x13=0x1753f487
        8265000	       825	80000548	008bec33	or	x24,x23,x8	 x23:0x0001f6b0  x8:0x00002d96 x24=0x0001ffb6
        8275000	       826	8000054c	79db6e13	ori	x28,x22,1949	 x22:0x00000001 x28=0x0000079d
        8285000	       827	80000550	568de1b7	lui	x3,0x568de	  x3=0x568de000
        8295000	       828	80000554	41485693	srai	x13,x16,0x14	 x16:0x0000071b x13=0x00000000
        8305000	       829	80000558	40955c13	srai	x24,x10,0x9	 x10:0xfffffdff x24=0xfffffffe
        8315000	       830	8000055c	41bd0bb3	sub	x23,x26,x27	 x26:0x0001fdcb x27:0x0000071b x23=0x0001f6b0
        8325000	       831	80000560	016e57b3	srl	x15,x28,x22	 x28:0x0000079d x22:0x00000001 x15=0x000003ce
        8335000	       832	80000564	f935eee3	bltu	x11,x19,80000500	 x11:0x00000009 x19:0x00000010
        8345000	       833	00000000	00000013	addi	x0,x0,0	  x0:0x00000000
        8355000	       834	800004fc	00000013	addi	x0,x0,0	  x0:0x00000000
        8365000	       835	80000500	41310c33	sub	x24,x2,x19	  x2:0xfffffff7 x19:0x00000010 x24=0xffffffe7
        8375000	       836	80000504	00158593	addi	x11,x11,1	 x11:0x00000009 x11=0x0000000a
        8385000	       837	80000508	004dd833	srl	x16,x27,x4	 x27:0x0000071b  x4:0x00000000 x16=0x0000071b
        8395000	       838	8000050c	ffd00113	addi	x2,x0,-3	  x0:0x00000000  x2=0xfffffffd
        8405000	       839	80000510	01ced1b3	srl	x3,x29,x28	 x29:0x00002800 x28:0x0000079d  x3=0x00000000
        8415000	       840	80000514	ff700a93	addi	x21,x0,-9	  x0:0x00000000 x21=0xfffffff7
        8425000	       841	80000518	409dd233	sra	x4,x27,x9	 x27:0x0000071b  x9:0x00000012  x4=0x00000000
        8435000	       842	8000051c	70b60d93	addi	x27,x12,1803	 x12:0x00000010 x27=0x0000071b
        8445000	       843	80000520	596ec413	xori	x8,x29,1430	 x29:0x00002800  x8=0x00002d96
        8455000	       844	80000524	01753a33	sltu	x20,x10,x23	 x10:0xfffffdff x23:0x0001f6b0 x20=0x00000000
        8465000	       845	80000528	409e5733	sra	x14,x28,x9	 x28:0x0000079d  x9:0x00000012 x14=0x00000000
        8475000	       846	8000052c	7e0b3293	sltiu	x5,x22,2016	 x22:0x00000001  x5=0x00000001
        8485000	       847	80000530	003448b3	xor	x17,x8,x3	  x8:0x00002d96  x3:0x00000000 x17=0x00002d96
        8495000	       848	80000534	ffa10113	addi	x2,x2,-6	  x2:0xfffffffd  x2=0xfffffff7
        8505000	       849	80000538	ff5112e3	bne	x2,x21,8000051c	  x2:0xfffffff7 x21:0xfffffff7
        8515000	       850	8000053c	01db1893	slli	x17,x22,0x1d	 x22:0x00000001 x17=0x20000000
        8525000	       851	80000540	4dd1bb13	sltiu	x22,x3,1245	  x3:0x00000000 x22=0x00000001
        8535000	       852	80000544	02b90693	addi	x13,x18,43	 x18:0x1753f45c x13=0x1753f487
        8545000	       853	80000548	008bec33	or	x24,x23,x8	 x23:0x0001f6b0  x8:0x00002d96 x24=0x0001ffb6
        8555000	       854	8000054c	79db6e13	ori	x28,x22,1949	 x22:0x00000001 x28=0x0000079d
        8565000	       855	80000550	568de1b7	lui	x3,0x568de	  x3=0x568de000
        8575000	       856	80000554	41485693	srai	x13,x16,0x14	 x16:0x0000071b x13=0x00000000
        8585000	       857	80000558	40955c13	srai	x24,x10,0x9	 x10:0xfffffdff x24=0xfffffffe
        8595000	       858	8000055c	41bd0bb3	sub	x23,x26,x27	 x26:0x0001fdcb x27:0x0000071b x23=0x0001f6b0
        8605000	       859	80000560	016e57b3	srl	x15,x28,x22	 x28:0x0000079d x22:0x00000001 x15=0x000003ce
        8615000	       860	80000564	f935eee3	bltu	x11,x19,80000500	 x11:0x0000000a x19:0x00000010
        8625000	       861	00000000	00000013	addi	x0,x0,0	  x0:0x00000000
        8635000	       862	800004fc	00000013	addi	x0,x0,0	  x0:0x00000000
        8645000	       863	80000500	41310c33	sub	x24,x2,x19	  x2:0xfffffff7 x19:0x00000010 x24=0xffffffe7
        8655000	       864	80000504	00158593	addi	x11,x11,1	 x11:0x0000000a x11=0x0000000b
        8665000	       865	80000508	004dd833	srl	x16,x27,x4	 x27:0x0000071b  x4:0x00000000 x16=0x0000071b
        8675000	       866	8000050c	ffd00113	addi	x2,x0,-3	  x0:0x00000000  x2=0xfffffffd
        8685000	       867	80000510	01ced1b3	srl	x3,x29,x28	 x29:0x00002800 x28:0x0000079d  x3=0x00000000
        8695000	       868	80000514	ff700a93	addi	x21,x0,-9	  x0:0x00000000 x21=0xfffffff7
        8705000	       869	80000518	409dd233	sra	x4,x27,x9	 x27:0x0000071b  x9:0x00000012  x4=0x00000000
        8715000	       870	8000051c	70b60d93	addi	x27,x12,1803	 x12:0x00000010 x27=0x0000071b
        8725000	       871	80000520	596ec413	xori	x8,x29,1430	 x29:0x00002800  x8=0x00002d96
        8735000	       872	80000524	01753a33	sltu	x20,x10,x23	 x10:0xfffffdff x23:0x0001f6b0 x20=0x00000000
        8745000	       873	80000528	409e5733	sra	x14,x28,x9	 x28:0x0000079d  x9:0x00000012 x14=0x00000000
        8755000	       874	8000052c	7e0b3293	sltiu	x5,x22,2016	 x22:0x00000001  x5=0x00000001
        8765000	       875	80000530	003448b3	xor	x17,x8,x3	  x8:0x00002d96  x3:0x00000000 x17=0x00002d96
        8775000	       876	80000534	ffa10113	addi	x2,x2,-6	  x2:0xfffffffd  x2=0xfffffff7
        8785000	       877	80000538	ff5112e3	bne	x2,x21,8000051c	  x2:0xfffffff7 x21:0xfffffff7
        8795000	       878	8000053c	01db1893	slli	x17,x22,0x1d	 x22:0x00000001 x17=0x20000000
        8805000	       879	80000540	4dd1bb13	sltiu	x22,x3,1245	  x3:0x00000000 x22=0x00000001
        8815000	       880	80000544	02b90693	addi	x13,x18,43	 x18:0x1753f45c x13=0x1753f487
        8825000	       881	80000548	008bec33	or	x24,x23,x8	 x23:0x0001f6b0  x8:0x00002d96 x24=0x0001ffb6
        8835000	       882	8000054c	79db6e13	ori	x28,x22,1949	 x22:0x00000001 x28=0x0000079d
        8845000	       883	80000550	568de1b7	lui	x3,0x568de	  x3=0x568de000
        8855000	       884	80000554	41485693	srai	x13,x16,0x14	 x16:0x0000071b x13=0x00000000
        8865000	       885	80000558	40955c13	srai	x24,x10,0x9	 x10:0xfffffdff x24=0xfffffffe
        8875000	       886	8000055c	41bd0bb3	sub	x23,x26,x27	 x26:0x0001fdcb x27:0x0000071b x23=0x0001f6b0
        8885000	       887	80000560	016e57b3	srl	x15,x28,x22	 x28:0x0000079d x22:0x00000001 x15=0x000003ce
        8895000	       888	80000564	f935eee3	bltu	x11,x19,80000500	 x11:0x0000000b x19:0x00000010
        8905000	       889	00000000	00000013	addi	x0,x0,0	  x0:0x00000000
        8915000	       890	800004fc	00000013	addi	x0,x0,0	  x0:0x00000000
        8925000	       891	80000500	41310c33	sub	x24,x2,x19	  x2:0xfffffff7 x19:0x00000010 x24=0xffffffe7
        8935000	       892	80000504	00158593	addi	x11,x11,1	 x11:0x0000000b x11=0x0000000c
        8945000	       893	80000508	004dd833	srl	x16,x27,x4	 x27:0x0000071b  x4:0x00000000 x16=0x0000071b
        8955000	       894	8000050c	ffd00113	addi	x2,x0,-3	  x0:0x00000000  x2=0xfffffffd
        8965000	       895	80000510	01ced1b3	srl	x3,x29,x28	 x29:0x00002800 x28:0x0000079d  x3=0x00000000
        8975000	       896	80000514	ff700a93	addi	x21,x0,-9	  x0:0x00000000 x21=0xfffffff7
        8985000	       897	80000518	409dd233	sra	x4,x27,x9	 x27:0x0000071b  x9:0x00000012  x4=0x00000000
        8995000	       898	8000051c	70b60d93	addi	x27,x12,1803	 x12:0x00000010 x27=0x0000071b
        9005000	       899	80000520	596ec413	xori	x8,x29,1430	 x29:0x00002800  x8=0x00002d96
        9015000	       900	80000524	01753a33	sltu	x20,x10,x23	 x10:0xfffffdff x23:0x0001f6b0 x20=0x00000000
        9025000	       901	80000528	409e5733	sra	x14,x28,x9	 x28:0x0000079d  x9:0x00000012 x14=0x00000000
        9035000	       902	8000052c	7e0b3293	sltiu	x5,x22,2016	 x22:0x00000001  x5=0x00000001
        9045000	       903	80000530	003448b3	xor	x17,x8,x3	  x8:0x00002d96  x3:0x00000000 x17=0x00002d96
        9055000	       904	80000534	ffa10113	addi	x2,x2,-6	  x2:0xfffffffd  x2=0xfffffff7
        9065000	       905	80000538	ff5112e3	bne	x2,x21,8000051c	  x2:0xfffffff7 x21:0xfffffff7
        9075000	       906	8000053c	01db1893	slli	x17,x22,0x1d	 x22:0x00000001 x17=0x20000000
        9085000	       907	80000540	4dd1bb13	sltiu	x22,x3,1245	  x3:0x00000000 x22=0x00000001
        9095000	       908	80000544	02b90693	addi	x13,x18,43	 x18:0x1753f45c x13=0x1753f487
        9105000	       909	80000548	008bec33	or	x24,x23,x8	 x23:0x0001f6b0  x8:0x00002d96 x24=0x0001ffb6
        9115000	       910	8000054c	79db6e13	ori	x28,x22,1949	 x22:0x00000001 x28=0x0000079d
        9125000	       911	80000550	568de1b7	lui	x3,0x568de	  x3=0x568de000
        9135000	       912	80000554	41485693	srai	x13,x16,0x14	 x16:0x0000071b x13=0x00000000
        9145000	       913	80000558	40955c13	srai	x24,x10,0x9	 x10:0xfffffdff x24=0xfffffffe
        9155000	       914	8000055c	41bd0bb3	sub	x23,x26,x27	 x26:0x0001fdcb x27:0x0000071b x23=0x0001f6b0
        9165000	       915	80000560	016e57b3	srl	x15,x28,x22	 x28:0x0000079d x22:0x00000001 x15=0x000003ce
        9175000	       916	80000564	f935eee3	bltu	x11,x19,80000500	 x11:0x0000000c x19:0x00000010
        9185000	       917	00000000	00000013	addi	x0,x0,0	  x0:0x00000000
        9195000	       918	800004fc	00000013	addi	x0,x0,0	  x0:0x00000000
        9205000	       919	80000500	41310c33	sub	x24,x2,x19	  x2:0xfffffff7 x19:0x00000010 x24=0xffffffe7
        9215000	       920	80000504	00158593	addi	x11,x11,1	 x11:0x0000000c x11=0x0000000d
        9225000	       921	80000508	004dd833	srl	x16,x27,x4	 x27:0x0000071b  x4:0x00000000 x16=0x0000071b
        9235000	       922	8000050c	ffd00113	addi	x2,x0,-3	  x0:0x00000000  x2=0xfffffffd
        9245000	       923	80000510	01ced1b3	srl	x3,x29,x28	 x29:0x00002800 x28:0x0000079d  x3=0x00000000
        9255000	       924	80000514	ff700a93	addi	x21,x0,-9	  x0:0x00000000 x21=0xfffffff7
        9265000	       925	80000518	409dd233	sra	x4,x27,x9	 x27:0x0000071b  x9:0x00000012  x4=0x00000000
        9275000	       926	8000051c	70b60d93	addi	x27,x12,1803	 x12:0x00000010 x27=0x0000071b
        9285000	       927	80000520	596ec413	xori	x8,x29,1430	 x29:0x00002800  x8=0x00002d96
        9295000	       928	80000524	01753a33	sltu	x20,x10,x23	 x10:0xfffffdff x23:0x0001f6b0 x20=0x00000000
        9305000	       929	80000528	409e5733	sra	x14,x28,x9	 x28:0x0000079d  x9:0x00000012 x14=0x00000000
        9315000	       930	8000052c	7e0b3293	sltiu	x5,x22,2016	 x22:0x00000001  x5=0x00000001
        9325000	       931	80000530	003448b3	xor	x17,x8,x3	  x8:0x00002d96  x3:0x00000000 x17=0x00002d96
        9335000	       932	80000534	ffa10113	addi	x2,x2,-6	  x2:0xfffffffd  x2=0xfffffff7
        9345000	       933	80000538	ff5112e3	bne	x2,x21,8000051c	  x2:0xfffffff7 x21:0xfffffff7
        9355000	       934	8000053c	01db1893	slli	x17,x22,0x1d	 x22:0x00000001 x17=0x20000000
        9365000	       935	80000540	4dd1bb13	sltiu	x22,x3,1245	  x3:0x00000000 x22=0x00000001
        9375000	       936	80000544	02b90693	addi	x13,x18,43	 x18:0x1753f45c x13=0x1753f487
        9385000	       937	80000548	008bec33	or	x24,x23,x8	 x23:0x0001f6b0  x8:0x00002d96 x24=0x0001ffb6
        9395000	       938	8000054c	79db6e13	ori	x28,x22,1949	 x22:0x00000001 x28=0x0000079d
        9405000	       939	80000550	568de1b7	lui	x3,0x568de	  x3=0x568de000
        9415000	       940	80000554	41485693	srai	x13,x16,0x14	 x16:0x0000071b x13=0x00000000
        9425000	       941	80000558	40955c13	srai	x24,x10,0x9	 x10:0xfffffdff x24=0xfffffffe
        9435000	       942	8000055c	41bd0bb3	sub	x23,x26,x27	 x26:0x0001fdcb x27:0x0000071b x23=0x0001f6b0
        9445000	       943	80000560	016e57b3	srl	x15,x28,x22	 x28:0x0000079d x22:0x00000001 x15=0x000003ce
        9455000	       944	80000564	f935eee3	bltu	x11,x19,80000500	 x11:0x0000000d x19:0x00000010
        9465000	       945	00000000	00000013	addi	x0,x0,0	  x0:0x00000000
        9475000	       946	800004fc	00000013	addi	x0,x0,0	  x0:0x00000000
        9485000	       947	80000500	41310c33	sub	x24,x2,x19	  x2:0xfffffff7 x19:0x00000010 x24=0xffffffe7
        9495000	       948	80000504	00158593	addi	x11,x11,1	 x11:0x0000000d x11=0x0000000e
        9505000	       949	80000508	004dd833	srl	x16,x27,x4	 x27:0x0000071b  x4:0x00000000 x16=0x0000071b
        9515000	       950	8000050c	ffd00113	addi	x2,x0,-3	  x0:0x00000000  x2=0xfffffffd
        9525000	       951	80000510	01ced1b3	srl	x3,x29,x28	 x29:0x00002800 x28:0x0000079d  x3=0x00000000
        9535000	       952	80000514	ff700a93	addi	x21,x0,-9	  x0:0x00000000 x21=0xfffffff7
        9545000	       953	80000518	409dd233	sra	x4,x27,x9	 x27:0x0000071b  x9:0x00000012  x4=0x00000000
        9555000	       954	8000051c	70b60d93	addi	x27,x12,1803	 x12:0x00000010 x27=0x0000071b
        9565000	       955	80000520	596ec413	xori	x8,x29,1430	 x29:0x00002800  x8=0x00002d96
        9575000	       956	80000524	01753a33	sltu	x20,x10,x23	 x10:0xfffffdff x23:0x0001f6b0 x20=0x00000000
        9585000	       957	80000528	409e5733	sra	x14,x28,x9	 x28:0x0000079d  x9:0x00000012 x14=0x00000000
        9595000	       958	8000052c	7e0b3293	sltiu	x5,x22,2016	 x22:0x00000001  x5=0x00000001
        9605000	       959	80000530	003448b3	xor	x17,x8,x3	  x8:0x00002d96  x3:0x00000000 x17=0x00002d96
        9615000	       960	80000534	ffa10113	addi	x2,x2,-6	  x2:0xfffffffd  x2=0xfffffff7
        9625000	       961	80000538	ff5112e3	bne	x2,x21,8000051c	  x2:0xfffffff7 x21:0xfffffff7
        9635000	       962	8000053c	01db1893	slli	x17,x22,0x1d	 x22:0x00000001 x17=0x20000000
        9645000	       963	80000540	4dd1bb13	sltiu	x22,x3,1245	  x3:0x00000000 x22=0x00000001
        9655000	       964	80000544	02b90693	addi	x13,x18,43	 x18:0x1753f45c x13=0x1753f487
        9665000	       965	80000548	008bec33	or	x24,x23,x8	 x23:0x0001f6b0  x8:0x00002d96 x24=0x0001ffb6
        9675000	       966	8000054c	79db6e13	ori	x28,x22,1949	 x22:0x00000001 x28=0x0000079d
        9685000	       967	80000550	568de1b7	lui	x3,0x568de	  x3=0x568de000
        9695000	       968	80000554	41485693	srai	x13,x16,0x14	 x16:0x0000071b x13=0x00000000
        9705000	       969	80000558	40955c13	srai	x24,x10,0x9	 x10:0xfffffdff x24=0xfffffffe
        9715000	       970	8000055c	41bd0bb3	sub	x23,x26,x27	 x26:0x0001fdcb x27:0x0000071b x23=0x0001f6b0
        9725000	       971	80000560	016e57b3	srl	x15,x28,x22	 x28:0x0000079d x22:0x00000001 x15=0x000003ce
        9735000	       972	80000564	f935eee3	bltu	x11,x19,80000500	 x11:0x0000000e x19:0x00000010
        9745000	       973	00000000	00000013	addi	x0,x0,0	  x0:0x00000000
        9755000	       974	800004fc	00000013	addi	x0,x0,0	  x0:0x00000000
        9765000	       975	80000500	41310c33	sub	x24,x2,x19	  x2:0xfffffff7 x19:0x00000010 x24=0xffffffe7
        9775000	       976	80000504	00158593	addi	x11,x11,1	 x11:0x0000000e x11=0x0000000f
        9785000	       977	80000508	004dd833	srl	x16,x27,x4	 x27:0x0000071b  x4:0x00000000 x16=0x0000071b
        9795000	       978	8000050c	ffd00113	addi	x2,x0,-3	  x0:0x00000000  x2=0xfffffffd
        9805000	       979	80000510	01ced1b3	srl	x3,x29,x28	 x29:0x00002800 x28:0x0000079d  x3=0x00000000
        9815000	       980	80000514	ff700a93	addi	x21,x0,-9	  x0:0x00000000 x21=0xfffffff7
        9825000	       981	80000518	409dd233	sra	x4,x27,x9	 x27:0x0000071b  x9:0x00000012  x4=0x00000000
        9835000	       982	8000051c	70b60d93	addi	x27,x12,1803	 x12:0x00000010 x27=0x0000071b
        9845000	       983	80000520	596ec413	xori	x8,x29,1430	 x29:0x00002800  x8=0x00002d96
        9855000	       984	80000524	01753a33	sltu	x20,x10,x23	 x10:0xfffffdff x23:0x0001f6b0 x20=0x00000000
        9865000	       985	80000528	409e5733	sra	x14,x28,x9	 x28:0x0000079d  x9:0x00000012 x14=0x00000000
        9875000	       986	8000052c	7e0b3293	sltiu	x5,x22,2016	 x22:0x00000001  x5=0x00000001
        9885000	       987	80000530	003448b3	xor	x17,x8,x3	  x8:0x00002d96  x3:0x00000000 x17=0x00002d96
        9895000	       988	80000534	ffa10113	addi	x2,x2,-6	  x2:0xfffffffd  x2=0xfffffff7
        9905000	       989	80000538	ff5112e3	bne	x2,x21,8000051c	  x2:0xfffffff7 x21:0xfffffff7
        9915000	       990	8000053c	01db1893	slli	x17,x22,0x1d	 x22:0x00000001 x17=0x20000000
        9925000	       991	80000540	4dd1bb13	sltiu	x22,x3,1245	  x3:0x00000000 x22=0x00000001
        9935000	       992	80000544	02b90693	addi	x13,x18,43	 x18:0x1753f45c x13=0x1753f487
        9945000	       993	80000548	008bec33	or	x24,x23,x8	 x23:0x0001f6b0  x8:0x00002d96 x24=0x0001ffb6
        9955000	       994	8000054c	79db6e13	ori	x28,x22,1949	 x22:0x00000001 x28=0x0000079d
        9965000	       995	80000550	568de1b7	lui	x3,0x568de	  x3=0x568de000
        9975000	       996	80000554	41485693	srai	x13,x16,0x14	 x16:0x0000071b x13=0x00000000
        9985000	       997	80000558	40955c13	srai	x24,x10,0x9	 x10:0xfffffdff x24=0xfffffffe
        9995000	       998	8000055c	41bd0bb3	sub	x23,x26,x27	 x26:0x0001fdcb x27:0x0000071b x23=0x0001f6b0
       10005000	       999	80000560	016e57b3	srl	x15,x28,x22	 x28:0x0000079d x22:0x00000001 x15=0x000003ce
       10015000	      1000	80000564	f935eee3	bltu	x11,x19,80000500	 x11:0x0000000f x19:0x00000010
       10025000	      1001	00000000	00000013	addi	x0,x0,0	  x0:0x00000000
       10035000	      1002	800004fc	00000013	addi	x0,x0,0	  x0:0x00000000
       10045000	      1003	80000500	41310c33	sub	x24,x2,x19	  x2:0xfffffff7 x19:0x00000010 x24=0xffffffe7
       10055000	      1004	80000504	00158593	addi	x11,x11,1	 x11:0x0000000f x11=0x00000010
       10065000	      1005	80000508	004dd833	srl	x16,x27,x4	 x27:0x0000071b  x4:0x00000000 x16=0x0000071b
       10075000	      1006	8000050c	ffd00113	addi	x2,x0,-3	  x0:0x00000000  x2=0xfffffffd
       10085000	      1007	80000510	01ced1b3	srl	x3,x29,x28	 x29:0x00002800 x28:0x0000079d  x3=0x00000000
       10095000	      1008	80000514	ff700a93	addi	x21,x0,-9	  x0:0x00000000 x21=0xfffffff7
       10105000	      1009	80000518	409dd233	sra	x4,x27,x9	 x27:0x0000071b  x9:0x00000012  x4=0x00000000
       10115000	      1010	8000051c	70b60d93	addi	x27,x12,1803	 x12:0x00000010 x27=0x0000071b
       10125000	      1011	80000520	596ec413	xori	x8,x29,1430	 x29:0x00002800  x8=0x00002d96
       10135000	      1012	80000524	01753a33	sltu	x20,x10,x23	 x10:0xfffffdff x23:0x0001f6b0 x20=0x00000000
       10145000	      1013	80000528	409e5733	sra	x14,x28,x9	 x28:0x0000079d  x9:0x00000012 x14=0x00000000
       10155000	      1014	8000052c	7e0b3293	sltiu	x5,x22,2016	 x22:0x00000001  x5=0x00000001
       10165000	      1015	80000530	003448b3	xor	x17,x8,x3	  x8:0x00002d96  x3:0x00000000 x17=0x00002d96
       10175000	      1016	80000534	ffa10113	addi	x2,x2,-6	  x2:0xfffffffd  x2=0xfffffff7
       10185000	      1017	80000538	ff5112e3	bne	x2,x21,8000051c	  x2:0xfffffff7 x21:0xfffffff7
       10195000	      1018	8000053c	01db1893	slli	x17,x22,0x1d	 x22:0x00000001 x17=0x20000000
       10205000	      1019	80000540	4dd1bb13	sltiu	x22,x3,1245	  x3:0x00000000 x22=0x00000001
       10215000	      1020	80000544	02b90693	addi	x13,x18,43	 x18:0x1753f45c x13=0x1753f487
       10225000	      1021	80000548	008bec33	or	x24,x23,x8	 x23:0x0001f6b0  x8:0x00002d96 x24=0x0001ffb6
       10235000	      1022	8000054c	79db6e13	ori	x28,x22,1949	 x22:0x00000001 x28=0x0000079d
       10245000	      1023	80000550	568de1b7	lui	x3,0x568de	  x3=0x568de000
       10255000	      1024	80000554	41485693	srai	x13,x16,0x14	 x16:0x0000071b x13=0x00000000
       10265000	      1025	80000558	40955c13	srai	x24,x10,0x9	 x10:0xfffffdff x24=0xfffffffe
       10275000	      1026	8000055c	41bd0bb3	sub	x23,x26,x27	 x26:0x0001fdcb x27:0x0000071b x23=0x0001f6b0
       10285000	      1027	80000560	016e57b3	srl	x15,x28,x22	 x28:0x0000079d x22:0x00000001 x15=0x000003ce
       10295000	      1028	80000564	f935eee3	bltu	x11,x19,80000500	 x11:0x00000010 x19:0x00000010
       10305000	      1029	80000568	00afe933	or	x18,x31,x10	 x31:0xf7f4676c x10:0xfffffdff x18=0xffffffff
       10315000	      1030	8000056c	ff700d93	addi	x27,x0,-9	  x0:0x00000000 x27=0xfffffff7
       10325000	      1031	80000570	8cbfcd13	xori	x26,x31,-1845	 x31:0xf7f4676c x26=0x080b9fa7
       10335000	      1032	80000574	00afe1b3	or	x3,x31,x10	 x31:0xf7f4676c x10:0xfffffdff  x3=0xffffffff
       10345000	      1033	80000578	ff700913	addi	x18,x0,-9	  x0:0x00000000 x18=0xfffffff7
       10355000	      1034	8000057c	0083e7b3	or	x15,x7,x8	  x7:0x0000049d  x8:0x00002d96 x15=0x00002d9f
       10365000	      1035	80000580	29843413	sltiu	x8,x8,664	  x8:0x00002d96  x8=0x00000000
       10375000	      1036	80000584	40648093	addi	x1,x9,1030	  x9:0x00000012  x1=0x00000418
       10385000	      1037	80000588	ff7d8d93	addi	x27,x27,-9	 x27:0xfffffff7 x27=0xffffffee
       10395000	      1038	8000058c	002ecc33	xor	x24,x29,x2	 x29:0x00002800  x2:0xfffffff7 x24=0xffffd7f7
       10405000	      1039	80000590	00600613	addi	x12,x0,6	  x0:0x00000000 x12=0x00000006
       10415000	      1040	80000594	005e9793	slli	x15,x29,0x5	 x29:0x00002800 x15=0x00050000
       10425000	      1041	80000598	00600213	addi	x4,x0,6	  x0:0x00000000  x4=0x00000006
       10435000	      1042	8000059c	de053b93	sltiu	x23,x10,-544	 x10:0xfffffdff x23=0x00000000
       10445000	      1043	800005a0	00000013	addi	x0,x0,0	  x0:0x00000000
       10455000	      1044	800005a4	00ab31b3	sltu	x3,x22,x10	 x22:0x00000001 x10:0xfffffdff  x3=0x00000001
       10465000	      1045	800005a8	ffa60613	addi	x12,x12,-6	 x12:0x00000006 x12=0x00000000
       10475000	      1046	800005ac	fe4658e3	bge	x12,x4,8000059c	 x12:0x00000000  x4:0x00000006
       10485000	      1047	800005b0	01e79b13	slli	x22,x15,0x1e	 x15:0x00050000 x22=0x00000000
       10495000	      1048	800005b4	00035b93	srli	x23,x6,0x0	  x6:0xf10b040c x23=0xf10b040c
       10505000	      1049	800005b8	104d2713	slti	x14,x26,260	 x26:0x080b9fa7 x14=0x00000000
       10515000	      1050	800005bc	018ccb97	auipc	x23,0x18cc	 x23=0x818cc5b8
       10525000	      1051	800005c0	00000013	addi	x0,x0,0	  x0:0x00000000
       10535000	      1052	800005c4	321e8c13	addi	x24,x29,801	 x29:0x00002800 x24=0x00002b21
       10545000	      1053	800005c8	eb58b113	sltiu	x2,x17,-331	 x17:0x20000000  x2=0x00000001
       10555000	      1054	800005cc	fb2ddae3	bge	x27,x18,80000580	 x27:0xffffffee x18:0xfffffff7
       10565000	      1055	800005d0	53fc4313	xori	x6,x24,1343	 x24:0x00002b21  x6=0x00002e1e
       10575000	      1056	800005d4	00700d93	addi	x27,x0,7	  x0:0x00000000 x27=0x00000007
       10585000	      1057	800005d8	00b3f6b3	and	x13,x7,x11	  x7:0x0000049d x11:0x00000010 x13=0x00000010
       10595000	      1058	800005dc	00a00793	addi	x15,x0,10	  x0:0x00000000 x15=0x0000000a
       10605000	      1059	800005e0	00e3e1b3	or	x3,x7,x14	  x7:0x0000049d x14:0x00000000  x3=0x0000049d
       10615000	      1060	800005e4	f9662413	slti	x8,x12,-106	 x12:0x00000000  x8=0x00000000
       10625000	      1061	800005e8	403e3b13	sltiu	x22,x28,1027	 x28:0x0000079d x22=0x00000000
       10635000	      1062	800005ec	009d8d93	addi	x27,x27,9	 x27:0x00000007 x27=0x00000010
       10645000	      1063	800005f0	00000013	addi	x0,x0,0	  x0:0x00000000
       10655000	      1064	800005f4	00105233	srl	x4,x0,x1	  x0:0x00000000  x1:0x00000418  x4=0x00000000
       10665000	      1065	800005f8	fefde6e3	bltu	x27,x15,800005e4	 x27:0x00000010 x15:0x0000000a
       10675000	      1066	800005fc	54a1c697	auipc	x13,0x54a1c	 x13=0xd4a1c5f8
       10685000	      1067	80000600	00a00d13	addi	x26,x0,10	  x0:0x00000000 x26=0x0000000a
       10695000	      1068	80000604	00e95933	srl	x18,x18,x14	 x18:0xfffffff7 x14:0x00000000 x18=0xfffffff7
       10705000	      1069	80000608	00a00113	addi	x2,x0,10	  x0:0x00000000  x2=0x0000000a
       10715000	      1070	8000060c	406bd713	srai	x14,x23,0x6	 x23:0x818cc5b8 x14=0xfe063316
       10725000	      1071	80000610	411fd4b3	sra	x9,x31,x17	 x31:0xf7f4676c x17:0x20000000  x9=0xf7f4676c
       10735000	      1072	80000614	0074b2b3	sltu	x5,x9,x7	  x9:0xf7f4676c  x7:0x0000049d  x5=0x00000000
       10745000	      1073	80000618	404d5033	sra	x0,x26,x4	 x26:0x0000000a  x4:0x00000000
       10755000	      1074	8000061c	00a877b3	and	x15,x16,x10	 x16:0x0000071b x10:0xfffffdff x15=0x0000051b
       10765000	      1075	80000620	00000013	addi	x0,x0,0	  x0:0x00000000
       10775000	      1076	80000624	007b1393	slli	x7,x22,0x7	 x22:0x00000000  x7=0x00000000
       10785000	      1077	80000628	009fbeb3	sltu	x29,x31,x9	 x31:0xf7f4676c  x9:0xf7f4676c x29=0x00000000
       10795000	      1078	8000062c	016bdab3	srl	x21,x23,x22	 x23:0x818cc5b8 x22:0x00000000 x21=0x818cc5b8
       10805000	      1079	80000630	ff7d0d13	addi	x26,x26,-9	 x26:0x0000000a x26=0x00000001
       10815000	      1080	80000634	014f73b3	and	x7,x30,x20	 x30:0x80009fc4 x20:0x00000000  x7=0x00000000
       10825000	      1081	80000638	00500613	addi	x12,x0,5	  x0:0x00000000 x12=0x00000005
       10835000	      1082	8000063c	01f85733	srl	x14,x16,x31	 x16:0x0000071b x31:0xf7f4676c x14=0x00000000
       10845000	      1083	80000640	32f44c13	xori	x24,x8,815	  x8:0x00000000 x24=0x0000032f
       10855000	      1084	80000644	41938a33	sub	x20,x7,x25	  x7:0x00000000 x25:0x80009f84 x20=0x7fff607c
       10865000	      1085	80000648	1aa22993	slti	x19,x4,426	  x4:0x00000000 x19=0x00000001
       10875000	      1086	8000064c	00a00413	addi	x8,x0,10	  x0:0x00000000  x8=0x0000000a
       10885000	      1087	80000650	224e8193	addi	x3,x29,548	 x29:0x00000000  x3=0x00000224
       10895000	      1088	80000654	bc9f3213	sltiu	x4,x30,-1079	 x30:0x80009fc4  x4=0x00000001
       10905000	      1089	80000658	41af8bb3	sub	x23,x31,x26	 x31:0xf7f4676c x26:0x00000001 x23=0xf7f4676b
       10915000	      1090	8000065c	00acbe33	sltu	x28,x25,x10	 x25:0x80009f84 x10:0xfffffdff x28=0x00000001
       10925000	      1091	80000660	00560613	addi	x12,x12,5	 x12:0x00000005 x12=0x0000000a
       10935000	      1092	80000664	6be80c13	addi	x24,x16,1726	 x16:0x0000071b x24=0x00000dd9
       10945000	      1093	80000668	ea933213	sltiu	x4,x6,-343	  x6:0x00002e1e  x4=0x00000001
       10955000	      1094	8000066c	29a3c193	xori	x3,x7,666	  x7:0x00000000  x3=0x0000029a
       10965000	      1095	80000670	fe8616e3	bne	x12,x8,8000065c	 x12:0x0000000a  x8:0x0000000a
       10975000	      1096	80000674	0130d493	srli	x9,x1,0x13	  x1:0x00000418  x9=0x00000000
       10985000	      1097	80000678	128ac693	xori	x13,x21,296	 x21:0x818cc5b8 x13=0x818cc490
       10995000	      1098	8000067c	fa2d76e3	bgeu	x26,x2,80000628	 x26:0x00000001  x2:0x0000000a
       11005000	      1099	80000680	40db0933	sub	x18,x22,x13	 x22:0x00000000 x13:0x818cc490 x18=0x7e733b70
       11015000	      1100	80000684	ffc00913	addi	x18,x0,-4	  x0:0x00000000 x18=0xfffffffc
       11025000	      1101	80000688	01010b33	add	x22,x2,x16	  x2:0x0000000a x16:0x0000071b x22=0x00000725
       11035000	      1102	8000068c	003b52b3	srl	x5,x22,x3	 x22:0x00000725  x3:0x0000029a  x5=0x00000000
       11045000	      1103	80000690	40900c33	sub	x24,x0,x9	  x0:0x00000000  x9:0x00000000 x24=0x00000000
       11055000	      1104	80000694	01300813	addi	x16,x0,19	  x0:0x00000000 x16=0x00000013
       11065000	      1105	80000698	41050d33	sub	x26,x10,x16	 x10:0xfffffdff x16:0x00000013 x26=0xfffffdec
       11075000	      1106	8000069c	41d48b33	sub	x22,x9,x29	  x9:0x00000000 x29:0x00000000 x22=0x00000000
       11085000	      1107	800006a0	00690913	addi	x18,x18,6	 x18:0xfffffffc x18=0x00000002
       11095000	      1108	800006a4	016ee6b3	or	x13,x29,x22	 x29:0x00000000 x22:0x00000000 x13=0x00000000
       11105000	      1109	800006a8	ff0968e3	bltu	x18,x16,80000698	 x18:0x00000002 x16:0x00000013
       11115000	      1110	00000000	00000013	addi	x0,x0,0	  x0:0x00000000
       11125000	      1111	80000694	00000013	addi	x0,x0,0	  x0:0x00000000
       11135000	      1112	80000698	41050d33	sub	x26,x10,x16	 x10:0xfffffdff x16:0x00000013 x26=0xfffffdec
       11145000	      1113	8000069c	41d48b33	sub	x22,x9,x29	  x9:0x00000000 x29:0x00000000 x22=0x00000000
       11155000	      1114	800006a0	00690913	addi	x18,x18,6	 x18:0x00000002 x18=0x00000008
       11165000	      1115	800006a4	016ee6b3	or	x13,x29,x22	 x29:0x00000000 x22:0x00000000 x13=0x00000000
       11175000	      1116	800006a8	ff0968e3	bltu	x18,x16,80000698	 x18:0x00000008 x16:0x00000013
       11185000	      1117	00000000	00000013	addi	x0,x0,0	  x0:0x00000000
       11195000	      1118	80000694	00000013	addi	x0,x0,0	  x0:0x00000000
       11205000	      1119	80000698	41050d33	sub	x26,x10,x16	 x10:0xfffffdff x16:0x00000013 x26=0xfffffdec
       11215000	      1120	8000069c	41d48b33	sub	x22,x9,x29	  x9:0x00000000 x29:0x00000000 x22=0x00000000
       11225000	      1121	800006a0	00690913	addi	x18,x18,6	 x18:0x00000008 x18=0x0000000e
       11235000	      1122	800006a4	016ee6b3	or	x13,x29,x22	 x29:0x00000000 x22:0x00000000 x13=0x00000000
       11245000	      1123	800006a8	ff0968e3	bltu	x18,x16,80000698	 x18:0x0000000e x16:0x00000013
       11255000	      1124	00000000	00000013	addi	x0,x0,0	  x0:0x00000000
       11265000	      1125	80000694	00000013	addi	x0,x0,0	  x0:0x00000000
       11275000	      1126	80000698	41050d33	sub	x26,x10,x16	 x10:0xfffffdff x16:0x00000013 x26=0xfffffdec
       11285000	      1127	8000069c	41d48b33	sub	x22,x9,x29	  x9:0x00000000 x29:0x00000000 x22=0x00000000
       11295000	      1128	800006a0	00690913	addi	x18,x18,6	 x18:0x0000000e x18=0x00000014
       11305000	      1129	800006a4	016ee6b3	or	x13,x29,x22	 x29:0x00000000 x22:0x00000000 x13=0x00000000
       11315000	      1130	800006a8	ff0968e3	bltu	x18,x16,80000698	 x18:0x00000014 x16:0x00000013
       11325000	      1131	800006ac	0061d433	srl	x8,x3,x6	  x3:0x0000029a  x6:0x00002e1e  x8=0x00000000
       11335000	      1132	800006b0	00a00593	addi	x11,x0,10	  x0:0x00000000 x11=0x0000000a
       11345000	      1133	800006b4	00ac34b3	sltu	x9,x24,x10	 x24:0x00000000 x10:0xfffffdff  x9=0x00000001
       11355000	      1134	800006b8	4153d293	srai	x5,x7,0x15	  x7:0x00000000  x5=0x00000000
       11365000	      1135	800006bc	41ae5c13	srai	x24,x28,0x1a	 x28:0x00000001 x24=0x00000000
       11375000	      1136	800006c0	40478233	sub	x4,x15,x4	 x15:0x0000051b  x4:0x00000001  x4=0x0000051a
       11385000	      1137	800006c4	01100993	addi	x19,x0,17	  x0:0x00000000 x19=0x00000011
       11395000	      1138	800006c8	00000013	addi	x0,x0,0	  x0:0x00000000
       11405000	      1139	800006cc	bf892297	auipc	x5,0xbf892	  x5=0x3f8926c8
       11415000	      1140	800006d0	76e33b13	sltiu	x22,x6,1902	  x6:0x00002e1e x22=0x00000000
       11425000	      1141	800006d4	017e77b3	and	x15,x28,x23	 x28:0x00000001 x23:0xf7f4676b x15=0x00000001
       11435000	      1142	800006d8	9247a713	slti	x14,x15,-1756	 x15:0x00000001 x14=0x00000000
       11445000	      1143	800006dc	40d35533	sra	x10,x6,x13	  x6:0x00002e1e x13:0x00000000 x10=0x00002e1e
       11455000	      1144	800006e0	008e9493	slli	x9,x29,0x8	 x29:0x00000000  x9=0x00000000
       11465000	      1145	800006e4	00758593	addi	x11,x11,7	 x11:0x0000000a x11=0x00000011
       11475000	      1146	800006e8	007807b3	add	x15,x16,x7	 x16:0x00000013  x7:0x00000000 x15=0x00000013
       11485000	      1147	800006ec	ffb00813	addi	x16,x0,-5	  x0:0x00000000 x16=0xfffffffb
       11495000	      1148	800006f0	ff300113	addi	x2,x0,-13	  x0:0x00000000  x2=0xfffffff3
       11505000	      1149	800006f4	019f9033	sll	x0,x31,x25	 x31:0xf7f4676c x25:0x80009f84
       11515000	      1150	800006f8	32147a93	andi	x21,x8,801	  x8:0x00000000 x21=0x00000000
       11525000	      1151	800006fc	01be9eb3	sll	x29,x29,x27	 x29:0x00000000 x27:0x00000010 x29=0x00000000
       11535000	      1152	80000700	ff780813	addi	x16,x16,-9	 x16:0xfffffffb x16=0xfffffff2
       11545000	      1153	80000704	fe285ae3	bge	x16,x2,800006f8	 x16:0xfffffff2  x2:0xfffffff3
       11555000	      1154	80000708	014cda13	srli	x20,x25,0x14	 x25:0x80009f84 x20=0x00000800
       11565000	      1155	8000070c	00a4b2b3	sltu	x5,x9,x10	  x9:0x00000000 x10:0x00002e1e  x5=0x00000001
       11575000	      1156	80000710	7e5c7d93	andi	x27,x24,2021	 x24:0x00000000 x27=0x00000000
       11585000	      1157	80000714	fd3590e3	bne	x11,x19,800006d4	 x11:0x00000011 x19:0x00000011
       11595000	      1158	80000718	a10c4d13	xori	x26,x24,-1520	 x24:0x00000000 x26=0xfffffa10
       11605000	      1159	8000071c	005c1a33	sll	x20,x24,x5	 x24:0x00000000  x5:0x00000001 x20=0x00000000
       11615000	      1160	80000720	019cee63	bltu	x25,x25,8000073c	 x25:0x80009f84 x25:0x80009f84
       11625000	      1161	80000724	00de1733	sll	x14,x28,x13	 x28:0x00000001 x13:0x00000000 x14=0x00000001
       11635000	      1162	80000728	9ca16437	lui	x8,0x9ca16	  x8=0x9ca16000
       11645000	      1163	8000072c	02771c63	bne	x14,x7,80000764	 x14:0x00000001  x7:0x00000000
       11655000	      1164	00000000	00000013	addi	x0,x0,0	  x0:0x00000000
       11665000	      1165	80000760	00000013	addi	x0,x0,0	  x0:0x00000000
       11675000	      1166	80000764	01938ab3	add	x21,x7,x25	  x7:0x00000000 x25:0x80009f84 x21=0x80009f84
       11685000	      1167	80000768	015a2db3	slt	x27,x20,x21	 x20:0x00000000 x21:0x80009f84 x27=0x00000000
       11695000	      1168	8000076c	7fece613	ori	x12,x25,2046	 x25:0x80009f84 x12=0x80009ffe
       11705000	      1169	80000770	01ff44b3	xor	x9,x30,x31	 x30:0x80009fc4 x31:0xf7f4676c  x9=0x77f4f8a8
       11715000	      1170	80000774	0034e2b3	or	x5,x9,x3	  x9:0x77f4f8a8  x3:0x0000029a  x5=0x77f4faba
       11725000	      1171	80000778	9e2d6d93	ori	x27,x26,-1566	 x26:0xfffffa10 x27=0xfffffbf2
       11735000	      1172	8000077c	05836063	bltu	x6,x24,800007bc	  x6:0x00002e1e x24:0x00000000
       11745000	      1173	80000780	413458b3	sra	x17,x8,x19	  x8:0x9ca16000 x19:0x00000011 x17=0xffffce50
       11755000	      1174	80000784	006d3db3	sltu	x27,x26,x6	 x26:0xfffffa10  x6:0x00002e1e x27=0x00000000
       11765000	      1175	80000788	926ded13	ori	x26,x27,-1754	 x27:0x00000000 x26=0xfffff926
       11775000	      1176	8000078c	01e6d793	srli	x15,x13,0x1e	 x13:0x00000000 x15=0x00000000
       11785000	      1177	80000790	40ec5133	sra	x2,x24,x14	 x24:0x00000000 x14:0x00000001  x2=0x00000000
       11795000	      1178	80000794	03ea8063	beq	x21,x30,800007b4	 x21:0x80009f84 x30:0x80009fc4
       11805000	      1179	80000798	018cf9b3	and	x19,x25,x24	 x25:0x80009f84 x24:0x00000000 x19=0x00000000
       11815000	      1180	8000079c	0059d613	srli	x12,x19,0x5	 x19:0x00000000 x12=0x00000000
       11825000	      1181	800007a0	f91a6413	ori	x8,x20,-111	 x20:0x00000000  x8=0xffffff91
       11835000	      1182	800007a4	2e12c5b7	lui	x11,0x2e12c	 x11=0x2e12c000
       11845000	      1183	800007a8	b54e85b7	lui	x11,0xb54e8	 x11=0xb54e8000
       11855000	      1184	800007ac	404f8033	sub	x0,x31,x4	 x31:0xf7f4676c  x4:0x0000051a
       11865000	      1185	800007b0	8e0c4e97	auipc	x29,0x8e0c4	 x29=0x0e0c47ac
       11875000	      1186	800007b4	053e45b7	lui	x11,0x53e4	 x11=0x053e4000
       11885000	      1187	800007b8	a1d57b13	andi	x22,x10,-1507	 x10:0x00002e1e x22=0x00002a1c
       11895000	      1188	800007bc	00d99d93	slli	x27,x19,0xd	 x19:0x00000000 x27=0x00000000
       11905000	      1189	800007c0	ae636493	ori	x9,x6,-1306	  x6:0x00002e1e  x9=0xfffffefe
       11915000	      1190	800007c4	dea8c597	auipc	x11,0xdea8c	 x11=0x5ea8c7c0
       11925000	      1191	800007c8	002ffbb3	and	x23,x31,x2	 x31:0xf7f4676c  x2:0x00000000 x23=0x00000000
       11935000	      1192	800007cc	010d1a33	sll	x20,x26,x16	 x26:0xfffff926 x16:0xfffffff2 x20=0xe4980000
       11945000	      1193	800007d0	415256b3	sra	x13,x4,x21	  x4:0x0000051a x21:0x80009f84 x13=0x00000051
       11955000	      1194	800007d4	7d3bea13	ori	x20,x23,2003	 x23:0x00000000 x20=0x000007d3
       11965000	      1195	800007d8	411dd613	srai	x12,x27,0x11	 x27:0x00000000 x12=0x00000000
       11975000	      1196	800007dc	6e502c13	slti	x24,x0,1765	  x0:0x00000000 x24=0x00000001
       11985000	      1197	800007e0	00000013	addi	x0,x0,0	  x0:0x00000000
       11995000	      1198	800007e4	01e8bc33	sltu	x24,x17,x30	 x17:0xffffce50 x30:0x80009fc4 x24=0x00000000
       12005000	      1199	800007e8	8d4b0c17	auipc	x24,0x8d4b0	 x24=0x0d4b07e4
       12015000	      1200	800007ec	c4fd0d17	auipc	x26,0xc4fd0	 x26=0x44fd07e8
       12025000	      1201	800007f0	406a5d13	srai	x26,x20,0x6	 x20:0x000007d3 x26=0x0000001f
       12035000	      1202	800007f4	58637993	andi	x19,x6,1414	  x6:0x00002e1e x19=0x00000406
       12045000	      1203	800007f8	000234b3	sltu	x9,x4,x0	  x4:0x0000051a  x0:0x00000000  x9=0x00000000
       12055000	      1204	800007fc	02abf863	bgeu	x23,x10,8000082c	 x23:0x00000000 x10:0x00002e1e
       12065000	      1205	80000800	fed1f293	andi	x5,x3,-19	  x3:0x0000029a  x5=0x00000288
       12075000	      1206	80000804	04480663	beq	x16,x4,80000850	 x16:0xfffffff2  x4:0x0000051a
       12085000	      1207	80000808	01652c33	slt	x24,x10,x22	 x10:0x00002e1e x22:0x00002a1c x24=0x00000000
       12095000	      1208	8000080c	01dd8863	beq	x27,x29,8000081c	 x27:0x00000000 x29:0x0e0c47ac
       12105000	      1209	80000810	00a24433	xor	x8,x4,x10	  x4:0x0000051a x10:0x00002e1e  x8=0x00002b04
       12115000	      1210	80000814	40485013	srai	x0,x16,0x4	 x16:0xfffffff2
       12125000	      1211	80000818	05791063	bne	x18,x23,80000858	 x18:0x00000014 x23:0x00000000
       12135000	      1212	00000000	00000013	addi	x0,x0,0	  x0:0x00000000
       12145000	      1213	80000854	00000013	addi	x0,x0,0	  x0:0x00000000
       12155000	      1214	80000858	01ee6463	bltu	x28,x30,80000860	 x28:0x00000001 x30:0x80009fc4
       12165000	      1215	00000000	00000013	addi	x0,x0,0	  x0:0x00000000
       12175000	      1216	8000085c	00000013	addi	x0,x0,0	  x0:0x00000000
       12185000	      1217	80000860	00a17ab3	and	x21,x2,x10	  x2:0x00000000 x10:0x00002e1e x21=0x00000000
       12195000	      1218	80000864	00f12a33	slt	x20,x2,x15	  x2:0x00000000 x15:0x00000000 x20=0x00000000
       12205000	      1219	80000868	00f12c33	slt	x24,x2,x15	  x2:0x00000000 x15:0x00000000 x24=0x00000000
       12215000	      1220	8000086c	00728833	add	x16,x5,x7	  x5:0x00000288  x7:0x00000000 x16=0x00000288
       12225000	      1221	80000870	00000013	addi	x0,x0,0	  x0:0x00000000
       12235000	      1222	80000874	6e1a0d13	addi	x26,x20,1761	 x20:0x00000000 x26=0x000006e1
       12245000	      1223	80000878	00849333	sll	x6,x9,x8	  x9:0x00000000  x8:0x00002b04  x6=0x00000000
       12255000	      1224	8000087c	a5328513	addi	x10,x5,-1453	  x5:0x00000288 x10=0xfffffcdb
       12265000	      1225	80000880	008c99b3	sll	x19,x25,x8	 x25:0x80009f84  x8:0x00002b04 x19=0x0009f840
       12275000	      1226	80000884	001bf133	and	x2,x23,x1	 x23:0x00000000  x1:0x00000418  x2=0x00000000
       12285000	      1227	80000888	01fc09b3	add	x19,x24,x31	 x24:0x00000000 x31:0xf7f4676c x19=0xf7f4676c
       12295000	      1228	8000088c	034f6463	bltu	x30,x20,800008b4	 x30:0x80009fc4 x20:0x00000000
       12305000	      1229	80000890	f72d7c37	lui	x24,0xf72d7	 x24=0xf72d7000
       12315000	      1230	80000894	a56ebe13	sltiu	x28,x29,-1450	 x29:0x0e0c47ac x28=0x00000001
       12325000	      1231	80000898	41115513	srai	x10,x2,0x11	  x2:0x00000000 x10=0x00000000
       12335000	      1232	8000089c	1a8ef213	andi	x4,x29,424	 x29:0x0e0c47ac  x4=0x000001a8
       12345000	      1233	800008a0	02e1c663	blt	x3,x14,800008cc	  x3:0x0000029a x14:0x00000001
       12355000	      1234	800008a4	010769b3	or	x19,x14,x16	 x14:0x00000001 x16:0x00000288 x19=0x00000289
       12365000	      1235	800008a8	04d5f663	bgeu	x11,x13,800008f4	 x11:0x5ea8c7c0 x13:0x00000051
       12375000	      1236	00000000	00000013	addi	x0,x0,0	  x0:0x00000000
       12385000	      1237	800008f0	00000013	addi	x0,x0,0	  x0:0x00000000
       12395000	      1238	800008f4	00fef663	bgeu	x29,x15,80000900	 x29:0x0e0c47ac x15:0x00000000
       12405000	      1239	00000000	00000013	addi	x0,x0,0	  x0:0x00000000
       12415000	      1240	800008fc	00000013	addi	x0,x0,0	  x0:0x00000000
       12425000	      1241	80000900	0300ca63	blt	x1,x16,80000934	  x1:0x00000418 x16:0x00000288
       12435000	      1242	80000904	00ad79b3	and	x19,x26,x10	 x26:0x000006e1 x10:0x00000000 x19=0x00000000
       12445000	      1243	80000908	40ab0433	sub	x8,x22,x10	 x22:0x00002a1c x10:0x00000000  x8=0x00002a1c
       12455000	      1244	8000090c	01020663	beq	x4,x16,80000918	  x4:0x000001a8 x16:0x00000288
       12465000	      1245	80000910	0453e463	bltu	x7,x5,80000958	  x7:0x00000000  x5:0x00000288
       12475000	      1246	00000000	00000013	addi	x0,x0,0	  x0:0x00000000
       12485000	      1247	80000954	00000013	addi	x0,x0,0	  x0:0x00000000
       12495000	      1248	80000958	017fa1b3	slt	x3,x31,x23	 x31:0xf7f4676c x23:0x00000000  x3=0x00000001
       12505000	      1249	8000095c	008381b3	add	x3,x7,x8	  x7:0x00000000  x8:0x00002a1c  x3=0x00002a1c
       12515000	      1250	80000960	002d1993	slli	x19,x26,0x2	 x26:0x000006e1 x19=0x00001b84
       12525000	      1251	80000964	59a81237	lui	x4,0x59a81	  x4=0x59a81000
       12535000	      1252	80000968	0137de33	srl	x28,x15,x19	 x15:0x00000000 x19:0x00001b84 x28=0x00000000
       12545000	      1253	8000096c	00210933	add	x18,x2,x2	  x2:0x00000000  x2:0x00000000 x18=0x00000000
       12555000	      1254	80000970	00e74933	xor	x18,x14,x14	 x14:0x00000001 x14:0x00000001 x18=0x00000000
       12565000	      1255	80000974	00b393b3	sll	x7,x7,x11	  x7:0x00000000 x11:0x5ea8c7c0  x7=0x00000000
       12575000	      1256	80000978	403806b3	sub	x13,x16,x3	 x16:0x00000288  x3:0x00002a1c x13=0xffffd86c
       12585000	      1257	8000097c	5c6dc417	auipc	x8,0x5c6dc	  x8=0xdc6dc978
       12595000	      1258	80000980	01b31c63	bne	x6,x27,80000998	  x6:0x00000000 x27:0x00000000
       12605000	      1259	80000984	31789a37	lui	x20,0x31789	 x20=0x31789000
       12615000	      1260	80000988	c7340a17	auipc	x20,0xc7340	 x20=0x47340984
       12625000	      1261	8000098c	028e5c63	bge	x28,x8,800009c4	 x28:0x00000000  x8:0xdc6dc978
       12635000	      1262	00000000	00000013	addi	x0,x0,0	  x0:0x00000000
       12645000	      1263	800009c0	00000013	addi	x0,x0,0	  x0:0x00000000
       12655000	      1264	800009c4	4a9bca93	xori	x21,x23,1193	 x23:0x00000000 x21=0x000004a9
       12665000	      1265	800009c8	406a0ab3	sub	x21,x20,x6	 x20:0x47340984  x6:0x00000000 x21=0x47340984
       12675000	      1266	800009cc	00d61ab3	sll	x21,x12,x13	 x12:0x00000000 x13:0xffffd86c x21=0x00000000
       12685000	      1267	800009d0	4110de13	srai	x28,x1,0x11	  x1:0x00000418 x28=0x00000000
       12695000	      1268	800009d4	00496bb3	or	x23,x18,x4	 x18:0x00000000  x4:0x59a81000 x23=0x59a81000
       12705000	      1269	800009d8	f6f03113	sltiu	x2,x0,-145	  x0:0x00000000  x2=0x00000001
       12715000	      1270	800009dc	40590633	sub	x12,x18,x5	 x18:0x00000000  x5:0x00000288 x12=0xfffffd78
       12725000	      1271	800009e0	4f107813	andi	x16,x0,1265	  x0:0x00000000 x16=0x00000000
       12735000	      1272	800009e4	a4a37213	andi	x4,x6,-1462	  x6:0x00000000  x4=0x00000000
       12745000	      1273	800009e8	01538663	beq	x7,x21,800009f4	  x7:0x00000000 x21:0x00000000
       12755000	      1274	00000000	00000013	addi	x0,x0,0	  x0:0x00000000
       12765000	      1275	800009f0	00000013	addi	x0,x0,0	  x0:0x00000000
       12775000	      1276	800009f4	012c9663	bne	x25,x18,80000a00	 x25:0x80009f84 x18:0x00000000
       12785000	      1277	00000000	00000013	addi	x0,x0,0	  x0:0x00000000
       12795000	      1278	800009fc	00000013	addi	x0,x0,0	  x0:0x00000000
       12805000	      1279	80000a00	f5b23993	sltiu	x19,x4,-165	  x4:0x00000000 x19=0x00000001
       12815000	      1280	80000a04	21de2e93	slti	x29,x28,541	 x28:0x00000000 x29=0x00000001
       12825000	      1281	80000a08	214a0d93	addi	x27,x20,532	 x20:0x47340984 x27=0x47340b98
       12835000	      1282	80000a0c	00269833	sll	x16,x13,x2	 x13:0xffffd86c  x2:0x00000001 x16=0xffffb0d8
       12845000	      1283	80000a10	00405633	srl	x12,x0,x4	  x0:0x00000000  x4:0x00000000 x12=0x00000000
       12855000	      1284	80000a14	41248333	sub	x6,x9,x18	  x9:0x00000000 x18:0x00000000  x6=0x00000000
       12865000	      1285	80000a18	3601e093	ori	x1,x3,864	  x3:0x00002a1c  x1=0x00002b7c
       12875000	      1286	80000a1c	01379113	slli	x2,x15,0x13	 x15:0x00000000  x2=0x00000000
       12885000	      1287	80000a20	01bebe33	sltu	x28,x29,x27	 x29:0x00000001 x27:0x47340b98 x28=0x00000001
       12895000	      1288	80000a24	02e2fa63	bgeu	x5,x14,80000a58	  x5:0x00000288 x14:0x00000001
       12905000	      1289	00000000	00000013	addi	x0,x0,0	  x0:0x00000000
       12915000	      1290	80000a54	00000013	addi	x0,x0,0	  x0:0x00000000
       12925000	      1291	80000a58	0392f663	bgeu	x5,x25,80000a84	  x5:0x00000288 x25:0x80009f84
       12935000	      1292	80000a5c	00000013	addi	x0,x0,0	  x0:0x00000000
       12945000	      1293	80000a60	005477b3	and	x15,x8,x5	  x8:0xdc6dc978  x5:0x00000288 x15=0x00000008
       12955000	      1294	80000a64	0023bc33	sltu	x24,x7,x2	  x7:0x00000000  x2:0x00000000 x24=0x00000000
       12965000	      1295	80000a68	010b1e93	slli	x29,x22,0x10	 x22:0x00002a1c x29=0x2a1c0000
       12975000	      1296	80000a6c	0043de33	srl	x28,x7,x4	  x7:0x00000000  x4:0x00000000 x28=0x00000000
       12985000	      1297	80000a70	413bdb93	srai	x23,x23,0x13	 x23:0x59a81000 x23=0x00000b35
       12995000	      1298	80000a74	028a8c63	beq	x21,x8,80000aac	 x21:0x00000000  x8:0xdc6dc978
       13005000	      1299	80000a78	42a4a093	slti	x1,x9,1066	  x9:0x00000000  x1=0x00000001
       13015000	      1300	80000a7c	00b9d633	srl	x12,x19,x11	 x19:0x00000001 x11:0x5ea8c7c0 x12=0x00000001
       13025000	      1301	80000a80	001473b3	and	x7,x8,x1	  x8:0xdc6dc978  x1:0x00000001  x7=0x00000000
       13035000	      1302	80000a84	00919c63	bne	x3,x9,80000a9c	  x3:0x00002a1c  x9:0x00000000
       13045000	      1303	00000000	00000013	addi	x0,x0,0	  x0:0x00000000
       13055000	      1304	80000a98	00000013	addi	x0,x0,0	  x0:0x00000000
       13065000	      1305	80000a9c	a164fa13	andi	x20,x9,-1514	  x9:0x00000000 x20=0x00000000
       13075000	      1306	80000aa0	053bf663	bgeu	x23,x19,80000aec	 x23:0x00000b35 x19:0x00000001
       13085000	      1307	00000000	00000013	addi	x0,x0,0	  x0:0x00000000
       13095000	      1308	80000ae8	00000013	addi	x0,x0,0	  x0:0x00000000
       13105000	      1309	80000aec	09a0c063	blt	x1,x26,80000b6c	  x1:0x00000001 x26:0x000006e1
       13115000	      1310	00000000	00000013	addi	x0,x0,0	  x0:0x00000000
       13125000	      1311	80000b68	00000013	addi	x0,x0,0	  x0:0x00000000
       13135000	      1312	80000b6c	3a5a2613	slti	x12,x20,933	 x20:0x00000000 x12=0x00000001
       13145000	      1313	80000b70	31954e13	xori	x28,x10,793	 x10:0x00000000 x28=0x00000319
       13155000	      1314	80000b74	01b06863	bltu	x0,x27,80000b84	  x0:0x00000000 x27:0x47340b98
       13165000	      1315	00000000	00000013	addi	x0,x0,0	  x0:0x00000000
       13175000	      1316	80000b80	00000013	addi	x0,x0,0	  x0:0x00000000
       13185000	      1317	80000b84	a53c4a93	xori	x21,x24,-1453	 x24:0x00000000 x21=0xfffffa53
       13195000	      1318	80000b88	41ca57b3	sra	x15,x20,x28	 x20:0x00000000 x28:0x00000319 x15=0x00000000
       13205000	      1319	80000b8c	40c95bb3	sra	x23,x18,x12	 x18:0x00000000 x12:0x00000001 x23=0x00000000
       13215000	      1320	80000b90	8f5b7893	andi	x17,x22,-1803	 x22:0x00002a1c x17=0x00002814
       13225000	      1321	80000b94	ea4b1897	auipc	x17,0xea4b1	 x17=0x6a4b1b90
       13235000	      1322	80000b98	0027e833	or	x16,x15,x2	 x15:0x00000000  x2:0x00000000 x16=0x00000000
       13245000	      1323	80000b9c	05076463	bltu	x14,x16,80000be4	 x14:0x00000001 x16:0x00000000
       13255000	      1324	80000ba0	00341eb3	sll	x29,x8,x3	  x8:0xdc6dc978  x3:0x00002a1c x29=0x80000000
       13265000	      1325	80000ba4	01a0d463	bge	x1,x26,80000bac	  x1:0x00000001 x26:0x000006e1
       13275000	      1326	80000ba8	d9292813	slti	x16,x18,-622	 x18:0x00000000 x16=0x00000000
       13285000	      1327	80000bac	02854663	blt	x10,x8,80000bd8	 x10:0x00000000  x8:0xdc6dc978
       13295000	      1328	80000bb0	cb6be493	ori	x9,x23,-842	 x23:0x00000000  x9=0xfffffcb6
       13305000	      1329	80000bb4	01c0f6b3	and	x13,x1,x28	  x1:0x00000001 x28:0x00000319 x13=0x00000001
       13315000	      1330	80000bb8	017eb033	sltu	x0,x29,x23	 x29:0x80000000 x23:0x00000000
       13325000	      1331	80000bbc	40e3d693	srai	x13,x7,0xe	  x7:0x00000000 x13=0x00000000
       13335000	      1332	80000bc0	018679b3	and	x19,x12,x24	 x12:0x00000001 x24:0x00000000 x19=0x00000000
       13345000	      1333	80000bc4	0380fa63	bgeu	x1,x24,80000bf8	  x1:0x00000001 x24:0x00000000
       13355000	      1334	00000000	00000013	addi	x0,x0,0	  x0:0x00000000
       13365000	      1335	80000bf4	00000013	addi	x0,x0,0	  x0:0x00000000
       13375000	      1336	80000bf8	415584b3	sub	x9,x11,x21	 x11:0x5ea8c7c0 x21:0xfffffa53  x9=0x5ea8cd6d
       13385000	      1337	80000bfc	00ca0a33	add	x20,x20,x12	 x20:0x00000000 x12:0x00000001 x20=0x00000001
       13395000	      1338	80000c00	a467a5b7	lui	x11,0xa467a	 x11=0xa467a000
       13405000	      1339	80000c04	640cf913	andi	x18,x25,1600	 x25:0x80009f84 x18=0x00000600
       13415000	      1340	80000c08	018c5813	srli	x16,x24,0x18	 x24:0x00000000 x16=0x00000000
       13425000	      1341	80000c0c	018179b3	and	x19,x2,x24	  x2:0x00000000 x24:0x00000000 x19=0x00000000
       13435000	      1342	80000c10	fbdd0b13	addi	x22,x26,-67	 x26:0x000006e1 x22=0x0000069e
       13445000	      1343	80000c14	c8fe0293	addi	x5,x28,-881	 x28:0x00000319  x5=0xffffffa8
       13455000	      1344	80000c18	410edab3	sra	x21,x29,x16	 x29:0x80000000 x16:0x00000000 x21=0x80000000
       13465000	      1345	80000c1c	03aeec63	bltu	x29,x26,80000c54	 x29:0x80000000 x26:0x000006e1
       13475000	      1346	80000c20	2803e713	ori	x14,x7,640	  x7:0x00000000 x14=0x00000280
       13485000	      1347	80000c24	00a41b13	slli	x22,x8,0xa	  x8:0xdc6dc978 x22=0xb725e000
       13495000	      1348	80000c28	00200d33	add	x26,x0,x2	  x0:0x00000000  x2:0x00000000 x26=0x00000000
       13505000	      1349	80000c2c	e7177a17	auipc	x20,0xe7177	 x20=0x67177c28
       13515000	      1350	80000c30	5a34b213	sltiu	x4,x9,1443	  x9:0x5ea8cd6d  x4=0x00000000
       13525000	      1351	80000c34	017b0233	add	x4,x22,x23	 x22:0xb725e000 x23:0x00000000  x4=0xb725e000
       13535000	      1352	80000c38	019050b3	srl	x1,x0,x25	  x0:0x00000000 x25:0x80009f84  x1=0x00000000
       13545000	      1353	80000c3c	00000013	addi	x0,x0,0	  x0:0x00000000
       13555000	      1354	80000c40	43f38093	addi	x1,x7,1087	  x7:0x00000000  x1=0x0000043f
       13565000	      1355	80000c44	2f68f093	andi	x1,x17,758	 x17:0x6a4b1b90  x1=0x00000290
       13575000	      1356	80000c48	010da2b3	slt	x5,x27,x16	 x27:0x47340b98 x16:0x00000000  x5=0x00000000
       13585000	      1357	80000c4c	044e7663	bgeu	x28,x4,80000c98	 x28:0x00000319  x4:0xb725e000
       13595000	      1358	80000c50	002b0463	beq	x22,x2,80000c58	 x22:0xb725e000  x2:0x00000000
       13605000	      1359	80000c54	410f5413	srai	x8,x30,0x10	 x30:0x80009fc4  x8=0xffff8000
       13615000	      1360	80000c58	04b98063	beq	x19,x11,80000c98	 x19:0x00000000 x11:0xa467a000
       13625000	      1361	80000c5c	cfe60193	addi	x3,x12,-770	 x12:0x00000001  x3=0xfffffcff
       13635000	      1362	80000c60	0041a533	slt	x10,x3,x4	  x3:0xfffffcff  x4:0xb725e000 x10=0x00000000
       13645000	      1363	80000c64	83097093	andi	x1,x18,-2000	 x18:0x00000600  x1=0x00000000
       13655000	      1364	80000c68	01f18633	add	x12,x3,x31	  x3:0xfffffcff x31:0xf7f4676c x12=0xf7f4646b
       13665000	      1365	80000c6c	00000013	addi	x0,x0,0	  x0:0x00000000
       13675000	      1366	80000c70	0102f6b3	and	x13,x5,x16	  x5:0x00000000 x16:0x00000000 x13=0x00000000
       13685000	      1367	80000c74	00e26033	or	x0,x4,x14	  x4:0xb725e000 x14:0x00000280
       13695000	      1368	80000c78	01113633	sltu	x12,x2,x17	  x2:0x00000000 x17:0x6a4b1b90 x12=0x00000001
       13705000	      1369	80000c7c	e9296113	ori	x2,x18,-366	 x18:0x00000600  x2=0xfffffe92
       13715000	      1370	80000c80	998c6eb7	lui	x29,0x998c6	 x29=0x998c6000
       13725000	      1371	80000c84	01577863	bgeu	x14,x21,80000c94	 x14:0x00000280 x21:0x80000000
       13735000	      1372	80000c88	009904b3	add	x9,x18,x9	 x18:0x00000600  x9:0x5ea8cd6d  x9=0x5ea8d36d
       13745000	      1373	80000c8c	00b26993	ori	x19,x4,11	  x4:0xb725e000 x19=0xb725e00b
       13755000	      1374	80000c90	01be25b3	slt	x11,x28,x27	 x28:0x00000319 x27:0x47340b98 x11=0x00000001
       13765000	      1375	80000c94	04e5d063	bge	x11,x14,80000cd4	 x11:0x00000001 x14:0x00000280
       13775000	      1376	80000c98	00d29663	bne	x5,x13,80000ca4	  x5:0x00000000 x13:0x00000000
       13785000	      1377	80000c9c	01bbdc63	bge	x23,x27,80000cb4	 x23:0x00000000 x27:0x47340b98
       13795000	      1378	80000ca0	41ae82b3	sub	x5,x29,x26	 x29:0x998c6000 x26:0x00000000  x5=0x998c6000
       13805000	      1379	80000ca4	009c2db3	slt	x27,x24,x9	 x24:0x00000000  x9:0x5ea8d36d x27=0x00000001
       13815000	      1380	80000ca8	01826033	or	x0,x4,x24	  x4:0xb725e000 x24:0x00000000
       13825000	      1381	80000cac	53313793	sltiu	x15,x2,1331	  x2:0xfffffe92 x15=0x00000000
       13835000	      1382	80000cb0	70a1c093	xori	x1,x3,1802	  x3:0xfffffcff  x1=0xfffffbf5
       13845000	      1383	80000cb4	804fba37	lui	x20,0x804fb	 x20=0x804fb000
       13855000	      1384	80000cb8	01ee9a13	slli	x20,x29,0x1e	 x29:0x998c6000 x20=0x00000000
       13865000	      1385	80000cbc	00b59d33	sll	x26,x11,x11	 x11:0x00000001 x11:0x00000001 x26=0x00000002
       13875000	      1386	80000cc0	009106b3	add	x13,x2,x9	  x2:0xfffffe92  x9:0x5ea8d36d x13=0x5ea8d1ff
       13885000	      1387	80000cc4	004a12b3	sll	x5,x20,x4	 x20:0x00000000  x4:0xb725e000  x5=0x00000000
       13895000	      1388	80000cc8	013a4e63	blt	x20,x19,80000ce4	 x20:0x00000000 x19:0xb725e00b
       13905000	      1389	80000ccc	0075d133	srl	x2,x11,x7	 x11:0x00000001  x7:0x00000000  x2=0x00000001
       13915000	      1390	80000cd0	08fdbe93	sltiu	x29,x27,143	 x27:0x00000001 x29=0x00000001
       13925000	      1391	80000cd4	00dc6bb3	or	x23,x24,x13	 x24:0x00000000 x13:0x5ea8d1ff x23=0x5ea8d1ff
       13935000	      1392	80000cd8	77d0ae13	slti	x28,x1,1917	  x1:0xfffffbf5 x28=0x00000001
       13945000	      1393	80000cdc	001fe933	or	x18,x31,x1	 x31:0xf7f4676c  x1:0xfffffbf5 x18=0xfffffffd
       13955000	      1394	80000ce0	00f28e63	beq	x5,x15,80000cfc	  x5:0x00000000 x15:0x00000000
       13965000	      1395	00000000	00000013	addi	x0,x0,0	  x0:0x00000000
       13975000	      1396	80000cf8	00000013	addi	x0,x0,0	  x0:0x00000000
       13985000	      1397	80000cfc	653828b7	lui	x17,0x65382	 x17=0x65382000
       13995000	      1398	80000d00	40445a13	srai	x20,x8,0x4	  x8:0xffff8000 x20=0xfffff800
       14005000	      1399	80000d04	400c0833	sub	x16,x24,x0	 x24:0x00000000  x0:0x00000000 x16=0x00000000
       14015000	      1400	80000d08	2a487393	andi	x7,x16,676	 x16:0x00000000  x7=0x00000000
       14025000	      1401	80000d0c	5be83293	sltiu	x5,x16,1470	 x16:0x00000000  x5=0x00000001
       14035000	      1402	80000d10	045bd063	bge	x23,x5,80000d50	 x23:0x5ea8d1ff  x5:0x00000001
       14045000	      1403	00000000	00000013	addi	x0,x0,0	  x0:0x00000000
       14055000	      1404	80000d4c	00000013	addi	x0,x0,0	  x0:0x00000000
       14065000	      1405	80000d50	00140433	add	x8,x8,x1	  x8:0xffff8000  x1:0xfffffbf5  x8=0xffff7bf5
       14075000	      1406	80000d54	00cb9933	sll	x18,x23,x12	 x23:0x5ea8d1ff x12:0x00000001 x18=0xbd51a3fe
       14085000	      1407	80000d58	06e95663	bge	x18,x14,80000dc4	 x18:0xbd51a3fe x14:0x00000280
       14095000	      1408	80000d5c	af684b13	xori	x22,x16,-1290	 x16:0x00000000 x22=0xfffffaf6
       14105000	      1409	80000d60	00200813	addi	x16,x0,2	  x0:0x00000000 x16=0x00000002
       14115000	      1410	80000d64	00800793	addi	x15,x0,8	  x0:0x00000000 x15=0x00000008
       14125000	      1411	80000d68	002e5993	srli	x19,x28,0x2	 x28:0x00000001 x19=0x00000000
       14135000	      1412	80000d6c	5972b9b7	lui	x19,0x5972b	 x19=0x5972b000
       14145000	      1413	80000d70	00abc433	xor	x8,x23,x10	 x23:0x5ea8d1ff x10:0x00000000  x8=0x5ea8d1ff
       14155000	      1414	80000d74	00180813	addi	x16,x16,1	 x16:0x00000002 x16=0x00000003
       14165000	      1415	80000d78	00200893	addi	x17,x0,2	  x0:0x00000000 x17=0x00000002
       14175000	      1416	80000d7c	ffe00613	addi	x12,x0,-2	  x0:0x00000000 x12=0xfffffffe
       14185000	      1417	80000d80	413d81b3	sub	x3,x27,x19	 x27:0x00000001 x19:0x5972b000  x3=0xa68d5001
       14195000	      1418	80000d84	00d569b3	or	x19,x10,x13	 x10:0x00000000 x13:0x5ea8d1ff x19=0x5ea8d1ff
       14205000	      1419	80000d88	ffc88893	addi	x17,x17,-4	 x17:0x00000002 x17=0xfffffffe
       14215000	      1420	80000d8c	fec89ae3	bne	x17,x12,80000d80	 x17:0xfffffffe x12:0xfffffffe
       14225000	      1421	80000d90	fcf84ee3	blt	x16,x15,80000d6c	 x16:0x00000003 x15:0x00000008
       14235000	      1422	00000000	00000013	addi	x0,x0,0	  x0:0x00000000
       14245000	      1423	80000d68	00000013	addi	x0,x0,0	  x0:0x00000000
       14255000	      1424	80000d6c	5972b9b7	lui	x19,0x5972b	 x19=0x5972b000
       14265000	      1425	80000d70	00abc433	xor	x8,x23,x10	 x23:0x5ea8d1ff x10:0x00000000  x8=0x5ea8d1ff
       14275000	      1426	80000d74	00180813	addi	x16,x16,1	 x16:0x00000003 x16=0x00000004
       14285000	      1427	80000d78	00200893	addi	x17,x0,2	  x0:0x00000000 x17=0x00000002
       14295000	      1428	80000d7c	ffe00613	addi	x12,x0,-2	  x0:0x00000000 x12=0xfffffffe
       14305000	      1429	80000d80	413d81b3	sub	x3,x27,x19	 x27:0x00000001 x19:0x5972b000  x3=0xa68d5001
       14315000	      1430	80000d84	00d569b3	or	x19,x10,x13	 x10:0x00000000 x13:0x5ea8d1ff x19=0x5ea8d1ff
       14325000	      1431	80000d88	ffc88893	addi	x17,x17,-4	 x17:0x00000002 x17=0xfffffffe
       14335000	      1432	80000d8c	fec89ae3	bne	x17,x12,80000d80	 x17:0xfffffffe x12:0xfffffffe
       14345000	      1433	80000d90	fcf84ee3	blt	x16,x15,80000d6c	 x16:0x00000004 x15:0x00000008
       14355000	      1434	00000000	00000013	addi	x0,x0,0	  x0:0x00000000
       14365000	      1435	80000d68	00000013	addi	x0,x0,0	  x0:0x00000000
       14375000	      1436	80000d6c	5972b9b7	lui	x19,0x5972b	 x19=0x5972b000
       14385000	      1437	80000d70	00abc433	xor	x8,x23,x10	 x23:0x5ea8d1ff x10:0x00000000  x8=0x5ea8d1ff
       14395000	      1438	80000d74	00180813	addi	x16,x16,1	 x16:0x00000004 x16=0x00000005
       14405000	      1439	80000d78	00200893	addi	x17,x0,2	  x0:0x00000000 x17=0x00000002
       14415000	      1440	80000d7c	ffe00613	addi	x12,x0,-2	  x0:0x00000000 x12=0xfffffffe
       14425000	      1441	80000d80	413d81b3	sub	x3,x27,x19	 x27:0x00000001 x19:0x5972b000  x3=0xa68d5001
       14435000	      1442	80000d84	00d569b3	or	x19,x10,x13	 x10:0x00000000 x13:0x5ea8d1ff x19=0x5ea8d1ff
       14445000	      1443	80000d88	ffc88893	addi	x17,x17,-4	 x17:0x00000002 x17=0xfffffffe
       14455000	      1444	80000d8c	fec89ae3	bne	x17,x12,80000d80	 x17:0xfffffffe x12:0xfffffffe
       14465000	      1445	80000d90	fcf84ee3	blt	x16,x15,80000d6c	 x16:0x00000005 x15:0x00000008
       14475000	      1446	00000000	00000013	addi	x0,x0,0	  x0:0x00000000
       14485000	      1447	80000d68	00000013	addi	x0,x0,0	  x0:0x00000000
       14495000	      1448	80000d6c	5972b9b7	lui	x19,0x5972b	 x19=0x5972b000
       14505000	      1449	80000d70	00abc433	xor	x8,x23,x10	 x23:0x5ea8d1ff x10:0x00000000  x8=0x5ea8d1ff
       14515000	      1450	80000d74	00180813	addi	x16,x16,1	 x16:0x00000005 x16=0x00000006
       14525000	      1451	80000d78	00200893	addi	x17,x0,2	  x0:0x00000000 x17=0x00000002
       14535000	      1452	80000d7c	ffe00613	addi	x12,x0,-2	  x0:0x00000000 x12=0xfffffffe
       14545000	      1453	80000d80	413d81b3	sub	x3,x27,x19	 x27:0x00000001 x19:0x5972b000  x3=0xa68d5001
       14555000	      1454	80000d84	00d569b3	or	x19,x10,x13	 x10:0x00000000 x13:0x5ea8d1ff x19=0x5ea8d1ff
       14565000	      1455	80000d88	ffc88893	addi	x17,x17,-4	 x17:0x00000002 x17=0xfffffffe
       14575000	      1456	80000d8c	fec89ae3	bne	x17,x12,80000d80	 x17:0xfffffffe x12:0xfffffffe
       14585000	      1457	80000d90	fcf84ee3	blt	x16,x15,80000d6c	 x16:0x00000006 x15:0x00000008
       14595000	      1458	00000000	00000013	addi	x0,x0,0	  x0:0x00000000
       14605000	      1459	80000d68	00000013	addi	x0,x0,0	  x0:0x00000000
       14615000	      1460	80000d6c	5972b9b7	lui	x19,0x5972b	 x19=0x5972b000
       14625000	      1461	80000d70	00abc433	xor	x8,x23,x10	 x23:0x5ea8d1ff x10:0x00000000  x8=0x5ea8d1ff
       14635000	      1462	80000d74	00180813	addi	x16,x16,1	 x16:0x00000006 x16=0x00000007
       14645000	      1463	80000d78	00200893	addi	x17,x0,2	  x0:0x00000000 x17=0x00000002
       14655000	      1464	80000d7c	ffe00613	addi	x12,x0,-2	  x0:0x00000000 x12=0xfffffffe
       14665000	      1465	80000d80	413d81b3	sub	x3,x27,x19	 x27:0x00000001 x19:0x5972b000  x3=0xa68d5001
       14675000	      1466	80000d84	00d569b3	or	x19,x10,x13	 x10:0x00000000 x13:0x5ea8d1ff x19=0x5ea8d1ff
       14685000	      1467	80000d88	ffc88893	addi	x17,x17,-4	 x17:0x00000002 x17=0xfffffffe
       14695000	      1468	80000d8c	fec89ae3	bne	x17,x12,80000d80	 x17:0xfffffffe x12:0xfffffffe
       14705000	      1469	80000d90	fcf84ee3	blt	x16,x15,80000d6c	 x16:0x00000007 x15:0x00000008
       14715000	      1470	00000000	00000013	addi	x0,x0,0	  x0:0x00000000
       14725000	      1471	80000d68	00000013	addi	x0,x0,0	  x0:0x00000000
       14735000	      1472	80000d6c	5972b9b7	lui	x19,0x5972b	 x19=0x5972b000
       14745000	      1473	80000d70	00abc433	xor	x8,x23,x10	 x23:0x5ea8d1ff x10:0x00000000  x8=0x5ea8d1ff
       14755000	      1474	80000d74	00180813	addi	x16,x16,1	 x16:0x00000007 x16=0x00000008
       14765000	      1475	80000d78	00200893	addi	x17,x0,2	  x0:0x00000000 x17=0x00000002
       14775000	      1476	80000d7c	ffe00613	addi	x12,x0,-2	  x0:0x00000000 x12=0xfffffffe
       14785000	      1477	80000d80	413d81b3	sub	x3,x27,x19	 x27:0x00000001 x19:0x5972b000  x3=0xa68d5001
       14795000	      1478	80000d84	00d569b3	or	x19,x10,x13	 x10:0x00000000 x13:0x5ea8d1ff x19=0x5ea8d1ff
       14805000	      1479	80000d88	ffc88893	addi	x17,x17,-4	 x17:0x00000002 x17=0xfffffffe
       14815000	      1480	80000d8c	fec89ae3	bne	x17,x12,80000d80	 x17:0xfffffffe x12:0xfffffffe
       14825000	      1481	80000d90	fcf84ee3	blt	x16,x15,80000d6c	 x16:0x00000008 x15:0x00000008
       14835000	      1482	80000d94	b6e06a13	ori	x20,x0,-1170	  x0:0x00000000 x20=0xfffffb6e
       14845000	      1483	80000d98	41c50733	sub	x14,x10,x28	 x10:0x00000000 x28:0x00000001 x14=0xffffffff
       14855000	      1484	80000d9c	41f7db13	srai	x22,x15,0x1f	 x15:0x00000008 x22=0x00000000
       14865000	      1485	80000da0	7cd20d13	addi	x26,x4,1997	  x4:0xb725e000 x26=0xb725e7cd
       14875000	      1486	80000da4	00d9a3b3	slt	x7,x19,x13	 x19:0x5ea8d1ff x13:0x5ea8d1ff  x7=0x00000000
       14885000	      1487	80000da8	01c59933	sll	x18,x11,x28	 x11:0x00000001 x28:0x00000001 x18=0x00000002
       14895000	      1488	80000dac	00f21613	slli	x12,x4,0xf	  x4:0xb725e000 x12=0xf0000000
       14905000	      1489	80000db0	03f81463	bne	x16,x31,80000dd8	 x16:0x00000008 x31:0xf7f4676c
       14915000	      1490	00000000	00000013	addi	x0,x0,0	  x0:0x00000000
       14925000	      1491	80000dd4	00000013	addi	x0,x0,0	  x0:0x00000000
       14935000	      1492	80000dd8	00dc30b3	sltu	x1,x24,x13	 x24:0x00000000 x13:0x5ea8d1ff  x1=0x00000001
       14945000	      1493	80000ddc	c4044c13	xori	x24,x8,-960	  x8:0x5ea8d1ff x24=0xa1572dbf
       14955000	      1494	80000de0	83088593	addi	x11,x17,-2000	 x17:0xfffffffe x11=0xfffff82e
       14965000	      1495	80000de4	01ff2033	slt	x0,x30,x31	 x30:0x80009fc4 x31:0xf7f4676c
       14975000	      1496	80000de8	05490463	beq	x18,x20,80000e30	 x18:0x00000002 x20:0xfffffb6e
       14985000	      1497	80000dec	005a19b3	sll	x19,x20,x5	 x20:0xfffffb6e  x5:0x00000001 x19=0xfffff6dc
       14995000	      1498	80000df0	8ea40393	addi	x7,x8,-1814	  x8:0x5ea8d1ff  x7=0x5ea8cae9
       15005000	      1499	80000df4	0088f8b3	and	x17,x17,x8	 x17:0xfffffffe  x8:0x5ea8d1ff x17=0x5ea8d1fe
       15015000	      1500	80000df8	00a45933	srl	x18,x8,x10	  x8:0x5ea8d1ff x10:0x00000000 x18=0x5ea8d1ff
       15025000	      1501	80000dfc	025a0663	beq	x20,x5,80000e28	 x20:0xfffffb6e  x5:0x00000001
       15035000	      1502	80000e00	01bc48b3	xor	x17,x24,x27	 x24:0xa1572dbf x27:0x00000001 x17=0xa1572dbe
       15045000	      1503	80000e04	bb66a213	slti	x4,x13,-1098	 x13:0x5ea8d1ff  x4=0x00000000
       15055000	      1504	80000e08	40797e93	andi	x29,x18,1031	 x18:0x5ea8d1ff x29=0x00000007
       15065000	      1505	80000e0c	01be5a93	srli	x21,x28,0x1b	 x28:0x00000001 x21=0x00000000
       15075000	      1506	80000e10	113fa693	slti	x13,x31,275	 x31:0xf7f4676c x13=0x00000001
       15085000	      1507	80000e14	00000013	addi	x0,x0,0	  x0:0x00000000
       15095000	      1508	80000e18	dba93593	sltiu	x11,x18,-582	 x18:0x5ea8d1ff x11=0x00000001
       15105000	      1509	80000e1c	0495e663	bltu	x11,x9,80000e68	 x11:0x00000001  x9:0x5ea8d36d
       15115000	      1510	00000000	00000013	addi	x0,x0,0	  x0:0x00000000
       15125000	      1511	80000e64	00000013	addi	x0,x0,0	  x0:0x00000000
       15135000	      1512	80000e68	b4b32d93	slti	x27,x6,-1205	  x6:0x00000000 x27=0x00000000
       15145000	      1513	80000e6c	5b747e93	andi	x29,x8,1463	  x8:0x5ea8d1ff x29=0x000001b7
       15155000	      1514	80000e70	04609463	bne	x1,x6,80000eb8	  x1:0x00000001  x6:0x00000000
       15165000	      1515	00000000	00000013	addi	x0,x0,0	  x0:0x00000000
       15175000	      1516	80000eb4	00000013	addi	x0,x0,0	  x0:0x00000000
       15185000	      1517	80000eb8	04455463	bge	x10,x4,80000f00	 x10:0x00000000  x4:0x00000000
       15195000	      1518	00000000	00000013	addi	x0,x0,0	  x0:0x00000000
       15205000	      1519	80000efc	00000013	addi	x0,x0,0	  x0:0x00000000
       15215000	      1520	80000f00	010861b3	or	x3,x16,x16	 x16:0x00000008 x16:0x00000008  x3=0x00000008
       15225000	      1521	80000f04	00725e93	srli	x29,x4,0x7	  x4:0x00000000 x29=0x00000000
       15235000	      1522	80000f08	01401863	bne	x0,x20,80000f18	  x0:0x00000000 x20:0xfffffb6e
       15245000	      1523	00000000	00000013	addi	x0,x0,0	  x0:0x00000000
       15255000	      1524	80000f14	00000013	addi	x0,x0,0	  x0:0x00000000
       15265000	      1525	80000f18	75b030b7	lui	x1,0x75b03	  x1=0x75b03000
       15275000	      1526	80000f1c	007c9413	slli	x8,x25,0x7	 x25:0x80009f84  x8=0x004fc200
       15285000	      1527	80000f20	416d5d33	sra	x26,x26,x22	 x26:0xb725e7cd x22:0x00000000 x26=0xb725e7cd
       15295000	      1528	80000f24	2098e593	ori	x11,x17,521	 x17:0xa1572dbe x11=0xa1572fbf
       15305000	      1529	80000f28	00c43433	sltu	x8,x8,x12	  x8:0x004fc200 x12:0xf0000000  x8=0x00000001
       15315000	      1530	80000f2c	ea323c13	sltiu	x24,x4,-349	  x4:0x00000000 x24=0x00000001
       15325000	      1531	80000f30	0346ca63	blt	x13,x20,80000f64	 x13:0x00000001 x20:0xfffffb6e
       15335000	      1532	80000f34	03990463	beq	x18,x25,80000f5c	 x18:0x5ea8d1ff x25:0x80009f84
       15345000	      1533	80000f38	4d606813	ori	x16,x0,1238	  x0:0x00000000 x16=0x000004d6
       15355000	      1534	80000f3c	0194c433	xor	x8,x9,x25	  x9:0x5ea8d36d x25:0x80009f84  x8=0xdea84ce9
       15365000	      1535	80000f40	02dc8a63	beq	x25,x13,80000f74	 x25:0x80009f84 x13:0x00000001
       15375000	      1536	80000f44	01502db3	slt	x27,x0,x21	  x0:0x00000000 x21:0x00000000 x27=0x00000000
       15385000	      1537	80000f48	00d743b3	xor	x7,x14,x13	 x14:0xffffffff x13:0x00000001  x7=0xfffffffe
       15395000	      1538	80000f4c	d1f22917	auipc	x18,0xd1f22	 x18=0x51f22f48
       15405000	      1539	80000f50	00363a33	sltu	x20,x12,x3	 x12:0xf0000000  x3:0x00000008 x20=0x00000000
       15415000	      1540	80000f54	0117d493	srli	x9,x15,0x11	 x15:0x00000008  x9=0x00000000
       15425000	      1541	80000f58	007c4ab3	xor	x21,x24,x7	 x24:0x00000001  x7:0xfffffffe x21=0xffffffff
       15435000	      1542	80000f5c	016d97b3	sll	x15,x27,x22	 x27:0x00000000 x22:0x00000000 x15=0x00000000
       15445000	      1543	80000f60	41b65493	srai	x9,x12,0x1b	 x12:0xf0000000  x9=0xfffffffe
       15455000	      1544	80000f64	01145413	srli	x8,x8,0x11	  x8:0xdea84ce9  x8=0x00006f54
       15465000	      1545	80000f68	05847663	bgeu	x8,x24,80000fb4	  x8:0x00006f54 x24:0x00000001
       15475000	      1546	00000000	00000013	addi	x0,x0,0	  x0:0x00000000
       15485000	      1547	80000fb0	00000013	addi	x0,x0,0	  x0:0x00000000
       15495000	      1548	80000fb4	e7662913	slti	x18,x12,-394	 x12:0xf0000000 x18=0x00000001
       15505000	      1549	80000fb8	4050da13	srai	x20,x1,0x5	  x1:0x75b03000 x20=0x03ad8180
       15515000	      1550	80000fbc	00a79113	slli	x2,x15,0xa	 x15:0x00000000  x2=0x00000000
       15525000	      1551	80000fc0	955a7417	auipc	x8,0x955a7	  x8=0x155a7fbc
       15535000	      1552	80000fc4	ffa00793	addi	x15,x0,-6	  x0:0x00000000 x15=0xfffffffa
       15545000	      1553	80000fc8	005d5213	srli	x4,x26,0x5	 x26:0xb725e7cd  x4=0x05b92f3e
       15555000	      1554	80000fcc	67211017	auipc	x0,0x67211	
       15565000	      1555	80000fd0	00629eb3	sll	x29,x5,x6	  x5:0x00000001  x6:0x00000000 x29=0x00000001
       15575000	      1556	80000fd4	9dd95eb7	lui	x29,0x9dd95	 x29=0x9dd95000
       15585000	      1557	80000fd8	0026d8b3	srl	x17,x13,x2	 x13:0x00000001  x2:0x00000000 x17=0x00000001
       15595000	      1558	80000fdc	01200393	addi	x7,x0,18	  x0:0x00000000  x7=0x00000012
       15605000	      1559	80000fe0	0149ba33	sltu	x20,x19,x20	 x19:0xfffff6dc x20:0x03ad8180 x20=0x00000000
       15615000	      1560	80000fe4	00cf9c13	slli	x24,x31,0xc	 x31:0xf7f4676c x24=0x4676c000
       15625000	      1561	80000fe8	00478793	addi	x15,x15,4	 x15:0xfffffffa x15=0xfffffffe
       15635000	      1562	80000fec	40418533	sub	x10,x3,x4	  x3:0x00000008  x4:0x05b92f3e x10=0xfa46d0ca
       15645000	      1563	80000ff0	019132b3	sltu	x5,x2,x25	  x2:0x00000000 x25:0x80009f84  x5=0x00000001
       15655000	      1564	80000ff4	00d55a13	srli	x20,x10,0xd	 x10:0xfa46d0ca x20=0x0007d236
       15665000	      1565	80000ff8	3ce5a093	slti	x1,x11,974	 x11:0xa1572fbf  x1=0x00000001
       15675000	      1566	80000ffc	006e7433	and	x8,x28,x6	 x28:0x00000001  x6:0x00000000  x8=0x00000000
       15685000	      1567	80001000	01a96c33	or	x24,x18,x26	 x18:0x00000001 x26:0xb725e7cd x24=0xb725e7cd
       15695000	      1568	80001004	c98ec193	xori	x3,x29,-872	 x29:0x9dd95000  x3=0x6226ac98
       15705000	      1569	80001008	9513e317	auipc	x6,0x9513e	  x6=0x1513f004
       15715000	      1570	8000100c	00b825b3	slt	x11,x16,x11	 x16:0x000004d6 x11:0xa1572fbf x11=0x00000000
       15725000	      1571	80001010	70b12313	slti	x6,x2,1803	  x2:0x00000000  x6=0x00000001
       15735000	      1572	80001014	01788193	addi	x3,x17,23	 x17:0x00000001  x3=0x00000018
       15745000	      1573	80001018	4166deb3	sra	x29,x13,x22	 x13:0x00000001 x22:0x00000000 x29=0x00000001
       15755000	      1574	8000101c	00deaab3	slt	x21,x29,x13	 x29:0x00000001 x13:0x00000001 x21=0x00000000
       15765000	      1575	80001020	fc7780e3	beq	x15,x7,80000fe0	 x15:0xfffffffe  x7:0x00000012
       15775000	      1576	80001024	01a49433	sll	x8,x9,x26	  x9:0xfffffffe x26:0xb725e7cd  x8=0xffffc000
       15785000	      1577	80001028	fb4b2793	slti	x15,x22,-76	 x22:0x00000000 x15=0x00000000
       15795000	      1578	8000102c	040ac663	blt	x21,x0,80001078	 x21:0x00000000  x0:0x00000000
       15805000	      1579	80001030	888d3d13	sltiu	x26,x26,-1912	 x26:0xb725e7cd x26=0x00000001
       15815000	      1580	80001034	01ca9393	slli	x7,x21,0x1c	 x21:0x00000000  x7=0x00000000
       15825000	      1581	80001038	02804a63	blt	x0,x8,8000106c	  x0:0x00000000  x8:0xffffc000
       15835000	      1582	8000103c	00000013	addi	x0,x0,0	  x0:0x00000000
       15845000	      1583	80001040	815ab793	sltiu	x15,x21,-2027	 x21:0x00000000 x15=0x00000001
       15855000	      1584	80001044	ab30f713	andi	x14,x1,-1357	  x1:0x00000001 x14=0x00000001
       15865000	      1585	80001048	415c5313	srai	x6,x24,0x15	 x24:0xb725e7cd  x6=0xfffffdb9
       15875000	      1586	8000104c	023cf263	bgeu	x25,x3,80001070	 x25:0x80009f84  x3:0x00000018
       15885000	      1587	00000000	00000013	addi	x0,x0,0	  x0:0x00000000
       15895000	      1588	8000106c	00000013	addi	x0,x0,0	  x0:0x00000000
       15905000	      1589	80001070	9324f713	andi	x14,x9,-1742	  x9:0xfffffffe x14=0xfffff932
       15915000	      1590	80001074	6ea49717	auipc	x14,0x6ea49	 x14=0xeea4a070
       15925000	      1591	80001078	40368a33	sub	x20,x13,x3	 x13:0x00000001  x3:0x00000018 x20=0xffffffe9
       15935000	      1592	8000107c	0125d663	bge	x11,x18,80001088	 x11:0x00000000 x18:0x00000001
       15945000	      1593	80001080	037b7663	bgeu	x22,x23,800010ac	 x22:0x00000000 x23:0x5ea8d1ff
       15955000	      1594	80001084	017f94b3	sll	x9,x31,x23	 x31:0xf7f4676c x23:0x5ea8d1ff  x9=0x00000000
       15965000	      1595	80001088	41165213	srai	x4,x12,0x11	 x12:0xf0000000  x4=0xfffff800
       15975000	      1596	8000108c	01f85db3	srl	x27,x16,x31	 x16:0x000004d6 x31:0xf7f4676c x27=0x00000000
       15985000	      1597	80001090	f36be193	ori	x3,x23,-202	 x23:0x5ea8d1ff  x3=0xffffffff
       15995000	      1598	80001094	003728b3	slt	x17,x14,x3	 x14:0xeea4a070  x3:0xffffffff x17=0x00000001
       16005000	      1599	80001098	016deeb3	or	x29,x27,x22	 x27:0x00000000 x22:0x00000000 x29=0x00000000
       16015000	      1600	8000109c	4427ea13	ori	x20,x15,1090	 x15:0x00000001 x20=0x00000443
       16025000	      1601	800010a0	0324cc63	blt	x9,x18,800010d8	  x9:0x00000000 x18:0x00000001
       16035000	      1602	00000000	00000013	addi	x0,x0,0	  x0:0x00000000
       16045000	      1603	800010d4	00000013	addi	x0,x0,0	  x0:0x00000000
       16055000	      1604	800010d8	4038d6b3	sra	x13,x17,x3	 x17:0x00000001  x3:0xffffffff x13=0x00000000
       16065000	      1605	800010dc	404bd033	sra	x0,x23,x4	 x23:0x5ea8d1ff  x4:0xfffff800
       16075000	      1606	800010e0	7a6e3c13	sltiu	x24,x28,1958	 x28:0x00000001 x24=0x00000001
       16085000	      1607	800010e4	0197da13	srli	x20,x15,0x19	 x15:0x00000001 x20=0x00000000
       16095000	      1608	800010e8	05141663	bne	x8,x17,80001134	  x8:0xffffc000 x17:0x00000001
       16105000	      1609	00000000	00000013	addi	x0,x0,0	  x0:0x00000000
       16115000	      1610	80001130	00000013	addi	x0,x0,0	  x0:0x00000000
       16125000	      1611	80001134	007bd4b3	srl	x9,x23,x7	 x23:0x5ea8d1ff  x7:0x00000000  x9=0x5ea8d1ff
       16135000	      1612	80001138	889e0593	addi	x11,x28,-1911	 x28:0x00000001 x11=0xfffff88a
       16145000	      1613	8000113c	054a5463	bge	x20,x20,80001184	 x20:0x00000000 x20:0x00000000
       16155000	      1614	00000000	00000013	addi	x0,x0,0	  x0:0x00000000
       16165000	      1615	80001180	00000013	addi	x0,x0,0	  x0:0x00000000
       16175000	      1616	80001184	005f9e63	bne	x31,x5,800011a0	 x31:0xf7f4676c  x5:0x00000001
       16185000	      1617	00000000	00000013	addi	x0,x0,0	  x0:0x00000000
       16195000	      1618	8000119c	00000013	addi	x0,x0,0	  x0:0x00000000
       16205000	      1619	800011a0	a796e793	ori	x15,x13,-1415	 x13:0x00000000 x15=0xfffffa79
       16215000	      1620	800011a4	52efb393	sltiu	x7,x31,1326	 x31:0xf7f4676c  x7=0x00000000
       16225000	      1621	800011a8	01b49eb3	sll	x29,x9,x27	  x9:0x5ea8d1ff x27:0x00000000 x29=0x5ea8d1ff
       16235000	      1622	800011ac	f1956293	ori	x5,x10,-231	 x10:0xfa46d0ca  x5=0xffffffdb
       16245000	      1623	800011b0	010a3033	sltu	x0,x20,x16	 x20:0x00000000 x16:0x000004d6
       16255000	      1624	800011b4	01aa13b3	sll	x7,x20,x26	 x20:0x00000000 x26:0x00000001  x7=0x00000000
       16265000	      1625	800011b8	0007d033	srl	x0,x15,x0	 x15:0xfffffa79  x0:0x00000000
       16275000	      1626	800011bc	68de19b7	lui	x19,0x68de1	 x19=0x68de1000
       16285000	      1627	800011c0	00000013	addi	x0,x0,0	  x0:0x00000000
       16295000	      1628	800011c4	01ec9e93	slli	x29,x25,0x1e	 x25:0x80009f84 x29=0x00000000
       16305000	      1629	800011c8	0265d063	bge	x11,x6,800011e8	 x11:0xfffff88a  x6:0xfffffdb9
       16315000	      1630	800011cc	42da8217	auipc	x4,0x42da8	  x4=0xc2da91c8
       16325000	      1631	800011d0	00ec1613	slli	x12,x24,0xe	 x24:0x00000001 x12=0x00004000
       16335000	      1632	800011d4	01286b33	or	x22,x16,x18	 x16:0x000004d6 x18:0x00000001 x22=0x000004d7
       16345000	      1633	800011d8	0065a333	slt	x6,x11,x6	 x11:0xfffff88a  x6:0xfffffdb9  x6=0x00000001
       16355000	      1634	800011dc	01ec3733	sltu	x14,x24,x30	 x24:0x00000001 x30:0x80009fc4 x14=0x00000001
       16365000	      1635	800011e0	002806b3	add	x13,x16,x2	 x16:0x000004d6  x2:0x00000000 x13=0x000004d6
       16375000	      1636	800011e4	288849b7	lui	x19,0x28884	 x19=0x28884000
       16385000	      1637	800011e8	00987333	and	x6,x16,x9	 x16:0x000004d6  x9:0x5ea8d1ff  x6=0x000000d6
       16395000	      1638	800011ec	dbdd78b7	lui	x17,0xdbdd7	 x17=0xdbdd7000
       16405000	      1639	800011f0	016d2b33	slt	x22,x26,x22	 x26:0x00000001 x22:0x000004d7 x22=0x00000001
       16415000	      1640	800011f4	009dd733	srl	x14,x27,x9	 x27:0x00000000  x9:0x5ea8d1ff x14=0x00000000
       16425000	      1641	800011f8	02fc8c63	beq	x25,x15,80001230	 x25:0x80009f84 x15:0xfffffa79
       16435000	      1642	800011fc	008bd3b3	srl	x7,x23,x8	 x23:0x5ea8d1ff  x8:0xffffc000  x7=0x5ea8d1ff
       16445000	      1643	80001200	00000013	addi	x0,x0,0	  x0:0x00000000
       16455000	      1644	80001204	04936663	bltu	x6,x9,80001250	  x6:0x000000d6  x9:0x5ea8d1ff
       16465000	      1645	00000000	00000013	addi	x0,x0,0	  x0:0x00000000
       16475000	      1646	8000124c	00000013	addi	x0,x0,0	  x0:0x00000000
       16485000	      1647	80001250	31fe3613	sltiu	x12,x28,799	 x28:0x00000001 x12=0x00000001
       16495000	      1648	80001254	df58eb17	auipc	x22,0xdf58e	 x22=0x5f58f250
       16505000	      1649	80001258	057b0463	beq	x22,x23,800012a0	 x22:0x5f58f250 x23:0x5ea8d1ff
       16515000	      1650	8000125c	7d22ed93	ori	x27,x5,2002	  x5:0xffffffdb x27=0xffffffdb
       16525000	      1651	80001260	03b99a63	bne	x19,x27,80001294	 x19:0x28884000 x27:0xffffffdb
       16535000	      1652	00000000	00000013	addi	x0,x0,0	  x0:0x00000000
       16545000	      1653	80001290	00000013	addi	x0,x0,0	  x0:0x00000000
       16555000	      1654	80001294	00dde6b3	or	x13,x27,x13	 x27:0xffffffdb x13:0x000004d6 x13=0xffffffdf
       16565000	      1655	80001298	406cd013	srai	x0,x25,0x6	 x25:0x80009f84
       16575000	      1656	8000129c	01b1c2b3	xor	x5,x3,x27	  x3:0xffffffff x27:0xffffffdb  x5=0x00000024
       16585000	      1657	800012a0	6320a213	slti	x4,x1,1586	  x1:0x00000001  x4=0x00000001
       16595000	      1658	800012a4	058e1063	bne	x28,x24,800012e4	 x28:0x00000001 x24:0x00000001
       16605000	      1659	800012a8	0086c3b3	xor	x7,x13,x8	 x13:0xffffffdf  x8:0xffffc000  x7=0x00003fdf
       16615000	      1660	800012ac	66392193	slti	x3,x18,1635	 x18:0x00000001  x3=0x00000001
       16625000	      1661	800012b0	00a001b3	add	x3,x0,x10	  x0:0x00000000 x10:0xfa46d0ca  x3=0xfa46d0ca
       16635000	      1662	800012b4	019d8e63	beq	x27,x25,800012d0	 x27:0xffffffdb x25:0x80009f84
       16645000	      1663	800012b8	000a9b93	slli	x23,x21,0x0	 x21:0x00000000 x23=0x00000000
       16655000	      1664	800012bc	018b4a33	xor	x20,x22,x24	 x22:0x5f58f250 x24:0x00000001 x20=0x5f58f251
       16665000	      1665	800012c0	010f7463	bgeu	x30,x16,800012c8	 x30:0x80009fc4 x16:0x000004d6
       16675000	      1666	00000000	00000013	addi	x0,x0,0	  x0:0x00000000
       16685000	      1667	800012c4	00000013	addi	x0,x0,0	  x0:0x00000000
       16695000	      1668	800012c8	40c780b3	sub	x1,x15,x12	 x15:0xfffffa79 x12:0x00000001  x1=0xfffffa78
       16705000	      1669	800012cc	01da7933	and	x18,x20,x29	 x20:0x5f58f251 x29:0x00000000 x18=0x00000000
       16715000	      1670	800012d0	1bc8b593	sltiu	x11,x17,444	 x17:0xdbdd7000 x11=0x00000000
       16725000	      1671	800012d4	015b08b3	add	x17,x22,x21	 x22:0x5f58f250 x21:0x00000000 x17=0x5f58f250
       16735000	      1672	800012d8	00a7adb3	slt	x27,x15,x10	 x15:0xfffffa79 x10:0xfa46d0ca x27=0x00000000
       16745000	      1673	800012dc	4137dd13	srai	x26,x15,0x13	 x15:0xfffffa79 x26=0xffffffff
       16755000	      1674	800012e0	15a43513	sltiu	x10,x8,346	  x8:0xffffc000 x10=0x00000000
       16765000	      1675	800012e4	1e894213	xori	x4,x18,488	 x18:0x00000000  x4=0x000001e8
       16775000	      1676	800012e8	00000013	addi	x0,x0,0	  x0:0x00000000
       16785000	      1677	800012ec	1d62a493	slti	x9,x5,470	  x5:0x00000024  x9=0x00000001
       16795000	      1678	800012f0	a9a84593	xori	x11,x16,-1382	 x16:0x000004d6 x11=0xfffffe4c
       16805000	      1679	800012f4	001ed663	bge	x29,x1,80001300	 x29:0x00000000  x1:0xfffffa78
       16815000	      1680	00000000	00000013	addi	x0,x0,0	  x0:0x00000000
       16825000	      1681	800012fc	00000013	addi	x0,x0,0	  x0:0x00000000
       16835000	      1682	80001300	00000013	addi	x0,x0,0	  x0:0x00000000
       16845000	      1683	80001304	ec292613	slti	x12,x18,-318	 x18:0x00000000 x12=0x00000000
       16855000	      1684	80001308	cef13913	sltiu	x18,x2,-785	  x2:0x00000000 x18=0x00000001
       16865000	      1685	8000130c	a6804693	xori	x13,x0,-1432	  x0:0x00000000 x13=0xfffffa68
       16875000	      1686	80001310	00f6a1b3	slt	x3,x13,x15	 x13:0xfffffa68 x15:0xfffffa79  x3=0x00000001
       16885000	      1687	80001314	e9ebd6b7	lui	x13,0xe9ebd	 x13=0xe9ebd000
       16895000	      1688	80001318	0119bb33	sltu	x22,x19,x17	 x19:0x28884000 x17:0x5f58f250 x22=0x00000001
       16905000	      1689	8000131c	40785733	sra	x14,x16,x7	 x16:0x000004d6  x7:0x00003fdf x14=0x00000000
       16915000	      1690	80001320	00a93db3	sltu	x27,x18,x10	 x18:0x00000001 x10:0x00000000 x27=0x00000000
       16925000	      1691	80001324	9577e5b7	lui	x11,0x9577e	 x11=0x9577e000
       16935000	      1692	80001328	4163d8b3	sra	x17,x7,x22	  x7:0x00003fdf x22:0x00000001 x17=0x00001fef
       16945000	      1693	8000132c	0028b5b3	sltu	x11,x17,x2	 x17:0x00001fef  x2:0x00000000 x11=0x00000000
       16955000	      1694	80001330	82d7f413	andi	x8,x15,-2003	 x15:0xfffffa79  x8=0xfffff829
       16965000	      1695	80001334	41375833	sra	x16,x14,x19	 x14:0x00000000 x19:0x28884000 x16=0x00000000
       16975000	      1696	80001338	40aad913	srai	x18,x21,0xa	 x21:0x00000000 x18=0x00000000
       16985000	      1697	8000133c	0013bd33	sltu	x26,x7,x1	  x7:0x00003fdf  x1:0xfffffa78 x26=0x00000001
       16995000	      1698	80001340	001c6863	bltu	x24,x1,80001350	 x24:0x00000001  x1:0xfffffa78
       17005000	      1699	00000000	00000013	addi	x0,x0,0	  x0:0x00000000
       17015000	      1700	8000134c	00000013	addi	x0,x0,0	  x0:0x00000000
       17025000	      1701	80001350	003890b3	sll	x1,x17,x3	 x17:0x00001fef  x3:0x00000001  x1=0x00003fde
       17035000	      1702	80001354	00b1ba33	sltu	x20,x3,x11	  x3:0x00000001 x11:0x00000000 x20=0x00000000
       17045000	      1703	80001358	00005893	srli	x17,x0,0x0	  x0:0x00000000 x17=0x00000000
       17055000	      1704	8000135c	0040e633	or	x12,x1,x4	  x1:0x00003fde  x4:0x000001e8 x12=0x00003ffe
       17065000	      1705	80001360	40ee01b3	sub	x3,x28,x14	 x28:0x00000001 x14:0x00000000  x3=0x00000001
       17075000	      1706	80001364	01303bb3	sltu	x23,x0,x19	  x0:0x00000000 x19:0x28884000 x23=0x00000001
       17085000	      1707	80001368	00f43133	sltu	x2,x8,x15	  x8:0xfffff829 x15:0xfffffa79  x2=0x00000001
       17095000	      1708	8000136c	00638eb3	add	x29,x7,x6	  x7:0x00003fdf  x6:0x000000d6 x29=0x000040b5
       17105000	      1709	80001370	003c5433	srl	x8,x24,x3	 x24:0x00000001  x3:0x00000001  x8=0x00000000
       17115000	      1710	80001374	00261493	slli	x9,x12,0x2	 x12:0x00003ffe  x9=0x0000fff8
       17125000	      1711	80001378	4fc37e37	lui	x28,0x4fc37	 x28=0x4fc37000
       17135000	      1712	8000137c	005b3833	sltu	x16,x22,x5	 x22:0x00000001  x5:0x00000024 x16=0x00000001
       17145000	      1713	80001380	2bbd6113	ori	x2,x26,699	 x26:0x00000001  x2=0x000002bb
       17155000	      1714	80001384	02b48a63	beq	x9,x11,800013b8	  x9:0x0000fff8 x11:0x00000000
       17165000	      1715	80001388	00044663	blt	x8,x0,80001394	  x8:0x00000000  x0:0x00000000
       17175000	      1716	8000138c	011da0b3	slt	x1,x27,x17	 x27:0x00000000 x17:0x00000000  x1=0x00000000
       17185000	      1717	80001390	0455f863	bgeu	x11,x5,800013e0	 x11:0x00000000  x5:0x00000024
       17195000	      1718	80001394	059b4663	blt	x22,x25,800013e0	 x22:0x00000001 x25:0x80009f84
       17205000	      1719	80001398	155f3d13	sltiu	x26,x30,341	 x30:0x80009fc4 x26=0x00000000
       17215000	      1720	8000139c	7c414693	xori	x13,x2,1988	  x2:0x000002bb x13=0x0000057f
       17225000	      1721	800013a0	005c5133	srl	x2,x24,x5	 x24:0x00000001  x5:0x00000024  x2=0x00000000
       17235000	      1722	800013a4	01517733	and	x14,x2,x21	  x2:0x00000000 x21:0x00000000 x14=0x00000000
       17245000	      1723	800013a8	0242ea63	bltu	x5,x4,800013dc	  x5:0x00000024  x4:0x000001e8
       17255000	      1724	00000000	00000013	addi	x0,x0,0	  x0:0x00000000
       17265000	      1725	800013d8	00000013	addi	x0,x0,0	  x0:0x00000000
       17275000	      1726	800013dc	01b6b433	sltu	x8,x13,x27	 x13:0x0000057f x27:0x00000000  x8=0x00000000
       17285000	      1727	800013e0	00e912b3	sll	x5,x18,x14	 x18:0x00000000 x14:0x00000000  x5=0x00000000
       17295000	      1728	800013e4	005e29b3	slt	x19,x28,x5	 x28:0x4fc37000  x5:0x00000000 x19=0x00000000
       17305000	      1729	800013e8	013797b3	sll	x15,x15,x19	 x15:0xfffffa79 x19:0x00000000 x15=0xfffffa79
       17315000	      1730	800013ec	6255f913	andi	x18,x11,1573	 x11:0x00000000 x18=0x00000000
       17325000	      1731	800013f0	0107a8b3	slt	x17,x15,x16	 x15:0xfffffa79 x16:0x00000001 x17=0x00000001
       17335000	      1732	800013f4	0154f333	and	x6,x9,x21	  x9:0x0000fff8 x21:0x00000000  x6=0x00000000
       17345000	      1733	800013f8	9084c913	xori	x18,x9,-1784	  x9:0x0000fff8 x18=0xffff06f0
       17355000	      1734	800013fc	004b7463	bgeu	x22,x4,80001404	 x22:0x00000001  x4:0x000001e8
       17365000	      1735	80001400	a0dcb413	sltiu	x8,x25,-1523	 x25:0x80009f84  x8=0x00000001
       17375000	      1736	80001404	03d0d663	bge	x1,x29,80001430	  x1:0x00000000 x29:0x000040b5
       17385000	      1737	80001408	01f3edb3	or	x27,x7,x31	  x7:0x00003fdf x31:0xf7f4676c x27=0xf7f47fff
       17395000	      1738	8000140c	4db57b13	andi	x22,x10,1243	 x10:0x00000000 x22=0x00000000
       17405000	      1739	80001410	00000013	addi	x0,x0,0	  x0:0x00000000
       17415000	      1740	80001414	402254b3	sra	x9,x4,x2	  x4:0x000001e8  x2:0x00000000  x9=0x000001e8
       17425000	      1741	80001418	008e1813	slli	x16,x28,0x8	 x28:0x4fc37000 x16=0xc3700000
       17435000	      1742	8000141c	2d293b13	sltiu	x22,x18,722	 x18:0xffff06f0 x22=0x00000000
       17445000	      1743	80001420	00302933	slt	x18,x0,x3	  x0:0x00000000  x3:0x00000001 x18=0x00000001
       17455000	      1744	80001424	02aac463	blt	x21,x10,8000144c	 x21:0x00000000 x10:0x00000000
       17465000	      1745	80001428	00edadb3	slt	x27,x27,x14	 x27:0xf7f47fff x14:0x00000000 x27=0x00000001
       17475000	      1746	8000142c	bd562b93	slti	x23,x12,-1067	 x12:0x00003ffe x23=0x00000000
       17485000	      1747	80001430	639fbd97	auipc	x27,0x639fb	 x27=0xe39fc42c
       17495000	      1748	80001434	00927663	bgeu	x4,x9,80001440	  x4:0x000001e8  x9:0x000001e8
       17505000	      1749	00000000	00000013	addi	x0,x0,0	  x0:0x00000000
       17515000	      1750	8000143c	00000013	addi	x0,x0,0	  x0:0x00000000
       17525000	      1751	80001440	01c75933	srl	x18,x14,x28	 x14:0x00000000 x28:0x4fc37000 x18=0x00000000
       17535000	      1752	80001444	4198da93	srai	x21,x17,0x19	 x17:0x00000001 x21=0x00000000
       17545000	      1753	80001448	01f44433	xor	x8,x8,x31	  x8:0x00000001 x31:0xf7f4676c  x8=0xf7f4676d
       17555000	      1754	8000144c	00927c33	and	x24,x4,x9	  x4:0x000001e8  x9:0x000001e8 x24=0x000001e8
       17565000	      1755	80001450	01d6cc63	blt	x13,x29,80001468	 x13:0x0000057f x29:0x000040b5
       17575000	      1756	00000000	00000013	addi	x0,x0,0	  x0:0x00000000
       17585000	      1757	80001464	00000013	addi	x0,x0,0	  x0:0x00000000
       17595000	      1758	80001468	03886263	bltu	x16,x24,8000148c	 x16:0xc3700000 x24:0x000001e8
       17605000	      1759	8000146c	a2dd8c13	addi	x24,x27,-1491	 x27:0xe39fc42c x24=0xe39fbe59
       17615000	      1760	80001470	012d1863	bne	x26,x18,80001480	 x26:0x00000000 x18:0x00000000
       17625000	      1761	80001474	033bfc63	bgeu	x23,x19,800014ac	 x23:0x00000000 x19:0x00000000
       17635000	      1762	00000000	00000013	addi	x0,x0,0	  x0:0x00000000
       17645000	      1763	800014a8	00000013	addi	x0,x0,0	  x0:0x00000000
       17655000	      1764	800014ac	66f76193	ori	x3,x14,1647	 x14:0x00000000  x3=0x0000066f
       17665000	      1765	800014b0	0164e6b3	or	x13,x9,x22	  x9:0x000001e8 x22:0x00000000 x13=0x000001e8
       17675000	      1766	800014b4	e7a38a93	addi	x21,x7,-390	  x7:0x00003fdf x21=0x00003e59
       17685000	      1767	800014b8	002e8b33	add	x22,x29,x2	 x29:0x000040b5  x2:0x00000000 x22=0x000040b5
       17695000	      1768	800014bc	4000d493	srai	x9,x1,0x0	  x1:0x00000000  x9=0x00000000
       17705000	      1769	800014c0	01de1293	slli	x5,x28,0x1d	 x28:0x4fc37000  x5=0x00000000
       17715000	      1770	800014c4	40a200b3	sub	x1,x4,x10	  x4:0x000001e8 x10:0x00000000  x1=0x000001e8
       17725000	      1771	800014c8	01d9e463	bltu	x19,x29,800014d0	 x19:0x00000000 x29:0x000040b5
       17735000	      1772	00000000	00000013	addi	x0,x0,0	  x0:0x00000000
       17745000	      1773	800014cc	00000013	addi	x0,x0,0	  x0:0x00000000
       17755000	      1774	800014d0	00995ab3	srl	x21,x18,x9	 x18:0x00000000  x9:0x00000000 x21=0x00000000
       17765000	      1775	800014d4	dd202193	slti	x3,x0,-558	  x0:0x00000000  x3=0x00000000
       17775000	      1776	800014d8	04634463	blt	x6,x6,80001520	  x6:0x00000000  x6:0x00000000
       17785000	      1777	800014dc	003ff733	and	x14,x31,x3	 x31:0xf7f4676c  x3:0x00000000 x14=0x00000000
       17795000	      1778	800014e0	00a4f933	and	x18,x9,x10	  x9:0x00000000 x10:0x00000000 x18=0x00000000
       17805000	      1779	800014e4	05ba6063	bltu	x20,x27,80001524	 x20:0x00000000 x27:0xe39fc42c
       17815000	      1780	00000000	00000013	addi	x0,x0,0	  x0:0x00000000
       17825000	      1781	80001520	00000013	addi	x0,x0,0	  x0:0x00000000
       17835000	      1782	80001524	5325b213	sltiu	x4,x11,1330	 x11:0x00000000  x4=0x00000001
       17845000	      1783	80001528	01c0d613	srli	x12,x1,0x1c	  x1:0x000001e8 x12=0x00000000
       17855000	      1784	8000152c	00df4633	xor	x12,x30,x13	 x30:0x80009fc4 x13:0x000001e8 x12=0x80009e2c
       17865000	      1785	80001530	00d75813	srli	x16,x14,0xd	 x14:0x00000000 x16=0x00000000
       17875000	      1786	80001534	00fddab3	srl	x21,x27,x15	 x27:0xe39fc42c x15:0xfffffa79 x21=0x00000071
       17885000	      1787	80001538	400759b3	sra	x19,x14,x0	 x14:0x00000000  x0:0x00000000 x19=0x00000000
       17895000	      1788	8000153c	3964ad93	slti	x27,x9,918	  x9:0x00000000 x27=0x00000001
       17905000	      1789	80001540	038b5663	bge	x22,x24,8000156c	 x22:0x000040b5 x24:0xe39fbe59
       17915000	      1790	00000000	00000013	addi	x0,x0,0	  x0:0x00000000
       17925000	      1791	80001568	00000013	addi	x0,x0,0	  x0:0x00000000
       17935000	      1792	8000156c	34ff57b7	lui	x15,0x34ff5	 x15=0x34ff5000
       17945000	      1793	80001570	7ab27d93	andi	x27,x4,1963	  x4:0x00000001 x27=0x00000001
       17955000	      1794	80001574	03420063	beq	x4,x20,80001594	  x4:0x00000001 x20:0x00000000
       17965000	      1795	80001578	94b98193	addi	x3,x19,-1717	 x19:0x00000000  x3=0xfffff94b
       17975000	      1796	8000157c	819fe613	ori	x12,x31,-2023	 x31:0xf7f4676c x12=0xffffff7d
       17985000	      1797	80001580	03ddec63	bltu	x27,x29,800015b8	 x27:0x00000001 x29:0x000040b5
       17995000	      1798	00000000	00000013	addi	x0,x0,0	  x0:0x00000000
       18005000	      1799	800015b4	00000013	addi	x0,x0,0	  x0:0x00000000
       18015000	      1800	800015b8	04cd9063	bne	x27,x12,800015f8	 x27:0x00000001 x12:0xffffff7d
       18025000	      1801	00000000	00000013	addi	x0,x0,0	  x0:0x00000000
       18035000	      1802	800015f4	00000013	addi	x0,x0,0	  x0:0x00000000
       18045000	      1803	800015f8	01e55613	srli	x12,x10,0x1e	 x10:0x00000000 x12=0x00000000
       18055000	      1804	800015fc	04d6d663	bge	x13,x13,80001648	 x13:0x000001e8 x13:0x000001e8
       18065000	      1805	00000000	00000013	addi	x0,x0,0	  x0:0x00000000
       18075000	      1806	80001644	00000013	addi	x0,x0,0	  x0:0x00000000
       18085000	      1807	80001648	41ead9b3	sra	x19,x21,x30	 x21:0x00000071 x30:0x80009fc4 x19=0x00000007
       18095000	      1808	8000164c	04837c63	bgeu	x6,x8,800016a4	  x6:0x00000000  x8:0xf7f4676d
       18105000	      1809	80001650	015e0db3	add	x27,x28,x21	 x28:0x4fc37000 x21:0x00000071 x27=0x4fc37071
       18115000	      1810	80001654	00a00a93	addi	x21,x0,10	  x0:0x00000000 x21=0x0000000a
       18125000	      1811	80001658	40b204b3	sub	x9,x4,x11	  x4:0x00000001 x11:0x00000000  x9=0x00000001
       18135000	      1812	8000165c	93a0c717	auipc	x14,0x93a0c	 x14=0x13a0d658
       18145000	      1813	80001660	fde4bb13	sltiu	x22,x9,-34	  x9:0x00000001 x22=0x00000001
       18155000	      1814	80001664	00a00813	addi	x16,x0,10	  x0:0x00000000 x16=0x0000000a
       18165000	      1815	80001668	0104b5b3	sltu	x11,x9,x16	  x9:0x00000001 x16:0x0000000a x11=0x00000001
       18175000	      1816	8000166c	002d84b3	add	x9,x27,x2	 x27:0x4fc37071  x2:0x00000000  x9=0x4fc37071
       18185000	      1817	80001670	ffba8a93	addi	x21,x21,-5	 x21:0x0000000a x21=0x00000005
       18195000	      1818	80001674	5b40ac13	slti	x24,x1,1460	  x1:0x000001e8 x24=0x00000001
       18205000	      1819	80001678	011b0bb3	add	x23,x22,x17	 x22:0x00000001 x17:0x00000001 x23=0x00000002
       18215000	      1820	8000167c	01d420b3	slt	x1,x8,x29	  x8:0xf7f4676d x29:0x000040b5  x1=0x00000001
       18225000	      1821	80001680	00000013	addi	x0,x0,0	  x0:0x00000000
       18235000	      1822	80001684	01165eb3	srl	x29,x12,x17	 x12:0x00000000 x17:0x00000001 x29=0x00000000
       18245000	      1823	80001688	ff0af2e3	bgeu	x21,x16,8000166c	 x21:0x00000005 x16:0x0000000a
       18255000	      1824	8000168c	00ef5033	srl	x0,x30,x14	 x30:0x80009fc4 x14:0x13a0d658
       18265000	      1825	80001690	1348fb37	lui	x22,0x1348f	 x22=0x1348f000
       18275000	      1826	80001694	023b8663	beq	x23,x3,800016c0	 x23:0x00000002  x3:0xfffff94b
       18285000	      1827	80001698	01391463	bne	x18,x19,800016a0	 x18:0x00000000 x19:0x00000007
       18295000	      1828	00000000	00000013	addi	x0,x0,0	  x0:0x00000000
       18305000	      1829	8000169c	00000013	addi	x0,x0,0	  x0:0x00000000
       18315000	      1830	800016a0	00cd6c63	bltu	x26,x12,800016b8	 x26:0x00000000 x12:0x00000000
       18325000	      1831	800016a4	04401863	bne	x0,x4,800016f4	  x0:0x00000000  x4:0x00000001
       18335000	      1832	00000000	00000013	addi	x0,x0,0	  x0:0x00000000
       18345000	      1833	800016f0	00000013	addi	x0,x0,0	  x0:0x00000000
       18355000	      1834	800016f4	011b3a33	sltu	x20,x22,x17	 x22:0x1348f000 x17:0x00000001 x20=0x00000000
       18365000	      1835	800016f8	00400d13	addi	x26,x0,4	  x0:0x00000000 x26=0x00000004
       18375000	      1836	800016fc	00f1b933	sltu	x18,x3,x15	  x3:0xfffff94b x15:0x34ff5000 x18=0x00000000
       18385000	      1837	80001700	00400813	addi	x16,x0,4	  x0:0x00000000 x16=0x00000004
       18395000	      1838	80001704	005622b3	slt	x5,x12,x5	 x12:0x00000000  x5:0x00000000  x5=0x00000000
       18405000	      1839	80001708	00294533	xor	x10,x18,x2	 x18:0x00000000  x2:0x00000000 x10=0x00000000
       18415000	      1840	8000170c	9fc9bb93	sltiu	x23,x19,-1540	 x19:0x00000007 x23=0x00000001
       18425000	      1841	80001710	b3d70b13	addi	x22,x14,-1219	 x14:0x13a0d658 x22=0x13a0d195
       18435000	      1842	80001714	fffd0d13	addi	x26,x26,-1	 x26:0x00000004 x26=0x00000003
       18445000	      1843	80001718	89874693	xori	x13,x14,-1896	 x14:0x13a0d658 x13=0xec5f2ec0
       18455000	      1844	8000171c	00600c13	addi	x24,x0,6	  x0:0x00000000 x24=0x00000006
       18465000	      1845	80001720	fec00113	addi	x2,x0,-20	  x0:0x00000000  x2=0xffffffec
       18475000	      1846	80001724	0153c5b3	xor	x11,x7,x21	  x7:0x00003fdf x21:0x00000005 x11=0x00003fda
       18485000	      1847	80001728	01c997b3	sll	x15,x19,x28	 x19:0x00000007 x28:0x4fc37000 x15=0x00000007
       18495000	      1848	8000172c	00ad0933	add	x18,x26,x10	 x26:0x00000003 x10:0x00000000 x18=0x00000003
       18505000	      1849	80001730	fffc0c13	addi	x24,x24,-1	 x24:0x00000006 x24=0x00000005
       18515000	      1850	80001734	fe2c1ce3	bne	x24,x2,8000172c	 x24:0x00000005  x2:0xffffffec
       18525000	      1851	00000000	00000013	addi	x0,x0,0	  x0:0x00000000
       18535000	      1852	80001728	00000013	addi	x0,x0,0	  x0:0x00000000
       18545000	      1853	8000172c	00ad0933	add	x18,x26,x10	 x26:0x00000003 x10:0x00000000 x18=0x00000003
       18555000	      1854	80001730	fffc0c13	addi	x24,x24,-1	 x24:0x00000005 x24=0x00000004
       18565000	      1855	80001734	fe2c1ce3	bne	x24,x2,8000172c	 x24:0x00000004  x2:0xffffffec
       18575000	      1856	00000000	00000013	addi	x0,x0,0	  x0:0x00000000
       18585000	      1857	80001728	00000013	addi	x0,x0,0	  x0:0x00000000
       18595000	      1858	8000172c	00ad0933	add	x18,x26,x10	 x26:0x00000003 x10:0x00000000 x18=0x00000003
       18605000	      1859	80001730	fffc0c13	addi	x24,x24,-1	 x24:0x00000004 x24=0x00000003
       18615000	      1860	80001734	fe2c1ce3	bne	x24,x2,8000172c	 x24:0x00000003  x2:0xffffffec
       18625000	      1861	00000000	00000013	addi	x0,x0,0	  x0:0x00000000
       18635000	      1862	80001728	00000013	addi	x0,x0,0	  x0:0x00000000
       18645000	      1863	8000172c	00ad0933	add	x18,x26,x10	 x26:0x00000003 x10:0x00000000 x18=0x00000003
       18655000	      1864	80001730	fffc0c13	addi	x24,x24,-1	 x24:0x00000003 x24=0x00000002
       18665000	      1865	80001734	fe2c1ce3	bne	x24,x2,8000172c	 x24:0x00000002  x2:0xffffffec
       18675000	      1866	00000000	00000013	addi	x0,x0,0	  x0:0x00000000
       18685000	      1867	80001728	00000013	addi	x0,x0,0	  x0:0x00000000
       18695000	      1868	8000172c	00ad0933	add	x18,x26,x10	 x26:0x00000003 x10:0x00000000 x18=0x00000003
       18705000	      1869	80001730	fffc0c13	addi	x24,x24,-1	 x24:0x00000002 x24=0x00000001
       18715000	      1870	80001734	fe2c1ce3	bne	x24,x2,8000172c	 x24:0x00000001  x2:0xffffffec
       18725000	      1871	00000000	00000013	addi	x0,x0,0	  x0:0x00000000
       18735000	      1872	80001728	00000013	addi	x0,x0,0	  x0:0x00000000
       18745000	      1873	8000172c	00ad0933	add	x18,x26,x10	 x26:0x00000003 x10:0x00000000 x18=0x00000003
       18755000	      1874	80001730	fffc0c13	addi	x24,x24,-1	 x24:0x00000001 x24=0x00000000
       18765000	      1875	80001734	fe2c1ce3	bne	x24,x2,8000172c	 x24:0x00000000  x2:0xffffffec
       18775000	      1876	00000000	00000013	addi	x0,x0,0	  x0:0x00000000
       18785000	      1877	80001728	00000013	addi	x0,x0,0	  x0:0x00000000
       18795000	      1878	8000172c	00ad0933	add	x18,x26,x10	 x26:0x00000003 x10:0x00000000 x18=0x00000003
       18805000	      1879	80001730	fffc0c13	addi	x24,x24,-1	 x24:0x00000000 x24=0xffffffff
       18815000	      1880	80001734	fe2c1ce3	bne	x24,x2,8000172c	 x24:0xffffffff  x2:0xffffffec
       18825000	      1881	00000000	00000013	addi	x0,x0,0	  x0:0x00000000
       18835000	      1882	80001728	00000013	addi	x0,x0,0	  x0:0x00000000
       18845000	      1883	8000172c	00ad0933	add	x18,x26,x10	 x26:0x00000003 x10:0x00000000 x18=0x00000003
       18855000	      1884	80001730	fffc0c13	addi	x24,x24,-1	 x24:0xffffffff x24=0xfffffffe
       18865000	      1885	80001734	fe2c1ce3	bne	x24,x2,8000172c	 x24:0xfffffffe  x2:0xffffffec
       18875000	      1886	00000000	00000013	addi	x0,x0,0	  x0:0x00000000
       18885000	      1887	80001728	00000013	addi	x0,x0,0	  x0:0x00000000
       18895000	      1888	8000172c	00ad0933	add	x18,x26,x10	 x26:0x00000003 x10:0x00000000 x18=0x00000003
       18905000	      1889	80001730	fffc0c13	addi	x24,x24,-1	 x24:0xfffffffe x24=0xfffffffd
       18915000	      1890	80001734	fe2c1ce3	bne	x24,x2,8000172c	 x24:0xfffffffd  x2:0xffffffec
       18925000	      1891	00000000	00000013	addi	x0,x0,0	  x0:0x00000000
       18935000	      1892	80001728	00000013	addi	x0,x0,0	  x0:0x00000000
       18945000	      1893	8000172c	00ad0933	add	x18,x26,x10	 x26:0x00000003 x10:0x00000000 x18=0x00000003
       18955000	      1894	80001730	fffc0c13	addi	x24,x24,-1	 x24:0xfffffffd x24=0xfffffffc
       18965000	      1895	80001734	fe2c1ce3	bne	x24,x2,8000172c	 x24:0xfffffffc  x2:0xffffffec
       18975000	      1896	00000000	00000013	addi	x0,x0,0	  x0:0x00000000
       18985000	      1897	80001728	00000013	addi	x0,x0,0	  x0:0x00000000
       18995000	      1898	8000172c	00ad0933	add	x18,x26,x10	 x26:0x00000003 x10:0x00000000 x18=0x00000003
       19005000	      1899	80001730	fffc0c13	addi	x24,x24,-1	 x24:0xfffffffc x24=0xfffffffb
       19015000	      1900	80001734	fe2c1ce3	bne	x24,x2,8000172c	 x24:0xfffffffb  x2:0xffffffec
       19025000	      1901	00000000	00000013	addi	x0,x0,0	  x0:0x00000000
       19035000	      1902	80001728	00000013	addi	x0,x0,0	  x0:0x00000000
       19045000	      1903	8000172c	00ad0933	add	x18,x26,x10	 x26:0x00000003 x10:0x00000000 x18=0x00000003
       19055000	      1904	80001730	fffc0c13	addi	x24,x24,-1	 x24:0xfffffffb x24=0xfffffffa
       19065000	      1905	80001734	fe2c1ce3	bne	x24,x2,8000172c	 x24:0xfffffffa  x2:0xffffffec
       19075000	      1906	00000000	00000013	addi	x0,x0,0	  x0:0x00000000
       19085000	      1907	80001728	00000013	addi	x0,x0,0	  x0:0x00000000
       19095000	      1908	8000172c	00ad0933	add	x18,x26,x10	 x26:0x00000003 x10:0x00000000 x18=0x00000003
       19105000	      1909	80001730	fffc0c13	addi	x24,x24,-1	 x24:0xfffffffa x24=0xfffffff9
       19115000	      1910	80001734	fe2c1ce3	bne	x24,x2,8000172c	 x24:0xfffffff9  x2:0xffffffec
       19125000	      1911	00000000	00000013	addi	x0,x0,0	  x0:0x00000000
       19135000	      1912	80001728	00000013	addi	x0,x0,0	  x0:0x00000000
       19145000	      1913	8000172c	00ad0933	add	x18,x26,x10	 x26:0x00000003 x10:0x00000000 x18=0x00000003
       19155000	      1914	80001730	fffc0c13	addi	x24,x24,-1	 x24:0xfffffff9 x24=0xfffffff8
       19165000	      1915	80001734	fe2c1ce3	bne	x24,x2,8000172c	 x24:0xfffffff8  x2:0xffffffec
       19175000	      1916	00000000	00000013	addi	x0,x0,0	  x0:0x00000000
       19185000	      1917	80001728	00000013	addi	x0,x0,0	  x0:0x00000000
       19195000	      1918	8000172c	00ad0933	add	x18,x26,x10	 x26:0x00000003 x10:0x00000000 x18=0x00000003
       19205000	      1919	80001730	fffc0c13	addi	x24,x24,-1	 x24:0xfffffff8 x24=0xfffffff7
       19215000	      1920	80001734	fe2c1ce3	bne	x24,x2,8000172c	 x24:0xfffffff7  x2:0xffffffec
       19225000	      1921	00000000	00000013	addi	x0,x0,0	  x0:0x00000000
       19235000	      1922	80001728	00000013	addi	x0,x0,0	  x0:0x00000000
       19245000	      1923	8000172c	00ad0933	add	x18,x26,x10	 x26:0x00000003 x10:0x00000000 x18=0x00000003
       19255000	      1924	80001730	fffc0c13	addi	x24,x24,-1	 x24:0xfffffff7 x24=0xfffffff6
       19265000	      1925	80001734	fe2c1ce3	bne	x24,x2,8000172c	 x24:0xfffffff6  x2:0xffffffec
       19275000	      1926	00000000	00000013	addi	x0,x0,0	  x0:0x00000000
       19285000	      1927	80001728	00000013	addi	x0,x0,0	  x0:0x00000000
       19295000	      1928	8000172c	00ad0933	add	x18,x26,x10	 x26:0x00000003 x10:0x00000000 x18=0x00000003
       19305000	      1929	80001730	fffc0c13	addi	x24,x24,-1	 x24:0xfffffff6 x24=0xfffffff5
       19315000	      1930	80001734	fe2c1ce3	bne	x24,x2,8000172c	 x24:0xfffffff5  x2:0xffffffec
       19325000	      1931	00000000	00000013	addi	x0,x0,0	  x0:0x00000000
       19335000	      1932	80001728	00000013	addi	x0,x0,0	  x0:0x00000000
       19345000	      1933	8000172c	00ad0933	add	x18,x26,x10	 x26:0x00000003 x10:0x00000000 x18=0x00000003
       19355000	      1934	80001730	fffc0c13	addi	x24,x24,-1	 x24:0xfffffff5 x24=0xfffffff4
       19365000	      1935	80001734	fe2c1ce3	bne	x24,x2,8000172c	 x24:0xfffffff4  x2:0xffffffec
       19375000	      1936	00000000	00000013	addi	x0,x0,0	  x0:0x00000000
       19385000	      1937	80001728	00000013	addi	x0,x0,0	  x0:0x00000000
       19395000	      1938	8000172c	00ad0933	add	x18,x26,x10	 x26:0x00000003 x10:0x00000000 x18=0x00000003
       19405000	      1939	80001730	fffc0c13	addi	x24,x24,-1	 x24:0xfffffff4 x24=0xfffffff3
       19415000	      1940	80001734	fe2c1ce3	bne	x24,x2,8000172c	 x24:0xfffffff3  x2:0xffffffec
       19425000	      1941	00000000	00000013	addi	x0,x0,0	  x0:0x00000000
       19435000	      1942	80001728	00000013	addi	x0,x0,0	  x0:0x00000000
       19445000	      1943	8000172c	00ad0933	add	x18,x26,x10	 x26:0x00000003 x10:0x00000000 x18=0x00000003
       19455000	      1944	80001730	fffc0c13	addi	x24,x24,-1	 x24:0xfffffff3 x24=0xfffffff2
       19465000	      1945	80001734	fe2c1ce3	bne	x24,x2,8000172c	 x24:0xfffffff2  x2:0xffffffec
       19475000	      1946	00000000	00000013	addi	x0,x0,0	  x0:0x00000000
       19485000	      1947	80001728	00000013	addi	x0,x0,0	  x0:0x00000000
       19495000	      1948	8000172c	00ad0933	add	x18,x26,x10	 x26:0x00000003 x10:0x00000000 x18=0x00000003
       19505000	      1949	80001730	fffc0c13	addi	x24,x24,-1	 x24:0xfffffff2 x24=0xfffffff1
       19515000	      1950	80001734	fe2c1ce3	bne	x24,x2,8000172c	 x24:0xfffffff1  x2:0xffffffec
       19525000	      1951	00000000	00000013	addi	x0,x0,0	  x0:0x00000000
       19535000	      1952	80001728	00000013	addi	x0,x0,0	  x0:0x00000000
       19545000	      1953	8000172c	00ad0933	add	x18,x26,x10	 x26:0x00000003 x10:0x00000000 x18=0x00000003
       19555000	      1954	80001730	fffc0c13	addi	x24,x24,-1	 x24:0xfffffff1 x24=0xfffffff0
       19565000	      1955	80001734	fe2c1ce3	bne	x24,x2,8000172c	 x24:0xfffffff0  x2:0xffffffec
       19575000	      1956	00000000	00000013	addi	x0,x0,0	  x0:0x00000000
       19585000	      1957	80001728	00000013	addi	x0,x0,0	  x0:0x00000000
       19595000	      1958	8000172c	00ad0933	add	x18,x26,x10	 x26:0x00000003 x10:0x00000000 x18=0x00000003
       19605000	      1959	80001730	fffc0c13	addi	x24,x24,-1	 x24:0xfffffff0 x24=0xffffffef
       19615000	      1960	80001734	fe2c1ce3	bne	x24,x2,8000172c	 x24:0xffffffef  x2:0xffffffec
       19625000	      1961	00000000	00000013	addi	x0,x0,0	  x0:0x00000000
       19635000	      1962	80001728	00000013	addi	x0,x0,0	  x0:0x00000000
       19645000	      1963	8000172c	00ad0933	add	x18,x26,x10	 x26:0x00000003 x10:0x00000000 x18=0x00000003
       19655000	      1964	80001730	fffc0c13	addi	x24,x24,-1	 x24:0xffffffef x24=0xffffffee
       19665000	      1965	80001734	fe2c1ce3	bne	x24,x2,8000172c	 x24:0xffffffee  x2:0xffffffec
       19675000	      1966	00000000	00000013	addi	x0,x0,0	  x0:0x00000000
       19685000	      1967	80001728	00000013	addi	x0,x0,0	  x0:0x00000000
       19695000	      1968	8000172c	00ad0933	add	x18,x26,x10	 x26:0x00000003 x10:0x00000000 x18=0x00000003
       19705000	      1969	80001730	fffc0c13	addi	x24,x24,-1	 x24:0xffffffee x24=0xffffffed
       19715000	      1970	80001734	fe2c1ce3	bne	x24,x2,8000172c	 x24:0xffffffed  x2:0xffffffec
       19725000	      1971	00000000	00000013	addi	x0,x0,0	  x0:0x00000000
       19735000	      1972	80001728	00000013	addi	x0,x0,0	  x0:0x00000000
       19745000	      1973	8000172c	00ad0933	add	x18,x26,x10	 x26:0x00000003 x10:0x00000000 x18=0x00000003
       19755000	      1974	80001730	fffc0c13	addi	x24,x24,-1	 x24:0xffffffed x24=0xffffffec
       19765000	      1975	80001734	fe2c1ce3	bne	x24,x2,8000172c	 x24:0xffffffec  x2:0xffffffec
       19775000	      1976	80001738	00501893	slli	x17,x0,0x5	  x0:0x00000000 x17=0x00000000
       19785000	      1977	8000173c	fd0d74e3	bgeu	x26,x16,80001704	 x26:0x00000003 x16:0x00000004
       19795000	      1978	80001740	017a7db3	and	x27,x20,x23	 x20:0x00000000 x23:0x00000001 x27=0x00000000
       19805000	      1979	80001744	044f5063	bge	x30,x4,80001784	 x30:0x80009fc4  x4:0x00000001
       19815000	      1980	80001748	82d6a613	slti	x12,x13,-2003	 x13:0xec5f2ec0 x12=0x00000001
       19825000	      1981	8000174c	410b8533	sub	x10,x23,x16	 x23:0x00000001 x16:0x00000004 x10=0xfffffffd
       19835000	      1982	80001750	8efec893	xori	x17,x29,-1809	 x29:0x00000000 x17=0xfffff8ef
       19845000	      1983	80001754	0061d9b3	srl	x19,x3,x6	  x3:0xfffff94b  x6:0x00000000 x19=0xfffff94b
       19855000	      1984	80001758	5a3b0313	addi	x6,x22,1443	 x22:0x13a0d195  x6=0x13a0d738
       19865000	      1985	8000175c	008d68b3	or	x17,x26,x8	 x26:0x00000003  x8:0xf7f4676d x17=0xf7f4676f
       19875000	      1986	80001760	0083a1b3	slt	x3,x7,x8	  x7:0x00003fdf  x8:0xf7f4676d  x3=0x00000000
       19885000	      1987	80001764	bced6293	ori	x5,x26,-1074	 x26:0x00000003  x5=0xfffffbcf
       19895000	      1988	80001768	29e63013	sltiu	x0,x12,670	 x12:0x00000001
       19905000	      1989	8000176c	00dfba33	sltu	x20,x31,x13	 x31:0xf7f4676c x13:0xec5f2ec0 x20=0x00000000
       19915000	      1990	80001770	004e16b3	sll	x13,x28,x4	 x28:0x4fc37000  x4:0x00000001 x13=0x9f86e000
       19925000	      1991	80001774	00a9b733	sltu	x14,x19,x10	 x19:0xfffff94b x10:0xfffffffd x14=0x00000001
       19935000	      1992	80001778	40b90633	sub	x12,x18,x11	 x18:0x00000003 x11:0x00003fda x12=0xffffc029
       19945000	      1993	8000177c	37eda113	slti	x2,x27,894	 x27:0x00000000  x2=0x00000001
       19955000	      1994	80001780	8c74b693	sltiu	x13,x9,-1849	  x9:0x4fc37071 x13=0x00000001
       19965000	      1995	80001784	40b369b7	lui	x19,0x40b36	 x19=0x40b36000
       19975000	      1996	80001788	c63e2037	lui	x0,0xc63e2	
       19985000	      1997	8000178c	00b35463	bge	x6,x11,80001794	  x6:0x13a0d738 x11:0x00003fda
       19995000	      1998	00000000	00000013	addi	x0,x0,0	  x0:0x00000000
       20005000	      1999	80001790	00000013	addi	x0,x0,0	  x0:0x00000000
       20015000	      2000	80001794	014991b3	sll	x3,x19,x20	 x19:0x40b36000 x20:0x00000000  x3=0x40b36000
       20025000	      2001	80001798	021b5a63	bge	x22,x1,800017cc	 x22:0x13a0d195  x1:0x00000001
       20035000	      2002	00000000	00000013	addi	x0,x0,0	  x0:0x00000000
       20045000	      2003	800017c8	00000013	addi	x0,x0,0	  x0:0x00000000
       20055000	      2004	800017cc	40dadd13	srai	x26,x21,0xd	 x21:0x00000005 x26=0x00000000
       20065000	      2005	800017d0	98abf493	andi	x9,x23,-1654	 x23:0x00000001  x9=0x00000000
       20075000	      2006	800017d4	70693c13	sltiu	x24,x18,1798	 x18:0x00000003 x24=0x00000001
       20085000	      2007	800017d8	01306433	or	x8,x0,x19	  x0:0x00000000 x19:0x40b36000  x8=0x40b36000
       20095000	      2008	800017dc	01ebd6b3	srl	x13,x23,x30	 x23:0x00000001 x30:0x80009fc4 x13=0x00000000
       20105000	      2009	800017e0	01085513	srli	x10,x16,0x10	 x16:0x00000004 x10=0x00000000
       20115000	      2010	800017e4	00001997	auipc	x19,0x1	 x19=0x800027e0
       20125000	      2011	800017e8	03498993	addi	x19,x19,52	 x19:0x800027e0 x19=0x80002814
       20135000	      2012	800017ec	17412593	slti	x11,x2,372	  x2:0x00000001 x11=0x00000001
       20145000	      2013	800017f0	00b22e33	slt	x28,x4,x11	  x4:0x00000001 x11:0x00000001 x28=0x00000000
       20155000	      2014	800017f4	d0598993	addi	x19,x19,-763	 x19:0x80002814 x19=0x80002519
       20165000	      2015	800017f8	5f62e293	ori	x5,x5,1526	  x5:0xfffffbcf  x5=0xffffffff
       20175000	      2016	800017fc	40a6da93	srai	x21,x13,0xa	 x13:0x00000000 x21=0x00000000
       20185000	      2017	80001800	6284e913	ori	x18,x9,1576	  x9:0x00000000 x18=0x00000628
       20195000	      2018	80001804	abbe4413	xori	x8,x28,-1349	 x28:0x00000000  x8=0xfffffabb
       20205000	      2019	80001808	01fe5463	bge	x28,x31,80001810	 x28:0x00000000 x31:0xf7f4676c
       20215000	      2020	00000000	00000013	addi	x0,x0,0	  x0:0x00000000
       20225000	      2021	8000180c	00000013	addi	x0,x0,0	  x0:0x00000000
       20235000	      2022	80001810	2fb98367	jalr	x6,x19,763	 x19:0x80002519  x6=0x80001810
       20245000	      2023	00000000	00000013	addi	x0,x0,0	  x0:0x00000000
       20255000	      2024	80002814	00000013	addi	x0,x0,0	  x0:0x00000000
       20265000	      2025	80002818	00d71733	sll	x14,x14,x13	 x14:0x00000001 x13:0x00000000 x14=0x00000001
       20275000	      2026	8000281c	01e6f233	and	x4,x13,x30	 x13:0x00000000 x30:0x80009fc4  x4=0x00000000
       20285000	      2027	80002820	0131c263	blt	x3,x19,80002824	  x3:0x40b36000 x19:0x80002519
       20295000	      2028	80002824	fecc8c93	addi	x25,x25,-20	 x25:0x80009f84 x25=0x80009f70
       20305000	      2029	80002828	0073d8b3	srl	x17,x7,x7	  x7:0x00003fdf  x7:0x00003fdf x17=0x00000000
       20315000	      2030	8000282c	006ca223	sw	x6,4(x25)	 x25:0x80009f70  x6:0x80001810 PA:0x80009f74
       20325000	      2031	80002830	d1446393	ori	x7,x8,-748	  x8:0xfffffabb  x7=0xffffffbf
       20335000	      2032	80002834	01fa0c33	add	x24,x20,x31	 x20:0x00000000 x31:0xf7f4676c x24=0xf7f4676c
       20345000	      2033	80002838	71766b13	ori	x22,x12,1815	 x12:0xffffc029 x22=0xffffc73f
       20355000	      2034	8000283c	66447937	lui	x18,0x66447	 x18=0x66447000
       20365000	      2035	80002840	0198fd33	and	x26,x17,x25	 x17:0x00000000 x25:0x80009f70 x26=0x00000000
       20375000	      2036	80002844	01583933	sltu	x18,x16,x21	 x16:0x00000004 x21:0x00000000 x18=0x00000000
       20385000	      2037	80002848	5b9505b7	lui	x11,0x5b950	 x11=0x5b950000
       20395000	      2038	8000284c	201bebb7	lui	x23,0x201be	 x23=0x201be000
       20405000	      2039	80002850	fffff117	auipc	x2,0xfffff	  x2=0x8000184c
       20415000	      2040	80002854	6c010113	addi	x2,x2,1728	  x2:0x8000184c  x2=0x80001f0c
       20425000	      2041	80002858	04f10113	addi	x2,x2,79	  x2:0x80001f0c  x2=0x80001f5b
       20435000	      2042	8000285c	01fe7933	and	x18,x28,x31	 x28:0x00000000 x31:0xf7f4676c x18=0x00000000
       20445000	      2043	80002860	8b031b17	auipc	x22,0x8b031	 x22=0x0b03385c
       20455000	      2044	80002864	fb210367	jalr	x6,x2,-78	  x2:0x80001f5b  x6=0x80002864
       20465000	      2045	00000000	00000013	addi	x0,x0,0	  x0:0x00000000
       20475000	      2046	80001f0c	00000013	addi	x0,x0,0	  x0:0x00000000
       20485000	      2047	80001f10	411e3213	sltiu	x4,x28,1041	 x28:0x00000000  x4=0x00000001
       20495000	      2048	80001f14	016393b3	sll	x7,x7,x22	  x7:0xffffffbf x22:0x0b03385c  x7=0xf0000000
       20505000	      2049	80001f18	8008a593	slti	x11,x17,-2048	 x17:0x00000000 x11=0x00000000
       20515000	      2050	80001f1c	400752b3	sra	x5,x14,x0	 x14:0x00000001  x0:0x00000000  x5=0x00000001
       20525000	      2051	80001f20	ff4c8c93	addi	x25,x25,-12	 x25:0x80009f70 x25=0x80009f64
       20535000	      2052	80001f24	00cbca33	xor	x20,x23,x12	 x23:0x201be000 x12:0xffffc029 x20=0xdfe42029
       20545000	      2053	80001f28	22843197	auipc	x3,0x22843	  x3=0xa2844f24
       20555000	      2054	80001f2c	9ab27eb7	lui	x29,0x9ab27	 x29=0x9ab27000
       20565000	      2055	80001f30	006ca223	sw	x6,4(x25)	 x25:0x80009f64  x6:0x80002864 PA:0x80009f68
       20575000	      2056	80001f34	407950b3	sra	x1,x18,x7	 x18:0x00000000  x7:0xf0000000  x1=0x00000000
       20585000	      2057	80001f38	12717e93	andi	x29,x2,295	  x2:0x80001f5b x29=0x00000103
       20595000	      2058	80001f3c	000f6833	or	x16,x30,x0	 x30:0x80009fc4  x0:0x00000000 x16=0x80009fc4
       20605000	      2059	80001f40	01084433	xor	x8,x16,x16	 x16:0x80009fc4 x16:0x80009fc4  x8=0x00000000
       20615000	      2060	80001f44	011c6333	or	x6,x24,x17	 x24:0xf7f4676c x17:0x00000000  x6=0xf7f4676c
       20625000	      2061	80001f48	00000013	addi	x0,x0,0	  x0:0x00000000
       20635000	      2062	80001f4c	f05ff36f	jal	x6,80001f4c	  x6=0x80001f4c
       20645000	      2063	00000000	00000013	addi	x0,x0,0	  x0:0x00000000
       20655000	      2064	80001e4c	00000013	addi	x0,x0,0	  x0:0x00000000
       20665000	      2065	80001e50	01717463	bgeu	x2,x23,80001e58	  x2:0x80001f5b x23:0x201be000
       20675000	      2066	00000000	00000013	addi	x0,x0,0	  x0:0x00000000
       20685000	      2067	80001e54	00000013	addi	x0,x0,0	  x0:0x00000000
       20695000	      2068	80001e58	fd4c8c93	addi	x25,x25,-44	 x25:0x80009f64 x25=0x80009f38
       20705000	      2069	80001e5c	0c257013	andi	x0,x10,194	 x10:0x00000000
       20715000	      2070	80001e60	006ca223	sw	x6,4(x25)	 x25:0x80009f38  x6:0x80001f4c PA:0x80009f3c
       20725000	      2071	80001e64	c1da8193	addi	x3,x21,-995	 x21:0x00000000  x3=0xfffffc1d
       20735000	      2072	80001e68	02e26263	bltu	x4,x14,80001e8c	  x4:0x00000001 x14:0x00000001
       20745000	      2073	80001e6c	993ac913	xori	x18,x21,-1645	 x21:0x00000000 x18=0xfffff993
       20755000	      2074	80001e70	004fd613	srli	x12,x31,0x4	 x31:0xf7f4676c x12=0x0f7f4676
       20765000	      2075	80001e74	001ade33	srl	x28,x21,x1	 x21:0x00000000  x1:0x00000000 x28=0x00000000
       20775000	      2076	80001e78	8f077397	auipc	x7,0x8f077	  x7=0x0f078e74
       20785000	      2077	80001e7c	00de0933	add	x18,x28,x13	 x28:0x00000000 x13:0x00000000 x18=0x00000000
       20795000	      2078	80001e80	01aa9ab3	sll	x21,x21,x26	 x21:0x00000000 x26:0x00000000 x21=0x00000000
       20805000	      2079	80001e84	011586b3	add	x13,x11,x17	 x11:0x00000000 x17:0x00000000 x13=0x00000000
       20815000	      2080	80001e88	6ff5a793	slti	x15,x11,1791	 x11:0x00000000 x15=0x00000001
       20825000	      2081	80001e8c	5c40036f	jal	x6,80001e8c	  x6=0x80001e8c
       20835000	      2082	00000000	00000013	addi	x0,x0,0	  x0:0x00000000
       20845000	      2083	8000244c	00000013	addi	x0,x0,0	  x0:0x00000000
       20855000	      2084	80002450	6ce2ba97	auipc	x21,0x6ce2b	 x21=0xece2d44c
       20865000	      2085	80002454	ff4c8c93	addi	x25,x25,-12	 x25:0x80009f38 x25=0x80009f2c
       20875000	      2086	80002458	92738913	addi	x18,x7,-1753	  x7:0x0f078e74 x18=0x0f07879b
       20885000	      2087	8000245c	006ca223	sw	x6,4(x25)	 x25:0x80009f2c  x6:0x80001e8c PA:0x80009f30
       20895000	      2088	80002460	00145393	srli	x7,x8,0x1	  x8:0x00000000  x7=0x00000000
       20905000	      2089	80002464	ff900413	addi	x8,x0,-7	  x0:0x00000000  x8=0xfffffff9
       20915000	      2090	80002468	00900b93	addi	x23,x0,9	  x0:0x00000000 x23=0x00000009
       20925000	      2091	8000246c	00977833	and	x16,x14,x9	 x14:0x00000001  x9:0x00000000 x16=0x00000000
       20935000	      2092	80002470	00a40413	addi	x8,x8,10	  x8:0xfffffff9  x8=0x00000003
       20945000	      2093	80002474	011511b3	sll	x3,x10,x17	 x10:0x00000000 x17:0x00000000  x3=0x00000000
       20955000	      2094	80002478	ff746ae3	bltu	x8,x23,8000246c	  x8:0x00000003 x23:0x00000009
       20965000	      2095	00000000	00000013	addi	x0,x0,0	  x0:0x00000000
       20975000	      2096	80002468	00000013	addi	x0,x0,0	  x0:0x00000000
       20985000	      2097	8000246c	00977833	and	x16,x14,x9	 x14:0x00000001  x9:0x00000000 x16=0x00000000
       20995000	      2098	80002470	00a40413	addi	x8,x8,10	  x8:0x00000003  x8=0x0000000d
       21005000	      2099	80002474	011511b3	sll	x3,x10,x17	 x10:0x00000000 x17:0x00000000  x3=0x00000000
       21015000	      2100	80002478	ff746ae3	bltu	x8,x23,8000246c	  x8:0x0000000d x23:0x00000009
       21025000	      2101	8000247c	bc9dbc13	sltiu	x24,x27,-1079	 x27:0x00000000 x24=0x00000001
       21035000	      2102	80002480	00000a93	addi	x21,x0,0	  x0:0x00000000 x21=0x00000000
       21045000	      2103	80002484	dbbd8193	addi	x3,x27,-581	 x27:0x00000000  x3=0xfffffdbb
       21055000	      2104	80002488	00a4eb33	or	x22,x9,x10	  x9:0x00000000 x10:0x00000000 x22=0x00000000
       21065000	      2105	8000248c	0070c333	xor	x6,x1,x7	  x1:0x00000000  x7:0x00000000  x6=0x00000000
       21075000	      2106	80002490	00f00993	addi	x19,x0,15	  x0:0x00000000 x19=0x0000000f
       21085000	      2107	80002494	430e4e93	xori	x29,x28,1072	 x28:0x00000000 x29=0x00000430
       21095000	      2108	80002498	41f084b3	sub	x9,x1,x31	  x1:0x00000000 x31:0xf7f4676c  x9=0x080b9894
       21105000	      2109	8000249c	01615a13	srli	x20,x2,0x16	  x2:0x80001f5b x20=0x00000200
       21115000	      2110	800024a0	003a8a93	addi	x21,x21,3	 x21:0x00000000 x21=0x00000003
       21125000	      2111	800024a4	ff3acae3	blt	x21,x19,80002498	 x21:0x00000003 x19:0x0000000f
       21135000	      2112	00000000	00000013	addi	x0,x0,0	  x0:0x00000000
       21145000	      2113	80002494	00000013	addi	x0,x0,0	  x0:0x00000000
       21155000	      2114	80002498	41f084b3	sub	x9,x1,x31	  x1:0x00000000 x31:0xf7f4676c  x9=0x080b9894
       21165000	      2115	8000249c	01615a13	srli	x20,x2,0x16	  x2:0x80001f5b x20=0x00000200
       21175000	      2116	800024a0	003a8a93	addi	x21,x21,3	 x21:0x00000003 x21=0x00000006
       21185000	      2117	800024a4	ff3acae3	blt	x21,x19,80002498	 x21:0x00000006 x19:0x0000000f
       21195000	      2118	00000000	00000013	addi	x0,x0,0	  x0:0x00000000
       21205000	      2119	80002494	00000013	addi	x0,x0,0	  x0:0x00000000
       21215000	      2120	80002498	41f084b3	sub	x9,x1,x31	  x1:0x00000000 x31:0xf7f4676c  x9=0x080b9894
       21225000	      2121	8000249c	01615a13	srli	x20,x2,0x16	  x2:0x80001f5b x20=0x00000200
       21235000	      2122	800024a0	003a8a93	addi	x21,x21,3	 x21:0x00000006 x21=0x00000009
       21245000	      2123	800024a4	ff3acae3	blt	x21,x19,80002498	 x21:0x00000009 x19:0x0000000f
       21255000	      2124	00000000	00000013	addi	x0,x0,0	  x0:0x00000000
       21265000	      2125	80002494	00000013	addi	x0,x0,0	  x0:0x00000000
       21275000	      2126	80002498	41f084b3	sub	x9,x1,x31	  x1:0x00000000 x31:0xf7f4676c  x9=0x080b9894
       21285000	      2127	8000249c	01615a13	srli	x20,x2,0x16	  x2:0x80001f5b x20=0x00000200
       21295000	      2128	800024a0	003a8a93	addi	x21,x21,3	 x21:0x00000009 x21=0x0000000c
       21305000	      2129	800024a4	ff3acae3	blt	x21,x19,80002498	 x21:0x0000000c x19:0x0000000f
       21315000	      2130	00000000	00000013	addi	x0,x0,0	  x0:0x00000000
       21325000	      2131	80002494	00000013	addi	x0,x0,0	  x0:0x00000000
       21335000	      2132	80002498	41f084b3	sub	x9,x1,x31	  x1:0x00000000 x31:0xf7f4676c  x9=0x080b9894
       21345000	      2133	8000249c	01615a13	srli	x20,x2,0x16	  x2:0x80001f5b x20=0x00000200
       21355000	      2134	800024a0	003a8a93	addi	x21,x21,3	 x21:0x0000000c x21=0x0000000f
       21365000	      2135	800024a4	ff3acae3	blt	x21,x19,80002498	 x21:0x0000000f x19:0x0000000f
       21375000	      2136	800024a8	01c90213	addi	x4,x18,28	 x18:0x0f07879b  x4=0x0f0787b7
       21385000	      2137	800024ac	00400913	addi	x18,x0,4	  x0:0x00000000 x18=0x00000004
       21395000	      2138	800024b0	002c1993	slli	x19,x24,0x2	 x24:0x00000001 x19=0x00000004
       21405000	      2139	800024b4	01200493	addi	x9,x0,18	  x0:0x00000000  x9=0x00000012
       21415000	      2140	800024b8	017b7033	and	x0,x22,x23	 x22:0x00000000 x23:0x00000009
       21425000	      2141	800024bc	0114feb3	and	x29,x9,x17	  x9:0x00000012 x17:0x00000000 x29=0x00000000
       21435000	      2142	800024c0	00fdf033	and	x0,x27,x15	 x27:0x00000000 x15:0x00000001
       21445000	      2143	800024c4	00490913	addi	x18,x18,4	 x18:0x00000004 x18=0x00000008
       21455000	      2144	800024c8	00900793	addi	x15,x0,9	  x0:0x00000000 x15=0x00000009
       21465000	      2145	800024cc	ffd00693	addi	x13,x0,-3	  x0:0x00000000 x13=0xfffffffd
       21475000	      2146	800024d0	414b8333	sub	x6,x23,x20	 x23:0x00000009 x20:0x00000200  x6=0xfffffe09
       21485000	      2147	800024d4	04398d93	addi	x27,x19,67	 x19:0x00000004 x27=0x00000047
       21495000	      2148	800024d8	ffd78793	addi	x15,x15,-3	 x15:0x00000009 x15=0x00000006
       21505000	      2149	800024dc	0036fc33	and	x24,x13,x3	 x13:0xfffffffd  x3:0xfffffdbb x24=0xfffffdb9
       21515000	      2150	800024e0	fed78ae3	beq	x15,x13,800024d4	 x15:0x00000006 x13:0xfffffffd
       21525000	      2151	800024e4	0158b9b3	sltu	x19,x17,x21	 x17:0x00000000 x21:0x0000000f x19=0x00000001
       21535000	      2152	800024e8	fc9948e3	blt	x18,x9,800024b8	 x18:0x00000008  x9:0x00000012
       21545000	      2153	00000000	00000013	addi	x0,x0,0	  x0:0x00000000
       21555000	      2154	800024b4	00000013	addi	x0,x0,0	  x0:0x00000000
       21565000	      2155	800024b8	017b7033	and	x0,x22,x23	 x22:0x00000000 x23:0x00000009
       21575000	      2156	800024bc	0114feb3	and	x29,x9,x17	  x9:0x00000012 x17:0x00000000 x29=0x00000000
       21585000	      2157	800024c0	00fdf033	and	x0,x27,x15	 x27:0x00000047 x15:0x00000006
       21595000	      2158	800024c4	00490913	addi	x18,x18,4	 x18:0x00000008 x18=0x0000000c
       21605000	      2159	800024c8	00900793	addi	x15,x0,9	  x0:0x00000000 x15=0x00000009
       21615000	      2160	800024cc	ffd00693	addi	x13,x0,-3	  x0:0x00000000 x13=0xfffffffd
       21625000	      2161	800024d0	414b8333	sub	x6,x23,x20	 x23:0x00000009 x20:0x00000200  x6=0xfffffe09
       21635000	      2162	800024d4	04398d93	addi	x27,x19,67	 x19:0x00000001 x27=0x00000044
       21645000	      2163	800024d8	ffd78793	addi	x15,x15,-3	 x15:0x00000009 x15=0x00000006
       21655000	      2164	800024dc	0036fc33	and	x24,x13,x3	 x13:0xfffffffd  x3:0xfffffdbb x24=0xfffffdb9
       21665000	      2165	800024e0	fed78ae3	beq	x15,x13,800024d4	 x15:0x00000006 x13:0xfffffffd
       21675000	      2166	800024e4	0158b9b3	sltu	x19,x17,x21	 x17:0x00000000 x21:0x0000000f x19=0x00000001
       21685000	      2167	800024e8	fc9948e3	blt	x18,x9,800024b8	 x18:0x0000000c  x9:0x00000012
       21695000	      2168	00000000	00000013	addi	x0,x0,0	  x0:0x00000000
       21705000	      2169	800024b4	00000013	addi	x0,x0,0	  x0:0x00000000
       21715000	      2170	800024b8	017b7033	and	x0,x22,x23	 x22:0x00000000 x23:0x00000009
       21725000	      2171	800024bc	0114feb3	and	x29,x9,x17	  x9:0x00000012 x17:0x00000000 x29=0x00000000
       21735000	      2172	800024c0	00fdf033	and	x0,x27,x15	 x27:0x00000044 x15:0x00000006
       21745000	      2173	800024c4	00490913	addi	x18,x18,4	 x18:0x0000000c x18=0x00000010
       21755000	      2174	800024c8	00900793	addi	x15,x0,9	  x0:0x00000000 x15=0x00000009
       21765000	      2175	800024cc	ffd00693	addi	x13,x0,-3	  x0:0x00000000 x13=0xfffffffd
       21775000	      2176	800024d0	414b8333	sub	x6,x23,x20	 x23:0x00000009 x20:0x00000200  x6=0xfffffe09
       21785000	      2177	800024d4	04398d93	addi	x27,x19,67	 x19:0x00000001 x27=0x00000044
       21795000	      2178	800024d8	ffd78793	addi	x15,x15,-3	 x15:0x00000009 x15=0x00000006
       21805000	      2179	800024dc	0036fc33	and	x24,x13,x3	 x13:0xfffffffd  x3:0xfffffdbb x24=0xfffffdb9
       21815000	      2180	800024e0	fed78ae3	beq	x15,x13,800024d4	 x15:0x00000006 x13:0xfffffffd
       21825000	      2181	800024e4	0158b9b3	sltu	x19,x17,x21	 x17:0x00000000 x21:0x0000000f x19=0x00000001
       21835000	      2182	800024e8	fc9948e3	blt	x18,x9,800024b8	 x18:0x00000010  x9:0x00000012
       21845000	      2183	00000000	00000013	addi	x0,x0,0	  x0:0x00000000
       21855000	      2184	800024b4	00000013	addi	x0,x0,0	  x0:0x00000000
       21865000	      2185	800024b8	017b7033	and	x0,x22,x23	 x22:0x00000000 x23:0x00000009
       21875000	      2186	800024bc	0114feb3	and	x29,x9,x17	  x9:0x00000012 x17:0x00000000 x29=0x00000000
       21885000	      2187	800024c0	00fdf033	and	x0,x27,x15	 x27:0x00000044 x15:0x00000006
       21895000	      2188	800024c4	00490913	addi	x18,x18,4	 x18:0x00000010 x18=0x00000014
       21905000	      2189	800024c8	00900793	addi	x15,x0,9	  x0:0x00000000 x15=0x00000009
       21915000	      2190	800024cc	ffd00693	addi	x13,x0,-3	  x0:0x00000000 x13=0xfffffffd
       21925000	      2191	800024d0	414b8333	sub	x6,x23,x20	 x23:0x00000009 x20:0x00000200  x6=0xfffffe09
       21935000	      2192	800024d4	04398d93	addi	x27,x19,67	 x19:0x00000001 x27=0x00000044
       21945000	      2193	800024d8	ffd78793	addi	x15,x15,-3	 x15:0x00000009 x15=0x00000006
       21955000	      2194	800024dc	0036fc33	and	x24,x13,x3	 x13:0xfffffffd  x3:0xfffffdbb x24=0xfffffdb9
       21965000	      2195	800024e0	fed78ae3	beq	x15,x13,800024d4	 x15:0x00000006 x13:0xfffffffd
       21975000	      2196	800024e4	0158b9b3	sltu	x19,x17,x21	 x17:0x00000000 x21:0x0000000f x19=0x00000001
       21985000	      2197	800024e8	fc9948e3	blt	x18,x9,800024b8	 x18:0x00000014  x9:0x00000012
       21995000	      2198	800024ec	c4baaa93	slti	x21,x21,-949	 x21:0x0000000f x21=0x00000000
       22005000	      2199	800024f0	0027c7b3	xor	x15,x15,x2	 x15:0x00000006  x2:0x80001f5b x15=0x80001f5d
       22015000	      2200	800024f4	01c686b3	add	x13,x13,x28	 x13:0xfffffffd x28:0x00000000 x13=0xfffffffd
       22025000	      2201	800024f8	d6562e93	slti	x29,x12,-667	 x12:0x0f7f4676 x29=0x00000000
       22035000	      2202	800024fc	0157fab3	and	x21,x15,x21	 x15:0x80001f5d x21:0x00000000 x21=0x00000000
       22045000	      2203	80002500	04cd9463	bne	x27,x12,80002548	 x27:0x00000044 x12:0x0f7f4676
       22055000	      2204	00000000	00000013	addi	x0,x0,0	  x0:0x00000000
       22065000	      2205	80002544	00000013	addi	x0,x0,0	  x0:0x00000000
       22075000	      2206	80002548	00000013	addi	x0,x0,0	  x0:0x00000000
       22085000	      2207	8000254c	005de263	bltu	x27,x5,80002550	 x27:0x00000044  x5:0x00000001
       22095000	      2208	80002550	01940db3	add	x27,x8,x25	  x8:0x0000000d x25:0x80009f2c x27=0x80009f39
       22105000	      2209	80002554	01e8db93	srli	x23,x17,0x1e	 x17:0x00000000 x23=0x00000000
       22115000	      2210	80002558	013863b3	or	x7,x16,x19	 x16:0x00000000 x19:0x00000001  x7=0x00000001
       22125000	      2211	8000255c	015e1413	slli	x8,x28,0x15	 x28:0x00000000  x8=0x00000000
       22135000	      2212	80002560	00a14a63	blt	x2,x10,80002574	  x2:0x80001f5b x10:0x00000000
       22145000	      2213	00000000	00000013	addi	x0,x0,0	  x0:0x00000000
       22155000	      2214	80002570	00000013	addi	x0,x0,0	  x0:0x00000000
       22165000	      2215	80002574	01389a63	bne	x17,x19,80002588	 x17:0x00000000 x19:0x00000001
       22175000	      2216	00000000	00000013	addi	x0,x0,0	  x0:0x00000000
       22185000	      2217	80002584	00000013	addi	x0,x0,0	  x0:0x00000000
       22195000	      2218	80002588	00f15813	srli	x16,x2,0xf	  x2:0x80001f5b x16=0x00010000
       22205000	      2219	8000258c	6791b013	sltiu	x0,x3,1657	  x3:0xfffffdbb
       22215000	      2220	80002590	81cdca13	xori	x20,x27,-2020	 x27:0x80009f39 x20=0x7fff6725
       22225000	      2221	80002594	01779a63	bne	x15,x23,800025a8	 x15:0x80001f5d x23:0x00000000
       22235000	      2222	00000000	00000013	addi	x0,x0,0	  x0:0x00000000
       22245000	      2223	800025a4	00000013	addi	x0,x0,0	  x0:0x00000000
       22255000	      2224	800025a8	09784993	xori	x19,x16,151	 x16:0x00010000 x19=0x00010097
       22265000	      2225	800025ac	0034b7b3	sltu	x15,x9,x3	  x9:0x00000012  x3:0xfffffdbb x15=0x00000001
       22275000	      2226	800025b0	03c84863	blt	x16,x28,800025e0	 x16:0x00010000 x28:0x00000000
       22285000	      2227	800025b4	03040263	beq	x8,x16,800025d8	  x8:0x00000000 x16:0x00010000
       22295000	      2228	800025b8	966c8393	addi	x7,x25,-1690	 x25:0x80009f2c  x7=0x80009892
       22305000	      2229	800025bc	fdfc2813	slti	x16,x24,-33	 x24:0xfffffdb9 x16=0x00000001
       22315000	      2230	800025c0	01aac6b3	xor	x13,x21,x26	 x21:0x00000000 x26:0x00000000 x13=0x00000000
       22325000	      2231	800025c4	0bc73b13	sltiu	x22,x14,188	 x14:0x00000001 x22=0x00000001
       22335000	      2232	800025c8	f711ca13	xori	x20,x3,-143	  x3:0xfffffdbb x20=0x000002ca
       22345000	      2233	800025cc	015e5433	srl	x8,x28,x21	 x28:0x00000000 x21:0x00000000  x8=0x00000000
       22355000	      2234	800025d0	014deeb3	or	x29,x27,x20	 x27:0x80009f39 x20:0x000002ca x29=0x80009ffb
       22365000	      2235	800025d4	008759b3	srl	x19,x14,x8	 x14:0x00000001  x8:0x00000000 x19=0x00000001
       22375000	      2236	800025d8	40705633	sra	x12,x0,x7	  x0:0x00000000  x7:0x80009892 x12=0x00000000
       22385000	      2237	800025dc	400d0c33	sub	x24,x26,x0	 x26:0x00000000  x0:0x00000000 x24=0x00000000
       22395000	      2238	800025e0	01439333	sll	x6,x7,x20	  x7:0x80009892 x20:0x000002ca  x6=0x02624800
       22405000	      2239	800025e4	040de463	bltu	x27,x0,8000262c	 x27:0x80009f39  x0:0x00000000
       22415000	      2240	800025e8	d8a9ad97	auipc	x27,0xd8a9a	 x27=0x58a9c5e4
       22425000	      2241	800025ec	00cecdb3	xor	x27,x29,x12	 x29:0x80009ffb x12:0x00000000 x27=0x80009ffb
       22435000	      2242	800025f0	0195ab33	slt	x22,x11,x25	 x11:0x00000000 x25:0x80009f2c x22=0x00000000
       22445000	      2243	800025f4	0020c5b3	xor	x11,x1,x2	  x1:0x00000000  x2:0x80001f5b x11=0x80001f5b
       22455000	      2244	800025f8	0091d833	srl	x16,x3,x9	  x3:0xfffffdbb  x9:0x00000012 x16=0x00003fff
       22465000	      2245	800025fc	015e2bb3	slt	x23,x28,x21	 x28:0x00000000 x21:0x00000000 x23=0x00000000
       22475000	      2246	80002600	0430e663	bltu	x1,x3,8000264c	  x1:0x00000000  x3:0xfffffdbb
       22485000	      2247	00000000	00000013	addi	x0,x0,0	  x0:0x00000000
       22495000	      2248	80002648	00000013	addi	x0,x0,0	  x0:0x00000000
       22505000	      2249	8000264c	03866263	bltu	x12,x24,80002670	 x12:0x00000000 x24:0x00000000
       22515000	      2250	80002650	3cb57e13	andi	x28,x10,971	 x10:0x00000000 x28=0x00000000
       22525000	      2251	80002654	03f11663	bne	x2,x31,80002680	  x2:0x80001f5b x31:0xf7f4676c
       22535000	      2252	00000000	00000013	addi	x0,x0,0	  x0:0x00000000
       22545000	      2253	8000267c	00000013	addi	x0,x0,0	  x0:0x00000000
       22555000	      2254	80002680	0054e8b3	or	x17,x9,x5	  x9:0x00000012  x5:0x00000001 x17=0x00000013
       22565000	      2255	80002684	5a713e13	sltiu	x28,x2,1447	  x2:0x80001f5b x28=0x00000000
       22575000	      2256	80002688	01c88133	add	x2,x17,x28	 x17:0x00000013 x28:0x00000000  x2=0x00000013
       22585000	      2257	8000268c	00dd91b3	sll	x3,x27,x13	 x27:0x80009ffb x13:0x00000000  x3=0x80009ffb
       22595000	      2258	80002690	00e5d513	srli	x10,x11,0xe	 x11:0x80001f5b x10=0x00020000
       22605000	      2259	80002694	001b6113	ori	x2,x22,1	 x22:0x00000000  x2=0x00000001
       22615000	      2260	80002698	0286c863	blt	x13,x8,800026c8	 x13:0x00000000  x8:0x00000000
       22625000	      2261	8000269c	41588a33	sub	x20,x17,x21	 x17:0x00000013 x21:0x00000000 x20=0x00000013
       22635000	      2262	800026a0	41fa0eb3	sub	x29,x20,x31	 x20:0x00000013 x31:0xf7f4676c x29=0x080b98a7
       22645000	      2263	800026a4	0150d0b3	srl	x1,x1,x21	  x1:0x00000000 x21:0x00000000  x1=0x00000000
       22655000	      2264	800026a8	001eae13	slti	x28,x29,1	 x29:0x080b98a7 x28=0x00000000
       22665000	      2265	800026ac	0246fa63	bgeu	x13,x4,800026e0	 x13:0x00000000  x4:0x0f0787b7
       22675000	      2266	800026b0	5df31917	auipc	x18,0x5df31	 x18=0xddf336ac
       22685000	      2267	800026b4	04ee6663	bltu	x28,x14,80002700	 x28:0x00000000 x14:0x00000001
       22695000	      2268	00000000	00000013	addi	x0,x0,0	  x0:0x00000000
       22705000	      2269	800026fc	00000013	addi	x0,x0,0	  x0:0x00000000
       22715000	      2270	80002700	8c5bb237	lui	x4,0x8c5bb	  x4=0x8c5bb000
       22725000	      2271	80002704	00000013	addi	x0,x0,0	  x0:0x00000000
       22735000	      2272	80002708	00406863	bltu	x0,x4,80002718	  x0:0x00000000  x4:0x8c5bb000
       22745000	      2273	00000000	00000013	addi	x0,x0,0	  x0:0x00000000
       22755000	      2274	80002714	00000013	addi	x0,x0,0	  x0:0x00000000
       22765000	      2275	80002718	00000013	addi	x0,x0,0	  x0:0x00000000
       22775000	      2276	8000271c	00b1eeb3	or	x29,x3,x11	  x3:0x80009ffb x11:0x80001f5b x29=0x80009ffb
       22785000	      2277	80002720	008efd33	and	x26,x29,x8	 x29:0x80009ffb  x8:0x00000000 x26=0x00000000
       22795000	      2278	80002724	ad9f8c13	addi	x24,x31,-1319	 x31:0xf7f4676c x24=0xf7f46245
       22805000	      2279	80002728	01b5c863	blt	x11,x27,80002738	 x11:0x80001f5b x27:0x80009ffb
       22815000	      2280	00000000	00000013	addi	x0,x0,0	  x0:0x00000000
       22825000	      2281	80002734	00000013	addi	x0,x0,0	  x0:0x00000000
       22835000	      2282	80002738	007e2733	slt	x14,x28,x7	 x28:0x00000000  x7:0x80009892 x14=0x00000000
       22845000	      2283	8000273c	d8823613	sltiu	x12,x4,-632	  x4:0x8c5bb000 x12=0x00000001
       22855000	      2284	80002740	00806a63	bltu	x0,x8,80002754	  x0:0x00000000  x8:0x00000000
       22865000	      2285	80002744	01f89393	slli	x7,x17,0x1f	 x17:0x00000013  x7=0x80000000
       22875000	      2286	80002748	40b15813	srai	x16,x2,0xb	  x2:0x00000001 x16=0x00000000
       22885000	      2287	8000274c	022d5863	bge	x26,x2,8000277c	 x26:0x00000000  x2:0x00000001
       22895000	      2288	80002750	03b35263	bge	x6,x27,80002774	  x6:0x02624800 x27:0x80009ffb
       22905000	      2289	00000000	00000013	addi	x0,x0,0	  x0:0x00000000
       22915000	      2290	80002770	00000013	addi	x0,x0,0	  x0:0x00000000
       22925000	      2291	80002774	413d8033	sub	x0,x27,x19	 x27:0x80009ffb x19:0x00000001
       22935000	      2292	80002778	013fc263	blt	x31,x19,8000277c	 x31:0xf7f4676c x19:0x00000001
       22945000	      2293	00000000	00000013	addi	x0,x0,0	  x0:0x00000000
       22955000	      2294	80002778	00000013	addi	x0,x0,0	  x0:0x00000000
       22965000	      2295	8000277c	00475eb3	srl	x29,x14,x4	 x14:0x00000000  x4:0x8c5bb000 x29=0x00000000
       22975000	      2296	80002780	4175db13	srai	x22,x11,0x17	 x11:0x80001f5b x22=0xffffff00
       22985000	      2297	80002784	00ed3e33	sltu	x28,x26,x14	 x26:0x00000000 x14:0x00000000 x28=0x00000000
       22995000	      2298	80002788	01f3dc63	bge	x7,x31,800027a0	  x7:0x80000000 x31:0xf7f4676c
       23005000	      2299	8000278c	0349de63	bge	x19,x20,800027c8	 x19:0x00000001 x20:0x00000013
       23015000	      2300	80002790	00000013	addi	x0,x0,0	  x0:0x00000000
       23025000	      2301	80002794	419ad693	srai	x13,x21,0x19	 x21:0x00000000 x13=0x00000000
       23035000	      2302	80002798	0085f833	and	x16,x11,x8	 x11:0x80001f5b  x8:0x00000000 x16=0x00000000
       23045000	      2303	8000279c	05d97263	bgeu	x18,x29,800027e0	 x18:0xddf336ac x29:0x00000000
       23055000	      2304	00000000	00000013	addi	x0,x0,0	  x0:0x00000000
       23065000	      2305	800027dc	00000013	addi	x0,x0,0	  x0:0x00000000
       23075000	      2306	800027e0	01599913	slli	x18,x19,0x15	 x19:0x00000001 x18=0x00200000
       23085000	      2307	800027e4	5372c393	xori	x7,x5,1335	  x5:0x00000001  x7=0x00000536
       23095000	      2308	800027e8	0094dd33	srl	x26,x9,x9	  x9:0x00000012  x9:0x00000012 x26=0x00000000
       23105000	      2309	800027ec	004ca303	lw	x6,4(x25)	 x25:0x80009f2c  x6=0x80001e8c PA:0x80009f30
       23115000	      2310	800027f0	01d6e1b3	or	x3,x13,x29	 x13:0x00000000 x29:0x00000000  x3=0x00000000
       23125000	      2311	800027f4	010d0033	add	x0,x26,x16	 x26:0x00000000 x16:0x00000000
       23135000	      2312	800027f8	ba560193	addi	x3,x12,-1115	 x12:0x00000001  x3=0xfffffba6
       23145000	      2313	800027fc	0132c733	xor	x14,x5,x19	  x5:0x00000001 x19:0x00000001 x14=0x00000000
       23155000	      2314	80002800	87beee13	ori	x28,x29,-1925	 x29:0x00000000 x28=0xfffff87b
       23165000	      2315	80002804	00cc8c93	addi	x25,x25,12	 x25:0x80009f2c x25=0x80009f38
       23175000	      2316	80002808	01d704b3	add	x9,x14,x29	 x14:0x00000000 x29:0x00000000  x9=0x00000000
       23185000	      2317	8000280c	4434a793	slti	x15,x9,1091	  x9:0x00000000 x15=0x00000001
       23195000	      2318	80002810	00030793	addi	x15,x6,0	  x6:0x80001e8c x15=0x80001e8c
       23205000	      2319	80002814	000787e7	jalr	x15,x15,0	 x15:0x80001e8c x15=0x80002814
       23215000	      2320	00000000	00000013	addi	x0,x0,0	  x0:0x00000000
       23225000	      2321	80001e8c	00000013	addi	x0,x0,0	  x0:0x00000000
       23235000	      2322	80001e90	02f64263	blt	x12,x15,80001eb4	 x12:0x00000001 x15:0x80002814
       23245000	      2323	80001e94	014ad033	srl	x0,x21,x20	 x21:0x00000000 x20:0x00000013
       23255000	      2324	80001e98	004ef1b3	and	x3,x29,x4	 x29:0x00000000  x4:0x8c5bb000  x3=0x00000000
       23265000	      2325	80001e9c	6c829eb7	lui	x29,0x6c829	 x29=0x6c829000
       23275000	      2326	80001ea0	01af9993	slli	x19,x31,0x1a	 x31:0xf7f4676c x19=0xb0000000
       23285000	      2327	80001ea4	411fd4b3	sra	x9,x31,x17	 x31:0xf7f4676c x17:0x00000013  x9=0xfffffefe
       23295000	      2328	80001ea8	007ddb93	srli	x23,x27,0x7	 x27:0x80009ffb x23=0x0100013f
       23305000	      2329	80001eac	00000013	addi	x0,x0,0	  x0:0x00000000
       23315000	      2330	80001eb0	bebdcd13	xori	x26,x27,-1045	 x27:0x80009ffb x26=0x7fff6410
       23325000	      2331	80001eb4	59c0036f	jal	x6,80001eb4	  x6=0x80001eb4
       23335000	      2332	00000000	00000013	addi	x0,x0,0	  x0:0x00000000
       23345000	      2333	8000244c	00000013	addi	x0,x0,0	  x0:0x00000000
       23355000	      2334	80002450	6ce2ba97	auipc	x21,0x6ce2b	 x21=0xece2d44c
       23365000	      2335	80002454	ff4c8c93	addi	x25,x25,-12	 x25:0x80009f38 x25=0x80009f2c
       23375000	      2336	80002458	92738913	addi	x18,x7,-1753	  x7:0x00000536 x18=0xfffffe5d
       23385000	      2337	8000245c	006ca223	sw	x6,4(x25)	 x25:0x80009f2c  x6:0x80001eb4 PA:0x80009f30
       23395000	      2338	80002460	00145393	srli	x7,x8,0x1	  x8:0x00000000  x7=0x00000000
       23405000	      2339	80002464	ff900413	addi	x8,x0,-7	  x0:0x00000000  x8=0xfffffff9
       23415000	      2340	80002468	00900b93	addi	x23,x0,9	  x0:0x00000000 x23=0x00000009
       23425000	      2341	8000246c	00977833	and	x16,x14,x9	 x14:0x00000000  x9:0xfffffefe x16=0x00000000
       23435000	      2342	80002470	00a40413	addi	x8,x8,10	  x8:0xfffffff9  x8=0x00000003
       23445000	      2343	80002474	011511b3	sll	x3,x10,x17	 x10:0x00020000 x17:0x00000013  x3=0x00000000
       23455000	      2344	80002478	ff746ae3	bltu	x8,x23,8000246c	  x8:0x00000003 x23:0x00000009
       23465000	      2345	00000000	00000013	addi	x0,x0,0	  x0:0x00000000
       23475000	      2346	80002468	00000013	addi	x0,x0,0	  x0:0x00000000
       23485000	      2347	8000246c	00977833	and	x16,x14,x9	 x14:0x00000000  x9:0xfffffefe x16=0x00000000
       23495000	      2348	80002470	00a40413	addi	x8,x8,10	  x8:0x00000003  x8=0x0000000d
       23505000	      2349	80002474	011511b3	sll	x3,x10,x17	 x10:0x00020000 x17:0x00000013  x3=0x00000000
       23515000	      2350	80002478	ff746ae3	bltu	x8,x23,8000246c	  x8:0x0000000d x23:0x00000009
       23525000	      2351	8000247c	bc9dbc13	sltiu	x24,x27,-1079	 x27:0x80009ffb x24=0x00000001
       23535000	      2352	80002480	00000a93	addi	x21,x0,0	  x0:0x00000000 x21=0x00000000
       23545000	      2353	80002484	dbbd8193	addi	x3,x27,-581	 x27:0x80009ffb  x3=0x80009db6
       23555000	      2354	80002488	00a4eb33	or	x22,x9,x10	  x9:0xfffffefe x10:0x00020000 x22=0xfffffefe
       23565000	      2355	8000248c	0070c333	xor	x6,x1,x7	  x1:0x00000000  x7:0x00000000  x6=0x00000000
       23575000	      2356	80002490	00f00993	addi	x19,x0,15	  x0:0x00000000 x19=0x0000000f
       23585000	      2357	80002494	430e4e93	xori	x29,x28,1072	 x28:0xfffff87b x29=0xfffffc4b
       23595000	      2358	80002498	41f084b3	sub	x9,x1,x31	  x1:0x00000000 x31:0xf7f4676c  x9=0x080b9894
       23605000	      2359	8000249c	01615a13	srli	x20,x2,0x16	  x2:0x00000001 x20=0x00000000
       23615000	      2360	800024a0	003a8a93	addi	x21,x21,3	 x21:0x00000000 x21=0x00000003
       23625000	      2361	800024a4	ff3acae3	blt	x21,x19,80002498	 x21:0x00000003 x19:0x0000000f
       23635000	      2362	00000000	00000013	addi	x0,x0,0	  x0:0x00000000
       23645000	      2363	80002494	00000013	addi	x0,x0,0	  x0:0x00000000
       23655000	      2364	80002498	41f084b3	sub	x9,x1,x31	  x1:0x00000000 x31:0xf7f4676c  x9=0x080b9894
       23665000	      2365	8000249c	01615a13	srli	x20,x2,0x16	  x2:0x00000001 x20=0x00000000
       23675000	      2366	800024a0	003a8a93	addi	x21,x21,3	 x21:0x00000003 x21=0x00000006
       23685000	      2367	800024a4	ff3acae3	blt	x21,x19,80002498	 x21:0x00000006 x19:0x0000000f
       23695000	      2368	00000000	00000013	addi	x0,x0,0	  x0:0x00000000
       23705000	      2369	80002494	00000013	addi	x0,x0,0	  x0:0x00000000
       23715000	      2370	80002498	41f084b3	sub	x9,x1,x31	  x1:0x00000000 x31:0xf7f4676c  x9=0x080b9894
       23725000	      2371	8000249c	01615a13	srli	x20,x2,0x16	  x2:0x00000001 x20=0x00000000
       23735000	      2372	800024a0	003a8a93	addi	x21,x21,3	 x21:0x00000006 x21=0x00000009
       23745000	      2373	800024a4	ff3acae3	blt	x21,x19,80002498	 x21:0x00000009 x19:0x0000000f
       23755000	      2374	00000000	00000013	addi	x0,x0,0	  x0:0x00000000
       23765000	      2375	80002494	00000013	addi	x0,x0,0	  x0:0x00000000
       23775000	      2376	80002498	41f084b3	sub	x9,x1,x31	  x1:0x00000000 x31:0xf7f4676c  x9=0x080b9894
       23785000	      2377	8000249c	01615a13	srli	x20,x2,0x16	  x2:0x00000001 x20=0x00000000
       23795000	      2378	800024a0	003a8a93	addi	x21,x21,3	 x21:0x00000009 x21=0x0000000c
       23805000	      2379	800024a4	ff3acae3	blt	x21,x19,80002498	 x21:0x0000000c x19:0x0000000f
       23815000	      2380	00000000	00000013	addi	x0,x0,0	  x0:0x00000000
       23825000	      2381	80002494	00000013	addi	x0,x0,0	  x0:0x00000000
       23835000	      2382	80002498	41f084b3	sub	x9,x1,x31	  x1:0x00000000 x31:0xf7f4676c  x9=0x080b9894
       23845000	      2383	8000249c	01615a13	srli	x20,x2,0x16	  x2:0x00000001 x20=0x00000000
       23855000	      2384	800024a0	003a8a93	addi	x21,x21,3	 x21:0x0000000c x21=0x0000000f
       23865000	      2385	800024a4	ff3acae3	blt	x21,x19,80002498	 x21:0x0000000f x19:0x0000000f
       23875000	      2386	800024a8	01c90213	addi	x4,x18,28	 x18:0xfffffe5d  x4=0xfffffe79
       23885000	      2387	800024ac	00400913	addi	x18,x0,4	  x0:0x00000000 x18=0x00000004
       23895000	      2388	800024b0	002c1993	slli	x19,x24,0x2	 x24:0x00000001 x19=0x00000004
       23905000	      2389	800024b4	01200493	addi	x9,x0,18	  x0:0x00000000  x9=0x00000012
       23915000	      2390	800024b8	017b7033	and	x0,x22,x23	 x22:0xfffffefe x23:0x00000009
       23925000	      2391	800024bc	0114feb3	and	x29,x9,x17	  x9:0x00000012 x17:0x00000013 x29=0x00000012
       23935000	      2392	800024c0	00fdf033	and	x0,x27,x15	 x27:0x80009ffb x15:0x80002814
       23945000	      2393	800024c4	00490913	addi	x18,x18,4	 x18:0x00000004 x18=0x00000008
       23955000	      2394	800024c8	00900793	addi	x15,x0,9	  x0:0x00000000 x15=0x00000009
       23965000	      2395	800024cc	ffd00693	addi	x13,x0,-3	  x0:0x00000000 x13=0xfffffffd
       23975000	      2396	800024d0	414b8333	sub	x6,x23,x20	 x23:0x00000009 x20:0x00000000  x6=0x00000009
       23985000	      2397	800024d4	04398d93	addi	x27,x19,67	 x19:0x00000004 x27=0x00000047
       23995000	      2398	800024d8	ffd78793	addi	x15,x15,-3	 x15:0x00000009 x15=0x00000006
       24005000	      2399	800024dc	0036fc33	and	x24,x13,x3	 x13:0xfffffffd  x3:0x80009db6 x24=0x80009db4
       24015000	      2400	800024e0	fed78ae3	beq	x15,x13,800024d4	 x15:0x00000006 x13:0xfffffffd
       24025000	      2401	800024e4	0158b9b3	sltu	x19,x17,x21	 x17:0x00000013 x21:0x0000000f x19=0x00000000
       24035000	      2402	800024e8	fc9948e3	blt	x18,x9,800024b8	 x18:0x00000008  x9:0x00000012
       24045000	      2403	00000000	00000013	addi	x0,x0,0	  x0:0x00000000
       24055000	      2404	800024b4	00000013	addi	x0,x0,0	  x0:0x00000000
       24065000	      2405	800024b8	017b7033	and	x0,x22,x23	 x22:0xfffffefe x23:0x00000009
       24075000	      2406	800024bc	0114feb3	and	x29,x9,x17	  x9:0x00000012 x17:0x00000013 x29=0x00000012
       24085000	      2407	800024c0	00fdf033	and	x0,x27,x15	 x27:0x00000047 x15:0x00000006
       24095000	      2408	800024c4	00490913	addi	x18,x18,4	 x18:0x00000008 x18=0x0000000c
       24105000	      2409	800024c8	00900793	addi	x15,x0,9	  x0:0x00000000 x15=0x00000009
       24115000	      2410	800024cc	ffd00693	addi	x13,x0,-3	  x0:0x00000000 x13=0xfffffffd
       24125000	      2411	800024d0	414b8333	sub	x6,x23,x20	 x23:0x00000009 x20:0x00000000  x6=0x00000009
       24135000	      2412	800024d4	04398d93	addi	x27,x19,67	 x19:0x00000000 x27=0x00000043
       24145000	      2413	800024d8	ffd78793	addi	x15,x15,-3	 x15:0x00000009 x15=0x00000006
       24155000	      2414	800024dc	0036fc33	and	x24,x13,x3	 x13:0xfffffffd  x3:0x80009db6 x24=0x80009db4
       24165000	      2415	800024e0	fed78ae3	beq	x15,x13,800024d4	 x15:0x00000006 x13:0xfffffffd
       24175000	      2416	800024e4	0158b9b3	sltu	x19,x17,x21	 x17:0x00000013 x21:0x0000000f x19=0x00000000
       24185000	      2417	800024e8	fc9948e3	blt	x18,x9,800024b8	 x18:0x0000000c  x9:0x00000012
       24195000	      2418	00000000	00000013	addi	x0,x0,0	  x0:0x00000000
       24205000	      2419	800024b4	00000013	addi	x0,x0,0	  x0:0x00000000
       24215000	      2420	800024b8	017b7033	and	x0,x22,x23	 x22:0xfffffefe x23:0x00000009
       24225000	      2421	800024bc	0114feb3	and	x29,x9,x17	  x9:0x00000012 x17:0x00000013 x29=0x00000012
       24235000	      2422	800024c0	00fdf033	and	x0,x27,x15	 x27:0x00000043 x15:0x00000006
       24245000	      2423	800024c4	00490913	addi	x18,x18,4	 x18:0x0000000c x18=0x00000010
       24255000	      2424	800024c8	00900793	addi	x15,x0,9	  x0:0x00000000 x15=0x00000009
       24265000	      2425	800024cc	ffd00693	addi	x13,x0,-3	  x0:0x00000000 x13=0xfffffffd
       24275000	      2426	800024d0	414b8333	sub	x6,x23,x20	 x23:0x00000009 x20:0x00000000  x6=0x00000009
       24285000	      2427	800024d4	04398d93	addi	x27,x19,67	 x19:0x00000000 x27=0x00000043
       24295000	      2428	800024d8	ffd78793	addi	x15,x15,-3	 x15:0x00000009 x15=0x00000006
       24305000	      2429	800024dc	0036fc33	and	x24,x13,x3	 x13:0xfffffffd  x3:0x80009db6 x24=0x80009db4
       24315000	      2430	800024e0	fed78ae3	beq	x15,x13,800024d4	 x15:0x00000006 x13:0xfffffffd
       24325000	      2431	800024e4	0158b9b3	sltu	x19,x17,x21	 x17:0x00000013 x21:0x0000000f x19=0x00000000
       24335000	      2432	800024e8	fc9948e3	blt	x18,x9,800024b8	 x18:0x00000010  x9:0x00000012
       24345000	      2433	00000000	00000013	addi	x0,x0,0	  x0:0x00000000
       24355000	      2434	800024b4	00000013	addi	x0,x0,0	  x0:0x00000000
       24365000	      2435	800024b8	017b7033	and	x0,x22,x23	 x22:0xfffffefe x23:0x00000009
       24375000	      2436	800024bc	0114feb3	and	x29,x9,x17	  x9:0x00000012 x17:0x00000013 x29=0x00000012
       24385000	      2437	800024c0	00fdf033	and	x0,x27,x15	 x27:0x00000043 x15:0x00000006
       24395000	      2438	800024c4	00490913	addi	x18,x18,4	 x18:0x00000010 x18=0x00000014
       24405000	      2439	800024c8	00900793	addi	x15,x0,9	  x0:0x00000000 x15=0x00000009
       24415000	      2440	800024cc	ffd00693	addi	x13,x0,-3	  x0:0x00000000 x13=0xfffffffd
       24425000	      2441	800024d0	414b8333	sub	x6,x23,x20	 x23:0x00000009 x20:0x00000000  x6=0x00000009
       24435000	      2442	800024d4	04398d93	addi	x27,x19,67	 x19:0x00000000 x27=0x00000043
       24445000	      2443	800024d8	ffd78793	addi	x15,x15,-3	 x15:0x00000009 x15=0x00000006
       24455000	      2444	800024dc	0036fc33	and	x24,x13,x3	 x13:0xfffffffd  x3:0x80009db6 x24=0x80009db4
       24465000	      2445	800024e0	fed78ae3	beq	x15,x13,800024d4	 x15:0x00000006 x13:0xfffffffd
       24475000	      2446	800024e4	0158b9b3	sltu	x19,x17,x21	 x17:0x00000013 x21:0x0000000f x19=0x00000000
       24485000	      2447	800024e8	fc9948e3	blt	x18,x9,800024b8	 x18:0x00000014  x9:0x00000012
       24495000	      2448	800024ec	c4baaa93	slti	x21,x21,-949	 x21:0x0000000f x21=0x00000000
       24505000	      2449	800024f0	0027c7b3	xor	x15,x15,x2	 x15:0x00000006  x2:0x00000001 x15=0x00000007
       24515000	      2450	800024f4	01c686b3	add	x13,x13,x28	 x13:0xfffffffd x28:0xfffff87b x13=0xfffff878
       24525000	      2451	800024f8	d6562e93	slti	x29,x12,-667	 x12:0x00000001 x29=0x00000000
       24535000	      2452	800024fc	0157fab3	and	x21,x15,x21	 x15:0x00000007 x21:0x00000000 x21=0x00000000
       24545000	      2453	80002500	04cd9463	bne	x27,x12,80002548	 x27:0x00000043 x12:0x00000001
       24555000	      2454	00000000	00000013	addi	x0,x0,0	  x0:0x00000000
       24565000	      2455	80002544	00000013	addi	x0,x0,0	  x0:0x00000000
       24575000	      2456	80002548	00000013	addi	x0,x0,0	  x0:0x00000000
       24585000	      2457	8000254c	005de263	bltu	x27,x5,80002550	 x27:0x00000043  x5:0x00000001
       24595000	      2458	80002550	01940db3	add	x27,x8,x25	  x8:0x0000000d x25:0x80009f2c x27=0x80009f39
       24605000	      2459	80002554	01e8db93	srli	x23,x17,0x1e	 x17:0x00000013 x23=0x00000000
       24615000	      2460	80002558	013863b3	or	x7,x16,x19	 x16:0x00000000 x19:0x00000000  x7=0x00000000
       24625000	      2461	8000255c	015e1413	slli	x8,x28,0x15	 x28:0xfffff87b  x8=0x0f600000
       24635000	      2462	80002560	00a14a63	blt	x2,x10,80002574	  x2:0x00000001 x10:0x00020000
       24645000	      2463	00000000	00000013	addi	x0,x0,0	  x0:0x00000000
       24655000	      2464	80002570	00000013	addi	x0,x0,0	  x0:0x00000000
       24665000	      2465	80002574	01389a63	bne	x17,x19,80002588	 x17:0x00000013 x19:0x00000000
       24675000	      2466	00000000	00000013	addi	x0,x0,0	  x0:0x00000000
       24685000	      2467	80002584	00000013	addi	x0,x0,0	  x0:0x00000000
       24695000	      2468	80002588	00f15813	srli	x16,x2,0xf	  x2:0x00000001 x16=0x00000000
       24705000	      2469	8000258c	6791b013	sltiu	x0,x3,1657	  x3:0x80009db6
       24715000	      2470	80002590	81cdca13	xori	x20,x27,-2020	 x27:0x80009f39 x20=0x7fff6725
       24725000	      2471	80002594	01779a63	bne	x15,x23,800025a8	 x15:0x00000007 x23:0x00000000
       24735000	      2472	00000000	00000013	addi	x0,x0,0	  x0:0x00000000
       24745000	      2473	800025a4	00000013	addi	x0,x0,0	  x0:0x00000000
       24755000	      2474	800025a8	09784993	xori	x19,x16,151	 x16:0x00000000 x19=0x00000097
       24765000	      2475	800025ac	0034b7b3	sltu	x15,x9,x3	  x9:0x00000012  x3:0x80009db6 x15=0x00000001
       24775000	      2476	800025b0	03c84863	blt	x16,x28,800025e0	 x16:0x00000000 x28:0xfffff87b
       24785000	      2477	800025b4	03040263	beq	x8,x16,800025d8	  x8:0x0f600000 x16:0x00000000
       24795000	      2478	800025b8	966c8393	addi	x7,x25,-1690	 x25:0x80009f2c  x7=0x80009892
       24805000	      2479	800025bc	fdfc2813	slti	x16,x24,-33	 x24:0x80009db4 x16=0x00000001
       24815000	      2480	800025c0	01aac6b3	xor	x13,x21,x26	 x21:0x00000000 x26:0x7fff6410 x13=0x7fff6410
       24825000	      2481	800025c4	0bc73b13	sltiu	x22,x14,188	 x14:0x00000000 x22=0x00000001
       24835000	      2482	800025c8	f711ca13	xori	x20,x3,-143	  x3:0x80009db6 x20=0x7fff62c7
       24845000	      2483	800025cc	015e5433	srl	x8,x28,x21	 x28:0xfffff87b x21:0x00000000  x8=0xfffff87b
       24855000	      2484	800025d0	014deeb3	or	x29,x27,x20	 x27:0x80009f39 x20:0x7fff62c7 x29=0xffffffff
       24865000	      2485	800025d4	008759b3	srl	x19,x14,x8	 x14:0x00000000  x8:0xfffff87b x19=0x00000000
       24875000	      2486	800025d8	40705633	sra	x12,x0,x7	  x0:0x00000000  x7:0x80009892 x12=0x00000000
       24885000	      2487	800025dc	400d0c33	sub	x24,x26,x0	 x26:0x7fff6410  x0:0x00000000 x24=0x7fff6410
       24895000	      2488	800025e0	01439333	sll	x6,x7,x20	  x7:0x80009892 x20:0x7fff62c7  x6=0x004c4900
       24905000	      2489	800025e4	040de463	bltu	x27,x0,8000262c	 x27:0x80009f39  x0:0x00000000
       24915000	      2490	800025e8	d8a9ad97	auipc	x27,0xd8a9a	 x27=0x58a9c5e4
       24925000	      2491	800025ec	00cecdb3	xor	x27,x29,x12	 x29:0xffffffff x12:0x00000000 x27=0xffffffff
       24935000	      2492	800025f0	0195ab33	slt	x22,x11,x25	 x11:0x80001f5b x25:0x80009f2c x22=0x00000001
       24945000	      2493	800025f4	0020c5b3	xor	x11,x1,x2	  x1:0x00000000  x2:0x00000001 x11=0x00000001
       24955000	      2494	800025f8	0091d833	srl	x16,x3,x9	  x3:0x80009db6  x9:0x00000012 x16=0x00002000
       24965000	      2495	800025fc	015e2bb3	slt	x23,x28,x21	 x28:0xfffff87b x21:0x00000000 x23=0x00000001
       24975000	      2496	80002600	0430e663	bltu	x1,x3,8000264c	  x1:0x00000000  x3:0x80009db6
       24985000	      2497	00000000	00000013	addi	x0,x0,0	  x0:0x00000000
       24995000	      2498	80002648	00000013	addi	x0,x0,0	  x0:0x00000000
       25005000	      2499	8000264c	03866263	bltu	x12,x24,80002670	 x12:0x00000000 x24:0x7fff6410
       25015000	      2500	00000000	00000013	addi	x0,x0,0	  x0:0x00000000
       25025000	      2501	8000266c	00000013	addi	x0,x0,0	  x0:0x00000000
       25035000	      2502	80002670	00a05c63	bge	x0,x10,80002688	  x0:0x00000000 x10:0x00020000
       25045000	      2503	80002674	00ab9263	bne	x23,x10,80002678	 x23:0x00000001 x10:0x00020000
       25055000	      2504	00000000	00000013	addi	x0,x0,0	  x0:0x00000000
       25065000	      2505	80002674	00000013	addi	x0,x0,0	  x0:0x00000000
       25075000	      2506	80002678	03660a63	beq	x12,x22,800026ac	 x12:0x00000000 x22:0x00000001
       25085000	      2507	8000267c	03498c63	beq	x19,x20,800026b4	 x19:0x00000000 x20:0x7fff62c7
       25095000	      2508	80002680	0054e8b3	or	x17,x9,x5	  x9:0x00000012  x5:0x00000001 x17=0x00000013
       25105000	      2509	80002684	5a713e13	sltiu	x28,x2,1447	  x2:0x00000001 x28=0x00000001
       25115000	      2510	80002688	01c88133	add	x2,x17,x28	 x17:0x00000013 x28:0x00000001  x2=0x00000014
       25125000	      2511	8000268c	00dd91b3	sll	x3,x27,x13	 x27:0xffffffff x13:0x7fff6410  x3=0xffff0000
       25135000	      2512	80002690	00e5d513	srli	x10,x11,0xe	 x11:0x00000001 x10=0x00000000
       25145000	      2513	80002694	001b6113	ori	x2,x22,1	 x22:0x00000001  x2=0x00000001
       25155000	      2514	80002698	0286c863	blt	x13,x8,800026c8	 x13:0x7fff6410  x8:0xfffff87b
       25165000	      2515	8000269c	41588a33	sub	x20,x17,x21	 x17:0x00000013 x21:0x00000000 x20=0x00000013
       25175000	      2516	800026a0	41fa0eb3	sub	x29,x20,x31	 x20:0x00000013 x31:0xf7f4676c x29=0x080b98a7
       25185000	      2517	800026a4	0150d0b3	srl	x1,x1,x21	  x1:0x00000000 x21:0x00000000  x1=0x00000000
       25195000	      2518	800026a8	001eae13	slti	x28,x29,1	 x29:0x080b98a7 x28=0x00000000
       25205000	      2519	800026ac	0246fa63	bgeu	x13,x4,800026e0	 x13:0x7fff6410  x4:0xfffffe79
       25215000	      2520	800026b0	5df31917	auipc	x18,0x5df31	 x18=0xddf336ac
       25225000	      2521	800026b4	04ee6663	bltu	x28,x14,80002700	 x28:0x00000000 x14:0x00000000
       25235000	      2522	800026b8	01cb0633	add	x12,x22,x28	 x22:0x00000001 x28:0x00000000 x12=0x00000001
       25245000	      2523	800026bc	40f908b3	sub	x17,x18,x15	 x18:0xddf336ac x15:0x00000001 x17=0xddf336ab
       25255000	      2524	800026c0	0573e263	bltu	x7,x23,80002704	  x7:0x80009892 x23:0x00000001
       25265000	      2525	800026c4	32a12c13	slti	x24,x2,810	  x2:0x00000001 x24=0x00000001
       25275000	      2526	800026c8	018d6e33	or	x28,x26,x24	 x26:0x7fff6410 x24:0x00000001 x28=0x7fff6411
       25285000	      2527	800026cc	406e5693	srai	x13,x28,0x6	 x28:0x7fff6411 x13=0x01fffd90
       25295000	      2528	800026d0	29c63d93	sltiu	x27,x12,668	 x12:0x00000001 x27=0x00000001
       25305000	      2529	800026d4	00b4b333	sltu	x6,x9,x11	  x9:0x00000012 x11:0x00000001  x6=0x00000000
       25315000	      2530	800026d8	01741093	slli	x1,x8,0x17	  x8:0xfffff87b  x1=0x3d800000
       25325000	      2531	800026dc	40ed5493	srai	x9,x26,0xe	 x26:0x7fff6410  x9=0x0001fffd
       25335000	      2532	800026e0	047ff463	bgeu	x31,x7,80002728	 x31:0xf7f4676c  x7:0x80009892
       25345000	      2533	00000000	00000013	addi	x0,x0,0	  x0:0x00000000
       25355000	      2534	80002724	00000013	addi	x0,x0,0	  x0:0x00000000
       25365000	      2535	80002728	01b5c863	blt	x11,x27,80002738	 x11:0x00000001 x27:0x00000001
       25375000	      2536	8000272c	010a12b3	sll	x5,x20,x16	 x20:0x00000013 x16:0x00002000  x5=0x00000013
       25385000	      2537	80002730	01a060b3	or	x1,x0,x26	  x0:0x00000000 x26:0x7fff6410  x1=0x7fff6410
       25395000	      2538	80002734	15f3d8b7	lui	x17,0x15f3d	 x17=0x15f3d000
       25405000	      2539	80002738	007e2733	slt	x14,x28,x7	 x28:0x7fff6411  x7:0x80009892 x14=0x00000000
       25415000	      2540	8000273c	d8823613	sltiu	x12,x4,-632	  x4:0xfffffe79 x12=0x00000000
       25425000	      2541	80002740	00806a63	bltu	x0,x8,80002754	  x0:0x00000000  x8:0xfffff87b
       25435000	      2542	00000000	00000013	addi	x0,x0,0	  x0:0x00000000
       25445000	      2543	80002750	00000013	addi	x0,x0,0	  x0:0x00000000
       25455000	      2544	80002754	01170133	add	x2,x14,x17	 x14:0x00000000 x17:0x15f3d000  x2=0x15f3d000
       25465000	      2545	80002758	8077a093	slti	x1,x15,-2041	 x15:0x00000001  x1=0x00000000
       25475000	      2546	8000275c	018dbb33	sltu	x22,x27,x24	 x27:0x00000001 x24:0x00000001 x22=0x00000000
       25485000	      2547	80002760	40045bb3	sra	x23,x8,x0	  x8:0xfffff87b  x0:0x00000000 x23=0xfffff87b
       25495000	      2548	80002764	418c87b3	sub	x15,x25,x24	 x25:0x80009f2c x24:0x00000001 x15=0x80009f2b
       25505000	      2549	80002768	41b0d7b3	sra	x15,x1,x27	  x1:0x00000000 x27:0x00000001 x15=0x00000000
       25515000	      2550	8000276c	013ffa63	bgeu	x31,x19,80002780	 x31:0xf7f4676c x19:0x00000000
       25525000	      2551	00000000	00000013	addi	x0,x0,0	  x0:0x00000000
       25535000	      2552	8000277c	00000013	addi	x0,x0,0	  x0:0x00000000
       25545000	      2553	80002780	4175db13	srai	x22,x11,0x17	 x11:0x00000001 x22=0x00000000
       25555000	      2554	80002784	00ed3e33	sltu	x28,x26,x14	 x26:0x7fff6410 x14:0x00000000 x28=0x00000000
       25565000	      2555	80002788	01f3dc63	bge	x7,x31,800027a0	  x7:0x80009892 x31:0xf7f4676c
       25575000	      2556	8000278c	0349de63	bge	x19,x20,800027c8	 x19:0x00000000 x20:0x00000013
       25585000	      2557	80002790	00000013	addi	x0,x0,0	  x0:0x00000000
       25595000	      2558	80002794	419ad693	srai	x13,x21,0x19	 x21:0x00000000 x13=0x00000000
       25605000	      2559	80002798	0085f833	and	x16,x11,x8	 x11:0x00000001  x8:0xfffff87b x16=0x00000001
       25615000	      2560	8000279c	05d97263	bgeu	x18,x29,800027e0	 x18:0xddf336ac x29:0x080b98a7
       25625000	      2561	00000000	00000013	addi	x0,x0,0	  x0:0x00000000
       25635000	      2562	800027dc	00000013	addi	x0,x0,0	  x0:0x00000000
       25645000	      2563	800027e0	01599913	slli	x18,x19,0x15	 x19:0x00000000 x18=0x00000000
       25655000	      2564	800027e4	5372c393	xori	x7,x5,1335	  x5:0x00000013  x7=0x00000524
       25665000	      2565	800027e8	0094dd33	srl	x26,x9,x9	  x9:0x0001fffd  x9:0x0001fffd x26=0x00000000
       25675000	      2566	800027ec	004ca303	lw	x6,4(x25)	 x25:0x80009f2c  x6=0x80001eb4 PA:0x80009f30
       25685000	      2567	800027f0	01d6e1b3	or	x3,x13,x29	 x13:0x00000000 x29:0x080b98a7  x3=0x080b98a7
       25695000	      2568	800027f4	010d0033	add	x0,x26,x16	 x26:0x00000000 x16:0x00000001
       25705000	      2569	800027f8	ba560193	addi	x3,x12,-1115	 x12:0x00000000  x3=0xfffffba5
       25715000	      2570	800027fc	0132c733	xor	x14,x5,x19	  x5:0x00000013 x19:0x00000000 x14=0x00000013
       25725000	      2571	80002800	87beee13	ori	x28,x29,-1925	 x29:0x080b98a7 x28=0xfffff8ff
       25735000	      2572	80002804	00cc8c93	addi	x25,x25,12	 x25:0x80009f2c x25=0x80009f38
       25745000	      2573	80002808	01d704b3	add	x9,x14,x29	 x14:0x00000013 x29:0x080b98a7  x9=0x080b98ba
       25755000	      2574	8000280c	4434a793	slti	x15,x9,1091	  x9:0x080b98ba x15=0x00000000
       25765000	      2575	80002810	00030793	addi	x15,x6,0	  x6:0x80001eb4 x15=0x80001eb4
       25775000	      2576	80002814	000787e7	jalr	x15,x15,0	 x15:0x80001eb4 x15=0x80002814
       25785000	      2577	00000000	00000013	addi	x0,x0,0	  x0:0x00000000
       25795000	      2578	80001eb4	00000013	addi	x0,x0,0	  x0:0x00000000
       25805000	      2579	80001eb8	0173f0b3	and	x1,x7,x23	  x7:0x00000524 x23:0xfffff87b  x1=0x00000020
       25815000	      2580	80001ebc	417482b3	sub	x5,x9,x23	  x9:0x080b98ba x23:0xfffff87b  x5=0x080ba03f
       25825000	      2581	80001ec0	0ecbe813	ori	x16,x23,236	 x23:0xfffff87b x16=0xfffff8ff
       25835000	      2582	80001ec4	00a727b3	slt	x15,x14,x10	 x14:0x00000013 x10:0x00000000 x15=0x00000000
       25845000	      2583	80001ec8	0051fc63	bgeu	x3,x5,80001ee0	  x3:0xfffffba5  x5:0x080ba03f
       25855000	      2584	00000000	00000013	addi	x0,x0,0	  x0:0x00000000
       25865000	      2585	80001edc	00000013	addi	x0,x0,0	  x0:0x00000000
       25875000	      2586	80001ee0	01515863	bge	x2,x21,80001ef0	  x2:0x15f3d000 x21:0x00000000
       25885000	      2587	00000000	00000013	addi	x0,x0,0	  x0:0x00000000
       25895000	      2588	80001eec	00000013	addi	x0,x0,0	  x0:0x00000000
       25905000	      2589	80001ef0	01d32033	slt	x0,x6,x29	  x6:0x80001eb4 x29:0x080b98a7
       25915000	      2590	80001ef4	004ca303	lw	x6,4(x25)	 x25:0x80009f38  x6=0x80001f4c PA:0x80009f3c
       25925000	      2591	80001ef8	80d7e837	lui	x16,0x80d7e	 x16=0x80d7e000
       25935000	      2592	80001efc	016831b3	sltu	x3,x16,x22	 x16:0x80d7e000 x22:0x00000000  x3=0x00000000
       25945000	      2593	80001f00	02cc8c93	addi	x25,x25,44	 x25:0x80009f38 x25=0x80009f64
       25955000	      2594	80001f04	009d69b3	or	x19,x26,x9	 x26:0x00000000  x9:0x080b98ba x19=0x080b98ba
       25965000	      2595	80001f08	00030593	addi	x11,x6,0	  x6:0x80001f4c x11=0x80001f4c
       25975000	      2596	80001f0c	000585e7	jalr	x11,x11,0	 x11:0x80001f4c x11=0x80001f0c
       25985000	      2597	00000000	00000013	addi	x0,x0,0	  x0:0x00000000
       25995000	      2598	80001f4c	00000013	addi	x0,x0,0	  x0:0x00000000
       26005000	      2599	80001f50	7651eb97	auipc	x23,0x7651e	 x23=0xf651ff4c
       26015000	      2600	80001f54	14393593	sltiu	x11,x18,323	 x18:0x00000000 x11=0x00000001
       26025000	      2601	80001f58	0061ebb3	or	x23,x3,x6	  x3:0x00000000  x6:0x80001f4c x23=0x80001f4c
       26035000	      2602	80001f5c	00bf3b33	sltu	x22,x30,x11	 x30:0x80009fc4 x11:0x00000001 x22=0x00000000
       26045000	      2603	80001f60	4f858613	addi	x12,x11,1272	 x11:0x00000001 x12=0x000004f9
       26055000	      2604	80001f64	40365993	srai	x19,x12,0x3	 x12:0x000004f9 x19=0x0000009f
       26065000	      2605	80001f68	00085e33	srl	x28,x16,x0	 x16:0x80d7e000  x0:0x00000000 x28=0x80d7e000
       26075000	      2606	80001f6c	a877f397	auipc	x7,0xa877f	  x7=0x28780f68
       26085000	      2607	80001f70	00000013	addi	x0,x0,0	  x0:0x00000000
       26095000	      2608	80001f74	054df863	bgeu	x27,x20,80001fc4	 x27:0x00000001 x20:0x00000013
       26105000	      2609	80001f78	01231793	slli	x15,x6,0x12	  x6:0x80001f4c x15=0x7d300000
       26115000	      2610	80001f7c	35ca6237	lui	x4,0x35ca6	  x4=0x35ca6000
       26125000	      2611	80001f80	001029b3	slt	x19,x0,x1	  x0:0x00000000  x1:0x00000020 x19=0x00000001
       26135000	      2612	80001f84	f37a2e93	slti	x29,x20,-201	 x20:0x00000013 x29=0x00000000
       26145000	      2613	80001f88	01a5eab3	or	x21,x11,x26	 x11:0x00000001 x26:0x00000000 x21=0x00000001
       26155000	      2614	80001f8c	e9b7a213	slti	x4,x15,-357	 x15:0x7d300000  x4=0x00000000
       26165000	      2615	80001f90	4fedd5b7	lui	x11,0x4fedd	 x11=0x4fedd000
       26175000	      2616	80001f94	00ad1663	bne	x26,x10,80001fa0	 x26:0x00000000 x10:0x00000000
       26185000	      2617	80001f98	019b95b3	sll	x11,x23,x25	 x23:0x80001f4c x25:0x80009f64 x11=0x0001f4c0
       26195000	      2618	80001f9c	01c41db3	sll	x27,x8,x28	  x8:0xfffff87b x28:0x80d7e000 x27=0xfffff87b
       26205000	      2619	80001fa0	00a33b33	sltu	x22,x6,x10	  x6:0x80001f4c x10:0x00000000 x22=0x00000000
       26215000	      2620	80001fa4	00000013	addi	x0,x0,0	  x0:0x00000000
       26225000	      2621	80001fa8	fb9ec993	xori	x19,x29,-71	 x29:0x00000000 x19=0xffffffb9
       26235000	      2622	80001fac	00918a63	beq	x3,x9,80001fc0	  x3:0x00000000  x9:0x080b98ba
       26245000	      2623	80001fb0	05c9e863	bltu	x19,x28,80002000	 x19:0xffffffb9 x28:0x80d7e000
       26255000	      2624	80001fb4	00dc5633	srl	x12,x24,x13	 x24:0x00000001 x13:0x00000000 x12=0x00000001
       26265000	      2625	80001fb8	40c9d313	srai	x6,x19,0xc	 x19:0xffffffb9  x6=0xffffffff
       26275000	      2626	80001fbc	0243f063	bgeu	x7,x4,80001fdc	  x7:0x28780f68  x4:0x00000000
       26285000	      2627	00000000	00000013	addi	x0,x0,0	  x0:0x00000000
       26295000	      2628	80001fd8	00000013	addi	x0,x0,0	  x0:0x00000000
       26305000	      2629	80001fdc	03434063	blt	x6,x20,80001ffc	  x6:0xffffffff x20:0x00000013
       26315000	      2630	00000000	00000013	addi	x0,x0,0	  x0:0x00000000
       26325000	      2631	80001ff8	00000013	addi	x0,x0,0	  x0:0x00000000
       26335000	      2632	80001ffc	017ee3b3	or	x7,x29,x23	 x29:0x00000000 x23:0x80001f4c  x7=0x80001f4c
       26345000	      2633	80002000	40325db3	sra	x27,x4,x3	  x4:0x00000000  x3:0x00000000 x27=0x00000000
       26355000	      2634	80002004	004ca303	lw	x6,4(x25)	 x25:0x80009f64  x6=0x80002864 PA:0x80009f68
       26365000	      2635	80002008	584e8917	auipc	x18,0x584e8	 x18=0xd84ea004
       26375000	      2636	8000200c	408659b3	sra	x19,x12,x8	 x12:0x00000001  x8:0xfffff87b x19=0x00000000
       26385000	      2637	80002010	0053d933	srl	x18,x7,x5	  x7:0x80001f4c  x5:0x080ba03f x18=0x00000001
       26395000	      2638	80002014	00cc8c93	addi	x25,x25,12	 x25:0x80009f64 x25=0x80009f70
       26405000	      2639	80002018	009ffab3	and	x21,x31,x9	 x31:0xf7f4676c  x9:0x080b98ba x21=0x00000028
       26415000	      2640	8000201c	00130e93	addi	x29,x6,1	  x6:0x80002864 x29=0x80002865
       26425000	      2641	80002020	000e8ee7	jalr	x29,x29,0	 x29:0x80002865 x29=0x80002020
       26435000	      2642	00000000	00000013	addi	x0,x0,0	  x0:0x00000000
       26445000	      2643	80002864	00000013	addi	x0,x0,0	  x0:0x00000000
       26455000	      2644	80002868	fffff497	auipc	x9,0xfffff	  x9=0x80001864
       26465000	      2645	8000286c	7bc48493	addi	x9,x9,1980	  x9:0x80001864  x9=0x80002020
       26475000	      2646	80002870	39d48493	addi	x9,x9,925	  x9:0x80002020  x9=0x800023bd
       26485000	      2647	80002874	00f556b3	srl	x13,x10,x15	 x10:0x00000000 x15:0x7d300000 x13=0x00000000
       26495000	      2648	80002878	00021593	slli	x11,x4,0x0	  x4:0x00000000 x11=0x00000000
       26505000	      2649	8000287c	01c01d93	slli	x27,x0,0x1c	  x0:0x00000000 x27=0x00000000
       26515000	      2650	80002880	943bb213	sltiu	x4,x23,-1725	 x23:0x80001f4c  x4=0x00000001
       26525000	      2651	80002884	00c79663	bne	x15,x12,80002890	 x15:0x7d300000 x12:0x00000001
       26535000	      2652	00000000	00000013	addi	x0,x0,0	  x0:0x00000000
       26545000	      2653	8000288c	00000013	addi	x0,x0,0	  x0:0x00000000
       26555000	      2654	80002890	c6348367	jalr	x6,x9,-925	  x9:0x800023bd  x6=0x80002890
       26565000	      2655	00000000	00000013	addi	x0,x0,0	  x0:0x00000000
       26575000	      2656	80002020	00000013	addi	x0,x0,0	  x0:0x00000000
       26585000	      2657	80002024	010b5463	bge	x22,x16,8000202c	 x22:0x00000000 x16:0x80d7e000
       26595000	      2658	00000000	00000013	addi	x0,x0,0	  x0:0x00000000
       26605000	      2659	80002028	00000013	addi	x0,x0,0	  x0:0x00000000
       26615000	      2660	8000202c	fe8c8c93	addi	x25,x25,-24	 x25:0x80009f70 x25=0x80009f58
       26625000	      2661	80002030	41248e33	sub	x28,x9,x18	  x9:0x800023bd x18:0x00000001 x28=0x800023bc
       26635000	      2662	80002034	006ca223	sw	x6,4(x25)	 x25:0x80009f58  x6:0x80002890 PA:0x80009f5c
       26645000	      2663	80002038	010050b3	srl	x1,x0,x16	  x0:0x00000000 x16:0x80d7e000  x1=0x00000000
       26655000	      2664	8000203c	0186e7b3	or	x15,x13,x24	 x13:0x00000000 x24:0x00000001 x15=0x00000001
       26665000	      2665	80002040	41815c33	sra	x24,x2,x24	  x2:0x15f3d000 x24:0x00000001 x24=0x0af9e800
       26675000	      2666	80002044	9948ba97	auipc	x21,0x9948b	 x21=0x1948d040
       26685000	      2667	80002048	3620cb13	xori	x22,x1,866	  x1:0x00000000 x22=0x00000362
       26695000	      2668	8000204c	0066f6b3	and	x13,x13,x6	 x13:0x00000000  x6:0x80002890 x13=0x00000000
       26705000	      2669	80002050	ffb00b93	addi	x23,x0,-5	  x0:0x00000000 x23=0xfffffffb
       26715000	      2670	80002054	41ed5213	srai	x4,x26,0x1e	 x26:0x00000000  x4=0x00000000
       26725000	      2671	80002058	912fa793	slti	x15,x31,-1774	 x31:0xf7f4676c x15=0x00000001
       26735000	      2672	8000205c	d4bec793	xori	x15,x29,-693	 x29:0x80002020 x15=0x7fffdd6b
       26745000	      2673	80002060	f2008693	addi	x13,x1,-224	  x1:0x00000000 x13=0xffffff20
       26755000	      2674	80002064	00800c13	addi	x24,x0,8	  x0:0x00000000 x24=0x00000008
       26765000	      2675	80002068	00aad3b3	srl	x7,x21,x10	 x21:0x1948d040 x10:0x00000000  x7=0x1948d040
       26775000	      2676	8000206c	41ad86b3	sub	x13,x27,x26	 x27:0x00000000 x26:0x00000000 x13=0x00000000
       26785000	      2677	80002070	01ada733	slt	x14,x27,x26	 x27:0x00000000 x26:0x00000000 x14=0x00000000
       26795000	      2678	80002074	4180dd13	srai	x26,x1,0x18	  x1:0x00000000 x26=0x00000000
       26805000	      2679	80002078	00cdfab3	and	x21,x27,x12	 x27:0x00000000 x12:0x00000001 x21=0x00000000
       26815000	      2680	8000207c	01f09113	slli	x2,x1,0x1f	  x1:0x00000000  x2=0x00000000
       26825000	      2681	80002080	fde70717	auipc	x14,0xfde70	 x14=0x7de7207c
       26835000	      2682	80002084	007b8b93	addi	x23,x23,7	 x23:0xfffffffb x23=0x00000002
       26845000	      2683	80002088	40005d33	sra	x26,x0,x0	  x0:0x00000000  x0:0x00000000 x26=0x00000000
       26855000	      2684	8000208c	ff700613	addi	x12,x0,-9	  x0:0x00000000 x12=0xfffffff7
       26865000	      2685	80002090	13a83593	sltiu	x11,x16,314	 x16:0x80d7e000 x11=0x00000000
       26875000	      2686	80002094	fed00193	addi	x3,x0,-19	  x0:0x00000000  x3=0xffffffed
       26885000	      2687	80002098	dc58db17	auipc	x22,0xdc58d	 x22=0x5c58f094
       26895000	      2688	8000209c	00a09993	slli	x19,x1,0xa	  x1:0x00000000 x19=0x00000000
       26905000	      2689	800020a0	67f9a693	slti	x13,x19,1663	 x19:0x00000000 x13=0x00000001
       26915000	      2690	800020a4	31f37e13	andi	x28,x6,799	  x6:0x80002890 x28=0x00000010
       26925000	      2691	800020a8	ffb60613	addi	x12,x12,-5	 x12:0xfffffff7 x12=0xfffffff2
       26935000	      2692	800020ac	01835d33	srl	x26,x6,x24	  x6:0x80002890 x24:0x00000008 x26=0x00800028
       26945000	      2693	800020b0	20db7293	andi	x5,x22,525	 x22:0x5c58f094  x5=0x00000004
       26955000	      2694	800020b4	fe3616e3	bne	x12,x3,800020a0	 x12:0xfffffff2  x3:0xffffffed
       26965000	      2695	00000000	00000013	addi	x0,x0,0	  x0:0x00000000
       26975000	      2696	8000209c	00000013	addi	x0,x0,0	  x0:0x00000000
       26985000	      2697	800020a0	67f9a693	slti	x13,x19,1663	 x19:0x00000000 x13=0x00000001
       26995000	      2698	800020a4	31f37e13	andi	x28,x6,799	  x6:0x80002890 x28=0x00000010
       27005000	      2699	800020a8	ffb60613	addi	x12,x12,-5	 x12:0xfffffff2 x12=0xffffffed
       27015000	      2700	800020ac	01835d33	srl	x26,x6,x24	  x6:0x80002890 x24:0x00000008 x26=0x00800028
       27025000	      2701	800020b0	20db7293	andi	x5,x22,525	 x22:0x5c58f094  x5=0x00000004
       27035000	      2702	800020b4	fe3616e3	bne	x12,x3,800020a0	 x12:0xffffffed  x3:0xffffffed
       27045000	      2703	800020b8	01b52233	slt	x4,x10,x27	 x10:0x00000000 x27:0x00000000  x4=0x00000000
       27055000	      2704	800020bc	fb8beee3	bltu	x23,x24,80002078	 x23:0x00000002 x24:0x00000008
       27065000	      2705	00000000	00000013	addi	x0,x0,0	  x0:0x00000000
       27075000	      2706	80002074	00000013	addi	x0,x0,0	  x0:0x00000000
       27085000	      2707	80002078	00cdfab3	and	x21,x27,x12	 x27:0x00000000 x12:0xffffffed x21=0x00000000
       27095000	      2708	8000207c	01f09113	slli	x2,x1,0x1f	  x1:0x00000000  x2=0x00000000
       27105000	      2709	80002080	fde70717	auipc	x14,0xfde70	 x14=0x7de7207c
       27115000	      2710	80002084	007b8b93	addi	x23,x23,7	 x23:0x00000002 x23=0x00000009
       27125000	      2711	80002088	40005d33	sra	x26,x0,x0	  x0:0x00000000  x0:0x00000000 x26=0x00000000
       27135000	      2712	8000208c	ff700613	addi	x12,x0,-9	  x0:0x00000000 x12=0xfffffff7
       27145000	      2713	80002090	13a83593	sltiu	x11,x16,314	 x16:0x80d7e000 x11=0x00000000
       27155000	      2714	80002094	fed00193	addi	x3,x0,-19	  x0:0x00000000  x3=0xffffffed
       27165000	      2715	80002098	dc58db17	auipc	x22,0xdc58d	 x22=0x5c58f094
       27175000	      2716	8000209c	00a09993	slli	x19,x1,0xa	  x1:0x00000000 x19=0x00000000
       27185000	      2717	800020a0	67f9a693	slti	x13,x19,1663	 x19:0x00000000 x13=0x00000001
       27195000	      2718	800020a4	31f37e13	andi	x28,x6,799	  x6:0x80002890 x28=0x00000010
       27205000	      2719	800020a8	ffb60613	addi	x12,x12,-5	 x12:0xfffffff7 x12=0xfffffff2
       27215000	      2720	800020ac	01835d33	srl	x26,x6,x24	  x6:0x80002890 x24:0x00000008 x26=0x00800028
       27225000	      2721	800020b0	20db7293	andi	x5,x22,525	 x22:0x5c58f094  x5=0x00000004
       27235000	      2722	800020b4	fe3616e3	bne	x12,x3,800020a0	 x12:0xfffffff2  x3:0xffffffed
       27245000	      2723	00000000	00000013	addi	x0,x0,0	  x0:0x00000000
       27255000	      2724	8000209c	00000013	addi	x0,x0,0	  x0:0x00000000
       27265000	      2725	800020a0	67f9a693	slti	x13,x19,1663	 x19:0x00000000 x13=0x00000001
       27275000	      2726	800020a4	31f37e13	andi	x28,x6,799	  x6:0x80002890 x28=0x00000010
       27285000	      2727	800020a8	ffb60613	addi	x12,x12,-5	 x12:0xfffffff2 x12=0xffffffed
       27295000	      2728	800020ac	01835d33	srl	x26,x6,x24	  x6:0x80002890 x24:0x00000008 x26=0x00800028
       27305000	      2729	800020b0	20db7293	andi	x5,x22,525	 x22:0x5c58f094  x5=0x00000004
       27315000	      2730	800020b4	fe3616e3	bne	x12,x3,800020a0	 x12:0xffffffed  x3:0xffffffed
       27325000	      2731	800020b8	01b52233	slt	x4,x10,x27	 x10:0x00000000 x27:0x00000000  x4=0x00000000
       27335000	      2732	800020bc	fb8beee3	bltu	x23,x24,80002078	 x23:0x00000009 x24:0x00000008
       27345000	      2733	800020c0	65568393	addi	x7,x13,1621	 x13:0x00000001  x7=0x00000656
       27355000	      2734	800020c4	00700713	addi	x14,x0,7	  x0:0x00000000 x14=0x00000007
       27365000	      2735	800020c8	fff00d13	addi	x26,x0,-1	  x0:0x00000000 x26=0xffffffff
       27375000	      2736	800020cc	c793e213	ori	x4,x7,-903	  x7:0x00000656  x4=0xfffffe7f
       27385000	      2737	800020d0	ffc70713	addi	x14,x14,-4	 x14:0x00000007 x14=0x00000003
       27395000	      2738	800020d4	00700513	addi	x10,x0,7	  x0:0x00000000 x10=0x00000007
       27405000	      2739	800020d8	00d00493	addi	x9,x0,13	  x0:0x00000000  x9=0x0000000d
       27415000	      2740	800020dc	9a1d2993	slti	x19,x26,-1631	 x26:0xffffffff x19=0x00000000
       27425000	      2741	800020e0	00950513	addi	x10,x10,9	 x10:0x00000007 x10=0x00000010
       27435000	      2742	800020e4	fe956ce3	bltu	x10,x9,800020dc	 x10:0x00000010  x9:0x0000000d
       27445000	      2743	800020e8	ffa702e3	beq	x14,x26,800020cc	 x14:0x00000003 x26:0xffffffff
       27455000	      2744	800020ec	008fd093	srli	x1,x31,0x8	 x31:0xf7f4676c  x1=0x00f7f467
       27465000	      2745	800020f0	6dd5ab93	slti	x23,x11,1757	 x11:0x00000000 x23=0x00000001
       27475000	      2746	800020f4	41948733	sub	x14,x9,x25	  x9:0x0000000d x25:0x80009f58 x14=0x7fff60b5
       27485000	      2747	800020f8	0135ee33	or	x28,x11,x19	 x11:0x00000000 x19:0x00000000 x28=0x00000000
       27495000	      2748	800020fc	2d044613	xori	x12,x8,720	  x8:0xfffff87b x12=0xfffffaab
       27505000	      2749	80002100	9f3dc413	xori	x8,x27,-1549	 x27:0x00000000  x8=0xfffff9f3
       27515000	      2750	80002104	03846863	bltu	x8,x24,80002134	  x8:0xfffff9f3 x24:0x00000008
       27525000	      2751	80002108	01046733	or	x14,x8,x16	  x8:0xfffff9f3 x16:0x80d7e000 x14=0xfffff9f3
       27535000	      2752	8000210c	01aa5c63	bge	x20,x26,80002124	 x20:0x00000013 x26:0xffffffff
       27545000	      2753	00000000	00000013	addi	x0,x0,0	  x0:0x00000000
       27555000	      2754	80002120	00000013	addi	x0,x0,0	  x0:0x00000000
       27565000	      2755	80002124	0263c263	blt	x7,x6,80002148	  x7:0x00000656  x6:0x80002890
       27575000	      2756	80002128	02647a63	bgeu	x8,x6,8000215c	  x8:0xfffff9f3  x6:0x80002890
       27585000	      2757	00000000	00000013	addi	x0,x0,0	  x0:0x00000000
       27595000	      2758	80002158	00000013	addi	x0,x0,0	  x0:0x00000000
       27605000	      2759	8000215c	01d2d093	srli	x1,x5,0x1d	  x5:0x00000004  x1=0x00000000
       27615000	      2760	80002160	00535463	bge	x6,x5,80002168	  x6:0x80002890  x5:0x00000004
       27625000	      2761	80002164	001da233	slt	x4,x27,x1	 x27:0x00000000  x1:0x00000000  x4=0x00000000
       27635000	      2762	80002168	33022993	slti	x19,x4,816	  x4:0x00000000 x19=0x00000001
       27645000	      2763	8000216c	41f18c33	sub	x24,x3,x31	  x3:0xffffffed x31:0xf7f4676c x24=0x080b9881
       27655000	      2764	80002170	b7f71537	lui	x10,0xb7f71	 x10=0xb7f71000
       27665000	      2765	80002174	da634437	lui	x8,0xda634	  x8=0xda634000
       27675000	      2766	80002178	3f6fe613	ori	x12,x31,1014	 x31:0xf7f4676c x12=0xf7f467fe
       27685000	      2767	8000217c	014a5333	srl	x6,x20,x20	 x20:0x00000013 x20:0x00000013  x6=0x00000000
       27695000	      2768	80002180	016b99b3	sll	x19,x23,x22	 x23:0x00000001 x22:0x5c58f094 x19=0x00100000
       27705000	      2769	80002184	002453b3	srl	x7,x8,x2	  x8:0xda634000  x2:0x00000000  x7=0xda634000
       27715000	      2770	80002188	05a51463	bne	x10,x26,800021d0	 x10:0xb7f71000 x26:0xffffffff
       27725000	      2771	00000000	00000013	addi	x0,x0,0	  x0:0x00000000
       27735000	      2772	800021cc	00000013	addi	x0,x0,0	  x0:0x00000000
       27745000	      2773	800021d0	006af633	and	x12,x21,x6	 x21:0x00000000  x6:0x00000000 x12=0x00000000
       27755000	      2774	800021d4	007ff263	bgeu	x31,x7,800021d8	 x31:0xf7f4676c  x7:0xda634000
       27765000	      2775	00000000	00000013	addi	x0,x0,0	  x0:0x00000000
       27775000	      2776	800021d4	00000013	addi	x0,x0,0	  x0:0x00000000
       27785000	      2777	800021d8	01841bb3	sll	x23,x8,x24	  x8:0xda634000 x24:0x080b9881 x23=0xb4c68000
       27795000	      2778	800021dc	41bbd3b3	sra	x7,x23,x27	 x23:0xb4c68000 x27:0x00000000  x7=0xb4c68000
       27805000	      2779	800021e0	00c992b3	sll	x5,x19,x12	 x19:0x00100000 x12:0x00000000  x5=0x00100000
       27815000	      2780	800021e4	05679263	bne	x15,x22,80002228	 x15:0x7fffdd6b x22:0x5c58f094
       27825000	      2781	00000000	00000013	addi	x0,x0,0	  x0:0x00000000
       27835000	      2782	80002224	00000013	addi	x0,x0,0	  x0:0x00000000
       27845000	      2783	80002228	0024de13	srli	x28,x9,0x2	  x9:0x0000000d x28=0x00000003
       27855000	      2784	8000222c	66c7f013	andi	x0,x15,1644	 x15:0x7fffdd6b
       27865000	      2785	80002230	65133737	lui	x14,0x65133	 x14=0x65133000
       27875000	      2786	80002234	04d55863	bge	x10,x13,80002284	 x10:0xb7f71000 x13:0x00000001
       27885000	      2787	80002238	abb3fa93	andi	x21,x7,-1349	  x7:0xb4c68000 x21=0xb4c68000
       27895000	      2788	8000223c	00878133	add	x2,x15,x8	 x15:0x7fffdd6b  x8:0xda634000  x2=0x5a631d6b
       27905000	      2789	80002240	b0d58613	addi	x12,x11,-1267	 x11:0x00000000 x12=0xfffffb0d
       27915000	      2790	80002244	41c95b13	srai	x22,x18,0x1c	 x18:0x00000001 x22=0x00000000
       27925000	      2791	80002248	4dd7c393	xori	x7,x15,1245	 x15:0x7fffdd6b  x7=0x7fffd9b6
       27935000	      2792	8000224c	01960eb3	add	x29,x12,x25	 x12:0xfffffb0d x25:0x80009f58 x29=0x80009a65
       27945000	      2793	80002250	4177db93	srai	x23,x15,0x17	 x15:0x7fffdd6b x23=0x000000ff
       27955000	      2794	80002254	8bfebd93	sltiu	x27,x29,-1857	 x29:0x80009a65 x27=0x00000001
       27965000	      2795	80002258	419a5533	sra	x10,x20,x25	 x20:0x00000013 x25:0x80009f58 x10=0x00000000
       27975000	      2796	8000225c	2f748793	addi	x15,x9,759	  x9:0x0000000d x15=0x00000304
       27985000	      2797	80002260	01dace63	blt	x21,x29,8000227c	 x21:0xb4c68000 x29:0x80009a65
       27995000	      2798	80002264	01b7ba33	sltu	x20,x15,x27	 x15:0x00000304 x27:0x00000001 x20=0x00000000
       28005000	      2799	80002268	370be113	ori	x2,x23,880	 x23:0x000000ff  x2=0x000003ff
       28015000	      2800	8000226c	037d0263	beq	x26,x23,80002290	 x26:0xffffffff x23:0x000000ff
       28025000	      2801	80002270	00b81393	slli	x7,x16,0xb	 x16:0x80d7e000  x7=0xbf000000
       28035000	      2802	80002274	57ac7797	auipc	x15,0x57ac7	 x15=0xd7ac9270
       28045000	      2803	80002278	b0507b93	andi	x23,x0,-1275	  x0:0x00000000 x23=0x00000000
       28055000	      2804	8000227c	02819463	bne	x3,x8,800022a4	  x3:0xffffffed  x8:0xda634000
       28065000	      2805	00000000	00000013	addi	x0,x0,0	  x0:0x00000000
       28075000	      2806	800022a0	00000013	addi	x0,x0,0	  x0:0x00000000
       28085000	      2807	800022a4	011c7733	and	x14,x24,x17	 x24:0x080b9881 x17:0x15f3d000 x14=0x00039000
       28095000	      2808	800022a8	52662293	slti	x5,x12,1318	 x12:0xfffffb0d  x5=0x00000001
       28105000	      2809	800022ac	40e9d693	srai	x13,x19,0xe	 x19:0x00100000 x13=0x00000040
       28115000	      2810	800022b0	017ba833	slt	x16,x23,x23	 x23:0x00000000 x23:0x00000000 x16=0x00000000
       28125000	      2811	800022b4	004eea63	bltu	x29,x4,800022c8	 x29:0x80009a65  x4:0x00000000
       28135000	      2812	800022b8	04616063	bltu	x2,x6,800022f8	  x2:0x000003ff  x6:0x00000000
       28145000	      2813	800022bc	00b6b433	sltu	x8,x13,x11	 x13:0x00000040 x11:0x00000000  x8=0x00000000
       28155000	      2814	800022c0	250b2837	lui	x16,0x250b2	 x16=0x250b2000
       28165000	      2815	800022c4	01ce3e33	sltu	x28,x28,x28	 x28:0x00000003 x28:0x00000003 x28=0x00000000
       28175000	      2816	800022c8	0049d213	srli	x4,x19,0x4	 x19:0x00100000  x4=0x00010000
       28185000	      2817	800022cc	00000013	addi	x0,x0,0	  x0:0x00000000
       28195000	      2818	800022d0	0121cdb3	xor	x27,x3,x18	  x3:0xffffffed x18:0x00000001 x27=0xffffffec
       28205000	      2819	800022d4	04435063	bge	x6,x4,80002314	  x6:0x00000000  x4:0x00010000
       28215000	      2820	800022d8	415182b3	sub	x5,x3,x21	  x3:0xffffffed x21:0xb4c68000  x5=0x4b397fed
       28225000	      2821	800022dc	0066a013	slti	x0,x13,6	 x13:0x00000040
       28235000	      2822	800022e0	4135d833	sra	x16,x11,x19	 x11:0x00000000 x19:0x00100000 x16=0x00000000
       28245000	      2823	800022e4	0058a633	slt	x12,x17,x5	 x17:0x15f3d000  x5:0x4b397fed x12=0x00000001
       28255000	      2824	800022e8	00709013	slli	x0,x1,0x7	  x1:0x00000000
       28265000	      2825	800022ec	06e31a63	bne	x6,x14,80002360	  x6:0x00000000 x14:0x00039000
       28275000	      2826	00000000	00000013	addi	x0,x0,0	  x0:0x00000000
       28285000	      2827	8000235c	00000013	addi	x0,x0,0	  x0:0x00000000
       28295000	      2828	80002360	01f49313	slli	x6,x9,0x1f	  x9:0x0000000d  x6=0x80000000
       28305000	      2829	80002364	75f17113	andi	x2,x2,1887	  x2:0x000003ff  x2=0x0000035f
       28315000	      2830	80002368	003b67b3	or	x15,x22,x3	 x22:0x00000000  x3:0xffffffed x15=0xffffffed
       28325000	      2831	8000236c	41e9d593	srai	x11,x19,0x1e	 x19:0x00100000 x11=0x00000000
       28335000	      2832	80002370	00000013	addi	x0,x0,0	  x0:0x00000000
       28345000	      2833	80002374	01521333	sll	x6,x4,x21	  x4:0x00010000 x21:0xb4c68000  x6=0x00010000
       28355000	      2834	80002378	01fdc463	blt	x27,x31,80002380	 x27:0xffffffec x31:0xf7f4676c
       28365000	      2835	8000237c	40358933	sub	x18,x11,x3	 x11:0x00000000  x3:0xffffffed x18=0x00000013
       28375000	      2836	80002380	01ff47b3	xor	x15,x30,x31	 x30:0x80009fc4 x31:0xf7f4676c x15=0x77f4f8a8
       28385000	      2837	80002384	01e54e63	blt	x10,x30,800023a0	 x10:0x00000000 x30:0x80009fc4
       28395000	      2838	80002388	013bfc33	and	x24,x23,x19	 x23:0x00000000 x19:0x00100000 x24=0x00000000
       28405000	      2839	8000238c	40ef8033	sub	x0,x31,x14	 x31:0xf7f4676c x14:0x00039000
       28415000	      2840	80002390	00409a63	bne	x1,x4,800023a4	  x1:0x00000000  x4:0x00010000
       28425000	      2841	00000000	00000013	addi	x0,x0,0	  x0:0x00000000
       28435000	      2842	800023a0	00000013	addi	x0,x0,0	  x0:0x00000000
       28445000	      2843	800023a4	bffb6e93	ori	x29,x22,-1025	 x22:0x00000000 x29=0xfffffbff
       28455000	      2844	800023a8	00000013	addi	x0,x0,0	  x0:0x00000000
       28465000	      2845	800023ac	00852e33	slt	x28,x10,x8	 x10:0x00000000  x8:0x00000000 x28=0x00000000
       28475000	      2846	800023b0	03f01463	bne	x0,x31,800023d8	  x0:0x00000000 x31:0xf7f4676c
       28485000	      2847	00000000	00000013	addi	x0,x0,0	  x0:0x00000000
       28495000	      2848	800023d4	00000013	addi	x0,x0,0	  x0:0x00000000
       28505000	      2849	800023d8	00ef0c33	add	x24,x30,x14	 x30:0x80009fc4 x14:0x00039000 x24=0x80042fc4
       28515000	      2850	800023dc	0276f463	bgeu	x13,x7,80002404	 x13:0x00000040  x7:0xbf000000
       28525000	      2851	800023e0	00fd7663	bgeu	x26,x15,800023ec	 x26:0xffffffff x15:0x77f4f8a8
       28535000	      2852	00000000	00000013	addi	x0,x0,0	  x0:0x00000000
       28545000	      2853	800023e8	00000013	addi	x0,x0,0	  x0:0x00000000
       28555000	      2854	800023ec	536da993	slti	x19,x27,1334	 x27:0xffffffec x19=0x00000001
       28565000	      2855	800023f0	de9bc113	xori	x2,x23,-535	 x23:0x00000000  x2=0xfffffde9
       28575000	      2856	800023f4	02bcea63	bltu	x25,x11,80002428	 x25:0x80009f58 x11:0x00000000
       28585000	      2857	800023f8	407c5b33	sra	x22,x24,x7	 x24:0x80042fc4  x7:0xbf000000 x22=0x80042fc4
       28595000	      2858	800023fc	009448b3	xor	x17,x8,x9	  x8:0x00000000  x9:0x0000000d x17=0x0000000d
       28605000	      2859	80002400	00c1f8b3	and	x17,x3,x12	  x3:0xffffffed x12:0x00000001 x17=0x00000001
       28615000	      2860	80002404	277e6813	ori	x16,x28,631	 x28:0x00000000 x16=0x00000277
       28625000	      2861	80002408	c861f313	andi	x6,x3,-890	  x3:0xffffffed  x6=0xfffffc84
       28635000	      2862	8000240c	01ae2033	slt	x0,x28,x26	 x28:0x00000000 x26:0xffffffff
       28645000	      2863	80002410	410ddb93	srai	x23,x27,0x10	 x27:0xffffffec x23=0xffffffff
       28655000	      2864	80002414	00111d93	slli	x27,x2,0x1	  x2:0xfffffde9 x27=0xfffffbd2
       28665000	      2865	80002418	009101b3	add	x3,x2,x9	  x2:0xfffffde9  x9:0x0000000d  x3=0xfffffdf6
       28675000	      2866	8000241c	016f4663	blt	x30,x22,80002428	 x30:0x80009fc4 x22:0x80042fc4
       28685000	      2867	00000000	00000013	addi	x0,x0,0	  x0:0x00000000
       28695000	      2868	80002424	00000013	addi	x0,x0,0	  x0:0x00000000
       28705000	      2869	80002428	64b64d93	xori	x27,x12,1611	 x12:0x00000001 x27=0x0000064a
       28715000	      2870	8000242c	1699d4b7	lui	x9,0x1699d	  x9=0x1699d000
       28725000	      2871	80002430	01cb8633	add	x12,x23,x28	 x23:0xffffffff x28:0x00000000 x12=0xffffffff
       28735000	      2872	80002434	004ca303	lw	x6,4(x25)	 x25:0x80009f58  x6=0x80002890 PA:0x80009f5c
       28745000	      2873	80002438	018c8c93	addi	x25,x25,24	 x25:0x80009f58 x25=0x80009f70
       28755000	      2874	8000243c	00e0be33	sltu	x28,x1,x14	  x1:0x00000000 x14:0x00039000 x28=0x00000001
       28765000	      2875	80002440	940468b7	lui	x17,0x94046	 x17=0x94046000
       28775000	      2876	80002444	b79ce913	ori	x18,x25,-1159	 x25:0x80009f70 x18=0xffffff79
       28785000	      2877	80002448	00130e93	addi	x29,x6,1	  x6:0x80002890 x29=0x80002891
       28795000	      2878	8000244c	000e8ee7	jalr	x29,x29,0	 x29:0x80002891 x29=0x8000244c
       28805000	      2879	00000000	00000013	addi	x0,x0,0	  x0:0x00000000
       28815000	      2880	80002890	00000013	addi	x0,x0,0	  x0:0x00000000
       28825000	      2881	80002894	00100193	addi	x3,x0,1	  x0:0x00000000  x3=0x00000001
       28835000	      2882	80002898	01935213	srli	x4,x6,0x19	  x6:0x80002890  x4=0x00000040
       28845000	      2883	8000289c	006c9b13	slli	x22,x25,0x6	 x25:0x80009f70 x22=0x0027dc00
       28855000	      2884	800028a0	0148a3b3	slt	x7,x17,x20	 x17:0x94046000 x20:0x00000000  x7=0x00000001
       28865000	      2885	800028a4	0155be33	sltu	x28,x11,x21	 x11:0x00000000 x21:0xb4c68000 x28=0x00000001
       28875000	      2886	800028a8	e9a0a393	slti	x7,x1,-358	  x1:0x00000000  x7=0x00000000
       28885000	      2887	800028ac	40705c13	srai	x24,x0,0x7	  x0:0x00000000 x24=0x00000000
       28895000	      2888	800028b0	e6894b13	xori	x22,x18,-408	 x18:0xffffff79 x22=0x00000111
       28905000	      2889	800028b4	417d5893	srai	x17,x26,0x17	 x26:0xffffffff x17=0xffffffff
       28915000	      2890	800028b8	00c00d13	addi	x26,x0,12	  x0:0x00000000 x26=0x0000000c
       28925000	      2891	800028bc	4006d813	srai	x16,x13,0x0	 x13:0x00000040 x16=0x00000040
       28935000	      2892	800028c0	b86c3a13	sltiu	x20,x24,-1146	 x24:0x00000000 x20=0x00000001
       28945000	      2893	800028c4	00518193	addi	x3,x3,5	  x3:0x00000001  x3=0x00000006
       28955000	      2894	800028c8	00000013	addi	x0,x0,0	  x0:0x00000000
       28965000	      2895	800028cc	01108533	add	x10,x1,x17	  x1:0x00000000 x17:0xffffffff x10=0xffffffff
       28975000	      2896	800028d0	00000793	addi	x15,x0,0	  x0:0x00000000 x15=0x00000000
       28985000	      2897	800028d4	00800113	addi	x2,x0,8	  x0:0x00000000  x2=0x00000008
       28995000	      2898	800028d8	4d063393	sltiu	x7,x12,1232	 x12:0xffffffff  x7=0x00000000
       29005000	      2899	800028dc	e6938b93	addi	x23,x7,-407	  x7:0x00000000 x23=0xfffffe69
       29015000	      2900	800028e0	41b78b33	sub	x22,x15,x27	 x15:0x00000000 x27:0x0000064a x22=0xfffff9b6
       29025000	      2901	800028e4	0000c3b3	xor	x7,x1,x0	  x1:0x00000000  x0:0x00000000  x7=0x00000000
       29035000	      2902	800028e8	41d08633	sub	x12,x1,x29	  x1:0x00000000 x29:0x8000244c x12=0x7fffdbb4
       29045000	      2903	800028ec	45a7aa93	slti	x21,x15,1114	 x15:0x00000000 x21=0x00000001
       29055000	      2904	800028f0	40ee8c33	sub	x24,x29,x14	 x29:0x8000244c x14:0x00039000 x24=0x7ffc944c
       29065000	      2905	800028f4	64a64613	xori	x12,x12,1610	 x12:0x7fffdbb4 x12=0x7fffddfe
       29075000	      2906	800028f8	4189d313	srai	x6,x19,0x18	 x19:0x00000001  x6=0x00000000
       29085000	      2907	800028fc	00978793	addi	x15,x15,9	 x15:0x00000000 x15=0x00000009
       29095000	      2908	80002900	00000013	addi	x0,x0,0	  x0:0x00000000
       29105000	      2909	80002904	41e08333	sub	x6,x1,x30	  x1:0x00000000 x30:0x80009fc4  x6=0x7fff603c
       29115000	      2910	80002908	fc27cce3	blt	x15,x2,800028e0	 x15:0x00000009  x2:0x00000008
       29125000	      2911	8000290c	40ac5433	sra	x8,x24,x10	 x24:0x7ffc944c x10:0xffffffff  x8=0x00000000
       29135000	      2912	80002910	0142d433	srl	x8,x5,x20	  x5:0x4b397fed x20:0x00000001  x8=0x259cbff6
       29145000	      2913	80002914	fba1c6e3	blt	x3,x26,800028c0	  x3:0x00000006 x26:0x0000000c
       29155000	      2914	00000000	00000013	addi	x0,x0,0	  x0:0x00000000
       29165000	      2915	800028bc	00000013	addi	x0,x0,0	  x0:0x00000000
       29175000	      2916	800028c0	b86c3a13	sltiu	x20,x24,-1146	 x24:0x7ffc944c x20=0x00000001
       29185000	      2917	800028c4	00518193	addi	x3,x3,5	  x3:0x00000006  x3=0x0000000b
       29195000	      2918	800028c8	00000013	addi	x0,x0,0	  x0:0x00000000
       29205000	      2919	800028cc	01108533	add	x10,x1,x17	  x1:0x00000000 x17:0xffffffff x10=0xffffffff
       29215000	      2920	800028d0	00000793	addi	x15,x0,0	  x0:0x00000000 x15=0x00000000
       29225000	      2921	800028d4	00800113	addi	x2,x0,8	  x0:0x00000000  x2=0x00000008
       29235000	      2922	800028d8	4d063393	sltiu	x7,x12,1232	 x12:0x7fffddfe  x7=0x00000000
       29245000	      2923	800028dc	e6938b93	addi	x23,x7,-407	  x7:0x00000000 x23=0xfffffe69
       29255000	      2924	800028e0	41b78b33	sub	x22,x15,x27	 x15:0x00000000 x27:0x0000064a x22=0xfffff9b6
       29265000	      2925	800028e4	0000c3b3	xor	x7,x1,x0	  x1:0x00000000  x0:0x00000000  x7=0x00000000
       29275000	      2926	800028e8	41d08633	sub	x12,x1,x29	  x1:0x00000000 x29:0x8000244c x12=0x7fffdbb4
       29285000	      2927	800028ec	45a7aa93	slti	x21,x15,1114	 x15:0x00000000 x21=0x00000001
       29295000	      2928	800028f0	40ee8c33	sub	x24,x29,x14	 x29:0x8000244c x14:0x00039000 x24=0x7ffc944c
       29305000	      2929	800028f4	64a64613	xori	x12,x12,1610	 x12:0x7fffdbb4 x12=0x7fffddfe
       29315000	      2930	800028f8	4189d313	srai	x6,x19,0x18	 x19:0x00000001  x6=0x00000000
       29325000	      2931	800028fc	00978793	addi	x15,x15,9	 x15:0x00000000 x15=0x00000009
       29335000	      2932	80002900	00000013	addi	x0,x0,0	  x0:0x00000000
       29345000	      2933	80002904	41e08333	sub	x6,x1,x30	  x1:0x00000000 x30:0x80009fc4  x6=0x7fff603c
       29355000	      2934	80002908	fc27cce3	blt	x15,x2,800028e0	 x15:0x00000009  x2:0x00000008
       29365000	      2935	8000290c	40ac5433	sra	x8,x24,x10	 x24:0x7ffc944c x10:0xffffffff  x8=0x00000000
       29375000	      2936	80002910	0142d433	srl	x8,x5,x20	  x5:0x4b397fed x20:0x00000001  x8=0x259cbff6
       29385000	      2937	80002914	fba1c6e3	blt	x3,x26,800028c0	  x3:0x0000000b x26:0x0000000c
       29395000	      2938	00000000	00000013	addi	x0,x0,0	  x0:0x00000000
       29405000	      2939	800028bc	00000013	addi	x0,x0,0	  x0:0x00000000
       29415000	      2940	800028c0	b86c3a13	sltiu	x20,x24,-1146	 x24:0x7ffc944c x20=0x00000001
       29425000	      2941	800028c4	00518193	addi	x3,x3,5	  x3:0x0000000b  x3=0x00000010
       29435000	      2942	800028c8	00000013	addi	x0,x0,0	  x0:0x00000000
       29445000	      2943	800028cc	01108533	add	x10,x1,x17	  x1:0x00000000 x17:0xffffffff x10=0xffffffff
       29455000	      2944	800028d0	00000793	addi	x15,x0,0	  x0:0x00000000 x15=0x00000000
       29465000	      2945	800028d4	00800113	addi	x2,x0,8	  x0:0x00000000  x2=0x00000008
       29475000	      2946	800028d8	4d063393	sltiu	x7,x12,1232	 x12:0x7fffddfe  x7=0x00000000
       29485000	      2947	800028dc	e6938b93	addi	x23,x7,-407	  x7:0x00000000 x23=0xfffffe69
       29495000	      2948	800028e0	41b78b33	sub	x22,x15,x27	 x15:0x00000000 x27:0x0000064a x22=0xfffff9b6
       29505000	      2949	800028e4	0000c3b3	xor	x7,x1,x0	  x1:0x00000000  x0:0x00000000  x7=0x00000000
       29515000	      2950	800028e8	41d08633	sub	x12,x1,x29	  x1:0x00000000 x29:0x8000244c x12=0x7fffdbb4
       29525000	      2951	800028ec	45a7aa93	slti	x21,x15,1114	 x15:0x00000000 x21=0x00000001
       29535000	      2952	800028f0	40ee8c33	sub	x24,x29,x14	 x29:0x8000244c x14:0x00039000 x24=0x7ffc944c
       29545000	      2953	800028f4	64a64613	xori	x12,x12,1610	 x12:0x7fffdbb4 x12=0x7fffddfe
       29555000	      2954	800028f8	4189d313	srai	x6,x19,0x18	 x19:0x00000001  x6=0x00000000
       29565000	      2955	800028fc	00978793	addi	x15,x15,9	 x15:0x00000000 x15=0x00000009
       29575000	      2956	80002900	00000013	addi	x0,x0,0	  x0:0x00000000
       29585000	      2957	80002904	41e08333	sub	x6,x1,x30	  x1:0x00000000 x30:0x80009fc4  x6=0x7fff603c
       29595000	      2958	80002908	fc27cce3	blt	x15,x2,800028e0	 x15:0x00000009  x2:0x00000008
       29605000	      2959	8000290c	40ac5433	sra	x8,x24,x10	 x24:0x7ffc944c x10:0xffffffff  x8=0x00000000
       29615000	      2960	80002910	0142d433	srl	x8,x5,x20	  x5:0x4b397fed x20:0x00000001  x8=0x259cbff6
       29625000	      2961	80002914	fba1c6e3	blt	x3,x26,800028c0	  x3:0x00000010 x26:0x0000000c
       29635000	      2962	80002918	408f50b3	sra	x1,x30,x8	 x30:0x80009fc4  x8:0x259cbff6  x1=0xfffffe00
       29645000	      2963	8000291c	00a00513	addi	x10,x0,10	  x0:0x00000000 x10=0x0000000a
       29655000	      2964	80002920	00000013	addi	x0,x0,0	  x0:0x00000000
       29665000	      2965	80002924	01300713	addi	x14,x0,19	  x0:0x00000000 x14=0x00000013
       29675000	      2966	80002928	ed9e6793	ori	x15,x28,-295	 x28:0x00000001 x15=0xfffffed9
       29685000	      2967	8000292c	416b5633	sra	x12,x22,x22	 x22:0xfffff9b6 x22:0xfffff9b6 x12=0xffffffff
       29695000	      2968	80002930	008a05b3	add	x11,x20,x8	 x20:0x00000001  x8:0x259cbff6 x11=0x259cbff7
       29705000	      2969	80002934	00150513	addi	x10,x10,1	 x10:0x0000000a x10=0x0000000b
       29715000	      2970	80002938	fee508e3	beq	x10,x14,80002928	 x10:0x0000000b x14:0x00000013
       29725000	      2971	8000293c	01c9a6b3	slt	x13,x19,x28	 x19:0x00000001 x28:0x00000001 x13=0x00000000
       29735000	      2972	80002940	00800493	addi	x9,x0,8	  x0:0x00000000  x9=0x00000008
       29745000	      2973	80002944	00efe2b3	or	x5,x31,x14	 x31:0xf7f4676c x14:0x00000013  x5=0xf7f4677f
       29755000	      2974	80002948	68ede393	ori	x7,x27,1678	 x27:0x0000064a  x7=0x000006ce
       29765000	      2975	8000294c	00a81d93	slli	x27,x16,0xa	 x16:0x00000040 x27=0x00010000
       29775000	      2976	80002950	00500e93	addi	x29,x0,5	  x0:0x00000000 x29=0x00000005
       29785000	      2977	80002954	00b667b3	or	x15,x12,x11	 x12:0xffffffff x11:0x259cbff7 x15=0xffffffff
       29795000	      2978	80002958	73732617	auipc	x12,0x73732	 x12=0xf3734954
       29805000	      2979	8000295c	01fc21b3	slt	x3,x24,x31	 x24:0x7ffc944c x31:0xf7f4676c  x3=0x00000000
       29815000	      2980	80002960	01121a13	slli	x20,x4,0x11	  x4:0x00000040 x20=0x00800000
       29825000	      2981	80002964	01ee81b3	add	x3,x29,x30	 x29:0x00000005 x30:0x80009fc4  x3=0x80009fc9
       29835000	      2982	80002968	a2860213	addi	x4,x12,-1496	 x12:0xf3734954  x4=0xf373437c
       29845000	      2983	8000296c	00000013	addi	x0,x0,0	  x0:0x00000000
       29855000	      2984	80002970	ffc48493	addi	x9,x9,-4	  x9:0x00000008  x9=0x00000004
       29865000	      2985	80002974	00000013	addi	x0,x0,0	  x0:0x00000000
       29875000	      2986	80002978	01399d93	slli	x27,x19,0x13	 x19:0x00000001 x27=0x00080000
       29885000	      2987	8000297c	008918b3	sll	x17,x18,x8	 x18:0xffffff79  x8:0x259cbff6 x17=0xde400000
       29895000	      2988	80002980	000c60b3	or	x1,x24,x0	 x24:0x7ffc944c  x0:0x00000000  x1=0x7ffc944c
       29905000	      2989	80002984	ffd4f2e3	bgeu	x9,x29,80002968	  x9:0x00000004 x29:0x00000005
       29915000	      2990	80002988	01ebba33	sltu	x20,x23,x30	 x23:0xfffffe69 x30:0x80009fc4 x20=0x00000000
       29925000	      2991	8000298c	eac6e813	ori	x16,x13,-340	 x13:0x00000000 x16=0xfffffeac
       29935000	      2992	80002990	0160a533	slt	x10,x1,x22	  x1:0x7ffc944c x22:0xfffff9b6 x10=0x00000000
       29945000	      2993	80002994	01fff133	and	x2,x31,x31	 x31:0xf7f4676c x31:0xf7f4676c  x2=0xf7f4676c
       29955000	      2994	80002998	007e9a13	slli	x20,x29,0x7	 x29:0x00000005 x20=0x00000280
       29965000	      2995	8000299c	6fb00a93	addi	x21,x0,1787	  x0:0x00000000 x21=0x000006fb
       29975000	      2996	800029a0	405ad633	sra	x12,x21,x5	 x21:0x000006fb  x5:0xf7f4677f x12=0x00000000
       29985000	      2997	800029a4	5dde9997	auipc	x19,0x5dde9	 x19=0xdddeb9a0
       29995000	      2998	800029a8	00251513	slli	x10,x10,0x2	 x10:0x00000000 x10=0x00000000
       30005000	      2999	800029ac	77fc4413	xori	x8,x24,1919	 x24:0x7ffc944c  x8=0x7ffc9333
       30015000	      3000	800029b0	034b1863	bne	x22,x20,800029e0	 x22:0xfffff9b6 x20:0x00000280
       30025000	      3001	00000000	00000013	addi	x0,x0,0	  x0:0x00000000
       30035000	      3002	800029dc	00000013	addi	x0,x0,0	  x0:0x00000000
       30045000	      3003	800029e0	01777a33	and	x20,x14,x23	 x14:0x00000013 x23:0xfffffe69 x20=0x00000001
       30055000	      3004	800029e4	0025c863	blt	x11,x2,800029f4	 x11:0x259cbff7  x2:0xf7f4676c
       30065000	      3005	800029e8	03f17e63	bgeu	x2,x31,80002a24	  x2:0xf7f4676c x31:0xf7f4676c
       30075000	      3006	00000000	00000013	addi	x0,x0,0	  x0:0x00000000
       30085000	      3007	80002a20	00000013	addi	x0,x0,0	  x0:0x00000000
       30095000	      3008	80002a24	005cfeb3	and	x29,x25,x5	 x25:0x80009f70  x5:0xf7f4677f x29=0x80000770
       30105000	      3009	80002a28	f6e5a713	slti	x14,x11,-146	 x11:0x259cbff7 x14=0x00000000
       30115000	      3010	80002a2c	00000013	addi	x0,x0,0	  x0:0x00000000
       30125000	      3011	80002a30	00e90263	beq	x18,x14,80002a34	 x18:0xffffff79 x14:0x00000000
       30135000	      3012	80002a34	886ca793	slti	x15,x25,-1914	 x25:0x80009f70 x15=0x00000001
       30145000	      3013	80002a38	05075263	bge	x14,x16,80002a7c	 x14:0x00000000 x16:0xfffffeac
       30155000	      3014	00000000	00000013	addi	x0,x0,0	  x0:0x00000000
       30165000	      3015	80002a78	00000013	addi	x0,x0,0	  x0:0x00000000
       30175000	      3016	80002a7c	f917b193	sltiu	x3,x15,-111	 x15:0x00000001  x3=0x00000001
       30185000	      3017	80002a80	030ad263	bge	x21,x16,80002aa4	 x21:0x000006fb x16:0xfffffeac
       30195000	      3018	00000000	00000013	addi	x0,x0,0	  x0:0x00000000
       30205000	      3019	80002aa0	00000013	addi	x0,x0,0	  x0:0x00000000
       30215000	      3020	80002aa4	addbe9b7	lui	x19,0xaddbe	 x19=0xaddbe000
       30225000	      3021	80002aa8	0109bdb3	sltu	x27,x19,x16	 x19:0xaddbe000 x16:0xfffffeac x27=0x00000001
       30235000	      3022	80002aac	003e1333	sll	x6,x28,x3	 x28:0x00000001  x3:0x00000001  x6=0x00000002
       30245000	      3023	80002ab0	01eca7b3	slt	x15,x25,x30	 x25:0x80009f70 x30:0x80009fc4 x15=0x00000001
       30255000	      3024	80002ab4	a8940993	addi	x19,x8,-1399	  x8:0x7ffc9333 x19=0x7ffc8dbc
       30265000	      3025	80002ab8	70112813	slti	x16,x2,1793	  x2:0xf7f4676c x16=0x00000001
       30275000	      3026	80002abc	010e96b3	sll	x13,x29,x16	 x29:0x80000770 x16:0x00000001 x13=0x00000ee0
       30285000	      3027	80002ac0	00c71eb3	sll	x29,x14,x12	 x14:0x00000000 x12:0x00000000 x29=0x00000000
       30295000	      3028	80002ac4	05e1e863	bltu	x3,x30,80002b14	  x3:0x00000001 x30:0x80009fc4
       30305000	      3029	00000000	00000013	addi	x0,x0,0	  x0:0x00000000
       30315000	      3030	80002b10	00000013	addi	x0,x0,0	  x0:0x00000000
       30325000	      3031	80002b14	40f68433	sub	x8,x13,x15	 x13:0x00000ee0 x15:0x00000001  x8=0x00000edf
       30335000	      3032	80002b18	02be8a63	beq	x29,x11,80002b4c	 x29:0x00000000 x11:0x259cbff7
       30345000	      3033	80002b1c	41c180b3	sub	x1,x3,x28	  x3:0x00000001 x28:0x00000001  x1=0x00000000
       30355000	      3034	80002b20	4011e313	ori	x6,x3,1025	  x3:0x00000001  x6=0x00000401
       30365000	      3035	80002b24	40c85893	srai	x17,x16,0xc	 x16:0x00000001 x17=0x00000000
       30375000	      3036	80002b28	65b97a93	andi	x21,x18,1627	 x18:0xffffff79 x21=0x00000659
       30385000	      3037	80002b2c	ba140217	auipc	x4,0xba140	  x4=0x3a142b28
       30395000	      3038	80002b30	03d29663	bne	x5,x29,80002b5c	  x5:0xf7f4677f x29:0x00000000
       30405000	      3039	00000000	00000013	addi	x0,x0,0	  x0:0x00000000
       30415000	      3040	80002b58	00000013	addi	x0,x0,0	  x0:0x00000000
       30425000	      3041	80002b5c	0335e063	bltu	x11,x19,80002b7c	 x11:0x259cbff7 x19:0x7ffc8dbc
       30435000	      3042	00000000	00000013	addi	x0,x0,0	  x0:0x00000000
       30445000	      3043	80002b78	00000013	addi	x0,x0,0	  x0:0x00000000
       30455000	      3044	80002b7c	754d8813	addi	x16,x27,1876	 x27:0x00000001 x16=0x00000755
       30465000	      3045	80002b80	4037d213	srai	x4,x15,0x3	 x15:0x00000001  x4=0x00000000
       30475000	      3046	80002b84	00787133	and	x2,x16,x7	 x16:0x00000755  x7:0x000006ce  x2=0x00000644
       30485000	      3047	80002b88	404a0eb3	sub	x29,x20,x4	 x20:0x00000001  x4:0x00000000 x29=0x00000001
       30495000	      3048	80002b8c	417a8933	sub	x18,x21,x23	 x21:0x00000659 x23:0xfffffe69 x18=0x000007f0
       30505000	      3049	80002b90	01f259b3	srl	x19,x4,x31	  x4:0x00000000 x31:0xf7f4676c x19=0x00000000
       30515000	      3050	80002b94	0130ee63	bltu	x1,x19,80002bb0	  x1:0x00000000 x19:0x00000000
       30525000	      3051	80002b98	07f40913	addi	x18,x8,127	  x8:0x00000edf x18=0x00000f5e
       30535000	      3052	80002b9c	01c70c33	add	x24,x14,x28	 x14:0x00000000 x28:0x00000001 x24=0x00000001
       30545000	      3053	80002ba0	0443c663	blt	x7,x4,80002bec	  x7:0x000006ce  x4:0x00000000
       30555000	      3054	80002ba4	000b77b3	and	x15,x22,x0	 x22:0xfffff9b6  x0:0x00000000 x15=0x00000000
       30565000	      3055	80002ba8	0011bdb3	sltu	x27,x3,x1	  x3:0x00000001  x1:0x00000000 x27=0x00000000
       30575000	      3056	80002bac	01e296b3	sll	x13,x5,x30	  x5:0xf7f4677f x30:0x80009fc4 x13=0x7f4677f0
       30585000	      3057	80002bb0	83bd0713	addi	x14,x26,-1989	 x26:0x0000000c x14=0xfffff847
       30595000	      3058	80002bb4	41500d33	sub	x26,x0,x21	  x0:0x00000000 x21:0x00000659 x26=0xfffff9a7
       30605000	      3059	80002bb8	01525e13	srli	x28,x4,0x15	  x4:0x00000000 x28=0x00000000
       30615000	      3060	80002bbc	4123dab3	sra	x21,x7,x18	  x7:0x000006ce x18:0x00000f5e x21=0x00000000
       30625000	      3061	80002bc0	5ab1c713	xori	x14,x3,1451	  x3:0x00000001 x14=0x000005aa
       30635000	      3062	80002bc4	05e08263	beq	x1,x30,80002c08	  x1:0x00000000 x30:0x80009fc4
       30645000	      3063	80002bc8	6ac2a093	slti	x1,x5,1708	  x5:0xf7f4677f  x1=0x00000001
       30655000	      3064	80002bcc	10bcad93	slti	x27,x25,267	 x25:0x80009f70 x27=0x00000001
       30665000	      3065	80002bd0	01cb3eb3	sltu	x29,x22,x28	 x22:0xfffff9b6 x28:0x00000000 x29=0x00000000
       30675000	      3066	80002bd4	03cc6a63	bltu	x24,x28,80002c08	 x24:0x00000001 x28:0x00000000
       30685000	      3067	80002bd8	00214463	blt	x2,x2,80002be0	  x2:0x00000644  x2:0x00000644
       30695000	      3068	80002bdc	f91c3637	lui	x12,0xf91c3	 x12=0xf91c3000
       30705000	      3069	80002be0	047a6663	bltu	x20,x7,80002c2c	 x20:0x00000001  x7:0x000006ce
       30715000	      3070	00000000	00000013	addi	x0,x0,0	  x0:0x00000000
       30725000	      3071	80002c28	00000013	addi	x0,x0,0	  x0:0x00000000
       30735000	      3072	80002c2c	049f6263	bltu	x30,x9,80002c70	 x30:0x80009fc4  x9:0x00000004
       30745000	      3073	80002c30	00d402b3	add	x5,x8,x13	  x8:0x00000edf x13:0x7f4677f0  x5=0x7f4686cf
       30755000	      3074	80002c34	015d3233	sltu	x4,x26,x21	 x26:0xfffff9a7 x21:0x00000000  x4=0x00000000
       30765000	      3075	80002c38	40f25213	srai	x4,x4,0xf	  x4:0x00000000  x4=0x00000000
       30775000	      3076	80002c3c	019c96b3	sll	x13,x25,x25	 x25:0x80009f70 x25:0x80009f70 x13=0x9f700000
       30785000	      3077	80002c40	0180a533	slt	x10,x1,x24	  x1:0x00000001 x24:0x00000001 x10=0x00000000
       30795000	      3078	80002c44	00000013	addi	x0,x0,0	  x0:0x00000000
       30805000	      3079	80002c48	00ed19b3	sll	x19,x26,x14	 x26:0xfffff9a7 x14:0x000005aa x19=0xffe69c00
       30815000	      3080	80002c4c	01069c63	bne	x13,x16,80002c64	 x13:0x9f700000 x16:0x00000755
       30825000	      3081	00000000	00000013	addi	x0,x0,0	  x0:0x00000000
       30835000	      3082	80002c60	00000013	addi	x0,x0,0	  x0:0x00000000
       30845000	      3083	80002c64	01185c13	srli	x24,x16,0x11	 x16:0x00000755 x24=0x00000000
       30855000	      3084	80002c68	01a5ceb3	xor	x29,x11,x26	 x11:0x259cbff7 x26:0xfffff9a7 x29=0xda634650
       30865000	      3085	80002c6c	02aa6063	bltu	x20,x10,80002c8c	 x20:0x00000001 x10:0x00000000
       30875000	      3086	80002c70	00d590b3	sll	x1,x11,x13	 x11:0x259cbff7 x13:0x9f700000  x1=0x259cbff7
       30885000	      3087	80002c74	01decc63	blt	x29,x29,80002c8c	 x29:0xda634650 x29:0xda634650
       30895000	      3088	80002c78	00f649b3	xor	x19,x12,x15	 x12:0xf91c3000 x15:0x00000000 x19=0xf91c3000
       30905000	      3089	80002c7c	00651463	bne	x10,x6,80002c84	 x10:0x00000000  x6:0x00000401
       30915000	      3090	00000000	00000013	addi	x0,x0,0	  x0:0x00000000
       30925000	      3091	80002c80	00000013	addi	x0,x0,0	  x0:0x00000000
       30935000	      3092	80002c84	1a4a4e13	xori	x28,x20,420	 x20:0x00000001 x28=0x000001a5
       30945000	      3093	80002c88	d5247013	andi	x0,x8,-686	  x8:0x00000edf
       30955000	      3094	80002c8c	01bb79b3	and	x19,x22,x27	 x22:0xfffff9b6 x27:0x00000001 x19=0x00000000
       30965000	      3095	80002c90	004ca303	lw	x6,4(x25)	 x25:0x80009f70  x6=0x80001810 PA:0x80009f74
       30975000	      3096	80002c94	6c2a7b13	andi	x22,x20,1730	 x20:0x00000001 x22=0x00000000
       30985000	      3097	80002c98	00a6fdb3	and	x27,x13,x10	 x13:0x9f700000 x10:0x00000000 x27=0x00000000
       30995000	      3098	80002c9c	e30e7693	andi	x13,x28,-464	 x28:0x000001a5 x13=0x00000020
       31005000	      3099	80002ca0	40f4d4b3	sra	x9,x9,x15	  x9:0x00000004 x15:0x00000000  x9=0x00000004
       31015000	      3100	80002ca4	01c85213	srli	x4,x16,0x1c	 x16:0x00000755  x4=0x00000000
       31025000	      3101	80002ca8	411980b3	sub	x1,x19,x17	 x19:0x00000000 x17:0x00000000  x1=0x00000000
       31035000	      3102	80002cac	014c8c93	addi	x25,x25,20	 x25:0x80009f70 x25=0x80009f84
       31045000	      3103	80002cb0	01b55513	srli	x10,x10,0x1b	 x10:0x00000000 x10=0x00000000
       31055000	      3104	80002cb4	40715e93	srai	x29,x2,0x7	  x2:0x00000644 x29=0x0000000c
       31065000	      3105	80002cb8	01015213	srli	x4,x2,0x10	  x2:0x00000644  x4=0x00000000
       31075000	      3106	80002cbc	b48d0813	addi	x16,x26,-1208	 x26:0xfffff9a7 x16=0xfffff4ef
       31085000	      3107	80002cc0	00130a13	addi	x20,x6,1	  x6:0x80001810 x20=0x80001811
       31095000	      3108	80002cc4	000a0a67	jalr	x20,x20,0	 x20:0x80001811 x20=0x80002cc4
       31105000	      3109	00000000	00000013	addi	x0,x0,0	  x0:0x00000000
       31115000	      3110	80001810	00000013	addi	x0,x0,0	  x0:0x00000000
       31125000	      3111	80001814	0052c3b3	xor	x7,x5,x5	  x5:0x7f4686cf  x5:0x7f4686cf  x7=0x00000000
       31135000	      3112	80001818	01ba60b3	or	x1,x20,x27	 x20:0x80002cc4 x27:0x00000000  x1=0x80002cc4
       31145000	      3113	8000181c	6caf8313	addi	x6,x31,1738	 x31:0xf7f4676c  x6=0xf7f46e36
       31155000	      3114	80001820	0094b533	sltu	x10,x9,x9	  x9:0x00000004  x9:0x00000004 x10=0x00000000
       31165000	      3115	80001824	fb9c7117	auipc	x2,0xfb9c7	  x2=0x7b9c8820
       31175000	      3116	80001828	00760233	add	x4,x12,x7	 x12:0xf91c3000  x7:0x00000000  x4=0xf91c3000
       31185000	      3117	8000182c	e0396693	ori	x13,x18,-509	 x18:0x00000f5e x13=0xffffff5f
       31195000	      3118	80001830	00967433	and	x8,x12,x9	 x12:0xf91c3000  x9:0x00000004  x8=0x00000000
       31205000	      3119	80001834	01ecba33	sltu	x20,x25,x30	 x25:0x80009f84 x30:0x80009fc4 x20=0x00000001
       31215000	      3120	80001838	00000013	addi	x0,x0,0	  x0:0x00000000
       31225000	      3121	8000183c	00f9d2b3	srl	x5,x19,x15	 x19:0x00000000 x15:0x00000000  x5=0x00000000
       31235000	      3122	80001840	00ba4db3	xor	x27,x20,x11	 x20:0x00000001 x11:0x259cbff7 x27=0x259cbff6
       31245000	      3123	80001844	017e9993	slli	x19,x29,0x17	 x29:0x0000000c x19=0x06000000
       31255000	      3124	80001848	4043da93	srai	x21,x7,0x4	  x7:0x00000000 x21=0x00000000
       31265000	      3125	8000184c	5f323793	sltiu	x15,x4,1523	  x4:0xf91c3000 x15=0x00000000
       31275000	      3126	80001850	1f1afc13	andi	x24,x21,497	 x21:0x00000000 x24=0x00000000
       31285000	      3127	80001854	3bf82413	slti	x8,x16,959	 x16:0xfffff4ef  x8=0x00000001
       31295000	      3128	80001858	d3c5e493	ori	x9,x11,-708	 x11:0x259cbff7  x9=0xffffffff
       31305000	      3129	8000185c	1d746593	ori	x11,x8,471	  x8:0x00000001 x11=0x000001d7
       31315000	      3130	80001860	00dcf663	bgeu	x25,x13,8000186c	 x25:0x80009f84 x13:0xffffff5f
       31325000	      3131	80001864	01704a33	xor	x20,x0,x23	  x0:0x00000000 x23:0xfffffe69 x20=0xfffffe69
       31335000	      3132	80001868	41e681b3	sub	x3,x13,x30	 x13:0xffffff5f x30:0x80009fc4  x3=0x7fff5f9b
       31345000	      3133	8000186c	05bd1063	bne	x26,x27,800018ac	 x26:0xfffff9a7 x27:0x259cbff6
       31355000	      3134	00000000	00000013	addi	x0,x0,0	  x0:0x00000000
       31365000	      3135	800018a8	00000013	addi	x0,x0,0	  x0:0x00000000
       31375000	      3136	800018ac	02b60463	beq	x12,x11,800018d4	 x12:0xf91c3000 x11:0x000001d7
       31385000	      3137	800018b0	02238863	beq	x7,x2,800018e0	  x7:0x00000000  x2:0x7b9c8820
       31395000	      3138	800018b4	00449c13	slli	x24,x9,0x4	  x9:0xffffffff x24=0xfffffff0
       31405000	      3139	800018b8	006c7463	bgeu	x24,x6,800018c0	 x24:0xfffffff0  x6:0xf7f46e36
       31415000	      3140	00000000	00000013	addi	x0,x0,0	  x0:0x00000000
       31425000	      3141	800018bc	00000013	addi	x0,x0,0	  x0:0x00000000
       31435000	      3142	800018c0	41395d33	sra	x26,x18,x19	 x18:0x00000f5e x19:0x06000000 x26=0x00000f5e
       31445000	      3143	800018c4	01507663	bgeu	x0,x21,800018d0	  x0:0x00000000 x21:0x00000000
       31455000	      3144	00000000	00000013	addi	x0,x0,0	  x0:0x00000000
       31465000	      3145	800018cc	00000013	addi	x0,x0,0	  x0:0x00000000
       31475000	      3146	800018d0	41d85413	srai	x8,x16,0x1d	 x16:0xfffff4ef  x8=0xffffffff
       31485000	      3147	800018d4	013f6663	bltu	x30,x19,800018e0	 x30:0x80009fc4 x19:0x06000000
       31495000	      3148	800018d8	01071e63	bne	x14,x16,800018f4	 x14:0x000005aa x16:0xfffff4ef
       31505000	      3149	00000000	00000013	addi	x0,x0,0	  x0:0x00000000
       31515000	      3150	800018f0	00000013	addi	x0,x0,0	  x0:0x00000000
       31525000	      3151	800018f4	05ef1063	bne	x30,x30,80001934	 x30:0x80009fc4 x30:0x80009fc4
       31535000	      3152	800018f8	03577a63	bgeu	x14,x21,8000192c	 x14:0x000005aa x21:0x00000000
       31545000	      3153	00000000	00000013	addi	x0,x0,0	  x0:0x00000000
       31555000	      3154	80001928	00000013	addi	x0,x0,0	  x0:0x00000000
       31565000	      3155	8000192c	019c98b3	sll	x17,x25,x25	 x25:0x80009f84 x25:0x80009f84 x17=0x0009f840
       31575000	      3156	80001930	00000013	addi	x0,x0,0	  x0:0x00000000
       31585000	      3157	80001934	9d28a593	slti	x11,x17,-1582	 x17:0x0009f840 x11=0x00000000
       31595000	      3158	80001938	05bf6663	bltu	x30,x27,80001984	 x30:0x80009fc4 x27:0x259cbff6
       31605000	      3159	8000193c	0159e533	or	x10,x19,x21	 x19:0x06000000 x21:0x00000000 x10=0x06000000
       31615000	      3160	80001940	e1836793	ori	x15,x6,-488	  x6:0xf7f46e36 x15=0xfffffe3e
       31625000	      3161	80001944	00783133	sltu	x2,x16,x7	 x16:0xfffff4ef  x7:0x00000000  x2=0x00000000
       31635000	      3162	80001948	00000013	addi	x0,x0,0	  x0:0x00000000
       31645000	      3163	8000194c	00f57733	and	x14,x10,x15	 x10:0x06000000 x15:0xfffffe3e x14=0x06000000
       31655000	      3164	80001950	ae312993	slti	x19,x2,-1309	  x2:0x00000000 x19=0x00000000
       31665000	      3165	80001954	2a913993	sltiu	x19,x2,681	  x2:0x00000000 x19=0x00000001
       31675000	      3166	80001958	fbb0b293	sltiu	x5,x1,-69	  x1:0x80002cc4  x5=0x00000001
       31685000	      3167	8000195c	cc83b697	auipc	x13,0xcc83b	 x13=0x4c83c958
       31695000	      3168	80001960	59558993	addi	x19,x11,1429	 x11:0x00000000 x19=0x00000595
       31705000	      3169	80001964	a47e7a93	andi	x21,x28,-1465	 x28:0x000001a5 x21=0x00000005
       31715000	      3170	80001968	0197cbb3	xor	x23,x15,x25	 x15:0xfffffe3e x25:0x80009f84 x23=0x7fff61ba
       31725000	      3171	8000196c	403280b3	sub	x1,x5,x3	  x5:0x00000001  x3:0x7fff5f9b  x1=0x8000a066
       31735000	      3172	80001970	f11059b7	lui	x19,0xf1105	 x19=0xf1105000
       31745000	      3173	80001974	01020933	add	x18,x4,x16	  x4:0xf91c3000 x16:0xfffff4ef x18=0xf91c24ef
       31755000	      3174	80001978	0156b733	sltu	x14,x13,x21	 x13:0x4c83c958 x21:0x00000005 x14=0x00000000
       31765000	      3175	8000197c	01cfa533	slt	x10,x31,x28	 x31:0xf7f4676c x28:0x000001a5 x10=0x00000001
       31775000	      3176	80001980	01e920b3	slt	x1,x18,x30	 x18:0xf91c24ef x30:0x80009fc4  x1=0x00000000
       31785000	      3177	80001984	00be2033	slt	x0,x28,x11	 x28:0x000001a5 x11:0x00000000
       31795000	      3178	80001988	01279733	sll	x14,x15,x18	 x15:0xfffffe3e x18:0xf91c24ef x14=0xff1f0000
       31805000	      3179	8000198c	1c3fb393	sltiu	x7,x31,451	 x31:0xf7f4676c  x7=0x00000000
       31815000	      3180	80001990	047ee063	bltu	x29,x7,800019d0	 x29:0x0000000c  x7:0x00000000
       31825000	      3181	80001994	db5dfa93	andi	x21,x27,-587	 x27:0x259cbff6 x21=0x259cbdb4
       31835000	      3182	80001998	00000013	addi	x0,x0,0	  x0:0x00000000
       31845000	      3183	8000199c	002b4863	blt	x22,x2,800019ac	 x22:0x00000000  x2:0x00000000
       31855000	      3184	800019a0	01274a33	xor	x20,x14,x18	 x14:0xff1f0000 x18:0xf91c24ef x20=0x060324ef
       31865000	      3185	800019a4	720c2a13	slti	x20,x24,1824	 x24:0xfffffff0 x20=0x00000001
       31875000	      3186	800019a8	40435093	srai	x1,x6,0x4	  x6:0xf7f46e36  x1=0xff7f46e3
       31885000	      3187	800019ac	04b75863	bge	x14,x11,800019fc	 x14:0xff1f0000 x11:0x00000000
       31895000	      3188	800019b0	0206e863	bltu	x13,x0,800019e0	 x13:0x4c83c958  x0:0x00000000
       31905000	      3189	800019b4	03e8ea63	bltu	x17,x30,800019e8	 x17:0x0009f840 x30:0x80009fc4
       31915000	      3190	00000000	00000013	addi	x0,x0,0	  x0:0x00000000
       31925000	      3191	800019e4	00000013	addi	x0,x0,0	  x0:0x00000000
       31935000	      3192	800019e8	01134ab3	xor	x21,x6,x17	  x6:0xf7f46e36 x17:0x0009f840 x21=0xf7fd9676
       31945000	      3193	800019ec	b9733993	sltiu	x19,x6,-1129	  x6:0xf7f46e36 x19=0x00000001
       31955000	      3194	800019f0	418f0eb3	sub	x29,x30,x24	 x30:0x80009fc4 x24:0xfffffff0 x29=0x80009fd4
       31965000	      3195	800019f4	02a30063	beq	x6,x10,80001a14	  x6:0xf7f46e36 x10:0x00000001
       31975000	      3196	800019f8	bbeb2897	auipc	x17,0xbbeb2	 x17=0x3beb39f4
       31985000	      3197	800019fc	96806893	ori	x17,x0,-1688	  x0:0x00000000 x17=0xfffff968
       31995000	      3198	80001a00	40425293	srai	x5,x4,0x4	  x4:0xf91c3000  x5=0xff91c300
       32005000	      3199	80001a04	00846463	bltu	x8,x8,80001a0c	  x8:0xffffffff  x8:0xffffffff
       32015000	      3200	80001a08	db147997	auipc	x19,0xdb147	 x19=0x5b148a04
       32025000	      3201	80001a0c	00974463	blt	x14,x9,80001a14	 x14:0xff1f0000  x9:0xffffffff
       32035000	      3202	00000000	00000013	addi	x0,x0,0	  x0:0x00000000
       32045000	      3203	80001a10	00000013	addi	x0,x0,0	  x0:0x00000000
       32055000	      3204	80001a14	9545f613	andi	x12,x11,-1708	 x11:0x00000000 x12=0x00000000
       32065000	      3205	80001a18	00e5ec33	or	x24,x11,x14	 x11:0x00000000 x14:0xff1f0000 x24=0xff1f0000
       32075000	      3206	80001a1c	f50029b7	lui	x19,0xf5002	 x19=0xf5002000
       32085000	      3207	80001a20	01746ab3	or	x21,x8,x23	  x8:0xffffffff x23:0x7fff61ba x21=0xffffffff
       32095000	      3208	80001a24	00c49713	slli	x14,x9,0xc	  x9:0xffffffff x14=0xfffff000
       32105000	      3209	80001a28	dd50c813	xori	x16,x1,-555	  x1:0xff7f46e3 x16=0x0080bb36
       32115000	      3210	80001a2c	41d20533	sub	x10,x4,x29	  x4:0xf91c3000 x29:0x80009fd4 x10=0x791b902c
       32125000	      3211	80001a30	00501863	bne	x0,x5,80001a40	  x0:0x00000000  x5:0xff91c300
       32135000	      3212	00000000	00000013	addi	x0,x0,0	  x0:0x00000000
       32145000	      3213	80001a3c	00000013	addi	x0,x0,0	  x0:0x00000000
       32155000	      3214	80001a40	040c7463	bgeu	x24,x0,80001a88	 x24:0xff1f0000  x0:0x00000000
       32165000	      3215	00000000	00000013	addi	x0,x0,0	  x0:0x00000000
       32175000	      3216	80001a84	00000013	addi	x0,x0,0	  x0:0x00000000
       32185000	      3217	80001a88	409d00b3	sub	x1,x26,x9	 x26:0x00000f5e  x9:0xffffffff  x1=0x00000f5f
       32195000	      3218	80001a8c	c088ce93	xori	x29,x17,-1016	 x17:0xfffff968 x29=0x00000560
       32205000	      3219	80001a90	01a74ab3	xor	x21,x14,x26	 x14:0xfffff000 x26:0x00000f5e x21=0xffffff5e
       32215000	      3220	80001a94	0189e533	or	x10,x19,x24	 x19:0xf5002000 x24:0xff1f0000 x10=0xff1f2000
       32225000	      3221	80001a98	0042ec33	or	x24,x5,x4	  x5:0xff91c300  x4:0xf91c3000 x24=0xff9df300
       32235000	      3222	80001a9c	882f4993	xori	x19,x30,-1918	 x30:0x80009fc4 x19=0x7fff6746
       32245000	      3223	80001aa0	0184a993	slti	x19,x9,24	  x9:0xffffffff x19=0x00000001
       32255000	      3224	80001aa4	40255933	sra	x18,x10,x2	 x10:0xff1f2000  x2:0x00000000 x18=0xff1f2000
       32265000	      3225	80001aa8	000dcc63	blt	x27,x0,80001ac0	 x27:0x259cbff6  x0:0x00000000
       32275000	      3226	80001aac	03110a63	beq	x2,x17,80001ae0	  x2:0x00000000 x17:0xfffff968
       32285000	      3227	80001ab0	50c60a93	addi	x21,x12,1292	 x12:0x00000000 x21=0x0000050c
       32295000	      3228	80001ab4	1a456b93	ori	x23,x10,420	 x10:0xff1f2000 x23=0xff1f21a4
       32305000	      3229	80001ab8	01786463	bltu	x16,x23,80001ac0	 x16:0x0080bb36 x23:0xff1f21a4
       32315000	      3230	00000000	00000013	addi	x0,x0,0	  x0:0x00000000
       32325000	      3231	80001abc	00000013	addi	x0,x0,0	  x0:0x00000000
       32335000	      3232	80001ac0	479da693	slti	x13,x27,1145	 x27:0x259cbff6 x13=0x00000000
       32345000	      3233	80001ac4	e028ea13	ori	x20,x17,-510	 x17:0xfffff968 x20=0xffffff6a
       32355000	      3234	80001ac8	4105d593	srai	x11,x11,0x10	 x11:0x00000000 x11=0x00000000
       32365000	      3235	80001acc	0453f663	bgeu	x7,x5,80001b18	  x7:0x00000000  x5:0xff91c300
       32375000	      3236	80001ad0	03728c63	beq	x5,x23,80001b08	  x5:0xff91c300 x23:0xff1f21a4
       32385000	      3237	80001ad4	01775ab3	srl	x21,x14,x23	 x14:0xfffff000 x23:0xff1f21a4 x21=0x0fffff00
       32395000	      3238	80001ad8	277de4b7	lui	x9,0x277de	  x9=0x277de000
       32405000	      3239	80001adc	411dd513	srai	x10,x27,0x11	 x27:0x259cbff6 x10=0x000012ce
       32415000	      3240	80001ae0	dcc6e793	ori	x15,x13,-564	 x13:0x00000000 x15=0xfffffdcc
       32425000	      3241	80001ae4	c4380a13	addi	x20,x16,-957	 x16:0x0080bb36 x20=0x0080b779
       32435000	      3242	80001ae8	41955013	srai	x0,x10,0x19	 x10:0x000012ce
       32445000	      3243	80001aec	01e71d93	slli	x27,x14,0x1e	 x14:0xfffff000 x27=0x00000000
       32455000	      3244	80001af0	413cf593	andi	x11,x25,1043	 x25:0x80009f84 x11=0x00000400
       32465000	      3245	80001af4	41595db3	sra	x27,x18,x21	 x18:0xff1f2000 x21:0x0fffff00 x27=0xff1f2000
       32475000	      3246	80001af8	00d84633	xor	x12,x16,x13	 x16:0x0080bb36 x13:0x00000000 x12=0x0080bb36
       32485000	      3247	80001afc	07684e63	blt	x16,x22,80001b78	 x16:0x0080bb36 x22:0x00000000
       32495000	      3248	80001b00	01931533	sll	x10,x6,x25	  x6:0xf7f46e36 x25:0x80009f84 x10=0x7f46e360
       32505000	      3249	80001b04	fd42cd93	xori	x27,x5,-44	  x5:0xff91c300 x27=0x006e3cd4
       32515000	      3250	80001b08	0189a1b3	slt	x3,x19,x24	 x19:0x00000001 x24:0xff9df300  x3=0x00000000
       32525000	      3251	80001b0c	afde7293	andi	x5,x28,-1283	 x28:0x000001a5  x5=0x000000a5
       32535000	      3252	80001b10	8c2bf097	auipc	x1,0x8c2bf	  x1=0x0c2c0b0c
       32545000	      3253	80001b14	a278a913	slti	x18,x17,-1497	 x17:0xfffff968 x18=0x00000001
       32555000	      3254	80001b18	a9d67b97	auipc	x23,0xa9d67	 x23=0x29d68b14
       32565000	      3255	80001b1c	01c724b3	slt	x9,x14,x28	 x14:0xfffff000 x28:0x000001a5  x9=0x00000001
       32575000	      3256	80001b20	690bb613	sltiu	x12,x23,1680	 x23:0x29d68b14 x12=0x00000000
       32585000	      3257	80001b24	07818863	beq	x3,x24,80001b94	  x3:0x00000000 x24:0xff9df300
       32595000	      3258	80001b28	0601ea63	bltu	x3,x0,80001b9c	  x3:0x00000000  x0:0x00000000
       32605000	      3259	80001b2c	01dee133	or	x2,x29,x29	 x29:0x00000560 x29:0x00000560  x2=0x00000560
       32615000	      3260	80001b30	00a00a93	addi	x21,x0,10	  x0:0x00000000 x21=0x0000000a
       32625000	      3261	80001b34	00200993	addi	x19,x0,2	  x0:0x00000000 x19=0x00000002
       32635000	      3262	80001b38	015296b3	sll	x13,x5,x21	  x5:0x000000a5 x21:0x0000000a x13=0x00029400
       32645000	      3263	80001b3c	0014da33	srl	x20,x9,x1	  x9:0x00000001  x1:0x0c2c0b0c x20=0x00000000
       32655000	      3264	80001b40	00887033	and	x0,x16,x8	 x16:0x0080bb36  x8:0xffffffff
       32665000	      3265	80001b44	82057893	andi	x17,x10,-2016	 x10:0x7f46e360 x17=0x7f46e020
       32675000	      3266	80001b48	01344a33	xor	x20,x8,x19	  x8:0xffffffff x19:0x00000002 x20=0xfffffffd
       32685000	      3267	80001b4c	ff7a8a93	addi	x21,x21,-9	 x21:0x0000000a x21=0x00000001
       32695000	      3268	80001b50	00400513	addi	x10,x0,4	  x0:0x00000000 x10=0x00000004
       32705000	      3269	80001b54	00931613	slli	x12,x6,0x9	  x6:0xf7f46e36 x12=0xe8dc6c00
       32715000	      3270	80001b58	01300493	addi	x9,x0,19	  x0:0x00000000  x9=0x00000013
       32725000	      3271	80001b5c	00000013	addi	x0,x0,0	  x0:0x00000000
       32735000	      3272	80001b60	010f77b3	and	x15,x30,x16	 x30:0x80009fc4 x16:0x0080bb36 x15=0x00009b04
       32745000	      3273	80001b64	00850513	addi	x10,x10,8	 x10:0x00000004 x10=0x0000000c
       32755000	      3274	80001b68	fe956ae3	bltu	x10,x9,80001b5c	 x10:0x0000000c  x9:0x00000013
       32765000	      3275	00000000	00000013	addi	x0,x0,0	  x0:0x00000000
       32775000	      3276	80001b58	00000013	addi	x0,x0,0	  x0:0x00000000
       32785000	      3277	80001b5c	00000013	addi	x0,x0,0	  x0:0x00000000
       32795000	      3278	80001b60	010f77b3	and	x15,x30,x16	 x30:0x80009fc4 x16:0x0080bb36 x15=0x00009b04
       32805000	      3279	80001b64	00850513	addi	x10,x10,8	 x10:0x0000000c x10=0x00000014
       32815000	      3280	80001b68	fe956ae3	bltu	x10,x9,80001b5c	 x10:0x00000014  x9:0x00000013
       32825000	      3281	80001b6c	fd3adae3	bge	x21,x19,80001b40	 x21:0x00000001 x19:0x00000002
       32835000	      3282	80001b70	013643b3	xor	x7,x12,x19	 x12:0xe8dc6c00 x19:0x00000002  x7=0xe8dc6c02
       32845000	      3283	80001b74	0137e4b3	or	x9,x15,x19	 x15:0x00009b04 x19:0x00000002  x9=0x00009b06
       32855000	      3284	80001b78	01e21493	slli	x9,x4,0x1e	  x4:0xf91c3000  x9=0x00000000
       32865000	      3285	80001b7c	05f79463	bne	x15,x31,80001bc4	 x15:0x00009b04 x31:0xf7f4676c
       32875000	      3286	00000000	00000013	addi	x0,x0,0	  x0:0x00000000
       32885000	      3287	80001bc0	00000013	addi	x0,x0,0	  x0:0x00000000
       32895000	      3288	80001bc4	1f596013	ori	x0,x18,501	 x18:0x00000001
       32905000	      3289	80001bc8	7a55fb13	andi	x22,x11,1957	 x11:0x00000400 x22=0x00000400
       32915000	      3290	80001bcc	572b2e93	slti	x29,x22,1394	 x22:0x00000400 x29=0x00000001
       32925000	      3291	80001bd0	00295533	srl	x10,x18,x2	 x18:0x00000001  x2:0x00000560 x10=0x00000001
       32935000	      3292	80001bd4	10c8b113	sltiu	x2,x17,268	 x17:0x7f46e020  x2=0x00000000
       32945000	      3293	80001bd8	05198063	beq	x19,x17,80001c18	 x19:0x00000002 x17:0x7f46e020
       32955000	      3294	80001bdc	00ddab93	slti	x23,x27,13	 x27:0x006e3cd4 x23=0x00000000
       32965000	      3295	80001be0	a72baa93	slti	x21,x23,-1422	 x23:0x00000000 x21=0x00000000
       32975000	      3296	80001be4	017ff233	and	x4,x31,x23	 x31:0xf7f4676c x23:0x00000000  x4=0x00000000
       32985000	      3297	80001be8	00000013	addi	x0,x0,0	  x0:0x00000000
       32995000	      3298	80001bec	79936993	ori	x19,x6,1945	  x6:0xf7f46e36 x19=0xf7f46fbf
       33005000	      3299	80001bf0	6e466a13	ori	x20,x12,1764	 x12:0xe8dc6c00 x20=0xe8dc6ee4
       33015000	      3300	80001bf4	00000013	addi	x0,x0,0	  x0:0x00000000
       33025000	      3301	80001bf8	505b03b7	lui	x7,0x505b0	  x7=0x505b0000
       33035000	      3302	80001bfc	01168e63	beq	x13,x17,80001c18	 x13:0x00029400 x17:0x7f46e020
       33045000	      3303	80001c00	04d28663	beq	x5,x13,80001c4c	  x5:0x000000a5 x13:0x00029400
       33055000	      3304	80001c04	07250813	addi	x16,x10,114	 x10:0x00000001 x16=0x00000073
       33065000	      3305	80001c08	925b6513	ori	x10,x22,-1755	 x22:0x00000400 x10=0xfffffd25
       33075000	      3306	80001c0c	02587263	bgeu	x16,x5,80001c30	 x16:0x00000073  x5:0x000000a5
       33085000	      3307	80001c10	01c47533	and	x10,x8,x28	  x8:0xffffffff x28:0x000001a5 x10=0x000001a5
       33095000	      3308	80001c14	029b0a63	beq	x22,x9,80001c48	 x22:0x00000400  x9:0x00000000
       33105000	      3309	80001c18	414f0633	sub	x12,x30,x20	 x30:0x80009fc4 x20:0xe8dc6ee4 x12=0x972430e0
       33115000	      3310	80001c1c	413354b3	sra	x9,x6,x19	  x6:0xf7f46e36 x19:0xf7f46fbf  x9=0xffffffff
       33125000	      3311	80001c20	045d0863	beq	x26,x5,80001c70	 x26:0x00000f5e  x5:0x000000a5
       33135000	      3312	80001c24	01434463	blt	x6,x20,80001c2c	  x6:0xf7f46e36 x20:0xe8dc6ee4
       33145000	      3313	80001c28	01288463	beq	x17,x18,80001c30	 x17:0x7f46e020 x18:0x00000001
       33155000	      3314	80001c2c	002e2a33	slt	x20,x28,x2	 x28:0x000001a5  x2:0x00000000 x20=0x00000000
       33165000	      3315	80001c30	5bc7c913	xori	x18,x15,1468	 x15:0x00009b04 x18=0x00009eb8
       33175000	      3316	80001c34	41320db3	sub	x27,x4,x19	  x4:0x00000000 x19:0xf7f46fbf x27=0x080b9041
       33185000	      3317	80001c38	00384ab3	xor	x21,x16,x3	 x16:0x00000073  x3:0x00000000 x21=0x00000073
       33195000	      3318	80001c3c	01076933	or	x18,x14,x16	 x14:0xfffff000 x16:0x00000073 x18=0xfffff073
       33205000	      3319	80001c40	4044da13	srai	x20,x9,0x4	  x9:0xffffffff x20=0xffffffff
       33215000	      3320	80001c44	009b13b3	sll	x7,x22,x9	 x22:0x00000400  x9:0xffffffff  x7=0x00000000
       33225000	      3321	80001c48	406a8b33	sub	x22,x21,x6	 x21:0x00000073  x6:0xf7f46e36 x22=0x080b923d
       33235000	      3322	80001c4c	00744733	xor	x14,x8,x7	  x8:0xffffffff  x7:0x00000000 x14=0xffffffff
       33245000	      3323	80001c50	00d2c863	blt	x5,x13,80001c60	  x5:0x000000a5 x13:0x00029400
       33255000	      3324	00000000	00000013	addi	x0,x0,0	  x0:0x00000000
       33265000	      3325	80001c5c	00000013	addi	x0,x0,0	  x0:0x00000000
       33275000	      3326	80001c60	01234863	blt	x6,x18,80001c70	  x6:0xf7f46e36 x18:0xfffff073
       33285000	      3327	00000000	00000013	addi	x0,x0,0	  x0:0x00000000
       33295000	      3328	80001c6c	00000013	addi	x0,x0,0	  x0:0x00000000
       33305000	      3329	80001c70	d1052b93	slti	x23,x10,-752	 x10:0x000001a5 x23=0x00000000
       33315000	      3330	80001c74	410fd793	srai	x15,x31,0x10	 x31:0xf7f4676c x15=0xfffff7f4
       33325000	      3331	80001c78	579c4c13	xori	x24,x24,1401	 x24:0xff9df300 x24=0xff9df679
       33335000	      3332	80001c7c	01d12bb3	slt	x23,x2,x29	  x2:0x00000000 x29:0x00000001 x23=0x00000001
       33345000	      3333	80001c80	005513b3	sll	x7,x10,x5	 x10:0x000001a5  x5:0x000000a5  x7=0x000034a0
       33355000	      3334	80001c84	6fdd2b93	slti	x23,x26,1789	 x26:0x00000f5e x23=0x00000000
       33365000	      3335	80001c88	0426d463	bge	x13,x2,80001cd0	 x13:0x00029400  x2:0x00000000
       33375000	      3336	00000000	00000013	addi	x0,x0,0	  x0:0x00000000
       33385000	      3337	80001ccc	00000013	addi	x0,x0,0	  x0:0x00000000
       33395000	      3338	80001cd0	02a59663	bne	x11,x10,80001cfc	 x11:0x00000400 x10:0x000001a5
       33405000	      3339	00000000	00000013	addi	x0,x0,0	  x0:0x00000000
       33415000	      3340	80001cf8	00000013	addi	x0,x0,0	  x0:0x00000000
       33425000	      3341	80001cfc	01b2d663	bge	x5,x27,80001d08	  x5:0x000000a5 x27:0x080b9041
       33435000	      3342	80001d00	01523c33	sltu	x24,x4,x21	  x4:0x00000000 x21:0x00000073 x24=0x00000001
       33445000	      3343	80001d04	02dc9463	bne	x25,x13,80001d2c	 x25:0x80009f84 x13:0x00029400
       33455000	      3344	00000000	00000013	addi	x0,x0,0	  x0:0x00000000
       33465000	      3345	80001d28	00000013	addi	x0,x0,0	  x0:0x00000000
       33475000	      3346	80001d2c	01fc7663	bgeu	x24,x31,80001d38	 x24:0x00000001 x31:0xf7f4676c
       33485000	      3347	80001d30	84594e93	xori	x29,x18,-1979	 x18:0xfffff073 x29=0x00000836
       33495000	      3348	80001d34	5c82fd17	auipc	x26,0x5c82f	 x26=0xdc830d30
       33505000	      3349	80001d38	bc8b3b37	lui	x22,0xbc8b3	 x22=0xbc8b3000
       33515000	      3350	80001d3c	03367c63	bgeu	x12,x19,80001d74	 x12:0x972430e0 x19:0xf7f46fbf
       33525000	      3351	80001d40	014794b3	sll	x9,x15,x20	 x15:0xfffff7f4 x20:0xffffffff  x9=0x00000000
       33535000	      3352	80001d44	00cea933	slt	x18,x29,x12	 x29:0x00000836 x12:0x972430e0 x18=0x00000000
       33545000	      3353	80001d48	01dd5bb3	srl	x23,x26,x29	 x26:0xdc830d30 x29:0x00000836 x23=0x00000372
       33555000	      3354	80001d4c	00000013	addi	x0,x0,0	  x0:0x00000000
       33565000	      3355	80001d50	0483e663	bltu	x7,x8,80001d9c	  x7:0x000034a0  x8:0xffffffff
       33575000	      3356	00000000	00000013	addi	x0,x0,0	  x0:0x00000000
       33585000	      3357	80001d98	00000013	addi	x0,x0,0	  x0:0x00000000
       33595000	      3358	80001d9c	1b3e4e93	xori	x29,x28,435	 x28:0x000001a5 x29=0x00000016
       33605000	      3359	80001da0	2fbc2397	auipc	x7,0x2fbc2	  x7=0xafbc3d9c
       33615000	      3360	80001da4	63eded93	ori	x27,x27,1598	 x27:0x080b9041 x27=0x080b967f
       33625000	      3361	80001da8	01977eb3	and	x29,x14,x25	 x14:0xffffffff x25:0x80009f84 x29=0x80009f84
       33635000	      3362	80001dac	00f36bb3	or	x23,x6,x15	  x6:0xf7f46e36 x15:0xfffff7f4 x23=0xfffffff6
       33645000	      3363	80001db0	05701063	bne	x0,x23,80001df0	  x0:0x00000000 x23:0xfffffff6
       33655000	      3364	00000000	00000013	addi	x0,x0,0	  x0:0x00000000
       33665000	      3365	80001dec	00000013	addi	x0,x0,0	  x0:0x00000000
       33675000	      3366	80001df0	00000013	addi	x0,x0,0	  x0:0x00000000
       33685000	      3367	80001df4	0eaf7713	andi	x14,x30,234	 x30:0x80009fc4 x14=0x000000c0
       33695000	      3368	80001df8	04165063	bge	x12,x1,80001e38	 x12:0x972430e0  x1:0x0c2c0b0c
       33705000	      3369	80001dfc	00000013	addi	x0,x0,0	  x0:0x00000000
       33715000	      3370	80001e00	deb02ab7	lui	x21,0xdeb02	 x21=0xdeb02000
       33725000	      3371	80001e04	4189d093	srai	x1,x19,0x18	 x19:0xf7f46fbf  x1=0xfffffff7
       33735000	      3372	80001e08	00ac6663	bltu	x24,x10,80001e14	 x24:0x00000001 x10:0x000001a5
       33745000	      3373	00000000	00000013	addi	x0,x0,0	  x0:0x00000000
       33755000	      3374	80001e10	00000013	addi	x0,x0,0	  x0:0x00000000
       33765000	      3375	80001e14	1b0df613	andi	x12,x27,432	 x27:0x080b967f x12=0x00000030
       33775000	      3376	80001e18	5c41cb13	xori	x22,x3,1476	  x3:0x00000000 x22=0x000005c4
       33785000	      3377	80001e1c	007b0bb3	add	x23,x22,x7	 x22:0x000005c4  x7:0xafbc3d9c x23=0xafbc4360
       33795000	      3378	80001e20	012b9833	sll	x16,x23,x18	 x23:0xafbc4360 x18:0x00000000 x16=0xafbc4360
       33805000	      3379	80001e24	000be8b3	or	x17,x23,x0	 x23:0xafbc4360  x0:0x00000000 x17=0xafbc4360
       33815000	      3380	80001e28	00569863	bne	x13,x5,80001e38	 x13:0x00029400  x5:0x000000a5
       33825000	      3381	00000000	00000013	addi	x0,x0,0	  x0:0x00000000
       33835000	      3382	80001e34	00000013	addi	x0,x0,0	  x0:0x00000000
       33845000	      3383	80001e38	411e8eb3	sub	x29,x29,x17	 x29:0x80009f84 x17:0xafbc4360 x29=0xd0445c24
       33855000	      3384	80001e3c	00000f97	auipc	x31,0x0	 x31=0x80001e38
       33865000	      3385	80001e40	00cf8f93	addi	x31,x31,12	 x31:0x80001e38 x31=0x80001e44
       33875000	      3386	80001e44	000f8067	jalr	x0,x31,0	 x31:0x80001e44
       33885000	      3387	00000000	00000013	addi	x0,x0,0	  x0:0x00000000
       33895000	      3388	80001e44	00000013	addi	x0,x0,0	  x0:0x00000000
       33905000	      3389	80001e48	00100193	addi	x3,x0,1	  x0:0x00000000  x3=0x00000001
       33915000	      3390	80001e4c	00000073	ecall	
       33925000	      3391	80001e50	01717463	bgeu	x2,x23,80001e58	  x2:0x00000000 x23:0xafbc4360
