		Time			Cycle	PC		Insn	Decoded instruction	Register and memory contents
          65000	         5	80000004	00000293	addi	x5,x0,0	  x0:0x00000000  x5=0x00000000
          75000	         6	80000008	00000313	addi	x6,x0,0	  x0:0x00000000  x6=0x00000000
          85000	         7	8000000c	00628263	beq	x5,x6,80000010	  x5:0x00000000  x6:0x00000000
          95000	         8	00000000	00000013	addi	x0,x0,0	  x0:0x00000000
         105000	         9	8000000c	00000013	addi	x0,x0,0	  x0:0x00000000
         115000	        10	80000010	00000d17	auipc	x26,0x0	 x26=0x8000000c
         125000	        11	80000014	00cd0d13	addi	x26,x26,12	 x26:0x8000000c x26=0x80000018
         135000	        12	80000018	000d0067	jalr	x0,x26,0	 x26:0x80000018
         145000	        13	00000000	00000013	addi	x0,x0,0	  x0:0x00000000
         155000	        14	80000018	00000013	addi	x0,x0,0	  x0:0x00000000
         165000	        15	8000001c	40000537	lui	x10,0x40000	 x10=0x40000000
         175000	        16	80000020	10050513	addi	x10,x10,256	 x10:0x40000000 x10=0x40000100
         185000	        17	80000024	00000013	addi	x0,x0,0	  x0:0x00000000
         195000	        18	80000028	0000a117	auipc	x2,0xa	  x2=0x8000a024
         205000	        19	8000002c	fa010113	addi	x2,x2,-96	  x2:0x8000a024  x2=0x80009fc4
         215000	        20	80000030	00004517	auipc	x10,0x4	 x10=0x8000402c
         225000	        21	80000034	9d450513	addi	x10,x10,-1580	 x10:0x8000402c x10=0x80003a00
         235000	        22	80000038	00156513	ori	x10,x10,1	 x10:0x80003a00 x10=0x80003a01
         245000	        23	8000003c	00000013	addi	x0,x0,0	  x0:0x00000000
         255000	        24	80000040	00000517	auipc	x10,0x0	 x10=0x8000003c
         265000	        25	80000044	02050513	addi	x10,x10,32	 x10:0x8000003c x10=0x8000005c
         275000	        26	80000048	00000013	addi	x0,x0,0	  x0:0x00000000
         285000	        27	8000004c	00000013	addi	x0,x0,0	  x0:0x00000000
         295000	        28	80000050	00002537	lui	x10,0x2	 x10=0x00002000
         305000	        29	80000054	80050513	addi	x10,x10,-2048	 x10:0x00002000 x10=0x00001800
         315000	        30	80000058	00000013	addi	x0,x0,0	  x0:0x00000000
         325000	        31	8000005c	00000013	addi	x0,x0,0	  x0:0x00000000
         335000	        32	80000060	db7f4037	lui	x0,0xdb7f4	
         345000	        33	80000064	87100013	addi	x0,x0,-1935	  x0:0x00000000
         355000	        34	80000068	00000093	addi	x1,x0,0	  x0:0x00000000  x1=0x00000000
         365000	        35	8000006c	fb9ef1b7	lui	x3,0xfb9ef	  x3=0xfb9ef000
         375000	        36	80000070	f9418193	addi	x3,x3,-108	  x3:0xfb9ef000  x3=0xfb9eef94
         385000	        37	80000074	00000213	addi	x4,x0,0	  x0:0x00000000  x4=0x00000000
         395000	        38	80000078	00300293	addi	x5,x0,3	  x0:0x00000000  x5=0x00000003
         405000	        39	8000007c	00600313	addi	x6,x0,6	  x0:0x00000000  x6=0x00000006
         415000	        40	80000080	f83613b7	lui	x7,0xf8361	  x7=0xf8361000
         425000	        41	80000084	6e538393	addi	x7,x7,1765	  x7:0xf8361000  x7=0xf83616e5
         435000	        42	80000088	00c00413	addi	x8,x0,12	  x0:0x00000000  x8=0x0000000c
         445000	        43	8000008c	873444b7	lui	x9,0x87344	  x9=0x87344000
         455000	        44	80000090	19948493	addi	x9,x9,409	  x9:0x87344000  x9=0x87344199
         465000	        45	80000094	00000513	addi	x10,x0,0	  x0:0x00000000 x10=0x00000000
         475000	        46	80000098	fc6dc5b7	lui	x11,0xfc6dc	 x11=0xfc6dc000
         485000	        47	8000009c	e2258593	addi	x11,x11,-478	 x11:0xfc6dc000 x11=0xfc6dbe22
         495000	        48	800000a0	80000637	lui	x12,0x80000	 x12=0x80000000
         505000	        49	800000a4	00000693	addi	x13,x0,0	  x0:0x00000000 x13=0x00000000
         515000	        50	800000a8	00000713	addi	x14,x0,0	  x0:0x00000000 x14=0x00000000
         525000	        51	800000ac	00800793	addi	x15,x0,8	  x0:0x00000000 x15=0x00000008
         535000	        52	800000b0	80000837	lui	x16,0x80000	 x16=0x80000000
         545000	        53	800000b4	fb1558b7	lui	x17,0xfb155	 x17=0xfb155000
         555000	        54	800000b8	ba488893	addi	x17,x17,-1116	 x17:0xfb155000 x17=0xfb154ba4
         565000	        55	800000bc	80000937	lui	x18,0x80000	 x18=0x80000000
         575000	        56	800000c0	265769b7	lui	x19,0x26576	 x19=0x26576000
         585000	        57	800000c4	8fe98993	addi	x19,x19,-1794	 x19:0x26576000 x19=0x265758fe
         595000	        58	800000c8	80000ab7	lui	x21,0x80000	 x21=0x80000000
         605000	        59	800000cc	80000b37	lui	x22,0x80000	 x22=0x80000000
         615000	        60	800000d0	80000bb7	lui	x23,0x80000	 x23=0x80000000
         625000	        61	800000d4	877f4c37	lui	x24,0x877f4	 x24=0x877f4000
         635000	        62	800000d8	33fc0c13	addi	x24,x24,831	 x24:0x877f4000 x24=0x877f433f
         645000	        63	800000dc	2a59ccb7	lui	x25,0x2a59c	 x25=0x2a59c000
         655000	        64	800000e0	1bdc8c93	addi	x25,x25,445	 x25:0x2a59c000 x25=0x2a59c1bd
         665000	        65	800000e4	80000d37	lui	x26,0x80000	 x26=0x80000000
         675000	        66	800000e8	00100d93	addi	x27,x0,1	  x0:0x00000000 x27=0x00000001
         685000	        67	800000ec	80000e37	lui	x28,0x80000	 x28=0x80000000
         695000	        68	800000f0	00c00e93	addi	x29,x0,12	  x0:0x00000000 x29=0x0000000c
         705000	        69	800000f4	e9fc7f37	lui	x30,0xe9fc7	 x30=0xe9fc7000
         715000	        70	800000f8	eacf0f13	addi	x30,x30,-340	 x30:0xe9fc7000 x30=0xe9fc6eac
         725000	        71	800000fc	b519afb7	lui	x31,0xb519a	 x31=0xb519a000
         735000	        72	80000100	0f3f8f93	addi	x31,x31,243	 x31:0xb519a000 x31=0xb519a0f3
         745000	        73	80000104	0000aa17	auipc	x20,0xa	 x20=0x8000a100
         755000	        74	80000108	e84a0a13	addi	x20,x20,-380	 x20:0x8000a100 x20=0x80009f84
         765000	        75	8000010c	00900c93	addi	x25,x0,9	  x0:0x00000000 x25=0x00000009
         775000	        76	80000110	01fa1493	slli	x9,x20,0x1f	 x20:0x80009f84  x9=0x00000000
         785000	        77	80000114	40b95993	srai	x19,x18,0xb	 x18:0x80000000 x19=0xfff00000
         795000	        78	80000118	0053e233	or	x4,x7,x5	  x7:0xf83616e5  x5:0x00000003  x4=0xf83616e7
         805000	        79	8000011c	01619d93	slli	x27,x3,0x16	  x3:0xfb9eef94 x27=0xe5000000
         815000	        80	80000120	b015e393	ori	x7,x11,-1279	 x11:0xfc6dbe22  x7=0xffffff23
         825000	        81	80000124	01100c13	addi	x24,x0,17	  x0:0x00000000 x24=0x00000011
         835000	        82	80000128	7e22a2b7	lui	x5,0x7e22a	  x5=0x7e22a000
         845000	        83	8000012c	00000013	addi	x0,x0,0	  x0:0x00000000
         855000	        84	80000130	011d38b3	sltu	x17,x26,x17	 x26:0x80000000 x17:0xfb154ba4 x17=0x00000001
         865000	        85	80000134	001c8c93	addi	x25,x25,1	 x25:0x00000009 x25=0x0000000a
         875000	        86	80000138	00355513	srli	x10,x10,0x3	 x10:0x00000000 x10=0x00000000
         885000	        87	8000013c	00700a93	addi	x21,x0,7	  x0:0x00000000 x21=0x00000007
         895000	        88	80000140	011001b3	add	x3,x0,x17	  x0:0x00000000 x17:0x00000001  x3=0x00000001
         905000	        89	80000144	01000313	addi	x6,x0,16	  x0:0x00000000  x6=0x00000010
         915000	        90	80000148	dbbcc417	auipc	x8,0xdbbcc	  x8=0x5bbcc144
         925000	        91	8000014c	0b5af293	andi	x5,x21,181	 x21:0x00000007  x5=0x00000005
         935000	        92	80000150	40ed5513	srai	x10,x26,0xe	 x26:0x80000000 x10=0xfffe0000
         945000	        93	80000154	414904b3	sub	x9,x18,x20	 x18:0x80000000 x20:0x80009f84  x9=0xffff607c
         955000	        94	80000158	002b19b3	sll	x19,x22,x2	 x22:0x80000000  x2:0x80009fc4 x19=0x00000000
         965000	        95	8000015c	00bf80b3	add	x1,x31,x11	 x31:0xb519a0f3 x11:0xfc6dbe22  x1=0xb1875f15
         975000	        96	80000160	0102d6b3	srl	x13,x5,x16	  x5:0x00000005 x16:0x80000000 x13=0x00000005
         985000	        97	80000164	013778b3	and	x17,x14,x19	 x14:0x00000000 x19:0x00000000 x17=0x00000000
         995000	        98	80000168	410ad1b3	sra	x3,x21,x16	 x21:0x00000007 x16:0x80000000  x3=0x00000007
        1005000	        99	8000016c	009a8a93	addi	x21,x21,9	 x21:0x00000007 x21=0x00000010
        1015000	       100	80000170	40185493	srai	x9,x16,0x1	 x16:0x80000000  x9=0xc0000000
        1025000	       101	80000174	410bde13	srai	x28,x23,0x10	 x23:0x80000000 x28=0xffff8000
        1035000	       102	80000178	fe6a96e3	bne	x21,x6,80000164	 x21:0x00000010  x6:0x00000010
        1045000	       103	8000017c	47fdb497	auipc	x9,0x47fdb	  x9=0xc7fdb178
        1055000	       104	80000180	1bb23613	sltiu	x12,x4,443	  x4:0xf83616e7 x12=0x00000000
        1065000	       105	80000184	40e0d793	srai	x15,x1,0xe	  x1:0xb1875f15 x15=0xfffec61d
        1075000	       106	80000188	fb8cc2e3	blt	x25,x24,8000012c	 x25:0x0000000a x24:0x00000011
        1085000	       107	00000000	00000013	addi	x0,x0,0	  x0:0x00000000
        1095000	       108	80000128	00000013	addi	x0,x0,0	  x0:0x00000000
        1105000	       109	8000012c	00000013	addi	x0,x0,0	  x0:0x00000000
        1115000	       110	80000130	011d38b3	sltu	x17,x26,x17	 x26:0x80000000 x17:0x00000000 x17=0x00000000
        1125000	       111	80000134	001c8c93	addi	x25,x25,1	 x25:0x0000000a x25=0x0000000b
        1135000	       112	80000138	00355513	srli	x10,x10,0x3	 x10:0xfffe0000 x10=0x1fffc000
        1145000	       113	8000013c	00700a93	addi	x21,x0,7	  x0:0x00000000 x21=0x00000007
        1155000	       114	80000140	011001b3	add	x3,x0,x17	  x0:0x00000000 x17:0x00000000  x3=0x00000000
        1165000	       115	80000144	01000313	addi	x6,x0,16	  x0:0x00000000  x6=0x00000010
        1175000	       116	80000148	dbbcc417	auipc	x8,0xdbbcc	  x8=0x5bbcc144
        1185000	       117	8000014c	0b5af293	andi	x5,x21,181	 x21:0x00000007  x5=0x00000005
        1195000	       118	80000150	40ed5513	srai	x10,x26,0xe	 x26:0x80000000 x10=0xfffe0000
        1205000	       119	80000154	414904b3	sub	x9,x18,x20	 x18:0x80000000 x20:0x80009f84  x9=0xffff607c
        1215000	       120	80000158	002b19b3	sll	x19,x22,x2	 x22:0x80000000  x2:0x80009fc4 x19=0x00000000
        1225000	       121	8000015c	00bf80b3	add	x1,x31,x11	 x31:0xb519a0f3 x11:0xfc6dbe22  x1=0xb1875f15
        1235000	       122	80000160	0102d6b3	srl	x13,x5,x16	  x5:0x00000005 x16:0x80000000 x13=0x00000005
        1245000	       123	80000164	013778b3	and	x17,x14,x19	 x14:0x00000000 x19:0x00000000 x17=0x00000000
        1255000	       124	80000168	410ad1b3	sra	x3,x21,x16	 x21:0x00000007 x16:0x80000000  x3=0x00000007
        1265000	       125	8000016c	009a8a93	addi	x21,x21,9	 x21:0x00000007 x21=0x00000010
        1275000	       126	80000170	40185493	srai	x9,x16,0x1	 x16:0x80000000  x9=0xc0000000
        1285000	       127	80000174	410bde13	srai	x28,x23,0x10	 x23:0x80000000 x28=0xffff8000
        1295000	       128	80000178	fe6a96e3	bne	x21,x6,80000164	 x21:0x00000010  x6:0x00000010
        1305000	       129	8000017c	47fdb497	auipc	x9,0x47fdb	  x9=0xc7fdb178
        1315000	       130	80000180	1bb23613	sltiu	x12,x4,443	  x4:0xf83616e7 x12=0x00000000
        1325000	       131	80000184	40e0d793	srai	x15,x1,0xe	  x1:0xb1875f15 x15=0xfffec61d
        1335000	       132	80000188	fb8cc2e3	blt	x25,x24,8000012c	 x25:0x0000000b x24:0x00000011
        1345000	       133	00000000	00000013	addi	x0,x0,0	  x0:0x00000000
        1355000	       134	80000128	00000013	addi	x0,x0,0	  x0:0x00000000
        1365000	       135	8000012c	00000013	addi	x0,x0,0	  x0:0x00000000
        1375000	       136	80000130	011d38b3	sltu	x17,x26,x17	 x26:0x80000000 x17:0x00000000 x17=0x00000000
        1385000	       137	80000134	001c8c93	addi	x25,x25,1	 x25:0x0000000b x25=0x0000000c
        1395000	       138	80000138	00355513	srli	x10,x10,0x3	 x10:0xfffe0000 x10=0x1fffc000
        1405000	       139	8000013c	00700a93	addi	x21,x0,7	  x0:0x00000000 x21=0x00000007
        1415000	       140	80000140	011001b3	add	x3,x0,x17	  x0:0x00000000 x17:0x00000000  x3=0x00000000
        1425000	       141	80000144	01000313	addi	x6,x0,16	  x0:0x00000000  x6=0x00000010
        1435000	       142	80000148	dbbcc417	auipc	x8,0xdbbcc	  x8=0x5bbcc144
        1445000	       143	8000014c	0b5af293	andi	x5,x21,181	 x21:0x00000007  x5=0x00000005
        1455000	       144	80000150	40ed5513	srai	x10,x26,0xe	 x26:0x80000000 x10=0xfffe0000
        1465000	       145	80000154	414904b3	sub	x9,x18,x20	 x18:0x80000000 x20:0x80009f84  x9=0xffff607c
        1475000	       146	80000158	002b19b3	sll	x19,x22,x2	 x22:0x80000000  x2:0x80009fc4 x19=0x00000000
        1485000	       147	8000015c	00bf80b3	add	x1,x31,x11	 x31:0xb519a0f3 x11:0xfc6dbe22  x1=0xb1875f15
        1495000	       148	80000160	0102d6b3	srl	x13,x5,x16	  x5:0x00000005 x16:0x80000000 x13=0x00000005
        1505000	       149	80000164	013778b3	and	x17,x14,x19	 x14:0x00000000 x19:0x00000000 x17=0x00000000
        1515000	       150	80000168	410ad1b3	sra	x3,x21,x16	 x21:0x00000007 x16:0x80000000  x3=0x00000007
        1525000	       151	8000016c	009a8a93	addi	x21,x21,9	 x21:0x00000007 x21=0x00000010
        1535000	       152	80000170	40185493	srai	x9,x16,0x1	 x16:0x80000000  x9=0xc0000000
        1545000	       153	80000174	410bde13	srai	x28,x23,0x10	 x23:0x80000000 x28=0xffff8000
        1555000	       154	80000178	fe6a96e3	bne	x21,x6,80000164	 x21:0x00000010  x6:0x00000010
        1565000	       155	8000017c	47fdb497	auipc	x9,0x47fdb	  x9=0xc7fdb178
        1575000	       156	80000180	1bb23613	sltiu	x12,x4,443	  x4:0xf83616e7 x12=0x00000000
        1585000	       157	80000184	40e0d793	srai	x15,x1,0xe	  x1:0xb1875f15 x15=0xfffec61d
        1595000	       158	80000188	fb8cc2e3	blt	x25,x24,8000012c	 x25:0x0000000c x24:0x00000011
        1605000	       159	00000000	00000013	addi	x0,x0,0	  x0:0x00000000
        1615000	       160	80000128	00000013	addi	x0,x0,0	  x0:0x00000000
        1625000	       161	8000012c	00000013	addi	x0,x0,0	  x0:0x00000000
        1635000	       162	80000130	011d38b3	sltu	x17,x26,x17	 x26:0x80000000 x17:0x00000000 x17=0x00000000
        1645000	       163	80000134	001c8c93	addi	x25,x25,1	 x25:0x0000000c x25=0x0000000d
        1655000	       164	80000138	00355513	srli	x10,x10,0x3	 x10:0xfffe0000 x10=0x1fffc000
        1665000	       165	8000013c	00700a93	addi	x21,x0,7	  x0:0x00000000 x21=0x00000007
        1675000	       166	80000140	011001b3	add	x3,x0,x17	  x0:0x00000000 x17:0x00000000  x3=0x00000000
        1685000	       167	80000144	01000313	addi	x6,x0,16	  x0:0x00000000  x6=0x00000010
        1695000	       168	80000148	dbbcc417	auipc	x8,0xdbbcc	  x8=0x5bbcc144
        1705000	       169	8000014c	0b5af293	andi	x5,x21,181	 x21:0x00000007  x5=0x00000005
        1715000	       170	80000150	40ed5513	srai	x10,x26,0xe	 x26:0x80000000 x10=0xfffe0000
        1725000	       171	80000154	414904b3	sub	x9,x18,x20	 x18:0x80000000 x20:0x80009f84  x9=0xffff607c
        1735000	       172	80000158	002b19b3	sll	x19,x22,x2	 x22:0x80000000  x2:0x80009fc4 x19=0x00000000
        1745000	       173	8000015c	00bf80b3	add	x1,x31,x11	 x31:0xb519a0f3 x11:0xfc6dbe22  x1=0xb1875f15
        1755000	       174	80000160	0102d6b3	srl	x13,x5,x16	  x5:0x00000005 x16:0x80000000 x13=0x00000005
        1765000	       175	80000164	013778b3	and	x17,x14,x19	 x14:0x00000000 x19:0x00000000 x17=0x00000000
        1775000	       176	80000168	410ad1b3	sra	x3,x21,x16	 x21:0x00000007 x16:0x80000000  x3=0x00000007
        1785000	       177	8000016c	009a8a93	addi	x21,x21,9	 x21:0x00000007 x21=0x00000010
        1795000	       178	80000170	40185493	srai	x9,x16,0x1	 x16:0x80000000  x9=0xc0000000
        1805000	       179	80000174	410bde13	srai	x28,x23,0x10	 x23:0x80000000 x28=0xffff8000
        1815000	       180	80000178	fe6a96e3	bne	x21,x6,80000164	 x21:0x00000010  x6:0x00000010
        1825000	       181	8000017c	47fdb497	auipc	x9,0x47fdb	  x9=0xc7fdb178
        1835000	       182	80000180	1bb23613	sltiu	x12,x4,443	  x4:0xf83616e7 x12=0x00000000
        1845000	       183	80000184	40e0d793	srai	x15,x1,0xe	  x1:0xb1875f15 x15=0xfffec61d
        1855000	       184	80000188	fb8cc2e3	blt	x25,x24,8000012c	 x25:0x0000000d x24:0x00000011
        1865000	       185	00000000	00000013	addi	x0,x0,0	  x0:0x00000000
        1875000	       186	80000128	00000013	addi	x0,x0,0	  x0:0x00000000
        1885000	       187	8000012c	00000013	addi	x0,x0,0	  x0:0x00000000
        1895000	       188	80000130	011d38b3	sltu	x17,x26,x17	 x26:0x80000000 x17:0x00000000 x17=0x00000000
        1905000	       189	80000134	001c8c93	addi	x25,x25,1	 x25:0x0000000d x25=0x0000000e
        1915000	       190	80000138	00355513	srli	x10,x10,0x3	 x10:0xfffe0000 x10=0x1fffc000
        1925000	       191	8000013c	00700a93	addi	x21,x0,7	  x0:0x00000000 x21=0x00000007
        1935000	       192	80000140	011001b3	add	x3,x0,x17	  x0:0x00000000 x17:0x00000000  x3=0x00000000
        1945000	       193	80000144	01000313	addi	x6,x0,16	  x0:0x00000000  x6=0x00000010
        1955000	       194	80000148	dbbcc417	auipc	x8,0xdbbcc	  x8=0x5bbcc144
        1965000	       195	8000014c	0b5af293	andi	x5,x21,181	 x21:0x00000007  x5=0x00000005
        1975000	       196	80000150	40ed5513	srai	x10,x26,0xe	 x26:0x80000000 x10=0xfffe0000
        1985000	       197	80000154	414904b3	sub	x9,x18,x20	 x18:0x80000000 x20:0x80009f84  x9=0xffff607c
        1995000	       198	80000158	002b19b3	sll	x19,x22,x2	 x22:0x80000000  x2:0x80009fc4 x19=0x00000000
        2005000	       199	8000015c	00bf80b3	add	x1,x31,x11	 x31:0xb519a0f3 x11:0xfc6dbe22  x1=0xb1875f15
        2015000	       200	80000160	0102d6b3	srl	x13,x5,x16	  x5:0x00000005 x16:0x80000000 x13=0x00000005
        2025000	       201	80000164	013778b3	and	x17,x14,x19	 x14:0x00000000 x19:0x00000000 x17=0x00000000
        2035000	       202	80000168	410ad1b3	sra	x3,x21,x16	 x21:0x00000007 x16:0x80000000  x3=0x00000007
        2045000	       203	8000016c	009a8a93	addi	x21,x21,9	 x21:0x00000007 x21=0x00000010
        2055000	       204	80000170	40185493	srai	x9,x16,0x1	 x16:0x80000000  x9=0xc0000000
        2065000	       205	80000174	410bde13	srai	x28,x23,0x10	 x23:0x80000000 x28=0xffff8000
        2075000	       206	80000178	fe6a96e3	bne	x21,x6,80000164	 x21:0x00000010  x6:0x00000010
        2085000	       207	8000017c	47fdb497	auipc	x9,0x47fdb	  x9=0xc7fdb178
        2095000	       208	80000180	1bb23613	sltiu	x12,x4,443	  x4:0xf83616e7 x12=0x00000000
        2105000	       209	80000184	40e0d793	srai	x15,x1,0xe	  x1:0xb1875f15 x15=0xfffec61d
        2115000	       210	80000188	fb8cc2e3	blt	x25,x24,8000012c	 x25:0x0000000e x24:0x00000011
        2125000	       211	00000000	00000013	addi	x0,x0,0	  x0:0x00000000
        2135000	       212	80000128	00000013	addi	x0,x0,0	  x0:0x00000000
        2145000	       213	8000012c	00000013	addi	x0,x0,0	  x0:0x00000000
        2155000	       214	80000130	011d38b3	sltu	x17,x26,x17	 x26:0x80000000 x17:0x00000000 x17=0x00000000
        2165000	       215	80000134	001c8c93	addi	x25,x25,1	 x25:0x0000000e x25=0x0000000f
        2175000	       216	80000138	00355513	srli	x10,x10,0x3	 x10:0xfffe0000 x10=0x1fffc000
        2185000	       217	8000013c	00700a93	addi	x21,x0,7	  x0:0x00000000 x21=0x00000007
        2195000	       218	80000140	011001b3	add	x3,x0,x17	  x0:0x00000000 x17:0x00000000  x3=0x00000000
        2205000	       219	80000144	01000313	addi	x6,x0,16	  x0:0x00000000  x6=0x00000010
        2215000	       220	80000148	dbbcc417	auipc	x8,0xdbbcc	  x8=0x5bbcc144
        2225000	       221	8000014c	0b5af293	andi	x5,x21,181	 x21:0x00000007  x5=0x00000005
        2235000	       222	80000150	40ed5513	srai	x10,x26,0xe	 x26:0x80000000 x10=0xfffe0000
        2245000	       223	80000154	414904b3	sub	x9,x18,x20	 x18:0x80000000 x20:0x80009f84  x9=0xffff607c
        2255000	       224	80000158	002b19b3	sll	x19,x22,x2	 x22:0x80000000  x2:0x80009fc4 x19=0x00000000
        2265000	       225	8000015c	00bf80b3	add	x1,x31,x11	 x31:0xb519a0f3 x11:0xfc6dbe22  x1=0xb1875f15
        2275000	       226	80000160	0102d6b3	srl	x13,x5,x16	  x5:0x00000005 x16:0x80000000 x13=0x00000005
        2285000	       227	80000164	013778b3	and	x17,x14,x19	 x14:0x00000000 x19:0x00000000 x17=0x00000000
        2295000	       228	80000168	410ad1b3	sra	x3,x21,x16	 x21:0x00000007 x16:0x80000000  x3=0x00000007
        2305000	       229	8000016c	009a8a93	addi	x21,x21,9	 x21:0x00000007 x21=0x00000010
        2315000	       230	80000170	40185493	srai	x9,x16,0x1	 x16:0x80000000  x9=0xc0000000
        2325000	       231	80000174	410bde13	srai	x28,x23,0x10	 x23:0x80000000 x28=0xffff8000
        2335000	       232	80000178	fe6a96e3	bne	x21,x6,80000164	 x21:0x00000010  x6:0x00000010
        2345000	       233	8000017c	47fdb497	auipc	x9,0x47fdb	  x9=0xc7fdb178
        2355000	       234	80000180	1bb23613	sltiu	x12,x4,443	  x4:0xf83616e7 x12=0x00000000
        2365000	       235	80000184	40e0d793	srai	x15,x1,0xe	  x1:0xb1875f15 x15=0xfffec61d
        2375000	       236	80000188	fb8cc2e3	blt	x25,x24,8000012c	 x25:0x0000000f x24:0x00000011
        2385000	       237	00000000	00000013	addi	x0,x0,0	  x0:0x00000000
        2395000	       238	80000128	00000013	addi	x0,x0,0	  x0:0x00000000
        2405000	       239	8000012c	00000013	addi	x0,x0,0	  x0:0x00000000
        2415000	       240	80000130	011d38b3	sltu	x17,x26,x17	 x26:0x80000000 x17:0x00000000 x17=0x00000000
        2425000	       241	80000134	001c8c93	addi	x25,x25,1	 x25:0x0000000f x25=0x00000010
        2435000	       242	80000138	00355513	srli	x10,x10,0x3	 x10:0xfffe0000 x10=0x1fffc000
        2445000	       243	8000013c	00700a93	addi	x21,x0,7	  x0:0x00000000 x21=0x00000007
        2455000	       244	80000140	011001b3	add	x3,x0,x17	  x0:0x00000000 x17:0x00000000  x3=0x00000000
        2465000	       245	80000144	01000313	addi	x6,x0,16	  x0:0x00000000  x6=0x00000010
        2475000	       246	80000148	dbbcc417	auipc	x8,0xdbbcc	  x8=0x5bbcc144
        2485000	       247	8000014c	0b5af293	andi	x5,x21,181	 x21:0x00000007  x5=0x00000005
        2495000	       248	80000150	40ed5513	srai	x10,x26,0xe	 x26:0x80000000 x10=0xfffe0000
        2505000	       249	80000154	414904b3	sub	x9,x18,x20	 x18:0x80000000 x20:0x80009f84  x9=0xffff607c
        2515000	       250	80000158	002b19b3	sll	x19,x22,x2	 x22:0x80000000  x2:0x80009fc4 x19=0x00000000
        2525000	       251	8000015c	00bf80b3	add	x1,x31,x11	 x31:0xb519a0f3 x11:0xfc6dbe22  x1=0xb1875f15
        2535000	       252	80000160	0102d6b3	srl	x13,x5,x16	  x5:0x00000005 x16:0x80000000 x13=0x00000005
        2545000	       253	80000164	013778b3	and	x17,x14,x19	 x14:0x00000000 x19:0x00000000 x17=0x00000000
        2555000	       254	80000168	410ad1b3	sra	x3,x21,x16	 x21:0x00000007 x16:0x80000000  x3=0x00000007
        2565000	       255	8000016c	009a8a93	addi	x21,x21,9	 x21:0x00000007 x21=0x00000010
        2575000	       256	80000170	40185493	srai	x9,x16,0x1	 x16:0x80000000  x9=0xc0000000
        2585000	       257	80000174	410bde13	srai	x28,x23,0x10	 x23:0x80000000 x28=0xffff8000
        2595000	       258	80000178	fe6a96e3	bne	x21,x6,80000164	 x21:0x00000010  x6:0x00000010
        2605000	       259	8000017c	47fdb497	auipc	x9,0x47fdb	  x9=0xc7fdb178
        2615000	       260	80000180	1bb23613	sltiu	x12,x4,443	  x4:0xf83616e7 x12=0x00000000
        2625000	       261	80000184	40e0d793	srai	x15,x1,0xe	  x1:0xb1875f15 x15=0xfffec61d
        2635000	       262	80000188	fb8cc2e3	blt	x25,x24,8000012c	 x25:0x00000010 x24:0x00000011
        2645000	       263	00000000	00000013	addi	x0,x0,0	  x0:0x00000000
        2655000	       264	80000128	00000013	addi	x0,x0,0	  x0:0x00000000
        2665000	       265	8000012c	00000013	addi	x0,x0,0	  x0:0x00000000
        2675000	       266	80000130	011d38b3	sltu	x17,x26,x17	 x26:0x80000000 x17:0x00000000 x17=0x00000000
        2685000	       267	80000134	001c8c93	addi	x25,x25,1	 x25:0x00000010 x25=0x00000011
        2695000	       268	80000138	00355513	srli	x10,x10,0x3	 x10:0xfffe0000 x10=0x1fffc000
        2705000	       269	8000013c	00700a93	addi	x21,x0,7	  x0:0x00000000 x21=0x00000007
        2715000	       270	80000140	011001b3	add	x3,x0,x17	  x0:0x00000000 x17:0x00000000  x3=0x00000000
        2725000	       271	80000144	01000313	addi	x6,x0,16	  x0:0x00000000  x6=0x00000010
        2735000	       272	80000148	dbbcc417	auipc	x8,0xdbbcc	  x8=0x5bbcc144
        2745000	       273	8000014c	0b5af293	andi	x5,x21,181	 x21:0x00000007  x5=0x00000005
        2755000	       274	80000150	40ed5513	srai	x10,x26,0xe	 x26:0x80000000 x10=0xfffe0000
        2765000	       275	80000154	414904b3	sub	x9,x18,x20	 x18:0x80000000 x20:0x80009f84  x9=0xffff607c
        2775000	       276	80000158	002b19b3	sll	x19,x22,x2	 x22:0x80000000  x2:0x80009fc4 x19=0x00000000
        2785000	       277	8000015c	00bf80b3	add	x1,x31,x11	 x31:0xb519a0f3 x11:0xfc6dbe22  x1=0xb1875f15
        2795000	       278	80000160	0102d6b3	srl	x13,x5,x16	  x5:0x00000005 x16:0x80000000 x13=0x00000005
        2805000	       279	80000164	013778b3	and	x17,x14,x19	 x14:0x00000000 x19:0x00000000 x17=0x00000000
        2815000	       280	80000168	410ad1b3	sra	x3,x21,x16	 x21:0x00000007 x16:0x80000000  x3=0x00000007
        2825000	       281	8000016c	009a8a93	addi	x21,x21,9	 x21:0x00000007 x21=0x00000010
        2835000	       282	80000170	40185493	srai	x9,x16,0x1	 x16:0x80000000  x9=0xc0000000
        2845000	       283	80000174	410bde13	srai	x28,x23,0x10	 x23:0x80000000 x28=0xffff8000
        2855000	       284	80000178	fe6a96e3	bne	x21,x6,80000164	 x21:0x00000010  x6:0x00000010
        2865000	       285	8000017c	47fdb497	auipc	x9,0x47fdb	  x9=0xc7fdb178
        2875000	       286	80000180	1bb23613	sltiu	x12,x4,443	  x4:0xf83616e7 x12=0x00000000
        2885000	       287	80000184	40e0d793	srai	x15,x1,0xe	  x1:0xb1875f15 x15=0xfffec61d
        2895000	       288	80000188	fb8cc2e3	blt	x25,x24,8000012c	 x25:0x00000011 x24:0x00000011
        2905000	       289	8000018c	67536937	lui	x18,0x67536	 x18=0x67536000
        2915000	       290	80000190	9bb8b213	sltiu	x4,x17,-1605	 x17:0x00000000  x4=0x00000001
        2925000	       291	80000194	00df0433	add	x8,x30,x13	 x30:0xe9fc6eac x13:0x00000005  x8=0xe9fc6eb1
        2935000	       292	80000198	006d9e63	bne	x27,x6,800001b4	 x27:0xe5000000  x6:0x00000010
        2945000	       293	00000000	00000013	addi	x0,x0,0	  x0:0x00000000
        2955000	       294	800001b0	00000013	addi	x0,x0,0	  x0:0x00000000
        2965000	       295	800001b4	6f0f3e37	lui	x28,0x6f0f3	 x28=0x6f0f3000
        2975000	       296	800001b8	408ad4b3	sra	x9,x21,x8	 x21:0x00000010  x8:0xe9fc6eb1  x9=0x00000000
        2985000	       297	800001bc	0088d893	srli	x17,x17,0x8	 x17:0x00000000 x17=0x00000000
        2995000	       298	800001c0	795fc213	xori	x4,x31,1941	 x31:0xb519a0f3  x4=0xb519a766
        3005000	       299	800001c4	409657b3	sra	x15,x12,x9	 x12:0x00000000  x9:0x00000000 x15=0x00000000
        3015000	       300	800001c8	01a5a833	slt	x16,x11,x26	 x11:0xfc6dbe22 x26:0x80000000 x16=0x00000000
        3025000	       301	800001cc	06c09463	bne	x1,x12,80000234	  x1:0xb1875f15 x12:0x00000000
        3035000	       302	00000000	00000013	addi	x0,x0,0	  x0:0x00000000
        3045000	       303	80000230	00000013	addi	x0,x0,0	  x0:0x00000000
        3055000	       304	80000234	01e06033	or	x0,x0,x30	  x0:0x00000000 x30:0xe9fc6eac
        3065000	       305	80000238	b07c2293	slti	x5,x24,-1273	 x24:0x00000011  x5=0x00000000
        3075000	       306	8000023c	060a0e63	beq	x20,x0,800002b8	 x20:0x80009f84  x0:0x00000000
        3085000	       307	80000240	aba16513	ori	x10,x2,-1350	  x2:0x80009fc4 x10=0xfffffffe
        3095000	       308	80000244	01562233	slt	x4,x12,x21	 x12:0x00000000 x21:0x00000010  x4=0x00000001
        3105000	       309	80000248	04516c63	bltu	x2,x5,800002a0	  x2:0x80009fc4  x5:0x00000000
        3115000	       310	8000024c	003f38b3	sltu	x17,x30,x3	 x30:0xe9fc6eac  x3:0x00000007 x17=0x00000000
        3125000	       311	80000250	00000013	addi	x0,x0,0	  x0:0x00000000
        3135000	       312	80000254	4137d7b3	sra	x15,x15,x19	 x15:0x00000000 x19:0x00000000 x15=0x00000000
        3145000	       313	80000258	0790c063	blt	x1,x25,800002b8	  x1:0xb1875f15 x25:0x00000011
        3155000	       314	00000000	00000013	addi	x0,x0,0	  x0:0x00000000
        3165000	       315	800002b4	00000013	addi	x0,x0,0	  x0:0x00000000
        3175000	       316	800002b8	1512a093	slti	x1,x5,337	  x5:0x00000000  x1=0x00000001
        3185000	       317	800002bc	03910e93	addi	x29,x2,57	  x2:0x80009fc4 x29=0x80009ffd
        3195000	       318	800002c0	013f5b33	srl	x22,x30,x19	 x30:0xe9fc6eac x19:0x00000000 x22=0xe9fc6eac
        3205000	       319	800002c4	001b3033	sltu	x0,x22,x1	 x22:0xe9fc6eac  x1:0x00000001
        3215000	       320	800002c8	00000d17	auipc	x26,0x0	 x26=0x800002c4
        3225000	       321	800002cc	00cd0d13	addi	x26,x26,12	 x26:0x800002c4 x26=0x800002d0
        3235000	       322	800002d0	000d0067	jalr	x0,x26,0	 x26:0x800002d0
        3245000	       323	00000000	00000013	addi	x0,x0,0	  x0:0x00000000
        3255000	       324	800002d0	00000013	addi	x0,x0,0	  x0:0x00000000
        3265000	       325	800002d4	00100193	addi	x3,x0,1	  x0:0x00000000  x3=0x00000001
        3275000	       326	800002d8	00000073	ecall	
        3285000	       327	800002dc	01b81463	bne	x16,x27,800002e4	 x16:0x00000000 x27:0xe5000000
