		Time			Cycle	PC		Insn	Decoded instruction	Register and memory contents
          65000	         5	80000004	00000293	addi	x5,x0,0	  x0:0x00000000  x5=0x00000000
          75000	         6	80000008	00000313	addi	x6,x0,0	  x0:0x00000000  x6=0x00000000
          85000	         7	8000000c	00628263	beq	x5,x6,80000010	  x5:0x00000000  x6:0x00000000
          95000	         8	00000000	00000013	addi	x0,x0,0	  x0:0x00000000
         105000	         9	8000000c	00000013	addi	x0,x0,0	  x0:0x00000000
         115000	        10	80000010	00000317	auipc	x6,0x0	  x6=0x8000000c
         125000	        11	80000014	00c30313	addi	x6,x6,12	  x6:0x8000000c  x6=0x80000018
         135000	        12	80000018	00030067	jalr	x0,x6,0	  x6:0x80000018
         145000	        13	00000000	00000013	addi	x0,x0,0	  x0:0x00000000
         155000	        14	80000018	00000013	addi	x0,x0,0	  x0:0x00000000
         165000	        15	8000001c	40000637	lui	x12,0x40000	 x12=0x40000000
         175000	        16	80000020	10060613	addi	x12,x12,256	 x12:0x40000000 x12=0x40000100
         185000	        17	80000024	00000013	addi	x0,x0,0	  x0:0x00000000
         195000	        18	80000028	0000ae17	auipc	x28,0xa	 x28=0x8000a024
         205000	        19	8000002c	fa0e0e13	addi	x28,x28,-96	 x28:0x8000a024 x28=0x80009fc4
         215000	        20	80000030	00003617	auipc	x12,0x3	 x12=0x8000302c
         225000	        21	80000034	fa460613	addi	x12,x12,-92	 x12:0x8000302c x12=0x80002fd0
         235000	        22	80000038	00066613	ori	x12,x12,0	 x12:0x80002fd0 x12=0x80002fd0
         245000	        23	8000003c	00000013	addi	x0,x0,0	  x0:0x00000000
         255000	        24	80000040	00000617	auipc	x12,0x0	 x12=0x8000003c
         265000	        25	80000044	02060613	addi	x12,x12,32	 x12:0x8000003c x12=0x8000005c
         275000	        26	80000048	00000013	addi	x0,x0,0	  x0:0x00000000
         285000	        27	8000004c	00000013	addi	x0,x0,0	  x0:0x00000000
         295000	        28	80000050	00002637	lui	x12,0x2	 x12=0x00002000
         305000	        29	80000054	80060613	addi	x12,x12,-2048	 x12:0x00002000 x12=0x00001800
         315000	        30	80000058	00000013	addi	x0,x0,0	  x0:0x00000000
         325000	        31	8000005c	00000013	addi	x0,x0,0	  x0:0x00000000
         335000	        32	80000060	bb853037	lui	x0,0xbb853	
         345000	        33	80000064	43500013	addi	x0,x0,1077	  x0:0x00000000
         355000	        34	80000068	08b280b7	lui	x1,0x8b28	  x1=0x08b28000
         365000	        35	8000006c	fea08093	addi	x1,x1,-22	  x1:0x08b28000  x1=0x08b27fea
         375000	        36	80000070	00000113	addi	x2,x0,0	  x0:0x00000000  x2=0x00000000
         385000	        37	80000074	f99021b7	lui	x3,0xf9902	  x3=0xf9902000
         395000	        38	80000078	c3618193	addi	x3,x3,-970	  x3:0xf9902000  x3=0xf9901c36
         405000	        39	8000007c	00200213	addi	x4,x0,2	  x0:0x00000000  x4=0x00000002
         415000	        40	80000080	596b82b7	lui	x5,0x596b8	  x5=0x596b8000
         425000	        41	80000084	90a28293	addi	x5,x5,-1782	  x5:0x596b8000  x5=0x596b790a
         435000	        42	80000088	9712c337	lui	x6,0x9712c	  x6=0x9712c000
         445000	        43	8000008c	e6b30313	addi	x6,x6,-405	  x6:0x9712c000  x6=0x9712be6b
         455000	        44	80000090	fa4e43b7	lui	x7,0xfa4e4	  x7=0xfa4e4000
         465000	        45	80000094	25438393	addi	x7,x7,596	  x7:0xfa4e4000  x7=0xfa4e4254
         475000	        46	80000098	f26f4437	lui	x8,0xf26f4	  x8=0xf26f4000
         485000	        47	8000009c	86440413	addi	x8,x8,-1948	  x8:0xf26f4000  x8=0xf26f3864
         495000	        48	800000a0	f0ca0537	lui	x10,0xf0ca0	 x10=0xf0ca0000
         505000	        49	800000a4	2f250513	addi	x10,x10,754	 x10:0xf0ca0000 x10=0xf0ca02f2
         515000	        50	800000a8	c2bb95b7	lui	x11,0xc2bb9	 x11=0xc2bb9000
         525000	        51	800000ac	08658593	addi	x11,x11,134	 x11:0xc2bb9000 x11=0xc2bb9086
         535000	        52	800000b0	9564a637	lui	x12,0x9564a	 x12=0x9564a000
         545000	        53	800000b4	f5760613	addi	x12,x12,-169	 x12:0x9564a000 x12=0x95649f57
         555000	        54	800000b8	800006b7	lui	x13,0x80000	 x13=0x80000000
         565000	        55	800000bc	8ccc0737	lui	x14,0x8ccc0	 x14=0x8ccc0000
         575000	        56	800000c0	47870713	addi	x14,x14,1144	 x14:0x8ccc0000 x14=0x8ccc0478
         585000	        57	800000c4	f9ea67b7	lui	x15,0xf9ea6	 x15=0xf9ea6000
         595000	        58	800000c8	1b178793	addi	x15,x15,433	 x15:0xf9ea6000 x15=0xf9ea61b1
         605000	        59	800000cc	00000813	addi	x16,x0,0	  x0:0x00000000 x16=0x00000000
         615000	        60	800000d0	bed7b8b7	lui	x17,0xbed7b	 x17=0xbed7b000
         625000	        61	800000d4	1d188893	addi	x17,x17,465	 x17:0xbed7b000 x17=0xbed7b1d1
         635000	        62	800000d8	00600913	addi	x18,x0,6	  x0:0x00000000 x18=0x00000006
         645000	        63	800000dc	5ca4c9b7	lui	x19,0x5ca4c	 x19=0x5ca4c000
         655000	        64	800000e0	d9a98993	addi	x19,x19,-614	 x19:0x5ca4c000 x19=0x5ca4bd9a
         665000	        65	800000e4	00800a13	addi	x20,x0,8	  x0:0x00000000 x20=0x00000008
         675000	        66	800000e8	6586bab7	lui	x21,0x6586b	 x21=0x6586b000
         685000	        67	800000ec	5b2a8a93	addi	x21,x21,1458	 x21:0x6586b000 x21=0x6586b5b2
         695000	        68	800000f0	f9bd7b37	lui	x22,0xf9bd7	 x22=0xf9bd7000
         705000	        69	800000f4	00bb0b13	addi	x22,x22,11	 x22:0xf9bd7000 x22=0xf9bd700b
         715000	        70	800000f8	00000b93	addi	x23,x0,0	  x0:0x00000000 x23=0x00000000
         725000	        71	800000fc	f9c91c37	lui	x24,0xf9c91	 x24=0xf9c91000
         735000	        72	80000100	b72c0c13	addi	x24,x24,-1166	 x24:0xf9c91000 x24=0xf9c90b72
         745000	        73	80000104	fdf70cb7	lui	x25,0xfdf70	 x25=0xfdf70000
         755000	        74	80000108	a09c8c93	addi	x25,x25,-1527	 x25:0xfdf70000 x25=0xfdf6fa09
         765000	        75	8000010c	00e00d13	addi	x26,x0,14	  x0:0x00000000 x26=0x0000000e
         775000	        76	80000110	f38e1db7	lui	x27,0xf38e1	 x27=0xf38e1000
         785000	        77	80000114	f2bd8d93	addi	x27,x27,-213	 x27:0xf38e1000 x27=0xf38e0f2b
         795000	        78	80000118	00000e93	addi	x29,x0,0	  x0:0x00000000 x29=0x00000000
         805000	        79	8000011c	f2991f37	lui	x30,0xf2991	 x30=0xf2991000
         815000	        80	80000120	177f0f13	addi	x30,x30,375	 x30:0xf2991000 x30=0xf2991177
         825000	        81	80000124	b1bb2fb7	lui	x31,0xb1bb2	 x31=0xb1bb2000
         835000	        82	80000128	0caf8f93	addi	x31,x31,202	 x31:0xb1bb2000 x31=0xb1bb20ca
         845000	        83	8000012c	0000a497	auipc	x9,0xa	  x9=0x8000a128
         855000	        84	80000130	e5c48493	addi	x9,x9,-420	  x9:0x8000a128  x9=0x80009f84
         865000	        85	80000134	ffa00b13	addi	x22,x0,-6	  x0:0x00000000 x22=0xfffffffa
         875000	        86	80000138	00d9cd33	xor	x26,x19,x13	 x19:0x5ca4bd9a x13:0x80000000 x26=0xdca4bd9a
         885000	        87	8000013c	fee00a93	addi	x21,x0,-18	  x0:0x00000000 x21=0xffffffee
         895000	        88	80000140	00000013	addi	x0,x0,0	  x0:0x00000000
         905000	        89	80000144	4144d893	srai	x17,x9,0x14	  x9:0x80009f84 x17=0xfffff800
         915000	        90	80000148	00dce5b3	or	x11,x25,x13	 x25:0xfdf6fa09 x13:0x80000000 x11=0xfdf6fa09
         925000	        91	8000014c	7201c713	xori	x14,x3,1824	  x3:0xf9901c36 x14=0xf9901b16
         935000	        92	80000150	4e534d13	xori	x26,x6,1253	  x6:0x9712be6b x26=0x9712ba8e
         945000	        93	80000154	fffb0b13	addi	x22,x22,-1	 x22:0xfffffffa x22=0xfffffff9
         955000	        94	80000158	ff900193	addi	x3,x0,-7	  x0:0x00000000  x3=0xfffffff9
         965000	        95	8000015c	01ac56b3	srl	x13,x24,x26	 x24:0xf9c90b72 x26:0x9712ba8e x13=0x0003e724
         975000	        96	80000160	8e8cbc93	sltiu	x25,x25,-1816	 x25:0xfdf6fa09 x25=0x00000001
         985000	        97	80000164	ff500113	addi	x2,x0,-11	  x0:0x00000000  x2=0xfffffff5
         995000	        98	80000168	d22cf013	andi	x0,x25,-734	 x25:0x00000001
        1005000	        99	8000016c	ffc18193	addi	x3,x3,-4	  x3:0xfffffff9  x3=0xfffffff5
        1015000	       100	80000170	fe21dce3	bge	x3,x2,80000168	  x3:0xfffffff5  x2:0xfffffff5
        1025000	       101	00000000	00000013	addi	x0,x0,0	  x0:0x00000000
        1035000	       102	80000164	00000013	addi	x0,x0,0	  x0:0x00000000
        1045000	       103	80000168	d22cf013	andi	x0,x25,-734	 x25:0x00000001
        1055000	       104	8000016c	ffc18193	addi	x3,x3,-4	  x3:0xfffffff5  x3=0xfffffff1
        1065000	       105	80000170	fe21dce3	bge	x3,x2,80000168	  x3:0xfffffff1  x2:0xfffffff5
        1075000	       106	80000174	00eab733	sltu	x14,x21,x14	 x21:0xffffffee x14:0xf9901b16 x14=0x00000000
        1085000	       107	80000178	41b4dcb3	sra	x25,x9,x27	  x9:0x80009f84 x27:0xf38e0f2b x25=0xfff00013
        1095000	       108	8000017c	40d056b3	sra	x13,x0,x13	  x0:0x00000000 x13:0x0003e724 x13=0x00000000
        1105000	       109	80000180	fd5b56e3	bge	x22,x21,8000014c	 x22:0xfffffff9 x21:0xffffffee
        1115000	       110	00000000	00000013	addi	x0,x0,0	  x0:0x00000000
        1125000	       111	80000148	00000013	addi	x0,x0,0	  x0:0x00000000
        1135000	       112	8000014c	7201c713	xori	x14,x3,1824	  x3:0xfffffff1 x14=0xfffff8d1
        1145000	       113	80000150	4e534d13	xori	x26,x6,1253	  x6:0x9712be6b x26=0x9712ba8e
        1155000	       114	80000154	fffb0b13	addi	x22,x22,-1	 x22:0xfffffff9 x22=0xfffffff8
        1165000	       115	80000158	ff900193	addi	x3,x0,-7	  x0:0x00000000  x3=0xfffffff9
        1175000	       116	8000015c	01ac56b3	srl	x13,x24,x26	 x24:0xf9c90b72 x26:0x9712ba8e x13=0x0003e724
        1185000	       117	80000160	8e8cbc93	sltiu	x25,x25,-1816	 x25:0xfff00013 x25=0x00000001
        1195000	       118	80000164	ff500113	addi	x2,x0,-11	  x0:0x00000000  x2=0xfffffff5
        1205000	       119	80000168	d22cf013	andi	x0,x25,-734	 x25:0x00000001
        1215000	       120	8000016c	ffc18193	addi	x3,x3,-4	  x3:0xfffffff9  x3=0xfffffff5
        1225000	       121	80000170	fe21dce3	bge	x3,x2,80000168	  x3:0xfffffff5  x2:0xfffffff5
        1235000	       122	00000000	00000013	addi	x0,x0,0	  x0:0x00000000
        1245000	       123	80000164	00000013	addi	x0,x0,0	  x0:0x00000000
        1255000	       124	80000168	d22cf013	andi	x0,x25,-734	 x25:0x00000001
        1265000	       125	8000016c	ffc18193	addi	x3,x3,-4	  x3:0xfffffff5  x3=0xfffffff1
        1275000	       126	80000170	fe21dce3	bge	x3,x2,80000168	  x3:0xfffffff1  x2:0xfffffff5
        1285000	       127	80000174	00eab733	sltu	x14,x21,x14	 x21:0xffffffee x14:0xfffff8d1 x14=0x00000000
        1295000	       128	80000178	41b4dcb3	sra	x25,x9,x27	  x9:0x80009f84 x27:0xf38e0f2b x25=0xfff00013
        1305000	       129	8000017c	40d056b3	sra	x13,x0,x13	  x0:0x00000000 x13:0x0003e724 x13=0x00000000
        1315000	       130	80000180	fd5b56e3	bge	x22,x21,8000014c	 x22:0xfffffff8 x21:0xffffffee
        1325000	       131	00000000	00000013	addi	x0,x0,0	  x0:0x00000000
        1335000	       132	80000148	00000013	addi	x0,x0,0	  x0:0x00000000
        1345000	       133	8000014c	7201c713	xori	x14,x3,1824	  x3:0xfffffff1 x14=0xfffff8d1
        1355000	       134	80000150	4e534d13	xori	x26,x6,1253	  x6:0x9712be6b x26=0x9712ba8e
        1365000	       135	80000154	fffb0b13	addi	x22,x22,-1	 x22:0xfffffff8 x22=0xfffffff7
        1375000	       136	80000158	ff900193	addi	x3,x0,-7	  x0:0x00000000  x3=0xfffffff9
        1385000	       137	8000015c	01ac56b3	srl	x13,x24,x26	 x24:0xf9c90b72 x26:0x9712ba8e x13=0x0003e724
        1395000	       138	80000160	8e8cbc93	sltiu	x25,x25,-1816	 x25:0xfff00013 x25=0x00000001
        1405000	       139	80000164	ff500113	addi	x2,x0,-11	  x0:0x00000000  x2=0xfffffff5
        1415000	       140	80000168	d22cf013	andi	x0,x25,-734	 x25:0x00000001
        1425000	       141	8000016c	ffc18193	addi	x3,x3,-4	  x3:0xfffffff9  x3=0xfffffff5
        1435000	       142	80000170	fe21dce3	bge	x3,x2,80000168	  x3:0xfffffff5  x2:0xfffffff5
        1445000	       143	00000000	00000013	addi	x0,x0,0	  x0:0x00000000
        1455000	       144	80000164	00000013	addi	x0,x0,0	  x0:0x00000000
        1465000	       145	80000168	d22cf013	andi	x0,x25,-734	 x25:0x00000001
        1475000	       146	8000016c	ffc18193	addi	x3,x3,-4	  x3:0xfffffff5  x3=0xfffffff1
        1485000	       147	80000170	fe21dce3	bge	x3,x2,80000168	  x3:0xfffffff1  x2:0xfffffff5
        1495000	       148	80000174	00eab733	sltu	x14,x21,x14	 x21:0xffffffee x14:0xfffff8d1 x14=0x00000000
        1505000	       149	80000178	41b4dcb3	sra	x25,x9,x27	  x9:0x80009f84 x27:0xf38e0f2b x25=0xfff00013
        1515000	       150	8000017c	40d056b3	sra	x13,x0,x13	  x0:0x00000000 x13:0x0003e724 x13=0x00000000
        1525000	       151	80000180	fd5b56e3	bge	x22,x21,8000014c	 x22:0xfffffff7 x21:0xffffffee
        1535000	       152	00000000	00000013	addi	x0,x0,0	  x0:0x00000000
        1545000	       153	80000148	00000013	addi	x0,x0,0	  x0:0x00000000
        1555000	       154	8000014c	7201c713	xori	x14,x3,1824	  x3:0xfffffff1 x14=0xfffff8d1
        1565000	       155	80000150	4e534d13	xori	x26,x6,1253	  x6:0x9712be6b x26=0x9712ba8e
        1575000	       156	80000154	fffb0b13	addi	x22,x22,-1	 x22:0xfffffff7 x22=0xfffffff6
        1585000	       157	80000158	ff900193	addi	x3,x0,-7	  x0:0x00000000  x3=0xfffffff9
        1595000	       158	8000015c	01ac56b3	srl	x13,x24,x26	 x24:0xf9c90b72 x26:0x9712ba8e x13=0x0003e724
        1605000	       159	80000160	8e8cbc93	sltiu	x25,x25,-1816	 x25:0xfff00013 x25=0x00000001
        1615000	       160	80000164	ff500113	addi	x2,x0,-11	  x0:0x00000000  x2=0xfffffff5
        1625000	       161	80000168	d22cf013	andi	x0,x25,-734	 x25:0x00000001
        1635000	       162	8000016c	ffc18193	addi	x3,x3,-4	  x3:0xfffffff9  x3=0xfffffff5
        1645000	       163	80000170	fe21dce3	bge	x3,x2,80000168	  x3:0xfffffff5  x2:0xfffffff5
        1655000	       164	00000000	00000013	addi	x0,x0,0	  x0:0x00000000
        1665000	       165	80000164	00000013	addi	x0,x0,0	  x0:0x00000000
        1675000	       166	80000168	d22cf013	andi	x0,x25,-734	 x25:0x00000001
        1685000	       167	8000016c	ffc18193	addi	x3,x3,-4	  x3:0xfffffff5  x3=0xfffffff1
        1695000	       168	80000170	fe21dce3	bge	x3,x2,80000168	  x3:0xfffffff1  x2:0xfffffff5
        1705000	       169	80000174	00eab733	sltu	x14,x21,x14	 x21:0xffffffee x14:0xfffff8d1 x14=0x00000000
        1715000	       170	80000178	41b4dcb3	sra	x25,x9,x27	  x9:0x80009f84 x27:0xf38e0f2b x25=0xfff00013
        1725000	       171	8000017c	40d056b3	sra	x13,x0,x13	  x0:0x00000000 x13:0x0003e724 x13=0x00000000
        1735000	       172	80000180	fd5b56e3	bge	x22,x21,8000014c	 x22:0xfffffff6 x21:0xffffffee
        1745000	       173	00000000	00000013	addi	x0,x0,0	  x0:0x00000000
        1755000	       174	80000148	00000013	addi	x0,x0,0	  x0:0x00000000
        1765000	       175	8000014c	7201c713	xori	x14,x3,1824	  x3:0xfffffff1 x14=0xfffff8d1
        1775000	       176	80000150	4e534d13	xori	x26,x6,1253	  x6:0x9712be6b x26=0x9712ba8e
        1785000	       177	80000154	fffb0b13	addi	x22,x22,-1	 x22:0xfffffff6 x22=0xfffffff5
        1795000	       178	80000158	ff900193	addi	x3,x0,-7	  x0:0x00000000  x3=0xfffffff9
        1805000	       179	8000015c	01ac56b3	srl	x13,x24,x26	 x24:0xf9c90b72 x26:0x9712ba8e x13=0x0003e724
        1815000	       180	80000160	8e8cbc93	sltiu	x25,x25,-1816	 x25:0xfff00013 x25=0x00000001
        1825000	       181	80000164	ff500113	addi	x2,x0,-11	  x0:0x00000000  x2=0xfffffff5
        1835000	       182	80000168	d22cf013	andi	x0,x25,-734	 x25:0x00000001
        1845000	       183	8000016c	ffc18193	addi	x3,x3,-4	  x3:0xfffffff9  x3=0xfffffff5
        1855000	       184	80000170	fe21dce3	bge	x3,x2,80000168	  x3:0xfffffff5  x2:0xfffffff5
        1865000	       185	00000000	00000013	addi	x0,x0,0	  x0:0x00000000
        1875000	       186	80000164	00000013	addi	x0,x0,0	  x0:0x00000000
        1885000	       187	80000168	d22cf013	andi	x0,x25,-734	 x25:0x00000001
        1895000	       188	8000016c	ffc18193	addi	x3,x3,-4	  x3:0xfffffff5  x3=0xfffffff1
        1905000	       189	80000170	fe21dce3	bge	x3,x2,80000168	  x3:0xfffffff1  x2:0xfffffff5
        1915000	       190	80000174	00eab733	sltu	x14,x21,x14	 x21:0xffffffee x14:0xfffff8d1 x14=0x00000000
        1925000	       191	80000178	41b4dcb3	sra	x25,x9,x27	  x9:0x80009f84 x27:0xf38e0f2b x25=0xfff00013
        1935000	       192	8000017c	40d056b3	sra	x13,x0,x13	  x0:0x00000000 x13:0x0003e724 x13=0x00000000
        1945000	       193	80000180	fd5b56e3	bge	x22,x21,8000014c	 x22:0xfffffff5 x21:0xffffffee
        1955000	       194	00000000	00000013	addi	x0,x0,0	  x0:0x00000000
        1965000	       195	80000148	00000013	addi	x0,x0,0	  x0:0x00000000
        1975000	       196	8000014c	7201c713	xori	x14,x3,1824	  x3:0xfffffff1 x14=0xfffff8d1
        1985000	       197	80000150	4e534d13	xori	x26,x6,1253	  x6:0x9712be6b x26=0x9712ba8e
        1995000	       198	80000154	fffb0b13	addi	x22,x22,-1	 x22:0xfffffff5 x22=0xfffffff4
        2005000	       199	80000158	ff900193	addi	x3,x0,-7	  x0:0x00000000  x3=0xfffffff9
        2015000	       200	8000015c	01ac56b3	srl	x13,x24,x26	 x24:0xf9c90b72 x26:0x9712ba8e x13=0x0003e724
        2025000	       201	80000160	8e8cbc93	sltiu	x25,x25,-1816	 x25:0xfff00013 x25=0x00000001
        2035000	       202	80000164	ff500113	addi	x2,x0,-11	  x0:0x00000000  x2=0xfffffff5
        2045000	       203	80000168	d22cf013	andi	x0,x25,-734	 x25:0x00000001
        2055000	       204	8000016c	ffc18193	addi	x3,x3,-4	  x3:0xfffffff9  x3=0xfffffff5
        2065000	       205	80000170	fe21dce3	bge	x3,x2,80000168	  x3:0xfffffff5  x2:0xfffffff5
        2075000	       206	00000000	00000013	addi	x0,x0,0	  x0:0x00000000
        2085000	       207	80000164	00000013	addi	x0,x0,0	  x0:0x00000000
        2095000	       208	80000168	d22cf013	andi	x0,x25,-734	 x25:0x00000001
        2105000	       209	8000016c	ffc18193	addi	x3,x3,-4	  x3:0xfffffff5  x3=0xfffffff1
        2115000	       210	80000170	fe21dce3	bge	x3,x2,80000168	  x3:0xfffffff1  x2:0xfffffff5
        2125000	       211	80000174	00eab733	sltu	x14,x21,x14	 x21:0xffffffee x14:0xfffff8d1 x14=0x00000000
        2135000	       212	80000178	41b4dcb3	sra	x25,x9,x27	  x9:0x80009f84 x27:0xf38e0f2b x25=0xfff00013
        2145000	       213	8000017c	40d056b3	sra	x13,x0,x13	  x0:0x00000000 x13:0x0003e724 x13=0x00000000
        2155000	       214	80000180	fd5b56e3	bge	x22,x21,8000014c	 x22:0xfffffff4 x21:0xffffffee
        2165000	       215	00000000	00000013	addi	x0,x0,0	  x0:0x00000000
        2175000	       216	80000148	00000013	addi	x0,x0,0	  x0:0x00000000
        2185000	       217	8000014c	7201c713	xori	x14,x3,1824	  x3:0xfffffff1 x14=0xfffff8d1
        2195000	       218	80000150	4e534d13	xori	x26,x6,1253	  x6:0x9712be6b x26=0x9712ba8e
        2205000	       219	80000154	fffb0b13	addi	x22,x22,-1	 x22:0xfffffff4 x22=0xfffffff3
        2215000	       220	80000158	ff900193	addi	x3,x0,-7	  x0:0x00000000  x3=0xfffffff9
        2225000	       221	8000015c	01ac56b3	srl	x13,x24,x26	 x24:0xf9c90b72 x26:0x9712ba8e x13=0x0003e724
        2235000	       222	80000160	8e8cbc93	sltiu	x25,x25,-1816	 x25:0xfff00013 x25=0x00000001
        2245000	       223	80000164	ff500113	addi	x2,x0,-11	  x0:0x00000000  x2=0xfffffff5
        2255000	       224	80000168	d22cf013	andi	x0,x25,-734	 x25:0x00000001
        2265000	       225	8000016c	ffc18193	addi	x3,x3,-4	  x3:0xfffffff9  x3=0xfffffff5
        2275000	       226	80000170	fe21dce3	bge	x3,x2,80000168	  x3:0xfffffff5  x2:0xfffffff5
        2285000	       227	00000000	00000013	addi	x0,x0,0	  x0:0x00000000
        2295000	       228	80000164	00000013	addi	x0,x0,0	  x0:0x00000000
        2305000	       229	80000168	d22cf013	andi	x0,x25,-734	 x25:0x00000001
        2315000	       230	8000016c	ffc18193	addi	x3,x3,-4	  x3:0xfffffff5  x3=0xfffffff1
        2325000	       231	80000170	fe21dce3	bge	x3,x2,80000168	  x3:0xfffffff1  x2:0xfffffff5
        2335000	       232	80000174	00eab733	sltu	x14,x21,x14	 x21:0xffffffee x14:0xfffff8d1 x14=0x00000000
        2345000	       233	80000178	41b4dcb3	sra	x25,x9,x27	  x9:0x80009f84 x27:0xf38e0f2b x25=0xfff00013
        2355000	       234	8000017c	40d056b3	sra	x13,x0,x13	  x0:0x00000000 x13:0x0003e724 x13=0x00000000
        2365000	       235	80000180	fd5b56e3	bge	x22,x21,8000014c	 x22:0xfffffff3 x21:0xffffffee
        2375000	       236	00000000	00000013	addi	x0,x0,0	  x0:0x00000000
        2385000	       237	80000148	00000013	addi	x0,x0,0	  x0:0x00000000
        2395000	       238	8000014c	7201c713	xori	x14,x3,1824	  x3:0xfffffff1 x14=0xfffff8d1
        2405000	       239	80000150	4e534d13	xori	x26,x6,1253	  x6:0x9712be6b x26=0x9712ba8e
        2415000	       240	80000154	fffb0b13	addi	x22,x22,-1	 x22:0xfffffff3 x22=0xfffffff2
        2425000	       241	80000158	ff900193	addi	x3,x0,-7	  x0:0x00000000  x3=0xfffffff9
        2435000	       242	8000015c	01ac56b3	srl	x13,x24,x26	 x24:0xf9c90b72 x26:0x9712ba8e x13=0x0003e724
        2445000	       243	80000160	8e8cbc93	sltiu	x25,x25,-1816	 x25:0xfff00013 x25=0x00000001
        2455000	       244	80000164	ff500113	addi	x2,x0,-11	  x0:0x00000000  x2=0xfffffff5
        2465000	       245	80000168	d22cf013	andi	x0,x25,-734	 x25:0x00000001
        2475000	       246	8000016c	ffc18193	addi	x3,x3,-4	  x3:0xfffffff9  x3=0xfffffff5
        2485000	       247	80000170	fe21dce3	bge	x3,x2,80000168	  x3:0xfffffff5  x2:0xfffffff5
        2495000	       248	00000000	00000013	addi	x0,x0,0	  x0:0x00000000
        2505000	       249	80000164	00000013	addi	x0,x0,0	  x0:0x00000000
        2515000	       250	80000168	d22cf013	andi	x0,x25,-734	 x25:0x00000001
        2525000	       251	8000016c	ffc18193	addi	x3,x3,-4	  x3:0xfffffff5  x3=0xfffffff1
        2535000	       252	80000170	fe21dce3	bge	x3,x2,80000168	  x3:0xfffffff1  x2:0xfffffff5
        2545000	       253	80000174	00eab733	sltu	x14,x21,x14	 x21:0xffffffee x14:0xfffff8d1 x14=0x00000000
        2555000	       254	80000178	41b4dcb3	sra	x25,x9,x27	  x9:0x80009f84 x27:0xf38e0f2b x25=0xfff00013
        2565000	       255	8000017c	40d056b3	sra	x13,x0,x13	  x0:0x00000000 x13:0x0003e724 x13=0x00000000
        2575000	       256	80000180	fd5b56e3	bge	x22,x21,8000014c	 x22:0xfffffff2 x21:0xffffffee
        2585000	       257	00000000	00000013	addi	x0,x0,0	  x0:0x00000000
        2595000	       258	80000148	00000013	addi	x0,x0,0	  x0:0x00000000
        2605000	       259	8000014c	7201c713	xori	x14,x3,1824	  x3:0xfffffff1 x14=0xfffff8d1
        2615000	       260	80000150	4e534d13	xori	x26,x6,1253	  x6:0x9712be6b x26=0x9712ba8e
        2625000	       261	80000154	fffb0b13	addi	x22,x22,-1	 x22:0xfffffff2 x22=0xfffffff1
        2635000	       262	80000158	ff900193	addi	x3,x0,-7	  x0:0x00000000  x3=0xfffffff9
        2645000	       263	8000015c	01ac56b3	srl	x13,x24,x26	 x24:0xf9c90b72 x26:0x9712ba8e x13=0x0003e724
        2655000	       264	80000160	8e8cbc93	sltiu	x25,x25,-1816	 x25:0xfff00013 x25=0x00000001
        2665000	       265	80000164	ff500113	addi	x2,x0,-11	  x0:0x00000000  x2=0xfffffff5
        2675000	       266	80000168	d22cf013	andi	x0,x25,-734	 x25:0x00000001
        2685000	       267	8000016c	ffc18193	addi	x3,x3,-4	  x3:0xfffffff9  x3=0xfffffff5
        2695000	       268	80000170	fe21dce3	bge	x3,x2,80000168	  x3:0xfffffff5  x2:0xfffffff5
        2705000	       269	00000000	00000013	addi	x0,x0,0	  x0:0x00000000
        2715000	       270	80000164	00000013	addi	x0,x0,0	  x0:0x00000000
        2725000	       271	80000168	d22cf013	andi	x0,x25,-734	 x25:0x00000001
        2735000	       272	8000016c	ffc18193	addi	x3,x3,-4	  x3:0xfffffff5  x3=0xfffffff1
        2745000	       273	80000170	fe21dce3	bge	x3,x2,80000168	  x3:0xfffffff1  x2:0xfffffff5
        2755000	       274	80000174	00eab733	sltu	x14,x21,x14	 x21:0xffffffee x14:0xfffff8d1 x14=0x00000000
        2765000	       275	80000178	41b4dcb3	sra	x25,x9,x27	  x9:0x80009f84 x27:0xf38e0f2b x25=0xfff00013
        2775000	       276	8000017c	40d056b3	sra	x13,x0,x13	  x0:0x00000000 x13:0x0003e724 x13=0x00000000
        2785000	       277	80000180	fd5b56e3	bge	x22,x21,8000014c	 x22:0xfffffff1 x21:0xffffffee
        2795000	       278	00000000	00000013	addi	x0,x0,0	  x0:0x00000000
        2805000	       279	80000148	00000013	addi	x0,x0,0	  x0:0x00000000
        2815000	       280	8000014c	7201c713	xori	x14,x3,1824	  x3:0xfffffff1 x14=0xfffff8d1
        2825000	       281	80000150	4e534d13	xori	x26,x6,1253	  x6:0x9712be6b x26=0x9712ba8e
        2835000	       282	80000154	fffb0b13	addi	x22,x22,-1	 x22:0xfffffff1 x22=0xfffffff0
        2845000	       283	80000158	ff900193	addi	x3,x0,-7	  x0:0x00000000  x3=0xfffffff9
        2855000	       284	8000015c	01ac56b3	srl	x13,x24,x26	 x24:0xf9c90b72 x26:0x9712ba8e x13=0x0003e724
        2865000	       285	80000160	8e8cbc93	sltiu	x25,x25,-1816	 x25:0xfff00013 x25=0x00000001
        2875000	       286	80000164	ff500113	addi	x2,x0,-11	  x0:0x00000000  x2=0xfffffff5
        2885000	       287	80000168	d22cf013	andi	x0,x25,-734	 x25:0x00000001
        2895000	       288	8000016c	ffc18193	addi	x3,x3,-4	  x3:0xfffffff9  x3=0xfffffff5
        2905000	       289	80000170	fe21dce3	bge	x3,x2,80000168	  x3:0xfffffff5  x2:0xfffffff5
        2915000	       290	00000000	00000013	addi	x0,x0,0	  x0:0x00000000
        2925000	       291	80000164	00000013	addi	x0,x0,0	  x0:0x00000000
        2935000	       292	80000168	d22cf013	andi	x0,x25,-734	 x25:0x00000001
        2945000	       293	8000016c	ffc18193	addi	x3,x3,-4	  x3:0xfffffff5  x3=0xfffffff1
        2955000	       294	80000170	fe21dce3	bge	x3,x2,80000168	  x3:0xfffffff1  x2:0xfffffff5
        2965000	       295	80000174	00eab733	sltu	x14,x21,x14	 x21:0xffffffee x14:0xfffff8d1 x14=0x00000000
        2975000	       296	80000178	41b4dcb3	sra	x25,x9,x27	  x9:0x80009f84 x27:0xf38e0f2b x25=0xfff00013
        2985000	       297	8000017c	40d056b3	sra	x13,x0,x13	  x0:0x00000000 x13:0x0003e724 x13=0x00000000
        2995000	       298	80000180	fd5b56e3	bge	x22,x21,8000014c	 x22:0xfffffff0 x21:0xffffffee
        3005000	       299	00000000	00000013	addi	x0,x0,0	  x0:0x00000000
        3015000	       300	80000148	00000013	addi	x0,x0,0	  x0:0x00000000
        3025000	       301	8000014c	7201c713	xori	x14,x3,1824	  x3:0xfffffff1 x14=0xfffff8d1
        3035000	       302	80000150	4e534d13	xori	x26,x6,1253	  x6:0x9712be6b x26=0x9712ba8e
        3045000	       303	80000154	fffb0b13	addi	x22,x22,-1	 x22:0xfffffff0 x22=0xffffffef
        3055000	       304	80000158	ff900193	addi	x3,x0,-7	  x0:0x00000000  x3=0xfffffff9
        3065000	       305	8000015c	01ac56b3	srl	x13,x24,x26	 x24:0xf9c90b72 x26:0x9712ba8e x13=0x0003e724
        3075000	       306	80000160	8e8cbc93	sltiu	x25,x25,-1816	 x25:0xfff00013 x25=0x00000001
        3085000	       307	80000164	ff500113	addi	x2,x0,-11	  x0:0x00000000  x2=0xfffffff5
        3095000	       308	80000168	d22cf013	andi	x0,x25,-734	 x25:0x00000001
        3105000	       309	8000016c	ffc18193	addi	x3,x3,-4	  x3:0xfffffff9  x3=0xfffffff5
        3115000	       310	80000170	fe21dce3	bge	x3,x2,80000168	  x3:0xfffffff5  x2:0xfffffff5
        3125000	       311	00000000	00000013	addi	x0,x0,0	  x0:0x00000000
        3135000	       312	80000164	00000013	addi	x0,x0,0	  x0:0x00000000
        3145000	       313	80000168	d22cf013	andi	x0,x25,-734	 x25:0x00000001
        3155000	       314	8000016c	ffc18193	addi	x3,x3,-4	  x3:0xfffffff5  x3=0xfffffff1
        3165000	       315	80000170	fe21dce3	bge	x3,x2,80000168	  x3:0xfffffff1  x2:0xfffffff5
        3175000	       316	80000174	00eab733	sltu	x14,x21,x14	 x21:0xffffffee x14:0xfffff8d1 x14=0x00000000
        3185000	       317	80000178	41b4dcb3	sra	x25,x9,x27	  x9:0x80009f84 x27:0xf38e0f2b x25=0xfff00013
        3195000	       318	8000017c	40d056b3	sra	x13,x0,x13	  x0:0x00000000 x13:0x0003e724 x13=0x00000000
        3205000	       319	80000180	fd5b56e3	bge	x22,x21,8000014c	 x22:0xffffffef x21:0xffffffee
        3215000	       320	00000000	00000013	addi	x0,x0,0	  x0:0x00000000
        3225000	       321	80000148	00000013	addi	x0,x0,0	  x0:0x00000000
        3235000	       322	8000014c	7201c713	xori	x14,x3,1824	  x3:0xfffffff1 x14=0xfffff8d1
        3245000	       323	80000150	4e534d13	xori	x26,x6,1253	  x6:0x9712be6b x26=0x9712ba8e
        3255000	       324	80000154	fffb0b13	addi	x22,x22,-1	 x22:0xffffffef x22=0xffffffee
        3265000	       325	80000158	ff900193	addi	x3,x0,-7	  x0:0x00000000  x3=0xfffffff9
        3275000	       326	8000015c	01ac56b3	srl	x13,x24,x26	 x24:0xf9c90b72 x26:0x9712ba8e x13=0x0003e724
        3285000	       327	80000160	8e8cbc93	sltiu	x25,x25,-1816	 x25:0xfff00013 x25=0x00000001
        3295000	       328	80000164	ff500113	addi	x2,x0,-11	  x0:0x00000000  x2=0xfffffff5
        3305000	       329	80000168	d22cf013	andi	x0,x25,-734	 x25:0x00000001
        3315000	       330	8000016c	ffc18193	addi	x3,x3,-4	  x3:0xfffffff9  x3=0xfffffff5
        3325000	       331	80000170	fe21dce3	bge	x3,x2,80000168	  x3:0xfffffff5  x2:0xfffffff5
        3335000	       332	00000000	00000013	addi	x0,x0,0	  x0:0x00000000
        3345000	       333	80000164	00000013	addi	x0,x0,0	  x0:0x00000000
        3355000	       334	80000168	d22cf013	andi	x0,x25,-734	 x25:0x00000001
        3365000	       335	8000016c	ffc18193	addi	x3,x3,-4	  x3:0xfffffff5  x3=0xfffffff1
        3375000	       336	80000170	fe21dce3	bge	x3,x2,80000168	  x3:0xfffffff1  x2:0xfffffff5
        3385000	       337	80000174	00eab733	sltu	x14,x21,x14	 x21:0xffffffee x14:0xfffff8d1 x14=0x00000000
        3395000	       338	80000178	41b4dcb3	sra	x25,x9,x27	  x9:0x80009f84 x27:0xf38e0f2b x25=0xfff00013
        3405000	       339	8000017c	40d056b3	sra	x13,x0,x13	  x0:0x00000000 x13:0x0003e724 x13=0x00000000
        3415000	       340	80000180	fd5b56e3	bge	x22,x21,8000014c	 x22:0xffffffee x21:0xffffffee
        3425000	       341	00000000	00000013	addi	x0,x0,0	  x0:0x00000000
        3435000	       342	80000148	00000013	addi	x0,x0,0	  x0:0x00000000
        3445000	       343	8000014c	7201c713	xori	x14,x3,1824	  x3:0xfffffff1 x14=0xfffff8d1
        3455000	       344	80000150	4e534d13	xori	x26,x6,1253	  x6:0x9712be6b x26=0x9712ba8e
        3465000	       345	80000154	fffb0b13	addi	x22,x22,-1	 x22:0xffffffee x22=0xffffffed
        3475000	       346	80000158	ff900193	addi	x3,x0,-7	  x0:0x00000000  x3=0xfffffff9
        3485000	       347	8000015c	01ac56b3	srl	x13,x24,x26	 x24:0xf9c90b72 x26:0x9712ba8e x13=0x0003e724
        3495000	       348	80000160	8e8cbc93	sltiu	x25,x25,-1816	 x25:0xfff00013 x25=0x00000001
        3505000	       349	80000164	ff500113	addi	x2,x0,-11	  x0:0x00000000  x2=0xfffffff5
        3515000	       350	80000168	d22cf013	andi	x0,x25,-734	 x25:0x00000001
        3525000	       351	8000016c	ffc18193	addi	x3,x3,-4	  x3:0xfffffff9  x3=0xfffffff5
        3535000	       352	80000170	fe21dce3	bge	x3,x2,80000168	  x3:0xfffffff5  x2:0xfffffff5
        3545000	       353	00000000	00000013	addi	x0,x0,0	  x0:0x00000000
        3555000	       354	80000164	00000013	addi	x0,x0,0	  x0:0x00000000
        3565000	       355	80000168	d22cf013	andi	x0,x25,-734	 x25:0x00000001
        3575000	       356	8000016c	ffc18193	addi	x3,x3,-4	  x3:0xfffffff5  x3=0xfffffff1
        3585000	       357	80000170	fe21dce3	bge	x3,x2,80000168	  x3:0xfffffff1  x2:0xfffffff5
        3595000	       358	80000174	00eab733	sltu	x14,x21,x14	 x21:0xffffffee x14:0xfffff8d1 x14=0x00000000
        3605000	       359	80000178	41b4dcb3	sra	x25,x9,x27	  x9:0x80009f84 x27:0xf38e0f2b x25=0xfff00013
        3615000	       360	8000017c	40d056b3	sra	x13,x0,x13	  x0:0x00000000 x13:0x0003e724 x13=0x00000000
        3625000	       361	80000180	fd5b56e3	bge	x22,x21,8000014c	 x22:0xffffffed x21:0xffffffee
        3635000	       362	80000184	484aa513	slti	x10,x21,1156	 x21:0xffffffee x10=0x00000001
        3645000	       363	80000188	ffd00813	addi	x16,x0,-3	  x0:0x00000000 x16=0xfffffffd
        3655000	       364	8000018c	00ba2233	slt	x4,x20,x11	 x20:0x00000008 x11:0xfdf6fa09  x4=0x00000000
        3665000	       365	80000190	edbd3913	sltiu	x18,x26,-293	 x26:0x9712ba8e x18=0x00000001
        3675000	       366	80000194	00ac5933	srl	x18,x24,x10	 x24:0xf9c90b72 x10:0x00000001 x18=0x7ce485b9
        3685000	       367	80000198	00000013	addi	x0,x0,0	  x0:0x00000000
        3695000	       368	8000019c	63f57193	andi	x3,x10,1599	 x10:0x00000001  x3=0x00000001
        3705000	       369	800001a0	93845f17	auipc	x30,0x93845	 x30=0x1384519c
        3715000	       370	800001a4	00000013	addi	x0,x0,0	  x0:0x00000000
        3725000	       371	800001a8	00165a33	srl	x20,x12,x1	 x12:0x95649f57  x1:0x08b27fea x20=0x00255927
        3735000	       372	800001ac	ff000593	addi	x11,x0,-16	  x0:0x00000000 x11=0xfffffff0
        3745000	       373	800001b0	41e809b3	sub	x19,x16,x30	 x16:0xfffffffd x30:0x1384519c x19=0xec7bae61
        3755000	       374	800001b4	009311b3	sll	x3,x6,x9	  x6:0x9712be6b  x9:0x80009f84  x3=0x712be6b0
        3765000	       375	800001b8	00fbe1b3	or	x3,x23,x15	 x23:0x00000000 x15:0xf9ea61b1  x3=0xf9ea61b1
        3775000	       376	800001bc	a7a86797	auipc	x15,0xa7a86	 x15=0x27a861b8
        3785000	       377	800001c0	8303c213	xori	x4,x7,-2000	  x7:0xfa4e4254  x4=0x05b1ba64
        3795000	       378	800001c4	6ba68f13	addi	x30,x13,1722	 x13:0x00000000 x30=0x000006ba
        3805000	       379	800001c8	d2952c93	slti	x25,x10,-727	 x10:0x00000001 x25=0x00000000
        3815000	       380	800001cc	00e753b3	srl	x7,x14,x14	 x14:0x00000000 x14:0x00000000  x7=0x00000000
        3825000	       381	800001d0	40fcdb13	srai	x22,x25,0xf	 x25:0x00000000 x22=0x00000000
        3835000	       382	800001d4	00601993	slli	x19,x0,0x6	  x0:0x00000000 x19=0x00000000
        3845000	       383	800001d8	fe3c3f13	sltiu	x30,x24,-29	 x24:0xf9c90b72 x30=0x00000001
        3855000	       384	800001dc	7f903393	sltiu	x7,x0,2041	  x0:0x00000000  x7=0x00000001
        3865000	       385	800001e0	011099b3	sll	x19,x1,x17	  x1:0x08b27fea x17:0xfffff800 x19=0x08b27fea
        3875000	       386	800001e4	22444d93	xori	x27,x8,548	  x8:0xf26f3864 x27=0xf26f3a40
        3885000	       387	800001e8	ff780813	addi	x16,x16,-9	 x16:0xfffffffd x16=0xfffffff4
        3895000	       388	800001ec	41fa8733	sub	x14,x21,x31	 x21:0xffffffee x31:0xb1bb20ca x14=0x4e44df24
        3905000	       389	800001f0	00e0df13	srli	x30,x1,0xe	  x1:0x08b27fea x30=0x000022c9
        3915000	       390	800001f4	00ccbf93	sltiu	x31,x25,12	 x25:0x00000000 x31=0x00000001
        3925000	       391	800001f8	fcb854e3	bge	x16,x11,800001c0	 x16:0xfffffff4 x11:0xfffffff0
        3935000	       392	00000000	00000013	addi	x0,x0,0	  x0:0x00000000
        3945000	       393	800001bc	00000013	addi	x0,x0,0	  x0:0x00000000
        3955000	       394	800001c0	8303c213	xori	x4,x7,-2000	  x7:0x00000001  x4=0xfffff831
        3965000	       395	800001c4	6ba68f13	addi	x30,x13,1722	 x13:0x00000000 x30=0x000006ba
        3975000	       396	800001c8	d2952c93	slti	x25,x10,-727	 x10:0x00000001 x25=0x00000000
        3985000	       397	800001cc	00e753b3	srl	x7,x14,x14	 x14:0x4e44df24 x14:0x4e44df24  x7=0x04e44df2
        3995000	       398	800001d0	40fcdb13	srai	x22,x25,0xf	 x25:0x00000000 x22=0x00000000
        4005000	       399	800001d4	00601993	slli	x19,x0,0x6	  x0:0x00000000 x19=0x00000000
        4015000	       400	800001d8	fe3c3f13	sltiu	x30,x24,-29	 x24:0xf9c90b72 x30=0x00000001
        4025000	       401	800001dc	7f903393	sltiu	x7,x0,2041	  x0:0x00000000  x7=0x00000001
        4035000	       402	800001e0	011099b3	sll	x19,x1,x17	  x1:0x08b27fea x17:0xfffff800 x19=0x08b27fea
        4045000	       403	800001e4	22444d93	xori	x27,x8,548	  x8:0xf26f3864 x27=0xf26f3a40
        4055000	       404	800001e8	ff780813	addi	x16,x16,-9	 x16:0xfffffff4 x16=0xffffffeb
        4065000	       405	800001ec	41fa8733	sub	x14,x21,x31	 x21:0xffffffee x31:0x00000001 x14=0xffffffed
        4075000	       406	800001f0	00e0df13	srli	x30,x1,0xe	  x1:0x08b27fea x30=0x000022c9
        4085000	       407	800001f4	00ccbf93	sltiu	x31,x25,12	 x25:0x00000000 x31=0x00000001
        4095000	       408	800001f8	fcb854e3	bge	x16,x11,800001c0	 x16:0xffffffeb x11:0xfffffff0
        4105000	       409	800001fc	00dedb33	srl	x22,x29,x13	 x29:0x00000000 x13:0x00000000 x22=0x00000000
        4115000	       410	80000200	010067b3	or	x15,x0,x16	  x0:0x00000000 x16:0xffffffeb x15=0xffffffeb
        4125000	       411	80000204	01347bb3	and	x23,x8,x19	  x8:0xf26f3864 x19:0x08b27fea x23=0x00223860
        4135000	       412	80000208	00139a93	slli	x21,x7,0x1	  x7:0x00000001 x21=0x00000002
        4145000	       413	8000020c	400b5933	sra	x18,x22,x0	 x22:0x00000000  x0:0x00000000 x18=0x00000000
        4155000	       414	80000210	049dd263	bge	x27,x9,80000254	 x27:0xf26f3a40  x9:0x80009f84
        4165000	       415	00000000	00000013	addi	x0,x0,0	  x0:0x00000000
        4175000	       416	80000250	00000013	addi	x0,x0,0	  x0:0x00000000
        4185000	       417	80000254	6f1a1437	lui	x8,0x6f1a1	  x8=0x6f1a1000
        4195000	       418	80000258	01429393	slli	x7,x5,0x14	  x5:0x596b790a  x7=0x90a00000
        4205000	       419	8000025c	03058c63	beq	x11,x16,80000294	 x11:0xfffffff0 x16:0xffffffeb
        4215000	       420	80000260	05031663	bne	x6,x16,800002ac	  x6:0x9712be6b x16:0xffffffeb
        4225000	       421	00000000	00000013	addi	x0,x0,0	  x0:0x00000000
        4235000	       422	800002a8	00000013	addi	x0,x0,0	  x0:0x00000000
        4245000	       423	800002ac	c8d36cb7	lui	x25,0xc8d36	 x25=0xc8d36000
        4255000	       424	800002b0	47b4fe93	andi	x29,x9,1147	  x9:0x80009f84 x29=0x00000400
        4265000	       425	800002b4	00ecf2b3	and	x5,x25,x14	 x25:0xc8d36000 x14:0xffffffed  x5=0xc8d36000
        4275000	       426	800002b8	0009d133	srl	x2,x19,x0	 x19:0x08b27fea  x0:0x00000000  x2=0x08b27fea
        4285000	       427	800002bc	a7206593	ori	x11,x0,-1422	  x0:0x00000000 x11=0xfffffa72
        4295000	       428	800002c0	35c8c817	auipc	x16,0x35c8c	 x16=0xb5c8c2bc
        4305000	       429	800002c4	00000b97	auipc	x23,0x0	 x23=0x800002c0
        4315000	       430	800002c8	5d8b8b93	addi	x23,x23,1496	 x23:0x800002c0 x23=0x80000898
        4325000	       431	800002cc	4027d213	srai	x4,x15,0x2	 x15:0xffffffeb  x4=0xfffffffa
        4335000	       432	800002d0	c1eb8b93	addi	x23,x23,-994	 x23:0x80000898 x23=0x800004b6
        4345000	       433	800002d4	ba42ee97	auipc	x29,0xba42e	 x29=0x3a42e2d0
        4355000	       434	800002d8	14447e93	andi	x29,x8,324	  x8:0x6f1a1000 x29=0x00000000
        4365000	       435	800002dc	3e2b80e7	jalr	x1,x23,994	 x23:0x800004b6  x1=0x800002dc
        4375000	       436	00000000	00000013	addi	x0,x0,0	  x0:0x00000000
        4385000	       437	80000898	00000013	addi	x0,x0,0	  x0:0x00000000
        4395000	       438	8000089c	406f56b3	sra	x13,x30,x6	 x30:0x000022c9  x6:0x9712be6b x13=0x00000004
        4405000	       439	800008a0	41feda93	srai	x21,x29,0x1f	 x29:0x00000000 x21=0x00000000
        4415000	       440	800008a4	011811b3	sll	x3,x16,x17	 x16:0xb5c8c2bc x17:0xfffff800  x3=0xb5c8c2bc
        4425000	       441	800008a8	c9dad017	auipc	x0,0xc9dad	
        4435000	       442	800008ac	019ccfb3	xor	x31,x25,x25	 x25:0xc8d36000 x25:0xc8d36000 x31=0x00000000
        4445000	       443	800008b0	fc848493	addi	x9,x9,-56	  x9:0x80009f84  x9=0x80009f4c
        4455000	       444	800008b4	00032eb3	slt	x29,x6,x0	  x6:0x9712be6b  x0:0x00000000 x29=0x00000001
        4465000	       445	800008b8	0014a223	sw	x1,4(x9)	  x9:0x80009f4c  x1:0x800002dc PA:0x80009f50
        4475000	       446	800008bc	ccaf0c13	addi	x24,x30,-822	 x30:0x000022c9 x24=0x00001f93
        4485000	       447	800008c0	008c86b3	add	x13,x25,x8	 x25:0xc8d36000  x8:0x6f1a1000 x13=0x37ed7000
        4495000	       448	800008c4	000cf8b3	and	x17,x25,x0	 x25:0xc8d36000  x0:0x00000000 x17=0x00000000
        4505000	       449	800008c8	418dd433	sra	x8,x27,x24	 x27:0xf26f3a40 x24:0x00001f93  x8=0xfffffe4d
        4515000	       450	800008cc	40960bb3	sub	x23,x12,x9	 x12:0x95649f57  x9:0x80009f4c x23=0x1564000b
        4525000	       451	800008d0	00000013	addi	x0,x0,0	  x0:0x00000000
        4535000	       452	800008d4	4017d7b3	sra	x15,x15,x1	 x15:0xffffffeb  x1:0x800002dc x15=0xffffffff
        4545000	       453	800008d8	01990263	beq	x18,x25,800008dc	 x18:0x00000000 x25:0xc8d36000
        4555000	       454	800008dc	85811b17	auipc	x22,0x85811	 x22=0x058118d8
        4565000	       455	800008e0	01e2ec63	bltu	x5,x30,800008f8	  x5:0xc8d36000 x30:0x000022c9
        4575000	       456	800008e4	002d69b3	or	x19,x26,x2	 x26:0x9712ba8e  x2:0x08b27fea x19=0x9fb2ffee
        4585000	       457	800008e8	fdcb0417	auipc	x8,0xfdcb0	  x8=0x7dcb08e4
        4595000	       458	800008ec	00000013	addi	x0,x0,0	  x0:0x00000000
        4605000	       459	800008f0	000ac633	xor	x12,x21,x0	 x21:0x00000000  x0:0x00000000 x12=0x00000000
        4615000	       460	800008f4	0064fe63	bgeu	x9,x6,80000910	  x9:0x80009f4c  x6:0x9712be6b
        4625000	       461	800008f8	00861cb3	sll	x25,x12,x8	 x12:0x00000000  x8:0x7dcb08e4 x25=0x00000000
        4635000	       462	800008fc	0010e7b3	or	x15,x1,x1	  x1:0x800002dc  x1:0x800002dc x15=0x800002dc
        4645000	       463	80000900	0ee60193	addi	x3,x12,238	 x12:0x00000000  x3=0x000000ee
        4655000	       464	80000904	00f4f663	bgeu	x9,x15,80000910	  x9:0x80009f4c x15:0x800002dc
        4665000	       465	00000000	00000013	addi	x0,x0,0	  x0:0x00000000
        4675000	       466	8000090c	00000013	addi	x0,x0,0	  x0:0x00000000
        4685000	       467	80000910	a0e17293	andi	x5,x2,-1522	  x2:0x08b27fea  x5=0x08b27a0a
        4695000	       468	80000914	01641213	slli	x4,x8,0x16	  x8:0x7dcb08e4  x4=0x39000000
        4705000	       469	80000918	9dc9af93	slti	x31,x19,-1572	 x19:0x9fb2ffee x31=0x00000001
        4715000	       470	8000091c	2e736993	ori	x19,x6,743	  x6:0x9712be6b x19=0x9712beef
        4725000	       471	80000920	0044a083	lw	x1,4(x9)	  x9:0x80009f4c  x1=0x800002dc PA:0x80009f50
        4735000	       472	80000924	01801613	slli	x12,x0,0x18	  x0:0x00000000 x12=0x00000000
        4745000	       473	80000928	03848493	addi	x9,x9,56	  x9:0x80009f4c  x9=0x80009f84
        4755000	       474	8000092c	004ec9b3	xor	x19,x29,x4	 x29:0x00000001  x4:0x39000000 x19=0x39000001
        4765000	       475	80000930	01566833	or	x16,x12,x21	 x12:0x00000000 x21:0x00000000 x16=0x00000000
        4775000	       476	80000934	f87df793	andi	x15,x27,-121	 x27:0xf26f3a40 x15=0xf26f3a00
        4785000	       477	80000938	40dddc33	sra	x24,x27,x13	 x27:0xf26f3a40 x13:0x37ed7000 x24=0xf26f3a40
        4795000	       478	8000093c	00008d93	addi	x27,x1,0	  x1:0x800002dc x27=0x800002dc
        4805000	       479	80000940	000d8de7	jalr	x27,x27,0	 x27:0x800002dc x27=0x80000940
        4815000	       480	00000000	00000013	addi	x0,x0,0	  x0:0x00000000
        4825000	       481	800002dc	00000013	addi	x0,x0,0	  x0:0x00000000
        4835000	       482	800002e0	008646b3	xor	x13,x12,x8	 x12:0x00000000  x8:0x7dcb08e4 x13=0x7dcb08e4
        4845000	       483	800002e4	a574b137	lui	x2,0xa574b	  x2=0xa574b000
        4855000	       484	800002e8	00bb8bb3	add	x23,x23,x11	 x23:0x1564000b x11:0xfffffa72 x23=0x1563fa7d
        4865000	       485	800002ec	dddc6293	ori	x5,x24,-547	 x24:0xf26f3a40  x5=0xffffffdd
        4875000	       486	800002f0	f4504713	xori	x14,x0,-187	  x0:0x00000000 x14=0xffffff45
        4885000	       487	800002f4	893f8d13	addi	x26,x31,-1901	 x31:0x00000001 x26=0xfffff894
        4895000	       488	800002f8	4037d613	srai	x12,x15,0x3	 x15:0xf26f3a00 x12=0xfe4de740
        4905000	       489	800002fc	017f6f33	or	x30,x30,x23	 x30:0x000022c9 x23:0x1563fa7d x30=0x1563fafd
        4915000	       490	80000300	40d2d793	srai	x15,x5,0xd	  x5:0xffffffdd x15=0xffffffff
        4925000	       491	80000304	41e80633	sub	x12,x16,x30	 x16:0x00000000 x30:0x1563fafd x12=0xea9c0503
        4935000	       492	80000308	48b6be93	sltiu	x29,x13,1163	 x13:0x7dcb08e4 x29=0x00000000
        4945000	       493	8000030c	d31350b7	lui	x1,0xd3135	  x1=0xd3135000
        4955000	       494	80000310	00926433	or	x8,x4,x9	  x4:0x39000000  x9:0x80009f84  x8=0xb9009f84
        4965000	       495	80000314	01c1d913	srli	x18,x3,0x1c	  x3:0x000000ee x18=0x00000000
        4975000	       496	80000318	bfd54e97	auipc	x29,0xbfd54	 x29=0x3fd54314
        4985000	       497	8000031c	01158533	add	x10,x11,x17	 x11:0xfffffa72 x17:0x00000000 x10=0xfffffa72
        4995000	       498	80000320	a326fab7	lui	x21,0xa326f	 x21=0xa326f000
        5005000	       499	80000324	005d9833	sll	x16,x27,x5	 x27:0x80000940  x5:0xffffffdd x16=0x00000000
        5015000	       500	80000328	05889463	bne	x17,x24,80000370	 x17:0x00000000 x24:0xf26f3a40
        5025000	       501	00000000	00000013	addi	x0,x0,0	  x0:0x00000000
        5035000	       502	8000036c	00000013	addi	x0,x0,0	  x0:0x00000000
        5045000	       503	80000370	01769a33	sll	x20,x13,x23	 x13:0x7dcb08e4 x23:0x1563fa7d x20=0x80000000
        5055000	       504	80000374	02e5f263	bgeu	x11,x14,80000398	 x11:0xfffffa72 x14:0xffffff45
        5065000	       505	80000378	7a203713	sltiu	x14,x0,1954	  x0:0x00000000 x14=0x00000001
        5075000	       506	8000037c	03627063	bgeu	x4,x22,8000039c	  x4:0x39000000 x22:0x058118d8
        5085000	       507	00000000	00000013	addi	x0,x0,0	  x0:0x00000000
        5095000	       508	80000398	00000013	addi	x0,x0,0	  x0:0x00000000
        5105000	       509	8000039c	94708293	addi	x5,x1,-1721	  x1:0xd3135000  x5=0xd3134947
        5115000	       510	800003a0	41be5f33	sra	x30,x28,x27	 x28:0x80009fc4 x27:0x80000940 x30=0x80009fc4
        5125000	       511	800003a4	2a020a13	addi	x20,x4,672	  x4:0x39000000 x20=0x390002a0
        5135000	       512	800003a8	0148d7b3	srl	x15,x17,x20	 x17:0x00000000 x20:0x390002a0 x15=0x00000000
        5145000	       513	800003ac	003f9c33	sll	x24,x31,x3	 x31:0x00000001  x3:0x000000ee x24=0x00004000
        5155000	       514	800003b0	00745033	srl	x0,x8,x7	  x8:0xb9009f84  x7:0x90a00000
        5165000	       515	800003b4	01e84463	blt	x16,x30,800003bc	 x16:0x00000000 x30:0x80009fc4
        5175000	       516	800003b8	00176b33	or	x22,x14,x1	 x14:0x00000001  x1:0xd3135000 x22=0xd3135001
        5185000	       517	800003bc	eb4de593	ori	x11,x27,-332	 x27:0x80000940 x11=0xfffffff4
        5195000	       518	800003c0	00000013	addi	x0,x0,0	  x0:0x00000000
        5205000	       519	800003c4	40f05f93	srai	x31,x0,0xf	  x0:0x00000000 x31=0x00000000
        5215000	       520	800003c8	02436463	bltu	x6,x4,800003f0	  x6:0x9712be6b  x4:0x39000000
        5225000	       521	800003cc	014bdf13	srli	x30,x23,0x14	 x23:0x1563fa7d x30=0x00000156
        5235000	       522	800003d0	40c85f13	srai	x30,x16,0xc	 x16:0x00000000 x30=0x00000000
        5245000	       523	800003d4	56973393	sltiu	x7,x14,1385	 x14:0x00000001  x7=0x00000001
        5255000	       524	800003d8	0009d9b3	srl	x19,x19,x0	 x19:0x39000001  x0:0x00000000 x19=0x39000001
        5265000	       525	800003dc	36c5fe93	andi	x29,x11,876	 x11:0xfffffff4 x29=0x00000364
        5275000	       526	800003e0	20b07693	andi	x13,x0,523	  x0:0x00000000 x13=0x00000000
        5285000	       527	800003e4	00fd1713	slli	x14,x26,0xf	 x26:0xfffff894 x14=0xfc4a0000
        5295000	       528	800003e8	5d0e2a13	slti	x20,x28,1488	 x28:0x80009fc4 x20=0x00000001
        5305000	       529	800003ec	01ac18b3	sll	x17,x24,x26	 x24:0x00004000 x26:0xfffff894 x17=0x00000000
        5315000	       530	800003f0	6ae76213	ori	x4,x14,1710	 x14:0xfc4a0000  x4=0xfc4a06ae
        5325000	       531	800003f4	014d9d13	slli	x26,x27,0x14	 x27:0x80000940 x26=0x94000000
        5335000	       532	800003f8	1d2dcc93	xori	x25,x27,466	 x27:0x80000940 x25=0x80000892
        5345000	       533	800003fc	404c8933	sub	x18,x25,x4	 x25:0x80000892  x4:0xfc4a06ae x18=0x83b601e4
        5355000	       534	80000400	00e29a63	bne	x5,x14,80000414	  x5:0xd3134947 x14:0xfc4a0000
        5365000	       535	00000000	00000013	addi	x0,x0,0	  x0:0x00000000
        5375000	       536	80000410	00000013	addi	x0,x0,0	  x0:0x00000000
        5385000	       537	80000414	01c4f863	bgeu	x9,x28,80000424	  x9:0x80009f84 x28:0x80009fc4
        5395000	       538	80000418	988cb913	sltiu	x18,x25,-1656	 x25:0x80000892 x18=0x00000001
        5405000	       539	8000041c	00f91ab3	sll	x21,x18,x15	 x18:0x00000001 x15:0x00000000 x21=0x00000001
        5415000	       540	80000420	01ec7fb3	and	x31,x24,x30	 x24:0x00004000 x30:0x00000000 x31=0x00000000
        5425000	       541	80000424	5da13bb7	lui	x23,0x5da13	 x23=0x5da13000
        5435000	       542	80000428	40f150b3	sra	x1,x2,x15	  x2:0xa574b000 x15:0x00000000  x1=0xa574b000
        5445000	       543	8000042c	41d18233	sub	x4,x3,x29	  x3:0x000000ee x29:0x00000364  x4=0xfffffd8a
        5455000	       544	80000430	00e11213	slli	x4,x2,0xe	  x2:0xa574b000  x4=0x2c000000
        5465000	       545	80000434	01358e63	beq	x11,x19,80000450	 x11:0xfffffff4 x19:0x39000001
        5475000	       546	80000438	9cb1ab93	slti	x23,x3,-1589	  x3:0x000000ee x23=0x00000000
        5485000	       547	8000043c	007e42b3	xor	x5,x28,x7	 x28:0x80009fc4  x7:0x00000001  x5=0x80009fc5
        5495000	       548	80000440	011352b3	srl	x5,x6,x17	  x6:0x9712be6b x17:0x00000000  x5=0x9712be6b
        5505000	       549	80000444	99032893	slti	x17,x6,-1648	  x6:0x9712be6b x17=0x00000001
        5515000	       550	80000448	016f1cb3	sll	x25,x30,x22	 x30:0x00000000 x22:0xd3135001 x25=0x00000000
        5525000	       551	8000044c	fdf67213	andi	x4,x12,-33	 x12:0xea9c0503  x4=0xea9c0503
        5535000	       552	80000450	00000013	addi	x0,x0,0	  x0:0x00000000
        5545000	       553	80000454	00931463	bne	x6,x9,8000045c	  x6:0x9712be6b  x9:0x80009f84
        5555000	       554	00000000	00000013	addi	x0,x0,0	  x0:0x00000000
        5565000	       555	80000458	00000013	addi	x0,x0,0	  x0:0x00000000
        5575000	       556	8000045c	9287ea13	ori	x20,x15,-1752	 x15:0x00000000 x20=0xfffff928
        5585000	       557	80000460	36577913	andi	x18,x14,869	 x14:0xfc4a0000 x18=0x00000000
        5595000	       558	80000464	07b66663	bltu	x12,x27,800004d0	 x12:0xea9c0503 x27:0x80000940
        5605000	       559	80000468	01ef99b3	sll	x19,x31,x30	 x31:0x00000000 x30:0x00000000 x19=0x00000000
        5615000	       560	8000046c	d6090a13	addi	x20,x18,-672	 x18:0x00000000 x20=0xfffffd60
        5625000	       561	80000470	07cad263	bge	x21,x28,800004d4	 x21:0x00000001 x28:0x80009fc4
        5635000	       562	00000000	00000013	addi	x0,x0,0	  x0:0x00000000
        5645000	       563	800004d0	00000013	addi	x0,x0,0	  x0:0x00000000
        5655000	       564	800004d4	01bfcc33	xor	x24,x31,x27	 x31:0x00000000 x27:0x80000940 x24=0x80000940
        5665000	       565	800004d8	c117e793	ori	x15,x15,-1007	 x15:0x00000000 x15=0xfffffc11
        5675000	       566	800004dc	0037c633	xor	x12,x15,x3	 x15:0xfffffc11  x3:0x000000ee x12=0xfffffcff
        5685000	       567	800004e0	0b590263	beq	x18,x21,80000584	 x18:0x00000000 x21:0x00000001
        5695000	       568	800004e4	01ef75b3	and	x11,x30,x30	 x30:0x00000000 x30:0x00000000 x11=0x00000000
        5705000	       569	800004e8	937adf97	auipc	x31,0x937ad	 x31=0x137ad4e4
        5715000	       570	800004ec	4147deb3	sra	x29,x15,x20	 x15:0xfffffc11 x20:0xfffffd60 x29=0xfffffc11
        5725000	       571	800004f0	00003817	auipc	x16,0x3	 x16=0x800034ec
        5735000	       572	800004f4	9e880813	addi	x16,x16,-1560	 x16:0x800034ec x16=0x80002ed4
        5745000	       573	800004f8	00e09c33	sll	x24,x1,x14	  x1:0xa574b000 x14:0xfc4a0000 x24=0xa574b000
        5755000	       574	800004fc	00000013	addi	x0,x0,0	  x0:0x00000000
        5765000	       575	80000500	00000013	addi	x0,x0,0	  x0:0x00000000
        5775000	       576	80000504	8073a593	slti	x11,x7,-2041	  x7:0x00000001 x11=0x00000000
        5785000	       577	80000508	28180813	addi	x16,x16,641	 x16:0x80002ed4 x16=0x80003155
        5795000	       578	8000050c	9ed80d97	auipc	x27,0x9ed80	 x27=0x1ed80508
        5805000	       579	80000510	d7f800e7	jalr	x1,x16,-641	 x16:0x80003155  x1=0x80000510
        5815000	       580	00000000	00000013	addi	x0,x0,0	  x0:0x00000000
        5825000	       581	80002ed4	00000013	addi	x0,x0,0	  x0:0x00000000
        5835000	       582	80002ed8	014af533	and	x10,x21,x20	 x21:0x00000001 x20:0xfffffd60 x10=0x00000000
        5845000	       583	80002edc	f7ce4b13	xori	x22,x28,-132	 x28:0x80009fc4 x22=0x7fff60b8
        5855000	       584	80002ee0	fe048493	addi	x9,x9,-32	  x9:0x80009f84  x9=0x80009f64
        5865000	       585	80002ee4	409edb13	srai	x22,x29,0x9	 x29:0xfffffc11 x22=0xfffffffe
        5875000	       586	80002ee8	0014a223	sw	x1,4(x9)	  x9:0x80009f64  x1:0x80000510 PA:0x80009f68
        5885000	       587	80002eec	00396133	or	x2,x18,x3	 x18:0x00000000  x3:0x000000ee  x2=0x000000ee
        5895000	       588	80002ef0	00c7dbb3	srl	x23,x15,x12	 x15:0xfffffc11 x12:0xfffffcff x23=0x00000001
        5905000	       589	80002ef4	418a0933	sub	x18,x20,x24	 x20:0xfffffd60 x24:0xa574b000 x18=0x5a8b4d60
        5915000	       590	80002ef8	406edf93	srai	x31,x29,0x6	 x29:0xfffffc11 x31=0xfffffff0
        5925000	       591	80002efc	41845893	srai	x17,x8,0x18	  x8:0xb9009f84 x17=0xffffffb9
        5935000	       592	80002f00	01e773b3	and	x7,x14,x30	 x14:0xfc4a0000 x30:0x00000000  x7=0x00000000
        5945000	       593	80002f04	004a01b3	add	x3,x20,x4	 x20:0xfffffd60  x4:0xea9c0503  x3=0xea9c0263
        5955000	       594	80002f08	0037bb33	sltu	x22,x15,x3	 x15:0xfffffc11  x3:0xea9c0263 x22=0x00000000
        5965000	       595	80002f0c	4067d693	srai	x13,x15,0x6	 x15:0xfffffc11 x13=0xfffffff0
        5975000	       596	80002f10	70d46a93	ori	x21,x8,1805	  x8:0xb9009f84 x21=0xb9009f8d
        5985000	       597	80002f14	40a285b3	sub	x11,x5,x10	  x5:0x9712be6b x10:0x00000000 x11=0x9712be6b
        5995000	       598	80002f18	d0febb13	sltiu	x22,x29,-753	 x29:0xfffffc11 x22=0x00000001
        6005000	       599	80002f1c	b1a92997	auipc	x19,0xb1a92	 x19=0x31a94f18
        6015000	       600	80002f20	00713a33	sltu	x20,x2,x7	  x2:0x000000ee  x7:0x00000000 x20=0x00000000
        6025000	       601	80002f24	7b35ef93	ori	x31,x11,1971	 x11:0x9712be6b x31=0x9712bffb
        6035000	       602	80002f28	e90fd0ef	jal	x1,80002f28	  x1=0x80002f28
        6045000	       603	00000000	00000013	addi	x0,x0,0	  x0:0x00000000
        6055000	       604	800005b4	00000013	addi	x0,x0,0	  x0:0x00000000
        6065000	       605	800005b8	41165a13	srai	x20,x12,0x11	 x12:0xfffffcff x20=0xffffffff
        6075000	       606	800005bc	de53bc13	sltiu	x24,x7,-539	  x7:0x00000000 x24=0x00000001
        6085000	       607	800005c0	00a3c663	blt	x7,x10,800005cc	  x7:0x00000000 x10:0x00000000
        6095000	       608	800005c4	1dc46693	ori	x13,x8,476	  x8:0xb9009f84 x13=0xb9009fdc
        6105000	       609	800005c8	e5532993	slti	x19,x6,-427	  x6:0x9712be6b x19=0x00000001
        6115000	       610	800005cc	fd848493	addi	x9,x9,-40	  x9:0x80009f64  x9=0x80009f3c
        6125000	       611	800005d0	00901213	slli	x4,x0,0x9	  x0:0x00000000  x4=0x00000000
        6135000	       612	800005d4	0014a223	sw	x1,4(x9)	  x9:0x80009f3c  x1:0x80002f28 PA:0x80009f40
        6145000	       613	800005d8	777bf217	auipc	x4,0x777bf	  x4=0xf77bf5d4
        6155000	       614	800005dc	0162d133	srl	x2,x5,x22	  x5:0x9712be6b x22:0x00000001  x2=0x4b895f35
        6165000	       615	800005e0	00000013	addi	x0,x0,0	  x0:0x00000000
        6175000	       616	800005e4	01d6aab3	slt	x21,x13,x29	 x13:0xb9009fdc x29:0xfffffc11 x21=0x00000001
        6185000	       617	800005e8	008eb233	sltu	x4,x29,x8	 x29:0xfffffc11  x8:0xb9009f84  x4=0x00000000
        6195000	       618	800005ec	00002797	auipc	x15,0x2	 x15=0x800025e8
        6205000	       619	800005f0	6a478793	addi	x15,x15,1700	 x15:0x800025e8 x15=0x80002c8c
        6215000	       620	800005f4	0183d913	srli	x18,x7,0x18	  x7:0x00000000 x18=0x00000000
        6225000	       621	800005f8	cf578793	addi	x15,x15,-779	 x15:0x80002c8c x15=0x80002981
        6235000	       622	800005fc	002271b3	and	x3,x4,x2	  x4:0x00000000  x2:0x4b895f35  x3=0x00000000
        6245000	       623	80000600	40715b13	srai	x22,x2,0x7	  x2:0x4b895f35 x22=0x009712be
        6255000	       624	80000604	00993533	sltu	x10,x18,x9	 x18:0x00000000  x9:0x80009f3c x10=0x00000001
        6265000	       625	80000608	30c780e7	jalr	x1,x15,780	 x15:0x80002981  x1=0x80000608
        6275000	       626	00000000	00000013	addi	x0,x0,0	  x0:0x00000000
        6285000	       627	80002c8c	00000013	addi	x0,x0,0	  x0:0x00000000
        6295000	       628	80002c90	00d2d893	srli	x17,x5,0xd	  x5:0x9712be6b x17=0x0004b895
        6305000	       629	80002c94	0194a5b3	slt	x11,x9,x25	  x9:0x80009f3c x25:0x00000000 x11=0x00000001
        6315000	       630	80002c98	40200833	sub	x16,x0,x2	  x0:0x00000000  x2:0x4b895f35 x16=0xb476a0cb
        6325000	       631	80002c9c	2ca5f513	andi	x10,x11,714	 x11:0x00000001 x10=0x00000000
        6335000	       632	80002ca0	fd848493	addi	x9,x9,-40	  x9:0x80009f3c  x9=0x80009f14
        6345000	       633	80002ca4	01ad7833	and	x16,x26,x26	 x26:0x94000000 x26:0x94000000 x16=0x94000000
        6355000	       634	80002ca8	0014a223	sw	x1,4(x9)	  x9:0x80009f14  x1:0x80000608 PA:0x80009f18
        6365000	       635	80002cac	95d36d17	auipc	x26,0x95d36	 x26=0x15d38ca8
        6375000	       636	80002cb0	9c836d93	ori	x27,x6,-1592	  x6:0x9712be6b x27=0xffffffeb
        6385000	       637	80002cb4	00a57433	and	x8,x10,x10	 x10:0x00000000 x10:0x00000000  x8=0x00000000
        6395000	       638	80002cb8	00000013	addi	x0,x0,0	  x0:0x00000000
        6405000	       639	80002cbc	00900a13	addi	x20,x0,9	  x0:0x00000000 x20=0x00000009
        6415000	       640	80002cc0	00b9b6b3	sltu	x13,x19,x11	 x19:0x00000001 x11:0x00000001 x13=0x00000000
        6425000	       641	80002cc4	00d8a533	slt	x10,x17,x13	 x17:0x0004b895 x13:0x00000000 x10=0x00000000
        6435000	       642	80002cc8	415057b3	sra	x15,x0,x21	  x0:0x00000000 x21:0x00000001 x15=0x00000000
        6445000	       643	80002ccc	0fe4b093	sltiu	x1,x9,254	  x9:0x80009f14  x1=0x00000000
        6455000	       644	80002cd0	12aabb97	auipc	x23,0x12aab	 x23=0x92aadccc
        6465000	       645	80002cd4	00b00d93	addi	x27,x0,11	  x0:0x00000000 x27=0x0000000b
        6475000	       646	80002cd8	00000013	addi	x0,x0,0	  x0:0x00000000
        6485000	       647	80002cdc	638c5697	auipc	x13,0x638c5	 x13=0xe38c7cd8
        6495000	       648	80002ce0	01a48833	add	x16,x9,x26	  x9:0x80009f14 x26:0x15d38ca8 x16=0x95d42bbc
        6505000	       649	80002ce4	00000013	addi	x0,x0,0	  x0:0x00000000
        6515000	       650	80002ce8	7a618113	addi	x2,x3,1958	  x3:0x00000000  x2=0x000007a6
        6525000	       651	80002cec	572e7b93	andi	x23,x28,1394	 x28:0x80009fc4 x23=0x00000540
        6535000	       652	80002cf0	009a0a13	addi	x20,x20,9	 x20:0x00000009 x20=0x00000012
        6545000	       653	80002cf4	00479633	sll	x12,x15,x4	 x15:0x00000000  x4:0x00000000 x12=0x00000000
        6555000	       654	80002cf8	40ac51b3	sra	x3,x24,x10	 x24:0x00000001 x10:0x00000000  x3=0x00000001
        6565000	       655	80002cfc	00a00e93	addi	x29,x0,10	  x0:0x00000000 x29=0x0000000a
        6575000	       656	80002d00	b6514d13	xori	x26,x2,-1179	  x2:0x000007a6 x26=0xfffffcc3
        6585000	       657	80002d04	00000013	addi	x0,x0,0	  x0:0x00000000
        6595000	       658	80002d08	01fc5a93	srli	x21,x24,0x1f	 x24:0x00000001 x21=0x00000000
        6605000	       659	80002d0c	00900413	addi	x8,x0,9	  x0:0x00000000  x8=0x00000009
        6615000	       660	80002d10	e054b193	sltiu	x3,x9,-507	  x9:0x80009f14  x3=0x00000001
        6625000	       661	80002d14	00000013	addi	x0,x0,0	  x0:0x00000000
        6635000	       662	80002d18	f61d0913	addi	x18,x26,-159	 x26:0xfffffcc3 x18=0xfffffc24
        6645000	       663	80002d1c	34426213	ori	x4,x4,836	  x4:0x00000000  x4=0x00000344
        6655000	       664	80002d20	ff9e8e93	addi	x29,x29,-7	 x29:0x0000000a x29=0x00000003
        6665000	       665	80002d24	418302b3	sub	x5,x6,x24	  x6:0x9712be6b x24:0x00000001  x5=0x9712be6a
        6675000	       666	80002d28	01145d13	srli	x26,x8,0x11	  x8:0x00000009 x26=0x00000000
        6685000	       667	80002d2c	fe8ef4e3	bgeu	x29,x8,80002d14	 x29:0x00000003  x8:0x00000009
        6695000	       668	80002d30	b3e64713	xori	x14,x12,-1218	 x12:0x00000000 x14=0xfffffb3e
        6705000	       669	80002d34	fbba6ce3	bltu	x20,x27,80002cec	 x20:0x00000012 x27:0x0000000b
        6715000	       670	80002d38	4100d993	srai	x19,x1,0x10	  x1:0x00000000 x19=0x00000000
        6725000	       671	80002d3c	04781863	bne	x16,x7,80002d8c	 x16:0x95d42bbc  x7:0x00000000
        6735000	       672	00000000	00000013	addi	x0,x0,0	  x0:0x00000000
        6745000	       673	80002d88	00000013	addi	x0,x0,0	  x0:0x00000000
        6755000	       674	80002d8c	00000013	addi	x0,x0,0	  x0:0x00000000
        6765000	       675	80002d90	0090d0b3	srl	x1,x1,x9	  x1:0x00000000  x9:0x80009f14  x1=0x00000000
        6775000	       676	80002d94	0024a233	slt	x4,x9,x2	  x9:0x80009f14  x2:0x000007a6  x4=0x00000001
        6785000	       677	80002d98	41d75193	srai	x3,x14,0x1d	 x14:0xfffffb3e  x3=0xffffffff
        6795000	       678	80002d9c	007b76b3	and	x13,x22,x7	 x22:0x009712be  x7:0x00000000 x13=0x00000000
        6805000	       679	80002da0	40675bb3	sra	x23,x14,x6	 x14:0xfffffb3e  x6:0x9712be6b x23=0xffffffff
        6815000	       680	80002da4	016c0ab3	add	x21,x24,x22	 x24:0x00000001 x22:0x009712be x21=0x009712bf
        6825000	       681	80002da8	00ab0933	add	x18,x22,x10	 x22:0x009712be x10:0x00000000 x18=0x009712be
        6835000	       682	80002dac	41bddd93	srai	x27,x27,0x1b	 x27:0x0000000b x27=0x00000000
        6845000	       683	80002db0	01cbfd33	and	x26,x23,x28	 x23:0xffffffff x28:0x80009fc4 x26=0x80009fc4
        6855000	       684	80002db4	00000013	addi	x0,x0,0	  x0:0x00000000
        6865000	       685	80002db8	004138b3	sltu	x17,x2,x4	  x2:0x000007a6  x4:0x00000001 x17=0x00000000
        6875000	       686	80002dbc	00000013	addi	x0,x0,0	  x0:0x00000000
        6885000	       687	80002dc0	04a54463	blt	x10,x10,80002e08	 x10:0x00000000 x10:0x00000000
        6895000	       688	80002dc4	00ee6733	or	x14,x28,x14	 x28:0x80009fc4 x14:0xfffffb3e x14=0xfffffffe
        6905000	       689	80002dc8	01af87b3	add	x15,x31,x26	 x31:0x9712bffb x26:0x80009fc4 x15=0x17135fbf
        6915000	       690	80002dcc	412808b3	sub	x17,x16,x18	 x16:0x95d42bbc x18:0x009712be x17=0x953d18fe
        6925000	       691	80002dd0	00ac0533	add	x10,x24,x10	 x24:0x00000001 x10:0x00000000 x10=0x00000001
        6935000	       692	80002dd4	40765433	sra	x8,x12,x7	 x12:0x00000000  x7:0x00000000  x8=0x00000000
        6945000	       693	80002dd8	0174cb33	xor	x22,x9,x23	  x9:0x80009f14 x23:0xffffffff x22=0x7fff60eb
        6955000	       694	80002ddc	01b967b3	or	x15,x18,x27	 x18:0x009712be x27:0x00000000 x15=0x009712be
        6965000	       695	80002de0	407f5d33	sra	x26,x30,x7	 x30:0x00000000  x7:0x00000000 x26=0x00000000
        6975000	       696	80002de4	00a0ec33	or	x24,x1,x10	  x1:0x00000000 x10:0x00000001 x24=0x00000001
        6985000	       697	80002de8	f6b77093	andi	x1,x14,-149	 x14:0xfffffffe  x1=0xffffff6a
        6995000	       698	80002dec	40385eb3	sra	x29,x16,x3	 x16:0x95d42bbc  x3:0xffffffff x29=0xffffffff
        7005000	       699	80002df0	23fbe393	ori	x7,x23,575	 x23:0xffffffff  x7=0xffffffff
        7015000	       700	80002df4	02e6e263	bltu	x13,x14,80002e18	 x13:0x00000000 x14:0xfffffffe
        7025000	       701	00000000	00000013	addi	x0,x0,0	  x0:0x00000000
        7035000	       702	80002e14	00000013	addi	x0,x0,0	  x0:0x00000000
        7045000	       703	80002e18	00000013	addi	x0,x0,0	  x0:0x00000000
        7055000	       704	80002e1c	8b5ea913	slti	x18,x29,-1867	 x29:0xffffffff x18=0x00000000
        7065000	       705	80002e20	cecd4d13	xori	x26,x26,-788	 x26:0x00000000 x26=0xfffffcec
        7075000	       706	80002e24	01d30463	beq	x6,x29,80002e2c	  x6:0x9712be6b x29:0xffffffff
        7085000	       707	80002e28	04420863	beq	x4,x4,80002e78	  x4:0x00000001  x4:0x00000001
        7095000	       708	00000000	00000013	addi	x0,x0,0	  x0:0x00000000
        7105000	       709	80002e74	00000013	addi	x0,x0,0	  x0:0x00000000
        7115000	       710	80002e78	5d909037	lui	x0,0x5d909	
        7125000	       711	80002e7c	00fc0ab3	add	x21,x24,x15	 x24:0x00000001 x15:0x009712be x21=0x009712bf
        7135000	       712	80002e80	00b47863	bgeu	x8,x11,80002e90	  x8:0x00000000 x11:0x00000001
        7145000	       713	80002e84	40eb0433	sub	x8,x22,x14	 x22:0x7fff60eb x14:0xfffffffe  x8=0x7fff60ed
        7155000	       714	80002e88	01d11c13	slli	x24,x2,0x1d	  x2:0x000007a6 x24=0xc0000000
        7165000	       715	80002e8c	b41f3f93	sltiu	x31,x30,-1215	 x30:0x00000000 x31=0x00000001
        7175000	       716	80002e90	01b64c63	blt	x12,x27,80002ea8	 x12:0x00000000 x27:0x00000000
        7185000	       717	80002e94	002f5193	srli	x3,x30,0x2	 x30:0x00000000  x3=0x00000000
        7195000	       718	80002e98	000b5513	srli	x10,x22,0x0	 x22:0x7fff60eb x10=0x7fff60eb
        7205000	       719	80002e9c	4030d233	sra	x4,x1,x3	  x1:0xffffff6a  x3:0x00000000  x4=0xffffff6a
        7215000	       720	80002ea0	00f3fb33	and	x22,x7,x15	  x7:0xffffffff x15:0x009712be x22=0x009712be
        7225000	       721	80002ea4	f51d6613	ori	x12,x26,-175	 x26:0xfffffcec x12=0xfffffffd
        7235000	       722	80002ea8	401ad933	sra	x18,x21,x1	 x21:0x009712bf  x1:0xffffff6a x18=0x000025c4
        7245000	       723	80002eac	0044a083	lw	x1,4(x9)	  x9:0x80009f14  x1=0x80000608 PA:0x80009f18
        7255000	       724	80002eb0	4184d793	srai	x15,x9,0x18	  x9:0x80009f14 x15=0xffffff80
        7265000	       725	80002eb4	00df9d13	slli	x26,x31,0xd	 x31:0x00000001 x26=0x00002000
        7275000	       726	80002eb8	0062b533	sltu	x10,x5,x6	  x5:0x9712be6a  x6:0x9712be6b x10=0x00000001
        7285000	       727	80002ebc	00000013	addi	x0,x0,0	  x0:0x00000000
        7295000	       728	80002ec0	0124d593	srli	x11,x9,0x12	  x9:0x80009f14 x11=0x00002000
        7305000	       729	80002ec4	02848493	addi	x9,x9,40	  x9:0x80009f14  x9=0x80009f3c
        7315000	       730	80002ec8	01fb9293	slli	x5,x23,0x1f	 x23:0xffffffff  x5=0x80000000
        7325000	       731	80002ecc	01d0ef33	or	x30,x1,x29	  x1:0x80000608 x29:0xffffffff x30=0xffffffff
        7335000	       732	80002ed0	00008693	addi	x13,x1,0	  x1:0x80000608 x13=0x80000608
        7345000	       733	80002ed4	000686e7	jalr	x13,x13,0	 x13:0x80000608 x13=0x80002ed4
        7355000	       734	00000000	00000013	addi	x0,x0,0	  x0:0x00000000
        7365000	       735	80000608	00000013	addi	x0,x0,0	  x0:0x00000000
        7375000	       736	8000060c	00600713	addi	x14,x0,6	  x0:0x00000000 x14=0x00000006
        7385000	       737	80000610	ffb00193	addi	x3,x0,-5	  x0:0x00000000  x3=0xfffffffb
        7395000	       738	80000614	00790cb3	add	x25,x18,x7	 x18:0x000025c4  x7:0xffffffff x25=0x000025c3
        7405000	       739	80000618	01a737b3	sltu	x15,x14,x26	 x14:0x00000006 x26:0x00002000 x15=0x00000001
        7415000	       740	8000061c	ff670713	addi	x14,x14,-10	 x14:0x00000006 x14=0xfffffffc
        7425000	       741	80000620	3f4ba837	lui	x16,0x3f4ba	 x16=0x3f4ba000
        7435000	       742	80000624	fe3758e3	bge	x14,x3,80000614	 x14:0xfffffffc  x3:0xfffffffb
        7445000	       743	00000000	00000013	addi	x0,x0,0	  x0:0x00000000
        7455000	       744	80000610	00000013	addi	x0,x0,0	  x0:0x00000000
        7465000	       745	80000614	00790cb3	add	x25,x18,x7	 x18:0x000025c4  x7:0xffffffff x25=0x000025c3
        7475000	       746	80000618	01a737b3	sltu	x15,x14,x26	 x14:0xfffffffc x26:0x00002000 x15=0x00000000
        7485000	       747	8000061c	ff670713	addi	x14,x14,-10	 x14:0xfffffffc x14=0xfffffff2
        7495000	       748	80000620	3f4ba837	lui	x16,0x3f4ba	 x16=0x3f4ba000
        7505000	       749	80000624	fe3758e3	bge	x14,x3,80000614	 x14:0xfffffff2  x3:0xfffffffb
        7515000	       750	80000628	00000013	addi	x0,x0,0	  x0:0x00000000
        7525000	       751	8000062c	00500593	addi	x11,x0,5	  x0:0x00000000 x11=0x00000005
        7535000	       752	80000630	ff200293	addi	x5,x0,-14	  x0:0x00000000  x5=0xfffffff2
        7545000	       753	80000634	000769b3	or	x19,x14,x0	 x14:0xfffffff2  x0:0x00000000 x19=0xfffffff2
        7555000	       754	80000638	ff958593	addi	x11,x11,-7	 x11:0x00000005 x11=0xfffffffe
        7565000	       755	8000063c	00800713	addi	x14,x0,8	  x0:0x00000000 x14=0x00000008
        7575000	       756	80000640	01100f93	addi	x31,x0,17	  x0:0x00000000 x31=0x00000011
        7585000	       757	80000644	01f5a1b3	slt	x3,x11,x31	 x11:0xfffffffe x31:0x00000011  x3=0x00000001
        7595000	       758	80000648	00970713	addi	x14,x14,9	 x14:0x00000008 x14=0x00000011
        7605000	       759	8000064c	fff70ce3	beq	x14,x31,80000644	 x14:0x00000011 x31:0x00000011
        7615000	       760	00000000	00000013	addi	x0,x0,0	  x0:0x00000000
        7625000	       761	80000640	00000013	addi	x0,x0,0	  x0:0x00000000
        7635000	       762	80000644	01f5a1b3	slt	x3,x11,x31	 x11:0xfffffffe x31:0x00000011  x3=0x00000001
        7645000	       763	80000648	00970713	addi	x14,x14,9	 x14:0x00000011 x14=0x0000001a
        7655000	       764	8000064c	fff70ce3	beq	x14,x31,80000644	 x14:0x0000001a x31:0x00000011
        7665000	       765	80000650	fe55d2e3	bge	x11,x5,80000634	 x11:0xfffffffe  x5:0xfffffff2
        7675000	       766	00000000	00000013	addi	x0,x0,0	  x0:0x00000000
        7685000	       767	80000630	00000013	addi	x0,x0,0	  x0:0x00000000
        7695000	       768	80000634	000769b3	or	x19,x14,x0	 x14:0x0000001a  x0:0x00000000 x19=0x0000001a
        7705000	       769	80000638	ff958593	addi	x11,x11,-7	 x11:0xfffffffe x11=0xfffffff7
        7715000	       770	8000063c	00800713	addi	x14,x0,8	  x0:0x00000000 x14=0x00000008
        7725000	       771	80000640	01100f93	addi	x31,x0,17	  x0:0x00000000 x31=0x00000011
        7735000	       772	80000644	01f5a1b3	slt	x3,x11,x31	 x11:0xfffffff7 x31:0x00000011  x3=0x00000001
        7745000	       773	80000648	00970713	addi	x14,x14,9	 x14:0x00000008 x14=0x00000011
        7755000	       774	8000064c	fff70ce3	beq	x14,x31,80000644	 x14:0x00000011 x31:0x00000011
        7765000	       775	00000000	00000013	addi	x0,x0,0	  x0:0x00000000
        7775000	       776	80000640	00000013	addi	x0,x0,0	  x0:0x00000000
        7785000	       777	80000644	01f5a1b3	slt	x3,x11,x31	 x11:0xfffffff7 x31:0x00000011  x3=0x00000001
        7795000	       778	80000648	00970713	addi	x14,x14,9	 x14:0x00000011 x14=0x0000001a
        7805000	       779	8000064c	fff70ce3	beq	x14,x31,80000644	 x14:0x0000001a x31:0x00000011
        7815000	       780	80000650	fe55d2e3	bge	x11,x5,80000634	 x11:0xfffffff7  x5:0xfffffff2
        7825000	       781	00000000	00000013	addi	x0,x0,0	  x0:0x00000000
        7835000	       782	80000630	00000013	addi	x0,x0,0	  x0:0x00000000
        7845000	       783	80000634	000769b3	or	x19,x14,x0	 x14:0x0000001a  x0:0x00000000 x19=0x0000001a
        7855000	       784	80000638	ff958593	addi	x11,x11,-7	 x11:0xfffffff7 x11=0xfffffff0
        7865000	       785	8000063c	00800713	addi	x14,x0,8	  x0:0x00000000 x14=0x00000008
        7875000	       786	80000640	01100f93	addi	x31,x0,17	  x0:0x00000000 x31=0x00000011
        7885000	       787	80000644	01f5a1b3	slt	x3,x11,x31	 x11:0xfffffff0 x31:0x00000011  x3=0x00000001
        7895000	       788	80000648	00970713	addi	x14,x14,9	 x14:0x00000008 x14=0x00000011
        7905000	       789	8000064c	fff70ce3	beq	x14,x31,80000644	 x14:0x00000011 x31:0x00000011
        7915000	       790	00000000	00000013	addi	x0,x0,0	  x0:0x00000000
        7925000	       791	80000640	00000013	addi	x0,x0,0	  x0:0x00000000
        7935000	       792	80000644	01f5a1b3	slt	x3,x11,x31	 x11:0xfffffff0 x31:0x00000011  x3=0x00000001
        7945000	       793	80000648	00970713	addi	x14,x14,9	 x14:0x00000011 x14=0x0000001a
        7955000	       794	8000064c	fff70ce3	beq	x14,x31,80000644	 x14:0x0000001a x31:0x00000011
        7965000	       795	80000650	fe55d2e3	bge	x11,x5,80000634	 x11:0xfffffff0  x5:0xfffffff2
        7975000	       796	80000654	004caf33	slt	x30,x25,x4	 x25:0x000025c3  x4:0xffffff6a x30=0x00000000
        7985000	       797	80000658	f96a8293	addi	x5,x21,-106	 x21:0x009712bf  x5=0x00971255
        7995000	       798	8000065c	f7be0013	addi	x0,x28,-133	 x28:0x80009fc4
        8005000	       799	80000660	2583cf93	xori	x31,x7,600	  x7:0xffffffff x31=0xfffffda7
        8015000	       800	80000664	00bcda13	srli	x20,x25,0xb	 x25:0x000025c3 x20=0x00000004
        8025000	       801	80000668	04ea6663	bltu	x20,x14,800006b4	 x20:0x00000004 x14:0x0000001a
        8035000	       802	00000000	00000013	addi	x0,x0,0	  x0:0x00000000
        8045000	       803	800006b0	00000013	addi	x0,x0,0	  x0:0x00000000
        8055000	       804	800006b4	0a04c293	xori	x5,x9,160	  x9:0x80009f3c  x5=0x80009f9c
        8065000	       805	800006b8	df7e6393	ori	x7,x28,-521	 x28:0x80009fc4  x7=0xfffffff7
        8075000	       806	800006bc	0022c033	xor	x0,x5,x2	  x5:0x80009f9c  x2:0x000007a6
        8085000	       807	800006c0	007cb8b3	sltu	x17,x25,x7	 x25:0x000025c3  x7:0xfffffff7 x17=0x00000001
        8095000	       808	800006c4	40155a33	sra	x20,x10,x1	 x10:0x00000001  x1:0x80000608 x20=0x00000000
        8105000	       809	800006c8	cccb8a13	addi	x20,x23,-820	 x23:0xffffffff x20=0xfffffccb
        8115000	       810	800006cc	4897ac37	lui	x24,0x4897a	 x24=0x4897a000
        8125000	       811	800006d0	0561e263	bltu	x3,x22,80000714	  x3:0x00000001 x22:0x009712be
        8135000	       812	00000000	00000013	addi	x0,x0,0	  x0:0x00000000
        8145000	       813	80000710	00000013	addi	x0,x0,0	  x0:0x00000000
        8155000	       814	80000714	01287c33	and	x24,x16,x18	 x16:0x3f4ba000 x18:0x000025c4 x24=0x00002000
        8165000	       815	80000718	89634993	xori	x19,x6,-1898	  x6:0x9712be6b x19=0x68ed46fd
        8175000	       816	8000071c	9b8b2f93	slti	x31,x22,-1608	 x22:0x009712be x31=0x00000000
        8185000	       817	80000720	04287863	bgeu	x16,x2,80000770	 x16:0x3f4ba000  x2:0x000007a6
        8195000	       818	00000000	00000013	addi	x0,x0,0	  x0:0x00000000
        8205000	       819	8000076c	00000013	addi	x0,x0,0	  x0:0x00000000
        8215000	       820	80000770	b99fb113	sltiu	x2,x31,-1127	 x31:0x00000000  x2=0x00000001
        8225000	       821	80000774	1b974d93	xori	x27,x14,441	 x14:0x0000001a x27=0x000001a3
        8235000	       822	80000778	01353cb3	sltu	x25,x10,x19	 x10:0x00000001 x19:0x68ed46fd x25=0x00000001
        8245000	       823	8000077c	012d5913	srli	x18,x26,0x12	 x26:0x00002000 x18=0x00000000
        8255000	       824	80000780	416a08b3	sub	x17,x20,x22	 x20:0xfffffccb x22:0x009712be x17=0xff68ea0d
        8265000	       825	80000784	00364463	blt	x12,x3,8000078c	 x12:0xfffffffd  x3:0x00000001
        8275000	       826	00000000	00000013	addi	x0,x0,0	  x0:0x00000000
        8285000	       827	80000788	00000013	addi	x0,x0,0	  x0:0x00000000
        8295000	       828	8000078c	01221fb3	sll	x31,x4,x18	  x4:0xffffff6a x18:0x00000000 x31=0xffffff6a
        8305000	       829	80000790	01e53233	sltu	x4,x10,x30	 x10:0x00000001 x30:0x00000000  x4=0x00000000
        8315000	       830	80000794	e07db093	sltiu	x1,x27,-505	 x27:0x000001a3  x1=0x00000001
        8325000	       831	80000798	bca31ab7	lui	x21,0xbca31	 x21=0xbca31000
        8335000	       832	8000079c	0243d117	auipc	x2,0x243d	  x2=0x8243d798
        8345000	       833	800007a0	41735733	sra	x14,x6,x23	  x6:0x9712be6b x23:0xffffffff x14=0xffffffff
        8355000	       834	800007a4	4114dc33	sra	x24,x9,x17	  x9:0x80009f3c x17:0xff68ea0d x24=0xfffc0004
        8365000	       835	800007a8	e6daa913	slti	x18,x21,-403	 x21:0xbca31000 x18=0x00000001
        8375000	       836	800007ac	d2cbfa93	andi	x21,x23,-724	 x23:0xffffffff x21=0xfffffd2c
        8385000	       837	800007b0	b9252eb7	lui	x29,0xb9252	 x29=0xb9252000
        8395000	       838	800007b4	00458733	add	x14,x11,x4	 x11:0xfffffff0  x4:0x00000000 x14=0xfffffff0
        8405000	       839	800007b8	40325a33	sra	x20,x4,x3	  x4:0x00000000  x3:0x00000001 x20=0x00000000
        8415000	       840	800007bc	00cb9993	slli	x19,x23,0xc	 x23:0xffffffff x19=0xfffff000
        8425000	       841	800007c0	008e9093	slli	x1,x29,0x8	 x29:0xb9252000  x1=0x25200000
        8435000	       842	800007c4	00e15613	srli	x12,x2,0xe	  x2:0x8243d798 x12=0x0002090f
        8445000	       843	800007c8	41385833	sra	x16,x16,x19	 x16:0x3f4ba000 x19:0xfffff000 x16=0x3f4ba000
        8455000	       844	800007cc	00b2c033	xor	x0,x5,x11	  x5:0x80009f9c x11:0xfffffff0
        8465000	       845	800007d0	d1574793	xori	x15,x14,-747	 x14:0xfffffff0 x15=0x000002e5
        8475000	       846	800007d4	41b6dd13	srai	x26,x13,0x1b	 x13:0x80002ed4 x26=0xfffffff0
        8485000	       847	800007d8	0481c663	blt	x3,x8,80000824	  x3:0x00000001  x8:0x7fff60ed
        8495000	       848	00000000	00000013	addi	x0,x0,0	  x0:0x00000000
        8505000	       849	80000820	00000013	addi	x0,x0,0	  x0:0x00000000
        8515000	       850	80000824	01767863	bgeu	x12,x23,80000834	 x12:0x0002090f x23:0xffffffff
        8525000	       851	80000828	01e937b3	sltu	x15,x18,x30	 x18:0x00000001 x30:0x00000000 x15=0x00000000
        8535000	       852	8000082c	00714533	xor	x10,x2,x7	  x2:0x8243d798  x7:0xfffffff7 x10=0x7dbc286f
        8545000	       853	80000830	03719863	bne	x3,x23,80000860	  x3:0x00000001 x23:0xffffffff
        8555000	       854	00000000	00000013	addi	x0,x0,0	  x0:0x00000000
        8565000	       855	8000085c	00000013	addi	x0,x0,0	  x0:0x00000000
        8575000	       856	80000860	5d27ca93	xori	x21,x15,1490	 x15:0x00000000 x21=0x000005d2
        8585000	       857	80000864	019aaa33	slt	x20,x21,x25	 x21:0x000005d2 x25:0x00000001 x20=0x00000000
        8595000	       858	80000868	00000013	addi	x0,x0,0	  x0:0x00000000
        8605000	       859	8000086c	0044a083	lw	x1,4(x9)	  x9:0x80009f3c  x1=0x80002f28 PA:0x80009f40
        8615000	       860	80000870	405ed733	sra	x14,x29,x5	 x29:0xb9252000  x5:0x80009f9c x14=0xfffffffb
        8625000	       861	80000874	02848493	addi	x9,x9,40	  x9:0x80009f3c  x9=0x80009f64
        8635000	       862	80000878	00000013	addi	x0,x0,0	  x0:0x00000000
        8645000	       863	8000087c	4099df93	srai	x31,x19,0x9	 x19:0xfffff000 x31=0xfffffff8
        8655000	       864	80000880	9b5b7593	andi	x11,x22,-1611	 x22:0x009712be x11=0x009710b4
        8665000	       865	80000884	e9773d97	auipc	x27,0xe9773	 x27=0x69773880
        8675000	       866	80000888	006bc5b3	xor	x11,x23,x6	 x23:0xffffffff  x6:0x9712be6b x11=0x68ed4194
        8685000	       867	8000088c	b3a6b137	lui	x2,0xb3a6b	  x2=0xb3a6b000
        8695000	       868	80000890	009f1193	slli	x3,x30,0x9	 x30:0x00000000  x3=0x00000000
        8705000	       869	80000894	00008a13	addi	x20,x1,0	  x1:0x80002f28 x20=0x80002f28
        8715000	       870	80000898	000a0a67	jalr	x20,x20,0	 x20:0x80002f28 x20=0x80000898
        8725000	       871	00000000	00000013	addi	x0,x0,0	  x0:0x00000000
        8735000	       872	80002f28	00000013	addi	x0,x0,0	  x0:0x00000000
        8745000	       873	80002f2c	41e80d33	sub	x26,x16,x30	 x16:0x3f4ba000 x30:0x00000000 x26=0x3f4ba000
        8755000	       874	80002f30	4086d033	sra	x0,x13,x8	 x13:0x80002ed4  x8:0x7fff60ed
        8765000	       875	80002f34	016b9b33	sll	x22,x23,x22	 x23:0xffffffff x22:0x009712be x22=0xc0000000
        8775000	       876	80002f38	fefeed13	ori	x26,x29,-17	 x29:0xb9252000 x26=0xffffffef
        8785000	       877	80002f3c	00e7b7b3	sltu	x15,x15,x14	 x15:0x00000000 x14:0xfffffffb x15=0x00000001
        8795000	       878	80002f40	e4e87c97	auipc	x25,0xe4e87	 x25=0x64e89f3c
        8805000	       879	80002f44	402adb33	sra	x22,x21,x2	 x21:0x000005d2  x2:0xb3a6b000 x22=0x000005d2
        8815000	       880	80002f48	04a20263	beq	x4,x10,80002f8c	  x4:0x00000000 x10:0x7dbc286f
        8825000	       881	80002f4c	52a77d93	andi	x27,x14,1322	 x14:0xfffffffb x27=0x0000052a
        8835000	       882	80002f50	0f48cf13	xori	x30,x17,244	 x17:0xff68ea0d x30=0xff68eaf9
        8845000	       883	80002f54	5e34bd13	sltiu	x26,x9,1507	  x9:0x80009f64 x26=0x00000000
        8855000	       884	80002f58	01e32bb3	slt	x23,x6,x30	  x6:0x9712be6b x30:0xff68eaf9 x23=0x00000001
        8865000	       885	80002f5c	0061c733	xor	x14,x3,x6	  x3:0x00000000  x6:0x9712be6b x14=0x9712be6b
        8875000	       886	80002f60	00016463	bltu	x2,x0,80002f68	  x2:0xb3a6b000  x0:0x00000000
        8885000	       887	80002f64	c3254793	xori	x15,x10,-974	 x10:0x7dbc286f x15=0x8243d45d
        8895000	       888	80002f68	4e93cc13	xori	x24,x7,1257	  x7:0xfffffff7 x24=0xfffffb1e
        8905000	       889	80002f6c	41b9db13	srai	x22,x19,0x1b	 x19:0xfffff000 x22=0xffffffff
        8915000	       890	80002f70	40fc5693	srai	x13,x24,0xf	 x24:0xfffffb1e x13=0xffffffff
        8925000	       891	80002f74	03e3d263	bge	x7,x30,80002f98	  x7:0xfffffff7 x30:0xff68eaf9
        8935000	       892	00000000	00000013	addi	x0,x0,0	  x0:0x00000000
        8945000	       893	80002f94	00000013	addi	x0,x0,0	  x0:0x00000000
        8955000	       894	80002f98	001e6263	bltu	x28,x1,80002f9c	 x28:0x80009fc4  x1:0x80002f28
        8965000	       895	80002f9c	01e675b3	and	x11,x12,x30	 x12:0x0002090f x30:0xff68eaf9 x11=0x00000809
        8975000	       896	80002fa0	0044a083	lw	x1,4(x9)	  x9:0x80009f64  x1=0x80000510 PA:0x80009f68
        8985000	       897	80002fa4	02048493	addi	x9,x9,32	  x9:0x80009f64  x9=0x80009f84
        8995000	       898	80002fa8	0162d433	srl	x8,x5,x22	  x5:0x80009f9c x22:0xffffffff  x8=0x00000001
        9005000	       899	80002fac	dcbe19b7	lui	x19,0xdcbe1	 x19=0xdcbe1000
        9015000	       900	80002fb0	00000013	addi	x0,x0,0	  x0:0x00000000
        9025000	       901	80002fb4	83a4b993	sltiu	x19,x9,-1990	  x9:0x80009f84 x19=0x00000001
        9035000	       902	80002fb8	416bd993	srai	x19,x23,0x16	 x23:0x00000001 x19=0x00000000
        9045000	       903	80002fbc	00008613	addi	x12,x1,0	  x1:0x80000510 x12=0x80000510
        9055000	       904	80002fc0	00060667	jalr	x12,x12,0	 x12:0x80000510 x12=0x80002fc0
        9065000	       905	00000000	00000013	addi	x0,x0,0	  x0:0x00000000
        9075000	       906	80000510	00000013	addi	x0,x0,0	  x0:0x00000000
        9085000	       907	80000514	410c0fb3	sub	x31,x24,x16	 x24:0xfffffb1e x16:0x3f4ba000 x31=0xc0b45b1e
        9095000	       908	80000518	e73fc113	xori	x2,x31,-397	 x31:0xc0b45b1e  x2=0x3f4ba56d
        9105000	       909	8000051c	007d20b3	slt	x1,x26,x7	 x26:0x00000000  x7:0xfffffff7  x1=0x00000000
        9115000	       910	80000520	ffa00f93	addi	x31,x0,-6	  x0:0x00000000 x31=0xfffffffa
        9125000	       911	80000524	40edd013	srai	x0,x27,0xe	 x27:0x0000052a
        9135000	       912	80000528	4fe5a813	slti	x16,x11,1278	 x11:0x00000809 x16=0x00000000
        9145000	       913	8000052c	015486b3	add	x13,x9,x21	  x9:0x80009f84 x21:0x000005d2 x13=0x8000a556
        9155000	       914	80000530	01200513	addi	x10,x0,18	  x0:0x00000000 x10=0x00000012
        9165000	       915	80000534	007b9e93	slli	x29,x23,0x7	 x23:0x00000001 x29=0x00000080
        9175000	       916	80000538	e740ca93	xori	x21,x1,-396	  x1:0x00000000 x21=0xfffffe74
        9185000	       917	8000053c	eac79b97	auipc	x23,0xeac79	 x23=0x6ac79538
        9195000	       918	80000540	002f8f93	addi	x31,x31,2	 x31:0xfffffffa x31=0xfffffffc
        9205000	       919	80000544	ffe00193	addi	x3,x0,-2	  x0:0x00000000  x3=0xfffffffe
        9215000	       920	80000548	00f00393	addi	x7,x0,15	  x0:0x00000000  x7=0x0000000f
        9225000	       921	8000054c	e9cdf793	andi	x15,x27,-356	 x27:0x0000052a x15=0x00000408
        9235000	       922	80000550	01f5c8b3	xor	x17,x11,x31	 x11:0x00000809 x31:0xfffffffc x17=0xfffff7f5
        9245000	       923	80000554	0164f733	and	x14,x9,x22	  x9:0x80009f84 x22:0xffffffff x14=0x80009f84
        9255000	       924	80000558	01f7d593	srli	x11,x15,0x1f	 x15:0x00000408 x11=0x00000000
        9265000	       925	8000055c	00818193	addi	x3,x3,8	  x3:0xfffffffe  x3=0x00000006
        9275000	       926	80000560	2e587d93	andi	x27,x16,741	 x16:0x00000000 x27=0x00000000
        9285000	       927	80000564	2560ef17	auipc	x30,0x2560e	 x30=0xa560e560
        9295000	       928	80000568	fe71c6e3	blt	x3,x7,80000554	  x3:0x00000006  x7:0x0000000f
        9305000	       929	00000000	00000013	addi	x0,x0,0	  x0:0x00000000
        9315000	       930	80000550	00000013	addi	x0,x0,0	  x0:0x00000000
        9325000	       931	80000554	0164f733	and	x14,x9,x22	  x9:0x80009f84 x22:0xffffffff x14=0x80009f84
        9335000	       932	80000558	01f7d593	srli	x11,x15,0x1f	 x15:0x00000408 x11=0x00000000
        9345000	       933	8000055c	00818193	addi	x3,x3,8	  x3:0x00000006  x3=0x0000000e
        9355000	       934	80000560	2e587d93	andi	x27,x16,741	 x16:0x00000000 x27=0x00000000
        9365000	       935	80000564	2560ef17	auipc	x30,0x2560e	 x30=0xa560e560
        9375000	       936	80000568	fe71c6e3	blt	x3,x7,80000554	  x3:0x0000000e  x7:0x0000000f
        9385000	       937	00000000	00000013	addi	x0,x0,0	  x0:0x00000000
        9395000	       938	80000550	00000013	addi	x0,x0,0	  x0:0x00000000
        9405000	       939	80000554	0164f733	and	x14,x9,x22	  x9:0x80009f84 x22:0xffffffff x14=0x80009f84
        9415000	       940	80000558	01f7d593	srli	x11,x15,0x1f	 x15:0x00000408 x11=0x00000000
        9425000	       941	8000055c	00818193	addi	x3,x3,8	  x3:0x0000000e  x3=0x00000016
        9435000	       942	80000560	2e587d93	andi	x27,x16,741	 x16:0x00000000 x27=0x00000000
        9445000	       943	80000564	2560ef17	auipc	x30,0x2560e	 x30=0xa560e560
        9455000	       944	80000568	fe71c6e3	blt	x3,x7,80000554	  x3:0x00000016  x7:0x0000000f
        9465000	       945	8000056c	00956bb3	or	x23,x10,x9	 x10:0x00000012  x9:0x80009f84 x23=0x80009f96
        9475000	       946	80000570	01606633	or	x12,x0,x22	  x0:0x00000000 x22:0xffffffff x12=0xffffffff
        9485000	       947	80000574	01d15bb3	srl	x23,x2,x29	  x2:0x3f4ba56d x29:0x00000080 x23=0x3f4ba56d
        9495000	       948	80000578	49dba993	slti	x19,x23,1181	 x23:0x3f4ba56d x19=0x00000000
        9505000	       949	8000057c	faafeee3	bltu	x31,x10,80000538	 x31:0xfffffffc x10:0x00000012
        9515000	       950	80000580	d5025b37	lui	x22,0xd5025	 x22=0xd5025000
        9525000	       951	80000584	c0da6d93	ori	x27,x20,-1011	 x20:0x80000898 x27=0xfffffc9d
        9535000	       952	80000588	009bdf93	srli	x31,x23,0x9	 x23:0x3f4ba56d x31=0x001fa5d2
        9545000	       953	8000058c	cdbe2813	slti	x16,x28,-805	 x28:0x80009fc4 x16=0x00000001
        9555000	       954	80000590	010862b3	or	x5,x16,x16	 x16:0x00000001 x16:0x00000001  x5=0x00000001
        9565000	       955	80000594	f91d2393	slti	x7,x26,-111	 x26:0x00000000  x7=0x00000000
        9575000	       956	80000598	00f2e9b3	or	x19,x5,x15	  x5:0x00000001 x15:0x00000408 x19=0x00000409
        9585000	       957	8000059c	00a30263	beq	x6,x10,800005a0	  x6:0x9712be6b x10:0x00000012
        9595000	       958	800005a0	01163cb3	sltu	x25,x12,x17	 x12:0xffffffff x17:0xfffff7f5 x25=0x00000000
        9605000	       959	800005a4	00000317	auipc	x6,0x0	  x6=0x800005a0
        9615000	       960	800005a8	00c30313	addi	x6,x6,12	  x6:0x800005a0  x6=0x800005ac
        9625000	       961	800005ac	00030067	jalr	x0,x6,0	  x6:0x800005ac
        9635000	       962	00000000	00000013	addi	x0,x0,0	  x0:0x00000000
        9645000	       963	800005ac	00000013	addi	x0,x0,0	  x0:0x00000000
        9655000	       964	800005b0	00100193	addi	x3,x0,1	  x0:0x00000000  x3=0x00000001
        9665000	       965	800005b4	00000073	ecall	
        9675000	       966	800005b8	41165a13	srai	x20,x12,0x11	 x12:0xffffffff x20=0xffffffff
