		Time			Cycle	PC		Insn	Decoded instruction	Register and memory contents
          65000	         5	80000004	00000293	addi	x5,x0,0	  x0:0x00000000  x5=0x00000000
          75000	         6	80000008	00000313	addi	x6,x0,0	  x0:0x00000000  x6=0x00000000
          85000	         7	8000000c	00628263	beq	x5,x6,80000010	  x5:0x00000000  x6:0x00000000
          95000	         8	00000000	00000013	addi	x0,x0,0	  x0:0x00000000
         105000	         9	8000000c	00000013	addi	x0,x0,0	  x0:0x00000000
         115000	        10	80000010	00000d17	auipc	x26,0x0	 x26=0x8000000c
         125000	        11	80000014	00cd0d13	addi	x26,x26,12	 x26:0x8000000c x26=0x80000018
         135000	        12	80000018	000d0067	jalr	x0,x26,0	 x26:0x80000018
         145000	        13	00000000	00000013	addi	x0,x0,0	  x0:0x00000000
         155000	        14	80000018	00000013	addi	x0,x0,0	  x0:0x00000000
         165000	        15	8000001c	400008b7	lui	x17,0x40000	 x17=0x40000000
         175000	        16	80000020	10088893	addi	x17,x17,256	 x17:0x40000000 x17=0x40000100
         185000	        17	80000024	00000013	addi	x0,x0,0	  x0:0x00000000
         195000	        18	80000028	0000a817	auipc	x16,0xa	 x16=0x8000a024
         205000	        19	8000002c	fa080813	addi	x16,x16,-96	 x16:0x8000a024 x16=0x80009fc4
         215000	        20	80000030	00003897	auipc	x17,0x3	 x17=0x8000302c
         225000	        21	80000034	fc088893	addi	x17,x17,-64	 x17:0x8000302c x17=0x80002fec
         235000	        22	80000038	0008e893	ori	x17,x17,0	 x17:0x80002fec x17=0x80002fec
         245000	        23	8000003c	00000013	addi	x0,x0,0	  x0:0x00000000
         255000	        24	80000040	00000897	auipc	x17,0x0	 x17=0x8000003c
         265000	        25	80000044	02088893	addi	x17,x17,32	 x17:0x8000003c x17=0x8000005c
         275000	        26	80000048	00000013	addi	x0,x0,0	  x0:0x00000000
         285000	        27	8000004c	00000013	addi	x0,x0,0	  x0:0x00000000
         295000	        28	80000050	000028b7	lui	x17,0x2	 x17=0x00002000
         305000	        29	80000054	80088893	addi	x17,x17,-2048	 x17:0x00002000 x17=0x00001800
         315000	        30	80000058	00000013	addi	x0,x0,0	  x0:0x00000000
         325000	        31	8000005c	00000013	addi	x0,x0,0	  x0:0x00000000
         335000	        32	80000060	f2e4e037	lui	x0,0xf2e4e	
         345000	        33	80000064	44800013	addi	x0,x0,1096	  x0:0x00000000
         355000	        34	80000068	800000b7	lui	x1,0x80000	  x1=0x80000000
         365000	        35	8000006c	00f00113	addi	x2,x0,15	  x0:0x00000000  x2=0x0000000f
         375000	        36	80000070	00400193	addi	x3,x0,4	  x0:0x00000000  x3=0x00000004
         385000	        37	80000074	80000237	lui	x4,0x80000	  x4=0x80000000
         395000	        38	80000078	00000293	addi	x5,x0,0	  x0:0x00000000  x5=0x00000000
         405000	        39	8000007c	00000313	addi	x6,x0,0	  x0:0x00000000  x6=0x00000000
         415000	        40	80000080	f7ac83b7	lui	x7,0xf7ac8	  x7=0xf7ac8000
         425000	        41	80000084	2c438393	addi	x7,x7,708	  x7:0xf7ac8000  x7=0xf7ac82c4
         435000	        42	80000088	00200413	addi	x8,x0,2	  x0:0x00000000  x8=0x00000002
         445000	        43	8000008c	219f24b7	lui	x9,0x219f2	  x9=0x219f2000
         455000	        44	80000090	4ea48493	addi	x9,x9,1258	  x9:0x219f2000  x9=0x219f24ea
         465000	        45	80000094	00600513	addi	x10,x0,6	  x0:0x00000000 x10=0x00000006
         475000	        46	80000098	00000593	addi	x11,x0,0	  x0:0x00000000 x11=0x00000000
         485000	        47	8000009c	00500613	addi	x12,x0,5	  x0:0x00000000 x12=0x00000005
         495000	        48	800000a0	ffa156b7	lui	x13,0xffa15	 x13=0xffa15000
         505000	        49	800000a4	9ff68693	addi	x13,x13,-1537	 x13:0xffa15000 x13=0xffa149ff
         515000	        50	800000a8	2b51c737	lui	x14,0x2b51c	 x14=0x2b51c000
         525000	        51	800000ac	b1d70713	addi	x14,x14,-1251	 x14:0x2b51c000 x14=0x2b51bb1d
         535000	        52	800000b0	f89667b7	lui	x15,0xf8966	 x15=0xf8966000
         545000	        53	800000b4	50b78793	addi	x15,x15,1291	 x15:0xf8966000 x15=0xf896650b
         555000	        54	800000b8	800008b7	lui	x17,0x80000	 x17=0x80000000
         565000	        55	800000bc	80000937	lui	x18,0x80000	 x18=0x80000000
         575000	        56	800000c0	80000a37	lui	x20,0x80000	 x20=0x80000000
         585000	        57	800000c4	00400a93	addi	x21,x0,4	  x0:0x00000000 x21=0x00000004
         595000	        58	800000c8	ab9d5b37	lui	x22,0xab9d5	 x22=0xab9d5000
         605000	        59	800000cc	e11b0b13	addi	x22,x22,-495	 x22:0xab9d5000 x22=0xab9d4e11
         615000	        60	800000d0	80000bb7	lui	x23,0x80000	 x23=0x80000000
         625000	        61	800000d4	abcabc37	lui	x24,0xabcab	 x24=0xabcab000
         635000	        62	800000d8	7ddc0c13	addi	x24,x24,2013	 x24:0xabcab000 x24=0xabcab7dd
         645000	        63	800000dc	00900c93	addi	x25,x0,9	  x0:0x00000000 x25=0x00000009
         655000	        64	800000e0	00000d13	addi	x26,x0,0	  x0:0x00000000 x26=0x00000000
         665000	        65	800000e4	80000db7	lui	x27,0x80000	 x27=0x80000000
         675000	        66	800000e8	00500e13	addi	x28,x0,5	  x0:0x00000000 x28=0x00000005
         685000	        67	800000ec	0f768eb7	lui	x29,0xf768	 x29=0x0f768000
         695000	        68	800000f0	b50e8e93	addi	x29,x29,-1200	 x29:0x0f768000 x29=0x0f767b50
         705000	        69	800000f4	80000f37	lui	x30,0x80000	 x30=0x80000000
         715000	        70	800000f8	80000fb7	lui	x31,0x80000	 x31=0x80000000
         725000	        71	800000fc	0000a997	auipc	x19,0xa	 x19=0x8000a0f8
         735000	        72	80000100	e8c98993	addi	x19,x19,-372	 x19:0x8000a0f8 x19=0x80009f84
         745000	        73	80000104	00a00d93	addi	x27,x0,10	  x0:0x00000000 x27=0x0000000a
         755000	        74	80000108	0075fe33	and	x28,x11,x7	 x11:0x00000000  x7:0xf7ac82c4 x28=0x00000000
         765000	        75	8000010c	fc301297	auipc	x5,0xfc301	  x5=0x7c301108
         775000	        76	80000110	003bc0b3	xor	x1,x23,x3	 x23:0x80000000  x3:0x00000004  x1=0x80000004
         785000	        77	80000114	00a00f13	addi	x30,x0,10	  x0:0x00000000 x30=0x0000000a
         795000	        78	80000118	01eb4bb3	xor	x23,x22,x30	 x22:0xab9d4e11 x30:0x0000000a x23=0xab9d4e1b
         805000	        79	8000011c	75808793	addi	x15,x1,1880	  x1:0x80000004 x15=0x8000075c
         815000	        80	80000120	414fd933	sra	x18,x31,x20	 x31:0x80000000 x20:0x80000000 x18=0x80000000
         825000	        81	80000124	00b51eb3	sll	x29,x10,x11	 x10:0x00000006 x11:0x00000000 x29=0x00000006
         835000	        82	80000128	ff8d8d93	addi	x27,x27,-8	 x27:0x0000000a x27=0x00000002
         845000	        83	8000012c	01489c33	sll	x24,x17,x20	 x17:0x80000000 x20:0x80000000 x24=0x80000000
         855000	        84	80000130	a07c4193	xori	x3,x24,-1529	 x24:0x80000000  x3=0x7ffffa07
         865000	        85	80000134	ffd00593	addi	x11,x0,-3	  x0:0x00000000 x11=0xfffffffd
         875000	        86	80000138	7d6c9497	auipc	x9,0x7d6c9	  x9=0xfd6c9134
         885000	        87	8000013c	00bb96b3	sll	x13,x23,x11	 x23:0xab9d4e1b x11:0xfffffffd x13=0x60000000
         895000	        88	80000140	fee00613	addi	x12,x0,-18	  x0:0x00000000 x12=0xffffffee
         905000	        89	80000144	0056c693	xori	x13,x13,5	 x13:0x60000000 x13=0x60000005
         915000	        90	80000148	75571017	auipc	x0,0x75571	
         925000	        91	8000014c	80c93313	sltiu	x6,x18,-2036	 x18:0x80000000  x6=0x00000001
         935000	        92	80000150	cf8b2093	slti	x1,x22,-776	 x22:0xab9d4e11  x1=0x00000001
         945000	        93	80000154	ffd58593	addi	x11,x11,-3	 x11:0xfffffffd x11=0xfffffffa
         955000	        94	80000158	fec58ae3	beq	x11,x12,8000014c	 x11:0xfffffffa x12:0xffffffee
         965000	        95	8000015c	93b33093	sltiu	x1,x6,-1733	  x6:0x00000001  x1=0x00000001
         975000	        96	80000160	003ccb33	xor	x22,x25,x3	 x25:0x00000009  x3:0x7ffffa07 x22=0x7ffffa0e
         985000	        97	80000164	c517c293	xori	x5,x15,-943	 x15:0x8000075c  x5=0x7ffffb0d
         995000	        98	80000168	01cdd113	srli	x2,x27,0x1c	 x27:0x00000002  x2=0x00000000
        1005000	        99	8000016c	0069df93	srli	x31,x19,0x6	 x19:0x80009f84 x31=0x0200027e
        1015000	       100	80000170	01a8ce33	xor	x28,x17,x26	 x17:0x80000000 x26:0x00000000 x28=0x80000000
        1025000	       101	80000174	0127dc93	srli	x25,x15,0x12	 x15:0x8000075c x25=0x00002000
        1035000	       102	80000178	416e5133	sra	x2,x28,x22	 x28:0x80000000 x22:0x7ffffa0e  x2=0xfffe0000
        1045000	       103	8000017c	fbedf0e3	bgeu	x27,x30,8000011c	 x27:0x00000002 x30:0x0000000a
        1055000	       104	80000180	01ca0133	add	x2,x20,x28	 x20:0x80000000 x28:0x80000000  x2=0x00000000
        1065000	       105	80000184	ff700893	addi	x17,x0,-9	  x0:0x00000000 x17=0xfffffff7
        1075000	       106	80000188	40910eb3	sub	x29,x2,x9	  x2:0x00000000  x9:0xfd6c9134 x29=0x02936ecc
        1085000	       107	8000018c	00600093	addi	x1,x0,6	  x0:0x00000000  x1=0x00000006
        1095000	       108	80000190	01d5db13	srli	x22,x11,0x1d	 x11:0xfffffffa x22=0x00000007
        1105000	       109	80000194	00e1d7b3	srl	x15,x3,x14	  x3:0x7ffffa07 x14:0x2b51bb1d x15=0x00000003
        1115000	       110	80000198	da07fe13	andi	x28,x15,-608	 x15:0x00000003 x28=0x00000000
        1125000	       111	8000019c	00888893	addi	x17,x17,8	 x17:0xfffffff7 x17=0xffffffff
        1135000	       112	800001a0	00000c93	addi	x25,x0,0	  x0:0x00000000 x25=0x00000000
        1145000	       113	800001a4	01b8d033	srl	x0,x17,x27	 x17:0xffffffff x27:0x00000002
        1155000	       114	800001a8	00800513	addi	x10,x0,8	  x0:0x00000000 x10=0x00000008
        1165000	       115	800001ac	011ef433	and	x8,x29,x17	 x29:0x02936ecc x17:0xffffffff  x8=0x02936ecc
        1175000	       116	800001b0	dc3f8313	addi	x6,x31,-573	 x31:0x0200027e  x6=0x02000041
        1185000	       117	800001b4	00ac8c93	addi	x25,x25,10	 x25:0x00000000 x25=0x0000000a
        1195000	       118	800001b8	feaceae3	bltu	x25,x10,800001ac	 x25:0x0000000a x10:0x00000008
        1205000	       119	800001bc	00437fb3	and	x31,x6,x4	  x6:0x02000041  x4:0x80000000 x31=0x00000000
        1215000	       120	800001c0	fc18cce3	blt	x17,x1,80000198	 x17:0xffffffff  x1:0x00000006
        1225000	       121	00000000	00000013	addi	x0,x0,0	  x0:0x00000000
        1235000	       122	80000194	00000013	addi	x0,x0,0	  x0:0x00000000
        1245000	       123	80000198	da07fe13	andi	x28,x15,-608	 x15:0x00000003 x28=0x00000000
        1255000	       124	8000019c	00888893	addi	x17,x17,8	 x17:0xffffffff x17=0x00000007
        1265000	       125	800001a0	00000c93	addi	x25,x0,0	  x0:0x00000000 x25=0x00000000
        1275000	       126	800001a4	01b8d033	srl	x0,x17,x27	 x17:0x00000007 x27:0x00000002
        1285000	       127	800001a8	00800513	addi	x10,x0,8	  x0:0x00000000 x10=0x00000008
        1295000	       128	800001ac	011ef433	and	x8,x29,x17	 x29:0x02936ecc x17:0x00000007  x8=0x00000004
        1305000	       129	800001b0	dc3f8313	addi	x6,x31,-573	 x31:0x00000000  x6=0xfffffdc3
        1315000	       130	800001b4	00ac8c93	addi	x25,x25,10	 x25:0x00000000 x25=0x0000000a
        1325000	       131	800001b8	feaceae3	bltu	x25,x10,800001ac	 x25:0x0000000a x10:0x00000008
        1335000	       132	800001bc	00437fb3	and	x31,x6,x4	  x6:0xfffffdc3  x4:0x80000000 x31=0x80000000
        1345000	       133	800001c0	fc18cce3	blt	x17,x1,80000198	 x17:0x00000007  x1:0x00000006
        1355000	       134	800001c4	01bc5393	srli	x7,x24,0x1b	 x24:0x80000000  x7=0x00000010
        1365000	       135	800001c8	00600313	addi	x6,x0,6	  x0:0x00000000  x6=0x00000006
        1375000	       136	800001cc	001078b3	and	x17,x0,x1	  x0:0x00000000  x1:0x00000006 x17=0x00000000
        1385000	       137	800001d0	00d00e13	addi	x28,x0,13	  x0:0x00000000 x28=0x0000000d
        1395000	       138	800001d4	5dd7eeb7	lui	x29,0x5dd7e	 x29=0x5dd7e000
        1405000	       139	800001d8	00873cb3	sltu	x25,x14,x8	 x14:0x2b51bb1d  x8:0x00000004 x25=0x00000000
        1415000	       140	800001dc	00530313	addi	x6,x6,5	  x6:0x00000006  x6=0x0000000b
        1425000	       141	800001e0	ffb00f13	addi	x30,x0,-5	  x0:0x00000000 x30=0xfffffffb
        1435000	       142	800001e4	01300c13	addi	x24,x0,19	  x0:0x00000000 x24=0x00000013
        1445000	       143	800001e8	dd77b517	auipc	x10,0xdd77b	 x10=0x5d77b1e4
        1455000	       144	800001ec	11410713	addi	x14,x2,276	  x2:0x00000000 x14=0x00000114
        1465000	       145	800001f0	008f0f13	addi	x30,x30,8	 x30:0xfffffffb x30=0x00000003
        1475000	       146	800001f4	006fd593	srli	x11,x31,0x6	 x31:0x80000000 x11=0x02000000
        1485000	       147	800001f8	ff8f1ae3	bne	x30,x24,800001ec	 x30:0x00000003 x24:0x00000013
        1495000	       148	00000000	00000013	addi	x0,x0,0	  x0:0x00000000
        1505000	       149	800001e8	00000013	addi	x0,x0,0	  x0:0x00000000
        1515000	       150	800001ec	11410713	addi	x14,x2,276	  x2:0x00000000 x14=0x00000114
        1525000	       151	800001f0	008f0f13	addi	x30,x30,8	 x30:0x00000003 x30=0x0000000b
        1535000	       152	800001f4	006fd593	srli	x11,x31,0x6	 x31:0x80000000 x11=0x02000000
        1545000	       153	800001f8	ff8f1ae3	bne	x30,x24,800001ec	 x30:0x0000000b x24:0x00000013
        1555000	       154	00000000	00000013	addi	x0,x0,0	  x0:0x00000000
        1565000	       155	800001e8	00000013	addi	x0,x0,0	  x0:0x00000000
        1575000	       156	800001ec	11410713	addi	x14,x2,276	  x2:0x00000000 x14=0x00000114
        1585000	       157	800001f0	008f0f13	addi	x30,x30,8	 x30:0x0000000b x30=0x00000013
        1595000	       158	800001f4	006fd593	srli	x11,x31,0x6	 x31:0x80000000 x11=0x02000000
        1605000	       159	800001f8	ff8f1ae3	bne	x30,x24,800001ec	 x30:0x00000013 x24:0x00000013
        1615000	       160	800001fc	fdc36ce3	bltu	x6,x28,800001d4	  x6:0x0000000b x28:0x0000000d
        1625000	       161	00000000	00000013	addi	x0,x0,0	  x0:0x00000000
        1635000	       162	800001d0	00000013	addi	x0,x0,0	  x0:0x00000000
        1645000	       163	800001d4	5dd7eeb7	lui	x29,0x5dd7e	 x29=0x5dd7e000
        1655000	       164	800001d8	00873cb3	sltu	x25,x14,x8	 x14:0x00000114  x8:0x00000004 x25=0x00000000
        1665000	       165	800001dc	00530313	addi	x6,x6,5	  x6:0x0000000b  x6=0x00000010
        1675000	       166	800001e0	ffb00f13	addi	x30,x0,-5	  x0:0x00000000 x30=0xfffffffb
        1685000	       167	800001e4	01300c13	addi	x24,x0,19	  x0:0x00000000 x24=0x00000013
        1695000	       168	800001e8	dd77b517	auipc	x10,0xdd77b	 x10=0x5d77b1e4
        1705000	       169	800001ec	11410713	addi	x14,x2,276	  x2:0x00000000 x14=0x00000114
        1715000	       170	800001f0	008f0f13	addi	x30,x30,8	 x30:0xfffffffb x30=0x00000003
        1725000	       171	800001f4	006fd593	srli	x11,x31,0x6	 x31:0x80000000 x11=0x02000000
        1735000	       172	800001f8	ff8f1ae3	bne	x30,x24,800001ec	 x30:0x00000003 x24:0x00000013
        1745000	       173	00000000	00000013	addi	x0,x0,0	  x0:0x00000000
        1755000	       174	800001e8	00000013	addi	x0,x0,0	  x0:0x00000000
        1765000	       175	800001ec	11410713	addi	x14,x2,276	  x2:0x00000000 x14=0x00000114
        1775000	       176	800001f0	008f0f13	addi	x30,x30,8	 x30:0x00000003 x30=0x0000000b
        1785000	       177	800001f4	006fd593	srli	x11,x31,0x6	 x31:0x80000000 x11=0x02000000
        1795000	       178	800001f8	ff8f1ae3	bne	x30,x24,800001ec	 x30:0x0000000b x24:0x00000013
        1805000	       179	00000000	00000013	addi	x0,x0,0	  x0:0x00000000
        1815000	       180	800001e8	00000013	addi	x0,x0,0	  x0:0x00000000
        1825000	       181	800001ec	11410713	addi	x14,x2,276	  x2:0x00000000 x14=0x00000114
        1835000	       182	800001f0	008f0f13	addi	x30,x30,8	 x30:0x0000000b x30=0x00000013
        1845000	       183	800001f4	006fd593	srli	x11,x31,0x6	 x31:0x80000000 x11=0x02000000
        1855000	       184	800001f8	ff8f1ae3	bne	x30,x24,800001ec	 x30:0x00000013 x24:0x00000013
        1865000	       185	800001fc	fdc36ce3	bltu	x6,x28,800001d4	  x6:0x00000010 x28:0x0000000d
        1875000	       186	80000200	007c1d93	slli	x27,x24,0x7	 x24:0x00000013 x27=0x00000980
        1885000	       187	80000204	00100393	addi	x7,x0,1	  x0:0x00000000  x7=0x00000001
        1895000	       188	80000208	7563df97	auipc	x31,0x7563d	 x31=0xf563d204
        1905000	       189	8000020c	13ed2417	auipc	x8,0x13ed2	  x8=0x93ed2208
        1915000	       190	80000210	a045f593	andi	x11,x11,-1532	 x11:0x02000000 x11=0x02000000
        1925000	       191	80000214	015a1f13	slli	x30,x20,0x15	 x20:0x80000000 x30=0x00000000
        1935000	       192	80000218	ff000213	addi	x4,x0,-16	  x0:0x00000000  x4=0xfffffff0
        1945000	       193	8000021c	89047e13	andi	x28,x8,-1904	  x8:0x93ed2208 x28=0x93ed2000
        1955000	       194	80000220	41258a33	sub	x20,x11,x18	 x11:0x02000000 x18:0x80000000 x20=0x82000000
        1965000	       195	80000224	01ed9a93	slli	x21,x27,0x1e	 x27:0x00000980 x21=0x00000000
        1975000	       196	80000228	ffe38393	addi	x7,x7,-2	  x7:0x00000001  x7=0xffffffff
        1985000	       197	8000022c	22ef4893	xori	x17,x30,558	 x30:0x00000000 x17=0x0000022e
        1995000	       198	80000230	ffd00c13	addi	x24,x0,-3	  x0:0x00000000 x24=0xfffffffd
        2005000	       199	80000234	00000013	addi	x0,x0,0	  x0:0x00000000
        2015000	       200	80000238	00a5f5b3	and	x11,x11,x10	 x11:0x02000000 x10:0x5d77b1e4 x11=0x00000000
        2025000	       201	8000023c	007e72b3	and	x5,x28,x7	 x28:0x93ed2000  x7:0xffffffff  x5=0x93ed2000
        2035000	       202	80000240	01100613	addi	x12,x0,17	  x0:0x00000000 x12=0x00000011
        2045000	       203	80000244	00b3eeb3	or	x29,x7,x11	  x7:0xffffffff x11:0x00000000 x29=0xffffffff
        2055000	       204	80000248	41d9d533	sra	x10,x19,x29	 x19:0x80009f84 x29:0xffffffff x10=0xffffffff
        2065000	       205	8000024c	c4154693	xori	x13,x10,-959	 x10:0xffffffff x13=0x000003be
        2075000	       206	80000250	e5d54b93	xori	x23,x10,-419	 x10:0xffffffff x23=0x000001a2
        2085000	       207	80000254	bcfda313	slti	x6,x27,-1073	 x27:0x00000980  x6=0x00000000
        2095000	       208	80000258	002bf033	and	x0,x23,x2	 x23:0x000001a2  x2:0x00000000
        2105000	       209	8000025c	00ac0c13	addi	x24,x24,10	 x24:0xfffffffd x24=0x00000007
        2115000	       210	80000260	fecc0ae3	beq	x24,x12,80000254	 x24:0x00000007 x12:0x00000011
        2125000	       211	80000264	00e93033	sltu	x0,x18,x14	 x18:0x80000000 x14:0x00000114
        2135000	       212	80000268	93626e93	ori	x29,x4,-1738	  x4:0xfffffff0 x29=0xfffffff6
        2145000	       213	8000026c	40f18a33	sub	x20,x3,x15	  x3:0x7ffffa07 x15:0x00000003 x20=0x7ffffa04
        2155000	       214	80000270	40d9d8b3	sra	x17,x19,x13	 x19:0x80009f84 x13:0x000003be x17=0xfffffffe
        2165000	       215	80000274	01b44cb3	xor	x25,x8,x27	  x8:0x93ed2208 x27:0x00000980 x25=0x93ed2b88
        2175000	       216	80000278	01240ab3	add	x21,x8,x18	  x8:0x93ed2208 x18:0x80000000 x21=0x13ed2208
        2185000	       217	8000027c	01a302b3	add	x5,x6,x26	  x6:0x00000000 x26:0x00000000  x5=0x00000000
        2195000	       218	80000280	fa43d0e3	bge	x7,x4,80000220	  x7:0xffffffff  x4:0xfffffff0
        2205000	       219	00000000	00000013	addi	x0,x0,0	  x0:0x00000000
        2215000	       220	8000021c	00000013	addi	x0,x0,0	  x0:0x00000000
        2225000	       221	80000220	41258a33	sub	x20,x11,x18	 x11:0x00000000 x18:0x80000000 x20=0x80000000
        2235000	       222	80000224	01ed9a93	slli	x21,x27,0x1e	 x27:0x00000980 x21=0x00000000
        2245000	       223	80000228	ffe38393	addi	x7,x7,-2	  x7:0xffffffff  x7=0xfffffffd
        2255000	       224	8000022c	22ef4893	xori	x17,x30,558	 x30:0x00000000 x17=0x0000022e
        2265000	       225	80000230	ffd00c13	addi	x24,x0,-3	  x0:0x00000000 x24=0xfffffffd
        2275000	       226	80000234	00000013	addi	x0,x0,0	  x0:0x00000000
        2285000	       227	80000238	00a5f5b3	and	x11,x11,x10	 x11:0x00000000 x10:0xffffffff x11=0x00000000
        2295000	       228	8000023c	007e72b3	and	x5,x28,x7	 x28:0x93ed2000  x7:0xfffffffd  x5=0x93ed2000
        2305000	       229	80000240	01100613	addi	x12,x0,17	  x0:0x00000000 x12=0x00000011
        2315000	       230	80000244	00b3eeb3	or	x29,x7,x11	  x7:0xfffffffd x11:0x00000000 x29=0xfffffffd
        2325000	       231	80000248	41d9d533	sra	x10,x19,x29	 x19:0x80009f84 x29:0xfffffffd x10=0xfffffffc
        2335000	       232	8000024c	c4154693	xori	x13,x10,-959	 x10:0xfffffffc x13=0x000003bd
        2345000	       233	80000250	e5d54b93	xori	x23,x10,-419	 x10:0xfffffffc x23=0x000001a1
        2355000	       234	80000254	bcfda313	slti	x6,x27,-1073	 x27:0x00000980  x6=0x00000000
        2365000	       235	80000258	002bf033	and	x0,x23,x2	 x23:0x000001a1  x2:0x00000000
        2375000	       236	8000025c	00ac0c13	addi	x24,x24,10	 x24:0xfffffffd x24=0x00000007
        2385000	       237	80000260	fecc0ae3	beq	x24,x12,80000254	 x24:0x00000007 x12:0x00000011
        2395000	       238	80000264	00e93033	sltu	x0,x18,x14	 x18:0x80000000 x14:0x00000114
        2405000	       239	80000268	93626e93	ori	x29,x4,-1738	  x4:0xfffffff0 x29=0xfffffff6
        2415000	       240	8000026c	40f18a33	sub	x20,x3,x15	  x3:0x7ffffa07 x15:0x00000003 x20=0x7ffffa04
        2425000	       241	80000270	40d9d8b3	sra	x17,x19,x13	 x19:0x80009f84 x13:0x000003bd x17=0xfffffffc
        2435000	       242	80000274	01b44cb3	xor	x25,x8,x27	  x8:0x93ed2208 x27:0x00000980 x25=0x93ed2b88
        2445000	       243	80000278	01240ab3	add	x21,x8,x18	  x8:0x93ed2208 x18:0x80000000 x21=0x13ed2208
        2455000	       244	8000027c	01a302b3	add	x5,x6,x26	  x6:0x00000000 x26:0x00000000  x5=0x00000000
        2465000	       245	80000280	fa43d0e3	bge	x7,x4,80000220	  x7:0xfffffffd  x4:0xfffffff0
        2475000	       246	00000000	00000013	addi	x0,x0,0	  x0:0x00000000
        2485000	       247	8000021c	00000013	addi	x0,x0,0	  x0:0x00000000
        2495000	       248	80000220	41258a33	sub	x20,x11,x18	 x11:0x00000000 x18:0x80000000 x20=0x80000000
        2505000	       249	80000224	01ed9a93	slli	x21,x27,0x1e	 x27:0x00000980 x21=0x00000000
        2515000	       250	80000228	ffe38393	addi	x7,x7,-2	  x7:0xfffffffd  x7=0xfffffffb
        2525000	       251	8000022c	22ef4893	xori	x17,x30,558	 x30:0x00000000 x17=0x0000022e
        2535000	       252	80000230	ffd00c13	addi	x24,x0,-3	  x0:0x00000000 x24=0xfffffffd
        2545000	       253	80000234	00000013	addi	x0,x0,0	  x0:0x00000000
        2555000	       254	80000238	00a5f5b3	and	x11,x11,x10	 x11:0x00000000 x10:0xfffffffc x11=0x00000000
        2565000	       255	8000023c	007e72b3	and	x5,x28,x7	 x28:0x93ed2000  x7:0xfffffffb  x5=0x93ed2000
        2575000	       256	80000240	01100613	addi	x12,x0,17	  x0:0x00000000 x12=0x00000011
        2585000	       257	80000244	00b3eeb3	or	x29,x7,x11	  x7:0xfffffffb x11:0x00000000 x29=0xfffffffb
        2595000	       258	80000248	41d9d533	sra	x10,x19,x29	 x19:0x80009f84 x29:0xfffffffb x10=0xfffffff0
        2605000	       259	8000024c	c4154693	xori	x13,x10,-959	 x10:0xfffffff0 x13=0x000003b1
        2615000	       260	80000250	e5d54b93	xori	x23,x10,-419	 x10:0xfffffff0 x23=0x000001ad
        2625000	       261	80000254	bcfda313	slti	x6,x27,-1073	 x27:0x00000980  x6=0x00000000
        2635000	       262	80000258	002bf033	and	x0,x23,x2	 x23:0x000001ad  x2:0x00000000
        2645000	       263	8000025c	00ac0c13	addi	x24,x24,10	 x24:0xfffffffd x24=0x00000007
        2655000	       264	80000260	fecc0ae3	beq	x24,x12,80000254	 x24:0x00000007 x12:0x00000011
        2665000	       265	80000264	00e93033	sltu	x0,x18,x14	 x18:0x80000000 x14:0x00000114
        2675000	       266	80000268	93626e93	ori	x29,x4,-1738	  x4:0xfffffff0 x29=0xfffffff6
        2685000	       267	8000026c	40f18a33	sub	x20,x3,x15	  x3:0x7ffffa07 x15:0x00000003 x20=0x7ffffa04
        2695000	       268	80000270	40d9d8b3	sra	x17,x19,x13	 x19:0x80009f84 x13:0x000003b1 x17=0xffffc000
        2705000	       269	80000274	01b44cb3	xor	x25,x8,x27	  x8:0x93ed2208 x27:0x00000980 x25=0x93ed2b88
        2715000	       270	80000278	01240ab3	add	x21,x8,x18	  x8:0x93ed2208 x18:0x80000000 x21=0x13ed2208
        2725000	       271	8000027c	01a302b3	add	x5,x6,x26	  x6:0x00000000 x26:0x00000000  x5=0x00000000
        2735000	       272	80000280	fa43d0e3	bge	x7,x4,80000220	  x7:0xfffffffb  x4:0xfffffff0
        2745000	       273	00000000	00000013	addi	x0,x0,0	  x0:0x00000000
        2755000	       274	8000021c	00000013	addi	x0,x0,0	  x0:0x00000000
        2765000	       275	80000220	41258a33	sub	x20,x11,x18	 x11:0x00000000 x18:0x80000000 x20=0x80000000
        2775000	       276	80000224	01ed9a93	slli	x21,x27,0x1e	 x27:0x00000980 x21=0x00000000
        2785000	       277	80000228	ffe38393	addi	x7,x7,-2	  x7:0xfffffffb  x7=0xfffffff9
        2795000	       278	8000022c	22ef4893	xori	x17,x30,558	 x30:0x00000000 x17=0x0000022e
        2805000	       279	80000230	ffd00c13	addi	x24,x0,-3	  x0:0x00000000 x24=0xfffffffd
        2815000	       280	80000234	00000013	addi	x0,x0,0	  x0:0x00000000
        2825000	       281	80000238	00a5f5b3	and	x11,x11,x10	 x11:0x00000000 x10:0xfffffff0 x11=0x00000000
        2835000	       282	8000023c	007e72b3	and	x5,x28,x7	 x28:0x93ed2000  x7:0xfffffff9  x5=0x93ed2000
        2845000	       283	80000240	01100613	addi	x12,x0,17	  x0:0x00000000 x12=0x00000011
        2855000	       284	80000244	00b3eeb3	or	x29,x7,x11	  x7:0xfffffff9 x11:0x00000000 x29=0xfffffff9
        2865000	       285	80000248	41d9d533	sra	x10,x19,x29	 x19:0x80009f84 x29:0xfffffff9 x10=0xffffffc0
        2875000	       286	8000024c	c4154693	xori	x13,x10,-959	 x10:0xffffffc0 x13=0x00000381
        2885000	       287	80000250	e5d54b93	xori	x23,x10,-419	 x10:0xffffffc0 x23=0x0000019d
        2895000	       288	80000254	bcfda313	slti	x6,x27,-1073	 x27:0x00000980  x6=0x00000000
        2905000	       289	80000258	002bf033	and	x0,x23,x2	 x23:0x0000019d  x2:0x00000000
        2915000	       290	8000025c	00ac0c13	addi	x24,x24,10	 x24:0xfffffffd x24=0x00000007
        2925000	       291	80000260	fecc0ae3	beq	x24,x12,80000254	 x24:0x00000007 x12:0x00000011
        2935000	       292	80000264	00e93033	sltu	x0,x18,x14	 x18:0x80000000 x14:0x00000114
        2945000	       293	80000268	93626e93	ori	x29,x4,-1738	  x4:0xfffffff0 x29=0xfffffff6
        2955000	       294	8000026c	40f18a33	sub	x20,x3,x15	  x3:0x7ffffa07 x15:0x00000003 x20=0x7ffffa04
        2965000	       295	80000270	40d9d8b3	sra	x17,x19,x13	 x19:0x80009f84 x13:0x00000381 x17=0xc0004fc2
        2975000	       296	80000274	01b44cb3	xor	x25,x8,x27	  x8:0x93ed2208 x27:0x00000980 x25=0x93ed2b88
        2985000	       297	80000278	01240ab3	add	x21,x8,x18	  x8:0x93ed2208 x18:0x80000000 x21=0x13ed2208
        2995000	       298	8000027c	01a302b3	add	x5,x6,x26	  x6:0x00000000 x26:0x00000000  x5=0x00000000
        3005000	       299	80000280	fa43d0e3	bge	x7,x4,80000220	  x7:0xfffffff9  x4:0xfffffff0
        3015000	       300	00000000	00000013	addi	x0,x0,0	  x0:0x00000000
        3025000	       301	8000021c	00000013	addi	x0,x0,0	  x0:0x00000000
        3035000	       302	80000220	41258a33	sub	x20,x11,x18	 x11:0x00000000 x18:0x80000000 x20=0x80000000
        3045000	       303	80000224	01ed9a93	slli	x21,x27,0x1e	 x27:0x00000980 x21=0x00000000
        3055000	       304	80000228	ffe38393	addi	x7,x7,-2	  x7:0xfffffff9  x7=0xfffffff7
        3065000	       305	8000022c	22ef4893	xori	x17,x30,558	 x30:0x00000000 x17=0x0000022e
        3075000	       306	80000230	ffd00c13	addi	x24,x0,-3	  x0:0x00000000 x24=0xfffffffd
        3085000	       307	80000234	00000013	addi	x0,x0,0	  x0:0x00000000
        3095000	       308	80000238	00a5f5b3	and	x11,x11,x10	 x11:0x00000000 x10:0xffffffc0 x11=0x00000000
        3105000	       309	8000023c	007e72b3	and	x5,x28,x7	 x28:0x93ed2000  x7:0xfffffff7  x5=0x93ed2000
        3115000	       310	80000240	01100613	addi	x12,x0,17	  x0:0x00000000 x12=0x00000011
        3125000	       311	80000244	00b3eeb3	or	x29,x7,x11	  x7:0xfffffff7 x11:0x00000000 x29=0xfffffff7
        3135000	       312	80000248	41d9d533	sra	x10,x19,x29	 x19:0x80009f84 x29:0xfffffff7 x10=0xffffff00
        3145000	       313	8000024c	c4154693	xori	x13,x10,-959	 x10:0xffffff00 x13=0x00000341
        3155000	       314	80000250	e5d54b93	xori	x23,x10,-419	 x10:0xffffff00 x23=0x0000015d
        3165000	       315	80000254	bcfda313	slti	x6,x27,-1073	 x27:0x00000980  x6=0x00000000
        3175000	       316	80000258	002bf033	and	x0,x23,x2	 x23:0x0000015d  x2:0x00000000
        3185000	       317	8000025c	00ac0c13	addi	x24,x24,10	 x24:0xfffffffd x24=0x00000007
        3195000	       318	80000260	fecc0ae3	beq	x24,x12,80000254	 x24:0x00000007 x12:0x00000011
        3205000	       319	80000264	00e93033	sltu	x0,x18,x14	 x18:0x80000000 x14:0x00000114
        3215000	       320	80000268	93626e93	ori	x29,x4,-1738	  x4:0xfffffff0 x29=0xfffffff6
        3225000	       321	8000026c	40f18a33	sub	x20,x3,x15	  x3:0x7ffffa07 x15:0x00000003 x20=0x7ffffa04
        3235000	       322	80000270	40d9d8b3	sra	x17,x19,x13	 x19:0x80009f84 x13:0x00000341 x17=0xc0004fc2
        3245000	       323	80000274	01b44cb3	xor	x25,x8,x27	  x8:0x93ed2208 x27:0x00000980 x25=0x93ed2b88
        3255000	       324	80000278	01240ab3	add	x21,x8,x18	  x8:0x93ed2208 x18:0x80000000 x21=0x13ed2208
        3265000	       325	8000027c	01a302b3	add	x5,x6,x26	  x6:0x00000000 x26:0x00000000  x5=0x00000000
        3275000	       326	80000280	fa43d0e3	bge	x7,x4,80000220	  x7:0xfffffff7  x4:0xfffffff0
        3285000	       327	00000000	00000013	addi	x0,x0,0	  x0:0x00000000
        3295000	       328	8000021c	00000013	addi	x0,x0,0	  x0:0x00000000
        3305000	       329	80000220	41258a33	sub	x20,x11,x18	 x11:0x00000000 x18:0x80000000 x20=0x80000000
        3315000	       330	80000224	01ed9a93	slli	x21,x27,0x1e	 x27:0x00000980 x21=0x00000000
        3325000	       331	80000228	ffe38393	addi	x7,x7,-2	  x7:0xfffffff7  x7=0xfffffff5
        3335000	       332	8000022c	22ef4893	xori	x17,x30,558	 x30:0x00000000 x17=0x0000022e
        3345000	       333	80000230	ffd00c13	addi	x24,x0,-3	  x0:0x00000000 x24=0xfffffffd
        3355000	       334	80000234	00000013	addi	x0,x0,0	  x0:0x00000000
        3365000	       335	80000238	00a5f5b3	and	x11,x11,x10	 x11:0x00000000 x10:0xffffff00 x11=0x00000000
        3375000	       336	8000023c	007e72b3	and	x5,x28,x7	 x28:0x93ed2000  x7:0xfffffff5  x5=0x93ed2000
        3385000	       337	80000240	01100613	addi	x12,x0,17	  x0:0x00000000 x12=0x00000011
        3395000	       338	80000244	00b3eeb3	or	x29,x7,x11	  x7:0xfffffff5 x11:0x00000000 x29=0xfffffff5
        3405000	       339	80000248	41d9d533	sra	x10,x19,x29	 x19:0x80009f84 x29:0xfffffff5 x10=0xfffffc00
        3415000	       340	8000024c	c4154693	xori	x13,x10,-959	 x10:0xfffffc00 x13=0x00000041
        3425000	       341	80000250	e5d54b93	xori	x23,x10,-419	 x10:0xfffffc00 x23=0x0000025d
        3435000	       342	80000254	bcfda313	slti	x6,x27,-1073	 x27:0x00000980  x6=0x00000000
        3445000	       343	80000258	002bf033	and	x0,x23,x2	 x23:0x0000025d  x2:0x00000000
        3455000	       344	8000025c	00ac0c13	addi	x24,x24,10	 x24:0xfffffffd x24=0x00000007
        3465000	       345	80000260	fecc0ae3	beq	x24,x12,80000254	 x24:0x00000007 x12:0x00000011
        3475000	       346	80000264	00e93033	sltu	x0,x18,x14	 x18:0x80000000 x14:0x00000114
        3485000	       347	80000268	93626e93	ori	x29,x4,-1738	  x4:0xfffffff0 x29=0xfffffff6
        3495000	       348	8000026c	40f18a33	sub	x20,x3,x15	  x3:0x7ffffa07 x15:0x00000003 x20=0x7ffffa04
        3505000	       349	80000270	40d9d8b3	sra	x17,x19,x13	 x19:0x80009f84 x13:0x00000041 x17=0xc0004fc2
        3515000	       350	80000274	01b44cb3	xor	x25,x8,x27	  x8:0x93ed2208 x27:0x00000980 x25=0x93ed2b88
        3525000	       351	80000278	01240ab3	add	x21,x8,x18	  x8:0x93ed2208 x18:0x80000000 x21=0x13ed2208
        3535000	       352	8000027c	01a302b3	add	x5,x6,x26	  x6:0x00000000 x26:0x00000000  x5=0x00000000
        3545000	       353	80000280	fa43d0e3	bge	x7,x4,80000220	  x7:0xfffffff5  x4:0xfffffff0
        3555000	       354	00000000	00000013	addi	x0,x0,0	  x0:0x00000000
        3565000	       355	8000021c	00000013	addi	x0,x0,0	  x0:0x00000000
        3575000	       356	80000220	41258a33	sub	x20,x11,x18	 x11:0x00000000 x18:0x80000000 x20=0x80000000
        3585000	       357	80000224	01ed9a93	slli	x21,x27,0x1e	 x27:0x00000980 x21=0x00000000
        3595000	       358	80000228	ffe38393	addi	x7,x7,-2	  x7:0xfffffff5  x7=0xfffffff3
        3605000	       359	8000022c	22ef4893	xori	x17,x30,558	 x30:0x00000000 x17=0x0000022e
        3615000	       360	80000230	ffd00c13	addi	x24,x0,-3	  x0:0x00000000 x24=0xfffffffd
        3625000	       361	80000234	00000013	addi	x0,x0,0	  x0:0x00000000
        3635000	       362	80000238	00a5f5b3	and	x11,x11,x10	 x11:0x00000000 x10:0xfffffc00 x11=0x00000000
        3645000	       363	8000023c	007e72b3	and	x5,x28,x7	 x28:0x93ed2000  x7:0xfffffff3  x5=0x93ed2000
        3655000	       364	80000240	01100613	addi	x12,x0,17	  x0:0x00000000 x12=0x00000011
        3665000	       365	80000244	00b3eeb3	or	x29,x7,x11	  x7:0xfffffff3 x11:0x00000000 x29=0xfffffff3
        3675000	       366	80000248	41d9d533	sra	x10,x19,x29	 x19:0x80009f84 x29:0xfffffff3 x10=0xfffff000
        3685000	       367	8000024c	c4154693	xori	x13,x10,-959	 x10:0xfffff000 x13=0x00000c41
        3695000	       368	80000250	e5d54b93	xori	x23,x10,-419	 x10:0xfffff000 x23=0x00000e5d
        3705000	       369	80000254	bcfda313	slti	x6,x27,-1073	 x27:0x00000980  x6=0x00000000
        3715000	       370	80000258	002bf033	and	x0,x23,x2	 x23:0x00000e5d  x2:0x00000000
        3725000	       371	8000025c	00ac0c13	addi	x24,x24,10	 x24:0xfffffffd x24=0x00000007
        3735000	       372	80000260	fecc0ae3	beq	x24,x12,80000254	 x24:0x00000007 x12:0x00000011
        3745000	       373	80000264	00e93033	sltu	x0,x18,x14	 x18:0x80000000 x14:0x00000114
        3755000	       374	80000268	93626e93	ori	x29,x4,-1738	  x4:0xfffffff0 x29=0xfffffff6
        3765000	       375	8000026c	40f18a33	sub	x20,x3,x15	  x3:0x7ffffa07 x15:0x00000003 x20=0x7ffffa04
        3775000	       376	80000270	40d9d8b3	sra	x17,x19,x13	 x19:0x80009f84 x13:0x00000c41 x17=0xc0004fc2
        3785000	       377	80000274	01b44cb3	xor	x25,x8,x27	  x8:0x93ed2208 x27:0x00000980 x25=0x93ed2b88
        3795000	       378	80000278	01240ab3	add	x21,x8,x18	  x8:0x93ed2208 x18:0x80000000 x21=0x13ed2208
        3805000	       379	8000027c	01a302b3	add	x5,x6,x26	  x6:0x00000000 x26:0x00000000  x5=0x00000000
        3815000	       380	80000280	fa43d0e3	bge	x7,x4,80000220	  x7:0xfffffff3  x4:0xfffffff0
        3825000	       381	00000000	00000013	addi	x0,x0,0	  x0:0x00000000
        3835000	       382	8000021c	00000013	addi	x0,x0,0	  x0:0x00000000
        3845000	       383	80000220	41258a33	sub	x20,x11,x18	 x11:0x00000000 x18:0x80000000 x20=0x80000000
        3855000	       384	80000224	01ed9a93	slli	x21,x27,0x1e	 x27:0x00000980 x21=0x00000000
        3865000	       385	80000228	ffe38393	addi	x7,x7,-2	  x7:0xfffffff3  x7=0xfffffff1
        3875000	       386	8000022c	22ef4893	xori	x17,x30,558	 x30:0x00000000 x17=0x0000022e
        3885000	       387	80000230	ffd00c13	addi	x24,x0,-3	  x0:0x00000000 x24=0xfffffffd
        3895000	       388	80000234	00000013	addi	x0,x0,0	  x0:0x00000000
        3905000	       389	80000238	00a5f5b3	and	x11,x11,x10	 x11:0x00000000 x10:0xfffff000 x11=0x00000000
        3915000	       390	8000023c	007e72b3	and	x5,x28,x7	 x28:0x93ed2000  x7:0xfffffff1  x5=0x93ed2000
        3925000	       391	80000240	01100613	addi	x12,x0,17	  x0:0x00000000 x12=0x00000011
        3935000	       392	80000244	00b3eeb3	or	x29,x7,x11	  x7:0xfffffff1 x11:0x00000000 x29=0xfffffff1
        3945000	       393	80000248	41d9d533	sra	x10,x19,x29	 x19:0x80009f84 x29:0xfffffff1 x10=0xffffc000
        3955000	       394	8000024c	c4154693	xori	x13,x10,-959	 x10:0xffffc000 x13=0x00003c41
        3965000	       395	80000250	e5d54b93	xori	x23,x10,-419	 x10:0xffffc000 x23=0x00003e5d
        3975000	       396	80000254	bcfda313	slti	x6,x27,-1073	 x27:0x00000980  x6=0x00000000
        3985000	       397	80000258	002bf033	and	x0,x23,x2	 x23:0x00003e5d  x2:0x00000000
        3995000	       398	8000025c	00ac0c13	addi	x24,x24,10	 x24:0xfffffffd x24=0x00000007
        4005000	       399	80000260	fecc0ae3	beq	x24,x12,80000254	 x24:0x00000007 x12:0x00000011
        4015000	       400	80000264	00e93033	sltu	x0,x18,x14	 x18:0x80000000 x14:0x00000114
        4025000	       401	80000268	93626e93	ori	x29,x4,-1738	  x4:0xfffffff0 x29=0xfffffff6
        4035000	       402	8000026c	40f18a33	sub	x20,x3,x15	  x3:0x7ffffa07 x15:0x00000003 x20=0x7ffffa04
        4045000	       403	80000270	40d9d8b3	sra	x17,x19,x13	 x19:0x80009f84 x13:0x00003c41 x17=0xc0004fc2
        4055000	       404	80000274	01b44cb3	xor	x25,x8,x27	  x8:0x93ed2208 x27:0x00000980 x25=0x93ed2b88
        4065000	       405	80000278	01240ab3	add	x21,x8,x18	  x8:0x93ed2208 x18:0x80000000 x21=0x13ed2208
        4075000	       406	8000027c	01a302b3	add	x5,x6,x26	  x6:0x00000000 x26:0x00000000  x5=0x00000000
        4085000	       407	80000280	fa43d0e3	bge	x7,x4,80000220	  x7:0xfffffff1  x4:0xfffffff0
        4095000	       408	00000000	00000013	addi	x0,x0,0	  x0:0x00000000
        4105000	       409	8000021c	00000013	addi	x0,x0,0	  x0:0x00000000
        4115000	       410	80000220	41258a33	sub	x20,x11,x18	 x11:0x00000000 x18:0x80000000 x20=0x80000000
        4125000	       411	80000224	01ed9a93	slli	x21,x27,0x1e	 x27:0x00000980 x21=0x00000000
        4135000	       412	80000228	ffe38393	addi	x7,x7,-2	  x7:0xfffffff1  x7=0xffffffef
        4145000	       413	8000022c	22ef4893	xori	x17,x30,558	 x30:0x00000000 x17=0x0000022e
        4155000	       414	80000230	ffd00c13	addi	x24,x0,-3	  x0:0x00000000 x24=0xfffffffd
        4165000	       415	80000234	00000013	addi	x0,x0,0	  x0:0x00000000
        4175000	       416	80000238	00a5f5b3	and	x11,x11,x10	 x11:0x00000000 x10:0xffffc000 x11=0x00000000
        4185000	       417	8000023c	007e72b3	and	x5,x28,x7	 x28:0x93ed2000  x7:0xffffffef  x5=0x93ed2000
        4195000	       418	80000240	01100613	addi	x12,x0,17	  x0:0x00000000 x12=0x00000011
        4205000	       419	80000244	00b3eeb3	or	x29,x7,x11	  x7:0xffffffef x11:0x00000000 x29=0xffffffef
        4215000	       420	80000248	41d9d533	sra	x10,x19,x29	 x19:0x80009f84 x29:0xffffffef x10=0xffff0001
        4225000	       421	8000024c	c4154693	xori	x13,x10,-959	 x10:0xffff0001 x13=0x0000fc40
        4235000	       422	80000250	e5d54b93	xori	x23,x10,-419	 x10:0xffff0001 x23=0x0000fe5c
        4245000	       423	80000254	bcfda313	slti	x6,x27,-1073	 x27:0x00000980  x6=0x00000000
        4255000	       424	80000258	002bf033	and	x0,x23,x2	 x23:0x0000fe5c  x2:0x00000000
        4265000	       425	8000025c	00ac0c13	addi	x24,x24,10	 x24:0xfffffffd x24=0x00000007
        4275000	       426	80000260	fecc0ae3	beq	x24,x12,80000254	 x24:0x00000007 x12:0x00000011
        4285000	       427	80000264	00e93033	sltu	x0,x18,x14	 x18:0x80000000 x14:0x00000114
        4295000	       428	80000268	93626e93	ori	x29,x4,-1738	  x4:0xfffffff0 x29=0xfffffff6
        4305000	       429	8000026c	40f18a33	sub	x20,x3,x15	  x3:0x7ffffa07 x15:0x00000003 x20=0x7ffffa04
        4315000	       430	80000270	40d9d8b3	sra	x17,x19,x13	 x19:0x80009f84 x13:0x0000fc40 x17=0x80009f84
        4325000	       431	80000274	01b44cb3	xor	x25,x8,x27	  x8:0x93ed2208 x27:0x00000980 x25=0x93ed2b88
        4335000	       432	80000278	01240ab3	add	x21,x8,x18	  x8:0x93ed2208 x18:0x80000000 x21=0x13ed2208
        4345000	       433	8000027c	01a302b3	add	x5,x6,x26	  x6:0x00000000 x26:0x00000000  x5=0x00000000
        4355000	       434	80000280	fa43d0e3	bge	x7,x4,80000220	  x7:0xffffffef  x4:0xfffffff0
        4365000	       435	80000284	00001cb3	sll	x25,x0,x0	  x0:0x00000000  x0:0x00000000 x25=0x00000000
        4375000	       436	80000288	00200f13	addi	x30,x0,2	  x0:0x00000000 x30=0x00000002
        4385000	       437	8000028c	0065d533	srl	x10,x11,x6	 x11:0x00000000  x6:0x00000000 x10=0x00000000
        4395000	       438	80000290	0185d113	srli	x2,x11,0x18	 x11:0x00000000  x2=0x00000000
        4405000	       439	80000294	004f1233	sll	x4,x30,x4	 x30:0x00000002  x4:0xfffffff0  x4=0x00020000
        4415000	       440	80000298	41ffd433	sra	x8,x31,x31	 x31:0xf563d204 x31:0xf563d204  x8=0xff563d20
        4425000	       441	8000029c	ffc00913	addi	x18,x0,-4	  x0:0x00000000 x18=0xfffffffc
        4435000	       442	800002a0	01700033	add	x0,x0,x23	  x0:0x00000000 x23:0x0000fe5c
        4445000	       443	800002a4	01463a33	sltu	x20,x12,x20	 x12:0x00000011 x20:0x7ffffa04 x20=0x00000001
        4455000	       444	800002a8	01628cb3	add	x25,x5,x22	  x5:0x00000000 x22:0x00000007 x25=0x00000007
        4465000	       445	800002ac	f91610b7	lui	x1,0xf9161	  x1=0xf9161000
        4475000	       446	800002b0	005b47b3	xor	x15,x22,x5	 x22:0x00000007  x5:0x00000000 x15=0x00000007
        4485000	       447	800002b4	dc9b7d93	andi	x27,x22,-567	 x22:0x00000007 x27=0x00000001
        4495000	       448	800002b8	ffaf0f13	addi	x30,x30,-6	 x30:0x00000002 x30=0xfffffffc
        4505000	       449	800002bc	4529c293	xori	x5,x19,1106	 x19:0x80009f84  x5=0x80009bd6
        4515000	       450	800002c0	ff2f08e3	beq	x30,x18,800002b0	 x30:0xfffffffc x18:0xfffffffc
        4525000	       451	00000000	00000013	addi	x0,x0,0	  x0:0x00000000
        4535000	       452	800002ac	00000013	addi	x0,x0,0	  x0:0x00000000
        4545000	       453	800002b0	005b47b3	xor	x15,x22,x5	 x22:0x00000007  x5:0x80009bd6 x15=0x80009bd1
        4555000	       454	800002b4	dc9b7d93	andi	x27,x22,-567	 x22:0x00000007 x27=0x00000001
        4565000	       455	800002b8	ffaf0f13	addi	x30,x30,-6	 x30:0xfffffffc x30=0xfffffff6
        4575000	       456	800002bc	4529c293	xori	x5,x19,1106	 x19:0x80009f84  x5=0x80009bd6
        4585000	       457	800002c0	ff2f08e3	beq	x30,x18,800002b0	 x30:0xfffffff6 x18:0xfffffffc
        4595000	       458	800002c4	4073d533	sra	x10,x7,x7	  x7:0xffffffef  x7:0xffffffef x10=0xffffffff
        4605000	       459	800002c8	ffa00593	addi	x11,x0,-6	  x0:0x00000000 x11=0xfffffffa
        4615000	       460	800002cc	412f5bb3	sra	x23,x30,x18	 x30:0xfffffff6 x18:0xfffffffc x23=0xffffffff
        4625000	       461	800002d0	a2af3293	sltiu	x5,x30,-1494	 x30:0xfffffff6  x5=0x00000000
        4635000	       462	800002d4	406b5293	srai	x5,x22,0x6	 x22:0x00000007  x5=0x00000000
        4645000	       463	800002d8	ddbcca13	xori	x20,x25,-549	 x25:0x00000007 x20=0xfffffddc
        4655000	       464	800002dc	2b043213	sltiu	x4,x8,688	  x8:0xff563d20  x4=0x00000000
        4665000	       465	800002e0	b1b78313	addi	x6,x15,-1253	 x15:0x80009bd1  x6=0x800096ec
        4675000	       466	800002e4	00296033	or	x0,x18,x2	 x18:0xfffffffc  x2:0x00000000
        4685000	       467	800002e8	00000013	addi	x0,x0,0	  x0:0x00000000
        4695000	       468	800002ec	fed00613	addi	x12,x0,-19	  x0:0x00000000 x12=0xffffffed
        4705000	       469	800002f0	00ecb0b3	sltu	x1,x25,x14	 x25:0x00000007 x14:0x00000114  x1=0x00000001
        4715000	       470	800002f4	000f52b3	srl	x5,x30,x0	 x30:0xfffffff6  x0:0x00000000  x5=0xfffffff6
        4725000	       471	800002f8	404757b3	sra	x15,x14,x4	 x14:0x00000114  x4:0x00000000 x15=0x00000114
        4735000	       472	800002fc	91292013	slti	x0,x18,-1774	 x18:0xfffffffc
        4745000	       473	80000300	009f9033	sll	x0,x31,x9	 x31:0xf563d204  x9:0xfd6c9134
        4755000	       474	80000304	40555733	sra	x14,x10,x5	 x10:0xffffffff  x5:0xfffffff6 x14=0xffffffff
        4765000	       475	80000308	01cafeb3	and	x29,x21,x28	 x21:0x13ed2208 x28:0x93ed2000 x29=0x13ed2000
        4775000	       476	8000030c	011c5913	srli	x18,x24,0x11	 x24:0x00000007 x18=0x00000000
        4785000	       477	80000310	00f42e33	slt	x28,x8,x15	  x8:0xff563d20 x15:0x00000114 x28=0x00000001
        4795000	       478	80000314	00000013	addi	x0,x0,0	  x0:0x00000000
        4805000	       479	80000318	f9a44e13	xori	x28,x8,-102	  x8:0xff563d20 x28=0x00a9c2ba
        4815000	       480	8000031c	2c5ea313	slti	x6,x29,709	 x29:0x13ed2000  x6=0x00000000
        4825000	       481	80000320	ffe58593	addi	x11,x11,-2	 x11:0xfffffffa x11=0xfffffff8
        4835000	       482	80000324	22057193	andi	x3,x10,544	 x10:0xffffffff  x3=0x00000220
        4845000	       483	80000328	00000013	addi	x0,x0,0	  x0:0x00000000
        4855000	       484	8000032c	41560133	sub	x2,x12,x21	 x12:0xffffffed x21:0x13ed2208  x2=0xec12dde5
        4865000	       485	80000330	4157d1b3	sra	x3,x15,x21	 x15:0x00000114 x21:0x13ed2208  x3=0x00000001
        4875000	       486	80000334	011f5133	srl	x2,x30,x17	 x30:0xfffffff6 x17:0x80009f84  x2=0x0fffffff
        4885000	       487	80000338	fac5dce3	bge	x11,x12,800002f0	 x11:0xfffffff8 x12:0xffffffed
        4895000	       488	00000000	00000013	addi	x0,x0,0	  x0:0x00000000
        4905000	       489	800002ec	00000013	addi	x0,x0,0	  x0:0x00000000
        4915000	       490	800002f0	00ecb0b3	sltu	x1,x25,x14	 x25:0x00000007 x14:0xffffffff  x1=0x00000001
        4925000	       491	800002f4	000f52b3	srl	x5,x30,x0	 x30:0xfffffff6  x0:0x00000000  x5=0xfffffff6
        4935000	       492	800002f8	404757b3	sra	x15,x14,x4	 x14:0xffffffff  x4:0x00000000 x15=0xffffffff
        4945000	       493	800002fc	91292013	slti	x0,x18,-1774	 x18:0x00000000
        4955000	       494	80000300	009f9033	sll	x0,x31,x9	 x31:0xf563d204  x9:0xfd6c9134
        4965000	       495	80000304	40555733	sra	x14,x10,x5	 x10:0xffffffff  x5:0xfffffff6 x14=0xffffffff
        4975000	       496	80000308	01cafeb3	and	x29,x21,x28	 x21:0x13ed2208 x28:0x00a9c2ba x29=0x00a90208
        4985000	       497	8000030c	011c5913	srli	x18,x24,0x11	 x24:0x00000007 x18=0x00000000
        4995000	       498	80000310	00f42e33	slt	x28,x8,x15	  x8:0xff563d20 x15:0xffffffff x28=0x00000001
        5005000	       499	80000314	00000013	addi	x0,x0,0	  x0:0x00000000
        5015000	       500	80000318	f9a44e13	xori	x28,x8,-102	  x8:0xff563d20 x28=0x00a9c2ba
        5025000	       501	8000031c	2c5ea313	slti	x6,x29,709	 x29:0x00a90208  x6=0x00000000
        5035000	       502	80000320	ffe58593	addi	x11,x11,-2	 x11:0xfffffff8 x11=0xfffffff6
        5045000	       503	80000324	22057193	andi	x3,x10,544	 x10:0xffffffff  x3=0x00000220
        5055000	       504	80000328	00000013	addi	x0,x0,0	  x0:0x00000000
        5065000	       505	8000032c	41560133	sub	x2,x12,x21	 x12:0xffffffed x21:0x13ed2208  x2=0xec12dde5
        5075000	       506	80000330	4157d1b3	sra	x3,x15,x21	 x15:0xffffffff x21:0x13ed2208  x3=0xffffffff
        5085000	       507	80000334	011f5133	srl	x2,x30,x17	 x30:0xfffffff6 x17:0x80009f84  x2=0x0fffffff
        5095000	       508	80000338	fac5dce3	bge	x11,x12,800002f0	 x11:0xfffffff6 x12:0xffffffed
        5105000	       509	00000000	00000013	addi	x0,x0,0	  x0:0x00000000
        5115000	       510	800002ec	00000013	addi	x0,x0,0	  x0:0x00000000
        5125000	       511	800002f0	00ecb0b3	sltu	x1,x25,x14	 x25:0x00000007 x14:0xffffffff  x1=0x00000001
        5135000	       512	800002f4	000f52b3	srl	x5,x30,x0	 x30:0xfffffff6  x0:0x00000000  x5=0xfffffff6
        5145000	       513	800002f8	404757b3	sra	x15,x14,x4	 x14:0xffffffff  x4:0x00000000 x15=0xffffffff
        5155000	       514	800002fc	91292013	slti	x0,x18,-1774	 x18:0x00000000
        5165000	       515	80000300	009f9033	sll	x0,x31,x9	 x31:0xf563d204  x9:0xfd6c9134
        5175000	       516	80000304	40555733	sra	x14,x10,x5	 x10:0xffffffff  x5:0xfffffff6 x14=0xffffffff
        5185000	       517	80000308	01cafeb3	and	x29,x21,x28	 x21:0x13ed2208 x28:0x00a9c2ba x29=0x00a90208
        5195000	       518	8000030c	011c5913	srli	x18,x24,0x11	 x24:0x00000007 x18=0x00000000
        5205000	       519	80000310	00f42e33	slt	x28,x8,x15	  x8:0xff563d20 x15:0xffffffff x28=0x00000001
        5215000	       520	80000314	00000013	addi	x0,x0,0	  x0:0x00000000
        5225000	       521	80000318	f9a44e13	xori	x28,x8,-102	  x8:0xff563d20 x28=0x00a9c2ba
        5235000	       522	8000031c	2c5ea313	slti	x6,x29,709	 x29:0x00a90208  x6=0x00000000
        5245000	       523	80000320	ffe58593	addi	x11,x11,-2	 x11:0xfffffff6 x11=0xfffffff4
        5255000	       524	80000324	22057193	andi	x3,x10,544	 x10:0xffffffff  x3=0x00000220
        5265000	       525	80000328	00000013	addi	x0,x0,0	  x0:0x00000000
        5275000	       526	8000032c	41560133	sub	x2,x12,x21	 x12:0xffffffed x21:0x13ed2208  x2=0xec12dde5
        5285000	       527	80000330	4157d1b3	sra	x3,x15,x21	 x15:0xffffffff x21:0x13ed2208  x3=0xffffffff
        5295000	       528	80000334	011f5133	srl	x2,x30,x17	 x30:0xfffffff6 x17:0x80009f84  x2=0x0fffffff
        5305000	       529	80000338	fac5dce3	bge	x11,x12,800002f0	 x11:0xfffffff4 x12:0xffffffed
        5315000	       530	00000000	00000013	addi	x0,x0,0	  x0:0x00000000
        5325000	       531	800002ec	00000013	addi	x0,x0,0	  x0:0x00000000
        5335000	       532	800002f0	00ecb0b3	sltu	x1,x25,x14	 x25:0x00000007 x14:0xffffffff  x1=0x00000001
        5345000	       533	800002f4	000f52b3	srl	x5,x30,x0	 x30:0xfffffff6  x0:0x00000000  x5=0xfffffff6
        5355000	       534	800002f8	404757b3	sra	x15,x14,x4	 x14:0xffffffff  x4:0x00000000 x15=0xffffffff
        5365000	       535	800002fc	91292013	slti	x0,x18,-1774	 x18:0x00000000
        5375000	       536	80000300	009f9033	sll	x0,x31,x9	 x31:0xf563d204  x9:0xfd6c9134
        5385000	       537	80000304	40555733	sra	x14,x10,x5	 x10:0xffffffff  x5:0xfffffff6 x14=0xffffffff
        5395000	       538	80000308	01cafeb3	and	x29,x21,x28	 x21:0x13ed2208 x28:0x00a9c2ba x29=0x00a90208
        5405000	       539	8000030c	011c5913	srli	x18,x24,0x11	 x24:0x00000007 x18=0x00000000
        5415000	       540	80000310	00f42e33	slt	x28,x8,x15	  x8:0xff563d20 x15:0xffffffff x28=0x00000001
        5425000	       541	80000314	00000013	addi	x0,x0,0	  x0:0x00000000
        5435000	       542	80000318	f9a44e13	xori	x28,x8,-102	  x8:0xff563d20 x28=0x00a9c2ba
        5445000	       543	8000031c	2c5ea313	slti	x6,x29,709	 x29:0x00a90208  x6=0x00000000
        5455000	       544	80000320	ffe58593	addi	x11,x11,-2	 x11:0xfffffff4 x11=0xfffffff2
        5465000	       545	80000324	22057193	andi	x3,x10,544	 x10:0xffffffff  x3=0x00000220
        5475000	       546	80000328	00000013	addi	x0,x0,0	  x0:0x00000000
        5485000	       547	8000032c	41560133	sub	x2,x12,x21	 x12:0xffffffed x21:0x13ed2208  x2=0xec12dde5
        5495000	       548	80000330	4157d1b3	sra	x3,x15,x21	 x15:0xffffffff x21:0x13ed2208  x3=0xffffffff
        5505000	       549	80000334	011f5133	srl	x2,x30,x17	 x30:0xfffffff6 x17:0x80009f84  x2=0x0fffffff
        5515000	       550	80000338	fac5dce3	bge	x11,x12,800002f0	 x11:0xfffffff2 x12:0xffffffed
        5525000	       551	00000000	00000013	addi	x0,x0,0	  x0:0x00000000
        5535000	       552	800002ec	00000013	addi	x0,x0,0	  x0:0x00000000
        5545000	       553	800002f0	00ecb0b3	sltu	x1,x25,x14	 x25:0x00000007 x14:0xffffffff  x1=0x00000001
        5555000	       554	800002f4	000f52b3	srl	x5,x30,x0	 x30:0xfffffff6  x0:0x00000000  x5=0xfffffff6
        5565000	       555	800002f8	404757b3	sra	x15,x14,x4	 x14:0xffffffff  x4:0x00000000 x15=0xffffffff
        5575000	       556	800002fc	91292013	slti	x0,x18,-1774	 x18:0x00000000
        5585000	       557	80000300	009f9033	sll	x0,x31,x9	 x31:0xf563d204  x9:0xfd6c9134
        5595000	       558	80000304	40555733	sra	x14,x10,x5	 x10:0xffffffff  x5:0xfffffff6 x14=0xffffffff
        5605000	       559	80000308	01cafeb3	and	x29,x21,x28	 x21:0x13ed2208 x28:0x00a9c2ba x29=0x00a90208
        5615000	       560	8000030c	011c5913	srli	x18,x24,0x11	 x24:0x00000007 x18=0x00000000
        5625000	       561	80000310	00f42e33	slt	x28,x8,x15	  x8:0xff563d20 x15:0xffffffff x28=0x00000001
        5635000	       562	80000314	00000013	addi	x0,x0,0	  x0:0x00000000
        5645000	       563	80000318	f9a44e13	xori	x28,x8,-102	  x8:0xff563d20 x28=0x00a9c2ba
        5655000	       564	8000031c	2c5ea313	slti	x6,x29,709	 x29:0x00a90208  x6=0x00000000
        5665000	       565	80000320	ffe58593	addi	x11,x11,-2	 x11:0xfffffff2 x11=0xfffffff0
        5675000	       566	80000324	22057193	andi	x3,x10,544	 x10:0xffffffff  x3=0x00000220
        5685000	       567	80000328	00000013	addi	x0,x0,0	  x0:0x00000000
        5695000	       568	8000032c	41560133	sub	x2,x12,x21	 x12:0xffffffed x21:0x13ed2208  x2=0xec12dde5
        5705000	       569	80000330	4157d1b3	sra	x3,x15,x21	 x15:0xffffffff x21:0x13ed2208  x3=0xffffffff
        5715000	       570	80000334	011f5133	srl	x2,x30,x17	 x30:0xfffffff6 x17:0x80009f84  x2=0x0fffffff
        5725000	       571	80000338	fac5dce3	bge	x11,x12,800002f0	 x11:0xfffffff0 x12:0xffffffed
        5735000	       572	00000000	00000013	addi	x0,x0,0	  x0:0x00000000
        5745000	       573	800002ec	00000013	addi	x0,x0,0	  x0:0x00000000
        5755000	       574	800002f0	00ecb0b3	sltu	x1,x25,x14	 x25:0x00000007 x14:0xffffffff  x1=0x00000001
        5765000	       575	800002f4	000f52b3	srl	x5,x30,x0	 x30:0xfffffff6  x0:0x00000000  x5=0xfffffff6
        5775000	       576	800002f8	404757b3	sra	x15,x14,x4	 x14:0xffffffff  x4:0x00000000 x15=0xffffffff
        5785000	       577	800002fc	91292013	slti	x0,x18,-1774	 x18:0x00000000
        5795000	       578	80000300	009f9033	sll	x0,x31,x9	 x31:0xf563d204  x9:0xfd6c9134
        5805000	       579	80000304	40555733	sra	x14,x10,x5	 x10:0xffffffff  x5:0xfffffff6 x14=0xffffffff
        5815000	       580	80000308	01cafeb3	and	x29,x21,x28	 x21:0x13ed2208 x28:0x00a9c2ba x29=0x00a90208
        5825000	       581	8000030c	011c5913	srli	x18,x24,0x11	 x24:0x00000007 x18=0x00000000
        5835000	       582	80000310	00f42e33	slt	x28,x8,x15	  x8:0xff563d20 x15:0xffffffff x28=0x00000001
        5845000	       583	80000314	00000013	addi	x0,x0,0	  x0:0x00000000
        5855000	       584	80000318	f9a44e13	xori	x28,x8,-102	  x8:0xff563d20 x28=0x00a9c2ba
        5865000	       585	8000031c	2c5ea313	slti	x6,x29,709	 x29:0x00a90208  x6=0x00000000
        5875000	       586	80000320	ffe58593	addi	x11,x11,-2	 x11:0xfffffff0 x11=0xffffffee
        5885000	       587	80000324	22057193	andi	x3,x10,544	 x10:0xffffffff  x3=0x00000220
        5895000	       588	80000328	00000013	addi	x0,x0,0	  x0:0x00000000
        5905000	       589	8000032c	41560133	sub	x2,x12,x21	 x12:0xffffffed x21:0x13ed2208  x2=0xec12dde5
        5915000	       590	80000330	4157d1b3	sra	x3,x15,x21	 x15:0xffffffff x21:0x13ed2208  x3=0xffffffff
        5925000	       591	80000334	011f5133	srl	x2,x30,x17	 x30:0xfffffff6 x17:0x80009f84  x2=0x0fffffff
        5935000	       592	80000338	fac5dce3	bge	x11,x12,800002f0	 x11:0xffffffee x12:0xffffffed
        5945000	       593	00000000	00000013	addi	x0,x0,0	  x0:0x00000000
        5955000	       594	800002ec	00000013	addi	x0,x0,0	  x0:0x00000000
        5965000	       595	800002f0	00ecb0b3	sltu	x1,x25,x14	 x25:0x00000007 x14:0xffffffff  x1=0x00000001
        5975000	       596	800002f4	000f52b3	srl	x5,x30,x0	 x30:0xfffffff6  x0:0x00000000  x5=0xfffffff6
        5985000	       597	800002f8	404757b3	sra	x15,x14,x4	 x14:0xffffffff  x4:0x00000000 x15=0xffffffff
        5995000	       598	800002fc	91292013	slti	x0,x18,-1774	 x18:0x00000000
        6005000	       599	80000300	009f9033	sll	x0,x31,x9	 x31:0xf563d204  x9:0xfd6c9134
        6015000	       600	80000304	40555733	sra	x14,x10,x5	 x10:0xffffffff  x5:0xfffffff6 x14=0xffffffff
        6025000	       601	80000308	01cafeb3	and	x29,x21,x28	 x21:0x13ed2208 x28:0x00a9c2ba x29=0x00a90208
        6035000	       602	8000030c	011c5913	srli	x18,x24,0x11	 x24:0x00000007 x18=0x00000000
        6045000	       603	80000310	00f42e33	slt	x28,x8,x15	  x8:0xff563d20 x15:0xffffffff x28=0x00000001
        6055000	       604	80000314	00000013	addi	x0,x0,0	  x0:0x00000000
        6065000	       605	80000318	f9a44e13	xori	x28,x8,-102	  x8:0xff563d20 x28=0x00a9c2ba
        6075000	       606	8000031c	2c5ea313	slti	x6,x29,709	 x29:0x00a90208  x6=0x00000000
        6085000	       607	80000320	ffe58593	addi	x11,x11,-2	 x11:0xffffffee x11=0xffffffec
        6095000	       608	80000324	22057193	andi	x3,x10,544	 x10:0xffffffff  x3=0x00000220
        6105000	       609	80000328	00000013	addi	x0,x0,0	  x0:0x00000000
        6115000	       610	8000032c	41560133	sub	x2,x12,x21	 x12:0xffffffed x21:0x13ed2208  x2=0xec12dde5
        6125000	       611	80000330	4157d1b3	sra	x3,x15,x21	 x15:0xffffffff x21:0x13ed2208  x3=0xffffffff
        6135000	       612	80000334	011f5133	srl	x2,x30,x17	 x30:0xfffffff6 x17:0x80009f84  x2=0x0fffffff
        6145000	       613	80000338	fac5dce3	bge	x11,x12,800002f0	 x11:0xffffffec x12:0xffffffed
        6155000	       614	8000033c	01ce3fb3	sltu	x31,x28,x28	 x28:0x00a9c2ba x28:0x00a9c2ba x31=0x00000000
        6165000	       615	80000340	2d94cbb7	lui	x23,0x2d94c	 x23=0x2d94c000
        6175000	       616	80000344	27027293	andi	x5,x4,624	  x4:0x00000000  x5=0x00000000
        6185000	       617	80000348	00000013	addi	x0,x0,0	  x0:0x00000000
        6195000	       618	8000034c	05206863	bltu	x0,x18,8000039c	  x0:0x00000000 x18:0x00000000
        6205000	       619	80000350	7407e693	ori	x13,x15,1856	 x15:0xffffffff x13=0xffffffff
        6215000	       620	80000354	b090ba13	sltiu	x20,x1,-1271	  x1:0x00000001 x20=0x00000001
        6225000	       621	80000358	01098a33	add	x20,x19,x16	 x19:0x80009f84 x16:0x80009fc4 x20=0x00013f48
        6235000	       622	8000035c	00000013	addi	x0,x0,0	  x0:0x00000000
        6245000	       623	80000360	4127dd93	srai	x27,x15,0x12	 x15:0xffffffff x27=0xffffffff
        6255000	       624	80000364	0100e263	bltu	x1,x16,80000368	  x1:0x00000001 x16:0x80009fc4
        6265000	       625	00000000	00000013	addi	x0,x0,0	  x0:0x00000000
        6275000	       626	80000364	00000013	addi	x0,x0,0	  x0:0x00000000
        6285000	       627	80000368	41ed5e33	sra	x28,x26,x30	 x26:0x00000000 x30:0xfffffff6 x28=0x00000000
        6295000	       628	8000036c	ac788a93	addi	x21,x17,-1337	 x17:0x80009f84 x21=0x80009a4b
        6305000	       629	80000370	00000013	addi	x0,x0,0	  x0:0x00000000
        6315000	       630	80000374	033e4463	blt	x28,x19,8000039c	 x28:0x00000000 x19:0x80009f84
        6325000	       631	80000378	017d8bb3	add	x23,x27,x23	 x27:0xffffffff x23:0x2d94c000 x23=0x2d94bfff
        6335000	       632	8000037c	13d9e293	ori	x5,x19,317	 x19:0x80009f84  x5=0x80009fbd
        6345000	       633	80000380	00c1e233	or	x4,x3,x12	  x3:0xffffffff x12:0xffffffed  x4=0xffffffff
        6355000	       634	80000384	640fbc13	sltiu	x24,x31,1600	 x31:0x00000000 x24=0x00000001
        6365000	       635	80000388	01705c13	srli	x24,x0,0x17	  x0:0x00000000 x24=0x00000000
        6375000	       636	8000038c	9c917213	andi	x4,x2,-1591	  x2:0x0fffffff  x4=0x0ffff9c9
        6385000	       637	80000390	ac00f337	lui	x6,0xac00f	  x6=0xac00f000
        6395000	       638	80000394	2b61fd93	andi	x27,x3,694	  x3:0xffffffff x27=0x000002b6
        6405000	       639	80000398	013b57b3	srl	x15,x22,x19	 x22:0x00000007 x19:0x80009f84 x15=0x00000000
        6415000	       640	8000039c	00000013	addi	x0,x0,0	  x0:0x00000000
        6425000	       641	800003a0	01911bb3	sll	x23,x2,x25	  x2:0x0fffffff x25:0x00000007 x23=0xffffff80
        6435000	       642	800003a4	41c48ab3	sub	x21,x9,x28	  x9:0xfd6c9134 x28:0x00000000 x21=0xfd6c9134
        6445000	       643	800003a8	8e870f93	addi	x31,x14,-1816	 x14:0xffffffff x31=0xfffff8e7
        6455000	       644	800003ac	00000013	addi	x0,x0,0	  x0:0x00000000
        6465000	       645	800003b0	00a2e433	or	x8,x5,x10	  x5:0x80009fbd x10:0xffffffff  x8=0xffffffff
        6475000	       646	800003b4	022f9663	bne	x31,x2,800003e0	 x31:0xfffff8e7  x2:0x0fffffff
        6485000	       647	00000000	00000013	addi	x0,x0,0	  x0:0x00000000
        6495000	       648	800003dc	00000013	addi	x0,x0,0	  x0:0x00000000
        6505000	       649	800003e0	010a2933	slt	x18,x20,x16	 x20:0x00013f48 x16:0x80009fc4 x18=0x00000000
        6515000	       650	800003e4	41960133	sub	x2,x12,x25	 x12:0xffffffed x25:0x00000007  x2=0xffffffe6
        6525000	       651	800003e8	031e7c63	bgeu	x28,x17,80000420	 x28:0x00000000 x17:0x80009f84
        6535000	       652	800003ec	01f66463	bltu	x12,x31,800003f4	 x12:0xffffffed x31:0xfffff8e7
        6545000	       653	800003f0	015c1bb3	sll	x23,x24,x21	 x24:0x00000000 x21:0xfd6c9134 x23=0x00000000
        6555000	       654	800003f4	03ea4863	blt	x20,x30,80000424	 x20:0x00013f48 x30:0xfffffff6
        6565000	       655	800003f8	4164d013	srai	x0,x9,0x16	  x9:0xfd6c9134
        6575000	       656	800003fc	011fe263	bltu	x31,x17,80000400	 x31:0xfffff8e7 x17:0x80009f84
        6585000	       657	80000400	010d4633	xor	x12,x26,x16	 x26:0x00000000 x16:0x80009fc4 x12=0x80009fc4
        6595000	       658	80000404	01f557b3	srl	x15,x10,x31	 x10:0xffffffff x31:0xfffff8e7 x15=0x01ffffff
        6605000	       659	80000408	04db4863	blt	x22,x13,80000458	 x22:0x00000007 x13:0xffffffff
        6615000	       660	8000040c	017cf733	and	x14,x25,x23	 x25:0x00000007 x23:0x00000000 x14=0x00000000
        6625000	       661	80000410	00a9f133	and	x2,x19,x10	 x19:0x80009f84 x10:0xffffffff  x2=0x80009f84
        6635000	       662	80000414	6cad3c13	sltiu	x24,x26,1738	 x26:0x00000000 x24=0x00000001
        6645000	       663	80000418	00cf24b3	slt	x9,x30,x12	 x30:0xfffffff6 x12:0x80009fc4  x9=0x00000000
        6655000	       664	8000041c	0121c3b3	xor	x7,x3,x18	  x3:0xffffffff x18:0x00000000  x7=0xffffffff
        6665000	       665	80000420	04358863	beq	x11,x3,80000470	 x11:0xffffffec  x3:0xffffffff
        6675000	       666	80000424	a2752197	auipc	x3,0xa2752	  x3=0x22752420
        6685000	       667	80000428	0116c033	xor	x0,x13,x17	 x13:0xffffffff x17:0x80009f84
        6695000	       668	8000042c	00f4de33	srl	x28,x9,x15	  x9:0x00000000 x15:0x01ffffff x28=0x00000000
        6705000	       669	80000430	0334f863	bgeu	x9,x19,80000460	  x9:0x00000000 x19:0x80009f84
        6715000	       670	80000434	00f7df93	srli	x31,x15,0xf	 x15:0x01ffffff x31=0x000003ff
        6725000	       671	80000438	00250463	beq	x10,x2,80000440	 x10:0xffffffff  x2:0x80009f84
        6735000	       672	8000043c	38147413	andi	x8,x8,897	  x8:0xffffffff  x8=0x00000381
        6745000	       673	80000440	00b2edb3	or	x27,x5,x11	  x5:0x80009fbd x11:0xffffffec x27=0xfffffffd
        6755000	       674	80000444	0000a733	slt	x14,x1,x0	  x1:0x00000001  x0:0x00000000 x14=0x00000000
        6765000	       675	80000448	019e9b33	sll	x22,x29,x25	 x29:0x00a90208 x25:0x00000007 x22=0x54810400
        6775000	       676	8000044c	41fedf93	srai	x31,x29,0x1f	 x29:0x00a90208 x31=0x00000000
        6785000	       677	80000450	02c18c63	beq	x3,x12,80000488	  x3:0x22752420 x12:0x80009fc4
        6795000	       678	80000454	5bac2c93	slti	x25,x24,1466	 x24:0x00000001 x25=0x00000001
        6805000	       679	80000458	00000013	addi	x0,x0,0	  x0:0x00000000
        6815000	       680	8000045c	23858393	addi	x7,x11,568	 x11:0xffffffec  x7=0x00000224
        6825000	       681	80000460	019b6e63	bltu	x22,x25,8000047c	 x22:0x54810400 x25:0x00000001
        6835000	       682	80000464	002abcb3	sltu	x25,x21,x2	 x21:0xfd6c9134  x2:0x80009f84 x25=0x00000000
        6845000	       683	80000468	016b1e33	sll	x28,x22,x22	 x22:0x54810400 x22:0x54810400 x28=0x54810400
        6855000	       684	8000046c	04214463	blt	x2,x2,800004b4	  x2:0x80009f84  x2:0x80009f84
        6865000	       685	80000470	00d59c13	slli	x24,x11,0xd	 x11:0xffffffec x24=0xfffd8000
        6875000	       686	80000474	01362bb3	slt	x23,x12,x19	 x12:0x80009fc4 x19:0x80009f84 x23=0x00000000
        6885000	       687	80000478	019b4ab3	xor	x21,x22,x25	 x22:0x54810400 x25:0x00000000 x21=0x54810400
        6895000	       688	8000047c	010b3033	sltu	x0,x22,x16	 x22:0x54810400 x16:0x80009fc4
        6905000	       689	80000480	fdbcb413	sltiu	x8,x25,-37	 x25:0x00000000  x8=0x00000001
        6915000	       690	80000484	fcb2f413	andi	x8,x5,-53	  x5:0x80009fbd  x8=0x80009f89
        6925000	       691	80000488	01986933	or	x18,x16,x25	 x16:0x80009fc4 x25:0x00000000 x18=0x80009fc4
        6935000	       692	8000048c	70237113	andi	x2,x6,1794	  x6:0xac00f000  x2=0x00000000
        6945000	       693	80000490	009a2933	slt	x18,x20,x9	 x20:0x00013f48  x9:0x00000000 x18=0x00000000
        6955000	       694	80000494	00145593	srli	x11,x8,0x1	  x8:0x80009f89 x11=0x40004fc4
        6965000	       695	80000498	00000013	addi	x0,x0,0	  x0:0x00000000
        6975000	       696	8000049c	f0706893	ori	x17,x0,-249	  x0:0x00000000 x17=0xffffff07
        6985000	       697	800004a0	c8f42f13	slti	x30,x8,-881	  x8:0x80009f89 x30=0x00000001
        6995000	       698	800004a4	01929433	sll	x8,x5,x25	  x5:0x80009fbd x25:0x00000000  x8=0x80009fbd
        7005000	       699	800004a8	8b95c213	xori	x4,x11,-1863	 x11:0x40004fc4  x4=0xbfffb77d
        7015000	       700	800004ac	017e3333	sltu	x6,x28,x23	 x28:0x54810400 x23:0x00000000  x6=0x00000000
        7025000	       701	800004b0	009cbab3	sltu	x21,x25,x9	 x25:0x00000000  x9:0x00000000 x21=0x00000000
        7035000	       702	800004b4	00cd8cb3	add	x25,x27,x12	 x27:0xfffffffd x12:0x80009fc4 x25=0x80009fc1
        7045000	       703	800004b8	00a0a233	slt	x4,x1,x10	  x1:0x00000001 x10:0xffffffff  x4=0x00000000
        7055000	       704	800004bc	016e7263	bgeu	x28,x22,800004c0	 x28:0x54810400 x22:0x54810400
        7065000	       705	00000000	00000013	addi	x0,x0,0	  x0:0x00000000
        7075000	       706	800004bc	00000013	addi	x0,x0,0	  x0:0x00000000
        7085000	       707	800004c0	41b781b3	sub	x3,x15,x27	 x15:0x01ffffff x27:0xfffffffd  x3=0x02000002
        7095000	       708	800004c4	00f61463	bne	x12,x15,800004cc	 x12:0x80009fc4 x15:0x01ffffff
        7105000	       709	00000000	00000013	addi	x0,x0,0	  x0:0x00000000
        7115000	       710	800004c8	00000013	addi	x0,x0,0	  x0:0x00000000
        7125000	       711	800004cc	c87f5d97	auipc	x27,0xc87f5	 x27=0x487f54c8
        7135000	       712	800004d0	02928863	beq	x5,x9,80000500	  x5:0x80009fbd  x9:0x00000000
        7145000	       713	800004d4	0123b633	sltu	x12,x7,x18	  x7:0x00000224 x18:0x00000000 x12=0x00000000
        7155000	       714	800004d8	67693f93	sltiu	x31,x18,1654	 x18:0x00000000 x31=0x00000001
        7165000	       715	800004dc	022bcc63	blt	x23,x2,80000514	 x23:0x00000000  x2:0x00000000
        7175000	       716	800004e0	01c91593	slli	x11,x18,0x1c	 x18:0x00000000 x11=0x00000000
        7185000	       717	800004e4	0457d263	bge	x15,x5,80000528	 x15:0x01ffffff  x5:0x80009fbd
        7195000	       718	00000000	00000013	addi	x0,x0,0	  x0:0x00000000
        7205000	       719	80000524	00000013	addi	x0,x0,0	  x0:0x00000000
        7215000	       720	80000528	1330b097	auipc	x1,0x1330b	  x1=0x9330b524
        7225000	       721	8000052c	416a5113	srai	x2,x20,0x16	 x20:0x00013f48  x2=0x00000000
        7235000	       722	80000530	02e56a63	bltu	x10,x14,80000564	 x10:0xffffffff x14:0x00000000
        7245000	       723	80000534	18e6a513	slti	x10,x13,398	 x13:0xffffffff x10=0x00000001
        7255000	       724	80000538	75a20013	addi	x0,x4,1882	  x4:0x00000000
        7265000	       725	8000053c	027a6493	ori	x9,x20,39	 x20:0x00013f48  x9=0x00013f6f
        7275000	       726	80000540	005fd4b3	srl	x9,x31,x5	 x31:0x00000001  x5:0x80009fbd  x9=0x00000000
        7285000	       727	80000544	02154463	blt	x10,x1,8000056c	 x10:0x00000001  x1:0x9330b524
        7295000	       728	80000548	01a61733	sll	x14,x12,x26	 x12:0x00000000 x26:0x00000000 x14=0x00000000
        7305000	       729	8000054c	01b2e263	bltu	x5,x27,80000550	  x5:0x80009fbd x27:0x487f54c8
        7315000	       730	80000550	182f3b93	sltiu	x23,x30,386	 x30:0x00000001 x23=0x00000001
        7325000	       731	80000554	02fd7c63	bgeu	x26,x15,8000058c	 x26:0x00000000 x15:0x01ffffff
        7335000	       732	80000558	03df5c63	bge	x30,x29,80000590	 x30:0x00000001 x29:0x00a90208
        7345000	       733	8000055c	00671b93	slli	x23,x14,0x6	 x14:0x00000000 x23=0x00000000
        7355000	       734	80000560	015e9613	slli	x12,x29,0x15	 x29:0x00a90208 x12=0x41000000
        7365000	       735	80000564	418d8033	sub	x0,x27,x24	 x27:0x487f54c8 x24:0xfffd8000
        7375000	       736	80000568	01eb5fb3	srl	x31,x22,x30	 x22:0x54810400 x30:0x00000001 x31=0x2a408200
        7385000	       737	8000056c	01dc1913	slli	x18,x24,0x1d	 x24:0xfffd8000 x18=0x00000000
        7395000	       738	80000570	1be0fb93	andi	x23,x1,446	  x1:0x9330b524 x23=0x00000124
        7405000	       739	80000574	01b90263	beq	x18,x27,80000578	 x18:0x00000000 x27:0x487f54c8
        7415000	       740	80000578	00ad0ab3	add	x21,x26,x10	 x26:0x00000000 x10:0x00000001 x21=0x00000001
        7425000	       741	8000057c	005e87b3	add	x15,x29,x5	 x29:0x00a90208  x5:0x80009fbd x15=0x80a9a1c5
        7435000	       742	80000580	04cbf863	bgeu	x23,x12,800005d0	 x23:0x00000124 x12:0x41000000
        7445000	       743	80000584	18613393	sltiu	x7,x2,390	  x2:0x00000000  x7=0x00000001
        7455000	       744	80000588	615a0a93	addi	x21,x20,1557	 x20:0x00013f48 x21=0x0001455d
        7465000	       745	8000058c	01e91613	slli	x12,x18,0x1e	 x18:0x00000000 x12=0x00000000
        7475000	       746	80000590	01dd94b3	sll	x9,x27,x29	 x27:0x487f54c8 x29:0x00a90208  x9=0x7f54c800
        7485000	       747	80000594	ad4ec593	xori	x11,x29,-1324	 x29:0x00a90208 x11=0xff56f8dc
        7495000	       748	80000598	8b42aa93	slti	x21,x5,-1868	  x5:0x80009fbd x21=0x00000001
        7505000	       749	8000059c	00038933	add	x18,x7,x0	  x7:0x00000001  x0:0x00000000 x18=0x00000001
        7515000	       750	800005a0	00205263	bge	x0,x2,800005a4	  x0:0x00000000  x2:0x00000000
        7525000	       751	00000000	00000013	addi	x0,x0,0	  x0:0x00000000
        7535000	       752	800005a0	00000013	addi	x0,x0,0	  x0:0x00000000
        7545000	       753	800005a4	015653b3	srl	x7,x12,x21	 x12:0x00000000 x21:0x00000001  x7=0x00000000
        7555000	       754	800005a8	ec442db7	lui	x27,0xec442	 x27=0xec442000
        7565000	       755	800005ac	830245b7	lui	x11,0x83024	 x11=0x83024000
        7575000	       756	800005b0	00353233	sltu	x4,x10,x3	 x10:0x00000001  x3:0x02000002  x4=0x00000001
        7585000	       757	800005b4	009eecb3	or	x25,x29,x9	 x29:0x00a90208  x9:0x7f54c800 x25=0x7ffdca08
        7595000	       758	800005b8	03425863	bge	x4,x20,800005e8	  x4:0x00000001 x20:0x00013f48
        7605000	       759	800005bc	f0f40713	addi	x14,x8,-241	  x8:0x80009fbd x14=0x80009ecc
        7615000	       760	800005c0	01a21513	slli	x10,x4,0x1a	  x4:0x00000001 x10=0x04000000
        7625000	       761	800005c4	dfbae913	ori	x18,x21,-517	 x21:0x00000001 x18=0xfffffdfb
        7635000	       762	800005c8	87420913	addi	x18,x4,-1932	  x4:0x00000001 x18=0xfffff875
        7645000	       763	800005cc	40eadf13	srai	x30,x21,0xe	 x21:0x00000001 x30=0x00000000
        7655000	       764	800005d0	41e2d8b3	sra	x17,x5,x30	  x5:0x80009fbd x30:0x00000000 x17=0x80009fbd
        7665000	       765	800005d4	00000013	addi	x0,x0,0	  x0:0x00000000
        7675000	       766	800005d8	024a8c63	beq	x21,x4,80000610	 x21:0x00000001  x4:0x00000001
        7685000	       767	00000000	00000013	addi	x0,x0,0	  x0:0x00000000
        7695000	       768	8000060c	00000013	addi	x0,x0,0	  x0:0x00000000
        7705000	       769	80000610	030c0663	beq	x24,x16,8000063c	 x24:0xfffd8000 x16:0x80009fc4
        7715000	       770	80000614	5a4c8613	addi	x12,x25,1444	 x25:0x7ffdca08 x12=0x7ffdcfac
        7725000	       771	80000618	40c2df13	srai	x30,x5,0xc	  x5:0x80009fbd x30=0xfff80009
        7735000	       772	8000061c	40945593	srai	x11,x8,0x9	  x8:0x80009fbd x11=0xffc0004f
        7745000	       773	80000620	5e6b8613	addi	x12,x23,1510	 x23:0x00000124 x12=0x0000070a
        7755000	       774	80000624	00035513	srli	x10,x6,0x0	  x6:0x00000000 x10=0x00000000
        7765000	       775	80000628	0b49f713	andi	x14,x19,180	 x19:0x80009f84 x14=0x00000084
        7775000	       776	8000062c	01b39297	auipc	x5,0x1b39	  x5=0x81b39628
        7785000	       777	80000630	00c9e463	bltu	x19,x12,80000638	 x19:0x80009f84 x12:0x0000070a
        7795000	       778	80000634	df91e037	lui	x0,0xdf91e	
        7805000	       779	80000638	eab3a593	slti	x11,x7,-341	  x7:0x00000000 x11=0x00000000
        7815000	       780	8000063c	029a4263	blt	x20,x9,80000660	 x20:0x00013f48  x9:0x7f54c800
        7825000	       781	00000000	00000013	addi	x0,x0,0	  x0:0x00000000
        7835000	       782	8000065c	00000013	addi	x0,x0,0	  x0:0x00000000
        7845000	       783	80000660	21462f13	slti	x30,x12,532	 x12:0x0000070a x30=0x00000000
        7855000	       784	80000664	01a96533	or	x10,x18,x26	 x18:0xfffff875 x26:0x00000000 x10=0xfffff875
        7865000	       785	80000668	006f5263	bge	x30,x6,8000066c	 x30:0x00000000  x6:0x00000000
        7875000	       786	00000000	00000013	addi	x0,x0,0	  x0:0x00000000
        7885000	       787	80000668	00000013	addi	x0,x0,0	  x0:0x00000000
        7895000	       788	8000066c	00c855b3	srl	x11,x16,x12	 x16:0x80009fc4 x12:0x0000070a x11=0x00200027
        7905000	       789	80000670	eb16b793	sltiu	x15,x13,-335	 x13:0xffffffff x15=0x00000000
        7915000	       790	80000674	3d757213	andi	x4,x10,983	 x10:0xfffff875  x4=0x00000055
        7925000	       791	80000678	00d98263	beq	x19,x13,8000067c	 x19:0x80009f84 x13:0xffffffff
        7935000	       792	8000067c	0f88f513	andi	x10,x17,248	 x17:0x80009fbd x10=0x000000b8
        7945000	       793	80000680	04e71863	bne	x14,x14,800006d0	 x14:0x00000084 x14:0x00000084
        7955000	       794	80000684	01b01293	slli	x5,x0,0x1b	  x0:0x00000000  x5=0x00000000
        7965000	       795	80000688	045f6463	bltu	x30,x5,800006d0	 x30:0x00000000  x5:0x00000000
        7975000	       796	8000068c	016742b3	xor	x5,x14,x22	 x14:0x00000084 x22:0x54810400  x5=0x54810484
        7985000	       797	80000690	03ddda63	bge	x27,x29,800006c4	 x27:0xec442000 x29:0x00a90208
        7995000	       798	80000694	72d8bb93	sltiu	x23,x17,1837	 x17:0x80009fbd x23=0x00000000
        8005000	       799	80000698	00000013	addi	x0,x0,0	  x0:0x00000000
        8015000	       800	8000069c	01b10433	add	x8,x2,x27	  x2:0x00000000 x27:0xec442000  x8=0xec442000
        8025000	       801	800006a0	40cadb13	srai	x22,x21,0xc	 x21:0x00000001 x22=0x00000000
        8035000	       802	800006a4	0013acb3	slt	x25,x7,x1	  x7:0x00000000  x1:0x9330b524 x25=0x00000000
        8045000	       803	800006a8	9325a093	slti	x1,x11,-1742	 x11:0x00200027  x1=0x00000000
        8055000	       804	800006ac	00c52933	slt	x18,x10,x12	 x10:0x000000b8 x12:0x0000070a x18=0x00000001
        8065000	       805	800006b0	004d4463	blt	x26,x4,800006b8	 x26:0x00000000  x4:0x00000055
        8075000	       806	00000000	00000013	addi	x0,x0,0	  x0:0x00000000
        8085000	       807	800006b4	00000013	addi	x0,x0,0	  x0:0x00000000
        8095000	       808	800006b8	010a6233	or	x4,x20,x16	 x20:0x00013f48 x16:0x80009fc4  x4=0x8001bfcc
        8105000	       809	800006bc	bb762f37	lui	x30,0xbb762	 x30=0xbb762000
        8115000	       810	800006c0	017e9a33	sll	x20,x29,x23	 x29:0x00a90208 x23:0x00000000 x20=0x00a90208
        8125000	       811	800006c4	04775263	bge	x14,x7,80000708	 x14:0x00000084  x7:0x00000000
        8135000	       812	00000000	00000013	addi	x0,x0,0	  x0:0x00000000
        8145000	       813	80000704	00000013	addi	x0,x0,0	  x0:0x00000000
        8155000	       814	80000708	050e6e63	bltu	x28,x16,80000764	 x28:0x54810400 x16:0x80009fc4
        8165000	       815	00000000	00000013	addi	x0,x0,0	  x0:0x00000000
        8175000	       816	80000760	00000013	addi	x0,x0,0	  x0:0x00000000
        8185000	       817	80000764	0261cc63	blt	x3,x6,8000079c	  x3:0x02000002  x6:0x00000000
        8195000	       818	80000768	01d0f733	and	x14,x1,x29	  x1:0x00000000 x29:0x00a90208 x14=0x00000000
        8205000	       819	8000076c	943aab13	slti	x22,x21,-1725	 x21:0x00000001 x22=0x00000000
        8215000	       820	80000770	00a7d593	srli	x11,x15,0xa	 x15:0x00000000 x11=0x00000000
        8225000	       821	80000774	40230633	sub	x12,x6,x2	  x6:0x00000000  x2:0x00000000 x12=0x00000000
        8235000	       822	80000778	01c99493	slli	x9,x19,0x1c	 x19:0x80009f84  x9=0x40000000
        8245000	       823	8000077c	0067c5b3	xor	x11,x15,x6	 x15:0x00000000  x6:0x00000000 x11=0x00000000
        8255000	       824	80000780	017c68b3	or	x17,x24,x23	 x24:0xfffd8000 x23:0x00000000 x17=0xfffd8000
        8265000	       825	80000784	41fb5393	srai	x7,x22,0x1f	 x22:0x00000000  x7=0x00000000
        8275000	       826	80000788	01bd7bb3	and	x23,x26,x27	 x26:0x00000000 x27:0xec442000 x23=0x00000000
        8285000	       827	8000078c	03589c63	bne	x17,x21,800007c4	 x17:0xfffd8000 x21:0x00000001
        8295000	       828	00000000	00000013	addi	x0,x0,0	  x0:0x00000000
        8305000	       829	800007c0	00000013	addi	x0,x0,0	  x0:0x00000000
        8315000	       830	800007c4	015d0463	beq	x26,x21,800007cc	 x26:0x00000000 x21:0x00000001
        8325000	       831	800007c8	402edb13	srai	x22,x29,0x2	 x29:0x00a90208 x22=0x002a4082
        8335000	       832	800007cc	583c3a13	sltiu	x20,x24,1411	 x24:0xfffd8000 x20=0x00000000
        8345000	       833	800007d0	01a55eb3	srl	x29,x10,x26	 x10:0x000000b8 x26:0x00000000 x29=0x000000b8
        8355000	       834	800007d4	05951863	bne	x10,x25,80000824	 x10:0x000000b8 x25:0x00000000
        8365000	       835	00000000	00000013	addi	x0,x0,0	  x0:0x00000000
        8375000	       836	80000820	00000013	addi	x0,x0,0	  x0:0x00000000
        8385000	       837	80000824	0ab81063	bne	x16,x11,800008c4	 x16:0x80009fc4 x11:0x00000000
        8395000	       838	00000000	00000013	addi	x0,x0,0	  x0:0x00000000
        8405000	       839	800008c0	00000013	addi	x0,x0,0	  x0:0x00000000
        8415000	       840	800008c4	09350463	beq	x10,x19,8000094c	 x10:0x000000b8 x19:0x80009f84
        8425000	       841	800008c8	40b8d033	sra	x0,x17,x11	 x17:0xfffd8000 x11:0x00000000
        8435000	       842	800008cc	08386463	bltu	x16,x3,80000954	 x16:0x80009fc4  x3:0x02000002
        8445000	       843	800008d0	412903b3	sub	x7,x18,x18	 x18:0x00000001 x18:0x00000001  x7=0x00000000
        8455000	       844	800008d4	007a9093	slli	x1,x21,0x7	 x21:0x00000001  x1=0x00000080
        8465000	       845	800008d8	07cc4063	blt	x24,x28,80000938	 x24:0xfffd8000 x28:0x54810400
        8475000	       846	00000000	00000013	addi	x0,x0,0	  x0:0x00000000
        8485000	       847	80000934	00000013	addi	x0,x0,0	  x0:0x00000000
        8495000	       848	80000938	ea5dfa93	andi	x21,x27,-347	 x27:0xec442000 x21=0xec442000
        8505000	       849	8000093c	627d3e93	sltiu	x29,x26,1575	 x26:0x00000000 x29=0x00000001
        8515000	       850	80000940	04020463	beq	x4,x0,80000988	  x4:0x8001bfcc  x0:0x00000000
        8525000	       851	80000944	03a34c63	blt	x6,x26,8000097c	  x6:0x00000000 x26:0x00000000
        8535000	       852	80000948	78010393	addi	x7,x2,1920	  x2:0x00000000  x7=0x00000780
        8545000	       853	8000094c	016e1d93	slli	x27,x28,0x16	 x28:0x54810400 x27=0x00000000
        8555000	       854	80000950	074947b7	lui	x15,0x7494	 x15=0x07494000
        8565000	       855	80000954	006cdeb3	srl	x29,x25,x6	 x25:0x00000000  x6:0x00000000 x29=0x00000000
        8575000	       856	80000958	029dc863	blt	x27,x9,80000988	 x27:0x00000000  x9:0x40000000
        8585000	       857	00000000	00000013	addi	x0,x0,0	  x0:0x00000000
        8595000	       858	80000984	00000013	addi	x0,x0,0	  x0:0x00000000
        8605000	       859	80000988	05504263	blt	x0,x21,800009cc	  x0:0x00000000 x21:0xec442000
        8615000	       860	8000098c	4041d8b3	sra	x17,x3,x4	  x3:0x02000002  x4:0x8001bfcc x17=0x00002000
        8625000	       861	80000990	a3172793	slti	x15,x14,-1487	 x14:0x00000000 x15=0x00000000
        8635000	       862	80000994	013c3133	sltu	x2,x24,x19	 x24:0xfffd8000 x19:0x80009f84  x2=0x00000000
        8645000	       863	80000998	01081933	sll	x18,x16,x16	 x16:0x80009fc4 x16:0x80009fc4 x18=0x0009fc40
        8655000	       864	8000099c	0024c633	xor	x12,x9,x2	  x9:0x40000000  x2:0x00000000 x12=0x40000000
        8665000	       865	800009a0	edb7aa13	slti	x20,x15,-293	 x15:0x00000000 x20=0x00000000
        8675000	       866	800009a4	03d7e463	bltu	x15,x29,800009cc	 x15:0x00000000 x29:0x00000000
        8685000	       867	800009a8	41090c33	sub	x24,x18,x16	 x18:0x0009fc40 x16:0x80009fc4 x24=0x80095c7c
        8695000	       868	800009ac	f8d5ab93	slti	x23,x11,-115	 x11:0x00000000 x23=0x00000000
        8705000	       869	800009b0	a74d7e93	andi	x29,x26,-1420	 x26:0x00000000 x29=0x00000000
        8715000	       870	800009b4	ba7df013	andi	x0,x27,-1113	 x27:0x00000000
        8725000	       871	800009b8	00a27e63	bgeu	x4,x10,800009d4	  x4:0x8001bfcc x10:0x000000b8
        8735000	       872	00000000	00000013	addi	x0,x0,0	  x0:0x00000000
        8745000	       873	800009d0	00000013	addi	x0,x0,0	  x0:0x00000000
        8755000	       874	800009d4	c48f0613	addi	x12,x30,-952	 x30:0xbb762000 x12=0xbb761c48
        8765000	       875	800009d8	002c0663	beq	x24,x2,800009e4	 x24:0x80095c7c  x2:0x00000000
        8775000	       876	800009dc	b8178413	addi	x8,x15,-1151	 x15:0x00000000  x8=0xfffffb81
        8785000	       877	800009e0	d8154b93	xori	x23,x10,-639	 x10:0x000000b8 x23=0xfffffd39
        8795000	       878	800009e4	01e31a13	slli	x20,x6,0x1e	  x6:0x00000000 x20=0x00000000
        8805000	       879	800009e8	00000d17	auipc	x26,0x0	 x26=0x800009e4
        8815000	       880	800009ec	00cd0d13	addi	x26,x26,12	 x26:0x800009e4 x26=0x800009f0
        8825000	       881	800009f0	000d0067	jalr	x0,x26,0	 x26:0x800009f0
        8835000	       882	00000000	00000013	addi	x0,x0,0	  x0:0x00000000
        8845000	       883	800009f0	00000013	addi	x0,x0,0	  x0:0x00000000
        8855000	       884	800009f4	00100193	addi	x3,x0,1	  x0:0x00000000  x3=0x00000001
        8865000	       885	800009f8	00000073	ecall	
        8875000	       886	800009fc	00d67863	bgeu	x12,x13,80000a0c	 x12:0xbb761c48 x13:0xffffffff
