		Time			Cycle	PC		Insn	Decoded instruction	Register and memory contents
          65000	         5	80000004	00000293	addi	x5,x0,0	  x0:0x00000000  x5=0x00000000
          75000	         6	80000008	00000313	addi	x6,x0,0	  x0:0x00000000  x6=0x00000000
          85000	         7	8000000c	00628263	beq	x5,x6,80000010	  x5:0x00000000  x6:0x00000000
          95000	         8	00000000	00000013	addi	x0,x0,0	  x0:0x00000000
         105000	         9	8000000c	00000013	addi	x0,x0,0	  x0:0x00000000
         115000	        10	80000010	00000697	auipc	x13,0x0	 x13=0x8000000c
         125000	        11	80000014	00c68693	addi	x13,x13,12	 x13:0x8000000c x13=0x80000018
         135000	        12	80000018	00068067	jalr	x0,x13,0	 x13:0x80000018
         145000	        13	00000000	00000013	addi	x0,x0,0	  x0:0x00000000
         155000	        14	80000018	00000013	addi	x0,x0,0	  x0:0x00000000
         165000	        15	8000001c	40000ab7	lui	x21,0x40000	 x21=0x40000000
         175000	        16	80000020	100a8a93	addi	x21,x21,256	 x21:0x40000000 x21=0x40000100
         185000	        17	80000024	00000013	addi	x0,x0,0	  x0:0x00000000
         195000	        18	80000028	0000a897	auipc	x17,0xa	 x17=0x8000a024
         205000	        19	8000002c	fa088893	addi	x17,x17,-96	 x17:0x8000a024 x17=0x80009fc4
         215000	        20	80000030	00004a97	auipc	x21,0x4	 x21=0x8000402c
         225000	        21	80000034	984a8a93	addi	x21,x21,-1660	 x21:0x8000402c x21=0x800039b0
         235000	        22	80000038	001aea93	ori	x21,x21,1	 x21:0x800039b0 x21=0x800039b1
         245000	        23	8000003c	00000013	addi	x0,x0,0	  x0:0x00000000
         255000	        24	80000040	00000a97	auipc	x21,0x0	 x21=0x8000003c
         265000	        25	80000044	020a8a93	addi	x21,x21,32	 x21:0x8000003c x21=0x8000005c
         275000	        26	80000048	00000013	addi	x0,x0,0	  x0:0x00000000
         285000	        27	8000004c	00000013	addi	x0,x0,0	  x0:0x00000000
         295000	        28	80000050	00002ab7	lui	x21,0x2	 x21=0x00002000
         305000	        29	80000054	800a8a93	addi	x21,x21,-2048	 x21:0x00002000 x21=0x00001800
         315000	        30	80000058	00000013	addi	x0,x0,0	  x0:0x00000000
         325000	        31	8000005c	00000013	addi	x0,x0,0	  x0:0x00000000
         335000	        32	80000060	cd4b5037	lui	x0,0xcd4b5	
         345000	        33	80000064	96900013	addi	x0,x0,-1687	  x0:0x00000000
         355000	        34	80000068	00000093	addi	x1,x0,0	  x0:0x00000000  x1=0x00000000
         365000	        35	8000006c	800001b7	lui	x3,0x80000	  x3=0x80000000
         375000	        36	80000070	7bfe2237	lui	x4,0x7bfe2	  x4=0x7bfe2000
         385000	        37	80000074	ffe20213	addi	x4,x4,-2	  x4:0x7bfe2000  x4=0x7bfe1ffe
         395000	        38	80000078	f51c42b7	lui	x5,0xf51c4	  x5=0xf51c4000
         405000	        39	8000007c	65a28293	addi	x5,x5,1626	  x5:0xf51c4000  x5=0xf51c465a
         415000	        40	80000080	02ba6337	lui	x6,0x2ba6	  x6=0x02ba6000
         425000	        41	80000084	56030313	addi	x6,x6,1376	  x6:0x02ba6000  x6=0x02ba6560
         435000	        42	80000088	00000393	addi	x7,x0,0	  x0:0x00000000  x7=0x00000000
         445000	        43	8000008c	00700413	addi	x8,x0,7	  x0:0x00000000  x8=0x00000007
         455000	        44	80000090	00a00493	addi	x9,x0,10	  x0:0x00000000  x9=0x0000000a
         465000	        45	80000094	00000513	addi	x10,x0,0	  x0:0x00000000 x10=0x00000000
         475000	        46	80000098	800005b7	lui	x11,0x80000	 x11=0x80000000
         485000	        47	8000009c	fdca0637	lui	x12,0xfdca0	 x12=0xfdca0000
         495000	        48	800000a0	b8960613	addi	x12,x12,-1143	 x12:0xfdca0000 x12=0xfdc9fb89
         505000	        49	800000a4	00000693	addi	x13,x0,0	  x0:0x00000000 x13=0x00000000
         515000	        50	800000a8	00000713	addi	x14,x0,0	  x0:0x00000000 x14=0x00000000
         525000	        51	800000ac	00300793	addi	x15,x0,3	  x0:0x00000000 x15=0x00000003
         535000	        52	800000b0	80000837	lui	x16,0x80000	 x16=0x80000000
         545000	        53	800000b4	80000937	lui	x18,0x80000	 x18=0x80000000
         555000	        54	800000b8	f689e9b7	lui	x19,0xf689e	 x19=0xf689e000
         565000	        55	800000bc	50d98993	addi	x19,x19,1293	 x19:0xf689e000 x19=0xf689e50d
         575000	        56	800000c0	f43a8a37	lui	x20,0xf43a8	 x20=0xf43a8000
         585000	        57	800000c4	b23a0a13	addi	x20,x20,-1245	 x20:0xf43a8000 x20=0xf43a7b23
         595000	        58	800000c8	9420bab7	lui	x21,0x9420b	 x21=0x9420b000
         605000	        59	800000cc	503a8a93	addi	x21,x21,1283	 x21:0x9420b000 x21=0x9420b503
         615000	        60	800000d0	00500b13	addi	x22,x0,5	  x0:0x00000000 x22=0x00000005
         625000	        61	800000d4	fdb69bb7	lui	x23,0xfdb69	 x23=0xfdb69000
         635000	        62	800000d8	d69b8b93	addi	x23,x23,-663	 x23:0xfdb69000 x23=0xfdb68d69
         645000	        63	800000dc	80000c37	lui	x24,0x80000	 x24=0x80000000
         655000	        64	800000e0	fe4a9cb7	lui	x25,0xfe4a9	 x25=0xfe4a9000
         665000	        65	800000e4	2fdc8c93	addi	x25,x25,765	 x25:0xfe4a9000 x25=0xfe4a92fd
         675000	        66	800000e8	d3ef9d37	lui	x26,0xd3ef9	 x26=0xd3ef9000
         685000	        67	800000ec	505d0d13	addi	x26,x26,1285	 x26:0xd3ef9000 x26=0xd3ef9505
         695000	        68	800000f0	d34f9db7	lui	x27,0xd34f9	 x27=0xd34f9000
         705000	        69	800000f4	be4d8d93	addi	x27,x27,-1052	 x27:0xd34f9000 x27=0xd34f8be4
         715000	        70	800000f8	c3278e37	lui	x28,0xc3278	 x28=0xc3278000
         725000	        71	800000fc	635e0e13	addi	x28,x28,1589	 x28:0xc3278000 x28=0xc3278635
         735000	        72	80000100	04e59eb7	lui	x29,0x4e59	 x29=0x04e59000
         745000	        73	80000104	be5e8e93	addi	x29,x29,-1051	 x29:0x04e59000 x29=0x04e58be5
         755000	        74	80000108	80000f37	lui	x30,0x80000	 x30=0x80000000
         765000	        75	8000010c	80000fb7	lui	x31,0x80000	 x31=0x80000000
         775000	        76	80000110	0000a117	auipc	x2,0xa	  x2=0x8000a10c
         785000	        77	80000114	e7810113	addi	x2,x2,-392	  x2:0x8000a10c  x2=0x80009f84
         795000	        78	80000118	3db5fa13	andi	x20,x11,987	 x11:0x80000000 x20=0x00000000
         805000	        79	8000011c	715aa813	slti	x16,x21,1813	 x21:0x9420b503 x16=0x00000001
         815000	        80	80000120	41ef82b3	sub	x5,x31,x30	 x31:0x80000000 x30:0x80000000  x5=0x00000000
         825000	        81	80000124	008ca433	slt	x8,x25,x8	 x25:0xfe4a92fd  x8:0x00000007  x8=0x00000001
         835000	        82	80000128	00001597	auipc	x11,0x1	 x11=0x80001124
         845000	        83	8000012c	7bc58593	addi	x11,x11,1980	 x11:0x80001124 x11=0x800018e0
         855000	        84	80000130	01cf5ab3	srl	x21,x30,x28	 x30:0x80000000 x28:0xc3278635 x21=0x00000400
         865000	        85	80000134	c9658593	addi	x11,x11,-874	 x11:0x800018e0 x11=0x80001576
         875000	        86	80000138	01c31e13	slli	x28,x6,0x1c	  x6:0x02ba6560 x28=0x00000000
         885000	        87	8000013c	400ed2b3	sra	x5,x29,x0	 x29:0x04e58be5  x0:0x00000000  x5=0x04e58be5
         895000	        88	80000140	00159713	slli	x14,x11,0x1	 x11:0x80001576 x14=0x00002aec
         905000	        89	80000144	711cfc93	andi	x25,x25,1809	 x25:0xfe4a92fd x25=0x00000211
         915000	        90	80000148	36a58467	jalr	x8,x11,874	 x11:0x80001576  x8=0x80000148
         925000	        91	00000000	00000013	addi	x0,x0,0	  x0:0x00000000
         935000	        92	800018e0	00000013	addi	x0,x0,0	  x0:0x00000000
         945000	        93	800018e4	415f5b13	srai	x22,x30,0x15	 x30:0x80000000 x22=0xfffffc00
         955000	        94	800018e8	01ba69b3	or	x19,x20,x27	 x20:0x00000000 x27:0xd34f8be4 x19=0xd34f8be4
         965000	        95	800018ec	00cf3033	sltu	x0,x30,x12	 x30:0x80000000 x12:0xfdc9fb89
         975000	        96	800018f0	014c1193	slli	x3,x24,0x14	 x24:0x80000000  x3=0x00000000
         985000	        97	800018f4	abcb6513	ori	x10,x22,-1348	 x22:0xfffffc00 x10=0xfffffebc
         995000	        98	800018f8	00a8d093	srli	x1,x17,0xa	 x17:0x80009fc4  x1=0x00200027
        1005000	        99	800018fc	fec10113	addi	x2,x2,-20	  x2:0x80009f84  x2=0x80009f70
        1015000	       100	80001900	400383b3	sub	x7,x7,x0	  x7:0x00000000  x0:0x00000000  x7=0x00000000
        1025000	       101	80001904	3a510313	addi	x6,x2,933	  x2:0x80009f70  x6=0x8000a315
        1035000	       102	80001908	00812223	sw	x8,4(x2)	  x2:0x80009f70  x8:0x80000148 PA:0x80009f74
        1045000	       103	8000190c	a734ad37	lui	x26,0xa734a	 x26=0xa734a000
        1055000	       104	80001910	00bac0b3	xor	x1,x21,x11	 x21:0x00000400 x11:0x80001576  x1=0x80001176
        1065000	       105	80001914	00000593	addi	x11,x0,0	  x0:0x00000000 x11=0x00000000
        1075000	       106	80001918	01300413	addi	x8,x0,19	  x0:0x00000000  x8=0x00000013
        1085000	       107	8000191c	419cd9b3	sra	x19,x25,x25	 x25:0x00000211 x25:0x00000211 x19=0x00000000
        1095000	       108	80001920	41e801b3	sub	x3,x16,x30	 x16:0x00000001 x30:0x80000000  x3=0x80000001
        1105000	       109	80001924	9bc31017	auipc	x0,0x9bc31	
        1115000	       110	80001928	01479313	slli	x6,x15,0x14	 x15:0x00000003  x6=0x00300000
        1125000	       111	8000192c	00158593	addi	x11,x11,1	 x11:0x00000000 x11=0x00000001
        1135000	       112	80001930	004a0633	add	x12,x20,x4	 x20:0x00000000  x4:0x7bfe1ffe x12=0x7bfe1ffe
        1145000	       113	80001934	6f92c793	xori	x15,x5,1785	  x5:0x04e58be5 x15=0x04e58d1c
        1155000	       114	80001938	fe85c4e3	blt	x11,x8,80001920	 x11:0x00000001  x8:0x00000013
        1165000	       115	00000000	00000013	addi	x0,x0,0	  x0:0x00000000
        1175000	       116	8000191c	00000013	addi	x0,x0,0	  x0:0x00000000
        1185000	       117	80001920	41e801b3	sub	x3,x16,x30	 x16:0x00000001 x30:0x80000000  x3=0x80000001
        1195000	       118	80001924	9bc31017	auipc	x0,0x9bc31	
        1205000	       119	80001928	01479313	slli	x6,x15,0x14	 x15:0x04e58d1c  x6=0xd1c00000
        1215000	       120	8000192c	00158593	addi	x11,x11,1	 x11:0x00000001 x11=0x00000002
        1225000	       121	80001930	004a0633	add	x12,x20,x4	 x20:0x00000000  x4:0x7bfe1ffe x12=0x7bfe1ffe
        1235000	       122	80001934	6f92c793	xori	x15,x5,1785	  x5:0x04e58be5 x15=0x04e58d1c
        1245000	       123	80001938	fe85c4e3	blt	x11,x8,80001920	 x11:0x00000002  x8:0x00000013
        1255000	       124	00000000	00000013	addi	x0,x0,0	  x0:0x00000000
        1265000	       125	8000191c	00000013	addi	x0,x0,0	  x0:0x00000000
        1275000	       126	80001920	41e801b3	sub	x3,x16,x30	 x16:0x00000001 x30:0x80000000  x3=0x80000001
        1285000	       127	80001924	9bc31017	auipc	x0,0x9bc31	
        1295000	       128	80001928	01479313	slli	x6,x15,0x14	 x15:0x04e58d1c  x6=0xd1c00000
        1305000	       129	8000192c	00158593	addi	x11,x11,1	 x11:0x00000002 x11=0x00000003
        1315000	       130	80001930	004a0633	add	x12,x20,x4	 x20:0x00000000  x4:0x7bfe1ffe x12=0x7bfe1ffe
        1325000	       131	80001934	6f92c793	xori	x15,x5,1785	  x5:0x04e58be5 x15=0x04e58d1c
        1335000	       132	80001938	fe85c4e3	blt	x11,x8,80001920	 x11:0x00000003  x8:0x00000013
        1345000	       133	00000000	00000013	addi	x0,x0,0	  x0:0x00000000
        1355000	       134	8000191c	00000013	addi	x0,x0,0	  x0:0x00000000
        1365000	       135	80001920	41e801b3	sub	x3,x16,x30	 x16:0x00000001 x30:0x80000000  x3=0x80000001
        1375000	       136	80001924	9bc31017	auipc	x0,0x9bc31	
        1385000	       137	80001928	01479313	slli	x6,x15,0x14	 x15:0x04e58d1c  x6=0xd1c00000
        1395000	       138	8000192c	00158593	addi	x11,x11,1	 x11:0x00000003 x11=0x00000004
        1405000	       139	80001930	004a0633	add	x12,x20,x4	 x20:0x00000000  x4:0x7bfe1ffe x12=0x7bfe1ffe
        1415000	       140	80001934	6f92c793	xori	x15,x5,1785	  x5:0x04e58be5 x15=0x04e58d1c
        1425000	       141	80001938	fe85c4e3	blt	x11,x8,80001920	 x11:0x00000004  x8:0x00000013
        1435000	       142	00000000	00000013	addi	x0,x0,0	  x0:0x00000000
        1445000	       143	8000191c	00000013	addi	x0,x0,0	  x0:0x00000000
        1455000	       144	80001920	41e801b3	sub	x3,x16,x30	 x16:0x00000001 x30:0x80000000  x3=0x80000001
        1465000	       145	80001924	9bc31017	auipc	x0,0x9bc31	
        1475000	       146	80001928	01479313	slli	x6,x15,0x14	 x15:0x04e58d1c  x6=0xd1c00000
        1485000	       147	8000192c	00158593	addi	x11,x11,1	 x11:0x00000004 x11=0x00000005
        1495000	       148	80001930	004a0633	add	x12,x20,x4	 x20:0x00000000  x4:0x7bfe1ffe x12=0x7bfe1ffe
        1505000	       149	80001934	6f92c793	xori	x15,x5,1785	  x5:0x04e58be5 x15=0x04e58d1c
        1515000	       150	80001938	fe85c4e3	blt	x11,x8,80001920	 x11:0x00000005  x8:0x00000013
        1525000	       151	00000000	00000013	addi	x0,x0,0	  x0:0x00000000
        1535000	       152	8000191c	00000013	addi	x0,x0,0	  x0:0x00000000
        1545000	       153	80001920	41e801b3	sub	x3,x16,x30	 x16:0x00000001 x30:0x80000000  x3=0x80000001
        1555000	       154	80001924	9bc31017	auipc	x0,0x9bc31	
        1565000	       155	80001928	01479313	slli	x6,x15,0x14	 x15:0x04e58d1c  x6=0xd1c00000
        1575000	       156	8000192c	00158593	addi	x11,x11,1	 x11:0x00000005 x11=0x00000006
        1585000	       157	80001930	004a0633	add	x12,x20,x4	 x20:0x00000000  x4:0x7bfe1ffe x12=0x7bfe1ffe
        1595000	       158	80001934	6f92c793	xori	x15,x5,1785	  x5:0x04e58be5 x15=0x04e58d1c
        1605000	       159	80001938	fe85c4e3	blt	x11,x8,80001920	 x11:0x00000006  x8:0x00000013
        1615000	       160	00000000	00000013	addi	x0,x0,0	  x0:0x00000000
        1625000	       161	8000191c	00000013	addi	x0,x0,0	  x0:0x00000000
        1635000	       162	80001920	41e801b3	sub	x3,x16,x30	 x16:0x00000001 x30:0x80000000  x3=0x80000001
        1645000	       163	80001924	9bc31017	auipc	x0,0x9bc31	
        1655000	       164	80001928	01479313	slli	x6,x15,0x14	 x15:0x04e58d1c  x6=0xd1c00000
        1665000	       165	8000192c	00158593	addi	x11,x11,1	 x11:0x00000006 x11=0x00000007
        1675000	       166	80001930	004a0633	add	x12,x20,x4	 x20:0x00000000  x4:0x7bfe1ffe x12=0x7bfe1ffe
        1685000	       167	80001934	6f92c793	xori	x15,x5,1785	  x5:0x04e58be5 x15=0x04e58d1c
        1695000	       168	80001938	fe85c4e3	blt	x11,x8,80001920	 x11:0x00000007  x8:0x00000013
        1705000	       169	00000000	00000013	addi	x0,x0,0	  x0:0x00000000
        1715000	       170	8000191c	00000013	addi	x0,x0,0	  x0:0x00000000
        1725000	       171	80001920	41e801b3	sub	x3,x16,x30	 x16:0x00000001 x30:0x80000000  x3=0x80000001
        1735000	       172	80001924	9bc31017	auipc	x0,0x9bc31	
        1745000	       173	80001928	01479313	slli	x6,x15,0x14	 x15:0x04e58d1c  x6=0xd1c00000
        1755000	       174	8000192c	00158593	addi	x11,x11,1	 x11:0x00000007 x11=0x00000008
        1765000	       175	80001930	004a0633	add	x12,x20,x4	 x20:0x00000000  x4:0x7bfe1ffe x12=0x7bfe1ffe
        1775000	       176	80001934	6f92c793	xori	x15,x5,1785	  x5:0x04e58be5 x15=0x04e58d1c
        1785000	       177	80001938	fe85c4e3	blt	x11,x8,80001920	 x11:0x00000008  x8:0x00000013
        1795000	       178	00000000	00000013	addi	x0,x0,0	  x0:0x00000000
        1805000	       179	8000191c	00000013	addi	x0,x0,0	  x0:0x00000000
        1815000	       180	80001920	41e801b3	sub	x3,x16,x30	 x16:0x00000001 x30:0x80000000  x3=0x80000001
        1825000	       181	80001924	9bc31017	auipc	x0,0x9bc31	
        1835000	       182	80001928	01479313	slli	x6,x15,0x14	 x15:0x04e58d1c  x6=0xd1c00000
        1845000	       183	8000192c	00158593	addi	x11,x11,1	 x11:0x00000008 x11=0x00000009
        1855000	       184	80001930	004a0633	add	x12,x20,x4	 x20:0x00000000  x4:0x7bfe1ffe x12=0x7bfe1ffe
        1865000	       185	80001934	6f92c793	xori	x15,x5,1785	  x5:0x04e58be5 x15=0x04e58d1c
        1875000	       186	80001938	fe85c4e3	blt	x11,x8,80001920	 x11:0x00000009  x8:0x00000013
        1885000	       187	00000000	00000013	addi	x0,x0,0	  x0:0x00000000
        1895000	       188	8000191c	00000013	addi	x0,x0,0	  x0:0x00000000
        1905000	       189	80001920	41e801b3	sub	x3,x16,x30	 x16:0x00000001 x30:0x80000000  x3=0x80000001
        1915000	       190	80001924	9bc31017	auipc	x0,0x9bc31	
        1925000	       191	80001928	01479313	slli	x6,x15,0x14	 x15:0x04e58d1c  x6=0xd1c00000
        1935000	       192	8000192c	00158593	addi	x11,x11,1	 x11:0x00000009 x11=0x0000000a
        1945000	       193	80001930	004a0633	add	x12,x20,x4	 x20:0x00000000  x4:0x7bfe1ffe x12=0x7bfe1ffe
        1955000	       194	80001934	6f92c793	xori	x15,x5,1785	  x5:0x04e58be5 x15=0x04e58d1c
        1965000	       195	80001938	fe85c4e3	blt	x11,x8,80001920	 x11:0x0000000a  x8:0x00000013
        1975000	       196	00000000	00000013	addi	x0,x0,0	  x0:0x00000000
        1985000	       197	8000191c	00000013	addi	x0,x0,0	  x0:0x00000000
        1995000	       198	80001920	41e801b3	sub	x3,x16,x30	 x16:0x00000001 x30:0x80000000  x3=0x80000001
        2005000	       199	80001924	9bc31017	auipc	x0,0x9bc31	
        2015000	       200	80001928	01479313	slli	x6,x15,0x14	 x15:0x04e58d1c  x6=0xd1c00000
        2025000	       201	8000192c	00158593	addi	x11,x11,1	 x11:0x0000000a x11=0x0000000b
        2035000	       202	80001930	004a0633	add	x12,x20,x4	 x20:0x00000000  x4:0x7bfe1ffe x12=0x7bfe1ffe
        2045000	       203	80001934	6f92c793	xori	x15,x5,1785	  x5:0x04e58be5 x15=0x04e58d1c
        2055000	       204	80001938	fe85c4e3	blt	x11,x8,80001920	 x11:0x0000000b  x8:0x00000013
        2065000	       205	00000000	00000013	addi	x0,x0,0	  x0:0x00000000
        2075000	       206	8000191c	00000013	addi	x0,x0,0	  x0:0x00000000
        2085000	       207	80001920	41e801b3	sub	x3,x16,x30	 x16:0x00000001 x30:0x80000000  x3=0x80000001
        2095000	       208	80001924	9bc31017	auipc	x0,0x9bc31	
        2105000	       209	80001928	01479313	slli	x6,x15,0x14	 x15:0x04e58d1c  x6=0xd1c00000
        2115000	       210	8000192c	00158593	addi	x11,x11,1	 x11:0x0000000b x11=0x0000000c
        2125000	       211	80001930	004a0633	add	x12,x20,x4	 x20:0x00000000  x4:0x7bfe1ffe x12=0x7bfe1ffe
        2135000	       212	80001934	6f92c793	xori	x15,x5,1785	  x5:0x04e58be5 x15=0x04e58d1c
        2145000	       213	80001938	fe85c4e3	blt	x11,x8,80001920	 x11:0x0000000c  x8:0x00000013
        2155000	       214	00000000	00000013	addi	x0,x0,0	  x0:0x00000000
        2165000	       215	8000191c	00000013	addi	x0,x0,0	  x0:0x00000000
        2175000	       216	80001920	41e801b3	sub	x3,x16,x30	 x16:0x00000001 x30:0x80000000  x3=0x80000001
        2185000	       217	80001924	9bc31017	auipc	x0,0x9bc31	
        2195000	       218	80001928	01479313	slli	x6,x15,0x14	 x15:0x04e58d1c  x6=0xd1c00000
        2205000	       219	8000192c	00158593	addi	x11,x11,1	 x11:0x0000000c x11=0x0000000d
        2215000	       220	80001930	004a0633	add	x12,x20,x4	 x20:0x00000000  x4:0x7bfe1ffe x12=0x7bfe1ffe
        2225000	       221	80001934	6f92c793	xori	x15,x5,1785	  x5:0x04e58be5 x15=0x04e58d1c
        2235000	       222	80001938	fe85c4e3	blt	x11,x8,80001920	 x11:0x0000000d  x8:0x00000013
        2245000	       223	00000000	00000013	addi	x0,x0,0	  x0:0x00000000
        2255000	       224	8000191c	00000013	addi	x0,x0,0	  x0:0x00000000
        2265000	       225	80001920	41e801b3	sub	x3,x16,x30	 x16:0x00000001 x30:0x80000000  x3=0x80000001
        2275000	       226	80001924	9bc31017	auipc	x0,0x9bc31	
        2285000	       227	80001928	01479313	slli	x6,x15,0x14	 x15:0x04e58d1c  x6=0xd1c00000
        2295000	       228	8000192c	00158593	addi	x11,x11,1	 x11:0x0000000d x11=0x0000000e
        2305000	       229	80001930	004a0633	add	x12,x20,x4	 x20:0x00000000  x4:0x7bfe1ffe x12=0x7bfe1ffe
        2315000	       230	80001934	6f92c793	xori	x15,x5,1785	  x5:0x04e58be5 x15=0x04e58d1c
        2325000	       231	80001938	fe85c4e3	blt	x11,x8,80001920	 x11:0x0000000e  x8:0x00000013
        2335000	       232	00000000	00000013	addi	x0,x0,0	  x0:0x00000000
        2345000	       233	8000191c	00000013	addi	x0,x0,0	  x0:0x00000000
        2355000	       234	80001920	41e801b3	sub	x3,x16,x30	 x16:0x00000001 x30:0x80000000  x3=0x80000001
        2365000	       235	80001924	9bc31017	auipc	x0,0x9bc31	
        2375000	       236	80001928	01479313	slli	x6,x15,0x14	 x15:0x04e58d1c  x6=0xd1c00000
        2385000	       237	8000192c	00158593	addi	x11,x11,1	 x11:0x0000000e x11=0x0000000f
        2395000	       238	80001930	004a0633	add	x12,x20,x4	 x20:0x00000000  x4:0x7bfe1ffe x12=0x7bfe1ffe
        2405000	       239	80001934	6f92c793	xori	x15,x5,1785	  x5:0x04e58be5 x15=0x04e58d1c
        2415000	       240	80001938	fe85c4e3	blt	x11,x8,80001920	 x11:0x0000000f  x8:0x00000013
        2425000	       241	00000000	00000013	addi	x0,x0,0	  x0:0x00000000
        2435000	       242	8000191c	00000013	addi	x0,x0,0	  x0:0x00000000
        2445000	       243	80001920	41e801b3	sub	x3,x16,x30	 x16:0x00000001 x30:0x80000000  x3=0x80000001
        2455000	       244	80001924	9bc31017	auipc	x0,0x9bc31	
        2465000	       245	80001928	01479313	slli	x6,x15,0x14	 x15:0x04e58d1c  x6=0xd1c00000
        2475000	       246	8000192c	00158593	addi	x11,x11,1	 x11:0x0000000f x11=0x00000010
        2485000	       247	80001930	004a0633	add	x12,x20,x4	 x20:0x00000000  x4:0x7bfe1ffe x12=0x7bfe1ffe
        2495000	       248	80001934	6f92c793	xori	x15,x5,1785	  x5:0x04e58be5 x15=0x04e58d1c
        2505000	       249	80001938	fe85c4e3	blt	x11,x8,80001920	 x11:0x00000010  x8:0x00000013
        2515000	       250	00000000	00000013	addi	x0,x0,0	  x0:0x00000000
        2525000	       251	8000191c	00000013	addi	x0,x0,0	  x0:0x00000000
        2535000	       252	80001920	41e801b3	sub	x3,x16,x30	 x16:0x00000001 x30:0x80000000  x3=0x80000001
        2545000	       253	80001924	9bc31017	auipc	x0,0x9bc31	
        2555000	       254	80001928	01479313	slli	x6,x15,0x14	 x15:0x04e58d1c  x6=0xd1c00000
        2565000	       255	8000192c	00158593	addi	x11,x11,1	 x11:0x00000010 x11=0x00000011
        2575000	       256	80001930	004a0633	add	x12,x20,x4	 x20:0x00000000  x4:0x7bfe1ffe x12=0x7bfe1ffe
        2585000	       257	80001934	6f92c793	xori	x15,x5,1785	  x5:0x04e58be5 x15=0x04e58d1c
        2595000	       258	80001938	fe85c4e3	blt	x11,x8,80001920	 x11:0x00000011  x8:0x00000013
        2605000	       259	00000000	00000013	addi	x0,x0,0	  x0:0x00000000
        2615000	       260	8000191c	00000013	addi	x0,x0,0	  x0:0x00000000
        2625000	       261	80001920	41e801b3	sub	x3,x16,x30	 x16:0x00000001 x30:0x80000000  x3=0x80000001
        2635000	       262	80001924	9bc31017	auipc	x0,0x9bc31	
        2645000	       263	80001928	01479313	slli	x6,x15,0x14	 x15:0x04e58d1c  x6=0xd1c00000
        2655000	       264	8000192c	00158593	addi	x11,x11,1	 x11:0x00000011 x11=0x00000012
        2665000	       265	80001930	004a0633	add	x12,x20,x4	 x20:0x00000000  x4:0x7bfe1ffe x12=0x7bfe1ffe
        2675000	       266	80001934	6f92c793	xori	x15,x5,1785	  x5:0x04e58be5 x15=0x04e58d1c
        2685000	       267	80001938	fe85c4e3	blt	x11,x8,80001920	 x11:0x00000012  x8:0x00000013
        2695000	       268	00000000	00000013	addi	x0,x0,0	  x0:0x00000000
        2705000	       269	8000191c	00000013	addi	x0,x0,0	  x0:0x00000000
        2715000	       270	80001920	41e801b3	sub	x3,x16,x30	 x16:0x00000001 x30:0x80000000  x3=0x80000001
        2725000	       271	80001924	9bc31017	auipc	x0,0x9bc31	
        2735000	       272	80001928	01479313	slli	x6,x15,0x14	 x15:0x04e58d1c  x6=0xd1c00000
        2745000	       273	8000192c	00158593	addi	x11,x11,1	 x11:0x00000012 x11=0x00000013
        2755000	       274	80001930	004a0633	add	x12,x20,x4	 x20:0x00000000  x4:0x7bfe1ffe x12=0x7bfe1ffe
        2765000	       275	80001934	6f92c793	xori	x15,x5,1785	  x5:0x04e58be5 x15=0x04e58d1c
        2775000	       276	80001938	fe85c4e3	blt	x11,x8,80001920	 x11:0x00000013  x8:0x00000013
        2785000	       277	8000193c	00b4b1b3	sltu	x3,x9,x11	  x9:0x0000000a x11:0x00000013  x3=0x00000001
        2795000	       278	80001940	ffd00f13	addi	x30,x0,-3	  x0:0x00000000 x30=0xfffffffd
        2805000	       279	80001944	01f8fcb3	and	x25,x17,x31	 x17:0x80009fc4 x31:0x80000000 x25=0x80000000
        2815000	       280	80001948	01462d33	slt	x26,x12,x20	 x12:0x7bfe1ffe x20:0x00000000 x26=0x00000000
        2825000	       281	8000194c	00b00f93	addi	x31,x0,11	  x0:0x00000000 x31=0x0000000b
        2835000	       282	80001950	e0ba7493	andi	x9,x20,-501	 x20:0x00000000  x9=0x00000000
        2845000	       283	80001954	01113bb3	sltu	x23,x2,x17	  x2:0x80009f70 x17:0x80009fc4 x23=0x00000001
        2855000	       284	80001958	007f0f13	addi	x30,x30,7	 x30:0xfffffffd x30=0x00000004
        2865000	       285	8000195c	00d41033	sll	x0,x8,x13	  x8:0x00000013 x13:0x00000000
        2875000	       286	80001960	59b81397	auipc	x7,0x59b81	  x7=0xd9b8295c
        2885000	       287	80001964	ffa00593	addi	x11,x0,-6	  x0:0x00000000 x11=0xfffffffa
        2895000	       288	80001968	ff200b13	addi	x22,x0,-14	  x0:0x00000000 x22=0xfffffff2
        2905000	       289	8000196c	0009abb3	slt	x23,x19,x0	 x19:0x00000000  x0:0x00000000 x23=0x00000000
        2915000	       290	80001970	ffb9c413	xori	x8,x19,-5	 x19:0x00000000  x8=0xfffffffb
        2925000	       291	80001974	007c3233	sltu	x4,x24,x7	 x24:0x80000000  x7:0xd9b8295c  x4=0x00000001
        2935000	       292	80001978	ffe58593	addi	x11,x11,-2	 x11:0xfffffffa x11=0xfffffff8
        2945000	       293	8000197c	0120b3b3	sltu	x7,x1,x18	  x1:0x80001176 x18:0x80000000  x7=0x00000000
        2955000	       294	80001980	ff65d8e3	bge	x11,x22,80001970	 x11:0xfffffff8 x22:0xfffffff2
        2965000	       295	00000000	00000013	addi	x0,x0,0	  x0:0x00000000
        2975000	       296	8000196c	00000013	addi	x0,x0,0	  x0:0x00000000
        2985000	       297	80001970	ffb9c413	xori	x8,x19,-5	 x19:0x00000000  x8=0xfffffffb
        2995000	       298	80001974	007c3233	sltu	x4,x24,x7	 x24:0x80000000  x7:0x00000000  x4=0x00000000
        3005000	       299	80001978	ffe58593	addi	x11,x11,-2	 x11:0xfffffff8 x11=0xfffffff6
        3015000	       300	8000197c	0120b3b3	sltu	x7,x1,x18	  x1:0x80001176 x18:0x80000000  x7=0x00000000
        3025000	       301	80001980	ff65d8e3	bge	x11,x22,80001970	 x11:0xfffffff6 x22:0xfffffff2
        3035000	       302	00000000	00000013	addi	x0,x0,0	  x0:0x00000000
        3045000	       303	8000196c	00000013	addi	x0,x0,0	  x0:0x00000000
        3055000	       304	80001970	ffb9c413	xori	x8,x19,-5	 x19:0x00000000  x8=0xfffffffb
        3065000	       305	80001974	007c3233	sltu	x4,x24,x7	 x24:0x80000000  x7:0x00000000  x4=0x00000000
        3075000	       306	80001978	ffe58593	addi	x11,x11,-2	 x11:0xfffffff6 x11=0xfffffff4
        3085000	       307	8000197c	0120b3b3	sltu	x7,x1,x18	  x1:0x80001176 x18:0x80000000  x7=0x00000000
        3095000	       308	80001980	ff65d8e3	bge	x11,x22,80001970	 x11:0xfffffff4 x22:0xfffffff2
        3105000	       309	00000000	00000013	addi	x0,x0,0	  x0:0x00000000
        3115000	       310	8000196c	00000013	addi	x0,x0,0	  x0:0x00000000
        3125000	       311	80001970	ffb9c413	xori	x8,x19,-5	 x19:0x00000000  x8=0xfffffffb
        3135000	       312	80001974	007c3233	sltu	x4,x24,x7	 x24:0x80000000  x7:0x00000000  x4=0x00000000
        3145000	       313	80001978	ffe58593	addi	x11,x11,-2	 x11:0xfffffff4 x11=0xfffffff2
        3155000	       314	8000197c	0120b3b3	sltu	x7,x1,x18	  x1:0x80001176 x18:0x80000000  x7=0x00000000
        3165000	       315	80001980	ff65d8e3	bge	x11,x22,80001970	 x11:0xfffffff2 x22:0xfffffff2
        3175000	       316	00000000	00000013	addi	x0,x0,0	  x0:0x00000000
        3185000	       317	8000196c	00000013	addi	x0,x0,0	  x0:0x00000000
        3195000	       318	80001970	ffb9c413	xori	x8,x19,-5	 x19:0x00000000  x8=0xfffffffb
        3205000	       319	80001974	007c3233	sltu	x4,x24,x7	 x24:0x80000000  x7:0x00000000  x4=0x00000000
        3215000	       320	80001978	ffe58593	addi	x11,x11,-2	 x11:0xfffffff2 x11=0xfffffff0
        3225000	       321	8000197c	0120b3b3	sltu	x7,x1,x18	  x1:0x80001176 x18:0x80000000  x7=0x00000000
        3235000	       322	80001980	ff65d8e3	bge	x11,x22,80001970	 x11:0xfffffff0 x22:0xfffffff2
        3245000	       323	80001984	00000013	addi	x0,x0,0	  x0:0x00000000
        3255000	       324	80001988	7d28ec13	ori	x24,x17,2002	 x17:0x80009fc4 x24=0x80009fd6
        3265000	       325	8000198c	fdff14e3	bne	x30,x31,80001954	 x30:0x00000004 x31:0x0000000b
        3275000	       326	00000000	00000013	addi	x0,x0,0	  x0:0x00000000
        3285000	       327	80001950	00000013	addi	x0,x0,0	  x0:0x00000000
        3295000	       328	80001954	01113bb3	sltu	x23,x2,x17	  x2:0x80009f70 x17:0x80009fc4 x23=0x00000001
        3305000	       329	80001958	007f0f13	addi	x30,x30,7	 x30:0x00000004 x30=0x0000000b
        3315000	       330	8000195c	00d41033	sll	x0,x8,x13	  x8:0xfffffffb x13:0x00000000
        3325000	       331	80001960	59b81397	auipc	x7,0x59b81	  x7=0xd9b8295c
        3335000	       332	80001964	ffa00593	addi	x11,x0,-6	  x0:0x00000000 x11=0xfffffffa
        3345000	       333	80001968	ff200b13	addi	x22,x0,-14	  x0:0x00000000 x22=0xfffffff2
        3355000	       334	8000196c	0009abb3	slt	x23,x19,x0	 x19:0x00000000  x0:0x00000000 x23=0x00000000
        3365000	       335	80001970	ffb9c413	xori	x8,x19,-5	 x19:0x00000000  x8=0xfffffffb
        3375000	       336	80001974	007c3233	sltu	x4,x24,x7	 x24:0x80009fd6  x7:0xd9b8295c  x4=0x00000001
        3385000	       337	80001978	ffe58593	addi	x11,x11,-2	 x11:0xfffffffa x11=0xfffffff8
        3395000	       338	8000197c	0120b3b3	sltu	x7,x1,x18	  x1:0x80001176 x18:0x80000000  x7=0x00000000
        3405000	       339	80001980	ff65d8e3	bge	x11,x22,80001970	 x11:0xfffffff8 x22:0xfffffff2
        3415000	       340	00000000	00000013	addi	x0,x0,0	  x0:0x00000000
        3425000	       341	8000196c	00000013	addi	x0,x0,0	  x0:0x00000000
        3435000	       342	80001970	ffb9c413	xori	x8,x19,-5	 x19:0x00000000  x8=0xfffffffb
        3445000	       343	80001974	007c3233	sltu	x4,x24,x7	 x24:0x80009fd6  x7:0x00000000  x4=0x00000000
        3455000	       344	80001978	ffe58593	addi	x11,x11,-2	 x11:0xfffffff8 x11=0xfffffff6
        3465000	       345	8000197c	0120b3b3	sltu	x7,x1,x18	  x1:0x80001176 x18:0x80000000  x7=0x00000000
        3475000	       346	80001980	ff65d8e3	bge	x11,x22,80001970	 x11:0xfffffff6 x22:0xfffffff2
        3485000	       347	00000000	00000013	addi	x0,x0,0	  x0:0x00000000
        3495000	       348	8000196c	00000013	addi	x0,x0,0	  x0:0x00000000
        3505000	       349	80001970	ffb9c413	xori	x8,x19,-5	 x19:0x00000000  x8=0xfffffffb
        3515000	       350	80001974	007c3233	sltu	x4,x24,x7	 x24:0x80009fd6  x7:0x00000000  x4=0x00000000
        3525000	       351	80001978	ffe58593	addi	x11,x11,-2	 x11:0xfffffff6 x11=0xfffffff4
        3535000	       352	8000197c	0120b3b3	sltu	x7,x1,x18	  x1:0x80001176 x18:0x80000000  x7=0x00000000
        3545000	       353	80001980	ff65d8e3	bge	x11,x22,80001970	 x11:0xfffffff4 x22:0xfffffff2
        3555000	       354	00000000	00000013	addi	x0,x0,0	  x0:0x00000000
        3565000	       355	8000196c	00000013	addi	x0,x0,0	  x0:0x00000000
        3575000	       356	80001970	ffb9c413	xori	x8,x19,-5	 x19:0x00000000  x8=0xfffffffb
        3585000	       357	80001974	007c3233	sltu	x4,x24,x7	 x24:0x80009fd6  x7:0x00000000  x4=0x00000000
        3595000	       358	80001978	ffe58593	addi	x11,x11,-2	 x11:0xfffffff4 x11=0xfffffff2
        3605000	       359	8000197c	0120b3b3	sltu	x7,x1,x18	  x1:0x80001176 x18:0x80000000  x7=0x00000000
        3615000	       360	80001980	ff65d8e3	bge	x11,x22,80001970	 x11:0xfffffff2 x22:0xfffffff2
        3625000	       361	00000000	00000013	addi	x0,x0,0	  x0:0x00000000
        3635000	       362	8000196c	00000013	addi	x0,x0,0	  x0:0x00000000
        3645000	       363	80001970	ffb9c413	xori	x8,x19,-5	 x19:0x00000000  x8=0xfffffffb
        3655000	       364	80001974	007c3233	sltu	x4,x24,x7	 x24:0x80009fd6  x7:0x00000000  x4=0x00000000
        3665000	       365	80001978	ffe58593	addi	x11,x11,-2	 x11:0xfffffff2 x11=0xfffffff0
        3675000	       366	8000197c	0120b3b3	sltu	x7,x1,x18	  x1:0x80001176 x18:0x80000000  x7=0x00000000
        3685000	       367	80001980	ff65d8e3	bge	x11,x22,80001970	 x11:0xfffffff0 x22:0xfffffff2
        3695000	       368	80001984	00000013	addi	x0,x0,0	  x0:0x00000000
        3705000	       369	80001988	7d28ec13	ori	x24,x17,2002	 x17:0x80009fc4 x24=0x80009fd6
        3715000	       370	8000198c	fdff14e3	bne	x30,x31,80001954	 x30:0x0000000b x31:0x0000000b
        3725000	       371	80001990	01f55913	srli	x18,x10,0x1f	 x10:0xfffffebc x18=0x00000001
        3735000	       372	80001994	00100193	addi	x3,x0,1	  x0:0x00000000  x3=0x00000001
        3745000	       373	80001998	01fe6ab3	or	x21,x28,x31	 x28:0x00000000 x31:0x0000000b x21=0x0000000b
        3755000	       374	8000199c	e4531317	auipc	x6,0xe4531	  x6=0x64532998
        3765000	       375	800019a0	014b09b3	add	x19,x22,x20	 x22:0xfffffff2 x20:0x00000000 x19=0xfffffff2
        3775000	       376	800019a4	14ee0f93	addi	x31,x28,334	 x28:0x00000000 x31=0x0000014e
        3785000	       377	800019a8	f401ee93	ori	x29,x3,-192	  x3:0x00000001 x29=0xffffff41
        3795000	       378	800019ac	ff700593	addi	x11,x0,-9	  x0:0x00000000 x11=0xfffffff7
        3805000	       379	800019b0	00235bb3	srl	x23,x6,x2	  x6:0x64532998  x2:0x80009f70 x23=0x00006453
        3815000	       380	800019b4	01151793	slli	x15,x10,0x11	 x10:0xfffffebc x15=0xfd780000
        3825000	       381	800019b8	00ca7d33	and	x26,x20,x12	 x20:0x00000000 x12:0x7bfe1ffe x26=0x00000000
        3835000	       382	800019bc	e0267a93	andi	x21,x12,-510	 x12:0x7bfe1ffe x21=0x7bfe1e02
        3845000	       383	800019c0	4ea1e513	ori	x10,x3,1258	  x3:0x00000001 x10=0x000004eb
        3855000	       384	800019c4	ff618193	addi	x3,x3,-10	  x3:0x00000001  x3=0xfffffff7
        3865000	       385	800019c8	555f8d93	addi	x27,x31,1365	 x31:0x0000014e x27=0x000006a3
        3875000	       386	800019cc	bc1f2813	slti	x16,x30,-1087	 x30:0x0000000b x16=0x00000000
        3885000	       387	800019d0	64ba4b93	xori	x23,x20,1611	 x20:0x00000000 x23=0x0000064b
        3895000	       388	800019d4	13db8013	addi	x0,x23,317	 x23:0x0000064b
        3905000	       389	800019d8	feb190e3	bne	x3,x11,800019b8	  x3:0xfffffff7 x11:0xfffffff7
        3915000	       390	800019dc	d6c74393	xori	x7,x14,-660	 x14:0x00002aec  x7=0xffffd780
        3925000	       391	800019e0	00a00593	addi	x11,x0,10	  x0:0x00000000 x11=0x0000000a
        3935000	       392	800019e4	01169a33	sll	x20,x13,x17	 x13:0x00000000 x17:0x80009fc4 x20=0x00000000
        3945000	       393	800019e8	40e35a13	srai	x20,x6,0xe	  x6:0x64532998 x20=0x0001914c
        3955000	       394	800019ec	00a00c93	addi	x25,x0,10	  x0:0x00000000 x25=0x0000000a
        3965000	       395	800019f0	ec19c293	xori	x5,x19,-319	 x19:0xfffffff2  x5=0x00000133
        3975000	       396	800019f4	ff858593	addi	x11,x11,-8	 x11:0x0000000a x11=0x00000002
        3985000	       397	800019f8	ffd00c13	addi	x24,x0,-3	  x0:0x00000000 x24=0xfffffffd
        3995000	       398	800019fc	014a3b33	sltu	x22,x20,x20	 x20:0x0001914c x20:0x0001914c x22=0x00000000
        4005000	       399	80001a00	00e00093	addi	x1,x0,14	  x0:0x00000000  x1=0x0000000e
        4015000	       400	80001a04	015982b3	add	x5,x19,x21	 x19:0xfffffff2 x21:0x7bfe1e02  x5=0x7bfe1df4
        4025000	       401	80001a08	01d19393	slli	x7,x3,0x1d	  x3:0xfffffff7  x7=0xe0000000
        4035000	       402	80001a0c	009db433	sltu	x8,x27,x9	 x27:0x000006a3  x9:0x00000000  x8=0x00000000
        4045000	       403	80001a10	005c0c13	addi	x24,x24,5	 x24:0xfffffffd x24=0x00000002
        4055000	       404	80001a14	fe1c6ce3	bltu	x24,x1,80001a0c	 x24:0x00000002  x1:0x0000000e
        4065000	       405	00000000	00000013	addi	x0,x0,0	  x0:0x00000000
        4075000	       406	80001a08	00000013	addi	x0,x0,0	  x0:0x00000000
        4085000	       407	80001a0c	009db433	sltu	x8,x27,x9	 x27:0x000006a3  x9:0x00000000  x8=0x00000000
        4095000	       408	80001a10	005c0c13	addi	x24,x24,5	 x24:0x00000002 x24=0x00000007
        4105000	       409	80001a14	fe1c6ce3	bltu	x24,x1,80001a0c	 x24:0x00000007  x1:0x0000000e
        4115000	       410	00000000	00000013	addi	x0,x0,0	  x0:0x00000000
        4125000	       411	80001a08	00000013	addi	x0,x0,0	  x0:0x00000000
        4135000	       412	80001a0c	009db433	sltu	x8,x27,x9	 x27:0x000006a3  x9:0x00000000  x8=0x00000000
        4145000	       413	80001a10	005c0c13	addi	x24,x24,5	 x24:0x00000007 x24=0x0000000c
        4155000	       414	80001a14	fe1c6ce3	bltu	x24,x1,80001a0c	 x24:0x0000000c  x1:0x0000000e
        4165000	       415	00000000	00000013	addi	x0,x0,0	  x0:0x00000000
        4175000	       416	80001a08	00000013	addi	x0,x0,0	  x0:0x00000000
        4185000	       417	80001a0c	009db433	sltu	x8,x27,x9	 x27:0x000006a3  x9:0x00000000  x8=0x00000000
        4195000	       418	80001a10	005c0c13	addi	x24,x24,5	 x24:0x0000000c x24=0x00000011
        4205000	       419	80001a14	fe1c6ce3	bltu	x24,x1,80001a0c	 x24:0x00000011  x1:0x0000000e
        4215000	       420	80001a18	fd95fce3	bgeu	x11,x25,800019f0	 x11:0x00000002 x25:0x0000000a
        4225000	       421	80001a1c	6065a293	slti	x5,x11,1542	 x11:0x00000002  x5=0x00000001
        4235000	       422	80001a20	ffb00a13	addi	x20,x0,-5	  x0:0x00000000 x20=0xfffffffb
        4245000	       423	80001a24	392bf493	andi	x9,x23,914	 x23:0x0000064b  x9=0x00000202
        4255000	       424	80001a28	8e30a513	slti	x10,x1,-1821	  x1:0x0000000e x10=0x00000000
        4265000	       425	80001a2c	01aea433	slt	x8,x29,x26	 x29:0xffffff41 x26:0x00000000  x8=0x00000001
        4275000	       426	80001a30	1418b1b7	lui	x3,0x1418b	  x3=0x1418b000
        4285000	       427	80001a34	43ce4c13	xori	x24,x28,1084	 x28:0x00000000 x24=0x0000043c
        4295000	       428	80001a38	6b88e437	lui	x8,0x6b88e	  x8=0x6b88e000
        4305000	       429	80001a3c	00b00713	addi	x14,x0,11	  x0:0x00000000 x14=0x0000000b
        4315000	       430	80001a40	41e581b3	sub	x3,x11,x30	 x11:0x00000002 x30:0x0000000b  x3=0xfffffff7
        4325000	       431	80001a44	8cc20793	addi	x15,x4,-1844	  x4:0x00000000 x15=0xfffff8cc
        4335000	       432	80001a48	008a0a13	addi	x20,x20,8	 x20:0xfffffffb x20=0x00000003
        4345000	       433	80001a4c	00307b33	and	x22,x0,x3	  x0:0x00000000  x3:0xfffffff7 x22=0x00000000
        4355000	       434	80001a50	016795b3	sll	x11,x15,x22	 x15:0xfffff8cc x22:0x00000000 x11=0xfffff8cc
        4365000	       435	80001a54	40015c93	srai	x25,x2,0x0	  x2:0x80009f70 x25=0x80009f70
        4375000	       436	80001a58	40ce5013	srai	x0,x28,0xc	 x28:0x00000000
        4385000	       437	80001a5c	00c0e233	or	x4,x1,x12	  x1:0x0000000e x12:0x7bfe1ffe  x4=0x7bfe1ffe
        4395000	       438	80001a60	01caec33	or	x24,x21,x28	 x21:0x7bfe1e02 x28:0x00000000 x24=0x7bfe1e02
        4405000	       439	80001a64	00000013	addi	x0,x0,0	  x0:0x00000000
        4415000	       440	80001a68	fcea0ce3	beq	x20,x14,80001a40	 x20:0x00000003 x14:0x0000000b
        4425000	       441	80001a6c	ce467793	andi	x15,x12,-796	 x12:0x7bfe1ffe x15=0x7bfe1ce4
        4435000	       442	80001a70	00a00f13	addi	x30,x0,10	  x0:0x00000000 x30=0x0000000a
        4445000	       443	80001a74	00000013	addi	x0,x0,0	  x0:0x00000000
        4455000	       444	80001a78	409759b3	sra	x19,x14,x9	 x14:0x0000000b  x9:0x00000202 x19=0x00000002
        4465000	       445	80001a7c	00000013	addi	x0,x0,0	  x0:0x00000000
        4475000	       446	80001a80	0109ecb3	or	x25,x19,x16	 x19:0x00000002 x16:0x00000000 x25=0x00000002
        4485000	       447	80001a84	00a00b93	addi	x23,x0,10	  x0:0x00000000 x23=0x0000000a
        4495000	       448	80001a88	00c7e2b3	or	x5,x15,x12	 x15:0x7bfe1ce4 x12:0x7bfe1ffe  x5=0x7bfe1ffe
        4505000	       449	80001a8c	41b78db3	sub	x27,x15,x27	 x15:0x7bfe1ce4 x27:0x000006a3 x27=0x7bfe1641
        4515000	       450	80001a90	40c5dab3	sra	x21,x11,x12	 x11:0xfffff8cc x12:0x7bfe1ffe x21=0xffffffff
        4525000	       451	80001a94	ffaf0f13	addi	x30,x30,-6	 x30:0x0000000a x30=0x00000004
        4535000	       452	80001a98	40a85093	srai	x1,x16,0xa	 x16:0x00000000  x1=0x00000000
        4545000	       453	80001a9c	00000613	addi	x12,x0,0	  x0:0x00000000 x12=0x00000000
        4555000	       454	80001aa0	00300393	addi	x7,x0,3	  x0:0x00000000  x7=0x00000003
        4565000	       455	80001aa4	bda79d97	auipc	x27,0xbda79	 x27=0x3da7aaa0
        4575000	       456	80001aa8	01959513	slli	x10,x11,0x19	 x11:0xfffff8cc x10=0x98000000
        4585000	       457	80001aac	014e0eb3	add	x29,x28,x20	 x28:0x00000000 x20:0x00000003 x29=0x00000003
        4595000	       458	80001ab0	26dff793	andi	x15,x31,621	 x31:0x0000014e x15=0x0000004c
        4605000	       459	80001ab4	00560613	addi	x12,x12,5	 x12:0x00000000 x12=0x00000005
        4615000	       460	80001ab8	f4a7a213	slti	x4,x15,-182	 x15:0x0000004c  x4=0x00000000
        4625000	       461	80001abc	0048b9b3	sltu	x19,x17,x4	 x17:0x80009fc4  x4:0x00000000 x19=0x00000000
        4635000	       462	80001ac0	7d0be593	ori	x11,x23,2000	 x23:0x0000000a x11=0x000007da
        4645000	       463	80001ac4	00000013	addi	x0,x0,0	  x0:0x00000000
        4655000	       464	80001ac8	a7602313	slti	x6,x0,-1418	  x0:0x00000000  x6=0x00000000
        4665000	       465	80001acc	e6ecc793	xori	x15,x25,-402	 x25:0x00000002 x15=0xfffffe6c
        4675000	       466	80001ad0	fc766ae3	bltu	x12,x7,80001aa4	 x12:0x00000005  x7:0x00000003
        4685000	       467	80001ad4	41f25433	sra	x8,x4,x31	  x4:0x00000000 x31:0x0000014e  x8=0x00000000
        4695000	       468	80001ad8	00301e33	sll	x28,x0,x3	  x0:0x00000000  x3:0xfffffff7 x28=0x00000000
        4705000	       469	80001adc	00000013	addi	x0,x0,0	  x0:0x00000000
        4715000	       470	80001ae0	fb7f76e3	bgeu	x30,x23,80001a8c	 x30:0x00000004 x23:0x0000000a
        4725000	       471	80001ae4	405a51b3	sra	x3,x20,x5	 x20:0x00000003  x5:0x7bfe1ffe  x3=0x00000000
        4735000	       472	80001ae8	00000013	addi	x0,x0,0	  x0:0x00000000
        4745000	       473	80001aec	402d5b33	sra	x22,x26,x2	 x26:0x00000000  x2:0x80009f70 x22=0x00000000
        4755000	       474	80001af0	462e3513	sltiu	x10,x28,1122	 x28:0x00000000 x10=0x00000001
        4765000	       475	80001af4	00000013	addi	x0,x0,0	  x0:0x00000000
        4775000	       476	80001af8	41afdcb3	sra	x25,x31,x26	 x31:0x0000014e x26:0x00000000 x25=0x0000014e
        4785000	       477	80001afc	415d0fb3	sub	x31,x26,x21	 x26:0x00000000 x21:0xffffffff x31=0x00000001
        4795000	       478	80001b00	00030663	beq	x6,x0,80001b0c	  x6:0x00000000  x0:0x00000000
        4805000	       479	00000000	00000013	addi	x0,x0,0	  x0:0x00000000
        4815000	       480	80001b08	00000013	addi	x0,x0,0	  x0:0x00000000
        4825000	       481	80001b0c	416909b3	sub	x19,x18,x22	 x18:0x00000001 x22:0x00000000 x19=0x00000001
        4835000	       482	80001b10	4035d233	sra	x4,x11,x3	 x11:0x000007da  x3:0x00000000  x4=0x000007da
        4845000	       483	80001b14	e8530913	addi	x18,x6,-379	  x6:0x00000000 x18=0xfffffe85
        4855000	       484	80001b18	c554e193	ori	x3,x9,-939	  x9:0x00000202  x3=0xfffffe57
        4865000	       485	80001b1c	03089663	bne	x17,x16,80001b48	 x17:0x80009fc4 x16:0x00000000
        4875000	       486	00000000	00000013	addi	x0,x0,0	  x0:0x00000000
        4885000	       487	80001b44	00000013	addi	x0,x0,0	  x0:0x00000000
        4895000	       488	80001b48	3dd5cc93	xori	x25,x11,989	 x11:0x000007da x25=0x00000407
        4905000	       489	80001b4c	41635433	sra	x8,x6,x22	  x6:0x00000000 x22:0x00000000  x8=0x00000000
        4915000	       490	80001b50	32538013	addi	x0,x7,805	  x7:0x00000003
        4925000	       491	80001b54	0061bfb3	sltu	x31,x3,x6	  x3:0xfffffe57  x6:0x00000000 x31=0x00000000
        4935000	       492	80001b58	97f5c917	auipc	x18,0x97f5c	 x18=0x17f5db54
        4945000	       493	80001b5c	00c6d033	srl	x0,x13,x12	 x13:0x00000000 x12:0x00000005
        4955000	       494	80001b60	00000013	addi	x0,x0,0	  x0:0x00000000
        4965000	       495	80001b64	01e01613	slli	x12,x0,0x1e	  x0:0x00000000 x12=0x00000000
        4975000	       496	80001b68	02768663	beq	x13,x7,80001b94	 x13:0x00000000  x7:0x00000003
        4985000	       497	80001b6c	05184863	blt	x16,x17,80001bbc	 x16:0x00000000 x17:0x80009fc4
        4995000	       498	80001b70	00000013	addi	x0,x0,0	  x0:0x00000000
        5005000	       499	80001b74	001e11b3	sll	x3,x28,x1	 x28:0x00000000  x1:0x00000000  x3=0x00000000
        5015000	       500	80001b78	e82d8517	auipc	x10,0xe82d8	 x10=0x682d9b74
        5025000	       501	80001b7c	fedd8637	lui	x12,0xfedd8	 x12=0xfedd8000
        5035000	       502	80001b80	0139e7b3	or	x15,x19,x19	 x19:0x00000001 x19:0x00000001 x15=0x00000001
        5045000	       503	80001b84	00c139b3	sltu	x19,x2,x12	  x2:0x80009f70 x12:0xfedd8000 x19=0x00000001
        5055000	       504	80001b88	01c06e33	or	x28,x0,x28	  x0:0x00000000 x28:0x00000000 x28=0x00000000
        5065000	       505	80001b8c	40570fb3	sub	x31,x14,x5	 x14:0x0000000b  x5:0x7bfe1ffe x31=0x8401e00d
        5075000	       506	80001b90	7261ed93	ori	x27,x3,1830	  x3:0x00000000 x27=0x00000726
        5085000	       507	80001b94	00cc3933	sltu	x18,x24,x12	 x24:0x7bfe1e02 x12:0xfedd8000 x18=0x00000001
        5095000	       508	80001b98	01135663	bge	x6,x17,80001ba4	  x6:0x00000000 x17:0x80009fc4
        5105000	       509	00000000	00000013	addi	x0,x0,0	  x0:0x00000000
        5115000	       510	80001ba0	00000013	addi	x0,x0,0	  x0:0x00000000
        5125000	       511	80001ba4	7149aa93	slti	x21,x19,1812	 x19:0x00000001 x21=0x00000001
        5135000	       512	80001ba8	000193b3	sll	x7,x3,x0	  x3:0x00000000  x0:0x00000000  x7=0x00000000
        5145000	       513	80001bac	00a51e93	slli	x29,x10,0xa	 x10:0x682d9b74 x29=0xb66dd000
        5155000	       514	80001bb0	004ef433	and	x8,x29,x4	 x29:0xb66dd000  x4:0x000007da  x8=0x00000000
        5165000	       515	80001bb4	be771317	auipc	x6,0xbe771	  x6=0x3e772bb0
        5175000	       516	80001bb8	011e4e33	xor	x28,x28,x17	 x28:0x00000000 x17:0x80009fc4 x28=0x80009fc4
        5185000	       517	80001bbc	01bbca63	blt	x23,x27,80001bd0	 x23:0x0000000a x27:0x00000726
        5195000	       518	00000000	00000013	addi	x0,x0,0	  x0:0x00000000
        5205000	       519	80001bcc	00000013	addi	x0,x0,0	  x0:0x00000000
        5215000	       520	80001bd0	05e09463	bne	x1,x30,80001c18	  x1:0x00000000 x30:0x00000004
        5225000	       521	00000000	00000013	addi	x0,x0,0	  x0:0x00000000
        5235000	       522	80001c14	00000013	addi	x0,x0,0	  x0:0x00000000
        5245000	       523	80001c18	015ee863	bltu	x29,x21,80001c28	 x29:0xb66dd000 x21:0x00000001
        5255000	       524	80001c1c	0058d733	srl	x14,x17,x5	 x17:0x80009fc4  x5:0x7bfe1ffe x14=0x00000002
        5265000	       525	80001c20	01e12c33	slt	x24,x2,x30	  x2:0x80009f70 x30:0x00000004 x24=0x00000001
        5275000	       526	80001c24	00000013	addi	x0,x0,0	  x0:0x00000000
        5285000	       527	80001c28	01dbf1b3	and	x3,x23,x29	 x23:0x0000000a x29:0xb66dd000  x3=0x00000000
        5295000	       528	80001c2c	aec8c213	xori	x4,x17,-1300	 x17:0x80009fc4  x4=0x7fff6528
        5305000	       529	80001c30	b405f713	andi	x14,x11,-1216	 x11:0x000007da x14=0x00000340
        5315000	       530	80001c34	4190d4b3	sra	x9,x1,x25	  x1:0x00000000 x25:0x00000407  x9=0x00000000
        5325000	       531	80001c38	13a52a93	slti	x21,x10,314	 x10:0x682d9b74 x21=0x00000000
        5335000	       532	80001c3c	03e89063	bne	x17,x30,80001c5c	 x17:0x80009fc4 x30:0x00000004
        5345000	       533	00000000	00000013	addi	x0,x0,0	  x0:0x00000000
        5355000	       534	80001c58	00000013	addi	x0,x0,0	  x0:0x00000000
        5365000	       535	80001c5c	01ecbe33	sltu	x28,x25,x30	 x25:0x00000407 x30:0x00000004 x28=0x00000000
        5375000	       536	80001c60	05cb6663	bltu	x22,x28,80001cac	 x22:0x00000000 x28:0x00000000
        5385000	       537	80001c64	401d5f93	srai	x31,x26,0x1	 x26:0x00000000 x31=0x00000000
        5395000	       538	80001c68	016f89b3	add	x19,x31,x22	 x31:0x00000000 x22:0x00000000 x19=0x00000000
        5405000	       539	80001c6c	41460833	sub	x16,x12,x20	 x12:0xfedd8000 x20:0x00000003 x16=0xfedd7ffd
        5415000	       540	80001c70	04f0f663	bgeu	x1,x15,80001cbc	  x1:0x00000000 x15:0x00000001
        5425000	       541	80001c74	40bdd313	srai	x6,x27,0xb	 x27:0x00000726  x6=0x00000000
        5435000	       542	80001c78	02ac5063	bge	x24,x10,80001c98	 x24:0x00000001 x10:0x682d9b74
        5445000	       543	80001c7c	40b90a33	sub	x20,x18,x11	 x18:0x00000001 x11:0x000007da x20=0xfffff827
        5455000	       544	80001c80	00249093	slli	x1,x9,0x2	  x9:0x00000000  x1=0x00000000
        5465000	       545	80001c84	402d5b33	sra	x22,x26,x2	 x26:0x00000000  x2:0x80009f70 x22=0x00000000
        5475000	       546	80001c88	0170c3b3	xor	x7,x1,x23	  x1:0x00000000 x23:0x0000000a  x7=0x0000000a
        5485000	       547	80001c8c	0510c663	blt	x1,x17,80001cd8	  x1:0x00000000 x17:0x80009fc4
        5495000	       548	80001c90	a50d7d93	andi	x27,x26,-1456	 x26:0x00000000 x27=0x00000000
        5505000	       549	80001c94	01c96d33	or	x26,x18,x28	 x18:0x00000001 x28:0x00000000 x26=0x00000001
        5515000	       550	80001c98	01930ab3	add	x21,x6,x25	  x6:0x00000000 x25:0x00000407 x21=0x00000407
        5525000	       551	80001c9c	00000013	addi	x0,x0,0	  x0:0x00000000
        5535000	       552	80001ca0	00f8d3b3	srl	x7,x17,x15	 x17:0x80009fc4 x15:0x00000001  x7=0x40004fe2
        5545000	       553	80001ca4	870ad097	auipc	x1,0x870ad	  x1=0x070aeca0
        5555000	       554	80001ca8	01010333	add	x6,x2,x16	  x2:0x80009f70 x16:0xfedd7ffd  x6=0x7ede1f6d
        5565000	       555	80001cac	004c00b3	add	x1,x24,x4	 x24:0x00000001  x4:0x7fff6528  x1=0x7fff6529
        5575000	       556	80001cb0	00c31c63	bne	x6,x12,80001cc8	  x6:0x7ede1f6d x12:0xfedd8000
        5585000	       557	00000000	00000013	addi	x0,x0,0	  x0:0x00000000
        5595000	       558	80001cc4	00000013	addi	x0,x0,0	  x0:0x00000000
        5605000	       559	80001cc8	0147ce63	blt	x15,x20,80001ce4	 x15:0x00000001 x20:0xfffff827
        5615000	       560	80001ccc	034cee63	bltu	x25,x20,80001d08	 x25:0x00000407 x20:0xfffff827
        5625000	       561	00000000	00000013	addi	x0,x0,0	  x0:0x00000000
        5635000	       562	80001d04	00000013	addi	x0,x0,0	  x0:0x00000000
        5645000	       563	80001d08	0103d663	bge	x7,x16,80001d14	  x7:0x40004fe2 x16:0xfedd7ffd
        5655000	       564	00000000	00000013	addi	x0,x0,0	  x0:0x00000000
        5665000	       565	80001d10	00000013	addi	x0,x0,0	  x0:0x00000000
        5675000	       566	80001d14	3e3e2493	slti	x9,x28,995	 x28:0x00000000  x9=0x00000001
        5685000	       567	80001d18	0525d663	bge	x11,x18,80001d64	 x11:0x000007da x18:0x00000001
        5695000	       568	00000000	00000013	addi	x0,x0,0	  x0:0x00000000
        5705000	       569	80001d60	00000013	addi	x0,x0,0	  x0:0x00000000
        5715000	       570	80001d64	01ad4bb3	xor	x23,x26,x26	 x26:0x00000001 x26:0x00000001 x23=0x00000000
        5725000	       571	80001d68	416c03b3	sub	x7,x24,x22	 x24:0x00000001 x22:0x00000000  x7=0x00000001
        5735000	       572	80001d6c	7bf40737	lui	x14,0x7bf40	 x14=0x7bf40000
        5745000	       573	80001d70	401e5f93	srai	x31,x28,0x1	 x28:0x00000000 x31=0x00000000
        5755000	       574	80001d74	020c7063	bgeu	x24,x0,80001d94	 x24:0x00000001  x0:0x00000000
        5765000	       575	00000000	00000013	addi	x0,x0,0	  x0:0x00000000
        5775000	       576	80001d90	00000013	addi	x0,x0,0	  x0:0x00000000
        5785000	       577	80001d94	006b5fb3	srl	x31,x22,x6	 x22:0x00000000  x6:0x7ede1f6d x31=0x00000000
        5795000	       578	80001d98	b43ec793	xori	x15,x29,-1213	 x29:0xb66dd000 x15=0x49922b43
        5805000	       579	80001d9c	05ed7863	bgeu	x26,x30,80001dec	 x26:0x00000001 x30:0x00000004
        5815000	       580	80001da0	01ce9193	slli	x3,x29,0x1c	 x29:0xb66dd000  x3=0x00000000
        5825000	       581	80001da4	c110a413	slti	x8,x1,-1007	  x1:0x7fff6529  x8=0x00000000
        5835000	       582	80001da8	b458e097	auipc	x1,0xb458e	  x1=0x3458fda4
        5845000	       583	80001dac	013c37b3	sltu	x15,x24,x19	 x24:0x00000001 x19:0x00000000 x15=0x00000000
        5855000	       584	80001db0	3bacf593	andi	x11,x25,954	 x25:0x00000407 x11=0x00000002
        5865000	       585	80001db4	00000013	addi	x0,x0,0	  x0:0x00000000
        5875000	       586	80001db8	03c69663	bne	x13,x28,80001de4	 x13:0x00000000 x28:0x00000000
        5885000	       587	80001dbc	40e68eb3	sub	x29,x13,x14	 x13:0x00000000 x14:0x7bf40000 x29=0x840c0000
        5895000	       588	80001dc0	41035eb3	sra	x29,x6,x16	  x6:0x7ede1f6d x16:0xfedd7ffd x29=0x00000003
        5905000	       589	80001dc4	01bbf033	and	x0,x23,x27	 x23:0x00000000 x27:0x00000000
        5915000	       590	80001dc8	57fa0593	addi	x11,x20,1407	 x20:0xfffff827 x11=0xfffffda6
        5925000	       591	80001dcc	01d5fe63	bgeu	x11,x29,80001de8	 x11:0xfffffda6 x29:0x00000003
        5935000	       592	00000000	00000013	addi	x0,x0,0	  x0:0x00000000
        5945000	       593	80001de4	00000013	addi	x0,x0,0	  x0:0x00000000
        5955000	       594	80001de8	005fd493	srli	x9,x31,0x5	 x31:0x00000000  x9=0x00000000
        5965000	       595	80001dec	40ecd7b3	sra	x15,x25,x14	 x25:0x00000407 x14:0x7bf40000 x15=0x00000407
        5975000	       596	80001df0	0125fa63	bgeu	x11,x18,80001e04	 x11:0xfffffda6 x18:0x00000001
        5985000	       597	00000000	00000013	addi	x0,x0,0	  x0:0x00000000
        5995000	       598	80001e00	00000013	addi	x0,x0,0	  x0:0x00000000
        6005000	       599	80001e04	5b290737	lui	x14,0x5b290	 x14=0x5b290000
        6015000	       600	80001e08	3b978a93	addi	x21,x15,953	 x15:0x00000407 x21=0x000007c0
        6025000	       601	80001e0c	030b8663	beq	x23,x16,80001e38	 x23:0x00000000 x16:0xfedd7ffd
        6035000	       602	80001e10	00d2abb3	slt	x23,x5,x13	  x5:0x7bfe1ffe x13:0x00000000 x23=0x00000000
        6045000	       603	80001e14	40308b33	sub	x22,x1,x3	  x1:0x3458fda4  x3:0x00000000 x22=0x3458fda4
        6055000	       604	80001e18	86c39637	lui	x12,0x86c39	 x12=0x86c39000
        6065000	       605	80001e1c	013ed533	srl	x10,x29,x19	 x29:0x00000003 x19:0x00000000 x10=0x00000003
        6075000	       606	80001e20	03997063	bgeu	x18,x25,80001e40	 x18:0x00000001 x25:0x00000407
        6085000	       607	80001e24	0087cc63	blt	x15,x8,80001e3c	 x15:0x00000407  x8:0x00000000
        6095000	       608	80001e28	41e1d913	srai	x18,x3,0x1e	  x3:0x00000000 x18=0x00000000
        6105000	       609	80001e2c	88892c93	slti	x25,x18,-1912	 x18:0x00000000 x25=0x00000000
        6115000	       610	80001e30	01125513	srli	x10,x4,0x11	  x4:0x7fff6528 x10=0x00003fff
        6125000	       611	80001e34	b681c397	auipc	x7,0xb681c	  x7=0x3681de30
        6135000	       612	80001e38	00358e33	add	x28,x11,x3	 x11:0xfffffda6  x3:0x00000000 x28=0xfffffda6
        6145000	       613	80001e3c	019be433	or	x8,x23,x25	 x23:0x00000000 x25:0x00000000  x8=0x00000000
        6155000	       614	80001e40	00c43033	sltu	x0,x8,x12	  x8:0x00000000 x12:0x86c39000
        6165000	       615	80001e44	4f10a513	slti	x10,x1,1265	  x1:0x3458fda4 x10=0x00000000
        6175000	       616	80001e48	00a72b33	slt	x22,x14,x10	 x14:0x5b290000 x10:0x00000000 x22=0x00000000
        6185000	       617	80001e4c	024e0e63	beq	x28,x4,80001e88	 x28:0xfffffda6  x4:0x7fff6528
        6195000	       618	80001e50	017bdd93	srli	x27,x23,0x17	 x23:0x00000000 x27=0x00000000
        6205000	       619	80001e54	400e5f93	srai	x31,x28,0x0	 x28:0xfffffda6 x31=0xfffffda6
        6215000	       620	80001e58	99a76b93	ori	x23,x14,-1638	 x14:0x5b290000 x23=0xfffff99a
        6225000	       621	80001e5c	4006dc93	srai	x25,x13,0x0	 x13:0x00000000 x25=0x00000000
        6235000	       622	80001e60	40475393	srai	x7,x14,0x4	 x14:0x5b290000  x7=0x05b29000
        6245000	       623	80001e64	4056d813	srai	x16,x13,0x5	 x13:0x00000000 x16=0x00000000
        6255000	       624	80001e68	044fe663	bltu	x31,x4,80001eb4	 x31:0xfffffda6  x4:0x7fff6528
        6265000	       625	80001e6c	0002ebb3	or	x23,x5,x0	  x5:0x7bfe1ffe  x0:0x00000000 x23=0x7bfe1ffe
        6275000	       626	80001e70	721ba717	auipc	x14,0x721ba	 x14=0xf21bbe6c
        6285000	       627	80001e74	0c884f93	xori	x31,x16,200	 x16:0x00000000 x31=0x000000c8
        6295000	       628	80001e78	41c25b33	sra	x22,x4,x28	  x4:0x7fff6528 x28:0xfffffda6 x22=0x01fffd94
        6305000	       629	80001e7c	d02a1d17	auipc	x26,0xd02a1	 x26=0x502a2e78
        6315000	       630	80001e80	00f7c663	blt	x15,x15,80001e8c	 x15:0x00000407 x15:0x00000407
        6325000	       631	80001e84	12562b13	slti	x22,x12,293	 x12:0x86c39000 x22=0x00000001
        6335000	       632	80001e88	414209b3	sub	x19,x4,x20	  x4:0x7fff6528 x20:0xfffff827 x19=0x7fff6d01
        6345000	       633	80001e8c	01fb85b3	add	x11,x23,x31	 x23:0x7bfe1ffe x31:0x000000c8 x11=0x7bfe20c6
        6355000	       634	80001e90	00b9dd13	srli	x26,x19,0xb	 x19:0x7fff6d01 x26=0x000fffed
        6365000	       635	80001e94	405a5393	srai	x7,x20,0x5	 x20:0xfffff827  x7=0xffffffc1
        6375000	       636	80001e98	b326fc97	auipc	x25,0xb326f	 x25=0x33270e94
        6385000	       637	80001e9c	019b9993	slli	x19,x23,0x19	 x23:0x7bfe1ffe x19=0xfc000000
        6395000	       638	80001ea0	0087fdb3	and	x27,x15,x8	 x15:0x00000407  x8:0x00000000 x27=0x00000000
        6405000	       639	80001ea4	018a0463	beq	x20,x24,80001eac	 x20:0xfffff827 x24:0x00000001
        6415000	       640	80001ea8	0176c733	xor	x14,x13,x23	 x13:0x00000000 x23:0x7bfe1ffe x14=0x7bfe1ffe
        6425000	       641	80001eac	00d81533	sll	x10,x16,x13	 x16:0x00000000 x13:0x00000000 x10=0x00000000
        6435000	       642	80001eb0	01bba4b3	slt	x9,x23,x27	 x23:0x7bfe1ffe x27:0x00000000  x9=0x00000000
        6445000	       643	80001eb4	055de993	ori	x19,x27,85	 x27:0x00000000 x19=0x00000055
        6455000	       644	80001eb8	000e6c63	bltu	x28,x0,80001ed0	 x28:0xfffffda6  x0:0x00000000
        6465000	       645	80001ebc	ba800b13	addi	x22,x0,-1112	  x0:0x00000000 x22=0xfffffba8
        6475000	       646	80001ec0	01b78633	add	x12,x15,x27	 x15:0x00000407 x27:0x00000000 x12=0x00000407
        6485000	       647	80001ec4	03cd7e63	bgeu	x26,x28,80001f00	 x26:0x000fffed x28:0xfffffda6
        6495000	       648	80001ec8	00585793	srli	x15,x16,0x5	 x16:0x00000000 x15=0x00000000
        6505000	       649	80001ecc	00716633	or	x12,x2,x7	  x2:0x80009f70  x7:0xffffffc1 x12=0xfffffff1
        6515000	       650	80001ed0	013cf863	bgeu	x25,x19,80001ee0	 x25:0x33270e94 x19:0x00000055
        6525000	       651	00000000	00000013	addi	x0,x0,0	  x0:0x00000000
        6535000	       652	80001edc	00000013	addi	x0,x0,0	  x0:0x00000000
        6545000	       653	80001ee0	15120293	addi	x5,x4,337	  x4:0x7fff6528  x5=0x7fff6679
        6555000	       654	80001ee4	97ad0393	addi	x7,x26,-1670	 x26:0x000fffed  x7=0x000ff967
        6565000	       655	80001ee8	057a9663	bne	x21,x23,80001f34	 x21:0x000007c0 x23:0x7bfe1ffe
        6575000	       656	00000000	00000013	addi	x0,x0,0	  x0:0x00000000
        6585000	       657	80001f30	00000013	addi	x0,x0,0	  x0:0x00000000
        6595000	       658	80001f34	00ba9093	slli	x1,x21,0xb	 x21:0x000007c0  x1=0x003e0000
        6605000	       659	80001f38	00000013	addi	x0,x0,0	  x0:0x00000000
        6615000	       660	80001f3c	40915233	sra	x4,x2,x9	  x2:0x80009f70  x9:0x00000000  x4=0x80009f70
        6625000	       661	80001f40	59a7ce13	xori	x28,x15,1434	 x15:0x00000000 x28=0x0000059a
        6635000	       662	80001f44	0112d7b3	srl	x15,x5,x17	  x5:0x7fff6679 x17:0x80009fc4 x15=0x07fff667
        6645000	       663	80001f48	01e73d33	sltu	x26,x14,x30	 x14:0x7bfe1ffe x30:0x00000004 x26=0x00000000
        6655000	       664	80001f4c	00000013	addi	x0,x0,0	  x0:0x00000000
        6665000	       665	80001f50	b3b36b37	lui	x22,0xb3b36	 x22=0xb3b36000
        6675000	       666	80001f54	000810b3	sll	x1,x16,x0	 x16:0x00000000  x0:0x00000000  x1=0x00000000
        6685000	       667	80001f58	022e0e63	beq	x28,x2,80001f94	 x28:0x0000059a  x2:0x80009f70
        6695000	       668	80001f5c	41e85cb3	sra	x25,x16,x30	 x16:0x00000000 x30:0x00000004 x25=0x00000000
        6705000	       669	80001f60	40448233	sub	x4,x9,x4	  x9:0x00000000  x4:0x80009f70  x4=0x7fff6090
        6715000	       670	80001f64	00de3333	sltu	x6,x28,x13	 x28:0x0000059a x13:0x00000000  x6=0x00000000
        6725000	       671	80001f68	00a90e33	add	x28,x18,x10	 x18:0x00000000 x10:0x00000000 x28=0x00000000
        6735000	       672	80001f6c	001970b3	and	x1,x18,x1	 x18:0x00000000  x1:0x00000000  x1=0x00000000
        6745000	       673	80001f70	6332e493	ori	x9,x5,1587	  x5:0x7fff6679  x9=0x7fff667b
        6755000	       674	80001f74	419d0e33	sub	x28,x26,x25	 x26:0x00000000 x25:0x00000000 x28=0x00000000
        6765000	       675	80001f78	00eadc13	srli	x24,x21,0xe	 x21:0x000007c0 x24=0x00000000
        6775000	       676	80001f7c	93ac8093	addi	x1,x25,-1734	 x25:0x00000000  x1=0xfffff93a
        6785000	       677	80001f80	d2e02593	slti	x11,x0,-722	  x0:0x00000000 x11=0x00000000
        6795000	       678	80001f84	012ad413	srli	x8,x21,0x12	 x21:0x000007c0  x8=0x00000000
        6805000	       679	80001f88	416cde93	srai	x29,x25,0x16	 x25:0x00000000 x29=0x00000000
        6815000	       680	80001f8c	00000013	addi	x0,x0,0	  x0:0x00000000
        6825000	       681	80001f90	017bd263	bge	x23,x23,80001f94	 x23:0x7bfe1ffe x23:0x7bfe1ffe
        6835000	       682	00000000	00000013	addi	x0,x0,0	  x0:0x00000000
        6845000	       683	80001f90	00000013	addi	x0,x0,0	  x0:0x00000000
        6855000	       684	80001f94	5462ab37	lui	x22,0x5462a	 x22=0x5462a000
        6865000	       685	80001f98	00719533	sll	x10,x3,x7	  x3:0x00000000  x7:0x000ff967 x10=0x00000000
        6875000	       686	80001f9c	07401e63	bne	x0,x20,80002018	  x0:0x00000000 x20:0xfffff827
        6885000	       687	00000000	00000013	addi	x0,x0,0	  x0:0x00000000
        6895000	       688	80002014	00000013	addi	x0,x0,0	  x0:0x00000000
        6905000	       689	80002018	01d0cab3	xor	x21,x1,x29	  x1:0xfffff93a x29:0x00000000 x21=0xfffff93a
        6915000	       690	8000201c	ee11bf13	sltiu	x30,x3,-287	  x3:0x00000000 x30=0x00000001
        6925000	       691	80002020	03e5c063	blt	x11,x30,80002040	 x11:0x00000000 x30:0x00000001
        6935000	       692	00000000	00000013	addi	x0,x0,0	  x0:0x00000000
        6945000	       693	8000203c	00000013	addi	x0,x0,0	  x0:0x00000000
        6955000	       694	80002040	05a6d663	bge	x13,x26,8000208c	 x13:0x00000000 x26:0x00000000
        6965000	       695	00000000	00000013	addi	x0,x0,0	  x0:0x00000000
        6975000	       696	80002088	00000013	addi	x0,x0,0	  x0:0x00000000
        6985000	       697	8000208c	01b3dc63	bge	x7,x27,800020a4	  x7:0x000ff967 x27:0x00000000
        6995000	       698	00000000	00000013	addi	x0,x0,0	  x0:0x00000000
        7005000	       699	800020a0	00000013	addi	x0,x0,0	  x0:0x00000000
        7015000	       700	800020a4	00a71bb3	sll	x23,x14,x10	 x14:0x7bfe1ffe x10:0x00000000 x23=0x7bfe1ffe
        7025000	       701	800020a8	4030dd93	srai	x27,x1,0x3	  x1:0xfffff93a x27=0xffffff27
        7035000	       702	800020ac	22dbf813	andi	x16,x23,557	 x23:0x7bfe1ffe x16=0x0000022c
        7045000	       703	800020b0	f4612e13	slti	x28,x2,-186	  x2:0x80009f70 x28=0x00000001
        7055000	       704	800020b4	01569793	slli	x15,x13,0x15	 x13:0x00000000 x15=0x00000000
        7065000	       705	800020b8	52483d13	sltiu	x26,x16,1316	 x16:0x0000022c x26=0x00000001
        7075000	       706	800020bc	7f1e0497	auipc	x9,0x7f1e0	  x9=0xff1e20b8
        7085000	       707	800020c0	ce7e0713	addi	x14,x28,-793	 x28:0x00000001 x14=0xfffffce8
        7095000	       708	800020c4	055de863	bltu	x27,x21,80002114	 x27:0xffffff27 x21:0xfffff93a
        7105000	       709	800020c8	0060dd33	srl	x26,x1,x6	  x1:0xfffff93a  x6:0x00000000 x26=0xfffff93a
        7115000	       710	800020cc	0073e033	or	x0,x7,x7	  x7:0x000ff967  x7:0x000ff967
        7125000	       711	800020d0	00d38eb3	add	x29,x7,x13	  x7:0x000ff967 x13:0x00000000 x29=0x000ff967
        7135000	       712	800020d4	42e1f613	andi	x12,x3,1070	  x3:0x00000000 x12=0x00000000
        7145000	       713	800020d8	004f3ab3	sltu	x21,x30,x4	 x30:0x00000001  x4:0x7fff6090 x21=0x00000001
        7155000	       714	800020dc	0107fc63	bgeu	x15,x16,800020f4	 x15:0x00000000 x16:0x0000022c
        7165000	       715	800020e0	057a6193	ori	x3,x20,87	 x20:0xfffff827  x3=0xfffff877
        7175000	       716	800020e4	37a04493	xori	x9,x0,890	  x0:0x00000000  x9=0x0000037a
        7185000	       717	800020e8	01ff1d13	slli	x26,x30,0x1f	 x30:0x00000001 x26=0x80000000
        7195000	       718	800020ec	f156ea93	ori	x21,x13,-235	 x13:0x00000000 x21=0xffffff15
        7205000	       719	800020f0	0063dab3	srl	x21,x7,x6	  x7:0x000ff967  x6:0x00000000 x21=0x000ff967
        7215000	       720	800020f4	0f809ab7	lui	x21,0xf809	 x21=0x0f809000
        7225000	       721	800020f8	00676a63	bltu	x14,x6,8000210c	 x14:0xfffffce8  x6:0x00000000
        7235000	       722	800020fc	e85def13	ori	x30,x27,-379	 x27:0xffffff27 x30=0xffffffa7
        7245000	       723	80002100	f5cc4b13	xori	x22,x24,-164	 x24:0x00000000 x22=0xffffff5c
        7255000	       724	80002104	002ce463	bltu	x25,x2,8000210c	 x25:0x00000000  x2:0x80009f70
        7265000	       725	00000000	00000013	addi	x0,x0,0	  x0:0x00000000
        7275000	       726	80002108	00000013	addi	x0,x0,0	  x0:0x00000000
        7285000	       727	8000210c	0235d463	bge	x11,x3,80002134	 x11:0x00000000  x3:0xfffff877
        7295000	       728	00000000	00000013	addi	x0,x0,0	  x0:0x00000000
        7305000	       729	80002130	00000013	addi	x0,x0,0	  x0:0x00000000
        7315000	       730	80002134	0107e4b3	or	x9,x15,x16	 x15:0x00000000 x16:0x0000022c  x9=0x0000022c
        7325000	       731	80002138	0031c833	xor	x16,x3,x3	  x3:0xfffff877  x3:0xfffff877 x16=0x00000000
        7335000	       732	8000213c	00f88863	beq	x17,x15,8000214c	 x17:0x80009fc4 x15:0x00000000
        7345000	       733	80002140	007d4263	blt	x26,x7,80002144	 x26:0x80000000  x7:0x000ff967
        7355000	       734	00000000	00000013	addi	x0,x0,0	  x0:0x00000000
        7365000	       735	80002140	00000013	addi	x0,x0,0	  x0:0x00000000
        7375000	       736	80002144	01fc0733	add	x14,x24,x31	 x24:0x00000000 x31:0x000000c8 x14=0x000000c8
        7385000	       737	80002148	5d9fe013	ori	x0,x31,1497	 x31:0x000000c8
        7395000	       738	8000214c	00bcb4b3	sltu	x9,x25,x11	 x25:0x00000000 x11:0x00000000  x9=0x00000000
        7405000	       739	80002150	4180d813	srai	x16,x1,0x18	  x1:0xfffff93a x16=0xffffffff
        7415000	       740	80002154	01cc2eb3	slt	x29,x24,x28	 x24:0x00000000 x28:0x00000001 x29=0x00000001
        7425000	       741	80002158	00412403	lw	x8,4(x2)	  x2:0x80009f70  x8=0x80000148 PA:0x80009f74
        7435000	       742	8000215c	1812bf13	sltiu	x30,x5,385	  x5:0x7fff6679 x30=0x00000000
        7445000	       743	80002160	01410113	addi	x2,x2,20	  x2:0x80009f70  x2=0x80009f84
        7455000	       744	80002164	e01f7837	lui	x16,0xe01f7	 x16=0xe01f7000
        7465000	       745	80002168	00140613	addi	x12,x8,1	  x8:0x80000148 x12=0x80000149
        7475000	       746	8000216c	00060667	jalr	x12,x12,0	 x12:0x80000149 x12=0x8000216c
        7485000	       747	00000000	00000013	addi	x0,x0,0	  x0:0x00000000
        7495000	       748	80000148	00000013	addi	x0,x0,0	  x0:0x00000000
        7505000	       749	8000014c	0149eb33	or	x22,x19,x20	 x19:0x00000055 x20:0xfffff827 x22=0xfffff877
        7515000	       750	80000150	41f1d9b3	sra	x19,x3,x31	  x3:0xfffff877 x31:0x000000c8 x19=0xfffffff8
        7525000	       751	80000154	f0b04993	xori	x19,x0,-245	  x0:0x00000000 x19=0xffffff0b
        7535000	       752	80000158	00002817	auipc	x16,0x2	 x16=0x80002154
        7545000	       753	8000015c	01880813	addi	x16,x16,24	 x16:0x80002154 x16=0x8000216c
        7555000	       754	80000160	13b0b213	sltiu	x4,x1,315	  x1:0xfffff93a  x4=0x00000000
        7565000	       755	80000164	aca92e13	slti	x28,x18,-1334	 x18:0x00000000 x28=0x00000000
        7575000	       756	80000168	f9780813	addi	x16,x16,-105	 x16:0x8000216c x16=0x80002103
        7585000	       757	8000016c	001403b3	add	x7,x8,x1	  x8:0x80000148  x1:0xfffff93a  x7=0x7ffffa82
        7595000	       758	80000170	00311663	bne	x2,x3,8000017c	  x2:0x80009f84  x3:0xfffff877
        7605000	       759	00000000	00000013	addi	x0,x0,0	  x0:0x00000000
        7615000	       760	80000178	00000013	addi	x0,x0,0	  x0:0x00000000
        7625000	       761	8000017c	06a80467	jalr	x8,x16,106	 x16:0x80002103  x8=0x8000017c
        7635000	       762	00000000	00000013	addi	x0,x0,0	  x0:0x00000000
        7645000	       763	8000216c	00000013	addi	x0,x0,0	  x0:0x00000000
        7655000	       764	80002170	c4d4b613	sltiu	x12,x9,-947	  x9:0x00000000 x12=0x00000001
        7665000	       765	80002174	00798463	beq	x19,x7,8000217c	 x19:0xffffff0b  x7:0x7ffffa82
        7675000	       766	80002178	a954e213	ori	x4,x9,-1387	  x9:0x00000000  x4=0xfffffa95
        7685000	       767	8000217c	ff010113	addi	x2,x2,-16	  x2:0x80009f84  x2=0x80009f74
        7695000	       768	80002180	416e80b3	sub	x1,x29,x22	 x29:0x00000001 x22:0xfffff877  x1=0x0000078a
        7705000	       769	80002184	402ad2b3	sra	x5,x21,x2	 x21:0x0f809000  x2:0x80009f74  x5=0x000000f8
        7715000	       770	80002188	00812223	sw	x8,4(x2)	  x2:0x80009f74  x8:0x8000017c PA:0x80009f78
        7725000	       771	8000218c	00000013	addi	x0,x0,0	  x0:0x00000000
        7735000	       772	80002190	00400093	addi	x1,x0,4	  x0:0x00000000  x1=0x00000004
        7745000	       773	80002194	00bbcf33	xor	x30,x23,x11	 x23:0x7bfe1ffe x11:0x00000000 x30=0x7bfe1ffe
        7755000	       774	80002198	00900593	addi	x11,x0,9	  x0:0x00000000 x11=0x00000009
        7765000	       775	8000219c	01171eb3	sll	x29,x14,x17	 x14:0x000000c8 x17:0x80009fc4 x29=0x00000c80
        7775000	       776	800021a0	41030cb3	sub	x25,x6,x16	  x6:0x00000000 x16:0x80002103 x25=0x7fffdefd
        7785000	       777	800021a4	00408093	addi	x1,x1,4	  x1:0x00000004  x1=0x00000008
        7795000	       778	800021a8	40c48a33	sub	x20,x9,x12	  x9:0x00000000 x12:0x00000001 x20=0xffffffff
        7805000	       779	800021ac	414b5733	sra	x14,x22,x20	 x22:0xfffff877 x20:0xffffffff x14=0xffffffff
        7815000	       780	800021b0	0002d733	srl	x14,x5,x0	  x5:0x000000f8  x0:0x00000000 x14=0x000000f8
        7825000	       781	800021b4	ffe00c13	addi	x24,x0,-2	  x0:0x00000000 x24=0xfffffffe
        7835000	       782	800021b8	0193fab3	and	x21,x7,x25	  x7:0x7ffffa82 x25:0x7fffdefd x21=0x7fffda80
        7845000	       783	800021bc	00400493	addi	x9,x0,4	  x0:0x00000000  x9=0x00000004
        7855000	       784	800021c0	52870993	addi	x19,x14,1320	 x14:0x000000f8 x19=0x00000620
        7865000	       785	800021c4	00690633	add	x12,x18,x6	 x18:0x00000000  x6:0x00000000 x12=0x00000000
        7875000	       786	800021c8	008e29b3	slt	x19,x28,x8	 x28:0x00000000  x8:0x8000017c x19=0x00000000
        7885000	       787	800021cc	41605233	sra	x4,x0,x22	  x0:0x00000000 x22:0xfffff877  x4=0x00000000
        7895000	       788	800021d0	002c0c13	addi	x24,x24,2	 x24:0xfffffffe x24=0x00000000
        7905000	       789	800021d4	006ff033	and	x0,x31,x6	 x31:0x000000c8  x6:0x00000000
        7915000	       790	800021d8	fe9c08e3	beq	x24,x9,800021c8	 x24:0x00000000  x9:0x00000004
        7925000	       791	800021dc	01569333	sll	x6,x13,x21	 x13:0x00000000 x21:0x7fffda80  x6=0x00000000
        7935000	       792	800021e0	003a02b3	add	x5,x20,x3	 x20:0xffffffff  x3:0xfffff877  x5=0xfffff876
        7945000	       793	800021e4	411cdf13	srai	x30,x25,0x11	 x25:0x7fffdefd x30=0x00003fff
        7955000	       794	800021e8	6b954b93	xori	x23,x10,1721	 x10:0x00000000 x23=0x000006b9
        7965000	       795	800021ec	5764b993	sltiu	x19,x9,1398	  x9:0x00000004 x19=0x00000001
        7975000	       796	800021f0	fab0e8e3	bltu	x1,x11,800021a0	  x1:0x00000008 x11:0x00000009
        7985000	       797	00000000	00000013	addi	x0,x0,0	  x0:0x00000000
        7995000	       798	8000219c	00000013	addi	x0,x0,0	  x0:0x00000000
        8005000	       799	800021a0	41030cb3	sub	x25,x6,x16	  x6:0x00000000 x16:0x80002103 x25=0x7fffdefd
        8015000	       800	800021a4	00408093	addi	x1,x1,4	  x1:0x00000008  x1=0x0000000c
        8025000	       801	800021a8	40c48a33	sub	x20,x9,x12	  x9:0x00000004 x12:0x00000000 x20=0x00000004
        8035000	       802	800021ac	414b5733	sra	x14,x22,x20	 x22:0xfffff877 x20:0x00000004 x14=0xffffff87
        8045000	       803	800021b0	0002d733	srl	x14,x5,x0	  x5:0xfffff876  x0:0x00000000 x14=0xfffff876
        8055000	       804	800021b4	ffe00c13	addi	x24,x0,-2	  x0:0x00000000 x24=0xfffffffe
        8065000	       805	800021b8	0193fab3	and	x21,x7,x25	  x7:0x7ffffa82 x25:0x7fffdefd x21=0x7fffda80
        8075000	       806	800021bc	00400493	addi	x9,x0,4	  x0:0x00000000  x9=0x00000004
        8085000	       807	800021c0	52870993	addi	x19,x14,1320	 x14:0xfffff876 x19=0xfffffd9e
        8095000	       808	800021c4	00690633	add	x12,x18,x6	 x18:0x00000000  x6:0x00000000 x12=0x00000000
        8105000	       809	800021c8	008e29b3	slt	x19,x28,x8	 x28:0x00000000  x8:0x8000017c x19=0x00000000
        8115000	       810	800021cc	41605233	sra	x4,x0,x22	  x0:0x00000000 x22:0xfffff877  x4=0x00000000
        8125000	       811	800021d0	002c0c13	addi	x24,x24,2	 x24:0xfffffffe x24=0x00000000
        8135000	       812	800021d4	006ff033	and	x0,x31,x6	 x31:0x000000c8  x6:0x00000000
        8145000	       813	800021d8	fe9c08e3	beq	x24,x9,800021c8	 x24:0x00000000  x9:0x00000004
        8155000	       814	800021dc	01569333	sll	x6,x13,x21	 x13:0x00000000 x21:0x7fffda80  x6=0x00000000
        8165000	       815	800021e0	003a02b3	add	x5,x20,x3	 x20:0x00000004  x3:0xfffff877  x5=0xfffff87b
        8175000	       816	800021e4	411cdf13	srai	x30,x25,0x11	 x25:0x7fffdefd x30=0x00003fff
        8185000	       817	800021e8	6b954b93	xori	x23,x10,1721	 x10:0x00000000 x23=0x000006b9
        8195000	       818	800021ec	5764b993	sltiu	x19,x9,1398	  x9:0x00000004 x19=0x00000001
        8205000	       819	800021f0	fab0e8e3	bltu	x1,x11,800021a0	  x1:0x0000000c x11:0x00000009
        8215000	       820	800021f4	01b20a33	add	x20,x4,x27	  x4:0x00000000 x27:0xffffff27 x20=0xffffff27
        8225000	       821	800021f8	00400e93	addi	x29,x0,4	  x0:0x00000000 x29=0x00000004
        8235000	       822	800021fc	00300d13	addi	x26,x0,3	  x0:0x00000000 x26=0x00000003
        8245000	       823	80002200	a15db397	auipc	x7,0xa15db	  x7=0x215dd1fc
        8255000	       824	80002204	a92dac13	slti	x24,x27,-1390	 x27:0xffffff27 x24=0x00000000
        8265000	       825	80002208	1edee337	lui	x6,0x1edee	  x6=0x1edee000
        8275000	       826	8000220c	fffe8e93	addi	x29,x29,-1	 x29:0x00000004 x29=0x00000003
        8285000	       827	80002210	41f15033	sra	x0,x2,x31	  x2:0x80009f74 x31:0x000000c8
        8295000	       828	80002214	01416233	or	x4,x2,x20	  x2:0x80009f74 x20:0xffffff27  x4=0xffffff77
        8305000	       829	80002218	ff600193	addi	x3,x0,-10	  x0:0x00000000  x3=0xfffffff6
        8315000	       830	8000221c	418a5093	srai	x1,x20,0x18	 x20:0xffffff27  x1=0xffffffff
        8325000	       831	80002220	00a00813	addi	x16,x0,10	  x0:0x00000000 x16=0x0000000a
        8335000	       832	80002224	014c49b3	xor	x19,x24,x20	 x24:0x00000000 x20:0xffffff27 x19=0xffffff27
        8345000	       833	80002228	00a18193	addi	x3,x3,10	  x3:0xfffffff6  x3=0x00000000
        8355000	       834	8000222c	ff018ce3	beq	x3,x16,80002224	  x3:0x00000000 x16:0x0000000a
        8365000	       835	80002230	fdaefae3	bgeu	x29,x26,80002204	 x29:0x00000003 x26:0x00000003
        8375000	       836	00000000	00000013	addi	x0,x0,0	  x0:0x00000000
        8385000	       837	80002200	00000013	addi	x0,x0,0	  x0:0x00000000
        8395000	       838	80002204	a92dac13	slti	x24,x27,-1390	 x27:0xffffff27 x24=0x00000000
        8405000	       839	80002208	1edee337	lui	x6,0x1edee	  x6=0x1edee000
        8415000	       840	8000220c	fffe8e93	addi	x29,x29,-1	 x29:0x00000003 x29=0x00000002
        8425000	       841	80002210	41f15033	sra	x0,x2,x31	  x2:0x80009f74 x31:0x000000c8
        8435000	       842	80002214	01416233	or	x4,x2,x20	  x2:0x80009f74 x20:0xffffff27  x4=0xffffff77
        8445000	       843	80002218	ff600193	addi	x3,x0,-10	  x0:0x00000000  x3=0xfffffff6
        8455000	       844	8000221c	418a5093	srai	x1,x20,0x18	 x20:0xffffff27  x1=0xffffffff
        8465000	       845	80002220	00a00813	addi	x16,x0,10	  x0:0x00000000 x16=0x0000000a
        8475000	       846	80002224	014c49b3	xor	x19,x24,x20	 x24:0x00000000 x20:0xffffff27 x19=0xffffff27
        8485000	       847	80002228	00a18193	addi	x3,x3,10	  x3:0xfffffff6  x3=0x00000000
        8495000	       848	8000222c	ff018ce3	beq	x3,x16,80002224	  x3:0x00000000 x16:0x0000000a
        8505000	       849	80002230	fdaefae3	bgeu	x29,x26,80002204	 x29:0x00000002 x26:0x00000003
        8515000	       850	80002234	40fed333	sra	x6,x29,x15	 x29:0x00000002 x15:0x00000000  x6=0x00000002
        8525000	       851	80002238	00a00213	addi	x4,x0,10	  x0:0x00000000  x4=0x0000000a
        8535000	       852	8000223c	40a8d833	sra	x16,x17,x10	 x17:0x80009fc4 x10:0x00000000 x16=0x80009fc4
        8545000	       853	80002240	413102b3	sub	x5,x2,x19	  x2:0x80009f74 x19:0xffffff27  x5=0x8000a04d
        8555000	       854	80002244	417e5a33	sra	x20,x28,x23	 x28:0x00000000 x23:0x000006b9 x20=0x00000000
        8565000	       855	80002248	472e5197	auipc	x3,0x472e5	  x3=0xc72e7244
        8575000	       856	8000224c	0097d7b3	srl	x15,x15,x9	 x15:0x00000000  x9:0x00000004 x15=0x00000000
        8585000	       857	80002250	fee00093	addi	x1,x0,-18	  x0:0x00000000  x1=0xffffffee
        8595000	       858	80002254	0020be33	sltu	x28,x1,x2	  x1:0xffffffee  x2:0x80009f74 x28=0x00000000
        8605000	       859	80002258	019b2e33	slt	x28,x22,x25	 x22:0xfffff877 x25:0x7fffdefd x28=0x00000001
        8615000	       860	8000225c	d9356393	ori	x7,x10,-621	 x10:0x00000000  x7=0xfffffd93
        8625000	       861	80002260	00e4bcb3	sltu	x25,x9,x14	  x9:0x00000004 x14:0xfffff876 x25=0x00000001
        8635000	       862	80002264	8bc8e293	ori	x5,x17,-1860	 x17:0x80009fc4  x5=0xfffffffc
        8645000	       863	80002268	ff920213	addi	x4,x4,-7	  x4:0x0000000a  x4=0x00000003
        8655000	       864	8000226c	01e02833	slt	x16,x0,x30	  x0:0x00000000 x30:0x00003fff x16=0x00000001
        8665000	       865	80002270	00400313	addi	x6,x0,4	  x0:0x00000000  x6=0x00000004
        8675000	       866	80002274	40c287b3	sub	x15,x5,x12	  x5:0xfffffffc x12:0x00000000 x15=0xfffffffc
        8685000	       867	80002278	41645933	sra	x18,x8,x22	  x8:0x8000017c x22:0xfffff877 x18=0xffffff00
        8695000	       868	8000227c	836aa293	slti	x5,x21,-1994	 x21:0x7fffda80  x5=0x00000000
        8705000	       869	80002280	01300d13	addi	x26,x0,19	  x0:0x00000000 x26=0x00000013
        8715000	       870	80002284	00c9deb3	srl	x29,x19,x12	 x19:0xffffff27 x12:0x00000000 x29=0xffffff27
        8725000	       871	80002288	0025cc33	xor	x24,x11,x2	 x11:0x00000009  x2:0x80009f74 x24=0x80009f7d
        8735000	       872	8000228c	405157b3	sra	x15,x2,x5	  x2:0x80009f74  x5:0x00000000 x15=0x80009f74
        8745000	       873	80002290	03b8ca17	auipc	x20,0x3b8c	 x20=0x83b8e28c
        8755000	       874	80002294	00d2b7b3	sltu	x15,x5,x13	  x5:0x00000000 x13:0x00000000 x15=0x00000000
        8765000	       875	80002298	00b8ef33	or	x30,x17,x11	 x17:0x80009fc4 x11:0x00000009 x30=0x80009fcd
        8775000	       876	8000229c	0009e3b3	or	x7,x19,x0	 x19:0xffffff27  x0:0x00000000  x7=0xffffff27
        8785000	       877	800022a0	87487c37	lui	x24,0x87487	 x24=0x87487000
        8795000	       878	800022a4	012b1c93	slli	x25,x22,0x12	 x22:0xfffff877 x25=0xe1dc0000
        8805000	       879	800022a8	00000013	addi	x0,x0,0	  x0:0x00000000
        8815000	       880	800022ac	00df5e13	srli	x28,x30,0xd	 x30:0x80009fcd x28=0x00040004
        8825000	       881	800022b0	00430313	addi	x6,x6,4	  x6:0x00000004  x6=0x00000008
        8835000	       882	800022b4	0099a2b3	slt	x5,x19,x9	 x19:0xffffff27  x9:0x00000004  x5=0x00000001
        8845000	       883	800022b8	ffa360e3	bltu	x6,x26,80002298	  x6:0x00000008 x26:0x00000013
        8855000	       884	00000000	00000013	addi	x0,x0,0	  x0:0x00000000
        8865000	       885	80002294	00000013	addi	x0,x0,0	  x0:0x00000000
        8875000	       886	80002298	00b8ef33	or	x30,x17,x11	 x17:0x80009fc4 x11:0x00000009 x30=0x80009fcd
        8885000	       887	8000229c	0009e3b3	or	x7,x19,x0	 x19:0xffffff27  x0:0x00000000  x7=0xffffff27
        8895000	       888	800022a0	87487c37	lui	x24,0x87487	 x24=0x87487000
        8905000	       889	800022a4	012b1c93	slli	x25,x22,0x12	 x22:0xfffff877 x25=0xe1dc0000
        8915000	       890	800022a8	00000013	addi	x0,x0,0	  x0:0x00000000
        8925000	       891	800022ac	00df5e13	srli	x28,x30,0xd	 x30:0x80009fcd x28=0x00040004
        8935000	       892	800022b0	00430313	addi	x6,x6,4	  x6:0x00000008  x6=0x0000000c
        8945000	       893	800022b4	0099a2b3	slt	x5,x19,x9	 x19:0xffffff27  x9:0x00000004  x5=0x00000001
        8955000	       894	800022b8	ffa360e3	bltu	x6,x26,80002298	  x6:0x0000000c x26:0x00000013
        8965000	       895	00000000	00000013	addi	x0,x0,0	  x0:0x00000000
        8975000	       896	80002294	00000013	addi	x0,x0,0	  x0:0x00000000
        8985000	       897	80002298	00b8ef33	or	x30,x17,x11	 x17:0x80009fc4 x11:0x00000009 x30=0x80009fcd
        8995000	       898	8000229c	0009e3b3	or	x7,x19,x0	 x19:0xffffff27  x0:0x00000000  x7=0xffffff27
        9005000	       899	800022a0	87487c37	lui	x24,0x87487	 x24=0x87487000
        9015000	       900	800022a4	012b1c93	slli	x25,x22,0x12	 x22:0xfffff877 x25=0xe1dc0000
        9025000	       901	800022a8	00000013	addi	x0,x0,0	  x0:0x00000000
        9035000	       902	800022ac	00df5e13	srli	x28,x30,0xd	 x30:0x80009fcd x28=0x00040004
        9045000	       903	800022b0	00430313	addi	x6,x6,4	  x6:0x0000000c  x6=0x00000010
        9055000	       904	800022b4	0099a2b3	slt	x5,x19,x9	 x19:0xffffff27  x9:0x00000004  x5=0x00000001
        9065000	       905	800022b8	ffa360e3	bltu	x6,x26,80002298	  x6:0x00000010 x26:0x00000013
        9075000	       906	00000000	00000013	addi	x0,x0,0	  x0:0x00000000
        9085000	       907	80002294	00000013	addi	x0,x0,0	  x0:0x00000000
        9095000	       908	80002298	00b8ef33	or	x30,x17,x11	 x17:0x80009fc4 x11:0x00000009 x30=0x80009fcd
        9105000	       909	8000229c	0009e3b3	or	x7,x19,x0	 x19:0xffffff27  x0:0x00000000  x7=0xffffff27
        9115000	       910	800022a0	87487c37	lui	x24,0x87487	 x24=0x87487000
        9125000	       911	800022a4	012b1c93	slli	x25,x22,0x12	 x22:0xfffff877 x25=0xe1dc0000
        9135000	       912	800022a8	00000013	addi	x0,x0,0	  x0:0x00000000
        9145000	       913	800022ac	00df5e13	srli	x28,x30,0xd	 x30:0x80009fcd x28=0x00040004
        9155000	       914	800022b0	00430313	addi	x6,x6,4	  x6:0x00000010  x6=0x00000014
        9165000	       915	800022b4	0099a2b3	slt	x5,x19,x9	 x19:0xffffff27  x9:0x00000004  x5=0x00000001
        9175000	       916	800022b8	ffa360e3	bltu	x6,x26,80002298	  x6:0x00000014 x26:0x00000013
        9185000	       917	800022bc	fa1200e3	beq	x4,x1,8000225c	  x4:0x00000003  x1:0xffffffee
        9195000	       918	800022c0	3c6a3013	sltiu	x0,x20,966	 x20:0x83b8e28c
        9205000	       919	800022c4	00400293	addi	x5,x0,4	  x0:0x00000000  x5=0x00000004
        9215000	       920	800022c8	00000d13	addi	x26,x0,0	  x0:0x00000000 x26=0x00000000
        9225000	       921	800022cc	4a3efb93	andi	x23,x29,1187	 x29:0xffffff27 x23=0x00000423
        9235000	       922	800022d0	ff628293	addi	x5,x5,-10	  x5:0x00000004  x5=0xfffffffa
        9245000	       923	800022d4	00500393	addi	x7,x0,5	  x0:0x00000000  x7=0x00000005
        9255000	       924	800022d8	00d00513	addi	x10,x0,13	  x0:0x00000000 x10=0x0000000d
        9265000	       925	800022dc	4017a193	slti	x3,x15,1025	 x15:0x00000000  x3=0x00000001
        9275000	       926	800022e0	01c5c1b3	xor	x3,x11,x28	 x11:0x00000009 x28:0x00040004  x3=0x0004000d
        9285000	       927	800022e4	01b39e33	sll	x28,x7,x27	  x7:0x00000005 x27:0xffffff27 x28=0x00000280
        9295000	       928	800022e8	00638393	addi	x7,x7,6	  x7:0x00000005  x7=0x0000000b
        9305000	       929	800022ec	fea3cae3	blt	x7,x10,800022e0	  x7:0x0000000b x10:0x0000000d
        9315000	       930	00000000	00000013	addi	x0,x0,0	  x0:0x00000000
        9325000	       931	800022dc	00000013	addi	x0,x0,0	  x0:0x00000000
        9335000	       932	800022e0	01c5c1b3	xor	x3,x11,x28	 x11:0x00000009 x28:0x00000280  x3=0x00000289
        9345000	       933	800022e4	01b39e33	sll	x28,x7,x27	  x7:0x0000000b x27:0xffffff27 x28=0x00000580
        9355000	       934	800022e8	00638393	addi	x7,x7,6	  x7:0x0000000b  x7=0x00000011
        9365000	       935	800022ec	fea3cae3	blt	x7,x10,800022e0	  x7:0x00000011 x10:0x0000000d
        9375000	       936	800022f0	fda2dee3	bge	x5,x26,800022cc	  x5:0xfffffffa x26:0x00000000
        9385000	       937	800022f4	b9f05937	lui	x18,0xb9f05	 x18=0xb9f05000
        9395000	       938	800022f8	fff00713	addi	x14,x0,-1	  x0:0x00000000 x14=0xffffffff
        9405000	       939	800022fc	012673b3	and	x7,x12,x18	 x12:0x00000000 x18:0xb9f05000  x7=0x00000000
        9415000	       940	80002300	01daffb3	and	x31,x21,x29	 x21:0x7fffda80 x29:0xffffff27 x31=0x7fffda00
        9425000	       941	80002304	40ab5033	sra	x0,x22,x10	 x22:0xfffff877 x10:0x0000000d
        9435000	       942	80002308	ffc00d13	addi	x26,x0,-4	  x0:0x00000000 x26=0xfffffffc
        9445000	       943	8000230c	4098de93	srai	x29,x17,0x9	 x17:0x80009fc4 x29=0xffc0004f
        9455000	       944	80002310	fe8de293	ori	x5,x27,-24	 x27:0xffffff27  x5=0xffffffef
        9465000	       945	80002314	ffd70713	addi	x14,x14,-3	 x14:0xffffffff x14=0xfffffffc
        9475000	       946	80002318	01de5bb3	srl	x23,x28,x29	 x28:0x00000580 x29:0xffc0004f x23=0x00000000
        9485000	       947	8000231c	ffa70ae3	beq	x14,x26,80002310	 x14:0xfffffffc x26:0xfffffffc
        9495000	       948	00000000	00000013	addi	x0,x0,0	  x0:0x00000000
        9505000	       949	8000230c	00000013	addi	x0,x0,0	  x0:0x00000000
        9515000	       950	80002310	fe8de293	ori	x5,x27,-24	 x27:0xffffff27  x5=0xffffffef
        9525000	       951	80002314	ffd70713	addi	x14,x14,-3	 x14:0xfffffffc x14=0xfffffff9
        9535000	       952	80002318	01de5bb3	srl	x23,x28,x29	 x28:0x00000580 x29:0xffc0004f x23=0x00000000
        9545000	       953	8000231c	ffa70ae3	beq	x14,x26,80002310	 x14:0xfffffff9 x26:0xfffffffc
        9555000	       954	80002320	5565a093	slti	x1,x11,1366	 x11:0x00000009  x1=0x00000001
        9565000	       955	80002324	6672af13	slti	x30,x5,1639	  x5:0xffffffef x30=0x00000001
        9575000	       956	80002328	01697ab3	and	x21,x18,x22	 x18:0xb9f05000 x22:0xfffff877 x21=0xb9f05000
        9585000	       957	8000232c	40cb5833	sra	x16,x22,x12	 x22:0xfffff877 x12:0x00000000 x16=0xfffff877
        9595000	       958	80002330	0b954813	xori	x16,x10,185	 x10:0x0000000d x16=0x000000b4
        9605000	       959	80002334	00b73833	sltu	x16,x14,x11	 x14:0xfffffff9 x11:0x00000009 x16=0x00000000
        9615000	       960	80002338	02370a63	beq	x14,x3,8000236c	 x14:0xfffffff9  x3:0x00000289
        9625000	       961	8000233c	5b728513	addi	x10,x5,1463	  x5:0xffffffef x10=0x000005a6
        9635000	       962	80002340	00ef1433	sll	x8,x30,x14	 x30:0x00000001 x14:0xfffffff9  x8=0x02000000
        9645000	       963	80002344	01f3f333	and	x6,x7,x31	  x7:0x00000000 x31:0x7fffda00  x6=0x00000000
        9655000	       964	80002348	00e0e233	or	x4,x1,x14	  x1:0x00000001 x14:0xfffffff9  x4=0xfffffff9
        9665000	       965	8000234c	402fd193	srai	x3,x31,0x2	 x31:0x7fffda00  x3=0x1ffff680
        9675000	       966	80002350	001fea33	or	x20,x31,x1	 x31:0x7fffda00  x1:0x00000001 x20=0x7fffda01
        9685000	       967	80002354	b6e76813	ori	x16,x14,-1170	 x14:0xfffffff9 x16=0xffffffff
        9695000	       968	80002358	a292c793	xori	x15,x5,-1495	  x5:0xffffffef x15=0x000005c6
        9705000	       969	8000235c	0176bb33	sltu	x22,x13,x23	 x13:0x00000000 x23:0x00000000 x22=0x00000000
        9715000	       970	80002360	167e54b7	lui	x9,0x167e5	  x9=0x167e5000
        9725000	       971	80002364	fe51bc13	sltiu	x24,x3,-27	  x3:0x1ffff680 x24=0x00000001
        9735000	       972	80002368	00821c63	bne	x4,x8,80002380	  x4:0xfffffff9  x8:0x02000000
        9745000	       973	00000000	00000013	addi	x0,x0,0	  x0:0x00000000
        9755000	       974	8000237c	00000013	addi	x0,x0,0	  x0:0x00000000
        9765000	       975	80002380	01d37463	bgeu	x6,x29,80002388	  x6:0x00000000 x29:0xffc0004f
        9775000	       976	80002384	b3cec393	xori	x7,x29,-1220	 x29:0xffc0004f  x7=0x003ffb73
        9785000	       977	80002388	011801b3	add	x3,x16,x17	 x16:0xffffffff x17:0x80009fc4  x3=0x80009fc3
        9795000	       978	8000238c	00c2dd13	srli	x26,x5,0xc	  x5:0xffffffef x26=0x000fffff
        9805000	       979	80002390	e099ca13	xori	x20,x19,-503	 x19:0xffffff27 x20=0x0000012e
        9815000	       980	80002394	4098dc33	sra	x24,x17,x9	 x17:0x80009fc4  x9:0x167e5000 x24=0x80009fc4
        9825000	       981	80002398	0035d433	srl	x8,x11,x3	 x11:0x00000009  x3:0x80009fc3  x8=0x00000001
        9835000	       982	8000239c	4164d513	srai	x10,x9,0x16	  x9:0x167e5000 x10=0x00000059
        9845000	       983	800023a0	00e2bbb3	sltu	x23,x5,x14	  x5:0xffffffef x14:0xfffffff9 x23=0x00000001
        9855000	       984	800023a4	012443b3	xor	x7,x8,x18	  x8:0x00000001 x18:0xb9f05000  x7=0xb9f05001
        9865000	       985	800023a8	333e8513	addi	x10,x29,819	 x29:0xffc0004f x10=0xffc00382
        9875000	       986	800023ac	007b9013	slli	x0,x23,0x7	 x23:0x00000001
        9885000	       987	800023b0	00accc63	blt	x25,x10,800023c8	 x25:0xe1dc0000 x10:0xffc00382
        9895000	       988	00000000	00000013	addi	x0,x0,0	  x0:0x00000000
        9905000	       989	800023c4	00000013	addi	x0,x0,0	  x0:0x00000000
        9915000	       990	800023c8	72d73493	sltiu	x9,x14,1837	 x14:0xfffffff9  x9=0x00000000
        9925000	       991	800023cc	039c8863	beq	x25,x25,800023fc	 x25:0xe1dc0000 x25:0xe1dc0000
        9935000	       992	00000000	00000013	addi	x0,x0,0	  x0:0x00000000
        9945000	       993	800023f8	00000013	addi	x0,x0,0	  x0:0x00000000
        9955000	       994	800023fc	00635313	srli	x6,x6,0x6	  x6:0x00000000  x6=0x00000000
        9965000	       995	80002400	886e3f97	auipc	x31,0x886e3	 x31=0x086e53fc
        9975000	       996	80002404	edf37437	lui	x8,0xedf37	  x8=0xedf37000
        9985000	       997	80002408	011ec533	xor	x10,x29,x17	 x29:0xffc0004f x17:0x80009fc4 x10=0x7fc09f8b
        9995000	       998	8000240c	00d68933	add	x18,x13,x13	 x13:0x00000000 x13:0x00000000 x18=0x00000000
       10005000	       999	80002410	404b8fb3	sub	x31,x23,x4	 x23:0x00000001  x4:0xfffffff9 x31=0x00000008
       10015000	      1000	80002414	418d5a93	srai	x21,x26,0x18	 x26:0x000fffff x21=0x00000000
       10025000	      1001	80002418	00aee663	bltu	x29,x10,80002424	 x29:0xffc0004f x10:0x7fc09f8b
       10035000	      1002	8000241c	40b1d3b3	sra	x7,x3,x11	  x3:0x80009fc3 x11:0x00000009  x7=0xffc0004f
       10045000	      1003	80002420	01443e33	sltu	x28,x8,x20	  x8:0xedf37000 x20:0x0000012e x28=0x00000000
       10055000	      1004	80002424	a92da293	slti	x5,x27,-1390	 x27:0xffffff27  x5=0x00000000
       10065000	      1005	80002428	00000013	addi	x0,x0,0	  x0:0x00000000
       10075000	      1006	8000242c	01d35193	srli	x3,x6,0x1d	  x6:0x00000000  x3=0x00000000
       10085000	      1007	80002430	00a57433	and	x8,x10,x10	 x10:0x7fc09f8b x10:0x7fc09f8b  x8=0x7fc09f8b
       10095000	      1008	80002434	b85f3713	sltiu	x14,x30,-1147	 x30:0x00000001 x14=0x00000001
       10105000	      1009	80002438	6bf5b593	sltiu	x11,x11,1727	 x11:0x00000009 x11=0x00000001
       10115000	      1010	8000243c	00239663	bne	x7,x2,80002448	  x7:0xffc0004f  x2:0x80009f74
       10125000	      1011	00000000	00000013	addi	x0,x0,0	  x0:0x00000000
       10135000	      1012	80002444	00000013	addi	x0,x0,0	  x0:0x00000000
       10145000	      1013	80002448	01abdf33	srl	x30,x23,x26	 x23:0x00000001 x26:0x000fffff x30=0x00000000
       10155000	      1014	8000244c	010c5263	bge	x24,x16,80002450	 x24:0x80009fc4 x16:0xffffffff
       10165000	      1015	80002450	2f2dfb13	andi	x22,x27,754	 x27:0xffffff27 x22=0x00000222
       10175000	      1016	80002454	057b9263	bne	x23,x23,80002498	 x23:0x00000001 x23:0x00000001
       10185000	      1017	80002458	ce2b3993	sltiu	x19,x22,-798	 x22:0x00000222 x19=0x00000001
       10195000	      1018	8000245c	03dc1c63	bne	x24,x29,80002494	 x24:0x80009fc4 x29:0xffc0004f
       10205000	      1019	00000000	00000013	addi	x0,x0,0	  x0:0x00000000
       10215000	      1020	80002490	00000013	addi	x0,x0,0	  x0:0x00000000
       10225000	      1021	80002494	00830263	beq	x6,x8,80002498	  x6:0x00000000  x8:0x7fc09f8b
       10235000	      1022	80002498	01d9fc63	bgeu	x19,x29,800024b0	 x19:0x00000001 x29:0xffc0004f
       10245000	      1023	8000249c	3a90ad93	slti	x27,x1,937	  x1:0x00000001 x27=0x00000001
       10255000	      1024	800024a0	0186f533	and	x10,x13,x24	 x13:0x00000000 x24:0x80009fc4 x10=0x00000000
       10265000	      1025	800024a4	409c8333	sub	x6,x25,x9	 x25:0xe1dc0000  x9:0x00000000  x6=0xe1dc0000
       10275000	      1026	800024a8	019603b3	add	x7,x12,x25	 x12:0x00000000 x25:0xe1dc0000  x7=0xe1dc0000
       10285000	      1027	800024ac	d8f48413	addi	x8,x9,-625	  x9:0x00000000  x8=0xfffffd8f
       10295000	      1028	800024b0	022a6c63	bltu	x20,x2,800024e8	 x20:0x0000012e  x2:0x80009f74
       10305000	      1029	00000000	00000013	addi	x0,x0,0	  x0:0x00000000
       10315000	      1030	800024e4	00000013	addi	x0,x0,0	  x0:0x00000000
       10325000	      1031	800024e8	01689263	bne	x17,x22,800024ec	 x17:0x80009fc4 x22:0x00000222
       10335000	      1032	00000000	00000013	addi	x0,x0,0	  x0:0x00000000
       10345000	      1033	800024e8	00000013	addi	x0,x0,0	  x0:0x00000000
       10355000	      1034	800024ec	24187c37	lui	x24,0x24187	 x24=0x24187000
       10365000	      1035	800024f0	26ace993	ori	x19,x25,618	 x25:0xe1dc0000 x19=0xe1dc026a
       10375000	      1036	800024f4	5265b493	sltiu	x9,x11,1318	 x11:0x00000001  x9=0x00000001
       10385000	      1037	800024f8	00000013	addi	x0,x0,0	  x0:0x00000000
       10395000	      1038	800024fc	01a40bb3	add	x23,x8,x26	  x8:0xfffffd8f x26:0x000fffff x23=0x000ffd8e
       10405000	      1039	80002500	00b6a5b3	slt	x11,x13,x11	 x13:0x00000000 x11:0x00000001 x11=0x00000001
       10415000	      1040	80002504	006bebb3	or	x23,x23,x6	 x23:0x000ffd8e  x6:0xe1dc0000 x23=0xe1dffd8e
       10425000	      1041	80002508	04c19063	bne	x3,x12,80002548	  x3:0x00000000 x12:0x00000000
       10435000	      1042	8000250c	40f15293	srai	x5,x2,0xf	  x2:0x80009f74  x5=0xffff0001
       10445000	      1043	80002510	03af5863	bge	x30,x26,80002540	 x30:0x00000000 x26:0x000fffff
       10455000	      1044	80002514	729f0f93	addi	x31,x30,1833	 x30:0x00000000 x31=0x00000729
       10465000	      1045	80002518	496f6313	ori	x6,x30,1174	 x30:0x00000000  x6=0x00000496
       10475000	      1046	8000251c	01879493	slli	x9,x15,0x18	 x15:0x000005c6  x9=0xc6000000
       10485000	      1047	80002520	0042fcb3	and	x25,x5,x4	  x5:0xffff0001  x4:0xfffffff9 x25=0xffff0001
       10495000	      1048	80002524	406ada13	srai	x20,x21,0x6	 x21:0x00000000 x20=0x00000000
       10505000	      1049	80002528	b1613b17	auipc	x22,0xb1613	 x22=0x31615524
       10515000	      1050	8000252c	008edab3	srl	x21,x29,x8	 x29:0xffc0004f  x8:0xfffffd8f x21=0x0001ff80
       10525000	      1051	80002530	14663c13	sltiu	x24,x12,326	 x12:0x00000000 x24=0x00000001
       10535000	      1052	80002534	024b6263	bltu	x22,x4,80002558	 x22:0x31615524  x4:0xfffffff9
       10545000	      1053	00000000	00000013	addi	x0,x0,0	  x0:0x00000000
       10555000	      1054	80002554	00000013	addi	x0,x0,0	  x0:0x00000000
       10565000	      1055	80002558	05a24263	blt	x4,x26,8000259c	  x4:0xfffffff9 x26:0x000fffff
       10575000	      1056	00000000	00000013	addi	x0,x0,0	  x0:0x00000000
       10585000	      1057	80002598	00000013	addi	x0,x0,0	  x0:0x00000000
       10595000	      1058	8000259c	0001a733	slt	x14,x3,x0	  x3:0x00000000  x0:0x00000000 x14=0x00000000
       10605000	      1059	800025a0	a4fff293	andi	x5,x31,-1457	 x31:0x00000729  x5=0x00000209
       10615000	      1060	800025a4	cc1a2a17	auipc	x20,0xcc1a2	 x20=0x4c1a45a0
       10625000	      1061	800025a8	ba293f93	sltiu	x31,x18,-1118	 x18:0x00000000 x31=0x00000001
       10635000	      1062	800025ac	55f1eb13	ori	x22,x3,1375	  x3:0x00000000 x22=0x0000055f
       10645000	      1063	800025b0	d0144e13	xori	x28,x8,-767	  x8:0xfffffd8f x28=0x0000008e
       10655000	      1064	800025b4	1e358c13	addi	x24,x11,483	 x11:0x00000001 x24=0x000001e4
       10665000	      1065	800025b8	01335613	srli	x12,x6,0x13	  x6:0x00000496 x12=0x00000000
       10675000	      1066	800025bc	40115f33	sra	x30,x2,x1	  x2:0x80009f74  x1:0x00000001 x30=0xc0004fba
       10685000	      1067	800025c0	013e8db3	add	x27,x29,x19	 x29:0xffc0004f x19:0xe1dc026a x27=0xe19c02b9
       10695000	      1068	800025c4	05569263	bne	x13,x21,80002608	 x13:0x00000000 x21:0x0001ff80
       10705000	      1069	00000000	00000013	addi	x0,x0,0	  x0:0x00000000
       10715000	      1070	80002604	00000013	addi	x0,x0,0	  x0:0x00000000
       10725000	      1071	80002608	0525d863	bge	x11,x18,80002658	 x11:0x00000001 x18:0x00000000
       10735000	      1072	00000000	00000013	addi	x0,x0,0	  x0:0x00000000
       10745000	      1073	80002654	00000013	addi	x0,x0,0	  x0:0x00000000
       10755000	      1074	80002658	00000013	addi	x0,x0,0	  x0:0x00000000
       10765000	      1075	8000265c	0051e4b3	or	x9,x3,x5	  x3:0x00000000  x5:0x00000209  x9=0x00000209
       10775000	      1076	80002660	02927263	bgeu	x4,x9,80002684	  x4:0xfffffff9  x9:0x00000209
       10785000	      1077	00000000	00000013	addi	x0,x0,0	  x0:0x00000000
       10795000	      1078	80002680	00000013	addi	x0,x0,0	  x0:0x00000000
       10805000	      1079	80002684	0121e433	or	x8,x3,x18	  x3:0x00000000 x18:0x00000000  x8=0x00000000
       10815000	      1080	80002688	41348933	sub	x18,x9,x19	  x9:0x00000209 x19:0xe1dc026a x18=0x1e23ff9f
       10825000	      1081	8000268c	014350b3	srl	x1,x6,x20	  x6:0x00000496 x20:0x4c1a45a0  x1=0x00000496
       10835000	      1082	80002690	04ade263	bltu	x27,x10,800026d4	 x27:0xe19c02b9 x10:0x00000000
       10845000	      1083	80002694	0122db33	srl	x22,x5,x18	  x5:0x00000209 x18:0x1e23ff9f x22=0x00000000
       10855000	      1084	80002698	2226e813	ori	x16,x13,546	 x13:0x00000000 x16=0x00000222
       10865000	      1085	8000269c	00000013	addi	x0,x0,0	  x0:0x00000000
       10875000	      1086	800026a0	02210863	beq	x2,x2,800026d0	  x2:0x80009f74  x2:0x80009f74
       10885000	      1087	00000000	00000013	addi	x0,x0,0	  x0:0x00000000
       10895000	      1088	800026cc	00000013	addi	x0,x0,0	  x0:0x00000000
       10905000	      1089	800026d0	014e1793	slli	x15,x28,0x14	 x28:0x0000008e x15=0x08e00000
       10915000	      1090	800026d4	10ba8d13	addi	x26,x21,267	 x21:0x0001ff80 x26=0x0002008b
       10925000	      1091	800026d8	0057d263	bge	x15,x5,800026dc	 x15:0x08e00000  x5:0x00000209
       10935000	      1092	00000000	00000013	addi	x0,x0,0	  x0:0x00000000
       10945000	      1093	800026d8	00000013	addi	x0,x0,0	  x0:0x00000000
       10955000	      1094	800026dc	000bdc63	bge	x23,x0,800026f4	 x23:0xe1dffd8e  x0:0x00000000
       10965000	      1095	800026e0	01f89213	slli	x4,x17,0x1f	 x17:0x80009fc4  x4=0x00000000
       10975000	      1096	800026e4	415c0db3	sub	x27,x24,x21	 x24:0x000001e4 x21:0x0001ff80 x27=0xfffe0264
       10985000	      1097	800026e8	02096063	bltu	x18,x0,80002708	 x18:0x1e23ff9f  x0:0x00000000
       10995000	      1098	800026ec	00adc533	xor	x10,x27,x10	 x27:0xfffe0264 x10:0x00000000 x10=0xfffe0264
       11005000	      1099	800026f0	005f8c63	beq	x31,x5,80002708	 x31:0x00000001  x5:0x00000209
       11015000	      1100	800026f4	00000013	addi	x0,x0,0	  x0:0x00000000
       11025000	      1101	800026f8	001790b3	sll	x1,x15,x1	 x15:0x08e00000  x1:0x00000496  x1=0x00000000
       11035000	      1102	800026fc	018b6fb3	or	x31,x22,x24	 x22:0x00000000 x24:0x000001e4 x31=0x000001e4
       11045000	      1103	80002700	018855b3	srl	x11,x16,x24	 x16:0x00000222 x24:0x000001e4 x11=0x00000022
       11055000	      1104	80002704	01669e13	slli	x28,x13,0x16	 x13:0x00000000 x28=0x00000000
       11065000	      1105	80002708	00a4f233	and	x4,x9,x10	  x9:0x00000209 x10:0xfffe0264  x4=0x00000200
       11075000	      1106	8000270c	00edc1b3	xor	x3,x27,x14	 x27:0xfffe0264 x14:0x00000000  x3=0xfffe0264
       11085000	      1107	80002710	01910e33	add	x28,x2,x25	  x2:0x80009f74 x25:0xffff0001 x28=0x7fff9f75
       11095000	      1108	80002714	00412403	lw	x8,4(x2)	  x2:0x80009f74  x8=0x8000017c PA:0x80009f78
       11105000	      1109	80002718	40b7d613	srai	x12,x15,0xb	 x15:0x08e00000 x12=0x00011c00
       11115000	      1110	8000271c	011e12b3	sll	x5,x28,x17	 x28:0x7fff9f75 x17:0x80009fc4  x5=0xfff9f750
       11125000	      1111	80002720	417a84b3	sub	x9,x21,x23	 x21:0x0001ff80 x23:0xe1dffd8e  x9=0x1e2201f2
       11135000	      1112	80002724	01010113	addi	x2,x2,16	  x2:0x80009f74  x2=0x80009f84
       11145000	      1113	80002728	01c90fb3	add	x31,x18,x28	 x18:0x1e23ff9f x28:0x7fff9f75 x31=0x9e239f14
       11155000	      1114	8000272c	00040913	addi	x18,x8,0	  x8:0x8000017c x18=0x8000017c
       11165000	      1115	80002730	00090967	jalr	x18,x18,0	 x18:0x8000017c x18=0x80002730
       11175000	      1116	00000000	00000013	addi	x0,x0,0	  x0:0x00000000
       11185000	      1117	8000017c	00000013	addi	x0,x0,0	  x0:0x00000000
       11195000	      1118	80000180	ff600e13	addi	x28,x0,-10	  x0:0x00000000 x28=0xfffffff6
       11205000	      1119	80000184	0135b933	sltu	x18,x11,x19	 x11:0x00000022 x19:0xe1dc026a x18=0x00000001
       11215000	      1120	80000188	41968733	sub	x14,x13,x25	 x13:0x00000000 x25:0xffff0001 x14=0x0000ffff
       11225000	      1121	8000018c	11fbb593	sltiu	x11,x23,287	 x23:0xe1dffd8e x11=0x00000000
       11235000	      1122	80000190	00200993	addi	x19,x0,2	  x0:0x00000000 x19=0x00000002
       11245000	      1123	80000194	23a6ce93	xori	x29,x13,570	 x13:0x00000000 x29=0x0000023a
       11255000	      1124	80000198	01d710b3	sll	x1,x14,x29	 x14:0x0000ffff x29:0x0000023a  x1=0xfc000000
       11265000	      1125	8000019c	014e9813	slli	x16,x29,0x14	 x29:0x0000023a x16=0x23a00000
       11275000	      1126	800001a0	ef4a4913	xori	x18,x20,-268	 x20:0x4c1a45a0 x18=0xb3e5bb54
       11285000	      1127	800001a4	006e0e13	addi	x28,x28,6	 x28:0xfffffff6 x28=0xfffffffc
       11295000	      1128	800001a8	00000013	addi	x0,x0,0	  x0:0x00000000
       11305000	      1129	800001ac	d0168d13	addi	x26,x13,-767	 x13:0x00000000 x26=0xfffffd01
       11315000	      1130	800001b0	ff700293	addi	x5,x0,-9	  x0:0x00000000  x5=0xfffffff7
       11325000	      1131	800001b4	2b7fac93	slti	x25,x31,695	 x31:0x9e239f14 x25=0x00000001
       11335000	      1132	800001b8	fee00613	addi	x12,x0,-18	  x0:0x00000000 x12=0xffffffee
       11345000	      1133	800001bc	43f3c713	xori	x14,x7,1087	  x7:0xe1dc0000 x14=0xe1dc043f
       11355000	      1134	800001c0	ffd28293	addi	x5,x5,-3	  x5:0xfffffff7  x5=0xfffffff4
       11365000	      1135	800001c4	00dda433	slt	x8,x27,x13	 x27:0xfffe0264 x13:0x00000000  x8=0x00000001
       11375000	      1136	800001c8	5b12af13	slti	x30,x5,1457	  x5:0xfffffff4 x30=0x00000001
       11385000	      1137	800001cc	52e77713	andi	x14,x14,1326	 x14:0xe1dc043f x14=0x0000042e
       11395000	      1138	800001d0	fec286e3	beq	x5,x12,800001bc	  x5:0xfffffff4 x12:0xffffffee
       11405000	      1139	800001d4	410ddd33	sra	x26,x27,x16	 x27:0xfffe0264 x16:0x23a00000 x26=0xfffe0264
       11415000	      1140	800001d8	27cfc513	xori	x10,x31,636	 x31:0x9e239f14 x10=0x9e239d68
       11425000	      1141	800001dc	fd3e42e3	blt	x28,x19,800001a0	 x28:0xfffffffc x19:0x00000002
       11435000	      1142	00000000	00000013	addi	x0,x0,0	  x0:0x00000000
       11445000	      1143	8000019c	00000013	addi	x0,x0,0	  x0:0x00000000
       11455000	      1144	800001a0	ef4a4913	xori	x18,x20,-268	 x20:0x4c1a45a0 x18=0xb3e5bb54
       11465000	      1145	800001a4	006e0e13	addi	x28,x28,6	 x28:0xfffffffc x28=0x00000002
       11475000	      1146	800001a8	00000013	addi	x0,x0,0	  x0:0x00000000
       11485000	      1147	800001ac	d0168d13	addi	x26,x13,-767	 x13:0x00000000 x26=0xfffffd01
       11495000	      1148	800001b0	ff700293	addi	x5,x0,-9	  x0:0x00000000  x5=0xfffffff7
       11505000	      1149	800001b4	2b7fac93	slti	x25,x31,695	 x31:0x9e239f14 x25=0x00000001
       11515000	      1150	800001b8	fee00613	addi	x12,x0,-18	  x0:0x00000000 x12=0xffffffee
       11525000	      1151	800001bc	43f3c713	xori	x14,x7,1087	  x7:0xe1dc0000 x14=0xe1dc043f
       11535000	      1152	800001c0	ffd28293	addi	x5,x5,-3	  x5:0xfffffff7  x5=0xfffffff4
       11545000	      1153	800001c4	00dda433	slt	x8,x27,x13	 x27:0xfffe0264 x13:0x00000000  x8=0x00000001
       11555000	      1154	800001c8	5b12af13	slti	x30,x5,1457	  x5:0xfffffff4 x30=0x00000001
       11565000	      1155	800001cc	52e77713	andi	x14,x14,1326	 x14:0xe1dc043f x14=0x0000042e
       11575000	      1156	800001d0	fec286e3	beq	x5,x12,800001bc	  x5:0xfffffff4 x12:0xffffffee
       11585000	      1157	800001d4	410ddd33	sra	x26,x27,x16	 x27:0xfffe0264 x16:0x23a00000 x26=0xfffe0264
       11595000	      1158	800001d8	27cfc513	xori	x10,x31,636	 x31:0x9e239f14 x10=0x9e239d68
       11605000	      1159	800001dc	fd3e42e3	blt	x28,x19,800001a0	 x28:0x00000002 x19:0x00000002
       11615000	      1160	800001e0	414e0a33	sub	x20,x28,x20	 x28:0x00000002 x20:0x4c1a45a0 x20=0xb3e5ba62
       11625000	      1161	800001e4	00000713	addi	x14,x0,0	  x0:0x00000000 x14=0x00000000
       11635000	      1162	800001e8	01132e33	slt	x28,x6,x17	  x6:0x00000496 x17:0x80009fc4 x28=0x00000000
       11645000	      1163	800001ec	00000013	addi	x0,x0,0	  x0:0x00000000
       11655000	      1164	800001f0	ff700813	addi	x16,x0,-9	  x0:0x00000000 x16=0xfffffff7
       11665000	      1165	800001f4	00000013	addi	x0,x0,0	  x0:0x00000000
       11675000	      1166	800001f8	00b27633	and	x12,x4,x11	  x4:0x00000200 x11:0x00000000 x12=0x00000000
       11685000	      1167	800001fc	015c1093	slli	x1,x24,0x15	 x24:0x000001e4  x1=0x3c800000
       11695000	      1168	80000200	ff770713	addi	x14,x14,-9	 x14:0x00000000 x14=0xfffffff7
       11705000	      1169	80000204	40abdc93	srai	x25,x23,0xa	 x23:0xe1dffd8e x25=0xfff877ff
       11715000	      1170	80000208	40afde13	srai	x28,x31,0xa	 x31:0x9e239f14 x28=0xffe788e7
       11725000	      1171	8000020c	41d1d633	sra	x12,x3,x29	  x3:0xfffe0264 x29:0x0000023a x12=0xffffffff
       11735000	      1172	80000210	ff0714e3	bne	x14,x16,800001f8	 x14:0xfffffff7 x16:0xfffffff7
       11745000	      1173	80000214	011b6bb3	or	x23,x22,x17	 x22:0x00000000 x17:0x80009fc4 x23=0x80009fc4
       11755000	      1174	80000218	00200c13	addi	x24,x0,2	  x0:0x00000000 x24=0x00000002
       11765000	      1175	8000021c	01400493	addi	x9,x0,20	  x0:0x00000000  x9=0x00000014
       11775000	      1176	80000220	014f8733	add	x14,x31,x20	 x31:0x9e239f14 x20:0xb3e5ba62 x14=0x52095976
       11785000	      1177	80000224	dd92e413	ori	x8,x5,-551	  x5:0xfffffff4  x8=0xfffffffd
       11795000	      1178	80000228	00ff60b3	or	x1,x30,x15	 x30:0x00000001 x15:0x08e00000  x1=0x08e00001
       11805000	      1179	8000022c	00b04ab3	xor	x21,x0,x11	  x0:0x00000000 x11:0x00000000 x21=0x00000000
       11815000	      1180	80000230	0060e933	or	x18,x1,x6	  x1:0x08e00001  x6:0x00000496 x18=0x08e00497
       11825000	      1181	80000234	1c78af13	slti	x30,x17,455	 x17:0x80009fc4 x30=0x00000001
       11835000	      1182	80000238	009c0c13	addi	x24,x24,9	 x24:0x00000002 x24=0x0000000b
       11845000	      1183	8000023c	01de93b3	sll	x7,x29,x29	 x29:0x0000023a x29:0x0000023a  x7=0xe8000000
       11855000	      1184	80000240	006b2e33	slt	x28,x22,x6	 x22:0x00000000  x6:0x00000496 x28=0x00000001
       11865000	      1185	80000244	ffc00993	addi	x19,x0,-4	  x0:0x00000000 x19=0xfffffffc
       11875000	      1186	80000248	00f252b3	srl	x5,x4,x15	  x4:0x00000200 x15:0x08e00000  x5=0x00000200
       11885000	      1187	8000024c	45c6bd93	sltiu	x27,x13,1116	 x13:0x00000000 x27=0x00000001
       11895000	      1188	80000250	ff000593	addi	x11,x0,-16	  x0:0x00000000 x11=0xfffffff0
       11905000	      1189	80000254	040f3937	lui	x18,0x40f3	 x18=0x040f3000
       11915000	      1190	80000258	a64bce13	xori	x28,x23,-1436	 x23:0x80009fc4 x28=0x7fff65a0
       11925000	      1191	8000025c	00f10633	add	x12,x2,x15	  x2:0x80009f84 x15:0x08e00000 x12=0x88e09f84
       11935000	      1192	80000260	9797ceb7	lui	x29,0x9797c	 x29=0x9797c000
       11945000	      1193	80000264	00a61833	sll	x16,x12,x10	 x12:0x88e09f84 x10:0x9e239d68 x16=0xe09f8400
       11955000	      1194	80000268	ffe98993	addi	x19,x19,-2	 x19:0xfffffffc x19=0xfffffffa
       11965000	      1195	8000026c	feb996e3	bne	x19,x11,80000258	 x19:0xfffffffa x11:0xfffffff0
       11975000	      1196	00000000	00000013	addi	x0,x0,0	  x0:0x00000000
       11985000	      1197	80000254	00000013	addi	x0,x0,0	  x0:0x00000000
       11995000	      1198	80000258	a64bce13	xori	x28,x23,-1436	 x23:0x80009fc4 x28=0x7fff65a0
       12005000	      1199	8000025c	00f10633	add	x12,x2,x15	  x2:0x80009f84 x15:0x08e00000 x12=0x88e09f84
       12015000	      1200	80000260	9797ceb7	lui	x29,0x9797c	 x29=0x9797c000
       12025000	      1201	80000264	00a61833	sll	x16,x12,x10	 x12:0x88e09f84 x10:0x9e239d68 x16=0xe09f8400
       12035000	      1202	80000268	ffe98993	addi	x19,x19,-2	 x19:0xfffffffa x19=0xfffffff8
       12045000	      1203	8000026c	feb996e3	bne	x19,x11,80000258	 x19:0xfffffff8 x11:0xfffffff0
       12055000	      1204	00000000	00000013	addi	x0,x0,0	  x0:0x00000000
       12065000	      1205	80000254	00000013	addi	x0,x0,0	  x0:0x00000000
       12075000	      1206	80000258	a64bce13	xori	x28,x23,-1436	 x23:0x80009fc4 x28=0x7fff65a0
       12085000	      1207	8000025c	00f10633	add	x12,x2,x15	  x2:0x80009f84 x15:0x08e00000 x12=0x88e09f84
       12095000	      1208	80000260	9797ceb7	lui	x29,0x9797c	 x29=0x9797c000
       12105000	      1209	80000264	00a61833	sll	x16,x12,x10	 x12:0x88e09f84 x10:0x9e239d68 x16=0xe09f8400
       12115000	      1210	80000268	ffe98993	addi	x19,x19,-2	 x19:0xfffffff8 x19=0xfffffff6
       12125000	      1211	8000026c	feb996e3	bne	x19,x11,80000258	 x19:0xfffffff6 x11:0xfffffff0
       12135000	      1212	00000000	00000013	addi	x0,x0,0	  x0:0x00000000
       12145000	      1213	80000254	00000013	addi	x0,x0,0	  x0:0x00000000
       12155000	      1214	80000258	a64bce13	xori	x28,x23,-1436	 x23:0x80009fc4 x28=0x7fff65a0
       12165000	      1215	8000025c	00f10633	add	x12,x2,x15	  x2:0x80009f84 x15:0x08e00000 x12=0x88e09f84
       12175000	      1216	80000260	9797ceb7	lui	x29,0x9797c	 x29=0x9797c000
       12185000	      1217	80000264	00a61833	sll	x16,x12,x10	 x12:0x88e09f84 x10:0x9e239d68 x16=0xe09f8400
       12195000	      1218	80000268	ffe98993	addi	x19,x19,-2	 x19:0xfffffff6 x19=0xfffffff4
       12205000	      1219	8000026c	feb996e3	bne	x19,x11,80000258	 x19:0xfffffff4 x11:0xfffffff0
       12215000	      1220	00000000	00000013	addi	x0,x0,0	  x0:0x00000000
       12225000	      1221	80000254	00000013	addi	x0,x0,0	  x0:0x00000000
       12235000	      1222	80000258	a64bce13	xori	x28,x23,-1436	 x23:0x80009fc4 x28=0x7fff65a0
       12245000	      1223	8000025c	00f10633	add	x12,x2,x15	  x2:0x80009f84 x15:0x08e00000 x12=0x88e09f84
       12255000	      1224	80000260	9797ceb7	lui	x29,0x9797c	 x29=0x9797c000
       12265000	      1225	80000264	00a61833	sll	x16,x12,x10	 x12:0x88e09f84 x10:0x9e239d68 x16=0xe09f8400
       12275000	      1226	80000268	ffe98993	addi	x19,x19,-2	 x19:0xfffffff4 x19=0xfffffff2
       12285000	      1227	8000026c	feb996e3	bne	x19,x11,80000258	 x19:0xfffffff2 x11:0xfffffff0
       12295000	      1228	00000000	00000013	addi	x0,x0,0	  x0:0x00000000
       12305000	      1229	80000254	00000013	addi	x0,x0,0	  x0:0x00000000
       12315000	      1230	80000258	a64bce13	xori	x28,x23,-1436	 x23:0x80009fc4 x28=0x7fff65a0
       12325000	      1231	8000025c	00f10633	add	x12,x2,x15	  x2:0x80009f84 x15:0x08e00000 x12=0x88e09f84
       12335000	      1232	80000260	9797ceb7	lui	x29,0x9797c	 x29=0x9797c000
       12345000	      1233	80000264	00a61833	sll	x16,x12,x10	 x12:0x88e09f84 x10:0x9e239d68 x16=0xe09f8400
       12355000	      1234	80000268	ffe98993	addi	x19,x19,-2	 x19:0xfffffff2 x19=0xfffffff0
       12365000	      1235	8000026c	feb996e3	bne	x19,x11,80000258	 x19:0xfffffff0 x11:0xfffffff0
       12375000	      1236	80000270	f83aa813	slti	x16,x21,-125	 x21:0x00000000 x16=0x00000000
       12385000	      1237	80000274	41718633	sub	x12,x3,x23	  x3:0xfffe0264 x23:0x80009fc4 x12=0x7ffd62a0
       12395000	      1238	80000278	fa9c44e3	blt	x24,x9,80000220	 x24:0x0000000b  x9:0x00000014
       12405000	      1239	00000000	00000013	addi	x0,x0,0	  x0:0x00000000
       12415000	      1240	8000021c	00000013	addi	x0,x0,0	  x0:0x00000000
       12425000	      1241	80000220	014f8733	add	x14,x31,x20	 x31:0x9e239f14 x20:0xb3e5ba62 x14=0x52095976
       12435000	      1242	80000224	dd92e413	ori	x8,x5,-551	  x5:0x00000200  x8=0xffffffd9
       12445000	      1243	80000228	00ff60b3	or	x1,x30,x15	 x30:0x00000001 x15:0x08e00000  x1=0x08e00001
       12455000	      1244	8000022c	00b04ab3	xor	x21,x0,x11	  x0:0x00000000 x11:0xfffffff0 x21=0xfffffff0
       12465000	      1245	80000230	0060e933	or	x18,x1,x6	  x1:0x08e00001  x6:0x00000496 x18=0x08e00497
       12475000	      1246	80000234	1c78af13	slti	x30,x17,455	 x17:0x80009fc4 x30=0x00000001
       12485000	      1247	80000238	009c0c13	addi	x24,x24,9	 x24:0x0000000b x24=0x00000014
       12495000	      1248	8000023c	01de93b3	sll	x7,x29,x29	 x29:0x9797c000 x29:0x9797c000  x7=0x9797c000
       12505000	      1249	80000240	006b2e33	slt	x28,x22,x6	 x22:0x00000000  x6:0x00000496 x28=0x00000001
       12515000	      1250	80000244	ffc00993	addi	x19,x0,-4	  x0:0x00000000 x19=0xfffffffc
       12525000	      1251	80000248	00f252b3	srl	x5,x4,x15	  x4:0x00000200 x15:0x08e00000  x5=0x00000200
       12535000	      1252	8000024c	45c6bd93	sltiu	x27,x13,1116	 x13:0x00000000 x27=0x00000001
       12545000	      1253	80000250	ff000593	addi	x11,x0,-16	  x0:0x00000000 x11=0xfffffff0
       12555000	      1254	80000254	040f3937	lui	x18,0x40f3	 x18=0x040f3000
       12565000	      1255	80000258	a64bce13	xori	x28,x23,-1436	 x23:0x80009fc4 x28=0x7fff65a0
       12575000	      1256	8000025c	00f10633	add	x12,x2,x15	  x2:0x80009f84 x15:0x08e00000 x12=0x88e09f84
       12585000	      1257	80000260	9797ceb7	lui	x29,0x9797c	 x29=0x9797c000
       12595000	      1258	80000264	00a61833	sll	x16,x12,x10	 x12:0x88e09f84 x10:0x9e239d68 x16=0xe09f8400
       12605000	      1259	80000268	ffe98993	addi	x19,x19,-2	 x19:0xfffffffc x19=0xfffffffa
       12615000	      1260	8000026c	feb996e3	bne	x19,x11,80000258	 x19:0xfffffffa x11:0xfffffff0
       12625000	      1261	00000000	00000013	addi	x0,x0,0	  x0:0x00000000
       12635000	      1262	80000254	00000013	addi	x0,x0,0	  x0:0x00000000
       12645000	      1263	80000258	a64bce13	xori	x28,x23,-1436	 x23:0x80009fc4 x28=0x7fff65a0
       12655000	      1264	8000025c	00f10633	add	x12,x2,x15	  x2:0x80009f84 x15:0x08e00000 x12=0x88e09f84
       12665000	      1265	80000260	9797ceb7	lui	x29,0x9797c	 x29=0x9797c000
       12675000	      1266	80000264	00a61833	sll	x16,x12,x10	 x12:0x88e09f84 x10:0x9e239d68 x16=0xe09f8400
       12685000	      1267	80000268	ffe98993	addi	x19,x19,-2	 x19:0xfffffffa x19=0xfffffff8
       12695000	      1268	8000026c	feb996e3	bne	x19,x11,80000258	 x19:0xfffffff8 x11:0xfffffff0
       12705000	      1269	00000000	00000013	addi	x0,x0,0	  x0:0x00000000
       12715000	      1270	80000254	00000013	addi	x0,x0,0	  x0:0x00000000
       12725000	      1271	80000258	a64bce13	xori	x28,x23,-1436	 x23:0x80009fc4 x28=0x7fff65a0
       12735000	      1272	8000025c	00f10633	add	x12,x2,x15	  x2:0x80009f84 x15:0x08e00000 x12=0x88e09f84
       12745000	      1273	80000260	9797ceb7	lui	x29,0x9797c	 x29=0x9797c000
       12755000	      1274	80000264	00a61833	sll	x16,x12,x10	 x12:0x88e09f84 x10:0x9e239d68 x16=0xe09f8400
       12765000	      1275	80000268	ffe98993	addi	x19,x19,-2	 x19:0xfffffff8 x19=0xfffffff6
       12775000	      1276	8000026c	feb996e3	bne	x19,x11,80000258	 x19:0xfffffff6 x11:0xfffffff0
       12785000	      1277	00000000	00000013	addi	x0,x0,0	  x0:0x00000000
       12795000	      1278	80000254	00000013	addi	x0,x0,0	  x0:0x00000000
       12805000	      1279	80000258	a64bce13	xori	x28,x23,-1436	 x23:0x80009fc4 x28=0x7fff65a0
       12815000	      1280	8000025c	00f10633	add	x12,x2,x15	  x2:0x80009f84 x15:0x08e00000 x12=0x88e09f84
       12825000	      1281	80000260	9797ceb7	lui	x29,0x9797c	 x29=0x9797c000
       12835000	      1282	80000264	00a61833	sll	x16,x12,x10	 x12:0x88e09f84 x10:0x9e239d68 x16=0xe09f8400
       12845000	      1283	80000268	ffe98993	addi	x19,x19,-2	 x19:0xfffffff6 x19=0xfffffff4
       12855000	      1284	8000026c	feb996e3	bne	x19,x11,80000258	 x19:0xfffffff4 x11:0xfffffff0
       12865000	      1285	00000000	00000013	addi	x0,x0,0	  x0:0x00000000
       12875000	      1286	80000254	00000013	addi	x0,x0,0	  x0:0x00000000
       12885000	      1287	80000258	a64bce13	xori	x28,x23,-1436	 x23:0x80009fc4 x28=0x7fff65a0
       12895000	      1288	8000025c	00f10633	add	x12,x2,x15	  x2:0x80009f84 x15:0x08e00000 x12=0x88e09f84
       12905000	      1289	80000260	9797ceb7	lui	x29,0x9797c	 x29=0x9797c000
       12915000	      1290	80000264	00a61833	sll	x16,x12,x10	 x12:0x88e09f84 x10:0x9e239d68 x16=0xe09f8400
       12925000	      1291	80000268	ffe98993	addi	x19,x19,-2	 x19:0xfffffff4 x19=0xfffffff2
       12935000	      1292	8000026c	feb996e3	bne	x19,x11,80000258	 x19:0xfffffff2 x11:0xfffffff0
       12945000	      1293	00000000	00000013	addi	x0,x0,0	  x0:0x00000000
       12955000	      1294	80000254	00000013	addi	x0,x0,0	  x0:0x00000000
       12965000	      1295	80000258	a64bce13	xori	x28,x23,-1436	 x23:0x80009fc4 x28=0x7fff65a0
       12975000	      1296	8000025c	00f10633	add	x12,x2,x15	  x2:0x80009f84 x15:0x08e00000 x12=0x88e09f84
       12985000	      1297	80000260	9797ceb7	lui	x29,0x9797c	 x29=0x9797c000
       12995000	      1298	80000264	00a61833	sll	x16,x12,x10	 x12:0x88e09f84 x10:0x9e239d68 x16=0xe09f8400
       13005000	      1299	80000268	ffe98993	addi	x19,x19,-2	 x19:0xfffffff2 x19=0xfffffff0
       13015000	      1300	8000026c	feb996e3	bne	x19,x11,80000258	 x19:0xfffffff0 x11:0xfffffff0
       13025000	      1301	80000270	f83aa813	slti	x16,x21,-125	 x21:0xfffffff0 x16=0x00000000
       13035000	      1302	80000274	41718633	sub	x12,x3,x23	  x3:0xfffe0264 x23:0x80009fc4 x12=0x7ffd62a0
       13045000	      1303	80000278	fa9c44e3	blt	x24,x9,80000220	 x24:0x00000014  x9:0x00000014
       13055000	      1304	8000027c	2cdff193	andi	x3,x31,717	 x31:0x9e239f14  x3=0x00000204
       13065000	      1305	80000280	00a00a13	addi	x20,x0,10	  x0:0x00000000 x20=0x0000000a
       13075000	      1306	80000284	fef00c13	addi	x24,x0,-17	  x0:0x00000000 x24=0xffffffef
       13085000	      1307	80000288	008af433	and	x8,x21,x8	 x21:0xfffffff0  x8:0xffffffd9  x8=0xffffffd0
       13095000	      1308	8000028c	00000013	addi	x0,x0,0	  x0:0x00000000
       13105000	      1309	80000290	ffda0a13	addi	x20,x20,-3	 x20:0x0000000a x20=0x00000007
       13115000	      1310	80000294	00200293	addi	x5,x0,2	  x0:0x00000000  x5=0x00000002
       13125000	      1311	80000298	01400393	addi	x7,x0,20	  x0:0x00000000  x7=0x00000014
       13135000	      1312	8000029c	ca90ce17	auipc	x28,0xca90c	 x28=0x4a90c298
       13145000	      1313	800002a0	00928293	addi	x5,x5,9	  x5:0x00000002  x5=0x0000000b
       13155000	      1314	800002a4	016aae33	slt	x28,x21,x22	 x21:0xfffffff0 x22:0x00000000 x28=0x00000001
       13165000	      1315	800002a8	fe728ae3	beq	x5,x7,8000029c	  x5:0x0000000b  x7:0x00000014
       13175000	      1316	800002ac	fd8a1ee3	bne	x20,x24,80000288	 x20:0x00000007 x24:0xffffffef
       13185000	      1317	00000000	00000013	addi	x0,x0,0	  x0:0x00000000
       13195000	      1318	80000284	00000013	addi	x0,x0,0	  x0:0x00000000
       13205000	      1319	80000288	008af433	and	x8,x21,x8	 x21:0xfffffff0  x8:0xffffffd0  x8=0xffffffd0
       13215000	      1320	8000028c	00000013	addi	x0,x0,0	  x0:0x00000000
       13225000	      1321	80000290	ffda0a13	addi	x20,x20,-3	 x20:0x00000007 x20=0x00000004
       13235000	      1322	80000294	00200293	addi	x5,x0,2	  x0:0x00000000  x5=0x00000002
       13245000	      1323	80000298	01400393	addi	x7,x0,20	  x0:0x00000000  x7=0x00000014
       13255000	      1324	8000029c	ca90ce17	auipc	x28,0xca90c	 x28=0x4a90c298
       13265000	      1325	800002a0	00928293	addi	x5,x5,9	  x5:0x00000002  x5=0x0000000b
       13275000	      1326	800002a4	016aae33	slt	x28,x21,x22	 x21:0xfffffff0 x22:0x00000000 x28=0x00000001
       13285000	      1327	800002a8	fe728ae3	beq	x5,x7,8000029c	  x5:0x0000000b  x7:0x00000014
       13295000	      1328	800002ac	fd8a1ee3	bne	x20,x24,80000288	 x20:0x00000004 x24:0xffffffef
       13305000	      1329	00000000	00000013	addi	x0,x0,0	  x0:0x00000000
       13315000	      1330	80000284	00000013	addi	x0,x0,0	  x0:0x00000000
       13325000	      1331	80000288	008af433	and	x8,x21,x8	 x21:0xfffffff0  x8:0xffffffd0  x8=0xffffffd0
       13335000	      1332	8000028c	00000013	addi	x0,x0,0	  x0:0x00000000
       13345000	      1333	80000290	ffda0a13	addi	x20,x20,-3	 x20:0x00000004 x20=0x00000001
       13355000	      1334	80000294	00200293	addi	x5,x0,2	  x0:0x00000000  x5=0x00000002
       13365000	      1335	80000298	01400393	addi	x7,x0,20	  x0:0x00000000  x7=0x00000014
       13375000	      1336	8000029c	ca90ce17	auipc	x28,0xca90c	 x28=0x4a90c298
       13385000	      1337	800002a0	00928293	addi	x5,x5,9	  x5:0x00000002  x5=0x0000000b
       13395000	      1338	800002a4	016aae33	slt	x28,x21,x22	 x21:0xfffffff0 x22:0x00000000 x28=0x00000001
       13405000	      1339	800002a8	fe728ae3	beq	x5,x7,8000029c	  x5:0x0000000b  x7:0x00000014
       13415000	      1340	800002ac	fd8a1ee3	bne	x20,x24,80000288	 x20:0x00000001 x24:0xffffffef
       13425000	      1341	00000000	00000013	addi	x0,x0,0	  x0:0x00000000
       13435000	      1342	80000284	00000013	addi	x0,x0,0	  x0:0x00000000
       13445000	      1343	80000288	008af433	and	x8,x21,x8	 x21:0xfffffff0  x8:0xffffffd0  x8=0xffffffd0
       13455000	      1344	8000028c	00000013	addi	x0,x0,0	  x0:0x00000000
       13465000	      1345	80000290	ffda0a13	addi	x20,x20,-3	 x20:0x00000001 x20=0xfffffffe
       13475000	      1346	80000294	00200293	addi	x5,x0,2	  x0:0x00000000  x5=0x00000002
       13485000	      1347	80000298	01400393	addi	x7,x0,20	  x0:0x00000000  x7=0x00000014
       13495000	      1348	8000029c	ca90ce17	auipc	x28,0xca90c	 x28=0x4a90c298
       13505000	      1349	800002a0	00928293	addi	x5,x5,9	  x5:0x00000002  x5=0x0000000b
       13515000	      1350	800002a4	016aae33	slt	x28,x21,x22	 x21:0xfffffff0 x22:0x00000000 x28=0x00000001
       13525000	      1351	800002a8	fe728ae3	beq	x5,x7,8000029c	  x5:0x0000000b  x7:0x00000014
       13535000	      1352	800002ac	fd8a1ee3	bne	x20,x24,80000288	 x20:0xfffffffe x24:0xffffffef
       13545000	      1353	00000000	00000013	addi	x0,x0,0	  x0:0x00000000
       13555000	      1354	80000284	00000013	addi	x0,x0,0	  x0:0x00000000
       13565000	      1355	80000288	008af433	and	x8,x21,x8	 x21:0xfffffff0  x8:0xffffffd0  x8=0xffffffd0
       13575000	      1356	8000028c	00000013	addi	x0,x0,0	  x0:0x00000000
       13585000	      1357	80000290	ffda0a13	addi	x20,x20,-3	 x20:0xfffffffe x20=0xfffffffb
       13595000	      1358	80000294	00200293	addi	x5,x0,2	  x0:0x00000000  x5=0x00000002
       13605000	      1359	80000298	01400393	addi	x7,x0,20	  x0:0x00000000  x7=0x00000014
       13615000	      1360	8000029c	ca90ce17	auipc	x28,0xca90c	 x28=0x4a90c298
       13625000	      1361	800002a0	00928293	addi	x5,x5,9	  x5:0x00000002  x5=0x0000000b
       13635000	      1362	800002a4	016aae33	slt	x28,x21,x22	 x21:0xfffffff0 x22:0x00000000 x28=0x00000001
       13645000	      1363	800002a8	fe728ae3	beq	x5,x7,8000029c	  x5:0x0000000b  x7:0x00000014
       13655000	      1364	800002ac	fd8a1ee3	bne	x20,x24,80000288	 x20:0xfffffffb x24:0xffffffef
       13665000	      1365	00000000	00000013	addi	x0,x0,0	  x0:0x00000000
       13675000	      1366	80000284	00000013	addi	x0,x0,0	  x0:0x00000000
       13685000	      1367	80000288	008af433	and	x8,x21,x8	 x21:0xfffffff0  x8:0xffffffd0  x8=0xffffffd0
       13695000	      1368	8000028c	00000013	addi	x0,x0,0	  x0:0x00000000
       13705000	      1369	80000290	ffda0a13	addi	x20,x20,-3	 x20:0xfffffffb x20=0xfffffff8
       13715000	      1370	80000294	00200293	addi	x5,x0,2	  x0:0x00000000  x5=0x00000002
       13725000	      1371	80000298	01400393	addi	x7,x0,20	  x0:0x00000000  x7=0x00000014
       13735000	      1372	8000029c	ca90ce17	auipc	x28,0xca90c	 x28=0x4a90c298
       13745000	      1373	800002a0	00928293	addi	x5,x5,9	  x5:0x00000002  x5=0x0000000b
       13755000	      1374	800002a4	016aae33	slt	x28,x21,x22	 x21:0xfffffff0 x22:0x00000000 x28=0x00000001
       13765000	      1375	800002a8	fe728ae3	beq	x5,x7,8000029c	  x5:0x0000000b  x7:0x00000014
       13775000	      1376	800002ac	fd8a1ee3	bne	x20,x24,80000288	 x20:0xfffffff8 x24:0xffffffef
       13785000	      1377	00000000	00000013	addi	x0,x0,0	  x0:0x00000000
       13795000	      1378	80000284	00000013	addi	x0,x0,0	  x0:0x00000000
       13805000	      1379	80000288	008af433	and	x8,x21,x8	 x21:0xfffffff0  x8:0xffffffd0  x8=0xffffffd0
       13815000	      1380	8000028c	00000013	addi	x0,x0,0	  x0:0x00000000
       13825000	      1381	80000290	ffda0a13	addi	x20,x20,-3	 x20:0xfffffff8 x20=0xfffffff5
       13835000	      1382	80000294	00200293	addi	x5,x0,2	  x0:0x00000000  x5=0x00000002
       13845000	      1383	80000298	01400393	addi	x7,x0,20	  x0:0x00000000  x7=0x00000014
       13855000	      1384	8000029c	ca90ce17	auipc	x28,0xca90c	 x28=0x4a90c298
       13865000	      1385	800002a0	00928293	addi	x5,x5,9	  x5:0x00000002  x5=0x0000000b
       13875000	      1386	800002a4	016aae33	slt	x28,x21,x22	 x21:0xfffffff0 x22:0x00000000 x28=0x00000001
       13885000	      1387	800002a8	fe728ae3	beq	x5,x7,8000029c	  x5:0x0000000b  x7:0x00000014
       13895000	      1388	800002ac	fd8a1ee3	bne	x20,x24,80000288	 x20:0xfffffff5 x24:0xffffffef
       13905000	      1389	00000000	00000013	addi	x0,x0,0	  x0:0x00000000
       13915000	      1390	80000284	00000013	addi	x0,x0,0	  x0:0x00000000
       13925000	      1391	80000288	008af433	and	x8,x21,x8	 x21:0xfffffff0  x8:0xffffffd0  x8=0xffffffd0
       13935000	      1392	8000028c	00000013	addi	x0,x0,0	  x0:0x00000000
       13945000	      1393	80000290	ffda0a13	addi	x20,x20,-3	 x20:0xfffffff5 x20=0xfffffff2
       13955000	      1394	80000294	00200293	addi	x5,x0,2	  x0:0x00000000  x5=0x00000002
       13965000	      1395	80000298	01400393	addi	x7,x0,20	  x0:0x00000000  x7=0x00000014
       13975000	      1396	8000029c	ca90ce17	auipc	x28,0xca90c	 x28=0x4a90c298
       13985000	      1397	800002a0	00928293	addi	x5,x5,9	  x5:0x00000002  x5=0x0000000b
       13995000	      1398	800002a4	016aae33	slt	x28,x21,x22	 x21:0xfffffff0 x22:0x00000000 x28=0x00000001
       14005000	      1399	800002a8	fe728ae3	beq	x5,x7,8000029c	  x5:0x0000000b  x7:0x00000014
       14015000	      1400	800002ac	fd8a1ee3	bne	x20,x24,80000288	 x20:0xfffffff2 x24:0xffffffef
       14025000	      1401	00000000	00000013	addi	x0,x0,0	  x0:0x00000000
       14035000	      1402	80000284	00000013	addi	x0,x0,0	  x0:0x00000000
       14045000	      1403	80000288	008af433	and	x8,x21,x8	 x21:0xfffffff0  x8:0xffffffd0  x8=0xffffffd0
       14055000	      1404	8000028c	00000013	addi	x0,x0,0	  x0:0x00000000
       14065000	      1405	80000290	ffda0a13	addi	x20,x20,-3	 x20:0xfffffff2 x20=0xffffffef
       14075000	      1406	80000294	00200293	addi	x5,x0,2	  x0:0x00000000  x5=0x00000002
       14085000	      1407	80000298	01400393	addi	x7,x0,20	  x0:0x00000000  x7=0x00000014
       14095000	      1408	8000029c	ca90ce17	auipc	x28,0xca90c	 x28=0x4a90c298
       14105000	      1409	800002a0	00928293	addi	x5,x5,9	  x5:0x00000002  x5=0x0000000b
       14115000	      1410	800002a4	016aae33	slt	x28,x21,x22	 x21:0xfffffff0 x22:0x00000000 x28=0x00000001
       14125000	      1411	800002a8	fe728ae3	beq	x5,x7,8000029c	  x5:0x0000000b  x7:0x00000014
       14135000	      1412	800002ac	fd8a1ee3	bne	x20,x24,80000288	 x20:0xffffffef x24:0xffffffef
       14145000	      1413	800002b0	18c7ff13	andi	x30,x15,396	 x15:0x08e00000 x30=0x00000000
       14155000	      1414	800002b4	01128633	add	x12,x5,x17	  x5:0x0000000b x17:0x80009fc4 x12=0x80009fcf
       14165000	      1415	800002b8	9379b293	sltiu	x5,x19,-1737	 x19:0xfffffff0  x5=0x00000000
       14175000	      1416	800002bc	0ce2b437	lui	x8,0xce2b	  x8=0x0ce2b000
       14185000	      1417	800002c0	015d7c63	bgeu	x26,x21,800002d8	 x26:0xfffe0264 x21:0xfffffff0
       14195000	      1418	800002c4	58f70f37	lui	x30,0x58f70	 x30=0x58f70000
       14205000	      1419	800002c8	aeacae13	slti	x28,x25,-1302	 x25:0xfff877ff x28=0x00000001
       14215000	      1420	800002cc	02eedc63	bge	x29,x14,80000304	 x29:0x9797c000 x14:0x52095976
       14225000	      1421	800002d0	07e22313	slti	x6,x4,126	  x4:0x00000200  x6=0x00000000
       14235000	      1422	800002d4	387ca793	slti	x15,x25,903	 x25:0xfff877ff x15=0x00000001
       14245000	      1423	800002d8	04521863	bne	x4,x5,80000328	  x4:0x00000200  x5:0x00000000
       14255000	      1424	00000000	00000013	addi	x0,x0,0	  x0:0x00000000
       14265000	      1425	80000324	00000013	addi	x0,x0,0	  x0:0x00000000
       14275000	      1426	80000328	00505fb3	srl	x31,x0,x5	  x0:0x00000000  x5:0x00000000 x31=0x00000000
       14285000	      1427	8000032c	01b5b1b3	sltu	x3,x11,x27	 x11:0xfffffff0 x27:0x00000001  x3=0x00000000
       14295000	      1428	80000330	41d1d013	srai	x0,x3,0x1d	  x3:0x00000000
       14305000	      1429	80000334	02fd7263	bgeu	x26,x15,80000358	 x26:0xfffe0264 x15:0x00000001
       14315000	      1430	00000000	00000013	addi	x0,x0,0	  x0:0x00000000
       14325000	      1431	80000354	00000013	addi	x0,x0,0	  x0:0x00000000
       14335000	      1432	80000358	00b2f5b3	and	x11,x5,x11	  x5:0x00000000 x11:0xfffffff0 x11=0x00000000
       14345000	      1433	8000035c	004b13b3	sll	x7,x22,x4	 x22:0x00000000  x4:0x00000200  x7=0x00000000
       14355000	      1434	80000360	0bb2f663	bgeu	x5,x27,8000040c	  x5:0x00000000 x27:0x00000001
       14365000	      1435	80000364	ff600d93	addi	x27,x0,-10	  x0:0x00000000 x27=0xfffffff6
       14375000	      1436	80000368	00f00213	addi	x4,x0,15	  x0:0x00000000  x4=0x0000000f
       14385000	      1437	8000036c	293e4c37	lui	x24,0x293e4	 x24=0x293e4000
       14395000	      1438	80000370	001d8d93	addi	x27,x27,1	 x27:0xfffffff6 x27=0xfffffff7
       14405000	      1439	80000374	4076d013	srai	x0,x13,0x7	 x13:0x00000000
       14415000	      1440	80000378	ffb00713	addi	x14,x0,-5	  x0:0x00000000 x14=0xfffffffb
       14425000	      1441	8000037c	41815633	sra	x12,x2,x24	  x2:0x80009f84 x24:0x293e4000 x12=0x80009f84
       14435000	      1442	80000380	fee00913	addi	x18,x0,-18	  x0:0x00000000 x18=0xffffffee
       14445000	      1443	80000384	49da3793	sltiu	x15,x20,1181	 x20:0xffffffef x15=0x00000000
       14455000	      1444	80000388	ffa70713	addi	x14,x14,-6	 x14:0xfffffffb x14=0xfffffff5
       14465000	      1445	8000038c	ff275ce3	bge	x14,x18,80000384	 x14:0xfffffff5 x18:0xffffffee
       14475000	      1446	00000000	00000013	addi	x0,x0,0	  x0:0x00000000
       14485000	      1447	80000380	00000013	addi	x0,x0,0	  x0:0x00000000
       14495000	      1448	80000384	49da3793	sltiu	x15,x20,1181	 x20:0xffffffef x15=0x00000000
       14505000	      1449	80000388	ffa70713	addi	x14,x14,-6	 x14:0xfffffff5 x14=0xffffffef
       14515000	      1450	8000038c	ff275ce3	bge	x14,x18,80000384	 x14:0xffffffef x18:0xffffffee
       14525000	      1451	00000000	00000013	addi	x0,x0,0	  x0:0x00000000
       14535000	      1452	80000380	00000013	addi	x0,x0,0	  x0:0x00000000
       14545000	      1453	80000384	49da3793	sltiu	x15,x20,1181	 x20:0xffffffef x15=0x00000000
       14555000	      1454	80000388	ffa70713	addi	x14,x14,-6	 x14:0xffffffef x14=0xffffffe9
       14565000	      1455	8000038c	ff275ce3	bge	x14,x18,80000384	 x14:0xffffffe9 x18:0xffffffee
       14575000	      1456	80000390	e60e4613	xori	x12,x28,-416	 x28:0x00000001 x12=0xfffffe61
       14585000	      1457	80000394	a2a07f97	auipc	x31,0xa2a07	 x31=0x22a07390
       14595000	      1458	80000398	fc4dcae3	blt	x27,x4,8000036c	 x27:0xfffffff7  x4:0x0000000f
       14605000	      1459	00000000	00000013	addi	x0,x0,0	  x0:0x00000000
       14615000	      1460	80000368	00000013	addi	x0,x0,0	  x0:0x00000000
       14625000	      1461	8000036c	293e4c37	lui	x24,0x293e4	 x24=0x293e4000
       14635000	      1462	80000370	001d8d93	addi	x27,x27,1	 x27:0xfffffff7 x27=0xfffffff8
       14645000	      1463	80000374	4076d013	srai	x0,x13,0x7	 x13:0x00000000
       14655000	      1464	80000378	ffb00713	addi	x14,x0,-5	  x0:0x00000000 x14=0xfffffffb
       14665000	      1465	8000037c	41815633	sra	x12,x2,x24	  x2:0x80009f84 x24:0x293e4000 x12=0x80009f84
       14675000	      1466	80000380	fee00913	addi	x18,x0,-18	  x0:0x00000000 x18=0xffffffee
       14685000	      1467	80000384	49da3793	sltiu	x15,x20,1181	 x20:0xffffffef x15=0x00000000
       14695000	      1468	80000388	ffa70713	addi	x14,x14,-6	 x14:0xfffffffb x14=0xfffffff5
       14705000	      1469	8000038c	ff275ce3	bge	x14,x18,80000384	 x14:0xfffffff5 x18:0xffffffee
       14715000	      1470	00000000	00000013	addi	x0,x0,0	  x0:0x00000000
       14725000	      1471	80000380	00000013	addi	x0,x0,0	  x0:0x00000000
       14735000	      1472	80000384	49da3793	sltiu	x15,x20,1181	 x20:0xffffffef x15=0x00000000
       14745000	      1473	80000388	ffa70713	addi	x14,x14,-6	 x14:0xfffffff5 x14=0xffffffef
       14755000	      1474	8000038c	ff275ce3	bge	x14,x18,80000384	 x14:0xffffffef x18:0xffffffee
       14765000	      1475	00000000	00000013	addi	x0,x0,0	  x0:0x00000000
       14775000	      1476	80000380	00000013	addi	x0,x0,0	  x0:0x00000000
       14785000	      1477	80000384	49da3793	sltiu	x15,x20,1181	 x20:0xffffffef x15=0x00000000
       14795000	      1478	80000388	ffa70713	addi	x14,x14,-6	 x14:0xffffffef x14=0xffffffe9
       14805000	      1479	8000038c	ff275ce3	bge	x14,x18,80000384	 x14:0xffffffe9 x18:0xffffffee
       14815000	      1480	80000390	e60e4613	xori	x12,x28,-416	 x28:0x00000001 x12=0xfffffe61
       14825000	      1481	80000394	a2a07f97	auipc	x31,0xa2a07	 x31=0x22a07390
       14835000	      1482	80000398	fc4dcae3	blt	x27,x4,8000036c	 x27:0xfffffff8  x4:0x0000000f
       14845000	      1483	00000000	00000013	addi	x0,x0,0	  x0:0x00000000
       14855000	      1484	80000368	00000013	addi	x0,x0,0	  x0:0x00000000
       14865000	      1485	8000036c	293e4c37	lui	x24,0x293e4	 x24=0x293e4000
       14875000	      1486	80000370	001d8d93	addi	x27,x27,1	 x27:0xfffffff8 x27=0xfffffff9
       14885000	      1487	80000374	4076d013	srai	x0,x13,0x7	 x13:0x00000000
       14895000	      1488	80000378	ffb00713	addi	x14,x0,-5	  x0:0x00000000 x14=0xfffffffb
       14905000	      1489	8000037c	41815633	sra	x12,x2,x24	  x2:0x80009f84 x24:0x293e4000 x12=0x80009f84
       14915000	      1490	80000380	fee00913	addi	x18,x0,-18	  x0:0x00000000 x18=0xffffffee
       14925000	      1491	80000384	49da3793	sltiu	x15,x20,1181	 x20:0xffffffef x15=0x00000000
       14935000	      1492	80000388	ffa70713	addi	x14,x14,-6	 x14:0xfffffffb x14=0xfffffff5
       14945000	      1493	8000038c	ff275ce3	bge	x14,x18,80000384	 x14:0xfffffff5 x18:0xffffffee
       14955000	      1494	00000000	00000013	addi	x0,x0,0	  x0:0x00000000
       14965000	      1495	80000380	00000013	addi	x0,x0,0	  x0:0x00000000
       14975000	      1496	80000384	49da3793	sltiu	x15,x20,1181	 x20:0xffffffef x15=0x00000000
       14985000	      1497	80000388	ffa70713	addi	x14,x14,-6	 x14:0xfffffff5 x14=0xffffffef
       14995000	      1498	8000038c	ff275ce3	bge	x14,x18,80000384	 x14:0xffffffef x18:0xffffffee
       15005000	      1499	00000000	00000013	addi	x0,x0,0	  x0:0x00000000
       15015000	      1500	80000380	00000013	addi	x0,x0,0	  x0:0x00000000
       15025000	      1501	80000384	49da3793	sltiu	x15,x20,1181	 x20:0xffffffef x15=0x00000000
       15035000	      1502	80000388	ffa70713	addi	x14,x14,-6	 x14:0xffffffef x14=0xffffffe9
       15045000	      1503	8000038c	ff275ce3	bge	x14,x18,80000384	 x14:0xffffffe9 x18:0xffffffee
       15055000	      1504	80000390	e60e4613	xori	x12,x28,-416	 x28:0x00000001 x12=0xfffffe61
       15065000	      1505	80000394	a2a07f97	auipc	x31,0xa2a07	 x31=0x22a07390
       15075000	      1506	80000398	fc4dcae3	blt	x27,x4,8000036c	 x27:0xfffffff9  x4:0x0000000f
       15085000	      1507	00000000	00000013	addi	x0,x0,0	  x0:0x00000000
       15095000	      1508	80000368	00000013	addi	x0,x0,0	  x0:0x00000000
       15105000	      1509	8000036c	293e4c37	lui	x24,0x293e4	 x24=0x293e4000
       15115000	      1510	80000370	001d8d93	addi	x27,x27,1	 x27:0xfffffff9 x27=0xfffffffa
       15125000	      1511	80000374	4076d013	srai	x0,x13,0x7	 x13:0x00000000
       15135000	      1512	80000378	ffb00713	addi	x14,x0,-5	  x0:0x00000000 x14=0xfffffffb
       15145000	      1513	8000037c	41815633	sra	x12,x2,x24	  x2:0x80009f84 x24:0x293e4000 x12=0x80009f84
       15155000	      1514	80000380	fee00913	addi	x18,x0,-18	  x0:0x00000000 x18=0xffffffee
       15165000	      1515	80000384	49da3793	sltiu	x15,x20,1181	 x20:0xffffffef x15=0x00000000
       15175000	      1516	80000388	ffa70713	addi	x14,x14,-6	 x14:0xfffffffb x14=0xfffffff5
       15185000	      1517	8000038c	ff275ce3	bge	x14,x18,80000384	 x14:0xfffffff5 x18:0xffffffee
       15195000	      1518	00000000	00000013	addi	x0,x0,0	  x0:0x00000000
       15205000	      1519	80000380	00000013	addi	x0,x0,0	  x0:0x00000000
       15215000	      1520	80000384	49da3793	sltiu	x15,x20,1181	 x20:0xffffffef x15=0x00000000
       15225000	      1521	80000388	ffa70713	addi	x14,x14,-6	 x14:0xfffffff5 x14=0xffffffef
       15235000	      1522	8000038c	ff275ce3	bge	x14,x18,80000384	 x14:0xffffffef x18:0xffffffee
       15245000	      1523	00000000	00000013	addi	x0,x0,0	  x0:0x00000000
       15255000	      1524	80000380	00000013	addi	x0,x0,0	  x0:0x00000000
       15265000	      1525	80000384	49da3793	sltiu	x15,x20,1181	 x20:0xffffffef x15=0x00000000
       15275000	      1526	80000388	ffa70713	addi	x14,x14,-6	 x14:0xffffffef x14=0xffffffe9
       15285000	      1527	8000038c	ff275ce3	bge	x14,x18,80000384	 x14:0xffffffe9 x18:0xffffffee
       15295000	      1528	80000390	e60e4613	xori	x12,x28,-416	 x28:0x00000001 x12=0xfffffe61
       15305000	      1529	80000394	a2a07f97	auipc	x31,0xa2a07	 x31=0x22a07390
       15315000	      1530	80000398	fc4dcae3	blt	x27,x4,8000036c	 x27:0xfffffffa  x4:0x0000000f
       15325000	      1531	00000000	00000013	addi	x0,x0,0	  x0:0x00000000
       15335000	      1532	80000368	00000013	addi	x0,x0,0	  x0:0x00000000
       15345000	      1533	8000036c	293e4c37	lui	x24,0x293e4	 x24=0x293e4000
       15355000	      1534	80000370	001d8d93	addi	x27,x27,1	 x27:0xfffffffa x27=0xfffffffb
       15365000	      1535	80000374	4076d013	srai	x0,x13,0x7	 x13:0x00000000
       15375000	      1536	80000378	ffb00713	addi	x14,x0,-5	  x0:0x00000000 x14=0xfffffffb
       15385000	      1537	8000037c	41815633	sra	x12,x2,x24	  x2:0x80009f84 x24:0x293e4000 x12=0x80009f84
       15395000	      1538	80000380	fee00913	addi	x18,x0,-18	  x0:0x00000000 x18=0xffffffee
       15405000	      1539	80000384	49da3793	sltiu	x15,x20,1181	 x20:0xffffffef x15=0x00000000
       15415000	      1540	80000388	ffa70713	addi	x14,x14,-6	 x14:0xfffffffb x14=0xfffffff5
       15425000	      1541	8000038c	ff275ce3	bge	x14,x18,80000384	 x14:0xfffffff5 x18:0xffffffee
       15435000	      1542	00000000	00000013	addi	x0,x0,0	  x0:0x00000000
       15445000	      1543	80000380	00000013	addi	x0,x0,0	  x0:0x00000000
       15455000	      1544	80000384	49da3793	sltiu	x15,x20,1181	 x20:0xffffffef x15=0x00000000
       15465000	      1545	80000388	ffa70713	addi	x14,x14,-6	 x14:0xfffffff5 x14=0xffffffef
       15475000	      1546	8000038c	ff275ce3	bge	x14,x18,80000384	 x14:0xffffffef x18:0xffffffee
       15485000	      1547	00000000	00000013	addi	x0,x0,0	  x0:0x00000000
       15495000	      1548	80000380	00000013	addi	x0,x0,0	  x0:0x00000000
       15505000	      1549	80000384	49da3793	sltiu	x15,x20,1181	 x20:0xffffffef x15=0x00000000
       15515000	      1550	80000388	ffa70713	addi	x14,x14,-6	 x14:0xffffffef x14=0xffffffe9
       15525000	      1551	8000038c	ff275ce3	bge	x14,x18,80000384	 x14:0xffffffe9 x18:0xffffffee
       15535000	      1552	80000390	e60e4613	xori	x12,x28,-416	 x28:0x00000001 x12=0xfffffe61
       15545000	      1553	80000394	a2a07f97	auipc	x31,0xa2a07	 x31=0x22a07390
       15555000	      1554	80000398	fc4dcae3	blt	x27,x4,8000036c	 x27:0xfffffffb  x4:0x0000000f
       15565000	      1555	00000000	00000013	addi	x0,x0,0	  x0:0x00000000
       15575000	      1556	80000368	00000013	addi	x0,x0,0	  x0:0x00000000
       15585000	      1557	8000036c	293e4c37	lui	x24,0x293e4	 x24=0x293e4000
       15595000	      1558	80000370	001d8d93	addi	x27,x27,1	 x27:0xfffffffb x27=0xfffffffc
       15605000	      1559	80000374	4076d013	srai	x0,x13,0x7	 x13:0x00000000
       15615000	      1560	80000378	ffb00713	addi	x14,x0,-5	  x0:0x00000000 x14=0xfffffffb
       15625000	      1561	8000037c	41815633	sra	x12,x2,x24	  x2:0x80009f84 x24:0x293e4000 x12=0x80009f84
       15635000	      1562	80000380	fee00913	addi	x18,x0,-18	  x0:0x00000000 x18=0xffffffee
       15645000	      1563	80000384	49da3793	sltiu	x15,x20,1181	 x20:0xffffffef x15=0x00000000
       15655000	      1564	80000388	ffa70713	addi	x14,x14,-6	 x14:0xfffffffb x14=0xfffffff5
       15665000	      1565	8000038c	ff275ce3	bge	x14,x18,80000384	 x14:0xfffffff5 x18:0xffffffee
       15675000	      1566	00000000	00000013	addi	x0,x0,0	  x0:0x00000000
       15685000	      1567	80000380	00000013	addi	x0,x0,0	  x0:0x00000000
       15695000	      1568	80000384	49da3793	sltiu	x15,x20,1181	 x20:0xffffffef x15=0x00000000
       15705000	      1569	80000388	ffa70713	addi	x14,x14,-6	 x14:0xfffffff5 x14=0xffffffef
       15715000	      1570	8000038c	ff275ce3	bge	x14,x18,80000384	 x14:0xffffffef x18:0xffffffee
       15725000	      1571	00000000	00000013	addi	x0,x0,0	  x0:0x00000000
       15735000	      1572	80000380	00000013	addi	x0,x0,0	  x0:0x00000000
       15745000	      1573	80000384	49da3793	sltiu	x15,x20,1181	 x20:0xffffffef x15=0x00000000
       15755000	      1574	80000388	ffa70713	addi	x14,x14,-6	 x14:0xffffffef x14=0xffffffe9
       15765000	      1575	8000038c	ff275ce3	bge	x14,x18,80000384	 x14:0xffffffe9 x18:0xffffffee
       15775000	      1576	80000390	e60e4613	xori	x12,x28,-416	 x28:0x00000001 x12=0xfffffe61
       15785000	      1577	80000394	a2a07f97	auipc	x31,0xa2a07	 x31=0x22a07390
       15795000	      1578	80000398	fc4dcae3	blt	x27,x4,8000036c	 x27:0xfffffffc  x4:0x0000000f
       15805000	      1579	00000000	00000013	addi	x0,x0,0	  x0:0x00000000
       15815000	      1580	80000368	00000013	addi	x0,x0,0	  x0:0x00000000
       15825000	      1581	8000036c	293e4c37	lui	x24,0x293e4	 x24=0x293e4000
       15835000	      1582	80000370	001d8d93	addi	x27,x27,1	 x27:0xfffffffc x27=0xfffffffd
       15845000	      1583	80000374	4076d013	srai	x0,x13,0x7	 x13:0x00000000
       15855000	      1584	80000378	ffb00713	addi	x14,x0,-5	  x0:0x00000000 x14=0xfffffffb
       15865000	      1585	8000037c	41815633	sra	x12,x2,x24	  x2:0x80009f84 x24:0x293e4000 x12=0x80009f84
       15875000	      1586	80000380	fee00913	addi	x18,x0,-18	  x0:0x00000000 x18=0xffffffee
       15885000	      1587	80000384	49da3793	sltiu	x15,x20,1181	 x20:0xffffffef x15=0x00000000
       15895000	      1588	80000388	ffa70713	addi	x14,x14,-6	 x14:0xfffffffb x14=0xfffffff5
       15905000	      1589	8000038c	ff275ce3	bge	x14,x18,80000384	 x14:0xfffffff5 x18:0xffffffee
       15915000	      1590	00000000	00000013	addi	x0,x0,0	  x0:0x00000000
       15925000	      1591	80000380	00000013	addi	x0,x0,0	  x0:0x00000000
       15935000	      1592	80000384	49da3793	sltiu	x15,x20,1181	 x20:0xffffffef x15=0x00000000
       15945000	      1593	80000388	ffa70713	addi	x14,x14,-6	 x14:0xfffffff5 x14=0xffffffef
       15955000	      1594	8000038c	ff275ce3	bge	x14,x18,80000384	 x14:0xffffffef x18:0xffffffee
       15965000	      1595	00000000	00000013	addi	x0,x0,0	  x0:0x00000000
       15975000	      1596	80000380	00000013	addi	x0,x0,0	  x0:0x00000000
       15985000	      1597	80000384	49da3793	sltiu	x15,x20,1181	 x20:0xffffffef x15=0x00000000
       15995000	      1598	80000388	ffa70713	addi	x14,x14,-6	 x14:0xffffffef x14=0xffffffe9
       16005000	      1599	8000038c	ff275ce3	bge	x14,x18,80000384	 x14:0xffffffe9 x18:0xffffffee
       16015000	      1600	80000390	e60e4613	xori	x12,x28,-416	 x28:0x00000001 x12=0xfffffe61
       16025000	      1601	80000394	a2a07f97	auipc	x31,0xa2a07	 x31=0x22a07390
       16035000	      1602	80000398	fc4dcae3	blt	x27,x4,8000036c	 x27:0xfffffffd  x4:0x0000000f
       16045000	      1603	00000000	00000013	addi	x0,x0,0	  x0:0x00000000
       16055000	      1604	80000368	00000013	addi	x0,x0,0	  x0:0x00000000
       16065000	      1605	8000036c	293e4c37	lui	x24,0x293e4	 x24=0x293e4000
       16075000	      1606	80000370	001d8d93	addi	x27,x27,1	 x27:0xfffffffd x27=0xfffffffe
       16085000	      1607	80000374	4076d013	srai	x0,x13,0x7	 x13:0x00000000
       16095000	      1608	80000378	ffb00713	addi	x14,x0,-5	  x0:0x00000000 x14=0xfffffffb
       16105000	      1609	8000037c	41815633	sra	x12,x2,x24	  x2:0x80009f84 x24:0x293e4000 x12=0x80009f84
       16115000	      1610	80000380	fee00913	addi	x18,x0,-18	  x0:0x00000000 x18=0xffffffee
       16125000	      1611	80000384	49da3793	sltiu	x15,x20,1181	 x20:0xffffffef x15=0x00000000
       16135000	      1612	80000388	ffa70713	addi	x14,x14,-6	 x14:0xfffffffb x14=0xfffffff5
       16145000	      1613	8000038c	ff275ce3	bge	x14,x18,80000384	 x14:0xfffffff5 x18:0xffffffee
       16155000	      1614	00000000	00000013	addi	x0,x0,0	  x0:0x00000000
       16165000	      1615	80000380	00000013	addi	x0,x0,0	  x0:0x00000000
       16175000	      1616	80000384	49da3793	sltiu	x15,x20,1181	 x20:0xffffffef x15=0x00000000
       16185000	      1617	80000388	ffa70713	addi	x14,x14,-6	 x14:0xfffffff5 x14=0xffffffef
       16195000	      1618	8000038c	ff275ce3	bge	x14,x18,80000384	 x14:0xffffffef x18:0xffffffee
       16205000	      1619	00000000	00000013	addi	x0,x0,0	  x0:0x00000000
       16215000	      1620	80000380	00000013	addi	x0,x0,0	  x0:0x00000000
       16225000	      1621	80000384	49da3793	sltiu	x15,x20,1181	 x20:0xffffffef x15=0x00000000
       16235000	      1622	80000388	ffa70713	addi	x14,x14,-6	 x14:0xffffffef x14=0xffffffe9
       16245000	      1623	8000038c	ff275ce3	bge	x14,x18,80000384	 x14:0xffffffe9 x18:0xffffffee
       16255000	      1624	80000390	e60e4613	xori	x12,x28,-416	 x28:0x00000001 x12=0xfffffe61
       16265000	      1625	80000394	a2a07f97	auipc	x31,0xa2a07	 x31=0x22a07390
       16275000	      1626	80000398	fc4dcae3	blt	x27,x4,8000036c	 x27:0xfffffffe  x4:0x0000000f
       16285000	      1627	00000000	00000013	addi	x0,x0,0	  x0:0x00000000
       16295000	      1628	80000368	00000013	addi	x0,x0,0	  x0:0x00000000
       16305000	      1629	8000036c	293e4c37	lui	x24,0x293e4	 x24=0x293e4000
       16315000	      1630	80000370	001d8d93	addi	x27,x27,1	 x27:0xfffffffe x27=0xffffffff
       16325000	      1631	80000374	4076d013	srai	x0,x13,0x7	 x13:0x00000000
       16335000	      1632	80000378	ffb00713	addi	x14,x0,-5	  x0:0x00000000 x14=0xfffffffb
       16345000	      1633	8000037c	41815633	sra	x12,x2,x24	  x2:0x80009f84 x24:0x293e4000 x12=0x80009f84
       16355000	      1634	80000380	fee00913	addi	x18,x0,-18	  x0:0x00000000 x18=0xffffffee
       16365000	      1635	80000384	49da3793	sltiu	x15,x20,1181	 x20:0xffffffef x15=0x00000000
       16375000	      1636	80000388	ffa70713	addi	x14,x14,-6	 x14:0xfffffffb x14=0xfffffff5
       16385000	      1637	8000038c	ff275ce3	bge	x14,x18,80000384	 x14:0xfffffff5 x18:0xffffffee
       16395000	      1638	00000000	00000013	addi	x0,x0,0	  x0:0x00000000
       16405000	      1639	80000380	00000013	addi	x0,x0,0	  x0:0x00000000
       16415000	      1640	80000384	49da3793	sltiu	x15,x20,1181	 x20:0xffffffef x15=0x00000000
       16425000	      1641	80000388	ffa70713	addi	x14,x14,-6	 x14:0xfffffff5 x14=0xffffffef
       16435000	      1642	8000038c	ff275ce3	bge	x14,x18,80000384	 x14:0xffffffef x18:0xffffffee
       16445000	      1643	00000000	00000013	addi	x0,x0,0	  x0:0x00000000
       16455000	      1644	80000380	00000013	addi	x0,x0,0	  x0:0x00000000
       16465000	      1645	80000384	49da3793	sltiu	x15,x20,1181	 x20:0xffffffef x15=0x00000000
       16475000	      1646	80000388	ffa70713	addi	x14,x14,-6	 x14:0xffffffef x14=0xffffffe9
       16485000	      1647	8000038c	ff275ce3	bge	x14,x18,80000384	 x14:0xffffffe9 x18:0xffffffee
       16495000	      1648	80000390	e60e4613	xori	x12,x28,-416	 x28:0x00000001 x12=0xfffffe61
       16505000	      1649	80000394	a2a07f97	auipc	x31,0xa2a07	 x31=0x22a07390
       16515000	      1650	80000398	fc4dcae3	blt	x27,x4,8000036c	 x27:0xffffffff  x4:0x0000000f
       16525000	      1651	00000000	00000013	addi	x0,x0,0	  x0:0x00000000
       16535000	      1652	80000368	00000013	addi	x0,x0,0	  x0:0x00000000
       16545000	      1653	8000036c	293e4c37	lui	x24,0x293e4	 x24=0x293e4000
       16555000	      1654	80000370	001d8d93	addi	x27,x27,1	 x27:0xffffffff x27=0x00000000
       16565000	      1655	80000374	4076d013	srai	x0,x13,0x7	 x13:0x00000000
       16575000	      1656	80000378	ffb00713	addi	x14,x0,-5	  x0:0x00000000 x14=0xfffffffb
       16585000	      1657	8000037c	41815633	sra	x12,x2,x24	  x2:0x80009f84 x24:0x293e4000 x12=0x80009f84
       16595000	      1658	80000380	fee00913	addi	x18,x0,-18	  x0:0x00000000 x18=0xffffffee
       16605000	      1659	80000384	49da3793	sltiu	x15,x20,1181	 x20:0xffffffef x15=0x00000000
       16615000	      1660	80000388	ffa70713	addi	x14,x14,-6	 x14:0xfffffffb x14=0xfffffff5
       16625000	      1661	8000038c	ff275ce3	bge	x14,x18,80000384	 x14:0xfffffff5 x18:0xffffffee
       16635000	      1662	00000000	00000013	addi	x0,x0,0	  x0:0x00000000
       16645000	      1663	80000380	00000013	addi	x0,x0,0	  x0:0x00000000
       16655000	      1664	80000384	49da3793	sltiu	x15,x20,1181	 x20:0xffffffef x15=0x00000000
       16665000	      1665	80000388	ffa70713	addi	x14,x14,-6	 x14:0xfffffff5 x14=0xffffffef
       16675000	      1666	8000038c	ff275ce3	bge	x14,x18,80000384	 x14:0xffffffef x18:0xffffffee
       16685000	      1667	00000000	00000013	addi	x0,x0,0	  x0:0x00000000
       16695000	      1668	80000380	00000013	addi	x0,x0,0	  x0:0x00000000
       16705000	      1669	80000384	49da3793	sltiu	x15,x20,1181	 x20:0xffffffef x15=0x00000000
       16715000	      1670	80000388	ffa70713	addi	x14,x14,-6	 x14:0xffffffef x14=0xffffffe9
       16725000	      1671	8000038c	ff275ce3	bge	x14,x18,80000384	 x14:0xffffffe9 x18:0xffffffee
       16735000	      1672	80000390	e60e4613	xori	x12,x28,-416	 x28:0x00000001 x12=0xfffffe61
       16745000	      1673	80000394	a2a07f97	auipc	x31,0xa2a07	 x31=0x22a07390
       16755000	      1674	80000398	fc4dcae3	blt	x27,x4,8000036c	 x27:0x00000000  x4:0x0000000f
       16765000	      1675	00000000	00000013	addi	x0,x0,0	  x0:0x00000000
       16775000	      1676	80000368	00000013	addi	x0,x0,0	  x0:0x00000000
       16785000	      1677	8000036c	293e4c37	lui	x24,0x293e4	 x24=0x293e4000
       16795000	      1678	80000370	001d8d93	addi	x27,x27,1	 x27:0x00000000 x27=0x00000001
       16805000	      1679	80000374	4076d013	srai	x0,x13,0x7	 x13:0x00000000
       16815000	      1680	80000378	ffb00713	addi	x14,x0,-5	  x0:0x00000000 x14=0xfffffffb
       16825000	      1681	8000037c	41815633	sra	x12,x2,x24	  x2:0x80009f84 x24:0x293e4000 x12=0x80009f84
       16835000	      1682	80000380	fee00913	addi	x18,x0,-18	  x0:0x00000000 x18=0xffffffee
       16845000	      1683	80000384	49da3793	sltiu	x15,x20,1181	 x20:0xffffffef x15=0x00000000
       16855000	      1684	80000388	ffa70713	addi	x14,x14,-6	 x14:0xfffffffb x14=0xfffffff5
       16865000	      1685	8000038c	ff275ce3	bge	x14,x18,80000384	 x14:0xfffffff5 x18:0xffffffee
       16875000	      1686	00000000	00000013	addi	x0,x0,0	  x0:0x00000000
       16885000	      1687	80000380	00000013	addi	x0,x0,0	  x0:0x00000000
       16895000	      1688	80000384	49da3793	sltiu	x15,x20,1181	 x20:0xffffffef x15=0x00000000
       16905000	      1689	80000388	ffa70713	addi	x14,x14,-6	 x14:0xfffffff5 x14=0xffffffef
       16915000	      1690	8000038c	ff275ce3	bge	x14,x18,80000384	 x14:0xffffffef x18:0xffffffee
       16925000	      1691	00000000	00000013	addi	x0,x0,0	  x0:0x00000000
       16935000	      1692	80000380	00000013	addi	x0,x0,0	  x0:0x00000000
       16945000	      1693	80000384	49da3793	sltiu	x15,x20,1181	 x20:0xffffffef x15=0x00000000
       16955000	      1694	80000388	ffa70713	addi	x14,x14,-6	 x14:0xffffffef x14=0xffffffe9
       16965000	      1695	8000038c	ff275ce3	bge	x14,x18,80000384	 x14:0xffffffe9 x18:0xffffffee
       16975000	      1696	80000390	e60e4613	xori	x12,x28,-416	 x28:0x00000001 x12=0xfffffe61
       16985000	      1697	80000394	a2a07f97	auipc	x31,0xa2a07	 x31=0x22a07390
       16995000	      1698	80000398	fc4dcae3	blt	x27,x4,8000036c	 x27:0x00000001  x4:0x0000000f
       17005000	      1699	00000000	00000013	addi	x0,x0,0	  x0:0x00000000
       17015000	      1700	80000368	00000013	addi	x0,x0,0	  x0:0x00000000
       17025000	      1701	8000036c	293e4c37	lui	x24,0x293e4	 x24=0x293e4000
       17035000	      1702	80000370	001d8d93	addi	x27,x27,1	 x27:0x00000001 x27=0x00000002
       17045000	      1703	80000374	4076d013	srai	x0,x13,0x7	 x13:0x00000000
       17055000	      1704	80000378	ffb00713	addi	x14,x0,-5	  x0:0x00000000 x14=0xfffffffb
       17065000	      1705	8000037c	41815633	sra	x12,x2,x24	  x2:0x80009f84 x24:0x293e4000 x12=0x80009f84
       17075000	      1706	80000380	fee00913	addi	x18,x0,-18	  x0:0x00000000 x18=0xffffffee
       17085000	      1707	80000384	49da3793	sltiu	x15,x20,1181	 x20:0xffffffef x15=0x00000000
       17095000	      1708	80000388	ffa70713	addi	x14,x14,-6	 x14:0xfffffffb x14=0xfffffff5
       17105000	      1709	8000038c	ff275ce3	bge	x14,x18,80000384	 x14:0xfffffff5 x18:0xffffffee
       17115000	      1710	00000000	00000013	addi	x0,x0,0	  x0:0x00000000
       17125000	      1711	80000380	00000013	addi	x0,x0,0	  x0:0x00000000
       17135000	      1712	80000384	49da3793	sltiu	x15,x20,1181	 x20:0xffffffef x15=0x00000000
       17145000	      1713	80000388	ffa70713	addi	x14,x14,-6	 x14:0xfffffff5 x14=0xffffffef
       17155000	      1714	8000038c	ff275ce3	bge	x14,x18,80000384	 x14:0xffffffef x18:0xffffffee
       17165000	      1715	00000000	00000013	addi	x0,x0,0	  x0:0x00000000
       17175000	      1716	80000380	00000013	addi	x0,x0,0	  x0:0x00000000
       17185000	      1717	80000384	49da3793	sltiu	x15,x20,1181	 x20:0xffffffef x15=0x00000000
       17195000	      1718	80000388	ffa70713	addi	x14,x14,-6	 x14:0xffffffef x14=0xffffffe9
       17205000	      1719	8000038c	ff275ce3	bge	x14,x18,80000384	 x14:0xffffffe9 x18:0xffffffee
       17215000	      1720	80000390	e60e4613	xori	x12,x28,-416	 x28:0x00000001 x12=0xfffffe61
       17225000	      1721	80000394	a2a07f97	auipc	x31,0xa2a07	 x31=0x22a07390
       17235000	      1722	80000398	fc4dcae3	blt	x27,x4,8000036c	 x27:0x00000002  x4:0x0000000f
       17245000	      1723	00000000	00000013	addi	x0,x0,0	  x0:0x00000000
       17255000	      1724	80000368	00000013	addi	x0,x0,0	  x0:0x00000000
       17265000	      1725	8000036c	293e4c37	lui	x24,0x293e4	 x24=0x293e4000
       17275000	      1726	80000370	001d8d93	addi	x27,x27,1	 x27:0x00000002 x27=0x00000003
       17285000	      1727	80000374	4076d013	srai	x0,x13,0x7	 x13:0x00000000
       17295000	      1728	80000378	ffb00713	addi	x14,x0,-5	  x0:0x00000000 x14=0xfffffffb
       17305000	      1729	8000037c	41815633	sra	x12,x2,x24	  x2:0x80009f84 x24:0x293e4000 x12=0x80009f84
       17315000	      1730	80000380	fee00913	addi	x18,x0,-18	  x0:0x00000000 x18=0xffffffee
       17325000	      1731	80000384	49da3793	sltiu	x15,x20,1181	 x20:0xffffffef x15=0x00000000
       17335000	      1732	80000388	ffa70713	addi	x14,x14,-6	 x14:0xfffffffb x14=0xfffffff5
       17345000	      1733	8000038c	ff275ce3	bge	x14,x18,80000384	 x14:0xfffffff5 x18:0xffffffee
       17355000	      1734	00000000	00000013	addi	x0,x0,0	  x0:0x00000000
       17365000	      1735	80000380	00000013	addi	x0,x0,0	  x0:0x00000000
       17375000	      1736	80000384	49da3793	sltiu	x15,x20,1181	 x20:0xffffffef x15=0x00000000
       17385000	      1737	80000388	ffa70713	addi	x14,x14,-6	 x14:0xfffffff5 x14=0xffffffef
       17395000	      1738	8000038c	ff275ce3	bge	x14,x18,80000384	 x14:0xffffffef x18:0xffffffee
       17405000	      1739	00000000	00000013	addi	x0,x0,0	  x0:0x00000000
       17415000	      1740	80000380	00000013	addi	x0,x0,0	  x0:0x00000000
       17425000	      1741	80000384	49da3793	sltiu	x15,x20,1181	 x20:0xffffffef x15=0x00000000
       17435000	      1742	80000388	ffa70713	addi	x14,x14,-6	 x14:0xffffffef x14=0xffffffe9
       17445000	      1743	8000038c	ff275ce3	bge	x14,x18,80000384	 x14:0xffffffe9 x18:0xffffffee
       17455000	      1744	80000390	e60e4613	xori	x12,x28,-416	 x28:0x00000001 x12=0xfffffe61
       17465000	      1745	80000394	a2a07f97	auipc	x31,0xa2a07	 x31=0x22a07390
       17475000	      1746	80000398	fc4dcae3	blt	x27,x4,8000036c	 x27:0x00000003  x4:0x0000000f
       17485000	      1747	00000000	00000013	addi	x0,x0,0	  x0:0x00000000
       17495000	      1748	80000368	00000013	addi	x0,x0,0	  x0:0x00000000
       17505000	      1749	8000036c	293e4c37	lui	x24,0x293e4	 x24=0x293e4000
       17515000	      1750	80000370	001d8d93	addi	x27,x27,1	 x27:0x00000003 x27=0x00000004
       17525000	      1751	80000374	4076d013	srai	x0,x13,0x7	 x13:0x00000000
       17535000	      1752	80000378	ffb00713	addi	x14,x0,-5	  x0:0x00000000 x14=0xfffffffb
       17545000	      1753	8000037c	41815633	sra	x12,x2,x24	  x2:0x80009f84 x24:0x293e4000 x12=0x80009f84
       17555000	      1754	80000380	fee00913	addi	x18,x0,-18	  x0:0x00000000 x18=0xffffffee
       17565000	      1755	80000384	49da3793	sltiu	x15,x20,1181	 x20:0xffffffef x15=0x00000000
       17575000	      1756	80000388	ffa70713	addi	x14,x14,-6	 x14:0xfffffffb x14=0xfffffff5
       17585000	      1757	8000038c	ff275ce3	bge	x14,x18,80000384	 x14:0xfffffff5 x18:0xffffffee
       17595000	      1758	00000000	00000013	addi	x0,x0,0	  x0:0x00000000
       17605000	      1759	80000380	00000013	addi	x0,x0,0	  x0:0x00000000
       17615000	      1760	80000384	49da3793	sltiu	x15,x20,1181	 x20:0xffffffef x15=0x00000000
       17625000	      1761	80000388	ffa70713	addi	x14,x14,-6	 x14:0xfffffff5 x14=0xffffffef
       17635000	      1762	8000038c	ff275ce3	bge	x14,x18,80000384	 x14:0xffffffef x18:0xffffffee
       17645000	      1763	00000000	00000013	addi	x0,x0,0	  x0:0x00000000
       17655000	      1764	80000380	00000013	addi	x0,x0,0	  x0:0x00000000
       17665000	      1765	80000384	49da3793	sltiu	x15,x20,1181	 x20:0xffffffef x15=0x00000000
       17675000	      1766	80000388	ffa70713	addi	x14,x14,-6	 x14:0xffffffef x14=0xffffffe9
       17685000	      1767	8000038c	ff275ce3	bge	x14,x18,80000384	 x14:0xffffffe9 x18:0xffffffee
       17695000	      1768	80000390	e60e4613	xori	x12,x28,-416	 x28:0x00000001 x12=0xfffffe61
       17705000	      1769	80000394	a2a07f97	auipc	x31,0xa2a07	 x31=0x22a07390
       17715000	      1770	80000398	fc4dcae3	blt	x27,x4,8000036c	 x27:0x00000004  x4:0x0000000f
       17725000	      1771	00000000	00000013	addi	x0,x0,0	  x0:0x00000000
       17735000	      1772	80000368	00000013	addi	x0,x0,0	  x0:0x00000000
       17745000	      1773	8000036c	293e4c37	lui	x24,0x293e4	 x24=0x293e4000
       17755000	      1774	80000370	001d8d93	addi	x27,x27,1	 x27:0x00000004 x27=0x00000005
       17765000	      1775	80000374	4076d013	srai	x0,x13,0x7	 x13:0x00000000
       17775000	      1776	80000378	ffb00713	addi	x14,x0,-5	  x0:0x00000000 x14=0xfffffffb
       17785000	      1777	8000037c	41815633	sra	x12,x2,x24	  x2:0x80009f84 x24:0x293e4000 x12=0x80009f84
       17795000	      1778	80000380	fee00913	addi	x18,x0,-18	  x0:0x00000000 x18=0xffffffee
       17805000	      1779	80000384	49da3793	sltiu	x15,x20,1181	 x20:0xffffffef x15=0x00000000
       17815000	      1780	80000388	ffa70713	addi	x14,x14,-6	 x14:0xfffffffb x14=0xfffffff5
       17825000	      1781	8000038c	ff275ce3	bge	x14,x18,80000384	 x14:0xfffffff5 x18:0xffffffee
       17835000	      1782	00000000	00000013	addi	x0,x0,0	  x0:0x00000000
       17845000	      1783	80000380	00000013	addi	x0,x0,0	  x0:0x00000000
       17855000	      1784	80000384	49da3793	sltiu	x15,x20,1181	 x20:0xffffffef x15=0x00000000
       17865000	      1785	80000388	ffa70713	addi	x14,x14,-6	 x14:0xfffffff5 x14=0xffffffef
       17875000	      1786	8000038c	ff275ce3	bge	x14,x18,80000384	 x14:0xffffffef x18:0xffffffee
       17885000	      1787	00000000	00000013	addi	x0,x0,0	  x0:0x00000000
       17895000	      1788	80000380	00000013	addi	x0,x0,0	  x0:0x00000000
       17905000	      1789	80000384	49da3793	sltiu	x15,x20,1181	 x20:0xffffffef x15=0x00000000
       17915000	      1790	80000388	ffa70713	addi	x14,x14,-6	 x14:0xffffffef x14=0xffffffe9
       17925000	      1791	8000038c	ff275ce3	bge	x14,x18,80000384	 x14:0xffffffe9 x18:0xffffffee
       17935000	      1792	80000390	e60e4613	xori	x12,x28,-416	 x28:0x00000001 x12=0xfffffe61
       17945000	      1793	80000394	a2a07f97	auipc	x31,0xa2a07	 x31=0x22a07390
       17955000	      1794	80000398	fc4dcae3	blt	x27,x4,8000036c	 x27:0x00000005  x4:0x0000000f
       17965000	      1795	00000000	00000013	addi	x0,x0,0	  x0:0x00000000
       17975000	      1796	80000368	00000013	addi	x0,x0,0	  x0:0x00000000
       17985000	      1797	8000036c	293e4c37	lui	x24,0x293e4	 x24=0x293e4000
       17995000	      1798	80000370	001d8d93	addi	x27,x27,1	 x27:0x00000005 x27=0x00000006
       18005000	      1799	80000374	4076d013	srai	x0,x13,0x7	 x13:0x00000000
       18015000	      1800	80000378	ffb00713	addi	x14,x0,-5	  x0:0x00000000 x14=0xfffffffb
       18025000	      1801	8000037c	41815633	sra	x12,x2,x24	  x2:0x80009f84 x24:0x293e4000 x12=0x80009f84
       18035000	      1802	80000380	fee00913	addi	x18,x0,-18	  x0:0x00000000 x18=0xffffffee
       18045000	      1803	80000384	49da3793	sltiu	x15,x20,1181	 x20:0xffffffef x15=0x00000000
       18055000	      1804	80000388	ffa70713	addi	x14,x14,-6	 x14:0xfffffffb x14=0xfffffff5
       18065000	      1805	8000038c	ff275ce3	bge	x14,x18,80000384	 x14:0xfffffff5 x18:0xffffffee
       18075000	      1806	00000000	00000013	addi	x0,x0,0	  x0:0x00000000
       18085000	      1807	80000380	00000013	addi	x0,x0,0	  x0:0x00000000
       18095000	      1808	80000384	49da3793	sltiu	x15,x20,1181	 x20:0xffffffef x15=0x00000000
       18105000	      1809	80000388	ffa70713	addi	x14,x14,-6	 x14:0xfffffff5 x14=0xffffffef
       18115000	      1810	8000038c	ff275ce3	bge	x14,x18,80000384	 x14:0xffffffef x18:0xffffffee
       18125000	      1811	00000000	00000013	addi	x0,x0,0	  x0:0x00000000
       18135000	      1812	80000380	00000013	addi	x0,x0,0	  x0:0x00000000
       18145000	      1813	80000384	49da3793	sltiu	x15,x20,1181	 x20:0xffffffef x15=0x00000000
       18155000	      1814	80000388	ffa70713	addi	x14,x14,-6	 x14:0xffffffef x14=0xffffffe9
       18165000	      1815	8000038c	ff275ce3	bge	x14,x18,80000384	 x14:0xffffffe9 x18:0xffffffee
       18175000	      1816	80000390	e60e4613	xori	x12,x28,-416	 x28:0x00000001 x12=0xfffffe61
       18185000	      1817	80000394	a2a07f97	auipc	x31,0xa2a07	 x31=0x22a07390
       18195000	      1818	80000398	fc4dcae3	blt	x27,x4,8000036c	 x27:0x00000006  x4:0x0000000f
       18205000	      1819	00000000	00000013	addi	x0,x0,0	  x0:0x00000000
       18215000	      1820	80000368	00000013	addi	x0,x0,0	  x0:0x00000000
       18225000	      1821	8000036c	293e4c37	lui	x24,0x293e4	 x24=0x293e4000
       18235000	      1822	80000370	001d8d93	addi	x27,x27,1	 x27:0x00000006 x27=0x00000007
       18245000	      1823	80000374	4076d013	srai	x0,x13,0x7	 x13:0x00000000
       18255000	      1824	80000378	ffb00713	addi	x14,x0,-5	  x0:0x00000000 x14=0xfffffffb
       18265000	      1825	8000037c	41815633	sra	x12,x2,x24	  x2:0x80009f84 x24:0x293e4000 x12=0x80009f84
       18275000	      1826	80000380	fee00913	addi	x18,x0,-18	  x0:0x00000000 x18=0xffffffee
       18285000	      1827	80000384	49da3793	sltiu	x15,x20,1181	 x20:0xffffffef x15=0x00000000
       18295000	      1828	80000388	ffa70713	addi	x14,x14,-6	 x14:0xfffffffb x14=0xfffffff5
       18305000	      1829	8000038c	ff275ce3	bge	x14,x18,80000384	 x14:0xfffffff5 x18:0xffffffee
       18315000	      1830	00000000	00000013	addi	x0,x0,0	  x0:0x00000000
       18325000	      1831	80000380	00000013	addi	x0,x0,0	  x0:0x00000000
       18335000	      1832	80000384	49da3793	sltiu	x15,x20,1181	 x20:0xffffffef x15=0x00000000
       18345000	      1833	80000388	ffa70713	addi	x14,x14,-6	 x14:0xfffffff5 x14=0xffffffef
       18355000	      1834	8000038c	ff275ce3	bge	x14,x18,80000384	 x14:0xffffffef x18:0xffffffee
       18365000	      1835	00000000	00000013	addi	x0,x0,0	  x0:0x00000000
       18375000	      1836	80000380	00000013	addi	x0,x0,0	  x0:0x00000000
       18385000	      1837	80000384	49da3793	sltiu	x15,x20,1181	 x20:0xffffffef x15=0x00000000
       18395000	      1838	80000388	ffa70713	addi	x14,x14,-6	 x14:0xffffffef x14=0xffffffe9
       18405000	      1839	8000038c	ff275ce3	bge	x14,x18,80000384	 x14:0xffffffe9 x18:0xffffffee
       18415000	      1840	80000390	e60e4613	xori	x12,x28,-416	 x28:0x00000001 x12=0xfffffe61
       18425000	      1841	80000394	a2a07f97	auipc	x31,0xa2a07	 x31=0x22a07390
       18435000	      1842	80000398	fc4dcae3	blt	x27,x4,8000036c	 x27:0x00000007  x4:0x0000000f
       18445000	      1843	00000000	00000013	addi	x0,x0,0	  x0:0x00000000
       18455000	      1844	80000368	00000013	addi	x0,x0,0	  x0:0x00000000
       18465000	      1845	8000036c	293e4c37	lui	x24,0x293e4	 x24=0x293e4000
       18475000	      1846	80000370	001d8d93	addi	x27,x27,1	 x27:0x00000007 x27=0x00000008
       18485000	      1847	80000374	4076d013	srai	x0,x13,0x7	 x13:0x00000000
       18495000	      1848	80000378	ffb00713	addi	x14,x0,-5	  x0:0x00000000 x14=0xfffffffb
       18505000	      1849	8000037c	41815633	sra	x12,x2,x24	  x2:0x80009f84 x24:0x293e4000 x12=0x80009f84
       18515000	      1850	80000380	fee00913	addi	x18,x0,-18	  x0:0x00000000 x18=0xffffffee
       18525000	      1851	80000384	49da3793	sltiu	x15,x20,1181	 x20:0xffffffef x15=0x00000000
       18535000	      1852	80000388	ffa70713	addi	x14,x14,-6	 x14:0xfffffffb x14=0xfffffff5
       18545000	      1853	8000038c	ff275ce3	bge	x14,x18,80000384	 x14:0xfffffff5 x18:0xffffffee
       18555000	      1854	00000000	00000013	addi	x0,x0,0	  x0:0x00000000
       18565000	      1855	80000380	00000013	addi	x0,x0,0	  x0:0x00000000
       18575000	      1856	80000384	49da3793	sltiu	x15,x20,1181	 x20:0xffffffef x15=0x00000000
       18585000	      1857	80000388	ffa70713	addi	x14,x14,-6	 x14:0xfffffff5 x14=0xffffffef
       18595000	      1858	8000038c	ff275ce3	bge	x14,x18,80000384	 x14:0xffffffef x18:0xffffffee
       18605000	      1859	00000000	00000013	addi	x0,x0,0	  x0:0x00000000
       18615000	      1860	80000380	00000013	addi	x0,x0,0	  x0:0x00000000
       18625000	      1861	80000384	49da3793	sltiu	x15,x20,1181	 x20:0xffffffef x15=0x00000000
       18635000	      1862	80000388	ffa70713	addi	x14,x14,-6	 x14:0xffffffef x14=0xffffffe9
       18645000	      1863	8000038c	ff275ce3	bge	x14,x18,80000384	 x14:0xffffffe9 x18:0xffffffee
       18655000	      1864	80000390	e60e4613	xori	x12,x28,-416	 x28:0x00000001 x12=0xfffffe61
       18665000	      1865	80000394	a2a07f97	auipc	x31,0xa2a07	 x31=0x22a07390
       18675000	      1866	80000398	fc4dcae3	blt	x27,x4,8000036c	 x27:0x00000008  x4:0x0000000f
       18685000	      1867	00000000	00000013	addi	x0,x0,0	  x0:0x00000000
       18695000	      1868	80000368	00000013	addi	x0,x0,0	  x0:0x00000000
       18705000	      1869	8000036c	293e4c37	lui	x24,0x293e4	 x24=0x293e4000
       18715000	      1870	80000370	001d8d93	addi	x27,x27,1	 x27:0x00000008 x27=0x00000009
       18725000	      1871	80000374	4076d013	srai	x0,x13,0x7	 x13:0x00000000
       18735000	      1872	80000378	ffb00713	addi	x14,x0,-5	  x0:0x00000000 x14=0xfffffffb
       18745000	      1873	8000037c	41815633	sra	x12,x2,x24	  x2:0x80009f84 x24:0x293e4000 x12=0x80009f84
       18755000	      1874	80000380	fee00913	addi	x18,x0,-18	  x0:0x00000000 x18=0xffffffee
       18765000	      1875	80000384	49da3793	sltiu	x15,x20,1181	 x20:0xffffffef x15=0x00000000
       18775000	      1876	80000388	ffa70713	addi	x14,x14,-6	 x14:0xfffffffb x14=0xfffffff5
       18785000	      1877	8000038c	ff275ce3	bge	x14,x18,80000384	 x14:0xfffffff5 x18:0xffffffee
       18795000	      1878	00000000	00000013	addi	x0,x0,0	  x0:0x00000000
       18805000	      1879	80000380	00000013	addi	x0,x0,0	  x0:0x00000000
       18815000	      1880	80000384	49da3793	sltiu	x15,x20,1181	 x20:0xffffffef x15=0x00000000
       18825000	      1881	80000388	ffa70713	addi	x14,x14,-6	 x14:0xfffffff5 x14=0xffffffef
       18835000	      1882	8000038c	ff275ce3	bge	x14,x18,80000384	 x14:0xffffffef x18:0xffffffee
       18845000	      1883	00000000	00000013	addi	x0,x0,0	  x0:0x00000000
       18855000	      1884	80000380	00000013	addi	x0,x0,0	  x0:0x00000000
       18865000	      1885	80000384	49da3793	sltiu	x15,x20,1181	 x20:0xffffffef x15=0x00000000
       18875000	      1886	80000388	ffa70713	addi	x14,x14,-6	 x14:0xffffffef x14=0xffffffe9
       18885000	      1887	8000038c	ff275ce3	bge	x14,x18,80000384	 x14:0xffffffe9 x18:0xffffffee
       18895000	      1888	80000390	e60e4613	xori	x12,x28,-416	 x28:0x00000001 x12=0xfffffe61
       18905000	      1889	80000394	a2a07f97	auipc	x31,0xa2a07	 x31=0x22a07390
       18915000	      1890	80000398	fc4dcae3	blt	x27,x4,8000036c	 x27:0x00000009  x4:0x0000000f
       18925000	      1891	00000000	00000013	addi	x0,x0,0	  x0:0x00000000
       18935000	      1892	80000368	00000013	addi	x0,x0,0	  x0:0x00000000
       18945000	      1893	8000036c	293e4c37	lui	x24,0x293e4	 x24=0x293e4000
       18955000	      1894	80000370	001d8d93	addi	x27,x27,1	 x27:0x00000009 x27=0x0000000a
       18965000	      1895	80000374	4076d013	srai	x0,x13,0x7	 x13:0x00000000
       18975000	      1896	80000378	ffb00713	addi	x14,x0,-5	  x0:0x00000000 x14=0xfffffffb
       18985000	      1897	8000037c	41815633	sra	x12,x2,x24	  x2:0x80009f84 x24:0x293e4000 x12=0x80009f84
       18995000	      1898	80000380	fee00913	addi	x18,x0,-18	  x0:0x00000000 x18=0xffffffee
       19005000	      1899	80000384	49da3793	sltiu	x15,x20,1181	 x20:0xffffffef x15=0x00000000
       19015000	      1900	80000388	ffa70713	addi	x14,x14,-6	 x14:0xfffffffb x14=0xfffffff5
       19025000	      1901	8000038c	ff275ce3	bge	x14,x18,80000384	 x14:0xfffffff5 x18:0xffffffee
       19035000	      1902	00000000	00000013	addi	x0,x0,0	  x0:0x00000000
       19045000	      1903	80000380	00000013	addi	x0,x0,0	  x0:0x00000000
       19055000	      1904	80000384	49da3793	sltiu	x15,x20,1181	 x20:0xffffffef x15=0x00000000
       19065000	      1905	80000388	ffa70713	addi	x14,x14,-6	 x14:0xfffffff5 x14=0xffffffef
       19075000	      1906	8000038c	ff275ce3	bge	x14,x18,80000384	 x14:0xffffffef x18:0xffffffee
       19085000	      1907	00000000	00000013	addi	x0,x0,0	  x0:0x00000000
       19095000	      1908	80000380	00000013	addi	x0,x0,0	  x0:0x00000000
       19105000	      1909	80000384	49da3793	sltiu	x15,x20,1181	 x20:0xffffffef x15=0x00000000
       19115000	      1910	80000388	ffa70713	addi	x14,x14,-6	 x14:0xffffffef x14=0xffffffe9
       19125000	      1911	8000038c	ff275ce3	bge	x14,x18,80000384	 x14:0xffffffe9 x18:0xffffffee
       19135000	      1912	80000390	e60e4613	xori	x12,x28,-416	 x28:0x00000001 x12=0xfffffe61
       19145000	      1913	80000394	a2a07f97	auipc	x31,0xa2a07	 x31=0x22a07390
       19155000	      1914	80000398	fc4dcae3	blt	x27,x4,8000036c	 x27:0x0000000a  x4:0x0000000f
       19165000	      1915	00000000	00000013	addi	x0,x0,0	  x0:0x00000000
       19175000	      1916	80000368	00000013	addi	x0,x0,0	  x0:0x00000000
       19185000	      1917	8000036c	293e4c37	lui	x24,0x293e4	 x24=0x293e4000
       19195000	      1918	80000370	001d8d93	addi	x27,x27,1	 x27:0x0000000a x27=0x0000000b
       19205000	      1919	80000374	4076d013	srai	x0,x13,0x7	 x13:0x00000000
       19215000	      1920	80000378	ffb00713	addi	x14,x0,-5	  x0:0x00000000 x14=0xfffffffb
       19225000	      1921	8000037c	41815633	sra	x12,x2,x24	  x2:0x80009f84 x24:0x293e4000 x12=0x80009f84
       19235000	      1922	80000380	fee00913	addi	x18,x0,-18	  x0:0x00000000 x18=0xffffffee
       19245000	      1923	80000384	49da3793	sltiu	x15,x20,1181	 x20:0xffffffef x15=0x00000000
       19255000	      1924	80000388	ffa70713	addi	x14,x14,-6	 x14:0xfffffffb x14=0xfffffff5
       19265000	      1925	8000038c	ff275ce3	bge	x14,x18,80000384	 x14:0xfffffff5 x18:0xffffffee
       19275000	      1926	00000000	00000013	addi	x0,x0,0	  x0:0x00000000
       19285000	      1927	80000380	00000013	addi	x0,x0,0	  x0:0x00000000
       19295000	      1928	80000384	49da3793	sltiu	x15,x20,1181	 x20:0xffffffef x15=0x00000000
       19305000	      1929	80000388	ffa70713	addi	x14,x14,-6	 x14:0xfffffff5 x14=0xffffffef
       19315000	      1930	8000038c	ff275ce3	bge	x14,x18,80000384	 x14:0xffffffef x18:0xffffffee
       19325000	      1931	00000000	00000013	addi	x0,x0,0	  x0:0x00000000
       19335000	      1932	80000380	00000013	addi	x0,x0,0	  x0:0x00000000
       19345000	      1933	80000384	49da3793	sltiu	x15,x20,1181	 x20:0xffffffef x15=0x00000000
       19355000	      1934	80000388	ffa70713	addi	x14,x14,-6	 x14:0xffffffef x14=0xffffffe9
       19365000	      1935	8000038c	ff275ce3	bge	x14,x18,80000384	 x14:0xffffffe9 x18:0xffffffee
       19375000	      1936	80000390	e60e4613	xori	x12,x28,-416	 x28:0x00000001 x12=0xfffffe61
       19385000	      1937	80000394	a2a07f97	auipc	x31,0xa2a07	 x31=0x22a07390
       19395000	      1938	80000398	fc4dcae3	blt	x27,x4,8000036c	 x27:0x0000000b  x4:0x0000000f
       19405000	      1939	00000000	00000013	addi	x0,x0,0	  x0:0x00000000
       19415000	      1940	80000368	00000013	addi	x0,x0,0	  x0:0x00000000
       19425000	      1941	8000036c	293e4c37	lui	x24,0x293e4	 x24=0x293e4000
       19435000	      1942	80000370	001d8d93	addi	x27,x27,1	 x27:0x0000000b x27=0x0000000c
       19445000	      1943	80000374	4076d013	srai	x0,x13,0x7	 x13:0x00000000
       19455000	      1944	80000378	ffb00713	addi	x14,x0,-5	  x0:0x00000000 x14=0xfffffffb
       19465000	      1945	8000037c	41815633	sra	x12,x2,x24	  x2:0x80009f84 x24:0x293e4000 x12=0x80009f84
       19475000	      1946	80000380	fee00913	addi	x18,x0,-18	  x0:0x00000000 x18=0xffffffee
       19485000	      1947	80000384	49da3793	sltiu	x15,x20,1181	 x20:0xffffffef x15=0x00000000
       19495000	      1948	80000388	ffa70713	addi	x14,x14,-6	 x14:0xfffffffb x14=0xfffffff5
       19505000	      1949	8000038c	ff275ce3	bge	x14,x18,80000384	 x14:0xfffffff5 x18:0xffffffee
       19515000	      1950	00000000	00000013	addi	x0,x0,0	  x0:0x00000000
       19525000	      1951	80000380	00000013	addi	x0,x0,0	  x0:0x00000000
       19535000	      1952	80000384	49da3793	sltiu	x15,x20,1181	 x20:0xffffffef x15=0x00000000
       19545000	      1953	80000388	ffa70713	addi	x14,x14,-6	 x14:0xfffffff5 x14=0xffffffef
       19555000	      1954	8000038c	ff275ce3	bge	x14,x18,80000384	 x14:0xffffffef x18:0xffffffee
       19565000	      1955	00000000	00000013	addi	x0,x0,0	  x0:0x00000000
       19575000	      1956	80000380	00000013	addi	x0,x0,0	  x0:0x00000000
       19585000	      1957	80000384	49da3793	sltiu	x15,x20,1181	 x20:0xffffffef x15=0x00000000
       19595000	      1958	80000388	ffa70713	addi	x14,x14,-6	 x14:0xffffffef x14=0xffffffe9
       19605000	      1959	8000038c	ff275ce3	bge	x14,x18,80000384	 x14:0xffffffe9 x18:0xffffffee
       19615000	      1960	80000390	e60e4613	xori	x12,x28,-416	 x28:0x00000001 x12=0xfffffe61
       19625000	      1961	80000394	a2a07f97	auipc	x31,0xa2a07	 x31=0x22a07390
       19635000	      1962	80000398	fc4dcae3	blt	x27,x4,8000036c	 x27:0x0000000c  x4:0x0000000f
       19645000	      1963	00000000	00000013	addi	x0,x0,0	  x0:0x00000000
       19655000	      1964	80000368	00000013	addi	x0,x0,0	  x0:0x00000000
       19665000	      1965	8000036c	293e4c37	lui	x24,0x293e4	 x24=0x293e4000
       19675000	      1966	80000370	001d8d93	addi	x27,x27,1	 x27:0x0000000c x27=0x0000000d
       19685000	      1967	80000374	4076d013	srai	x0,x13,0x7	 x13:0x00000000
       19695000	      1968	80000378	ffb00713	addi	x14,x0,-5	  x0:0x00000000 x14=0xfffffffb
       19705000	      1969	8000037c	41815633	sra	x12,x2,x24	  x2:0x80009f84 x24:0x293e4000 x12=0x80009f84
       19715000	      1970	80000380	fee00913	addi	x18,x0,-18	  x0:0x00000000 x18=0xffffffee
       19725000	      1971	80000384	49da3793	sltiu	x15,x20,1181	 x20:0xffffffef x15=0x00000000
       19735000	      1972	80000388	ffa70713	addi	x14,x14,-6	 x14:0xfffffffb x14=0xfffffff5
       19745000	      1973	8000038c	ff275ce3	bge	x14,x18,80000384	 x14:0xfffffff5 x18:0xffffffee
       19755000	      1974	00000000	00000013	addi	x0,x0,0	  x0:0x00000000
       19765000	      1975	80000380	00000013	addi	x0,x0,0	  x0:0x00000000
       19775000	      1976	80000384	49da3793	sltiu	x15,x20,1181	 x20:0xffffffef x15=0x00000000
       19785000	      1977	80000388	ffa70713	addi	x14,x14,-6	 x14:0xfffffff5 x14=0xffffffef
       19795000	      1978	8000038c	ff275ce3	bge	x14,x18,80000384	 x14:0xffffffef x18:0xffffffee
       19805000	      1979	00000000	00000013	addi	x0,x0,0	  x0:0x00000000
       19815000	      1980	80000380	00000013	addi	x0,x0,0	  x0:0x00000000
       19825000	      1981	80000384	49da3793	sltiu	x15,x20,1181	 x20:0xffffffef x15=0x00000000
       19835000	      1982	80000388	ffa70713	addi	x14,x14,-6	 x14:0xffffffef x14=0xffffffe9
       19845000	      1983	8000038c	ff275ce3	bge	x14,x18,80000384	 x14:0xffffffe9 x18:0xffffffee
       19855000	      1984	80000390	e60e4613	xori	x12,x28,-416	 x28:0x00000001 x12=0xfffffe61
       19865000	      1985	80000394	a2a07f97	auipc	x31,0xa2a07	 x31=0x22a07390
       19875000	      1986	80000398	fc4dcae3	blt	x27,x4,8000036c	 x27:0x0000000d  x4:0x0000000f
       19885000	      1987	00000000	00000013	addi	x0,x0,0	  x0:0x00000000
       19895000	      1988	80000368	00000013	addi	x0,x0,0	  x0:0x00000000
       19905000	      1989	8000036c	293e4c37	lui	x24,0x293e4	 x24=0x293e4000
       19915000	      1990	80000370	001d8d93	addi	x27,x27,1	 x27:0x0000000d x27=0x0000000e
       19925000	      1991	80000374	4076d013	srai	x0,x13,0x7	 x13:0x00000000
       19935000	      1992	80000378	ffb00713	addi	x14,x0,-5	  x0:0x00000000 x14=0xfffffffb
       19945000	      1993	8000037c	41815633	sra	x12,x2,x24	  x2:0x80009f84 x24:0x293e4000 x12=0x80009f84
       19955000	      1994	80000380	fee00913	addi	x18,x0,-18	  x0:0x00000000 x18=0xffffffee
       19965000	      1995	80000384	49da3793	sltiu	x15,x20,1181	 x20:0xffffffef x15=0x00000000
       19975000	      1996	80000388	ffa70713	addi	x14,x14,-6	 x14:0xfffffffb x14=0xfffffff5
       19985000	      1997	8000038c	ff275ce3	bge	x14,x18,80000384	 x14:0xfffffff5 x18:0xffffffee
       19995000	      1998	00000000	00000013	addi	x0,x0,0	  x0:0x00000000
       20005000	      1999	80000380	00000013	addi	x0,x0,0	  x0:0x00000000
       20015000	      2000	80000384	49da3793	sltiu	x15,x20,1181	 x20:0xffffffef x15=0x00000000
       20025000	      2001	80000388	ffa70713	addi	x14,x14,-6	 x14:0xfffffff5 x14=0xffffffef
       20035000	      2002	8000038c	ff275ce3	bge	x14,x18,80000384	 x14:0xffffffef x18:0xffffffee
       20045000	      2003	00000000	00000013	addi	x0,x0,0	  x0:0x00000000
       20055000	      2004	80000380	00000013	addi	x0,x0,0	  x0:0x00000000
       20065000	      2005	80000384	49da3793	sltiu	x15,x20,1181	 x20:0xffffffef x15=0x00000000
       20075000	      2006	80000388	ffa70713	addi	x14,x14,-6	 x14:0xffffffef x14=0xffffffe9
       20085000	      2007	8000038c	ff275ce3	bge	x14,x18,80000384	 x14:0xffffffe9 x18:0xffffffee
       20095000	      2008	80000390	e60e4613	xori	x12,x28,-416	 x28:0x00000001 x12=0xfffffe61
       20105000	      2009	80000394	a2a07f97	auipc	x31,0xa2a07	 x31=0x22a07390
       20115000	      2010	80000398	fc4dcae3	blt	x27,x4,8000036c	 x27:0x0000000e  x4:0x0000000f
       20125000	      2011	00000000	00000013	addi	x0,x0,0	  x0:0x00000000
       20135000	      2012	80000368	00000013	addi	x0,x0,0	  x0:0x00000000
       20145000	      2013	8000036c	293e4c37	lui	x24,0x293e4	 x24=0x293e4000
       20155000	      2014	80000370	001d8d93	addi	x27,x27,1	 x27:0x0000000e x27=0x0000000f
       20165000	      2015	80000374	4076d013	srai	x0,x13,0x7	 x13:0x00000000
       20175000	      2016	80000378	ffb00713	addi	x14,x0,-5	  x0:0x00000000 x14=0xfffffffb
       20185000	      2017	8000037c	41815633	sra	x12,x2,x24	  x2:0x80009f84 x24:0x293e4000 x12=0x80009f84
       20195000	      2018	80000380	fee00913	addi	x18,x0,-18	  x0:0x00000000 x18=0xffffffee
       20205000	      2019	80000384	49da3793	sltiu	x15,x20,1181	 x20:0xffffffef x15=0x00000000
       20215000	      2020	80000388	ffa70713	addi	x14,x14,-6	 x14:0xfffffffb x14=0xfffffff5
       20225000	      2021	8000038c	ff275ce3	bge	x14,x18,80000384	 x14:0xfffffff5 x18:0xffffffee
       20235000	      2022	00000000	00000013	addi	x0,x0,0	  x0:0x00000000
       20245000	      2023	80000380	00000013	addi	x0,x0,0	  x0:0x00000000
       20255000	      2024	80000384	49da3793	sltiu	x15,x20,1181	 x20:0xffffffef x15=0x00000000
       20265000	      2025	80000388	ffa70713	addi	x14,x14,-6	 x14:0xfffffff5 x14=0xffffffef
       20275000	      2026	8000038c	ff275ce3	bge	x14,x18,80000384	 x14:0xffffffef x18:0xffffffee
       20285000	      2027	00000000	00000013	addi	x0,x0,0	  x0:0x00000000
       20295000	      2028	80000380	00000013	addi	x0,x0,0	  x0:0x00000000
       20305000	      2029	80000384	49da3793	sltiu	x15,x20,1181	 x20:0xffffffef x15=0x00000000
       20315000	      2030	80000388	ffa70713	addi	x14,x14,-6	 x14:0xffffffef x14=0xffffffe9
       20325000	      2031	8000038c	ff275ce3	bge	x14,x18,80000384	 x14:0xffffffe9 x18:0xffffffee
       20335000	      2032	80000390	e60e4613	xori	x12,x28,-416	 x28:0x00000001 x12=0xfffffe61
       20345000	      2033	80000394	a2a07f97	auipc	x31,0xa2a07	 x31=0x22a07390
       20355000	      2034	80000398	fc4dcae3	blt	x27,x4,8000036c	 x27:0x0000000f  x4:0x0000000f
       20365000	      2035	8000039c	40955093	srai	x1,x10,0x9	 x10:0x9e239d68  x1=0xffcf11ce
       20375000	      2036	800003a0	05474863	blt	x14,x20,800003f0	 x14:0xffffffe9 x20:0xffffffef
       20385000	      2037	00000000	00000013	addi	x0,x0,0	  x0:0x00000000
       20395000	      2038	800003ec	00000013	addi	x0,x0,0	  x0:0x00000000
       20405000	      2039	800003f0	01bb8c63	beq	x23,x27,80000408	 x23:0x80009fc4 x27:0x0000000f
       20415000	      2040	800003f4	005f5b33	srl	x22,x30,x5	 x30:0x58f70000  x5:0x00000000 x22=0x58f70000
       20425000	      2041	800003f8	018d6eb3	or	x29,x26,x24	 x26:0xfffe0264 x24:0x293e4000 x29=0xfffe4264
       20435000	      2042	800003fc	01299213	slli	x4,x19,0x12	 x19:0xfffffff0  x4=0xffc00000
       20445000	      2043	80000400	004c2bb3	slt	x23,x24,x4	 x24:0x293e4000  x4:0xffc00000 x23=0x00000000
       20455000	      2044	80000404	01b54db3	xor	x27,x10,x27	 x10:0x9e239d68 x27:0x0000000f x27=0x9e239d67
       20465000	      2045	80000408	ac19a493	slti	x9,x19,-1343	 x19:0xfffffff0  x9=0x00000000
       20475000	      2046	8000040c	01e4dc93	srli	x25,x9,0x1e	  x9:0x00000000 x25=0x00000000
       20485000	      2047	80000410	af3f0c93	addi	x25,x30,-1293	 x30:0x58f70000 x25=0x58f6faf3
       20495000	      2048	80000414	00e7c0b3	xor	x1,x15,x14	 x15:0x00000000 x14:0xffffffe9  x1=0xffffffe9
       20505000	      2049	80000418	01199613	slli	x12,x19,0x11	 x19:0xfffffff0 x12=0xffe00000
       20515000	      2050	8000041c	130c4c13	xori	x24,x24,304	 x24:0x293e4000 x24=0x293e4130
       20525000	      2051	80000420	0051f0b3	and	x1,x3,x5	  x3:0x00000000  x5:0x00000000  x1=0x00000000
       20535000	      2052	80000424	012b9993	slli	x19,x23,0x12	 x23:0x00000000 x19=0x00000000
       20545000	      2053	80000428	cdbcfb13	andi	x22,x25,-805	 x25:0x58f6faf3 x22=0x58f6f8d3
       20555000	      2054	8000042c	00726463	bltu	x4,x7,80000434	  x4:0xffc00000  x7:0x00000000
       20565000	      2055	80000430	41f3dc33	sra	x24,x7,x31	  x7:0x00000000 x31:0x22a07390 x24=0x00000000
       20575000	      2056	80000434	019cbdb3	sltu	x27,x25,x25	 x25:0x58f6faf3 x25:0x58f6faf3 x27=0x00000000
       20585000	      2057	80000438	0180b633	sltu	x12,x1,x24	  x1:0x00000000 x24:0x00000000 x12=0x00000000
       20595000	      2058	8000043c	af840713	addi	x14,x8,-1288	  x8:0x0ce2b000 x14=0x0ce2aaf8
       20605000	      2059	80000440	ed436d13	ori	x26,x6,-300	  x6:0x00000000 x26=0xfffffed4
       20615000	      2060	80000444	003b4fb3	xor	x31,x22,x3	 x22:0x58f6f8d3  x3:0x00000000 x31=0x58f6f8d3
       20625000	      2061	80000448	018bf633	and	x12,x23,x24	 x23:0x00000000 x24:0x00000000 x12=0x00000000
       20635000	      2062	8000044c	00003317	auipc	x6,0x3	  x6=0x80003448
       20645000	      2063	80000450	b9430313	addi	x6,x6,-1132	  x6:0x80003448  x6=0x80002fdc
       20655000	      2064	80000454	013c4033	xor	x0,x24,x19	 x24:0x00000000 x19:0x00000000
       20665000	      2065	80000458	81744097	auipc	x1,0x81744	  x1=0x01744454
       20675000	      2066	8000045c	3a430313	addi	x6,x6,932	  x6:0x80002fdc  x6=0x80003380
       20685000	      2067	80000460	005f6833	or	x16,x30,x5	 x30:0x58f70000  x5:0x00000000 x16=0x58f70000
       20695000	      2068	80000464	414bdd13	srai	x26,x23,0x14	 x23:0x00000000 x26=0x00000000
       20705000	      2069	80000468	00fc2633	slt	x12,x24,x15	 x24:0x00000000 x15:0x00000000 x12=0x00000000
       20715000	      2070	8000046c	00c7bbb3	sltu	x23,x15,x12	 x15:0x00000000 x12:0x00000000 x23=0x00000000
       20725000	      2071	80000470	c5c30467	jalr	x8,x6,-932	  x6:0x80003380  x8=0x80000470
       20735000	      2072	00000000	00000013	addi	x0,x0,0	  x0:0x00000000
       20745000	      2073	80002fdc	00000013	addi	x0,x0,0	  x0:0x00000000
       20755000	      2074	80002fe0	fe410113	addi	x2,x2,-28	  x2:0x80009f84  x2=0x80009f68
       20765000	      2075	80002fe4	e82a3d93	sltiu	x27,x20,-382	 x20:0xffffffef x27=0x00000000
       20775000	      2076	80002fe8	01c81c33	sll	x24,x16,x28	 x16:0x58f70000 x28:0x00000001 x24=0xb1ee0000
       20785000	      2077	80002fec	00a914b3	sll	x9,x18,x10	 x18:0xffffffee x10:0x9e239d68  x9=0xffffee00
       20795000	      2078	80002ff0	00812223	sw	x8,4(x2)	  x2:0x80009f68  x8:0x80000470 PA:0x80009f6c
       20805000	      2079	80002ff4	01496b33	or	x22,x18,x20	 x18:0xffffffee x20:0xffffffef x22=0xffffffef
       20815000	      2080	80002ff8	00000013	addi	x0,x0,0	  x0:0x00000000
       20825000	      2081	80002ffc	02e6f063	bgeu	x13,x14,8000301c	 x13:0x00000000 x14:0x0ce2aaf8
       20835000	      2082	80003000	00c94933	xor	x18,x18,x12	 x18:0xffffffee x12:0x00000000 x18=0xffffffee
       20845000	      2083	80003004	019c3fb3	sltu	x31,x24,x25	 x24:0xb1ee0000 x25:0x58f6faf3 x31=0x00000000
       20855000	      2084	80003008	015eca63	blt	x29,x21,8000301c	 x29:0xfffe4264 x21:0xfffffff0
       20865000	      2085	00000000	00000013	addi	x0,x0,0	  x0:0x00000000
       20875000	      2086	80003018	00000013	addi	x0,x0,0	  x0:0x00000000
       20885000	      2087	8000301c	003f1fb3	sll	x31,x30,x3	 x30:0x58f70000  x3:0x00000000 x31=0x58f70000
       20895000	      2088	80003020	00000013	addi	x0,x0,0	  x0:0x00000000
       20905000	      2089	80003024	00412403	lw	x8,4(x2)	  x2:0x80009f68  x8=0x80000470 PA:0x80009f6c
       20915000	      2090	80003028	0110b633	sltu	x12,x1,x17	  x1:0x01744454 x17:0x80009fc4 x12=0x00000001
       20925000	      2091	8000302c	6274da17	auipc	x20,0x6274d	 x20=0xe2750028
       20935000	      2092	80003030	01c10113	addi	x2,x2,28	  x2:0x80009f68  x2=0x80009f84
       20945000	      2093	80003034	016813b3	sll	x7,x16,x22	 x16:0x58f70000 x22:0xffffffef  x7=0x80000000
       20955000	      2094	80003038	5d21a993	slti	x19,x3,1490	  x3:0x00000000 x19=0x00000001
       20965000	      2095	8000303c	00140e93	addi	x29,x8,1	  x8:0x80000470 x29=0x80000471
       20975000	      2096	80003040	000e8ee7	jalr	x29,x29,0	 x29:0x80000471 x29=0x80003040
       20985000	      2097	00000000	00000013	addi	x0,x0,0	  x0:0x00000000
       20995000	      2098	80000470	00000013	addi	x0,x0,0	  x0:0x00000000
       21005000	      2099	80000474	36378393	addi	x7,x15,867	 x15:0x00000000  x7=0x00000363
       21015000	      2100	80000478	012d6663	bltu	x26,x18,80000484	 x26:0x00000000 x18:0xffffffee
       21025000	      2101	00000000	00000013	addi	x0,x0,0	  x0:0x00000000
       21035000	      2102	80000480	00000013	addi	x0,x0,0	  x0:0x00000000
       21045000	      2103	80000484	41d65a13	srai	x20,x12,0x1d	 x12:0x00000001 x20=0x00000000
       21055000	      2104	80000488	012cd093	srli	x1,x25,0x12	 x25:0x58f6faf3  x1=0x0000163d
       21065000	      2105	8000048c	00baf3b3	and	x7,x21,x11	 x21:0xfffffff0 x11:0x00000000  x7=0x00000000
       21075000	      2106	80000490	00c49013	slli	x0,x9,0xc	  x9:0xffffee00
       21085000	      2107	80000494	00951b93	slli	x23,x10,0x9	 x10:0x9e239d68 x23=0x473ad000
       21095000	      2108	80000498	40c9d033	sra	x0,x19,x12	 x19:0x00000001 x12:0x00000001
       21105000	      2109	8000049c	0127d913	srli	x18,x15,0x12	 x15:0x00000000 x18=0x00000000
       21115000	      2110	800004a0	00c60433	add	x8,x12,x12	 x12:0x00000001 x12:0x00000001  x8=0x00000002
       21125000	      2111	800004a4	019f4633	xor	x12,x30,x25	 x30:0x58f70000 x25:0x58f6faf3 x12=0x0001faf3
       21135000	      2112	800004a8	119020b7	lui	x1,0x11902	  x1=0x11902000
       21145000	      2113	800004ac	013bdeb3	srl	x29,x23,x19	 x23:0x473ad000 x19:0x00000001 x29=0x239d6800
       21155000	      2114	800004b0	00459313	slli	x6,x11,0x4	 x11:0x00000000  x6=0x00000000
       21165000	      2115	800004b4	0060a7b3	slt	x15,x1,x6	  x1:0x11902000  x6:0x00000000 x15=0x00000000
       21175000	      2116	800004b8	015cdd33	srl	x26,x25,x21	 x25:0x58f6faf3 x21:0xfffffff0 x26=0x000058f6
       21185000	      2117	800004bc	05fd9863	bne	x27,x31,8000050c	 x27:0x00000000 x31:0x58f70000
       21195000	      2118	00000000	00000013	addi	x0,x0,0	  x0:0x00000000
       21205000	      2119	80000508	00000013	addi	x0,x0,0	  x0:0x00000000
       21215000	      2120	8000050c	0050f733	and	x14,x1,x5	  x1:0x11902000  x5:0x00000000 x14=0x00000000
       21225000	      2121	80000510	2e2ab513	sltiu	x10,x21,738	 x21:0xfffffff0 x10=0x00000000
       21235000	      2122	80000514	416f8a33	sub	x20,x31,x22	 x31:0x58f70000 x22:0xffffffef x20=0x58f70011
       21245000	      2123	80000518	fffb4613	xori	x12,x22,-1	 x22:0xffffffef x12=0x00000010
       21255000	      2124	8000051c	416f5b93	srai	x23,x30,0x16	 x30:0x58f70000 x23=0x00000163
       21265000	      2125	80000520	007e6c63	bltu	x28,x7,80000538	 x28:0x00000001  x7:0x00000000
       21275000	      2126	80000524	02f71a63	bne	x14,x15,80000558	 x14:0x00000000 x15:0x00000000
       21285000	      2127	80000528	d6290213	addi	x4,x18,-670	 x18:0x00000000  x4=0xfffffd62
       21295000	      2128	8000052c	02580a63	beq	x16,x5,80000560	 x16:0x58f70000  x5:0x00000000
       21305000	      2129	80000530	00525513	srli	x10,x4,0x5	  x4:0xfffffd62 x10=0x07ffffeb
       21315000	      2130	80000534	0192f0b3	and	x1,x5,x25	  x5:0x00000000 x25:0x58f6faf3  x1=0x00000000
       21325000	      2131	80000538	37373a13	sltiu	x20,x14,883	 x14:0x00000000 x20=0x00000001
       21335000	      2132	8000053c	01616663	bltu	x2,x22,80000548	  x2:0x80009f84 x22:0xffffffef
       21345000	      2133	00000000	00000013	addi	x0,x0,0	  x0:0x00000000
       21355000	      2134	80000544	00000013	addi	x0,x0,0	  x0:0x00000000
       21365000	      2135	80000548	41245cb3	sra	x25,x8,x18	  x8:0x00000002 x18:0x00000000 x25=0x00000002
       21375000	      2136	8000054c	01cb4933	xor	x18,x22,x28	 x22:0xffffffef x28:0x00000001 x18=0xffffffee
       21385000	      2137	80000550	0501e663	bltu	x3,x16,8000059c	  x3:0x00000000 x16:0x58f70000
       21395000	      2138	00000000	00000013	addi	x0,x0,0	  x0:0x00000000
       21405000	      2139	80000598	00000013	addi	x0,x0,0	  x0:0x00000000
       21415000	      2140	8000059c	0208f063	bgeu	x17,x0,800005bc	 x17:0x80009fc4  x0:0x00000000
       21425000	      2141	00000000	00000013	addi	x0,x0,0	  x0:0x00000000
       21435000	      2142	800005b8	00000013	addi	x0,x0,0	  x0:0x00000000
       21445000	      2143	800005bc	012903b3	add	x7,x18,x18	 x18:0xffffffee x18:0xffffffee  x7=0xffffffdc
       21455000	      2144	800005c0	014ef663	bgeu	x29,x20,800005cc	 x29:0x239d6800 x20:0x00000001
       21465000	      2145	00000000	00000013	addi	x0,x0,0	  x0:0x00000000
       21475000	      2146	800005c8	00000013	addi	x0,x0,0	  x0:0x00000000
       21485000	      2147	800005cc	0082ec63	bltu	x5,x8,800005e4	  x5:0x00000000  x8:0x00000002
       21495000	      2148	00000000	00000013	addi	x0,x0,0	  x0:0x00000000
       21505000	      2149	800005e0	00000013	addi	x0,x0,0	  x0:0x00000000
       21515000	      2150	800005e4	015977b3	and	x15,x18,x21	 x18:0xffffffee x21:0xfffffff0 x15=0xffffffe0
       21525000	      2151	800005e8	8422c513	xori	x10,x5,-1982	  x5:0x00000000 x10=0xfffff842
       21535000	      2152	800005ec	02eeec63	bltu	x29,x14,80000624	 x29:0x239d6800 x14:0x00000000
       21545000	      2153	800005f0	01378c63	beq	x15,x19,80000608	 x15:0xffffffe0 x19:0x00000001
       21555000	      2154	800005f4	033ff063	bgeu	x31,x19,80000614	 x31:0x58f70000 x19:0x00000001
       21565000	      2155	00000000	00000013	addi	x0,x0,0	  x0:0x00000000
       21575000	      2156	80000610	00000013	addi	x0,x0,0	  x0:0x00000000
       21585000	      2157	80000614	413054b3	sra	x9,x0,x19	  x0:0x00000000 x19:0x00000001  x9=0x00000000
       21595000	      2158	80000618	41b2d013	srai	x0,x5,0x1b	  x5:0x00000000
       21605000	      2159	8000061c	ae574313	xori	x6,x14,-1307	 x14:0x00000000  x6=0xfffffae5
       21615000	      2160	80000620	04367663	bgeu	x12,x3,8000066c	 x12:0x00000010  x3:0x00000000
       21625000	      2161	00000000	00000013	addi	x0,x0,0	  x0:0x00000000
       21635000	      2162	80000668	00000013	addi	x0,x0,0	  x0:0x00000000
       21645000	      2163	8000066c	017817b3	sll	x15,x16,x23	 x16:0x58f70000 x23:0x00000163 x15=0xc7b80000
       21655000	      2164	80000670	01db6c63	bltu	x22,x29,80000688	 x22:0xffffffef x29:0x239d6800
       21665000	      2165	80000674	99ee4d93	xori	x27,x28,-1634	 x28:0x00000001 x27=0xfffff99f
       21675000	      2166	80000678	00dff733	and	x14,x31,x13	 x31:0x58f70000 x13:0x00000000 x14=0x00000000
       21685000	      2167	8000067c	05a28863	beq	x5,x26,800006cc	  x5:0x00000000 x26:0x000058f6
       21695000	      2168	80000680	dbfc3537	lui	x10,0xdbfc3	 x10=0xdbfc3000
       21705000	      2169	80000684	041e6263	bltu	x28,x1,800006c8	 x28:0x00000001  x1:0x00000000
       21715000	      2170	80000688	04c19863	bne	x3,x12,800006d8	  x3:0x00000000 x12:0x00000010
       21725000	      2171	00000000	00000013	addi	x0,x0,0	  x0:0x00000000
       21735000	      2172	800006d4	00000013	addi	x0,x0,0	  x0:0x00000000
       21745000	      2173	800006d8	0186e463	bltu	x13,x24,800006e0	 x13:0x00000000 x24:0xb1ee0000
       21755000	      2174	00000000	00000013	addi	x0,x0,0	  x0:0x00000000
       21765000	      2175	800006dc	00000013	addi	x0,x0,0	  x0:0x00000000
       21775000	      2176	800006e0	014b1463	bne	x22,x20,800006e8	 x22:0xffffffef x20:0x00000001
       21785000	      2177	00000000	00000013	addi	x0,x0,0	  x0:0x00000000
       21795000	      2178	800006e4	00000013	addi	x0,x0,0	  x0:0x00000000
       21805000	      2179	800006e8	00f22a33	slt	x20,x4,x15	  x4:0xfffffd62 x15:0xc7b80000 x20=0x00000000
       21815000	      2180	800006ec	01174933	xor	x18,x14,x17	 x14:0x00000000 x17:0x80009fc4 x18=0x80009fc4
       21825000	      2181	800006f0	00b0e5b3	or	x11,x1,x11	  x1:0x00000000 x11:0x00000000 x11=0x00000000
       21835000	      2182	800006f4	0066a233	slt	x4,x13,x6	 x13:0x00000000  x6:0xfffffae5  x4=0x00000000
       21845000	      2183	800006f8	00d92333	slt	x6,x18,x13	 x18:0x80009fc4 x13:0x00000000  x6=0x00000001
       21855000	      2184	800006fc	99976913	ori	x18,x14,-1639	 x14:0x00000000 x18=0xfffff999
       21865000	      2185	80000700	004f13b3	sll	x7,x30,x4	 x30:0x58f70000  x4:0x00000000  x7=0x58f70000
       21875000	      2186	80000704	a8ece813	ori	x16,x25,-1394	 x25:0x00000002 x16=0xfffffa8e
       21885000	      2187	80000708	011b4463	blt	x22,x17,80000710	 x22:0xffffffef x17:0x80009fc4
       21895000	      2188	8000070c	61397f37	lui	x30,0x61397	 x30=0x61397000
       21905000	      2189	80000710	572a3c93	sltiu	x25,x20,1394	 x20:0x00000000 x25=0x00000001
       21915000	      2190	80000714	009339b3	sltu	x19,x6,x9	  x6:0x00000001  x9:0x00000000 x19=0x00000000
       21925000	      2191	80000718	4084d513	srai	x10,x9,0x8	  x9:0x00000000 x10=0x00000000
       21935000	      2192	8000071c	68fdc093	xori	x1,x27,1679	 x27:0xfffff99f  x1=0xffffff10
       21945000	      2193	80000720	00590f33	add	x30,x18,x5	 x18:0xfffff999  x5:0x00000000 x30=0xfffff999
       21955000	      2194	80000724	008cbdb3	sltu	x27,x25,x8	 x25:0x00000001  x8:0x00000002 x27=0x00000001
       21965000	      2195	80000728	05054a63	blt	x10,x16,8000077c	 x10:0x00000000 x16:0xfffffa8e
       21975000	      2196	8000072c	017194b3	sll	x9,x3,x23	  x3:0x00000000 x23:0x00000163  x9=0x00000000
       21985000	      2197	80000730	06a41c63	bne	x8,x10,800007a8	  x8:0x00000002 x10:0x00000000
       21995000	      2198	00000000	00000013	addi	x0,x0,0	  x0:0x00000000
       22005000	      2199	800007a4	00000013	addi	x0,x0,0	  x0:0x00000000
       22015000	      2200	800007a8	00cd1993	slli	x19,x26,0xc	 x26:0x000058f6 x19=0x058f6000
       22025000	      2201	800007ac	01b80a33	add	x20,x16,x27	 x16:0xfffffa8e x27:0x00000001 x20=0xfffffa8f
       22035000	      2202	800007b0	00e280b3	add	x1,x5,x14	  x5:0x00000000 x14:0x00000000  x1=0x00000000
       22045000	      2203	800007b4	413b0eb3	sub	x29,x22,x19	 x22:0xffffffef x19:0x058f6000 x29=0xfa709fef
       22055000	      2204	800007b8	01bc64b3	or	x9,x24,x27	 x24:0xb1ee0000 x27:0x00000001  x9=0xb1ee0001
       22065000	      2205	800007bc	07158263	beq	x11,x17,80000820	 x11:0x00000000 x17:0x80009fc4
       22075000	      2206	800007c0	06e04a63	blt	x0,x14,80000834	  x0:0x00000000 x14:0x00000000
       22085000	      2207	800007c4	07ca6e63	bltu	x20,x28,80000840	 x20:0xfffffa8f x28:0x00000001
       22095000	      2208	800007c8	40c28733	sub	x14,x5,x12	  x5:0x00000000 x12:0x00000010 x14=0xfffffff0
       22105000	      2209	800007cc	00e660b3	or	x1,x12,x14	 x12:0x00000010 x14:0xfffffff0  x1=0xfffffff0
       22115000	      2210	800007d0	652d4813	xori	x16,x26,1618	 x26:0x000058f6 x16=0x00005ea4
       22125000	      2211	800007d4	bf136493	ori	x9,x6,-1039	  x6:0x00000001  x9=0xfffffbf1
       22135000	      2212	800007d8	010c32b3	sltu	x5,x24,x16	 x24:0xb1ee0000 x16:0x00005ea4  x5=0x00000000
       22145000	      2213	800007dc	018c9d93	slli	x27,x25,0x18	 x25:0x00000001 x27=0x01000000
       22155000	      2214	800007e0	00000917	auipc	x18,0x0	 x18=0x800007dc
       22165000	      2215	800007e4	0a890913	addi	x18,x18,168	 x18:0x800007dc x18=0x80000884
       22175000	      2216	800007e8	010d8b33	add	x22,x27,x16	 x27:0x01000000 x16:0x00005ea4 x22=0x01005ea4
       22185000	      2217	800007ec	02290913	addi	x18,x18,34	 x18:0x80000884 x18=0x800008a6
       22195000	      2218	800007f0	018daf33	slt	x30,x27,x24	 x27:0x01000000 x24:0xb1ee0000 x30=0x00000000
       22205000	      2219	800007f4	00de1d33	sll	x26,x28,x13	 x28:0x00000001 x13:0x00000000 x26=0x00000001
       22215000	      2220	800007f8	002fdf13	srli	x30,x31,0x2	 x31:0x58f70000 x30=0x163dc000
       22225000	      2221	800007fc	004f1e93	slli	x29,x30,0x4	 x30:0x163dc000 x29=0x63dc0000
       22235000	      2222	80000800	01ee31b3	sltu	x3,x28,x30	 x28:0x00000001 x30:0x163dc000  x3=0x00000001
       22245000	      2223	80000804	fde90467	jalr	x8,x18,-34	 x18:0x800008a6  x8=0x80000804
       22255000	      2224	00000000	00000013	addi	x0,x0,0	  x0:0x00000000
       22265000	      2225	80000884	00000013	addi	x0,x0,0	  x0:0x00000000
       22275000	      2226	80000888	0138fc33	and	x24,x17,x19	 x17:0x80009fc4 x19:0x058f6000 x24=0x00000000
       22285000	      2227	8000088c	00faec33	or	x24,x21,x15	 x21:0xfffffff0 x15:0xc7b80000 x24=0xfffffff0
       22295000	      2228	80000890	f9a2c993	xori	x19,x5,-102	  x5:0x00000000 x19=0xffffff9a
       22305000	      2229	80000894	01b369b3	or	x19,x6,x27	  x6:0x00000001 x27:0x01000000 x19=0x01000001
       22315000	      2230	80000898	015949b3	xor	x19,x18,x21	 x18:0x800008a6 x21:0xfffffff0 x19=0x7ffff756
       22325000	      2231	8000089c	009c7263	bgeu	x24,x9,800008a0	 x24:0xfffffff0  x9:0xfffffbf1
       22335000	      2232	00000000	00000013	addi	x0,x0,0	  x0:0x00000000
       22345000	      2233	8000089c	00000013	addi	x0,x0,0	  x0:0x00000000
       22355000	      2234	800008a0	fc810113	addi	x2,x2,-56	  x2:0x80009f84  x2=0x80009f4c
       22365000	      2235	800008a4	40c0de13	srai	x28,x1,0xc	  x1:0xfffffff0 x28=0xffffffff
       22375000	      2236	800008a8	91497293	andi	x5,x18,-1772	 x18:0x800008a6  x5=0x80000804
       22385000	      2237	800008ac	00812223	sw	x8,4(x2)	  x2:0x80009f4c  x8:0x80000804 PA:0x80009f50
       22395000	      2238	800008b0	01bb0c33	add	x24,x22,x27	 x22:0x01005ea4 x27:0x01000000 x24=0x02005ea4
       22405000	      2239	800008b4	3c243913	sltiu	x18,x8,962	  x8:0x80000804 x18=0x00000000
       22415000	      2240	800008b8	ff800913	addi	x18,x0,-8	  x0:0x00000000 x18=0xfffffff8
       22425000	      2241	800008bc	0608f593	andi	x11,x17,96	 x17:0x80009fc4 x11=0x00000040
       22435000	      2242	800008c0	00347bb3	and	x23,x8,x3	  x8:0x80000804  x3:0x00000001 x23=0x00000000
       22445000	      2243	800008c4	00ef72b3	and	x5,x30,x14	 x30:0x163dc000 x14:0xfffffff0  x5=0x163dc000
       22455000	      2244	800008c8	016b6bb3	or	x23,x22,x22	 x22:0x01005ea4 x22:0x01005ea4 x23=0x01005ea4
       22465000	      2245	800008cc	ff800493	addi	x9,x0,-8	  x0:0x00000000  x9=0xfffffff8
       22475000	      2246	800008d0	01682533	slt	x10,x16,x22	 x16:0x00005ea4 x22:0x01005ea4 x10=0x00000001
       22485000	      2247	800008d4	00391333	sll	x6,x18,x3	 x18:0xfffffff8  x3:0x00000001  x6=0xfffffff0
       22495000	      2248	800008d8	ff790913	addi	x18,x18,-9	 x18:0xfffffff8 x18=0xffffffef
       22505000	      2249	800008dc	390f3c93	sltiu	x25,x30,912	 x30:0x163dc000 x25=0x00000000
       22515000	      2250	800008e0	000b20b3	slt	x1,x22,x0	 x22:0x01005ea4  x0:0x00000000  x1=0x00000000
       22525000	      2251	800008e4	00f6c5b3	xor	x11,x13,x15	 x13:0x00000000 x15:0xc7b80000 x11=0xc7b80000
       22535000	      2252	800008e8	40c70733	sub	x14,x14,x12	 x14:0xfffffff0 x12:0x00000010 x14=0xffffffe0
       22545000	      2253	800008ec	ffe00f93	addi	x31,x0,-2	  x0:0x00000000 x31=0xfffffffe
       22555000	      2254	800008f0	3fe82f13	slti	x30,x16,1022	 x16:0x00005ea4 x30=0x00000000
       22565000	      2255	800008f4	01ae8eb3	add	x29,x29,x26	 x29:0x63dc0000 x26:0x00000001 x29=0x63dc0001
       22575000	      2256	800008f8	f0e2a193	slti	x3,x5,-242	  x5:0x163dc000  x3=0x00000000
       22585000	      2257	800008fc	00100813	addi	x16,x0,1	  x0:0x00000000 x16=0x00000001
       22595000	      2258	80000900	a7e8a993	slti	x19,x17,-1410	 x17:0x80009fc4 x19=0x00000001
       22605000	      2259	80000904	e226b537	lui	x10,0xe226b	 x10=0xe226b000
       22615000	      2260	80000908	00000013	addi	x0,x0,0	  x0:0x00000000
       22625000	      2261	8000090c	00db7333	and	x6,x22,x13	 x22:0x01005ea4 x13:0x00000000  x6=0x00000000
       22635000	      2262	80000910	002dee33	or	x28,x27,x2	 x27:0x01000000  x2:0x80009f4c x28=0x81009f4c
       22645000	      2263	80000914	002109b3	add	x19,x2,x2	  x2:0x80009f4c  x2:0x80009f4c x19=0x00013e98
       22655000	      2264	80000918	2a9fbb13	sltiu	x22,x31,681	 x31:0xfffffffe x22=0x00000000
       22665000	      2265	8000091c	8251a537	lui	x10,0x8251a	 x10=0x8251a000
       22675000	      2266	80000920	00af8f93	addi	x31,x31,10	 x31:0xfffffffe x31=0x00000008
       22685000	      2267	80000924	ff0fc0e3	blt	x31,x16,80000904	 x31:0x00000008 x16:0x00000001
       22695000	      2268	80000928	000069b3	or	x19,x0,x0	  x0:0x00000000  x0:0x00000000 x19=0x00000000
       22705000	      2269	8000092c	fa9952e3	bge	x18,x9,800008d0	 x18:0xffffffef  x9:0xfffffff8
       22715000	      2270	80000930	406ddcb3	sra	x25,x27,x6	 x27:0x01000000  x6:0x00000000 x25=0x01000000
       22725000	      2271	80000934	00100213	addi	x4,x0,1	  x0:0x00000000  x4=0x00000001
       22735000	      2272	80000938	01191cb3	sll	x25,x18,x17	 x18:0xffffffef x17:0x80009fc4 x25=0xfffffef0
       22745000	      2273	8000093c	003eff33	and	x30,x29,x3	 x29:0x63dc0001  x3:0x00000000 x30=0x00000000
       22755000	      2274	80000940	07fef493	andi	x9,x29,127	 x29:0x63dc0001  x9=0x00000001
       22765000	      2275	80000944	0059c533	xor	x10,x19,x5	 x19:0x00000000  x5:0x163dc000 x10=0x163dc000
       22775000	      2276	80000948	01300413	addi	x8,x0,19	  x0:0x00000000  x8=0x00000013
       22785000	      2277	8000094c	00d41393	slli	x7,x8,0xd	  x8:0x00000013  x7=0x00026000
       22795000	      2278	80000950	49c16913	ori	x18,x2,1180	  x2:0x80009f4c x18=0x80009fdc
       22805000	      2279	80000954	415eda13	srai	x20,x29,0x15	 x29:0x63dc0001 x20=0x0000031e
       22815000	      2280	80000958	636f9717	auipc	x14,0x636f9	 x14=0xe36f9954
       22825000	      2281	8000095c	004e7f33	and	x30,x28,x4	 x28:0x81009f4c  x4:0x00000001 x30=0x00000000
       22835000	      2282	80000960	4e92acb7	lui	x25,0x4e92a	 x25=0x4e92a000
       22845000	      2283	80000964	014927b3	slt	x15,x18,x20	 x18:0x80009fdc x20:0x0000031e x15=0x00000001
       22855000	      2284	80000968	00620213	addi	x4,x4,6	  x4:0x00000001  x4=0x00000007
       22865000	      2285	8000096c	41c2df33	sra	x30,x5,x28	  x5:0x163dc000 x28:0x81009f4c x30=0x000163dc
       22875000	      2286	80000970	fff00593	addi	x11,x0,-1	  x0:0x00000000 x11=0xffffffff
       22885000	      2287	80000974	00b00613	addi	x12,x0,11	  x0:0x00000000 x12=0x0000000b
       22895000	      2288	80000978	18007a13	andi	x20,x0,384	  x0:0x00000000 x20=0x00000000
       22905000	      2289	8000097c	6acefeb7	lui	x29,0x6acef	 x29=0x6acef000
       22915000	      2290	80000980	00358593	addi	x11,x11,3	 x11:0xffffffff x11=0x00000002
       22925000	      2291	80000984	fec5cae3	blt	x11,x12,80000978	 x11:0x00000002 x12:0x0000000b
       22935000	      2292	00000000	00000013	addi	x0,x0,0	  x0:0x00000000
       22945000	      2293	80000974	00000013	addi	x0,x0,0	  x0:0x00000000
       22955000	      2294	80000978	18007a13	andi	x20,x0,384	  x0:0x00000000 x20=0x00000000
       22965000	      2295	8000097c	6acefeb7	lui	x29,0x6acef	 x29=0x6acef000
       22975000	      2296	80000980	00358593	addi	x11,x11,3	 x11:0x00000002 x11=0x00000005
       22985000	      2297	80000984	fec5cae3	blt	x11,x12,80000978	 x11:0x00000005 x12:0x0000000b
       22995000	      2298	00000000	00000013	addi	x0,x0,0	  x0:0x00000000
       23005000	      2299	80000974	00000013	addi	x0,x0,0	  x0:0x00000000
       23015000	      2300	80000978	18007a13	andi	x20,x0,384	  x0:0x00000000 x20=0x00000000
       23025000	      2301	8000097c	6acefeb7	lui	x29,0x6acef	 x29=0x6acef000
       23035000	      2302	80000980	00358593	addi	x11,x11,3	 x11:0x00000005 x11=0x00000008
       23045000	      2303	80000984	fec5cae3	blt	x11,x12,80000978	 x11:0x00000008 x12:0x0000000b
       23055000	      2304	00000000	00000013	addi	x0,x0,0	  x0:0x00000000
       23065000	      2305	80000974	00000013	addi	x0,x0,0	  x0:0x00000000
       23075000	      2306	80000978	18007a13	andi	x20,x0,384	  x0:0x00000000 x20=0x00000000
       23085000	      2307	8000097c	6acefeb7	lui	x29,0x6acef	 x29=0x6acef000
       23095000	      2308	80000980	00358593	addi	x11,x11,3	 x11:0x00000008 x11=0x0000000b
       23105000	      2309	80000984	fec5cae3	blt	x11,x12,80000978	 x11:0x0000000b x12:0x0000000b
       23115000	      2310	80000988	71030b13	addi	x22,x6,1808	  x6:0x00000000 x22=0x00000710
       23125000	      2311	8000098c	41e4dcb3	sra	x25,x9,x30	  x9:0x00000001 x30:0x000163dc x25=0x00000000
       23135000	      2312	80000990	fc826ae3	bltu	x4,x8,80000964	  x4:0x00000007  x8:0x00000013
       23145000	      2313	00000000	00000013	addi	x0,x0,0	  x0:0x00000000
       23155000	      2314	80000960	00000013	addi	x0,x0,0	  x0:0x00000000
       23165000	      2315	80000964	014927b3	slt	x15,x18,x20	 x18:0x80009fdc x20:0x00000000 x15=0x00000001
       23175000	      2316	80000968	00620213	addi	x4,x4,6	  x4:0x00000007  x4=0x0000000d
       23185000	      2317	8000096c	41c2df33	sra	x30,x5,x28	  x5:0x163dc000 x28:0x81009f4c x30=0x000163dc
       23195000	      2318	80000970	fff00593	addi	x11,x0,-1	  x0:0x00000000 x11=0xffffffff
       23205000	      2319	80000974	00b00613	addi	x12,x0,11	  x0:0x00000000 x12=0x0000000b
       23215000	      2320	80000978	18007a13	andi	x20,x0,384	  x0:0x00000000 x20=0x00000000
       23225000	      2321	8000097c	6acefeb7	lui	x29,0x6acef	 x29=0x6acef000
       23235000	      2322	80000980	00358593	addi	x11,x11,3	 x11:0xffffffff x11=0x00000002
       23245000	      2323	80000984	fec5cae3	blt	x11,x12,80000978	 x11:0x00000002 x12:0x0000000b
       23255000	      2324	00000000	00000013	addi	x0,x0,0	  x0:0x00000000
       23265000	      2325	80000974	00000013	addi	x0,x0,0	  x0:0x00000000
       23275000	      2326	80000978	18007a13	andi	x20,x0,384	  x0:0x00000000 x20=0x00000000
       23285000	      2327	8000097c	6acefeb7	lui	x29,0x6acef	 x29=0x6acef000
       23295000	      2328	80000980	00358593	addi	x11,x11,3	 x11:0x00000002 x11=0x00000005
       23305000	      2329	80000984	fec5cae3	blt	x11,x12,80000978	 x11:0x00000005 x12:0x0000000b
       23315000	      2330	00000000	00000013	addi	x0,x0,0	  x0:0x00000000
       23325000	      2331	80000974	00000013	addi	x0,x0,0	  x0:0x00000000
       23335000	      2332	80000978	18007a13	andi	x20,x0,384	  x0:0x00000000 x20=0x00000000
       23345000	      2333	8000097c	6acefeb7	lui	x29,0x6acef	 x29=0x6acef000
       23355000	      2334	80000980	00358593	addi	x11,x11,3	 x11:0x00000005 x11=0x00000008
       23365000	      2335	80000984	fec5cae3	blt	x11,x12,80000978	 x11:0x00000008 x12:0x0000000b
       23375000	      2336	00000000	00000013	addi	x0,x0,0	  x0:0x00000000
       23385000	      2337	80000974	00000013	addi	x0,x0,0	  x0:0x00000000
       23395000	      2338	80000978	18007a13	andi	x20,x0,384	  x0:0x00000000 x20=0x00000000
       23405000	      2339	8000097c	6acefeb7	lui	x29,0x6acef	 x29=0x6acef000
       23415000	      2340	80000980	00358593	addi	x11,x11,3	 x11:0x00000008 x11=0x0000000b
       23425000	      2341	80000984	fec5cae3	blt	x11,x12,80000978	 x11:0x0000000b x12:0x0000000b
       23435000	      2342	80000988	71030b13	addi	x22,x6,1808	  x6:0x00000000 x22=0x00000710
       23445000	      2343	8000098c	41e4dcb3	sra	x25,x9,x30	  x9:0x00000001 x30:0x000163dc x25=0x00000000
       23455000	      2344	80000990	fc826ae3	bltu	x4,x8,80000964	  x4:0x0000000d  x8:0x00000013
       23465000	      2345	00000000	00000013	addi	x0,x0,0	  x0:0x00000000
       23475000	      2346	80000960	00000013	addi	x0,x0,0	  x0:0x00000000
       23485000	      2347	80000964	014927b3	slt	x15,x18,x20	 x18:0x80009fdc x20:0x00000000 x15=0x00000001
       23495000	      2348	80000968	00620213	addi	x4,x4,6	  x4:0x0000000d  x4=0x00000013
       23505000	      2349	8000096c	41c2df33	sra	x30,x5,x28	  x5:0x163dc000 x28:0x81009f4c x30=0x000163dc
       23515000	      2350	80000970	fff00593	addi	x11,x0,-1	  x0:0x00000000 x11=0xffffffff
       23525000	      2351	80000974	00b00613	addi	x12,x0,11	  x0:0x00000000 x12=0x0000000b
       23535000	      2352	80000978	18007a13	andi	x20,x0,384	  x0:0x00000000 x20=0x00000000
       23545000	      2353	8000097c	6acefeb7	lui	x29,0x6acef	 x29=0x6acef000
       23555000	      2354	80000980	00358593	addi	x11,x11,3	 x11:0xffffffff x11=0x00000002
       23565000	      2355	80000984	fec5cae3	blt	x11,x12,80000978	 x11:0x00000002 x12:0x0000000b
       23575000	      2356	00000000	00000013	addi	x0,x0,0	  x0:0x00000000
       23585000	      2357	80000974	00000013	addi	x0,x0,0	  x0:0x00000000
       23595000	      2358	80000978	18007a13	andi	x20,x0,384	  x0:0x00000000 x20=0x00000000
       23605000	      2359	8000097c	6acefeb7	lui	x29,0x6acef	 x29=0x6acef000
       23615000	      2360	80000980	00358593	addi	x11,x11,3	 x11:0x00000002 x11=0x00000005
       23625000	      2361	80000984	fec5cae3	blt	x11,x12,80000978	 x11:0x00000005 x12:0x0000000b
       23635000	      2362	00000000	00000013	addi	x0,x0,0	  x0:0x00000000
       23645000	      2363	80000974	00000013	addi	x0,x0,0	  x0:0x00000000
       23655000	      2364	80000978	18007a13	andi	x20,x0,384	  x0:0x00000000 x20=0x00000000
       23665000	      2365	8000097c	6acefeb7	lui	x29,0x6acef	 x29=0x6acef000
       23675000	      2366	80000980	00358593	addi	x11,x11,3	 x11:0x00000005 x11=0x00000008
       23685000	      2367	80000984	fec5cae3	blt	x11,x12,80000978	 x11:0x00000008 x12:0x0000000b
       23695000	      2368	00000000	00000013	addi	x0,x0,0	  x0:0x00000000
       23705000	      2369	80000974	00000013	addi	x0,x0,0	  x0:0x00000000
       23715000	      2370	80000978	18007a13	andi	x20,x0,384	  x0:0x00000000 x20=0x00000000
       23725000	      2371	8000097c	6acefeb7	lui	x29,0x6acef	 x29=0x6acef000
       23735000	      2372	80000980	00358593	addi	x11,x11,3	 x11:0x00000008 x11=0x0000000b
       23745000	      2373	80000984	fec5cae3	blt	x11,x12,80000978	 x11:0x0000000b x12:0x0000000b
       23755000	      2374	80000988	71030b13	addi	x22,x6,1808	  x6:0x00000000 x22=0x00000710
       23765000	      2375	8000098c	41e4dcb3	sra	x25,x9,x30	  x9:0x00000001 x30:0x000163dc x25=0x00000000
       23775000	      2376	80000990	fc826ae3	bltu	x4,x8,80000964	  x4:0x00000013  x8:0x00000013
       23785000	      2377	80000994	00a401b3	add	x3,x8,x10	  x8:0x00000013 x10:0x163dc000  x3=0x163dc013
       23795000	      2378	80000998	ffd00593	addi	x11,x0,-3	  x0:0x00000000 x11=0xfffffffd
       23805000	      2379	8000099c	16f96bb7	lui	x23,0x16f96	 x23=0x16f96000
       23815000	      2380	800009a0	00000013	addi	x0,x0,0	  x0:0x00000000
       23825000	      2381	800009a4	01a1ce33	xor	x28,x3,x26	  x3:0x163dc013 x26:0x00000001 x28=0x163dc012
       23835000	      2382	800009a8	00e80733	add	x14,x16,x14	 x16:0x00000001 x14:0xe36f9954 x14=0xe36f9955
       23845000	      2383	800009ac	2b41f937	lui	x18,0x2b41f	 x18=0x2b41f000
       23855000	      2384	800009b0	000f4433	xor	x8,x30,x0	 x30:0x000163dc  x0:0x00000000  x8=0x000163dc
       23865000	      2385	800009b4	00c45d33	srl	x26,x8,x12	  x8:0x000163dc x12:0x0000000b x26=0x0000002c
       23875000	      2386	800009b8	be70c737	lui	x14,0xbe70c	 x14=0xbe70c000
       23885000	      2387	800009bc	00300993	addi	x19,x0,3	  x0:0x00000000 x19=0x00000003
       23895000	      2388	800009c0	00c13533	sltu	x10,x2,x12	  x2:0x80009f4c x12:0x0000000b x10=0x00000000
       23905000	      2389	800009c4	000dac33	slt	x24,x27,x0	 x27:0x01000000  x0:0x00000000 x24=0x00000000
       23915000	      2390	800009c8	00358593	addi	x11,x11,3	 x11:0xfffffffd x11=0x00000000
       23925000	      2391	800009cc	419153b3	sra	x7,x2,x25	  x2:0x80009f4c x25:0x00000000  x7=0x80009f4c
       23935000	      2392	800009d0	008ede93	srli	x29,x29,0x8	 x29:0x6acef000 x29=0x006acef0
       23945000	      2393	800009d4	41c08fb3	sub	x31,x1,x28	  x1:0x00000000 x28:0x163dc012 x31=0xe9c23fee
       23955000	      2394	800009d8	00000d93	addi	x27,x0,0	  x0:0x00000000 x27=0x00000000
       23965000	      2395	800009dc	ffc00f13	addi	x30,x0,-4	  x0:0x00000000 x30=0xfffffffc
       23975000	      2396	800009e0	00000013	addi	x0,x0,0	  x0:0x00000000
       23985000	      2397	800009e4	4a3e6193	ori	x3,x28,1187	 x28:0x163dc012  x3=0x163dc4b3
       23995000	      2398	800009e8	c9ee0a93	addi	x21,x28,-866	 x28:0x163dc012 x21=0x163dbcb0
       24005000	      2399	800009ec	ffcd8d93	addi	x27,x27,-4	 x27:0x00000000 x27=0xfffffffc
       24015000	      2400	800009f0	0188f3b3	and	x7,x17,x24	 x17:0x80009fc4 x24:0x00000000  x7=0x00000000
       24025000	      2401	800009f4	41d50633	sub	x12,x10,x29	 x10:0x00000000 x29:0x006acef0 x12=0xff953110
       24035000	      2402	800009f8	004bdf93	srli	x31,x23,0x4	 x23:0x16f96000 x31=0x016f9600
       24045000	      2403	800009fc	4092dd13	srai	x26,x5,0x9	  x5:0x163dc000 x26=0x000b1ee0
       24055000	      2404	80000a00	00000013	addi	x0,x0,0	  x0:0x00000000
       24065000	      2405	80000a04	417680b3	sub	x1,x13,x23	 x13:0x00000000 x23:0x16f96000  x1=0xe906a000
       24075000	      2406	80000a08	57436b93	ori	x23,x6,1396	  x6:0x00000000 x23=0x00000574
       24085000	      2407	80000a0c	fded8ce3	beq	x27,x30,800009e4	 x27:0xfffffffc x30:0xfffffffc
       24095000	      2408	00000000	00000013	addi	x0,x0,0	  x0:0x00000000
       24105000	      2409	800009e0	00000013	addi	x0,x0,0	  x0:0x00000000
       24115000	      2410	800009e4	4a3e6193	ori	x3,x28,1187	 x28:0x163dc012  x3=0x163dc4b3
       24125000	      2411	800009e8	c9ee0a93	addi	x21,x28,-866	 x28:0x163dc012 x21=0x163dbcb0
       24135000	      2412	800009ec	ffcd8d93	addi	x27,x27,-4	 x27:0xfffffffc x27=0xfffffff8
       24145000	      2413	800009f0	0188f3b3	and	x7,x17,x24	 x17:0x80009fc4 x24:0x00000000  x7=0x00000000
       24155000	      2414	800009f4	41d50633	sub	x12,x10,x29	 x10:0x00000000 x29:0x006acef0 x12=0xff953110
       24165000	      2415	800009f8	004bdf93	srli	x31,x23,0x4	 x23:0x00000574 x31=0x00000057
       24175000	      2416	800009fc	4092dd13	srai	x26,x5,0x9	  x5:0x163dc000 x26=0x000b1ee0
       24185000	      2417	80000a00	00000013	addi	x0,x0,0	  x0:0x00000000
       24195000	      2418	80000a04	417680b3	sub	x1,x13,x23	 x13:0x00000000 x23:0x00000574  x1=0xfffffa8c
       24205000	      2419	80000a08	57436b93	ori	x23,x6,1396	  x6:0x00000000 x23=0x00000574
       24215000	      2420	80000a0c	fded8ce3	beq	x27,x30,800009e4	 x27:0xfffffff8 x30:0xfffffffc
       24225000	      2421	80000a10	006b5813	srli	x16,x22,0x6	 x22:0x00000710 x16=0x0000001c
       24235000	      2422	80000a14	017accb3	xor	x25,x21,x23	 x21:0x163dbcb0 x23:0x00000574 x25=0x163db9c4
       24245000	      2423	80000a18	fb3584e3	beq	x11,x19,800009c0	 x11:0x00000000 x19:0x00000003
       24255000	      2424	80000a1c	018ffa33	and	x20,x31,x24	 x31:0x00000057 x24:0x00000000 x20=0x00000000
       24265000	      2425	80000a20	00800913	addi	x18,x0,8	  x0:0x00000000 x18=0x00000008
       24275000	      2426	80000a24	00c00413	addi	x8,x0,12	  x0:0x00000000  x8=0x0000000c
       24285000	      2427	80000a28	ec98c993	xori	x19,x17,-311	 x17:0x80009fc4 x19=0x7fff610d
       24295000	      2428	80000a2c	00883333	sltu	x6,x16,x8	 x16:0x0000001c  x8:0x0000000c  x6=0x00000000
       24305000	      2429	80000a30	00890913	addi	x18,x18,8	 x18:0x00000008 x18=0x00000010
       24315000	      2430	80000a34	ff900f13	addi	x30,x0,-7	  x0:0x00000000 x30=0xfffffff9
       24325000	      2431	80000a38	01000e13	addi	x28,x0,16	  x0:0x00000000 x28=0x00000010
       24335000	      2432	80000a3c	00944733	xor	x14,x8,x9	  x8:0x0000000c  x9:0x00000001 x14=0x0000000d
       24345000	      2433	80000a40	006f0f13	addi	x30,x30,6	 x30:0xfffffff9 x30=0xffffffff
       24355000	      2434	80000a44	ffcf4ce3	blt	x30,x28,80000a3c	 x30:0xffffffff x28:0x00000010
       24365000	      2435	00000000	00000013	addi	x0,x0,0	  x0:0x00000000
       24375000	      2436	80000a38	00000013	addi	x0,x0,0	  x0:0x00000000
       24385000	      2437	80000a3c	00944733	xor	x14,x8,x9	  x8:0x0000000c  x9:0x00000001 x14=0x0000000d
       24395000	      2438	80000a40	006f0f13	addi	x30,x30,6	 x30:0xffffffff x30=0x00000005
       24405000	      2439	80000a44	ffcf4ce3	blt	x30,x28,80000a3c	 x30:0x00000005 x28:0x00000010
       24415000	      2440	00000000	00000013	addi	x0,x0,0	  x0:0x00000000
       24425000	      2441	80000a38	00000013	addi	x0,x0,0	  x0:0x00000000
       24435000	      2442	80000a3c	00944733	xor	x14,x8,x9	  x8:0x0000000c  x9:0x00000001 x14=0x0000000d
       24445000	      2443	80000a40	006f0f13	addi	x30,x30,6	 x30:0x00000005 x30=0x0000000b
       24455000	      2444	80000a44	ffcf4ce3	blt	x30,x28,80000a3c	 x30:0x0000000b x28:0x00000010
       24465000	      2445	00000000	00000013	addi	x0,x0,0	  x0:0x00000000
       24475000	      2446	80000a38	00000013	addi	x0,x0,0	  x0:0x00000000
       24485000	      2447	80000a3c	00944733	xor	x14,x8,x9	  x8:0x0000000c  x9:0x00000001 x14=0x0000000d
       24495000	      2448	80000a40	006f0f13	addi	x30,x30,6	 x30:0x0000000b x30=0x00000011
       24505000	      2449	80000a44	ffcf4ce3	blt	x30,x28,80000a3c	 x30:0x00000011 x28:0x00000010
       24515000	      2450	80000a48	418582b3	sub	x5,x11,x24	 x11:0x00000000 x24:0x00000000  x5=0x00000000
       24525000	      2451	80000a4c	fc894ee3	blt	x18,x8,80000a28	 x18:0x00000010  x8:0x0000000c
       24535000	      2452	80000a50	01b8fb33	and	x22,x17,x27	 x17:0x80009fc4 x27:0xfffffff8 x22=0x80009fc0
       24545000	      2453	80000a54	00800393	addi	x7,x0,8	  x0:0x00000000  x7=0x00000008
       24555000	      2454	80000a58	df097293	andi	x5,x18,-528	 x18:0x00000010  x5=0x00000010
       24565000	      2455	80000a5c	00a85d93	srli	x27,x16,0xa	 x16:0x0000001c x27=0x00000000
       24575000	      2456	80000a60	8c453613	sltiu	x12,x10,-1852	 x10:0x00000000 x12=0x00000001
       24585000	      2457	80000a64	af594413	xori	x8,x18,-1291	 x18:0x00000010  x8=0xfffffae5
       24595000	      2458	80000a68	01531b93	slli	x23,x6,0x15	  x6:0x00000000 x23=0x00000000
       24605000	      2459	80000a6c	01300193	addi	x3,x0,19	  x0:0x00000000  x3=0x00000013
       24615000	      2460	80000a70	005fef33	or	x30,x31,x5	 x31:0x00000057  x5:0x00000010 x30=0x00000057
       24625000	      2461	80000a74	43638313	addi	x6,x7,1078	  x7:0x00000008  x6=0x0000043e
       24635000	      2462	80000a78	b3bd4493	xori	x9,x26,-1221	 x26:0x000b1ee0  x9=0xfff4e5db
       24645000	      2463	80000a7c	00f972b3	and	x5,x18,x15	 x18:0x00000010 x15:0x00000001  x5=0x00000000
       24655000	      2464	80000a80	41e884b3	sub	x9,x17,x30	 x17:0x80009fc4 x30:0x00000057  x9=0x80009f6d
       24665000	      2465	80000a84	d057e713	ori	x14,x15,-763	 x15:0x00000001 x14=0xfffffd05
       24675000	      2466	80000a88	0197abb3	slt	x23,x15,x25	 x15:0x00000001 x25:0x163db9c4 x23=0x00000001
       24685000	      2467	80000a8c	63672997	auipc	x19,0x63672	 x19=0xe3672a88
       24695000	      2468	80000a90	00881733	sll	x14,x16,x8	 x16:0x0000001c  x8:0xfffffae5 x14=0x00000380
       24705000	      2469	80000a94	e69fe713	ori	x14,x31,-407	 x31:0x00000057 x14=0xfffffe7f
       24715000	      2470	80000a98	ed216293	ori	x5,x2,-302	  x2:0x80009f4c  x5=0xffffffde
       24725000	      2471	80000a9c	412682b3	sub	x5,x13,x18	 x13:0x00000000 x18:0x00000010  x5=0xfffffff0
       24735000	      2472	80000aa0	01a60cb3	add	x25,x12,x26	 x12:0x00000001 x26:0x000b1ee0 x25=0x000b1ee1
       24745000	      2473	80000aa4	00138393	addi	x7,x7,1	  x7:0x00000008  x7=0x00000009
       24755000	      2474	80000aa8	0016e433	or	x8,x13,x1	 x13:0x00000000  x1:0xfffffa8c  x8=0xfffffa8c
       24765000	      2475	80000aac	f24cb513	sltiu	x10,x25,-220	 x25:0x000b1ee1 x10=0x00000001
       24775000	      2476	80000ab0	01ef2533	slt	x10,x30,x30	 x30:0x00000057 x30:0x00000057 x10=0x00000000
       24785000	      2477	80000ab4	01e21a13	slli	x20,x4,0x1e	  x4:0x00000013 x20=0xc0000000
       24795000	      2478	80000ab8	b6a58617	auipc	x12,0xb6a58	 x12=0x36a58ab4
       24805000	      2479	80000abc	85effa13	andi	x20,x31,-1954	 x31:0x00000057 x20=0x00000056
       24815000	      2480	80000ac0	5036ac13	slti	x24,x13,1283	 x13:0x00000000 x24=0x00000001
       24825000	      2481	80000ac4	fa3388e3	beq	x7,x3,80000a74	  x7:0x00000009  x3:0x00000013
       24835000	      2482	80000ac8	00000013	addi	x0,x0,0	  x0:0x00000000
       24845000	      2483	80000acc	00100393	addi	x7,x0,1	  x0:0x00000000  x7=0x00000001
       24855000	      2484	80000ad0	fdc04413	xori	x8,x0,-36	  x0:0x00000000  x8=0xffffffdc
       24865000	      2485	80000ad4	00a00b93	addi	x23,x0,10	  x0:0x00000000 x23=0x0000000a
       24875000	      2486	80000ad8	28c9e013	ori	x0,x19,652	 x19:0xe3672a88
       24885000	      2487	80000adc	18063d93	sltiu	x27,x12,384	 x12:0x36a58ab4 x27=0x00000000
       24895000	      2488	80000ae0	71e1e813	ori	x16,x3,1822	  x3:0x00000013 x16=0x0000071f
       24905000	      2489	80000ae4	00000013	addi	x0,x0,0	  x0:0x00000000
       24915000	      2490	80000ae8	01d84f33	xor	x30,x16,x29	 x16:0x0000071f x29:0x006acef0 x30=0x006ac9ef
       24925000	      2491	80000aec	00938393	addi	x7,x7,9	  x7:0x00000001  x7=0x0000000a
       24935000	      2492	80000af0	79348817	auipc	x16,0x79348	 x16=0xf9348aec
       24945000	      2493	80000af4	6a1d4737	lui	x14,0x6a1d4	 x14=0x6a1d4000
       24955000	      2494	80000af8	ff800c93	addi	x25,x0,-8	  x0:0x00000000 x25=0xfffffff8
       24965000	      2495	80000afc	fec00213	addi	x4,x0,-20	  x0:0x00000000  x4=0xffffffec
       24975000	      2496	80000b00	01edce33	xor	x28,x27,x30	 x27:0x00000000 x30:0x006ac9ef x28=0x006ac9ef
       24985000	      2497	80000b04	006174b3	and	x9,x2,x6	  x2:0x80009f4c  x6:0x0000043e  x9=0x0000040c
       24995000	      2498	80000b08	ffec8c93	addi	x25,x25,-2	 x25:0xfffffff8 x25=0xfffffff6
       25005000	      2499	80000b0c	fe4c9ce3	bne	x25,x4,80000b04	 x25:0xfffffff6  x4:0xffffffec
       25015000	      2500	00000000	00000013	addi	x0,x0,0	  x0:0x00000000
       25025000	      2501	80000b00	00000013	addi	x0,x0,0	  x0:0x00000000
       25035000	      2502	80000b04	006174b3	and	x9,x2,x6	  x2:0x80009f4c  x6:0x0000043e  x9=0x0000040c
       25045000	      2503	80000b08	ffec8c93	addi	x25,x25,-2	 x25:0xfffffff6 x25=0xfffffff4
       25055000	      2504	80000b0c	fe4c9ce3	bne	x25,x4,80000b04	 x25:0xfffffff4  x4:0xffffffec
       25065000	      2505	00000000	00000013	addi	x0,x0,0	  x0:0x00000000
       25075000	      2506	80000b00	00000013	addi	x0,x0,0	  x0:0x00000000
       25085000	      2507	80000b04	006174b3	and	x9,x2,x6	  x2:0x80009f4c  x6:0x0000043e  x9=0x0000040c
       25095000	      2508	80000b08	ffec8c93	addi	x25,x25,-2	 x25:0xfffffff4 x25=0xfffffff2
       25105000	      2509	80000b0c	fe4c9ce3	bne	x25,x4,80000b04	 x25:0xfffffff2  x4:0xffffffec
       25115000	      2510	00000000	00000013	addi	x0,x0,0	  x0:0x00000000
       25125000	      2511	80000b00	00000013	addi	x0,x0,0	  x0:0x00000000
       25135000	      2512	80000b04	006174b3	and	x9,x2,x6	  x2:0x80009f4c  x6:0x0000043e  x9=0x0000040c
       25145000	      2513	80000b08	ffec8c93	addi	x25,x25,-2	 x25:0xfffffff2 x25=0xfffffff0
       25155000	      2514	80000b0c	fe4c9ce3	bne	x25,x4,80000b04	 x25:0xfffffff0  x4:0xffffffec
       25165000	      2515	00000000	00000013	addi	x0,x0,0	  x0:0x00000000
       25175000	      2516	80000b00	00000013	addi	x0,x0,0	  x0:0x00000000
       25185000	      2517	80000b04	006174b3	and	x9,x2,x6	  x2:0x80009f4c  x6:0x0000043e  x9=0x0000040c
       25195000	      2518	80000b08	ffec8c93	addi	x25,x25,-2	 x25:0xfffffff0 x25=0xffffffee
       25205000	      2519	80000b0c	fe4c9ce3	bne	x25,x4,80000b04	 x25:0xffffffee  x4:0xffffffec
       25215000	      2520	00000000	00000013	addi	x0,x0,0	  x0:0x00000000
       25225000	      2521	80000b00	00000013	addi	x0,x0,0	  x0:0x00000000
       25235000	      2522	80000b04	006174b3	and	x9,x2,x6	  x2:0x80009f4c  x6:0x0000043e  x9=0x0000040c
       25245000	      2523	80000b08	ffec8c93	addi	x25,x25,-2	 x25:0xffffffee x25=0xffffffec
       25255000	      2524	80000b0c	fe4c9ce3	bne	x25,x4,80000b04	 x25:0xffffffec  x4:0xffffffec
       25265000	      2525	80000b10	417ddfb3	sra	x31,x27,x23	 x27:0x00000000 x23:0x0000000a x31=0x00000000
       25275000	      2526	80000b14	006f3b33	sltu	x22,x30,x6	 x30:0x006ac9ef  x6:0x0000043e x22=0x00000000
       25285000	      2527	80000b18	019f4433	xor	x8,x30,x25	 x30:0x006ac9ef x25:0xffffffec  x8=0xff953603
       25295000	      2528	80000b1c	609bf193	andi	x3,x23,1545	 x23:0x0000000a  x3=0x00000008
       25305000	      2529	80000b20	01a311b3	sll	x3,x6,x26	  x6:0x0000043e x26:0x000b1ee0  x3=0x0000043e
       25315000	      2530	80000b24	00af67b3	or	x15,x30,x10	 x30:0x006ac9ef x10:0x00000000 x15=0x006ac9ef
       25325000	      2531	80000b28	90bd8d93	addi	x27,x27,-1781	 x27:0x00000000 x27=0xfffff90b
       25335000	      2532	80000b2c	a251ea93	ori	x21,x3,-1499	  x3:0x0000043e x21=0xfffffe3f
       25345000	      2533	80000b30	4500cc17	auipc	x24,0x4500c	 x24=0xc500cb2c
       25355000	      2534	80000b34	013b5033	srl	x0,x22,x19	 x22:0x00000000 x19:0xe3672a88
       25365000	      2535	80000b38	fb7390e3	bne	x7,x23,80000ad8	  x7:0x0000000a x23:0x0000000a
       25375000	      2536	80000b3c	005971b3	and	x3,x18,x5	 x18:0x00000010  x5:0xfffffff0  x3=0x00000010
       25385000	      2537	80000b40	00600a13	addi	x20,x0,6	  x0:0x00000000 x20=0x00000006
       25395000	      2538	80000b44	005d1213	slli	x4,x26,0x5	 x26:0x000b1ee0  x4=0x0163dc00
       25405000	      2539	80000b48	bf6cad13	slti	x26,x25,-1034	 x25:0xffffffec x26=0x00000000
       25415000	      2540	80000b4c	004c57b3	srl	x15,x24,x4	 x24:0xc500cb2c  x4:0x0163dc00 x15=0xc500cb2c
       25425000	      2541	80000b50	6641f913	andi	x18,x3,1636	  x3:0x00000010 x18=0x00000000
       25435000	      2542	80000b54	0099f333	and	x6,x19,x9	 x19:0xe3672a88  x9:0x0000040c  x6=0x00000008
       25445000	      2543	80000b58	c3d18f13	addi	x30,x3,-963	  x3:0x00000010 x30=0xfffffc4d
       25455000	      2544	80000b5c	00800813	addi	x16,x0,8	  x0:0x00000000 x16=0x00000008
       25465000	      2545	80000b60	12090493	addi	x9,x18,288	 x18:0x00000000  x9=0x00000120
       25475000	      2546	80000b64	c025cb93	xori	x23,x11,-1022	 x11:0x00000000 x23=0xfffffc02
       25485000	      2547	80000b68	01aae233	or	x4,x21,x26	 x21:0xfffffe3f x26:0x00000000  x4=0xfffffe3f
       25495000	      2548	80000b6c	00f5e3b3	or	x7,x11,x15	 x11:0x00000000 x15:0xc500cb2c  x7=0xc500cb2c
       25505000	      2549	80000b70	4115d913	srai	x18,x11,0x11	 x11:0x00000000 x18=0x00000000
       25515000	      2550	80000b74	000de1b3	or	x3,x27,x0	 x27:0xfffff90b  x0:0x00000000  x3=0xfffff90b
       25525000	      2551	80000b78	009a0a13	addi	x20,x20,9	 x20:0x00000006 x20=0x0000000f
       25535000	      2552	80000b7c	00000b13	addi	x22,x0,0	  x0:0x00000000 x22=0x00000000
       25545000	      2553	80000b80	01548933	add	x18,x9,x21	  x9:0x00000120 x21:0xfffffe3f x18=0xffffff5f
       25555000	      2554	80000b84	00000013	addi	x0,x0,0	  x0:0x00000000
       25565000	      2555	80000b88	01161533	sll	x10,x12,x17	 x12:0x36a58ab4 x17:0x80009fc4 x10=0x6a58ab40
       25575000	      2556	80000b8c	ffe00e93	addi	x29,x0,-2	  x0:0x00000000 x29=0xfffffffe
       25585000	      2557	80000b90	40abd413	srai	x8,x23,0xa	 x23:0xfffffc02  x8=0xffffffff
       25595000	      2558	80000b94	2e456093	ori	x1,x10,740	 x10:0x6a58ab40  x1=0x6a58abe4
       25605000	      2559	80000b98	b573ac13	slti	x24,x7,-1193	  x7:0xc500cb2c x24=0x00000001
       25615000	      2560	80000b9c	c88cfb93	andi	x23,x25,-888	 x25:0xffffffec x23=0xfffffc88
       25625000	      2561	80000ba0	ffeb0b13	addi	x22,x22,-2	 x22:0x00000000 x22=0xfffffffe
       25635000	      2562	80000ba4	6f540213	addi	x4,x8,1781	  x8:0xffffffff  x4=0x000006f4
       25645000	      2563	80000ba8	00dfc733	xor	x14,x31,x13	 x31:0x00000000 x13:0x00000000 x14=0x00000000
       25655000	      2564	80000bac	14e79037	lui	x0,0x14e79	
       25665000	      2565	80000bb0	ffdb54e3	bge	x22,x29,80000b98	 x22:0xfffffffe x29:0xfffffffe
       25675000	      2566	00000000	00000013	addi	x0,x0,0	  x0:0x00000000
       25685000	      2567	80000b94	00000013	addi	x0,x0,0	  x0:0x00000000
       25695000	      2568	80000b98	b573ac13	slti	x24,x7,-1193	  x7:0xc500cb2c x24=0x00000001
       25705000	      2569	80000b9c	c88cfb93	andi	x23,x25,-888	 x25:0xffffffec x23=0xfffffc88
       25715000	      2570	80000ba0	ffeb0b13	addi	x22,x22,-2	 x22:0xfffffffe x22=0xfffffffc
       25725000	      2571	80000ba4	6f540213	addi	x4,x8,1781	  x8:0xffffffff  x4=0x000006f4
       25735000	      2572	80000ba8	00dfc733	xor	x14,x31,x13	 x31:0x00000000 x13:0x00000000 x14=0x00000000
       25745000	      2573	80000bac	14e79037	lui	x0,0x14e79	
       25755000	      2574	80000bb0	ffdb54e3	bge	x22,x29,80000b98	 x22:0xfffffffc x29:0xfffffffe
       25765000	      2575	80000bb4	00529293	slli	x5,x5,0x5	  x5:0xfffffff0  x5=0xfffffe00
       25775000	      2576	80000bb8	4f6203b7	lui	x7,0x4f620	  x7=0x4f620000
       25785000	      2577	80000bbc	40dad9b3	sra	x19,x21,x13	 x21:0xfffffe3f x13:0x00000000 x19=0xfffffe3f
       25795000	      2578	80000bc0	018035b3	sltu	x11,x0,x24	  x0:0x00000000 x24:0x00000001 x11=0x00000001
       25805000	      2579	80000bc4	fb0a40e3	blt	x20,x16,80000b64	 x20:0x0000000f x16:0x00000008
       25815000	      2580	80000bc8	01e11f33	sll	x30,x2,x30	  x2:0x80009f4c x30:0xfffffc4d x30=0x13e98000
       25825000	      2581	80000bcc	ff600b93	addi	x23,x0,-10	  x0:0x00000000 x23=0xfffffff6
       25835000	      2582	80000bd0	37a57713	andi	x14,x10,890	 x10:0x6a58ab40 x14=0x00000340
       25845000	      2583	80000bd4	41a85e13	srai	x28,x16,0x1a	 x16:0x00000008 x28=0x00000000
       25855000	      2584	80000bd8	7f91c213	xori	x4,x3,2041	  x3:0xfffff90b  x4=0xfffffef2
       25865000	      2585	80000bdc	aaab4513	xori	x10,x22,-1366	 x22:0xfffffffc x10=0x00000556
       25875000	      2586	80000be0	41b6d193	srai	x3,x13,0x1b	 x13:0x00000000  x3=0x00000000
       25885000	      2587	80000be4	00369193	slli	x3,x13,0x3	 x13:0x00000000  x3=0x00000000
       25895000	      2588	80000be8	ce02ec13	ori	x24,x5,-800	  x5:0xfffffe00 x24=0xfffffee0
       25905000	      2589	80000bec	01ccdab3	srl	x21,x25,x28	 x25:0xffffffec x28:0x00000000 x21=0xffffffec
       25915000	      2590	80000bf0	58a27b13	andi	x22,x4,1418	  x4:0xfffffef2 x22=0x00000482
       25925000	      2591	80000bf4	fd756c93	ori	x25,x10,-41	 x10:0x00000556 x25=0xffffffd7
       25935000	      2592	80000bf8	fff00413	addi	x8,x0,-1	  x0:0x00000000  x8=0xffffffff
       25945000	      2593	80000bfc	10131d37	lui	x26,0x10131	 x26=0x10131000
       25955000	      2594	80000c00	d6b93097	auipc	x1,0xd6b93	  x1=0x56b93bfc
       25965000	      2595	80000c04	09a24793	xori	x15,x4,154	  x4:0xfffffef2 x15=0xfffffe68
       25975000	      2596	80000c08	531eea93	ori	x21,x29,1329	 x29:0xfffffffe x21=0xffffffff
       25985000	      2597	80000c0c	407e8c33	sub	x24,x29,x7	 x29:0xfffffffe  x7:0x4f620000 x24=0xb09dfffe
       25995000	      2598	80000c10	63fcddb7	lui	x27,0x63fcd	 x27=0x63fcd000
       26005000	      2599	80000c14	01bd5293	srli	x5,x26,0x1b	 x26:0x10131000  x5=0x00000002
       26015000	      2600	80000c18	bf886cb7	lui	x25,0xbf886	 x25=0xbf886000
       26025000	      2601	80000c1c	01589393	slli	x7,x17,0x15	 x17:0x80009fc4  x7=0xf8800000
       26035000	      2602	80000c20	014bb0b3	sltu	x1,x23,x20	 x23:0xfffffff6 x20:0x0000000f  x1=0x00000000
       26045000	      2603	80000c24	009b8b93	addi	x23,x23,9	 x23:0xfffffff6 x23=0xffffffff
       26055000	      2604	80000c28	41d45793	srai	x15,x8,0x1d	  x8:0xffffffff x15=0xffffffff
       26065000	      2605	80000c2c	40cc5fb3	sra	x31,x24,x12	 x24:0xb09dfffe x12:0x36a58ab4 x31=0xfffffb09
       26075000	      2606	80000c30	0067db33	srl	x22,x15,x6	 x15:0xffffffff  x6:0x00000008 x22=0x00ffffff
       26085000	      2607	80000c34	008774b3	and	x9,x14,x8	 x14:0x00000340  x8:0xffffffff  x9=0x00000340
       26095000	      2608	80000c38	fc8b8ae3	beq	x23,x8,80000c0c	 x23:0xffffffff  x8:0xffffffff
       26105000	      2609	00000000	00000013	addi	x0,x0,0	  x0:0x00000000
       26115000	      2610	80000c08	00000013	addi	x0,x0,0	  x0:0x00000000
       26125000	      2611	80000c0c	407e8c33	sub	x24,x29,x7	 x29:0xfffffffe  x7:0xf8800000 x24=0x077ffffe
       26135000	      2612	80000c10	63fcddb7	lui	x27,0x63fcd	 x27=0x63fcd000
       26145000	      2613	80000c14	01bd5293	srli	x5,x26,0x1b	 x26:0x10131000  x5=0x00000002
       26155000	      2614	80000c18	bf886cb7	lui	x25,0xbf886	 x25=0xbf886000
       26165000	      2615	80000c1c	01589393	slli	x7,x17,0x15	 x17:0x80009fc4  x7=0xf8800000
       26175000	      2616	80000c20	014bb0b3	sltu	x1,x23,x20	 x23:0xffffffff x20:0x0000000f  x1=0x00000000
       26185000	      2617	80000c24	009b8b93	addi	x23,x23,9	 x23:0xffffffff x23=0x00000008
       26195000	      2618	80000c28	41d45793	srai	x15,x8,0x1d	  x8:0xffffffff x15=0xffffffff
       26205000	      2619	80000c2c	40cc5fb3	sra	x31,x24,x12	 x24:0x077ffffe x12:0x36a58ab4 x31=0x00000077
       26215000	      2620	80000c30	0067db33	srl	x22,x15,x6	 x15:0xffffffff  x6:0x00000008 x22=0x00ffffff
       26225000	      2621	80000c34	008774b3	and	x9,x14,x8	 x14:0x00000340  x8:0xffffffff  x9=0x00000340
       26235000	      2622	80000c38	fc8b8ae3	beq	x23,x8,80000c0c	 x23:0x00000008  x8:0xffffffff
       26245000	      2623	80000c3c	28ebbe93	sltiu	x29,x23,654	 x23:0x00000008 x29=0x00000001
       26255000	      2624	80000c40	00200393	addi	x7,x0,2	  x0:0x00000000  x7=0x00000002
       26265000	      2625	80000c44	41e95193	srai	x3,x18,0x1e	 x18:0xffffff5f  x3=0xffffffff
       26275000	      2626	80000c48	006c87b3	add	x15,x25,x6	 x25:0xbf886000  x6:0x00000008 x15=0xbf886008
       26285000	      2627	80000c4c	4182d333	sra	x6,x5,x24	  x5:0x00000002 x24:0x077ffffe  x6=0x00000000
       26295000	      2628	80000c50	00200d13	addi	x26,x0,2	  x0:0x00000000 x26=0x00000002
       26305000	      2629	80000c54	400d5c93	srai	x25,x26,0x0	 x26:0x00000002 x25=0x00000002
       26315000	      2630	80000c58	141db313	sltiu	x6,x27,321	 x27:0x63fcd000  x6=0x00000000
       26325000	      2631	80000c5c	018a02b3	add	x5,x20,x24	 x20:0x0000000f x24:0x077ffffe  x5=0x0780000d
       26335000	      2632	80000c60	006e0233	add	x4,x28,x6	 x28:0x00000000  x6:0x00000000  x4=0x00000000
       26345000	      2633	80000c64	018729b3	slt	x19,x14,x24	 x14:0x00000340 x24:0x077ffffe x19=0x00000001
       26355000	      2634	80000c68	fff38393	addi	x7,x7,-1	  x7:0x00000002  x7=0x00000001
       26365000	      2635	80000c6c	0c00ca93	xori	x21,x1,192	  x1:0x00000000 x21=0x000000c0
       26375000	      2636	80000c70	cf985797	auipc	x15,0xcf985	 x15=0x4f985c6c
       26385000	      2637	80000c74	41f5d613	srai	x12,x11,0x1f	 x11:0x00000001 x12=0x00000000
       26395000	      2638	80000c78	000d1533	sll	x10,x26,x0	 x26:0x00000002  x0:0x00000000 x10=0x00000002
       26405000	      2639	80000c7c	fff00f13	addi	x30,x0,-1	  x0:0x00000000 x30=0xffffffff
       26415000	      2640	80000c80	411f5e13	srai	x28,x30,0x11	 x30:0xffffffff x28=0xffffffff
       26425000	      2641	80000c84	00600713	addi	x14,x0,6	  x0:0x00000000 x14=0x00000006
       26435000	      2642	80000c88	41ad5913	srai	x18,x26,0x1a	 x26:0x00000002 x18=0x00000000
       26445000	      2643	80000c8c	8613b093	sltiu	x1,x7,-1951	  x7:0x00000001  x1=0x00000001
       26455000	      2644	80000c90	01d67bb3	and	x23,x12,x29	 x12:0x00000000 x29:0x00000001 x23=0x00000000
       26465000	      2645	80000c94	00000013	addi	x0,x0,0	  x0:0x00000000
       26475000	      2646	80000c98	01097c33	and	x24,x18,x16	 x18:0x00000000 x16:0x00000008 x24=0x00000000
       26485000	      2647	80000c9c	007f0f13	addi	x30,x30,7	 x30:0xffffffff x30=0x00000006
       26495000	      2648	80000ca0	eef1f193	andi	x3,x3,-273	  x3:0xffffffff  x3=0xfffffeef
       26505000	      2649	80000ca4	008614b3	sll	x9,x12,x8	 x12:0x00000000  x8:0xffffffff  x9=0x00000000
       26515000	      2650	80000ca8	feef12e3	bne	x30,x14,80000c8c	 x30:0x00000006 x14:0x00000006
       26525000	      2651	80000cac	45877d93	andi	x27,x14,1112	 x14:0x00000006 x27=0x00000000
       26535000	      2652	80000cb0	63216613	ori	x12,x2,1586	  x2:0x80009f4c x12=0x80009f7e
       26545000	      2653	80000cb4	fba3f2e3	bgeu	x7,x26,80000c58	  x7:0x00000001 x26:0x00000002
       26555000	      2654	80000cb8	56c1fd93	andi	x27,x3,1388	  x3:0xfffffeef x27=0x0000046c
       26565000	      2655	80000cbc	00300993	addi	x19,x0,3	  x0:0x00000000 x19=0x00000003
       26575000	      2656	80000cc0	f7e94593	xori	x11,x18,-130	 x18:0x00000000 x11=0xffffff7e
       26585000	      2657	80000cc4	d72fff93	andi	x31,x31,-654	 x31:0x00000077 x31=0x00000072
       26595000	      2658	80000cc8	01a48c33	add	x24,x9,x26	  x9:0x00000000 x26:0x00000002 x24=0x00000002
       26605000	      2659	80000ccc	00385913	srli	x18,x16,0x3	 x16:0x00000008 x18=0x00000001
       26615000	      2660	80000cd0	01036b33	or	x22,x6,x16	  x6:0x00000000 x16:0x00000008 x22=0x00000008
       26625000	      2661	80000cd4	00952c33	slt	x24,x10,x9	 x10:0x00000002  x9:0x00000000 x24=0x00000000
       26635000	      2662	80000cd8	0104d193	srli	x3,x9,0x10	  x9:0x00000000  x3=0x00000000
       26645000	      2663	80000cdc	897a8193	addi	x3,x21,-1897	 x21:0x000000c0  x3=0xfffff957
       26655000	      2664	80000ce0	00408633	add	x12,x1,x4	  x1:0x00000001  x4:0x00000000 x12=0x00000001
       26665000	      2665	80000ce4	09b86e13	ori	x28,x16,155	 x16:0x00000008 x28=0x0000009b
       26675000	      2666	80000ce8	c2faa417	auipc	x8,0xc2faa	  x8=0x42faace4
       26685000	      2667	80000cec	0091dc13	srli	x24,x3,0x9	  x3:0xfffff957 x24=0x007ffffc
       26695000	      2668	80000cf0	5b1b0d93	addi	x27,x22,1457	 x22:0x00000008 x27=0x000005b9
       26705000	      2669	80000cf4	00726633	or	x12,x4,x7	  x4:0x00000000  x7:0x00000001 x12=0x00000001
       26715000	      2670	80000cf8	f4b52913	slti	x18,x10,-181	 x10:0x00000002 x18=0x00000000
       26725000	      2671	80000cfc	afc8e037	lui	x0,0xafc8e	
       26735000	      2672	80000d00	00bc8833	add	x16,x25,x11	 x25:0x00000002 x11:0xffffff7e x16=0xffffff80
       26745000	      2673	80000d04	20babf13	sltiu	x30,x21,523	 x21:0x000000c0 x30=0x00000001
       26755000	      2674	80000d08	00e00313	addi	x6,x0,14	  x0:0x00000000  x6=0x0000000e
       26765000	      2675	80000d0c	010ffeb3	and	x29,x31,x16	 x31:0x00000072 x16:0xffffff80 x29=0x00000000
       26775000	      2676	80000d10	017b3c33	sltu	x24,x22,x23	 x22:0x00000008 x23:0x00000000 x24=0x00000000
       26785000	      2677	80000d14	0077a3b3	slt	x7,x15,x7	 x15:0x4f985c6c  x7:0x00000001  x7=0x00000000
       26795000	      2678	80000d18	00c3b3b3	sltu	x7,x7,x12	  x7:0x00000000 x12:0x00000001  x7=0x00000001
       26805000	      2679	80000d1c	a367a813	slti	x16,x15,-1482	 x15:0x4f985c6c x16=0x00000000
       26815000	      2680	80000d20	00898993	addi	x19,x19,8	 x19:0x00000003 x19=0x0000000b
       26825000	      2681	80000d24	979afe93	andi	x29,x21,-1671	 x21:0x000000c0 x29=0x00000040
       26835000	      2682	80000d28	5b59bb13	sltiu	x22,x19,1461	 x19:0x0000000b x22=0x00000001
       26845000	      2683	80000d2c	fe69c8e3	blt	x19,x6,80000d1c	 x19:0x0000000b  x6:0x0000000e
       26855000	      2684	00000000	00000013	addi	x0,x0,0	  x0:0x00000000
       26865000	      2685	80000d18	00000013	addi	x0,x0,0	  x0:0x00000000
       26875000	      2686	80000d1c	a367a813	slti	x16,x15,-1482	 x15:0x4f985c6c x16=0x00000000
       26885000	      2687	80000d20	00898993	addi	x19,x19,8	 x19:0x0000000b x19=0x00000013
       26895000	      2688	80000d24	979afe93	andi	x29,x21,-1671	 x21:0x000000c0 x29=0x00000040
       26905000	      2689	80000d28	5b59bb13	sltiu	x22,x19,1461	 x19:0x00000013 x22=0x00000001
       26915000	      2690	80000d2c	fe69c8e3	blt	x19,x6,80000d1c	 x19:0x00000013  x6:0x0000000e
       26925000	      2691	80000d30	000e64b3	or	x9,x28,x0	 x28:0x0000009b  x0:0x00000000  x9=0x0000009b
       26935000	      2692	80000d34	00900213	addi	x4,x0,9	  x0:0x00000000  x4=0x00000009
       26945000	      2693	80000d38	003d1093	slli	x1,x26,0x3	 x26:0x00000002  x1=0x00000010
       26955000	      2694	80000d3c	40115c33	sra	x24,x2,x1	  x2:0x80009f4c  x1:0x00000010 x24=0xffff8000
       26965000	      2695	80000d40	00b00993	addi	x19,x0,11	  x0:0x00000000 x19=0x0000000b
       26975000	      2696	80000d44	41418e33	sub	x28,x3,x20	  x3:0xfffff957 x20:0x0000000f x28=0xfffff948
       26985000	      2697	80000d48	40160933	sub	x18,x12,x1	 x12:0x00000001  x1:0x00000010 x18=0xfffffff1
       26995000	      2698	80000d4c	4086d593	srai	x11,x13,0x8	 x13:0x00000000 x11=0x00000000
       27005000	      2699	80000d50	0178fcb3	and	x25,x17,x23	 x17:0x80009fc4 x23:0x00000000 x25=0x00000000
       27015000	      2700	80000d54	ada9ac13	slti	x24,x19,-1318	 x19:0x0000000b x24=0x00000000
       27025000	      2701	80000d58	9a13c593	xori	x11,x7,-1631	  x7:0x00000001 x11=0xfffff9a0
       27035000	      2702	80000d5c	40470db3	sub	x27,x14,x4	 x14:0x00000006  x4:0x00000009 x27=0xfffffffd
       27045000	      2703	80000d60	00720213	addi	x4,x4,7	  x4:0x00000009  x4=0x00000010
       27055000	      2704	80000d64	67d97013	andi	x0,x18,1661	 x18:0xfffffff1
       27065000	      2705	80000d68	40f65d33	sra	x26,x12,x15	 x12:0x00000001 x15:0x4f985c6c x26=0x00000000
       27075000	      2706	80000d6c	7edfcc93	xori	x25,x31,2029	 x31:0x00000072 x25=0x0000079f
       27085000	      2707	80000d70	00800413	addi	x8,x0,8	  x0:0x00000000  x8=0x00000008
       27095000	      2708	80000d74	00000013	addi	x0,x0,0	  x0:0x00000000
       27105000	      2709	80000d78	00c00a93	addi	x21,x0,12	  x0:0x00000000 x21=0x0000000c
       27115000	      2710	80000d7c	4023d1b3	sra	x3,x7,x2	  x7:0x00000001  x2:0x80009f4c  x3=0x00000000
       27125000	      2711	80000d80	413f5493	srai	x9,x30,0x13	 x30:0x00000001  x9=0x00000000
       27135000	      2712	80000d84	006e21b3	slt	x3,x28,x6	 x28:0xfffff948  x6:0x0000000e  x3=0x00000001
       27145000	      2713	80000d88	8615ce93	xori	x29,x11,-1951	 x11:0xfffff9a0 x29=0x000001c1
       27155000	      2714	80000d8c	00440413	addi	x8,x8,4	  x8:0x00000008  x8=0x0000000c
       27165000	      2715	80000d90	095a3093	sltiu	x1,x20,149	 x20:0x0000000f  x1=0x00000001
       27175000	      2716	80000d94	a99bf813	andi	x16,x23,-1383	 x23:0x00000000 x16=0x00000000
       27185000	      2717	80000d98	a0b62d97	auipc	x27,0xa0b62	 x27=0x20b62d94
       27195000	      2718	80000d9c	ff5406e3	beq	x8,x21,80000d88	  x8:0x0000000c x21:0x0000000c
       27205000	      2719	00000000	00000013	addi	x0,x0,0	  x0:0x00000000
       27215000	      2720	80000d84	00000013	addi	x0,x0,0	  x0:0x00000000
       27225000	      2721	80000d88	8615ce93	xori	x29,x11,-1951	 x11:0xfffff9a0 x29=0x000001c1
       27235000	      2722	80000d8c	00440413	addi	x8,x8,4	  x8:0x0000000c  x8=0x00000010
       27245000	      2723	80000d90	095a3093	sltiu	x1,x20,149	 x20:0x0000000f  x1=0x00000001
       27255000	      2724	80000d94	a99bf813	andi	x16,x23,-1383	 x23:0x00000000 x16=0x00000000
       27265000	      2725	80000d98	a0b62d97	auipc	x27,0xa0b62	 x27=0x20b62d94
       27275000	      2726	80000d9c	ff5406e3	beq	x8,x21,80000d88	  x8:0x00000010 x21:0x0000000c
       27285000	      2727	80000da0	40b68d33	sub	x26,x13,x11	 x13:0x00000000 x11:0xfffff9a0 x26=0x00000660
       27295000	      2728	80000da4	fb3268e3	bltu	x4,x19,80000d54	  x4:0x00000010 x19:0x0000000b
       27305000	      2729	80000da8	df0c7293	andi	x5,x24,-528	 x24:0x00000000  x5=0x00000000
       27315000	      2730	80000dac	ffb00393	addi	x7,x0,-5	  x0:0x00000000  x7=0xfffffffb
       27325000	      2731	80000db0	7c28a313	slti	x6,x17,1986	 x17:0x80009fc4  x6=0x00000001
       27335000	      2732	80000db4	415ed813	srai	x16,x29,0x15	 x29:0x000001c1 x16=0x00000000
       27345000	      2733	80000db8	01398933	add	x18,x19,x19	 x19:0x0000000b x19:0x0000000b x18=0x00000016
       27355000	      2734	80000dbc	90137f93	andi	x31,x6,-1791	  x6:0x00000001 x31=0x00000001
       27365000	      2735	80000dc0	009a6033	or	x0,x20,x9	 x20:0x0000000f  x9:0x00000000
       27375000	      2736	80000dc4	176a6993	ori	x19,x20,374	 x20:0x0000000f x19=0x0000017f
       27385000	      2737	80000dc8	598c7513	andi	x10,x24,1432	 x24:0x00000000 x10=0x00000000
       27395000	      2738	80000dcc	0005f9b3	and	x19,x11,x0	 x11:0xfffff9a0  x0:0x00000000 x19=0x00000000
       27405000	      2739	80000dd0	00a00d93	addi	x27,x0,10	  x0:0x00000000 x27=0x0000000a
       27415000	      2740	80000dd4	01171a93	slli	x21,x14,0x11	 x14:0x00000006 x21=0x000c0000
       27425000	      2741	80000dd8	7088c213	xori	x4,x17,1800	 x17:0x80009fc4  x4=0x800098cc
       27435000	      2742	80000ddc	5a5aac93	slti	x25,x21,1445	 x21:0x000c0000 x25=0x00000000
       27445000	      2743	80000de0	00d490b3	sll	x1,x9,x13	  x9:0x00000000 x13:0x00000000  x1=0x00000000
       27455000	      2744	80000de4	4298e713	ori	x14,x17,1065	 x17:0x80009fc4 x14=0x80009fed
       27465000	      2745	80000de8	ab6d0f97	auipc	x31,0xab6d0	 x31=0x2b6d0de4
       27475000	      2746	80000dec	00ab8333	add	x6,x23,x10	 x23:0x00000000 x10:0x00000000  x6=0x00000000
       27485000	      2747	80000df0	41a20ab3	sub	x21,x4,x26	  x4:0x800098cc x26:0x00000660 x21=0x8000926c
       27495000	      2748	80000df4	0134bbb3	sltu	x23,x9,x19	  x9:0x00000000 x19:0x00000000 x23=0x00000000
       27505000	      2749	80000df8	00a91eb3	sll	x29,x18,x10	 x18:0x00000016 x10:0x00000000 x29=0x00000016
       27515000	      2750	80000dfc	40a60bb3	sub	x23,x12,x10	 x12:0x00000001 x10:0x00000000 x23=0x00000001
       27525000	      2751	80000e00	a56ecf93	xori	x31,x29,-1450	 x29:0x00000016 x31=0xfffffa40
       27535000	      2752	80000e04	00638393	addi	x7,x7,6	  x7:0xfffffffb  x7=0x00000001
       27545000	      2753	80000e08	0917f013	andi	x0,x15,145	 x15:0x4f985c6c
       27555000	      2754	80000e0c	00d31433	sll	x8,x6,x13	  x6:0x00000000 x13:0x00000000  x8=0x00000000
       27565000	      2755	80000e10	ffb3e8e3	bltu	x7,x27,80000e00	  x7:0x00000001 x27:0x0000000a
       27575000	      2756	00000000	00000013	addi	x0,x0,0	  x0:0x00000000
       27585000	      2757	80000dfc	00000013	addi	x0,x0,0	  x0:0x00000000
       27595000	      2758	80000e00	a56ecf93	xori	x31,x29,-1450	 x29:0x00000016 x31=0xfffffa40
       27605000	      2759	80000e04	00638393	addi	x7,x7,6	  x7:0x00000001  x7=0x00000007
       27615000	      2760	80000e08	0917f013	andi	x0,x15,145	 x15:0x4f985c6c
       27625000	      2761	80000e0c	00d31433	sll	x8,x6,x13	  x6:0x00000000 x13:0x00000000  x8=0x00000000
       27635000	      2762	80000e10	ffb3e8e3	bltu	x7,x27,80000e00	  x7:0x00000007 x27:0x0000000a
       27645000	      2763	00000000	00000013	addi	x0,x0,0	  x0:0x00000000
       27655000	      2764	80000dfc	00000013	addi	x0,x0,0	  x0:0x00000000
       27665000	      2765	80000e00	a56ecf93	xori	x31,x29,-1450	 x29:0x00000016 x31=0xfffffa40
       27675000	      2766	80000e04	00638393	addi	x7,x7,6	  x7:0x00000007  x7=0x0000000d
       27685000	      2767	80000e08	0917f013	andi	x0,x15,145	 x15:0x4f985c6c
       27695000	      2768	80000e0c	00d31433	sll	x8,x6,x13	  x6:0x00000000 x13:0x00000000  x8=0x00000000
       27705000	      2769	80000e10	ffb3e8e3	bltu	x7,x27,80000e00	  x7:0x0000000d x27:0x0000000a
       27715000	      2770	80000e14	74187513	andi	x10,x16,1857	 x16:0x00000000 x10=0x00000000
       27725000	      2771	80000e18	407951b3	sra	x3,x18,x7	 x18:0x00000016  x7:0x0000000d  x3=0x00000000
       27735000	      2772	80000e1c	01f947b3	xor	x15,x18,x31	 x18:0x00000016 x31:0xfffffa40 x15=0xfffffa56
       27745000	      2773	80000e20	04147263	bgeu	x8,x1,80000e64	  x8:0x00000000  x1:0x00000000
       27755000	      2774	00000000	00000013	addi	x0,x0,0	  x0:0x00000000
       27765000	      2775	80000e60	00000013	addi	x0,x0,0	  x0:0x00000000
       27775000	      2776	80000e64	0073d513	srli	x10,x7,0x7	  x7:0x0000000d x10=0x00000000
       27785000	      2777	80000e68	01f19863	bne	x3,x31,80000e78	  x3:0x00000000 x31:0xfffffa40
       27795000	      2778	00000000	00000013	addi	x0,x0,0	  x0:0x00000000
       27805000	      2779	80000e74	00000013	addi	x0,x0,0	  x0:0x00000000
       27815000	      2780	80000e78	00b91c33	sll	x24,x18,x11	 x18:0x00000016 x11:0xfffff9a0 x24=0x00000016
       27825000	      2781	80000e7c	02b35e63	bge	x6,x11,80000eb8	  x6:0x00000000 x11:0xfffff9a0
       27835000	      2782	00000000	00000013	addi	x0,x0,0	  x0:0x00000000
       27845000	      2783	80000eb4	00000013	addi	x0,x0,0	  x0:0x00000000
       27855000	      2784	80000eb8	2d198093	addi	x1,x19,721	 x19:0x00000000  x1=0x000002d1
       27865000	      2785	80000ebc	40acd593	srai	x11,x25,0xa	 x25:0x00000000 x11=0x00000000
       27875000	      2786	80000ec0	005d8d33	add	x26,x27,x5	 x27:0x0000000a  x5:0x00000000 x26=0x0000000a
       27885000	      2787	80000ec4	28d5b313	sltiu	x6,x11,653	 x11:0x00000000  x6=0x00000001
       27895000	      2788	80000ec8	416f05b3	sub	x11,x30,x22	 x30:0x00000001 x22:0x00000001 x11=0x00000000
       27905000	      2789	80000ecc	40b55f33	sra	x30,x10,x11	 x10:0x00000000 x11:0x00000000 x30=0x00000000
       27915000	      2790	80000ed0	411e87b3	sub	x15,x29,x17	 x29:0x00000016 x17:0x80009fc4 x15=0x7fff6052
       27925000	      2791	80000ed4	05609263	bne	x1,x22,80000f18	  x1:0x000002d1 x22:0x00000001
       27935000	      2792	00000000	00000013	addi	x0,x0,0	  x0:0x00000000
       27945000	      2793	80000f14	00000013	addi	x0,x0,0	  x0:0x00000000
       27955000	      2794	80000f18	003c62b3	or	x5,x24,x3	 x24:0x00000016  x3:0x00000000  x5=0x00000016
       27965000	      2795	80000f1c	003ce663	bltu	x25,x3,80000f28	 x25:0x00000000  x3:0x00000000
       27975000	      2796	80000f20	40525f13	srai	x30,x4,0x5	  x4:0x800098cc x30=0xfc0004c6
       27985000	      2797	80000f24	002a5433	srl	x8,x20,x2	 x20:0x0000000f  x2:0x80009f4c  x8=0x00000000
       27995000	      2798	80000f28	053bd463	bge	x23,x19,80000f70	 x23:0x00000001 x19:0x00000000
       28005000	      2799	00000000	00000013	addi	x0,x0,0	  x0:0x00000000
       28015000	      2800	80000f6c	00000013	addi	x0,x0,0	  x0:0x00000000
       28025000	      2801	80000f70	009b7a63	bgeu	x22,x9,80000f84	 x22:0x00000001  x9:0x00000000
       28035000	      2802	00000000	00000013	addi	x0,x0,0	  x0:0x00000000
       28045000	      2803	80000f80	00000013	addi	x0,x0,0	  x0:0x00000000
       28055000	      2804	80000f84	007dadb3	slt	x27,x27,x7	 x27:0x0000000a  x7:0x0000000d x27=0x00000001
       28065000	      2805	80000f88	01e6ceb3	xor	x29,x13,x30	 x13:0x00000000 x30:0xfc0004c6 x29=0xfc0004c6
       28075000	      2806	80000f8c	03fb0063	beq	x22,x31,80000fac	 x22:0x00000001 x31:0xfffffa40
       28085000	      2807	80000f90	00099233	sll	x4,x19,x0	 x19:0x00000000  x0:0x00000000  x4=0x00000000
       28095000	      2808	80000f94	05d81863	bne	x16,x29,80000fe4	 x16:0x00000000 x29:0xfc0004c6
       28105000	      2809	00000000	00000013	addi	x0,x0,0	  x0:0x00000000
       28115000	      2810	80000fe0	00000013	addi	x0,x0,0	  x0:0x00000000
       28125000	      2811	80000fe4	00000013	addi	x0,x0,0	  x0:0x00000000
       28135000	      2812	80000fe8	00deaf33	slt	x30,x29,x13	 x29:0xfc0004c6 x13:0x00000000 x30=0x00000001
       28145000	      2813	80000fec	00879cb3	sll	x25,x15,x8	 x15:0x7fff6052  x8:0x00000000 x25=0x7fff6052
       28155000	      2814	80000ff0	01e60bb3	add	x23,x12,x30	 x12:0x00000001 x30:0x00000001 x23=0x00000002
       28165000	      2815	80000ff4	01cc99b3	sll	x19,x25,x28	 x25:0x7fff6052 x28:0xfffff948 x19=0xff605200
       28175000	      2816	80000ff8	193aea17	auipc	x20,0x193ae	 x20=0x993aeff4
       28185000	      2817	80000ffc	4068d1b3	sra	x3,x17,x6	 x17:0x80009fc4  x6:0x00000001  x3=0xc0004fe2
       28195000	      2818	80001000	00d0d7b3	srl	x15,x1,x13	  x1:0x000002d1 x13:0x00000000 x15=0x000002d1
       28205000	      2819	80001004	4a782d37	lui	x26,0x4a782	 x26=0x4a782000
       28215000	      2820	80001008	0071f333	and	x6,x3,x7	  x3:0xc0004fe2  x7:0x0000000d  x6=0x00000000
       28225000	      2821	8000100c	00398c33	add	x24,x19,x3	 x19:0xff605200  x3:0xc0004fe2 x24=0xbf60a1e2
       28235000	      2822	80001010	00f9ed33	or	x26,x19,x15	 x19:0xff605200 x15:0x000002d1 x26=0xff6052d1
       28245000	      2823	80001014	002b03b3	add	x7,x22,x2	 x22:0x00000001  x2:0x80009f4c  x7=0x80009f4d
       28255000	      2824	80001018	00a0e333	or	x6,x1,x10	  x1:0x000002d1 x10:0x00000000  x6=0x000002d1
       28265000	      2825	8000101c	00715593	srli	x11,x2,0x7	  x2:0x80009f4c x11=0x0100013e
       28275000	      2826	80001020	016890b3	sll	x1,x17,x22	 x17:0x80009fc4 x22:0x00000001  x1=0x00013f88
       28285000	      2827	80001024	01b65493	srli	x9,x12,0x1b	 x12:0x00000001  x9=0x00000000
       28295000	      2828	80001028	a9508613	addi	x12,x1,-1387	  x1:0x00013f88 x12=0x00013a1d
       28305000	      2829	8000102c	00cdcd33	xor	x26,x27,x12	 x27:0x00000001 x12:0x00013a1d x26=0x00013a1c
       28315000	      2830	80001030	71362293	slti	x5,x12,1811	 x12:0x00013a1d  x5=0x00000000
       28325000	      2831	80001034	02d57c63	bgeu	x10,x13,8000106c	 x10:0x00000000 x13:0x00000000
       28335000	      2832	00000000	00000013	addi	x0,x0,0	  x0:0x00000000
       28345000	      2833	80001068	00000013	addi	x0,x0,0	  x0:0x00000000
       28355000	      2834	8000106c	01edf4b3	and	x9,x27,x30	 x27:0x00000001 x30:0x00000001  x9=0x00000001
       28365000	      2835	80001070	02b3f463	bgeu	x7,x11,80001098	  x7:0x80009f4d x11:0x0100013e
       28375000	      2836	00000000	00000013	addi	x0,x0,0	  x0:0x00000000
       28385000	      2837	80001094	00000013	addi	x0,x0,0	  x0:0x00000000
       28395000	      2838	80001098	01ed5c33	srl	x24,x26,x30	 x26:0x00013a1c x30:0x00000001 x24=0x00009d0e
       28405000	      2839	8000109c	0106de13	srli	x28,x13,0x10	 x13:0x00000000 x28=0x00000000
       28415000	      2840	800010a0	01889813	slli	x16,x17,0x18	 x17:0x80009fc4 x16=0xc4000000
       28425000	      2841	800010a4	013fb0b3	sltu	x1,x31,x19	 x31:0xfffffa40 x19:0xff605200  x1=0x00000000
       28435000	      2842	800010a8	408e53b3	sra	x7,x28,x8	 x28:0x00000000  x8:0x00000000  x7=0x00000000
       28445000	      2843	800010ac	00a7d9b3	srl	x19,x15,x10	 x15:0x000002d1 x10:0x00000000 x19=0x000002d1
       28455000	      2844	800010b0	403902b3	sub	x5,x18,x3	 x18:0x00000016  x3:0xc0004fe2  x5=0x3fffb034
       28465000	      2845	800010b4	20b70813	addi	x16,x14,523	 x14:0x80009fed x16=0x8000a1f8
       28475000	      2846	800010b8	68e4c593	xori	x11,x9,1678	  x9:0x00000001 x11=0x0000068f
       28485000	      2847	800010bc	012b0fb3	add	x31,x22,x18	 x22:0x00000001 x18:0x00000016 x31=0x00000017
       28495000	      2848	800010c0	002ac263	blt	x21,x2,800010c4	 x21:0x8000926c  x2:0x80009f4c
       28505000	      2849	00000000	00000013	addi	x0,x0,0	  x0:0x00000000
       28515000	      2850	800010c0	00000013	addi	x0,x0,0	  x0:0x00000000
       28525000	      2851	800010c4	000a1fb3	sll	x31,x20,x0	 x20:0x993aeff4  x0:0x00000000 x31=0x993aeff4
       28535000	      2852	800010c8	04f3e863	bltu	x7,x15,80001118	  x7:0x00000000 x15:0x000002d1
       28545000	      2853	00000000	00000013	addi	x0,x0,0	  x0:0x00000000
       28555000	      2854	80001114	00000013	addi	x0,x0,0	  x0:0x00000000
       28565000	      2855	80001118	41585ab3	sra	x21,x16,x21	 x16:0x8000a1f8 x21:0x8000926c x21=0xfff8000a
       28575000	      2856	8000111c	003eb733	sltu	x14,x29,x3	 x29:0xfc0004c6  x3:0xc0004fe2 x14=0x00000000
       28585000	      2857	80001120	7a0de713	ori	x14,x27,1952	 x27:0x00000001 x14=0x000007a1
       28595000	      2858	80001124	014cde33	srl	x28,x25,x20	 x25:0x7fff6052 x20:0x993aeff4 x28=0x000007ff
       28605000	      2859	80001128	189aab97	auipc	x23,0x189aa	 x23=0x989ab124
       28615000	      2860	8000112c	00837663	bgeu	x6,x8,80001138	  x6:0x000002d1  x8:0x00000000
       28625000	      2861	00000000	00000013	addi	x0,x0,0	  x0:0x00000000
       28635000	      2862	80001134	00000013	addi	x0,x0,0	  x0:0x00000000
       28645000	      2863	80001138	02f14663	blt	x2,x15,80001164	  x2:0x80009f4c x15:0x000002d1
       28655000	      2864	00000000	00000013	addi	x0,x0,0	  x0:0x00000000
       28665000	      2865	80001160	00000013	addi	x0,x0,0	  x0:0x00000000
       28675000	      2866	80001164	86feb993	sltiu	x19,x29,-1937	 x29:0xfc0004c6 x19=0x00000001
       28685000	      2867	80001168	03850263	beq	x10,x24,8000118c	 x10:0x00000000 x24:0x00009d0e
       28695000	      2868	8000116c	97b22413	slti	x8,x4,-1669	  x4:0x00000000  x8=0x00000000
       28705000	      2869	80001170	00720863	beq	x4,x7,80001180	  x4:0x00000000  x7:0x00000000
       28715000	      2870	00000000	00000013	addi	x0,x0,0	  x0:0x00000000
       28725000	      2871	8000117c	00000013	addi	x0,x0,0	  x0:0x00000000
       28735000	      2872	80001180	af100513	addi	x10,x0,-1295	  x0:0x00000000 x10=0xfffffaf1
       28745000	      2873	80001184	41125333	sra	x6,x4,x17	  x4:0x00000000 x17:0x80009fc4  x6=0x00000000
       28755000	      2874	80001188	f77b8b13	addi	x22,x23,-137	 x23:0x989ab124 x22=0x989ab09b
       28765000	      2875	8000118c	01861293	slli	x5,x12,0x18	 x12:0x00013a1d  x5=0x1d000000
       28775000	      2876	80001190	6c92a393	slti	x7,x5,1737	  x5:0x1d000000  x7=0x00000000
       28785000	      2877	80001194	04d15463	bge	x2,x13,800011dc	  x2:0x80009f4c x13:0x00000000
       28795000	      2878	80001198	baec8a37	lui	x20,0xbaec8	 x20=0xbaec8000
       28805000	      2879	8000119c	00000013	addi	x0,x0,0	  x0:0x00000000
       28815000	      2880	800011a0	01a05e63	bge	x0,x26,800011bc	  x0:0x00000000 x26:0x00013a1c
       28825000	      2881	800011a4	00906997	auipc	x19,0x906	 x19=0x809071a0
       28835000	      2882	800011a8	41da50b3	sra	x1,x20,x29	 x20:0xbaec8000 x29:0xfc0004c6  x1=0xfeebb200
       28845000	      2883	800011ac	40ba89b3	sub	x19,x21,x11	 x21:0xfff8000a x11:0x0000068f x19=0xfff7f97b
       28855000	      2884	800011b0	04971263	bne	x14,x9,800011f4	 x14:0x000007a1  x9:0x00000001
       28865000	      2885	00000000	00000013	addi	x0,x0,0	  x0:0x00000000
       28875000	      2886	800011f0	00000013	addi	x0,x0,0	  x0:0x00000000
       28885000	      2887	800011f4	0103f1b3	and	x3,x7,x16	  x7:0x00000000 x16:0x8000a1f8  x3=0x00000000
       28895000	      2888	800011f8	006227b3	slt	x15,x4,x6	  x4:0x00000000  x6:0x00000000 x15=0x00000000
       28905000	      2889	800011fc	01a98663	beq	x19,x26,80001208	 x19:0xfff7f97b x26:0x00013a1c
       28915000	      2890	80001200	04328863	beq	x5,x3,80001250	  x5:0x1d000000  x3:0x00000000
       28925000	      2891	80001204	4096dd13	srai	x26,x13,0x9	 x13:0x00000000 x26=0x00000000
       28935000	      2892	80001208	00e41f93	slli	x31,x8,0xe	  x8:0x00000000 x31=0x00000000
       28945000	      2893	8000120c	bca62793	slti	x15,x12,-1078	 x12:0x00013a1d x15=0x00000000
       28955000	      2894	80001210	006123b3	slt	x7,x2,x6	  x2:0x80009f4c  x6:0x00000000  x7=0x00000001
       28965000	      2895	80001214	00000013	addi	x0,x0,0	  x0:0x00000000
       28975000	      2896	80001218	0541e263	bltu	x3,x20,8000125c	  x3:0x00000000 x20:0xbaec8000
       28985000	      2897	00000000	00000013	addi	x0,x0,0	  x0:0x00000000
       28995000	      2898	80001258	00000013	addi	x0,x0,0	  x0:0x00000000
       29005000	      2899	8000125c	00ca5833	srl	x16,x20,x12	 x20:0xbaec8000 x12:0x00013a1d x16=0x00000005
       29015000	      2900	80001260	005d6433	or	x8,x26,x5	 x26:0x00000000  x5:0x1d000000  x8=0x1d000000
       29025000	      2901	80001264	c5cd7793	andi	x15,x26,-932	 x26:0x00000000 x15=0x00000000
       29035000	      2902	80001268	4076d333	sra	x6,x13,x7	 x13:0x00000000  x7:0x00000001  x6=0x00000000
       29045000	      2903	8000126c	0153d333	srl	x6,x7,x21	  x7:0x00000001 x21:0xfff8000a  x6=0x00000000
       29055000	      2904	80001270	02f30a63	beq	x6,x15,800012a4	  x6:0x00000000 x15:0x00000000
       29065000	      2905	00000000	00000013	addi	x0,x0,0	  x0:0x00000000
       29075000	      2906	800012a0	00000013	addi	x0,x0,0	  x0:0x00000000
       29085000	      2907	800012a4	01580863	beq	x16,x21,800012b4	 x16:0x00000005 x21:0xfff8000a
       29095000	      2908	800012a8	0173c1b3	xor	x3,x7,x23	  x7:0x00000001 x23:0x989ab124  x3=0x989ab125
       29105000	      2909	800012ac	dc662393	slti	x7,x12,-570	 x12:0x00013a1d  x7=0x00000000
       29115000	      2910	800012b0	7c99bc13	sltiu	x24,x19,1993	 x19:0xfff7f97b x24=0x00000000
       29125000	      2911	800012b4	00ed5f13	srli	x30,x26,0xe	 x26:0x00000000 x30=0x00000000
       29135000	      2912	800012b8	02cb6463	bltu	x22,x12,800012e0	 x22:0x989ab09b x12:0x00013a1d
       29145000	      2913	800012bc	01a3d1b3	srl	x3,x7,x26	  x7:0x00000000 x26:0x00000000  x3=0x00000000
       29155000	      2914	800012c0	e9dab237	lui	x4,0xe9dab	  x4=0xe9dab000
       29165000	      2915	800012c4	b45cab93	slti	x23,x25,-1211	 x25:0x7fff6052 x23=0x00000000
       29175000	      2916	800012c8	41ea0ab3	sub	x21,x20,x30	 x20:0xbaec8000 x30:0x00000000 x21=0xbaec8000
       29185000	      2917	800012cc	4efb0393	addi	x7,x22,1263	 x22:0x989ab09b  x7=0x989ab58a
       29195000	      2918	800012d0	00706c33	or	x24,x0,x7	  x0:0x00000000  x7:0x989ab58a x24=0x989ab58a
       29205000	      2919	800012d4	04079463	bne	x15,x0,8000131c	 x15:0x00000000  x0:0x00000000
       29215000	      2920	800012d8	413f5a93	srai	x21,x30,0x13	 x30:0x00000000 x21=0x00000000
       29225000	      2921	800012dc	0027dd93	srli	x27,x15,0x2	 x15:0x00000000 x27=0x00000000
       29235000	      2922	800012e0	04af9063	bne	x31,x10,80001320	 x31:0x00000000 x10:0xfffffaf1
       29245000	      2923	00000000	00000013	addi	x0,x0,0	  x0:0x00000000
       29255000	      2924	8000131c	00000013	addi	x0,x0,0	  x0:0x00000000
       29265000	      2925	80001320	011e63b3	or	x7,x28,x17	 x28:0x000007ff x17:0x80009fc4  x7=0x80009fff
       29275000	      2926	80001324	01bb9933	sll	x18,x23,x27	 x23:0x00000000 x27:0x00000000 x18=0x00000000
       29285000	      2927	80001328	01e47e63	bgeu	x8,x30,80001344	  x8:0x1d000000 x30:0x00000000
       29295000	      2928	00000000	00000013	addi	x0,x0,0	  x0:0x00000000
       29305000	      2929	80001340	00000013	addi	x0,x0,0	  x0:0x00000000
       29315000	      2930	80001344	5f0d8293	addi	x5,x27,1520	 x27:0x00000000  x5=0x000005f0
       29325000	      2931	80001348	03f60663	beq	x12,x31,80001374	 x12:0x00013a1d x31:0x00000000
       29335000	      2932	8000134c	41c2dd93	srai	x27,x5,0x1c	  x5:0x000005f0 x27=0x00000000
       29345000	      2933	80001350	01b8e7b3	or	x15,x17,x27	 x17:0x80009fc4 x27:0x00000000 x15=0x80009fc4
       29355000	      2934	80001354	02284463	blt	x16,x2,8000137c	 x16:0x00000005  x2:0x80009f4c
       29365000	      2935	80001358	40aa5b93	srai	x23,x20,0xa	 x20:0xbaec8000 x23=0xffeebb20
       29375000	      2936	8000135c	98474913	xori	x18,x14,-1660	 x14:0x000007a1 x18=0xfffffe25
       29385000	      2937	80001360	00621cb3	sll	x25,x4,x6	  x4:0xe9dab000  x6:0x00000000 x25=0xe9dab000
       29395000	      2938	80001364	00000013	addi	x0,x0,0	  x0:0x00000000
       29405000	      2939	80001368	0181cab3	xor	x21,x3,x24	  x3:0x00000000 x24:0x989ab58a x21=0x989ab58a
       29415000	      2940	8000136c	c9c32093	slti	x1,x6,-868	  x6:0x00000000  x1=0x00000000
       29425000	      2941	80001370	011e1533	sll	x10,x28,x17	 x28:0x000007ff x17:0x80009fc4 x10=0x00007ff0
       29435000	      2942	80001374	01011263	bne	x2,x16,80001378	  x2:0x80009f4c x16:0x00000005
       29445000	      2943	00000000	00000013	addi	x0,x0,0	  x0:0x00000000
       29455000	      2944	80001374	00000013	addi	x0,x0,0	  x0:0x00000000
       29465000	      2945	80001378	6ce17f13	andi	x30,x2,1742	  x2:0x80009f4c x30=0x0000064c
       29475000	      2946	8000137c	0190acb3	slt	x25,x1,x25	  x1:0x00000000 x25:0xe9dab000 x25=0x00000000
       29485000	      2947	80001380	018fbf33	sltu	x30,x31,x24	 x31:0x00000000 x24:0x989ab58a x30=0x00000001
       29495000	      2948	80001384	05227863	bgeu	x4,x18,800013d4	  x4:0xe9dab000 x18:0xfffffe25
       29505000	      2949	80001388	18ea6a13	ori	x20,x20,398	 x20:0xbaec8000 x20=0xbaec818e
       29515000	      2950	8000138c	37336e93	ori	x29,x6,883	  x6:0x00000000 x29=0x00000373
       29525000	      2951	80001390	40415d33	sra	x26,x2,x4	  x2:0x80009f4c  x4:0xe9dab000 x26=0x80009f4c
       29535000	      2952	80001394	01825813	srli	x16,x4,0x18	  x4:0xe9dab000 x16=0x000000e9
       29545000	      2953	80001398	016f50b3	srl	x1,x30,x22	 x30:0x00000001 x22:0x989ab09b  x1=0x00000000
       29555000	      2954	8000139c	00c943b3	xor	x7,x18,x12	 x18:0xfffffe25 x12:0x00013a1d  x7=0xfffec438
       29565000	      2955	800013a0	033c8863	beq	x25,x19,800013d0	 x25:0x00000000 x19:0xfff7f97b
       29575000	      2956	800013a4	41df01b3	sub	x3,x30,x29	 x30:0x00000001 x29:0x00000373  x3=0xfffffc8e
       29585000	      2957	800013a8	01a0c9b3	xor	x19,x1,x26	  x1:0x00000000 x26:0x80009f4c x19=0x80009f4c
       29595000	      2958	800013ac	01127663	bgeu	x4,x17,800013b8	  x4:0xe9dab000 x17:0x80009fc4
       29605000	      2959	00000000	00000013	addi	x0,x0,0	  x0:0x00000000
       29615000	      2960	800013b4	00000013	addi	x0,x0,0	  x0:0x00000000
       29625000	      2961	800013b8	acbe0f93	addi	x31,x28,-1333	 x28:0x000007ff x31=0x000002ca
       29635000	      2962	800013bc	00893633	sltu	x12,x18,x8	 x18:0xfffffe25  x8:0x1d000000 x12=0x00000000
       29645000	      2963	800013c0	0b857863	bgeu	x10,x24,80001470	 x10:0x00007ff0 x24:0x989ab58a
       29655000	      2964	800013c4	affce5b7	lui	x11,0xaffce	 x11=0xaffce000
       29665000	      2965	800013c8	0bb98063	beq	x19,x27,80001468	 x19:0x80009f4c x27:0x00000000
       29675000	      2966	800013cc	013001b3	add	x3,x0,x19	  x0:0x00000000 x19:0x80009f4c  x3=0x80009f4c
       29685000	      2967	800013d0	4027d733	sra	x14,x15,x2	 x15:0x80009fc4  x2:0x80009f4c x14=0xfff80009
       29695000	      2968	800013d4	17eea793	slti	x15,x29,382	 x29:0x00000373 x15=0x00000000
       29705000	      2969	800013d8	72760817	auipc	x16,0x72760	 x16=0xf27613d4
       29715000	      2970	800013dc	fe7f6a13	ori	x20,x30,-25	 x30:0x00000001 x20=0xffffffe7
       29725000	      2971	800013e0	4178d793	srai	x15,x17,0x17	 x17:0x80009fc4 x15=0xffffff00
       29735000	      2972	800013e4	009dcc33	xor	x24,x27,x9	 x27:0x00000000  x9:0x00000001 x24=0x00000001
       29745000	      2973	800013e8	00a59b33	sll	x22,x11,x10	 x11:0xaffce000 x10:0x00007ff0 x22=0xe0000000
       29755000	      2974	800013ec	c0b0c493	xori	x9,x1,-1013	  x1:0x00000000  x9=0xfffffc0b
       29765000	      2975	800013f0	00100813	addi	x16,x0,1	  x0:0x00000000 x16=0x00000001
       29775000	      2976	800013f4	01111213	slli	x4,x2,0x11	  x2:0x80009f4c  x4=0x3e980000
       29785000	      2977	800013f8	01200b93	addi	x23,x0,18	  x0:0x00000000 x23=0x00000012
       29795000	      2978	800013fc	01430b33	add	x22,x6,x20	  x6:0x00000000 x20:0xffffffe7 x22=0xffffffe7
       29805000	      2979	80001400	016ac2b3	xor	x5,x21,x22	 x21:0x989ab58a x22:0xffffffe7  x5=0x67654a6d
       29815000	      2980	80001404	00aae233	or	x4,x21,x10	 x21:0x989ab58a x10:0x00007ff0  x4=0x989afffa
       29825000	      2981	80001408	00b54733	xor	x14,x10,x11	 x10:0x00007ff0 x11:0xaffce000 x14=0xaffc9ff0
       29835000	      2982	8000140c	df230337	lui	x6,0xdf230	  x6=0xdf230000
       29845000	      2983	80001410	38f74a37	lui	x20,0x38f74	 x20=0x38f74000
       29855000	      2984	80001414	f8056193	ori	x3,x10,-128	 x10:0x00007ff0  x3=0xfffffff0
       29865000	      2985	80001418	74124ab7	lui	x21,0x74124	 x21=0x74124000
       29875000	      2986	8000141c	01fe5533	srl	x10,x28,x31	 x28:0x000007ff x31:0x000002ca x10=0x00000001
       29885000	      2987	80001420	00680813	addi	x16,x16,6	 x16:0x00000001 x16=0x00000007
       29895000	      2988	80001424	4048d593	srai	x11,x17,0x4	 x17:0x80009fc4 x11=0xf80009fc
       29905000	      2989	80001428	006fe4b3	or	x9,x31,x6	 x31:0x000002ca  x6:0xdf230000  x9=0xdf2302ca
       29915000	      2990	8000142c	00300093	addi	x1,x0,3	  x0:0x00000000  x1=0x00000003
       29925000	      2991	80001430	000907b3	add	x15,x18,x0	 x18:0xfffffe25  x0:0x00000000 x15=0xfffffe25
       29935000	      2992	80001434	fee00e93	addi	x29,x0,-18	  x0:0x00000000 x29=0xffffffee
       29945000	      2993	80001438	40760c33	sub	x24,x12,x7	 x12:0x00000000  x7:0xfffec438 x24=0x00013bc8
       29955000	      2994	8000143c	dd4ae013	ori	x0,x21,-556	 x21:0x74124000
       29965000	      2995	80001440	ff908093	addi	x1,x1,-7	  x1:0x00000003  x1=0xfffffffc
       29975000	      2996	80001444	0008da33	srl	x20,x17,x0	 x17:0x80009fc4  x0:0x00000000 x20=0x80009fc4
       29985000	      2997	80001448	ffd098e3	bne	x1,x29,80001438	  x1:0xfffffffc x29:0xffffffee
       29995000	      2998	00000000	00000013	addi	x0,x0,0	  x0:0x00000000
       30005000	      2999	80001434	00000013	addi	x0,x0,0	  x0:0x00000000
       30015000	      3000	80001438	40760c33	sub	x24,x12,x7	 x12:0x00000000  x7:0xfffec438 x24=0x00013bc8
       30025000	      3001	8000143c	dd4ae013	ori	x0,x21,-556	 x21:0x74124000
       30035000	      3002	80001440	ff908093	addi	x1,x1,-7	  x1:0xfffffffc  x1=0xfffffff5
       30045000	      3003	80001444	0008da33	srl	x20,x17,x0	 x17:0x80009fc4  x0:0x00000000 x20=0x80009fc4
       30055000	      3004	80001448	ffd098e3	bne	x1,x29,80001438	  x1:0xfffffff5 x29:0xffffffee
       30065000	      3005	00000000	00000013	addi	x0,x0,0	  x0:0x00000000
       30075000	      3006	80001434	00000013	addi	x0,x0,0	  x0:0x00000000
       30085000	      3007	80001438	40760c33	sub	x24,x12,x7	 x12:0x00000000  x7:0xfffec438 x24=0x00013bc8
       30095000	      3008	8000143c	dd4ae013	ori	x0,x21,-556	 x21:0x74124000
       30105000	      3009	80001440	ff908093	addi	x1,x1,-7	  x1:0xfffffff5  x1=0xffffffee
       30115000	      3010	80001444	0008da33	srl	x20,x17,x0	 x17:0x80009fc4  x0:0x00000000 x20=0x80009fc4
       30125000	      3011	80001448	ffd098e3	bne	x1,x29,80001438	  x1:0xffffffee x29:0xffffffee
       30135000	      3012	8000144c	015b1033	sll	x0,x22,x21	 x22:0xffffffe7 x21:0x74124000
       30145000	      3013	80001450	49e80293	addi	x5,x16,1182	 x16:0x00000007  x5=0x000004a5
       30155000	      3014	80001454	fd7840e3	blt	x16,x23,80001414	 x16:0x00000007 x23:0x00000012
       30165000	      3015	00000000	00000013	addi	x0,x0,0	  x0:0x00000000
       30175000	      3016	80001410	00000013	addi	x0,x0,0	  x0:0x00000000
       30185000	      3017	80001414	f8056193	ori	x3,x10,-128	 x10:0x00000001  x3=0xffffff81
       30195000	      3018	80001418	74124ab7	lui	x21,0x74124	 x21=0x74124000
       30205000	      3019	8000141c	01fe5533	srl	x10,x28,x31	 x28:0x000007ff x31:0x000002ca x10=0x00000001
       30215000	      3020	80001420	00680813	addi	x16,x16,6	 x16:0x00000007 x16=0x0000000d
       30225000	      3021	80001424	4048d593	srai	x11,x17,0x4	 x17:0x80009fc4 x11=0xf80009fc
       30235000	      3022	80001428	006fe4b3	or	x9,x31,x6	 x31:0x000002ca  x6:0xdf230000  x9=0xdf2302ca
       30245000	      3023	8000142c	00300093	addi	x1,x0,3	  x0:0x00000000  x1=0x00000003
       30255000	      3024	80001430	000907b3	add	x15,x18,x0	 x18:0xfffffe25  x0:0x00000000 x15=0xfffffe25
       30265000	      3025	80001434	fee00e93	addi	x29,x0,-18	  x0:0x00000000 x29=0xffffffee
       30275000	      3026	80001438	40760c33	sub	x24,x12,x7	 x12:0x00000000  x7:0xfffec438 x24=0x00013bc8
       30285000	      3027	8000143c	dd4ae013	ori	x0,x21,-556	 x21:0x74124000
       30295000	      3028	80001440	ff908093	addi	x1,x1,-7	  x1:0x00000003  x1=0xfffffffc
       30305000	      3029	80001444	0008da33	srl	x20,x17,x0	 x17:0x80009fc4  x0:0x00000000 x20=0x80009fc4
       30315000	      3030	80001448	ffd098e3	bne	x1,x29,80001438	  x1:0xfffffffc x29:0xffffffee
       30325000	      3031	00000000	00000013	addi	x0,x0,0	  x0:0x00000000
       30335000	      3032	80001434	00000013	addi	x0,x0,0	  x0:0x00000000
       30345000	      3033	80001438	40760c33	sub	x24,x12,x7	 x12:0x00000000  x7:0xfffec438 x24=0x00013bc8
       30355000	      3034	8000143c	dd4ae013	ori	x0,x21,-556	 x21:0x74124000
       30365000	      3035	80001440	ff908093	addi	x1,x1,-7	  x1:0xfffffffc  x1=0xfffffff5
       30375000	      3036	80001444	0008da33	srl	x20,x17,x0	 x17:0x80009fc4  x0:0x00000000 x20=0x80009fc4
       30385000	      3037	80001448	ffd098e3	bne	x1,x29,80001438	  x1:0xfffffff5 x29:0xffffffee
       30395000	      3038	00000000	00000013	addi	x0,x0,0	  x0:0x00000000
       30405000	      3039	80001434	00000013	addi	x0,x0,0	  x0:0x00000000
       30415000	      3040	80001438	40760c33	sub	x24,x12,x7	 x12:0x00000000  x7:0xfffec438 x24=0x00013bc8
       30425000	      3041	8000143c	dd4ae013	ori	x0,x21,-556	 x21:0x74124000
       30435000	      3042	80001440	ff908093	addi	x1,x1,-7	  x1:0xfffffff5  x1=0xffffffee
       30445000	      3043	80001444	0008da33	srl	x20,x17,x0	 x17:0x80009fc4  x0:0x00000000 x20=0x80009fc4
       30455000	      3044	80001448	ffd098e3	bne	x1,x29,80001438	  x1:0xffffffee x29:0xffffffee
       30465000	      3045	8000144c	015b1033	sll	x0,x22,x21	 x22:0xffffffe7 x21:0x74124000
       30475000	      3046	80001450	49e80293	addi	x5,x16,1182	 x16:0x0000000d  x5=0x000004ab
       30485000	      3047	80001454	fd7840e3	blt	x16,x23,80001414	 x16:0x0000000d x23:0x00000012
       30495000	      3048	00000000	00000013	addi	x0,x0,0	  x0:0x00000000
       30505000	      3049	80001410	00000013	addi	x0,x0,0	  x0:0x00000000
       30515000	      3050	80001414	f8056193	ori	x3,x10,-128	 x10:0x00000001  x3=0xffffff81
       30525000	      3051	80001418	74124ab7	lui	x21,0x74124	 x21=0x74124000
       30535000	      3052	8000141c	01fe5533	srl	x10,x28,x31	 x28:0x000007ff x31:0x000002ca x10=0x00000001
       30545000	      3053	80001420	00680813	addi	x16,x16,6	 x16:0x0000000d x16=0x00000013
       30555000	      3054	80001424	4048d593	srai	x11,x17,0x4	 x17:0x80009fc4 x11=0xf80009fc
       30565000	      3055	80001428	006fe4b3	or	x9,x31,x6	 x31:0x000002ca  x6:0xdf230000  x9=0xdf2302ca
       30575000	      3056	8000142c	00300093	addi	x1,x0,3	  x0:0x00000000  x1=0x00000003
       30585000	      3057	80001430	000907b3	add	x15,x18,x0	 x18:0xfffffe25  x0:0x00000000 x15=0xfffffe25
       30595000	      3058	80001434	fee00e93	addi	x29,x0,-18	  x0:0x00000000 x29=0xffffffee
       30605000	      3059	80001438	40760c33	sub	x24,x12,x7	 x12:0x00000000  x7:0xfffec438 x24=0x00013bc8
       30615000	      3060	8000143c	dd4ae013	ori	x0,x21,-556	 x21:0x74124000
       30625000	      3061	80001440	ff908093	addi	x1,x1,-7	  x1:0x00000003  x1=0xfffffffc
       30635000	      3062	80001444	0008da33	srl	x20,x17,x0	 x17:0x80009fc4  x0:0x00000000 x20=0x80009fc4
       30645000	      3063	80001448	ffd098e3	bne	x1,x29,80001438	  x1:0xfffffffc x29:0xffffffee
       30655000	      3064	00000000	00000013	addi	x0,x0,0	  x0:0x00000000
       30665000	      3065	80001434	00000013	addi	x0,x0,0	  x0:0x00000000
       30675000	      3066	80001438	40760c33	sub	x24,x12,x7	 x12:0x00000000  x7:0xfffec438 x24=0x00013bc8
       30685000	      3067	8000143c	dd4ae013	ori	x0,x21,-556	 x21:0x74124000
       30695000	      3068	80001440	ff908093	addi	x1,x1,-7	  x1:0xfffffffc  x1=0xfffffff5
       30705000	      3069	80001444	0008da33	srl	x20,x17,x0	 x17:0x80009fc4  x0:0x00000000 x20=0x80009fc4
       30715000	      3070	80001448	ffd098e3	bne	x1,x29,80001438	  x1:0xfffffff5 x29:0xffffffee
       30725000	      3071	00000000	00000013	addi	x0,x0,0	  x0:0x00000000
       30735000	      3072	80001434	00000013	addi	x0,x0,0	  x0:0x00000000
       30745000	      3073	80001438	40760c33	sub	x24,x12,x7	 x12:0x00000000  x7:0xfffec438 x24=0x00013bc8
       30755000	      3074	8000143c	dd4ae013	ori	x0,x21,-556	 x21:0x74124000
       30765000	      3075	80001440	ff908093	addi	x1,x1,-7	  x1:0xfffffff5  x1=0xffffffee
       30775000	      3076	80001444	0008da33	srl	x20,x17,x0	 x17:0x80009fc4  x0:0x00000000 x20=0x80009fc4
       30785000	      3077	80001448	ffd098e3	bne	x1,x29,80001438	  x1:0xffffffee x29:0xffffffee
       30795000	      3078	8000144c	015b1033	sll	x0,x22,x21	 x22:0xffffffe7 x21:0x74124000
       30805000	      3079	80001450	49e80293	addi	x5,x16,1182	 x16:0x00000013  x5=0x000004b1
       30815000	      3080	80001454	fd7840e3	blt	x16,x23,80001414	 x16:0x00000013 x23:0x00000012
       30825000	      3081	80001458	7ed7f593	andi	x11,x15,2029	 x15:0xfffffe25 x11=0x00000625
       30835000	      3082	8000145c	01cb1d33	sll	x26,x22,x28	 x22:0xffffffe7 x28:0x000007ff x26=0x80000000
       30845000	      3083	80001460	31de9a17	auipc	x20,0x31de9	 x20=0xb1dea45c
       30855000	      3084	80001464	00ec0a33	add	x20,x24,x14	 x24:0x00013bc8 x14:0xaffc9ff0 x20=0xaffddbb8
       30865000	      3085	80001468	f0d9eb13	ori	x22,x19,-243	 x19:0x80009f4c x22=0xffffff4d
       30875000	      3086	8000146c	00000013	addi	x0,x0,0	  x0:0x00000000
       30885000	      3087	80001470	02d41063	bne	x8,x13,80001490	  x8:0x1d000000 x13:0x00000000
       30895000	      3088	00000000	00000013	addi	x0,x0,0	  x0:0x00000000
       30905000	      3089	8000148c	00000013	addi	x0,x0,0	  x0:0x00000000
       30915000	      3090	80001490	cbc66b93	ori	x23,x12,-836	 x12:0x00000000 x23=0xfffffcbc
       30925000	      3091	80001494	018b5033	srl	x0,x22,x24	 x22:0xffffff4d x24:0x00013bc8
       30935000	      3092	80001498	014593b3	sll	x7,x11,x20	 x11:0x00000625 x20:0xaffddbb8  x7=0x25000000
       30945000	      3093	8000149c	053dd263	bge	x27,x19,800014e0	 x27:0x00000000 x19:0x80009f4c
       30955000	      3094	00000000	00000013	addi	x0,x0,0	  x0:0x00000000
       30965000	      3095	800014dc	00000013	addi	x0,x0,0	  x0:0x00000000
       30975000	      3096	800014e0	01a7d193	srli	x3,x15,0x1a	 x15:0xfffffe25  x3=0x0000003f
       30985000	      3097	800014e4	05b0f293	andi	x5,x1,91	  x1:0xffffffee  x5=0x0000004a
       30995000	      3098	800014e8	01e49493	slli	x9,x9,0x1e	  x9:0xdf2302ca  x9=0x80000000
       31005000	      3099	800014ec	20194b93	xori	x23,x18,513	 x18:0xfffffe25 x23=0xfffffc24
       31015000	      3100	800014f0	05e38263	beq	x7,x30,80001534	  x7:0x25000000 x30:0x00000001
       31025000	      3101	800014f4	01f94633	xor	x12,x18,x31	 x18:0xfffffe25 x31:0x000002ca x12=0xfffffcef
       31035000	      3102	800014f8	0200f463	bgeu	x1,x0,80001520	  x1:0xffffffee  x0:0x00000000
       31045000	      3103	00000000	00000013	addi	x0,x0,0	  x0:0x00000000
       31055000	      3104	8000151c	00000013	addi	x0,x0,0	  x0:0x00000000
       31065000	      3105	80001520	a523c237	lui	x4,0xa523c	  x4=0xa523c000
       31075000	      3106	80001524	02a0f463	bgeu	x1,x10,8000154c	  x1:0xffffffee x10:0x00000001
       31085000	      3107	00000000	00000013	addi	x0,x0,0	  x0:0x00000000
       31095000	      3108	80001548	00000013	addi	x0,x0,0	  x0:0x00000000
       31105000	      3109	8000154c	a202d317	auipc	x6,0xa202d	  x6=0x2202e548
       31115000	      3110	80001550	00000013	addi	x0,x0,0	  x0:0x00000000
       31125000	      3111	80001554	40ce5e13	srai	x28,x28,0xc	 x28:0x000007ff x28=0x00000000
       31135000	      3112	80001558	0003d293	srli	x5,x7,0x0	  x7:0x25000000  x5=0x25000000
       31145000	      3113	8000155c	04c9d063	bge	x19,x12,8000159c	 x19:0x80009f4c x12:0xfffffcef
       31155000	      3114	80001560	34c26f93	ori	x31,x4,844	  x4:0xa523c000 x31=0xa523c34c
       31165000	      3115	80001564	418cde33	sra	x28,x25,x24	 x25:0x00000000 x24:0x00013bc8 x28=0x00000000
       31175000	      3116	80001568	0089fb33	and	x22,x19,x8	 x19:0x80009f4c  x8:0x1d000000 x22=0x00000000
       31185000	      3117	8000156c	01462eb3	slt	x29,x12,x20	 x12:0xfffffcef x20:0xaffddbb8 x29=0x00000000
       31195000	      3118	80001570	02bd8c63	beq	x27,x11,800015a8	 x27:0x00000000 x11:0x00000625
       31205000	      3119	80001574	4ba72493	slti	x9,x14,1210	 x14:0xaffc9ff0  x9=0x00000001
       31215000	      3120	80001578	40ced813	srai	x16,x29,0xc	 x29:0x00000000 x16=0x00000000
       31225000	      3121	8000157c	00c5db33	srl	x22,x11,x12	 x11:0x00000625 x12:0xfffffcef x22=0x00000000
       31235000	      3122	80001580	0109ce33	xor	x28,x19,x16	 x19:0x80009f4c x16:0x00000000 x28=0x80009f4c
       31245000	      3123	80001584	20298a93	addi	x21,x19,514	 x19:0x80009f4c x21=0x8000a14e
       31255000	      3124	80001588	01787e63	bgeu	x16,x23,800015a4	 x16:0x00000000 x23:0xfffffc24
       31265000	      3125	8000158c	01e81d33	sll	x26,x16,x30	 x16:0x00000000 x30:0x00000001 x26=0x00000000
       31275000	      3126	80001590	440f29b7	lui	x19,0x440f2	 x19=0x440f2000
       31285000	      3127	80001594	40588433	sub	x8,x17,x5	 x17:0x80009fc4  x5:0x25000000  x8=0x5b009fc4
       31295000	      3128	80001598	00fe2f33	slt	x30,x28,x15	 x28:0x80009f4c x15:0xfffffe25 x30=0x00000001
       31305000	      3129	8000159c	6ddc2b13	slti	x22,x24,1757	 x24:0x00013bc8 x22=0x00000000
       31315000	      3130	800015a0	6bf26a93	ori	x21,x4,1727	  x4:0xa523c000 x21=0xa523c6bf
       31325000	      3131	800015a4	001fec33	or	x24,x31,x1	 x31:0xa523c34c  x1:0xffffffee x24=0xffffffee
       31335000	      3132	800015a8	41a18333	sub	x6,x3,x26	  x3:0x0000003f x26:0x00000000  x6=0x0000003f
       31345000	      3133	800015ac	02afe263	bltu	x31,x10,800015d0	 x31:0xa523c34c x10:0x00000001
       31355000	      3134	800015b0	040dc263	blt	x27,x0,800015f4	 x27:0x00000000  x0:0x00000000
       31365000	      3135	800015b4	0303ca63	blt	x7,x16,800015e8	  x7:0x25000000 x16:0x00000000
       31375000	      3136	800015b8	01ee7bb3	and	x23,x28,x30	 x28:0x80009f4c x30:0x00000001 x23=0x00000000
       31385000	      3137	800015bc	410459b3	sra	x19,x8,x16	  x8:0x5b009fc4 x16:0x00000000 x19=0x5b009fc4
       31395000	      3138	800015c0	01015a13	srli	x20,x2,0x10	  x2:0x80009f4c x20=0x00008000
       31405000	      3139	800015c4	d096c793	xori	x15,x13,-759	 x13:0x00000000 x15=0xfffffd09
       31415000	      3140	800015c8	01fc94b3	sll	x9,x25,x31	 x25:0x00000000 x31:0xa523c34c  x9=0x00000000
       31425000	      3141	800015cc	013f0a63	beq	x30,x19,800015e0	 x30:0x00000001 x19:0x5b009fc4
       31435000	      3142	800015d0	ebe90a93	addi	x21,x18,-322	 x18:0xfffffe25 x21=0xfffffce3
       31445000	      3143	800015d4	0344de63	bge	x9,x20,80001610	  x9:0x00000000 x20:0x00008000
       31455000	      3144	800015d8	42163e13	sltiu	x28,x12,1057	 x12:0xfffffcef x28=0x00000000
       31465000	      3145	800015dc	6bede293	ori	x5,x27,1726	 x27:0x00000000  x5=0x000006be
       31475000	      3146	800015e0	0041f033	and	x0,x3,x4	  x3:0x0000003f  x4:0xa523c000
       31485000	      3147	800015e4	6a697f93	andi	x31,x18,1702	 x18:0xfffffe25 x31=0x00000624
       31495000	      3148	800015e8	000f6eb3	or	x29,x30,x0	 x30:0x00000001  x0:0x00000000 x29=0x00000001
       31505000	      3149	800015ec	01df5e93	srli	x29,x30,0x1d	 x30:0x00000001 x29=0x00000000
       31515000	      3150	800015f0	03fb9863	bne	x23,x31,80001620	 x23:0x00000000 x31:0x00000624
       31525000	      3151	00000000	00000013	addi	x0,x0,0	  x0:0x00000000
       31535000	      3152	8000161c	00000013	addi	x0,x0,0	  x0:0x00000000
       31545000	      3153	80001620	043a9863	bne	x21,x3,80001670	 x21:0xfffffce3  x3:0x0000003f
       31555000	      3154	00000000	00000013	addi	x0,x0,0	  x0:0x00000000
       31565000	      3155	8000166c	00000013	addi	x0,x0,0	  x0:0x00000000
       31575000	      3156	80001670	006fb833	sltu	x16,x31,x6	 x31:0x00000624  x6:0x0000003f x16=0x00000000
       31585000	      3157	80001674	014a8633	add	x12,x21,x20	 x21:0xfffffce3 x20:0x00008000 x12=0x00007ce3
       31595000	      3158	80001678	b06f2713	slti	x14,x30,-1274	 x30:0x00000001 x14=0x00000000
       31605000	      3159	8000167c	55eba813	slti	x16,x23,1374	 x23:0x00000000 x16=0x00000001
       31615000	      3160	80001680	02408063	beq	x1,x4,800016a0	  x1:0xffffffee  x4:0xa523c000
       31625000	      3161	80001684	772ba813	slti	x16,x23,1906	 x23:0x00000000 x16=0x00000001
       31635000	      3162	80001688	00937ab3	and	x21,x6,x9	  x6:0x0000003f  x9:0x00000000 x21=0x00000000
       31645000	      3163	8000168c	00455b13	srli	x22,x10,0x4	 x10:0x00000001 x22=0x00000000
       31655000	      3164	80001690	401881b3	sub	x3,x17,x1	 x17:0x80009fc4  x1:0xffffffee  x3=0x80009fd6
       31665000	      3165	80001694	3f78dd37	lui	x26,0x3f78d	 x26=0x3f78d000
       31675000	      3166	80001698	0197cf33	xor	x30,x15,x25	 x15:0xfffffd09 x25:0x00000000 x30=0xfffffd09
       31685000	      3167	8000169c	01afb7b3	sltu	x15,x31,x26	 x31:0x00000624 x26:0x3f78d000 x15=0x00000001
       31695000	      3168	800016a0	418dd4b3	sra	x9,x27,x24	 x27:0x00000000 x24:0xffffffee  x9=0x00000000
       31705000	      3169	800016a4	00099633	sll	x12,x19,x0	 x19:0x5b009fc4  x0:0x00000000 x12=0x5b009fc4
       31715000	      3170	800016a8	95a07493	andi	x9,x0,-1702	  x0:0x00000000  x9=0x00000000
       31725000	      3171	800016ac	8fba4593	xori	x11,x20,-1797	 x20:0x00008000 x11=0xffff78fb
       31735000	      3172	800016b0	0f367c13	andi	x24,x12,243	 x12:0x5b009fc4 x24=0x000000c0
       31745000	      3173	800016b4	ee7f6e97	auipc	x29,0xee7f6	 x29=0x6e7f76b0
       31755000	      3174	800016b8	003ea5b3	slt	x11,x29,x3	 x29:0x6e7f76b0  x3:0x80009fd6 x11=0x00000000
       31765000	      3175	800016bc	006bb333	sltu	x6,x23,x6	 x23:0x00000000  x6:0x0000003f  x6=0x00000001
       31775000	      3176	800016c0	00105333	srl	x6,x0,x1	  x0:0x00000000  x1:0xffffffee  x6=0x00000000
       31785000	      3177	800016c4	00000013	addi	x0,x0,0	  x0:0x00000000
       31795000	      3178	800016c8	40780a33	sub	x20,x16,x7	 x16:0x00000001  x7:0x25000000 x20=0xdb000001
       31805000	      3179	800016cc	01ed12b3	sll	x5,x26,x30	 x26:0x3f78d000 x30:0xfffffd09  x5=0xf1a00000
       31815000	      3180	800016d0	018099b3	sll	x19,x1,x24	  x1:0xffffffee x24:0x000000c0 x19=0xffffffee
       31825000	      3181	800016d4	41228033	sub	x0,x5,x18	  x5:0xf1a00000 x18:0xfffffe25
       31835000	      3182	800016d8	40b100b3	sub	x1,x2,x11	  x2:0x80009f4c x11:0x00000000  x1=0x80009f4c
       31845000	      3183	800016dc	00000013	addi	x0,x0,0	  x0:0x00000000
       31855000	      3184	800016e0	004ec263	blt	x29,x4,800016e4	 x29:0x6e7f76b0  x4:0xa523c000
       31865000	      3185	800016e4	7d508d13	addi	x26,x1,2005	  x1:0x80009f4c x26=0x8000a721
       31875000	      3186	800016e8	eaca8593	addi	x11,x21,-340	 x21:0x00000000 x11=0xfffffeac
       31885000	      3187	800016ec	56ce3013	sltiu	x0,x28,1388	 x28:0x00000000
       31895000	      3188	800016f0	fed23413	sltiu	x8,x4,-19	  x4:0xa523c000  x8=0x00000001
       31905000	      3189	800016f4	00a01613	slli	x12,x0,0xa	  x0:0x00000000 x12=0x00000000
       31915000	      3190	800016f8	002ed493	srli	x9,x29,0x2	 x29:0x6e7f76b0  x9=0x1b9fddac
       31925000	      3191	800016fc	05341463	bne	x8,x19,80001744	  x8:0x00000001 x19:0xffffffee
       31935000	      3192	00000000	00000013	addi	x0,x0,0	  x0:0x00000000
       31945000	      3193	80001740	00000013	addi	x0,x0,0	  x0:0x00000000
       31955000	      3194	80001744	003f43b3	xor	x7,x30,x3	 x30:0xfffffd09  x3:0x80009fd6  x7=0x7fff62df
       31965000	      3195	80001748	00000013	addi	x0,x0,0	  x0:0x00000000
       31975000	      3196	8000174c	0592e863	bltu	x5,x25,8000179c	  x5:0xf1a00000 x25:0x00000000
       31985000	      3197	80001750	0102d733	srl	x14,x5,x16	  x5:0xf1a00000 x16:0x00000001 x14=0x78d00000
       31995000	      3198	80001754	025dd463	bge	x27,x5,8000177c	 x27:0x00000000  x5:0xf1a00000
       32005000	      3199	00000000	00000013	addi	x0,x0,0	  x0:0x00000000
       32015000	      3200	80001778	00000013	addi	x0,x0,0	  x0:0x00000000
       32025000	      3201	8000177c	00b41413	slli	x8,x8,0xb	  x8:0x00000001  x8=0x00000800
       32035000	      3202	80001780	01e49433	sll	x8,x9,x30	  x9:0x1b9fddac x30:0xfffffd09  x8=0x3fbb5800
       32045000	      3203	80001784	01ba6033	or	x0,x20,x27	 x20:0xdb000001 x27:0x00000000
       32055000	      3204	80001788	00329663	bne	x5,x3,80001794	  x5:0xf1a00000  x3:0x80009fd6
       32065000	      3205	00000000	00000013	addi	x0,x0,0	  x0:0x00000000
       32075000	      3206	80001790	00000013	addi	x0,x0,0	  x0:0x00000000
       32085000	      3207	80001794	40858c37	lui	x24,0x40858	 x24=0x40858000
       32095000	      3208	80001798	001d2bb3	slt	x23,x26,x1	 x26:0x8000a721  x1:0x80009f4c x23=0x00000000
       32105000	      3209	8000179c	00befe63	bgeu	x29,x11,800017b8	 x29:0x6e7f76b0 x11:0xfffffeac
       32115000	      3210	800017a0	40140833	sub	x16,x8,x1	  x8:0x3fbb5800  x1:0x80009f4c x16=0xbfbab8b4
       32125000	      3211	800017a4	00000013	addi	x0,x0,0	  x0:0x00000000
       32135000	      3212	800017a8	01fff4b3	and	x9,x31,x31	 x31:0x00000624 x31:0x00000624  x9=0x00000624
       32145000	      3213	800017ac	0002a5b3	slt	x11,x5,x0	  x5:0xf1a00000  x0:0x00000000 x11=0x00000001
       32155000	      3214	800017b0	018fceb3	xor	x29,x31,x24	 x31:0x00000624 x24:0x40858000 x29=0x40858624
       32165000	      3215	800017b4	0166c233	xor	x4,x13,x22	 x13:0x00000000 x22:0x00000000  x4=0x00000000
       32175000	      3216	800017b8	040a7463	bgeu	x20,x0,80001800	 x20:0xdb000001  x0:0x00000000
       32185000	      3217	00000000	00000013	addi	x0,x0,0	  x0:0x00000000
       32195000	      3218	800017fc	00000013	addi	x0,x0,0	  x0:0x00000000
       32205000	      3219	80001800	0084f0b3	and	x1,x9,x8	  x9:0x00000624  x8:0x3fbb5800  x1=0x00000000
       32215000	      3220	80001804	81990f93	addi	x31,x18,-2023	 x18:0xfffffe25 x31=0xfffff63e
       32225000	      3221	80001808	62622813	slti	x16,x4,1574	  x4:0x00000000 x16=0x00000001
       32235000	      3222	8000180c	004fac33	slt	x24,x31,x4	 x31:0xfffff63e  x4:0x00000000 x24=0x00000001
       32245000	      3223	80001810	04159463	bne	x11,x1,80001858	 x11:0x00000001  x1:0x00000000
       32255000	      3224	00000000	00000013	addi	x0,x0,0	  x0:0x00000000
       32265000	      3225	80001854	00000013	addi	x0,x0,0	  x0:0x00000000
       32275000	      3226	80001858	41b90033	sub	x0,x18,x27	 x18:0xfffffe25 x27:0x00000000
       32285000	      3227	8000185c	00000013	addi	x0,x0,0	  x0:0x00000000
       32295000	      3228	80001860	029d8263	beq	x27,x9,80001884	 x27:0x00000000  x9:0x00000624
       32305000	      3229	80001864	04149463	bne	x9,x1,800018ac	  x9:0x00000624  x1:0x00000000
       32315000	      3230	00000000	00000013	addi	x0,x0,0	  x0:0x00000000
       32325000	      3231	800018a8	00000013	addi	x0,x0,0	  x0:0x00000000
       32335000	      3232	800018ac	eed9a3b7	lui	x7,0xeed9a	  x7=0xeed9a000
       32345000	      3233	800018b0	00964463	blt	x12,x9,800018b8	 x12:0x00000000  x9:0x00000624
       32355000	      3234	00000000	00000013	addi	x0,x0,0	  x0:0x00000000
       32365000	      3235	800018b4	00000013	addi	x0,x0,0	  x0:0x00000000
       32375000	      3236	800018b8	8e99fa13	andi	x20,x19,-1815	 x19:0xffffffee x20=0xfffff8e8
       32385000	      3237	800018bc	df86fa93	andi	x21,x13,-520	 x13:0x00000000 x21=0x00000000
       32395000	      3238	800018c0	010f4fb3	xor	x31,x30,x16	 x30:0xfffffd09 x16:0x00000001 x31=0xfffffd08
       32405000	      3239	800018c4	00412403	lw	x8,4(x2)	  x2:0x80009f4c  x8=0x80000804 PA:0x80009f50
       32415000	      3240	800018c8	03810113	addi	x2,x2,56	  x2:0x80009f4c  x2=0x80009f84
       32425000	      3241	800018cc	012240b3	xor	x1,x4,x18	  x4:0x00000000 x18:0xfffffe25  x1=0xfffffe25
       32435000	      3242	800018d0	016e1513	slli	x10,x28,0x16	 x28:0x00000000 x10=0x00000000
       32445000	      3243	800018d4	41e18b33	sub	x22,x3,x30	  x3:0x80009fd6 x30:0xfffffd09 x22=0x8000a2cd
       32455000	      3244	800018d8	29e92c17	auipc	x24,0x29e92	 x24=0xa9e938d4
       32465000	      3245	800018dc	00040713	addi	x14,x8,0	  x8:0x80000804 x14=0x80000804
       32475000	      3246	800018e0	00070767	jalr	x14,x14,0	 x14:0x80000804 x14=0x800018e0
       32485000	      3247	00000000	00000013	addi	x0,x0,0	  x0:0x00000000
       32495000	      3248	80000804	00000013	addi	x0,x0,0	  x0:0x00000000
       32505000	      3249	80000808	05ed9263	bne	x27,x30,8000084c	 x27:0x00000000 x30:0xfffffd09
       32515000	      3250	00000000	00000013	addi	x0,x0,0	  x0:0x00000000
       32525000	      3251	80000848	00000013	addi	x0,x0,0	  x0:0x00000000
       32535000	      3252	8000084c	01076b33	or	x22,x14,x16	 x14:0x800018e0 x16:0x00000001 x22=0x800018e1
       32545000	      3253	80000850	0004c263	blt	x9,x0,80000854	  x9:0x00000624  x0:0x00000000
       32555000	      3254	80000854	df544613	xori	x12,x8,-523	  x8:0x80000804 x12=0x7ffff5f1
       32565000	      3255	80000858	01b91cb3	sll	x25,x18,x27	 x18:0xfffffe25 x27:0x00000000 x25=0xfffffe25
       32575000	      3256	8000085c	013facb3	slt	x25,x31,x19	 x31:0xfffffd08 x19:0xffffffee x25=0x00000001
       32585000	      3257	80000860	2cf3f413	andi	x8,x7,719	  x7:0xeed9a000  x8=0x00000000
       32595000	      3258	80000864	0f5a4213	xori	x4,x20,245	 x20:0xfffff8e8  x4=0xfffff81d
       32605000	      3259	80000868	0022c463	blt	x5,x2,80000870	  x5:0xf1a00000  x2:0x80009f84
       32615000	      3260	8000086c	00c55713	srli	x14,x10,0xc	 x10:0x00000000 x14=0x00000000
       32625000	      3261	80000870	18b8c393	xori	x7,x17,395	 x17:0x80009fc4  x7=0x80009e4f
       32635000	      3262	80000874	00000697	auipc	x13,0x0	 x13=0x80000870
       32645000	      3263	80000878	00c68693	addi	x13,x13,12	 x13:0x80000870 x13=0x8000087c
       32655000	      3264	8000087c	00068067	jalr	x0,x13,0	 x13:0x8000087c
       32665000	      3265	00000000	00000013	addi	x0,x0,0	  x0:0x00000000
       32675000	      3266	8000087c	00000013	addi	x0,x0,0	  x0:0x00000000
       32685000	      3267	80000880	00100193	addi	x3,x0,1	  x0:0x00000000  x3=0x00000001
       32695000	      3268	80000884	00000073	ecall	
       32705000	      3269	80000888	0138fc33	and	x24,x17,x19	 x17:0x80009fc4 x19:0xffffffee x24=0x80009fc4
