		Time			Cycle	PC		Insn	Decoded instruction	Register and memory contents
          65000	         5	80000004	00000293	addi	x5,x0,0	  x0:0x00000000  x5=0x00000000
          75000	         6	80000008	00000313	addi	x6,x0,0	  x0:0x00000000  x6=0x00000000
          85000	         7	8000000c	00628263	beq	x5,x6,80000010	  x5:0x00000000  x6:0x00000000
          95000	         8	00000000	00000013	addi	x0,x0,0	  x0:0x00000000
         105000	         9	8000000c	00000013	addi	x0,x0,0	  x0:0x00000000
         115000	        10	80000010	00000f17	auipc	x30,0x0	 x30=0x8000000c
         125000	        11	80000014	00cf0f13	addi	x30,x30,12	 x30:0x8000000c x30=0x80000018
         135000	        12	80000018	000f0067	jalr	x0,x30,0	 x30:0x80000018
         145000	        13	00000000	00000013	addi	x0,x0,0	  x0:0x00000000
         155000	        14	80000018	00000013	addi	x0,x0,0	  x0:0x00000000
         165000	        15	8000001c	400004b7	lui	x9,0x40000	  x9=0x40000000
         175000	        16	80000020	10048493	addi	x9,x9,256	  x9:0x40000000  x9=0x40000100
         185000	        17	80000024	00000013	addi	x0,x0,0	  x0:0x00000000
         195000	        18	80000028	0000ad97	auipc	x27,0xa	 x27=0x8000a024
         205000	        19	8000002c	fa0d8d93	addi	x27,x27,-96	 x27:0x8000a024 x27=0x80009fc4
         215000	        20	80000030	00004497	auipc	x9,0x4	  x9=0x8000402c
         225000	        21	80000034	88448493	addi	x9,x9,-1916	  x9:0x8000402c  x9=0x800038b0
         235000	        22	80000038	0014e493	ori	x9,x9,1	  x9:0x800038b0  x9=0x800038b1
         245000	        23	8000003c	00000013	addi	x0,x0,0	  x0:0x00000000
         255000	        24	80000040	00000497	auipc	x9,0x0	  x9=0x8000003c
         265000	        25	80000044	02048493	addi	x9,x9,32	  x9:0x8000003c  x9=0x8000005c
         275000	        26	80000048	00000013	addi	x0,x0,0	  x0:0x00000000
         285000	        27	8000004c	00000013	addi	x0,x0,0	  x0:0x00000000
         295000	        28	80000050	000024b7	lui	x9,0x2	  x9=0x00002000
         305000	        29	80000054	80048493	addi	x9,x9,-2048	  x9:0x00002000  x9=0x00001800
         315000	        30	80000058	00000013	addi	x0,x0,0	  x0:0x00000000
         325000	        31	8000005c	00000013	addi	x0,x0,0	  x0:0x00000000
         335000	        32	80000060	feb52037	lui	x0,0xfeb52	
         345000	        33	80000064	c5800013	addi	x0,x0,-936	  x0:0x00000000
         355000	        34	80000068	00400093	addi	x1,x0,4	  x0:0x00000000  x1=0x00000004
         365000	        35	8000006c	00100113	addi	x2,x0,1	  x0:0x00000000  x2=0x00000001
         375000	        36	80000070	00000193	addi	x3,x0,0	  x0:0x00000000  x3=0x00000000
         385000	        37	80000074	3a4ed237	lui	x4,0x3a4ed	  x4=0x3a4ed000
         395000	        38	80000078	a6820213	addi	x4,x4,-1432	  x4:0x3a4ed000  x4=0x3a4eca68
         405000	        39	8000007c	800002b7	lui	x5,0x80000	  x5=0x80000000
         415000	        40	80000080	800003b7	lui	x7,0x80000	  x7=0x80000000
         425000	        41	80000084	00000413	addi	x8,x0,0	  x0:0x00000000  x8=0x00000000
         435000	        42	80000088	5ee534b7	lui	x9,0x5ee53	  x9=0x5ee53000
         445000	        43	8000008c	6c448493	addi	x9,x9,1732	  x9:0x5ee53000  x9=0x5ee536c4
         455000	        44	80000090	d6a3a537	lui	x10,0xd6a3a	 x10=0xd6a3a000
         465000	        45	80000094	ed950513	addi	x10,x10,-295	 x10:0xd6a3a000 x10=0xd6a39ed9
         475000	        46	80000098	800005b7	lui	x11,0x80000	 x11=0x80000000
         485000	        47	8000009c	00700613	addi	x12,x0,7	  x0:0x00000000 x12=0x00000007
         495000	        48	800000a0	3c2d76b7	lui	x13,0x3c2d7	 x13=0x3c2d7000
         505000	        49	800000a4	8ec68693	addi	x13,x13,-1812	 x13:0x3c2d7000 x13=0x3c2d68ec
         515000	        50	800000a8	00000713	addi	x14,x0,0	  x0:0x00000000 x14=0x00000000
         525000	        51	800000ac	00000793	addi	x15,x0,0	  x0:0x00000000 x15=0x00000000
         535000	        52	800000b0	fe127837	lui	x16,0xfe127	 x16=0xfe127000
         545000	        53	800000b4	bdf80813	addi	x16,x16,-1057	 x16:0xfe127000 x16=0xfe126bdf
         555000	        54	800000b8	00a00893	addi	x17,x0,10	  x0:0x00000000 x17=0x0000000a
         565000	        55	800000bc	00000913	addi	x18,x0,0	  x0:0x00000000 x18=0x00000000
         575000	        56	800000c0	00300993	addi	x19,x0,3	  x0:0x00000000 x19=0x00000003
         585000	        57	800000c4	fdd69a37	lui	x20,0xfdd69	 x20=0xfdd69000
         595000	        58	800000c8	c85a0a13	addi	x20,x20,-891	 x20:0xfdd69000 x20=0xfdd68c85
         605000	        59	800000cc	5bc5aab7	lui	x21,0x5bc5a	 x21=0x5bc5a000
         615000	        60	800000d0	0ffa8a93	addi	x21,x21,255	 x21:0x5bc5a000 x21=0x5bc5a0ff
         625000	        61	800000d4	00000b13	addi	x22,x0,0	  x0:0x00000000 x22=0x00000000
         635000	        62	800000d8	00000b93	addi	x23,x0,0	  x0:0x00000000 x23=0x00000000
         645000	        63	800000dc	00f00c13	addi	x24,x0,15	  x0:0x00000000 x24=0x0000000f
         655000	        64	800000e0	00a00c93	addi	x25,x0,10	  x0:0x00000000 x25=0x0000000a
         665000	        65	800000e4	f5492d37	lui	x26,0xf5492	 x26=0xf5492000
         675000	        66	800000e8	7f7d0d13	addi	x26,x26,2039	 x26:0xf5492000 x26=0xf54927f7
         685000	        67	800000ec	80000e37	lui	x28,0x80000	 x28=0x80000000
         695000	        68	800000f0	5859feb7	lui	x29,0x5859f	 x29=0x5859f000
         705000	        69	800000f4	b9ee8e93	addi	x29,x29,-1122	 x29:0x5859f000 x29=0x5859eb9e
         715000	        70	800000f8	00900f13	addi	x30,x0,9	  x0:0x00000000 x30=0x00000009
         725000	        71	800000fc	00000f93	addi	x31,x0,0	  x0:0x00000000 x31=0x00000000
         735000	        72	80000100	0000a317	auipc	x6,0xa	  x6=0x8000a0fc
         745000	        73	80000104	e8830313	addi	x6,x6,-376	  x6:0x8000a0fc  x6=0x80009f84
         755000	        74	80000108	64827393	andi	x7,x4,1608	  x4:0x3a4eca68  x7=0x00000248
         765000	        75	8000010c	227ea913	slti	x18,x29,551	 x29:0x5859eb9e x18=0x00000000
         775000	        76	80000110	0177d2b3	srl	x5,x15,x23	 x15:0x00000000 x23:0x00000000  x5=0x00000000
         785000	        77	80000114	da044513	xori	x10,x8,-608	  x8:0x00000000 x10=0xfffffda0
         795000	        78	80000118	009d5c33	srl	x24,x26,x9	 x26:0xf54927f7  x9:0x5ee536c4 x24=0x0f54927f
         805000	        79	8000011c	00001f97	auipc	x31,0x1	 x31=0x80001118
         815000	        80	80000120	55cf8f93	addi	x31,x31,1372	 x31:0x80001118 x31=0x80001674
         825000	        81	80000124	009a8733	add	x14,x21,x9	 x21:0x5bc5a0ff  x9:0x5ee536c4 x14=0xbaaad7c3
         835000	        82	80000128	40c95013	srai	x0,x18,0xc	 x18:0x00000000
         845000	        83	8000012c	01d465b3	or	x11,x8,x29	  x8:0x00000000 x29:0x5859eb9e x11=0x5859eb9e
         855000	        84	80000130	01bf9913	slli	x18,x31,0x1b	 x31:0x80001674 x18=0xa0000000
         865000	        85	80000134	d3af8f93	addi	x31,x31,-710	 x31:0x80001674 x31=0x800013ae
         875000	        86	80000138	012df463	bgeu	x27,x18,80000140	 x27:0x80009fc4 x18:0xa0000000
         885000	        87	8000013c	01ac5e13	srli	x28,x24,0x1a	 x24:0x0f54927f x28=0x00000003
         895000	        88	80000140	2c7f80e7	jalr	x1,x31,711	 x31:0x800013ae  x1=0x80000140
         905000	        89	00000000	00000013	addi	x0,x0,0	  x0:0x00000000
         915000	        90	80001674	00000013	addi	x0,x0,0	  x0:0x00000000
         925000	        91	80001678	0111a533	slt	x10,x3,x17	  x3:0x00000000 x17:0x0000000a x10=0x00000001
         935000	        92	8000167c	fd430313	addi	x6,x6,-44	  x6:0x80009f84  x6=0x80009f58
         945000	        93	80001680	99c38897	auipc	x17,0x99c38	 x17=0x19c3967c
         955000	        94	80001684	00132223	sw	x1,4(x6)	  x6:0x80009f58  x1:0x80000140 PA:0x80009f5c
         965000	        95	80001688	4e8d4d13	xori	x26,x26,1256	 x26:0xf54927f7 x26=0xf549231f
         975000	        96	8000168c	00500493	addi	x9,x0,5	  x0:0x00000000  x9=0x00000005
         985000	        97	80001690	640da413	slti	x8,x27,1600	 x27:0x80009fc4  x8=0x00000001
         995000	        98	80001694	00e00c93	addi	x25,x0,14	  x0:0x00000000 x25=0x0000000e
        1005000	        99	80001698	01bbdd13	srli	x26,x23,0x1b	 x23:0x00000000 x26=0x00000000
        1015000	       100	8000169c	a67b7093	andi	x1,x22,-1433	 x22:0x00000000  x1=0x00000000
        1025000	       101	800016a0	c4f8e293	ori	x5,x17,-945	 x17:0x19c3967c  x5=0xfffffe7f
        1035000	       102	800016a4	00948493	addi	x9,x9,9	  x9:0x00000005  x9=0x0000000e
        1045000	       103	800016a8	00aa92b3	sll	x5,x21,x10	 x21:0x5bc5a0ff x10:0x00000001  x5=0xb78b41fe
        1055000	       104	800016ac	40c08533	sub	x10,x1,x12	  x1:0x00000000 x12:0x00000007 x10=0xfffffff9
        1065000	       105	800016b0	40c25e93	srai	x29,x4,0xc	  x4:0x3a4eca68 x29=0x0003a4ec
        1075000	       106	800016b4	36aafa13	andi	x20,x21,874	 x21:0x5bc5a0ff x20=0x0000006a
        1085000	       107	800016b8	007e0bb3	add	x23,x28,x7	 x28:0x00000003  x7:0x00000248 x23=0x0000024b
        1095000	       108	800016bc	00000013	addi	x0,x0,0	  x0:0x00000000
        1105000	       109	800016c0	00f93933	sltu	x18,x18,x15	 x18:0xa0000000 x15:0x00000000 x18=0x00000000
        1115000	       110	800016c4	01a91e93	slli	x29,x18,0x1a	 x18:0x00000000 x29=0x00000000
        1125000	       111	800016c8	da043013	sltiu	x0,x8,-608	  x8:0x00000001
        1135000	       112	800016cc	018e1393	slli	x7,x28,0x18	 x28:0x00000003  x7=0x03000000
        1145000	       113	800016d0	6226ae13	slti	x28,x13,1570	 x13:0x3c2d68ec x28=0x00000000
        1155000	       114	800016d4	40305633	sra	x12,x0,x3	  x0:0x00000000  x3:0x00000000 x12=0x00000000
        1165000	       115	800016d8	00051133	sll	x2,x10,x0	 x10:0xfffffff9  x0:0x00000000  x2=0xfffffff9
        1175000	       116	800016dc	018068b3	or	x17,x0,x24	  x0:0x00000000 x24:0x0f54927f x17=0x0f54927f
        1185000	       117	800016e0	009e11b3	sll	x3,x28,x9	 x28:0x00000000  x9:0x0000000e  x3=0x00000000
        1195000	       118	800016e4	41f906b3	sub	x13,x18,x31	 x18:0x00000000 x31:0x800013ae x13=0x7fffec52
        1205000	       119	800016e8	41a3deb3	sra	x29,x7,x26	  x7:0x03000000 x26:0x00000000 x29=0x03000000
        1215000	       120	800016ec	fb9488e3	beq	x9,x25,8000169c	  x9:0x0000000e x25:0x0000000e
        1225000	       121	00000000	00000013	addi	x0,x0,0	  x0:0x00000000
        1235000	       122	80001698	00000013	addi	x0,x0,0	  x0:0x00000000
        1245000	       123	8000169c	a67b7093	andi	x1,x22,-1433	 x22:0x00000000  x1=0x00000000
        1255000	       124	800016a0	c4f8e293	ori	x5,x17,-945	 x17:0x0f54927f  x5=0xfffffe7f
        1265000	       125	800016a4	00948493	addi	x9,x9,9	  x9:0x0000000e  x9=0x00000017
        1275000	       126	800016a8	00aa92b3	sll	x5,x21,x10	 x21:0x5bc5a0ff x10:0xfffffff9  x5=0xfe000000
        1285000	       127	800016ac	40c08533	sub	x10,x1,x12	  x1:0x00000000 x12:0x00000000 x10=0x00000000
        1295000	       128	800016b0	40c25e93	srai	x29,x4,0xc	  x4:0x3a4eca68 x29=0x0003a4ec
        1305000	       129	800016b4	36aafa13	andi	x20,x21,874	 x21:0x5bc5a0ff x20=0x0000006a
        1315000	       130	800016b8	007e0bb3	add	x23,x28,x7	 x28:0x00000000  x7:0x03000000 x23=0x03000000
        1325000	       131	800016bc	00000013	addi	x0,x0,0	  x0:0x00000000
        1335000	       132	800016c0	00f93933	sltu	x18,x18,x15	 x18:0x00000000 x15:0x00000000 x18=0x00000000
        1345000	       133	800016c4	01a91e93	slli	x29,x18,0x1a	 x18:0x00000000 x29=0x00000000
        1355000	       134	800016c8	da043013	sltiu	x0,x8,-608	  x8:0x00000001
        1365000	       135	800016cc	018e1393	slli	x7,x28,0x18	 x28:0x00000000  x7=0x00000000
        1375000	       136	800016d0	6226ae13	slti	x28,x13,1570	 x13:0x7fffec52 x28=0x00000000
        1385000	       137	800016d4	40305633	sra	x12,x0,x3	  x0:0x00000000  x3:0x00000000 x12=0x00000000
        1395000	       138	800016d8	00051133	sll	x2,x10,x0	 x10:0x00000000  x0:0x00000000  x2=0x00000000
        1405000	       139	800016dc	018068b3	or	x17,x0,x24	  x0:0x00000000 x24:0x0f54927f x17=0x0f54927f
        1415000	       140	800016e0	009e11b3	sll	x3,x28,x9	 x28:0x00000000  x9:0x00000017  x3=0x00000000
        1425000	       141	800016e4	41f906b3	sub	x13,x18,x31	 x18:0x00000000 x31:0x800013ae x13=0x7fffec52
        1435000	       142	800016e8	41a3deb3	sra	x29,x7,x26	  x7:0x00000000 x26:0x00000000 x29=0x00000000
        1445000	       143	800016ec	fb9488e3	beq	x9,x25,8000169c	  x9:0x00000017 x25:0x0000000e
        1455000	       144	800016f0	0150d233	srl	x4,x1,x21	  x1:0x00000000 x21:0x5bc5a0ff  x4=0x00000000
        1465000	       145	800016f4	ffd00813	addi	x16,x0,-3	  x0:0x00000000 x16=0xfffffffd
        1475000	       146	800016f8	017a99b3	sll	x19,x21,x23	 x21:0x5bc5a0ff x23:0x03000000 x19=0x5bc5a0ff
        1485000	       147	800016fc	fcef8413	addi	x8,x31,-50	 x31:0x800013ae  x8=0x8000137c
        1495000	       148	80001700	2e29bc93	sltiu	x25,x19,738	 x19:0x5bc5a0ff x25=0x00000000
        1505000	       149	80001704	ff500a13	addi	x20,x0,-11	  x0:0x00000000 x20=0xfffffff5
        1515000	       150	80001708	d037d1b7	lui	x3,0xd037d	  x3=0xd037d000
        1525000	       151	8000170c	409ad913	srai	x18,x21,0x9	 x21:0x5bc5a0ff x18=0x002de2d0
        1535000	       152	80001710	01a98733	add	x14,x19,x26	 x19:0x5bc5a0ff x26:0x00000000 x14=0x5bc5a0ff
        1545000	       153	80001714	41fc05b3	sub	x11,x24,x31	 x24:0x0f54927f x31:0x800013ae x11=0x8f547ed1
        1555000	       154	80001718	40dad3b3	sra	x7,x21,x13	 x21:0x5bc5a0ff x13:0x7fffec52  x7=0x000016f1
        1565000	       155	8000171c	0079a1b3	slt	x3,x19,x7	 x19:0x5bc5a0ff  x7:0x000016f1  x3=0x00000000
        1575000	       156	80001720	ffc80813	addi	x16,x16,-4	 x16:0xfffffffd x16=0xfffffff9
        1585000	       157	80001724	54243b93	sltiu	x23,x8,1346	  x8:0x8000137c x23=0x00000000
        1595000	       158	80001728	06453e93	sltiu	x29,x10,100	 x10:0x00000000 x29=0x00000001
        1605000	       159	8000172c	00398d33	add	x26,x19,x3	 x19:0x5bc5a0ff  x3:0x00000000 x26=0x5bc5a0ff
        1615000	       160	80001730	01a45e93	srli	x29,x8,0x1a	  x8:0x8000137c x29=0x00000020
        1625000	       161	80001734	03f63693	sltiu	x13,x12,63	 x12:0x00000000 x13=0x00000001
        1635000	       162	80001738	00b7e533	or	x10,x15,x11	 x15:0x00000000 x11:0x8f547ed1 x10=0x8f547ed1
        1645000	       163	8000173c	bf12f493	andi	x9,x5,-1039	  x5:0xfe000000  x9=0xfe000000
        1655000	       164	80001740	0137b033	sltu	x0,x15,x19	 x15:0x00000000 x19:0x5bc5a0ff
        1665000	       165	80001744	fd4808e3	beq	x16,x20,80001714	 x16:0xfffffff9 x20:0xfffffff5
        1675000	       166	80001748	000497b3	sll	x15,x9,x0	  x9:0xfe000000  x0:0x00000000 x15=0xfe000000
        1685000	       167	8000174c	00500f93	addi	x31,x0,5	  x0:0x00000000 x31=0x00000005
        1695000	       168	80001750	00a00b93	addi	x23,x0,10	  x0:0x00000000 x23=0x0000000a
        1705000	       169	80001754	41fa8d33	sub	x26,x21,x31	 x21:0x5bc5a0ff x31:0x00000005 x26=0x5bc5a0fa
        1715000	       170	80001758	00000013	addi	x0,x0,0	  x0:0x00000000
        1725000	       171	8000175c	001f8f93	addi	x31,x31,1	 x31:0x00000005 x31=0x00000006
        1735000	       172	80001760	ff600993	addi	x19,x0,-10	  x0:0x00000000 x19=0xfffffff6
        1745000	       173	80001764	402c5893	srai	x17,x24,0x2	 x24:0x0f54927f x17=0x03d5249f
        1755000	       174	80001768	00900613	addi	x12,x0,9	  x0:0x00000000 x12=0x00000009
        1765000	       175	8000176c	243ec393	xori	x7,x29,579	 x29:0x00000020  x7=0x00000263
        1775000	       176	80001770	405f5413	srai	x8,x30,0x5	 x30:0x00000009  x8=0x00000000
        1785000	       177	80001774	00498993	addi	x19,x19,4	 x19:0xfffffff6 x19=0xfffffffa
        1795000	       178	80001778	fec9eae3	bltu	x19,x12,8000176c	 x19:0xfffffffa x12:0x00000009
        1805000	       179	8000177c	007d18b3	sll	x17,x26,x7	 x26:0x5bc5a0fa  x7:0x00000263 x17=0xde2d07d0
        1815000	       180	80001780	deaac093	xori	x1,x21,-534	 x21:0x5bc5a0ff  x1=0xa43a5d15
        1825000	       181	80001784	fd7f9ae3	bne	x31,x23,80001758	 x31:0x00000006 x23:0x0000000a
        1835000	       182	00000000	00000013	addi	x0,x0,0	  x0:0x00000000
        1845000	       183	80001754	00000013	addi	x0,x0,0	  x0:0x00000000
        1855000	       184	80001758	00000013	addi	x0,x0,0	  x0:0x00000000
        1865000	       185	8000175c	001f8f93	addi	x31,x31,1	 x31:0x00000006 x31=0x00000007
        1875000	       186	80001760	ff600993	addi	x19,x0,-10	  x0:0x00000000 x19=0xfffffff6
        1885000	       187	80001764	402c5893	srai	x17,x24,0x2	 x24:0x0f54927f x17=0x03d5249f
        1895000	       188	80001768	00900613	addi	x12,x0,9	  x0:0x00000000 x12=0x00000009
        1905000	       189	8000176c	243ec393	xori	x7,x29,579	 x29:0x00000020  x7=0x00000263
        1915000	       190	80001770	405f5413	srai	x8,x30,0x5	 x30:0x00000009  x8=0x00000000
        1925000	       191	80001774	00498993	addi	x19,x19,4	 x19:0xfffffff6 x19=0xfffffffa
        1935000	       192	80001778	fec9eae3	bltu	x19,x12,8000176c	 x19:0xfffffffa x12:0x00000009
        1945000	       193	8000177c	007d18b3	sll	x17,x26,x7	 x26:0x5bc5a0fa  x7:0x00000263 x17=0xde2d07d0
        1955000	       194	80001780	deaac093	xori	x1,x21,-534	 x21:0x5bc5a0ff  x1=0xa43a5d15
        1965000	       195	80001784	fd7f9ae3	bne	x31,x23,80001758	 x31:0x00000007 x23:0x0000000a
        1975000	       196	00000000	00000013	addi	x0,x0,0	  x0:0x00000000
        1985000	       197	80001754	00000013	addi	x0,x0,0	  x0:0x00000000
        1995000	       198	80001758	00000013	addi	x0,x0,0	  x0:0x00000000
        2005000	       199	8000175c	001f8f93	addi	x31,x31,1	 x31:0x00000007 x31=0x00000008
        2015000	       200	80001760	ff600993	addi	x19,x0,-10	  x0:0x00000000 x19=0xfffffff6
        2025000	       201	80001764	402c5893	srai	x17,x24,0x2	 x24:0x0f54927f x17=0x03d5249f
        2035000	       202	80001768	00900613	addi	x12,x0,9	  x0:0x00000000 x12=0x00000009
        2045000	       203	8000176c	243ec393	xori	x7,x29,579	 x29:0x00000020  x7=0x00000263
        2055000	       204	80001770	405f5413	srai	x8,x30,0x5	 x30:0x00000009  x8=0x00000000
        2065000	       205	80001774	00498993	addi	x19,x19,4	 x19:0xfffffff6 x19=0xfffffffa
        2075000	       206	80001778	fec9eae3	bltu	x19,x12,8000176c	 x19:0xfffffffa x12:0x00000009
        2085000	       207	8000177c	007d18b3	sll	x17,x26,x7	 x26:0x5bc5a0fa  x7:0x00000263 x17=0xde2d07d0
        2095000	       208	80001780	deaac093	xori	x1,x21,-534	 x21:0x5bc5a0ff  x1=0xa43a5d15
        2105000	       209	80001784	fd7f9ae3	bne	x31,x23,80001758	 x31:0x00000008 x23:0x0000000a
        2115000	       210	00000000	00000013	addi	x0,x0,0	  x0:0x00000000
        2125000	       211	80001754	00000013	addi	x0,x0,0	  x0:0x00000000
        2135000	       212	80001758	00000013	addi	x0,x0,0	  x0:0x00000000
        2145000	       213	8000175c	001f8f93	addi	x31,x31,1	 x31:0x00000008 x31=0x00000009
        2155000	       214	80001760	ff600993	addi	x19,x0,-10	  x0:0x00000000 x19=0xfffffff6
        2165000	       215	80001764	402c5893	srai	x17,x24,0x2	 x24:0x0f54927f x17=0x03d5249f
        2175000	       216	80001768	00900613	addi	x12,x0,9	  x0:0x00000000 x12=0x00000009
        2185000	       217	8000176c	243ec393	xori	x7,x29,579	 x29:0x00000020  x7=0x00000263
        2195000	       218	80001770	405f5413	srai	x8,x30,0x5	 x30:0x00000009  x8=0x00000000
        2205000	       219	80001774	00498993	addi	x19,x19,4	 x19:0xfffffff6 x19=0xfffffffa
        2215000	       220	80001778	fec9eae3	bltu	x19,x12,8000176c	 x19:0xfffffffa x12:0x00000009
        2225000	       221	8000177c	007d18b3	sll	x17,x26,x7	 x26:0x5bc5a0fa  x7:0x00000263 x17=0xde2d07d0
        2235000	       222	80001780	deaac093	xori	x1,x21,-534	 x21:0x5bc5a0ff  x1=0xa43a5d15
        2245000	       223	80001784	fd7f9ae3	bne	x31,x23,80001758	 x31:0x00000009 x23:0x0000000a
        2255000	       224	00000000	00000013	addi	x0,x0,0	  x0:0x00000000
        2265000	       225	80001754	00000013	addi	x0,x0,0	  x0:0x00000000
        2275000	       226	80001758	00000013	addi	x0,x0,0	  x0:0x00000000
        2285000	       227	8000175c	001f8f93	addi	x31,x31,1	 x31:0x00000009 x31=0x0000000a
        2295000	       228	80001760	ff600993	addi	x19,x0,-10	  x0:0x00000000 x19=0xfffffff6
        2305000	       229	80001764	402c5893	srai	x17,x24,0x2	 x24:0x0f54927f x17=0x03d5249f
        2315000	       230	80001768	00900613	addi	x12,x0,9	  x0:0x00000000 x12=0x00000009
        2325000	       231	8000176c	243ec393	xori	x7,x29,579	 x29:0x00000020  x7=0x00000263
        2335000	       232	80001770	405f5413	srai	x8,x30,0x5	 x30:0x00000009  x8=0x00000000
        2345000	       233	80001774	00498993	addi	x19,x19,4	 x19:0xfffffff6 x19=0xfffffffa
        2355000	       234	80001778	fec9eae3	bltu	x19,x12,8000176c	 x19:0xfffffffa x12:0x00000009
        2365000	       235	8000177c	007d18b3	sll	x17,x26,x7	 x26:0x5bc5a0fa  x7:0x00000263 x17=0xde2d07d0
        2375000	       236	80001780	deaac093	xori	x1,x21,-534	 x21:0x5bc5a0ff  x1=0xa43a5d15
        2385000	       237	80001784	fd7f9ae3	bne	x31,x23,80001758	 x31:0x0000000a x23:0x0000000a
        2395000	       238	80001788	00981b33	sll	x22,x16,x9	 x16:0xfffffff9  x9:0xfe000000 x22=0xfffffff9
        2405000	       239	8000178c	04dd0463	beq	x26,x13,800017d4	 x26:0x5bc5a0fa x13:0x00000001
        2415000	       240	80001790	41d3d893	srai	x17,x7,0x1d	  x7:0x00000263 x17=0x00000000
        2425000	       241	80001794	1aff5e97	auipc	x29,0x1aff5	 x29=0x9aff6790
        2435000	       242	80001798	03836a63	bltu	x6,x24,800017cc	  x6:0x80009f58 x24:0x0f54927f
        2445000	       243	8000179c	00cc2433	slt	x8,x24,x12	 x24:0x0f54927f x12:0x00000009  x8=0x00000000
        2455000	       244	800017a0	016c6a33	or	x20,x24,x22	 x24:0x0f54927f x22:0xfffffff9 x20=0xffffffff
        2465000	       245	800017a4	01fea233	slt	x4,x29,x31	 x29:0x9aff6790 x31:0x0000000a  x4=0x00000001
        2475000	       246	800017a8	60f2f213	andi	x4,x5,1551	  x5:0xfe000000  x4=0x00000000
        2485000	       247	800017ac	01d68eb3	add	x29,x13,x29	 x13:0x00000001 x29:0x9aff6790 x29=0x9aff6791
        2495000	       248	800017b0	018493b3	sll	x7,x9,x24	  x9:0xfe000000 x24:0x0f54927f  x7=0x00000000
        2505000	       249	800017b4	02a17c63	bgeu	x2,x10,800017ec	  x2:0x00000000 x10:0x8f547ed1
        2515000	       250	800017b8	01289e63	bne	x17,x18,800017d4	 x17:0x00000000 x18:0x002de2d0
        2525000	       251	00000000	00000013	addi	x0,x0,0	  x0:0x00000000
        2535000	       252	800017d0	00000013	addi	x0,x0,0	  x0:0x00000000
        2545000	       253	800017d4	00931413	slli	x8,x6,0x9	  x6:0x80009f58  x8=0x013eb000
        2555000	       254	800017d8	00939c63	bne	x7,x9,800017f0	  x7:0x00000000  x9:0xfe000000
        2565000	       255	00000000	00000013	addi	x0,x0,0	  x0:0x00000000
        2575000	       256	800017ec	00000013	addi	x0,x0,0	  x0:0x00000000
        2585000	       257	800017f0	127ae993	ori	x19,x21,295	 x21:0x5bc5a0ff x19=0x5bc5a1ff
        2595000	       258	800017f4	0170a9b3	slt	x19,x1,x23	  x1:0xa43a5d15 x23:0x0000000a x19=0x00000001
        2605000	       259	800017f8	00a54c63	blt	x10,x10,80001810	 x10:0x8f547ed1 x10:0x8f547ed1
        2615000	       260	800017fc	00a35e13	srli	x28,x6,0xa	  x6:0x80009f58 x28=0x00200027
        2625000	       261	80001800	0084e933	or	x18,x9,x8	  x9:0xfe000000  x8:0x013eb000 x18=0xff3eb000
        2635000	       262	80001804	00a61d13	slli	x26,x12,0xa	 x12:0x00000009 x26=0x00002400
        2645000	       263	80001808	00d4aab3	slt	x21,x9,x13	  x9:0xfe000000 x13:0x00000001 x21=0x00000001
        2655000	       264	8000180c	01115933	srl	x18,x2,x17	  x2:0x00000000 x17:0x00000000 x18=0x00000000
        2665000	       265	80001810	04131663	bne	x6,x1,8000185c	  x6:0x80009f58  x1:0xa43a5d15
        2675000	       266	00000000	00000013	addi	x0,x0,0	  x0:0x00000000
        2685000	       267	80001858	00000013	addi	x0,x0,0	  x0:0x00000000
        2695000	       268	8000185c	00156263	bltu	x10,x1,80001860	 x10:0x8f547ed1  x1:0xa43a5d15
        2705000	       269	00000000	00000013	addi	x0,x0,0	  x0:0x00000000
        2715000	       270	8000185c	00000013	addi	x0,x0,0	  x0:0x00000000
        2725000	       271	80001860	01608833	add	x16,x1,x22	  x1:0xa43a5d15 x22:0xfffffff9 x16=0xa43a5d0e
        2735000	       272	80001864	8ab0cc93	xori	x25,x1,-1877	  x1:0xa43a5d15 x25=0x5bc5a5be
        2745000	       273	80001868	01b300b3	add	x1,x6,x27	  x6:0x80009f58 x27:0x80009fc4  x1=0x00013f1c
        2755000	       274	8000186c	0177d633	srl	x12,x15,x23	 x15:0xfe000000 x23:0x0000000a x12=0x003f8000
        2765000	       275	80001870	01a7a733	slt	x14,x15,x26	 x15:0xfe000000 x26:0x00002400 x14=0x00000001
        2775000	       276	80001874	a9744713	xori	x14,x8,-1385	  x8:0x013eb000 x14=0xfec14a97
        2785000	       277	80001878	01a4b5b3	sltu	x11,x9,x26	  x9:0xfe000000 x26:0x00002400 x11=0x00000000
        2795000	       278	8000187c	05d8c663	blt	x17,x29,800018c8	 x17:0x00000000 x29:0x9aff6791
        2805000	       279	80001880	007c4c33	xor	x24,x24,x7	 x24:0x0f54927f  x7:0x00000000 x24=0x0f54927f
        2815000	       280	80001884	26ed0f93	addi	x31,x26,622	 x26:0x00002400 x31=0x0000266e
        2825000	       281	80001888	f811c113	xori	x2,x3,-127	  x3:0x00000000  x2=0xffffff81
        2835000	       282	8000188c	00998533	add	x10,x19,x9	 x19:0x00000001  x9:0xfe000000 x10=0xfe000001
        2845000	       283	80001890	03d17063	bgeu	x2,x29,800018b0	  x2:0xffffff81 x29:0x9aff6791
        2855000	       284	00000000	00000013	addi	x0,x0,0	  x0:0x00000000
        2865000	       285	800018ac	00000013	addi	x0,x0,0	  x0:0x00000000
        2875000	       286	800018b0	01ab8033	add	x0,x23,x26	 x23:0x0000000a x26:0x00002400
        2885000	       287	800018b4	fbdd4f93	xori	x31,x26,-67	 x26:0x00002400 x31=0xffffdbbd
        2895000	       288	800018b8	c91b93b7	lui	x7,0xc91b9	  x7=0xc91b9000
        2905000	       289	800018bc	01981c63	bne	x16,x25,800018d4	 x16:0xa43a5d0e x25:0x5bc5a5be
        2915000	       290	00000000	00000013	addi	x0,x0,0	  x0:0x00000000
        2925000	       291	800018d0	00000013	addi	x0,x0,0	  x0:0x00000000
        2935000	       292	800018d4	01ae1013	slli	x0,x28,0x1a	 x28:0x00200027
        2945000	       293	800018d8	001ecc63	blt	x29,x1,800018f0	 x29:0x9aff6791  x1:0x00013f1c
        2955000	       294	00000000	00000013	addi	x0,x0,0	  x0:0x00000000
        2965000	       295	800018ec	00000013	addi	x0,x0,0	  x0:0x00000000
        2975000	       296	800018f0	03fdea17	auipc	x20,0x3fde	 x20=0x83fdf8ec
        2985000	       297	800018f4	0141d863	bge	x3,x20,80001904	  x3:0x00000000 x20:0x83fdf8ec
        2995000	       298	00000000	00000013	addi	x0,x0,0	  x0:0x00000000
        3005000	       299	80001900	00000013	addi	x0,x0,0	  x0:0x00000000
        3015000	       300	80001904	038e1c63	bne	x28,x24,8000193c	 x28:0x00200027 x24:0x0f54927f
        3025000	       301	00000000	00000013	addi	x0,x0,0	  x0:0x00000000
        3035000	       302	80001938	00000013	addi	x0,x0,0	  x0:0x00000000
        3045000	       303	8000193c	65046b93	ori	x23,x8,1616	  x8:0x013eb000 x23=0x013eb650
        3055000	       304	80001940	41f0dab3	sra	x21,x1,x31	  x1:0x00013f1c x31:0xffffdbbd x21=0x00000000
        3065000	       305	80001944	5c2ba193	slti	x3,x23,1474	 x23:0x013eb650  x3=0x00000000
        3075000	       306	80001948	5484b793	sltiu	x15,x9,1352	  x9:0xfe000000 x15=0x00000000
        3085000	       307	8000194c	415a8133	sub	x2,x21,x21	 x21:0x00000000 x21:0x00000000  x2=0x00000000
        3095000	       308	80001950	0077ec63	bltu	x15,x7,80001968	 x15:0x00000000  x7:0xc91b9000
        3105000	       309	00000000	00000013	addi	x0,x0,0	  x0:0x00000000
        3115000	       310	80001964	00000013	addi	x0,x0,0	  x0:0x00000000
        3125000	       311	80001968	40a9d1b3	sra	x3,x19,x10	 x19:0x00000001 x10:0xfe000001  x3=0x00000000
        3135000	       312	8000196c	41a785b3	sub	x11,x15,x26	 x15:0x00000000 x26:0x00002400 x11=0xffffdc00
        3145000	       313	80001970	013ec463	blt	x29,x19,80001978	 x29:0x9aff6791 x19:0x00000001
        3155000	       314	00000000	00000013	addi	x0,x0,0	  x0:0x00000000
        3165000	       315	80001974	00000013	addi	x0,x0,0	  x0:0x00000000
        3175000	       316	80001978	00569c63	bne	x13,x5,80001990	 x13:0x00000001  x5:0xfe000000
        3185000	       317	00000000	00000013	addi	x0,x0,0	  x0:0x00000000
        3195000	       318	8000198c	00000013	addi	x0,x0,0	  x0:0x00000000
        3205000	       319	80001990	f990e593	ori	x11,x1,-103	  x1:0x00013f1c x11=0xffffff9d
        3215000	       320	80001994	e648f893	andi	x17,x17,-412	 x17:0x00000000 x17=0x00000000
        3225000	       321	80001998	01300c63	beq	x0,x19,800019b0	  x0:0x00000000 x19:0x00000001
        3235000	       322	8000199c	1ee8bd13	sltiu	x26,x17,494	 x17:0x00000000 x26=0x00000001
        3245000	       323	800019a0	005e6133	or	x2,x28,x5	 x28:0x00200027  x5:0xfe000000  x2=0xfe200027
        3255000	       324	800019a4	011b7a33	and	x20,x22,x17	 x22:0xfffffff9 x17:0x00000000 x20=0x00000000
        3265000	       325	800019a8	00000013	addi	x0,x0,0	  x0:0x00000000
        3275000	       326	800019ac	02dd8063	beq	x27,x13,800019cc	 x27:0x80009fc4 x13:0x00000001
        3285000	       327	800019b0	f99cb213	sltiu	x4,x25,-103	 x25:0x5bc5a5be  x4=0x00000001
        3295000	       328	800019b4	01355863	bge	x10,x19,800019c4	 x10:0xfe000001 x19:0x00000001
        3305000	       329	800019b8	03535063	bge	x6,x21,800019d8	  x6:0x80009f58 x21:0x00000000
        3315000	       330	800019bc	01f263b3	or	x7,x4,x31	  x4:0x00000001 x31:0xffffdbbd  x7=0xffffdbbd
        3325000	       331	800019c0	01f91263	bne	x18,x31,800019c4	 x18:0x00000000 x31:0xffffdbbd
        3335000	       332	00000000	00000013	addi	x0,x0,0	  x0:0x00000000
        3345000	       333	800019c0	00000013	addi	x0,x0,0	  x0:0x00000000
        3355000	       334	800019c4	634fe5b7	lui	x11,0x634fe	 x11=0x634fe000
        3365000	       335	800019c8	b3b2a693	slti	x13,x5,-1221	  x5:0xfe000000 x13=0x00000001
        3375000	       336	800019cc	00811913	slli	x18,x2,0x8	  x2:0xfe200027 x18=0x20002700
        3385000	       337	800019d0	0082fc33	and	x24,x5,x8	  x5:0xfe000000  x8:0x013eb000 x24=0x00000000
        3395000	       338	800019d4	aa3d0893	addi	x17,x26,-1373	 x26:0x00000001 x17=0xfffffaa4
        3405000	       339	800019d8	01399393	slli	x7,x19,0x13	 x19:0x00000001  x7=0x00080000
        3415000	       340	800019dc	007e0bb3	add	x23,x28,x7	 x28:0x00200027  x7:0x00080000 x23=0x00280027
        3425000	       341	800019e0	06894663	blt	x18,x8,80001a4c	 x18:0x20002700  x8:0x013eb000
        3435000	       342	800019e4	01871bb3	sll	x23,x14,x24	 x14:0xfec14a97 x24:0x00000000 x23=0xfec14a97
        3445000	       343	800019e8	00dd68b3	or	x17,x26,x13	 x26:0x00000001 x13:0x00000001 x17=0x00000001
        3455000	       344	800019ec	30042393	slti	x7,x8,768	  x8:0x013eb000  x7=0x00000000
        3465000	       345	800019f0	cb086913	ori	x18,x16,-848	 x16:0xa43a5d0e x18=0xfffffdbe
        3475000	       346	800019f4	000e78b3	and	x17,x28,x0	 x28:0x00200027  x0:0x00000000 x17=0x00000000
        3485000	       347	800019f8	01ad9733	sll	x14,x27,x26	 x27:0x80009fc4 x26:0x00000001 x14=0x00013f88
        3495000	       348	800019fc	958b2913	slti	x18,x22,-1704	 x22:0xfffffff9 x18=0x00000000
        3505000	       349	80001a00	0117dd13	srli	x26,x15,0x11	 x15:0x00000000 x26=0x00000000
        3515000	       350	80001a04	00146a63	bltu	x8,x1,80001a18	  x8:0x013eb000  x1:0x00013f1c
        3525000	       351	80001a08	00000013	addi	x0,x0,0	  x0:0x00000000
        3535000	       352	80001a0c	4c5ff993	andi	x19,x31,1221	 x31:0xffffdbbd x19=0x00000085
        3545000	       353	80001a10	019cf5b3	and	x11,x25,x25	 x25:0x5bc5a5be x25:0x5bc5a5be x11=0x5bc5a5be
        3555000	       354	80001a14	00d441b3	xor	x3,x8,x13	  x8:0x013eb000 x13:0x00000001  x3=0x013eb001
        3565000	       355	80001a18	a88ff0ef	jal	x1,80001a18	  x1=0x80001a18
        3575000	       356	00000000	00000013	addi	x0,x0,0	  x0:0x00000000
        3585000	       357	80000c9c	00000013	addi	x0,x0,0	  x0:0x00000000
        3595000	       358	80000ca0	01535663	bge	x6,x21,80000cac	  x6:0x80009f58 x21:0x00000000
        3605000	       359	80000ca4	005ef633	and	x12,x29,x5	 x29:0x9aff6791  x5:0xfe000000 x12=0x9a000000
        3615000	       360	80000ca8	40005fb3	sra	x31,x0,x0	  x0:0x00000000  x0:0x00000000 x31=0x00000000
        3625000	       361	80000cac	fcc30313	addi	x6,x6,-52	  x6:0x80009f58  x6=0x80009f24
        3635000	       362	80000cb0	00f85393	srli	x7,x16,0xf	 x16:0xa43a5d0e  x7=0x00014874
        3645000	       363	80000cb4	40c0d613	srai	x12,x1,0xc	  x1:0x80001a18 x12=0xfff80001
        3655000	       364	80000cb8	00132223	sw	x1,4(x6)	  x6:0x80009f24  x1:0x80001a18 PA:0x80009f28
        3665000	       365	80000cbc	00bf38b3	sltu	x17,x30,x11	 x30:0x00000009 x11:0x5bc5a5be x17=0x00000001
        3675000	       366	80000cc0	0e2af217	auipc	x4,0xe2af	  x4=0x8e2afcbc
        3685000	       367	80000cc4	00400693	addi	x13,x0,4	  x0:0x00000000 x13=0x00000004
        3695000	       368	80000cc8	01000a93	addi	x21,x0,16	  x0:0x00000000 x21=0x00000010
        3705000	       369	80000ccc	00bc0433	add	x8,x24,x11	 x24:0x00000000 x11:0x5bc5a5be  x8=0x5bc5a5be
        3715000	       370	80000cd0	82400213	addi	x4,x0,-2012	  x0:0x00000000  x4=0xfffff824
        3725000	       371	80000cd4	ad7f3593	sltiu	x11,x30,-1321	 x30:0x00000009 x11=0x00000001
        3735000	       372	80000cd8	40ce53b3	sra	x7,x28,x12	 x28:0x00200027 x12:0xfff80001  x7=0x00100013
        3745000	       373	80000cdc	8304a513	slti	x10,x9,-2000	  x9:0xfe000000 x10=0x00000001
        3755000	       374	80000ce0	4012d493	srai	x9,x5,0x1	  x5:0xfe000000  x9=0xff000000
        3765000	       375	80000ce4	55b62a13	slti	x20,x12,1371	 x12:0xfff80001 x20=0x00000001
        3775000	       376	80000ce8	00768693	addi	x13,x13,7	 x13:0x00000004 x13=0x0000000b
        3785000	       377	80000cec	404c8233	sub	x4,x25,x4	 x25:0x5bc5a5be  x4:0xfffff824  x4=0x5bc5ad9a
        3795000	       378	80000cf0	38dd6b93	ori	x23,x26,909	 x26:0x00000000 x23=0x0000038d
        3805000	       379	80000cf4	00000013	addi	x0,x0,0	  x0:0x00000000
        3815000	       380	80000cf8	00100793	addi	x15,x0,1	  x0:0x00000000 x15=0x00000001
        3825000	       381	80000cfc	00355b93	srli	x23,x10,0x3	 x10:0x00000001 x23=0x00000000
        3835000	       382	80000d00	0154d013	srli	x0,x9,0x15	  x9:0xff000000
        3845000	       383	80000d04	ffd00e13	addi	x28,x0,-3	  x0:0x00000000 x28=0xfffffffd
        3855000	       384	80000d08	01094cb3	xor	x25,x18,x16	 x18:0x00000000 x16:0xa43a5d0e x25=0xa43a5d0e
        3865000	       385	80000d0c	00489a33	sll	x20,x17,x4	 x17:0x00000001  x4:0x5bc5ad9a x20=0x04000000
        3875000	       386	80000d10	01eea4b3	slt	x9,x29,x30	 x29:0x9aff6791 x30:0x00000009  x9=0x00000001
        3885000	       387	80000d14	018c99b3	sll	x19,x25,x24	 x25:0xa43a5d0e x24:0x00000000 x19=0xa43a5d0e
        3895000	       388	80000d18	ffe78793	addi	x15,x15,-2	 x15:0x00000001 x15=0xffffffff
        3905000	       389	80000d1c	00000013	addi	x0,x0,0	  x0:0x00000000
        3915000	       390	80000d20	ffc798e3	bne	x15,x28,80000d10	 x15:0xffffffff x28:0xfffffffd
        3925000	       391	00000000	00000013	addi	x0,x0,0	  x0:0x00000000
        3935000	       392	80000d0c	00000013	addi	x0,x0,0	  x0:0x00000000
        3945000	       393	80000d10	01eea4b3	slt	x9,x29,x30	 x29:0x9aff6791 x30:0x00000009  x9=0x00000001
        3955000	       394	80000d14	018c99b3	sll	x19,x25,x24	 x25:0xa43a5d0e x24:0x00000000 x19=0xa43a5d0e
        3965000	       395	80000d18	ffe78793	addi	x15,x15,-2	 x15:0xffffffff x15=0xfffffffd
        3975000	       396	80000d1c	00000013	addi	x0,x0,0	  x0:0x00000000
        3985000	       397	80000d20	ffc798e3	bne	x15,x28,80000d10	 x15:0xfffffffd x28:0xfffffffd
        3995000	       398	80000d24	01c1bbb3	sltu	x23,x3,x28	  x3:0x013eb001 x28:0xfffffffd x23=0x00000001
        4005000	       399	80000d28	404cdc93	srai	x25,x25,0x4	 x25:0xa43a5d0e x25=0xfa43a5d0
        4015000	       400	80000d2c	0129ad33	slt	x26,x19,x18	 x19:0xa43a5d0e x18:0x00000000 x26=0x00000001
        4025000	       401	80000d30	00000013	addi	x0,x0,0	  x0:0x00000000
        4035000	       402	80000d34	fb56c4e3	blt	x13,x21,80000cdc	 x13:0x0000000b x21:0x00000010
        4045000	       403	00000000	00000013	addi	x0,x0,0	  x0:0x00000000
        4055000	       404	80000cd8	00000013	addi	x0,x0,0	  x0:0x00000000
        4065000	       405	80000cdc	8304a513	slti	x10,x9,-2000	  x9:0x00000001 x10=0x00000000
        4075000	       406	80000ce0	4012d493	srai	x9,x5,0x1	  x5:0xfe000000  x9=0xff000000
        4085000	       407	80000ce4	55b62a13	slti	x20,x12,1371	 x12:0xfff80001 x20=0x00000001
        4095000	       408	80000ce8	00768693	addi	x13,x13,7	 x13:0x0000000b x13=0x00000012
        4105000	       409	80000cec	404c8233	sub	x4,x25,x4	 x25:0xfa43a5d0  x4:0x5bc5ad9a  x4=0x9e7df836
        4115000	       410	80000cf0	38dd6b93	ori	x23,x26,909	 x26:0x00000001 x23=0x0000038d
        4125000	       411	80000cf4	00000013	addi	x0,x0,0	  x0:0x00000000
        4135000	       412	80000cf8	00100793	addi	x15,x0,1	  x0:0x00000000 x15=0x00000001
        4145000	       413	80000cfc	00355b93	srli	x23,x10,0x3	 x10:0x00000000 x23=0x00000000
        4155000	       414	80000d00	0154d013	srli	x0,x9,0x15	  x9:0xff000000
        4165000	       415	80000d04	ffd00e13	addi	x28,x0,-3	  x0:0x00000000 x28=0xfffffffd
        4175000	       416	80000d08	01094cb3	xor	x25,x18,x16	 x18:0x00000000 x16:0xa43a5d0e x25=0xa43a5d0e
        4185000	       417	80000d0c	00489a33	sll	x20,x17,x4	 x17:0x00000001  x4:0x9e7df836 x20=0x00400000
        4195000	       418	80000d10	01eea4b3	slt	x9,x29,x30	 x29:0x9aff6791 x30:0x00000009  x9=0x00000001
        4205000	       419	80000d14	018c99b3	sll	x19,x25,x24	 x25:0xa43a5d0e x24:0x00000000 x19=0xa43a5d0e
        4215000	       420	80000d18	ffe78793	addi	x15,x15,-2	 x15:0x00000001 x15=0xffffffff
        4225000	       421	80000d1c	00000013	addi	x0,x0,0	  x0:0x00000000
        4235000	       422	80000d20	ffc798e3	bne	x15,x28,80000d10	 x15:0xffffffff x28:0xfffffffd
        4245000	       423	00000000	00000013	addi	x0,x0,0	  x0:0x00000000
        4255000	       424	80000d0c	00000013	addi	x0,x0,0	  x0:0x00000000
        4265000	       425	80000d10	01eea4b3	slt	x9,x29,x30	 x29:0x9aff6791 x30:0x00000009  x9=0x00000001
        4275000	       426	80000d14	018c99b3	sll	x19,x25,x24	 x25:0xa43a5d0e x24:0x00000000 x19=0xa43a5d0e
        4285000	       427	80000d18	ffe78793	addi	x15,x15,-2	 x15:0xffffffff x15=0xfffffffd
        4295000	       428	80000d1c	00000013	addi	x0,x0,0	  x0:0x00000000
        4305000	       429	80000d20	ffc798e3	bne	x15,x28,80000d10	 x15:0xfffffffd x28:0xfffffffd
        4315000	       430	80000d24	01c1bbb3	sltu	x23,x3,x28	  x3:0x013eb001 x28:0xfffffffd x23=0x00000001
        4325000	       431	80000d28	404cdc93	srai	x25,x25,0x4	 x25:0xa43a5d0e x25=0xfa43a5d0
        4335000	       432	80000d2c	0129ad33	slt	x26,x19,x18	 x19:0xa43a5d0e x18:0x00000000 x26=0x00000001
        4345000	       433	80000d30	00000013	addi	x0,x0,0	  x0:0x00000000
        4355000	       434	80000d34	fb56c4e3	blt	x13,x21,80000cdc	 x13:0x00000012 x21:0x00000010
        4365000	       435	80000d38	01ea8bb3	add	x23,x21,x30	 x21:0x00000010 x30:0x00000009 x23=0x00000019
        4375000	       436	80000d3c	ffb00c13	addi	x24,x0,-5	  x0:0x00000000 x24=0xfffffffb
        4385000	       437	80000d40	50864213	xori	x4,x12,1288	 x12:0xfff80001  x4=0xfff80509
        4395000	       438	80000d44	448d0f93	addi	x31,x26,1096	 x26:0x00000001 x31=0x00000449
        4405000	       439	80000d48	0008b133	sltu	x2,x17,x0	 x17:0x00000001  x0:0x00000000  x2=0x00000000
        4415000	       440	80000d4c	ff500e13	addi	x28,x0,-11	  x0:0x00000000 x28=0xfffffff5
        4425000	       441	80000d50	01919713	slli	x14,x3,0x19	  x3:0x013eb001 x14=0x02000000
        4435000	       442	80000d54	869daa93	slti	x21,x27,-1943	 x27:0x80009fc4 x21=0x00000001
        4445000	       443	80000d58	418a8bb3	sub	x23,x21,x24	 x21:0x00000001 x24:0xfffffffb x23=0x00000006
        4455000	       444	80000d5c	b6f5f393	andi	x7,x11,-1169	 x11:0x00000001  x7=0x00000001
        4465000	       445	80000d60	010acfb3	xor	x31,x21,x16	 x21:0x00000001 x16:0xa43a5d0e x31=0xa43a5d0f
        4475000	       446	80000d64	013fe5b3	or	x11,x31,x19	 x31:0xa43a5d0f x19:0xa43a5d0e x11=0xa43a5d0f
        4485000	       447	80000d68	ffac0c13	addi	x24,x24,-6	 x24:0xfffffffb x24=0xfffffff5
        4495000	       448	80000d6c	01e4f633	and	x12,x9,x30	  x9:0x00000001 x30:0x00000009 x12=0x00000001
        4505000	       449	80000d70	01b2f833	and	x16,x5,x27	  x5:0xfe000000 x27:0x80009fc4 x16=0x80000000
        4515000	       450	80000d74	78fdc893	xori	x17,x27,1935	 x27:0x80009fc4 x17=0x8000984b
        4525000	       451	80000d78	1f81f493	andi	x9,x3,504	  x3:0x013eb001  x9=0x00000000
        4535000	       452	80000d7c	ff600913	addi	x18,x0,-10	  x0:0x00000000 x18=0xfffffff6
        4545000	       453	80000d80	00969593	slli	x11,x13,0x9	 x13:0x00000012 x11=0x00002400
        4555000	       454	80000d84	ff100293	addi	x5,x0,-15	  x0:0x00000000  x5=0xfffffff1
        4565000	       455	80000d88	1931e193	ori	x3,x3,403	  x3:0x013eb001  x3=0x013eb193
        4575000	       456	80000d8c	007f38b3	sltu	x17,x30,x7	 x30:0x00000009  x7:0x00000001 x17=0x00000000
        4585000	       457	80000d90	ffb90913	addi	x18,x18,-5	 x18:0xfffffff6 x18=0xfffffff1
        4595000	       458	80000d94	0027deb3	srl	x29,x15,x2	 x15:0xfffffffd  x2:0x00000000 x29=0xfffffffd
        4605000	       459	80000d98	724e6b13	ori	x22,x28,1828	 x28:0xfffffff5 x22=0xfffffff5
        4615000	       460	80000d9c	85a58b13	addi	x22,x11,-1958	 x11:0x00002400 x22=0x00001c5a
        4625000	       461	80000da0	012ec533	xor	x10,x29,x18	 x29:0xfffffffd x18:0xfffffff1 x10=0x0000000c
        4635000	       462	80000da4	fe5914e3	bne	x18,x5,80000d8c	 x18:0xfffffff1  x5:0xfffffff1
        4645000	       463	80000da8	41cf50b3	sra	x1,x30,x28	 x30:0x00000009 x28:0xfffffff5  x1=0x00000000
        4655000	       464	80000dac	fbcc04e3	beq	x24,x28,80000d54	 x24:0xfffffff5 x28:0xfffffff5
        4665000	       465	00000000	00000013	addi	x0,x0,0	  x0:0x00000000
        4675000	       466	80000d50	00000013	addi	x0,x0,0	  x0:0x00000000
        4685000	       467	80000d54	869daa93	slti	x21,x27,-1943	 x27:0x80009fc4 x21=0x00000001
        4695000	       468	80000d58	418a8bb3	sub	x23,x21,x24	 x21:0x00000001 x24:0xfffffff5 x23=0x0000000c
        4705000	       469	80000d5c	b6f5f393	andi	x7,x11,-1169	 x11:0x00002400  x7=0x00002000
        4715000	       470	80000d60	010acfb3	xor	x31,x21,x16	 x21:0x00000001 x16:0x80000000 x31=0x80000001
        4725000	       471	80000d64	013fe5b3	or	x11,x31,x19	 x31:0x80000001 x19:0xa43a5d0e x11=0xa43a5d0f
        4735000	       472	80000d68	ffac0c13	addi	x24,x24,-6	 x24:0xfffffff5 x24=0xffffffef
        4745000	       473	80000d6c	01e4f633	and	x12,x9,x30	  x9:0x00000000 x30:0x00000009 x12=0x00000000
        4755000	       474	80000d70	01b2f833	and	x16,x5,x27	  x5:0xfffffff1 x27:0x80009fc4 x16=0x80009fc0
        4765000	       475	80000d74	78fdc893	xori	x17,x27,1935	 x27:0x80009fc4 x17=0x8000984b
        4775000	       476	80000d78	1f81f493	andi	x9,x3,504	  x3:0x013eb193  x9=0x00000190
        4785000	       477	80000d7c	ff600913	addi	x18,x0,-10	  x0:0x00000000 x18=0xfffffff6
        4795000	       478	80000d80	00969593	slli	x11,x13,0x9	 x13:0x00000012 x11=0x00002400
        4805000	       479	80000d84	ff100293	addi	x5,x0,-15	  x0:0x00000000  x5=0xfffffff1
        4815000	       480	80000d88	1931e193	ori	x3,x3,403	  x3:0x013eb193  x3=0x013eb193
        4825000	       481	80000d8c	007f38b3	sltu	x17,x30,x7	 x30:0x00000009  x7:0x00002000 x17=0x00000001
        4835000	       482	80000d90	ffb90913	addi	x18,x18,-5	 x18:0xfffffff6 x18=0xfffffff1
        4845000	       483	80000d94	0027deb3	srl	x29,x15,x2	 x15:0xfffffffd  x2:0x00000000 x29=0xfffffffd
        4855000	       484	80000d98	724e6b13	ori	x22,x28,1828	 x28:0xfffffff5 x22=0xfffffff5
        4865000	       485	80000d9c	85a58b13	addi	x22,x11,-1958	 x11:0x00002400 x22=0x00001c5a
        4875000	       486	80000da0	012ec533	xor	x10,x29,x18	 x29:0xfffffffd x18:0xfffffff1 x10=0x0000000c
        4885000	       487	80000da4	fe5914e3	bne	x18,x5,80000d8c	 x18:0xfffffff1  x5:0xfffffff1
        4895000	       488	80000da8	41cf50b3	sra	x1,x30,x28	 x30:0x00000009 x28:0xfffffff5  x1=0x00000000
        4905000	       489	80000dac	fbcc04e3	beq	x24,x28,80000d54	 x24:0xffffffef x28:0xfffffff5
        4915000	       490	80000db0	0108c3b3	xor	x7,x17,x16	 x17:0x00000001 x16:0x80009fc0  x7=0x80009fc1
        4925000	       491	80000db4	00000413	addi	x8,x0,0	  x0:0x00000000  x8=0x00000000
        4935000	       492	80000db8	01465093	srli	x1,x12,0x14	 x12:0x00000000  x1=0x00000000
        4945000	       493	80000dbc	a9266c13	ori	x24,x12,-1390	 x12:0x00000000 x24=0xfffffa92
        4955000	       494	80000dc0	01000813	addi	x16,x0,16	  x0:0x00000000 x16=0x00000010
        4965000	       495	80000dc4	41688d33	sub	x26,x17,x22	 x17:0x00000001 x22:0x00001c5a x26=0xffffe3a7
        4975000	       496	80000dc8	a5a1e793	ori	x15,x3,-1446	  x3:0x013eb193 x15=0xfffffbdb
        4985000	       497	80000dcc	01efa7b3	slt	x15,x31,x30	 x31:0x80000001 x30:0x00000009 x15=0x00000001
        4995000	       498	80000dd0	00a40413	addi	x8,x8,10	  x8:0x00000000  x8=0x0000000a
        5005000	       499	80000dd4	00000013	addi	x0,x0,0	  x0:0x00000000
        5015000	       500	80000dd8	00a00913	addi	x18,x0,10	  x0:0x00000000 x18=0x0000000a
        5025000	       501	80000ddc	00900f93	addi	x31,x0,9	  x0:0x00000000 x31=0x00000009
        5035000	       502	80000de0	015f7eb3	and	x29,x30,x21	 x30:0x00000009 x21:0x00000001 x29=0x00000001
        5045000	       503	80000de4	00d566b3	or	x13,x10,x13	 x10:0x0000000c x13:0x00000012 x13=0x0000001e
        5055000	       504	80000de8	a1d3bc93	sltiu	x25,x7,-1507	  x7:0x80009fc1 x25=0x00000001
        5065000	       505	80000dec	ff990913	addi	x18,x18,-7	 x18:0x0000000a x18=0x00000003
        5075000	       506	80000df0	00d786b3	add	x13,x15,x13	 x15:0x00000001 x13:0x0000001e x13=0x0000001f
        5085000	       507	80000df4	fff976e3	bgeu	x18,x31,80000de0	 x18:0x00000003 x31:0x00000009
        5095000	       508	80000df8	a5091a17	auipc	x20,0xa5091	 x20=0x25091df4
        5105000	       509	80000dfc	e58c8c13	addi	x24,x25,-424	 x25:0x00000001 x24=0xfffffe59
        5115000	       510	80000e00	0068b3b3	sltu	x7,x17,x6	 x17:0x00000001  x6:0x80009f24  x7=0x00000001
        5125000	       511	80000e04	0030ba33	sltu	x20,x1,x3	  x1:0x00000000  x3:0x013eb193 x20=0x00000001
        5135000	       512	80000e08	77bf8e13	addi	x28,x31,1915	 x31:0x00000009 x28=0x00000784
        5145000	       513	80000e0c	007eb633	sltu	x12,x29,x7	 x29:0x00000001  x7:0x00000001 x12=0x00000000
        5155000	       514	80000e10	6c4bea93	ori	x21,x23,1732	 x23:0x0000000c x21=0x000006cc
        5165000	       515	80000e14	fb044ae3	blt	x8,x16,80000dc8	  x8:0x0000000a x16:0x00000010
        5175000	       516	00000000	00000013	addi	x0,x0,0	  x0:0x00000000
        5185000	       517	80000dc4	00000013	addi	x0,x0,0	  x0:0x00000000
        5195000	       518	80000dc8	a5a1e793	ori	x15,x3,-1446	  x3:0x013eb193 x15=0xfffffbdb
        5205000	       519	80000dcc	01efa7b3	slt	x15,x31,x30	 x31:0x00000009 x30:0x00000009 x15=0x00000000
        5215000	       520	80000dd0	00a40413	addi	x8,x8,10	  x8:0x0000000a  x8=0x00000014
        5225000	       521	80000dd4	00000013	addi	x0,x0,0	  x0:0x00000000
        5235000	       522	80000dd8	00a00913	addi	x18,x0,10	  x0:0x00000000 x18=0x0000000a
        5245000	       523	80000ddc	00900f93	addi	x31,x0,9	  x0:0x00000000 x31=0x00000009
        5255000	       524	80000de0	015f7eb3	and	x29,x30,x21	 x30:0x00000009 x21:0x000006cc x29=0x00000008
        5265000	       525	80000de4	00d566b3	or	x13,x10,x13	 x10:0x0000000c x13:0x0000001f x13=0x0000001f
        5275000	       526	80000de8	a1d3bc93	sltiu	x25,x7,-1507	  x7:0x00000001 x25=0x00000001
        5285000	       527	80000dec	ff990913	addi	x18,x18,-7	 x18:0x0000000a x18=0x00000003
        5295000	       528	80000df0	00d786b3	add	x13,x15,x13	 x15:0x00000000 x13:0x0000001f x13=0x0000001f
        5305000	       529	80000df4	fff976e3	bgeu	x18,x31,80000de0	 x18:0x00000003 x31:0x00000009
        5315000	       530	80000df8	a5091a17	auipc	x20,0xa5091	 x20=0x25091df4
        5325000	       531	80000dfc	e58c8c13	addi	x24,x25,-424	 x25:0x00000001 x24=0xfffffe59
        5335000	       532	80000e00	0068b3b3	sltu	x7,x17,x6	 x17:0x00000001  x6:0x80009f24  x7=0x00000001
        5345000	       533	80000e04	0030ba33	sltu	x20,x1,x3	  x1:0x00000000  x3:0x013eb193 x20=0x00000001
        5355000	       534	80000e08	77bf8e13	addi	x28,x31,1915	 x31:0x00000009 x28=0x00000784
        5365000	       535	80000e0c	007eb633	sltu	x12,x29,x7	 x29:0x00000008  x7:0x00000001 x12=0x00000000
        5375000	       536	80000e10	6c4bea93	ori	x21,x23,1732	 x23:0x0000000c x21=0x000006cc
        5385000	       537	80000e14	fb044ae3	blt	x8,x16,80000dc8	  x8:0x00000014 x16:0x00000010
        5395000	       538	80000e18	0130e5b3	or	x11,x1,x19	  x1:0x00000000 x19:0xa43a5d0e x11=0xa43a5d0e
        5405000	       539	80000e1c	00800b13	addi	x22,x0,8	  x0:0x00000000 x22=0x00000008
        5415000	       540	80000e20	40ea5513	srai	x10,x20,0xe	 x20:0x00000001 x10=0x00000000
        5425000	       541	80000e24	01f94233	xor	x4,x18,x31	 x18:0x00000003 x31:0x00000009  x4=0x0000000a
        5435000	       542	80000e28	00700b93	addi	x23,x0,7	  x0:0x00000000 x23=0x00000007
        5445000	       543	80000e2c	01775d13	srli	x26,x14,0x17	 x14:0x02000000 x26=0x00000004
        5455000	       544	80000e30	00000013	addi	x0,x0,0	  x0:0x00000000
        5465000	       545	80000e34	41c580b3	sub	x1,x11,x28	 x11:0xa43a5d0e x28:0x00000784  x1=0xa43a558a
        5475000	       546	80000e38	06f0ec13	ori	x24,x1,111	  x1:0xa43a558a x24=0xa43a55ef
        5485000	       547	80000e3c	40065993	srai	x19,x12,0x0	 x12:0x00000000 x19=0x00000000
        5495000	       548	80000e40	0021e8b3	or	x17,x3,x2	  x3:0x013eb193  x2:0x00000000 x17=0x013eb193
        5505000	       549	80000e44	01ca1fb3	sll	x31,x20,x28	 x20:0x00000001 x28:0x00000784 x31=0x00000010
        5515000	       550	80000e48	01f60833	add	x16,x12,x31	 x12:0x00000000 x31:0x00000010 x16=0x00000010
        5525000	       551	80000e4c	41465413	srai	x8,x12,0x14	 x12:0x00000000  x8=0x00000000
        5535000	       552	80000e50	00427517	auipc	x10,0x427	 x10=0x80427e4c
        5545000	       553	80000e54	00bd81b3	add	x3,x27,x11	 x27:0x80009fc4 x11:0xa43a5d0e  x3=0x243afcd2
        5555000	       554	80000e58	00d1fab3	and	x21,x3,x13	  x3:0x243afcd2 x13:0x0000001f x21=0x00000012
        5565000	       555	80000e5c	40cc88b3	sub	x17,x25,x12	 x25:0x00000001 x12:0x00000000 x17=0x00000001
        5575000	       556	80000e60	00968033	add	x0,x13,x9	 x13:0x0000001f  x9:0x00000190
        5585000	       557	80000e64	016a57b3	srl	x15,x20,x22	 x20:0x00000001 x22:0x00000008 x15=0x00000000
        5595000	       558	80000e68	0132d1b3	srl	x3,x5,x19	  x5:0xfffffff1 x19:0x00000000  x3=0xfffffff1
        5605000	       559	80000e6c	40e583b3	sub	x7,x11,x14	 x11:0xa43a5d0e x14:0x02000000  x7=0xa23a5d0e
        5615000	       560	80000e70	01e4b0b3	sltu	x1,x9,x30	  x9:0x00000190 x30:0x00000009  x1=0x00000000
        5625000	       561	80000e74	01e68433	add	x8,x13,x30	 x13:0x0000001f x30:0x00000009  x8=0x00000028
        5635000	       562	80000e78	ffab0b13	addi	x22,x22,-6	 x22:0x00000008 x22=0x00000002
        5645000	       563	80000e7c	83efc513	xori	x10,x31,-1986	 x31:0x00000010 x10=0xfffff82e
        5655000	       564	80000e80	4209e093	ori	x1,x19,1056	 x19:0x00000000  x1=0x00000420
        5665000	       565	80000e84	00545613	srli	x12,x8,0x5	  x8:0x00000028 x12=0x00000001
        5675000	       566	80000e88	00edcc33	xor	x24,x27,x14	 x27:0x80009fc4 x14:0x02000000 x24=0x82009fc4
        5685000	       567	80000e8c	fb7b72e3	bgeu	x22,x23,80000e30	 x22:0x00000002 x23:0x00000007
        5695000	       568	80000e90	d3b02393	slti	x7,x0,-709	  x0:0x00000000  x7=0x00000000
        5705000	       569	80000e94	00500613	addi	x12,x0,5	  x0:0x00000000 x12=0x00000005
        5715000	       570	80000e98	00e00493	addi	x9,x0,14	  x0:0x00000000  x9=0x0000000e
        5725000	       571	80000e9c	40ed0ab3	sub	x21,x26,x14	 x26:0x00000004 x14:0x02000000 x21=0xfe000004
        5735000	       572	80000ea0	ac8d6513	ori	x10,x26,-1336	 x26:0x00000004 x10=0xfffffacc
        5745000	       573	80000ea4	01af1413	slli	x8,x30,0x1a	 x30:0x00000009  x8=0x24000000
        5755000	       574	80000ea8	01081693	slli	x13,x16,0x10	 x16:0x00000010 x13=0x00100000
        5765000	       575	80000eac	41dad393	srai	x7,x21,0x1d	 x21:0xfe000004  x7=0xffffffff
        5775000	       576	80000eb0	00afa8b3	slt	x17,x31,x10	 x31:0x00000010 x10:0xfffffacc x17=0x00000000
        5785000	       577	80000eb4	00960613	addi	x12,x12,9	 x12:0x00000005 x12=0x0000000e
        5795000	       578	80000eb8	0068d2b3	srl	x5,x17,x6	 x17:0x00000000  x6:0x80009f24  x5=0x00000000
        5805000	       579	80000ebc	01b60233	add	x4,x12,x27	 x12:0x0000000e x27:0x80009fc4  x4=0x80009fd2
        5815000	       580	80000ec0	fe9600e3	beq	x12,x9,80000ea0	 x12:0x0000000e  x9:0x0000000e
        5825000	       581	00000000	00000013	addi	x0,x0,0	  x0:0x00000000
        5835000	       582	80000e9c	00000013	addi	x0,x0,0	  x0:0x00000000
        5845000	       583	80000ea0	ac8d6513	ori	x10,x26,-1336	 x26:0x00000004 x10=0xfffffacc
        5855000	       584	80000ea4	01af1413	slli	x8,x30,0x1a	 x30:0x00000009  x8=0x24000000
        5865000	       585	80000ea8	01081693	slli	x13,x16,0x10	 x16:0x00000010 x13=0x00100000
        5875000	       586	80000eac	41dad393	srai	x7,x21,0x1d	 x21:0xfe000004  x7=0xffffffff
        5885000	       587	80000eb0	00afa8b3	slt	x17,x31,x10	 x31:0x00000010 x10:0xfffffacc x17=0x00000000
        5895000	       588	80000eb4	00960613	addi	x12,x12,9	 x12:0x0000000e x12=0x00000017
        5905000	       589	80000eb8	0068d2b3	srl	x5,x17,x6	 x17:0x00000000  x6:0x80009f24  x5=0x00000000
        5915000	       590	80000ebc	01b60233	add	x4,x12,x27	 x12:0x00000017 x27:0x80009fc4  x4=0x80009fdb
        5925000	       591	80000ec0	fe9600e3	beq	x12,x9,80000ea0	 x12:0x00000017  x9:0x0000000e
        5935000	       592	80000ec4	01a84533	xor	x10,x16,x26	 x16:0x00000010 x26:0x00000004 x10=0x00000014
        5945000	       593	80000ec8	ffa00a93	addi	x21,x0,-6	  x0:0x00000000 x21=0xfffffffa
        5955000	       594	80000ecc	40325993	srai	x19,x4,0x3	  x4:0x80009fdb x19=0xf00013fb
        5965000	       595	80000ed0	00e00c13	addi	x24,x0,14	  x0:0x00000000 x24=0x0000000e
        5975000	       596	80000ed4	00000013	addi	x0,x0,0	  x0:0x00000000
        5985000	       597	80000ed8	0170c933	xor	x18,x1,x23	  x1:0x00000420 x23:0x00000007 x18=0x00000427
        5995000	       598	80000edc	05173e93	sltiu	x29,x14,81	 x14:0x02000000 x29=0x00000000
        6005000	       599	80000ee0	41c3d913	srai	x18,x7,0x1c	  x7:0xffffffff x18=0xffffffff
        6015000	       600	80000ee4	41440d33	sub	x26,x8,x20	  x8:0x24000000 x20:0x00000001 x26=0x23ffffff
        6025000	       601	80000ee8	004a8a93	addi	x21,x21,4	 x21:0xfffffffa x21=0xfffffffe
        6035000	       602	80000eec	ff8a96e3	bne	x21,x24,80000ed8	 x21:0xfffffffe x24:0x0000000e
        6045000	       603	00000000	00000013	addi	x0,x0,0	  x0:0x00000000
        6055000	       604	80000ed4	00000013	addi	x0,x0,0	  x0:0x00000000
        6065000	       605	80000ed8	0170c933	xor	x18,x1,x23	  x1:0x00000420 x23:0x00000007 x18=0x00000427
        6075000	       606	80000edc	05173e93	sltiu	x29,x14,81	 x14:0x02000000 x29=0x00000000
        6085000	       607	80000ee0	41c3d913	srai	x18,x7,0x1c	  x7:0xffffffff x18=0xffffffff
        6095000	       608	80000ee4	41440d33	sub	x26,x8,x20	  x8:0x24000000 x20:0x00000001 x26=0x23ffffff
        6105000	       609	80000ee8	004a8a93	addi	x21,x21,4	 x21:0xfffffffe x21=0x00000002
        6115000	       610	80000eec	ff8a96e3	bne	x21,x24,80000ed8	 x21:0x00000002 x24:0x0000000e
        6125000	       611	00000000	00000013	addi	x0,x0,0	  x0:0x00000000
        6135000	       612	80000ed4	00000013	addi	x0,x0,0	  x0:0x00000000
        6145000	       613	80000ed8	0170c933	xor	x18,x1,x23	  x1:0x00000420 x23:0x00000007 x18=0x00000427
        6155000	       614	80000edc	05173e93	sltiu	x29,x14,81	 x14:0x02000000 x29=0x00000000
        6165000	       615	80000ee0	41c3d913	srai	x18,x7,0x1c	  x7:0xffffffff x18=0xffffffff
        6175000	       616	80000ee4	41440d33	sub	x26,x8,x20	  x8:0x24000000 x20:0x00000001 x26=0x23ffffff
        6185000	       617	80000ee8	004a8a93	addi	x21,x21,4	 x21:0x00000002 x21=0x00000006
        6195000	       618	80000eec	ff8a96e3	bne	x21,x24,80000ed8	 x21:0x00000006 x24:0x0000000e
        6205000	       619	00000000	00000013	addi	x0,x0,0	  x0:0x00000000
        6215000	       620	80000ed4	00000013	addi	x0,x0,0	  x0:0x00000000
        6225000	       621	80000ed8	0170c933	xor	x18,x1,x23	  x1:0x00000420 x23:0x00000007 x18=0x00000427
        6235000	       622	80000edc	05173e93	sltiu	x29,x14,81	 x14:0x02000000 x29=0x00000000
        6245000	       623	80000ee0	41c3d913	srai	x18,x7,0x1c	  x7:0xffffffff x18=0xffffffff
        6255000	       624	80000ee4	41440d33	sub	x26,x8,x20	  x8:0x24000000 x20:0x00000001 x26=0x23ffffff
        6265000	       625	80000ee8	004a8a93	addi	x21,x21,4	 x21:0x00000006 x21=0x0000000a
        6275000	       626	80000eec	ff8a96e3	bne	x21,x24,80000ed8	 x21:0x0000000a x24:0x0000000e
        6285000	       627	00000000	00000013	addi	x0,x0,0	  x0:0x00000000
        6295000	       628	80000ed4	00000013	addi	x0,x0,0	  x0:0x00000000
        6305000	       629	80000ed8	0170c933	xor	x18,x1,x23	  x1:0x00000420 x23:0x00000007 x18=0x00000427
        6315000	       630	80000edc	05173e93	sltiu	x29,x14,81	 x14:0x02000000 x29=0x00000000
        6325000	       631	80000ee0	41c3d913	srai	x18,x7,0x1c	  x7:0xffffffff x18=0xffffffff
        6335000	       632	80000ee4	41440d33	sub	x26,x8,x20	  x8:0x24000000 x20:0x00000001 x26=0x23ffffff
        6345000	       633	80000ee8	004a8a93	addi	x21,x21,4	 x21:0x0000000a x21=0x0000000e
        6355000	       634	80000eec	ff8a96e3	bne	x21,x24,80000ed8	 x21:0x0000000e x24:0x0000000e
        6365000	       635	80000ef0	010e0cb3	add	x25,x28,x16	 x28:0x00000784 x16:0x00000010 x25=0x00000794
        6375000	       636	80000ef4	00700c13	addi	x24,x0,7	  x0:0x00000000 x24=0x00000007
        6385000	       637	80000ef8	012d3933	sltu	x18,x26,x18	 x26:0x23ffffff x18:0xffffffff x18=0x00000001
        6395000	       638	80000efc	00c00293	addi	x5,x0,12	  x0:0x00000000  x5=0x0000000c
        6405000	       639	80000f00	000b8033	add	x0,x23,x0	 x23:0x00000007  x0:0x00000000
        6415000	       640	80000f04	7afcb213	sltiu	x4,x25,1967	 x25:0x00000794  x4=0x00000001
        6425000	       641	80000f08	0091dd13	srli	x26,x3,0x9	  x3:0xfffffff1 x26=0x007fffff
        6435000	       642	80000f0c	007c0c13	addi	x24,x24,7	 x24:0x00000007 x24=0x0000000e
        6445000	       643	80000f10	fe5c6ae3	bltu	x24,x5,80000f04	 x24:0x0000000e  x5:0x0000000c
        6455000	       644	80000f14	01926fb3	or	x31,x4,x25	  x4:0x00000001 x25:0x00000794 x31=0x00000795
        6465000	       645	80000f18	00100d13	addi	x26,x0,1	  x0:0x00000000 x26=0x00000001
        6475000	       646	80000f1c	014c3fb3	sltu	x31,x24,x20	 x24:0x0000000e x20:0x00000001 x31=0x00000000
        6485000	       647	80000f20	29e27b93	andi	x23,x4,670	  x4:0x00000001 x23=0x00000000
        6495000	       648	80000f24	01367ab3	and	x21,x12,x19	 x12:0x00000017 x19:0xf00013fb x21=0x00000013
        6505000	       649	80000f28	ff400593	addi	x11,x0,-12	  x0:0x00000000 x11=0xfffffff4
        6515000	       650	80000f2c	0135bc33	sltu	x24,x11,x19	 x11:0xfffffff4 x19:0xf00013fb x24=0x00000000
        6525000	       651	80000f30	b4929137	lui	x2,0xb4929	  x2=0xb4929000
        6535000	       652	80000f34	ffed0d13	addi	x26,x26,-2	 x26:0x00000001 x26=0xffffffff
        6545000	       653	80000f38	01487733	and	x14,x16,x20	 x16:0x00000010 x20:0x00000001 x14=0x00000000
        6555000	       654	80000f3c	40ed5113	srai	x2,x26,0xe	 x26:0xffffffff  x2=0xffffffff
        6565000	       655	80000f40	e73c5a37	lui	x20,0xe73c5	 x20=0xe73c5000
        6575000	       656	80000f44	bb383393	sltiu	x7,x16,-1101	 x16:0x00000010  x7=0x00000001
        6585000	       657	80000f48	01e818b3	sll	x17,x16,x30	 x16:0x00000010 x30:0x00000009 x17=0x00002000
        6595000	       658	80000f4c	414ad833	sra	x16,x21,x20	 x21:0x00000013 x20:0xe73c5000 x16=0x00000013
        6605000	       659	80000f50	0145d633	srl	x12,x11,x20	 x11:0xfffffff4 x20:0xe73c5000 x12=0xfffffff4
        6615000	       660	80000f54	009cd2b3	srl	x5,x25,x9	 x25:0x00000794  x9:0x0000000e  x5=0x00000000
        6625000	       661	80000f58	b262b213	sltiu	x4,x5,-1242	  x5:0x00000000  x4=0x00000001
        6635000	       662	80000f5c	adb8f1b7	lui	x3,0xadb8f	  x3=0xadb8f000
        6645000	       663	80000f60	40725e33	sra	x28,x4,x7	  x4:0x00000001  x7:0x00000001 x28=0x00000000
        6655000	       664	80000f64	0151f433	and	x8,x3,x21	  x3:0xadb8f000 x21:0x00000013  x8=0x00000000
        6665000	       665	80000f68	00000013	addi	x0,x0,0	  x0:0x00000000
        6675000	       666	80000f6c	01e34c33	xor	x24,x6,x30	  x6:0x80009f24 x30:0x00000009 x24=0x80009f2d
        6685000	       667	80000f70	00000013	addi	x0,x0,0	  x0:0x00000000
        6695000	       668	80000f74	0191b2b3	sltu	x5,x3,x25	  x3:0xadb8f000 x25:0x00000794  x5=0x00000000
        6705000	       669	80000f78	00ffd033	srl	x0,x31,x15	 x31:0x00000000 x15:0x00000000
        6715000	       670	80000f7c	0013dc33	srl	x24,x7,x1	  x7:0x00000001  x1:0x00000420 x24=0x00000001
        6725000	       671	80000f80	9476e737	lui	x14,0x9476e	 x14=0x9476e000
        6735000	       672	80000f84	01b339b3	sltu	x19,x6,x27	  x6:0x80009f24 x27:0x80009fc4 x19=0x00000001
        6745000	       673	80000f88	fabd52e3	bge	x26,x11,80000f2c	 x26:0xffffffff x11:0xfffffff4
        6755000	       674	00000000	00000013	addi	x0,x0,0	  x0:0x00000000
        6765000	       675	80000f28	00000013	addi	x0,x0,0	  x0:0x00000000
        6775000	       676	80000f2c	0135bc33	sltu	x24,x11,x19	 x11:0xfffffff4 x19:0x00000001 x24=0x00000000
        6785000	       677	80000f30	b4929137	lui	x2,0xb4929	  x2=0xb4929000
        6795000	       678	80000f34	ffed0d13	addi	x26,x26,-2	 x26:0xffffffff x26=0xfffffffd
        6805000	       679	80000f38	01487733	and	x14,x16,x20	 x16:0x00000013 x20:0xe73c5000 x14=0x00000000
        6815000	       680	80000f3c	40ed5113	srai	x2,x26,0xe	 x26:0xfffffffd  x2=0xffffffff
        6825000	       681	80000f40	e73c5a37	lui	x20,0xe73c5	 x20=0xe73c5000
        6835000	       682	80000f44	bb383393	sltiu	x7,x16,-1101	 x16:0x00000013  x7=0x00000001
        6845000	       683	80000f48	01e818b3	sll	x17,x16,x30	 x16:0x00000013 x30:0x00000009 x17=0x00002600
        6855000	       684	80000f4c	414ad833	sra	x16,x21,x20	 x21:0x00000013 x20:0xe73c5000 x16=0x00000013
        6865000	       685	80000f50	0145d633	srl	x12,x11,x20	 x11:0xfffffff4 x20:0xe73c5000 x12=0xfffffff4
        6875000	       686	80000f54	009cd2b3	srl	x5,x25,x9	 x25:0x00000794  x9:0x0000000e  x5=0x00000000
        6885000	       687	80000f58	b262b213	sltiu	x4,x5,-1242	  x5:0x00000000  x4=0x00000001
        6895000	       688	80000f5c	adb8f1b7	lui	x3,0xadb8f	  x3=0xadb8f000
        6905000	       689	80000f60	40725e33	sra	x28,x4,x7	  x4:0x00000001  x7:0x00000001 x28=0x00000000
        6915000	       690	80000f64	0151f433	and	x8,x3,x21	  x3:0xadb8f000 x21:0x00000013  x8=0x00000000
        6925000	       691	80000f68	00000013	addi	x0,x0,0	  x0:0x00000000
        6935000	       692	80000f6c	01e34c33	xor	x24,x6,x30	  x6:0x80009f24 x30:0x00000009 x24=0x80009f2d
        6945000	       693	80000f70	00000013	addi	x0,x0,0	  x0:0x00000000
        6955000	       694	80000f74	0191b2b3	sltu	x5,x3,x25	  x3:0xadb8f000 x25:0x00000794  x5=0x00000000
        6965000	       695	80000f78	00ffd033	srl	x0,x31,x15	 x31:0x00000000 x15:0x00000000
        6975000	       696	80000f7c	0013dc33	srl	x24,x7,x1	  x7:0x00000001  x1:0x00000420 x24=0x00000001
        6985000	       697	80000f80	9476e737	lui	x14,0x9476e	 x14=0x9476e000
        6995000	       698	80000f84	01b339b3	sltu	x19,x6,x27	  x6:0x80009f24 x27:0x80009fc4 x19=0x00000001
        7005000	       699	80000f88	fabd52e3	bge	x26,x11,80000f2c	 x26:0xfffffffd x11:0xfffffff4
        7015000	       700	00000000	00000013	addi	x0,x0,0	  x0:0x00000000
        7025000	       701	80000f28	00000013	addi	x0,x0,0	  x0:0x00000000
        7035000	       702	80000f2c	0135bc33	sltu	x24,x11,x19	 x11:0xfffffff4 x19:0x00000001 x24=0x00000000
        7045000	       703	80000f30	b4929137	lui	x2,0xb4929	  x2=0xb4929000
        7055000	       704	80000f34	ffed0d13	addi	x26,x26,-2	 x26:0xfffffffd x26=0xfffffffb
        7065000	       705	80000f38	01487733	and	x14,x16,x20	 x16:0x00000013 x20:0xe73c5000 x14=0x00000000
        7075000	       706	80000f3c	40ed5113	srai	x2,x26,0xe	 x26:0xfffffffb  x2=0xffffffff
        7085000	       707	80000f40	e73c5a37	lui	x20,0xe73c5	 x20=0xe73c5000
        7095000	       708	80000f44	bb383393	sltiu	x7,x16,-1101	 x16:0x00000013  x7=0x00000001
        7105000	       709	80000f48	01e818b3	sll	x17,x16,x30	 x16:0x00000013 x30:0x00000009 x17=0x00002600
        7115000	       710	80000f4c	414ad833	sra	x16,x21,x20	 x21:0x00000013 x20:0xe73c5000 x16=0x00000013
        7125000	       711	80000f50	0145d633	srl	x12,x11,x20	 x11:0xfffffff4 x20:0xe73c5000 x12=0xfffffff4
        7135000	       712	80000f54	009cd2b3	srl	x5,x25,x9	 x25:0x00000794  x9:0x0000000e  x5=0x00000000
        7145000	       713	80000f58	b262b213	sltiu	x4,x5,-1242	  x5:0x00000000  x4=0x00000001
        7155000	       714	80000f5c	adb8f1b7	lui	x3,0xadb8f	  x3=0xadb8f000
        7165000	       715	80000f60	40725e33	sra	x28,x4,x7	  x4:0x00000001  x7:0x00000001 x28=0x00000000
        7175000	       716	80000f64	0151f433	and	x8,x3,x21	  x3:0xadb8f000 x21:0x00000013  x8=0x00000000
        7185000	       717	80000f68	00000013	addi	x0,x0,0	  x0:0x00000000
        7195000	       718	80000f6c	01e34c33	xor	x24,x6,x30	  x6:0x80009f24 x30:0x00000009 x24=0x80009f2d
        7205000	       719	80000f70	00000013	addi	x0,x0,0	  x0:0x00000000
        7215000	       720	80000f74	0191b2b3	sltu	x5,x3,x25	  x3:0xadb8f000 x25:0x00000794  x5=0x00000000
        7225000	       721	80000f78	00ffd033	srl	x0,x31,x15	 x31:0x00000000 x15:0x00000000
        7235000	       722	80000f7c	0013dc33	srl	x24,x7,x1	  x7:0x00000001  x1:0x00000420 x24=0x00000001
        7245000	       723	80000f80	9476e737	lui	x14,0x9476e	 x14=0x9476e000
        7255000	       724	80000f84	01b339b3	sltu	x19,x6,x27	  x6:0x80009f24 x27:0x80009fc4 x19=0x00000001
        7265000	       725	80000f88	fabd52e3	bge	x26,x11,80000f2c	 x26:0xfffffffb x11:0xfffffff4
        7275000	       726	00000000	00000013	addi	x0,x0,0	  x0:0x00000000
        7285000	       727	80000f28	00000013	addi	x0,x0,0	  x0:0x00000000
        7295000	       728	80000f2c	0135bc33	sltu	x24,x11,x19	 x11:0xfffffff4 x19:0x00000001 x24=0x00000000
        7305000	       729	80000f30	b4929137	lui	x2,0xb4929	  x2=0xb4929000
        7315000	       730	80000f34	ffed0d13	addi	x26,x26,-2	 x26:0xfffffffb x26=0xfffffff9
        7325000	       731	80000f38	01487733	and	x14,x16,x20	 x16:0x00000013 x20:0xe73c5000 x14=0x00000000
        7335000	       732	80000f3c	40ed5113	srai	x2,x26,0xe	 x26:0xfffffff9  x2=0xffffffff
        7345000	       733	80000f40	e73c5a37	lui	x20,0xe73c5	 x20=0xe73c5000
        7355000	       734	80000f44	bb383393	sltiu	x7,x16,-1101	 x16:0x00000013  x7=0x00000001
        7365000	       735	80000f48	01e818b3	sll	x17,x16,x30	 x16:0x00000013 x30:0x00000009 x17=0x00002600
        7375000	       736	80000f4c	414ad833	sra	x16,x21,x20	 x21:0x00000013 x20:0xe73c5000 x16=0x00000013
        7385000	       737	80000f50	0145d633	srl	x12,x11,x20	 x11:0xfffffff4 x20:0xe73c5000 x12=0xfffffff4
        7395000	       738	80000f54	009cd2b3	srl	x5,x25,x9	 x25:0x00000794  x9:0x0000000e  x5=0x00000000
        7405000	       739	80000f58	b262b213	sltiu	x4,x5,-1242	  x5:0x00000000  x4=0x00000001
        7415000	       740	80000f5c	adb8f1b7	lui	x3,0xadb8f	  x3=0xadb8f000
        7425000	       741	80000f60	40725e33	sra	x28,x4,x7	  x4:0x00000001  x7:0x00000001 x28=0x00000000
        7435000	       742	80000f64	0151f433	and	x8,x3,x21	  x3:0xadb8f000 x21:0x00000013  x8=0x00000000
        7445000	       743	80000f68	00000013	addi	x0,x0,0	  x0:0x00000000
        7455000	       744	80000f6c	01e34c33	xor	x24,x6,x30	  x6:0x80009f24 x30:0x00000009 x24=0x80009f2d
        7465000	       745	80000f70	00000013	addi	x0,x0,0	  x0:0x00000000
        7475000	       746	80000f74	0191b2b3	sltu	x5,x3,x25	  x3:0xadb8f000 x25:0x00000794  x5=0x00000000
        7485000	       747	80000f78	00ffd033	srl	x0,x31,x15	 x31:0x00000000 x15:0x00000000
        7495000	       748	80000f7c	0013dc33	srl	x24,x7,x1	  x7:0x00000001  x1:0x00000420 x24=0x00000001
        7505000	       749	80000f80	9476e737	lui	x14,0x9476e	 x14=0x9476e000
        7515000	       750	80000f84	01b339b3	sltu	x19,x6,x27	  x6:0x80009f24 x27:0x80009fc4 x19=0x00000001
        7525000	       751	80000f88	fabd52e3	bge	x26,x11,80000f2c	 x26:0xfffffff9 x11:0xfffffff4
        7535000	       752	00000000	00000013	addi	x0,x0,0	  x0:0x00000000
        7545000	       753	80000f28	00000013	addi	x0,x0,0	  x0:0x00000000
        7555000	       754	80000f2c	0135bc33	sltu	x24,x11,x19	 x11:0xfffffff4 x19:0x00000001 x24=0x00000000
        7565000	       755	80000f30	b4929137	lui	x2,0xb4929	  x2=0xb4929000
        7575000	       756	80000f34	ffed0d13	addi	x26,x26,-2	 x26:0xfffffff9 x26=0xfffffff7
        7585000	       757	80000f38	01487733	and	x14,x16,x20	 x16:0x00000013 x20:0xe73c5000 x14=0x00000000
        7595000	       758	80000f3c	40ed5113	srai	x2,x26,0xe	 x26:0xfffffff7  x2=0xffffffff
        7605000	       759	80000f40	e73c5a37	lui	x20,0xe73c5	 x20=0xe73c5000
        7615000	       760	80000f44	bb383393	sltiu	x7,x16,-1101	 x16:0x00000013  x7=0x00000001
        7625000	       761	80000f48	01e818b3	sll	x17,x16,x30	 x16:0x00000013 x30:0x00000009 x17=0x00002600
        7635000	       762	80000f4c	414ad833	sra	x16,x21,x20	 x21:0x00000013 x20:0xe73c5000 x16=0x00000013
        7645000	       763	80000f50	0145d633	srl	x12,x11,x20	 x11:0xfffffff4 x20:0xe73c5000 x12=0xfffffff4
        7655000	       764	80000f54	009cd2b3	srl	x5,x25,x9	 x25:0x00000794  x9:0x0000000e  x5=0x00000000
        7665000	       765	80000f58	b262b213	sltiu	x4,x5,-1242	  x5:0x00000000  x4=0x00000001
        7675000	       766	80000f5c	adb8f1b7	lui	x3,0xadb8f	  x3=0xadb8f000
        7685000	       767	80000f60	40725e33	sra	x28,x4,x7	  x4:0x00000001  x7:0x00000001 x28=0x00000000
        7695000	       768	80000f64	0151f433	and	x8,x3,x21	  x3:0xadb8f000 x21:0x00000013  x8=0x00000000
        7705000	       769	80000f68	00000013	addi	x0,x0,0	  x0:0x00000000
        7715000	       770	80000f6c	01e34c33	xor	x24,x6,x30	  x6:0x80009f24 x30:0x00000009 x24=0x80009f2d
        7725000	       771	80000f70	00000013	addi	x0,x0,0	  x0:0x00000000
        7735000	       772	80000f74	0191b2b3	sltu	x5,x3,x25	  x3:0xadb8f000 x25:0x00000794  x5=0x00000000
        7745000	       773	80000f78	00ffd033	srl	x0,x31,x15	 x31:0x00000000 x15:0x00000000
        7755000	       774	80000f7c	0013dc33	srl	x24,x7,x1	  x7:0x00000001  x1:0x00000420 x24=0x00000001
        7765000	       775	80000f80	9476e737	lui	x14,0x9476e	 x14=0x9476e000
        7775000	       776	80000f84	01b339b3	sltu	x19,x6,x27	  x6:0x80009f24 x27:0x80009fc4 x19=0x00000001
        7785000	       777	80000f88	fabd52e3	bge	x26,x11,80000f2c	 x26:0xfffffff7 x11:0xfffffff4
        7795000	       778	00000000	00000013	addi	x0,x0,0	  x0:0x00000000
        7805000	       779	80000f28	00000013	addi	x0,x0,0	  x0:0x00000000
        7815000	       780	80000f2c	0135bc33	sltu	x24,x11,x19	 x11:0xfffffff4 x19:0x00000001 x24=0x00000000
        7825000	       781	80000f30	b4929137	lui	x2,0xb4929	  x2=0xb4929000
        7835000	       782	80000f34	ffed0d13	addi	x26,x26,-2	 x26:0xfffffff7 x26=0xfffffff5
        7845000	       783	80000f38	01487733	and	x14,x16,x20	 x16:0x00000013 x20:0xe73c5000 x14=0x00000000
        7855000	       784	80000f3c	40ed5113	srai	x2,x26,0xe	 x26:0xfffffff5  x2=0xffffffff
        7865000	       785	80000f40	e73c5a37	lui	x20,0xe73c5	 x20=0xe73c5000
        7875000	       786	80000f44	bb383393	sltiu	x7,x16,-1101	 x16:0x00000013  x7=0x00000001
        7885000	       787	80000f48	01e818b3	sll	x17,x16,x30	 x16:0x00000013 x30:0x00000009 x17=0x00002600
        7895000	       788	80000f4c	414ad833	sra	x16,x21,x20	 x21:0x00000013 x20:0xe73c5000 x16=0x00000013
        7905000	       789	80000f50	0145d633	srl	x12,x11,x20	 x11:0xfffffff4 x20:0xe73c5000 x12=0xfffffff4
        7915000	       790	80000f54	009cd2b3	srl	x5,x25,x9	 x25:0x00000794  x9:0x0000000e  x5=0x00000000
        7925000	       791	80000f58	b262b213	sltiu	x4,x5,-1242	  x5:0x00000000  x4=0x00000001
        7935000	       792	80000f5c	adb8f1b7	lui	x3,0xadb8f	  x3=0xadb8f000
        7945000	       793	80000f60	40725e33	sra	x28,x4,x7	  x4:0x00000001  x7:0x00000001 x28=0x00000000
        7955000	       794	80000f64	0151f433	and	x8,x3,x21	  x3:0xadb8f000 x21:0x00000013  x8=0x00000000
        7965000	       795	80000f68	00000013	addi	x0,x0,0	  x0:0x00000000
        7975000	       796	80000f6c	01e34c33	xor	x24,x6,x30	  x6:0x80009f24 x30:0x00000009 x24=0x80009f2d
        7985000	       797	80000f70	00000013	addi	x0,x0,0	  x0:0x00000000
        7995000	       798	80000f74	0191b2b3	sltu	x5,x3,x25	  x3:0xadb8f000 x25:0x00000794  x5=0x00000000
        8005000	       799	80000f78	00ffd033	srl	x0,x31,x15	 x31:0x00000000 x15:0x00000000
        8015000	       800	80000f7c	0013dc33	srl	x24,x7,x1	  x7:0x00000001  x1:0x00000420 x24=0x00000001
        8025000	       801	80000f80	9476e737	lui	x14,0x9476e	 x14=0x9476e000
        8035000	       802	80000f84	01b339b3	sltu	x19,x6,x27	  x6:0x80009f24 x27:0x80009fc4 x19=0x00000001
        8045000	       803	80000f88	fabd52e3	bge	x26,x11,80000f2c	 x26:0xfffffff5 x11:0xfffffff4
        8055000	       804	00000000	00000013	addi	x0,x0,0	  x0:0x00000000
        8065000	       805	80000f28	00000013	addi	x0,x0,0	  x0:0x00000000
        8075000	       806	80000f2c	0135bc33	sltu	x24,x11,x19	 x11:0xfffffff4 x19:0x00000001 x24=0x00000000
        8085000	       807	80000f30	b4929137	lui	x2,0xb4929	  x2=0xb4929000
        8095000	       808	80000f34	ffed0d13	addi	x26,x26,-2	 x26:0xfffffff5 x26=0xfffffff3
        8105000	       809	80000f38	01487733	and	x14,x16,x20	 x16:0x00000013 x20:0xe73c5000 x14=0x00000000
        8115000	       810	80000f3c	40ed5113	srai	x2,x26,0xe	 x26:0xfffffff3  x2=0xffffffff
        8125000	       811	80000f40	e73c5a37	lui	x20,0xe73c5	 x20=0xe73c5000
        8135000	       812	80000f44	bb383393	sltiu	x7,x16,-1101	 x16:0x00000013  x7=0x00000001
        8145000	       813	80000f48	01e818b3	sll	x17,x16,x30	 x16:0x00000013 x30:0x00000009 x17=0x00002600
        8155000	       814	80000f4c	414ad833	sra	x16,x21,x20	 x21:0x00000013 x20:0xe73c5000 x16=0x00000013
        8165000	       815	80000f50	0145d633	srl	x12,x11,x20	 x11:0xfffffff4 x20:0xe73c5000 x12=0xfffffff4
        8175000	       816	80000f54	009cd2b3	srl	x5,x25,x9	 x25:0x00000794  x9:0x0000000e  x5=0x00000000
        8185000	       817	80000f58	b262b213	sltiu	x4,x5,-1242	  x5:0x00000000  x4=0x00000001
        8195000	       818	80000f5c	adb8f1b7	lui	x3,0xadb8f	  x3=0xadb8f000
        8205000	       819	80000f60	40725e33	sra	x28,x4,x7	  x4:0x00000001  x7:0x00000001 x28=0x00000000
        8215000	       820	80000f64	0151f433	and	x8,x3,x21	  x3:0xadb8f000 x21:0x00000013  x8=0x00000000
        8225000	       821	80000f68	00000013	addi	x0,x0,0	  x0:0x00000000
        8235000	       822	80000f6c	01e34c33	xor	x24,x6,x30	  x6:0x80009f24 x30:0x00000009 x24=0x80009f2d
        8245000	       823	80000f70	00000013	addi	x0,x0,0	  x0:0x00000000
        8255000	       824	80000f74	0191b2b3	sltu	x5,x3,x25	  x3:0xadb8f000 x25:0x00000794  x5=0x00000000
        8265000	       825	80000f78	00ffd033	srl	x0,x31,x15	 x31:0x00000000 x15:0x00000000
        8275000	       826	80000f7c	0013dc33	srl	x24,x7,x1	  x7:0x00000001  x1:0x00000420 x24=0x00000001
        8285000	       827	80000f80	9476e737	lui	x14,0x9476e	 x14=0x9476e000
        8295000	       828	80000f84	01b339b3	sltu	x19,x6,x27	  x6:0x80009f24 x27:0x80009fc4 x19=0x00000001
        8305000	       829	80000f88	fabd52e3	bge	x26,x11,80000f2c	 x26:0xfffffff3 x11:0xfffffff4
        8315000	       830	80000f8c	01e3c0b3	xor	x1,x7,x30	  x7:0x00000001 x30:0x00000009  x1=0x00000008
        8325000	       831	80000f90	022a6863	bltu	x20,x2,80000fc0	 x20:0xe73c5000  x2:0xffffffff
        8335000	       832	00000000	00000013	addi	x0,x0,0	  x0:0x00000000
        8345000	       833	80000fbc	00000013	addi	x0,x0,0	  x0:0x00000000
        8355000	       834	80000fc0	04226063	bltu	x4,x2,80001000	  x4:0x00000001  x2:0xffffffff
        8365000	       835	00000000	00000013	addi	x0,x0,0	  x0:0x00000000
        8375000	       836	80000ffc	00000013	addi	x0,x0,0	  x0:0x00000000
        8385000	       837	80001000	01e999b3	sll	x19,x19,x30	 x19:0x00000001 x30:0x00000009 x19=0x00000200
        8395000	       838	80001004	055a9663	bne	x21,x21,80001050	 x21:0x00000013 x21:0x00000013
        8405000	       839	80001008	0051f1b3	and	x3,x3,x5	  x3:0xadb8f000  x5:0x00000000  x3=0x00000000
        8415000	       840	8000100c	4195d113	srai	x2,x11,0x19	 x11:0xfffffff4  x2=0xffffffff
        8425000	       841	80001010	0026ecb3	or	x25,x13,x2	 x13:0x00100000  x2:0xffffffff x25=0xffffffff
        8435000	       842	80001014	02f6c263	blt	x13,x15,80001038	 x13:0x00100000 x15:0x00000000
        8445000	       843	80001018	007dec33	or	x24,x27,x7	 x27:0x80009fc4  x7:0x00000001 x24=0x80009fc5
        8455000	       844	8000101c	f4737113	andi	x2,x6,-185	  x6:0x80009f24  x2=0x80009f04
        8465000	       845	80001020	04981063	bne	x16,x9,80001060	 x16:0x00000013  x9:0x0000000e
        8475000	       846	00000000	00000013	addi	x0,x0,0	  x0:0x00000000
        8485000	       847	8000105c	00000013	addi	x0,x0,0	  x0:0x00000000
        8495000	       848	80001060	0189c633	xor	x12,x19,x24	 x19:0x00000200 x24:0x80009fc5 x12=0x80009dc5
        8505000	       849	80001064	01391c33	sll	x24,x18,x19	 x18:0x00000001 x19:0x00000200 x24=0x00000001
        8515000	       850	80001068	0217c463	blt	x15,x1,80001090	 x15:0x00000000  x1:0x00000008
        8525000	       851	00000000	00000013	addi	x0,x0,0	  x0:0x00000000
        8535000	       852	8000108c	00000013	addi	x0,x0,0	  x0:0x00000000
        8545000	       853	80001090	012340b3	xor	x1,x6,x18	  x6:0x80009f24 x18:0x00000001  x1=0x80009f25
        8555000	       854	80001094	01770eb3	add	x29,x14,x23	 x14:0x9476e000 x23:0x00000000 x29=0x9476e000
        8565000	       855	80001098	037e4263	blt	x28,x23,800010bc	 x28:0x00000000 x23:0x00000000
        8575000	       856	8000109c	c3be14b7	lui	x9,0xc3be1	  x9=0xc3be1000
        8585000	       857	800010a0	87540393	addi	x7,x8,-1931	  x8:0x00000000  x7=0xfffff875
        8595000	       858	800010a4	03661c63	bne	x12,x22,800010dc	 x12:0x80009dc5 x22:0x00000002
        8605000	       859	00000000	00000013	addi	x0,x0,0	  x0:0x00000000
        8615000	       860	800010d8	00000013	addi	x0,x0,0	  x0:0x00000000
        8625000	       861	800010dc	00328833	add	x16,x5,x3	  x5:0x00000000  x3:0x00000000 x16=0x00000000
        8635000	       862	800010e0	035a5a63	bge	x20,x21,80001114	 x20:0xe73c5000 x21:0x00000013
        8645000	       863	800010e4	00d41833	sll	x16,x8,x13	  x8:0x00000000 x13:0x00100000 x16=0x00000000
        8655000	       864	800010e8	00d1bbb3	sltu	x23,x3,x13	  x3:0x00000000 x13:0x00100000 x23=0x00000001
        8665000	       865	800010ec	00b9a8b3	slt	x17,x19,x11	 x19:0x00000200 x11:0xfffffff4 x17=0x00000000
        8675000	       866	800010f0	01dbd463	bge	x23,x29,800010f8	 x23:0x00000001 x29:0x9476e000
        8685000	       867	00000000	00000013	addi	x0,x0,0	  x0:0x00000000
        8695000	       868	800010f4	00000013	addi	x0,x0,0	  x0:0x00000000
        8705000	       869	800010f8	00000013	addi	x0,x0,0	  x0:0x00000000
        8715000	       870	800010fc	006c6833	or	x16,x24,x6	 x24:0x00000001  x6:0x80009f24 x16=0x80009f25
        8725000	       871	80001100	00000013	addi	x0,x0,0	  x0:0x00000000
        8735000	       872	80001104	04fc1663	bne	x24,x15,80001150	 x24:0x00000001 x15:0x00000000
        8745000	       873	00000000	00000013	addi	x0,x0,0	  x0:0x00000000
        8755000	       874	8000114c	00000013	addi	x0,x0,0	  x0:0x00000000
        8765000	       875	80001150	01c08863	beq	x1,x28,80001160	  x1:0x80009f25 x28:0x00000000
        8775000	       876	80001154	01eb8c33	add	x24,x23,x30	 x23:0x00000001 x30:0x00000009 x24=0x0000000a
        8785000	       877	80001158	18667793	andi	x15,x12,390	 x12:0x80009dc5 x15=0x00000184
        8795000	       878	8000115c	01a4c133	xor	x2,x9,x26	  x9:0xc3be1000 x26:0xfffffff3  x2=0x3c41eff3
        8805000	       879	80001160	40fed833	sra	x16,x29,x15	 x29:0x9476e000 x15:0x00000184 x16=0xf9476e00
        8815000	       880	80001164	9509ce17	auipc	x28,0x9509c	 x28=0x1509d160
        8825000	       881	80001168	00952b33	slt	x22,x10,x9	 x10:0x00000014  x9:0xc3be1000 x22=0x00000000
        8835000	       882	8000116c	0254c463	blt	x9,x5,80001194	  x9:0xc3be1000  x5:0x00000000
        8845000	       883	00000000	00000013	addi	x0,x0,0	  x0:0x00000000
        8855000	       884	80001190	00000013	addi	x0,x0,0	  x0:0x00000000
        8865000	       885	80001194	013a6bb3	or	x23,x20,x19	 x20:0xe73c5000 x19:0x00000200 x23=0xe73c5200
        8875000	       886	80001198	01d29933	sll	x18,x5,x29	  x5:0x00000000 x29:0x9476e000 x18=0x00000000
        8885000	       887	8000119c	de67c913	xori	x18,x15,-538	 x15:0x00000184 x18=0xfffffc62
        8895000	       888	800011a0	405ed1b3	sra	x3,x29,x5	 x29:0x9476e000  x5:0x00000000  x3=0x9476e000
        8905000	       889	800011a4	93fef613	andi	x12,x29,-1729	 x29:0x9476e000 x12=0x9476e000
        8915000	       890	800011a8	014fd613	srli	x12,x31,0x14	 x31:0x00000000 x12=0x00000000
        8925000	       891	800011ac	01a59833	sll	x16,x11,x26	 x11:0xfffffff4 x26:0xfffffff3 x16=0xffa00000
        8935000	       892	800011b0	36c67637	lui	x12,0x36c67	 x12=0x36c67000
        8945000	       893	800011b4	014087b3	add	x15,x1,x20	  x1:0x80009f25 x20:0xe73c5000 x15=0x673cef25
        8955000	       894	800011b8	005cd0b3	srl	x1,x25,x5	 x25:0xffffffff  x5:0x00000000  x1=0xffffffff
        8965000	       895	800011bc	000b17b3	sll	x15,x22,x0	 x22:0x00000000  x0:0x00000000 x15=0x00000000
        8975000	       896	800011c0	010ac033	xor	x0,x21,x16	 x21:0x00000013 x16:0xffa00000
        8985000	       897	800011c4	03028a63	beq	x5,x16,800011f8	  x5:0x00000000 x16:0xffa00000
        8995000	       898	800011c8	01de5fb3	srl	x31,x28,x29	 x28:0x1509d160 x29:0x9476e000 x31=0x1509d160
        9005000	       899	800011cc	001b3b33	sltu	x22,x22,x1	 x22:0x00000000  x1:0xffffffff x22=0x00000001
        9015000	       900	800011d0	013e4633	xor	x12,x28,x19	 x28:0x1509d160 x19:0x00000200 x12=0x1509d360
        9025000	       901	800011d4	00e95863	bge	x18,x14,800011e4	 x18:0xfffffc62 x14:0x9476e000
        9035000	       902	00000000	00000013	addi	x0,x0,0	  x0:0x00000000
        9045000	       903	800011e0	00000013	addi	x0,x0,0	  x0:0x00000000
        9055000	       904	800011e4	02090463	beq	x18,x0,8000120c	 x18:0xfffffc62  x0:0x00000000
        9065000	       905	800011e8	0241c863	blt	x3,x4,80001218	  x3:0x9476e000  x4:0x00000001
        9075000	       906	00000000	00000013	addi	x0,x0,0	  x0:0x00000000
        9085000	       907	80001214	00000013	addi	x0,x0,0	  x0:0x00000000
        9095000	       908	80001218	02d89c63	bne	x17,x13,80001250	 x17:0x00000000 x13:0x00100000
        9105000	       909	00000000	00000013	addi	x0,x0,0	  x0:0x00000000
        9115000	       910	8000124c	00000013	addi	x0,x0,0	  x0:0x00000000
        9125000	       911	80001250	6ceaa913	slti	x18,x21,1742	 x21:0x00000013 x18=0x00000001
        9135000	       912	80001254	edd60b93	addi	x23,x12,-291	 x12:0x1509d360 x23=0x1509d23d
        9145000	       913	80001258	4c686893	ori	x17,x16,1222	 x16:0xffa00000 x17=0xffa004c6
        9155000	       914	8000125c	058e6063	bltu	x28,x24,8000129c	 x28:0x1509d160 x24:0x0000000a
        9165000	       915	80001260	a8fb8293	addi	x5,x23,-1393	 x23:0x1509d23d  x5=0x1509cccc
        9175000	       916	80001264	5dada893	slti	x17,x27,1498	 x27:0x80009fc4 x17=0x00000001
        9185000	       917	80001268	00000013	addi	x0,x0,0	  x0:0x00000000
        9195000	       918	8000126c	00727263	bgeu	x4,x7,80001270	  x4:0x00000001  x7:0xfffff875
        9205000	       919	80001270	008f4863	blt	x30,x8,80001280	 x30:0x00000009  x8:0x00000000
        9215000	       920	80001274	009573b3	and	x7,x10,x9	 x10:0x00000014  x9:0xc3be1000  x7=0x00000000
        9225000	       921	80001278	007237b3	sltu	x15,x4,x7	  x4:0x00000001  x7:0x00000000 x15=0x00000000
        9235000	       922	8000127c	154a6293	ori	x5,x20,340	 x20:0xe73c5000  x5=0xe73c5154
        9245000	       923	80001280	a15bac93	slti	x25,x23,-1515	 x23:0x1509d23d x25=0x00000000
        9255000	       924	80001284	01d84ab3	xor	x21,x16,x29	 x16:0xffa00000 x29:0x9476e000 x21=0x6bd6e000
        9265000	       925	80001288	199e6c93	ori	x25,x28,409	 x28:0x1509d160 x25=0x1509d1f9
        9275000	       926	8000128c	61133a13	sltiu	x20,x6,1553	  x6:0x80009f24 x20=0x00000000
        9285000	       927	80001290	023e5a63	bge	x28,x3,800012c4	 x28:0x1509d160  x3:0x9476e000
        9295000	       928	00000000	00000013	addi	x0,x0,0	  x0:0x00000000
        9305000	       929	800012c0	00000013	addi	x0,x0,0	  x0:0x00000000
        9315000	       930	800012c4	016b7263	bgeu	x22,x22,800012c8	 x22:0x00000001 x22:0x00000001
        9325000	       931	00000000	00000013	addi	x0,x0,0	  x0:0x00000000
        9335000	       932	800012c4	00000013	addi	x0,x0,0	  x0:0x00000000
        9345000	       933	800012c8	00472d33	slt	x26,x14,x4	 x14:0x9476e000  x4:0x00000001 x26=0x00000001
        9355000	       934	800012cc	02fdc463	blt	x27,x15,800012f4	 x27:0x80009fc4 x15:0x00000000
        9365000	       935	00000000	00000013	addi	x0,x0,0	  x0:0x00000000
        9375000	       936	800012f0	00000013	addi	x0,x0,0	  x0:0x00000000
        9385000	       937	800012f4	03134e63	blt	x6,x17,80001330	  x6:0x80009f24 x17:0x00000001
        9395000	       938	00000000	00000013	addi	x0,x0,0	  x0:0x00000000
        9405000	       939	8000132c	00000013	addi	x0,x0,0	  x0:0x00000000
        9415000	       940	80001330	12d16113	ori	x2,x2,301	  x2:0x3c41eff3  x2=0x3c41efff
        9425000	       941	80001334	0136b433	sltu	x8,x13,x19	 x13:0x00100000 x19:0x00000200  x8=0x00000000
        9435000	       942	80001338	01605913	srli	x18,x0,0x16	  x0:0x00000000 x18=0x00000000
        9445000	       943	8000133c	00000013	addi	x0,x0,0	  x0:0x00000000
        9455000	       944	80001340	00b88033	add	x0,x17,x11	 x17:0x00000001 x11:0xfffffff4
        9465000	       945	80001344	04595263	bge	x18,x5,80001388	 x18:0x00000000  x5:0xe73c5154
        9475000	       946	00000000	00000013	addi	x0,x0,0	  x0:0x00000000
        9485000	       947	80001384	00000013	addi	x0,x0,0	  x0:0x00000000
        9495000	       948	80001388	0089f913	andi	x18,x19,8	 x19:0x00000200 x18=0x00000000
        9505000	       949	8000138c	16a85597	auipc	x11,0x16a85	 x11=0x96a86388
        9515000	       950	80001390	00000013	addi	x0,x0,0	  x0:0x00000000
        9525000	       951	80001394	53af6a13	ori	x20,x30,1338	 x30:0x00000009 x20=0x0000053b
        9535000	       952	80001398	e14c7897	auipc	x17,0xe14c7	 x17=0x614c8394
        9545000	       953	8000139c	e321b893	sltiu	x17,x3,-462	  x3:0x9476e000 x17=0x00000001
        9555000	       954	800013a0	00000013	addi	x0,x0,0	  x0:0x00000000
        9565000	       955	800013a4	00000013	addi	x0,x0,0	  x0:0x00000000
        9575000	       956	800013a8	00eb1833	sll	x16,x22,x14	 x22:0x00000001 x14:0x9476e000 x16=0x00000001
        9585000	       957	800013ac	584b9837	lui	x16,0x584b9	 x16=0x584b9000
        9595000	       958	800013b0	c568ac13	slti	x24,x17,-938	 x17:0x00000001 x24=0x00000000
        9605000	       959	800013b4	015a7b33	and	x22,x20,x21	 x20:0x0000053b x21:0x6bd6e000 x22=0x00000000
        9615000	       960	800013b8	00ed9c13	slli	x24,x27,0xe	 x27:0x80009fc4 x24=0x27f10000
        9625000	       961	800013bc	01458bb3	add	x23,x11,x20	 x11:0x96a86388 x20:0x0000053b x23=0x96a868c3
        9635000	       962	800013c0	40f6d713	srai	x14,x13,0xf	 x13:0x00100000 x14=0x00000020
        9645000	       963	800013c4	40db5913	srai	x18,x22,0xd	 x22:0x00000000 x18=0x00000000
        9655000	       964	800013c8	00d2c3b3	xor	x7,x5,x13	  x5:0xe73c5154 x13:0x00100000  x7=0xe72c5154
        9665000	       965	800013cc	d8dcc893	xori	x17,x25,-627	 x25:0x1509d1f9 x17=0xeaf62c74
        9675000	       966	800013d0	b5b0f613	andi	x12,x1,-1189	  x1:0xffffffff x12=0xfffffb5b
        9685000	       967	800013d4	00ab2813	slti	x16,x22,10	 x22:0x00000000 x16=0x00000001
        9695000	       968	800013d8	0133d233	srl	x4,x7,x19	  x7:0xe72c5154 x19:0x00000200  x4=0xe72c5154
        9705000	       969	800013dc	671bbbb7	lui	x23,0x671bb	 x23=0x671bb000
        9715000	       970	800013e0	05440663	beq	x8,x20,8000142c	  x8:0x00000000 x20:0x0000053b
        9725000	       971	800013e4	042a5663	bge	x20,x2,80001430	 x20:0x0000053b  x2:0x3c41efff
        9735000	       972	800013e8	00d70033	add	x0,x14,x13	 x14:0x00000020 x13:0x00100000
        9745000	       973	800013ec	01f23bb3	sltu	x23,x4,x31	  x4:0xe72c5154 x31:0x1509d160 x23=0x00000000
        9755000	       974	800013f0	41d25633	sra	x12,x4,x29	  x4:0xe72c5154 x29:0x9476e000 x12=0xe72c5154
        9765000	       975	800013f4	0090d293	srli	x5,x1,0x9	  x1:0xffffffff  x5=0x007fffff
        9775000	       976	800013f8	502b0593	addi	x11,x22,1282	 x22:0x00000000 x11=0x00000502
        9785000	       977	800013fc	01527ab3	and	x21,x4,x21	  x4:0xe72c5154 x21:0x6bd6e000 x21=0x63044000
        9795000	       978	80001400	00a7eab3	or	x21,x15,x10	 x15:0x00000000 x10:0x00000014 x21=0x00000014
        9805000	       979	80001404	018d7263	bgeu	x26,x24,80001408	 x26:0x00000001 x24:0x27f10000
        9815000	       980	80001408	213f6913	ori	x18,x30,531	 x30:0x00000009 x18=0x0000021b
        9825000	       981	8000140c	005bca33	xor	x20,x23,x5	 x23:0x00000000  x5:0x007fffff x20=0x007fffff
        9835000	       982	80001410	d983f517	auipc	x10,0xd983f	 x10=0x5984040c
        9845000	       983	80001414	00e90733	add	x14,x18,x14	 x18:0x0000021b x14:0x00000020 x14=0x0000023b
        9855000	       984	80001418	04cff063	bgeu	x31,x12,80001458	 x31:0x1509d160 x12:0xe72c5154
        9865000	       985	8000141c	ec113b93	sltiu	x23,x2,-319	  x2:0x3c41efff x23=0x00000001
        9875000	       986	80001420	c6557493	andi	x9,x10,-923	 x10:0x5984040c  x9=0x59840404
        9885000	       987	80001424	cba37593	andi	x11,x6,-838	  x6:0x80009f24 x11=0x80009c20
        9895000	       988	80001428	422cb913	sltiu	x18,x25,1058	 x25:0x1509d1f9 x18=0x00000000
        9905000	       989	8000142c	0078d2b3	srl	x5,x17,x7	 x17:0xeaf62c74  x7:0xe72c5154  x5=0x00000eaf
        9915000	       990	80001430	403881b3	sub	x3,x17,x3	 x17:0xeaf62c74  x3:0x9476e000  x3=0x567f4c74
        9925000	       991	80001434	d1283a93	sltiu	x21,x16,-750	 x16:0x00000001 x21=0x00000001
        9935000	       992	80001438	407f5013	srai	x0,x30,0x7	 x30:0x00000009
        9945000	       993	8000143c	01630263	beq	x6,x22,80001440	  x6:0x80009f24 x22:0x00000000
        9955000	       994	80001440	0034e2b3	or	x5,x9,x3	  x9:0x59840404  x3:0x567f4c74  x5=0x5fff4c74
        9965000	       995	80001444	01a941b3	xor	x3,x18,x26	 x18:0x00000000 x26:0x00000001  x3=0x00000001
        9975000	       996	80001448	01125293	srli	x5,x4,0x11	  x4:0xe72c5154  x5=0x00007396
        9985000	       997	8000144c	05d05063	bge	x0,x29,8000148c	  x0:0x00000000 x29:0x9476e000
        9995000	       998	00000000	00000013	addi	x0,x0,0	  x0:0x00000000
       10005000	       999	80001488	00000013	addi	x0,x0,0	  x0:0x00000000
       10015000	      1000	8000148c	a88da7b7	lui	x15,0xa88da	 x15=0xa88da000
       10025000	      1001	80001490	000f13b3	sll	x7,x30,x0	 x30:0x00000009  x0:0x00000000  x7=0x00000009
       10035000	      1002	80001494	41c35293	srai	x5,x6,0x1c	  x6:0x80009f24  x5=0xfffffff8
       10045000	      1003	80001498	0028e4b3	or	x9,x17,x2	 x17:0xeaf62c74  x2:0x3c41efff  x9=0xfef7efff
       10055000	      1004	8000149c	00f00863	beq	x0,x15,800014ac	  x0:0x00000000 x15:0xa88da000
       10065000	      1005	800014a0	0058e4b3	or	x9,x17,x5	 x17:0xeaf62c74  x5:0xfffffff8  x9=0xfffffffc
       10075000	      1006	800014a4	f95f4e17	auipc	x28,0xf95f4	 x28=0x795f54a0
       10085000	      1007	800014a8	006b7833	and	x16,x22,x6	 x22:0x00000000  x6:0x80009f24 x16=0x00000000
       10095000	      1008	800014ac	00b24ab3	xor	x21,x4,x11	  x4:0xe72c5154 x11:0x80009c20 x21=0x672ccd74
       10105000	      1009	800014b0	01e16d33	or	x26,x2,x30	  x2:0x3c41efff x30:0x00000009 x26=0x3c41efff
       10115000	      1010	800014b4	012c6eb3	or	x29,x24,x18	 x24:0x27f10000 x18:0x00000000 x29=0x27f10000
       10125000	      1011	800014b8	40bc87b3	sub	x15,x25,x11	 x25:0x1509d1f9 x11:0x80009c20 x15=0x950935d9
       10135000	      1012	800014bc	c53c4d13	xori	x26,x24,-941	 x24:0x27f10000 x26=0xd80efc53
       10145000	      1013	800014c0	9e6dc997	auipc	x19,0x9e6dc	 x19=0x1e6dd4bc
       10155000	      1014	800014c4	0200e263	bltu	x1,x0,800014e8	  x1:0xffffffff  x0:0x00000000
       10165000	      1015	800014c8	0076cab3	xor	x21,x13,x7	 x13:0x00100000  x7:0x00000009 x21=0x00100009
       10175000	      1016	800014cc	28126813	ori	x16,x4,641	  x4:0xe72c5154 x16=0xe72c53d5
       10185000	      1017	800014d0	00d95863	bge	x18,x13,800014e0	 x18:0x00000000 x13:0x00100000
       10195000	      1018	800014d4	40ffda33	sra	x20,x31,x15	 x31:0x1509d160 x15:0x950935d9 x20=0x0000000a
       10205000	      1019	800014d8	03d64463	blt	x12,x29,80001500	 x12:0xe72c5154 x29:0x27f10000
       10215000	      1020	00000000	00000013	addi	x0,x0,0	  x0:0x00000000
       10225000	      1021	800014fc	00000013	addi	x0,x0,0	  x0:0x00000000
       10235000	      1022	80001500	7455eb93	ori	x23,x11,1861	 x11:0x80009c20 x23=0x80009f65
       10245000	      1023	80001504	016993b3	sll	x7,x19,x22	 x19:0x1e6dd4bc x22:0x00000000  x7=0x1e6dd4bc
       10255000	      1024	80001508	0249d863	bge	x19,x4,80001538	 x19:0x1e6dd4bc  x4:0xe72c5154
       10265000	      1025	00000000	00000013	addi	x0,x0,0	  x0:0x00000000
       10275000	      1026	80001534	00000013	addi	x0,x0,0	  x0:0x00000000
       10285000	      1027	80001538	00139e33	sll	x28,x7,x1	  x7:0x1e6dd4bc  x1:0xffffffff x28=0x00000000
       10295000	      1028	8000153c	db0a8517	auipc	x10,0xdb0a8	 x10=0x5b0a9538
       10305000	      1029	80001540	6fb92f93	slti	x31,x18,1787	 x18:0x00000000 x31=0x00000001
       10315000	      1030	80001544	0296d863	bge	x13,x9,80001574	 x13:0x00100000  x9:0xfffffffc
       10325000	      1031	00000000	00000013	addi	x0,x0,0	  x0:0x00000000
       10335000	      1032	80001570	00000013	addi	x0,x0,0	  x0:0x00000000
       10345000	      1033	80001574	2e1547b7	lui	x15,0x2e154	 x15=0x2e154000
       10355000	      1034	80001578	0288f063	bgeu	x17,x8,80001598	 x17:0xeaf62c74  x8:0x00000000
       10365000	      1035	00000000	00000013	addi	x0,x0,0	  x0:0x00000000
       10375000	      1036	80001594	00000013	addi	x0,x0,0	  x0:0x00000000
       10385000	      1037	80001598	03db4a63	blt	x22,x29,800015cc	 x22:0x00000000 x29:0x27f10000
       10395000	      1038	00000000	00000013	addi	x0,x0,0	  x0:0x00000000
       10405000	      1039	800015c8	00000013	addi	x0,x0,0	  x0:0x00000000
       10415000	      1040	800015cc	00fa82b3	add	x5,x21,x15	 x21:0x00100009 x15:0x2e154000  x5=0x2e254009
       10425000	      1041	800015d0	a7ef2b37	lui	x22,0xa7ef2	 x22=0xa7ef2000
       10435000	      1042	800015d4	40d4b613	sltiu	x12,x9,1037	  x9:0xfffffffc x12=0x00000000
       10445000	      1043	800015d8	676a6e13	ori	x28,x20,1654	 x20:0x0000000a x28=0x0000067e
       10455000	      1044	800015dc	0145dab3	srl	x21,x11,x20	 x11:0x80009c20 x20:0x0000000a x21=0x00200027
       10465000	      1045	800015e0	00945633	srl	x12,x8,x9	  x8:0x00000000  x9:0xfffffffc x12=0x00000000
       10475000	      1046	800015e4	7deee437	lui	x8,0x7deee	  x8=0x7deee000
       10485000	      1047	800015e8	100a8593	addi	x11,x21,256	 x21:0x00200027 x11=0x00200127
       10495000	      1048	800015ec	05b20893	addi	x17,x4,91	  x4:0xe72c5154 x17=0xe72c51af
       10505000	      1049	800015f0	00499863	bne	x19,x4,80001600	 x19:0x1e6dd4bc  x4:0xe72c5154
       10515000	      1050	00000000	00000013	addi	x0,x0,0	  x0:0x00000000
       10525000	      1051	800015fc	00000013	addi	x0,x0,0	  x0:0x00000000
       10535000	      1052	80001600	01acb1b3	sltu	x3,x25,x26	 x25:0x1509d1f9 x26:0xd80efc53  x3=0x00000001
       10545000	      1053	80001604	b979b493	sltiu	x9,x19,-1129	 x19:0x1e6dd4bc  x9=0x00000001
       10555000	      1054	80001608	01ca1d33	sll	x26,x20,x28	 x20:0x0000000a x28:0x0000067e x26=0x80000000
       10565000	      1055	8000160c	057bf463	bgeu	x23,x23,80001654	 x23:0x80009f65 x23:0x80009f65
       10575000	      1056	00000000	00000013	addi	x0,x0,0	  x0:0x00000000
       10585000	      1057	80001650	00000013	addi	x0,x0,0	  x0:0x00000000
       10595000	      1058	80001654	01050533	add	x10,x10,x16	 x10:0x5b0a9538 x16:0xe72c53d5 x10=0x4236e90d
       10605000	      1059	80001658	a379f293	andi	x5,x19,-1481	 x19:0x1e6dd4bc  x5=0x1e6dd034
       10615000	      1060	8000165c	00432083	lw	x1,4(x6)	  x6:0x80009f24  x1=0x80001a18 PA:0x80009f28
       10625000	      1061	80001660	017998b3	sll	x17,x19,x23	 x19:0x1e6dd4bc x23:0x80009f65 x17=0xcdba9780
       10635000	      1062	80001664	03430313	addi	x6,x6,52	  x6:0x80009f24  x6=0x80009f58
       10645000	      1063	80001668	7d7e8993	addi	x19,x29,2007	 x29:0x27f10000 x19=0x27f107d7
       10655000	      1064	8000166c	00000013	addi	x0,x0,0	  x0:0x00000000
       10665000	      1065	80001670	00008d13	addi	x26,x1,0	  x1:0x80001a18 x26=0x80001a18
       10675000	      1066	80001674	000d0d67	jalr	x26,x26,0	 x26:0x80001a18 x26=0x80001674
       10685000	      1067	00000000	00000013	addi	x0,x0,0	  x0:0x00000000
       10695000	      1068	80001a18	00000013	addi	x0,x0,0	  x0:0x00000000
       10705000	      1069	80001a1c	002a5133	srl	x2,x20,x2	 x20:0x0000000a  x2:0x3c41efff  x2=0x00000000
       10715000	      1070	80001a20	02a56663	bltu	x10,x10,80001a4c	 x10:0x4236e90d x10:0x4236e90d
       10725000	      1071	80001a24	01840933	add	x18,x8,x24	  x8:0x7deee000 x24:0x27f10000 x18=0xa5dfe000
       10735000	      1072	80001a28	409604b3	sub	x9,x12,x9	 x12:0x00000000  x9:0x00000001  x9=0xffffffff
       10745000	      1073	80001a2c	f3f3ce13	xori	x28,x7,-193	  x7:0x1e6dd4bc x28=0xe1922b83
       10755000	      1074	80001a30	b2656f93	ori	x31,x10,-1242	 x10:0x4236e90d x31=0xfffffb2f
       10765000	      1075	80001a34	01d79ab3	sll	x21,x15,x29	 x15:0x2e154000 x29:0x27f10000 x21=0x2e154000
       10775000	      1076	80001a38	417f81b3	sub	x3,x31,x23	 x31:0xfffffb2f x23:0x80009f65  x3=0x7fff5bca
       10785000	      1077	80001a3c	00c86863	bltu	x16,x12,80001a4c	 x16:0xe72c53d5 x12:0x00000000
       10795000	      1078	80001a40	00d2e833	or	x16,x5,x13	  x5:0x1e6dd034 x13:0x00100000 x16=0x1e7dd034
       10805000	      1079	80001a44	40215013	srai	x0,x2,0x2	  x2:0x00000000
       10815000	      1080	80001a48	00c09793	slli	x15,x1,0xc	  x1:0x80001a18 x15=0x01a18000
       10825000	      1081	80001a4c	015dfa33	and	x20,x27,x21	 x27:0x80009fc4 x21:0x2e154000 x20=0x00000000
       10835000	      1082	80001a50	01a81713	slli	x14,x16,0x1a	 x16:0x1e7dd034 x14=0xd0000000
       10845000	      1083	80001a54	00432083	lw	x1,4(x6)	  x6:0x80009f58  x1=0x80000140 PA:0x80009f5c
       10855000	      1084	80001a58	26eb1e17	auipc	x28,0x26eb1	 x28=0xa6eb2a54
       10865000	      1085	80001a5c	40f15e93	srai	x29,x2,0xf	  x2:0x00000000 x29=0x00000000
       10875000	      1086	80001a60	02c30313	addi	x6,x6,44	  x6:0x80009f58  x6=0x80009f84
       10885000	      1087	80001a64	415784b3	sub	x9,x15,x21	 x15:0x01a18000 x21:0x2e154000  x9=0xd38c4000
       10895000	      1088	80001a68	00108193	addi	x3,x1,1	  x1:0x80000140  x3=0x80000141
       10905000	      1089	80001a6c	000181e7	jalr	x3,x3,0	  x3:0x80000141  x3=0x80001a6c
       10915000	      1090	00000000	00000013	addi	x0,x0,0	  x0:0x00000000
       10925000	      1091	80000140	00000013	addi	x0,x0,0	  x0:0x00000000
       10935000	      1092	80000144	53103eb7	lui	x29,0x53103	 x29=0x53103000
       10945000	      1093	80000148	bcb3b793	sltiu	x15,x7,-1077	  x7:0x1e6dd4bc x15=0x00000001
       10955000	      1094	8000014c	b8b1bc13	sltiu	x24,x3,-1141	  x3:0x80001a6c x24=0x00000001
       10965000	      1095	80000150	000e9a93	slli	x21,x29,0x0	 x29:0x53103000 x21=0x53103000
       10975000	      1096	80000154	00000817	auipc	x16,0x0	 x16=0x80000150
       10985000	      1097	80000158	6a080813	addi	x16,x16,1696	 x16:0x80000150 x16=0x800007f0
       10995000	      1098	8000015c	41f78733	sub	x14,x15,x31	 x15:0x00000001 x31:0xfffffb2f x14=0x000004d2
       11005000	      1099	80000160	4e807913	andi	x18,x0,1256	  x0:0x00000000 x18=0x00000000
       11015000	      1100	80000164	bbb70a17	auipc	x20,0xbbb70	 x20=0x3bb70160
       11025000	      1101	80000168	af887d13	andi	x26,x16,-1288	 x16:0x800007f0 x26=0x800002f0
       11035000	      1102	8000016c	00eb55b3	srl	x11,x22,x14	 x22:0xa7ef2000 x14:0x000004d2 x11=0x000029fb
       11045000	      1103	80000170	00680813	addi	x16,x16,6	 x16:0x800007f0 x16=0x800007f6
       11055000	      1104	80000174	01cca2b3	slt	x5,x25,x28	 x25:0x1509d1f9 x28:0xa6eb2a54  x5=0x00000000
       11065000	      1105	80000178	ffa800e7	jalr	x1,x16,-6	 x16:0x800007f6  x1=0x80000178
       11075000	      1106	00000000	00000013	addi	x0,x0,0	  x0:0x00000000
       11085000	      1107	800007f0	00000013	addi	x0,x0,0	  x0:0x00000000
       11095000	      1108	800007f4	5ada7013	andi	x0,x20,1453	 x20:0x3bb70160
       11105000	      1109	800007f8	ff030313	addi	x6,x6,-16	  x6:0x80009f84  x6=0x80009f74
       11115000	      1110	800007fc	41b3d233	sra	x4,x7,x27	  x7:0x1e6dd4bc x27:0x80009fc4  x4=0x01e6dd4b
       11125000	      1111	80000800	00132223	sw	x1,4(x6)	  x6:0x80009f74  x1:0x80000178 PA:0x80009f78
       11135000	      1112	80000804	016dad33	slt	x26,x27,x22	 x27:0x80009fc4 x22:0xa7ef2000 x26=0x00000001
       11145000	      1113	80000808	00200a13	addi	x20,x0,2	  x0:0x00000000 x20=0x00000002
       11155000	      1114	8000080c	00d6de33	srl	x28,x13,x13	 x13:0x00100000 x13:0x00100000 x28=0x00100000
       11165000	      1115	80000810	f3d865b7	lui	x11,0xf3d86	 x11=0xf3d86000
       11175000	      1116	80000814	00a00893	addi	x17,x0,10	  x0:0x00000000 x17=0x0000000a
       11185000	      1117	80000818	41a95cb3	sra	x25,x18,x26	 x18:0x00000000 x26:0x00000001 x25=0x00000000
       11195000	      1118	8000081c	005fe1b3	or	x3,x31,x5	 x31:0xfffffb2f  x5:0x00000000  x3=0xfffffb2f
       11205000	      1119	80000820	019f5633	srl	x12,x30,x25	 x30:0x00000009 x25:0x00000000 x12=0x00000009
       11215000	      1120	80000824	417f85b3	sub	x11,x31,x23	 x31:0xfffffb2f x23:0x80009f65 x11=0x7fff5bca
       11225000	      1121	80000828	9cf77093	andi	x1,x14,-1585	 x14:0x000004d2  x1=0x000000c2
       11235000	      1122	8000082c	0184f233	and	x4,x9,x24	  x9:0xd38c4000 x24:0x00000001  x4=0x00000000
       11245000	      1123	80000830	00000013	addi	x0,x0,0	  x0:0x00000000
       11255000	      1124	80000834	5db5e013	ori	x0,x11,1499	 x11:0x7fff5bca
       11265000	      1125	80000838	51462213	slti	x4,x12,1300	 x12:0x00000009  x4=0x00000001
       11275000	      1126	8000083c	00aa0a13	addi	x20,x20,10	 x20:0x00000002 x20=0x0000000c
       11285000	      1127	80000840	0c8f6593	ori	x11,x30,200	 x30:0x00000009 x11=0x000000c9
       11295000	      1128	80000844	002b5cb3	srl	x25,x22,x2	 x22:0xa7ef2000  x2:0x00000000 x25=0xa7ef2000
       11305000	      1129	80000848	ff1a60e3	bltu	x20,x17,80000828	 x20:0x0000000c x17:0x0000000a
       11315000	      1130	8000084c	58d48793	addi	x15,x9,1421	  x9:0xd38c4000 x15=0xd38c458d
       11325000	      1131	80000850	00300493	addi	x9,x0,3	  x0:0x00000000  x9=0x00000003
       11335000	      1132	80000854	64cfe793	ori	x15,x31,1612	 x31:0xfffffb2f x15=0xffffff6f
       11345000	      1133	80000858	01b9df93	srli	x31,x19,0x1b	 x19:0x27f107d7 x31=0x00000004
       11355000	      1134	8000085c	00359fb3	sll	x31,x11,x3	 x11:0x000000c9  x3:0xfffffb2f x31=0x00648000
       11365000	      1135	80000860	3bebed17	auipc	x26,0x3bebe	 x26=0xbbebe85c
       11375000	      1136	80000864	01657e33	and	x28,x10,x22	 x10:0x4236e90d x22:0xa7ef2000 x28=0x02262000
       11385000	      1137	80000868	01b29d13	slli	x26,x5,0x1b	  x5:0x00000000 x26=0x00000000
       11395000	      1138	8000086c	f0412593	slti	x11,x2,-252	  x2:0x00000000 x11=0x00000000
       11405000	      1139	80000870	418f8633	sub	x12,x31,x24	 x31:0x00648000 x24:0x00000001 x12=0x00647fff
       11415000	      1140	80000874	01a6bbb3	sltu	x23,x13,x26	 x13:0x00100000 x26:0x00000000 x23=0x00000000
       11425000	      1141	80000878	0141b933	sltu	x18,x3,x20	  x3:0xfffffb2f x20:0x0000000c x18=0x00000000
       11435000	      1142	8000087c	0138cd33	xor	x26,x17,x19	 x17:0x0000000a x19:0x27f107d7 x26=0x27f107dd
       11445000	      1143	80000880	00f00813	addi	x16,x0,15	  x0:0x00000000 x16=0x0000000f
       11455000	      1144	80000884	40a2d533	sra	x10,x5,x10	  x5:0x00000000 x10:0x4236e90d x10=0x00000000
       11465000	      1145	80000888	00a0cb33	xor	x22,x1,x10	  x1:0x000000c2 x10:0x00000000 x22=0x000000c2
       11475000	      1146	8000088c	00648493	addi	x9,x9,6	  x9:0x00000003  x9=0x00000009
       11485000	      1147	80000890	f2cb1d17	auipc	x26,0xf2cb1	 x26=0x72cb188c
       11495000	      1148	80000894	0055d393	srli	x7,x11,0x5	 x11:0x00000000  x7=0x00000000
       11505000	      1149	80000898	01639293	slli	x5,x7,0x16	  x7:0x00000000  x5=0x00000000
       11515000	      1150	8000089c	7a43c893	xori	x17,x7,1956	  x7:0x00000000 x17=0x000007a4
       11525000	      1151	800008a0	0097fab3	and	x21,x15,x9	 x15:0xffffff6f  x9:0x00000009 x21=0x00000009
       11535000	      1152	800008a4	ff0482e3	beq	x9,x16,80000888	  x9:0x00000009 x16:0x0000000f
       11545000	      1153	800008a8	113dfb17	auipc	x22,0x113df	 x22=0x913df8a4
       11555000	      1154	800008ac	00a00813	addi	x16,x0,10	  x0:0x00000000 x16=0x0000000a
       11565000	      1155	800008b0	00a00b93	addi	x23,x0,10	  x0:0x00000000 x23=0x0000000a
       11575000	      1156	800008b4	410388b3	sub	x17,x7,x16	  x7:0x00000000 x16:0x0000000a x17=0xfffffff6
       11585000	      1157	800008b8	d46a6693	ori	x13,x20,-698	 x20:0x0000000c x13=0xfffffd4e
       11595000	      1158	800008bc	ff780813	addi	x16,x16,-9	 x16:0x0000000a x16=0x00000001
       11605000	      1159	800008c0	ff787ae3	bgeu	x16,x23,800008b4	 x16:0x00000001 x23:0x0000000a
       11615000	      1160	800008c4	00a30ab3	add	x21,x6,x10	  x6:0x80009f74 x10:0x00000000 x21=0x80009f74
       11625000	      1161	800008c8	02557463	bgeu	x10,x5,800008f0	 x10:0x00000000  x5:0x00000000
       11635000	      1162	00000000	00000013	addi	x0,x0,0	  x0:0x00000000
       11645000	      1163	800008ec	00000013	addi	x0,x0,0	  x0:0x00000000
       11655000	      1164	800008f0	00000013	addi	x0,x0,0	  x0:0x00000000
       11665000	      1165	800008f4	016557b3	srl	x15,x10,x22	 x10:0x00000000 x22:0x913df8a4 x15=0x00000000
       11675000	      1166	800008f8	4a658c13	addi	x24,x11,1190	 x11:0x00000000 x24=0x000004a6
       11685000	      1167	800008fc	f9c52a13	slti	x20,x10,-100	 x10:0x00000000 x20=0x00000000
       11695000	      1168	80000900	0256d063	bge	x13,x5,80000920	 x13:0xfffffd4e  x5:0x00000000
       11705000	      1169	80000904	046ec663	blt	x29,x6,80000950	 x29:0x53103000  x6:0x80009f74
       11715000	      1170	80000908	01f20833	add	x16,x4,x31	  x4:0x00000001 x31:0x00648000 x16=0x00648001
       11725000	      1171	8000090c	e41ecc93	xori	x25,x29,-447	 x29:0x53103000 x25=0xacefce41
       11735000	      1172	80000910	0093f7b3	and	x15,x7,x9	  x7:0x00000000  x9:0x00000009 x15=0x00000000
       11745000	      1173	80000914	a8204a13	xori	x20,x0,-1406	  x0:0x00000000 x20=0xfffffa82
       11755000	      1174	80000918	00000013	addi	x0,x0,0	  x0:0x00000000
       11765000	      1175	8000091c	859eff93	andi	x31,x29,-1959	 x29:0x53103000 x31=0x53103000
       11775000	      1176	80000920	cd907993	andi	x19,x0,-807	  x0:0x00000000 x19=0x00000000
       11785000	      1177	80000924	002ff463	bgeu	x31,x2,8000092c	 x31:0x53103000  x2:0x00000000
       11795000	      1178	00000000	00000013	addi	x0,x0,0	  x0:0x00000000
       11805000	      1179	80000928	00000013	addi	x0,x0,0	  x0:0x00000000
       11815000	      1180	8000092c	f53ffe93	andi	x29,x31,-173	 x31:0x53103000 x29=0x53103000
       11825000	      1181	80000930	40afd433	sra	x8,x31,x10	 x31:0x53103000 x10:0x00000000  x8=0x53103000
       11835000	      1182	80000934	4cf22813	slti	x16,x4,1231	  x4:0x00000001 x16=0x00000001
       11845000	      1183	80000938	40c95033	sra	x0,x18,x12	 x18:0x00000000 x12:0x00647fff
       11855000	      1184	8000093c	68f1e213	ori	x4,x3,1679	  x3:0xfffffb2f  x4=0xffffffaf
       11865000	      1185	80000940	f59e4e13	xori	x28,x28,-167	 x28:0x02262000 x28=0xfdd9df59
       11875000	      1186	80000944	00000013	addi	x0,x0,0	  x0:0x00000000
       11885000	      1187	80000948	03d7c263	blt	x15,x29,8000096c	 x15:0x00000000 x29:0x53103000
       11895000	      1188	00000000	00000013	addi	x0,x0,0	  x0:0x00000000
       11905000	      1189	80000968	00000013	addi	x0,x0,0	  x0:0x00000000
       11915000	      1190	8000096c	52e8e693	ori	x13,x17,1326	 x17:0xfffffff6 x13=0xfffffffe
       11925000	      1191	80000970	0196da63	bge	x13,x25,80000984	 x13:0xfffffffe x25:0xacefce41
       11935000	      1192	00000000	00000013	addi	x0,x0,0	  x0:0x00000000
       11945000	      1193	80000980	00000013	addi	x0,x0,0	  x0:0x00000000
       11955000	      1194	80000984	00e57a63	bgeu	x10,x14,80000998	 x10:0x00000000 x14:0x000004d2
       11965000	      1195	80000988	0077f863	bgeu	x15,x7,80000998	 x15:0x00000000  x7:0x00000000
       11975000	      1196	00000000	00000013	addi	x0,x0,0	  x0:0x00000000
       11985000	      1197	80000994	00000013	addi	x0,x0,0	  x0:0x00000000
       11995000	      1198	80000998	2d55a993	slti	x19,x11,725	 x11:0x00000000 x19=0x00000001
       12005000	      1199	8000099c	01f1eab3	or	x21,x3,x31	  x3:0xfffffb2f x31:0x53103000 x21=0xfffffb2f
       12015000	      1200	800009a0	000ed533	srl	x10,x29,x0	 x29:0x53103000  x0:0x00000000 x10=0x53103000
       12025000	      1201	800009a4	03966263	bltu	x12,x25,800009c8	 x12:0x00647fff x25:0xacefce41
       12035000	      1202	00000000	00000013	addi	x0,x0,0	  x0:0x00000000
       12045000	      1203	800009c4	00000013	addi	x0,x0,0	  x0:0x00000000
       12055000	      1204	800009c8	40165513	srai	x10,x12,0x1	 x12:0x00647fff x10=0x00323fff
       12065000	      1205	800009cc	37276213	ori	x4,x14,882	 x14:0x000004d2  x4=0x000007f2
       12075000	      1206	800009d0	41120433	sub	x8,x4,x17	  x4:0x000007f2 x17:0xfffffff6  x8=0x000007fc
       12085000	      1207	800009d4	9a5b4a13	xori	x20,x22,-1627	 x22:0x913df8a4 x20=0x6ec20101
       12095000	      1208	800009d8	01d58933	add	x18,x11,x29	 x11:0x00000000 x29:0x53103000 x18=0x53103000
       12105000	      1209	800009dc	41028a33	sub	x20,x5,x16	  x5:0x00000000 x16:0x00000001 x20=0xffffffff
       12115000	      1210	800009e0	00aceb33	or	x22,x25,x10	 x25:0xacefce41 x10:0x00323fff x22=0xacffffff
       12125000	      1211	800009e4	ff700293	addi	x5,x0,-9	  x0:0x00000000  x5=0xfffffff7
       12135000	      1212	800009e8	00000013	addi	x0,x0,0	  x0:0x00000000
       12145000	      1213	800009ec	0342aa93	slti	x21,x5,52	  x5:0xfffffff7 x21=0x00000001
       12155000	      1214	800009f0	413808b3	sub	x17,x16,x19	 x16:0x00000001 x19:0x00000001 x17=0x00000000
       12165000	      1215	800009f4	00e00b93	addi	x23,x0,14	  x0:0x00000000 x23=0x0000000e
       12175000	      1216	800009f8	65406013	ori	x0,x0,1620	  x0:0x00000000
       12185000	      1217	800009fc	34863693	sltiu	x13,x12,840	 x12:0x00647fff x13=0x00000000
       12195000	      1218	80000a00	3dcd8a93	addi	x21,x27,988	 x27:0x80009fc4 x21=0x8000a3a0
       12205000	      1219	80000a04	40bbd593	srai	x11,x23,0xb	 x23:0x0000000e x11=0x00000000
       12215000	      1220	80000a08	bebc2693	slti	x13,x24,-1045	 x24:0x000004a6 x13=0x00000000
       12225000	      1221	80000a0c	d7448f93	addi	x31,x9,-652	  x9:0x00000009 x31=0xfffffd7d
       12235000	      1222	80000a10	00728293	addi	x5,x5,7	  x5:0xfffffff7  x5=0xfffffffe
       12245000	      1223	80000a14	f3ddbb13	sltiu	x22,x27,-195	 x27:0x80009fc4 x22=0x00000001
       12255000	      1224	80000a18	41f9dd33	sra	x26,x19,x31	 x19:0x00000001 x31:0xfffffd7d x26=0x00000000
       12265000	      1225	80000a1c	00000013	addi	x0,x0,0	  x0:0x00000000
       12275000	      1226	80000a20	ff72c0e3	blt	x5,x23,80000a00	  x5:0xfffffffe x23:0x0000000e
       12285000	      1227	00000000	00000013	addi	x0,x0,0	  x0:0x00000000
       12295000	      1228	800009fc	00000013	addi	x0,x0,0	  x0:0x00000000
       12305000	      1229	80000a00	3dcd8a93	addi	x21,x27,988	 x27:0x80009fc4 x21=0x8000a3a0
       12315000	      1230	80000a04	40bbd593	srai	x11,x23,0xb	 x23:0x0000000e x11=0x00000000
       12325000	      1231	80000a08	bebc2693	slti	x13,x24,-1045	 x24:0x000004a6 x13=0x00000000
       12335000	      1232	80000a0c	d7448f93	addi	x31,x9,-652	  x9:0x00000009 x31=0xfffffd7d
       12345000	      1233	80000a10	00728293	addi	x5,x5,7	  x5:0xfffffffe  x5=0x00000005
       12355000	      1234	80000a14	f3ddbb13	sltiu	x22,x27,-195	 x27:0x80009fc4 x22=0x00000001
       12365000	      1235	80000a18	41f9dd33	sra	x26,x19,x31	 x19:0x00000001 x31:0xfffffd7d x26=0x00000000
       12375000	      1236	80000a1c	00000013	addi	x0,x0,0	  x0:0x00000000
       12385000	      1237	80000a20	ff72c0e3	blt	x5,x23,80000a00	  x5:0x00000005 x23:0x0000000e
       12395000	      1238	00000000	00000013	addi	x0,x0,0	  x0:0x00000000
       12405000	      1239	800009fc	00000013	addi	x0,x0,0	  x0:0x00000000
       12415000	      1240	80000a00	3dcd8a93	addi	x21,x27,988	 x27:0x80009fc4 x21=0x8000a3a0
       12425000	      1241	80000a04	40bbd593	srai	x11,x23,0xb	 x23:0x0000000e x11=0x00000000
       12435000	      1242	80000a08	bebc2693	slti	x13,x24,-1045	 x24:0x000004a6 x13=0x00000000
       12445000	      1243	80000a0c	d7448f93	addi	x31,x9,-652	  x9:0x00000009 x31=0xfffffd7d
       12455000	      1244	80000a10	00728293	addi	x5,x5,7	  x5:0x00000005  x5=0x0000000c
       12465000	      1245	80000a14	f3ddbb13	sltiu	x22,x27,-195	 x27:0x80009fc4 x22=0x00000001
       12475000	      1246	80000a18	41f9dd33	sra	x26,x19,x31	 x19:0x00000001 x31:0xfffffd7d x26=0x00000000
       12485000	      1247	80000a1c	00000013	addi	x0,x0,0	  x0:0x00000000
       12495000	      1248	80000a20	ff72c0e3	blt	x5,x23,80000a00	  x5:0x0000000c x23:0x0000000e
       12505000	      1249	00000000	00000013	addi	x0,x0,0	  x0:0x00000000
       12515000	      1250	800009fc	00000013	addi	x0,x0,0	  x0:0x00000000
       12525000	      1251	80000a00	3dcd8a93	addi	x21,x27,988	 x27:0x80009fc4 x21=0x8000a3a0
       12535000	      1252	80000a04	40bbd593	srai	x11,x23,0xb	 x23:0x0000000e x11=0x00000000
       12545000	      1253	80000a08	bebc2693	slti	x13,x24,-1045	 x24:0x000004a6 x13=0x00000000
       12555000	      1254	80000a0c	d7448f93	addi	x31,x9,-652	  x9:0x00000009 x31=0xfffffd7d
       12565000	      1255	80000a10	00728293	addi	x5,x5,7	  x5:0x0000000c  x5=0x00000013
       12575000	      1256	80000a14	f3ddbb13	sltiu	x22,x27,-195	 x27:0x80009fc4 x22=0x00000001
       12585000	      1257	80000a18	41f9dd33	sra	x26,x19,x31	 x19:0x00000001 x31:0xfffffd7d x26=0x00000000
       12595000	      1258	80000a1c	00000013	addi	x0,x0,0	  x0:0x00000000
       12605000	      1259	80000a20	ff72c0e3	blt	x5,x23,80000a00	  x5:0x00000013 x23:0x0000000e
       12615000	      1260	80000a24	40dede13	srai	x28,x29,0xd	 x29:0x53103000 x28=0x00029881
       12625000	      1261	80000a28	029d7263	bgeu	x26,x9,80000a4c	 x26:0x00000000  x9:0x00000009
       12635000	      1262	80000a2c	04c8c463	blt	x17,x12,80000a74	 x17:0x00000000 x12:0x00647fff
       12645000	      1263	00000000	00000013	addi	x0,x0,0	  x0:0x00000000
       12655000	      1264	80000a70	00000013	addi	x0,x0,0	  x0:0x00000000
       12665000	      1265	80000a74	01dc6cb3	or	x25,x24,x29	 x24:0x000004a6 x29:0x53103000 x25=0x531034a6
       12675000	      1266	80000a78	409f5293	srai	x5,x30,0x9	 x30:0x00000009  x5=0x00000000
       12685000	      1267	80000a7c	01979993	slli	x19,x15,0x19	 x15:0x00000000 x19=0x00000000
       12695000	      1268	80000a80	017103b3	add	x7,x2,x23	  x2:0x00000000 x23:0x0000000e  x7=0x0000000e
       12705000	      1269	80000a84	cc38fab7	lui	x21,0xcc38f	 x21=0xcc38f000
       12715000	      1270	80000a88	4119d0b3	sra	x1,x19,x17	 x19:0x00000000 x17:0x00000000  x1=0x00000000
       12725000	      1271	80000a8c	9edc7993	andi	x19,x24,-1555	 x24:0x000004a6 x19=0x000000a4
       12735000	      1272	80000a90	01eb5e93	srli	x29,x22,0x1e	 x22:0x00000001 x29=0x00000000
       12745000	      1273	80000a94	c06d4c13	xori	x24,x26,-1018	 x26:0x00000000 x24=0xfffffc06
       12755000	      1274	80000a98	0024f2b3	and	x5,x9,x2	  x9:0x00000009  x2:0x00000000  x5=0x00000000
       12765000	      1275	80000a9c	01f59c93	slli	x25,x11,0x1f	 x11:0x00000000 x25=0x00000000
       12775000	      1276	80000aa0	41b6d033	sra	x0,x13,x27	 x13:0x00000000 x27:0x80009fc4
       12785000	      1277	80000aa4	013a45b3	xor	x11,x20,x19	 x20:0xffffffff x19:0x000000a4 x11=0xffffff5b
       12795000	      1278	80000aa8	c36fc713	xori	x14,x31,-970	 x31:0xfffffd7d x14=0x0000014b
       12805000	      1279	80000aac	01da4b33	xor	x22,x20,x29	 x20:0xffffffff x29:0x00000000 x22=0xffffffff
       12815000	      1280	80000ab0	05907463	bgeu	x0,x25,80000af8	  x0:0x00000000 x25:0x00000000
       12825000	      1281	00000000	00000013	addi	x0,x0,0	  x0:0x00000000
       12835000	      1282	80000af4	00000013	addi	x0,x0,0	  x0:0x00000000
       12845000	      1283	80000af8	0481d663	bge	x3,x8,80000b44	  x3:0xfffffb2f  x8:0x000007fc
       12855000	      1284	80000afc	1fe74413	xori	x8,x14,510	 x14:0x0000014b  x8=0x000000b5
       12865000	      1285	80000b00	01448263	beq	x9,x20,80000b04	  x9:0x00000009 x20:0xffffffff
       12875000	      1286	80000b04	01cf2133	slt	x2,x30,x28	 x30:0x00000009 x28:0x00029881  x2=0x00000001
       12885000	      1287	80000b08	0115da93	srli	x21,x11,0x11	 x11:0xffffff5b x21=0x00007fff
       12895000	      1288	80000b0c	4c874713	xori	x14,x14,1224	 x14:0x0000014b x14=0x00000583
       12905000	      1289	80000b10	f0057c13	andi	x24,x10,-256	 x10:0x00323fff x24=0x00323f00
       12915000	      1290	80000b14	00bda3b3	slt	x7,x27,x11	 x27:0x80009fc4 x11:0xffffff5b  x7=0x00000001
       12925000	      1291	80000b18	00200833	add	x16,x0,x2	  x0:0x00000000  x2:0x00000001 x16=0x00000001
       12935000	      1292	80000b1c	27f90413	addi	x8,x18,639	 x18:0x53103000  x8=0x5310327f
       12945000	      1293	80000b20	039f9863	bne	x31,x25,80000b50	 x31:0xfffffd7d x25:0x00000000
       12955000	      1294	00000000	00000013	addi	x0,x0,0	  x0:0x00000000
       12965000	      1295	80000b4c	00000013	addi	x0,x0,0	  x0:0x00000000
       12975000	      1296	80000b50	014cf863	bgeu	x25,x20,80000b60	 x25:0x00000000 x20:0xffffffff
       12985000	      1297	80000b54	00dbf7b3	and	x15,x23,x13	 x23:0x0000000e x13:0x00000000 x15=0x00000000
       12995000	      1298	80000b58	41fa83b3	sub	x7,x21,x31	 x21:0x00007fff x31:0xfffffd7d  x7=0x00008282
       13005000	      1299	80000b5c	fa3c88b7	lui	x17,0xfa3c8	 x17=0xfa3c8000
       13015000	      1300	80000b60	8460be13	sltiu	x28,x1,-1978	  x1:0x00000000 x28=0x00000001
       13025000	      1301	80000b64	40b488b3	sub	x17,x9,x11	  x9:0x00000009 x11:0xffffff5b x17=0x000000ae
       13035000	      1302	80000b68	d738f493	andi	x9,x17,-653	 x17:0x000000ae  x9=0x00000022
       13045000	      1303	80000b6c	0110b833	sltu	x16,x1,x17	  x1:0x00000000 x17:0x000000ae x16=0x00000001
       13055000	      1304	80000b70	018cce33	xor	x28,x25,x24	 x25:0x00000000 x24:0x00323f00 x28=0x00323f00
       13065000	      1305	80000b74	01bdd2b3	srl	x5,x27,x27	 x27:0x80009fc4 x27:0x80009fc4  x5=0x080009fc
       13075000	      1306	80000b78	011f8a33	add	x20,x31,x17	 x31:0xfffffd7d x17:0x000000ae x20=0xfffffe2b
       13085000	      1307	80000b7c	000359b3	srl	x19,x6,x0	  x6:0x80009f74  x0:0x00000000 x19=0x80009f74
       13095000	      1308	80000b80	05c2e663	bltu	x5,x28,80000bcc	  x5:0x080009fc x28:0x00323f00
       13105000	      1309	80000b84	0196b4b3	sltu	x9,x13,x25	 x13:0x00000000 x25:0x00000000  x9=0x00000000
       13115000	      1310	80000b88	00c9c7b3	xor	x15,x19,x12	 x19:0x80009f74 x12:0x00647fff x15=0x8064e08b
       13125000	      1311	80000b8c	6d7aa693	slti	x13,x21,1751	 x21:0x00007fff x13=0x00000000
       13135000	      1312	80000b90	03c83793	sltiu	x15,x16,60	 x16:0x00000001 x15=0x00000001
       13145000	      1313	80000b94	00591133	sll	x2,x18,x5	 x18:0x53103000  x5:0x080009fc  x2=0x00000000
       13155000	      1314	80000b98	008969b3	or	x19,x18,x8	 x18:0x53103000  x8:0x5310327f x19=0x5310327f
       13165000	      1315	80000b9c	05a5f863	bgeu	x11,x26,80000bec	 x11:0xffffff5b x26:0x00000000
       13175000	      1316	00000000	00000013	addi	x0,x0,0	  x0:0x00000000
       13185000	      1317	80000be8	00000013	addi	x0,x0,0	  x0:0x00000000
       13195000	      1318	80000bec	01a51093	slli	x1,x10,0x1a	 x10:0x00323fff  x1=0xfc000000
       13205000	      1319	80000bf0	013b6ab3	or	x21,x22,x19	 x22:0xffffffff x19:0x5310327f x21=0xffffffff
       13215000	      1320	80000bf4	01e04263	blt	x0,x30,80000bf8	  x0:0x00000000 x30:0x00000009
       13225000	      1321	00000000	00000013	addi	x0,x0,0	  x0:0x00000000
       13235000	      1322	80000bf4	00000013	addi	x0,x0,0	  x0:0x00000000
       13245000	      1323	80000bf8	d05d6893	ori	x17,x26,-763	 x26:0x00000000 x17=0xfffffd05
       13255000	      1324	80000bfc	01cd9d13	slli	x26,x27,0x1c	 x27:0x80009fc4 x26=0x40000000
       13265000	      1325	80000c00	00179913	slli	x18,x15,0x1	 x15:0x00000001 x18=0x00000002
       13275000	      1326	80000c04	6113eb93	ori	x23,x7,1553	  x7:0x00008282 x23=0x00008693
       13285000	      1327	80000c08	017befb3	or	x31,x23,x23	 x23:0x00008693 x23:0x00008693 x31=0x00008693
       13295000	      1328	80000c0c	0043b8b3	sltu	x17,x7,x4	  x7:0x00008282  x4:0x000007f2 x17=0x00000000
       13305000	      1329	80000c10	07a08913	addi	x18,x1,122	  x1:0xfc000000 x18=0xfc00007a
       13315000	      1330	80000c14	01119b33	sll	x22,x3,x17	  x3:0xfffffb2f x17:0x00000000 x22=0xfffffb2f
       13325000	      1331	80000c18	019f3bb3	sltu	x23,x30,x25	 x30:0x00000009 x25:0x00000000 x23=0x00000000
       13335000	      1332	80000c1c	016ed093	srli	x1,x29,0x16	 x29:0x00000000  x1=0x00000000
       13345000	      1333	80000c20	00eed0b3	srl	x1,x29,x14	 x29:0x00000000 x14:0x00000583  x1=0x00000000
       13355000	      1334	80000c24	40105193	srai	x3,x0,0x1	  x0:0x00000000  x3=0x00000000
       13365000	      1335	80000c28	41b0db93	srai	x23,x1,0x1b	  x1:0x00000000 x23=0x00000000
       13375000	      1336	80000c2c	038d4263	blt	x26,x24,80000c50	 x26:0x40000000 x24:0x00323f00
       13385000	      1337	80000c30	004f7e33	and	x28,x30,x4	 x30:0x00000009  x4:0x000007f2 x28=0x00000000
       13395000	      1338	80000c34	03f2dc63	bge	x5,x31,80000c6c	  x5:0x080009fc x31:0x00008693
       13405000	      1339	00000000	00000013	addi	x0,x0,0	  x0:0x00000000
       13415000	      1340	80000c68	00000013	addi	x0,x0,0	  x0:0x00000000
       13425000	      1341	80000c6c	0140d633	srl	x12,x1,x20	  x1:0x00000000 x20:0xfffffe2b x12=0x00000000
       13435000	      1342	80000c70	00b86463	bltu	x16,x11,80000c78	 x16:0x00000001 x11:0xffffff5b
       13445000	      1343	00000000	00000013	addi	x0,x0,0	  x0:0x00000000
       13455000	      1344	80000c74	00000013	addi	x0,x0,0	  x0:0x00000000
       13465000	      1345	80000c78	c64d16b7	lui	x13,0xc64d1	 x13=0xc64d1000
       13475000	      1346	80000c7c	2bc1b113	sltiu	x2,x3,700	  x3:0x00000000  x2=0x00000001
       13485000	      1347	80000c80	00432083	lw	x1,4(x6)	  x6:0x80009f74  x1=0x80000178 PA:0x80009f78
       13495000	      1348	80000c84	00723b33	sltu	x22,x4,x7	  x4:0x000007f2  x7:0x00008282 x22=0x00000001
       13505000	      1349	80000c88	01030313	addi	x6,x6,16	  x6:0x80009f74  x6=0x80009f84
       13515000	      1350	80000c8c	41778bb3	sub	x23,x15,x23	 x15:0x00000001 x23:0x00000000 x23=0x00000001
       13525000	      1351	80000c90	416edb33	sra	x22,x29,x22	 x29:0x00000000 x22:0x00000001 x22=0x00000000
       13535000	      1352	80000c94	aabb5597	auipc	x11,0xaabb5	 x11=0x2abb5c90
       13545000	      1353	80000c98	00108393	addi	x7,x1,1	  x1:0x80000178  x7=0x80000179
       13555000	      1354	80000c9c	000383e7	jalr	x7,x7,0	  x7:0x80000179  x7=0x80000c9c
       13565000	      1355	00000000	00000013	addi	x0,x0,0	  x0:0x00000000
       13575000	      1356	80000178	00000013	addi	x0,x0,0	  x0:0x00000000
       13585000	      1357	8000017c	01969393	slli	x7,x13,0x19	 x13:0xc64d1000  x7=0x00000000
       13595000	      1358	80000180	00b2dcb3	srl	x25,x5,x11	  x5:0x080009fc x11:0x2abb5c90 x25=0x00000800
       13605000	      1359	80000184	00000e17	auipc	x28,0x0	 x28=0x80000180
       13615000	      1360	80000188	670e0e13	addi	x28,x28,1648	 x28:0x80000180 x28=0x800007f0
       13625000	      1361	8000018c	b2a27393	andi	x7,x4,-1238	  x4:0x000007f2  x7=0x00000322
       13635000	      1362	80000190	007ed633	srl	x12,x29,x7	 x29:0x00000000  x7:0x00000322 x12=0x00000000
       13645000	      1363	80000194	00000013	addi	x0,x0,0	  x0:0x00000000
       13655000	      1364	80000198	04be0e13	addi	x28,x28,75	 x28:0x800007f0 x28=0x8000083b
       13665000	      1365	8000019c	002727b3	slt	x15,x14,x2	 x14:0x00000583  x2:0x00000001 x15=0x00000000
       13675000	      1366	800001a0	124de613	ori	x12,x27,292	 x27:0x80009fc4 x12=0x80009fe4
       13685000	      1367	800001a4	fb6e00e7	jalr	x1,x28,-74	 x28:0x8000083b  x1=0x800001a4
       13695000	      1368	00000000	00000013	addi	x0,x0,0	  x0:0x00000000
       13705000	      1369	800007f0	00000013	addi	x0,x0,0	  x0:0x00000000
       13715000	      1370	800007f4	5ada7013	andi	x0,x20,1453	 x20:0xfffffe2b
       13725000	      1371	800007f8	ff030313	addi	x6,x6,-16	  x6:0x80009f84  x6=0x80009f74
       13735000	      1372	800007fc	41b3d233	sra	x4,x7,x27	  x7:0x00000322 x27:0x80009fc4  x4=0x00000032
       13745000	      1373	80000800	00132223	sw	x1,4(x6)	  x6:0x80009f74  x1:0x800001a4 PA:0x80009f78
       13755000	      1374	80000804	016dad33	slt	x26,x27,x22	 x27:0x80009fc4 x22:0x00000000 x26=0x00000001
       13765000	      1375	80000808	00200a13	addi	x20,x0,2	  x0:0x00000000 x20=0x00000002
       13775000	      1376	8000080c	00d6de33	srl	x28,x13,x13	 x13:0xc64d1000 x13:0xc64d1000 x28=0xc64d1000
       13785000	      1377	80000810	f3d865b7	lui	x11,0xf3d86	 x11=0xf3d86000
       13795000	      1378	80000814	00a00893	addi	x17,x0,10	  x0:0x00000000 x17=0x0000000a
       13805000	      1379	80000818	41a95cb3	sra	x25,x18,x26	 x18:0xfc00007a x26:0x00000001 x25=0xfe00003d
       13815000	      1380	8000081c	005fe1b3	or	x3,x31,x5	 x31:0x00008693  x5:0x080009fc  x3=0x08008fff
       13825000	      1381	80000820	019f5633	srl	x12,x30,x25	 x30:0x00000009 x25:0xfe00003d x12=0x00000000
       13835000	      1382	80000824	417f85b3	sub	x11,x31,x23	 x31:0x00008693 x23:0x00000001 x11=0x00008692
       13845000	      1383	80000828	9cf77093	andi	x1,x14,-1585	 x14:0x00000583  x1=0x00000183
       13855000	      1384	8000082c	0184f233	and	x4,x9,x24	  x9:0x00000000 x24:0x00323f00  x4=0x00000000
       13865000	      1385	80000830	00000013	addi	x0,x0,0	  x0:0x00000000
       13875000	      1386	80000834	5db5e013	ori	x0,x11,1499	 x11:0x00008692
       13885000	      1387	80000838	51462213	slti	x4,x12,1300	 x12:0x00000000  x4=0x00000001
       13895000	      1388	8000083c	00aa0a13	addi	x20,x20,10	 x20:0x00000002 x20=0x0000000c
       13905000	      1389	80000840	0c8f6593	ori	x11,x30,200	 x30:0x00000009 x11=0x000000c9
       13915000	      1390	80000844	002b5cb3	srl	x25,x22,x2	 x22:0x00000000  x2:0x00000001 x25=0x00000000
       13925000	      1391	80000848	ff1a60e3	bltu	x20,x17,80000828	 x20:0x0000000c x17:0x0000000a
       13935000	      1392	8000084c	58d48793	addi	x15,x9,1421	  x9:0x00000000 x15=0x0000058d
       13945000	      1393	80000850	00300493	addi	x9,x0,3	  x0:0x00000000  x9=0x00000003
       13955000	      1394	80000854	64cfe793	ori	x15,x31,1612	 x31:0x00008693 x15=0x000086df
       13965000	      1395	80000858	01b9df93	srli	x31,x19,0x1b	 x19:0x5310327f x31=0x0000000a
       13975000	      1396	8000085c	00359fb3	sll	x31,x11,x3	 x11:0x000000c9  x3:0x08008fff x31=0x80000000
       13985000	      1397	80000860	3bebed17	auipc	x26,0x3bebe	 x26=0xbbebe85c
       13995000	      1398	80000864	01657e33	and	x28,x10,x22	 x10:0x00323fff x22:0x00000000 x28=0x00000000
       14005000	      1399	80000868	01b29d13	slli	x26,x5,0x1b	  x5:0x080009fc x26=0xe0000000
       14015000	      1400	8000086c	f0412593	slti	x11,x2,-252	  x2:0x00000001 x11=0x00000000
       14025000	      1401	80000870	418f8633	sub	x12,x31,x24	 x31:0x80000000 x24:0x00323f00 x12=0x7fcdc100
       14035000	      1402	80000874	01a6bbb3	sltu	x23,x13,x26	 x13:0xc64d1000 x26:0xe0000000 x23=0x00000001
       14045000	      1403	80000878	0141b933	sltu	x18,x3,x20	  x3:0x08008fff x20:0x0000000c x18=0x00000000
       14055000	      1404	8000087c	0138cd33	xor	x26,x17,x19	 x17:0x0000000a x19:0x5310327f x26=0x53103275
       14065000	      1405	80000880	00f00813	addi	x16,x0,15	  x0:0x00000000 x16=0x0000000f
       14075000	      1406	80000884	40a2d533	sra	x10,x5,x10	  x5:0x080009fc x10:0x00323fff x10=0x00000000
       14085000	      1407	80000888	00a0cb33	xor	x22,x1,x10	  x1:0x00000183 x10:0x00000000 x22=0x00000183
       14095000	      1408	8000088c	00648493	addi	x9,x9,6	  x9:0x00000003  x9=0x00000009
       14105000	      1409	80000890	f2cb1d17	auipc	x26,0xf2cb1	 x26=0x72cb188c
       14115000	      1410	80000894	0055d393	srli	x7,x11,0x5	 x11:0x00000000  x7=0x00000000
       14125000	      1411	80000898	01639293	slli	x5,x7,0x16	  x7:0x00000000  x5=0x00000000
       14135000	      1412	8000089c	7a43c893	xori	x17,x7,1956	  x7:0x00000000 x17=0x000007a4
       14145000	      1413	800008a0	0097fab3	and	x21,x15,x9	 x15:0x000086df  x9:0x00000009 x21=0x00000009
       14155000	      1414	800008a4	ff0482e3	beq	x9,x16,80000888	  x9:0x00000009 x16:0x0000000f
       14165000	      1415	800008a8	113dfb17	auipc	x22,0x113df	 x22=0x913df8a4
       14175000	      1416	800008ac	00a00813	addi	x16,x0,10	  x0:0x00000000 x16=0x0000000a
       14185000	      1417	800008b0	00a00b93	addi	x23,x0,10	  x0:0x00000000 x23=0x0000000a
       14195000	      1418	800008b4	410388b3	sub	x17,x7,x16	  x7:0x00000000 x16:0x0000000a x17=0xfffffff6
       14205000	      1419	800008b8	d46a6693	ori	x13,x20,-698	 x20:0x0000000c x13=0xfffffd4e
       14215000	      1420	800008bc	ff780813	addi	x16,x16,-9	 x16:0x0000000a x16=0x00000001
       14225000	      1421	800008c0	ff787ae3	bgeu	x16,x23,800008b4	 x16:0x00000001 x23:0x0000000a
       14235000	      1422	800008c4	00a30ab3	add	x21,x6,x10	  x6:0x80009f74 x10:0x00000000 x21=0x80009f74
       14245000	      1423	800008c8	02557463	bgeu	x10,x5,800008f0	 x10:0x00000000  x5:0x00000000
       14255000	      1424	00000000	00000013	addi	x0,x0,0	  x0:0x00000000
       14265000	      1425	800008ec	00000013	addi	x0,x0,0	  x0:0x00000000
       14275000	      1426	800008f0	00000013	addi	x0,x0,0	  x0:0x00000000
       14285000	      1427	800008f4	016557b3	srl	x15,x10,x22	 x10:0x00000000 x22:0x913df8a4 x15=0x00000000
       14295000	      1428	800008f8	4a658c13	addi	x24,x11,1190	 x11:0x00000000 x24=0x000004a6
       14305000	      1429	800008fc	f9c52a13	slti	x20,x10,-100	 x10:0x00000000 x20=0x00000000
       14315000	      1430	80000900	0256d063	bge	x13,x5,80000920	 x13:0xfffffd4e  x5:0x00000000
       14325000	      1431	80000904	046ec663	blt	x29,x6,80000950	 x29:0x00000000  x6:0x80009f74
       14335000	      1432	80000908	01f20833	add	x16,x4,x31	  x4:0x00000001 x31:0x80000000 x16=0x80000001
       14345000	      1433	8000090c	e41ecc93	xori	x25,x29,-447	 x29:0x00000000 x25=0xfffffe41
       14355000	      1434	80000910	0093f7b3	and	x15,x7,x9	  x7:0x00000000  x9:0x00000009 x15=0x00000000
       14365000	      1435	80000914	a8204a13	xori	x20,x0,-1406	  x0:0x00000000 x20=0xfffffa82
       14375000	      1436	80000918	00000013	addi	x0,x0,0	  x0:0x00000000
       14385000	      1437	8000091c	859eff93	andi	x31,x29,-1959	 x29:0x00000000 x31=0x00000000
       14395000	      1438	80000920	cd907993	andi	x19,x0,-807	  x0:0x00000000 x19=0x00000000
       14405000	      1439	80000924	002ff463	bgeu	x31,x2,8000092c	 x31:0x00000000  x2:0x00000001
       14415000	      1440	80000928	03435863	bge	x6,x20,80000958	  x6:0x80009f74 x20:0xfffffa82
       14425000	      1441	8000092c	f53ffe93	andi	x29,x31,-173	 x31:0x00000000 x29=0x00000000
       14435000	      1442	80000930	40afd433	sra	x8,x31,x10	 x31:0x00000000 x10:0x00000000  x8=0x00000000
       14445000	      1443	80000934	4cf22813	slti	x16,x4,1231	  x4:0x00000001 x16=0x00000001
       14455000	      1444	80000938	40c95033	sra	x0,x18,x12	 x18:0x00000000 x12:0x7fcdc100
       14465000	      1445	8000093c	68f1e213	ori	x4,x3,1679	  x3:0x08008fff  x4=0x08008fff
       14475000	      1446	80000940	f59e4e13	xori	x28,x28,-167	 x28:0x00000000 x28=0xffffff59
       14485000	      1447	80000944	00000013	addi	x0,x0,0	  x0:0x00000000
       14495000	      1448	80000948	03d7c263	blt	x15,x29,8000096c	 x15:0x00000000 x29:0x00000000
       14505000	      1449	8000094c	001ff863	bgeu	x31,x1,8000095c	 x31:0x00000000  x1:0x00000183
       14515000	      1450	80000950	05e06463	bltu	x0,x30,80000998	  x0:0x00000000 x30:0x00000009
       14525000	      1451	00000000	00000013	addi	x0,x0,0	  x0:0x00000000
       14535000	      1452	80000994	00000013	addi	x0,x0,0	  x0:0x00000000
       14545000	      1453	80000998	2d55a993	slti	x19,x11,725	 x11:0x00000000 x19=0x00000001
       14555000	      1454	8000099c	01f1eab3	or	x21,x3,x31	  x3:0x08008fff x31:0x00000000 x21=0x08008fff
       14565000	      1455	800009a0	000ed533	srl	x10,x29,x0	 x29:0x00000000  x0:0x00000000 x10=0x00000000
       14575000	      1456	800009a4	03966263	bltu	x12,x25,800009c8	 x12:0x7fcdc100 x25:0xfffffe41
       14585000	      1457	00000000	00000013	addi	x0,x0,0	  x0:0x00000000
       14595000	      1458	800009c4	00000013	addi	x0,x0,0	  x0:0x00000000
       14605000	      1459	800009c8	40165513	srai	x10,x12,0x1	 x12:0x7fcdc100 x10=0x3fe6e080
       14615000	      1460	800009cc	37276213	ori	x4,x14,882	 x14:0x00000583  x4=0x000007f3
       14625000	      1461	800009d0	41120433	sub	x8,x4,x17	  x4:0x000007f3 x17:0xfffffff6  x8=0x000007fd
       14635000	      1462	800009d4	9a5b4a13	xori	x20,x22,-1627	 x22:0x913df8a4 x20=0x6ec20101
       14645000	      1463	800009d8	01d58933	add	x18,x11,x29	 x11:0x00000000 x29:0x00000000 x18=0x00000000
       14655000	      1464	800009dc	41028a33	sub	x20,x5,x16	  x5:0x00000000 x16:0x00000001 x20=0xffffffff
       14665000	      1465	800009e0	00aceb33	or	x22,x25,x10	 x25:0xfffffe41 x10:0x3fe6e080 x22=0xfffffec1
       14675000	      1466	800009e4	ff700293	addi	x5,x0,-9	  x0:0x00000000  x5=0xfffffff7
       14685000	      1467	800009e8	00000013	addi	x0,x0,0	  x0:0x00000000
       14695000	      1468	800009ec	0342aa93	slti	x21,x5,52	  x5:0xfffffff7 x21=0x00000001
       14705000	      1469	800009f0	413808b3	sub	x17,x16,x19	 x16:0x00000001 x19:0x00000001 x17=0x00000000
       14715000	      1470	800009f4	00e00b93	addi	x23,x0,14	  x0:0x00000000 x23=0x0000000e
       14725000	      1471	800009f8	65406013	ori	x0,x0,1620	  x0:0x00000000
       14735000	      1472	800009fc	34863693	sltiu	x13,x12,840	 x12:0x7fcdc100 x13=0x00000000
       14745000	      1473	80000a00	3dcd8a93	addi	x21,x27,988	 x27:0x80009fc4 x21=0x8000a3a0
       14755000	      1474	80000a04	40bbd593	srai	x11,x23,0xb	 x23:0x0000000e x11=0x00000000
       14765000	      1475	80000a08	bebc2693	slti	x13,x24,-1045	 x24:0x000004a6 x13=0x00000000
       14775000	      1476	80000a0c	d7448f93	addi	x31,x9,-652	  x9:0x00000009 x31=0xfffffd7d
       14785000	      1477	80000a10	00728293	addi	x5,x5,7	  x5:0xfffffff7  x5=0xfffffffe
       14795000	      1478	80000a14	f3ddbb13	sltiu	x22,x27,-195	 x27:0x80009fc4 x22=0x00000001
       14805000	      1479	80000a18	41f9dd33	sra	x26,x19,x31	 x19:0x00000001 x31:0xfffffd7d x26=0x00000000
       14815000	      1480	80000a1c	00000013	addi	x0,x0,0	  x0:0x00000000
       14825000	      1481	80000a20	ff72c0e3	blt	x5,x23,80000a00	  x5:0xfffffffe x23:0x0000000e
       14835000	      1482	00000000	00000013	addi	x0,x0,0	  x0:0x00000000
       14845000	      1483	800009fc	00000013	addi	x0,x0,0	  x0:0x00000000
       14855000	      1484	80000a00	3dcd8a93	addi	x21,x27,988	 x27:0x80009fc4 x21=0x8000a3a0
       14865000	      1485	80000a04	40bbd593	srai	x11,x23,0xb	 x23:0x0000000e x11=0x00000000
       14875000	      1486	80000a08	bebc2693	slti	x13,x24,-1045	 x24:0x000004a6 x13=0x00000000
       14885000	      1487	80000a0c	d7448f93	addi	x31,x9,-652	  x9:0x00000009 x31=0xfffffd7d
       14895000	      1488	80000a10	00728293	addi	x5,x5,7	  x5:0xfffffffe  x5=0x00000005
       14905000	      1489	80000a14	f3ddbb13	sltiu	x22,x27,-195	 x27:0x80009fc4 x22=0x00000001
       14915000	      1490	80000a18	41f9dd33	sra	x26,x19,x31	 x19:0x00000001 x31:0xfffffd7d x26=0x00000000
       14925000	      1491	80000a1c	00000013	addi	x0,x0,0	  x0:0x00000000
       14935000	      1492	80000a20	ff72c0e3	blt	x5,x23,80000a00	  x5:0x00000005 x23:0x0000000e
       14945000	      1493	00000000	00000013	addi	x0,x0,0	  x0:0x00000000
       14955000	      1494	800009fc	00000013	addi	x0,x0,0	  x0:0x00000000
       14965000	      1495	80000a00	3dcd8a93	addi	x21,x27,988	 x27:0x80009fc4 x21=0x8000a3a0
       14975000	      1496	80000a04	40bbd593	srai	x11,x23,0xb	 x23:0x0000000e x11=0x00000000
       14985000	      1497	80000a08	bebc2693	slti	x13,x24,-1045	 x24:0x000004a6 x13=0x00000000
       14995000	      1498	80000a0c	d7448f93	addi	x31,x9,-652	  x9:0x00000009 x31=0xfffffd7d
       15005000	      1499	80000a10	00728293	addi	x5,x5,7	  x5:0x00000005  x5=0x0000000c
       15015000	      1500	80000a14	f3ddbb13	sltiu	x22,x27,-195	 x27:0x80009fc4 x22=0x00000001
       15025000	      1501	80000a18	41f9dd33	sra	x26,x19,x31	 x19:0x00000001 x31:0xfffffd7d x26=0x00000000
       15035000	      1502	80000a1c	00000013	addi	x0,x0,0	  x0:0x00000000
       15045000	      1503	80000a20	ff72c0e3	blt	x5,x23,80000a00	  x5:0x0000000c x23:0x0000000e
       15055000	      1504	00000000	00000013	addi	x0,x0,0	  x0:0x00000000
       15065000	      1505	800009fc	00000013	addi	x0,x0,0	  x0:0x00000000
       15075000	      1506	80000a00	3dcd8a93	addi	x21,x27,988	 x27:0x80009fc4 x21=0x8000a3a0
       15085000	      1507	80000a04	40bbd593	srai	x11,x23,0xb	 x23:0x0000000e x11=0x00000000
       15095000	      1508	80000a08	bebc2693	slti	x13,x24,-1045	 x24:0x000004a6 x13=0x00000000
       15105000	      1509	80000a0c	d7448f93	addi	x31,x9,-652	  x9:0x00000009 x31=0xfffffd7d
       15115000	      1510	80000a10	00728293	addi	x5,x5,7	  x5:0x0000000c  x5=0x00000013
       15125000	      1511	80000a14	f3ddbb13	sltiu	x22,x27,-195	 x27:0x80009fc4 x22=0x00000001
       15135000	      1512	80000a18	41f9dd33	sra	x26,x19,x31	 x19:0x00000001 x31:0xfffffd7d x26=0x00000000
       15145000	      1513	80000a1c	00000013	addi	x0,x0,0	  x0:0x00000000
       15155000	      1514	80000a20	ff72c0e3	blt	x5,x23,80000a00	  x5:0x00000013 x23:0x0000000e
       15165000	      1515	80000a24	40dede13	srai	x28,x29,0xd	 x29:0x00000000 x28=0x00000000
       15175000	      1516	80000a28	029d7263	bgeu	x26,x9,80000a4c	 x26:0x00000000  x9:0x00000009
       15185000	      1517	80000a2c	04c8c463	blt	x17,x12,80000a74	 x17:0x00000000 x12:0x7fcdc100
       15195000	      1518	00000000	00000013	addi	x0,x0,0	  x0:0x00000000
       15205000	      1519	80000a70	00000013	addi	x0,x0,0	  x0:0x00000000
       15215000	      1520	80000a74	01dc6cb3	or	x25,x24,x29	 x24:0x000004a6 x29:0x00000000 x25=0x000004a6
       15225000	      1521	80000a78	409f5293	srai	x5,x30,0x9	 x30:0x00000009  x5=0x00000000
       15235000	      1522	80000a7c	01979993	slli	x19,x15,0x19	 x15:0x00000000 x19=0x00000000
       15245000	      1523	80000a80	017103b3	add	x7,x2,x23	  x2:0x00000001 x23:0x0000000e  x7=0x0000000f
       15255000	      1524	80000a84	cc38fab7	lui	x21,0xcc38f	 x21=0xcc38f000
       15265000	      1525	80000a88	4119d0b3	sra	x1,x19,x17	 x19:0x00000000 x17:0x00000000  x1=0x00000000
       15275000	      1526	80000a8c	9edc7993	andi	x19,x24,-1555	 x24:0x000004a6 x19=0x000000a4
       15285000	      1527	80000a90	01eb5e93	srli	x29,x22,0x1e	 x22:0x00000001 x29=0x00000000
       15295000	      1528	80000a94	c06d4c13	xori	x24,x26,-1018	 x26:0x00000000 x24=0xfffffc06
       15305000	      1529	80000a98	0024f2b3	and	x5,x9,x2	  x9:0x00000009  x2:0x00000001  x5=0x00000001
       15315000	      1530	80000a9c	01f59c93	slli	x25,x11,0x1f	 x11:0x00000000 x25=0x00000000
       15325000	      1531	80000aa0	41b6d033	sra	x0,x13,x27	 x13:0x00000000 x27:0x80009fc4
       15335000	      1532	80000aa4	013a45b3	xor	x11,x20,x19	 x20:0xffffffff x19:0x000000a4 x11=0xffffff5b
       15345000	      1533	80000aa8	c36fc713	xori	x14,x31,-970	 x31:0xfffffd7d x14=0x0000014b
       15355000	      1534	80000aac	01da4b33	xor	x22,x20,x29	 x20:0xffffffff x29:0x00000000 x22=0xffffffff
       15365000	      1535	80000ab0	05907463	bgeu	x0,x25,80000af8	  x0:0x00000000 x25:0x00000000
       15375000	      1536	00000000	00000013	addi	x0,x0,0	  x0:0x00000000
       15385000	      1537	80000af4	00000013	addi	x0,x0,0	  x0:0x00000000
       15395000	      1538	80000af8	0481d663	bge	x3,x8,80000b44	  x3:0x08008fff  x8:0x000007fd
       15405000	      1539	00000000	00000013	addi	x0,x0,0	  x0:0x00000000
       15415000	      1540	80000b40	00000013	addi	x0,x0,0	  x0:0x00000000
       15425000	      1541	80000b44	00565f93	srli	x31,x12,0x5	 x12:0x7fcdc100 x31=0x03fe6e08
       15435000	      1542	80000b48	40265eb3	sra	x29,x12,x2	 x12:0x7fcdc100  x2:0x00000001 x29=0x3fe6e080
       15445000	      1543	80000b4c	4b65c713	xori	x14,x11,1206	 x11:0xffffff5b x14=0xfffffbed
       15455000	      1544	80000b50	014cf863	bgeu	x25,x20,80000b60	 x25:0x00000000 x20:0xffffffff
       15465000	      1545	80000b54	00dbf7b3	and	x15,x23,x13	 x23:0x0000000e x13:0x00000000 x15=0x00000000
       15475000	      1546	80000b58	41fa83b3	sub	x7,x21,x31	 x21:0xcc38f000 x31:0x03fe6e08  x7=0xc83a81f8
       15485000	      1547	80000b5c	fa3c88b7	lui	x17,0xfa3c8	 x17=0xfa3c8000
       15495000	      1548	80000b60	8460be13	sltiu	x28,x1,-1978	  x1:0x00000000 x28=0x00000001
       15505000	      1549	80000b64	40b488b3	sub	x17,x9,x11	  x9:0x00000009 x11:0xffffff5b x17=0x000000ae
       15515000	      1550	80000b68	d738f493	andi	x9,x17,-653	 x17:0x000000ae  x9=0x00000022
       15525000	      1551	80000b6c	0110b833	sltu	x16,x1,x17	  x1:0x00000000 x17:0x000000ae x16=0x00000001
       15535000	      1552	80000b70	018cce33	xor	x28,x25,x24	 x25:0x00000000 x24:0xfffffc06 x28=0xfffffc06
       15545000	      1553	80000b74	01bdd2b3	srl	x5,x27,x27	 x27:0x80009fc4 x27:0x80009fc4  x5=0x080009fc
       15555000	      1554	80000b78	011f8a33	add	x20,x31,x17	 x31:0x03fe6e08 x17:0x000000ae x20=0x03fe6eb6
       15565000	      1555	80000b7c	000359b3	srl	x19,x6,x0	  x6:0x80009f74  x0:0x00000000 x19=0x80009f74
       15575000	      1556	80000b80	05c2e663	bltu	x5,x28,80000bcc	  x5:0x080009fc x28:0xfffffc06
       15585000	      1557	00000000	00000013	addi	x0,x0,0	  x0:0x00000000
       15595000	      1558	80000bc8	00000013	addi	x0,x0,0	  x0:0x00000000
       15605000	      1559	80000bcc	00e79e33	sll	x28,x15,x14	 x15:0x00000000 x14:0xfffffbed x28=0x00000000
       15615000	      1560	80000bd0	8387cfb7	lui	x31,0x8387c	 x31=0x8387c000
       15625000	      1561	80000bd4	0050c3b3	xor	x7,x1,x5	  x1:0x00000000  x5:0x080009fc  x7=0x080009fc
       15635000	      1562	80000bd8	036e5463	bge	x28,x22,80000c00	 x28:0x00000000 x22:0xffffffff
       15645000	      1563	00000000	00000013	addi	x0,x0,0	  x0:0x00000000
       15655000	      1564	80000bfc	00000013	addi	x0,x0,0	  x0:0x00000000
       15665000	      1565	80000c00	00179913	slli	x18,x15,0x1	 x15:0x00000000 x18=0x00000000
       15675000	      1566	80000c04	6113eb93	ori	x23,x7,1553	  x7:0x080009fc x23=0x08000ffd
       15685000	      1567	80000c08	017befb3	or	x31,x23,x23	 x23:0x08000ffd x23:0x08000ffd x31=0x08000ffd
       15695000	      1568	80000c0c	0043b8b3	sltu	x17,x7,x4	  x7:0x080009fc  x4:0x000007f3 x17=0x00000000
       15705000	      1569	80000c10	07a08913	addi	x18,x1,122	  x1:0x00000000 x18=0x0000007a
       15715000	      1570	80000c14	01119b33	sll	x22,x3,x17	  x3:0x08008fff x17:0x00000000 x22=0x08008fff
       15725000	      1571	80000c18	019f3bb3	sltu	x23,x30,x25	 x30:0x00000009 x25:0x00000000 x23=0x00000000
       15735000	      1572	80000c1c	016ed093	srli	x1,x29,0x16	 x29:0x3fe6e080  x1=0x000000ff
       15745000	      1573	80000c20	00eed0b3	srl	x1,x29,x14	 x29:0x3fe6e080 x14:0xfffffbed  x1=0x0001ff37
       15755000	      1574	80000c24	40105193	srai	x3,x0,0x1	  x0:0x00000000  x3=0x00000000
       15765000	      1575	80000c28	41b0db93	srai	x23,x1,0x1b	  x1:0x0001ff37 x23=0x00000000
       15775000	      1576	80000c2c	038d4263	blt	x26,x24,80000c50	 x26:0x00000000 x24:0xfffffc06
       15785000	      1577	80000c30	004f7e33	and	x28,x30,x4	 x30:0x00000009  x4:0x000007f3 x28=0x00000001
       15795000	      1578	80000c34	03f2dc63	bge	x5,x31,80000c6c	  x5:0x080009fc x31:0x08000ffd
       15805000	      1579	80000c38	0042a933	slt	x18,x5,x4	  x5:0x080009fc  x4:0x000007f3 x18=0x00000000
       15815000	      1580	80000c3c	9109c893	xori	x17,x19,-1776	 x19:0x80009f74 x17=0x7fff6664
       15825000	      1581	80000c40	00715013	srli	x0,x2,0x7	  x2:0x00000001
       15835000	      1582	80000c44	03e8fa63	bgeu	x17,x30,80000c78	 x17:0x7fff6664 x30:0x00000009
       15845000	      1583	00000000	00000013	addi	x0,x0,0	  x0:0x00000000
       15855000	      1584	80000c74	00000013	addi	x0,x0,0	  x0:0x00000000
       15865000	      1585	80000c78	c64d16b7	lui	x13,0xc64d1	 x13=0xc64d1000
       15875000	      1586	80000c7c	2bc1b113	sltiu	x2,x3,700	  x3:0x00000000  x2=0x00000001
       15885000	      1587	80000c80	00432083	lw	x1,4(x6)	  x6:0x80009f74  x1=0x800001a4 PA:0x80009f78
       15895000	      1588	80000c84	00723b33	sltu	x22,x4,x7	  x4:0x000007f3  x7:0x080009fc x22=0x00000001
       15905000	      1589	80000c88	01030313	addi	x6,x6,16	  x6:0x80009f74  x6=0x80009f84
       15915000	      1590	80000c8c	41778bb3	sub	x23,x15,x23	 x15:0x00000000 x23:0x00000000 x23=0x00000000
       15925000	      1591	80000c90	416edb33	sra	x22,x29,x22	 x29:0x3fe6e080 x22:0x00000001 x22=0x1ff37040
       15935000	      1592	80000c94	aabb5597	auipc	x11,0xaabb5	 x11=0x2abb5c90
       15945000	      1593	80000c98	00108393	addi	x7,x1,1	  x1:0x800001a4  x7=0x800001a5
       15955000	      1594	80000c9c	000383e7	jalr	x7,x7,0	  x7:0x800001a5  x7=0x80000c9c
       15965000	      1595	00000000	00000013	addi	x0,x0,0	  x0:0x00000000
       15975000	      1596	800001a4	00000013	addi	x0,x0,0	  x0:0x00000000
       15985000	      1597	800001a8	ffc00093	addi	x1,x0,-4	  x0:0x00000000  x1=0xfffffffc
       15995000	      1598	800001ac	00300f93	addi	x31,x0,3	  x0:0x00000000 x31=0x00000003
       16005000	      1599	800001b0	b76e2d13	slti	x26,x28,-1162	 x28:0x00000001 x26=0x00000000
       16015000	      1600	800001b4	00ce79b3	and	x19,x28,x12	 x28:0x00000001 x12:0x7fcdc100 x19=0x00000000
       16025000	      1601	800001b8	01c17ab3	and	x21,x2,x28	  x2:0x00000001 x28:0x00000001 x21=0x00000001
       16035000	      1602	800001bc	0126d2b3	srl	x5,x13,x18	 x13:0xc64d1000 x18:0x00000000  x5=0xc64d1000
       16045000	      1603	800001c0	00308093	addi	x1,x1,3	  x1:0xfffffffc  x1=0xffffffff
       16055000	      1604	800001c4	015d7433	and	x8,x26,x21	 x26:0x00000000 x21:0x00000001  x8=0x00000000
       16065000	      1605	800001c8	ff900913	addi	x18,x0,-7	  x0:0x00000000 x18=0xfffffff9
       16075000	      1606	800001cc	01665cb3	srl	x25,x12,x22	 x12:0x7fcdc100 x22:0x1ff37040 x25=0x7fcdc100
       16085000	      1607	800001d0	ffd00c13	addi	x24,x0,-3	  x0:0x00000000 x24=0xfffffffd
       16095000	      1608	800001d4	017ba833	slt	x16,x23,x23	 x23:0x00000000 x23:0x00000000 x16=0x00000000
       16105000	      1609	800001d8	00ab6133	or	x2,x22,x10	 x22:0x1ff37040 x10:0x3fe6e080  x2=0x3ff7f0c0
       16115000	      1610	800001dc	00290913	addi	x18,x18,2	 x18:0xfffffff9 x18=0xfffffffb
       16125000	      1611	800001e0	01d51b33	sll	x22,x10,x29	 x10:0x3fe6e080 x29:0x3fe6e080 x22=0x3fe6e080
       16135000	      1612	800001e4	01eeaab3	slt	x21,x29,x30	 x29:0x3fe6e080 x30:0x00000009 x21=0x00000000
       16145000	      1613	800001e8	ff8906e3	beq	x18,x24,800001d4	 x18:0xfffffffb x24:0xfffffffd
       16155000	      1614	800001ec	009cc533	xor	x10,x25,x9	 x25:0x7fcdc100  x9:0x00000022 x10=0x7fcdc122
       16165000	      1615	800001f0	fdf0e0e3	bltu	x1,x31,800001b0	  x1:0xffffffff x31:0x00000003
       16175000	      1616	800001f4	eb87b113	sltiu	x2,x15,-328	 x15:0x00000000  x2=0x00000001
       16185000	      1617	800001f8	2de62413	slti	x8,x12,734	 x12:0x7fcdc100  x8=0x00000000
       16195000	      1618	800001fc	004ed663	bge	x29,x4,80000208	 x29:0x3fe6e080  x4:0x000007f3
       16205000	      1619	00000000	00000013	addi	x0,x0,0	  x0:0x00000000
       16215000	      1620	80000204	00000013	addi	x0,x0,0	  x0:0x00000000
       16225000	      1621	80000208	01603fb3	sltu	x31,x0,x22	  x0:0x00000000 x22:0x3fe6e080 x31=0x00000001
       16235000	      1622	8000020c	3ea56513	ori	x10,x10,1002	 x10:0x7fcdc122 x10=0x7fcdc3ea
       16245000	      1623	80000210	0079d793	srli	x15,x19,0x7	 x19:0x00000000 x15=0x00000000
       16255000	      1624	80000214	f007fd13	andi	x26,x15,-256	 x15:0x00000000 x26=0x00000000
       16265000	      1625	80000218	013914b3	sll	x9,x18,x19	 x18:0xfffffffb x19:0x00000000  x9=0xfffffffb
       16275000	      1626	8000021c	369dd3b7	lui	x7,0x369dd	  x7=0x369dd000
       16285000	      1627	80000220	02465a63	bge	x12,x4,80000254	 x12:0x7fcdc100  x4:0x000007f3
       16295000	      1628	00000000	00000013	addi	x0,x0,0	  x0:0x00000000
       16305000	      1629	80000250	00000013	addi	x0,x0,0	  x0:0x00000000
       16315000	      1630	80000254	079ac463	blt	x21,x25,800002bc	 x21:0x00000000 x25:0x7fcdc100
       16325000	      1631	00000000	00000013	addi	x0,x0,0	  x0:0x00000000
       16335000	      1632	800002b8	00000013	addi	x0,x0,0	  x0:0x00000000
       16345000	      1633	800002bc	02374463	blt	x14,x3,800002e4	 x14:0xfffffbed  x3:0x00000000
       16355000	      1634	00000000	00000013	addi	x0,x0,0	  x0:0x00000000
       16365000	      1635	800002e0	00000013	addi	x0,x0,0	  x0:0x00000000
       16375000	      1636	800002e4	01f29113	slli	x2,x5,0x1f	  x5:0xc64d1000  x2=0x00000000
       16385000	      1637	800002e8	00215093	srli	x1,x2,0x2	  x2:0x00000000  x1=0x00000000
       16395000	      1638	800002ec	60a40b37	lui	x22,0x60a40	 x22=0x60a40000
       16405000	      1639	800002f0	001dbd33	sltu	x26,x27,x1	 x27:0x80009fc4  x1:0x00000000 x26=0x00000000
       16415000	      1640	800002f4	41e95413	srai	x8,x18,0x1e	 x18:0xfffffffb  x8=0xffffffff
       16425000	      1641	800002f8	00110463	beq	x2,x1,80000300	  x2:0x00000000  x1:0x00000000
       16435000	      1642	00000000	00000013	addi	x0,x0,0	  x0:0x00000000
       16445000	      1643	800002fc	00000013	addi	x0,x0,0	  x0:0x00000000
       16455000	      1644	80000300	710dcc13	xori	x24,x27,1808	 x27:0x80009fc4 x24=0x800098d4
       16465000	      1645	80000304	00000f17	auipc	x30,0x0	 x30=0x80000300
       16475000	      1646	80000308	00cf0f13	addi	x30,x30,12	 x30:0x80000300 x30=0x8000030c
       16485000	      1647	8000030c	000f0067	jalr	x0,x30,0	 x30:0x8000030c
       16495000	      1648	00000000	00000013	addi	x0,x0,0	  x0:0x00000000
       16505000	      1649	8000030c	00000013	addi	x0,x0,0	  x0:0x00000000
       16515000	      1650	80000310	00100193	addi	x3,x0,1	  x0:0x00000000  x3=0x00000001
       16525000	      1651	80000314	00000073	ecall	
       16535000	      1652	80000318	009bdcb3	srl	x25,x23,x9	 x23:0x00000000  x9:0xfffffffb x25=0x00000000
