		Time			Cycle	PC		Insn	Decoded instruction	Register and memory contents
          65000	         5	80000004	00000293	addi	x5,x0,0	  x0:0x00000000  x5=0x00000000
          75000	         6	80000008	00000313	addi	x6,x0,0	  x0:0x00000000  x6=0x00000000
          85000	         7	8000000c	00628263	beq	x5,x6,80000010	  x5:0x00000000  x6:0x00000000
          95000	         8	00000000	00000013	addi	x0,x0,0	  x0:0x00000000
         105000	         9	8000000c	00000013	addi	x0,x0,0	  x0:0x00000000
         115000	        10	80000010	00000f97	auipc	x31,0x0	 x31=0x8000000c
         125000	        11	80000014	00cf8f93	addi	x31,x31,12	 x31:0x8000000c x31=0x80000018
         135000	        12	80000018	000f8067	jalr	x0,x31,0	 x31:0x80000018
         145000	        13	00000000	00000013	addi	x0,x0,0	  x0:0x00000000
         155000	        14	80000018	00000013	addi	x0,x0,0	  x0:0x00000000
         165000	        15	8000001c	40000c37	lui	x24,0x40000	 x24=0x40000000
         175000	        16	80000020	100c0c13	addi	x24,x24,256	 x24:0x40000000 x24=0x40000100
         185000	        17	80000024	00000013	addi	x0,x0,0	  x0:0x00000000
         195000	        18	80000028	0000a817	auipc	x16,0xa	 x16=0x8000a024
         205000	        19	8000002c	fa080813	addi	x16,x16,-96	 x16:0x8000a024 x16=0x80009fc4
         215000	        20	80000030	00003c17	auipc	x24,0x3	 x24=0x8000302c
         225000	        21	80000034	794c0c13	addi	x24,x24,1940	 x24:0x8000302c x24=0x800037c0
         235000	        22	80000038	001c6c13	ori	x24,x24,1	 x24:0x800037c0 x24=0x800037c1
         245000	        23	8000003c	00000013	addi	x0,x0,0	  x0:0x00000000
         255000	        24	80000040	00000c17	auipc	x24,0x0	 x24=0x8000003c
         265000	        25	80000044	020c0c13	addi	x24,x24,32	 x24:0x8000003c x24=0x8000005c
         275000	        26	80000048	00000013	addi	x0,x0,0	  x0:0x00000000
         285000	        27	8000004c	00000013	addi	x0,x0,0	  x0:0x00000000
         295000	        28	80000050	00002c37	lui	x24,0x2	 x24=0x00002000
         305000	        29	80000054	800c0c13	addi	x24,x24,-2048	 x24:0x00002000 x24=0x00001800
         315000	        30	80000058	00000013	addi	x0,x0,0	  x0:0x00000000
         325000	        31	8000005c	00000013	addi	x0,x0,0	  x0:0x00000000
         335000	        32	80000060	00000013	addi	x0,x0,0	  x0:0x00000000
         345000	        33	80000064	800000b7	lui	x1,0x80000	  x1=0x80000000
         355000	        34	80000068	80000137	lui	x2,0x80000	  x2=0x80000000
         365000	        35	8000006c	800001b7	lui	x3,0x80000	  x3=0x80000000
         375000	        36	80000070	00900213	addi	x4,x0,9	  x0:0x00000000  x4=0x00000009
         385000	        37	80000074	f1d282b7	lui	x5,0xf1d28	  x5=0xf1d28000
         395000	        38	80000078	5bb28293	addi	x5,x5,1467	  x5:0xf1d28000  x5=0xf1d285bb
         405000	        39	8000007c	00600313	addi	x6,x0,6	  x0:0x00000000  x6=0x00000006
         415000	        40	80000080	00000393	addi	x7,x0,0	  x0:0x00000000  x7=0x00000000
         425000	        41	80000084	80000437	lui	x8,0x80000	  x8=0x80000000
         435000	        42	80000088	00a00493	addi	x9,x0,10	  x0:0x00000000  x9=0x0000000a
         445000	        43	8000008c	f4a915b7	lui	x11,0xf4a91	 x11=0xf4a91000
         455000	        44	80000090	d3d58593	addi	x11,x11,-707	 x11:0xf4a91000 x11=0xf4a90d3d
         465000	        45	80000094	fc6e4637	lui	x12,0xfc6e4	 x12=0xfc6e4000
         475000	        46	80000098	69f60613	addi	x12,x12,1695	 x12:0xfc6e4000 x12=0xfc6e469f
         485000	        47	8000009c	46abf6b7	lui	x13,0x46abf	 x13=0x46abf000
         495000	        48	800000a0	a1568693	addi	x13,x13,-1515	 x13:0x46abf000 x13=0x46abea15
         505000	        49	800000a4	f239c737	lui	x14,0xf239c	 x14=0xf239c000
         515000	        50	800000a8	e0370713	addi	x14,x14,-509	 x14:0xf239c000 x14=0xf239be03
         525000	        51	800000ac	800007b7	lui	x15,0x80000	 x15=0x80000000
         535000	        52	800000b0	f50b28b7	lui	x17,0xf50b2	 x17=0xf50b2000
         545000	        53	800000b4	27e88893	addi	x17,x17,638	 x17:0xf50b2000 x17=0xf50b227e
         555000	        54	800000b8	80000937	lui	x18,0x80000	 x18=0x80000000
         565000	        55	800000bc	00100993	addi	x19,x0,1	  x0:0x00000000 x19=0x00000001
         575000	        56	800000c0	80000a37	lui	x20,0x80000	 x20=0x80000000
         585000	        57	800000c4	80000ab7	lui	x21,0x80000	 x21=0x80000000
         595000	        58	800000c8	00300b13	addi	x22,x0,3	  x0:0x00000000 x22=0x00000003
         605000	        59	800000cc	80000bb7	lui	x23,0x80000	 x23=0x80000000
         615000	        60	800000d0	00400c13	addi	x24,x0,4	  x0:0x00000000 x24=0x00000004
         625000	        61	800000d4	fced9cb7	lui	x25,0xfced9	 x25=0xfced9000
         635000	        62	800000d8	473c8c93	addi	x25,x25,1139	 x25:0xfced9000 x25=0xfced9473
         645000	        63	800000dc	80000d37	lui	x26,0x80000	 x26=0x80000000
         655000	        64	800000e0	152c7db7	lui	x27,0x152c7	 x27=0x152c7000
         665000	        65	800000e4	800d8d93	addi	x27,x27,-2048	 x27:0x152c7000 x27=0x152c6800
         675000	        66	800000e8	00800e13	addi	x28,x0,8	  x0:0x00000000 x28=0x00000008
         685000	        67	800000ec	fff2aeb7	lui	x29,0xfff2a	 x29=0xfff2a000
         695000	        68	800000f0	ef9e8e93	addi	x29,x29,-263	 x29:0xfff2a000 x29=0xfff29ef9
         705000	        69	800000f4	fc5acf37	lui	x30,0xfc5ac	 x30=0xfc5ac000
         715000	        70	800000f8	19ef0f13	addi	x30,x30,414	 x30:0xfc5ac000 x30=0xfc5ac19e
         725000	        71	800000fc	f9e4afb7	lui	x31,0xf9e4a	 x31=0xf9e4a000
         735000	        72	80000100	ff2f8f93	addi	x31,x31,-14	 x31:0xf9e4a000 x31=0xf9e49ff2
         745000	        73	80000104	0000a517	auipc	x10,0xa	 x10=0x8000a100
         755000	        74	80000108	e8450513	addi	x10,x10,-380	 x10:0x8000a100 x10=0x80009f84
         765000	        75	8000010c	0010d013	srli	x0,x1,0x1	  x1:0x80000000
         775000	        76	80000110	00002b97	auipc	x23,0x2	 x23=0x8000210c
         785000	        77	80000114	770b8b93	addi	x23,x23,1904	 x23:0x8000210c x23=0x8000287c
         795000	        78	80000118	00b1d233	srl	x4,x3,x11	  x3:0x80000000 x11:0xf4a90d3d  x4=0x00000004
         805000	        79	8000011c	373b8b93	addi	x23,x23,883	 x23:0x8000287c x23=0x80002bef
         815000	        80	80000120	009460b3	or	x1,x8,x9	  x8:0x80000000  x9:0x0000000a  x1=0x8000000a
         825000	        81	80000124	01af1a63	bne	x30,x26,80000138	 x30:0xfc5ac19e x26:0x80000000
         835000	        82	00000000	00000013	addi	x0,x0,0	  x0:0x00000000
         845000	        83	80000134	00000013	addi	x0,x0,0	  x0:0x00000000
         855000	        84	80000138	c8eb8167	jalr	x2,x23,-882	 x23:0x80002bef  x2=0x80000138
         865000	        85	00000000	00000013	addi	x0,x0,0	  x0:0x00000000
         875000	        86	8000287c	00000013	addi	x0,x0,0	  x0:0x00000000
         885000	        87	80002880	00d81b93	slli	x23,x16,0xd	 x16:0x80009fc4 x23=0x13f88000
         895000	        88	80002884	408350b3	sra	x1,x6,x8	  x6:0x00000006  x8:0x80000000  x1=0x00000006
         905000	        89	80002888	00000013	addi	x0,x0,0	  x0:0x00000000
         915000	        90	8000288c	1d64a437	lui	x8,0x1d64a	  x8=0x1d64a000
         925000	        91	80002890	fc450513	addi	x10,x10,-60	 x10:0x80009f84 x10=0x80009f48
         935000	        92	80002894	00ecb8b3	sltu	x17,x25,x14	 x25:0xfced9473 x14:0xf239be03 x17=0x00000000
         945000	        93	80002898	01350eb3	add	x29,x10,x19	 x10:0x80009f48 x19:0x00000001 x29=0x80009f49
         955000	        94	8000289c	00252223	sw	x2,4(x10)	 x10:0x80009f48  x2:0x80000138 PA:0x80009f4c
         965000	        95	800028a0	285ea793	slti	x15,x29,645	 x29:0x80009f49 x15=0x00000001
         975000	        96	800028a4	014aaeb3	slt	x29,x21,x20	 x21:0x80000000 x20:0x80000000 x29=0x00000000
         985000	        97	800028a8	ffc00313	addi	x6,x0,-4	  x0:0x00000000  x6=0xfffffffc
         995000	        98	800028ac	482e4237	lui	x4,0x482e4	  x4=0x482e4000
        1005000	        99	800028b0	00d00393	addi	x7,x0,13	  x0:0x00000000  x7=0x0000000d
        1015000	       100	800028b4	00c8a1b3	slt	x3,x17,x12	 x17:0x00000000 x12:0xfc6e469f  x3=0x00000000
        1025000	       101	800028b8	4fa40c17	auipc	x24,0x4fa40	 x24=0xcfa428b4
        1035000	       102	800028bc	41f95013	srai	x0,x18,0x1f	 x18:0x80000000
        1045000	       103	800028c0	00930313	addi	x6,x6,9	  x6:0xfffffffc  x6=0x00000005
        1055000	       104	800028c4	002f9db3	sll	x27,x31,x2	 x31:0xf9e49ff2  x2:0x80000138 x27=0xf2000000
        1065000	       105	800028c8	00bde9b3	or	x19,x27,x11	 x27:0xf2000000 x11:0xf4a90d3d x19=0xf6a90d3d
        1075000	       106	800028cc	00900793	addi	x15,x0,9	  x0:0x00000000 x15=0x00000009
        1085000	       107	800028d0	01f636b3	sltu	x13,x12,x31	 x12:0xfc6e469f x31:0xf9e49ff2 x13=0x00000000
        1095000	       108	800028d4	00d00093	addi	x1,x0,13	  x0:0x00000000  x1=0x0000000d
        1105000	       109	800028d8	fade2993	slti	x19,x28,-83	 x28:0x00000008 x19=0x00000000
        1115000	       110	800028dc	ca88e1b7	lui	x3,0xca88e	  x3=0xca88e000
        1125000	       111	800028e0	00878793	addi	x15,x15,8	 x15:0x00000009 x15=0x00000011
        1135000	       112	800028e4	0082bdb3	sltu	x27,x5,x8	  x5:0xf1d285bb  x8:0x1d64a000 x27=0x00000000
        1145000	       113	800028e8	fe17eae3	bltu	x15,x1,800028dc	 x15:0x00000011  x1:0x0000000d
        1155000	       114	800028ec	00381193	slli	x3,x16,0x3	 x16:0x80009fc4  x3=0x0004fe20
        1165000	       115	800028f0	b364ac13	slti	x24,x9,-1226	  x9:0x0000000a x24=0x00000000
        1175000	       116	800028f4	fc7360e3	bltu	x6,x7,800028b4	  x6:0x00000005  x7:0x0000000d
        1185000	       117	00000000	00000013	addi	x0,x0,0	  x0:0x00000000
        1195000	       118	800028b0	00000013	addi	x0,x0,0	  x0:0x00000000
        1205000	       119	800028b4	00c8a1b3	slt	x3,x17,x12	 x17:0x00000000 x12:0xfc6e469f  x3=0x00000000
        1215000	       120	800028b8	4fa40c17	auipc	x24,0x4fa40	 x24=0xcfa428b4
        1225000	       121	800028bc	41f95013	srai	x0,x18,0x1f	 x18:0x80000000
        1235000	       122	800028c0	00930313	addi	x6,x6,9	  x6:0x00000005  x6=0x0000000e
        1245000	       123	800028c4	002f9db3	sll	x27,x31,x2	 x31:0xf9e49ff2  x2:0x80000138 x27=0xf2000000
        1255000	       124	800028c8	00bde9b3	or	x19,x27,x11	 x27:0xf2000000 x11:0xf4a90d3d x19=0xf6a90d3d
        1265000	       125	800028cc	00900793	addi	x15,x0,9	  x0:0x00000000 x15=0x00000009
        1275000	       126	800028d0	01f636b3	sltu	x13,x12,x31	 x12:0xfc6e469f x31:0xf9e49ff2 x13=0x00000000
        1285000	       127	800028d4	00d00093	addi	x1,x0,13	  x0:0x00000000  x1=0x0000000d
        1295000	       128	800028d8	fade2993	slti	x19,x28,-83	 x28:0x00000008 x19=0x00000000
        1305000	       129	800028dc	ca88e1b7	lui	x3,0xca88e	  x3=0xca88e000
        1315000	       130	800028e0	00878793	addi	x15,x15,8	 x15:0x00000009 x15=0x00000011
        1325000	       131	800028e4	0082bdb3	sltu	x27,x5,x8	  x5:0xf1d285bb  x8:0x1d64a000 x27=0x00000000
        1335000	       132	800028e8	fe17eae3	bltu	x15,x1,800028dc	 x15:0x00000011  x1:0x0000000d
        1345000	       133	800028ec	00381193	slli	x3,x16,0x3	 x16:0x80009fc4  x3=0x0004fe20
        1355000	       134	800028f0	b364ac13	slti	x24,x9,-1226	  x9:0x0000000a x24=0x00000000
        1365000	       135	800028f4	fc7360e3	bltu	x6,x7,800028b4	  x6:0x0000000e  x7:0x0000000d
        1375000	       136	800028f8	94d63893	sltiu	x17,x12,-1715	 x12:0xfc6e469f x17=0x00000001
        1385000	       137	800028fc	00900293	addi	x5,x0,9	  x0:0x00000000  x5=0x00000009
        1395000	       138	80002900	400cd913	srai	x18,x25,0x0	 x25:0xfced9473 x18=0xfced9473
        1405000	       139	80002904	40f85493	srai	x9,x16,0xf	 x16:0x80009fc4  x9=0xffff0001
        1415000	       140	80002908	ff000d93	addi	x27,x0,-16	  x0:0x00000000 x27=0xfffffff0
        1425000	       141	8000290c	f2659c97	auipc	x25,0xf2659	 x25=0x7265b908
        1435000	       142	80002910	00000013	addi	x0,x0,0	  x0:0x00000000
        1445000	       143	80002914	7ff87313	andi	x6,x16,2047	 x16:0x80009fc4  x6=0x000007c4
        1455000	       144	80002918	ffb28293	addi	x5,x5,-5	  x5:0x00000009  x5=0x00000004
        1465000	       145	8000291c	01ed6233	or	x4,x26,x30	 x26:0x80000000 x30:0xfc5ac19e  x4=0xfc5ac19e
        1475000	       146	80002920	012c81b3	add	x3,x25,x18	 x25:0x7265b908 x18:0xfced9473  x3=0x6f534d7b
        1485000	       147	80002924	ffb296e3	bne	x5,x27,80002910	  x5:0x00000004 x27:0xfffffff0
        1495000	       148	00000000	00000013	addi	x0,x0,0	  x0:0x00000000
        1505000	       149	8000290c	00000013	addi	x0,x0,0	  x0:0x00000000
        1515000	       150	80002910	00000013	addi	x0,x0,0	  x0:0x00000000
        1525000	       151	80002914	7ff87313	andi	x6,x16,2047	 x16:0x80009fc4  x6=0x000007c4
        1535000	       152	80002918	ffb28293	addi	x5,x5,-5	  x5:0x00000004  x5=0xffffffff
        1545000	       153	8000291c	01ed6233	or	x4,x26,x30	 x26:0x80000000 x30:0xfc5ac19e  x4=0xfc5ac19e
        1555000	       154	80002920	012c81b3	add	x3,x25,x18	 x25:0x7265b908 x18:0xfced9473  x3=0x6f534d7b
        1565000	       155	80002924	ffb296e3	bne	x5,x27,80002910	  x5:0xffffffff x27:0xfffffff0
        1575000	       156	00000000	00000013	addi	x0,x0,0	  x0:0x00000000
        1585000	       157	8000290c	00000013	addi	x0,x0,0	  x0:0x00000000
        1595000	       158	80002910	00000013	addi	x0,x0,0	  x0:0x00000000
        1605000	       159	80002914	7ff87313	andi	x6,x16,2047	 x16:0x80009fc4  x6=0x000007c4
        1615000	       160	80002918	ffb28293	addi	x5,x5,-5	  x5:0xffffffff  x5=0xfffffffa
        1625000	       161	8000291c	01ed6233	or	x4,x26,x30	 x26:0x80000000 x30:0xfc5ac19e  x4=0xfc5ac19e
        1635000	       162	80002920	012c81b3	add	x3,x25,x18	 x25:0x7265b908 x18:0xfced9473  x3=0x6f534d7b
        1645000	       163	80002924	ffb296e3	bne	x5,x27,80002910	  x5:0xfffffffa x27:0xfffffff0
        1655000	       164	00000000	00000013	addi	x0,x0,0	  x0:0x00000000
        1665000	       165	8000290c	00000013	addi	x0,x0,0	  x0:0x00000000
        1675000	       166	80002910	00000013	addi	x0,x0,0	  x0:0x00000000
        1685000	       167	80002914	7ff87313	andi	x6,x16,2047	 x16:0x80009fc4  x6=0x000007c4
        1695000	       168	80002918	ffb28293	addi	x5,x5,-5	  x5:0xfffffffa  x5=0xfffffff5
        1705000	       169	8000291c	01ed6233	or	x4,x26,x30	 x26:0x80000000 x30:0xfc5ac19e  x4=0xfc5ac19e
        1715000	       170	80002920	012c81b3	add	x3,x25,x18	 x25:0x7265b908 x18:0xfced9473  x3=0x6f534d7b
        1725000	       171	80002924	ffb296e3	bne	x5,x27,80002910	  x5:0xfffffff5 x27:0xfffffff0
        1735000	       172	00000000	00000013	addi	x0,x0,0	  x0:0x00000000
        1745000	       173	8000290c	00000013	addi	x0,x0,0	  x0:0x00000000
        1755000	       174	80002910	00000013	addi	x0,x0,0	  x0:0x00000000
        1765000	       175	80002914	7ff87313	andi	x6,x16,2047	 x16:0x80009fc4  x6=0x000007c4
        1775000	       176	80002918	ffb28293	addi	x5,x5,-5	  x5:0xfffffff5  x5=0xfffffff0
        1785000	       177	8000291c	01ed6233	or	x4,x26,x30	 x26:0x80000000 x30:0xfc5ac19e  x4=0xfc5ac19e
        1795000	       178	80002920	012c81b3	add	x3,x25,x18	 x25:0x7265b908 x18:0xfced9473  x3=0x6f534d7b
        1805000	       179	80002924	ffb296e3	bne	x5,x27,80002910	  x5:0xfffffff0 x27:0xfffffff0
        1815000	       180	80002928	0097af33	slt	x30,x15,x9	 x15:0x00000011  x9:0xffff0001 x30=0x00000000
        1825000	       181	8000292c	ffd00e13	addi	x28,x0,-3	  x0:0x00000000 x28=0xfffffffd
        1835000	       182	80002930	018edcb3	srl	x25,x29,x24	 x29:0x00000000 x24:0x00000000 x25=0x00000000
        1845000	       183	80002934	01c2c933	xor	x18,x5,x28	  x5:0xfffffff0 x28:0xfffffffd x18=0x0000000d
        1855000	       184	80002938	00600093	addi	x1,x0,6	  x0:0x00000000  x1=0x00000006
        1865000	       185	8000293c	00000013	addi	x0,x0,0	  x0:0x00000000
        1875000	       186	80002940	002f9f33	sll	x30,x31,x2	 x31:0xf9e49ff2  x2:0x80000138 x30=0xf2000000
        1885000	       187	80002944	001e0e13	addi	x28,x28,1	 x28:0xfffffffd x28=0xfffffffe
        1895000	       188	80002948	53db2d13	slti	x26,x22,1341	 x22:0x00000003 x26=0x00000001
        1905000	       189	8000294c	41f7dbb3	sra	x23,x15,x31	 x15:0x00000011 x31:0xf9e49ff2 x23=0x00000000
        1915000	       190	80002950	fe1e46e3	blt	x28,x1,8000293c	 x28:0xfffffffe  x1:0x00000006
        1925000	       191	00000000	00000013	addi	x0,x0,0	  x0:0x00000000
        1935000	       192	80002938	00000013	addi	x0,x0,0	  x0:0x00000000
        1945000	       193	8000293c	00000013	addi	x0,x0,0	  x0:0x00000000
        1955000	       194	80002940	002f9f33	sll	x30,x31,x2	 x31:0xf9e49ff2  x2:0x80000138 x30=0xf2000000
        1965000	       195	80002944	001e0e13	addi	x28,x28,1	 x28:0xfffffffe x28=0xffffffff
        1975000	       196	80002948	53db2d13	slti	x26,x22,1341	 x22:0x00000003 x26=0x00000001
        1985000	       197	8000294c	41f7dbb3	sra	x23,x15,x31	 x15:0x00000011 x31:0xf9e49ff2 x23=0x00000000
        1995000	       198	80002950	fe1e46e3	blt	x28,x1,8000293c	 x28:0xffffffff  x1:0x00000006
        2005000	       199	00000000	00000013	addi	x0,x0,0	  x0:0x00000000
        2015000	       200	80002938	00000013	addi	x0,x0,0	  x0:0x00000000
        2025000	       201	8000293c	00000013	addi	x0,x0,0	  x0:0x00000000
        2035000	       202	80002940	002f9f33	sll	x30,x31,x2	 x31:0xf9e49ff2  x2:0x80000138 x30=0xf2000000
        2045000	       203	80002944	001e0e13	addi	x28,x28,1	 x28:0xffffffff x28=0x00000000
        2055000	       204	80002948	53db2d13	slti	x26,x22,1341	 x22:0x00000003 x26=0x00000001
        2065000	       205	8000294c	41f7dbb3	sra	x23,x15,x31	 x15:0x00000011 x31:0xf9e49ff2 x23=0x00000000
        2075000	       206	80002950	fe1e46e3	blt	x28,x1,8000293c	 x28:0x00000000  x1:0x00000006
        2085000	       207	00000000	00000013	addi	x0,x0,0	  x0:0x00000000
        2095000	       208	80002938	00000013	addi	x0,x0,0	  x0:0x00000000
        2105000	       209	8000293c	00000013	addi	x0,x0,0	  x0:0x00000000
        2115000	       210	80002940	002f9f33	sll	x30,x31,x2	 x31:0xf9e49ff2  x2:0x80000138 x30=0xf2000000
        2125000	       211	80002944	001e0e13	addi	x28,x28,1	 x28:0x00000000 x28=0x00000001
        2135000	       212	80002948	53db2d13	slti	x26,x22,1341	 x22:0x00000003 x26=0x00000001
        2145000	       213	8000294c	41f7dbb3	sra	x23,x15,x31	 x15:0x00000011 x31:0xf9e49ff2 x23=0x00000000
        2155000	       214	80002950	fe1e46e3	blt	x28,x1,8000293c	 x28:0x00000001  x1:0x00000006
        2165000	       215	00000000	00000013	addi	x0,x0,0	  x0:0x00000000
        2175000	       216	80002938	00000013	addi	x0,x0,0	  x0:0x00000000
        2185000	       217	8000293c	00000013	addi	x0,x0,0	  x0:0x00000000
        2195000	       218	80002940	002f9f33	sll	x30,x31,x2	 x31:0xf9e49ff2  x2:0x80000138 x30=0xf2000000
        2205000	       219	80002944	001e0e13	addi	x28,x28,1	 x28:0x00000001 x28=0x00000002
        2215000	       220	80002948	53db2d13	slti	x26,x22,1341	 x22:0x00000003 x26=0x00000001
        2225000	       221	8000294c	41f7dbb3	sra	x23,x15,x31	 x15:0x00000011 x31:0xf9e49ff2 x23=0x00000000
        2235000	       222	80002950	fe1e46e3	blt	x28,x1,8000293c	 x28:0x00000002  x1:0x00000006
        2245000	       223	00000000	00000013	addi	x0,x0,0	  x0:0x00000000
        2255000	       224	80002938	00000013	addi	x0,x0,0	  x0:0x00000000
        2265000	       225	8000293c	00000013	addi	x0,x0,0	  x0:0x00000000
        2275000	       226	80002940	002f9f33	sll	x30,x31,x2	 x31:0xf9e49ff2  x2:0x80000138 x30=0xf2000000
        2285000	       227	80002944	001e0e13	addi	x28,x28,1	 x28:0x00000002 x28=0x00000003
        2295000	       228	80002948	53db2d13	slti	x26,x22,1341	 x22:0x00000003 x26=0x00000001
        2305000	       229	8000294c	41f7dbb3	sra	x23,x15,x31	 x15:0x00000011 x31:0xf9e49ff2 x23=0x00000000
        2315000	       230	80002950	fe1e46e3	blt	x28,x1,8000293c	 x28:0x00000003  x1:0x00000006
        2325000	       231	00000000	00000013	addi	x0,x0,0	  x0:0x00000000
        2335000	       232	80002938	00000013	addi	x0,x0,0	  x0:0x00000000
        2345000	       233	8000293c	00000013	addi	x0,x0,0	  x0:0x00000000
        2355000	       234	80002940	002f9f33	sll	x30,x31,x2	 x31:0xf9e49ff2  x2:0x80000138 x30=0xf2000000
        2365000	       235	80002944	001e0e13	addi	x28,x28,1	 x28:0x00000003 x28=0x00000004
        2375000	       236	80002948	53db2d13	slti	x26,x22,1341	 x22:0x00000003 x26=0x00000001
        2385000	       237	8000294c	41f7dbb3	sra	x23,x15,x31	 x15:0x00000011 x31:0xf9e49ff2 x23=0x00000000
        2395000	       238	80002950	fe1e46e3	blt	x28,x1,8000293c	 x28:0x00000004  x1:0x00000006
        2405000	       239	00000000	00000013	addi	x0,x0,0	  x0:0x00000000
        2415000	       240	80002938	00000013	addi	x0,x0,0	  x0:0x00000000
        2425000	       241	8000293c	00000013	addi	x0,x0,0	  x0:0x00000000
        2435000	       242	80002940	002f9f33	sll	x30,x31,x2	 x31:0xf9e49ff2  x2:0x80000138 x30=0xf2000000
        2445000	       243	80002944	001e0e13	addi	x28,x28,1	 x28:0x00000004 x28=0x00000005
        2455000	       244	80002948	53db2d13	slti	x26,x22,1341	 x22:0x00000003 x26=0x00000001
        2465000	       245	8000294c	41f7dbb3	sra	x23,x15,x31	 x15:0x00000011 x31:0xf9e49ff2 x23=0x00000000
        2475000	       246	80002950	fe1e46e3	blt	x28,x1,8000293c	 x28:0x00000005  x1:0x00000006
        2485000	       247	00000000	00000013	addi	x0,x0,0	  x0:0x00000000
        2495000	       248	80002938	00000013	addi	x0,x0,0	  x0:0x00000000
        2505000	       249	8000293c	00000013	addi	x0,x0,0	  x0:0x00000000
        2515000	       250	80002940	002f9f33	sll	x30,x31,x2	 x31:0xf9e49ff2  x2:0x80000138 x30=0xf2000000
        2525000	       251	80002944	001e0e13	addi	x28,x28,1	 x28:0x00000005 x28=0x00000006
        2535000	       252	80002948	53db2d13	slti	x26,x22,1341	 x22:0x00000003 x26=0x00000001
        2545000	       253	8000294c	41f7dbb3	sra	x23,x15,x31	 x15:0x00000011 x31:0xf9e49ff2 x23=0x00000000
        2555000	       254	80002950	fe1e46e3	blt	x28,x1,8000293c	 x28:0x00000006  x1:0x00000006
        2565000	       255	80002954	6f687913	andi	x18,x16,1782	 x16:0x80009fc4 x18=0x000006c4
        2575000	       256	80002958	ffb00993	addi	x19,x0,-5	  x0:0x00000000 x19=0xfffffffb
        2585000	       257	8000295c	401e52b3	sra	x5,x28,x1	 x28:0x00000006  x1:0x00000006  x5=0x00000000
        2595000	       258	80002960	7df32b13	slti	x22,x6,2015	  x6:0x000007c4 x22=0x00000001
        2605000	       259	80002964	ff700393	addi	x7,x0,-9	  x0:0x00000000  x7=0xfffffff7
        2615000	       260	80002968	9a067713	andi	x14,x12,-1632	 x12:0xfc6e469f x14=0xfc6e4080
        2625000	       261	8000296c	961d6613	ori	x12,x26,-1695	 x26:0x00000001 x12=0xfffff961
        2635000	       262	80002970	99634293	xori	x5,x6,-1642	  x6:0x000007c4  x5=0xfffffe52
        2645000	       263	80002974	ffe98993	addi	x19,x19,-2	 x19:0xfffffffb x19=0xfffffff9
        2655000	       264	80002978	00a5e233	or	x4,x11,x10	 x11:0xf4a90d3d x10:0x80009f48  x4=0xf4a99f7d
        2665000	       265	8000297c	64c53c13	sltiu	x24,x10,1612	 x10:0x80009f48 x24=0x00000000
        2675000	       266	80002980	40de0933	sub	x18,x28,x13	 x28:0x00000006 x13:0x00000000 x18=0x00000006
        2685000	       267	80002984	9023a913	slti	x18,x7,-1790	  x7:0xfffffff7 x18=0x00000000
        2695000	       268	80002988	68f5cd13	xori	x26,x11,1679	 x11:0xf4a90d3d x26=0xf4a90bb2
        2705000	       269	8000298c	0174ccb3	xor	x25,x9,x23	  x9:0xffff0001 x23:0x00000000 x25=0xffff0001
        2715000	       270	80002990	00b9fab3	and	x21,x19,x11	 x19:0xfffffff9 x11:0xf4a90d3d x21=0xf4a90d39
        2725000	       271	80002994	2d9f0ab7	lui	x21,0x2d9f0	 x21=0x2d9f0000
        2735000	       272	80002998	00b757b3	srl	x15,x14,x11	 x14:0xfc6e4080 x11:0xf4a90d3d x15=0x00000007
        2745000	       273	8000299c	fc79d8e3	bge	x19,x7,8000296c	 x19:0xfffffff9  x7:0xfffffff7
        2755000	       274	00000000	00000013	addi	x0,x0,0	  x0:0x00000000
        2765000	       275	80002968	00000013	addi	x0,x0,0	  x0:0x00000000
        2775000	       276	8000296c	961d6613	ori	x12,x26,-1695	 x26:0xf4a90bb2 x12=0xfffffbf3
        2785000	       277	80002970	99634293	xori	x5,x6,-1642	  x6:0x000007c4  x5=0xfffffe52
        2795000	       278	80002974	ffe98993	addi	x19,x19,-2	 x19:0xfffffff9 x19=0xfffffff7
        2805000	       279	80002978	00a5e233	or	x4,x11,x10	 x11:0xf4a90d3d x10:0x80009f48  x4=0xf4a99f7d
        2815000	       280	8000297c	64c53c13	sltiu	x24,x10,1612	 x10:0x80009f48 x24=0x00000000
        2825000	       281	80002980	40de0933	sub	x18,x28,x13	 x28:0x00000006 x13:0x00000000 x18=0x00000006
        2835000	       282	80002984	9023a913	slti	x18,x7,-1790	  x7:0xfffffff7 x18=0x00000000
        2845000	       283	80002988	68f5cd13	xori	x26,x11,1679	 x11:0xf4a90d3d x26=0xf4a90bb2
        2855000	       284	8000298c	0174ccb3	xor	x25,x9,x23	  x9:0xffff0001 x23:0x00000000 x25=0xffff0001
        2865000	       285	80002990	00b9fab3	and	x21,x19,x11	 x19:0xfffffff7 x11:0xf4a90d3d x21=0xf4a90d35
        2875000	       286	80002994	2d9f0ab7	lui	x21,0x2d9f0	 x21=0x2d9f0000
        2885000	       287	80002998	00b757b3	srl	x15,x14,x11	 x14:0xfc6e4080 x11:0xf4a90d3d x15=0x00000007
        2895000	       288	8000299c	fc79d8e3	bge	x19,x7,8000296c	 x19:0xfffffff7  x7:0xfffffff7
        2905000	       289	00000000	00000013	addi	x0,x0,0	  x0:0x00000000
        2915000	       290	80002968	00000013	addi	x0,x0,0	  x0:0x00000000
        2925000	       291	8000296c	961d6613	ori	x12,x26,-1695	 x26:0xf4a90bb2 x12=0xfffffbf3
        2935000	       292	80002970	99634293	xori	x5,x6,-1642	  x6:0x000007c4  x5=0xfffffe52
        2945000	       293	80002974	ffe98993	addi	x19,x19,-2	 x19:0xfffffff7 x19=0xfffffff5
        2955000	       294	80002978	00a5e233	or	x4,x11,x10	 x11:0xf4a90d3d x10:0x80009f48  x4=0xf4a99f7d
        2965000	       295	8000297c	64c53c13	sltiu	x24,x10,1612	 x10:0x80009f48 x24=0x00000000
        2975000	       296	80002980	40de0933	sub	x18,x28,x13	 x28:0x00000006 x13:0x00000000 x18=0x00000006
        2985000	       297	80002984	9023a913	slti	x18,x7,-1790	  x7:0xfffffff7 x18=0x00000000
        2995000	       298	80002988	68f5cd13	xori	x26,x11,1679	 x11:0xf4a90d3d x26=0xf4a90bb2
        3005000	       299	8000298c	0174ccb3	xor	x25,x9,x23	  x9:0xffff0001 x23:0x00000000 x25=0xffff0001
        3015000	       300	80002990	00b9fab3	and	x21,x19,x11	 x19:0xfffffff5 x11:0xf4a90d3d x21=0xf4a90d35
        3025000	       301	80002994	2d9f0ab7	lui	x21,0x2d9f0	 x21=0x2d9f0000
        3035000	       302	80002998	00b757b3	srl	x15,x14,x11	 x14:0xfc6e4080 x11:0xf4a90d3d x15=0x00000007
        3045000	       303	8000299c	fc79d8e3	bge	x19,x7,8000296c	 x19:0xfffffff5  x7:0xfffffff7
        3055000	       304	800029a0	f0e9f713	andi	x14,x19,-242	 x19:0xfffffff5 x14=0xffffff04
        3065000	       305	800029a4	fff00193	addi	x3,x0,-1	  x0:0x00000000  x3=0xffffffff
        3075000	       306	800029a8	ffe00113	addi	x2,x0,-2	  x0:0x00000000  x2=0xfffffffe
        3085000	       307	800029ac	40028233	sub	x4,x5,x0	  x5:0xfffffe52  x0:0x00000000  x4=0xfffffe52
        3095000	       308	800029b0	004d57b3	srl	x15,x26,x4	 x26:0xf4a90bb2  x4:0xfffffe52 x15=0x00003d2a
        3105000	       309	800029b4	ff618193	addi	x3,x3,-10	  x3:0xffffffff  x3=0xfffffff5
        3115000	       310	800029b8	00900393	addi	x7,x0,9	  x0:0x00000000  x7=0x00000009
        3125000	       311	800029bc	00900f13	addi	x30,x0,9	  x0:0x00000000 x30=0x00000009
        3135000	       312	800029c0	00219633	sll	x12,x3,x2	  x3:0xfffffff5  x2:0xfffffffe x12=0x40000000
        3145000	       313	800029c4	407586b3	sub	x13,x11,x7	 x11:0xf4a90d3d  x7:0x00000009 x13=0xf4a90d34
        3155000	       314	800029c8	00bdfb33	and	x22,x27,x11	 x27:0xfffffff0 x11:0xf4a90d3d x22=0xf4a90d30
        3165000	       315	800029cc	5bdbea93	ori	x21,x23,1469	 x23:0x00000000 x21=0x000005bd
        3175000	       316	800029d0	ff838393	addi	x7,x7,-8	  x7:0x00000009  x7=0x00000001
        3185000	       317	800029d4	0191a733	slt	x14,x3,x25	  x3:0xfffffff5 x25:0xffff0001 x14=0x00000000
        3195000	       318	800029d8	4cf57293	andi	x5,x10,1231	 x10:0x80009f48  x5=0x00000448
        3205000	       319	800029dc	01919bb3	sll	x23,x3,x25	  x3:0xfffffff5 x25:0xffff0001 x23=0xffffffea
        3215000	       320	800029e0	ffe3f4e3	bgeu	x7,x30,800029c8	  x7:0x00000001 x30:0x00000009
        3225000	       321	800029e4	f311fd93	andi	x27,x3,-207	  x3:0xfffffff5 x27=0xffffff31
        3235000	       322	800029e8	01281293	slli	x5,x16,0x12	 x16:0x80009fc4  x5=0x7f100000
        3245000	       323	800029ec	fc21d0e3	bge	x3,x2,800029ac	  x3:0xfffffff5  x2:0xfffffffe
        3255000	       324	800029f0	012c3a33	sltu	x20,x24,x18	 x24:0x00000000 x18:0x00000000 x20=0x00000000
        3265000	       325	800029f4	00c1c933	xor	x18,x3,x12	  x3:0xfffffff5 x12:0x40000000 x18=0xbffffff5
        3275000	       326	800029f8	126e6793	ori	x15,x28,294	 x28:0x00000006 x15=0x00000126
        3285000	       327	800029fc	00b45313	srli	x6,x8,0xb	  x8:0x1d64a000  x6=0x0003ac94
        3295000	       328	80002a00	01215033	srl	x0,x2,x18	  x2:0xfffffffe x18:0xbffffff5
        3305000	       329	80002a04	d348fb13	andi	x22,x17,-716	 x17:0x00000001 x22=0x00000000
        3315000	       330	80002a08	002f1333	sll	x6,x30,x2	 x30:0x00000009  x2:0xfffffffe  x6=0x40000000
        3325000	       331	80002a0c	e17b1997	auipc	x19,0xe17b1	 x19=0x617b3a08
        3335000	       332	80002a10	000074b3	and	x9,x0,x0	  x0:0x00000000  x0:0x00000000  x9=0x00000000
        3345000	       333	80002a14	01d5f263	bgeu	x11,x29,80002a18	 x11:0xf4a90d3d x29:0x00000000
        3355000	       334	00000000	00000013	addi	x0,x0,0	  x0:0x00000000
        3365000	       335	80002a14	00000013	addi	x0,x0,0	  x0:0x00000000
        3375000	       336	80002a18	dca43993	sltiu	x19,x8,-566	  x8:0x1d64a000 x19=0x00000001
        3385000	       337	80002a1c	a48c8093	addi	x1,x25,-1464	 x25:0xffff0001  x1=0xfffefa49
        3395000	       338	80002a20	05314463	blt	x2,x19,80002a68	  x2:0xfffffffe x19:0x00000001
        3405000	       339	00000000	00000013	addi	x0,x0,0	  x0:0x00000000
        3415000	       340	80002a64	00000013	addi	x0,x0,0	  x0:0x00000000
        3425000	       341	80002a68	00000013	addi	x0,x0,0	  x0:0x00000000
        3435000	       342	80002a6c	00cc1013	slli	x0,x24,0xc	 x24:0x00000000
        3445000	       343	80002a70	00df7b33	and	x22,x30,x13	 x30:0x00000009 x13:0xf4a90d34 x22=0x00000000
        3455000	       344	80002a74	403add33	sra	x26,x21,x3	 x21:0x000005bd  x3:0xfffffff5 x26=0x00000000
        3465000	       345	80002a78	9db8cb17	auipc	x22,0x9db8c	 x22=0x1db8ea74
        3475000	       346	80002a7c	40575393	srai	x7,x14,0x5	 x14:0x00000000  x7=0x00000000
        3485000	       347	80002a80	04c34863	blt	x6,x12,80002ad0	  x6:0x40000000 x12:0x40000000
        3495000	       348	80002a84	9a3cc113	xori	x2,x25,-1629	 x25:0xffff0001  x2=0x0000f9a2
        3505000	       349	80002a88	01685263	bge	x16,x22,80002a8c	 x16:0x80009fc4 x22:0x1db8ea74
        3515000	       350	80002a8c	01b6e463	bltu	x13,x27,80002a94	 x13:0xf4a90d34 x27:0xffffff31
        3525000	       351	00000000	00000013	addi	x0,x0,0	  x0:0x00000000
        3535000	       352	80002a90	00000013	addi	x0,x0,0	  x0:0x00000000
        3545000	       353	80002a94	d60e7e13	andi	x28,x28,-672	 x28:0x00000006 x28=0x00000000
        3555000	       354	80002a98	00000013	addi	x0,x0,0	  x0:0x00000000
        3565000	       355	80002a9c	a0814613	xori	x12,x2,-1528	  x2:0x0000f9a2 x12=0xffff03aa
        3575000	       356	80002aa0	00166a63	bltu	x12,x1,80002ab4	 x12:0xffff03aa  x1:0xfffefa49
        3585000	       357	80002aa4	00ef0f33	add	x30,x30,x14	 x30:0x00000009 x14:0x00000000 x30=0x00000009
        3595000	       358	80002aa8	01404263	blt	x0,x20,80002aac	  x0:0x00000000 x20:0x00000000
        3605000	       359	80002aac	45f8c593	xori	x11,x17,1119	 x17:0x00000001 x11=0x0000045e
        3615000	       360	80002ab0	06e90063	beq	x18,x14,80002b10	 x18:0xbffffff5 x14:0x00000000
        3625000	       361	80002ab4	00000013	addi	x0,x0,0	  x0:0x00000000
        3635000	       362	80002ab8	00c713b3	sll	x7,x14,x12	 x14:0x00000000 x12:0xffff03aa  x7=0x00000000
        3645000	       363	80002abc	1c022493	slti	x9,x4,448	  x4:0xfffffe52  x9=0x00000001
        3655000	       364	80002ac0	058e4063	blt	x28,x24,80002b00	 x28:0x00000000 x24:0x00000000
        3665000	       365	80002ac4	009af233	and	x4,x21,x9	 x21:0x000005bd  x9:0x00000001  x4=0x00000001
        3675000	       366	80002ac8	40bf5b93	srai	x23,x30,0xb	 x30:0x00000009 x23=0x00000000
        3685000	       367	80002acc	34e75997	auipc	x19,0x34e75	 x19=0xb4e77ac8
        3695000	       368	80002ad0	a653f113	andi	x2,x7,-1435	  x7:0x00000000  x2=0x00000000
        3705000	       369	80002ad4	26ad7e13	andi	x28,x26,618	 x26:0x00000000 x28=0x00000000
        3715000	       370	80002ad8	a6415e37	lui	x28,0xa6415	 x28=0xa6415000
        3725000	       371	80002adc	006b82b3	add	x5,x23,x6	 x23:0x00000000  x6:0x40000000  x5=0x40000000
        3735000	       372	80002ae0	022d0e63	beq	x26,x2,80002b1c	 x26:0x00000000  x2:0x00000000
        3745000	       373	00000000	00000013	addi	x0,x0,0	  x0:0x00000000
        3755000	       374	80002b18	00000013	addi	x0,x0,0	  x0:0x00000000
        3765000	       375	80002b1c	f25a3393	sltiu	x7,x20,-219	 x20:0x00000000  x7=0x00000001
        3775000	       376	80002b20	00726133	or	x2,x4,x7	  x4:0x00000001  x7:0x00000001  x2=0x00000001
        3785000	       377	80002b24	0164dc63	bge	x9,x22,80002b3c	  x9:0x00000001 x22:0x1db8ea74
        3795000	       378	80002b28	00000013	addi	x0,x0,0	  x0:0x00000000
        3805000	       379	80002b2c	01874f33	xor	x30,x14,x24	 x14:0x00000000 x24:0x00000000 x30=0x00000000
        3815000	       380	80002b30	05b1f663	bgeu	x3,x27,80002b7c	  x3:0xfffffff5 x27:0xffffff31
        3825000	       381	00000000	00000013	addi	x0,x0,0	  x0:0x00000000
        3835000	       382	80002b78	00000013	addi	x0,x0,0	  x0:0x00000000
        3845000	       383	80002b7c	416c8c33	sub	x24,x25,x22	 x25:0xffff0001 x22:0x1db8ea74 x24=0xe246158d
        3855000	       384	80002b80	0355c263	blt	x11,x21,80002ba4	 x11:0x0000045e x21:0x000005bd
        3865000	       385	00000000	00000013	addi	x0,x0,0	  x0:0x00000000
        3875000	       386	80002ba0	00000013	addi	x0,x0,0	  x0:0x00000000
        3885000	       387	80002ba4	c94ebc93	sltiu	x25,x29,-876	 x29:0x00000000 x25=0x00000001
        3895000	       388	80002ba8	e74d6013	ori	x0,x26,-396	 x26:0x00000000
        3905000	       389	80002bac	41538e33	sub	x28,x7,x21	  x7:0x00000001 x21:0x000005bd x28=0xfffffa44
        3915000	       390	80002bb0	04678863	beq	x15,x6,80002c00	 x15:0x00000126  x6:0x40000000
        3925000	       391	80002bb4	00000013	addi	x0,x0,0	  x0:0x00000000
        3935000	       392	80002bb8	00833633	sltu	x12,x6,x8	  x6:0x40000000  x8:0x1d64a000 x12=0x00000000
        3945000	       393	80002bbc	5e1f2793	slti	x15,x30,1505	 x30:0x00000000 x15=0x00000001
        3955000	       394	80002bc0	40550933	sub	x18,x10,x5	 x10:0x80009f48  x5:0x40000000 x18=0x40009f48
        3965000	       395	80002bc4	00f19933	sll	x18,x3,x15	  x3:0xfffffff5 x15:0x00000001 x18=0xffffffea
        3975000	       396	80002bc8	00972a33	slt	x20,x14,x9	 x14:0x00000000  x9:0x00000001 x20=0x00000001
        3985000	       397	80002bcc	04b2f463	bgeu	x5,x11,80002c14	  x5:0x40000000 x11:0x0000045e
        3995000	       398	00000000	00000013	addi	x0,x0,0	  x0:0x00000000
        4005000	       399	80002c10	00000013	addi	x0,x0,0	  x0:0x00000000
        4015000	       400	80002c14	01275713	srli	x14,x14,0x12	 x14:0x00000000 x14=0x00000000
        4025000	       401	80002c18	00900c63	beq	x0,x9,80002c30	  x0:0x00000000  x9:0x00000001
        4035000	       402	80002c1c	0224d063	bge	x9,x2,80002c3c	  x9:0x00000001  x2:0x00000001
        4045000	       403	00000000	00000013	addi	x0,x0,0	  x0:0x00000000
        4055000	       404	80002c38	00000013	addi	x0,x0,0	  x0:0x00000000
        4065000	       405	80002c3c	87d22e93	slti	x29,x4,-1923	  x4:0x00000001 x29=0x00000000
        4075000	       406	80002c40	90ed3893	sltiu	x17,x26,-1778	 x26:0x00000000 x17=0x00000001
        4085000	       407	80002c44	faa20e93	addi	x29,x4,-86	  x4:0x00000001 x29=0xffffffab
        4095000	       408	80002c48	00741eb3	sll	x29,x8,x7	  x8:0x1d64a000  x7:0x00000001 x29=0x3ac94000
        4105000	       409	80002c4c	0419ca97	auipc	x21,0x419c	 x21=0x8419ec48
        4115000	       410	80002c50	00b92bb3	slt	x23,x18,x11	 x18:0xffffffea x11:0x0000045e x23=0x00000001
        4125000	       411	80002c54	00469413	slli	x8,x13,0x4	 x13:0xf4a90d34  x8=0x4a90d340
        4135000	       412	80002c58	000e7c33	and	x24,x28,x0	 x28:0xfffffa44  x0:0x00000000 x24=0x00000000
        4145000	       413	80002c5c	022b5263	bge	x22,x2,80002c80	 x22:0x1db8ea74  x2:0x00000001
        4155000	       414	00000000	00000013	addi	x0,x0,0	  x0:0x00000000
        4165000	       415	80002c7c	00000013	addi	x0,x0,0	  x0:0x00000000
        4175000	       416	80002c80	01a917b3	sll	x15,x18,x26	 x18:0xffffffea x26:0x00000000 x15=0xffffffea
        4185000	       417	80002c84	080ff493	andi	x9,x31,128	 x31:0xf9e49ff2  x9=0x00000080
        4195000	       418	80002c88	001d4bb3	xor	x23,x26,x1	 x26:0x00000000  x1:0xfffefa49 x23=0xfffefa49
        4205000	       419	80002c8c	00f64233	xor	x4,x12,x15	 x12:0x00000000 x15:0xffffffea  x4=0xffffffea
        4215000	       420	80002c90	142ffc97	auipc	x25,0x142ff	 x25=0x94301c8c
        4225000	       421	80002c94	c4483193	sltiu	x3,x16,-956	 x16:0x80009fc4  x3=0x00000001
        4235000	       422	80002c98	01a2b2b3	sltu	x5,x5,x26	  x5:0x40000000 x26:0x00000000  x5=0x00000000
        4245000	       423	80002c9c	402d5613	srai	x12,x26,0x2	 x26:0x00000000 x12=0x00000000
        4255000	       424	80002ca0	00d83c33	sltu	x24,x16,x13	 x16:0x80009fc4 x13:0xf4a90d34 x24=0x00000001
        4265000	       425	80002ca4	019e1b93	slli	x23,x28,0x19	 x28:0xfffffa44 x23=0x88000000
        4275000	       426	80002ca8	1f628e93	addi	x29,x5,502	  x5:0x00000000 x29=0x000001f6
        4285000	       427	80002cac	40d158b3	sra	x17,x2,x13	  x2:0x00000001 x13:0xf4a90d34 x17=0x00000000
        4295000	       428	80002cb0	005a3333	sltu	x6,x20,x5	 x20:0x00000001  x5:0x00000000  x6=0x00000000
        4305000	       429	80002cb4	046a6063	bltu	x20,x6,80002cf4	 x20:0x00000001  x6:0x00000000
        4315000	       430	80002cb8	29082593	slti	x11,x16,656	 x16:0x80009fc4 x11=0x00000001
        4325000	       431	80002cbc	60b55ab7	lui	x21,0x60b55	 x21=0x60b55000
        4335000	       432	80002cc0	01ee4c63	blt	x28,x30,80002cd8	 x28:0xfffffa44 x30:0x00000000
        4345000	       433	00000000	00000013	addi	x0,x0,0	  x0:0x00000000
        4355000	       434	80002cd4	00000013	addi	x0,x0,0	  x0:0x00000000
        4365000	       435	80002cd8	93c06393	ori	x7,x0,-1732	  x0:0x00000000  x7=0xfffff93c
        4375000	       436	80002cdc	00000013	addi	x0,x0,0	  x0:0x00000000
        4385000	       437	80002ce0	00000013	addi	x0,x0,0	  x0:0x00000000
        4395000	       438	80002ce4	83d96713	ori	x14,x18,-1987	 x18:0xffffffea x14=0xffffffff
        4405000	       439	80002ce8	00da9b33	sll	x22,x21,x13	 x21:0x60b55000 x13:0xf4a90d34 x22=0x00000000
        4415000	       440	80002cec	01885193	srli	x3,x16,0x18	 x16:0x80009fc4  x3=0x00000080
        4425000	       441	80002cf0	0431e663	bltu	x3,x3,80002d3c	  x3:0x00000080  x3:0x00000080
        4435000	       442	80002cf4	f1b6e037	lui	x0,0xf1b6e	
        4445000	       443	80002cf8	8558aa93	slti	x21,x17,-1963	 x17:0x00000000 x21=0x00000000
        4455000	       444	80002cfc	05caf263	bgeu	x21,x28,80002d40	 x21:0x00000000 x28:0xfffffa44
        4465000	       445	80002d00	010328b3	slt	x17,x6,x16	  x6:0x00000000 x16:0x80009fc4 x17=0x00000000
        4475000	       446	80002d04	044be863	bltu	x23,x4,80002d54	 x23:0x88000000  x4:0xffffffea
        4485000	       447	00000000	00000013	addi	x0,x0,0	  x0:0x00000000
        4495000	       448	80002d50	00000013	addi	x0,x0,0	  x0:0x00000000
        4505000	       449	80002d54	4f7cb597	auipc	x11,0x4f7cb	 x11=0xcf7cdd50
        4515000	       450	80002d58	dfe8a393	slti	x7,x17,-514	 x17:0x00000000  x7=0x00000000
        4525000	       451	80002d5c	00981e13	slli	x28,x16,0x9	 x16:0x80009fc4 x28=0x013f8800
        4535000	       452	80002d60	63b84093	xori	x1,x16,1595	 x16:0x80009fc4  x1=0x800099ff
        4545000	       453	80002d64	00d80cb3	add	x25,x16,x13	 x16:0x80009fc4 x13:0xf4a90d34 x25=0x74a9acf8
        4555000	       454	80002d68	8e8a8293	addi	x5,x21,-1816	 x21:0x00000000  x5=0xfffff8e8
        4565000	       455	80002d6c	0f0f2a13	slti	x20,x30,240	 x30:0x00000000 x20=0x00000001
        4575000	       456	80002d70	41845413	srai	x8,x8,0x18	  x8:0x4a90d340  x8=0x0000004a
        4585000	       457	80002d74	1981f793	andi	x15,x3,408	  x3:0x00000080 x15=0x00000080
        4595000	       458	80002d78	d30372b7	lui	x5,0xd3037	  x5=0xd3037000
        4605000	       459	80002d7c	01e96a33	or	x20,x18,x30	 x18:0xffffffea x30:0x00000000 x20=0xffffffea
        4615000	       460	80002d80	05997863	bgeu	x18,x25,80002dd0	 x18:0xffffffea x25:0x74a9acf8
        4625000	       461	00000000	00000013	addi	x0,x0,0	  x0:0x00000000
        4635000	       462	80002dcc	00000013	addi	x0,x0,0	  x0:0x00000000
        4645000	       463	80002dd0	002ddbb3	srl	x23,x27,x2	 x27:0xffffff31  x2:0x00000001 x23=0x7fffff98
        4655000	       464	80002dd4	00093eb3	sltu	x29,x18,x0	 x18:0xffffffea  x0:0x00000000 x29=0x00000000
        4665000	       465	80002dd8	f3776b13	ori	x22,x14,-201	 x14:0xffffffff x22=0xffffffff
        4675000	       466	80002ddc	ff1f0e13	addi	x28,x30,-15	 x30:0x00000000 x28=0xfffffff1
        4685000	       467	80002de0	4083d413	srai	x8,x7,0x8	  x7:0x00000000  x8=0x00000000
        4695000	       468	80002de4	01186bb3	or	x23,x16,x17	 x16:0x80009fc4 x17:0x00000000 x23=0x80009fc4
        4705000	       469	80002de8	fcac87b7	lui	x15,0xfcac8	 x15=0xfcac8000
        4715000	       470	80002dec	017f5a33	srl	x20,x30,x23	 x30:0x00000000 x23:0x80009fc4 x20=0x00000000
        4725000	       471	80002df0	01d344b3	xor	x9,x6,x29	  x6:0x00000000 x29:0x00000000  x9=0x00000000
        4735000	       472	80002df4	0056f263	bgeu	x13,x5,80002df8	 x13:0xf4a90d34  x5:0xd3037000
        4745000	       473	00000000	00000013	addi	x0,x0,0	  x0:0x00000000
        4755000	       474	80002df4	00000013	addi	x0,x0,0	  x0:0x00000000
        4765000	       475	80002df8	00e63a33	sltu	x20,x12,x14	 x12:0x00000000 x14:0xffffffff x20=0x00000001
        4775000	       476	80002dfc	01d4fa63	bgeu	x9,x29,80002e10	  x9:0x00000000 x29:0x00000000
        4785000	       477	00000000	00000013	addi	x0,x0,0	  x0:0x00000000
        4795000	       478	80002e0c	00000013	addi	x0,x0,0	  x0:0x00000000
        4805000	       479	80002e10	77db2113	slti	x2,x22,1917	 x22:0xffffffff  x2=0x00000001
        4815000	       480	80002e14	93a62093	slti	x1,x12,-1734	 x12:0x00000000  x1=0x00000000
        4825000	       481	80002e18	c2097493	andi	x9,x18,-992	 x18:0xffffffea  x9=0xfffffc20
        4835000	       482	80002e1c	0111fe33	and	x28,x3,x17	  x3:0x00000080 x17:0x00000000 x28=0x00000000
        4845000	       483	80002e20	006d5633	srl	x12,x26,x6	 x26:0x00000000  x6:0x00000000 x12=0x00000000
        4855000	       484	80002e24	0152b0b3	sltu	x1,x5,x21	  x5:0xd3037000 x21:0x00000000  x1=0x00000000
        4865000	       485	80002e28	00452103	lw	x2,4(x10)	 x10:0x80009f48  x2=0x80000138 PA:0x80009f4c
        4875000	       486	80002e2c	5883a497	auipc	x9,0x5883a	  x9=0xd883ce28
        4885000	       487	80002e30	412edd93	srai	x27,x29,0x12	 x29:0x00000000 x27=0x00000000
        4895000	       488	80002e34	df89e737	lui	x14,0xdf89e	 x14=0xdf89e000
        4905000	       489	80002e38	b0d23213	sltiu	x4,x4,-1267	  x4:0xffffffea  x4=0x00000000
        4915000	       490	80002e3c	03c50513	addi	x10,x10,60	 x10:0x80009f48 x10=0x80009f84
        4925000	       491	80002e40	01c822b3	slt	x5,x16,x28	 x16:0x80009fc4 x28:0x00000000  x5=0x00000001
        4935000	       492	80002e44	00010c93	addi	x25,x2,0	  x2:0x80000138 x25=0x80000138
        4945000	       493	80002e48	000c8ce7	jalr	x25,x25,0	 x25:0x80000138 x25=0x80002e48
        4955000	       494	00000000	00000013	addi	x0,x0,0	  x0:0x00000000
        4965000	       495	80000138	00000013	addi	x0,x0,0	  x0:0x00000000
        4975000	       496	8000013c	00a00b93	addi	x23,x0,10	  x0:0x00000000 x23=0x0000000a
        4985000	       497	80000140	00a00e93	addi	x29,x0,10	  x0:0x00000000 x29=0x0000000a
        4995000	       498	80000144	7047b313	sltiu	x6,x15,1796	 x15:0xfcac8000  x6=0x00000000
        5005000	       499	80000148	013120b3	slt	x1,x2,x19	  x2:0x80000138 x19:0xb4e77ac8  x1=0x00000001
        5015000	       500	8000014c	ff7b8b93	addi	x23,x23,-9	 x23:0x0000000a x23=0x00000001
        5025000	       501	80000150	ffdbfce3	bgeu	x23,x29,80000148	 x23:0x00000001 x29:0x0000000a
        5035000	       502	80000154	4009d4b3	sra	x9,x19,x0	 x19:0xb4e77ac8  x0:0x00000000  x9=0xb4e77ac8
        5045000	       503	80000158	ffb00493	addi	x9,x0,-5	  x0:0x00000000  x9=0xfffffffb
        5055000	       504	8000015c	00f7bc33	sltu	x24,x15,x15	 x15:0xfcac8000 x15:0xfcac8000 x24=0x00000000
        5065000	       505	80000160	01309693	slli	x13,x1,0x13	  x1:0x00000001 x13=0x00080000
        5075000	       506	80000164	00a00993	addi	x19,x0,10	  x0:0x00000000 x19=0x0000000a
        5085000	       507	80000168	007fdf13	srli	x30,x31,0x7	 x31:0xf9e49ff2 x30=0x01f3c93f
        5095000	       508	8000016c	0151e0b3	or	x1,x3,x21	  x3:0x00000080 x21:0x00000000  x1=0x00000080
        5105000	       509	80000170	fbee8913	addi	x18,x29,-66	 x29:0x0000000a x18=0xffffffc8
        5115000	       510	80000174	4018d033	sra	x0,x17,x1	 x17:0x00000000  x1:0x00000080
        5125000	       511	80000178	00e965b3	or	x11,x18,x14	 x18:0xffffffc8 x14:0xdf89e000 x11=0xffffffc8
        5135000	       512	8000017c	409ad6b3	sra	x13,x21,x9	 x21:0x00000000  x9:0xfffffffb x13=0x00000000
        5145000	       513	80000180	40525b93	srai	x23,x4,0x5	  x4:0x00000000 x23=0x00000000
        5155000	       514	80000184	00848493	addi	x9,x9,8	  x9:0xfffffffb  x9=0x00000003
        5165000	       515	80000188	a7262a93	slti	x21,x12,-1422	 x12:0x00000000 x21=0x00000000
        5175000	       516	8000018c	fff00e13	addi	x28,x0,-1	  x0:0x00000000 x28=0xffffffff
        5185000	       517	80000190	e16b4593	xori	x11,x22,-490	 x22:0xffffffff x11=0x000001e9
        5195000	       518	80000194	01200113	addi	x2,x0,18	  x0:0x00000000  x2=0x00000012
        5205000	       519	80000198	427ab597	auipc	x11,0x427ab	 x11=0xc27ab194
        5215000	       520	8000019c	002747b3	xor	x15,x14,x2	 x14:0xdf89e000  x2:0x00000012 x15=0xdf89e012
        5225000	       521	800001a0	004e0e13	addi	x28,x28,4	 x28:0xffffffff x28=0x00000003
        5235000	       522	800001a4	01dd00b3	add	x1,x26,x29	 x26:0x00000000 x29:0x0000000a  x1=0x0000000a
        5245000	       523	800001a8	fe2e4ae3	blt	x28,x2,8000019c	 x28:0x00000003  x2:0x00000012
        5255000	       524	00000000	00000013	addi	x0,x0,0	  x0:0x00000000
        5265000	       525	80000198	00000013	addi	x0,x0,0	  x0:0x00000000
        5275000	       526	8000019c	002747b3	xor	x15,x14,x2	 x14:0xdf89e000  x2:0x00000012 x15=0xdf89e012
        5285000	       527	800001a0	004e0e13	addi	x28,x28,4	 x28:0x00000003 x28=0x00000007
        5295000	       528	800001a4	01dd00b3	add	x1,x26,x29	 x26:0x00000000 x29:0x0000000a  x1=0x0000000a
        5305000	       529	800001a8	fe2e4ae3	blt	x28,x2,8000019c	 x28:0x00000007  x2:0x00000012
        5315000	       530	00000000	00000013	addi	x0,x0,0	  x0:0x00000000
        5325000	       531	80000198	00000013	addi	x0,x0,0	  x0:0x00000000
        5335000	       532	8000019c	002747b3	xor	x15,x14,x2	 x14:0xdf89e000  x2:0x00000012 x15=0xdf89e012
        5345000	       533	800001a0	004e0e13	addi	x28,x28,4	 x28:0x00000007 x28=0x0000000b
        5355000	       534	800001a4	01dd00b3	add	x1,x26,x29	 x26:0x00000000 x29:0x0000000a  x1=0x0000000a
        5365000	       535	800001a8	fe2e4ae3	blt	x28,x2,8000019c	 x28:0x0000000b  x2:0x00000012
        5375000	       536	00000000	00000013	addi	x0,x0,0	  x0:0x00000000
        5385000	       537	80000198	00000013	addi	x0,x0,0	  x0:0x00000000
        5395000	       538	8000019c	002747b3	xor	x15,x14,x2	 x14:0xdf89e000  x2:0x00000012 x15=0xdf89e012
        5405000	       539	800001a0	004e0e13	addi	x28,x28,4	 x28:0x0000000b x28=0x0000000f
        5415000	       540	800001a4	01dd00b3	add	x1,x26,x29	 x26:0x00000000 x29:0x0000000a  x1=0x0000000a
        5425000	       541	800001a8	fe2e4ae3	blt	x28,x2,8000019c	 x28:0x0000000f  x2:0x00000012
        5435000	       542	00000000	00000013	addi	x0,x0,0	  x0:0x00000000
        5445000	       543	80000198	00000013	addi	x0,x0,0	  x0:0x00000000
        5455000	       544	8000019c	002747b3	xor	x15,x14,x2	 x14:0xdf89e000  x2:0x00000012 x15=0xdf89e012
        5465000	       545	800001a0	004e0e13	addi	x28,x28,4	 x28:0x0000000f x28=0x00000013
        5475000	       546	800001a4	01dd00b3	add	x1,x26,x29	 x26:0x00000000 x29:0x0000000a  x1=0x0000000a
        5485000	       547	800001a8	fe2e4ae3	blt	x28,x2,8000019c	 x28:0x00000013  x2:0x00000012
        5495000	       548	800001ac	01879013	slli	x0,x15,0x18	 x15:0xdf89e012
        5505000	       549	800001b0	409dd313	srai	x6,x27,0x9	 x27:0x00000000  x6=0x00000000
        5515000	       550	800001b4	00463bb3	sltu	x23,x12,x4	 x12:0x00000000  x4:0x00000000 x23=0x00000000
        5525000	       551	800001b8	00000013	addi	x0,x0,0	  x0:0x00000000
        5535000	       552	800001bc	fb34cae3	blt	x9,x19,80000170	  x9:0x00000003 x19:0x0000000a
        5545000	       553	00000000	00000013	addi	x0,x0,0	  x0:0x00000000
        5555000	       554	8000016c	00000013	addi	x0,x0,0	  x0:0x00000000
        5565000	       555	80000170	fbee8913	addi	x18,x29,-66	 x29:0x0000000a x18=0xffffffc8
        5575000	       556	80000174	4018d033	sra	x0,x17,x1	 x17:0x00000000  x1:0x0000000a
        5585000	       557	80000178	00e965b3	or	x11,x18,x14	 x18:0xffffffc8 x14:0xdf89e000 x11=0xffffffc8
        5595000	       558	8000017c	409ad6b3	sra	x13,x21,x9	 x21:0x00000000  x9:0x00000003 x13=0x00000000
        5605000	       559	80000180	40525b93	srai	x23,x4,0x5	  x4:0x00000000 x23=0x00000000
        5615000	       560	80000184	00848493	addi	x9,x9,8	  x9:0x00000003  x9=0x0000000b
        5625000	       561	80000188	a7262a93	slti	x21,x12,-1422	 x12:0x00000000 x21=0x00000000
        5635000	       562	8000018c	fff00e13	addi	x28,x0,-1	  x0:0x00000000 x28=0xffffffff
        5645000	       563	80000190	e16b4593	xori	x11,x22,-490	 x22:0xffffffff x11=0x000001e9
        5655000	       564	80000194	01200113	addi	x2,x0,18	  x0:0x00000000  x2=0x00000012
        5665000	       565	80000198	427ab597	auipc	x11,0x427ab	 x11=0xc27ab194
        5675000	       566	8000019c	002747b3	xor	x15,x14,x2	 x14:0xdf89e000  x2:0x00000012 x15=0xdf89e012
        5685000	       567	800001a0	004e0e13	addi	x28,x28,4	 x28:0xffffffff x28=0x00000003
        5695000	       568	800001a4	01dd00b3	add	x1,x26,x29	 x26:0x00000000 x29:0x0000000a  x1=0x0000000a
        5705000	       569	800001a8	fe2e4ae3	blt	x28,x2,8000019c	 x28:0x00000003  x2:0x00000012
        5715000	       570	00000000	00000013	addi	x0,x0,0	  x0:0x00000000
        5725000	       571	80000198	00000013	addi	x0,x0,0	  x0:0x00000000
        5735000	       572	8000019c	002747b3	xor	x15,x14,x2	 x14:0xdf89e000  x2:0x00000012 x15=0xdf89e012
        5745000	       573	800001a0	004e0e13	addi	x28,x28,4	 x28:0x00000003 x28=0x00000007
        5755000	       574	800001a4	01dd00b3	add	x1,x26,x29	 x26:0x00000000 x29:0x0000000a  x1=0x0000000a
        5765000	       575	800001a8	fe2e4ae3	blt	x28,x2,8000019c	 x28:0x00000007  x2:0x00000012
        5775000	       576	00000000	00000013	addi	x0,x0,0	  x0:0x00000000
        5785000	       577	80000198	00000013	addi	x0,x0,0	  x0:0x00000000
        5795000	       578	8000019c	002747b3	xor	x15,x14,x2	 x14:0xdf89e000  x2:0x00000012 x15=0xdf89e012
        5805000	       579	800001a0	004e0e13	addi	x28,x28,4	 x28:0x00000007 x28=0x0000000b
        5815000	       580	800001a4	01dd00b3	add	x1,x26,x29	 x26:0x00000000 x29:0x0000000a  x1=0x0000000a
        5825000	       581	800001a8	fe2e4ae3	blt	x28,x2,8000019c	 x28:0x0000000b  x2:0x00000012
        5835000	       582	00000000	00000013	addi	x0,x0,0	  x0:0x00000000
        5845000	       583	80000198	00000013	addi	x0,x0,0	  x0:0x00000000
        5855000	       584	8000019c	002747b3	xor	x15,x14,x2	 x14:0xdf89e000  x2:0x00000012 x15=0xdf89e012
        5865000	       585	800001a0	004e0e13	addi	x28,x28,4	 x28:0x0000000b x28=0x0000000f
        5875000	       586	800001a4	01dd00b3	add	x1,x26,x29	 x26:0x00000000 x29:0x0000000a  x1=0x0000000a
        5885000	       587	800001a8	fe2e4ae3	blt	x28,x2,8000019c	 x28:0x0000000f  x2:0x00000012
        5895000	       588	00000000	00000013	addi	x0,x0,0	  x0:0x00000000
        5905000	       589	80000198	00000013	addi	x0,x0,0	  x0:0x00000000
        5915000	       590	8000019c	002747b3	xor	x15,x14,x2	 x14:0xdf89e000  x2:0x00000012 x15=0xdf89e012
        5925000	       591	800001a0	004e0e13	addi	x28,x28,4	 x28:0x0000000f x28=0x00000013
        5935000	       592	800001a4	01dd00b3	add	x1,x26,x29	 x26:0x00000000 x29:0x0000000a  x1=0x0000000a
        5945000	       593	800001a8	fe2e4ae3	blt	x28,x2,8000019c	 x28:0x00000013  x2:0x00000012
        5955000	       594	800001ac	01879013	slli	x0,x15,0x18	 x15:0xdf89e012
        5965000	       595	800001b0	409dd313	srai	x6,x27,0x9	 x27:0x00000000  x6=0x00000000
        5975000	       596	800001b4	00463bb3	sltu	x23,x12,x4	 x12:0x00000000  x4:0x00000000 x23=0x00000000
        5985000	       597	800001b8	00000013	addi	x0,x0,0	  x0:0x00000000
        5995000	       598	800001bc	fb34cae3	blt	x9,x19,80000170	  x9:0x0000000b x19:0x0000000a
        6005000	       599	800001c0	018d9333	sll	x6,x27,x24	 x27:0x00000000 x24:0x00000000  x6=0x00000000
        6015000	       600	800001c4	00a00f13	addi	x30,x0,10	  x0:0x00000000 x30=0x0000000a
        6025000	       601	800001c8	f0280193	addi	x3,x16,-254	 x16:0x80009fc4  x3=0x80009ec6
        6035000	       602	800001cc	01420133	add	x2,x4,x20	  x4:0x00000000 x20:0x00000001  x2=0x00000001
        6045000	       603	800001d0	6f7be4b7	lui	x9,0x6f7be	  x9=0x6f7be000
        6055000	       604	800001d4	40225a33	sra	x20,x4,x2	  x4:0x00000000  x2:0x00000001 x20=0x00000000
        6065000	       605	800001d8	00b99493	slli	x9,x19,0xb	 x19:0x0000000a  x9=0x00005000
        6075000	       606	800001dc	00eed433	srl	x8,x29,x14	 x29:0x0000000a x14:0xdf89e000  x8=0x0000000a
        6085000	       607	800001e0	ffc00393	addi	x7,x0,-4	  x0:0x00000000  x7=0xfffffffc
        6095000	       608	800001e4	41a907b3	sub	x15,x18,x26	 x18:0xffffffc8 x26:0x00000000 x15=0xffffffc8
        6105000	       609	800001e8	e9862893	slti	x17,x12,-360	 x12:0x00000000 x17=0x00000000
        6115000	       610	800001ec	0179c433	xor	x8,x19,x23	 x19:0x0000000a x23:0x00000000  x8=0x0000000a
        6125000	       611	800001f0	ffaf0f13	addi	x30,x30,-6	 x30:0x0000000a x30=0x00000004
        6135000	       612	800001f4	00000013	addi	x0,x0,0	  x0:0x00000000
        6145000	       613	800001f8	3cf63993	sltiu	x19,x12,975	 x12:0x00000000 x19=0x00000001
        6155000	       614	800001fc	0089b333	sltu	x6,x19,x8	 x19:0x00000001  x8:0x0000000a  x6=0x00000001
        6165000	       615	80000200	87835097	auipc	x1,0x87835	  x1=0x078351fc
        6175000	       616	80000204	fe7f52e3	bge	x30,x7,800001e8	 x30:0x00000004  x7:0xfffffffc
        6185000	       617	00000000	00000013	addi	x0,x0,0	  x0:0x00000000
        6195000	       618	800001e4	00000013	addi	x0,x0,0	  x0:0x00000000
        6205000	       619	800001e8	e9862893	slti	x17,x12,-360	 x12:0x00000000 x17=0x00000000
        6215000	       620	800001ec	0179c433	xor	x8,x19,x23	 x19:0x00000001 x23:0x00000000  x8=0x00000001
        6225000	       621	800001f0	ffaf0f13	addi	x30,x30,-6	 x30:0x00000004 x30=0xfffffffe
        6235000	       622	800001f4	00000013	addi	x0,x0,0	  x0:0x00000000
        6245000	       623	800001f8	3cf63993	sltiu	x19,x12,975	 x12:0x00000000 x19=0x00000001
        6255000	       624	800001fc	0089b333	sltu	x6,x19,x8	 x19:0x00000001  x8:0x00000001  x6=0x00000000
        6265000	       625	80000200	87835097	auipc	x1,0x87835	  x1=0x078351fc
        6275000	       626	80000204	fe7f52e3	bge	x30,x7,800001e8	 x30:0xfffffffe  x7:0xfffffffc
        6285000	       627	00000000	00000013	addi	x0,x0,0	  x0:0x00000000
        6295000	       628	800001e4	00000013	addi	x0,x0,0	  x0:0x00000000
        6305000	       629	800001e8	e9862893	slti	x17,x12,-360	 x12:0x00000000 x17=0x00000000
        6315000	       630	800001ec	0179c433	xor	x8,x19,x23	 x19:0x00000001 x23:0x00000000  x8=0x00000001
        6325000	       631	800001f0	ffaf0f13	addi	x30,x30,-6	 x30:0xfffffffe x30=0xfffffff8
        6335000	       632	800001f4	00000013	addi	x0,x0,0	  x0:0x00000000
        6345000	       633	800001f8	3cf63993	sltiu	x19,x12,975	 x12:0x00000000 x19=0x00000001
        6355000	       634	800001fc	0089b333	sltu	x6,x19,x8	 x19:0x00000001  x8:0x00000001  x6=0x00000000
        6365000	       635	80000200	87835097	auipc	x1,0x87835	  x1=0x078351fc
        6375000	       636	80000204	fe7f52e3	bge	x30,x7,800001e8	 x30:0xfffffff8  x7:0xfffffffc
        6385000	       637	80000208	40735b13	srai	x22,x6,0x7	  x6:0x00000000 x22=0x00000000
        6395000	       638	8000020c	005abbb3	sltu	x23,x21,x5	 x21:0x00000000  x5:0x00000001 x23=0x00000001
        6405000	       639	80000210	37ebc093	xori	x1,x23,894	 x23:0x00000001  x1=0x0000037f
        6415000	       640	80000214	00c1c2b3	xor	x5,x3,x12	  x3:0x80009ec6 x12:0x00000000  x5=0x80009ec6
        6425000	       641	80000218	019e4233	xor	x4,x28,x25	 x28:0x00000013 x25:0x80002e48  x4=0x80002e5b
        6435000	       642	8000021c	015732b3	sltu	x5,x14,x21	 x14:0xdf89e000 x21:0x00000000  x5=0x00000000
        6445000	       643	80000220	40380933	sub	x18,x16,x3	 x16:0x80009fc4  x3:0x80009ec6 x18=0x000000fe
        6455000	       644	80000224	837b4213	xori	x4,x22,-1993	 x22:0x00000000  x4=0xfffff837
        6465000	       645	80000228	002d0e33	add	x28,x26,x2	 x26:0x00000000  x2:0x00000001 x28=0x00000001
        6475000	       646	8000022c	0191ccb3	xor	x25,x3,x25	  x3:0x80009ec6 x25:0x80002e48 x25=0x0000b08e
        6485000	       647	80000230	02055063	bge	x10,x0,80000250	 x10:0x80009f84  x0:0x00000000
        6495000	       648	80000234	402187b3	sub	x15,x3,x2	  x3:0x80009ec6  x2:0x00000001 x15=0x80009ec5
        6505000	       649	80000238	01e77eb3	and	x29,x14,x30	 x14:0xdf89e000 x30:0xfffffff8 x29=0xdf89e000
        6515000	       650	8000023c	9d873593	sltiu	x11,x14,-1576	 x14:0xdf89e000 x11=0x00000001
        6525000	       651	80000240	00f51ab3	sll	x21,x10,x15	 x10:0x80009f84 x15:0x80009ec5 x21=0x0013f080
        6535000	       652	80000244	01565cb3	srl	x25,x12,x21	 x12:0x00000000 x21:0x0013f080 x25=0x00000000
        6545000	       653	80000248	076ac213	xori	x4,x21,118	 x21:0x0013f080  x4=0x0013f0f6
        6555000	       654	8000024c	01b239b3	sltu	x19,x4,x27	  x4:0x0013f0f6 x27:0x00000000 x19=0x00000000
        6565000	       655	80000250	00072b33	slt	x22,x14,x0	 x14:0xdf89e000  x0:0x00000000 x22=0x00000001
        6575000	       656	80000254	004d2e33	slt	x28,x26,x4	 x26:0x00000000  x4:0x0013f0f6 x28=0x00000001
        6585000	       657	80000258	bce16793	ori	x15,x2,-1074	  x2:0x00000001 x15=0xfffffbcf
        6595000	       658	8000025c	000cc033	xor	x0,x25,x0	 x25:0x00000000  x0:0x00000000
        6605000	       659	80000260	00000013	addi	x0,x0,0	  x0:0x00000000
        6615000	       660	80000264	9b597713	andi	x14,x18,-1611	 x18:0x000000fe x14=0x000000b4
        6625000	       661	80000268	01d0a4b3	slt	x9,x1,x29	  x1:0x0000037f x29:0xdf89e000  x9=0x00000000
        6635000	       662	8000026c	40dd5793	srai	x15,x26,0xd	 x26:0x00000000 x15=0x00000000
        6645000	       663	80000270	02ee4863	blt	x28,x14,800002a0	 x28:0x00000001 x14:0x000000b4
        6655000	       664	00000000	00000013	addi	x0,x0,0	  x0:0x00000000
        6665000	       665	8000029c	00000013	addi	x0,x0,0	  x0:0x00000000
        6675000	       666	800002a0	00efc263	blt	x31,x14,800002a4	 x31:0xf9e49ff2 x14:0x000000b4
        6685000	       667	00000000	00000013	addi	x0,x0,0	  x0:0x00000000
        6695000	       668	800002a0	00000013	addi	x0,x0,0	  x0:0x00000000
        6705000	       669	800002a4	cff8e413	ori	x8,x17,-769	 x17:0x00000000  x8=0xfffffcff
        6715000	       670	800002a8	01f26f33	or	x30,x4,x31	  x4:0x0013f0f6 x31:0xf9e49ff2 x30=0xf9f7fff6
        6725000	       671	800002ac	01619293	slli	x5,x3,0x16	  x3:0x80009ec6  x5=0xb1800000
        6735000	       672	800002b0	02de6e63	bltu	x28,x13,800002ec	 x28:0x00000001 x13:0x00000000
        6745000	       673	800002b4	01569a13	slli	x20,x13,0x15	 x13:0x00000000 x20=0x00000000
        6755000	       674	800002b8	00f588b3	add	x17,x11,x15	 x11:0x00000001 x15:0x00000000 x17=0x00000001
        6765000	       675	800002bc	c1ed2893	slti	x17,x26,-994	 x26:0x00000000 x17=0x00000000
        6775000	       676	800002c0	6e50a793	slti	x15,x1,1765	  x1:0x0000037f x15=0x00000001
        6785000	       677	800002c4	013932b3	sltu	x5,x18,x19	 x18:0x000000fe x19:0x00000000  x5=0x00000000
        6795000	       678	800002c8	01cb6433	or	x8,x22,x28	 x22:0x00000001 x28:0x00000001  x8=0x00000001
        6805000	       679	800002cc	03e54663	blt	x10,x30,800002f8	 x10:0x80009f84 x30:0xf9f7fff6
        6815000	       680	00000000	00000013	addi	x0,x0,0	  x0:0x00000000
        6825000	       681	800002f4	00000013	addi	x0,x0,0	  x0:0x00000000
        6835000	       682	800002f8	013a9093	slli	x1,x21,0x13	 x21:0x0013f080  x1=0x84000000
        6845000	       683	800002fc	012f8e33	add	x28,x31,x18	 x31:0xf9e49ff2 x18:0x000000fe x28=0xf9e4a0f0
        6855000	       684	80000300	019ec8b3	xor	x17,x29,x25	 x29:0xdf89e000 x25:0x00000000 x17=0xdf89e000
        6865000	       685	80000304	01ae1e63	bne	x28,x26,80000320	 x28:0xf9e4a0f0 x26:0x00000000
        6875000	       686	00000000	00000013	addi	x0,x0,0	  x0:0x00000000
        6885000	       687	8000031c	00000013	addi	x0,x0,0	  x0:0x00000000
        6895000	       688	80000320	00471233	sll	x4,x14,x4	 x14:0x000000b4  x4:0x0013f0f6  x4=0x2d000000
        6905000	       689	80000324	8b8b7d13	andi	x26,x22,-1864	 x22:0x00000001 x26=0x00000000
        6915000	       690	80000328	0087c7b3	xor	x15,x15,x8	 x15:0x00000001  x8:0x00000001 x15=0x00000000
        6925000	       691	8000032c	0329e463	bltu	x19,x18,80000354	 x19:0x00000000 x18:0x000000fe
        6935000	       692	00000000	00000013	addi	x0,x0,0	  x0:0x00000000
        6945000	       693	80000350	00000013	addi	x0,x0,0	  x0:0x00000000
        6955000	       694	80000354	43292a13	slti	x20,x18,1074	 x18:0x000000fe x20=0x00000001
        6965000	       695	80000358	35acc193	xori	x3,x25,858	 x25:0x00000000  x3=0x0000035a
        6975000	       696	8000035c	009857b3	srl	x15,x16,x9	 x16:0x80009fc4  x9:0x00000000 x15=0x80009fc4
        6985000	       697	80000360	010c9b33	sll	x22,x25,x16	 x25:0x00000000 x16:0x80009fc4 x22=0x00000000
        6995000	       698	80000364	da50cc13	xori	x24,x1,-603	  x1:0x84000000 x24=0x7bfffda5
        7005000	       699	80000368	00d75463	bge	x14,x13,80000370	 x14:0x000000b4 x13:0x00000000
        7015000	       700	00000000	00000013	addi	x0,x0,0	  x0:0x00000000
        7025000	       701	8000036c	00000013	addi	x0,x0,0	  x0:0x00000000
        7035000	       702	80000370	1ac3bc93	sltiu	x25,x7,428	  x7:0xfffffffc x25=0x00000000
        7045000	       703	80000374	001e6c63	bltu	x28,x1,8000038c	 x28:0xf9e4a0f0  x1:0x84000000
        7055000	       704	80000378	005f31b3	sltu	x3,x30,x5	 x30:0xf9f7fff6  x5:0x00000000  x3=0x00000000
        7065000	       705	8000037c	8028e593	ori	x11,x17,-2046	 x17:0xdf89e000 x11=0xfffff802
        7075000	       706	80000380	05cb7063	bgeu	x22,x28,800003c0	 x22:0x00000000 x28:0xf9e4a0f0
        7085000	       707	80000384	b3bf0a93	addi	x21,x30,-1221	 x30:0xf9f7fff6 x21=0xf9f7fb31
        7095000	       708	80000388	03afe663	bltu	x31,x26,800003b4	 x31:0xf9e49ff2 x26:0x00000000
        7105000	       709	8000038c	01f38e63	beq	x7,x31,800003a8	  x7:0xfffffffc x31:0xf9e49ff2
        7115000	       710	80000390	010b3bb3	sltu	x23,x22,x16	 x22:0x00000000 x16:0x80009fc4 x23=0x00000001
        7125000	       711	80000394	015fd713	srli	x14,x31,0x15	 x31:0xf9e49ff2 x14=0x000007cf
        7135000	       712	80000398	27abac93	slti	x25,x23,634	 x23:0x00000001 x25=0x00000001
        7145000	       713	8000039c	29677d93	andi	x27,x14,662	 x14:0x000007cf x27=0x00000286
        7155000	       714	800003a0	0185ea33	or	x20,x11,x24	 x11:0xfffff802 x24:0x7bfffda5 x20=0xfffffda7
        7165000	       715	800003a4	00d40bb3	add	x23,x8,x13	  x8:0x00000001 x13:0x00000000 x23=0x00000001
        7175000	       716	800003a8	01a3cc63	blt	x7,x26,800003c0	  x7:0xfffffffc x26:0x00000000
        7185000	       717	00000000	00000013	addi	x0,x0,0	  x0:0x00000000
        7195000	       718	800003bc	00000013	addi	x0,x0,0	  x0:0x00000000
        7205000	       719	800003c0	27abed97	auipc	x27,0x27abe	 x27=0xa7abe3bc
        7215000	       720	800003c4	053ec063	blt	x29,x19,80000404	 x29:0xdf89e000 x19:0x00000000
        7225000	       721	00000000	00000013	addi	x0,x0,0	  x0:0x00000000
        7235000	       722	80000400	00000013	addi	x0,x0,0	  x0:0x00000000
        7245000	       723	80000404	02839263	bne	x7,x8,80000428	  x7:0xfffffffc  x8:0x00000001
        7255000	       724	00000000	00000013	addi	x0,x0,0	  x0:0x00000000
        7265000	       725	80000424	00000013	addi	x0,x0,0	  x0:0x00000000
        7275000	       726	80000428	01a037b3	sltu	x15,x0,x26	  x0:0x00000000 x26:0x00000000 x15=0x00000000
        7285000	       727	8000042c	00089463	bne	x17,x0,80000434	 x17:0xdf89e000  x0:0x00000000
        7295000	       728	00000000	00000013	addi	x0,x0,0	  x0:0x00000000
        7305000	       729	80000430	00000013	addi	x0,x0,0	  x0:0x00000000
        7315000	       730	80000434	a0e13717	auipc	x14,0xa0e13	 x14=0x20e13430
        7325000	       731	80000438	031b6793	ori	x15,x22,49	 x22:0x00000000 x15=0x00000031
        7335000	       732	8000043c	0022fc33	and	x24,x5,x2	  x5:0x00000000  x2:0x00000001 x24=0x00000000
        7345000	       733	80000440	00d8ee63	bltu	x17,x13,8000045c	 x17:0xdf89e000 x13:0x00000000
        7355000	       734	80000444	003c8733	add	x14,x25,x3	 x25:0x00000001  x3:0x00000000 x14=0x00000001
        7365000	       735	80000448	40a8d6b3	sra	x13,x17,x10	 x17:0xdf89e000 x10:0x80009f84 x13=0xfdf89e00
        7375000	       736	8000044c	06428663	beq	x5,x4,800004b8	  x5:0x00000000  x4:0x2d000000
        7385000	       737	80000450	41e5df33	sra	x30,x11,x30	 x11:0xfffff802 x30:0xf9f7fff6 x30=0xffffffff
        7395000	       738	80000454	00ad0f33	add	x30,x26,x10	 x26:0x00000000 x10:0x80009f84 x30=0x80009f84
        7405000	       739	80000458	01d2d413	srli	x8,x5,0x1d	  x5:0x00000000  x8=0x00000000
        7415000	       740	8000045c	00d386b3	add	x13,x7,x13	  x7:0xfffffffc x13:0xfdf89e00 x13=0xfdf89dfc
        7425000	       741	80000460	00000013	addi	x0,x0,0	  x0:0x00000000
        7435000	       742	80000464	01aec133	xor	x2,x29,x26	 x29:0xdf89e000 x26:0x00000000  x2=0xdf89e000
        7445000	       743	80000468	37ce1e17	auipc	x28,0x37ce1	 x28=0xb7ce1464
        7455000	       744	8000046c	44a84f13	xori	x30,x16,1098	 x16:0x80009fc4 x30=0x80009b8e
        7465000	       745	80000470	08050063	beq	x10,x0,800004f0	 x10:0x80009f84  x0:0x00000000
        7475000	       746	80000474	0136e433	or	x8,x13,x19	 x13:0xfdf89dfc x19:0x00000000  x8=0xfdf89dfc
        7485000	       747	80000478	00002917	auipc	x18,0x2	 x18=0x80002474
        7495000	       748	8000047c	40890913	addi	x18,x18,1032	 x18:0x80002474 x18=0x8000287c
        7505000	       749	80000480	00ad6eb3	or	x29,x26,x10	 x26:0x00000000 x10:0x80009f84 x29=0x80009f84
        7515000	       750	80000484	b7ddfa13	andi	x20,x27,-1155	 x27:0xa7abe3bc x20=0xa7abe33c
        7525000	       751	80000488	c6290913	addi	x18,x18,-926	 x18:0x8000287c x18=0x800024de
        7535000	       752	8000048c	4055d293	srai	x5,x11,0x5	 x11:0xfffff802  x5=0xffffffc0
        7545000	       753	80000490	41e15b13	srai	x22,x2,0x1e	  x2:0xdf89e000 x22=0xffffffff
        7555000	       754	80000494	0139cd33	xor	x26,x19,x19	 x19:0x00000000 x19:0x00000000 x26=0x00000000
        7565000	       755	80000498	01350f33	add	x30,x10,x19	 x10:0x80009f84 x19:0x00000000 x30=0x80009f84
        7575000	       756	8000049c	003a9d93	slli	x27,x21,0x3	 x21:0xf9f7fb31 x27=0xcfbfd988
        7585000	       757	800004a0	39e90167	jalr	x2,x18,926	 x18:0x800024de  x2=0x800004a0
        7595000	       758	00000000	00000013	addi	x0,x0,0	  x0:0x00000000
        7605000	       759	8000287c	00000013	addi	x0,x0,0	  x0:0x00000000
        7615000	       760	80002880	00d81b93	slli	x23,x16,0xd	 x16:0x80009fc4 x23=0x13f88000
        7625000	       761	80002884	408350b3	sra	x1,x6,x8	  x6:0x00000000  x8:0xfdf89dfc  x1=0x00000000
        7635000	       762	80002888	00000013	addi	x0,x0,0	  x0:0x00000000
        7645000	       763	8000288c	1d64a437	lui	x8,0x1d64a	  x8=0x1d64a000
        7655000	       764	80002890	fc450513	addi	x10,x10,-60	 x10:0x80009f84 x10=0x80009f48
        7665000	       765	80002894	00ecb8b3	sltu	x17,x25,x14	 x25:0x00000001 x14:0x00000001 x17=0x00000000
        7675000	       766	80002898	01350eb3	add	x29,x10,x19	 x10:0x80009f48 x19:0x00000000 x29=0x80009f48
        7685000	       767	8000289c	00252223	sw	x2,4(x10)	 x10:0x80009f48  x2:0x800004a0 PA:0x80009f4c
        7695000	       768	800028a0	285ea793	slti	x15,x29,645	 x29:0x80009f48 x15=0x00000001
        7705000	       769	800028a4	014aaeb3	slt	x29,x21,x20	 x21:0xf9f7fb31 x20:0xa7abe33c x29=0x00000000
        7715000	       770	800028a8	ffc00313	addi	x6,x0,-4	  x0:0x00000000  x6=0xfffffffc
        7725000	       771	800028ac	482e4237	lui	x4,0x482e4	  x4=0x482e4000
        7735000	       772	800028b0	00d00393	addi	x7,x0,13	  x0:0x00000000  x7=0x0000000d
        7745000	       773	800028b4	00c8a1b3	slt	x3,x17,x12	 x17:0x00000000 x12:0x00000000  x3=0x00000000
        7755000	       774	800028b8	4fa40c17	auipc	x24,0x4fa40	 x24=0xcfa428b4
        7765000	       775	800028bc	41f95013	srai	x0,x18,0x1f	 x18:0x800024de
        7775000	       776	800028c0	00930313	addi	x6,x6,9	  x6:0xfffffffc  x6=0x00000005
        7785000	       777	800028c4	002f9db3	sll	x27,x31,x2	 x31:0xf9e49ff2  x2:0x800004a0 x27=0xf9e49ff2
        7795000	       778	800028c8	00bde9b3	or	x19,x27,x11	 x27:0xf9e49ff2 x11:0xfffff802 x19=0xfffffff2
        7805000	       779	800028cc	00900793	addi	x15,x0,9	  x0:0x00000000 x15=0x00000009
        7815000	       780	800028d0	01f636b3	sltu	x13,x12,x31	 x12:0x00000000 x31:0xf9e49ff2 x13=0x00000001
        7825000	       781	800028d4	00d00093	addi	x1,x0,13	  x0:0x00000000  x1=0x0000000d
        7835000	       782	800028d8	fade2993	slti	x19,x28,-83	 x28:0xb7ce1464 x19=0x00000001
        7845000	       783	800028dc	ca88e1b7	lui	x3,0xca88e	  x3=0xca88e000
        7855000	       784	800028e0	00878793	addi	x15,x15,8	 x15:0x00000009 x15=0x00000011
        7865000	       785	800028e4	0082bdb3	sltu	x27,x5,x8	  x5:0xffffffc0  x8:0x1d64a000 x27=0x00000000
        7875000	       786	800028e8	fe17eae3	bltu	x15,x1,800028dc	 x15:0x00000011  x1:0x0000000d
        7885000	       787	800028ec	00381193	slli	x3,x16,0x3	 x16:0x80009fc4  x3=0x0004fe20
        7895000	       788	800028f0	b364ac13	slti	x24,x9,-1226	  x9:0x00000000 x24=0x00000000
        7905000	       789	800028f4	fc7360e3	bltu	x6,x7,800028b4	  x6:0x00000005  x7:0x0000000d
        7915000	       790	00000000	00000013	addi	x0,x0,0	  x0:0x00000000
        7925000	       791	800028b0	00000013	addi	x0,x0,0	  x0:0x00000000
        7935000	       792	800028b4	00c8a1b3	slt	x3,x17,x12	 x17:0x00000000 x12:0x00000000  x3=0x00000000
        7945000	       793	800028b8	4fa40c17	auipc	x24,0x4fa40	 x24=0xcfa428b4
        7955000	       794	800028bc	41f95013	srai	x0,x18,0x1f	 x18:0x800024de
        7965000	       795	800028c0	00930313	addi	x6,x6,9	  x6:0x00000005  x6=0x0000000e
        7975000	       796	800028c4	002f9db3	sll	x27,x31,x2	 x31:0xf9e49ff2  x2:0x800004a0 x27=0xf9e49ff2
        7985000	       797	800028c8	00bde9b3	or	x19,x27,x11	 x27:0xf9e49ff2 x11:0xfffff802 x19=0xfffffff2
        7995000	       798	800028cc	00900793	addi	x15,x0,9	  x0:0x00000000 x15=0x00000009
        8005000	       799	800028d0	01f636b3	sltu	x13,x12,x31	 x12:0x00000000 x31:0xf9e49ff2 x13=0x00000001
        8015000	       800	800028d4	00d00093	addi	x1,x0,13	  x0:0x00000000  x1=0x0000000d
        8025000	       801	800028d8	fade2993	slti	x19,x28,-83	 x28:0xb7ce1464 x19=0x00000001
        8035000	       802	800028dc	ca88e1b7	lui	x3,0xca88e	  x3=0xca88e000
        8045000	       803	800028e0	00878793	addi	x15,x15,8	 x15:0x00000009 x15=0x00000011
        8055000	       804	800028e4	0082bdb3	sltu	x27,x5,x8	  x5:0xffffffc0  x8:0x1d64a000 x27=0x00000000
        8065000	       805	800028e8	fe17eae3	bltu	x15,x1,800028dc	 x15:0x00000011  x1:0x0000000d
        8075000	       806	800028ec	00381193	slli	x3,x16,0x3	 x16:0x80009fc4  x3=0x0004fe20
        8085000	       807	800028f0	b364ac13	slti	x24,x9,-1226	  x9:0x00000000 x24=0x00000000
        8095000	       808	800028f4	fc7360e3	bltu	x6,x7,800028b4	  x6:0x0000000e  x7:0x0000000d
        8105000	       809	800028f8	94d63893	sltiu	x17,x12,-1715	 x12:0x00000000 x17=0x00000001
        8115000	       810	800028fc	00900293	addi	x5,x0,9	  x0:0x00000000  x5=0x00000009
        8125000	       811	80002900	400cd913	srai	x18,x25,0x0	 x25:0x00000001 x18=0x00000001
        8135000	       812	80002904	40f85493	srai	x9,x16,0xf	 x16:0x80009fc4  x9=0xffff0001
        8145000	       813	80002908	ff000d93	addi	x27,x0,-16	  x0:0x00000000 x27=0xfffffff0
        8155000	       814	8000290c	f2659c97	auipc	x25,0xf2659	 x25=0x7265b908
        8165000	       815	80002910	00000013	addi	x0,x0,0	  x0:0x00000000
        8175000	       816	80002914	7ff87313	andi	x6,x16,2047	 x16:0x80009fc4  x6=0x000007c4
        8185000	       817	80002918	ffb28293	addi	x5,x5,-5	  x5:0x00000009  x5=0x00000004
        8195000	       818	8000291c	01ed6233	or	x4,x26,x30	 x26:0x00000000 x30:0x80009f84  x4=0x80009f84
        8205000	       819	80002920	012c81b3	add	x3,x25,x18	 x25:0x7265b908 x18:0x00000001  x3=0x7265b909
        8215000	       820	80002924	ffb296e3	bne	x5,x27,80002910	  x5:0x00000004 x27:0xfffffff0
        8225000	       821	00000000	00000013	addi	x0,x0,0	  x0:0x00000000
        8235000	       822	8000290c	00000013	addi	x0,x0,0	  x0:0x00000000
        8245000	       823	80002910	00000013	addi	x0,x0,0	  x0:0x00000000
        8255000	       824	80002914	7ff87313	andi	x6,x16,2047	 x16:0x80009fc4  x6=0x000007c4
        8265000	       825	80002918	ffb28293	addi	x5,x5,-5	  x5:0x00000004  x5=0xffffffff
        8275000	       826	8000291c	01ed6233	or	x4,x26,x30	 x26:0x00000000 x30:0x80009f84  x4=0x80009f84
        8285000	       827	80002920	012c81b3	add	x3,x25,x18	 x25:0x7265b908 x18:0x00000001  x3=0x7265b909
        8295000	       828	80002924	ffb296e3	bne	x5,x27,80002910	  x5:0xffffffff x27:0xfffffff0
        8305000	       829	00000000	00000013	addi	x0,x0,0	  x0:0x00000000
        8315000	       830	8000290c	00000013	addi	x0,x0,0	  x0:0x00000000
        8325000	       831	80002910	00000013	addi	x0,x0,0	  x0:0x00000000
        8335000	       832	80002914	7ff87313	andi	x6,x16,2047	 x16:0x80009fc4  x6=0x000007c4
        8345000	       833	80002918	ffb28293	addi	x5,x5,-5	  x5:0xffffffff  x5=0xfffffffa
        8355000	       834	8000291c	01ed6233	or	x4,x26,x30	 x26:0x00000000 x30:0x80009f84  x4=0x80009f84
        8365000	       835	80002920	012c81b3	add	x3,x25,x18	 x25:0x7265b908 x18:0x00000001  x3=0x7265b909
        8375000	       836	80002924	ffb296e3	bne	x5,x27,80002910	  x5:0xfffffffa x27:0xfffffff0
        8385000	       837	00000000	00000013	addi	x0,x0,0	  x0:0x00000000
        8395000	       838	8000290c	00000013	addi	x0,x0,0	  x0:0x00000000
        8405000	       839	80002910	00000013	addi	x0,x0,0	  x0:0x00000000
        8415000	       840	80002914	7ff87313	andi	x6,x16,2047	 x16:0x80009fc4  x6=0x000007c4
        8425000	       841	80002918	ffb28293	addi	x5,x5,-5	  x5:0xfffffffa  x5=0xfffffff5
        8435000	       842	8000291c	01ed6233	or	x4,x26,x30	 x26:0x00000000 x30:0x80009f84  x4=0x80009f84
        8445000	       843	80002920	012c81b3	add	x3,x25,x18	 x25:0x7265b908 x18:0x00000001  x3=0x7265b909
        8455000	       844	80002924	ffb296e3	bne	x5,x27,80002910	  x5:0xfffffff5 x27:0xfffffff0
        8465000	       845	00000000	00000013	addi	x0,x0,0	  x0:0x00000000
        8475000	       846	8000290c	00000013	addi	x0,x0,0	  x0:0x00000000
        8485000	       847	80002910	00000013	addi	x0,x0,0	  x0:0x00000000
        8495000	       848	80002914	7ff87313	andi	x6,x16,2047	 x16:0x80009fc4  x6=0x000007c4
        8505000	       849	80002918	ffb28293	addi	x5,x5,-5	  x5:0xfffffff5  x5=0xfffffff0
        8515000	       850	8000291c	01ed6233	or	x4,x26,x30	 x26:0x00000000 x30:0x80009f84  x4=0x80009f84
        8525000	       851	80002920	012c81b3	add	x3,x25,x18	 x25:0x7265b908 x18:0x00000001  x3=0x7265b909
        8535000	       852	80002924	ffb296e3	bne	x5,x27,80002910	  x5:0xfffffff0 x27:0xfffffff0
        8545000	       853	80002928	0097af33	slt	x30,x15,x9	 x15:0x00000011  x9:0xffff0001 x30=0x00000000
        8555000	       854	8000292c	ffd00e13	addi	x28,x0,-3	  x0:0x00000000 x28=0xfffffffd
        8565000	       855	80002930	018edcb3	srl	x25,x29,x24	 x29:0x00000000 x24:0x00000000 x25=0x00000000
        8575000	       856	80002934	01c2c933	xor	x18,x5,x28	  x5:0xfffffff0 x28:0xfffffffd x18=0x0000000d
        8585000	       857	80002938	00600093	addi	x1,x0,6	  x0:0x00000000  x1=0x00000006
        8595000	       858	8000293c	00000013	addi	x0,x0,0	  x0:0x00000000
        8605000	       859	80002940	002f9f33	sll	x30,x31,x2	 x31:0xf9e49ff2  x2:0x800004a0 x30=0xf9e49ff2
        8615000	       860	80002944	001e0e13	addi	x28,x28,1	 x28:0xfffffffd x28=0xfffffffe
        8625000	       861	80002948	53db2d13	slti	x26,x22,1341	 x22:0xffffffff x26=0x00000001
        8635000	       862	8000294c	41f7dbb3	sra	x23,x15,x31	 x15:0x00000011 x31:0xf9e49ff2 x23=0x00000000
        8645000	       863	80002950	fe1e46e3	blt	x28,x1,8000293c	 x28:0xfffffffe  x1:0x00000006
        8655000	       864	00000000	00000013	addi	x0,x0,0	  x0:0x00000000
        8665000	       865	80002938	00000013	addi	x0,x0,0	  x0:0x00000000
        8675000	       866	8000293c	00000013	addi	x0,x0,0	  x0:0x00000000
        8685000	       867	80002940	002f9f33	sll	x30,x31,x2	 x31:0xf9e49ff2  x2:0x800004a0 x30=0xf9e49ff2
        8695000	       868	80002944	001e0e13	addi	x28,x28,1	 x28:0xfffffffe x28=0xffffffff
        8705000	       869	80002948	53db2d13	slti	x26,x22,1341	 x22:0xffffffff x26=0x00000001
        8715000	       870	8000294c	41f7dbb3	sra	x23,x15,x31	 x15:0x00000011 x31:0xf9e49ff2 x23=0x00000000
        8725000	       871	80002950	fe1e46e3	blt	x28,x1,8000293c	 x28:0xffffffff  x1:0x00000006
        8735000	       872	00000000	00000013	addi	x0,x0,0	  x0:0x00000000
        8745000	       873	80002938	00000013	addi	x0,x0,0	  x0:0x00000000
        8755000	       874	8000293c	00000013	addi	x0,x0,0	  x0:0x00000000
        8765000	       875	80002940	002f9f33	sll	x30,x31,x2	 x31:0xf9e49ff2  x2:0x800004a0 x30=0xf9e49ff2
        8775000	       876	80002944	001e0e13	addi	x28,x28,1	 x28:0xffffffff x28=0x00000000
        8785000	       877	80002948	53db2d13	slti	x26,x22,1341	 x22:0xffffffff x26=0x00000001
        8795000	       878	8000294c	41f7dbb3	sra	x23,x15,x31	 x15:0x00000011 x31:0xf9e49ff2 x23=0x00000000
        8805000	       879	80002950	fe1e46e3	blt	x28,x1,8000293c	 x28:0x00000000  x1:0x00000006
        8815000	       880	00000000	00000013	addi	x0,x0,0	  x0:0x00000000
        8825000	       881	80002938	00000013	addi	x0,x0,0	  x0:0x00000000
        8835000	       882	8000293c	00000013	addi	x0,x0,0	  x0:0x00000000
        8845000	       883	80002940	002f9f33	sll	x30,x31,x2	 x31:0xf9e49ff2  x2:0x800004a0 x30=0xf9e49ff2
        8855000	       884	80002944	001e0e13	addi	x28,x28,1	 x28:0x00000000 x28=0x00000001
        8865000	       885	80002948	53db2d13	slti	x26,x22,1341	 x22:0xffffffff x26=0x00000001
        8875000	       886	8000294c	41f7dbb3	sra	x23,x15,x31	 x15:0x00000011 x31:0xf9e49ff2 x23=0x00000000
        8885000	       887	80002950	fe1e46e3	blt	x28,x1,8000293c	 x28:0x00000001  x1:0x00000006
        8895000	       888	00000000	00000013	addi	x0,x0,0	  x0:0x00000000
        8905000	       889	80002938	00000013	addi	x0,x0,0	  x0:0x00000000
        8915000	       890	8000293c	00000013	addi	x0,x0,0	  x0:0x00000000
        8925000	       891	80002940	002f9f33	sll	x30,x31,x2	 x31:0xf9e49ff2  x2:0x800004a0 x30=0xf9e49ff2
        8935000	       892	80002944	001e0e13	addi	x28,x28,1	 x28:0x00000001 x28=0x00000002
        8945000	       893	80002948	53db2d13	slti	x26,x22,1341	 x22:0xffffffff x26=0x00000001
        8955000	       894	8000294c	41f7dbb3	sra	x23,x15,x31	 x15:0x00000011 x31:0xf9e49ff2 x23=0x00000000
        8965000	       895	80002950	fe1e46e3	blt	x28,x1,8000293c	 x28:0x00000002  x1:0x00000006
        8975000	       896	00000000	00000013	addi	x0,x0,0	  x0:0x00000000
        8985000	       897	80002938	00000013	addi	x0,x0,0	  x0:0x00000000
        8995000	       898	8000293c	00000013	addi	x0,x0,0	  x0:0x00000000
        9005000	       899	80002940	002f9f33	sll	x30,x31,x2	 x31:0xf9e49ff2  x2:0x800004a0 x30=0xf9e49ff2
        9015000	       900	80002944	001e0e13	addi	x28,x28,1	 x28:0x00000002 x28=0x00000003
        9025000	       901	80002948	53db2d13	slti	x26,x22,1341	 x22:0xffffffff x26=0x00000001
        9035000	       902	8000294c	41f7dbb3	sra	x23,x15,x31	 x15:0x00000011 x31:0xf9e49ff2 x23=0x00000000
        9045000	       903	80002950	fe1e46e3	blt	x28,x1,8000293c	 x28:0x00000003  x1:0x00000006
        9055000	       904	00000000	00000013	addi	x0,x0,0	  x0:0x00000000
        9065000	       905	80002938	00000013	addi	x0,x0,0	  x0:0x00000000
        9075000	       906	8000293c	00000013	addi	x0,x0,0	  x0:0x00000000
        9085000	       907	80002940	002f9f33	sll	x30,x31,x2	 x31:0xf9e49ff2  x2:0x800004a0 x30=0xf9e49ff2
        9095000	       908	80002944	001e0e13	addi	x28,x28,1	 x28:0x00000003 x28=0x00000004
        9105000	       909	80002948	53db2d13	slti	x26,x22,1341	 x22:0xffffffff x26=0x00000001
        9115000	       910	8000294c	41f7dbb3	sra	x23,x15,x31	 x15:0x00000011 x31:0xf9e49ff2 x23=0x00000000
        9125000	       911	80002950	fe1e46e3	blt	x28,x1,8000293c	 x28:0x00000004  x1:0x00000006
        9135000	       912	00000000	00000013	addi	x0,x0,0	  x0:0x00000000
        9145000	       913	80002938	00000013	addi	x0,x0,0	  x0:0x00000000
        9155000	       914	8000293c	00000013	addi	x0,x0,0	  x0:0x00000000
        9165000	       915	80002940	002f9f33	sll	x30,x31,x2	 x31:0xf9e49ff2  x2:0x800004a0 x30=0xf9e49ff2
        9175000	       916	80002944	001e0e13	addi	x28,x28,1	 x28:0x00000004 x28=0x00000005
        9185000	       917	80002948	53db2d13	slti	x26,x22,1341	 x22:0xffffffff x26=0x00000001
        9195000	       918	8000294c	41f7dbb3	sra	x23,x15,x31	 x15:0x00000011 x31:0xf9e49ff2 x23=0x00000000
        9205000	       919	80002950	fe1e46e3	blt	x28,x1,8000293c	 x28:0x00000005  x1:0x00000006
        9215000	       920	00000000	00000013	addi	x0,x0,0	  x0:0x00000000
        9225000	       921	80002938	00000013	addi	x0,x0,0	  x0:0x00000000
        9235000	       922	8000293c	00000013	addi	x0,x0,0	  x0:0x00000000
        9245000	       923	80002940	002f9f33	sll	x30,x31,x2	 x31:0xf9e49ff2  x2:0x800004a0 x30=0xf9e49ff2
        9255000	       924	80002944	001e0e13	addi	x28,x28,1	 x28:0x00000005 x28=0x00000006
        9265000	       925	80002948	53db2d13	slti	x26,x22,1341	 x22:0xffffffff x26=0x00000001
        9275000	       926	8000294c	41f7dbb3	sra	x23,x15,x31	 x15:0x00000011 x31:0xf9e49ff2 x23=0x00000000
        9285000	       927	80002950	fe1e46e3	blt	x28,x1,8000293c	 x28:0x00000006  x1:0x00000006
        9295000	       928	80002954	6f687913	andi	x18,x16,1782	 x16:0x80009fc4 x18=0x000006c4
        9305000	       929	80002958	ffb00993	addi	x19,x0,-5	  x0:0x00000000 x19=0xfffffffb
        9315000	       930	8000295c	401e52b3	sra	x5,x28,x1	 x28:0x00000006  x1:0x00000006  x5=0x00000000
        9325000	       931	80002960	7df32b13	slti	x22,x6,2015	  x6:0x000007c4 x22=0x00000001
        9335000	       932	80002964	ff700393	addi	x7,x0,-9	  x0:0x00000000  x7=0xfffffff7
        9345000	       933	80002968	9a067713	andi	x14,x12,-1632	 x12:0x00000000 x14=0x00000000
        9355000	       934	8000296c	961d6613	ori	x12,x26,-1695	 x26:0x00000001 x12=0xfffff961
        9365000	       935	80002970	99634293	xori	x5,x6,-1642	  x6:0x000007c4  x5=0xfffffe52
        9375000	       936	80002974	ffe98993	addi	x19,x19,-2	 x19:0xfffffffb x19=0xfffffff9
        9385000	       937	80002978	00a5e233	or	x4,x11,x10	 x11:0xfffff802 x10:0x80009f48  x4=0xffffff4a
        9395000	       938	8000297c	64c53c13	sltiu	x24,x10,1612	 x10:0x80009f48 x24=0x00000000
        9405000	       939	80002980	40de0933	sub	x18,x28,x13	 x28:0x00000006 x13:0x00000001 x18=0x00000005
        9415000	       940	80002984	9023a913	slti	x18,x7,-1790	  x7:0xfffffff7 x18=0x00000000
        9425000	       941	80002988	68f5cd13	xori	x26,x11,1679	 x11:0xfffff802 x26=0xfffffe8d
        9435000	       942	8000298c	0174ccb3	xor	x25,x9,x23	  x9:0xffff0001 x23:0x00000000 x25=0xffff0001
        9445000	       943	80002990	00b9fab3	and	x21,x19,x11	 x19:0xfffffff9 x11:0xfffff802 x21=0xfffff800
        9455000	       944	80002994	2d9f0ab7	lui	x21,0x2d9f0	 x21=0x2d9f0000
        9465000	       945	80002998	00b757b3	srl	x15,x14,x11	 x14:0x00000000 x11:0xfffff802 x15=0x00000000
        9475000	       946	8000299c	fc79d8e3	bge	x19,x7,8000296c	 x19:0xfffffff9  x7:0xfffffff7
        9485000	       947	00000000	00000013	addi	x0,x0,0	  x0:0x00000000
        9495000	       948	80002968	00000013	addi	x0,x0,0	  x0:0x00000000
        9505000	       949	8000296c	961d6613	ori	x12,x26,-1695	 x26:0xfffffe8d x12=0xffffffed
        9515000	       950	80002970	99634293	xori	x5,x6,-1642	  x6:0x000007c4  x5=0xfffffe52
        9525000	       951	80002974	ffe98993	addi	x19,x19,-2	 x19:0xfffffff9 x19=0xfffffff7
        9535000	       952	80002978	00a5e233	or	x4,x11,x10	 x11:0xfffff802 x10:0x80009f48  x4=0xffffff4a
        9545000	       953	8000297c	64c53c13	sltiu	x24,x10,1612	 x10:0x80009f48 x24=0x00000000
        9555000	       954	80002980	40de0933	sub	x18,x28,x13	 x28:0x00000006 x13:0x00000001 x18=0x00000005
        9565000	       955	80002984	9023a913	slti	x18,x7,-1790	  x7:0xfffffff7 x18=0x00000000
        9575000	       956	80002988	68f5cd13	xori	x26,x11,1679	 x11:0xfffff802 x26=0xfffffe8d
        9585000	       957	8000298c	0174ccb3	xor	x25,x9,x23	  x9:0xffff0001 x23:0x00000000 x25=0xffff0001
        9595000	       958	80002990	00b9fab3	and	x21,x19,x11	 x19:0xfffffff7 x11:0xfffff802 x21=0xfffff802
        9605000	       959	80002994	2d9f0ab7	lui	x21,0x2d9f0	 x21=0x2d9f0000
        9615000	       960	80002998	00b757b3	srl	x15,x14,x11	 x14:0x00000000 x11:0xfffff802 x15=0x00000000
        9625000	       961	8000299c	fc79d8e3	bge	x19,x7,8000296c	 x19:0xfffffff7  x7:0xfffffff7
        9635000	       962	00000000	00000013	addi	x0,x0,0	  x0:0x00000000
        9645000	       963	80002968	00000013	addi	x0,x0,0	  x0:0x00000000
        9655000	       964	8000296c	961d6613	ori	x12,x26,-1695	 x26:0xfffffe8d x12=0xffffffed
        9665000	       965	80002970	99634293	xori	x5,x6,-1642	  x6:0x000007c4  x5=0xfffffe52
        9675000	       966	80002974	ffe98993	addi	x19,x19,-2	 x19:0xfffffff7 x19=0xfffffff5
        9685000	       967	80002978	00a5e233	or	x4,x11,x10	 x11:0xfffff802 x10:0x80009f48  x4=0xffffff4a
        9695000	       968	8000297c	64c53c13	sltiu	x24,x10,1612	 x10:0x80009f48 x24=0x00000000
        9705000	       969	80002980	40de0933	sub	x18,x28,x13	 x28:0x00000006 x13:0x00000001 x18=0x00000005
        9715000	       970	80002984	9023a913	slti	x18,x7,-1790	  x7:0xfffffff7 x18=0x00000000
        9725000	       971	80002988	68f5cd13	xori	x26,x11,1679	 x11:0xfffff802 x26=0xfffffe8d
        9735000	       972	8000298c	0174ccb3	xor	x25,x9,x23	  x9:0xffff0001 x23:0x00000000 x25=0xffff0001
        9745000	       973	80002990	00b9fab3	and	x21,x19,x11	 x19:0xfffffff5 x11:0xfffff802 x21=0xfffff800
        9755000	       974	80002994	2d9f0ab7	lui	x21,0x2d9f0	 x21=0x2d9f0000
        9765000	       975	80002998	00b757b3	srl	x15,x14,x11	 x14:0x00000000 x11:0xfffff802 x15=0x00000000
        9775000	       976	8000299c	fc79d8e3	bge	x19,x7,8000296c	 x19:0xfffffff5  x7:0xfffffff7
        9785000	       977	800029a0	f0e9f713	andi	x14,x19,-242	 x19:0xfffffff5 x14=0xffffff04
        9795000	       978	800029a4	fff00193	addi	x3,x0,-1	  x0:0x00000000  x3=0xffffffff
        9805000	       979	800029a8	ffe00113	addi	x2,x0,-2	  x0:0x00000000  x2=0xfffffffe
        9815000	       980	800029ac	40028233	sub	x4,x5,x0	  x5:0xfffffe52  x0:0x00000000  x4=0xfffffe52
        9825000	       981	800029b0	004d57b3	srl	x15,x26,x4	 x26:0xfffffe8d  x4:0xfffffe52 x15=0x00003fff
        9835000	       982	800029b4	ff618193	addi	x3,x3,-10	  x3:0xffffffff  x3=0xfffffff5
        9845000	       983	800029b8	00900393	addi	x7,x0,9	  x0:0x00000000  x7=0x00000009
        9855000	       984	800029bc	00900f13	addi	x30,x0,9	  x0:0x00000000 x30=0x00000009
        9865000	       985	800029c0	00219633	sll	x12,x3,x2	  x3:0xfffffff5  x2:0xfffffffe x12=0x40000000
        9875000	       986	800029c4	407586b3	sub	x13,x11,x7	 x11:0xfffff802  x7:0x00000009 x13=0xfffff7f9
        9885000	       987	800029c8	00bdfb33	and	x22,x27,x11	 x27:0xfffffff0 x11:0xfffff802 x22=0xfffff800
        9895000	       988	800029cc	5bdbea93	ori	x21,x23,1469	 x23:0x00000000 x21=0x000005bd
        9905000	       989	800029d0	ff838393	addi	x7,x7,-8	  x7:0x00000009  x7=0x00000001
        9915000	       990	800029d4	0191a733	slt	x14,x3,x25	  x3:0xfffffff5 x25:0xffff0001 x14=0x00000000
        9925000	       991	800029d8	4cf57293	andi	x5,x10,1231	 x10:0x80009f48  x5=0x00000448
        9935000	       992	800029dc	01919bb3	sll	x23,x3,x25	  x3:0xfffffff5 x25:0xffff0001 x23=0xffffffea
        9945000	       993	800029e0	ffe3f4e3	bgeu	x7,x30,800029c8	  x7:0x00000001 x30:0x00000009
        9955000	       994	800029e4	f311fd93	andi	x27,x3,-207	  x3:0xfffffff5 x27=0xffffff31
        9965000	       995	800029e8	01281293	slli	x5,x16,0x12	 x16:0x80009fc4  x5=0x7f100000
        9975000	       996	800029ec	fc21d0e3	bge	x3,x2,800029ac	  x3:0xfffffff5  x2:0xfffffffe
        9985000	       997	800029f0	012c3a33	sltu	x20,x24,x18	 x24:0x00000000 x18:0x00000000 x20=0x00000000
        9995000	       998	800029f4	00c1c933	xor	x18,x3,x12	  x3:0xfffffff5 x12:0x40000000 x18=0xbffffff5
       10005000	       999	800029f8	126e6793	ori	x15,x28,294	 x28:0x00000006 x15=0x00000126
       10015000	      1000	800029fc	00b45313	srli	x6,x8,0xb	  x8:0x1d64a000  x6=0x0003ac94
       10025000	      1001	80002a00	01215033	srl	x0,x2,x18	  x2:0xfffffffe x18:0xbffffff5
       10035000	      1002	80002a04	d348fb13	andi	x22,x17,-716	 x17:0x00000001 x22=0x00000000
       10045000	      1003	80002a08	002f1333	sll	x6,x30,x2	 x30:0x00000009  x2:0xfffffffe  x6=0x40000000
       10055000	      1004	80002a0c	e17b1997	auipc	x19,0xe17b1	 x19=0x617b3a08
       10065000	      1005	80002a10	000074b3	and	x9,x0,x0	  x0:0x00000000  x0:0x00000000  x9=0x00000000
       10075000	      1006	80002a14	01d5f263	bgeu	x11,x29,80002a18	 x11:0xfffff802 x29:0x00000000
       10085000	      1007	00000000	00000013	addi	x0,x0,0	  x0:0x00000000
       10095000	      1008	80002a14	00000013	addi	x0,x0,0	  x0:0x00000000
       10105000	      1009	80002a18	dca43993	sltiu	x19,x8,-566	  x8:0x1d64a000 x19=0x00000001
       10115000	      1010	80002a1c	a48c8093	addi	x1,x25,-1464	 x25:0xffff0001  x1=0xfffefa49
       10125000	      1011	80002a20	05314463	blt	x2,x19,80002a68	  x2:0xfffffffe x19:0x00000001
       10135000	      1012	00000000	00000013	addi	x0,x0,0	  x0:0x00000000
       10145000	      1013	80002a64	00000013	addi	x0,x0,0	  x0:0x00000000
       10155000	      1014	80002a68	00000013	addi	x0,x0,0	  x0:0x00000000
       10165000	      1015	80002a6c	00cc1013	slli	x0,x24,0xc	 x24:0x00000000
       10175000	      1016	80002a70	00df7b33	and	x22,x30,x13	 x30:0x00000009 x13:0xfffff7f9 x22=0x00000009
       10185000	      1017	80002a74	403add33	sra	x26,x21,x3	 x21:0x000005bd  x3:0xfffffff5 x26=0x00000000
       10195000	      1018	80002a78	9db8cb17	auipc	x22,0x9db8c	 x22=0x1db8ea74
       10205000	      1019	80002a7c	40575393	srai	x7,x14,0x5	 x14:0x00000000  x7=0x00000000
       10215000	      1020	80002a80	04c34863	blt	x6,x12,80002ad0	  x6:0x40000000 x12:0x40000000
       10225000	      1021	80002a84	9a3cc113	xori	x2,x25,-1629	 x25:0xffff0001  x2=0x0000f9a2
       10235000	      1022	80002a88	01685263	bge	x16,x22,80002a8c	 x16:0x80009fc4 x22:0x1db8ea74
       10245000	      1023	80002a8c	01b6e463	bltu	x13,x27,80002a94	 x13:0xfffff7f9 x27:0xffffff31
       10255000	      1024	00000000	00000013	addi	x0,x0,0	  x0:0x00000000
       10265000	      1025	80002a90	00000013	addi	x0,x0,0	  x0:0x00000000
       10275000	      1026	80002a94	d60e7e13	andi	x28,x28,-672	 x28:0x00000006 x28=0x00000000
       10285000	      1027	80002a98	00000013	addi	x0,x0,0	  x0:0x00000000
       10295000	      1028	80002a9c	a0814613	xori	x12,x2,-1528	  x2:0x0000f9a2 x12=0xffff03aa
       10305000	      1029	80002aa0	00166a63	bltu	x12,x1,80002ab4	 x12:0xffff03aa  x1:0xfffefa49
       10315000	      1030	80002aa4	00ef0f33	add	x30,x30,x14	 x30:0x00000009 x14:0x00000000 x30=0x00000009
       10325000	      1031	80002aa8	01404263	blt	x0,x20,80002aac	  x0:0x00000000 x20:0x00000000
       10335000	      1032	80002aac	45f8c593	xori	x11,x17,1119	 x17:0x00000001 x11=0x0000045e
       10345000	      1033	80002ab0	06e90063	beq	x18,x14,80002b10	 x18:0xbffffff5 x14:0x00000000
       10355000	      1034	80002ab4	00000013	addi	x0,x0,0	  x0:0x00000000
       10365000	      1035	80002ab8	00c713b3	sll	x7,x14,x12	 x14:0x00000000 x12:0xffff03aa  x7=0x00000000
       10375000	      1036	80002abc	1c022493	slti	x9,x4,448	  x4:0xfffffe52  x9=0x00000001
       10385000	      1037	80002ac0	058e4063	blt	x28,x24,80002b00	 x28:0x00000000 x24:0x00000000
       10395000	      1038	80002ac4	009af233	and	x4,x21,x9	 x21:0x000005bd  x9:0x00000001  x4=0x00000001
       10405000	      1039	80002ac8	40bf5b93	srai	x23,x30,0xb	 x30:0x00000009 x23=0x00000000
       10415000	      1040	80002acc	34e75997	auipc	x19,0x34e75	 x19=0xb4e77ac8
       10425000	      1041	80002ad0	a653f113	andi	x2,x7,-1435	  x7:0x00000000  x2=0x00000000
       10435000	      1042	80002ad4	26ad7e13	andi	x28,x26,618	 x26:0x00000000 x28=0x00000000
       10445000	      1043	80002ad8	a6415e37	lui	x28,0xa6415	 x28=0xa6415000
       10455000	      1044	80002adc	006b82b3	add	x5,x23,x6	 x23:0x00000000  x6:0x40000000  x5=0x40000000
       10465000	      1045	80002ae0	022d0e63	beq	x26,x2,80002b1c	 x26:0x00000000  x2:0x00000000
       10475000	      1046	00000000	00000013	addi	x0,x0,0	  x0:0x00000000
       10485000	      1047	80002b18	00000013	addi	x0,x0,0	  x0:0x00000000
       10495000	      1048	80002b1c	f25a3393	sltiu	x7,x20,-219	 x20:0x00000000  x7=0x00000001
       10505000	      1049	80002b20	00726133	or	x2,x4,x7	  x4:0x00000001  x7:0x00000001  x2=0x00000001
       10515000	      1050	80002b24	0164dc63	bge	x9,x22,80002b3c	  x9:0x00000001 x22:0x1db8ea74
       10525000	      1051	80002b28	00000013	addi	x0,x0,0	  x0:0x00000000
       10535000	      1052	80002b2c	01874f33	xor	x30,x14,x24	 x14:0x00000000 x24:0x00000000 x30=0x00000000
       10545000	      1053	80002b30	05b1f663	bgeu	x3,x27,80002b7c	  x3:0xfffffff5 x27:0xffffff31
       10555000	      1054	00000000	00000013	addi	x0,x0,0	  x0:0x00000000
       10565000	      1055	80002b78	00000013	addi	x0,x0,0	  x0:0x00000000
       10575000	      1056	80002b7c	416c8c33	sub	x24,x25,x22	 x25:0xffff0001 x22:0x1db8ea74 x24=0xe246158d
       10585000	      1057	80002b80	0355c263	blt	x11,x21,80002ba4	 x11:0x0000045e x21:0x000005bd
       10595000	      1058	00000000	00000013	addi	x0,x0,0	  x0:0x00000000
       10605000	      1059	80002ba0	00000013	addi	x0,x0,0	  x0:0x00000000
       10615000	      1060	80002ba4	c94ebc93	sltiu	x25,x29,-876	 x29:0x00000000 x25=0x00000001
       10625000	      1061	80002ba8	e74d6013	ori	x0,x26,-396	 x26:0x00000000
       10635000	      1062	80002bac	41538e33	sub	x28,x7,x21	  x7:0x00000001 x21:0x000005bd x28=0xfffffa44
       10645000	      1063	80002bb0	04678863	beq	x15,x6,80002c00	 x15:0x00000126  x6:0x40000000
       10655000	      1064	80002bb4	00000013	addi	x0,x0,0	  x0:0x00000000
       10665000	      1065	80002bb8	00833633	sltu	x12,x6,x8	  x6:0x40000000  x8:0x1d64a000 x12=0x00000000
       10675000	      1066	80002bbc	5e1f2793	slti	x15,x30,1505	 x30:0x00000000 x15=0x00000001
       10685000	      1067	80002bc0	40550933	sub	x18,x10,x5	 x10:0x80009f48  x5:0x40000000 x18=0x40009f48
       10695000	      1068	80002bc4	00f19933	sll	x18,x3,x15	  x3:0xfffffff5 x15:0x00000001 x18=0xffffffea
       10705000	      1069	80002bc8	00972a33	slt	x20,x14,x9	 x14:0x00000000  x9:0x00000001 x20=0x00000001
       10715000	      1070	80002bcc	04b2f463	bgeu	x5,x11,80002c14	  x5:0x40000000 x11:0x0000045e
       10725000	      1071	00000000	00000013	addi	x0,x0,0	  x0:0x00000000
       10735000	      1072	80002c10	00000013	addi	x0,x0,0	  x0:0x00000000
       10745000	      1073	80002c14	01275713	srli	x14,x14,0x12	 x14:0x00000000 x14=0x00000000
       10755000	      1074	80002c18	00900c63	beq	x0,x9,80002c30	  x0:0x00000000  x9:0x00000001
       10765000	      1075	80002c1c	0224d063	bge	x9,x2,80002c3c	  x9:0x00000001  x2:0x00000001
       10775000	      1076	00000000	00000013	addi	x0,x0,0	  x0:0x00000000
       10785000	      1077	80002c38	00000013	addi	x0,x0,0	  x0:0x00000000
       10795000	      1078	80002c3c	87d22e93	slti	x29,x4,-1923	  x4:0x00000001 x29=0x00000000
       10805000	      1079	80002c40	90ed3893	sltiu	x17,x26,-1778	 x26:0x00000000 x17=0x00000001
       10815000	      1080	80002c44	faa20e93	addi	x29,x4,-86	  x4:0x00000001 x29=0xffffffab
       10825000	      1081	80002c48	00741eb3	sll	x29,x8,x7	  x8:0x1d64a000  x7:0x00000001 x29=0x3ac94000
       10835000	      1082	80002c4c	0419ca97	auipc	x21,0x419c	 x21=0x8419ec48
       10845000	      1083	80002c50	00b92bb3	slt	x23,x18,x11	 x18:0xffffffea x11:0x0000045e x23=0x00000001
       10855000	      1084	80002c54	00469413	slli	x8,x13,0x4	 x13:0xfffff7f9  x8=0xffff7f90
       10865000	      1085	80002c58	000e7c33	and	x24,x28,x0	 x28:0xfffffa44  x0:0x00000000 x24=0x00000000
       10875000	      1086	80002c5c	022b5263	bge	x22,x2,80002c80	 x22:0x1db8ea74  x2:0x00000001
       10885000	      1087	00000000	00000013	addi	x0,x0,0	  x0:0x00000000
       10895000	      1088	80002c7c	00000013	addi	x0,x0,0	  x0:0x00000000
       10905000	      1089	80002c80	01a917b3	sll	x15,x18,x26	 x18:0xffffffea x26:0x00000000 x15=0xffffffea
       10915000	      1090	80002c84	080ff493	andi	x9,x31,128	 x31:0xf9e49ff2  x9=0x00000080
       10925000	      1091	80002c88	001d4bb3	xor	x23,x26,x1	 x26:0x00000000  x1:0xfffefa49 x23=0xfffefa49
       10935000	      1092	80002c8c	00f64233	xor	x4,x12,x15	 x12:0x00000000 x15:0xffffffea  x4=0xffffffea
       10945000	      1093	80002c90	142ffc97	auipc	x25,0x142ff	 x25=0x94301c8c
       10955000	      1094	80002c94	c4483193	sltiu	x3,x16,-956	 x16:0x80009fc4  x3=0x00000001
       10965000	      1095	80002c98	01a2b2b3	sltu	x5,x5,x26	  x5:0x40000000 x26:0x00000000  x5=0x00000000
       10975000	      1096	80002c9c	402d5613	srai	x12,x26,0x2	 x26:0x00000000 x12=0x00000000
       10985000	      1097	80002ca0	00d83c33	sltu	x24,x16,x13	 x16:0x80009fc4 x13:0xfffff7f9 x24=0x00000001
       10995000	      1098	80002ca4	019e1b93	slli	x23,x28,0x19	 x28:0xfffffa44 x23=0x88000000
       11005000	      1099	80002ca8	1f628e93	addi	x29,x5,502	  x5:0x00000000 x29=0x000001f6
       11015000	      1100	80002cac	40d158b3	sra	x17,x2,x13	  x2:0x00000001 x13:0xfffff7f9 x17=0x00000000
       11025000	      1101	80002cb0	005a3333	sltu	x6,x20,x5	 x20:0x00000001  x5:0x00000000  x6=0x00000000
       11035000	      1102	80002cb4	046a6063	bltu	x20,x6,80002cf4	 x20:0x00000001  x6:0x00000000
       11045000	      1103	80002cb8	29082593	slti	x11,x16,656	 x16:0x80009fc4 x11=0x00000001
       11055000	      1104	80002cbc	60b55ab7	lui	x21,0x60b55	 x21=0x60b55000
       11065000	      1105	80002cc0	01ee4c63	blt	x28,x30,80002cd8	 x28:0xfffffa44 x30:0x00000000
       11075000	      1106	00000000	00000013	addi	x0,x0,0	  x0:0x00000000
       11085000	      1107	80002cd4	00000013	addi	x0,x0,0	  x0:0x00000000
       11095000	      1108	80002cd8	93c06393	ori	x7,x0,-1732	  x0:0x00000000  x7=0xfffff93c
       11105000	      1109	80002cdc	00000013	addi	x0,x0,0	  x0:0x00000000
       11115000	      1110	80002ce0	00000013	addi	x0,x0,0	  x0:0x00000000
       11125000	      1111	80002ce4	83d96713	ori	x14,x18,-1987	 x18:0xffffffea x14=0xffffffff
       11135000	      1112	80002ce8	00da9b33	sll	x22,x21,x13	 x21:0x60b55000 x13:0xfffff7f9 x22=0x00000000
       11145000	      1113	80002cec	01885193	srli	x3,x16,0x18	 x16:0x80009fc4  x3=0x00000080
       11155000	      1114	80002cf0	0431e663	bltu	x3,x3,80002d3c	  x3:0x00000080  x3:0x00000080
       11165000	      1115	80002cf4	f1b6e037	lui	x0,0xf1b6e	
       11175000	      1116	80002cf8	8558aa93	slti	x21,x17,-1963	 x17:0x00000000 x21=0x00000000
       11185000	      1117	80002cfc	05caf263	bgeu	x21,x28,80002d40	 x21:0x00000000 x28:0xfffffa44
       11195000	      1118	80002d00	010328b3	slt	x17,x6,x16	  x6:0x00000000 x16:0x80009fc4 x17=0x00000000
       11205000	      1119	80002d04	044be863	bltu	x23,x4,80002d54	 x23:0x88000000  x4:0xffffffea
       11215000	      1120	00000000	00000013	addi	x0,x0,0	  x0:0x00000000
       11225000	      1121	80002d50	00000013	addi	x0,x0,0	  x0:0x00000000
       11235000	      1122	80002d54	4f7cb597	auipc	x11,0x4f7cb	 x11=0xcf7cdd50
       11245000	      1123	80002d58	dfe8a393	slti	x7,x17,-514	 x17:0x00000000  x7=0x00000000
       11255000	      1124	80002d5c	00981e13	slli	x28,x16,0x9	 x16:0x80009fc4 x28=0x013f8800
       11265000	      1125	80002d60	63b84093	xori	x1,x16,1595	 x16:0x80009fc4  x1=0x800099ff
       11275000	      1126	80002d64	00d80cb3	add	x25,x16,x13	 x16:0x80009fc4 x13:0xfffff7f9 x25=0x800097bd
       11285000	      1127	80002d68	8e8a8293	addi	x5,x21,-1816	 x21:0x00000000  x5=0xfffff8e8
       11295000	      1128	80002d6c	0f0f2a13	slti	x20,x30,240	 x30:0x00000000 x20=0x00000001
       11305000	      1129	80002d70	41845413	srai	x8,x8,0x18	  x8:0xffff7f90  x8=0xffffffff
       11315000	      1130	80002d74	1981f793	andi	x15,x3,408	  x3:0x00000080 x15=0x00000080
       11325000	      1131	80002d78	d30372b7	lui	x5,0xd3037	  x5=0xd3037000
       11335000	      1132	80002d7c	01e96a33	or	x20,x18,x30	 x18:0xffffffea x30:0x00000000 x20=0xffffffea
       11345000	      1133	80002d80	05997863	bgeu	x18,x25,80002dd0	 x18:0xffffffea x25:0x800097bd
       11355000	      1134	00000000	00000013	addi	x0,x0,0	  x0:0x00000000
       11365000	      1135	80002dcc	00000013	addi	x0,x0,0	  x0:0x00000000
       11375000	      1136	80002dd0	002ddbb3	srl	x23,x27,x2	 x27:0xffffff31  x2:0x00000001 x23=0x7fffff98
       11385000	      1137	80002dd4	00093eb3	sltu	x29,x18,x0	 x18:0xffffffea  x0:0x00000000 x29=0x00000000
       11395000	      1138	80002dd8	f3776b13	ori	x22,x14,-201	 x14:0xffffffff x22=0xffffffff
       11405000	      1139	80002ddc	ff1f0e13	addi	x28,x30,-15	 x30:0x00000000 x28=0xfffffff1
       11415000	      1140	80002de0	4083d413	srai	x8,x7,0x8	  x7:0x00000000  x8=0x00000000
       11425000	      1141	80002de4	01186bb3	or	x23,x16,x17	 x16:0x80009fc4 x17:0x00000000 x23=0x80009fc4
       11435000	      1142	80002de8	fcac87b7	lui	x15,0xfcac8	 x15=0xfcac8000
       11445000	      1143	80002dec	017f5a33	srl	x20,x30,x23	 x30:0x00000000 x23:0x80009fc4 x20=0x00000000
       11455000	      1144	80002df0	01d344b3	xor	x9,x6,x29	  x6:0x00000000 x29:0x00000000  x9=0x00000000
       11465000	      1145	80002df4	0056f263	bgeu	x13,x5,80002df8	 x13:0xfffff7f9  x5:0xd3037000
       11475000	      1146	00000000	00000013	addi	x0,x0,0	  x0:0x00000000
       11485000	      1147	80002df4	00000013	addi	x0,x0,0	  x0:0x00000000
       11495000	      1148	80002df8	00e63a33	sltu	x20,x12,x14	 x12:0x00000000 x14:0xffffffff x20=0x00000001
       11505000	      1149	80002dfc	01d4fa63	bgeu	x9,x29,80002e10	  x9:0x00000000 x29:0x00000000
       11515000	      1150	00000000	00000013	addi	x0,x0,0	  x0:0x00000000
       11525000	      1151	80002e0c	00000013	addi	x0,x0,0	  x0:0x00000000
       11535000	      1152	80002e10	77db2113	slti	x2,x22,1917	 x22:0xffffffff  x2=0x00000001
       11545000	      1153	80002e14	93a62093	slti	x1,x12,-1734	 x12:0x00000000  x1=0x00000000
       11555000	      1154	80002e18	c2097493	andi	x9,x18,-992	 x18:0xffffffea  x9=0xfffffc20
       11565000	      1155	80002e1c	0111fe33	and	x28,x3,x17	  x3:0x00000080 x17:0x00000000 x28=0x00000000
       11575000	      1156	80002e20	006d5633	srl	x12,x26,x6	 x26:0x00000000  x6:0x00000000 x12=0x00000000
       11585000	      1157	80002e24	0152b0b3	sltu	x1,x5,x21	  x5:0xd3037000 x21:0x00000000  x1=0x00000000
       11595000	      1158	80002e28	00452103	lw	x2,4(x10)	 x10:0x80009f48  x2=0x800004a0 PA:0x80009f4c
       11605000	      1159	80002e2c	5883a497	auipc	x9,0x5883a	  x9=0xd883ce28
       11615000	      1160	80002e30	412edd93	srai	x27,x29,0x12	 x29:0x00000000 x27=0x00000000
       11625000	      1161	80002e34	df89e737	lui	x14,0xdf89e	 x14=0xdf89e000
       11635000	      1162	80002e38	b0d23213	sltiu	x4,x4,-1267	  x4:0xffffffea  x4=0x00000000
       11645000	      1163	80002e3c	03c50513	addi	x10,x10,60	 x10:0x80009f48 x10=0x80009f84
       11655000	      1164	80002e40	01c822b3	slt	x5,x16,x28	 x16:0x80009fc4 x28:0x00000000  x5=0x00000001
       11665000	      1165	80002e44	00010c93	addi	x25,x2,0	  x2:0x800004a0 x25=0x800004a0
       11675000	      1166	80002e48	000c8ce7	jalr	x25,x25,0	 x25:0x800004a0 x25=0x80002e48
       11685000	      1167	00000000	00000013	addi	x0,x0,0	  x0:0x00000000
       11695000	      1168	800004a0	00000013	addi	x0,x0,0	  x0:0x00000000
       11705000	      1169	800004a4	01257733	and	x14,x10,x18	 x10:0x80009f84 x18:0xffffffea x14=0x80009f80
       11715000	      1170	800004a8	014629b3	slt	x19,x12,x20	 x12:0x00000000 x20:0x00000001 x19=0x00000001
       11725000	      1171	800004ac	01300f33	add	x30,x0,x19	  x0:0x00000000 x19:0x00000001 x30=0x00000001
       11735000	      1172	800004b0	04cb7e63	bgeu	x22,x12,8000050c	 x22:0xffffffff x12:0x00000000
       11745000	      1173	00000000	00000013	addi	x0,x0,0	  x0:0x00000000
       11755000	      1174	80000508	00000013	addi	x0,x0,0	  x0:0x00000000
       11765000	      1175	8000050c	017057b3	srl	x15,x0,x23	  x0:0x00000000 x23:0x80009fc4 x15=0x00000000
       11775000	      1176	80000510	012e20b3	slt	x1,x28,x18	 x28:0x00000000 x18:0xffffffea  x1=0x00000000
       11785000	      1177	80000514	0068d193	srli	x3,x17,0x6	 x17:0x00000000  x3=0x00000000
       11795000	      1178	80000518	03120063	beq	x4,x17,80000538	  x4:0x00000000 x17:0x00000000
       11805000	      1179	00000000	00000013	addi	x0,x0,0	  x0:0x00000000
       11815000	      1180	80000534	00000013	addi	x0,x0,0	  x0:0x00000000
       11825000	      1181	80000538	010b1733	sll	x14,x22,x16	 x22:0xffffffff x16:0x80009fc4 x14=0xfffffff0
       11835000	      1182	8000053c	0de93137	lui	x2,0xde93	  x2=0x0de93000
       11845000	      1183	80000540	f1453e93	sltiu	x29,x10,-236	 x10:0x80009f84 x29=0x00000001
       11855000	      1184	80000544	002e1d33	sll	x26,x28,x2	 x28:0x00000000  x2:0x0de93000 x26=0x00000000
       11865000	      1185	80000548	013023b3	slt	x7,x0,x19	  x0:0x00000000 x19:0x00000001  x7=0x00000001
       11875000	      1186	8000054c	029d5063	bge	x26,x9,8000056c	 x26:0x00000000  x9:0xd883ce28
       11885000	      1187	00000000	00000013	addi	x0,x0,0	  x0:0x00000000
       11895000	      1188	80000568	00000013	addi	x0,x0,0	  x0:0x00000000
       11905000	      1189	8000056c	f83af7b7	lui	x15,0xf83af	 x15=0xf83af000
       11915000	      1190	80000570	00000f97	auipc	x31,0x0	 x31=0x8000056c
       11925000	      1191	80000574	00cf8f93	addi	x31,x31,12	 x31:0x8000056c x31=0x80000578
       11935000	      1192	80000578	000f8067	jalr	x0,x31,0	 x31:0x80000578
       11945000	      1193	00000000	00000013	addi	x0,x0,0	  x0:0x00000000
       11955000	      1194	80000578	00000013	addi	x0,x0,0	  x0:0x00000000
       11965000	      1195	8000057c	00100193	addi	x3,x0,1	  x0:0x00000000  x3=0x00000001
       11975000	      1196	80000580	00000073	ecall	
       11985000	      1197	80000584	01118463	beq	x3,x17,8000058c	  x3:0x00000001 x17:0x00000000
