		Time			Cycle	PC		Insn	Decoded instruction	Register and memory contents
          65000	         5	80000004	00000293	addi	x5,x0,0	  x0:0x00000000  x5=0x00000000
          75000	         6	80000008	00000313	addi	x6,x0,0	  x0:0x00000000  x6=0x00000000
          85000	         7	8000000c	00628263	beq	x5,x6,80000010	  x5:0x00000000  x6:0x00000000
          95000	         8	00000000	00000013	addi	x0,x0,0	  x0:0x00000000
         105000	         9	8000000c	00000013	addi	x0,x0,0	  x0:0x00000000
         115000	        10	80000010	00000e97	auipc	x29,0x0	 x29=0x8000000c
         125000	        11	80000014	00ce8e93	addi	x29,x29,12	 x29:0x8000000c x29=0x80000018
         135000	        12	80000018	000e8067	jalr	x0,x29,0	 x29:0x80000018
         145000	        13	00000000	00000013	addi	x0,x0,0	  x0:0x00000000
         155000	        14	80000018	00000013	addi	x0,x0,0	  x0:0x00000000
         165000	        15	8000001c	400009b7	lui	x19,0x40000	 x19=0x40000000
         175000	        16	80000020	10098993	addi	x19,x19,256	 x19:0x40000000 x19=0x40000100
         185000	        17	80000024	00000013	addi	x0,x0,0	  x0:0x00000000
         195000	        18	80000028	0000ad97	auipc	x27,0xa	 x27=0x8000a024
         205000	        19	8000002c	fa0d8d93	addi	x27,x27,-96	 x27:0x8000a024 x27=0x80009fc4
         215000	        20	80000030	00004997	auipc	x19,0x4	 x19=0x8000402c
         225000	        21	80000034	89498993	addi	x19,x19,-1900	 x19:0x8000402c x19=0x800038c0
         235000	        22	80000038	0019e993	ori	x19,x19,1	 x19:0x800038c0 x19=0x800038c1
         245000	        23	8000003c	00000013	addi	x0,x0,0	  x0:0x00000000
         255000	        24	80000040	00000997	auipc	x19,0x0	 x19=0x8000003c
         265000	        25	80000044	02098993	addi	x19,x19,32	 x19:0x8000003c x19=0x8000005c
         275000	        26	80000048	00000013	addi	x0,x0,0	  x0:0x00000000
         285000	        27	8000004c	00000013	addi	x0,x0,0	  x0:0x00000000
         295000	        28	80000050	000029b7	lui	x19,0x2	 x19=0x00002000
         305000	        29	80000054	80098993	addi	x19,x19,-2048	 x19:0x00002000 x19=0x00001800
         315000	        30	80000058	00000013	addi	x0,x0,0	  x0:0x00000000
         325000	        31	8000005c	00000013	addi	x0,x0,0	  x0:0x00000000
         335000	        32	80000060	00000013	addi	x0,x0,0	  x0:0x00000000
         345000	        33	80000064	00700093	addi	x1,x0,7	  x0:0x00000000  x1=0x00000007
         355000	        34	80000068	00000113	addi	x2,x0,0	  x0:0x00000000  x2=0x00000000
         365000	        35	8000006c	00000193	addi	x3,x0,0	  x0:0x00000000  x3=0x00000000
         375000	        36	80000070	00000213	addi	x4,x0,0	  x0:0x00000000  x4=0x00000000
         385000	        37	80000074	800002b7	lui	x5,0x80000	  x5=0x80000000
         395000	        38	80000078	4749a337	lui	x6,0x4749a	  x6=0x4749a000
         405000	        39	8000007c	03230313	addi	x6,x6,50	  x6:0x4749a000  x6=0x4749a032
         415000	        40	80000080	00000393	addi	x7,x0,0	  x0:0x00000000  x7=0x00000000
         425000	        41	80000084	095df437	lui	x8,0x95df	  x8=0x095df000
         435000	        42	80000088	bbc40413	addi	x8,x8,-1092	  x8:0x095df000  x8=0x095debbc
         445000	        43	8000008c	800004b7	lui	x9,0x80000	  x9=0x80000000
         455000	        44	80000090	00000513	addi	x10,x0,0	  x0:0x00000000 x10=0x00000000
         465000	        45	80000094	00b00593	addi	x11,x0,11	  x0:0x00000000 x11=0x0000000b
         475000	        46	80000098	fe2f2637	lui	x12,0xfe2f2	 x12=0xfe2f2000
         485000	        47	8000009c	3db60613	addi	x12,x12,987	 x12:0xfe2f2000 x12=0xfe2f23db
         495000	        48	800000a0	800006b7	lui	x13,0x80000	 x13=0x80000000
         505000	        49	800000a4	80000737	lui	x14,0x80000	 x14=0x80000000
         515000	        50	800000a8	00200793	addi	x15,x0,2	  x0:0x00000000 x15=0x00000002
         525000	        51	800000ac	00000813	addi	x16,x0,0	  x0:0x00000000 x16=0x00000000
         535000	        52	800000b0	00000893	addi	x17,x0,0	  x0:0x00000000 x17=0x00000000
         545000	        53	800000b4	80000937	lui	x18,0x80000	 x18=0x80000000
         555000	        54	800000b8	fe4169b7	lui	x19,0xfe416	 x19=0xfe416000
         565000	        55	800000bc	cf798993	addi	x19,x19,-777	 x19:0xfe416000 x19=0xfe415cf7
         575000	        56	800000c0	dd5b4a37	lui	x20,0xdd5b4	 x20=0xdd5b4000
         585000	        57	800000c4	0f7a0a13	addi	x20,x20,247	 x20:0xdd5b4000 x20=0xdd5b40f7
         595000	        58	800000c8	00f00b13	addi	x22,x0,15	  x0:0x00000000 x22=0x0000000f
         605000	        59	800000cc	00000b93	addi	x23,x0,0	  x0:0x00000000 x23=0x00000000
         615000	        60	800000d0	f7a00c37	lui	x24,0xf7a00	 x24=0xf7a00000
         625000	        61	800000d4	0aec0c13	addi	x24,x24,174	 x24:0xf7a00000 x24=0xf7a000ae
         635000	        62	800000d8	00200c93	addi	x25,x0,2	  x0:0x00000000 x25=0x00000002
         645000	        63	800000dc	80000d37	lui	x26,0x80000	 x26=0x80000000
         655000	        64	800000e0	00800e13	addi	x28,x0,8	  x0:0x00000000 x28=0x00000008
         665000	        65	800000e4	f9032eb7	lui	x29,0xf9032	 x29=0xf9032000
         675000	        66	800000e8	f22e8e93	addi	x29,x29,-222	 x29:0xf9032000 x29=0xf9031f22
         685000	        67	800000ec	80000f37	lui	x30,0x80000	 x30=0x80000000
         695000	        68	800000f0	4404cfb7	lui	x31,0x4404c	 x31=0x4404c000
         705000	        69	800000f4	af2f8f93	addi	x31,x31,-1294	 x31:0x4404c000 x31=0x4404baf2
         715000	        70	800000f8	0000aa97	auipc	x21,0xa	 x21=0x8000a0f4
         725000	        71	800000fc	e90a8a93	addi	x21,x21,-368	 x21:0x8000a0f4 x21=0x80009f84
         735000	        72	80000100	80c37f17	auipc	x30,0x80c37	 x30=0x00c370fc
         745000	        73	80000104	00a39f93	slli	x31,x7,0xa	  x7:0x00000000 x31=0x00000000
         755000	        74	80000108	00000013	addi	x0,x0,0	  x0:0x00000000
         765000	        75	8000010c	41dc83b3	sub	x7,x25,x29	 x25:0x00000002 x29:0xf9031f22  x7=0x06fce0e0
         775000	        76	80000110	7df99597	auipc	x11,0x7df99	 x11=0xfdf9910c
         785000	        77	80000114	00000417	auipc	x8,0x0	  x8=0x80000110
         795000	        78	80000118	2b040413	addi	x8,x8,688	  x8:0x80000110  x8=0x800003c0
         805000	        79	8000011c	408ddbb3	sra	x23,x27,x8	 x27:0x80009fc4  x8:0x800003c0 x23=0x80009fc4
         815000	        80	80000120	00649613	slli	x12,x9,0x6	  x9:0x80000000 x12=0x00000000
         825000	        81	80000124	00183533	sltu	x10,x16,x1	 x16:0x00000000  x1:0x00000007 x10=0x00000001
         835000	        82	80000128	3d040413	addi	x8,x8,976	  x8:0x800003c0  x8=0x80000790
         845000	        83	8000012c	d1984817	auipc	x16,0xd1984	 x16=0x51984128
         855000	        84	80000130	c30409e7	jalr	x19,x8,-976	  x8:0x80000790 x19=0x80000130
         865000	        85	00000000	00000013	addi	x0,x0,0	  x0:0x00000000
         875000	        86	800003c0	00000013	addi	x0,x0,0	  x0:0x00000000
         885000	        87	800003c4	00a16463	bltu	x2,x10,800003cc	  x2:0x00000000 x10:0x00000001
         895000	        88	00000000	00000013	addi	x0,x0,0	  x0:0x00000000
         905000	        89	800003c8	00000013	addi	x0,x0,0	  x0:0x00000000
         915000	        90	800003cc	ff4a8a93	addi	x21,x21,-12	 x21:0x80009f84 x21=0x80009f78
         925000	        91	800003d0	cb7b2093	slti	x1,x22,-841	 x22:0x0000000f  x1=0x00000000
         935000	        92	800003d4	013aa223	sw	x19,4(x21)	 x21:0x80009f78 x19:0x80000130 PA:0x80009f7c
         945000	        93	800003d8	01f555b3	srl	x11,x10,x31	 x10:0x00000001 x31:0x00000000 x11=0x00000001
         955000	        94	800003dc	01f50433	add	x8,x10,x31	 x10:0x00000001 x31:0x00000000  x8=0x00000001
         965000	        95	800003e0	a1d64d13	xori	x26,x12,-1507	 x12:0x00000000 x26=0xfffffa1d
         975000	        96	800003e4	404d5593	srai	x11,x26,0x4	 x26:0xfffffa1d x11=0xffffffa1
         985000	        97	800003e8	00000013	addi	x0,x0,0	  x0:0x00000000
         995000	        98	800003ec	7e578d17	auipc	x26,0x7e578	 x26=0xfe5783e8
        1005000	        99	800003f0	00001217	auipc	x4,0x1	  x4=0x800013ec
        1015000	       100	800003f4	df820213	addi	x4,x4,-520	  x4:0x800013ec  x4=0x800011e4
        1025000	       101	800003f8	05c20213	addi	x4,x4,92	  x4:0x800011e4  x4=0x80001240
        1035000	       102	800003fc	8957c693	xori	x13,x15,-1899	 x15:0x00000002 x13=0xfffff897
        1045000	       103	80000400	009d9913	slli	x18,x27,0x9	 x27:0x80009fc4 x18=0x013f8800
        1055000	       104	80000404	41fd5c13	srai	x24,x26,0x1f	 x26:0xfe5783e8 x24=0xffffffff
        1065000	       105	80000408	00ad2733	slt	x14,x26,x10	 x26:0xfe5783e8 x10:0x00000001 x14=0x00000001
        1075000	       106	8000040c	00341f93	slli	x31,x8,0x3	  x8:0x00000001 x31=0x00000008
        1085000	       107	80000410	001dd113	srli	x2,x27,0x1	 x27:0x80009fc4  x2=0x40004fe2
        1095000	       108	80000414	afddc193	xori	x3,x27,-1283	 x27:0x80009fc4  x3=0x7fff6539
        1105000	       109	80000418	00f5d513	srli	x10,x11,0xf	 x11:0xffffffa1 x10=0x0001ffff
        1115000	       110	8000041c	001f22b3	slt	x5,x30,x1	 x30:0x00c370fc  x1:0x00000000  x5=0x00000000
        1125000	       111	80000420	fa4209e7	jalr	x19,x4,-92	  x4:0x80001240 x19=0x80000420
        1135000	       112	00000000	00000013	addi	x0,x0,0	  x0:0x00000000
        1145000	       113	800011e4	00000013	addi	x0,x0,0	  x0:0x00000000
        1155000	       114	800011e8	c7dd3b37	lui	x22,0xc7dd3	 x22=0xc7dd3000
        1165000	       115	800011ec	bbd88a13	addi	x20,x17,-1091	 x17:0x00000000 x20=0xfffffbbd
        1175000	       116	800011f0	feca8a93	addi	x21,x21,-20	 x21:0x80009f78 x21=0x80009f64
        1185000	       117	800011f4	0011c8b3	xor	x17,x3,x1	  x3:0x7fff6539  x1:0x00000000 x17=0x7fff6539
        1195000	       118	800011f8	d2e44613	xori	x12,x8,-722	  x8:0x00000001 x12=0xfffffd2f
        1205000	       119	800011fc	a9c40793	addi	x15,x8,-1380	  x8:0x00000001 x15=0xfffffa9d
        1215000	       120	80001200	012f44b3	xor	x9,x30,x18	 x30:0x00c370fc x18:0x013f8800  x9=0x01fcf8fc
        1225000	       121	80001204	2c484493	xori	x9,x16,708	 x16:0x51984128  x9=0x519843ec
        1235000	       122	80001208	013aa223	sw	x19,4(x21)	 x21:0x80009f64 x19:0x80000420 PA:0x80009f68
        1245000	       123	8000120c	001c3233	sltu	x4,x24,x1	 x24:0xffffffff  x1:0x00000000  x4=0x00000000
        1255000	       124	80001210	41855133	sra	x2,x10,x24	 x10:0x0001ffff x24:0xffffffff  x2=0x00000000
        1265000	       125	80001214	0150d113	srli	x2,x1,0x15	  x1:0x00000000  x2=0x00000000
        1275000	       126	80001218	00400693	addi	x13,x0,4	  x0:0x00000000 x13=0x00000004
        1285000	       127	8000121c	01300c93	addi	x25,x0,19	  x0:0x00000000 x25=0x00000013
        1295000	       128	80001220	00fd21b3	slt	x3,x26,x15	 x26:0xfe5783e8 x15:0xfffffa9d  x3=0x00000001
        1305000	       129	80001224	00743bb3	sltu	x23,x8,x7	  x8:0x00000001  x7:0x06fce0e0 x23=0x00000001
        1315000	       130	80001228	00568693	addi	x13,x13,5	 x13:0x00000004 x13=0x00000009
        1325000	       131	8000122c	41088f33	sub	x30,x17,x16	 x17:0x7fff6539 x16:0x51984128 x30=0x2e672411
        1335000	       132	80001230	ffb00513	addi	x10,x0,-5	  x0:0x00000000 x10=0xfffffffb
        1345000	       133	80001234	ffb00993	addi	x19,x0,-5	  x0:0x00000000 x19=0xfffffffb
        1355000	       134	80001238	41568133	sub	x2,x13,x21	 x13:0x00000009 x21:0x80009f64  x2=0x7fff60a5
        1365000	       135	8000123c	cfefe893	ori	x17,x31,-770	 x31:0x00000008 x17=0xfffffcfe
        1375000	       136	80001240	ffd50513	addi	x10,x10,-3	 x10:0xfffffffb x10=0xfffffff8
        1385000	       137	80001244	01a7ed33	or	x26,x15,x26	 x15:0xfffffa9d x26:0xfe5783e8 x26=0xfffffbfd
        1395000	       138	80001248	ff355ae3	bge	x10,x19,8000123c	 x10:0xfffffff8 x19:0xfffffffb
        1405000	       139	8000124c	fd968ce3	beq	x13,x25,80001224	 x13:0x00000009 x25:0x00000013
        1415000	       140	80001250	4b1d7413	andi	x8,x26,1201	 x26:0xfffffbfd  x8=0x000000b1
        1425000	       141	80001254	00200313	addi	x6,x0,2	  x0:0x00000000  x6=0x00000002
        1435000	       142	80001258	dbbcbb93	sltiu	x23,x25,-581	 x25:0x00000013 x23=0x00000001
        1445000	       143	8000125c	0101e133	or	x2,x3,x16	  x3:0x00000001 x16:0x51984128  x2=0x51984129
        1455000	       144	80001260	414f5e13	srai	x28,x30,0x14	 x30:0x2e672411 x28=0x000002e6
        1465000	       145	80001264	009a9513	slli	x10,x21,0x9	 x21:0x80009f64 x10=0x013ec800
        1475000	       146	80001268	ffa00a13	addi	x20,x0,-6	  x0:0x00000000 x20=0xfffffffa
        1485000	       147	8000126c	5e29e837	lui	x16,0x5e29e	 x16=0x5e29e000
        1495000	       148	80001270	9a4ad5b7	lui	x11,0x9a4ad	 x11=0x9a4ad000
        1505000	       149	80001274	4c113037	lui	x0,0x4c113	
        1515000	       150	80001278	ff830313	addi	x6,x6,-8	  x6:0x00000002  x6=0xfffffffa
        1525000	       151	8000127c	00f8c033	xor	x0,x17,x15	 x17:0xfffffcfe x15:0xfffffa9d
        1535000	       152	80001280	7e0e7993	andi	x19,x28,2016	 x28:0x000002e6 x19=0x000002e0
        1545000	       153	80001284	01446633	or	x12,x8,x20	  x8:0x000000b1 x20:0xfffffffa x12=0xfffffffb
        1555000	       154	80001288	8ab301b7	lui	x3,0x8ab30	  x3=0x8ab30000
        1565000	       155	8000128c	ff4304e3	beq	x6,x20,80001274	  x6:0xfffffffa x20:0xfffffffa
        1575000	       156	00000000	00000013	addi	x0,x0,0	  x0:0x00000000
        1585000	       157	80001270	00000013	addi	x0,x0,0	  x0:0x00000000
        1595000	       158	80001274	4c113037	lui	x0,0x4c113	
        1605000	       159	80001278	ff830313	addi	x6,x6,-8	  x6:0xfffffffa  x6=0xfffffff2
        1615000	       160	8000127c	00f8c033	xor	x0,x17,x15	 x17:0xfffffcfe x15:0xfffffa9d
        1625000	       161	80001280	7e0e7993	andi	x19,x28,2016	 x28:0x000002e6 x19=0x000002e0
        1635000	       162	80001284	01446633	or	x12,x8,x20	  x8:0x000000b1 x20:0xfffffffa x12=0xfffffffb
        1645000	       163	80001288	8ab301b7	lui	x3,0x8ab30	  x3=0x8ab30000
        1655000	       164	8000128c	ff4304e3	beq	x6,x20,80001274	  x6:0xfffffff2 x20:0xfffffffa
        1665000	       165	80001290	012085b3	add	x11,x1,x18	  x1:0x00000000 x18:0x013f8800 x11=0x013f8800
        1675000	       166	80001294	00a00713	addi	x14,x0,10	  x0:0x00000000 x14=0x0000000a
        1685000	       167	80001298	41ae5233	sra	x4,x28,x26	 x28:0x000002e6 x26:0xfffffbfd  x4=0x00000000
        1695000	       168	8000129c	ffe00793	addi	x15,x0,-2	  x0:0x00000000 x15=0xfffffffe
        1705000	       169	800012a0	415fd5b3	sra	x11,x31,x21	 x31:0x00000008 x21:0x80009f64 x11=0x00000000
        1715000	       170	800012a4	16fdcf13	xori	x30,x27,367	 x27:0x80009fc4 x30=0x80009eab
        1725000	       171	800012a8	6796f313	andi	x6,x13,1657	 x13:0x00000009  x6=0x00000009
        1735000	       172	800012ac	a33a5337	lui	x6,0xa33a5	  x6=0xa33a5000
        1745000	       173	800012b0	ff770713	addi	x14,x14,-9	 x14:0x0000000a x14=0x00000001
        1755000	       174	800012b4	41c25633	sra	x12,x4,x28	  x4:0x00000000 x28:0x000002e6 x12=0x00000000
        1765000	       175	800012b8	fef756e3	bge	x14,x15,800012a4	 x14:0x00000001 x15:0xfffffffe
        1775000	       176	00000000	00000013	addi	x0,x0,0	  x0:0x00000000
        1785000	       177	800012a0	00000013	addi	x0,x0,0	  x0:0x00000000
        1795000	       178	800012a4	16fdcf13	xori	x30,x27,367	 x27:0x80009fc4 x30=0x80009eab
        1805000	       179	800012a8	6796f313	andi	x6,x13,1657	 x13:0x00000009  x6=0x00000009
        1815000	       180	800012ac	a33a5337	lui	x6,0xa33a5	  x6=0xa33a5000
        1825000	       181	800012b0	ff770713	addi	x14,x14,-9	 x14:0x00000001 x14=0xfffffff8
        1835000	       182	800012b4	41c25633	sra	x12,x4,x28	  x4:0x00000000 x28:0x000002e6 x12=0x00000000
        1845000	       183	800012b8	fef756e3	bge	x14,x15,800012a4	 x14:0xfffffff8 x15:0xfffffffe
        1855000	       184	800012bc	01bb69b3	or	x19,x22,x27	 x22:0xc7dd3000 x27:0x80009fc4 x19=0xc7ddbfc4
        1865000	       185	800012c0	ffd00713	addi	x14,x0,-3	  x0:0x00000000 x14=0xfffffffd
        1875000	       186	800012c4	1a168917	auipc	x18,0x1a168	 x18=0x9a1692c0
        1885000	       187	800012c8	01100c93	addi	x25,x0,17	  x0:0x00000000 x25=0x00000011
        1895000	       188	800012cc	3528c113	xori	x2,x17,850	 x17:0xfffffcfe  x2=0xffffffac
        1905000	       189	800012d0	63478a13	addi	x20,x15,1588	 x15:0xfffffffe x20=0x00000632
        1915000	       190	800012d4	d3473397	auipc	x7,0xd3473	  x7=0x534742d0
        1925000	       191	800012d8	017520b3	slt	x1,x10,x23	 x10:0x013ec800 x23:0x00000001  x1=0x00000000
        1935000	       192	800012dc	00670713	addi	x14,x14,6	 x14:0xfffffffd x14=0x00000003
        1945000	       193	800012e0	3bb17093	andi	x1,x2,955	  x2:0xffffffac  x1=0x000003a8
        1955000	       194	800012e4	00300d13	addi	x26,x0,3	  x0:0x00000000 x26=0x00000003
        1965000	       195	800012e8	017f1933	sll	x18,x30,x23	 x30:0x80009eab x23:0x00000001 x18=0x00013d56
        1975000	       196	800012ec	00300413	addi	x8,x0,3	  x0:0x00000000  x8=0x00000003
        1985000	       197	800012f0	8224c813	xori	x16,x9,-2014	  x9:0x519843ec x16=0xae67bbce
        1995000	       198	800012f4	ffed0d13	addi	x26,x26,-2	 x26:0x00000003 x26=0x00000001
        2005000	       199	800012f8	7e51be13	sltiu	x28,x3,2021	  x3:0x8ab30000 x28=0x00000000
        2015000	       200	800012fc	00000013	addi	x0,x0,0	  x0:0x00000000
        2025000	       201	80001300	d743e213	ori	x4,x7,-652	  x7:0x534742d0  x4=0xfffffff4
        2035000	       202	80001304	00a26233	or	x4,x4,x10	  x4:0xfffffff4 x10:0x013ec800  x4=0xfffffff4
        2045000	       203	80001308	00422133	slt	x2,x4,x4	  x4:0xfffffff4  x4:0xfffffff4  x2=0x00000000
        2055000	       204	8000130c	00000013	addi	x0,x0,0	  x0:0x00000000
        2065000	       205	80001310	b9056393	ori	x7,x10,-1136	 x10:0x013ec800  x7=0xfffffb90
        2075000	       206	80001314	d0814393	xori	x7,x2,-760	  x2:0x00000000  x7=0xfffffd08
        2085000	       207	80001318	fc8d7ce3	bgeu	x26,x8,800012f0	 x26:0x00000001  x8:0x00000003
        2095000	       208	8000131c	41715213	srai	x4,x2,0x17	  x2:0x00000000  x4=0x00000000
        2105000	       209	80001320	41e40933	sub	x18,x8,x30	  x8:0x00000003 x30:0x80009eab x18=0x7fff6158
        2115000	       210	80001324	b1dab213	sltiu	x4,x21,-1251	 x21:0x80009f64  x4=0x00000001
        2125000	       211	80001328	01ce3833	sltu	x16,x28,x28	 x28:0x00000000 x28:0x00000000 x16=0x00000000
        2135000	       212	8000132c	01a2f033	and	x0,x5,x26	  x5:0x00000000 x26:0x00000001
        2145000	       213	80001330	fb9762e3	bltu	x14,x25,800012d4	 x14:0x00000003 x25:0x00000011
        2155000	       214	00000000	00000013	addi	x0,x0,0	  x0:0x00000000
        2165000	       215	800012d0	00000013	addi	x0,x0,0	  x0:0x00000000
        2175000	       216	800012d4	d3473397	auipc	x7,0xd3473	  x7=0x534742d0
        2185000	       217	800012d8	017520b3	slt	x1,x10,x23	 x10:0x013ec800 x23:0x00000001  x1=0x00000000
        2195000	       218	800012dc	00670713	addi	x14,x14,6	 x14:0x00000003 x14=0x00000009
        2205000	       219	800012e0	3bb17093	andi	x1,x2,955	  x2:0x00000000  x1=0x00000000
        2215000	       220	800012e4	00300d13	addi	x26,x0,3	  x0:0x00000000 x26=0x00000003
        2225000	       221	800012e8	017f1933	sll	x18,x30,x23	 x30:0x80009eab x23:0x00000001 x18=0x00013d56
        2235000	       222	800012ec	00300413	addi	x8,x0,3	  x0:0x00000000  x8=0x00000003
        2245000	       223	800012f0	8224c813	xori	x16,x9,-2014	  x9:0x519843ec x16=0xae67bbce
        2255000	       224	800012f4	ffed0d13	addi	x26,x26,-2	 x26:0x00000003 x26=0x00000001
        2265000	       225	800012f8	7e51be13	sltiu	x28,x3,2021	  x3:0x8ab30000 x28=0x00000000
        2275000	       226	800012fc	00000013	addi	x0,x0,0	  x0:0x00000000
        2285000	       227	80001300	d743e213	ori	x4,x7,-652	  x7:0x534742d0  x4=0xfffffff4
        2295000	       228	80001304	00a26233	or	x4,x4,x10	  x4:0xfffffff4 x10:0x013ec800  x4=0xfffffff4
        2305000	       229	80001308	00422133	slt	x2,x4,x4	  x4:0xfffffff4  x4:0xfffffff4  x2=0x00000000
        2315000	       230	8000130c	00000013	addi	x0,x0,0	  x0:0x00000000
        2325000	       231	80001310	b9056393	ori	x7,x10,-1136	 x10:0x013ec800  x7=0xfffffb90
        2335000	       232	80001314	d0814393	xori	x7,x2,-760	  x2:0x00000000  x7=0xfffffd08
        2345000	       233	80001318	fc8d7ce3	bgeu	x26,x8,800012f0	 x26:0x00000001  x8:0x00000003
        2355000	       234	8000131c	41715213	srai	x4,x2,0x17	  x2:0x00000000  x4=0x00000000
        2365000	       235	80001320	41e40933	sub	x18,x8,x30	  x8:0x00000003 x30:0x80009eab x18=0x7fff6158
        2375000	       236	80001324	b1dab213	sltiu	x4,x21,-1251	 x21:0x80009f64  x4=0x00000001
        2385000	       237	80001328	01ce3833	sltu	x16,x28,x28	 x28:0x00000000 x28:0x00000000 x16=0x00000000
        2395000	       238	8000132c	01a2f033	and	x0,x5,x26	  x5:0x00000000 x26:0x00000001
        2405000	       239	80001330	fb9762e3	bltu	x14,x25,800012d4	 x14:0x00000009 x25:0x00000011
        2415000	       240	00000000	00000013	addi	x0,x0,0	  x0:0x00000000
        2425000	       241	800012d0	00000013	addi	x0,x0,0	  x0:0x00000000
        2435000	       242	800012d4	d3473397	auipc	x7,0xd3473	  x7=0x534742d0
        2445000	       243	800012d8	017520b3	slt	x1,x10,x23	 x10:0x013ec800 x23:0x00000001  x1=0x00000000
        2455000	       244	800012dc	00670713	addi	x14,x14,6	 x14:0x00000009 x14=0x0000000f
        2465000	       245	800012e0	3bb17093	andi	x1,x2,955	  x2:0x00000000  x1=0x00000000
        2475000	       246	800012e4	00300d13	addi	x26,x0,3	  x0:0x00000000 x26=0x00000003
        2485000	       247	800012e8	017f1933	sll	x18,x30,x23	 x30:0x80009eab x23:0x00000001 x18=0x00013d56
        2495000	       248	800012ec	00300413	addi	x8,x0,3	  x0:0x00000000  x8=0x00000003
        2505000	       249	800012f0	8224c813	xori	x16,x9,-2014	  x9:0x519843ec x16=0xae67bbce
        2515000	       250	800012f4	ffed0d13	addi	x26,x26,-2	 x26:0x00000003 x26=0x00000001
        2525000	       251	800012f8	7e51be13	sltiu	x28,x3,2021	  x3:0x8ab30000 x28=0x00000000
        2535000	       252	800012fc	00000013	addi	x0,x0,0	  x0:0x00000000
        2545000	       253	80001300	d743e213	ori	x4,x7,-652	  x7:0x534742d0  x4=0xfffffff4
        2555000	       254	80001304	00a26233	or	x4,x4,x10	  x4:0xfffffff4 x10:0x013ec800  x4=0xfffffff4
        2565000	       255	80001308	00422133	slt	x2,x4,x4	  x4:0xfffffff4  x4:0xfffffff4  x2=0x00000000
        2575000	       256	8000130c	00000013	addi	x0,x0,0	  x0:0x00000000
        2585000	       257	80001310	b9056393	ori	x7,x10,-1136	 x10:0x013ec800  x7=0xfffffb90
        2595000	       258	80001314	d0814393	xori	x7,x2,-760	  x2:0x00000000  x7=0xfffffd08
        2605000	       259	80001318	fc8d7ce3	bgeu	x26,x8,800012f0	 x26:0x00000001  x8:0x00000003
        2615000	       260	8000131c	41715213	srai	x4,x2,0x17	  x2:0x00000000  x4=0x00000000
        2625000	       261	80001320	41e40933	sub	x18,x8,x30	  x8:0x00000003 x30:0x80009eab x18=0x7fff6158
        2635000	       262	80001324	b1dab213	sltiu	x4,x21,-1251	 x21:0x80009f64  x4=0x00000001
        2645000	       263	80001328	01ce3833	sltu	x16,x28,x28	 x28:0x00000000 x28:0x00000000 x16=0x00000000
        2655000	       264	8000132c	01a2f033	and	x0,x5,x26	  x5:0x00000000 x26:0x00000001
        2665000	       265	80001330	fb9762e3	bltu	x14,x25,800012d4	 x14:0x0000000f x25:0x00000011
        2675000	       266	00000000	00000013	addi	x0,x0,0	  x0:0x00000000
        2685000	       267	800012d0	00000013	addi	x0,x0,0	  x0:0x00000000
        2695000	       268	800012d4	d3473397	auipc	x7,0xd3473	  x7=0x534742d0
        2705000	       269	800012d8	017520b3	slt	x1,x10,x23	 x10:0x013ec800 x23:0x00000001  x1=0x00000000
        2715000	       270	800012dc	00670713	addi	x14,x14,6	 x14:0x0000000f x14=0x00000015
        2725000	       271	800012e0	3bb17093	andi	x1,x2,955	  x2:0x00000000  x1=0x00000000
        2735000	       272	800012e4	00300d13	addi	x26,x0,3	  x0:0x00000000 x26=0x00000003
        2745000	       273	800012e8	017f1933	sll	x18,x30,x23	 x30:0x80009eab x23:0x00000001 x18=0x00013d56
        2755000	       274	800012ec	00300413	addi	x8,x0,3	  x0:0x00000000  x8=0x00000003
        2765000	       275	800012f0	8224c813	xori	x16,x9,-2014	  x9:0x519843ec x16=0xae67bbce
        2775000	       276	800012f4	ffed0d13	addi	x26,x26,-2	 x26:0x00000003 x26=0x00000001
        2785000	       277	800012f8	7e51be13	sltiu	x28,x3,2021	  x3:0x8ab30000 x28=0x00000000
        2795000	       278	800012fc	00000013	addi	x0,x0,0	  x0:0x00000000
        2805000	       279	80001300	d743e213	ori	x4,x7,-652	  x7:0x534742d0  x4=0xfffffff4
        2815000	       280	80001304	00a26233	or	x4,x4,x10	  x4:0xfffffff4 x10:0x013ec800  x4=0xfffffff4
        2825000	       281	80001308	00422133	slt	x2,x4,x4	  x4:0xfffffff4  x4:0xfffffff4  x2=0x00000000
        2835000	       282	8000130c	00000013	addi	x0,x0,0	  x0:0x00000000
        2845000	       283	80001310	b9056393	ori	x7,x10,-1136	 x10:0x013ec800  x7=0xfffffb90
        2855000	       284	80001314	d0814393	xori	x7,x2,-760	  x2:0x00000000  x7=0xfffffd08
        2865000	       285	80001318	fc8d7ce3	bgeu	x26,x8,800012f0	 x26:0x00000001  x8:0x00000003
        2875000	       286	8000131c	41715213	srai	x4,x2,0x17	  x2:0x00000000  x4=0x00000000
        2885000	       287	80001320	41e40933	sub	x18,x8,x30	  x8:0x00000003 x30:0x80009eab x18=0x7fff6158
        2895000	       288	80001324	b1dab213	sltiu	x4,x21,-1251	 x21:0x80009f64  x4=0x00000001
        2905000	       289	80001328	01ce3833	sltu	x16,x28,x28	 x28:0x00000000 x28:0x00000000 x16=0x00000000
        2915000	       290	8000132c	01a2f033	and	x0,x5,x26	  x5:0x00000000 x26:0x00000001
        2925000	       291	80001330	fb9762e3	bltu	x14,x25,800012d4	 x14:0x00000015 x25:0x00000011
        2935000	       292	80001334	00000013	addi	x0,x0,0	  x0:0x00000000
        2945000	       293	80001338	00700c13	addi	x24,x0,7	  x0:0x00000000 x24=0x00000007
        2955000	       294	8000133c	01100313	addi	x6,x0,17	  x0:0x00000000  x6=0x00000011
        2965000	       295	80001340	1096f893	andi	x17,x13,265	 x13:0x00000009 x17=0x00000009
        2975000	       296	80001344	005c0c13	addi	x24,x24,5	 x24:0x00000007 x24=0x0000000c
        2985000	       297	80001348	00000093	addi	x1,x0,0	  x0:0x00000000  x1=0x00000000
        2995000	       298	8000134c	0033b1b3	sltu	x3,x7,x3	  x7:0xfffffd08  x3:0x8ab30000  x3=0x00000000
        3005000	       299	80001350	00800113	addi	x2,x0,8	  x0:0x00000000  x2=0x00000008
        3015000	       300	80001354	86cdb993	sltiu	x19,x27,-1940	 x27:0x80009fc4 x19=0x00000001
        3025000	       301	80001358	00408093	addi	x1,x1,4	  x1:0x00000000  x1=0x00000004
        3035000	       302	8000135c	fe208ce3	beq	x1,x2,80001354	  x1:0x00000004  x2:0x00000008
        3045000	       303	80001360	86a0b737	lui	x14,0x86a0b	 x14=0x86a0b000
        3055000	       304	80001364	fc6c6ee3	bltu	x24,x6,80001340	 x24:0x0000000c  x6:0x00000011
        3065000	       305	00000000	00000013	addi	x0,x0,0	  x0:0x00000000
        3075000	       306	8000133c	00000013	addi	x0,x0,0	  x0:0x00000000
        3085000	       307	80001340	1096f893	andi	x17,x13,265	 x13:0x00000009 x17=0x00000009
        3095000	       308	80001344	005c0c13	addi	x24,x24,5	 x24:0x0000000c x24=0x00000011
        3105000	       309	80001348	00000093	addi	x1,x0,0	  x0:0x00000000  x1=0x00000000
        3115000	       310	8000134c	0033b1b3	sltu	x3,x7,x3	  x7:0xfffffd08  x3:0x00000000  x3=0x00000000
        3125000	       311	80001350	00800113	addi	x2,x0,8	  x0:0x00000000  x2=0x00000008
        3135000	       312	80001354	86cdb993	sltiu	x19,x27,-1940	 x27:0x80009fc4 x19=0x00000001
        3145000	       313	80001358	00408093	addi	x1,x1,4	  x1:0x00000000  x1=0x00000004
        3155000	       314	8000135c	fe208ce3	beq	x1,x2,80001354	  x1:0x00000004  x2:0x00000008
        3165000	       315	80001360	86a0b737	lui	x14,0x86a0b	 x14=0x86a0b000
        3175000	       316	80001364	fc6c6ee3	bltu	x24,x6,80001340	 x24:0x00000011  x6:0x00000011
        3185000	       317	80001368	40c15893	srai	x17,x2,0xc	  x2:0x00000008 x17=0x00000000
        3195000	       318	8000136c	00700f93	addi	x31,x0,7	  x0:0x00000000 x31=0x00000007
        3205000	       319	80001370	01ebf633	and	x12,x23,x30	 x23:0x00000001 x30:0x80009eab x12=0x00000001
        3215000	       320	80001374	001b74b3	and	x9,x22,x1	 x22:0xc7dd3000  x1:0x00000004  x9=0x00000000
        3225000	       321	80001378	019173b3	and	x7,x2,x25	  x2:0x00000008 x25:0x00000011  x7=0x00000000
        3235000	       322	8000137c	414b80b3	sub	x1,x23,x20	 x23:0x00000001 x20:0x00000632  x1=0xfffff9cf
        3245000	       323	80001380	01cb3a33	sltu	x20,x22,x28	 x22:0xc7dd3000 x28:0x00000000 x20=0x00000000
        3255000	       324	80001384	00a91593	slli	x11,x18,0xa	 x18:0x7fff6158 x11=0xfd856000
        3265000	       325	80001388	00500213	addi	x4,x0,5	  x0:0x00000000  x4=0x00000005
        3275000	       326	8000138c	bb3aac97	auipc	x25,0xbb3aa	 x25=0x3b3ab388
        3285000	       327	80001390	f86ab013	sltiu	x0,x21,-122	 x21:0x80009f64
        3295000	       328	80001394	bbc4cc93	xori	x25,x9,-1092	  x9:0x00000000 x25=0xfffffbbc
        3305000	       329	80001398	01d7c033	xor	x0,x15,x29	 x15:0xfffffffe x29:0xf9031f22
        3315000	       330	8000139c	00db5b13	srli	x22,x22,0xd	 x22:0xc7dd3000 x22=0x00063ee9
        3325000	       331	800013a0	ffcf8f93	addi	x31,x31,-4	 x31:0x00000007 x31=0x00000003
        3335000	       332	800013a4	90a68b17	auipc	x22,0x90a68	 x22=0x10a693a0
        3345000	       333	800013a8	ffb00713	addi	x14,x0,-5	  x0:0x00000000 x14=0xfffffffb
        3355000	       334	800013ac	00929593	slli	x11,x5,0x9	  x5:0x00000000 x11=0x00000000
        3365000	       335	800013b0	ff100b93	addi	x23,x0,-15	  x0:0x00000000 x23=0xfffffff1
        3375000	       336	800013b4	00084c33	xor	x24,x16,x0	 x16:0x00000000  x0:0x00000000 x24=0x00000000
        3385000	       337	800013b8	de0b6793	ori	x15,x22,-544	 x22:0x10a693a0 x15=0xffffffe0
        3395000	       338	800013bc	718c6c37	lui	x24,0x718c6	 x24=0x718c6000
        3405000	       339	800013c0	0111d633	srl	x12,x3,x17	  x3:0x00000000 x17:0x00000000 x12=0x00000000
        3415000	       340	800013c4	b1833913	sltiu	x18,x6,-1256	  x6:0x00000011 x18=0x00000001
        3425000	       341	800013c8	00000013	addi	x0,x0,0	  x0:0x00000000
        3435000	       342	800013cc	41245613	srai	x12,x8,0x12	  x8:0x00000003 x12=0x00000000
        3445000	       343	800013d0	ffb70713	addi	x14,x14,-5	 x14:0xfffffffb x14=0xfffffff6
        3455000	       344	800013d4	00000013	addi	x0,x0,0	  x0:0x00000000
        3465000	       345	800013d8	00a4cc33	xor	x24,x9,x10	  x9:0x00000000 x10:0x013ec800 x24=0x013ec800
        3475000	       346	800013dc	ff7750e3	bge	x14,x23,800013bc	 x14:0xfffffff6 x23:0xfffffff1
        3485000	       347	00000000	00000013	addi	x0,x0,0	  x0:0x00000000
        3495000	       348	800013b8	00000013	addi	x0,x0,0	  x0:0x00000000
        3505000	       349	800013bc	718c6c37	lui	x24,0x718c6	 x24=0x718c6000
        3515000	       350	800013c0	0111d633	srl	x12,x3,x17	  x3:0x00000000 x17:0x00000000 x12=0x00000000
        3525000	       351	800013c4	b1833913	sltiu	x18,x6,-1256	  x6:0x00000011 x18=0x00000001
        3535000	       352	800013c8	00000013	addi	x0,x0,0	  x0:0x00000000
        3545000	       353	800013cc	41245613	srai	x12,x8,0x12	  x8:0x00000003 x12=0x00000000
        3555000	       354	800013d0	ffb70713	addi	x14,x14,-5	 x14:0xfffffff6 x14=0xfffffff1
        3565000	       355	800013d4	00000013	addi	x0,x0,0	  x0:0x00000000
        3575000	       356	800013d8	00a4cc33	xor	x24,x9,x10	  x9:0x00000000 x10:0x013ec800 x24=0x013ec800
        3585000	       357	800013dc	ff7750e3	bge	x14,x23,800013bc	 x14:0xfffffff1 x23:0xfffffff1
        3595000	       358	00000000	00000013	addi	x0,x0,0	  x0:0x00000000
        3605000	       359	800013b8	00000013	addi	x0,x0,0	  x0:0x00000000
        3615000	       360	800013bc	718c6c37	lui	x24,0x718c6	 x24=0x718c6000
        3625000	       361	800013c0	0111d633	srl	x12,x3,x17	  x3:0x00000000 x17:0x00000000 x12=0x00000000
        3635000	       362	800013c4	b1833913	sltiu	x18,x6,-1256	  x6:0x00000011 x18=0x00000001
        3645000	       363	800013c8	00000013	addi	x0,x0,0	  x0:0x00000000
        3655000	       364	800013cc	41245613	srai	x12,x8,0x12	  x8:0x00000003 x12=0x00000000
        3665000	       365	800013d0	ffb70713	addi	x14,x14,-5	 x14:0xfffffff1 x14=0xffffffec
        3675000	       366	800013d4	00000013	addi	x0,x0,0	  x0:0x00000000
        3685000	       367	800013d8	00a4cc33	xor	x24,x9,x10	  x9:0x00000000 x10:0x013ec800 x24=0x013ec800
        3695000	       368	800013dc	ff7750e3	bge	x14,x23,800013bc	 x14:0xffffffec x23:0xfffffff1
        3705000	       369	800013e0	48900893	addi	x17,x0,1161	  x0:0x00000000 x17=0x00000489
        3715000	       370	800013e4	010a1513	slli	x10,x20,0x10	 x20:0x00000000 x10=0x00000000
        3725000	       371	800013e8	400b00b3	sub	x1,x22,x0	 x22:0x10a693a0  x0:0x00000000  x1=0x10a693a0
        3735000	       372	800013ec	40236f13	ori	x30,x6,1026	  x6:0x00000011 x30=0x00000413
        3745000	       373	800013f0	fa4ff4e3	bgeu	x31,x4,80001398	 x31:0x00000003  x4:0x00000005
        3755000	       374	800013f4	4110db13	srai	x22,x1,0x11	  x1:0x10a693a0 x22=0x00000853
        3765000	       375	800013f8	00100393	addi	x7,x0,1	  x0:0x00000000  x7=0x00000001
        3775000	       376	800013fc	01000613	addi	x12,x0,16	  x0:0x00000000 x12=0x00000010
        3785000	       377	80001400	c4674cb7	lui	x25,0xc4674	 x25=0xc4674000
        3795000	       378	80001404	00838393	addi	x7,x7,8	  x7:0x00000001  x7=0x00000009
        3805000	       379	80001408	fec3cce3	blt	x7,x12,80001400	  x7:0x00000009 x12:0x00000010
        3815000	       380	00000000	00000013	addi	x0,x0,0	  x0:0x00000000
        3825000	       381	800013fc	00000013	addi	x0,x0,0	  x0:0x00000000
        3835000	       382	80001400	c4674cb7	lui	x25,0xc4674	 x25=0xc4674000
        3845000	       383	80001404	00838393	addi	x7,x7,8	  x7:0x00000009  x7=0x00000011
        3855000	       384	80001408	fec3cce3	blt	x7,x12,80001400	  x7:0x00000011 x12:0x00000010
        3865000	       385	8000140c	90a9c917	auipc	x18,0x90a9c	 x18=0x10a9d408
        3875000	       386	80001410	ff800b13	addi	x22,x0,-8	  x0:0x00000000 x22=0xfffffff8
        3885000	       387	80001414	b13cc913	xori	x18,x25,-1261	 x25:0xc4674000 x18=0x3b98bb13
        3895000	       388	80001418	b2f00793	addi	x15,x0,-1233	  x0:0x00000000 x15=0xfffffb2f
        3905000	       389	8000141c	8410ce13	xori	x28,x1,-1983	  x1:0x10a693a0 x28=0xef596be1
        3915000	       390	80001420	00928bb3	add	x23,x5,x9	  x5:0x00000000  x9:0x00000000 x23=0x00000000
        3925000	       391	80001424	000a2433	slt	x8,x20,x0	 x20:0x00000000  x0:0x00000000  x8=0x00000000
        3935000	       392	80001428	004217b3	sll	x15,x4,x4	  x4:0x00000005  x4:0x00000005 x15=0x000000a0
        3945000	       393	8000142c	00000013	addi	x0,x0,0	  x0:0x00000000
        3955000	       394	80001430	00394fb3	xor	x31,x18,x3	 x18:0x3b98bb13  x3:0x00000000 x31=0x3b98bb13
        3965000	       395	80001434	c33ea593	slti	x11,x29,-973	 x29:0xf9031f22 x11=0x00000001
        3975000	       396	80001438	04bb3393	sltiu	x7,x22,75	 x22:0xfffffff8  x7=0x00000000
        3985000	       397	8000143c	00c019b3	sll	x19,x0,x12	  x0:0x00000000 x12:0x00000010 x19=0x00000000
        3995000	       398	80001440	41405713	srai	x14,x0,0x14	  x0:0x00000000 x14=0x00000000
        4005000	       399	80001444	33020293	addi	x5,x4,816	  x4:0x00000005  x5=0x00000335
        4015000	       400	80001448	01d41193	slli	x3,x8,0x1d	  x8:0x00000000  x3=0x00000000
        4025000	       401	8000144c	409f5313	srai	x6,x30,0x9	 x30:0x00000413  x6=0x00000002
        4035000	       402	80001450	01ce1433	sll	x8,x28,x28	 x28:0xef596be1 x28:0xef596be1  x8=0xdeb2d7c2
        4045000	       403	80001454	bad14793	xori	x15,x2,-1107	  x2:0x00000008 x15=0xfffffba5
        4055000	       404	80001458	fed00113	addi	x2,x0,-19	  x0:0x00000000  x2=0xffffffed
        4065000	       405	8000145c	40815013	srai	x0,x2,0x8	  x2:0xffffffed
        4075000	       406	80001460	01a01333	sll	x6,x0,x26	  x0:0x00000000 x26:0x00000001  x6=0x00000000
        4085000	       407	80001464	01fe2833	slt	x16,x28,x31	 x28:0xef596be1 x31:0x3b98bb13 x16=0x00000001
        4095000	       408	80001468	01550233	add	x4,x10,x21	 x10:0x00000000 x21:0x80009f64  x4=0x80009f64
        4105000	       409	8000146c	ff8b0b13	addi	x22,x22,-8	 x22:0xfffffff8 x22=0xfffffff0
        4115000	       410	80001470	006da7b3	slt	x15,x27,x6	 x27:0x80009fc4  x6:0x00000000 x15=0x00000001
        4125000	       411	80001474	00f2a1b3	slt	x3,x5,x15	  x5:0x00000335 x15:0x00000001  x3=0x00000000
        4135000	       412	80001478	fe2b56e3	bge	x22,x2,80001464	 x22:0xfffffff0  x2:0xffffffed
        4145000	       413	00000000	00000013	addi	x0,x0,0	  x0:0x00000000
        4155000	       414	80001460	00000013	addi	x0,x0,0	  x0:0x00000000
        4165000	       415	80001464	01fe2833	slt	x16,x28,x31	 x28:0xef596be1 x31:0x3b98bb13 x16=0x00000001
        4175000	       416	80001468	01550233	add	x4,x10,x21	 x10:0x00000000 x21:0x80009f64  x4=0x80009f64
        4185000	       417	8000146c	ff8b0b13	addi	x22,x22,-8	 x22:0xfffffff0 x22=0xffffffe8
        4195000	       418	80001470	006da7b3	slt	x15,x27,x6	 x27:0x80009fc4  x6:0x00000000 x15=0x00000001
        4205000	       419	80001474	00f2a1b3	slt	x3,x5,x15	  x5:0x00000335 x15:0x00000001  x3=0x00000000
        4215000	       420	80001478	fe2b56e3	bge	x22,x2,80001464	 x22:0xffffffe8  x2:0xffffffed
        4225000	       421	8000147c	fa3b4c93	xori	x25,x22,-93	 x22:0xffffffe8 x25=0x0000004b
        4235000	       422	80001480	00800893	addi	x17,x0,8	  x0:0x00000000 x17=0x00000008
        4245000	       423	80001484	01375d13	srli	x26,x14,0x13	 x14:0x00000000 x26=0x00000000
        4255000	       424	80001488	01a336b3	sltu	x13,x6,x26	  x6:0x00000000 x26:0x00000000 x13=0x00000000
        4265000	       425	8000148c	01a19393	slli	x7,x3,0x1a	  x3:0x00000000  x7=0x00000000
        4275000	       426	80001490	00585813	srli	x16,x16,0x5	 x16:0x00000001 x16=0x00000000
        4285000	       427	80001494	f4f81217	auipc	x4,0xf4f81	  x4=0x74f82490
        4295000	       428	80001498	00eac9b3	xor	x19,x21,x14	 x21:0x80009f64 x14:0x00000000 x19=0x80009f64
        4305000	       429	8000149c	00700e13	addi	x28,x0,7	  x0:0x00000000 x28=0x00000007
        4315000	       430	800014a0	41920733	sub	x14,x4,x25	  x4:0x74f82490 x25:0x0000004b x14=0x74f82445
        4325000	       431	800014a4	f8b04493	xori	x9,x0,-117	  x0:0x00000000  x9=0xffffff8b
        4335000	       432	800014a8	414782b3	sub	x5,x15,x20	 x15:0x00000001 x20:0x00000000  x5=0x00000001
        4345000	       433	800014ac	ffa88893	addi	x17,x17,-6	 x17:0x00000008 x17=0x00000002
        4355000	       434	800014b0	ff800113	addi	x2,x0,-8	  x0:0x00000000  x2=0xfffffff8
        4365000	       435	800014b4	0152a233	slt	x4,x5,x21	  x5:0x00000001 x21:0x80009f64  x4=0x00000000
        4375000	       436	800014b8	c9478613	addi	x12,x15,-876	 x15:0x00000001 x12=0xfffffc95
        4385000	       437	800014bc	013b1433	sll	x8,x22,x19	 x22:0xffffffe8 x19:0x80009f64  x8=0xfffffe80
        4395000	       438	800014c0	0173a1b3	slt	x3,x7,x23	  x7:0x00000000 x23:0x00000000  x3=0x00000000
        4405000	       439	800014c4	fee00b93	addi	x23,x0,-18	  x0:0x00000000 x23=0xffffffee
        4415000	       440	800014c8	001e6633	or	x12,x28,x1	 x28:0x00000007  x1:0x10a693a0 x12=0x10a693a7
        4425000	       441	800014cc	6aada417	auipc	x8,0x6aada	  x8=0xeaadb4c8
        4435000	       442	800014d0	00000013	addi	x0,x0,0	  x0:0x00000000
        4445000	       443	800014d4	ff610113	addi	x2,x2,-10	  x2:0xfffffff8  x2=0xffffffee
        4455000	       444	800014d8	40fe59b3	sra	x19,x28,x15	 x28:0x00000007 x15:0x00000001 x19=0x00000003
        4465000	       445	800014dc	9197bd13	sltiu	x26,x15,-1767	 x15:0x00000001 x26=0x00000001
        4475000	       446	800014e0	ff7154e3	bge	x2,x23,800014c8	  x2:0xffffffee x23:0xffffffee
        4485000	       447	00000000	00000013	addi	x0,x0,0	  x0:0x00000000
        4495000	       448	800014c4	00000013	addi	x0,x0,0	  x0:0x00000000
        4505000	       449	800014c8	001e6633	or	x12,x28,x1	 x28:0x00000007  x1:0x10a693a0 x12=0x10a693a7
        4515000	       450	800014cc	6aada417	auipc	x8,0x6aada	  x8=0xeaadb4c8
        4525000	       451	800014d0	00000013	addi	x0,x0,0	  x0:0x00000000
        4535000	       452	800014d4	ff610113	addi	x2,x2,-10	  x2:0xffffffee  x2=0xffffffe4
        4545000	       453	800014d8	40fe59b3	sra	x19,x28,x15	 x28:0x00000007 x15:0x00000001 x19=0x00000003
        4555000	       454	800014dc	9197bd13	sltiu	x26,x15,-1767	 x15:0x00000001 x26=0x00000001
        4565000	       455	800014e0	ff7154e3	bge	x2,x23,800014c8	  x2:0xffffffe4 x23:0xffffffee
        4575000	       456	800014e4	40b65233	sra	x4,x12,x11	 x12:0x10a693a7 x11:0x00000001  x4=0x085349d3
        4585000	       457	800014e8	fbc8fce3	bgeu	x17,x28,800014a0	 x17:0x00000002 x28:0x00000007
        4595000	       458	800014ec	005001b3	add	x3,x0,x5	  x0:0x00000000  x5:0x00000001  x3=0x00000001
        4605000	       459	800014f0	00000093	addi	x1,x0,0	  x0:0x00000000  x1=0x00000000
        4615000	       460	800014f4	01c344b3	xor	x9,x6,x28	  x6:0x00000000 x28:0x00000007  x9=0x00000007
        4625000	       461	800014f8	41eb0a33	sub	x20,x22,x30	 x22:0xffffffe8 x30:0x00000413 x20=0xfffffbd5
        4635000	       462	800014fc	f5e1b713	sltiu	x14,x3,-162	  x3:0x00000001 x14=0x00000001
        4645000	       463	80001500	00000013	addi	x0,x0,0	  x0:0x00000000
        4655000	       464	80001504	ffe00193	addi	x3,x0,-2	  x0:0x00000000  x3=0xfffffffe
        4665000	       465	80001508	d8906497	auipc	x9,0xd8906	  x9=0x58907504
        4675000	       466	8000150c	00000013	addi	x0,x0,0	  x0:0x00000000
        4685000	       467	80001510	01d0b033	sltu	x0,x1,x29	  x1:0x00000000 x29:0xf9031f22
        4695000	       468	80001514	00000013	addi	x0,x0,0	  x0:0x00000000
        4705000	       469	80001518	01f9d4b3	srl	x9,x19,x31	 x19:0x00000003 x31:0x3b98bb13  x9=0x00000000
        4715000	       470	8000151c	ffb08093	addi	x1,x1,-5	  x1:0x00000000  x1=0xfffffffb
        4725000	       471	80001520	00000013	addi	x0,x0,0	  x0:0x00000000
        4735000	       472	80001524	00d562b3	or	x5,x10,x13	 x10:0x00000000 x13:0x00000000  x5=0x00000000
        4745000	       473	80001528	5e8aa493	slti	x9,x21,1512	 x21:0x80009f64  x9=0x00000001
        4755000	       474	8000152c	012c1413	slli	x8,x24,0x12	 x24:0x013ec800  x8=0x20000000
        4765000	       475	80001530	7684c313	xori	x6,x9,1896	  x9:0x00000001  x6=0x00000769
        4775000	       476	80001534	5e61bf93	sltiu	x31,x3,1510	  x3:0xfffffffe x31=0x00000000
        4785000	       477	80001538	fc30dae3	bge	x1,x3,8000150c	  x1:0xfffffffb  x3:0xfffffffe
        4795000	       478	8000153c	01e5d233	srl	x4,x11,x30	 x11:0x00000001 x30:0x00000413  x4=0x00000000
        4805000	       479	80001540	ffb00513	addi	x10,x0,-5	  x0:0x00000000 x10=0xfffffffb
        4815000	       480	80001544	52489637	lui	x12,0x52489	 x12=0x52489000
        4825000	       481	80001548	0153d613	srli	x12,x7,0x15	  x7:0x00000000 x12=0x00000000
        4835000	       482	8000154c	00e00593	addi	x11,x0,14	  x0:0x00000000 x11=0x0000000e
        4845000	       483	80001550	0196fb33	and	x22,x13,x25	 x13:0x00000000 x25:0x0000004b x22=0x00000000
        4855000	       484	80001554	d75e0313	addi	x6,x28,-651	 x28:0x00000007  x6=0xfffffd7c
        4865000	       485	80001558	9da2a893	slti	x17,x5,-1574	  x5:0x00000000 x17=0x00000000
        4875000	       486	8000155c	00000013	addi	x0,x0,0	  x0:0x00000000
        4885000	       487	80001560	00450513	addi	x10,x10,4	 x10:0xfffffffb x10=0xffffffff
        4895000	       488	80001564	01605613	srli	x12,x0,0x16	  x0:0x00000000 x12=0x00000000
        4905000	       489	80001568	01899493	slli	x9,x19,0x18	 x19:0x00000003  x9=0x03000000
        4915000	       490	8000156c	e6794417	auipc	x8,0xe6794	  x8=0x66795568
        4925000	       491	80001570	011bc8b3	xor	x17,x23,x17	 x23:0xffffffee x17:0x00000000 x17=0xffffffee
        4935000	       492	80001574	00e46133	or	x2,x8,x14	  x8:0x66795568 x14:0x00000001  x2=0x66795569
        4945000	       493	80001578	019ae133	or	x2,x21,x25	 x21:0x80009f64 x25:0x0000004b  x2=0x80009f6f
        4955000	       494	8000157c	bd927013	andi	x0,x4,-1063	  x4:0x00000000
        4965000	       495	80001580	00a00a13	addi	x20,x0,10	  x0:0x00000000 x20=0x0000000a
        4975000	       496	80001584	01d0b8b3	sltu	x17,x1,x29	  x1:0xfffffffb x29:0xf9031f22 x17=0x00000000
        4985000	       497	80001588	00000013	addi	x0,x0,0	  x0:0x00000000
        4995000	       498	8000158c	00a00793	addi	x15,x0,10	  x0:0x00000000 x15=0x0000000a
        5005000	       499	80001590	5ecdfb13	andi	x22,x27,1516	 x27:0x80009fc4 x22=0x000005c4
        5015000	       500	80001594	40a2d913	srai	x18,x5,0xa	  x5:0x00000000 x18=0x00000000
        5025000	       501	80001598	3aaec993	xori	x19,x29,938	 x29:0xf9031f22 x19=0xf9031c88
        5035000	       502	8000159c	c3d34893	xori	x17,x6,-963	  x6:0xfffffd7c x17=0x00000141
        5045000	       503	800015a0	ff8a0a13	addi	x20,x20,-8	 x20:0x0000000a x20=0x00000002
        5055000	       504	800015a4	000ad713	srli	x14,x21,0x0	 x21:0x80009f64 x14=0x80009f64
        5065000	       505	800015a8	01ca50b3	srl	x1,x20,x28	 x20:0x00000002 x28:0x00000007  x1=0x00000000
        5075000	       506	800015ac	fefa76e3	bgeu	x20,x15,80001598	 x20:0x00000002 x15:0x0000000a
        5085000	       507	800015b0	006f9e33	sll	x28,x31,x6	 x31:0x00000000  x6:0xfffffd7c x28=0x00000000
        5095000	       508	800015b4	01cb5b33	srl	x22,x22,x28	 x22:0x000005c4 x28:0x00000000 x22=0x000005c4
        5105000	       509	800015b8	00026f33	or	x30,x4,x0	  x4:0x00000000  x0:0x00000000 x30=0x00000000
        5115000	       510	800015bc	54e47f93	andi	x31,x8,1358	  x8:0x66795568 x31=0x00000548
        5125000	       511	800015c0	96bec313	xori	x6,x29,-1685	 x29:0xf9031f22  x6=0x06fce649
        5135000	       512	800015c4	f8b56ae3	bltu	x10,x11,80001558	 x10:0xffffffff x11:0x0000000e
        5145000	       513	800015c8	40c356b3	sra	x13,x6,x12	  x6:0x06fce649 x12:0x00000000 x13=0x06fce649
        5155000	       514	800015cc	00179393	slli	x7,x15,0x1	 x15:0x0000000a  x7=0x00000014
        5165000	       515	800015d0	01207463	bgeu	x0,x18,800015d8	  x0:0x00000000 x18:0x00000000
        5175000	       516	00000000	00000013	addi	x0,x0,0	  x0:0x00000000
        5185000	       517	800015d4	00000013	addi	x0,x0,0	  x0:0x00000000
        5195000	       518	800015d8	32733293	sltiu	x5,x6,807	  x6:0x06fce649  x5=0x00000000
        5205000	       519	800015dc	03371863	bne	x14,x19,8000160c	 x14:0x80009f64 x19:0xf9031c88
        5215000	       520	00000000	00000013	addi	x0,x0,0	  x0:0x00000000
        5225000	       521	80001608	00000013	addi	x0,x0,0	  x0:0x00000000
        5235000	       522	8000160c	526fa993	slti	x19,x31,1318	 x31:0x00000548 x19=0x00000000
        5245000	       523	80001610	00fd5f93	srli	x31,x26,0xf	 x26:0x00000001 x31=0x00000000
        5255000	       524	80001614	09574663	blt	x14,x21,800016a0	 x14:0x80009f64 x21:0x80009f64
        5265000	       525	80001618	40a30333	sub	x6,x6,x10	  x6:0x06fce649 x10:0xffffffff  x6=0x06fce64a
        5275000	       526	8000161c	ffd00413	addi	x8,x0,-3	  x0:0x00000000  x8=0xfffffffd
        5285000	       527	80001620	00000013	addi	x0,x0,0	  x0:0x00000000
        5295000	       528	80001624	00f00713	addi	x14,x0,15	  x0:0x00000000 x14=0x0000000f
        5305000	       529	80001628	01965213	srli	x4,x12,0x19	 x12:0x00000000  x4=0x00000000
        5315000	       530	8000162c	3a776613	ori	x12,x14,935	 x14:0x0000000f x12=0x000003af
        5325000	       531	80001630	00c9de33	srl	x28,x19,x12	 x19:0x00000000 x12:0x000003af x28=0x00000000
        5335000	       532	80001634	00940413	addi	x8,x8,9	  x8:0xfffffffd  x8=0x00000006
        5345000	       533	80001638	ffa00093	addi	x1,x0,-6	  x0:0x00000000  x1=0xfffffffa
        5355000	       534	8000163c	00d8fcb3	and	x25,x17,x13	 x17:0x00000141 x13:0x06fce649 x25=0x00000041
        5365000	       535	80001640	ff200c13	addi	x24,x0,-14	  x0:0x00000000 x24=0xfffffff2
        5375000	       536	80001644	5c112393	slti	x7,x2,1473	  x2:0x80009f6f  x7=0x00000001
        5385000	       537	80001648	ffa08093	addi	x1,x1,-6	  x1:0xfffffffa  x1=0xfffffff4
        5395000	       538	8000164c	d8f8af93	slti	x31,x17,-625	 x17:0x00000141 x31=0x00000000
        5405000	       539	80001650	ff80dae3	bge	x1,x24,80001644	  x1:0xfffffff4 x24:0xfffffff2
        5415000	       540	00000000	00000013	addi	x0,x0,0	  x0:0x00000000
        5425000	       541	80001640	00000013	addi	x0,x0,0	  x0:0x00000000
        5435000	       542	80001644	5c112393	slti	x7,x2,1473	  x2:0x80009f6f  x7=0x00000001
        5445000	       543	80001648	ffa08093	addi	x1,x1,-6	  x1:0xfffffff4  x1=0xffffffee
        5455000	       544	8000164c	d8f8af93	slti	x31,x17,-625	 x17:0x00000141 x31=0x00000000
        5465000	       545	80001650	ff80dae3	bge	x1,x24,80001644	  x1:0xffffffee x24:0xfffffff2
        5475000	       546	80001654	fce40ce3	beq	x8,x14,8000162c	  x8:0x00000006 x14:0x0000000f
        5485000	       547	80001658	01049113	slli	x2,x9,0x10	  x9:0x03000000  x2=0x00000000
        5495000	       548	8000165c	02f41463	bne	x8,x15,80001684	  x8:0x00000006 x15:0x0000000a
        5505000	       549	00000000	00000013	addi	x0,x0,0	  x0:0x00000000
        5515000	       550	80001680	00000013	addi	x0,x0,0	  x0:0x00000000
        5525000	       551	80001684	35d12c13	slti	x24,x2,861	  x2:0x00000000 x24=0x00000001
        5535000	       552	80001688	03380c63	beq	x16,x19,800016c0	 x16:0x00000000 x19:0x00000000
        5545000	       553	00000000	00000013	addi	x0,x0,0	  x0:0x00000000
        5555000	       554	800016bc	00000013	addi	x0,x0,0	  x0:0x00000000
        5565000	       555	800016c0	01e327b3	slt	x15,x6,x30	  x6:0x06fce64a x30:0x00000000 x15=0x00000000
        5575000	       556	800016c4	00000013	addi	x0,x0,0	  x0:0x00000000
        5585000	       557	800016c8	001c1313	slli	x6,x24,0x1	 x24:0x00000001  x6=0x00000002
        5595000	       558	800016cc	7f2dfc93	andi	x25,x27,2034	 x27:0x80009fc4 x25=0x000007c0
        5605000	       559	800016d0	00000013	addi	x0,x0,0	  x0:0x00000000
        5615000	       560	800016d4	9fdfb213	sltiu	x4,x31,-1539	 x31:0x00000000  x4=0x00000001
        5625000	       561	800016d8	01f59bb3	sll	x23,x11,x31	 x11:0x0000000e x31:0x00000000 x23=0x0000000e
        5635000	       562	800016dc	3b98bf13	sltiu	x30,x17,953	 x17:0x00000141 x30=0x00000001
        5645000	       563	800016e0	029f4a63	blt	x30,x9,80001714	 x30:0x00000001  x9:0x03000000
        5655000	       564	00000000	00000013	addi	x0,x0,0	  x0:0x00000000
        5665000	       565	80001710	00000013	addi	x0,x0,0	  x0:0x00000000
        5675000	       566	80001714	01e222b3	slt	x5,x4,x30	  x4:0x00000001 x30:0x00000001  x5=0x00000000
        5685000	       567	80001718	0075b7b3	sltu	x15,x11,x7	 x11:0x0000000e  x7:0x00000001 x15=0x00000000
        5695000	       568	8000171c	01188263	beq	x17,x17,80001720	 x17:0x00000141 x17:0x00000141
        5705000	       569	00000000	00000013	addi	x0,x0,0	  x0:0x00000000
        5715000	       570	8000171c	00000013	addi	x0,x0,0	  x0:0x00000000
        5725000	       571	80001720	41095f33	sra	x30,x18,x16	 x18:0x00000000 x16:0x00000000 x30=0x00000000
        5735000	       572	80001724	01be83b3	add	x7,x29,x27	 x29:0xf9031f22 x27:0x80009fc4  x7=0x7903bee6
        5745000	       573	80001728	00444b33	xor	x22,x8,x4	  x8:0x00000006  x4:0x00000001 x22=0x00000007
        5755000	       574	8000172c	4f89cb93	xori	x23,x19,1272	 x19:0x00000000 x23=0x000004f8
        5765000	       575	80001730	e7bc5fb7	lui	x31,0xe7bc5	 x31=0xe7bc5000
        5775000	       576	80001734	4cf78c37	lui	x24,0x4cf78	 x24=0x4cf78000
        5785000	       577	80001738	03c1f463	bgeu	x3,x28,80001760	  x3:0xfffffffe x28:0x00000000
        5795000	       578	00000000	00000013	addi	x0,x0,0	  x0:0x00000000
        5805000	       579	8000175c	00000013	addi	x0,x0,0	  x0:0x00000000
        5815000	       580	80001760	8327e093	ori	x1,x15,-1998	 x15:0x00000000  x1=0xfffff832
        5825000	       581	80001764	0166b4b3	sltu	x9,x13,x22	 x13:0x06fce649 x22:0x00000007  x9=0x00000000
        5835000	       582	80001768	40e8d893	srai	x17,x17,0xe	 x17:0x00000141 x17=0x00000000
        5845000	       583	8000176c	40230933	sub	x18,x6,x2	  x6:0x00000002  x2:0x00000000 x18=0x00000002
        5855000	       584	80001770	458ff713	andi	x14,x31,1112	 x31:0xe7bc5000 x14=0x00000000
        5865000	       585	80001774	00a21863	bne	x4,x10,80001784	  x4:0x00000001 x10:0xffffffff
        5875000	       586	00000000	00000013	addi	x0,x0,0	  x0:0x00000000
        5885000	       587	80001780	00000013	addi	x0,x0,0	  x0:0x00000000
        5895000	       588	80001784	41b40a33	sub	x20,x8,x27	  x8:0x00000006 x27:0x80009fc4 x20=0x7fff6042
        5905000	       589	80001788	554695b7	lui	x11,0x55469	 x11=0x55469000
        5915000	       590	8000178c	014d15b3	sll	x11,x26,x20	 x26:0x00000001 x20:0x7fff6042 x11=0x00000004
        5925000	       591	80001790	02d35e63	bge	x6,x13,800017cc	  x6:0x00000002 x13:0x06fce649
        5935000	       592	80001794	00c65263	bge	x12,x12,80001798	 x12:0x000003af x12:0x000003af
        5945000	       593	00000000	00000013	addi	x0,x0,0	  x0:0x00000000
        5955000	       594	80001794	00000013	addi	x0,x0,0	  x0:0x00000000
        5965000	       595	80001798	02bd7a63	bgeu	x26,x11,800017cc	 x26:0x00000001 x11:0x00000004
        5975000	       596	8000179c	414dd3b3	sra	x7,x27,x20	 x27:0x80009fc4 x20:0x7fff6042  x7=0xe00027f1
        5985000	       597	800017a0	be2e8213	addi	x4,x29,-1054	 x29:0xf9031f22  x4=0xf9031b04
        5995000	       598	800017a4	43f4a113	slti	x2,x9,1087	  x9:0x00000000  x2=0x00000001
        6005000	       599	800017a8	0113f8b3	and	x17,x7,x17	  x7:0xe00027f1 x17:0x00000000 x17=0x00000000
        6015000	       600	800017ac	f7b6e593	ori	x11,x13,-133	 x13:0x06fce649 x11=0xffffff7b
        6025000	       601	800017b0	fe7b6b13	ori	x22,x22,-25	 x22:0x00000007 x22=0xffffffe7
        6035000	       602	800017b4	01eb1a33	sll	x20,x22,x30	 x22:0xffffffe7 x30:0x00000000 x20=0xffffffe7
        6045000	       603	800017b8	145e4793	xori	x15,x28,325	 x28:0x00000000 x15=0x00000145
        6055000	       604	800017bc	d438b617	auipc	x12,0xd438b	 x12=0x5438c7b8
        6065000	       605	800017c0	89984497	auipc	x9,0x89984	  x9=0x099857bc
        6075000	       606	800017c4	014b1c63	bne	x22,x20,800017dc	 x22:0xffffffe7 x20:0xffffffe7
        6085000	       607	800017c8	01864fb3	xor	x31,x12,x24	 x12:0x5438c7b8 x24:0x4cf78000 x31=0x18cf47b8
        6095000	       608	800017cc	23d06293	ori	x5,x0,573	  x0:0x00000000  x5=0x0000023d
        6105000	       609	800017d0	007f00b3	add	x1,x30,x7	 x30:0x00000000  x7:0xe00027f1  x1=0xe00027f1
        6115000	       610	800017d4	00ec99b3	sll	x19,x25,x14	 x25:0x000007c0 x14:0x00000000 x19=0x000007c0
        6125000	       611	800017d8	010288b3	add	x17,x5,x16	  x5:0x0000023d x16:0x00000000 x17=0x0000023d
        6135000	       612	800017dc	096b8863	beq	x23,x22,8000186c	 x23:0x000004f8 x22:0xffffffe7
        6145000	       613	800017e0	004956b3	srl	x13,x18,x4	 x18:0x00000002  x4:0xf9031b04 x13=0x00000000
        6155000	       614	800017e4	41df8bb3	sub	x23,x31,x29	 x31:0x18cf47b8 x29:0xf9031f22 x23=0x1fcc2896
        6165000	       615	800017e8	01ec0333	add	x6,x24,x30	 x24:0x4cf78000 x30:0x00000000  x6=0x4cf78000
        6175000	       616	800017ec	ae3d7993	andi	x19,x26,-1309	 x26:0x00000001 x19=0x00000001
        6185000	       617	800017f0	000f95b3	sll	x11,x31,x0	 x31:0x18cf47b8  x0:0x00000000 x11=0x18cf47b8
        6195000	       618	800017f4	01dcf233	and	x4,x25,x29	 x25:0x000007c0 x29:0xf9031f22  x4=0x00000700
        6205000	       619	800017f8	01158cb3	add	x25,x11,x17	 x11:0x18cf47b8 x17:0x0000023d x25=0x18cf49f5
        6215000	       620	800017fc	fb38c713	xori	x14,x17,-77	 x17:0x0000023d x14=0xfffffd8e
        6225000	       621	80001800	360aa313	slti	x6,x21,864	 x21:0x80009f64  x6=0x00000001
        6235000	       622	80001804	ffe00493	addi	x9,x0,-2	  x0:0x00000000  x9=0xfffffffe
        6245000	       623	80001808	00800213	addi	x4,x0,8	  x0:0x00000000  x4=0x00000008
        6255000	       624	8000180c	011a1833	sll	x16,x20,x17	 x20:0xffffffe7 x17:0x0000023d x16=0xe0000000
        6265000	       625	80001810	05000d13	addi	x26,x0,80	  x0:0x00000000 x26=0x00000050
        6275000	       626	80001814	00e9cd33	xor	x26,x19,x14	 x19:0x00000001 x14:0xfffffd8e x26=0xfffffd8f
        6285000	       627	80001818	009b9293	slli	x5,x23,0x9	 x23:0x1fcc2896  x5=0x98512c00
        6295000	       628	8000181c	00a48493	addi	x9,x9,10	  x9:0xfffffffe  x9=0x00000008
        6305000	       629	80001820	00400793	addi	x15,x0,4	  x0:0x00000000 x15=0x00000004
        6315000	       630	80001824	f3cabe13	sltiu	x28,x21,-196	 x21:0x80009f64 x28=0x00000001
        6325000	       631	80001828	00ebf993	andi	x19,x23,14	 x23:0x1fcc2896 x19=0x00000006
        6335000	       632	8000182c	014ed3b3	srl	x7,x29,x20	 x29:0xf9031f22 x20:0xffffffe7  x7=0x01f2063e
        6345000	       633	80001830	00a00f93	addi	x31,x0,10	  x0:0x00000000 x31=0x0000000a
        6355000	       634	80001834	39302593	slti	x11,x0,915	  x0:0x00000000 x11=0x00000001
        6365000	       635	80001838	00d47b33	and	x22,x8,x13	  x8:0x00000006 x13:0x00000000 x22=0x00000000
        6375000	       636	8000183c	00acab33	slt	x22,x25,x10	 x25:0x18cf49f5 x10:0xffffffff x22=0x00000000
        6385000	       637	80001840	00000013	addi	x0,x0,0	  x0:0x00000000
        6395000	       638	80001844	00678793	addi	x15,x15,6	 x15:0x00000004 x15=0x0000000a
        6405000	       639	80001848	01e941b3	xor	x3,x18,x30	 x18:0x00000002 x30:0x00000000  x3=0x00000002
        6415000	       640	8000184c	00de63b3	or	x7,x28,x13	 x28:0x00000001 x13:0x00000000  x7=0x00000001
        6425000	       641	80001850	414005b3	sub	x11,x0,x20	  x0:0x00000000 x20:0xffffffe7 x11=0x00000019
        6435000	       642	80001854	00000013	addi	x0,x0,0	  x0:0x00000000
        6445000	       643	80001858	fdf79ee3	bne	x15,x31,80001834	 x15:0x0000000a x31:0x0000000a
        6455000	       644	8000185c	da6ac613	xori	x12,x21,-602	 x21:0x80009f64 x12=0x7fff62c2
        6465000	       645	80001860	fa4498e3	bne	x9,x4,80001810	  x9:0x00000008  x4:0x00000008
        6475000	       646	80001864	aa863c93	sltiu	x25,x12,-1368	 x12:0x7fff62c2 x25=0x00000001
        6485000	       647	80001868	ed62c817	auipc	x16,0xed62c	 x16=0x6d62d864
        6495000	       648	8000186c	410e5693	srai	x13,x28,0x10	 x28:0x00000001 x13=0x00000000
        6505000	       649	80001870	0219fa63	bgeu	x19,x1,800018a4	 x19:0x00000006  x1:0xe00027f1
        6515000	       650	80001874	96d43393	sltiu	x7,x8,-1683	  x8:0x00000006  x7=0x00000001
        6525000	       651	80001878	913ee113	ori	x2,x29,-1773	 x29:0xf9031f22  x2=0xffffff33
        6535000	       652	8000187c	3819dfb7	lui	x31,0x3819d	 x31=0x3819d000
        6545000	       653	80001880	8994a393	slti	x7,x9,-1895	  x9:0x00000008  x7=0x00000000
        6555000	       654	80001884	60718213	addi	x4,x3,1543	  x3:0x00000002  x4=0x00000609
        6565000	       655	80001888	03a3de63	bge	x7,x26,800018c4	  x7:0x00000000 x26:0xfffffd8f
        6575000	       656	00000000	00000013	addi	x0,x0,0	  x0:0x00000000
        6585000	       657	800018c0	00000013	addi	x0,x0,0	  x0:0x00000000
        6595000	       658	800018c4	00ae4f33	xor	x30,x28,x10	 x28:0x00000001 x10:0xffffffff x30=0xfffffffe
        6605000	       659	800018c8	0c6abc13	sltiu	x24,x21,198	 x21:0x80009f64 x24=0x00000000
        6615000	       660	800018cc	01ae22b3	slt	x5,x28,x26	 x28:0x00000001 x26:0xfffffd8f  x5=0x00000000
        6625000	       661	800018d0	002dcd33	xor	x26,x27,x2	 x27:0x80009fc4  x2:0xffffff33 x26=0x7fff60f7
        6635000	       662	800018d4	ce52a093	slti	x1,x5,-795	  x5:0x00000000  x1=0x00000000
        6645000	       663	800018d8	5d7c7013	andi	x0,x24,1495	 x24:0x00000000
        6655000	       664	800018dc	0199e733	or	x14,x19,x25	 x19:0x00000006 x25:0x00000001 x14=0x00000007
        6665000	       665	800018e0	0225fa63	bgeu	x11,x2,80001914	 x11:0x00000019  x2:0xffffff33
        6675000	       666	800018e4	045ad863	bge	x21,x5,80001934	 x21:0x80009f64  x5:0x00000000
        6685000	       667	800018e8	0047de63	bge	x15,x4,80001904	 x15:0x0000000a  x4:0x00000609
        6695000	       668	800018ec	02830a63	beq	x6,x8,80001920	  x6:0x00000001  x8:0x00000006
        6705000	       669	800018f0	00d8e863	bltu	x17,x13,80001900	 x17:0x0000023d x13:0x00000000
        6715000	       670	800018f4	0199f7b3	and	x15,x19,x25	 x19:0x00000006 x25:0x00000001 x15=0x00000000
        6725000	       671	800018f8	0165c4b3	xor	x9,x11,x22	 x11:0x00000019 x22:0x00000000  x9=0x00000019
        6735000	       672	800018fc	004781b3	add	x3,x15,x4	 x15:0x00000000  x4:0x00000609  x3=0x00000609
        6745000	       673	80001900	00ed2a33	slt	x20,x26,x14	 x26:0x7fff60f7 x14:0x00000007 x20=0x00000000
        6755000	       674	80001904	028a0463	beq	x20,x8,8000192c	 x20:0x00000000  x8:0x00000006
        6765000	       675	80001908	01a02233	slt	x4,x0,x26	  x0:0x00000000 x26:0x7fff60f7  x4=0x00000001
        6775000	       676	8000190c	cb682793	slti	x15,x16,-842	 x16:0x6d62d864 x15=0x00000000
        6785000	       677	80001910	afc18813	addi	x16,x3,-1284	  x3:0x00000609 x16=0x00000105
        6795000	       678	80001914	00581193	slli	x3,x16,0x5	 x16:0x00000105  x3=0x000020a0
        6805000	       679	80001918	d8b97713	andi	x14,x18,-629	 x18:0x00000002 x14=0x00000002
        6815000	       680	8000191c	7c9a3997	auipc	x19,0x7c9a3	 x19=0xfc9a4918
        6825000	       681	80001920	09b78993	addi	x19,x15,155	 x15:0x00000000 x19=0x0000009b
        6835000	       682	80001924	00775133	srl	x2,x14,x7	 x14:0x00000002  x7:0x00000000  x2=0x00000002
        6845000	       683	80001928	00e0cd33	xor	x26,x1,x14	  x1:0x00000000 x14:0x00000002 x26=0x00000002
        6855000	       684	8000192c	3d7d8313	addi	x6,x27,983	 x27:0x80009fc4  x6=0x8000a39b
        6865000	       685	80001930	00695b13	srli	x22,x18,0x6	 x18:0x00000002 x22=0x00000000
        6875000	       686	80001934	013f6e63	bltu	x30,x19,80001950	 x30:0xfffffffe x19:0x0000009b
        6885000	       687	80001938	00dbb133	sltu	x2,x23,x13	 x23:0x1fcc2896 x13:0x00000000  x2=0x00000000
        6895000	       688	8000193c	01bcdf93	srli	x31,x25,0x1b	 x25:0x00000001 x31=0x00000000
        6905000	       689	80001940	00933733	sltu	x14,x6,x9	  x6:0x8000a39b  x9:0x00000019 x14=0x00000000
        6915000	       690	80001944	0080cf33	xor	x30,x1,x8	  x1:0x00000000  x8:0x00000006 x30=0x00000006
        6925000	       691	80001948	6c3e8837	lui	x16,0x6c3e8	 x16=0x6c3e8000
        6935000	       692	8000194c	00000013	addi	x0,x0,0	  x0:0x00000000
        6945000	       693	80001950	04e30463	beq	x6,x14,80001998	  x6:0x8000a39b x14:0x00000000
        6955000	       694	80001954	53448f37	lui	x30,0x53448	 x30=0x53448000
        6965000	       695	80001958	515bba13	sltiu	x20,x23,1301	 x23:0x1fcc2896 x20=0x00000000
        6975000	       696	8000195c	014d6833	or	x16,x26,x20	 x26:0x00000002 x20:0x00000000 x16=0x00000002
        6985000	       697	80001960	00f5e2b3	or	x5,x11,x15	 x11:0x00000019 x15:0x00000000  x5=0x00000019
        6995000	       698	80001964	03738863	beq	x7,x23,80001994	  x7:0x00000000 x23:0x1fcc2896
        7005000	       699	80001968	41375a13	srai	x20,x14,0x13	 x14:0x00000000 x20=0x00000000
        7015000	       700	8000196c	feba3093	sltiu	x1,x20,-21	 x20:0x00000000  x1=0x00000001
        7025000	       701	80001970	00dae833	or	x16,x21,x13	 x21:0x80009f64 x13:0x00000000 x16=0x80009f64
        7035000	       702	80001974	2bbf4113	xori	x2,x30,699	 x30:0x53448000  x2=0x534482bb
        7045000	       703	80001978	0284c863	blt	x9,x8,800019a8	  x9:0x00000019  x8:0x00000006
        7055000	       704	8000197c	00acb633	sltu	x12,x25,x10	 x25:0x00000001 x10:0xffffffff x12=0x00000001
        7065000	       705	80001980	025e0a63	beq	x28,x5,800019b4	 x28:0x00000001  x5:0x00000019
        7075000	       706	80001984	e033f893	andi	x17,x7,-509	  x7:0x00000000 x17=0x00000000
        7085000	       707	80001988	9ea0aa13	slti	x20,x1,-1558	  x1:0x00000001 x20=0x00000000
        7095000	       708	8000198c	01d024b3	slt	x9,x0,x29	  x0:0x00000000 x29:0xf9031f22  x9=0x00000000
        7105000	       709	80001990	02309c63	bne	x1,x3,800019c8	  x1:0x00000001  x3:0x000020a0
        7115000	       710	00000000	00000013	addi	x0,x0,0	  x0:0x00000000
        7125000	       711	800019c4	00000013	addi	x0,x0,0	  x0:0x00000000
        7135000	       712	800019c8	04091063	bne	x18,x0,80001a08	 x18:0x00000002  x0:0x00000000
        7145000	       713	00000000	00000013	addi	x0,x0,0	  x0:0x00000000
        7155000	       714	80001a04	00000013	addi	x0,x0,0	  x0:0x00000000
        7165000	       715	80001a08	000ae463	bltu	x21,x0,80001a10	 x21:0x80009f64  x0:0x00000000
        7175000	       716	80001a0c	00709813	slli	x16,x1,0x7	  x1:0x00000001 x16=0x00000080
        7185000	       717	80001a10	00d76a63	bltu	x14,x13,80001a24	 x14:0x00000000 x13:0x00000000
        7195000	       718	80001a14	01581263	bne	x16,x21,80001a18	 x16:0x00000080 x21:0x80009f64
        7205000	       719	00000000	00000013	addi	x0,x0,0	  x0:0x00000000
        7215000	       720	80001a14	00000013	addi	x0,x0,0	  x0:0x00000000
        7225000	       721	80001a18	b7337917	auipc	x18,0xb7337	 x18=0x37338a14
        7235000	       722	80001a1c	00724a63	blt	x4,x7,80001a30	  x4:0x00000001  x7:0x00000000
        7245000	       723	80001a20	01259633	sll	x12,x11,x18	 x11:0x00000019 x18:0x37338a14 x12=0x01900000
        7255000	       724	80001a24	019a06b3	add	x13,x20,x25	 x20:0x00000000 x25:0x00000001 x13=0x00000001
        7265000	       725	80001a28	14b70693	addi	x13,x14,331	 x14:0x00000000 x13=0x0000014b
        7275000	       726	80001a2c	32aece13	xori	x28,x29,810	 x29:0xf9031f22 x28=0xf9031c08
        7285000	       727	80001a30	02e37663	bgeu	x6,x14,80001a5c	  x6:0x8000a39b x14:0x00000000
        7295000	       728	00000000	00000013	addi	x0,x0,0	  x0:0x00000000
        7305000	       729	80001a58	00000013	addi	x0,x0,0	  x0:0x00000000
        7315000	       730	80001a5c	046b6863	bltu	x22,x6,80001aac	 x22:0x00000000  x6:0x8000a39b
        7325000	       731	00000000	00000013	addi	x0,x0,0	  x0:0x00000000
        7335000	       732	80001aa8	00000013	addi	x0,x0,0	  x0:0x00000000
        7345000	       733	80001aac	1e877713	andi	x14,x14,488	 x14:0x00000000 x14=0x00000000
        7355000	       734	80001ab0	9335b893	sltiu	x17,x11,-1741	 x11:0x00000019 x17=0x00000001
        7365000	       735	80001ab4	41d551b3	sra	x3,x10,x29	 x10:0xffffffff x29:0xf9031f22  x3=0xffffffff
        7375000	       736	80001ab8	01c79cb3	sll	x25,x15,x28	 x15:0x00000000 x28:0xf9031c08 x25=0x00000000
        7385000	       737	80001abc	41e20fb3	sub	x31,x4,x30	  x4:0x00000001 x30:0x53448000 x31=0xacbb8001
        7395000	       738	80001ac0	00271e13	slli	x28,x14,0x2	 x14:0x00000000 x28=0x00000000
        7405000	       739	80001ac4	00000013	addi	x0,x0,0	  x0:0x00000000
        7415000	       740	80001ac8	01775d13	srli	x26,x14,0x17	 x14:0x00000000 x26=0x00000000
        7425000	       741	80001acc	5875e413	ori	x8,x11,1415	 x11:0x00000019  x8=0x0000059f
        7435000	       742	80001ad0	b532a913	slti	x18,x5,-1197	  x5:0x00000019 x18=0x00000000
        7445000	       743	80001ad4	00bc2033	slt	x0,x24,x11	 x24:0x00000000 x11:0x00000019
        7455000	       744	80001ad8	008f46b3	xor	x13,x30,x8	 x30:0x53448000  x8:0x0000059f x13=0x5344859f
        7465000	       745	80001adc	013f1263	bne	x30,x19,80001ae0	 x30:0x53448000 x19:0x0000009b
        7475000	       746	00000000	00000013	addi	x0,x0,0	  x0:0x00000000
        7485000	       747	80001adc	00000013	addi	x0,x0,0	  x0:0x00000000
        7495000	       748	80001ae0	01edf5b3	and	x11,x27,x30	 x27:0x80009fc4 x30:0x53448000 x11=0x00008000
        7505000	       749	80001ae4	012de1b3	or	x3,x27,x18	 x27:0x80009fc4 x18:0x00000000  x3=0x80009fc4
        7515000	       750	80001ae8	2cd43f13	sltiu	x30,x8,717	  x8:0x0000059f x30=0x00000000
        7525000	       751	80001aec	38520513	addi	x10,x4,901	  x4:0x00000001 x10=0x00000386
        7535000	       752	80001af0	1686c993	xori	x19,x13,360	 x13:0x5344859f x19=0x534484f7
        7545000	       753	80001af4	20247513	andi	x10,x8,514	  x8:0x0000059f x10=0x00000002
        7555000	       754	80001af8	661b0393	addi	x7,x22,1633	 x22:0x00000000  x7=0x00000661
        7565000	       755	80001afc	01554e33	xor	x28,x10,x21	 x10:0x00000002 x21:0x80009f64 x28=0x80009f66
        7575000	       756	80001b00	8274f113	andi	x2,x9,-2009	  x9:0x00000000  x2=0x00000000
        7585000	       757	80001b04	01f76bb3	or	x23,x14,x31	 x14:0x00000000 x31:0xacbb8001 x23=0xacbb8001
        7595000	       758	80001b08	047de663	bltu	x27,x7,80001b54	 x27:0x80009fc4  x7:0x00000661
        7605000	       759	80001b0c	d4e80193	addi	x3,x16,-690	 x16:0x00000080  x3=0xfffffdce
        7615000	       760	80001b10	dd57b437	lui	x8,0xdd57b	  x8=0xdd57b000
        7625000	       761	80001b14	da577e17	auipc	x28,0xda577	 x28=0x5a578b10
        7635000	       762	80001b18	40dd0bb3	sub	x23,x26,x13	 x26:0x00000000 x13:0x5344859f x23=0xacbb7a61
        7645000	       763	80001b1c	016b5813	srli	x16,x22,0x16	 x22:0x00000000 x16=0x00000000
        7655000	       764	80001b20	40f8d433	sra	x8,x17,x15	 x17:0x00000001 x15:0x00000000  x8=0x00000001
        7665000	       765	80001b24	f3d3ad13	slti	x26,x7,-195	  x7:0x00000661 x26=0x00000000
        7675000	       766	80001b28	00000013	addi	x0,x0,0	  x0:0x00000000
        7685000	       767	80001b2c	ba2d0993	addi	x19,x26,-1118	 x26:0x00000000 x19=0xfffffba2
        7695000	       768	80001b30	01d59b33	sll	x22,x11,x29	 x11:0x00008000 x29:0xf9031f22 x22=0x00020000
        7705000	       769	80001b34	84bc8493	addi	x9,x25,-1973	 x25:0x00000000  x9=0xfffff84b
        7715000	       770	80001b38	001cd693	srli	x13,x25,0x1	 x25:0x00000000 x13=0x00000000
        7725000	       771	80001b3c	b3020217	auipc	x4,0xb3020	  x4=0x33021b38
        7735000	       772	80001b40	030b7863	bgeu	x22,x16,80001b70	 x22:0x00020000 x16:0x00000000
        7745000	       773	00000000	00000013	addi	x0,x0,0	  x0:0x00000000
        7755000	       774	80001b6c	00000013	addi	x0,x0,0	  x0:0x00000000
        7765000	       775	80001b70	69b37893	andi	x17,x6,1691	  x6:0x8000a39b x17=0x0000029b
        7775000	       776	80001b74	01c69463	bne	x13,x28,80001b7c	 x13:0x00000000 x28:0x5a578b10
        7785000	       777	00000000	00000013	addi	x0,x0,0	  x0:0x00000000
        7795000	       778	80001b78	00000013	addi	x0,x0,0	  x0:0x00000000
        7805000	       779	80001b7c	001da5b3	slt	x11,x27,x1	 x27:0x80009fc4  x1:0x00000001 x11=0x00000001
        7815000	       780	80001b80	017d7633	and	x12,x26,x23	 x26:0x00000000 x23:0xacbb7a61 x12=0x00000000
        7825000	       781	80001b84	401f56b3	sra	x13,x30,x1	 x30:0x00000000  x1:0x00000001 x13=0x00000000
        7835000	       782	80001b88	04244463	blt	x8,x2,80001bd0	  x8:0x00000001  x2:0x00000000
        7845000	       783	80001b8c	01408c63	beq	x1,x20,80001ba4	  x1:0x00000001 x20:0x00000000
        7855000	       784	80001b90	901b8393	addi	x7,x23,-1791	 x23:0xacbb7a61  x7=0xacbb7362
        7865000	       785	80001b94	6cc9c697	auipc	x13,0x6cc9c	 x13=0xecc9db90
        7875000	       786	80001b98	7f190813	addi	x16,x18,2033	 x18:0x00000000 x16=0x000007f1
        7885000	       787	80001b9c	01e9a6b3	slt	x13,x19,x30	 x19:0xfffffba2 x30:0x00000000 x13=0x00000001
        7895000	       788	80001ba0	006f9463	bne	x31,x6,80001ba8	 x31:0xacbb8001  x6:0x8000a39b
        7905000	       789	00000000	00000013	addi	x0,x0,0	  x0:0x00000000
        7915000	       790	80001ba4	00000013	addi	x0,x0,0	  x0:0x00000000
        7925000	       791	80001ba8	00000013	addi	x0,x0,0	  x0:0x00000000
        7935000	       792	80001bac	005fe333	or	x6,x31,x5	 x31:0xacbb8001  x5:0x00000019  x6=0xacbb8019
        7945000	       793	80001bb0	4107d733	sra	x14,x15,x16	 x15:0x00000000 x16:0x000007f1 x14=0x00000000
        7955000	       794	80001bb4	00000013	addi	x0,x0,0	  x0:0x00000000
        7965000	       795	80001bb8	c54b0997	auipc	x19,0xc54b0	 x19=0x454b1bb4
        7975000	       796	80001bbc	0377d663	bge	x15,x23,80001be8	 x15:0x00000000 x23:0xacbb7a61
        7985000	       797	00000000	00000013	addi	x0,x0,0	  x0:0x00000000
        7995000	       798	80001be4	00000013	addi	x0,x0,0	  x0:0x00000000
        8005000	       799	80001be8	23e42793	slti	x15,x8,574	  x8:0x00000001 x15=0x00000001
        8015000	       800	80001bec	04090063	beq	x18,x0,80001c2c	 x18:0x00000000  x0:0x00000000
        8025000	       801	00000000	00000013	addi	x0,x0,0	  x0:0x00000000
        8035000	       802	80001c28	00000013	addi	x0,x0,0	  x0:0x00000000
        8045000	       803	80001c2c	03e67863	bgeu	x12,x30,80001c5c	 x12:0x00000000 x30:0x00000000
        8055000	       804	00000000	00000013	addi	x0,x0,0	  x0:0x00000000
        8065000	       805	80001c58	00000013	addi	x0,x0,0	  x0:0x00000000
        8075000	       806	80001c5c	17163a13	sltiu	x20,x12,369	 x12:0x00000000 x20=0x00000001
        8085000	       807	80001c60	01829393	slli	x7,x5,0x18	  x5:0x00000019  x7=0x19000000
        8095000	       808	80001c64	da648f93	addi	x31,x9,-602	  x9:0xfffff84b x31=0xfffff5f1
        8105000	       809	80001c68	1b96b313	sltiu	x6,x13,441	 x13:0x00000001  x6=0x00000001
        8115000	       810	80001c6c	478f0113	addi	x2,x30,1144	 x30:0x00000000  x2=0x00000478
        8125000	       811	80001c70	050ac263	blt	x21,x16,80001cb4	 x21:0x80009f64 x16:0x000007f1
        8135000	       812	00000000	00000013	addi	x0,x0,0	  x0:0x00000000
        8145000	       813	80001cb0	00000013	addi	x0,x0,0	  x0:0x00000000
        8155000	       814	80001cb4	01650f33	add	x30,x10,x22	 x10:0x00000002 x22:0x00020000 x30=0x00020002
        8165000	       815	80001cb8	01e3e733	or	x14,x7,x30	  x7:0x19000000 x30:0x00020002 x14=0x19020002
        8175000	       816	80001cbc	01e9ce63	blt	x19,x30,80001cd8	 x19:0x454b1bb4 x30:0x00020002
        8185000	       817	80001cc0	415c5413	srai	x8,x24,0x15	 x24:0x00000000  x8=0x00000000
        8195000	       818	80001cc4	02ff9e63	bne	x31,x15,80001d00	 x31:0xfffff5f1 x15:0x00000001
        8205000	       819	00000000	00000013	addi	x0,x0,0	  x0:0x00000000
        8215000	       820	80001cfc	00000013	addi	x0,x0,0	  x0:0x00000000
        8225000	       821	80001d00	014e4263	blt	x28,x20,80001d04	 x28:0x5a578b10 x20:0x00000001
        8235000	       822	80001d04	0152a9b3	slt	x19,x5,x21	  x5:0x00000019 x21:0x80009f64 x19=0x00000000
        8245000	       823	80001d08	0195ed33	or	x26,x11,x25	 x11:0x00000001 x25:0x00000000 x26=0x00000001
        8255000	       824	80001d0c	00000013	addi	x0,x0,0	  x0:0x00000000
        8265000	       825	80001d10	01ebe1b3	or	x3,x23,x30	 x23:0xacbb7a61 x30:0x00020002  x3=0xacbb7a63
        8275000	       826	80001d14	01a37333	and	x6,x6,x26	  x6:0x00000001 x26:0x00000001  x6=0x00000001
        8285000	       827	80001d18	01a31c13	slli	x24,x6,0x1a	  x6:0x00000001 x24=0x04000000
        8295000	       828	80001d1c	d3f15b17	auipc	x22,0xd3f15	 x22=0x53f16d18
        8305000	       829	80001d20	01099c13	slli	x24,x19,0x10	 x19:0x00000000 x24=0x00000000
        8315000	       830	80001d24	12f2f813	andi	x16,x5,303	  x5:0x00000019 x16=0x00000009
        8325000	       831	80001d28	01c275b3	and	x11,x4,x28	  x4:0x33021b38 x28:0x5a578b10 x11=0x12020b10
        8335000	       832	80001d2c	0434f063	bgeu	x9,x3,80001d6c	  x9:0xfffff84b  x3:0xacbb7a63
        8345000	       833	00000000	00000013	addi	x0,x0,0	  x0:0x00000000
        8355000	       834	80001d68	00000013	addi	x0,x0,0	  x0:0x00000000
        8365000	       835	80001d6c	d7f12293	slti	x5,x2,-641	  x2:0x00000478  x5=0x00000000
        8375000	       836	80001d70	0260de63	bge	x1,x6,80001dac	  x1:0x00000001  x6:0x00000001
        8385000	       837	00000000	00000013	addi	x0,x0,0	  x0:0x00000000
        8395000	       838	80001da8	00000013	addi	x0,x0,0	  x0:0x00000000
        8405000	       839	80001dac	00661433	sll	x8,x12,x6	 x12:0x00000000  x6:0x00000001  x8=0x00000000
        8415000	       840	80001db0	03b6fc63	bgeu	x13,x27,80001de8	 x13:0x00000001 x27:0x80009fc4
        8425000	       841	80001db4	01eb1493	slli	x9,x22,0x1e	 x22:0x53f16d18  x9=0x00000000
        8435000	       842	80001db8	01a90fb3	add	x31,x18,x26	 x18:0x00000000 x26:0x00000001 x31=0x00000001
        8445000	       843	80001dbc	007bda63	bge	x23,x7,80001dd0	 x23:0xacbb7a61  x7:0x19000000
        8455000	       844	80001dc0	03f35463	bge	x6,x31,80001de8	  x6:0x00000001 x31:0x00000001
        8465000	       845	00000000	00000013	addi	x0,x0,0	  x0:0x00000000
        8475000	       846	80001de4	00000013	addi	x0,x0,0	  x0:0x00000000
        8485000	       847	80001de8	0aa84463	blt	x16,x10,80001e90	 x16:0x00000009 x10:0x00000002
        8495000	       848	80001dec	018cfd33	and	x26,x25,x24	 x25:0x00000000 x24:0x00000000 x26=0x00000000
        8505000	       849	80001df0	019bd993	srli	x19,x23,0x19	 x23:0xacbb7a61 x19=0x00000056
        8515000	       850	80001df4	81dff397	auipc	x7,0x81dff	  x7=0x01e00df0
        8525000	       851	80001df8	18938213	addi	x4,x7,393	  x7:0x01e00df0  x4=0x01e00f79
        8535000	       852	80001dfc	01eb9a33	sll	x20,x23,x30	 x23:0xacbb7a61 x30:0x00020002 x20=0xb2ede984
        8545000	       853	80001e00	0b067463	bgeu	x12,x16,80001ea8	 x12:0x00000000 x16:0x00000009
        8555000	       854	80001e04	0be85063	bge	x16,x30,80001ea4	 x16:0x00000009 x30:0x00020002
        8565000	       855	80001e08	37777893	andi	x17,x14,887	 x14:0x19020002 x17=0x00000002
        8575000	       856	80001e0c	0143d933	srl	x18,x7,x20	  x7:0x01e00df0 x20:0xb2ede984 x18=0x001e00df
        8585000	       857	80001e10	41075d13	srai	x26,x14,0x10	 x14:0x19020002 x26=0x00001902
        8595000	       858	80001e14	ff800113	addi	x2,x0,-8	  x0:0x00000000  x2=0xfffffff8
        8605000	       859	80001e18	e10abf37	lui	x30,0xe10ab	 x30=0xe10ab000
        8615000	       860	80001e1c	001ed913	srli	x18,x29,0x1	 x29:0xf9031f22 x18=0x7c818f91
        8625000	       861	80001e20	40890433	sub	x8,x18,x8	 x18:0x7c818f91  x8:0x00000000  x8=0x7c818f91
        8635000	       862	80001e24	00a50f33	add	x30,x10,x10	 x10:0x00000002 x10:0x00000002 x30=0x00000004
        8645000	       863	80001e28	87a1f697	auipc	x13,0x87a1f	 x13=0x07a20e24
        8655000	       864	80001e2c	014e5533	srl	x10,x28,x20	 x28:0x5a578b10 x20:0xb2ede984 x10=0x05a578b1
        8665000	       865	80001e30	002576b3	and	x13,x10,x2	 x10:0x05a578b1  x2:0xfffffff8 x13=0x05a578b0
        8675000	       866	80001e34	00915b93	srli	x23,x2,0x9	  x2:0xfffffff8 x23=0x007fffff
        8685000	       867	80001e38	418fd7b3	sra	x15,x31,x24	 x31:0x00000001 x24:0x00000000 x15=0x00000001
        8695000	       868	80001e3c	41a0dc13	srai	x24,x1,0x1a	  x1:0x00000001 x24=0x00000000
        8705000	       869	80001e40	ff100593	addi	x11,x0,-15	  x0:0x00000000 x11=0xfffffff1
        8715000	       870	80001e44	01254b33	xor	x22,x10,x18	 x10:0x05a578b1 x18:0x7c818f91 x22=0x7924f720
        8725000	       871	80001e48	0031a6b3	slt	x13,x3,x3	  x3:0xacbb7a63  x3:0xacbb7a63 x13=0x00000000
        8735000	       872	80001e4c	9058c313	xori	x6,x17,-1787	 x17:0x00000002  x6=0xfffff907
        8745000	       873	80001e50	41b58433	sub	x8,x11,x27	 x11:0xfffffff1 x27:0x80009fc4  x8=0x7fff602d
        8755000	       874	80001e54	010efe33	and	x28,x29,x16	 x29:0xf9031f22 x16:0x00000009 x28=0x00000000
        8765000	       875	80001e58	39e86093	ori	x1,x16,926	 x16:0x00000009  x1=0x0000039f
        8775000	       876	80001e5c	fbb16d13	ori	x26,x2,-69	  x2:0xfffffff8 x26=0xfffffffb
        8785000	       877	80001e60	01c528b3	slt	x17,x10,x28	 x10:0x05a578b1 x28:0x00000000 x17=0x00000000
        8795000	       878	80001e64	41205d13	srai	x26,x0,0x12	  x0:0x00000000 x26=0x00000000
        8805000	       879	80001e68	018c66b3	or	x13,x24,x24	 x24:0x00000000 x24:0x00000000 x13=0x00000000
        8815000	       880	80001e6c	01b79713	slli	x14,x15,0x1b	 x15:0x00000001 x14=0x08000000
        8825000	       881	80001e70	ffe10113	addi	x2,x2,-2	  x2:0xfffffff8  x2=0xfffffff6
        8835000	       882	80001e74	40985993	srai	x19,x16,0x9	 x16:0x00000009 x19=0x00000000
        8845000	       883	80001e78	01a80933	add	x18,x16,x26	 x16:0x00000009 x26:0x00000000 x18=0x00000009
        8855000	       884	80001e7c	41fb5493	srai	x9,x22,0x1f	 x22:0x7924f720  x9=0x00000000
        8865000	       885	80001e80	fcb154e3	bge	x2,x11,80001e48	  x2:0xfffffff6 x11:0xfffffff1
        8875000	       886	00000000	00000013	addi	x0,x0,0	  x0:0x00000000
        8885000	       887	80001e44	00000013	addi	x0,x0,0	  x0:0x00000000
        8895000	       888	80001e48	0031a6b3	slt	x13,x3,x3	  x3:0xacbb7a63  x3:0xacbb7a63 x13=0x00000000
        8905000	       889	80001e4c	9058c313	xori	x6,x17,-1787	 x17:0x00000000  x6=0xfffff905
        8915000	       890	80001e50	41b58433	sub	x8,x11,x27	 x11:0xfffffff1 x27:0x80009fc4  x8=0x7fff602d
        8925000	       891	80001e54	010efe33	and	x28,x29,x16	 x29:0xf9031f22 x16:0x00000009 x28=0x00000000
        8935000	       892	80001e58	39e86093	ori	x1,x16,926	 x16:0x00000009  x1=0x0000039f
        8945000	       893	80001e5c	fbb16d13	ori	x26,x2,-69	  x2:0xfffffff6 x26=0xffffffff
        8955000	       894	80001e60	01c528b3	slt	x17,x10,x28	 x10:0x05a578b1 x28:0x00000000 x17=0x00000000
        8965000	       895	80001e64	41205d13	srai	x26,x0,0x12	  x0:0x00000000 x26=0x00000000
        8975000	       896	80001e68	018c66b3	or	x13,x24,x24	 x24:0x00000000 x24:0x00000000 x13=0x00000000
        8985000	       897	80001e6c	01b79713	slli	x14,x15,0x1b	 x15:0x00000001 x14=0x08000000
        8995000	       898	80001e70	ffe10113	addi	x2,x2,-2	  x2:0xfffffff6  x2=0xfffffff4
        9005000	       899	80001e74	40985993	srai	x19,x16,0x9	 x16:0x00000009 x19=0x00000000
        9015000	       900	80001e78	01a80933	add	x18,x16,x26	 x16:0x00000009 x26:0x00000000 x18=0x00000009
        9025000	       901	80001e7c	41fb5493	srai	x9,x22,0x1f	 x22:0x7924f720  x9=0x00000000
        9035000	       902	80001e80	fcb154e3	bge	x2,x11,80001e48	  x2:0xfffffff4 x11:0xfffffff1
        9045000	       903	00000000	00000013	addi	x0,x0,0	  x0:0x00000000
        9055000	       904	80001e44	00000013	addi	x0,x0,0	  x0:0x00000000
        9065000	       905	80001e48	0031a6b3	slt	x13,x3,x3	  x3:0xacbb7a63  x3:0xacbb7a63 x13=0x00000000
        9075000	       906	80001e4c	9058c313	xori	x6,x17,-1787	 x17:0x00000000  x6=0xfffff905
        9085000	       907	80001e50	41b58433	sub	x8,x11,x27	 x11:0xfffffff1 x27:0x80009fc4  x8=0x7fff602d
        9095000	       908	80001e54	010efe33	and	x28,x29,x16	 x29:0xf9031f22 x16:0x00000009 x28=0x00000000
        9105000	       909	80001e58	39e86093	ori	x1,x16,926	 x16:0x00000009  x1=0x0000039f
        9115000	       910	80001e5c	fbb16d13	ori	x26,x2,-69	  x2:0xfffffff4 x26=0xffffffff
        9125000	       911	80001e60	01c528b3	slt	x17,x10,x28	 x10:0x05a578b1 x28:0x00000000 x17=0x00000000
        9135000	       912	80001e64	41205d13	srai	x26,x0,0x12	  x0:0x00000000 x26=0x00000000
        9145000	       913	80001e68	018c66b3	or	x13,x24,x24	 x24:0x00000000 x24:0x00000000 x13=0x00000000
        9155000	       914	80001e6c	01b79713	slli	x14,x15,0x1b	 x15:0x00000001 x14=0x08000000
        9165000	       915	80001e70	ffe10113	addi	x2,x2,-2	  x2:0xfffffff4  x2=0xfffffff2
        9175000	       916	80001e74	40985993	srai	x19,x16,0x9	 x16:0x00000009 x19=0x00000000
        9185000	       917	80001e78	01a80933	add	x18,x16,x26	 x16:0x00000009 x26:0x00000000 x18=0x00000009
        9195000	       918	80001e7c	41fb5493	srai	x9,x22,0x1f	 x22:0x7924f720  x9=0x00000000
        9205000	       919	80001e80	fcb154e3	bge	x2,x11,80001e48	  x2:0xfffffff2 x11:0xfffffff1
        9215000	       920	00000000	00000013	addi	x0,x0,0	  x0:0x00000000
        9225000	       921	80001e44	00000013	addi	x0,x0,0	  x0:0x00000000
        9235000	       922	80001e48	0031a6b3	slt	x13,x3,x3	  x3:0xacbb7a63  x3:0xacbb7a63 x13=0x00000000
        9245000	       923	80001e4c	9058c313	xori	x6,x17,-1787	 x17:0x00000000  x6=0xfffff905
        9255000	       924	80001e50	41b58433	sub	x8,x11,x27	 x11:0xfffffff1 x27:0x80009fc4  x8=0x7fff602d
        9265000	       925	80001e54	010efe33	and	x28,x29,x16	 x29:0xf9031f22 x16:0x00000009 x28=0x00000000
        9275000	       926	80001e58	39e86093	ori	x1,x16,926	 x16:0x00000009  x1=0x0000039f
        9285000	       927	80001e5c	fbb16d13	ori	x26,x2,-69	  x2:0xfffffff2 x26=0xfffffffb
        9295000	       928	80001e60	01c528b3	slt	x17,x10,x28	 x10:0x05a578b1 x28:0x00000000 x17=0x00000000
        9305000	       929	80001e64	41205d13	srai	x26,x0,0x12	  x0:0x00000000 x26=0x00000000
        9315000	       930	80001e68	018c66b3	or	x13,x24,x24	 x24:0x00000000 x24:0x00000000 x13=0x00000000
        9325000	       931	80001e6c	01b79713	slli	x14,x15,0x1b	 x15:0x00000001 x14=0x08000000
        9335000	       932	80001e70	ffe10113	addi	x2,x2,-2	  x2:0xfffffff2  x2=0xfffffff0
        9345000	       933	80001e74	40985993	srai	x19,x16,0x9	 x16:0x00000009 x19=0x00000000
        9355000	       934	80001e78	01a80933	add	x18,x16,x26	 x16:0x00000009 x26:0x00000000 x18=0x00000009
        9365000	       935	80001e7c	41fb5493	srai	x9,x22,0x1f	 x22:0x7924f720  x9=0x00000000
        9375000	       936	80001e80	fcb154e3	bge	x2,x11,80001e48	  x2:0xfffffff0 x11:0xfffffff1
        9385000	       937	80001e84	00086e33	or	x28,x16,x0	 x16:0x00000009  x0:0x00000000 x28=0x00000009
        9395000	       938	80001e88	5b0aed13	ori	x26,x21,1456	 x21:0x80009f64 x26=0x80009ff4
        9405000	       939	80001e8c	01cf53b3	srl	x7,x30,x28	 x30:0x00000004 x28:0x00000009  x7=0x00000000
        9415000	       940	80001e90	d165c937	lui	x18,0xd165c	 x18=0xd165c000
        9425000	       941	80001e94	e741fb93	andi	x23,x3,-396	  x3:0xacbb7a63 x23=0xacbb7a60
        9435000	       942	80001e98	b1fb2e13	slti	x28,x22,-1249	 x22:0x7924f720 x28=0x00000000
        9445000	       943	80001e9c	0178c463	blt	x17,x23,80001ea4	 x17:0x00000000 x23:0xacbb7a60
        9455000	       944	80001ea0	00c65813	srli	x16,x12,0xc	 x12:0x00000000 x16=0x00000000
        9465000	       945	80001ea4	00dba333	slt	x6,x23,x13	 x23:0xacbb7a60 x13:0x00000000  x6=0x00000001
        9475000	       946	80001ea8	00f51a13	slli	x20,x10,0xf	 x10:0x05a578b1 x20=0xbc588000
        9485000	       947	80001eac	e7187d13	andi	x26,x16,-399	 x16:0x00000000 x26=0x00000000
        9495000	       948	80001eb0	01bf79b3	and	x19,x30,x27	 x30:0x00000004 x27:0x80009fc4 x19=0x00000004
        9505000	       949	80001eb4	00773bb3	sltu	x23,x14,x7	 x14:0x08000000  x7:0x00000000 x23=0x00000000
        9515000	       950	80001eb8	a4f7e597	auipc	x11,0xa4f7e	 x11=0x24f7feb4
        9525000	       951	80001ebc	0173d233	srl	x4,x7,x23	  x7:0x00000000 x23:0x00000000  x4=0x00000000
        9535000	       952	80001ec0	723be817	auipc	x16,0x723be	 x16=0xf23bfebc
        9545000	       953	80001ec4	01b76e63	bltu	x14,x27,80001ee0	 x14:0x08000000 x27:0x80009fc4
        9555000	       954	00000000	00000013	addi	x0,x0,0	  x0:0x00000000
        9565000	       955	80001edc	00000013	addi	x0,x0,0	  x0:0x00000000
        9575000	       956	80001ee0	011a9513	slli	x10,x21,0x11	 x21:0x80009f64 x10=0x3ec80000
        9585000	       957	80001ee4	018164b3	or	x9,x2,x24	  x2:0xfffffff0 x24:0x00000000  x9=0xfffffff0
        9595000	       958	80001ee8	41010b37	lui	x22,0x41010	 x22=0x41010000
        9605000	       959	80001eec	00fd1993	slli	x19,x26,0xf	 x26:0x00000000 x19=0x00000000
        9615000	       960	80001ef0	c82e7393	andi	x7,x28,-894	 x28:0x00000000  x7=0x00000000
        9625000	       961	80001ef4	046c5863	bge	x24,x6,80001f44	 x24:0x00000000  x6:0x00000001
        9635000	       962	80001ef8	00ecd013	srli	x0,x25,0xe	 x25:0x00000000
        9645000	       963	80001efc	005b7933	and	x18,x22,x5	 x22:0x41010000  x5:0x00000000 x18=0x00000000
        9655000	       964	80001f00	40fcd433	sra	x8,x25,x15	 x25:0x00000000 x15:0x00000001  x8=0x00000000
        9665000	       965	80001f04	08bc7593	andi	x11,x24,139	 x24:0x00000000 x11=0x00000000
        9675000	       966	80001f08	94500293	addi	x5,x0,-1723	  x0:0x00000000  x5=0xfffff945
        9685000	       967	80001f0c	037cc663	blt	x25,x23,80001f38	 x25:0x00000000 x23:0x00000000
        9695000	       968	80001f10	1db6c513	xori	x10,x13,475	 x13:0x00000000 x10=0x000001db
        9705000	       969	80001f14	403f5f33	sra	x30,x30,x3	 x30:0x00000004  x3:0xacbb7a63 x30=0x00000000
        9715000	       970	80001f18	445db893	sltiu	x17,x27,1093	 x27:0x80009fc4 x17=0x00000000
        9725000	       971	80001f1c	01b2e433	or	x8,x5,x27	  x5:0xfffff945 x27:0x80009fc4  x8=0xffffffc5
        9735000	       972	80001f20	01d56233	or	x4,x10,x29	 x10:0x000001db x29:0xf9031f22  x4=0xf9031ffb
        9745000	       973	80001f24	41155813	srai	x16,x10,0x11	 x10:0x000001db x16=0x00000000
        9755000	       974	80001f28	011320b3	slt	x1,x6,x17	  x6:0x00000001 x17:0x00000000  x1=0x00000000
        9765000	       975	80001f2c	7905df37	lui	x30,0x7905d	 x30=0x7905d000
        9775000	       976	80001f30	2805ec97	auipc	x25,0x2805e	 x25=0xa805ff2c
        9785000	       977	80001f34	00a8b133	sltu	x2,x17,x10	 x17:0x00000000 x10:0x000001db  x2=0x00000001
        9795000	       978	80001f38	a8c2fb13	andi	x22,x5,-1396	  x5:0xfffff945 x22=0xfffff804
        9805000	       979	80001f3c	01829093	slli	x1,x5,0x18	  x5:0xfffff945  x1=0x45000000
        9815000	       980	80001f40	00000013	addi	x0,x0,0	  x0:0x00000000
        9825000	       981	80001f44	0b0e1c63	bne	x28,x16,80001ffc	 x28:0x00000000 x16:0x00000000
        9835000	       982	80001f48	01529a63	bne	x5,x21,80001f5c	  x5:0xfffff945 x21:0x80009f64
        9845000	       983	00000000	00000013	addi	x0,x0,0	  x0:0x00000000
        9855000	       984	80001f58	00000013	addi	x0,x0,0	  x0:0x00000000
        9865000	       985	80001f5c	09f87e63	bgeu	x16,x31,80001ff8	 x16:0x00000000 x31:0x00000001
        9875000	       986	80001f60	00cd91b3	sll	x3,x27,x12	 x27:0x80009fc4 x12:0x00000000  x3=0x80009fc4
        9885000	       987	80001f64	01ce8233	add	x4,x29,x28	 x29:0xf9031f22 x28:0x00000000  x4=0xf9031f22
        9895000	       988	80001f68	00e95193	srli	x3,x18,0xe	 x18:0x00000000  x3=0x00000000
        9905000	       989	80001f6c	00bd0633	add	x12,x26,x11	 x26:0x00000000 x11:0x00000000 x12=0x00000000
        9915000	       990	80001f70	01c01833	sll	x16,x0,x28	  x0:0x00000000 x28:0x00000000 x16=0x00000000
        9925000	       991	80001f74	00ef1693	slli	x13,x30,0xe	 x30:0x7905d000 x13=0x74000000
        9935000	       992	80001f78	017e3733	sltu	x14,x28,x23	 x28:0x00000000 x23:0x00000000 x14=0x00000000
        9945000	       993	80001f7c	0b057063	bgeu	x10,x16,8000201c	 x10:0x000001db x16:0x00000000
        9955000	       994	00000000	00000013	addi	x0,x0,0	  x0:0x00000000
        9965000	       995	80002018	00000013	addi	x0,x0,0	  x0:0x00000000
        9975000	       996	8000201c	03ce1463	bne	x28,x28,80002044	 x28:0x00000000 x28:0x00000000
        9985000	       997	80002020	01bafa33	and	x20,x21,x27	 x21:0x80009f64 x27:0x80009fc4 x20=0x80009f44
        9995000	       998	80002024	000054b3	srl	x9,x0,x0	  x0:0x00000000  x0:0x00000000  x9=0x00000000
       10005000	       999	80002028	000d02b3	add	x5,x26,x0	 x26:0x00000000  x0:0x00000000  x5=0x00000000
       10015000	      1000	8000202c	00048263	beq	x9,x0,80002030	  x9:0x00000000  x0:0x00000000
       10025000	      1001	00000000	00000013	addi	x0,x0,0	  x0:0x00000000
       10035000	      1002	8000202c	00000013	addi	x0,x0,0	  x0:0x00000000
       10045000	      1003	80002030	013d36b3	sltu	x13,x26,x19	 x26:0x00000000 x19:0x00000000 x13=0x00000000
       10055000	      1004	80002034	01f7d8b3	srl	x17,x15,x31	 x15:0x00000001 x31:0x00000001 x17=0x00000000
       10065000	      1005	80002038	004c8c63	beq	x25,x4,80002050	 x25:0xa805ff2c  x4:0xf9031f22
       10075000	      1006	8000203c	02f6e863	bltu	x13,x15,8000206c	 x13:0x00000000 x15:0x00000001
       10085000	      1007	00000000	00000013	addi	x0,x0,0	  x0:0x00000000
       10095000	      1008	80002068	00000013	addi	x0,x0,0	  x0:0x00000000
       10105000	      1009	8000206c	008c5333	srl	x6,x24,x8	 x24:0x00000000  x8:0xffffffc5  x6=0x00000000
       10115000	      1010	80002070	7cc20293	addi	x5,x4,1996	  x4:0xf9031f22  x5=0xf90326ee
       10125000	      1011	80002074	0724e297	auipc	x5,0x724e	  x5=0x87250070
       10135000	      1012	80002078	00ee1833	sll	x16,x28,x14	 x28:0x00000000 x14:0x00000000 x16=0x00000000
       10145000	      1013	8000207c	58b6ca13	xori	x20,x13,1419	 x13:0x00000000 x20=0x0000058b
       10155000	      1014	80002080	00237833	and	x16,x6,x2	  x6:0x00000000  x2:0x00000001 x16=0x00000000
       10165000	      1015	80002084	0369d663	bge	x19,x22,800020b0	 x19:0x00000000 x22:0xfffff804
       10175000	      1016	00000000	00000013	addi	x0,x0,0	  x0:0x00000000
       10185000	      1017	800020ac	00000013	addi	x0,x0,0	  x0:0x00000000
       10195000	      1018	800020b0	010e0a63	beq	x28,x16,800020c4	 x28:0x00000000 x16:0x00000000
       10205000	      1019	00000000	00000013	addi	x0,x0,0	  x0:0x00000000
       10215000	      1020	800020c0	00000013	addi	x0,x0,0	  x0:0x00000000
       10225000	      1021	800020c4	56ffe513	ori	x10,x31,1391	 x31:0x00000001 x10=0x0000056f
       10235000	      1022	800020c8	41505213	srai	x4,x0,0x15	  x0:0x00000000  x4=0x00000000
       10245000	      1023	800020cc	00195193	srli	x3,x18,0x1	 x18:0x00000000  x3=0x00000000
       10255000	      1024	800020d0	01a31f33	sll	x30,x6,x26	  x6:0x00000000 x26:0x00000000 x30=0x00000000
       10265000	      1025	800020d4	58d24f13	xori	x30,x4,1421	  x4:0x00000000 x30=0x0000058d
       10275000	      1026	800020d8	4a3a8d17	auipc	x26,0x4a3a8	 x26=0xca3aa0d4
       10285000	      1027	800020dc	dd0ecd13	xori	x26,x29,-560	 x29:0xf9031f22 x26=0x06fce2f2
       10295000	      1028	800020e0	cfd33493	sltiu	x9,x6,-771	  x6:0x00000000  x9=0x00000001
       10305000	      1029	800020e4	41e55393	srai	x7,x10,0x1e	 x10:0x0000056f  x7=0x00000000
       10315000	      1030	800020e8	030c7a63	bgeu	x24,x16,8000211c	 x24:0x00000000 x16:0x00000000
       10325000	      1031	00000000	00000013	addi	x0,x0,0	  x0:0x00000000
       10335000	      1032	80002118	00000013	addi	x0,x0,0	  x0:0x00000000
       10345000	      1033	8000211c	3e4f8617	auipc	x12,0x3e4f8	 x12=0xbe4fa118
       10355000	      1034	80002120	003ba333	slt	x6,x23,x3	 x23:0x00000000  x3:0x00000000  x6=0x00000000
       10365000	      1035	80002124	00000013	addi	x0,x0,0	  x0:0x00000000
       10375000	      1036	80002128	41d80133	sub	x2,x16,x29	 x16:0x00000000 x29:0xf9031f22  x2=0x06fce0de
       10385000	      1037	8000212c	b4393d13	sltiu	x26,x18,-1213	 x18:0x00000000 x26=0x00000001
       10395000	      1038	80002130	01e104b3	add	x9,x2,x30	  x2:0x06fce0de x30:0x0000058d  x9=0x06fce66b
       10405000	      1039	80002134	f3aee213	ori	x4,x29,-198	 x29:0xf9031f22  x4=0xffffff3a
       10415000	      1040	80002138	00e3f5b3	and	x11,x7,x14	  x7:0x00000000 x14:0x00000000 x11=0x00000000
       10425000	      1041	8000213c	41e1d713	srai	x14,x3,0x1e	  x3:0x00000000 x14=0x00000000
       10435000	      1042	80002140	00000013	addi	x0,x0,0	  x0:0x00000000
       10445000	      1043	80002144	005a1d13	slli	x26,x20,0x5	 x20:0x0000058b x26=0x0000b160
       10455000	      1044	80002148	014a5113	srli	x2,x20,0x14	 x20:0x0000058b  x2=0x00000000
       10465000	      1045	8000214c	00231033	sll	x0,x6,x2	  x6:0x00000000  x2:0x00000000
       10475000	      1046	80002150	eb7f8513	addi	x10,x31,-329	 x31:0x00000001 x10=0xfffffeb8
       10485000	      1047	80002154	33a60c13	addi	x24,x12,826	 x12:0xbe4fa118 x24=0xbe4fa452
       10495000	      1048	80002158	550c3cb7	lui	x25,0x550c3	 x25=0x550c3000
       10505000	      1049	8000215c	00fa53b3	srl	x7,x20,x15	 x20:0x0000058b x15:0x00000001  x7=0x000002c5
       10515000	      1050	80002160	013985b3	add	x11,x19,x19	 x19:0x00000000 x19:0x00000000 x11=0x00000000
       10525000	      1051	80002164	4107d213	srai	x4,x15,0x10	 x15:0x00000001  x4=0x00000000
       10535000	      1052	80002168	2afc02b7	lui	x5,0x2afc0	  x5=0x2afc0000
       10545000	      1053	8000216c	ae947513	andi	x10,x8,-1303	  x8:0xffffffc5 x10=0xfffffac1
       10555000	      1054	80002170	006912b3	sll	x5,x18,x6	 x18:0x00000000  x6:0x00000000  x5=0x00000000
       10565000	      1055	80002174	04977463	bgeu	x14,x9,800021bc	 x14:0x00000000  x9:0x06fce66b
       10575000	      1056	80002178	41aed813	srai	x16,x29,0x1a	 x29:0xf9031f22 x16=0xfffffffe
       10585000	      1057	8000217c	011f2cb3	slt	x25,x30,x17	 x30:0x0000058d x17:0x00000000 x25=0x00000000
       10595000	      1058	80002180	abafbf13	sltiu	x30,x31,-1350	 x31:0x00000001 x30=0x00000001
       10605000	      1059	80002184	410c80b3	sub	x1,x25,x16	 x25:0x00000000 x16:0xfffffffe  x1=0x00000002
       10615000	      1060	80002188	415fdf93	srai	x31,x31,0x15	 x31:0x00000001 x31=0x00000000
       10625000	      1061	8000218c	f2664813	xori	x16,x12,-218	 x12:0xbe4fa118 x16=0x41b05e3e
       10635000	      1062	80002190	4ce63993	sltiu	x19,x12,1230	 x12:0xbe4fa118 x19=0x00000000
       10645000	      1063	80002194	02c50e63	beq	x10,x12,800021d0	 x10:0xfffffac1 x12:0xbe4fa118
       10655000	      1064	80002198	e9a7b893	sltiu	x17,x15,-358	 x15:0x00000001 x17=0x00000001
       10665000	      1065	8000219c	14ee8697	auipc	x13,0x14ee8	 x13=0x94eea198
       10675000	      1066	800021a0	014c8fb3	add	x31,x25,x20	 x25:0x00000000 x20:0x0000058b x31=0x0000058b
       10685000	      1067	800021a4	5720a693	slti	x13,x1,1394	  x1:0x00000002 x13=0x00000001
       10695000	      1068	800021a8	946a8613	addi	x12,x21,-1722	 x21:0x80009f64 x12=0x800098aa
       10705000	      1069	800021ac	0065c863	blt	x11,x6,800021bc	 x11:0x00000000  x6:0x00000000
       10715000	      1070	800021b0	0ce2f093	andi	x1,x5,206	  x5:0x00000000  x1=0x00000000
       10725000	      1071	800021b4	64ddc813	xori	x16,x27,1613	 x27:0x80009fc4 x16=0x80009989
       10735000	      1072	800021b8	00715a63	bge	x2,x7,800021cc	  x2:0x00000000  x7:0x000002c5
       10745000	      1073	800021bc	cb309f97	auipc	x31,0xcb309	 x31=0x4b30b1b8
       10755000	      1074	800021c0	0bdf7463	bgeu	x30,x29,80002268	 x30:0x00000001 x29:0xf9031f22
       10765000	      1075	800021c4	00000013	addi	x0,x0,0	  x0:0x00000000
       10775000	      1076	800021c8	2e158397	auipc	x7,0x2e158	  x7=0xae15a1c4
       10785000	      1077	800021cc	411dd913	srai	x18,x27,0x11	 x27:0x80009fc4 x18=0xffffc000
       10795000	      1078	800021d0	81b3c993	xori	x19,x7,-2021	  x7:0xae15a1c4 x19=0x51ea59df
       10805000	      1079	800021d4	ff600713	addi	x14,x0,-10	  x0:0x00000000 x14=0xfffffff6
       10815000	      1080	800021d8	01000593	addi	x11,x0,16	  x0:0x00000000 x11=0x00000010
       10825000	      1081	800021dc	28febc13	sltiu	x24,x29,655	 x29:0xf9031f22 x24=0x00000000
       10835000	      1082	800021e0	00170713	addi	x14,x14,1	 x14:0xfffffff6 x14=0xfffffff7
       10845000	      1083	800021e4	00300b93	addi	x23,x0,3	  x0:0x00000000 x23=0x00000003
       10855000	      1084	800021e8	00f00313	addi	x6,x0,15	  x0:0x00000000  x6=0x0000000f
       10865000	      1085	800021ec	08fc7a13	andi	x20,x24,143	 x24:0x00000000 x20=0x00000000
       10875000	      1086	800021f0	003b8b93	addi	x23,x23,3	 x23:0x00000003 x23=0x00000006
       10885000	      1087	800021f4	fe6bcce3	blt	x23,x6,800021ec	 x23:0x00000006  x6:0x0000000f
       10895000	      1088	00000000	00000013	addi	x0,x0,0	  x0:0x00000000
       10905000	      1089	800021e8	00000013	addi	x0,x0,0	  x0:0x00000000
       10915000	      1090	800021ec	08fc7a13	andi	x20,x24,143	 x24:0x00000000 x20=0x00000000
       10925000	      1091	800021f0	003b8b93	addi	x23,x23,3	 x23:0x00000006 x23=0x00000009
       10935000	      1092	800021f4	fe6bcce3	blt	x23,x6,800021ec	 x23:0x00000009  x6:0x0000000f
       10945000	      1093	00000000	00000013	addi	x0,x0,0	  x0:0x00000000
       10955000	      1094	800021e8	00000013	addi	x0,x0,0	  x0:0x00000000
       10965000	      1095	800021ec	08fc7a13	andi	x20,x24,143	 x24:0x00000000 x20=0x00000000
       10975000	      1096	800021f0	003b8b93	addi	x23,x23,3	 x23:0x00000009 x23=0x0000000c
       10985000	      1097	800021f4	fe6bcce3	blt	x23,x6,800021ec	 x23:0x0000000c  x6:0x0000000f
       10995000	      1098	00000000	00000013	addi	x0,x0,0	  x0:0x00000000
       11005000	      1099	800021e8	00000013	addi	x0,x0,0	  x0:0x00000000
       11015000	      1100	800021ec	08fc7a13	andi	x20,x24,143	 x24:0x00000000 x20=0x00000000
       11025000	      1101	800021f0	003b8b93	addi	x23,x23,3	 x23:0x0000000c x23=0x0000000f
       11035000	      1102	800021f4	fe6bcce3	blt	x23,x6,800021ec	 x23:0x0000000f  x6:0x0000000f
       11045000	      1103	800021f8	feb762e3	bltu	x14,x11,800021dc	 x14:0xfffffff7 x11:0x00000010
       11055000	      1104	800021fc	00d03c33	sltu	x24,x0,x13	  x0:0x00000000 x13:0x00000001 x24=0x00000001
       11065000	      1105	80002200	019d0bb3	add	x23,x26,x25	 x26:0x0000b160 x25:0x00000000 x23=0x0000b160
       11075000	      1106	80002204	ff900093	addi	x1,x0,-7	  x0:0x00000000  x1=0xfffffff9
       11085000	      1107	80002208	afccb993	sltiu	x19,x25,-1284	 x25:0x00000000 x19=0x00000001
       11095000	      1108	8000220c	24aae493	ori	x9,x21,586	 x21:0x80009f64  x9=0x80009f6e
       11105000	      1109	80002210	ff200c13	addi	x24,x0,-14	  x0:0x00000000 x24=0xfffffff2
       11115000	      1110	80002214	0079cfb3	xor	x31,x19,x7	 x19:0x00000001  x7:0xae15a1c4 x31=0xae15a1c5
       11125000	      1111	80002218	2d9f3393	sltiu	x7,x30,729	 x30:0x00000001  x7=0x00000001
       11135000	      1112	8000221c	fff08093	addi	x1,x1,-1	  x1:0xfffffff9  x1=0xfffffff8
       11145000	      1113	80002220	eaab3137	lui	x2,0xeaab3	  x2=0xeaab3000
       11155000	      1114	80002224	00300513	addi	x10,x0,3	  x0:0x00000000 x10=0x00000003
       11165000	      1115	80002228	76dd6b13	ori	x22,x26,1901	 x26:0x0000b160 x22=0x0000b76d
       11175000	      1116	8000222c	01200b93	addi	x23,x0,18	  x0:0x00000000 x23=0x00000012
       11185000	      1117	80002230	406cd5b3	sra	x11,x25,x6	 x25:0x00000000  x6:0x0000000f x11=0x00000000
       11195000	      1118	80002234	015d4f33	xor	x30,x26,x21	 x26:0x0000b160 x21:0x80009f64 x30=0x80002e04
       11205000	      1119	80002238	00150513	addi	x10,x10,1	 x10:0x00000003 x10=0x00000004
       11215000	      1120	8000223c	01519933	sll	x18,x3,x21	  x3:0x00000000 x21:0x80009f64 x18=0x00000000
       11225000	      1121	80002240	ff754ae3	blt	x10,x23,80002234	 x10:0x00000004 x23:0x00000012
       11235000	      1122	00000000	00000013	addi	x0,x0,0	  x0:0x00000000
       11245000	      1123	80002230	00000013	addi	x0,x0,0	  x0:0x00000000
       11255000	      1124	80002234	015d4f33	xor	x30,x26,x21	 x26:0x0000b160 x21:0x80009f64 x30=0x80002e04
       11265000	      1125	80002238	00150513	addi	x10,x10,1	 x10:0x00000004 x10=0x00000005
       11275000	      1126	8000223c	01519933	sll	x18,x3,x21	  x3:0x00000000 x21:0x80009f64 x18=0x00000000
       11285000	      1127	80002240	ff754ae3	blt	x10,x23,80002234	 x10:0x00000005 x23:0x00000012
       11295000	      1128	00000000	00000013	addi	x0,x0,0	  x0:0x00000000
       11305000	      1129	80002230	00000013	addi	x0,x0,0	  x0:0x00000000
       11315000	      1130	80002234	015d4f33	xor	x30,x26,x21	 x26:0x0000b160 x21:0x80009f64 x30=0x80002e04
       11325000	      1131	80002238	00150513	addi	x10,x10,1	 x10:0x00000005 x10=0x00000006
       11335000	      1132	8000223c	01519933	sll	x18,x3,x21	  x3:0x00000000 x21:0x80009f64 x18=0x00000000
       11345000	      1133	80002240	ff754ae3	blt	x10,x23,80002234	 x10:0x00000006 x23:0x00000012
       11355000	      1134	00000000	00000013	addi	x0,x0,0	  x0:0x00000000
       11365000	      1135	80002230	00000013	addi	x0,x0,0	  x0:0x00000000
       11375000	      1136	80002234	015d4f33	xor	x30,x26,x21	 x26:0x0000b160 x21:0x80009f64 x30=0x80002e04
       11385000	      1137	80002238	00150513	addi	x10,x10,1	 x10:0x00000006 x10=0x00000007
       11395000	      1138	8000223c	01519933	sll	x18,x3,x21	  x3:0x00000000 x21:0x80009f64 x18=0x00000000
       11405000	      1139	80002240	ff754ae3	blt	x10,x23,80002234	 x10:0x00000007 x23:0x00000012
       11415000	      1140	00000000	00000013	addi	x0,x0,0	  x0:0x00000000
       11425000	      1141	80002230	00000013	addi	x0,x0,0	  x0:0x00000000
       11435000	      1142	80002234	015d4f33	xor	x30,x26,x21	 x26:0x0000b160 x21:0x80009f64 x30=0x80002e04
       11445000	      1143	80002238	00150513	addi	x10,x10,1	 x10:0x00000007 x10=0x00000008
       11455000	      1144	8000223c	01519933	sll	x18,x3,x21	  x3:0x00000000 x21:0x80009f64 x18=0x00000000
       11465000	      1145	80002240	ff754ae3	blt	x10,x23,80002234	 x10:0x00000008 x23:0x00000012
       11475000	      1146	00000000	00000013	addi	x0,x0,0	  x0:0x00000000
       11485000	      1147	80002230	00000013	addi	x0,x0,0	  x0:0x00000000
       11495000	      1148	80002234	015d4f33	xor	x30,x26,x21	 x26:0x0000b160 x21:0x80009f64 x30=0x80002e04
       11505000	      1149	80002238	00150513	addi	x10,x10,1	 x10:0x00000008 x10=0x00000009
       11515000	      1150	8000223c	01519933	sll	x18,x3,x21	  x3:0x00000000 x21:0x80009f64 x18=0x00000000
       11525000	      1151	80002240	ff754ae3	blt	x10,x23,80002234	 x10:0x00000009 x23:0x00000012
       11535000	      1152	00000000	00000013	addi	x0,x0,0	  x0:0x00000000
       11545000	      1153	80002230	00000013	addi	x0,x0,0	  x0:0x00000000
       11555000	      1154	80002234	015d4f33	xor	x30,x26,x21	 x26:0x0000b160 x21:0x80009f64 x30=0x80002e04
       11565000	      1155	80002238	00150513	addi	x10,x10,1	 x10:0x00000009 x10=0x0000000a
       11575000	      1156	8000223c	01519933	sll	x18,x3,x21	  x3:0x00000000 x21:0x80009f64 x18=0x00000000
       11585000	      1157	80002240	ff754ae3	blt	x10,x23,80002234	 x10:0x0000000a x23:0x00000012
       11595000	      1158	00000000	00000013	addi	x0,x0,0	  x0:0x00000000
       11605000	      1159	80002230	00000013	addi	x0,x0,0	  x0:0x00000000
       11615000	      1160	80002234	015d4f33	xor	x30,x26,x21	 x26:0x0000b160 x21:0x80009f64 x30=0x80002e04
       11625000	      1161	80002238	00150513	addi	x10,x10,1	 x10:0x0000000a x10=0x0000000b
       11635000	      1162	8000223c	01519933	sll	x18,x3,x21	  x3:0x00000000 x21:0x80009f64 x18=0x00000000
       11645000	      1163	80002240	ff754ae3	blt	x10,x23,80002234	 x10:0x0000000b x23:0x00000012
       11655000	      1164	00000000	00000013	addi	x0,x0,0	  x0:0x00000000
       11665000	      1165	80002230	00000013	addi	x0,x0,0	  x0:0x00000000
       11675000	      1166	80002234	015d4f33	xor	x30,x26,x21	 x26:0x0000b160 x21:0x80009f64 x30=0x80002e04
       11685000	      1167	80002238	00150513	addi	x10,x10,1	 x10:0x0000000b x10=0x0000000c
       11695000	      1168	8000223c	01519933	sll	x18,x3,x21	  x3:0x00000000 x21:0x80009f64 x18=0x00000000
       11705000	      1169	80002240	ff754ae3	blt	x10,x23,80002234	 x10:0x0000000c x23:0x00000012
       11715000	      1170	00000000	00000013	addi	x0,x0,0	  x0:0x00000000
       11725000	      1171	80002230	00000013	addi	x0,x0,0	  x0:0x00000000
       11735000	      1172	80002234	015d4f33	xor	x30,x26,x21	 x26:0x0000b160 x21:0x80009f64 x30=0x80002e04
       11745000	      1173	80002238	00150513	addi	x10,x10,1	 x10:0x0000000c x10=0x0000000d
       11755000	      1174	8000223c	01519933	sll	x18,x3,x21	  x3:0x00000000 x21:0x80009f64 x18=0x00000000
       11765000	      1175	80002240	ff754ae3	blt	x10,x23,80002234	 x10:0x0000000d x23:0x00000012
       11775000	      1176	00000000	00000013	addi	x0,x0,0	  x0:0x00000000
       11785000	      1177	80002230	00000013	addi	x0,x0,0	  x0:0x00000000
       11795000	      1178	80002234	015d4f33	xor	x30,x26,x21	 x26:0x0000b160 x21:0x80009f64 x30=0x80002e04
       11805000	      1179	80002238	00150513	addi	x10,x10,1	 x10:0x0000000d x10=0x0000000e
       11815000	      1180	8000223c	01519933	sll	x18,x3,x21	  x3:0x00000000 x21:0x80009f64 x18=0x00000000
       11825000	      1181	80002240	ff754ae3	blt	x10,x23,80002234	 x10:0x0000000e x23:0x00000012
       11835000	      1182	00000000	00000013	addi	x0,x0,0	  x0:0x00000000
       11845000	      1183	80002230	00000013	addi	x0,x0,0	  x0:0x00000000
       11855000	      1184	80002234	015d4f33	xor	x30,x26,x21	 x26:0x0000b160 x21:0x80009f64 x30=0x80002e04
       11865000	      1185	80002238	00150513	addi	x10,x10,1	 x10:0x0000000e x10=0x0000000f
       11875000	      1186	8000223c	01519933	sll	x18,x3,x21	  x3:0x00000000 x21:0x80009f64 x18=0x00000000
       11885000	      1187	80002240	ff754ae3	blt	x10,x23,80002234	 x10:0x0000000f x23:0x00000012
       11895000	      1188	00000000	00000013	addi	x0,x0,0	  x0:0x00000000
       11905000	      1189	80002230	00000013	addi	x0,x0,0	  x0:0x00000000
       11915000	      1190	80002234	015d4f33	xor	x30,x26,x21	 x26:0x0000b160 x21:0x80009f64 x30=0x80002e04
       11925000	      1191	80002238	00150513	addi	x10,x10,1	 x10:0x0000000f x10=0x00000010
       11935000	      1192	8000223c	01519933	sll	x18,x3,x21	  x3:0x00000000 x21:0x80009f64 x18=0x00000000
       11945000	      1193	80002240	ff754ae3	blt	x10,x23,80002234	 x10:0x00000010 x23:0x00000012
       11955000	      1194	00000000	00000013	addi	x0,x0,0	  x0:0x00000000
       11965000	      1195	80002230	00000013	addi	x0,x0,0	  x0:0x00000000
       11975000	      1196	80002234	015d4f33	xor	x30,x26,x21	 x26:0x0000b160 x21:0x80009f64 x30=0x80002e04
       11985000	      1197	80002238	00150513	addi	x10,x10,1	 x10:0x00000010 x10=0x00000011
       11995000	      1198	8000223c	01519933	sll	x18,x3,x21	  x3:0x00000000 x21:0x80009f64 x18=0x00000000
       12005000	      1199	80002240	ff754ae3	blt	x10,x23,80002234	 x10:0x00000011 x23:0x00000012
       12015000	      1200	00000000	00000013	addi	x0,x0,0	  x0:0x00000000
       12025000	      1201	80002230	00000013	addi	x0,x0,0	  x0:0x00000000
       12035000	      1202	80002234	015d4f33	xor	x30,x26,x21	 x26:0x0000b160 x21:0x80009f64 x30=0x80002e04
       12045000	      1203	80002238	00150513	addi	x10,x10,1	 x10:0x00000011 x10=0x00000012
       12055000	      1204	8000223c	01519933	sll	x18,x3,x21	  x3:0x00000000 x21:0x80009f64 x18=0x00000000
       12065000	      1205	80002240	ff754ae3	blt	x10,x23,80002234	 x10:0x00000012 x23:0x00000012
       12075000	      1206	80002244	40280133	sub	x2,x16,x2	 x16:0x80009989  x2:0xeaab3000  x2=0x95556989
       12085000	      1207	80002248	e3a4a593	slti	x11,x9,-454	  x9:0x80009f6e x11=0x00000001
       12095000	      1208	8000224c	01601f13	slli	x30,x0,0x16	  x0:0x00000000 x30=0x00000000
       12105000	      1209	80002250	fd8082e3	beq	x1,x24,80002214	  x1:0xfffffff8 x24:0xfffffff2
       12115000	      1210	80002254	f3624a13	xori	x20,x4,-202	  x4:0x00000000 x20=0xffffff36
       12125000	      1211	80002258	4161d293	srai	x5,x3,0x16	  x3:0x00000000  x5=0x00000000
       12135000	      1212	8000225c	05b80263	beq	x16,x27,800022a0	 x16:0x80009989 x27:0x80009fc4
       12145000	      1213	80002260	01e181b3	add	x3,x3,x30	  x3:0x00000000 x30:0x00000000  x3=0x00000000
       12155000	      1214	80002264	3e687f13	andi	x30,x16,998	 x16:0x80009989 x30=0x00000180
       12165000	      1215	80002268	02ed5c63	bge	x26,x14,800022a0	 x26:0x0000b160 x14:0xfffffff7
       12175000	      1216	00000000	00000013	addi	x0,x0,0	  x0:0x00000000
       12185000	      1217	8000229c	00000013	addi	x0,x0,0	  x0:0x00000000
       12195000	      1218	800022a0	9ae17413	andi	x8,x2,-1618	  x2:0x95556989  x8=0x95556988
       12205000	      1219	800022a4	0028ccb3	xor	x25,x17,x2	 x17:0x00000001  x2:0x95556989 x25=0x95556988
       12215000	      1220	800022a8	0b568c63	beq	x13,x21,80002360	 x13:0x00000001 x21:0x80009f64
       12225000	      1221	800022ac	01e0d2b3	srl	x5,x1,x30	  x1:0xfffffff8 x30:0x00000180  x5=0xfffffff8
       12235000	      1222	800022b0	fe814f13	xori	x30,x2,-24	  x2:0x95556989 x30=0x6aaa9661
       12245000	      1223	800022b4	40acd033	sra	x0,x25,x10	 x25:0x95556988 x10:0x00000012
       12255000	      1224	800022b8	40775d13	srai	x26,x14,0x7	 x14:0xfffffff7 x26=0xffffffff
       12265000	      1225	800022bc	406f8933	sub	x18,x31,x6	 x31:0xae15a1c5  x6:0x0000000f x18=0xae15a1b6
       12275000	      1226	800022c0	59790a13	addi	x20,x18,1431	 x18:0xae15a1b6 x20=0xae15a74d
       12285000	      1227	800022c4	c3a83793	sltiu	x15,x16,-966	 x16:0x80009989 x15=0x00000001
       12295000	      1228	800022c8	390bb113	sltiu	x2,x23,912	 x23:0x00000012  x2=0x00000001
       12305000	      1229	800022cc	00434533	xor	x10,x6,x4	  x6:0x0000000f  x4:0x00000000 x10=0x0000000f
       12315000	      1230	800022d0	41b05113	srai	x2,x0,0x1b	  x0:0x00000000  x2=0x00000000
       12325000	      1231	800022d4	0186c463	blt	x13,x24,800022dc	 x13:0x00000001 x24:0xfffffff2
       12335000	      1232	800022d8	0148ebb3	or	x23,x17,x20	 x17:0x00000001 x20:0xae15a74d x23=0xae15a74d
       12345000	      1233	800022dc	010570b3	and	x1,x10,x16	 x10:0x0000000f x16:0x80009989  x1=0x00000009
       12355000	      1234	800022e0	00300f13	addi	x30,x0,3	  x0:0x00000000 x30=0x00000003
       12365000	      1235	800022e4	4137d233	sra	x4,x15,x19	 x15:0x00000001 x19:0x00000001  x4=0x00000000
       12375000	      1236	800022e8	005c9693	slli	x13,x25,0x5	 x25:0x95556988 x13=0xaaad3100
       12385000	      1237	800022ec	ffc00113	addi	x2,x0,-4	  x0:0x00000000  x2=0xfffffffc
       12395000	      1238	800022f0	00cad533	srl	x10,x21,x12	 x21:0x80009f64 x12:0x800098aa x10=0x00200027
       12405000	      1239	800022f4	885b2713	slti	x14,x22,-1915	 x22:0x0000b76d x14=0x00000000
       12415000	      1240	800022f8	bc3d0213	addi	x4,x26,-1085	 x26:0xffffffff  x4=0xfffffbc2
       12425000	      1241	800022fc	59f78693	addi	x13,x15,1439	 x15:0x00000001 x13=0x000005a0
       12435000	      1242	80002300	00d13cb3	sltu	x25,x2,x13	  x2:0xfffffffc x13:0x000005a0 x25=0x00000000
       12445000	      1243	80002304	411902b3	sub	x5,x18,x17	 x18:0xae15a1b6 x17:0x00000001  x5=0xae15a1b5
       12455000	      1244	80002308	00e35fb3	srl	x31,x6,x14	  x6:0x0000000f x14:0x00000000 x31=0x0000000f
       12465000	      1245	8000230c	e3eff513	andi	x10,x31,-450	 x31:0x0000000f x10=0x0000000e
       12475000	      1246	80002310	fd678013	addi	x0,x15,-42	 x15:0x00000001
       12485000	      1247	80002314	016ad493	srli	x9,x21,0x16	 x21:0x80009f64  x9=0x00000200
       12495000	      1248	80002318	ff9f0f13	addi	x30,x30,-7	 x30:0x00000003 x30=0xfffffffc
       12505000	      1249	8000231c	01bcf533	and	x10,x25,x27	 x25:0x00000000 x27:0x80009fc4 x10=0x00000000
       12515000	      1250	80002320	01f2f5b3	and	x11,x5,x31	  x5:0xae15a1b5 x31:0x0000000f x11=0x00000005
       12525000	      1251	80002324	4121db13	srai	x22,x3,0x12	  x3:0x00000000 x22=0x00000000
       12535000	      1252	80002328	00abafb3	slt	x31,x23,x10	 x23:0xae15a74d x10:0x00000000 x31=0x00000001
       12545000	      1253	8000232c	981fe713	ori	x14,x31,-1663	 x31:0x00000001 x14=0xfffff981
       12555000	      1254	80002330	84cefe13	andi	x28,x29,-1972	 x29:0xf9031f22 x28=0xf9031800
       12565000	      1255	80002334	01021d13	slli	x26,x4,0x10	  x4:0xfffffbc2 x26=0xfbc20000
       12575000	      1256	80002338	412bd533	sra	x10,x23,x18	 x23:0xae15a74d x18:0xae15a1b6 x10=0xfffffeb8
       12585000	      1257	8000233c	40ebd393	srai	x7,x23,0xe	 x23:0xae15a74d  x7=0xfffeb856
       12595000	      1258	80002340	41398833	sub	x16,x19,x19	 x19:0x00000001 x19:0x00000001 x16=0x00000000
       12605000	      1259	80002344	5d143f93	sltiu	x31,x8,1489	  x8:0x95556988 x31=0x00000000
       12615000	      1260	80002348	fc2f12e3	bne	x30,x2,8000230c	 x30:0xfffffffc  x2:0xfffffffc
       12625000	      1261	8000234c	01a545b3	xor	x11,x10,x26	 x10:0xfffffeb8 x26:0xfbc20000 x11=0x043dfeb8
       12635000	      1262	80002350	43a3f793	andi	x15,x7,1082	  x7:0xfffeb856 x15=0x00000012
       12645000	      1263	80002354	004d8433	add	x8,x27,x4	 x27:0x80009fc4  x4:0xfffffbc2  x8=0x80009b86
       12655000	      1264	80002358	37878713	addi	x14,x15,888	 x15:0x00000012 x14=0x0000038a
       12665000	      1265	8000235c	00db3433	sltu	x8,x22,x13	 x22:0x00000000 x13:0x000005a0  x8=0x00000001
       12675000	      1266	80002360	009a1293	slli	x5,x20,0x9	 x20:0xae15a74d  x5=0x2b4e9a00
       12685000	      1267	80002364	00000013	addi	x0,x0,0	  x0:0x00000000
       12695000	      1268	80002368	46690697	auipc	x13,0x46690	 x13=0xc6692364
       12705000	      1269	8000236c	2f26e913	ori	x18,x13,754	 x13:0xc6692364 x18=0xc66923f6
       12715000	      1270	80002370	04ca7263	bgeu	x20,x12,800023b4	 x20:0xae15a74d x12:0x800098aa
       12725000	      1271	00000000	00000013	addi	x0,x0,0	  x0:0x00000000
       12735000	      1272	800023b0	00000013	addi	x0,x0,0	  x0:0x00000000
       12745000	      1273	800023b4	3c253f93	sltiu	x31,x10,962	 x10:0xfffffeb8 x31=0x00000000
       12755000	      1274	800023b8	00519f33	sll	x30,x3,x5	  x3:0x00000000  x5:0x2b4e9a00 x30=0x00000000
       12765000	      1275	800023bc	00bb9b13	slli	x22,x23,0xb	 x23:0xae15a74d x22=0xad3a6800
       12775000	      1276	800023c0	0171de13	srli	x28,x3,0x17	  x3:0x00000000 x28=0x00000000
       12785000	      1277	800023c4	004e8733	add	x14,x29,x4	 x29:0xf9031f22  x4:0xfffffbc2 x14=0xf9031ae4
       12795000	      1278	800023c8	03e36e63	bltu	x6,x30,80002404	  x6:0x0000000f x30:0x00000000
       12805000	      1279	800023cc	021c0663	beq	x24,x1,800023f8	 x24:0xfffffff2  x1:0x00000009
       12815000	      1280	800023d0	00b8ce63	blt	x17,x11,800023ec	 x17:0x00000001 x11:0x043dfeb8
       12825000	      1281	00000000	00000013	addi	x0,x0,0	  x0:0x00000000
       12835000	      1282	800023e8	00000013	addi	x0,x0,0	  x0:0x00000000
       12845000	      1283	800023ec	00336bb3	or	x23,x6,x3	  x6:0x0000000f  x3:0x00000000 x23=0x0000000f
       12855000	      1284	800023f0	2ffa4513	xori	x10,x20,767	 x20:0xae15a74d x10=0xae15a5b2
       12865000	      1285	800023f4	406bda33	sra	x20,x23,x6	 x23:0x0000000f  x6:0x0000000f x20=0x00000000
       12875000	      1286	800023f8	058ff663	bgeu	x31,x24,80002444	 x31:0x00000000 x24:0xfffffff2
       12885000	      1287	800023fc	0122b133	sltu	x2,x5,x18	  x5:0x2b4e9a00 x18:0xc66923f6  x2=0x00000001
       12895000	      1288	80002400	284a8b13	addi	x22,x21,644	 x21:0x80009f64 x22=0x8000a1e8
       12905000	      1289	80002404	028bd863	bge	x23,x8,80002434	 x23:0x0000000f  x8:0x00000001
       12915000	      1290	00000000	00000013	addi	x0,x0,0	  x0:0x00000000
       12925000	      1291	80002430	00000013	addi	x0,x0,0	  x0:0x00000000
       12935000	      1292	80002434	00be9613	slli	x12,x29,0xb	 x29:0xf9031f22 x12=0x18f91000
       12945000	      1293	80002438	01d66633	or	x12,x12,x29	 x12:0x18f91000 x29:0xf9031f22 x12=0xf9fb1f22
       12955000	      1294	8000243c	441c5a17	auipc	x20,0x441c5	 x20=0xc41c7438
       12965000	      1295	80002440	00285f33	srl	x30,x16,x2	 x16:0x00000000  x2:0x00000001 x30=0x00000000
       12975000	      1296	80002444	0103e533	or	x10,x7,x16	  x7:0xfffeb856 x16:0x00000000 x10=0xfffeb856
       12985000	      1297	80002448	4d1b8497	auipc	x9,0x4d1b8	  x9=0xcd1ba444
       12995000	      1298	8000244c	0ca14893	xori	x17,x2,202	  x2:0x00000001 x17=0x000000cb
       13005000	      1299	80002450	00c0dc13	srli	x24,x1,0xc	  x1:0x00000009 x24=0x00000000
       13015000	      1300	80002454	015212b3	sll	x5,x4,x21	  x4:0xfffffbc2 x21:0x80009f64  x5=0xffffbc20
       13025000	      1301	80002458	66613213	sltiu	x4,x2,1638	  x2:0x00000001  x4=0x00000001
       13035000	      1302	8000245c	552c7293	andi	x5,x24,1362	 x24:0x00000000  x5=0x00000000
       13045000	      1303	80002460	41275a13	srai	x20,x14,0x12	 x14:0xf9031ae4 x20=0xfffffe40
       13055000	      1304	80002464	006c9863	bne	x25,x6,80002474	 x25:0x00000000  x6:0x0000000f
       13065000	      1305	00000000	00000013	addi	x0,x0,0	  x0:0x00000000
       13075000	      1306	80002470	00000013	addi	x0,x0,0	  x0:0x00000000
       13085000	      1307	80002474	401ed4b3	sra	x9,x29,x1	 x29:0xf9031f22  x1:0x00000009  x9=0xfffc818f
       13095000	      1308	80002478	2ae00913	addi	x18,x0,686	  x0:0x00000000 x18=0x000002ae
       13105000	      1309	8000247c	00076233	or	x4,x14,x0	 x14:0xf9031ae4  x0:0x00000000  x4=0xf9031ae4
       13115000	      1310	80002480	40a40fb3	sub	x31,x8,x10	  x8:0x00000001 x10:0xfffeb856 x31=0x000147ab
       13125000	      1311	80002484	014eaa33	slt	x20,x29,x20	 x29:0xf9031f22 x20:0xfffffe40 x20=0x00000001
       13135000	      1312	80002488	02631863	bne	x6,x6,800024b8	  x6:0x0000000f  x6:0x0000000f
       13145000	      1313	8000248c	00402233	slt	x4,x0,x4	  x0:0x00000000  x4:0xf9031ae4  x4=0x00000000
       13155000	      1314	80002490	70813713	sltiu	x14,x2,1800	  x2:0x00000001 x14=0x00000001
       13165000	      1315	80002494	0396f463	bgeu	x13,x25,800024bc	 x13:0xc6692364 x25:0x00000000
       13175000	      1316	00000000	00000013	addi	x0,x0,0	  x0:0x00000000
       13185000	      1317	800024b8	00000013	addi	x0,x0,0	  x0:0x00000000
       13195000	      1318	800024bc	00435533	srl	x10,x6,x4	  x6:0x0000000f  x4:0x00000000 x10=0x0000000f
       13205000	      1319	800024c0	00fe0263	beq	x28,x15,800024c4	 x28:0x00000000 x15:0x00000012
       13215000	      1320	800024c4	f890b293	sltiu	x5,x1,-119	  x1:0x00000009  x5=0x00000001
       13225000	      1321	800024c8	60a22913	slti	x18,x4,1546	  x4:0x00000000 x18=0x00000001
       13235000	      1322	800024cc	017589b3	add	x19,x11,x23	 x11:0x043dfeb8 x23:0x0000000f x19=0x043dfec7
       13245000	      1323	800024d0	c9115097	auipc	x1,0xc9115	  x1=0x491174cc
       13255000	      1324	800024d4	401b53b3	sra	x7,x22,x1	 x22:0x8000a1e8  x1:0x491174cc  x7=0xfff8000a
       13265000	      1325	800024d8	00f1dbb3	srl	x23,x3,x15	  x3:0x00000000 x15:0x00000012 x23=0x00000000
       13275000	      1326	800024dc	00b2d093	srli	x1,x5,0xb	  x5:0x00000001  x1=0x00000000
       13285000	      1327	800024e0	3896ef17	auipc	x30,0x3896e	 x30=0xb89704dc
       13295000	      1328	800024e4	03f27a63	bgeu	x4,x31,80002518	  x4:0x00000000 x31:0x000147ab
       13305000	      1329	800024e8	ee84cb97	auipc	x23,0xee84c	 x23=0x6e84e4e4
       13315000	      1330	800024ec	03910663	beq	x2,x25,80002518	  x2:0x00000001 x25:0x00000000
       13325000	      1331	800024f0	0274ee63	bltu	x9,x7,8000252c	  x9:0xfffc818f  x7:0xfff8000a
       13335000	      1332	800024f4	6e014793	xori	x15,x2,1760	  x2:0x00000001 x15=0x000006e1
       13345000	      1333	800024f8	41725633	sra	x12,x4,x23	  x4:0x00000000 x23:0x6e84e4e4 x12=0x00000000
       13355000	      1334	800024fc	00223e33	sltu	x28,x4,x2	  x4:0x00000000  x2:0x00000001 x28=0x00000001
       13365000	      1335	80002500	cc7fc937	lui	x18,0xcc7fc	 x18=0xcc7fc000
       13375000	      1336	80002504	012a5a63	bge	x20,x18,80002518	 x20:0x00000001 x18:0xcc7fc000
       13385000	      1337	00000000	00000013	addi	x0,x0,0	  x0:0x00000000
       13395000	      1338	80002514	00000013	addi	x0,x0,0	  x0:0x00000000
       13405000	      1339	80002518	01c40463	beq	x8,x28,80002520	  x8:0x00000001 x28:0x00000001
       13415000	      1340	00000000	00000013	addi	x0,x0,0	  x0:0x00000000
       13425000	      1341	8000251c	00000013	addi	x0,x0,0	  x0:0x00000000
       13435000	      1342	80002520	00000013	addi	x0,x0,0	  x0:0x00000000
       13445000	      1343	80002524	17d56293	ori	x5,x10,381	 x10:0x0000000f  x5=0x0000017f
       13455000	      1344	80002528	f38ac513	xori	x10,x21,-200	 x21:0x80009f64 x10=0x7fff605c
       13465000	      1345	8000252c	00b846b3	xor	x13,x16,x11	 x16:0x00000000 x11:0x043dfeb8 x13=0x043dfeb8
       13475000	      1346	80002530	01c556b3	srl	x13,x10,x28	 x10:0x7fff605c x28:0x00000001 x13=0x3fffb02e
       13485000	      1347	80002534	04c76863	bltu	x14,x12,80002584	 x14:0x00000001 x12:0x00000000
       13495000	      1348	80002538	a9833c93	sltiu	x25,x6,-1384	  x6:0x0000000f x25=0x00000001
       13505000	      1349	8000253c	00f90133	add	x2,x18,x15	 x18:0xcc7fc000 x15:0x000006e1  x2=0xcc7fc6e1
       13515000	      1350	80002540	399abe37	lui	x28,0x399ab	 x28=0x399ab000
       13525000	      1351	80002544	1adbc393	xori	x7,x23,429	 x23:0x6e84e4e4  x7=0x6e84e549
       13535000	      1352	80002548	01395113	srli	x2,x18,0x13	 x18:0xcc7fc000  x2=0x0000198f
       13545000	      1353	8000254c	e9f4b593	sltiu	x11,x9,-353	  x9:0xfffc818f x11=0x00000001
       13555000	      1354	80002550	576e2f13	slti	x30,x28,1398	 x28:0x399ab000 x30=0x00000000
       13565000	      1355	80002554	000da6b3	slt	x13,x27,x0	 x27:0x80009fc4  x0:0x00000000 x13=0x00000001
       13575000	      1356	80002558	01f451b3	srl	x3,x8,x31	  x8:0x00000001 x31:0x000147ab  x3=0x00000000
       13585000	      1357	8000255c	012b7b33	and	x22,x22,x18	 x22:0x8000a1e8 x18:0xcc7fc000 x22=0x80008000
       13595000	      1358	80002560	40ba5f93	srai	x31,x20,0xb	 x20:0x00000001 x31=0x00000000
       13605000	      1359	80002564	9251c897	auipc	x17,0x9251c	 x17=0x1251e560
       13615000	      1360	80002568	00631513	slli	x10,x6,0x6	  x6:0x0000000f x10=0x000003c0
       13625000	      1361	8000256c	b5e14e13	xori	x28,x2,-1186	  x2:0x0000198f x28=0xffffe2d1
       13635000	      1362	80002570	031dfe63	bgeu	x27,x17,800025ac	 x27:0x80009fc4 x17:0x1251e560
       13645000	      1363	00000000	00000013	addi	x0,x0,0	  x0:0x00000000
       13655000	      1364	800025a8	00000013	addi	x0,x0,0	  x0:0x00000000
       13665000	      1365	800025ac	00000013	addi	x0,x0,0	  x0:0x00000000
       13675000	      1366	800025b0	00226733	or	x14,x4,x2	  x4:0x00000000  x2:0x0000198f x14=0x0000198f
       13685000	      1367	800025b4	03aa7e63	bgeu	x20,x26,800025f0	 x20:0x00000001 x26:0xfbc20000
       13695000	      1368	800025b8	02b2f663	bgeu	x5,x11,800025e4	  x5:0x0000017f x11:0x00000001
       13705000	      1369	00000000	00000013	addi	x0,x0,0	  x0:0x00000000
       13715000	      1370	800025e0	00000013	addi	x0,x0,0	  x0:0x00000000
       13725000	      1371	800025e4	b9bd3d13	sltiu	x26,x26,-1125	 x26:0xfbc20000 x26=0x00000001
       13735000	      1372	800025e8	00000013	addi	x0,x0,0	  x0:0x00000000
       13745000	      1373	800025ec	013ed193	srli	x3,x29,0x13	 x29:0xf9031f22  x3=0x00001f20
       13755000	      1374	800025f0	001195b3	sll	x11,x3,x1	  x3:0x00001f20  x1:0x00000000 x11=0x00001f20
       13765000	      1375	800025f4	49487213	andi	x4,x16,1172	 x16:0x00000000  x4=0x00000000
       13775000	      1376	800025f8	00119263	bne	x3,x1,800025fc	  x3:0x00001f20  x1:0x00000000
       13785000	      1377	00000000	00000013	addi	x0,x0,0	  x0:0x00000000
       13795000	      1378	800025f8	00000013	addi	x0,x0,0	  x0:0x00000000
       13805000	      1379	800025fc	c15e7013	andi	x0,x28,-1003	 x28:0xffffe2d1
       13815000	      1380	80002600	00218f33	add	x30,x3,x2	  x3:0x00001f20  x2:0x0000198f x30=0x000038af
       13825000	      1381	80002604	eabfcc13	xori	x24,x31,-341	 x31:0x00000000 x24=0xfffffeab
       13835000	      1382	80002608	01105463	bge	x0,x17,80002610	  x0:0x00000000 x17:0x1251e560
       13845000	      1383	8000260c	40dc0933	sub	x18,x24,x13	 x24:0xfffffeab x13:0x00000001 x18=0xfffffeaa
       13855000	      1384	80002610	41615133	sra	x2,x2,x22	  x2:0x0000198f x22:0x80008000  x2=0x0000198f
       13865000	      1385	80002614	009ad033	srl	x0,x21,x9	 x21:0x80009f64  x9:0xfffc818f
       13875000	      1386	80002618	004e6a63	bltu	x28,x4,8000262c	 x28:0xffffe2d1  x4:0x00000000
       13885000	      1387	8000261c	00000013	addi	x0,x0,0	  x0:0x00000000
       13895000	      1388	80002620	236d3193	sltiu	x3,x26,566	 x26:0x00000001  x3=0x00000001
       13905000	      1389	80002624	f922b737	lui	x14,0xf922b	 x14=0xf922b000
       13915000	      1390	80002628	00316c33	or	x24,x2,x3	  x2:0x0000198f  x3:0x00000001 x24=0x0000198f
       13925000	      1391	8000262c	913f0993	addi	x19,x30,-1773	 x30:0x000038af x19=0x000031c2
       13935000	      1392	80002630	cabaaf13	slti	x30,x21,-853	 x21:0x80009f64 x30=0x00000001
       13945000	      1393	80002634	02abda63	bge	x23,x10,80002668	 x23:0x6e84e4e4 x10:0x000003c0
       13955000	      1394	00000000	00000013	addi	x0,x0,0	  x0:0x00000000
       13965000	      1395	80002664	00000013	addi	x0,x0,0	  x0:0x00000000
       13975000	      1396	80002668	00f61d13	slli	x26,x12,0xf	 x12:0x00000000 x26=0x00000000
       13985000	      1397	8000266c	c5296b17	auipc	x22,0xc5296	 x22=0x45298668
       13995000	      1398	80002670	05fa5063	bge	x20,x31,800026b0	 x20:0x00000001 x31:0x00000000
       14005000	      1399	00000000	00000013	addi	x0,x0,0	  x0:0x00000000
       14015000	      1400	800026ac	00000013	addi	x0,x0,0	  x0:0x00000000
       14025000	      1401	800026b0	01d61d33	sll	x26,x12,x29	 x12:0x00000000 x29:0xf9031f22 x26=0x00000000
       14035000	      1402	800026b4	12504293	xori	x5,x0,293	  x0:0x00000000  x5=0x00000125
       14045000	      1403	800026b8	7a1cbc93	sltiu	x25,x25,1953	 x25:0x00000001 x25=0x00000001
       14055000	      1404	800026bc	013ff7b3	and	x15,x31,x19	 x31:0x00000000 x19:0x000031c2 x15=0x00000000
       14065000	      1405	800026c0	4190d493	srai	x9,x1,0x19	  x1:0x00000000  x9=0x00000000
       14075000	      1406	800026c4	aa3c8437	lui	x8,0xaa3c8	  x8=0xaa3c8000
       14085000	      1407	800026c8	02b50863	beq	x10,x11,800026f8	 x10:0x000003c0 x11:0x00001f20
       14095000	      1408	800026cc	4107d5b3	sra	x11,x15,x16	 x15:0x00000000 x16:0x00000000 x11=0x00000000
       14105000	      1409	800026d0	007c9a63	bne	x25,x7,800026e4	 x25:0x00000001  x7:0x6e84e549
       14115000	      1410	00000000	00000013	addi	x0,x0,0	  x0:0x00000000
       14125000	      1411	800026e0	00000013	addi	x0,x0,0	  x0:0x00000000
       14135000	      1412	800026e4	00685e63	bge	x16,x6,80002700	 x16:0x00000000  x6:0x0000000f
       14145000	      1413	800026e8	00768a33	add	x20,x13,x7	 x13:0x00000001  x7:0x6e84e549 x20=0x6e84e54a
       14155000	      1414	800026ec	2609ecb7	lui	x25,0x2609e	 x25=0x2609e000
       14165000	      1415	800026f0	2fee0793	addi	x15,x28,766	 x28:0xffffe2d1 x15=0xffffe5cf
       14175000	      1416	800026f4	01880663	beq	x16,x24,80002700	 x16:0x00000000 x24:0x0000198f
       14185000	      1417	800026f8	00636263	bltu	x6,x6,800026fc	  x6:0x0000000f  x6:0x0000000f
       14195000	      1418	800026fc	01154263	blt	x10,x17,80002700	 x10:0x000003c0 x17:0x1251e560
       14205000	      1419	00000000	00000013	addi	x0,x0,0	  x0:0x00000000
       14215000	      1420	800026fc	00000013	addi	x0,x0,0	  x0:0x00000000
       14225000	      1421	80002700	00883333	sltu	x6,x16,x8	 x16:0x00000000  x8:0xaa3c8000  x6=0x00000001
       14235000	      1422	80002704	883b8e13	addi	x28,x23,-1917	 x23:0x6e84e4e4 x28=0x6e84dd67
       14245000	      1423	80002708	004aa983	lw	x19,4(x21)	 x21:0x80009f64 x19=0x80000420 PA:0x80009f68
       14255000	      1424	00000000	00000013	addi	x0,x0,0	  x0:0x00000000
       14265000	      1425	8000270c	013d7cb3	and	x25,x26,x19	 x26:0x00000000 x19:0x80000420 x25=0x00000000
       14275000	      1426	80002710	41ce8433	sub	x8,x29,x28	 x29:0xf9031f22 x28:0x6e84dd67  x8=0x8a7e41bb
       14285000	      1427	80002714	4d92bd13	sltiu	x26,x5,1241	  x5:0x00000125 x26=0x00000001
       14295000	      1428	80002718	01741f13	slli	x30,x8,0x17	  x8:0x8a7e41bb x30=0xdd800000
       14305000	      1429	8000271c	01c29613	slli	x12,x5,0x1c	  x5:0x00000125 x12=0x50000000
       14315000	      1430	80002720	0096bb33	sltu	x22,x13,x9	 x13:0x00000001  x9:0x00000000 x22=0x00000000
       14325000	      1431	80002724	f6c9bb93	sltiu	x23,x19,-148	 x19:0x80000420 x23=0x00000001
       14335000	      1432	80002728	014a8a93	addi	x21,x21,20	 x21:0x80009f64 x21=0x80009f78
       14345000	      1433	8000272c	005a4d33	xor	x26,x20,x5	 x20:0x6e84e54a  x5:0x00000125 x26=0x6e84e46f
       14355000	      1434	80002730	00198413	addi	x8,x19,1	 x19:0x80000420  x8=0x80000421
       14365000	      1435	80002734	00040467	jalr	x8,x8,0	  x8:0x80000421  x8=0x80002734
       14375000	      1436	00000000	00000013	addi	x0,x0,0	  x0:0x00000000
       14385000	      1437	80000420	00000013	addi	x0,x0,0	  x0:0x00000000
       14395000	      1438	80000424	00000517	auipc	x10,0x0	 x10=0x80000420
       14405000	      1439	80000428	10050513	addi	x10,x10,256	 x10:0x80000420 x10=0x80000520
       14415000	      1440	8000042c	018fb033	sltu	x0,x31,x24	 x31:0x00000000 x24:0x0000198f
       14425000	      1441	80000430	36950513	addi	x10,x10,873	 x10:0x80000520 x10=0x80000889
       14435000	      1442	80000434	40e85693	srai	x13,x16,0xe	 x16:0x00000000 x13=0x00000000
       14445000	      1443	80000438	58986893	ori	x17,x16,1417	 x16:0x00000000 x17=0x00000589
       14455000	      1444	8000043c	007a75b3	and	x11,x20,x7	 x20:0x6e84e54a  x7:0x6e84e549 x11=0x6e84e548
       14465000	      1445	80000440	c6e78693	addi	x13,x15,-914	 x15:0xffffe5cf x13=0xffffe23d
       14475000	      1446	80000444	00c81863	bne	x16,x12,80000454	 x16:0x00000000 x12:0x50000000
       14485000	      1447	00000000	00000013	addi	x0,x0,0	  x0:0x00000000
       14495000	      1448	80000450	00000013	addi	x0,x0,0	  x0:0x00000000
       14505000	      1449	80000454	c98509e7	jalr	x19,x10,-872	 x10:0x80000889 x19=0x80000454
       14515000	      1450	00000000	00000013	addi	x0,x0,0	  x0:0x00000000
       14525000	      1451	80000520	00000013	addi	x0,x0,0	  x0:0x00000000
       14535000	      1452	80000524	fca93413	sltiu	x8,x18,-54	 x18:0xfffffeaa  x8=0x00000001
       14545000	      1453	80000528	00ce6663	bltu	x28,x12,80000534	 x28:0x6e84dd67 x12:0x50000000
       14555000	      1454	8000052c	16af2193	slti	x3,x30,362	 x30:0xdd800000  x3=0x00000001
       14565000	      1455	80000530	01a3dd13	srli	x26,x7,0x1a	  x7:0x6e84e549 x26=0x0000001b
       14575000	      1456	80000534	fdca8a93	addi	x21,x21,-36	 x21:0x80009f78 x21=0x80009f54
       14585000	      1457	80000538	010aa6b3	slt	x13,x21,x16	 x21:0x80009f54 x16:0x00000000 x13=0x00000001
       14595000	      1458	8000053c	9166a513	slti	x10,x13,-1770	 x13:0x00000001 x10=0x00000000
       14605000	      1459	80000540	0197b1b3	sltu	x3,x15,x25	 x15:0xffffe5cf x25:0x00000000  x3=0x00000000
       14615000	      1460	80000544	013aa223	sw	x19,4(x21)	 x21:0x80009f54 x19:0x80000454 PA:0x80009f58
       14625000	      1461	80000548	26b26793	ori	x15,x4,619	  x4:0x00000000 x15=0x0000026b
       14635000	      1462	8000054c	41c48d33	sub	x26,x9,x28	  x9:0x00000000 x28:0x6e84dd67 x26=0x917b2299
       14645000	      1463	80000550	400f5a13	srai	x20,x30,0x0	 x30:0xdd800000 x20=0xdd800000
       14655000	      1464	80000554	f421ef13	ori	x30,x3,-190	  x3:0x00000000 x30=0xffffff42
       14665000	      1465	80000558	00700093	addi	x1,x0,7	  x0:0x00000000  x1=0x00000007
       14675000	      1466	8000055c	012dfbb3	and	x23,x27,x18	 x27:0x80009fc4 x18:0xfffffeaa x23=0x80009e80
       14685000	      1467	80000560	01b21733	sll	x14,x4,x27	  x4:0x00000000 x27:0x80009fc4 x14=0x00000000
       14695000	      1468	80000564	002b16b3	sll	x13,x22,x2	 x22:0x00000000  x2:0x0000198f x13=0x00000000
       14705000	      1469	80000568	406c5133	sra	x2,x24,x6	 x24:0x0000198f  x6:0x00000001  x2=0x00000cc7
       14715000	      1470	8000056c	0096ca33	xor	x20,x13,x9	 x13:0x00000000  x9:0x00000000 x20=0x00000000
       14725000	      1471	80000570	00600f93	addi	x31,x0,6	  x0:0x00000000 x31=0x00000006
       14735000	      1472	80000574	f03d8f13	addi	x30,x27,-253	 x27:0x80009fc4 x30=0x80009ec7
       14745000	      1473	80000578	00867633	and	x12,x12,x8	 x12:0x50000000  x8:0x00000001 x12=0x00000000
       14755000	      1474	8000057c	00219c93	slli	x25,x3,0x2	  x3:0x00000000 x25=0x00000000
       14765000	      1475	80000580	01333cb3	sltu	x25,x6,x19	  x6:0x00000001 x19:0x80000454 x25=0x00000001
       14775000	      1476	80000584	01884533	xor	x10,x16,x24	 x16:0x00000000 x24:0x0000198f x10=0x0000198f
       14785000	      1477	80000588	ffe08093	addi	x1,x1,-2	  x1:0x00000007  x1=0x00000005
       14795000	      1478	8000058c	fff0fce3	bgeu	x1,x31,80000584	  x1:0x00000005 x31:0x00000006
       14805000	      1479	80000590	015dd1b3	srl	x3,x27,x21	 x27:0x80009fc4 x21:0x80009f54  x3=0x00000800
       14815000	      1480	80000594	00700113	addi	x2,x0,7	  x0:0x00000000  x2=0x00000007
       14825000	      1481	80000598	00159533	sll	x10,x11,x1	 x11:0x6e84e548  x1:0x00000005 x10=0xd09ca900
       14835000	      1482	8000059c	41075a33	sra	x20,x14,x16	 x14:0x00000000 x16:0x00000000 x20=0x00000000
       14845000	      1483	800005a0	ff300593	addi	x11,x0,-13	  x0:0x00000000 x11=0xfffffff3
       14855000	      1484	800005a4	81371697	auipc	x13,0x81371	 x13=0x013715a0
       14865000	      1485	800005a8	005c2bb3	slt	x23,x24,x5	 x24:0x0000198f  x5:0x00000125 x23=0x00000000
       14875000	      1486	800005ac	00162bb3	slt	x23,x12,x1	 x12:0x00000000  x1:0x00000005 x23=0x00000001
       14885000	      1487	800005b0	7e400713	addi	x14,x0,2020	  x0:0x00000000 x14=0x000007e4
       14895000	      1488	800005b4	b9900493	addi	x9,x0,-1127	  x0:0x00000000  x9=0xfffffb99
       14905000	      1489	800005b8	ff610113	addi	x2,x2,-10	  x2:0x00000007  x2=0xfffffffd
       14915000	      1490	800005bc	feb106e3	beq	x2,x11,800005a8	  x2:0xfffffffd x11:0xfffffff3
       14925000	      1491	800005c0	b9622793	slti	x15,x4,-1130	  x4:0x00000000 x15=0x00000000
       14935000	      1492	800005c4	00700313	addi	x6,x0,7	  x0:0x00000000  x6=0x00000007
       14945000	      1493	800005c8	00000013	addi	x0,x0,0	  x0:0x00000000
       14955000	      1494	800005cc	0cc1c613	xori	x12,x3,204	  x3:0x00000800 x12=0x000008cc
       14965000	      1495	800005d0	40855b33	sra	x22,x10,x8	 x10:0xd09ca900  x8:0x00000001 x22=0xe84e5480
       14975000	      1496	800005d4	fee00a13	addi	x20,x0,-18	  x0:0x00000000 x20=0xffffffee
       14985000	      1497	800005d8	0063a9b3	slt	x19,x7,x6	  x7:0x6e84e549  x6:0x00000007 x19=0x00000000
       14995000	      1498	800005dc	ffb30313	addi	x6,x6,-5	  x6:0x00000007  x6=0x00000002
       15005000	      1499	800005e0	14e7b613	sltiu	x12,x15,334	 x15:0x00000000 x12=0x00000001
       15015000	      1500	800005e4	41f45933	sra	x18,x8,x31	  x8:0x00000001 x31:0x00000006 x18=0x00000000
       15025000	      1501	800005e8	08c27493	andi	x9,x4,140	  x4:0x00000000  x9=0x00000000
       15035000	      1502	800005ec	ff4316e3	bne	x6,x20,800005d8	  x6:0x00000002 x20:0xffffffee
       15045000	      1503	00000000	00000013	addi	x0,x0,0	  x0:0x00000000
       15055000	      1504	800005d4	00000013	addi	x0,x0,0	  x0:0x00000000
       15065000	      1505	800005d8	0063a9b3	slt	x19,x7,x6	  x7:0x6e84e549  x6:0x00000002 x19=0x00000000
       15075000	      1506	800005dc	ffb30313	addi	x6,x6,-5	  x6:0x00000002  x6=0xfffffffd
       15085000	      1507	800005e0	14e7b613	sltiu	x12,x15,334	 x15:0x00000000 x12=0x00000001
       15095000	      1508	800005e4	41f45933	sra	x18,x8,x31	  x8:0x00000001 x31:0x00000006 x18=0x00000000
       15105000	      1509	800005e8	08c27493	andi	x9,x4,140	  x4:0x00000000  x9=0x00000000
       15115000	      1510	800005ec	ff4316e3	bne	x6,x20,800005d8	  x6:0xfffffffd x20:0xffffffee
       15125000	      1511	00000000	00000013	addi	x0,x0,0	  x0:0x00000000
       15135000	      1512	800005d4	00000013	addi	x0,x0,0	  x0:0x00000000
       15145000	      1513	800005d8	0063a9b3	slt	x19,x7,x6	  x7:0x6e84e549  x6:0xfffffffd x19=0x00000000
       15155000	      1514	800005dc	ffb30313	addi	x6,x6,-5	  x6:0xfffffffd  x6=0xfffffff8
       15165000	      1515	800005e0	14e7b613	sltiu	x12,x15,334	 x15:0x00000000 x12=0x00000001
       15175000	      1516	800005e4	41f45933	sra	x18,x8,x31	  x8:0x00000001 x31:0x00000006 x18=0x00000000
       15185000	      1517	800005e8	08c27493	andi	x9,x4,140	  x4:0x00000000  x9=0x00000000
       15195000	      1518	800005ec	ff4316e3	bne	x6,x20,800005d8	  x6:0xfffffff8 x20:0xffffffee
       15205000	      1519	00000000	00000013	addi	x0,x0,0	  x0:0x00000000
       15215000	      1520	800005d4	00000013	addi	x0,x0,0	  x0:0x00000000
       15225000	      1521	800005d8	0063a9b3	slt	x19,x7,x6	  x7:0x6e84e549  x6:0xfffffff8 x19=0x00000000
       15235000	      1522	800005dc	ffb30313	addi	x6,x6,-5	  x6:0xfffffff8  x6=0xfffffff3
       15245000	      1523	800005e0	14e7b613	sltiu	x12,x15,334	 x15:0x00000000 x12=0x00000001
       15255000	      1524	800005e4	41f45933	sra	x18,x8,x31	  x8:0x00000001 x31:0x00000006 x18=0x00000000
       15265000	      1525	800005e8	08c27493	andi	x9,x4,140	  x4:0x00000000  x9=0x00000000
       15275000	      1526	800005ec	ff4316e3	bne	x6,x20,800005d8	  x6:0xfffffff3 x20:0xffffffee
       15285000	      1527	00000000	00000013	addi	x0,x0,0	  x0:0x00000000
       15295000	      1528	800005d4	00000013	addi	x0,x0,0	  x0:0x00000000
       15305000	      1529	800005d8	0063a9b3	slt	x19,x7,x6	  x7:0x6e84e549  x6:0xfffffff3 x19=0x00000000
       15315000	      1530	800005dc	ffb30313	addi	x6,x6,-5	  x6:0xfffffff3  x6=0xffffffee
       15325000	      1531	800005e0	14e7b613	sltiu	x12,x15,334	 x15:0x00000000 x12=0x00000001
       15335000	      1532	800005e4	41f45933	sra	x18,x8,x31	  x8:0x00000001 x31:0x00000006 x18=0x00000000
       15345000	      1533	800005e8	08c27493	andi	x9,x4,140	  x4:0x00000000  x9=0x00000000
       15355000	      1534	800005ec	ff4316e3	bne	x6,x20,800005d8	  x6:0xffffffee x20:0xffffffee
       15365000	      1535	800005f0	018ce2b3	or	x5,x25,x24	 x25:0x00000001 x24:0x0000198f  x5=0x0000198f
       15375000	      1536	800005f4	ff800f93	addi	x31,x0,-8	  x0:0x00000000 x31=0xfffffff8
       15385000	      1537	800005f8	00ff2833	slt	x16,x30,x15	 x30:0x80009ec7 x15:0x00000000 x16=0x00000001
       15395000	      1538	800005fc	00000013	addi	x0,x0,0	  x0:0x00000000
       15405000	      1539	80000600	f1744b37	lui	x22,0xf1744	 x22=0xf1744000
       15415000	      1540	80000604	01b3de33	srl	x28,x7,x27	  x7:0x6e84e549 x27:0x80009fc4 x28=0x06e84e54
       15425000	      1541	80000608	9be4ccb7	lui	x25,0x9be4c	 x25=0x9be4c000
       15435000	      1542	8000060c	466b6713	ori	x14,x22,1126	 x22:0xf1744000 x14=0xf1744466
       15445000	      1543	80000610	43cde013	ori	x0,x27,1084	 x27:0x80009fc4
       15455000	      1544	80000614	004f3033	sltu	x0,x30,x4	 x30:0x80009ec7  x4:0x00000000
       15465000	      1545	80000618	40c25c13	srai	x24,x4,0xc	  x4:0x00000000 x24=0x00000000
       15475000	      1546	8000061c	00100993	addi	x19,x0,1	  x0:0x00000000 x19=0x00000001
       15485000	      1547	80000620	40510bb3	sub	x23,x2,x5	  x2:0xfffffffd  x5:0x0000198f x23=0xffffe66e
       15495000	      1548	80000624	9c1ef397	auipc	x7,0x9c1ef	  x7=0x1c1ef620
       15505000	      1549	80000628	010444b3	xor	x9,x8,x16	  x8:0x00000001 x16:0x00000001  x9=0x00000000
       15515000	      1550	8000062c	4063dcb3	sra	x25,x7,x6	  x7:0x1c1ef620  x6:0xffffffee x25=0x0000707b
       15525000	      1551	80000630	010171b3	and	x3,x2,x16	  x2:0xfffffffd x16:0x00000001  x3=0x00000001
       15535000	      1552	80000634	002f8f93	addi	x31,x31,2	 x31:0xfffffff8 x31=0xfffffffa
       15545000	      1553	80000638	bc23a717	auipc	x14,0xbc23a	 x14=0x3c23a634
       15555000	      1554	8000063c	01cd7433	and	x8,x26,x28	 x26:0x917b2299 x28:0x06e84e54  x8=0x00680210
       15565000	      1555	80000640	0089c4b3	xor	x9,x19,x8	 x19:0x00000001  x8:0x00680210  x9=0x00680211
       15575000	      1556	80000644	0179b8b3	sltu	x17,x19,x23	 x19:0x00000001 x23:0xffffe66e x17=0x00000001
       15585000	      1557	80000648	fd3fcce3	blt	x31,x19,80000620	 x31:0xfffffffa x19:0x00000001
       15595000	      1558	00000000	00000013	addi	x0,x0,0	  x0:0x00000000
       15605000	      1559	8000061c	00000013	addi	x0,x0,0	  x0:0x00000000
       15615000	      1560	80000620	40510bb3	sub	x23,x2,x5	  x2:0xfffffffd  x5:0x0000198f x23=0xffffe66e
       15625000	      1561	80000624	9c1ef397	auipc	x7,0x9c1ef	  x7=0x1c1ef620
       15635000	      1562	80000628	010444b3	xor	x9,x8,x16	  x8:0x00680210 x16:0x00000001  x9=0x00680211
       15645000	      1563	8000062c	4063dcb3	sra	x25,x7,x6	  x7:0x1c1ef620  x6:0xffffffee x25=0x0000707b
       15655000	      1564	80000630	010171b3	and	x3,x2,x16	  x2:0xfffffffd x16:0x00000001  x3=0x00000001
       15665000	      1565	80000634	002f8f93	addi	x31,x31,2	 x31:0xfffffffa x31=0xfffffffc
       15675000	      1566	80000638	bc23a717	auipc	x14,0xbc23a	 x14=0x3c23a634
       15685000	      1567	8000063c	01cd7433	and	x8,x26,x28	 x26:0x917b2299 x28:0x06e84e54  x8=0x00680210
       15695000	      1568	80000640	0089c4b3	xor	x9,x19,x8	 x19:0x00000001  x8:0x00680210  x9=0x00680211
       15705000	      1569	80000644	0179b8b3	sltu	x17,x19,x23	 x19:0x00000001 x23:0xffffe66e x17=0x00000001
       15715000	      1570	80000648	fd3fcce3	blt	x31,x19,80000620	 x31:0xfffffffc x19:0x00000001
       15725000	      1571	00000000	00000013	addi	x0,x0,0	  x0:0x00000000
       15735000	      1572	8000061c	00000013	addi	x0,x0,0	  x0:0x00000000
       15745000	      1573	80000620	40510bb3	sub	x23,x2,x5	  x2:0xfffffffd  x5:0x0000198f x23=0xffffe66e
       15755000	      1574	80000624	9c1ef397	auipc	x7,0x9c1ef	  x7=0x1c1ef620
       15765000	      1575	80000628	010444b3	xor	x9,x8,x16	  x8:0x00680210 x16:0x00000001  x9=0x00680211
       15775000	      1576	8000062c	4063dcb3	sra	x25,x7,x6	  x7:0x1c1ef620  x6:0xffffffee x25=0x0000707b
       15785000	      1577	80000630	010171b3	and	x3,x2,x16	  x2:0xfffffffd x16:0x00000001  x3=0x00000001
       15795000	      1578	80000634	002f8f93	addi	x31,x31,2	 x31:0xfffffffc x31=0xfffffffe
       15805000	      1579	80000638	bc23a717	auipc	x14,0xbc23a	 x14=0x3c23a634
       15815000	      1580	8000063c	01cd7433	and	x8,x26,x28	 x26:0x917b2299 x28:0x06e84e54  x8=0x00680210
       15825000	      1581	80000640	0089c4b3	xor	x9,x19,x8	 x19:0x00000001  x8:0x00680210  x9=0x00680211
       15835000	      1582	80000644	0179b8b3	sltu	x17,x19,x23	 x19:0x00000001 x23:0xffffe66e x17=0x00000001
       15845000	      1583	80000648	fd3fcce3	blt	x31,x19,80000620	 x31:0xfffffffe x19:0x00000001
       15855000	      1584	00000000	00000013	addi	x0,x0,0	  x0:0x00000000
       15865000	      1585	8000061c	00000013	addi	x0,x0,0	  x0:0x00000000
       15875000	      1586	80000620	40510bb3	sub	x23,x2,x5	  x2:0xfffffffd  x5:0x0000198f x23=0xffffe66e
       15885000	      1587	80000624	9c1ef397	auipc	x7,0x9c1ef	  x7=0x1c1ef620
       15895000	      1588	80000628	010444b3	xor	x9,x8,x16	  x8:0x00680210 x16:0x00000001  x9=0x00680211
       15905000	      1589	8000062c	4063dcb3	sra	x25,x7,x6	  x7:0x1c1ef620  x6:0xffffffee x25=0x0000707b
       15915000	      1590	80000630	010171b3	and	x3,x2,x16	  x2:0xfffffffd x16:0x00000001  x3=0x00000001
       15925000	      1591	80000634	002f8f93	addi	x31,x31,2	 x31:0xfffffffe x31=0x00000000
       15935000	      1592	80000638	bc23a717	auipc	x14,0xbc23a	 x14=0x3c23a634
       15945000	      1593	8000063c	01cd7433	and	x8,x26,x28	 x26:0x917b2299 x28:0x06e84e54  x8=0x00680210
       15955000	      1594	80000640	0089c4b3	xor	x9,x19,x8	 x19:0x00000001  x8:0x00680210  x9=0x00680211
       15965000	      1595	80000644	0179b8b3	sltu	x17,x19,x23	 x19:0x00000001 x23:0xffffe66e x17=0x00000001
       15975000	      1596	80000648	fd3fcce3	blt	x31,x19,80000620	 x31:0x00000000 x19:0x00000001
       15985000	      1597	00000000	00000013	addi	x0,x0,0	  x0:0x00000000
       15995000	      1598	8000061c	00000013	addi	x0,x0,0	  x0:0x00000000
       16005000	      1599	80000620	40510bb3	sub	x23,x2,x5	  x2:0xfffffffd  x5:0x0000198f x23=0xffffe66e
       16015000	      1600	80000624	9c1ef397	auipc	x7,0x9c1ef	  x7=0x1c1ef620
       16025000	      1601	80000628	010444b3	xor	x9,x8,x16	  x8:0x00680210 x16:0x00000001  x9=0x00680211
       16035000	      1602	8000062c	4063dcb3	sra	x25,x7,x6	  x7:0x1c1ef620  x6:0xffffffee x25=0x0000707b
       16045000	      1603	80000630	010171b3	and	x3,x2,x16	  x2:0xfffffffd x16:0x00000001  x3=0x00000001
       16055000	      1604	80000634	002f8f93	addi	x31,x31,2	 x31:0x00000000 x31=0x00000002
       16065000	      1605	80000638	bc23a717	auipc	x14,0xbc23a	 x14=0x3c23a634
       16075000	      1606	8000063c	01cd7433	and	x8,x26,x28	 x26:0x917b2299 x28:0x06e84e54  x8=0x00680210
       16085000	      1607	80000640	0089c4b3	xor	x9,x19,x8	 x19:0x00000001  x8:0x00680210  x9=0x00680211
       16095000	      1608	80000644	0179b8b3	sltu	x17,x19,x23	 x19:0x00000001 x23:0xffffe66e x17=0x00000001
       16105000	      1609	80000648	fd3fcce3	blt	x31,x19,80000620	 x31:0x00000002 x19:0x00000001
       16115000	      1610	8000064c	cb2bb893	sltiu	x17,x23,-846	 x23:0xffffe66e x17=0x00000001
       16125000	      1611	80000650	00300213	addi	x4,x0,3	  x0:0x00000000  x4=0x00000003
       16135000	      1612	80000654	419283b3	sub	x7,x5,x25	  x5:0x0000198f x25:0x0000707b  x7=0xffffa914
       16145000	      1613	80000658	fef00893	addi	x17,x0,-17	  x0:0x00000000 x17=0xffffffef
       16155000	      1614	8000065c	001b56b3	srl	x13,x22,x1	 x22:0xf1744000  x1:0x00000005 x13=0x078ba200
       16165000	      1615	80000660	754d6413	ori	x8,x26,1876	 x26:0x917b2299  x8=0x917b27dd
       16175000	      1616	80000664	8f34f2b7	lui	x5,0x8f34f	  x5=0x8f34f000
       16185000	      1617	80000668	00000013	addi	x0,x0,0	  x0:0x00000000
       16195000	      1618	8000066c	bfd4b693	sltiu	x13,x9,-1027	  x9:0x00680211 x13=0x00000001
       16205000	      1619	80000670	4031d9b3	sra	x19,x3,x3	  x3:0x00000001  x3:0x00000001 x19=0x00000000
       16215000	      1620	80000674	ffc20213	addi	x4,x4,-4	  x4:0x00000003  x4=0xffffffff
       16225000	      1621	80000678	028f7e13	andi	x28,x30,40	 x30:0x80009ec7 x28=0x00000000
       16235000	      1622	8000067c	3f092d13	slti	x26,x18,1008	 x18:0x00000000 x26=0x00000001
       16245000	      1623	80000680	bfb08f13	addi	x30,x1,-1029	  x1:0x00000005 x30=0xfffffc00
       16255000	      1624	80000684	0060fc33	and	x24,x1,x6	  x1:0x00000005  x6:0xffffffee x24=0x00000004
       16265000	      1625	80000688	40f75713	srai	x14,x14,0xf	 x14:0x3c23a634 x14=0x00007847
       16275000	      1626	8000068c	9dc9cf93	xori	x31,x19,-1572	 x19:0x00000000 x31=0xfffff9dc
       16285000	      1627	80000690	40398433	sub	x8,x19,x3	 x19:0x00000000  x3:0x00000001  x8=0xffffffff
       16295000	      1628	80000694	cad46093	ori	x1,x8,-851	  x8:0xffffffff  x1=0xffffffff
       16305000	      1629	80000698	40b450b3	sra	x1,x8,x11	  x8:0xffffffff x11:0xfffffff3  x1=0xffffffff
       16315000	      1630	8000069c	407adc13	srai	x24,x21,0x7	 x21:0x80009f54 x24=0xff00013e
       16325000	      1631	800006a0	00c09793	slli	x15,x1,0xc	  x1:0xffffffff x15=0xfffff000
       16335000	      1632	800006a4	7a77a493	slti	x9,x15,1959	 x15:0xfffff000  x9=0x00000001
       16345000	      1633	800006a8	562b0817	auipc	x16,0x562b0	 x16=0xd62b06a4
       16355000	      1634	800006ac	003d1e33	sll	x28,x26,x3	 x26:0x00000001  x3:0x00000001 x28=0x00000002
       16365000	      1635	800006b0	4741c313	xori	x6,x3,1140	  x3:0x00000001  x6=0x00000475
       16375000	      1636	800006b4	fb121ce3	bne	x4,x17,8000066c	  x4:0xffffffff x17:0xffffffef
       16385000	      1637	00000000	00000013	addi	x0,x0,0	  x0:0x00000000
       16395000	      1638	80000668	00000013	addi	x0,x0,0	  x0:0x00000000
       16405000	      1639	8000066c	bfd4b693	sltiu	x13,x9,-1027	  x9:0x00000001 x13=0x00000001
       16415000	      1640	80000670	4031d9b3	sra	x19,x3,x3	  x3:0x00000001  x3:0x00000001 x19=0x00000000
       16425000	      1641	80000674	ffc20213	addi	x4,x4,-4	  x4:0xffffffff  x4=0xfffffffb
       16435000	      1642	80000678	028f7e13	andi	x28,x30,40	 x30:0xfffffc00 x28=0x00000000
       16445000	      1643	8000067c	3f092d13	slti	x26,x18,1008	 x18:0x00000000 x26=0x00000001
       16455000	      1644	80000680	bfb08f13	addi	x30,x1,-1029	  x1:0xffffffff x30=0xfffffbfa
       16465000	      1645	80000684	0060fc33	and	x24,x1,x6	  x1:0xffffffff  x6:0x00000475 x24=0x00000475
       16475000	      1646	80000688	40f75713	srai	x14,x14,0xf	 x14:0x00007847 x14=0x00000000
       16485000	      1647	8000068c	9dc9cf93	xori	x31,x19,-1572	 x19:0x00000000 x31=0xfffff9dc
       16495000	      1648	80000690	40398433	sub	x8,x19,x3	 x19:0x00000000  x3:0x00000001  x8=0xffffffff
       16505000	      1649	80000694	cad46093	ori	x1,x8,-851	  x8:0xffffffff  x1=0xffffffff
       16515000	      1650	80000698	40b450b3	sra	x1,x8,x11	  x8:0xffffffff x11:0xfffffff3  x1=0xffffffff
       16525000	      1651	8000069c	407adc13	srai	x24,x21,0x7	 x21:0x80009f54 x24=0xff00013e
       16535000	      1652	800006a0	00c09793	slli	x15,x1,0xc	  x1:0xffffffff x15=0xfffff000
       16545000	      1653	800006a4	7a77a493	slti	x9,x15,1959	 x15:0xfffff000  x9=0x00000001
       16555000	      1654	800006a8	562b0817	auipc	x16,0x562b0	 x16=0xd62b06a4
       16565000	      1655	800006ac	003d1e33	sll	x28,x26,x3	 x26:0x00000001  x3:0x00000001 x28=0x00000002
       16575000	      1656	800006b0	4741c313	xori	x6,x3,1140	  x3:0x00000001  x6=0x00000475
       16585000	      1657	800006b4	fb121ce3	bne	x4,x17,8000066c	  x4:0xfffffffb x17:0xffffffef
       16595000	      1658	00000000	00000013	addi	x0,x0,0	  x0:0x00000000
       16605000	      1659	80000668	00000013	addi	x0,x0,0	  x0:0x00000000
       16615000	      1660	8000066c	bfd4b693	sltiu	x13,x9,-1027	  x9:0x00000001 x13=0x00000001
       16625000	      1661	80000670	4031d9b3	sra	x19,x3,x3	  x3:0x00000001  x3:0x00000001 x19=0x00000000
       16635000	      1662	80000674	ffc20213	addi	x4,x4,-4	  x4:0xfffffffb  x4=0xfffffff7
       16645000	      1663	80000678	028f7e13	andi	x28,x30,40	 x30:0xfffffbfa x28=0x00000028
       16655000	      1664	8000067c	3f092d13	slti	x26,x18,1008	 x18:0x00000000 x26=0x00000001
       16665000	      1665	80000680	bfb08f13	addi	x30,x1,-1029	  x1:0xffffffff x30=0xfffffbfa
       16675000	      1666	80000684	0060fc33	and	x24,x1,x6	  x1:0xffffffff  x6:0x00000475 x24=0x00000475
       16685000	      1667	80000688	40f75713	srai	x14,x14,0xf	 x14:0x00000000 x14=0x00000000
       16695000	      1668	8000068c	9dc9cf93	xori	x31,x19,-1572	 x19:0x00000000 x31=0xfffff9dc
       16705000	      1669	80000690	40398433	sub	x8,x19,x3	 x19:0x00000000  x3:0x00000001  x8=0xffffffff
       16715000	      1670	80000694	cad46093	ori	x1,x8,-851	  x8:0xffffffff  x1=0xffffffff
       16725000	      1671	80000698	40b450b3	sra	x1,x8,x11	  x8:0xffffffff x11:0xfffffff3  x1=0xffffffff
       16735000	      1672	8000069c	407adc13	srai	x24,x21,0x7	 x21:0x80009f54 x24=0xff00013e
       16745000	      1673	800006a0	00c09793	slli	x15,x1,0xc	  x1:0xffffffff x15=0xfffff000
       16755000	      1674	800006a4	7a77a493	slti	x9,x15,1959	 x15:0xfffff000  x9=0x00000001
       16765000	      1675	800006a8	562b0817	auipc	x16,0x562b0	 x16=0xd62b06a4
       16775000	      1676	800006ac	003d1e33	sll	x28,x26,x3	 x26:0x00000001  x3:0x00000001 x28=0x00000002
       16785000	      1677	800006b0	4741c313	xori	x6,x3,1140	  x3:0x00000001  x6=0x00000475
       16795000	      1678	800006b4	fb121ce3	bne	x4,x17,8000066c	  x4:0xfffffff7 x17:0xffffffef
       16805000	      1679	00000000	00000013	addi	x0,x0,0	  x0:0x00000000
       16815000	      1680	80000668	00000013	addi	x0,x0,0	  x0:0x00000000
       16825000	      1681	8000066c	bfd4b693	sltiu	x13,x9,-1027	  x9:0x00000001 x13=0x00000001
       16835000	      1682	80000670	4031d9b3	sra	x19,x3,x3	  x3:0x00000001  x3:0x00000001 x19=0x00000000
       16845000	      1683	80000674	ffc20213	addi	x4,x4,-4	  x4:0xfffffff7  x4=0xfffffff3
       16855000	      1684	80000678	028f7e13	andi	x28,x30,40	 x30:0xfffffbfa x28=0x00000028
       16865000	      1685	8000067c	3f092d13	slti	x26,x18,1008	 x18:0x00000000 x26=0x00000001
       16875000	      1686	80000680	bfb08f13	addi	x30,x1,-1029	  x1:0xffffffff x30=0xfffffbfa
       16885000	      1687	80000684	0060fc33	and	x24,x1,x6	  x1:0xffffffff  x6:0x00000475 x24=0x00000475
       16895000	      1688	80000688	40f75713	srai	x14,x14,0xf	 x14:0x00000000 x14=0x00000000
       16905000	      1689	8000068c	9dc9cf93	xori	x31,x19,-1572	 x19:0x00000000 x31=0xfffff9dc
       16915000	      1690	80000690	40398433	sub	x8,x19,x3	 x19:0x00000000  x3:0x00000001  x8=0xffffffff
       16925000	      1691	80000694	cad46093	ori	x1,x8,-851	  x8:0xffffffff  x1=0xffffffff
       16935000	      1692	80000698	40b450b3	sra	x1,x8,x11	  x8:0xffffffff x11:0xfffffff3  x1=0xffffffff
       16945000	      1693	8000069c	407adc13	srai	x24,x21,0x7	 x21:0x80009f54 x24=0xff00013e
       16955000	      1694	800006a0	00c09793	slli	x15,x1,0xc	  x1:0xffffffff x15=0xfffff000
       16965000	      1695	800006a4	7a77a493	slti	x9,x15,1959	 x15:0xfffff000  x9=0x00000001
       16975000	      1696	800006a8	562b0817	auipc	x16,0x562b0	 x16=0xd62b06a4
       16985000	      1697	800006ac	003d1e33	sll	x28,x26,x3	 x26:0x00000001  x3:0x00000001 x28=0x00000002
       16995000	      1698	800006b0	4741c313	xori	x6,x3,1140	  x3:0x00000001  x6=0x00000475
       17005000	      1699	800006b4	fb121ce3	bne	x4,x17,8000066c	  x4:0xfffffff3 x17:0xffffffef
       17015000	      1700	00000000	00000013	addi	x0,x0,0	  x0:0x00000000
       17025000	      1701	80000668	00000013	addi	x0,x0,0	  x0:0x00000000
       17035000	      1702	8000066c	bfd4b693	sltiu	x13,x9,-1027	  x9:0x00000001 x13=0x00000001
       17045000	      1703	80000670	4031d9b3	sra	x19,x3,x3	  x3:0x00000001  x3:0x00000001 x19=0x00000000
       17055000	      1704	80000674	ffc20213	addi	x4,x4,-4	  x4:0xfffffff3  x4=0xffffffef
       17065000	      1705	80000678	028f7e13	andi	x28,x30,40	 x30:0xfffffbfa x28=0x00000028
       17075000	      1706	8000067c	3f092d13	slti	x26,x18,1008	 x18:0x00000000 x26=0x00000001
       17085000	      1707	80000680	bfb08f13	addi	x30,x1,-1029	  x1:0xffffffff x30=0xfffffbfa
       17095000	      1708	80000684	0060fc33	and	x24,x1,x6	  x1:0xffffffff  x6:0x00000475 x24=0x00000475
       17105000	      1709	80000688	40f75713	srai	x14,x14,0xf	 x14:0x00000000 x14=0x00000000
       17115000	      1710	8000068c	9dc9cf93	xori	x31,x19,-1572	 x19:0x00000000 x31=0xfffff9dc
       17125000	      1711	80000690	40398433	sub	x8,x19,x3	 x19:0x00000000  x3:0x00000001  x8=0xffffffff
       17135000	      1712	80000694	cad46093	ori	x1,x8,-851	  x8:0xffffffff  x1=0xffffffff
       17145000	      1713	80000698	40b450b3	sra	x1,x8,x11	  x8:0xffffffff x11:0xfffffff3  x1=0xffffffff
       17155000	      1714	8000069c	407adc13	srai	x24,x21,0x7	 x21:0x80009f54 x24=0xff00013e
       17165000	      1715	800006a0	00c09793	slli	x15,x1,0xc	  x1:0xffffffff x15=0xfffff000
       17175000	      1716	800006a4	7a77a493	slti	x9,x15,1959	 x15:0xfffff000  x9=0x00000001
       17185000	      1717	800006a8	562b0817	auipc	x16,0x562b0	 x16=0xd62b06a4
       17195000	      1718	800006ac	003d1e33	sll	x28,x26,x3	 x26:0x00000001  x3:0x00000001 x28=0x00000002
       17205000	      1719	800006b0	4741c313	xori	x6,x3,1140	  x3:0x00000001  x6=0x00000475
       17215000	      1720	800006b4	fb121ce3	bne	x4,x17,8000066c	  x4:0xffffffef x17:0xffffffef
       17225000	      1721	800006b8	409a8033	sub	x0,x21,x9	 x21:0x80009f54  x9:0x00000001
       17235000	      1722	800006bc	ffb00713	addi	x14,x0,-5	  x0:0x00000000 x14=0xfffffffb
       17245000	      1723	800006c0	01f2ab33	slt	x22,x5,x31	  x5:0x8f34f000 x31:0xfffff9dc x22=0x00000001
       17255000	      1724	800006c4	00000013	addi	x0,x0,0	  x0:0x00000000
       17265000	      1725	800006c8	ff600413	addi	x8,x0,-10	  x0:0x00000000  x8=0xfffffff6
       17275000	      1726	800006cc	ea36c593	xori	x11,x13,-349	 x13:0x00000001 x11=0xfffffea2
       17285000	      1727	800006d0	41815193	srai	x3,x2,0x18	  x2:0xfffffffd  x3=0xffffffff
       17295000	      1728	800006d4	ff670713	addi	x14,x14,-10	 x14:0xfffffffb x14=0xfffffff1
       17305000	      1729	800006d8	004276b3	and	x13,x4,x4	  x4:0xffffffef  x4:0xffffffef x13=0xffffffef
       17315000	      1730	800006dc	dcea2913	slti	x18,x20,-562	 x20:0xffffffee x18=0x00000000
       17325000	      1731	800006e0	ffd00893	addi	x17,x0,-3	  x0:0x00000000 x17=0xfffffffd
       17335000	      1732	800006e4	ae35c097	auipc	x1,0xae35c	  x1=0x2e35c6e0
       17345000	      1733	800006e8	00200d13	addi	x26,x0,2	  x0:0x00000000 x26=0x00000002
       17355000	      1734	800006ec	40c20833	sub	x16,x4,x12	  x4:0xffffffef x12:0x00000001 x16=0xffffffee
       17365000	      1735	800006f0	7f95c513	xori	x10,x11,2041	 x11:0xfffffea2 x10=0xfffff95b
       17375000	      1736	800006f4	007b9533	sll	x10,x23,x7	 x23:0xffffe66e  x7:0xffffa914 x10=0x66e00000
       17385000	      1737	800006f8	01143533	sltu	x10,x8,x17	  x8:0xfffffff6 x17:0xfffffffd x10=0x00000001
       17395000	      1738	800006fc	00588893	addi	x17,x17,5	 x17:0xfffffffd x17=0x00000002
       17405000	      1739	80000700	ffa8c8e3	blt	x17,x26,800006f0	 x17:0x00000002 x26:0x00000002
       17415000	      1740	80000704	01c59793	slli	x15,x11,0x1c	 x11:0xfffffea2 x15=0x20000000
       17425000	      1741	80000708	fc8752e3	bge	x14,x8,800006cc	 x14:0xfffffff1  x8:0xfffffff6
       17435000	      1742	8000070c	002b44b3	xor	x9,x22,x2	 x22:0x00000001  x2:0xfffffffd  x9=0xfffffffc
       17445000	      1743	80000710	01633933	sltu	x18,x6,x22	  x6:0x00000475 x22:0x00000001 x18=0x00000000
       17455000	      1744	80000714	002f8d33	add	x26,x31,x2	 x31:0xfffff9dc  x2:0xfffffffd x26=0xfffff9d9
       17465000	      1745	80000718	02d64463	blt	x12,x13,80000740	 x12:0x00000001 x13:0xffffffef
       17475000	      1746	8000071c	e4c8d097	auipc	x1,0xe4c8d	  x1=0x64c8d718
       17485000	      1747	80000720	22a24913	xori	x18,x4,554	  x4:0xffffffef x18=0xfffffdc5
       17495000	      1748	80000724	00ca0a63	beq	x20,x12,80000738	 x20:0xffffffee x12:0x00000001
       17505000	      1749	80000728	41b5d213	srai	x4,x11,0x1b	 x11:0xfffffea2  x4=0xffffffff
       17515000	      1750	8000072c	00000013	addi	x0,x0,0	  x0:0x00000000
       17525000	      1751	80000730	00b2a5b3	slt	x11,x5,x11	  x5:0x8f34f000 x11:0xfffffea2 x11=0x00000001
       17535000	      1752	80000734	00000013	addi	x0,x0,0	  x0:0x00000000
       17545000	      1753	80000738	01cd1c93	slli	x25,x26,0x1c	 x26:0xfffff9d9 x25=0x90000000
       17555000	      1754	8000073c	05bc4663	blt	x24,x27,80000788	 x24:0xff00013e x27:0x80009fc4
       17565000	      1755	80000740	c28db817	auipc	x16,0xc28db	 x16=0x428db73c
       17575000	      1756	80000744	048b1863	bne	x22,x8,80000794	 x22:0x00000001  x8:0xfffffff6
       17585000	      1757	00000000	00000013	addi	x0,x0,0	  x0:0x00000000
       17595000	      1758	80000790	00000013	addi	x0,x0,0	  x0:0x00000000
       17605000	      1759	80000794	bcf68b93	addi	x23,x13,-1073	 x13:0xffffffef x23=0xfffffbbe
       17615000	      1760	80000798	30dc6c13	ori	x24,x24,781	 x24:0xff00013e x24=0xff00033f
       17625000	      1761	8000079c	055fc863	blt	x31,x21,800007ec	 x31:0xfffff9dc x21:0x80009f54
       17635000	      1762	800007a0	000a93b3	sll	x7,x21,x0	 x21:0x80009f54  x0:0x00000000  x7=0x80009f54
       17645000	      1763	800007a4	ef0c6c13	ori	x24,x24,-272	 x24:0xff00033f x24=0xffffffff
       17655000	      1764	800007a8	00a25033	srl	x0,x4,x10	  x4:0xffffffff x10:0x00000001
       17665000	      1765	800007ac	0105f863	bgeu	x11,x16,800007bc	 x11:0x00000001 x16:0x428db73c
       17675000	      1766	800007b0	01361463	bne	x12,x19,800007b8	 x12:0x00000001 x19:0x00000000
       17685000	      1767	00000000	00000013	addi	x0,x0,0	  x0:0x00000000
       17695000	      1768	800007b4	00000013	addi	x0,x0,0	  x0:0x00000000
       17705000	      1769	800007b8	03a84a63	blt	x16,x26,800007ec	 x16:0x428db73c x26:0xfffff9d9
       17715000	      1770	800007bc	00b94933	xor	x18,x18,x11	 x18:0xfffffdc5 x11:0x00000001 x18=0xfffffdc4
       17725000	      1771	800007c0	01a06433	or	x8,x0,x26	  x0:0x00000000 x26:0xfffff9d9  x8=0xfffff9d9
       17735000	      1772	800007c4	01572b33	slt	x22,x14,x21	 x14:0xfffffff1 x21:0x80009f54 x22=0x00000000
       17745000	      1773	800007c8	00a49cb3	sll	x25,x9,x10	  x9:0xfffffffc x10:0x00000001 x25=0xfffffff8
       17755000	      1774	800007cc	00cbc663	blt	x23,x12,800007d8	 x23:0xfffffbbe x12:0x00000001
       17765000	      1775	00000000	00000013	addi	x0,x0,0	  x0:0x00000000
       17775000	      1776	800007d4	00000013	addi	x0,x0,0	  x0:0x00000000
       17785000	      1777	800007d8	0163d193	srli	x3,x7,0x16	  x7:0x80009f54  x3=0x00000200
       17795000	      1778	800007dc	01669c63	bne	x13,x22,800007f4	 x13:0xffffffef x22:0x00000000
       17805000	      1779	00000000	00000013	addi	x0,x0,0	  x0:0x00000000
       17815000	      1780	800007f0	00000013	addi	x0,x0,0	  x0:0x00000000
       17825000	      1781	800007f4	40a653b3	sra	x7,x12,x10	 x12:0x00000001 x10:0x00000001  x7=0x00000000
       17835000	      1782	800007f8	41035f33	sra	x30,x6,x16	  x6:0x00000475 x16:0x428db73c x30=0x00000000
       17845000	      1783	800007fc	0ea9e063	bltu	x19,x10,800008dc	 x19:0x00000000 x10:0x00000001
       17855000	      1784	00000000	00000013	addi	x0,x0,0	  x0:0x00000000
       17865000	      1785	800008d8	00000013	addi	x0,x0,0	  x0:0x00000000
       17875000	      1786	800008dc	84352813	slti	x16,x10,-1981	 x10:0x00000001 x16=0x00000000
       17885000	      1787	800008e0	96683793	sltiu	x15,x16,-1690	 x16:0x00000000 x15=0x00000001
       17895000	      1788	800008e4	05a91263	bne	x18,x26,80000928	 x18:0xfffffdc4 x26:0xfffff9d9
       17905000	      1789	00000000	00000013	addi	x0,x0,0	  x0:0x00000000
       17915000	      1790	80000924	00000013	addi	x0,x0,0	  x0:0x00000000
       17925000	      1791	80000928	011d6333	or	x6,x26,x17	 x26:0xfffff9d9 x17:0x00000002  x6=0xfffff9db
       17935000	      1792	8000092c	81b2a913	slti	x18,x5,-2021	  x5:0x8f34f000 x18=0x00000001
       17945000	      1793	80000930	9bbcc413	xori	x8,x25,-1605	 x25:0xfffffff8  x8=0x00000643
       17955000	      1794	80000934	e272b793	sltiu	x15,x5,-473	  x5:0x8f34f000 x15=0x00000001
       17965000	      1795	80000938	00d90e63	beq	x18,x13,80000954	 x18:0x00000001 x13:0xffffffef
       17975000	      1796	8000093c	40b88633	sub	x12,x17,x11	 x17:0x00000002 x11:0x00000001 x12=0x00000001
       17985000	      1797	80000940	dfffc897	auipc	x17,0xdfffc	 x17=0x5fffc93c
       17995000	      1798	80000944	41cadc93	srai	x25,x21,0x1c	 x21:0x80009f54 x25=0xfffffff8
       18005000	      1799	80000948	41615e13	srai	x28,x2,0x16	  x2:0xfffffffd x28=0xffffffff
       18015000	      1800	8000094c	5d1fae13	slti	x28,x31,1489	 x31:0xfffff9dc x28=0x00000001
       18025000	      1801	80000950	012efe63	bgeu	x29,x18,8000096c	 x29:0xf9031f22 x18:0x00000001
       18035000	      1802	00000000	00000013	addi	x0,x0,0	  x0:0x00000000
       18045000	      1803	80000968	00000013	addi	x0,x0,0	  x0:0x00000000
       18055000	      1804	8000096c	00000013	addi	x0,x0,0	  x0:0x00000000
       18065000	      1805	80000970	00bf15b3	sll	x11,x30,x11	 x30:0x00000000 x11:0x00000001 x11=0x00000000
       18075000	      1806	80000974	00c7ae33	slt	x28,x15,x12	 x15:0x00000001 x12:0x00000001 x28=0x00000000
       18085000	      1807	80000978	290d5337	lui	x6,0x290d5	  x6=0x290d5000
       18095000	      1808	8000097c	00edde13	srli	x28,x27,0xe	 x27:0x80009fc4 x28=0x00020002
       18105000	      1809	80000980	2ae3fc17	auipc	x24,0x2ae3f	 x24=0xaae3f97c
       18115000	      1810	80000984	12cec197	auipc	x3,0x12cec	  x3=0x92cec980
       18125000	      1811	80000988	05498063	beq	x19,x20,800009c8	 x19:0x00000000 x20:0xffffffee
       18135000	      1812	8000098c	00e5d263	bge	x11,x14,80000990	 x11:0x00000000 x14:0xfffffff1
       18145000	      1813	00000000	00000013	addi	x0,x0,0	  x0:0x00000000
       18155000	      1814	8000098c	00000013	addi	x0,x0,0	  x0:0x00000000
       18165000	      1815	80000990	2b59ab93	slti	x23,x19,693	 x19:0x00000000 x23=0x00000001
       18175000	      1816	80000994	01db4663	blt	x22,x29,800009a0	 x22:0x00000000 x29:0xf9031f22
       18185000	      1817	80000998	04831463	bne	x6,x8,800009e0	  x6:0x290d5000  x8:0x00000643
       18195000	      1818	00000000	00000013	addi	x0,x0,0	  x0:0x00000000
       18205000	      1819	800009dc	00000013	addi	x0,x0,0	  x0:0x00000000
       18215000	      1820	800009e0	05d67863	bgeu	x12,x29,80000a30	 x12:0x00000001 x29:0xf9031f22
       18225000	      1821	800009e4	87d61217	auipc	x4,0x87d61	  x4=0x07d619e0
       18235000	      1822	800009e8	01c69433	sll	x8,x13,x28	 x13:0xffffffef x28:0x00020002  x8=0xffffffbc
       18245000	      1823	800009ec	008c5e63	bge	x24,x8,80000a08	 x24:0xaae3f97c  x8:0xffffffbc
       18255000	      1824	800009f0	3a9b3713	sltiu	x14,x22,937	 x22:0x00000000 x14=0x00000001
       18265000	      1825	800009f4	00000013	addi	x0,x0,0	  x0:0x00000000
       18275000	      1826	800009f8	00000013	addi	x0,x0,0	  x0:0x00000000
       18285000	      1827	800009fc	01e6ad33	slt	x26,x13,x30	 x13:0xffffffef x30:0x00000000 x26=0x00000001
       18295000	      1828	80000a00	00655b13	srli	x22,x10,0x6	 x10:0x00000001 x22=0x00000000
       18305000	      1829	80000a04	01341d33	sll	x26,x8,x19	  x8:0xffffffbc x19:0x00000000 x26=0xffffffbc
       18315000	      1830	80000a08	239d2017	auipc	x0,0x239d2	
       18325000	      1831	80000a0c	01a88533	add	x10,x17,x26	 x17:0x5fffc93c x26:0xffffffbc x10=0x5fffc8f8
       18335000	      1832	80000a10	017aa633	slt	x12,x21,x23	 x21:0x80009f54 x23:0x00000001 x12=0x00000001
       18345000	      1833	80000a14	00000013	addi	x0,x0,0	  x0:0x00000000
       18355000	      1834	80000a18	16080a37	lui	x20,0x16080	 x20=0x16080000
       18365000	      1835	80000a1c	01675fb3	srl	x31,x14,x22	 x14:0x00000001 x22:0x00000000 x31=0x00000001
       18375000	      1836	80000a20	dad22613	slti	x12,x4,-595	  x4:0x07d619e0 x12=0x00000000
       18385000	      1837	80000a24	000fb333	sltu	x6,x31,x0	 x31:0x00000001  x0:0x00000000  x6=0x00000000
       18395000	      1838	80000a28	7796d837	lui	x16,0x7796d	 x16=0x7796d000
       18405000	      1839	80000a2c	00a0e663	bltu	x1,x10,80000a38	  x1:0x64c8d718 x10:0x5fffc8f8
       18415000	      1840	80000a30	005ff263	bgeu	x31,x5,80000a34	 x31:0x00000001  x5:0x8f34f000
       18425000	      1841	80000a34	6c3c4613	xori	x12,x24,1731	 x24:0xaae3f97c x12=0xaae3ffbf
       18435000	      1842	80000a38	00fc7133	and	x2,x24,x15	 x24:0xaae3f97c x15:0x00000001  x2=0x00000000
       18445000	      1843	80000a3c	4042db93	srai	x23,x5,0x4	  x5:0x8f34f000 x23=0xf8f34f00
       18455000	      1844	80000a40	e619c393	xori	x7,x19,-415	 x19:0x00000000  x7=0xfffffe61
       18465000	      1845	80000a44	057c5063	bge	x24,x23,80000a84	 x24:0xaae3f97c x23:0xf8f34f00
       18475000	      1846	80000a48	40fa8c33	sub	x24,x21,x15	 x21:0x80009f54 x15:0x00000001 x24=0x80009f53
       18485000	      1847	80000a4c	01a5ef33	or	x30,x11,x26	 x11:0x00000000 x26:0xffffffbc x30=0xffffffbc
       18495000	      1848	80000a50	c9d5f693	andi	x13,x11,-867	 x11:0x00000000 x13=0x00000000
       18505000	      1849	80000a54	40b95833	sra	x16,x18,x11	 x18:0x00000001 x11:0x00000000 x16=0x00000001
       18515000	      1850	80000a58	00f79213	slli	x4,x15,0xf	 x15:0x00000001  x4=0x00008000
       18525000	      1851	80000a5c	1e8a0913	addi	x18,x20,488	 x20:0x16080000 x18=0x160801e8
       18535000	      1852	80000a60	01f59633	sll	x12,x11,x31	 x11:0x00000000 x31:0x00000001 x12=0x00000000
       18545000	      1853	80000a64	00000013	addi	x0,x0,0	  x0:0x00000000
       18555000	      1854	80000a68	006004b3	add	x9,x0,x6	  x0:0x00000000  x6:0x00000000  x9=0x00000000
       18565000	      1855	80000a6c	014a9493	slli	x9,x21,0x14	 x21:0x80009f54  x9=0xf5400000
       18575000	      1856	80000a70	70193b13	sltiu	x22,x18,1793	 x18:0x160801e8 x22=0x00000000
       18585000	      1857	80000a74	0176dc33	srl	x24,x13,x23	 x13:0x00000000 x23:0xf8f34f00 x24=0x00000000
       18595000	      1858	80000a78	01899693	slli	x13,x19,0x18	 x19:0x00000000 x13=0x00000000
       18605000	      1859	80000a7c	0144e7b3	or	x15,x9,x20	  x9:0xf5400000 x20:0x16080000 x15=0xf7480000
       18615000	      1860	80000a80	00c21593	slli	x11,x4,0xc	  x4:0x00008000 x11=0x08000000
       18625000	      1861	80000a84	012b1b13	slli	x22,x22,0x12	 x22:0x00000000 x22=0x00000000
       18635000	      1862	80000a88	0136f333	and	x6,x13,x19	 x13:0x00000000 x19:0x00000000  x6=0x00000000
       18645000	      1863	80000a8c	00000013	addi	x0,x0,0	  x0:0x00000000
       18655000	      1864	80000a90	0ca48463	beq	x9,x10,80000b58	  x9:0xf5400000 x10:0x5fffc8f8
       18665000	      1865	80000a94	0c354663	blt	x10,x3,80000b60	 x10:0x5fffc8f8  x3:0x92cec980
       18675000	      1866	80000a98	00000013	addi	x0,x0,0	  x0:0x00000000
       18685000	      1867	80000a9c	01bad8b3	srl	x17,x21,x27	 x21:0x80009f54 x27:0x80009fc4 x17=0x080009f5
       18695000	      1868	80000aa0	41380833	sub	x16,x16,x19	 x16:0x00000001 x19:0x00000000 x16=0x00000001
       18705000	      1869	80000aa4	0f050263	beq	x10,x16,80000b88	 x10:0x5fffc8f8 x16:0x00000001
       18715000	      1870	80000aa8	68186e13	ori	x28,x16,1665	 x16:0x00000001 x28=0x00000681
       18725000	      1871	80000aac	55d64213	xori	x4,x12,1373	 x12:0x00000000  x4=0x0000055d
       18735000	      1872	80000ab0	01d81393	slli	x7,x16,0x1d	 x16:0x00000001  x7=0x20000000
       18745000	      1873	80000ab4	9121c837	lui	x16,0x9121c	 x16=0x9121c000
       18755000	      1874	80000ab8	00500a13	addi	x20,x0,5	  x0:0x00000000 x20=0x00000005
       18765000	      1875	80000abc	2fb9c513	xori	x10,x19,763	 x19:0x00000000 x10=0x000002fb
       18775000	      1876	80000ac0	7672bc17	auipc	x24,0x7672b	 x24=0xf672babc
       18785000	      1877	80000ac4	efbfb913	sltiu	x18,x31,-261	 x31:0x00000001 x18=0x00000001
       18795000	      1878	80000ac8	01e0e1b3	or	x3,x1,x30	  x1:0x64c8d718 x30:0xffffffbc  x3=0xffffffbc
       18805000	      1879	80000acc	00f111b3	sll	x3,x2,x15	  x2:0x00000000 x15:0xf7480000  x3=0x00000000
       18815000	      1880	80000ad0	41d60c33	sub	x24,x12,x29	 x12:0x00000000 x29:0xf9031f22 x24=0x06fce0de
       18825000	      1881	80000ad4	7434c113	xori	x2,x9,1859	  x9:0xf5400000  x2=0xf5400743
       18835000	      1882	80000ad8	ffd00393	addi	x7,x0,-3	  x0:0x00000000  x7=0xfffffffd
       18845000	      1883	80000adc	a373f093	andi	x1,x7,-1481	  x7:0xfffffffd  x1=0xfffffa35
       18855000	      1884	80000ae0	00728b33	add	x22,x5,x7	  x5:0x8f34f000  x7:0xfffffffd x22=0x8f34effd
       18865000	      1885	80000ae4	0055bb33	sltu	x22,x11,x5	 x11:0x08000000  x5:0x8f34f000 x22=0x00000001
       18875000	      1886	80000ae8	630d9917	auipc	x18,0x630d9	 x18=0xe30d9ae4
       18885000	      1887	80000aec	004ca833	slt	x16,x25,x4	 x25:0xfffffff8  x4:0x0000055d x16=0x00000001
       18895000	      1888	80000af0	00000013	addi	x0,x0,0	  x0:0x00000000
       18905000	      1889	80000af4	53300c93	addi	x25,x0,1331	  x0:0x00000000 x25=0x00000533
       18915000	      1890	80000af8	0005c5b3	xor	x11,x11,x0	 x11:0x08000000  x0:0x00000000 x11=0x08000000
       18925000	      1891	80000afc	ffea0a13	addi	x20,x20,-2	 x20:0x00000005 x20=0x00000003
       18935000	      1892	80000b00	01c92c33	slt	x24,x18,x28	 x18:0xe30d9ae4 x28:0x00000681 x24=0x00000001
       18945000	      1893	80000b04	00ad6533	or	x10,x26,x10	 x26:0xffffffbc x10:0x000002fb x10=0xffffffff
       18955000	      1894	80000b08	e387b693	sltiu	x13,x15,-456	 x15:0xf7480000 x13=0x00000001
       18965000	      1895	80000b0c	672e3737	lui	x14,0x672e3	 x14=0x672e3000
       18975000	      1896	80000b10	23bfd097	auipc	x1,0x23bfd	  x1=0xa3bfdb0c
       18985000	      1897	80000b14	40f65513	srai	x10,x12,0xf	 x12:0x00000000 x10=0x00000000
       18995000	      1898	80000b18	004d7733	and	x14,x26,x4	 x26:0xffffffbc  x4:0x0000055d x14=0x0000051c
       19005000	      1899	80000b1c	fc7a5ce3	bge	x20,x7,80000af4	 x20:0x00000003  x7:0xfffffffd
       19015000	      1900	00000000	00000013	addi	x0,x0,0	  x0:0x00000000
       19025000	      1901	80000af0	00000013	addi	x0,x0,0	  x0:0x00000000
       19035000	      1902	80000af4	53300c93	addi	x25,x0,1331	  x0:0x00000000 x25=0x00000533
       19045000	      1903	80000af8	0005c5b3	xor	x11,x11,x0	 x11:0x08000000  x0:0x00000000 x11=0x08000000
       19055000	      1904	80000afc	ffea0a13	addi	x20,x20,-2	 x20:0x00000003 x20=0x00000001
       19065000	      1905	80000b00	01c92c33	slt	x24,x18,x28	 x18:0xe30d9ae4 x28:0x00000681 x24=0x00000001
       19075000	      1906	80000b04	00ad6533	or	x10,x26,x10	 x26:0xffffffbc x10:0x00000000 x10=0xffffffbc
       19085000	      1907	80000b08	e387b693	sltiu	x13,x15,-456	 x15:0xf7480000 x13=0x00000001
       19095000	      1908	80000b0c	672e3737	lui	x14,0x672e3	 x14=0x672e3000
       19105000	      1909	80000b10	23bfd097	auipc	x1,0x23bfd	  x1=0xa3bfdb0c
       19115000	      1910	80000b14	40f65513	srai	x10,x12,0xf	 x12:0x00000000 x10=0x00000000
       19125000	      1911	80000b18	004d7733	and	x14,x26,x4	 x26:0xffffffbc  x4:0x0000055d x14=0x0000051c
       19135000	      1912	80000b1c	fc7a5ce3	bge	x20,x7,80000af4	 x20:0x00000001  x7:0xfffffffd
       19145000	      1913	00000000	00000013	addi	x0,x0,0	  x0:0x00000000
       19155000	      1914	80000af0	00000013	addi	x0,x0,0	  x0:0x00000000
       19165000	      1915	80000af4	53300c93	addi	x25,x0,1331	  x0:0x00000000 x25=0x00000533
       19175000	      1916	80000af8	0005c5b3	xor	x11,x11,x0	 x11:0x08000000  x0:0x00000000 x11=0x08000000
       19185000	      1917	80000afc	ffea0a13	addi	x20,x20,-2	 x20:0x00000001 x20=0xffffffff
       19195000	      1918	80000b00	01c92c33	slt	x24,x18,x28	 x18:0xe30d9ae4 x28:0x00000681 x24=0x00000001
       19205000	      1919	80000b04	00ad6533	or	x10,x26,x10	 x26:0xffffffbc x10:0x00000000 x10=0xffffffbc
       19215000	      1920	80000b08	e387b693	sltiu	x13,x15,-456	 x15:0xf7480000 x13=0x00000001
       19225000	      1921	80000b0c	672e3737	lui	x14,0x672e3	 x14=0x672e3000
       19235000	      1922	80000b10	23bfd097	auipc	x1,0x23bfd	  x1=0xa3bfdb0c
       19245000	      1923	80000b14	40f65513	srai	x10,x12,0xf	 x12:0x00000000 x10=0x00000000
       19255000	      1924	80000b18	004d7733	and	x14,x26,x4	 x26:0xffffffbc  x4:0x0000055d x14=0x0000051c
       19265000	      1925	80000b1c	fc7a5ce3	bge	x20,x7,80000af4	 x20:0xffffffff  x7:0xfffffffd
       19275000	      1926	00000000	00000013	addi	x0,x0,0	  x0:0x00000000
       19285000	      1927	80000af0	00000013	addi	x0,x0,0	  x0:0x00000000
       19295000	      1928	80000af4	53300c93	addi	x25,x0,1331	  x0:0x00000000 x25=0x00000533
       19305000	      1929	80000af8	0005c5b3	xor	x11,x11,x0	 x11:0x08000000  x0:0x00000000 x11=0x08000000
       19315000	      1930	80000afc	ffea0a13	addi	x20,x20,-2	 x20:0xffffffff x20=0xfffffffd
       19325000	      1931	80000b00	01c92c33	slt	x24,x18,x28	 x18:0xe30d9ae4 x28:0x00000681 x24=0x00000001
       19335000	      1932	80000b04	00ad6533	or	x10,x26,x10	 x26:0xffffffbc x10:0x00000000 x10=0xffffffbc
       19345000	      1933	80000b08	e387b693	sltiu	x13,x15,-456	 x15:0xf7480000 x13=0x00000001
       19355000	      1934	80000b0c	672e3737	lui	x14,0x672e3	 x14=0x672e3000
       19365000	      1935	80000b10	23bfd097	auipc	x1,0x23bfd	  x1=0xa3bfdb0c
       19375000	      1936	80000b14	40f65513	srai	x10,x12,0xf	 x12:0x00000000 x10=0x00000000
       19385000	      1937	80000b18	004d7733	and	x14,x26,x4	 x26:0xffffffbc  x4:0x0000055d x14=0x0000051c
       19395000	      1938	80000b1c	fc7a5ce3	bge	x20,x7,80000af4	 x20:0xfffffffd  x7:0xfffffffd
       19405000	      1939	00000000	00000013	addi	x0,x0,0	  x0:0x00000000
       19415000	      1940	80000af0	00000013	addi	x0,x0,0	  x0:0x00000000
       19425000	      1941	80000af4	53300c93	addi	x25,x0,1331	  x0:0x00000000 x25=0x00000533
       19435000	      1942	80000af8	0005c5b3	xor	x11,x11,x0	 x11:0x08000000  x0:0x00000000 x11=0x08000000
       19445000	      1943	80000afc	ffea0a13	addi	x20,x20,-2	 x20:0xfffffffd x20=0xfffffffb
       19455000	      1944	80000b00	01c92c33	slt	x24,x18,x28	 x18:0xe30d9ae4 x28:0x00000681 x24=0x00000001
       19465000	      1945	80000b04	00ad6533	or	x10,x26,x10	 x26:0xffffffbc x10:0x00000000 x10=0xffffffbc
       19475000	      1946	80000b08	e387b693	sltiu	x13,x15,-456	 x15:0xf7480000 x13=0x00000001
       19485000	      1947	80000b0c	672e3737	lui	x14,0x672e3	 x14=0x672e3000
       19495000	      1948	80000b10	23bfd097	auipc	x1,0x23bfd	  x1=0xa3bfdb0c
       19505000	      1949	80000b14	40f65513	srai	x10,x12,0xf	 x12:0x00000000 x10=0x00000000
       19515000	      1950	80000b18	004d7733	and	x14,x26,x4	 x26:0xffffffbc  x4:0x0000055d x14=0x0000051c
       19525000	      1951	80000b1c	fc7a5ce3	bge	x20,x7,80000af4	 x20:0xfffffffb  x7:0xfffffffd
       19535000	      1952	80000b20	00779993	slli	x19,x15,0x7	 x15:0xf7480000 x19=0xa4000000
       19545000	      1953	80000b24	069afe63	bgeu	x21,x9,80000ba0	 x21:0x80009f54  x9:0xf5400000
       19555000	      1954	80000b28	c11e0097	auipc	x1,0xc11e0	  x1=0x411e0b24
       19565000	      1955	80000b2c	00500c13	addi	x24,x0,5	  x0:0x00000000 x24=0x00000005
       19575000	      1956	80000b30	85ae6b13	ori	x22,x28,-1958	 x28:0x00000681 x22=0xfffffedb
       19585000	      1957	80000b34	01bb94b3	sll	x9,x23,x27	 x23:0xf8f34f00 x27:0x80009fc4  x9=0x8f34f000
       19595000	      1958	80000b38	00d00293	addi	x5,x0,13	  x0:0x00000000  x5=0x0000000d
       19605000	      1959	80000b3c	4027dc93	srai	x25,x15,0x2	 x15:0xf7480000 x25=0xfdd20000
       19615000	      1960	80000b40	37f4b513	sltiu	x10,x9,895	  x9:0x8f34f000 x10=0x00000000
       19625000	      1961	80000b44	008c0c13	addi	x24,x24,8	 x24:0x00000005 x24=0x0000000d
       19635000	      1962	80000b48	00d19cb3	sll	x25,x3,x13	  x3:0x00000000 x13:0x00000001 x25=0x00000000
       19645000	      1963	80000b4c	00000013	addi	x0,x0,0	  x0:0x00000000
       19655000	      1964	80000b50	fe5c08e3	beq	x24,x5,80000b40	 x24:0x0000000d  x5:0x0000000d
       19665000	      1965	00000000	00000013	addi	x0,x0,0	  x0:0x00000000
       19675000	      1966	80000b3c	00000013	addi	x0,x0,0	  x0:0x00000000
       19685000	      1967	80000b40	37f4b513	sltiu	x10,x9,895	  x9:0x8f34f000 x10=0x00000000
       19695000	      1968	80000b44	008c0c13	addi	x24,x24,8	 x24:0x0000000d x24=0x00000015
       19705000	      1969	80000b48	00d19cb3	sll	x25,x3,x13	  x3:0x00000000 x13:0x00000001 x25=0x00000000
       19715000	      1970	80000b4c	00000013	addi	x0,x0,0	  x0:0x00000000
       19725000	      1971	80000b50	fe5c08e3	beq	x24,x5,80000b40	 x24:0x00000015  x5:0x0000000d
       19735000	      1972	80000b54	763456b7	lui	x13,0x76345	 x13=0x76345000
       19745000	      1973	80000b58	b934ec93	ori	x25,x9,-1133	  x9:0x8f34f000 x25=0xfffffb93
       19755000	      1974	80000b5c	01f923b3	slt	x7,x18,x31	 x18:0xe30d9ae4 x31:0x00000001  x7=0x00000001
       19765000	      1975	80000b60	05ea5063	bge	x20,x30,80000ba0	 x20:0xfffffffb x30:0xffffffbc
       19775000	      1976	00000000	00000013	addi	x0,x0,0	  x0:0x00000000
       19785000	      1977	80000b9c	00000013	addi	x0,x0,0	  x0:0x00000000
       19795000	      1978	80000ba0	0aa5d663	bge	x11,x10,80000c4c	 x11:0x08000000 x10:0x00000000
       19805000	      1979	00000000	00000013	addi	x0,x0,0	  x0:0x00000000
       19815000	      1980	80000c48	00000013	addi	x0,x0,0	  x0:0x00000000
       19825000	      1981	80000c4c	003716b3	sll	x13,x14,x3	 x14:0x0000051c  x3:0x00000000 x13=0x0000051c
       19835000	      1982	80000c50	046ae463	bltu	x21,x6,80000c98	 x21:0x80009f54  x6:0x00000000
       19845000	      1983	80000c54	5d69b413	sltiu	x8,x19,1494	 x19:0xa4000000  x8=0x00000000
       19855000	      1984	80000c58	00d6ba33	sltu	x20,x13,x13	 x13:0x0000051c x13:0x0000051c x20=0x00000000
       19865000	      1985	80000c5c	41bade13	srai	x28,x21,0x1b	 x21:0x80009f54 x28=0xfffffff0
       19875000	      1986	80000c60	01b08733	add	x14,x1,x27	  x1:0x411e0b24 x27:0x80009fc4 x14=0xc11eaae8
       19885000	      1987	80000c64	00992533	slt	x10,x18,x9	 x18:0xe30d9ae4  x9:0x8f34f000 x10=0x00000000
       19895000	      1988	80000c68	404b06b3	sub	x13,x22,x4	 x22:0xfffffedb  x4:0x0000055d x13=0xfffff97e
       19905000	      1989	80000c6c	0016d913	srli	x18,x13,0x1	 x13:0xfffff97e x18=0x7ffffcbf
       19915000	      1990	80000c70	014c80b3	add	x1,x25,x20	 x25:0xfffffb93 x20:0x00000000  x1=0xfffffb93
       19925000	      1991	80000c74	024e7463	bgeu	x28,x4,80000c9c	 x28:0xfffffff0  x4:0x0000055d
       19935000	      1992	00000000	00000013	addi	x0,x0,0	  x0:0x00000000
       19945000	      1993	80000c98	00000013	addi	x0,x0,0	  x0:0x00000000
       19955000	      1994	80000c9c	c75ee313	ori	x6,x29,-907	 x29:0xf9031f22  x6=0xffffff77
       19965000	      1995	80000ca0	ebd6fc13	andi	x24,x13,-323	 x13:0xfffff97e x24=0xfffff83c
       19975000	      1996	80000ca4	00845c63	bge	x8,x8,80000cbc	  x8:0x00000000  x8:0x00000000
       19985000	      1997	00000000	00000013	addi	x0,x0,0	  x0:0x00000000
       19995000	      1998	80000cb8	00000013	addi	x0,x0,0	  x0:0x00000000
       20005000	      1999	80000cbc	415edb33	sra	x22,x29,x21	 x29:0xf9031f22 x21:0x80009f54 x22=0xffffff90
       20015000	      2000	80000cc0	44b57893	andi	x17,x10,1099	 x10:0x00000000 x17=0x00000000
       20025000	      2001	80000cc4	00000013	addi	x0,x0,0	  x0:0x00000000
       20035000	      2002	80000cc8	0056e463	bltu	x13,x5,80000cd0	 x13:0xfffff97e  x5:0x0000000d
       20045000	      2003	80000ccc	00985413	srli	x8,x16,0x9	 x16:0x00000001  x8=0x00000000
       20055000	      2004	80000cd0	00ed2cb3	slt	x25,x26,x14	 x26:0xffffffbc x14:0xc11eaae8 x25=0x00000000
       20065000	      2005	80000cd4	00c7d8b3	srl	x17,x15,x12	 x15:0xf7480000 x12:0x00000000 x17=0xf7480000
       20075000	      2006	80000cd8	e1a42817	auipc	x16,0xe1a42	 x16=0x61a42cd4
       20085000	      2007	80000cdc	00fd0e63	beq	x26,x15,80000cf8	 x26:0xffffffbc x15:0xf7480000
       20095000	      2008	80000ce0	9637c193	xori	x3,x15,-1693	 x15:0xf7480000  x3=0x08b7f963
       20105000	      2009	80000ce4	bce64d13	xori	x26,x12,-1074	 x12:0x00000000 x26=0xfffffbce
       20115000	      2010	80000ce8	ea888013	addi	x0,x17,-344	 x17:0xf7480000
       20125000	      2011	80000cec	010b7a63	bgeu	x22,x16,80000d00	 x22:0xffffff90 x16:0x61a42cd4
       20135000	      2012	00000000	00000013	addi	x0,x0,0	  x0:0x00000000
       20145000	      2013	80000cfc	00000013	addi	x0,x0,0	  x0:0x00000000
       20155000	      2014	80000d00	019fdfb3	srl	x31,x31,x25	 x31:0x00000001 x25:0x00000000 x31=0x00000001
       20165000	      2015	80000d04	006c58b3	srl	x17,x24,x6	 x24:0xfffff83c  x6:0xffffff77 x17=0x000001ff
       20175000	      2016	80000d08	01089913	slli	x18,x17,0x10	 x17:0x000001ff x18=0x01ff0000
       20185000	      2017	80000d0c	40f65833	sra	x16,x12,x15	 x12:0x00000000 x15:0xf7480000 x16=0x00000000
       20195000	      2018	80000d10	01428533	add	x10,x5,x20	  x5:0x0000000d x20:0x00000000 x10=0x0000000d
       20205000	      2019	80000d14	00e99293	slli	x5,x19,0xe	 x19:0xa4000000  x5=0x00000000
       20215000	      2020	80000d18	04954463	blt	x10,x9,80000d60	 x10:0x0000000d  x9:0x8f34f000
       20225000	      2021	80000d1c	01099a13	slli	x20,x19,0x10	 x19:0xa4000000 x20=0x00000000
       20235000	      2022	80000d20	aeea2793	slti	x15,x20,-1298	 x20:0x00000000 x15=0x00000000
       20245000	      2023	80000d24	01237e63	bgeu	x6,x18,80000d40	  x6:0xffffff77 x18:0x01ff0000
       20255000	      2024	00000000	00000013	addi	x0,x0,0	  x0:0x00000000
       20265000	      2025	80000d3c	00000013	addi	x0,x0,0	  x0:0x00000000
       20275000	      2026	80000d40	41375d33	sra	x26,x14,x19	 x14:0xc11eaae8 x19:0xa4000000 x26=0xc11eaae8
       20285000	      2027	80000d44	019a22b3	slt	x5,x20,x25	 x20:0x00000000 x25:0x00000000  x5=0x00000000
       20295000	      2028	80000d48	00b8fe63	bgeu	x17,x11,80000d64	 x17:0x000001ff x11:0x08000000
       20305000	      2029	80000d4c	01cf9313	slli	x6,x31,0x1c	 x31:0x00000001  x6=0x10000000
       20315000	      2030	80000d50	01254933	xor	x18,x10,x18	 x10:0x0000000d x18:0x01ff0000 x18=0x01ff000d
       20325000	      2031	80000d54	4882fc93	andi	x25,x5,1160	  x5:0x00000000 x25=0x00000000
       20335000	      2032	80000d58	02617a63	bgeu	x2,x6,80000d8c	  x2:0xf5400743  x6:0x10000000
       20345000	      2033	00000000	00000013	addi	x0,x0,0	  x0:0x00000000
       20355000	      2034	80000d88	00000013	addi	x0,x0,0	  x0:0x00000000
       20365000	      2035	80000d8c	009e1e63	bne	x28,x9,80000da8	 x28:0xfffffff0  x9:0x8f34f000
       20375000	      2036	00000000	00000013	addi	x0,x0,0	  x0:0x00000000
       20385000	      2037	80000da4	00000013	addi	x0,x0,0	  x0:0x00000000
       20395000	      2038	80000da8	036c5263	bge	x24,x22,80000dcc	 x24:0xfffff83c x22:0xffffff90
       20405000	      2039	80000dac	edfe8993	addi	x19,x29,-289	 x29:0xf9031f22 x19=0xf9031e01
       20415000	      2040	80000db0	516a3b93	sltiu	x23,x20,1302	 x20:0x00000000 x23=0x00000001
       20425000	      2041	80000db4	147c2813	slti	x16,x24,327	 x24:0xfffff83c x16=0x00000001
       20435000	      2042	80000db8	404dda13	srai	x20,x27,0x4	 x27:0x80009fc4 x20=0xf80009fc
       20445000	      2043	80000dbc	24ef7513	andi	x10,x30,590	 x30:0xffffffbc x10=0x0000020c
       20455000	      2044	80000dc0	004e9493	slli	x9,x29,0x4	 x29:0xf9031f22  x9=0x9031f220
       20465000	      2045	80000dc4	00526633	or	x12,x4,x5	  x4:0x0000055d  x5:0x00000000 x12=0x0000055d
       20475000	      2046	80000dc8	01db7c33	and	x24,x22,x29	 x22:0xffffff90 x29:0xf9031f22 x24=0xf9031f00
       20485000	      2047	80000dcc	6c423137	lui	x2,0x6c423	  x2=0x6c423000
       20495000	      2048	80000dd0	04bd8863	beq	x27,x11,80000e20	 x27:0x80009fc4 x11:0x08000000
       20505000	      2049	80000dd4	00089f93	slli	x31,x17,0x0	 x17:0x000001ff x31=0x000001ff
       20515000	      2050	80000dd8	01105933	srl	x18,x0,x17	  x0:0x00000000 x17:0x000001ff x18=0x00000000
       20525000	      2051	80000ddc	0177f033	and	x0,x15,x23	 x15:0x00000000 x23:0x00000001
       20535000	      2052	80000de0	9ec54793	xori	x15,x10,-1556	 x10:0x0000020c x15=0xfffffbe0
       20545000	      2053	80000de4	00b35b13	srli	x22,x6,0xb	  x6:0x10000000 x22=0x00020000
       20555000	      2054	80000de8	0012ecb3	or	x25,x5,x1	  x5:0x00000000  x1:0xfffffb93 x25=0xfffffb93
       20565000	      2055	80000dec	eeab2997	auipc	x19,0xeeab2	 x19=0x6eab2de8
       20575000	      2056	80000df0	92d4b193	sltiu	x3,x9,-1747	  x9:0x9031f220  x3=0x00000001
       20585000	      2057	80000df4	bc3b6817	auipc	x16,0xbc3b6	 x16=0x3c3b6df0
       20595000	      2058	80000df8	016499b3	sll	x19,x9,x22	  x9:0x9031f220 x22:0x00020000 x19=0x9031f220
       20605000	      2059	80000dfc	41485793	srai	x15,x16,0x14	 x16:0x3c3b6df0 x15=0x000003c3
       20615000	      2060	80000e00	4000d893	srai	x17,x1,0x0	  x1:0xfffffb93 x17=0xfffffb93
       20625000	      2061	80000e04	4054d433	sra	x8,x9,x5	  x9:0x9031f220  x5:0x00000000  x8=0x9031f220
       20635000	      2062	80000e08	408ad013	srai	x0,x21,0x8	 x21:0x80009f54
       20645000	      2063	80000e0c	f5ade413	ori	x8,x27,-166	 x27:0x80009fc4  x8=0xffffffde
       20655000	      2064	80000e10	013635b3	sltu	x11,x12,x19	 x12:0x0000055d x19:0x9031f220 x11=0x00000001
       20665000	      2065	80000e14	01bc8fb3	add	x31,x25,x27	 x25:0xfffffb93 x27:0x80009fc4 x31=0x80009b57
       20675000	      2066	80000e18	04141463	bne	x8,x1,80000e60	  x8:0xffffffde  x1:0xfffffb93
       20685000	      2067	00000000	00000013	addi	x0,x0,0	  x0:0x00000000
       20695000	      2068	80000e5c	00000013	addi	x0,x0,0	  x0:0x00000000
       20705000	      2069	80000e60	d40a0213	addi	x4,x20,-704	 x20:0xf80009fc  x4=0xf800073c
       20715000	      2070	80000e64	0811a697	auipc	x13,0x811a	 x13=0x8811ae60
       20725000	      2071	80000e68	0341d463	bge	x3,x20,80000e90	  x3:0x00000001 x20:0xf80009fc
       20735000	      2072	00000000	00000013	addi	x0,x0,0	  x0:0x00000000
       20745000	      2073	80000e8c	00000013	addi	x0,x0,0	  x0:0x00000000
       20755000	      2074	80000e90	01aff233	and	x4,x31,x26	 x31:0x80009b57 x26:0xc11eaae8  x4=0x80008a40
       20765000	      2075	80000e94	596a6913	ori	x18,x20,1430	 x20:0xf80009fc x18=0xf8000dfe
       20775000	      2076	80000e98	00680cb3	add	x25,x16,x6	 x16:0x3c3b6df0  x6:0x10000000 x25=0x4c3b6df0
       20785000	      2077	80000e9c	00849433	sll	x8,x9,x8	  x9:0x9031f220  x8:0xffffffde  x8=0x00000000
       20795000	      2078	80000ea0	01df90b3	sll	x1,x31,x29	 x31:0x80009b57 x29:0xf9031f22  x1=0x00026d5c
       20805000	      2079	80000ea4	01305bb3	srl	x23,x0,x19	  x0:0x00000000 x19:0x9031f220 x23=0x00000000
       20815000	      2080	80000ea8	03cd5263	bge	x26,x28,80000ecc	 x26:0xc11eaae8 x28:0xfffffff0
       20825000	      2081	80000eac	019b9893	slli	x17,x23,0x19	 x23:0x00000000 x17=0x00000000
       20835000	      2082	80000eb0	02646863	bltu	x8,x6,80000ee0	  x8:0x00000000  x6:0x10000000
       20845000	      2083	00000000	00000013	addi	x0,x0,0	  x0:0x00000000
       20855000	      2084	80000edc	00000013	addi	x0,x0,0	  x0:0x00000000
       20865000	      2085	80000ee0	26a1b397	auipc	x7,0x26a1b	  x7=0xa6a1bedc
       20875000	      2086	80000ee4	01b222b3	slt	x5,x4,x27	  x4:0x80008a40 x27:0x80009fc4  x5=0x00000001
       20885000	      2087	80000ee8	40275213	srai	x4,x14,0x2	 x14:0xc11eaae8  x4=0xf047aaba
       20895000	      2088	80000eec	00ea1263	bne	x20,x14,80000ef0	 x20:0xf80009fc x14:0xc11eaae8
       20905000	      2089	00000000	00000013	addi	x0,x0,0	  x0:0x00000000
       20915000	      2090	80000eec	00000013	addi	x0,x0,0	  x0:0x00000000
       20925000	      2091	80000ef0	d03a0893	addi	x17,x20,-765	 x20:0xf80009fc x17=0xf80006ff
       20935000	      2092	80000ef4	01d4e9b3	or	x19,x9,x29	  x9:0x9031f220 x29:0xf9031f22 x19=0xf933ff22
       20945000	      2093	80000ef8	01033f33	sltu	x30,x6,x16	  x6:0x10000000 x16:0x3c3b6df0 x30=0x00000001
       20955000	      2094	80000efc	404807b3	sub	x15,x16,x4	 x16:0x3c3b6df0  x4:0xf047aaba x15=0x4bf3c336
       20965000	      2095	80000f00	03730a63	beq	x6,x23,80000f34	  x6:0x10000000 x23:0x00000000
       20975000	      2096	80000f04	03b79c63	bne	x15,x27,80000f3c	 x15:0x4bf3c336 x27:0x80009fc4
       20985000	      2097	00000000	00000013	addi	x0,x0,0	  x0:0x00000000
       20995000	      2098	80000f38	00000013	addi	x0,x0,0	  x0:0x00000000
       21005000	      2099	80000f3c	01ab78b3	and	x17,x22,x26	 x22:0x00020000 x26:0xc11eaae8 x17=0x00020000
       21015000	      2100	80000f40	1d47f413	andi	x8,x15,468	 x15:0x4bf3c336  x8=0x00000114
       21025000	      2101	80000f44	00ee44b3	xor	x9,x28,x14	 x28:0xfffffff0 x14:0xc11eaae8  x9=0x3ee15518
       21035000	      2102	80000f48	05d98263	beq	x19,x29,80000f8c	 x19:0xf933ff22 x29:0xf9031f22
       21045000	      2103	80000f4c	014d9593	slli	x11,x27,0x14	 x27:0x80009fc4 x11=0xfc400000
       21055000	      2104	80000f50	41e2d3b3	sra	x7,x5,x30	  x5:0x00000001 x30:0x00000001  x7=0x00000000
       21065000	      2105	80000f54	402fd7b3	sra	x15,x31,x2	 x31:0x80009b57  x2:0x6c423000 x15=0x80009b57
       21075000	      2106	80000f58	01681c93	slli	x25,x16,0x16	 x16:0x3c3b6df0 x25=0x7c000000
       21085000	      2107	80000f5c	77136037	lui	x0,0x77136	
       21095000	      2108	80000f60	001f5c13	srli	x24,x30,0x1	 x30:0x00000001 x24=0x00000000
       21105000	      2109	80000f64	ac04a593	slti	x11,x9,-1344	  x9:0x3ee15518 x11=0x00000000
       21115000	      2110	80000f68	00b2fe63	bgeu	x5,x11,80000f84	  x5:0x00000001 x11:0x00000000
       21125000	      2111	00000000	00000013	addi	x0,x0,0	  x0:0x00000000
       21135000	      2112	80000f80	00000013	addi	x0,x0,0	  x0:0x00000000
       21145000	      2113	80000f84	01c76fb3	or	x31,x14,x28	 x14:0xc11eaae8 x28:0xfffffff0 x31=0xfffffff8
       21155000	      2114	80000f88	002715b3	sll	x11,x14,x2	 x14:0xc11eaae8  x2:0x6c423000 x11=0xc11eaae8
       21165000	      2115	80000f8c	05e57863	bgeu	x10,x30,80000fdc	 x10:0x0000020c x30:0x00000001
       21175000	      2116	00000000	00000013	addi	x0,x0,0	  x0:0x00000000
       21185000	      2117	80000fd8	00000013	addi	x0,x0,0	  x0:0x00000000
       21195000	      2118	80000fdc	00baf633	and	x12,x21,x11	 x21:0x80009f54 x11:0xc11eaae8 x12=0x80008a40
       21205000	      2119	80000fe0	45cfb993	sltiu	x19,x31,1116	 x31:0xfffffff8 x19=0x00000000
       21215000	      2120	80000fe4	00642133	slt	x2,x8,x6	  x8:0x00000114  x6:0x10000000  x2=0x00000001
       21225000	      2121	80000fe8	012a7133	and	x2,x20,x18	 x20:0xf80009fc x18:0xf8000dfe  x2=0xf80009fc
       21235000	      2122	80000fec	005ed663	bge	x29,x5,80000ff8	 x29:0xf9031f22  x5:0x00000001
       21245000	      2123	80000ff0	03b49a63	bne	x9,x27,80001024	  x9:0x3ee15518 x27:0x80009fc4
       21255000	      2124	00000000	00000013	addi	x0,x0,0	  x0:0x00000000
       21265000	      2125	80001020	00000013	addi	x0,x0,0	  x0:0x00000000
       21275000	      2126	80001024	01eeffb3	and	x31,x29,x30	 x29:0xf9031f22 x30:0x00000001 x31=0x00000000
       21285000	      2127	80001028	05669063	bne	x13,x22,80001068	 x13:0x8811ae60 x22:0x00020000
       21295000	      2128	00000000	00000013	addi	x0,x0,0	  x0:0x00000000
       21305000	      2129	80001064	00000013	addi	x0,x0,0	  x0:0x00000000
       21315000	      2130	80001068	01db98b3	sll	x17,x23,x29	 x23:0x00000000 x29:0xf9031f22 x17=0x00000000
       21325000	      2131	8000106c	0024f933	and	x18,x9,x2	  x9:0x3ee15518  x2:0xf80009fc x18=0x38000118
       21335000	      2132	80001070	9c3fbd13	sltiu	x26,x31,-1597	 x31:0x00000000 x26=0x00000001
       21345000	      2133	80001074	7069f493	andi	x9,x19,1798	 x19:0x00000000  x9=0x00000000
       21355000	      2134	80001078	0034dfb3	srl	x31,x9,x3	  x9:0x00000000  x3:0x00000001 x31=0x00000000
       21365000	      2135	8000107c	e2a8c613	xori	x12,x17,-470	 x17:0x00000000 x12=0xfffffe2a
       21375000	      2136	80001080	00ef5133	srl	x2,x30,x14	 x30:0x00000001 x14:0xc11eaae8  x2=0x00000000
       21385000	      2137	80001084	40af5a13	srai	x20,x30,0xa	 x30:0x00000001 x20=0x00000000
       21395000	      2138	80001088	e4a98d13	addi	x26,x19,-438	 x19:0x00000000 x26=0xfffffe4a
       21405000	      2139	8000108c	f8814293	xori	x5,x2,-120	  x2:0x00000000  x5=0xffffff88
       21415000	      2140	80001090	009801b3	add	x3,x16,x9	 x16:0x3c3b6df0  x9:0x00000000  x3=0x3c3b6df0
       21425000	      2141	80001094	003e9e63	bne	x29,x3,800010b0	 x29:0xf9031f22  x3:0x3c3b6df0
       21435000	      2142	00000000	00000013	addi	x0,x0,0	  x0:0x00000000
       21445000	      2143	800010ac	00000013	addi	x0,x0,0	  x0:0x00000000
       21455000	      2144	800010b0	accf7f93	andi	x31,x30,-1332	 x30:0x00000001 x31=0x00000000
       21465000	      2145	800010b4	41175813	srai	x16,x14,0x11	 x14:0xc11eaae8 x16=0xffffe08f
       21475000	      2146	800010b8	01801463	bne	x0,x24,800010c0	  x0:0x00000000 x24:0x00000000
       21485000	      2147	800010bc	03ca9863	bne	x21,x28,800010ec	 x21:0x80009f54 x28:0xfffffff0
       21495000	      2148	00000000	00000013	addi	x0,x0,0	  x0:0x00000000
       21505000	      2149	800010e8	00000013	addi	x0,x0,0	  x0:0x00000000
       21515000	      2150	800010ec	01776b33	or	x22,x14,x23	 x14:0xc11eaae8 x23:0x00000000 x22=0xc11eaae8
       21525000	      2151	800010f0	0505e663	bltu	x11,x16,8000113c	 x11:0xc11eaae8 x16:0xffffe08f
       21535000	      2152	00000000	00000013	addi	x0,x0,0	  x0:0x00000000
       21545000	      2153	80001138	00000013	addi	x0,x0,0	  x0:0x00000000
       21555000	      2154	8000113c	010bdf93	srli	x31,x23,0x10	 x23:0x00000000 x31=0x00000000
       21565000	      2155	80001140	77cd3597	auipc	x11,0x77cd3	 x11=0xf7cd413c
       21575000	      2156	80001144	01988a63	beq	x17,x25,80001158	 x17:0x00000000 x25:0x7c000000
       21585000	      2157	80001148	f002eb13	ori	x22,x5,-256	  x5:0xffffff88 x22=0xffffff88
       21595000	      2158	8000114c	1f243013	sltiu	x0,x8,498	  x8:0x00000114
       21605000	      2159	80001150	6e124d17	auipc	x26,0x6e124	 x26=0xee12514c
       21615000	      2160	80001154	d7f20493	addi	x9,x4,-641	  x4:0xf047aaba  x9=0xf047a839
       21625000	      2161	80001158	401a8f33	sub	x30,x21,x1	 x21:0x80009f54  x1:0x00026d5c x30=0x7ffe31f8
       21635000	      2162	8000115c	05df1263	bne	x30,x29,800011a0	 x30:0x7ffe31f8 x29:0xf9031f22
       21645000	      2163	00000000	00000013	addi	x0,x0,0	  x0:0x00000000
       21655000	      2164	8000119c	00000013	addi	x0,x0,0	  x0:0x00000000
       21665000	      2165	800011a0	00dd3833	sltu	x16,x26,x13	 x26:0xee12514c x13:0x8811ae60 x16=0x00000000
       21675000	      2166	800011a4	005517b3	sll	x15,x10,x5	 x10:0x0000020c  x5:0xffffff88 x15=0x00020c00
       21685000	      2167	800011a8	008e9713	slli	x14,x29,0x8	 x29:0xf9031f22 x14=0x031f2200
       21695000	      2168	800011ac	407f0e33	sub	x28,x30,x7	 x30:0x7ffe31f8  x7:0x00000000 x28=0x7ffe31f8
       21705000	      2169	800011b0	00091463	bne	x18,x0,800011b8	 x18:0x38000118  x0:0x00000000
       21715000	      2170	00000000	00000013	addi	x0,x0,0	  x0:0x00000000
       21725000	      2171	800011b4	00000013	addi	x0,x0,0	  x0:0x00000000
       21735000	      2172	800011b8	ef39cb13	xori	x22,x19,-269	 x19:0x00000000 x22=0xfffffef3
       21745000	      2173	800011bc	016eebb3	or	x23,x29,x22	 x29:0xf9031f22 x22:0xfffffef3 x23=0xfffffff3
       21755000	      2174	800011c0	90b23a13	sltiu	x20,x4,-1781	  x4:0xf047aaba x20=0x00000001
       21765000	      2175	800011c4	004aa983	lw	x19,4(x21)	 x21:0x80009f54 x19=0x80000454 PA:0x80009f58
       21775000	      2176	00000000	00000013	addi	x0,x0,0	  x0:0x00000000
       21785000	      2177	800011c8	4539d197	auipc	x3,0x4539d	  x3=0xc539e1c4
       21795000	      2178	800011cc	41a80d33	sub	x26,x16,x26	 x16:0x00000000 x26:0xee12514c x26=0x11edaeb4
       21805000	      2179	800011d0	024a8a93	addi	x21,x21,36	 x21:0x80009f54 x21=0x80009f78
       21815000	      2180	800011d4	01456833	or	x16,x10,x20	 x10:0x0000020c x20:0x00000001 x16=0x0000020d
       21825000	      2181	800011d8	01362533	slt	x10,x12,x19	 x12:0xfffffe2a x19:0x80000454 x10=0x00000000
       21835000	      2182	800011dc	421e8c17	auipc	x24,0x421e8	 x24=0xc21e91d8
       21845000	      2183	800011e0	00198413	addi	x8,x19,1	 x19:0x80000454  x8=0x80000455
       21855000	      2184	800011e4	00040467	jalr	x8,x8,0	  x8:0x80000455  x8=0x800011e4
       21865000	      2185	00000000	00000013	addi	x0,x0,0	  x0:0x00000000
       21875000	      2186	80000454	00000013	addi	x0,x0,0	  x0:0x00000000
       21885000	      2187	80000458	00002097	auipc	x1,0x2	  x1=0x80002454
       21895000	      2188	8000045c	2e008093	addi	x1,x1,736	  x1:0x80002454  x1=0x80002734
       21905000	      2189	80000460	01ca1133	sll	x2,x20,x28	 x20:0x00000001 x28:0x7ffe31f8  x2=0x01000000
       21915000	      2190	80000464	1e846493	ori	x9,x8,488	  x8:0x800011e4  x9=0x800011ec
       21925000	      2191	80000468	1ff08093	addi	x1,x1,511	  x1:0x80002734  x1=0x80002933
       21935000	      2192	8000046c	01c9e433	or	x8,x19,x28	 x19:0x80000454 x28:0x7ffe31f8  x8=0xfffe35fc
       21945000	      2193	80000470	00e85b93	srli	x23,x16,0xe	 x16:0x0000020d x23=0x00000000
       21955000	      2194	80000474	01b005b3	add	x11,x0,x27	  x0:0x00000000 x27:0x80009fc4 x11=0x80009fc4
       21965000	      2195	80000478	e01089e7	jalr	x19,x1,-511	  x1:0x80002933 x19=0x80000478
       21975000	      2196	00000000	00000013	addi	x0,x0,0	  x0:0x00000000
       21985000	      2197	80002734	00000013	addi	x0,x0,0	  x0:0x00000000
       21995000	      2198	80002738	01275e13	srli	x28,x14,0x12	 x14:0x031f2200 x28=0x000000c7
       22005000	      2199	8000273c	01b3af33	slt	x30,x7,x27	  x7:0x00000000 x27:0x80009fc4 x30=0x00000000
       22015000	      2200	80002740	0086cc63	blt	x13,x8,80002758	 x13:0x8811ae60  x8:0xfffe35fc
       22025000	      2201	00000000	00000013	addi	x0,x0,0	  x0:0x00000000
       22035000	      2202	80002754	00000013	addi	x0,x0,0	  x0:0x00000000
       22045000	      2203	80002758	fc4a8a93	addi	x21,x21,-60	 x21:0x80009f78 x21=0x80009f3c
       22055000	      2204	8000275c	d14f7217	auipc	x4,0xd14f7	  x4=0x514f9758
       22065000	      2205	80002760	046ba793	slti	x15,x23,70	 x23:0x00000000 x15=0x00000001
       22075000	      2206	80002764	013aa223	sw	x19,4(x21)	 x21:0x80009f3c x19:0x80000478 PA:0x80009f40
       22085000	      2207	80002768	e9fc3093	sltiu	x1,x24,-353	 x24:0xc21e91d8  x1=0x00000001
       22095000	      2208	8000276c	ffa00f93	addi	x31,x0,-6	  x0:0x00000000 x31=0xfffffffa
       22105000	      2209	80002770	ff400993	addi	x19,x0,-12	  x0:0x00000000 x19=0xfffffff4
       22115000	      2210	80002774	12ec4093	xori	x1,x24,302	 x24:0xc21e91d8  x1=0xc21e90f6
       22125000	      2211	80002778	ff6f8f93	addi	x31,x31,-10	 x31:0xfffffffa x31=0xfffffff0
       22135000	      2212	8000277c	00a00413	addi	x8,x0,10	  x0:0x00000000  x8=0x0000000a
       22145000	      2213	80002780	00900393	addi	x7,x0,9	  x0:0x00000000  x7=0x00000009
       22155000	      2214	80002784	a8d7af13	slti	x30,x15,-1395	 x15:0x00000001 x30=0x00000000
       22165000	      2215	80002788	ff840413	addi	x8,x8,-8	  x8:0x0000000a  x8=0x00000002
       22175000	      2216	8000278c	fe747ce3	bgeu	x8,x7,80002784	  x8:0x00000002  x7:0x00000009
       22185000	      2217	80002790	ff3fd2e3	bge	x31,x19,80002774	 x31:0xfffffff0 x19:0xfffffff4
       22195000	      2218	80002794	dfeccd13	xori	x26,x25,-514	 x25:0x7c000000 x26=0x83fffdfe
       22205000	      2219	80002798	00700113	addi	x2,x0,7	  x0:0x00000000  x2=0x00000007
       22215000	      2220	8000279c	0121df33	srl	x30,x3,x18	  x3:0xc539e1c4 x18:0x38000118 x30=0x000000c5
       22225000	      2221	800027a0	00700213	addi	x4,x0,7	  x0:0x00000000  x4=0x00000007
       22235000	      2222	800027a4	ad1f4f93	xori	x31,x30,-1327	 x30:0x000000c5 x31=0xfffffa14
       22245000	      2223	800027a8	00675793	srli	x15,x14,0x6	 x14:0x031f2200 x15=0x000c7c88
       22255000	      2224	800027ac	5eccbe13	sltiu	x28,x25,1516	 x25:0x7c000000 x28=0x00000000
       22265000	      2225	800027b0	fff10113	addi	x2,x2,-1	  x2:0x00000007  x2=0x00000006
       22275000	      2226	800027b4	bd7e2013	slti	x0,x28,-1065	 x28:0x00000000
       22285000	      2227	800027b8	ffa00813	addi	x16,x0,-6	  x0:0x00000000 x16=0xfffffffa
       22295000	      2228	800027bc	ff400d13	addi	x26,x0,-12	  x0:0x00000000 x26=0xfffffff4
       22305000	      2229	800027c0	002353b3	srl	x7,x6,x2	  x6:0x10000000  x2:0x00000006  x7=0x00400000
       22315000	      2230	800027c4	0089c033	xor	x0,x19,x8	 x19:0xfffffff4  x8:0x00000002
       22325000	      2231	800027c8	c5df9517	auipc	x10,0xc5df9	 x10=0x45dfb7c4
       22335000	      2232	800027cc	ff880813	addi	x16,x16,-8	 x16:0xfffffffa x16=0xfffffff2
       22345000	      2233	800027d0	ffa85ae3	bge	x16,x26,800027c4	 x16:0xfffffff2 x26:0xfffffff4
       22355000	      2234	800027d4	419e8cb3	sub	x25,x29,x25	 x29:0xf9031f22 x25:0x7c000000 x25=0x7d031f22
       22365000	      2235	800027d8	00ee41b3	xor	x3,x28,x14	 x28:0x00000000 x14:0x031f2200  x3=0x031f2200
       22375000	      2236	800027dc	fc4174e3	bgeu	x2,x4,800027a4	  x2:0x00000006  x4:0x00000007
       22385000	      2237	800027e0	01059693	slli	x13,x11,0x10	 x11:0x80009fc4 x13=0x9fc40000
       22395000	      2238	800027e4	00300b93	addi	x23,x0,3	  x0:0x00000000 x23=0x00000003
       22405000	      2239	800027e8	15a14e13	xori	x28,x2,346	  x2:0x00000006 x28=0x0000015c
       22415000	      2240	800027ec	e9491b37	lui	x22,0xe9491	 x22=0xe9491000
       22425000	      2241	800027f0	01300713	addi	x14,x0,19	  x0:0x00000000 x14=0x00000013
       22435000	      2242	800027f4	40e25f93	srai	x31,x4,0xe	  x4:0x00000007 x31=0x00000000
       22445000	      2243	800027f8	0096f933	and	x18,x13,x9	 x13:0x9fc40000  x9:0x800011ec x18=0x80000000
       22455000	      2244	800027fc	41aa5c33	sra	x24,x20,x26	 x20:0x00000001 x26:0xfffffff4 x24=0x00000000
       22465000	      2245	80002800	00bccf33	xor	x30,x25,x11	 x25:0x7d031f22 x11:0x80009fc4 x30=0xfd0380e6
       22475000	      2246	80002804	cb2fe4b7	lui	x9,0xcb2fe	  x9=0xcb2fe000
       22485000	      2247	80002808	00e385b3	add	x11,x7,x14	  x7:0x00400000 x14:0x00000013 x11=0x00400013
       22495000	      2248	8000280c	d2132c93	slti	x25,x6,-735	  x6:0x10000000 x25=0x00000000
       22505000	      2249	80002810	410c5413	srai	x8,x24,0x10	 x24:0x00000000  x8=0x00000000
       22515000	      2250	80002814	0015cfb3	xor	x31,x11,x1	 x11:0x00400013  x1:0xc21e90f6 x31=0xc25e90e5
       22525000	      2251	80002818	000550b3	srl	x1,x10,x0	 x10:0x45dfb7c4  x0:0x00000000  x1=0x45dfb7c4
       22535000	      2252	8000281c	00763c33	sltu	x24,x12,x7	 x12:0xfffffe2a  x7:0x00400000 x24=0x00000000
       22545000	      2253	80002820	41a8d393	srai	x7,x17,0x1a	 x17:0x00000000  x7=0x00000000
       22555000	      2254	80002824	0096d5b3	srl	x11,x13,x9	 x13:0x9fc40000  x9:0xcb2fe000 x11=0x9fc40000
       22565000	      2255	80002828	01a83333	sltu	x6,x16,x26	 x16:0xfffffff2 x26:0xfffffff4  x6=0x00000001
       22575000	      2256	8000282c	41905c93	srai	x25,x0,0x19	  x0:0x00000000 x25=0x00000000
       22585000	      2257	80002830	41a35513	srai	x10,x6,0x1a	  x6:0x00000001 x10=0x00000000
       22595000	      2258	80002834	03804913	xori	x18,x0,56	  x0:0x00000000 x18=0x00000038
       22605000	      2259	80002838	8bb03393	sltiu	x7,x0,-1861	  x0:0x00000000  x7=0x00000001
       22615000	      2260	8000283c	001b9793	slli	x15,x23,0x1	 x23:0x00000003 x15=0x00000006
       22625000	      2261	80002840	005053b3	srl	x7,x0,x5	  x0:0x00000000  x5:0xffffff88  x7=0x00000000
       22635000	      2262	80002844	40235693	srai	x13,x6,0x2	  x6:0x00000001 x13=0x00000000
       22645000	      2263	80002848	004b8b93	addi	x23,x23,4	 x23:0x00000003 x23=0x00000007
       22655000	      2264	8000284c	40a05813	srai	x16,x0,0xa	  x0:0x00000000 x16=0x00000000
       22665000	      2265	80002850	4d622a13	slti	x20,x4,1238	  x4:0x00000007 x20=0x00000001
       22675000	      2266	80002854	faeb88e3	beq	x23,x14,80002804	 x23:0x00000007 x14:0x00000013
       22685000	      2267	80002858	41635013	srai	x0,x6,0x16	  x6:0x00000001
       22695000	      2268	8000285c	ffa00413	addi	x8,x0,-6	  x0:0x00000000  x8=0xfffffffa
       22705000	      2269	80002860	00000013	addi	x0,x0,0	  x0:0x00000000
       22715000	      2270	80002864	00ad9493	slli	x9,x27,0xa	 x27:0x80009fc4  x9=0x027f1000
       22725000	      2271	80002868	01044e33	xor	x28,x8,x16	  x8:0xfffffffa x16:0x00000000 x28=0xfffffffa
       22735000	      2272	8000286c	003d0bb3	add	x23,x26,x3	 x26:0xfffffff4  x3:0x031f2200 x23=0x031f21f4
       22745000	      2273	80002870	af8bbfb7	lui	x31,0xaf8bb	 x31=0xaf8bb000
       22755000	      2274	80002874	3d02a513	slti	x10,x5,976	  x5:0xffffff88 x10=0x00000001
       22765000	      2275	80002878	7b283f37	lui	x30,0x7b283	 x30=0x7b283000
       22775000	      2276	8000287c	00000013	addi	x0,x0,0	  x0:0x00000000
       22785000	      2277	80002880	747000b7	lui	x1,0x74700	  x1=0x74700000
       22795000	      2278	80002884	41f50233	sub	x4,x10,x31	 x10:0x00000001 x31:0xaf8bb000  x4=0x50745001
       22805000	      2279	80002888	589adf37	lui	x30,0x589ad	 x30=0x589ad000
       22815000	      2280	8000288c	01871913	slli	x18,x14,0x18	 x14:0x00000013 x18=0x13000000
       22825000	      2281	80002890	0010db13	srli	x22,x1,0x1	  x1:0x74700000 x22=0x3a380000
       22835000	      2282	80002894	40e68233	sub	x4,x13,x14	 x13:0x00000000 x14:0x00000013  x4=0xffffffed
       22845000	      2283	80002898	01d7dd33	srl	x26,x15,x29	 x15:0x00000006 x29:0xf9031f22 x26=0x00000001
       22855000	      2284	8000289c	41ffdf13	srai	x30,x31,0x1f	 x31:0xaf8bb000 x30=0xffffffff
       22865000	      2285	800028a0	01200193	addi	x3,x0,18	  x0:0x00000000  x3=0x00000012
       22875000	      2286	800028a4	003fd8b3	srl	x17,x31,x3	 x31:0xaf8bb000  x3:0x00000012 x17=0x00002be2
       22885000	      2287	800028a8	44d30813	addi	x16,x6,1101	  x6:0x00000001 x16=0x0000044e
       22895000	      2288	800028ac	01240333	add	x6,x8,x18	  x8:0xfffffffa x18:0x13000000  x6=0x12fffffa
       22905000	      2289	800028b0	00689b93	slli	x23,x17,0x6	 x17:0x00002be2 x23=0x000af880
       22915000	      2290	800028b4	00140413	addi	x8,x8,1	  x8:0xfffffffa  x8=0xfffffffb
       22925000	      2291	800028b8	400a53b3	sra	x7,x20,x0	 x20:0x00000001  x0:0x00000000  x7=0x00000001
       22935000	      2292	800028bc	01ddd913	srli	x18,x27,0x1d	 x27:0x80009fc4 x18=0x00000004
       22945000	      2293	800028c0	212ea493	slti	x9,x29,530	 x29:0xf9031f22  x9=0x00000001
       22955000	      2294	800028c4	01e5d533	srl	x10,x11,x30	 x11:0x9fc40000 x30:0xffffffff x10=0x00000001
       22965000	      2295	800028c8	fe3460e3	bltu	x8,x3,800028a8	  x8:0xfffffffb  x3:0x00000012
       22975000	      2296	800028cc	000cd813	srli	x16,x25,0x0	 x25:0x00000000 x16=0x00000000
       22985000	      2297	800028d0	00a00f93	addi	x31,x0,10	  x0:0x00000000 x31=0x0000000a
       22995000	      2298	800028d4	006e9cb3	sll	x25,x29,x6	 x29:0xf9031f22  x6:0x12fffffa x25=0x88000000
       23005000	      2299	800028d8	00700713	addi	x14,x0,7	  x0:0x00000000 x14=0x00000007
       23015000	      2300	800028dc	1898c493	xori	x9,x17,393	 x17:0x00002be2  x9=0x00002a6b
       23025000	      2301	800028e0	00000013	addi	x0,x0,0	  x0:0x00000000
       23035000	      2302	800028e4	d6fafc13	andi	x24,x21,-657	 x21:0x80009f3c x24=0x80009d2c
       23045000	      2303	800028e8	8ddf2a17	auipc	x20,0x8ddf2	 x20=0x0ddf48e4
       23055000	      2304	800028ec	ffaf8f93	addi	x31,x31,-6	 x31:0x0000000a x31=0x00000004
       23065000	      2305	800028f0	00900313	addi	x6,x0,9	  x0:0x00000000  x6=0x00000009
       23075000	      2306	800028f4	01fdc533	xor	x10,x27,x31	 x27:0x80009fc4 x31:0x00000004 x10=0x80009fc0
       23085000	      2307	800028f8	00b00d13	addi	x26,x0,11	  x0:0x00000000 x26=0x0000000b
       23095000	      2308	800028fc	8f020513	addi	x10,x4,-1808	  x4:0xffffffed x10=0xfffff8dd
       23105000	      2309	80002900	15b0ec17	auipc	x24,0x15b0e	 x24=0x95b108fc
       23115000	      2310	80002904	4132d993	srai	x19,x5,0x13	  x5:0xffffff88 x19=0xffffffff
       23125000	      2311	80002908	2ba6e913	ori	x18,x13,698	 x13:0x00000000 x18=0x000002ba
       23135000	      2312	8000290c	41a803b3	sub	x7,x16,x26	 x16:0x00000000 x26:0x0000000b  x7=0xfffffff5
       23145000	      2313	80002910	00230313	addi	x6,x6,2	  x6:0x00000009  x6=0x0000000b
       23155000	      2314	80002914	70533993	sltiu	x19,x6,1797	  x6:0x0000000b x19=0x00000001
       23165000	      2315	80002918	ffa312e3	bne	x6,x26,800028fc	  x6:0x0000000b x26:0x0000000b
       23175000	      2316	8000291c	fceff6e3	bgeu	x31,x14,800028e8	 x31:0x00000004 x14:0x00000007
       23185000	      2317	80002920	00000013	addi	x0,x0,0	  x0:0x00000000
       23195000	      2318	80002924	b7cbca13	xori	x20,x23,-1156	 x23:0x000af880 x20=0xfff503fc
       23205000	      2319	80002928	018d1733	sll	x14,x26,x24	 x26:0x0000000b x24:0x95b108fc x14=0xb0000000
       23215000	      2320	8000292c	006e3033	sltu	x0,x28,x6	 x28:0xfffffffa  x6:0x0000000b
       23225000	      2321	80002930	0183d4b3	srl	x9,x7,x24	  x7:0xfffffff5 x24:0x95b108fc  x9=0x0000000f
       23235000	      2322	80002934	416753b3	sra	x7,x14,x22	 x14:0xb0000000 x22:0x3a380000  x7=0xb0000000
       23245000	      2323	80002938	eb878613	addi	x12,x15,-328	 x15:0x00000006 x12=0xfffffebe
       23255000	      2324	8000293c	412e8f33	sub	x30,x29,x18	 x29:0xf9031f22 x18:0x000002ba x30=0xf9031c68
       23265000	      2325	80002940	015f6333	or	x6,x30,x21	 x30:0xf9031c68 x21:0x80009f3c  x6=0xf9039f7c
       23275000	      2326	80002944	01329313	slli	x6,x5,0x13	  x5:0xffffff88  x6=0xfc400000
       23285000	      2327	80002948	03e4ec63	bltu	x9,x30,80002980	  x9:0x0000000f x30:0xf9031c68
       23295000	      2328	00000000	00000013	addi	x0,x0,0	  x0:0x00000000
       23305000	      2329	8000297c	00000013	addi	x0,x0,0	  x0:0x00000000
       23315000	      2330	80002980	019f7733	and	x14,x30,x25	 x30:0xf9031c68 x25:0x88000000 x14=0x88000000
       23325000	      2331	80002984	01542133	slt	x2,x8,x21	  x8:0xfffffffb x21:0x80009f3c  x2=0x00000000
       23335000	      2332	80002988	0f3a2813	slti	x16,x20,243	 x20:0xfff503fc x16=0x00000001
       23345000	      2333	8000298c	02685e63	bge	x16,x6,800029c8	 x16:0x00000001  x6:0xfc400000
       23355000	      2334	00000000	00000013	addi	x0,x0,0	  x0:0x00000000
       23365000	      2335	800029c4	00000013	addi	x0,x0,0	  x0:0x00000000
       23375000	      2336	800029c8	4116d813	srai	x16,x13,0x11	 x13:0x00000000 x16=0x00000000
       23385000	      2337	800029cc	53f78793	addi	x15,x15,1343	 x15:0x00000006 x15=0x00000545
       23395000	      2338	800029d0	00c50033	add	x0,x10,x12	 x10:0xfffff8dd x12:0xfffffebe
       23405000	      2339	800029d4	0005c833	xor	x16,x11,x0	 x11:0x9fc40000  x0:0x00000000 x16=0x9fc40000
       23415000	      2340	800029d8	02490e63	beq	x18,x4,80002a14	 x18:0x000002ba  x4:0xffffffed
       23425000	      2341	800029dc	0235e063	bltu	x11,x3,800029fc	 x11:0x9fc40000  x3:0x00000012
       23435000	      2342	800029e0	03266663	bltu	x12,x18,80002a0c	 x12:0xfffffebe x18:0x000002ba
       23445000	      2343	800029e4	be84f937	lui	x18,0xbe84f	 x18=0xbe84f000
       23455000	      2344	800029e8	0082f3b3	and	x7,x5,x8	  x5:0xffffff88  x8:0xfffffffb  x7=0xffffff88
       23465000	      2345	800029ec	005a0a63	beq	x20,x5,80002a00	 x20:0xfff503fc  x5:0xffffff88
       23475000	      2346	800029f0	010e76b3	and	x13,x28,x16	 x28:0xfffffffa x16:0x9fc40000 x13=0x9fc40000
       23485000	      2347	800029f4	02a0e263	bltu	x1,x10,80002a18	  x1:0x74700000 x10:0xfffff8dd
       23495000	      2348	00000000	00000013	addi	x0,x0,0	  x0:0x00000000
       23505000	      2349	80002a14	00000013	addi	x0,x0,0	  x0:0x00000000
       23515000	      2350	80002a18	00000013	addi	x0,x0,0	  x0:0x00000000
       23525000	      2351	80002a1c	608dea13	ori	x20,x27,1544	 x27:0x80009fc4 x20=0x80009fcc
       23535000	      2352	80002a20	009e69b3	or	x19,x28,x9	 x28:0xfffffffa  x9:0x0000000f x19=0xffffffff
       23545000	      2353	80002a24	002ad863	bge	x21,x2,80002a34	 x21:0x80009f3c  x2:0x00000000
       23555000	      2354	80002a28	13e22593	slti	x11,x4,318	  x4:0xffffffed x11=0x00000001
       23565000	      2355	80002a2c	404d56b3	sra	x13,x26,x4	 x26:0x0000000b  x4:0xffffffed x13=0x00000000
       23575000	      2356	80002a30	05fff063	bgeu	x31,x31,80002a70	 x31:0x00000004 x31:0x00000004
       23585000	      2357	00000000	00000013	addi	x0,x0,0	  x0:0x00000000
       23595000	      2358	80002a6c	00000013	addi	x0,x0,0	  x0:0x00000000
       23605000	      2359	80002a70	0375e263	bltu	x11,x23,80002a94	 x11:0x00000001 x23:0x000af880
       23615000	      2360	00000000	00000013	addi	x0,x0,0	  x0:0x00000000
       23625000	      2361	80002a90	00000013	addi	x0,x0,0	  x0:0x00000000
       23635000	      2362	80002a94	0021dcb3	srl	x25,x3,x2	  x3:0x00000012  x2:0x00000000 x25=0x00000012
       23645000	      2363	80002a98	011d9863	bne	x27,x17,80002aa8	 x27:0x80009fc4 x17:0x00002be2
       23655000	      2364	00000000	00000013	addi	x0,x0,0	  x0:0x00000000
       23665000	      2365	80002aa4	00000013	addi	x0,x0,0	  x0:0x00000000
       23675000	      2366	80002aa8	40aa8333	sub	x6,x21,x10	 x21:0x80009f3c x10:0xfffff8dd  x6=0x8000a65f
       23685000	      2367	80002aac	003ec833	xor	x16,x29,x3	 x29:0xf9031f22  x3:0x00000012 x16=0xf9031f30
       23695000	      2368	80002ab0	0684f863	bgeu	x9,x8,80002b20	  x9:0x0000000f  x8:0xfffffffb
       23705000	      2369	80002ab4	0090a5b3	slt	x11,x1,x9	  x1:0x74700000  x9:0x0000000f x11=0x00000000
       23715000	      2370	80002ab8	8dc73713	sltiu	x14,x14,-1828	 x14:0x88000000 x14=0x00000001
       23725000	      2371	80002abc	a8b1cc93	xori	x25,x3,-1397	  x3:0x00000012 x25=0xfffffa99
       23735000	      2372	80002ac0	0141e133	or	x2,x3,x20	  x3:0x00000012 x20:0x80009fcc  x2=0x80009fde
       23745000	      2373	80002ac4	00289533	sll	x10,x17,x2	 x17:0x00002be2  x2:0x80009fde x10=0x80000000
       23755000	      2374	80002ac8	409adf13	srai	x30,x21,0x9	 x21:0x80009f3c x30=0xffc0004f
       23765000	      2375	80002acc	a14a5837	lui	x16,0xa14a5	 x16=0xa14a5000
       23775000	      2376	80002ad0	b03816b7	lui	x13,0xb0381	 x13=0xb0381000
       23785000	      2377	80002ad4	00cb5793	srli	x15,x22,0xc	 x22:0x3a380000 x15=0x0003a380
       23795000	      2378	80002ad8	00000013	addi	x0,x0,0	  x0:0x00000000
       23805000	      2379	80002adc	00900913	addi	x18,x0,9	  x0:0x00000000 x18=0x00000009
       23815000	      2380	80002ae0	0056d693	srli	x13,x13,0x5	 x13:0xb0381000 x13=0x0581c080
       23825000	      2381	80002ae4	00a00313	addi	x6,x0,10	  x0:0x00000000  x6=0x0000000a
       23835000	      2382	80002ae8	01eb7c33	and	x24,x22,x30	 x22:0x3a380000 x30:0xffc0004f x24=0x3a000000
       23845000	      2383	80002aec	50cb8293	addi	x5,x23,1292	 x23:0x000af880  x5=0x000afd8c
       23855000	      2384	80002af0	00290913	addi	x18,x18,2	 x18:0x00000009 x18=0x0000000b
       23865000	      2385	80002af4	fe694ae3	blt	x18,x6,80002ae8	 x18:0x0000000b  x6:0x0000000a
       23875000	      2386	80002af8	19ac7597	auipc	x11,0x19ac7	 x11=0x99ac9af4
       23885000	      2387	80002afc	ee330593	addi	x11,x6,-285	  x6:0x0000000a x11=0xfffffeed
       23895000	      2388	80002b00	00cc0463	beq	x24,x12,80002b08	 x24:0x3a000000 x12:0xfffffebe
       23905000	      2389	80002b04	0171ca33	xor	x20,x3,x23	  x3:0x00000012 x23:0x000af880 x20=0x000af892
       23915000	      2390	80002b08	402282b3	sub	x5,x5,x2	  x5:0x000afd8c  x2:0x80009fde  x5=0x800a5dae
       23925000	      2391	80002b0c	47cf8293	addi	x5,x31,1148	 x31:0x00000004  x5=0x00000480
       23935000	      2392	80002b10	05701863	bne	x0,x23,80002b60	  x0:0x00000000 x23:0x000af880
       23945000	      2393	00000000	00000013	addi	x0,x0,0	  x0:0x00000000
       23955000	      2394	80002b5c	00000013	addi	x0,x0,0	  x0:0x00000000
       23965000	      2395	80002b60	013b2633	slt	x12,x22,x19	 x22:0x3a380000 x19:0xffffffff x12=0x00000000
       23975000	      2396	80002b64	84754213	xori	x4,x10,-1977	 x10:0x80000000  x4=0x7ffff847
       23985000	      2397	80002b68	007a8c63	beq	x21,x7,80002b80	 x21:0x80009f3c  x7:0xffffff88
       23995000	      2398	80002b6c	154ce993	ori	x19,x25,340	 x25:0xfffffa99 x19=0xfffffbdd
       24005000	      2399	80002b70	41a8d533	sra	x10,x17,x26	 x17:0x00002be2 x26:0x0000000b x10=0x00000005
       24015000	      2400	80002b74	010e0e33	add	x28,x28,x16	 x28:0xfffffffa x16:0xa14a5000 x28=0xa14a4ffa
       24025000	      2401	80002b78	01189833	sll	x16,x17,x17	 x17:0x00002be2 x17:0x00002be2 x16=0x0000af88
       24035000	      2402	80002b7c	01859913	slli	x18,x11,0x18	 x11:0xfffffeed x18=0xed000000
       24045000	      2403	80002b80	0192f433	and	x8,x5,x25	  x5:0x00000480 x25:0xfffffa99  x8=0x00000080
       24055000	      2404	80002b84	00819b33	sll	x22,x3,x8	  x3:0x00000012  x8:0x00000080 x22=0x00000012
       24065000	      2405	80002b88	00661233	sll	x4,x12,x6	 x12:0x00000000  x6:0x0000000a  x4=0x00000000
       24075000	      2406	80002b8c	407fdb93	srai	x23,x31,0x7	 x31:0x00000004 x23=0x00000000
       24085000	      2407	80002b90	000bd133	srl	x2,x23,x0	 x23:0x00000000  x0:0x00000000  x2=0x00000000
       24095000	      2408	80002b94	084b8863	beq	x23,x4,80002c24	 x23:0x00000000  x4:0x00000000
       24105000	      2409	00000000	00000013	addi	x0,x0,0	  x0:0x00000000
       24115000	      2410	80002c20	00000013	addi	x0,x0,0	  x0:0x00000000
       24125000	      2411	80002c24	00912f33	slt	x30,x2,x9	  x2:0x00000000  x9:0x0000000f x30=0x00000001
       24135000	      2412	80002c28	018c26b3	slt	x13,x24,x24	 x24:0x3a000000 x24:0x3a000000 x13=0x00000000
       24145000	      2413	80002c2c	95c84917	auipc	x18,0x95c84	 x18=0x15c86c28
       24155000	      2414	80002c30	00775863	bge	x14,x7,80002c40	 x14:0x00000001  x7:0xffffff88
       24165000	      2415	00000000	00000013	addi	x0,x0,0	  x0:0x00000000
       24175000	      2416	80002c3c	00000013	addi	x0,x0,0	  x0:0x00000000
       24185000	      2417	80002c40	01d55c13	srli	x24,x10,0x1d	 x10:0x00000005 x24=0x00000000
       24195000	      2418	80002c44	00000013	addi	x0,x0,0	  x0:0x00000000
       24205000	      2419	80002c48	00e91513	slli	x10,x18,0xe	 x18:0x15c86c28 x10=0x1b0a0000
       24215000	      2420	80002c4c	bb70a393	slti	x7,x1,-1097	  x1:0x74700000  x7=0x00000000
       24225000	      2421	80002c50	00135e13	srli	x28,x6,0x1	  x6:0x0000000a x28=0x00000005
       24235000	      2422	80002c54	0190e333	or	x6,x1,x25	  x1:0x74700000 x25:0xfffffa99  x6=0xfffffa99
       24245000	      2423	80002c58	00955313	srli	x6,x10,0x9	 x10:0x1b0a0000  x6=0x000d8500
       24255000	      2424	80002c5c	5bd54f17	auipc	x30,0x5bd54	 x30=0xdbd56c58
       24265000	      2425	80002c60	ba02fc93	andi	x25,x5,-1120	  x5:0x00000480 x25=0x00000080
       24275000	      2426	80002c64	06a53213	sltiu	x4,x10,106	 x10:0x1b0a0000  x4=0x00000000
       24285000	      2427	80002c68	01fb23b3	slt	x7,x22,x31	 x22:0x00000012 x31:0x00000004  x7=0x00000000
       24295000	      2428	80002c6c	40bedb93	srai	x23,x29,0xb	 x29:0xf9031f22 x23=0xffff2063
       24305000	      2429	80002c70	02689063	bne	x17,x6,80002c90	 x17:0x00002be2  x6:0x000d8500
       24315000	      2430	00000000	00000013	addi	x0,x0,0	  x0:0x00000000
       24325000	      2431	80002c8c	00000013	addi	x0,x0,0	  x0:0x00000000
       24335000	      2432	80002c90	4f054913	xori	x18,x10,1264	 x10:0x1b0a0000 x18=0x1b0a04f0
       24345000	      2433	80002c94	00a5d733	srl	x14,x11,x10	 x11:0xfffffeed x10:0x1b0a0000 x14=0xfffffeed
       24355000	      2434	80002c98	001d9f93	slli	x31,x27,0x1	 x27:0x80009fc4 x31=0x00013f88
       24365000	      2435	80002c9c	00000013	addi	x0,x0,0	  x0:0x00000000
       24375000	      2436	80002ca0	eaa40f13	addi	x30,x8,-342	  x8:0x00000080 x30=0xffffff2a
       24385000	      2437	80002ca4	6d946e37	lui	x28,0x6d946	 x28=0x6d946000
       24395000	      2438	80002ca8	e6b9c8b7	lui	x17,0xe6b9c	 x17=0xe6b9c000
       24405000	      2439	80002cac	0339ec63	bltu	x19,x19,80002ce4	 x19:0xfffffbdd x19:0xfffffbdd
       24415000	      2440	80002cb0	41ea5233	sra	x4,x20,x30	 x20:0x000af892 x30:0xffffff2a  x4=0x000002be
       24425000	      2441	80002cb4	eedb0c93	addi	x25,x22,-275	 x22:0x00000012 x25=0xfffffeff
       24435000	      2442	80002cb8	00000013	addi	x0,x0,0	  x0:0x00000000
       24445000	      2443	80002cbc	01e2c633	xor	x12,x5,x30	  x5:0x00000480 x30:0xffffff2a x12=0xfffffbaa
       24455000	      2444	80002cc0	4036dc93	srai	x25,x13,0x3	 x13:0x00000000 x25=0x00000000
       24465000	      2445	80002cc4	0474d863	bge	x9,x7,80002d14	  x9:0x0000000f  x7:0x00000000
       24475000	      2446	00000000	00000013	addi	x0,x0,0	  x0:0x00000000
       24485000	      2447	80002d10	00000013	addi	x0,x0,0	  x0:0x00000000
       24495000	      2448	80002d14	40345433	sra	x8,x8,x3	  x8:0x00000080  x3:0x00000012  x8=0x00000000
       24505000	      2449	80002d18	c5646613	ori	x12,x8,-938	  x8:0x00000000 x12=0xfffffc56
       24515000	      2450	80002d1c	00be5fb3	srl	x31,x28,x11	 x28:0x6d946000 x11:0xfffffeed x31=0x00036ca3
       24525000	      2451	80002d20	05f6d863	bge	x13,x31,80002d70	 x13:0x00000000 x31:0x00036ca3
       24535000	      2452	80002d24	01b0ff33	and	x30,x1,x27	  x1:0x74700000 x27:0x80009fc4 x30=0x00000000
       24545000	      2453	80002d28	01cf3cb3	sltu	x25,x30,x28	 x30:0x00000000 x28:0x6d946000 x25=0x00000001
       24555000	      2454	80002d2c	00d9ac33	slt	x24,x19,x13	 x19:0xfffffbdd x13:0x00000000 x24=0x00000001
       24565000	      2455	80002d30	00000013	addi	x0,x0,0	  x0:0x00000000
       24575000	      2456	80002d34	02035e63	bge	x6,x0,80002d70	  x6:0x000d8500  x0:0x00000000
       24585000	      2457	00000000	00000013	addi	x0,x0,0	  x0:0x00000000
       24595000	      2458	80002d6c	00000013	addi	x0,x0,0	  x0:0x00000000
       24605000	      2459	80002d70	41af87b3	sub	x15,x31,x26	 x31:0x00036ca3 x26:0x0000000b x15=0x00036c98
       24615000	      2460	80002d74	015dc433	xor	x8,x27,x21	 x27:0x80009fc4 x21:0x80009f3c  x8=0x000000f8
       24625000	      2461	80002d78	0143dc33	srl	x24,x7,x20	  x7:0x00000000 x20:0x000af892 x24=0x00000000
       24635000	      2462	80002d7c	00b9ec33	or	x24,x19,x11	 x19:0xfffffbdd x11:0xfffffeed x24=0xfffffffd
       24645000	      2463	80002d80	84ccab93	slti	x23,x25,-1972	 x25:0x00000001 x23=0x00000000
       24655000	      2464	80002d84	01fed613	srli	x12,x29,0x1f	 x29:0xf9031f22 x12=0x00000001
       24665000	      2465	80002d88	dea5a493	slti	x9,x11,-534	 x11:0xfffffeed  x9=0x00000000
       24675000	      2466	80002d8c	01d35e13	srli	x28,x6,0x1d	  x6:0x000d8500 x28=0x00000000
       24685000	      2467	80002d90	01d6fcb3	and	x25,x13,x29	 x13:0x00000000 x29:0xf9031f22 x25=0x00000000
       24695000	      2468	80002d94	0393d263	bge	x7,x25,80002db8	  x7:0x00000000 x25:0x00000000
       24705000	      2469	00000000	00000013	addi	x0,x0,0	  x0:0x00000000
       24715000	      2470	80002db4	00000013	addi	x0,x0,0	  x0:0x00000000
       24725000	      2471	80002db8	0518e863	bltu	x17,x17,80002e08	 x17:0xe6b9c000 x17:0xe6b9c000
       24735000	      2472	80002dbc	01f24cb3	xor	x25,x4,x31	  x4:0x000002be x31:0x00036ca3 x25=0x00036e1d
       24745000	      2473	80002dc0	00b437b3	sltu	x15,x8,x11	  x8:0x000000f8 x11:0xfffffeed x15=0x00000001
       24755000	      2474	80002dc4	00eefbb3	and	x23,x29,x14	 x29:0xf9031f22 x14:0xfffffeed x23=0xf9031e20
       24765000	      2475	80002dc8	011a4e33	xor	x28,x20,x17	 x20:0x000af892 x17:0xe6b9c000 x28=0xe6b33892
       24775000	      2476	80002dcc	40195d33	sra	x26,x18,x1	 x18:0x1b0a04f0  x1:0x74700000 x26=0x1b0a04f0
       24785000	      2477	80002dd0	03811c63	bne	x2,x24,80002e08	  x2:0x00000000 x24:0xfffffffd
       24795000	      2478	00000000	00000013	addi	x0,x0,0	  x0:0x00000000
       24805000	      2479	80002e04	00000013	addi	x0,x0,0	  x0:0x00000000
       24815000	      2480	80002e08	03578263	beq	x15,x21,80002e2c	 x15:0x00000001 x21:0x80009f3c
       24825000	      2481	80002e0c	41dc5cb3	sra	x25,x24,x29	 x24:0xfffffffd x29:0xf9031f22 x25=0xffffffff
       24835000	      2482	80002e10	0073da13	srli	x20,x7,0x7	  x7:0x00000000 x20=0x00000000
       24845000	      2483	80002e14	2af9cb93	xori	x23,x19,687	 x19:0xfffffbdd x23=0xfffff972
       24855000	      2484	80002e18	008ce1b3	or	x3,x25,x8	 x25:0xffffffff  x8:0x000000f8  x3=0xffffffff
       24865000	      2485	80002e1c	b121f293	andi	x5,x3,-1262	  x3:0xffffffff  x5=0xfffffb12
       24875000	      2486	80002e20	44d20893	addi	x17,x4,1101	  x4:0x000002be x17=0x0000070b
       24885000	      2487	80002e24	01fd9693	slli	x13,x27,0x1f	 x27:0x80009fc4 x13=0x00000000
       24895000	      2488	80002e28	95c63417	auipc	x8,0x95c63	  x8=0x15c65e24
       24905000	      2489	80002e2c	00d85c13	srli	x24,x16,0xd	 x16:0x0000af88 x24=0x00000005
       24915000	      2490	80002e30	73cbc693	xori	x13,x23,1852	 x23:0xfffff972 x13=0xfffffe4e
       24925000	      2491	80002e34	4eb77c93	andi	x25,x14,1259	 x14:0xfffffeed x25=0x000004e9
       24935000	      2492	80002e38	05826863	bltu	x4,x24,80002e88	  x4:0x000002be x24:0x00000005
       24945000	      2493	80002e3c	015615b3	sll	x11,x12,x21	 x12:0x00000001 x21:0x80009f3c x11=0x10000000
       24955000	      2494	80002e40	401fd193	srai	x3,x31,0x1	 x31:0x00036ca3  x3=0x0001b651
       24965000	      2495	80002e44	5b25ab97	auipc	x23,0x5b25a	 x23=0xdb25ce40
       24975000	      2496	80002e48	01c3eb33	or	x22,x7,x28	  x7:0x00000000 x28:0xe6b33892 x22=0xe6b33892
       24985000	      2497	80002e4c	0ac5b897	auipc	x17,0xac5b	 x17=0x8ac5de48
       24995000	      2498	80002e50	416bdcb3	sra	x25,x23,x22	 x23:0xdb25ce40 x22:0xe6b33892 x25=0xfffff6c9
       25005000	      2499	80002e54	00869d33	sll	x26,x13,x8	 x13:0xfffffe4e  x8:0x15c65e24 x26=0xffffe4e0
       25015000	      2500	80002e58	00268bb3	add	x23,x13,x2	 x13:0xfffffe4e  x2:0x00000000 x23=0xfffffe4e
       25025000	      2501	80002e5c	e3202613	slti	x12,x0,-462	  x0:0x00000000 x12=0x00000000
       25035000	      2502	80002e60	00fbe463	bltu	x23,x15,80002e68	 x23:0xfffffe4e x15:0x00000001
       25045000	      2503	80002e64	05dde063	bltu	x27,x29,80002ea4	 x27:0x80009fc4 x29:0xf9031f22
       25055000	      2504	00000000	00000013	addi	x0,x0,0	  x0:0x00000000
       25065000	      2505	80002ea0	00000013	addi	x0,x0,0	  x0:0x00000000
       25075000	      2506	80002ea4	016090b3	sll	x1,x1,x22	  x1:0x74700000 x22:0xe6b33892  x1=0x00000000
       25085000	      2507	80002ea8	41d60633	sub	x12,x12,x29	 x12:0x00000000 x29:0xf9031f22 x12=0x06fce0de
       25095000	      2508	80002eac	01b64933	xor	x18,x12,x27	 x12:0x06fce0de x27:0x80009fc4 x18=0x86fc7f1a
       25105000	      2509	80002eb0	0a02a917	auipc	x18,0xa02a	 x18=0x8a02ceac
       25115000	      2510	80002eb4	42b0a017	auipc	x0,0x42b0a	
       25125000	      2511	80002eb8	5620a993	slti	x19,x1,1378	  x1:0x00000000 x19=0x00000001
       25135000	      2512	80002ebc	00000013	addi	x0,x0,0	  x0:0x00000000
       25145000	      2513	80002ec0	df0cf893	andi	x17,x25,-528	 x25:0xfffff6c9 x17=0xfffff4c0
       25155000	      2514	80002ec4	00f8b933	sltu	x18,x17,x15	 x17:0xfffff4c0 x15:0x00000001 x18=0x00000000
       25165000	      2515	80002ec8	026cf263	bgeu	x25,x6,80002eec	 x25:0xfffff6c9  x6:0x000d8500
       25175000	      2516	00000000	00000013	addi	x0,x0,0	  x0:0x00000000
       25185000	      2517	80002ee8	00000013	addi	x0,x0,0	  x0:0x00000000
       25195000	      2518	80002eec	00d7b133	sltu	x2,x15,x13	 x15:0x00000001 x13:0xfffffe4e  x2=0x00000001
       25205000	      2519	80002ef0	00c08e63	beq	x1,x12,80002f0c	  x1:0x00000000 x12:0x06fce0de
       25215000	      2520	80002ef4	00085863	bge	x16,x0,80002f04	 x16:0x0000af88  x0:0x00000000
       25225000	      2521	00000000	00000013	addi	x0,x0,0	  x0:0x00000000
       25235000	      2522	80002f00	00000013	addi	x0,x0,0	  x0:0x00000000
       25245000	      2523	80002f04	015927b3	slt	x15,x18,x21	 x18:0x00000000 x21:0x80009f3c x15=0x00000000
       25255000	      2524	80002f08	01969e63	bne	x13,x25,80002f24	 x13:0xfffffe4e x25:0xfffff6c9
       25265000	      2525	00000000	00000013	addi	x0,x0,0	  x0:0x00000000
       25275000	      2526	80002f20	00000013	addi	x0,x0,0	  x0:0x00000000
       25285000	      2527	80002f24	01c25493	srli	x9,x4,0x1c	  x4:0x000002be  x9=0x00000000
       25295000	      2528	80002f28	004aa983	lw	x19,4(x21)	 x21:0x80009f3c x19=0x80000478 PA:0x80009f40
       25305000	      2529	80002f2c	5cb1b313	sltiu	x6,x3,1483	  x3:0x0001b651  x6=0x00000000
       25315000	      2530	80002f30	017708b3	add	x17,x14,x23	 x14:0xfffffeed x23:0xfffffe4e x17=0xfffffd3b
       25325000	      2531	80002f34	03ca8a93	addi	x21,x21,60	 x21:0x80009f3c x21=0x80009f78
       25335000	      2532	80002f38	01e673b3	and	x7,x12,x30	 x12:0x06fce0de x30:0x00000000  x7=0x00000000
       25345000	      2533	80002f3c	01df0233	add	x4,x30,x29	 x30:0x00000000 x29:0xf9031f22  x4=0xf9031f22
       25355000	      2534	80002f40	00098193	addi	x3,x19,0	 x19:0x80000478  x3=0x80000478
       25365000	      2535	80002f44	000181e7	jalr	x3,x3,0	  x3:0x80000478  x3=0x80002f44
       25375000	      2536	00000000	00000013	addi	x0,x0,0	  x0:0x00000000
       25385000	      2537	80000478	00000013	addi	x0,x0,0	  x0:0x00000000
       25395000	      2538	8000047c	00f43a33	sltu	x20,x8,x15	  x8:0x15c65e24 x15:0x00000000 x20=0x00000000
       25405000	      2539	80000480	e773f413	andi	x8,x7,-393	  x7:0x00000000  x8=0x00000000
       25415000	      2540	80000484	01e001b3	add	x3,x0,x30	  x0:0x00000000 x30:0x00000000  x3=0x00000000
       25425000	      2541	80000488	00ea70b3	and	x1,x20,x14	 x20:0x00000000 x14:0xfffffeed  x1=0x00000000
       25435000	      2542	8000048c	00000013	addi	x0,x0,0	  x0:0x00000000
       25445000	      2543	80000490	00c749b3	xor	x19,x14,x12	 x14:0xfffffeed x12:0x06fce0de x19=0xf9031e33
       25455000	      2544	80000494	415b58b3	sra	x17,x22,x21	 x22:0xe6b33892 x21:0x80009f78 x17=0xffffffe6
       25465000	      2545	80000498	006a84b3	add	x9,x21,x6	 x21:0x80009f78  x6:0x00000000  x9=0x80009f78
       25475000	      2546	8000049c	000242b3	xor	x5,x4,x0	  x4:0xf9031f22  x0:0x00000000  x5=0xf9031f22
       25485000	      2547	800004a0	e69ff9ef	jal	x19,800004a0	 x19=0x800004a0
       25495000	      2548	00000000	00000013	addi	x0,x0,0	  x0:0x00000000
       25505000	      2549	80000304	00000013	addi	x0,x0,0	  x0:0x00000000
       25515000	      2550	80000308	01f27663	bgeu	x4,x31,80000314	  x4:0xf9031f22 x31:0x00036ca3
       25525000	      2551	00000000	00000013	addi	x0,x0,0	  x0:0x00000000
       25535000	      2552	80000310	00000013	addi	x0,x0,0	  x0:0x00000000
       25545000	      2553	80000314	ff0a8a93	addi	x21,x21,-16	 x21:0x80009f78 x21=0x80009f68
       25555000	      2554	80000318	013aa223	sw	x19,4(x21)	 x21:0x80009f68 x19:0x800004a0 PA:0x80009f6c
       25565000	      2555	8000031c	01a6d693	srli	x13,x13,0x1a	 x13:0xfffffe4e x13=0x0000003f
       25575000	      2556	80000320	00ee84b3	add	x9,x29,x14	 x29:0xf9031f22 x14:0xfffffeed  x9=0xf9031e0f
       25585000	      2557	80000324	0017d5b3	srl	x11,x15,x1	 x15:0x00000000  x1:0x00000000 x11=0x00000000
       25595000	      2558	80000328	0295fe63	bgeu	x11,x9,80000364	 x11:0x00000000  x9:0xf9031e0f
       25605000	      2559	8000032c	4113d993	srai	x19,x7,0x11	  x7:0x00000000 x19=0x00000000
       25615000	      2560	80000330	03145263	bge	x8,x17,80000354	  x8:0x00000000 x17:0xffffffe6
       25625000	      2561	00000000	00000013	addi	x0,x0,0	  x0:0x00000000
       25635000	      2562	80000350	00000013	addi	x0,x0,0	  x0:0x00000000
       25645000	      2563	80000354	00080863	beq	x16,x0,80000364	 x16:0x0000af88  x0:0x00000000
       25655000	      2564	80000358	00f34933	xor	x18,x6,x15	  x6:0x00000000 x15:0x00000000 x18=0x00000000
       25665000	      2565	8000035c	00000013	addi	x0,x0,0	  x0:0x00000000
       25675000	      2566	80000360	41f004b3	sub	x9,x0,x31	  x0:0x00000000 x31:0x00036ca3  x9=0xfffc935d
       25685000	      2567	80000364	00d5ccb3	xor	x25,x11,x13	 x11:0x00000000 x13:0x0000003f x25=0x0000003f
       25695000	      2568	80000368	ada3a113	slti	x2,x7,-1318	  x7:0x00000000  x2=0x00000000
       25705000	      2569	8000036c	5d5a3c37	lui	x24,0x5d5a3	 x24=0x5d5a3000
       25715000	      2570	80000370	038f1463	bne	x30,x24,80000398	 x30:0x00000000 x24:0x5d5a3000
       25725000	      2571	00000000	00000013	addi	x0,x0,0	  x0:0x00000000
       25735000	      2572	80000394	00000013	addi	x0,x0,0	  x0:0x00000000
       25745000	      2573	80000398	00000013	addi	x0,x0,0	  x0:0x00000000
       25755000	      2574	8000039c	41b80d33	sub	x26,x16,x27	 x16:0x0000af88 x27:0x80009fc4 x26=0x80000fc4
       25765000	      2575	800003a0	004aa983	lw	x19,4(x21)	 x21:0x80009f68 x19=0x800004a0 PA:0x80009f6c
       25775000	      2576	00000000	00000013	addi	x0,x0,0	  x0:0x00000000
       25785000	      2577	800003a4	d138ec13	ori	x24,x17,-749	 x17:0xffffffe6 x24=0xfffffff7
       25795000	      2578	800003a8	419b06b3	sub	x13,x22,x25	 x22:0xe6b33892 x25:0x0000003f x13=0xe6b33853
       25805000	      2579	800003ac	414c00b3	sub	x1,x24,x20	 x24:0xfffffff7 x20:0x00000000  x1=0xfffffff7
       25815000	      2580	800003b0	010a8a93	addi	x21,x21,16	 x21:0x80009f68 x21=0x80009f78
       25825000	      2581	800003b4	00000013	addi	x0,x0,0	  x0:0x00000000
       25835000	      2582	800003b8	409c5313	srai	x6,x24,0x9	 x24:0xfffffff7  x6=0xffffffff
       25845000	      2583	800003bc	00198693	addi	x13,x19,1	 x19:0x800004a0 x13=0x800004a1
       25855000	      2584	800003c0	000686e7	jalr	x13,x13,0	 x13:0x800004a1 x13=0x800003c0
       25865000	      2585	00000000	00000013	addi	x0,x0,0	  x0:0x00000000
       25875000	      2586	800004a0	00000013	addi	x0,x0,0	  x0:0x00000000
       25885000	      2587	800004a4	0176a7b3	slt	x15,x13,x23	 x13:0x800003c0 x23:0xfffffe4e x15=0x00000001
       25895000	      2588	800004a8	a6c50693	addi	x13,x10,-1428	 x10:0x1b0a0000 x13=0x1b09fa6c
       25905000	      2589	800004ac	01452733	slt	x14,x10,x20	 x10:0x1b0a0000 x20:0x00000000 x14=0x00000000
       25915000	      2590	800004b0	49d89197	auipc	x3,0x49d89	  x3=0xc9d894ac
       25925000	      2591	800004b4	00969493	slli	x9,x13,0x9	 x13:0x1b09fa6c  x9=0x13f4d800
       25935000	      2592	800004b8	00000013	addi	x0,x0,0	  x0:0x00000000
       25945000	      2593	800004bc	00ca9593	slli	x11,x21,0xc	 x21:0x80009f78 x11=0x09f78000
       25955000	      2594	800004c0	01b81463	bne	x16,x27,800004c8	 x16:0x0000af88 x27:0x80009fc4
       25965000	      2595	00000000	00000013	addi	x0,x0,0	  x0:0x00000000
       25975000	      2596	800004c4	00000013	addi	x0,x0,0	  x0:0x00000000
       25985000	      2597	800004c8	e41ff9ef	jal	x19,800004c8	 x19=0x800004c8
       25995000	      2598	00000000	00000013	addi	x0,x0,0	  x0:0x00000000
       26005000	      2599	80000304	00000013	addi	x0,x0,0	  x0:0x00000000
       26015000	      2600	80000308	01f27663	bgeu	x4,x31,80000314	  x4:0xf9031f22 x31:0x00036ca3
       26025000	      2601	00000000	00000013	addi	x0,x0,0	  x0:0x00000000
       26035000	      2602	80000310	00000013	addi	x0,x0,0	  x0:0x00000000
       26045000	      2603	80000314	ff0a8a93	addi	x21,x21,-16	 x21:0x80009f78 x21=0x80009f68
       26055000	      2604	80000318	013aa223	sw	x19,4(x21)	 x21:0x80009f68 x19:0x800004c8 PA:0x80009f6c
       26065000	      2605	8000031c	01a6d693	srli	x13,x13,0x1a	 x13:0x1b09fa6c x13=0x00000006
       26075000	      2606	80000320	00ee84b3	add	x9,x29,x14	 x29:0xf9031f22 x14:0x00000000  x9=0xf9031f22
       26085000	      2607	80000324	0017d5b3	srl	x11,x15,x1	 x15:0x00000001  x1:0xfffffff7 x11=0x00000000
       26095000	      2608	80000328	0295fe63	bgeu	x11,x9,80000364	 x11:0x00000000  x9:0xf9031f22
       26105000	      2609	8000032c	4113d993	srai	x19,x7,0x11	  x7:0x00000000 x19=0x00000000
       26115000	      2610	80000330	03145263	bge	x8,x17,80000354	  x8:0x00000000 x17:0xffffffe6
       26125000	      2611	00000000	00000013	addi	x0,x0,0	  x0:0x00000000
       26135000	      2612	80000350	00000013	addi	x0,x0,0	  x0:0x00000000
       26145000	      2613	80000354	00080863	beq	x16,x0,80000364	 x16:0x0000af88  x0:0x00000000
       26155000	      2614	80000358	00f34933	xor	x18,x6,x15	  x6:0xffffffff x15:0x00000001 x18=0xfffffffe
       26165000	      2615	8000035c	00000013	addi	x0,x0,0	  x0:0x00000000
       26175000	      2616	80000360	41f004b3	sub	x9,x0,x31	  x0:0x00000000 x31:0x00036ca3  x9=0xfffc935d
       26185000	      2617	80000364	00d5ccb3	xor	x25,x11,x13	 x11:0x00000000 x13:0x00000006 x25=0x00000006
       26195000	      2618	80000368	ada3a113	slti	x2,x7,-1318	  x7:0x00000000  x2=0x00000000
       26205000	      2619	8000036c	5d5a3c37	lui	x24,0x5d5a3	 x24=0x5d5a3000
       26215000	      2620	80000370	038f1463	bne	x30,x24,80000398	 x30:0x00000000 x24:0x5d5a3000
       26225000	      2621	00000000	00000013	addi	x0,x0,0	  x0:0x00000000
       26235000	      2622	80000394	00000013	addi	x0,x0,0	  x0:0x00000000
       26245000	      2623	80000398	00000013	addi	x0,x0,0	  x0:0x00000000
       26255000	      2624	8000039c	41b80d33	sub	x26,x16,x27	 x16:0x0000af88 x27:0x80009fc4 x26=0x80000fc4
       26265000	      2625	800003a0	004aa983	lw	x19,4(x21)	 x21:0x80009f68 x19=0x800004c8 PA:0x80009f6c
       26275000	      2626	00000000	00000013	addi	x0,x0,0	  x0:0x00000000
       26285000	      2627	800003a4	d138ec13	ori	x24,x17,-749	 x17:0xffffffe6 x24=0xfffffff7
       26295000	      2628	800003a8	419b06b3	sub	x13,x22,x25	 x22:0xe6b33892 x25:0x00000006 x13=0xe6b3388c
       26305000	      2629	800003ac	414c00b3	sub	x1,x24,x20	 x24:0xfffffff7 x20:0x00000000  x1=0xfffffff7
       26315000	      2630	800003b0	010a8a93	addi	x21,x21,16	 x21:0x80009f68 x21=0x80009f78
       26325000	      2631	800003b4	00000013	addi	x0,x0,0	  x0:0x00000000
       26335000	      2632	800003b8	409c5313	srai	x6,x24,0x9	 x24:0xfffffff7  x6=0xffffffff
       26345000	      2633	800003bc	00198693	addi	x13,x19,1	 x19:0x800004c8 x13=0x800004c9
       26355000	      2634	800003c0	000686e7	jalr	x13,x13,0	 x13:0x800004c9 x13=0x800003c0
       26365000	      2635	00000000	00000013	addi	x0,x0,0	  x0:0x00000000
       26375000	      2636	800004c8	00000013	addi	x0,x0,0	  x0:0x00000000
       26385000	      2637	800004cc	4b922c93	slti	x25,x4,1209	  x4:0xf9031f22 x25=0x00000001
       26395000	      2638	800004d0	00915b33	srl	x22,x2,x9	  x2:0x00000000  x9:0xfffc935d x22=0x00000000
       26405000	      2639	800004d4	00536c63	bltu	x6,x5,800004ec	  x6:0xffffffff  x5:0xf9031f22
       26415000	      2640	800004d8	017e8233	add	x4,x29,x23	 x29:0xf9031f22 x23:0xfffffe4e  x4=0xf9031d70
       26425000	      2641	800004dc	00000013	addi	x0,x0,0	  x0:0x00000000
       26435000	      2642	800004e0	05142d13	slti	x26,x8,81	  x8:0x00000000 x26=0x00000001
       26445000	      2643	800004e4	411cdf93	srai	x31,x25,0x11	 x25:0x00000001 x31=0x00000000
       26455000	      2644	800004e8	01880263	beq	x16,x24,800004ec	 x16:0x0000af88 x24:0xfffffff7
       26465000	      2645	800004ec	00000013	addi	x0,x0,0	  x0:0x00000000
       26475000	      2646	800004f0	190fb2b7	lui	x5,0x190fb	  x5=0x190fb000
       26485000	      2647	800004f4	41b88bb3	sub	x23,x17,x27	 x17:0xffffffe6 x27:0x80009fc4 x23=0x7fff6022
       26495000	      2648	800004f8	12f85637	lui	x12,0x12f85	 x12=0x12f85000
       26505000	      2649	800004fc	004aa983	lw	x19,4(x21)	 x21:0x80009f78 x19=0x80000130 PA:0x80009f7c
       26515000	      2650	80000500	02261bb7	lui	x23,0x2261	 x23=0x02261000
       26525000	      2651	80000504	406dd733	sra	x14,x27,x6	 x27:0x80009fc4  x6:0xffffffff x14=0xffffffff
       26535000	      2652	80000508	bd769f17	auipc	x30,0xbd769	 x30=0x3d769504
       26545000	      2653	8000050c	00ca8a93	addi	x21,x21,12	 x21:0x80009f78 x21=0x80009f84
       26555000	      2654	80000510	01dcb533	sltu	x10,x25,x29	 x25:0x00000001 x29:0xf9031f22 x10=0x00000001
       26565000	      2655	80000514	860af013	andi	x0,x21,-1952	 x21:0x80009f84
       26575000	      2656	80000518	01715333	srl	x6,x2,x23	  x2:0x00000000 x23:0x02261000  x6=0x00000000
       26585000	      2657	8000051c	00198213	addi	x4,x19,1	 x19:0x80000130  x4=0x80000131
       26595000	      2658	80000520	00020267	jalr	x4,x4,0	  x4:0x80000131  x4=0x80000520
       26605000	      2659	00000000	00000013	addi	x0,x0,0	  x0:0x00000000
       26615000	      2660	80000130	00000013	addi	x0,x0,0	  x0:0x00000000
       26625000	      2661	80000134	ff700193	addi	x3,x0,-9	  x0:0x00000000  x3=0xfffffff7
       26635000	      2662	80000138	012b0933	add	x18,x22,x18	 x22:0x00000000 x18:0xfffffffe x18=0xfffffffe
       26645000	      2663	8000013c	00f00893	addi	x17,x0,15	  x0:0x00000000 x17=0x0000000f
       26655000	      2664	80000140	0171c6b3	xor	x13,x3,x23	  x3:0xfffffff7 x23:0x02261000 x13=0xfdd9eff7
       26665000	      2665	80000144	006b39b3	sltu	x19,x22,x6	 x22:0x00000000  x6:0x00000000 x19=0x00000000
       26675000	      2666	80000148	1a63cf13	xori	x30,x7,422	  x7:0x00000000 x30=0x000001a6
       26685000	      2667	8000014c	e313f313	andi	x6,x7,-463	  x7:0x00000000  x6=0x00000000
       26695000	      2668	80000150	6ac88a13	addi	x20,x17,1708	 x17:0x0000000f x20=0x000006bb
       26705000	      2669	80000154	aa6b4493	xori	x9,x22,-1370	 x22:0x00000000  x9=0xfffffaa6
       26715000	      2670	80000158	00618193	addi	x3,x3,6	  x3:0xfffffff7  x3=0xfffffffd
       26725000	      2671	8000015c	00be80b3	add	x1,x29,x11	 x29:0xf9031f22 x11:0x00000000  x1=0xf9031f22
       26735000	      2672	80000160	019b6b33	or	x22,x22,x25	 x22:0x00000000 x25:0x00000001 x22=0x00000001
       26745000	      2673	80000164	53c84013	xori	x0,x16,1340	 x16:0x0000af88
       26755000	      2674	80000168	58e1cb97	auipc	x23,0x58e1c	 x23=0xd8e1c164
       26765000	      2675	8000016c	71e32913	slti	x18,x6,1822	  x6:0x00000000 x18=0x00000001
       26775000	      2676	80000170	01a792b3	sll	x5,x15,x26	 x15:0x00000001 x26:0x00000001  x5=0x00000002
       26785000	      2677	80000174	0089ee33	or	x28,x19,x8	 x19:0x00000000  x8:0x00000000 x28=0x00000000
       26795000	      2678	80000178	fd11c8e3	blt	x3,x17,80000148	  x3:0xfffffffd x17:0x0000000f
       26805000	      2679	00000000	00000013	addi	x0,x0,0	  x0:0x00000000
       26815000	      2680	80000144	00000013	addi	x0,x0,0	  x0:0x00000000
       26825000	      2681	80000148	1a63cf13	xori	x30,x7,422	  x7:0x00000000 x30=0x000001a6
       26835000	      2682	8000014c	e313f313	andi	x6,x7,-463	  x7:0x00000000  x6=0x00000000
       26845000	      2683	80000150	6ac88a13	addi	x20,x17,1708	 x17:0x0000000f x20=0x000006bb
       26855000	      2684	80000154	aa6b4493	xori	x9,x22,-1370	 x22:0x00000001  x9=0xfffffaa7
       26865000	      2685	80000158	00618193	addi	x3,x3,6	  x3:0xfffffffd  x3=0x00000003
       26875000	      2686	8000015c	00be80b3	add	x1,x29,x11	 x29:0xf9031f22 x11:0x00000000  x1=0xf9031f22
       26885000	      2687	80000160	019b6b33	or	x22,x22,x25	 x22:0x00000001 x25:0x00000001 x22=0x00000001
       26895000	      2688	80000164	53c84013	xori	x0,x16,1340	 x16:0x0000af88
       26905000	      2689	80000168	58e1cb97	auipc	x23,0x58e1c	 x23=0xd8e1c164
       26915000	      2690	8000016c	71e32913	slti	x18,x6,1822	  x6:0x00000000 x18=0x00000001
       26925000	      2691	80000170	01a792b3	sll	x5,x15,x26	 x15:0x00000001 x26:0x00000001  x5=0x00000002
       26935000	      2692	80000174	0089ee33	or	x28,x19,x8	 x19:0x00000000  x8:0x00000000 x28=0x00000000
       26945000	      2693	80000178	fd11c8e3	blt	x3,x17,80000148	  x3:0x00000003 x17:0x0000000f
       26955000	      2694	00000000	00000013	addi	x0,x0,0	  x0:0x00000000
       26965000	      2695	80000144	00000013	addi	x0,x0,0	  x0:0x00000000
       26975000	      2696	80000148	1a63cf13	xori	x30,x7,422	  x7:0x00000000 x30=0x000001a6
       26985000	      2697	8000014c	e313f313	andi	x6,x7,-463	  x7:0x00000000  x6=0x00000000
       26995000	      2698	80000150	6ac88a13	addi	x20,x17,1708	 x17:0x0000000f x20=0x000006bb
       27005000	      2699	80000154	aa6b4493	xori	x9,x22,-1370	 x22:0x00000001  x9=0xfffffaa7
       27015000	      2700	80000158	00618193	addi	x3,x3,6	  x3:0x00000003  x3=0x00000009
       27025000	      2701	8000015c	00be80b3	add	x1,x29,x11	 x29:0xf9031f22 x11:0x00000000  x1=0xf9031f22
       27035000	      2702	80000160	019b6b33	or	x22,x22,x25	 x22:0x00000001 x25:0x00000001 x22=0x00000001
       27045000	      2703	80000164	53c84013	xori	x0,x16,1340	 x16:0x0000af88
       27055000	      2704	80000168	58e1cb97	auipc	x23,0x58e1c	 x23=0xd8e1c164
       27065000	      2705	8000016c	71e32913	slti	x18,x6,1822	  x6:0x00000000 x18=0x00000001
       27075000	      2706	80000170	01a792b3	sll	x5,x15,x26	 x15:0x00000001 x26:0x00000001  x5=0x00000002
       27085000	      2707	80000174	0089ee33	or	x28,x19,x8	 x19:0x00000000  x8:0x00000000 x28=0x00000000
       27095000	      2708	80000178	fd11c8e3	blt	x3,x17,80000148	  x3:0x00000009 x17:0x0000000f
       27105000	      2709	00000000	00000013	addi	x0,x0,0	  x0:0x00000000
       27115000	      2710	80000144	00000013	addi	x0,x0,0	  x0:0x00000000
       27125000	      2711	80000148	1a63cf13	xori	x30,x7,422	  x7:0x00000000 x30=0x000001a6
       27135000	      2712	8000014c	e313f313	andi	x6,x7,-463	  x7:0x00000000  x6=0x00000000
       27145000	      2713	80000150	6ac88a13	addi	x20,x17,1708	 x17:0x0000000f x20=0x000006bb
       27155000	      2714	80000154	aa6b4493	xori	x9,x22,-1370	 x22:0x00000001  x9=0xfffffaa7
       27165000	      2715	80000158	00618193	addi	x3,x3,6	  x3:0x00000009  x3=0x0000000f
       27175000	      2716	8000015c	00be80b3	add	x1,x29,x11	 x29:0xf9031f22 x11:0x00000000  x1=0xf9031f22
       27185000	      2717	80000160	019b6b33	or	x22,x22,x25	 x22:0x00000001 x25:0x00000001 x22=0x00000001
       27195000	      2718	80000164	53c84013	xori	x0,x16,1340	 x16:0x0000af88
       27205000	      2719	80000168	58e1cb97	auipc	x23,0x58e1c	 x23=0xd8e1c164
       27215000	      2720	8000016c	71e32913	slti	x18,x6,1822	  x6:0x00000000 x18=0x00000001
       27225000	      2721	80000170	01a792b3	sll	x5,x15,x26	 x15:0x00000001 x26:0x00000001  x5=0x00000002
       27235000	      2722	80000174	0089ee33	or	x28,x19,x8	 x19:0x00000000  x8:0x00000000 x28=0x00000000
       27245000	      2723	80000178	fd11c8e3	blt	x3,x17,80000148	  x3:0x0000000f x17:0x0000000f
       27255000	      2724	8000017c	4070d033	sra	x0,x1,x7	  x1:0xf9031f22  x7:0x00000000
       27265000	      2725	80000180	0349e263	bltu	x19,x20,800001a4	 x19:0x00000000 x20:0x000006bb
       27275000	      2726	00000000	00000013	addi	x0,x0,0	  x0:0x00000000
       27285000	      2727	800001a0	00000013	addi	x0,x0,0	  x0:0x00000000
       27295000	      2728	800001a4	016b6cb3	or	x25,x22,x22	 x22:0x00000001 x22:0x00000001 x25=0x00000001
       27305000	      2729	800001a8	e34ad317	auipc	x6,0xe34ad	  x6=0x634ad1a4
       27315000	      2730	800001ac	9b7a2f13	slti	x30,x20,-1609	 x20:0x000006bb x30=0x00000000
       27325000	      2731	800001b0	1b83b797	auipc	x15,0x1b83b	 x15=0x9b83b1ac
       27335000	      2732	800001b4	00000013	addi	x0,x0,0	  x0:0x00000000
       27345000	      2733	800001b8	00141713	slli	x14,x8,0x1	  x8:0x00000000 x14=0x00000000
       27355000	      2734	800001bc	08567063	bgeu	x12,x5,8000023c	 x12:0x12f85000  x5:0x00000002
       27365000	      2735	00000000	00000013	addi	x0,x0,0	  x0:0x00000000
       27375000	      2736	80000238	00000013	addi	x0,x0,0	  x0:0x00000000
       27385000	      2737	8000023c	0a902093	slti	x1,x0,169	  x0:0x00000000  x1=0x00000001
       27395000	      2738	80000240	010a58b3	srl	x17,x20,x16	 x20:0x000006bb x16:0x0000af88 x17=0x00000006
       27405000	      2739	80000244	00d3a0b3	slt	x1,x7,x13	  x7:0x00000000 x13:0xfdd9eff7  x1=0x00000000
       27415000	      2740	80000248	01e21c33	sll	x24,x4,x30	  x4:0x80000520 x30:0x00000000 x24=0x80000520
       27425000	      2741	8000024c	9bf30613	addi	x12,x6,-1601	  x6:0x634ad1a4 x12=0x634acb63
       27435000	      2742	80000250	00439a33	sll	x20,x7,x4	  x7:0x00000000  x4:0x80000520 x20=0x00000000
       27445000	      2743	80000254	00def933	and	x18,x29,x13	 x29:0xf9031f22 x13:0xfdd9eff7 x18=0xf9010f22
       27455000	      2744	80000258	2a9a5117	auipc	x2,0x2a9a5	  x2=0xaa9a5254
       27465000	      2745	8000025c	01bea733	slt	x14,x29,x27	 x29:0xf9031f22 x27:0x80009fc4 x14=0x00000000
       27475000	      2746	80000260	70f2c793	xori	x15,x5,1807	  x5:0x00000002 x15=0x0000070d
       27485000	      2747	80000264	00b0bd33	sltu	x26,x1,x11	  x1:0x00000000 x11:0x00000000 x26=0x00000000
       27495000	      2748	80000268	e102e413	ori	x8,x5,-496	  x5:0x00000002  x8=0xfffffe12
       27505000	      2749	8000026c	2da1b813	sltiu	x16,x3,730	  x3:0x0000000f x16=0x00000001
       27515000	      2750	80000270	009c6863	bltu	x24,x9,80000280	 x24:0x80000520  x9:0xfffffaa7
       27525000	      2751	00000000	00000013	addi	x0,x0,0	  x0:0x00000000
       27535000	      2752	8000027c	00000013	addi	x0,x0,0	  x0:0x00000000
       27545000	      2753	80000280	00a30c33	add	x24,x6,x10	  x6:0x634ad1a4 x10:0x00000001 x24=0x634ad1a5
       27555000	      2754	80000284	e7743e13	sltiu	x28,x8,-393	  x8:0xfffffe12 x28=0x00000001
       27565000	      2755	80000288	00291863	bne	x18,x2,80000298	 x18:0xf9010f22  x2:0xaa9a5254
       27575000	      2756	00000000	00000013	addi	x0,x0,0	  x0:0x00000000
       27585000	      2757	80000294	00000013	addi	x0,x0,0	  x0:0x00000000
       27595000	      2758	80000298	6ea98313	addi	x6,x19,1770	 x19:0x00000000  x6=0x000006ea
       27605000	      2759	8000029c	2c927d13	andi	x26,x4,713	  x4:0x80000520 x26=0x00000000
       27615000	      2760	800002a0	00000013	addi	x0,x0,0	  x0:0x00000000
       27625000	      2761	800002a4	400e5913	srai	x18,x28,0x0	 x28:0x00000001 x18=0x00000001
       27635000	      2762	800002a8	416bda13	srai	x20,x23,0x16	 x23:0xd8e1c164 x20=0xffffff63
       27645000	      2763	800002ac	00ca0cb3	add	x25,x20,x12	 x20:0xffffff63 x12:0x634acb63 x25=0x634acac6
       27655000	      2764	800002b0	01bd5a63	bge	x26,x27,800002c4	 x26:0x00000000 x27:0x80009fc4
       27665000	      2765	00000000	00000013	addi	x0,x0,0	  x0:0x00000000
       27675000	      2766	800002c0	00000013	addi	x0,x0,0	  x0:0x00000000
       27685000	      2767	800002c4	e9c3b337	lui	x6,0xe9c3b	  x6=0xe9c3b000
       27695000	      2768	800002c8	404008b3	sub	x17,x0,x4	  x0:0x00000000  x4:0x80000520 x17=0x7ffffae0
       27705000	      2769	800002cc	002d78b3	and	x17,x26,x2	 x26:0x00000000  x2:0xaa9a5254 x17=0x00000000
       27715000	      2770	800002d0	41630bb3	sub	x23,x6,x22	  x6:0xe9c3b000 x22:0x00000001 x23=0xe9c3afff
       27725000	      2771	800002d4	e9f1a497	auipc	x9,0xe9f1a	  x9=0x69f1a2d0
       27735000	      2772	800002d8	00c7fc63	bgeu	x15,x12,800002f0	 x15:0x0000070d x12:0x634acb63
       27745000	      2773	800002dc	010d72b3	and	x5,x26,x16	 x26:0x00000000 x16:0x00000001  x5=0x00000000
       27755000	      2774	800002e0	40f050b3	sra	x1,x0,x15	  x0:0x00000000 x15:0x0000070d  x1=0x00000000
       27765000	      2775	800002e4	00317d33	and	x26,x2,x3	  x2:0xaa9a5254  x3:0x0000000f x26=0x00000004
       27775000	      2776	800002e8	015ee463	bltu	x29,x21,800002f0	 x29:0xf9031f22 x21:0x80009f84
       27785000	      2777	800002ec	bbed2c13	slti	x24,x26,-1090	 x26:0x00000004 x24=0x00000000
       27795000	      2778	800002f0	00000013	addi	x0,x0,0	  x0:0x00000000
       27805000	      2779	800002f4	00000e97	auipc	x29,0x0	 x29=0x800002f0
       27815000	      2780	800002f8	00ce8e93	addi	x29,x29,12	 x29:0x800002f0 x29=0x800002fc
       27825000	      2781	800002fc	000e8067	jalr	x0,x29,0	 x29:0x800002fc
       27835000	      2782	00000000	00000013	addi	x0,x0,0	  x0:0x00000000
       27845000	      2783	800002fc	00000013	addi	x0,x0,0	  x0:0x00000000
       27855000	      2784	80000300	00100193	addi	x3,x0,1	  x0:0x00000000  x3=0x00000001
       27865000	      2785	80000304	00000073	ecall	
       27875000	      2786	80000308	01f27663	bgeu	x4,x31,80000314	  x4:0x80000520 x31:0x00000000
