		Time			Cycle	PC		Insn	Decoded instruction	Register and memory contents
          65000	         5	80000004	00000293	addi	x5,x0,0	  x0:0x00000000  x5=0x00000000
          75000	         6	80000008	00000313	addi	x6,x0,0	  x0:0x00000000  x6=0x00000000
          85000	         7	8000000c	00628263	beq	x5,x6,80000010	  x5:0x00000000  x6:0x00000000
          95000	         8	00000000	00000013	addi	x0,x0,0	  x0:0x00000000
         105000	         9	8000000c	00000013	addi	x0,x0,0	  x0:0x00000000
         115000	        10	80000010	00000217	auipc	x4,0x0	  x4=0x8000000c
         125000	        11	80000014	00c20213	addi	x4,x4,12	  x4:0x8000000c  x4=0x80000018
         135000	        12	80000018	00020067	jalr	x0,x4,0	  x4:0x80000018
         145000	        13	00000000	00000013	addi	x0,x0,0	  x0:0x00000000
         155000	        14	80000018	00000013	addi	x0,x0,0	  x0:0x00000000
         165000	        15	8000001c	40000b37	lui	x22,0x40000	 x22=0x40000000
         175000	        16	80000020	100b0b13	addi	x22,x22,256	 x22:0x40000000 x22=0x40000100
         185000	        17	80000024	00000013	addi	x0,x0,0	  x0:0x00000000
         195000	        18	80000028	0000a917	auipc	x18,0xa	 x18=0x8000a024
         205000	        19	8000002c	fa090913	addi	x18,x18,-96	 x18:0x8000a024 x18=0x80009fc4
         215000	        20	80000030	00003b17	auipc	x22,0x3	 x22=0x8000302c
         225000	        21	80000034	f9cb0b13	addi	x22,x22,-100	 x22:0x8000302c x22=0x80002fc8
         235000	        22	80000038	000b6b13	ori	x22,x22,0	 x22:0x80002fc8 x22=0x80002fc8
         245000	        23	8000003c	00000013	addi	x0,x0,0	  x0:0x00000000
         255000	        24	80000040	00000b17	auipc	x22,0x0	 x22=0x8000003c
         265000	        25	80000044	020b0b13	addi	x22,x22,32	 x22:0x8000003c x22=0x8000005c
         275000	        26	80000048	00000013	addi	x0,x0,0	  x0:0x00000000
         285000	        27	8000004c	00000013	addi	x0,x0,0	  x0:0x00000000
         295000	        28	80000050	00002b37	lui	x22,0x2	 x22=0x00002000
         305000	        29	80000054	800b0b13	addi	x22,x22,-2048	 x22:0x00002000 x22=0x00001800
         315000	        30	80000058	00000013	addi	x0,x0,0	  x0:0x00000000
         325000	        31	8000005c	00000013	addi	x0,x0,0	  x0:0x00000000
         335000	        32	80000060	00000013	addi	x0,x0,0	  x0:0x00000000
         345000	        33	80000064	00000093	addi	x1,x0,0	  x0:0x00000000  x1=0x00000000
         355000	        34	80000068	fc828137	lui	x2,0xfc828	  x2=0xfc828000
         365000	        35	8000006c	52710113	addi	x2,x2,1319	  x2:0xfc828000  x2=0xfc828527
         375000	        36	80000070	f3cfc1b7	lui	x3,0xf3cfc	  x3=0xf3cfc000
         385000	        37	80000074	27918193	addi	x3,x3,633	  x3:0xf3cfc000  x3=0xf3cfc279
         395000	        38	80000078	f3ce2237	lui	x4,0xf3ce2	  x4=0xf3ce2000
         405000	        39	8000007c	50920213	addi	x4,x4,1289	  x4:0xf3ce2000  x4=0xf3ce2509
         415000	        40	80000080	430622b7	lui	x5,0x43062	  x5=0x43062000
         425000	        41	80000084	bbf28293	addi	x5,x5,-1089	  x5:0x43062000  x5=0x43061bbf
         435000	        42	80000088	00000313	addi	x6,x0,0	  x0:0x00000000  x6=0x00000000
         445000	        43	8000008c	800003b7	lui	x7,0x80000	  x7=0x80000000
         455000	        44	80000090	00000413	addi	x8,x0,0	  x0:0x00000000  x8=0x00000000
         465000	        45	80000094	fc1394b7	lui	x9,0xfc139	  x9=0xfc139000
         475000	        46	80000098	eda48493	addi	x9,x9,-294	  x9:0xfc139000  x9=0xfc138eda
         485000	        47	8000009c	80000537	lui	x10,0x80000	 x10=0x80000000
         495000	        48	800000a0	800005b7	lui	x11,0x80000	 x11=0x80000000
         505000	        49	800000a4	00000613	addi	x12,x0,0	  x0:0x00000000 x12=0x00000000
         515000	        50	800000a8	00a00693	addi	x13,x0,10	  x0:0x00000000 x13=0x0000000a
         525000	        51	800000ac	00000713	addi	x14,x0,0	  x0:0x00000000 x14=0x00000000
         535000	        52	800000b0	fda127b7	lui	x15,0xfda12	 x15=0xfda12000
         545000	        53	800000b4	e2478793	addi	x15,x15,-476	 x15:0xfda12000 x15=0xfda11e24
         555000	        54	800000b8	00800813	addi	x16,x0,8	  x0:0x00000000 x16=0x00000008
         565000	        55	800000bc	00900893	addi	x17,x0,9	  x0:0x00000000 x17=0x00000009
         575000	        56	800000c0	800009b7	lui	x19,0x80000	 x19=0x80000000
         585000	        57	800000c4	fd16ba37	lui	x20,0xfd16b	 x20=0xfd16b000
         595000	        58	800000c8	a2aa0a13	addi	x20,x20,-1494	 x20:0xfd16b000 x20=0xfd16aa2a
         605000	        59	800000cc	80000ab7	lui	x21,0x80000	 x21=0x80000000
         615000	        60	800000d0	80000b37	lui	x22,0x80000	 x22=0x80000000
         625000	        61	800000d4	e326fbb7	lui	x23,0xe326f	 x23=0xe326f000
         635000	        62	800000d8	f85b8b93	addi	x23,x23,-123	 x23:0xe326f000 x23=0xe326ef85
         645000	        63	800000dc	80000c37	lui	x24,0x80000	 x24=0x80000000
         655000	        64	800000e0	9a9facb7	lui	x25,0x9a9fa	 x25=0x9a9fa000
         665000	        65	800000e4	fabc8c93	addi	x25,x25,-85	 x25:0x9a9fa000 x25=0x9a9f9fab
         675000	        66	800000e8	d292bd37	lui	x26,0xd292b	 x26=0xd292b000
         685000	        67	800000ec	a30d0d13	addi	x26,x26,-1488	 x26:0xd292b000 x26=0xd292aa30
         695000	        68	800000f0	80000db7	lui	x27,0x80000	 x27=0x80000000
         705000	        69	800000f4	00000e13	addi	x28,x0,0	  x0:0x00000000 x28=0x00000000
         715000	        70	800000f8	a1533eb7	lui	x29,0xa1533	 x29=0xa1533000
         725000	        71	800000fc	da1e8e93	addi	x29,x29,-607	 x29:0xa1533000 x29=0xa1532da1
         735000	        72	80000100	00000f93	addi	x31,x0,0	  x0:0x00000000 x31=0x00000000
         745000	        73	80000104	0000af17	auipc	x30,0xa	 x30=0x8000a100
         755000	        74	80000108	e84f0f13	addi	x30,x30,-380	 x30:0x8000a100 x30=0x80009f84
         765000	        75	8000010c	00100413	addi	x8,x0,1	  x0:0x00000000  x8=0x00000001
         775000	        76	80000110	01851cb3	sll	x25,x10,x24	 x10:0x80000000 x24:0x80000000 x25=0x80000000
         785000	        77	80000114	01a76333	or	x6,x14,x26	 x14:0x00000000 x26:0xd292aa30  x6=0xd292aa30
         795000	        78	80000118	01604733	xor	x14,x0,x22	  x0:0x00000000 x22:0x80000000 x14=0x80000000
         805000	        79	8000011c	5abf8e13	addi	x28,x31,1451	 x31:0x00000000 x28=0x000005ab
         815000	        80	80000120	015b9b93	slli	x23,x23,0x15	 x23:0xe326ef85 x23=0xf0a00000
         825000	        81	80000124	00400a13	addi	x20,x0,4	  x0:0x00000000 x20=0x00000004
         835000	        82	80000128	00000013	addi	x0,x0,0	  x0:0x00000000
         845000	        83	8000012c	00000013	addi	x0,x0,0	  x0:0x00000000
         855000	        84	80000130	00440413	addi	x8,x8,4	  x8:0x00000001  x8=0x00000005
         865000	        85	80000134	ff444ce3	blt	x8,x20,8000012c	  x8:0x00000005 x20:0x00000004
         875000	        86	80000138	00a06133	or	x2,x0,x10	  x0:0x00000000 x10:0x80000000  x2=0x80000000
         885000	        87	8000013c	00900a13	addi	x20,x0,9	  x0:0x00000000 x20=0x00000009
         895000	        88	80000140	0087acb3	slt	x25,x15,x8	 x15:0xfda11e24  x8:0x00000005 x25=0x00000001
         905000	        89	80000144	00118333	add	x6,x3,x1	  x3:0xf3cfc279  x1:0x00000000  x6=0xf3cfc279
         915000	        90	80000148	00a00793	addi	x15,x0,10	  x0:0x00000000 x15=0x0000000a
         925000	        91	8000014c	9380e013	ori	x0,x1,-1736	  x1:0x00000000
         935000	        92	80000150	00b4b633	sltu	x12,x9,x11	  x9:0xfc138eda x11:0x80000000 x12=0x00000000
         945000	        93	80000154	007a0a13	addi	x20,x20,7	 x20:0x00000009 x20=0x00000010
         955000	        94	80000158	64ec6293	ori	x5,x24,1614	 x24:0x80000000  x5=0x8000064e
         965000	        95	8000015c	007ed533	srl	x10,x29,x7	 x29:0xa1532da1  x7:0x80000000 x10=0xa1532da1
         975000	        96	80000160	ffb00193	addi	x3,x0,-5	  x0:0x00000000  x3=0xfffffffb
         985000	        97	80000164	ffb00e93	addi	x29,x0,-5	  x0:0x00000000 x29=0xfffffffb
         995000	        98	80000168	01182133	slt	x2,x16,x17	 x16:0x00000008 x17:0x00000009  x2=0x00000001
        1005000	        99	8000016c	41af5b13	srai	x22,x30,0x1a	 x30:0x80009f84 x22=0xffffffe0
        1015000	       100	80000170	0194db93	srli	x23,x9,0x19	  x9:0xfc138eda x23=0x0000007e
        1025000	       101	80000174	76b392b7	lui	x5,0x76b39	  x5=0x76b39000
        1035000	       102	80000178	409f8bb3	sub	x23,x31,x9	 x31:0x00000000  x9:0xfc138eda x23=0x03ec7126
        1045000	       103	8000017c	4a3ae713	ori	x14,x21,1187	 x21:0x80000000 x14=0x800004a3
        1055000	       104	80000180	00d3e033	or	x0,x7,x13	  x7:0x80000000 x13:0x0000000a
        1065000	       105	80000184	684a2b37	lui	x22,0x684a2	 x22=0x684a2000
        1075000	       106	80000188	ffd18193	addi	x3,x3,-3	  x3:0xfffffffb  x3=0xfffffff8
        1085000	       107	8000018c	016d5e33	srl	x28,x26,x22	 x26:0xd292aa30 x22:0x684a2000 x28=0xd292aa30
        1095000	       108	80000190	0b682717	auipc	x14,0xb682	 x14=0x8b68218c
        1105000	       109	80000194	945cb993	sltiu	x19,x25,-1723	 x25:0x00000001 x19=0x00000001
        1115000	       110	80000198	00aa9b13	slli	x22,x21,0xa	 x21:0x80000000 x22=0x00000000
        1125000	       111	8000019c	00a4adb3	slt	x27,x9,x10	  x9:0xfc138eda x10:0xa1532da1 x27=0x00000000
        1135000	       112	800001a0	fdd1dee3	bge	x3,x29,8000017c	  x3:0xfffffff8 x29:0xfffffffb
        1145000	       113	800001a4	283d8513	addi	x10,x27,643	 x27:0x00000000 x10=0x00000283
        1155000	       114	800001a8	0065a033	slt	x0,x11,x6	 x11:0x80000000  x6:0xf3cfc279
        1165000	       115	800001ac	1d168d13	addi	x26,x13,465	 x13:0x0000000a x26=0x000001db
        1175000	       116	800001b0	01aa1bb3	sll	x23,x20,x26	 x20:0x00000010 x26:0x000001db x23=0x80000000
        1185000	       117	800001b4	6346cd13	xori	x26,x13,1588	 x13:0x0000000a x26=0x0000063e
        1195000	       118	800001b8	415e5693	srai	x13,x28,0x15	 x28:0xd292aa30 x13=0xfffffe94
        1205000	       119	800001bc	014483b3	add	x7,x9,x20	  x9:0xfc138eda x20:0x00000010  x7=0xfc138eea
        1215000	       120	800001c0	f8fa46e3	blt	x20,x15,8000014c	 x20:0x00000010 x15:0x0000000a
        1225000	       121	800001c4	01993bb3	sltu	x23,x18,x25	 x18:0x80009fc4 x25:0x00000001 x23=0x00000000
        1235000	       122	800001c8	00900593	addi	x11,x0,9	  x0:0x00000000 x11=0x00000009
        1245000	       123	800001cc	413fdab3	sra	x21,x31,x19	 x31:0x00000000 x19:0x00000001 x21=0x00000000
        1255000	       124	800001d0	01000393	addi	x7,x0,16	  x0:0x00000000  x7=0x00000010
        1265000	       125	800001d4	44374093	xori	x1,x14,1091	 x14:0x8b68218c  x1=0x8b6825cf
        1275000	       126	800001d8	a7d14693	xori	x13,x2,-1411	  x2:0x00000001 x13=0xfffffa7c
        1285000	       127	800001dc	01e05093	srli	x1,x0,0x1e	  x0:0x00000000  x1=0x00000000
        1295000	       128	800001e0	00658593	addi	x11,x11,6	 x11:0x00000009 x11=0x0000000f
        1305000	       129	800001e4	00000013	addi	x0,x0,0	  x0:0x00000000
        1315000	       130	800001e8	00732db3	slt	x27,x6,x7	  x6:0xf3cfc279  x7:0x00000010 x27=0x00000001
        1325000	       131	800001ec	00a00713	addi	x14,x0,10	  x0:0x00000000 x14=0x0000000a
        1335000	       132	800001f0	00200513	addi	x10,x0,2	  x0:0x00000000 x10=0x00000002
        1345000	       133	800001f4	01e24033	xor	x0,x4,x30	  x4:0xf3ce2509 x30:0x80009f84
        1355000	       134	800001f8	41d7d133	sra	x2,x15,x29	 x15:0x0000000a x29:0xfffffffb  x2=0x00000000
        1365000	       135	800001fc	33b4fc13	andi	x24,x9,827	  x9:0xfc138eda x24=0x0000021a
        1375000	       136	80000200	002f8133	add	x2,x31,x2	 x31:0x00000000  x2:0x00000000  x2=0x00000000
        1385000	       137	80000204	ffb70713	addi	x14,x14,-5	 x14:0x0000000a x14=0x00000005
        1395000	       138	80000208	eb357613	andi	x12,x10,-333	 x10:0x00000002 x12=0x00000002
        1405000	       139	8000020c	fea75ae3	bge	x14,x10,80000200	 x14:0x00000005 x10:0x00000002
        1415000	       140	00000000	00000013	addi	x0,x0,0	  x0:0x00000000
        1425000	       141	800001fc	00000013	addi	x0,x0,0	  x0:0x00000000
        1435000	       142	80000200	002f8133	add	x2,x31,x2	 x31:0x00000000  x2:0x00000000  x2=0x00000000
        1445000	       143	80000204	ffb70713	addi	x14,x14,-5	 x14:0x00000005 x14=0x00000000
        1455000	       144	80000208	eb357613	andi	x12,x10,-333	 x10:0x00000002 x12=0x00000002
        1465000	       145	8000020c	fea75ae3	bge	x14,x10,80000200	 x14:0x00000000 x10:0x00000002
        1475000	       146	80000210	fc75e4e3	bltu	x11,x7,800001d8	 x11:0x0000000f  x7:0x00000010
        1485000	       147	00000000	00000013	addi	x0,x0,0	  x0:0x00000000
        1495000	       148	800001d4	00000013	addi	x0,x0,0	  x0:0x00000000
        1505000	       149	800001d8	a7d14693	xori	x13,x2,-1411	  x2:0x00000000 x13=0xfffffa7d
        1515000	       150	800001dc	01e05093	srli	x1,x0,0x1e	  x0:0x00000000  x1=0x00000000
        1525000	       151	800001e0	00658593	addi	x11,x11,6	 x11:0x0000000f x11=0x00000015
        1535000	       152	800001e4	00000013	addi	x0,x0,0	  x0:0x00000000
        1545000	       153	800001e8	00732db3	slt	x27,x6,x7	  x6:0xf3cfc279  x7:0x00000010 x27=0x00000001
        1555000	       154	800001ec	00a00713	addi	x14,x0,10	  x0:0x00000000 x14=0x0000000a
        1565000	       155	800001f0	00200513	addi	x10,x0,2	  x0:0x00000000 x10=0x00000002
        1575000	       156	800001f4	01e24033	xor	x0,x4,x30	  x4:0xf3ce2509 x30:0x80009f84
        1585000	       157	800001f8	41d7d133	sra	x2,x15,x29	 x15:0x0000000a x29:0xfffffffb  x2=0x00000000
        1595000	       158	800001fc	33b4fc13	andi	x24,x9,827	  x9:0xfc138eda x24=0x0000021a
        1605000	       159	80000200	002f8133	add	x2,x31,x2	 x31:0x00000000  x2:0x00000000  x2=0x00000000
        1615000	       160	80000204	ffb70713	addi	x14,x14,-5	 x14:0x0000000a x14=0x00000005
        1625000	       161	80000208	eb357613	andi	x12,x10,-333	 x10:0x00000002 x12=0x00000002
        1635000	       162	8000020c	fea75ae3	bge	x14,x10,80000200	 x14:0x00000005 x10:0x00000002
        1645000	       163	00000000	00000013	addi	x0,x0,0	  x0:0x00000000
        1655000	       164	800001fc	00000013	addi	x0,x0,0	  x0:0x00000000
        1665000	       165	80000200	002f8133	add	x2,x31,x2	 x31:0x00000000  x2:0x00000000  x2=0x00000000
        1675000	       166	80000204	ffb70713	addi	x14,x14,-5	 x14:0x00000005 x14=0x00000000
        1685000	       167	80000208	eb357613	andi	x12,x10,-333	 x10:0x00000002 x12=0x00000002
        1695000	       168	8000020c	fea75ae3	bge	x14,x10,80000200	 x14:0x00000000 x10:0x00000002
        1705000	       169	80000210	fc75e4e3	bltu	x11,x7,800001d8	 x11:0x00000015  x7:0x00000010
        1715000	       170	80000214	275b8293	addi	x5,x23,629	 x23:0x00000000  x5=0x00000275
        1725000	       171	80000218	ff600293	addi	x5,x0,-10	  x0:0x00000000  x5=0xfffffff6
        1735000	       172	8000021c	00369b13	slli	x22,x13,0x3	 x13:0xfffffa7d x22=0xffffd3e8
        1745000	       173	80000220	4145d1b3	sra	x3,x11,x20	 x11:0x00000015 x20:0x00000010  x3=0x00000000
        1755000	       174	80000224	0073b6b3	sltu	x13,x7,x7	  x7:0x00000010  x7:0x00000010 x13=0x00000000
        1765000	       175	80000228	001d78b3	and	x17,x26,x1	 x26:0x0000063e  x1:0x00000000 x17=0x00000000
        1775000	       176	8000022c	ff100c93	addi	x25,x0,-15	  x0:0x00000000 x25=0xfffffff1
        1785000	       177	80000230	bc10c993	xori	x19,x1,-1087	  x1:0x00000000 x19=0xfffffbc1
        1795000	       178	80000234	313e0613	addi	x12,x28,787	 x28:0xd292aa30 x12=0xd292ad43
        1805000	       179	80000238	ff628293	addi	x5,x5,-10	  x5:0xfffffff6  x5=0xffffffec
        1815000	       180	8000023c	00c111b3	sll	x3,x2,x12	  x2:0x00000000 x12:0xd292ad43  x3=0x00000000
        1825000	       181	80000240	ff700813	addi	x16,x0,-9	  x0:0x00000000 x16=0xfffffff7
        1835000	       182	80000244	7829ea93	ori	x21,x19,1922	 x19:0xfffffbc1 x21=0xffffffc3
        1845000	       183	80000248	01400593	addi	x11,x0,20	  x0:0x00000000 x11=0x00000014
        1855000	       184	8000024c	5d779037	lui	x0,0x5d779	
        1865000	       185	80000250	00a80813	addi	x16,x16,10	 x16:0xfffffff7 x16=0x00000001
        1875000	       186	80000254	feb86ce3	bltu	x16,x11,8000024c	 x16:0x00000001 x11:0x00000014
        1885000	       187	00000000	00000013	addi	x0,x0,0	  x0:0x00000000
        1895000	       188	80000248	00000013	addi	x0,x0,0	  x0:0x00000000
        1905000	       189	8000024c	5d779037	lui	x0,0x5d779	
        1915000	       190	80000250	00a80813	addi	x16,x16,10	 x16:0x00000001 x16=0x0000000b
        1925000	       191	80000254	feb86ce3	bltu	x16,x11,8000024c	 x16:0x0000000b x11:0x00000014
        1935000	       192	00000000	00000013	addi	x0,x0,0	  x0:0x00000000
        1945000	       193	80000248	00000013	addi	x0,x0,0	  x0:0x00000000
        1955000	       194	8000024c	5d779037	lui	x0,0x5d779	
        1965000	       195	80000250	00a80813	addi	x16,x16,10	 x16:0x0000000b x16=0x00000015
        1975000	       196	80000254	feb86ce3	bltu	x16,x11,8000024c	 x16:0x00000015 x11:0x00000014
        1985000	       197	80000258	413053b3	sra	x7,x0,x19	  x0:0x00000000 x19:0xfffffbc1  x7=0x00000000
        1995000	       198	8000025c	fd92dce3	bge	x5,x25,80000234	  x5:0xffffffec x25:0xfffffff1
        2005000	       199	80000260	01c9a533	slt	x10,x19,x28	 x19:0xfffffbc1 x28:0xd292aa30 x10=0x00000000
        2015000	       200	80000264	00200893	addi	x17,x0,2	  x0:0x00000000 x17=0x00000002
        2025000	       201	80000268	ff600b93	addi	x23,x0,-10	  x0:0x00000000 x23=0xfffffff6
        2035000	       202	8000026c	40bad513	srai	x10,x21,0xb	 x21:0xffffffc3 x10=0xffffffff
        2045000	       203	80000270	0031f5b3	and	x11,x3,x3	  x3:0x00000000  x3:0x00000000 x11=0x00000000
        2055000	       204	80000274	11c4e193	ori	x3,x9,284	  x9:0xfc138eda  x3=0xfc138fde
        2065000	       205	80000278	ff788893	addi	x17,x17,-9	 x17:0x00000002 x17=0xfffffff9
        2075000	       206	8000027c	001397b3	sll	x15,x7,x1	  x7:0x00000000  x1:0x00000000 x15=0x00000000
        2085000	       207	80000280	00000d13	addi	x26,x0,0	  x0:0x00000000 x26=0x00000000
        2095000	       208	80000284	417909b3	sub	x19,x18,x23	 x18:0x80009fc4 x23:0xfffffff6 x19=0x80009fce
        2105000	       209	80000288	00e51eb3	sll	x29,x10,x14	 x10:0xffffffff x14:0x00000000 x29=0xffffffff
        2115000	       210	8000028c	00b00693	addi	x13,x0,11	  x0:0x00000000 x13=0x0000000b
        2125000	       211	80000290	9099fe93	andi	x29,x19,-1783	 x19:0x80009fce x29=0x80009908
        2135000	       212	80000294	00301a13	slli	x20,x0,0x3	  x0:0x00000000 x20=0x00000000
        2145000	       213	80000298	312eac93	slti	x25,x29,786	 x29:0x80009908 x25=0x00000001
        2155000	       214	8000029c	01018eb3	add	x29,x3,x16	  x3:0xfc138fde x16:0x00000015 x29=0xfc138ff3
        2165000	       215	800002a0	0082e633	or	x12,x5,x8	  x5:0xffffffec  x8:0x00000005 x12=0xffffffed
        2175000	       216	800002a4	003d0d13	addi	x26,x26,3	 x26:0x00000000 x26=0x00000003
        2185000	       217	800002a8	b8556513	ori	x10,x10,-1147	 x10:0xffffffff x10=0xffffffff
        2195000	       218	800002ac	01041a13	slli	x20,x8,0x10	  x8:0x00000005 x20=0x00050000
        2205000	       219	800002b0	fedd40e3	blt	x26,x13,80000290	 x26:0x00000003 x13:0x0000000b
        2215000	       220	00000000	00000013	addi	x0,x0,0	  x0:0x00000000
        2225000	       221	8000028c	00000013	addi	x0,x0,0	  x0:0x00000000
        2235000	       222	80000290	9099fe93	andi	x29,x19,-1783	 x19:0x80009fce x29=0x80009908
        2245000	       223	80000294	00301a13	slli	x20,x0,0x3	  x0:0x00000000 x20=0x00000000
        2255000	       224	80000298	312eac93	slti	x25,x29,786	 x29:0x80009908 x25=0x00000001
        2265000	       225	8000029c	01018eb3	add	x29,x3,x16	  x3:0xfc138fde x16:0x00000015 x29=0xfc138ff3
        2275000	       226	800002a0	0082e633	or	x12,x5,x8	  x5:0xffffffec  x8:0x00000005 x12=0xffffffed
        2285000	       227	800002a4	003d0d13	addi	x26,x26,3	 x26:0x00000003 x26=0x00000006
        2295000	       228	800002a8	b8556513	ori	x10,x10,-1147	 x10:0xffffffff x10=0xffffffff
        2305000	       229	800002ac	01041a13	slli	x20,x8,0x10	  x8:0x00000005 x20=0x00050000
        2315000	       230	800002b0	fedd40e3	blt	x26,x13,80000290	 x26:0x00000006 x13:0x0000000b
        2325000	       231	00000000	00000013	addi	x0,x0,0	  x0:0x00000000
        2335000	       232	8000028c	00000013	addi	x0,x0,0	  x0:0x00000000
        2345000	       233	80000290	9099fe93	andi	x29,x19,-1783	 x19:0x80009fce x29=0x80009908
        2355000	       234	80000294	00301a13	slli	x20,x0,0x3	  x0:0x00000000 x20=0x00000000
        2365000	       235	80000298	312eac93	slti	x25,x29,786	 x29:0x80009908 x25=0x00000001
        2375000	       236	8000029c	01018eb3	add	x29,x3,x16	  x3:0xfc138fde x16:0x00000015 x29=0xfc138ff3
        2385000	       237	800002a0	0082e633	or	x12,x5,x8	  x5:0xffffffec  x8:0x00000005 x12=0xffffffed
        2395000	       238	800002a4	003d0d13	addi	x26,x26,3	 x26:0x00000006 x26=0x00000009
        2405000	       239	800002a8	b8556513	ori	x10,x10,-1147	 x10:0xffffffff x10=0xffffffff
        2415000	       240	800002ac	01041a13	slli	x20,x8,0x10	  x8:0x00000005 x20=0x00050000
        2425000	       241	800002b0	fedd40e3	blt	x26,x13,80000290	 x26:0x00000009 x13:0x0000000b
        2435000	       242	00000000	00000013	addi	x0,x0,0	  x0:0x00000000
        2445000	       243	8000028c	00000013	addi	x0,x0,0	  x0:0x00000000
        2455000	       244	80000290	9099fe93	andi	x29,x19,-1783	 x19:0x80009fce x29=0x80009908
        2465000	       245	80000294	00301a13	slli	x20,x0,0x3	  x0:0x00000000 x20=0x00000000
        2475000	       246	80000298	312eac93	slti	x25,x29,786	 x29:0x80009908 x25=0x00000001
        2485000	       247	8000029c	01018eb3	add	x29,x3,x16	  x3:0xfc138fde x16:0x00000015 x29=0xfc138ff3
        2495000	       248	800002a0	0082e633	or	x12,x5,x8	  x5:0xffffffec  x8:0x00000005 x12=0xffffffed
        2505000	       249	800002a4	003d0d13	addi	x26,x26,3	 x26:0x00000009 x26=0x0000000c
        2515000	       250	800002a8	b8556513	ori	x10,x10,-1147	 x10:0xffffffff x10=0xffffffff
        2525000	       251	800002ac	01041a13	slli	x20,x8,0x10	  x8:0x00000005 x20=0x00050000
        2535000	       252	800002b0	fedd40e3	blt	x26,x13,80000290	 x26:0x0000000c x13:0x0000000b
        2545000	       253	800002b4	bad14493	xori	x9,x2,-1107	  x2:0x00000000  x9=0xfffffbad
        2555000	       254	800002b8	00e51d93	slli	x27,x10,0xe	 x10:0xffffffff x27=0xffffc000
        2565000	       255	800002bc	fb78dce3	bge	x17,x23,80000274	 x17:0xfffffff9 x23:0xfffffff6
        2575000	       256	00000000	00000013	addi	x0,x0,0	  x0:0x00000000
        2585000	       257	80000270	00000013	addi	x0,x0,0	  x0:0x00000000
        2595000	       258	80000274	11c4e193	ori	x3,x9,284	  x9:0xfffffbad  x3=0xfffffbbd
        2605000	       259	80000278	ff788893	addi	x17,x17,-9	 x17:0xfffffff9 x17=0xfffffff0
        2615000	       260	8000027c	001397b3	sll	x15,x7,x1	  x7:0x00000000  x1:0x00000000 x15=0x00000000
        2625000	       261	80000280	00000d13	addi	x26,x0,0	  x0:0x00000000 x26=0x00000000
        2635000	       262	80000284	417909b3	sub	x19,x18,x23	 x18:0x80009fc4 x23:0xfffffff6 x19=0x80009fce
        2645000	       263	80000288	00e51eb3	sll	x29,x10,x14	 x10:0xffffffff x14:0x00000000 x29=0xffffffff
        2655000	       264	8000028c	00b00693	addi	x13,x0,11	  x0:0x00000000 x13=0x0000000b
        2665000	       265	80000290	9099fe93	andi	x29,x19,-1783	 x19:0x80009fce x29=0x80009908
        2675000	       266	80000294	00301a13	slli	x20,x0,0x3	  x0:0x00000000 x20=0x00000000
        2685000	       267	80000298	312eac93	slti	x25,x29,786	 x29:0x80009908 x25=0x00000001
        2695000	       268	8000029c	01018eb3	add	x29,x3,x16	  x3:0xfffffbbd x16:0x00000015 x29=0xfffffbd2
        2705000	       269	800002a0	0082e633	or	x12,x5,x8	  x5:0xffffffec  x8:0x00000005 x12=0xffffffed
        2715000	       270	800002a4	003d0d13	addi	x26,x26,3	 x26:0x00000000 x26=0x00000003
        2725000	       271	800002a8	b8556513	ori	x10,x10,-1147	 x10:0xffffffff x10=0xffffffff
        2735000	       272	800002ac	01041a13	slli	x20,x8,0x10	  x8:0x00000005 x20=0x00050000
        2745000	       273	800002b0	fedd40e3	blt	x26,x13,80000290	 x26:0x00000003 x13:0x0000000b
        2755000	       274	00000000	00000013	addi	x0,x0,0	  x0:0x00000000
        2765000	       275	8000028c	00000013	addi	x0,x0,0	  x0:0x00000000
        2775000	       276	80000290	9099fe93	andi	x29,x19,-1783	 x19:0x80009fce x29=0x80009908
        2785000	       277	80000294	00301a13	slli	x20,x0,0x3	  x0:0x00000000 x20=0x00000000
        2795000	       278	80000298	312eac93	slti	x25,x29,786	 x29:0x80009908 x25=0x00000001
        2805000	       279	8000029c	01018eb3	add	x29,x3,x16	  x3:0xfffffbbd x16:0x00000015 x29=0xfffffbd2
        2815000	       280	800002a0	0082e633	or	x12,x5,x8	  x5:0xffffffec  x8:0x00000005 x12=0xffffffed
        2825000	       281	800002a4	003d0d13	addi	x26,x26,3	 x26:0x00000003 x26=0x00000006
        2835000	       282	800002a8	b8556513	ori	x10,x10,-1147	 x10:0xffffffff x10=0xffffffff
        2845000	       283	800002ac	01041a13	slli	x20,x8,0x10	  x8:0x00000005 x20=0x00050000
        2855000	       284	800002b0	fedd40e3	blt	x26,x13,80000290	 x26:0x00000006 x13:0x0000000b
        2865000	       285	00000000	00000013	addi	x0,x0,0	  x0:0x00000000
        2875000	       286	8000028c	00000013	addi	x0,x0,0	  x0:0x00000000
        2885000	       287	80000290	9099fe93	andi	x29,x19,-1783	 x19:0x80009fce x29=0x80009908
        2895000	       288	80000294	00301a13	slli	x20,x0,0x3	  x0:0x00000000 x20=0x00000000
        2905000	       289	80000298	312eac93	slti	x25,x29,786	 x29:0x80009908 x25=0x00000001
        2915000	       290	8000029c	01018eb3	add	x29,x3,x16	  x3:0xfffffbbd x16:0x00000015 x29=0xfffffbd2
        2925000	       291	800002a0	0082e633	or	x12,x5,x8	  x5:0xffffffec  x8:0x00000005 x12=0xffffffed
        2935000	       292	800002a4	003d0d13	addi	x26,x26,3	 x26:0x00000006 x26=0x00000009
        2945000	       293	800002a8	b8556513	ori	x10,x10,-1147	 x10:0xffffffff x10=0xffffffff
        2955000	       294	800002ac	01041a13	slli	x20,x8,0x10	  x8:0x00000005 x20=0x00050000
        2965000	       295	800002b0	fedd40e3	blt	x26,x13,80000290	 x26:0x00000009 x13:0x0000000b
        2975000	       296	00000000	00000013	addi	x0,x0,0	  x0:0x00000000
        2985000	       297	8000028c	00000013	addi	x0,x0,0	  x0:0x00000000
        2995000	       298	80000290	9099fe93	andi	x29,x19,-1783	 x19:0x80009fce x29=0x80009908
        3005000	       299	80000294	00301a13	slli	x20,x0,0x3	  x0:0x00000000 x20=0x00000000
        3015000	       300	80000298	312eac93	slti	x25,x29,786	 x29:0x80009908 x25=0x00000001
        3025000	       301	8000029c	01018eb3	add	x29,x3,x16	  x3:0xfffffbbd x16:0x00000015 x29=0xfffffbd2
        3035000	       302	800002a0	0082e633	or	x12,x5,x8	  x5:0xffffffec  x8:0x00000005 x12=0xffffffed
        3045000	       303	800002a4	003d0d13	addi	x26,x26,3	 x26:0x00000009 x26=0x0000000c
        3055000	       304	800002a8	b8556513	ori	x10,x10,-1147	 x10:0xffffffff x10=0xffffffff
        3065000	       305	800002ac	01041a13	slli	x20,x8,0x10	  x8:0x00000005 x20=0x00050000
        3075000	       306	800002b0	fedd40e3	blt	x26,x13,80000290	 x26:0x0000000c x13:0x0000000b
        3085000	       307	800002b4	bad14493	xori	x9,x2,-1107	  x2:0x00000000  x9=0xfffffbad
        3095000	       308	800002b8	00e51d93	slli	x27,x10,0xe	 x10:0xffffffff x27=0xffffc000
        3105000	       309	800002bc	fb78dce3	bge	x17,x23,80000274	 x17:0xfffffff0 x23:0xfffffff6
        3115000	       310	800002c0	2832cb13	xori	x22,x5,643	  x5:0xffffffec x22=0xfffffd6f
        3125000	       311	800002c4	ffb00e93	addi	x29,x0,-5	  x0:0x00000000 x29=0xfffffffb
        3135000	       312	800002c8	00400993	addi	x19,x0,4	  x0:0x00000000 x19=0x00000004
        3145000	       313	800002cc	0151afb3	slt	x31,x3,x21	  x3:0xfffffbbd x21:0xffffffc3 x31=0x00000001
        3155000	       314	800002d0	1de8b413	sltiu	x8,x17,478	 x17:0xfffffff0  x8=0x00000000
        3165000	       315	800002d4	001f2bb3	slt	x23,x30,x1	 x30:0x80009f84  x1:0x00000000 x23=0x00000001
        3175000	       316	800002d8	bd938a93	addi	x21,x7,-1063	  x7:0x00000000 x21=0xfffffbd9
        3185000	       317	800002dc	419cd733	sra	x14,x25,x25	 x25:0x00000001 x25:0x00000001 x14=0x00000000
        3195000	       318	800002e0	00d20c33	add	x24,x4,x13	  x4:0xf3ce2509 x13:0x0000000b x24=0xf3ce2514
        3205000	       319	800002e4	7a86ad93	slti	x27,x13,1960	 x13:0x0000000b x27=0x00000001
        3215000	       320	800002e8	002e8e93	addi	x29,x29,2	 x29:0xfffffffb x29=0xfffffffd
        3225000	       321	800002ec	ff3ee2e3	bltu	x29,x19,800002d0	 x29:0xfffffffd x19:0x00000004
        3235000	       322	800002f0	00c48cb3	add	x25,x9,x12	  x9:0xfffffbad x12:0xffffffed x25=0xfffffb9a
        3245000	       323	800002f4	00a00813	addi	x16,x0,10	  x0:0x00000000 x16=0x0000000a
        3255000	       324	800002f8	00564e33	xor	x28,x12,x5	 x12:0xffffffed  x5:0xffffffec x28=0x00000001
        3265000	       325	800002fc	00600f93	addi	x31,x0,6	  x0:0x00000000 x31=0x00000006
        3275000	       326	80000300	00000013	addi	x0,x0,0	  x0:0x00000000
        3285000	       327	80000304	01b22633	slt	x12,x4,x27	  x4:0xf3ce2509 x27:0x00000001 x12=0x00000001
        3295000	       328	80000308	00446333	or	x6,x8,x4	  x8:0x00000000  x4:0xf3ce2509  x6=0xf3ce2509
        3305000	       329	8000030c	ae588693	addi	x13,x17,-1307	 x17:0xfffffff0 x13=0xfffffad5
        3315000	       330	80000310	00233d33	sltu	x26,x6,x2	  x6:0xf3ce2509  x2:0x00000000 x26=0x00000000
        3325000	       331	80000314	00000013	addi	x0,x0,0	  x0:0x00000000
        3335000	       332	80000318	013c97b3	sll	x15,x25,x19	 x25:0xfffffb9a x19:0x00000004 x15=0xffffb9a0
        3345000	       333	8000031c	1151b493	sltiu	x9,x3,277	  x3:0xfffffbbd  x9=0x00000000
        3355000	       334	80000320	0158ce33	xor	x28,x17,x21	 x17:0xfffffff0 x21:0xfffffbd9 x28=0x00000429
        3365000	       335	80000324	00000013	addi	x0,x0,0	  x0:0x00000000
        3375000	       336	80000328	916ea497	auipc	x9,0x916ea	  x9=0x116ea324
        3385000	       337	8000032c	b868d037	lui	x0,0xb868d	
        3395000	       338	80000330	00aed0b3	srl	x1,x29,x10	 x29:0xfffffffd x10:0xffffffff  x1=0x00000001
        3405000	       339	80000334	ffb80813	addi	x16,x16,-5	 x16:0x0000000a x16=0x00000005
        3415000	       340	80000338	00f7acb3	slt	x25,x15,x15	 x15:0xffffb9a0 x15:0xffffb9a0 x25=0x00000000
        3425000	       341	8000033c	00865d33	srl	x26,x12,x8	 x12:0x00000001  x8:0x00000000 x26=0x00000001
        3435000	       342	80000340	01554133	xor	x2,x10,x21	 x10:0xffffffff x21:0xfffffbd9  x2=0x00000426
        3445000	       343	80000344	418b0d33	sub	x26,x22,x24	 x22:0xfffffd6f x24:0xf3ce2514 x26=0x0c31d85b
        3455000	       344	80000348	011d33b3	sltu	x7,x26,x17	 x26:0x0c31d85b x17:0xfffffff0  x7=0x00000001
        3465000	       345	8000034c	00100713	addi	x14,x0,1	  x0:0x00000000 x14=0x00000001
        3475000	       346	80000350	002d56b3	srl	x13,x26,x2	 x26:0x0c31d85b  x2:0x00000426 x13=0x0030c761
        3485000	       347	80000354	01100d93	addi	x27,x0,17	  x0:0x00000000 x27=0x00000011
        3495000	       348	80000358	00000013	addi	x0,x0,0	  x0:0x00000000
        3505000	       349	8000035c	00825333	srl	x6,x4,x8	  x4:0xf3ce2509  x8:0x00000000  x6=0xf3ce2509
        3515000	       350	80000360	00651513	slli	x10,x10,0x6	 x10:0xffffffff x10=0xffffffc0
        3525000	       351	80000364	f8576e13	ori	x28,x14,-123	 x14:0x00000001 x28=0xffffff85
        3535000	       352	80000368	00870713	addi	x14,x14,8	 x14:0x00000001 x14=0x00000009
        3545000	       353	8000036c	0143eab3	or	x21,x7,x20	  x7:0x00000001 x20:0x00050000 x21=0x00050001
        3555000	       354	80000370	00a30cb3	add	x25,x6,x10	  x6:0xf3ce2509 x10:0xffffffc0 x25=0xf3ce24c9
        3565000	       355	80000374	ffb712e3	bne	x14,x27,80000358	 x14:0x00000009 x27:0x00000011
        3575000	       356	00000000	00000013	addi	x0,x0,0	  x0:0x00000000
        3585000	       357	80000354	00000013	addi	x0,x0,0	  x0:0x00000000
        3595000	       358	80000358	00000013	addi	x0,x0,0	  x0:0x00000000
        3605000	       359	8000035c	00825333	srl	x6,x4,x8	  x4:0xf3ce2509  x8:0x00000000  x6=0xf3ce2509
        3615000	       360	80000360	00651513	slli	x10,x10,0x6	 x10:0xffffffc0 x10=0xfffff000
        3625000	       361	80000364	f8576e13	ori	x28,x14,-123	 x14:0x00000009 x28=0xffffff8d
        3635000	       362	80000368	00870713	addi	x14,x14,8	 x14:0x00000009 x14=0x00000011
        3645000	       363	8000036c	0143eab3	or	x21,x7,x20	  x7:0x00000001 x20:0x00050000 x21=0x00050001
        3655000	       364	80000370	00a30cb3	add	x25,x6,x10	  x6:0xf3ce2509 x10:0xfffff000 x25=0xf3ce1509
        3665000	       365	80000374	ffb712e3	bne	x14,x27,80000358	 x14:0x00000011 x27:0x00000011
        3675000	       366	80000378	fbf878e3	bgeu	x16,x31,80000328	 x16:0x00000005 x31:0x00000006
        3685000	       367	8000037c	008e2bb3	slt	x23,x28,x8	 x28:0xffffff8d  x8:0x00000000 x23=0x00000001
        3695000	       368	80000380	03320663	beq	x4,x19,800003ac	  x4:0xf3ce2509 x19:0x00000004
        3705000	       369	80000384	52a1c697	auipc	x13,0x52a1c	 x13=0xd2a1c380
        3715000	       370	80000388	b0b08f93	addi	x31,x1,-1269	  x1:0x00000001 x31=0xfffffb0c
        3725000	       371	8000038c	0075bfb3	sltu	x31,x11,x7	 x11:0x00000000  x7:0x00000001 x31=0x00000001
        3735000	       372	80000390	06f97c13	andi	x24,x18,111	 x18:0x80009fc4 x24=0x00000044
        3745000	       373	80000394	00950e63	beq	x10,x9,800003b0	 x10:0xfffff000  x9:0x116ea324
        3755000	       374	80000398	34306797	auipc	x15,0x34306	 x15=0xb4306394
        3765000	       375	8000039c	018709b3	add	x19,x14,x24	 x14:0x00000011 x24:0x00000044 x19=0x00000055
        3775000	       376	800003a0	020f7263	bgeu	x30,x0,800003c4	 x30:0x80009f84  x0:0x00000000
        3785000	       377	00000000	00000013	addi	x0,x0,0	  x0:0x00000000
        3795000	       378	800003c0	00000013	addi	x0,x0,0	  x0:0x00000000
        3805000	       379	800003c4	010a5d33	srl	x26,x20,x16	 x20:0x00050000 x16:0x00000005 x26=0x00002800
        3815000	       380	800003c8	01f39713	slli	x14,x7,0x1f	  x7:0x00000001 x14=0x80000000
        3825000	       381	800003cc	037fd263	bge	x31,x23,800003f0	 x31:0x00000001 x23:0x00000001
        3835000	       382	00000000	00000013	addi	x0,x0,0	  x0:0x00000000
        3845000	       383	800003ec	00000013	addi	x0,x0,0	  x0:0x00000000
        3855000	       384	800003f0	412e58b3	sra	x17,x28,x18	 x28:0xffffff8d x18:0x80009fc4 x17=0xfffffff8
        3865000	       385	800003f4	05434663	blt	x6,x20,80000440	  x6:0xf3ce2509 x20:0x00050000
        3875000	       386	00000000	00000013	addi	x0,x0,0	  x0:0x00000000
        3885000	       387	8000043c	00000013	addi	x0,x0,0	  x0:0x00000000
        3895000	       388	80000440	01618863	beq	x3,x22,80000450	  x3:0xfffffbbd x22:0xfffffd6f
        3905000	       389	80000444	00d2fe33	and	x28,x5,x13	  x5:0xffffffec x13:0xd2a1c380 x28=0xd2a1c380
        3915000	       390	80000448	01c879b3	and	x19,x16,x28	 x16:0x00000005 x28:0xd2a1c380 x19=0x00000000
        3925000	       391	8000044c	00e42b33	slt	x22,x8,x14	  x8:0x00000000 x14:0x80000000 x22=0x00000000
        3935000	       392	80000450	00b888b3	add	x17,x17,x11	 x17:0xfffffff8 x11:0x00000000 x17=0xfffffff8
        3945000	       393	80000454	73af7817	auipc	x16,0x73af7	 x16=0xf3af7450
        3955000	       394	80000458	e217e993	ori	x19,x15,-479	 x15:0xb4306394 x19=0xffffffb5
        3965000	       395	8000045c	418807b3	sub	x15,x16,x24	 x16:0xf3af7450 x24:0x00000044 x15=0xf3af740c
        3975000	       396	80000460	0510e463	bltu	x1,x17,800004a8	  x1:0x00000001 x17:0xfffffff8
        3985000	       397	00000000	00000013	addi	x0,x0,0	  x0:0x00000000
        3995000	       398	800004a4	00000013	addi	x0,x0,0	  x0:0x00000000
        4005000	       399	800004a8	013f6863	bltu	x30,x19,800004b8	 x30:0x80009f84 x19:0xffffffb5
        4015000	       400	00000000	00000013	addi	x0,x0,0	  x0:0x00000000
        4025000	       401	800004b4	00000013	addi	x0,x0,0	  x0:0x00000000
        4035000	       402	800004b8	05e6d663	bge	x13,x30,80000504	 x13:0xd2a1c380 x30:0x80009f84
        4045000	       403	00000000	00000013	addi	x0,x0,0	  x0:0x00000000
        4055000	       404	80000500	00000013	addi	x0,x0,0	  x0:0x00000000
        4065000	       405	80000504	4101dc93	srai	x25,x3,0x10	  x3:0xfffffbbd x25=0xffffffff
        4075000	       406	80000508	01f24333	xor	x6,x4,x31	  x4:0xf3ce2509 x31:0x00000001  x6=0xf3ce2508
        4085000	       407	8000050c	01cc8333	add	x6,x25,x28	 x25:0xffffffff x28:0xd2a1c380  x6=0xd2a1c37f
        4095000	       408	80000510	02ee4a63	blt	x28,x14,80000544	 x28:0xd2a1c380 x14:0x80000000
        4105000	       409	80000514	40965293	srai	x5,x12,0x9	 x12:0x00000001  x5=0x00000000
        4115000	       410	80000518	001f2333	slt	x6,x30,x1	 x30:0x80009f84  x1:0x00000001  x6=0x00000001
        4125000	       411	8000051c	41b350b3	sra	x1,x6,x27	  x6:0x00000001 x27:0x00000011  x1=0x00000000
        4135000	       412	80000520	01bd01b3	add	x3,x26,x27	 x26:0x00002800 x27:0x00000011  x3=0x00002811
        4145000	       413	80000524	00c2a333	slt	x6,x5,x12	  x5:0x00000000 x12:0x00000001  x6=0x00000001
        4155000	       414	80000528	00000013	addi	x0,x0,0	  x0:0x00000000
        4165000	       415	8000052c	00b745b3	xor	x11,x14,x11	 x14:0x80000000 x11:0x00000000 x11=0x80000000
        4175000	       416	80000530	fbffc813	xori	x16,x31,-65	 x31:0x00000001 x16=0xffffffbe
        4185000	       417	80000534	ad192097	auipc	x1,0xad192	  x1=0x2d192530
        4195000	       418	80000538	042bc263	blt	x23,x2,8000057c	 x23:0x00000001  x2:0x00000426
        4205000	       419	00000000	00000013	addi	x0,x0,0	  x0:0x00000000
        4215000	       420	80000578	00000013	addi	x0,x0,0	  x0:0x00000000
        4225000	       421	8000057c	0076d293	srli	x5,x13,0x7	 x13:0xd2a1c380  x5=0x01a54387
        4235000	       422	80000580	5950ac93	slti	x25,x1,1429	  x1:0x2d192530 x25=0x00000000
        4245000	       423	80000584	bfa67d93	andi	x27,x12,-1030	 x12:0x00000001 x27=0x00000000
        4255000	       424	80000588	ffd00093	addi	x1,x0,-3	  x0:0x00000000  x1=0xfffffffd
        4265000	       425	8000058c	71df0137	lui	x2,0x71df0	  x2=0x71df0000
        4275000	       426	80000590	01c19eb3	sll	x29,x3,x28	  x3:0x00002811 x28:0xd2a1c380 x29=0x00002811
        4285000	       427	80000594	00000813	addi	x16,x0,0	  x0:0x00000000 x16=0x00000000
        4295000	       428	80000598	ac3b2013	slti	x0,x22,-1341	 x22:0x00000000
        4305000	       429	8000059c	41510b33	sub	x22,x2,x21	  x2:0x71df0000 x21:0x00050001 x22=0x71d9ffff
        4315000	       430	800005a0	9c562a13	slti	x20,x12,-1595	 x12:0x00000001 x20=0x00000000
        4325000	       431	800005a4	00808093	addi	x1,x1,8	  x1:0xfffffffd  x1=0x00000005
        4335000	       432	800005a8	ffa00693	addi	x13,x0,-6	  x0:0x00000000 x13=0xfffffffa
        4345000	       433	800005ac	013619b3	sll	x19,x12,x19	 x12:0x00000001 x19:0xffffffb5 x19=0x00200000
        4355000	       434	800005b0	0137d633	srl	x12,x15,x19	 x15:0xf3af740c x19:0x00200000 x12=0xf3af740c
        4365000	       435	800005b4	00300593	addi	x11,x0,3	  x0:0x00000000 x11=0x00000003
        4375000	       436	800005b8	c548bc13	sltiu	x24,x17,-940	 x17:0xfffffff8 x24=0x00000000
        4385000	       437	800005bc	0180e8b3	or	x17,x1,x24	  x1:0x00000005 x24:0x00000000 x17=0x00000005
        4395000	       438	800005c0	017e4fb3	xor	x31,x28,x23	 x28:0xd2a1c380 x23:0x00000001 x31=0xd2a1c381
        4405000	       439	800005c4	018adb33	srl	x22,x21,x24	 x21:0x00050001 x24:0x00000000 x22=0x00050001
        4415000	       440	800005c8	00268693	addi	x13,x13,2	 x13:0xfffffffa x13=0xfffffffc
        4425000	       441	800005cc	018087b3	add	x15,x1,x24	  x1:0x00000005 x24:0x00000000 x15=0x00000005
        4435000	       442	800005d0	01745f93	srli	x31,x8,0x17	  x8:0x00000000 x31=0x00000000
        4445000	       443	800005d4	feb6e2e3	bltu	x13,x11,800005b8	 x13:0xfffffffc x11:0x00000003
        4455000	       444	800005d8	fd00c2e3	blt	x1,x16,8000059c	  x1:0x00000005 x16:0x00000000
        4465000	       445	800005dc	08d26b93	ori	x23,x4,141	  x4:0xf3ce2509 x23=0xf3ce258d
        4475000	       446	800005e0	003173b3	and	x7,x2,x3	  x2:0x71df0000  x3:0x00002811  x7=0x00000000
        4485000	       447	800005e4	0125a733	slt	x14,x11,x18	 x11:0x00000003 x18:0x80009fc4 x14=0x00000000
        4495000	       448	800005e8	01ff6833	or	x16,x30,x31	 x30:0x80009f84 x31:0x00000000 x16=0x80009f84
        4505000	       449	800005ec	00ba0463	beq	x20,x11,800005f4	 x20:0x00000000 x11:0x00000003
        4515000	       450	800005f0	00df9293	slli	x5,x31,0xd	 x31:0x00000000  x5=0x00000000
        4525000	       451	800005f4	41285493	srai	x9,x16,0x12	 x16:0x80009f84  x9=0xffffe000
        4535000	       452	800005f8	24a57413	andi	x8,x10,586	 x10:0xfffff000  x8=0x00000000
        4545000	       453	800005fc	41af50b3	sra	x1,x30,x26	 x30:0x80009f84 x26:0x00002800  x1=0x80009f84
        4555000	       454	80000600	049f9663	bne	x31,x9,8000064c	 x31:0x00000000  x9:0xffffe000
        4565000	       455	00000000	00000013	addi	x0,x0,0	  x0:0x00000000
        4575000	       456	80000648	00000013	addi	x0,x0,0	  x0:0x00000000
        4585000	       457	8000064c	01655f93	srli	x31,x10,0x16	 x10:0xfffff000 x31=0x000003ff
        4595000	       458	80000650	00f63833	sltu	x16,x12,x15	 x12:0xf3af740c x15:0x00000005 x16=0x00000000
        4605000	       459	80000654	00ab6263	bltu	x22,x10,80000658	 x22:0x00050001 x10:0xfffff000
        4615000	       460	00000000	00000013	addi	x0,x0,0	  x0:0x00000000
        4625000	       461	80000654	00000013	addi	x0,x0,0	  x0:0x00000000
        4635000	       462	80000658	4430eb93	ori	x23,x1,1091	  x1:0x80009f84 x23=0x80009fc7
        4645000	       463	8000065c	015754b3	srl	x9,x14,x21	 x14:0x00000000 x21:0x00050001  x9=0x00000000
        4655000	       464	80000660	00ee4fb7	lui	x31,0xee4	 x31=0x00ee4000
        4665000	       465	80000664	40ca5533	sra	x10,x20,x12	 x20:0x00000000 x12:0xf3af740c x10=0x00000000
        4675000	       466	80000668	014f8a63	beq	x31,x20,8000067c	 x31:0x00ee4000 x20:0x00000000
        4685000	       467	8000066c	002e7a33	and	x20,x28,x2	 x28:0xd2a1c380  x2:0x71df0000 x20=0x50810000
        4695000	       468	80000670	03a56063	bltu	x10,x26,80000690	 x10:0x00000000 x26:0x00002800
        4705000	       469	00000000	00000013	addi	x0,x0,0	  x0:0x00000000
        4715000	       470	8000068c	00000013	addi	x0,x0,0	  x0:0x00000000
        4725000	       471	80000690	44af4893	xori	x17,x30,1098	 x30:0x80009f84 x17=0x80009bce
        4735000	       472	80000694	c4247b37	lui	x22,0xc4247	 x22=0xc4247000
        4745000	       473	80000698	41755eb3	sra	x29,x10,x23	 x10:0x00000000 x23:0x80009fc7 x29=0x00000000
        4755000	       474	8000069c	00215593	srli	x11,x2,0x2	  x2:0x71df0000 x11=0x1c77c000
        4765000	       475	800006a0	01d3cbb3	xor	x23,x7,x29	  x7:0x00000000 x29:0x00000000 x23=0x00000000
        4775000	       476	800006a4	916d6193	ori	x3,x26,-1770	 x26:0x00002800  x3=0xfffff916
        4785000	       477	800006a8	76980b93	addi	x23,x16,1897	 x16:0x00000000 x23=0x00000769
        4795000	       478	800006ac	01eb7c63	bgeu	x22,x30,800006c4	 x22:0xc4247000 x30:0x80009f84
        4805000	       479	00000000	00000013	addi	x0,x0,0	  x0:0x00000000
        4815000	       480	800006c0	00000013	addi	x0,x0,0	  x0:0x00000000
        4825000	       481	800006c4	0185b3b3	sltu	x7,x11,x24	 x11:0x1c77c000 x24:0x00000000  x7=0x00000000
        4835000	       482	800006c8	024c6463	bltu	x24,x4,800006f0	 x24:0x00000000  x4:0xf3ce2509
        4845000	       483	00000000	00000013	addi	x0,x0,0	  x0:0x00000000
        4855000	       484	800006ec	00000013	addi	x0,x0,0	  x0:0x00000000
        4865000	       485	800006f0	0192c6b3	xor	x13,x5,x25	  x5:0x00000000 x25:0x00000000 x13=0x00000000
        4875000	       486	800006f4	00335c33	srl	x24,x6,x3	  x6:0x00000001  x3:0xfffff916 x24=0x00000000
        4885000	       487	800006f8	01fa84b3	add	x9,x21,x31	 x21:0x00050001 x31:0x00ee4000  x9=0x00f34001
        4895000	       488	800006fc	6b63c993	xori	x19,x7,1718	  x7:0x00000000 x19=0x000006b6
        4905000	       489	80000700	0026d513	srli	x10,x13,0x2	 x13:0x00000000 x10=0x00000000
        4915000	       490	80000704	0183c8b3	xor	x17,x7,x24	  x7:0x00000000 x24:0x00000000 x17=0x00000000
        4925000	       491	80000708	4d88fd93	andi	x27,x17,1240	 x17:0x00000000 x27=0x00000000
        4935000	       492	8000070c	008bffb3	and	x31,x23,x8	 x23:0x00000769  x8:0x00000000 x31=0x00000000
        4945000	       493	80000710	7d28e793	ori	x15,x17,2002	 x17:0x00000000 x15=0x000007d2
        4955000	       494	80000714	018c7863	bgeu	x24,x24,80000724	 x24:0x00000000 x24:0x00000000
        4965000	       495	00000000	00000013	addi	x0,x0,0	  x0:0x00000000
        4975000	       496	80000720	00000013	addi	x0,x0,0	  x0:0x00000000
        4985000	       497	80000724	00e82ab3	slt	x21,x16,x14	 x16:0x00000000 x14:0x00000000 x21=0x00000000
        4995000	       498	80000728	261fae93	slti	x29,x31,609	 x31:0x00000000 x29=0x00000001
        5005000	       499	8000072c	05f20663	beq	x4,x31,80000778	  x4:0xf3ce2509 x31:0x00000000
        5015000	       500	80000730	003edeb3	srl	x29,x29,x3	 x29:0x00000001  x3:0xfffff916 x29=0x00000000
        5025000	       501	80000734	00bddc93	srli	x25,x27,0xb	 x27:0x00000000 x25=0x00000000
        5035000	       502	80000738	0084c133	xor	x2,x9,x8	  x9:0x00f34001  x8:0x00000000  x2=0x00f34001
        5045000	       503	8000073c	01a61113	slli	x2,x12,0x1a	 x12:0xf3af740c  x2=0x30000000
        5055000	       504	80000740	01d20a63	beq	x4,x29,80000754	  x4:0xf3ce2509 x29:0x00000000
        5065000	       505	80000744	02400863	beq	x0,x4,80000774	  x0:0x00000000  x4:0xf3ce2509
        5075000	       506	80000748	0075fc33	and	x24,x11,x7	 x11:0x1c77c000  x7:0x00000000 x24=0x00000000
        5085000	       507	8000074c	05114263	blt	x2,x17,80000790	  x2:0x30000000 x17:0x00000000
        5095000	       508	80000750	048c9663	bne	x25,x8,8000079c	 x25:0x00000000  x8:0x00000000
        5105000	       509	80000754	014cd893	srli	x17,x25,0x14	 x25:0x00000000 x17=0x00000000
        5115000	       510	80000758	00b9bcb3	sltu	x25,x19,x11	 x19:0x000006b6 x11:0x1c77c000 x25=0x00000001
        5125000	       511	8000075c	00000013	addi	x0,x0,0	  x0:0x00000000
        5135000	       512	80000760	0182a633	slt	x12,x5,x24	  x5:0x00000000 x24:0x00000000 x12=0x00000000
        5145000	       513	80000764	41335393	srai	x7,x6,0x13	  x6:0x00000001  x7=0x00000000
        5155000	       514	80000768	003c05b3	add	x11,x24,x3	 x24:0x00000000  x3:0xfffff916 x11=0xfffff916
        5165000	       515	8000076c	0c306e13	ori	x28,x0,195	  x0:0x00000000 x28=0x000000c3
        5175000	       516	80000770	007dbeb3	sltu	x29,x27,x7	 x27:0x00000000  x7:0x00000000 x29=0x00000000
        5185000	       517	80000774	01faf533	and	x10,x21,x31	 x21:0x00000000 x31:0x00000000 x10=0x00000000
        5195000	       518	80000778	037c9a63	bne	x25,x23,800007ac	 x25:0x00000001 x23:0x00000769
        5205000	       519	00000000	00000013	addi	x0,x0,0	  x0:0x00000000
        5215000	       520	800007a8	00000013	addi	x0,x0,0	  x0:0x00000000
        5225000	       521	800007ac	3270eb13	ori	x22,x1,807	  x1:0x80009f84 x22=0x80009fa7
        5235000	       522	800007b0	00718e63	beq	x3,x7,800007cc	  x3:0xfffff916  x7:0x00000000
        5245000	       523	800007b4	01279733	sll	x14,x15,x18	 x15:0x000007d2 x18:0x80009fc4 x14=0x00007d20
        5255000	       524	800007b8	40915813	srai	x16,x2,0x9	  x2:0x30000000 x16=0x00180000
        5265000	       525	800007bc	40ee8db3	sub	x27,x29,x14	 x29:0x00000000 x14:0x00007d20 x27=0xffff82e0
        5275000	       526	800007c0	41245833	sra	x16,x8,x18	  x8:0x00000000 x18:0x80009fc4 x16=0x00000000
        5285000	       527	800007c4	0117abb3	slt	x23,x15,x17	 x15:0x000007d2 x17:0x00000000 x23=0x00000000
        5295000	       528	800007c8	5df0c513	xori	x10,x1,1503	  x1:0x80009f84 x10=0x80009a5b
        5305000	       529	800007cc	41a70fb3	sub	x31,x14,x26	 x14:0x00007d20 x26:0x00002800 x31=0x00005520
        5315000	       530	800007d0	5943cb93	xori	x23,x7,1428	  x7:0x00000000 x23=0x00000594
        5325000	       531	800007d4	00eb9b93	slli	x23,x23,0xe	 x23:0x00000594 x23=0x01650000
        5335000	       532	800007d8	01d26fb3	or	x31,x4,x29	  x4:0xf3ce2509 x29:0x00000000 x31=0xf3ce2509
        5345000	       533	800007dc	0117abb3	slt	x23,x15,x17	 x15:0x000007d2 x17:0x00000000 x23=0x00000000
        5355000	       534	800007e0	0060f463	bgeu	x1,x6,800007e8	  x1:0x80009f84  x6:0x00000001
        5365000	       535	00000000	00000013	addi	x0,x0,0	  x0:0x00000000
        5375000	       536	800007e4	00000013	addi	x0,x0,0	  x0:0x00000000
        5385000	       537	800007e8	00e147b3	xor	x15,x2,x14	  x2:0x30000000 x14:0x00007d20 x15=0x30007d20
        5395000	       538	800007ec	40578db3	sub	x27,x15,x5	 x15:0x30007d20  x5:0x00000000 x27=0x30007d20
        5405000	       539	800007f0	41ae0433	sub	x8,x28,x26	 x28:0x000000c3 x26:0x00002800  x8=0xffffd8c3
        5415000	       540	800007f4	00385d33	srl	x26,x16,x3	 x16:0x00000000  x3:0xfffff916 x26=0x00000000
        5425000	       541	800007f8	e8f06193	ori	x3,x0,-369	  x0:0x00000000  x3=0xfffffe8f
        5435000	       542	800007fc	40c55e33	sra	x28,x10,x12	 x10:0x80009a5b x12:0x00000000 x28=0x80009a5b
        5445000	       543	80000800	032d8663	beq	x27,x18,8000082c	 x27:0x30007d20 x18:0x80009fc4
        5455000	       544	80000804	054f8663	beq	x31,x20,80000850	 x31:0xf3ce2509 x20:0x50810000
        5465000	       545	80000808	403008b3	sub	x17,x0,x3	  x0:0x00000000  x3:0xfffffe8f x17=0x00000171
        5475000	       546	8000080c	f8a4a593	slti	x11,x9,-118	  x9:0x00f34001 x11=0x00000000
        5485000	       547	80000810	73d12093	slti	x1,x2,1853	  x2:0x30000000  x1=0x00000000
        5495000	       548	80000814	053b4063	blt	x22,x19,80000854	 x22:0x80009fa7 x19:0x000006b6
        5505000	       549	00000000	00000013	addi	x0,x0,0	  x0:0x00000000
        5515000	       550	80000850	00000013	addi	x0,x0,0	  x0:0x00000000
        5525000	       551	80000854	40f0d713	srai	x14,x1,0xf	  x1:0x00000000 x14=0x00000000
        5535000	       552	80000858	035c5063	bge	x24,x21,80000878	 x24:0x00000000 x21:0x00000000
        5545000	       553	00000000	00000013	addi	x0,x0,0	  x0:0x00000000
        5555000	       554	80000874	00000013	addi	x0,x0,0	  x0:0x00000000
        5565000	       555	80000878	00c57a63	bgeu	x10,x12,8000088c	 x10:0x80009a5b x12:0x00000000
        5575000	       556	00000000	00000013	addi	x0,x0,0	  x0:0x00000000
        5585000	       557	80000888	00000013	addi	x0,x0,0	  x0:0x00000000
        5595000	       558	8000088c	002cc7b3	xor	x15,x25,x2	 x25:0x00000001  x2:0x30000000 x15=0x30000001
        5605000	       559	80000890	41ff8633	sub	x12,x31,x31	 x31:0xf3ce2509 x31:0xf3ce2509 x12=0x00000000
        5615000	       560	80000894	01d71e13	slli	x28,x14,0x1d	 x14:0x00000000 x28=0x00000000
        5625000	       561	80000898	00f48733	add	x14,x9,x15	  x9:0x00f34001 x15:0x30000001 x14=0x30f34002
        5635000	       562	8000089c	55b17713	andi	x14,x2,1371	  x2:0x30000000 x14=0x00000000
        5645000	       563	800008a0	0ea9c663	blt	x19,x10,8000098c	 x19:0x000006b6 x10:0x80009a5b
        5655000	       564	800008a4	000f0433	add	x8,x30,x0	 x30:0x80009f84  x0:0x00000000  x8=0x80009f84
        5665000	       565	800008a8	019024b3	slt	x9,x0,x25	  x0:0x00000000 x25:0x00000001  x9=0x00000001
        5675000	       566	800008ac	0cebc663	blt	x23,x14,80000978	 x23:0x00000000 x14:0x00000000
        5685000	       567	800008b0	0d67f663	bgeu	x15,x22,8000097c	 x15:0x30000001 x22:0x80009fa7
        5695000	       568	800008b4	fff00893	addi	x17,x0,-1	  x0:0x00000000 x17=0xffffffff
        5705000	       569	800008b8	d3dbe293	ori	x5,x23,-707	 x23:0x00000000  x5=0xfffffd3d
        5715000	       570	800008bc	01400393	addi	x7,x0,20	  x0:0x00000000  x7=0x00000014
        5725000	       571	800008c0	2c83a813	slti	x16,x7,712	  x7:0x00000014 x16=0x00000001
        5735000	       572	800008c4	00788893	addi	x17,x17,7	 x17:0xffffffff x17=0x00000006
        5745000	       573	800008c8	4c70a817	auipc	x16,0x4c70a	 x16=0xcc70a8c4
        5755000	       574	800008cc	00500693	addi	x13,x0,5	  x0:0x00000000 x13=0x00000005
        5765000	       575	800008d0	00500f93	addi	x31,x0,5	  x0:0x00000000 x31=0x00000005
        5775000	       576	800008d4	011d55b3	srl	x11,x26,x17	 x26:0x00000000 x17:0x00000006 x11=0x00000000
        5785000	       577	800008d8	413f6297	auipc	x5,0x413f6	  x5=0xc13f68d4
        5795000	       578	800008dc	01168733	add	x14,x13,x17	 x13:0x00000005 x17:0x00000006 x14=0x0000000b
        5805000	       579	800008e0	e1944637	lui	x12,0xe1944	 x12=0xe1944000
        5815000	       580	800008e4	29de6e13	ori	x28,x28,669	 x28:0x00000000 x28=0x0000029d
        5825000	       581	800008e8	ffc68693	addi	x13,x13,-4	 x13:0x00000005 x13=0x00000001
        5835000	       582	800008ec	fff6f6e3	bgeu	x13,x31,800008d8	 x13:0x00000001 x31:0x00000005
        5845000	       583	800008f0	fc7888e3	beq	x17,x7,800008c0	 x17:0x00000006  x7:0x00000014
        5855000	       584	800008f4	01f899b3	sll	x19,x17,x31	 x17:0x00000006 x31:0x00000005 x19=0x000000c0
        5865000	       585	800008f8	0038a8b3	slt	x17,x17,x3	 x17:0x00000006  x3:0xfffffe8f x17=0x00000000
        5875000	       586	800008fc	ffc00313	addi	x6,x0,-4	  x0:0x00000000  x6=0xfffffffc
        5885000	       587	80000900	00600813	addi	x16,x0,6	  x0:0x00000000 x16=0x00000006
        5895000	       588	80000904	00000013	addi	x0,x0,0	  x0:0x00000000
        5905000	       589	80000908	478a6613	ori	x12,x20,1144	 x20:0x50810000 x12=0x50810478
        5915000	       590	8000090c	40a65b13	srai	x22,x12,0xa	 x12:0x50810478 x22=0x00142041
        5925000	       591	80000910	00a30313	addi	x6,x6,10	  x6:0xfffffffc  x6=0x00000006
        5935000	       592	80000914	00c1f3b3	and	x7,x3,x12	  x3:0xfffffe8f x12:0x50810478  x7=0x50810408
        5945000	       593	80000918	0150dcb3	srl	x25,x1,x21	  x1:0x00000000 x21:0x00000000 x25=0x00000000
        5955000	       594	8000091c	ffe00113	addi	x2,x0,-2	  x0:0x00000000  x2=0xfffffffe
        5965000	       595	80000920	fed00b93	addi	x23,x0,-19	  x0:0x00000000 x23=0xffffffed
        5975000	       596	80000924	34213593	sltiu	x11,x2,834	  x2:0xfffffffe x11=0x00000000
        5985000	       597	80000928	ddc6b593	sltiu	x11,x13,-548	 x13:0x00000001 x11=0x00000001
        5995000	       598	8000092c	00fdb733	sltu	x14,x27,x15	 x27:0x30007d20 x15:0x30000001 x14=0x00000000
        6005000	       599	80000930	ffa10113	addi	x2,x2,-6	  x2:0xfffffffe  x2=0xfffffff8
        6015000	       600	80000934	47ee3393	sltiu	x7,x28,1150	 x28:0x0000029d  x7=0x00000001
        6025000	       601	80000938	f0193393	sltiu	x7,x18,-255	 x18:0x80009fc4  x7=0x00000001
        6035000	       602	8000093c	ff7154e3	bge	x2,x23,80000924	  x2:0xfffffff8 x23:0xffffffed
        6045000	       603	00000000	00000013	addi	x0,x0,0	  x0:0x00000000
        6055000	       604	80000920	00000013	addi	x0,x0,0	  x0:0x00000000
        6065000	       605	80000924	34213593	sltiu	x11,x2,834	  x2:0xfffffff8 x11=0x00000000
        6075000	       606	80000928	ddc6b593	sltiu	x11,x13,-548	 x13:0x00000001 x11=0x00000001
        6085000	       607	8000092c	00fdb733	sltu	x14,x27,x15	 x27:0x30007d20 x15:0x30000001 x14=0x00000000
        6095000	       608	80000930	ffa10113	addi	x2,x2,-6	  x2:0xfffffff8  x2=0xfffffff2
        6105000	       609	80000934	47ee3393	sltiu	x7,x28,1150	 x28:0x0000029d  x7=0x00000001
        6115000	       610	80000938	f0193393	sltiu	x7,x18,-255	 x18:0x80009fc4  x7=0x00000001
        6125000	       611	8000093c	ff7154e3	bge	x2,x23,80000924	  x2:0xfffffff2 x23:0xffffffed
        6135000	       612	00000000	00000013	addi	x0,x0,0	  x0:0x00000000
        6145000	       613	80000920	00000013	addi	x0,x0,0	  x0:0x00000000
        6155000	       614	80000924	34213593	sltiu	x11,x2,834	  x2:0xfffffff2 x11=0x00000000
        6165000	       615	80000928	ddc6b593	sltiu	x11,x13,-548	 x13:0x00000001 x11=0x00000001
        6175000	       616	8000092c	00fdb733	sltu	x14,x27,x15	 x27:0x30007d20 x15:0x30000001 x14=0x00000000
        6185000	       617	80000930	ffa10113	addi	x2,x2,-6	  x2:0xfffffff2  x2=0xffffffec
        6195000	       618	80000934	47ee3393	sltiu	x7,x28,1150	 x28:0x0000029d  x7=0x00000001
        6205000	       619	80000938	f0193393	sltiu	x7,x18,-255	 x18:0x80009fc4  x7=0x00000001
        6215000	       620	8000093c	ff7154e3	bge	x2,x23,80000924	  x2:0xffffffec x23:0xffffffed
        6225000	       621	80000940	00e560b3	or	x1,x10,x14	 x10:0x80009a5b x14:0x00000000  x1=0x80009a5b
        6235000	       622	80000944	009fa6b3	slt	x13,x31,x9	 x31:0x00000005  x9:0x00000001 x13=0x00000000
        6245000	       623	80000948	017fccb3	xor	x25,x31,x23	 x31:0x00000005 x23:0xffffffed x25=0xffffffe8
        6255000	       624	8000094c	7c0ef593	andi	x11,x29,1984	 x29:0x00000000 x11=0x00000000
        6265000	       625	80000950	fb034ce3	blt	x6,x16,80000908	  x6:0x00000006 x16:0x00000006
        6275000	       626	80000954	014680b3	add	x1,x13,x20	 x13:0x00000000 x20:0x50810000  x1=0x50810000
        6285000	       627	80000958	01c30533	add	x10,x6,x28	  x6:0x00000006 x28:0x0000029d x10=0x000002a3
        6295000	       628	8000095c	04837663	bgeu	x6,x8,800009a8	  x6:0x00000006  x8:0x80009f84
        6305000	       629	80000960	01cfc9b3	xor	x19,x31,x28	 x31:0x00000005 x28:0x0000029d x19=0x00000298
        6315000	       630	80000964	017e7263	bgeu	x28,x23,80000968	 x28:0x0000029d x23:0xffffffed
        6325000	       631	80000968	019bd663	bge	x23,x25,80000974	 x23:0xffffffed x25:0xffffffe8
        6335000	       632	00000000	00000013	addi	x0,x0,0	  x0:0x00000000
        6345000	       633	80000970	00000013	addi	x0,x0,0	  x0:0x00000000
        6355000	       634	80000974	7347f513	andi	x10,x15,1844	 x15:0x30000001 x10=0x00000000
        6365000	       635	80000978	014c2833	slt	x16,x24,x20	 x24:0x00000000 x20:0x50810000 x16=0x00000001
        6375000	       636	8000097c	6d5e2113	slti	x2,x28,1749	 x28:0x0000029d  x2=0x00000001
        6385000	       637	80000980	c81ea413	slti	x8,x29,-895	 x29:0x00000000  x8=0x00000000
        6395000	       638	80000984	264b0b97	auipc	x23,0x264b0	 x23=0xa64b0980
        6405000	       639	80000988	41375713	srai	x14,x14,0x13	 x14:0x00000000 x14=0x00000000
        6415000	       640	8000098c	a3656613	ori	x12,x10,-1482	 x10:0x00000000 x12=0xfffffa36
        6425000	       641	80000990	000c8c63	beq	x25,x0,800009a8	 x25:0xffffffe8  x0:0x00000000
        6435000	       642	80000994	01f006b3	add	x13,x0,x31	  x0:0x00000000 x31:0x00000005 x13=0x00000005
        6445000	       643	80000998	004929b3	slt	x19,x18,x4	 x18:0x80009fc4  x4:0xf3ce2509 x19=0x00000001
        6455000	       644	8000099c	ce5c4313	xori	x6,x24,-795	 x24:0x00000000  x6=0xfffffce5
        6465000	       645	800009a0	00016db3	or	x27,x2,x0	  x2:0x00000001  x0:0x00000000 x27=0x00000001
        6475000	       646	800009a4	006fa4b3	slt	x9,x31,x6	 x31:0x00000005  x6:0xfffffce5  x9=0x00000000
        6485000	       647	800009a8	adecb093	sltiu	x1,x25,-1314	 x25:0xffffffe8  x1=0x00000000
        6495000	       648	800009ac	013f6eb3	or	x29,x30,x19	 x30:0x80009f84 x19:0x00000001 x29=0x80009f85
        6505000	       649	800009b0	0184f0b3	and	x1,x9,x24	  x9:0x00000000 x24:0x00000000  x1=0x00000000
        6515000	       650	800009b4	aed7cb13	xori	x22,x15,-1299	 x15:0x30000001 x22=0xcffffaec
        6525000	       651	800009b8	2af34d93	xori	x27,x6,687	  x6:0xfffffce5 x27=0xfffffe4a
        6535000	       652	800009bc	418681b3	sub	x3,x13,x24	 x13:0x00000005 x24:0x00000000  x3=0x00000005
        6545000	       653	800009c0	57f27d17	auipc	x26,0x57f27	 x26=0xd7f279bc
        6555000	       654	800009c4	00d355b3	srl	x11,x6,x13	  x6:0xfffffce5 x13:0x00000005 x11=0x07ffffe7
        6565000	       655	800009c8	01ff4863	blt	x30,x31,800009d8	 x30:0x80009f84 x31:0x00000005
        6575000	       656	00000000	00000013	addi	x0,x0,0	  x0:0x00000000
        6585000	       657	800009d4	00000013	addi	x0,x0,0	  x0:0x00000000
        6595000	       658	800009d8	367d0b13	addi	x22,x26,871	 x26:0xd7f279bc x22=0xd7f27d23
        6605000	       659	800009dc	f3b56593	ori	x11,x10,-197	 x10:0x00000000 x11=0xffffff3b
        6615000	       660	800009e0	d3537c13	andi	x24,x6,-715	  x6:0xfffffce5 x24=0xfffffc25
        6625000	       661	800009e4	00d59d33	sll	x26,x11,x13	 x11:0xffffff3b x13:0x00000005 x26=0xffffe760
        6635000	       662	800009e8	00524463	blt	x4,x5,800009f0	  x4:0xf3ce2509  x5:0xc13f68d4
        6645000	       663	800009ec	005d2633	slt	x12,x26,x5	 x26:0xffffe760  x5:0xc13f68d4 x12=0x00000000
        6655000	       664	800009f0	02edfa63	bgeu	x27,x14,80000a24	 x27:0xfffffe4a x14:0x00000000
        6665000	       665	00000000	00000013	addi	x0,x0,0	  x0:0x00000000
        6675000	       666	80000a20	00000013	addi	x0,x0,0	  x0:0x00000000
        6685000	       667	80000a24	261df493	andi	x9,x27,609	 x27:0xfffffe4a  x9=0x00000240
        6695000	       668	80000a28	022a1263	bne	x20,x2,80000a4c	 x20:0x50810000  x2:0x00000001
        6705000	       669	00000000	00000013	addi	x0,x0,0	  x0:0x00000000
        6715000	       670	80000a48	00000013	addi	x0,x0,0	  x0:0x00000000
        6725000	       671	80000a4c	002bfc63	bgeu	x23,x2,80000a64	 x23:0xa64b0980  x2:0x00000001
        6735000	       672	00000000	00000013	addi	x0,x0,0	  x0:0x00000000
        6745000	       673	80000a60	00000013	addi	x0,x0,0	  x0:0x00000000
        6755000	       674	80000a64	46962713	slti	x14,x12,1129	 x12:0x00000000 x14=0x00000001
        6765000	       675	80000a68	bf74a513	slti	x10,x9,-1033	  x9:0x00000240 x10=0x00000000
        6775000	       676	80000a6c	00d73fb3	sltu	x31,x14,x13	 x14:0x00000001 x13:0x00000005 x31=0x00000001
        6785000	       677	80000a70	01d09e33	sll	x28,x1,x29	  x1:0x00000000 x29:0x80009f85 x28=0x00000000
        6795000	       678	80000a74	00481413	slli	x8,x16,0x4	 x16:0x00000001  x8=0x00000010
        6805000	       679	80000a78	017e5633	srl	x12,x28,x23	 x28:0x00000000 x23:0xa64b0980 x12=0x00000000
        6815000	       680	80000a7c	9cbc91b7	lui	x3,0x9cbc9	  x3=0x9cbc9000
        6825000	       681	80000a80	af4534b7	lui	x9,0xaf453	  x9=0xaf453000
        6835000	       682	80000a84	52036193	ori	x3,x6,1312	  x6:0xfffffce5  x3=0xfffffde5
        6845000	       683	80000a88	00000013	addi	x0,x0,0	  x0:0x00000000
        6855000	       684	80000a8c	01f903b3	add	x7,x18,x31	 x18:0x80009fc4 x31:0x00000001  x7=0x80009fc5
        6865000	       685	80000a90	01ea4e33	xor	x28,x20,x30	 x20:0x50810000 x30:0x80009f84 x28=0xd0819f84
        6875000	       686	80000a94	01fde033	or	x0,x27,x31	 x27:0xfffffe4a x31:0x00000001
        6885000	       687	80000a98	01be9333	sll	x6,x29,x27	 x29:0x80009f85 x27:0xfffffe4a  x6=0x027e1400
        6895000	       688	80000a9c	0158d3b3	srl	x7,x17,x21	 x17:0x00000000 x21:0x00000000  x7=0x00000000
        6905000	       689	80000aa0	417d5533	sra	x10,x26,x23	 x26:0xffffe760 x23:0xa64b0980 x10=0xffffe760
        6915000	       690	80000aa4	004da7b3	slt	x15,x27,x4	 x27:0xfffffe4a  x4:0xf3ce2509 x15=0x00000000
        6925000	       691	80000aa8	004eccb3	xor	x25,x29,x4	 x29:0x80009f85  x4:0xf3ce2509 x25=0x73ceba8c
        6935000	       692	80000aac	06d46063	bltu	x8,x13,80000b0c	  x8:0x00000010 x13:0x00000005
        6945000	       693	80000ab0	01ec48b3	xor	x17,x24,x30	 x24:0xfffffc25 x30:0x80009f84 x17=0x7fff63a1
        6955000	       694	80000ab4	b0726a93	ori	x21,x4,-1273	  x4:0xf3ce2509 x21=0xffffff0f
        6965000	       695	80000ab8	409b5d93	srai	x27,x22,0x9	 x22:0xd7f27d23 x27=0xffebf93e
        6975000	       696	80000abc	00c7d7b3	srl	x15,x15,x12	 x15:0x00000000 x12:0x00000000 x15=0x00000000
        6985000	       697	80000ac0	014dcbb3	xor	x23,x27,x20	 x27:0xffebf93e x20:0x50810000 x23=0xaf6af93e
        6995000	       698	80000ac4	4ee43393	sltiu	x7,x8,1262	  x8:0x00000010  x7=0x00000001
        7005000	       699	80000ac8	cfefe293	ori	x5,x31,-770	 x31:0x00000001  x5=0xfffffcff
        7015000	       700	80000acc	00000197	auipc	x3,0x0	  x3=0x80000ac8
        7025000	       701	80000ad0	33418193	addi	x3,x3,820	  x3:0x80000ac8  x3=0x80000dfc
        7035000	       702	80000ad4	79b70393	addi	x7,x14,1947	 x14:0x00000001  x7=0x0000079c
        7045000	       703	80000ad8	d9418193	addi	x3,x3,-620	  x3:0x80000dfc  x3=0x80000b90
        7055000	       704	80000adc	015733b3	sltu	x7,x14,x21	 x14:0x00000001 x21:0xffffff0f  x7=0x00000001
        7065000	       705	80000ae0	01f8dc93	srli	x25,x17,0x1f	 x17:0x7fff63a1 x25=0x00000000
        7075000	       706	80000ae4	41bb00b3	sub	x1,x22,x27	 x22:0xd7f27d23 x27:0xffebf93e  x1=0xd80683e5
        7085000	       707	80000ae8	016a4fb3	xor	x31,x20,x22	 x20:0x50810000 x22:0xd7f27d23 x31=0x87737d23
        7095000	       708	80000aec	00000013	addi	x0,x0,0	  x0:0x00000000
        7105000	       709	80000af0	4056d5b3	sra	x11,x13,x5	 x13:0x00000005  x5:0xfffffcff x11=0x00000000
        7115000	       710	80000af4	26d180e7	jalr	x1,x3,621	  x3:0x80000b90  x1=0x80000af4
        7125000	       711	00000000	00000013	addi	x0,x0,0	  x0:0x00000000
        7135000	       712	80000dfc	00000013	addi	x0,x0,0	  x0:0x00000000
        7145000	       713	80000e00	28393b93	sltiu	x23,x18,643	 x18:0x80009fc4 x23=0x00000000
        7155000	       714	80000e04	00e39133	sll	x2,x7,x14	  x7:0x00000001 x14:0x00000001  x2=0x00000002
        7165000	       715	80000e08	ff4f0f13	addi	x30,x30,-12	 x30:0x80009f84 x30=0x80009f78
        7175000	       716	80000e0c	40405193	srai	x3,x0,0x4	  x0:0x00000000  x3=0x00000000
        7185000	       717	80000e10	01ca9b33	sll	x22,x21,x28	 x21:0xffffff0f x28:0xd0819f84 x22=0xfffff0f0
        7195000	       718	80000e14	001f2223	sw	x1,4(x30)	 x30:0x80009f78  x1:0x80000af4 PA:0x80009f7c
        7205000	       719	80000e18	0069ecb3	or	x25,x19,x6	 x19:0x00000001  x6:0x027e1400 x25=0x027e1401
        7215000	       720	80000e1c	ffc00b13	addi	x22,x0,-4	  x0:0x00000000 x22=0xfffffffc
        7225000	       721	80000e20	00000013	addi	x0,x0,0	  x0:0x00000000
        7235000	       722	80000e24	0000f2b3	and	x5,x1,x0	  x1:0x80000af4  x0:0x00000000  x5=0x00000000
        7245000	       723	80000e28	40c8dd93	srai	x27,x17,0xc	 x17:0x7fff63a1 x27=0x0007fff6
        7255000	       724	80000e2c	33942513	slti	x10,x8,825	  x8:0x00000010 x10=0x00000001
        7265000	       725	80000e30	01000113	addi	x2,x0,16	  x0:0x00000000  x2=0x00000010
        7275000	       726	80000e34	a8ce0017	auipc	x0,0xa8ce0	
        7285000	       727	80000e38	41da0cb3	sub	x25,x20,x29	 x20:0x50810000 x29:0x80009f85 x25=0xd080607b
        7295000	       728	80000e3c	013af0b3	and	x1,x21,x19	 x21:0xffffff0f x19:0x00000001  x1=0x00000001
        7305000	       729	80000e40	f1fb4793	xori	x15,x22,-225	 x22:0xfffffffc x15=0x000000e3
        7315000	       730	80000e44	40f35193	srai	x3,x6,0xf	  x6:0x027e1400  x3=0x000004fc
        7325000	       731	80000e48	65768d37	lui	x26,0x65768	 x26=0x65768000
        7335000	       732	80000e4c	00ab0b13	addi	x22,x22,10	 x22:0xfffffffc x22=0x00000006
        7345000	       733	80000e50	01e1d993	srli	x19,x3,0x1e	  x3:0x000004fc x19=0x00000000
        7355000	       734	80000e54	a81b4893	xori	x17,x22,-1407	 x22:0x00000006 x17=0xfffffa87
        7365000	       735	80000e58	4198d0b3	sra	x1,x17,x25	 x17:0xfffffa87 x25:0xd080607b  x1=0xffffffff
        7375000	       736	80000e5c	00aa1093	slli	x1,x20,0xa	 x20:0x50810000  x1=0x04000000
        7385000	       737	80000e60	005075b3	and	x11,x0,x5	  x0:0x00000000  x5:0x00000000 x11=0x00000000
        7395000	       738	80000e64	401a09b3	sub	x19,x20,x1	 x20:0x50810000  x1:0x04000000 x19=0x4c810000
        7405000	       739	80000e68	014f1813	slli	x16,x30,0x14	 x30:0x80009f78 x16=0xf7800000
        7415000	       740	80000e6c	01b89c33	sll	x24,x17,x27	 x17:0xfffffa87 x27:0x0007fff6 x24=0xa1c00000
        7425000	       741	80000e70	fc2b18e3	bne	x22,x2,80000e40	 x22:0x00000006  x2:0x00000010
        7435000	       742	00000000	00000013	addi	x0,x0,0	  x0:0x00000000
        7445000	       743	80000e3c	00000013	addi	x0,x0,0	  x0:0x00000000
        7455000	       744	80000e40	f1fb4793	xori	x15,x22,-225	 x22:0x00000006 x15=0xffffff19
        7465000	       745	80000e44	40f35193	srai	x3,x6,0xf	  x6:0x027e1400  x3=0x000004fc
        7475000	       746	80000e48	65768d37	lui	x26,0x65768	 x26=0x65768000
        7485000	       747	80000e4c	00ab0b13	addi	x22,x22,10	 x22:0x00000006 x22=0x00000010
        7495000	       748	80000e50	01e1d993	srli	x19,x3,0x1e	  x3:0x000004fc x19=0x00000000
        7505000	       749	80000e54	a81b4893	xori	x17,x22,-1407	 x22:0x00000010 x17=0xfffffa91
        7515000	       750	80000e58	4198d0b3	sra	x1,x17,x25	 x17:0xfffffa91 x25:0xd080607b  x1=0xffffffff
        7525000	       751	80000e5c	00aa1093	slli	x1,x20,0xa	 x20:0x50810000  x1=0x04000000
        7535000	       752	80000e60	005075b3	and	x11,x0,x5	  x0:0x00000000  x5:0x00000000 x11=0x00000000
        7545000	       753	80000e64	401a09b3	sub	x19,x20,x1	 x20:0x50810000  x1:0x04000000 x19=0x4c810000
        7555000	       754	80000e68	014f1813	slli	x16,x30,0x14	 x30:0x80009f78 x16=0xf7800000
        7565000	       755	80000e6c	01b89c33	sll	x24,x17,x27	 x17:0xfffffa91 x27:0x0007fff6 x24=0xa4400000
        7575000	       756	80000e70	fc2b18e3	bne	x22,x2,80000e40	 x22:0x00000010  x2:0x00000010
        7585000	       757	80000e74	00445813	srli	x16,x8,0x4	  x8:0x00000010 x16=0x00000001
        7595000	       758	80000e78	00700293	addi	x5,x0,7	  x0:0x00000000  x5=0x00000007
        7605000	       759	80000e7c	415b0ab3	sub	x21,x22,x21	 x22:0x00000010 x21:0xffffff0f x21=0x00000101
        7615000	       760	80000e80	40258cb3	sub	x25,x11,x2	 x11:0x00000000  x2:0x00000010 x25=0xfffffff0
        7625000	       761	80000e84	00f05813	srli	x16,x0,0xf	  x0:0x00000000 x16=0x00000000
        7635000	       762	80000e88	4ca78093	addi	x1,x15,1226	 x15:0xffffff19  x1=0x000003e3
        7645000	       763	80000e8c	fee00d93	addi	x27,x0,-18	  x0:0x00000000 x27=0xffffffee
        7655000	       764	80000e90	0193eeb3	or	x29,x7,x25	  x7:0x00000001 x25:0xfffffff0 x29=0xfffffff1
        7665000	       765	80000e94	005da033	slt	x0,x27,x5	 x27:0xffffffee  x5:0x00000007
        7675000	       766	80000e98	003d9eb3	sll	x29,x27,x3	 x27:0xffffffee  x3:0x000004fc x29=0xe0000000
        7685000	       767	80000e9c	1b8a3793	sltiu	x15,x20,440	 x20:0x50810000 x15=0x00000000
        7695000	       768	80000ea0	2be98a93	addi	x21,x19,702	 x19:0x4c810000 x21=0x4c8102be
        7705000	       769	80000ea4	7efb3493	sltiu	x9,x22,2031	 x22:0x00000010  x9=0x00000001
        7715000	       770	80000ea8	00c564b3	or	x9,x10,x12	 x10:0x00000001 x12:0x00000000  x9=0x00000001
        7725000	       771	80000eac	fff28293	addi	x5,x5,-1	  x5:0x00000007  x5=0x00000006
        7735000	       772	80000eb0	ffe00313	addi	x6,x0,-2	  x0:0x00000000  x6=0xfffffffe
        7745000	       773	80000eb4	01d29893	slli	x17,x5,0x1d	  x5:0x00000006 x17=0xc0000000
        7755000	       774	80000eb8	ff800713	addi	x14,x0,-8	  x0:0x00000000 x14=0xfffffff8
        7765000	       775	80000ebc	5f4b4f93	xori	x31,x22,1524	 x22:0x00000010 x31=0x000005e4
        7775000	       776	80000ec0	00b76b33	or	x22,x14,x11	 x14:0xfffffff8 x11:0x00000000 x22=0xfffffff8
        7785000	       777	80000ec4	00cf60b3	or	x1,x30,x12	 x30:0x80009f78 x12:0x00000000  x1=0x80009f78
        7795000	       778	80000ec8	78cf4eb7	lui	x29,0x78cf4	 x29=0x78cf4000
        7805000	       779	80000ecc	41f104b3	sub	x9,x2,x31	  x2:0x00000010 x31:0x000005e4  x9=0xfffffa2c
        7815000	       780	80000ed0	01482d33	slt	x26,x16,x20	 x16:0x00000000 x20:0x50810000 x26=0x00000001
        7825000	       781	80000ed4	ffd30313	addi	x6,x6,-3	  x6:0xfffffffe  x6=0xfffffffb
        7835000	       782	80000ed8	01bbd993	srli	x19,x23,0x1b	 x23:0x00000000 x19=0x00000000
        7845000	       783	80000edc	fee356e3	bge	x6,x14,80000ec8	  x6:0xfffffffb x14:0xfffffff8
        7855000	       784	00000000	00000013	addi	x0,x0,0	  x0:0x00000000
        7865000	       785	80000ec4	00000013	addi	x0,x0,0	  x0:0x00000000
        7875000	       786	80000ec8	78cf4eb7	lui	x29,0x78cf4	 x29=0x78cf4000
        7885000	       787	80000ecc	41f104b3	sub	x9,x2,x31	  x2:0x00000010 x31:0x000005e4  x9=0xfffffa2c
        7895000	       788	80000ed0	01482d33	slt	x26,x16,x20	 x16:0x00000000 x20:0x50810000 x26=0x00000001
        7905000	       789	80000ed4	ffd30313	addi	x6,x6,-3	  x6:0xfffffffb  x6=0xfffffff8
        7915000	       790	80000ed8	01bbd993	srli	x19,x23,0x1b	 x23:0x00000000 x19=0x00000000
        7925000	       791	80000edc	fee356e3	bge	x6,x14,80000ec8	  x6:0xfffffff8 x14:0xfffffff8
        7935000	       792	00000000	00000013	addi	x0,x0,0	  x0:0x00000000
        7945000	       793	80000ec4	00000013	addi	x0,x0,0	  x0:0x00000000
        7955000	       794	80000ec8	78cf4eb7	lui	x29,0x78cf4	 x29=0x78cf4000
        7965000	       795	80000ecc	41f104b3	sub	x9,x2,x31	  x2:0x00000010 x31:0x000005e4  x9=0xfffffa2c
        7975000	       796	80000ed0	01482d33	slt	x26,x16,x20	 x16:0x00000000 x20:0x50810000 x26=0x00000001
        7985000	       797	80000ed4	ffd30313	addi	x6,x6,-3	  x6:0xfffffff8  x6=0xfffffff5
        7995000	       798	80000ed8	01bbd993	srli	x19,x23,0x1b	 x23:0x00000000 x19=0x00000000
        8005000	       799	80000edc	fee356e3	bge	x6,x14,80000ec8	  x6:0xfffffff5 x14:0xfffffff8
        8015000	       800	80000ee0	4146d113	srai	x2,x13,0x14	 x13:0x00000005  x2=0x00000000
        8025000	       801	80000ee4	0023df93	srli	x31,x7,0x2	  x7:0x00000001 x31=0x00000000
        8035000	       802	80000ee8	c9a07593	andi	x11,x0,-870	  x0:0x00000000 x11=0x00000000
        8045000	       803	80000eec	01ffdd13	srli	x26,x31,0x1f	 x31:0x00000000 x26=0x00000000
        8055000	       804	80000ef0	00b62a33	slt	x20,x12,x11	 x12:0x00000000 x11:0x00000000 x20=0x00000000
        8065000	       805	80000ef4	ab069a17	auipc	x20,0xab069	 x20=0x2b069ef0
        8075000	       806	80000ef8	6127e897	auipc	x17,0x6127e	 x17=0xe127eef4
        8085000	       807	80000efc	fbb292e3	bne	x5,x27,80000ea0	  x5:0x00000006 x27:0xffffffee
        8095000	       808	00000000	00000013	addi	x0,x0,0	  x0:0x00000000
        8105000	       809	80000e9c	00000013	addi	x0,x0,0	  x0:0x00000000
        8115000	       810	80000ea0	2be98a93	addi	x21,x19,702	 x19:0x00000000 x21=0x000002be
        8125000	       811	80000ea4	7efb3493	sltiu	x9,x22,2031	 x22:0xfffffff8  x9=0x00000000
        8135000	       812	80000ea8	00c564b3	or	x9,x10,x12	 x10:0x00000001 x12:0x00000000  x9=0x00000001
        8145000	       813	80000eac	fff28293	addi	x5,x5,-1	  x5:0x00000006  x5=0x00000005
        8155000	       814	80000eb0	ffe00313	addi	x6,x0,-2	  x0:0x00000000  x6=0xfffffffe
        8165000	       815	80000eb4	01d29893	slli	x17,x5,0x1d	  x5:0x00000005 x17=0xa0000000
        8175000	       816	80000eb8	ff800713	addi	x14,x0,-8	  x0:0x00000000 x14=0xfffffff8
        8185000	       817	80000ebc	5f4b4f93	xori	x31,x22,1524	 x22:0xfffffff8 x31=0xfffffa0c
        8195000	       818	80000ec0	00b76b33	or	x22,x14,x11	 x14:0xfffffff8 x11:0x00000000 x22=0xfffffff8
        8205000	       819	80000ec4	00cf60b3	or	x1,x30,x12	 x30:0x80009f78 x12:0x00000000  x1=0x80009f78
        8215000	       820	80000ec8	78cf4eb7	lui	x29,0x78cf4	 x29=0x78cf4000
        8225000	       821	80000ecc	41f104b3	sub	x9,x2,x31	  x2:0x00000000 x31:0xfffffa0c  x9=0x000005f4
        8235000	       822	80000ed0	01482d33	slt	x26,x16,x20	 x16:0x00000000 x20:0x2b069ef0 x26=0x00000001
        8245000	       823	80000ed4	ffd30313	addi	x6,x6,-3	  x6:0xfffffffe  x6=0xfffffffb
        8255000	       824	80000ed8	01bbd993	srli	x19,x23,0x1b	 x23:0x00000000 x19=0x00000000
        8265000	       825	80000edc	fee356e3	bge	x6,x14,80000ec8	  x6:0xfffffffb x14:0xfffffff8
        8275000	       826	00000000	00000013	addi	x0,x0,0	  x0:0x00000000
        8285000	       827	80000ec4	00000013	addi	x0,x0,0	  x0:0x00000000
        8295000	       828	80000ec8	78cf4eb7	lui	x29,0x78cf4	 x29=0x78cf4000
        8305000	       829	80000ecc	41f104b3	sub	x9,x2,x31	  x2:0x00000000 x31:0xfffffa0c  x9=0x000005f4
        8315000	       830	80000ed0	01482d33	slt	x26,x16,x20	 x16:0x00000000 x20:0x2b069ef0 x26=0x00000001
        8325000	       831	80000ed4	ffd30313	addi	x6,x6,-3	  x6:0xfffffffb  x6=0xfffffff8
        8335000	       832	80000ed8	01bbd993	srli	x19,x23,0x1b	 x23:0x00000000 x19=0x00000000
        8345000	       833	80000edc	fee356e3	bge	x6,x14,80000ec8	  x6:0xfffffff8 x14:0xfffffff8
        8355000	       834	00000000	00000013	addi	x0,x0,0	  x0:0x00000000
        8365000	       835	80000ec4	00000013	addi	x0,x0,0	  x0:0x00000000
        8375000	       836	80000ec8	78cf4eb7	lui	x29,0x78cf4	 x29=0x78cf4000
        8385000	       837	80000ecc	41f104b3	sub	x9,x2,x31	  x2:0x00000000 x31:0xfffffa0c  x9=0x000005f4
        8395000	       838	80000ed0	01482d33	slt	x26,x16,x20	 x16:0x00000000 x20:0x2b069ef0 x26=0x00000001
        8405000	       839	80000ed4	ffd30313	addi	x6,x6,-3	  x6:0xfffffff8  x6=0xfffffff5
        8415000	       840	80000ed8	01bbd993	srli	x19,x23,0x1b	 x23:0x00000000 x19=0x00000000
        8425000	       841	80000edc	fee356e3	bge	x6,x14,80000ec8	  x6:0xfffffff5 x14:0xfffffff8
        8435000	       842	80000ee0	4146d113	srai	x2,x13,0x14	 x13:0x00000005  x2=0x00000000
        8445000	       843	80000ee4	0023df93	srli	x31,x7,0x2	  x7:0x00000001 x31=0x00000000
        8455000	       844	80000ee8	c9a07593	andi	x11,x0,-870	  x0:0x00000000 x11=0x00000000
        8465000	       845	80000eec	01ffdd13	srli	x26,x31,0x1f	 x31:0x00000000 x26=0x00000000
        8475000	       846	80000ef0	00b62a33	slt	x20,x12,x11	 x12:0x00000000 x11:0x00000000 x20=0x00000000
        8485000	       847	80000ef4	ab069a17	auipc	x20,0xab069	 x20=0x2b069ef0
        8495000	       848	80000ef8	6127e897	auipc	x17,0x6127e	 x17=0xe127eef4
        8505000	       849	80000efc	fbb292e3	bne	x5,x27,80000ea0	  x5:0x00000005 x27:0xffffffee
        8515000	       850	00000000	00000013	addi	x0,x0,0	  x0:0x00000000
        8525000	       851	80000e9c	00000013	addi	x0,x0,0	  x0:0x00000000
        8535000	       852	80000ea0	2be98a93	addi	x21,x19,702	 x19:0x00000000 x21=0x000002be
        8545000	       853	80000ea4	7efb3493	sltiu	x9,x22,2031	 x22:0xfffffff8  x9=0x00000000
        8555000	       854	80000ea8	00c564b3	or	x9,x10,x12	 x10:0x00000001 x12:0x00000000  x9=0x00000001
        8565000	       855	80000eac	fff28293	addi	x5,x5,-1	  x5:0x00000005  x5=0x00000004
        8575000	       856	80000eb0	ffe00313	addi	x6,x0,-2	  x0:0x00000000  x6=0xfffffffe
        8585000	       857	80000eb4	01d29893	slli	x17,x5,0x1d	  x5:0x00000004 x17=0x80000000
        8595000	       858	80000eb8	ff800713	addi	x14,x0,-8	  x0:0x00000000 x14=0xfffffff8
        8605000	       859	80000ebc	5f4b4f93	xori	x31,x22,1524	 x22:0xfffffff8 x31=0xfffffa0c
        8615000	       860	80000ec0	00b76b33	or	x22,x14,x11	 x14:0xfffffff8 x11:0x00000000 x22=0xfffffff8
        8625000	       861	80000ec4	00cf60b3	or	x1,x30,x12	 x30:0x80009f78 x12:0x00000000  x1=0x80009f78
        8635000	       862	80000ec8	78cf4eb7	lui	x29,0x78cf4	 x29=0x78cf4000
        8645000	       863	80000ecc	41f104b3	sub	x9,x2,x31	  x2:0x00000000 x31:0xfffffa0c  x9=0x000005f4
        8655000	       864	80000ed0	01482d33	slt	x26,x16,x20	 x16:0x00000000 x20:0x2b069ef0 x26=0x00000001
        8665000	       865	80000ed4	ffd30313	addi	x6,x6,-3	  x6:0xfffffffe  x6=0xfffffffb
        8675000	       866	80000ed8	01bbd993	srli	x19,x23,0x1b	 x23:0x00000000 x19=0x00000000
        8685000	       867	80000edc	fee356e3	bge	x6,x14,80000ec8	  x6:0xfffffffb x14:0xfffffff8
        8695000	       868	00000000	00000013	addi	x0,x0,0	  x0:0x00000000
        8705000	       869	80000ec4	00000013	addi	x0,x0,0	  x0:0x00000000
        8715000	       870	80000ec8	78cf4eb7	lui	x29,0x78cf4	 x29=0x78cf4000
        8725000	       871	80000ecc	41f104b3	sub	x9,x2,x31	  x2:0x00000000 x31:0xfffffa0c  x9=0x000005f4
        8735000	       872	80000ed0	01482d33	slt	x26,x16,x20	 x16:0x00000000 x20:0x2b069ef0 x26=0x00000001
        8745000	       873	80000ed4	ffd30313	addi	x6,x6,-3	  x6:0xfffffffb  x6=0xfffffff8
        8755000	       874	80000ed8	01bbd993	srli	x19,x23,0x1b	 x23:0x00000000 x19=0x00000000
        8765000	       875	80000edc	fee356e3	bge	x6,x14,80000ec8	  x6:0xfffffff8 x14:0xfffffff8
        8775000	       876	00000000	00000013	addi	x0,x0,0	  x0:0x00000000
        8785000	       877	80000ec4	00000013	addi	x0,x0,0	  x0:0x00000000
        8795000	       878	80000ec8	78cf4eb7	lui	x29,0x78cf4	 x29=0x78cf4000
        8805000	       879	80000ecc	41f104b3	sub	x9,x2,x31	  x2:0x00000000 x31:0xfffffa0c  x9=0x000005f4
        8815000	       880	80000ed0	01482d33	slt	x26,x16,x20	 x16:0x00000000 x20:0x2b069ef0 x26=0x00000001
        8825000	       881	80000ed4	ffd30313	addi	x6,x6,-3	  x6:0xfffffff8  x6=0xfffffff5
        8835000	       882	80000ed8	01bbd993	srli	x19,x23,0x1b	 x23:0x00000000 x19=0x00000000
        8845000	       883	80000edc	fee356e3	bge	x6,x14,80000ec8	  x6:0xfffffff5 x14:0xfffffff8
        8855000	       884	80000ee0	4146d113	srai	x2,x13,0x14	 x13:0x00000005  x2=0x00000000
        8865000	       885	80000ee4	0023df93	srli	x31,x7,0x2	  x7:0x00000001 x31=0x00000000
        8875000	       886	80000ee8	c9a07593	andi	x11,x0,-870	  x0:0x00000000 x11=0x00000000
        8885000	       887	80000eec	01ffdd13	srli	x26,x31,0x1f	 x31:0x00000000 x26=0x00000000
        8895000	       888	80000ef0	00b62a33	slt	x20,x12,x11	 x12:0x00000000 x11:0x00000000 x20=0x00000000
        8905000	       889	80000ef4	ab069a17	auipc	x20,0xab069	 x20=0x2b069ef0
        8915000	       890	80000ef8	6127e897	auipc	x17,0x6127e	 x17=0xe127eef4
        8925000	       891	80000efc	fbb292e3	bne	x5,x27,80000ea0	  x5:0x00000004 x27:0xffffffee
        8935000	       892	00000000	00000013	addi	x0,x0,0	  x0:0x00000000
        8945000	       893	80000e9c	00000013	addi	x0,x0,0	  x0:0x00000000
        8955000	       894	80000ea0	2be98a93	addi	x21,x19,702	 x19:0x00000000 x21=0x000002be
        8965000	       895	80000ea4	7efb3493	sltiu	x9,x22,2031	 x22:0xfffffff8  x9=0x00000000
        8975000	       896	80000ea8	00c564b3	or	x9,x10,x12	 x10:0x00000001 x12:0x00000000  x9=0x00000001
        8985000	       897	80000eac	fff28293	addi	x5,x5,-1	  x5:0x00000004  x5=0x00000003
        8995000	       898	80000eb0	ffe00313	addi	x6,x0,-2	  x0:0x00000000  x6=0xfffffffe
        9005000	       899	80000eb4	01d29893	slli	x17,x5,0x1d	  x5:0x00000003 x17=0x60000000
        9015000	       900	80000eb8	ff800713	addi	x14,x0,-8	  x0:0x00000000 x14=0xfffffff8
        9025000	       901	80000ebc	5f4b4f93	xori	x31,x22,1524	 x22:0xfffffff8 x31=0xfffffa0c
        9035000	       902	80000ec0	00b76b33	or	x22,x14,x11	 x14:0xfffffff8 x11:0x00000000 x22=0xfffffff8
        9045000	       903	80000ec4	00cf60b3	or	x1,x30,x12	 x30:0x80009f78 x12:0x00000000  x1=0x80009f78
        9055000	       904	80000ec8	78cf4eb7	lui	x29,0x78cf4	 x29=0x78cf4000
        9065000	       905	80000ecc	41f104b3	sub	x9,x2,x31	  x2:0x00000000 x31:0xfffffa0c  x9=0x000005f4
        9075000	       906	80000ed0	01482d33	slt	x26,x16,x20	 x16:0x00000000 x20:0x2b069ef0 x26=0x00000001
        9085000	       907	80000ed4	ffd30313	addi	x6,x6,-3	  x6:0xfffffffe  x6=0xfffffffb
        9095000	       908	80000ed8	01bbd993	srli	x19,x23,0x1b	 x23:0x00000000 x19=0x00000000
        9105000	       909	80000edc	fee356e3	bge	x6,x14,80000ec8	  x6:0xfffffffb x14:0xfffffff8
        9115000	       910	00000000	00000013	addi	x0,x0,0	  x0:0x00000000
        9125000	       911	80000ec4	00000013	addi	x0,x0,0	  x0:0x00000000
        9135000	       912	80000ec8	78cf4eb7	lui	x29,0x78cf4	 x29=0x78cf4000
        9145000	       913	80000ecc	41f104b3	sub	x9,x2,x31	  x2:0x00000000 x31:0xfffffa0c  x9=0x000005f4
        9155000	       914	80000ed0	01482d33	slt	x26,x16,x20	 x16:0x00000000 x20:0x2b069ef0 x26=0x00000001
        9165000	       915	80000ed4	ffd30313	addi	x6,x6,-3	  x6:0xfffffffb  x6=0xfffffff8
        9175000	       916	80000ed8	01bbd993	srli	x19,x23,0x1b	 x23:0x00000000 x19=0x00000000
        9185000	       917	80000edc	fee356e3	bge	x6,x14,80000ec8	  x6:0xfffffff8 x14:0xfffffff8
        9195000	       918	00000000	00000013	addi	x0,x0,0	  x0:0x00000000
        9205000	       919	80000ec4	00000013	addi	x0,x0,0	  x0:0x00000000
        9215000	       920	80000ec8	78cf4eb7	lui	x29,0x78cf4	 x29=0x78cf4000
        9225000	       921	80000ecc	41f104b3	sub	x9,x2,x31	  x2:0x00000000 x31:0xfffffa0c  x9=0x000005f4
        9235000	       922	80000ed0	01482d33	slt	x26,x16,x20	 x16:0x00000000 x20:0x2b069ef0 x26=0x00000001
        9245000	       923	80000ed4	ffd30313	addi	x6,x6,-3	  x6:0xfffffff8  x6=0xfffffff5
        9255000	       924	80000ed8	01bbd993	srli	x19,x23,0x1b	 x23:0x00000000 x19=0x00000000
        9265000	       925	80000edc	fee356e3	bge	x6,x14,80000ec8	  x6:0xfffffff5 x14:0xfffffff8
        9275000	       926	80000ee0	4146d113	srai	x2,x13,0x14	 x13:0x00000005  x2=0x00000000
        9285000	       927	80000ee4	0023df93	srli	x31,x7,0x2	  x7:0x00000001 x31=0x00000000
        9295000	       928	80000ee8	c9a07593	andi	x11,x0,-870	  x0:0x00000000 x11=0x00000000
        9305000	       929	80000eec	01ffdd13	srli	x26,x31,0x1f	 x31:0x00000000 x26=0x00000000
        9315000	       930	80000ef0	00b62a33	slt	x20,x12,x11	 x12:0x00000000 x11:0x00000000 x20=0x00000000
        9325000	       931	80000ef4	ab069a17	auipc	x20,0xab069	 x20=0x2b069ef0
        9335000	       932	80000ef8	6127e897	auipc	x17,0x6127e	 x17=0xe127eef4
        9345000	       933	80000efc	fbb292e3	bne	x5,x27,80000ea0	  x5:0x00000003 x27:0xffffffee
        9355000	       934	00000000	00000013	addi	x0,x0,0	  x0:0x00000000
        9365000	       935	80000e9c	00000013	addi	x0,x0,0	  x0:0x00000000
        9375000	       936	80000ea0	2be98a93	addi	x21,x19,702	 x19:0x00000000 x21=0x000002be
        9385000	       937	80000ea4	7efb3493	sltiu	x9,x22,2031	 x22:0xfffffff8  x9=0x00000000
        9395000	       938	80000ea8	00c564b3	or	x9,x10,x12	 x10:0x00000001 x12:0x00000000  x9=0x00000001
        9405000	       939	80000eac	fff28293	addi	x5,x5,-1	  x5:0x00000003  x5=0x00000002
        9415000	       940	80000eb0	ffe00313	addi	x6,x0,-2	  x0:0x00000000  x6=0xfffffffe
        9425000	       941	80000eb4	01d29893	slli	x17,x5,0x1d	  x5:0x00000002 x17=0x40000000
        9435000	       942	80000eb8	ff800713	addi	x14,x0,-8	  x0:0x00000000 x14=0xfffffff8
        9445000	       943	80000ebc	5f4b4f93	xori	x31,x22,1524	 x22:0xfffffff8 x31=0xfffffa0c
        9455000	       944	80000ec0	00b76b33	or	x22,x14,x11	 x14:0xfffffff8 x11:0x00000000 x22=0xfffffff8
        9465000	       945	80000ec4	00cf60b3	or	x1,x30,x12	 x30:0x80009f78 x12:0x00000000  x1=0x80009f78
        9475000	       946	80000ec8	78cf4eb7	lui	x29,0x78cf4	 x29=0x78cf4000
        9485000	       947	80000ecc	41f104b3	sub	x9,x2,x31	  x2:0x00000000 x31:0xfffffa0c  x9=0x000005f4
        9495000	       948	80000ed0	01482d33	slt	x26,x16,x20	 x16:0x00000000 x20:0x2b069ef0 x26=0x00000001
        9505000	       949	80000ed4	ffd30313	addi	x6,x6,-3	  x6:0xfffffffe  x6=0xfffffffb
        9515000	       950	80000ed8	01bbd993	srli	x19,x23,0x1b	 x23:0x00000000 x19=0x00000000
        9525000	       951	80000edc	fee356e3	bge	x6,x14,80000ec8	  x6:0xfffffffb x14:0xfffffff8
        9535000	       952	00000000	00000013	addi	x0,x0,0	  x0:0x00000000
        9545000	       953	80000ec4	00000013	addi	x0,x0,0	  x0:0x00000000
        9555000	       954	80000ec8	78cf4eb7	lui	x29,0x78cf4	 x29=0x78cf4000
        9565000	       955	80000ecc	41f104b3	sub	x9,x2,x31	  x2:0x00000000 x31:0xfffffa0c  x9=0x000005f4
        9575000	       956	80000ed0	01482d33	slt	x26,x16,x20	 x16:0x00000000 x20:0x2b069ef0 x26=0x00000001
        9585000	       957	80000ed4	ffd30313	addi	x6,x6,-3	  x6:0xfffffffb  x6=0xfffffff8
        9595000	       958	80000ed8	01bbd993	srli	x19,x23,0x1b	 x23:0x00000000 x19=0x00000000
        9605000	       959	80000edc	fee356e3	bge	x6,x14,80000ec8	  x6:0xfffffff8 x14:0xfffffff8
        9615000	       960	00000000	00000013	addi	x0,x0,0	  x0:0x00000000
        9625000	       961	80000ec4	00000013	addi	x0,x0,0	  x0:0x00000000
        9635000	       962	80000ec8	78cf4eb7	lui	x29,0x78cf4	 x29=0x78cf4000
        9645000	       963	80000ecc	41f104b3	sub	x9,x2,x31	  x2:0x00000000 x31:0xfffffa0c  x9=0x000005f4
        9655000	       964	80000ed0	01482d33	slt	x26,x16,x20	 x16:0x00000000 x20:0x2b069ef0 x26=0x00000001
        9665000	       965	80000ed4	ffd30313	addi	x6,x6,-3	  x6:0xfffffff8  x6=0xfffffff5
        9675000	       966	80000ed8	01bbd993	srli	x19,x23,0x1b	 x23:0x00000000 x19=0x00000000
        9685000	       967	80000edc	fee356e3	bge	x6,x14,80000ec8	  x6:0xfffffff5 x14:0xfffffff8
        9695000	       968	80000ee0	4146d113	srai	x2,x13,0x14	 x13:0x00000005  x2=0x00000000
        9705000	       969	80000ee4	0023df93	srli	x31,x7,0x2	  x7:0x00000001 x31=0x00000000
        9715000	       970	80000ee8	c9a07593	andi	x11,x0,-870	  x0:0x00000000 x11=0x00000000
        9725000	       971	80000eec	01ffdd13	srli	x26,x31,0x1f	 x31:0x00000000 x26=0x00000000
        9735000	       972	80000ef0	00b62a33	slt	x20,x12,x11	 x12:0x00000000 x11:0x00000000 x20=0x00000000
        9745000	       973	80000ef4	ab069a17	auipc	x20,0xab069	 x20=0x2b069ef0
        9755000	       974	80000ef8	6127e897	auipc	x17,0x6127e	 x17=0xe127eef4
        9765000	       975	80000efc	fbb292e3	bne	x5,x27,80000ea0	  x5:0x00000002 x27:0xffffffee
        9775000	       976	00000000	00000013	addi	x0,x0,0	  x0:0x00000000
        9785000	       977	80000e9c	00000013	addi	x0,x0,0	  x0:0x00000000
        9795000	       978	80000ea0	2be98a93	addi	x21,x19,702	 x19:0x00000000 x21=0x000002be
        9805000	       979	80000ea4	7efb3493	sltiu	x9,x22,2031	 x22:0xfffffff8  x9=0x00000000
        9815000	       980	80000ea8	00c564b3	or	x9,x10,x12	 x10:0x00000001 x12:0x00000000  x9=0x00000001
        9825000	       981	80000eac	fff28293	addi	x5,x5,-1	  x5:0x00000002  x5=0x00000001
        9835000	       982	80000eb0	ffe00313	addi	x6,x0,-2	  x0:0x00000000  x6=0xfffffffe
        9845000	       983	80000eb4	01d29893	slli	x17,x5,0x1d	  x5:0x00000001 x17=0x20000000
        9855000	       984	80000eb8	ff800713	addi	x14,x0,-8	  x0:0x00000000 x14=0xfffffff8
        9865000	       985	80000ebc	5f4b4f93	xori	x31,x22,1524	 x22:0xfffffff8 x31=0xfffffa0c
        9875000	       986	80000ec0	00b76b33	or	x22,x14,x11	 x14:0xfffffff8 x11:0x00000000 x22=0xfffffff8
        9885000	       987	80000ec4	00cf60b3	or	x1,x30,x12	 x30:0x80009f78 x12:0x00000000  x1=0x80009f78
        9895000	       988	80000ec8	78cf4eb7	lui	x29,0x78cf4	 x29=0x78cf4000
        9905000	       989	80000ecc	41f104b3	sub	x9,x2,x31	  x2:0x00000000 x31:0xfffffa0c  x9=0x000005f4
        9915000	       990	80000ed0	01482d33	slt	x26,x16,x20	 x16:0x00000000 x20:0x2b069ef0 x26=0x00000001
        9925000	       991	80000ed4	ffd30313	addi	x6,x6,-3	  x6:0xfffffffe  x6=0xfffffffb
        9935000	       992	80000ed8	01bbd993	srli	x19,x23,0x1b	 x23:0x00000000 x19=0x00000000
        9945000	       993	80000edc	fee356e3	bge	x6,x14,80000ec8	  x6:0xfffffffb x14:0xfffffff8
        9955000	       994	00000000	00000013	addi	x0,x0,0	  x0:0x00000000
        9965000	       995	80000ec4	00000013	addi	x0,x0,0	  x0:0x00000000
        9975000	       996	80000ec8	78cf4eb7	lui	x29,0x78cf4	 x29=0x78cf4000
        9985000	       997	80000ecc	41f104b3	sub	x9,x2,x31	  x2:0x00000000 x31:0xfffffa0c  x9=0x000005f4
        9995000	       998	80000ed0	01482d33	slt	x26,x16,x20	 x16:0x00000000 x20:0x2b069ef0 x26=0x00000001
       10005000	       999	80000ed4	ffd30313	addi	x6,x6,-3	  x6:0xfffffffb  x6=0xfffffff8
       10015000	      1000	80000ed8	01bbd993	srli	x19,x23,0x1b	 x23:0x00000000 x19=0x00000000
       10025000	      1001	80000edc	fee356e3	bge	x6,x14,80000ec8	  x6:0xfffffff8 x14:0xfffffff8
       10035000	      1002	00000000	00000013	addi	x0,x0,0	  x0:0x00000000
       10045000	      1003	80000ec4	00000013	addi	x0,x0,0	  x0:0x00000000
       10055000	      1004	80000ec8	78cf4eb7	lui	x29,0x78cf4	 x29=0x78cf4000
       10065000	      1005	80000ecc	41f104b3	sub	x9,x2,x31	  x2:0x00000000 x31:0xfffffa0c  x9=0x000005f4
       10075000	      1006	80000ed0	01482d33	slt	x26,x16,x20	 x16:0x00000000 x20:0x2b069ef0 x26=0x00000001
       10085000	      1007	80000ed4	ffd30313	addi	x6,x6,-3	  x6:0xfffffff8  x6=0xfffffff5
       10095000	      1008	80000ed8	01bbd993	srli	x19,x23,0x1b	 x23:0x00000000 x19=0x00000000
       10105000	      1009	80000edc	fee356e3	bge	x6,x14,80000ec8	  x6:0xfffffff5 x14:0xfffffff8
       10115000	      1010	80000ee0	4146d113	srai	x2,x13,0x14	 x13:0x00000005  x2=0x00000000
       10125000	      1011	80000ee4	0023df93	srli	x31,x7,0x2	  x7:0x00000001 x31=0x00000000
       10135000	      1012	80000ee8	c9a07593	andi	x11,x0,-870	  x0:0x00000000 x11=0x00000000
       10145000	      1013	80000eec	01ffdd13	srli	x26,x31,0x1f	 x31:0x00000000 x26=0x00000000
       10155000	      1014	80000ef0	00b62a33	slt	x20,x12,x11	 x12:0x00000000 x11:0x00000000 x20=0x00000000
       10165000	      1015	80000ef4	ab069a17	auipc	x20,0xab069	 x20=0x2b069ef0
       10175000	      1016	80000ef8	6127e897	auipc	x17,0x6127e	 x17=0xe127eef4
       10185000	      1017	80000efc	fbb292e3	bne	x5,x27,80000ea0	  x5:0x00000001 x27:0xffffffee
       10195000	      1018	00000000	00000013	addi	x0,x0,0	  x0:0x00000000
       10205000	      1019	80000e9c	00000013	addi	x0,x0,0	  x0:0x00000000
       10215000	      1020	80000ea0	2be98a93	addi	x21,x19,702	 x19:0x00000000 x21=0x000002be
       10225000	      1021	80000ea4	7efb3493	sltiu	x9,x22,2031	 x22:0xfffffff8  x9=0x00000000
       10235000	      1022	80000ea8	00c564b3	or	x9,x10,x12	 x10:0x00000001 x12:0x00000000  x9=0x00000001
       10245000	      1023	80000eac	fff28293	addi	x5,x5,-1	  x5:0x00000001  x5=0x00000000
       10255000	      1024	80000eb0	ffe00313	addi	x6,x0,-2	  x0:0x00000000  x6=0xfffffffe
       10265000	      1025	80000eb4	01d29893	slli	x17,x5,0x1d	  x5:0x00000000 x17=0x00000000
       10275000	      1026	80000eb8	ff800713	addi	x14,x0,-8	  x0:0x00000000 x14=0xfffffff8
       10285000	      1027	80000ebc	5f4b4f93	xori	x31,x22,1524	 x22:0xfffffff8 x31=0xfffffa0c
       10295000	      1028	80000ec0	00b76b33	or	x22,x14,x11	 x14:0xfffffff8 x11:0x00000000 x22=0xfffffff8
       10305000	      1029	80000ec4	00cf60b3	or	x1,x30,x12	 x30:0x80009f78 x12:0x00000000  x1=0x80009f78
       10315000	      1030	80000ec8	78cf4eb7	lui	x29,0x78cf4	 x29=0x78cf4000
       10325000	      1031	80000ecc	41f104b3	sub	x9,x2,x31	  x2:0x00000000 x31:0xfffffa0c  x9=0x000005f4
       10335000	      1032	80000ed0	01482d33	slt	x26,x16,x20	 x16:0x00000000 x20:0x2b069ef0 x26=0x00000001
       10345000	      1033	80000ed4	ffd30313	addi	x6,x6,-3	  x6:0xfffffffe  x6=0xfffffffb
       10355000	      1034	80000ed8	01bbd993	srli	x19,x23,0x1b	 x23:0x00000000 x19=0x00000000
       10365000	      1035	80000edc	fee356e3	bge	x6,x14,80000ec8	  x6:0xfffffffb x14:0xfffffff8
       10375000	      1036	00000000	00000013	addi	x0,x0,0	  x0:0x00000000
       10385000	      1037	80000ec4	00000013	addi	x0,x0,0	  x0:0x00000000
       10395000	      1038	80000ec8	78cf4eb7	lui	x29,0x78cf4	 x29=0x78cf4000
       10405000	      1039	80000ecc	41f104b3	sub	x9,x2,x31	  x2:0x00000000 x31:0xfffffa0c  x9=0x000005f4
       10415000	      1040	80000ed0	01482d33	slt	x26,x16,x20	 x16:0x00000000 x20:0x2b069ef0 x26=0x00000001
       10425000	      1041	80000ed4	ffd30313	addi	x6,x6,-3	  x6:0xfffffffb  x6=0xfffffff8
       10435000	      1042	80000ed8	01bbd993	srli	x19,x23,0x1b	 x23:0x00000000 x19=0x00000000
       10445000	      1043	80000edc	fee356e3	bge	x6,x14,80000ec8	  x6:0xfffffff8 x14:0xfffffff8
       10455000	      1044	00000000	00000013	addi	x0,x0,0	  x0:0x00000000
       10465000	      1045	80000ec4	00000013	addi	x0,x0,0	  x0:0x00000000
       10475000	      1046	80000ec8	78cf4eb7	lui	x29,0x78cf4	 x29=0x78cf4000
       10485000	      1047	80000ecc	41f104b3	sub	x9,x2,x31	  x2:0x00000000 x31:0xfffffa0c  x9=0x000005f4
       10495000	      1048	80000ed0	01482d33	slt	x26,x16,x20	 x16:0x00000000 x20:0x2b069ef0 x26=0x00000001
       10505000	      1049	80000ed4	ffd30313	addi	x6,x6,-3	  x6:0xfffffff8  x6=0xfffffff5
       10515000	      1050	80000ed8	01bbd993	srli	x19,x23,0x1b	 x23:0x00000000 x19=0x00000000
       10525000	      1051	80000edc	fee356e3	bge	x6,x14,80000ec8	  x6:0xfffffff5 x14:0xfffffff8
       10535000	      1052	80000ee0	4146d113	srai	x2,x13,0x14	 x13:0x00000005  x2=0x00000000
       10545000	      1053	80000ee4	0023df93	srli	x31,x7,0x2	  x7:0x00000001 x31=0x00000000
       10555000	      1054	80000ee8	c9a07593	andi	x11,x0,-870	  x0:0x00000000 x11=0x00000000
       10565000	      1055	80000eec	01ffdd13	srli	x26,x31,0x1f	 x31:0x00000000 x26=0x00000000
       10575000	      1056	80000ef0	00b62a33	slt	x20,x12,x11	 x12:0x00000000 x11:0x00000000 x20=0x00000000
       10585000	      1057	80000ef4	ab069a17	auipc	x20,0xab069	 x20=0x2b069ef0
       10595000	      1058	80000ef8	6127e897	auipc	x17,0x6127e	 x17=0xe127eef4
       10605000	      1059	80000efc	fbb292e3	bne	x5,x27,80000ea0	  x5:0x00000000 x27:0xffffffee
       10615000	      1060	00000000	00000013	addi	x0,x0,0	  x0:0x00000000
       10625000	      1061	80000e9c	00000013	addi	x0,x0,0	  x0:0x00000000
       10635000	      1062	80000ea0	2be98a93	addi	x21,x19,702	 x19:0x00000000 x21=0x000002be
       10645000	      1063	80000ea4	7efb3493	sltiu	x9,x22,2031	 x22:0xfffffff8  x9=0x00000000
       10655000	      1064	80000ea8	00c564b3	or	x9,x10,x12	 x10:0x00000001 x12:0x00000000  x9=0x00000001
       10665000	      1065	80000eac	fff28293	addi	x5,x5,-1	  x5:0x00000000  x5=0xffffffff
       10675000	      1066	80000eb0	ffe00313	addi	x6,x0,-2	  x0:0x00000000  x6=0xfffffffe
       10685000	      1067	80000eb4	01d29893	slli	x17,x5,0x1d	  x5:0xffffffff x17=0xe0000000
       10695000	      1068	80000eb8	ff800713	addi	x14,x0,-8	  x0:0x00000000 x14=0xfffffff8
       10705000	      1069	80000ebc	5f4b4f93	xori	x31,x22,1524	 x22:0xfffffff8 x31=0xfffffa0c
       10715000	      1070	80000ec0	00b76b33	or	x22,x14,x11	 x14:0xfffffff8 x11:0x00000000 x22=0xfffffff8
       10725000	      1071	80000ec4	00cf60b3	or	x1,x30,x12	 x30:0x80009f78 x12:0x00000000  x1=0x80009f78
       10735000	      1072	80000ec8	78cf4eb7	lui	x29,0x78cf4	 x29=0x78cf4000
       10745000	      1073	80000ecc	41f104b3	sub	x9,x2,x31	  x2:0x00000000 x31:0xfffffa0c  x9=0x000005f4
       10755000	      1074	80000ed0	01482d33	slt	x26,x16,x20	 x16:0x00000000 x20:0x2b069ef0 x26=0x00000001
       10765000	      1075	80000ed4	ffd30313	addi	x6,x6,-3	  x6:0xfffffffe  x6=0xfffffffb
       10775000	      1076	80000ed8	01bbd993	srli	x19,x23,0x1b	 x23:0x00000000 x19=0x00000000
       10785000	      1077	80000edc	fee356e3	bge	x6,x14,80000ec8	  x6:0xfffffffb x14:0xfffffff8
       10795000	      1078	00000000	00000013	addi	x0,x0,0	  x0:0x00000000
       10805000	      1079	80000ec4	00000013	addi	x0,x0,0	  x0:0x00000000
       10815000	      1080	80000ec8	78cf4eb7	lui	x29,0x78cf4	 x29=0x78cf4000
       10825000	      1081	80000ecc	41f104b3	sub	x9,x2,x31	  x2:0x00000000 x31:0xfffffa0c  x9=0x000005f4
       10835000	      1082	80000ed0	01482d33	slt	x26,x16,x20	 x16:0x00000000 x20:0x2b069ef0 x26=0x00000001
       10845000	      1083	80000ed4	ffd30313	addi	x6,x6,-3	  x6:0xfffffffb  x6=0xfffffff8
       10855000	      1084	80000ed8	01bbd993	srli	x19,x23,0x1b	 x23:0x00000000 x19=0x00000000
       10865000	      1085	80000edc	fee356e3	bge	x6,x14,80000ec8	  x6:0xfffffff8 x14:0xfffffff8
       10875000	      1086	00000000	00000013	addi	x0,x0,0	  x0:0x00000000
       10885000	      1087	80000ec4	00000013	addi	x0,x0,0	  x0:0x00000000
       10895000	      1088	80000ec8	78cf4eb7	lui	x29,0x78cf4	 x29=0x78cf4000
       10905000	      1089	80000ecc	41f104b3	sub	x9,x2,x31	  x2:0x00000000 x31:0xfffffa0c  x9=0x000005f4
       10915000	      1090	80000ed0	01482d33	slt	x26,x16,x20	 x16:0x00000000 x20:0x2b069ef0 x26=0x00000001
       10925000	      1091	80000ed4	ffd30313	addi	x6,x6,-3	  x6:0xfffffff8  x6=0xfffffff5
       10935000	      1092	80000ed8	01bbd993	srli	x19,x23,0x1b	 x23:0x00000000 x19=0x00000000
       10945000	      1093	80000edc	fee356e3	bge	x6,x14,80000ec8	  x6:0xfffffff5 x14:0xfffffff8
       10955000	      1094	80000ee0	4146d113	srai	x2,x13,0x14	 x13:0x00000005  x2=0x00000000
       10965000	      1095	80000ee4	0023df93	srli	x31,x7,0x2	  x7:0x00000001 x31=0x00000000
       10975000	      1096	80000ee8	c9a07593	andi	x11,x0,-870	  x0:0x00000000 x11=0x00000000
       10985000	      1097	80000eec	01ffdd13	srli	x26,x31,0x1f	 x31:0x00000000 x26=0x00000000
       10995000	      1098	80000ef0	00b62a33	slt	x20,x12,x11	 x12:0x00000000 x11:0x00000000 x20=0x00000000
       11005000	      1099	80000ef4	ab069a17	auipc	x20,0xab069	 x20=0x2b069ef0
       11015000	      1100	80000ef8	6127e897	auipc	x17,0x6127e	 x17=0xe127eef4
       11025000	      1101	80000efc	fbb292e3	bne	x5,x27,80000ea0	  x5:0xffffffff x27:0xffffffee
       11035000	      1102	00000000	00000013	addi	x0,x0,0	  x0:0x00000000
       11045000	      1103	80000e9c	00000013	addi	x0,x0,0	  x0:0x00000000
       11055000	      1104	80000ea0	2be98a93	addi	x21,x19,702	 x19:0x00000000 x21=0x000002be
       11065000	      1105	80000ea4	7efb3493	sltiu	x9,x22,2031	 x22:0xfffffff8  x9=0x00000000
       11075000	      1106	80000ea8	00c564b3	or	x9,x10,x12	 x10:0x00000001 x12:0x00000000  x9=0x00000001
       11085000	      1107	80000eac	fff28293	addi	x5,x5,-1	  x5:0xffffffff  x5=0xfffffffe
       11095000	      1108	80000eb0	ffe00313	addi	x6,x0,-2	  x0:0x00000000  x6=0xfffffffe
       11105000	      1109	80000eb4	01d29893	slli	x17,x5,0x1d	  x5:0xfffffffe x17=0xc0000000
       11115000	      1110	80000eb8	ff800713	addi	x14,x0,-8	  x0:0x00000000 x14=0xfffffff8
       11125000	      1111	80000ebc	5f4b4f93	xori	x31,x22,1524	 x22:0xfffffff8 x31=0xfffffa0c
       11135000	      1112	80000ec0	00b76b33	or	x22,x14,x11	 x14:0xfffffff8 x11:0x00000000 x22=0xfffffff8
       11145000	      1113	80000ec4	00cf60b3	or	x1,x30,x12	 x30:0x80009f78 x12:0x00000000  x1=0x80009f78
       11155000	      1114	80000ec8	78cf4eb7	lui	x29,0x78cf4	 x29=0x78cf4000
       11165000	      1115	80000ecc	41f104b3	sub	x9,x2,x31	  x2:0x00000000 x31:0xfffffa0c  x9=0x000005f4
       11175000	      1116	80000ed0	01482d33	slt	x26,x16,x20	 x16:0x00000000 x20:0x2b069ef0 x26=0x00000001
       11185000	      1117	80000ed4	ffd30313	addi	x6,x6,-3	  x6:0xfffffffe  x6=0xfffffffb
       11195000	      1118	80000ed8	01bbd993	srli	x19,x23,0x1b	 x23:0x00000000 x19=0x00000000
       11205000	      1119	80000edc	fee356e3	bge	x6,x14,80000ec8	  x6:0xfffffffb x14:0xfffffff8
       11215000	      1120	00000000	00000013	addi	x0,x0,0	  x0:0x00000000
       11225000	      1121	80000ec4	00000013	addi	x0,x0,0	  x0:0x00000000
       11235000	      1122	80000ec8	78cf4eb7	lui	x29,0x78cf4	 x29=0x78cf4000
       11245000	      1123	80000ecc	41f104b3	sub	x9,x2,x31	  x2:0x00000000 x31:0xfffffa0c  x9=0x000005f4
       11255000	      1124	80000ed0	01482d33	slt	x26,x16,x20	 x16:0x00000000 x20:0x2b069ef0 x26=0x00000001
       11265000	      1125	80000ed4	ffd30313	addi	x6,x6,-3	  x6:0xfffffffb  x6=0xfffffff8
       11275000	      1126	80000ed8	01bbd993	srli	x19,x23,0x1b	 x23:0x00000000 x19=0x00000000
       11285000	      1127	80000edc	fee356e3	bge	x6,x14,80000ec8	  x6:0xfffffff8 x14:0xfffffff8
       11295000	      1128	00000000	00000013	addi	x0,x0,0	  x0:0x00000000
       11305000	      1129	80000ec4	00000013	addi	x0,x0,0	  x0:0x00000000
       11315000	      1130	80000ec8	78cf4eb7	lui	x29,0x78cf4	 x29=0x78cf4000
       11325000	      1131	80000ecc	41f104b3	sub	x9,x2,x31	  x2:0x00000000 x31:0xfffffa0c  x9=0x000005f4
       11335000	      1132	80000ed0	01482d33	slt	x26,x16,x20	 x16:0x00000000 x20:0x2b069ef0 x26=0x00000001
       11345000	      1133	80000ed4	ffd30313	addi	x6,x6,-3	  x6:0xfffffff8  x6=0xfffffff5
       11355000	      1134	80000ed8	01bbd993	srli	x19,x23,0x1b	 x23:0x00000000 x19=0x00000000
       11365000	      1135	80000edc	fee356e3	bge	x6,x14,80000ec8	  x6:0xfffffff5 x14:0xfffffff8
       11375000	      1136	80000ee0	4146d113	srai	x2,x13,0x14	 x13:0x00000005  x2=0x00000000
       11385000	      1137	80000ee4	0023df93	srli	x31,x7,0x2	  x7:0x00000001 x31=0x00000000
       11395000	      1138	80000ee8	c9a07593	andi	x11,x0,-870	  x0:0x00000000 x11=0x00000000
       11405000	      1139	80000eec	01ffdd13	srli	x26,x31,0x1f	 x31:0x00000000 x26=0x00000000
       11415000	      1140	80000ef0	00b62a33	slt	x20,x12,x11	 x12:0x00000000 x11:0x00000000 x20=0x00000000
       11425000	      1141	80000ef4	ab069a17	auipc	x20,0xab069	 x20=0x2b069ef0
       11435000	      1142	80000ef8	6127e897	auipc	x17,0x6127e	 x17=0xe127eef4
       11445000	      1143	80000efc	fbb292e3	bne	x5,x27,80000ea0	  x5:0xfffffffe x27:0xffffffee
       11455000	      1144	00000000	00000013	addi	x0,x0,0	  x0:0x00000000
       11465000	      1145	80000e9c	00000013	addi	x0,x0,0	  x0:0x00000000
       11475000	      1146	80000ea0	2be98a93	addi	x21,x19,702	 x19:0x00000000 x21=0x000002be
       11485000	      1147	80000ea4	7efb3493	sltiu	x9,x22,2031	 x22:0xfffffff8  x9=0x00000000
       11495000	      1148	80000ea8	00c564b3	or	x9,x10,x12	 x10:0x00000001 x12:0x00000000  x9=0x00000001
       11505000	      1149	80000eac	fff28293	addi	x5,x5,-1	  x5:0xfffffffe  x5=0xfffffffd
       11515000	      1150	80000eb0	ffe00313	addi	x6,x0,-2	  x0:0x00000000  x6=0xfffffffe
       11525000	      1151	80000eb4	01d29893	slli	x17,x5,0x1d	  x5:0xfffffffd x17=0xa0000000
       11535000	      1152	80000eb8	ff800713	addi	x14,x0,-8	  x0:0x00000000 x14=0xfffffff8
       11545000	      1153	80000ebc	5f4b4f93	xori	x31,x22,1524	 x22:0xfffffff8 x31=0xfffffa0c
       11555000	      1154	80000ec0	00b76b33	or	x22,x14,x11	 x14:0xfffffff8 x11:0x00000000 x22=0xfffffff8
       11565000	      1155	80000ec4	00cf60b3	or	x1,x30,x12	 x30:0x80009f78 x12:0x00000000  x1=0x80009f78
       11575000	      1156	80000ec8	78cf4eb7	lui	x29,0x78cf4	 x29=0x78cf4000
       11585000	      1157	80000ecc	41f104b3	sub	x9,x2,x31	  x2:0x00000000 x31:0xfffffa0c  x9=0x000005f4
       11595000	      1158	80000ed0	01482d33	slt	x26,x16,x20	 x16:0x00000000 x20:0x2b069ef0 x26=0x00000001
       11605000	      1159	80000ed4	ffd30313	addi	x6,x6,-3	  x6:0xfffffffe  x6=0xfffffffb
       11615000	      1160	80000ed8	01bbd993	srli	x19,x23,0x1b	 x23:0x00000000 x19=0x00000000
       11625000	      1161	80000edc	fee356e3	bge	x6,x14,80000ec8	  x6:0xfffffffb x14:0xfffffff8
       11635000	      1162	00000000	00000013	addi	x0,x0,0	  x0:0x00000000
       11645000	      1163	80000ec4	00000013	addi	x0,x0,0	  x0:0x00000000
       11655000	      1164	80000ec8	78cf4eb7	lui	x29,0x78cf4	 x29=0x78cf4000
       11665000	      1165	80000ecc	41f104b3	sub	x9,x2,x31	  x2:0x00000000 x31:0xfffffa0c  x9=0x000005f4
       11675000	      1166	80000ed0	01482d33	slt	x26,x16,x20	 x16:0x00000000 x20:0x2b069ef0 x26=0x00000001
       11685000	      1167	80000ed4	ffd30313	addi	x6,x6,-3	  x6:0xfffffffb  x6=0xfffffff8
       11695000	      1168	80000ed8	01bbd993	srli	x19,x23,0x1b	 x23:0x00000000 x19=0x00000000
       11705000	      1169	80000edc	fee356e3	bge	x6,x14,80000ec8	  x6:0xfffffff8 x14:0xfffffff8
       11715000	      1170	00000000	00000013	addi	x0,x0,0	  x0:0x00000000
       11725000	      1171	80000ec4	00000013	addi	x0,x0,0	  x0:0x00000000
       11735000	      1172	80000ec8	78cf4eb7	lui	x29,0x78cf4	 x29=0x78cf4000
       11745000	      1173	80000ecc	41f104b3	sub	x9,x2,x31	  x2:0x00000000 x31:0xfffffa0c  x9=0x000005f4
       11755000	      1174	80000ed0	01482d33	slt	x26,x16,x20	 x16:0x00000000 x20:0x2b069ef0 x26=0x00000001
       11765000	      1175	80000ed4	ffd30313	addi	x6,x6,-3	  x6:0xfffffff8  x6=0xfffffff5
       11775000	      1176	80000ed8	01bbd993	srli	x19,x23,0x1b	 x23:0x00000000 x19=0x00000000
       11785000	      1177	80000edc	fee356e3	bge	x6,x14,80000ec8	  x6:0xfffffff5 x14:0xfffffff8
       11795000	      1178	80000ee0	4146d113	srai	x2,x13,0x14	 x13:0x00000005  x2=0x00000000
       11805000	      1179	80000ee4	0023df93	srli	x31,x7,0x2	  x7:0x00000001 x31=0x00000000
       11815000	      1180	80000ee8	c9a07593	andi	x11,x0,-870	  x0:0x00000000 x11=0x00000000
       11825000	      1181	80000eec	01ffdd13	srli	x26,x31,0x1f	 x31:0x00000000 x26=0x00000000
       11835000	      1182	80000ef0	00b62a33	slt	x20,x12,x11	 x12:0x00000000 x11:0x00000000 x20=0x00000000
       11845000	      1183	80000ef4	ab069a17	auipc	x20,0xab069	 x20=0x2b069ef0
       11855000	      1184	80000ef8	6127e897	auipc	x17,0x6127e	 x17=0xe127eef4
       11865000	      1185	80000efc	fbb292e3	bne	x5,x27,80000ea0	  x5:0xfffffffd x27:0xffffffee
       11875000	      1186	00000000	00000013	addi	x0,x0,0	  x0:0x00000000
       11885000	      1187	80000e9c	00000013	addi	x0,x0,0	  x0:0x00000000
       11895000	      1188	80000ea0	2be98a93	addi	x21,x19,702	 x19:0x00000000 x21=0x000002be
       11905000	      1189	80000ea4	7efb3493	sltiu	x9,x22,2031	 x22:0xfffffff8  x9=0x00000000
       11915000	      1190	80000ea8	00c564b3	or	x9,x10,x12	 x10:0x00000001 x12:0x00000000  x9=0x00000001
       11925000	      1191	80000eac	fff28293	addi	x5,x5,-1	  x5:0xfffffffd  x5=0xfffffffc
       11935000	      1192	80000eb0	ffe00313	addi	x6,x0,-2	  x0:0x00000000  x6=0xfffffffe
       11945000	      1193	80000eb4	01d29893	slli	x17,x5,0x1d	  x5:0xfffffffc x17=0x80000000
       11955000	      1194	80000eb8	ff800713	addi	x14,x0,-8	  x0:0x00000000 x14=0xfffffff8
       11965000	      1195	80000ebc	5f4b4f93	xori	x31,x22,1524	 x22:0xfffffff8 x31=0xfffffa0c
       11975000	      1196	80000ec0	00b76b33	or	x22,x14,x11	 x14:0xfffffff8 x11:0x00000000 x22=0xfffffff8
       11985000	      1197	80000ec4	00cf60b3	or	x1,x30,x12	 x30:0x80009f78 x12:0x00000000  x1=0x80009f78
       11995000	      1198	80000ec8	78cf4eb7	lui	x29,0x78cf4	 x29=0x78cf4000
       12005000	      1199	80000ecc	41f104b3	sub	x9,x2,x31	  x2:0x00000000 x31:0xfffffa0c  x9=0x000005f4
       12015000	      1200	80000ed0	01482d33	slt	x26,x16,x20	 x16:0x00000000 x20:0x2b069ef0 x26=0x00000001
       12025000	      1201	80000ed4	ffd30313	addi	x6,x6,-3	  x6:0xfffffffe  x6=0xfffffffb
       12035000	      1202	80000ed8	01bbd993	srli	x19,x23,0x1b	 x23:0x00000000 x19=0x00000000
       12045000	      1203	80000edc	fee356e3	bge	x6,x14,80000ec8	  x6:0xfffffffb x14:0xfffffff8
       12055000	      1204	00000000	00000013	addi	x0,x0,0	  x0:0x00000000
       12065000	      1205	80000ec4	00000013	addi	x0,x0,0	  x0:0x00000000
       12075000	      1206	80000ec8	78cf4eb7	lui	x29,0x78cf4	 x29=0x78cf4000
       12085000	      1207	80000ecc	41f104b3	sub	x9,x2,x31	  x2:0x00000000 x31:0xfffffa0c  x9=0x000005f4
       12095000	      1208	80000ed0	01482d33	slt	x26,x16,x20	 x16:0x00000000 x20:0x2b069ef0 x26=0x00000001
       12105000	      1209	80000ed4	ffd30313	addi	x6,x6,-3	  x6:0xfffffffb  x6=0xfffffff8
       12115000	      1210	80000ed8	01bbd993	srli	x19,x23,0x1b	 x23:0x00000000 x19=0x00000000
       12125000	      1211	80000edc	fee356e3	bge	x6,x14,80000ec8	  x6:0xfffffff8 x14:0xfffffff8
       12135000	      1212	00000000	00000013	addi	x0,x0,0	  x0:0x00000000
       12145000	      1213	80000ec4	00000013	addi	x0,x0,0	  x0:0x00000000
       12155000	      1214	80000ec8	78cf4eb7	lui	x29,0x78cf4	 x29=0x78cf4000
       12165000	      1215	80000ecc	41f104b3	sub	x9,x2,x31	  x2:0x00000000 x31:0xfffffa0c  x9=0x000005f4
       12175000	      1216	80000ed0	01482d33	slt	x26,x16,x20	 x16:0x00000000 x20:0x2b069ef0 x26=0x00000001
       12185000	      1217	80000ed4	ffd30313	addi	x6,x6,-3	  x6:0xfffffff8  x6=0xfffffff5
       12195000	      1218	80000ed8	01bbd993	srli	x19,x23,0x1b	 x23:0x00000000 x19=0x00000000
       12205000	      1219	80000edc	fee356e3	bge	x6,x14,80000ec8	  x6:0xfffffff5 x14:0xfffffff8
       12215000	      1220	80000ee0	4146d113	srai	x2,x13,0x14	 x13:0x00000005  x2=0x00000000
       12225000	      1221	80000ee4	0023df93	srli	x31,x7,0x2	  x7:0x00000001 x31=0x00000000
       12235000	      1222	80000ee8	c9a07593	andi	x11,x0,-870	  x0:0x00000000 x11=0x00000000
       12245000	      1223	80000eec	01ffdd13	srli	x26,x31,0x1f	 x31:0x00000000 x26=0x00000000
       12255000	      1224	80000ef0	00b62a33	slt	x20,x12,x11	 x12:0x00000000 x11:0x00000000 x20=0x00000000
       12265000	      1225	80000ef4	ab069a17	auipc	x20,0xab069	 x20=0x2b069ef0
       12275000	      1226	80000ef8	6127e897	auipc	x17,0x6127e	 x17=0xe127eef4
       12285000	      1227	80000efc	fbb292e3	bne	x5,x27,80000ea0	  x5:0xfffffffc x27:0xffffffee
       12295000	      1228	00000000	00000013	addi	x0,x0,0	  x0:0x00000000
       12305000	      1229	80000e9c	00000013	addi	x0,x0,0	  x0:0x00000000
       12315000	      1230	80000ea0	2be98a93	addi	x21,x19,702	 x19:0x00000000 x21=0x000002be
       12325000	      1231	80000ea4	7efb3493	sltiu	x9,x22,2031	 x22:0xfffffff8  x9=0x00000000
       12335000	      1232	80000ea8	00c564b3	or	x9,x10,x12	 x10:0x00000001 x12:0x00000000  x9=0x00000001
       12345000	      1233	80000eac	fff28293	addi	x5,x5,-1	  x5:0xfffffffc  x5=0xfffffffb
       12355000	      1234	80000eb0	ffe00313	addi	x6,x0,-2	  x0:0x00000000  x6=0xfffffffe
       12365000	      1235	80000eb4	01d29893	slli	x17,x5,0x1d	  x5:0xfffffffb x17=0x60000000
       12375000	      1236	80000eb8	ff800713	addi	x14,x0,-8	  x0:0x00000000 x14=0xfffffff8
       12385000	      1237	80000ebc	5f4b4f93	xori	x31,x22,1524	 x22:0xfffffff8 x31=0xfffffa0c
       12395000	      1238	80000ec0	00b76b33	or	x22,x14,x11	 x14:0xfffffff8 x11:0x00000000 x22=0xfffffff8
       12405000	      1239	80000ec4	00cf60b3	or	x1,x30,x12	 x30:0x80009f78 x12:0x00000000  x1=0x80009f78
       12415000	      1240	80000ec8	78cf4eb7	lui	x29,0x78cf4	 x29=0x78cf4000
       12425000	      1241	80000ecc	41f104b3	sub	x9,x2,x31	  x2:0x00000000 x31:0xfffffa0c  x9=0x000005f4
       12435000	      1242	80000ed0	01482d33	slt	x26,x16,x20	 x16:0x00000000 x20:0x2b069ef0 x26=0x00000001
       12445000	      1243	80000ed4	ffd30313	addi	x6,x6,-3	  x6:0xfffffffe  x6=0xfffffffb
       12455000	      1244	80000ed8	01bbd993	srli	x19,x23,0x1b	 x23:0x00000000 x19=0x00000000
       12465000	      1245	80000edc	fee356e3	bge	x6,x14,80000ec8	  x6:0xfffffffb x14:0xfffffff8
       12475000	      1246	00000000	00000013	addi	x0,x0,0	  x0:0x00000000
       12485000	      1247	80000ec4	00000013	addi	x0,x0,0	  x0:0x00000000
       12495000	      1248	80000ec8	78cf4eb7	lui	x29,0x78cf4	 x29=0x78cf4000
       12505000	      1249	80000ecc	41f104b3	sub	x9,x2,x31	  x2:0x00000000 x31:0xfffffa0c  x9=0x000005f4
       12515000	      1250	80000ed0	01482d33	slt	x26,x16,x20	 x16:0x00000000 x20:0x2b069ef0 x26=0x00000001
       12525000	      1251	80000ed4	ffd30313	addi	x6,x6,-3	  x6:0xfffffffb  x6=0xfffffff8
       12535000	      1252	80000ed8	01bbd993	srli	x19,x23,0x1b	 x23:0x00000000 x19=0x00000000
       12545000	      1253	80000edc	fee356e3	bge	x6,x14,80000ec8	  x6:0xfffffff8 x14:0xfffffff8
       12555000	      1254	00000000	00000013	addi	x0,x0,0	  x0:0x00000000
       12565000	      1255	80000ec4	00000013	addi	x0,x0,0	  x0:0x00000000
       12575000	      1256	80000ec8	78cf4eb7	lui	x29,0x78cf4	 x29=0x78cf4000
       12585000	      1257	80000ecc	41f104b3	sub	x9,x2,x31	  x2:0x00000000 x31:0xfffffa0c  x9=0x000005f4
       12595000	      1258	80000ed0	01482d33	slt	x26,x16,x20	 x16:0x00000000 x20:0x2b069ef0 x26=0x00000001
       12605000	      1259	80000ed4	ffd30313	addi	x6,x6,-3	  x6:0xfffffff8  x6=0xfffffff5
       12615000	      1260	80000ed8	01bbd993	srli	x19,x23,0x1b	 x23:0x00000000 x19=0x00000000
       12625000	      1261	80000edc	fee356e3	bge	x6,x14,80000ec8	  x6:0xfffffff5 x14:0xfffffff8
       12635000	      1262	80000ee0	4146d113	srai	x2,x13,0x14	 x13:0x00000005  x2=0x00000000
       12645000	      1263	80000ee4	0023df93	srli	x31,x7,0x2	  x7:0x00000001 x31=0x00000000
       12655000	      1264	80000ee8	c9a07593	andi	x11,x0,-870	  x0:0x00000000 x11=0x00000000
       12665000	      1265	80000eec	01ffdd13	srli	x26,x31,0x1f	 x31:0x00000000 x26=0x00000000
       12675000	      1266	80000ef0	00b62a33	slt	x20,x12,x11	 x12:0x00000000 x11:0x00000000 x20=0x00000000
       12685000	      1267	80000ef4	ab069a17	auipc	x20,0xab069	 x20=0x2b069ef0
       12695000	      1268	80000ef8	6127e897	auipc	x17,0x6127e	 x17=0xe127eef4
       12705000	      1269	80000efc	fbb292e3	bne	x5,x27,80000ea0	  x5:0xfffffffb x27:0xffffffee
       12715000	      1270	00000000	00000013	addi	x0,x0,0	  x0:0x00000000
       12725000	      1271	80000e9c	00000013	addi	x0,x0,0	  x0:0x00000000
       12735000	      1272	80000ea0	2be98a93	addi	x21,x19,702	 x19:0x00000000 x21=0x000002be
       12745000	      1273	80000ea4	7efb3493	sltiu	x9,x22,2031	 x22:0xfffffff8  x9=0x00000000
       12755000	      1274	80000ea8	00c564b3	or	x9,x10,x12	 x10:0x00000001 x12:0x00000000  x9=0x00000001
       12765000	      1275	80000eac	fff28293	addi	x5,x5,-1	  x5:0xfffffffb  x5=0xfffffffa
       12775000	      1276	80000eb0	ffe00313	addi	x6,x0,-2	  x0:0x00000000  x6=0xfffffffe
       12785000	      1277	80000eb4	01d29893	slli	x17,x5,0x1d	  x5:0xfffffffa x17=0x40000000
       12795000	      1278	80000eb8	ff800713	addi	x14,x0,-8	  x0:0x00000000 x14=0xfffffff8
       12805000	      1279	80000ebc	5f4b4f93	xori	x31,x22,1524	 x22:0xfffffff8 x31=0xfffffa0c
       12815000	      1280	80000ec0	00b76b33	or	x22,x14,x11	 x14:0xfffffff8 x11:0x00000000 x22=0xfffffff8
       12825000	      1281	80000ec4	00cf60b3	or	x1,x30,x12	 x30:0x80009f78 x12:0x00000000  x1=0x80009f78
       12835000	      1282	80000ec8	78cf4eb7	lui	x29,0x78cf4	 x29=0x78cf4000
       12845000	      1283	80000ecc	41f104b3	sub	x9,x2,x31	  x2:0x00000000 x31:0xfffffa0c  x9=0x000005f4
       12855000	      1284	80000ed0	01482d33	slt	x26,x16,x20	 x16:0x00000000 x20:0x2b069ef0 x26=0x00000001
       12865000	      1285	80000ed4	ffd30313	addi	x6,x6,-3	  x6:0xfffffffe  x6=0xfffffffb
       12875000	      1286	80000ed8	01bbd993	srli	x19,x23,0x1b	 x23:0x00000000 x19=0x00000000
       12885000	      1287	80000edc	fee356e3	bge	x6,x14,80000ec8	  x6:0xfffffffb x14:0xfffffff8
       12895000	      1288	00000000	00000013	addi	x0,x0,0	  x0:0x00000000
       12905000	      1289	80000ec4	00000013	addi	x0,x0,0	  x0:0x00000000
       12915000	      1290	80000ec8	78cf4eb7	lui	x29,0x78cf4	 x29=0x78cf4000
       12925000	      1291	80000ecc	41f104b3	sub	x9,x2,x31	  x2:0x00000000 x31:0xfffffa0c  x9=0x000005f4
       12935000	      1292	80000ed0	01482d33	slt	x26,x16,x20	 x16:0x00000000 x20:0x2b069ef0 x26=0x00000001
       12945000	      1293	80000ed4	ffd30313	addi	x6,x6,-3	  x6:0xfffffffb  x6=0xfffffff8
       12955000	      1294	80000ed8	01bbd993	srli	x19,x23,0x1b	 x23:0x00000000 x19=0x00000000
       12965000	      1295	80000edc	fee356e3	bge	x6,x14,80000ec8	  x6:0xfffffff8 x14:0xfffffff8
       12975000	      1296	00000000	00000013	addi	x0,x0,0	  x0:0x00000000
       12985000	      1297	80000ec4	00000013	addi	x0,x0,0	  x0:0x00000000
       12995000	      1298	80000ec8	78cf4eb7	lui	x29,0x78cf4	 x29=0x78cf4000
       13005000	      1299	80000ecc	41f104b3	sub	x9,x2,x31	  x2:0x00000000 x31:0xfffffa0c  x9=0x000005f4
       13015000	      1300	80000ed0	01482d33	slt	x26,x16,x20	 x16:0x00000000 x20:0x2b069ef0 x26=0x00000001
       13025000	      1301	80000ed4	ffd30313	addi	x6,x6,-3	  x6:0xfffffff8  x6=0xfffffff5
       13035000	      1302	80000ed8	01bbd993	srli	x19,x23,0x1b	 x23:0x00000000 x19=0x00000000
       13045000	      1303	80000edc	fee356e3	bge	x6,x14,80000ec8	  x6:0xfffffff5 x14:0xfffffff8
       13055000	      1304	80000ee0	4146d113	srai	x2,x13,0x14	 x13:0x00000005  x2=0x00000000
       13065000	      1305	80000ee4	0023df93	srli	x31,x7,0x2	  x7:0x00000001 x31=0x00000000
       13075000	      1306	80000ee8	c9a07593	andi	x11,x0,-870	  x0:0x00000000 x11=0x00000000
       13085000	      1307	80000eec	01ffdd13	srli	x26,x31,0x1f	 x31:0x00000000 x26=0x00000000
       13095000	      1308	80000ef0	00b62a33	slt	x20,x12,x11	 x12:0x00000000 x11:0x00000000 x20=0x00000000
       13105000	      1309	80000ef4	ab069a17	auipc	x20,0xab069	 x20=0x2b069ef0
       13115000	      1310	80000ef8	6127e897	auipc	x17,0x6127e	 x17=0xe127eef4
       13125000	      1311	80000efc	fbb292e3	bne	x5,x27,80000ea0	  x5:0xfffffffa x27:0xffffffee
       13135000	      1312	00000000	00000013	addi	x0,x0,0	  x0:0x00000000
       13145000	      1313	80000e9c	00000013	addi	x0,x0,0	  x0:0x00000000
       13155000	      1314	80000ea0	2be98a93	addi	x21,x19,702	 x19:0x00000000 x21=0x000002be
       13165000	      1315	80000ea4	7efb3493	sltiu	x9,x22,2031	 x22:0xfffffff8  x9=0x00000000
       13175000	      1316	80000ea8	00c564b3	or	x9,x10,x12	 x10:0x00000001 x12:0x00000000  x9=0x00000001
       13185000	      1317	80000eac	fff28293	addi	x5,x5,-1	  x5:0xfffffffa  x5=0xfffffff9
       13195000	      1318	80000eb0	ffe00313	addi	x6,x0,-2	  x0:0x00000000  x6=0xfffffffe
       13205000	      1319	80000eb4	01d29893	slli	x17,x5,0x1d	  x5:0xfffffff9 x17=0x20000000
       13215000	      1320	80000eb8	ff800713	addi	x14,x0,-8	  x0:0x00000000 x14=0xfffffff8
       13225000	      1321	80000ebc	5f4b4f93	xori	x31,x22,1524	 x22:0xfffffff8 x31=0xfffffa0c
       13235000	      1322	80000ec0	00b76b33	or	x22,x14,x11	 x14:0xfffffff8 x11:0x00000000 x22=0xfffffff8
       13245000	      1323	80000ec4	00cf60b3	or	x1,x30,x12	 x30:0x80009f78 x12:0x00000000  x1=0x80009f78
       13255000	      1324	80000ec8	78cf4eb7	lui	x29,0x78cf4	 x29=0x78cf4000
       13265000	      1325	80000ecc	41f104b3	sub	x9,x2,x31	  x2:0x00000000 x31:0xfffffa0c  x9=0x000005f4
       13275000	      1326	80000ed0	01482d33	slt	x26,x16,x20	 x16:0x00000000 x20:0x2b069ef0 x26=0x00000001
       13285000	      1327	80000ed4	ffd30313	addi	x6,x6,-3	  x6:0xfffffffe  x6=0xfffffffb
       13295000	      1328	80000ed8	01bbd993	srli	x19,x23,0x1b	 x23:0x00000000 x19=0x00000000
       13305000	      1329	80000edc	fee356e3	bge	x6,x14,80000ec8	  x6:0xfffffffb x14:0xfffffff8
       13315000	      1330	00000000	00000013	addi	x0,x0,0	  x0:0x00000000
       13325000	      1331	80000ec4	00000013	addi	x0,x0,0	  x0:0x00000000
       13335000	      1332	80000ec8	78cf4eb7	lui	x29,0x78cf4	 x29=0x78cf4000
       13345000	      1333	80000ecc	41f104b3	sub	x9,x2,x31	  x2:0x00000000 x31:0xfffffa0c  x9=0x000005f4
       13355000	      1334	80000ed0	01482d33	slt	x26,x16,x20	 x16:0x00000000 x20:0x2b069ef0 x26=0x00000001
       13365000	      1335	80000ed4	ffd30313	addi	x6,x6,-3	  x6:0xfffffffb  x6=0xfffffff8
       13375000	      1336	80000ed8	01bbd993	srli	x19,x23,0x1b	 x23:0x00000000 x19=0x00000000
       13385000	      1337	80000edc	fee356e3	bge	x6,x14,80000ec8	  x6:0xfffffff8 x14:0xfffffff8
       13395000	      1338	00000000	00000013	addi	x0,x0,0	  x0:0x00000000
       13405000	      1339	80000ec4	00000013	addi	x0,x0,0	  x0:0x00000000
       13415000	      1340	80000ec8	78cf4eb7	lui	x29,0x78cf4	 x29=0x78cf4000
       13425000	      1341	80000ecc	41f104b3	sub	x9,x2,x31	  x2:0x00000000 x31:0xfffffa0c  x9=0x000005f4
       13435000	      1342	80000ed0	01482d33	slt	x26,x16,x20	 x16:0x00000000 x20:0x2b069ef0 x26=0x00000001
       13445000	      1343	80000ed4	ffd30313	addi	x6,x6,-3	  x6:0xfffffff8  x6=0xfffffff5
       13455000	      1344	80000ed8	01bbd993	srli	x19,x23,0x1b	 x23:0x00000000 x19=0x00000000
       13465000	      1345	80000edc	fee356e3	bge	x6,x14,80000ec8	  x6:0xfffffff5 x14:0xfffffff8
       13475000	      1346	80000ee0	4146d113	srai	x2,x13,0x14	 x13:0x00000005  x2=0x00000000
       13485000	      1347	80000ee4	0023df93	srli	x31,x7,0x2	  x7:0x00000001 x31=0x00000000
       13495000	      1348	80000ee8	c9a07593	andi	x11,x0,-870	  x0:0x00000000 x11=0x00000000
       13505000	      1349	80000eec	01ffdd13	srli	x26,x31,0x1f	 x31:0x00000000 x26=0x00000000
       13515000	      1350	80000ef0	00b62a33	slt	x20,x12,x11	 x12:0x00000000 x11:0x00000000 x20=0x00000000
       13525000	      1351	80000ef4	ab069a17	auipc	x20,0xab069	 x20=0x2b069ef0
       13535000	      1352	80000ef8	6127e897	auipc	x17,0x6127e	 x17=0xe127eef4
       13545000	      1353	80000efc	fbb292e3	bne	x5,x27,80000ea0	  x5:0xfffffff9 x27:0xffffffee
       13555000	      1354	00000000	00000013	addi	x0,x0,0	  x0:0x00000000
       13565000	      1355	80000e9c	00000013	addi	x0,x0,0	  x0:0x00000000
       13575000	      1356	80000ea0	2be98a93	addi	x21,x19,702	 x19:0x00000000 x21=0x000002be
       13585000	      1357	80000ea4	7efb3493	sltiu	x9,x22,2031	 x22:0xfffffff8  x9=0x00000000
       13595000	      1358	80000ea8	00c564b3	or	x9,x10,x12	 x10:0x00000001 x12:0x00000000  x9=0x00000001
       13605000	      1359	80000eac	fff28293	addi	x5,x5,-1	  x5:0xfffffff9  x5=0xfffffff8
       13615000	      1360	80000eb0	ffe00313	addi	x6,x0,-2	  x0:0x00000000  x6=0xfffffffe
       13625000	      1361	80000eb4	01d29893	slli	x17,x5,0x1d	  x5:0xfffffff8 x17=0x00000000
       13635000	      1362	80000eb8	ff800713	addi	x14,x0,-8	  x0:0x00000000 x14=0xfffffff8
       13645000	      1363	80000ebc	5f4b4f93	xori	x31,x22,1524	 x22:0xfffffff8 x31=0xfffffa0c
       13655000	      1364	80000ec0	00b76b33	or	x22,x14,x11	 x14:0xfffffff8 x11:0x00000000 x22=0xfffffff8
       13665000	      1365	80000ec4	00cf60b3	or	x1,x30,x12	 x30:0x80009f78 x12:0x00000000  x1=0x80009f78
       13675000	      1366	80000ec8	78cf4eb7	lui	x29,0x78cf4	 x29=0x78cf4000
       13685000	      1367	80000ecc	41f104b3	sub	x9,x2,x31	  x2:0x00000000 x31:0xfffffa0c  x9=0x000005f4
       13695000	      1368	80000ed0	01482d33	slt	x26,x16,x20	 x16:0x00000000 x20:0x2b069ef0 x26=0x00000001
       13705000	      1369	80000ed4	ffd30313	addi	x6,x6,-3	  x6:0xfffffffe  x6=0xfffffffb
       13715000	      1370	80000ed8	01bbd993	srli	x19,x23,0x1b	 x23:0x00000000 x19=0x00000000
       13725000	      1371	80000edc	fee356e3	bge	x6,x14,80000ec8	  x6:0xfffffffb x14:0xfffffff8
       13735000	      1372	00000000	00000013	addi	x0,x0,0	  x0:0x00000000
       13745000	      1373	80000ec4	00000013	addi	x0,x0,0	  x0:0x00000000
       13755000	      1374	80000ec8	78cf4eb7	lui	x29,0x78cf4	 x29=0x78cf4000
       13765000	      1375	80000ecc	41f104b3	sub	x9,x2,x31	  x2:0x00000000 x31:0xfffffa0c  x9=0x000005f4
       13775000	      1376	80000ed0	01482d33	slt	x26,x16,x20	 x16:0x00000000 x20:0x2b069ef0 x26=0x00000001
       13785000	      1377	80000ed4	ffd30313	addi	x6,x6,-3	  x6:0xfffffffb  x6=0xfffffff8
       13795000	      1378	80000ed8	01bbd993	srli	x19,x23,0x1b	 x23:0x00000000 x19=0x00000000
       13805000	      1379	80000edc	fee356e3	bge	x6,x14,80000ec8	  x6:0xfffffff8 x14:0xfffffff8
       13815000	      1380	00000000	00000013	addi	x0,x0,0	  x0:0x00000000
       13825000	      1381	80000ec4	00000013	addi	x0,x0,0	  x0:0x00000000
       13835000	      1382	80000ec8	78cf4eb7	lui	x29,0x78cf4	 x29=0x78cf4000
       13845000	      1383	80000ecc	41f104b3	sub	x9,x2,x31	  x2:0x00000000 x31:0xfffffa0c  x9=0x000005f4
       13855000	      1384	80000ed0	01482d33	slt	x26,x16,x20	 x16:0x00000000 x20:0x2b069ef0 x26=0x00000001
       13865000	      1385	80000ed4	ffd30313	addi	x6,x6,-3	  x6:0xfffffff8  x6=0xfffffff5
       13875000	      1386	80000ed8	01bbd993	srli	x19,x23,0x1b	 x23:0x00000000 x19=0x00000000
       13885000	      1387	80000edc	fee356e3	bge	x6,x14,80000ec8	  x6:0xfffffff5 x14:0xfffffff8
       13895000	      1388	80000ee0	4146d113	srai	x2,x13,0x14	 x13:0x00000005  x2=0x00000000
       13905000	      1389	80000ee4	0023df93	srli	x31,x7,0x2	  x7:0x00000001 x31=0x00000000
       13915000	      1390	80000ee8	c9a07593	andi	x11,x0,-870	  x0:0x00000000 x11=0x00000000
       13925000	      1391	80000eec	01ffdd13	srli	x26,x31,0x1f	 x31:0x00000000 x26=0x00000000
       13935000	      1392	80000ef0	00b62a33	slt	x20,x12,x11	 x12:0x00000000 x11:0x00000000 x20=0x00000000
       13945000	      1393	80000ef4	ab069a17	auipc	x20,0xab069	 x20=0x2b069ef0
       13955000	      1394	80000ef8	6127e897	auipc	x17,0x6127e	 x17=0xe127eef4
       13965000	      1395	80000efc	fbb292e3	bne	x5,x27,80000ea0	  x5:0xfffffff8 x27:0xffffffee
       13975000	      1396	00000000	00000013	addi	x0,x0,0	  x0:0x00000000
       13985000	      1397	80000e9c	00000013	addi	x0,x0,0	  x0:0x00000000
       13995000	      1398	80000ea0	2be98a93	addi	x21,x19,702	 x19:0x00000000 x21=0x000002be
       14005000	      1399	80000ea4	7efb3493	sltiu	x9,x22,2031	 x22:0xfffffff8  x9=0x00000000
       14015000	      1400	80000ea8	00c564b3	or	x9,x10,x12	 x10:0x00000001 x12:0x00000000  x9=0x00000001
       14025000	      1401	80000eac	fff28293	addi	x5,x5,-1	  x5:0xfffffff8  x5=0xfffffff7
       14035000	      1402	80000eb0	ffe00313	addi	x6,x0,-2	  x0:0x00000000  x6=0xfffffffe
       14045000	      1403	80000eb4	01d29893	slli	x17,x5,0x1d	  x5:0xfffffff7 x17=0xe0000000
       14055000	      1404	80000eb8	ff800713	addi	x14,x0,-8	  x0:0x00000000 x14=0xfffffff8
       14065000	      1405	80000ebc	5f4b4f93	xori	x31,x22,1524	 x22:0xfffffff8 x31=0xfffffa0c
       14075000	      1406	80000ec0	00b76b33	or	x22,x14,x11	 x14:0xfffffff8 x11:0x00000000 x22=0xfffffff8
       14085000	      1407	80000ec4	00cf60b3	or	x1,x30,x12	 x30:0x80009f78 x12:0x00000000  x1=0x80009f78
       14095000	      1408	80000ec8	78cf4eb7	lui	x29,0x78cf4	 x29=0x78cf4000
       14105000	      1409	80000ecc	41f104b3	sub	x9,x2,x31	  x2:0x00000000 x31:0xfffffa0c  x9=0x000005f4
       14115000	      1410	80000ed0	01482d33	slt	x26,x16,x20	 x16:0x00000000 x20:0x2b069ef0 x26=0x00000001
       14125000	      1411	80000ed4	ffd30313	addi	x6,x6,-3	  x6:0xfffffffe  x6=0xfffffffb
       14135000	      1412	80000ed8	01bbd993	srli	x19,x23,0x1b	 x23:0x00000000 x19=0x00000000
       14145000	      1413	80000edc	fee356e3	bge	x6,x14,80000ec8	  x6:0xfffffffb x14:0xfffffff8
       14155000	      1414	00000000	00000013	addi	x0,x0,0	  x0:0x00000000
       14165000	      1415	80000ec4	00000013	addi	x0,x0,0	  x0:0x00000000
       14175000	      1416	80000ec8	78cf4eb7	lui	x29,0x78cf4	 x29=0x78cf4000
       14185000	      1417	80000ecc	41f104b3	sub	x9,x2,x31	  x2:0x00000000 x31:0xfffffa0c  x9=0x000005f4
       14195000	      1418	80000ed0	01482d33	slt	x26,x16,x20	 x16:0x00000000 x20:0x2b069ef0 x26=0x00000001
       14205000	      1419	80000ed4	ffd30313	addi	x6,x6,-3	  x6:0xfffffffb  x6=0xfffffff8
       14215000	      1420	80000ed8	01bbd993	srli	x19,x23,0x1b	 x23:0x00000000 x19=0x00000000
       14225000	      1421	80000edc	fee356e3	bge	x6,x14,80000ec8	  x6:0xfffffff8 x14:0xfffffff8
       14235000	      1422	00000000	00000013	addi	x0,x0,0	  x0:0x00000000
       14245000	      1423	80000ec4	00000013	addi	x0,x0,0	  x0:0x00000000
       14255000	      1424	80000ec8	78cf4eb7	lui	x29,0x78cf4	 x29=0x78cf4000
       14265000	      1425	80000ecc	41f104b3	sub	x9,x2,x31	  x2:0x00000000 x31:0xfffffa0c  x9=0x000005f4
       14275000	      1426	80000ed0	01482d33	slt	x26,x16,x20	 x16:0x00000000 x20:0x2b069ef0 x26=0x00000001
       14285000	      1427	80000ed4	ffd30313	addi	x6,x6,-3	  x6:0xfffffff8  x6=0xfffffff5
       14295000	      1428	80000ed8	01bbd993	srli	x19,x23,0x1b	 x23:0x00000000 x19=0x00000000
       14305000	      1429	80000edc	fee356e3	bge	x6,x14,80000ec8	  x6:0xfffffff5 x14:0xfffffff8
       14315000	      1430	80000ee0	4146d113	srai	x2,x13,0x14	 x13:0x00000005  x2=0x00000000
       14325000	      1431	80000ee4	0023df93	srli	x31,x7,0x2	  x7:0x00000001 x31=0x00000000
       14335000	      1432	80000ee8	c9a07593	andi	x11,x0,-870	  x0:0x00000000 x11=0x00000000
       14345000	      1433	80000eec	01ffdd13	srli	x26,x31,0x1f	 x31:0x00000000 x26=0x00000000
       14355000	      1434	80000ef0	00b62a33	slt	x20,x12,x11	 x12:0x00000000 x11:0x00000000 x20=0x00000000
       14365000	      1435	80000ef4	ab069a17	auipc	x20,0xab069	 x20=0x2b069ef0
       14375000	      1436	80000ef8	6127e897	auipc	x17,0x6127e	 x17=0xe127eef4
       14385000	      1437	80000efc	fbb292e3	bne	x5,x27,80000ea0	  x5:0xfffffff7 x27:0xffffffee
       14395000	      1438	00000000	00000013	addi	x0,x0,0	  x0:0x00000000
       14405000	      1439	80000e9c	00000013	addi	x0,x0,0	  x0:0x00000000
       14415000	      1440	80000ea0	2be98a93	addi	x21,x19,702	 x19:0x00000000 x21=0x000002be
       14425000	      1441	80000ea4	7efb3493	sltiu	x9,x22,2031	 x22:0xfffffff8  x9=0x00000000
       14435000	      1442	80000ea8	00c564b3	or	x9,x10,x12	 x10:0x00000001 x12:0x00000000  x9=0x00000001
       14445000	      1443	80000eac	fff28293	addi	x5,x5,-1	  x5:0xfffffff7  x5=0xfffffff6
       14455000	      1444	80000eb0	ffe00313	addi	x6,x0,-2	  x0:0x00000000  x6=0xfffffffe
       14465000	      1445	80000eb4	01d29893	slli	x17,x5,0x1d	  x5:0xfffffff6 x17=0xc0000000
       14475000	      1446	80000eb8	ff800713	addi	x14,x0,-8	  x0:0x00000000 x14=0xfffffff8
       14485000	      1447	80000ebc	5f4b4f93	xori	x31,x22,1524	 x22:0xfffffff8 x31=0xfffffa0c
       14495000	      1448	80000ec0	00b76b33	or	x22,x14,x11	 x14:0xfffffff8 x11:0x00000000 x22=0xfffffff8
       14505000	      1449	80000ec4	00cf60b3	or	x1,x30,x12	 x30:0x80009f78 x12:0x00000000  x1=0x80009f78
       14515000	      1450	80000ec8	78cf4eb7	lui	x29,0x78cf4	 x29=0x78cf4000
       14525000	      1451	80000ecc	41f104b3	sub	x9,x2,x31	  x2:0x00000000 x31:0xfffffa0c  x9=0x000005f4
       14535000	      1452	80000ed0	01482d33	slt	x26,x16,x20	 x16:0x00000000 x20:0x2b069ef0 x26=0x00000001
       14545000	      1453	80000ed4	ffd30313	addi	x6,x6,-3	  x6:0xfffffffe  x6=0xfffffffb
       14555000	      1454	80000ed8	01bbd993	srli	x19,x23,0x1b	 x23:0x00000000 x19=0x00000000
       14565000	      1455	80000edc	fee356e3	bge	x6,x14,80000ec8	  x6:0xfffffffb x14:0xfffffff8
       14575000	      1456	00000000	00000013	addi	x0,x0,0	  x0:0x00000000
       14585000	      1457	80000ec4	00000013	addi	x0,x0,0	  x0:0x00000000
       14595000	      1458	80000ec8	78cf4eb7	lui	x29,0x78cf4	 x29=0x78cf4000
       14605000	      1459	80000ecc	41f104b3	sub	x9,x2,x31	  x2:0x00000000 x31:0xfffffa0c  x9=0x000005f4
       14615000	      1460	80000ed0	01482d33	slt	x26,x16,x20	 x16:0x00000000 x20:0x2b069ef0 x26=0x00000001
       14625000	      1461	80000ed4	ffd30313	addi	x6,x6,-3	  x6:0xfffffffb  x6=0xfffffff8
       14635000	      1462	80000ed8	01bbd993	srli	x19,x23,0x1b	 x23:0x00000000 x19=0x00000000
       14645000	      1463	80000edc	fee356e3	bge	x6,x14,80000ec8	  x6:0xfffffff8 x14:0xfffffff8
       14655000	      1464	00000000	00000013	addi	x0,x0,0	  x0:0x00000000
       14665000	      1465	80000ec4	00000013	addi	x0,x0,0	  x0:0x00000000
       14675000	      1466	80000ec8	78cf4eb7	lui	x29,0x78cf4	 x29=0x78cf4000
       14685000	      1467	80000ecc	41f104b3	sub	x9,x2,x31	  x2:0x00000000 x31:0xfffffa0c  x9=0x000005f4
       14695000	      1468	80000ed0	01482d33	slt	x26,x16,x20	 x16:0x00000000 x20:0x2b069ef0 x26=0x00000001
       14705000	      1469	80000ed4	ffd30313	addi	x6,x6,-3	  x6:0xfffffff8  x6=0xfffffff5
       14715000	      1470	80000ed8	01bbd993	srli	x19,x23,0x1b	 x23:0x00000000 x19=0x00000000
       14725000	      1471	80000edc	fee356e3	bge	x6,x14,80000ec8	  x6:0xfffffff5 x14:0xfffffff8
       14735000	      1472	80000ee0	4146d113	srai	x2,x13,0x14	 x13:0x00000005  x2=0x00000000
       14745000	      1473	80000ee4	0023df93	srli	x31,x7,0x2	  x7:0x00000001 x31=0x00000000
       14755000	      1474	80000ee8	c9a07593	andi	x11,x0,-870	  x0:0x00000000 x11=0x00000000
       14765000	      1475	80000eec	01ffdd13	srli	x26,x31,0x1f	 x31:0x00000000 x26=0x00000000
       14775000	      1476	80000ef0	00b62a33	slt	x20,x12,x11	 x12:0x00000000 x11:0x00000000 x20=0x00000000
       14785000	      1477	80000ef4	ab069a17	auipc	x20,0xab069	 x20=0x2b069ef0
       14795000	      1478	80000ef8	6127e897	auipc	x17,0x6127e	 x17=0xe127eef4
       14805000	      1479	80000efc	fbb292e3	bne	x5,x27,80000ea0	  x5:0xfffffff6 x27:0xffffffee
       14815000	      1480	00000000	00000013	addi	x0,x0,0	  x0:0x00000000
       14825000	      1481	80000e9c	00000013	addi	x0,x0,0	  x0:0x00000000
       14835000	      1482	80000ea0	2be98a93	addi	x21,x19,702	 x19:0x00000000 x21=0x000002be
       14845000	      1483	80000ea4	7efb3493	sltiu	x9,x22,2031	 x22:0xfffffff8  x9=0x00000000
       14855000	      1484	80000ea8	00c564b3	or	x9,x10,x12	 x10:0x00000001 x12:0x00000000  x9=0x00000001
       14865000	      1485	80000eac	fff28293	addi	x5,x5,-1	  x5:0xfffffff6  x5=0xfffffff5
       14875000	      1486	80000eb0	ffe00313	addi	x6,x0,-2	  x0:0x00000000  x6=0xfffffffe
       14885000	      1487	80000eb4	01d29893	slli	x17,x5,0x1d	  x5:0xfffffff5 x17=0xa0000000
       14895000	      1488	80000eb8	ff800713	addi	x14,x0,-8	  x0:0x00000000 x14=0xfffffff8
       14905000	      1489	80000ebc	5f4b4f93	xori	x31,x22,1524	 x22:0xfffffff8 x31=0xfffffa0c
       14915000	      1490	80000ec0	00b76b33	or	x22,x14,x11	 x14:0xfffffff8 x11:0x00000000 x22=0xfffffff8
       14925000	      1491	80000ec4	00cf60b3	or	x1,x30,x12	 x30:0x80009f78 x12:0x00000000  x1=0x80009f78
       14935000	      1492	80000ec8	78cf4eb7	lui	x29,0x78cf4	 x29=0x78cf4000
       14945000	      1493	80000ecc	41f104b3	sub	x9,x2,x31	  x2:0x00000000 x31:0xfffffa0c  x9=0x000005f4
       14955000	      1494	80000ed0	01482d33	slt	x26,x16,x20	 x16:0x00000000 x20:0x2b069ef0 x26=0x00000001
       14965000	      1495	80000ed4	ffd30313	addi	x6,x6,-3	  x6:0xfffffffe  x6=0xfffffffb
       14975000	      1496	80000ed8	01bbd993	srli	x19,x23,0x1b	 x23:0x00000000 x19=0x00000000
       14985000	      1497	80000edc	fee356e3	bge	x6,x14,80000ec8	  x6:0xfffffffb x14:0xfffffff8
       14995000	      1498	00000000	00000013	addi	x0,x0,0	  x0:0x00000000
       15005000	      1499	80000ec4	00000013	addi	x0,x0,0	  x0:0x00000000
       15015000	      1500	80000ec8	78cf4eb7	lui	x29,0x78cf4	 x29=0x78cf4000
       15025000	      1501	80000ecc	41f104b3	sub	x9,x2,x31	  x2:0x00000000 x31:0xfffffa0c  x9=0x000005f4
       15035000	      1502	80000ed0	01482d33	slt	x26,x16,x20	 x16:0x00000000 x20:0x2b069ef0 x26=0x00000001
       15045000	      1503	80000ed4	ffd30313	addi	x6,x6,-3	  x6:0xfffffffb  x6=0xfffffff8
       15055000	      1504	80000ed8	01bbd993	srli	x19,x23,0x1b	 x23:0x00000000 x19=0x00000000
       15065000	      1505	80000edc	fee356e3	bge	x6,x14,80000ec8	  x6:0xfffffff8 x14:0xfffffff8
       15075000	      1506	00000000	00000013	addi	x0,x0,0	  x0:0x00000000
       15085000	      1507	80000ec4	00000013	addi	x0,x0,0	  x0:0x00000000
       15095000	      1508	80000ec8	78cf4eb7	lui	x29,0x78cf4	 x29=0x78cf4000
       15105000	      1509	80000ecc	41f104b3	sub	x9,x2,x31	  x2:0x00000000 x31:0xfffffa0c  x9=0x000005f4
       15115000	      1510	80000ed0	01482d33	slt	x26,x16,x20	 x16:0x00000000 x20:0x2b069ef0 x26=0x00000001
       15125000	      1511	80000ed4	ffd30313	addi	x6,x6,-3	  x6:0xfffffff8  x6=0xfffffff5
       15135000	      1512	80000ed8	01bbd993	srli	x19,x23,0x1b	 x23:0x00000000 x19=0x00000000
       15145000	      1513	80000edc	fee356e3	bge	x6,x14,80000ec8	  x6:0xfffffff5 x14:0xfffffff8
       15155000	      1514	80000ee0	4146d113	srai	x2,x13,0x14	 x13:0x00000005  x2=0x00000000
       15165000	      1515	80000ee4	0023df93	srli	x31,x7,0x2	  x7:0x00000001 x31=0x00000000
       15175000	      1516	80000ee8	c9a07593	andi	x11,x0,-870	  x0:0x00000000 x11=0x00000000
       15185000	      1517	80000eec	01ffdd13	srli	x26,x31,0x1f	 x31:0x00000000 x26=0x00000000
       15195000	      1518	80000ef0	00b62a33	slt	x20,x12,x11	 x12:0x00000000 x11:0x00000000 x20=0x00000000
       15205000	      1519	80000ef4	ab069a17	auipc	x20,0xab069	 x20=0x2b069ef0
       15215000	      1520	80000ef8	6127e897	auipc	x17,0x6127e	 x17=0xe127eef4
       15225000	      1521	80000efc	fbb292e3	bne	x5,x27,80000ea0	  x5:0xfffffff5 x27:0xffffffee
       15235000	      1522	00000000	00000013	addi	x0,x0,0	  x0:0x00000000
       15245000	      1523	80000e9c	00000013	addi	x0,x0,0	  x0:0x00000000
       15255000	      1524	80000ea0	2be98a93	addi	x21,x19,702	 x19:0x00000000 x21=0x000002be
       15265000	      1525	80000ea4	7efb3493	sltiu	x9,x22,2031	 x22:0xfffffff8  x9=0x00000000
       15275000	      1526	80000ea8	00c564b3	or	x9,x10,x12	 x10:0x00000001 x12:0x00000000  x9=0x00000001
       15285000	      1527	80000eac	fff28293	addi	x5,x5,-1	  x5:0xfffffff5  x5=0xfffffff4
       15295000	      1528	80000eb0	ffe00313	addi	x6,x0,-2	  x0:0x00000000  x6=0xfffffffe
       15305000	      1529	80000eb4	01d29893	slli	x17,x5,0x1d	  x5:0xfffffff4 x17=0x80000000
       15315000	      1530	80000eb8	ff800713	addi	x14,x0,-8	  x0:0x00000000 x14=0xfffffff8
       15325000	      1531	80000ebc	5f4b4f93	xori	x31,x22,1524	 x22:0xfffffff8 x31=0xfffffa0c
       15335000	      1532	80000ec0	00b76b33	or	x22,x14,x11	 x14:0xfffffff8 x11:0x00000000 x22=0xfffffff8
       15345000	      1533	80000ec4	00cf60b3	or	x1,x30,x12	 x30:0x80009f78 x12:0x00000000  x1=0x80009f78
       15355000	      1534	80000ec8	78cf4eb7	lui	x29,0x78cf4	 x29=0x78cf4000
       15365000	      1535	80000ecc	41f104b3	sub	x9,x2,x31	  x2:0x00000000 x31:0xfffffa0c  x9=0x000005f4
       15375000	      1536	80000ed0	01482d33	slt	x26,x16,x20	 x16:0x00000000 x20:0x2b069ef0 x26=0x00000001
       15385000	      1537	80000ed4	ffd30313	addi	x6,x6,-3	  x6:0xfffffffe  x6=0xfffffffb
       15395000	      1538	80000ed8	01bbd993	srli	x19,x23,0x1b	 x23:0x00000000 x19=0x00000000
       15405000	      1539	80000edc	fee356e3	bge	x6,x14,80000ec8	  x6:0xfffffffb x14:0xfffffff8
       15415000	      1540	00000000	00000013	addi	x0,x0,0	  x0:0x00000000
       15425000	      1541	80000ec4	00000013	addi	x0,x0,0	  x0:0x00000000
       15435000	      1542	80000ec8	78cf4eb7	lui	x29,0x78cf4	 x29=0x78cf4000
       15445000	      1543	80000ecc	41f104b3	sub	x9,x2,x31	  x2:0x00000000 x31:0xfffffa0c  x9=0x000005f4
       15455000	      1544	80000ed0	01482d33	slt	x26,x16,x20	 x16:0x00000000 x20:0x2b069ef0 x26=0x00000001
       15465000	      1545	80000ed4	ffd30313	addi	x6,x6,-3	  x6:0xfffffffb  x6=0xfffffff8
       15475000	      1546	80000ed8	01bbd993	srli	x19,x23,0x1b	 x23:0x00000000 x19=0x00000000
       15485000	      1547	80000edc	fee356e3	bge	x6,x14,80000ec8	  x6:0xfffffff8 x14:0xfffffff8
       15495000	      1548	00000000	00000013	addi	x0,x0,0	  x0:0x00000000
       15505000	      1549	80000ec4	00000013	addi	x0,x0,0	  x0:0x00000000
       15515000	      1550	80000ec8	78cf4eb7	lui	x29,0x78cf4	 x29=0x78cf4000
       15525000	      1551	80000ecc	41f104b3	sub	x9,x2,x31	  x2:0x00000000 x31:0xfffffa0c  x9=0x000005f4
       15535000	      1552	80000ed0	01482d33	slt	x26,x16,x20	 x16:0x00000000 x20:0x2b069ef0 x26=0x00000001
       15545000	      1553	80000ed4	ffd30313	addi	x6,x6,-3	  x6:0xfffffff8  x6=0xfffffff5
       15555000	      1554	80000ed8	01bbd993	srli	x19,x23,0x1b	 x23:0x00000000 x19=0x00000000
       15565000	      1555	80000edc	fee356e3	bge	x6,x14,80000ec8	  x6:0xfffffff5 x14:0xfffffff8
       15575000	      1556	80000ee0	4146d113	srai	x2,x13,0x14	 x13:0x00000005  x2=0x00000000
       15585000	      1557	80000ee4	0023df93	srli	x31,x7,0x2	  x7:0x00000001 x31=0x00000000
       15595000	      1558	80000ee8	c9a07593	andi	x11,x0,-870	  x0:0x00000000 x11=0x00000000
       15605000	      1559	80000eec	01ffdd13	srli	x26,x31,0x1f	 x31:0x00000000 x26=0x00000000
       15615000	      1560	80000ef0	00b62a33	slt	x20,x12,x11	 x12:0x00000000 x11:0x00000000 x20=0x00000000
       15625000	      1561	80000ef4	ab069a17	auipc	x20,0xab069	 x20=0x2b069ef0
       15635000	      1562	80000ef8	6127e897	auipc	x17,0x6127e	 x17=0xe127eef4
       15645000	      1563	80000efc	fbb292e3	bne	x5,x27,80000ea0	  x5:0xfffffff4 x27:0xffffffee
       15655000	      1564	00000000	00000013	addi	x0,x0,0	  x0:0x00000000
       15665000	      1565	80000e9c	00000013	addi	x0,x0,0	  x0:0x00000000
       15675000	      1566	80000ea0	2be98a93	addi	x21,x19,702	 x19:0x00000000 x21=0x000002be
       15685000	      1567	80000ea4	7efb3493	sltiu	x9,x22,2031	 x22:0xfffffff8  x9=0x00000000
       15695000	      1568	80000ea8	00c564b3	or	x9,x10,x12	 x10:0x00000001 x12:0x00000000  x9=0x00000001
       15705000	      1569	80000eac	fff28293	addi	x5,x5,-1	  x5:0xfffffff4  x5=0xfffffff3
       15715000	      1570	80000eb0	ffe00313	addi	x6,x0,-2	  x0:0x00000000  x6=0xfffffffe
       15725000	      1571	80000eb4	01d29893	slli	x17,x5,0x1d	  x5:0xfffffff3 x17=0x60000000
       15735000	      1572	80000eb8	ff800713	addi	x14,x0,-8	  x0:0x00000000 x14=0xfffffff8
       15745000	      1573	80000ebc	5f4b4f93	xori	x31,x22,1524	 x22:0xfffffff8 x31=0xfffffa0c
       15755000	      1574	80000ec0	00b76b33	or	x22,x14,x11	 x14:0xfffffff8 x11:0x00000000 x22=0xfffffff8
       15765000	      1575	80000ec4	00cf60b3	or	x1,x30,x12	 x30:0x80009f78 x12:0x00000000  x1=0x80009f78
       15775000	      1576	80000ec8	78cf4eb7	lui	x29,0x78cf4	 x29=0x78cf4000
       15785000	      1577	80000ecc	41f104b3	sub	x9,x2,x31	  x2:0x00000000 x31:0xfffffa0c  x9=0x000005f4
       15795000	      1578	80000ed0	01482d33	slt	x26,x16,x20	 x16:0x00000000 x20:0x2b069ef0 x26=0x00000001
       15805000	      1579	80000ed4	ffd30313	addi	x6,x6,-3	  x6:0xfffffffe  x6=0xfffffffb
       15815000	      1580	80000ed8	01bbd993	srli	x19,x23,0x1b	 x23:0x00000000 x19=0x00000000
       15825000	      1581	80000edc	fee356e3	bge	x6,x14,80000ec8	  x6:0xfffffffb x14:0xfffffff8
       15835000	      1582	00000000	00000013	addi	x0,x0,0	  x0:0x00000000
       15845000	      1583	80000ec4	00000013	addi	x0,x0,0	  x0:0x00000000
       15855000	      1584	80000ec8	78cf4eb7	lui	x29,0x78cf4	 x29=0x78cf4000
       15865000	      1585	80000ecc	41f104b3	sub	x9,x2,x31	  x2:0x00000000 x31:0xfffffa0c  x9=0x000005f4
       15875000	      1586	80000ed0	01482d33	slt	x26,x16,x20	 x16:0x00000000 x20:0x2b069ef0 x26=0x00000001
       15885000	      1587	80000ed4	ffd30313	addi	x6,x6,-3	  x6:0xfffffffb  x6=0xfffffff8
       15895000	      1588	80000ed8	01bbd993	srli	x19,x23,0x1b	 x23:0x00000000 x19=0x00000000
       15905000	      1589	80000edc	fee356e3	bge	x6,x14,80000ec8	  x6:0xfffffff8 x14:0xfffffff8
       15915000	      1590	00000000	00000013	addi	x0,x0,0	  x0:0x00000000
       15925000	      1591	80000ec4	00000013	addi	x0,x0,0	  x0:0x00000000
       15935000	      1592	80000ec8	78cf4eb7	lui	x29,0x78cf4	 x29=0x78cf4000
       15945000	      1593	80000ecc	41f104b3	sub	x9,x2,x31	  x2:0x00000000 x31:0xfffffa0c  x9=0x000005f4
       15955000	      1594	80000ed0	01482d33	slt	x26,x16,x20	 x16:0x00000000 x20:0x2b069ef0 x26=0x00000001
       15965000	      1595	80000ed4	ffd30313	addi	x6,x6,-3	  x6:0xfffffff8  x6=0xfffffff5
       15975000	      1596	80000ed8	01bbd993	srli	x19,x23,0x1b	 x23:0x00000000 x19=0x00000000
       15985000	      1597	80000edc	fee356e3	bge	x6,x14,80000ec8	  x6:0xfffffff5 x14:0xfffffff8
       15995000	      1598	80000ee0	4146d113	srai	x2,x13,0x14	 x13:0x00000005  x2=0x00000000
       16005000	      1599	80000ee4	0023df93	srli	x31,x7,0x2	  x7:0x00000001 x31=0x00000000
       16015000	      1600	80000ee8	c9a07593	andi	x11,x0,-870	  x0:0x00000000 x11=0x00000000
       16025000	      1601	80000eec	01ffdd13	srli	x26,x31,0x1f	 x31:0x00000000 x26=0x00000000
       16035000	      1602	80000ef0	00b62a33	slt	x20,x12,x11	 x12:0x00000000 x11:0x00000000 x20=0x00000000
       16045000	      1603	80000ef4	ab069a17	auipc	x20,0xab069	 x20=0x2b069ef0
       16055000	      1604	80000ef8	6127e897	auipc	x17,0x6127e	 x17=0xe127eef4
       16065000	      1605	80000efc	fbb292e3	bne	x5,x27,80000ea0	  x5:0xfffffff3 x27:0xffffffee
       16075000	      1606	00000000	00000013	addi	x0,x0,0	  x0:0x00000000
       16085000	      1607	80000e9c	00000013	addi	x0,x0,0	  x0:0x00000000
       16095000	      1608	80000ea0	2be98a93	addi	x21,x19,702	 x19:0x00000000 x21=0x000002be
       16105000	      1609	80000ea4	7efb3493	sltiu	x9,x22,2031	 x22:0xfffffff8  x9=0x00000000
       16115000	      1610	80000ea8	00c564b3	or	x9,x10,x12	 x10:0x00000001 x12:0x00000000  x9=0x00000001
       16125000	      1611	80000eac	fff28293	addi	x5,x5,-1	  x5:0xfffffff3  x5=0xfffffff2
       16135000	      1612	80000eb0	ffe00313	addi	x6,x0,-2	  x0:0x00000000  x6=0xfffffffe
       16145000	      1613	80000eb4	01d29893	slli	x17,x5,0x1d	  x5:0xfffffff2 x17=0x40000000
       16155000	      1614	80000eb8	ff800713	addi	x14,x0,-8	  x0:0x00000000 x14=0xfffffff8
       16165000	      1615	80000ebc	5f4b4f93	xori	x31,x22,1524	 x22:0xfffffff8 x31=0xfffffa0c
       16175000	      1616	80000ec0	00b76b33	or	x22,x14,x11	 x14:0xfffffff8 x11:0x00000000 x22=0xfffffff8
       16185000	      1617	80000ec4	00cf60b3	or	x1,x30,x12	 x30:0x80009f78 x12:0x00000000  x1=0x80009f78
       16195000	      1618	80000ec8	78cf4eb7	lui	x29,0x78cf4	 x29=0x78cf4000
       16205000	      1619	80000ecc	41f104b3	sub	x9,x2,x31	  x2:0x00000000 x31:0xfffffa0c  x9=0x000005f4
       16215000	      1620	80000ed0	01482d33	slt	x26,x16,x20	 x16:0x00000000 x20:0x2b069ef0 x26=0x00000001
       16225000	      1621	80000ed4	ffd30313	addi	x6,x6,-3	  x6:0xfffffffe  x6=0xfffffffb
       16235000	      1622	80000ed8	01bbd993	srli	x19,x23,0x1b	 x23:0x00000000 x19=0x00000000
       16245000	      1623	80000edc	fee356e3	bge	x6,x14,80000ec8	  x6:0xfffffffb x14:0xfffffff8
       16255000	      1624	00000000	00000013	addi	x0,x0,0	  x0:0x00000000
       16265000	      1625	80000ec4	00000013	addi	x0,x0,0	  x0:0x00000000
       16275000	      1626	80000ec8	78cf4eb7	lui	x29,0x78cf4	 x29=0x78cf4000
       16285000	      1627	80000ecc	41f104b3	sub	x9,x2,x31	  x2:0x00000000 x31:0xfffffa0c  x9=0x000005f4
       16295000	      1628	80000ed0	01482d33	slt	x26,x16,x20	 x16:0x00000000 x20:0x2b069ef0 x26=0x00000001
       16305000	      1629	80000ed4	ffd30313	addi	x6,x6,-3	  x6:0xfffffffb  x6=0xfffffff8
       16315000	      1630	80000ed8	01bbd993	srli	x19,x23,0x1b	 x23:0x00000000 x19=0x00000000
       16325000	      1631	80000edc	fee356e3	bge	x6,x14,80000ec8	  x6:0xfffffff8 x14:0xfffffff8
       16335000	      1632	00000000	00000013	addi	x0,x0,0	  x0:0x00000000
       16345000	      1633	80000ec4	00000013	addi	x0,x0,0	  x0:0x00000000
       16355000	      1634	80000ec8	78cf4eb7	lui	x29,0x78cf4	 x29=0x78cf4000
       16365000	      1635	80000ecc	41f104b3	sub	x9,x2,x31	  x2:0x00000000 x31:0xfffffa0c  x9=0x000005f4
       16375000	      1636	80000ed0	01482d33	slt	x26,x16,x20	 x16:0x00000000 x20:0x2b069ef0 x26=0x00000001
       16385000	      1637	80000ed4	ffd30313	addi	x6,x6,-3	  x6:0xfffffff8  x6=0xfffffff5
       16395000	      1638	80000ed8	01bbd993	srli	x19,x23,0x1b	 x23:0x00000000 x19=0x00000000
       16405000	      1639	80000edc	fee356e3	bge	x6,x14,80000ec8	  x6:0xfffffff5 x14:0xfffffff8
       16415000	      1640	80000ee0	4146d113	srai	x2,x13,0x14	 x13:0x00000005  x2=0x00000000
       16425000	      1641	80000ee4	0023df93	srli	x31,x7,0x2	  x7:0x00000001 x31=0x00000000
       16435000	      1642	80000ee8	c9a07593	andi	x11,x0,-870	  x0:0x00000000 x11=0x00000000
       16445000	      1643	80000eec	01ffdd13	srli	x26,x31,0x1f	 x31:0x00000000 x26=0x00000000
       16455000	      1644	80000ef0	00b62a33	slt	x20,x12,x11	 x12:0x00000000 x11:0x00000000 x20=0x00000000
       16465000	      1645	80000ef4	ab069a17	auipc	x20,0xab069	 x20=0x2b069ef0
       16475000	      1646	80000ef8	6127e897	auipc	x17,0x6127e	 x17=0xe127eef4
       16485000	      1647	80000efc	fbb292e3	bne	x5,x27,80000ea0	  x5:0xfffffff2 x27:0xffffffee
       16495000	      1648	00000000	00000013	addi	x0,x0,0	  x0:0x00000000
       16505000	      1649	80000e9c	00000013	addi	x0,x0,0	  x0:0x00000000
       16515000	      1650	80000ea0	2be98a93	addi	x21,x19,702	 x19:0x00000000 x21=0x000002be
       16525000	      1651	80000ea4	7efb3493	sltiu	x9,x22,2031	 x22:0xfffffff8  x9=0x00000000
       16535000	      1652	80000ea8	00c564b3	or	x9,x10,x12	 x10:0x00000001 x12:0x00000000  x9=0x00000001
       16545000	      1653	80000eac	fff28293	addi	x5,x5,-1	  x5:0xfffffff2  x5=0xfffffff1
       16555000	      1654	80000eb0	ffe00313	addi	x6,x0,-2	  x0:0x00000000  x6=0xfffffffe
       16565000	      1655	80000eb4	01d29893	slli	x17,x5,0x1d	  x5:0xfffffff1 x17=0x20000000
       16575000	      1656	80000eb8	ff800713	addi	x14,x0,-8	  x0:0x00000000 x14=0xfffffff8
       16585000	      1657	80000ebc	5f4b4f93	xori	x31,x22,1524	 x22:0xfffffff8 x31=0xfffffa0c
       16595000	      1658	80000ec0	00b76b33	or	x22,x14,x11	 x14:0xfffffff8 x11:0x00000000 x22=0xfffffff8
       16605000	      1659	80000ec4	00cf60b3	or	x1,x30,x12	 x30:0x80009f78 x12:0x00000000  x1=0x80009f78
       16615000	      1660	80000ec8	78cf4eb7	lui	x29,0x78cf4	 x29=0x78cf4000
       16625000	      1661	80000ecc	41f104b3	sub	x9,x2,x31	  x2:0x00000000 x31:0xfffffa0c  x9=0x000005f4
       16635000	      1662	80000ed0	01482d33	slt	x26,x16,x20	 x16:0x00000000 x20:0x2b069ef0 x26=0x00000001
       16645000	      1663	80000ed4	ffd30313	addi	x6,x6,-3	  x6:0xfffffffe  x6=0xfffffffb
       16655000	      1664	80000ed8	01bbd993	srli	x19,x23,0x1b	 x23:0x00000000 x19=0x00000000
       16665000	      1665	80000edc	fee356e3	bge	x6,x14,80000ec8	  x6:0xfffffffb x14:0xfffffff8
       16675000	      1666	00000000	00000013	addi	x0,x0,0	  x0:0x00000000
       16685000	      1667	80000ec4	00000013	addi	x0,x0,0	  x0:0x00000000
       16695000	      1668	80000ec8	78cf4eb7	lui	x29,0x78cf4	 x29=0x78cf4000
       16705000	      1669	80000ecc	41f104b3	sub	x9,x2,x31	  x2:0x00000000 x31:0xfffffa0c  x9=0x000005f4
       16715000	      1670	80000ed0	01482d33	slt	x26,x16,x20	 x16:0x00000000 x20:0x2b069ef0 x26=0x00000001
       16725000	      1671	80000ed4	ffd30313	addi	x6,x6,-3	  x6:0xfffffffb  x6=0xfffffff8
       16735000	      1672	80000ed8	01bbd993	srli	x19,x23,0x1b	 x23:0x00000000 x19=0x00000000
       16745000	      1673	80000edc	fee356e3	bge	x6,x14,80000ec8	  x6:0xfffffff8 x14:0xfffffff8
       16755000	      1674	00000000	00000013	addi	x0,x0,0	  x0:0x00000000
       16765000	      1675	80000ec4	00000013	addi	x0,x0,0	  x0:0x00000000
       16775000	      1676	80000ec8	78cf4eb7	lui	x29,0x78cf4	 x29=0x78cf4000
       16785000	      1677	80000ecc	41f104b3	sub	x9,x2,x31	  x2:0x00000000 x31:0xfffffa0c  x9=0x000005f4
       16795000	      1678	80000ed0	01482d33	slt	x26,x16,x20	 x16:0x00000000 x20:0x2b069ef0 x26=0x00000001
       16805000	      1679	80000ed4	ffd30313	addi	x6,x6,-3	  x6:0xfffffff8  x6=0xfffffff5
       16815000	      1680	80000ed8	01bbd993	srli	x19,x23,0x1b	 x23:0x00000000 x19=0x00000000
       16825000	      1681	80000edc	fee356e3	bge	x6,x14,80000ec8	  x6:0xfffffff5 x14:0xfffffff8
       16835000	      1682	80000ee0	4146d113	srai	x2,x13,0x14	 x13:0x00000005  x2=0x00000000
       16845000	      1683	80000ee4	0023df93	srli	x31,x7,0x2	  x7:0x00000001 x31=0x00000000
       16855000	      1684	80000ee8	c9a07593	andi	x11,x0,-870	  x0:0x00000000 x11=0x00000000
       16865000	      1685	80000eec	01ffdd13	srli	x26,x31,0x1f	 x31:0x00000000 x26=0x00000000
       16875000	      1686	80000ef0	00b62a33	slt	x20,x12,x11	 x12:0x00000000 x11:0x00000000 x20=0x00000000
       16885000	      1687	80000ef4	ab069a17	auipc	x20,0xab069	 x20=0x2b069ef0
       16895000	      1688	80000ef8	6127e897	auipc	x17,0x6127e	 x17=0xe127eef4
       16905000	      1689	80000efc	fbb292e3	bne	x5,x27,80000ea0	  x5:0xfffffff1 x27:0xffffffee
       16915000	      1690	00000000	00000013	addi	x0,x0,0	  x0:0x00000000
       16925000	      1691	80000e9c	00000013	addi	x0,x0,0	  x0:0x00000000
       16935000	      1692	80000ea0	2be98a93	addi	x21,x19,702	 x19:0x00000000 x21=0x000002be
       16945000	      1693	80000ea4	7efb3493	sltiu	x9,x22,2031	 x22:0xfffffff8  x9=0x00000000
       16955000	      1694	80000ea8	00c564b3	or	x9,x10,x12	 x10:0x00000001 x12:0x00000000  x9=0x00000001
       16965000	      1695	80000eac	fff28293	addi	x5,x5,-1	  x5:0xfffffff1  x5=0xfffffff0
       16975000	      1696	80000eb0	ffe00313	addi	x6,x0,-2	  x0:0x00000000  x6=0xfffffffe
       16985000	      1697	80000eb4	01d29893	slli	x17,x5,0x1d	  x5:0xfffffff0 x17=0x00000000
       16995000	      1698	80000eb8	ff800713	addi	x14,x0,-8	  x0:0x00000000 x14=0xfffffff8
       17005000	      1699	80000ebc	5f4b4f93	xori	x31,x22,1524	 x22:0xfffffff8 x31=0xfffffa0c
       17015000	      1700	80000ec0	00b76b33	or	x22,x14,x11	 x14:0xfffffff8 x11:0x00000000 x22=0xfffffff8
       17025000	      1701	80000ec4	00cf60b3	or	x1,x30,x12	 x30:0x80009f78 x12:0x00000000  x1=0x80009f78
       17035000	      1702	80000ec8	78cf4eb7	lui	x29,0x78cf4	 x29=0x78cf4000
       17045000	      1703	80000ecc	41f104b3	sub	x9,x2,x31	  x2:0x00000000 x31:0xfffffa0c  x9=0x000005f4
       17055000	      1704	80000ed0	01482d33	slt	x26,x16,x20	 x16:0x00000000 x20:0x2b069ef0 x26=0x00000001
       17065000	      1705	80000ed4	ffd30313	addi	x6,x6,-3	  x6:0xfffffffe  x6=0xfffffffb
       17075000	      1706	80000ed8	01bbd993	srli	x19,x23,0x1b	 x23:0x00000000 x19=0x00000000
       17085000	      1707	80000edc	fee356e3	bge	x6,x14,80000ec8	  x6:0xfffffffb x14:0xfffffff8
       17095000	      1708	00000000	00000013	addi	x0,x0,0	  x0:0x00000000
       17105000	      1709	80000ec4	00000013	addi	x0,x0,0	  x0:0x00000000
       17115000	      1710	80000ec8	78cf4eb7	lui	x29,0x78cf4	 x29=0x78cf4000
       17125000	      1711	80000ecc	41f104b3	sub	x9,x2,x31	  x2:0x00000000 x31:0xfffffa0c  x9=0x000005f4
       17135000	      1712	80000ed0	01482d33	slt	x26,x16,x20	 x16:0x00000000 x20:0x2b069ef0 x26=0x00000001
       17145000	      1713	80000ed4	ffd30313	addi	x6,x6,-3	  x6:0xfffffffb  x6=0xfffffff8
       17155000	      1714	80000ed8	01bbd993	srli	x19,x23,0x1b	 x23:0x00000000 x19=0x00000000
       17165000	      1715	80000edc	fee356e3	bge	x6,x14,80000ec8	  x6:0xfffffff8 x14:0xfffffff8
       17175000	      1716	00000000	00000013	addi	x0,x0,0	  x0:0x00000000
       17185000	      1717	80000ec4	00000013	addi	x0,x0,0	  x0:0x00000000
       17195000	      1718	80000ec8	78cf4eb7	lui	x29,0x78cf4	 x29=0x78cf4000
       17205000	      1719	80000ecc	41f104b3	sub	x9,x2,x31	  x2:0x00000000 x31:0xfffffa0c  x9=0x000005f4
       17215000	      1720	80000ed0	01482d33	slt	x26,x16,x20	 x16:0x00000000 x20:0x2b069ef0 x26=0x00000001
       17225000	      1721	80000ed4	ffd30313	addi	x6,x6,-3	  x6:0xfffffff8  x6=0xfffffff5
       17235000	      1722	80000ed8	01bbd993	srli	x19,x23,0x1b	 x23:0x00000000 x19=0x00000000
       17245000	      1723	80000edc	fee356e3	bge	x6,x14,80000ec8	  x6:0xfffffff5 x14:0xfffffff8
       17255000	      1724	80000ee0	4146d113	srai	x2,x13,0x14	 x13:0x00000005  x2=0x00000000
       17265000	      1725	80000ee4	0023df93	srli	x31,x7,0x2	  x7:0x00000001 x31=0x00000000
       17275000	      1726	80000ee8	c9a07593	andi	x11,x0,-870	  x0:0x00000000 x11=0x00000000
       17285000	      1727	80000eec	01ffdd13	srli	x26,x31,0x1f	 x31:0x00000000 x26=0x00000000
       17295000	      1728	80000ef0	00b62a33	slt	x20,x12,x11	 x12:0x00000000 x11:0x00000000 x20=0x00000000
       17305000	      1729	80000ef4	ab069a17	auipc	x20,0xab069	 x20=0x2b069ef0
       17315000	      1730	80000ef8	6127e897	auipc	x17,0x6127e	 x17=0xe127eef4
       17325000	      1731	80000efc	fbb292e3	bne	x5,x27,80000ea0	  x5:0xfffffff0 x27:0xffffffee
       17335000	      1732	00000000	00000013	addi	x0,x0,0	  x0:0x00000000
       17345000	      1733	80000e9c	00000013	addi	x0,x0,0	  x0:0x00000000
       17355000	      1734	80000ea0	2be98a93	addi	x21,x19,702	 x19:0x00000000 x21=0x000002be
       17365000	      1735	80000ea4	7efb3493	sltiu	x9,x22,2031	 x22:0xfffffff8  x9=0x00000000
       17375000	      1736	80000ea8	00c564b3	or	x9,x10,x12	 x10:0x00000001 x12:0x00000000  x9=0x00000001
       17385000	      1737	80000eac	fff28293	addi	x5,x5,-1	  x5:0xfffffff0  x5=0xffffffef
       17395000	      1738	80000eb0	ffe00313	addi	x6,x0,-2	  x0:0x00000000  x6=0xfffffffe
       17405000	      1739	80000eb4	01d29893	slli	x17,x5,0x1d	  x5:0xffffffef x17=0xe0000000
       17415000	      1740	80000eb8	ff800713	addi	x14,x0,-8	  x0:0x00000000 x14=0xfffffff8
       17425000	      1741	80000ebc	5f4b4f93	xori	x31,x22,1524	 x22:0xfffffff8 x31=0xfffffa0c
       17435000	      1742	80000ec0	00b76b33	or	x22,x14,x11	 x14:0xfffffff8 x11:0x00000000 x22=0xfffffff8
       17445000	      1743	80000ec4	00cf60b3	or	x1,x30,x12	 x30:0x80009f78 x12:0x00000000  x1=0x80009f78
       17455000	      1744	80000ec8	78cf4eb7	lui	x29,0x78cf4	 x29=0x78cf4000
       17465000	      1745	80000ecc	41f104b3	sub	x9,x2,x31	  x2:0x00000000 x31:0xfffffa0c  x9=0x000005f4
       17475000	      1746	80000ed0	01482d33	slt	x26,x16,x20	 x16:0x00000000 x20:0x2b069ef0 x26=0x00000001
       17485000	      1747	80000ed4	ffd30313	addi	x6,x6,-3	  x6:0xfffffffe  x6=0xfffffffb
       17495000	      1748	80000ed8	01bbd993	srli	x19,x23,0x1b	 x23:0x00000000 x19=0x00000000
       17505000	      1749	80000edc	fee356e3	bge	x6,x14,80000ec8	  x6:0xfffffffb x14:0xfffffff8
       17515000	      1750	00000000	00000013	addi	x0,x0,0	  x0:0x00000000
       17525000	      1751	80000ec4	00000013	addi	x0,x0,0	  x0:0x00000000
       17535000	      1752	80000ec8	78cf4eb7	lui	x29,0x78cf4	 x29=0x78cf4000
       17545000	      1753	80000ecc	41f104b3	sub	x9,x2,x31	  x2:0x00000000 x31:0xfffffa0c  x9=0x000005f4
       17555000	      1754	80000ed0	01482d33	slt	x26,x16,x20	 x16:0x00000000 x20:0x2b069ef0 x26=0x00000001
       17565000	      1755	80000ed4	ffd30313	addi	x6,x6,-3	  x6:0xfffffffb  x6=0xfffffff8
       17575000	      1756	80000ed8	01bbd993	srli	x19,x23,0x1b	 x23:0x00000000 x19=0x00000000
       17585000	      1757	80000edc	fee356e3	bge	x6,x14,80000ec8	  x6:0xfffffff8 x14:0xfffffff8
       17595000	      1758	00000000	00000013	addi	x0,x0,0	  x0:0x00000000
       17605000	      1759	80000ec4	00000013	addi	x0,x0,0	  x0:0x00000000
       17615000	      1760	80000ec8	78cf4eb7	lui	x29,0x78cf4	 x29=0x78cf4000
       17625000	      1761	80000ecc	41f104b3	sub	x9,x2,x31	  x2:0x00000000 x31:0xfffffa0c  x9=0x000005f4
       17635000	      1762	80000ed0	01482d33	slt	x26,x16,x20	 x16:0x00000000 x20:0x2b069ef0 x26=0x00000001
       17645000	      1763	80000ed4	ffd30313	addi	x6,x6,-3	  x6:0xfffffff8  x6=0xfffffff5
       17655000	      1764	80000ed8	01bbd993	srli	x19,x23,0x1b	 x23:0x00000000 x19=0x00000000
       17665000	      1765	80000edc	fee356e3	bge	x6,x14,80000ec8	  x6:0xfffffff5 x14:0xfffffff8
       17675000	      1766	80000ee0	4146d113	srai	x2,x13,0x14	 x13:0x00000005  x2=0x00000000
       17685000	      1767	80000ee4	0023df93	srli	x31,x7,0x2	  x7:0x00000001 x31=0x00000000
       17695000	      1768	80000ee8	c9a07593	andi	x11,x0,-870	  x0:0x00000000 x11=0x00000000
       17705000	      1769	80000eec	01ffdd13	srli	x26,x31,0x1f	 x31:0x00000000 x26=0x00000000
       17715000	      1770	80000ef0	00b62a33	slt	x20,x12,x11	 x12:0x00000000 x11:0x00000000 x20=0x00000000
       17725000	      1771	80000ef4	ab069a17	auipc	x20,0xab069	 x20=0x2b069ef0
       17735000	      1772	80000ef8	6127e897	auipc	x17,0x6127e	 x17=0xe127eef4
       17745000	      1773	80000efc	fbb292e3	bne	x5,x27,80000ea0	  x5:0xffffffef x27:0xffffffee
       17755000	      1774	00000000	00000013	addi	x0,x0,0	  x0:0x00000000
       17765000	      1775	80000e9c	00000013	addi	x0,x0,0	  x0:0x00000000
       17775000	      1776	80000ea0	2be98a93	addi	x21,x19,702	 x19:0x00000000 x21=0x000002be
       17785000	      1777	80000ea4	7efb3493	sltiu	x9,x22,2031	 x22:0xfffffff8  x9=0x00000000
       17795000	      1778	80000ea8	00c564b3	or	x9,x10,x12	 x10:0x00000001 x12:0x00000000  x9=0x00000001
       17805000	      1779	80000eac	fff28293	addi	x5,x5,-1	  x5:0xffffffef  x5=0xffffffee
       17815000	      1780	80000eb0	ffe00313	addi	x6,x0,-2	  x0:0x00000000  x6=0xfffffffe
       17825000	      1781	80000eb4	01d29893	slli	x17,x5,0x1d	  x5:0xffffffee x17=0xc0000000
       17835000	      1782	80000eb8	ff800713	addi	x14,x0,-8	  x0:0x00000000 x14=0xfffffff8
       17845000	      1783	80000ebc	5f4b4f93	xori	x31,x22,1524	 x22:0xfffffff8 x31=0xfffffa0c
       17855000	      1784	80000ec0	00b76b33	or	x22,x14,x11	 x14:0xfffffff8 x11:0x00000000 x22=0xfffffff8
       17865000	      1785	80000ec4	00cf60b3	or	x1,x30,x12	 x30:0x80009f78 x12:0x00000000  x1=0x80009f78
       17875000	      1786	80000ec8	78cf4eb7	lui	x29,0x78cf4	 x29=0x78cf4000
       17885000	      1787	80000ecc	41f104b3	sub	x9,x2,x31	  x2:0x00000000 x31:0xfffffa0c  x9=0x000005f4
       17895000	      1788	80000ed0	01482d33	slt	x26,x16,x20	 x16:0x00000000 x20:0x2b069ef0 x26=0x00000001
       17905000	      1789	80000ed4	ffd30313	addi	x6,x6,-3	  x6:0xfffffffe  x6=0xfffffffb
       17915000	      1790	80000ed8	01bbd993	srli	x19,x23,0x1b	 x23:0x00000000 x19=0x00000000
       17925000	      1791	80000edc	fee356e3	bge	x6,x14,80000ec8	  x6:0xfffffffb x14:0xfffffff8
       17935000	      1792	00000000	00000013	addi	x0,x0,0	  x0:0x00000000
       17945000	      1793	80000ec4	00000013	addi	x0,x0,0	  x0:0x00000000
       17955000	      1794	80000ec8	78cf4eb7	lui	x29,0x78cf4	 x29=0x78cf4000
       17965000	      1795	80000ecc	41f104b3	sub	x9,x2,x31	  x2:0x00000000 x31:0xfffffa0c  x9=0x000005f4
       17975000	      1796	80000ed0	01482d33	slt	x26,x16,x20	 x16:0x00000000 x20:0x2b069ef0 x26=0x00000001
       17985000	      1797	80000ed4	ffd30313	addi	x6,x6,-3	  x6:0xfffffffb  x6=0xfffffff8
       17995000	      1798	80000ed8	01bbd993	srli	x19,x23,0x1b	 x23:0x00000000 x19=0x00000000
       18005000	      1799	80000edc	fee356e3	bge	x6,x14,80000ec8	  x6:0xfffffff8 x14:0xfffffff8
       18015000	      1800	00000000	00000013	addi	x0,x0,0	  x0:0x00000000
       18025000	      1801	80000ec4	00000013	addi	x0,x0,0	  x0:0x00000000
       18035000	      1802	80000ec8	78cf4eb7	lui	x29,0x78cf4	 x29=0x78cf4000
       18045000	      1803	80000ecc	41f104b3	sub	x9,x2,x31	  x2:0x00000000 x31:0xfffffa0c  x9=0x000005f4
       18055000	      1804	80000ed0	01482d33	slt	x26,x16,x20	 x16:0x00000000 x20:0x2b069ef0 x26=0x00000001
       18065000	      1805	80000ed4	ffd30313	addi	x6,x6,-3	  x6:0xfffffff8  x6=0xfffffff5
       18075000	      1806	80000ed8	01bbd993	srli	x19,x23,0x1b	 x23:0x00000000 x19=0x00000000
       18085000	      1807	80000edc	fee356e3	bge	x6,x14,80000ec8	  x6:0xfffffff5 x14:0xfffffff8
       18095000	      1808	80000ee0	4146d113	srai	x2,x13,0x14	 x13:0x00000005  x2=0x00000000
       18105000	      1809	80000ee4	0023df93	srli	x31,x7,0x2	  x7:0x00000001 x31=0x00000000
       18115000	      1810	80000ee8	c9a07593	andi	x11,x0,-870	  x0:0x00000000 x11=0x00000000
       18125000	      1811	80000eec	01ffdd13	srli	x26,x31,0x1f	 x31:0x00000000 x26=0x00000000
       18135000	      1812	80000ef0	00b62a33	slt	x20,x12,x11	 x12:0x00000000 x11:0x00000000 x20=0x00000000
       18145000	      1813	80000ef4	ab069a17	auipc	x20,0xab069	 x20=0x2b069ef0
       18155000	      1814	80000ef8	6127e897	auipc	x17,0x6127e	 x17=0xe127eef4
       18165000	      1815	80000efc	fbb292e3	bne	x5,x27,80000ea0	  x5:0xffffffee x27:0xffffffee
       18175000	      1816	80000f00	fbb60897	auipc	x17,0xfbb60	 x17=0x7bb60efc
       18185000	      1817	80000f04	00500e93	addi	x29,x0,5	  x0:0x00000000 x29=0x00000005
       18195000	      1818	80000f08	4ed7c393	xori	x7,x15,1261	 x15:0x00000000  x7=0x000004ed
       18205000	      1819	80000f0c	0027b193	sltiu	x3,x15,2	 x15:0x00000000  x3=0x00000001
       18215000	      1820	80000f10	01a45b13	srli	x22,x8,0x1a	  x8:0x00000010 x22=0x00000000
       18225000	      1821	80000f14	418652b3	sra	x5,x12,x24	 x12:0x00000000 x24:0xa4400000  x5=0x00000000
       18235000	      1822	80000f18	002b5e33	srl	x28,x22,x2	 x22:0x00000000  x2:0x00000000 x28=0x00000000
       18245000	      1823	80000f1c	00700413	addi	x8,x0,7	  x0:0x00000000  x8=0x00000007
       18255000	      1824	80000f20	0be68b13	addi	x22,x13,190	 x13:0x00000005 x22=0x000000c3
       18265000	      1825	80000f24	00e2dd13	srli	x26,x5,0xe	  x5:0x00000000 x26=0x00000000
       18275000	      1826	80000f28	4982e093	ori	x1,x5,1176	  x5:0x00000000  x1=0x00000498
       18285000	      1827	80000f2c	fc250613	addi	x12,x10,-62	 x10:0x00000001 x12=0xffffffc3
       18295000	      1828	80000f30	f2e6bb93	sltiu	x23,x13,-210	 x13:0x00000005 x23=0x00000001
       18305000	      1829	80000f34	002eed33	or	x26,x29,x2	 x29:0x00000005  x2:0x00000000 x26=0x00000005
       18315000	      1830	80000f38	002e8e93	addi	x29,x29,2	 x29:0x00000005 x29=0x00000007
       18325000	      1831	80000f3c	00ed2a33	slt	x20,x26,x14	 x26:0x00000005 x14:0xfffffff8 x20=0x00000000
       18335000	      1832	80000f40	6fa03293	sltiu	x5,x0,1786	  x0:0x00000000  x5=0x00000001
       18345000	      1833	80000f44	ffb00c13	addi	x24,x0,-5	  x0:0x00000000 x24=0xfffffffb
       18355000	      1834	80000f48	00800593	addi	x11,x0,8	  x0:0x00000000 x11=0x00000008
       18365000	      1835	80000f4c	d5b10093	addi	x1,x2,-677	  x2:0x00000000  x1=0xfffffd5b
       18375000	      1836	80000f50	6c8f3a13	sltiu	x20,x30,1736	 x30:0x80009f78 x20=0x00000000
       18385000	      1837	80000f54	00000013	addi	x0,x0,0	  x0:0x00000000
       18395000	      1838	80000f58	007084b3	add	x9,x1,x7	  x1:0xfffffd5b  x7:0x000004ed  x9=0x00000248
       18405000	      1839	80000f5c	c08fe093	ori	x1,x31,-1016	 x31:0x00000000  x1=0xfffffc08
       18415000	      1840	80000f60	009c0c13	addi	x24,x24,9	 x24:0xfffffffb x24=0x00000004
       18425000	      1841	80000f64	febc66e3	bltu	x24,x11,80000f50	 x24:0x00000004 x11:0x00000008
       18435000	      1842	00000000	00000013	addi	x0,x0,0	  x0:0x00000000
       18445000	      1843	80000f4c	00000013	addi	x0,x0,0	  x0:0x00000000
       18455000	      1844	80000f50	6c8f3a13	sltiu	x20,x30,1736	 x30:0x80009f78 x20=0x00000000
       18465000	      1845	80000f54	00000013	addi	x0,x0,0	  x0:0x00000000
       18475000	      1846	80000f58	007084b3	add	x9,x1,x7	  x1:0xfffffc08  x7:0x000004ed  x9=0x000000f5
       18485000	      1847	80000f5c	c08fe093	ori	x1,x31,-1016	 x31:0x00000000  x1=0xfffffc08
       18495000	      1848	80000f60	009c0c13	addi	x24,x24,9	 x24:0x00000004 x24=0x0000000d
       18505000	      1849	80000f64	febc66e3	bltu	x24,x11,80000f50	 x24:0x0000000d x11:0x00000008
       18515000	      1850	80000f68	0066dd13	srli	x26,x13,0x6	 x13:0x00000005 x26=0x00000000
       18525000	      1851	80000f6c	00987cb3	and	x25,x16,x9	 x16:0x00000000  x9:0x000000f5 x25=0x00000000
       18535000	      1852	80000f70	01ea17b3	sll	x15,x20,x30	 x20:0x00000000 x30:0x80009f78 x15=0x00000000
       18545000	      1853	80000f74	fa8e96e3	bne	x29,x8,80000f20	 x29:0x00000007  x8:0x00000007
       18555000	      1854	80000f78	ccaffd93	andi	x27,x31,-822	 x31:0x00000000 x27=0x00000000
       18565000	      1855	80000f7c	ffc00113	addi	x2,x0,-4	  x0:0x00000000  x2=0xfffffffc
       18575000	      1856	80000f80	00069a93	slli	x21,x13,0x0	 x13:0x00000005 x21=0x00000005
       18585000	      1857	80000f84	3bffbe93	sltiu	x29,x31,959	 x31:0x00000000 x29=0x00000001
       18595000	      1858	80000f88	00000013	addi	x0,x0,0	  x0:0x00000000
       18605000	      1859	80000f8c	415fa813	slti	x16,x31,1045	 x31:0x00000000 x16=0x00000001
       18615000	      1860	80000f90	ff300593	addi	x11,x0,-13	  x0:0x00000000 x11=0xfffffff3
       18625000	      1861	80000f94	01988033	add	x0,x17,x25	 x17:0x7bb60efc x25:0x00000000
       18635000	      1862	80000f98	b7852893	slti	x17,x10,-1160	 x10:0x00000001 x17=0x00000000
       18645000	      1863	80000f9c	005e5a13	srli	x20,x28,0x5	 x28:0x00000000 x20=0x00000000
       18655000	      1864	80000fa0	408888b3	sub	x17,x17,x8	 x17:0x00000000  x8:0x00000007 x17=0xfffffff9
       18665000	      1865	80000fa4	ffd10113	addi	x2,x2,-3	  x2:0xfffffffc  x2=0xfffffff9
       18675000	      1866	80000fa8	00676e33	or	x28,x14,x6	 x14:0xfffffff8  x6:0xfffffff5 x28=0xfffffffd
       18685000	      1867	80000fac	416d5433	sra	x8,x26,x22	 x26:0x00000000 x22:0x000000c3  x8=0x00000000
       18695000	      1868	80000fb0	00629033	sll	x0,x5,x6	  x5:0x00000001  x6:0xfffffff5
       18705000	      1869	80000fb4	0140ce33	xor	x28,x1,x20	  x1:0xfffffc08 x20:0x00000000 x28=0xfffffc08
       18715000	      1870	80000fb8	4036d2b3	sra	x5,x13,x3	 x13:0x00000005  x3:0x00000001  x5=0x00000002
       18725000	      1871	80000fbc	b31e7093	andi	x1,x28,-1231	 x28:0xfffffc08  x1=0xfffff800
       18735000	      1872	80000fc0	019aabb3	slt	x23,x21,x25	 x21:0x00000005 x25:0x00000000 x23=0x00000000
       18745000	      1873	80000fc4	78567eb7	lui	x29,0x78567	 x29=0x78567000
       18755000	      1874	80000fc8	01bbd1b3	srl	x3,x23,x27	 x23:0x00000000 x27:0x00000000  x3=0x00000000
       18765000	      1875	80000fcc	fcb156e3	bge	x2,x11,80000f98	  x2:0xfffffff9 x11:0xfffffff3
       18775000	      1876	00000000	00000013	addi	x0,x0,0	  x0:0x00000000
       18785000	      1877	80000f94	00000013	addi	x0,x0,0	  x0:0x00000000
       18795000	      1878	80000f98	b7852893	slti	x17,x10,-1160	 x10:0x00000001 x17=0x00000000
       18805000	      1879	80000f9c	005e5a13	srli	x20,x28,0x5	 x28:0xfffffc08 x20=0x07ffffe0
       18815000	      1880	80000fa0	408888b3	sub	x17,x17,x8	 x17:0x00000000  x8:0x00000000 x17=0x00000000
       18825000	      1881	80000fa4	ffd10113	addi	x2,x2,-3	  x2:0xfffffff9  x2=0xfffffff6
       18835000	      1882	80000fa8	00676e33	or	x28,x14,x6	 x14:0xfffffff8  x6:0xfffffff5 x28=0xfffffffd
       18845000	      1883	80000fac	416d5433	sra	x8,x26,x22	 x26:0x00000000 x22:0x000000c3  x8=0x00000000
       18855000	      1884	80000fb0	00629033	sll	x0,x5,x6	  x5:0x00000002  x6:0xfffffff5
       18865000	      1885	80000fb4	0140ce33	xor	x28,x1,x20	  x1:0xfffff800 x20:0x07ffffe0 x28=0xf80007e0
       18875000	      1886	80000fb8	4036d2b3	sra	x5,x13,x3	 x13:0x00000005  x3:0x00000000  x5=0x00000005
       18885000	      1887	80000fbc	b31e7093	andi	x1,x28,-1231	 x28:0xf80007e0  x1=0xf8000320
       18895000	      1888	80000fc0	019aabb3	slt	x23,x21,x25	 x21:0x00000005 x25:0x00000000 x23=0x00000000
       18905000	      1889	80000fc4	78567eb7	lui	x29,0x78567	 x29=0x78567000
       18915000	      1890	80000fc8	01bbd1b3	srl	x3,x23,x27	 x23:0x00000000 x27:0x00000000  x3=0x00000000
       18925000	      1891	80000fcc	fcb156e3	bge	x2,x11,80000f98	  x2:0xfffffff6 x11:0xfffffff3
       18935000	      1892	00000000	00000013	addi	x0,x0,0	  x0:0x00000000
       18945000	      1893	80000f94	00000013	addi	x0,x0,0	  x0:0x00000000
       18955000	      1894	80000f98	b7852893	slti	x17,x10,-1160	 x10:0x00000001 x17=0x00000000
       18965000	      1895	80000f9c	005e5a13	srli	x20,x28,0x5	 x28:0xf80007e0 x20=0x07c0003f
       18975000	      1896	80000fa0	408888b3	sub	x17,x17,x8	 x17:0x00000000  x8:0x00000000 x17=0x00000000
       18985000	      1897	80000fa4	ffd10113	addi	x2,x2,-3	  x2:0xfffffff6  x2=0xfffffff3
       18995000	      1898	80000fa8	00676e33	or	x28,x14,x6	 x14:0xfffffff8  x6:0xfffffff5 x28=0xfffffffd
       19005000	      1899	80000fac	416d5433	sra	x8,x26,x22	 x26:0x00000000 x22:0x000000c3  x8=0x00000000
       19015000	      1900	80000fb0	00629033	sll	x0,x5,x6	  x5:0x00000005  x6:0xfffffff5
       19025000	      1901	80000fb4	0140ce33	xor	x28,x1,x20	  x1:0xf8000320 x20:0x07c0003f x28=0xffc0031f
       19035000	      1902	80000fb8	4036d2b3	sra	x5,x13,x3	 x13:0x00000005  x3:0x00000000  x5=0x00000005
       19045000	      1903	80000fbc	b31e7093	andi	x1,x28,-1231	 x28:0xffc0031f  x1=0xffc00311
       19055000	      1904	80000fc0	019aabb3	slt	x23,x21,x25	 x21:0x00000005 x25:0x00000000 x23=0x00000000
       19065000	      1905	80000fc4	78567eb7	lui	x29,0x78567	 x29=0x78567000
       19075000	      1906	80000fc8	01bbd1b3	srl	x3,x23,x27	 x23:0x00000000 x27:0x00000000  x3=0x00000000
       19085000	      1907	80000fcc	fcb156e3	bge	x2,x11,80000f98	  x2:0xfffffff3 x11:0xfffffff3
       19095000	      1908	00000000	00000013	addi	x0,x0,0	  x0:0x00000000
       19105000	      1909	80000f94	00000013	addi	x0,x0,0	  x0:0x00000000
       19115000	      1910	80000f98	b7852893	slti	x17,x10,-1160	 x10:0x00000001 x17=0x00000000
       19125000	      1911	80000f9c	005e5a13	srli	x20,x28,0x5	 x28:0xffc0031f x20=0x07fe0018
       19135000	      1912	80000fa0	408888b3	sub	x17,x17,x8	 x17:0x00000000  x8:0x00000000 x17=0x00000000
       19145000	      1913	80000fa4	ffd10113	addi	x2,x2,-3	  x2:0xfffffff3  x2=0xfffffff0
       19155000	      1914	80000fa8	00676e33	or	x28,x14,x6	 x14:0xfffffff8  x6:0xfffffff5 x28=0xfffffffd
       19165000	      1915	80000fac	416d5433	sra	x8,x26,x22	 x26:0x00000000 x22:0x000000c3  x8=0x00000000
       19175000	      1916	80000fb0	00629033	sll	x0,x5,x6	  x5:0x00000005  x6:0xfffffff5
       19185000	      1917	80000fb4	0140ce33	xor	x28,x1,x20	  x1:0xffc00311 x20:0x07fe0018 x28=0xf83e0309
       19195000	      1918	80000fb8	4036d2b3	sra	x5,x13,x3	 x13:0x00000005  x3:0x00000000  x5=0x00000005
       19205000	      1919	80000fbc	b31e7093	andi	x1,x28,-1231	 x28:0xf83e0309  x1=0xf83e0301
       19215000	      1920	80000fc0	019aabb3	slt	x23,x21,x25	 x21:0x00000005 x25:0x00000000 x23=0x00000000
       19225000	      1921	80000fc4	78567eb7	lui	x29,0x78567	 x29=0x78567000
       19235000	      1922	80000fc8	01bbd1b3	srl	x3,x23,x27	 x23:0x00000000 x27:0x00000000  x3=0x00000000
       19245000	      1923	80000fcc	fcb156e3	bge	x2,x11,80000f98	  x2:0xfffffff0 x11:0xfffffff3
       19255000	      1924	80000fd0	02d98b93	addi	x23,x19,45	 x19:0x00000000 x23=0x0000002d
       19265000	      1925	80000fd4	ff900a13	addi	x20,x0,-7	  x0:0x00000000 x20=0xfffffff9
       19275000	      1926	80000fd8	444e8193	addi	x3,x29,1092	 x29:0x78567000  x3=0x78567444
       19285000	      1927	80000fdc	779b0e13	addi	x28,x22,1913	 x22:0x000000c3 x28=0x0000083c
       19295000	      1928	80000fe0	dbc0be93	sltiu	x29,x1,-580	  x1:0xf83e0301 x29=0x00000001
       19305000	      1929	80000fe4	00000013	addi	x0,x0,0	  x0:0x00000000
       19315000	      1930	80000fe8	30bef493	andi	x9,x29,779	 x29:0x00000001  x9=0x00000001
       19325000	      1931	80000fec	5a588b37	lui	x22,0x5a588	 x22=0x5a588000
       19335000	      1932	80000ff0	00d00313	addi	x6,x0,13	  x0:0x00000000  x6=0x0000000d
       19345000	      1933	80000ff4	01ddfbb3	and	x23,x27,x29	 x27:0x00000000 x29:0x00000001 x23=0x00000000
       19355000	      1934	80000ff8	007c9293	slli	x5,x25,0x7	 x25:0x00000000  x5=0x00000000
       19365000	      1935	80000ffc	01bf8533	add	x10,x31,x27	 x31:0x00000000 x27:0x00000000 x10=0x00000000
       19375000	      1936	80001000	858ec613	xori	x12,x29,-1960	 x29:0x00000001 x12=0xfffff859
       19385000	      1937	80001004	40835cb3	sra	x25,x6,x8	  x6:0x0000000d  x8:0x00000000 x25=0x0000000d
       19395000	      1938	80001008	001e5813	srli	x16,x28,0x1	 x28:0x0000083c x16=0x0000041e
       19405000	      1939	8000100c	91f18393	addi	x7,x3,-1761	  x3:0x78567444  x7=0x78566d63
       19415000	      1940	80001010	85323d93	sltiu	x27,x4,-1965	  x4:0xf3ce2509 x27=0x00000001
       19425000	      1941	80001014	01c61e13	slli	x28,x12,0x1c	 x12:0xfffff859 x28=0x90000000
       19435000	      1942	80001018	9dc9a513	slti	x10,x19,-1572	 x19:0x00000000 x10=0x00000000
       19445000	      1943	8000101c	00b0d0b3	srl	x1,x1,x11	  x1:0xf83e0301 x11:0xfffffff3  x1=0x00001f07
       19455000	      1944	80001020	00000013	addi	x0,x0,0	  x0:0x00000000
       19465000	      1945	80001024	00c66433	or	x8,x12,x12	 x12:0xfffff859 x12:0xfffff859  x8=0xfffff859
       19475000	      1946	80001028	01817e33	and	x28,x2,x24	  x2:0xfffffff0 x24:0x0000000d x28=0x00000000
       19485000	      1947	8000102c	92dbe793	ori	x15,x23,-1747	 x23:0x00000000 x15=0xfffff92d
       19495000	      1948	80001030	0162dd33	srl	x26,x5,x22	  x5:0x00000000 x22:0x5a588000 x26=0x00000000
       19505000	      1949	80001034	00aa0a13	addi	x20,x20,10	 x20:0xfffffff9 x20=0x00000003
       19515000	      1950	80001038	dced5f97	auipc	x31,0xdced5	 x31=0x5ced6034
       19525000	      1951	8000103c	41385b93	srai	x23,x16,0x13	 x16:0x0000041e x23=0x00000000
       19535000	      1952	80001040	009545b3	xor	x11,x10,x9	 x10:0x00000000  x9:0x00000001 x11=0x00000001
       19545000	      1953	80001044	fe6a12e3	bne	x20,x6,80001028	 x20:0x00000003  x6:0x0000000d
       19555000	      1954	00000000	00000013	addi	x0,x0,0	  x0:0x00000000
       19565000	      1955	80001024	00000013	addi	x0,x0,0	  x0:0x00000000
       19575000	      1956	80001028	01817e33	and	x28,x2,x24	  x2:0xfffffff0 x24:0x0000000d x28=0x00000000
       19585000	      1957	8000102c	92dbe793	ori	x15,x23,-1747	 x23:0x00000000 x15=0xfffff92d
       19595000	      1958	80001030	0162dd33	srl	x26,x5,x22	  x5:0x00000000 x22:0x5a588000 x26=0x00000000
       19605000	      1959	80001034	00aa0a13	addi	x20,x20,10	 x20:0x00000003 x20=0x0000000d
       19615000	      1960	80001038	dced5f97	auipc	x31,0xdced5	 x31=0x5ced6034
       19625000	      1961	8000103c	41385b93	srai	x23,x16,0x13	 x16:0x0000041e x23=0x00000000
       19635000	      1962	80001040	009545b3	xor	x11,x10,x9	 x10:0x00000000  x9:0x00000001 x11=0x00000001
       19645000	      1963	80001044	fe6a12e3	bne	x20,x6,80001028	 x20:0x0000000d  x6:0x0000000d
       19655000	      1964	80001048	2e1ded13	ori	x26,x27,737	 x27:0x00000001 x26=0x000002e1
       19665000	      1965	8000104c	ff900b93	addi	x23,x0,-7	  x0:0x00000000 x23=0xfffffff9
       19675000	      1966	80001050	00a43c33	sltu	x24,x8,x10	  x8:0xfffff859 x10:0x00000000 x24=0x00000000
       19685000	      1967	80001054	93fee193	ori	x3,x29,-1729	 x29:0x00000001  x3=0xfffff93f
       19695000	      1968	80001058	00d00a93	addi	x21,x0,13	  x0:0x00000000 x21=0x0000000d
       19705000	      1969	8000105c	41b887b3	sub	x15,x17,x27	 x17:0x00000000 x27:0x00000001 x15=0xffffffff
       19715000	      1970	80001060	01f99f93	slli	x31,x19,0x1f	 x19:0x00000000 x31=0x00000000
       19725000	      1971	80001064	74f28eb7	lui	x29,0x74f28	 x29=0x74f28000
       19735000	      1972	80001068	bb0c2f93	slti	x31,x24,-1104	 x24:0x00000000 x31=0x00000000
       19745000	      1973	8000106c	00a4c433	xor	x8,x9,x10	  x9:0x00000001 x10:0x00000000  x8=0x00000001
       19755000	      1974	80001070	00ab8b93	addi	x23,x23,10	 x23:0xfffffff9 x23=0x00000003
       19765000	      1975	80001074	64900193	addi	x3,x0,1609	  x0:0x00000000  x3=0x00000649
       19775000	      1976	80001078	01d38d33	add	x26,x7,x29	  x7:0x78566d63 x29:0x74f28000 x26=0xed48ed63
       19785000	      1977	8000107c	ff900093	addi	x1,x0,-7	  x0:0x00000000  x1=0xfffffff9
       19795000	      1978	80001080	0184a733	slt	x14,x9,x24	  x9:0x00000001 x24:0x00000000 x14=0x00000000
       19805000	      1979	80001084	017811b3	sll	x3,x16,x23	 x16:0x0000041e x23:0x00000003  x3=0x000020f0
       19815000	      1980	80001088	bbaa0813	addi	x16,x20,-1094	 x20:0x0000000d x16=0xfffffbc7
       19825000	      1981	8000108c	3d650137	lui	x2,0x3d650	  x2=0x3d650000
       19835000	      1982	80001090	40c60733	sub	x14,x12,x12	 x12:0xfffff859 x12:0xfffff859 x14=0x00000000
       19845000	      1983	80001094	00600d93	addi	x27,x0,6	  x0:0x00000000 x27=0x00000006
       19855000	      1984	80001098	adeefe13	andi	x28,x29,-1314	 x29:0x74f28000 x28=0x74f28000
       19865000	      1985	8000109c	00a08093	addi	x1,x1,10	  x1:0xfffffff9  x1=0x00000003
       19875000	      1986	800010a0	ffb0ece3	bltu	x1,x27,80001098	  x1:0x00000003 x27:0x00000006
       19885000	      1987	00000000	00000013	addi	x0,x0,0	  x0:0x00000000
       19895000	      1988	80001094	00000013	addi	x0,x0,0	  x0:0x00000000
       19905000	      1989	80001098	adeefe13	andi	x28,x29,-1314	 x29:0x74f28000 x28=0x74f28000
       19915000	      1990	8000109c	00a08093	addi	x1,x1,10	  x1:0x00000003  x1=0x0000000d
       19925000	      1991	800010a0	ffb0ece3	bltu	x1,x27,80001098	  x1:0x0000000d x27:0x00000006
       19935000	      1992	800010a4	41f55a13	srai	x20,x10,0x1f	 x10:0x00000000 x20=0x00000000
       19945000	      1993	800010a8	003765b3	or	x11,x14,x3	 x14:0x00000000  x3:0x000020f0 x11=0x000020f0
       19955000	      1994	800010ac	01136633	or	x12,x6,x17	  x6:0x0000000d x17:0x00000000 x12=0x0000000d
       19965000	      1995	800010b0	78f47e93	andi	x29,x8,1935	  x8:0x00000001 x29=0x00000001
       19975000	      1996	800010b4	fb5b8ae3	beq	x23,x21,80001068	 x23:0x00000003 x21:0x0000000d
       19985000	      1997	800010b8	40ca5c33	sra	x24,x20,x12	 x20:0x00000000 x12:0x0000000d x24=0x00000000
       19995000	      1998	800010bc	ffd00793	addi	x15,x0,-3	  x0:0x00000000 x15=0xfffffffd
       20005000	      1999	800010c0	003f8bb3	add	x23,x31,x3	 x31:0x00000000  x3:0x000020f0 x23=0x000020f0
       20015000	      2000	800010c4	01c88333	add	x6,x17,x28	 x17:0x00000000 x28:0x74f28000  x6=0x74f28000
       20025000	      2001	800010c8	ffd00e93	addi	x29,x0,-3	  x0:0x00000000 x29=0xfffffffd
       20035000	      2002	800010cc	42b58b13	addi	x22,x11,1067	 x11:0x000020f0 x22=0x0000251b
       20045000	      2003	800010d0	012745b3	xor	x11,x14,x18	 x14:0x00000000 x18:0x80009fc4 x11=0x80009fc4
       20055000	      2004	800010d4	00b67bb3	and	x23,x12,x11	 x12:0x0000000d x11:0x80009fc4 x23=0x00000004
       20065000	      2005	800010d8	fd4e0a93	addi	x21,x28,-44	 x28:0x74f28000 x21=0x74f27fd4
       20075000	      2006	800010dc	01ced1b3	srl	x3,x29,x28	 x29:0xfffffffd x28:0x74f28000  x3=0xfffffffd
       20085000	      2007	800010e0	003d1093	slli	x1,x26,0x3	 x26:0xed48ed63  x1=0x6a476b18
       20095000	      2008	800010e4	0185f333	and	x6,x11,x24	 x11:0x80009fc4 x24:0x00000000  x6=0x00000000
       20105000	      2009	800010e8	01631d33	sll	x26,x6,x22	  x6:0x00000000 x22:0x0000251b x26=0x00000000
       20115000	      2010	800010ec	01885d93	srli	x27,x16,0x18	 x16:0xfffffbc7 x27=0x000000ff
       20125000	      2011	800010f0	40648cb3	sub	x25,x9,x6	  x9:0x00000001  x6:0x00000000 x25=0x00000001
       20135000	      2012	800010f4	40c8dc13	srai	x24,x17,0xc	 x17:0x00000000 x24=0x00000000
       20145000	      2013	800010f8	0161c833	xor	x16,x3,x22	  x3:0xfffffffd x22:0x0000251b x16=0xffffdae6
       20155000	      2014	800010fc	00ff72b3	and	x5,x30,x15	 x30:0x80009f78 x15:0xfffffffd  x5=0x80009f78
       20165000	      2015	80001100	ffb78793	addi	x15,x15,-5	 x15:0xfffffffd x15=0xfffffff8
       20175000	      2016	80001104	004f8cb3	add	x25,x31,x4	 x31:0x00000000  x4:0xf3ce2509 x25=0xf3ce2509
       20185000	      2017	80001108	40a5d893	srai	x17,x11,0xa	 x11:0x80009fc4 x17=0xffe00027
       20195000	      2018	8000110c	010593b3	sll	x7,x11,x16	 x11:0x80009fc4 x16:0xffffdae6  x7=0x0027f100
       20205000	      2019	80001110	57a0dc97	auipc	x25,0x57a0d	 x25=0xd7a0e10c
       20215000	      2020	80001114	00f43133	sltu	x2,x8,x15	  x8:0x00000001 x15:0xfffffff8  x2=0x00000001
       20225000	      2021	80001118	40dbdb93	srai	x23,x23,0xd	 x23:0x00000004 x23=0x00000000
       20235000	      2022	8000111c	fdd7d4e3	bge	x15,x29,800010e4	 x15:0xfffffff8 x29:0xfffffffd
       20245000	      2023	80001120	0150b1b3	sltu	x3,x1,x21	  x1:0x6a476b18 x21:0x74f27fd4  x3=0x00000001
       20255000	      2024	80001124	00700813	addi	x16,x0,7	  x0:0x00000000 x16=0x00000007
       20265000	      2025	80001128	883e0013	addi	x0,x28,-1917	 x28:0x74f28000
       20275000	      2026	8000112c	01efd1b3	srl	x3,x31,x30	 x31:0x00000000 x30:0x80009f78  x3=0x00000000
       20285000	      2027	80001130	41945eb3	sra	x29,x8,x25	  x8:0x00000001 x25:0xd7a0e10c x29=0x00000000
       20295000	      2028	80001134	00755333	srl	x6,x10,x7	 x10:0x00000000  x7:0x0027f100  x6=0x00000000
       20305000	      2029	80001138	418f5193	srai	x3,x30,0x18	 x30:0x80009f78  x3=0xffffff80
       20315000	      2030	8000113c	00b00613	addi	x12,x0,11	  x0:0x00000000 x12=0x0000000b
       20325000	      2031	80001140	f7209537	lui	x10,0xf7209	 x10=0xf7209000
       20335000	      2032	80001144	00120433	add	x8,x4,x1	  x4:0xf3ce2509  x1:0x6a476b18  x8=0x5e159021
       20345000	      2033	80001148	00c53733	sltu	x14,x10,x12	 x10:0xf7209000 x12:0x0000000b x14=0x00000000
       20355000	      2034	8000114c	49287e93	andi	x29,x16,1170	 x16:0x00000007 x29=0x00000002
       20365000	      2035	80001150	71240693	addi	x13,x8,1810	  x8:0x5e159021 x13=0x5e159733
       20375000	      2036	80001154	00480813	addi	x16,x16,4	 x16:0x00000007 x16=0x0000000b
       20385000	      2037	80001158	014d28b3	slt	x17,x26,x20	 x26:0x00000000 x20:0x00000000 x17=0x00000000
       20395000	      2038	8000115c	fec816e3	bne	x16,x12,80001148	 x16:0x0000000b x12:0x0000000b
       20405000	      2039	80001160	2283fc37	lui	x24,0x2283f	 x24=0x2283f000
       20415000	      2040	80001164	ffe00c13	addi	x24,x0,-2	  x0:0x00000000 x24=0xfffffffe
       20425000	      2041	80001168	00400113	addi	x2,x0,4	  x0:0x00000000  x2=0x00000004
       20435000	      2042	8000116c	266c3e93	sltiu	x29,x24,614	 x24:0xfffffffe x29=0x00000000
       20445000	      2043	80001170	01c50fb3	add	x31,x10,x28	 x10:0xf7209000 x28:0x74f28000 x31=0x6c131000
       20455000	      2044	80001174	00ac0c13	addi	x24,x24,10	 x24:0xfffffffe x24=0x00000008
       20465000	      2045	80001178	fe2c6ce3	bltu	x24,x2,80001170	 x24:0x00000008  x2:0x00000004
       20475000	      2046	8000117c	7b6f0837	lui	x16,0x7b6f0	 x16=0x7b6f0000
       20485000	      2047	80001180	00500d93	addi	x27,x0,5	  x0:0x00000000 x27=0x00000005
       20495000	      2048	80001184	a17f7e13	andi	x28,x30,-1513	 x30:0x80009f78 x28=0x80009a10
       20505000	      2049	80001188	01890d33	add	x26,x18,x24	 x18:0x80009fc4 x24:0x00000008 x26=0x80009fcc
       20515000	      2050	8000118c	40d8dfb3	sra	x31,x17,x13	 x17:0x00000000 x13:0x5e159733 x31=0x00000000
       20525000	      2051	80001190	006b27b3	slt	x15,x22,x6	 x22:0x0000251b  x6:0x00000000 x15=0x00000000
       20535000	      2052	80001194	00c63633	sltu	x12,x12,x12	 x12:0x0000000b x12:0x0000000b x12=0x00000000
       20545000	      2053	80001198	00d00893	addi	x17,x0,13	  x0:0x00000000 x17=0x0000000d
       20555000	      2054	8000119c	63eee337	lui	x6,0x63eee	  x6=0x63eee000
       20565000	      2055	800011a0	01f8b533	sltu	x10,x17,x31	 x17:0x0000000d x31:0x00000000 x10=0x00000000
       20575000	      2056	800011a4	004a64b3	or	x9,x20,x4	 x20:0x00000000  x4:0xf3ce2509  x9=0xf3ce2509
       20585000	      2057	800011a8	005d8d93	addi	x27,x27,5	 x27:0x00000005 x27=0x0000000a
       20595000	      2058	800011ac	41bbd313	srai	x6,x23,0x1b	 x23:0x00000000  x6=0x00000000
       20605000	      2059	800011b0	408fd6b3	sra	x13,x31,x8	 x31:0x00000000  x8:0x5e159021 x13=0x00000000
       20615000	      2060	800011b4	ff1dc6e3	blt	x27,x17,800011a0	 x27:0x0000000a x17:0x0000000d
       20625000	      2061	00000000	00000013	addi	x0,x0,0	  x0:0x00000000
       20635000	      2062	8000119c	00000013	addi	x0,x0,0	  x0:0x00000000
       20645000	      2063	800011a0	01f8b533	sltu	x10,x17,x31	 x17:0x0000000d x31:0x00000000 x10=0x00000000
       20655000	      2064	800011a4	004a64b3	or	x9,x20,x4	 x20:0x00000000  x4:0xf3ce2509  x9=0xf3ce2509
       20665000	      2065	800011a8	005d8d93	addi	x27,x27,5	 x27:0x0000000a x27=0x0000000f
       20675000	      2066	800011ac	41bbd313	srai	x6,x23,0x1b	 x23:0x00000000  x6=0x00000000
       20685000	      2067	800011b0	408fd6b3	sra	x13,x31,x8	 x31:0x00000000  x8:0x5e159021 x13=0x00000000
       20695000	      2068	800011b4	ff1dc6e3	blt	x27,x17,800011a0	 x27:0x0000000f x17:0x0000000d
       20705000	      2069	800011b8	00062433	slt	x8,x12,x0	 x12:0x00000000  x0:0x00000000  x8=0x00000000
       20715000	      2070	800011bc	ffc00093	addi	x1,x0,-4	  x0:0x00000000  x1=0xfffffffc
       20725000	      2071	800011c0	00100613	addi	x12,x0,1	  x0:0x00000000 x12=0x00000001
       20735000	      2072	800011c4	01d13db3	sltu	x27,x2,x29	  x2:0x00000004 x29:0x00000000 x27=0x00000000
       20745000	      2073	800011c8	00208093	addi	x1,x1,2	  x1:0xfffffffc  x1=0xfffffffe
       20755000	      2074	800011cc	01c76eb3	or	x29,x14,x28	 x14:0x00000000 x28:0x80009a10 x29=0x80009a10
       20765000	      2075	800011d0	00600193	addi	x3,x0,6	  x0:0x00000000  x3=0x00000006
       20775000	      2076	800011d4	00600d13	addi	x26,x0,6	  x0:0x00000000 x26=0x00000006
       20785000	      2077	800011d8	b5857c13	andi	x24,x10,-1192	 x10:0x00000000 x24=0x00000000
       20795000	      2078	800011dc	3545fb93	andi	x23,x11,852	 x11:0x80009fc4 x23=0x00000344
       20805000	      2079	800011e0	ffb18193	addi	x3,x3,-5	  x3:0x00000006  x3=0x00000001
       20815000	      2080	800011e4	ffa1fce3	bgeu	x3,x26,800011dc	  x3:0x00000001 x26:0x00000006
       20825000	      2081	800011e8	fcc0cee3	blt	x1,x12,800011c4	  x1:0xfffffffe x12:0x00000001
       20835000	      2082	00000000	00000013	addi	x0,x0,0	  x0:0x00000000
       20845000	      2083	800011c0	00000013	addi	x0,x0,0	  x0:0x00000000
       20855000	      2084	800011c4	01d13db3	sltu	x27,x2,x29	  x2:0x00000004 x29:0x80009a10 x27=0x00000001
       20865000	      2085	800011c8	00208093	addi	x1,x1,2	  x1:0xfffffffe  x1=0x00000000
       20875000	      2086	800011cc	01c76eb3	or	x29,x14,x28	 x14:0x00000000 x28:0x80009a10 x29=0x80009a10
       20885000	      2087	800011d0	00600193	addi	x3,x0,6	  x0:0x00000000  x3=0x00000006
       20895000	      2088	800011d4	00600d13	addi	x26,x0,6	  x0:0x00000000 x26=0x00000006
       20905000	      2089	800011d8	b5857c13	andi	x24,x10,-1192	 x10:0x00000000 x24=0x00000000
       20915000	      2090	800011dc	3545fb93	andi	x23,x11,852	 x11:0x80009fc4 x23=0x00000344
       20925000	      2091	800011e0	ffb18193	addi	x3,x3,-5	  x3:0x00000006  x3=0x00000001
       20935000	      2092	800011e4	ffa1fce3	bgeu	x3,x26,800011dc	  x3:0x00000001 x26:0x00000006
       20945000	      2093	800011e8	fcc0cee3	blt	x1,x12,800011c4	  x1:0x00000000 x12:0x00000001
       20955000	      2094	00000000	00000013	addi	x0,x0,0	  x0:0x00000000
       20965000	      2095	800011c0	00000013	addi	x0,x0,0	  x0:0x00000000
       20975000	      2096	800011c4	01d13db3	sltu	x27,x2,x29	  x2:0x00000004 x29:0x80009a10 x27=0x00000001
       20985000	      2097	800011c8	00208093	addi	x1,x1,2	  x1:0x00000000  x1=0x00000002
       20995000	      2098	800011cc	01c76eb3	or	x29,x14,x28	 x14:0x00000000 x28:0x80009a10 x29=0x80009a10
       21005000	      2099	800011d0	00600193	addi	x3,x0,6	  x0:0x00000000  x3=0x00000006
       21015000	      2100	800011d4	00600d13	addi	x26,x0,6	  x0:0x00000000 x26=0x00000006
       21025000	      2101	800011d8	b5857c13	andi	x24,x10,-1192	 x10:0x00000000 x24=0x00000000
       21035000	      2102	800011dc	3545fb93	andi	x23,x11,852	 x11:0x80009fc4 x23=0x00000344
       21045000	      2103	800011e0	ffb18193	addi	x3,x3,-5	  x3:0x00000006  x3=0x00000001
       21055000	      2104	800011e4	ffa1fce3	bgeu	x3,x26,800011dc	  x3:0x00000001 x26:0x00000006
       21065000	      2105	800011e8	fcc0cee3	blt	x1,x12,800011c4	  x1:0x00000002 x12:0x00000001
       21075000	      2106	800011ec	014e6733	or	x14,x28,x20	 x28:0x80009a10 x20:0x00000000 x14=0x80009a10
       21085000	      2107	800011f0	013a1493	slli	x9,x20,0x13	 x20:0x00000000  x9=0x00000000
       21095000	      2108	800011f4	00a5c8b3	xor	x17,x11,x10	 x11:0x80009fc4 x10:0x00000000 x17=0x80009fc4
       21105000	      2109	800011f8	00dabfb3	sltu	x31,x21,x13	 x21:0x74f27fd4 x13:0x00000000 x31=0x00000000
       21115000	      2110	800011fc	018bd013	srli	x0,x23,0x18	 x23:0x00000344
       21125000	      2111	80001200	010b0cb3	add	x25,x22,x16	 x22:0x0000251b x16:0x7b6f0000 x25=0x7b6f251b
       21135000	      2112	80001204	5e687613	andi	x12,x16,1510	 x16:0x7b6f0000 x12=0x00000000
       21145000	      2113	80001208	abcd6693	ori	x13,x26,-1348	 x26:0x00000006 x13=0xfffffabe
       21155000	      2114	8000120c	00585013	srli	x0,x16,0x5	 x16:0x7b6f0000
       21165000	      2115	80001210	01bc1833	sll	x16,x24,x27	 x24:0x00000000 x27:0x00000001 x16=0x00000000
       21175000	      2116	80001214	d2926f93	ori	x31,x4,-727	  x4:0xf3ce2509 x31=0xfffffd29
       21185000	      2117	80001218	00000013	addi	x0,x0,0	  x0:0x00000000
       21195000	      2118	8000121c	836965b7	lui	x11,0x83696	 x11=0x83696000
       21205000	      2119	80001220	4084dbb3	sra	x23,x9,x8	  x9:0x00000000  x8:0x00000000 x23=0x00000000
       21215000	      2120	80001224	0145c9b3	xor	x19,x11,x20	 x11:0x83696000 x20:0x00000000 x19=0x83696000
       21225000	      2121	80001228	40338433	sub	x8,x7,x3	  x7:0x0027f100  x3:0x00000001  x8=0x0027f0ff
       21235000	      2122	8000122c	01c64c63	blt	x12,x28,80001244	 x12:0x00000000 x28:0x80009a10
       21245000	      2123	80001230	010ff433	and	x8,x31,x16	 x31:0xfffffd29 x16:0x00000000  x8=0x00000000
       21255000	      2124	80001234	00d34e33	xor	x28,x6,x13	  x6:0x00000000 x13:0xfffffabe x28=0xfffffabe
       21265000	      2125	80001238	01970a63	beq	x14,x25,8000124c	 x14:0x80009a10 x25:0x7b6f251b
       21275000	      2126	8000123c	00ed7633	and	x12,x26,x14	 x26:0x00000006 x14:0x80009a10 x12=0x00000000
       21285000	      2127	80001240	00ada4b3	slt	x9,x27,x10	 x27:0x00000001 x10:0x00000000  x9=0x00000000
       21295000	      2128	80001244	00d61613	slli	x12,x12,0xd	 x12:0x00000000 x12=0x00000000
       21305000	      2129	80001248	002170b3	and	x1,x2,x2	  x2:0x00000004  x2:0x00000004  x1=0x00000004
       21315000	      2130	8000124c	00bf8e33	add	x28,x31,x11	 x31:0xfffffd29 x11:0x83696000 x28=0x83695d29
       21325000	      2131	80001250	4f2a7413	andi	x8,x20,1266	 x20:0x00000000  x8=0x00000000
       21335000	      2132	80001254	40145833	sra	x16,x8,x1	  x8:0x00000000  x1:0x00000004 x16=0x00000000
       21345000	      2133	80001258	01b1e263	bltu	x3,x27,8000125c	  x3:0x00000001 x27:0x00000001
       21355000	      2134	8000125c	030f4a63	blt	x30,x16,80001290	 x30:0x80009f78 x16:0x00000000
       21365000	      2135	00000000	00000013	addi	x0,x0,0	  x0:0x00000000
       21375000	      2136	8000128c	00000013	addi	x0,x0,0	  x0:0x00000000
       21385000	      2137	80001290	019ede33	srl	x28,x29,x25	 x29:0x80009a10 x25:0x7b6f251b x28=0x00000010
       21395000	      2138	80001294	87eaddb7	lui	x27,0x87ead	 x27=0x87ead000
       21405000	      2139	80001298	b357fd93	andi	x27,x15,-1227	 x15:0x00000000 x27=0x00000000
       21415000	      2140	8000129c	00000013	addi	x0,x0,0	  x0:0x00000000
       21425000	      2141	800012a0	41a9d793	srai	x15,x19,0x1a	 x19:0x83696000 x15=0xffffffe0
       21435000	      2142	800012a4	000140b7	lui	x1,0x14	  x1=0x00014000
       21445000	      2143	800012a8	5a753197	auipc	x3,0x5a753	  x3=0xda7542a4
       21455000	      2144	800012ac	05aa4063	blt	x20,x26,800012ec	 x20:0x00000000 x26:0x00000006
       21465000	      2145	00000000	00000013	addi	x0,x0,0	  x0:0x00000000
       21475000	      2146	800012e8	00000013	addi	x0,x0,0	  x0:0x00000000
       21485000	      2147	800012ec	84aef397	auipc	x7,0x84aef	  x7=0x04af02e8
       21495000	      2148	800012f0	0dc48593	addi	x11,x9,220	  x9:0x00000000 x11=0x000000dc
       21505000	      2149	800012f4	40d90bb3	sub	x23,x18,x13	 x18:0x80009fc4 x13:0xfffffabe x23=0x8000a506
       21515000	      2150	800012f8	4195d4b3	sra	x9,x11,x25	 x11:0x000000dc x25:0x7b6f251b  x9=0x00000000
       21525000	      2151	800012fc	05891663	bne	x18,x24,80001348	 x18:0x80009fc4 x24:0x00000000
       21535000	      2152	00000000	00000013	addi	x0,x0,0	  x0:0x00000000
       21545000	      2153	80001344	00000013	addi	x0,x0,0	  x0:0x00000000
       21555000	      2154	80001348	01ce6b33	or	x22,x28,x28	 x28:0x00000010 x28:0x00000010 x22=0x00000010
       21565000	      2155	8000134c	03610663	beq	x2,x22,80001378	  x2:0x00000004 x22:0x00000010
       21575000	      2156	80001350	40a7d3b3	sra	x7,x15,x10	 x15:0xffffffe0 x10:0x00000000  x7=0xffffffe0
       21585000	      2157	80001354	04b87263	bgeu	x16,x11,80001398	 x16:0x00000000 x11:0x000000dc
       21595000	      2158	80001358	60737893	andi	x17,x6,1543	  x6:0x00000000 x17=0x00000000
       21605000	      2159	8000135c	01edfa33	and	x20,x27,x30	 x27:0x00000000 x30:0x80009f78 x20=0x00000000
       21615000	      2160	80001360	7ec94a13	xori	x20,x18,2028	 x18:0x80009fc4 x20=0x80009828
       21625000	      2161	80001364	02605e63	bge	x0,x6,800013a0	  x0:0x00000000  x6:0x00000000
       21635000	      2162	00000000	00000013	addi	x0,x0,0	  x0:0x00000000
       21645000	      2163	8000139c	00000013	addi	x0,x0,0	  x0:0x00000000
       21655000	      2164	800013a0	03565063	bge	x12,x21,800013c0	 x12:0x00000000 x21:0x74f27fd4
       21665000	      2165	800013a4	019d8cb3	add	x25,x27,x25	 x27:0x00000000 x25:0x7b6f251b x25=0x7b6f251b
       21675000	      2166	800013a8	00000013	addi	x0,x0,0	  x0:0x00000000
       21685000	      2167	800013ac	40980d33	sub	x26,x16,x9	 x16:0x00000000  x9:0x00000000 x26=0x00000000
       21695000	      2168	800013b0	01adac33	slt	x24,x27,x26	 x27:0x00000000 x26:0x00000000 x24=0x00000000
       21705000	      2169	800013b4	ec5df813	andi	x16,x27,-315	 x27:0x00000000 x16=0x00000000
       21715000	      2170	800013b8	dba7e597	auipc	x11,0xdba7e	 x11=0x5ba7f3b4
       21725000	      2171	800013bc	00459a93	slli	x21,x11,0x4	 x11:0x5ba7f3b4 x21=0xba7f3b40
       21735000	      2172	800013c0	415bdf93	srai	x31,x23,0x15	 x23:0x8000a506 x31=0xfffffc00
       21745000	      2173	800013c4	6e8f8493	addi	x9,x31,1768	 x31:0xfffffc00  x9=0x000002e8
       21755000	      2174	800013c8	d7190093	addi	x1,x18,-655	 x18:0x80009fc4  x1=0x80009d35
       21765000	      2175	800013cc	7f081c17	auipc	x24,0x7f081	 x24=0xff0823c8
       21775000	      2176	800013d0	f10d3b97	auipc	x23,0xf10d3	 x23=0x710d43cc
       21785000	      2177	800013d4	4fbf3137	lui	x2,0x4fbf3	  x2=0x4fbf3000
       21795000	      2178	800013d8	03bc7c63	bgeu	x24,x27,80001410	 x24:0xff0823c8 x27:0x00000000
       21805000	      2179	00000000	00000013	addi	x0,x0,0	  x0:0x00000000
       21815000	      2180	8000140c	00000013	addi	x0,x0,0	  x0:0x00000000
       21825000	      2181	80001410	01dcd513	srli	x10,x25,0x1d	 x25:0x7b6f251b x10=0x00000003
       21835000	      2182	80001414	001c50b3	srl	x1,x24,x1	 x24:0xff0823c8  x1:0x80009d35  x1=0x000007f8
       21845000	      2183	80001418	401ed793	srai	x15,x29,0x1	 x29:0x80009a10 x15=0xc0004d08
       21855000	      2184	8000141c	05bbc063	blt	x23,x27,8000145c	 x23:0x710d43cc x27:0x00000000
       21865000	      2185	80001420	00000013	addi	x0,x0,0	  x0:0x00000000
       21875000	      2186	80001424	01b29993	slli	x19,x5,0x1b	  x5:0x80009f78 x19=0xc0000000
       21885000	      2187	80001428	408588b3	sub	x17,x11,x8	 x11:0x5ba7f3b4  x8:0x00000000 x17=0x5ba7f3b4
       21895000	      2188	8000142c	41808633	sub	x12,x1,x24	  x1:0x000007f8 x24:0xff0823c8 x12=0x00f7e430
       21905000	      2189	80001430	f361ab13	slti	x22,x3,-202	  x3:0xda7542a4 x22=0x00000001
       21915000	      2190	80001434	0184f333	and	x6,x9,x24	  x9:0x000002e8 x24:0xff0823c8  x6=0x000002c8
       21925000	      2191	80001438	05e8c463	blt	x17,x30,80001480	 x17:0x5ba7f3b4 x30:0x80009f78
       21935000	      2192	8000143c	035a5063	bge	x20,x21,8000145c	 x20:0x80009828 x21:0xba7f3b40
       21945000	      2193	80001440	9452e293	ori	x5,x5,-1723	  x5:0x80009f78  x5=0xffffff7d
       21955000	      2194	80001444	01a06433	or	x8,x0,x26	  x0:0x00000000 x26:0x00000000  x8=0x00000000
       21965000	      2195	80001448	41b68c33	sub	x24,x13,x27	 x13:0xfffffabe x27:0x00000000 x24=0xfffffabe
       21975000	      2196	8000144c	033f0063	beq	x30,x19,8000146c	 x30:0x80009f78 x19:0xc0000000
       21985000	      2197	80001450	03abf663	bgeu	x23,x26,8000147c	 x23:0x710d43cc x26:0x00000000
       21995000	      2198	00000000	00000013	addi	x0,x0,0	  x0:0x00000000
       22005000	      2199	80001478	00000013	addi	x0,x0,0	  x0:0x00000000
       22015000	      2200	8000147c	00000013	addi	x0,x0,0	  x0:0x00000000
       22025000	      2201	80001480	41f8d993	srai	x19,x17,0x1f	 x17:0x5ba7f3b4 x19=0x00000000
       22035000	      2202	80001484	04736463	bltu	x6,x7,800014cc	  x6:0x000002c8  x7:0xffffffe0
       22045000	      2203	00000000	00000013	addi	x0,x0,0	  x0:0x00000000
       22055000	      2204	800014c8	00000013	addi	x0,x0,0	  x0:0x00000000
       22065000	      2205	800014cc	0113d333	srl	x6,x7,x17	  x7:0xffffffe0 x17:0x5ba7f3b4  x6=0x00000fff
       22075000	      2206	800014d0	01fc20b3	slt	x1,x24,x31	 x24:0xfffffabe x31:0xfffffc00  x1=0x00000001
       22085000	      2207	800014d4	01219613	slli	x12,x3,0x12	  x3:0xda7542a4 x12=0x0a900000
       22095000	      2208	800014d8	0588f263	bgeu	x17,x24,8000151c	 x17:0x5ba7f3b4 x24:0xfffffabe
       22105000	      2209	800014dc	0171a0b3	slt	x1,x3,x23	  x3:0xda7542a4 x23:0x710d43cc  x1=0x00000001
       22115000	      2210	800014e0	0124c863	blt	x9,x18,800014f0	  x9:0x000002e8 x18:0x80009fc4
       22125000	      2211	800014e4	02780c63	beq	x16,x7,8000151c	 x16:0x00000000  x7:0xffffffe0
       22135000	      2212	800014e8	00000013	addi	x0,x0,0	  x0:0x00000000
       22145000	      2213	800014ec	056b7063	bgeu	x22,x22,8000152c	 x22:0x00000001 x22:0x00000001
       22155000	      2214	00000000	00000013	addi	x0,x0,0	  x0:0x00000000
       22165000	      2215	80001528	00000013	addi	x0,x0,0	  x0:0x00000000
       22175000	      2216	8000152c	004ace63	blt	x21,x4,80001548	 x21:0xba7f3b40  x4:0xf3ce2509
       22185000	      2217	00000000	00000013	addi	x0,x0,0	  x0:0x00000000
       22195000	      2218	80001544	00000013	addi	x0,x0,0	  x0:0x00000000
       22205000	      2219	80001548	beb52813	slti	x16,x10,-1045	 x10:0x00000003 x16=0x00000000
       22215000	      2220	8000154c	00a0de33	srl	x28,x1,x10	  x1:0x00000001 x10:0x00000003 x28=0x00000000
       22225000	      2221	80001550	012cbe33	sltu	x28,x25,x18	 x25:0x7b6f251b x18:0x80009fc4 x28=0x00000001
       22235000	      2222	80001554	d515a313	slti	x6,x11,-687	 x11:0x5ba7f3b4  x6=0x00000000
       22245000	      2223	80001558	057f1663	bne	x30,x23,800015a4	 x30:0x80009f78 x23:0x710d43cc
       22255000	      2224	00000000	00000013	addi	x0,x0,0	  x0:0x00000000
       22265000	      2225	800015a0	00000013	addi	x0,x0,0	  x0:0x00000000
       22275000	      2226	800015a4	2c86b693	sltiu	x13,x13,712	 x13:0xfffffabe x13=0x00000000
       22285000	      2227	800015a8	01eea5b3	slt	x11,x29,x30	 x29:0x80009a10 x30:0x80009f78 x11=0x00000001
       22295000	      2228	800015ac	894ae693	ori	x13,x21,-1900	 x21:0xba7f3b40 x13=0xfffffbd4
       22305000	      2229	800015b0	4c5f7d37	lui	x26,0x4c5f7	 x26=0x4c5f7000
       22315000	      2230	800015b4	00f74c33	xor	x24,x14,x15	 x14:0x80009a10 x15:0xc0004d08 x24=0x4000d718
       22325000	      2231	800015b8	007d48b3	xor	x17,x26,x7	 x26:0x4c5f7000  x7:0xffffffe0 x17=0xb3a08fe0
       22335000	      2232	800015bc	01b656b3	srl	x13,x12,x27	 x12:0x0a900000 x27:0x00000000 x13=0x0a900000
       22345000	      2233	800015c0	00000013	addi	x0,x0,0	  x0:0x00000000
       22355000	      2234	800015c4	4d48ca37	lui	x20,0x4d48c	 x20=0x4d48c000
       22365000	      2235	800015c8	001180b3	add	x1,x3,x1	  x3:0xda7542a4  x1:0x00000001  x1=0xda7542a5
       22375000	      2236	800015cc	9be2bab7	lui	x21,0x9be2b	 x21=0x9be2b000
       22385000	      2237	800015d0	0169dc93	srli	x25,x19,0x16	 x19:0x00000000 x25=0x00000000
       22395000	      2238	800015d4	80592013	slti	x0,x18,-2043	 x18:0x80009fc4
       22405000	      2239	800015d8	d9cbe013	ori	x0,x23,-612	 x23:0x710d43cc
       22415000	      2240	800015dc	40bc5833	sra	x16,x24,x11	 x24:0x4000d718 x11:0x00000001 x16=0x20006b8c
       22425000	      2241	800015e0	01c2d013	srli	x0,x5,0x1c	  x5:0xffffff7d
       22435000	      2242	800015e4	00f681b3	add	x3,x13,x15	 x13:0x0a900000 x15:0xc0004d08  x3=0xca904d08
       22445000	      2243	800015e8	01d9e433	or	x8,x19,x29	 x19:0x00000000 x29:0x80009a10  x8=0x80009a10
       22455000	      2244	800015ec	000724b3	slt	x9,x14,x0	 x14:0x80009a10  x0:0x00000000  x9=0x00000001
       22465000	      2245	800015f0	00c0e833	or	x16,x1,x12	  x1:0xda7542a5 x12:0x0a900000 x16=0xdaf542a5
       22475000	      2246	800015f4	01bf8e33	add	x28,x31,x27	 x31:0xfffffc00 x27:0x00000000 x28=0xfffffc00
       22485000	      2247	800015f8	03888863	beq	x17,x24,80001628	 x17:0xb3a08fe0 x24:0x4000d718
       22495000	      2248	800015fc	00000013	addi	x0,x0,0	  x0:0x00000000
       22505000	      2249	80001600	010f5263	bge	x30,x16,80001604	 x30:0x80009f78 x16:0xdaf542a5
       22515000	      2250	80001604	ef02b993	sltiu	x19,x5,-272	  x5:0xffffff7d x19=0x00000000
       22525000	      2251	80001608	eac7e2b7	lui	x5,0xeac7e	  x5=0xeac7e000
       22535000	      2252	8000160c	0164cc63	blt	x9,x22,80001624	  x9:0x00000001 x22:0x00000001
       22545000	      2253	80001610	40e5d713	srai	x14,x11,0xe	 x11:0x00000001 x14=0x00000000
       22555000	      2254	80001614	b520efb7	lui	x31,0xb520e	 x31=0xb520e000
       22565000	      2255	80001618	4026d433	sra	x8,x13,x2	 x13:0x0a900000  x2:0x4fbf3000  x8=0x0a900000
       22575000	      2256	8000161c	1feefd13	andi	x26,x29,510	 x29:0x80009a10 x26=0x00000010
       22585000	      2257	80001620	82b7c093	xori	x1,x15,-2005	 x15:0xc0004d08  x1=0x3fffb523
       22595000	      2258	80001624	01e34263	blt	x6,x30,80001628	  x6:0x00000000 x30:0x80009f78
       22605000	      2259	80001628	40615433	sra	x8,x2,x6	  x2:0x4fbf3000  x6:0x00000000  x8=0x4fbf3000
       22615000	      2260	8000162c	00000013	addi	x0,x0,0	  x0:0x00000000
       22625000	      2261	80001630	40425333	sra	x6,x4,x4	  x4:0xf3ce2509  x4:0xf3ce2509  x6=0xfff9e712
       22635000	      2262	80001634	00bec333	xor	x6,x29,x11	 x29:0x80009a10 x11:0x00000001  x6=0x80009a11
       22645000	      2263	80001638	2b6efcb7	lui	x25,0x2b6ef	 x25=0x2b6ef000
       22655000	      2264	8000163c	00ff0533	add	x10,x30,x15	 x30:0x80009f78 x15:0xc0004d08 x10=0x4000ec80
       22665000	      2265	80001640	74c5cc93	xori	x25,x11,1868	 x11:0x00000001 x25=0x0000074d
       22675000	      2266	80001644	2021fb93	andi	x23,x3,514	  x3:0xca904d08 x23=0x00000000
       22685000	      2267	80001648	cd67ed13	ori	x26,x15,-810	 x15:0xc0004d08 x26=0xfffffdde
       22695000	      2268	8000164c	0e28c063	blt	x17,x2,8000172c	 x17:0xb3a08fe0  x2:0x4fbf3000
       22705000	      2269	00000000	00000013	addi	x0,x0,0	  x0:0x00000000
       22715000	      2270	80001728	00000013	addi	x0,x0,0	  x0:0x00000000
       22725000	      2271	8000172c	01ab0db3	add	x27,x22,x26	 x22:0x00000001 x26:0xfffffdde x27=0xfffffddf
       22735000	      2272	80001730	019ff6b3	and	x13,x31,x25	 x31:0xb520e000 x25:0x0000074d x13=0x00000000
       22745000	      2273	80001734	00b9d2b3	srl	x5,x19,x11	 x19:0x00000000 x11:0x00000001  x5=0x00000000
       22755000	      2274	80001738	008a0433	add	x8,x20,x8	 x20:0x4d48c000  x8:0x4fbf3000  x8=0x9d07f000
       22765000	      2275	8000173c	0345da63	bge	x11,x20,80001770	 x11:0x00000001 x20:0x4d48c000
       22775000	      2276	80001740	01625393	srli	x7,x4,0x16	  x4:0xf3ce2509  x7=0x000003cf
       22785000	      2277	80001744	04861463	bne	x12,x8,8000178c	 x12:0x0a900000  x8:0x9d07f000
       22795000	      2278	00000000	00000013	addi	x0,x0,0	  x0:0x00000000
       22805000	      2279	80001788	00000013	addi	x0,x0,0	  x0:0x00000000
       22815000	      2280	8000178c	dabf3bb7	lui	x23,0xdabf3	 x23=0xdabf3000
       22825000	      2281	80001790	5382f493	andi	x9,x5,1336	  x5:0x00000000  x9=0x00000000
       22835000	      2282	80001794	3a533f93	sltiu	x31,x6,933	  x6:0x80009a11 x31=0x00000000
       22845000	      2283	80001798	01a12bb3	slt	x23,x2,x26	  x2:0x4fbf3000 x26:0xfffffdde x23=0x00000000
       22855000	      2284	8000179c	af4837b7	lui	x15,0xaf483	 x15=0xaf483000
       22865000	      2285	800017a0	22e74717	auipc	x14,0x22e74	 x14=0xa2e7579c
       22875000	      2286	800017a4	008e5313	srli	x6,x28,0x8	 x28:0xfffffc00  x6=0x00fffffc
       22885000	      2287	800017a8	03131663	bne	x6,x17,800017d4	  x6:0x00fffffc x17:0xb3a08fe0
       22895000	      2288	00000000	00000013	addi	x0,x0,0	  x0:0x00000000
       22905000	      2289	800017d0	00000013	addi	x0,x0,0	  x0:0x00000000
       22915000	      2290	800017d4	6c20e413	ori	x8,x1,1730	  x1:0x3fffb523  x8=0x3fffb7e3
       22925000	      2291	800017d8	40be01b3	sub	x3,x28,x11	 x28:0xfffffc00 x11:0x00000001  x3=0xfffffbff
       22935000	      2292	800017dc	406f5793	srai	x15,x30,0x6	 x30:0x80009f78 x15=0xfe00027d
       22945000	      2293	800017e0	41e90533	sub	x10,x18,x30	 x18:0x80009fc4 x30:0x80009f78 x10=0x0000004c
       22955000	      2294	800017e4	41655c13	srai	x24,x10,0x16	 x10:0x0000004c x24=0x00000000
       22965000	      2295	800017e8	00394263	blt	x18,x3,800017ec	 x18:0x80009fc4  x3:0xfffffbff
       22975000	      2296	00000000	00000013	addi	x0,x0,0	  x0:0x00000000
       22985000	      2297	800017e8	00000013	addi	x0,x0,0	  x0:0x00000000
       22995000	      2298	800017ec	015f83b3	add	x7,x31,x21	 x31:0x00000000 x21:0x9be2b000  x7=0x9be2b000
       23005000	      2299	800017f0	00a17cb3	and	x25,x2,x10	  x2:0x4fbf3000 x10:0x0000004c x25=0x00000000
       23015000	      2300	800017f4	01eb01b3	add	x3,x22,x30	 x22:0x00000001 x30:0x80009f78  x3=0x80009f79
       23025000	      2301	800017f8	a2d87113	andi	x2,x16,-1491	 x16:0xdaf542a5  x2=0xdaf54225
       23035000	      2302	800017fc	00b280b3	add	x1,x5,x11	  x5:0x00000000 x11:0x00000001  x1=0x00000001
       23045000	      2303	80001800	01531e33	sll	x28,x6,x21	  x6:0x00fffffc x21:0x9be2b000 x28=0x00fffffc
       23055000	      2304	80001804	01b31b33	sll	x22,x6,x27	  x6:0x00fffffc x27:0xfffffddf x22=0x00000000
       23065000	      2305	80001808	3efbca13	xori	x20,x23,1007	 x23:0x00000000 x20=0x000003ef
       23075000	      2306	8000180c	75f9b713	sltiu	x14,x19,1887	 x19:0x00000000 x14=0x00000001
       23085000	      2307	80001810	fb7c0e17	auipc	x28,0xfb7c0	 x28=0x7b7c180c
       23095000	      2308	80001814	0032ce63	blt	x5,x3,80001830	  x5:0x00000000  x3:0x80009f79
       23105000	      2309	80001818	01df4a33	xor	x20,x30,x29	 x30:0x80009f78 x29:0x80009a10 x20=0x00000568
       23115000	      2310	8000181c	001b8e33	add	x28,x23,x1	 x23:0x00000000  x1:0x00000001 x28=0x00000001
       23125000	      2311	80001820	876ba817	auipc	x16,0x876ba	 x16=0x076bb81c
       23135000	      2312	80001824	40f5d033	sra	x0,x11,x15	 x11:0x00000001 x15:0xfe00027d
       23145000	      2313	80001828	cc1b2593	slti	x11,x22,-831	 x22:0x00000000 x11=0x00000000
       23155000	      2314	8000182c	136d0093	addi	x1,x26,310	 x26:0xfffffdde  x1=0xffffff14
       23165000	      2315	80001830	416bd533	sra	x10,x23,x22	 x23:0x00000000 x22:0x00000000 x10=0x00000000
       23175000	      2316	80001834	b7520593	addi	x11,x4,-1163	  x4:0xf3ce2509 x11=0xf3ce207e
       23185000	      2317	80001838	006f5713	srli	x14,x30,0x6	 x30:0x80009f78 x14=0x0200027d
       23195000	      2318	8000183c	71e43837	lui	x16,0x71e43	 x16=0x71e43000
       23205000	      2319	80001840	01b5b633	sltu	x12,x11,x27	 x11:0xf3ce207e x27:0xfffffddf x12=0x00000001
       23215000	      2320	80001844	01b1e6b3	or	x13,x3,x27	  x3:0x80009f79 x27:0xfffffddf x13=0xffffffff
       23225000	      2321	80001848	01a93133	sltu	x2,x18,x26	 x18:0x80009fc4 x26:0xfffffdde  x2=0x00000001
       23235000	      2322	8000184c	02e57c63	bgeu	x10,x14,80001884	 x10:0x00000000 x14:0x0200027d
       23245000	      2323	80001850	e9a73793	sltiu	x15,x14,-358	 x14:0x0200027d x15=0x00000001
       23255000	      2324	80001854	03080863	beq	x16,x16,80001884	 x16:0x71e43000 x16:0x71e43000
       23265000	      2325	00000000	00000013	addi	x0,x0,0	  x0:0x00000000
       23275000	      2326	80001880	00000013	addi	x0,x0,0	  x0:0x00000000
       23285000	      2327	80001884	7e90b013	sltiu	x0,x1,2025	  x1:0xffffff14
       23295000	      2328	80001888	0111cab3	xor	x21,x3,x17	  x3:0x80009f79 x17:0xb3a08fe0 x21=0x33a01099
       23305000	      2329	8000188c	00000013	addi	x0,x0,0	  x0:0x00000000
       23315000	      2330	80001890	01e8cab3	xor	x21,x17,x30	 x17:0xb3a08fe0 x30:0x80009f78 x21=0x33a01098
       23325000	      2331	80001894	00e43533	sltu	x10,x8,x14	  x8:0x3fffb7e3 x14:0x0200027d x10=0x00000000
       23335000	      2332	80001898	40fb5113	srai	x2,x22,0xf	 x22:0x00000000  x2=0x00000000
       23345000	      2333	8000189c	90ab8b13	addi	x22,x23,-1782	 x23:0x00000000 x22=0xfffff90a
       23355000	      2334	800018a0	24f7ad13	slti	x26,x15,591	 x15:0x00000001 x26=0x00000001
       23365000	      2335	800018a4	013a1613	slli	x12,x20,0x13	 x20:0x00000568 x12=0x2b400000
       23375000	      2336	800018a8	41cc5313	srai	x6,x24,0x1c	 x24:0x00000000  x6=0x00000000
       23385000	      2337	800018ac	0a6a6663	bltu	x20,x6,80001958	 x20:0x00000568  x6:0x00000000
       23395000	      2338	800018b0	69ee6017	auipc	x0,0x69ee6	
       23405000	      2339	800018b4	4071d093	srai	x1,x3,0x7	  x3:0x80009f79  x1=0xff00013e
       23415000	      2340	800018b8	008ddc63	bge	x27,x8,800018d0	 x27:0xfffffddf  x8:0x3fffb7e3
       23425000	      2341	800018bc	41e38ab3	sub	x21,x7,x30	  x7:0x9be2b000 x30:0x80009f78 x21=0x1be21088
       23435000	      2342	800018c0	bc7da013	slti	x0,x27,-1081	 x27:0xfffffddf
       23445000	      2343	800018c4	01fe1a63	bne	x28,x31,800018d8	 x28:0x00000001 x31:0x00000000
       23455000	      2344	00000000	00000013	addi	x0,x0,0	  x0:0x00000000
       23465000	      2345	800018d4	00000013	addi	x0,x0,0	  x0:0x00000000
       23475000	      2346	800018d8	41935293	srai	x5,x6,0x19	  x6:0x00000000  x5=0x00000000
       23485000	      2347	800018dc	097d1a63	bne	x26,x23,80001970	 x26:0x00000001 x23:0x00000000
       23495000	      2348	00000000	00000013	addi	x0,x0,0	  x0:0x00000000
       23505000	      2349	8000196c	00000013	addi	x0,x0,0	  x0:0x00000000
       23515000	      2350	80001970	01700eb3	add	x29,x0,x23	  x0:0x00000000 x23:0x00000000 x29=0x00000000
       23525000	      2351	80001974	01a71e33	sll	x28,x14,x26	 x14:0x0200027d x26:0x00000001 x28=0x040004fa
       23535000	      2352	80001978	fc117893	andi	x17,x2,-63	  x2:0x00000000 x17=0x00000000
       23545000	      2353	8000197c	000c5f93	srli	x31,x24,0x0	 x24:0x00000000 x31=0x00000000
       23555000	      2354	80001980	00f5b033	sltu	x0,x11,x15	 x11:0xf3ce207e x15:0x00000001
       23565000	      2355	80001984	00000013	addi	x0,x0,0	  x0:0x00000000
       23575000	      2356	80001988	05859663	bne	x11,x24,800019d4	 x11:0xf3ce207e x24:0x00000000
       23585000	      2357	00000000	00000013	addi	x0,x0,0	  x0:0x00000000
       23595000	      2358	800019d0	00000013	addi	x0,x0,0	  x0:0x00000000
       23605000	      2359	800019d4	00fc7e63	bgeu	x24,x15,800019f0	 x24:0x00000000 x15:0x00000001
       23615000	      2360	800019d8	02e29063	bne	x5,x14,800019f8	  x5:0x00000000 x14:0x0200027d
       23625000	      2361	00000000	00000013	addi	x0,x0,0	  x0:0x00000000
       23635000	      2362	800019f4	00000013	addi	x0,x0,0	  x0:0x00000000
       23645000	      2363	800019f8	0051d7b3	srl	x15,x3,x5	  x3:0x80009f79  x5:0x00000000 x15=0x80009f79
       23655000	      2364	800019fc	007db2b3	sltu	x5,x27,x7	 x27:0xfffffddf  x7:0x9be2b000  x5=0x00000000
       23665000	      2365	80001a00	004b3b33	sltu	x22,x22,x4	 x22:0xfffff90a  x4:0xf3ce2509 x22=0x00000000
       23675000	      2366	80001a04	01c77a63	bgeu	x14,x28,80001a18	 x14:0x0200027d x28:0x040004fa
       23685000	      2367	80001a08	57422eb7	lui	x29,0x57422	 x29=0x57422000
       23695000	      2368	80001a0c	f0794193	xori	x3,x18,-249	 x18:0x80009fc4  x3=0x7fff60c3
       23705000	      2369	80001a10	00885733	srl	x14,x16,x8	 x16:0x71e43000  x8:0x3fffb7e3 x14=0x0e3c8600
       23715000	      2370	80001a14	02e24063	blt	x4,x14,80001a34	  x4:0xf3ce2509 x14:0x0e3c8600
       23725000	      2371	00000000	00000013	addi	x0,x0,0	  x0:0x00000000
       23735000	      2372	80001a30	00000013	addi	x0,x0,0	  x0:0x00000000
       23745000	      2373	80001a34	00ecd7b3	srl	x15,x25,x14	 x25:0x00000000 x14:0x0e3c8600 x15=0x00000000
       23755000	      2374	80001a38	026b8a63	beq	x23,x6,80001a6c	 x23:0x00000000  x6:0x00000000
       23765000	      2375	00000000	00000013	addi	x0,x0,0	  x0:0x00000000
       23775000	      2376	80001a68	00000013	addi	x0,x0,0	  x0:0x00000000
       23785000	      2377	80001a6c	4eda5d97	auipc	x27,0x4eda5	 x27=0xceda6a68
       23795000	      2378	80001a70	e3392013	slti	x0,x18,-461	 x18:0x80009fc4
       23805000	      2379	80001a74	eae3ce93	xori	x29,x7,-338	  x7:0x9be2b000 x29=0x641d4eae
       23815000	      2380	80001a78	01b37633	and	x12,x6,x27	  x6:0x00000000 x27:0xceda6a68 x12=0x00000000
       23825000	      2381	80001a7c	010c1693	slli	x13,x24,0x10	 x24:0x00000000 x13=0x00000000
       23835000	      2382	80001a80	01613533	sltu	x10,x2,x22	  x2:0x00000000 x22:0x00000000 x10=0x00000000
       23845000	      2383	80001a84	013cfe63	bgeu	x25,x19,80001aa0	 x25:0x00000000 x19:0x00000000
       23855000	      2384	00000000	00000013	addi	x0,x0,0	  x0:0x00000000
       23865000	      2385	80001a9c	00000013	addi	x0,x0,0	  x0:0x00000000
       23875000	      2386	80001aa0	235c4a17	auipc	x20,0x235c4	 x20=0xa35c5a9c
       23885000	      2387	80001aa4	01dc8863	beq	x25,x29,80001ab4	 x25:0x00000000 x29:0x641d4eae
       23895000	      2388	80001aa8	00f04c63	blt	x0,x15,80001ac0	  x0:0x00000000 x15:0x00000000
       23905000	      2389	80001aac	30008793	addi	x15,x1,768	  x1:0xff00013e x15=0xff00043e
       23915000	      2390	80001ab0	00ae6c63	bltu	x28,x10,80001ac8	 x28:0x040004fa x10:0x00000000
       23925000	      2391	80001ab4	de942717	auipc	x14,0xde942	 x14=0x5e943ab0
       23935000	      2392	80001ab8	007cab33	slt	x22,x25,x7	 x25:0x00000000  x7:0x9be2b000 x22=0x00000000
       23945000	      2393	80001abc	403b5413	srai	x8,x22,0x3	 x22:0x00000000  x8=0x00000000
       23955000	      2394	80001ac0	003386b3	add	x13,x7,x3	  x7:0x9be2b000  x3:0x7fff60c3 x13=0x1be210c3
       23965000	      2395	80001ac4	417fd133	sra	x2,x31,x23	 x31:0x00000000 x23:0x00000000  x2=0x00000000
       23975000	      2396	80001ac8	01d569b3	or	x19,x10,x29	 x10:0x00000000 x29:0x641d4eae x19=0x641d4eae
       23985000	      2397	80001acc	02d9e663	bltu	x19,x13,80001af8	 x19:0x641d4eae x13:0x1be210c3
       23995000	      2398	80001ad0	005cd633	srl	x12,x25,x5	 x25:0x00000000  x5:0x00000000 x12=0x00000000
       24005000	      2399	80001ad4	023f9e63	bne	x31,x3,80001b10	 x31:0x00000000  x3:0x7fff60c3
       24015000	      2400	00000000	00000013	addi	x0,x0,0	  x0:0x00000000
       24025000	      2401	80001b0c	00000013	addi	x0,x0,0	  x0:0x00000000
       24035000	      2402	80001b10	8b69a293	slti	x5,x19,-1866	 x19:0x641d4eae  x5=0x00000000
       24045000	      2403	80001b14	03840c93	addi	x25,x8,56	  x8:0x00000000 x25=0x00000038
       24055000	      2404	80001b18	00000013	addi	x0,x0,0	  x0:0x00000000
       24065000	      2405	80001b1c	003d09b3	add	x19,x26,x3	 x26:0x00000001  x3:0x7fff60c3 x19=0x7fff60c4
       24075000	      2406	80001b20	ed27c093	xori	x1,x15,-302	 x15:0xff00043e  x1=0x00fffaec
       24085000	      2407	80001b24	0180fdb3	and	x27,x1,x24	  x1:0x00fffaec x24:0x00000000 x27=0x00000000
       24095000	      2408	80001b28	0135ce63	blt	x11,x19,80001b44	 x11:0xf3ce207e x19:0x7fff60c4
       24105000	      2409	00000000	00000013	addi	x0,x0,0	  x0:0x00000000
       24115000	      2410	80001b40	00000013	addi	x0,x0,0	  x0:0x00000000
       24125000	      2411	80001b44	14534c17	auipc	x24,0x14534	 x24=0x94535b40
       24135000	      2412	80001b48	40ae0cb3	sub	x25,x28,x10	 x28:0x040004fa x10:0x00000000 x25=0x040004fa
       24145000	      2413	80001b4c	d4620893	addi	x17,x4,-698	  x4:0xf3ce2509 x17=0xf3ce224f
       24155000	      2414	80001b50	01ae0eb3	add	x29,x28,x26	 x28:0x040004fa x26:0x00000001 x29=0x040004fb
       24165000	      2415	80001b54	00000013	addi	x0,x0,0	  x0:0x00000000
       24175000	      2416	80001b58	02ba4663	blt	x20,x11,80001b84	 x20:0xa35c5a9c x11:0xf3ce207e
       24185000	      2417	00000000	00000013	addi	x0,x0,0	  x0:0x00000000
       24195000	      2418	80001b80	00000013	addi	x0,x0,0	  x0:0x00000000
       24205000	      2419	80001b84	054cf463	bgeu	x25,x20,80001bcc	 x25:0x040004fa x20:0xa35c5a9c
       24215000	      2420	80001b88	01228bb3	add	x23,x5,x18	  x5:0x00000000 x18:0x80009fc4 x23=0x80009fc4
       24225000	      2421	80001b8c	0cba4193	xori	x3,x20,203	 x20:0xa35c5a9c  x3=0xa35c5a57
       24235000	      2422	80001b90	0179d333	srl	x6,x19,x23	 x19:0x7fff60c4 x23:0x80009fc4  x6=0x07fff60c
       24245000	      2423	80001b94	050df263	bgeu	x27,x16,80001bd8	 x27:0x00000000 x16:0x71e43000
       24255000	      2424	80001b98	01820133	add	x2,x4,x24	  x4:0xf3ce2509 x24:0x94535b40  x2=0x88218049
       24265000	      2425	80001b9c	05a0c063	blt	x1,x26,80001bdc	  x1:0x00fffaec x26:0x00000001
       24275000	      2426	80001ba0	10963313	sltiu	x6,x12,265	 x12:0x00000000  x6=0x00000001
       24285000	      2427	80001ba4	0151dc33	srl	x24,x3,x21	  x3:0xa35c5a57 x21:0x1be21088 x24=0x00a35c5a
       24295000	      2428	80001ba8	05eb0663	beq	x22,x30,80001bf4	 x22:0x00000000 x30:0x80009f78
       24305000	      2429	80001bac	00cb6663	bltu	x22,x12,80001bb8	 x22:0x00000000 x12:0x00000000
       24315000	      2430	80001bb0	0285ec63	bltu	x11,x8,80001be8	 x11:0xf3ce207e  x8:0x00000000
       24325000	      2431	80001bb4	015ec1b3	xor	x3,x29,x21	 x29:0x040004fb x21:0x1be21088  x3=0x1fe21473
       24335000	      2432	80001bb8	053e0463	beq	x28,x19,80001c00	 x28:0x040004fa x19:0x7fff60c4
       24345000	      2433	80001bbc	008fd433	srl	x8,x31,x8	 x31:0x00000000  x8:0x00000000  x8=0x00000000
       24355000	      2434	80001bc0	f4abe493	ori	x9,x23,-182	 x23:0x80009fc4  x9=0xffffffce
       24365000	      2435	80001bc4	2b5b8513	addi	x10,x23,693	 x23:0x80009fc4 x10=0x8000a279
       24375000	      2436	80001bc8	01a3de33	srl	x28,x7,x26	  x7:0x9be2b000 x26:0x00000001 x28=0x4df15800
       24385000	      2437	80001bcc	4000d013	srai	x0,x1,0x0	  x1:0x00fffaec
       24395000	      2438	80001bd0	023f0063	beq	x30,x3,80001bf0	 x30:0x80009f78  x3:0x1fe21473
       24405000	      2439	80001bd4	00075b93	srli	x23,x14,0x0	 x14:0x5e943ab0 x23=0x5e943ab0
       24415000	      2440	80001bd8	0288d663	bge	x17,x8,80001c04	 x17:0xf3ce224f  x8:0x00000000
       24425000	      2441	80001bdc	02e67c63	bgeu	x12,x14,80001c14	 x12:0x00000000 x14:0x5e943ab0
       24435000	      2442	80001be0	011c3b33	sltu	x22,x24,x17	 x24:0x00a35c5a x17:0xf3ce224f x22=0x00000001
       24445000	      2443	80001be4	b1ed6d93	ori	x27,x26,-1250	 x26:0x00000001 x27=0xfffffb1f
       24455000	      2444	80001be8	ebeb7413	andi	x8,x22,-322	 x22:0x00000001  x8=0x00000000
       24465000	      2445	80001bec	00929cb3	sll	x25,x5,x9	  x5:0x00000000  x9:0xffffffce x25=0x00000000
       24475000	      2446	80001bf0	0071cc33	xor	x24,x3,x7	  x3:0x1fe21473  x7:0x9be2b000 x24=0x8400a473
       24485000	      2447	80001bf4	0630fe63	bgeu	x1,x3,80001c70	  x1:0x00fffaec  x3:0x1fe21473
       24495000	      2448	80001bf8	01be1113	slli	x2,x28,0x1b	 x28:0x4df15800  x2=0x00000000
       24505000	      2449	80001bfc	000eda33	srl	x20,x29,x0	 x29:0x040004fb  x0:0x00000000 x20=0x040004fb
       24515000	      2450	80001c00	005f7033	and	x0,x30,x5	 x30:0x80009f78  x5:0x00000000
       24525000	      2451	80001c04	3200ca93	xori	x21,x1,800	  x1:0x00fffaec x21=0x00fff9cc
       24535000	      2452	80001c08	00158db3	add	x27,x11,x1	 x11:0xf3ce207e  x1:0x00fffaec x27=0xf4ce1b6a
       24545000	      2453	80001c0c	01771133	sll	x2,x14,x23	 x14:0x5e943ab0 x23:0x5e943ab0  x2=0x3ab00000
       24555000	      2454	80001c10	0806d463	bge	x13,x0,80001c98	 x13:0x1be210c3  x0:0x00000000
       24565000	      2455	00000000	00000013	addi	x0,x0,0	  x0:0x00000000
       24575000	      2456	80001c94	00000013	addi	x0,x0,0	  x0:0x00000000
       24585000	      2457	80001c98	0137f333	and	x6,x15,x19	 x15:0xff00043e x19:0x7fff60c4  x6=0x7f000004
       24595000	      2458	80001c9c	9518a493	slti	x9,x17,-1711	 x17:0xf3ce224f  x9=0x00000001
       24605000	      2459	80001ca0	41130bb3	sub	x23,x6,x17	  x6:0x7f000004 x17:0xf3ce224f x23=0x8b31ddb5
       24615000	      2460	80001ca4	013ca6b3	slt	x13,x25,x19	 x25:0x00000000 x19:0x7fff60c4 x13=0x00000001
       24625000	      2461	80001ca8	029b7863	bgeu	x22,x9,80001cd8	 x22:0x00000001  x9:0x00000001
       24635000	      2462	00000000	00000013	addi	x0,x0,0	  x0:0x00000000
       24645000	      2463	80001cd4	00000013	addi	x0,x0,0	  x0:0x00000000
       24655000	      2464	80001cd8	04a96663	bltu	x18,x10,80001d24	 x18:0x80009fc4 x10:0x8000a279
       24665000	      2465	00000000	00000013	addi	x0,x0,0	  x0:0x00000000
       24675000	      2466	80001d20	00000013	addi	x0,x0,0	  x0:0x00000000
       24685000	      2467	80001d24	127b4993	xori	x19,x22,295	 x22:0x00000001 x19=0x00000126
       24695000	      2468	80001d28	023b4263	blt	x22,x3,80001d4c	 x22:0x00000001  x3:0x1fe21473
       24705000	      2469	00000000	00000013	addi	x0,x0,0	  x0:0x00000000
       24715000	      2470	80001d48	00000013	addi	x0,x0,0	  x0:0x00000000
       24725000	      2471	80001d4c	cb7c6497	auipc	x9,0xcb7c6	  x9=0x4b7c7d48
       24735000	      2472	80001d50	01abb533	sltu	x10,x23,x26	 x23:0x8b31ddb5 x26:0x00000001 x10=0x00000000
       24745000	      2473	80001d54	01da0433	add	x8,x20,x29	 x20:0x040004fb x29:0x040004fb  x8=0x080009f6
       24755000	      2474	80001d58	00661413	slli	x8,x12,0x6	 x12:0x00000000  x8=0x00000000
       24765000	      2475	80001d5c	01cd22b3	slt	x5,x26,x28	 x26:0x00000001 x28:0x4df15800  x5=0x00000001
       24775000	      2476	80001d60	e8852513	slti	x10,x10,-376	 x10:0x00000000 x10=0x00000000
       24785000	      2477	80001d64	48f8b513	sltiu	x10,x17,1167	 x17:0xf3ce224f x10=0x00000000
       24795000	      2478	80001d68	01975b13	srli	x22,x14,0x19	 x14:0x5e943ab0 x22=0x0000002f
       24805000	      2479	80001d6c	00cd4a63	blt	x26,x12,80001d80	 x26:0x00000001 x12:0x00000000
       24815000	      2480	80001d70	1925ee93	ori	x29,x11,402	 x11:0xf3ce207e x29=0xf3ce21fe
       24825000	      2481	80001d74	01c196b3	sll	x13,x3,x28	  x3:0x1fe21473 x28:0x4df15800 x13=0x1fe21473
       24835000	      2482	80001d78	00181a33	sll	x20,x16,x1	 x16:0x71e43000  x1:0x00fffaec x20=0x43000000
       24845000	      2483	80001d7c	40140033	sub	x0,x8,x1	  x8:0x00000000  x1:0x00fffaec
       24855000	      2484	80001d80	01c56c63	bltu	x10,x28,80001d98	 x10:0x00000000 x28:0x4df15800
       24865000	      2485	00000000	00000013	addi	x0,x0,0	  x0:0x00000000
       24875000	      2486	80001d94	00000013	addi	x0,x0,0	  x0:0x00000000
       24885000	      2487	80001d98	9676a093	slti	x1,x13,-1689	 x13:0x1fe21473  x1=0x00000000
       24895000	      2488	80001d9c	007defb3	or	x31,x27,x7	 x27:0xf4ce1b6a  x7:0x9be2b000 x31=0xffeebb6a
       24905000	      2489	80001da0	411a5893	srai	x17,x20,0x11	 x20:0x43000000 x17=0x00002180
       24915000	      2490	80001da4	418ddb33	sra	x22,x27,x24	 x27:0xf4ce1b6a x24:0x8400a473 x22=0xfffffe99
       24925000	      2491	80001da8	63c63a93	sltiu	x21,x12,1596	 x12:0x00000000 x21=0x00000001
       24935000	      2492	80001dac	00d054b3	srl	x9,x0,x13	  x0:0x00000000 x13:0x1fe21473  x9=0x00000000
       24945000	      2493	80001db0	01b06333	or	x6,x0,x27	  x0:0x00000000 x27:0xf4ce1b6a  x6=0xf4ce1b6a
       24955000	      2494	80001db4	003baab3	slt	x21,x23,x3	 x23:0x8b31ddb5  x3:0x1fe21473 x21=0x00000001
       24965000	      2495	80001db8	8df8b713	sltiu	x14,x17,-1825	 x17:0x00002180 x14=0x00000001
       24975000	      2496	80001dbc	00f71db3	sll	x27,x14,x15	 x14:0x00000001 x15:0xff00043e x27=0x40000000
       24985000	      2497	80001dc0	00a6a633	slt	x12,x13,x10	 x13:0x1fe21473 x10:0x00000000 x12=0x00000000
       24995000	      2498	80001dc4	1e1df613	andi	x12,x27,481	 x27:0x40000000 x12=0x00000000
       25005000	      2499	80001dc8	00813a33	sltu	x20,x2,x8	  x2:0x3ab00000  x8:0x00000000 x20=0x00000000
       25015000	      2500	80001dcc	8ce2c993	xori	x19,x5,-1842	  x5:0x00000001 x19=0xfffff8cf
       25025000	      2501	80001dd0	a6d03a37	lui	x20,0xa6d03	 x20=0xa6d03000
       25035000	      2502	80001dd4	01970733	add	x14,x14,x25	 x14:0x00000001 x25:0x00000000 x14=0x00000001
       25045000	      2503	80001dd8	8abe4193	xori	x3,x28,-1877	 x28:0x4df15800  x3=0xb20ea0ab
       25055000	      2504	80001ddc	0139a2b3	slt	x5,x19,x19	 x19:0xfffff8cf x19:0xfffff8cf  x5=0x00000000
       25065000	      2505	80001de0	01fee733	or	x14,x29,x31	 x29:0xf3ce21fe x31:0xffeebb6a x14=0xffeebbfe
       25075000	      2506	80001de4	01185c93	srli	x25,x16,0x11	 x16:0x71e43000 x25=0x000038f2
       25085000	      2507	80001de8	05845663	bge	x8,x24,80001e34	  x8:0x00000000 x24:0x8400a473
       25095000	      2508	00000000	00000013	addi	x0,x0,0	  x0:0x00000000
       25105000	      2509	80001e30	00000013	addi	x0,x0,0	  x0:0x00000000
       25115000	      2510	80001e34	01b944b3	xor	x9,x18,x27	 x18:0x80009fc4 x27:0x40000000  x9=0xc0009fc4
       25125000	      2511	80001e38	40ca5813	srai	x16,x20,0xc	 x20:0xa6d03000 x16=0xfffa6d03
       25135000	      2512	80001e3c	00cdac33	slt	x24,x27,x12	 x27:0x40000000 x12:0x00000000 x24=0x00000000
       25145000	      2513	80001e40	0052bcb3	sltu	x25,x5,x5	  x5:0x00000000  x5:0x00000000 x25=0x00000000
       25155000	      2514	80001e44	41ffde33	sra	x28,x31,x31	 x31:0xffeebb6a x31:0xffeebb6a x28=0xfffffbae
       25165000	      2515	80001e48	022a6e63	bltu	x20,x2,80001e84	 x20:0xa6d03000  x2:0x3ab00000
       25175000	      2516	80001e4c	01261693	slli	x13,x12,0x12	 x12:0x00000000 x13=0x00000000
       25185000	      2517	80001e50	41325113	srai	x2,x4,0x13	  x4:0xf3ce2509  x2=0xfffffe79
       25195000	      2518	80001e54	14ed3817	auipc	x16,0x14ed3	 x16=0x94ed4e50
       25205000	      2519	80001e58	588d3d93	sltiu	x27,x26,1416	 x26:0x00000001 x27=0x00000001
       25215000	      2520	80001e5c	004c8c63	beq	x25,x4,80001e74	 x25:0x00000000  x4:0xf3ce2509
       25225000	      2521	80001e60	005cb333	sltu	x6,x25,x5	 x25:0x00000000  x5:0x00000000  x6=0x00000000
       25235000	      2522	80001e64	016a1e13	slli	x28,x20,0x16	 x20:0xa6d03000 x28=0x00000000
       25245000	      2523	80001e68	0015b5b3	sltu	x11,x11,x1	 x11:0xf3ce207e  x1:0x00000000 x11=0x00000000
       25255000	      2524	80001e6c	01c07863	bgeu	x0,x28,80001e7c	  x0:0x00000000 x28:0x00000000
       25265000	      2525	00000000	00000013	addi	x0,x0,0	  x0:0x00000000
       25275000	      2526	80001e78	00000013	addi	x0,x0,0	  x0:0x00000000
       25285000	      2527	80001e7c	02390a63	beq	x18,x3,80001eb0	 x18:0x80009fc4  x3:0xb20ea0ab
       25295000	      2528	80001e80	a22acb93	xori	x23,x21,-1502	 x21:0x00000001 x23=0xfffffa23
       25305000	      2529	80001e84	037d1e63	bne	x26,x23,80001ec0	 x26:0x00000001 x23:0xfffffa23
       25315000	      2530	00000000	00000013	addi	x0,x0,0	  x0:0x00000000
       25325000	      2531	80001ebc	00000013	addi	x0,x0,0	  x0:0x00000000
       25335000	      2532	80001ec0	4122d293	srai	x5,x5,0x12	  x5:0x00000000  x5=0x00000000
       25345000	      2533	80001ec4	01e0aab3	slt	x21,x1,x30	  x1:0x00000000 x30:0x80009f78 x21=0x00000000
       25355000	      2534	80001ec8	00449fb3	sll	x31,x9,x4	  x9:0xc0009fc4  x4:0xf3ce2509 x31=0x013f8800
       25365000	      2535	80001ecc	004ea0b3	slt	x1,x29,x4	 x29:0xf3ce21fe  x4:0xf3ce2509  x1=0x00000001
       25375000	      2536	80001ed0	004f5d13	srli	x26,x30,0x4	 x30:0x80009f78 x26=0x080009f7
       25385000	      2537	80001ed4	41d2d733	sra	x14,x5,x29	  x5:0x00000000 x29:0xf3ce21fe x14=0x00000000
       25395000	      2538	80001ed8	b81d7313	andi	x6,x26,-1151	 x26:0x080009f7  x6=0x08000981
       25405000	      2539	80001edc	01937b33	and	x22,x6,x25	  x6:0x08000981 x25:0x00000000 x22=0x00000000
       25415000	      2540	80001ee0	6777ae93	slti	x29,x15,1655	 x15:0xff00043e x29=0x00000001
       25425000	      2541	80001ee4	77d03293	sltiu	x5,x0,1917	  x0:0x00000000  x5=0x00000001
       25435000	      2542	80001ee8	a2361897	auipc	x17,0xa2361	 x17=0x22362ee4
       25445000	      2543	80001eec	4b82b797	auipc	x15,0x4b82b	 x15=0xcb82cee8
       25455000	      2544	80001ef0	00cfc0b3	xor	x1,x31,x12	 x31:0x013f8800 x12:0x00000000  x1=0x013f8800
       25465000	      2545	80001ef4	32e80013	addi	x0,x16,814	 x16:0x94ed4e50
       25475000	      2546	80001ef8	c60df093	andi	x1,x27,-928	 x27:0x00000001  x1=0x00000000
       25485000	      2547	80001efc	01e9e663	bltu	x19,x30,80001f08	 x19:0xfffff8cf x30:0x80009f78
       25495000	      2548	80001f00	3932a193	slti	x3,x5,915	  x5:0x00000001  x3=0x00000001
       25505000	      2549	80001f04	2669c013	xori	x0,x19,614	 x19:0xfffff8cf
       25515000	      2550	80001f08	0520e037	lui	x0,0x520e	
       25525000	      2551	80001f0c	013382b3	add	x5,x7,x19	  x7:0x9be2b000 x19:0xfffff8cf  x5=0x9be2a8cf
       25535000	      2552	80001f10	02f67263	bgeu	x12,x15,80001f34	 x12:0x00000000 x15:0xcb82cee8
       25545000	      2553	80001f14	40d15fb3	sra	x31,x2,x13	  x2:0xfffffe79 x13:0x00000000 x31=0xfffffe79
       25555000	      2554	80001f18	81c92313	slti	x6,x18,-2020	 x18:0x80009fc4  x6=0x00000001
       25565000	      2555	80001f1c	41625993	srai	x19,x4,0x16	  x4:0xf3ce2509 x19=0xffffffcf
       25575000	      2556	80001f20	02ee1263	bne	x28,x14,80001f44	 x28:0x00000000 x14:0x00000000
       25585000	      2557	80001f24	2380fd13	andi	x26,x1,568	  x1:0x00000000 x26=0x00000000
       25595000	      2558	80001f28	008c0ab3	add	x21,x24,x8	 x24:0x00000000  x8:0x00000000 x21=0x00000000
       25605000	      2559	80001f2c	007db633	sltu	x12,x27,x7	 x27:0x00000001  x7:0x9be2b000 x12=0x00000001
       25615000	      2560	80001f30	01817a63	bgeu	x2,x24,80001f44	  x2:0xfffffe79 x24:0x00000000
       25625000	      2561	00000000	00000013	addi	x0,x0,0	  x0:0x00000000
       25635000	      2562	80001f40	00000013	addi	x0,x0,0	  x0:0x00000000
       25645000	      2563	80001f44	00000013	addi	x0,x0,0	  x0:0x00000000
       25655000	      2564	80001f48	004f2083	lw	x1,4(x30)	 x30:0x80009f78  x1=0x80000af4 PA:0x80009f7c
       25665000	      2565	80001f4c	95646193	ori	x3,x8,-1706	  x8:0x00000000  x3=0xfffff956
       25675000	      2566	80001f50	ea642793	slti	x15,x8,-346	  x8:0x00000000 x15=0x00000000
       25685000	      2567	80001f54	00000013	addi	x0,x0,0	  x0:0x00000000
       25695000	      2568	80001f58	00cf0f13	addi	x30,x30,12	 x30:0x80009f78 x30=0x80009f84
       25705000	      2569	80001f5c	01689493	slli	x9,x17,0x16	 x17:0x22362ee4  x9=0xb9000000
       25715000	      2570	80001f60	01c6b4b3	sltu	x9,x13,x28	 x13:0x00000000 x28:0x00000000  x9=0x00000000
       25725000	      2571	80001f64	00108193	addi	x3,x1,1	  x1:0x80000af4  x3=0x80000af5
       25735000	      2572	80001f68	000181e7	jalr	x3,x3,0	  x3:0x80000af5  x3=0x80001f68
       25745000	      2573	00000000	00000013	addi	x0,x0,0	  x0:0x00000000
       25755000	      2574	80000af4	00000013	addi	x0,x0,0	  x0:0x00000000
       25765000	      2575	80000af8	01a0c3b3	xor	x7,x1,x26	  x1:0x80000af4 x26:0x00000000  x7=0x80000af4
       25775000	      2576	80000afc	0178b433	sltu	x8,x17,x23	 x17:0x22362ee4 x23:0xfffffa23  x8=0x00000001
       25785000	      2577	80000b00	e2936497	auipc	x9,0xe2936	  x9=0x62936afc
       25795000	      2578	80000b04	01e897b3	sll	x15,x17,x30	 x17:0x22362ee4 x30:0x80009f84 x15=0x2362ee40
       25805000	      2579	80000b08	05a25463	bge	x4,x26,80000b50	  x4:0xf3ce2509 x26:0x00000000
       25815000	      2580	80000b0c	00653fb3	sltu	x31,x10,x6	 x10:0x00000000  x6:0x00000001 x31=0x00000001
       25825000	      2581	80000b10	0116f663	bgeu	x13,x17,80000b1c	 x13:0x00000000 x17:0x22362ee4
       25835000	      2582	80000b14	0047c5b3	xor	x11,x15,x4	 x15:0x2362ee40  x4:0xf3ce2509 x11=0xd0accb49
       25845000	      2583	80000b18	00174863	blt	x14,x1,80000b28	 x14:0x00000000  x1:0x80000af4
       25855000	      2584	80000b1c	1bff93b7	lui	x7,0x1bff9	  x7=0x1bff9000
       25865000	      2585	80000b20	4181d433	sra	x8,x3,x24	  x3:0x80001f68 x24:0x00000000  x8=0x80001f68
       25875000	      2586	80000b24	0161a433	slt	x8,x3,x22	  x3:0x80001f68 x22:0x00000000  x8=0x00000001
       25885000	      2587	80000b28	40b35113	srai	x2,x6,0xb	  x6:0x00000001  x2=0x00000000
       25895000	      2588	80000b2c	00504333	xor	x6,x0,x5	  x0:0x00000000  x5:0x9be2a8cf  x6=0x9be2a8cf
       25905000	      2589	80000b30	20dde693	ori	x13,x27,525	 x27:0x00000001 x13=0x0000020d
       25915000	      2590	80000b34	843dcb93	xori	x23,x27,-1981	 x27:0x00000001 x23=0xfffff842
       25925000	      2591	80000b38	7e9e4713	xori	x14,x28,2025	 x28:0x00000000 x14=0x000007e9
       25935000	      2592	80000b3c	01e61db3	sll	x27,x12,x30	 x12:0x00000001 x30:0x80009f84 x27=0x00000010
       25945000	      2593	80000b40	402a52b3	sra	x5,x20,x2	 x20:0xa6d03000  x2:0x00000000  x5=0xa6d03000
       25955000	      2594	80000b44	004cc533	xor	x10,x25,x4	 x25:0x00000000  x4:0xf3ce2509 x10=0xf3ce2509
       25965000	      2595	80000b48	03edf263	bgeu	x27,x30,80000b6c	 x27:0x00000010 x30:0x80009f84
       25975000	      2596	80000b4c	00deb033	sltu	x0,x29,x13	 x29:0x00000001 x13:0x0000020d
       25985000	      2597	80000b50	400b08b3	sub	x17,x22,x0	 x22:0x00000000  x0:0x00000000 x17=0x00000000
       25995000	      2598	80000b54	00d07e63	bgeu	x0,x13,80000b70	  x0:0x00000000 x13:0x0000020d
       26005000	      2599	80000b58	00061093	slli	x1,x12,0x0	 x12:0x00000001  x1=0x00000001
       26015000	      2600	80000b5c	00243833	sltu	x16,x8,x2	  x8:0x00000001  x2:0x00000000 x16=0x00000000
       26025000	      2601	80000b60	006c0663	beq	x24,x6,80000b6c	 x24:0x00000000  x6:0x9be2a8cf
       26035000	      2602	80000b64	0050f733	and	x14,x1,x5	  x1:0x00000001  x5:0xa6d03000 x14=0x00000000
       26045000	      2603	80000b68	01ae56b3	srl	x13,x28,x26	 x28:0x00000000 x26:0x00000000 x13=0x00000000
       26055000	      2604	80000b6c	00d8edb3	or	x27,x17,x13	 x17:0x00000000 x13:0x00000000 x27=0x00000000
       26065000	      2605	80000b70	000581b3	add	x3,x11,x0	 x11:0xd0accb49  x0:0x00000000  x3=0xd0accb49
       26075000	      2606	80000b74	01353bb3	sltu	x23,x10,x19	 x10:0xf3ce2509 x19:0xffffffcf x23=0x00000001
       26085000	      2607	80000b78	6fdac017	auipc	x0,0x6fdac	
       26095000	      2608	80000b7c	0577d663	bge	x15,x23,80000bc8	 x15:0x2362ee40 x23:0x00000001
       26105000	      2609	00000000	00000013	addi	x0,x0,0	  x0:0x00000000
       26115000	      2610	80000bc4	00000013	addi	x0,x0,0	  x0:0x00000000
       26125000	      2611	80000bc8	0094f6b3	and	x13,x9,x9	  x9:0x62936afc  x9:0x62936afc x13=0x62936afc
       26135000	      2612	80000bcc	04816663	bltu	x2,x8,80000c18	  x2:0x00000000  x8:0x00000001
       26145000	      2613	00000000	00000013	addi	x0,x0,0	  x0:0x00000000
       26155000	      2614	80000c14	00000013	addi	x0,x0,0	  x0:0x00000000
       26165000	      2615	80000c18	1ea0ecb7	lui	x25,0x1ea0e	 x25=0x1ea0e000
       26175000	      2616	80000c1c	b0893413	sltiu	x8,x18,-1272	 x18:0x80009fc4  x8=0x00000001
       26185000	      2617	80000c20	e8655717	auipc	x14,0xe8655	 x14=0x68655c1c
       26195000	      2618	80000c24	010829b3	slt	x19,x16,x16	 x16:0x00000000 x16:0x00000000 x19=0x00000000
       26205000	      2619	80000c28	400ad033	sra	x0,x21,x0	 x21:0x00000000  x0:0x00000000
       26215000	      2620	80000c2c	03276263	bltu	x14,x18,80000c50	 x14:0x68655c1c x18:0x80009fc4
       26225000	      2621	00000000	00000013	addi	x0,x0,0	  x0:0x00000000
       26235000	      2622	80000c4c	00000013	addi	x0,x0,0	  x0:0x00000000
       26245000	      2623	80000c50	40075b13	srai	x22,x14,0x0	 x14:0x68655c1c x22=0x68655c1c
       26255000	      2624	80000c54	01955a33	srl	x20,x10,x25	 x10:0xf3ce2509 x25:0x1ea0e000 x20=0xf3ce2509
       26265000	      2625	80000c58	01a0e863	bltu	x1,x26,80000c68	  x1:0x00000001 x26:0x00000000
       26275000	      2626	80000c5c	4079d833	sra	x16,x19,x7	 x19:0x00000000  x7:0x1bff9000 x16=0x00000000
       26285000	      2627	80000c60	00596433	or	x8,x18,x5	 x18:0x80009fc4  x5:0xa6d03000  x8=0xa6d0bfc4
       26295000	      2628	80000c64	8dde22b7	lui	x5,0x8dde2	  x5=0x8dde2000
       26305000	      2629	80000c68	06cb9a63	bne	x23,x12,80000cdc	 x23:0x00000001 x12:0x00000001
       26315000	      2630	80000c6c	00d56263	bltu	x10,x13,80000c70	 x10:0xf3ce2509 x13:0x62936afc
       26325000	      2631	80000c70	0076d493	srli	x9,x13,0x7	 x13:0x62936afc  x9=0x00c526d5
       26335000	      2632	80000c74	06f66263	bltu	x12,x15,80000cd8	 x12:0x00000001 x15:0x2362ee40
       26345000	      2633	00000000	00000013	addi	x0,x0,0	  x0:0x00000000
       26355000	      2634	80000cd4	00000013	addi	x0,x0,0	  x0:0x00000000
       26365000	      2635	80000cd8	01d28c33	add	x24,x5,x29	  x5:0x8dde2000 x29:0x00000001 x24=0x8dde2001
       26375000	      2636	80000cdc	02aaca63	blt	x21,x10,80000d10	 x21:0x00000000 x10:0xf3ce2509
       26385000	      2637	80000ce0	00245db3	srl	x27,x8,x2	  x8:0xa6d0bfc4  x2:0x00000000 x27=0xa6d0bfc4
       26395000	      2638	80000ce4	057ad663	bge	x21,x23,80000d30	 x21:0x00000000 x23:0x00000001
       26405000	      2639	80000ce8	010bd033	srl	x0,x23,x16	 x23:0x00000001 x16:0x00000000
       26415000	      2640	80000cec	01b20a63	beq	x4,x27,80000d00	  x4:0xf3ce2509 x27:0xa6d0bfc4
       26425000	      2641	80000cf0	003df033	and	x0,x27,x3	 x27:0xa6d0bfc4  x3:0xd0accb49
       26435000	      2642	80000cf4	02d84a63	blt	x16,x13,80000d28	 x16:0x00000000 x13:0x62936afc
       26445000	      2643	00000000	00000013	addi	x0,x0,0	  x0:0x00000000
       26455000	      2644	80000d24	00000013	addi	x0,x0,0	  x0:0x00000000
       26465000	      2645	80000d28	779c2537	lui	x10,0x779c2	 x10=0x779c2000
       26475000	      2646	80000d2c	00381e13	slli	x28,x16,0x3	 x16:0x00000000 x28=0x00000000
       26485000	      2647	80000d30	0273f663	bgeu	x7,x7,80000d5c	  x7:0x1bff9000  x7:0x1bff9000
       26495000	      2648	00000000	00000013	addi	x0,x0,0	  x0:0x00000000
       26505000	      2649	80000d58	00000013	addi	x0,x0,0	  x0:0x00000000
       26515000	      2650	80000d5c	0138a5b3	slt	x11,x17,x19	 x17:0x00000000 x19:0x00000000 x11=0x00000000
       26525000	      2651	80000d60	22381f97	auipc	x31,0x22381	 x31=0xa2381d5c
       26535000	      2652	80000d64	00afd263	bge	x31,x10,80000d68	 x31:0xa2381d5c x10:0x779c2000
       26545000	      2653	80000d68	004cf533	and	x10,x25,x4	 x25:0x1ea0e000  x4:0xf3ce2509 x10=0x12802000
       26555000	      2654	80000d6c	ae9d9a17	auipc	x20,0xae9d9	 x20=0x2e9d9d68
       26565000	      2655	80000d70	35523813	sltiu	x16,x4,853	  x4:0xf3ce2509 x16=0x00000000
       26575000	      2656	80000d74	cd7c8b93	addi	x23,x25,-809	 x25:0x1ea0e000 x23=0x1ea0dcd7
       26585000	      2657	80000d78	01bf5d93	srli	x27,x30,0x1b	 x30:0x80009f84 x27=0x00000010
       26595000	      2658	80000d7c	4d2ac013	xori	x0,x21,1234	 x21:0x00000000
       26605000	      2659	80000d80	40080fb3	sub	x31,x16,x0	 x16:0x00000000  x0:0x00000000 x31=0x00000000
       26615000	      2660	80000d84	010a5a33	srl	x20,x20,x16	 x20:0x2e9d9d68 x16:0x00000000 x20=0x2e9d9d68
       26625000	      2661	80000d88	04820263	beq	x4,x8,80000dcc	  x4:0xf3ce2509  x8:0xa6d0bfc4
       26635000	      2662	80000d8c	00ae2433	slt	x8,x28,x10	 x28:0x00000000 x10:0x12802000  x8=0x00000001
       26645000	      2663	80000d90	00696833	or	x16,x18,x6	 x18:0x80009fc4  x6:0x9be2a8cf x16=0x9be2bfcf
       26655000	      2664	80000d94	e35b6413	ori	x8,x22,-459	 x22:0x68655c1c  x8=0xfffffe3d
       26665000	      2665	80000d98	004f8e63	beq	x31,x4,80000db4	 x31:0x00000000  x4:0xf3ce2509
       26675000	      2666	80000d9c	e258f393	andi	x7,x17,-475	 x17:0x00000000  x7=0x00000000
       26685000	      2667	80000da0	013f7263	bgeu	x30,x19,80000da4	 x30:0x80009f84 x19:0x00000000
       26695000	      2668	00000000	00000013	addi	x0,x0,0	  x0:0x00000000
       26705000	      2669	80000da0	00000013	addi	x0,x0,0	  x0:0x00000000
       26715000	      2670	80000da4	031b0663	beq	x22,x17,80000dd0	 x22:0x68655c1c x17:0x00000000
       26725000	      2671	80000da8	d55ac093	xori	x1,x21,-683	 x21:0x00000000  x1=0xfffffd55
       26735000	      2672	80000dac	005711b3	sll	x3,x14,x5	 x14:0x68655c1c  x5:0x8dde2000  x3=0x68655c1c
       26745000	      2673	80000db0	0230ec63	bltu	x1,x3,80000de8	  x1:0xfffffd55  x3:0x68655c1c
       26755000	      2674	80000db4	4112dc13	srai	x24,x5,0x11	  x5:0x8dde2000 x24=0xffffc6ef
       26765000	      2675	80000db8	764bf493	andi	x9,x23,1892	 x23:0x1ea0dcd7  x9=0x00000444
       26775000	      2676	80000dbc	97b02a13	slti	x20,x0,-1669	  x0:0x00000000 x20=0x00000000
       26785000	      2677	80000dc0	014593b3	sll	x7,x11,x20	 x11:0x00000000 x20:0x00000000  x7=0x00000000
       26795000	      2678	80000dc4	00d04863	blt	x0,x13,80000dd4	  x0:0x00000000 x13:0x62936afc
       26805000	      2679	00000000	00000013	addi	x0,x0,0	  x0:0x00000000
       26815000	      2680	80000dd0	00000013	addi	x0,x0,0	  x0:0x00000000
       26825000	      2681	80000dd4	f5832893	slti	x17,x6,-168	  x6:0x9be2a8cf x17=0x00000001
       26835000	      2682	80000dd8	01639863	bne	x7,x22,80000de8	  x7:0x00000000 x22:0x68655c1c
       26845000	      2683	00000000	00000013	addi	x0,x0,0	  x0:0x00000000
       26855000	      2684	80000de4	00000013	addi	x0,x0,0	  x0:0x00000000
       26865000	      2685	80000de8	9b6c8a37	lui	x20,0x9b6c8	 x20=0x9b6c8000
       26875000	      2686	80000dec	00000217	auipc	x4,0x0	  x4=0x80000de8
       26885000	      2687	80000df0	00c20213	addi	x4,x4,12	  x4:0x80000de8  x4=0x80000df4
       26895000	      2688	80000df4	00020067	jalr	x0,x4,0	  x4:0x80000df4
       26905000	      2689	00000000	00000013	addi	x0,x0,0	  x0:0x00000000
       26915000	      2690	80000df4	00000013	addi	x0,x0,0	  x0:0x00000000
       26925000	      2691	80000df8	00100193	addi	x3,x0,1	  x0:0x00000000  x3=0x00000001
       26935000	      2692	80000dfc	00000073	ecall	
       26945000	      2693	80000e00	28393b93	sltiu	x23,x18,643	 x18:0x80009fc4 x23=0x00000000
