		Time			Cycle	PC		Insn	Decoded instruction	Register and memory contents
          65000	         5	80000004	00000293	addi	x5,x0,0	  x0:0x00000000  x5=0x00000000
          75000	         6	80000008	00000313	addi	x6,x0,0	  x0:0x00000000  x6=0x00000000
          85000	         7	8000000c	00628263	beq	x5,x6,80000010	  x5:0x00000000  x6:0x00000000
          95000	         8	00000000	00000013	addi	x0,x0,0	  x0:0x00000000
         105000	         9	8000000c	00000013	addi	x0,x0,0	  x0:0x00000000
         115000	        10	80000010	00000a97	auipc	x21,0x0	 x21=0x8000000c
         125000	        11	80000014	00ca8a93	addi	x21,x21,12	 x21:0x8000000c x21=0x80000018
         135000	        12	80000018	000a8067	jalr	x0,x21,0	 x21:0x80000018
         145000	        13	00000000	00000013	addi	x0,x0,0	  x0:0x00000000
         155000	        14	80000018	00000013	addi	x0,x0,0	  x0:0x00000000
         165000	        15	8000001c	40000d37	lui	x26,0x40000	 x26=0x40000000
         175000	        16	80000020	100d0d13	addi	x26,x26,256	 x26:0x40000000 x26=0x40000100
         185000	        17	80000024	00000013	addi	x0,x0,0	  x0:0x00000000
         195000	        18	80000028	0000a117	auipc	x2,0xa	  x2=0x8000a024
         205000	        19	8000002c	fa010113	addi	x2,x2,-96	  x2:0x8000a024  x2=0x80009fc4
         215000	        20	80000030	00004d17	auipc	x26,0x4	 x26=0x8000402c
         225000	        21	80000034	904d0d13	addi	x26,x26,-1788	 x26:0x8000402c x26=0x80003930
         235000	        22	80000038	001d6d13	ori	x26,x26,1	 x26:0x80003930 x26=0x80003931
         245000	        23	8000003c	00000013	addi	x0,x0,0	  x0:0x00000000
         255000	        24	80000040	00000d17	auipc	x26,0x0	 x26=0x8000003c
         265000	        25	80000044	020d0d13	addi	x26,x26,32	 x26:0x8000003c x26=0x8000005c
         275000	        26	80000048	00000013	addi	x0,x0,0	  x0:0x00000000
         285000	        27	8000004c	00000013	addi	x0,x0,0	  x0:0x00000000
         295000	        28	80000050	00002d37	lui	x26,0x2	 x26=0x00002000
         305000	        29	80000054	800d0d13	addi	x26,x26,-2048	 x26:0x00002000 x26=0x00001800
         315000	        30	80000058	00000013	addi	x0,x0,0	  x0:0x00000000
         325000	        31	8000005c	00000013	addi	x0,x0,0	  x0:0x00000000
         335000	        32	80000060	00000013	addi	x0,x0,0	  x0:0x00000000
         345000	        33	80000064	800000b7	lui	x1,0x80000	  x1=0x80000000
         355000	        34	80000068	00000193	addi	x3,x0,0	  x0:0x00000000  x3=0x00000000
         365000	        35	8000006c	00900213	addi	x4,x0,9	  x0:0x00000000  x4=0x00000009
         375000	        36	80000070	ff22c2b7	lui	x5,0xff22c	  x5=0xff22c000
         385000	        37	80000074	dcf28293	addi	x5,x5,-561	  x5:0xff22c000  x5=0xff22bdcf
         395000	        38	80000078	00e00313	addi	x6,x0,14	  x0:0x00000000  x6=0x0000000e
         405000	        39	8000007c	00900393	addi	x7,x0,9	  x0:0x00000000  x7=0x00000009
         415000	        40	80000080	fc3f1437	lui	x8,0xfc3f1	  x8=0xfc3f1000
         425000	        41	80000084	28940413	addi	x8,x8,649	  x8:0xfc3f1000  x8=0xfc3f1289
         435000	        42	80000088	00900493	addi	x9,x0,9	  x0:0x00000000  x9=0x00000009
         445000	        43	8000008c	00d00513	addi	x10,x0,13	  x0:0x00000000 x10=0x0000000d
         455000	        44	80000090	f99d35b7	lui	x11,0xf99d3	 x11=0xf99d3000
         465000	        45	80000094	b8958593	addi	x11,x11,-1143	 x11:0xf99d3000 x11=0xf99d2b89
         475000	        46	80000098	00000613	addi	x12,x0,0	  x0:0x00000000 x12=0x00000000
         485000	        47	8000009c	800006b7	lui	x13,0x80000	 x13=0x80000000
         495000	        48	800000a0	fb3167b7	lui	x15,0xfb316	 x15=0xfb316000
         505000	        49	800000a4	9a578793	addi	x15,x15,-1627	 x15:0xfb316000 x15=0xfb3159a5
         515000	        50	800000a8	00f00813	addi	x16,x0,15	  x0:0x00000000 x16=0x0000000f
         525000	        51	800000ac	00900893	addi	x17,x0,9	  x0:0x00000000 x17=0x00000009
         535000	        52	800000b0	00000913	addi	x18,x0,0	  x0:0x00000000 x18=0x00000000
         545000	        53	800000b4	00800993	addi	x19,x0,8	  x0:0x00000000 x19=0x00000008
         555000	        54	800000b8	00000a13	addi	x20,x0,0	  x0:0x00000000 x20=0x00000000
         565000	        55	800000bc	00900a93	addi	x21,x0,9	  x0:0x00000000 x21=0x00000009
         575000	        56	800000c0	00000b13	addi	x22,x0,0	  x0:0x00000000 x22=0x00000000
         585000	        57	800000c4	00000b93	addi	x23,x0,0	  x0:0x00000000 x23=0x00000000
         595000	        58	800000c8	00300c13	addi	x24,x0,3	  x0:0x00000000 x24=0x00000003
         605000	        59	800000cc	fd7f2cb7	lui	x25,0xfd7f2	 x25=0xfd7f2000
         615000	        60	800000d0	366c8c93	addi	x25,x25,870	 x25:0xfd7f2000 x25=0xfd7f2366
         625000	        61	800000d4	00b00d13	addi	x26,x0,11	  x0:0x00000000 x26=0x0000000b
         635000	        62	800000d8	00000d93	addi	x27,x0,0	  x0:0x00000000 x27=0x00000000
         645000	        63	800000dc	b66d9e37	lui	x28,0xb66d9	 x28=0xb66d9000
         655000	        64	800000e0	3d1e0e13	addi	x28,x28,977	 x28:0xb66d9000 x28=0xb66d93d1
         665000	        65	800000e4	e1dc1eb7	lui	x29,0xe1dc1	 x29=0xe1dc1000
         675000	        66	800000e8	405e8e93	addi	x29,x29,1029	 x29:0xe1dc1000 x29=0xe1dc1405
         685000	        67	800000ec	00000f13	addi	x30,x0,0	  x0:0x00000000 x30=0x00000000
         695000	        68	800000f0	00100f93	addi	x31,x0,1	  x0:0x00000000 x31=0x00000001
         705000	        69	800000f4	0000a717	auipc	x14,0xa	 x14=0x8000a0f0
         715000	        70	800000f8	e9470713	addi	x14,x14,-364	 x14:0x8000a0f0 x14=0x80009f84
         725000	        71	800000fc	00200c93	addi	x25,x0,2	  x0:0x00000000 x25=0x00000002
         735000	        72	80000100	019f6e33	or	x28,x30,x25	 x30:0x00000000 x25:0x00000002 x28=0x00000002
         745000	        73	80000104	72cf0517	auipc	x10,0x72cf0	 x10=0xf2cf0100
         755000	        74	80000108	0138d533	srl	x10,x17,x19	 x17:0x00000009 x19:0x00000008 x10=0x00000000
         765000	        75	8000010c	00016c33	or	x24,x2,x0	  x2:0x80009fc4  x0:0x00000000 x24=0x80009fc4
         775000	        76	80000110	009b3833	sltu	x16,x22,x9	 x22:0x00000000  x9:0x00000009 x16=0x00000001
         785000	        77	80000114	01300e93	addi	x29,x0,19	  x0:0x00000000 x29=0x00000013
         795000	        78	80000118	01713b33	sltu	x22,x2,x23	  x2:0x80009fc4 x23:0x00000000 x22=0x00000000
         805000	        79	8000011c	413e87b3	sub	x15,x29,x19	 x29:0x00000013 x19:0x00000008 x15=0x0000000b
         815000	        80	80000120	00a1f233	and	x4,x3,x10	  x3:0x00000000 x10:0x00000000  x4=0x00000000
         825000	        81	80000124	00000013	addi	x0,x0,0	  x0:0x00000000
         835000	        82	80000128	004c8c93	addi	x25,x25,4	 x25:0x00000002 x25=0x00000006
         845000	        83	8000012c	49d90817	auipc	x16,0x49d90	 x16=0xc9d90128
         855000	        84	80000130	ff600d13	addi	x26,x0,-10	  x0:0x00000000 x26=0xfffffff6
         865000	        85	80000134	40125a33	sra	x20,x4,x1	  x4:0x00000000  x1:0x80000000 x20=0x00000000
         875000	        86	80000138	4241fa13	andi	x20,x3,1060	  x3:0x00000000 x20=0x00000000
         885000	        87	8000013c	fec00613	addi	x12,x0,-20	  x0:0x00000000 x12=0xffffffec
         895000	        88	80000140	4dfda993	slti	x19,x27,1247	 x27:0x00000000 x19=0x00000001
         905000	        89	80000144	00349193	slli	x3,x9,0x3	  x9:0x00000009  x3=0x00000048
         915000	        90	80000148	410302b3	sub	x5,x6,x16	  x6:0x0000000e x16:0xc9d90128  x5=0x3626fee6
         925000	        91	8000014c	0014d393	srli	x7,x9,0x1	  x9:0x00000009  x7=0x00000004
         935000	        92	80000150	fffd0d13	addi	x26,x26,-1	 x26:0xfffffff6 x26=0xfffffff5
         945000	        93	80000154	eaf14993	xori	x19,x2,-337	  x2:0x80009fc4 x19=0x7fff616b
         955000	        94	80000158	fecd58e3	bge	x26,x12,80000148	 x26:0xfffffff5 x12:0xffffffec
         965000	        95	00000000	00000013	addi	x0,x0,0	  x0:0x00000000
         975000	        96	80000144	00000013	addi	x0,x0,0	  x0:0x00000000
         985000	        97	80000148	410302b3	sub	x5,x6,x16	  x6:0x0000000e x16:0xc9d90128  x5=0x3626fee6
         995000	        98	8000014c	0014d393	srli	x7,x9,0x1	  x9:0x00000009  x7=0x00000004
        1005000	        99	80000150	fffd0d13	addi	x26,x26,-1	 x26:0xfffffff5 x26=0xfffffff4
        1015000	       100	80000154	eaf14993	xori	x19,x2,-337	  x2:0x80009fc4 x19=0x7fff616b
        1025000	       101	80000158	fecd58e3	bge	x26,x12,80000148	 x26:0xfffffff4 x12:0xffffffec
        1035000	       102	00000000	00000013	addi	x0,x0,0	  x0:0x00000000
        1045000	       103	80000144	00000013	addi	x0,x0,0	  x0:0x00000000
        1055000	       104	80000148	410302b3	sub	x5,x6,x16	  x6:0x0000000e x16:0xc9d90128  x5=0x3626fee6
        1065000	       105	8000014c	0014d393	srli	x7,x9,0x1	  x9:0x00000009  x7=0x00000004
        1075000	       106	80000150	fffd0d13	addi	x26,x26,-1	 x26:0xfffffff4 x26=0xfffffff3
        1085000	       107	80000154	eaf14993	xori	x19,x2,-337	  x2:0x80009fc4 x19=0x7fff616b
        1095000	       108	80000158	fecd58e3	bge	x26,x12,80000148	 x26:0xfffffff3 x12:0xffffffec
        1105000	       109	00000000	00000013	addi	x0,x0,0	  x0:0x00000000
        1115000	       110	80000144	00000013	addi	x0,x0,0	  x0:0x00000000
        1125000	       111	80000148	410302b3	sub	x5,x6,x16	  x6:0x0000000e x16:0xc9d90128  x5=0x3626fee6
        1135000	       112	8000014c	0014d393	srli	x7,x9,0x1	  x9:0x00000009  x7=0x00000004
        1145000	       113	80000150	fffd0d13	addi	x26,x26,-1	 x26:0xfffffff3 x26=0xfffffff2
        1155000	       114	80000154	eaf14993	xori	x19,x2,-337	  x2:0x80009fc4 x19=0x7fff616b
        1165000	       115	80000158	fecd58e3	bge	x26,x12,80000148	 x26:0xfffffff2 x12:0xffffffec
        1175000	       116	00000000	00000013	addi	x0,x0,0	  x0:0x00000000
        1185000	       117	80000144	00000013	addi	x0,x0,0	  x0:0x00000000
        1195000	       118	80000148	410302b3	sub	x5,x6,x16	  x6:0x0000000e x16:0xc9d90128  x5=0x3626fee6
        1205000	       119	8000014c	0014d393	srli	x7,x9,0x1	  x9:0x00000009  x7=0x00000004
        1215000	       120	80000150	fffd0d13	addi	x26,x26,-1	 x26:0xfffffff2 x26=0xfffffff1
        1225000	       121	80000154	eaf14993	xori	x19,x2,-337	  x2:0x80009fc4 x19=0x7fff616b
        1235000	       122	80000158	fecd58e3	bge	x26,x12,80000148	 x26:0xfffffff1 x12:0xffffffec
        1245000	       123	00000000	00000013	addi	x0,x0,0	  x0:0x00000000
        1255000	       124	80000144	00000013	addi	x0,x0,0	  x0:0x00000000
        1265000	       125	80000148	410302b3	sub	x5,x6,x16	  x6:0x0000000e x16:0xc9d90128  x5=0x3626fee6
        1275000	       126	8000014c	0014d393	srli	x7,x9,0x1	  x9:0x00000009  x7=0x00000004
        1285000	       127	80000150	fffd0d13	addi	x26,x26,-1	 x26:0xfffffff1 x26=0xfffffff0
        1295000	       128	80000154	eaf14993	xori	x19,x2,-337	  x2:0x80009fc4 x19=0x7fff616b
        1305000	       129	80000158	fecd58e3	bge	x26,x12,80000148	 x26:0xfffffff0 x12:0xffffffec
        1315000	       130	00000000	00000013	addi	x0,x0,0	  x0:0x00000000
        1325000	       131	80000144	00000013	addi	x0,x0,0	  x0:0x00000000
        1335000	       132	80000148	410302b3	sub	x5,x6,x16	  x6:0x0000000e x16:0xc9d90128  x5=0x3626fee6
        1345000	       133	8000014c	0014d393	srli	x7,x9,0x1	  x9:0x00000009  x7=0x00000004
        1355000	       134	80000150	fffd0d13	addi	x26,x26,-1	 x26:0xfffffff0 x26=0xffffffef
        1365000	       135	80000154	eaf14993	xori	x19,x2,-337	  x2:0x80009fc4 x19=0x7fff616b
        1375000	       136	80000158	fecd58e3	bge	x26,x12,80000148	 x26:0xffffffef x12:0xffffffec
        1385000	       137	00000000	00000013	addi	x0,x0,0	  x0:0x00000000
        1395000	       138	80000144	00000013	addi	x0,x0,0	  x0:0x00000000
        1405000	       139	80000148	410302b3	sub	x5,x6,x16	  x6:0x0000000e x16:0xc9d90128  x5=0x3626fee6
        1415000	       140	8000014c	0014d393	srli	x7,x9,0x1	  x9:0x00000009  x7=0x00000004
        1425000	       141	80000150	fffd0d13	addi	x26,x26,-1	 x26:0xffffffef x26=0xffffffee
        1435000	       142	80000154	eaf14993	xori	x19,x2,-337	  x2:0x80009fc4 x19=0x7fff616b
        1445000	       143	80000158	fecd58e3	bge	x26,x12,80000148	 x26:0xffffffee x12:0xffffffec
        1455000	       144	00000000	00000013	addi	x0,x0,0	  x0:0x00000000
        1465000	       145	80000144	00000013	addi	x0,x0,0	  x0:0x00000000
        1475000	       146	80000148	410302b3	sub	x5,x6,x16	  x6:0x0000000e x16:0xc9d90128  x5=0x3626fee6
        1485000	       147	8000014c	0014d393	srli	x7,x9,0x1	  x9:0x00000009  x7=0x00000004
        1495000	       148	80000150	fffd0d13	addi	x26,x26,-1	 x26:0xffffffee x26=0xffffffed
        1505000	       149	80000154	eaf14993	xori	x19,x2,-337	  x2:0x80009fc4 x19=0x7fff616b
        1515000	       150	80000158	fecd58e3	bge	x26,x12,80000148	 x26:0xffffffed x12:0xffffffec
        1525000	       151	00000000	00000013	addi	x0,x0,0	  x0:0x00000000
        1535000	       152	80000144	00000013	addi	x0,x0,0	  x0:0x00000000
        1545000	       153	80000148	410302b3	sub	x5,x6,x16	  x6:0x0000000e x16:0xc9d90128  x5=0x3626fee6
        1555000	       154	8000014c	0014d393	srli	x7,x9,0x1	  x9:0x00000009  x7=0x00000004
        1565000	       155	80000150	fffd0d13	addi	x26,x26,-1	 x26:0xffffffed x26=0xffffffec
        1575000	       156	80000154	eaf14993	xori	x19,x2,-337	  x2:0x80009fc4 x19=0x7fff616b
        1585000	       157	80000158	fecd58e3	bge	x26,x12,80000148	 x26:0xffffffec x12:0xffffffec
        1595000	       158	00000000	00000013	addi	x0,x0,0	  x0:0x00000000
        1605000	       159	80000144	00000013	addi	x0,x0,0	  x0:0x00000000
        1615000	       160	80000148	410302b3	sub	x5,x6,x16	  x6:0x0000000e x16:0xc9d90128  x5=0x3626fee6
        1625000	       161	8000014c	0014d393	srli	x7,x9,0x1	  x9:0x00000009  x7=0x00000004
        1635000	       162	80000150	fffd0d13	addi	x26,x26,-1	 x26:0xffffffec x26=0xffffffeb
        1645000	       163	80000154	eaf14993	xori	x19,x2,-337	  x2:0x80009fc4 x19=0x7fff616b
        1655000	       164	80000158	fecd58e3	bge	x26,x12,80000148	 x26:0xffffffeb x12:0xffffffec
        1665000	       165	8000015c	494d0e37	lui	x28,0x494d0	 x28=0x494d0000
        1675000	       166	80000160	fddcc0e3	blt	x25,x29,80000120	 x25:0x00000006 x29:0x00000013
        1685000	       167	00000000	00000013	addi	x0,x0,0	  x0:0x00000000
        1695000	       168	8000011c	00000013	addi	x0,x0,0	  x0:0x00000000
        1705000	       169	80000120	00a1f233	and	x4,x3,x10	  x3:0x00000048 x10:0x00000000  x4=0x00000000
        1715000	       170	80000124	00000013	addi	x0,x0,0	  x0:0x00000000
        1725000	       171	80000128	004c8c93	addi	x25,x25,4	 x25:0x00000006 x25=0x0000000a
        1735000	       172	8000012c	49d90817	auipc	x16,0x49d90	 x16=0xc9d90128
        1745000	       173	80000130	ff600d13	addi	x26,x0,-10	  x0:0x00000000 x26=0xfffffff6
        1755000	       174	80000134	40125a33	sra	x20,x4,x1	  x4:0x00000000  x1:0x80000000 x20=0x00000000
        1765000	       175	80000138	4241fa13	andi	x20,x3,1060	  x3:0x00000048 x20=0x00000000
        1775000	       176	8000013c	fec00613	addi	x12,x0,-20	  x0:0x00000000 x12=0xffffffec
        1785000	       177	80000140	4dfda993	slti	x19,x27,1247	 x27:0x00000000 x19=0x00000001
        1795000	       178	80000144	00349193	slli	x3,x9,0x3	  x9:0x00000009  x3=0x00000048
        1805000	       179	80000148	410302b3	sub	x5,x6,x16	  x6:0x0000000e x16:0xc9d90128  x5=0x3626fee6
        1815000	       180	8000014c	0014d393	srli	x7,x9,0x1	  x9:0x00000009  x7=0x00000004
        1825000	       181	80000150	fffd0d13	addi	x26,x26,-1	 x26:0xfffffff6 x26=0xfffffff5
        1835000	       182	80000154	eaf14993	xori	x19,x2,-337	  x2:0x80009fc4 x19=0x7fff616b
        1845000	       183	80000158	fecd58e3	bge	x26,x12,80000148	 x26:0xfffffff5 x12:0xffffffec
        1855000	       184	00000000	00000013	addi	x0,x0,0	  x0:0x00000000
        1865000	       185	80000144	00000013	addi	x0,x0,0	  x0:0x00000000
        1875000	       186	80000148	410302b3	sub	x5,x6,x16	  x6:0x0000000e x16:0xc9d90128  x5=0x3626fee6
        1885000	       187	8000014c	0014d393	srli	x7,x9,0x1	  x9:0x00000009  x7=0x00000004
        1895000	       188	80000150	fffd0d13	addi	x26,x26,-1	 x26:0xfffffff5 x26=0xfffffff4
        1905000	       189	80000154	eaf14993	xori	x19,x2,-337	  x2:0x80009fc4 x19=0x7fff616b
        1915000	       190	80000158	fecd58e3	bge	x26,x12,80000148	 x26:0xfffffff4 x12:0xffffffec
        1925000	       191	00000000	00000013	addi	x0,x0,0	  x0:0x00000000
        1935000	       192	80000144	00000013	addi	x0,x0,0	  x0:0x00000000
        1945000	       193	80000148	410302b3	sub	x5,x6,x16	  x6:0x0000000e x16:0xc9d90128  x5=0x3626fee6
        1955000	       194	8000014c	0014d393	srli	x7,x9,0x1	  x9:0x00000009  x7=0x00000004
        1965000	       195	80000150	fffd0d13	addi	x26,x26,-1	 x26:0xfffffff4 x26=0xfffffff3
        1975000	       196	80000154	eaf14993	xori	x19,x2,-337	  x2:0x80009fc4 x19=0x7fff616b
        1985000	       197	80000158	fecd58e3	bge	x26,x12,80000148	 x26:0xfffffff3 x12:0xffffffec
        1995000	       198	00000000	00000013	addi	x0,x0,0	  x0:0x00000000
        2005000	       199	80000144	00000013	addi	x0,x0,0	  x0:0x00000000
        2015000	       200	80000148	410302b3	sub	x5,x6,x16	  x6:0x0000000e x16:0xc9d90128  x5=0x3626fee6
        2025000	       201	8000014c	0014d393	srli	x7,x9,0x1	  x9:0x00000009  x7=0x00000004
        2035000	       202	80000150	fffd0d13	addi	x26,x26,-1	 x26:0xfffffff3 x26=0xfffffff2
        2045000	       203	80000154	eaf14993	xori	x19,x2,-337	  x2:0x80009fc4 x19=0x7fff616b
        2055000	       204	80000158	fecd58e3	bge	x26,x12,80000148	 x26:0xfffffff2 x12:0xffffffec
        2065000	       205	00000000	00000013	addi	x0,x0,0	  x0:0x00000000
        2075000	       206	80000144	00000013	addi	x0,x0,0	  x0:0x00000000
        2085000	       207	80000148	410302b3	sub	x5,x6,x16	  x6:0x0000000e x16:0xc9d90128  x5=0x3626fee6
        2095000	       208	8000014c	0014d393	srli	x7,x9,0x1	  x9:0x00000009  x7=0x00000004
        2105000	       209	80000150	fffd0d13	addi	x26,x26,-1	 x26:0xfffffff2 x26=0xfffffff1
        2115000	       210	80000154	eaf14993	xori	x19,x2,-337	  x2:0x80009fc4 x19=0x7fff616b
        2125000	       211	80000158	fecd58e3	bge	x26,x12,80000148	 x26:0xfffffff1 x12:0xffffffec
        2135000	       212	00000000	00000013	addi	x0,x0,0	  x0:0x00000000
        2145000	       213	80000144	00000013	addi	x0,x0,0	  x0:0x00000000
        2155000	       214	80000148	410302b3	sub	x5,x6,x16	  x6:0x0000000e x16:0xc9d90128  x5=0x3626fee6
        2165000	       215	8000014c	0014d393	srli	x7,x9,0x1	  x9:0x00000009  x7=0x00000004
        2175000	       216	80000150	fffd0d13	addi	x26,x26,-1	 x26:0xfffffff1 x26=0xfffffff0
        2185000	       217	80000154	eaf14993	xori	x19,x2,-337	  x2:0x80009fc4 x19=0x7fff616b
        2195000	       218	80000158	fecd58e3	bge	x26,x12,80000148	 x26:0xfffffff0 x12:0xffffffec
        2205000	       219	00000000	00000013	addi	x0,x0,0	  x0:0x00000000
        2215000	       220	80000144	00000013	addi	x0,x0,0	  x0:0x00000000
        2225000	       221	80000148	410302b3	sub	x5,x6,x16	  x6:0x0000000e x16:0xc9d90128  x5=0x3626fee6
        2235000	       222	8000014c	0014d393	srli	x7,x9,0x1	  x9:0x00000009  x7=0x00000004
        2245000	       223	80000150	fffd0d13	addi	x26,x26,-1	 x26:0xfffffff0 x26=0xffffffef
        2255000	       224	80000154	eaf14993	xori	x19,x2,-337	  x2:0x80009fc4 x19=0x7fff616b
        2265000	       225	80000158	fecd58e3	bge	x26,x12,80000148	 x26:0xffffffef x12:0xffffffec
        2275000	       226	00000000	00000013	addi	x0,x0,0	  x0:0x00000000
        2285000	       227	80000144	00000013	addi	x0,x0,0	  x0:0x00000000
        2295000	       228	80000148	410302b3	sub	x5,x6,x16	  x6:0x0000000e x16:0xc9d90128  x5=0x3626fee6
        2305000	       229	8000014c	0014d393	srli	x7,x9,0x1	  x9:0x00000009  x7=0x00000004
        2315000	       230	80000150	fffd0d13	addi	x26,x26,-1	 x26:0xffffffef x26=0xffffffee
        2325000	       231	80000154	eaf14993	xori	x19,x2,-337	  x2:0x80009fc4 x19=0x7fff616b
        2335000	       232	80000158	fecd58e3	bge	x26,x12,80000148	 x26:0xffffffee x12:0xffffffec
        2345000	       233	00000000	00000013	addi	x0,x0,0	  x0:0x00000000
        2355000	       234	80000144	00000013	addi	x0,x0,0	  x0:0x00000000
        2365000	       235	80000148	410302b3	sub	x5,x6,x16	  x6:0x0000000e x16:0xc9d90128  x5=0x3626fee6
        2375000	       236	8000014c	0014d393	srli	x7,x9,0x1	  x9:0x00000009  x7=0x00000004
        2385000	       237	80000150	fffd0d13	addi	x26,x26,-1	 x26:0xffffffee x26=0xffffffed
        2395000	       238	80000154	eaf14993	xori	x19,x2,-337	  x2:0x80009fc4 x19=0x7fff616b
        2405000	       239	80000158	fecd58e3	bge	x26,x12,80000148	 x26:0xffffffed x12:0xffffffec
        2415000	       240	00000000	00000013	addi	x0,x0,0	  x0:0x00000000
        2425000	       241	80000144	00000013	addi	x0,x0,0	  x0:0x00000000
        2435000	       242	80000148	410302b3	sub	x5,x6,x16	  x6:0x0000000e x16:0xc9d90128  x5=0x3626fee6
        2445000	       243	8000014c	0014d393	srli	x7,x9,0x1	  x9:0x00000009  x7=0x00000004
        2455000	       244	80000150	fffd0d13	addi	x26,x26,-1	 x26:0xffffffed x26=0xffffffec
        2465000	       245	80000154	eaf14993	xori	x19,x2,-337	  x2:0x80009fc4 x19=0x7fff616b
        2475000	       246	80000158	fecd58e3	bge	x26,x12,80000148	 x26:0xffffffec x12:0xffffffec
        2485000	       247	00000000	00000013	addi	x0,x0,0	  x0:0x00000000
        2495000	       248	80000144	00000013	addi	x0,x0,0	  x0:0x00000000
        2505000	       249	80000148	410302b3	sub	x5,x6,x16	  x6:0x0000000e x16:0xc9d90128  x5=0x3626fee6
        2515000	       250	8000014c	0014d393	srli	x7,x9,0x1	  x9:0x00000009  x7=0x00000004
        2525000	       251	80000150	fffd0d13	addi	x26,x26,-1	 x26:0xffffffec x26=0xffffffeb
        2535000	       252	80000154	eaf14993	xori	x19,x2,-337	  x2:0x80009fc4 x19=0x7fff616b
        2545000	       253	80000158	fecd58e3	bge	x26,x12,80000148	 x26:0xffffffeb x12:0xffffffec
        2555000	       254	8000015c	494d0e37	lui	x28,0x494d0	 x28=0x494d0000
        2565000	       255	80000160	fddcc0e3	blt	x25,x29,80000120	 x25:0x0000000a x29:0x00000013
        2575000	       256	00000000	00000013	addi	x0,x0,0	  x0:0x00000000
        2585000	       257	8000011c	00000013	addi	x0,x0,0	  x0:0x00000000
        2595000	       258	80000120	00a1f233	and	x4,x3,x10	  x3:0x00000048 x10:0x00000000  x4=0x00000000
        2605000	       259	80000124	00000013	addi	x0,x0,0	  x0:0x00000000
        2615000	       260	80000128	004c8c93	addi	x25,x25,4	 x25:0x0000000a x25=0x0000000e
        2625000	       261	8000012c	49d90817	auipc	x16,0x49d90	 x16=0xc9d90128
        2635000	       262	80000130	ff600d13	addi	x26,x0,-10	  x0:0x00000000 x26=0xfffffff6
        2645000	       263	80000134	40125a33	sra	x20,x4,x1	  x4:0x00000000  x1:0x80000000 x20=0x00000000
        2655000	       264	80000138	4241fa13	andi	x20,x3,1060	  x3:0x00000048 x20=0x00000000
        2665000	       265	8000013c	fec00613	addi	x12,x0,-20	  x0:0x00000000 x12=0xffffffec
        2675000	       266	80000140	4dfda993	slti	x19,x27,1247	 x27:0x00000000 x19=0x00000001
        2685000	       267	80000144	00349193	slli	x3,x9,0x3	  x9:0x00000009  x3=0x00000048
        2695000	       268	80000148	410302b3	sub	x5,x6,x16	  x6:0x0000000e x16:0xc9d90128  x5=0x3626fee6
        2705000	       269	8000014c	0014d393	srli	x7,x9,0x1	  x9:0x00000009  x7=0x00000004
        2715000	       270	80000150	fffd0d13	addi	x26,x26,-1	 x26:0xfffffff6 x26=0xfffffff5
        2725000	       271	80000154	eaf14993	xori	x19,x2,-337	  x2:0x80009fc4 x19=0x7fff616b
        2735000	       272	80000158	fecd58e3	bge	x26,x12,80000148	 x26:0xfffffff5 x12:0xffffffec
        2745000	       273	00000000	00000013	addi	x0,x0,0	  x0:0x00000000
        2755000	       274	80000144	00000013	addi	x0,x0,0	  x0:0x00000000
        2765000	       275	80000148	410302b3	sub	x5,x6,x16	  x6:0x0000000e x16:0xc9d90128  x5=0x3626fee6
        2775000	       276	8000014c	0014d393	srli	x7,x9,0x1	  x9:0x00000009  x7=0x00000004
        2785000	       277	80000150	fffd0d13	addi	x26,x26,-1	 x26:0xfffffff5 x26=0xfffffff4
        2795000	       278	80000154	eaf14993	xori	x19,x2,-337	  x2:0x80009fc4 x19=0x7fff616b
        2805000	       279	80000158	fecd58e3	bge	x26,x12,80000148	 x26:0xfffffff4 x12:0xffffffec
        2815000	       280	00000000	00000013	addi	x0,x0,0	  x0:0x00000000
        2825000	       281	80000144	00000013	addi	x0,x0,0	  x0:0x00000000
        2835000	       282	80000148	410302b3	sub	x5,x6,x16	  x6:0x0000000e x16:0xc9d90128  x5=0x3626fee6
        2845000	       283	8000014c	0014d393	srli	x7,x9,0x1	  x9:0x00000009  x7=0x00000004
        2855000	       284	80000150	fffd0d13	addi	x26,x26,-1	 x26:0xfffffff4 x26=0xfffffff3
        2865000	       285	80000154	eaf14993	xori	x19,x2,-337	  x2:0x80009fc4 x19=0x7fff616b
        2875000	       286	80000158	fecd58e3	bge	x26,x12,80000148	 x26:0xfffffff3 x12:0xffffffec
        2885000	       287	00000000	00000013	addi	x0,x0,0	  x0:0x00000000
        2895000	       288	80000144	00000013	addi	x0,x0,0	  x0:0x00000000
        2905000	       289	80000148	410302b3	sub	x5,x6,x16	  x6:0x0000000e x16:0xc9d90128  x5=0x3626fee6
        2915000	       290	8000014c	0014d393	srli	x7,x9,0x1	  x9:0x00000009  x7=0x00000004
        2925000	       291	80000150	fffd0d13	addi	x26,x26,-1	 x26:0xfffffff3 x26=0xfffffff2
        2935000	       292	80000154	eaf14993	xori	x19,x2,-337	  x2:0x80009fc4 x19=0x7fff616b
        2945000	       293	80000158	fecd58e3	bge	x26,x12,80000148	 x26:0xfffffff2 x12:0xffffffec
        2955000	       294	00000000	00000013	addi	x0,x0,0	  x0:0x00000000
        2965000	       295	80000144	00000013	addi	x0,x0,0	  x0:0x00000000
        2975000	       296	80000148	410302b3	sub	x5,x6,x16	  x6:0x0000000e x16:0xc9d90128  x5=0x3626fee6
        2985000	       297	8000014c	0014d393	srli	x7,x9,0x1	  x9:0x00000009  x7=0x00000004
        2995000	       298	80000150	fffd0d13	addi	x26,x26,-1	 x26:0xfffffff2 x26=0xfffffff1
        3005000	       299	80000154	eaf14993	xori	x19,x2,-337	  x2:0x80009fc4 x19=0x7fff616b
        3015000	       300	80000158	fecd58e3	bge	x26,x12,80000148	 x26:0xfffffff1 x12:0xffffffec
        3025000	       301	00000000	00000013	addi	x0,x0,0	  x0:0x00000000
        3035000	       302	80000144	00000013	addi	x0,x0,0	  x0:0x00000000
        3045000	       303	80000148	410302b3	sub	x5,x6,x16	  x6:0x0000000e x16:0xc9d90128  x5=0x3626fee6
        3055000	       304	8000014c	0014d393	srli	x7,x9,0x1	  x9:0x00000009  x7=0x00000004
        3065000	       305	80000150	fffd0d13	addi	x26,x26,-1	 x26:0xfffffff1 x26=0xfffffff0
        3075000	       306	80000154	eaf14993	xori	x19,x2,-337	  x2:0x80009fc4 x19=0x7fff616b
        3085000	       307	80000158	fecd58e3	bge	x26,x12,80000148	 x26:0xfffffff0 x12:0xffffffec
        3095000	       308	00000000	00000013	addi	x0,x0,0	  x0:0x00000000
        3105000	       309	80000144	00000013	addi	x0,x0,0	  x0:0x00000000
        3115000	       310	80000148	410302b3	sub	x5,x6,x16	  x6:0x0000000e x16:0xc9d90128  x5=0x3626fee6
        3125000	       311	8000014c	0014d393	srli	x7,x9,0x1	  x9:0x00000009  x7=0x00000004
        3135000	       312	80000150	fffd0d13	addi	x26,x26,-1	 x26:0xfffffff0 x26=0xffffffef
        3145000	       313	80000154	eaf14993	xori	x19,x2,-337	  x2:0x80009fc4 x19=0x7fff616b
        3155000	       314	80000158	fecd58e3	bge	x26,x12,80000148	 x26:0xffffffef x12:0xffffffec
        3165000	       315	00000000	00000013	addi	x0,x0,0	  x0:0x00000000
        3175000	       316	80000144	00000013	addi	x0,x0,0	  x0:0x00000000
        3185000	       317	80000148	410302b3	sub	x5,x6,x16	  x6:0x0000000e x16:0xc9d90128  x5=0x3626fee6
        3195000	       318	8000014c	0014d393	srli	x7,x9,0x1	  x9:0x00000009  x7=0x00000004
        3205000	       319	80000150	fffd0d13	addi	x26,x26,-1	 x26:0xffffffef x26=0xffffffee
        3215000	       320	80000154	eaf14993	xori	x19,x2,-337	  x2:0x80009fc4 x19=0x7fff616b
        3225000	       321	80000158	fecd58e3	bge	x26,x12,80000148	 x26:0xffffffee x12:0xffffffec
        3235000	       322	00000000	00000013	addi	x0,x0,0	  x0:0x00000000
        3245000	       323	80000144	00000013	addi	x0,x0,0	  x0:0x00000000
        3255000	       324	80000148	410302b3	sub	x5,x6,x16	  x6:0x0000000e x16:0xc9d90128  x5=0x3626fee6
        3265000	       325	8000014c	0014d393	srli	x7,x9,0x1	  x9:0x00000009  x7=0x00000004
        3275000	       326	80000150	fffd0d13	addi	x26,x26,-1	 x26:0xffffffee x26=0xffffffed
        3285000	       327	80000154	eaf14993	xori	x19,x2,-337	  x2:0x80009fc4 x19=0x7fff616b
        3295000	       328	80000158	fecd58e3	bge	x26,x12,80000148	 x26:0xffffffed x12:0xffffffec
        3305000	       329	00000000	00000013	addi	x0,x0,0	  x0:0x00000000
        3315000	       330	80000144	00000013	addi	x0,x0,0	  x0:0x00000000
        3325000	       331	80000148	410302b3	sub	x5,x6,x16	  x6:0x0000000e x16:0xc9d90128  x5=0x3626fee6
        3335000	       332	8000014c	0014d393	srli	x7,x9,0x1	  x9:0x00000009  x7=0x00000004
        3345000	       333	80000150	fffd0d13	addi	x26,x26,-1	 x26:0xffffffed x26=0xffffffec
        3355000	       334	80000154	eaf14993	xori	x19,x2,-337	  x2:0x80009fc4 x19=0x7fff616b
        3365000	       335	80000158	fecd58e3	bge	x26,x12,80000148	 x26:0xffffffec x12:0xffffffec
        3375000	       336	00000000	00000013	addi	x0,x0,0	  x0:0x00000000
        3385000	       337	80000144	00000013	addi	x0,x0,0	  x0:0x00000000
        3395000	       338	80000148	410302b3	sub	x5,x6,x16	  x6:0x0000000e x16:0xc9d90128  x5=0x3626fee6
        3405000	       339	8000014c	0014d393	srli	x7,x9,0x1	  x9:0x00000009  x7=0x00000004
        3415000	       340	80000150	fffd0d13	addi	x26,x26,-1	 x26:0xffffffec x26=0xffffffeb
        3425000	       341	80000154	eaf14993	xori	x19,x2,-337	  x2:0x80009fc4 x19=0x7fff616b
        3435000	       342	80000158	fecd58e3	bge	x26,x12,80000148	 x26:0xffffffeb x12:0xffffffec
        3445000	       343	8000015c	494d0e37	lui	x28,0x494d0	 x28=0x494d0000
        3455000	       344	80000160	fddcc0e3	blt	x25,x29,80000120	 x25:0x0000000e x29:0x00000013
        3465000	       345	00000000	00000013	addi	x0,x0,0	  x0:0x00000000
        3475000	       346	8000011c	00000013	addi	x0,x0,0	  x0:0x00000000
        3485000	       347	80000120	00a1f233	and	x4,x3,x10	  x3:0x00000048 x10:0x00000000  x4=0x00000000
        3495000	       348	80000124	00000013	addi	x0,x0,0	  x0:0x00000000
        3505000	       349	80000128	004c8c93	addi	x25,x25,4	 x25:0x0000000e x25=0x00000012
        3515000	       350	8000012c	49d90817	auipc	x16,0x49d90	 x16=0xc9d90128
        3525000	       351	80000130	ff600d13	addi	x26,x0,-10	  x0:0x00000000 x26=0xfffffff6
        3535000	       352	80000134	40125a33	sra	x20,x4,x1	  x4:0x00000000  x1:0x80000000 x20=0x00000000
        3545000	       353	80000138	4241fa13	andi	x20,x3,1060	  x3:0x00000048 x20=0x00000000
        3555000	       354	8000013c	fec00613	addi	x12,x0,-20	  x0:0x00000000 x12=0xffffffec
        3565000	       355	80000140	4dfda993	slti	x19,x27,1247	 x27:0x00000000 x19=0x00000001
        3575000	       356	80000144	00349193	slli	x3,x9,0x3	  x9:0x00000009  x3=0x00000048
        3585000	       357	80000148	410302b3	sub	x5,x6,x16	  x6:0x0000000e x16:0xc9d90128  x5=0x3626fee6
        3595000	       358	8000014c	0014d393	srli	x7,x9,0x1	  x9:0x00000009  x7=0x00000004
        3605000	       359	80000150	fffd0d13	addi	x26,x26,-1	 x26:0xfffffff6 x26=0xfffffff5
        3615000	       360	80000154	eaf14993	xori	x19,x2,-337	  x2:0x80009fc4 x19=0x7fff616b
        3625000	       361	80000158	fecd58e3	bge	x26,x12,80000148	 x26:0xfffffff5 x12:0xffffffec
        3635000	       362	00000000	00000013	addi	x0,x0,0	  x0:0x00000000
        3645000	       363	80000144	00000013	addi	x0,x0,0	  x0:0x00000000
        3655000	       364	80000148	410302b3	sub	x5,x6,x16	  x6:0x0000000e x16:0xc9d90128  x5=0x3626fee6
        3665000	       365	8000014c	0014d393	srli	x7,x9,0x1	  x9:0x00000009  x7=0x00000004
        3675000	       366	80000150	fffd0d13	addi	x26,x26,-1	 x26:0xfffffff5 x26=0xfffffff4
        3685000	       367	80000154	eaf14993	xori	x19,x2,-337	  x2:0x80009fc4 x19=0x7fff616b
        3695000	       368	80000158	fecd58e3	bge	x26,x12,80000148	 x26:0xfffffff4 x12:0xffffffec
        3705000	       369	00000000	00000013	addi	x0,x0,0	  x0:0x00000000
        3715000	       370	80000144	00000013	addi	x0,x0,0	  x0:0x00000000
        3725000	       371	80000148	410302b3	sub	x5,x6,x16	  x6:0x0000000e x16:0xc9d90128  x5=0x3626fee6
        3735000	       372	8000014c	0014d393	srli	x7,x9,0x1	  x9:0x00000009  x7=0x00000004
        3745000	       373	80000150	fffd0d13	addi	x26,x26,-1	 x26:0xfffffff4 x26=0xfffffff3
        3755000	       374	80000154	eaf14993	xori	x19,x2,-337	  x2:0x80009fc4 x19=0x7fff616b
        3765000	       375	80000158	fecd58e3	bge	x26,x12,80000148	 x26:0xfffffff3 x12:0xffffffec
        3775000	       376	00000000	00000013	addi	x0,x0,0	  x0:0x00000000
        3785000	       377	80000144	00000013	addi	x0,x0,0	  x0:0x00000000
        3795000	       378	80000148	410302b3	sub	x5,x6,x16	  x6:0x0000000e x16:0xc9d90128  x5=0x3626fee6
        3805000	       379	8000014c	0014d393	srli	x7,x9,0x1	  x9:0x00000009  x7=0x00000004
        3815000	       380	80000150	fffd0d13	addi	x26,x26,-1	 x26:0xfffffff3 x26=0xfffffff2
        3825000	       381	80000154	eaf14993	xori	x19,x2,-337	  x2:0x80009fc4 x19=0x7fff616b
        3835000	       382	80000158	fecd58e3	bge	x26,x12,80000148	 x26:0xfffffff2 x12:0xffffffec
        3845000	       383	00000000	00000013	addi	x0,x0,0	  x0:0x00000000
        3855000	       384	80000144	00000013	addi	x0,x0,0	  x0:0x00000000
        3865000	       385	80000148	410302b3	sub	x5,x6,x16	  x6:0x0000000e x16:0xc9d90128  x5=0x3626fee6
        3875000	       386	8000014c	0014d393	srli	x7,x9,0x1	  x9:0x00000009  x7=0x00000004
        3885000	       387	80000150	fffd0d13	addi	x26,x26,-1	 x26:0xfffffff2 x26=0xfffffff1
        3895000	       388	80000154	eaf14993	xori	x19,x2,-337	  x2:0x80009fc4 x19=0x7fff616b
        3905000	       389	80000158	fecd58e3	bge	x26,x12,80000148	 x26:0xfffffff1 x12:0xffffffec
        3915000	       390	00000000	00000013	addi	x0,x0,0	  x0:0x00000000
        3925000	       391	80000144	00000013	addi	x0,x0,0	  x0:0x00000000
        3935000	       392	80000148	410302b3	sub	x5,x6,x16	  x6:0x0000000e x16:0xc9d90128  x5=0x3626fee6
        3945000	       393	8000014c	0014d393	srli	x7,x9,0x1	  x9:0x00000009  x7=0x00000004
        3955000	       394	80000150	fffd0d13	addi	x26,x26,-1	 x26:0xfffffff1 x26=0xfffffff0
        3965000	       395	80000154	eaf14993	xori	x19,x2,-337	  x2:0x80009fc4 x19=0x7fff616b
        3975000	       396	80000158	fecd58e3	bge	x26,x12,80000148	 x26:0xfffffff0 x12:0xffffffec
        3985000	       397	00000000	00000013	addi	x0,x0,0	  x0:0x00000000
        3995000	       398	80000144	00000013	addi	x0,x0,0	  x0:0x00000000
        4005000	       399	80000148	410302b3	sub	x5,x6,x16	  x6:0x0000000e x16:0xc9d90128  x5=0x3626fee6
        4015000	       400	8000014c	0014d393	srli	x7,x9,0x1	  x9:0x00000009  x7=0x00000004
        4025000	       401	80000150	fffd0d13	addi	x26,x26,-1	 x26:0xfffffff0 x26=0xffffffef
        4035000	       402	80000154	eaf14993	xori	x19,x2,-337	  x2:0x80009fc4 x19=0x7fff616b
        4045000	       403	80000158	fecd58e3	bge	x26,x12,80000148	 x26:0xffffffef x12:0xffffffec
        4055000	       404	00000000	00000013	addi	x0,x0,0	  x0:0x00000000
        4065000	       405	80000144	00000013	addi	x0,x0,0	  x0:0x00000000
        4075000	       406	80000148	410302b3	sub	x5,x6,x16	  x6:0x0000000e x16:0xc9d90128  x5=0x3626fee6
        4085000	       407	8000014c	0014d393	srli	x7,x9,0x1	  x9:0x00000009  x7=0x00000004
        4095000	       408	80000150	fffd0d13	addi	x26,x26,-1	 x26:0xffffffef x26=0xffffffee
        4105000	       409	80000154	eaf14993	xori	x19,x2,-337	  x2:0x80009fc4 x19=0x7fff616b
        4115000	       410	80000158	fecd58e3	bge	x26,x12,80000148	 x26:0xffffffee x12:0xffffffec
        4125000	       411	00000000	00000013	addi	x0,x0,0	  x0:0x00000000
        4135000	       412	80000144	00000013	addi	x0,x0,0	  x0:0x00000000
        4145000	       413	80000148	410302b3	sub	x5,x6,x16	  x6:0x0000000e x16:0xc9d90128  x5=0x3626fee6
        4155000	       414	8000014c	0014d393	srli	x7,x9,0x1	  x9:0x00000009  x7=0x00000004
        4165000	       415	80000150	fffd0d13	addi	x26,x26,-1	 x26:0xffffffee x26=0xffffffed
        4175000	       416	80000154	eaf14993	xori	x19,x2,-337	  x2:0x80009fc4 x19=0x7fff616b
        4185000	       417	80000158	fecd58e3	bge	x26,x12,80000148	 x26:0xffffffed x12:0xffffffec
        4195000	       418	00000000	00000013	addi	x0,x0,0	  x0:0x00000000
        4205000	       419	80000144	00000013	addi	x0,x0,0	  x0:0x00000000
        4215000	       420	80000148	410302b3	sub	x5,x6,x16	  x6:0x0000000e x16:0xc9d90128  x5=0x3626fee6
        4225000	       421	8000014c	0014d393	srli	x7,x9,0x1	  x9:0x00000009  x7=0x00000004
        4235000	       422	80000150	fffd0d13	addi	x26,x26,-1	 x26:0xffffffed x26=0xffffffec
        4245000	       423	80000154	eaf14993	xori	x19,x2,-337	  x2:0x80009fc4 x19=0x7fff616b
        4255000	       424	80000158	fecd58e3	bge	x26,x12,80000148	 x26:0xffffffec x12:0xffffffec
        4265000	       425	00000000	00000013	addi	x0,x0,0	  x0:0x00000000
        4275000	       426	80000144	00000013	addi	x0,x0,0	  x0:0x00000000
        4285000	       427	80000148	410302b3	sub	x5,x6,x16	  x6:0x0000000e x16:0xc9d90128  x5=0x3626fee6
        4295000	       428	8000014c	0014d393	srli	x7,x9,0x1	  x9:0x00000009  x7=0x00000004
        4305000	       429	80000150	fffd0d13	addi	x26,x26,-1	 x26:0xffffffec x26=0xffffffeb
        4315000	       430	80000154	eaf14993	xori	x19,x2,-337	  x2:0x80009fc4 x19=0x7fff616b
        4325000	       431	80000158	fecd58e3	bge	x26,x12,80000148	 x26:0xffffffeb x12:0xffffffec
        4335000	       432	8000015c	494d0e37	lui	x28,0x494d0	 x28=0x494d0000
        4345000	       433	80000160	fddcc0e3	blt	x25,x29,80000120	 x25:0x00000012 x29:0x00000013
        4355000	       434	00000000	00000013	addi	x0,x0,0	  x0:0x00000000
        4365000	       435	8000011c	00000013	addi	x0,x0,0	  x0:0x00000000
        4375000	       436	80000120	00a1f233	and	x4,x3,x10	  x3:0x00000048 x10:0x00000000  x4=0x00000000
        4385000	       437	80000124	00000013	addi	x0,x0,0	  x0:0x00000000
        4395000	       438	80000128	004c8c93	addi	x25,x25,4	 x25:0x00000012 x25=0x00000016
        4405000	       439	8000012c	49d90817	auipc	x16,0x49d90	 x16=0xc9d90128
        4415000	       440	80000130	ff600d13	addi	x26,x0,-10	  x0:0x00000000 x26=0xfffffff6
        4425000	       441	80000134	40125a33	sra	x20,x4,x1	  x4:0x00000000  x1:0x80000000 x20=0x00000000
        4435000	       442	80000138	4241fa13	andi	x20,x3,1060	  x3:0x00000048 x20=0x00000000
        4445000	       443	8000013c	fec00613	addi	x12,x0,-20	  x0:0x00000000 x12=0xffffffec
        4455000	       444	80000140	4dfda993	slti	x19,x27,1247	 x27:0x00000000 x19=0x00000001
        4465000	       445	80000144	00349193	slli	x3,x9,0x3	  x9:0x00000009  x3=0x00000048
        4475000	       446	80000148	410302b3	sub	x5,x6,x16	  x6:0x0000000e x16:0xc9d90128  x5=0x3626fee6
        4485000	       447	8000014c	0014d393	srli	x7,x9,0x1	  x9:0x00000009  x7=0x00000004
        4495000	       448	80000150	fffd0d13	addi	x26,x26,-1	 x26:0xfffffff6 x26=0xfffffff5
        4505000	       449	80000154	eaf14993	xori	x19,x2,-337	  x2:0x80009fc4 x19=0x7fff616b
        4515000	       450	80000158	fecd58e3	bge	x26,x12,80000148	 x26:0xfffffff5 x12:0xffffffec
        4525000	       451	00000000	00000013	addi	x0,x0,0	  x0:0x00000000
        4535000	       452	80000144	00000013	addi	x0,x0,0	  x0:0x00000000
        4545000	       453	80000148	410302b3	sub	x5,x6,x16	  x6:0x0000000e x16:0xc9d90128  x5=0x3626fee6
        4555000	       454	8000014c	0014d393	srli	x7,x9,0x1	  x9:0x00000009  x7=0x00000004
        4565000	       455	80000150	fffd0d13	addi	x26,x26,-1	 x26:0xfffffff5 x26=0xfffffff4
        4575000	       456	80000154	eaf14993	xori	x19,x2,-337	  x2:0x80009fc4 x19=0x7fff616b
        4585000	       457	80000158	fecd58e3	bge	x26,x12,80000148	 x26:0xfffffff4 x12:0xffffffec
        4595000	       458	00000000	00000013	addi	x0,x0,0	  x0:0x00000000
        4605000	       459	80000144	00000013	addi	x0,x0,0	  x0:0x00000000
        4615000	       460	80000148	410302b3	sub	x5,x6,x16	  x6:0x0000000e x16:0xc9d90128  x5=0x3626fee6
        4625000	       461	8000014c	0014d393	srli	x7,x9,0x1	  x9:0x00000009  x7=0x00000004
        4635000	       462	80000150	fffd0d13	addi	x26,x26,-1	 x26:0xfffffff4 x26=0xfffffff3
        4645000	       463	80000154	eaf14993	xori	x19,x2,-337	  x2:0x80009fc4 x19=0x7fff616b
        4655000	       464	80000158	fecd58e3	bge	x26,x12,80000148	 x26:0xfffffff3 x12:0xffffffec
        4665000	       465	00000000	00000013	addi	x0,x0,0	  x0:0x00000000
        4675000	       466	80000144	00000013	addi	x0,x0,0	  x0:0x00000000
        4685000	       467	80000148	410302b3	sub	x5,x6,x16	  x6:0x0000000e x16:0xc9d90128  x5=0x3626fee6
        4695000	       468	8000014c	0014d393	srli	x7,x9,0x1	  x9:0x00000009  x7=0x00000004
        4705000	       469	80000150	fffd0d13	addi	x26,x26,-1	 x26:0xfffffff3 x26=0xfffffff2
        4715000	       470	80000154	eaf14993	xori	x19,x2,-337	  x2:0x80009fc4 x19=0x7fff616b
        4725000	       471	80000158	fecd58e3	bge	x26,x12,80000148	 x26:0xfffffff2 x12:0xffffffec
        4735000	       472	00000000	00000013	addi	x0,x0,0	  x0:0x00000000
        4745000	       473	80000144	00000013	addi	x0,x0,0	  x0:0x00000000
        4755000	       474	80000148	410302b3	sub	x5,x6,x16	  x6:0x0000000e x16:0xc9d90128  x5=0x3626fee6
        4765000	       475	8000014c	0014d393	srli	x7,x9,0x1	  x9:0x00000009  x7=0x00000004
        4775000	       476	80000150	fffd0d13	addi	x26,x26,-1	 x26:0xfffffff2 x26=0xfffffff1
        4785000	       477	80000154	eaf14993	xori	x19,x2,-337	  x2:0x80009fc4 x19=0x7fff616b
        4795000	       478	80000158	fecd58e3	bge	x26,x12,80000148	 x26:0xfffffff1 x12:0xffffffec
        4805000	       479	00000000	00000013	addi	x0,x0,0	  x0:0x00000000
        4815000	       480	80000144	00000013	addi	x0,x0,0	  x0:0x00000000
        4825000	       481	80000148	410302b3	sub	x5,x6,x16	  x6:0x0000000e x16:0xc9d90128  x5=0x3626fee6
        4835000	       482	8000014c	0014d393	srli	x7,x9,0x1	  x9:0x00000009  x7=0x00000004
        4845000	       483	80000150	fffd0d13	addi	x26,x26,-1	 x26:0xfffffff1 x26=0xfffffff0
        4855000	       484	80000154	eaf14993	xori	x19,x2,-337	  x2:0x80009fc4 x19=0x7fff616b
        4865000	       485	80000158	fecd58e3	bge	x26,x12,80000148	 x26:0xfffffff0 x12:0xffffffec
        4875000	       486	00000000	00000013	addi	x0,x0,0	  x0:0x00000000
        4885000	       487	80000144	00000013	addi	x0,x0,0	  x0:0x00000000
        4895000	       488	80000148	410302b3	sub	x5,x6,x16	  x6:0x0000000e x16:0xc9d90128  x5=0x3626fee6
        4905000	       489	8000014c	0014d393	srli	x7,x9,0x1	  x9:0x00000009  x7=0x00000004
        4915000	       490	80000150	fffd0d13	addi	x26,x26,-1	 x26:0xfffffff0 x26=0xffffffef
        4925000	       491	80000154	eaf14993	xori	x19,x2,-337	  x2:0x80009fc4 x19=0x7fff616b
        4935000	       492	80000158	fecd58e3	bge	x26,x12,80000148	 x26:0xffffffef x12:0xffffffec
        4945000	       493	00000000	00000013	addi	x0,x0,0	  x0:0x00000000
        4955000	       494	80000144	00000013	addi	x0,x0,0	  x0:0x00000000
        4965000	       495	80000148	410302b3	sub	x5,x6,x16	  x6:0x0000000e x16:0xc9d90128  x5=0x3626fee6
        4975000	       496	8000014c	0014d393	srli	x7,x9,0x1	  x9:0x00000009  x7=0x00000004
        4985000	       497	80000150	fffd0d13	addi	x26,x26,-1	 x26:0xffffffef x26=0xffffffee
        4995000	       498	80000154	eaf14993	xori	x19,x2,-337	  x2:0x80009fc4 x19=0x7fff616b
        5005000	       499	80000158	fecd58e3	bge	x26,x12,80000148	 x26:0xffffffee x12:0xffffffec
        5015000	       500	00000000	00000013	addi	x0,x0,0	  x0:0x00000000
        5025000	       501	80000144	00000013	addi	x0,x0,0	  x0:0x00000000
        5035000	       502	80000148	410302b3	sub	x5,x6,x16	  x6:0x0000000e x16:0xc9d90128  x5=0x3626fee6
        5045000	       503	8000014c	0014d393	srli	x7,x9,0x1	  x9:0x00000009  x7=0x00000004
        5055000	       504	80000150	fffd0d13	addi	x26,x26,-1	 x26:0xffffffee x26=0xffffffed
        5065000	       505	80000154	eaf14993	xori	x19,x2,-337	  x2:0x80009fc4 x19=0x7fff616b
        5075000	       506	80000158	fecd58e3	bge	x26,x12,80000148	 x26:0xffffffed x12:0xffffffec
        5085000	       507	00000000	00000013	addi	x0,x0,0	  x0:0x00000000
        5095000	       508	80000144	00000013	addi	x0,x0,0	  x0:0x00000000
        5105000	       509	80000148	410302b3	sub	x5,x6,x16	  x6:0x0000000e x16:0xc9d90128  x5=0x3626fee6
        5115000	       510	8000014c	0014d393	srli	x7,x9,0x1	  x9:0x00000009  x7=0x00000004
        5125000	       511	80000150	fffd0d13	addi	x26,x26,-1	 x26:0xffffffed x26=0xffffffec
        5135000	       512	80000154	eaf14993	xori	x19,x2,-337	  x2:0x80009fc4 x19=0x7fff616b
        5145000	       513	80000158	fecd58e3	bge	x26,x12,80000148	 x26:0xffffffec x12:0xffffffec
        5155000	       514	00000000	00000013	addi	x0,x0,0	  x0:0x00000000
        5165000	       515	80000144	00000013	addi	x0,x0,0	  x0:0x00000000
        5175000	       516	80000148	410302b3	sub	x5,x6,x16	  x6:0x0000000e x16:0xc9d90128  x5=0x3626fee6
        5185000	       517	8000014c	0014d393	srli	x7,x9,0x1	  x9:0x00000009  x7=0x00000004
        5195000	       518	80000150	fffd0d13	addi	x26,x26,-1	 x26:0xffffffec x26=0xffffffeb
        5205000	       519	80000154	eaf14993	xori	x19,x2,-337	  x2:0x80009fc4 x19=0x7fff616b
        5215000	       520	80000158	fecd58e3	bge	x26,x12,80000148	 x26:0xffffffeb x12:0xffffffec
        5225000	       521	8000015c	494d0e37	lui	x28,0x494d0	 x28=0x494d0000
        5235000	       522	80000160	fddcc0e3	blt	x25,x29,80000120	 x25:0x00000016 x29:0x00000013
        5245000	       523	80000164	21b4c293	xori	x5,x9,539	  x9:0x00000009  x5=0x00000212
        5255000	       524	80000168	00a00b93	addi	x23,x0,10	  x0:0x00000000 x23=0x0000000a
        5265000	       525	8000016c	00a00193	addi	x3,x0,10	  x0:0x00000000  x3=0x0000000a
        5275000	       526	80000170	00b4c0b3	xor	x1,x9,x11	  x9:0x00000009 x11:0xf99d2b89  x1=0xf99d2b80
        5285000	       527	80000174	01332d33	slt	x26,x6,x19	  x6:0x0000000e x19:0x7fff616b x26=0x00000001
        5295000	       528	80000178	ff7b8b93	addi	x23,x23,-9	 x23:0x0000000a x23=0x00000001
        5305000	       529	8000017c	00700413	addi	x8,x0,7	  x0:0x00000000  x8=0x00000007
        5315000	       530	80000180	3d7d6093	ori	x1,x26,983	 x26:0x00000001  x1=0x000003d7
        5325000	       531	80000184	01000d93	addi	x27,x0,16	  x0:0x00000000 x27=0x00000010
        5335000	       532	80000188	43174f13	xori	x30,x14,1073	 x14:0x80009f84 x30=0x80009bb5
        5345000	       533	8000018c	00240413	addi	x8,x8,2	  x8:0x00000007  x8=0x00000009
        5355000	       534	80000190	006c0fb3	add	x31,x24,x6	 x24:0x80009fc4  x6:0x0000000e x31=0x80009fd2
        5365000	       535	80000194	ffb44ae3	blt	x8,x27,80000188	  x8:0x00000009 x27:0x00000010
        5375000	       536	00000000	00000013	addi	x0,x0,0	  x0:0x00000000
        5385000	       537	80000184	00000013	addi	x0,x0,0	  x0:0x00000000
        5395000	       538	80000188	43174f13	xori	x30,x14,1073	 x14:0x80009f84 x30=0x80009bb5
        5405000	       539	8000018c	00240413	addi	x8,x8,2	  x8:0x00000009  x8=0x0000000b
        5415000	       540	80000190	006c0fb3	add	x31,x24,x6	 x24:0x80009fc4  x6:0x0000000e x31=0x80009fd2
        5425000	       541	80000194	ffb44ae3	blt	x8,x27,80000188	  x8:0x0000000b x27:0x00000010
        5435000	       542	00000000	00000013	addi	x0,x0,0	  x0:0x00000000
        5445000	       543	80000184	00000013	addi	x0,x0,0	  x0:0x00000000
        5455000	       544	80000188	43174f13	xori	x30,x14,1073	 x14:0x80009f84 x30=0x80009bb5
        5465000	       545	8000018c	00240413	addi	x8,x8,2	  x8:0x0000000b  x8=0x0000000d
        5475000	       546	80000190	006c0fb3	add	x31,x24,x6	 x24:0x80009fc4  x6:0x0000000e x31=0x80009fd2
        5485000	       547	80000194	ffb44ae3	blt	x8,x27,80000188	  x8:0x0000000d x27:0x00000010
        5495000	       548	00000000	00000013	addi	x0,x0,0	  x0:0x00000000
        5505000	       549	80000184	00000013	addi	x0,x0,0	  x0:0x00000000
        5515000	       550	80000188	43174f13	xori	x30,x14,1073	 x14:0x80009f84 x30=0x80009bb5
        5525000	       551	8000018c	00240413	addi	x8,x8,2	  x8:0x0000000d  x8=0x0000000f
        5535000	       552	80000190	006c0fb3	add	x31,x24,x6	 x24:0x80009fc4  x6:0x0000000e x31=0x80009fd2
        5545000	       553	80000194	ffb44ae3	blt	x8,x27,80000188	  x8:0x0000000f x27:0x00000010
        5555000	       554	00000000	00000013	addi	x0,x0,0	  x0:0x00000000
        5565000	       555	80000184	00000013	addi	x0,x0,0	  x0:0x00000000
        5575000	       556	80000188	43174f13	xori	x30,x14,1073	 x14:0x80009f84 x30=0x80009bb5
        5585000	       557	8000018c	00240413	addi	x8,x8,2	  x8:0x0000000f  x8=0x00000011
        5595000	       558	80000190	006c0fb3	add	x31,x24,x6	 x24:0x80009fc4  x6:0x0000000e x31=0x80009fd2
        5605000	       559	80000194	ffb44ae3	blt	x8,x27,80000188	  x8:0x00000011 x27:0x00000010
        5615000	       560	80000198	fc3bfce3	bgeu	x23,x3,80000170	 x23:0x00000001  x3:0x0000000a
        5625000	       561	8000019c	40078633	sub	x12,x15,x0	 x15:0x0000000b  x0:0x00000000 x12=0x0000000b
        5635000	       562	800001a0	ff600413	addi	x8,x0,-10	  x0:0x00000000  x8=0xfffffff6
        5645000	       563	800001a4	40845613	srai	x12,x8,0x8	  x8:0xfffffff6 x12=0xffffffff
        5655000	       564	800001a8	00279513	slli	x10,x15,0x2	 x15:0x0000000b x10=0x0000002c
        5665000	       565	800001ac	00900293	addi	x5,x0,9	  x0:0x00000000  x5=0x00000009
        5675000	       566	800001b0	003a48b3	xor	x17,x20,x3	 x20:0x00000000  x3:0x0000000a x17=0x0000000a
        5685000	       567	800001b4	019166b3	or	x13,x2,x25	  x2:0x80009fc4 x25:0x00000016 x13=0x80009fd6
        5695000	       568	800001b8	00440413	addi	x8,x8,4	  x8:0xfffffff6  x8=0xfffffffa
        5705000	       569	800001bc	017ad333	srl	x6,x21,x23	 x21:0x00000009 x23:0x00000001  x6=0x00000004
        5715000	       570	800001c0	41fe5bb3	sra	x23,x28,x31	 x28:0x494d0000 x31:0x80009fd2 x23=0x00001253
        5725000	       571	800001c4	01ade3b3	or	x7,x27,x26	 x27:0x00000010 x26:0x00000001  x7=0x00000011
        5735000	       572	800001c8	00b4a333	slt	x6,x9,x11	  x9:0x00000009 x11:0xf99d2b89  x6=0x00000000
        5745000	       573	800001cc	00a4df33	srl	x30,x9,x10	  x9:0x00000009 x10:0x0000002c x30=0x00000000
        5755000	       574	800001d0	00a77d33	and	x26,x14,x10	 x14:0x80009f84 x10:0x0000002c x26=0x00000004
        5765000	       575	800001d4	0036ee33	or	x28,x13,x3	 x13:0x80009fd6  x3:0x0000000a x28=0x80009fde
        5775000	       576	800001d8	66b26c13	ori	x24,x4,1643	  x4:0x00000000 x24=0x0000066b
        5785000	       577	800001dc	00400b13	addi	x22,x0,4	  x0:0x00000000 x22=0x00000004
        5795000	       578	800001e0	01400493	addi	x9,x0,20	  x0:0x00000000  x9=0x00000014
        5805000	       579	800001e4	004b5093	srli	x1,x22,0x4	 x22:0x00000004  x1=0x00000000
        5815000	       580	800001e8	008c9e33	sll	x28,x25,x8	 x25:0x00000016  x8:0xfffffffa x28=0x58000000
        5825000	       581	800001ec	33df2393	slti	x7,x30,829	 x30:0x00000000  x7=0x00000001
        5835000	       582	800001f0	00110933	add	x18,x2,x1	  x2:0x80009fc4  x1:0x00000000 x18=0x80009fc4
        5845000	       583	800001f4	005e1693	slli	x13,x28,0x5	 x28:0x58000000 x13=0x00000000
        5855000	       584	800001f8	b306ef17	auipc	x30,0xb306e	 x30=0x3306e1f4
        5865000	       585	800001fc	004b0b13	addi	x22,x22,4	 x22:0x00000004 x22=0x00000008
        5875000	       586	80000200	009481b3	add	x3,x9,x9	  x9:0x00000014  x9:0x00000014  x3=0x00000028
        5885000	       587	80000204	fa25a313	slti	x6,x11,-94	 x11:0xf99d2b89  x6=0x00000001
        5895000	       588	80000208	fe9b42e3	blt	x22,x9,800001ec	 x22:0x00000008  x9:0x00000014
        5905000	       589	00000000	00000013	addi	x0,x0,0	  x0:0x00000000
        5915000	       590	800001e8	00000013	addi	x0,x0,0	  x0:0x00000000
        5925000	       591	800001ec	33df2393	slti	x7,x30,829	 x30:0x3306e1f4  x7=0x00000000
        5935000	       592	800001f0	00110933	add	x18,x2,x1	  x2:0x80009fc4  x1:0x00000000 x18=0x80009fc4
        5945000	       593	800001f4	005e1693	slli	x13,x28,0x5	 x28:0x58000000 x13=0x00000000
        5955000	       594	800001f8	b306ef17	auipc	x30,0xb306e	 x30=0x3306e1f4
        5965000	       595	800001fc	004b0b13	addi	x22,x22,4	 x22:0x00000008 x22=0x0000000c
        5975000	       596	80000200	009481b3	add	x3,x9,x9	  x9:0x00000014  x9:0x00000014  x3=0x00000028
        5985000	       597	80000204	fa25a313	slti	x6,x11,-94	 x11:0xf99d2b89  x6=0x00000001
        5995000	       598	80000208	fe9b42e3	blt	x22,x9,800001ec	 x22:0x0000000c  x9:0x00000014
        6005000	       599	00000000	00000013	addi	x0,x0,0	  x0:0x00000000
        6015000	       600	800001e8	00000013	addi	x0,x0,0	  x0:0x00000000
        6025000	       601	800001ec	33df2393	slti	x7,x30,829	 x30:0x3306e1f4  x7=0x00000000
        6035000	       602	800001f0	00110933	add	x18,x2,x1	  x2:0x80009fc4  x1:0x00000000 x18=0x80009fc4
        6045000	       603	800001f4	005e1693	slli	x13,x28,0x5	 x28:0x58000000 x13=0x00000000
        6055000	       604	800001f8	b306ef17	auipc	x30,0xb306e	 x30=0x3306e1f4
        6065000	       605	800001fc	004b0b13	addi	x22,x22,4	 x22:0x0000000c x22=0x00000010
        6075000	       606	80000200	009481b3	add	x3,x9,x9	  x9:0x00000014  x9:0x00000014  x3=0x00000028
        6085000	       607	80000204	fa25a313	slti	x6,x11,-94	 x11:0xf99d2b89  x6=0x00000001
        6095000	       608	80000208	fe9b42e3	blt	x22,x9,800001ec	 x22:0x00000010  x9:0x00000014
        6105000	       609	00000000	00000013	addi	x0,x0,0	  x0:0x00000000
        6115000	       610	800001e8	00000013	addi	x0,x0,0	  x0:0x00000000
        6125000	       611	800001ec	33df2393	slti	x7,x30,829	 x30:0x3306e1f4  x7=0x00000000
        6135000	       612	800001f0	00110933	add	x18,x2,x1	  x2:0x80009fc4  x1:0x00000000 x18=0x80009fc4
        6145000	       613	800001f4	005e1693	slli	x13,x28,0x5	 x28:0x58000000 x13=0x00000000
        6155000	       614	800001f8	b306ef17	auipc	x30,0xb306e	 x30=0x3306e1f4
        6165000	       615	800001fc	004b0b13	addi	x22,x22,4	 x22:0x00000010 x22=0x00000014
        6175000	       616	80000200	009481b3	add	x3,x9,x9	  x9:0x00000014  x9:0x00000014  x3=0x00000028
        6185000	       617	80000204	fa25a313	slti	x6,x11,-94	 x11:0xf99d2b89  x6=0x00000001
        6195000	       618	80000208	fe9b42e3	blt	x22,x9,800001ec	 x22:0x00000014  x9:0x00000014
        6205000	       619	8000020c	fa5462e3	bltu	x8,x5,800001b0	  x8:0xfffffffa  x5:0x00000009
        6215000	       620	80000210	bdf9c593	xori	x11,x19,-1057	 x19:0x7fff616b x11=0x80009ab4
        6225000	       621	80000214	f24c8313	addi	x6,x25,-220	 x25:0x00000016  x6=0xffffff3a
        6235000	       622	80000218	0192af33	slt	x30,x5,x25	  x5:0x00000009 x25:0x00000016 x30=0x00000001
        6245000	       623	8000021c	4127d033	sra	x0,x15,x18	 x15:0x0000000b x18:0x80009fc4
        6255000	       624	80000220	002b7233	and	x4,x22,x2	 x22:0x00000014  x2:0x80009fc4  x4=0x00000004
        6265000	       625	80000224	00000013	addi	x0,x0,0	  x0:0x00000000
        6275000	       626	80000228	05201c63	bne	x0,x18,80000280	  x0:0x00000000 x18:0x80009fc4
        6285000	       627	00000000	00000013	addi	x0,x0,0	  x0:0x00000000
        6295000	       628	8000027c	00000013	addi	x0,x0,0	  x0:0x00000000
        6305000	       629	80000280	014c7e33	and	x28,x24,x20	 x24:0x0000066b x20:0x00000000 x28=0x00000000
        6315000	       630	80000284	025e1e63	bne	x28,x5,800002c0	 x28:0x00000000  x5:0x00000009
        6325000	       631	00000000	00000013	addi	x0,x0,0	  x0:0x00000000
        6335000	       632	800002bc	00000013	addi	x0,x0,0	  x0:0x00000000
        6345000	       633	800002c0	411d51b3	sra	x3,x26,x17	 x26:0x00000004 x17:0x0000000a  x3=0x00000000
        6355000	       634	800002c4	01195233	srl	x4,x18,x17	 x18:0x80009fc4 x17:0x0000000a  x4=0x00200027
        6365000	       635	800002c8	0064d593	srli	x11,x9,0x6	  x9:0x00000014 x11=0x00000000
        6375000	       636	800002cc	00000013	addi	x0,x0,0	  x0:0x00000000
        6385000	       637	800002d0	2352b393	sltiu	x7,x5,565	  x5:0x00000009  x7=0x00000001
        6395000	       638	800002d4	40d25bb3	sra	x23,x4,x13	  x4:0x00200027 x13:0x00000000 x23=0x00200027
        6405000	       639	800002d8	00a90fb3	add	x31,x18,x10	 x18:0x80009fc4 x10:0x0000002c x31=0x80009ff0
        6415000	       640	800002dc	64229fb7	lui	x31,0x64229	 x31=0x64229000
        6425000	       641	800002e0	01e36533	or	x10,x6,x30	  x6:0xffffff3a x30:0x00000001 x10=0xffffff3b
        6435000	       642	800002e4	01818833	add	x16,x3,x24	  x3:0x00000000 x24:0x0000066b x16=0x0000066b
        6445000	       643	800002e8	864709b7	lui	x19,0x86470	 x19=0x86470000
        6455000	       644	800002ec	cfebaf13	slti	x30,x23,-770	 x23:0x00200027 x30=0x00000000
        6465000	       645	800002f0	01e90b33	add	x22,x18,x30	 x18:0x80009fc4 x30:0x00000000 x22=0x80009fc4
        6475000	       646	800002f4	007664b3	or	x9,x12,x7	 x12:0xffffffff  x7:0x00000001  x9=0xffffffff
        6485000	       647	800002f8	00fc1293	slli	x5,x24,0xf	 x24:0x0000066b  x5=0x03358000
        6495000	       648	800002fc	0b3e2293	slti	x5,x28,179	 x28:0x00000000  x5=0x00000001
        6505000	       649	80000300	0133cb33	xor	x22,x7,x19	  x7:0x00000001 x19:0x86470000 x22=0x86470001
        6515000	       650	80000304	000e0d33	add	x26,x28,x0	 x28:0x00000000  x0:0x00000000 x26=0x00000000
        6525000	       651	80000308	03e6e263	bltu	x13,x30,8000032c	 x13:0x00000000 x30:0x00000000
        6535000	       652	8000030c	02c5fe63	bgeu	x11,x12,80000348	 x11:0x00000000 x12:0xffffffff
        6545000	       653	80000310	013e9193	slli	x3,x29,0x13	 x29:0x00000013  x3=0x00980000
        6555000	       654	80000314	00add1b3	srl	x3,x27,x10	 x27:0x00000010 x10:0xffffff3b  x3=0x00000000
        6565000	       655	80000318	00ab3a33	sltu	x20,x22,x10	 x22:0x86470001 x10:0xffffff3b x20=0x00000001
        6575000	       656	8000031c	0124fc33	and	x24,x9,x18	  x9:0xffffffff x18:0x80009fc4 x24=0x80009fc4
        6585000	       657	80000320	00838cb3	add	x25,x7,x8	  x7:0x00000001  x8:0xfffffffa x25=0xfffffffb
        6595000	       658	80000324	4a4f69b7	lui	x19,0x4a4f6	 x19=0x4a4f6000
        6605000	       659	80000328	0076b3b3	sltu	x7,x13,x7	 x13:0x00000000  x7:0x00000001  x7=0x00000001
        6615000	       660	8000032c	01414e63	blt	x2,x20,80000348	  x2:0x80009fc4 x20:0x00000001
        6625000	       661	00000000	00000013	addi	x0,x0,0	  x0:0x00000000
        6635000	       662	80000344	00000013	addi	x0,x0,0	  x0:0x00000000
        6645000	       663	80000348	41ae5e33	sra	x28,x28,x26	 x28:0x00000000 x26:0x00000000 x28=0x00000000
        6655000	       664	8000034c	29b2cf93	xori	x31,x5,667	  x5:0x00000001 x31=0x0000029a
        6665000	       665	80000350	41665b93	srai	x23,x12,0x16	 x12:0xffffffff x23=0xffffffff
        6675000	       666	80000354	5644f193	andi	x3,x9,1380	  x9:0xffffffff  x3=0x00000564
        6685000	       667	80000358	40a7d8b3	sra	x17,x15,x10	 x15:0x0000000b x10:0xffffff3b x17=0x00000000
        6695000	       668	8000035c	31aa2993	slti	x19,x20,794	 x20:0x00000001 x19=0x00000001
        6705000	       669	80000360	0a389063	bne	x17,x3,80000400	 x17:0x00000000  x3:0x00000564
        6715000	       670	00000000	00000013	addi	x0,x0,0	  x0:0x00000000
        6725000	       671	800003fc	00000013	addi	x0,x0,0	  x0:0x00000000
        6735000	       672	80000400	4154da33	sra	x20,x9,x21	  x9:0xffffffff x21:0x00000009 x20=0xffffffff
        6745000	       673	80000404	013fd093	srli	x1,x31,0x13	 x31:0x0000029a  x1=0x00000000
        6755000	       674	80000408	012d8263	beq	x27,x18,8000040c	 x27:0x00000010 x18:0x80009fc4
        6765000	       675	8000040c	00078833	add	x16,x15,x0	 x15:0x0000000b  x0:0x00000000 x16=0x0000000b
        6775000	       676	80000410	0151e463	bltu	x3,x21,80000418	  x3:0x00000564 x21:0x00000009
        6785000	       677	80000414	00000013	addi	x0,x0,0	  x0:0x00000000
        6795000	       678	80000418	40a95293	srai	x5,x18,0xa	 x18:0x80009fc4  x5=0xffe00027
        6805000	       679	8000041c	4ed6eb13	ori	x22,x13,1261	 x13:0x00000000 x22=0x000004ed
        6815000	       680	80000420	6ad47413	andi	x8,x8,1709	  x8:0xfffffffa  x8=0x000006a8
        6825000	       681	80000424	01126663	bltu	x4,x17,80000430	  x4:0x00200027 x17:0x00000000
        6835000	       682	80000428	018a1eb3	sll	x29,x20,x24	 x20:0xffffffff x24:0x80009fc4 x29=0xfffffff0
        6845000	       683	8000042c	01b5d193	srli	x3,x11,0x1b	 x11:0x00000000  x3=0x00000000
        6855000	       684	80000430	018c9b93	slli	x23,x25,0x18	 x25:0xfffffffb x23=0xfb000000
        6865000	       685	80000434	017bb533	sltu	x10,x23,x23	 x23:0xfb000000 x23:0xfb000000 x10=0x00000000
        6875000	       686	80000438	003d1c33	sll	x24,x26,x3	 x26:0x00000000  x3:0x00000000 x24=0x00000000
        6885000	       687	8000043c	402ede33	sra	x28,x29,x2	 x29:0xfffffff0  x2:0x80009fc4 x28=0xffffffff
        6895000	       688	80000440	01bd56b3	srl	x13,x26,x27	 x26:0x00000000 x27:0x00000010 x13=0x00000000
        6905000	       689	80000444	017e8433	add	x8,x29,x23	 x29:0xfffffff0 x23:0xfb000000  x8=0xfafffff0
        6915000	       690	80000448	05ba8263	beq	x21,x27,8000048c	 x21:0x00000009 x27:0x00000010
        6925000	       691	8000044c	4169ddb3	sra	x27,x19,x22	 x19:0x00000001 x22:0x000004ed x27=0x00000000
        6935000	       692	80000450	009664b3	or	x9,x12,x9	 x12:0xffffffff  x9:0xffffffff  x9=0xffffffff
        6945000	       693	80000454	04b79863	bne	x15,x11,800004a4	 x15:0x0000000b x11:0x00000000
        6955000	       694	00000000	00000013	addi	x0,x0,0	  x0:0x00000000
        6965000	       695	800004a0	00000013	addi	x0,x0,0	  x0:0x00000000
        6975000	       696	800004a4	0165ea63	bltu	x11,x22,800004b8	 x11:0x00000000 x22:0x000004ed
        6985000	       697	00000000	00000013	addi	x0,x0,0	  x0:0x00000000
        6995000	       698	800004b4	00000013	addi	x0,x0,0	  x0:0x00000000
        7005000	       699	800004b8	05b34863	blt	x6,x27,80000508	  x6:0xffffff3a x27:0x00000000
        7015000	       700	00000000	00000013	addi	x0,x0,0	  x0:0x00000000
        7025000	       701	80000504	00000013	addi	x0,x0,0	  x0:0x00000000
        7035000	       702	80000508	41eba493	slti	x9,x23,1054	 x23:0xfb000000  x9=0x00000001
        7045000	       703	8000050c	0107acb3	slt	x25,x15,x16	 x15:0x0000000b x16:0x0000000b x25=0x00000000
        7055000	       704	80000510	37acaf93	slti	x31,x25,890	 x25:0x00000000 x31=0x00000001
        7065000	       705	80000514	418b8eb3	sub	x29,x23,x24	 x23:0xfb000000 x24:0x00000000 x29=0xfb000000
        7075000	       706	80000518	b2375917	auipc	x18,0xb2375	 x18=0x32375514
        7085000	       707	8000051c	03ddc063	blt	x27,x29,8000053c	 x27:0x00000000 x29:0xfb000000
        7095000	       708	80000520	f1bacb13	xori	x22,x21,-229	 x21:0x00000009 x22=0xffffff12
        7105000	       709	80000524	00601913	slli	x18,x0,0x6	  x0:0x00000000 x18=0x00000000
        7115000	       710	80000528	4149d793	srai	x15,x19,0x14	 x19:0x00000001 x15=0x00000000
        7125000	       711	8000052c	00b4e7b3	or	x15,x9,x11	  x9:0x00000001 x11:0x00000000 x15=0x00000001
        7135000	       712	80000530	0ecf8e93	addi	x29,x31,236	 x31:0x00000001 x29=0x000000ed
        7145000	       713	80000534	7f5bf313	andi	x6,x23,2037	 x23:0xfb000000  x6=0x00000000
        7155000	       714	80000538	03fb6e63	bltu	x22,x31,80000574	 x22:0xffffff12 x31:0x00000001
        7165000	       715	8000053c	04399863	bne	x19,x3,8000058c	 x19:0x00000001  x3:0x00000000
        7175000	       716	00000000	00000013	addi	x0,x0,0	  x0:0x00000000
        7185000	       717	80000588	00000013	addi	x0,x0,0	  x0:0x00000000
        7195000	       718	8000058c	00651d13	slli	x26,x10,0x6	 x10:0x00000000 x26=0x00000000
        7205000	       719	80000590	055dc863	blt	x27,x21,800005e0	 x27:0x00000000 x21:0x00000009
        7215000	       720	00000000	00000013	addi	x0,x0,0	  x0:0x00000000
        7225000	       721	800005dc	00000013	addi	x0,x0,0	  x0:0x00000000
        7235000	       722	800005e0	0177b2b3	sltu	x5,x15,x23	 x15:0x00000001 x23:0xfb000000  x5=0x00000001
        7245000	       723	800005e4	4171d033	sra	x0,x3,x23	  x3:0x00000000 x23:0xfb000000
        7255000	       724	800005e8	017014b3	sll	x9,x0,x23	  x0:0x00000000 x23:0xfb000000  x9=0x00000000
        7265000	       725	800005ec	2e603937	lui	x18,0x2e603	 x18=0x2e603000
        7275000	       726	800005f0	00319a63	bne	x3,x3,80000604	  x3:0x00000000  x3:0x00000000
        7285000	       727	800005f4	00b2e663	bltu	x5,x11,80000600	  x5:0x00000001 x11:0x00000000
        7295000	       728	800005f8	01ea7033	and	x0,x20,x30	 x20:0xffffffff x30:0x00000000
        7305000	       729	800005fc	54f8b793	sltiu	x15,x17,1359	 x17:0x00000000 x15=0x00000001
        7315000	       730	80000600	0139db33	srl	x22,x19,x19	 x19:0x00000001 x19:0x00000001 x22=0x00000000
        7325000	       731	80000604	62b8bf93	sltiu	x31,x17,1579	 x17:0x00000000 x31=0x00000001
        7335000	       732	80000608	b81acc93	xori	x25,x21,-1151	 x21:0x00000009 x25=0xfffffb88
        7345000	       733	8000060c	01e3c6b3	xor	x13,x7,x30	  x7:0x00000001 x30:0x00000000 x13=0x00000001
        7355000	       734	80000610	7245c513	xori	x10,x11,1828	 x11:0x00000000 x10=0x00000724
        7365000	       735	80000614	01d1e3b3	or	x7,x3,x29	  x3:0x00000000 x29:0x000000ed  x7=0x000000ed
        7375000	       736	80000618	3e42b3b7	lui	x7,0x3e42b	  x7=0x3e42b000
        7385000	       737	8000061c	4069df93	srai	x31,x19,0x6	 x19:0x00000001 x31=0x00000000
        7395000	       738	80000620	00ef17b3	sll	x15,x30,x14	 x30:0x00000000 x14:0x80009f84 x15=0x00000000
        7405000	       739	80000624	40cd5193	srai	x3,x26,0xc	 x26:0x00000000  x3=0x00000000
        7415000	       740	80000628	00000013	addi	x0,x0,0	  x0:0x00000000
        7425000	       741	8000062c	27f84e93	xori	x29,x16,639	 x16:0x0000000b x29=0x00000274
        7435000	       742	80000630	00000013	addi	x0,x0,0	  x0:0x00000000
        7445000	       743	80000634	00000013	addi	x0,x0,0	  x0:0x00000000
        7455000	       744	80000638	00d888b3	add	x17,x17,x13	 x17:0x00000000 x13:0x00000001 x17=0x00000001
        7465000	       745	8000063c	012a8e63	beq	x21,x18,80000658	 x21:0x00000009 x18:0x2e603000
        7475000	       746	80000640	a2217c97	auipc	x25,0xa2217	 x25=0x2221763c
        7485000	       747	80000644	003033b3	sltu	x7,x0,x3	  x0:0x00000000  x3:0x00000000  x7=0x00000000
        7495000	       748	80000648	a3458613	addi	x12,x11,-1484	 x11:0x00000000 x12=0xfffffa34
        7505000	       749	8000064c	00ea16b3	sll	x13,x20,x14	 x20:0xffffffff x14:0x80009f84 x13=0xfffffff0
        7515000	       750	80000650	01a81db3	sll	x27,x16,x26	 x16:0x0000000b x26:0x00000000 x27=0x0000000b
        7525000	       751	80000654	00000013	addi	x0,x0,0	  x0:0x00000000
        7535000	       752	80000658	002eec33	or	x24,x29,x2	 x29:0x00000274  x2:0x80009fc4 x24=0x80009ff4
        7545000	       753	8000065c	03c88e63	beq	x17,x28,80000698	 x17:0x00000001 x28:0xffffffff
        7555000	       754	80000660	0252d063	bge	x5,x5,80000680	  x5:0x00000001  x5:0x00000001
        7565000	       755	00000000	00000013	addi	x0,x0,0	  x0:0x00000000
        7575000	       756	8000067c	00000013	addi	x0,x0,0	  x0:0x00000000
        7585000	       757	80000680	6c6b2293	slti	x5,x22,1734	 x22:0x00000000  x5=0x00000001
        7595000	       758	80000684	00000013	addi	x0,x0,0	  x0:0x00000000
        7605000	       759	80000688	00819863	bne	x3,x8,80000698	  x3:0x00000000  x8:0xfafffff0
        7615000	       760	00000000	00000013	addi	x0,x0,0	  x0:0x00000000
        7625000	       761	80000694	00000013	addi	x0,x0,0	  x0:0x00000000
        7635000	       762	80000698	010ad313	srli	x6,x21,0x10	 x21:0x00000009  x6=0x00000000
        7645000	       763	8000069c	00000a97	auipc	x21,0x0	 x21=0x80000698
        7655000	       764	800006a0	00ca8a93	addi	x21,x21,12	 x21:0x80000698 x21=0x800006a4
        7665000	       765	800006a4	000a8067	jalr	x0,x21,0	 x21:0x800006a4
        7675000	       766	00000000	00000013	addi	x0,x0,0	  x0:0x00000000
        7685000	       767	800006a4	00000013	addi	x0,x0,0	  x0:0x00000000
        7695000	       768	800006a8	00100193	addi	x3,x0,1	  x0:0x00000000  x3=0x00000001
        7705000	       769	800006ac	00000073	ecall	
        7715000	       770	800006b0	01c19f93	slli	x31,x3,0x1c	  x3:0x00000001 x31=0x10000000
