		Time			Cycle	PC		Insn	Decoded instruction	Register and memory contents
          65000	         5	80000004	00000293	addi	x5,x0,0	  x0:0x00000000  x5=0x00000000
          75000	         6	80000008	00000313	addi	x6,x0,0	  x0:0x00000000  x6=0x00000000
          85000	         7	8000000c	00628263	beq	x5,x6,80000010	  x5:0x00000000  x6:0x00000000
          95000	         8	00000000	00000013	addi	x0,x0,0	  x0:0x00000000
         105000	         9	8000000c	00000013	addi	x0,x0,0	  x0:0x00000000
         115000	        10	80000010	00000c97	auipc	x25,0x0	 x25=0x8000000c
         125000	        11	80000014	00cc8c93	addi	x25,x25,12	 x25:0x8000000c x25=0x80000018
         135000	        12	80000018	000c8067	jalr	x0,x25,0	 x25:0x80000018
         145000	        13	00000000	00000013	addi	x0,x0,0	  x0:0x00000000
         155000	        14	80000018	00000013	addi	x0,x0,0	  x0:0x00000000
         165000	        15	8000001c	40000537	lui	x10,0x40000	 x10=0x40000000
         175000	        16	80000020	10050513	addi	x10,x10,256	 x10:0x40000000 x10=0x40000100
         185000	        17	80000024	00000013	addi	x0,x0,0	  x0:0x00000000
         195000	        18	80000028	0000a697	auipc	x13,0xa	 x13=0x8000a024
         205000	        19	8000002c	fa068693	addi	x13,x13,-96	 x13:0x8000a024 x13=0x80009fc4
         215000	        20	80000030	00004517	auipc	x10,0x4	 x10=0x8000402c
         225000	        21	80000034	82450513	addi	x10,x10,-2012	 x10:0x8000402c x10=0x80003850
         235000	        22	80000038	00156513	ori	x10,x10,1	 x10:0x80003850 x10=0x80003851
         245000	        23	8000003c	00000013	addi	x0,x0,0	  x0:0x00000000
         255000	        24	80000040	00000517	auipc	x10,0x0	 x10=0x8000003c
         265000	        25	80000044	02050513	addi	x10,x10,32	 x10:0x8000003c x10=0x8000005c
         275000	        26	80000048	00000013	addi	x0,x0,0	  x0:0x00000000
         285000	        27	8000004c	00000013	addi	x0,x0,0	  x0:0x00000000
         295000	        28	80000050	00002537	lui	x10,0x2	 x10=0x00002000
         305000	        29	80000054	80050513	addi	x10,x10,-2048	 x10:0x00002000 x10=0x00001800
         315000	        30	80000058	00000013	addi	x0,x0,0	  x0:0x00000000
         325000	        31	8000005c	00000013	addi	x0,x0,0	  x0:0x00000000
         335000	        32	80000060	59f88037	lui	x0,0x59f88	
         345000	        33	80000064	09d00013	addi	x0,x0,157	  x0:0x00000000
         355000	        34	80000068	324170b7	lui	x1,0x32417	  x1=0x32417000
         365000	        35	8000006c	3c808093	addi	x1,x1,968	  x1:0x32417000  x1=0x324173c8
         375000	        36	80000070	fd286137	lui	x2,0xfd286	  x2=0xfd286000
         385000	        37	80000074	3a210113	addi	x2,x2,930	  x2:0xfd286000  x2=0xfd2863a2
         395000	        38	80000078	00b00193	addi	x3,x0,11	  x0:0x00000000  x3=0x0000000b
         405000	        39	8000007c	80000237	lui	x4,0x80000	  x4=0x80000000
         415000	        40	80000080	fd7a72b7	lui	x5,0xfd7a7	  x5=0xfd7a7000
         425000	        41	80000084	ac028293	addi	x5,x5,-1344	  x5:0xfd7a7000  x5=0xfd7a6ac0
         435000	        42	80000088	00000313	addi	x6,x0,0	  x0:0x00000000  x6=0x00000000
         445000	        43	8000008c	00000393	addi	x7,x0,0	  x0:0x00000000  x7=0x00000000
         455000	        44	80000090	f2719437	lui	x8,0xf2719	  x8=0xf2719000
         465000	        45	80000094	00b40413	addi	x8,x8,11	  x8:0xf2719000  x8=0xf271900b
         475000	        46	80000098	00500493	addi	x9,x0,5	  x0:0x00000000  x9=0x00000005
         485000	        47	8000009c	00000513	addi	x10,x0,0	  x0:0x00000000 x10=0x00000000
         495000	        48	800000a0	f903f637	lui	x12,0xf903f	 x12=0xf903f000
         505000	        49	800000a4	7c660613	addi	x12,x12,1990	 x12:0xf903f000 x12=0xf903f7c6
         515000	        50	800000a8	00900713	addi	x14,x0,9	  x0:0x00000000 x14=0x00000009
         525000	        51	800000ac	00e00793	addi	x15,x0,14	  x0:0x00000000 x15=0x0000000e
         535000	        52	800000b0	00f00813	addi	x16,x0,15	  x0:0x00000000 x16=0x0000000f
         545000	        53	800000b4	f409d8b7	lui	x17,0xf409d	 x17=0xf409d000
         555000	        54	800000b8	97a88893	addi	x17,x17,-1670	 x17:0xf409d000 x17=0xf409c97a
         565000	        55	800000bc	00000913	addi	x18,x0,0	  x0:0x00000000 x18=0x00000000
         575000	        56	800000c0	fe58e9b7	lui	x19,0xfe58e	 x19=0xfe58e000
         585000	        57	800000c4	4b498993	addi	x19,x19,1204	 x19:0xfe58e000 x19=0xfe58e4b4
         595000	        58	800000c8	00a00a13	addi	x20,x0,10	  x0:0x00000000 x20=0x0000000a
         605000	        59	800000cc	fd3abab7	lui	x21,0xfd3ab	 x21=0xfd3ab000
         615000	        60	800000d0	9fea8a93	addi	x21,x21,-1538	 x21:0xfd3ab000 x21=0xfd3aa9fe
         625000	        61	800000d4	f6763b37	lui	x22,0xf6763	 x22=0xf6763000
         635000	        62	800000d8	e17b0b13	addi	x22,x22,-489	 x22:0xf6763000 x22=0xf6762e17
         645000	        63	800000dc	fc824bb7	lui	x23,0xfc824	 x23=0xfc824000
         655000	        64	800000e0	d08b8b93	addi	x23,x23,-760	 x23:0xfc824000 x23=0xfc823d08
         665000	        65	800000e4	00000c13	addi	x24,x0,0	  x0:0x00000000 x24=0x00000000
         675000	        66	800000e8	f5253cb7	lui	x25,0xf5253	 x25=0xf5253000
         685000	        67	800000ec	614c8c93	addi	x25,x25,1556	 x25:0xf5253000 x25=0xf5253614
         695000	        68	800000f0	80000d37	lui	x26,0x80000	 x26=0x80000000
         705000	        69	800000f4	80000db7	lui	x27,0x80000	 x27=0x80000000
         715000	        70	800000f8	232ede37	lui	x28,0x232ed	 x28=0x232ed000
         725000	        71	800000fc	01ce0e13	addi	x28,x28,28	 x28:0x232ed000 x28=0x232ed01c
         735000	        72	80000100	15115eb7	lui	x29,0x15115	 x29=0x15115000
         745000	        73	80000104	83de8e93	addi	x29,x29,-1987	 x29:0x15115000 x29=0x1511483d
         755000	        74	80000108	80000f37	lui	x30,0x80000	 x30=0x80000000
         765000	        75	8000010c	fd182fb7	lui	x31,0xfd182	 x31=0xfd182000
         775000	        76	80000110	994f8f93	addi	x31,x31,-1644	 x31:0xfd182000 x31=0xfd181994
         785000	        77	80000114	0000a597	auipc	x11,0xa	 x11=0x8000a110
         795000	        78	80000118	e7458593	addi	x11,x11,-396	 x11:0x8000a110 x11=0x80009f84
         805000	        79	8000011c	00100413	addi	x8,x0,1	  x0:0x00000000  x8=0x00000001
         815000	        80	80000120	00598c33	add	x24,x19,x5	 x19:0xfe58e4b4  x5:0xfd7a6ac0 x24=0xfbd34f74
         825000	        81	80000124	73e8b213	sltiu	x4,x17,1854	 x17:0xf409c97a  x4=0x00000000
         835000	        82	80000128	01550c33	add	x24,x10,x21	 x10:0x00000000 x21:0xfd3aa9fe x24=0xfd3aa9fe
         845000	        83	8000012c	749dfa13	andi	x20,x27,1865	 x27:0x80000000 x20=0x00000000
         855000	        84	80000130	8beba117	auipc	x2,0x8beba	  x2=0x0beba12c
         865000	        85	80000134	00f00613	addi	x12,x0,15	  x0:0x00000000 x12=0x0000000f
         875000	        86	80000138	5328ac13	slti	x24,x17,1330	 x17:0xf409c97a x24=0x00000001
         885000	        87	8000013c	00000013	addi	x0,x0,0	  x0:0x00000000
         895000	        88	80000140	011cc4b3	xor	x9,x25,x17	 x25:0xf5253614 x17:0xf409c97a  x9=0x012cff6e
         905000	        89	80000144	2a142737	lui	x14,0x2a142	 x14=0x2a142000
         915000	        90	80000148	eadfff97	auipc	x31,0xeadff	 x31=0x6adff144
         925000	        91	8000014c	00740413	addi	x8,x8,7	  x8:0x00000001  x8=0x00000008
         935000	        92	80000150	88157e13	andi	x28,x10,-1919	 x10:0x00000000 x28=0x00000000
         945000	        93	80000154	00d4c033	xor	x0,x9,x13	  x9:0x012cff6e x13:0x80009fc4
         955000	        94	80000158	00cf5c13	srli	x24,x30,0xc	 x30:0x80000000 x24=0x00080000
         965000	        95	8000015c	fec446e3	blt	x8,x12,80000148	  x8:0x00000008 x12:0x0000000f
         975000	        96	00000000	00000013	addi	x0,x0,0	  x0:0x00000000
         985000	        97	80000144	00000013	addi	x0,x0,0	  x0:0x00000000
         995000	        98	80000148	eadfff97	auipc	x31,0xeadff	 x31=0x6adff144
        1005000	        99	8000014c	00740413	addi	x8,x8,7	  x8:0x00000008  x8=0x0000000f
        1015000	       100	80000150	88157e13	andi	x28,x10,-1919	 x10:0x00000000 x28=0x00000000
        1025000	       101	80000154	00d4c033	xor	x0,x9,x13	  x9:0x012cff6e x13:0x80009fc4
        1035000	       102	80000158	00cf5c13	srli	x24,x30,0xc	 x30:0x80000000 x24=0x00080000
        1045000	       103	8000015c	fec446e3	blt	x8,x12,80000148	  x8:0x0000000f x12:0x0000000f
        1055000	       104	80000160	56d08093	addi	x1,x1,1389	  x1:0x324173c8  x1=0x32417935
        1065000	       105	80000164	00000f93	addi	x31,x0,0	  x0:0x00000000 x31=0x00000000
        1075000	       106	80000168	00800313	addi	x6,x0,8	  x0:0x00000000  x6=0x00000008
        1085000	       107	8000016c	017390b3	sll	x1,x7,x23	  x7:0x00000000 x23:0xfc823d08  x1=0x00000000
        1095000	       108	80000170	40d48d33	sub	x26,x9,x13	  x9:0x012cff6e x13:0x80009fc4 x26=0x812c5faa
        1105000	       109	80000174	008f8f93	addi	x31,x31,8	 x31:0x00000000 x31=0x00000008
        1115000	       110	80000178	00600513	addi	x10,x0,6	  x0:0x00000000 x10=0x00000006
        1125000	       111	8000017c	fee00e13	addi	x28,x0,-18	  x0:0x00000000 x28=0xffffffee
        1135000	       112	80000180	e5497793	andi	x15,x18,-428	 x18:0x00000000 x15=0x00000000
        1145000	       113	80000184	ffc50513	addi	x10,x10,-4	 x10:0x00000006 x10=0x00000002
        1155000	       114	80000188	ffc50ce3	beq	x10,x28,80000180	 x10:0x00000002 x28:0xffffffee
        1165000	       115	8000018c	fe6f82e3	beq	x31,x6,80000170	 x31:0x00000008  x6:0x00000008
        1175000	       116	00000000	00000013	addi	x0,x0,0	  x0:0x00000000
        1185000	       117	8000016c	00000013	addi	x0,x0,0	  x0:0x00000000
        1195000	       118	80000170	40d48d33	sub	x26,x9,x13	  x9:0x012cff6e x13:0x80009fc4 x26=0x812c5faa
        1205000	       119	80000174	008f8f93	addi	x31,x31,8	 x31:0x00000008 x31=0x00000010
        1215000	       120	80000178	00600513	addi	x10,x0,6	  x0:0x00000000 x10=0x00000006
        1225000	       121	8000017c	fee00e13	addi	x28,x0,-18	  x0:0x00000000 x28=0xffffffee
        1235000	       122	80000180	e5497793	andi	x15,x18,-428	 x18:0x00000000 x15=0x00000000
        1245000	       123	80000184	ffc50513	addi	x10,x10,-4	 x10:0x00000006 x10=0x00000002
        1255000	       124	80000188	ffc50ce3	beq	x10,x28,80000180	 x10:0x00000002 x28:0xffffffee
        1265000	       125	8000018c	fe6f82e3	beq	x31,x6,80000170	 x31:0x00000010  x6:0x00000008
        1275000	       126	80000190	00d09813	slli	x16,x1,0xd	  x1:0x00000000 x16=0x00000000
        1285000	       127	80000194	ff700393	addi	x7,x0,-9	  x0:0x00000000  x7=0xfffffff7
        1295000	       128	80000198	dab92993	slti	x19,x18,-597	 x18:0x00000000 x19=0x00000000
        1305000	       129	8000019c	00e00893	addi	x17,x0,14	  x0:0x00000000 x17=0x0000000e
        1315000	       130	800001a0	004a8033	add	x0,x21,x4	 x21:0xfd3aa9fe  x4:0x00000000
        1325000	       131	800001a4	019abbb3	sltu	x23,x21,x25	 x21:0xfd3aa9fe x25:0xf5253614 x23=0x00000000
        1335000	       132	800001a8	00a38393	addi	x7,x7,10	  x7:0xfffffff7  x7=0x00000001
        1345000	       133	800001ac	00a00f13	addi	x30,x0,10	  x0:0x00000000 x30=0x0000000a
        1355000	       134	800001b0	011842b3	xor	x5,x16,x17	 x16:0x00000000 x17:0x0000000e  x5=0x0000000e
        1365000	       135	800001b4	01681433	sll	x8,x16,x22	 x16:0x00000000 x22:0xf6762e17  x8=0x00000000
        1375000	       136	800001b8	004b8033	add	x0,x23,x4	 x23:0x00000000  x4:0x00000000
        1385000	       137	800001bc	01000113	addi	x2,x0,16	  x0:0x00000000  x2=0x00000010
        1395000	       138	800001c0	ac58e997	auipc	x19,0xac58e	 x19=0x2c58e1bc
        1405000	       139	800001c4	9cb5e913	ori	x18,x11,-1589	 x11:0x80009f84 x18=0xffffffcf
        1415000	       140	800001c8	69cbab93	slti	x23,x23,1692	 x23:0x00000000 x23=0x00000001
        1425000	       141	800001cc	00e4d2b3	srl	x5,x9,x14	  x9:0x012cff6e x14:0x2a142000  x5=0x012cff6e
        1435000	       142	800001d0	00000013	addi	x0,x0,0	  x0:0x00000000
        1445000	       143	800001d4	01a04333	xor	x6,x0,x26	  x0:0x00000000 x26:0x812c5faa  x6=0x812c5faa
        1455000	       144	800001d8	01020b33	add	x22,x4,x16	  x4:0x00000000 x16:0x00000000 x22=0x00000000
        1465000	       145	800001dc	005f0f13	addi	x30,x30,5	 x30:0x0000000a x30=0x0000000f
        1475000	       146	800001e0	caf00513	addi	x10,x0,-849	  x0:0x00000000 x10=0xfffffcaf
        1485000	       147	800001e4	fe2f62e3	bltu	x30,x2,800001c8	 x30:0x0000000f  x2:0x00000010
        1495000	       148	00000000	00000013	addi	x0,x0,0	  x0:0x00000000
        1505000	       149	800001c4	00000013	addi	x0,x0,0	  x0:0x00000000
        1515000	       150	800001c8	69cbab93	slti	x23,x23,1692	 x23:0x00000001 x23=0x00000001
        1525000	       151	800001cc	00e4d2b3	srl	x5,x9,x14	  x9:0x012cff6e x14:0x2a142000  x5=0x012cff6e
        1535000	       152	800001d0	00000013	addi	x0,x0,0	  x0:0x00000000
        1545000	       153	800001d4	01a04333	xor	x6,x0,x26	  x0:0x00000000 x26:0x812c5faa  x6=0x812c5faa
        1555000	       154	800001d8	01020b33	add	x22,x4,x16	  x4:0x00000000 x16:0x00000000 x22=0x00000000
        1565000	       155	800001dc	005f0f13	addi	x30,x30,5	 x30:0x0000000f x30=0x00000014
        1575000	       156	800001e0	caf00513	addi	x10,x0,-849	  x0:0x00000000 x10=0xfffffcaf
        1585000	       157	800001e4	fe2f62e3	bltu	x30,x2,800001c8	 x30:0x00000014  x2:0x00000010
        1595000	       158	800001e8	fb13ece3	bltu	x7,x17,800001a0	  x7:0x00000001 x17:0x0000000e
        1605000	       159	00000000	00000013	addi	x0,x0,0	  x0:0x00000000
        1615000	       160	8000019c	00000013	addi	x0,x0,0	  x0:0x00000000
        1625000	       161	800001a0	004a8033	add	x0,x21,x4	 x21:0xfd3aa9fe  x4:0x00000000
        1635000	       162	800001a4	019abbb3	sltu	x23,x21,x25	 x21:0xfd3aa9fe x25:0xf5253614 x23=0x00000000
        1645000	       163	800001a8	00a38393	addi	x7,x7,10	  x7:0x00000001  x7=0x0000000b
        1655000	       164	800001ac	00a00f13	addi	x30,x0,10	  x0:0x00000000 x30=0x0000000a
        1665000	       165	800001b0	011842b3	xor	x5,x16,x17	 x16:0x00000000 x17:0x0000000e  x5=0x0000000e
        1675000	       166	800001b4	01681433	sll	x8,x16,x22	 x16:0x00000000 x22:0x00000000  x8=0x00000000
        1685000	       167	800001b8	004b8033	add	x0,x23,x4	 x23:0x00000000  x4:0x00000000
        1695000	       168	800001bc	01000113	addi	x2,x0,16	  x0:0x00000000  x2=0x00000010
        1705000	       169	800001c0	ac58e997	auipc	x19,0xac58e	 x19=0x2c58e1bc
        1715000	       170	800001c4	9cb5e913	ori	x18,x11,-1589	 x11:0x80009f84 x18=0xffffffcf
        1725000	       171	800001c8	69cbab93	slti	x23,x23,1692	 x23:0x00000000 x23=0x00000001
        1735000	       172	800001cc	00e4d2b3	srl	x5,x9,x14	  x9:0x012cff6e x14:0x2a142000  x5=0x012cff6e
        1745000	       173	800001d0	00000013	addi	x0,x0,0	  x0:0x00000000
        1755000	       174	800001d4	01a04333	xor	x6,x0,x26	  x0:0x00000000 x26:0x812c5faa  x6=0x812c5faa
        1765000	       175	800001d8	01020b33	add	x22,x4,x16	  x4:0x00000000 x16:0x00000000 x22=0x00000000
        1775000	       176	800001dc	005f0f13	addi	x30,x30,5	 x30:0x0000000a x30=0x0000000f
        1785000	       177	800001e0	caf00513	addi	x10,x0,-849	  x0:0x00000000 x10=0xfffffcaf
        1795000	       178	800001e4	fe2f62e3	bltu	x30,x2,800001c8	 x30:0x0000000f  x2:0x00000010
        1805000	       179	00000000	00000013	addi	x0,x0,0	  x0:0x00000000
        1815000	       180	800001c4	00000013	addi	x0,x0,0	  x0:0x00000000
        1825000	       181	800001c8	69cbab93	slti	x23,x23,1692	 x23:0x00000001 x23=0x00000001
        1835000	       182	800001cc	00e4d2b3	srl	x5,x9,x14	  x9:0x012cff6e x14:0x2a142000  x5=0x012cff6e
        1845000	       183	800001d0	00000013	addi	x0,x0,0	  x0:0x00000000
        1855000	       184	800001d4	01a04333	xor	x6,x0,x26	  x0:0x00000000 x26:0x812c5faa  x6=0x812c5faa
        1865000	       185	800001d8	01020b33	add	x22,x4,x16	  x4:0x00000000 x16:0x00000000 x22=0x00000000
        1875000	       186	800001dc	005f0f13	addi	x30,x30,5	 x30:0x0000000f x30=0x00000014
        1885000	       187	800001e0	caf00513	addi	x10,x0,-849	  x0:0x00000000 x10=0xfffffcaf
        1895000	       188	800001e4	fe2f62e3	bltu	x30,x2,800001c8	 x30:0x00000014  x2:0x00000010
        1905000	       189	800001e8	fb13ece3	bltu	x7,x17,800001a0	  x7:0x0000000b x17:0x0000000e
        1915000	       190	00000000	00000013	addi	x0,x0,0	  x0:0x00000000
        1925000	       191	8000019c	00000013	addi	x0,x0,0	  x0:0x00000000
        1935000	       192	800001a0	004a8033	add	x0,x21,x4	 x21:0xfd3aa9fe  x4:0x00000000
        1945000	       193	800001a4	019abbb3	sltu	x23,x21,x25	 x21:0xfd3aa9fe x25:0xf5253614 x23=0x00000000
        1955000	       194	800001a8	00a38393	addi	x7,x7,10	  x7:0x0000000b  x7=0x00000015
        1965000	       195	800001ac	00a00f13	addi	x30,x0,10	  x0:0x00000000 x30=0x0000000a
        1975000	       196	800001b0	011842b3	xor	x5,x16,x17	 x16:0x00000000 x17:0x0000000e  x5=0x0000000e
        1985000	       197	800001b4	01681433	sll	x8,x16,x22	 x16:0x00000000 x22:0x00000000  x8=0x00000000
        1995000	       198	800001b8	004b8033	add	x0,x23,x4	 x23:0x00000000  x4:0x00000000
        2005000	       199	800001bc	01000113	addi	x2,x0,16	  x0:0x00000000  x2=0x00000010
        2015000	       200	800001c0	ac58e997	auipc	x19,0xac58e	 x19=0x2c58e1bc
        2025000	       201	800001c4	9cb5e913	ori	x18,x11,-1589	 x11:0x80009f84 x18=0xffffffcf
        2035000	       202	800001c8	69cbab93	slti	x23,x23,1692	 x23:0x00000000 x23=0x00000001
        2045000	       203	800001cc	00e4d2b3	srl	x5,x9,x14	  x9:0x012cff6e x14:0x2a142000  x5=0x012cff6e
        2055000	       204	800001d0	00000013	addi	x0,x0,0	  x0:0x00000000
        2065000	       205	800001d4	01a04333	xor	x6,x0,x26	  x0:0x00000000 x26:0x812c5faa  x6=0x812c5faa
        2075000	       206	800001d8	01020b33	add	x22,x4,x16	  x4:0x00000000 x16:0x00000000 x22=0x00000000
        2085000	       207	800001dc	005f0f13	addi	x30,x30,5	 x30:0x0000000a x30=0x0000000f
        2095000	       208	800001e0	caf00513	addi	x10,x0,-849	  x0:0x00000000 x10=0xfffffcaf
        2105000	       209	800001e4	fe2f62e3	bltu	x30,x2,800001c8	 x30:0x0000000f  x2:0x00000010
        2115000	       210	00000000	00000013	addi	x0,x0,0	  x0:0x00000000
        2125000	       211	800001c4	00000013	addi	x0,x0,0	  x0:0x00000000
        2135000	       212	800001c8	69cbab93	slti	x23,x23,1692	 x23:0x00000001 x23=0x00000001
        2145000	       213	800001cc	00e4d2b3	srl	x5,x9,x14	  x9:0x012cff6e x14:0x2a142000  x5=0x012cff6e
        2155000	       214	800001d0	00000013	addi	x0,x0,0	  x0:0x00000000
        2165000	       215	800001d4	01a04333	xor	x6,x0,x26	  x0:0x00000000 x26:0x812c5faa  x6=0x812c5faa
        2175000	       216	800001d8	01020b33	add	x22,x4,x16	  x4:0x00000000 x16:0x00000000 x22=0x00000000
        2185000	       217	800001dc	005f0f13	addi	x30,x30,5	 x30:0x0000000f x30=0x00000014
        2195000	       218	800001e0	caf00513	addi	x10,x0,-849	  x0:0x00000000 x10=0xfffffcaf
        2205000	       219	800001e4	fe2f62e3	bltu	x30,x2,800001c8	 x30:0x00000014  x2:0x00000010
        2215000	       220	800001e8	fb13ece3	bltu	x7,x17,800001a0	  x7:0x00000015 x17:0x0000000e
        2225000	       221	800001ec	7833fd93	andi	x27,x7,1923	  x7:0x00000015 x27=0x00000001
        2235000	       222	800001f0	ffa00893	addi	x17,x0,-6	  x0:0x00000000 x17=0xfffffffa
        2245000	       223	800001f4	416e8e33	sub	x28,x29,x22	 x29:0x1511483d x22:0x00000000 x28=0x1511483d
        2255000	       224	800001f8	285dca17	auipc	x20,0x285dc	 x20=0xa85dc1f4
        2265000	       225	800001fc	bb7ea837	lui	x16,0xbb7ea	 x16=0xbb7ea000
        2275000	       226	80000200	ff100f93	addi	x31,x0,-15	  x0:0x00000000 x31=0xfffffff1
        2285000	       227	80000204	58ac0113	addi	x2,x24,1418	 x24:0x00080000  x2=0x0008058a
        2295000	       228	80000208	48cb8213	addi	x4,x23,1164	 x23:0x00000001  x4=0x0000048d
        2305000	       229	8000020c	41795793	srai	x15,x18,0x17	 x18:0xffffffcf x15=0xffffffff
        2315000	       230	80000210	6a79f137	lui	x2,0x6a79f	  x2=0x6a79f000
        2325000	       231	80000214	0030d013	srli	x0,x1,0x3	  x1:0x00000000
        2335000	       232	80000218	7df8ab13	slti	x22,x17,2015	 x17:0xfffffffa x22=0x00000001
        2345000	       233	8000021c	ff788893	addi	x17,x17,-9	 x17:0xfffffffa x17=0xfffffff1
        2355000	       234	80000220	fff888e3	beq	x17,x31,80000210	 x17:0xfffffff1 x31:0xfffffff1
        2365000	       235	00000000	00000013	addi	x0,x0,0	  x0:0x00000000
        2375000	       236	8000020c	00000013	addi	x0,x0,0	  x0:0x00000000
        2385000	       237	80000210	6a79f137	lui	x2,0x6a79f	  x2=0x6a79f000
        2395000	       238	80000214	0030d013	srli	x0,x1,0x3	  x1:0x00000000
        2405000	       239	80000218	7df8ab13	slti	x22,x17,2015	 x17:0xfffffff1 x22=0x00000001
        2415000	       240	8000021c	ff788893	addi	x17,x17,-9	 x17:0xfffffff1 x17=0xffffffe8
        2425000	       241	80000220	fff888e3	beq	x17,x31,80000210	 x17:0xffffffe8 x31:0xfffffff1
        2435000	       242	80000224	bd540b93	addi	x23,x8,-1067	  x8:0x00000000 x23=0xfffffbd5
        2445000	       243	80000228	00500093	addi	x1,x0,5	  x0:0x00000000  x1=0x00000005
        2455000	       244	8000022c	001548b3	xor	x17,x10,x1	 x10:0xfffffcaf  x1:0x00000005 x17=0xfffffcaa
        2465000	       245	80000230	00b00993	addi	x19,x0,11	  x0:0x00000000 x19=0x0000000b
        2475000	       246	80000234	67b79bb7	lui	x23,0x67b79	 x23=0x67b79000
        2485000	       247	80000238	01e9e833	or	x16,x19,x30	 x19:0x0000000b x30:0x00000014 x16=0x0000001f
        2495000	       248	8000023c	00f4db33	srl	x22,x9,x15	  x9:0x012cff6e x15:0xffffffff x22=0x00000000
        2505000	       249	80000240	01bd1fb3	sll	x31,x26,x27	 x26:0x812c5faa x27:0x00000001 x31=0x0258bf54
        2515000	       250	80000244	00b20833	add	x16,x4,x11	  x4:0x0000048d x11:0x80009f84 x16=0x8000a411
        2525000	       251	80000248	00308093	addi	x1,x1,3	  x1:0x00000005  x1=0x00000008
        2535000	       252	8000024c	01b56bb3	or	x23,x10,x27	 x10:0xfffffcaf x27:0x00000001 x23=0xfffffcaf
        2545000	       253	80000250	00200d93	addi	x27,x0,2	  x0:0x00000000 x27=0x00000002
        2555000	       254	80000254	241df293	andi	x5,x27,577	 x27:0x00000002  x5=0x00000000
        2565000	       255	80000258	895c9bb7	lui	x23,0x895c9	 x23=0x895c9000
        2575000	       256	8000025c	00e588b3	add	x17,x11,x14	 x11:0x80009f84 x14:0x2a142000 x17=0xaa14bf84
        2585000	       257	80000260	00300513	addi	x10,x0,3	  x0:0x00000000 x10=0x00000003
        2595000	       258	80000264	cb062893	slti	x17,x12,-848	 x12:0x0000000f x17=0x00000000
        2605000	       259	80000268	0169f033	and	x0,x19,x22	 x19:0x0000000b x22:0x00000000
        2615000	       260	8000026c	0036d3b3	srl	x7,x13,x3	 x13:0x80009fc4  x3:0x0000000b  x7=0x00100013
        2625000	       261	80000270	002d8d93	addi	x27,x27,2	 x27:0x00000002 x27=0x00000004
        2635000	       262	80000274	d9a42817	auipc	x16,0xd9a42	 x16=0x59a42270
        2645000	       263	80000278	019b9933	sll	x18,x23,x25	 x23:0x895c9000 x25:0xf5253614 x18=0x00000000
        2655000	       264	8000027c	4002da33	sra	x20,x5,x0	  x5:0x00000000  x0:0x00000000 x20=0x00000000
        2665000	       265	80000280	003a1193	slli	x3,x20,0x3	 x20:0x00000000  x3=0x00000000
        2675000	       266	80000284	feadc2e3	blt	x27,x10,80000268	 x27:0x00000004 x10:0x00000003
        2685000	       267	80000288	41c25493	srai	x9,x4,0x1c	  x4:0x0000048d  x9=0x00000000
        2695000	       268	8000028c	00c49e93	slli	x29,x9,0xc	  x9:0x00000000 x29=0x00000000
        2705000	       269	80000290	fb3094e3	bne	x1,x19,80000238	  x1:0x00000008 x19:0x0000000b
        2715000	       270	00000000	00000013	addi	x0,x0,0	  x0:0x00000000
        2725000	       271	80000234	00000013	addi	x0,x0,0	  x0:0x00000000
        2735000	       272	80000238	01e9e833	or	x16,x19,x30	 x19:0x0000000b x30:0x00000014 x16=0x0000001f
        2745000	       273	8000023c	00f4db33	srl	x22,x9,x15	  x9:0x00000000 x15:0xffffffff x22=0x00000000
        2755000	       274	80000240	01bd1fb3	sll	x31,x26,x27	 x26:0x812c5faa x27:0x00000004 x31=0x12c5faa0
        2765000	       275	80000244	00b20833	add	x16,x4,x11	  x4:0x0000048d x11:0x80009f84 x16=0x8000a411
        2775000	       276	80000248	00308093	addi	x1,x1,3	  x1:0x00000008  x1=0x0000000b
        2785000	       277	8000024c	01b56bb3	or	x23,x10,x27	 x10:0x00000003 x27:0x00000004 x23=0x00000007
        2795000	       278	80000250	00200d93	addi	x27,x0,2	  x0:0x00000000 x27=0x00000002
        2805000	       279	80000254	241df293	andi	x5,x27,577	 x27:0x00000002  x5=0x00000000
        2815000	       280	80000258	895c9bb7	lui	x23,0x895c9	 x23=0x895c9000
        2825000	       281	8000025c	00e588b3	add	x17,x11,x14	 x11:0x80009f84 x14:0x2a142000 x17=0xaa14bf84
        2835000	       282	80000260	00300513	addi	x10,x0,3	  x0:0x00000000 x10=0x00000003
        2845000	       283	80000264	cb062893	slti	x17,x12,-848	 x12:0x0000000f x17=0x00000000
        2855000	       284	80000268	0169f033	and	x0,x19,x22	 x19:0x0000000b x22:0x00000000
        2865000	       285	8000026c	0036d3b3	srl	x7,x13,x3	 x13:0x80009fc4  x3:0x00000000  x7=0x80009fc4
        2875000	       286	80000270	002d8d93	addi	x27,x27,2	 x27:0x00000002 x27=0x00000004
        2885000	       287	80000274	d9a42817	auipc	x16,0xd9a42	 x16=0x59a42270
        2895000	       288	80000278	019b9933	sll	x18,x23,x25	 x23:0x895c9000 x25:0xf5253614 x18=0x00000000
        2905000	       289	8000027c	4002da33	sra	x20,x5,x0	  x5:0x00000000  x0:0x00000000 x20=0x00000000
        2915000	       290	80000280	003a1193	slli	x3,x20,0x3	 x20:0x00000000  x3=0x00000000
        2925000	       291	80000284	feadc2e3	blt	x27,x10,80000268	 x27:0x00000004 x10:0x00000003
        2935000	       292	80000288	41c25493	srai	x9,x4,0x1c	  x4:0x0000048d  x9=0x00000000
        2945000	       293	8000028c	00c49e93	slli	x29,x9,0xc	  x9:0x00000000 x29=0x00000000
        2955000	       294	80000290	fb3094e3	bne	x1,x19,80000238	  x1:0x0000000b x19:0x0000000b
        2965000	       295	80000294	2f092a17	auipc	x20,0x2f092	 x20=0xaf092290
        2975000	       296	80000298	00000213	addi	x4,x0,0	  x0:0x00000000  x4=0x00000000
        2985000	       297	8000029c	007a2333	slt	x6,x20,x7	 x20:0xaf092290  x7:0x80009fc4  x6=0x00000000
        2995000	       298	800002a0	47518f93	addi	x31,x3,1141	  x3:0x00000000 x31=0x00000475
        3005000	       299	800002a4	0161ac33	slt	x24,x3,x22	  x3:0x00000000 x22:0x00000000 x24=0x00000000
        3015000	       300	800002a8	00000013	addi	x0,x0,0	  x0:0x00000000
        3025000	       301	800002ac	012c5b33	srl	x22,x24,x18	 x24:0x00000000 x18:0x00000000 x22=0x00000000
        3035000	       302	800002b0	40a0f493	andi	x9,x1,1034	  x1:0x0000000b  x9=0x0000000a
        3045000	       303	800002b4	00500b93	addi	x23,x0,5	  x0:0x00000000 x23=0x00000005
        3055000	       304	800002b8	f7d7fe13	andi	x28,x15,-131	 x15:0xffffffff x28=0xffffff7d
        3065000	       305	800002bc	4563fe93	andi	x29,x7,1110	  x7:0x80009fc4 x29=0x00000444
        3075000	       306	800002c0	c190ca93	xori	x21,x1,-999	  x1:0x0000000b x21=0xfffffc12
        3085000	       307	800002c4	01c670b3	and	x1,x12,x28	 x12:0x0000000f x28:0xffffff7d  x1=0x0000000d
        3095000	       308	800002c8	4188de13	srai	x28,x17,0x18	 x17:0x00000000 x28=0x00000000
        3105000	       309	800002cc	01bf1533	sll	x10,x30,x27	 x30:0x00000014 x27:0x00000004 x10=0x00000140
        3115000	       310	800002d0	9800beb7	lui	x29,0x9800b	 x29=0x9800b000
        3125000	       311	800002d4	00520213	addi	x4,x4,5	  x4:0x00000000  x4=0x00000005
        3135000	       312	800002d8	01436033	or	x0,x6,x20	  x6:0x00000000 x20:0xaf092290
        3145000	       313	800002dc	92738a37	lui	x20,0x92738	 x20=0x92738000
        3155000	       314	800002e0	00700393	addi	x7,x0,7	  x0:0x00000000  x7=0x00000007
        3165000	       315	800002e4	01a68433	add	x8,x13,x26	 x13:0x80009fc4 x26:0x812c5faa  x8=0x012cff6e
        3175000	       316	800002e8	00d00993	addi	x19,x0,13	  x0:0x00000000 x19=0x0000000d
        3185000	       317	800002ec	00f34733	xor	x14,x6,x15	  x6:0x00000000 x15:0xffffffff x14=0xffffffff
        3195000	       318	800002f0	3a5f6e93	ori	x29,x30,933	 x30:0x00000014 x29=0x000003b5
        3205000	       319	800002f4	00638393	addi	x7,x7,6	  x7:0x00000007  x7=0x0000000d
        3215000	       320	800002f8	ff339ce3	bne	x7,x19,800002f0	  x7:0x0000000d x19:0x0000000d
        3225000	       321	800002fc	fd7210e3	bne	x4,x23,800002bc	  x4:0x00000005 x23:0x00000005
        3235000	       322	80000300	014d9e93	slli	x29,x27,0x14	 x27:0x00000004 x29=0x00400000
        3245000	       323	80000304	ff900513	addi	x10,x0,-7	  x0:0x00000000 x10=0xfffffff9
        3255000	       324	80000308	016b4933	xor	x18,x22,x22	 x22:0x00000000 x22:0x00000000 x18=0x00000000
        3265000	       325	8000030c	8c0fc613	xori	x12,x31,-1856	 x31:0x00000475 x12=0xfffffcb5
        3275000	       326	80000310	00e00c13	addi	x24,x0,14	  x0:0x00000000 x24=0x0000000e
        3285000	       327	80000314	41e95d13	srai	x26,x18,0x1e	 x18:0x00000000 x26=0x00000000
        3295000	       328	80000318	1a987813	andi	x16,x16,425	 x16:0x59a42270 x16=0x00000020
        3305000	       329	8000031c	41050eb3	sub	x29,x10,x16	 x10:0xfffffff9 x16:0x00000020 x29=0xffffffd9
        3315000	       330	80000320	01fad033	srl	x0,x21,x31	 x21:0xfffffc12 x31:0x00000475
        3325000	       331	80000324	00000013	addi	x0,x0,0	  x0:0x00000000
        3335000	       332	80000328	008c30b3	sltu	x1,x24,x8	 x24:0x0000000e  x8:0x012cff6e  x1=0x00000001
        3345000	       333	8000032c	012d9e13	slli	x28,x27,0x12	 x27:0x00000004 x28=0x00100000
        3355000	       334	80000330	01f8df33	srl	x30,x17,x31	 x17:0x00000000 x31:0x00000475 x30=0x00000000
        3365000	       335	80000334	00661a13	slli	x20,x12,0x6	 x12:0xfffffcb5 x20=0xffff2d40
        3375000	       336	80000338	40235f93	srai	x31,x6,0x2	  x6:0x00000000 x31=0x00000000
        3385000	       337	8000033c	00da5ab3	srl	x21,x20,x13	 x20:0xffff2d40 x13:0x80009fc4 x21=0x0ffff2d4
        3395000	       338	80000340	00450513	addi	x10,x10,4	 x10:0xfffffff9 x10=0xfffffffd
        3405000	       339	80000344	7baa6193	ori	x3,x20,1978	 x20:0xffff2d40  x3=0xffff2ffa
        3415000	       340	80000348	01142733	slt	x14,x8,x17	  x8:0x012cff6e x17:0x00000000 x14=0x00000000
        3425000	       341	8000034c	e42a8d13	addi	x26,x21,-446	 x21:0x0ffff2d4 x26=0x0ffff116
        3435000	       342	80000350	fd856ae3	bltu	x10,x24,80000324	 x10:0xfffffffd x24:0x0000000e
        3445000	       343	80000354	18ca2813	slti	x16,x20,396	 x20:0xffff2d40 x16=0x00000001
        3455000	       344	80000358	00200e93	addi	x29,x0,2	  x0:0x00000000 x29=0x00000002
        3465000	       345	8000035c	a2d52113	slti	x2,x10,-1491	 x10:0xfffffffd  x2=0x00000000
        3475000	       346	80000360	00300913	addi	x18,x0,3	  x0:0x00000000 x18=0x00000003
        3485000	       347	80000364	00783bb3	sltu	x23,x16,x7	 x16:0x00000001  x7:0x0000000d x23=0x00000001
        3495000	       348	80000368	0082ef33	or	x30,x5,x8	  x5:0x00000000  x8:0x012cff6e x30=0x012cff6e
        3505000	       349	8000036c	006e8e93	addi	x29,x29,6	 x29:0x00000002 x29=0x00000008
        3515000	       350	80000370	6c722713	slti	x14,x4,1735	  x4:0x00000005 x14=0x00000001
        3525000	       351	80000374	00275a33	srl	x20,x14,x2	 x14:0x00000001  x2:0x00000000 x20=0x00000001
        3535000	       352	80000378	d14acb93	xori	x23,x21,-748	 x21:0x0ffff2d4 x23=0xf0000fc0
        3545000	       353	8000037c	00a00993	addi	x19,x0,10	  x0:0x00000000 x19=0x0000000a
        3555000	       354	80000380	404f0d33	sub	x26,x30,x4	 x30:0x012cff6e  x4:0x00000005 x26=0x012cff69
        3565000	       355	80000384	00800413	addi	x8,x0,8	  x0:0x00000000  x8=0x00000008
        3575000	       356	80000388	883a8013	addi	x0,x21,-1917	 x21:0x0ffff2d4
        3585000	       357	8000038c	c1847b93	andi	x23,x8,-1000	  x8:0x00000008 x23=0x00000008
        3595000	       358	80000390	02762613	slti	x12,x12,39	 x12:0xfffffcb5 x12=0x00000001
        3605000	       359	80000394	ffb98993	addi	x19,x19,-5	 x19:0x0000000a x19=0x00000005
        3615000	       360	80000398	9082e493	ori	x9,x5,-1784	  x5:0x00000000  x9=0xfffff908
        3625000	       361	8000039c	00000013	addi	x0,x0,0	  x0:0x00000000
        3635000	       362	800003a0	fe89f4e3	bgeu	x19,x8,80000388	 x19:0x00000005  x8:0x00000008
        3645000	       363	800003a4	fd2ec0e3	blt	x29,x18,80000364	 x29:0x00000008 x18:0x00000003
        3655000	       364	800003a8	01bc6a33	or	x20,x24,x27	 x24:0x0000000e x27:0x00000004 x20=0x0000000e
        3665000	       365	800003ac	00800213	addi	x4,x0,8	  x0:0x00000000  x4=0x00000008
        3675000	       366	800003b0	00800b13	addi	x22,x0,8	  x0:0x00000000 x22=0x00000008
        3685000	       367	800003b4	01c0bc33	sltu	x24,x1,x28	  x1:0x00000001 x28:0x00100000 x24=0x00000001
        3695000	       368	800003b8	00b0c333	xor	x6,x1,x11	  x1:0x00000001 x11:0x80009f84  x6=0x80009f85
        3705000	       369	800003bc	417207b3	sub	x15,x4,x23	  x4:0x00000008 x23:0x00000008 x15=0x00000000
        3715000	       370	800003c0	75d3b513	sltiu	x10,x7,1885	  x7:0x0000000d x10=0x00000001
        3725000	       371	800003c4	00dd8bb3	add	x23,x27,x13	 x27:0x00000004 x13:0x80009fc4 x23=0x80009fc8
        3735000	       372	800003c8	40d55633	sra	x12,x10,x13	 x10:0x00000001 x13:0x80009fc4 x12=0x00000000
        3745000	       373	800003cc	01114933	xor	x18,x2,x17	  x2:0x00000000 x17:0x00000000 x18=0x00000000
        3755000	       374	800003d0	016bd9b3	srl	x19,x23,x22	 x23:0x80009fc8 x22:0x00000008 x19=0x0080009f
        3765000	       375	800003d4	01a4f2b3	and	x5,x9,x26	  x9:0xfffff908 x26:0x012cff69  x5=0x012cf908
        3775000	       376	800003d8	ff920213	addi	x4,x4,-7	  x4:0x00000008  x4=0x00000001
        3785000	       377	800003dc	00000013	addi	x0,x0,0	  x0:0x00000000
        3795000	       378	800003e0	b5c7bf13	sltiu	x30,x15,-1188	 x15:0x00000000 x30=0x00000001
        3805000	       379	800003e4	017ae1b3	or	x3,x21,x23	 x21:0x0ffff2d4 x23:0x80009fc8  x3=0x8fffffdc
        3815000	       380	800003e8	df84f093	andi	x1,x9,-520	  x9:0xfffff908  x1=0xfffff908
        3825000	       381	800003ec	01e51193	slli	x3,x10,0x1e	 x10:0x00000001  x3=0x40000000
        3835000	       382	800003f0	008e74b3	and	x9,x28,x8	 x28:0x00100000  x8:0x00000008  x9=0x00000000
        3845000	       383	800003f4	fd6272e3	bgeu	x4,x22,800003b8	  x4:0x00000001 x22:0x00000008
        3855000	       384	800003f8	01b194b3	sll	x9,x3,x27	  x3:0x40000000 x27:0x00000004  x9=0x00000000
        3865000	       385	800003fc	014e9d93	slli	x27,x29,0x14	 x29:0x00000008 x27=0x00800000
        3875000	       386	80000400	006dd3b3	srl	x7,x27,x6	 x27:0x00800000  x6:0x80009f85  x7=0x00040000
        3885000	       387	80000404	01a4a4b3	slt	x9,x9,x26	  x9:0x00000000 x26:0x012cff69  x9=0x00000001
        3895000	       388	80000408	0119dfb3	srl	x31,x19,x17	 x19:0x0080009f x17:0x00000000 x31=0x0080009f
        3905000	       389	8000040c	01883f33	sltu	x30,x16,x24	 x16:0x00000001 x24:0x00000001 x30=0x00000000
        3915000	       390	80000410	00cc27b3	slt	x15,x24,x12	 x24:0x00000001 x12:0x00000000 x15=0x00000000
        3925000	       391	80000414	01d56e63	bltu	x10,x29,80000430	 x10:0x00000001 x29:0x00000008
        3935000	       392	00000000	00000013	addi	x0,x0,0	  x0:0x00000000
        3945000	       393	8000042c	00000013	addi	x0,x0,0	  x0:0x00000000
        3955000	       394	80000430	c0622917	auipc	x18,0xc0622	 x18=0x4062242c
        3965000	       395	80000434	01085f33	srl	x30,x16,x16	 x16:0x00000001 x16:0x00000001 x30=0x00000000
        3975000	       396	80000438	ddeaf393	andi	x7,x21,-546	 x21:0x0ffff2d4  x7=0x0ffff0d4
        3985000	       397	8000043c	020fd463	bge	x31,x0,80000464	 x31:0x0080009f  x0:0x00000000
        3995000	       398	00000000	00000013	addi	x0,x0,0	  x0:0x00000000
        4005000	       399	80000460	00000013	addi	x0,x0,0	  x0:0x00000000
        4015000	       400	80000464	0465d463	bge	x11,x6,800004ac	 x11:0x80009f84  x6:0x80009f85
        4025000	       401	80000468	0196d7b3	srl	x15,x13,x25	 x13:0x80009fc4 x25:0xf5253614 x15=0x00000800
        4035000	       402	8000046c	23c26e13	ori	x28,x4,572	  x4:0x00000001 x28=0x0000023d
        4045000	       403	80000470	40bbd993	srai	x19,x23,0xb	 x23:0x80009fc8 x19=0xfff00013
        4055000	       404	80000474	00000013	addi	x0,x0,0	  x0:0x00000000
        4065000	       405	80000478	1bd27313	andi	x6,x4,445	  x4:0x00000001  x6=0x00000001
        4075000	       406	8000047c	00000013	addi	x0,x0,0	  x0:0x00000000
        4085000	       407	80000480	00763c33	sltu	x24,x12,x7	 x12:0x00000000  x7:0x0ffff0d4 x24=0x00000001
        4095000	       408	80000484	00959e93	slli	x29,x11,0x9	 x11:0x80009f84 x29=0x013f0800
        4105000	       409	80000488	9baf1997	auipc	x19,0x9baf1	 x19=0x1baf1484
        4115000	       410	8000048c	fbbd1297	auipc	x5,0xfbbd1	  x5=0x7bbd1488
        4125000	       411	80000490	fa687193	andi	x3,x16,-90	 x16:0x00000001  x3=0x00000000
        4135000	       412	80000494	02189863	bne	x17,x1,800004c4	 x17:0x00000000  x1:0xfffff908
        4145000	       413	00000000	00000013	addi	x0,x0,0	  x0:0x00000000
        4155000	       414	800004c0	00000013	addi	x0,x0,0	  x0:0x00000000
        4165000	       415	800004c4	00b79bb3	sll	x23,x15,x11	 x15:0x00000800 x11:0x80009f84 x23=0x00008000
        4175000	       416	800004c8	04c70863	beq	x14,x12,80000518	 x14:0x00000001 x12:0x00000000
        4185000	       417	800004cc	001483b3	add	x7,x9,x1	  x9:0x00000001  x1:0xfffff908  x7=0xfffff909
        4195000	       418	800004d0	010b88b3	add	x17,x23,x16	 x23:0x00008000 x16:0x00000001 x17=0x00008001
        4205000	       419	800004d4	e3130713	addi	x14,x6,-463	  x6:0x00000001 x14=0xfffffe32
        4215000	       420	800004d8	04b01663	bne	x0,x11,80000524	  x0:0x00000000 x11:0x80009f84
        4225000	       421	00000000	00000013	addi	x0,x0,0	  x0:0x00000000
        4235000	       422	80000520	00000013	addi	x0,x0,0	  x0:0x00000000
        4245000	       423	80000524	222e7517	auipc	x10,0x222e7	 x10=0xa22e7520
        4255000	       424	80000528	28cebb13	sltiu	x22,x29,652	 x29:0x013f0800 x22=0x00000000
        4265000	       425	8000052c	002d9c33	sll	x24,x27,x2	 x27:0x00800000  x2:0x00000000 x24=0x00800000
        4275000	       426	80000530	00869613	slli	x12,x13,0x8	 x13:0x80009fc4 x12=0x009fc400
        4285000	       427	80000534	84d22013	slti	x0,x4,-1971	  x4:0x00000001
        4295000	       428	80000538	41805533	sra	x10,x0,x24	  x0:0x00000000 x24:0x00800000 x10=0x00000000
        4305000	       429	8000053c	015d70b3	and	x1,x26,x21	 x26:0x012cff69 x21:0x0ffff2d4  x1=0x012cf240
        4315000	       430	80000540	00c224b3	slt	x9,x4,x12	  x4:0x00000001 x12:0x009fc400  x9=0x00000001
        4325000	       431	80000544	cf997113	andi	x2,x18,-775	 x18:0x4062242c  x2=0x40622428
        4335000	       432	80000548	4114dab3	sra	x21,x9,x17	  x9:0x00000001 x17:0x00008001 x21=0x00000000
        4345000	       433	8000054c	ce283313	sltiu	x6,x16,-798	 x16:0x00000001  x6=0x00000001
        4355000	       434	80000550	00549c13	slli	x24,x9,0x5	  x9:0x00000001 x24=0x00000020
        4365000	       435	80000554	a200c713	xori	x14,x1,-1504	  x1:0x012cf240 x14=0xfed30860
        4375000	       436	80000558	5a39ae13	slti	x28,x19,1443	 x19:0x1baf1484 x28=0x00000000
        4385000	       437	8000055c	1dc6e613	ori	x12,x13,476	 x13:0x80009fc4 x12=0x80009fdc
        4395000	       438	80000560	01c7a2b3	slt	x5,x15,x28	 x15:0x00000800 x28:0x00000000  x5=0x00000000
        4405000	       439	80000564	0154dfb3	srl	x31,x9,x21	  x9:0x00000001 x21:0x00000000 x31=0x00000001
        4415000	       440	80000568	01811463	bne	x2,x24,80000570	  x2:0x40622428 x24:0x00000020
        4425000	       441	00000000	00000013	addi	x0,x0,0	  x0:0x00000000
        4435000	       442	8000056c	00000013	addi	x0,x0,0	  x0:0x00000000
        4445000	       443	80000570	00354433	xor	x8,x10,x3	 x10:0x00000000  x3:0x00000000  x8=0x00000000
        4455000	       444	80000574	00000013	addi	x0,x0,0	  x0:0x00000000
        4465000	       445	80000578	01708d33	add	x26,x1,x23	  x1:0x012cf240 x23:0x00008000 x26=0x012d7240
        4475000	       446	8000057c	01d75c63	bge	x14,x29,80000594	 x14:0xfed30860 x29:0x013f0800
        4485000	       447	80000580	412dd813	srai	x16,x27,0x12	 x27:0x00800000 x16=0x00000020
        4495000	       448	80000584	f3556793	ori	x15,x10,-203	 x10:0x00000000 x15=0xffffff35
        4505000	       449	80000588	01df9eb3	sll	x29,x31,x29	 x31:0x00000001 x29:0x013f0800 x29=0x00000001
        4515000	       450	8000058c	0197c533	xor	x10,x15,x25	 x15:0xffffff35 x25:0xf5253614 x10=0x0adac921
        4525000	       451	80000590	10607713	andi	x14,x0,262	  x0:0x00000000 x14=0x00000000
        4535000	       452	80000594	01649533	sll	x10,x9,x22	  x9:0x00000001 x22:0x00000000 x10=0x00000001
        4545000	       453	80000598	06d5ce63	blt	x11,x13,80000614	 x11:0x80009f84 x13:0x80009fc4
        4555000	       454	00000000	00000013	addi	x0,x0,0	  x0:0x00000000
        4565000	       455	80000610	00000013	addi	x0,x0,0	  x0:0x00000000
        4575000	       456	80000614	00c6e433	or	x8,x13,x12	 x13:0x80009fc4 x12:0x80009fdc  x8=0x80009fdc
        4585000	       457	80000618	00510ab3	add	x21,x2,x5	  x2:0x40622428  x5:0x00000000 x21=0x40622428
        4595000	       458	8000061c	0026ed33	or	x26,x13,x2	 x13:0x80009fc4  x2:0x40622428 x26=0xc062bfec
        4605000	       459	80000620	0082f463	bgeu	x5,x8,80000628	  x5:0x00000000  x8:0x80009fdc
        4615000	       460	80000624	00000013	addi	x0,x0,0	  x0:0x00000000
        4625000	       461	80000628	005cd133	srl	x2,x25,x5	 x25:0xf5253614  x5:0x00000000  x2=0xf5253614
        4635000	       462	8000062c	04a1d863	bge	x3,x10,8000067c	  x3:0x00000000 x10:0x00000001
        4645000	       463	80000630	00eb3233	sltu	x4,x22,x14	 x22:0x00000000 x14:0x00000000  x4=0x00000000
        4655000	       464	80000634	009c7333	and	x6,x24,x9	 x24:0x00000020  x9:0x00000001  x6=0x00000000
        4665000	       465	80000638	40875533	sra	x10,x14,x8	 x14:0x00000000  x8:0x80009fdc x10=0x00000000
        4675000	       466	8000063c	00000013	addi	x0,x0,0	  x0:0x00000000
        4685000	       467	80000640	559f5737	lui	x14,0x559f5	 x14=0x559f5000
        4695000	       468	80000644	00a69d13	slli	x26,x13,0xa	 x13:0x80009fc4 x26=0x027f1000
        4705000	       469	80000648	85b67393	andi	x7,x12,-1957	 x12:0x80009fdc  x7=0x80009858
        4715000	       470	8000064c	4159d933	sra	x18,x19,x21	 x19:0x1baf1484 x21:0x40622428 x18=0x001baf14
        4725000	       471	80000650	00000013	addi	x0,x0,0	  x0:0x00000000
        4735000	       472	80000654	05457463	bgeu	x10,x20,8000069c	 x10:0x00000000 x20:0x0000000e
        4745000	       473	80000658	0250c463	blt	x1,x5,80000680	  x1:0x012cf240  x5:0x00000000
        4755000	       474	8000065c	b3b86f13	ori	x30,x16,-1221	 x16:0x00000020 x30=0xfffffb3b
        4765000	       475	80000660	01a91113	slli	x2,x18,0x1a	 x18:0x001baf14  x2=0x50000000
        4775000	       476	80000664	01f48b93	addi	x23,x9,31	  x9:0x00000001 x23=0x00000020
        4785000	       477	80000668	41360333	sub	x6,x12,x19	 x12:0x80009fdc x19:0x1baf1484  x6=0x64518b58
        4795000	       478	8000066c	00000013	addi	x0,x0,0	  x0:0x00000000
        4805000	       479	80000670	43837d13	andi	x26,x6,1080	  x6:0x64518b58 x26=0x00000018
        4815000	       480	80000674	a86d7c13	andi	x24,x26,-1402	 x26:0x00000018 x24=0x00000000
        4825000	       481	80000678	40a55d13	srai	x26,x10,0xa	 x10:0x00000000 x26=0x00000000
        4835000	       482	8000067c	03d94463	blt	x18,x29,800006a4	 x18:0x001baf14 x29:0x00000001
        4845000	       483	80000680	0109f2b3	and	x5,x19,x16	 x19:0x1baf1484 x16:0x00000020  x5=0x00000000
        4855000	       484	80000684	10dfe813	ori	x16,x31,269	 x31:0x00000001 x16=0x0000010d
        4865000	       485	80000688	01909713	slli	x14,x1,0x19	  x1:0x012cf240 x14=0x80000000
        4875000	       486	8000068c	01b54f33	xor	x30,x10,x27	 x10:0x00000000 x27:0x00800000 x30=0x00800000
        4885000	       487	80000690	01f95663	bge	x18,x31,8000069c	 x18:0x001baf14 x31:0x00000001
        4895000	       488	00000000	00000013	addi	x0,x0,0	  x0:0x00000000
        4905000	       489	80000698	00000013	addi	x0,x0,0	  x0:0x00000000
        4915000	       490	8000069c	1d386bb7	lui	x23,0x1d386	 x23=0x1d386000
        4925000	       491	800006a0	0d5f6893	ori	x17,x30,213	 x30:0x00800000 x17=0x008000d5
        4935000	       492	800006a4	04e5f863	bgeu	x11,x14,800006f4	 x11:0x80009f84 x14:0x80000000
        4945000	       493	00000000	00000013	addi	x0,x0,0	  x0:0x00000000
        4955000	       494	800006f0	00000013	addi	x0,x0,0	  x0:0x00000000
        4965000	       495	800006f4	0214d063	bge	x9,x1,80000714	  x9:0x00000001  x1:0x012cf240
        4975000	       496	800006f8	036f1463	bne	x30,x22,80000720	 x30:0x00800000 x22:0x00000000
        4985000	       497	00000000	00000013	addi	x0,x0,0	  x0:0x00000000
        4995000	       498	8000071c	00000013	addi	x0,x0,0	  x0:0x00000000
        5005000	       499	80000720	05087463	bgeu	x16,x16,80000768	 x16:0x0000010d x16:0x0000010d
        5015000	       500	00000000	00000013	addi	x0,x0,0	  x0:0x00000000
        5025000	       501	80000764	00000013	addi	x0,x0,0	  x0:0x00000000
        5035000	       502	80000768	4c5c7f93	andi	x31,x24,1221	 x24:0x00000000 x31=0x00000000
        5045000	       503	8000076c	89c74217	auipc	x4,0x89c74	  x4=0x09c74768
        5055000	       504	80000770	01b54933	xor	x18,x10,x27	 x10:0x00000000 x27:0x00800000 x18=0x00800000
        5065000	       505	80000774	8fa18713	addi	x14,x3,-1798	  x3:0x00000000 x14=0xfffff8fa
        5075000	       506	80000778	01e9cdb3	xor	x27,x19,x30	 x19:0x1baf1484 x30:0x00800000 x27=0x1b2f1484
        5085000	       507	8000077c	c4562e93	slti	x29,x12,-955	 x12:0x80009fdc x29=0x00000001
        5095000	       508	80000780	0024de13	srli	x28,x9,0x2	  x9:0x00000001 x28=0x00000000
        5105000	       509	80000784	00f13233	sltu	x4,x2,x15	  x2:0x50000000 x15:0xffffff35  x4=0x00000001
        5115000	       510	80000788	00000013	addi	x0,x0,0	  x0:0x00000000
        5125000	       511	8000078c	0106ce33	xor	x28,x13,x16	 x13:0x80009fc4 x16:0x0000010d x28=0x80009ec9
        5135000	       512	80000790	5733f613	andi	x12,x7,1395	  x7:0x80009858 x12=0x00000050
        5145000	       513	80000794	03c0d463	bge	x1,x28,800007bc	  x1:0x012cf240 x28:0x80009ec9
        5155000	       514	00000000	00000013	addi	x0,x0,0	  x0:0x00000000
        5165000	       515	800007b8	00000013	addi	x0,x0,0	  x0:0x00000000
        5175000	       516	800007bc	00000013	addi	x0,x0,0	  x0:0x00000000
        5185000	       517	800007c0	f1e5b993	sltiu	x19,x11,-226	 x11:0x80009f84 x19=0x00000001
        5195000	       518	800007c4	2484cd13	xori	x26,x9,584	  x9:0x00000001 x26=0x00000249
        5205000	       519	800007c8	01f2e463	bltu	x5,x31,800007d0	  x5:0x00000000 x31:0x00000000
        5215000	       520	800007cc	0022db33	srl	x22,x5,x2	  x5:0x00000000  x2:0x50000000 x22=0x00000000
        5225000	       521	800007d0	ca3a8d97	auipc	x27,0xca3a8	 x27=0x4a3a87cc
        5235000	       522	800007d4	012869b3	or	x19,x16,x18	 x16:0x0000010d x18:0x00800000 x19=0x0080010d
        5245000	       523	800007d8	00573eb3	sltu	x29,x14,x5	 x14:0xfffff8fa  x5:0x00000000 x29=0x00000000
        5255000	       524	800007dc	00802433	slt	x8,x0,x8	  x0:0x00000000  x8:0x80009fdc  x8=0x00000000
        5265000	       525	800007e0	cb953c13	sltiu	x24,x10,-839	 x10:0x00000000 x24=0x00000001
        5275000	       526	800007e4	005563b3	or	x7,x10,x5	 x10:0x00000000  x5:0x00000000  x7=0x00000000
        5285000	       527	800007e8	055a6663	bltu	x20,x21,80000834	 x20:0x0000000e x21:0x40622428
        5295000	       528	00000000	00000013	addi	x0,x0,0	  x0:0x00000000
        5305000	       529	80000830	00000013	addi	x0,x0,0	  x0:0x00000000
        5315000	       530	80000834	4149d433	sra	x8,x19,x20	 x19:0x0080010d x20:0x0000000e  x8=0x00000200
        5325000	       531	80000838	019e6a33	or	x20,x28,x25	 x28:0x80009ec9 x25:0xf5253614 x20=0xf525bedd
        5335000	       532	8000083c	0180ec63	bltu	x1,x24,80000854	  x1:0x012cf240 x24:0x00000001
        5345000	       533	80000840	003fd863	bge	x31,x3,80000850	 x31:0x00000000  x3:0x00000000
        5355000	       534	00000000	00000013	addi	x0,x0,0	  x0:0x00000000
        5365000	       535	8000084c	00000013	addi	x0,x0,0	  x0:0x00000000
        5375000	       536	80000850	41cf8033	sub	x0,x31,x28	 x31:0x00000000 x28:0x80009ec9
        5385000	       537	80000854	f0063837	lui	x16,0xf0063	 x16=0xf0063000
        5395000	       538	80000858	147db793	sltiu	x15,x27,327	 x27:0x4a3a87cc x15=0x00000000
        5405000	       539	8000085c	00000013	addi	x0,x0,0	  x0:0x00000000
        5415000	       540	80000860	022a5663	bge	x20,x2,8000088c	 x20:0xf525bedd  x2:0x50000000
        5425000	       541	80000864	66f73813	sltiu	x16,x14,1647	 x14:0xfffff8fa x16=0x00000000
        5435000	       542	80000868	0095e8b3	or	x17,x11,x9	 x11:0x80009f84  x9:0x00000001 x17=0x80009f85
        5445000	       543	8000086c	60d77113	andi	x2,x14,1549	 x14:0xfffff8fa  x2=0x00000008
        5455000	       544	80000870	b9557fb7	lui	x31,0xb9557	 x31=0xb9557000
        5465000	       545	80000874	055bc863	blt	x23,x21,800008c4	 x23:0x1d386000 x21:0x40622428
        5475000	       546	00000000	00000013	addi	x0,x0,0	  x0:0x00000000
        5485000	       547	800008c0	00000013	addi	x0,x0,0	  x0:0x00000000
        5495000	       548	800008c4	71ee3913	sltiu	x18,x28,1822	 x28:0x80009ec9 x18=0x00000000
        5505000	       549	800008c8	cddd9637	lui	x12,0xcddd9	 x12=0xcddd9000
        5515000	       550	800008cc	41058133	sub	x2,x11,x16	 x11:0x80009f84 x16:0x00000000  x2=0x80009f84
        5525000	       551	800008d0	52a4f913	andi	x18,x9,1322	  x9:0x00000001 x18=0x00000000
        5535000	       552	800008d4	00000013	addi	x0,x0,0	  x0:0x00000000
        5545000	       553	800008d8	00a20d33	add	x26,x4,x10	  x4:0x00000001 x10:0x00000000 x26=0x00000001
        5555000	       554	800008dc	03bff263	bgeu	x31,x27,80000900	 x31:0xb9557000 x27:0x4a3a87cc
        5565000	       555	00000000	00000013	addi	x0,x0,0	  x0:0x00000000
        5575000	       556	800008fc	00000013	addi	x0,x0,0	  x0:0x00000000
        5585000	       557	80000900	01aea0b3	slt	x1,x29,x26	 x29:0x00000000 x26:0x00000001  x1=0x00000001
        5595000	       558	80000904	411ab293	sltiu	x5,x21,1041	 x21:0x40622428  x5=0x00000000
        5605000	       559	80000908	41a40c33	sub	x24,x8,x26	  x8:0x00000200 x26:0x00000001 x24=0x000001ff
        5615000	       560	8000090c	014fadb3	slt	x27,x31,x20	 x31:0xb9557000 x20:0xf525bedd x27=0x00000001
        5625000	       561	80000910	02ba8663	beq	x21,x11,8000093c	 x21:0x40622428 x11:0x80009f84
        5635000	       562	80000914	018943b3	xor	x7,x18,x24	 x18:0x00000000 x24:0x000001ff  x7=0x000001ff
        5645000	       563	80000918	2a28fd17	auipc	x26,0x2a28f	 x26=0xaa28f914
        5655000	       564	8000091c	02b45a63	bge	x8,x11,80000950	  x8:0x00000200 x11:0x80009f84
        5665000	       565	00000000	00000013	addi	x0,x0,0	  x0:0x00000000
        5675000	       566	8000094c	00000013	addi	x0,x0,0	  x0:0x00000000
        5685000	       567	80000950	416bd193	srai	x3,x23,0x16	 x23:0x1d386000  x3=0x00000074
        5695000	       568	80000954	c4970217	auipc	x4,0xc4970	  x4=0x44970950
        5705000	       569	80000958	5fd43937	lui	x18,0x5fd43	 x18=0x5fd43000
        5715000	       570	8000095c	ce710093	addi	x1,x2,-793	  x2:0x80009f84  x1=0x80009c6b
        5725000	       571	80000960	01482bb3	slt	x23,x16,x20	 x16:0x00000000 x20:0xf525bedd x23=0x00000000
        5735000	       572	80000964	00eb5613	srli	x12,x22,0xe	 x22:0x00000000 x12=0x00000000
        5745000	       573	80000968	03efd463	bge	x31,x30,80000990	 x31:0xb9557000 x30:0x00800000
        5755000	       574	8000096c	058cf663	bgeu	x25,x24,800009b8	 x25:0xf5253614 x24:0x000001ff
        5765000	       575	00000000	00000013	addi	x0,x0,0	  x0:0x00000000
        5775000	       576	800009b4	00000013	addi	x0,x0,0	  x0:0x00000000
        5785000	       577	800009b8	009e00b3	add	x1,x28,x9	 x28:0x80009ec9  x9:0x00000001  x1=0x80009eca
        5795000	       578	800009bc	006627b3	slt	x15,x12,x6	 x12:0x00000000  x6:0x64518b58 x15=0x00000001
        5805000	       579	800009c0	7bed4e93	xori	x29,x26,1982	 x26:0xaa28f914 x29=0xaa28feaa
        5815000	       580	800009c4	0066e463	bltu	x13,x6,800009cc	 x13:0x80009fc4  x6:0x64518b58
        5825000	       581	800009c8	006e9863	bne	x29,x6,800009d8	 x29:0xaa28feaa  x6:0x64518b58
        5835000	       582	00000000	00000013	addi	x0,x0,0	  x0:0x00000000
        5845000	       583	800009d4	00000013	addi	x0,x0,0	  x0:0x00000000
        5855000	       584	800009d8	01528263	beq	x5,x21,800009dc	  x5:0x00000000 x21:0x40622428
        5865000	       585	800009dc	00000013	addi	x0,x0,0	  x0:0x00000000
        5875000	       586	800009e0	0243c663	blt	x7,x4,80000a0c	  x7:0x000001ff  x4:0x44970950
        5885000	       587	00000000	00000013	addi	x0,x0,0	  x0:0x00000000
        5895000	       588	80000a08	00000013	addi	x0,x0,0	  x0:0x00000000
        5905000	       589	80000a0c	d7a3c113	xori	x2,x7,-646	  x7:0x000001ff  x2=0xfffffc85
        5915000	       590	80000a10	325a4613	xori	x12,x20,805	 x20:0xf525bedd x12=0xf525bdf8
        5925000	       591	80000a14	28e8fe13	andi	x28,x17,654	 x17:0x80009f85 x28=0x00000284
        5935000	       592	80000a18	aae1b793	sltiu	x15,x3,-1362	  x3:0x00000074 x15=0x00000001
        5945000	       593	80000a1c	0d76c193	xori	x3,x13,215	 x13:0x80009fc4  x3=0x80009f13
        5955000	       594	80000a20	03181e63	bne	x16,x17,80000a5c	 x16:0x00000000 x17:0x80009f85
        5965000	       595	00000000	00000013	addi	x0,x0,0	  x0:0x00000000
        5975000	       596	80000a58	00000013	addi	x0,x0,0	  x0:0x00000000
        5985000	       597	80000a5c	00c78463	beq	x15,x12,80000a64	 x15:0x00000001 x12:0xf525bdf8
        5995000	       598	80000a60	016bb633	sltu	x12,x23,x22	 x23:0x00000000 x22:0x00000000 x12=0x00000000
        6005000	       599	80000a64	00dd00b3	add	x1,x26,x13	 x26:0xaa28f914 x13:0x80009fc4  x1=0x2a2998d8
        6015000	       600	80000a68	418d5b13	srai	x22,x26,0x18	 x26:0xaa28f914 x22=0xffffffaa
        6025000	       601	80000a6c	30db0637	lui	x12,0x30db0	 x12=0x30db0000
        6035000	       602	80000a70	41d00d33	sub	x26,x0,x29	  x0:0x00000000 x29:0xaa28feaa x26=0x55d70156
        6045000	       603	80000a74	ac303093	sltiu	x1,x0,-1341	  x0:0x00000000  x1=0x00000001
        6055000	       604	80000a78	00000013	addi	x0,x0,0	  x0:0x00000000
        6065000	       605	80000a7c	63196993	ori	x19,x18,1585	 x18:0x5fd43000 x19=0x5fd43631
        6075000	       606	80000a80	00465fb3	srl	x31,x12,x4	 x12:0x30db0000  x4:0x44970950 x31=0x000030db
        6085000	       607	80000a84	00000013	addi	x0,x0,0	  x0:0x00000000
        6095000	       608	80000a88	01d604b3	add	x9,x12,x29	 x12:0x30db0000 x29:0xaa28feaa  x9=0xdb03feaa
        6105000	       609	80000a8c	04031463	bne	x6,x0,80000ad4	  x6:0x64518b58  x0:0x00000000
        6115000	       610	00000000	00000013	addi	x0,x0,0	  x0:0x00000000
        6125000	       611	80000ad0	00000013	addi	x0,x0,0	  x0:0x00000000
        6135000	       612	80000ad4	03eaea63	bltu	x21,x30,80000b08	 x21:0x40622428 x30:0x00800000
        6145000	       613	80000ad8	01c1a233	slt	x4,x3,x28	  x3:0x80009f13 x28:0x00000284  x4=0x00000001
        6155000	       614	80000adc	0501d863	bge	x3,x16,80000b2c	  x3:0x80009f13 x16:0x00000000
        6165000	       615	80000ae0	01cb0c63	beq	x22,x28,80000af8	 x22:0xffffffaa x28:0x00000284
        6175000	       616	80000ae4	a785e017	auipc	x0,0xa785e	
        6185000	       617	80000ae8	406cdc13	srai	x24,x25,0x6	 x25:0xf5253614 x24=0xffd494d8
        6195000	       618	80000aec	f5a7f913	andi	x18,x15,-166	 x15:0x00000001 x18=0x00000000
        6205000	       619	80000af0	e5693417	auipc	x8,0xe5693	  x8=0x65693aec
        6215000	       620	80000af4	03b4e463	bltu	x9,x27,80000b1c	  x9:0xdb03feaa x27:0x00000001
        6225000	       621	80000af8	00324333	xor	x6,x4,x3	  x4:0x00000001  x3:0x80009f13  x6=0x80009f12
        6235000	       622	80000afc	d46b7493	andi	x9,x22,-698	 x22:0xffffffaa  x9=0xfffffd02
        6245000	       623	80000b00	43db0b93	addi	x23,x22,1085	 x22:0xffffffaa x23=0x000003e7
        6255000	       624	80000b04	a49d0e93	addi	x29,x26,-1463	 x26:0x55d70156 x29=0x55d6fb9f
        6265000	       625	80000b08	01deda13	srli	x20,x29,0x1d	 x29:0x55d6fb9f x20=0x00000002
        6275000	       626	80000b0c	03dde263	bltu	x27,x29,80000b30	 x27:0x00000001 x29:0x55d6fb9f
        6285000	       627	00000000	00000013	addi	x0,x0,0	  x0:0x00000000
        6295000	       628	80000b2c	00000013	addi	x0,x0,0	  x0:0x00000000
        6305000	       629	80000b30	00d69133	sll	x2,x13,x13	 x13:0x80009fc4 x13:0x80009fc4  x2=0x0009fc40
        6315000	       630	80000b34	01599c33	sll	x24,x19,x21	 x19:0x5fd43631 x21:0x40622428 x24=0xd4363100
        6325000	       631	80000b38	00000013	addi	x0,x0,0	  x0:0x00000000
        6335000	       632	80000b3c	02459e63	bne	x11,x4,80000b78	 x11:0x80009f84  x4:0x00000001
        6345000	       633	00000000	00000013	addi	x0,x0,0	  x0:0x00000000
        6355000	       634	80000b74	00000013	addi	x0,x0,0	  x0:0x00000000
        6365000	       635	80000b78	41bd8ab3	sub	x21,x27,x27	 x27:0x00000001 x27:0x00000001 x21=0x00000000
        6375000	       636	80000b7c	02049463	bne	x9,x0,80000ba4	  x9:0xfffffd02  x0:0x00000000
        6385000	       637	00000000	00000013	addi	x0,x0,0	  x0:0x00000000
        6395000	       638	80000ba0	00000013	addi	x0,x0,0	  x0:0x00000000
        6405000	       639	80000ba4	08bd0863	beq	x26,x11,80000c34	 x26:0x55d70156 x11:0x80009f84
        6415000	       640	80000ba8	23d36213	ori	x4,x6,573	  x6:0x80009f12  x4=0x80009f3f
        6425000	       641	80000bac	01e588b3	add	x17,x11,x30	 x11:0x80009f84 x30:0x00800000 x17=0x80809f84
        6435000	       642	80000bb0	00799333	sll	x6,x19,x7	 x19:0x5fd43631  x7:0x000001ff  x6=0x80000000
        6445000	       643	80000bb4	017474b3	and	x9,x8,x23	  x8:0x65693aec x23:0x000003e7  x9=0x000002e4
        6455000	       644	80000bb8	086afe63	bgeu	x21,x6,80000c54	 x21:0x00000000  x6:0x80000000
        6465000	       645	80000bbc	012382b3	add	x5,x7,x18	  x7:0x000001ff x18:0x00000000  x5=0x000001ff
        6475000	       646	80000bc0	07427463	bgeu	x4,x20,80000c28	  x4:0x80009f3f x20:0x00000002
        6485000	       647	00000000	00000013	addi	x0,x0,0	  x0:0x00000000
        6495000	       648	80000c24	00000013	addi	x0,x0,0	  x0:0x00000000
        6505000	       649	80000c28	01755493	srli	x9,x10,0x17	 x10:0x00000000  x9=0x00000000
        6515000	       650	80000c2c	01b00663	beq	x0,x27,80000c38	  x0:0x00000000 x27:0x00000001
        6525000	       651	80000c30	6d620b13	addi	x22,x4,1750	  x4:0x80009f3f x22=0x8000a615
        6535000	       652	80000c34	03c84113	xori	x2,x16,60	 x16:0x00000000  x2=0x0000003c
        6545000	       653	80000c38	0059a2b3	slt	x5,x19,x5	 x19:0x5fd43631  x5:0x000001ff  x5=0x00000000
        6555000	       654	80000c3c	017eee33	or	x28,x29,x23	 x29:0x55d6fb9f x23:0x000003e7 x28=0x55d6fbff
        6565000	       655	80000c40	410850b3	sra	x1,x16,x16	 x16:0x00000000 x16:0x00000000  x1=0x00000000
        6575000	       656	80000c44	3df43517	auipc	x10,0x3df43	 x10=0xbdf43c40
        6585000	       657	80000c48	0558f863	bgeu	x17,x21,80000c98	 x17:0x80809f84 x21:0x00000000
        6595000	       658	00000000	00000013	addi	x0,x0,0	  x0:0x00000000
        6605000	       659	80000c94	00000013	addi	x0,x0,0	  x0:0x00000000
        6615000	       660	80000c98	01fa9463	bne	x21,x31,80000ca0	 x21:0x00000000 x31:0x000030db
        6625000	       661	00000000	00000013	addi	x0,x0,0	  x0:0x00000000
        6635000	       662	80000c9c	00000013	addi	x0,x0,0	  x0:0x00000000
        6645000	       663	80000ca0	013b3633	sltu	x12,x22,x19	 x22:0x8000a615 x19:0x5fd43631 x12=0x00000000
        6655000	       664	80000ca4	ffc00493	addi	x9,x0,-4	  x0:0x00000000  x9=0xfffffffc
        6665000	       665	80000ca8	1b8e6a13	ori	x20,x28,440	 x28:0x55d6fbff x20=0x55d6fbff
        6675000	       666	80000cac	368fcd13	xori	x26,x31,872	 x31:0x000030db x26=0x000033b3
        6685000	       667	80000cb0	00d4adb3	slt	x27,x9,x13	  x9:0xfffffffc x13:0x80009fc4 x27=0x00000000
        6695000	       668	80000cb4	4876c113	xori	x2,x13,1159	 x13:0x80009fc4  x2=0x80009b43
        6705000	       669	80000cb8	606dab97	auipc	x23,0x606da	 x23=0xe06dacb4
        6715000	       670	80000cbc	01f45293	srli	x5,x8,0x1f	  x8:0x65693aec  x5=0x00000000
        6725000	       671	80000cc0	01400793	addi	x15,x0,20	  x0:0x00000000 x15=0x00000014
        6735000	       672	80000cc4	4d35ae93	slti	x29,x11,1235	 x11:0x80009f84 x29=0x00000001
        6745000	       673	80000cc8	b8cd0413	addi	x8,x26,-1140	 x26:0x000033b3  x8=0x00002f3f
        6755000	       674	80000ccc	57d3ba13	sltiu	x20,x7,1405	  x7:0x000001ff x20=0x00000001
        6765000	       675	80000cd0	01f8b1b3	sltu	x3,x17,x31	 x17:0x80809f84 x31:0x000030db  x3=0x00000000
        6775000	       676	80000cd4	0d323d93	sltiu	x27,x4,211	  x4:0x80009f3f x27=0x00000000
        6785000	       677	80000cd8	41f559b3	sra	x19,x10,x31	 x10:0xbdf43c40 x31:0x000030db x19=0xfffffff7
        6795000	       678	80000cdc	d47fa093	slti	x1,x31,-697	 x31:0x000030db  x1=0x00000000
        6805000	       679	80000ce0	00848493	addi	x9,x9,8	  x9:0xfffffffc  x9=0x00000004
        6815000	       680	80000ce4	78b43413	sltiu	x8,x8,1931	  x8:0x00002f3f  x8=0x00000000
        6825000	       681	80000ce8	019b5013	srli	x0,x22,0x19	 x22:0x8000a615
        6835000	       682	80000cec	41daddb3	sra	x27,x21,x29	 x21:0x00000000 x29:0x00000001 x27=0x00000000
        6845000	       683	80000cf0	fcf48ce3	beq	x9,x15,80000cc8	  x9:0x00000004 x15:0x00000014
        6855000	       684	80000cf4	f094b813	sltiu	x16,x9,-247	  x9:0x00000004 x16=0x00000001
        6865000	       685	80000cf8	f8d9f1b7	lui	x3,0xf8d9f	  x3=0xf8d9f000
        6875000	       686	80000cfc	01540033	add	x0,x8,x21	  x8:0x00000000 x21:0x00000000
        6885000	       687	80000d00	01e00263	beq	x0,x30,80000d04	  x0:0x00000000 x30:0x00800000
        6895000	       688	80000d04	01efa433	slt	x8,x31,x30	 x31:0x000030db x30:0x00800000  x8=0x00000001
        6905000	       689	80000d08	05e70263	beq	x14,x30,80000d4c	 x14:0xfffff8fa x30:0x00800000
        6915000	       690	80000d0c	003287b3	add	x15,x5,x3	  x5:0x00000000  x3:0xf8d9f000 x15=0xf8d9f000
        6925000	       691	80000d10	03828263	beq	x5,x24,80000d34	  x5:0x00000000 x24:0xd4363100
        6935000	       692	80000d14	f2f96713	ori	x14,x18,-209	 x18:0x00000000 x14=0xffffff2f
        6945000	       693	80000d18	41edd4b3	sra	x9,x27,x30	 x27:0x00000000 x30:0x00800000  x9=0x00000000
        6955000	       694	80000d1c	413408b3	sub	x17,x8,x19	  x8:0x00000001 x19:0xfffffff7 x17=0x0000000a
        6965000	       695	80000d20	01211a93	slli	x21,x2,0x12	  x2:0x80009b43 x21=0x6d0c0000
        6975000	       696	80000d24	0031d463	bge	x3,x3,80000d2c	  x3:0xf8d9f000  x3:0xf8d9f000
        6985000	       697	00000000	00000013	addi	x0,x0,0	  x0:0x00000000
        6995000	       698	80000d28	00000013	addi	x0,x0,0	  x0:0x00000000
        7005000	       699	80000d2c	01659333	sll	x6,x11,x22	 x11:0x80009f84 x22:0x8000a615  x6=0xf0800000
        7015000	       700	80000d30	001a91b3	sll	x3,x21,x1	 x21:0x6d0c0000  x1:0x00000000  x3=0x6d0c0000
        7025000	       701	80000d34	015661b3	or	x3,x12,x21	 x12:0x00000000 x21:0x6d0c0000  x3=0x6d0c0000
        7035000	       702	80000d38	00000013	addi	x0,x0,0	  x0:0x00000000
        7045000	       703	80000d3c	37a52b13	slti	x22,x10,890	 x10:0xbdf43c40 x22=0x00000001
        7055000	       704	80000d40	41d55093	srai	x1,x10,0x1d	 x10:0xbdf43c40  x1=0xfffffffd
        7065000	       705	80000d44	01f03e33	sltu	x28,x0,x31	  x0:0x00000000 x31:0x000030db x28=0x00000001
        7075000	       706	80000d48	02ad1a63	bne	x26,x10,80000d7c	 x26:0x000033b3 x10:0xbdf43c40
        7085000	       707	00000000	00000013	addi	x0,x0,0	  x0:0x00000000
        7095000	       708	80000d78	00000013	addi	x0,x0,0	  x0:0x00000000
        7105000	       709	80000d7c	771b6913	ori	x18,x22,1905	 x22:0x00000001 x18=0x00000771
        7115000	       710	80000d80	00000c97	auipc	x25,0x0	 x25=0x80000d7c
        7125000	       711	80000d84	00cc8c93	addi	x25,x25,12	 x25:0x80000d7c x25=0x80000d88
        7135000	       712	80000d88	000c8067	jalr	x0,x25,0	 x25:0x80000d88
        7145000	       713	00000000	00000013	addi	x0,x0,0	  x0:0x00000000
        7155000	       714	80000d88	00000013	addi	x0,x0,0	  x0:0x00000000
        7165000	       715	80000d8c	00100193	addi	x3,x0,1	  x0:0x00000000  x3=0x00000001
        7175000	       716	80000d90	00000073	ecall	
        7185000	       717	80000d94	fc458593	addi	x11,x11,-60	 x11:0x80009f84 x11=0x80009f48
