		Time			Cycle	PC		Insn	Decoded instruction	Register and memory contents
          65000	         5	80000004	00000293	addi	x5,x0,0	  x0:0x00000000  x5=0x00000000
          75000	         6	80000008	00000313	addi	x6,x0,0	  x0:0x00000000  x6=0x00000000
          85000	         7	8000000c	00628263	beq	x5,x6,80000010	  x5:0x00000000  x6:0x00000000
          95000	         8	00000000	00000013	addi	x0,x0,0	  x0:0x00000000
         105000	         9	8000000c	00000013	addi	x0,x0,0	  x0:0x00000000
         115000	        10	80000010	00000497	auipc	x9,0x0	  x9=0x8000000c
         125000	        11	80000014	00c48493	addi	x9,x9,12	  x9:0x8000000c  x9=0x80000018
         135000	        12	80000018	00048067	jalr	x0,x9,0	  x9:0x80000018
         145000	        13	00000000	00000013	addi	x0,x0,0	  x0:0x00000000
         155000	        14	80000018	00000013	addi	x0,x0,0	  x0:0x00000000
         165000	        15	8000001c	40000237	lui	x4,0x40000	  x4=0x40000000
         175000	        16	80000020	10020213	addi	x4,x4,256	  x4:0x40000000  x4=0x40000100
         185000	        17	80000024	00000013	addi	x0,x0,0	  x0:0x00000000
         195000	        18	80000028	0000a897	auipc	x17,0xa	 x17=0x8000a024
         205000	        19	8000002c	fa088893	addi	x17,x17,-96	 x17:0x8000a024 x17=0x80009fc4
         215000	        20	80000030	00004217	auipc	x4,0x4	  x4=0x8000402c
         225000	        21	80000034	87420213	addi	x4,x4,-1932	  x4:0x8000402c  x4=0x800038a0
         235000	        22	80000038	00126213	ori	x4,x4,1	  x4:0x800038a0  x4=0x800038a1
         245000	        23	8000003c	00000013	addi	x0,x0,0	  x0:0x00000000
         255000	        24	80000040	00000217	auipc	x4,0x0	  x4=0x8000003c
         265000	        25	80000044	02020213	addi	x4,x4,32	  x4:0x8000003c  x4=0x8000005c
         275000	        26	80000048	00000013	addi	x0,x0,0	  x0:0x00000000
         285000	        27	8000004c	00000013	addi	x0,x0,0	  x0:0x00000000
         295000	        28	80000050	00002237	lui	x4,0x2	  x4=0x00002000
         305000	        29	80000054	80020213	addi	x4,x4,-2048	  x4:0x00002000  x4=0x00001800
         315000	        30	80000058	00000013	addi	x0,x0,0	  x0:0x00000000
         325000	        31	8000005c	00000013	addi	x0,x0,0	  x0:0x00000000
         335000	        32	80000060	ff148037	lui	x0,0xff148	
         345000	        33	80000064	26a00013	addi	x0,x0,618	  x0:0x00000000
         355000	        34	80000068	f597d0b7	lui	x1,0xf597d	  x1=0xf597d000
         365000	        35	8000006c	c8b08093	addi	x1,x1,-885	  x1:0xf597d000  x1=0xf597cc8b
         375000	        36	80000070	f8bd1137	lui	x2,0xf8bd1	  x2=0xf8bd1000
         385000	        37	80000074	37f10113	addi	x2,x2,895	  x2:0xf8bd1000  x2=0xf8bd137f
         395000	        38	80000078	f170b1b7	lui	x3,0xf170b	  x3=0xf170b000
         405000	        39	8000007c	1c818193	addi	x3,x3,456	  x3:0xf170b000  x3=0xf170b1c8
         415000	        40	80000080	f345a237	lui	x4,0xf345a	  x4=0xf345a000
         425000	        41	80000084	82b20213	addi	x4,x4,-2005	  x4:0xf345a000  x4=0xf345982b
         435000	        42	80000088	fe9532b7	lui	x5,0xfe953	  x5=0xfe953000
         445000	        43	8000008c	fd028293	addi	x5,x5,-48	  x5:0xfe953000  x5=0xfe952fd0
         455000	        44	80000090	80000337	lui	x6,0x80000	  x6=0x80000000
         465000	        45	80000094	f18033b7	lui	x7,0xf1803	  x7=0xf1803000
         475000	        46	80000098	97a38393	addi	x7,x7,-1670	  x7:0xf1803000  x7=0xf180297a
         485000	        47	8000009c	c4186437	lui	x8,0xc4186	  x8=0xc4186000
         495000	        48	800000a0	9f740413	addi	x8,x8,-1545	  x8:0xc4186000  x8=0xc41859f7
         505000	        49	800000a4	665974b7	lui	x9,0x66597	  x9=0x66597000
         515000	        50	800000a8	71448493	addi	x9,x9,1812	  x9:0x66597000  x9=0x66597714
         525000	        51	800000ac	00000513	addi	x10,x0,0	  x0:0x00000000 x10=0x00000000
         535000	        52	800000b0	cffc65b7	lui	x11,0xcffc6	 x11=0xcffc6000
         545000	        53	800000b4	ada58593	addi	x11,x11,-1318	 x11:0xcffc6000 x11=0xcffc5ada
         555000	        54	800000b8	80000637	lui	x12,0x80000	 x12=0x80000000
         565000	        55	800000bc	00000693	addi	x13,x0,0	  x0:0x00000000 x13=0x00000000
         575000	        56	800000c0	00900713	addi	x14,x0,9	  x0:0x00000000 x14=0x00000009
         585000	        57	800000c4	00000793	addi	x15,x0,0	  x0:0x00000000 x15=0x00000000
         595000	        58	800000c8	f1f60837	lui	x16,0xf1f60	 x16=0xf1f60000
         605000	        59	800000cc	5aa80813	addi	x16,x16,1450	 x16:0xf1f60000 x16=0xf1f605aa
         615000	        60	800000d0	363fb937	lui	x18,0x363fb	 x18=0x363fb000
         625000	        61	800000d4	02f90913	addi	x18,x18,47	 x18:0x363fb000 x18=0x363fb02f
         635000	        62	800000d8	800009b7	lui	x19,0x80000	 x19=0x80000000
         645000	        63	800000dc	f97d4ab7	lui	x21,0xf97d4	 x21=0xf97d4000
         655000	        64	800000e0	daea8a93	addi	x21,x21,-594	 x21:0xf97d4000 x21=0xf97d3dae
         665000	        65	800000e4	fd501b37	lui	x22,0xfd501	 x22=0xfd501000
         675000	        66	800000e8	98db0b13	addi	x22,x22,-1651	 x22:0xfd501000 x22=0xfd50098d
         685000	        67	800000ec	00000b93	addi	x23,x0,0	  x0:0x00000000 x23=0x00000000
         695000	        68	800000f0	fcbd3c37	lui	x24,0xfcbd3	 x24=0xfcbd3000
         705000	        69	800000f4	c04c0c13	addi	x24,x24,-1020	 x24:0xfcbd3000 x24=0xfcbd2c04
         715000	        70	800000f8	00000c93	addi	x25,x0,0	  x0:0x00000000 x25=0x00000000
         725000	        71	800000fc	ba89fd37	lui	x26,0xba89f	 x26=0xba89f000
         735000	        72	80000100	740d0d13	addi	x26,x26,1856	 x26:0xba89f000 x26=0xba89f740
         745000	        73	80000104	00e00d93	addi	x27,x0,14	  x0:0x00000000 x27=0x0000000e
         755000	        74	80000108	f4dace37	lui	x28,0xf4dac	 x28=0xf4dac000
         765000	        75	8000010c	879e0e13	addi	x28,x28,-1927	 x28:0xf4dac000 x28=0xf4dab879
         775000	        76	80000110	9736eeb7	lui	x29,0x9736e	 x29=0x9736e000
         785000	        77	80000114	396e8e93	addi	x29,x29,918	 x29:0x9736e000 x29=0x9736e396
         795000	        78	80000118	80000f37	lui	x30,0x80000	 x30=0x80000000
         805000	        79	8000011c	80000fb7	lui	x31,0x80000	 x31=0x80000000
         815000	        80	80000120	0000aa17	auipc	x20,0xa	 x20=0x8000a11c
         825000	        81	80000124	e68a0a13	addi	x20,x20,-408	 x20:0x8000a11c x20=0x80009f84
         835000	        82	80000128	00800793	addi	x15,x0,8	  x0:0x00000000 x15=0x00000008
         845000	        83	8000012c	4055df13	srai	x30,x11,0x5	 x11:0xcffc5ada x30=0xfe7fe2d6
         855000	        84	80000130	00500993	addi	x19,x0,5	  x0:0x00000000 x19=0x00000005
         865000	        85	80000134	f7ba3013	sltiu	x0,x20,-133	 x20:0x80009f84
         875000	        86	80000138	b4ed8f13	addi	x30,x27,-1202	 x27:0x0000000e x30=0xfffffb5c
         885000	        87	8000013c	41275a93	srai	x21,x14,0x12	 x14:0x00000009 x21=0x00000000
         895000	        88	80000140	00b49613	slli	x12,x9,0xb	  x9:0x66597714 x12=0xcbb8a000
         905000	        89	80000144	ffc78793	addi	x15,x15,-4	 x15:0x00000008 x15=0x00000004
         915000	        90	80000148	01b8b833	sltu	x16,x17,x27	 x17:0x80009fc4 x27:0x0000000e x16=0x00000000
         925000	        91	8000014c	cc2d3413	sltiu	x8,x26,-830	 x26:0xba89f740  x8=0x00000001
         935000	        92	80000150	01a5ab33	slt	x22,x11,x26	 x11:0xcffc5ada x26:0xba89f740 x22=0x00000000
         945000	        93	80000154	40f25b93	srai	x23,x4,0xf	  x4:0xf345982b x23=0xffffe68b
         955000	        94	80000158	006f9233	sll	x4,x31,x6	 x31:0x80000000  x6:0x80000000  x4=0x80000000
         965000	        95	8000015c	f834b197	auipc	x3,0xf834b	  x3=0x7834b158
         975000	        96	80000160	1f00a297	auipc	x5,0x1f00a	  x5=0x9f00a15c
         985000	        97	80000164	69bd8693	addi	x13,x27,1691	 x27:0x0000000e x13=0x000006a9
         995000	        98	80000168	0ed5ef37	lui	x30,0xed5e	 x30=0x0ed5e000
        1005000	        99	8000016c	0b09a013	slti	x0,x19,176	 x19:0x00000005
        1015000	       100	80000170	00962233	slt	x4,x12,x9	 x12:0xcbb8a000  x9:0x66597714  x4=0x00000001
        1025000	       101	80000174	006cdbb3	srl	x23,x25,x6	 x25:0x00000000  x6:0x80000000 x23=0x00000000
        1035000	       102	80000178	00ce5fb3	srl	x31,x28,x12	 x28:0xf4dab879 x12:0xcbb8a000 x31=0xf4dab879
        1045000	       103	8000017c	65588593	addi	x11,x17,1621	 x17:0x80009fc4 x11=0x8000a619
        1055000	       104	80000180	0119ce33	xor	x28,x19,x17	 x19:0x00000005 x17:0x80009fc4 x28=0x80009fc1
        1065000	       105	80000184	dbbcd617	auipc	x12,0xdbbcd	 x12=0x5bbcd180
        1075000	       106	80000188	74b7ce93	xori	x29,x15,1867	 x15:0x00000004 x29=0x0000074f
        1085000	       107	8000018c	01bf2033	slt	x0,x30,x27	 x30:0x0ed5e000 x27:0x0000000e
        1095000	       108	80000190	00b17b33	and	x22,x2,x11	  x2:0xf8bd137f x11:0x8000a619 x22=0x80000219
        1105000	       109	80000194	fb37f2e3	bgeu	x15,x19,80000138	 x15:0x00000004 x19:0x00000005
        1115000	       110	80000198	8bff5e17	auipc	x28,0x8bff5	 x28=0x0bff5194
        1125000	       111	8000019c	00a00093	addi	x1,x0,10	  x0:0x00000000  x1=0x0000000a
        1135000	       112	800001a0	9142b593	sltiu	x11,x5,-1772	  x5:0x9f00a15c x11=0x00000001
        1145000	       113	800001a4	01000b13	addi	x22,x0,16	  x0:0x00000000 x22=0x00000010
        1155000	       114	800001a8	00ea4f33	xor	x30,x20,x14	 x20:0x80009f84 x14:0x00000009 x30=0x80009f8d
        1165000	       115	800001ac	01ffec33	or	x24,x31,x31	 x31:0xf4dab879 x31:0xf4dab879 x24=0xf4dab879
        1175000	       116	800001b0	a0530b97	auipc	x23,0xa0530	 x23=0x205301ac
        1185000	       117	800001b4	0977c813	xori	x16,x15,151	 x15:0x00000004 x16=0x00000093
        1195000	       118	800001b8	01fc3233	sltu	x4,x24,x31	 x24:0xf4dab879 x31:0xf4dab879  x4=0x00000000
        1205000	       119	800001bc	00aa46b3	xor	x13,x20,x10	 x20:0x80009f84 x10:0x00000000 x13=0x80009f84
        1215000	       120	800001c0	00108093	addi	x1,x1,1	  x1:0x0000000a  x1=0x0000000b
        1225000	       121	800001c4	01cd15b3	sll	x11,x26,x28	 x26:0xba89f740 x28:0x0bff5194 x11=0x74000000
        1235000	       122	800001c8	40138733	sub	x14,x7,x1	  x7:0xf180297a  x1:0x0000000b x14=0xf180296f
        1245000	       123	800001cc	40b78033	sub	x0,x15,x11	 x15:0x00000004 x11:0x74000000
        1255000	       124	800001d0	00752f33	slt	x30,x10,x7	 x10:0x00000000  x7:0xf180297a x30=0x00000000
        1265000	       125	800001d4	ff60e4e3	bltu	x1,x22,800001bc	  x1:0x0000000b x22:0x00000010
        1275000	       126	00000000	00000013	addi	x0,x0,0	  x0:0x00000000
        1285000	       127	800001b8	00000013	addi	x0,x0,0	  x0:0x00000000
        1295000	       128	800001bc	00aa46b3	xor	x13,x20,x10	 x20:0x80009f84 x10:0x00000000 x13=0x80009f84
        1305000	       129	800001c0	00108093	addi	x1,x1,1	  x1:0x0000000b  x1=0x0000000c
        1315000	       130	800001c4	01cd15b3	sll	x11,x26,x28	 x26:0xba89f740 x28:0x0bff5194 x11=0x74000000
        1325000	       131	800001c8	40138733	sub	x14,x7,x1	  x7:0xf180297a  x1:0x0000000c x14=0xf180296e
        1335000	       132	800001cc	40b78033	sub	x0,x15,x11	 x15:0x00000004 x11:0x74000000
        1345000	       133	800001d0	00752f33	slt	x30,x10,x7	 x10:0x00000000  x7:0xf180297a x30=0x00000000
        1355000	       134	800001d4	ff60e4e3	bltu	x1,x22,800001bc	  x1:0x0000000c x22:0x00000010
        1365000	       135	00000000	00000013	addi	x0,x0,0	  x0:0x00000000
        1375000	       136	800001b8	00000013	addi	x0,x0,0	  x0:0x00000000
        1385000	       137	800001bc	00aa46b3	xor	x13,x20,x10	 x20:0x80009f84 x10:0x00000000 x13=0x80009f84
        1395000	       138	800001c0	00108093	addi	x1,x1,1	  x1:0x0000000c  x1=0x0000000d
        1405000	       139	800001c4	01cd15b3	sll	x11,x26,x28	 x26:0xba89f740 x28:0x0bff5194 x11=0x74000000
        1415000	       140	800001c8	40138733	sub	x14,x7,x1	  x7:0xf180297a  x1:0x0000000d x14=0xf180296d
        1425000	       141	800001cc	40b78033	sub	x0,x15,x11	 x15:0x00000004 x11:0x74000000
        1435000	       142	800001d0	00752f33	slt	x30,x10,x7	 x10:0x00000000  x7:0xf180297a x30=0x00000000
        1445000	       143	800001d4	ff60e4e3	bltu	x1,x22,800001bc	  x1:0x0000000d x22:0x00000010
        1455000	       144	00000000	00000013	addi	x0,x0,0	  x0:0x00000000
        1465000	       145	800001b8	00000013	addi	x0,x0,0	  x0:0x00000000
        1475000	       146	800001bc	00aa46b3	xor	x13,x20,x10	 x20:0x80009f84 x10:0x00000000 x13=0x80009f84
        1485000	       147	800001c0	00108093	addi	x1,x1,1	  x1:0x0000000d  x1=0x0000000e
        1495000	       148	800001c4	01cd15b3	sll	x11,x26,x28	 x26:0xba89f740 x28:0x0bff5194 x11=0x74000000
        1505000	       149	800001c8	40138733	sub	x14,x7,x1	  x7:0xf180297a  x1:0x0000000e x14=0xf180296c
        1515000	       150	800001cc	40b78033	sub	x0,x15,x11	 x15:0x00000004 x11:0x74000000
        1525000	       151	800001d0	00752f33	slt	x30,x10,x7	 x10:0x00000000  x7:0xf180297a x30=0x00000000
        1535000	       152	800001d4	ff60e4e3	bltu	x1,x22,800001bc	  x1:0x0000000e x22:0x00000010
        1545000	       153	00000000	00000013	addi	x0,x0,0	  x0:0x00000000
        1555000	       154	800001b8	00000013	addi	x0,x0,0	  x0:0x00000000
        1565000	       155	800001bc	00aa46b3	xor	x13,x20,x10	 x20:0x80009f84 x10:0x00000000 x13=0x80009f84
        1575000	       156	800001c0	00108093	addi	x1,x1,1	  x1:0x0000000e  x1=0x0000000f
        1585000	       157	800001c4	01cd15b3	sll	x11,x26,x28	 x26:0xba89f740 x28:0x0bff5194 x11=0x74000000
        1595000	       158	800001c8	40138733	sub	x14,x7,x1	  x7:0xf180297a  x1:0x0000000f x14=0xf180296b
        1605000	       159	800001cc	40b78033	sub	x0,x15,x11	 x15:0x00000004 x11:0x74000000
        1615000	       160	800001d0	00752f33	slt	x30,x10,x7	 x10:0x00000000  x7:0xf180297a x30=0x00000000
        1625000	       161	800001d4	ff60e4e3	bltu	x1,x22,800001bc	  x1:0x0000000f x22:0x00000010
        1635000	       162	00000000	00000013	addi	x0,x0,0	  x0:0x00000000
        1645000	       163	800001b8	00000013	addi	x0,x0,0	  x0:0x00000000
        1655000	       164	800001bc	00aa46b3	xor	x13,x20,x10	 x20:0x80009f84 x10:0x00000000 x13=0x80009f84
        1665000	       165	800001c0	00108093	addi	x1,x1,1	  x1:0x0000000f  x1=0x00000010
        1675000	       166	800001c4	01cd15b3	sll	x11,x26,x28	 x26:0xba89f740 x28:0x0bff5194 x11=0x74000000
        1685000	       167	800001c8	40138733	sub	x14,x7,x1	  x7:0xf180297a  x1:0x00000010 x14=0xf180296a
        1695000	       168	800001cc	40b78033	sub	x0,x15,x11	 x15:0x00000004 x11:0x74000000
        1705000	       169	800001d0	00752f33	slt	x30,x10,x7	 x10:0x00000000  x7:0xf180297a x30=0x00000000
        1715000	       170	800001d4	ff60e4e3	bltu	x1,x22,800001bc	  x1:0x00000010 x22:0x00000010
        1725000	       171	800001d8	41f25333	sra	x6,x4,x31	  x4:0x00000000 x31:0xf4dab879  x6=0x00000000
        1735000	       172	800001dc	400289b3	sub	x19,x5,x0	  x5:0x9f00a15c  x0:0x00000000 x19=0x9f00a15c
        1745000	       173	800001e0	40378db3	sub	x27,x15,x3	 x15:0x00000004  x3:0x7834b158 x27=0x87cb4eac
        1755000	       174	800001e4	ba5be393	ori	x7,x23,-1115	 x23:0x205301ac  x7=0xfffffbad
        1765000	       175	800001e8	003cc3b3	xor	x7,x25,x3	 x25:0x00000000  x3:0x7834b158  x7=0x7834b158
        1775000	       176	800001ec	041a6863	bltu	x20,x1,8000023c	 x20:0x80009f84  x1:0x00000010
        1785000	       177	800001f0	00000013	addi	x0,x0,0	  x0:0x00000000
        1795000	       178	800001f4	009c6533	or	x10,x24,x9	 x24:0xf4dab879  x9:0x66597714 x10=0xf6dbff7d
        1805000	       179	800001f8	014bb933	sltu	x18,x23,x20	 x23:0x205301ac x20:0x80009f84 x18=0x00000001
        1815000	       180	800001fc	00125e63	bge	x4,x1,80000218	  x4:0x00000000  x1:0x00000010
        1825000	       181	80000200	40085bb3	sra	x23,x16,x0	 x16:0x00000093  x0:0x00000000 x23=0x00000093
        1835000	       182	80000204	41bcd133	sra	x2,x25,x27	 x25:0x00000000 x27:0x87cb4eac  x2=0x00000000
        1845000	       183	80000208	043f7263	bgeu	x30,x3,8000024c	 x30:0x00000000  x3:0x7834b158
        1855000	       184	8000020c	0054fa63	bgeu	x9,x5,80000220	  x9:0x66597714  x5:0x9f00a15c
        1865000	       185	80000210	40b5d313	srai	x6,x11,0xb	 x11:0x74000000  x6=0x000e8000
        1875000	       186	80000214	00145633	srl	x12,x8,x1	  x8:0x00000001  x1:0x00000010 x12=0x00000000
        1885000	       187	80000218	05338263	beq	x7,x19,8000025c	  x7:0x7834b158 x19:0x9f00a15c
        1895000	       188	8000021c	c1782a93	slti	x21,x16,-1001	 x16:0x00000093 x21=0x00000000
        1905000	       189	80000220	01176cb3	or	x25,x14,x17	 x14:0xf180296a x17:0x80009fc4 x25=0xf180bfee
        1915000	       190	80000224	418d80b3	sub	x1,x27,x24	 x27:0x87cb4eac x24:0xf4dab879  x1=0x92f09633
        1925000	       191	80000228	02391263	bne	x18,x3,8000024c	 x18:0x00000001  x3:0x7834b158
        1935000	       192	00000000	00000013	addi	x0,x0,0	  x0:0x00000000
        1945000	       193	80000248	00000013	addi	x0,x0,0	  x0:0x00000000
        1955000	       194	8000024c	00000013	addi	x0,x0,0	  x0:0x00000000
        1965000	       195	80000250	00f9dc63	bge	x19,x15,80000268	 x19:0x9f00a15c x15:0x00000004
        1975000	       196	80000254	077fba93	sltiu	x21,x31,119	 x31:0xf4dab879 x21=0x00000000
        1985000	       197	80000258	01973833	sltu	x16,x14,x25	 x14:0xf180296a x25:0xf180bfee x16=0x00000001
        1995000	       198	8000025c	41050233	sub	x4,x10,x16	 x10:0xf6dbff7d x16:0x00000001  x4=0xf6dbff7c
        2005000	       199	80000260	017c76b3	and	x13,x24,x23	 x24:0xf4dab879 x23:0x00000093 x13=0x00000011
        2015000	       200	80000264	00000013	addi	x0,x0,0	  x0:0x00000000
        2025000	       201	80000268	01d15f93	srli	x31,x2,0x1d	  x2:0x00000000 x31=0x00000000
        2035000	       202	8000026c	a7f40013	addi	x0,x8,-1409	  x8:0x00000001
        2045000	       203	80000270	5362cb13	xori	x22,x5,1334	  x5:0x9f00a15c x22=0x9f00a46a
        2055000	       204	80000274	01b649b3	xor	x19,x12,x27	 x12:0x00000000 x27:0x87cb4eac x19=0x87cb4eac
        2065000	       205	80000278	00000013	addi	x0,x0,0	  x0:0x00000000
        2075000	       206	8000027c	01b92933	slt	x18,x18,x27	 x18:0x00000001 x27:0x87cb4eac x18=0x00000000
        2085000	       207	80000280	a3afbc13	sltiu	x24,x31,-1478	 x31:0x00000000 x24=0x00000001
        2095000	       208	80000284	59184e93	xori	x29,x16,1425	 x16:0x00000001 x29=0x00000590
        2105000	       209	80000288	406f5613	srai	x12,x30,0x6	 x30:0x00000000 x12=0x00000000
        2115000	       210	8000028c	014f8533	add	x10,x31,x20	 x31:0x00000000 x20:0x80009f84 x10=0x80009f84
        2125000	       211	80000290	010dd463	bge	x27,x16,80000298	 x27:0x87cb4eac x16:0x00000001
        2135000	       212	80000294	00293b33	sltu	x22,x18,x2	 x18:0x00000000  x2:0x00000000 x22=0x00000000
        2145000	       213	80000298	01a16863	bltu	x2,x26,800002a8	  x2:0x00000000 x26:0xba89f740
        2155000	       214	00000000	00000013	addi	x0,x0,0	  x0:0x00000000
        2165000	       215	800002a4	00000013	addi	x0,x0,0	  x0:0x00000000
        2175000	       216	800002a8	00e41c63	bne	x8,x14,800002c0	  x8:0x00000001 x14:0xf180296a
        2185000	       217	00000000	00000013	addi	x0,x0,0	  x0:0x00000000
        2195000	       218	800002bc	00000013	addi	x0,x0,0	  x0:0x00000000
        2205000	       219	800002c0	01de1333	sll	x6,x28,x29	 x28:0x0bff5194 x29:0x00000590  x6=0x51940000
        2215000	       220	800002c4	46e6e213	ori	x4,x13,1134	 x13:0x00000011  x4=0x0000047f
        2225000	       221	800002c8	01d3bd33	sltu	x26,x7,x29	  x7:0x7834b158 x29:0x00000590 x26=0x00000000
        2235000	       222	800002cc	0127de33	srl	x28,x15,x18	 x15:0x00000004 x18:0x00000000 x28=0x00000004
        2245000	       223	800002d0	0370d463	bge	x1,x23,800002f8	  x1:0x92f09633 x23:0x00000093
        2255000	       224	800002d4	04645517	auipc	x10,0x4645	 x10=0x846452d0
        2265000	       225	800002d8	00a5b133	sltu	x2,x11,x10	 x11:0x74000000 x10:0x846452d0  x2=0x00000001
        2275000	       226	800002dc	b5fe4393	xori	x7,x28,-1185	 x28:0x00000004  x7=0xfffffb5b
        2285000	       227	800002e0	00b51e63	bne	x10,x11,800002fc	 x10:0x846452d0 x11:0x74000000
        2295000	       228	00000000	00000013	addi	x0,x0,0	  x0:0x00000000
        2305000	       229	800002f8	00000013	addi	x0,x0,0	  x0:0x00000000
        2315000	       230	800002fc	01f3e133	or	x2,x7,x31	  x7:0xfffffb5b x31:0x00000000  x2=0xfffffb5b
        2325000	       231	80000300	747f6137	lui	x2,0x747f6	  x2=0x747f6000
        2335000	       232	80000304	014e3833	sltu	x16,x28,x20	 x28:0x00000004 x20:0x80009f84 x16=0x00000001
        2345000	       233	80000308	00505a93	srli	x21,x0,0x5	  x0:0x00000000 x21=0x00000000
        2355000	       234	8000030c	00219263	bne	x3,x2,80000310	  x3:0x7834b158  x2:0x747f6000
        2365000	       235	00000000	00000013	addi	x0,x0,0	  x0:0x00000000
        2375000	       236	8000030c	00000013	addi	x0,x0,0	  x0:0x00000000
        2385000	       237	80000310	03e9e463	bltu	x19,x30,80000338	 x19:0x87cb4eac x30:0x00000000
        2395000	       238	80000314	9264d617	auipc	x12,0x9264d	 x12=0x1264d310
        2405000	       239	80000318	a1f1cc93	xori	x25,x3,-1505	  x3:0x7834b158 x25=0x87cb4b47
        2415000	       240	8000031c	01186833	or	x16,x16,x17	 x16:0x00000001 x17:0x80009fc4 x16=0x80009fc5
        2425000	       241	80000320	ab4fb193	sltiu	x3,x31,-1356	 x31:0x00000000  x3=0x00000001
        2435000	       242	80000324	40175993	srai	x19,x14,0x1	 x14:0xf180296a x19=0xf8c014b5
        2445000	       243	80000328	018cc833	xor	x16,x25,x24	 x25:0x87cb4b47 x24:0x00000001 x16=0x87cb4b46
        2455000	       244	8000032c	41e38bb3	sub	x23,x7,x30	  x7:0xfffffb5b x30:0x00000000 x23=0xfffffb5b
        2465000	       245	80000330	00811213	slli	x4,x2,0x8	  x2:0x747f6000  x4=0x7f600000
        2475000	       246	80000334	008afdb3	and	x27,x21,x8	 x21:0x00000000  x8:0x00000001 x27=0x00000000
        2485000	       247	80000338	00ea4533	xor	x10,x20,x14	 x20:0x80009f84 x14:0xf180296a x10=0x7180b6ee
        2495000	       248	8000033c	05038d13	addi	x26,x7,80	  x7:0xfffffb5b x26=0xfffffbab
        2505000	       249	80000340	00b25e93	srli	x29,x4,0xb	  x4:0x7f600000 x29=0x000fec00
        2515000	       250	80000344	00bf0463	beq	x30,x11,8000034c	 x30:0x00000000 x11:0x74000000
        2525000	       251	80000348	2b640c13	addi	x24,x8,694	  x8:0x00000001 x24=0x000002b7
        2535000	       252	8000034c	0164c733	xor	x14,x9,x22	  x9:0x66597714 x22:0x00000000 x14=0x66597714
        2545000	       253	80000350	0188d3b3	srl	x7,x17,x24	 x17:0x80009fc4 x24:0x000002b7  x7=0x00000100
        2555000	       254	80000354	059c0463	beq	x24,x25,8000039c	 x24:0x000002b7 x25:0x87cb4b47
        2565000	       255	80000358	01799393	slli	x7,x19,0x17	 x19:0xf8c014b5  x7=0x5a800000
        2575000	       256	8000035c	00c99313	slli	x6,x19,0xc	 x19:0xf8c014b5  x6=0x014b5000
        2585000	       257	80000360	00003917	auipc	x18,0x3	 x18=0x8000335c
        2595000	       258	80000364	8a090913	addi	x18,x18,-1888	 x18:0x8000335c x18=0x80002bfc
        2605000	       259	80000368	f6b90913	addi	x18,x18,-149	 x18:0x80002bfc x18=0x80002b67
        2615000	       260	8000036c	064e4113	xori	x2,x28,100	 x28:0x00000004  x2=0x00000060
        2625000	       261	80000370	009c6b33	or	x22,x24,x9	 x24:0x000002b7  x9:0x66597714 x22=0x665977b7
        2635000	       262	80000374	01a443b3	xor	x7,x8,x26	  x8:0x00000001 x26:0xfffffbab  x7=0xfffffbaa
        2645000	       263	80000378	00000013	addi	x0,x0,0	  x0:0x00000000
        2655000	       264	8000037c	00d48233	add	x4,x9,x13	  x9:0x66597714 x13:0x00000011  x4=0x66597725
        2665000	       265	80000380	40b8d993	srai	x19,x17,0xb	 x17:0x80009fc4 x19=0xfff00013
        2675000	       266	80000384	09590c67	jalr	x24,x18,149	 x18:0x80002b67 x24=0x80000384
        2685000	       267	00000000	00000013	addi	x0,x0,0	  x0:0x00000000
        2695000	       268	80002bfc	00000013	addi	x0,x0,0	  x0:0x00000000
        2705000	       269	80002c00	00000013	addi	x0,x0,0	  x0:0x00000000
        2715000	       270	80002c04	01b30133	add	x2,x6,x27	  x6:0x014b5000 x27:0x00000000  x2=0x014b5000
        2725000	       271	80002c08	0120e263	bltu	x1,x18,80002c0c	  x1:0x92f09633 x18:0x80002b67
        2735000	       272	80002c0c	fc4a0a13	addi	x20,x20,-60	 x20:0x80009f84 x20=0x80009f48
        2745000	       273	80002c10	018a2223	sw	x24,4(x20)	 x20:0x80009f48 x24:0x80000384 PA:0x80009f4c
        2755000	       274	80002c14	ac804b13	xori	x22,x0,-1336	  x0:0x00000000 x22=0xfffffac8
        2765000	       275	80002c18	013762b3	or	x5,x14,x19	 x14:0x66597714 x19:0xfff00013  x5=0xfff97717
        2775000	       276	80002c1c	0067b0b3	sltu	x1,x15,x6	 x15:0x00000004  x6:0x014b5000  x1=0x00000001
        2785000	       277	80002c20	cde00d93	addi	x27,x0,-802	  x0:0x00000000 x27=0xfffffcde
        2795000	       278	80002c24	00466d33	or	x26,x12,x4	 x12:0x1264d310  x4:0x66597725 x26=0x767df735
        2805000	       279	80002c28	0189d0b3	srl	x1,x19,x24	 x19:0xfff00013 x24:0x80000384  x1=0x0fff0001
        2815000	       280	80002c2c	410ad3b3	sra	x7,x21,x16	 x21:0x00000000 x16:0x87cb4b46  x7=0x00000000
        2825000	       281	80002c30	01d0d3b3	srl	x7,x1,x29	  x1:0x0fff0001 x29:0x000fec00  x7=0x0fff0001
        2835000	       282	80002c34	00c23cb3	sltu	x25,x4,x12	  x4:0x66597725 x12:0x1264d310 x25=0x00000000
        2845000	       283	80002c38	0133af33	slt	x30,x7,x19	  x7:0x0fff0001 x19:0xfff00013 x30=0x00000000
        2855000	       284	80002c3c	899fdc6f	jal	x24,80002c3c	 x24=0x80002c3c
        2865000	       285	00000000	00000013	addi	x0,x0,0	  x0:0x00000000
        2875000	       286	800004d0	00000013	addi	x0,x0,0	  x0:0x00000000
        2885000	       287	800004d4	01825463	bge	x4,x24,800004dc	  x4:0x66597725 x24:0x80002c3c
        2895000	       288	00000000	00000013	addi	x0,x0,0	  x0:0x00000000
        2905000	       289	800004d8	00000013	addi	x0,x0,0	  x0:0x00000000
        2915000	       290	800004dc	fc0a0a13	addi	x20,x20,-64	 x20:0x80009f48 x20=0x80009f08
        2925000	       291	800004e0	000635b3	sltu	x11,x12,x0	 x12:0x1264d310  x0:0x00000000 x11=0x00000000
        2935000	       292	800004e4	018a2223	sw	x24,4(x20)	 x20:0x80009f08 x24:0x80002c3c PA:0x80009f0c
        2945000	       293	800004e8	00e16eb3	or	x29,x2,x14	  x2:0x014b5000 x14:0x66597714 x29=0x675b7714
        2955000	       294	800004ec	00aa1d33	sll	x26,x20,x10	 x20:0x80009f08 x10:0x7180b6ee x26=0x27c20000
        2965000	       295	800004f0	3bed7693	andi	x13,x26,958	 x26:0x27c20000 x13=0x00000000
        2975000	       296	800004f4	57f8c593	xori	x11,x17,1407	 x17:0x80009fc4 x11=0x80009abb
        2985000	       297	800004f8	01171d13	slli	x26,x14,0x11	 x14:0x66597714 x26=0xee280000
        2995000	       298	800004fc	01d29113	slli	x2,x5,0x1d	  x5:0xfff97717  x2=0xe0000000
        3005000	       299	80000500	000aeb33	or	x22,x21,x0	 x21:0x00000000  x0:0x00000000 x22=0x00000000
        3015000	       300	80000504	00606033	or	x0,x0,x6	  x0:0x00000000  x6:0x014b5000
        3025000	       301	80000508	015becb3	or	x25,x23,x21	 x23:0xfffffb5b x21:0x00000000 x25=0xfffffb5b
        3035000	       302	8000050c	eddffc6f	jal	x24,8000050c	 x24=0x8000050c
        3045000	       303	00000000	00000013	addi	x0,x0,0	  x0:0x00000000
        3055000	       304	800003e4	00000013	addi	x0,x0,0	  x0:0x00000000
        3065000	       305	800003e8	01a8b0b3	sltu	x1,x17,x26	 x17:0x80009fc4 x26:0xee280000  x1=0x00000001
        3075000	       306	800003ec	0089ccb3	xor	x25,x19,x8	 x19:0xfff00013  x8:0x00000001 x25=0xfff00012
        3085000	       307	800003f0	00ccc463	blt	x25,x12,800003f8	 x25:0xfff00012 x12:0x1264d310
        3095000	       308	00000000	00000013	addi	x0,x0,0	  x0:0x00000000
        3105000	       309	800003f4	00000013	addi	x0,x0,0	  x0:0x00000000
        3115000	       310	800003f8	fdca0a13	addi	x20,x20,-36	 x20:0x80009f08 x20=0x80009ee4
        3125000	       311	800003fc	01271393	slli	x7,x14,0x12	 x14:0x66597714  x7=0xdc500000
        3135000	       312	80000400	018a2223	sw	x24,4(x20)	 x20:0x80009ee4 x24:0x8000050c PA:0x80009ee8
        3145000	       313	80000404	4031d1b3	sra	x3,x3,x3	  x3:0x00000001  x3:0x00000001  x3=0x00000000
        3155000	       314	80000408	00000013	addi	x0,x0,0	  x0:0x00000000
        3165000	       315	8000040c	00945f13	srli	x30,x8,0x9	  x8:0x00000001 x30=0x00000000
        3175000	       316	80000410	b91a2b13	slti	x22,x20,-1135	 x20:0x80009ee4 x22=0x00000001
        3185000	       317	80000414	01b8bbb3	sltu	x23,x17,x27	 x17:0x80009fc4 x27:0xfffffcde x23=0x00000001
        3195000	       318	80000418	6dca6793	ori	x15,x20,1756	 x20:0x80009ee4 x15=0x80009efc
        3205000	       319	8000041c	00725513	srli	x10,x4,0x7	  x4:0x66597725 x10=0x00ccb2ee
        3215000	       320	80000420	e6980b13	addi	x22,x16,-407	 x16:0x87cb4b46 x22=0x87cb49af
        3225000	       321	80000424	01ca01b3	add	x3,x20,x28	 x20:0x80009ee4 x28:0x00000004  x3=0x80009ee8
        3235000	       322	80000428	41bd5e93	srai	x29,x26,0x1b	 x26:0xee280000 x29=0xfffffffd
        3245000	       323	8000042c	4c404a93	xori	x21,x0,1220	  x0:0x00000000 x21=0x000004c4
        3255000	       324	80000430	0f002c6f	jal	x24,80000430	 x24=0x80000430
        3265000	       325	00000000	00000013	addi	x0,x0,0	  x0:0x00000000
        3275000	       326	8000251c	00000013	addi	x0,x0,0	  x0:0x00000000
        3285000	       327	80002520	01e14663	blt	x2,x30,8000252c	  x2:0xe0000000 x30:0x00000000
        3295000	       328	00000000	00000013	addi	x0,x0,0	  x0:0x00000000
        3305000	       329	80002528	00000013	addi	x0,x0,0	  x0:0x00000000
        3315000	       330	8000252c	fdca0a13	addi	x20,x20,-36	 x20:0x80009ee4 x20=0x80009ec0
        3325000	       331	80002530	df0ca613	slti	x12,x25,-528	 x25:0xfff00012 x12=0x00000001
        3335000	       332	80002534	018a2223	sw	x24,4(x20)	 x20:0x80009ec0 x24:0x80000430 PA:0x80009ec4
        3345000	       333	80002538	01128d33	add	x26,x5,x17	  x5:0xfff97717 x17:0x80009fc4 x26=0x7ffa16db
        3355000	       334	8000253c	00dcce33	xor	x28,x25,x13	 x25:0xfff00012 x13:0x00000000 x28=0xfff00012
        3365000	       335	80002540	011b50b3	srl	x1,x22,x17	 x22:0x87cb49af x17:0x80009fc4  x1=0x087cb49a
        3375000	       336	80002544	00000013	addi	x0,x0,0	  x0:0x00000000
        3385000	       337	80002548	52523297	auipc	x5,0x52523	  x5=0xd2525544
        3395000	       338	8000254c	ffa00693	addi	x13,x0,-6	  x0:0x00000000 x13=0xfffffffa
        3405000	       339	80002550	41ba5c93	srai	x25,x20,0x1b	 x20:0x80009ec0 x25=0xfffffff0
        3415000	       340	80002554	ff300193	addi	x3,x0,-13	  x0:0x00000000  x3=0xfffffff3
        3425000	       341	80002558	013833b3	sltu	x7,x16,x19	 x16:0x87cb4b46 x19:0xfff00013  x7=0x00000001
        3435000	       342	8000255c	4045d333	sra	x6,x11,x4	 x11:0x80009abb  x4:0x66597725  x6=0xfc0004d5
        3445000	       343	80002560	8ba4a713	slti	x14,x9,-1862	  x9:0x66597714 x14=0x00000000
        3455000	       344	80002564	1ddf6313	ori	x6,x30,477	 x30:0x00000000  x6=0x000001dd
        3465000	       345	80002568	fff68693	addi	x13,x13,-1	 x13:0xfffffffa x13=0xfffffff9
        3475000	       346	8000256c	0110e333	or	x6,x1,x17	  x1:0x087cb49a x17:0x80009fc4  x6=0x887cbfde
        3485000	       347	80002570	00700b93	addi	x23,x0,7	  x0:0x00000000 x23=0x00000007
        3495000	       348	80002574	01ba1d13	slli	x26,x20,0x1b	 x20:0x80009ec0 x26=0x00000000
        3505000	       349	80002578	00700413	addi	x8,x0,7	  x0:0x00000000  x8=0x00000007
        3515000	       350	8000257c	00d16e33	or	x28,x2,x13	  x2:0xe0000000 x13:0xfffffff9 x28=0xfffffff9
        3525000	       351	80002580	00cdae33	slt	x28,x27,x12	 x27:0xfffffcde x12:0x00000001 x28=0x00000001
        3535000	       352	80002584	ffab8b93	addi	x23,x23,-6	 x23:0x00000007 x23=0x00000001
        3545000	       353	80002588	fe8bfae3	bgeu	x23,x8,8000257c	 x23:0x00000001  x8:0x00000007
        3555000	       354	8000258c	00ec4cb3	xor	x25,x24,x14	 x24:0x80000430 x14:0x00000000 x25=0x80000430
        3565000	       355	80002590	01169b33	sll	x22,x13,x17	 x13:0xfffffff9 x17:0x80009fc4 x22=0xffffff90
        3575000	       356	80002594	fc3696e3	bne	x13,x3,80002560	 x13:0xfffffff9  x3:0xfffffff3
        3585000	       357	00000000	00000013	addi	x0,x0,0	  x0:0x00000000
        3595000	       358	8000255c	00000013	addi	x0,x0,0	  x0:0x00000000
        3605000	       359	80002560	8ba4a713	slti	x14,x9,-1862	  x9:0x66597714 x14=0x00000000
        3615000	       360	80002564	1ddf6313	ori	x6,x30,477	 x30:0x00000000  x6=0x000001dd
        3625000	       361	80002568	fff68693	addi	x13,x13,-1	 x13:0xfffffff9 x13=0xfffffff8
        3635000	       362	8000256c	0110e333	or	x6,x1,x17	  x1:0x087cb49a x17:0x80009fc4  x6=0x887cbfde
        3645000	       363	80002570	00700b93	addi	x23,x0,7	  x0:0x00000000 x23=0x00000007
        3655000	       364	80002574	01ba1d13	slli	x26,x20,0x1b	 x20:0x80009ec0 x26=0x00000000
        3665000	       365	80002578	00700413	addi	x8,x0,7	  x0:0x00000000  x8=0x00000007
        3675000	       366	8000257c	00d16e33	or	x28,x2,x13	  x2:0xe0000000 x13:0xfffffff8 x28=0xfffffff8
        3685000	       367	80002580	00cdae33	slt	x28,x27,x12	 x27:0xfffffcde x12:0x00000001 x28=0x00000001
        3695000	       368	80002584	ffab8b93	addi	x23,x23,-6	 x23:0x00000007 x23=0x00000001
        3705000	       369	80002588	fe8bfae3	bgeu	x23,x8,8000257c	 x23:0x00000001  x8:0x00000007
        3715000	       370	8000258c	00ec4cb3	xor	x25,x24,x14	 x24:0x80000430 x14:0x00000000 x25=0x80000430
        3725000	       371	80002590	01169b33	sll	x22,x13,x17	 x13:0xfffffff8 x17:0x80009fc4 x22=0xffffff80
        3735000	       372	80002594	fc3696e3	bne	x13,x3,80002560	 x13:0xfffffff8  x3:0xfffffff3
        3745000	       373	00000000	00000013	addi	x0,x0,0	  x0:0x00000000
        3755000	       374	8000255c	00000013	addi	x0,x0,0	  x0:0x00000000
        3765000	       375	80002560	8ba4a713	slti	x14,x9,-1862	  x9:0x66597714 x14=0x00000000
        3775000	       376	80002564	1ddf6313	ori	x6,x30,477	 x30:0x00000000  x6=0x000001dd
        3785000	       377	80002568	fff68693	addi	x13,x13,-1	 x13:0xfffffff8 x13=0xfffffff7
        3795000	       378	8000256c	0110e333	or	x6,x1,x17	  x1:0x087cb49a x17:0x80009fc4  x6=0x887cbfde
        3805000	       379	80002570	00700b93	addi	x23,x0,7	  x0:0x00000000 x23=0x00000007
        3815000	       380	80002574	01ba1d13	slli	x26,x20,0x1b	 x20:0x80009ec0 x26=0x00000000
        3825000	       381	80002578	00700413	addi	x8,x0,7	  x0:0x00000000  x8=0x00000007
        3835000	       382	8000257c	00d16e33	or	x28,x2,x13	  x2:0xe0000000 x13:0xfffffff7 x28=0xfffffff7
        3845000	       383	80002580	00cdae33	slt	x28,x27,x12	 x27:0xfffffcde x12:0x00000001 x28=0x00000001
        3855000	       384	80002584	ffab8b93	addi	x23,x23,-6	 x23:0x00000007 x23=0x00000001
        3865000	       385	80002588	fe8bfae3	bgeu	x23,x8,8000257c	 x23:0x00000001  x8:0x00000007
        3875000	       386	8000258c	00ec4cb3	xor	x25,x24,x14	 x24:0x80000430 x14:0x00000000 x25=0x80000430
        3885000	       387	80002590	01169b33	sll	x22,x13,x17	 x13:0xfffffff7 x17:0x80009fc4 x22=0xffffff70
        3895000	       388	80002594	fc3696e3	bne	x13,x3,80002560	 x13:0xfffffff7  x3:0xfffffff3
        3905000	       389	00000000	00000013	addi	x0,x0,0	  x0:0x00000000
        3915000	       390	8000255c	00000013	addi	x0,x0,0	  x0:0x00000000
        3925000	       391	80002560	8ba4a713	slti	x14,x9,-1862	  x9:0x66597714 x14=0x00000000
        3935000	       392	80002564	1ddf6313	ori	x6,x30,477	 x30:0x00000000  x6=0x000001dd
        3945000	       393	80002568	fff68693	addi	x13,x13,-1	 x13:0xfffffff7 x13=0xfffffff6
        3955000	       394	8000256c	0110e333	or	x6,x1,x17	  x1:0x087cb49a x17:0x80009fc4  x6=0x887cbfde
        3965000	       395	80002570	00700b93	addi	x23,x0,7	  x0:0x00000000 x23=0x00000007
        3975000	       396	80002574	01ba1d13	slli	x26,x20,0x1b	 x20:0x80009ec0 x26=0x00000000
        3985000	       397	80002578	00700413	addi	x8,x0,7	  x0:0x00000000  x8=0x00000007
        3995000	       398	8000257c	00d16e33	or	x28,x2,x13	  x2:0xe0000000 x13:0xfffffff6 x28=0xfffffff6
        4005000	       399	80002580	00cdae33	slt	x28,x27,x12	 x27:0xfffffcde x12:0x00000001 x28=0x00000001
        4015000	       400	80002584	ffab8b93	addi	x23,x23,-6	 x23:0x00000007 x23=0x00000001
        4025000	       401	80002588	fe8bfae3	bgeu	x23,x8,8000257c	 x23:0x00000001  x8:0x00000007
        4035000	       402	8000258c	00ec4cb3	xor	x25,x24,x14	 x24:0x80000430 x14:0x00000000 x25=0x80000430
        4045000	       403	80002590	01169b33	sll	x22,x13,x17	 x13:0xfffffff6 x17:0x80009fc4 x22=0xffffff60
        4055000	       404	80002594	fc3696e3	bne	x13,x3,80002560	 x13:0xfffffff6  x3:0xfffffff3
        4065000	       405	00000000	00000013	addi	x0,x0,0	  x0:0x00000000
        4075000	       406	8000255c	00000013	addi	x0,x0,0	  x0:0x00000000
        4085000	       407	80002560	8ba4a713	slti	x14,x9,-1862	  x9:0x66597714 x14=0x00000000
        4095000	       408	80002564	1ddf6313	ori	x6,x30,477	 x30:0x00000000  x6=0x000001dd
        4105000	       409	80002568	fff68693	addi	x13,x13,-1	 x13:0xfffffff6 x13=0xfffffff5
        4115000	       410	8000256c	0110e333	or	x6,x1,x17	  x1:0x087cb49a x17:0x80009fc4  x6=0x887cbfde
        4125000	       411	80002570	00700b93	addi	x23,x0,7	  x0:0x00000000 x23=0x00000007
        4135000	       412	80002574	01ba1d13	slli	x26,x20,0x1b	 x20:0x80009ec0 x26=0x00000000
        4145000	       413	80002578	00700413	addi	x8,x0,7	  x0:0x00000000  x8=0x00000007
        4155000	       414	8000257c	00d16e33	or	x28,x2,x13	  x2:0xe0000000 x13:0xfffffff5 x28=0xfffffff5
        4165000	       415	80002580	00cdae33	slt	x28,x27,x12	 x27:0xfffffcde x12:0x00000001 x28=0x00000001
        4175000	       416	80002584	ffab8b93	addi	x23,x23,-6	 x23:0x00000007 x23=0x00000001
        4185000	       417	80002588	fe8bfae3	bgeu	x23,x8,8000257c	 x23:0x00000001  x8:0x00000007
        4195000	       418	8000258c	00ec4cb3	xor	x25,x24,x14	 x24:0x80000430 x14:0x00000000 x25=0x80000430
        4205000	       419	80002590	01169b33	sll	x22,x13,x17	 x13:0xfffffff5 x17:0x80009fc4 x22=0xffffff50
        4215000	       420	80002594	fc3696e3	bne	x13,x3,80002560	 x13:0xfffffff5  x3:0xfffffff3
        4225000	       421	00000000	00000013	addi	x0,x0,0	  x0:0x00000000
        4235000	       422	8000255c	00000013	addi	x0,x0,0	  x0:0x00000000
        4245000	       423	80002560	8ba4a713	slti	x14,x9,-1862	  x9:0x66597714 x14=0x00000000
        4255000	       424	80002564	1ddf6313	ori	x6,x30,477	 x30:0x00000000  x6=0x000001dd
        4265000	       425	80002568	fff68693	addi	x13,x13,-1	 x13:0xfffffff5 x13=0xfffffff4
        4275000	       426	8000256c	0110e333	or	x6,x1,x17	  x1:0x087cb49a x17:0x80009fc4  x6=0x887cbfde
        4285000	       427	80002570	00700b93	addi	x23,x0,7	  x0:0x00000000 x23=0x00000007
        4295000	       428	80002574	01ba1d13	slli	x26,x20,0x1b	 x20:0x80009ec0 x26=0x00000000
        4305000	       429	80002578	00700413	addi	x8,x0,7	  x0:0x00000000  x8=0x00000007
        4315000	       430	8000257c	00d16e33	or	x28,x2,x13	  x2:0xe0000000 x13:0xfffffff4 x28=0xfffffff4
        4325000	       431	80002580	00cdae33	slt	x28,x27,x12	 x27:0xfffffcde x12:0x00000001 x28=0x00000001
        4335000	       432	80002584	ffab8b93	addi	x23,x23,-6	 x23:0x00000007 x23=0x00000001
        4345000	       433	80002588	fe8bfae3	bgeu	x23,x8,8000257c	 x23:0x00000001  x8:0x00000007
        4355000	       434	8000258c	00ec4cb3	xor	x25,x24,x14	 x24:0x80000430 x14:0x00000000 x25=0x80000430
        4365000	       435	80002590	01169b33	sll	x22,x13,x17	 x13:0xfffffff4 x17:0x80009fc4 x22=0xffffff40
        4375000	       436	80002594	fc3696e3	bne	x13,x3,80002560	 x13:0xfffffff4  x3:0xfffffff3
        4385000	       437	00000000	00000013	addi	x0,x0,0	  x0:0x00000000
        4395000	       438	8000255c	00000013	addi	x0,x0,0	  x0:0x00000000
        4405000	       439	80002560	8ba4a713	slti	x14,x9,-1862	  x9:0x66597714 x14=0x00000000
        4415000	       440	80002564	1ddf6313	ori	x6,x30,477	 x30:0x00000000  x6=0x000001dd
        4425000	       441	80002568	fff68693	addi	x13,x13,-1	 x13:0xfffffff4 x13=0xfffffff3
        4435000	       442	8000256c	0110e333	or	x6,x1,x17	  x1:0x087cb49a x17:0x80009fc4  x6=0x887cbfde
        4445000	       443	80002570	00700b93	addi	x23,x0,7	  x0:0x00000000 x23=0x00000007
        4455000	       444	80002574	01ba1d13	slli	x26,x20,0x1b	 x20:0x80009ec0 x26=0x00000000
        4465000	       445	80002578	00700413	addi	x8,x0,7	  x0:0x00000000  x8=0x00000007
        4475000	       446	8000257c	00d16e33	or	x28,x2,x13	  x2:0xe0000000 x13:0xfffffff3 x28=0xfffffff3
        4485000	       447	80002580	00cdae33	slt	x28,x27,x12	 x27:0xfffffcde x12:0x00000001 x28=0x00000001
        4495000	       448	80002584	ffab8b93	addi	x23,x23,-6	 x23:0x00000007 x23=0x00000001
        4505000	       449	80002588	fe8bfae3	bgeu	x23,x8,8000257c	 x23:0x00000001  x8:0x00000007
        4515000	       450	8000258c	00ec4cb3	xor	x25,x24,x14	 x24:0x80000430 x14:0x00000000 x25=0x80000430
        4525000	       451	80002590	01169b33	sll	x22,x13,x17	 x13:0xfffffff3 x17:0x80009fc4 x22=0xffffff30
        4535000	       452	80002594	fc3696e3	bne	x13,x3,80002560	 x13:0xfffffff3  x3:0xfffffff3
        4545000	       453	80002598	015e9393	slli	x7,x29,0x15	 x29:0xfffffffd  x7=0xffa00000
        4555000	       454	8000259c	00600213	addi	x4,x0,6	  x0:0x00000000  x4=0x00000006
        4565000	       455	800025a0	40f505b3	sub	x11,x10,x15	 x10:0x00ccb2ee x15:0x80009efc x11=0x80cc13f2
        4575000	       456	800025a4	00f00993	addi	x19,x0,15	  x0:0x00000000 x19=0x0000000f
        4585000	       457	800025a8	00b3fcb3	and	x25,x7,x11	  x7:0xffa00000 x11:0x80cc13f2 x25=0x80800000
        4595000	       458	800025ac	00720213	addi	x4,x4,7	  x4:0x00000006  x4=0x0000000d
        4605000	       459	800025b0	29b48913	addi	x18,x9,667	  x9:0x66597714 x18=0x665979af
        4615000	       460	800025b4	00000013	addi	x0,x0,0	  x0:0x00000000
        4625000	       461	800025b8	9e2d4013	xori	x0,x26,-1566	 x26:0x00000000
        4635000	       462	800025bc	000e5ab3	srl	x21,x28,x0	 x28:0x00000001  x0:0x00000000 x21=0x00000001
        4645000	       463	800025c0	ff3264e3	bltu	x4,x19,800025a8	  x4:0x0000000d x19:0x0000000f
        4655000	       464	00000000	00000013	addi	x0,x0,0	  x0:0x00000000
        4665000	       465	800025a4	00000013	addi	x0,x0,0	  x0:0x00000000
        4675000	       466	800025a8	00b3fcb3	and	x25,x7,x11	  x7:0xffa00000 x11:0x80cc13f2 x25=0x80800000
        4685000	       467	800025ac	00720213	addi	x4,x4,7	  x4:0x0000000d  x4=0x00000014
        4695000	       468	800025b0	29b48913	addi	x18,x9,667	  x9:0x66597714 x18=0x665979af
        4705000	       469	800025b4	00000013	addi	x0,x0,0	  x0:0x00000000
        4715000	       470	800025b8	9e2d4013	xori	x0,x26,-1566	 x26:0x00000000
        4725000	       471	800025bc	000e5ab3	srl	x21,x28,x0	 x28:0x00000001  x0:0x00000000 x21=0x00000001
        4735000	       472	800025c0	ff3264e3	bltu	x4,x19,800025a8	  x4:0x00000014 x19:0x0000000f
        4745000	       473	800025c4	00280533	add	x10,x16,x2	 x16:0x87cb4b46  x2:0xe0000000 x10=0x67cb4b46
        4755000	       474	800025c8	ffa00c13	addi	x24,x0,-6	  x0:0x00000000 x24=0xfffffffa
        4765000	       475	800025cc	ab5f4613	xori	x12,x30,-1355	 x30:0x00000000 x12=0xfffffab5
        4775000	       476	800025d0	00781613	slli	x12,x16,0x7	 x16:0x87cb4b46 x12=0xe5a5a300
        4785000	       477	800025d4	02716d93	ori	x27,x2,39	  x2:0xe0000000 x27=0xe0000027
        4795000	       478	800025d8	01cd2cb3	slt	x25,x26,x28	 x26:0x00000000 x28:0x00000001 x25=0x00000001
        4805000	       479	800025dc	404b5fb3	sra	x31,x22,x4	 x22:0xffffff30  x4:0x00000014 x31=0xffffffff
        4815000	       480	800025e0	00c00593	addi	x11,x0,12	  x0:0x00000000 x11=0x0000000c
        4825000	       481	800025e4	0061f033	and	x0,x3,x6	  x3:0xfffffff3  x6:0x887cbfde
        4835000	       482	800025e8	015bab13	slti	x22,x23,21	 x23:0x00000001 x22=0x00000001
        4845000	       483	800025ec	62fbe993	ori	x19,x23,1583	 x23:0x00000001 x19=0x0000062f
        4855000	       484	800025f0	d5ab3b13	sltiu	x22,x22,-678	 x22:0x00000001 x22=0x00000001
        4865000	       485	800025f4	004c0c13	addi	x24,x24,4	 x24:0xfffffffa x24=0xfffffffe
        4875000	       486	800025f8	00000013	addi	x0,x0,0	  x0:0x00000000
        4885000	       487	800025fc	00400213	addi	x4,x0,4	  x0:0x00000000  x4=0x00000004
        4895000	       488	80002600	00400293	addi	x5,x0,4	  x0:0x00000000  x5=0x00000004
        4905000	       489	80002604	d547cd13	xori	x26,x15,-684	 x15:0x80009efc x26=0x7fff63a8
        4915000	       490	80002608	00727cb3	and	x25,x4,x7	  x4:0x00000004  x7:0xffa00000 x25=0x00000000
        4925000	       491	8000260c	00fc87b3	add	x15,x25,x15	 x25:0x00000000 x15:0x80009efc x15=0x80009efc
        4935000	       492	80002610	ffd20213	addi	x4,x4,-3	  x4:0x00000004  x4=0x00000001
        4945000	       493	80002614	00ac2cb3	slt	x25,x24,x10	 x24:0xfffffffe x10:0x67cb4b46 x25=0x00000001
        4955000	       494	80002618	fe527ae3	bgeu	x4,x5,8000260c	  x4:0x00000001  x5:0x00000004
        4965000	       495	8000261c	00000013	addi	x0,x0,0	  x0:0x00000000
        4975000	       496	80002620	fcbc62e3	bltu	x24,x11,800025e4	 x24:0xfffffffe x11:0x0000000c
        4985000	       497	80002624	01ee5813	srli	x16,x28,0x1e	 x28:0x00000001 x16=0x00000000
        4995000	       498	80002628	00300193	addi	x3,x0,3	  x0:0x00000000  x3=0x00000003
        5005000	       499	8000262c	400e8533	sub	x10,x29,x0	 x29:0xfffffffd  x0:0x00000000 x10=0xfffffffd
        5015000	       500	80002630	00000013	addi	x0,x0,0	  x0:0x00000000
        5025000	       501	80002634	58034e17	auipc	x28,0x58034	 x28=0xd8036630
        5035000	       502	80002638	0097deb3	srl	x29,x15,x9	 x15:0x80009efc  x9:0x66597714 x29=0x00000800
        5045000	       503	8000263c	01817833	and	x16,x2,x24	  x2:0xe0000000 x24:0xfffffffe x16=0xe0000000
        5055000	       504	80002640	570f0fb7	lui	x31,0x570f0	 x31=0x570f0000
        5065000	       505	80002644	00000013	addi	x0,x0,0	  x0:0x00000000
        5075000	       506	80002648	136dbe13	sltiu	x28,x27,310	 x27:0xe0000027 x28=0x00000000
        5085000	       507	8000264c	00154db3	xor	x27,x10,x1	 x10:0xfffffffd  x1:0x087cb49a x27=0xf7834b67
        5095000	       508	80002650	014e9f13	slli	x30,x29,0x14	 x29:0x00000800 x30=0x80000000
        5105000	       509	80002654	01400c93	addi	x25,x0,20	  x0:0x00000000 x25=0x00000014
        5115000	       510	80002658	c0ff2e93	slti	x29,x30,-1009	 x30:0x80000000 x29=0x00000001
        5125000	       511	8000265c	dc05a293	slti	x5,x11,-576	 x11:0x0000000c  x5=0x00000000
        5135000	       512	80002660	40b20633	sub	x12,x4,x11	  x4:0x00000001 x11:0x0000000c x12=0xfffffff5
        5145000	       513	80002664	5915d517	auipc	x10,0x5915d	 x10=0xd915f660
        5155000	       514	80002668	00618193	addi	x3,x3,6	  x3:0x00000003  x3=0x00000009
        5165000	       515	8000266c	00a9ab33	slt	x22,x19,x10	 x19:0x0000062f x10:0xd915f660 x22=0x00000000
        5175000	       516	80002670	015ebd33	sltu	x26,x29,x21	 x29:0x00000001 x21:0x00000001 x26=0x00000000
        5185000	       517	80002674	009a9f33	sll	x30,x21,x9	 x21:0x00000001  x9:0x66597714 x30=0x00100000
        5195000	       518	80002678	ff91c6e3	blt	x3,x25,80002664	  x3:0x00000009 x25:0x00000014
        5205000	       519	00000000	00000013	addi	x0,x0,0	  x0:0x00000000
        5215000	       520	80002660	00000013	addi	x0,x0,0	  x0:0x00000000
        5225000	       521	80002664	5915d517	auipc	x10,0x5915d	 x10=0xd915f660
        5235000	       522	80002668	00618193	addi	x3,x3,6	  x3:0x00000009  x3=0x0000000f
        5245000	       523	8000266c	00a9ab33	slt	x22,x19,x10	 x19:0x0000062f x10:0xd915f660 x22=0x00000000
        5255000	       524	80002670	015ebd33	sltu	x26,x29,x21	 x29:0x00000001 x21:0x00000001 x26=0x00000000
        5265000	       525	80002674	009a9f33	sll	x30,x21,x9	 x21:0x00000001  x9:0x66597714 x30=0x00100000
        5275000	       526	80002678	ff91c6e3	blt	x3,x25,80002664	  x3:0x0000000f x25:0x00000014
        5285000	       527	00000000	00000013	addi	x0,x0,0	  x0:0x00000000
        5295000	       528	80002660	00000013	addi	x0,x0,0	  x0:0x00000000
        5305000	       529	80002664	5915d517	auipc	x10,0x5915d	 x10=0xd915f660
        5315000	       530	80002668	00618193	addi	x3,x3,6	  x3:0x0000000f  x3=0x00000015
        5325000	       531	8000266c	00a9ab33	slt	x22,x19,x10	 x19:0x0000062f x10:0xd915f660 x22=0x00000000
        5335000	       532	80002670	015ebd33	sltu	x26,x29,x21	 x29:0x00000001 x21:0x00000001 x26=0x00000000
        5345000	       533	80002674	009a9f33	sll	x30,x21,x9	 x21:0x00000001  x9:0x66597714 x30=0x00100000
        5355000	       534	80002678	ff91c6e3	blt	x3,x25,80002664	  x3:0x00000015 x25:0x00000014
        5365000	       535	8000267c	0007d433	srl	x8,x15,x0	 x15:0x80009efc  x0:0x00000000  x8=0x80009efc
        5375000	       536	80002680	416e8033	sub	x0,x29,x22	 x29:0x00000001 x22:0x00000000
        5385000	       537	80002684	03a8ab93	slti	x23,x17,58	 x17:0x80009fc4 x23=0x00000001
        5395000	       538	80002688	bae70593	addi	x11,x14,-1106	 x14:0x00000000 x11=0xfffffbae
        5405000	       539	8000268c	018087b3	add	x15,x1,x24	  x1:0x087cb49a x24:0xfffffffe x15=0x087cb498
        5415000	       540	80002690	40d782b3	sub	x5,x15,x13	 x15:0x087cb498 x13:0xfffffff3  x5=0x087cb4a5
        5425000	       541	80002694	ed8b6e93	ori	x29,x22,-296	 x22:0x00000000 x29=0xfffffed8
        5435000	       542	80002698	06c34063	blt	x6,x12,800026f8	  x6:0x887cbfde x12:0xfffffff5
        5445000	       543	00000000	00000013	addi	x0,x0,0	  x0:0x00000000
        5455000	       544	800026f4	00000013	addi	x0,x0,0	  x0:0x00000000
        5465000	       545	800026f8	012bda93	srli	x21,x23,0x12	 x23:0x00000001 x21=0x00000000
        5475000	       546	800026fc	01017ab3	and	x21,x2,x16	  x2:0xe0000000 x16:0xe0000000 x21=0xe0000000
        5485000	       547	80002700	023e6063	bltu	x28,x3,80002720	 x28:0x00000000  x3:0x00000015
        5495000	       548	00000000	00000013	addi	x0,x0,0	  x0:0x00000000
        5505000	       549	8000271c	00000013	addi	x0,x0,0	  x0:0x00000000
        5515000	       550	80002720	01f0c633	xor	x12,x1,x31	  x1:0x087cb49a x31:0x570f0000 x12=0x5f73b49a
        5525000	       551	80002724	02630a63	beq	x6,x6,80002758	  x6:0x887cbfde  x6:0x887cbfde
        5535000	       552	00000000	00000013	addi	x0,x0,0	  x0:0x00000000
        5545000	       553	80002754	00000013	addi	x0,x0,0	  x0:0x00000000
        5555000	       554	80002758	004e42b3	xor	x5,x28,x4	 x28:0x00000000  x4:0x00000001  x5=0x00000001
        5565000	       555	8000275c	00320cb3	add	x25,x4,x3	  x4:0x00000001  x3:0x00000015 x25=0x00000016
        5575000	       556	80002760	00000013	addi	x0,x0,0	  x0:0x00000000
        5585000	       557	80002764	00a745b3	xor	x11,x14,x10	 x14:0x00000000 x10:0xd915f660 x11=0xd915f660
        5595000	       558	80002768	018219b3	sll	x19,x4,x24	  x4:0x00000001 x24:0xfffffffe x19=0x40000000
        5605000	       559	8000276c	00000013	addi	x0,x0,0	  x0:0x00000000
        5615000	       560	80002770	41600433	sub	x8,x0,x22	  x0:0x00000000 x22:0x00000000  x8=0x00000000
        5625000	       561	80002774	00635e13	srli	x28,x6,0x6	  x6:0x887cbfde x28=0x0221f2ff
        5635000	       562	80002778	91854b13	xori	x22,x10,-1768	 x10:0xd915f660 x22=0x26ea0f78
        5645000	       563	8000277c	4d6f4813	xori	x16,x30,1238	 x30:0x00100000 x16=0x001004d6
        5655000	       564	80002780	03a44e63	blt	x8,x26,800027bc	  x8:0x00000000 x26:0x00000000
        5665000	       565	80002784	c45f7313	andi	x6,x30,-955	 x30:0x00100000  x6=0x00100000
        5675000	       566	80002788	01275b33	srl	x22,x14,x18	 x14:0x00000000 x18:0x665979af x22=0x00000000
        5685000	       567	8000278c	06c41697	auipc	x13,0x6c41	 x13=0x86c43788
        5695000	       568	80002790	013edf93	srli	x31,x29,0x13	 x29:0xfffffed8 x31=0x00001fff
        5705000	       569	80002794	09052793	slti	x15,x10,144	 x10:0xd915f660 x15=0x00000001
        5715000	       570	80002798	03560e63	beq	x12,x21,800027d4	 x12:0x5f73b49a x21:0xe0000000
        5725000	       571	8000279c	005a59b3	srl	x19,x20,x5	 x20:0x80009ec0  x5:0x00000001 x19=0x40004f60
        5735000	       572	800027a0	00394463	blt	x18,x3,800027a8	 x18:0x665979af  x3:0x00000015
        5745000	       573	800027a4	00449193	slli	x3,x9,0x4	  x9:0x66597714  x3=0x65977140
        5755000	       574	800027a8	002a4733	xor	x14,x20,x2	 x20:0x80009ec0  x2:0xe0000000 x14=0x60009ec0
        5765000	       575	800027ac	0158efb3	or	x31,x17,x21	 x17:0x80009fc4 x21:0xe0000000 x31=0xe0009fc4
        5775000	       576	800027b0	00d8b833	sltu	x16,x17,x13	 x17:0x80009fc4 x13:0x86c43788 x16=0x00000001
        5785000	       577	800027b4	007e6fb3	or	x31,x28,x7	 x28:0x0221f2ff  x7:0xffa00000 x31=0xffa1f2ff
        5795000	       578	800027b8	00325e33	srl	x28,x4,x3	  x4:0x00000001  x3:0x65977140 x28=0x00000001
        5805000	       579	800027bc	00a29c33	sll	x24,x5,x10	  x5:0x00000001 x10:0xd915f660 x24=0x00000001
        5815000	       580	800027c0	00000013	addi	x0,x0,0	  x0:0x00000000
        5825000	       581	800027c4	27b53913	sltiu	x18,x10,635	 x10:0xd915f660 x18=0x00000000
        5835000	       582	800027c8	40b98133	sub	x2,x19,x11	 x19:0x40004f60 x11:0xd915f660  x2=0x66ea5900
        5845000	       583	800027cc	011b5fb3	srl	x31,x22,x17	 x22:0x00000000 x17:0x80009fc4 x31=0x00000000
        5855000	       584	800027d0	00000013	addi	x0,x0,0	  x0:0x00000000
        5865000	       585	800027d4	8fc7c313	xori	x6,x15,-1796	 x15:0x00000001  x6=0xfffff8fd
        5875000	       586	800027d8	b5dd8713	addi	x14,x27,-1187	 x27:0xf7834b67 x14=0xf78346c4
        5885000	       587	800027dc	417e0d33	sub	x26,x28,x23	 x28:0x00000001 x23:0x00000001 x26=0x00000000
        5895000	       588	800027e0	00997863	bgeu	x18,x9,800027f0	 x18:0x00000000  x9:0x66597714
        5905000	       589	800027e4	00b83133	sltu	x2,x16,x11	 x16:0x00000001 x11:0xd915f660  x2=0x00000001
        5915000	       590	800027e8	00ae3433	sltu	x8,x28,x10	 x28:0x00000001 x10:0xd915f660  x8=0x00000001
        5925000	       591	800027ec	0130b233	sltu	x4,x1,x19	  x1:0x087cb49a x19:0x40004f60  x4=0x00000001
        5935000	       592	800027f0	e730c693	xori	x13,x1,-397	  x1:0x087cb49a x13=0xf7834ae9
        5945000	       593	800027f4	7402c937	lui	x18,0x7402c	 x18=0x7402c000
        5955000	       594	800027f8	00000013	addi	x0,x0,0	  x0:0x00000000
        5965000	       595	800027fc	01e61593	slli	x11,x12,0x1e	 x12:0x5f73b49a x11=0x80000000
        5975000	       596	80002800	00421e93	slli	x29,x4,0x4	  x4:0x00000001 x29=0x00000010
        5985000	       597	80002804	297f6213	ori	x4,x30,663	 x30:0x00100000  x4=0x00100297
        5995000	       598	80002808	015a8263	beq	x21,x21,8000280c	 x21:0xe0000000 x21:0xe0000000
        6005000	       599	00000000	00000013	addi	x0,x0,0	  x0:0x00000000
        6015000	       600	80002808	00000013	addi	x0,x0,0	  x0:0x00000000
        6025000	       601	8000280c	00c376b3	and	x13,x6,x12	  x6:0xfffff8fd x12:0x5f73b49a x13=0x5f73b098
        6035000	       602	80002810	0016de33	srl	x28,x13,x1	 x13:0x5f73b098  x1:0x087cb49a x28=0x00000017
        6045000	       603	80002814	00924663	blt	x4,x9,80002820	  x4:0x00100297  x9:0x66597714
        6055000	       604	00000000	00000013	addi	x0,x0,0	  x0:0x00000000
        6065000	       605	8000281c	00000013	addi	x0,x0,0	  x0:0x00000000
        6075000	       606	80002820	038edc63	bge	x29,x24,80002858	 x29:0x00000010 x24:0x00000001
        6085000	       607	00000000	00000013	addi	x0,x0,0	  x0:0x00000000
        6095000	       608	80002854	00000013	addi	x0,x0,0	  x0:0x00000000
        6105000	       609	80002858	01d55d93	srli	x27,x10,0x1d	 x10:0xd915f660 x27=0x00000006
        6115000	       610	8000285c	00540033	add	x0,x8,x5	  x8:0x00000001  x5:0x00000001
        6125000	       611	80002860	02df4263	blt	x30,x13,80002884	 x30:0x00100000 x13:0x5f73b098
        6135000	       612	00000000	00000013	addi	x0,x0,0	  x0:0x00000000
        6145000	       613	80002880	00000013	addi	x0,x0,0	  x0:0x00000000
        6155000	       614	80002884	02526663	bltu	x4,x5,800028b0	  x4:0x00100297  x5:0x00000001
        6165000	       615	80002888	0163d3b3	srl	x7,x7,x22	  x7:0xffa00000 x22:0x00000000  x7=0xffa00000
        6175000	       616	8000288c	00000b33	add	x22,x0,x0	  x0:0x00000000  x0:0x00000000 x22=0x00000000
        6185000	       617	80002890	878da993	slti	x19,x27,-1928	 x27:0x00000006 x19=0x00000000
        6195000	       618	80002894	002943b3	xor	x7,x18,x2	 x18:0x7402c000  x2:0x00000001  x7=0x7402c001
        6205000	       619	80002898	ba02b313	sltiu	x6,x5,-1120	  x5:0x00000001  x6=0x00000001
        6215000	       620	8000289c	00696733	or	x14,x18,x6	 x18:0x7402c000  x6:0x00000001 x14=0x7402c001
        6225000	       621	800028a0	40d65593	srai	x11,x12,0xd	 x12:0x5f73b49a x11=0x0002fb9d
        6235000	       622	800028a4	0016de93	srli	x29,x13,0x1	 x13:0x5f73b098 x29=0x2fb9d84c
        6245000	       623	800028a8	015bb9b3	sltu	x19,x23,x21	 x23:0x00000001 x21:0xe0000000 x19=0x00000001
        6255000	       624	800028ac	004e20b3	slt	x1,x28,x4	 x28:0x00000017  x4:0x00100297  x1=0x00000001
        6265000	       625	800028b0	02389863	bne	x17,x3,800028e0	 x17:0x80009fc4  x3:0x65977140
        6275000	       626	00000000	00000013	addi	x0,x0,0	  x0:0x00000000
        6285000	       627	800028dc	00000013	addi	x0,x0,0	  x0:0x00000000
        6295000	       628	800028e0	88342913	slti	x18,x8,-1917	  x8:0x00000001 x18=0x00000000
        6305000	       629	800028e4	1f00d517	auipc	x10,0x1f00d	 x10=0x9f00f8e0
        6315000	       630	800028e8	016dd7b3	srl	x15,x27,x22	 x27:0x00000006 x22:0x00000000 x15=0x00000006
        6325000	       631	800028ec	01a6dc13	srli	x24,x13,0x1a	 x13:0x5f73b098 x24=0x00000017
        6335000	       632	800028f0	012b9993	slli	x19,x23,0x12	 x23:0x00000001 x19=0x00040000
        6345000	       633	800028f4	00000013	addi	x0,x0,0	  x0:0x00000000
        6355000	       634	800028f8	44135e17	auipc	x28,0x44135	 x28=0xc41378f4
        6365000	       635	800028fc	a071e013	ori	x0,x3,-1529	  x3:0x65977140
        6375000	       636	80002900	66397813	andi	x16,x18,1635	 x18:0x00000000 x16=0x00000000
        6385000	       637	80002904	97e1a713	slti	x14,x3,-1666	  x3:0x65977140 x14=0x00000000
        6395000	       638	80002908	00777db3	and	x27,x14,x7	 x14:0x00000000  x7:0x7402c001 x27=0x00000000
        6405000	       639	8000290c	c5541537	lui	x10,0xc5541	 x10=0xc5541000
        6415000	       640	80002910	8c55c513	xori	x10,x11,-1851	 x11:0x0002fb9d x10=0xfffd0358
        6425000	       641	80002914	4768ee93	ori	x29,x17,1142	 x17:0x80009fc4 x29=0x80009ff6
        6435000	       642	80002918	7d947713	andi	x14,x8,2009	  x8:0x00000001 x14=0x00000001
        6445000	       643	8000291c	41b605b3	sub	x11,x12,x27	 x12:0x5f73b49a x27:0x00000000 x11=0x5f73b49a
        6455000	       644	80002920	00000013	addi	x0,x0,0	  x0:0x00000000
        6465000	       645	80002924	00300793	addi	x15,x0,3	  x0:0x00000000 x15=0x00000003
        6475000	       646	80002928	ffa00693	addi	x13,x0,-6	  x0:0x00000000 x13=0xfffffffa
        6485000	       647	8000292c	26d5e713	ori	x14,x11,621	 x11:0x5f73b49a x14=0x5f73b6ff
        6495000	       648	80002930	ff778793	addi	x15,x15,-9	 x15:0x00000003 x15=0xfffffffa
        6505000	       649	80002934	01b062b3	or	x5,x0,x27	  x0:0x00000000 x27:0x00000000  x5=0x00000000
        6515000	       650	80002938	fed78ae3	beq	x15,x13,8000292c	 x15:0xfffffffa x13:0xfffffffa
        6525000	       651	00000000	00000013	addi	x0,x0,0	  x0:0x00000000
        6535000	       652	80002928	00000013	addi	x0,x0,0	  x0:0x00000000
        6545000	       653	8000292c	26d5e713	ori	x14,x11,621	 x11:0x5f73b49a x14=0x5f73b6ff
        6555000	       654	80002930	ff778793	addi	x15,x15,-9	 x15:0xfffffffa x15=0xfffffff1
        6565000	       655	80002934	01b062b3	or	x5,x0,x27	  x0:0x00000000 x27:0x00000000  x5=0x00000000
        6575000	       656	80002938	fed78ae3	beq	x15,x13,8000292c	 x15:0xfffffff1 x13:0xfffffffa
        6585000	       657	8000293c	418f5ab3	sra	x21,x30,x24	 x30:0x00100000 x24:0x00000017 x21=0x00000000
        6595000	       658	80002940	01330c33	add	x24,x6,x19	  x6:0x00000001 x19:0x00040000 x24=0x00040001
        6605000	       659	80002944	03a0fc63	bgeu	x1,x26,8000297c	  x1:0x00000001 x26:0x00000000
        6615000	       660	00000000	00000013	addi	x0,x0,0	  x0:0x00000000
        6625000	       661	80002978	00000013	addi	x0,x0,0	  x0:0x00000000
        6635000	       662	8000297c	afd39c37	lui	x24,0xafd39	 x24=0xafd39000
        6645000	       663	80002980	0112d713	srli	x14,x5,0x11	  x5:0x00000000 x14=0x00000000
        6655000	       664	80002984	4b829d17	auipc	x26,0x4b829	 x26=0xcb82b980
        6665000	       665	80002988	37326b13	ori	x22,x4,883	  x4:0x00100297 x22=0x001003f7
        6675000	       666	8000298c	00000013	addi	x0,x0,0	  x0:0x00000000
        6685000	       667	80002990	ba6c5317	auipc	x6,0xba6c5	  x6=0x3a6c798c
        6695000	       668	80002994	4003db93	srai	x23,x7,0x0	  x7:0x7402c001 x23=0x7402c001
        6705000	       669	80002998	37388293	addi	x5,x17,883	 x17:0x80009fc4  x5=0x8000a337
        6715000	       670	8000299c	01e5e333	or	x6,x11,x30	 x11:0x5f73b49a x30:0x00100000  x6=0x5f73b49a
        6725000	       671	800029a0	00b55c33	srl	x24,x10,x11	 x10:0xfffd0358 x11:0x5f73b49a x24=0x0000003f
        6735000	       672	800029a4	6652f013	andi	x0,x5,1637	  x5:0x8000a337
        6745000	       673	800029a8	01eebc33	sltu	x24,x29,x30	 x29:0x80009ff6 x30:0x00100000 x24=0x00000000
        6755000	       674	800029ac	01932e33	slt	x28,x6,x25	  x6:0x5f73b49a x25:0x00000016 x28=0x00000000
        6765000	       675	800029b0	02944c63	blt	x8,x9,800029e8	  x8:0x00000001  x9:0x66597714
        6775000	       676	00000000	00000013	addi	x0,x0,0	  x0:0x00000000
        6785000	       677	800029e4	00000013	addi	x0,x0,0	  x0:0x00000000
        6795000	       678	800029e8	3716a413	slti	x8,x13,881	 x13:0xfffffffa  x8=0x00000001
        6805000	       679	800029ec	00241463	bne	x8,x2,800029f4	  x8:0x00000001  x2:0x00000001
        6815000	       680	800029f0	00f2c233	xor	x4,x5,x15	  x5:0x8000a337 x15:0xfffffff1  x4=0x7fff5cc6
        6825000	       681	800029f4	31018a93	addi	x21,x3,784	  x3:0x65977140 x21=0x65977450
        6835000	       682	800029f8	01583433	sltu	x8,x16,x21	 x16:0x00000000 x21:0x65977450  x8=0x00000001
        6845000	       683	800029fc	017145b3	xor	x11,x2,x23	  x2:0x00000001 x23:0x7402c001 x11=0x7402c000
        6855000	       684	80002a00	40250733	sub	x14,x10,x2	 x10:0xfffd0358  x2:0x00000001 x14=0xfffd0357
        6865000	       685	80002a04	0574c463	blt	x9,x23,80002a4c	  x9:0x66597714 x23:0x7402c001
        6875000	       686	00000000	00000013	addi	x0,x0,0	  x0:0x00000000
        6885000	       687	80002a48	00000013	addi	x0,x0,0	  x0:0x00000000
        6895000	       688	80002a4c	01be4433	xor	x8,x28,x27	 x28:0x00000000 x27:0x00000000  x8=0x00000000
        6905000	       689	80002a50	14054c13	xori	x24,x10,320	 x10:0xfffd0358 x24=0xfffd0218
        6915000	       690	80002a54	01b09e13	slli	x28,x1,0x1b	  x1:0x00000001 x28=0x08000000
        6925000	       691	80002a58	62e09eb7	lui	x29,0x62e09	 x29=0x62e09000
        6935000	       692	80002a5c	076762b7	lui	x5,0x7676	  x5=0x07676000
        6945000	       693	80002a60	03ad1063	bne	x26,x26,80002a80	 x26:0xcb82b980 x26:0xcb82b980
        6955000	       694	80002a64	037d6c63	bltu	x26,x23,80002a9c	 x26:0xcb82b980 x23:0x7402c001
        6965000	       695	80002a68	014c0233	add	x4,x24,x20	 x24:0xfffd0218 x20:0x80009ec0  x4=0x7ffda0d8
        6975000	       696	80002a6c	5659e313	ori	x6,x19,1381	 x19:0x00040000  x6=0x00040565
        6985000	       697	80002a70	04f38863	beq	x7,x15,80002ac0	  x7:0x7402c001 x15:0xfffffff1
        6995000	       698	80002a74	ff2faf37	lui	x30,0xff2fa	 x30=0xff2fa000
        7005000	       699	80002a78	00921f33	sll	x30,x4,x9	  x4:0x7ffda0d8  x9:0x66597714 x30=0x0d800000
        7015000	       700	80002a7c	002b81b3	add	x3,x23,x2	 x23:0x7402c001  x2:0x00000001  x3=0x7402c002
        7025000	       701	80002a80	03c66c63	bltu	x12,x28,80002ab8	 x12:0x5f73b49a x28:0x08000000
        7035000	       702	80002a84	00fd3833	sltu	x16,x26,x15	 x26:0xcb82b980 x15:0xfffffff1 x16=0x00000001
        7045000	       703	80002a88	9af67a93	andi	x21,x12,-1617	 x12:0x5f73b49a x21=0x5f73b08a
        7055000	       704	80002a8c	02349863	bne	x9,x3,80002abc	  x9:0x66597714  x3:0x7402c002
        7065000	       705	00000000	00000013	addi	x0,x0,0	  x0:0x00000000
        7075000	       706	80002ab8	00000013	addi	x0,x0,0	  x0:0x00000000
        7085000	       707	80002abc	01c5fd33	and	x26,x11,x28	 x11:0x7402c000 x28:0x08000000 x26=0x00000000
        7095000	       708	80002ac0	41c055b3	sra	x11,x0,x28	  x0:0x00000000 x28:0x08000000 x11=0x00000000
        7105000	       709	80002ac4	712ea613	slti	x12,x29,1810	 x29:0x62e09000 x12=0x00000000
        7115000	       710	80002ac8	4269ad93	slti	x27,x19,1062	 x19:0x00040000 x27=0x00000000
        7125000	       711	80002acc	00f01993	slli	x19,x0,0xf	  x0:0x00000000 x19=0x00000000
        7135000	       712	80002ad0	360bf613	andi	x12,x23,864	 x23:0x7402c001 x12=0x00000000
        7145000	       713	80002ad4	41005213	srai	x4,x0,0x10	  x0:0x00000000  x4=0x00000000
        7155000	       714	80002ad8	222fea93	ori	x21,x31,546	 x31:0x00000000 x21=0x00000222
        7165000	       715	80002adc	e3bcf393	andi	x7,x25,-453	 x25:0x00000016  x7=0x00000012
        7175000	       716	80002ae0	001bddb3	srl	x27,x23,x1	 x23:0x7402c001  x1:0x00000001 x27=0x3a016000
        7185000	       717	80002ae4	01d25d33	srl	x26,x4,x29	  x4:0x00000000 x29:0x62e09000 x26=0x00000000
        7195000	       718	80002ae8	749de693	ori	x13,x27,1865	 x27:0x3a016000 x13=0x3a016749
        7205000	       719	80002aec	02845e63	bge	x8,x8,80002b28	  x8:0x00000000  x8:0x00000000
        7215000	       720	00000000	00000013	addi	x0,x0,0	  x0:0x00000000
        7225000	       721	80002b24	00000013	addi	x0,x0,0	  x0:0x00000000
        7235000	       722	80002b28	a266a393	slti	x7,x13,-1498	 x13:0x3a016749  x7=0x00000000
        7245000	       723	80002b2c	03bb6193	ori	x3,x22,59	 x22:0x001003f7  x3=0x001003ff
        7255000	       724	80002b30	3971d637	lui	x12,0x3971d	 x12=0x3971d000
        7265000	       725	80002b34	030c5863	bge	x24,x16,80002b64	 x24:0xfffd0218 x16:0x00000001
        7275000	       726	80002b38	00000013	addi	x0,x0,0	  x0:0x00000000
        7285000	       727	80002b3c	4117db93	srai	x23,x15,0x11	 x15:0xfffffff1 x23=0xffffffff
        7295000	       728	80002b40	4001d133	sra	x2,x3,x0	  x3:0x001003ff  x0:0x00000000  x2=0x001003ff
        7305000	       729	80002b44	c5f1be37	lui	x28,0xc5f1b	 x28=0xc5f1b000
        7315000	       730	80002b48	01d60a63	beq	x12,x29,80002b5c	 x12:0x3971d000 x29:0x62e09000
        7325000	       731	80002b4c	00ad22b3	slt	x5,x26,x10	 x26:0x00000000 x10:0xfffd0358  x5=0x00000000
        7335000	       732	80002b50	018bc663	blt	x23,x24,80002b5c	 x23:0xffffffff x24:0xfffd0218
        7345000	       733	80002b54	41745e33	sra	x28,x8,x23	  x8:0x00000000 x23:0xffffffff x28=0x00000000
        7355000	       734	80002b58	02e0de63	bge	x1,x14,80002b94	  x1:0x00000001 x14:0xfffd0357
        7365000	       735	00000000	00000013	addi	x0,x0,0	  x0:0x00000000
        7375000	       736	80002b90	00000013	addi	x0,x0,0	  x0:0x00000000
        7385000	       737	80002b94	fa6c0b97	auipc	x23,0xfa6c0	 x23=0x7a6c2b90
        7395000	       738	80002b98	41c6deb3	sra	x29,x13,x28	 x13:0x3a016749 x28:0x00000000 x29=0x3a016749
        7405000	       739	80002b9c	03b00263	beq	x0,x27,80002bc0	  x0:0x00000000 x27:0x3a016000
        7415000	       740	80002ba0	ca13b793	sltiu	x15,x7,-863	  x7:0x00000000 x15=0x00000001
        7425000	       741	80002ba4	403407b3	sub	x15,x8,x3	  x8:0x00000000  x3:0x001003ff x15=0xffeffc01
        7435000	       742	80002ba8	00fc52b3	srl	x5,x24,x15	 x24:0xfffd0218 x15:0xffeffc01  x5=0x7ffe810c
        7445000	       743	80002bac	01759f93	slli	x31,x11,0x17	 x11:0x00000000 x31=0x00000000
        7455000	       744	80002bb0	41755d93	srai	x27,x10,0x17	 x10:0xfffd0358 x27=0xffffffff
        7465000	       745	80002bb4	00489a93	slli	x21,x17,0x4	 x17:0x80009fc4 x21=0x0009fc40
        7475000	       746	80002bb8	00695a93	srli	x21,x18,0x6	 x18:0x00000000 x21=0x00000000
        7485000	       747	80002bbc	00b22633	slt	x12,x4,x11	  x4:0x00000000 x11:0x00000000 x12=0x00000000
        7495000	       748	80002bc0	cb026c93	ori	x25,x4,-848	  x4:0x00000000 x25=0xfffffcb0
        7505000	       749	80002bc4	011027b3	slt	x15,x0,x17	  x0:0x00000000 x17:0x80009fc4 x15=0x00000000
        7515000	       750	80002bc8	017c81b3	add	x3,x25,x23	 x25:0xfffffcb0 x23:0x7a6c2b90  x3=0x7a6c2840
        7525000	       751	80002bcc	00fa6ab3	or	x21,x20,x15	 x20:0x80009ec0 x15:0x00000000 x21=0x80009ec0
        7535000	       752	80002bd0	b54b7813	andi	x16,x22,-1196	 x22:0x001003f7 x16=0x00100354
        7545000	       753	80002bd4	40545213	srai	x4,x8,0x5	  x8:0x00000000  x4=0x00000000
        7555000	       754	80002bd8	410c5b33	sra	x22,x24,x16	 x24:0xfffd0218 x16:0x00100354 x22=0xffffffff
        7565000	       755	80002bdc	004a2c03	lw	x24,4(x20)	 x20:0x80009ec0 x24=0x80000430 PA:0x80009ec4
        7575000	       756	80002be0	024a0a13	addi	x20,x20,36	 x20:0x80009ec0 x20=0x80009ee4
        7585000	       757	80002be4	01441233	sll	x4,x8,x20	  x8:0x00000000 x20:0x80009ee4  x4=0x00000000
        7595000	       758	80002be8	00be6fb3	or	x31,x28,x11	 x28:0x00000000 x11:0x00000000 x31=0x00000000
        7605000	       759	80002bec	00ea5613	srli	x12,x20,0xe	 x20:0x80009ee4 x12=0x00020002
        7615000	       760	80002bf0	69dec513	xori	x10,x29,1693	 x29:0x3a016749 x10=0x3a0161d4
        7625000	       761	80002bf4	00161cb3	sll	x25,x12,x1	 x12:0x00020002  x1:0x00000001 x25=0x00040004
        7635000	       762	80002bf8	000c0b93	addi	x23,x24,0	 x24:0x80000430 x23=0x80000430
        7645000	       763	80002bfc	000b8be7	jalr	x23,x23,0	 x23:0x80000430 x23=0x80002bfc
        7655000	       764	00000000	00000013	addi	x0,x0,0	  x0:0x00000000
        7665000	       765	80000430	00000013	addi	x0,x0,0	  x0:0x00000000
        7675000	       766	80000434	018c5013	srli	x0,x24,0x18	 x24:0x80000430
        7685000	       767	80000438	87bc4637	lui	x12,0x87bc4	 x12=0x87bc4000
        7695000	       768	8000043c	00130f33	add	x30,x6,x1	  x6:0x00040565  x1:0x00000001 x30=0x00040566
        7705000	       769	80000440	01ebea63	bltu	x23,x30,80000454	 x23:0x80002bfc x30:0x00040566
        7715000	       770	80000444	40afd133	sra	x2,x31,x10	 x31:0x00000000 x10:0x3a0161d4  x2=0x00000000
        7725000	       771	80000448	0037e463	bltu	x15,x3,80000450	 x15:0x00000000  x3:0x7a6c2840
        7735000	       772	00000000	00000013	addi	x0,x0,0	  x0:0x00000000
        7745000	       773	8000044c	00000013	addi	x0,x0,0	  x0:0x00000000
        7755000	       774	80000450	034a0063	beq	x20,x20,80000470	 x20:0x80009ee4 x20:0x80009ee4
        7765000	       775	00000000	00000013	addi	x0,x0,0	  x0:0x00000000
        7775000	       776	8000046c	00000013	addi	x0,x0,0	  x0:0x00000000
        7785000	       777	80000470	00be1433	sll	x8,x28,x11	 x28:0x00000000 x11:0x00000000  x8=0x00000000
        7795000	       778	80000474	1f937613	andi	x12,x6,505	  x6:0x00040565 x12=0x00000161
        7805000	       779	80000478	0a962e13	slti	x28,x12,169	 x12:0x00000161 x28=0x00000000
        7815000	       780	8000047c	1cd7e313	ori	x6,x15,461	 x15:0x00000000  x6=0x000001cd
        7825000	       781	80000480	9d81a793	slti	x15,x3,-1576	  x3:0x7a6c2840 x15=0x00000000
        7835000	       782	80000484	00139613	slli	x12,x7,0x1	  x7:0x00000000 x12=0x00000000
        7845000	       783	80000488	19665017	auipc	x0,0x19665	
        7855000	       784	8000048c	9c307817	auipc	x16,0x9c307	 x16=0x1c307488
        7865000	       785	80000490	f57cf213	andi	x4,x25,-169	 x25:0x00040004  x4=0x00040004
        7875000	       786	80000494	012a2ab3	slt	x21,x20,x18	 x20:0x80009ee4 x18:0x00000000 x21=0x00000001
        7885000	       787	80000498	410c5cb3	sra	x25,x24,x16	 x24:0x80000430 x16:0x1c307488 x25=0xff800004
        7895000	       788	8000049c	01427d33	and	x26,x4,x20	  x4:0x00040004 x20:0x80009ee4 x26=0x00000004
        7905000	       789	800004a0	01be1093	slli	x1,x28,0x1b	 x28:0x00000000  x1=0x00000000
        7915000	       790	800004a4	8673b193	sltiu	x3,x7,-1945	  x7:0x00000000  x3=0x00000001
        7925000	       791	800004a8	00801bb3	sll	x23,x0,x8	  x0:0x00000000  x8:0x00000000 x23=0x00000000
        7935000	       792	800004ac	c29ace93	xori	x29,x21,-983	 x21:0x00000001 x29=0xfffffc28
        7945000	       793	800004b0	3ff56e13	ori	x28,x10,1023	 x10:0x3a0161d4 x28=0x3a0163ff
        7955000	       794	800004b4	01cc4633	xor	x12,x24,x28	 x24:0x80000430 x28:0x3a0163ff x12=0xba0167cf
        7965000	       795	800004b8	00000013	addi	x0,x0,0	  x0:0x00000000
        7975000	       796	800004bc	004a2c03	lw	x24,4(x20)	 x20:0x80009ee4 x24=0x8000050c PA:0x80009ee8
        7985000	       797	800004c0	024a0a13	addi	x20,x20,36	 x20:0x80009ee4 x20=0x80009f08
        7995000	       798	800004c4	019c0e33	add	x28,x24,x25	 x24:0x8000050c x25:0xff800004 x28=0x7f800510
        8005000	       799	800004c8	00afcab3	xor	x21,x31,x10	 x31:0x00000000 x10:0x3a0161d4 x21=0x3a0161d4
        8015000	       800	800004cc	000c0e93	addi	x29,x24,0	 x24:0x8000050c x29=0x8000050c
        8025000	       801	800004d0	000e8ee7	jalr	x29,x29,0	 x29:0x8000050c x29=0x800004d0
        8035000	       802	00000000	00000013	addi	x0,x0,0	  x0:0x00000000
        8045000	       803	8000050c	00000013	addi	x0,x0,0	  x0:0x00000000
        8055000	       804	80000510	615e8993	addi	x19,x29,1557	 x29:0x800004d0 x19=0x80000ae5
        8065000	       805	80000514	03c27613	andi	x12,x4,60	  x4:0x00040004 x12=0x00000004
        8075000	       806	80000518	bc28ee93	ori	x29,x17,-1086	 x17:0x80009fc4 x29=0xffffffc6
        8085000	       807	8000051c	9536dd37	lui	x26,0x9536d	 x26=0x9536d000
        8095000	       808	80000520	aa688a93	addi	x21,x17,-1370	 x17:0x80009fc4 x21=0x80009a6a
        8105000	       809	80000524	fbde3013	sltiu	x0,x28,-67	 x28:0x7f800510
        8115000	       810	80000528	014e5713	srli	x14,x28,0x14	 x28:0x7f800510 x14=0x000007f8
        8125000	       811	8000052c	01392cb3	slt	x25,x18,x19	 x18:0x00000000 x19:0x80000ae5 x25=0x00000000
        8135000	       812	80000530	eb9ffc6f	jal	x24,80000530	 x24=0x80000530
        8145000	       813	00000000	00000013	addi	x0,x0,0	  x0:0x00000000
        8155000	       814	800003e4	00000013	addi	x0,x0,0	  x0:0x00000000
        8165000	       815	800003e8	01a8b0b3	sltu	x1,x17,x26	 x17:0x80009fc4 x26:0x9536d000  x1=0x00000001
        8175000	       816	800003ec	0089ccb3	xor	x25,x19,x8	 x19:0x80000ae5  x8:0x00000000 x25=0x80000ae5
        8185000	       817	800003f0	00ccc463	blt	x25,x12,800003f8	 x25:0x80000ae5 x12:0x00000004
        8195000	       818	00000000	00000013	addi	x0,x0,0	  x0:0x00000000
        8205000	       819	800003f4	00000013	addi	x0,x0,0	  x0:0x00000000
        8215000	       820	800003f8	fdca0a13	addi	x20,x20,-36	 x20:0x80009f08 x20=0x80009ee4
        8225000	       821	800003fc	01271393	slli	x7,x14,0x12	 x14:0x000007f8  x7=0x1fe00000
        8235000	       822	80000400	018a2223	sw	x24,4(x20)	 x20:0x80009ee4 x24:0x80000530 PA:0x80009ee8
        8245000	       823	80000404	4031d1b3	sra	x3,x3,x3	  x3:0x00000001  x3:0x00000001  x3=0x00000000
        8255000	       824	80000408	00000013	addi	x0,x0,0	  x0:0x00000000
        8265000	       825	8000040c	00945f13	srli	x30,x8,0x9	  x8:0x00000000 x30=0x00000000
        8275000	       826	80000410	b91a2b13	slti	x22,x20,-1135	 x20:0x80009ee4 x22=0x00000001
        8285000	       827	80000414	01b8bbb3	sltu	x23,x17,x27	 x17:0x80009fc4 x27:0xffffffff x23=0x00000001
        8295000	       828	80000418	6dca6793	ori	x15,x20,1756	 x20:0x80009ee4 x15=0x80009efc
        8305000	       829	8000041c	00725513	srli	x10,x4,0x7	  x4:0x00040004 x10=0x00000800
        8315000	       830	80000420	e6980b13	addi	x22,x16,-407	 x16:0x1c307488 x22=0x1c3072f1
        8325000	       831	80000424	01ca01b3	add	x3,x20,x28	 x20:0x80009ee4 x28:0x7f800510  x3=0xff80a3f4
        8335000	       832	80000428	41bd5e93	srai	x29,x26,0x1b	 x26:0x9536d000 x29=0xfffffff2
        8345000	       833	8000042c	4c404a93	xori	x21,x0,1220	  x0:0x00000000 x21=0x000004c4
        8355000	       834	80000430	0f002c6f	jal	x24,80000430	 x24=0x80000430
        8365000	       835	00000000	00000013	addi	x0,x0,0	  x0:0x00000000
        8375000	       836	8000251c	00000013	addi	x0,x0,0	  x0:0x00000000
        8385000	       837	80002520	01e14663	blt	x2,x30,8000252c	  x2:0x00000000 x30:0x00000000
        8395000	       838	80002524	0166c133	xor	x2,x13,x22	 x13:0x3a016749 x22:0x1c3072f1  x2=0x263115b8
        8405000	       839	80002528	000cd9b3	srl	x19,x25,x0	 x25:0x80000ae5  x0:0x00000000 x19=0x80000ae5
        8415000	       840	8000252c	fdca0a13	addi	x20,x20,-36	 x20:0x80009ee4 x20=0x80009ec0
        8425000	       841	80002530	df0ca613	slti	x12,x25,-528	 x25:0x80000ae5 x12=0x00000001
        8435000	       842	80002534	018a2223	sw	x24,4(x20)	 x20:0x80009ec0 x24:0x80000430 PA:0x80009ec4
        8445000	       843	80002538	01128d33	add	x26,x5,x17	  x5:0x7ffe810c x17:0x80009fc4 x26=0xffff20d0
        8455000	       844	8000253c	00dcce33	xor	x28,x25,x13	 x25:0x80000ae5 x13:0x3a016749 x28=0xba016dac
        8465000	       845	80002540	011b50b3	srl	x1,x22,x17	 x22:0x1c3072f1 x17:0x80009fc4  x1=0x01c3072f
        8475000	       846	80002544	00000013	addi	x0,x0,0	  x0:0x00000000
        8485000	       847	80002548	52523297	auipc	x5,0x52523	  x5=0xd2525544
        8495000	       848	8000254c	ffa00693	addi	x13,x0,-6	  x0:0x00000000 x13=0xfffffffa
        8505000	       849	80002550	41ba5c93	srai	x25,x20,0x1b	 x20:0x80009ec0 x25=0xfffffff0
        8515000	       850	80002554	ff300193	addi	x3,x0,-13	  x0:0x00000000  x3=0xfffffff3
        8525000	       851	80002558	013833b3	sltu	x7,x16,x19	 x16:0x1c307488 x19:0x80000ae5  x7=0x00000001
        8535000	       852	8000255c	4045d333	sra	x6,x11,x4	 x11:0x00000000  x4:0x00040004  x6=0x00000000
        8545000	       853	80002560	8ba4a713	slti	x14,x9,-1862	  x9:0x66597714 x14=0x00000000
        8555000	       854	80002564	1ddf6313	ori	x6,x30,477	 x30:0x00000000  x6=0x000001dd
        8565000	       855	80002568	fff68693	addi	x13,x13,-1	 x13:0xfffffffa x13=0xfffffff9
        8575000	       856	8000256c	0110e333	or	x6,x1,x17	  x1:0x01c3072f x17:0x80009fc4  x6=0x81c39fef
        8585000	       857	80002570	00700b93	addi	x23,x0,7	  x0:0x00000000 x23=0x00000007
        8595000	       858	80002574	01ba1d13	slli	x26,x20,0x1b	 x20:0x80009ec0 x26=0x00000000
        8605000	       859	80002578	00700413	addi	x8,x0,7	  x0:0x00000000  x8=0x00000007
        8615000	       860	8000257c	00d16e33	or	x28,x2,x13	  x2:0x263115b8 x13:0xfffffff9 x28=0xfffffff9
        8625000	       861	80002580	00cdae33	slt	x28,x27,x12	 x27:0xffffffff x12:0x00000001 x28=0x00000001
        8635000	       862	80002584	ffab8b93	addi	x23,x23,-6	 x23:0x00000007 x23=0x00000001
        8645000	       863	80002588	fe8bfae3	bgeu	x23,x8,8000257c	 x23:0x00000001  x8:0x00000007
        8655000	       864	8000258c	00ec4cb3	xor	x25,x24,x14	 x24:0x80000430 x14:0x00000000 x25=0x80000430
        8665000	       865	80002590	01169b33	sll	x22,x13,x17	 x13:0xfffffff9 x17:0x80009fc4 x22=0xffffff90
        8675000	       866	80002594	fc3696e3	bne	x13,x3,80002560	 x13:0xfffffff9  x3:0xfffffff3
        8685000	       867	00000000	00000013	addi	x0,x0,0	  x0:0x00000000
        8695000	       868	8000255c	00000013	addi	x0,x0,0	  x0:0x00000000
        8705000	       869	80002560	8ba4a713	slti	x14,x9,-1862	  x9:0x66597714 x14=0x00000000
        8715000	       870	80002564	1ddf6313	ori	x6,x30,477	 x30:0x00000000  x6=0x000001dd
        8725000	       871	80002568	fff68693	addi	x13,x13,-1	 x13:0xfffffff9 x13=0xfffffff8
        8735000	       872	8000256c	0110e333	or	x6,x1,x17	  x1:0x01c3072f x17:0x80009fc4  x6=0x81c39fef
        8745000	       873	80002570	00700b93	addi	x23,x0,7	  x0:0x00000000 x23=0x00000007
        8755000	       874	80002574	01ba1d13	slli	x26,x20,0x1b	 x20:0x80009ec0 x26=0x00000000
        8765000	       875	80002578	00700413	addi	x8,x0,7	  x0:0x00000000  x8=0x00000007
        8775000	       876	8000257c	00d16e33	or	x28,x2,x13	  x2:0x263115b8 x13:0xfffffff8 x28=0xfffffff8
        8785000	       877	80002580	00cdae33	slt	x28,x27,x12	 x27:0xffffffff x12:0x00000001 x28=0x00000001
        8795000	       878	80002584	ffab8b93	addi	x23,x23,-6	 x23:0x00000007 x23=0x00000001
        8805000	       879	80002588	fe8bfae3	bgeu	x23,x8,8000257c	 x23:0x00000001  x8:0x00000007
        8815000	       880	8000258c	00ec4cb3	xor	x25,x24,x14	 x24:0x80000430 x14:0x00000000 x25=0x80000430
        8825000	       881	80002590	01169b33	sll	x22,x13,x17	 x13:0xfffffff8 x17:0x80009fc4 x22=0xffffff80
        8835000	       882	80002594	fc3696e3	bne	x13,x3,80002560	 x13:0xfffffff8  x3:0xfffffff3
        8845000	       883	00000000	00000013	addi	x0,x0,0	  x0:0x00000000
        8855000	       884	8000255c	00000013	addi	x0,x0,0	  x0:0x00000000
        8865000	       885	80002560	8ba4a713	slti	x14,x9,-1862	  x9:0x66597714 x14=0x00000000
        8875000	       886	80002564	1ddf6313	ori	x6,x30,477	 x30:0x00000000  x6=0x000001dd
        8885000	       887	80002568	fff68693	addi	x13,x13,-1	 x13:0xfffffff8 x13=0xfffffff7
        8895000	       888	8000256c	0110e333	or	x6,x1,x17	  x1:0x01c3072f x17:0x80009fc4  x6=0x81c39fef
        8905000	       889	80002570	00700b93	addi	x23,x0,7	  x0:0x00000000 x23=0x00000007
        8915000	       890	80002574	01ba1d13	slli	x26,x20,0x1b	 x20:0x80009ec0 x26=0x00000000
        8925000	       891	80002578	00700413	addi	x8,x0,7	  x0:0x00000000  x8=0x00000007
        8935000	       892	8000257c	00d16e33	or	x28,x2,x13	  x2:0x263115b8 x13:0xfffffff7 x28=0xffffffff
        8945000	       893	80002580	00cdae33	slt	x28,x27,x12	 x27:0xffffffff x12:0x00000001 x28=0x00000001
        8955000	       894	80002584	ffab8b93	addi	x23,x23,-6	 x23:0x00000007 x23=0x00000001
        8965000	       895	80002588	fe8bfae3	bgeu	x23,x8,8000257c	 x23:0x00000001  x8:0x00000007
        8975000	       896	8000258c	00ec4cb3	xor	x25,x24,x14	 x24:0x80000430 x14:0x00000000 x25=0x80000430
        8985000	       897	80002590	01169b33	sll	x22,x13,x17	 x13:0xfffffff7 x17:0x80009fc4 x22=0xffffff70
        8995000	       898	80002594	fc3696e3	bne	x13,x3,80002560	 x13:0xfffffff7  x3:0xfffffff3
        9005000	       899	00000000	00000013	addi	x0,x0,0	  x0:0x00000000
        9015000	       900	8000255c	00000013	addi	x0,x0,0	  x0:0x00000000
        9025000	       901	80002560	8ba4a713	slti	x14,x9,-1862	  x9:0x66597714 x14=0x00000000
        9035000	       902	80002564	1ddf6313	ori	x6,x30,477	 x30:0x00000000  x6=0x000001dd
        9045000	       903	80002568	fff68693	addi	x13,x13,-1	 x13:0xfffffff7 x13=0xfffffff6
        9055000	       904	8000256c	0110e333	or	x6,x1,x17	  x1:0x01c3072f x17:0x80009fc4  x6=0x81c39fef
        9065000	       905	80002570	00700b93	addi	x23,x0,7	  x0:0x00000000 x23=0x00000007
        9075000	       906	80002574	01ba1d13	slli	x26,x20,0x1b	 x20:0x80009ec0 x26=0x00000000
        9085000	       907	80002578	00700413	addi	x8,x0,7	  x0:0x00000000  x8=0x00000007
        9095000	       908	8000257c	00d16e33	or	x28,x2,x13	  x2:0x263115b8 x13:0xfffffff6 x28=0xfffffffe
        9105000	       909	80002580	00cdae33	slt	x28,x27,x12	 x27:0xffffffff x12:0x00000001 x28=0x00000001
        9115000	       910	80002584	ffab8b93	addi	x23,x23,-6	 x23:0x00000007 x23=0x00000001
        9125000	       911	80002588	fe8bfae3	bgeu	x23,x8,8000257c	 x23:0x00000001  x8:0x00000007
        9135000	       912	8000258c	00ec4cb3	xor	x25,x24,x14	 x24:0x80000430 x14:0x00000000 x25=0x80000430
        9145000	       913	80002590	01169b33	sll	x22,x13,x17	 x13:0xfffffff6 x17:0x80009fc4 x22=0xffffff60
        9155000	       914	80002594	fc3696e3	bne	x13,x3,80002560	 x13:0xfffffff6  x3:0xfffffff3
        9165000	       915	00000000	00000013	addi	x0,x0,0	  x0:0x00000000
        9175000	       916	8000255c	00000013	addi	x0,x0,0	  x0:0x00000000
        9185000	       917	80002560	8ba4a713	slti	x14,x9,-1862	  x9:0x66597714 x14=0x00000000
        9195000	       918	80002564	1ddf6313	ori	x6,x30,477	 x30:0x00000000  x6=0x000001dd
        9205000	       919	80002568	fff68693	addi	x13,x13,-1	 x13:0xfffffff6 x13=0xfffffff5
        9215000	       920	8000256c	0110e333	or	x6,x1,x17	  x1:0x01c3072f x17:0x80009fc4  x6=0x81c39fef
        9225000	       921	80002570	00700b93	addi	x23,x0,7	  x0:0x00000000 x23=0x00000007
        9235000	       922	80002574	01ba1d13	slli	x26,x20,0x1b	 x20:0x80009ec0 x26=0x00000000
        9245000	       923	80002578	00700413	addi	x8,x0,7	  x0:0x00000000  x8=0x00000007
        9255000	       924	8000257c	00d16e33	or	x28,x2,x13	  x2:0x263115b8 x13:0xfffffff5 x28=0xfffffffd
        9265000	       925	80002580	00cdae33	slt	x28,x27,x12	 x27:0xffffffff x12:0x00000001 x28=0x00000001
        9275000	       926	80002584	ffab8b93	addi	x23,x23,-6	 x23:0x00000007 x23=0x00000001
        9285000	       927	80002588	fe8bfae3	bgeu	x23,x8,8000257c	 x23:0x00000001  x8:0x00000007
        9295000	       928	8000258c	00ec4cb3	xor	x25,x24,x14	 x24:0x80000430 x14:0x00000000 x25=0x80000430
        9305000	       929	80002590	01169b33	sll	x22,x13,x17	 x13:0xfffffff5 x17:0x80009fc4 x22=0xffffff50
        9315000	       930	80002594	fc3696e3	bne	x13,x3,80002560	 x13:0xfffffff5  x3:0xfffffff3
        9325000	       931	00000000	00000013	addi	x0,x0,0	  x0:0x00000000
        9335000	       932	8000255c	00000013	addi	x0,x0,0	  x0:0x00000000
        9345000	       933	80002560	8ba4a713	slti	x14,x9,-1862	  x9:0x66597714 x14=0x00000000
        9355000	       934	80002564	1ddf6313	ori	x6,x30,477	 x30:0x00000000  x6=0x000001dd
        9365000	       935	80002568	fff68693	addi	x13,x13,-1	 x13:0xfffffff5 x13=0xfffffff4
        9375000	       936	8000256c	0110e333	or	x6,x1,x17	  x1:0x01c3072f x17:0x80009fc4  x6=0x81c39fef
        9385000	       937	80002570	00700b93	addi	x23,x0,7	  x0:0x00000000 x23=0x00000007
        9395000	       938	80002574	01ba1d13	slli	x26,x20,0x1b	 x20:0x80009ec0 x26=0x00000000
        9405000	       939	80002578	00700413	addi	x8,x0,7	  x0:0x00000000  x8=0x00000007
        9415000	       940	8000257c	00d16e33	or	x28,x2,x13	  x2:0x263115b8 x13:0xfffffff4 x28=0xfffffffc
        9425000	       941	80002580	00cdae33	slt	x28,x27,x12	 x27:0xffffffff x12:0x00000001 x28=0x00000001
        9435000	       942	80002584	ffab8b93	addi	x23,x23,-6	 x23:0x00000007 x23=0x00000001
        9445000	       943	80002588	fe8bfae3	bgeu	x23,x8,8000257c	 x23:0x00000001  x8:0x00000007
        9455000	       944	8000258c	00ec4cb3	xor	x25,x24,x14	 x24:0x80000430 x14:0x00000000 x25=0x80000430
        9465000	       945	80002590	01169b33	sll	x22,x13,x17	 x13:0xfffffff4 x17:0x80009fc4 x22=0xffffff40
        9475000	       946	80002594	fc3696e3	bne	x13,x3,80002560	 x13:0xfffffff4  x3:0xfffffff3
        9485000	       947	00000000	00000013	addi	x0,x0,0	  x0:0x00000000
        9495000	       948	8000255c	00000013	addi	x0,x0,0	  x0:0x00000000
        9505000	       949	80002560	8ba4a713	slti	x14,x9,-1862	  x9:0x66597714 x14=0x00000000
        9515000	       950	80002564	1ddf6313	ori	x6,x30,477	 x30:0x00000000  x6=0x000001dd
        9525000	       951	80002568	fff68693	addi	x13,x13,-1	 x13:0xfffffff4 x13=0xfffffff3
        9535000	       952	8000256c	0110e333	or	x6,x1,x17	  x1:0x01c3072f x17:0x80009fc4  x6=0x81c39fef
        9545000	       953	80002570	00700b93	addi	x23,x0,7	  x0:0x00000000 x23=0x00000007
        9555000	       954	80002574	01ba1d13	slli	x26,x20,0x1b	 x20:0x80009ec0 x26=0x00000000
        9565000	       955	80002578	00700413	addi	x8,x0,7	  x0:0x00000000  x8=0x00000007
        9575000	       956	8000257c	00d16e33	or	x28,x2,x13	  x2:0x263115b8 x13:0xfffffff3 x28=0xfffffffb
        9585000	       957	80002580	00cdae33	slt	x28,x27,x12	 x27:0xffffffff x12:0x00000001 x28=0x00000001
        9595000	       958	80002584	ffab8b93	addi	x23,x23,-6	 x23:0x00000007 x23=0x00000001
        9605000	       959	80002588	fe8bfae3	bgeu	x23,x8,8000257c	 x23:0x00000001  x8:0x00000007
        9615000	       960	8000258c	00ec4cb3	xor	x25,x24,x14	 x24:0x80000430 x14:0x00000000 x25=0x80000430
        9625000	       961	80002590	01169b33	sll	x22,x13,x17	 x13:0xfffffff3 x17:0x80009fc4 x22=0xffffff30
        9635000	       962	80002594	fc3696e3	bne	x13,x3,80002560	 x13:0xfffffff3  x3:0xfffffff3
        9645000	       963	80002598	015e9393	slli	x7,x29,0x15	 x29:0xfffffff2  x7=0xfe400000
        9655000	       964	8000259c	00600213	addi	x4,x0,6	  x0:0x00000000  x4=0x00000006
        9665000	       965	800025a0	40f505b3	sub	x11,x10,x15	 x10:0x00000800 x15:0x80009efc x11=0x7fff6904
        9675000	       966	800025a4	00f00993	addi	x19,x0,15	  x0:0x00000000 x19=0x0000000f
        9685000	       967	800025a8	00b3fcb3	and	x25,x7,x11	  x7:0xfe400000 x11:0x7fff6904 x25=0x7e400000
        9695000	       968	800025ac	00720213	addi	x4,x4,7	  x4:0x00000006  x4=0x0000000d
        9705000	       969	800025b0	29b48913	addi	x18,x9,667	  x9:0x66597714 x18=0x665979af
        9715000	       970	800025b4	00000013	addi	x0,x0,0	  x0:0x00000000
        9725000	       971	800025b8	9e2d4013	xori	x0,x26,-1566	 x26:0x00000000
        9735000	       972	800025bc	000e5ab3	srl	x21,x28,x0	 x28:0x00000001  x0:0x00000000 x21=0x00000001
        9745000	       973	800025c0	ff3264e3	bltu	x4,x19,800025a8	  x4:0x0000000d x19:0x0000000f
        9755000	       974	00000000	00000013	addi	x0,x0,0	  x0:0x00000000
        9765000	       975	800025a4	00000013	addi	x0,x0,0	  x0:0x00000000
        9775000	       976	800025a8	00b3fcb3	and	x25,x7,x11	  x7:0xfe400000 x11:0x7fff6904 x25=0x7e400000
        9785000	       977	800025ac	00720213	addi	x4,x4,7	  x4:0x0000000d  x4=0x00000014
        9795000	       978	800025b0	29b48913	addi	x18,x9,667	  x9:0x66597714 x18=0x665979af
        9805000	       979	800025b4	00000013	addi	x0,x0,0	  x0:0x00000000
        9815000	       980	800025b8	9e2d4013	xori	x0,x26,-1566	 x26:0x00000000
        9825000	       981	800025bc	000e5ab3	srl	x21,x28,x0	 x28:0x00000001  x0:0x00000000 x21=0x00000001
        9835000	       982	800025c0	ff3264e3	bltu	x4,x19,800025a8	  x4:0x00000014 x19:0x0000000f
        9845000	       983	800025c4	00280533	add	x10,x16,x2	 x16:0x1c307488  x2:0x263115b8 x10=0x42618a40
        9855000	       984	800025c8	ffa00c13	addi	x24,x0,-6	  x0:0x00000000 x24=0xfffffffa
        9865000	       985	800025cc	ab5f4613	xori	x12,x30,-1355	 x30:0x00000000 x12=0xfffffab5
        9875000	       986	800025d0	00781613	slli	x12,x16,0x7	 x16:0x1c307488 x12=0x183a4400
        9885000	       987	800025d4	02716d93	ori	x27,x2,39	  x2:0x263115b8 x27=0x263115bf
        9895000	       988	800025d8	01cd2cb3	slt	x25,x26,x28	 x26:0x00000000 x28:0x00000001 x25=0x00000001
        9905000	       989	800025dc	404b5fb3	sra	x31,x22,x4	 x22:0xffffff30  x4:0x00000014 x31=0xffffffff
        9915000	       990	800025e0	00c00593	addi	x11,x0,12	  x0:0x00000000 x11=0x0000000c
        9925000	       991	800025e4	0061f033	and	x0,x3,x6	  x3:0xfffffff3  x6:0x81c39fef
        9935000	       992	800025e8	015bab13	slti	x22,x23,21	 x23:0x00000001 x22=0x00000001
        9945000	       993	800025ec	62fbe993	ori	x19,x23,1583	 x23:0x00000001 x19=0x0000062f
        9955000	       994	800025f0	d5ab3b13	sltiu	x22,x22,-678	 x22:0x00000001 x22=0x00000001
        9965000	       995	800025f4	004c0c13	addi	x24,x24,4	 x24:0xfffffffa x24=0xfffffffe
        9975000	       996	800025f8	00000013	addi	x0,x0,0	  x0:0x00000000
        9985000	       997	800025fc	00400213	addi	x4,x0,4	  x0:0x00000000  x4=0x00000004
        9995000	       998	80002600	00400293	addi	x5,x0,4	  x0:0x00000000  x5=0x00000004
       10005000	       999	80002604	d547cd13	xori	x26,x15,-684	 x15:0x80009efc x26=0x7fff63a8
       10015000	      1000	80002608	00727cb3	and	x25,x4,x7	  x4:0x00000004  x7:0xfe400000 x25=0x00000000
       10025000	      1001	8000260c	00fc87b3	add	x15,x25,x15	 x25:0x00000000 x15:0x80009efc x15=0x80009efc
       10035000	      1002	80002610	ffd20213	addi	x4,x4,-3	  x4:0x00000004  x4=0x00000001
       10045000	      1003	80002614	00ac2cb3	slt	x25,x24,x10	 x24:0xfffffffe x10:0x42618a40 x25=0x00000001
       10055000	      1004	80002618	fe527ae3	bgeu	x4,x5,8000260c	  x4:0x00000001  x5:0x00000004
       10065000	      1005	8000261c	00000013	addi	x0,x0,0	  x0:0x00000000
       10075000	      1006	80002620	fcbc62e3	bltu	x24,x11,800025e4	 x24:0xfffffffe x11:0x0000000c
       10085000	      1007	80002624	01ee5813	srli	x16,x28,0x1e	 x28:0x00000001 x16=0x00000000
       10095000	      1008	80002628	00300193	addi	x3,x0,3	  x0:0x00000000  x3=0x00000003
       10105000	      1009	8000262c	400e8533	sub	x10,x29,x0	 x29:0xfffffff2  x0:0x00000000 x10=0xfffffff2
       10115000	      1010	80002630	00000013	addi	x0,x0,0	  x0:0x00000000
       10125000	      1011	80002634	58034e17	auipc	x28,0x58034	 x28=0xd8036630
       10135000	      1012	80002638	0097deb3	srl	x29,x15,x9	 x15:0x80009efc  x9:0x66597714 x29=0x00000800
       10145000	      1013	8000263c	01817833	and	x16,x2,x24	  x2:0x263115b8 x24:0xfffffffe x16=0x263115b8
       10155000	      1014	80002640	570f0fb7	lui	x31,0x570f0	 x31=0x570f0000
       10165000	      1015	80002644	00000013	addi	x0,x0,0	  x0:0x00000000
       10175000	      1016	80002648	136dbe13	sltiu	x28,x27,310	 x27:0x263115bf x28=0x00000000
       10185000	      1017	8000264c	00154db3	xor	x27,x10,x1	 x10:0xfffffff2  x1:0x01c3072f x27=0xfe3cf8dd
       10195000	      1018	80002650	014e9f13	slli	x30,x29,0x14	 x29:0x00000800 x30=0x80000000
       10205000	      1019	80002654	01400c93	addi	x25,x0,20	  x0:0x00000000 x25=0x00000014
       10215000	      1020	80002658	c0ff2e93	slti	x29,x30,-1009	 x30:0x80000000 x29=0x00000001
       10225000	      1021	8000265c	dc05a293	slti	x5,x11,-576	 x11:0x0000000c  x5=0x00000000
       10235000	      1022	80002660	40b20633	sub	x12,x4,x11	  x4:0x00000001 x11:0x0000000c x12=0xfffffff5
       10245000	      1023	80002664	5915d517	auipc	x10,0x5915d	 x10=0xd915f660
       10255000	      1024	80002668	00618193	addi	x3,x3,6	  x3:0x00000003  x3=0x00000009
       10265000	      1025	8000266c	00a9ab33	slt	x22,x19,x10	 x19:0x0000062f x10:0xd915f660 x22=0x00000000
       10275000	      1026	80002670	015ebd33	sltu	x26,x29,x21	 x29:0x00000001 x21:0x00000001 x26=0x00000000
       10285000	      1027	80002674	009a9f33	sll	x30,x21,x9	 x21:0x00000001  x9:0x66597714 x30=0x00100000
       10295000	      1028	80002678	ff91c6e3	blt	x3,x25,80002664	  x3:0x00000009 x25:0x00000014
       10305000	      1029	00000000	00000013	addi	x0,x0,0	  x0:0x00000000
       10315000	      1030	80002660	00000013	addi	x0,x0,0	  x0:0x00000000
       10325000	      1031	80002664	5915d517	auipc	x10,0x5915d	 x10=0xd915f660
       10335000	      1032	80002668	00618193	addi	x3,x3,6	  x3:0x00000009  x3=0x0000000f
       10345000	      1033	8000266c	00a9ab33	slt	x22,x19,x10	 x19:0x0000062f x10:0xd915f660 x22=0x00000000
       10355000	      1034	80002670	015ebd33	sltu	x26,x29,x21	 x29:0x00000001 x21:0x00000001 x26=0x00000000
       10365000	      1035	80002674	009a9f33	sll	x30,x21,x9	 x21:0x00000001  x9:0x66597714 x30=0x00100000
       10375000	      1036	80002678	ff91c6e3	blt	x3,x25,80002664	  x3:0x0000000f x25:0x00000014
       10385000	      1037	00000000	00000013	addi	x0,x0,0	  x0:0x00000000
       10395000	      1038	80002660	00000013	addi	x0,x0,0	  x0:0x00000000
       10405000	      1039	80002664	5915d517	auipc	x10,0x5915d	 x10=0xd915f660
       10415000	      1040	80002668	00618193	addi	x3,x3,6	  x3:0x0000000f  x3=0x00000015
       10425000	      1041	8000266c	00a9ab33	slt	x22,x19,x10	 x19:0x0000062f x10:0xd915f660 x22=0x00000000
       10435000	      1042	80002670	015ebd33	sltu	x26,x29,x21	 x29:0x00000001 x21:0x00000001 x26=0x00000000
       10445000	      1043	80002674	009a9f33	sll	x30,x21,x9	 x21:0x00000001  x9:0x66597714 x30=0x00100000
       10455000	      1044	80002678	ff91c6e3	blt	x3,x25,80002664	  x3:0x00000015 x25:0x00000014
       10465000	      1045	8000267c	0007d433	srl	x8,x15,x0	 x15:0x80009efc  x0:0x00000000  x8=0x80009efc
       10475000	      1046	80002680	416e8033	sub	x0,x29,x22	 x29:0x00000001 x22:0x00000000
       10485000	      1047	80002684	03a8ab93	slti	x23,x17,58	 x17:0x80009fc4 x23=0x00000001
       10495000	      1048	80002688	bae70593	addi	x11,x14,-1106	 x14:0x00000000 x11=0xfffffbae
       10505000	      1049	8000268c	018087b3	add	x15,x1,x24	  x1:0x01c3072f x24:0xfffffffe x15=0x01c3072d
       10515000	      1050	80002690	40d782b3	sub	x5,x15,x13	 x15:0x01c3072d x13:0xfffffff3  x5=0x01c3073a
       10525000	      1051	80002694	ed8b6e93	ori	x29,x22,-296	 x22:0x00000000 x29=0xfffffed8
       10535000	      1052	80002698	06c34063	blt	x6,x12,800026f8	  x6:0x81c39fef x12:0xfffffff5
       10545000	      1053	00000000	00000013	addi	x0,x0,0	  x0:0x00000000
       10555000	      1054	800026f4	00000013	addi	x0,x0,0	  x0:0x00000000
       10565000	      1055	800026f8	012bda93	srli	x21,x23,0x12	 x23:0x00000001 x21=0x00000000
       10575000	      1056	800026fc	01017ab3	and	x21,x2,x16	  x2:0x263115b8 x16:0x263115b8 x21=0x263115b8
       10585000	      1057	80002700	023e6063	bltu	x28,x3,80002720	 x28:0x00000000  x3:0x00000015
       10595000	      1058	00000000	00000013	addi	x0,x0,0	  x0:0x00000000
       10605000	      1059	8000271c	00000013	addi	x0,x0,0	  x0:0x00000000
       10615000	      1060	80002720	01f0c633	xor	x12,x1,x31	  x1:0x01c3072f x31:0x570f0000 x12=0x56cc072f
       10625000	      1061	80002724	02630a63	beq	x6,x6,80002758	  x6:0x81c39fef  x6:0x81c39fef
       10635000	      1062	00000000	00000013	addi	x0,x0,0	  x0:0x00000000
       10645000	      1063	80002754	00000013	addi	x0,x0,0	  x0:0x00000000
       10655000	      1064	80002758	004e42b3	xor	x5,x28,x4	 x28:0x00000000  x4:0x00000001  x5=0x00000001
       10665000	      1065	8000275c	00320cb3	add	x25,x4,x3	  x4:0x00000001  x3:0x00000015 x25=0x00000016
       10675000	      1066	80002760	00000013	addi	x0,x0,0	  x0:0x00000000
       10685000	      1067	80002764	00a745b3	xor	x11,x14,x10	 x14:0x00000000 x10:0xd915f660 x11=0xd915f660
       10695000	      1068	80002768	018219b3	sll	x19,x4,x24	  x4:0x00000001 x24:0xfffffffe x19=0x40000000
       10705000	      1069	8000276c	00000013	addi	x0,x0,0	  x0:0x00000000
       10715000	      1070	80002770	41600433	sub	x8,x0,x22	  x0:0x00000000 x22:0x00000000  x8=0x00000000
       10725000	      1071	80002774	00635e13	srli	x28,x6,0x6	  x6:0x81c39fef x28=0x02070e7f
       10735000	      1072	80002778	91854b13	xori	x22,x10,-1768	 x10:0xd915f660 x22=0x26ea0f78
       10745000	      1073	8000277c	4d6f4813	xori	x16,x30,1238	 x30:0x00100000 x16=0x001004d6
       10755000	      1074	80002780	03a44e63	blt	x8,x26,800027bc	  x8:0x00000000 x26:0x00000000
       10765000	      1075	80002784	c45f7313	andi	x6,x30,-955	 x30:0x00100000  x6=0x00100000
       10775000	      1076	80002788	01275b33	srl	x22,x14,x18	 x14:0x00000000 x18:0x665979af x22=0x00000000
       10785000	      1077	8000278c	06c41697	auipc	x13,0x6c41	 x13=0x86c43788
       10795000	      1078	80002790	013edf93	srli	x31,x29,0x13	 x29:0xfffffed8 x31=0x00001fff
       10805000	      1079	80002794	09052793	slti	x15,x10,144	 x10:0xd915f660 x15=0x00000001
       10815000	      1080	80002798	03560e63	beq	x12,x21,800027d4	 x12:0x56cc072f x21:0x263115b8
       10825000	      1081	8000279c	005a59b3	srl	x19,x20,x5	 x20:0x80009ec0  x5:0x00000001 x19=0x40004f60
       10835000	      1082	800027a0	00394463	blt	x18,x3,800027a8	 x18:0x665979af  x3:0x00000015
       10845000	      1083	800027a4	00449193	slli	x3,x9,0x4	  x9:0x66597714  x3=0x65977140
       10855000	      1084	800027a8	002a4733	xor	x14,x20,x2	 x20:0x80009ec0  x2:0x263115b8 x14=0xa6318b78
       10865000	      1085	800027ac	0158efb3	or	x31,x17,x21	 x17:0x80009fc4 x21:0x263115b8 x31=0xa6319ffc
       10875000	      1086	800027b0	00d8b833	sltu	x16,x17,x13	 x17:0x80009fc4 x13:0x86c43788 x16=0x00000001
       10885000	      1087	800027b4	007e6fb3	or	x31,x28,x7	 x28:0x02070e7f  x7:0xfe400000 x31=0xfe470e7f
       10895000	      1088	800027b8	00325e33	srl	x28,x4,x3	  x4:0x00000001  x3:0x65977140 x28=0x00000001
       10905000	      1089	800027bc	00a29c33	sll	x24,x5,x10	  x5:0x00000001 x10:0xd915f660 x24=0x00000001
       10915000	      1090	800027c0	00000013	addi	x0,x0,0	  x0:0x00000000
       10925000	      1091	800027c4	27b53913	sltiu	x18,x10,635	 x10:0xd915f660 x18=0x00000000
       10935000	      1092	800027c8	40b98133	sub	x2,x19,x11	 x19:0x40004f60 x11:0xd915f660  x2=0x66ea5900
       10945000	      1093	800027cc	011b5fb3	srl	x31,x22,x17	 x22:0x00000000 x17:0x80009fc4 x31=0x00000000
       10955000	      1094	800027d0	00000013	addi	x0,x0,0	  x0:0x00000000
       10965000	      1095	800027d4	8fc7c313	xori	x6,x15,-1796	 x15:0x00000001  x6=0xfffff8fd
       10975000	      1096	800027d8	b5dd8713	addi	x14,x27,-1187	 x27:0xfe3cf8dd x14=0xfe3cf43a
       10985000	      1097	800027dc	417e0d33	sub	x26,x28,x23	 x28:0x00000001 x23:0x00000001 x26=0x00000000
       10995000	      1098	800027e0	00997863	bgeu	x18,x9,800027f0	 x18:0x00000000  x9:0x66597714
       11005000	      1099	800027e4	00b83133	sltu	x2,x16,x11	 x16:0x00000001 x11:0xd915f660  x2=0x00000001
       11015000	      1100	800027e8	00ae3433	sltu	x8,x28,x10	 x28:0x00000001 x10:0xd915f660  x8=0x00000001
       11025000	      1101	800027ec	0130b233	sltu	x4,x1,x19	  x1:0x01c3072f x19:0x40004f60  x4=0x00000001
       11035000	      1102	800027f0	e730c693	xori	x13,x1,-397	  x1:0x01c3072f x13=0xfe3cf95c
       11045000	      1103	800027f4	7402c937	lui	x18,0x7402c	 x18=0x7402c000
       11055000	      1104	800027f8	00000013	addi	x0,x0,0	  x0:0x00000000
       11065000	      1105	800027fc	01e61593	slli	x11,x12,0x1e	 x12:0x56cc072f x11=0xc0000000
       11075000	      1106	80002800	00421e93	slli	x29,x4,0x4	  x4:0x00000001 x29=0x00000010
       11085000	      1107	80002804	297f6213	ori	x4,x30,663	 x30:0x00100000  x4=0x00100297
       11095000	      1108	80002808	015a8263	beq	x21,x21,8000280c	 x21:0x263115b8 x21:0x263115b8
       11105000	      1109	00000000	00000013	addi	x0,x0,0	  x0:0x00000000
       11115000	      1110	80002808	00000013	addi	x0,x0,0	  x0:0x00000000
       11125000	      1111	8000280c	00c376b3	and	x13,x6,x12	  x6:0xfffff8fd x12:0x56cc072f x13=0x56cc002d
       11135000	      1112	80002810	0016de33	srl	x28,x13,x1	 x13:0x56cc002d  x1:0x01c3072f x28=0x0000ad98
       11145000	      1113	80002814	00924663	blt	x4,x9,80002820	  x4:0x00100297  x9:0x66597714
       11155000	      1114	00000000	00000013	addi	x0,x0,0	  x0:0x00000000
       11165000	      1115	8000281c	00000013	addi	x0,x0,0	  x0:0x00000000
       11175000	      1116	80002820	038edc63	bge	x29,x24,80002858	 x29:0x00000010 x24:0x00000001
       11185000	      1117	00000000	00000013	addi	x0,x0,0	  x0:0x00000000
       11195000	      1118	80002854	00000013	addi	x0,x0,0	  x0:0x00000000
       11205000	      1119	80002858	01d55d93	srli	x27,x10,0x1d	 x10:0xd915f660 x27=0x00000006
       11215000	      1120	8000285c	00540033	add	x0,x8,x5	  x8:0x00000001  x5:0x00000001
       11225000	      1121	80002860	02df4263	blt	x30,x13,80002884	 x30:0x00100000 x13:0x56cc002d
       11235000	      1122	00000000	00000013	addi	x0,x0,0	  x0:0x00000000
       11245000	      1123	80002880	00000013	addi	x0,x0,0	  x0:0x00000000
       11255000	      1124	80002884	02526663	bltu	x4,x5,800028b0	  x4:0x00100297  x5:0x00000001
       11265000	      1125	80002888	0163d3b3	srl	x7,x7,x22	  x7:0xfe400000 x22:0x00000000  x7=0xfe400000
       11275000	      1126	8000288c	00000b33	add	x22,x0,x0	  x0:0x00000000  x0:0x00000000 x22=0x00000000
       11285000	      1127	80002890	878da993	slti	x19,x27,-1928	 x27:0x00000006 x19=0x00000000
       11295000	      1128	80002894	002943b3	xor	x7,x18,x2	 x18:0x7402c000  x2:0x00000001  x7=0x7402c001
       11305000	      1129	80002898	ba02b313	sltiu	x6,x5,-1120	  x5:0x00000001  x6=0x00000001
       11315000	      1130	8000289c	00696733	or	x14,x18,x6	 x18:0x7402c000  x6:0x00000001 x14=0x7402c001
       11325000	      1131	800028a0	40d65593	srai	x11,x12,0xd	 x12:0x56cc072f x11=0x0002b660
       11335000	      1132	800028a4	0016de93	srli	x29,x13,0x1	 x13:0x56cc002d x29=0x2b660016
       11345000	      1133	800028a8	015bb9b3	sltu	x19,x23,x21	 x23:0x00000001 x21:0x263115b8 x19=0x00000001
       11355000	      1134	800028ac	004e20b3	slt	x1,x28,x4	 x28:0x0000ad98  x4:0x00100297  x1=0x00000001
       11365000	      1135	800028b0	02389863	bne	x17,x3,800028e0	 x17:0x80009fc4  x3:0x65977140
       11375000	      1136	00000000	00000013	addi	x0,x0,0	  x0:0x00000000
       11385000	      1137	800028dc	00000013	addi	x0,x0,0	  x0:0x00000000
       11395000	      1138	800028e0	88342913	slti	x18,x8,-1917	  x8:0x00000001 x18=0x00000000
       11405000	      1139	800028e4	1f00d517	auipc	x10,0x1f00d	 x10=0x9f00f8e0
       11415000	      1140	800028e8	016dd7b3	srl	x15,x27,x22	 x27:0x00000006 x22:0x00000000 x15=0x00000006
       11425000	      1141	800028ec	01a6dc13	srli	x24,x13,0x1a	 x13:0x56cc002d x24=0x00000015
       11435000	      1142	800028f0	012b9993	slli	x19,x23,0x12	 x23:0x00000001 x19=0x00040000
       11445000	      1143	800028f4	00000013	addi	x0,x0,0	  x0:0x00000000
       11455000	      1144	800028f8	44135e17	auipc	x28,0x44135	 x28=0xc41378f4
       11465000	      1145	800028fc	a071e013	ori	x0,x3,-1529	  x3:0x65977140
       11475000	      1146	80002900	66397813	andi	x16,x18,1635	 x18:0x00000000 x16=0x00000000
       11485000	      1147	80002904	97e1a713	slti	x14,x3,-1666	  x3:0x65977140 x14=0x00000000
       11495000	      1148	80002908	00777db3	and	x27,x14,x7	 x14:0x00000000  x7:0x7402c001 x27=0x00000000
       11505000	      1149	8000290c	c5541537	lui	x10,0xc5541	 x10=0xc5541000
       11515000	      1150	80002910	8c55c513	xori	x10,x11,-1851	 x11:0x0002b660 x10=0xfffd4ea5
       11525000	      1151	80002914	4768ee93	ori	x29,x17,1142	 x17:0x80009fc4 x29=0x80009ff6
       11535000	      1152	80002918	7d947713	andi	x14,x8,2009	  x8:0x00000001 x14=0x00000001
       11545000	      1153	8000291c	41b605b3	sub	x11,x12,x27	 x12:0x56cc072f x27:0x00000000 x11=0x56cc072f
       11555000	      1154	80002920	00000013	addi	x0,x0,0	  x0:0x00000000
       11565000	      1155	80002924	00300793	addi	x15,x0,3	  x0:0x00000000 x15=0x00000003
       11575000	      1156	80002928	ffa00693	addi	x13,x0,-6	  x0:0x00000000 x13=0xfffffffa
       11585000	      1157	8000292c	26d5e713	ori	x14,x11,621	 x11:0x56cc072f x14=0x56cc076f
       11595000	      1158	80002930	ff778793	addi	x15,x15,-9	 x15:0x00000003 x15=0xfffffffa
       11605000	      1159	80002934	01b062b3	or	x5,x0,x27	  x0:0x00000000 x27:0x00000000  x5=0x00000000
       11615000	      1160	80002938	fed78ae3	beq	x15,x13,8000292c	 x15:0xfffffffa x13:0xfffffffa
       11625000	      1161	00000000	00000013	addi	x0,x0,0	  x0:0x00000000
       11635000	      1162	80002928	00000013	addi	x0,x0,0	  x0:0x00000000
       11645000	      1163	8000292c	26d5e713	ori	x14,x11,621	 x11:0x56cc072f x14=0x56cc076f
       11655000	      1164	80002930	ff778793	addi	x15,x15,-9	 x15:0xfffffffa x15=0xfffffff1
       11665000	      1165	80002934	01b062b3	or	x5,x0,x27	  x0:0x00000000 x27:0x00000000  x5=0x00000000
       11675000	      1166	80002938	fed78ae3	beq	x15,x13,8000292c	 x15:0xfffffff1 x13:0xfffffffa
       11685000	      1167	8000293c	418f5ab3	sra	x21,x30,x24	 x30:0x00100000 x24:0x00000015 x21=0x00000000
       11695000	      1168	80002940	01330c33	add	x24,x6,x19	  x6:0x00000001 x19:0x00040000 x24=0x00040001
       11705000	      1169	80002944	03a0fc63	bgeu	x1,x26,8000297c	  x1:0x00000001 x26:0x00000000
       11715000	      1170	00000000	00000013	addi	x0,x0,0	  x0:0x00000000
       11725000	      1171	80002978	00000013	addi	x0,x0,0	  x0:0x00000000
       11735000	      1172	8000297c	afd39c37	lui	x24,0xafd39	 x24=0xafd39000
       11745000	      1173	80002980	0112d713	srli	x14,x5,0x11	  x5:0x00000000 x14=0x00000000
       11755000	      1174	80002984	4b829d17	auipc	x26,0x4b829	 x26=0xcb82b980
       11765000	      1175	80002988	37326b13	ori	x22,x4,883	  x4:0x00100297 x22=0x001003f7
       11775000	      1176	8000298c	00000013	addi	x0,x0,0	  x0:0x00000000
       11785000	      1177	80002990	ba6c5317	auipc	x6,0xba6c5	  x6=0x3a6c798c
       11795000	      1178	80002994	4003db93	srai	x23,x7,0x0	  x7:0x7402c001 x23=0x7402c001
       11805000	      1179	80002998	37388293	addi	x5,x17,883	 x17:0x80009fc4  x5=0x8000a337
       11815000	      1180	8000299c	01e5e333	or	x6,x11,x30	 x11:0x56cc072f x30:0x00100000  x6=0x56dc072f
       11825000	      1181	800029a0	00b55c33	srl	x24,x10,x11	 x10:0xfffd4ea5 x11:0x56cc072f x24=0x0001fffa
       11835000	      1182	800029a4	6652f013	andi	x0,x5,1637	  x5:0x8000a337
       11845000	      1183	800029a8	01eebc33	sltu	x24,x29,x30	 x29:0x80009ff6 x30:0x00100000 x24=0x00000000
       11855000	      1184	800029ac	01932e33	slt	x28,x6,x25	  x6:0x56dc072f x25:0x00000016 x28=0x00000000
       11865000	      1185	800029b0	02944c63	blt	x8,x9,800029e8	  x8:0x00000001  x9:0x66597714
       11875000	      1186	00000000	00000013	addi	x0,x0,0	  x0:0x00000000
       11885000	      1187	800029e4	00000013	addi	x0,x0,0	  x0:0x00000000
       11895000	      1188	800029e8	3716a413	slti	x8,x13,881	 x13:0xfffffffa  x8=0x00000001
       11905000	      1189	800029ec	00241463	bne	x8,x2,800029f4	  x8:0x00000001  x2:0x00000001
       11915000	      1190	800029f0	00f2c233	xor	x4,x5,x15	  x5:0x8000a337 x15:0xfffffff1  x4=0x7fff5cc6
       11925000	      1191	800029f4	31018a93	addi	x21,x3,784	  x3:0x65977140 x21=0x65977450
       11935000	      1192	800029f8	01583433	sltu	x8,x16,x21	 x16:0x00000000 x21:0x65977450  x8=0x00000001
       11945000	      1193	800029fc	017145b3	xor	x11,x2,x23	  x2:0x00000001 x23:0x7402c001 x11=0x7402c000
       11955000	      1194	80002a00	40250733	sub	x14,x10,x2	 x10:0xfffd4ea5  x2:0x00000001 x14=0xfffd4ea4
       11965000	      1195	80002a04	0574c463	blt	x9,x23,80002a4c	  x9:0x66597714 x23:0x7402c001
       11975000	      1196	00000000	00000013	addi	x0,x0,0	  x0:0x00000000
       11985000	      1197	80002a48	00000013	addi	x0,x0,0	  x0:0x00000000
       11995000	      1198	80002a4c	01be4433	xor	x8,x28,x27	 x28:0x00000000 x27:0x00000000  x8=0x00000000
       12005000	      1199	80002a50	14054c13	xori	x24,x10,320	 x10:0xfffd4ea5 x24=0xfffd4fe5
       12015000	      1200	80002a54	01b09e13	slli	x28,x1,0x1b	  x1:0x00000001 x28=0x08000000
       12025000	      1201	80002a58	62e09eb7	lui	x29,0x62e09	 x29=0x62e09000
       12035000	      1202	80002a5c	076762b7	lui	x5,0x7676	  x5=0x07676000
       12045000	      1203	80002a60	03ad1063	bne	x26,x26,80002a80	 x26:0xcb82b980 x26:0xcb82b980
       12055000	      1204	80002a64	037d6c63	bltu	x26,x23,80002a9c	 x26:0xcb82b980 x23:0x7402c001
       12065000	      1205	80002a68	014c0233	add	x4,x24,x20	 x24:0xfffd4fe5 x20:0x80009ec0  x4=0x7ffdeea5
       12075000	      1206	80002a6c	5659e313	ori	x6,x19,1381	 x19:0x00040000  x6=0x00040565
       12085000	      1207	80002a70	04f38863	beq	x7,x15,80002ac0	  x7:0x7402c001 x15:0xfffffff1
       12095000	      1208	80002a74	ff2faf37	lui	x30,0xff2fa	 x30=0xff2fa000
       12105000	      1209	80002a78	00921f33	sll	x30,x4,x9	  x4:0x7ffdeea5  x9:0x66597714 x30=0xea500000
       12115000	      1210	80002a7c	002b81b3	add	x3,x23,x2	 x23:0x7402c001  x2:0x00000001  x3=0x7402c002
       12125000	      1211	80002a80	03c66c63	bltu	x12,x28,80002ab8	 x12:0x56cc072f x28:0x08000000
       12135000	      1212	80002a84	00fd3833	sltu	x16,x26,x15	 x26:0xcb82b980 x15:0xfffffff1 x16=0x00000001
       12145000	      1213	80002a88	9af67a93	andi	x21,x12,-1617	 x12:0x56cc072f x21=0x56cc012f
       12155000	      1214	80002a8c	02349863	bne	x9,x3,80002abc	  x9:0x66597714  x3:0x7402c002
       12165000	      1215	00000000	00000013	addi	x0,x0,0	  x0:0x00000000
       12175000	      1216	80002ab8	00000013	addi	x0,x0,0	  x0:0x00000000
       12185000	      1217	80002abc	01c5fd33	and	x26,x11,x28	 x11:0x7402c000 x28:0x08000000 x26=0x00000000
       12195000	      1218	80002ac0	41c055b3	sra	x11,x0,x28	  x0:0x00000000 x28:0x08000000 x11=0x00000000
       12205000	      1219	80002ac4	712ea613	slti	x12,x29,1810	 x29:0x62e09000 x12=0x00000000
       12215000	      1220	80002ac8	4269ad93	slti	x27,x19,1062	 x19:0x00040000 x27=0x00000000
       12225000	      1221	80002acc	00f01993	slli	x19,x0,0xf	  x0:0x00000000 x19=0x00000000
       12235000	      1222	80002ad0	360bf613	andi	x12,x23,864	 x23:0x7402c001 x12=0x00000000
       12245000	      1223	80002ad4	41005213	srai	x4,x0,0x10	  x0:0x00000000  x4=0x00000000
       12255000	      1224	80002ad8	222fea93	ori	x21,x31,546	 x31:0x00000000 x21=0x00000222
       12265000	      1225	80002adc	e3bcf393	andi	x7,x25,-453	 x25:0x00000016  x7=0x00000012
       12275000	      1226	80002ae0	001bddb3	srl	x27,x23,x1	 x23:0x7402c001  x1:0x00000001 x27=0x3a016000
       12285000	      1227	80002ae4	01d25d33	srl	x26,x4,x29	  x4:0x00000000 x29:0x62e09000 x26=0x00000000
       12295000	      1228	80002ae8	749de693	ori	x13,x27,1865	 x27:0x3a016000 x13=0x3a016749
       12305000	      1229	80002aec	02845e63	bge	x8,x8,80002b28	  x8:0x00000000  x8:0x00000000
       12315000	      1230	00000000	00000013	addi	x0,x0,0	  x0:0x00000000
       12325000	      1231	80002b24	00000013	addi	x0,x0,0	  x0:0x00000000
       12335000	      1232	80002b28	a266a393	slti	x7,x13,-1498	 x13:0x3a016749  x7=0x00000000
       12345000	      1233	80002b2c	03bb6193	ori	x3,x22,59	 x22:0x001003f7  x3=0x001003ff
       12355000	      1234	80002b30	3971d637	lui	x12,0x3971d	 x12=0x3971d000
       12365000	      1235	80002b34	030c5863	bge	x24,x16,80002b64	 x24:0xfffd4fe5 x16:0x00000001
       12375000	      1236	80002b38	00000013	addi	x0,x0,0	  x0:0x00000000
       12385000	      1237	80002b3c	4117db93	srai	x23,x15,0x11	 x15:0xfffffff1 x23=0xffffffff
       12395000	      1238	80002b40	4001d133	sra	x2,x3,x0	  x3:0x001003ff  x0:0x00000000  x2=0x001003ff
       12405000	      1239	80002b44	c5f1be37	lui	x28,0xc5f1b	 x28=0xc5f1b000
       12415000	      1240	80002b48	01d60a63	beq	x12,x29,80002b5c	 x12:0x3971d000 x29:0x62e09000
       12425000	      1241	80002b4c	00ad22b3	slt	x5,x26,x10	 x26:0x00000000 x10:0xfffd4ea5  x5=0x00000000
       12435000	      1242	80002b50	018bc663	blt	x23,x24,80002b5c	 x23:0xffffffff x24:0xfffd4fe5
       12445000	      1243	80002b54	41745e33	sra	x28,x8,x23	  x8:0x00000000 x23:0xffffffff x28=0x00000000
       12455000	      1244	80002b58	02e0de63	bge	x1,x14,80002b94	  x1:0x00000001 x14:0xfffd4ea4
       12465000	      1245	00000000	00000013	addi	x0,x0,0	  x0:0x00000000
       12475000	      1246	80002b90	00000013	addi	x0,x0,0	  x0:0x00000000
       12485000	      1247	80002b94	fa6c0b97	auipc	x23,0xfa6c0	 x23=0x7a6c2b90
       12495000	      1248	80002b98	41c6deb3	sra	x29,x13,x28	 x13:0x3a016749 x28:0x00000000 x29=0x3a016749
       12505000	      1249	80002b9c	03b00263	beq	x0,x27,80002bc0	  x0:0x00000000 x27:0x3a016000
       12515000	      1250	80002ba0	ca13b793	sltiu	x15,x7,-863	  x7:0x00000000 x15=0x00000001
       12525000	      1251	80002ba4	403407b3	sub	x15,x8,x3	  x8:0x00000000  x3:0x001003ff x15=0xffeffc01
       12535000	      1252	80002ba8	00fc52b3	srl	x5,x24,x15	 x24:0xfffd4fe5 x15:0xffeffc01  x5=0x7ffea7f2
       12545000	      1253	80002bac	01759f93	slli	x31,x11,0x17	 x11:0x00000000 x31=0x00000000
       12555000	      1254	80002bb0	41755d93	srai	x27,x10,0x17	 x10:0xfffd4ea5 x27=0xffffffff
       12565000	      1255	80002bb4	00489a93	slli	x21,x17,0x4	 x17:0x80009fc4 x21=0x0009fc40
       12575000	      1256	80002bb8	00695a93	srli	x21,x18,0x6	 x18:0x00000000 x21=0x00000000
       12585000	      1257	80002bbc	00b22633	slt	x12,x4,x11	  x4:0x00000000 x11:0x00000000 x12=0x00000000
       12595000	      1258	80002bc0	cb026c93	ori	x25,x4,-848	  x4:0x00000000 x25=0xfffffcb0
       12605000	      1259	80002bc4	011027b3	slt	x15,x0,x17	  x0:0x00000000 x17:0x80009fc4 x15=0x00000000
       12615000	      1260	80002bc8	017c81b3	add	x3,x25,x23	 x25:0xfffffcb0 x23:0x7a6c2b90  x3=0x7a6c2840
       12625000	      1261	80002bcc	00fa6ab3	or	x21,x20,x15	 x20:0x80009ec0 x15:0x00000000 x21=0x80009ec0
       12635000	      1262	80002bd0	b54b7813	andi	x16,x22,-1196	 x22:0x001003f7 x16=0x00100354
       12645000	      1263	80002bd4	40545213	srai	x4,x8,0x5	  x8:0x00000000  x4=0x00000000
       12655000	      1264	80002bd8	410c5b33	sra	x22,x24,x16	 x24:0xfffd4fe5 x16:0x00100354 x22=0xffffffff
       12665000	      1265	80002bdc	004a2c03	lw	x24,4(x20)	 x20:0x80009ec0 x24=0x80000430 PA:0x80009ec4
       12675000	      1266	80002be0	024a0a13	addi	x20,x20,36	 x20:0x80009ec0 x20=0x80009ee4
       12685000	      1267	80002be4	01441233	sll	x4,x8,x20	  x8:0x00000000 x20:0x80009ee4  x4=0x00000000
       12695000	      1268	80002be8	00be6fb3	or	x31,x28,x11	 x28:0x00000000 x11:0x00000000 x31=0x00000000
       12705000	      1269	80002bec	00ea5613	srli	x12,x20,0xe	 x20:0x80009ee4 x12=0x00020002
       12715000	      1270	80002bf0	69dec513	xori	x10,x29,1693	 x29:0x3a016749 x10=0x3a0161d4
       12725000	      1271	80002bf4	00161cb3	sll	x25,x12,x1	 x12:0x00020002  x1:0x00000001 x25=0x00040004
       12735000	      1272	80002bf8	000c0b93	addi	x23,x24,0	 x24:0x80000430 x23=0x80000430
       12745000	      1273	80002bfc	000b8be7	jalr	x23,x23,0	 x23:0x80000430 x23=0x80002bfc
       12755000	      1274	00000000	00000013	addi	x0,x0,0	  x0:0x00000000
       12765000	      1275	80000430	00000013	addi	x0,x0,0	  x0:0x00000000
       12775000	      1276	80000434	018c5013	srli	x0,x24,0x18	 x24:0x80000430
       12785000	      1277	80000438	87bc4637	lui	x12,0x87bc4	 x12=0x87bc4000
       12795000	      1278	8000043c	00130f33	add	x30,x6,x1	  x6:0x00040565  x1:0x00000001 x30=0x00040566
       12805000	      1279	80000440	01ebea63	bltu	x23,x30,80000454	 x23:0x80002bfc x30:0x00040566
       12815000	      1280	80000444	40afd133	sra	x2,x31,x10	 x31:0x00000000 x10:0x3a0161d4  x2=0x00000000
       12825000	      1281	80000448	0037e463	bltu	x15,x3,80000450	 x15:0x00000000  x3:0x7a6c2840
       12835000	      1282	00000000	00000013	addi	x0,x0,0	  x0:0x00000000
       12845000	      1283	8000044c	00000013	addi	x0,x0,0	  x0:0x00000000
       12855000	      1284	80000450	034a0063	beq	x20,x20,80000470	 x20:0x80009ee4 x20:0x80009ee4
       12865000	      1285	00000000	00000013	addi	x0,x0,0	  x0:0x00000000
       12875000	      1286	8000046c	00000013	addi	x0,x0,0	  x0:0x00000000
       12885000	      1287	80000470	00be1433	sll	x8,x28,x11	 x28:0x00000000 x11:0x00000000  x8=0x00000000
       12895000	      1288	80000474	1f937613	andi	x12,x6,505	  x6:0x00040565 x12=0x00000161
       12905000	      1289	80000478	0a962e13	slti	x28,x12,169	 x12:0x00000161 x28=0x00000000
       12915000	      1290	8000047c	1cd7e313	ori	x6,x15,461	 x15:0x00000000  x6=0x000001cd
       12925000	      1291	80000480	9d81a793	slti	x15,x3,-1576	  x3:0x7a6c2840 x15=0x00000000
       12935000	      1292	80000484	00139613	slli	x12,x7,0x1	  x7:0x00000000 x12=0x00000000
       12945000	      1293	80000488	19665017	auipc	x0,0x19665	
       12955000	      1294	8000048c	9c307817	auipc	x16,0x9c307	 x16=0x1c307488
       12965000	      1295	80000490	f57cf213	andi	x4,x25,-169	 x25:0x00040004  x4=0x00040004
       12975000	      1296	80000494	012a2ab3	slt	x21,x20,x18	 x20:0x80009ee4 x18:0x00000000 x21=0x00000001
       12985000	      1297	80000498	410c5cb3	sra	x25,x24,x16	 x24:0x80000430 x16:0x1c307488 x25=0xff800004
       12995000	      1298	8000049c	01427d33	and	x26,x4,x20	  x4:0x00040004 x20:0x80009ee4 x26=0x00000004
       13005000	      1299	800004a0	01be1093	slli	x1,x28,0x1b	 x28:0x00000000  x1=0x00000000
       13015000	      1300	800004a4	8673b193	sltiu	x3,x7,-1945	  x7:0x00000000  x3=0x00000001
       13025000	      1301	800004a8	00801bb3	sll	x23,x0,x8	  x0:0x00000000  x8:0x00000000 x23=0x00000000
       13035000	      1302	800004ac	c29ace93	xori	x29,x21,-983	 x21:0x00000001 x29=0xfffffc28
       13045000	      1303	800004b0	3ff56e13	ori	x28,x10,1023	 x10:0x3a0161d4 x28=0x3a0163ff
       13055000	      1304	800004b4	01cc4633	xor	x12,x24,x28	 x24:0x80000430 x28:0x3a0163ff x12=0xba0167cf
       13065000	      1305	800004b8	00000013	addi	x0,x0,0	  x0:0x00000000
       13075000	      1306	800004bc	004a2c03	lw	x24,4(x20)	 x20:0x80009ee4 x24=0x80000530 PA:0x80009ee8
       13085000	      1307	800004c0	024a0a13	addi	x20,x20,36	 x20:0x80009ee4 x20=0x80009f08
       13095000	      1308	800004c4	019c0e33	add	x28,x24,x25	 x24:0x80000530 x25:0xff800004 x28=0x7f800534
       13105000	      1309	800004c8	00afcab3	xor	x21,x31,x10	 x31:0x00000000 x10:0x3a0161d4 x21=0x3a0161d4
       13115000	      1310	800004cc	000c0e93	addi	x29,x24,0	 x24:0x80000530 x29=0x80000530
       13125000	      1311	800004d0	000e8ee7	jalr	x29,x29,0	 x29:0x80000530 x29=0x800004d0
       13135000	      1312	00000000	00000013	addi	x0,x0,0	  x0:0x00000000
       13145000	      1313	80000530	00000013	addi	x0,x0,0	  x0:0x00000000
       13155000	      1314	80000534	00300793	addi	x15,x0,3	  x0:0x00000000 x15=0x00000003
       13165000	      1315	80000538	3326e313	ori	x6,x13,818	 x13:0x3a016749  x6=0x3a01677b
       13175000	      1316	8000053c	016de0b3	or	x1,x27,x22	 x27:0xffffffff x22:0xffffffff  x1=0xffffffff
       13185000	      1317	80000540	01d1efb3	or	x31,x3,x29	  x3:0x00000001 x29:0x800004d0 x31=0x800004d1
       13195000	      1318	80000544	00e681b3	add	x3,x13,x14	 x13:0x3a016749 x14:0xfffd4ea4  x3=0x39feb5ed
       13205000	      1319	80000548	01b883b3	add	x7,x17,x27	 x17:0x80009fc4 x27:0xffffffff  x7=0x80009fc3
       13215000	      1320	8000054c	01f20333	add	x6,x4,x31	  x4:0x00040004 x31:0x800004d1  x6=0x800404d5
       13225000	      1321	80000550	00200993	addi	x19,x0,2	  x0:0x00000000 x19=0x00000002
       13235000	      1322	80000554	0096ee33	or	x28,x13,x9	 x13:0x3a016749  x9:0x66597714 x28=0x7e59775d
       13245000	      1323	80000558	fff78793	addi	x15,x15,-1	 x15:0x00000003 x15=0x00000002
       13255000	      1324	8000055c	1aad5397	auipc	x7,0x1aad5	  x7=0x9aad5558
       13265000	      1325	80000560	41a78b33	sub	x22,x15,x26	 x15:0x00000002 x26:0x00000004 x22=0xfffffffe
       13275000	      1326	80000564	00000013	addi	x0,x0,0	  x0:0x00000000
       13285000	      1327	80000568	ffd00713	addi	x14,x0,-3	  x0:0x00000000 x14=0xfffffffd
       13295000	      1328	8000056c	6f2c8093	addi	x1,x25,1778	 x25:0xff800004  x1=0xff8006f6
       13305000	      1329	80000570	00a00813	addi	x16,x0,10	  x0:0x00000000 x16=0x0000000a
       13315000	      1330	80000574	00ca90b3	sll	x1,x21,x12	 x21:0x3a0161d4 x12:0xba0167cf  x1=0xb0ea0000
       13325000	      1331	80000578	01fb33b3	sltu	x7,x22,x31	 x22:0xfffffffe x31:0x800004d1  x7=0x00000000
       13335000	      1332	8000057c	59c6b617	auipc	x12,0x59c6b	 x12=0xd9c6b578
       13345000	      1333	80000580	003df633	and	x12,x27,x3	 x27:0xffffffff  x3:0x39feb5ed x12=0x39feb5ed
       13355000	      1334	80000584	011575b3	and	x11,x10,x17	 x10:0x3a0161d4 x17:0x80009fc4 x11=0x000001c4
       13365000	      1335	80000588	00270713	addi	x14,x14,2	 x14:0xfffffffd x14=0xffffffff
       13375000	      1336	8000058c	ff0768e3	bltu	x14,x16,8000057c	 x14:0xffffffff x16:0x0000000a
       13385000	      1337	80000590	01e39b33	sll	x22,x7,x30	  x7:0x00000000 x30:0x00040566 x22=0x00000000
       13395000	      1338	80000594	fd37f0e3	bgeu	x15,x19,80000554	 x15:0x00000002 x19:0x00000002
       13405000	      1339	00000000	00000013	addi	x0,x0,0	  x0:0x00000000
       13415000	      1340	80000550	00000013	addi	x0,x0,0	  x0:0x00000000
       13425000	      1341	80000554	0096ee33	or	x28,x13,x9	 x13:0x3a016749  x9:0x66597714 x28=0x7e59775d
       13435000	      1342	80000558	fff78793	addi	x15,x15,-1	 x15:0x00000002 x15=0x00000001
       13445000	      1343	8000055c	1aad5397	auipc	x7,0x1aad5	  x7=0x9aad5558
       13455000	      1344	80000560	41a78b33	sub	x22,x15,x26	 x15:0x00000001 x26:0x00000004 x22=0xfffffffd
       13465000	      1345	80000564	00000013	addi	x0,x0,0	  x0:0x00000000
       13475000	      1346	80000568	ffd00713	addi	x14,x0,-3	  x0:0x00000000 x14=0xfffffffd
       13485000	      1347	8000056c	6f2c8093	addi	x1,x25,1778	 x25:0xff800004  x1=0xff8006f6
       13495000	      1348	80000570	00a00813	addi	x16,x0,10	  x0:0x00000000 x16=0x0000000a
       13505000	      1349	80000574	00ca90b3	sll	x1,x21,x12	 x21:0x3a0161d4 x12:0x39feb5ed  x1=0x2c3a8000
       13515000	      1350	80000578	01fb33b3	sltu	x7,x22,x31	 x22:0xfffffffd x31:0x800004d1  x7=0x00000000
       13525000	      1351	8000057c	59c6b617	auipc	x12,0x59c6b	 x12=0xd9c6b578
       13535000	      1352	80000580	003df633	and	x12,x27,x3	 x27:0xffffffff  x3:0x39feb5ed x12=0x39feb5ed
       13545000	      1353	80000584	011575b3	and	x11,x10,x17	 x10:0x3a0161d4 x17:0x80009fc4 x11=0x000001c4
       13555000	      1354	80000588	00270713	addi	x14,x14,2	 x14:0xfffffffd x14=0xffffffff
       13565000	      1355	8000058c	ff0768e3	bltu	x14,x16,8000057c	 x14:0xffffffff x16:0x0000000a
       13575000	      1356	80000590	01e39b33	sll	x22,x7,x30	  x7:0x00000000 x30:0x00040566 x22=0x00000000
       13585000	      1357	80000594	fd37f0e3	bgeu	x15,x19,80000554	 x15:0x00000001 x19:0x00000002
       13595000	      1358	80000598	40a0d913	srai	x18,x1,0xa	  x1:0x2c3a8000 x18=0x000b0ea0
       13605000	      1359	8000059c	00300313	addi	x6,x0,3	  x0:0x00000000  x6=0x00000003
       13615000	      1360	800005a0	01db9b33	sll	x22,x23,x29	 x23:0x00000000 x29:0x800004d0 x22=0x00000000
       13625000	      1361	800005a4	8f62db37	lui	x22,0x8f62d	 x22=0x8f62d000
       13635000	      1362	800005a8	00b722b3	slt	x5,x14,x11	 x14:0xffffffff x11:0x000001c4  x5=0x00000001
       13645000	      1363	800005ac	00500513	addi	x10,x0,5	  x0:0x00000000 x10=0x00000005
       13655000	      1364	800005b0	8cfe3113	sltiu	x2,x28,-1841	 x28:0x7e59775d  x2=0x00000001
       13665000	      1365	800005b4	85900b93	addi	x23,x0,-1959	  x0:0x00000000 x23=0xfffff859
       13675000	      1366	800005b8	009b37b3	sltu	x15,x22,x9	 x22:0x8f62d000  x9:0x66597714 x15=0x00000000
       13685000	      1367	800005bc	00bfb7b3	sltu	x15,x31,x11	 x31:0x800004d1 x11:0x000001c4 x15=0x00000000
       13695000	      1368	800005c0	01441413	slli	x8,x8,0x14	  x8:0x00000000  x8=0x00000000
       13705000	      1369	800005c4	00130313	addi	x6,x6,1	  x6:0x00000003  x6=0x00000004
       13715000	      1370	800005c8	00600393	addi	x7,x0,6	  x0:0x00000000  x7=0x00000006
       13725000	      1371	800005cc	b5d0db37	lui	x22,0xb5d0d	 x22=0xb5d0d000
       13735000	      1372	800005d0	012a4fb3	xor	x31,x20,x18	 x20:0x80009f08 x18:0x000b0ea0 x31=0x800b91a8
       13745000	      1373	800005d4	6a6b2693	slti	x13,x22,1702	 x22:0xb5d0d000 x13=0x00000001
       13755000	      1374	800005d8	f81c0d13	addi	x26,x24,-127	 x24:0x80000530 x26=0x800004b1
       13765000	      1375	800005dc	21620413	addi	x8,x4,534	  x4:0x00040004  x8=0x0004021a
       13775000	      1376	800005e0	01ebe5b3	or	x11,x23,x30	 x23:0xfffff859 x30:0x00040566 x11=0xfffffd7f
       13785000	      1377	800005e4	003dfab3	and	x21,x27,x3	 x27:0xffffffff  x3:0x39feb5ed x21=0x39feb5ed
       13795000	      1378	800005e8	00a722b3	slt	x5,x14,x10	 x14:0xffffffff x10:0x00000005  x5=0x00000001
       13805000	      1379	800005ec	405a5fb3	sra	x31,x20,x5	 x20:0x80009f08  x5:0x00000001 x31=0xc0004f84
       13815000	      1380	800005f0	01400613	addi	x12,x0,20	  x0:0x00000000 x12=0x00000014
       13825000	      1381	800005f4	00ff1993	slli	x19,x30,0xf	 x30:0x00040566 x19=0x02b30000
       13835000	      1382	800005f8	00d5f6b3	and	x13,x11,x13	 x11:0xfffffd7f x13:0x00000001 x13=0x00000001
       13845000	      1383	800005fc	d157bd13	sltiu	x26,x15,-747	 x15:0x00000000 x26=0x00000001
       13855000	      1384	80000600	01c526b3	slt	x13,x10,x28	 x10:0x00000005 x28:0x7e59775d x13=0x00000001
       13865000	      1385	80000604	5a98aab7	lui	x21,0x5a98a	 x21=0x5a98a000
       13875000	      1386	80000608	00000013	addi	x0,x0,0	  x0:0x00000000
       13885000	      1387	8000060c	00738393	addi	x7,x7,7	  x7:0x00000006  x7=0x0000000d
       13895000	      1388	80000610	01b17033	and	x0,x2,x27	  x2:0x00000001 x27:0xffffffff
       13905000	      1389	80000614	fec388e3	beq	x7,x12,80000604	  x7:0x0000000d x12:0x00000014
       13915000	      1390	80000618	98772c93	slti	x25,x14,-1657	 x14:0xffffffff x25=0x00000000
       13925000	      1391	8000061c	014b6bb3	or	x23,x22,x20	 x22:0xb5d0d000 x20:0x80009f08 x23=0xb5d0df08
       13935000	      1392	80000620	f8a36ce3	bltu	x6,x10,800005b8	  x6:0x00000004 x10:0x00000005
       13945000	      1393	00000000	00000013	addi	x0,x0,0	  x0:0x00000000
       13955000	      1394	800005b4	00000013	addi	x0,x0,0	  x0:0x00000000
       13965000	      1395	800005b8	009b37b3	sltu	x15,x22,x9	 x22:0xb5d0d000  x9:0x66597714 x15=0x00000000
       13975000	      1396	800005bc	00bfb7b3	sltu	x15,x31,x11	 x31:0xc0004f84 x11:0xfffffd7f x15=0x00000001
       13985000	      1397	800005c0	01441413	slli	x8,x8,0x14	  x8:0x0004021a  x8=0x21a00000
       13995000	      1398	800005c4	00130313	addi	x6,x6,1	  x6:0x00000004  x6=0x00000005
       14005000	      1399	800005c8	00600393	addi	x7,x0,6	  x0:0x00000000  x7=0x00000006
       14015000	      1400	800005cc	b5d0db37	lui	x22,0xb5d0d	 x22=0xb5d0d000
       14025000	      1401	800005d0	012a4fb3	xor	x31,x20,x18	 x20:0x80009f08 x18:0x000b0ea0 x31=0x800b91a8
       14035000	      1402	800005d4	6a6b2693	slti	x13,x22,1702	 x22:0xb5d0d000 x13=0x00000001
       14045000	      1403	800005d8	f81c0d13	addi	x26,x24,-127	 x24:0x80000530 x26=0x800004b1
       14055000	      1404	800005dc	21620413	addi	x8,x4,534	  x4:0x00040004  x8=0x0004021a
       14065000	      1405	800005e0	01ebe5b3	or	x11,x23,x30	 x23:0xb5d0df08 x30:0x00040566 x11=0xb5d4df6e
       14075000	      1406	800005e4	003dfab3	and	x21,x27,x3	 x27:0xffffffff  x3:0x39feb5ed x21=0x39feb5ed
       14085000	      1407	800005e8	00a722b3	slt	x5,x14,x10	 x14:0xffffffff x10:0x00000005  x5=0x00000001
       14095000	      1408	800005ec	405a5fb3	sra	x31,x20,x5	 x20:0x80009f08  x5:0x00000001 x31=0xc0004f84
       14105000	      1409	800005f0	01400613	addi	x12,x0,20	  x0:0x00000000 x12=0x00000014
       14115000	      1410	800005f4	00ff1993	slli	x19,x30,0xf	 x30:0x00040566 x19=0x02b30000
       14125000	      1411	800005f8	00d5f6b3	and	x13,x11,x13	 x11:0xb5d4df6e x13:0x00000001 x13=0x00000000
       14135000	      1412	800005fc	d157bd13	sltiu	x26,x15,-747	 x15:0x00000001 x26=0x00000001
       14145000	      1413	80000600	01c526b3	slt	x13,x10,x28	 x10:0x00000005 x28:0x7e59775d x13=0x00000001
       14155000	      1414	80000604	5a98aab7	lui	x21,0x5a98a	 x21=0x5a98a000
       14165000	      1415	80000608	00000013	addi	x0,x0,0	  x0:0x00000000
       14175000	      1416	8000060c	00738393	addi	x7,x7,7	  x7:0x00000006  x7=0x0000000d
       14185000	      1417	80000610	01b17033	and	x0,x2,x27	  x2:0x00000001 x27:0xffffffff
       14195000	      1418	80000614	fec388e3	beq	x7,x12,80000604	  x7:0x0000000d x12:0x00000014
       14205000	      1419	80000618	98772c93	slti	x25,x14,-1657	 x14:0xffffffff x25=0x00000000
       14215000	      1420	8000061c	014b6bb3	or	x23,x22,x20	 x22:0xb5d0d000 x20:0x80009f08 x23=0xb5d0df08
       14225000	      1421	80000620	f8a36ce3	bltu	x6,x10,800005b8	  x6:0x00000005 x10:0x00000005
       14235000	      1422	80000624	0007c833	xor	x16,x15,x0	 x15:0x00000001  x0:0x00000000 x16=0x00000001
       14245000	      1423	80000628	00900f93	addi	x31,x0,9	  x0:0x00000000 x31=0x00000009
       14255000	      1424	8000062c	419e5d33	sra	x26,x28,x25	 x28:0x7e59775d x25:0x00000000 x26=0x7e59775d
       14265000	      1425	80000630	938c6017	auipc	x0,0x938c6	
       14275000	      1426	80000634	2cca4a93	xori	x21,x20,716	 x20:0x80009f08 x21=0x80009dc4
       14285000	      1427	80000638	01adccb3	xor	x25,x27,x26	 x27:0xffffffff x26:0x7e59775d x25=0x81a688a2
       14295000	      1428	8000063c	00900713	addi	x14,x0,9	  x0:0x00000000 x14=0x00000009
       14305000	      1429	80000640	018c5133	srl	x2,x24,x24	 x24:0x80000530 x24:0x80000530  x2=0x00008000
       14315000	      1430	80000644	0efff213	andi	x4,x31,239	 x31:0x00000009  x4=0x00000009
       14325000	      1431	80000648	fc6b2693	slti	x13,x22,-58	 x22:0xb5d0d000 x13=0x00000001
       14335000	      1432	8000064c	19ebba93	sltiu	x21,x23,414	 x23:0xb5d0df08 x21=0x00000000
       14345000	      1433	80000650	401c5113	srai	x2,x24,0x1	 x24:0x80000530  x2=0xc0000298
       14355000	      1434	80000654	41f681b3	sub	x3,x13,x31	 x13:0x00000001 x31:0x00000009  x3=0xfffffff8
       14365000	      1435	80000658	cc5a3b93	sltiu	x23,x20,-827	 x20:0x80009f08 x23=0x00000001
       14375000	      1436	8000065c	ff8f8f93	addi	x31,x31,-8	 x31:0x00000009 x31=0x00000001
       14385000	      1437	80000660	15efbb97	auipc	x23,0x15efb	 x23=0x95efb65c
       14395000	      1438	80000664	019faeb3	slt	x29,x31,x25	 x31:0x00000001 x25:0x81a688a2 x29=0x00000000
       14405000	      1439	80000668	7f3f8613	addi	x12,x31,2035	 x31:0x00000001 x12=0x000007f4
       14415000	      1440	8000066c	010db133	sltu	x2,x27,x16	 x27:0xffffffff x16:0x00000001  x2=0x00000000
       14425000	      1441	80000670	15a64337	lui	x6,0x15a64	  x6=0x15a64000
       14435000	      1442	80000674	eef47393	andi	x7,x8,-273	  x8:0x0004021a  x7=0x0004020a
       14445000	      1443	80000678	fceff6e3	bgeu	x31,x14,80000644	 x31:0x00000001 x14:0x00000009
       14455000	      1444	8000067c	42b12413	slti	x8,x2,1067	  x2:0x00000000  x8=0x00000001
       14465000	      1445	80000680	00700f13	addi	x30,x0,7	  x0:0x00000000 x30=0x00000007
       14475000	      1446	80000684	01c39433	sll	x8,x7,x28	  x7:0x0004020a x28:0x7e59775d  x8=0x40000000
       14485000	      1447	80000688	002da833	slt	x16,x27,x2	 x27:0xffffffff  x2:0x00000000 x16=0x00000001
       14495000	      1448	8000068c	26082213	slti	x4,x16,608	 x16:0x00000001  x4=0x00000001
       14505000	      1449	80000690	00900513	addi	x10,x0,9	  x0:0x00000000 x10=0x00000009
       14515000	      1450	80000694	0082cbb3	xor	x23,x5,x8	  x5:0x00000001  x8:0x40000000 x23=0x40000001
       14525000	      1451	80000698	3d03ef93	ori	x31,x7,976	  x7:0x0004020a x31=0x000403da
       14535000	      1452	8000069c	018df833	and	x16,x27,x24	 x27:0xffffffff x24:0x80000530 x16=0x80000530
       14545000	      1453	800006a0	015e9293	slli	x5,x29,0x15	 x29:0x00000000  x5=0x00000000
       14555000	      1454	800006a4	56abc137	lui	x2,0x56abc	  x2=0x56abc000
       14565000	      1455	800006a8	00af0f13	addi	x30,x30,10	 x30:0x00000007 x30=0x00000011
       14575000	      1456	800006ac	010adfb3	srl	x31,x21,x16	 x21:0x00000000 x16:0x80000530 x31=0x00000000
       14585000	      1457	800006b0	00900c13	addi	x24,x0,9	  x0:0x00000000 x24=0x00000009
       14595000	      1458	800006b4	41235633	sra	x12,x6,x18	  x6:0x15a64000 x18:0x000b0ea0 x12=0x15a64000
       14605000	      1459	800006b8	00800b13	addi	x22,x0,8	  x0:0x00000000 x22=0x00000008
       14615000	      1460	800006bc	0153ceb3	xor	x29,x7,x21	  x7:0x0004020a x21:0x00000000 x29=0x0004020a
       14625000	      1461	800006c0	85ff8f93	addi	x31,x31,-1953	 x31:0x00000000 x31=0xfffff85f
       14635000	      1462	800006c4	4166d3b3	sra	x7,x13,x22	 x13:0x00000001 x22:0x00000008  x7=0x00000000
       14645000	      1463	800006c8	ffbc0c13	addi	x24,x24,-5	 x24:0x00000009 x24=0x00000004
       14655000	      1464	800006cc	001b9e93	slli	x29,x23,0x1	 x23:0x40000001 x29=0x80000002
       14665000	      1465	800006d0	41638ab3	sub	x21,x7,x22	  x7:0x00000000 x22:0x00000008 x21=0xfffffff8
       14675000	      1466	800006d4	ff6c74e3	bgeu	x24,x22,800006bc	 x24:0x00000004 x22:0x00000008
       14685000	      1467	800006d8	b43bb993	sltiu	x19,x23,-1213	 x23:0x40000001 x19=0x00000001
       14695000	      1468	800006dc	677d0e93	addi	x29,x26,1655	 x26:0x7e59775d x29=0x7e597dd4
       14705000	      1469	800006e0	010de833	or	x16,x27,x16	 x27:0xffffffff x16:0x80000530 x16=0xffffffff
       14715000	      1470	800006e4	16b3cd37	lui	x26,0x16b3c	 x26=0x16b3c000
       14725000	      1471	800006e8	89040a93	addi	x21,x8,-1904	  x8:0x40000000 x21=0x3ffff890
       14735000	      1472	800006ec	faaf68e3	bltu	x30,x10,8000069c	 x30:0x00000011 x10:0x00000009
       14745000	      1473	800006f0	3cf07597	auipc	x11,0x3cf07	 x11=0xbcf076ec
       14755000	      1474	800006f4	ffd00b93	addi	x23,x0,-3	  x0:0x00000000 x23=0xfffffffd
       14765000	      1475	800006f8	00700093	addi	x1,x0,7	  x0:0x00000000  x1=0x00000007
       14775000	      1476	800006fc	90f78d97	auipc	x27,0x90f78	 x27=0x10f786f8
       14785000	      1477	80000700	b0df2913	slti	x18,x30,-1267	 x30:0x00000011 x18=0x00000000
       14795000	      1478	80000704	54148e13	addi	x28,x9,1345	  x9:0x66597714 x28=0x66597c55
       14805000	      1479	80000708	002d9d33	sll	x26,x27,x2	 x27:0x10f786f8  x2:0x56abc000 x26=0x10f786f8
       14815000	      1480	8000070c	73a00693	addi	x13,x0,1850	  x0:0x00000000 x13=0x0000073a
       14825000	      1481	80000710	7dea0793	addi	x15,x20,2014	 x20:0x80009f08 x15=0x8000a6e6
       14835000	      1482	80000714	db3de593	ori	x11,x27,-589	 x27:0x10f786f8 x11=0xfffffffb
       14845000	      1483	80000718	0360cb13	xori	x22,x1,54	  x1:0x00000007 x22=0x00000031
       14855000	      1484	8000071c	00000013	addi	x0,x0,0	  x0:0x00000000
       14865000	      1485	80000720	006d8533	add	x10,x27,x6	 x27:0x10f786f8  x6:0x15a64000 x10=0x269dc6f8
       14875000	      1486	80000724	00ab8b93	addi	x23,x23,10	 x23:0xfffffffd x23=0x00000007
       14885000	      1487	80000728	dd908e93	addi	x29,x1,-551	  x1:0x00000007 x29=0xfffffde0
       14895000	      1488	8000072c	ffc00c13	addi	x24,x0,-4	  x0:0x00000000 x24=0xfffffffc
       14905000	      1489	80000730	00cd9fb3	sll	x31,x27,x12	 x27:0x10f786f8 x12:0x15a64000 x31=0x10f786f8
       14915000	      1490	80000734	00900993	addi	x19,x0,9	  x0:0x00000000 x19=0x00000009
       14925000	      1491	80000738	008862b3	or	x5,x16,x8	 x16:0xffffffff  x8:0x40000000  x5=0xffffffff
       14935000	      1492	8000073c	019a75b3	and	x11,x20,x25	 x20:0x80009f08 x25:0x81a688a2 x11=0x80008800
       14945000	      1493	80000740	41105ab3	sra	x21,x0,x17	  x0:0x00000000 x17:0x80009fc4 x21=0x00000000
       14955000	      1494	80000744	7b1a3113	sltiu	x2,x20,1969	 x20:0x80009f08  x2=0x00000000
       14965000	      1495	80000748	0082ce33	xor	x28,x5,x8	  x5:0xffffffff  x8:0x40000000 x28=0xbfffffff
       14975000	      1496	8000074c	007c0c13	addi	x24,x24,7	 x24:0xfffffffc x24=0x00000003
       14985000	      1497	80000750	00945793	srli	x15,x8,0x9	  x8:0x40000000 x15=0x00200000
       14995000	      1498	80000754	41295eb3	sra	x29,x18,x18	 x18:0x00000000 x18:0x00000000 x29=0x00000000
       15005000	      1499	80000758	0161de93	srli	x29,x3,0x16	  x3:0xfffffff8 x29=0x000003ff
       15015000	      1500	8000075c	ff3c64e3	bltu	x24,x19,80000744	 x24:0x00000003 x19:0x00000009
       15025000	      1501	00000000	00000013	addi	x0,x0,0	  x0:0x00000000
       15035000	      1502	80000740	00000013	addi	x0,x0,0	  x0:0x00000000
       15045000	      1503	80000744	7b1a3113	sltiu	x2,x20,1969	 x20:0x80009f08  x2=0x00000000
       15055000	      1504	80000748	0082ce33	xor	x28,x5,x8	  x5:0xffffffff  x8:0x40000000 x28=0xbfffffff
       15065000	      1505	8000074c	007c0c13	addi	x24,x24,7	 x24:0x00000003 x24=0x0000000a
       15075000	      1506	80000750	00945793	srli	x15,x8,0x9	  x8:0x40000000 x15=0x00200000
       15085000	      1507	80000754	41295eb3	sra	x29,x18,x18	 x18:0x00000000 x18:0x00000000 x29=0x00000000
       15095000	      1508	80000758	0161de93	srli	x29,x3,0x16	  x3:0xfffffff8 x29=0x000003ff
       15105000	      1509	8000075c	ff3c64e3	bltu	x24,x19,80000744	 x24:0x0000000a x19:0x00000009
       15115000	      1510	80000760	00ebc133	xor	x2,x23,x14	 x23:0x00000007 x14:0x00000009  x2=0x0000000e
       15125000	      1511	80000764	01c742b3	xor	x5,x14,x28	 x14:0x00000009 x28:0xbfffffff  x5=0xbffffff6
       15135000	      1512	80000768	41edc593	xori	x11,x27,1054	 x27:0x10f786f8 x11=0x10f782e6
       15145000	      1513	8000076c	01879b13	slli	x22,x15,0x18	 x15:0x00200000 x22=0x00000000
       15155000	      1514	80000770	fa1b96e3	bne	x23,x1,8000071c	 x23:0x00000007  x1:0x00000007
       15165000	      1515	80000774	cf6af013	andi	x0,x21,-778	 x21:0x00000000
       15175000	      1516	80000778	75aa3eb7	lui	x29,0x75aa3	 x29=0x75aa3000
       15185000	      1517	8000077c	00000013	addi	x0,x0,0	  x0:0x00000000
       15195000	      1518	80000780	0377d463	bge	x15,x23,800007a8	 x15:0x00200000 x23:0x00000007
       15205000	      1519	00000000	00000013	addi	x0,x0,0	  x0:0x00000000
       15215000	      1520	800007a4	00000013	addi	x0,x0,0	  x0:0x00000000
       15225000	      1521	800007a8	02aece63	blt	x29,x10,800007e4	 x29:0x75aa3000 x10:0x269dc6f8
       15235000	      1522	800007ac	b54ae113	ori	x2,x21,-1196	 x21:0x00000000  x2=0xfffffb54
       15245000	      1523	800007b0	00a5dd13	srli	x26,x11,0xa	 x11:0x10f782e6 x26=0x00043de0
       15255000	      1524	800007b4	009192b3	sll	x5,x3,x9	  x3:0xfffffff8  x9:0x66597714  x5=0xff800000
       15265000	      1525	800007b8	d2ce0c13	addi	x24,x28,-724	 x28:0xbfffffff x24=0xbffffd2b
       15275000	      1526	800007bc	011d2633	slt	x12,x26,x17	 x26:0x00043de0 x17:0x80009fc4 x12=0x00000000
       15285000	      1527	800007c0	41eb8db3	sub	x27,x23,x30	 x23:0x00000007 x30:0x00000011 x27=0xfffffff6
       15295000	      1528	800007c4	01a08db3	add	x27,x1,x26	  x1:0x00000007 x26:0x00043de0 x27=0x00043de7
       15305000	      1529	800007c8	03eef863	bgeu	x29,x30,800007f8	 x29:0x75aa3000 x30:0x00000011
       15315000	      1530	00000000	00000013	addi	x0,x0,0	  x0:0x00000000
       15325000	      1531	800007f4	00000013	addi	x0,x0,0	  x0:0x00000000
       15335000	      1532	800007f8	7e07fd97	auipc	x27,0x7e07f	 x27=0xfe07f7f4
       15345000	      1533	800007fc	b5f7b513	sltiu	x10,x15,-1185	 x15:0x00200000 x10=0x00000001
       15355000	      1534	80000800	0237da63	bge	x15,x3,80000834	 x15:0x00200000  x3:0xfffffff8
       15365000	      1535	00000000	00000013	addi	x0,x0,0	  x0:0x00000000
       15375000	      1536	80000830	00000013	addi	x0,x0,0	  x0:0x00000000
       15385000	      1537	80000834	40e10733	sub	x14,x2,x14	  x2:0xfffffb54 x14:0x00000009 x14=0xfffffb4b
       15395000	      1538	80000838	60047d37	lui	x26,0x60047	 x26=0x60047000
       15405000	      1539	8000083c	019e1eb3	sll	x29,x28,x25	 x28:0xbfffffff x25:0x81a688a2 x29=0xfffffffc
       15415000	      1540	80000840	00891233	sll	x4,x18,x8	 x18:0x00000000  x8:0x40000000  x4=0x00000000
       15425000	      1541	80000844	d4210917	auipc	x18,0xd4210	 x18=0x54210840
       15435000	      1542	80000848	41dc5393	srai	x7,x24,0x1d	 x24:0xbffffd2b  x7=0xfffffffd
       15445000	      1543	8000084c	008d06b3	add	x13,x26,x8	 x26:0x60047000  x8:0x40000000 x13=0xa0047000
       15455000	      1544	80000850	027f8a63	beq	x31,x7,80000884	 x31:0x10f786f8  x7:0xfffffffd
       15465000	      1545	80000854	011b0663	beq	x22,x17,80000860	 x22:0x00000000 x17:0x80009fc4
       15475000	      1546	80000858	b5242693	slti	x13,x8,-1198	  x8:0x40000000 x13=0x00000000
       15485000	      1547	8000085c	004d6263	bltu	x26,x4,80000860	 x26:0x60047000  x4:0x00000000
       15495000	      1548	80000860	0000d863	bge	x1,x0,80000870	  x1:0x00000007  x0:0x00000000
       15505000	      1549	00000000	00000013	addi	x0,x0,0	  x0:0x00000000
       15515000	      1550	8000086c	00000013	addi	x0,x0,0	  x0:0x00000000
       15525000	      1551	80000870	99ae1817	auipc	x16,0x99ae1	 x16=0x19ae186c
       15535000	      1552	80000874	a725ec13	ori	x24,x11,-1422	 x11:0x10f782e6 x24=0xfffffaf6
       15545000	      1553	80000878	419cd113	srai	x2,x25,0x19	 x25:0x81a688a2  x2=0xffffffc0
       15555000	      1554	8000087c	41305093	srai	x1,x0,0x13	  x0:0x00000000  x1=0x00000000
       15565000	      1555	80000880	95a94297	auipc	x5,0x95a94	  x5=0x15a9487c
       15575000	      1556	80000884	81cdfa97	auipc	x21,0x81cdf	 x21=0x01cdf880
       15585000	      1557	80000888	abe190b7	lui	x1,0xabe19	  x1=0xabe19000
       15595000	      1558	8000088c	52a2c737	lui	x14,0x52a2c	 x14=0x52a2c000
       15605000	      1559	80000890	238e8093	addi	x1,x29,568	 x29:0xfffffffc  x1=0x00000234
       15615000	      1560	80000894	40308833	sub	x16,x1,x3	  x1:0x00000234  x3:0xfffffff8 x16=0x0000023c
       15625000	      1561	80000898	05907a63	bgeu	x0,x25,800008ec	  x0:0x00000000 x25:0x81a688a2
       15635000	      1562	8000089c	a8ee6993	ori	x19,x28,-1394	 x28:0xbfffffff x19=0xffffffff
       15645000	      1563	800008a0	de474313	xori	x6,x14,-540	 x14:0x52a2c000  x6=0xad5d3de4
       15655000	      1564	800008a4	b3774413	xori	x8,x14,-1225	 x14:0x52a2c000  x8=0xad5d3b37
       15665000	      1565	800008a8	06a17263	bgeu	x2,x10,8000090c	  x2:0xffffffc0 x10:0x00000001
       15675000	      1566	00000000	00000013	addi	x0,x0,0	  x0:0x00000000
       15685000	      1567	80000908	00000013	addi	x0,x0,0	  x0:0x00000000
       15695000	      1568	8000090c	029ed663	bge	x29,x9,80000938	 x29:0xfffffffc  x9:0x66597714
       15705000	      1569	80000910	00000013	addi	x0,x0,0	  x0:0x00000000
       15715000	      1570	80000914	00000013	addi	x0,x0,0	  x0:0x00000000
       15725000	      1571	80000918	868ffd93	andi	x27,x31,-1944	 x31:0x10f786f8 x27=0x10f78068
       15735000	      1572	8000091c	0198ec63	bltu	x17,x25,80000934	 x17:0x80009fc4 x25:0x81a688a2
       15745000	      1573	00000000	00000013	addi	x0,x0,0	  x0:0x00000000
       15755000	      1574	80000930	00000013	addi	x0,x0,0	  x0:0x00000000
       15765000	      1575	80000934	00e05c13	srli	x24,x0,0xe	  x0:0x00000000 x24=0x00000000
       15775000	      1576	80000938	006462b3	or	x5,x8,x6	  x8:0xad5d3b37  x6:0xad5d3de4  x5=0xad5d3ff7
       15785000	      1577	8000093c	f14a4b13	xori	x22,x20,-236	 x20:0x80009f08 x22=0x7fff601c
       15795000	      1578	80000940	5450e793	ori	x15,x1,1349	  x1:0x00000234 x15=0x00000775
       15805000	      1579	80000944	00b71d13	slli	x26,x14,0xb	 x14:0x52a2c000 x26=0x16000000
       15815000	      1580	80000948	18bcb693	sltiu	x13,x25,395	 x25:0x81a688a2 x13=0x00000000
       15825000	      1581	8000094c	005d4e63	blt	x26,x5,80000968	 x26:0x16000000  x5:0xad5d3ff7
       15835000	      1582	80000950	01813333	sltu	x6,x2,x24	  x2:0xffffffc0 x24:0x00000000  x6=0x00000000
       15845000	      1583	80000954	40595513	srai	x10,x18,0x5	 x18:0x54210840 x10=0x02a10842
       15855000	      1584	80000958	005ad513	srli	x10,x21,0x5	 x21:0x01cdf880 x10=0x000e6fc4
       15865000	      1585	8000095c	0176edb3	or	x27,x13,x23	 x13:0x00000000 x23:0x00000007 x27=0x00000007
       15875000	      1586	80000960	0037d013	srli	x0,x15,0x3	 x15:0x00000775
       15885000	      1587	80000964	03c58263	beq	x11,x28,80000988	 x11:0x10f782e6 x28:0xbfffffff
       15895000	      1588	80000968	00000013	addi	x0,x0,0	  x0:0x00000000
       15905000	      1589	8000096c	025cd863	bge	x25,x5,8000099c	 x25:0x81a688a2  x5:0xad5d3ff7
       15915000	      1590	80000970	0163a933	slt	x18,x7,x22	  x7:0xfffffffd x22:0x7fff601c x18=0x00000001
       15925000	      1591	80000974	40d4d993	srai	x19,x9,0xd	  x9:0x66597714 x19=0x000332cb
       15935000	      1592	80000978	03cf5463	bge	x30,x28,800009a0	 x30:0x00000011 x28:0xbfffffff
       15945000	      1593	00000000	00000013	addi	x0,x0,0	  x0:0x00000000
       15955000	      1594	8000099c	00000013	addi	x0,x0,0	  x0:0x00000000
       15965000	      1595	800009a0	00a51db3	sll	x27,x10,x10	 x10:0x000e6fc4 x10:0x000e6fc4 x27=0x00e6fc40
       15975000	      1596	800009a4	006a4c63	blt	x20,x6,800009bc	 x20:0x80009f08  x6:0x00000000
       15985000	      1597	00000000	00000013	addi	x0,x0,0	  x0:0x00000000
       15995000	      1598	800009b8	00000013	addi	x0,x0,0	  x0:0x00000000
       16005000	      1599	800009bc	41aed833	sra	x16,x29,x26	 x29:0xfffffffc x26:0x16000000 x16=0xfffffffc
       16015000	      1600	800009c0	288a6917	auipc	x18,0x288a6	 x18=0xa88a69bc
       16025000	      1601	800009c4	4186d513	srai	x10,x13,0x18	 x13:0x00000000 x10=0x00000000
       16035000	      1602	800009c8	0064ca63	blt	x9,x6,800009dc	  x9:0x66597714  x6:0x00000000
       16045000	      1603	800009cc	02f4c263	blt	x9,x15,800009f0	  x9:0x66597714 x15:0x00000775
       16055000	      1604	800009d0	f2d98393	addi	x7,x19,-211	 x19:0x000332cb  x7=0x000331f8
       16065000	      1605	800009d4	8b971fb7	lui	x31,0x8b971	 x31=0x8b971000
       16075000	      1606	800009d8	003d27b3	slt	x15,x26,x3	 x26:0x16000000  x3:0xfffffff8 x15=0x00000000
       16085000	      1607	800009dc	046e7263	bgeu	x28,x6,80000a20	 x28:0xbfffffff  x6:0x00000000
       16095000	      1608	00000000	00000013	addi	x0,x0,0	  x0:0x00000000
       16105000	      1609	80000a1c	00000013	addi	x0,x0,0	  x0:0x00000000
       16115000	      1610	80000a20	df060093	addi	x1,x12,-528	 x12:0x00000000  x1=0xfffffdf0
       16125000	      1611	80000a24	05900063	beq	x0,x25,80000a64	  x0:0x00000000 x25:0x81a688a2
       16135000	      1612	80000a28	05f47463	bgeu	x8,x31,80000a70	  x8:0xad5d3b37 x31:0x8b971000
       16145000	      1613	00000000	00000013	addi	x0,x0,0	  x0:0x00000000
       16155000	      1614	80000a6c	00000013	addi	x0,x0,0	  x0:0x00000000
       16165000	      1615	80000a70	bce1ae93	slti	x29,x3,-1074	  x3:0xfffffff8 x29=0x00000000
       16175000	      1616	80000a74	02ae0263	beq	x28,x10,80000a98	 x28:0xbfffffff x10:0x00000000
       16185000	      1617	80000a78	bd4aa193	slti	x3,x21,-1068	 x21:0x01cdf880  x3=0x00000000
       16195000	      1618	80000a7c	41f3db93	srai	x23,x7,0x1f	  x7:0x000331f8 x23=0x00000000
       16205000	      1619	80000a80	019c5193	srli	x3,x24,0x19	 x24:0x00000000  x3=0x00000000
       16215000	      1620	80000a84	400f5993	srai	x19,x30,0x0	 x30:0x00000011 x19=0x00000011
       16225000	      1621	80000a88	00999663	bne	x19,x9,80000a94	 x19:0x00000011  x9:0x66597714
       16235000	      1622	00000000	00000013	addi	x0,x0,0	  x0:0x00000000
       16245000	      1623	80000a90	00000013	addi	x0,x0,0	  x0:0x00000000
       16255000	      1624	80000a94	00000013	addi	x0,x0,0	  x0:0x00000000
       16265000	      1625	80000a98	41e5dd13	srai	x26,x11,0x1e	 x11:0x10f782e6 x26=0x00000000
       16275000	      1626	80000a9c	3b20fd93	andi	x27,x1,946	  x1:0xfffffdf0 x27=0x000001b0
       16285000	      1627	80000aa0	0198f133	and	x2,x17,x25	 x17:0x80009fc4 x25:0x81a688a2  x2=0x80008880
       16295000	      1628	80000aa4	3e687397	auipc	x7,0x3e687	  x7=0xbe687aa0
       16305000	      1629	80000aa8	023d0863	beq	x26,x3,80000ad8	 x26:0x00000000  x3:0x00000000
       16315000	      1630	00000000	00000013	addi	x0,x0,0	  x0:0x00000000
       16325000	      1631	80000ad4	00000013	addi	x0,x0,0	  x0:0x00000000
       16335000	      1632	80000ad8	02f89e63	bne	x17,x15,80000b14	 x17:0x80009fc4 x15:0x00000000
       16345000	      1633	00000000	00000013	addi	x0,x0,0	  x0:0x00000000
       16355000	      1634	80000b10	00000013	addi	x0,x0,0	  x0:0x00000000
       16365000	      1635	80000b14	00ac5f93	srli	x31,x24,0xa	 x24:0x00000000 x31=0x00000000
       16375000	      1636	80000b18	8bed3f93	sltiu	x31,x26,-1858	 x26:0x00000000 x31=0x00000001
       16385000	      1637	80000b1c	024bfc63	bgeu	x23,x4,80000b54	 x23:0x00000000  x4:0x00000000
       16395000	      1638	00000000	00000013	addi	x0,x0,0	  x0:0x00000000
       16405000	      1639	80000b50	00000013	addi	x0,x0,0	  x0:0x00000000
       16415000	      1640	80000b54	019dcc63	blt	x27,x25,80000b6c	 x27:0x000001b0 x25:0x81a688a2
       16425000	      1641	80000b58	0168d533	srl	x10,x17,x22	 x17:0x80009fc4 x22:0x7fff601c x10=0x00000008
       16435000	      1642	80000b5c	01b24e63	blt	x4,x27,80000b78	  x4:0x00000000 x27:0x000001b0
       16445000	      1643	00000000	00000013	addi	x0,x0,0	  x0:0x00000000
       16455000	      1644	80000b74	00000013	addi	x0,x0,0	  x0:0x00000000
       16465000	      1645	80000b78	bde15337	lui	x6,0xbde15	  x6=0xbde15000
       16475000	      1646	80000b7c	4eb9f0b7	lui	x1,0x4eb9f	  x1=0x4eb9f000
       16485000	      1647	80000b80	016b2033	slt	x0,x22,x22	 x22:0x7fff601c x22:0x7fff601c
       16495000	      1648	80000b84	00430663	beq	x6,x4,80000b90	  x6:0xbde15000  x4:0x00000000
       16505000	      1649	80000b88	417cdf93	srai	x31,x25,0x17	 x25:0x81a688a2 x31=0xffffff03
       16515000	      1650	80000b8c	36700593	addi	x11,x0,871	  x0:0x00000000 x11=0x00000367
       16525000	      1651	80000b90	0184b833	sltu	x16,x9,x24	  x9:0x66597714 x24:0x00000000 x16=0x00000000
       16535000	      1652	80000b94	00d1ccb3	xor	x25,x3,x13	  x3:0x00000000 x13:0x00000000 x25=0x00000000
       16545000	      1653	80000b98	0109bc33	sltu	x24,x19,x16	 x19:0x00000011 x16:0x00000000 x24=0x00000000
       16555000	      1654	80000b9c	012cbe33	sltu	x28,x25,x18	 x25:0x00000000 x18:0xa88a69bc x28=0x00000001
       16565000	      1655	80000ba0	408c5933	sra	x18,x24,x8	 x24:0x00000000  x8:0xad5d3b37 x18=0x00000000
       16575000	      1656	80000ba4	02487863	bgeu	x16,x4,80000bd4	 x16:0x00000000  x4:0x00000000
       16585000	      1657	00000000	00000013	addi	x0,x0,0	  x0:0x00000000
       16595000	      1658	80000bd0	00000013	addi	x0,x0,0	  x0:0x00000000
       16605000	      1659	80000bd4	41d50fb3	sub	x31,x10,x29	 x10:0x00000008 x29:0x00000000 x31=0x00000008
       16615000	      1660	80000bd8	9266a117	auipc	x2,0x9266a	  x2=0x1266abd4
       16625000	      1661	80000bdc	01210463	beq	x2,x18,80000be4	  x2:0x1266abd4 x18:0x00000000
       16635000	      1662	80000be0	0031b0b3	sltu	x1,x3,x3	  x3:0x00000000  x3:0x00000000  x1=0x00000000
       16645000	      1663	80000be4	12e8a013	slti	x0,x17,302	 x17:0x80009fc4
       16655000	      1664	80000be8	41918d33	sub	x26,x3,x25	  x3:0x00000000 x25:0x00000000 x26=0x00000000
       16665000	      1665	80000bec	019b5d93	srli	x27,x22,0x19	 x22:0x7fff601c x27=0x0000003f
       16675000	      1666	80000bf0	01ec9013	slli	x0,x25,0x1e	 x25:0x00000000
       16685000	      1667	80000bf4	004a2c03	lw	x24,4(x20)	 x20:0x80009f08 x24=0x80002c3c PA:0x80009f0c
       16695000	      1668	80000bf8	9e2da393	slti	x7,x27,-1566	 x27:0x0000003f  x7=0x00000000
       16705000	      1669	80000bfc	040a0a13	addi	x20,x20,64	 x20:0x80009f08 x20=0x80009f48
       16715000	      1670	80000c00	408f89b3	sub	x19,x31,x8	 x31:0x00000008  x8:0xad5d3b37 x19=0x52a2c4d1
       16725000	      1671	80000c04	81f48f93	addi	x31,x9,-2017	  x9:0x66597714 x31=0x66596f33
       16735000	      1672	80000c08	03468e93	addi	x29,x13,52	 x13:0x00000000 x29=0x00000034
       16745000	      1673	80000c0c	1be52013	slti	x0,x10,446	 x10:0x00000008
       16755000	      1674	80000c10	000c0113	addi	x2,x24,0	 x24:0x80002c3c  x2=0x80002c3c
       16765000	      1675	80000c14	00010167	jalr	x2,x2,0	  x2:0x80002c3c  x2=0x80000c14
       16775000	      1676	00000000	00000013	addi	x0,x0,0	  x0:0x00000000
       16785000	      1677	80002c3c	00000013	addi	x0,x0,0	  x0:0x00000000
       16795000	      1678	80002c40	007c2433	slt	x8,x24,x7	 x24:0x80002c3c  x7:0x00000000  x8=0x00000001
       16805000	      1679	80002c44	40c95fb3	sra	x31,x18,x12	 x18:0x00000000 x12:0x00000000 x31=0x00000000
       16815000	      1680	80002c48	ffffe317	auipc	x6,0xffffe	  x6=0x80000c44
       16825000	      1681	80002c4c	88c30313	addi	x6,x6,-1908	  x6:0x80000c44  x6=0x800004d0
       16835000	      1682	80002c50	000cd233	srl	x4,x25,x0	 x25:0x00000000  x0:0x00000000  x4=0x00000000
       16845000	      1683	80002c54	99d9a993	slti	x19,x19,-1635	 x19:0x52a2c4d1 x19=0x00000000
       16855000	      1684	80002c58	40345133	sra	x2,x8,x3	  x8:0x00000001  x3:0x00000000  x2=0x00000001
       16865000	      1685	80002c5c	c8830313	addi	x6,x6,-888	  x6:0x800004d0  x6=0x80000158
       16875000	      1686	80002c60	4082dcb3	sra	x25,x5,x8	  x5:0xad5d3ff7  x8:0x00000001 x25=0xd6ae9ffb
       16885000	      1687	80002c64	37830c67	jalr	x24,x6,888	  x6:0x80000158 x24=0x80002c64
       16895000	      1688	00000000	00000013	addi	x0,x0,0	  x0:0x00000000
       16905000	      1689	800004d0	00000013	addi	x0,x0,0	  x0:0x00000000
       16915000	      1690	800004d4	01825463	bge	x4,x24,800004dc	  x4:0x00000000 x24:0x80002c64
       16925000	      1691	00000000	00000013	addi	x0,x0,0	  x0:0x00000000
       16935000	      1692	800004d8	00000013	addi	x0,x0,0	  x0:0x00000000
       16945000	      1693	800004dc	fc0a0a13	addi	x20,x20,-64	 x20:0x80009f48 x20=0x80009f08
       16955000	      1694	800004e0	000635b3	sltu	x11,x12,x0	 x12:0x00000000  x0:0x00000000 x11=0x00000000
       16965000	      1695	800004e4	018a2223	sw	x24,4(x20)	 x20:0x80009f08 x24:0x80002c64 PA:0x80009f0c
       16975000	      1696	800004e8	00e16eb3	or	x29,x2,x14	  x2:0x00000001 x14:0x52a2c000 x29=0x52a2c001
       16985000	      1697	800004ec	00aa1d33	sll	x26,x20,x10	 x20:0x80009f08 x10:0x00000008 x26=0x009f0800
       16995000	      1698	800004f0	3bed7693	andi	x13,x26,958	 x26:0x009f0800 x13=0x00000000
       17005000	      1699	800004f4	57f8c593	xori	x11,x17,1407	 x17:0x80009fc4 x11=0x80009abb
       17015000	      1700	800004f8	01171d13	slli	x26,x14,0x11	 x14:0x52a2c000 x26=0x80000000
       17025000	      1701	800004fc	01d29113	slli	x2,x5,0x1d	  x5:0xad5d3ff7  x2=0xe0000000
       17035000	      1702	80000500	000aeb33	or	x22,x21,x0	 x21:0x01cdf880  x0:0x00000000 x22=0x01cdf880
       17045000	      1703	80000504	00606033	or	x0,x0,x6	  x0:0x00000000  x6:0x80000158
       17055000	      1704	80000508	015becb3	or	x25,x23,x21	 x23:0x00000000 x21:0x01cdf880 x25=0x01cdf880
       17065000	      1705	8000050c	eddffc6f	jal	x24,8000050c	 x24=0x8000050c
       17075000	      1706	00000000	00000013	addi	x0,x0,0	  x0:0x00000000
       17085000	      1707	800003e4	00000013	addi	x0,x0,0	  x0:0x00000000
       17095000	      1708	800003e8	01a8b0b3	sltu	x1,x17,x26	 x17:0x80009fc4 x26:0x80000000  x1=0x00000000
       17105000	      1709	800003ec	0089ccb3	xor	x25,x19,x8	 x19:0x00000000  x8:0x00000001 x25=0x00000001
       17115000	      1710	800003f0	00ccc463	blt	x25,x12,800003f8	 x25:0x00000001 x12:0x00000000
       17125000	      1711	800003f4	2a68ad93	slti	x27,x17,678	 x17:0x80009fc4 x27=0x00000001
       17135000	      1712	800003f8	fdca0a13	addi	x20,x20,-36	 x20:0x80009f08 x20=0x80009ee4
       17145000	      1713	800003fc	01271393	slli	x7,x14,0x12	 x14:0x52a2c000  x7=0x00000000
       17155000	      1714	80000400	018a2223	sw	x24,4(x20)	 x20:0x80009ee4 x24:0x8000050c PA:0x80009ee8
       17165000	      1715	80000404	4031d1b3	sra	x3,x3,x3	  x3:0x00000000  x3:0x00000000  x3=0x00000000
       17175000	      1716	80000408	00000013	addi	x0,x0,0	  x0:0x00000000
       17185000	      1717	8000040c	00945f13	srli	x30,x8,0x9	  x8:0x00000001 x30=0x00000000
       17195000	      1718	80000410	b91a2b13	slti	x22,x20,-1135	 x20:0x80009ee4 x22=0x00000001
       17205000	      1719	80000414	01b8bbb3	sltu	x23,x17,x27	 x17:0x80009fc4 x27:0x00000001 x23=0x00000000
       17215000	      1720	80000418	6dca6793	ori	x15,x20,1756	 x20:0x80009ee4 x15=0x80009efc
       17225000	      1721	8000041c	00725513	srli	x10,x4,0x7	  x4:0x00000000 x10=0x00000000
       17235000	      1722	80000420	e6980b13	addi	x22,x16,-407	 x16:0x00000000 x22=0xfffffe69
       17245000	      1723	80000424	01ca01b3	add	x3,x20,x28	 x20:0x80009ee4 x28:0x00000001  x3=0x80009ee5
       17255000	      1724	80000428	41bd5e93	srai	x29,x26,0x1b	 x26:0x80000000 x29=0xfffffff0
       17265000	      1725	8000042c	4c404a93	xori	x21,x0,1220	  x0:0x00000000 x21=0x000004c4
       17275000	      1726	80000430	0f002c6f	jal	x24,80000430	 x24=0x80000430
       17285000	      1727	00000000	00000013	addi	x0,x0,0	  x0:0x00000000
       17295000	      1728	8000251c	00000013	addi	x0,x0,0	  x0:0x00000000
       17305000	      1729	80002520	01e14663	blt	x2,x30,8000252c	  x2:0xe0000000 x30:0x00000000
       17315000	      1730	00000000	00000013	addi	x0,x0,0	  x0:0x00000000
       17325000	      1731	80002528	00000013	addi	x0,x0,0	  x0:0x00000000
       17335000	      1732	8000252c	fdca0a13	addi	x20,x20,-36	 x20:0x80009ee4 x20=0x80009ec0
       17345000	      1733	80002530	df0ca613	slti	x12,x25,-528	 x25:0x00000001 x12=0x00000000
       17355000	      1734	80002534	018a2223	sw	x24,4(x20)	 x20:0x80009ec0 x24:0x80000430 PA:0x80009ec4
       17365000	      1735	80002538	01128d33	add	x26,x5,x17	  x5:0xad5d3ff7 x17:0x80009fc4 x26=0x2d5ddfbb
       17375000	      1736	8000253c	00dcce33	xor	x28,x25,x13	 x25:0x00000001 x13:0x00000000 x28=0x00000001
       17385000	      1737	80002540	011b50b3	srl	x1,x22,x17	 x22:0xfffffe69 x17:0x80009fc4  x1=0x0fffffe6
       17395000	      1738	80002544	00000013	addi	x0,x0,0	  x0:0x00000000
       17405000	      1739	80002548	52523297	auipc	x5,0x52523	  x5=0xd2525544
       17415000	      1740	8000254c	ffa00693	addi	x13,x0,-6	  x0:0x00000000 x13=0xfffffffa
       17425000	      1741	80002550	41ba5c93	srai	x25,x20,0x1b	 x20:0x80009ec0 x25=0xfffffff0
       17435000	      1742	80002554	ff300193	addi	x3,x0,-13	  x0:0x00000000  x3=0xfffffff3
       17445000	      1743	80002558	013833b3	sltu	x7,x16,x19	 x16:0x00000000 x19:0x00000000  x7=0x00000000
       17455000	      1744	8000255c	4045d333	sra	x6,x11,x4	 x11:0x80009abb  x4:0x00000000  x6=0x80009abb
       17465000	      1745	80002560	8ba4a713	slti	x14,x9,-1862	  x9:0x66597714 x14=0x00000000
       17475000	      1746	80002564	1ddf6313	ori	x6,x30,477	 x30:0x00000000  x6=0x000001dd
       17485000	      1747	80002568	fff68693	addi	x13,x13,-1	 x13:0xfffffffa x13=0xfffffff9
       17495000	      1748	8000256c	0110e333	or	x6,x1,x17	  x1:0x0fffffe6 x17:0x80009fc4  x6=0x8fffffe6
       17505000	      1749	80002570	00700b93	addi	x23,x0,7	  x0:0x00000000 x23=0x00000007
       17515000	      1750	80002574	01ba1d13	slli	x26,x20,0x1b	 x20:0x80009ec0 x26=0x00000000
       17525000	      1751	80002578	00700413	addi	x8,x0,7	  x0:0x00000000  x8=0x00000007
       17535000	      1752	8000257c	00d16e33	or	x28,x2,x13	  x2:0xe0000000 x13:0xfffffff9 x28=0xfffffff9
       17545000	      1753	80002580	00cdae33	slt	x28,x27,x12	 x27:0x00000001 x12:0x00000000 x28=0x00000000
       17555000	      1754	80002584	ffab8b93	addi	x23,x23,-6	 x23:0x00000007 x23=0x00000001
       17565000	      1755	80002588	fe8bfae3	bgeu	x23,x8,8000257c	 x23:0x00000001  x8:0x00000007
       17575000	      1756	8000258c	00ec4cb3	xor	x25,x24,x14	 x24:0x80000430 x14:0x00000000 x25=0x80000430
       17585000	      1757	80002590	01169b33	sll	x22,x13,x17	 x13:0xfffffff9 x17:0x80009fc4 x22=0xffffff90
       17595000	      1758	80002594	fc3696e3	bne	x13,x3,80002560	 x13:0xfffffff9  x3:0xfffffff3
       17605000	      1759	00000000	00000013	addi	x0,x0,0	  x0:0x00000000
       17615000	      1760	8000255c	00000013	addi	x0,x0,0	  x0:0x00000000
       17625000	      1761	80002560	8ba4a713	slti	x14,x9,-1862	  x9:0x66597714 x14=0x00000000
       17635000	      1762	80002564	1ddf6313	ori	x6,x30,477	 x30:0x00000000  x6=0x000001dd
       17645000	      1763	80002568	fff68693	addi	x13,x13,-1	 x13:0xfffffff9 x13=0xfffffff8
       17655000	      1764	8000256c	0110e333	or	x6,x1,x17	  x1:0x0fffffe6 x17:0x80009fc4  x6=0x8fffffe6
       17665000	      1765	80002570	00700b93	addi	x23,x0,7	  x0:0x00000000 x23=0x00000007
       17675000	      1766	80002574	01ba1d13	slli	x26,x20,0x1b	 x20:0x80009ec0 x26=0x00000000
       17685000	      1767	80002578	00700413	addi	x8,x0,7	  x0:0x00000000  x8=0x00000007
       17695000	      1768	8000257c	00d16e33	or	x28,x2,x13	  x2:0xe0000000 x13:0xfffffff8 x28=0xfffffff8
       17705000	      1769	80002580	00cdae33	slt	x28,x27,x12	 x27:0x00000001 x12:0x00000000 x28=0x00000000
       17715000	      1770	80002584	ffab8b93	addi	x23,x23,-6	 x23:0x00000007 x23=0x00000001
       17725000	      1771	80002588	fe8bfae3	bgeu	x23,x8,8000257c	 x23:0x00000001  x8:0x00000007
       17735000	      1772	8000258c	00ec4cb3	xor	x25,x24,x14	 x24:0x80000430 x14:0x00000000 x25=0x80000430
       17745000	      1773	80002590	01169b33	sll	x22,x13,x17	 x13:0xfffffff8 x17:0x80009fc4 x22=0xffffff80
       17755000	      1774	80002594	fc3696e3	bne	x13,x3,80002560	 x13:0xfffffff8  x3:0xfffffff3
       17765000	      1775	00000000	00000013	addi	x0,x0,0	  x0:0x00000000
       17775000	      1776	8000255c	00000013	addi	x0,x0,0	  x0:0x00000000
       17785000	      1777	80002560	8ba4a713	slti	x14,x9,-1862	  x9:0x66597714 x14=0x00000000
       17795000	      1778	80002564	1ddf6313	ori	x6,x30,477	 x30:0x00000000  x6=0x000001dd
       17805000	      1779	80002568	fff68693	addi	x13,x13,-1	 x13:0xfffffff8 x13=0xfffffff7
       17815000	      1780	8000256c	0110e333	or	x6,x1,x17	  x1:0x0fffffe6 x17:0x80009fc4  x6=0x8fffffe6
       17825000	      1781	80002570	00700b93	addi	x23,x0,7	  x0:0x00000000 x23=0x00000007
       17835000	      1782	80002574	01ba1d13	slli	x26,x20,0x1b	 x20:0x80009ec0 x26=0x00000000
       17845000	      1783	80002578	00700413	addi	x8,x0,7	  x0:0x00000000  x8=0x00000007
       17855000	      1784	8000257c	00d16e33	or	x28,x2,x13	  x2:0xe0000000 x13:0xfffffff7 x28=0xfffffff7
       17865000	      1785	80002580	00cdae33	slt	x28,x27,x12	 x27:0x00000001 x12:0x00000000 x28=0x00000000
       17875000	      1786	80002584	ffab8b93	addi	x23,x23,-6	 x23:0x00000007 x23=0x00000001
       17885000	      1787	80002588	fe8bfae3	bgeu	x23,x8,8000257c	 x23:0x00000001  x8:0x00000007
       17895000	      1788	8000258c	00ec4cb3	xor	x25,x24,x14	 x24:0x80000430 x14:0x00000000 x25=0x80000430
       17905000	      1789	80002590	01169b33	sll	x22,x13,x17	 x13:0xfffffff7 x17:0x80009fc4 x22=0xffffff70
       17915000	      1790	80002594	fc3696e3	bne	x13,x3,80002560	 x13:0xfffffff7  x3:0xfffffff3
       17925000	      1791	00000000	00000013	addi	x0,x0,0	  x0:0x00000000
       17935000	      1792	8000255c	00000013	addi	x0,x0,0	  x0:0x00000000
       17945000	      1793	80002560	8ba4a713	slti	x14,x9,-1862	  x9:0x66597714 x14=0x00000000
       17955000	      1794	80002564	1ddf6313	ori	x6,x30,477	 x30:0x00000000  x6=0x000001dd
       17965000	      1795	80002568	fff68693	addi	x13,x13,-1	 x13:0xfffffff7 x13=0xfffffff6
       17975000	      1796	8000256c	0110e333	or	x6,x1,x17	  x1:0x0fffffe6 x17:0x80009fc4  x6=0x8fffffe6
       17985000	      1797	80002570	00700b93	addi	x23,x0,7	  x0:0x00000000 x23=0x00000007
       17995000	      1798	80002574	01ba1d13	slli	x26,x20,0x1b	 x20:0x80009ec0 x26=0x00000000
       18005000	      1799	80002578	00700413	addi	x8,x0,7	  x0:0x00000000  x8=0x00000007
       18015000	      1800	8000257c	00d16e33	or	x28,x2,x13	  x2:0xe0000000 x13:0xfffffff6 x28=0xfffffff6
       18025000	      1801	80002580	00cdae33	slt	x28,x27,x12	 x27:0x00000001 x12:0x00000000 x28=0x00000000
       18035000	      1802	80002584	ffab8b93	addi	x23,x23,-6	 x23:0x00000007 x23=0x00000001
       18045000	      1803	80002588	fe8bfae3	bgeu	x23,x8,8000257c	 x23:0x00000001  x8:0x00000007
       18055000	      1804	8000258c	00ec4cb3	xor	x25,x24,x14	 x24:0x80000430 x14:0x00000000 x25=0x80000430
       18065000	      1805	80002590	01169b33	sll	x22,x13,x17	 x13:0xfffffff6 x17:0x80009fc4 x22=0xffffff60
       18075000	      1806	80002594	fc3696e3	bne	x13,x3,80002560	 x13:0xfffffff6  x3:0xfffffff3
       18085000	      1807	00000000	00000013	addi	x0,x0,0	  x0:0x00000000
       18095000	      1808	8000255c	00000013	addi	x0,x0,0	  x0:0x00000000
       18105000	      1809	80002560	8ba4a713	slti	x14,x9,-1862	  x9:0x66597714 x14=0x00000000
       18115000	      1810	80002564	1ddf6313	ori	x6,x30,477	 x30:0x00000000  x6=0x000001dd
       18125000	      1811	80002568	fff68693	addi	x13,x13,-1	 x13:0xfffffff6 x13=0xfffffff5
       18135000	      1812	8000256c	0110e333	or	x6,x1,x17	  x1:0x0fffffe6 x17:0x80009fc4  x6=0x8fffffe6
       18145000	      1813	80002570	00700b93	addi	x23,x0,7	  x0:0x00000000 x23=0x00000007
       18155000	      1814	80002574	01ba1d13	slli	x26,x20,0x1b	 x20:0x80009ec0 x26=0x00000000
       18165000	      1815	80002578	00700413	addi	x8,x0,7	  x0:0x00000000  x8=0x00000007
       18175000	      1816	8000257c	00d16e33	or	x28,x2,x13	  x2:0xe0000000 x13:0xfffffff5 x28=0xfffffff5
       18185000	      1817	80002580	00cdae33	slt	x28,x27,x12	 x27:0x00000001 x12:0x00000000 x28=0x00000000
       18195000	      1818	80002584	ffab8b93	addi	x23,x23,-6	 x23:0x00000007 x23=0x00000001
       18205000	      1819	80002588	fe8bfae3	bgeu	x23,x8,8000257c	 x23:0x00000001  x8:0x00000007
       18215000	      1820	8000258c	00ec4cb3	xor	x25,x24,x14	 x24:0x80000430 x14:0x00000000 x25=0x80000430
       18225000	      1821	80002590	01169b33	sll	x22,x13,x17	 x13:0xfffffff5 x17:0x80009fc4 x22=0xffffff50
       18235000	      1822	80002594	fc3696e3	bne	x13,x3,80002560	 x13:0xfffffff5  x3:0xfffffff3
       18245000	      1823	00000000	00000013	addi	x0,x0,0	  x0:0x00000000
       18255000	      1824	8000255c	00000013	addi	x0,x0,0	  x0:0x00000000
       18265000	      1825	80002560	8ba4a713	slti	x14,x9,-1862	  x9:0x66597714 x14=0x00000000
       18275000	      1826	80002564	1ddf6313	ori	x6,x30,477	 x30:0x00000000  x6=0x000001dd
       18285000	      1827	80002568	fff68693	addi	x13,x13,-1	 x13:0xfffffff5 x13=0xfffffff4
       18295000	      1828	8000256c	0110e333	or	x6,x1,x17	  x1:0x0fffffe6 x17:0x80009fc4  x6=0x8fffffe6
       18305000	      1829	80002570	00700b93	addi	x23,x0,7	  x0:0x00000000 x23=0x00000007
       18315000	      1830	80002574	01ba1d13	slli	x26,x20,0x1b	 x20:0x80009ec0 x26=0x00000000
       18325000	      1831	80002578	00700413	addi	x8,x0,7	  x0:0x00000000  x8=0x00000007
       18335000	      1832	8000257c	00d16e33	or	x28,x2,x13	  x2:0xe0000000 x13:0xfffffff4 x28=0xfffffff4
       18345000	      1833	80002580	00cdae33	slt	x28,x27,x12	 x27:0x00000001 x12:0x00000000 x28=0x00000000
       18355000	      1834	80002584	ffab8b93	addi	x23,x23,-6	 x23:0x00000007 x23=0x00000001
       18365000	      1835	80002588	fe8bfae3	bgeu	x23,x8,8000257c	 x23:0x00000001  x8:0x00000007
       18375000	      1836	8000258c	00ec4cb3	xor	x25,x24,x14	 x24:0x80000430 x14:0x00000000 x25=0x80000430
       18385000	      1837	80002590	01169b33	sll	x22,x13,x17	 x13:0xfffffff4 x17:0x80009fc4 x22=0xffffff40
       18395000	      1838	80002594	fc3696e3	bne	x13,x3,80002560	 x13:0xfffffff4  x3:0xfffffff3
       18405000	      1839	00000000	00000013	addi	x0,x0,0	  x0:0x00000000
       18415000	      1840	8000255c	00000013	addi	x0,x0,0	  x0:0x00000000
       18425000	      1841	80002560	8ba4a713	slti	x14,x9,-1862	  x9:0x66597714 x14=0x00000000
       18435000	      1842	80002564	1ddf6313	ori	x6,x30,477	 x30:0x00000000  x6=0x000001dd
       18445000	      1843	80002568	fff68693	addi	x13,x13,-1	 x13:0xfffffff4 x13=0xfffffff3
       18455000	      1844	8000256c	0110e333	or	x6,x1,x17	  x1:0x0fffffe6 x17:0x80009fc4  x6=0x8fffffe6
       18465000	      1845	80002570	00700b93	addi	x23,x0,7	  x0:0x00000000 x23=0x00000007
       18475000	      1846	80002574	01ba1d13	slli	x26,x20,0x1b	 x20:0x80009ec0 x26=0x00000000
       18485000	      1847	80002578	00700413	addi	x8,x0,7	  x0:0x00000000  x8=0x00000007
       18495000	      1848	8000257c	00d16e33	or	x28,x2,x13	  x2:0xe0000000 x13:0xfffffff3 x28=0xfffffff3
       18505000	      1849	80002580	00cdae33	slt	x28,x27,x12	 x27:0x00000001 x12:0x00000000 x28=0x00000000
       18515000	      1850	80002584	ffab8b93	addi	x23,x23,-6	 x23:0x00000007 x23=0x00000001
       18525000	      1851	80002588	fe8bfae3	bgeu	x23,x8,8000257c	 x23:0x00000001  x8:0x00000007
       18535000	      1852	8000258c	00ec4cb3	xor	x25,x24,x14	 x24:0x80000430 x14:0x00000000 x25=0x80000430
       18545000	      1853	80002590	01169b33	sll	x22,x13,x17	 x13:0xfffffff3 x17:0x80009fc4 x22=0xffffff30
       18555000	      1854	80002594	fc3696e3	bne	x13,x3,80002560	 x13:0xfffffff3  x3:0xfffffff3
       18565000	      1855	80002598	015e9393	slli	x7,x29,0x15	 x29:0xfffffff0  x7=0xfe000000
       18575000	      1856	8000259c	00600213	addi	x4,x0,6	  x0:0x00000000  x4=0x00000006
       18585000	      1857	800025a0	40f505b3	sub	x11,x10,x15	 x10:0x00000000 x15:0x80009efc x11=0x7fff6104
       18595000	      1858	800025a4	00f00993	addi	x19,x0,15	  x0:0x00000000 x19=0x0000000f
       18605000	      1859	800025a8	00b3fcb3	and	x25,x7,x11	  x7:0xfe000000 x11:0x7fff6104 x25=0x7e000000
       18615000	      1860	800025ac	00720213	addi	x4,x4,7	  x4:0x00000006  x4=0x0000000d
       18625000	      1861	800025b0	29b48913	addi	x18,x9,667	  x9:0x66597714 x18=0x665979af
       18635000	      1862	800025b4	00000013	addi	x0,x0,0	  x0:0x00000000
       18645000	      1863	800025b8	9e2d4013	xori	x0,x26,-1566	 x26:0x00000000
       18655000	      1864	800025bc	000e5ab3	srl	x21,x28,x0	 x28:0x00000000  x0:0x00000000 x21=0x00000000
       18665000	      1865	800025c0	ff3264e3	bltu	x4,x19,800025a8	  x4:0x0000000d x19:0x0000000f
       18675000	      1866	00000000	00000013	addi	x0,x0,0	  x0:0x00000000
       18685000	      1867	800025a4	00000013	addi	x0,x0,0	  x0:0x00000000
       18695000	      1868	800025a8	00b3fcb3	and	x25,x7,x11	  x7:0xfe000000 x11:0x7fff6104 x25=0x7e000000
       18705000	      1869	800025ac	00720213	addi	x4,x4,7	  x4:0x0000000d  x4=0x00000014
       18715000	      1870	800025b0	29b48913	addi	x18,x9,667	  x9:0x66597714 x18=0x665979af
       18725000	      1871	800025b4	00000013	addi	x0,x0,0	  x0:0x00000000
       18735000	      1872	800025b8	9e2d4013	xori	x0,x26,-1566	 x26:0x00000000
       18745000	      1873	800025bc	000e5ab3	srl	x21,x28,x0	 x28:0x00000000  x0:0x00000000 x21=0x00000000
       18755000	      1874	800025c0	ff3264e3	bltu	x4,x19,800025a8	  x4:0x00000014 x19:0x0000000f
       18765000	      1875	800025c4	00280533	add	x10,x16,x2	 x16:0x00000000  x2:0xe0000000 x10=0xe0000000
       18775000	      1876	800025c8	ffa00c13	addi	x24,x0,-6	  x0:0x00000000 x24=0xfffffffa
       18785000	      1877	800025cc	ab5f4613	xori	x12,x30,-1355	 x30:0x00000000 x12=0xfffffab5
       18795000	      1878	800025d0	00781613	slli	x12,x16,0x7	 x16:0x00000000 x12=0x00000000
       18805000	      1879	800025d4	02716d93	ori	x27,x2,39	  x2:0xe0000000 x27=0xe0000027
       18815000	      1880	800025d8	01cd2cb3	slt	x25,x26,x28	 x26:0x00000000 x28:0x00000000 x25=0x00000000
       18825000	      1881	800025dc	404b5fb3	sra	x31,x22,x4	 x22:0xffffff30  x4:0x00000014 x31=0xffffffff
       18835000	      1882	800025e0	00c00593	addi	x11,x0,12	  x0:0x00000000 x11=0x0000000c
       18845000	      1883	800025e4	0061f033	and	x0,x3,x6	  x3:0xfffffff3  x6:0x8fffffe6
       18855000	      1884	800025e8	015bab13	slti	x22,x23,21	 x23:0x00000001 x22=0x00000001
       18865000	      1885	800025ec	62fbe993	ori	x19,x23,1583	 x23:0x00000001 x19=0x0000062f
       18875000	      1886	800025f0	d5ab3b13	sltiu	x22,x22,-678	 x22:0x00000001 x22=0x00000001
       18885000	      1887	800025f4	004c0c13	addi	x24,x24,4	 x24:0xfffffffa x24=0xfffffffe
       18895000	      1888	800025f8	00000013	addi	x0,x0,0	  x0:0x00000000
       18905000	      1889	800025fc	00400213	addi	x4,x0,4	  x0:0x00000000  x4=0x00000004
       18915000	      1890	80002600	00400293	addi	x5,x0,4	  x0:0x00000000  x5=0x00000004
       18925000	      1891	80002604	d547cd13	xori	x26,x15,-684	 x15:0x80009efc x26=0x7fff63a8
       18935000	      1892	80002608	00727cb3	and	x25,x4,x7	  x4:0x00000004  x7:0xfe000000 x25=0x00000000
       18945000	      1893	8000260c	00fc87b3	add	x15,x25,x15	 x25:0x00000000 x15:0x80009efc x15=0x80009efc
       18955000	      1894	80002610	ffd20213	addi	x4,x4,-3	  x4:0x00000004  x4=0x00000001
       18965000	      1895	80002614	00ac2cb3	slt	x25,x24,x10	 x24:0xfffffffe x10:0xe0000000 x25=0x00000000
       18975000	      1896	80002618	fe527ae3	bgeu	x4,x5,8000260c	  x4:0x00000001  x5:0x00000004
       18985000	      1897	8000261c	00000013	addi	x0,x0,0	  x0:0x00000000
       18995000	      1898	80002620	fcbc62e3	bltu	x24,x11,800025e4	 x24:0xfffffffe x11:0x0000000c
       19005000	      1899	80002624	01ee5813	srli	x16,x28,0x1e	 x28:0x00000000 x16=0x00000000
       19015000	      1900	80002628	00300193	addi	x3,x0,3	  x0:0x00000000  x3=0x00000003
       19025000	      1901	8000262c	400e8533	sub	x10,x29,x0	 x29:0xfffffff0  x0:0x00000000 x10=0xfffffff0
       19035000	      1902	80002630	00000013	addi	x0,x0,0	  x0:0x00000000
       19045000	      1903	80002634	58034e17	auipc	x28,0x58034	 x28=0xd8036630
       19055000	      1904	80002638	0097deb3	srl	x29,x15,x9	 x15:0x80009efc  x9:0x66597714 x29=0x00000800
       19065000	      1905	8000263c	01817833	and	x16,x2,x24	  x2:0xe0000000 x24:0xfffffffe x16=0xe0000000
       19075000	      1906	80002640	570f0fb7	lui	x31,0x570f0	 x31=0x570f0000
       19085000	      1907	80002644	00000013	addi	x0,x0,0	  x0:0x00000000
       19095000	      1908	80002648	136dbe13	sltiu	x28,x27,310	 x27:0xe0000027 x28=0x00000000
       19105000	      1909	8000264c	00154db3	xor	x27,x10,x1	 x10:0xfffffff0  x1:0x0fffffe6 x27=0xf0000016
       19115000	      1910	80002650	014e9f13	slli	x30,x29,0x14	 x29:0x00000800 x30=0x80000000
       19125000	      1911	80002654	01400c93	addi	x25,x0,20	  x0:0x00000000 x25=0x00000014
       19135000	      1912	80002658	c0ff2e93	slti	x29,x30,-1009	 x30:0x80000000 x29=0x00000001
       19145000	      1913	8000265c	dc05a293	slti	x5,x11,-576	 x11:0x0000000c  x5=0x00000000
       19155000	      1914	80002660	40b20633	sub	x12,x4,x11	  x4:0x00000001 x11:0x0000000c x12=0xfffffff5
       19165000	      1915	80002664	5915d517	auipc	x10,0x5915d	 x10=0xd915f660
       19175000	      1916	80002668	00618193	addi	x3,x3,6	  x3:0x00000003  x3=0x00000009
       19185000	      1917	8000266c	00a9ab33	slt	x22,x19,x10	 x19:0x0000062f x10:0xd915f660 x22=0x00000000
       19195000	      1918	80002670	015ebd33	sltu	x26,x29,x21	 x29:0x00000001 x21:0x00000000 x26=0x00000000
       19205000	      1919	80002674	009a9f33	sll	x30,x21,x9	 x21:0x00000000  x9:0x66597714 x30=0x00000000
       19215000	      1920	80002678	ff91c6e3	blt	x3,x25,80002664	  x3:0x00000009 x25:0x00000014
       19225000	      1921	00000000	00000013	addi	x0,x0,0	  x0:0x00000000
       19235000	      1922	80002660	00000013	addi	x0,x0,0	  x0:0x00000000
       19245000	      1923	80002664	5915d517	auipc	x10,0x5915d	 x10=0xd915f660
       19255000	      1924	80002668	00618193	addi	x3,x3,6	  x3:0x00000009  x3=0x0000000f
       19265000	      1925	8000266c	00a9ab33	slt	x22,x19,x10	 x19:0x0000062f x10:0xd915f660 x22=0x00000000
       19275000	      1926	80002670	015ebd33	sltu	x26,x29,x21	 x29:0x00000001 x21:0x00000000 x26=0x00000000
       19285000	      1927	80002674	009a9f33	sll	x30,x21,x9	 x21:0x00000000  x9:0x66597714 x30=0x00000000
       19295000	      1928	80002678	ff91c6e3	blt	x3,x25,80002664	  x3:0x0000000f x25:0x00000014
       19305000	      1929	00000000	00000013	addi	x0,x0,0	  x0:0x00000000
       19315000	      1930	80002660	00000013	addi	x0,x0,0	  x0:0x00000000
       19325000	      1931	80002664	5915d517	auipc	x10,0x5915d	 x10=0xd915f660
       19335000	      1932	80002668	00618193	addi	x3,x3,6	  x3:0x0000000f  x3=0x00000015
       19345000	      1933	8000266c	00a9ab33	slt	x22,x19,x10	 x19:0x0000062f x10:0xd915f660 x22=0x00000000
       19355000	      1934	80002670	015ebd33	sltu	x26,x29,x21	 x29:0x00000001 x21:0x00000000 x26=0x00000000
       19365000	      1935	80002674	009a9f33	sll	x30,x21,x9	 x21:0x00000000  x9:0x66597714 x30=0x00000000
       19375000	      1936	80002678	ff91c6e3	blt	x3,x25,80002664	  x3:0x00000015 x25:0x00000014
       19385000	      1937	8000267c	0007d433	srl	x8,x15,x0	 x15:0x80009efc  x0:0x00000000  x8=0x80009efc
       19395000	      1938	80002680	416e8033	sub	x0,x29,x22	 x29:0x00000001 x22:0x00000000
       19405000	      1939	80002684	03a8ab93	slti	x23,x17,58	 x17:0x80009fc4 x23=0x00000001
       19415000	      1940	80002688	bae70593	addi	x11,x14,-1106	 x14:0x00000000 x11=0xfffffbae
       19425000	      1941	8000268c	018087b3	add	x15,x1,x24	  x1:0x0fffffe6 x24:0xfffffffe x15=0x0fffffe4
       19435000	      1942	80002690	40d782b3	sub	x5,x15,x13	 x15:0x0fffffe4 x13:0xfffffff3  x5=0x0ffffff1
       19445000	      1943	80002694	ed8b6e93	ori	x29,x22,-296	 x22:0x00000000 x29=0xfffffed8
       19455000	      1944	80002698	06c34063	blt	x6,x12,800026f8	  x6:0x8fffffe6 x12:0xfffffff5
       19465000	      1945	00000000	00000013	addi	x0,x0,0	  x0:0x00000000
       19475000	      1946	800026f4	00000013	addi	x0,x0,0	  x0:0x00000000
       19485000	      1947	800026f8	012bda93	srli	x21,x23,0x12	 x23:0x00000001 x21=0x00000000
       19495000	      1948	800026fc	01017ab3	and	x21,x2,x16	  x2:0xe0000000 x16:0xe0000000 x21=0xe0000000
       19505000	      1949	80002700	023e6063	bltu	x28,x3,80002720	 x28:0x00000000  x3:0x00000015
       19515000	      1950	00000000	00000013	addi	x0,x0,0	  x0:0x00000000
       19525000	      1951	8000271c	00000013	addi	x0,x0,0	  x0:0x00000000
       19535000	      1952	80002720	01f0c633	xor	x12,x1,x31	  x1:0x0fffffe6 x31:0x570f0000 x12=0x58f0ffe6
       19545000	      1953	80002724	02630a63	beq	x6,x6,80002758	  x6:0x8fffffe6  x6:0x8fffffe6
       19555000	      1954	00000000	00000013	addi	x0,x0,0	  x0:0x00000000
       19565000	      1955	80002754	00000013	addi	x0,x0,0	  x0:0x00000000
       19575000	      1956	80002758	004e42b3	xor	x5,x28,x4	 x28:0x00000000  x4:0x00000001  x5=0x00000001
       19585000	      1957	8000275c	00320cb3	add	x25,x4,x3	  x4:0x00000001  x3:0x00000015 x25=0x00000016
       19595000	      1958	80002760	00000013	addi	x0,x0,0	  x0:0x00000000
       19605000	      1959	80002764	00a745b3	xor	x11,x14,x10	 x14:0x00000000 x10:0xd915f660 x11=0xd915f660
       19615000	      1960	80002768	018219b3	sll	x19,x4,x24	  x4:0x00000001 x24:0xfffffffe x19=0x40000000
       19625000	      1961	8000276c	00000013	addi	x0,x0,0	  x0:0x00000000
       19635000	      1962	80002770	41600433	sub	x8,x0,x22	  x0:0x00000000 x22:0x00000000  x8=0x00000000
       19645000	      1963	80002774	00635e13	srli	x28,x6,0x6	  x6:0x8fffffe6 x28=0x023fffff
       19655000	      1964	80002778	91854b13	xori	x22,x10,-1768	 x10:0xd915f660 x22=0x26ea0f78
       19665000	      1965	8000277c	4d6f4813	xori	x16,x30,1238	 x30:0x00000000 x16=0x000004d6
       19675000	      1966	80002780	03a44e63	blt	x8,x26,800027bc	  x8:0x00000000 x26:0x00000000
       19685000	      1967	80002784	c45f7313	andi	x6,x30,-955	 x30:0x00000000  x6=0x00000000
       19695000	      1968	80002788	01275b33	srl	x22,x14,x18	 x14:0x00000000 x18:0x665979af x22=0x00000000
       19705000	      1969	8000278c	06c41697	auipc	x13,0x6c41	 x13=0x86c43788
       19715000	      1970	80002790	013edf93	srli	x31,x29,0x13	 x29:0xfffffed8 x31=0x00001fff
       19725000	      1971	80002794	09052793	slti	x15,x10,144	 x10:0xd915f660 x15=0x00000001
       19735000	      1972	80002798	03560e63	beq	x12,x21,800027d4	 x12:0x58f0ffe6 x21:0xe0000000
       19745000	      1973	8000279c	005a59b3	srl	x19,x20,x5	 x20:0x80009ec0  x5:0x00000001 x19=0x40004f60
       19755000	      1974	800027a0	00394463	blt	x18,x3,800027a8	 x18:0x665979af  x3:0x00000015
       19765000	      1975	800027a4	00449193	slli	x3,x9,0x4	  x9:0x66597714  x3=0x65977140
       19775000	      1976	800027a8	002a4733	xor	x14,x20,x2	 x20:0x80009ec0  x2:0xe0000000 x14=0x60009ec0
       19785000	      1977	800027ac	0158efb3	or	x31,x17,x21	 x17:0x80009fc4 x21:0xe0000000 x31=0xe0009fc4
       19795000	      1978	800027b0	00d8b833	sltu	x16,x17,x13	 x17:0x80009fc4 x13:0x86c43788 x16=0x00000001
       19805000	      1979	800027b4	007e6fb3	or	x31,x28,x7	 x28:0x023fffff  x7:0xfe000000 x31=0xfe3fffff
       19815000	      1980	800027b8	00325e33	srl	x28,x4,x3	  x4:0x00000001  x3:0x65977140 x28=0x00000001
       19825000	      1981	800027bc	00a29c33	sll	x24,x5,x10	  x5:0x00000001 x10:0xd915f660 x24=0x00000001
       19835000	      1982	800027c0	00000013	addi	x0,x0,0	  x0:0x00000000
       19845000	      1983	800027c4	27b53913	sltiu	x18,x10,635	 x10:0xd915f660 x18=0x00000000
       19855000	      1984	800027c8	40b98133	sub	x2,x19,x11	 x19:0x40004f60 x11:0xd915f660  x2=0x66ea5900
       19865000	      1985	800027cc	011b5fb3	srl	x31,x22,x17	 x22:0x00000000 x17:0x80009fc4 x31=0x00000000
       19875000	      1986	800027d0	00000013	addi	x0,x0,0	  x0:0x00000000
       19885000	      1987	800027d4	8fc7c313	xori	x6,x15,-1796	 x15:0x00000001  x6=0xfffff8fd
       19895000	      1988	800027d8	b5dd8713	addi	x14,x27,-1187	 x27:0xf0000016 x14=0xeffffb73
       19905000	      1989	800027dc	417e0d33	sub	x26,x28,x23	 x28:0x00000001 x23:0x00000001 x26=0x00000000
       19915000	      1990	800027e0	00997863	bgeu	x18,x9,800027f0	 x18:0x00000000  x9:0x66597714
       19925000	      1991	800027e4	00b83133	sltu	x2,x16,x11	 x16:0x00000001 x11:0xd915f660  x2=0x00000001
       19935000	      1992	800027e8	00ae3433	sltu	x8,x28,x10	 x28:0x00000001 x10:0xd915f660  x8=0x00000001
       19945000	      1993	800027ec	0130b233	sltu	x4,x1,x19	  x1:0x0fffffe6 x19:0x40004f60  x4=0x00000001
       19955000	      1994	800027f0	e730c693	xori	x13,x1,-397	  x1:0x0fffffe6 x13=0xf0000195
       19965000	      1995	800027f4	7402c937	lui	x18,0x7402c	 x18=0x7402c000
       19975000	      1996	800027f8	00000013	addi	x0,x0,0	  x0:0x00000000
       19985000	      1997	800027fc	01e61593	slli	x11,x12,0x1e	 x12:0x58f0ffe6 x11=0x80000000
       19995000	      1998	80002800	00421e93	slli	x29,x4,0x4	  x4:0x00000001 x29=0x00000010
       20005000	      1999	80002804	297f6213	ori	x4,x30,663	 x30:0x00000000  x4=0x00000297
       20015000	      2000	80002808	015a8263	beq	x21,x21,8000280c	 x21:0xe0000000 x21:0xe0000000
       20025000	      2001	00000000	00000013	addi	x0,x0,0	  x0:0x00000000
       20035000	      2002	80002808	00000013	addi	x0,x0,0	  x0:0x00000000
       20045000	      2003	8000280c	00c376b3	and	x13,x6,x12	  x6:0xfffff8fd x12:0x58f0ffe6 x13=0x58f0f8e4
       20055000	      2004	80002810	0016de33	srl	x28,x13,x1	 x13:0x58f0f8e4  x1:0x0fffffe6 x28=0x0163c3e3
       20065000	      2005	80002814	00924663	blt	x4,x9,80002820	  x4:0x00000297  x9:0x66597714
       20075000	      2006	00000000	00000013	addi	x0,x0,0	  x0:0x00000000
       20085000	      2007	8000281c	00000013	addi	x0,x0,0	  x0:0x00000000
       20095000	      2008	80002820	038edc63	bge	x29,x24,80002858	 x29:0x00000010 x24:0x00000001
       20105000	      2009	00000000	00000013	addi	x0,x0,0	  x0:0x00000000
       20115000	      2010	80002854	00000013	addi	x0,x0,0	  x0:0x00000000
       20125000	      2011	80002858	01d55d93	srli	x27,x10,0x1d	 x10:0xd915f660 x27=0x00000006
       20135000	      2012	8000285c	00540033	add	x0,x8,x5	  x8:0x00000001  x5:0x00000001
       20145000	      2013	80002860	02df4263	blt	x30,x13,80002884	 x30:0x00000000 x13:0x58f0f8e4
       20155000	      2014	00000000	00000013	addi	x0,x0,0	  x0:0x00000000
       20165000	      2015	80002880	00000013	addi	x0,x0,0	  x0:0x00000000
       20175000	      2016	80002884	02526663	bltu	x4,x5,800028b0	  x4:0x00000297  x5:0x00000001
       20185000	      2017	80002888	0163d3b3	srl	x7,x7,x22	  x7:0xfe000000 x22:0x00000000  x7=0xfe000000
       20195000	      2018	8000288c	00000b33	add	x22,x0,x0	  x0:0x00000000  x0:0x00000000 x22=0x00000000
       20205000	      2019	80002890	878da993	slti	x19,x27,-1928	 x27:0x00000006 x19=0x00000000
       20215000	      2020	80002894	002943b3	xor	x7,x18,x2	 x18:0x7402c000  x2:0x00000001  x7=0x7402c001
       20225000	      2021	80002898	ba02b313	sltiu	x6,x5,-1120	  x5:0x00000001  x6=0x00000001
       20235000	      2022	8000289c	00696733	or	x14,x18,x6	 x18:0x7402c000  x6:0x00000001 x14=0x7402c001
       20245000	      2023	800028a0	40d65593	srai	x11,x12,0xd	 x12:0x58f0ffe6 x11=0x0002c787
       20255000	      2024	800028a4	0016de93	srli	x29,x13,0x1	 x13:0x58f0f8e4 x29=0x2c787c72
       20265000	      2025	800028a8	015bb9b3	sltu	x19,x23,x21	 x23:0x00000001 x21:0xe0000000 x19=0x00000001
       20275000	      2026	800028ac	004e20b3	slt	x1,x28,x4	 x28:0x0163c3e3  x4:0x00000297  x1=0x00000000
       20285000	      2027	800028b0	02389863	bne	x17,x3,800028e0	 x17:0x80009fc4  x3:0x65977140
       20295000	      2028	00000000	00000013	addi	x0,x0,0	  x0:0x00000000
       20305000	      2029	800028dc	00000013	addi	x0,x0,0	  x0:0x00000000
       20315000	      2030	800028e0	88342913	slti	x18,x8,-1917	  x8:0x00000001 x18=0x00000000
       20325000	      2031	800028e4	1f00d517	auipc	x10,0x1f00d	 x10=0x9f00f8e0
       20335000	      2032	800028e8	016dd7b3	srl	x15,x27,x22	 x27:0x00000006 x22:0x00000000 x15=0x00000006
       20345000	      2033	800028ec	01a6dc13	srli	x24,x13,0x1a	 x13:0x58f0f8e4 x24=0x00000016
       20355000	      2034	800028f0	012b9993	slli	x19,x23,0x12	 x23:0x00000001 x19=0x00040000
       20365000	      2035	800028f4	00000013	addi	x0,x0,0	  x0:0x00000000
       20375000	      2036	800028f8	44135e17	auipc	x28,0x44135	 x28=0xc41378f4
       20385000	      2037	800028fc	a071e013	ori	x0,x3,-1529	  x3:0x65977140
       20395000	      2038	80002900	66397813	andi	x16,x18,1635	 x18:0x00000000 x16=0x00000000
       20405000	      2039	80002904	97e1a713	slti	x14,x3,-1666	  x3:0x65977140 x14=0x00000000
       20415000	      2040	80002908	00777db3	and	x27,x14,x7	 x14:0x00000000  x7:0x7402c001 x27=0x00000000
       20425000	      2041	8000290c	c5541537	lui	x10,0xc5541	 x10=0xc5541000
       20435000	      2042	80002910	8c55c513	xori	x10,x11,-1851	 x11:0x0002c787 x10=0xfffd3f42
       20445000	      2043	80002914	4768ee93	ori	x29,x17,1142	 x17:0x80009fc4 x29=0x80009ff6
       20455000	      2044	80002918	7d947713	andi	x14,x8,2009	  x8:0x00000001 x14=0x00000001
       20465000	      2045	8000291c	41b605b3	sub	x11,x12,x27	 x12:0x58f0ffe6 x27:0x00000000 x11=0x58f0ffe6
       20475000	      2046	80002920	00000013	addi	x0,x0,0	  x0:0x00000000
       20485000	      2047	80002924	00300793	addi	x15,x0,3	  x0:0x00000000 x15=0x00000003
       20495000	      2048	80002928	ffa00693	addi	x13,x0,-6	  x0:0x00000000 x13=0xfffffffa
       20505000	      2049	8000292c	26d5e713	ori	x14,x11,621	 x11:0x58f0ffe6 x14=0x58f0ffef
       20515000	      2050	80002930	ff778793	addi	x15,x15,-9	 x15:0x00000003 x15=0xfffffffa
       20525000	      2051	80002934	01b062b3	or	x5,x0,x27	  x0:0x00000000 x27:0x00000000  x5=0x00000000
       20535000	      2052	80002938	fed78ae3	beq	x15,x13,8000292c	 x15:0xfffffffa x13:0xfffffffa
       20545000	      2053	00000000	00000013	addi	x0,x0,0	  x0:0x00000000
       20555000	      2054	80002928	00000013	addi	x0,x0,0	  x0:0x00000000
       20565000	      2055	8000292c	26d5e713	ori	x14,x11,621	 x11:0x58f0ffe6 x14=0x58f0ffef
       20575000	      2056	80002930	ff778793	addi	x15,x15,-9	 x15:0xfffffffa x15=0xfffffff1
       20585000	      2057	80002934	01b062b3	or	x5,x0,x27	  x0:0x00000000 x27:0x00000000  x5=0x00000000
       20595000	      2058	80002938	fed78ae3	beq	x15,x13,8000292c	 x15:0xfffffff1 x13:0xfffffffa
       20605000	      2059	8000293c	418f5ab3	sra	x21,x30,x24	 x30:0x00000000 x24:0x00000016 x21=0x00000000
       20615000	      2060	80002940	01330c33	add	x24,x6,x19	  x6:0x00000001 x19:0x00040000 x24=0x00040001
       20625000	      2061	80002944	03a0fc63	bgeu	x1,x26,8000297c	  x1:0x00000000 x26:0x00000000
       20635000	      2062	00000000	00000013	addi	x0,x0,0	  x0:0x00000000
       20645000	      2063	80002978	00000013	addi	x0,x0,0	  x0:0x00000000
       20655000	      2064	8000297c	afd39c37	lui	x24,0xafd39	 x24=0xafd39000
       20665000	      2065	80002980	0112d713	srli	x14,x5,0x11	  x5:0x00000000 x14=0x00000000
       20675000	      2066	80002984	4b829d17	auipc	x26,0x4b829	 x26=0xcb82b980
       20685000	      2067	80002988	37326b13	ori	x22,x4,883	  x4:0x00000297 x22=0x000003f7
       20695000	      2068	8000298c	00000013	addi	x0,x0,0	  x0:0x00000000
       20705000	      2069	80002990	ba6c5317	auipc	x6,0xba6c5	  x6=0x3a6c798c
       20715000	      2070	80002994	4003db93	srai	x23,x7,0x0	  x7:0x7402c001 x23=0x7402c001
       20725000	      2071	80002998	37388293	addi	x5,x17,883	 x17:0x80009fc4  x5=0x8000a337
       20735000	      2072	8000299c	01e5e333	or	x6,x11,x30	 x11:0x58f0ffe6 x30:0x00000000  x6=0x58f0ffe6
       20745000	      2073	800029a0	00b55c33	srl	x24,x10,x11	 x10:0xfffd3f42 x11:0x58f0ffe6 x24=0x03fff4fd
       20755000	      2074	800029a4	6652f013	andi	x0,x5,1637	  x5:0x8000a337
       20765000	      2075	800029a8	01eebc33	sltu	x24,x29,x30	 x29:0x80009ff6 x30:0x00000000 x24=0x00000000
       20775000	      2076	800029ac	01932e33	slt	x28,x6,x25	  x6:0x58f0ffe6 x25:0x00000016 x28=0x00000000
       20785000	      2077	800029b0	02944c63	blt	x8,x9,800029e8	  x8:0x00000001  x9:0x66597714
       20795000	      2078	00000000	00000013	addi	x0,x0,0	  x0:0x00000000
       20805000	      2079	800029e4	00000013	addi	x0,x0,0	  x0:0x00000000
       20815000	      2080	800029e8	3716a413	slti	x8,x13,881	 x13:0xfffffffa  x8=0x00000001
       20825000	      2081	800029ec	00241463	bne	x8,x2,800029f4	  x8:0x00000001  x2:0x00000001
       20835000	      2082	800029f0	00f2c233	xor	x4,x5,x15	  x5:0x8000a337 x15:0xfffffff1  x4=0x7fff5cc6
       20845000	      2083	800029f4	31018a93	addi	x21,x3,784	  x3:0x65977140 x21=0x65977450
       20855000	      2084	800029f8	01583433	sltu	x8,x16,x21	 x16:0x00000000 x21:0x65977450  x8=0x00000001
       20865000	      2085	800029fc	017145b3	xor	x11,x2,x23	  x2:0x00000001 x23:0x7402c001 x11=0x7402c000
       20875000	      2086	80002a00	40250733	sub	x14,x10,x2	 x10:0xfffd3f42  x2:0x00000001 x14=0xfffd3f41
       20885000	      2087	80002a04	0574c463	blt	x9,x23,80002a4c	  x9:0x66597714 x23:0x7402c001
       20895000	      2088	00000000	00000013	addi	x0,x0,0	  x0:0x00000000
       20905000	      2089	80002a48	00000013	addi	x0,x0,0	  x0:0x00000000
       20915000	      2090	80002a4c	01be4433	xor	x8,x28,x27	 x28:0x00000000 x27:0x00000000  x8=0x00000000
       20925000	      2091	80002a50	14054c13	xori	x24,x10,320	 x10:0xfffd3f42 x24=0xfffd3e02
       20935000	      2092	80002a54	01b09e13	slli	x28,x1,0x1b	  x1:0x00000000 x28=0x00000000
       20945000	      2093	80002a58	62e09eb7	lui	x29,0x62e09	 x29=0x62e09000
       20955000	      2094	80002a5c	076762b7	lui	x5,0x7676	  x5=0x07676000
       20965000	      2095	80002a60	03ad1063	bne	x26,x26,80002a80	 x26:0xcb82b980 x26:0xcb82b980
       20975000	      2096	80002a64	037d6c63	bltu	x26,x23,80002a9c	 x26:0xcb82b980 x23:0x7402c001
       20985000	      2097	80002a68	014c0233	add	x4,x24,x20	 x24:0xfffd3e02 x20:0x80009ec0  x4=0x7ffddcc2
       20995000	      2098	80002a6c	5659e313	ori	x6,x19,1381	 x19:0x00040000  x6=0x00040565
       21005000	      2099	80002a70	04f38863	beq	x7,x15,80002ac0	  x7:0x7402c001 x15:0xfffffff1
       21015000	      2100	80002a74	ff2faf37	lui	x30,0xff2fa	 x30=0xff2fa000
       21025000	      2101	80002a78	00921f33	sll	x30,x4,x9	  x4:0x7ffddcc2  x9:0x66597714 x30=0xcc200000
       21035000	      2102	80002a7c	002b81b3	add	x3,x23,x2	 x23:0x7402c001  x2:0x00000001  x3=0x7402c002
       21045000	      2103	80002a80	03c66c63	bltu	x12,x28,80002ab8	 x12:0x58f0ffe6 x28:0x00000000
       21055000	      2104	80002a84	00fd3833	sltu	x16,x26,x15	 x26:0xcb82b980 x15:0xfffffff1 x16=0x00000001
       21065000	      2105	80002a88	9af67a93	andi	x21,x12,-1617	 x12:0x58f0ffe6 x21=0x58f0f9a6
       21075000	      2106	80002a8c	02349863	bne	x9,x3,80002abc	  x9:0x66597714  x3:0x7402c002
       21085000	      2107	00000000	00000013	addi	x0,x0,0	  x0:0x00000000
       21095000	      2108	80002ab8	00000013	addi	x0,x0,0	  x0:0x00000000
       21105000	      2109	80002abc	01c5fd33	and	x26,x11,x28	 x11:0x7402c000 x28:0x00000000 x26=0x00000000
       21115000	      2110	80002ac0	41c055b3	sra	x11,x0,x28	  x0:0x00000000 x28:0x00000000 x11=0x00000000
       21125000	      2111	80002ac4	712ea613	slti	x12,x29,1810	 x29:0x62e09000 x12=0x00000000
       21135000	      2112	80002ac8	4269ad93	slti	x27,x19,1062	 x19:0x00040000 x27=0x00000000
       21145000	      2113	80002acc	00f01993	slli	x19,x0,0xf	  x0:0x00000000 x19=0x00000000
       21155000	      2114	80002ad0	360bf613	andi	x12,x23,864	 x23:0x7402c001 x12=0x00000000
       21165000	      2115	80002ad4	41005213	srai	x4,x0,0x10	  x0:0x00000000  x4=0x00000000
       21175000	      2116	80002ad8	222fea93	ori	x21,x31,546	 x31:0x00000000 x21=0x00000222
       21185000	      2117	80002adc	e3bcf393	andi	x7,x25,-453	 x25:0x00000016  x7=0x00000012
       21195000	      2118	80002ae0	001bddb3	srl	x27,x23,x1	 x23:0x7402c001  x1:0x00000000 x27=0x7402c001
       21205000	      2119	80002ae4	01d25d33	srl	x26,x4,x29	  x4:0x00000000 x29:0x62e09000 x26=0x00000000
       21215000	      2120	80002ae8	749de693	ori	x13,x27,1865	 x27:0x7402c001 x13=0x7402c749
       21225000	      2121	80002aec	02845e63	bge	x8,x8,80002b28	  x8:0x00000000  x8:0x00000000
       21235000	      2122	00000000	00000013	addi	x0,x0,0	  x0:0x00000000
       21245000	      2123	80002b24	00000013	addi	x0,x0,0	  x0:0x00000000
       21255000	      2124	80002b28	a266a393	slti	x7,x13,-1498	 x13:0x7402c749  x7=0x00000000
       21265000	      2125	80002b2c	03bb6193	ori	x3,x22,59	 x22:0x000003f7  x3=0x000003ff
       21275000	      2126	80002b30	3971d637	lui	x12,0x3971d	 x12=0x3971d000
       21285000	      2127	80002b34	030c5863	bge	x24,x16,80002b64	 x24:0xfffd3e02 x16:0x00000001
       21295000	      2128	80002b38	00000013	addi	x0,x0,0	  x0:0x00000000
       21305000	      2129	80002b3c	4117db93	srai	x23,x15,0x11	 x15:0xfffffff1 x23=0xffffffff
       21315000	      2130	80002b40	4001d133	sra	x2,x3,x0	  x3:0x000003ff  x0:0x00000000  x2=0x000003ff
       21325000	      2131	80002b44	c5f1be37	lui	x28,0xc5f1b	 x28=0xc5f1b000
       21335000	      2132	80002b48	01d60a63	beq	x12,x29,80002b5c	 x12:0x3971d000 x29:0x62e09000
       21345000	      2133	80002b4c	00ad22b3	slt	x5,x26,x10	 x26:0x00000000 x10:0xfffd3f42  x5=0x00000000
       21355000	      2134	80002b50	018bc663	blt	x23,x24,80002b5c	 x23:0xffffffff x24:0xfffd3e02
       21365000	      2135	80002b54	41745e33	sra	x28,x8,x23	  x8:0x00000000 x23:0xffffffff x28=0x00000000
       21375000	      2136	80002b58	02e0de63	bge	x1,x14,80002b94	  x1:0x00000000 x14:0xfffd3f41
       21385000	      2137	00000000	00000013	addi	x0,x0,0	  x0:0x00000000
       21395000	      2138	80002b90	00000013	addi	x0,x0,0	  x0:0x00000000
       21405000	      2139	80002b94	fa6c0b97	auipc	x23,0xfa6c0	 x23=0x7a6c2b90
       21415000	      2140	80002b98	41c6deb3	sra	x29,x13,x28	 x13:0x7402c749 x28:0x00000000 x29=0x7402c749
       21425000	      2141	80002b9c	03b00263	beq	x0,x27,80002bc0	  x0:0x00000000 x27:0x7402c001
       21435000	      2142	80002ba0	ca13b793	sltiu	x15,x7,-863	  x7:0x00000000 x15=0x00000001
       21445000	      2143	80002ba4	403407b3	sub	x15,x8,x3	  x8:0x00000000  x3:0x000003ff x15=0xfffffc01
       21455000	      2144	80002ba8	00fc52b3	srl	x5,x24,x15	 x24:0xfffd3e02 x15:0xfffffc01  x5=0x7ffe9f01
       21465000	      2145	80002bac	01759f93	slli	x31,x11,0x17	 x11:0x00000000 x31=0x00000000
       21475000	      2146	80002bb0	41755d93	srai	x27,x10,0x17	 x10:0xfffd3f42 x27=0xffffffff
       21485000	      2147	80002bb4	00489a93	slli	x21,x17,0x4	 x17:0x80009fc4 x21=0x0009fc40
       21495000	      2148	80002bb8	00695a93	srli	x21,x18,0x6	 x18:0x00000000 x21=0x00000000
       21505000	      2149	80002bbc	00b22633	slt	x12,x4,x11	  x4:0x00000000 x11:0x00000000 x12=0x00000000
       21515000	      2150	80002bc0	cb026c93	ori	x25,x4,-848	  x4:0x00000000 x25=0xfffffcb0
       21525000	      2151	80002bc4	011027b3	slt	x15,x0,x17	  x0:0x00000000 x17:0x80009fc4 x15=0x00000000
       21535000	      2152	80002bc8	017c81b3	add	x3,x25,x23	 x25:0xfffffcb0 x23:0x7a6c2b90  x3=0x7a6c2840
       21545000	      2153	80002bcc	00fa6ab3	or	x21,x20,x15	 x20:0x80009ec0 x15:0x00000000 x21=0x80009ec0
       21555000	      2154	80002bd0	b54b7813	andi	x16,x22,-1196	 x22:0x000003f7 x16=0x00000354
       21565000	      2155	80002bd4	40545213	srai	x4,x8,0x5	  x8:0x00000000  x4=0x00000000
       21575000	      2156	80002bd8	410c5b33	sra	x22,x24,x16	 x24:0xfffd3e02 x16:0x00000354 x22=0xffffffff
       21585000	      2157	80002bdc	004a2c03	lw	x24,4(x20)	 x20:0x80009ec0 x24=0x80000430 PA:0x80009ec4
       21595000	      2158	80002be0	024a0a13	addi	x20,x20,36	 x20:0x80009ec0 x20=0x80009ee4
       21605000	      2159	80002be4	01441233	sll	x4,x8,x20	  x8:0x00000000 x20:0x80009ee4  x4=0x00000000
       21615000	      2160	80002be8	00be6fb3	or	x31,x28,x11	 x28:0x00000000 x11:0x00000000 x31=0x00000000
       21625000	      2161	80002bec	00ea5613	srli	x12,x20,0xe	 x20:0x80009ee4 x12=0x00020002
       21635000	      2162	80002bf0	69dec513	xori	x10,x29,1693	 x29:0x7402c749 x10=0x7402c1d4
       21645000	      2163	80002bf4	00161cb3	sll	x25,x12,x1	 x12:0x00020002  x1:0x00000000 x25=0x00020002
       21655000	      2164	80002bf8	000c0b93	addi	x23,x24,0	 x24:0x80000430 x23=0x80000430
       21665000	      2165	80002bfc	000b8be7	jalr	x23,x23,0	 x23:0x80000430 x23=0x80002bfc
       21675000	      2166	00000000	00000013	addi	x0,x0,0	  x0:0x00000000
       21685000	      2167	80000430	00000013	addi	x0,x0,0	  x0:0x00000000
       21695000	      2168	80000434	018c5013	srli	x0,x24,0x18	 x24:0x80000430
       21705000	      2169	80000438	87bc4637	lui	x12,0x87bc4	 x12=0x87bc4000
       21715000	      2170	8000043c	00130f33	add	x30,x6,x1	  x6:0x00040565  x1:0x00000000 x30=0x00040565
       21725000	      2171	80000440	01ebea63	bltu	x23,x30,80000454	 x23:0x80002bfc x30:0x00040565
       21735000	      2172	80000444	40afd133	sra	x2,x31,x10	 x31:0x00000000 x10:0x7402c1d4  x2=0x00000000
       21745000	      2173	80000448	0037e463	bltu	x15,x3,80000450	 x15:0x00000000  x3:0x7a6c2840
       21755000	      2174	00000000	00000013	addi	x0,x0,0	  x0:0x00000000
       21765000	      2175	8000044c	00000013	addi	x0,x0,0	  x0:0x00000000
       21775000	      2176	80000450	034a0063	beq	x20,x20,80000470	 x20:0x80009ee4 x20:0x80009ee4
       21785000	      2177	00000000	00000013	addi	x0,x0,0	  x0:0x00000000
       21795000	      2178	8000046c	00000013	addi	x0,x0,0	  x0:0x00000000
       21805000	      2179	80000470	00be1433	sll	x8,x28,x11	 x28:0x00000000 x11:0x00000000  x8=0x00000000
       21815000	      2180	80000474	1f937613	andi	x12,x6,505	  x6:0x00040565 x12=0x00000161
       21825000	      2181	80000478	0a962e13	slti	x28,x12,169	 x12:0x00000161 x28=0x00000000
       21835000	      2182	8000047c	1cd7e313	ori	x6,x15,461	 x15:0x00000000  x6=0x000001cd
       21845000	      2183	80000480	9d81a793	slti	x15,x3,-1576	  x3:0x7a6c2840 x15=0x00000000
       21855000	      2184	80000484	00139613	slli	x12,x7,0x1	  x7:0x00000000 x12=0x00000000
       21865000	      2185	80000488	19665017	auipc	x0,0x19665	
       21875000	      2186	8000048c	9c307817	auipc	x16,0x9c307	 x16=0x1c307488
       21885000	      2187	80000490	f57cf213	andi	x4,x25,-169	 x25:0x00020002  x4=0x00020002
       21895000	      2188	80000494	012a2ab3	slt	x21,x20,x18	 x20:0x80009ee4 x18:0x00000000 x21=0x00000001
       21905000	      2189	80000498	410c5cb3	sra	x25,x24,x16	 x24:0x80000430 x16:0x1c307488 x25=0xff800004
       21915000	      2190	8000049c	01427d33	and	x26,x4,x20	  x4:0x00020002 x20:0x80009ee4 x26=0x00000000
       21925000	      2191	800004a0	01be1093	slli	x1,x28,0x1b	 x28:0x00000000  x1=0x00000000
       21935000	      2192	800004a4	8673b193	sltiu	x3,x7,-1945	  x7:0x00000000  x3=0x00000001
       21945000	      2193	800004a8	00801bb3	sll	x23,x0,x8	  x0:0x00000000  x8:0x00000000 x23=0x00000000
       21955000	      2194	800004ac	c29ace93	xori	x29,x21,-983	 x21:0x00000001 x29=0xfffffc28
       21965000	      2195	800004b0	3ff56e13	ori	x28,x10,1023	 x10:0x7402c1d4 x28=0x7402c3ff
       21975000	      2196	800004b4	01cc4633	xor	x12,x24,x28	 x24:0x80000430 x28:0x7402c3ff x12=0xf402c7cf
       21985000	      2197	800004b8	00000013	addi	x0,x0,0	  x0:0x00000000
       21995000	      2198	800004bc	004a2c03	lw	x24,4(x20)	 x20:0x80009ee4 x24=0x8000050c PA:0x80009ee8
       22005000	      2199	800004c0	024a0a13	addi	x20,x20,36	 x20:0x80009ee4 x20=0x80009f08
       22015000	      2200	800004c4	019c0e33	add	x28,x24,x25	 x24:0x8000050c x25:0xff800004 x28=0x7f800510
       22025000	      2201	800004c8	00afcab3	xor	x21,x31,x10	 x31:0x00000000 x10:0x7402c1d4 x21=0x7402c1d4
       22035000	      2202	800004cc	000c0e93	addi	x29,x24,0	 x24:0x8000050c x29=0x8000050c
       22045000	      2203	800004d0	000e8ee7	jalr	x29,x29,0	 x29:0x8000050c x29=0x800004d0
       22055000	      2204	00000000	00000013	addi	x0,x0,0	  x0:0x00000000
       22065000	      2205	8000050c	00000013	addi	x0,x0,0	  x0:0x00000000
       22075000	      2206	80000510	615e8993	addi	x19,x29,1557	 x29:0x800004d0 x19=0x80000ae5
       22085000	      2207	80000514	03c27613	andi	x12,x4,60	  x4:0x00020002 x12=0x00000000
       22095000	      2208	80000518	bc28ee93	ori	x29,x17,-1086	 x17:0x80009fc4 x29=0xffffffc6
       22105000	      2209	8000051c	9536dd37	lui	x26,0x9536d	 x26=0x9536d000
       22115000	      2210	80000520	aa688a93	addi	x21,x17,-1370	 x17:0x80009fc4 x21=0x80009a6a
       22125000	      2211	80000524	fbde3013	sltiu	x0,x28,-67	 x28:0x7f800510
       22135000	      2212	80000528	014e5713	srli	x14,x28,0x14	 x28:0x7f800510 x14=0x000007f8
       22145000	      2213	8000052c	01392cb3	slt	x25,x18,x19	 x18:0x00000000 x19:0x80000ae5 x25=0x00000000
       22155000	      2214	80000530	eb9ffc6f	jal	x24,80000530	 x24=0x80000530
       22165000	      2215	00000000	00000013	addi	x0,x0,0	  x0:0x00000000
       22175000	      2216	800003e4	00000013	addi	x0,x0,0	  x0:0x00000000
       22185000	      2217	800003e8	01a8b0b3	sltu	x1,x17,x26	 x17:0x80009fc4 x26:0x9536d000  x1=0x00000001
       22195000	      2218	800003ec	0089ccb3	xor	x25,x19,x8	 x19:0x80000ae5  x8:0x00000000 x25=0x80000ae5
       22205000	      2219	800003f0	00ccc463	blt	x25,x12,800003f8	 x25:0x80000ae5 x12:0x00000000
       22215000	      2220	00000000	00000013	addi	x0,x0,0	  x0:0x00000000
       22225000	      2221	800003f4	00000013	addi	x0,x0,0	  x0:0x00000000
       22235000	      2222	800003f8	fdca0a13	addi	x20,x20,-36	 x20:0x80009f08 x20=0x80009ee4
       22245000	      2223	800003fc	01271393	slli	x7,x14,0x12	 x14:0x000007f8  x7=0x1fe00000
       22255000	      2224	80000400	018a2223	sw	x24,4(x20)	 x20:0x80009ee4 x24:0x80000530 PA:0x80009ee8
       22265000	      2225	80000404	4031d1b3	sra	x3,x3,x3	  x3:0x00000001  x3:0x00000001  x3=0x00000000
       22275000	      2226	80000408	00000013	addi	x0,x0,0	  x0:0x00000000
       22285000	      2227	8000040c	00945f13	srli	x30,x8,0x9	  x8:0x00000000 x30=0x00000000
       22295000	      2228	80000410	b91a2b13	slti	x22,x20,-1135	 x20:0x80009ee4 x22=0x00000001
       22305000	      2229	80000414	01b8bbb3	sltu	x23,x17,x27	 x17:0x80009fc4 x27:0xffffffff x23=0x00000001
       22315000	      2230	80000418	6dca6793	ori	x15,x20,1756	 x20:0x80009ee4 x15=0x80009efc
       22325000	      2231	8000041c	00725513	srli	x10,x4,0x7	  x4:0x00020002 x10=0x00000400
       22335000	      2232	80000420	e6980b13	addi	x22,x16,-407	 x16:0x1c307488 x22=0x1c3072f1
       22345000	      2233	80000424	01ca01b3	add	x3,x20,x28	 x20:0x80009ee4 x28:0x7f800510  x3=0xff80a3f4
       22355000	      2234	80000428	41bd5e93	srai	x29,x26,0x1b	 x26:0x9536d000 x29=0xfffffff2
       22365000	      2235	8000042c	4c404a93	xori	x21,x0,1220	  x0:0x00000000 x21=0x000004c4
       22375000	      2236	80000430	0f002c6f	jal	x24,80000430	 x24=0x80000430
       22385000	      2237	00000000	00000013	addi	x0,x0,0	  x0:0x00000000
       22395000	      2238	8000251c	00000013	addi	x0,x0,0	  x0:0x00000000
       22405000	      2239	80002520	01e14663	blt	x2,x30,8000252c	  x2:0x00000000 x30:0x00000000
       22415000	      2240	80002524	0166c133	xor	x2,x13,x22	 x13:0x7402c749 x22:0x1c3072f1  x2=0x6832b5b8
       22425000	      2241	80002528	000cd9b3	srl	x19,x25,x0	 x25:0x80000ae5  x0:0x00000000 x19=0x80000ae5
       22435000	      2242	8000252c	fdca0a13	addi	x20,x20,-36	 x20:0x80009ee4 x20=0x80009ec0
       22445000	      2243	80002530	df0ca613	slti	x12,x25,-528	 x25:0x80000ae5 x12=0x00000001
       22455000	      2244	80002534	018a2223	sw	x24,4(x20)	 x20:0x80009ec0 x24:0x80000430 PA:0x80009ec4
       22465000	      2245	80002538	01128d33	add	x26,x5,x17	  x5:0x7ffe9f01 x17:0x80009fc4 x26=0xffff3ec5
       22475000	      2246	8000253c	00dcce33	xor	x28,x25,x13	 x25:0x80000ae5 x13:0x7402c749 x28=0xf402cdac
       22485000	      2247	80002540	011b50b3	srl	x1,x22,x17	 x22:0x1c3072f1 x17:0x80009fc4  x1=0x01c3072f
       22495000	      2248	80002544	00000013	addi	x0,x0,0	  x0:0x00000000
       22505000	      2249	80002548	52523297	auipc	x5,0x52523	  x5=0xd2525544
       22515000	      2250	8000254c	ffa00693	addi	x13,x0,-6	  x0:0x00000000 x13=0xfffffffa
       22525000	      2251	80002550	41ba5c93	srai	x25,x20,0x1b	 x20:0x80009ec0 x25=0xfffffff0
       22535000	      2252	80002554	ff300193	addi	x3,x0,-13	  x0:0x00000000  x3=0xfffffff3
       22545000	      2253	80002558	013833b3	sltu	x7,x16,x19	 x16:0x1c307488 x19:0x80000ae5  x7=0x00000001
       22555000	      2254	8000255c	4045d333	sra	x6,x11,x4	 x11:0x00000000  x4:0x00020002  x6=0x00000000
       22565000	      2255	80002560	8ba4a713	slti	x14,x9,-1862	  x9:0x66597714 x14=0x00000000
       22575000	      2256	80002564	1ddf6313	ori	x6,x30,477	 x30:0x00000000  x6=0x000001dd
       22585000	      2257	80002568	fff68693	addi	x13,x13,-1	 x13:0xfffffffa x13=0xfffffff9
       22595000	      2258	8000256c	0110e333	or	x6,x1,x17	  x1:0x01c3072f x17:0x80009fc4  x6=0x81c39fef
       22605000	      2259	80002570	00700b93	addi	x23,x0,7	  x0:0x00000000 x23=0x00000007
       22615000	      2260	80002574	01ba1d13	slli	x26,x20,0x1b	 x20:0x80009ec0 x26=0x00000000
       22625000	      2261	80002578	00700413	addi	x8,x0,7	  x0:0x00000000  x8=0x00000007
       22635000	      2262	8000257c	00d16e33	or	x28,x2,x13	  x2:0x6832b5b8 x13:0xfffffff9 x28=0xfffffff9
       22645000	      2263	80002580	00cdae33	slt	x28,x27,x12	 x27:0xffffffff x12:0x00000001 x28=0x00000001
       22655000	      2264	80002584	ffab8b93	addi	x23,x23,-6	 x23:0x00000007 x23=0x00000001
       22665000	      2265	80002588	fe8bfae3	bgeu	x23,x8,8000257c	 x23:0x00000001  x8:0x00000007
       22675000	      2266	8000258c	00ec4cb3	xor	x25,x24,x14	 x24:0x80000430 x14:0x00000000 x25=0x80000430
       22685000	      2267	80002590	01169b33	sll	x22,x13,x17	 x13:0xfffffff9 x17:0x80009fc4 x22=0xffffff90
       22695000	      2268	80002594	fc3696e3	bne	x13,x3,80002560	 x13:0xfffffff9  x3:0xfffffff3
       22705000	      2269	00000000	00000013	addi	x0,x0,0	  x0:0x00000000
       22715000	      2270	8000255c	00000013	addi	x0,x0,0	  x0:0x00000000
       22725000	      2271	80002560	8ba4a713	slti	x14,x9,-1862	  x9:0x66597714 x14=0x00000000
       22735000	      2272	80002564	1ddf6313	ori	x6,x30,477	 x30:0x00000000  x6=0x000001dd
       22745000	      2273	80002568	fff68693	addi	x13,x13,-1	 x13:0xfffffff9 x13=0xfffffff8
       22755000	      2274	8000256c	0110e333	or	x6,x1,x17	  x1:0x01c3072f x17:0x80009fc4  x6=0x81c39fef
       22765000	      2275	80002570	00700b93	addi	x23,x0,7	  x0:0x00000000 x23=0x00000007
       22775000	      2276	80002574	01ba1d13	slli	x26,x20,0x1b	 x20:0x80009ec0 x26=0x00000000
       22785000	      2277	80002578	00700413	addi	x8,x0,7	  x0:0x00000000  x8=0x00000007
       22795000	      2278	8000257c	00d16e33	or	x28,x2,x13	  x2:0x6832b5b8 x13:0xfffffff8 x28=0xfffffff8
       22805000	      2279	80002580	00cdae33	slt	x28,x27,x12	 x27:0xffffffff x12:0x00000001 x28=0x00000001
       22815000	      2280	80002584	ffab8b93	addi	x23,x23,-6	 x23:0x00000007 x23=0x00000001
       22825000	      2281	80002588	fe8bfae3	bgeu	x23,x8,8000257c	 x23:0x00000001  x8:0x00000007
       22835000	      2282	8000258c	00ec4cb3	xor	x25,x24,x14	 x24:0x80000430 x14:0x00000000 x25=0x80000430
       22845000	      2283	80002590	01169b33	sll	x22,x13,x17	 x13:0xfffffff8 x17:0x80009fc4 x22=0xffffff80
       22855000	      2284	80002594	fc3696e3	bne	x13,x3,80002560	 x13:0xfffffff8  x3:0xfffffff3
       22865000	      2285	00000000	00000013	addi	x0,x0,0	  x0:0x00000000
       22875000	      2286	8000255c	00000013	addi	x0,x0,0	  x0:0x00000000
       22885000	      2287	80002560	8ba4a713	slti	x14,x9,-1862	  x9:0x66597714 x14=0x00000000
       22895000	      2288	80002564	1ddf6313	ori	x6,x30,477	 x30:0x00000000  x6=0x000001dd
       22905000	      2289	80002568	fff68693	addi	x13,x13,-1	 x13:0xfffffff8 x13=0xfffffff7
       22915000	      2290	8000256c	0110e333	or	x6,x1,x17	  x1:0x01c3072f x17:0x80009fc4  x6=0x81c39fef
       22925000	      2291	80002570	00700b93	addi	x23,x0,7	  x0:0x00000000 x23=0x00000007
       22935000	      2292	80002574	01ba1d13	slli	x26,x20,0x1b	 x20:0x80009ec0 x26=0x00000000
       22945000	      2293	80002578	00700413	addi	x8,x0,7	  x0:0x00000000  x8=0x00000007
       22955000	      2294	8000257c	00d16e33	or	x28,x2,x13	  x2:0x6832b5b8 x13:0xfffffff7 x28=0xffffffff
       22965000	      2295	80002580	00cdae33	slt	x28,x27,x12	 x27:0xffffffff x12:0x00000001 x28=0x00000001
       22975000	      2296	80002584	ffab8b93	addi	x23,x23,-6	 x23:0x00000007 x23=0x00000001
       22985000	      2297	80002588	fe8bfae3	bgeu	x23,x8,8000257c	 x23:0x00000001  x8:0x00000007
       22995000	      2298	8000258c	00ec4cb3	xor	x25,x24,x14	 x24:0x80000430 x14:0x00000000 x25=0x80000430
       23005000	      2299	80002590	01169b33	sll	x22,x13,x17	 x13:0xfffffff7 x17:0x80009fc4 x22=0xffffff70
       23015000	      2300	80002594	fc3696e3	bne	x13,x3,80002560	 x13:0xfffffff7  x3:0xfffffff3
       23025000	      2301	00000000	00000013	addi	x0,x0,0	  x0:0x00000000
       23035000	      2302	8000255c	00000013	addi	x0,x0,0	  x0:0x00000000
       23045000	      2303	80002560	8ba4a713	slti	x14,x9,-1862	  x9:0x66597714 x14=0x00000000
       23055000	      2304	80002564	1ddf6313	ori	x6,x30,477	 x30:0x00000000  x6=0x000001dd
       23065000	      2305	80002568	fff68693	addi	x13,x13,-1	 x13:0xfffffff7 x13=0xfffffff6
       23075000	      2306	8000256c	0110e333	or	x6,x1,x17	  x1:0x01c3072f x17:0x80009fc4  x6=0x81c39fef
       23085000	      2307	80002570	00700b93	addi	x23,x0,7	  x0:0x00000000 x23=0x00000007
       23095000	      2308	80002574	01ba1d13	slli	x26,x20,0x1b	 x20:0x80009ec0 x26=0x00000000
       23105000	      2309	80002578	00700413	addi	x8,x0,7	  x0:0x00000000  x8=0x00000007
       23115000	      2310	8000257c	00d16e33	or	x28,x2,x13	  x2:0x6832b5b8 x13:0xfffffff6 x28=0xfffffffe
       23125000	      2311	80002580	00cdae33	slt	x28,x27,x12	 x27:0xffffffff x12:0x00000001 x28=0x00000001
       23135000	      2312	80002584	ffab8b93	addi	x23,x23,-6	 x23:0x00000007 x23=0x00000001
       23145000	      2313	80002588	fe8bfae3	bgeu	x23,x8,8000257c	 x23:0x00000001  x8:0x00000007
       23155000	      2314	8000258c	00ec4cb3	xor	x25,x24,x14	 x24:0x80000430 x14:0x00000000 x25=0x80000430
       23165000	      2315	80002590	01169b33	sll	x22,x13,x17	 x13:0xfffffff6 x17:0x80009fc4 x22=0xffffff60
       23175000	      2316	80002594	fc3696e3	bne	x13,x3,80002560	 x13:0xfffffff6  x3:0xfffffff3
       23185000	      2317	00000000	00000013	addi	x0,x0,0	  x0:0x00000000
       23195000	      2318	8000255c	00000013	addi	x0,x0,0	  x0:0x00000000
       23205000	      2319	80002560	8ba4a713	slti	x14,x9,-1862	  x9:0x66597714 x14=0x00000000
       23215000	      2320	80002564	1ddf6313	ori	x6,x30,477	 x30:0x00000000  x6=0x000001dd
       23225000	      2321	80002568	fff68693	addi	x13,x13,-1	 x13:0xfffffff6 x13=0xfffffff5
       23235000	      2322	8000256c	0110e333	or	x6,x1,x17	  x1:0x01c3072f x17:0x80009fc4  x6=0x81c39fef
       23245000	      2323	80002570	00700b93	addi	x23,x0,7	  x0:0x00000000 x23=0x00000007
       23255000	      2324	80002574	01ba1d13	slli	x26,x20,0x1b	 x20:0x80009ec0 x26=0x00000000
       23265000	      2325	80002578	00700413	addi	x8,x0,7	  x0:0x00000000  x8=0x00000007
       23275000	      2326	8000257c	00d16e33	or	x28,x2,x13	  x2:0x6832b5b8 x13:0xfffffff5 x28=0xfffffffd
       23285000	      2327	80002580	00cdae33	slt	x28,x27,x12	 x27:0xffffffff x12:0x00000001 x28=0x00000001
       23295000	      2328	80002584	ffab8b93	addi	x23,x23,-6	 x23:0x00000007 x23=0x00000001
       23305000	      2329	80002588	fe8bfae3	bgeu	x23,x8,8000257c	 x23:0x00000001  x8:0x00000007
       23315000	      2330	8000258c	00ec4cb3	xor	x25,x24,x14	 x24:0x80000430 x14:0x00000000 x25=0x80000430
       23325000	      2331	80002590	01169b33	sll	x22,x13,x17	 x13:0xfffffff5 x17:0x80009fc4 x22=0xffffff50
       23335000	      2332	80002594	fc3696e3	bne	x13,x3,80002560	 x13:0xfffffff5  x3:0xfffffff3
       23345000	      2333	00000000	00000013	addi	x0,x0,0	  x0:0x00000000
       23355000	      2334	8000255c	00000013	addi	x0,x0,0	  x0:0x00000000
       23365000	      2335	80002560	8ba4a713	slti	x14,x9,-1862	  x9:0x66597714 x14=0x00000000
       23375000	      2336	80002564	1ddf6313	ori	x6,x30,477	 x30:0x00000000  x6=0x000001dd
       23385000	      2337	80002568	fff68693	addi	x13,x13,-1	 x13:0xfffffff5 x13=0xfffffff4
       23395000	      2338	8000256c	0110e333	or	x6,x1,x17	  x1:0x01c3072f x17:0x80009fc4  x6=0x81c39fef
       23405000	      2339	80002570	00700b93	addi	x23,x0,7	  x0:0x00000000 x23=0x00000007
       23415000	      2340	80002574	01ba1d13	slli	x26,x20,0x1b	 x20:0x80009ec0 x26=0x00000000
       23425000	      2341	80002578	00700413	addi	x8,x0,7	  x0:0x00000000  x8=0x00000007
       23435000	      2342	8000257c	00d16e33	or	x28,x2,x13	  x2:0x6832b5b8 x13:0xfffffff4 x28=0xfffffffc
       23445000	      2343	80002580	00cdae33	slt	x28,x27,x12	 x27:0xffffffff x12:0x00000001 x28=0x00000001
       23455000	      2344	80002584	ffab8b93	addi	x23,x23,-6	 x23:0x00000007 x23=0x00000001
       23465000	      2345	80002588	fe8bfae3	bgeu	x23,x8,8000257c	 x23:0x00000001  x8:0x00000007
       23475000	      2346	8000258c	00ec4cb3	xor	x25,x24,x14	 x24:0x80000430 x14:0x00000000 x25=0x80000430
       23485000	      2347	80002590	01169b33	sll	x22,x13,x17	 x13:0xfffffff4 x17:0x80009fc4 x22=0xffffff40
       23495000	      2348	80002594	fc3696e3	bne	x13,x3,80002560	 x13:0xfffffff4  x3:0xfffffff3
       23505000	      2349	00000000	00000013	addi	x0,x0,0	  x0:0x00000000
       23515000	      2350	8000255c	00000013	addi	x0,x0,0	  x0:0x00000000
       23525000	      2351	80002560	8ba4a713	slti	x14,x9,-1862	  x9:0x66597714 x14=0x00000000
       23535000	      2352	80002564	1ddf6313	ori	x6,x30,477	 x30:0x00000000  x6=0x000001dd
       23545000	      2353	80002568	fff68693	addi	x13,x13,-1	 x13:0xfffffff4 x13=0xfffffff3
       23555000	      2354	8000256c	0110e333	or	x6,x1,x17	  x1:0x01c3072f x17:0x80009fc4  x6=0x81c39fef
       23565000	      2355	80002570	00700b93	addi	x23,x0,7	  x0:0x00000000 x23=0x00000007
       23575000	      2356	80002574	01ba1d13	slli	x26,x20,0x1b	 x20:0x80009ec0 x26=0x00000000
       23585000	      2357	80002578	00700413	addi	x8,x0,7	  x0:0x00000000  x8=0x00000007
       23595000	      2358	8000257c	00d16e33	or	x28,x2,x13	  x2:0x6832b5b8 x13:0xfffffff3 x28=0xfffffffb
       23605000	      2359	80002580	00cdae33	slt	x28,x27,x12	 x27:0xffffffff x12:0x00000001 x28=0x00000001
       23615000	      2360	80002584	ffab8b93	addi	x23,x23,-6	 x23:0x00000007 x23=0x00000001
       23625000	      2361	80002588	fe8bfae3	bgeu	x23,x8,8000257c	 x23:0x00000001  x8:0x00000007
       23635000	      2362	8000258c	00ec4cb3	xor	x25,x24,x14	 x24:0x80000430 x14:0x00000000 x25=0x80000430
       23645000	      2363	80002590	01169b33	sll	x22,x13,x17	 x13:0xfffffff3 x17:0x80009fc4 x22=0xffffff30
       23655000	      2364	80002594	fc3696e3	bne	x13,x3,80002560	 x13:0xfffffff3  x3:0xfffffff3
       23665000	      2365	80002598	015e9393	slli	x7,x29,0x15	 x29:0xfffffff2  x7=0xfe400000
       23675000	      2366	8000259c	00600213	addi	x4,x0,6	  x0:0x00000000  x4=0x00000006
       23685000	      2367	800025a0	40f505b3	sub	x11,x10,x15	 x10:0x00000400 x15:0x80009efc x11=0x7fff6504
       23695000	      2368	800025a4	00f00993	addi	x19,x0,15	  x0:0x00000000 x19=0x0000000f
       23705000	      2369	800025a8	00b3fcb3	and	x25,x7,x11	  x7:0xfe400000 x11:0x7fff6504 x25=0x7e400000
       23715000	      2370	800025ac	00720213	addi	x4,x4,7	  x4:0x00000006  x4=0x0000000d
       23725000	      2371	800025b0	29b48913	addi	x18,x9,667	  x9:0x66597714 x18=0x665979af
       23735000	      2372	800025b4	00000013	addi	x0,x0,0	  x0:0x00000000
       23745000	      2373	800025b8	9e2d4013	xori	x0,x26,-1566	 x26:0x00000000
       23755000	      2374	800025bc	000e5ab3	srl	x21,x28,x0	 x28:0x00000001  x0:0x00000000 x21=0x00000001
       23765000	      2375	800025c0	ff3264e3	bltu	x4,x19,800025a8	  x4:0x0000000d x19:0x0000000f
       23775000	      2376	00000000	00000013	addi	x0,x0,0	  x0:0x00000000
       23785000	      2377	800025a4	00000013	addi	x0,x0,0	  x0:0x00000000
       23795000	      2378	800025a8	00b3fcb3	and	x25,x7,x11	  x7:0xfe400000 x11:0x7fff6504 x25=0x7e400000
       23805000	      2379	800025ac	00720213	addi	x4,x4,7	  x4:0x0000000d  x4=0x00000014
       23815000	      2380	800025b0	29b48913	addi	x18,x9,667	  x9:0x66597714 x18=0x665979af
       23825000	      2381	800025b4	00000013	addi	x0,x0,0	  x0:0x00000000
       23835000	      2382	800025b8	9e2d4013	xori	x0,x26,-1566	 x26:0x00000000
       23845000	      2383	800025bc	000e5ab3	srl	x21,x28,x0	 x28:0x00000001  x0:0x00000000 x21=0x00000001
       23855000	      2384	800025c0	ff3264e3	bltu	x4,x19,800025a8	  x4:0x00000014 x19:0x0000000f
       23865000	      2385	800025c4	00280533	add	x10,x16,x2	 x16:0x1c307488  x2:0x6832b5b8 x10=0x84632a40
       23875000	      2386	800025c8	ffa00c13	addi	x24,x0,-6	  x0:0x00000000 x24=0xfffffffa
       23885000	      2387	800025cc	ab5f4613	xori	x12,x30,-1355	 x30:0x00000000 x12=0xfffffab5
       23895000	      2388	800025d0	00781613	slli	x12,x16,0x7	 x16:0x1c307488 x12=0x183a4400
       23905000	      2389	800025d4	02716d93	ori	x27,x2,39	  x2:0x6832b5b8 x27=0x6832b5bf
       23915000	      2390	800025d8	01cd2cb3	slt	x25,x26,x28	 x26:0x00000000 x28:0x00000001 x25=0x00000001
       23925000	      2391	800025dc	404b5fb3	sra	x31,x22,x4	 x22:0xffffff30  x4:0x00000014 x31=0xffffffff
       23935000	      2392	800025e0	00c00593	addi	x11,x0,12	  x0:0x00000000 x11=0x0000000c
       23945000	      2393	800025e4	0061f033	and	x0,x3,x6	  x3:0xfffffff3  x6:0x81c39fef
       23955000	      2394	800025e8	015bab13	slti	x22,x23,21	 x23:0x00000001 x22=0x00000001
       23965000	      2395	800025ec	62fbe993	ori	x19,x23,1583	 x23:0x00000001 x19=0x0000062f
       23975000	      2396	800025f0	d5ab3b13	sltiu	x22,x22,-678	 x22:0x00000001 x22=0x00000001
       23985000	      2397	800025f4	004c0c13	addi	x24,x24,4	 x24:0xfffffffa x24=0xfffffffe
       23995000	      2398	800025f8	00000013	addi	x0,x0,0	  x0:0x00000000
       24005000	      2399	800025fc	00400213	addi	x4,x0,4	  x0:0x00000000  x4=0x00000004
       24015000	      2400	80002600	00400293	addi	x5,x0,4	  x0:0x00000000  x5=0x00000004
       24025000	      2401	80002604	d547cd13	xori	x26,x15,-684	 x15:0x80009efc x26=0x7fff63a8
       24035000	      2402	80002608	00727cb3	and	x25,x4,x7	  x4:0x00000004  x7:0xfe400000 x25=0x00000000
       24045000	      2403	8000260c	00fc87b3	add	x15,x25,x15	 x25:0x00000000 x15:0x80009efc x15=0x80009efc
       24055000	      2404	80002610	ffd20213	addi	x4,x4,-3	  x4:0x00000004  x4=0x00000001
       24065000	      2405	80002614	00ac2cb3	slt	x25,x24,x10	 x24:0xfffffffe x10:0x84632a40 x25=0x00000000
       24075000	      2406	80002618	fe527ae3	bgeu	x4,x5,8000260c	  x4:0x00000001  x5:0x00000004
       24085000	      2407	8000261c	00000013	addi	x0,x0,0	  x0:0x00000000
       24095000	      2408	80002620	fcbc62e3	bltu	x24,x11,800025e4	 x24:0xfffffffe x11:0x0000000c
       24105000	      2409	80002624	01ee5813	srli	x16,x28,0x1e	 x28:0x00000001 x16=0x00000000
       24115000	      2410	80002628	00300193	addi	x3,x0,3	  x0:0x00000000  x3=0x00000003
       24125000	      2411	8000262c	400e8533	sub	x10,x29,x0	 x29:0xfffffff2  x0:0x00000000 x10=0xfffffff2
       24135000	      2412	80002630	00000013	addi	x0,x0,0	  x0:0x00000000
       24145000	      2413	80002634	58034e17	auipc	x28,0x58034	 x28=0xd8036630
       24155000	      2414	80002638	0097deb3	srl	x29,x15,x9	 x15:0x80009efc  x9:0x66597714 x29=0x00000800
       24165000	      2415	8000263c	01817833	and	x16,x2,x24	  x2:0x6832b5b8 x24:0xfffffffe x16=0x6832b5b8
       24175000	      2416	80002640	570f0fb7	lui	x31,0x570f0	 x31=0x570f0000
       24185000	      2417	80002644	00000013	addi	x0,x0,0	  x0:0x00000000
       24195000	      2418	80002648	136dbe13	sltiu	x28,x27,310	 x27:0x6832b5bf x28=0x00000000
       24205000	      2419	8000264c	00154db3	xor	x27,x10,x1	 x10:0xfffffff2  x1:0x01c3072f x27=0xfe3cf8dd
       24215000	      2420	80002650	014e9f13	slli	x30,x29,0x14	 x29:0x00000800 x30=0x80000000
       24225000	      2421	80002654	01400c93	addi	x25,x0,20	  x0:0x00000000 x25=0x00000014
       24235000	      2422	80002658	c0ff2e93	slti	x29,x30,-1009	 x30:0x80000000 x29=0x00000001
       24245000	      2423	8000265c	dc05a293	slti	x5,x11,-576	 x11:0x0000000c  x5=0x00000000
       24255000	      2424	80002660	40b20633	sub	x12,x4,x11	  x4:0x00000001 x11:0x0000000c x12=0xfffffff5
       24265000	      2425	80002664	5915d517	auipc	x10,0x5915d	 x10=0xd915f660
       24275000	      2426	80002668	00618193	addi	x3,x3,6	  x3:0x00000003  x3=0x00000009
       24285000	      2427	8000266c	00a9ab33	slt	x22,x19,x10	 x19:0x0000062f x10:0xd915f660 x22=0x00000000
       24295000	      2428	80002670	015ebd33	sltu	x26,x29,x21	 x29:0x00000001 x21:0x00000001 x26=0x00000000
       24305000	      2429	80002674	009a9f33	sll	x30,x21,x9	 x21:0x00000001  x9:0x66597714 x30=0x00100000
       24315000	      2430	80002678	ff91c6e3	blt	x3,x25,80002664	  x3:0x00000009 x25:0x00000014
       24325000	      2431	00000000	00000013	addi	x0,x0,0	  x0:0x00000000
       24335000	      2432	80002660	00000013	addi	x0,x0,0	  x0:0x00000000
       24345000	      2433	80002664	5915d517	auipc	x10,0x5915d	 x10=0xd915f660
       24355000	      2434	80002668	00618193	addi	x3,x3,6	  x3:0x00000009  x3=0x0000000f
       24365000	      2435	8000266c	00a9ab33	slt	x22,x19,x10	 x19:0x0000062f x10:0xd915f660 x22=0x00000000
       24375000	      2436	80002670	015ebd33	sltu	x26,x29,x21	 x29:0x00000001 x21:0x00000001 x26=0x00000000
       24385000	      2437	80002674	009a9f33	sll	x30,x21,x9	 x21:0x00000001  x9:0x66597714 x30=0x00100000
       24395000	      2438	80002678	ff91c6e3	blt	x3,x25,80002664	  x3:0x0000000f x25:0x00000014
       24405000	      2439	00000000	00000013	addi	x0,x0,0	  x0:0x00000000
       24415000	      2440	80002660	00000013	addi	x0,x0,0	  x0:0x00000000
       24425000	      2441	80002664	5915d517	auipc	x10,0x5915d	 x10=0xd915f660
       24435000	      2442	80002668	00618193	addi	x3,x3,6	  x3:0x0000000f  x3=0x00000015
       24445000	      2443	8000266c	00a9ab33	slt	x22,x19,x10	 x19:0x0000062f x10:0xd915f660 x22=0x00000000
       24455000	      2444	80002670	015ebd33	sltu	x26,x29,x21	 x29:0x00000001 x21:0x00000001 x26=0x00000000
       24465000	      2445	80002674	009a9f33	sll	x30,x21,x9	 x21:0x00000001  x9:0x66597714 x30=0x00100000
       24475000	      2446	80002678	ff91c6e3	blt	x3,x25,80002664	  x3:0x00000015 x25:0x00000014
       24485000	      2447	8000267c	0007d433	srl	x8,x15,x0	 x15:0x80009efc  x0:0x00000000  x8=0x80009efc
       24495000	      2448	80002680	416e8033	sub	x0,x29,x22	 x29:0x00000001 x22:0x00000000
       24505000	      2449	80002684	03a8ab93	slti	x23,x17,58	 x17:0x80009fc4 x23=0x00000001
       24515000	      2450	80002688	bae70593	addi	x11,x14,-1106	 x14:0x00000000 x11=0xfffffbae
       24525000	      2451	8000268c	018087b3	add	x15,x1,x24	  x1:0x01c3072f x24:0xfffffffe x15=0x01c3072d
       24535000	      2452	80002690	40d782b3	sub	x5,x15,x13	 x15:0x01c3072d x13:0xfffffff3  x5=0x01c3073a
       24545000	      2453	80002694	ed8b6e93	ori	x29,x22,-296	 x22:0x00000000 x29=0xfffffed8
       24555000	      2454	80002698	06c34063	blt	x6,x12,800026f8	  x6:0x81c39fef x12:0xfffffff5
       24565000	      2455	00000000	00000013	addi	x0,x0,0	  x0:0x00000000
       24575000	      2456	800026f4	00000013	addi	x0,x0,0	  x0:0x00000000
       24585000	      2457	800026f8	012bda93	srli	x21,x23,0x12	 x23:0x00000001 x21=0x00000000
       24595000	      2458	800026fc	01017ab3	and	x21,x2,x16	  x2:0x6832b5b8 x16:0x6832b5b8 x21=0x6832b5b8
       24605000	      2459	80002700	023e6063	bltu	x28,x3,80002720	 x28:0x00000000  x3:0x00000015
       24615000	      2460	00000000	00000013	addi	x0,x0,0	  x0:0x00000000
       24625000	      2461	8000271c	00000013	addi	x0,x0,0	  x0:0x00000000
       24635000	      2462	80002720	01f0c633	xor	x12,x1,x31	  x1:0x01c3072f x31:0x570f0000 x12=0x56cc072f
       24645000	      2463	80002724	02630a63	beq	x6,x6,80002758	  x6:0x81c39fef  x6:0x81c39fef
       24655000	      2464	00000000	00000013	addi	x0,x0,0	  x0:0x00000000
       24665000	      2465	80002754	00000013	addi	x0,x0,0	  x0:0x00000000
       24675000	      2466	80002758	004e42b3	xor	x5,x28,x4	 x28:0x00000000  x4:0x00000001  x5=0x00000001
       24685000	      2467	8000275c	00320cb3	add	x25,x4,x3	  x4:0x00000001  x3:0x00000015 x25=0x00000016
       24695000	      2468	80002760	00000013	addi	x0,x0,0	  x0:0x00000000
       24705000	      2469	80002764	00a745b3	xor	x11,x14,x10	 x14:0x00000000 x10:0xd915f660 x11=0xd915f660
       24715000	      2470	80002768	018219b3	sll	x19,x4,x24	  x4:0x00000001 x24:0xfffffffe x19=0x40000000
       24725000	      2471	8000276c	00000013	addi	x0,x0,0	  x0:0x00000000
       24735000	      2472	80002770	41600433	sub	x8,x0,x22	  x0:0x00000000 x22:0x00000000  x8=0x00000000
       24745000	      2473	80002774	00635e13	srli	x28,x6,0x6	  x6:0x81c39fef x28=0x02070e7f
       24755000	      2474	80002778	91854b13	xori	x22,x10,-1768	 x10:0xd915f660 x22=0x26ea0f78
       24765000	      2475	8000277c	4d6f4813	xori	x16,x30,1238	 x30:0x00100000 x16=0x001004d6
       24775000	      2476	80002780	03a44e63	blt	x8,x26,800027bc	  x8:0x00000000 x26:0x00000000
       24785000	      2477	80002784	c45f7313	andi	x6,x30,-955	 x30:0x00100000  x6=0x00100000
       24795000	      2478	80002788	01275b33	srl	x22,x14,x18	 x14:0x00000000 x18:0x665979af x22=0x00000000
       24805000	      2479	8000278c	06c41697	auipc	x13,0x6c41	 x13=0x86c43788
       24815000	      2480	80002790	013edf93	srli	x31,x29,0x13	 x29:0xfffffed8 x31=0x00001fff
       24825000	      2481	80002794	09052793	slti	x15,x10,144	 x10:0xd915f660 x15=0x00000001
       24835000	      2482	80002798	03560e63	beq	x12,x21,800027d4	 x12:0x56cc072f x21:0x6832b5b8
       24845000	      2483	8000279c	005a59b3	srl	x19,x20,x5	 x20:0x80009ec0  x5:0x00000001 x19=0x40004f60
       24855000	      2484	800027a0	00394463	blt	x18,x3,800027a8	 x18:0x665979af  x3:0x00000015
       24865000	      2485	800027a4	00449193	slli	x3,x9,0x4	  x9:0x66597714  x3=0x65977140
       24875000	      2486	800027a8	002a4733	xor	x14,x20,x2	 x20:0x80009ec0  x2:0x6832b5b8 x14=0xe8322b78
       24885000	      2487	800027ac	0158efb3	or	x31,x17,x21	 x17:0x80009fc4 x21:0x6832b5b8 x31=0xe832bffc
       24895000	      2488	800027b0	00d8b833	sltu	x16,x17,x13	 x17:0x80009fc4 x13:0x86c43788 x16=0x00000001
       24905000	      2489	800027b4	007e6fb3	or	x31,x28,x7	 x28:0x02070e7f  x7:0xfe400000 x31=0xfe470e7f
       24915000	      2490	800027b8	00325e33	srl	x28,x4,x3	  x4:0x00000001  x3:0x65977140 x28=0x00000001
       24925000	      2491	800027bc	00a29c33	sll	x24,x5,x10	  x5:0x00000001 x10:0xd915f660 x24=0x00000001
       24935000	      2492	800027c0	00000013	addi	x0,x0,0	  x0:0x00000000
       24945000	      2493	800027c4	27b53913	sltiu	x18,x10,635	 x10:0xd915f660 x18=0x00000000
       24955000	      2494	800027c8	40b98133	sub	x2,x19,x11	 x19:0x40004f60 x11:0xd915f660  x2=0x66ea5900
       24965000	      2495	800027cc	011b5fb3	srl	x31,x22,x17	 x22:0x00000000 x17:0x80009fc4 x31=0x00000000
       24975000	      2496	800027d0	00000013	addi	x0,x0,0	  x0:0x00000000
       24985000	      2497	800027d4	8fc7c313	xori	x6,x15,-1796	 x15:0x00000001  x6=0xfffff8fd
       24995000	      2498	800027d8	b5dd8713	addi	x14,x27,-1187	 x27:0xfe3cf8dd x14=0xfe3cf43a
       25005000	      2499	800027dc	417e0d33	sub	x26,x28,x23	 x28:0x00000001 x23:0x00000001 x26=0x00000000
       25015000	      2500	800027e0	00997863	bgeu	x18,x9,800027f0	 x18:0x00000000  x9:0x66597714
       25025000	      2501	800027e4	00b83133	sltu	x2,x16,x11	 x16:0x00000001 x11:0xd915f660  x2=0x00000001
       25035000	      2502	800027e8	00ae3433	sltu	x8,x28,x10	 x28:0x00000001 x10:0xd915f660  x8=0x00000001
       25045000	      2503	800027ec	0130b233	sltu	x4,x1,x19	  x1:0x01c3072f x19:0x40004f60  x4=0x00000001
       25055000	      2504	800027f0	e730c693	xori	x13,x1,-397	  x1:0x01c3072f x13=0xfe3cf95c
       25065000	      2505	800027f4	7402c937	lui	x18,0x7402c	 x18=0x7402c000
       25075000	      2506	800027f8	00000013	addi	x0,x0,0	  x0:0x00000000
       25085000	      2507	800027fc	01e61593	slli	x11,x12,0x1e	 x12:0x56cc072f x11=0xc0000000
       25095000	      2508	80002800	00421e93	slli	x29,x4,0x4	  x4:0x00000001 x29=0x00000010
       25105000	      2509	80002804	297f6213	ori	x4,x30,663	 x30:0x00100000  x4=0x00100297
       25115000	      2510	80002808	015a8263	beq	x21,x21,8000280c	 x21:0x6832b5b8 x21:0x6832b5b8
       25125000	      2511	00000000	00000013	addi	x0,x0,0	  x0:0x00000000
       25135000	      2512	80002808	00000013	addi	x0,x0,0	  x0:0x00000000
       25145000	      2513	8000280c	00c376b3	and	x13,x6,x12	  x6:0xfffff8fd x12:0x56cc072f x13=0x56cc002d
       25155000	      2514	80002810	0016de33	srl	x28,x13,x1	 x13:0x56cc002d  x1:0x01c3072f x28=0x0000ad98
       25165000	      2515	80002814	00924663	blt	x4,x9,80002820	  x4:0x00100297  x9:0x66597714
       25175000	      2516	00000000	00000013	addi	x0,x0,0	  x0:0x00000000
       25185000	      2517	8000281c	00000013	addi	x0,x0,0	  x0:0x00000000
       25195000	      2518	80002820	038edc63	bge	x29,x24,80002858	 x29:0x00000010 x24:0x00000001
       25205000	      2519	00000000	00000013	addi	x0,x0,0	  x0:0x00000000
       25215000	      2520	80002854	00000013	addi	x0,x0,0	  x0:0x00000000
       25225000	      2521	80002858	01d55d93	srli	x27,x10,0x1d	 x10:0xd915f660 x27=0x00000006
       25235000	      2522	8000285c	00540033	add	x0,x8,x5	  x8:0x00000001  x5:0x00000001
       25245000	      2523	80002860	02df4263	blt	x30,x13,80002884	 x30:0x00100000 x13:0x56cc002d
       25255000	      2524	00000000	00000013	addi	x0,x0,0	  x0:0x00000000
       25265000	      2525	80002880	00000013	addi	x0,x0,0	  x0:0x00000000
       25275000	      2526	80002884	02526663	bltu	x4,x5,800028b0	  x4:0x00100297  x5:0x00000001
       25285000	      2527	80002888	0163d3b3	srl	x7,x7,x22	  x7:0xfe400000 x22:0x00000000  x7=0xfe400000
       25295000	      2528	8000288c	00000b33	add	x22,x0,x0	  x0:0x00000000  x0:0x00000000 x22=0x00000000
       25305000	      2529	80002890	878da993	slti	x19,x27,-1928	 x27:0x00000006 x19=0x00000000
       25315000	      2530	80002894	002943b3	xor	x7,x18,x2	 x18:0x7402c000  x2:0x00000001  x7=0x7402c001
       25325000	      2531	80002898	ba02b313	sltiu	x6,x5,-1120	  x5:0x00000001  x6=0x00000001
       25335000	      2532	8000289c	00696733	or	x14,x18,x6	 x18:0x7402c000  x6:0x00000001 x14=0x7402c001
       25345000	      2533	800028a0	40d65593	srai	x11,x12,0xd	 x12:0x56cc072f x11=0x0002b660
       25355000	      2534	800028a4	0016de93	srli	x29,x13,0x1	 x13:0x56cc002d x29=0x2b660016
       25365000	      2535	800028a8	015bb9b3	sltu	x19,x23,x21	 x23:0x00000001 x21:0x6832b5b8 x19=0x00000001
       25375000	      2536	800028ac	004e20b3	slt	x1,x28,x4	 x28:0x0000ad98  x4:0x00100297  x1=0x00000001
       25385000	      2537	800028b0	02389863	bne	x17,x3,800028e0	 x17:0x80009fc4  x3:0x65977140
       25395000	      2538	00000000	00000013	addi	x0,x0,0	  x0:0x00000000
       25405000	      2539	800028dc	00000013	addi	x0,x0,0	  x0:0x00000000
       25415000	      2540	800028e0	88342913	slti	x18,x8,-1917	  x8:0x00000001 x18=0x00000000
       25425000	      2541	800028e4	1f00d517	auipc	x10,0x1f00d	 x10=0x9f00f8e0
       25435000	      2542	800028e8	016dd7b3	srl	x15,x27,x22	 x27:0x00000006 x22:0x00000000 x15=0x00000006
       25445000	      2543	800028ec	01a6dc13	srli	x24,x13,0x1a	 x13:0x56cc002d x24=0x00000015
       25455000	      2544	800028f0	012b9993	slli	x19,x23,0x12	 x23:0x00000001 x19=0x00040000
       25465000	      2545	800028f4	00000013	addi	x0,x0,0	  x0:0x00000000
       25475000	      2546	800028f8	44135e17	auipc	x28,0x44135	 x28=0xc41378f4
       25485000	      2547	800028fc	a071e013	ori	x0,x3,-1529	  x3:0x65977140
       25495000	      2548	80002900	66397813	andi	x16,x18,1635	 x18:0x00000000 x16=0x00000000
       25505000	      2549	80002904	97e1a713	slti	x14,x3,-1666	  x3:0x65977140 x14=0x00000000
       25515000	      2550	80002908	00777db3	and	x27,x14,x7	 x14:0x00000000  x7:0x7402c001 x27=0x00000000
       25525000	      2551	8000290c	c5541537	lui	x10,0xc5541	 x10=0xc5541000
       25535000	      2552	80002910	8c55c513	xori	x10,x11,-1851	 x11:0x0002b660 x10=0xfffd4ea5
       25545000	      2553	80002914	4768ee93	ori	x29,x17,1142	 x17:0x80009fc4 x29=0x80009ff6
       25555000	      2554	80002918	7d947713	andi	x14,x8,2009	  x8:0x00000001 x14=0x00000001
       25565000	      2555	8000291c	41b605b3	sub	x11,x12,x27	 x12:0x56cc072f x27:0x00000000 x11=0x56cc072f
       25575000	      2556	80002920	00000013	addi	x0,x0,0	  x0:0x00000000
       25585000	      2557	80002924	00300793	addi	x15,x0,3	  x0:0x00000000 x15=0x00000003
       25595000	      2558	80002928	ffa00693	addi	x13,x0,-6	  x0:0x00000000 x13=0xfffffffa
       25605000	      2559	8000292c	26d5e713	ori	x14,x11,621	 x11:0x56cc072f x14=0x56cc076f
       25615000	      2560	80002930	ff778793	addi	x15,x15,-9	 x15:0x00000003 x15=0xfffffffa
       25625000	      2561	80002934	01b062b3	or	x5,x0,x27	  x0:0x00000000 x27:0x00000000  x5=0x00000000
       25635000	      2562	80002938	fed78ae3	beq	x15,x13,8000292c	 x15:0xfffffffa x13:0xfffffffa
       25645000	      2563	00000000	00000013	addi	x0,x0,0	  x0:0x00000000
       25655000	      2564	80002928	00000013	addi	x0,x0,0	  x0:0x00000000
       25665000	      2565	8000292c	26d5e713	ori	x14,x11,621	 x11:0x56cc072f x14=0x56cc076f
       25675000	      2566	80002930	ff778793	addi	x15,x15,-9	 x15:0xfffffffa x15=0xfffffff1
       25685000	      2567	80002934	01b062b3	or	x5,x0,x27	  x0:0x00000000 x27:0x00000000  x5=0x00000000
       25695000	      2568	80002938	fed78ae3	beq	x15,x13,8000292c	 x15:0xfffffff1 x13:0xfffffffa
       25705000	      2569	8000293c	418f5ab3	sra	x21,x30,x24	 x30:0x00100000 x24:0x00000015 x21=0x00000000
       25715000	      2570	80002940	01330c33	add	x24,x6,x19	  x6:0x00000001 x19:0x00040000 x24=0x00040001
       25725000	      2571	80002944	03a0fc63	bgeu	x1,x26,8000297c	  x1:0x00000001 x26:0x00000000
       25735000	      2572	00000000	00000013	addi	x0,x0,0	  x0:0x00000000
       25745000	      2573	80002978	00000013	addi	x0,x0,0	  x0:0x00000000
       25755000	      2574	8000297c	afd39c37	lui	x24,0xafd39	 x24=0xafd39000
       25765000	      2575	80002980	0112d713	srli	x14,x5,0x11	  x5:0x00000000 x14=0x00000000
       25775000	      2576	80002984	4b829d17	auipc	x26,0x4b829	 x26=0xcb82b980
       25785000	      2577	80002988	37326b13	ori	x22,x4,883	  x4:0x00100297 x22=0x001003f7
       25795000	      2578	8000298c	00000013	addi	x0,x0,0	  x0:0x00000000
       25805000	      2579	80002990	ba6c5317	auipc	x6,0xba6c5	  x6=0x3a6c798c
       25815000	      2580	80002994	4003db93	srai	x23,x7,0x0	  x7:0x7402c001 x23=0x7402c001
       25825000	      2581	80002998	37388293	addi	x5,x17,883	 x17:0x80009fc4  x5=0x8000a337
       25835000	      2582	8000299c	01e5e333	or	x6,x11,x30	 x11:0x56cc072f x30:0x00100000  x6=0x56dc072f
       25845000	      2583	800029a0	00b55c33	srl	x24,x10,x11	 x10:0xfffd4ea5 x11:0x56cc072f x24=0x0001fffa
       25855000	      2584	800029a4	6652f013	andi	x0,x5,1637	  x5:0x8000a337
       25865000	      2585	800029a8	01eebc33	sltu	x24,x29,x30	 x29:0x80009ff6 x30:0x00100000 x24=0x00000000
       25875000	      2586	800029ac	01932e33	slt	x28,x6,x25	  x6:0x56dc072f x25:0x00000016 x28=0x00000000
       25885000	      2587	800029b0	02944c63	blt	x8,x9,800029e8	  x8:0x00000001  x9:0x66597714
       25895000	      2588	00000000	00000013	addi	x0,x0,0	  x0:0x00000000
       25905000	      2589	800029e4	00000013	addi	x0,x0,0	  x0:0x00000000
       25915000	      2590	800029e8	3716a413	slti	x8,x13,881	 x13:0xfffffffa  x8=0x00000001
       25925000	      2591	800029ec	00241463	bne	x8,x2,800029f4	  x8:0x00000001  x2:0x00000001
       25935000	      2592	800029f0	00f2c233	xor	x4,x5,x15	  x5:0x8000a337 x15:0xfffffff1  x4=0x7fff5cc6
       25945000	      2593	800029f4	31018a93	addi	x21,x3,784	  x3:0x65977140 x21=0x65977450
       25955000	      2594	800029f8	01583433	sltu	x8,x16,x21	 x16:0x00000000 x21:0x65977450  x8=0x00000001
       25965000	      2595	800029fc	017145b3	xor	x11,x2,x23	  x2:0x00000001 x23:0x7402c001 x11=0x7402c000
       25975000	      2596	80002a00	40250733	sub	x14,x10,x2	 x10:0xfffd4ea5  x2:0x00000001 x14=0xfffd4ea4
       25985000	      2597	80002a04	0574c463	blt	x9,x23,80002a4c	  x9:0x66597714 x23:0x7402c001
       25995000	      2598	00000000	00000013	addi	x0,x0,0	  x0:0x00000000
       26005000	      2599	80002a48	00000013	addi	x0,x0,0	  x0:0x00000000
       26015000	      2600	80002a4c	01be4433	xor	x8,x28,x27	 x28:0x00000000 x27:0x00000000  x8=0x00000000
       26025000	      2601	80002a50	14054c13	xori	x24,x10,320	 x10:0xfffd4ea5 x24=0xfffd4fe5
       26035000	      2602	80002a54	01b09e13	slli	x28,x1,0x1b	  x1:0x00000001 x28=0x08000000
       26045000	      2603	80002a58	62e09eb7	lui	x29,0x62e09	 x29=0x62e09000
       26055000	      2604	80002a5c	076762b7	lui	x5,0x7676	  x5=0x07676000
       26065000	      2605	80002a60	03ad1063	bne	x26,x26,80002a80	 x26:0xcb82b980 x26:0xcb82b980
       26075000	      2606	80002a64	037d6c63	bltu	x26,x23,80002a9c	 x26:0xcb82b980 x23:0x7402c001
       26085000	      2607	80002a68	014c0233	add	x4,x24,x20	 x24:0xfffd4fe5 x20:0x80009ec0  x4=0x7ffdeea5
       26095000	      2608	80002a6c	5659e313	ori	x6,x19,1381	 x19:0x00040000  x6=0x00040565
       26105000	      2609	80002a70	04f38863	beq	x7,x15,80002ac0	  x7:0x7402c001 x15:0xfffffff1
       26115000	      2610	80002a74	ff2faf37	lui	x30,0xff2fa	 x30=0xff2fa000
       26125000	      2611	80002a78	00921f33	sll	x30,x4,x9	  x4:0x7ffdeea5  x9:0x66597714 x30=0xea500000
       26135000	      2612	80002a7c	002b81b3	add	x3,x23,x2	 x23:0x7402c001  x2:0x00000001  x3=0x7402c002
       26145000	      2613	80002a80	03c66c63	bltu	x12,x28,80002ab8	 x12:0x56cc072f x28:0x08000000
       26155000	      2614	80002a84	00fd3833	sltu	x16,x26,x15	 x26:0xcb82b980 x15:0xfffffff1 x16=0x00000001
       26165000	      2615	80002a88	9af67a93	andi	x21,x12,-1617	 x12:0x56cc072f x21=0x56cc012f
       26175000	      2616	80002a8c	02349863	bne	x9,x3,80002abc	  x9:0x66597714  x3:0x7402c002
       26185000	      2617	00000000	00000013	addi	x0,x0,0	  x0:0x00000000
       26195000	      2618	80002ab8	00000013	addi	x0,x0,0	  x0:0x00000000
       26205000	      2619	80002abc	01c5fd33	and	x26,x11,x28	 x11:0x7402c000 x28:0x08000000 x26=0x00000000
       26215000	      2620	80002ac0	41c055b3	sra	x11,x0,x28	  x0:0x00000000 x28:0x08000000 x11=0x00000000
       26225000	      2621	80002ac4	712ea613	slti	x12,x29,1810	 x29:0x62e09000 x12=0x00000000
       26235000	      2622	80002ac8	4269ad93	slti	x27,x19,1062	 x19:0x00040000 x27=0x00000000
       26245000	      2623	80002acc	00f01993	slli	x19,x0,0xf	  x0:0x00000000 x19=0x00000000
       26255000	      2624	80002ad0	360bf613	andi	x12,x23,864	 x23:0x7402c001 x12=0x00000000
       26265000	      2625	80002ad4	41005213	srai	x4,x0,0x10	  x0:0x00000000  x4=0x00000000
       26275000	      2626	80002ad8	222fea93	ori	x21,x31,546	 x31:0x00000000 x21=0x00000222
       26285000	      2627	80002adc	e3bcf393	andi	x7,x25,-453	 x25:0x00000016  x7=0x00000012
       26295000	      2628	80002ae0	001bddb3	srl	x27,x23,x1	 x23:0x7402c001  x1:0x00000001 x27=0x3a016000
       26305000	      2629	80002ae4	01d25d33	srl	x26,x4,x29	  x4:0x00000000 x29:0x62e09000 x26=0x00000000
       26315000	      2630	80002ae8	749de693	ori	x13,x27,1865	 x27:0x3a016000 x13=0x3a016749
       26325000	      2631	80002aec	02845e63	bge	x8,x8,80002b28	  x8:0x00000000  x8:0x00000000
       26335000	      2632	00000000	00000013	addi	x0,x0,0	  x0:0x00000000
       26345000	      2633	80002b24	00000013	addi	x0,x0,0	  x0:0x00000000
       26355000	      2634	80002b28	a266a393	slti	x7,x13,-1498	 x13:0x3a016749  x7=0x00000000
       26365000	      2635	80002b2c	03bb6193	ori	x3,x22,59	 x22:0x001003f7  x3=0x001003ff
       26375000	      2636	80002b30	3971d637	lui	x12,0x3971d	 x12=0x3971d000
       26385000	      2637	80002b34	030c5863	bge	x24,x16,80002b64	 x24:0xfffd4fe5 x16:0x00000001
       26395000	      2638	80002b38	00000013	addi	x0,x0,0	  x0:0x00000000
       26405000	      2639	80002b3c	4117db93	srai	x23,x15,0x11	 x15:0xfffffff1 x23=0xffffffff
       26415000	      2640	80002b40	4001d133	sra	x2,x3,x0	  x3:0x001003ff  x0:0x00000000  x2=0x001003ff
       26425000	      2641	80002b44	c5f1be37	lui	x28,0xc5f1b	 x28=0xc5f1b000
       26435000	      2642	80002b48	01d60a63	beq	x12,x29,80002b5c	 x12:0x3971d000 x29:0x62e09000
       26445000	      2643	80002b4c	00ad22b3	slt	x5,x26,x10	 x26:0x00000000 x10:0xfffd4ea5  x5=0x00000000
       26455000	      2644	80002b50	018bc663	blt	x23,x24,80002b5c	 x23:0xffffffff x24:0xfffd4fe5
       26465000	      2645	80002b54	41745e33	sra	x28,x8,x23	  x8:0x00000000 x23:0xffffffff x28=0x00000000
       26475000	      2646	80002b58	02e0de63	bge	x1,x14,80002b94	  x1:0x00000001 x14:0xfffd4ea4
       26485000	      2647	00000000	00000013	addi	x0,x0,0	  x0:0x00000000
       26495000	      2648	80002b90	00000013	addi	x0,x0,0	  x0:0x00000000
       26505000	      2649	80002b94	fa6c0b97	auipc	x23,0xfa6c0	 x23=0x7a6c2b90
       26515000	      2650	80002b98	41c6deb3	sra	x29,x13,x28	 x13:0x3a016749 x28:0x00000000 x29=0x3a016749
       26525000	      2651	80002b9c	03b00263	beq	x0,x27,80002bc0	  x0:0x00000000 x27:0x3a016000
       26535000	      2652	80002ba0	ca13b793	sltiu	x15,x7,-863	  x7:0x00000000 x15=0x00000001
       26545000	      2653	80002ba4	403407b3	sub	x15,x8,x3	  x8:0x00000000  x3:0x001003ff x15=0xffeffc01
       26555000	      2654	80002ba8	00fc52b3	srl	x5,x24,x15	 x24:0xfffd4fe5 x15:0xffeffc01  x5=0x7ffea7f2
       26565000	      2655	80002bac	01759f93	slli	x31,x11,0x17	 x11:0x00000000 x31=0x00000000
       26575000	      2656	80002bb0	41755d93	srai	x27,x10,0x17	 x10:0xfffd4ea5 x27=0xffffffff
       26585000	      2657	80002bb4	00489a93	slli	x21,x17,0x4	 x17:0x80009fc4 x21=0x0009fc40
       26595000	      2658	80002bb8	00695a93	srli	x21,x18,0x6	 x18:0x00000000 x21=0x00000000
       26605000	      2659	80002bbc	00b22633	slt	x12,x4,x11	  x4:0x00000000 x11:0x00000000 x12=0x00000000
       26615000	      2660	80002bc0	cb026c93	ori	x25,x4,-848	  x4:0x00000000 x25=0xfffffcb0
       26625000	      2661	80002bc4	011027b3	slt	x15,x0,x17	  x0:0x00000000 x17:0x80009fc4 x15=0x00000000
       26635000	      2662	80002bc8	017c81b3	add	x3,x25,x23	 x25:0xfffffcb0 x23:0x7a6c2b90  x3=0x7a6c2840
       26645000	      2663	80002bcc	00fa6ab3	or	x21,x20,x15	 x20:0x80009ec0 x15:0x00000000 x21=0x80009ec0
       26655000	      2664	80002bd0	b54b7813	andi	x16,x22,-1196	 x22:0x001003f7 x16=0x00100354
       26665000	      2665	80002bd4	40545213	srai	x4,x8,0x5	  x8:0x00000000  x4=0x00000000
       26675000	      2666	80002bd8	410c5b33	sra	x22,x24,x16	 x24:0xfffd4fe5 x16:0x00100354 x22=0xffffffff
       26685000	      2667	80002bdc	004a2c03	lw	x24,4(x20)	 x20:0x80009ec0 x24=0x80000430 PA:0x80009ec4
       26695000	      2668	80002be0	024a0a13	addi	x20,x20,36	 x20:0x80009ec0 x20=0x80009ee4
       26705000	      2669	80002be4	01441233	sll	x4,x8,x20	  x8:0x00000000 x20:0x80009ee4  x4=0x00000000
       26715000	      2670	80002be8	00be6fb3	or	x31,x28,x11	 x28:0x00000000 x11:0x00000000 x31=0x00000000
       26725000	      2671	80002bec	00ea5613	srli	x12,x20,0xe	 x20:0x80009ee4 x12=0x00020002
       26735000	      2672	80002bf0	69dec513	xori	x10,x29,1693	 x29:0x3a016749 x10=0x3a0161d4
       26745000	      2673	80002bf4	00161cb3	sll	x25,x12,x1	 x12:0x00020002  x1:0x00000001 x25=0x00040004
       26755000	      2674	80002bf8	000c0b93	addi	x23,x24,0	 x24:0x80000430 x23=0x80000430
       26765000	      2675	80002bfc	000b8be7	jalr	x23,x23,0	 x23:0x80000430 x23=0x80002bfc
       26775000	      2676	00000000	00000013	addi	x0,x0,0	  x0:0x00000000
       26785000	      2677	80000430	00000013	addi	x0,x0,0	  x0:0x00000000
       26795000	      2678	80000434	018c5013	srli	x0,x24,0x18	 x24:0x80000430
       26805000	      2679	80000438	87bc4637	lui	x12,0x87bc4	 x12=0x87bc4000
       26815000	      2680	8000043c	00130f33	add	x30,x6,x1	  x6:0x00040565  x1:0x00000001 x30=0x00040566
       26825000	      2681	80000440	01ebea63	bltu	x23,x30,80000454	 x23:0x80002bfc x30:0x00040566
       26835000	      2682	80000444	40afd133	sra	x2,x31,x10	 x31:0x00000000 x10:0x3a0161d4  x2=0x00000000
       26845000	      2683	80000448	0037e463	bltu	x15,x3,80000450	 x15:0x00000000  x3:0x7a6c2840
       26855000	      2684	00000000	00000013	addi	x0,x0,0	  x0:0x00000000
       26865000	      2685	8000044c	00000013	addi	x0,x0,0	  x0:0x00000000
       26875000	      2686	80000450	034a0063	beq	x20,x20,80000470	 x20:0x80009ee4 x20:0x80009ee4
       26885000	      2687	00000000	00000013	addi	x0,x0,0	  x0:0x00000000
       26895000	      2688	8000046c	00000013	addi	x0,x0,0	  x0:0x00000000
       26905000	      2689	80000470	00be1433	sll	x8,x28,x11	 x28:0x00000000 x11:0x00000000  x8=0x00000000
       26915000	      2690	80000474	1f937613	andi	x12,x6,505	  x6:0x00040565 x12=0x00000161
       26925000	      2691	80000478	0a962e13	slti	x28,x12,169	 x12:0x00000161 x28=0x00000000
       26935000	      2692	8000047c	1cd7e313	ori	x6,x15,461	 x15:0x00000000  x6=0x000001cd
       26945000	      2693	80000480	9d81a793	slti	x15,x3,-1576	  x3:0x7a6c2840 x15=0x00000000
       26955000	      2694	80000484	00139613	slli	x12,x7,0x1	  x7:0x00000000 x12=0x00000000
       26965000	      2695	80000488	19665017	auipc	x0,0x19665	
       26975000	      2696	8000048c	9c307817	auipc	x16,0x9c307	 x16=0x1c307488
       26985000	      2697	80000490	f57cf213	andi	x4,x25,-169	 x25:0x00040004  x4=0x00040004
       26995000	      2698	80000494	012a2ab3	slt	x21,x20,x18	 x20:0x80009ee4 x18:0x00000000 x21=0x00000001
       27005000	      2699	80000498	410c5cb3	sra	x25,x24,x16	 x24:0x80000430 x16:0x1c307488 x25=0xff800004
       27015000	      2700	8000049c	01427d33	and	x26,x4,x20	  x4:0x00040004 x20:0x80009ee4 x26=0x00000004
       27025000	      2701	800004a0	01be1093	slli	x1,x28,0x1b	 x28:0x00000000  x1=0x00000000
       27035000	      2702	800004a4	8673b193	sltiu	x3,x7,-1945	  x7:0x00000000  x3=0x00000001
       27045000	      2703	800004a8	00801bb3	sll	x23,x0,x8	  x0:0x00000000  x8:0x00000000 x23=0x00000000
       27055000	      2704	800004ac	c29ace93	xori	x29,x21,-983	 x21:0x00000001 x29=0xfffffc28
       27065000	      2705	800004b0	3ff56e13	ori	x28,x10,1023	 x10:0x3a0161d4 x28=0x3a0163ff
       27075000	      2706	800004b4	01cc4633	xor	x12,x24,x28	 x24:0x80000430 x28:0x3a0163ff x12=0xba0167cf
       27085000	      2707	800004b8	00000013	addi	x0,x0,0	  x0:0x00000000
       27095000	      2708	800004bc	004a2c03	lw	x24,4(x20)	 x20:0x80009ee4 x24=0x80000530 PA:0x80009ee8
       27105000	      2709	800004c0	024a0a13	addi	x20,x20,36	 x20:0x80009ee4 x20=0x80009f08
       27115000	      2710	800004c4	019c0e33	add	x28,x24,x25	 x24:0x80000530 x25:0xff800004 x28=0x7f800534
       27125000	      2711	800004c8	00afcab3	xor	x21,x31,x10	 x31:0x00000000 x10:0x3a0161d4 x21=0x3a0161d4
       27135000	      2712	800004cc	000c0e93	addi	x29,x24,0	 x24:0x80000530 x29=0x80000530
       27145000	      2713	800004d0	000e8ee7	jalr	x29,x29,0	 x29:0x80000530 x29=0x800004d0
       27155000	      2714	00000000	00000013	addi	x0,x0,0	  x0:0x00000000
       27165000	      2715	80000530	00000013	addi	x0,x0,0	  x0:0x00000000
       27175000	      2716	80000534	00300793	addi	x15,x0,3	  x0:0x00000000 x15=0x00000003
       27185000	      2717	80000538	3326e313	ori	x6,x13,818	 x13:0x3a016749  x6=0x3a01677b
       27195000	      2718	8000053c	016de0b3	or	x1,x27,x22	 x27:0xffffffff x22:0xffffffff  x1=0xffffffff
       27205000	      2719	80000540	01d1efb3	or	x31,x3,x29	  x3:0x00000001 x29:0x800004d0 x31=0x800004d1
       27215000	      2720	80000544	00e681b3	add	x3,x13,x14	 x13:0x3a016749 x14:0xfffd4ea4  x3=0x39feb5ed
       27225000	      2721	80000548	01b883b3	add	x7,x17,x27	 x17:0x80009fc4 x27:0xffffffff  x7=0x80009fc3
       27235000	      2722	8000054c	01f20333	add	x6,x4,x31	  x4:0x00040004 x31:0x800004d1  x6=0x800404d5
       27245000	      2723	80000550	00200993	addi	x19,x0,2	  x0:0x00000000 x19=0x00000002
       27255000	      2724	80000554	0096ee33	or	x28,x13,x9	 x13:0x3a016749  x9:0x66597714 x28=0x7e59775d
       27265000	      2725	80000558	fff78793	addi	x15,x15,-1	 x15:0x00000003 x15=0x00000002
       27275000	      2726	8000055c	1aad5397	auipc	x7,0x1aad5	  x7=0x9aad5558
       27285000	      2727	80000560	41a78b33	sub	x22,x15,x26	 x15:0x00000002 x26:0x00000004 x22=0xfffffffe
       27295000	      2728	80000564	00000013	addi	x0,x0,0	  x0:0x00000000
       27305000	      2729	80000568	ffd00713	addi	x14,x0,-3	  x0:0x00000000 x14=0xfffffffd
       27315000	      2730	8000056c	6f2c8093	addi	x1,x25,1778	 x25:0xff800004  x1=0xff8006f6
       27325000	      2731	80000570	00a00813	addi	x16,x0,10	  x0:0x00000000 x16=0x0000000a
       27335000	      2732	80000574	00ca90b3	sll	x1,x21,x12	 x21:0x3a0161d4 x12:0xba0167cf  x1=0xb0ea0000
       27345000	      2733	80000578	01fb33b3	sltu	x7,x22,x31	 x22:0xfffffffe x31:0x800004d1  x7=0x00000000
       27355000	      2734	8000057c	59c6b617	auipc	x12,0x59c6b	 x12=0xd9c6b578
       27365000	      2735	80000580	003df633	and	x12,x27,x3	 x27:0xffffffff  x3:0x39feb5ed x12=0x39feb5ed
       27375000	      2736	80000584	011575b3	and	x11,x10,x17	 x10:0x3a0161d4 x17:0x80009fc4 x11=0x000001c4
       27385000	      2737	80000588	00270713	addi	x14,x14,2	 x14:0xfffffffd x14=0xffffffff
       27395000	      2738	8000058c	ff0768e3	bltu	x14,x16,8000057c	 x14:0xffffffff x16:0x0000000a
       27405000	      2739	80000590	01e39b33	sll	x22,x7,x30	  x7:0x00000000 x30:0x00040566 x22=0x00000000
       27415000	      2740	80000594	fd37f0e3	bgeu	x15,x19,80000554	 x15:0x00000002 x19:0x00000002
       27425000	      2741	00000000	00000013	addi	x0,x0,0	  x0:0x00000000
       27435000	      2742	80000550	00000013	addi	x0,x0,0	  x0:0x00000000
       27445000	      2743	80000554	0096ee33	or	x28,x13,x9	 x13:0x3a016749  x9:0x66597714 x28=0x7e59775d
       27455000	      2744	80000558	fff78793	addi	x15,x15,-1	 x15:0x00000002 x15=0x00000001
       27465000	      2745	8000055c	1aad5397	auipc	x7,0x1aad5	  x7=0x9aad5558
       27475000	      2746	80000560	41a78b33	sub	x22,x15,x26	 x15:0x00000001 x26:0x00000004 x22=0xfffffffd
       27485000	      2747	80000564	00000013	addi	x0,x0,0	  x0:0x00000000
       27495000	      2748	80000568	ffd00713	addi	x14,x0,-3	  x0:0x00000000 x14=0xfffffffd
       27505000	      2749	8000056c	6f2c8093	addi	x1,x25,1778	 x25:0xff800004  x1=0xff8006f6
       27515000	      2750	80000570	00a00813	addi	x16,x0,10	  x0:0x00000000 x16=0x0000000a
       27525000	      2751	80000574	00ca90b3	sll	x1,x21,x12	 x21:0x3a0161d4 x12:0x39feb5ed  x1=0x2c3a8000
       27535000	      2752	80000578	01fb33b3	sltu	x7,x22,x31	 x22:0xfffffffd x31:0x800004d1  x7=0x00000000
       27545000	      2753	8000057c	59c6b617	auipc	x12,0x59c6b	 x12=0xd9c6b578
       27555000	      2754	80000580	003df633	and	x12,x27,x3	 x27:0xffffffff  x3:0x39feb5ed x12=0x39feb5ed
       27565000	      2755	80000584	011575b3	and	x11,x10,x17	 x10:0x3a0161d4 x17:0x80009fc4 x11=0x000001c4
       27575000	      2756	80000588	00270713	addi	x14,x14,2	 x14:0xfffffffd x14=0xffffffff
       27585000	      2757	8000058c	ff0768e3	bltu	x14,x16,8000057c	 x14:0xffffffff x16:0x0000000a
       27595000	      2758	80000590	01e39b33	sll	x22,x7,x30	  x7:0x00000000 x30:0x00040566 x22=0x00000000
       27605000	      2759	80000594	fd37f0e3	bgeu	x15,x19,80000554	 x15:0x00000001 x19:0x00000002
       27615000	      2760	80000598	40a0d913	srai	x18,x1,0xa	  x1:0x2c3a8000 x18=0x000b0ea0
       27625000	      2761	8000059c	00300313	addi	x6,x0,3	  x0:0x00000000  x6=0x00000003
       27635000	      2762	800005a0	01db9b33	sll	x22,x23,x29	 x23:0x00000000 x29:0x800004d0 x22=0x00000000
       27645000	      2763	800005a4	8f62db37	lui	x22,0x8f62d	 x22=0x8f62d000
       27655000	      2764	800005a8	00b722b3	slt	x5,x14,x11	 x14:0xffffffff x11:0x000001c4  x5=0x00000001
       27665000	      2765	800005ac	00500513	addi	x10,x0,5	  x0:0x00000000 x10=0x00000005
       27675000	      2766	800005b0	8cfe3113	sltiu	x2,x28,-1841	 x28:0x7e59775d  x2=0x00000001
       27685000	      2767	800005b4	85900b93	addi	x23,x0,-1959	  x0:0x00000000 x23=0xfffff859
       27695000	      2768	800005b8	009b37b3	sltu	x15,x22,x9	 x22:0x8f62d000  x9:0x66597714 x15=0x00000000
       27705000	      2769	800005bc	00bfb7b3	sltu	x15,x31,x11	 x31:0x800004d1 x11:0x000001c4 x15=0x00000000
       27715000	      2770	800005c0	01441413	slli	x8,x8,0x14	  x8:0x00000000  x8=0x00000000
       27725000	      2771	800005c4	00130313	addi	x6,x6,1	  x6:0x00000003  x6=0x00000004
       27735000	      2772	800005c8	00600393	addi	x7,x0,6	  x0:0x00000000  x7=0x00000006
       27745000	      2773	800005cc	b5d0db37	lui	x22,0xb5d0d	 x22=0xb5d0d000
       27755000	      2774	800005d0	012a4fb3	xor	x31,x20,x18	 x20:0x80009f08 x18:0x000b0ea0 x31=0x800b91a8
       27765000	      2775	800005d4	6a6b2693	slti	x13,x22,1702	 x22:0xb5d0d000 x13=0x00000001
       27775000	      2776	800005d8	f81c0d13	addi	x26,x24,-127	 x24:0x80000530 x26=0x800004b1
       27785000	      2777	800005dc	21620413	addi	x8,x4,534	  x4:0x00040004  x8=0x0004021a
       27795000	      2778	800005e0	01ebe5b3	or	x11,x23,x30	 x23:0xfffff859 x30:0x00040566 x11=0xfffffd7f
       27805000	      2779	800005e4	003dfab3	and	x21,x27,x3	 x27:0xffffffff  x3:0x39feb5ed x21=0x39feb5ed
       27815000	      2780	800005e8	00a722b3	slt	x5,x14,x10	 x14:0xffffffff x10:0x00000005  x5=0x00000001
       27825000	      2781	800005ec	405a5fb3	sra	x31,x20,x5	 x20:0x80009f08  x5:0x00000001 x31=0xc0004f84
       27835000	      2782	800005f0	01400613	addi	x12,x0,20	  x0:0x00000000 x12=0x00000014
       27845000	      2783	800005f4	00ff1993	slli	x19,x30,0xf	 x30:0x00040566 x19=0x02b30000
       27855000	      2784	800005f8	00d5f6b3	and	x13,x11,x13	 x11:0xfffffd7f x13:0x00000001 x13=0x00000001
       27865000	      2785	800005fc	d157bd13	sltiu	x26,x15,-747	 x15:0x00000000 x26=0x00000001
       27875000	      2786	80000600	01c526b3	slt	x13,x10,x28	 x10:0x00000005 x28:0x7e59775d x13=0x00000001
       27885000	      2787	80000604	5a98aab7	lui	x21,0x5a98a	 x21=0x5a98a000
       27895000	      2788	80000608	00000013	addi	x0,x0,0	  x0:0x00000000
       27905000	      2789	8000060c	00738393	addi	x7,x7,7	  x7:0x00000006  x7=0x0000000d
       27915000	      2790	80000610	01b17033	and	x0,x2,x27	  x2:0x00000001 x27:0xffffffff
       27925000	      2791	80000614	fec388e3	beq	x7,x12,80000604	  x7:0x0000000d x12:0x00000014
       27935000	      2792	80000618	98772c93	slti	x25,x14,-1657	 x14:0xffffffff x25=0x00000000
       27945000	      2793	8000061c	014b6bb3	or	x23,x22,x20	 x22:0xb5d0d000 x20:0x80009f08 x23=0xb5d0df08
       27955000	      2794	80000620	f8a36ce3	bltu	x6,x10,800005b8	  x6:0x00000004 x10:0x00000005
       27965000	      2795	00000000	00000013	addi	x0,x0,0	  x0:0x00000000
       27975000	      2796	800005b4	00000013	addi	x0,x0,0	  x0:0x00000000
       27985000	      2797	800005b8	009b37b3	sltu	x15,x22,x9	 x22:0xb5d0d000  x9:0x66597714 x15=0x00000000
       27995000	      2798	800005bc	00bfb7b3	sltu	x15,x31,x11	 x31:0xc0004f84 x11:0xfffffd7f x15=0x00000001
       28005000	      2799	800005c0	01441413	slli	x8,x8,0x14	  x8:0x0004021a  x8=0x21a00000
       28015000	      2800	800005c4	00130313	addi	x6,x6,1	  x6:0x00000004  x6=0x00000005
       28025000	      2801	800005c8	00600393	addi	x7,x0,6	  x0:0x00000000  x7=0x00000006
       28035000	      2802	800005cc	b5d0db37	lui	x22,0xb5d0d	 x22=0xb5d0d000
       28045000	      2803	800005d0	012a4fb3	xor	x31,x20,x18	 x20:0x80009f08 x18:0x000b0ea0 x31=0x800b91a8
       28055000	      2804	800005d4	6a6b2693	slti	x13,x22,1702	 x22:0xb5d0d000 x13=0x00000001
       28065000	      2805	800005d8	f81c0d13	addi	x26,x24,-127	 x24:0x80000530 x26=0x800004b1
       28075000	      2806	800005dc	21620413	addi	x8,x4,534	  x4:0x00040004  x8=0x0004021a
       28085000	      2807	800005e0	01ebe5b3	or	x11,x23,x30	 x23:0xb5d0df08 x30:0x00040566 x11=0xb5d4df6e
       28095000	      2808	800005e4	003dfab3	and	x21,x27,x3	 x27:0xffffffff  x3:0x39feb5ed x21=0x39feb5ed
       28105000	      2809	800005e8	00a722b3	slt	x5,x14,x10	 x14:0xffffffff x10:0x00000005  x5=0x00000001
       28115000	      2810	800005ec	405a5fb3	sra	x31,x20,x5	 x20:0x80009f08  x5:0x00000001 x31=0xc0004f84
       28125000	      2811	800005f0	01400613	addi	x12,x0,20	  x0:0x00000000 x12=0x00000014
       28135000	      2812	800005f4	00ff1993	slli	x19,x30,0xf	 x30:0x00040566 x19=0x02b30000
       28145000	      2813	800005f8	00d5f6b3	and	x13,x11,x13	 x11:0xb5d4df6e x13:0x00000001 x13=0x00000000
       28155000	      2814	800005fc	d157bd13	sltiu	x26,x15,-747	 x15:0x00000001 x26=0x00000001
       28165000	      2815	80000600	01c526b3	slt	x13,x10,x28	 x10:0x00000005 x28:0x7e59775d x13=0x00000001
       28175000	      2816	80000604	5a98aab7	lui	x21,0x5a98a	 x21=0x5a98a000
       28185000	      2817	80000608	00000013	addi	x0,x0,0	  x0:0x00000000
       28195000	      2818	8000060c	00738393	addi	x7,x7,7	  x7:0x00000006  x7=0x0000000d
       28205000	      2819	80000610	01b17033	and	x0,x2,x27	  x2:0x00000001 x27:0xffffffff
       28215000	      2820	80000614	fec388e3	beq	x7,x12,80000604	  x7:0x0000000d x12:0x00000014
       28225000	      2821	80000618	98772c93	slti	x25,x14,-1657	 x14:0xffffffff x25=0x00000000
       28235000	      2822	8000061c	014b6bb3	or	x23,x22,x20	 x22:0xb5d0d000 x20:0x80009f08 x23=0xb5d0df08
       28245000	      2823	80000620	f8a36ce3	bltu	x6,x10,800005b8	  x6:0x00000005 x10:0x00000005
       28255000	      2824	80000624	0007c833	xor	x16,x15,x0	 x15:0x00000001  x0:0x00000000 x16=0x00000001
       28265000	      2825	80000628	00900f93	addi	x31,x0,9	  x0:0x00000000 x31=0x00000009
       28275000	      2826	8000062c	419e5d33	sra	x26,x28,x25	 x28:0x7e59775d x25:0x00000000 x26=0x7e59775d
       28285000	      2827	80000630	938c6017	auipc	x0,0x938c6	
       28295000	      2828	80000634	2cca4a93	xori	x21,x20,716	 x20:0x80009f08 x21=0x80009dc4
       28305000	      2829	80000638	01adccb3	xor	x25,x27,x26	 x27:0xffffffff x26:0x7e59775d x25=0x81a688a2
       28315000	      2830	8000063c	00900713	addi	x14,x0,9	  x0:0x00000000 x14=0x00000009
       28325000	      2831	80000640	018c5133	srl	x2,x24,x24	 x24:0x80000530 x24:0x80000530  x2=0x00008000
       28335000	      2832	80000644	0efff213	andi	x4,x31,239	 x31:0x00000009  x4=0x00000009
       28345000	      2833	80000648	fc6b2693	slti	x13,x22,-58	 x22:0xb5d0d000 x13=0x00000001
       28355000	      2834	8000064c	19ebba93	sltiu	x21,x23,414	 x23:0xb5d0df08 x21=0x00000000
       28365000	      2835	80000650	401c5113	srai	x2,x24,0x1	 x24:0x80000530  x2=0xc0000298
       28375000	      2836	80000654	41f681b3	sub	x3,x13,x31	 x13:0x00000001 x31:0x00000009  x3=0xfffffff8
       28385000	      2837	80000658	cc5a3b93	sltiu	x23,x20,-827	 x20:0x80009f08 x23=0x00000001
       28395000	      2838	8000065c	ff8f8f93	addi	x31,x31,-8	 x31:0x00000009 x31=0x00000001
       28405000	      2839	80000660	15efbb97	auipc	x23,0x15efb	 x23=0x95efb65c
       28415000	      2840	80000664	019faeb3	slt	x29,x31,x25	 x31:0x00000001 x25:0x81a688a2 x29=0x00000000
       28425000	      2841	80000668	7f3f8613	addi	x12,x31,2035	 x31:0x00000001 x12=0x000007f4
       28435000	      2842	8000066c	010db133	sltu	x2,x27,x16	 x27:0xffffffff x16:0x00000001  x2=0x00000000
       28445000	      2843	80000670	15a64337	lui	x6,0x15a64	  x6=0x15a64000
       28455000	      2844	80000674	eef47393	andi	x7,x8,-273	  x8:0x0004021a  x7=0x0004020a
       28465000	      2845	80000678	fceff6e3	bgeu	x31,x14,80000644	 x31:0x00000001 x14:0x00000009
       28475000	      2846	8000067c	42b12413	slti	x8,x2,1067	  x2:0x00000000  x8=0x00000001
       28485000	      2847	80000680	00700f13	addi	x30,x0,7	  x0:0x00000000 x30=0x00000007
       28495000	      2848	80000684	01c39433	sll	x8,x7,x28	  x7:0x0004020a x28:0x7e59775d  x8=0x40000000
       28505000	      2849	80000688	002da833	slt	x16,x27,x2	 x27:0xffffffff  x2:0x00000000 x16=0x00000001
       28515000	      2850	8000068c	26082213	slti	x4,x16,608	 x16:0x00000001  x4=0x00000001
       28525000	      2851	80000690	00900513	addi	x10,x0,9	  x0:0x00000000 x10=0x00000009
       28535000	      2852	80000694	0082cbb3	xor	x23,x5,x8	  x5:0x00000001  x8:0x40000000 x23=0x40000001
       28545000	      2853	80000698	3d03ef93	ori	x31,x7,976	  x7:0x0004020a x31=0x000403da
       28555000	      2854	8000069c	018df833	and	x16,x27,x24	 x27:0xffffffff x24:0x80000530 x16=0x80000530
       28565000	      2855	800006a0	015e9293	slli	x5,x29,0x15	 x29:0x00000000  x5=0x00000000
       28575000	      2856	800006a4	56abc137	lui	x2,0x56abc	  x2=0x56abc000
       28585000	      2857	800006a8	00af0f13	addi	x30,x30,10	 x30:0x00000007 x30=0x00000011
       28595000	      2858	800006ac	010adfb3	srl	x31,x21,x16	 x21:0x00000000 x16:0x80000530 x31=0x00000000
       28605000	      2859	800006b0	00900c13	addi	x24,x0,9	  x0:0x00000000 x24=0x00000009
       28615000	      2860	800006b4	41235633	sra	x12,x6,x18	  x6:0x15a64000 x18:0x000b0ea0 x12=0x15a64000
       28625000	      2861	800006b8	00800b13	addi	x22,x0,8	  x0:0x00000000 x22=0x00000008
       28635000	      2862	800006bc	0153ceb3	xor	x29,x7,x21	  x7:0x0004020a x21:0x00000000 x29=0x0004020a
       28645000	      2863	800006c0	85ff8f93	addi	x31,x31,-1953	 x31:0x00000000 x31=0xfffff85f
       28655000	      2864	800006c4	4166d3b3	sra	x7,x13,x22	 x13:0x00000001 x22:0x00000008  x7=0x00000000
       28665000	      2865	800006c8	ffbc0c13	addi	x24,x24,-5	 x24:0x00000009 x24=0x00000004
       28675000	      2866	800006cc	001b9e93	slli	x29,x23,0x1	 x23:0x40000001 x29=0x80000002
       28685000	      2867	800006d0	41638ab3	sub	x21,x7,x22	  x7:0x00000000 x22:0x00000008 x21=0xfffffff8
       28695000	      2868	800006d4	ff6c74e3	bgeu	x24,x22,800006bc	 x24:0x00000004 x22:0x00000008
       28705000	      2869	800006d8	b43bb993	sltiu	x19,x23,-1213	 x23:0x40000001 x19=0x00000001
       28715000	      2870	800006dc	677d0e93	addi	x29,x26,1655	 x26:0x7e59775d x29=0x7e597dd4
       28725000	      2871	800006e0	010de833	or	x16,x27,x16	 x27:0xffffffff x16:0x80000530 x16=0xffffffff
       28735000	      2872	800006e4	16b3cd37	lui	x26,0x16b3c	 x26=0x16b3c000
       28745000	      2873	800006e8	89040a93	addi	x21,x8,-1904	  x8:0x40000000 x21=0x3ffff890
       28755000	      2874	800006ec	faaf68e3	bltu	x30,x10,8000069c	 x30:0x00000011 x10:0x00000009
       28765000	      2875	800006f0	3cf07597	auipc	x11,0x3cf07	 x11=0xbcf076ec
       28775000	      2876	800006f4	ffd00b93	addi	x23,x0,-3	  x0:0x00000000 x23=0xfffffffd
       28785000	      2877	800006f8	00700093	addi	x1,x0,7	  x0:0x00000000  x1=0x00000007
       28795000	      2878	800006fc	90f78d97	auipc	x27,0x90f78	 x27=0x10f786f8
       28805000	      2879	80000700	b0df2913	slti	x18,x30,-1267	 x30:0x00000011 x18=0x00000000
       28815000	      2880	80000704	54148e13	addi	x28,x9,1345	  x9:0x66597714 x28=0x66597c55
       28825000	      2881	80000708	002d9d33	sll	x26,x27,x2	 x27:0x10f786f8  x2:0x56abc000 x26=0x10f786f8
       28835000	      2882	8000070c	73a00693	addi	x13,x0,1850	  x0:0x00000000 x13=0x0000073a
       28845000	      2883	80000710	7dea0793	addi	x15,x20,2014	 x20:0x80009f08 x15=0x8000a6e6
       28855000	      2884	80000714	db3de593	ori	x11,x27,-589	 x27:0x10f786f8 x11=0xfffffffb
       28865000	      2885	80000718	0360cb13	xori	x22,x1,54	  x1:0x00000007 x22=0x00000031
       28875000	      2886	8000071c	00000013	addi	x0,x0,0	  x0:0x00000000
       28885000	      2887	80000720	006d8533	add	x10,x27,x6	 x27:0x10f786f8  x6:0x15a64000 x10=0x269dc6f8
       28895000	      2888	80000724	00ab8b93	addi	x23,x23,10	 x23:0xfffffffd x23=0x00000007
       28905000	      2889	80000728	dd908e93	addi	x29,x1,-551	  x1:0x00000007 x29=0xfffffde0
       28915000	      2890	8000072c	ffc00c13	addi	x24,x0,-4	  x0:0x00000000 x24=0xfffffffc
       28925000	      2891	80000730	00cd9fb3	sll	x31,x27,x12	 x27:0x10f786f8 x12:0x15a64000 x31=0x10f786f8
       28935000	      2892	80000734	00900993	addi	x19,x0,9	  x0:0x00000000 x19=0x00000009
       28945000	      2893	80000738	008862b3	or	x5,x16,x8	 x16:0xffffffff  x8:0x40000000  x5=0xffffffff
       28955000	      2894	8000073c	019a75b3	and	x11,x20,x25	 x20:0x80009f08 x25:0x81a688a2 x11=0x80008800
       28965000	      2895	80000740	41105ab3	sra	x21,x0,x17	  x0:0x00000000 x17:0x80009fc4 x21=0x00000000
       28975000	      2896	80000744	7b1a3113	sltiu	x2,x20,1969	 x20:0x80009f08  x2=0x00000000
       28985000	      2897	80000748	0082ce33	xor	x28,x5,x8	  x5:0xffffffff  x8:0x40000000 x28=0xbfffffff
       28995000	      2898	8000074c	007c0c13	addi	x24,x24,7	 x24:0xfffffffc x24=0x00000003
       29005000	      2899	80000750	00945793	srli	x15,x8,0x9	  x8:0x40000000 x15=0x00200000
       29015000	      2900	80000754	41295eb3	sra	x29,x18,x18	 x18:0x00000000 x18:0x00000000 x29=0x00000000
       29025000	      2901	80000758	0161de93	srli	x29,x3,0x16	  x3:0xfffffff8 x29=0x000003ff
       29035000	      2902	8000075c	ff3c64e3	bltu	x24,x19,80000744	 x24:0x00000003 x19:0x00000009
       29045000	      2903	00000000	00000013	addi	x0,x0,0	  x0:0x00000000
       29055000	      2904	80000740	00000013	addi	x0,x0,0	  x0:0x00000000
       29065000	      2905	80000744	7b1a3113	sltiu	x2,x20,1969	 x20:0x80009f08  x2=0x00000000
       29075000	      2906	80000748	0082ce33	xor	x28,x5,x8	  x5:0xffffffff  x8:0x40000000 x28=0xbfffffff
       29085000	      2907	8000074c	007c0c13	addi	x24,x24,7	 x24:0x00000003 x24=0x0000000a
       29095000	      2908	80000750	00945793	srli	x15,x8,0x9	  x8:0x40000000 x15=0x00200000
       29105000	      2909	80000754	41295eb3	sra	x29,x18,x18	 x18:0x00000000 x18:0x00000000 x29=0x00000000
       29115000	      2910	80000758	0161de93	srli	x29,x3,0x16	  x3:0xfffffff8 x29=0x000003ff
       29125000	      2911	8000075c	ff3c64e3	bltu	x24,x19,80000744	 x24:0x0000000a x19:0x00000009
       29135000	      2912	80000760	00ebc133	xor	x2,x23,x14	 x23:0x00000007 x14:0x00000009  x2=0x0000000e
       29145000	      2913	80000764	01c742b3	xor	x5,x14,x28	 x14:0x00000009 x28:0xbfffffff  x5=0xbffffff6
       29155000	      2914	80000768	41edc593	xori	x11,x27,1054	 x27:0x10f786f8 x11=0x10f782e6
       29165000	      2915	8000076c	01879b13	slli	x22,x15,0x18	 x15:0x00200000 x22=0x00000000
       29175000	      2916	80000770	fa1b96e3	bne	x23,x1,8000071c	 x23:0x00000007  x1:0x00000007
       29185000	      2917	80000774	cf6af013	andi	x0,x21,-778	 x21:0x00000000
       29195000	      2918	80000778	75aa3eb7	lui	x29,0x75aa3	 x29=0x75aa3000
       29205000	      2919	8000077c	00000013	addi	x0,x0,0	  x0:0x00000000
       29215000	      2920	80000780	0377d463	bge	x15,x23,800007a8	 x15:0x00200000 x23:0x00000007
       29225000	      2921	00000000	00000013	addi	x0,x0,0	  x0:0x00000000
       29235000	      2922	800007a4	00000013	addi	x0,x0,0	  x0:0x00000000
       29245000	      2923	800007a8	02aece63	blt	x29,x10,800007e4	 x29:0x75aa3000 x10:0x269dc6f8
       29255000	      2924	800007ac	b54ae113	ori	x2,x21,-1196	 x21:0x00000000  x2=0xfffffb54
       29265000	      2925	800007b0	00a5dd13	srli	x26,x11,0xa	 x11:0x10f782e6 x26=0x00043de0
       29275000	      2926	800007b4	009192b3	sll	x5,x3,x9	  x3:0xfffffff8  x9:0x66597714  x5=0xff800000
       29285000	      2927	800007b8	d2ce0c13	addi	x24,x28,-724	 x28:0xbfffffff x24=0xbffffd2b
       29295000	      2928	800007bc	011d2633	slt	x12,x26,x17	 x26:0x00043de0 x17:0x80009fc4 x12=0x00000000
       29305000	      2929	800007c0	41eb8db3	sub	x27,x23,x30	 x23:0x00000007 x30:0x00000011 x27=0xfffffff6
       29315000	      2930	800007c4	01a08db3	add	x27,x1,x26	  x1:0x00000007 x26:0x00043de0 x27=0x00043de7
       29325000	      2931	800007c8	03eef863	bgeu	x29,x30,800007f8	 x29:0x75aa3000 x30:0x00000011
       29335000	      2932	00000000	00000013	addi	x0,x0,0	  x0:0x00000000
       29345000	      2933	800007f4	00000013	addi	x0,x0,0	  x0:0x00000000
       29355000	      2934	800007f8	7e07fd97	auipc	x27,0x7e07f	 x27=0xfe07f7f4
       29365000	      2935	800007fc	b5f7b513	sltiu	x10,x15,-1185	 x15:0x00200000 x10=0x00000001
       29375000	      2936	80000800	0237da63	bge	x15,x3,80000834	 x15:0x00200000  x3:0xfffffff8
       29385000	      2937	00000000	00000013	addi	x0,x0,0	  x0:0x00000000
       29395000	      2938	80000830	00000013	addi	x0,x0,0	  x0:0x00000000
       29405000	      2939	80000834	40e10733	sub	x14,x2,x14	  x2:0xfffffb54 x14:0x00000009 x14=0xfffffb4b
       29415000	      2940	80000838	60047d37	lui	x26,0x60047	 x26=0x60047000
       29425000	      2941	8000083c	019e1eb3	sll	x29,x28,x25	 x28:0xbfffffff x25:0x81a688a2 x29=0xfffffffc
       29435000	      2942	80000840	00891233	sll	x4,x18,x8	 x18:0x00000000  x8:0x40000000  x4=0x00000000
       29445000	      2943	80000844	d4210917	auipc	x18,0xd4210	 x18=0x54210840
       29455000	      2944	80000848	41dc5393	srai	x7,x24,0x1d	 x24:0xbffffd2b  x7=0xfffffffd
       29465000	      2945	8000084c	008d06b3	add	x13,x26,x8	 x26:0x60047000  x8:0x40000000 x13=0xa0047000
       29475000	      2946	80000850	027f8a63	beq	x31,x7,80000884	 x31:0x10f786f8  x7:0xfffffffd
       29485000	      2947	80000854	011b0663	beq	x22,x17,80000860	 x22:0x00000000 x17:0x80009fc4
       29495000	      2948	80000858	b5242693	slti	x13,x8,-1198	  x8:0x40000000 x13=0x00000000
       29505000	      2949	8000085c	004d6263	bltu	x26,x4,80000860	 x26:0x60047000  x4:0x00000000
       29515000	      2950	80000860	0000d863	bge	x1,x0,80000870	  x1:0x00000007  x0:0x00000000
       29525000	      2951	00000000	00000013	addi	x0,x0,0	  x0:0x00000000
       29535000	      2952	8000086c	00000013	addi	x0,x0,0	  x0:0x00000000
       29545000	      2953	80000870	99ae1817	auipc	x16,0x99ae1	 x16=0x19ae186c
       29555000	      2954	80000874	a725ec13	ori	x24,x11,-1422	 x11:0x10f782e6 x24=0xfffffaf6
       29565000	      2955	80000878	419cd113	srai	x2,x25,0x19	 x25:0x81a688a2  x2=0xffffffc0
       29575000	      2956	8000087c	41305093	srai	x1,x0,0x13	  x0:0x00000000  x1=0x00000000
       29585000	      2957	80000880	95a94297	auipc	x5,0x95a94	  x5=0x15a9487c
       29595000	      2958	80000884	81cdfa97	auipc	x21,0x81cdf	 x21=0x01cdf880
       29605000	      2959	80000888	abe190b7	lui	x1,0xabe19	  x1=0xabe19000
       29615000	      2960	8000088c	52a2c737	lui	x14,0x52a2c	 x14=0x52a2c000
       29625000	      2961	80000890	238e8093	addi	x1,x29,568	 x29:0xfffffffc  x1=0x00000234
       29635000	      2962	80000894	40308833	sub	x16,x1,x3	  x1:0x00000234  x3:0xfffffff8 x16=0x0000023c
       29645000	      2963	80000898	05907a63	bgeu	x0,x25,800008ec	  x0:0x00000000 x25:0x81a688a2
       29655000	      2964	8000089c	a8ee6993	ori	x19,x28,-1394	 x28:0xbfffffff x19=0xffffffff
       29665000	      2965	800008a0	de474313	xori	x6,x14,-540	 x14:0x52a2c000  x6=0xad5d3de4
       29675000	      2966	800008a4	b3774413	xori	x8,x14,-1225	 x14:0x52a2c000  x8=0xad5d3b37
       29685000	      2967	800008a8	06a17263	bgeu	x2,x10,8000090c	  x2:0xffffffc0 x10:0x00000001
       29695000	      2968	00000000	00000013	addi	x0,x0,0	  x0:0x00000000
       29705000	      2969	80000908	00000013	addi	x0,x0,0	  x0:0x00000000
       29715000	      2970	8000090c	029ed663	bge	x29,x9,80000938	 x29:0xfffffffc  x9:0x66597714
       29725000	      2971	80000910	00000013	addi	x0,x0,0	  x0:0x00000000
       29735000	      2972	80000914	00000013	addi	x0,x0,0	  x0:0x00000000
       29745000	      2973	80000918	868ffd93	andi	x27,x31,-1944	 x31:0x10f786f8 x27=0x10f78068
       29755000	      2974	8000091c	0198ec63	bltu	x17,x25,80000934	 x17:0x80009fc4 x25:0x81a688a2
       29765000	      2975	00000000	00000013	addi	x0,x0,0	  x0:0x00000000
       29775000	      2976	80000930	00000013	addi	x0,x0,0	  x0:0x00000000
       29785000	      2977	80000934	00e05c13	srli	x24,x0,0xe	  x0:0x00000000 x24=0x00000000
       29795000	      2978	80000938	006462b3	or	x5,x8,x6	  x8:0xad5d3b37  x6:0xad5d3de4  x5=0xad5d3ff7
       29805000	      2979	8000093c	f14a4b13	xori	x22,x20,-236	 x20:0x80009f08 x22=0x7fff601c
       29815000	      2980	80000940	5450e793	ori	x15,x1,1349	  x1:0x00000234 x15=0x00000775
       29825000	      2981	80000944	00b71d13	slli	x26,x14,0xb	 x14:0x52a2c000 x26=0x16000000
       29835000	      2982	80000948	18bcb693	sltiu	x13,x25,395	 x25:0x81a688a2 x13=0x00000000
       29845000	      2983	8000094c	005d4e63	blt	x26,x5,80000968	 x26:0x16000000  x5:0xad5d3ff7
       29855000	      2984	80000950	01813333	sltu	x6,x2,x24	  x2:0xffffffc0 x24:0x00000000  x6=0x00000000
       29865000	      2985	80000954	40595513	srai	x10,x18,0x5	 x18:0x54210840 x10=0x02a10842
       29875000	      2986	80000958	005ad513	srli	x10,x21,0x5	 x21:0x01cdf880 x10=0x000e6fc4
       29885000	      2987	8000095c	0176edb3	or	x27,x13,x23	 x13:0x00000000 x23:0x00000007 x27=0x00000007
       29895000	      2988	80000960	0037d013	srli	x0,x15,0x3	 x15:0x00000775
       29905000	      2989	80000964	03c58263	beq	x11,x28,80000988	 x11:0x10f782e6 x28:0xbfffffff
       29915000	      2990	80000968	00000013	addi	x0,x0,0	  x0:0x00000000
       29925000	      2991	8000096c	025cd863	bge	x25,x5,8000099c	 x25:0x81a688a2  x5:0xad5d3ff7
       29935000	      2992	80000970	0163a933	slt	x18,x7,x22	  x7:0xfffffffd x22:0x7fff601c x18=0x00000001
       29945000	      2993	80000974	40d4d993	srai	x19,x9,0xd	  x9:0x66597714 x19=0x000332cb
       29955000	      2994	80000978	03cf5463	bge	x30,x28,800009a0	 x30:0x00000011 x28:0xbfffffff
       29965000	      2995	00000000	00000013	addi	x0,x0,0	  x0:0x00000000
       29975000	      2996	8000099c	00000013	addi	x0,x0,0	  x0:0x00000000
       29985000	      2997	800009a0	00a51db3	sll	x27,x10,x10	 x10:0x000e6fc4 x10:0x000e6fc4 x27=0x00e6fc40
       29995000	      2998	800009a4	006a4c63	blt	x20,x6,800009bc	 x20:0x80009f08  x6:0x00000000
       30005000	      2999	00000000	00000013	addi	x0,x0,0	  x0:0x00000000
       30015000	      3000	800009b8	00000013	addi	x0,x0,0	  x0:0x00000000
       30025000	      3001	800009bc	41aed833	sra	x16,x29,x26	 x29:0xfffffffc x26:0x16000000 x16=0xfffffffc
       30035000	      3002	800009c0	288a6917	auipc	x18,0x288a6	 x18=0xa88a69bc
       30045000	      3003	800009c4	4186d513	srai	x10,x13,0x18	 x13:0x00000000 x10=0x00000000
       30055000	      3004	800009c8	0064ca63	blt	x9,x6,800009dc	  x9:0x66597714  x6:0x00000000
       30065000	      3005	800009cc	02f4c263	blt	x9,x15,800009f0	  x9:0x66597714 x15:0x00000775
       30075000	      3006	800009d0	f2d98393	addi	x7,x19,-211	 x19:0x000332cb  x7=0x000331f8
       30085000	      3007	800009d4	8b971fb7	lui	x31,0x8b971	 x31=0x8b971000
       30095000	      3008	800009d8	003d27b3	slt	x15,x26,x3	 x26:0x16000000  x3:0xfffffff8 x15=0x00000000
       30105000	      3009	800009dc	046e7263	bgeu	x28,x6,80000a20	 x28:0xbfffffff  x6:0x00000000
       30115000	      3010	00000000	00000013	addi	x0,x0,0	  x0:0x00000000
       30125000	      3011	80000a1c	00000013	addi	x0,x0,0	  x0:0x00000000
       30135000	      3012	80000a20	df060093	addi	x1,x12,-528	 x12:0x00000000  x1=0xfffffdf0
       30145000	      3013	80000a24	05900063	beq	x0,x25,80000a64	  x0:0x00000000 x25:0x81a688a2
       30155000	      3014	80000a28	05f47463	bgeu	x8,x31,80000a70	  x8:0xad5d3b37 x31:0x8b971000
       30165000	      3015	00000000	00000013	addi	x0,x0,0	  x0:0x00000000
       30175000	      3016	80000a6c	00000013	addi	x0,x0,0	  x0:0x00000000
       30185000	      3017	80000a70	bce1ae93	slti	x29,x3,-1074	  x3:0xfffffff8 x29=0x00000000
       30195000	      3018	80000a74	02ae0263	beq	x28,x10,80000a98	 x28:0xbfffffff x10:0x00000000
       30205000	      3019	80000a78	bd4aa193	slti	x3,x21,-1068	 x21:0x01cdf880  x3=0x00000000
       30215000	      3020	80000a7c	41f3db93	srai	x23,x7,0x1f	  x7:0x000331f8 x23=0x00000000
       30225000	      3021	80000a80	019c5193	srli	x3,x24,0x19	 x24:0x00000000  x3=0x00000000
       30235000	      3022	80000a84	400f5993	srai	x19,x30,0x0	 x30:0x00000011 x19=0x00000011
       30245000	      3023	80000a88	00999663	bne	x19,x9,80000a94	 x19:0x00000011  x9:0x66597714
       30255000	      3024	00000000	00000013	addi	x0,x0,0	  x0:0x00000000
       30265000	      3025	80000a90	00000013	addi	x0,x0,0	  x0:0x00000000
       30275000	      3026	80000a94	00000013	addi	x0,x0,0	  x0:0x00000000
       30285000	      3027	80000a98	41e5dd13	srai	x26,x11,0x1e	 x11:0x10f782e6 x26=0x00000000
       30295000	      3028	80000a9c	3b20fd93	andi	x27,x1,946	  x1:0xfffffdf0 x27=0x000001b0
       30305000	      3029	80000aa0	0198f133	and	x2,x17,x25	 x17:0x80009fc4 x25:0x81a688a2  x2=0x80008880
       30315000	      3030	80000aa4	3e687397	auipc	x7,0x3e687	  x7=0xbe687aa0
       30325000	      3031	80000aa8	023d0863	beq	x26,x3,80000ad8	 x26:0x00000000  x3:0x00000000
       30335000	      3032	00000000	00000013	addi	x0,x0,0	  x0:0x00000000
       30345000	      3033	80000ad4	00000013	addi	x0,x0,0	  x0:0x00000000
       30355000	      3034	80000ad8	02f89e63	bne	x17,x15,80000b14	 x17:0x80009fc4 x15:0x00000000
       30365000	      3035	00000000	00000013	addi	x0,x0,0	  x0:0x00000000
       30375000	      3036	80000b10	00000013	addi	x0,x0,0	  x0:0x00000000
       30385000	      3037	80000b14	00ac5f93	srli	x31,x24,0xa	 x24:0x00000000 x31=0x00000000
       30395000	      3038	80000b18	8bed3f93	sltiu	x31,x26,-1858	 x26:0x00000000 x31=0x00000001
       30405000	      3039	80000b1c	024bfc63	bgeu	x23,x4,80000b54	 x23:0x00000000  x4:0x00000000
       30415000	      3040	00000000	00000013	addi	x0,x0,0	  x0:0x00000000
       30425000	      3041	80000b50	00000013	addi	x0,x0,0	  x0:0x00000000
       30435000	      3042	80000b54	019dcc63	blt	x27,x25,80000b6c	 x27:0x000001b0 x25:0x81a688a2
       30445000	      3043	80000b58	0168d533	srl	x10,x17,x22	 x17:0x80009fc4 x22:0x7fff601c x10=0x00000008
       30455000	      3044	80000b5c	01b24e63	blt	x4,x27,80000b78	  x4:0x00000000 x27:0x000001b0
       30465000	      3045	00000000	00000013	addi	x0,x0,0	  x0:0x00000000
       30475000	      3046	80000b74	00000013	addi	x0,x0,0	  x0:0x00000000
       30485000	      3047	80000b78	bde15337	lui	x6,0xbde15	  x6=0xbde15000
       30495000	      3048	80000b7c	4eb9f0b7	lui	x1,0x4eb9f	  x1=0x4eb9f000
       30505000	      3049	80000b80	016b2033	slt	x0,x22,x22	 x22:0x7fff601c x22:0x7fff601c
       30515000	      3050	80000b84	00430663	beq	x6,x4,80000b90	  x6:0xbde15000  x4:0x00000000
       30525000	      3051	80000b88	417cdf93	srai	x31,x25,0x17	 x25:0x81a688a2 x31=0xffffff03
       30535000	      3052	80000b8c	36700593	addi	x11,x0,871	  x0:0x00000000 x11=0x00000367
       30545000	      3053	80000b90	0184b833	sltu	x16,x9,x24	  x9:0x66597714 x24:0x00000000 x16=0x00000000
       30555000	      3054	80000b94	00d1ccb3	xor	x25,x3,x13	  x3:0x00000000 x13:0x00000000 x25=0x00000000
       30565000	      3055	80000b98	0109bc33	sltu	x24,x19,x16	 x19:0x00000011 x16:0x00000000 x24=0x00000000
       30575000	      3056	80000b9c	012cbe33	sltu	x28,x25,x18	 x25:0x00000000 x18:0xa88a69bc x28=0x00000001
       30585000	      3057	80000ba0	408c5933	sra	x18,x24,x8	 x24:0x00000000  x8:0xad5d3b37 x18=0x00000000
       30595000	      3058	80000ba4	02487863	bgeu	x16,x4,80000bd4	 x16:0x00000000  x4:0x00000000
       30605000	      3059	00000000	00000013	addi	x0,x0,0	  x0:0x00000000
       30615000	      3060	80000bd0	00000013	addi	x0,x0,0	  x0:0x00000000
       30625000	      3061	80000bd4	41d50fb3	sub	x31,x10,x29	 x10:0x00000008 x29:0x00000000 x31=0x00000008
       30635000	      3062	80000bd8	9266a117	auipc	x2,0x9266a	  x2=0x1266abd4
       30645000	      3063	80000bdc	01210463	beq	x2,x18,80000be4	  x2:0x1266abd4 x18:0x00000000
       30655000	      3064	80000be0	0031b0b3	sltu	x1,x3,x3	  x3:0x00000000  x3:0x00000000  x1=0x00000000
       30665000	      3065	80000be4	12e8a013	slti	x0,x17,302	 x17:0x80009fc4
       30675000	      3066	80000be8	41918d33	sub	x26,x3,x25	  x3:0x00000000 x25:0x00000000 x26=0x00000000
       30685000	      3067	80000bec	019b5d93	srli	x27,x22,0x19	 x22:0x7fff601c x27=0x0000003f
       30695000	      3068	80000bf0	01ec9013	slli	x0,x25,0x1e	 x25:0x00000000
       30705000	      3069	80000bf4	004a2c03	lw	x24,4(x20)	 x20:0x80009f08 x24=0x80002c64 PA:0x80009f0c
       30715000	      3070	80000bf8	9e2da393	slti	x7,x27,-1566	 x27:0x0000003f  x7=0x00000000
       30725000	      3071	80000bfc	040a0a13	addi	x20,x20,64	 x20:0x80009f08 x20=0x80009f48
       30735000	      3072	80000c00	408f89b3	sub	x19,x31,x8	 x31:0x00000008  x8:0xad5d3b37 x19=0x52a2c4d1
       30745000	      3073	80000c04	81f48f93	addi	x31,x9,-2017	  x9:0x66597714 x31=0x66596f33
       30755000	      3074	80000c08	03468e93	addi	x29,x13,52	 x13:0x00000000 x29=0x00000034
       30765000	      3075	80000c0c	1be52013	slti	x0,x10,446	 x10:0x00000008
       30775000	      3076	80000c10	000c0113	addi	x2,x24,0	 x24:0x80002c64  x2=0x80002c64
       30785000	      3077	80000c14	00010167	jalr	x2,x2,0	  x2:0x80002c64  x2=0x80000c14
       30795000	      3078	00000000	00000013	addi	x0,x0,0	  x0:0x00000000
       30805000	      3079	80002c64	00000013	addi	x0,x0,0	  x0:0x00000000
       30815000	      3080	80002c68	ff800e93	addi	x29,x0,-8	  x0:0x00000000 x29=0xfffffff8
       30825000	      3081	80002c6c	ce13c513	xori	x10,x7,-799	  x7:0x00000000 x10=0xfffffce1
       30835000	      3082	80002c70	00600693	addi	x13,x0,6	  x0:0x00000000 x13=0x00000006
       30845000	      3083	80002c74	00e34733	xor	x14,x6,x14	  x6:0xbde15000 x14:0x52a2c000 x14=0xef439000
       30855000	      3084	80002c78	44002393	slti	x7,x0,1088	  x0:0x00000000  x7=0x00000001
       30865000	      3085	80002c7c	00ae8e93	addi	x29,x29,10	 x29:0xfffffff8 x29=0x00000002
       30875000	      3086	80002c80	004c33b3	sltu	x7,x24,x4	 x24:0x80002c64  x4:0x00000000  x7=0x00000000
       30885000	      3087	80002c84	4a5cc613	xori	x12,x25,1189	 x25:0x00000000 x12=0x000004a5
       30895000	      3088	80002c88	00000013	addi	x0,x0,0	  x0:0x00000000
       30905000	      3089	80002c8c	00200793	addi	x15,x0,2	  x0:0x00000000 x15=0x00000002
       30915000	      3090	80002c90	019fb733	sltu	x14,x31,x25	 x31:0x66596f33 x25:0x00000000 x14=0x00000000
       30925000	      3091	80002c94	ff300f93	addi	x31,x0,-13	  x0:0x00000000 x31=0xfffffff3
       30935000	      3092	80002c98	00725113	srli	x2,x4,0x7	  x4:0x00000000  x2=0x00000000
       30945000	      3093	80002c9c	61b88813	addi	x16,x17,1563	 x17:0x80009fc4 x16=0x8000a5df
       30955000	      3094	80002ca0	17f1b993	sltiu	x19,x3,383	  x3:0x00000000 x19=0x00000001
       30965000	      3095	80002ca4	66ed6d13	ori	x26,x26,1646	 x26:0x00000000 x26=0x0000066e
       30975000	      3096	80002ca8	4071d713	srai	x14,x3,0x7	  x3:0x00000000 x14=0x00000000
       30985000	      3097	80002cac	ffd78793	addi	x15,x15,-3	 x15:0x00000002 x15=0xffffffff
       30995000	      3098	80002cb0	40d1dd33	sra	x26,x3,x13	  x3:0x00000000 x13:0x00000006 x26=0x00000000
       31005000	      3099	80002cb4	eb782313	slti	x6,x16,-329	 x16:0x8000a5df  x6=0x00000001
       31015000	      3100	80002cb8	fff7d6e3	bge	x15,x31,80002ca4	 x15:0xffffffff x31:0xfffffff3
       31025000	      3101	00000000	00000013	addi	x0,x0,0	  x0:0x00000000
       31035000	      3102	80002ca0	00000013	addi	x0,x0,0	  x0:0x00000000
       31045000	      3103	80002ca4	66ed6d13	ori	x26,x26,1646	 x26:0x00000000 x26=0x0000066e
       31055000	      3104	80002ca8	4071d713	srai	x14,x3,0x7	  x3:0x00000000 x14=0x00000000
       31065000	      3105	80002cac	ffd78793	addi	x15,x15,-3	 x15:0xffffffff x15=0xfffffffc
       31075000	      3106	80002cb0	40d1dd33	sra	x26,x3,x13	  x3:0x00000000 x13:0x00000006 x26=0x00000000
       31085000	      3107	80002cb4	eb782313	slti	x6,x16,-329	 x16:0x8000a5df  x6=0x00000001
       31095000	      3108	80002cb8	fff7d6e3	bge	x15,x31,80002ca4	 x15:0xfffffffc x31:0xfffffff3
       31105000	      3109	00000000	00000013	addi	x0,x0,0	  x0:0x00000000
       31115000	      3110	80002ca0	00000013	addi	x0,x0,0	  x0:0x00000000
       31125000	      3111	80002ca4	66ed6d13	ori	x26,x26,1646	 x26:0x00000000 x26=0x0000066e
       31135000	      3112	80002ca8	4071d713	srai	x14,x3,0x7	  x3:0x00000000 x14=0x00000000
       31145000	      3113	80002cac	ffd78793	addi	x15,x15,-3	 x15:0xfffffffc x15=0xfffffff9
       31155000	      3114	80002cb0	40d1dd33	sra	x26,x3,x13	  x3:0x00000000 x13:0x00000006 x26=0x00000000
       31165000	      3115	80002cb4	eb782313	slti	x6,x16,-329	 x16:0x8000a5df  x6=0x00000001
       31175000	      3116	80002cb8	fff7d6e3	bge	x15,x31,80002ca4	 x15:0xfffffff9 x31:0xfffffff3
       31185000	      3117	00000000	00000013	addi	x0,x0,0	  x0:0x00000000
       31195000	      3118	80002ca0	00000013	addi	x0,x0,0	  x0:0x00000000
       31205000	      3119	80002ca4	66ed6d13	ori	x26,x26,1646	 x26:0x00000000 x26=0x0000066e
       31215000	      3120	80002ca8	4071d713	srai	x14,x3,0x7	  x3:0x00000000 x14=0x00000000
       31225000	      3121	80002cac	ffd78793	addi	x15,x15,-3	 x15:0xfffffff9 x15=0xfffffff6
       31235000	      3122	80002cb0	40d1dd33	sra	x26,x3,x13	  x3:0x00000000 x13:0x00000006 x26=0x00000000
       31245000	      3123	80002cb4	eb782313	slti	x6,x16,-329	 x16:0x8000a5df  x6=0x00000001
       31255000	      3124	80002cb8	fff7d6e3	bge	x15,x31,80002ca4	 x15:0xfffffff6 x31:0xfffffff3
       31265000	      3125	00000000	00000013	addi	x0,x0,0	  x0:0x00000000
       31275000	      3126	80002ca0	00000013	addi	x0,x0,0	  x0:0x00000000
       31285000	      3127	80002ca4	66ed6d13	ori	x26,x26,1646	 x26:0x00000000 x26=0x0000066e
       31295000	      3128	80002ca8	4071d713	srai	x14,x3,0x7	  x3:0x00000000 x14=0x00000000
       31305000	      3129	80002cac	ffd78793	addi	x15,x15,-3	 x15:0xfffffff6 x15=0xfffffff3
       31315000	      3130	80002cb0	40d1dd33	sra	x26,x3,x13	  x3:0x00000000 x13:0x00000006 x26=0x00000000
       31325000	      3131	80002cb4	eb782313	slti	x6,x16,-329	 x16:0x8000a5df  x6=0x00000001
       31335000	      3132	80002cb8	fff7d6e3	bge	x15,x31,80002ca4	 x15:0xfffffff3 x31:0xfffffff3
       31345000	      3133	00000000	00000013	addi	x0,x0,0	  x0:0x00000000
       31355000	      3134	80002ca0	00000013	addi	x0,x0,0	  x0:0x00000000
       31365000	      3135	80002ca4	66ed6d13	ori	x26,x26,1646	 x26:0x00000000 x26=0x0000066e
       31375000	      3136	80002ca8	4071d713	srai	x14,x3,0x7	  x3:0x00000000 x14=0x00000000
       31385000	      3137	80002cac	ffd78793	addi	x15,x15,-3	 x15:0xfffffff3 x15=0xfffffff0
       31395000	      3138	80002cb0	40d1dd33	sra	x26,x3,x13	  x3:0x00000000 x13:0x00000006 x26=0x00000000
       31405000	      3139	80002cb4	eb782313	slti	x6,x16,-329	 x16:0x8000a5df  x6=0x00000001
       31415000	      3140	80002cb8	fff7d6e3	bge	x15,x31,80002ca4	 x15:0xfffffff0 x31:0xfffffff3
       31425000	      3141	80002cbc	4163d413	srai	x8,x7,0x16	  x7:0x00000000  x8=0x00000000
       31435000	      3142	80002cc0	00b21413	slli	x8,x4,0xb	  x4:0x00000000  x8=0x00000000
       31445000	      3143	80002cc4	006b0bb3	add	x23,x22,x6	 x22:0x7fff601c  x6:0x00000001 x23=0x7fff601d
       31455000	      3144	80002cc8	fadee8e3	bltu	x29,x13,80002c78	 x29:0x00000002 x13:0x00000006
       31465000	      3145	00000000	00000013	addi	x0,x0,0	  x0:0x00000000
       31475000	      3146	80002c74	00000013	addi	x0,x0,0	  x0:0x00000000
       31485000	      3147	80002c78	44002393	slti	x7,x0,1088	  x0:0x00000000  x7=0x00000001
       31495000	      3148	80002c7c	00ae8e93	addi	x29,x29,10	 x29:0x00000002 x29=0x0000000c
       31505000	      3149	80002c80	004c33b3	sltu	x7,x24,x4	 x24:0x80002c64  x4:0x00000000  x7=0x00000000
       31515000	      3150	80002c84	4a5cc613	xori	x12,x25,1189	 x25:0x00000000 x12=0x000004a5
       31525000	      3151	80002c88	00000013	addi	x0,x0,0	  x0:0x00000000
       31535000	      3152	80002c8c	00200793	addi	x15,x0,2	  x0:0x00000000 x15=0x00000002
       31545000	      3153	80002c90	019fb733	sltu	x14,x31,x25	 x31:0xfffffff3 x25:0x00000000 x14=0x00000000
       31555000	      3154	80002c94	ff300f93	addi	x31,x0,-13	  x0:0x00000000 x31=0xfffffff3
       31565000	      3155	80002c98	00725113	srli	x2,x4,0x7	  x4:0x00000000  x2=0x00000000
       31575000	      3156	80002c9c	61b88813	addi	x16,x17,1563	 x17:0x80009fc4 x16=0x8000a5df
       31585000	      3157	80002ca0	17f1b993	sltiu	x19,x3,383	  x3:0x00000000 x19=0x00000001
       31595000	      3158	80002ca4	66ed6d13	ori	x26,x26,1646	 x26:0x00000000 x26=0x0000066e
       31605000	      3159	80002ca8	4071d713	srai	x14,x3,0x7	  x3:0x00000000 x14=0x00000000
       31615000	      3160	80002cac	ffd78793	addi	x15,x15,-3	 x15:0x00000002 x15=0xffffffff
       31625000	      3161	80002cb0	40d1dd33	sra	x26,x3,x13	  x3:0x00000000 x13:0x00000006 x26=0x00000000
       31635000	      3162	80002cb4	eb782313	slti	x6,x16,-329	 x16:0x8000a5df  x6=0x00000001
       31645000	      3163	80002cb8	fff7d6e3	bge	x15,x31,80002ca4	 x15:0xffffffff x31:0xfffffff3
       31655000	      3164	00000000	00000013	addi	x0,x0,0	  x0:0x00000000
       31665000	      3165	80002ca0	00000013	addi	x0,x0,0	  x0:0x00000000
       31675000	      3166	80002ca4	66ed6d13	ori	x26,x26,1646	 x26:0x00000000 x26=0x0000066e
       31685000	      3167	80002ca8	4071d713	srai	x14,x3,0x7	  x3:0x00000000 x14=0x00000000
       31695000	      3168	80002cac	ffd78793	addi	x15,x15,-3	 x15:0xffffffff x15=0xfffffffc
       31705000	      3169	80002cb0	40d1dd33	sra	x26,x3,x13	  x3:0x00000000 x13:0x00000006 x26=0x00000000
       31715000	      3170	80002cb4	eb782313	slti	x6,x16,-329	 x16:0x8000a5df  x6=0x00000001
       31725000	      3171	80002cb8	fff7d6e3	bge	x15,x31,80002ca4	 x15:0xfffffffc x31:0xfffffff3
       31735000	      3172	00000000	00000013	addi	x0,x0,0	  x0:0x00000000
       31745000	      3173	80002ca0	00000013	addi	x0,x0,0	  x0:0x00000000
       31755000	      3174	80002ca4	66ed6d13	ori	x26,x26,1646	 x26:0x00000000 x26=0x0000066e
       31765000	      3175	80002ca8	4071d713	srai	x14,x3,0x7	  x3:0x00000000 x14=0x00000000
       31775000	      3176	80002cac	ffd78793	addi	x15,x15,-3	 x15:0xfffffffc x15=0xfffffff9
       31785000	      3177	80002cb0	40d1dd33	sra	x26,x3,x13	  x3:0x00000000 x13:0x00000006 x26=0x00000000
       31795000	      3178	80002cb4	eb782313	slti	x6,x16,-329	 x16:0x8000a5df  x6=0x00000001
       31805000	      3179	80002cb8	fff7d6e3	bge	x15,x31,80002ca4	 x15:0xfffffff9 x31:0xfffffff3
       31815000	      3180	00000000	00000013	addi	x0,x0,0	  x0:0x00000000
       31825000	      3181	80002ca0	00000013	addi	x0,x0,0	  x0:0x00000000
       31835000	      3182	80002ca4	66ed6d13	ori	x26,x26,1646	 x26:0x00000000 x26=0x0000066e
       31845000	      3183	80002ca8	4071d713	srai	x14,x3,0x7	  x3:0x00000000 x14=0x00000000
       31855000	      3184	80002cac	ffd78793	addi	x15,x15,-3	 x15:0xfffffff9 x15=0xfffffff6
       31865000	      3185	80002cb0	40d1dd33	sra	x26,x3,x13	  x3:0x00000000 x13:0x00000006 x26=0x00000000
       31875000	      3186	80002cb4	eb782313	slti	x6,x16,-329	 x16:0x8000a5df  x6=0x00000001
       31885000	      3187	80002cb8	fff7d6e3	bge	x15,x31,80002ca4	 x15:0xfffffff6 x31:0xfffffff3
       31895000	      3188	00000000	00000013	addi	x0,x0,0	  x0:0x00000000
       31905000	      3189	80002ca0	00000013	addi	x0,x0,0	  x0:0x00000000
       31915000	      3190	80002ca4	66ed6d13	ori	x26,x26,1646	 x26:0x00000000 x26=0x0000066e
       31925000	      3191	80002ca8	4071d713	srai	x14,x3,0x7	  x3:0x00000000 x14=0x00000000
       31935000	      3192	80002cac	ffd78793	addi	x15,x15,-3	 x15:0xfffffff6 x15=0xfffffff3
       31945000	      3193	80002cb0	40d1dd33	sra	x26,x3,x13	  x3:0x00000000 x13:0x00000006 x26=0x00000000
       31955000	      3194	80002cb4	eb782313	slti	x6,x16,-329	 x16:0x8000a5df  x6=0x00000001
       31965000	      3195	80002cb8	fff7d6e3	bge	x15,x31,80002ca4	 x15:0xfffffff3 x31:0xfffffff3
       31975000	      3196	00000000	00000013	addi	x0,x0,0	  x0:0x00000000
       31985000	      3197	80002ca0	00000013	addi	x0,x0,0	  x0:0x00000000
       31995000	      3198	80002ca4	66ed6d13	ori	x26,x26,1646	 x26:0x00000000 x26=0x0000066e
       32005000	      3199	80002ca8	4071d713	srai	x14,x3,0x7	  x3:0x00000000 x14=0x00000000
       32015000	      3200	80002cac	ffd78793	addi	x15,x15,-3	 x15:0xfffffff3 x15=0xfffffff0
       32025000	      3201	80002cb0	40d1dd33	sra	x26,x3,x13	  x3:0x00000000 x13:0x00000006 x26=0x00000000
       32035000	      3202	80002cb4	eb782313	slti	x6,x16,-329	 x16:0x8000a5df  x6=0x00000001
       32045000	      3203	80002cb8	fff7d6e3	bge	x15,x31,80002ca4	 x15:0xfffffff0 x31:0xfffffff3
       32055000	      3204	80002cbc	4163d413	srai	x8,x7,0x16	  x7:0x00000000  x8=0x00000000
       32065000	      3205	80002cc0	00b21413	slli	x8,x4,0xb	  x4:0x00000000  x8=0x00000000
       32075000	      3206	80002cc4	006b0bb3	add	x23,x22,x6	 x22:0x7fff601c  x6:0x00000001 x23=0x7fff601d
       32085000	      3207	80002cc8	fadee8e3	bltu	x29,x13,80002c78	 x29:0x0000000c x13:0x00000006
       32095000	      3208	80002ccc	01a28ab3	add	x21,x5,x26	  x5:0xad5d3ff7 x26:0x00000000 x21=0xad5d3ff7
       32105000	      3209	80002cd0	00a00113	addi	x2,x0,10	  x0:0x00000000  x2=0x0000000a
       32115000	      3210	80002cd4	00800593	addi	x11,x0,8	  x0:0x00000000 x11=0x00000008
       32125000	      3211	80002cd8	54cca713	slti	x14,x25,1356	 x25:0x00000000 x14=0x00000001
       32135000	      3212	80002cdc	0195fcb3	and	x25,x11,x25	 x11:0x00000008 x25:0x00000000 x25=0x00000000
       32145000	      3213	80002ce0	fff10113	addi	x2,x2,-1	  x2:0x0000000a  x2=0x00000009
       32155000	      3214	80002ce4	ffa00693	addi	x13,x0,-6	  x0:0x00000000 x13=0xfffffffa
       32165000	      3215	80002ce8	ff900d93	addi	x27,x0,-7	  x0:0x00000000 x27=0xfffffff9
       32175000	      3216	80002cec	01f91c33	sll	x24,x18,x31	 x18:0x00000000 x31:0xfffffff3 x24=0x00000000
       32185000	      3217	80002cf0	005072b3	and	x5,x0,x5	  x0:0x00000000  x5:0xad5d3ff7  x5=0x00000000
       32195000	      3218	80002cf4	fff68693	addi	x13,x13,-1	 x13:0xfffffffa x13=0xfffffff9
       32205000	      3219	80002cf8	00461793	slli	x15,x12,0x4	 x12:0x000004a5 x15=0x00004a50
       32215000	      3220	80002cfc	ffb6dae3	bge	x13,x27,80002cf0	 x13:0xfffffff9 x27:0xfffffff9
       32225000	      3221	00000000	00000013	addi	x0,x0,0	  x0:0x00000000
       32235000	      3222	80002cec	00000013	addi	x0,x0,0	  x0:0x00000000
       32245000	      3223	80002cf0	005072b3	and	x5,x0,x5	  x0:0x00000000  x5:0x00000000  x5=0x00000000
       32255000	      3224	80002cf4	fff68693	addi	x13,x13,-1	 x13:0xfffffff9 x13=0xfffffff8
       32265000	      3225	80002cf8	00461793	slli	x15,x12,0x4	 x12:0x000004a5 x15=0x00004a50
       32275000	      3226	80002cfc	ffb6dae3	bge	x13,x27,80002cf0	 x13:0xfffffff8 x27:0xfffffff9
       32285000	      3227	80002d00	fcb17ce3	bgeu	x2,x11,80002cd8	  x2:0x00000009 x11:0x00000008
       32295000	      3228	00000000	00000013	addi	x0,x0,0	  x0:0x00000000
       32305000	      3229	80002cd4	00000013	addi	x0,x0,0	  x0:0x00000000
       32315000	      3230	80002cd8	54cca713	slti	x14,x25,1356	 x25:0x00000000 x14=0x00000001
       32325000	      3231	80002cdc	0195fcb3	and	x25,x11,x25	 x11:0x00000008 x25:0x00000000 x25=0x00000000
       32335000	      3232	80002ce0	fff10113	addi	x2,x2,-1	  x2:0x00000009  x2=0x00000008
       32345000	      3233	80002ce4	ffa00693	addi	x13,x0,-6	  x0:0x00000000 x13=0xfffffffa
       32355000	      3234	80002ce8	ff900d93	addi	x27,x0,-7	  x0:0x00000000 x27=0xfffffff9
       32365000	      3235	80002cec	01f91c33	sll	x24,x18,x31	 x18:0x00000000 x31:0xfffffff3 x24=0x00000000
       32375000	      3236	80002cf0	005072b3	and	x5,x0,x5	  x0:0x00000000  x5:0x00000000  x5=0x00000000
       32385000	      3237	80002cf4	fff68693	addi	x13,x13,-1	 x13:0xfffffffa x13=0xfffffff9
       32395000	      3238	80002cf8	00461793	slli	x15,x12,0x4	 x12:0x000004a5 x15=0x00004a50
       32405000	      3239	80002cfc	ffb6dae3	bge	x13,x27,80002cf0	 x13:0xfffffff9 x27:0xfffffff9
       32415000	      3240	00000000	00000013	addi	x0,x0,0	  x0:0x00000000
       32425000	      3241	80002cec	00000013	addi	x0,x0,0	  x0:0x00000000
       32435000	      3242	80002cf0	005072b3	and	x5,x0,x5	  x0:0x00000000  x5:0x00000000  x5=0x00000000
       32445000	      3243	80002cf4	fff68693	addi	x13,x13,-1	 x13:0xfffffff9 x13=0xfffffff8
       32455000	      3244	80002cf8	00461793	slli	x15,x12,0x4	 x12:0x000004a5 x15=0x00004a50
       32465000	      3245	80002cfc	ffb6dae3	bge	x13,x27,80002cf0	 x13:0xfffffff8 x27:0xfffffff9
       32475000	      3246	80002d00	fcb17ce3	bgeu	x2,x11,80002cd8	  x2:0x00000008 x11:0x00000008
       32485000	      3247	00000000	00000013	addi	x0,x0,0	  x0:0x00000000
       32495000	      3248	80002cd4	00000013	addi	x0,x0,0	  x0:0x00000000
       32505000	      3249	80002cd8	54cca713	slti	x14,x25,1356	 x25:0x00000000 x14=0x00000001
       32515000	      3250	80002cdc	0195fcb3	and	x25,x11,x25	 x11:0x00000008 x25:0x00000000 x25=0x00000000
       32525000	      3251	80002ce0	fff10113	addi	x2,x2,-1	  x2:0x00000008  x2=0x00000007
       32535000	      3252	80002ce4	ffa00693	addi	x13,x0,-6	  x0:0x00000000 x13=0xfffffffa
       32545000	      3253	80002ce8	ff900d93	addi	x27,x0,-7	  x0:0x00000000 x27=0xfffffff9
       32555000	      3254	80002cec	01f91c33	sll	x24,x18,x31	 x18:0x00000000 x31:0xfffffff3 x24=0x00000000
       32565000	      3255	80002cf0	005072b3	and	x5,x0,x5	  x0:0x00000000  x5:0x00000000  x5=0x00000000
       32575000	      3256	80002cf4	fff68693	addi	x13,x13,-1	 x13:0xfffffffa x13=0xfffffff9
       32585000	      3257	80002cf8	00461793	slli	x15,x12,0x4	 x12:0x000004a5 x15=0x00004a50
       32595000	      3258	80002cfc	ffb6dae3	bge	x13,x27,80002cf0	 x13:0xfffffff9 x27:0xfffffff9
       32605000	      3259	00000000	00000013	addi	x0,x0,0	  x0:0x00000000
       32615000	      3260	80002cec	00000013	addi	x0,x0,0	  x0:0x00000000
       32625000	      3261	80002cf0	005072b3	and	x5,x0,x5	  x0:0x00000000  x5:0x00000000  x5=0x00000000
       32635000	      3262	80002cf4	fff68693	addi	x13,x13,-1	 x13:0xfffffff9 x13=0xfffffff8
       32645000	      3263	80002cf8	00461793	slli	x15,x12,0x4	 x12:0x000004a5 x15=0x00004a50
       32655000	      3264	80002cfc	ffb6dae3	bge	x13,x27,80002cf0	 x13:0xfffffff8 x27:0xfffffff9
       32665000	      3265	80002d00	fcb17ce3	bgeu	x2,x11,80002cd8	  x2:0x00000007 x11:0x00000008
       32675000	      3266	80002d04	d70e0293	addi	x5,x28,-656	 x28:0x00000001  x5=0xfffffd71
       32685000	      3267	80002d08	01a78663	beq	x15,x26,80002d14	 x15:0x00004a50 x26:0x00000000
       32695000	      3268	80002d0c	f36f4993	xori	x19,x30,-202	 x30:0x00000011 x19=0xffffff27
       32705000	      3269	80002d10	c6a70293	addi	x5,x14,-918	 x14:0x00000001  x5=0xfffffc6b
       32715000	      3270	80002d14	01949d33	sll	x26,x9,x25	  x9:0x66597714 x25:0x00000000 x26=0x66597714
       32725000	      3271	80002d18	00000013	addi	x0,x0,0	  x0:0x00000000
       32735000	      3272	80002d1c	02c45e63	bge	x8,x12,80002d58	  x8:0x00000000 x12:0x000004a5
       32745000	      3273	80002d20	00041f33	sll	x30,x8,x0	  x8:0x00000000  x0:0x00000000 x30=0x00000000
       32755000	      3274	80002d24	045d1263	bne	x26,x5,80002d68	 x26:0x66597714  x5:0xfffffc6b
       32765000	      3275	00000000	00000013	addi	x0,x0,0	  x0:0x00000000
       32775000	      3276	80002d64	00000013	addi	x0,x0,0	  x0:0x00000000
       32785000	      3277	80002d68	38ae7b93	andi	x23,x28,906	 x28:0x00000001 x23=0x00000000
       32795000	      3278	80002d6c	0031ce63	blt	x3,x3,80002d88	  x3:0x00000000  x3:0x00000000
       32805000	      3279	80002d70	00141013	slli	x0,x8,0x1	  x8:0x00000000
       32815000	      3280	80002d74	007df0b3	and	x1,x27,x7	 x27:0xfffffff9  x7:0x00000000  x1=0x00000000
       32825000	      3281	80002d78	c463edb7	lui	x27,0xc463e	 x27=0xc463e000
       32835000	      3282	80002d7c	005edbb3	srl	x23,x29,x5	 x29:0x0000000c  x5:0xfffffc6b x23=0x00000000
       32845000	      3283	80002d80	0004dc63	bge	x9,x0,80002d98	  x9:0x66597714  x0:0x00000000
       32855000	      3284	00000000	00000013	addi	x0,x0,0	  x0:0x00000000
       32865000	      3285	80002d94	00000013	addi	x0,x0,0	  x0:0x00000000
       32875000	      3286	80002d98	b8282d13	slti	x26,x16,-1150	 x16:0x8000a5df x26=0x00000001
       32885000	      3287	80002d9c	01512bb3	slt	x23,x2,x21	  x2:0x00000007 x21:0xad5d3ff7 x23=0x00000000
       32895000	      3288	80002da0	402c8d33	sub	x26,x25,x2	 x25:0x00000000  x2:0x00000007 x26=0xfffffff9
       32905000	      3289	80002da4	015efe63	bgeu	x29,x21,80002dc0	 x29:0x0000000c x21:0xad5d3ff7
       32915000	      3290	80002da8	410480b3	sub	x1,x9,x16	  x9:0x66597714 x16:0x8000a5df  x1=0xe658d135
       32925000	      3291	80002dac	403bd993	srai	x19,x23,0x3	 x23:0x00000000 x19=0x00000000
       32935000	      3292	80002db0	035c1e63	bne	x24,x21,80002dec	 x24:0x00000000 x21:0xad5d3ff7
       32945000	      3293	00000000	00000013	addi	x0,x0,0	  x0:0x00000000
       32955000	      3294	80002de8	00000013	addi	x0,x0,0	  x0:0x00000000
       32965000	      3295	80002dec	05725663	bge	x4,x23,80002e38	  x4:0x00000000 x23:0x00000000
       32975000	      3296	00000000	00000013	addi	x0,x0,0	  x0:0x00000000
       32985000	      3297	80002e34	00000013	addi	x0,x0,0	  x0:0x00000000
       32995000	      3298	80002e38	f1cc0997	auipc	x19,0xf1cc0	 x19=0x71cc2e34
       33005000	      3299	80002e3c	01539c33	sll	x24,x7,x21	  x7:0x00000000 x21:0xad5d3ff7 x24=0x00000000
       33015000	      3300	80002e40	438a3c93	sltiu	x25,x20,1080	 x20:0x80009f48 x25=0x00000000
       33025000	      3301	80002e44	059bc063	blt	x23,x25,80002e84	 x23:0x00000000 x25:0x00000000
       33035000	      3302	80002e48	01b32eb3	slt	x29,x6,x27	  x6:0x00000001 x27:0xc463e000 x29=0x00000000
       33045000	      3303	80002e4c	0561f063	bgeu	x3,x22,80002e8c	  x3:0x00000000 x22:0x7fff601c
       33055000	      3304	80002e50	03960463	beq	x12,x25,80002e78	 x12:0x000004a5 x25:0x00000000
       33065000	      3305	80002e54	c2350313	addi	x6,x10,-989	 x10:0xfffffce1  x6=0xfffff904
       33075000	      3306	80002e58	54ef8993	addi	x19,x31,1358	 x31:0xfffffff3 x19=0x00000541
       33085000	      3307	80002e5c	00000013	addi	x0,x0,0	  x0:0x00000000
       33095000	      3308	80002e60	019791b3	sll	x3,x15,x25	 x15:0x00004a50 x25:0x00000000  x3=0x00004a50
       33105000	      3309	80002e64	0bbae837	lui	x16,0xbbae	 x16=0x0bbae000
       33115000	      3310	80002e68	600d3b93	sltiu	x23,x26,1536	 x26:0xfffffff9 x23=0x00000000
       33125000	      3311	80002e6c	58fafd13	andi	x26,x21,1423	 x21:0xad5d3ff7 x26=0x00000587
       33135000	      3312	80002e70	402dd633	sra	x12,x27,x2	 x27:0xc463e000  x2:0x00000007 x12=0xff88c7c0
       33145000	      3313	80002e74	01eae733	or	x14,x21,x30	 x21:0xad5d3ff7 x30:0x00000000 x14=0xad5d3ff7
       33155000	      3314	80002e78	0313f463	bgeu	x7,x17,80002ea0	  x7:0x00000000 x17:0x80009fc4
       33165000	      3315	80002e7c	402bd913	srai	x18,x23,0x2	 x23:0x00000000 x18=0x00000000
       33175000	      3316	80002e80	02b34c63	blt	x6,x11,80002eb8	  x6:0xfffff904 x11:0x00000008
       33185000	      3317	00000000	00000013	addi	x0,x0,0	  x0:0x00000000
       33195000	      3318	80002eb4	00000013	addi	x0,x0,0	  x0:0x00000000
       33205000	      3319	80002eb8	3dbfbe13	sltiu	x28,x31,987	 x31:0xfffffff3 x28=0x00000000
       33215000	      3320	80002ebc	ca734193	xori	x3,x6,-857	  x6:0xfffff904  x3=0x000005a3
       33225000	      3321	80002ec0	02031a63	bne	x6,x0,80002ef4	  x6:0xfffff904  x0:0x00000000
       33235000	      3322	00000000	00000013	addi	x0,x0,0	  x0:0x00000000
       33245000	      3323	80002ef0	00000013	addi	x0,x0,0	  x0:0x00000000
       33255000	      3324	80002ef4	00609293	slli	x5,x1,0x6	  x1:0xe658d135  x5=0x96344d40
       33265000	      3325	80002ef8	00ff3b33	sltu	x22,x30,x15	 x30:0x00000000 x15:0x00004a50 x22=0x00000001
       33275000	      3326	80002efc	62b58993	addi	x19,x11,1579	 x11:0x00000008 x19=0x00000633
       33285000	      3327	80002f00	018d7bb3	and	x23,x26,x24	 x26:0x00000587 x24:0x00000000 x23=0x00000000
       33295000	      3328	80002f04	a550a693	slti	x13,x1,-1451	  x1:0xe658d135 x13=0x00000001
       33305000	      3329	80002f08	40b8d313	srai	x6,x17,0xb	 x17:0x80009fc4  x6=0xfff00013
       33315000	      3330	80002f0c	f59f7113	andi	x2,x30,-167	 x30:0x00000000  x2=0x00000000
       33325000	      3331	80002f10	2c3cee13	ori	x28,x25,707	 x25:0x00000000 x28=0x000002c3
       33335000	      3332	80002f14	004a2c03	lw	x24,4(x20)	 x20:0x80009f48 x24=0x80000384 PA:0x80009f4c
       33345000	      3333	80002f18	03ca0a13	addi	x20,x20,60	 x20:0x80009f48 x20=0x80009f84
       33355000	      3334	80002f1c	0149a533	slt	x10,x19,x20	 x19:0x00000633 x20:0x80009f84 x10=0x00000000
       33365000	      3335	80002f20	41798d33	sub	x26,x19,x23	 x19:0x00000633 x23:0x00000000 x26=0x00000633
       33375000	      3336	80002f24	00000013	addi	x0,x0,0	  x0:0x00000000
       33385000	      3337	80002f28	000c0c93	addi	x25,x24,0	 x24:0x80000384 x25=0x80000384
       33395000	      3338	80002f2c	000c8ce7	jalr	x25,x25,0	 x25:0x80000384 x25=0x80002f2c
       33405000	      3339	00000000	00000013	addi	x0,x0,0	  x0:0x00000000
       33415000	      3340	80000384	00000013	addi	x0,x0,0	  x0:0x00000000
       33425000	      3341	80000388	00044533	xor	x10,x8,x0	  x8:0x00000000  x0:0x00000000 x10=0x00000000
       33435000	      3342	8000038c	4120d5b3	sra	x11,x1,x18	  x1:0xe658d135 x18:0x00000000 x11=0xe658d135
       33445000	      3343	80000390	be746913	ori	x18,x8,-1049	  x8:0x00000000 x18=0xfffffbe7
       33455000	      3344	80000394	42d60f93	addi	x31,x12,1069	 x12:0xff88c7c0 x31=0xff88cbed
       33465000	      3345	80000398	01366533	or	x10,x12,x19	 x12:0xff88c7c0 x19:0x00000633 x10=0xff88c7f3
       33475000	      3346	8000039c	002e05b3	add	x11,x28,x2	 x28:0x000002c3  x2:0x00000000 x11=0x000002c3
       33485000	      3347	800003a0	01c3b9b3	sltu	x19,x7,x28	  x7:0x00000000 x28:0x000002c3 x19=0x00000001
       33495000	      3348	800003a4	00000013	addi	x0,x0,0	  x0:0x00000000
       33505000	      3349	800003a8	01daf463	bgeu	x21,x29,800003b0	 x21:0xad5d3ff7 x29:0x00000000
       33515000	      3350	00000000	00000013	addi	x0,x0,0	  x0:0x00000000
       33525000	      3351	800003ac	00000013	addi	x0,x0,0	  x0:0x00000000
       33535000	      3352	800003b0	01100733	add	x14,x0,x17	  x0:0x00000000 x17:0x80009fc4 x14=0x80009fc4
       33545000	      3353	800003b4	cb860693	addi	x13,x12,-840	 x12:0xff88c7c0 x13=0xff88c478
       33555000	      3354	800003b8	017c1c63	bne	x24,x23,800003d0	 x24:0x80000384 x23:0x00000000
       33565000	      3355	00000000	00000013	addi	x0,x0,0	  x0:0x00000000
       33575000	      3356	800003cc	00000013	addi	x0,x0,0	  x0:0x00000000
       33585000	      3357	800003d0	3c890513	addi	x10,x18,968	 x18:0xfffffbe7 x10=0xffffffaf
       33595000	      3358	800003d4	00000497	auipc	x9,0x0	  x9=0x800003d0
       33605000	      3359	800003d8	00c48493	addi	x9,x9,12	  x9:0x800003d0  x9=0x800003dc
       33615000	      3360	800003dc	00048067	jalr	x0,x9,0	  x9:0x800003dc
       33625000	      3361	00000000	00000013	addi	x0,x0,0	  x0:0x00000000
       33635000	      3362	800003dc	00000013	addi	x0,x0,0	  x0:0x00000000
       33645000	      3363	800003e0	00100193	addi	x3,x0,1	  x0:0x00000000  x3=0x00000001
       33655000	      3364	800003e4	00000073	ecall	
       33665000	      3365	800003e8	01a8b0b3	sltu	x1,x17,x26	 x17:0x80009fc4 x26:0x00000633  x1=0x00000000
