		Time			Cycle	PC		Insn	Decoded instruction	Register and memory contents
          65000	         5	80000004	00000293	addi	x5,x0,0	  x0:0x00000000  x5=0x00000000
          75000	         6	80000008	00000313	addi	x6,x0,0	  x0:0x00000000  x6=0x00000000
          85000	         7	8000000c	00628263	beq	x5,x6,80000010	  x5:0x00000000  x6:0x00000000
          95000	         8	00000000	00000013	addi	x0,x0,0	  x0:0x00000000
         105000	         9	8000000c	00000013	addi	x0,x0,0	  x0:0x00000000
         115000	        10	80000010	00000b17	auipc	x22,0x0	 x22=0x8000000c
         125000	        11	80000014	00cb0b13	addi	x22,x22,12	 x22:0x8000000c x22=0x80000018
         135000	        12	80000018	000b0067	jalr	x0,x22,0	 x22:0x80000018
         145000	        13	00000000	00000013	addi	x0,x0,0	  x0:0x00000000
         155000	        14	80000018	00000013	addi	x0,x0,0	  x0:0x00000000
         165000	        15	8000001c	40000ab7	lui	x21,0x40000	 x21=0x40000000
         175000	        16	80000020	100a8a93	addi	x21,x21,256	 x21:0x40000000 x21=0x40000100
         185000	        17	80000024	00000013	addi	x0,x0,0	  x0:0x00000000
         195000	        18	80000028	0000ae97	auipc	x29,0xa	 x29=0x8000a024
         205000	        19	8000002c	fa0e8e93	addi	x29,x29,-96	 x29:0x8000a024 x29=0x80009fc4
         215000	        20	80000030	00004a97	auipc	x21,0x4	 x21=0x8000402c
         225000	        21	80000034	864a8a93	addi	x21,x21,-1948	 x21:0x8000402c x21=0x80003890
         235000	        22	80000038	001aea93	ori	x21,x21,1	 x21:0x80003890 x21=0x80003891
         245000	        23	8000003c	00000013	addi	x0,x0,0	  x0:0x00000000
         255000	        24	80000040	00000a97	auipc	x21,0x0	 x21=0x8000003c
         265000	        25	80000044	020a8a93	addi	x21,x21,32	 x21:0x8000003c x21=0x8000005c
         275000	        26	80000048	00000013	addi	x0,x0,0	  x0:0x00000000
         285000	        27	8000004c	00000013	addi	x0,x0,0	  x0:0x00000000
         295000	        28	80000050	00002ab7	lui	x21,0x2	 x21=0x00002000
         305000	        29	80000054	800a8a93	addi	x21,x21,-2048	 x21:0x00002000 x21=0x00001800
         315000	        30	80000058	00000013	addi	x0,x0,0	  x0:0x00000000
         325000	        31	8000005c	00000013	addi	x0,x0,0	  x0:0x00000000
         335000	        32	80000060	ae08f037	lui	x0,0xae08f	
         345000	        33	80000064	e7000013	addi	x0,x0,-400	  x0:0x00000000
         355000	        34	80000068	00000093	addi	x1,x0,0	  x0:0x00000000  x1=0x00000000
         365000	        35	8000006c	00000113	addi	x2,x0,0	  x0:0x00000000  x2=0x00000000
         375000	        36	80000070	800001b7	lui	x3,0x80000	  x3=0x80000000
         385000	        37	80000074	10fef237	lui	x4,0x10fef	  x4=0x10fef000
         395000	        38	80000078	fda20213	addi	x4,x4,-38	  x4:0x10fef000  x4=0x10feefda
         405000	        39	8000007c	faebd2b7	lui	x5,0xfaebd	  x5=0xfaebd000
         415000	        40	80000080	9bf28293	addi	x5,x5,-1601	  x5:0xfaebd000  x5=0xfaebc9bf
         425000	        41	80000084	cdd1b337	lui	x6,0xcdd1b	  x6=0xcdd1b000
         435000	        42	80000088	3ae30313	addi	x6,x6,942	  x6:0xcdd1b000  x6=0xcdd1b3ae
         445000	        43	8000008c	b071b3b7	lui	x7,0xb071b	  x7=0xb071b000
         455000	        44	80000090	79c38393	addi	x7,x7,1948	  x7:0xb071b000  x7=0xb071b79c
         465000	        45	80000094	80000437	lui	x8,0x80000	  x8=0x80000000
         475000	        46	80000098	00000493	addi	x9,x0,0	  x0:0x00000000  x9=0x00000000
         485000	        47	8000009c	00000513	addi	x10,x0,0	  x0:0x00000000 x10=0x00000000
         495000	        48	800000a0	08f635b7	lui	x11,0x8f63	 x11=0x08f63000
         505000	        49	800000a4	79758593	addi	x11,x11,1943	 x11:0x08f63000 x11=0x08f63797
         515000	        50	800000a8	00500613	addi	x12,x0,5	  x0:0x00000000 x12=0x00000005
         525000	        51	800000ac	fe33d6b7	lui	x13,0xfe33d	 x13=0xfe33d000
         535000	        52	800000b0	03c68693	addi	x13,x13,60	 x13:0xfe33d000 x13=0xfe33d03c
         545000	        53	800000b4	00000713	addi	x14,x0,0	  x0:0x00000000 x14=0x00000000
         555000	        54	800000b8	800007b7	lui	x15,0x80000	 x15=0x80000000
         565000	        55	800000bc	80000837	lui	x16,0x80000	 x16=0x80000000
         575000	        56	800000c0	3a8138b7	lui	x17,0x3a813	 x17=0x3a813000
         585000	        57	800000c4	63188893	addi	x17,x17,1585	 x17:0x3a813000 x17=0x3a813631
         595000	        58	800000c8	de3f0937	lui	x18,0xde3f0	 x18=0xde3f0000
         605000	        59	800000cc	84290913	addi	x18,x18,-1982	 x18:0xde3f0000 x18=0xde3ef842
         615000	        60	800000d0	f85ba9b7	lui	x19,0xf85ba	 x19=0xf85ba000
         625000	        61	800000d4	dc398993	addi	x19,x19,-573	 x19:0xf85ba000 x19=0xf85b9dc3
         635000	        62	800000d8	fbaf0a37	lui	x20,0xfbaf0	 x20=0xfbaf0000
         645000	        63	800000dc	54ea0a13	addi	x20,x20,1358	 x20:0xfbaf0000 x20=0xfbaf054e
         655000	        64	800000e0	f1337ab7	lui	x21,0xf1337	 x21=0xf1337000
         665000	        65	800000e4	dafa8a93	addi	x21,x21,-593	 x21:0xf1337000 x21=0xf1336daf
         675000	        66	800000e8	80000b37	lui	x22,0x80000	 x22=0x80000000
         685000	        67	800000ec	91a62bb7	lui	x23,0x91a62	 x23=0x91a62000
         695000	        68	800000f0	16cb8b93	addi	x23,x23,364	 x23:0x91a62000 x23=0x91a6216c
         705000	        69	800000f4	00000c13	addi	x24,x0,0	  x0:0x00000000 x24=0x00000000
         715000	        70	800000f8	00000c93	addi	x25,x0,0	  x0:0x00000000 x25=0x00000000
         725000	        71	800000fc	f4200d37	lui	x26,0xf4200	 x26=0xf4200000
         735000	        72	80000100	a5bd0d13	addi	x26,x26,-1445	 x26:0xf4200000 x26=0xf41ffa5b
         745000	        73	80000104	00000d93	addi	x27,x0,0	  x0:0x00000000 x27=0x00000000
         755000	        74	80000108	80000f37	lui	x30,0x80000	 x30=0x80000000
         765000	        75	8000010c	80000fb7	lui	x31,0x80000	 x31=0x80000000
         775000	        76	80000110	0000ae17	auipc	x28,0xa	 x28=0x8000a10c
         785000	        77	80000114	e78e0e13	addi	x28,x28,-392	 x28:0x8000a10c x28=0x80009f84
         795000	        78	80000118	017510b3	sll	x1,x10,x23	 x10:0x00000000 x23:0x91a6216c  x1=0x00000000
         805000	        79	8000011c	00000697	auipc	x13,0x0	 x13=0x80000118
         815000	        80	80000120	70868693	addi	x13,x13,1800	 x13:0x80000118 x13=0x80000820
         825000	        81	80000124	27b68693	addi	x13,x13,635	 x13:0x80000820 x13=0x80000a9b
         835000	        82	80000128	e1bbbd17	auipc	x26,0xe1bbb	 x26=0x61bbb124
         845000	        83	8000012c	83913293	sltiu	x5,x2,-1991	  x2:0x00000000  x5=0x00000001
         855000	        84	80000130	01945293	srli	x5,x8,0x19	  x8:0x80000000  x5=0x00000040
         865000	        85	80000134	92ce0cb7	lui	x25,0x92ce0	 x25=0x92ce0000
         875000	        86	80000138	00995463	bge	x18,x9,80000140	 x18:0xde3ef842  x9:0x00000000
         885000	        87	8000013c	0077a133	slt	x2,x15,x7	 x15:0x80000000  x7:0xb071b79c  x2=0x00000001
         895000	        88	80000140	d86680e7	jalr	x1,x13,-634	 x13:0x80000a9b  x1=0x80000140
         905000	        89	00000000	00000013	addi	x0,x0,0	  x0:0x00000000
         915000	        90	80000820	00000013	addi	x0,x0,0	  x0:0x00000000
         925000	        91	80000824	660efa93	andi	x21,x29,1632	 x29:0x80009fc4 x21=0x00000640
         935000	        92	80000828	00469293	slli	x5,x13,0x4	 x13:0x80000a9b  x5=0x0000a9b0
         945000	        93	8000082c	fe4e0e13	addi	x28,x28,-28	 x28:0x80009f84 x28=0x80009f68
         955000	        94	80000830	403b5a93	srai	x21,x22,0x3	 x22:0x80000000 x21=0xf0000000
         965000	        95	80000834	002ba133	slt	x2,x23,x2	 x23:0x91a6216c  x2:0x00000001  x2=0x00000001
         975000	        96	80000838	001e2223	sw	x1,4(x28)	 x28:0x80009f68  x1:0x80000140 PA:0x80009f6c
         985000	        97	8000083c	00660ab3	add	x21,x12,x6	 x12:0x00000005  x6:0xcdd1b3ae x21=0xcdd1b3b3
         995000	        98	80000840	7c8db293	sltiu	x5,x27,1992	 x27:0x00000000  x5=0x00000001
        1005000	        99	80000844	41250f33	sub	x30,x10,x18	 x10:0x00000000 x18:0xde3ef842 x30=0x21c107be
        1015000	       100	80000848	00690433	add	x8,x18,x6	 x18:0xde3ef842  x6:0xcdd1b3ae  x8=0xac10abf0
        1025000	       101	8000084c	970af613	andi	x12,x21,-1680	 x21:0xcdd1b3b3 x12=0xcdd1b130
        1035000	       102	80000850	00900293	addi	x5,x0,9	  x0:0x00000000  x5=0x00000009
        1045000	       103	80000854	210d2b93	slti	x23,x26,528	 x26:0x61bbb124 x23=0x00000000
        1055000	       104	80000858	00000913	addi	x18,x0,0	  x0:0x00000000 x18=0x00000000
        1065000	       105	8000085c	15e70093	addi	x1,x14,350	 x14:0x00000000  x1=0x0000015e
        1075000	       106	80000860	01d15493	srli	x9,x2,0x1d	  x2:0x00000001  x9=0x00000000
        1085000	       107	80000864	ed9bf493	andi	x9,x23,-295	 x23:0x00000000  x9=0x00000000
        1095000	       108	80000868	ff728293	addi	x5,x5,-9	  x5:0x00000009  x5=0x00000000
        1105000	       109	8000086c	00a00613	addi	x12,x0,10	  x0:0x00000000 x12=0x0000000a
        1115000	       110	80000870	00a00c93	addi	x25,x0,10	  x0:0x00000000 x25=0x0000000a
        1125000	       111	80000874	85aa0193	addi	x3,x20,-1958	 x20:0xfbaf054e  x3=0xfbaefda8
        1135000	       112	80000878	78588a13	addi	x20,x17,1925	 x17:0x3a813631 x20=0x3a813db6
        1145000	       113	8000087c	004781b3	add	x3,x15,x4	 x15:0x80000000  x4:0x10feefda  x3=0x90feefda
        1155000	       114	80000880	ff760613	addi	x12,x12,-9	 x12:0x0000000a x12=0x00000001
        1165000	       115	80000884	ff967ce3	bgeu	x12,x25,8000087c	 x12:0x00000001 x25:0x0000000a
        1175000	       116	80000888	43963797	auipc	x15,0x43963	 x15=0xc3963884
        1185000	       117	8000088c	f21f7793	andi	x15,x30,-223	 x30:0x21c107be x15=0x21c10720
        1195000	       118	80000890	fd229ae3	bne	x5,x18,80000864	  x5:0x00000000 x18:0x00000000
        1205000	       119	80000894	87f409b7	lui	x19,0x87f40	 x19=0x87f40000
        1215000	       120	80000898	00100693	addi	x13,x0,1	  x0:0x00000000 x13=0x00000001
        1225000	       121	8000089c	1febffb7	lui	x31,0x1febf	 x31=0x1febf000
        1235000	       122	800008a0	2bec4893	xori	x17,x24,702	 x24:0x00000000 x17=0x000002be
        1245000	       123	800008a4	ff300f13	addi	x30,x0,-13	  x0:0x00000000 x30=0xfffffff3
        1255000	       124	800008a8	01857833	and	x16,x10,x24	 x10:0x00000000 x24:0x00000000 x16=0x00000000
        1265000	       125	800008ac	809af413	andi	x8,x21,-2039	 x21:0xcdd1b3b3  x8=0xcdd1b001
        1275000	       126	800008b0	33f70793	addi	x15,x14,831	 x14:0x00000000 x15=0x0000033f
        1285000	       127	800008b4	00000013	addi	x0,x0,0	  x0:0x00000000
        1295000	       128	800008b8	f5f3bf93	sltiu	x31,x7,-161	  x7:0xb071b79c x31=0x00000001
        1305000	       129	800008bc	01dc42b3	xor	x5,x24,x29	 x24:0x00000000 x29:0x80009fc4  x5=0x80009fc4
        1315000	       130	800008c0	b53c4f93	xori	x31,x24,-1197	 x24:0x00000000 x31=0xfffffb53
        1325000	       131	800008c4	ffe68693	addi	x13,x13,-2	 x13:0x00000001 x13=0xffffffff
        1335000	       132	800008c8	cca9dd17	auipc	x26,0xcca9d	 x26=0x4ca9d8c4
        1345000	       133	800008cc	1e3bfa13	andi	x20,x23,483	 x23:0x00000000 x20=0x00000000
        1355000	       134	800008d0	604f6513	ori	x10,x30,1540	 x30:0xfffffff3 x10=0xfffffff7
        1365000	       135	800008d4	41f05513	srai	x10,x0,0x1f	  x0:0x00000000 x10=0x00000000
        1375000	       136	800008d8	4d956313	ori	x6,x10,1241	 x10:0x00000000  x6=0x000004d9
        1385000	       137	800008dc	5a1ce393	ori	x7,x25,1441	 x25:0x0000000a  x7=0x000005ab
        1395000	       138	800008e0	fde6dae3	bge	x13,x30,800008b4	 x13:0xffffffff x30:0xfffffff3
        1405000	       139	00000000	00000013	addi	x0,x0,0	  x0:0x00000000
        1415000	       140	800008b0	00000013	addi	x0,x0,0	  x0:0x00000000
        1425000	       141	800008b4	00000013	addi	x0,x0,0	  x0:0x00000000
        1435000	       142	800008b8	f5f3bf93	sltiu	x31,x7,-161	  x7:0x000005ab x31=0x00000001
        1445000	       143	800008bc	01dc42b3	xor	x5,x24,x29	 x24:0x00000000 x29:0x80009fc4  x5=0x80009fc4
        1455000	       144	800008c0	b53c4f93	xori	x31,x24,-1197	 x24:0x00000000 x31=0xfffffb53
        1465000	       145	800008c4	ffe68693	addi	x13,x13,-2	 x13:0xffffffff x13=0xfffffffd
        1475000	       146	800008c8	cca9dd17	auipc	x26,0xcca9d	 x26=0x4ca9d8c4
        1485000	       147	800008cc	1e3bfa13	andi	x20,x23,483	 x23:0x00000000 x20=0x00000000
        1495000	       148	800008d0	604f6513	ori	x10,x30,1540	 x30:0xfffffff3 x10=0xfffffff7
        1505000	       149	800008d4	41f05513	srai	x10,x0,0x1f	  x0:0x00000000 x10=0x00000000
        1515000	       150	800008d8	4d956313	ori	x6,x10,1241	 x10:0x00000000  x6=0x000004d9
        1525000	       151	800008dc	5a1ce393	ori	x7,x25,1441	 x25:0x0000000a  x7=0x000005ab
        1535000	       152	800008e0	fde6dae3	bge	x13,x30,800008b4	 x13:0xfffffffd x30:0xfffffff3
        1545000	       153	00000000	00000013	addi	x0,x0,0	  x0:0x00000000
        1555000	       154	800008b0	00000013	addi	x0,x0,0	  x0:0x00000000
        1565000	       155	800008b4	00000013	addi	x0,x0,0	  x0:0x00000000
        1575000	       156	800008b8	f5f3bf93	sltiu	x31,x7,-161	  x7:0x000005ab x31=0x00000001
        1585000	       157	800008bc	01dc42b3	xor	x5,x24,x29	 x24:0x00000000 x29:0x80009fc4  x5=0x80009fc4
        1595000	       158	800008c0	b53c4f93	xori	x31,x24,-1197	 x24:0x00000000 x31=0xfffffb53
        1605000	       159	800008c4	ffe68693	addi	x13,x13,-2	 x13:0xfffffffd x13=0xfffffffb
        1615000	       160	800008c8	cca9dd17	auipc	x26,0xcca9d	 x26=0x4ca9d8c4
        1625000	       161	800008cc	1e3bfa13	andi	x20,x23,483	 x23:0x00000000 x20=0x00000000
        1635000	       162	800008d0	604f6513	ori	x10,x30,1540	 x30:0xfffffff3 x10=0xfffffff7
        1645000	       163	800008d4	41f05513	srai	x10,x0,0x1f	  x0:0x00000000 x10=0x00000000
        1655000	       164	800008d8	4d956313	ori	x6,x10,1241	 x10:0x00000000  x6=0x000004d9
        1665000	       165	800008dc	5a1ce393	ori	x7,x25,1441	 x25:0x0000000a  x7=0x000005ab
        1675000	       166	800008e0	fde6dae3	bge	x13,x30,800008b4	 x13:0xfffffffb x30:0xfffffff3
        1685000	       167	00000000	00000013	addi	x0,x0,0	  x0:0x00000000
        1695000	       168	800008b0	00000013	addi	x0,x0,0	  x0:0x00000000
        1705000	       169	800008b4	00000013	addi	x0,x0,0	  x0:0x00000000
        1715000	       170	800008b8	f5f3bf93	sltiu	x31,x7,-161	  x7:0x000005ab x31=0x00000001
        1725000	       171	800008bc	01dc42b3	xor	x5,x24,x29	 x24:0x00000000 x29:0x80009fc4  x5=0x80009fc4
        1735000	       172	800008c0	b53c4f93	xori	x31,x24,-1197	 x24:0x00000000 x31=0xfffffb53
        1745000	       173	800008c4	ffe68693	addi	x13,x13,-2	 x13:0xfffffffb x13=0xfffffff9
        1755000	       174	800008c8	cca9dd17	auipc	x26,0xcca9d	 x26=0x4ca9d8c4
        1765000	       175	800008cc	1e3bfa13	andi	x20,x23,483	 x23:0x00000000 x20=0x00000000
        1775000	       176	800008d0	604f6513	ori	x10,x30,1540	 x30:0xfffffff3 x10=0xfffffff7
        1785000	       177	800008d4	41f05513	srai	x10,x0,0x1f	  x0:0x00000000 x10=0x00000000
        1795000	       178	800008d8	4d956313	ori	x6,x10,1241	 x10:0x00000000  x6=0x000004d9
        1805000	       179	800008dc	5a1ce393	ori	x7,x25,1441	 x25:0x0000000a  x7=0x000005ab
        1815000	       180	800008e0	fde6dae3	bge	x13,x30,800008b4	 x13:0xfffffff9 x30:0xfffffff3
        1825000	       181	00000000	00000013	addi	x0,x0,0	  x0:0x00000000
        1835000	       182	800008b0	00000013	addi	x0,x0,0	  x0:0x00000000
        1845000	       183	800008b4	00000013	addi	x0,x0,0	  x0:0x00000000
        1855000	       184	800008b8	f5f3bf93	sltiu	x31,x7,-161	  x7:0x000005ab x31=0x00000001
        1865000	       185	800008bc	01dc42b3	xor	x5,x24,x29	 x24:0x00000000 x29:0x80009fc4  x5=0x80009fc4
        1875000	       186	800008c0	b53c4f93	xori	x31,x24,-1197	 x24:0x00000000 x31=0xfffffb53
        1885000	       187	800008c4	ffe68693	addi	x13,x13,-2	 x13:0xfffffff9 x13=0xfffffff7
        1895000	       188	800008c8	cca9dd17	auipc	x26,0xcca9d	 x26=0x4ca9d8c4
        1905000	       189	800008cc	1e3bfa13	andi	x20,x23,483	 x23:0x00000000 x20=0x00000000
        1915000	       190	800008d0	604f6513	ori	x10,x30,1540	 x30:0xfffffff3 x10=0xfffffff7
        1925000	       191	800008d4	41f05513	srai	x10,x0,0x1f	  x0:0x00000000 x10=0x00000000
        1935000	       192	800008d8	4d956313	ori	x6,x10,1241	 x10:0x00000000  x6=0x000004d9
        1945000	       193	800008dc	5a1ce393	ori	x7,x25,1441	 x25:0x0000000a  x7=0x000005ab
        1955000	       194	800008e0	fde6dae3	bge	x13,x30,800008b4	 x13:0xfffffff7 x30:0xfffffff3
        1965000	       195	00000000	00000013	addi	x0,x0,0	  x0:0x00000000
        1975000	       196	800008b0	00000013	addi	x0,x0,0	  x0:0x00000000
        1985000	       197	800008b4	00000013	addi	x0,x0,0	  x0:0x00000000
        1995000	       198	800008b8	f5f3bf93	sltiu	x31,x7,-161	  x7:0x000005ab x31=0x00000001
        2005000	       199	800008bc	01dc42b3	xor	x5,x24,x29	 x24:0x00000000 x29:0x80009fc4  x5=0x80009fc4
        2015000	       200	800008c0	b53c4f93	xori	x31,x24,-1197	 x24:0x00000000 x31=0xfffffb53
        2025000	       201	800008c4	ffe68693	addi	x13,x13,-2	 x13:0xfffffff7 x13=0xfffffff5
        2035000	       202	800008c8	cca9dd17	auipc	x26,0xcca9d	 x26=0x4ca9d8c4
        2045000	       203	800008cc	1e3bfa13	andi	x20,x23,483	 x23:0x00000000 x20=0x00000000
        2055000	       204	800008d0	604f6513	ori	x10,x30,1540	 x30:0xfffffff3 x10=0xfffffff7
        2065000	       205	800008d4	41f05513	srai	x10,x0,0x1f	  x0:0x00000000 x10=0x00000000
        2075000	       206	800008d8	4d956313	ori	x6,x10,1241	 x10:0x00000000  x6=0x000004d9
        2085000	       207	800008dc	5a1ce393	ori	x7,x25,1441	 x25:0x0000000a  x7=0x000005ab
        2095000	       208	800008e0	fde6dae3	bge	x13,x30,800008b4	 x13:0xfffffff5 x30:0xfffffff3
        2105000	       209	00000000	00000013	addi	x0,x0,0	  x0:0x00000000
        2115000	       210	800008b0	00000013	addi	x0,x0,0	  x0:0x00000000
        2125000	       211	800008b4	00000013	addi	x0,x0,0	  x0:0x00000000
        2135000	       212	800008b8	f5f3bf93	sltiu	x31,x7,-161	  x7:0x000005ab x31=0x00000001
        2145000	       213	800008bc	01dc42b3	xor	x5,x24,x29	 x24:0x00000000 x29:0x80009fc4  x5=0x80009fc4
        2155000	       214	800008c0	b53c4f93	xori	x31,x24,-1197	 x24:0x00000000 x31=0xfffffb53
        2165000	       215	800008c4	ffe68693	addi	x13,x13,-2	 x13:0xfffffff5 x13=0xfffffff3
        2175000	       216	800008c8	cca9dd17	auipc	x26,0xcca9d	 x26=0x4ca9d8c4
        2185000	       217	800008cc	1e3bfa13	andi	x20,x23,483	 x23:0x00000000 x20=0x00000000
        2195000	       218	800008d0	604f6513	ori	x10,x30,1540	 x30:0xfffffff3 x10=0xfffffff7
        2205000	       219	800008d4	41f05513	srai	x10,x0,0x1f	  x0:0x00000000 x10=0x00000000
        2215000	       220	800008d8	4d956313	ori	x6,x10,1241	 x10:0x00000000  x6=0x000004d9
        2225000	       221	800008dc	5a1ce393	ori	x7,x25,1441	 x25:0x0000000a  x7=0x000005ab
        2235000	       222	800008e0	fde6dae3	bge	x13,x30,800008b4	 x13:0xfffffff3 x30:0xfffffff3
        2245000	       223	00000000	00000013	addi	x0,x0,0	  x0:0x00000000
        2255000	       224	800008b0	00000013	addi	x0,x0,0	  x0:0x00000000
        2265000	       225	800008b4	00000013	addi	x0,x0,0	  x0:0x00000000
        2275000	       226	800008b8	f5f3bf93	sltiu	x31,x7,-161	  x7:0x000005ab x31=0x00000001
        2285000	       227	800008bc	01dc42b3	xor	x5,x24,x29	 x24:0x00000000 x29:0x80009fc4  x5=0x80009fc4
        2295000	       228	800008c0	b53c4f93	xori	x31,x24,-1197	 x24:0x00000000 x31=0xfffffb53
        2305000	       229	800008c4	ffe68693	addi	x13,x13,-2	 x13:0xfffffff3 x13=0xfffffff1
        2315000	       230	800008c8	cca9dd17	auipc	x26,0xcca9d	 x26=0x4ca9d8c4
        2325000	       231	800008cc	1e3bfa13	andi	x20,x23,483	 x23:0x00000000 x20=0x00000000
        2335000	       232	800008d0	604f6513	ori	x10,x30,1540	 x30:0xfffffff3 x10=0xfffffff7
        2345000	       233	800008d4	41f05513	srai	x10,x0,0x1f	  x0:0x00000000 x10=0x00000000
        2355000	       234	800008d8	4d956313	ori	x6,x10,1241	 x10:0x00000000  x6=0x000004d9
        2365000	       235	800008dc	5a1ce393	ori	x7,x25,1441	 x25:0x0000000a  x7=0x000005ab
        2375000	       236	800008e0	fde6dae3	bge	x13,x30,800008b4	 x13:0xfffffff1 x30:0xfffffff3
        2385000	       237	800008e4	407251b3	sra	x3,x4,x7	  x4:0x10feefda  x7:0x000005ab  x3=0x00021fdd
        2395000	       238	800008e8	ff600c93	addi	x25,x0,-10	  x0:0x00000000 x25=0xfffffff6
        2405000	       239	800008ec	ff000d93	addi	x27,x0,-16	  x0:0x00000000 x27=0xfffffff0
        2415000	       240	800008f0	9c4ea5b7	lui	x11,0x9c4ea	 x11=0x9c4ea000
        2425000	       241	800008f4	cf2c8313	addi	x6,x25,-782	 x25:0xfffffff6  x6=0xfffffce8
        2435000	       242	800008f8	ffbc8c93	addi	x25,x25,-5	 x25:0xfffffff6 x25=0xfffffff1
        2445000	       243	800008fc	0137dd33	srl	x26,x15,x19	 x15:0x0000033f x19:0x87f40000 x26=0x0000033f
        2455000	       244	80000900	00000013	addi	x0,x0,0	  x0:0x00000000
        2465000	       245	80000904	ffbcd6e3	bge	x25,x27,800008f0	 x25:0xfffffff1 x27:0xfffffff0
        2475000	       246	00000000	00000013	addi	x0,x0,0	  x0:0x00000000
        2485000	       247	800008ec	00000013	addi	x0,x0,0	  x0:0x00000000
        2495000	       248	800008f0	9c4ea5b7	lui	x11,0x9c4ea	 x11=0x9c4ea000
        2505000	       249	800008f4	cf2c8313	addi	x6,x25,-782	 x25:0xfffffff1  x6=0xfffffce3
        2515000	       250	800008f8	ffbc8c93	addi	x25,x25,-5	 x25:0xfffffff1 x25=0xffffffec
        2525000	       251	800008fc	0137dd33	srl	x26,x15,x19	 x15:0x0000033f x19:0x87f40000 x26=0x0000033f
        2535000	       252	80000900	00000013	addi	x0,x0,0	  x0:0x00000000
        2545000	       253	80000904	ffbcd6e3	bge	x25,x27,800008f0	 x25:0xffffffec x27:0xfffffff0
        2555000	       254	80000908	00f6dbb3	srl	x23,x13,x15	 x13:0xfffffff1 x15:0x0000033f x23=0x00000001
        2565000	       255	8000090c	00800c13	addi	x24,x0,8	  x0:0x00000000 x24=0x00000008
        2575000	       256	80000910	013ed893	srli	x17,x29,0x13	 x29:0x80009fc4 x17=0x00001000
        2585000	       257	80000914	00d00093	addi	x1,x0,13	  x0:0x00000000  x1=0x0000000d
        2595000	       258	80000918	0036b833	sltu	x16,x13,x3	 x13:0xfffffff1  x3:0x00021fdd x16=0x00000000
        2605000	       259	8000091c	401f5293	srai	x5,x30,0x1	 x30:0xfffffff3  x5=0xfffffff9
        2615000	       260	80000920	00ea7a33	and	x20,x20,x14	 x20:0x00000000 x14:0x00000000 x20=0x00000000
        2625000	       261	80000924	00000013	addi	x0,x0,0	  x0:0x00000000
        2635000	       262	80000928	00685993	srli	x19,x16,0x6	 x16:0x00000000 x19=0x00000000
        2645000	       263	8000092c	009a43b3	xor	x7,x20,x9	 x20:0x00000000  x9:0x00000000  x7=0x00000000
        2655000	       264	80000930	c17acd13	xori	x26,x21,-1001	 x21:0xcdd1b3b3 x26=0x322e4fa4
        2665000	       265	80000934	00000013	addi	x0,x0,0	  x0:0x00000000
        2675000	       266	80000938	3ec2a693	slti	x13,x5,1004	  x5:0xfffffff9 x13=0x00000001
        2685000	       267	8000093c	015e5bb3	srl	x23,x28,x21	 x28:0x80009f68 x21:0xcdd1b3b3 x23=0x00001000
        2695000	       268	80000940	005ed493	srli	x9,x29,0x5	 x29:0x80009fc4  x9=0x040004fe
        2705000	       269	80000944	a3c23c97	auipc	x25,0xa3c23	 x25=0x23c23940
        2715000	       270	80000948	001d14b3	sll	x9,x26,x1	 x26:0x322e4fa4  x1:0x0000000d  x9=0xc9f48000
        2725000	       271	8000094c	00000013	addi	x0,x0,0	  x0:0x00000000
        2735000	       272	80000950	45a17d93	andi	x27,x2,1114	  x2:0x00000001 x27=0x00000000
        2745000	       273	80000954	3f15ef97	auipc	x31,0x3f15e	 x31=0xbf15e950
        2755000	       274	80000958	ef8ae313	ori	x6,x21,-264	 x21:0xcdd1b3b3  x6=0xfffffffb
        2765000	       275	8000095c	008c0c13	addi	x24,x24,8	 x24:0x00000008 x24=0x00000010
        2775000	       276	80000960	ad349137	lui	x2,0xad349	  x2=0xad349000
        2785000	       277	80000964	fc1c64e3	bltu	x24,x1,8000092c	 x24:0x00000010  x1:0x0000000d
        2795000	       278	80000968	01f69533	sll	x10,x13,x31	 x13:0x00000001 x31:0xbf15e950 x10=0x00010000
        2805000	       279	8000096c	00a00093	addi	x1,x0,10	  x0:0x00000000  x1=0x0000000a
        2815000	       280	80000970	00edc733	xor	x14,x27,x14	 x27:0x00000000 x14:0x00000000 x14=0x00000000
        2825000	       281	80000974	41b20533	sub	x10,x4,x27	  x4:0x10feefda x27:0x00000000 x10=0x10feefda
        2835000	       282	80000978	417f5193	srai	x3,x30,0x17	 x30:0xfffffff3  x3=0xffffffff
        2845000	       283	8000097c	fee00813	addi	x16,x0,-18	  x0:0x00000000 x16=0xffffffee
        2855000	       284	80000980	00bf55b3	srl	x11,x30,x11	 x30:0xfffffff3 x11:0x9c4ea000 x11=0xfffffff3
        2865000	       285	80000984	0063e7b3	or	x15,x7,x6	  x7:0x00000000  x6:0xfffffffb x15=0xfffffffb
        2875000	       286	80000988	ff908093	addi	x1,x1,-7	  x1:0x0000000a  x1=0x00000003
        2885000	       287	8000098c	e3502493	slti	x9,x0,-459	  x0:0x00000000  x9=0x00000000
        2895000	       288	80000990	c8880993	addi	x19,x16,-888	 x16:0xffffffee x19=0xfffffc76
        2905000	       289	80000994	405159b3	sra	x19,x2,x5	  x2:0xad349000  x5:0xfffffff9 x19=0xffffffd6
        2915000	       290	80000998	00101433	sll	x8,x0,x1	  x0:0x00000000  x1:0x00000003  x8=0x00000000
        2925000	       291	8000099c	00900393	addi	x7,x0,9	  x0:0x00000000  x7=0x00000009
        2935000	       292	800009a0	0096d733	srl	x14,x13,x9	 x13:0x00000001  x9:0x00000000 x14=0x00000001
        2945000	       293	800009a4	af230713	addi	x14,x6,-1294	  x6:0xfffffffb x14=0xfffffaed
        2955000	       294	800009a8	00700913	addi	x18,x0,7	  x0:0x00000000 x18=0x00000007
        2965000	       295	800009ac	014df2b3	and	x5,x27,x20	 x27:0x00000000 x20:0x00000000  x5=0x00000000
        2975000	       296	800009b0	0006e4b3	or	x9,x13,x0	 x13:0x00000001  x0:0x00000000  x9=0x00000001
        2985000	       297	800009b4	ffa38393	addi	x7,x7,-6	  x7:0x00000009  x7=0x00000003
        2995000	       298	800009b8	016126b3	slt	x13,x2,x22	  x2:0xad349000 x22:0x80000000 x13=0x00000000
        3005000	       299	800009bc	00000013	addi	x0,x0,0	  x0:0x00000000
        3015000	       300	800009c0	ff23f8e3	bgeu	x7,x18,800009b0	  x7:0x00000003 x18:0x00000007
        3025000	       301	800009c4	4059d493	srai	x9,x19,0x5	 x19:0xffffffd6  x9=0xfffffffe
        3035000	       302	800009c8	41f15d33	sra	x26,x2,x31	  x2:0xad349000 x31:0xbf15e950 x26=0xffffad34
        3045000	       303	800009cc	01dad993	srli	x19,x21,0x1d	 x21:0xcdd1b3b3 x19=0x00000006
        3055000	       304	800009d0	018be533	or	x10,x23,x24	 x23:0x00001000 x24:0x00000010 x10=0x00001010
        3065000	       305	800009d4	00001d13	slli	x26,x0,0x0	  x0:0x00000000 x26=0x00000000
        3075000	       306	800009d8	01635333	srl	x6,x6,x22	  x6:0xfffffffb x22:0x80000000  x6=0xfffffffb
        3085000	       307	800009dc	fb0084e3	beq	x1,x16,80000984	  x1:0x00000003 x16:0xffffffee
        3095000	       308	800009e0	01d486b3	add	x13,x9,x29	  x9:0xfffffffe x29:0x80009fc4 x13=0x80009fc2
        3105000	       309	800009e4	ffb00a93	addi	x21,x0,-5	  x0:0x00000000 x21=0xfffffffb
        3115000	       310	800009e8	00248733	add	x14,x9,x2	  x9:0xfffffffe  x2:0xad349000 x14=0xad348ffe
        3125000	       311	800009ec	003ea3b3	slt	x7,x29,x3	 x29:0x80009fc4  x3:0xffffffff  x7=0x00000001
        3135000	       312	800009f0	57008793	addi	x15,x1,1392	  x1:0x00000003 x15=0x00000573
        3145000	       313	800009f4	476dc993	xori	x19,x27,1142	 x27:0x00000000 x19=0x00000476
        3155000	       314	800009f8	41aad5b3	sra	x11,x21,x26	 x21:0xfffffffb x26:0x00000000 x11=0xfffffffb
        3165000	       315	800009fc	011a93b3	sll	x7,x21,x17	 x21:0xfffffffb x17:0x00001000  x7=0xfffffffb
        3175000	       316	80000a00	402d5133	sra	x2,x26,x2	 x26:0x00000000  x2:0xad349000  x2=0x00000000
        3185000	       317	80000a04	24e3c413	xori	x8,x7,590	  x7:0xfffffffb  x8=0xfffffdb5
        3195000	       318	80000a08	ff200d13	addi	x26,x0,-14	  x0:0x00000000 x26=0xfffffff2
        3205000	       319	80000a0c	2412a093	slti	x1,x5,577	  x5:0x00000000  x1=0x00000001
        3215000	       320	80000a10	017293b3	sll	x7,x5,x23	  x5:0x00000000 x23:0x00001000  x7=0x00000000
        3225000	       321	80000a14	5290f537	lui	x10,0x5290f	 x10=0x5290f000
        3235000	       322	80000a18	a4628393	addi	x7,x5,-1466	  x5:0x00000000  x7=0xfffffa46
        3245000	       323	80000a1c	01fc9fb3	sll	x31,x25,x31	 x25:0x23c23940 x31:0xbf15e950 x31=0x39400000
        3255000	       324	80000a20	ff7a8a93	addi	x21,x21,-9	 x21:0xfffffffb x21=0xfffffff2
        3265000	       325	80000a24	01b1b8b3	sltu	x17,x3,x27	  x3:0xffffffff x27:0x00000000 x17=0x00000000
        3275000	       326	80000a28	00dddb93	srli	x23,x27,0xd	 x27:0x00000000 x23=0x00000000
        3285000	       327	80000a2c	e250b693	sltiu	x13,x1,-475	  x1:0x00000001 x13=0x00000001
        3295000	       328	80000a30	019ea4b3	slt	x9,x29,x25	 x29:0x80009fc4 x25:0x23c23940  x9=0x00000001
        3305000	       329	80000a34	409dd633	sra	x12,x27,x9	 x27:0x00000000  x9:0x00000001 x12=0x00000000
        3315000	       330	80000a38	01d539b3	sltu	x19,x10,x29	 x10:0x5290f000 x29:0x80009fc4 x19=0x00000001
        3325000	       331	80000a3c	01c3f7b3	and	x15,x7,x28	  x7:0xfffffa46 x28:0x80009f68 x15=0x80009a40
        3335000	       332	80000a40	40bddf33	sra	x30,x27,x11	 x27:0x00000000 x11:0xfffffffb x30=0x00000000
        3345000	       333	80000a44	018b5513	srli	x10,x22,0x18	 x22:0x80000000 x10=0x00000080
        3355000	       334	80000a48	01ea1813	slli	x16,x20,0x1e	 x20:0x00000000 x16=0x00000000
        3365000	       335	80000a4c	fdaa96e3	bne	x21,x26,80000a18	 x21:0xfffffff2 x26:0xfffffff2
        3375000	       336	80000a50	198bf213	andi	x4,x23,408	 x23:0x00000000  x4=0x00000000
        3385000	       337	80000a54	00000413	addi	x8,x0,0	  x0:0x00000000  x8=0x00000000
        3395000	       338	80000a58	01e0cfb3	xor	x31,x1,x30	  x1:0x00000001 x30:0x00000000 x31=0x00000001
        3405000	       339	80000a5c	004f5d93	srli	x27,x30,0x4	 x30:0x00000000 x27=0x00000000
        3415000	       340	80000a60	00a7d613	srli	x12,x15,0xa	 x15:0x80009a40 x12=0x00200026
        3425000	       341	80000a64	20c20f93	addi	x31,x4,524	  x4:0x00000000 x31=0x0000020c
        3435000	       342	80000a68	014f7033	and	x0,x30,x20	 x30:0x00000000 x20:0x00000000
        3445000	       343	80000a6c	ff700693	addi	x13,x0,-9	  x0:0x00000000 x13=0xfffffff7
        3455000	       344	80000a70	00cfc3b3	xor	x7,x31,x12	 x31:0x0000020c x12:0x00200026  x7=0x0020022a
        3465000	       345	80000a74	01ff5293	srli	x5,x30,0x1f	 x30:0x00000000  x5=0x00000000
        3475000	       346	80000a78	01d44533	xor	x10,x8,x29	  x8:0x00000000 x29:0x80009fc4 x10=0x80009fc4
        3485000	       347	80000a7c	612e4713	xori	x14,x28,1554	 x28:0x80009f68 x14=0x8000997a
        3495000	       348	80000a80	005907b3	add	x15,x18,x5	 x18:0x00000007  x5:0x00000000 x15=0x00000007
        3505000	       349	80000a84	00a8fc33	and	x24,x17,x10	 x17:0x00000000 x10:0x80009fc4 x24=0x00000000
        3515000	       350	80000a88	c49aac13	slti	x24,x21,-951	 x21:0xfffffff2 x24=0x00000000
        3525000	       351	80000a8c	406d5613	srai	x12,x26,0x6	 x26:0xfffffff2 x12=0xffffffff
        3535000	       352	80000a90	f62d6fb7	lui	x31,0xf62d6	 x31=0xf62d6000
        3545000	       353	80000a94	ff740413	addi	x8,x8,-9	  x8:0x00000000  x8=0xfffffff7
        3555000	       354	80000a98	01359513	slli	x10,x11,0x13	 x11:0xfffffffb x10=0xffd80000
        3565000	       355	80000a9c	00000013	addi	x0,x0,0	  x0:0x00000000
        3575000	       356	80000aa0	019429b3	slt	x19,x8,x25	  x8:0xfffffff7 x25:0x23c23940 x19=0x00000001
        3585000	       357	80000aa4	0186d713	srli	x14,x13,0x18	 x13:0xfffffff7 x14=0x000000ff
        3595000	       358	80000aa8	e1e42193	slti	x3,x8,-482	  x8:0xfffffff7  x3=0x00000000
        3605000	       359	80000aac	01744233	xor	x4,x8,x23	  x8:0xfffffff7 x23:0x00000000  x4=0xfffffff7
        3615000	       360	80000ab0	00000013	addi	x0,x0,0	  x0:0x00000000
        3625000	       361	80000ab4	fcd406e3	beq	x8,x13,80000a80	  x8:0xfffffff7 x13:0xfffffff7
        3635000	       362	00000000	00000013	addi	x0,x0,0	  x0:0x00000000
        3645000	       363	80000a7c	00000013	addi	x0,x0,0	  x0:0x00000000
        3655000	       364	80000a80	005907b3	add	x15,x18,x5	 x18:0x00000007  x5:0x00000000 x15=0x00000007
        3665000	       365	80000a84	00a8fc33	and	x24,x17,x10	 x17:0x00000000 x10:0xffd80000 x24=0x00000000
        3675000	       366	80000a88	c49aac13	slti	x24,x21,-951	 x21:0xfffffff2 x24=0x00000000
        3685000	       367	80000a8c	406d5613	srai	x12,x26,0x6	 x26:0xfffffff2 x12=0xffffffff
        3695000	       368	80000a90	f62d6fb7	lui	x31,0xf62d6	 x31=0xf62d6000
        3705000	       369	80000a94	ff740413	addi	x8,x8,-9	  x8:0xfffffff7  x8=0xffffffee
        3715000	       370	80000a98	01359513	slli	x10,x11,0x13	 x11:0xfffffffb x10=0xffd80000
        3725000	       371	80000a9c	00000013	addi	x0,x0,0	  x0:0x00000000
        3735000	       372	80000aa0	019429b3	slt	x19,x8,x25	  x8:0xffffffee x25:0x23c23940 x19=0x00000001
        3745000	       373	80000aa4	0186d713	srli	x14,x13,0x18	 x13:0xfffffff7 x14=0x000000ff
        3755000	       374	80000aa8	e1e42193	slti	x3,x8,-482	  x8:0xffffffee  x3=0x00000000
        3765000	       375	80000aac	01744233	xor	x4,x8,x23	  x8:0xffffffee x23:0x00000000  x4=0xffffffee
        3775000	       376	80000ab0	00000013	addi	x0,x0,0	  x0:0x00000000
        3785000	       377	80000ab4	fcd406e3	beq	x8,x13,80000a80	  x8:0xffffffee x13:0xfffffff7
        3795000	       378	80000ab8	00000013	addi	x0,x0,0	  x0:0x00000000
        3805000	       379	80000abc	00900a13	addi	x20,x0,9	  x0:0x00000000 x20=0x00000009
        3815000	       380	80000ac0	15a92d37	lui	x26,0x15a92	 x26=0x15a92000
        3825000	       381	80000ac4	00900f93	addi	x31,x0,9	  x0:0x00000000 x31=0x00000009
        3835000	       382	80000ac8	3b574f13	xori	x30,x14,949	 x14:0x000000ff x30=0x0000034a
        3845000	       383	80000acc	40d287b3	sub	x15,x5,x13	  x5:0x00000000 x13:0xfffffff7 x15=0x00000009
        3855000	       384	80000ad0	41b2d033	sra	x0,x5,x27	  x5:0x00000000 x27:0x00000000
        3865000	       385	80000ad4	ff9a0a13	addi	x20,x20,-7	 x20:0x00000009 x20=0x00000002
        3875000	       386	80000ad8	b191fc93	andi	x25,x3,-1255	  x3:0x00000000 x25=0x00000000
        3885000	       387	80000adc	009a7c33	and	x24,x20,x9	 x20:0x00000002  x9:0x00000001 x24=0x00000000
        3895000	       388	80000ae0	0171fdb3	and	x27,x3,x23	  x3:0x00000000 x23:0x00000000 x27=0x00000000
        3905000	       389	80000ae4	fffa72e3	bgeu	x20,x31,80000ac8	 x20:0x00000002 x31:0x00000009
        3915000	       390	80000ae8	bdef3193	sltiu	x3,x30,-1058	 x30:0x0000034a  x3=0x00000001
        3925000	       391	80000aec	00c9d1b3	srl	x3,x19,x12	 x19:0x00000001 x12:0xffffffff  x3=0x00000000
        3935000	       392	80000af0	03e68463	beq	x13,x30,80000b18	 x13:0xfffffff7 x30:0x0000034a
        3945000	       393	80000af4	009568b3	or	x17,x10,x9	 x10:0xffd80000  x9:0x00000001 x17=0xffd80001
        3955000	       394	80000af8	e236bc13	sltiu	x24,x13,-477	 x13:0xfffffff7 x24=0x00000000
        3965000	       395	80000afc	9d842593	slti	x11,x8,-1576	  x8:0xffffffee x11=0x00000000
        3975000	       396	80000b00	012d7663	bgeu	x26,x18,80000b0c	 x26:0x15a92000 x18:0x00000007
        3985000	       397	00000000	00000013	addi	x0,x0,0	  x0:0x00000000
        3995000	       398	80000b08	00000013	addi	x0,x0,0	  x0:0x00000000
        4005000	       399	80000b0c	d627c213	xori	x4,x15,-670	 x15:0x00000009  x4=0xfffffd6b
        4015000	       400	80000b10	00ae4fb3	xor	x31,x28,x10	 x28:0x80009f68 x10:0xffd80000 x31=0x7fd89f68
        4025000	       401	80000b14	025c1663	bne	x24,x5,80000b40	 x24:0x00000000  x5:0x00000000
        4035000	       402	80000b18	5c130d93	addi	x27,x6,1473	  x6:0xfffffffb x27=0x000005bc
        4045000	       403	80000b1c	8abe9817	auipc	x16,0x8abe9	 x16=0x0abe9b18
        4055000	       404	80000b20	01da5fb3	srl	x31,x20,x29	 x20:0x00000002 x29:0x80009fc4 x31=0x00000000
        4065000	       405	80000b24	d722f093	andi	x1,x5,-654	  x5:0x00000000  x1=0x00000000
        4075000	       406	80000b28	01341713	slli	x14,x8,0x13	  x8:0xffffffee x14=0xff700000
        4085000	       407	80000b2c	6c652213	slti	x4,x10,1734	 x10:0xffd80000  x4=0x00000001
        4095000	       408	80000b30	006c3333	sltu	x6,x24,x6	 x24:0x00000000  x6:0xfffffffb  x6=0x00000001
        4105000	       409	80000b34	010b1d13	slli	x26,x22,0x10	 x22:0x80000000 x26=0x00000000
        4115000	       410	80000b38	413f54b3	sra	x9,x30,x19	 x30:0x0000034a x19:0x00000001  x9=0x000001a5
        4125000	       411	80000b3c	01c05b93	srli	x23,x0,0x1c	  x0:0x00000000 x23=0x00000000
        4135000	       412	80000b40	40195013	srai	x0,x18,0x1	 x18:0x00000007
        4145000	       413	80000b44	41bb0233	sub	x4,x22,x27	 x22:0x80000000 x27:0x000005bc  x4=0x7ffffa44
        4155000	       414	80000b48	1434f313	andi	x6,x9,323	  x9:0x000001a5  x6=0x00000101
        4165000	       415	80000b4c	018d43b3	xor	x7,x26,x24	 x26:0x00000000 x24:0x00000000  x7=0x00000000
        4175000	       416	80000b50	120373b7	lui	x7,0x12037	  x7=0x12037000
        4185000	       417	80000b54	00984733	xor	x14,x16,x9	 x16:0x0abe9b18  x9:0x000001a5 x14=0x0abe9abd
        4195000	       418	80000b58	8d78f013	andi	x0,x17,-1833	 x17:0xffd80001
        4205000	       419	80000b5c	55b6a713	slti	x14,x13,1371	 x13:0xfffffff7 x14=0x00000001
        4215000	       420	80000b60	03614263	blt	x2,x22,80000b84	  x2:0x00000000 x22:0x80000000
        4225000	       421	80000b64	0125e1b3	or	x3,x11,x18	 x11:0x00000000 x18:0x00000007  x3=0x00000007
        4235000	       422	80000b68	012a47b3	xor	x15,x20,x18	 x20:0x00000002 x18:0x00000007 x15=0x00000005
        4245000	       423	80000b6c	09af7663	bgeu	x30,x26,80000bf8	 x30:0x0000034a x26:0x00000000
        4255000	       424	00000000	00000013	addi	x0,x0,0	  x0:0x00000000
        4265000	       425	80000bf4	00000013	addi	x0,x0,0	  x0:0x00000000
        4275000	       426	80000bf8	00821433	sll	x8,x4,x8	  x4:0x7ffffa44  x8:0xffffffee  x8=0xfe910000
        4285000	       427	80000bfc	00b1d793	srli	x15,x3,0xb	  x3:0x00000007 x15=0x00000000
        4295000	       428	80000c00	c710ca93	xori	x21,x1,-911	  x1:0x00000000 x21=0xfffffc71
        4305000	       429	80000c04	00236933	or	x18,x6,x2	  x6:0x00000101  x2:0x00000000 x18=0x00000101
        4315000	       430	80000c08	05bf4663	blt	x30,x27,80000c54	 x30:0x0000034a x27:0x000005bc
        4325000	       431	00000000	00000013	addi	x0,x0,0	  x0:0x00000000
        4335000	       432	80000c50	00000013	addi	x0,x0,0	  x0:0x00000000
        4345000	       433	80000c54	0177c863	blt	x15,x23,80000c64	 x15:0x00000000 x23:0x00000000
        4355000	       434	80000c58	40d5d313	srai	x6,x11,0xd	 x11:0x00000000  x6=0x00000000
        4365000	       435	80000c5c	03574a63	blt	x14,x21,80000c90	 x14:0x00000001 x21:0xfffffc71
        4375000	       436	80000c60	00169b93	slli	x23,x13,0x1	 x13:0xfffffff7 x23=0xffffffee
        4385000	       437	80000c64	01cf47b3	xor	x15,x30,x28	 x30:0x0000034a x28:0x80009f68 x15=0x80009c22
        4395000	       438	80000c68	009e0863	beq	x28,x9,80000c78	 x28:0x80009f68  x9:0x000001a5
        4405000	       439	80000c6c	0012a133	slt	x2,x5,x1	  x5:0x00000000  x1:0x00000000  x2=0x00000000
        4415000	       440	80000c70	05fd1263	bne	x26,x31,80000cb4	 x26:0x00000000 x31:0x00000000
        4425000	       441	80000c74	00575663	bge	x14,x5,80000c80	 x14:0x00000001  x5:0x00000000
        4435000	       442	00000000	00000013	addi	x0,x0,0	  x0:0x00000000
        4445000	       443	80000c7c	00000013	addi	x0,x0,0	  x0:0x00000000
        4455000	       444	80000c80	01acba33	sltu	x20,x25,x26	 x25:0x00000000 x26:0x00000000 x20=0x00000000
        4465000	       445	80000c84	00139f93	slli	x31,x7,0x1	  x7:0x12037000 x31=0x2406e000
        4475000	       446	80000c88	00000013	addi	x0,x0,0	  x0:0x00000000
        4485000	       447	80000c8c	00207233	and	x4,x0,x2	  x0:0x00000000  x2:0x00000000  x4=0x00000000
        4495000	       448	80000c90	4039dd13	srai	x26,x19,0x3	 x19:0x00000001 x26=0x00000000
        4505000	       449	80000c94	afd18113	addi	x2,x3,-1283	  x3:0x00000007  x2=0xfffffb04
        4515000	       450	80000c98	36373293	sltiu	x5,x14,867	 x14:0x00000001  x5=0x00000001
        4525000	       451	80000c9c	48650013	addi	x0,x10,1158	 x10:0xffd80000
        4535000	       452	80000ca0	4149d893	srai	x17,x19,0x14	 x19:0x00000001 x17=0x00000000
        4545000	       453	80000ca4	00bb9d93	slli	x27,x23,0xb	 x23:0xffffffee x27=0xffff7000
        4555000	       454	80000ca8	00912133	slt	x2,x2,x9	  x2:0xfffffb04  x9:0x000001a5  x2=0x00000001
        4565000	       455	80000cac	015a8663	beq	x21,x21,80000cb8	 x21:0xfffffc71 x21:0xfffffc71
        4575000	       456	00000000	00000013	addi	x0,x0,0	  x0:0x00000000
        4585000	       457	80000cb4	00000013	addi	x0,x0,0	  x0:0x00000000
        4595000	       458	80000cb8	d2694097	auipc	x1,0xd2694	  x1=0x52694cb4
        4605000	       459	80000cbc	00ca8033	add	x0,x21,x12	 x21:0xfffffc71 x12:0xffffffff
        4615000	       460	80000cc0	01a9ef33	or	x30,x19,x26	 x19:0x00000001 x26:0x00000000 x30=0x00000001
        4625000	       461	80000cc4	004c8833	add	x16,x25,x4	 x25:0x00000000  x4:0x00000000 x16=0x00000000
        4635000	       462	80000cc8	0117bc33	sltu	x24,x15,x17	 x15:0x80009c22 x17:0x00000000 x24=0x00000000
        4645000	       463	80000ccc	402e0333	sub	x6,x28,x2	 x28:0x80009f68  x2:0x00000001  x6=0x80009f67
        4655000	       464	80000cd0	01271513	slli	x10,x14,0x12	 x14:0x00000001 x10=0x00040000
        4665000	       465	80000cd4	409f86b3	sub	x13,x31,x9	 x31:0x2406e000  x9:0x000001a5 x13=0x2406de5b
        4675000	       466	80000cd8	b68c6293	ori	x5,x24,-1176	 x24:0x00000000  x5=0xfffffb68
        4685000	       467	80000cdc	df3a6997	auipc	x19,0xdf3a6	 x19=0x5f3a6cd8
        4695000	       468	80000ce0	5f5fbbb7	lui	x23,0x5f5fb	 x23=0x5f5fb000
        4705000	       469	80000ce4	ba38fd13	andi	x26,x17,-1117	 x17:0x00000000 x26=0x00000000
        4715000	       470	80000ce8	009b3433	sltu	x8,x22,x9	 x22:0x80000000  x9:0x000001a5  x8=0x00000000
        4725000	       471	80000cec	afe54713	xori	x14,x10,-1282	 x10:0x00040000 x14=0xfffbfafe
        4735000	       472	80000cf0	406e5d93	srai	x27,x28,0x6	 x28:0x80009f68 x27=0xfe00027d
        4745000	       473	80000cf4	df410293	addi	x5,x2,-524	  x2:0x00000001  x5=0xfffffdf5
        4755000	       474	80000cf8	41965d13	srai	x26,x12,0x19	 x12:0xffffffff x26=0xffffffff
        4765000	       475	80000cfc	00d9da93	srli	x21,x19,0xd	 x19:0x5f3a6cd8 x21=0x0002f9d3
        4775000	       476	80000d00	00000013	addi	x0,x0,0	  x0:0x00000000
        4785000	       477	80000d04	00609513	slli	x10,x1,0x6	  x1:0x52694cb4 x10=0x9a532d00
        4795000	       478	80000d08	01257d33	and	x26,x10,x18	 x10:0x9a532d00 x18:0x00000101 x26=0x00000100
        4805000	       479	80000d0c	d0504913	xori	x18,x0,-763	  x0:0x00000000 x18=0xfffffd05
        4815000	       480	80000d10	1d450113	addi	x2,x10,468	 x10:0x9a532d00  x2=0x9a532ed4
        4825000	       481	80000d14	02a26a63	bltu	x4,x10,80000d48	  x4:0x00000000 x10:0x9a532d00
        4835000	       482	00000000	00000013	addi	x0,x0,0	  x0:0x00000000
        4845000	       483	80000d44	00000013	addi	x0,x0,0	  x0:0x00000000
        4855000	       484	80000d48	05615063	bge	x2,x22,80000d88	  x2:0x9a532ed4 x22:0x80000000
        4865000	       485	00000000	00000013	addi	x0,x0,0	  x0:0x00000000
        4875000	       486	80000d84	00000013	addi	x0,x0,0	  x0:0x00000000
        4885000	       487	80000d88	a28fc593	xori	x11,x31,-1496	 x31:0x2406e000 x11=0xdbf91a28
        4895000	       488	80000d8c	029a4063	blt	x20,x9,80000dac	 x20:0x00000000  x9:0x000001a5
        4905000	       489	00000000	00000013	addi	x0,x0,0	  x0:0x00000000
        4915000	       490	80000da8	00000013	addi	x0,x0,0	  x0:0x00000000
        4925000	       491	80000dac	05c38463	beq	x7,x28,80000df4	  x7:0x12037000 x28:0x80009f68
        4935000	       492	80000db0	05016863	bltu	x2,x16,80000e00	  x2:0x9a532ed4 x16:0x00000000
        4945000	       493	80000db4	413a5c93	srai	x25,x20,0x13	 x20:0x00000000 x25=0x00000000
        4955000	       494	80000db8	0062a6b3	slt	x13,x5,x6	  x5:0xfffffdf5  x6:0x80009f67 x13=0x00000000
        4965000	       495	80000dbc	02659863	bne	x11,x6,80000dec	 x11:0xdbf91a28  x6:0x80009f67
        4975000	       496	00000000	00000013	addi	x0,x0,0	  x0:0x00000000
        4985000	       497	80000de8	00000013	addi	x0,x0,0	  x0:0x00000000
        4995000	       498	80000dec	0560c063	blt	x1,x22,80000e2c	  x1:0x52694cb4 x22:0x80000000
        5005000	       499	80000df0	0f14d1b7	lui	x3,0xf14d	  x3=0x0f14d000
        5015000	       500	80000df4	02446063	bltu	x8,x4,80000e14	  x8:0x00000000  x4:0x00000000
        5025000	       501	80000df8	8df4f497	auipc	x9,0x8df4f	  x9=0x0df4fdf4
        5035000	       502	80000dfc	04150263	beq	x10,x1,80000e40	 x10:0x9a532d00  x1:0x52694cb4
        5045000	       503	80000e00	00de1e63	bne	x28,x13,80000e1c	 x28:0x80009f68 x13:0x00000000
        5055000	       504	00000000	00000013	addi	x0,x0,0	  x0:0x00000000
        5065000	       505	80000e18	00000013	addi	x0,x0,0	  x0:0x00000000
        5075000	       506	80000e1c	03ae0863	beq	x28,x26,80000e4c	 x28:0x80009f68 x26:0x00000100
        5085000	       507	80000e20	9191fa13	andi	x20,x3,-1767	  x3:0x0f14d000 x20=0x0f14d000
        5095000	       508	80000e24	010802b3	add	x5,x16,x16	 x16:0x00000000 x16:0x00000000  x5=0x00000000
        5105000	       509	80000e28	6d243d13	sltiu	x26,x8,1746	  x8:0x00000000 x26=0x00000001
        5115000	       510	80000e2c	0485e663	bltu	x11,x8,80000e78	 x11:0xdbf91a28  x8:0x00000000
        5125000	       511	80000e30	00000013	addi	x0,x0,0	  x0:0x00000000
        5135000	       512	80000e34	01ce3333	sltu	x6,x28,x28	 x28:0x80009f68 x28:0x80009f68  x6=0x00000000
        5145000	       513	80000e38	6b380093	addi	x1,x16,1715	 x16:0x00000000  x1=0x000006b3
        5155000	       514	80000e3c	001a3d13	sltiu	x26,x20,1	 x20:0x0f14d000 x26=0x00000000
        5165000	       515	80000e40	00d15633	srl	x12,x2,x13	  x2:0x9a532ed4 x13:0x00000000 x12=0x9a532ed4
        5175000	       516	80000e44	4057da33	sra	x20,x15,x5	 x15:0x80009c22  x5:0x00000000 x20=0x80009c22
        5185000	       517	80000e48	008e62b3	or	x5,x28,x8	 x28:0x80009f68  x8:0x00000000  x5=0x80009f68
        5195000	       518	80000e4c	01a184b3	add	x9,x3,x26	  x3:0x0f14d000 x26:0x00000000  x9=0x0f14d000
        5205000	       519	80000e50	4193d6b3	sra	x13,x7,x25	  x7:0x12037000 x25:0x00000000 x13=0x12037000
        5215000	       520	80000e54	4180dab3	sra	x21,x1,x24	  x1:0x000006b3 x24:0x00000000 x21=0x000006b3
        5225000	       521	80000e58	02735263	bge	x6,x7,80000e7c	  x6:0x00000000  x7:0x12037000
        5235000	       522	80000e5c	007f6133	or	x2,x30,x7	 x30:0x00000001  x7:0x12037000  x2=0x12037001
        5245000	       523	80000e60	405bd693	srai	x13,x23,0x5	 x23:0x5f5fb000 x13=0x02fafd80
        5255000	       524	80000e64	41285d13	srai	x26,x16,0x12	 x16:0x00000000 x26=0x00000000
        5265000	       525	80000e68	43043213	sltiu	x4,x8,1072	  x8:0x00000000  x4=0x00000001
        5275000	       526	80000e6c	0032abb3	slt	x23,x5,x3	  x5:0x80009f68  x3:0x0f14d000 x23=0x00000001
        5285000	       527	80000e70	dd5e8097	auipc	x1,0xdd5e8	  x1=0x5d5e8e6c
        5295000	       528	80000e74	6b7b04b7	lui	x9,0x6b7b0	  x9=0x6b7b0000
        5305000	       529	80000e78	02be8663	beq	x29,x11,80000ea4	 x29:0x80009fc4 x11:0xdbf91a28
        5315000	       530	80000e7c	04dad663	bge	x21,x13,80000ec8	 x21:0x000006b3 x13:0x02fafd80
        5325000	       531	80000e80	009b26b3	slt	x13,x22,x9	 x22:0x80000000  x9:0x6b7b0000 x13=0x00000001
        5335000	       532	80000e84	003e5493	srli	x9,x28,0x3	 x28:0x80009f68  x9=0x100013ed
        5345000	       533	80000e88	00000013	addi	x0,x0,0	  x0:0x00000000
        5355000	       534	80000e8c	037cf263	bgeu	x25,x23,80000eb0	 x25:0x00000000 x23:0x00000001
        5365000	       535	80000e90	04b50863	beq	x10,x11,80000ee0	 x10:0x9a532d00 x11:0xdbf91a28
        5375000	       536	80000e94	48d1b813	sltiu	x16,x3,1165	  x3:0x0f14d000 x16=0x00000000
        5385000	       537	80000e98	0562d863	bge	x5,x22,80000ee8	  x5:0x80009f68 x22:0x80000000
        5395000	       538	00000000	00000013	addi	x0,x0,0	  x0:0x00000000
        5405000	       539	80000ee4	00000013	addi	x0,x0,0	  x0:0x00000000
        5415000	       540	80000ee8	0117f863	bgeu	x15,x17,80000ef8	 x15:0x80009c22 x17:0x00000000
        5425000	       541	00000000	00000013	addi	x0,x0,0	  x0:0x00000000
        5435000	       542	80000ef4	00000013	addi	x0,x0,0	  x0:0x00000000
        5445000	       543	80000ef8	40c75c13	srai	x24,x14,0xc	 x14:0xfffbfafe x24=0xffffffbf
        5455000	       544	80000efc	8aab0213	addi	x4,x22,-1878	 x22:0x80000000  x4=0x7ffff8aa
        5465000	       545	80000f00	3dcb3a93	sltiu	x21,x22,988	 x22:0x80000000 x21=0x00000000
        5475000	       546	80000f04	00000013	addi	x0,x0,0	  x0:0x00000000
        5485000	       547	80000f08	63b1d237	lui	x4,0x63b1d	  x4=0x63b1d000
        5495000	       548	80000f0c	01518ab3	add	x21,x3,x21	  x3:0x0f14d000 x21:0x00000000 x21=0x0f14d000
        5505000	       549	80000f10	03fa7463	bgeu	x20,x31,80000f38	 x20:0x80009c22 x31:0x2406e000
        5515000	       550	00000000	00000013	addi	x0,x0,0	  x0:0x00000000
        5525000	       551	80000f34	00000013	addi	x0,x0,0	  x0:0x00000000
        5535000	       552	80000f38	3c491c37	lui	x24,0x3c491	 x24=0x3c491000
        5545000	       553	80000f3c	40e08db3	sub	x27,x1,x14	  x1:0x5d5e8e6c x14:0xfffbfafe x27=0x5d62936e
        5555000	       554	80000f40	003e5493	srli	x9,x28,0x3	 x28:0x80009f68  x9=0x100013ed
        5565000	       555	80000f44	01113c33	sltu	x24,x2,x17	  x2:0x12037001 x17:0x00000000 x24=0x00000000
        5575000	       556	80000f48	9a2b7497	auipc	x9,0x9a2b7	  x9=0x1a2b7f44
        5585000	       557	80000f4c	01fcecb3	or	x25,x25,x31	 x25:0x00000000 x31:0x2406e000 x25=0x2406e000
        5595000	       558	80000f50	01bb5863	bge	x22,x27,80000f60	 x22:0x80000000 x27:0x5d62936e
        5605000	       559	80000f54	411c8f33	sub	x30,x25,x17	 x25:0x2406e000 x17:0x00000000 x30=0x2406e000
        5615000	       560	80000f58	0401d263	bge	x3,x0,80000f9c	  x3:0x0f14d000  x0:0x00000000
        5625000	       561	00000000	00000013	addi	x0,x0,0	  x0:0x00000000
        5635000	       562	80000f98	00000013	addi	x0,x0,0	  x0:0x00000000
        5645000	       563	80000f9c	051a8663	beq	x21,x17,80000fe8	 x21:0x0f14d000 x17:0x00000000
        5655000	       564	80000fa0	00e4e7b3	or	x15,x9,x14	  x9:0x1a2b7f44 x14:0xfffbfafe x15=0xfffbfffe
        5665000	       565	80000fa4	a3343013	sltiu	x0,x8,-1485	  x8:0x00000000
        5675000	       566	80000fa8	40d35093	srai	x1,x6,0xd	  x6:0x00000000  x1=0x00000000
        5685000	       567	80000fac	00450863	beq	x10,x4,80000fbc	 x10:0x9a532d00  x4:0x63b1d000
        5695000	       568	80000fb0	01742bb3	slt	x23,x8,x23	  x8:0x00000000 x23:0x00000001 x23=0x00000001
        5705000	       569	80000fb4	00000013	addi	x0,x0,0	  x0:0x00000000
        5715000	       570	80000fb8	0035e6b3	or	x13,x11,x3	 x11:0xdbf91a28  x3:0x0f14d000 x13=0xdffdda28
        5725000	       571	80000fbc	926f6213	ori	x4,x30,-1754	 x30:0x2406e000  x4=0xfffff926
        5735000	       572	80000fc0	49286897	auipc	x17,0x49286	 x17=0xc9286fbc
        5745000	       573	80000fc4	00ea4733	xor	x14,x20,x14	 x20:0x80009c22 x14:0xfffbfafe x14=0x7ffb66dc
        5755000	       574	80000fc8	16204613	xori	x12,x0,354	  x0:0x00000000 x12=0x00000162
        5765000	       575	80000fcc	a5e72593	slti	x11,x14,-1442	 x14:0x7ffb66dc x11=0x00000000
        5775000	       576	80000fd0	1f74ab97	auipc	x23,0x1f74a	 x23=0x9f74afcc
        5785000	       577	80000fd4	0116c7b3	xor	x15,x13,x17	 x13:0xdffdda28 x17:0xc9286fbc x15=0x16d5b594
        5795000	       578	80000fd8	e835c193	xori	x3,x11,-381	 x11:0x00000000  x3=0xfffffe83
        5805000	       579	80000fdc	7dbf2313	slti	x6,x30,2011	 x30:0x2406e000  x6=0x00000000
        5815000	       580	80000fe0	00b95bb3	srl	x23,x18,x11	 x18:0xfffffd05 x11:0x00000000 x23=0xfffffd05
        5825000	       581	80000fe4	877ccdb7	lui	x27,0x877cc	 x27=0x877cc000
        5835000	       582	80000fe8	02421263	bne	x4,x4,8000100c	  x4:0xfffff926  x4:0xfffff926
        5845000	       583	80000fec	02ec7263	bgeu	x24,x14,80001010	 x24:0x00000000 x14:0x7ffb66dc
        5855000	       584	80000ff0	01d298b3	sll	x17,x5,x29	  x5:0x80009f68 x29:0x80009fc4 x17=0x0009f680
        5865000	       585	80000ff4	40bf5193	srai	x3,x30,0xb	 x30:0x2406e000  x3=0x000480dc
        5875000	       586	80000ff8	0063f633	and	x12,x7,x6	  x7:0x12037000  x6:0x00000000 x12=0x00000000
        5885000	       587	80000ffc	41295d93	srai	x27,x18,0x12	 x18:0xfffffd05 x27=0xffffffff
        5895000	       588	80001000	41d7dab3	sra	x21,x15,x29	 x15:0x16d5b594 x29:0x80009fc4 x21=0x016d5b59
        5905000	       589	80001004	00950cb3	add	x25,x10,x9	 x10:0x9a532d00  x9:0x1a2b7f44 x25=0xb47eac44
        5915000	       590	80001008	02451a63	bne	x10,x4,8000103c	 x10:0x9a532d00  x4:0xfffff926
        5925000	       591	00000000	00000013	addi	x0,x0,0	  x0:0x00000000
        5935000	       592	80001038	00000013	addi	x0,x0,0	  x0:0x00000000
        5945000	       593	8000103c	0389f863	bgeu	x19,x24,8000106c	 x19:0x5f3a6cd8 x24:0x00000000
        5955000	       594	00000000	00000013	addi	x0,x0,0	  x0:0x00000000
        5965000	       595	80001068	00000013	addi	x0,x0,0	  x0:0x00000000
        5975000	       596	8000106c	0014c663	blt	x9,x1,80001078	  x9:0x1a2b7f44  x1:0x00000000
        5985000	       597	80001070	010c9d33	sll	x26,x25,x16	 x25:0xb47eac44 x16:0x00000000 x26=0xb47eac44
        5995000	       598	80001074	00c9b4b3	sltu	x9,x19,x12	 x19:0x5f3a6cd8 x12:0x00000000  x9=0x00000000
        6005000	       599	80001078	30612c13	slti	x24,x2,774	  x2:0x12037001 x24=0x00000000
        6015000	       600	8000107c	02c60263	beq	x12,x12,800010a0	 x12:0x00000000 x12:0x00000000
        6025000	       601	00000000	00000013	addi	x0,x0,0	  x0:0x00000000
        6035000	       602	8000109c	00000013	addi	x0,x0,0	  x0:0x00000000
        6045000	       603	800010a0	00000013	addi	x0,x0,0	  x0:0x00000000
        6055000	       604	800010a4	05c35863	bge	x6,x28,800010f4	  x6:0x00000000 x28:0x80009f68
        6065000	       605	00000000	00000013	addi	x0,x0,0	  x0:0x00000000
        6075000	       606	800010f0	00000013	addi	x0,x0,0	  x0:0x00000000
        6085000	       607	800010f4	01702033	slt	x0,x0,x23	  x0:0x00000000 x23:0xfffffd05
        6095000	       608	800010f8	0496f463	bgeu	x13,x9,80001140	 x13:0xdffdda28  x9:0x00000000
        6105000	       609	00000000	00000013	addi	x0,x0,0	  x0:0x00000000
        6115000	       610	8000113c	00000013	addi	x0,x0,0	  x0:0x00000000
        6125000	       611	80001140	019df3b3	and	x7,x27,x25	 x27:0xffffffff x25:0xb47eac44  x7=0xb47eac44
        6135000	       612	80001144	00bc8333	add	x6,x25,x11	 x25:0xb47eac44 x11:0x00000000  x6=0xb47eac44
        6145000	       613	80001148	4110d533	sra	x10,x1,x17	  x1:0x00000000 x17:0x0009f680 x10=0x00000000
        6155000	       614	8000114c	41005db3	sra	x27,x0,x16	  x0:0x00000000 x16:0x00000000 x27=0x00000000
        6165000	       615	80001150	ed6e7a13	andi	x20,x28,-298	 x28:0x80009f68 x20=0x80009e40
        6175000	       616	80001154	cd8f3a13	sltiu	x20,x30,-808	 x30:0x2406e000 x20=0x00000001
        6185000	       617	80001158	da7ccd93	xori	x27,x25,-601	 x25:0xb47eac44 x27=0x4b8151e3
        6195000	       618	8000115c	404253b3	sra	x7,x4,x4	  x4:0xfffff926  x4:0xfffff926  x7=0xffffffe4
        6205000	       619	80001160	02b10263	beq	x2,x11,80001184	  x2:0x12037001 x11:0x00000000
        6215000	       620	80001164	40885a93	srai	x21,x16,0x8	 x16:0x00000000 x21=0x00000000
        6225000	       621	80001168	81ac6193	ori	x3,x24,-2022	 x24:0x00000000  x3=0xfffff81a
        6235000	       622	8000116c	0022f863	bgeu	x5,x2,8000117c	  x5:0x80009f68  x2:0x12037001
        6245000	       623	00000000	00000013	addi	x0,x0,0	  x0:0x00000000
        6255000	       624	80001178	00000013	addi	x0,x0,0	  x0:0x00000000
        6265000	       625	8000117c	00be47b3	xor	x15,x28,x11	 x28:0x80009f68 x11:0x00000000 x15=0x80009f68
        6275000	       626	80001180	01cb8333	add	x6,x23,x28	 x23:0xfffffd05 x28:0x80009f68  x6=0x80009c6d
        6285000	       627	80001184	9ce8ed13	ori	x26,x17,-1586	 x17:0x0009f680 x26=0xffffffce
        6295000	       628	80001188	01ab6a33	or	x20,x22,x26	 x22:0x80000000 x26:0xffffffce x20=0xffffffce
        6305000	       629	8000118c	01596db3	or	x27,x18,x21	 x18:0xfffffd05 x21:0x00000000 x27=0xfffffd05
        6315000	       630	80001190	f79b2917	auipc	x18,0xf79b2	 x18=0x779b318c
        6325000	       631	80001194	41c60433	sub	x8,x12,x28	 x12:0x00000000 x28:0x80009f68  x8=0x7fff6098
        6335000	       632	80001198	06511863	bne	x2,x5,80001208	  x2:0x12037001  x5:0x80009f68
        6345000	       633	00000000	00000013	addi	x0,x0,0	  x0:0x00000000
        6355000	       634	80001204	00000013	addi	x0,x0,0	  x0:0x00000000
        6365000	       635	80001208	41585f13	srai	x30,x16,0x15	 x16:0x00000000 x30=0x00000000
        6375000	       636	8000120c	0083a0b3	slt	x1,x7,x8	  x7:0xffffffe4  x8:0x7fff6098  x1=0x00000001
        6385000	       637	80001210	e1368893	addi	x17,x13,-493	 x13:0xdffdda28 x17=0xdffdd83b
        6395000	       638	80001214	00e84663	blt	x16,x14,80001220	 x16:0x00000000 x14:0x7ffb66dc
        6405000	       639	00000000	00000013	addi	x0,x0,0	  x0:0x00000000
        6415000	       640	8000121c	00000013	addi	x0,x0,0	  x0:0x00000000
        6425000	       641	80001220	13f3ec13	ori	x24,x7,319	  x7:0xffffffe4 x24=0xffffffff
        6435000	       642	80001224	29566217	auipc	x4,0x29566	  x4=0xa9567220
        6445000	       643	80001228	41c90933	sub	x18,x18,x28	 x18:0x779b318c x28:0x80009f68 x18=0xf79a9224
        6455000	       644	8000122c	00715a33	srl	x20,x2,x7	  x2:0x12037001  x7:0xffffffe4 x20=0x01203700
        6465000	       645	80001230	00ab7d33	and	x26,x22,x10	 x22:0x80000000 x10:0x00000000 x26=0x00000000
        6475000	       646	80001234	0234e863	bltu	x9,x3,80001264	  x9:0x00000000  x3:0xfffff81a
        6485000	       647	00000000	00000013	addi	x0,x0,0	  x0:0x00000000
        6495000	       648	80001260	00000013	addi	x0,x0,0	  x0:0x00000000
        6505000	       649	80001264	00f6da13	srli	x20,x13,0xf	 x13:0xdffdda28 x20=0x0001bffb
        6515000	       650	80001268	00000013	addi	x0,x0,0	  x0:0x00000000
        6525000	       651	8000126c	00e242b3	xor	x5,x4,x14	  x4:0xa9567220 x14:0x7ffb66dc  x5=0xd6ad14fc
        6535000	       652	80001270	00419c33	sll	x24,x3,x4	  x3:0xfffff81a  x4:0xa9567220 x24=0xfffff81a
        6545000	       653	80001274	404306b3	sub	x13,x6,x4	  x6:0x80009c6d  x4:0xa9567220 x13=0xd6aa2a4d
        6555000	       654	80001278	c78acfb7	lui	x31,0xc78ac	 x31=0xc78ac000
        6565000	       655	8000127c	4aee7213	andi	x4,x28,1198	 x28:0x80009f68  x4=0x00000428
        6575000	       656	80001280	00d3fc33	and	x24,x7,x13	  x7:0xffffffe4 x13:0xd6aa2a4d x24=0xd6aa2a44
        6585000	       657	80001284	00000013	addi	x0,x0,0	  x0:0x00000000
        6595000	       658	80001288	4e5aad13	slti	x26,x21,1253	 x21:0x00000000 x26=0x00000001
        6605000	       659	8000128c	01f256b3	srl	x13,x4,x31	  x4:0x00000428 x31:0xc78ac000 x13=0x00000428
        6615000	       660	80001290	018eb233	sltu	x4,x29,x24	 x29:0x80009fc4 x24:0xd6aa2a44  x4=0x00000001
        6625000	       661	80001294	02fb0263	beq	x22,x15,800012b8	 x22:0x80000000 x15:0x80009f68
        6635000	       662	80001298	009b5813	srli	x16,x22,0x9	 x22:0x80000000 x16=0x00400000
        6645000	       663	8000129c	2ef95fb7	lui	x31,0x2ef95	 x31=0x2ef95000
        6655000	       664	800012a0	01b00cb3	add	x25,x0,x27	  x0:0x00000000 x27:0xfffffd05 x25=0xfffffd05
        6665000	       665	800012a4	d4552093	slti	x1,x10,-699	 x10:0x00000000  x1=0x00000000
        6675000	       666	800012a8	bb6bf397	auipc	x7,0xbb6bf	  x7=0x3b6c02a4
        6685000	       667	800012ac	01e1a3b3	slt	x7,x3,x30	  x3:0xfffff81a x30:0x00000000  x7=0x00000001
        6695000	       668	800012b0	02f4ea63	bltu	x9,x15,800012e4	  x9:0x00000000 x15:0x80009f68
        6705000	       669	00000000	00000013	addi	x0,x0,0	  x0:0x00000000
        6715000	       670	800012e0	00000013	addi	x0,x0,0	  x0:0x00000000
        6725000	       671	800012e4	c8843a93	sltiu	x21,x8,-888	  x8:0x7fff6098 x21=0x00000001
        6735000	       672	800012e8	001de4b3	or	x9,x27,x1	 x27:0xfffffd05  x1:0x00000000  x9=0xfffffd05
        6745000	       673	800012ec	03d7ea63	bltu	x15,x29,80001320	 x15:0x80009f68 x29:0x80009fc4
        6755000	       674	00000000	00000013	addi	x0,x0,0	  x0:0x00000000
        6765000	       675	8000131c	00000013	addi	x0,x0,0	  x0:0x00000000
        6775000	       676	80001320	4146d113	srai	x2,x13,0x14	 x13:0x00000428  x2=0x00000000
        6785000	       677	80001324	05e76463	bltu	x14,x30,8000136c	 x14:0x7ffb66dc x30:0x00000000
        6795000	       678	80001328	01e8d1b3	srl	x3,x17,x30	 x17:0xdffdd83b x30:0x00000000  x3=0xdffdd83b
        6805000	       679	8000132c	414d01b3	sub	x3,x26,x20	 x26:0x00000001 x20:0x0001bffb  x3=0xfffe4006
        6815000	       680	80001330	00dc6533	or	x10,x24,x13	 x24:0xd6aa2a44 x13:0x00000428 x10=0xd6aa2e6c
        6825000	       681	80001334	02dcf263	bgeu	x25,x13,80001358	 x25:0xfffffd05 x13:0x00000428
        6835000	       682	00000000	00000013	addi	x0,x0,0	  x0:0x00000000
        6845000	       683	80001354	00000013	addi	x0,x0,0	  x0:0x00000000
        6855000	       684	80001358	65e87997	auipc	x19,0x65e87	 x19=0xe5e88354
        6865000	       685	8000135c	00749533	sll	x10,x9,x7	  x9:0xfffffd05  x7:0x00000001 x10=0xfffffa0a
        6875000	       686	80001360	59082893	slti	x17,x16,1424	 x16:0x00400000 x17=0x00000000
        6885000	       687	80001364	01b84c33	xor	x24,x16,x27	 x16:0x00400000 x27:0xfffffd05 x24=0xffbffd05
        6895000	       688	80001368	01f09493	slli	x9,x1,0x1f	  x1:0x00000000  x9=0x00000000
        6905000	       689	8000136c	0321e663	bltu	x3,x18,80001398	  x3:0xfffe4006 x18:0xf79a9224
        6915000	       690	80001370	01796633	or	x12,x18,x23	 x18:0xf79a9224 x23:0xfffffd05 x12=0xffffff25
        6925000	       691	80001374	01bc44b3	xor	x9,x24,x27	 x24:0xffbffd05 x27:0xfffffd05  x9=0x00400000
        6935000	       692	80001378	dca8a013	slti	x0,x17,-566	 x17:0x00000000
        6945000	       693	8000137c	00db6733	or	x14,x22,x13	 x22:0x80000000 x13:0x00000428 x14=0x80000428
        6955000	       694	80001380	83358a93	addi	x21,x11,-1997	 x11:0x00000000 x21=0xfffff833
        6965000	       695	80001384	3fe46b93	ori	x23,x8,1022	  x8:0x7fff6098 x23=0x7fff63fe
        6975000	       696	80001388	02807263	bgeu	x0,x8,800013ac	  x0:0x00000000  x8:0x7fff6098
        6985000	       697	8000138c	00484663	blt	x16,x4,80001398	 x16:0x00400000  x4:0x00000001
        6995000	       698	80001390	00aad793	srli	x15,x21,0xa	 x21:0xfffff833 x15=0x003ffffe
        7005000	       699	80001394	451aff93	andi	x31,x21,1105	 x21:0xfffff833 x31=0x00000011
        7015000	       700	80001398	70a4aa93	slti	x21,x9,1802	  x9:0x00400000 x21=0x00000000
        7025000	       701	8000139c	01309013	slli	x0,x1,0x13	  x1:0x00000000
        7035000	       702	800013a0	021be863	bltu	x23,x1,800013d0	 x23:0x7fff63fe  x1:0x00000000
        7045000	       703	800013a4	03eb8263	beq	x23,x30,800013c8	 x23:0x7fff63fe x30:0x00000000
        7055000	       704	800013a8	0266e463	bltu	x13,x6,800013d0	 x13:0x00000428  x6:0x80009c6d
        7065000	       705	00000000	00000013	addi	x0,x0,0	  x0:0x00000000
        7075000	       706	800013cc	00000013	addi	x0,x0,0	  x0:0x00000000
        7085000	       707	800013d0	b147b5b7	lui	x11,0xb147b	 x11=0xb147b000
        7095000	       708	800013d4	01c46233	or	x4,x8,x28	  x8:0x7fff6098 x28:0x80009f68  x4=0xfffffff8
        7105000	       709	800013d8	01855b93	srli	x23,x10,0x18	 x10:0xfffffa0a x23=0x000000ff
        7115000	       710	800013dc	004e2083	lw	x1,4(x28)	 x28:0x80009f68  x1=0x80000140 PA:0x80009f6c
        7125000	       711	800013e0	a682e697	auipc	x13,0xa682e	 x13=0x2682f3dc
        7135000	       712	800013e4	01ce0e13	addi	x28,x28,28	 x28:0x80009f68 x28=0x80009f84
        7145000	       713	800013e8	0103d433	srl	x8,x7,x16	  x7:0x00000001 x16:0x00400000  x8=0x00000001
        7155000	       714	800013ec	007adfb3	srl	x31,x21,x7	 x21:0x00000000  x7:0x00000001 x31=0x00000000
        7165000	       715	800013f0	01146413	ori	x8,x8,17	  x8:0x00000001  x8=0x00000011
        7175000	       716	800013f4	00008993	addi	x19,x1,0	  x1:0x80000140 x19=0x80000140
        7185000	       717	800013f8	000989e7	jalr	x19,x19,0	 x19:0x80000140 x19=0x800013f8
        7195000	       718	00000000	00000013	addi	x0,x0,0	  x0:0x00000000
        7205000	       719	80000140	00000013	addi	x0,x0,0	  x0:0x00000000
        7215000	       720	80000144	00400713	addi	x14,x0,4	  x0:0x00000000 x14=0x00000004
        7225000	       721	80000148	20323113	sltiu	x2,x4,515	  x4:0xfffffff8  x2=0x00000000
        7235000	       722	8000014c	00400393	addi	x7,x0,4	  x0:0x00000000  x7=0x00000004
        7245000	       723	80000150	417f0433	sub	x8,x30,x23	 x30:0x00000000 x23:0x000000ff  x8=0xffffff01
        7255000	       724	80000154	014241b3	xor	x3,x4,x20	  x4:0xfffffff8 x20:0x0001bffb  x3=0xfffe4003
        7265000	       725	80000158	ffe70713	addi	x14,x14,-2	 x14:0x00000004 x14=0x00000002
        7275000	       726	8000015c	00400593	addi	x11,x0,4	  x0:0x00000000 x11=0x00000004
        7285000	       727	80000160	01055f13	srli	x30,x10,0x10	 x10:0xfffffa0a x30=0x0000ffff
        7295000	       728	80000164	00153233	sltu	x4,x10,x1	 x10:0xfffffa0a  x1:0x80000140  x4=0x00000000
        7305000	       729	80000168	00275493	srli	x9,x14,0x2	 x14:0x00000002  x9=0x00000000
        7315000	       730	8000016c	00e00c13	addi	x24,x0,14	  x0:0x00000000 x24=0x0000000e
        7325000	       731	80000170	42ef4637	lui	x12,0x42ef4	 x12=0x42ef4000
        7335000	       732	80000174	414fd833	sra	x16,x31,x20	 x31:0x00000000 x20:0x0001bffb x16=0x00000000
        7345000	       733	80000178	018e2333	slt	x6,x28,x24	 x28:0x80009f84 x24:0x0000000e  x6=0x00000001
        7355000	       734	8000017c	004b0133	add	x2,x22,x4	 x22:0x80000000  x4:0x00000000  x2=0x80000000
        7365000	       735	80000180	574d89b7	lui	x19,0x574d8	 x19=0x574d8000
        7375000	       736	80000184	00258593	addi	x11,x11,2	 x11:0x00000004 x11=0x00000006
        7385000	       737	80000188	7cfe6093	ori	x1,x28,1999	 x28:0x80009f84  x1=0x80009fcf
        7395000	       738	8000018c	511e7c97	auipc	x25,0x511e7	 x25=0xd11e7188
        7405000	       739	80000190	ff85e6e3	bltu	x11,x24,8000017c	 x11:0x00000006 x24:0x0000000e
        7415000	       740	00000000	00000013	addi	x0,x0,0	  x0:0x00000000
        7425000	       741	80000178	00000013	addi	x0,x0,0	  x0:0x00000000
        7435000	       742	8000017c	004b0133	add	x2,x22,x4	 x22:0x80000000  x4:0x00000000  x2=0x80000000
        7445000	       743	80000180	574d89b7	lui	x19,0x574d8	 x19=0x574d8000
        7455000	       744	80000184	00258593	addi	x11,x11,2	 x11:0x00000006 x11=0x00000008
        7465000	       745	80000188	7cfe6093	ori	x1,x28,1999	 x28:0x80009f84  x1=0x80009fcf
        7475000	       746	8000018c	511e7c97	auipc	x25,0x511e7	 x25=0xd11e7188
        7485000	       747	80000190	ff85e6e3	bltu	x11,x24,8000017c	 x11:0x00000008 x24:0x0000000e
        7495000	       748	00000000	00000013	addi	x0,x0,0	  x0:0x00000000
        7505000	       749	80000178	00000013	addi	x0,x0,0	  x0:0x00000000
        7515000	       750	8000017c	004b0133	add	x2,x22,x4	 x22:0x80000000  x4:0x00000000  x2=0x80000000
        7525000	       751	80000180	574d89b7	lui	x19,0x574d8	 x19=0x574d8000
        7535000	       752	80000184	00258593	addi	x11,x11,2	 x11:0x00000008 x11=0x0000000a
        7545000	       753	80000188	7cfe6093	ori	x1,x28,1999	 x28:0x80009f84  x1=0x80009fcf
        7555000	       754	8000018c	511e7c97	auipc	x25,0x511e7	 x25=0xd11e7188
        7565000	       755	80000190	ff85e6e3	bltu	x11,x24,8000017c	 x11:0x0000000a x24:0x0000000e
        7575000	       756	00000000	00000013	addi	x0,x0,0	  x0:0x00000000
        7585000	       757	80000178	00000013	addi	x0,x0,0	  x0:0x00000000
        7595000	       758	8000017c	004b0133	add	x2,x22,x4	 x22:0x80000000  x4:0x00000000  x2=0x80000000
        7605000	       759	80000180	574d89b7	lui	x19,0x574d8	 x19=0x574d8000
        7615000	       760	80000184	00258593	addi	x11,x11,2	 x11:0x0000000a x11=0x0000000c
        7625000	       761	80000188	7cfe6093	ori	x1,x28,1999	 x28:0x80009f84  x1=0x80009fcf
        7635000	       762	8000018c	511e7c97	auipc	x25,0x511e7	 x25=0xd11e7188
        7645000	       763	80000190	ff85e6e3	bltu	x11,x24,8000017c	 x11:0x0000000c x24:0x0000000e
        7655000	       764	00000000	00000013	addi	x0,x0,0	  x0:0x00000000
        7665000	       765	80000178	00000013	addi	x0,x0,0	  x0:0x00000000
        7675000	       766	8000017c	004b0133	add	x2,x22,x4	 x22:0x80000000  x4:0x00000000  x2=0x80000000
        7685000	       767	80000180	574d89b7	lui	x19,0x574d8	 x19=0x574d8000
        7695000	       768	80000184	00258593	addi	x11,x11,2	 x11:0x0000000c x11=0x0000000e
        7705000	       769	80000188	7cfe6093	ori	x1,x28,1999	 x28:0x80009f84  x1=0x80009fcf
        7715000	       770	8000018c	511e7c97	auipc	x25,0x511e7	 x25=0xd11e7188
        7725000	       771	80000190	ff85e6e3	bltu	x11,x24,8000017c	 x11:0x0000000e x24:0x0000000e
        7735000	       772	80000194	a685f413	andi	x8,x11,-1432	 x11:0x0000000e  x8=0x00000008
        7745000	       773	80000198	6f858793	addi	x15,x11,1784	 x11:0x0000000e x15=0x00000706
        7755000	       774	8000019c	00819693	slli	x13,x3,0x8	  x3:0xfffe4003 x13=0xfe400300
        7765000	       775	800001a0	f7204697	auipc	x13,0xf7204	 x13=0x7720419c
        7775000	       776	800001a4	22da0297	auipc	x5,0x22da0	  x5=0xa2da01a0
        7785000	       777	800001a8	a66fa813	slti	x16,x31,-1434	 x31:0x00000000 x16=0x00000000
        7795000	       778	800001ac	fa7772e3	bgeu	x14,x7,80000150	 x14:0x00000002  x7:0x00000004
        7805000	       779	800001b0	004fe1b3	or	x3,x31,x4	 x31:0x00000000  x4:0x00000000  x3=0x00000000
        7815000	       780	800001b4	ffd00f13	addi	x30,x0,-3	  x0:0x00000000 x30=0xfffffffd
        7825000	       781	800001b8	00500793	addi	x15,x0,5	  x0:0x00000000 x15=0x00000005
        7835000	       782	800001bc	1cfc6b93	ori	x23,x24,463	 x24:0x0000000e x23=0x000001cf
        7845000	       783	800001c0	01097433	and	x8,x18,x16	 x18:0xf79a9224 x16:0x00000000  x8=0x00000000
        7855000	       784	800001c4	54eae293	ori	x5,x21,1358	 x21:0x00000000  x5=0x0000054e
        7865000	       785	800001c8	40e85833	sra	x16,x16,x14	 x16:0x00000000 x14:0x00000002 x16=0x00000000
        7875000	       786	800001cc	008f0f13	addi	x30,x30,8	 x30:0xfffffffd x30=0x00000005
        7885000	       787	800001d0	ff700393	addi	x7,x0,-9	  x0:0x00000000  x7=0xfffffff7
        7895000	       788	800001d4	ff300093	addi	x1,x0,-13	  x0:0x00000000  x1=0xfffffff3
        7905000	       789	800001d8	181cba93	sltiu	x21,x25,385	 x25:0xd11e7188 x21=0x00000000
        7915000	       790	800001dc	009f64b3	or	x9,x30,x9	 x30:0x00000005  x9:0x00000000  x9=0x00000005
        7925000	       791	800001e0	ff938393	addi	x7,x7,-7	  x7:0xfffffff7  x7=0xfffffff0
        7935000	       792	800001e4	fe13dae3	bge	x7,x1,800001d8	  x7:0xfffffff0  x1:0xfffffff3
        7945000	       793	800001e8	fcff4ee3	blt	x30,x15,800001c4	 x30:0x00000005 x15:0x00000005
        7955000	       794	800001ec	bb8fec13	ori	x24,x31,-1096	 x31:0x00000000 x24=0xfffffbb8
        7965000	       795	800001f0	00200313	addi	x6,x0,2	  x0:0x00000000  x6=0x00000002
        7975000	       796	800001f4	0c02b493	sltiu	x9,x5,192	  x5:0x0000054e  x9=0x00000000
        7985000	       797	800001f8	40095093	srai	x1,x18,0x0	 x18:0xf79a9224  x1=0xf79a9224
        7995000	       798	800001fc	07647b93	andi	x23,x8,118	  x8:0x00000000 x23=0x00000000
        8005000	       799	80000200	4117d193	srai	x3,x15,0x11	 x15:0x00000005  x3=0x00000000
        8015000	       800	80000204	401a05b3	sub	x11,x20,x1	 x20:0x0001bffb  x1:0xf79a9224 x11=0x08672dd7
        8025000	       801	80000208	001fa6b3	slt	x13,x31,x1	 x31:0x00000000  x1:0xf79a9224 x13=0x00000000
        8035000	       802	8000020c	00700c13	addi	x24,x0,7	  x0:0x00000000 x24=0x00000007
        8045000	       803	80000210	01adfab3	and	x21,x27,x26	 x27:0xfffffd05 x26:0x00000001 x21=0x00000001
        8055000	       804	80000214	00716bb3	or	x23,x2,x7	  x2:0x80000000  x7:0xfffffff0 x23=0xfffffff0
        8065000	       805	80000218	41b9d913	srai	x18,x19,0x1b	 x19:0x574d8000 x18=0x0000000a
        8075000	       806	8000021c	00730313	addi	x6,x6,7	  x6:0x00000002  x6=0x00000009
        8085000	       807	80000220	01e7d913	srli	x18,x15,0x1e	 x15:0x00000005 x18=0x00000000
        8095000	       808	80000224	ff900393	addi	x7,x0,-7	  x0:0x00000000  x7=0xfffffff9
        8105000	       809	80000228	017572b3	and	x5,x10,x23	 x10:0xfffffa0a x23:0xfffffff0  x5=0xfffffa00
        8115000	       810	8000022c	31150a93	addi	x21,x10,785	 x10:0xfffffa0a x21=0xfffffd1b
        8125000	       811	80000230	ff600793	addi	x15,x0,-10	  x0:0x00000000 x15=0xfffffff6
        8135000	       812	80000234	9596c893	xori	x17,x13,-1703	 x13:0x00000000 x17=0xfffff959
        8145000	       813	80000238	ffd38393	addi	x7,x7,-3	  x7:0xfffffff9  x7=0xfffffff6
        8155000	       814	8000023c	0031cdb3	xor	x27,x3,x3	  x3:0x00000000  x3:0x00000000 x27=0x00000000
        8165000	       815	80000240	82877d13	andi	x26,x14,-2008	 x14:0x00000002 x26=0x00000000
        8175000	       816	80000244	fef3d8e3	bge	x7,x15,80000234	  x7:0xfffffff6 x15:0xfffffff6
        8185000	       817	00000000	00000013	addi	x0,x0,0	  x0:0x00000000
        8195000	       818	80000230	00000013	addi	x0,x0,0	  x0:0x00000000
        8205000	       819	80000234	9596c893	xori	x17,x13,-1703	 x13:0x00000000 x17=0xfffff959
        8215000	       820	80000238	ffd38393	addi	x7,x7,-3	  x7:0xfffffff6  x7=0xfffffff3
        8225000	       821	8000023c	0031cdb3	xor	x27,x3,x3	  x3:0x00000000  x3:0x00000000 x27=0x00000000
        8235000	       822	80000240	82877d13	andi	x26,x14,-2008	 x14:0x00000002 x26=0x00000000
        8245000	       823	80000244	fef3d8e3	bge	x7,x15,80000234	  x7:0xfffffff3 x15:0xfffffff6
        8255000	       824	80000248	fda5e813	ori	x16,x11,-38	 x11:0x08672dd7 x16=0xffffffdf
        8265000	       825	8000024c	00181213	slli	x4,x16,0x1	 x16:0xffffffdf  x4=0xffffffbe
        8275000	       826	80000250	fd8362e3	bltu	x6,x24,80000214	  x6:0x00000009 x24:0x00000007
        8285000	       827	80000254	7eb1b593	sltiu	x11,x3,2027	  x3:0x00000000 x11=0x00000001
        8295000	       828	80000258	f4840913	addi	x18,x8,-184	  x8:0x00000000 x18=0xffffff48
        8305000	       829	8000025c	00deee63	bltu	x29,x13,80000278	 x29:0x80009fc4 x13:0x00000000
        8315000	       830	80000260	e959c193	xori	x3,x19,-363	 x19:0x574d8000  x3=0xa8b27e95
        8325000	       831	80000264	db3f0f93	addi	x31,x30,-589	 x30:0x00000005 x31=0xfffffdb8
        8335000	       832	80000268	2795a693	slti	x13,x11,633	 x11:0x00000001 x13=0x00000001
        8345000	       833	8000026c	00b427b3	slt	x15,x8,x11	  x8:0x00000000 x11:0x00000001 x15=0x00000001
        8355000	       834	80000270	00000013	addi	x0,x0,0	  x0:0x00000000
        8365000	       835	80000274	409fda93	srai	x21,x31,0x9	 x31:0xfffffdb8 x21=0xfffffffe
        8375000	       836	80000278	00e511b3	sll	x3,x10,x14	 x10:0xfffffa0a x14:0x00000002  x3=0xffffe828
        8385000	       837	8000027c	032b1863	bne	x22,x18,800002ac	 x22:0x80000000 x18:0xffffff48
        8395000	       838	00000000	00000013	addi	x0,x0,0	  x0:0x00000000
        8405000	       839	800002a8	00000013	addi	x0,x0,0	  x0:0x00000000
        8415000	       840	800002ac	0560d463	bge	x1,x22,800002f4	  x1:0xf79a9224 x22:0x80000000
        8425000	       841	00000000	00000013	addi	x0,x0,0	  x0:0x00000000
        8435000	       842	800002f0	00000013	addi	x0,x0,0	  x0:0x00000000
        8445000	       843	800002f4	521fa513	slti	x10,x31,1313	 x31:0xfffffdb8 x10=0x00000001
        8455000	       844	800002f8	d8aac697	auipc	x13,0xd8aac	 x13=0x58aac2f4
        8465000	       845	800002fc	00ab5733	srl	x14,x22,x10	 x22:0x80000000 x10:0x00000001 x14=0x40000000
        8475000	       846	80000300	103d0893	addi	x17,x26,259	 x26:0x00000000 x17=0x00000103
        8485000	       847	80000304	02771863	bne	x14,x7,80000334	 x14:0x40000000  x7:0xfffffff3
        8495000	       848	00000000	00000013	addi	x0,x0,0	  x0:0x00000000
        8505000	       849	80000330	00000013	addi	x0,x0,0	  x0:0x00000000
        8515000	       850	80000334	41a58033	sub	x0,x11,x26	 x11:0x00000001 x26:0x00000000
        8525000	       851	80000338	01e60e63	beq	x12,x30,80000354	 x12:0x42ef4000 x30:0x00000005
        8535000	       852	8000033c	00000013	addi	x0,x0,0	  x0:0x00000000
        8545000	       853	80000340	09bae263	bltu	x21,x27,800003c4	 x21:0xfffffffe x27:0x00000000
        8555000	       854	80000344	c0324f13	xori	x30,x4,-1021	  x4:0xffffffbe x30=0x000003bd
        8565000	       855	80000348	55ccb513	sltiu	x10,x25,1372	 x25:0xd11e7188 x10=0x00000000
        8575000	       856	8000034c	01db5a13	srli	x20,x22,0x1d	 x22:0x80000000 x20=0x00000004
        8585000	       857	80000350	8061a413	slti	x8,x3,-2042	  x3:0xffffe828  x8=0x00000001
        8595000	       858	80000354	4189d313	srai	x6,x19,0x18	 x19:0x574d8000  x6=0x00000057
        8605000	       859	80000358	070de463	bltu	x27,x16,800003c0	 x27:0x00000000 x16:0xffffffdf
        8615000	       860	00000000	00000013	addi	x0,x0,0	  x0:0x00000000
        8625000	       861	800003bc	00000013	addi	x0,x0,0	  x0:0x00000000
        8635000	       862	800003c0	00000013	addi	x0,x0,0	  x0:0x00000000
        8645000	       863	800003c4	09c3e263	bltu	x7,x28,80000448	  x7:0xfffffff3 x28:0x80009f84
        8655000	       864	800003c8	0084f333	and	x6,x9,x8	  x9:0x00000000  x8:0x00000001  x6=0x00000000
        8665000	       865	800003cc	00c02933	slt	x18,x0,x12	  x0:0x00000000 x12:0x42ef4000 x18=0x00000001
        8675000	       866	800003d0	01551833	sll	x16,x10,x21	 x10:0x00000000 x21:0xfffffffe x16=0x00000000
        8685000	       867	800003d4	005647b3	xor	x15,x12,x5	 x12:0x42ef4000  x5:0xfffffa00 x15=0xbd10ba00
        8695000	       868	800003d8	72b32c37	lui	x24,0x72b32	 x24=0x72b32000
        8705000	       869	800003dc	982ab713	sltiu	x14,x21,-1662	 x21:0xfffffffe x14=0x00000000
        8715000	       870	800003e0	df17d197	auipc	x3,0xdf17d	  x3=0x5f17d3dc
        8725000	       871	800003e4	0089c733	xor	x14,x19,x8	 x19:0x574d8000  x8:0x00000001 x14=0x574d8001
        8735000	       872	800003e8	2beb7493	andi	x9,x22,702	 x22:0x80000000  x9=0x00000000
        8745000	       873	800003ec	00307a33	and	x20,x0,x3	  x0:0x00000000  x3:0x5f17d3dc x20=0x00000000
        8755000	       874	800003f0	44ad5437	lui	x8,0x44ad5	  x8=0x44ad5000
        8765000	       875	800003f4	00ba9fb3	sll	x31,x21,x11	 x21:0xfffffffe x11:0x00000001 x31=0xfffffffc
        8775000	       876	800003f8	6ba18a93	addi	x21,x3,1722	  x3:0x5f17d3dc x21=0x5f17da96
        8785000	       877	800003fc	00000897	auipc	x17,0x0	 x17=0x800003f8
        8795000	       878	80000400	18888893	addi	x17,x17,392	 x17:0x800003f8 x17=0x80000580
        8805000	       879	80000404	010091b3	sll	x3,x1,x16	  x1:0xf79a9224 x16:0x00000000  x3=0xf79a9224
        8815000	       880	80000408	71734c93	xori	x25,x6,1815	  x6:0x00000000 x25=0x00000717
        8825000	       881	8000040c	85967493	andi	x9,x12,-1959	 x12:0x42ef4000  x9=0x42ef4000
        8835000	       882	80000410	bbc5b717	auipc	x14,0xbbc5b	 x14=0x3bc5b40c
        8845000	       883	80000414	891df017	auipc	x0,0x891df	
        8855000	       884	80000418	00ba9193	slli	x3,x21,0xb	 x21:0x5f17da96  x3=0xbed4b000
        8865000	       885	8000041c	bc63f693	andi	x13,x7,-1082	  x7:0xfffffff3 x13=0xfffffbc2
        8875000	       886	80000420	32688893	addi	x17,x17,806	 x17:0x80000580 x17=0x800008a6
        8885000	       887	80000424	01844463	blt	x8,x24,8000042c	  x8:0x44ad5000 x24:0x72b32000
        8895000	       888	00000000	00000013	addi	x0,x0,0	  x0:0x00000000
        8905000	       889	80000428	00000013	addi	x0,x0,0	  x0:0x00000000
        8915000	       890	8000042c	cdb880e7	jalr	x1,x17,-805	 x17:0x800008a6  x1=0x8000042c
        8925000	       891	00000000	00000013	addi	x0,x0,0	  x0:0x00000000
        8935000	       892	80000580	00000013	addi	x0,x0,0	  x0:0x00000000
        8945000	       893	80000584	00000013	addi	x0,x0,0	  x0:0x00000000
        8955000	       894	80000588	ff4e0e13	addi	x28,x28,-12	 x28:0x80009f84 x28=0x80009f78
        8965000	       895	8000058c	0190b733	sltu	x14,x1,x25	  x1:0x8000042c x25:0x00000717 x14=0x00000000
        8975000	       896	80000590	2d888993	addi	x19,x17,728	 x17:0x800008a6 x19=0x80000b7e
        8985000	       897	80000594	001e2223	sw	x1,4(x28)	 x28:0x80009f78  x1:0x8000042c PA:0x80009f7c
        8995000	       898	80000598	00000013	addi	x0,x0,0	  x0:0x00000000
        9005000	       899	8000059c	54d0c613	xori	x12,x1,1357	  x1:0x8000042c x12=0x80000161
        9015000	       900	800005a0	6e763a93	sltiu	x21,x12,1767	 x12:0x80000161 x21=0x00000000
        9025000	       901	800005a4	0069dc13	srli	x24,x19,0x6	 x19:0x80000b7e x24=0x0200002d
        9035000	       902	800005a8	03cc0263	beq	x24,x28,800005cc	 x24:0x0200002d x28:0x80009f78
        9045000	       903	800005ac	9fa16513	ori	x10,x2,-1542	  x2:0x80000000 x10=0xfffff9fa
        9055000	       904	800005b0	01a49433	sll	x8,x9,x26	  x9:0x42ef4000 x26:0x00000000  x8=0x42ef4000
        9065000	       905	800005b4	54e56493	ori	x9,x10,1358	 x10:0xfffff9fa  x9=0xfffffdfe
        9075000	       906	800005b8	01219093	slli	x1,x3,0x12	  x3:0xbed4b000  x1=0xc0000000
        9085000	       907	800005bc	fee05a37	lui	x20,0xfee05	 x20=0xfee05000
        9095000	       908	800005c0	68846613	ori	x12,x8,1672	  x8:0x42ef4000 x12=0x42ef4688
        9105000	       909	800005c4	00b36833	or	x16,x6,x11	  x6:0x00000000 x11:0x00000001 x16=0x00000001
        9115000	       910	800005c8	409e0c33	sub	x24,x28,x9	 x28:0x80009f78  x9:0xfffffdfe x24=0x8000a17a
        9125000	       911	800005cc	1d4000ef	jal	x1,800005cc	  x1=0x800005cc
        9135000	       912	00000000	00000013	addi	x0,x0,0	  x0:0x00000000
        9145000	       913	8000079c	00000013	addi	x0,x0,0	  x0:0x00000000
        9155000	       914	800007a0	fe8e0e13	addi	x28,x28,-24	 x28:0x80009f78 x28=0x80009f60
        9165000	       915	800007a4	015dd3b3	srl	x7,x27,x21	 x27:0x00000000 x21:0x00000000  x7=0x00000000
        9175000	       916	800007a8	008dfab3	and	x21,x27,x8	 x27:0x00000000  x8:0x42ef4000 x21=0x00000000
        9185000	       917	800007ac	00c29a93	slli	x21,x5,0xc	  x5:0xfffffa00 x21=0xffa00000
        9195000	       918	800007b0	4bca8617	auipc	x12,0x4bca8	 x12=0xcbca87ac
        9205000	       919	800007b4	001e2223	sw	x1,4(x28)	 x28:0x80009f60  x1:0x800005cc PA:0x80009f64
        9215000	       920	800007b8	01e5d593	srli	x11,x11,0x1e	 x11:0x00000001 x11=0x00000000
        9225000	       921	800007bc	006b46b3	xor	x13,x22,x6	 x22:0x80000000  x6:0x00000000 x13=0x80000000
        9235000	       922	800007c0	015a5863	bge	x20,x21,800007d0	 x20:0xfee05000 x21:0xffa00000
        9245000	       923	800007c4	03a01463	bne	x0,x26,800007ec	  x0:0x00000000 x26:0x00000000
        9255000	       924	800007c8	00e5a833	slt	x16,x11,x14	 x11:0x00000000 x14:0x00000000 x16=0x00000000
        9265000	       925	800007cc	007a3d33	sltu	x26,x20,x7	 x20:0xfee05000  x7:0x00000000 x26=0x00000000
        9275000	       926	800007d0	010cca33	xor	x20,x25,x16	 x25:0x00000717 x16:0x00000000 x20=0x00000717
        9285000	       927	800007d4	d63d4313	xori	x6,x26,-669	 x26:0x00000000  x6=0xfffffd63
        9295000	       928	800007d8	01ad9593	slli	x11,x27,0x1a	 x27:0x00000000 x11=0x00000000
        9305000	       929	800007dc	c3803f93	sltiu	x31,x0,-968	  x0:0x00000000 x31=0x00000001
        9315000	       930	800007e0	0026c133	xor	x2,x13,x2	 x13:0x80000000  x2:0x80000000  x2=0x00000000
        9325000	       931	800007e4	cafb4213	xori	x4,x22,-849	 x22:0x80000000  x4=0x7ffffcaf
        9335000	       932	800007e8	41a187b3	sub	x15,x3,x26	  x3:0xbed4b000 x26:0x00000000 x15=0xbed4b000
        9345000	       933	800007ec	0129f463	bgeu	x19,x18,800007f4	 x19:0x80000b7e x18:0x00000001
        9355000	       934	00000000	00000013	addi	x0,x0,0	  x0:0x00000000
        9365000	       935	800007f0	00000013	addi	x0,x0,0	  x0:0x00000000
        9375000	       936	800007f4	ee16e293	ori	x5,x13,-287	 x13:0x80000000  x5=0xfffffee1
        9385000	       937	800007f8	004e2083	lw	x1,4(x28)	 x28:0x80009f60  x1=0x800005cc PA:0x80009f64
        9395000	       938	800007fc	006ef7b3	and	x15,x29,x6	 x29:0x80009fc4  x6:0xfffffd63 x15=0x80009d40
        9405000	       939	80000800	1d398693	addi	x13,x19,467	 x19:0x80000b7e x13=0x80000d51
        9415000	       940	80000804	009e7cb3	and	x25,x28,x9	 x28:0x80009f60  x9:0xfffffdfe x25=0x80009d60
        9425000	       941	80000808	018e0e13	addi	x28,x28,24	 x28:0x80009f60 x28=0x80009f78
        9435000	       942	8000080c	01ed0733	add	x14,x26,x30	 x26:0x00000000 x30:0x000003bd x14=0x000003bd
        9445000	       943	80000810	f0a57d13	andi	x26,x10,-246	 x10:0xfffff9fa x26=0xfffff90a
        9455000	       944	80000814	40d78233	sub	x4,x15,x13	 x15:0x80009d40 x13:0x80000d51  x4=0x00008fef
        9465000	       945	80000818	e7c5bd13	sltiu	x26,x11,-388	 x11:0x00000000 x26=0x00000001
        9475000	       946	8000081c	00108793	addi	x15,x1,1	  x1:0x800005cc x15=0x800005cd
        9485000	       947	80000820	000787e7	jalr	x15,x15,0	 x15:0x800005cd x15=0x80000820
        9495000	       948	00000000	00000013	addi	x0,x0,0	  x0:0x00000000
        9505000	       949	800005cc	00000013	addi	x0,x0,0	  x0:0x00000000
        9515000	       950	800005d0	406555b3	sra	x11,x10,x6	 x10:0xfffff9fa  x6:0xfffffd63 x11=0xffffff3f
        9525000	       951	800005d4	01371313	slli	x6,x14,0x13	 x14:0x000003bd  x6=0x1de80000
        9535000	       952	800005d8	8f68f593	andi	x11,x17,-1802	 x17:0x800008a6 x11=0x800008a6
        9545000	       953	800005dc	23ff4393	xori	x7,x30,575	 x30:0x000003bd  x7=0x00000182
        9555000	       954	800005e0	40e95333	sra	x6,x18,x14	 x18:0x00000001 x14:0x000003bd  x6=0x00000000
        9565000	       955	800005e4	41ea5433	sra	x8,x20,x30	 x20:0x00000717 x30:0x000003bd  x8=0x00000000
        9575000	       956	800005e8	01b73d33	sltu	x26,x14,x27	 x14:0x000003bd x27:0x00000000 x26=0x00000000
        9585000	       957	800005ec	4057d033	sra	x0,x15,x5	 x15:0x80000820  x5:0xfffffee1
        9595000	       958	800005f0	41300cb3	sub	x25,x0,x19	  x0:0x00000000 x19:0x80000b7e x25=0x7ffff482
        9605000	       959	800005f4	1ac000ef	jal	x1,800005f4	  x1=0x800005f4
        9615000	       960	00000000	00000013	addi	x0,x0,0	  x0:0x00000000
        9625000	       961	8000079c	00000013	addi	x0,x0,0	  x0:0x00000000
        9635000	       962	800007a0	fe8e0e13	addi	x28,x28,-24	 x28:0x80009f78 x28=0x80009f60
        9645000	       963	800007a4	015dd3b3	srl	x7,x27,x21	 x27:0x00000000 x21:0xffa00000  x7=0x00000000
        9655000	       964	800007a8	008dfab3	and	x21,x27,x8	 x27:0x00000000  x8:0x00000000 x21=0x00000000
        9665000	       965	800007ac	00c29a93	slli	x21,x5,0xc	  x5:0xfffffee1 x21=0xffee1000
        9675000	       966	800007b0	4bca8617	auipc	x12,0x4bca8	 x12=0xcbca87ac
        9685000	       967	800007b4	001e2223	sw	x1,4(x28)	 x28:0x80009f60  x1:0x800005f4 PA:0x80009f64
        9695000	       968	800007b8	01e5d593	srli	x11,x11,0x1e	 x11:0x800008a6 x11=0x00000002
        9705000	       969	800007bc	006b46b3	xor	x13,x22,x6	 x22:0x80000000  x6:0x00000000 x13=0x80000000
        9715000	       970	800007c0	015a5863	bge	x20,x21,800007d0	 x20:0x00000717 x21:0xffee1000
        9725000	       971	00000000	00000013	addi	x0,x0,0	  x0:0x00000000
        9735000	       972	800007cc	00000013	addi	x0,x0,0	  x0:0x00000000
        9745000	       973	800007d0	010cca33	xor	x20,x25,x16	 x25:0x7ffff482 x16:0x00000000 x20=0x7ffff482
        9755000	       974	800007d4	d63d4313	xori	x6,x26,-669	 x26:0x00000000  x6=0xfffffd63
        9765000	       975	800007d8	01ad9593	slli	x11,x27,0x1a	 x27:0x00000000 x11=0x00000000
        9775000	       976	800007dc	c3803f93	sltiu	x31,x0,-968	  x0:0x00000000 x31=0x00000001
        9785000	       977	800007e0	0026c133	xor	x2,x13,x2	 x13:0x80000000  x2:0x00000000  x2=0x80000000
        9795000	       978	800007e4	cafb4213	xori	x4,x22,-849	 x22:0x80000000  x4=0x7ffffcaf
        9805000	       979	800007e8	41a187b3	sub	x15,x3,x26	  x3:0xbed4b000 x26:0x00000000 x15=0xbed4b000
        9815000	       980	800007ec	0129f463	bgeu	x19,x18,800007f4	 x19:0x80000b7e x18:0x00000001
        9825000	       981	00000000	00000013	addi	x0,x0,0	  x0:0x00000000
        9835000	       982	800007f0	00000013	addi	x0,x0,0	  x0:0x00000000
        9845000	       983	800007f4	ee16e293	ori	x5,x13,-287	 x13:0x80000000  x5=0xfffffee1
        9855000	       984	800007f8	004e2083	lw	x1,4(x28)	 x28:0x80009f60  x1=0x800005f4 PA:0x80009f64
        9865000	       985	800007fc	006ef7b3	and	x15,x29,x6	 x29:0x80009fc4  x6:0xfffffd63 x15=0x80009d40
        9875000	       986	80000800	1d398693	addi	x13,x19,467	 x19:0x80000b7e x13=0x80000d51
        9885000	       987	80000804	009e7cb3	and	x25,x28,x9	 x28:0x80009f60  x9:0xfffffdfe x25=0x80009d60
        9895000	       988	80000808	018e0e13	addi	x28,x28,24	 x28:0x80009f60 x28=0x80009f78
        9905000	       989	8000080c	01ed0733	add	x14,x26,x30	 x26:0x00000000 x30:0x000003bd x14=0x000003bd
        9915000	       990	80000810	f0a57d13	andi	x26,x10,-246	 x10:0xfffff9fa x26=0xfffff90a
        9925000	       991	80000814	40d78233	sub	x4,x15,x13	 x15:0x80009d40 x13:0x80000d51  x4=0x00008fef
        9935000	       992	80000818	e7c5bd13	sltiu	x26,x11,-388	 x11:0x00000000 x26=0x00000001
        9945000	       993	8000081c	00108793	addi	x15,x1,1	  x1:0x800005f4 x15=0x800005f5
        9955000	       994	80000820	000787e7	jalr	x15,x15,0	 x15:0x800005f5 x15=0x80000820
        9965000	       995	00000000	00000013	addi	x0,x0,0	  x0:0x00000000
        9975000	       996	800005f4	00000013	addi	x0,x0,0	  x0:0x00000000
        9985000	       997	800005f8	00900493	addi	x9,x0,9	  x0:0x00000000  x9=0x00000009
        9995000	       998	800005fc	016766b3	or	x13,x14,x22	 x14:0x000003bd x22:0x80000000 x13=0x800003bd
       10005000	       999	80000600	013ce8b3	or	x17,x25,x19	 x25:0x80009d60 x19:0x80000b7e x17=0x80009f7e
       10015000	      1000	80000604	40eb5093	srai	x1,x22,0xe	 x22:0x80000000  x1=0xfffe0000
       10025000	      1001	80000608	01ab9433	sll	x8,x23,x26	 x23:0xfffffff0 x26:0x00000001  x8=0xffffffe0
       10035000	      1002	8000060c	ffe00193	addi	x3,x0,-2	  x0:0x00000000  x3=0xfffffffe
       10045000	      1003	80000610	0166bc33	sltu	x24,x13,x22	 x13:0x800003bd x22:0x80000000 x24=0x00000000
       10055000	      1004	80000614	ff748493	addi	x9,x9,-9	  x9:0x00000009  x9=0x00000000
       10065000	      1005	80000618	00d22533	slt	x10,x4,x13	  x4:0x00008fef x13:0x800003bd x10=0x00000000
       10075000	      1006	8000061c	4368a593	slti	x11,x17,1078	 x17:0x80009f7e x11=0x00000001
       10085000	      1007	80000620	ff600a13	addi	x20,x0,-10	  x0:0x00000000 x20=0xfffffff6
       10095000	      1008	80000624	309dc593	xori	x11,x27,777	 x27:0x00000000 x11=0x00000309
       10105000	      1009	80000628	4193dc33	sra	x24,x7,x25	  x7:0x00000000 x25:0x80009d60 x24=0x00000000
       10115000	      1010	8000062c	ff300993	addi	x19,x0,-13	  x0:0x00000000 x19=0xfffffff3
       10125000	      1011	80000630	caa38d17	auipc	x26,0xcaa38	 x26=0x4aa3862c
       10135000	      1012	80000634	fffa0a13	addi	x20,x20,-1	 x20:0xfffffff6 x20=0xfffffff5
       10145000	      1013	80000638	016ab3b3	sltu	x7,x21,x22	 x21:0xffee1000 x22:0x80000000  x7=0x00000000
       10155000	      1014	8000063c	ff3a5ae3	bge	x20,x19,80000630	 x20:0xfffffff5 x19:0xfffffff3
       10165000	      1015	00000000	00000013	addi	x0,x0,0	  x0:0x00000000
       10175000	      1016	8000062c	00000013	addi	x0,x0,0	  x0:0x00000000
       10185000	      1017	80000630	caa38d17	auipc	x26,0xcaa38	 x26=0x4aa3862c
       10195000	      1018	80000634	fffa0a13	addi	x20,x20,-1	 x20:0xfffffff5 x20=0xfffffff4
       10205000	      1019	80000638	016ab3b3	sltu	x7,x21,x22	 x21:0xffee1000 x22:0x80000000  x7=0x00000000
       10215000	      1020	8000063c	ff3a5ae3	bge	x20,x19,80000630	 x20:0xfffffff4 x19:0xfffffff3
       10225000	      1021	00000000	00000013	addi	x0,x0,0	  x0:0x00000000
       10235000	      1022	8000062c	00000013	addi	x0,x0,0	  x0:0x00000000
       10245000	      1023	80000630	caa38d17	auipc	x26,0xcaa38	 x26=0x4aa3862c
       10255000	      1024	80000634	fffa0a13	addi	x20,x20,-1	 x20:0xfffffff4 x20=0xfffffff3
       10265000	      1025	80000638	016ab3b3	sltu	x7,x21,x22	 x21:0xffee1000 x22:0x80000000  x7=0x00000000
       10275000	      1026	8000063c	ff3a5ae3	bge	x20,x19,80000630	 x20:0xfffffff3 x19:0xfffffff3
       10285000	      1027	00000000	00000013	addi	x0,x0,0	  x0:0x00000000
       10295000	      1028	8000062c	00000013	addi	x0,x0,0	  x0:0x00000000
       10305000	      1029	80000630	caa38d17	auipc	x26,0xcaa38	 x26=0x4aa3862c
       10315000	      1030	80000634	fffa0a13	addi	x20,x20,-1	 x20:0xfffffff3 x20=0xfffffff2
       10325000	      1031	80000638	016ab3b3	sltu	x7,x21,x22	 x21:0xffee1000 x22:0x80000000  x7=0x00000000
       10335000	      1032	8000063c	ff3a5ae3	bge	x20,x19,80000630	 x20:0xfffffff2 x19:0xfffffff3
       10345000	      1033	80000640	01af0fb3	add	x31,x30,x26	 x30:0x000003bd x26:0x4aa3862c x31=0x4aa389e9
       10355000	      1034	80000644	0a4ebb93	sltiu	x23,x29,164	 x29:0x80009fc4 x23=0x00000000
       10365000	      1035	80000648	01867033	and	x0,x12,x24	 x12:0xcbca87ac x24:0x00000000
       10375000	      1036	8000064c	fc34d2e3	bge	x9,x3,80000610	  x9:0x00000000  x3:0xfffffffe
       10385000	      1037	00000000	00000013	addi	x0,x0,0	  x0:0x00000000
       10395000	      1038	8000060c	00000013	addi	x0,x0,0	  x0:0x00000000
       10405000	      1039	80000610	0166bc33	sltu	x24,x13,x22	 x13:0x800003bd x22:0x80000000 x24=0x00000000
       10415000	      1040	80000614	ff748493	addi	x9,x9,-9	  x9:0x00000000  x9=0xfffffff7
       10425000	      1041	80000618	00d22533	slt	x10,x4,x13	  x4:0x00008fef x13:0x800003bd x10=0x00000000
       10435000	      1042	8000061c	4368a593	slti	x11,x17,1078	 x17:0x80009f7e x11=0x00000001
       10445000	      1043	80000620	ff600a13	addi	x20,x0,-10	  x0:0x00000000 x20=0xfffffff6
       10455000	      1044	80000624	309dc593	xori	x11,x27,777	 x27:0x00000000 x11=0x00000309
       10465000	      1045	80000628	4193dc33	sra	x24,x7,x25	  x7:0x00000000 x25:0x80009d60 x24=0x00000000
       10475000	      1046	8000062c	ff300993	addi	x19,x0,-13	  x0:0x00000000 x19=0xfffffff3
       10485000	      1047	80000630	caa38d17	auipc	x26,0xcaa38	 x26=0x4aa3862c
       10495000	      1048	80000634	fffa0a13	addi	x20,x20,-1	 x20:0xfffffff6 x20=0xfffffff5
       10505000	      1049	80000638	016ab3b3	sltu	x7,x21,x22	 x21:0xffee1000 x22:0x80000000  x7=0x00000000
       10515000	      1050	8000063c	ff3a5ae3	bge	x20,x19,80000630	 x20:0xfffffff5 x19:0xfffffff3
       10525000	      1051	00000000	00000013	addi	x0,x0,0	  x0:0x00000000
       10535000	      1052	8000062c	00000013	addi	x0,x0,0	  x0:0x00000000
       10545000	      1053	80000630	caa38d17	auipc	x26,0xcaa38	 x26=0x4aa3862c
       10555000	      1054	80000634	fffa0a13	addi	x20,x20,-1	 x20:0xfffffff5 x20=0xfffffff4
       10565000	      1055	80000638	016ab3b3	sltu	x7,x21,x22	 x21:0xffee1000 x22:0x80000000  x7=0x00000000
       10575000	      1056	8000063c	ff3a5ae3	bge	x20,x19,80000630	 x20:0xfffffff4 x19:0xfffffff3
       10585000	      1057	00000000	00000013	addi	x0,x0,0	  x0:0x00000000
       10595000	      1058	8000062c	00000013	addi	x0,x0,0	  x0:0x00000000
       10605000	      1059	80000630	caa38d17	auipc	x26,0xcaa38	 x26=0x4aa3862c
       10615000	      1060	80000634	fffa0a13	addi	x20,x20,-1	 x20:0xfffffff4 x20=0xfffffff3
       10625000	      1061	80000638	016ab3b3	sltu	x7,x21,x22	 x21:0xffee1000 x22:0x80000000  x7=0x00000000
       10635000	      1062	8000063c	ff3a5ae3	bge	x20,x19,80000630	 x20:0xfffffff3 x19:0xfffffff3
       10645000	      1063	00000000	00000013	addi	x0,x0,0	  x0:0x00000000
       10655000	      1064	8000062c	00000013	addi	x0,x0,0	  x0:0x00000000
       10665000	      1065	80000630	caa38d17	auipc	x26,0xcaa38	 x26=0x4aa3862c
       10675000	      1066	80000634	fffa0a13	addi	x20,x20,-1	 x20:0xfffffff3 x20=0xfffffff2
       10685000	      1067	80000638	016ab3b3	sltu	x7,x21,x22	 x21:0xffee1000 x22:0x80000000  x7=0x00000000
       10695000	      1068	8000063c	ff3a5ae3	bge	x20,x19,80000630	 x20:0xfffffff2 x19:0xfffffff3
       10705000	      1069	80000640	01af0fb3	add	x31,x30,x26	 x30:0x000003bd x26:0x4aa3862c x31=0x4aa389e9
       10715000	      1070	80000644	0a4ebb93	sltiu	x23,x29,164	 x29:0x80009fc4 x23=0x00000000
       10725000	      1071	80000648	01867033	and	x0,x12,x24	 x12:0xcbca87ac x24:0x00000000
       10735000	      1072	8000064c	fc34d2e3	bge	x9,x3,80000610	  x9:0xfffffff7  x3:0xfffffffe
       10745000	      1073	80000650	41465533	sra	x10,x12,x20	 x12:0xcbca87ac x20:0xfffffff2 x10=0xfffff2f2
       10755000	      1074	80000654	00000013	addi	x0,x0,0	  x0:0x00000000
       10765000	      1075	80000658	ac554613	xori	x12,x10,-1339	 x10:0xfffff2f2 x12=0x00000837
       10775000	      1076	8000065c	013b93b3	sll	x7,x23,x19	 x23:0x00000000 x19:0xfffffff3  x7=0x00000000
       10785000	      1077	80000660	00fa2133	slt	x2,x20,x15	 x20:0xfffffff2 x15:0x80000820  x2=0x00000000
       10795000	      1078	80000664	00a291b3	sll	x3,x5,x10	  x5:0xfffffee1 x10:0xfffff2f2  x3=0xfb840000
       10805000	      1079	80000668	00000013	addi	x0,x0,0	  x0:0x00000000
       10815000	      1080	8000066c	208f4b93	xori	x23,x30,520	 x30:0x000003bd x23=0x000001b5
       10825000	      1081	80000670	02de4c63	blt	x28,x13,800006a8	 x28:0x80009f78 x13:0x800003bd
       10835000	      1082	80000674	00000013	addi	x0,x0,0	  x0:0x00000000
       10845000	      1083	80000678	0196da63	bge	x13,x25,8000068c	 x13:0x800003bd x25:0x80009d60
       10855000	      1084	8000067c	003cdc63	bge	x25,x3,80000694	 x25:0x80009d60  x3:0xfb840000
       10865000	      1085	80000680	024b0a63	beq	x22,x4,800006b4	 x22:0x80000000  x4:0x00008fef
       10875000	      1086	80000684	c1cd7f13	andi	x30,x26,-996	 x26:0x4aa3862c x30=0x4aa3840c
       10885000	      1087	80000688	00dfcf93	xori	x31,x31,13	 x31:0x4aa389e9 x31=0x4aa389e4
       10895000	      1088	8000068c	0073df93	srli	x31,x7,0x7	  x7:0x00000000 x31=0x00000000
       10905000	      1089	80000690	909b0113	addi	x2,x22,-1783	 x22:0x80000000  x2=0x7ffff909
       10915000	      1090	80000694	032a9063	bne	x21,x18,800006b4	 x21:0xffee1000 x18:0x00000001
       10925000	      1091	00000000	00000013	addi	x0,x0,0	  x0:0x00000000
       10935000	      1092	800006b0	00000013	addi	x0,x0,0	  x0:0x00000000
       10945000	      1093	800006b4	413b5d13	srai	x26,x22,0x13	 x22:0x80000000 x26=0xfffff000
       10955000	      1094	800006b8	039dca63	blt	x27,x25,800006ec	 x27:0x00000000 x25:0x80009d60
       10965000	      1095	800006bc	00957533	and	x10,x10,x9	 x10:0xfffff2f2  x9:0xfffffff7 x10=0xfffff2f2
       10975000	      1096	800006c0	8fb5c317	auipc	x6,0x8fb5c	  x6=0x0fb5c6bc
       10985000	      1097	800006c4	00513a33	sltu	x20,x2,x5	  x2:0x7ffff909  x5:0xfffffee1 x20=0x00000001
       10995000	      1098	800006c8	17eaa693	slti	x13,x21,382	 x21:0xffee1000 x13=0x00000001
       11005000	      1099	800006cc	00ec85b3	add	x11,x25,x14	 x25:0x80009d60 x14:0x000003bd x11=0x8000a11d
       11015000	      1100	800006d0	2d15e013	ori	x0,x11,721	 x11:0x8000a11d
       11025000	      1101	800006d4	20cf7117	auipc	x2,0x20cf7	  x2=0xa0cf76d0
       11035000	      1102	800006d8	eae82697	auipc	x13,0xeae82	 x13=0x6ae826d4
       11045000	      1103	800006dc	01d39f33	sll	x30,x7,x29	  x7:0x00000000 x29:0x80009fc4 x30=0x00000000
       11055000	      1104	800006e0	26312093	slti	x1,x2,611	  x2:0xa0cf76d0  x1=0x00000001
       11065000	      1105	800006e4	02481463	bne	x16,x4,8000070c	 x16:0x00000000  x4:0x00008fef
       11075000	      1106	00000000	00000013	addi	x0,x0,0	  x0:0x00000000
       11085000	      1107	80000708	00000013	addi	x0,x0,0	  x0:0x00000000
       11095000	      1108	8000070c	99af4713	xori	x14,x30,-1638	 x30:0x00000000 x14=0xfffff99a
       11105000	      1109	80000710	02549863	bne	x9,x5,80000740	  x9:0xfffffff7  x5:0xfffffee1
       11115000	      1110	00000000	00000013	addi	x0,x0,0	  x0:0x00000000
       11125000	      1111	8000073c	00000013	addi	x0,x0,0	  x0:0x00000000
       11135000	      1112	80000740	01c60863	beq	x12,x28,80000750	 x12:0x00000837 x28:0x80009f78
       11145000	      1113	80000744	01c21733	sll	x14,x4,x28	  x4:0x00008fef x28:0x80009f78 x14=0xef000000
       11155000	      1114	80000748	00000013	addi	x0,x0,0	  x0:0x00000000
       11165000	      1115	8000074c	6c840893	addi	x17,x8,1736	  x8:0xffffffe0 x17=0x000006a8
       11175000	      1116	80000750	40fb5533	sra	x10,x22,x15	 x22:0x80000000 x15:0x80000820 x10=0x80000000
       11185000	      1117	80000754	010c00b3	add	x1,x24,x16	 x24:0x00000000 x16:0x00000000  x1=0x00000000
       11195000	      1118	80000758	016d9633	sll	x12,x27,x22	 x27:0x00000000 x22:0x80000000 x12=0x00000000
       11205000	      1119	8000075c	01c2c463	blt	x5,x28,80000764	  x5:0xfffffee1 x28:0x80009f78
       11215000	      1120	80000760	01b68d33	add	x26,x13,x27	 x13:0x6ae826d4 x27:0x00000000 x26=0x6ae826d4
       11225000	      1121	80000764	40e554b3	sra	x9,x10,x14	 x10:0x80000000 x14:0xef000000  x9=0x80000000
       11235000	      1122	80000768	a03e1497	auipc	x9,0xa03e1	  x9=0x203e1764
       11245000	      1123	8000076c	004e2083	lw	x1,4(x28)	 x28:0x80009f78  x1=0x8000042c PA:0x80009f7c
       11255000	      1124	80000770	00280433	add	x8,x16,x2	 x16:0x00000000  x2:0xa0cf76d0  x8=0xa0cf76d0
       11265000	      1125	80000774	01132d33	slt	x26,x6,x17	  x6:0x0fb5c6bc x17:0x000006a8 x26=0x00000000
       11275000	      1126	80000778	014e65b3	or	x11,x28,x20	 x28:0x80009f78 x20:0x00000001 x11=0x80009f79
       11285000	      1127	8000077c	012d2c33	slt	x24,x26,x18	 x26:0x00000000 x18:0x00000001 x24=0x00000001
       11295000	      1128	80000780	00f06a33	or	x20,x0,x15	  x0:0x00000000 x15:0x80000820 x20=0x80000820
       11305000	      1129	80000784	004f7a33	and	x20,x30,x4	 x30:0x00000000  x4:0x00008fef x20=0x00000000
       11315000	      1130	80000788	001cec33	or	x24,x25,x1	 x25:0x80009d60  x1:0x8000042c x24=0x80009d6c
       11325000	      1131	8000078c	0141d633	srl	x12,x3,x20	  x3:0xfb840000 x20:0x00000000 x12=0xfb840000
       11335000	      1132	80000790	00ce0e13	addi	x28,x28,12	 x28:0x80009f78 x28=0x80009f84
       11345000	      1133	80000794	003cacb3	slt	x25,x25,x3	 x25:0x80009d60  x3:0xfb840000 x25=0x00000001
       11355000	      1134	80000798	00108613	addi	x12,x1,1	  x1:0x8000042c x12=0x8000042d
       11365000	      1135	8000079c	00060667	jalr	x12,x12,0	 x12:0x8000042d x12=0x8000079c
       11375000	      1136	00000000	00000013	addi	x0,x0,0	  x0:0x00000000
       11385000	      1137	8000042c	00000013	addi	x0,x0,0	  x0:0x00000000
       11395000	      1138	80000430	7e83f213	andi	x4,x7,2024	  x7:0x00000000  x4=0x00000000
       11405000	      1139	80000434	013dd113	srli	x2,x27,0x13	 x27:0x00000000  x2=0x00000000
       11415000	      1140	80000438	902c1817	auipc	x16,0x902c1	 x16=0x102c1434
       11425000	      1141	8000043c	00565a33	srl	x20,x12,x5	 x12:0x8000079c  x5:0xfffffee1 x20=0x400003ce
       11435000	      1142	80000440	006ad033	srl	x0,x21,x6	 x21:0xffee1000  x6:0x0fb5c6bc
       11445000	      1143	80000444	007ee933	or	x18,x29,x7	 x29:0x80009fc4  x7:0x00000000 x18=0x80009fc4
       11455000	      1144	80000448	71e89897	auipc	x17,0x71e89	 x17=0xf1e89444
       11465000	      1145	8000044c	85733c13	sltiu	x24,x6,-1961	  x6:0x0fb5c6bc x24=0x00000001
       11475000	      1146	80000450	ffbc7d93	andi	x27,x24,-5	 x24:0x00000001 x27=0x00000001
       11485000	      1147	80000454	5035a093	slti	x1,x11,1283	 x11:0x80009f79  x1=0x00000001
       11495000	      1148	80000458	29de4393	xori	x7,x28,669	 x28:0x80009f84  x7=0x80009d19
       11505000	      1149	8000045c	28a07937	lui	x18,0x28a07	 x18=0x28a07000
       11515000	      1150	80000460	02206463	bltu	x0,x2,80000488	  x0:0x00000000  x2:0x00000000
       11525000	      1151	80000464	b8525017	auipc	x0,0xb8525	
       11535000	      1152	80000468	cabfa597	auipc	x11,0xcabfa	 x11=0x4abfa464
       11545000	      1153	8000046c	b9564893	xori	x17,x12,-1131	 x12:0x8000079c x17=0x7ffffc09
       11555000	      1154	80000470	41638133	sub	x2,x7,x22	  x7:0x80009d19 x22:0x80000000  x2=0x00009d19
       11565000	      1155	80000474	00320fb3	add	x31,x4,x3	  x4:0x00000000  x3:0xfb840000 x31=0xfb840000
       11575000	      1156	80000478	00561333	sll	x6,x12,x5	 x12:0x8000079c  x5:0xfffffee1  x6=0x00000f38
       11585000	      1157	8000047c	05c50663	beq	x10,x28,800004c8	 x10:0x80000000 x28:0x80009f84
       11595000	      1158	80000480	006ed733	srl	x14,x29,x6	 x29:0x80009fc4  x6:0x00000f38 x14=0x00000080
       11605000	      1159	80000484	0030acb3	slt	x25,x1,x3	  x1:0x00000001  x3:0xfb840000 x25=0x00000000
       11615000	      1160	80000488	006178b3	and	x17,x2,x6	  x2:0x00009d19  x6:0x00000f38 x17=0x00000d18
       11625000	      1161	8000048c	00ced5b3	srl	x11,x29,x12	 x29:0x80009fc4 x12:0x8000079c x11=0x00000008
       11635000	      1162	80000490	84015a37	lui	x20,0x84015	 x20=0x84015000
       11645000	      1163	80000494	4b098813	addi	x16,x19,1200	 x19:0xfffffff3 x16=0x000004a3
       11655000	      1164	80000498	025c5863	bge	x24,x5,800004c8	 x24:0x00000001  x5:0xfffffee1
       11665000	      1165	00000000	00000013	addi	x0,x0,0	  x0:0x00000000
       11675000	      1166	800004c4	00000013	addi	x0,x0,0	  x0:0x00000000
       11685000	      1167	800004c8	00ac4ab3	xor	x21,x24,x10	 x24:0x00000001 x10:0x80000000 x21=0x80000001
       11695000	      1168	800004cc	02a68663	beq	x13,x10,800004f8	 x13:0x6ae826d4 x10:0x80000000
       11705000	      1169	800004d0	87bcc113	xori	x2,x25,-1925	 x25:0x00000000  x2=0xfffff87b
       11715000	      1170	800004d4	cf3ba037	lui	x0,0xcf3ba	
       11725000	      1171	800004d8	feb075b7	lui	x11,0xfeb07	 x11=0xfeb07000
       11735000	      1172	800004dc	00968cb3	add	x25,x13,x9	 x13:0x6ae826d4  x9:0x203e1764 x25=0x8b263e38
       11745000	      1173	800004e0	40635c13	srai	x24,x6,0x6	  x6:0x00000f38 x24=0x0000003c
       11755000	      1174	800004e4	01288733	add	x14,x17,x18	 x17:0x00000d18 x18:0x28a07000 x14=0x28a07d18
       11765000	      1175	800004e8	00000013	addi	x0,x0,0	  x0:0x00000000
       11775000	      1176	800004ec	8dcdf993	andi	x19,x27,-1828	 x27:0x00000001 x19=0x00000000
       11785000	      1177	800004f0	55756d93	ori	x27,x10,1367	 x10:0x80000000 x27=0x80000557
       11795000	      1178	800004f4	018b0463	beq	x22,x24,800004fc	 x22:0x80000000 x24:0x0000003c
       11805000	      1179	800004f8	00000013	addi	x0,x0,0	  x0:0x00000000
       11815000	      1180	800004fc	01f01793	slli	x15,x0,0x1f	  x0:0x00000000 x15=0x00000000
       11825000	      1181	80000500	01acaab3	slt	x21,x25,x26	 x25:0x8b263e38 x26:0x00000000 x21=0x00000001
       11835000	      1182	80000504	01742bb3	slt	x23,x8,x23	  x8:0xa0cf76d0 x23:0x000001b5 x23=0x00000001
       11845000	      1183	80000508	b882b697	auipc	x13,0xb882b	 x13=0x3882b504
       11855000	      1184	8000050c	01ea5493	srli	x9,x20,0x1e	 x20:0x84015000  x9=0x00000002
       11865000	      1185	80000510	00199233	sll	x4,x19,x1	 x19:0x00000000  x1:0x00000001  x4=0x00000000
       11875000	      1186	80000514	01833033	sltu	x0,x6,x24	  x6:0x00000f38 x24:0x0000003c
       11885000	      1187	80000518	006045b3	xor	x11,x0,x6	  x0:0x00000000  x6:0x00000f38 x11=0x00000f38
       11895000	      1188	8000051c	41060933	sub	x18,x12,x16	 x12:0x8000079c x16:0x000004a3 x18=0x800002f9
       11905000	      1189	80000520	00fda4b7	lui	x9,0xfda	  x9=0x00fda000
       11915000	      1190	80000524	006fef33	or	x30,x31,x6	 x31:0xfb840000  x6:0x00000f38 x30=0xfb840f38
       11925000	      1191	80000528	04368d13	addi	x26,x13,67	 x13:0x3882b504 x26=0x3882b547
       11935000	      1192	8000052c	418587b3	sub	x15,x11,x24	 x11:0x00000f38 x24:0x0000003c x15=0x00000efc
       11945000	      1193	80000530	00e2c033	xor	x0,x5,x14	  x5:0xfffffee1 x14:0x28a07d18
       11955000	      1194	80000534	01e21413	slli	x8,x4,0x1e	  x4:0x00000000  x8=0x00000000
       11965000	      1195	80000538	01c513b3	sll	x7,x10,x28	 x10:0x80000000 x28:0x80009f84  x7=0x00000000
       11975000	      1196	8000053c	50d3aa93	slti	x21,x7,1293	  x7:0x00000000 x21=0x00000001
       11985000	      1197	80000540	01e87cb3	and	x25,x16,x30	 x16:0x000004a3 x30:0xfb840f38 x25=0x00000420
       11995000	      1198	80000544	01887633	and	x12,x16,x24	 x16:0x000004a3 x24:0x0000003c x12=0x00000020
       12005000	      1199	80000548	02350263	beq	x10,x3,8000056c	 x10:0x80000000  x3:0xfb840000
       12015000	      1200	8000054c	350e8017	auipc	x0,0x350e8	
       12025000	      1201	80000550	943cff93	andi	x31,x25,-1725	 x25:0x00000420 x31=0x00000000
       12035000	      1202	80000554	00c11233	sll	x4,x2,x12	  x2:0xfffff87b x12:0x00000020  x4=0xfffff87b
       12045000	      1203	80000558	01774463	blt	x14,x23,80000560	 x14:0x28a07d18 x23:0x00000001
       12055000	      1204	8000055c	00bf5493	srli	x9,x30,0xb	 x30:0xfb840f38  x9=0x001f7081
       12065000	      1205	80000560	b8d62893	slti	x17,x12,-1139	 x12:0x00000020 x17=0x00000000
       12075000	      1206	80000564	7dc76693	ori	x13,x14,2012	 x14:0x28a07d18 x13=0x28a07fdc
       12085000	      1207	80000568	011106b3	add	x13,x2,x17	  x2:0xfffff87b x17:0x00000000 x13=0xfffff87b
       12095000	      1208	8000056c	004dd633	srl	x12,x27,x4	 x27:0x80000557  x4:0xfffff87b x12=0x00000010
       12105000	      1209	80000570	00000b17	auipc	x22,0x0	 x22=0x8000056c
       12115000	      1210	80000574	00cb0b13	addi	x22,x22,12	 x22:0x8000056c x22=0x80000578
       12125000	      1211	80000578	000b0067	jalr	x0,x22,0	 x22:0x80000578
       12135000	      1212	00000000	00000013	addi	x0,x0,0	  x0:0x00000000
       12145000	      1213	80000578	00000013	addi	x0,x0,0	  x0:0x00000000
       12155000	      1214	8000057c	00100193	addi	x3,x0,1	  x0:0x00000000  x3=0x00000001
       12165000	      1215	80000580	00000073	ecall	
       12175000	      1216	80000584	00000013	addi	x0,x0,0	  x0:0x00000000
