		Time			Cycle	PC		Insn	Decoded instruction	Register and memory contents
          65000	         5	80000004	00000293	addi	x5,x0,0	  x0:0x00000000  x5=0x00000000
          75000	         6	80000008	00000313	addi	x6,x0,0	  x0:0x00000000  x6=0x00000000
          85000	         7	8000000c	00628263	beq	x5,x6,80000010	  x5:0x00000000  x6:0x00000000
          95000	         8	00000000	00000013	addi	x0,x0,0	  x0:0x00000000
         105000	         9	8000000c	00000013	addi	x0,x0,0	  x0:0x00000000
         115000	        10	80000010	00000f17	auipc	x30,0x0	 x30=0x8000000c
         125000	        11	80000014	00cf0f13	addi	x30,x30,12	 x30:0x8000000c x30=0x80000018
         135000	        12	80000018	000f0067	jalr	x0,x30,0	 x30:0x80000018
         145000	        13	00000000	00000013	addi	x0,x0,0	  x0:0x00000000
         155000	        14	80000018	00000013	addi	x0,x0,0	  x0:0x00000000
         165000	        15	8000001c	40000137	lui	x2,0x40000	  x2=0x40000000
         175000	        16	80000020	10010113	addi	x2,x2,256	  x2:0x40000000  x2=0x40000100
         185000	        17	80000024	00000013	addi	x0,x0,0	  x0:0x00000000
         195000	        18	80000028	0000a897	auipc	x17,0xa	 x17=0x8000a024
         205000	        19	8000002c	fa088893	addi	x17,x17,-96	 x17:0x8000a024 x17=0x80009fc4
         215000	        20	80000030	00007117	auipc	x2,0x7	  x2=0x8000702c
         225000	        21	80000034	4b410113	addi	x2,x2,1204	  x2:0x8000702c  x2=0x800074e0
         235000	        22	80000038	00116113	ori	x2,x2,1	  x2:0x800074e0  x2=0x800074e1
         245000	        23	8000003c	00000013	addi	x0,x0,0	  x0:0x00000000
         255000	        24	80000040	00000117	auipc	x2,0x0	  x2=0x8000003c
         265000	        25	80000044	02010113	addi	x2,x2,32	  x2:0x8000003c  x2=0x8000005c
         275000	        26	80000048	00000013	addi	x0,x0,0	  x0:0x00000000
         285000	        27	8000004c	00000013	addi	x0,x0,0	  x0:0x00000000
         295000	        28	80000050	00002137	lui	x2,0x2	  x2=0x00002000
         305000	        29	80000054	80010113	addi	x2,x2,-2048	  x2:0x00002000  x2=0x00001800
         315000	        30	80000058	00000013	addi	x0,x0,0	  x0:0x00000000
         325000	        31	8000005c	00000013	addi	x0,x0,0	  x0:0x00000000
         335000	        32	80000060	00000013	addi	x0,x0,0	  x0:0x00000000
         345000	        33	80000064	492e00b7	lui	x1,0x492e0	  x1=0x492e0000
         355000	        34	80000068	c7908093	addi	x1,x1,-903	  x1:0x492e0000  x1=0x492dfc79
         365000	        35	8000006c	00000113	addi	x2,x0,0	  x0:0x00000000  x2=0x00000000
         375000	        36	80000070	00000193	addi	x3,x0,0	  x0:0x00000000  x3=0x00000000
         385000	        37	80000074	00800213	addi	x4,x0,8	  x0:0x00000000  x4=0x00000008
         395000	        38	80000078	800002b7	lui	x5,0x80000	  x5=0x80000000
         405000	        39	8000007c	fb90f337	lui	x6,0xfb90f	  x6=0xfb90f000
         415000	        40	80000080	b5230313	addi	x6,x6,-1198	  x6:0xfb90f000  x6=0xfb90eb52
         425000	        41	80000084	00000393	addi	x7,x0,0	  x0:0x00000000  x7=0x00000000
         435000	        42	80000088	00000413	addi	x8,x0,0	  x0:0x00000000  x8=0x00000000
         445000	        43	8000008c	800004b7	lui	x9,0x80000	  x9=0x80000000
         455000	        44	80000090	00400513	addi	x10,x0,4	  x0:0x00000000 x10=0x00000004
         465000	        45	80000094	00000593	addi	x11,x0,0	  x0:0x00000000 x11=0x00000000
         475000	        46	80000098	00000613	addi	x12,x0,0	  x0:0x00000000 x12=0x00000000
         485000	        47	8000009c	f6db76b7	lui	x13,0xf6db7	 x13=0xf6db7000
         495000	        48	800000a0	55f68693	addi	x13,x13,1375	 x13:0xf6db7000 x13=0xf6db755f
         505000	        49	800000a4	f2e2c7b7	lui	x15,0xf2e2c	 x15=0xf2e2c000
         515000	        50	800000a8	63678793	addi	x15,x15,1590	 x15:0xf2e2c000 x15=0xf2e2c636
         525000	        51	800000ac	00900813	addi	x16,x0,9	  x0:0x00000000 x16=0x00000009
         535000	        52	800000b0	80000937	lui	x18,0x80000	 x18=0x80000000
         545000	        53	800000b4	ff1969b7	lui	x19,0xff196	 x19=0xff196000
         555000	        54	800000b8	81098993	addi	x19,x19,-2032	 x19:0xff196000 x19=0xff195810
         565000	        55	800000bc	00000a13	addi	x20,x0,0	  x0:0x00000000 x20=0x00000000
         575000	        56	800000c0	00000a93	addi	x21,x0,0	  x0:0x00000000 x21=0x00000000
         585000	        57	800000c4	00a00b13	addi	x22,x0,10	  x0:0x00000000 x22=0x0000000a
         595000	        58	800000c8	f0b82bb7	lui	x23,0xf0b82	 x23=0xf0b82000
         605000	        59	800000cc	fb9b8b93	addi	x23,x23,-71	 x23:0xf0b82000 x23=0xf0b81fb9
         615000	        60	800000d0	00000c13	addi	x24,x0,0	  x0:0x00000000 x24=0x00000000
         625000	        61	800000d4	00a00c93	addi	x25,x0,10	  x0:0x00000000 x25=0x0000000a
         635000	        62	800000d8	00b00d13	addi	x26,x0,11	  x0:0x00000000 x26=0x0000000b
         645000	        63	800000dc	00600d93	addi	x27,x0,6	  x0:0x00000000 x27=0x00000006
         655000	        64	800000e0	00000e13	addi	x28,x0,0	  x0:0x00000000 x28=0x00000000
         665000	        65	800000e4	00300e93	addi	x29,x0,3	  x0:0x00000000 x29=0x00000003
         675000	        66	800000e8	00000f13	addi	x30,x0,0	  x0:0x00000000 x30=0x00000000
         685000	        67	800000ec	4d511fb7	lui	x31,0x4d511	 x31=0x4d511000
         695000	        68	800000f0	6bbf8f93	addi	x31,x31,1723	 x31:0x4d511000 x31=0x4d5116bb
         705000	        69	800000f4	0000a717	auipc	x14,0xa	 x14=0x8000a0f0
         715000	        70	800000f8	e9470713	addi	x14,x14,-364	 x14:0x8000a0f0 x14=0x80009f84
         725000	        71	800000fc	00009117	auipc	x2,0x9	  x2=0x800090f8
         735000	        72	80000100	83910113	addi	x2,x2,-1991	  x2:0x800090f8  x2=0x80008931
         745000	        73	80000104	fe810423	sb	x8,-24(x2)	  x2:0x80008931  x8:0x00000000 PA:0x80008919
         755000	        74	80000108	01473033	sltu	x0,x14,x20	 x14:0x80009f84 x20:0x00000000
         765000	        75	8000010c	00410903	lb	x18,4(x2)	  x2:0x80008931 x18=0xffffffc7 PA:0x80008935
         775000	        76	80000110	40dd5093	srai	x1,x26,0xd	 x26:0x0000000b  x1=0x00000000
         785000	        77	80000114	01911603	lh	x12,25(x2)	  x2:0x80008931 x12=0x00007316 PA:0x8000894a
         795000	        78	80000118	ff010303	lb	x6,-16(x2)	  x2:0x80008931  x6=0xfffffff7 PA:0x80008921
         805000	        79	8000011c	007040b3	xor	x1,x0,x7	  x0:0x00000000  x7:0x00000000  x1=0x00000000
         815000	        80	80000120	fcd10c23	sb	x13,-40(x2)	  x2:0x80008931 x13:0xf6db755f PA:0x80008909
         825000	        81	80000124	0122b7b3	sltu	x15,x5,x18	  x5:0x80000000 x18:0xffffffc7 x15=0x00000001
         835000	        82	80000128	006fafb3	slt	x31,x31,x6	 x31:0x4d5116bb  x6:0xfffffff7 x31=0x00000000
         845000	        83	8000012c	00e945b3	xor	x11,x18,x14	 x18:0xffffffc7 x14:0x80009f84 x11=0x7fff6043
         855000	        84	80000130	02214583	lbu	x11,34(x2)	  x2:0x80008931 x11=0x00000026 PA:0x80008953
         865000	        85	80000134	038118a3	sh	x24,49(x2)	  x2:0x80008931 x24:0x00000000 PA:0x80008962
         875000	        86	80000138	6d108d13	addi	x26,x1,1745	  x1:0x00000000 x26=0x000006d1
         885000	        87	8000013c	fed15183	lhu	x3,-19(x2)	  x2:0x80008931  x3=0x0000ce2c PA:0x8000891e
         895000	        88	80000140	63677313	andi	x6,x14,1590	 x14:0x80009f84  x6=0x00000604
         905000	        89	80000144	3c4e2413	slti	x8,x28,964	 x28:0x00000000  x8=0x00000001
         915000	        90	80000148	017af5b3	and	x11,x21,x23	 x21:0x00000000 x23:0xf0b81fb9 x11=0x00000000
         925000	        91	8000014c	fef10423	sb	x15,-24(x2)	  x2:0x80008931 x15:0x00000001 PA:0x80008919
         935000	        92	80000150	18e2bd13	sltiu	x26,x5,398	  x5:0x80000000 x26=0x00000000
         945000	        93	80000154	ff114d03	lbu	x26,-15(x2)	  x2:0x80008931 x26=0x000000be PA:0x80008922
         955000	        94	80000158	fc010303	lb	x6,-64(x2)	  x2:0x80008931  x6=0x0000005f PA:0x800088f1
         965000	        95	8000015c	fe910b83	lb	x23,-23(x2)	  x2:0x80008931 x23=0x00000055 PA:0x8000891a
         975000	        96	80000160	01111303	lh	x6,17(x2)	  x2:0x80008931  x6=0xffff9ff1 PA:0x80008942
         985000	        97	80000164	01b10d23	sb	x27,26(x2)	  x2:0x80008931 x27:0x00000006 PA:0x8000894b
         995000	        98	80000168	01793433	sltu	x8,x18,x23	 x18:0xffffffc7 x23:0x00000055  x8=0x00000000
        1005000	        99	8000016c	fda14083	lbu	x1,-38(x2)	  x2:0x80008931  x1=0x00000059 PA:0x8000890b
        1015000	       100	80000170	01e10b03	lb	x22,30(x2)	  x2:0x80008931 x22=0x00000073 PA:0x8000894f
        1025000	       101	80000174	00195213	srli	x4,x18,0x1	 x18:0xffffffc7  x4=0x7fffffe3
        1035000	       102	80000178	fda10623	sb	x26,-52(x2)	  x2:0x80008931 x26:0x000000be PA:0x800088fd
        1045000	       103	8000017c	04bf8213	addi	x4,x31,75	 x31:0x00000000  x4=0x0000004b
        1055000	       104	80000180	01b127a3	sw	x27,15(x2)	  x2:0x80008931 x27:0x00000006 PA:0x80008940
        1065000	       105	80000184	2477e493	ori	x9,x15,583	 x15:0x00000001  x9=0x00000247
        1075000	       106	80000188	00000013	addi	x0,x0,0	  x0:0x00000000
        1085000	       107	8000018c	03a10a03	lb	x20,58(x2)	  x2:0x80008931 x20=0x0000003d PA:0x8000896b
        1095000	       108	80000190	edafa613	slti	x12,x31,-294	 x31:0x00000000 x12=0x00000000
        1105000	       109	80000194	d4d1dab7	lui	x21,0xd4d1d	 x21=0xd4d1d000
        1115000	       110	80000198	6e15bf97	auipc	x31,0x6e15b	 x31=0xee15b194
        1125000	       111	8000019c	00312f83	lw	x31,3(x2)	  x2:0x80008931 x31=0x8e00c786 PA:0x80008934
        1135000	       112	800001a0	00008117	auipc	x2,0x8	  x2=0x8000819c
        1145000	       113	800001a4	77f10113	addi	x2,x2,1919	  x2:0x8000819c  x2=0x8000891b
        1155000	       114	800001a8	00b10183	lb	x3,11(x2)	  x2:0x8000891b  x3=0x0000007e PA:0x80008926
        1165000	       115	800001ac	402d5413	srai	x8,x26,0x2	 x26:0x000000be  x8=0x0000002f
        1175000	       116	800001b0	00315683	lhu	x13,3(x2)	  x2:0x8000891b x13=0x0000ce2c PA:0x8000891e
        1185000	       117	800001b4	010b17b3	sll	x15,x22,x16	 x22:0x00000073 x16:0x00000009 x15=0x0000e600
        1195000	       118	800001b8	00bd24b3	slt	x9,x26,x11	 x26:0x000000be x11:0x00000000  x9=0x00000000
        1205000	       119	800001bc	0199c5b3	xor	x11,x19,x25	 x19:0xff195810 x25:0x0000000a x11=0xff19581a
        1215000	       120	800001c0	006cb7b3	sltu	x15,x25,x6	 x25:0x0000000a  x6:0xffff9ff1 x15=0x00000001
        1225000	       121	800001c4	003cbeb3	sltu	x29,x25,x3	 x25:0x0000000a  x3:0x0000007e x29=0x00000001
        1235000	       122	800001c8	03a10583	lb	x11,58(x2)	  x2:0x8000891b x11=0xffffffcd PA:0x80008955
        1245000	       123	800001cc	ff914783	lbu	x15,-7(x2)	  x2:0x8000891b x15=0x00000031 PA:0x80008914
        1255000	       124	800001d0	fff14c83	lbu	x25,-1(x2)	  x2:0x8000891b x25=0x00000055 PA:0x8000891a
        1265000	       125	800001d4	311262b7	lui	x5,0x31126	  x5=0x31126000
        1275000	       126	800001d8	fe310723	sb	x3,-18(x2)	  x2:0x8000891b  x3:0x0000007e PA:0x80008909
        1285000	       127	800001dc	47740f93	addi	x31,x8,1143	  x8:0x0000002f x31=0x000004a6
        1295000	       128	800001e0	01518a33	add	x20,x3,x21	  x3:0x0000007e x21:0xd4d1d000 x20=0xd4d1d07e
        1305000	       129	800001e4	b0046e93	ori	x29,x8,-1280	  x8:0x0000002f x29=0xfffffb2f
        1315000	       130	800001e8	a3180b93	addi	x23,x16,-1487	 x16:0x00000009 x23=0xfffffa3a
        1325000	       131	800001ec	9d996e13	ori	x28,x18,-1575	 x18:0xffffffc7 x28=0xffffffdf
        1335000	       132	800001f0	ffb11603	lh	x12,-5(x2)	  x2:0x8000891b x12=0x0000722e PA:0x80008916
        1345000	       133	800001f4	ffd10a23	sb	x29,-12(x2)	  x2:0x8000891b x29:0xfffffb2f PA:0x8000890f
        1355000	       134	800001f8	00000013	addi	x0,x0,0	  x0:0x00000000
        1365000	       135	800001fc	02114c03	lbu	x24,33(x2)	  x2:0x8000891b x24=0x00000049 PA:0x8000893c
        1375000	       136	80000200	ffa14983	lbu	x19,-6(x2)	  x2:0x8000891b x19=0x0000005d PA:0x80008915
        1385000	       137	80000204	00000013	addi	x0,x0,0	  x0:0x00000000
        1395000	       138	80000208	cb8dab13	slti	x22,x27,-840	 x27:0x00000006 x22=0x00000000
        1405000	       139	8000020c	94877813	andi	x16,x14,-1720	 x14:0x80009f84 x16=0x80009900
        1415000	       140	80000210	00733db3	sltu	x27,x6,x7	  x6:0xffff9ff1  x7:0x00000000 x27=0x00000000
        1425000	       141	80000214	0094bcb3	sltu	x25,x9,x9	  x9:0x00000000  x9:0x00000000 x25=0x00000000
        1435000	       142	80000218	01010ba3	sb	x16,23(x2)	  x2:0x8000891b x16:0x80009900 PA:0x80008932
        1445000	       143	8000021c	fd810383	lb	x7,-40(x2)	  x2:0x8000891b  x7=0xffffffa8 PA:0x800088f3
        1455000	       144	80000220	01debe33	sltu	x28,x29,x29	 x29:0xfffffb2f x29:0xfffffb2f x28=0x00000000
        1465000	       145	80000224	83456513	ori	x10,x10,-1996	 x10:0x00000004 x10=0xfffff834
        1475000	       146	80000228	4095d493	srai	x9,x11,0x9	 x11:0xffffffcd  x9=0xffffffff
        1485000	       147	8000022c	025124a3	sw	x5,41(x2)	  x2:0x8000891b  x5:0x31126000 PA:0x80008944
        1495000	       148	80000230	00009317	auipc	x6,0x9	  x6=0x8000922c
        1505000	       149	80000234	a0630313	addi	x6,x6,-1530	  x6:0x8000922c  x6=0x80008c32
        1515000	       150	80000238	3aa34203	lbu	x4,938(x6)	  x6:0x80008c32  x4=0x000000d3 PA:0x80008fdc
        1525000	       151	8000023c	26a31183	lh	x3,618(x6)	  x6:0x80008c32  x3=0x00001609 PA:0x80008e9c
        1535000	       152	80000240	00181c33	sll	x24,x16,x1	 x16:0x80009900  x1:0x00000059 x24=0x00000000
        1545000	       153	80000244	0169efb3	or	x31,x19,x22	 x19:0x0000005d x22:0x00000000 x31=0x0000005d
        1555000	       154	80000248	f2130d23	sb	x1,-198(x6)	  x6:0x80008c32  x1:0x00000059 PA:0x80008b6c
        1565000	       155	8000024c	fe5302a3	sb	x5,-27(x6)	  x6:0x80008c32  x5:0x31126000 PA:0x80008c17
        1575000	       156	80000250	001e6833	or	x16,x28,x1	 x28:0x00000000  x1:0x00000059 x16=0x00000059
        1585000	       157	80000254	004834b3	sltu	x9,x16,x4	 x16:0x00000059  x4:0x000000d3  x9=0x00000001
        1595000	       158	80000258	97262c13	slti	x24,x12,-1678	 x12:0x0000722e x24=0x00000000
        1605000	       159	8000025c	014364b3	or	x9,x6,x20	  x6:0x80008c32 x20:0xd4d1d07e  x9=0xd4d1dc7e
        1615000	       160	80000260	176309a3	sb	x22,371(x6)	  x6:0x80008c32 x22:0x00000000 PA:0x80008da5
        1625000	       161	80000264	d4631b83	lh	x23,-698(x6)	  x6:0x80008c32 x23=0x00003e06 PA:0x80008978
        1635000	       162	80000268	17134d83	lbu	x27,369(x6)	  x6:0x80008c32 x27=0x000000c3 PA:0x80008da3
        1645000	       163	8000026c	bf9a6613	ori	x12,x20,-1031	 x20:0xd4d1d07e x12=0xfffffbff
        1655000	       164	80000270	25730383	lb	x7,599(x6)	  x6:0x80008c32  x7=0x0000005a PA:0x80008e89
        1665000	       165	80000274	61c33813	sltiu	x16,x6,1564	  x6:0x80008c32 x16=0x00000000
        1675000	       166	80000278	11ac19b7	lui	x19,0x11ac1	 x19=0x11ac1000
        1685000	       167	8000027c	3deace13	xori	x28,x21,990	 x21:0xd4d1d000 x28=0xd4d1d3de
        1695000	       168	80000280	5ed7c213	xori	x4,x15,1517	 x15:0x00000031  x4=0x000005dc
        1705000	       169	80000284	32835983	lhu	x19,808(x6)	  x6:0x80008c32 x19=0x00005113 PA:0x80008f5a
        1715000	       170	80000288	89058837	lui	x16,0x89058	 x16=0x89058000
        1725000	       171	8000028c	002574b3	and	x9,x10,x2	 x10:0xfffff834  x2:0x8000891b  x9=0x80008810
        1735000	       172	80000290	ddb30e83	lb	x29,-549(x6)	  x6:0x80008c32 x29=0x00000073 PA:0x80008a0d
        1745000	       173	00000000	00000013	addi	x0,x0,0	  x0:0x00000000
        1755000	       174	80000294	07d30b03	lb	x22,125(x6)	  x6:0x80008c32 x22=0xffffffa1 PA:0x80008caf
        1765000	       175	80000298	00000013	addi	x0,x0,0	  x0:0x00000000
        1775000	       176	8000029c	bf134b83	lbu	x23,-1039(x6)	  x6:0x80008c32 x23=0x00000020 PA:0x80008823
        1785000	       177	800002a0	62c30b13	addi	x22,x6,1580	  x6:0x80008c32 x22=0x8000925e
        1795000	       178	800002a4	35637e13	andi	x28,x6,854	  x6:0x80008c32 x28=0x00000012
        1805000	       179	800002a8	b28a74b7	lui	x9,0xb28a7	  x9=0xb28a7000
        1815000	       180	800002ac	c8b30803	lb	x16,-885(x6)	  x6:0x80008c32 x16=0x00000030 PA:0x800088bd
        1825000	       181	800002b0	91790017	auipc	x0,0x91790	
        1835000	       182	800002b4	4cda2193	slti	x3,x20,1229	 x20:0xd4d1d07e  x3=0x00000001
        1845000	       183	800002b8	4fbcc537	lui	x10,0x4fbcc	 x10=0x4fbcc000
        1855000	       184	800002bc	22b34183	lbu	x3,555(x6)	  x6:0x80008c32  x3=0x0000004e PA:0x80008e5d
        1865000	       185	800002c0	e4230603	lb	x12,-446(x6)	  x6:0x80008c32 x12=0x00000009 PA:0x80008a74
        1875000	       186	800002c4	418fd1b3	sra	x3,x31,x24	 x31:0x0000005d x24:0x00000000  x3=0x0000005d
        1885000	       187	800002c8	db631283	lh	x5,-586(x6)	  x6:0x80008c32  x5=0x000046dd PA:0x800089e8
        1895000	       188	800002cc	f7f30803	lb	x16,-129(x6)	  x6:0x80008c32 x16=0x00000012 PA:0x80008bb1
        1905000	       189	800002d0	00000013	addi	x0,x0,0	  x0:0x00000000
        1915000	       190	800002d4	eb030723	sb	x16,-338(x6)	  x6:0x80008c32 x16:0x00000012 PA:0x80008ae0
        1925000	       191	800002d8	415b0433	sub	x8,x22,x21	 x22:0x8000925e x21:0xd4d1d000  x8=0xab2ec25e
        1935000	       192	800002dc	009a1233	sll	x4,x20,x9	 x20:0xd4d1d07e  x9:0xb28a7000  x4=0xd4d1d07e
        1945000	       193	800002e0	775d0d13	addi	x26,x26,1909	 x26:0x000000be x26=0x00000833
        1955000	       194	800002e4	fc830ca3	sb	x8,-39(x6)	  x6:0x80008c32  x8:0xab2ec25e PA:0x80008c0b
        1965000	       195	800002e8	d8430a83	lb	x21,-636(x6)	  x6:0x80008c32 x21=0xffffff92 PA:0x800089b6
        1975000	       196	800002ec	cf434c03	lbu	x24,-780(x6)	  x6:0x80008c32 x24=0x0000007e PA:0x80008926
        1985000	       197	800002f0	0142ecb3	or	x25,x5,x20	  x5:0x000046dd x20:0xd4d1d07e x25=0xd4d1d6ff
        1995000	       198	800002f4	bf534383	lbu	x7,-1035(x6)	  x6:0x80008c32  x7=0x000000b6 PA:0x80008827
        2005000	       199	800002f8	0139e233	or	x4,x19,x19	 x19:0x00005113 x19:0x00005113  x4=0x00005113
        2015000	       200	800002fc	0b430223	sb	x20,164(x6)	  x6:0x80008c32 x20:0xd4d1d07e PA:0x80008cd6
        2025000	       201	80000300	fcf34283	lbu	x5,-49(x6)	  x6:0x80008c32  x5=0x00000044 PA:0x80008c01
        2035000	       202	80000304	c2630623	sb	x6,-980(x6)	  x6:0x80008c32  x6:0x80008c32 PA:0x8000885e
        2045000	       203	80000308	38034503	lbu	x10,896(x6)	  x6:0x80008c32 x10=0x000000ae PA:0x80008fb2
        2055000	       204	8000030c	26d34b03	lbu	x22,621(x6)	  x6:0x80008c32 x22=0x000000fe PA:0x80008e9f
        2065000	       205	80000310	01745693	srli	x13,x8,0x17	  x8:0xab2ec25e x13=0x00000156
        2075000	       206	80000314	db830083	lb	x1,-584(x6)	  x6:0x80008c32  x1=0xffffffc5 PA:0x800089ea
        2085000	       207	80000318	00613433	sltu	x8,x2,x6	  x2:0x8000891b  x6:0x80008c32  x8=0x00000001
        2095000	       208	8000031c	18730523	sb	x7,394(x6)	  x6:0x80008c32  x7:0x000000b6 PA:0x80008dbc
        2105000	       209	80000320	0090a033	slt	x0,x1,x9	  x1:0xffffffc5  x9:0xb28a7000
        2115000	       210	80000324	f1830c03	lb	x24,-232(x6)	  x6:0x80008c32 x24=0xffffffaa PA:0x80008b4a
        2125000	       211	80000328	00008117	auipc	x2,0x8	  x2=0x80008324
        2135000	       212	8000032c	ee610113	addi	x2,x2,-282	  x2:0x80008324  x2=0x8000820a
        2145000	       213	80000330	00411323	sh	x4,6(x2)	  x2:0x8000820a  x4:0x00005113 PA:0x80008210
        2155000	       214	80000334	ff810303	lb	x6,-8(x2)	  x2:0x8000820a  x6=0xffffffdc PA:0x80008202
        2165000	       215	80000338	01469fb3	sll	x31,x13,x20	 x13:0x00000156 x20:0xd4d1d07e x31=0x80000000
        2175000	       216	8000033c	017de5b3	or	x11,x27,x23	 x27:0x000000c3 x23:0x00000020 x11=0x000000e3
        2185000	       217	80000340	ff614a03	lbu	x20,-10(x2)	  x2:0x8000820a x20=0x000000ff PA:0x80008200
        2195000	       218	80000344	ff610ba3	sb	x22,-9(x2)	  x2:0x8000820a x22:0x000000fe PA:0x80008201
        2205000	       219	80000348	fe012d23	sw	x0,-6(x2)	  x2:0x8000820a  x0:0x00000000 PA:0x80008204
        2215000	       220	8000034c	00110e03	lb	x28,1(x2)	  x2:0x8000820a x28=0xfffffff3 PA:0x8000820b
        2225000	       221	80000350	01f105a3	sb	x31,11(x2)	  x2:0x8000820a x31:0x80000000 PA:0x80008215
        2235000	       222	80000354	fe110e23	sb	x1,-4(x2)	  x2:0x8000820a  x1:0xffffffc5 PA:0x80008206
        2245000	       223	80000358	ff111a23	sh	x17,-12(x2)	  x2:0x8000820a x17:0x80009fc4 PA:0x800081fe
        2255000	       224	8000035c	0046dc13	srli	x24,x13,0x4	 x13:0x00000156 x24=0x00000015
        2265000	       225	80000360	ffd14203	lbu	x4,-3(x2)	  x2:0x8000820a  x4=0x00000000 PA:0x80008207
        2275000	       226	80000364	01ed7c33	and	x24,x26,x30	 x26:0x00000833 x30:0x00000000 x24=0x00000000
        2285000	       227	80000368	fe7108a3	sb	x7,-15(x2)	  x2:0x8000820a  x7:0x000000b6 PA:0x800081fb
        2295000	       228	8000036c	40485013	srai	x0,x16,0x4	 x16:0x00000012
        2305000	       229	80000370	e2f4a637	lui	x12,0xe2f4a	 x12=0xe2f4a000
        2315000	       230	80000374	ff710b03	lb	x22,-9(x2)	  x2:0x8000820a x22=0xfffffffe PA:0x80008201
        2325000	       231	80000378	ffc14a03	lbu	x20,-4(x2)	  x2:0x8000820a x20=0x000000c5 PA:0x80008206
        2335000	       232	8000037c	01311223	sh	x19,4(x2)	  x2:0x8000820a x19:0x00005113 PA:0x8000820e
        2345000	       233	80000380	f7b17093	andi	x1,x2,-133	  x2:0x8000820a  x1=0x8000820a
        2355000	       234	80000384	00d101a3	sb	x13,3(x2)	  x2:0x8000820a x13:0x00000156 PA:0x8000820d
        2365000	       235	80000388	0168c3b3	xor	x7,x17,x22	 x17:0x80009fc4 x22:0xfffffffe  x7=0x7fff603a
        2375000	       236	8000038c	00010c83	lb	x25,0(x2)	  x2:0x8000820a x25=0x00000072 PA:0x8000820a
        2385000	       237	80000390	404f8b33	sub	x22,x31,x4	 x31:0x80000000  x4:0x00000000 x22=0x80000000
        2395000	       238	80000394	00510183	lb	x3,5(x2)	  x2:0x8000820a  x3=0x00000051 PA:0x8000820f
        2405000	       239	80000398	00402233	slt	x4,x0,x4	  x0:0x00000000  x4:0x00000000  x4=0x00000000
        2415000	       240	8000039c	00914d03	lbu	x26,9(x2)	  x2:0x8000820a x26=0x000000e8 PA:0x80008213
        2425000	       241	800003a0	00b10b83	lb	x23,11(x2)	  x2:0x8000820a x23=0x00000000 PA:0x80008215
        2435000	       242	800003a4	00514603	lbu	x12,5(x2)	  x2:0x8000820a x12=0x00000051 PA:0x8000820f
        2445000	       243	800003a8	ffa10a83	lb	x21,-6(x2)	  x2:0x8000820a x21=0x00000000 PA:0x80008204
        2455000	       244	800003ac	009663b3	or	x7,x12,x9	 x12:0x00000051  x9:0xb28a7000  x7=0xb28a7051
        2465000	       245	800003b0	0129e0b3	or	x1,x19,x18	 x19:0x00005113 x18:0xffffffc7  x1=0xffffffd7
        2475000	       246	800003b4	00791213	slli	x4,x18,0x7	 x18:0xffffffc7  x4=0xffffe380
        2485000	       247	800003b8	a6f54b37	lui	x22,0xa6f54	 x22=0xa6f54000
        2495000	       248	800003bc	00b14c83	lbu	x25,11(x2)	  x2:0x8000820a x25=0x00000000 PA:0x80008215
        2505000	       249	800003c0	186fc013	xori	x0,x31,390	 x31:0x80000000
        2515000	       250	800003c4	0118ba33	sltu	x20,x17,x17	 x17:0x80009fc4 x17:0x80009fc4 x20=0x00000000
        2525000	       251	800003c8	00815c03	lhu	x24,8(x2)	  x2:0x8000820a x24=0x0000e820 PA:0x80008212
        2535000	       252	800003cc	ca46a497	auipc	x9,0xca46a	  x9=0x4a46a3c8
        2545000	       253	800003d0	00815803	lhu	x16,8(x2)	  x2:0x8000820a x16=0x0000e820 PA:0x80008212
        2555000	       254	800003d4	c6b12a93	slti	x21,x2,-917	  x2:0x8000820a x21=0x00000001
        2565000	       255	800003d8	76d43e97	auipc	x29,0x76d43	 x29=0xf6d433d4
        2575000	       256	800003dc	ff714803	lbu	x16,-9(x2)	  x2:0x8000820a x16=0x000000fe PA:0x80008201
        2585000	       257	800003e0	00008117	auipc	x2,0x8	  x2=0x800083dc
        2595000	       258	800003e4	6e510113	addi	x2,x2,1765	  x2:0x800083dc  x2=0x80008ac1
        2605000	       259	800003e8	099119a3	sh	x25,147(x2)	  x2:0x80008ac1 x25:0x00000000 PA:0x80008b54
        2615000	       260	800003ec	175b59b7	lui	x19,0x175b5	 x19=0x175b5000
        2625000	       261	800003f0	012904b3	add	x9,x18,x18	 x18:0xffffffc7 x18:0xffffffc7  x9=0xffffff8e
        2635000	       262	800003f4	00000013	addi	x0,x0,0	  x0:0x00000000
        2645000	       263	800003f8	f2214003	lbu	x0,-222(x2)	  x2:0x80008ac1 PA:0x800089e3
        2655000	       264	800003fc	f1d14003	lbu	x0,-227(x2)	  x2:0x80008ac1 PA:0x800089de
        2665000	       265	80000400	0d312183	lw	x3,211(x2)	  x2:0x80008ac1  x3=0x4ddd3858 PA:0x80008b94
        2675000	       266	80000404	018674b3	and	x9,x12,x24	 x12:0x00000051 x24:0x0000e820  x9=0x00000000
        2685000	       267	80000408	05914d83	lbu	x27,89(x2)	  x2:0x80008ac1 x27=0x00000029 PA:0x80008b1a
        2695000	       268	8000040c	f2d10223	sb	x13,-220(x2)	  x2:0x80008ac1 x13:0x00000156 PA:0x800089e5
        2705000	       269	80000410	01d99433	sll	x8,x19,x29	 x19:0x175b5000 x29:0xf6d433d4  x8=0x00000000
        2715000	       270	80000414	01d11ea3	sh	x29,29(x2)	  x2:0x80008ac1 x29:0xf6d433d4 PA:0x80008ade
        2725000	       271	80000418	016050b3	srl	x1,x0,x22	  x0:0x00000000 x22:0xa6f54000  x1=0x00000000
        2735000	       272	8000041c	416ddb33	sra	x22,x27,x22	 x27:0x00000029 x22:0xa6f54000 x22=0x00000029
        2745000	       273	80000420	0c114203	lbu	x4,193(x2)	  x2:0x80008ac1  x4=0x00000006 PA:0x80008b82
        2755000	       274	80000424	0db10623	sb	x27,204(x2)	  x2:0x80008ac1 x27:0x00000029 PA:0x80008b8d
        2765000	       275	80000428	014f2433	slt	x8,x30,x20	 x30:0x00000000 x20:0x00000000  x8=0x00000000
        2775000	       276	8000042c	01e10183	lb	x3,30(x2)	  x2:0x80008ac1  x3=0x00000033 PA:0x80008adf
        2785000	       277	80000430	01989e13	slli	x28,x17,0x19	 x17:0x80009fc4 x28=0x88000000
        2795000	       278	80000434	08014483	lbu	x9,128(x2)	  x2:0x80008ac1  x9=0x000000ea PA:0x80008b41
        2805000	       279	80000438	08214403	lbu	x8,130(x2)	  x2:0x80008ac1  x8=0x000000d2 PA:0x80008b43
        2815000	       280	8000043c	01410623	sb	x20,12(x2)	  x2:0x80008ac1 x20:0x00000000 PA:0x80008acd
        2825000	       281	80000440	0a410803	lb	x16,164(x2)	  x2:0x80008ac1 x16=0xffffffcc PA:0x80008b65
        2835000	       282	80000444	f3d10083	lb	x1,-195(x2)	  x2:0x80008ac1  x1=0xffffffbf PA:0x800089fe
        2845000	       283	80000448	fb13e793	ori	x15,x7,-79	  x7:0xb28a7051 x15=0xfffffff1
        2855000	       284	8000044c	f3e14a83	lbu	x21,-194(x2)	  x2:0x80008ac1 x21=0x00000073 PA:0x800089ff
        2865000	       285	80000450	09b118a3	sh	x27,145(x2)	  x2:0x80008ac1 x27:0x00000029 PA:0x80008b52
        2875000	       286	80000454	ff111503	lh	x10,-15(x2)	  x2:0x80008ac1 x10=0x000026a7 PA:0x80008ab2
        2885000	       287	80000458	ffe10203	lb	x4,-2(x2)	  x2:0x80008ac1  x4=0x0000002b PA:0x80008abf
        2895000	       288	8000045c	f8910623	sb	x9,-116(x2)	  x2:0x80008ac1  x9:0x000000ea PA:0x80008a4d
        2905000	       289	80000460	015cd193	srli	x3,x25,0x15	 x25:0x00000000  x3=0x00000000
        2915000	       290	80000464	00c21013	slli	x0,x4,0xc	  x4:0x0000002b
        2925000	       291	80000468	f4d14a03	lbu	x20,-179(x2)	  x2:0x80008ac1 x20=0x00000028 PA:0x80008a0e
        2935000	       292	8000046c	f7710f23	sb	x23,-130(x2)	  x2:0x80008ac1 x23:0x00000000 PA:0x80008a3f
        2945000	       293	80000470	0c614d03	lbu	x26,198(x2)	  x2:0x80008ac1 x26=0x00000019 PA:0x80008b87
        2955000	       294	80000474	07310223	sb	x19,100(x2)	  x2:0x80008ac1 x19:0x175b5000 PA:0x80008b25
        2965000	       295	80000478	010f5793	srli	x15,x30,0x10	 x30:0x00000000 x15=0x00000000
        2975000	       296	8000047c	01e424b3	slt	x9,x8,x30	  x8:0x000000d2 x30:0x00000000  x9=0x00000000
        2985000	       297	80000480	05e10f23	sb	x30,94(x2)	  x2:0x80008ac1 x30:0x00000000 PA:0x80008b1f
        2995000	       298	80000484	00f9fa33	and	x20,x19,x15	 x19:0x175b5000 x15:0x00000000 x20=0x00000000
        3005000	       299	80000488	418d5033	sra	x0,x26,x24	 x26:0x00000019 x24:0x0000e820
        3015000	       300	8000048c	1df18913	addi	x18,x3,479	  x3:0x00000000 x18=0x000001df
        3025000	       301	80000490	07111b83	lh	x23,113(x2)	  x2:0x80008ac1 x23=0x00000da2 PA:0x80008b32
        3035000	       302	80000494	00008517	auipc	x10,0x8	 x10=0x80008490
        3045000	       303	80000498	4a550513	addi	x10,x10,1189	 x10:0x80008490 x10=0x80008935
        3055000	       304	8000049c	40aa5a13	srai	x20,x20,0xa	 x20:0x00000000 x20=0x00000000
        3065000	       305	800004a0	00950623	sb	x9,12(x10)	 x10:0x80008935  x9:0x00000000 PA:0x80008941
        3075000	       306	800004a4	01450023	sb	x20,0(x10)	 x10:0x80008935 x20:0x00000000 PA:0x80008935
        3085000	       307	800004a8	a6188a97	auipc	x21,0xa6188	 x21=0x261884a4
        3095000	       308	800004ac	00a54083	lbu	x1,10(x10)	 x10:0x80008935  x1=0x000000a7 PA:0x8000893f
        3105000	       309	800004b0	6eb78793	addi	x15,x15,1771	 x15:0x00000000 x15=0x000006eb
        3115000	       310	800004b4	00d54483	lbu	x9,13(x10)	 x10:0x80008935  x9=0x00000000 PA:0x80008942
        3125000	       311	800004b8	416fddb3	sra	x27,x31,x22	 x31:0x80000000 x22:0x00000029 x27=0xffc00000
        3135000	       312	800004bc	011d1fb3	sll	x31,x26,x17	 x26:0x00000019 x17:0x80009fc4 x31=0x00000190
        3145000	       313	800004c0	eca06993	ori	x19,x0,-310	  x0:0x00000000 x19=0xfffffeca
        3155000	       314	800004c4	01050403	lb	x8,16(x10)	 x10:0x80008935  x8=0x00000060 PA:0x80008945
        3165000	       315	800004c8	ff750f23	sb	x23,-2(x10)	 x10:0x80008935 x23:0x00000da2 PA:0x80008933
        3175000	       316	800004cc	ff850e83	lb	x29,-8(x10)	 x10:0x80008935 x29=0xfffffffc PA:0x8000892d
        3185000	       317	800004d0	0081f0b3	and	x1,x3,x8	  x3:0x00000000  x8:0x00000060  x1=0x00000000
        3195000	       318	800004d4	ff650783	lb	x15,-10(x10)	 x10:0x80008935 x15=0x0000003a PA:0x8000892b
        3205000	       319	800004d8	fe250ca3	sb	x2,-7(x10)	 x10:0x80008935  x2:0x80008ac1 PA:0x8000892e
        3215000	       320	800004dc	ffd51ea3	sh	x29,-3(x10)	 x10:0x80008935 x29:0xfffffffc PA:0x80008932
        3225000	       321	800004e0	ffd51403	lh	x8,-3(x10)	 x10:0x80008935  x8=0xfffffffc PA:0x80008932
        3235000	       322	800004e4	40f501b3	sub	x3,x10,x15	 x10:0x80008935 x15:0x0000003a  x3=0x800088fb
        3245000	       323	800004e8	2cc93b17	auipc	x22,0x2cc93	 x22=0xacc934e4
        3255000	       324	800004ec	00d54783	lbu	x15,13(x10)	 x10:0x80008935 x15=0x00000000 PA:0x80008942
        3265000	       325	800004f0	00e50383	lb	x7,14(x10)	 x10:0x80008935  x7=0x00000000 PA:0x80008943
        3275000	       326	800004f4	00054983	lbu	x19,0(x10)	 x10:0x80008935 x19=0x00000000 PA:0x80008935
        3285000	       327	800004f8	ffe50b03	lb	x22,-2(x10)	 x10:0x80008935 x22=0xffffffff PA:0x80008933
        3295000	       328	800004fc	0159cb33	xor	x22,x19,x21	 x19:0x00000000 x21:0x261884a4 x22=0x261884a4
        3305000	       329	80000500	fec50ea3	sb	x12,-3(x10)	 x10:0x80008935 x12:0x00000051 PA:0x80008932
        3315000	       330	80000504	00755483	lhu	x9,7(x10)	 x10:0x80008935  x9=0x00007b49 PA:0x8000893c
        3325000	       331	80000508	01550523	sb	x21,10(x10)	 x10:0x80008935 x21:0x261884a4 PA:0x8000893f
        3335000	       332	8000050c	00254103	lbu	x2,2(x10)	 x10:0x80008935  x2=0x0000008e PA:0x80008937
        3345000	       333	80000510	fff50823	sb	x31,-16(x10)	 x10:0x80008935 x31:0x00000190 PA:0x80008925
        3355000	       334	80000514	fed50a23	sb	x13,-12(x10)	 x10:0x80008935 x13:0x00000156 PA:0x80008929
        3365000	       335	80000518	ff650e83	lb	x29,-10(x10)	 x10:0x80008935 x29=0x0000003a PA:0x8000892b
        3375000	       336	8000051c	c44d7e17	auipc	x28,0xc44d7	 x28=0x444d7518
        3385000	       337	80000520	009506a3	sb	x9,13(x10)	 x10:0x80008935  x9:0x00007b49 PA:0x80008942
        3395000	       338	80000524	bd66c593	xori	x11,x13,-1066	 x13:0x00000156 x11=0xfffffa80
        3405000	       339	80000528	fe950823	sb	x9,-16(x10)	 x10:0x80008935  x9:0x00007b49 PA:0x80008925
        3415000	       340	8000052c	01d504a3	sb	x29,9(x10)	 x10:0x80008935 x29:0x0000003a PA:0x8000893e
        3425000	       341	80000530	01d50223	sb	x29,4(x10)	 x10:0x80008935 x29:0x0000003a PA:0x80008939
        3435000	       342	80000534	db4d8213	addi	x4,x27,-588	 x27:0xffc00000  x4=0xffbffdb4
        3445000	       343	80000538	00850123	sb	x8,2(x10)	 x10:0x80008935  x8:0xfffffffc PA:0x80008937
        3455000	       344	8000053c	e3a54a17	auipc	x20,0xe3a54	 x20=0x63a54538
        3465000	       345	80000540	95f0b3b7	lui	x7,0x95f0b	  x7=0x95f0b000
        3475000	       346	80000544	ff450483	lb	x9,-12(x10)	 x10:0x80008935  x9=0x00000056 PA:0x80008929
        3485000	       347	80000548	01791c13	slli	x24,x18,0x17	 x18:0x000001df x24=0xef800000
        3495000	       348	8000054c	00254a03	lbu	x20,2(x10)	 x10:0x80008935 x20=0x000000fc PA:0x80008937
        3505000	       349	80000550	fff52a03	lw	x20,-1(x10)	 x10:0x80008935 x20=0xfc000086 PA:0x80008934
        3515000	       350	80000554	00008997	auipc	x19,0x8	 x19=0x80008550
        3525000	       351	80000558	c9f98993	addi	x19,x19,-865	 x19:0x80008550 x19=0x800081ef
        3535000	       352	8000055c	2679d803	lhu	x16,615(x19)	 x19:0x800081ef x16=0x00003c55 PA:0x80008456
        3545000	       353	80000560	47164913	xori	x18,x12,1137	 x12:0x00000051 x18=0x00000420
        3555000	       354	80000564	01e585b3	add	x11,x11,x30	 x11:0xfffffa80 x30:0x00000000 x11=0xfffffa80
        3565000	       355	80000568	ea898d23	sb	x8,-326(x19)	 x19:0x800081ef  x8:0xfffffffc PA:0x800080a9
        3575000	       356	8000056c	5ab98103	lb	x2,1451(x19)	 x19:0x800081ef  x2=0x00000061 PA:0x8000879a
        3585000	       357	80000570	58798783	lb	x15,1415(x19)	 x19:0x800081ef x15=0x00000058 PA:0x80008776
        3595000	       358	80000574	1229c103	lbu	x2,290(x19)	 x19:0x800081ef  x2=0x000000f5 PA:0x80008311
        3605000	       359	80000578	0c59df83	lhu	x31,197(x19)	 x19:0x800081ef x31=0x00004d6f PA:0x800082b4
        3615000	       360	8000057c	d128fe93	andi	x29,x17,-750	 x17:0x80009fc4 x29=0x80009d00
        3625000	       361	80000580	40790433	sub	x8,x18,x7	 x18:0x00000420  x7:0x95f0b000  x8=0x6a0f5420
        3635000	       362	80000584	018ba1b3	slt	x3,x23,x24	 x23:0x00000da2 x24:0xef800000  x3=0x00000000
        3645000	       363	80000588	41d25b33	sra	x22,x4,x29	  x4:0xffbffdb4 x29:0x80009d00 x22=0xffbffdb4
        3655000	       364	8000058c	2567f013	andi	x0,x15,598	 x15:0x00000058
        3665000	       365	80000590	00631933	sll	x18,x6,x6	  x6:0xffffffdc  x6:0xffffffdc x18=0xc0000000
        3675000	       366	80000594	42798403	lb	x8,1063(x19)	 x19:0x800081ef  x8=0x00000017 PA:0x80008616
        3685000	       367	80000598	01e59c93	slli	x25,x11,0x1e	 x11:0xfffffa80 x25=0x00000000
        3695000	       368	8000059c	0c998d23	sb	x9,218(x19)	 x19:0x800081ef  x9:0x00000056 PA:0x800082c9
        3705000	       369	800005a0	31998b23	sb	x25,790(x19)	 x19:0x800081ef x25:0x00000000 PA:0x80008505
        3715000	       370	800005a4	004c02b3	add	x5,x24,x4	 x24:0xef800000  x4:0xffbffdb4  x5=0xef3ffdb4
        3725000	       371	800005a8	1d7b6693	ori	x13,x22,471	 x22:0xffbffdb4 x13=0xffbffdf7
        3735000	       372	800005ac	33048a13	addi	x20,x9,816	  x9:0x00000056 x20=0x00000386
        3745000	       373	800005b0	01a04db3	xor	x27,x0,x26	  x0:0x00000000 x26:0x00000019 x27=0x00000019
        3755000	       374	800005b4	53198c23	sb	x17,1336(x19)	 x19:0x800081ef x17:0x80009fc4 PA:0x80008727
        3765000	       375	800005b8	a9096313	ori	x6,x18,-1392	 x18:0xc0000000  x6=0xfffffa90
        3775000	       376	800005bc	eee98903	lb	x18,-274(x19)	 x19:0x800081ef x18=0x00000029 PA:0x800080dd
        3785000	       377	800005c0	36c98e83	lb	x29,876(x19)	 x19:0x800081ef x29=0x0000002f PA:0x8000855b
        3795000	       378	800005c4	4219d183	lhu	x3,1057(x19)	 x19:0x800081ef  x3=0x00004b78 PA:0x80008610
        3805000	       379	800005c8	a1206593	ori	x11,x0,-1518	  x0:0x00000000 x11=0xfffffa12
        3815000	       380	800005cc	7adb2197	auipc	x3,0x7adb2	  x3=0xfadb25c8
        3825000	       381	800005d0	0ee98d83	lb	x27,238(x19)	 x19:0x800081ef x27=0x00000016 PA:0x800082dd
        3835000	       382	800005d4	0ef9ca83	lbu	x21,239(x19)	 x19:0x800081ef x21=0x00000006 PA:0x800082de
        3845000	       383	800005d8	45469837	lui	x16,0x45469	 x16=0x45469000
        3855000	       384	800005dc	47998423	sb	x25,1128(x19)	 x19:0x800081ef x25:0x00000000 PA:0x80008657
        3865000	       385	800005e0	e8f99683	lh	x13,-369(x19)	 x19:0x800081ef x13=0x0000325d PA:0x8000807e
        3875000	       386	800005e4	41a18933	sub	x18,x3,x26	  x3:0xfadb25c8 x26:0x00000019 x18=0xfadb25af
        3885000	       387	800005e8	00929613	slli	x12,x5,0x9	  x5:0xef3ffdb4 x12=0x7ffb6800
        3895000	       388	800005ec	64e17c93	andi	x25,x2,1614	  x2:0x000000f5 x25=0x00000044
        3905000	       389	800005f0	51b99303	lh	x6,1307(x19)	 x19:0x800081ef  x6=0xffffca48 PA:0x8000870a
        3915000	       390	800005f4	25f98d83	lb	x27,607(x19)	 x19:0x800081ef x27=0x0000006b PA:0x8000844e
        3925000	       391	800005f8	01898c33	add	x24,x19,x24	 x19:0x800081ef x24:0xef800000 x24=0x6f8081ef
        3935000	       392	800005fc	943e9bb7	lui	x23,0x943e9	 x23=0x943e9000
        3945000	       393	80000600	0625e293	ori	x5,x11,98	 x11:0xfffffa12  x5=0xfffffa72
        3955000	       394	80000604	00256933	or	x18,x10,x2	 x10:0x80008935  x2:0x000000f5 x18=0x800089f5
        3965000	       395	80000608	a7514f93	xori	x31,x2,-1419	  x2:0x000000f5 x31=0xfffffa80
        3975000	       396	8000060c	4ce9ca03	lbu	x20,1230(x19)	 x19:0x800081ef x20=0x000000b8 PA:0x800086bd
        3985000	       397	80000610	00423d33	sltu	x26,x4,x4	  x4:0xffbffdb4  x4:0xffbffdb4 x26=0x00000000
        3995000	       398	80000614	ee199e03	lh	x28,-287(x19)	 x19:0x800081ef x28=0x00000f25 PA:0x800080d0
        4005000	       399	80000618	00008297	auipc	x5,0x8	  x5=0x80008614
        4015000	       400	8000061c	1ec28293	addi	x5,x5,492	  x5:0x80008614  x5=0x80008800
        4025000	       401	80000620	fc628fa3	sb	x6,-33(x5)	  x5:0x80008800  x6:0xffffca48 PA:0x800087df
        4035000	       402	80000624	fbe280a3	sb	x30,-95(x5)	  x5:0x80008800 x30:0x00000000 PA:0x800087a1
        4045000	       403	80000628	51cc0b13	addi	x22,x24,1308	 x24:0x6f8081ef x22=0x6f80870b
        4055000	       404	8000062c	f572c403	lbu	x8,-169(x5)	  x5:0x80008800  x8=0x00000090 PA:0x80008757
        4065000	       405	80000630	f7a2d303	lhu	x6,-134(x5)	  x5:0x80008800  x6=0x0000fde6 PA:0x8000877a
        4075000	       406	80000634	01bd64b3	or	x9,x26,x27	 x26:0x00000000 x27:0x0000006b  x9=0x0000006b
        4085000	       407	80000638	623a7693	andi	x13,x20,1571	 x20:0x000000b8 x13=0x00000020
        4095000	       408	8000063c	01a94133	xor	x2,x18,x26	 x18:0x800089f5 x26:0x00000000  x2=0x800089f5
        4105000	       409	80000640	41890833	sub	x16,x18,x24	 x18:0x800089f5 x24:0x6f8081ef x16=0x10800806
        4115000	       410	80000644	006a3233	sltu	x4,x20,x6	 x20:0x000000b8  x6:0x0000fde6  x4=0x00000001
        4125000	       411	80000648	f2229e03	lh	x28,-222(x5)	  x5:0x80008800 x28=0x00005c19 PA:0x80008722
        4135000	       412	00000000	00000013	addi	x0,x0,0	  x0:0x00000000
        4145000	       413	8000064c	01c1a3b3	slt	x7,x3,x28	  x3:0xfadb25c8 x28:0x00005c19  x7=0x00000001
        4155000	       414	80000650	f6b28603	lb	x12,-149(x5)	  x5:0x80008800 x12=0xffffff8c PA:0x8000876b
        4165000	       415	80000654	00000013	addi	x0,x0,0	  x0:0x00000000
        4175000	       416	80000658	fc328403	lb	x8,-61(x5)	  x5:0x80008800  x8=0xffffffcc PA:0x800087c3
        4185000	       417	8000065c	0091d613	srli	x12,x3,0x9	  x3:0xfadb25c8 x12=0x007d6d92
        4195000	       418	80000660	01e26333	or	x6,x4,x30	  x4:0x00000001 x30:0x00000000  x6=0x00000001
        4205000	       419	80000664	fe828e83	lb	x29,-24(x5)	  x5:0x80008800 x29=0xffffffa9 PA:0x800087e8
        4215000	       420	80000668	01fb2db3	slt	x27,x22,x31	 x22:0x6f80870b x31:0xfffffa80 x27=0x00000000
        4225000	       421	8000066c	01e743b3	xor	x7,x14,x30	 x14:0x80009f84 x30:0x00000000  x7=0x80009f84
        4235000	       422	80000670	e723ce13	xori	x28,x7,-398	  x7:0x80009f84 x28=0x7fff61f6
        4245000	       423	80000674	01509113	slli	x2,x1,0x15	  x1:0x00000000  x2=0x00000000
        4255000	       424	80000678	00000013	addi	x0,x0,0	  x0:0x00000000
        4265000	       425	8000067c	00271633	sll	x12,x14,x2	 x14:0x80009f84  x2:0x00000000 x12=0x80009f84
        4275000	       426	80000680	012ccab3	xor	x21,x25,x18	 x25:0x00000044 x18:0x800089f5 x21=0x800089b1
        4285000	       427	80000684	fa82cc03	lbu	x24,-88(x5)	  x5:0x80008800 x24=0x000000c4 PA:0x800087a8
        4295000	       428	80000688	fce28783	lb	x15,-50(x5)	  x5:0x80008800 x15=0xffffffe6 PA:0x800087ce
        4305000	       429	8000068c	1a1b7e37	lui	x28,0x1a1b7	 x28=0x1a1b7000
        4315000	       430	80000690	4c670413	addi	x8,x14,1222	 x14:0x80009f84  x8=0x8000a44a
        4325000	       431	80000694	01e2e433	or	x8,x5,x30	  x5:0x80008800 x30:0x00000000  x8=0x80008800
        4335000	       432	80000698	c72b3a37	lui	x20,0xc72b3	 x20=0xc72b3000
        4345000	       433	8000069c	7d0df693	andi	x13,x27,2000	 x27:0x00000000 x13=0x00000000
        4355000	       434	800006a0	00000013	addi	x0,x0,0	  x0:0x00000000
        4365000	       435	800006a4	f2f28ba3	sb	x15,-201(x5)	  x5:0x80008800 x15:0xffffffe6 PA:0x80008737
        4375000	       436	800006a8	f6b28083	lb	x1,-149(x5)	  x5:0x80008800  x1=0xffffff8c PA:0x8000876b
        4385000	       437	800006ac	f7128983	lb	x19,-143(x5)	  x5:0x80008800 x19=0x00000040 PA:0x80008771
        4395000	       438	800006b0	00008117	auipc	x2,0x8	  x2=0x800086ac
        4405000	       439	800006b4	f5710113	addi	x2,x2,-169	  x2:0x800086ac  x2=0x80008603
        4415000	       440	800006b8	15414b83	lbu	x23,340(x2)	  x2:0x80008603 x23=0x00000090 PA:0x80008757
        4425000	       441	800006bc	a8310403	lb	x8,-1405(x2)	  x2:0x80008603  x8=0x00000000 PA:0x80008086
        4435000	       442	800006c0	40765a13	srai	x20,x12,0x7	 x12:0x80009f84 x20=0xff00013f
        4445000	       443	800006c4	7ec72913	slti	x18,x14,2028	 x14:0x80009f84 x18=0x00000001
        4455000	       444	800006c8	aa7a60b7	lui	x1,0xaa7a6	  x1=0xaa7a6000
        4465000	       445	800006cc	41098fb3	sub	x31,x19,x16	 x19:0x00000040 x16:0x10800806 x31=0xef7ff83a
        4475000	       446	800006d0	b2f15983	lhu	x19,-1233(x2)	  x2:0x80008603 x19=0x0000fbbe PA:0x80008132
        4485000	       447	800006d4	04a10a23	sb	x10,84(x2)	  x2:0x80008603 x10:0x80008935 PA:0x80008657
        4495000	       448	800006d8	e7310903	lb	x18,-397(x2)	  x2:0x80008603 x18=0xffffffc8 PA:0x80008476
        4505000	       449	00000000	00000013	addi	x0,x0,0	  x0:0x00000000
        4515000	       450	800006dc	c7214183	lbu	x3,-910(x2)	  x2:0x80008603  x3=0x00000057 PA:0x80008275
        4525000	       451	800006e0	0128d533	srl	x10,x17,x18	 x17:0x80009fc4 x18:0xffffffc8 x10=0x0080009f
        4535000	       452	800006e4	01706bb3	or	x23,x0,x23	  x0:0x00000000 x23:0x00000090 x23=0x00000090
        4545000	       453	800006e8	e78117a3	sh	x24,-401(x2)	  x2:0x80008603 x24:0x000000c4 PA:0x80008472
        4555000	       454	800006ec	df514e03	lbu	x28,-523(x2)	  x2:0x80008603 x28=0x00000098 PA:0x800083f8
        4565000	       455	800006f0	1f510603	lb	x12,501(x2)	  x2:0x80008603 x12=0x00000017 PA:0x800087f8
        4575000	       456	800006f4	16d14003	lbu	x0,365(x2)	  x2:0x80008603 PA:0x80008770
        4585000	       457	800006f8	00621293	slli	x5,x4,0x6	  x4:0x00000001  x5=0x00000040
        4595000	       458	800006fc	1bc10903	lb	x18,444(x2)	  x2:0x80008603 x18=0x00000020 PA:0x800087bf
        4605000	       459	80000700	01710403	lb	x8,23(x2)	  x2:0x80008603  x8=0x00000065 PA:0x8000861a
        4615000	       460	80000704	00ae1db3	sll	x27,x28,x10	 x28:0x00000098 x10:0x0080009f x27=0x00000000
        4625000	       461	80000708	aee10ca3	sb	x14,-1287(x2)	  x2:0x80008603 x14:0x80009f84 PA:0x800080fc
        4635000	       462	8000070c	cee10f23	sb	x14,-770(x2)	  x2:0x80008603 x14:0x80009f84 PA:0x80008301
        4645000	       463	80000710	e8c14a03	lbu	x20,-372(x2)	  x2:0x80008603 x20=0x00000081 PA:0x8000848f
        4655000	       464	80000714	dd010b83	lb	x23,-560(x2)	  x2:0x80008603 x23=0x00000060 PA:0x800083d3
        4665000	       465	80000718	6466d197	auipc	x3,0x6466d	  x3=0xe466d714
        4675000	       466	8000071c	005ba233	slt	x4,x23,x5	 x23:0x00000060  x5:0x00000040  x4=0x00000000
        4685000	       467	80000720	413f5593	srai	x11,x30,0x13	 x30:0x00000000 x11=0x00000000
        4695000	       468	80000724	ce814d03	lbu	x26,-792(x2)	  x2:0x80008603 x26=0x00000000 PA:0x800082eb
        4705000	       469	80000728	00008097	auipc	x1,0x8	  x1=0x80008724
        4715000	       470	8000072c	01408093	addi	x1,x1,20	  x1:0x80008724  x1=0x80008738
        4725000	       471	80000730	00b80cb3	add	x25,x16,x11	 x16:0x10800806 x11:0x00000000 x25=0x10800806
        4735000	       472	80000734	fa909323	sh	x9,-90(x1)	  x1:0x80008738  x9:0x0000006b PA:0x800086de
        4745000	       473	80000738	e8408403	lb	x8,-380(x1)	  x1:0x80008738  x8=0x00000004 PA:0x800085bc
        4755000	       474	8000073c	400a8233	sub	x4,x21,x0	 x21:0x800089b1  x0:0x00000000  x4=0x800089b1
        4765000	       475	80000740	0200c503	lbu	x10,32(x1)	  x1:0x80008738 x10=0x00000016 PA:0x80008758
        4775000	       476	80000744	0115dd93	srli	x27,x11,0x11	 x11:0x00000000 x27=0x00000000
        4785000	       477	80000748	ec108523	sb	x1,-310(x1)	  x1:0x80008738  x1:0x80008738 PA:0x80008602
        4795000	       478	8000074c	ed20c683	lbu	x13,-302(x1)	  x1:0x80008738 x13=0x000000ce PA:0x8000860a
        4805000	       479	80000750	9d80ce03	lbu	x28,-1576(x1)	  x1:0x80008738 x28=0x00000073 PA:0x80008110
        4815000	       480	80000754	dcd08183	lb	x3,-563(x1)	  x1:0x80008738  x3=0x00000000 PA:0x80008505
        4825000	       481	80000758	fbf08b23	sb	x31,-74(x1)	  x1:0x80008738 x31:0xef7ff83a PA:0x800086ee
        4835000	       482	8000075c	eac0cf83	lbu	x31,-340(x1)	  x1:0x80008738 x31=0x00000023 PA:0x800085e4
        4845000	       483	80000760	c4b08d03	lb	x26,-949(x1)	  x1:0x80008738 x26=0xffffffbf PA:0x80008383
        4855000	       484	80000764	046fb313	sltiu	x6,x31,70	 x31:0x00000023  x6=0x00000001
        4865000	       485	80000768	41bd04b3	sub	x9,x26,x27	 x26:0xffffffbf x27:0x00000000  x9=0xffffffbf
        4875000	       486	8000076c	5e090437	lui	x8,0x5e090	  x8=0x5e090000
        4885000	       487	80000770	9e4080a3	sb	x4,-1567(x1)	  x1:0x80008738  x4:0x800089b1 PA:0x80008119
        4895000	       488	80000774	403c5013	srai	x0,x24,0x3	 x24:0x000000c4
        4905000	       489	80000778	f840c203	lbu	x4,-124(x1)	  x1:0x80008738  x4=0x000000df PA:0x800086bc
        4915000	       490	8000077c	93209283	lh	x5,-1742(x1)	  x1:0x80008738  x5=0x00006dd3 PA:0x8000806a
        4925000	       491	80000780	fa90c683	lbu	x13,-87(x1)	  x1:0x80008738 x13=0x00000019 PA:0x800086e1
        4935000	       492	80000784	0f78b613	sltiu	x12,x17,247	 x17:0x80009fc4 x12=0x00000000
        4945000	       493	80000788	dd508f23	sb	x21,-546(x1)	  x1:0x80008738 x21:0x800089b1 PA:0x80008516
        4955000	       494	8000078c	e6809203	lh	x4,-408(x1)	  x1:0x80008738  x4=0xffffc40f PA:0x800085a0
        4965000	       495	80000790	e8908c23	sb	x9,-360(x1)	  x1:0x80008738  x9:0xffffffbf PA:0x800085d0
        4975000	       496	80000794	01f74033	xor	x0,x14,x31	 x14:0x80009f84 x31:0x00000023
        4985000	       497	80000798	8c11c493	xori	x9,x3,-1855	  x3:0x00000000  x9=0xfffff8c1
        4995000	       498	8000079c	ba908503	lb	x10,-1111(x1)	  x1:0x80008738 x10=0xffffffa3 PA:0x800082e1
        5005000	       499	800007a0	a7bd7813	andi	x16,x26,-1413	 x26:0xffffffbf x16=0xfffffa3b
        5015000	       500	800007a4	a8609e83	lh	x29,-1402(x1)	  x1:0x80008738 x29=0xffff899e PA:0x800081be
        5025000	       501	800007a8	0bc08023	sb	x28,160(x1)	  x1:0x80008738 x28:0x00000073 PA:0x800087d8
        5035000	       502	800007ac	00008117	auipc	x2,0x8	  x2=0x800087a8
        5045000	       503	800007b0	49210113	addi	x2,x2,1170	  x2:0x800087a8  x2=0x80008c3a
        5055000	       504	800007b4	ff714383	lbu	x7,-9(x2)	  x2:0x80008c3a  x7=0x0000009c PA:0x80008c31
        5065000	       505	800007b8	00510483	lb	x9,5(x2)	  x2:0x80008c3a  x9=0x0000007a PA:0x80008c3f
        5075000	       506	800007bc	0fc3ca93	xori	x21,x7,252	  x7:0x0000009c x21=0x00000060
        5085000	       507	800007c0	00f0beb3	sltu	x29,x1,x15	  x1:0x80008738 x15:0xffffffe6 x29=0x00000001
        5095000	       508	800007c4	01a11623	sh	x26,12(x2)	  x2:0x80008c3a x26:0xffffffbf PA:0x80008c46
        5105000	       509	800007c8	fe910923	sb	x9,-14(x2)	  x2:0x80008c3a  x9:0x0000007a PA:0x80008c2c
        5115000	       510	800007cc	00811c83	lh	x25,8(x2)	  x2:0x80008c3a x25=0x000025f6 PA:0x80008c42
        5125000	       511	00000000	00000013	addi	x0,x0,0	  x0:0x00000000
        5135000	       512	800007d0	401c8333	sub	x6,x25,x1	 x25:0x000025f6  x1:0x80008738  x6=0x7fff9ebe
        5145000	       513	800007d4	fff10a83	lb	x21,-1(x2)	  x2:0x80008c3a x21=0x00000054 PA:0x80008c39
        5155000	       514	800007d8	00e15003	lhu	x0,14(x2)	  x2:0x80008c3a PA:0x80008c48
        5165000	       515	800007dc	ff9108a3	sb	x25,-15(x2)	  x2:0x80008c3a x25:0x000025f6 PA:0x80008c2b
        5175000	       516	800007e0	00410003	lb	x0,4(x2)	  x2:0x80008c3a PA:0x80008c3e
        5185000	       517	800007e4	00f14783	lbu	x15,15(x2)	  x2:0x80008c3a x15=0x0000009f PA:0x80008c49
        5195000	       518	800007e8	fff14203	lbu	x4,-1(x2)	  x2:0x80008c3a  x4=0x00000054 PA:0x80008c39
        5205000	       519	800007ec	0077b7b3	sltu	x15,x15,x7	 x15:0x0000009f  x7:0x0000009c x15=0x00000000
        5215000	       520	800007f0	ff114783	lbu	x15,-15(x2)	  x2:0x80008c3a x15=0x000000f6 PA:0x80008c2b
        5225000	       521	800007f4	ff912f23	sw	x25,-2(x2)	  x2:0x80008c3a x25:0x000025f6 PA:0x80008c38
        5235000	       522	800007f8	00614e83	lbu	x29,6(x2)	  x2:0x80008c3a x29=0x0000006f PA:0x80008c40
        5245000	       523	800007fc	ffb14283	lbu	x5,-5(x2)	  x2:0x80008c3a  x5=0x00000078 PA:0x80008c35
        5255000	       524	80000800	ff210c03	lb	x24,-14(x2)	  x2:0x80008c3a x24=0x0000007a PA:0x80008c2c
        5265000	       525	80000804	ff215e03	lhu	x28,-14(x2)	  x2:0x80008c3a x28=0x0000d87a PA:0x80008c2c
        5275000	       526	80000808	ff510aa3	sb	x21,-11(x2)	  x2:0x80008c3a x21:0x00000054 PA:0x80008c2f
        5285000	       527	8000080c	ff110c83	lb	x25,-15(x2)	  x2:0x80008c3a x25=0xfffffff6 PA:0x80008c2b
        5295000	       528	80000810	00114d03	lbu	x26,1(x2)	  x2:0x80008c3a x26=0x00000000 PA:0x80008c3b
        5305000	       529	00000000	00000013	addi	x0,x0,0	  x0:0x00000000
        5315000	       530	80000814	29a37313	andi	x6,x6,666	  x6:0x7fff9ebe  x6=0x0000029a
        5325000	       531	80000818	feb12d23	sw	x11,-6(x2)	  x2:0x80008c3a x11:0x00000000 PA:0x80008c34
        5335000	       532	8000081c	7a696813	ori	x16,x18,1958	 x18:0x00000020 x16=0x000007a6
        5345000	       533	80000820	ffa10f83	lb	x31,-6(x2)	  x2:0x80008c3a x31=0x00000000 PA:0x80008c34
        5355000	       534	80000824	004ad213	srli	x4,x21,0x4	 x21:0x00000054  x4=0x00000005
        5365000	       535	80000828	8c2d0793	addi	x15,x26,-1854	 x26:0x00000000 x15=0xfffff8c2
        5375000	       536	8000082c	412052b3	sra	x5,x0,x18	  x0:0x00000000 x18:0x00000020  x5=0x00000000
        5385000	       537	80000830	0163da33	srl	x20,x7,x22	  x7:0x0000009c x22:0x6f80870b x20=0x00000000
        5395000	       538	80000834	417b0033	sub	x0,x22,x23	 x22:0x6f80870b x23:0x00000060
        5405000	       539	80000838	01e89eb3	sll	x29,x17,x30	 x17:0x80009fc4 x30:0x00000000 x29=0x80009fc4
        5415000	       540	8000083c	41d45d33	sra	x26,x8,x29	  x8:0x5e090000 x29:0x80009fc4 x26=0x05e09000
        5425000	       541	80000840	97618693	addi	x13,x3,-1674	  x3:0x00000000 x13=0xfffff976
        5435000	       542	80000844	f8fb6fb7	lui	x31,0xf8fb6	 x31=0xf8fb6000
        5445000	       543	80000848	8ecd4093	xori	x1,x26,-1812	 x26:0x05e09000  x1=0xfa1f68ec
        5455000	       544	8000084c	ff011383	lh	x7,-16(x2)	  x2:0x80008c3a  x7=0xfffff6d2 PA:0x80008c2a
        5465000	       545	80000850	00810d03	lb	x26,8(x2)	  x2:0x80008c3a x26=0xfffffff6 PA:0x80008c42
        5475000	       546	80000854	00b14003	lbu	x0,11(x2)	  x2:0x80008c3a PA:0x80008c45
        5485000	       547	80000858	00008b97	auipc	x23,0x8	 x23=0x80008854
        5495000	       548	8000085c	c76b8b93	addi	x23,x23,-906	 x23:0x80008854 x23=0x800084ca
        5505000	       549	80000860	005b8d83	lb	x27,5(x23)	 x23:0x800084ca x27=0x00000062 PA:0x800084cf
        5515000	       550	80000864	004b83a3	sb	x4,7(x23)	 x23:0x800084ca  x4:0x00000005 PA:0x800084d1
        5525000	       551	80000868	0086d2b3	srl	x5,x13,x8	 x13:0xfffff976  x8:0x5e090000  x5=0xfffff976
        5535000	       552	8000086c	01a4d7b3	srl	x15,x9,x26	  x9:0x0000007a x26:0xfffffff6 x15=0x00000000
        5545000	       553	80000870	00bb8203	lb	x4,11(x23)	 x23:0x800084ca  x4=0xffffff81 PA:0x800084d5
        5555000	       554	80000874	001bc903	lbu	x18,1(x23)	 x23:0x800084ca x18=0x000000b8 PA:0x800084cb
        5565000	       555	80000878	005bcc03	lbu	x24,5(x23)	 x23:0x800084ca x24=0x00000062 PA:0x800084cf
        5575000	       556	8000087c	01605433	srl	x8,x0,x22	  x0:0x00000000 x22:0x6f80870b  x8=0x00000000
        5585000	       557	80000880	ff7b8b23	sb	x23,-10(x23)	 x23:0x800084ca x23:0x800084ca PA:0x800084c0
        5595000	       558	80000884	000224b3	slt	x9,x4,x0	  x4:0xffffff81  x0:0x00000000  x9=0x00000001
        5605000	       559	80000888	0156b233	sltu	x4,x13,x21	 x13:0xfffff976 x21:0x00000054  x4=0x00000000
        5615000	       560	8000088c	014b9623	sh	x20,12(x23)	 x23:0x800084ca x20:0x00000000 PA:0x800084d6
        5625000	       561	80000890	40f80833	sub	x16,x16,x15	 x16:0x000007a6 x15:0x00000000 x16=0x000007a6
        5635000	       562	80000894	00a7c133	xor	x2,x15,x10	 x15:0x00000000 x10:0xffffffa3  x2=0xffffffa3
        5645000	       563	80000898	ffcb9583	lh	x11,-4(x23)	 x23:0x800084ca x11=0x00006683 PA:0x800084c6
        5655000	       564	8000089c	000b8583	lb	x11,0(x23)	 x23:0x800084ca x11=0xfffffff1 PA:0x800084ca
        5665000	       565	800008a0	7af36293	ori	x5,x6,1967	  x6:0x0000029a  x5=0x000007bf
        5675000	       566	800008a4	c6a9b493	sltiu	x9,x19,-918	 x19:0x0000fbbe  x9=0x00000001
        5685000	       567	800008a8	9a2d7697	auipc	x13,0x9a2d7	 x13=0x1a2d78a4
        5695000	       568	800008ac	004b3633	sltu	x12,x22,x4	 x22:0x6f80870b  x4:0x00000000 x12=0x00000000
        5705000	       569	800008b0	01016fb3	or	x31,x2,x16	  x2:0xffffffa3 x16:0x000007a6 x31=0xffffffa7
        5715000	       570	800008b4	db3afc13	andi	x24,x21,-589	 x21:0x00000054 x24=0x00000010
        5725000	       571	800008b8	002b8023	sb	x2,0(x23)	 x23:0x800084ca  x2:0xffffffa3 PA:0x800084ca
        5735000	       572	800008bc	00008297	auipc	x5,0x8	  x5=0x800088b8
        5745000	       573	800008c0	a2d28293	addi	x5,x5,-1491	  x5:0x800088b8  x5=0x800082e5
        5755000	       574	800008c4	0171b1b3	sltu	x3,x3,x23	  x3:0x00000000 x23:0x800084ca  x3=0x00000001
        5765000	       575	800008c8	04a2c903	lbu	x18,74(x5)	  x5:0x800082e5 x18=0x00000029 PA:0x8000832f
        5775000	       576	800008cc	07128e23	sb	x17,124(x5)	  x5:0x800082e5 x17:0x80009fc4 PA:0x80008361
        5785000	       577	800008d0	00890ab3	add	x21,x18,x8	 x18:0x00000029  x8:0x00000000 x21=0x00000029
        5795000	       578	800008d4	4b0e2c13	slti	x24,x28,1200	 x28:0x0000d87a x24=0x00000000
        5805000	       579	800008d8	010e89b3	add	x19,x29,x16	 x29:0x80009fc4 x16:0x000007a6 x19=0x8000a76a
        5815000	       580	800008dc	07e2c503	lbu	x10,126(x5)	  x5:0x800082e5 x10=0x00000014 PA:0x80008363
        5825000	       581	800008e0	01028003	lb	x0,16(x5)	  x5:0x800082e5 PA:0x800082f5
        5835000	       582	800008e4	00917fb3	and	x31,x2,x9	  x2:0xffffffa3  x9:0x00000001 x31=0x00000001
        5845000	       583	800008e8	2202f613	andi	x12,x5,544	  x5:0x800082e5 x12=0x00000220
        5855000	       584	800008ec	41328db3	sub	x27,x5,x19	  x5:0x800082e5 x19:0x8000a76a x27=0xffffdb7b
        5865000	       585	800008f0	f8c2c003	lbu	x0,-116(x5)	  x5:0x800082e5 PA:0x80008271
        5875000	       586	800008f4	0562c083	lbu	x1,86(x5)	  x5:0x800082e5  x1=0x0000005c PA:0x8000833b
        5885000	       587	800008f8	0d92c503	lbu	x10,217(x5)	  x5:0x800082e5 x10=0x000000e7 PA:0x800083be
        5895000	       588	800008fc	0312cb03	lbu	x22,49(x5)	  x5:0x800082e5 x22=0x000000b5 PA:0x80008316
        5905000	       589	80000900	fbf28b83	lb	x23,-65(x5)	  x5:0x800082e5 x23=0x00000061 PA:0x800082a4
        5915000	       590	80000904	8a8eb913	sltiu	x18,x29,-1880	 x29:0x80009fc4 x18=0x00000001
        5925000	       591	80000908	990b6fb7	lui	x31,0x990b6	 x31=0x990b6000
        5935000	       592	8000090c	fdc28903	lb	x18,-36(x5)	  x5:0x800082e5 x18=0x00000021 PA:0x800082c1
        5945000	       593	80000910	0cc28d03	lb	x26,204(x5)	  x5:0x800082e5 x26=0xffffffb7 PA:0x800083b1
        5955000	       594	80000914	0ab2ad83	lw	x27,171(x5)	  x5:0x800082e5 x27=0xa7d3f436 PA:0x80008390
        5965000	       595	80000918	09d289a3	sb	x29,147(x5)	  x5:0x800082e5 x29:0x80009fc4 PA:0x80008378
        5975000	       596	8000091c	fd628aa3	sb	x22,-43(x5)	  x5:0x800082e5 x22:0x000000b5 PA:0x800082ba
        5985000	       597	80000920	f8928f23	sb	x9,-98(x5)	  x5:0x800082e5  x9:0x00000001 PA:0x80008283
        5995000	       598	80000924	00000013	addi	x0,x0,0	  x0:0x00000000
        6005000	       599	80000928	e05d2493	slti	x9,x26,-507	 x26:0xffffffb7  x9=0x00000000
        6015000	       600	8000092c	6e14ebb7	lui	x23,0x6e14e	 x23=0x6e14e000
        6025000	       601	80000930	0402c083	lbu	x1,64(x5)	  x5:0x800082e5  x1=0x000000f9 PA:0x80008325
        6035000	       602	80000934	fa2f2a93	slti	x21,x30,-94	 x30:0x00000000 x21=0x00000000
        6045000	       603	80000938	06828b03	lb	x22,104(x5)	  x5:0x800082e5 x22=0x00000045 PA:0x8000834d
        6055000	       604	8000093c	fc628603	lb	x12,-58(x5)	  x5:0x800082e5 x12=0x00000033 PA:0x800082ab
        6065000	       605	80000940	a3734a13	xori	x20,x6,-1481	  x6:0x0000029a x20=0xfffff8ad
        6075000	       606	80000944	11560db7	lui	x27,0x11560	 x27=0x11560000
        6085000	       607	80000948	f7a2c383	lbu	x7,-134(x5)	  x5:0x800082e5  x7=0x00000012 PA:0x8000825f
        6095000	       608	8000094c	f4b28a83	lb	x21,-181(x5)	  x5:0x800082e5 x21=0x00000039 PA:0x80008230
        6105000	       609	80000950	01c69433	sll	x8,x13,x28	 x13:0x1a2d78a4 x28:0x0000d87a  x8=0x90000000
        6115000	       610	80000954	fbd2aba3	sw	x29,-73(x5)	  x5:0x800082e5 x29:0x80009fc4 PA:0x8000829c
        6125000	       611	80000958	0157d313	srli	x6,x15,0x15	 x15:0x00000000  x6=0x00000000
        6135000	       612	8000095c	09c28083	lb	x1,156(x5)	  x5:0x800082e5  x1=0xffffffe6 PA:0x80008381
        6145000	       613	80000960	09228c83	lb	x25,146(x5)	  x5:0x800082e5 x25=0xffffff8c PA:0x80008377
        6155000	       614	80000964	fdd29103	lh	x2,-35(x5)	  x5:0x800082e5  x2=0x00000693 PA:0x800082c2
        6165000	       615	80000968	f6a28123	sb	x10,-158(x5)	  x5:0x800082e5 x10:0x000000e7 PA:0x80008247
        6175000	       616	8000096c	0e82cb03	lbu	x22,232(x5)	  x5:0x800082e5 x22=0x000000ea PA:0x800083cd
        6185000	       617	80000970	0b128ba3	sb	x17,183(x5)	  x5:0x800082e5 x17:0x80009fc4 PA:0x8000839c
        6195000	       618	80000974	f5928603	lb	x12,-167(x5)	  x5:0x800082e5 x12=0xffffffde PA:0x8000823e
        6205000	       619	80000978	0a39dc63	bge	x19,x3,80000a30	 x19:0x8000a76a  x3:0x00000001
        6215000	       620	8000097c	00b36e63	bltu	x6,x11,80000998	  x6:0x00000000 x11:0xfffffff1
        6225000	       621	00000000	00000013	addi	x0,x0,0	  x0:0x00000000
        6235000	       622	80000994	00000013	addi	x0,x0,0	  x0:0x00000000
        6245000	       623	80000998	0dcd8263	beq	x27,x28,80000a5c	 x27:0x11560000 x28:0x0000d87a
        6255000	       624	8000099c	00008117	auipc	x2,0x8	  x2=0x80008998
        6265000	       625	800009a0	fbf10113	addi	x2,x2,-65	  x2:0x80008998  x2=0x80008957
        6275000	       626	800009a4	00cc3cb3	sltu	x25,x24,x12	 x24:0x00000000 x12:0xffffffde x25=0x00000001
        6285000	       627	800009a8	00221393	slli	x7,x4,0x2	  x4:0x00000000  x7=0x00000000
        6295000	       628	800009ac	57511083	lh	x1,1397(x2)	  x2:0x80008957  x1=0x00004571 PA:0x80008ecc
        6305000	       629	800009b0	f8ee4497	auipc	x9,0xf8ee4	  x9=0x78ee49ac
        6315000	       630	800009b4	81f27393	andi	x7,x4,-2017	  x4:0x00000000  x7=0x00000000
        6325000	       631	800009b8	00aec233	xor	x4,x29,x10	 x29:0x80009fc4 x10:0x000000e7  x4=0x80009f23
        6335000	       632	800009bc	18514383	lbu	x7,389(x2)	  x2:0x80008957  x7=0x000000a6 PA:0x80008adc
        6345000	       633	800009c0	0087d793	srli	x15,x15,0x8	 x15:0x00000000 x15=0x00000000
        6355000	       634	800009c4	002d5c13	srli	x24,x26,0x2	 x26:0xffffffb7 x24=0x3fffffed
        6365000	       635	800009c8	f0e10183	lb	x3,-242(x2)	  x2:0x80008957  x3=0x0000001d PA:0x80008865
        6375000	       636	800009cc	88853497	auipc	x9,0x88853	  x9=0x088539c8
        6385000	       637	800009d0	24011ea3	sh	x0,605(x2)	  x2:0x80008957  x0:0x00000000 PA:0x80008bb4
        6395000	       638	800009d4	00e21a33	sll	x20,x4,x14	  x4:0x80009f23 x14:0x80009f84 x20=0x0009f230
        6405000	       639	800009d8	82bcba93	sltiu	x21,x25,-2005	 x25:0x00000001 x21=0x00000001
        6415000	       640	800009dc	1b814683	lbu	x13,440(x2)	  x2:0x80008957 x13=0x000000c8 PA:0x80008b0f
        6425000	       641	800009e0	4da106a3	sb	x26,1229(x2)	  x2:0x80008957 x26:0xffffffb7 PA:0x80008e24
        6435000	       642	800009e4	3c510423	sb	x5,968(x2)	  x2:0x80008957  x5:0x800082e5 PA:0x80008d1f
        6445000	       643	800009e8	21210303	lb	x6,530(x2)	  x2:0x80008957  x6=0x00000039 PA:0x80008b69
        6455000	       644	800009ec	16f15b83	lhu	x23,367(x2)	  x2:0x80008957 x23=0x00000299 PA:0x80008ac6
        6465000	       645	800009f0	f1c14f83	lbu	x31,-228(x2)	  x2:0x80008957 x31=0x00000010 PA:0x80008873
        6475000	       646	800009f4	00000013	addi	x0,x0,0	  x0:0x00000000
        6485000	       647	800009f8	0075aeb3	slt	x29,x11,x7	 x11:0xfffffff1  x7:0x000000a6 x29=0x00000001
        6495000	       648	800009fc	41d6d633	sra	x12,x13,x29	 x13:0x000000c8 x29:0x00000001 x12=0x00000064
        6505000	       649	80000a00	30a10083	lb	x1,778(x2)	  x2:0x80008957  x1=0x00000005 PA:0x80008c61
        6515000	       650	80000a04	01230eb3	add	x29,x6,x18	  x6:0x00000039 x18:0x00000021 x29=0x0000005a
        6525000	       651	80000a08	23512403	lw	x8,565(x2)	  x2:0x80008957  x8=0x91682992 PA:0x80008b8c
        6535000	       652	80000a0c	017d9333	sll	x6,x27,x23	 x27:0x11560000 x23:0x00000299  x6=0x00000000
        6545000	       653	80000a10	00105513	srli	x10,x0,0x1	  x0:0x00000000 x10=0x00000000
        6555000	       654	80000a14	17610803	lb	x16,374(x2)	  x2:0x80008957 x16=0x00000000 PA:0x80008acd
        6565000	       655	80000a18	fa714083	lbu	x1,-89(x2)	  x2:0x80008957  x1=0x0000004e PA:0x800088fe
        6575000	       656	80000a1c	2e911a83	lh	x21,745(x2)	  x2:0x80008957 x21=0x0000786f PA:0x80008c40
        6585000	       657	80000a20	b9998b13	addi	x22,x19,-1127	 x19:0x8000a76a x22=0x8000a303
        6595000	       658	80000a24	01355313	srli	x6,x10,0x13	 x10:0x00000000  x6=0x00000000
        6605000	       659	80000a28	40085093	srai	x1,x16,0x0	 x16:0x00000000  x1=0x00000000
        6615000	       660	80000a2c	b1cb7c93	andi	x25,x22,-1252	 x22:0x8000a303 x25=0x8000a300
        6625000	       661	80000a30	006c9d33	sll	x26,x25,x6	 x25:0x8000a300  x6:0x00000000 x26=0x8000a300
        6635000	       662	80000a34	410c0fb3	sub	x31,x24,x16	 x24:0x3fffffed x16:0x00000000 x31=0x3fffffed
        6645000	       663	80000a38	00003933	sltu	x18,x0,x0	  x0:0x00000000  x0:0x00000000 x18=0x00000000
        6655000	       664	80000a3c	00637e33	and	x28,x6,x6	  x6:0x00000000  x6:0x00000000 x28=0x00000000
        6665000	       665	80000a40	00966833	or	x16,x12,x9	 x12:0x00000064  x9:0x088539c8 x16=0x088539ec
        6675000	       666	80000a44	403653b3	sra	x7,x12,x3	 x12:0x00000064  x3:0x0000001d  x7=0x00000000
        6685000	       667	80000a48	05340063	beq	x8,x19,80000a88	  x8:0x91682992 x19:0x8000a76a
        6695000	       668	80000a4c	014d0263	beq	x26,x20,80000a50	 x26:0x8000a300 x20:0x0009f230
        6705000	       669	80000a50	011d5413	srli	x8,x26,0x11	 x26:0x8000a300  x8=0x00004000
        6715000	       670	80000a54	00000013	addi	x0,x0,0	  x0:0x00000000
        6725000	       671	80000a58	0056f863	bgeu	x13,x5,80000a68	 x13:0x000000c8  x5:0x800082e5
        6735000	       672	80000a5c	38444593	xori	x11,x8,900	  x8:0x00004000 x11=0x00004384
        6745000	       673	80000a60	03ca2613	slti	x12,x20,60	 x20:0x0009f230 x12=0x00000000
        6755000	       674	80000a64	dd038193	addi	x3,x7,-560	  x7:0x00000000  x3=0xfffffdd0
        6765000	       675	80000a68	77927697	auipc	x13,0x77927	 x13=0xf7927a64
        6775000	       676	80000a6c	00b20c33	add	x24,x4,x11	  x4:0x80009f23 x11:0x00004384 x24=0x8000e2a7
        6785000	       677	80000a70	0de8f993	andi	x19,x17,222	 x17:0x80009fc4 x19=0x000000c4
        6795000	       678	80000a74	005ef833	and	x16,x29,x5	 x29:0x0000005a  x5:0x800082e5 x16=0x00000040
        6805000	       679	80000a78	4bfa8537	lui	x10,0x4bfa8	 x10=0x4bfa8000
        6815000	       680	80000a7c	016fb133	sltu	x2,x31,x22	 x31:0x3fffffed x22:0x8000a303  x2=0x00000001
        6825000	       681	80000a80	00be42b3	xor	x5,x28,x11	 x28:0x00000000 x11:0x00004384  x5=0x00004384
        6835000	       682	80000a84	00ba7263	bgeu	x20,x11,80000a88	 x20:0x0009f230 x11:0x00004384
        6845000	       683	00000000	00000013	addi	x0,x0,0	  x0:0x00000000
        6855000	       684	80000a84	00000013	addi	x0,x0,0	  x0:0x00000000
        6865000	       685	80000a88	00709e63	bne	x1,x7,80000aa4	  x1:0x00000000  x7:0x00000000
        6875000	       686	80000a8c	0409d063	bge	x19,x0,80000acc	 x19:0x000000c4  x0:0x00000000
        6885000	       687	00000000	00000013	addi	x0,x0,0	  x0:0x00000000
        6895000	       688	80000ac8	00000013	addi	x0,x0,0	  x0:0x00000000
        6905000	       689	80000acc	01764c33	xor	x24,x12,x23	 x12:0x00000000 x23:0x00000299 x24=0x00000299
        6915000	       690	80000ad0	007b1463	bne	x22,x7,80000ad8	 x22:0x8000a303  x7:0x00000000
        6925000	       691	00000000	00000013	addi	x0,x0,0	  x0:0x00000000
        6935000	       692	80000ad4	00000013	addi	x0,x0,0	  x0:0x00000000
        6945000	       693	80000ad8	a511ee13	ori	x28,x3,-1455	  x3:0xfffffdd0 x28=0xffffffd1
        6955000	       694	80000adc	00301b93	slli	x23,x0,0x3	  x0:0x00000000 x23=0x00000000
        6965000	       695	80000ae0	710daa93	slti	x21,x27,1808	 x27:0x11560000 x21=0x00000000
        6975000	       696	80000ae4	4160d093	srai	x1,x1,0x16	  x1:0x00000000  x1=0x00000000
        6985000	       697	80000ae8	0114d093	srli	x1,x9,0x11	  x9:0x088539c8  x1=0x00000442
        6995000	       698	80000aec	e839ae13	slti	x28,x19,-381	 x19:0x000000c4 x28=0x00000000
        7005000	       699	80000af0	00941e93	slli	x29,x8,0x9	  x8:0x00004000 x29=0x00800000
        7015000	       700	80000af4	ea3beb97	auipc	x23,0xea3be	 x23=0x6a3beaf0
        7025000	       701	80000af8	41eedbb3	sra	x23,x29,x30	 x29:0x00800000 x30:0x00000000 x23=0x00800000
        7035000	       702	80000afc	0660b113	sltiu	x2,x1,102	  x1:0x00000442  x2=0x00000000
        7045000	       703	80000b00	fe3a2c17	auipc	x24,0xfe3a2	 x24=0x7e3a2afc
        7055000	       704	80000b04	002bda13	srli	x20,x23,0x2	 x23:0x00800000 x20=0x00200000
        7065000	       705	80000b08	007347b3	xor	x15,x6,x7	  x6:0x00000000  x7:0x00000000 x15=0x00000000
        7075000	       706	80000b0c	40fc5693	srai	x13,x24,0xf	 x24:0x7e3a2afc x13=0x0000fc74
        7085000	       707	80000b10	02a8e463	bltu	x17,x10,80000b38	 x17:0x80009fc4 x10:0x4bfa8000
        7095000	       708	80000b14	00d6aeb3	slt	x29,x13,x13	 x13:0x0000fc74 x13:0x0000fc74 x29=0x00000000
        7105000	       709	80000b18	04240063	beq	x8,x2,80000b58	  x8:0x00004000  x2:0x00000000
        7115000	       710	80000b1c	01952bb3	slt	x23,x10,x25	 x10:0x4bfa8000 x25:0x8000a300 x23=0x00000000
        7125000	       711	80000b20	01c50c63	beq	x10,x28,80000b38	 x10:0x4bfa8000 x28:0x00000000
        7135000	       712	80000b24	00000013	addi	x0,x0,0	  x0:0x00000000
        7145000	       713	80000b28	0bc1bb13	sltiu	x22,x3,188	  x3:0xfffffdd0 x22=0x00000000
        7155000	       714	80000b2c	010cc2b3	xor	x5,x25,x16	 x25:0x8000a300 x16:0x00000040  x5=0x8000a340
        7165000	       715	80000b30	00ec14b3	sll	x9,x24,x14	 x24:0x7e3a2afc x14:0x80009f84  x9=0xe3a2afc0
        7175000	       716	80000b34	01ed8eb3	add	x29,x27,x30	 x27:0x11560000 x30:0x00000000 x29=0x11560000
        7185000	       717	80000b38	003fd333	srl	x6,x31,x3	 x31:0x3fffffed  x3:0xfffffdd0  x6=0x00003fff
        7195000	       718	80000b3c	00087eb3	and	x29,x16,x0	 x16:0x00000040  x0:0x00000000 x29=0x00000000
        7205000	       719	80000b40	408a0d33	sub	x26,x20,x8	 x20:0x00200000  x8:0x00004000 x26=0x001fc000
        7215000	       720	80000b44	006611b3	sll	x3,x12,x6	 x12:0x00000000  x6:0x00003fff  x3=0x00000000
        7225000	       721	80000b48	8178eb13	ori	x22,x17,-2025	 x17:0x80009fc4 x22=0xffffffd7
        7235000	       722	80000b4c	404e8533	sub	x10,x29,x4	 x29:0x00000000  x4:0x80009f23 x10=0x7fff60dd
        7245000	       723	80000b50	945dc993	xori	x19,x27,-1723	 x27:0x11560000 x19=0xeea9f945
        7255000	       724	80000b54	6862c813	xori	x16,x5,1670	  x5:0x8000a340 x16=0x8000a5c6
        7265000	       725	80000b58	03564a63	blt	x12,x21,80000b8c	 x12:0x00000000 x21:0x00000000
        7275000	       726	80000b5c	0eeccf93	xori	x31,x25,238	 x25:0x8000a300 x31=0x8000a3ee
        7285000	       727	80000b60	03d3e663	bltu	x7,x29,80000b8c	  x7:0x00000000 x29:0x00000000
        7295000	       728	80000b64	41d0d593	srai	x11,x1,0x1d	  x1:0x00000442 x11=0x00000000
        7305000	       729	80000b68	01f61693	slli	x13,x12,0x1f	 x12:0x00000000 x13=0x00000000
        7315000	       730	80000b6c	13743237	lui	x4,0x13743	  x4=0x13743000
        7325000	       731	80000b70	003240b3	xor	x1,x4,x3	  x4:0x13743000  x3:0x00000000  x1=0x13743000
        7335000	       732	80000b74	4174d2b3	sra	x5,x9,x23	  x9:0xe3a2afc0 x23:0x00000000  x5=0xe3a2afc0
        7345000	       733	80000b78	04639663	bne	x7,x6,80000bc4	  x7:0x00000000  x6:0x00003fff
        7355000	       734	00000000	00000013	addi	x0,x0,0	  x0:0x00000000
        7365000	       735	80000bc0	00000013	addi	x0,x0,0	  x0:0x00000000
        7375000	       736	80000bc4	c12f1d37	lui	x26,0xc12f1	 x26=0xc12f1000
        7385000	       737	80000bc8	01d24663	blt	x4,x29,80000bd4	  x4:0x13743000 x29:0x00000000
        7395000	       738	80000bcc	01669263	bne	x13,x22,80000bd0	 x13:0x00000000 x22:0xffffffd7
        7405000	       739	00000000	00000013	addi	x0,x0,0	  x0:0x00000000
        7415000	       740	80000bcc	00000013	addi	x0,x0,0	  x0:0x00000000
        7425000	       741	80000bd0	00f971b3	and	x3,x18,x15	 x18:0x00000000 x15:0x00000000  x3=0x00000000
        7435000	       742	80000bd4	006655b3	srl	x11,x12,x6	 x12:0x00000000  x6:0x00003fff x11=0x00000000
        7445000	       743	80000bd8	00d81533	sll	x10,x16,x13	 x16:0x8000a5c6 x13:0x00000000 x10=0x8000a5c6
        7455000	       744	80000bdc	01b04eb3	xor	x29,x0,x27	  x0:0x00000000 x27:0x11560000 x29=0x11560000
        7465000	       745	80000be0	02aae463	bltu	x21,x10,80000c08	 x21:0x00000000 x10:0x8000a5c6
        7475000	       746	00000000	00000013	addi	x0,x0,0	  x0:0x00000000
        7485000	       747	80000c04	00000013	addi	x0,x0,0	  x0:0x00000000
        7495000	       748	80000c08	00000013	addi	x0,x0,0	  x0:0x00000000
        7505000	       749	80000c0c	f0498593	addi	x11,x19,-252	 x19:0xeea9f945 x11=0xeea9f849
        7515000	       750	80000c10	02998a63	beq	x19,x9,80000c44	 x19:0xeea9f945  x9:0xe3a2afc0
        7525000	       751	80000c14	01f2d593	srli	x11,x5,0x1f	  x5:0xe3a2afc0 x11=0x00000001
        7535000	       752	80000c18	01d31393	slli	x7,x6,0x1d	  x6:0x00003fff  x7=0xe0000000
        7545000	       753	80000c1c	01ea9e33	sll	x28,x21,x30	 x21:0x00000000 x30:0x00000000 x28=0x00000000
        7555000	       754	80000c20	046b7663	bgeu	x22,x6,80000c6c	 x22:0xffffffd7  x6:0x00003fff
        7565000	       755	00000000	00000013	addi	x0,x0,0	  x0:0x00000000
        7575000	       756	80000c68	00000013	addi	x0,x0,0	  x0:0x00000000
        7585000	       757	80000c6c	00c2f933	and	x18,x5,x12	  x5:0xe3a2afc0 x12:0x00000000 x18=0x00000000
        7595000	       758	80000c70	008277b3	and	x15,x4,x8	  x4:0x13743000  x8:0x00004000 x15=0x00000000
        7605000	       759	80000c74	00000013	addi	x0,x0,0	  x0:0x00000000
        7615000	       760	80000c78	01a7fcb3	and	x25,x15,x26	 x15:0x00000000 x26:0xc12f1000 x25=0x00000000
        7625000	       761	80000c7c	09c9ba37	lui	x20,0x9c9b	 x20=0x09c9b000
        7635000	       762	80000c80	01655613	srli	x12,x10,0x16	 x10:0x8000a5c6 x12=0x00000200
        7645000	       763	80000c84	404a5593	srai	x11,x20,0x4	 x20:0x09c9b000 x11=0x009c9b00
        7655000	       764	80000c88	00e26933	or	x18,x4,x14	  x4:0x13743000 x14:0x80009f84 x18=0x9374bf84
        7665000	       765	80000c8c	c8e6f093	andi	x1,x13,-882	 x13:0x00000000  x1=0x00000000
        7675000	       766	80000c90	2f9fe093	ori	x1,x31,761	 x31:0x8000a3ee  x1=0x8000a3ff
        7685000	       767	80000c94	008c0d37	lui	x26,0x8c0	 x26=0x008c0000
        7695000	       768	80000c98	01b5cc63	blt	x11,x27,80000cb0	 x11:0x009c9b00 x27:0x11560000
        7705000	       769	00000000	00000013	addi	x0,x0,0	  x0:0x00000000
        7715000	       770	80000cac	00000013	addi	x0,x0,0	  x0:0x00000000
        7725000	       771	80000cb0	7f43e513	ori	x10,x7,2036	  x7:0xe0000000 x10=0xe00007f4
        7735000	       772	80000cb4	b2da8217	auipc	x4,0xb2da8	  x4=0x32da8cb0
        7745000	       773	80000cb8	417c0db3	sub	x27,x24,x23	 x24:0x7e3a2afc x23:0x00000000 x27=0x7e3a2afc
        7755000	       774	80000cbc	ff938213	addi	x4,x7,-7	  x7:0xe0000000  x4=0xdffffff9
        7765000	       775	80000cc0	8733a093	slti	x1,x7,-1933	  x7:0xe0000000  x1=0x00000001
        7775000	       776	80000cc4	02116e63	bltu	x2,x1,80000d00	  x2:0x00000000  x1:0x00000001
        7785000	       777	00000000	00000013	addi	x0,x0,0	  x0:0x00000000
        7795000	       778	80000cfc	00000013	addi	x0,x0,0	  x0:0x00000000
        7805000	       779	80000d00	01c65e63	bge	x12,x28,80000d1c	 x12:0x00000200 x28:0x00000000
        7815000	       780	00000000	00000013	addi	x0,x0,0	  x0:0x00000000
        7825000	       781	80000d18	00000013	addi	x0,x0,0	  x0:0x00000000
        7835000	       782	80000d1c	04528063	beq	x5,x5,80000d5c	  x5:0xe3a2afc0  x5:0xe3a2afc0
        7845000	       783	00000000	00000013	addi	x0,x0,0	  x0:0x00000000
        7855000	       784	80000d58	00000013	addi	x0,x0,0	  x0:0x00000000
        7865000	       785	80000d5c	01b16463	bltu	x2,x27,80000d64	  x2:0x00000000 x27:0x7e3a2afc
        7875000	       786	00000000	00000013	addi	x0,x0,0	  x0:0x00000000
        7885000	       787	80000d60	00000013	addi	x0,x0,0	  x0:0x00000000
        7895000	       788	80000d64	01f6e263	bltu	x13,x31,80000d68	 x13:0x00000000 x31:0x8000a3ee
        7905000	       789	00000000	00000013	addi	x0,x0,0	  x0:0x00000000
        7915000	       790	80000d64	00000013	addi	x0,x0,0	  x0:0x00000000
        7925000	       791	80000d68	1439a413	slti	x8,x19,323	 x19:0xeea9f945  x8=0x00000001
        7935000	       792	80000d6c	68530793	addi	x15,x6,1669	  x6:0x00003fff x15=0x00004684
        7945000	       793	80000d70	00000013	addi	x0,x0,0	  x0:0x00000000
        7955000	       794	80000d74	410adcb3	sra	x25,x21,x16	 x21:0x00000000 x16:0x8000a5c6 x25=0x00000000
        7965000	       795	80000d78	026e4063	blt	x28,x6,80000d98	 x28:0x00000000  x6:0x00003fff
        7975000	       796	00000000	00000013	addi	x0,x0,0	  x0:0x00000000
        7985000	       797	80000d94	00000013	addi	x0,x0,0	  x0:0x00000000
        7995000	       798	80000d98	03077663	bgeu	x14,x16,80000dc4	 x14:0x80009f84 x16:0x8000a5c6
        8005000	       799	80000d9c	00a6f3b3	and	x7,x13,x10	 x13:0x00000000 x10:0xe00007f4  x7=0x00000000
        8015000	       800	80000da0	00e75113	srli	x2,x14,0xe	 x14:0x80009f84  x2=0x00020002
        8025000	       801	80000da4	f0a2f393	andi	x7,x5,-246	  x5:0xe3a2afc0  x7=0xe3a2af00
        8035000	       802	80000da8	01b7f033	and	x0,x15,x27	 x15:0x00004684 x27:0x7e3a2afc
        8045000	       803	80000dac	401f5d33	sra	x26,x30,x1	 x30:0x00000000  x1:0x00000001 x26=0x00000000
        8055000	       804	80000db0	016defb3	or	x31,x27,x22	 x27:0x7e3a2afc x22:0xffffffd7 x31=0xffffffff
        8065000	       805	80000db4	00fa81b3	add	x3,x21,x15	 x21:0x00000000 x15:0x00004684  x3=0x00004684
        8075000	       806	80000db8	00a31263	bne	x6,x10,80000dbc	  x6:0x00003fff x10:0xe00007f4
        8085000	       807	00000000	00000013	addi	x0,x0,0	  x0:0x00000000
        8095000	       808	80000db8	00000013	addi	x0,x0,0	  x0:0x00000000
        8105000	       809	80000dbc	0130e263	bltu	x1,x19,80000dc0	  x1:0x00000001 x19:0xeea9f945
        8115000	       810	00000000	00000013	addi	x0,x0,0	  x0:0x00000000
        8125000	       811	80000dbc	00000013	addi	x0,x0,0	  x0:0x00000000
        8135000	       812	80000dc0	04725063	bge	x4,x7,80000e00	  x4:0xdffffff9  x7:0xe3a2af00
        8145000	       813	80000dc4	00a4d1b3	srl	x3,x9,x10	  x9:0xe3a2afc0 x10:0xe00007f4  x3=0x00000e3a
        8155000	       814	80000dc8	ca11fb13	andi	x22,x3,-863	  x3:0x00000e3a x22=0x00000c20
        8165000	       815	80000dcc	01b05193	srli	x3,x0,0x1b	  x0:0x00000000  x3=0x00000000
        8175000	       816	80000dd0	006c15b3	sll	x11,x24,x6	 x24:0x7e3a2afc  x6:0x00003fff x11=0x00000000
        8185000	       817	80000dd4	0041c263	blt	x3,x4,80000dd8	  x3:0x00000000  x4:0xdffffff9
        8195000	       818	80000dd8	004cde93	srli	x29,x25,0x4	 x25:0x00000000 x29=0x00000000
        8205000	       819	80000ddc	008c4463	blt	x24,x8,80000de4	 x24:0x7e3a2afc  x8:0x00000001
        8215000	       820	80000de0	00242633	slt	x12,x8,x2	  x8:0x00000001  x2:0x00020002 x12=0x00000001
        8225000	       821	80000de4	415d0bb3	sub	x23,x26,x21	 x26:0x00000000 x21:0x00000000 x23=0x00000000
        8235000	       822	80000de8	40e5d133	sra	x2,x11,x14	 x11:0x00000000 x14:0x80009f84  x2=0x00000000
        8245000	       823	80000dec	0175f5b3	and	x11,x11,x23	 x11:0x00000000 x23:0x00000000 x11=0x00000000
        8255000	       824	80000df0	a8915817	auipc	x16,0xa8915	 x16=0x28915dec
        8265000	       825	80000df4	e7e48c93	addi	x25,x9,-386	  x9:0xe3a2afc0 x25=0xe3a2ae3e
        8275000	       826	80000df8	974c4797	auipc	x15,0x974c4	 x15=0x174c4df4
        8285000	       827	80000dfc	4113d193	srai	x3,x7,0x11	  x7:0xe3a2af00  x3=0xfffff1d1
        8295000	       828	80000e00	00000013	addi	x0,x0,0	  x0:0x00000000
        8305000	       829	80000e04	05e34063	blt	x6,x30,80000e44	  x6:0x00003fff x30:0x00000000
        8315000	       830	80000e08	014751b3	srl	x3,x14,x20	 x14:0x80009f84 x20:0x09c9b000  x3=0x80009f84
        8325000	       831	80000e0c	a81ff113	andi	x2,x31,-1407	 x31:0xffffffff  x2=0xfffffa81
        8335000	       832	80000e10	05f19063	bne	x3,x31,80000e50	  x3:0x80009f84 x31:0xffffffff
        8345000	       833	00000000	00000013	addi	x0,x0,0	  x0:0x00000000
        8355000	       834	80000e4c	00000013	addi	x0,x0,0	  x0:0x00000000
        8365000	       835	80000e50	0063f133	and	x2,x7,x6	  x7:0xe3a2af00  x6:0x00003fff  x2=0x00002f00
        8375000	       836	80000e54	b6024797	auipc	x15,0xb6024	 x15=0x36024e50
        8385000	       837	80000e58	0138fc33	and	x24,x17,x19	 x17:0x80009fc4 x19:0xeea9f945 x24=0x80009944
        8395000	       838	80000e5c	03085a63	bge	x16,x16,80000e90	 x16:0x28915dec x16:0x28915dec
        8405000	       839	00000000	00000013	addi	x0,x0,0	  x0:0x00000000
        8415000	       840	80000e8c	00000013	addi	x0,x0,0	  x0:0x00000000
        8425000	       841	80000e90	40245ab3	sra	x21,x8,x2	  x8:0x00000001  x2:0x00002f00 x21=0x00000001
        8435000	       842	80000e94	4ae41197	auipc	x3,0x4ae41	  x3=0xcae41e90
        8445000	       843	80000e98	00715233	srl	x4,x2,x7	  x2:0x00002f00  x7:0xe3a2af00  x4=0x00002f00
        8455000	       844	80000e9c	008ba133	slt	x2,x23,x8	 x23:0x00000000  x8:0x00000001  x2=0x00000001
        8465000	       845	80000ea0	0cf08463	beq	x1,x15,80000f68	  x1:0x00000001 x15:0x36024e50
        8475000	       846	80000ea4	0a0cf863	bgeu	x25,x0,80000f54	 x25:0xe3a2ae3e  x0:0x00000000
        8485000	       847	00000000	00000013	addi	x0,x0,0	  x0:0x00000000
        8495000	       848	80000f50	00000013	addi	x0,x0,0	  x0:0x00000000
        8505000	       849	80000f54	0096a9b3	slt	x19,x13,x9	 x13:0x00000000  x9:0xe3a2afc0 x19=0x00000000
        8515000	       850	80000f58	00af1133	sll	x2,x30,x10	 x30:0x00000000 x10:0xe00007f4  x2=0x00000000
        8525000	       851	80000f5c	01e86133	or	x2,x16,x30	 x16:0x28915dec x30:0x00000000  x2=0x28915dec
        8535000	       852	80000f60	ddfd7c37	lui	x24,0xddfd7	 x24=0xddfd7000
        8545000	       853	80000f64	d76a86b7	lui	x13,0xd76a8	 x13=0xd76a8000
        8555000	       854	80000f68	00bd6c63	bltu	x26,x11,80000f80	 x26:0x00000000 x11:0x00000000
        8565000	       855	80000f6c	d24bae93	slti	x29,x23,-732	 x23:0x00000000 x29=0x00000000
        8575000	       856	80000f70	059ce663	bltu	x25,x25,80000fbc	 x25:0xe3a2ae3e x25:0xe3a2ae3e
        8585000	       857	80000f74	02d50663	beq	x10,x13,80000fa0	 x10:0xe00007f4 x13:0xd76a8000
        8595000	       858	80000f78	00ab7433	and	x8,x22,x10	 x22:0x00000c20 x10:0xe00007f4  x8=0x00000420
        8605000	       859	80000f7c	d367ed13	ori	x26,x15,-714	 x15:0x36024e50 x26=0xffffff76
        8615000	       860	80000f80	3ede8813	addi	x16,x29,1005	 x29:0x00000000 x16=0x000003ed
        8625000	       861	80000f84	0053dab3	srl	x21,x7,x5	  x7:0xe3a2af00  x5:0xe3a2afc0 x21=0xe3a2af00
        8635000	       862	80000f88	45565237	lui	x4,0x45565	  x4=0x45565000
        8645000	       863	80000f8c	0736ab93	slti	x23,x13,115	 x13:0xd76a8000 x23=0x00000001
        8655000	       864	80000f90	40b952b3	sra	x5,x18,x11	 x18:0x9374bf84 x11:0x00000000  x5=0x9374bf84
        8665000	       865	80000f94	00429f93	slli	x31,x5,0x4	  x5:0x9374bf84 x31=0x374bf840
        8675000	       866	80000f98	a88da637	lui	x12,0xa88da	 x12=0xa88da000
        8685000	       867	80000f9c	0169a433	slt	x8,x19,x22	 x19:0x00000000 x22:0x00000c20  x8=0x00000001
        8695000	       868	80000fa0	00b20033	add	x0,x4,x11	  x4:0x45565000 x11:0x00000000
        8705000	       869	80000fa4	0098a2b3	slt	x5,x17,x9	 x17:0x80009fc4  x9:0xe3a2afc0  x5=0x00000001
        8715000	       870	80000fa8	0146e433	or	x8,x13,x20	 x13:0xd76a8000 x20:0x09c9b000  x8=0xdfebb000
        8725000	       871	80000fac	dd64ee13	ori	x28,x9,-554	  x9:0xe3a2afc0 x28=0xffffffd6
        8735000	       872	80000fb0	0092a833	slt	x16,x5,x9	  x5:0x00000001  x9:0xe3a2afc0 x16=0x00000000
        8745000	       873	80000fb4	00ca9993	slli	x19,x21,0xc	 x21:0xe3a2af00 x19=0x2af00000
        8755000	       874	80000fb8	007c2233	slt	x4,x24,x7	 x24:0xddfd7000  x7:0xe3a2af00  x4=0x00000001
        8765000	       875	80000fbc	03a48063	beq	x9,x26,80000fdc	  x9:0xe3a2afc0 x26:0xffffff76
        8775000	       876	80000fc0	00000013	addi	x0,x0,0	  x0:0x00000000
        8785000	       877	80000fc4	05bf0063	beq	x30,x27,80001004	 x30:0x00000000 x27:0x7e3a2afc
        8795000	       878	80000fc8	817bf393	andi	x7,x23,-2025	 x23:0x00000001  x7=0x00000001
        8805000	       879	80000fcc	08f70817	auipc	x16,0x8f70	 x16=0x88f70fc8
        8815000	       880	80000fd0	9f068a13	addi	x20,x13,-1552	 x13:0xd76a8000 x20=0xd76a79f0
        8825000	       881	80000fd4	019961b3	or	x3,x18,x25	 x18:0x9374bf84 x25:0xe3a2ae3e  x3=0xf3f6bfbe
        8835000	       882	80000fd8	01040b33	add	x22,x8,x16	  x8:0xdfebb000 x16:0x88f70fc8 x22=0x68e2bfc8
        8845000	       883	80000fdc	004f8933	add	x18,x31,x4	 x31:0x374bf840  x4:0x00000001 x18=0x374bf841
        8855000	       884	80000fe0	04145663	bge	x8,x1,8000102c	  x8:0xdfebb000  x1:0x00000001
        8865000	       885	80000fe4	4051d4b3	sra	x9,x3,x5	  x3:0xf3f6bfbe  x5:0x00000001  x9=0xf9fb5fdf
        8875000	       886	80000fe8	00000013	addi	x0,x0,0	  x0:0x00000000
        8885000	       887	80000fec	020a7663	bgeu	x20,x0,80001018	 x20:0xd76a79f0  x0:0x00000000
        8895000	       888	00000000	00000013	addi	x0,x0,0	  x0:0x00000000
        8905000	       889	80001014	00000013	addi	x0,x0,0	  x0:0x00000000
        8915000	       890	80001018	0130c333	xor	x6,x1,x19	  x1:0x00000001 x19:0x2af00000  x6=0x2af00001
        8925000	       891	8000101c	01cdc2b3	xor	x5,x27,x28	 x27:0x7e3a2afc x28:0xffffffd6  x5=0x81c5d52a
        8935000	       892	80001020	005364b3	or	x9,x6,x5	  x6:0x2af00001  x5:0x81c5d52a  x9=0xabf5d52b
        8945000	       893	80001024	4035d213	srai	x4,x11,0x3	 x11:0x00000000  x4=0x00000000
        8955000	       894	80001028	00753633	sltu	x12,x10,x7	 x10:0xe00007f4  x7:0x00000001 x12=0x00000000
        8965000	       895	8000102c	ba370313	addi	x6,x14,-1117	 x14:0x80009f84  x6=0x80009b27
        8975000	       896	80001030	011ae0b3	or	x1,x21,x17	 x21:0xe3a2af00 x17:0x80009fc4  x1=0xe3a2bfc4
        8985000	       897	80001034	015647b3	xor	x15,x12,x21	 x12:0x00000000 x21:0xe3a2af00 x15=0xe3a2af00
        8995000	       898	80001038	11111063	bne	x2,x17,80001138	  x2:0x28915dec x17:0x80009fc4
        9005000	       899	00000000	00000013	addi	x0,x0,0	  x0:0x00000000
        9015000	       900	80001134	00000013	addi	x0,x0,0	  x0:0x00000000
        9025000	       901	80001138	050b8693	addi	x13,x23,80	 x23:0x00000001 x13=0x00000051
        9035000	       902	8000113c	8145ef93	ori	x31,x11,-2028	 x11:0x00000000 x31=0xfffff814
        9045000	       903	80001140	53a9e093	ori	x1,x19,1338	 x19:0x2af00000  x1=0x2af0053a
        9055000	       904	80001144	013d7bb3	and	x23,x26,x19	 x26:0xffffff76 x19:0x2af00000 x23=0x2af00000
        9065000	       905	80001148	004c1a93	slli	x21,x24,0x4	 x24:0xddfd7000 x21=0xdfd70000
        9075000	       906	8000114c	00005d13	srli	x26,x0,0x0	  x0:0x00000000 x26=0x00000000
        9085000	       907	80001150	0139f263	bgeu	x19,x19,80001154	 x19:0x2af00000 x19:0x2af00000
        9095000	       908	00000000	00000013	addi	x0,x0,0	  x0:0x00000000
        9105000	       909	80001150	00000013	addi	x0,x0,0	  x0:0x00000000
        9115000	       910	80001154	008b3433	sltu	x8,x22,x8	 x22:0x68e2bfc8  x8:0xdfebb000  x8=0x00000001
        9125000	       911	80001158	00256c33	or	x24,x10,x2	 x10:0xe00007f4  x2:0x28915dec x24=0xe8915ffc
        9135000	       912	8000115c	04987063	bgeu	x16,x9,8000119c	 x16:0x88f70fc8  x9:0xabf5d52b
        9145000	       913	80001160	038a7a63	bgeu	x20,x24,80001194	 x20:0xd76a79f0 x24:0xe8915ffc
        9155000	       914	80001164	bf102d93	slti	x27,x0,-1039	  x0:0x00000000 x27=0x00000000
        9165000	       915	80001168	01cd4e63	blt	x26,x28,80001184	 x26:0x00000000 x28:0xffffffd6
        9175000	       916	8000116c	40a2da33	sra	x20,x5,x10	  x5:0x81c5d52a x10:0xe00007f4 x20=0xfffff81c
        9185000	       917	80001170	a2324913	xori	x18,x4,-1501	  x4:0x00000000 x18=0xfffffa23
        9195000	       918	80001174	00000013	addi	x0,x0,0	  x0:0x00000000
        9205000	       919	80001178	0198d493	srli	x9,x17,0x19	 x17:0x80009fc4  x9=0x00000040
        9215000	       920	8000117c	00f6aab3	slt	x21,x13,x15	 x13:0x00000051 x15:0xe3a2af00 x21=0x00000000
        9225000	       921	80001180	90c50a13	addi	x20,x10,-1780	 x10:0xe00007f4 x20=0xe0000100
        9235000	       922	80001184	011717b3	sll	x15,x14,x17	 x14:0x80009f84 x17:0x80009fc4 x15=0x0009f840
        9245000	       923	80001188	005baa33	slt	x20,x23,x5	 x23:0x2af00000  x5:0x81c5d52a x20=0x00000000
        9255000	       924	8000118c	b64d7993	andi	x19,x26,-1180	 x26:0x00000000 x19=0x00000000
        9265000	       925	80001190	00d20233	add	x4,x4,x13	  x4:0x00000000 x13:0x00000051  x4=0x00000051
        9275000	       926	80001194	002f30b3	sltu	x1,x30,x2	 x30:0x00000000  x2:0x28915dec  x1=0x00000001
        9285000	       927	80001198	00000013	addi	x0,x0,0	  x0:0x00000000
        9295000	       928	8000119c	0194b2b3	sltu	x5,x9,x25	  x9:0x00000040 x25:0xe3a2ae3e  x5=0x00000001
        9305000	       929	800011a0	02545463	bge	x8,x5,800011c8	  x8:0x00000001  x5:0x00000001
        9315000	       930	00000000	00000013	addi	x0,x0,0	  x0:0x00000000
        9325000	       931	800011c4	00000013	addi	x0,x0,0	  x0:0x00000000
        9335000	       932	800011c8	014ec693	xori	x13,x29,20	 x29:0x00000000 x13=0x00000014
        9345000	       933	800011cc	01fb0933	add	x18,x22,x31	 x22:0x68e2bfc8 x31:0xfffff814 x18=0x68e2b7dc
        9355000	       934	800011d0	00aa4b33	xor	x22,x20,x10	 x20:0x00000000 x10:0xe00007f4 x22=0xe00007f4
        9365000	       935	800011d4	08a47863	bgeu	x8,x10,80001264	  x8:0x00000001 x10:0xe00007f4
        9375000	       936	800011d8	0823d063	bge	x7,x2,80001258	  x7:0x00000001  x2:0x28915dec
        9385000	       937	800011dc	06319e63	bne	x3,x3,80001258	  x3:0xf3f6bfbe  x3:0xf3f6bfbe
        9395000	       938	800011e0	40cdd333	sra	x6,x27,x12	 x27:0x00000000 x12:0x00000000  x6=0x00000000
        9405000	       939	800011e4	416dd113	srai	x2,x27,0x16	 x27:0x00000000  x2=0x00000000
        9415000	       940	800011e8	2facba93	sltiu	x21,x25,762	 x25:0xe3a2ae3e x21=0x00000000
        9425000	       941	800011ec	00007497	auipc	x9,0x7	  x9=0x800081e8
        9435000	       942	800011f0	14148493	addi	x9,x9,321	  x9:0x800081e8  x9=0x80008329
        9445000	       943	800011f4	01c68fb3	add	x31,x13,x28	 x13:0x00000014 x28:0xffffffd6 x31=0xffffffea
        9455000	       944	800011f8	fcd4d603	lhu	x12,-51(x9)	  x9:0x80008329 x12=0x000062da PA:0x800082f6
        9465000	       945	00000000	00000013	addi	x0,x0,0	  x0:0x00000000
        9475000	       946	800011fc	79067613	andi	x12,x12,1936	 x12:0x000062da x12=0x00000290
        9485000	       947	80001200	fd34ad83	lw	x27,-45(x9)	  x9:0x80008329 x27=0x9565d285 PA:0x800082fc
        9495000	       948	80001204	fca4cb83	lbu	x23,-54(x9)	  x9:0x80008329 x23=0x000000ac PA:0x800082f3
        9505000	       949	80001208	fe548e23	sb	x5,-4(x9)	  x9:0x80008329  x5:0x00000001 PA:0x80008325
        9515000	       950	8000120c	038498a3	sh	x24,49(x9)	  x9:0x80008329 x24:0xe8915ffc PA:0x8000835a
        9525000	       951	80001210	00000013	addi	x0,x0,0	  x0:0x00000000
        9535000	       952	80001214	0084cb03	lbu	x22,8(x9)	  x9:0x80008329 x22=0x00000043 PA:0x80008331
        9545000	       953	80001218	0fa5ae37	lui	x28,0xfa5a	 x28=0x0fa5a000
        9555000	       954	8000121c	fd848a03	lb	x20,-40(x9)	  x9:0x80008329 x20=0xffffff84 PA:0x80008301
        9565000	       955	80001220	fe148823	sb	x1,-16(x9)	  x9:0x80008329  x1:0x00000001 PA:0x80008319
        9575000	       956	80001224	3b38adb7	lui	x27,0x3b38a	 x27=0x3b38a000
        9585000	       957	80001228	03c49fa3	sh	x28,63(x9)	  x9:0x80008329 x28:0x0fa5a000 PA:0x80008368
        9595000	       958	8000122c	00af6133	or	x2,x30,x10	 x30:0x00000000 x10:0xe00007f4  x2=0xe00007f4
        9605000	       959	80001230	003dbb33	sltu	x22,x27,x3	 x27:0x3b38a000  x3:0xf3f6bfbe x22=0x00000001
        9615000	       960	80001234	93eb0193	addi	x3,x22,-1730	 x22:0x00000001  x3=0xfffff93f
        9625000	       961	80001238	01cbe533	or	x10,x23,x28	 x23:0x000000ac x28:0x0fa5a000 x10=0x0fa5a0ac
        9635000	       962	8000123c	fc848f23	sb	x8,-34(x9)	  x9:0x80008329  x8:0x00000001 PA:0x80008307
        9645000	       963	80001240	01148723	sb	x17,14(x9)	  x9:0x80008329 x17:0x80009fc4 PA:0x80008337
        9655000	       964	80001244	011e4333	xor	x6,x28,x17	 x28:0x0fa5a000 x17:0x80009fc4  x6=0x8fa53fc4
        9665000	       965	80001248	00a97b33	and	x22,x18,x10	 x18:0x68e2b7dc x10:0x0fa5a0ac x22=0x08a0a08c
        9675000	       966	8000124c	02048303	lb	x6,32(x9)	  x9:0x80008329  x6=0x00000023 PA:0x80008349
        9685000	       967	80001250	3e21cd13	xori	x26,x3,994	  x3:0xfffff93f x26=0xfffffadd
        9695000	       968	80001254	9eaf8413	addi	x8,x31,-1558	 x31:0xffffffea  x8=0xfffff9d4
        9705000	       969	80001258	bd50d217	auipc	x4,0xbd50d	  x4=0x3d50e254
        9715000	       970	8000125c	00bfce63	blt	x31,x11,80001278	 x31:0xffffffea x11:0x00000000
        9725000	       971	00000000	00000013	addi	x0,x0,0	  x0:0x00000000
        9735000	       972	80001274	00000013	addi	x0,x0,0	  x0:0x00000000
        9745000	       973	80001278	00bd4633	xor	x12,x26,x11	 x26:0xfffffadd x11:0x00000000 x12=0xfffffadd
        9755000	       974	8000127c	037d4063	blt	x26,x23,8000129c	 x26:0xfffffadd x23:0x000000ac
        9765000	       975	00000000	00000013	addi	x0,x0,0	  x0:0x00000000
        9775000	       976	80001298	00000013	addi	x0,x0,0	  x0:0x00000000
        9785000	       977	8000129c	00c319b3	sll	x19,x6,x12	  x6:0x00000023 x12:0xfffffadd x19=0x60000000
        9795000	       978	800012a0	dd84f013	andi	x0,x9,-552	  x9:0x80008329
        9805000	       979	800012a4	0a7c6213	ori	x4,x24,167	 x24:0xe8915ffc  x4=0xe8915fff
        9815000	       980	800012a8	05456593	ori	x11,x10,84	 x10:0x0fa5a0ac x11=0x0fa5a0fc
        9825000	       981	800012ac	0186ea33	or	x20,x13,x24	 x13:0x00000014 x24:0xe8915ffc x20=0xe8915ffc
        9835000	       982	800012b0	3738a793	slti	x15,x17,883	 x17:0x80009fc4 x15=0x00000001
        9845000	       983	800012b4	7b039637	lui	x12,0x7b039	 x12=0x7b039000
        9855000	       984	800012b8	b564b413	sltiu	x8,x9,-1194	  x9:0x80008329  x8=0x00000001
        9865000	       985	800012bc	4002d593	srai	x11,x5,0x0	  x5:0x00000001 x11=0x00000001
        9875000	       986	800012c0	01d41663	bne	x8,x29,800012cc	  x8:0x00000001 x29:0x00000000
        9885000	       987	00000000	00000013	addi	x0,x0,0	  x0:0x00000000
        9895000	       988	800012c8	00000013	addi	x0,x0,0	  x0:0x00000000
        9905000	       989	800012cc	9fea7917	auipc	x18,0x9fea7	 x18=0x1fea82c8
        9915000	       990	800012d0	636ba193	slti	x3,x23,1590	 x23:0x000000ac  x3=0x00000001
        9925000	       991	800012d4	005cee33	or	x28,x25,x5	 x25:0xe3a2ae3e  x5:0x00000001 x28=0xe3a2ae3f
        9935000	       992	800012d8	01313133	sltu	x2,x2,x19	  x2:0xe00007f4 x19:0x60000000  x2=0x00000000
        9945000	       993	800012dc	04d2c063	blt	x5,x13,8000131c	  x5:0x00000001 x13:0x00000014
        9955000	       994	00000000	00000013	addi	x0,x0,0	  x0:0x00000000
        9965000	       995	80001318	00000013	addi	x0,x0,0	  x0:0x00000000
        9975000	       996	8000131c	04a35063	bge	x6,x10,8000135c	  x6:0x00000023 x10:0x0fa5a0ac
        9985000	       997	80001320	00158cb3	add	x25,x11,x1	 x11:0x00000001  x1:0x00000001 x25=0x00000002
        9995000	       998	80001324	863df213	andi	x4,x27,-1949	 x27:0x3b38a000  x4=0x3b38a000
       10005000	       999	80001328	0044a533	slt	x10,x9,x4	  x9:0x80008329  x4:0x3b38a000 x10=0x00000001
       10015000	      1000	8000132c	00111913	slli	x18,x2,0x1	  x2:0x00000000 x18=0x00000000
       10025000	      1001	80001330	4006d693	srai	x13,x13,0x0	 x13:0x00000014 x13=0x00000014
       10035000	      1002	80001334	9e737497	auipc	x9,0x9e737	  x9=0x1e738330
       10045000	      1003	80001338	03c08663	beq	x1,x28,80001364	  x1:0x00000001 x28:0xe3a2ae3f
       10055000	      1004	8000133c	01649fb3	sll	x31,x9,x22	  x9:0x1e738330 x22:0x08a0a08c x31=0x38330000
       10065000	      1005	80001340	77c4e393	ori	x7,x9,1916	  x9:0x1e738330  x7=0x1e73877c
       10075000	      1006	80001344	017ed263	bge	x29,x23,80001348	 x29:0x00000000 x23:0x000000ac
       10085000	      1007	80001348	de710c37	lui	x24,0xde710	 x24=0xde710000
       10095000	      1008	8000134c	03c95a63	bge	x18,x28,80001380	 x18:0x00000000 x28:0xe3a2ae3f
       10105000	      1009	00000000	00000013	addi	x0,x0,0	  x0:0x00000000
       10115000	      1010	8000137c	00000013	addi	x0,x0,0	  x0:0x00000000
       10125000	      1011	80001380	00274333	xor	x6,x14,x2	 x14:0x80009f84  x2:0x00000000  x6=0x80009f84
       10135000	      1012	80001384	039b6463	bltu	x22,x25,800013ac	 x22:0x08a0a08c x25:0x00000002
       10145000	      1013	80001388	00bd3b33	sltu	x22,x26,x11	 x26:0xfffffadd x11:0x00000001 x22=0x00000000
       10155000	      1014	8000138c	e9d8c513	xori	x10,x17,-355	 x17:0x80009fc4 x10=0x7fff6159
       10165000	      1015	80001390	01a75533	srl	x10,x14,x26	 x14:0x80009f84 x26:0xfffffadd x10=0x00000004
       10175000	      1016	80001394	00f57263	bgeu	x10,x15,80001398	 x10:0x00000004 x15:0x00000001
       10185000	      1017	00000000	00000013	addi	x0,x0,0	  x0:0x00000000
       10195000	      1018	80001394	00000013	addi	x0,x0,0	  x0:0x00000000
       10205000	      1019	80001398	014f5d93	srli	x27,x30,0x14	 x30:0x00000000 x27=0x00000000
       10215000	      1020	8000139c	cdc7e9b7	lui	x19,0xcdc7e	 x19=0xcdc7e000
       10225000	      1021	800013a0	00b75e93	srli	x29,x14,0xb	 x14:0x80009f84 x29=0x00100013
       10235000	      1022	800013a4	d3310213	addi	x4,x2,-717	  x2:0x00000000  x4=0xfffffd33
       10245000	      1023	800013a8	008d6033	or	x0,x26,x8	 x26:0xfffffadd  x8:0x00000001
       10255000	      1024	800013ac	01ed0833	add	x16,x26,x30	 x26:0xfffffadd x30:0x00000000 x16=0xfffffadd
       10265000	      1025	800013b0	00f40863	beq	x8,x15,800013c0	  x8:0x00000001 x15:0x00000001
       10275000	      1026	00000000	00000013	addi	x0,x0,0	  x0:0x00000000
       10285000	      1027	800013bc	00000013	addi	x0,x0,0	  x0:0x00000000
       10295000	      1028	800013c0	017a5bb3	srl	x23,x20,x23	 x20:0xe8915ffc x23:0x000000ac x23=0x000e8915
       10305000	      1029	800013c4	00ab2033	slt	x0,x22,x10	 x22:0x00000000 x10:0x00000004
       10315000	      1030	800013c8	0edecb17	auipc	x22,0xedec	 x22=0x8eded3c4
       10325000	      1031	800013cc	bf6fb097	auipc	x1,0xbf6fb	  x1=0x3f6fc3c8
       10335000	      1032	800013d0	034ece63	blt	x29,x20,8000140c	 x29:0x00100013 x20:0xe8915ffc
       10345000	      1033	800013d4	007543b3	xor	x7,x10,x7	 x10:0x00000004  x7:0x1e73877c  x7=0x1e738778
       10355000	      1034	800013d8	00ab30b3	sltu	x1,x22,x10	 x22:0x8eded3c4 x10:0x00000004  x1=0x00000000
       10365000	      1035	800013dc	01d8f263	bgeu	x17,x29,800013e0	 x17:0x80009fc4 x29:0x00100013
       10375000	      1036	00000000	00000013	addi	x0,x0,0	  x0:0x00000000
       10385000	      1037	800013dc	00000013	addi	x0,x0,0	  x0:0x00000000
       10395000	      1038	800013e0	00e88b33	add	x22,x17,x14	 x17:0x80009fc4 x14:0x80009f84 x22=0x00013f48
       10405000	      1039	800013e4	01f1b033	sltu	x0,x3,x31	  x3:0x00000001 x31:0x38330000
       10415000	      1040	800013e8	03b7c463	blt	x15,x27,80001410	 x15:0x00000001 x27:0x00000000
       10425000	      1041	800013ec	93772a93	slti	x21,x14,-1737	 x14:0x80009f84 x21=0x00000001
       10435000	      1042	800013f0	4141ddb3	sra	x27,x3,x20	  x3:0x00000001 x20:0xe8915ffc x27=0x00000000
       10445000	      1043	800013f4	00fa1263	bne	x20,x15,800013f8	 x20:0xe8915ffc x15:0x00000001
       10455000	      1044	00000000	00000013	addi	x0,x0,0	  x0:0x00000000
       10465000	      1045	800013f4	00000013	addi	x0,x0,0	  x0:0x00000000
       10475000	      1046	800013f8	0075c433	xor	x8,x11,x7	 x11:0x00000001  x7:0x1e738778  x8=0x1e738779
       10485000	      1047	800013fc	40375833	sra	x16,x14,x3	 x14:0x80009f84  x3:0x00000001 x16=0xc0004fc2
       10495000	      1048	80001400	03277463	bgeu	x14,x18,80001428	 x14:0x80009f84 x18:0x00000000
       10505000	      1049	00000000	00000013	addi	x0,x0,0	  x0:0x00000000
       10515000	      1050	80001424	00000013	addi	x0,x0,0	  x0:0x00000000
       10525000	      1051	80001428	0134f133	and	x2,x9,x19	  x9:0x1e738330 x19:0xcdc7e000  x2=0x0c438000
       10535000	      1052	8000142c	01639013	slli	x0,x7,0x16	  x7:0x1e738778
       10545000	      1053	80001430	41870133	sub	x2,x14,x24	 x14:0x80009f84 x24:0xde710000  x2=0xa18f9f84
       10555000	      1054	80001434	015cc663	blt	x25,x21,80001440	 x25:0x00000002 x21:0x00000001
       10565000	      1055	80001438	00982633	slt	x12,x16,x9	 x16:0xc0004fc2  x9:0x1e738330 x12=0x00000001
       10575000	      1056	8000143c	14374e93	xori	x29,x14,323	 x14:0x80009f84 x29=0x80009ec7
       10585000	      1057	80001440	00000013	addi	x0,x0,0	  x0:0x00000000
       10595000	      1058	80001444	011a4cb3	xor	x25,x20,x17	 x20:0xe8915ffc x17:0x80009fc4 x25=0x6891c038
       10605000	      1059	80001448	0138b633	sltu	x12,x17,x19	 x17:0x80009fc4 x19:0xcdc7e000 x12=0x00000001
       10615000	      1060	8000144c	d691bb13	sltiu	x22,x3,-663	  x3:0x00000001 x22=0x00000001
       10625000	      1061	80001450	bd54e817	auipc	x16,0xbd54e	 x16=0x3d54f44c
       10635000	      1062	80001454	105a0c63	beq	x20,x5,8000156c	 x20:0xe8915ffc  x5:0x00000001
       10645000	      1063	80001458	00000013	addi	x0,x0,0	  x0:0x00000000
       10655000	      1064	8000145c	00008497	auipc	x9,0x8	  x9=0x80009458
       10665000	      1065	80001460	a9d48493	addi	x9,x9,-1379	  x9:0x80009458  x9=0x80008ef5
       10675000	      1066	80001464	01299233	sll	x4,x19,x18	 x19:0xcdc7e000 x18:0x00000000  x4=0xcdc7e000
       10685000	      1067	80001468	fd148323	sb	x17,-58(x9)	  x9:0x80008ef5 x17:0x80009fc4 PA:0x80008ebb
       10695000	      1068	8000146c	fe84aba3	sw	x8,-9(x9)	  x9:0x80008ef5  x8:0x1e738779 PA:0x80008eec
       10705000	      1069	80001470	017329b3	slt	x19,x6,x23	  x6:0x80009f84 x23:0x000e8915 x19=0x00000001
       10715000	      1070	80001474	f5320c93	addi	x25,x4,-173	  x4:0xcdc7e000 x25=0xcdc7df53
       10725000	      1071	80001478	ffb4a1a3	sw	x27,-29(x9)	  x9:0x80008ef5 x27:0x00000000 PA:0x80008ed8
       10735000	      1072	8000147c	005d9913	slli	x18,x27,0x5	 x27:0x00000000 x18=0x00000000
       10745000	      1073	80001480	ffc486a3	sb	x28,-19(x9)	  x9:0x80008ef5 x28:0xe3a2ae3f PA:0x80008ee2
       10755000	      1074	80001484	fd648a23	sb	x22,-44(x9)	  x9:0x80008ef5 x22:0x00000001 PA:0x80008ec9
       10765000	      1075	80001488	ffa48a23	sb	x26,-12(x9)	  x9:0x80008ef5 x26:0xfffffadd PA:0x80008ee9
       10775000	      1076	8000148c	0076e033	or	x0,x13,x7	 x13:0x00000014  x7:0x1e738778
       10785000	      1077	80001490	00229bb3	sll	x23,x5,x2	  x5:0x00000001  x2:0xa18f9f84 x23=0x00000010
       10795000	      1078	80001494	e8af4c93	xori	x25,x30,-374	 x30:0x00000000 x25=0xfffffe8a
       10805000	      1079	80001498	05248023	sb	x18,64(x9)	  x9:0x80008ef5 x18:0x00000000 PA:0x80008f35
       10815000	      1080	8000149c	00048303	lb	x6,0(x9)	  x9:0x80008ef5  x6=0xffffff82 PA:0x80008ef5
       10825000	      1081	800014a0	4091dd13	srai	x26,x3,0x9	  x3:0x00000001 x26=0x00000000
       10835000	      1082	800014a4	1ac10813	addi	x16,x2,428	  x2:0xa18f9f84 x16=0xa18fa130
       10845000	      1083	800014a8	e98d4c13	xori	x24,x26,-360	 x26:0x00000000 x24=0xfffffe98
       10855000	      1084	800014ac	44796e13	ori	x28,x18,1095	 x18:0x00000000 x28=0x00000447
       10865000	      1085	800014b0	41695533	sra	x10,x18,x22	 x18:0x00000000 x22:0x00000001 x10=0x00000000
       10875000	      1086	800014b4	fd148803	lb	x16,-47(x9)	  x9:0x80008ef5 x16=0xffffffae PA:0x80008ec6
       10885000	      1087	800014b8	022495a3	sh	x2,43(x9)	  x9:0x80008ef5  x2:0xa18f9f84 PA:0x80008f20
       10895000	      1088	800014bc	e4922913	slti	x18,x4,-439	  x4:0xcdc7e000 x18=0x00000001
       10905000	      1089	800014c0	fc648c03	lb	x24,-58(x9)	  x9:0x80008ef5 x24=0xffffffc4 PA:0x80008ebb
       10915000	      1090	800014c4	ee63f013	andi	x0,x7,-282	  x7:0x1e738778
       10925000	      1091	800014c8	01a22ab3	slt	x21,x4,x26	  x4:0xcdc7e000 x26:0x00000000 x21=0x00000001
       10935000	      1092	800014cc	02448a23	sb	x4,52(x9)	  x9:0x80008ef5  x4:0xcdc7e000 PA:0x80008f29
       10945000	      1093	800014d0	cdcbcb17	auipc	x22,0xcdcbc	 x22=0x4dcbd4cc
       10955000	      1094	800014d4	02048d83	lb	x27,32(x9)	  x9:0x80008ef5 x27=0x0000001b PA:0x80008f15
       10965000	      1095	800014d8	8714a293	slti	x5,x9,-1935	  x9:0x80008ef5  x5=0x00000001
       10975000	      1096	800014dc	04048503	lb	x10,64(x9)	  x9:0x80008ef5 x10=0x00000000 PA:0x80008f35
       10985000	      1097	800014e0	fe94c683	lbu	x13,-23(x9)	  x9:0x80008ef5 x13=0x00000089 PA:0x80008ede
       10995000	      1098	800014e4	fc048803	lb	x16,-64(x9)	  x9:0x80008ef5 x16=0x0000005b PA:0x80008eb5
       11005000	      1099	800014e8	4112d413	srai	x8,x5,0x11	  x5:0x00000001  x8=0x00000000
       11015000	      1100	800014ec	00717eb3	and	x29,x2,x7	  x2:0xa18f9f84  x7:0x1e738778 x29=0x00038700
       11025000	      1101	800014f0	da4bec93	ori	x25,x23,-604	 x23:0x00000010 x25=0xfffffdb4
       11035000	      1102	800014f4	8600e793	ori	x15,x1,-1952	  x1:0x00000000 x15=0xfffff860
       11045000	      1103	800014f8	009d1213	slli	x4,x26,0x9	 x26:0x00000000  x4=0x00000000
       11055000	      1104	800014fc	4064d913	srai	x18,x9,0x6	  x9:0x80008ef5 x18=0xfe00023b
       11065000	      1105	80001500	00f48923	sb	x15,18(x9)	  x9:0x80008ef5 x15:0xfffff860 PA:0x80008f07
       11075000	      1106	80001504	03c48003	lb	x0,60(x9)	  x9:0x80008ef5 PA:0x80008f31
       11085000	      1107	80001508	647e7213	andi	x4,x28,1607	 x28:0x00000447  x4=0x00000447
       11095000	      1108	8000150c	e3403c13	sltiu	x24,x0,-460	  x0:0x00000000 x24=0x00000001
       11105000	      1109	80001510	ff349b03	lh	x22,-13(x9)	  x9:0x80008ef5 x22=0xffffdd7b PA:0x80008ee8
       11115000	      1110	80001514	00b4da83	lhu	x21,11(x9)	  x9:0x80008ef5 x21=0x0000dbde PA:0x80008f00
       11125000	      1111	80001518	01e48203	lb	x4,30(x9)	  x9:0x80008ef5  x4=0x0000001a PA:0x80008f13
       11135000	      1112	8000151c	01d7da93	srli	x21,x15,0x1d	 x15:0xfffff860 x21=0x00000007
       11145000	      1113	80001520	fcf4a303	lw	x6,-49(x9)	  x9:0x80008ef5  x6=0x34ae35b9 PA:0x80008ec4
       11155000	      1114	80001524	ffa48223	sb	x26,-28(x9)	  x9:0x80008ef5 x26:0x00000000 PA:0x80008ed9
       11165000	      1115	80001528	0558f063	bgeu	x17,x21,80001568	 x17:0x80009fc4 x21:0x00000007
       11175000	      1116	00000000	00000013	addi	x0,x0,0	  x0:0x00000000
       11185000	      1117	80001564	00000013	addi	x0,x0,0	  x0:0x00000000
       11195000	      1118	80001568	03970663	beq	x14,x25,80001594	 x14:0x80009f84 x25:0xfffffdb4
       11205000	      1119	8000156c	04bd5063	bge	x26,x11,800015ac	 x26:0x00000000 x11:0x00000001
       11215000	      1120	80001570	021efa63	bgeu	x29,x1,800015a4	 x29:0x00038700  x1:0x00000000
       11225000	      1121	00000000	00000013	addi	x0,x0,0	  x0:0x00000000
       11235000	      1122	800015a0	00000013	addi	x0,x0,0	  x0:0x00000000
       11245000	      1123	800015a4	00d76cb3	or	x25,x14,x13	 x14:0x80009f84 x13:0x00000089 x25=0x80009f8d
       11255000	      1124	800015a8	015f9263	bne	x31,x21,800015ac	 x31:0x38330000 x21:0x00000007
       11265000	      1125	00000000	00000013	addi	x0,x0,0	  x0:0x00000000
       11275000	      1126	800015a8	00000013	addi	x0,x0,0	  x0:0x00000000
       11285000	      1127	800015ac	050f5063	bge	x30,x16,800015ec	 x30:0x00000000 x16:0x0000005b
       11295000	      1128	800015b0	00cb9513	slli	x10,x23,0xc	 x23:0x00000010 x10=0x00010000
       11305000	      1129	800015b4	02dc9463	bne	x25,x13,800015dc	 x25:0x80009f8d x13:0x00000089
       11315000	      1130	00000000	00000013	addi	x0,x0,0	  x0:0x00000000
       11325000	      1131	800015d8	00000013	addi	x0,x0,0	  x0:0x00000000
       11335000	      1132	800015dc	4011d933	sra	x18,x3,x1	  x3:0x00000001  x1:0x00000000 x18=0x00000001
       11345000	      1133	800015e0	01d6d1b3	srl	x3,x13,x29	 x13:0x00000089 x29:0x00038700  x3=0x00000089
       11355000	      1134	800015e4	abadca13	xori	x20,x27,-1350	 x27:0x0000001b x20=0xfffffaa1
       11365000	      1135	800015e8	042be063	bltu	x23,x2,80001628	 x23:0x00000010  x2:0xa18f9f84
       11375000	      1136	00000000	00000013	addi	x0,x0,0	  x0:0x00000000
       11385000	      1137	80001624	00000013	addi	x0,x0,0	  x0:0x00000000
       11395000	      1138	80001628	00cc01b3	add	x3,x24,x12	 x24:0x00000001 x12:0x00000001  x3=0x00000002
       11405000	      1139	8000162c	fde7cb93	xori	x23,x15,-34	 x15:0xfffff860 x23=0x000007be
       11415000	      1140	80001630	009b1013	slli	x0,x22,0x9	 x22:0xffffdd7b
       11425000	      1141	80001634	011da633	slt	x12,x27,x17	 x27:0x0000001b x17:0x80009fc4 x12=0x00000000
       11435000	      1142	80001638	6da9f813	andi	x16,x19,1754	 x19:0x00000001 x16=0x00000000
       11445000	      1143	8000163c	02530663	beq	x6,x5,80001668	  x6:0x34ae35b9  x5:0x00000001
       11455000	      1144	80001640	005540b3	xor	x1,x10,x5	 x10:0x00010000  x5:0x00000001  x1=0x00010001
       11465000	      1145	80001644	00d59193	slli	x3,x11,0xd	 x11:0x00000001  x3=0x00002000
       11475000	      1146	80001648	05d45063	bge	x8,x29,80001688	  x8:0x00000000 x29:0x00038700
       11485000	      1147	8000164c	00000013	addi	x0,x0,0	  x0:0x00000000
       11495000	      1148	80001650	01c99c13	slli	x24,x19,0x1c	 x19:0x00000001 x24=0x10000000
       11505000	      1149	80001654	01224c63	blt	x4,x18,8000166c	  x4:0x0000001a x18:0x00000001
       11515000	      1150	80001658	00bee863	bltu	x29,x11,80001668	 x29:0x00038700 x11:0x00000001
       11525000	      1151	8000165c	021eda63	bge	x29,x1,80001690	 x29:0x00038700  x1:0x00010001
       11535000	      1152	00000000	00000013	addi	x0,x0,0	  x0:0x00000000
       11545000	      1153	8000168c	00000013	addi	x0,x0,0	  x0:0x00000000
       11555000	      1154	80001690	40466013	ori	x0,x12,1028	 x12:0x00000000
       11565000	      1155	80001694	ecdb3e13	sltiu	x28,x22,-307	 x22:0xffffdd7b x28=0x00000001
       11575000	      1156	80001698	013e1d33	sll	x26,x28,x19	 x28:0x00000001 x19:0x00000001 x26=0x00000002
       11585000	      1157	8000169c	023d0a63	beq	x26,x3,800016d0	 x26:0x00000002  x3:0x00002000
       11595000	      1158	800016a0	01900833	add	x16,x0,x25	  x0:0x00000000 x25:0x80009f8d x16=0x80009f8d
       11605000	      1159	800016a4	01ea9e63	bne	x21,x30,800016c0	 x21:0x00000007 x30:0x00000000
       11615000	      1160	00000000	00000013	addi	x0,x0,0	  x0:0x00000000
       11625000	      1161	800016bc	00000013	addi	x0,x0,0	  x0:0x00000000
       11635000	      1162	800016c0	023f8663	beq	x31,x3,800016ec	 x31:0x38330000  x3:0x00002000
       11645000	      1163	800016c4	01be65b3	or	x11,x28,x27	 x28:0x00000001 x27:0x0000001b x11=0x0000001b
       11655000	      1164	800016c8	3ec24d97	auipc	x27,0x3ec24	 x27=0xbec256c4
       11665000	      1165	800016cc	0168e263	bltu	x17,x22,800016d0	 x17:0x80009fc4 x22:0xffffdd7b
       11675000	      1166	00000000	00000013	addi	x0,x0,0	  x0:0x00000000
       11685000	      1167	800016cc	00000013	addi	x0,x0,0	  x0:0x00000000
       11695000	      1168	800016d0	05980063	beq	x16,x25,80001710	 x16:0x80009f8d x25:0x80009f8d
       11705000	      1169	00000000	00000013	addi	x0,x0,0	  x0:0x00000000
       11715000	      1170	8000170c	00000013	addi	x0,x0,0	  x0:0x00000000
       11725000	      1171	80001710	f4627593	andi	x11,x4,-186	  x4:0x0000001a x11=0x00000002
       11735000	      1172	80001714	419185b3	sub	x11,x3,x25	  x3:0x00002000 x25:0x80009f8d x11=0x7fff8073
       11745000	      1173	80001718	01fc6333	or	x6,x24,x31	 x24:0x10000000 x31:0x38330000  x6=0x38330000
       11755000	      1174	8000171c	007ae633	or	x12,x21,x7	 x21:0x00000007  x7:0x1e738778 x12=0x1e73877f
       11765000	      1175	80001720	228b7413	andi	x8,x22,552	 x22:0xffffdd7b  x8=0x00000028
       11775000	      1176	80001724	00f39e33	sll	x28,x7,x15	  x7:0x1e738778 x15:0xfffff860 x28=0x1e738778
       11785000	      1177	80001728	019befb3	or	x31,x23,x25	 x23:0x000007be x25:0x80009f8d x31=0x80009fbf
       11795000	      1178	8000172c	00b099b3	sll	x19,x1,x11	  x1:0x00010001 x11:0x7fff8073 x19=0x00080000
       11805000	      1179	80001730	03eb9663	bne	x23,x30,8000175c	 x23:0x000007be x30:0x00000000
       11815000	      1180	00000000	00000013	addi	x0,x0,0	  x0:0x00000000
       11825000	      1181	80001758	00000013	addi	x0,x0,0	  x0:0x00000000
       11835000	      1182	8000175c	0019fe63	bgeu	x19,x1,80001778	 x19:0x00080000  x1:0x00010001
       11845000	      1183	00000000	00000013	addi	x0,x0,0	  x0:0x00000000
       11855000	      1184	80001774	00000013	addi	x0,x0,0	  x0:0x00000000
       11865000	      1185	80001778	00ab5933	srl	x18,x22,x10	 x22:0xffffdd7b x10:0x00010000 x18=0xffffdd7b
       11875000	      1186	8000177c	e9a1af93	slti	x31,x3,-358	  x3:0x00002000 x31=0x00000000
       11885000	      1187	80001780	00441993	slli	x19,x8,0x4	  x8:0x00000028 x19=0x00000280
       11895000	      1188	80001784	01e9e1b3	or	x3,x19,x30	 x19:0x00000280 x30:0x00000000  x3=0x00000280
       11905000	      1189	80001788	00a1e263	bltu	x3,x10,8000178c	  x3:0x00000280 x10:0x00010000
       11915000	      1190	00000000	00000013	addi	x0,x0,0	  x0:0x00000000
       11925000	      1191	80001788	00000013	addi	x0,x0,0	  x0:0x00000000
       11935000	      1192	8000178c	01c0e133	or	x2,x1,x28	  x1:0x00010001 x28:0x1e738778  x2=0x1e738779
       11945000	      1193	80001790	029f5a63	bge	x30,x9,800017c4	 x30:0x00000000  x9:0x80008ef5
       11955000	      1194	00000000	00000013	addi	x0,x0,0	  x0:0x00000000
       11965000	      1195	800017c0	00000013	addi	x0,x0,0	  x0:0x00000000
       11975000	      1196	800017c4	00a13c33	sltu	x24,x2,x10	  x2:0x1e738779 x10:0x00010000 x24=0x00000000
       11985000	      1197	800017c8	00655613	srli	x12,x10,0x6	 x10:0x00010000 x12=0x00000400
       11995000	      1198	800017cc	0020f4b3	and	x9,x1,x2	  x1:0x00010001  x2:0x1e738779  x9=0x00010001
       12005000	      1199	800017d0	038b1463	bne	x22,x24,800017f8	 x22:0xffffdd7b x24:0x00000000
       12015000	      1200	00000000	00000013	addi	x0,x0,0	  x0:0x00000000
       12025000	      1201	800017f4	00000013	addi	x0,x0,0	  x0:0x00000000
       12035000	      1202	800017f8	46b73f93	sltiu	x31,x14,1131	 x14:0x80009f84 x31=0x00000000
       12045000	      1203	800017fc	00c422b3	slt	x5,x8,x12	  x8:0x00000028 x12:0x00000400  x5=0x00000001
       12055000	      1204	80001800	03a64463	blt	x12,x26,80001828	 x12:0x00000400 x26:0x00000002
       12065000	      1205	80001804	41ea01b3	sub	x3,x20,x30	 x20:0xfffffaa1 x30:0x00000000  x3=0xfffffaa1
       12075000	      1206	80001808	00fe07b3	add	x15,x28,x15	 x28:0x1e738778 x15:0xfffff860 x15=0x1e737fd8
       12085000	      1207	8000180c	0081d913	srli	x18,x3,0x8	  x3:0xfffffaa1 x18=0x00fffffa
       12095000	      1208	80001810	40fcd513	srai	x10,x25,0xf	 x25:0x80009f8d x10=0xffff0001
       12105000	      1209	80001814	008a2033	slt	x0,x20,x8	 x20:0xfffffaa1  x8:0x00000028
       12115000	      1210	80001818	b3e1ff93	andi	x31,x3,-1218	  x3:0xfffffaa1 x31=0xfffffa20
       12125000	      1211	8000181c	003c6eb3	or	x29,x24,x3	 x24:0x00000000  x3:0xfffffaa1 x29=0xfffffaa1
       12135000	      1212	80001820	e7d4c813	xori	x16,x9,-387	  x9:0x00010001 x16=0xfffefe7c
       12145000	      1213	80001824	059a4663	blt	x20,x25,80001870	 x20:0xfffffaa1 x25:0x80009f8d
       12155000	      1214	80001828	00bcf633	and	x12,x25,x11	 x25:0x80009f8d x11:0x7fff8073 x12=0x00008001
       12165000	      1215	8000182c	40f200b3	sub	x1,x4,x15	  x4:0x0000001a x15:0x1e737fd8  x1=0xe18c8042
       12175000	      1216	80001830	00000013	addi	x0,x0,0	  x0:0x00000000
       12185000	      1217	80001834	012dee33	or	x28,x27,x18	 x27:0xbec256c4 x18:0x00fffffa x28=0xbefffffe
       12195000	      1218	80001838	01a59c93	slli	x25,x11,0x1a	 x11:0x7fff8073 x25=0xcc000000
       12205000	      1219	8000183c	01dc7633	and	x12,x24,x29	 x24:0x00000000 x29:0xfffffaa1 x12=0x00000000
       12215000	      1220	80001840	0046a833	slt	x16,x13,x4	 x13:0x00000089  x4:0x0000001a x16=0x00000000
       12225000	      1221	80001844	2f85ab13	slti	x22,x11,760	 x11:0x7fff8073 x22=0x00000000
       12235000	      1222	80001848	004023b3	slt	x7,x0,x4	  x0:0x00000000  x4:0x0000001a  x7=0x00000001
       12245000	      1223	8000184c	00000013	addi	x0,x0,0	  x0:0x00000000
       12255000	      1224	80001850	00000013	addi	x0,x0,0	  x0:0x00000000
       12265000	      1225	80001854	000631b3	sltu	x3,x12,x0	 x12:0x00000000  x0:0x00000000  x3=0x00000000
       12275000	      1226	80001858	011cb533	sltu	x10,x25,x17	 x25:0xcc000000 x17:0x80009fc4 x10=0x00000000
       12285000	      1227	8000185c	033a1e63	bne	x20,x19,80001898	 x20:0xfffffaa1 x19:0x00000280
       12295000	      1228	00000000	00000013	addi	x0,x0,0	  x0:0x00000000
       12305000	      1229	80001894	00000013	addi	x0,x0,0	  x0:0x00000000
       12315000	      1230	80001898	41665c33	sra	x24,x12,x22	 x12:0x00000000 x22:0x00000000 x24=0x00000000
       12325000	      1231	8000189c	03f76063	bltu	x14,x31,800018bc	 x14:0x80009f84 x31:0xfffffa20
       12335000	      1232	00000000	00000013	addi	x0,x0,0	  x0:0x00000000
       12345000	      1233	800018b8	00000013	addi	x0,x0,0	  x0:0x00000000
       12355000	      1234	800018bc	013c1113	slli	x2,x24,0x13	 x24:0x00000000  x2=0x00000000
       12365000	      1235	800018c0	ae44e037	lui	x0,0xae44e	
       12375000	      1236	800018c4	01a8c1b3	xor	x3,x17,x26	 x17:0x80009fc4 x26:0x00000002  x3=0x80009fc6
       12385000	      1237	800018c8	456b2313	slti	x6,x22,1110	 x22:0x00000000  x6=0x00000001
       12395000	      1238	800018cc	01f61393	slli	x7,x12,0x1f	 x12:0x00000000  x7=0x00000000
       12405000	      1239	800018d0	04c74093	xori	x1,x14,76	 x14:0x80009f84  x1=0x80009fc8
       12415000	      1240	800018d4	709abb13	sltiu	x22,x21,1801	 x21:0x00000007 x22=0x00000001
       12425000	      1241	800018d8	00000013	addi	x0,x0,0	  x0:0x00000000
       12435000	      1242	800018dc	004ff2b3	and	x5,x31,x4	 x31:0xfffffa20  x4:0x0000001a  x5=0x00000000
       12445000	      1243	800018e0	41120cb3	sub	x25,x4,x17	  x4:0x0000001a x17:0x80009fc4 x25=0x7fff6056
       12455000	      1244	800018e4	5d218213	addi	x4,x3,1490	  x3:0x80009fc6  x4=0x8000a598
       12465000	      1245	800018e8	10e07c63	bgeu	x0,x14,80001a00	  x0:0x00000000 x14:0x80009f84
       12475000	      1246	800018ec	00639ab3	sll	x21,x7,x6	  x7:0x00000000  x6:0x00000001 x21=0x00000000
       12485000	      1247	800018f0	00dc0663	beq	x24,x13,800018fc	 x24:0x00000000 x13:0x00000089
       12495000	      1248	800018f4	005dd793	srli	x15,x27,0x5	 x27:0xbec256c4 x15=0x05f612b6
       12505000	      1249	800018f8	01439133	sll	x2,x7,x20	  x7:0x00000000 x20:0xfffffaa1  x2=0x00000000
       12515000	      1250	800018fc	00d28633	add	x12,x5,x13	  x5:0x00000000 x13:0x00000089 x12=0x00000089
       12525000	      1251	80001900	00f919b3	sll	x19,x18,x15	 x18:0x00fffffa x15:0x05f612b6 x19=0xfe800000
       12535000	      1252	80001904	00007117	auipc	x2,0x7	  x2=0x80008900
       12545000	      1253	80001908	46810113	addi	x2,x2,1128	  x2:0x80008900  x2=0x80008d68
       12555000	      1254	8000190c	00a724b3	slt	x9,x14,x10	 x14:0x80009f84 x10:0x00000000  x9=0x00000001
       12565000	      1255	80001910	d3d80593	addi	x11,x16,-707	 x16:0x00000000 x11=0xfffffd3d
       12575000	      1256	80001914	406981b3	sub	x3,x19,x6	 x19:0xfe800000  x6:0x00000001  x3=0xfe7fffff
       12585000	      1257	80001918	417dd413	srai	x8,x27,0x17	 x27:0xbec256c4  x8=0xffffff7d
       12595000	      1258	8000191c	a643bf93	sltiu	x31,x7,-1436	  x7:0x00000000 x31=0x00000001
       12605000	      1259	80001920	01310923	sb	x19,18(x2)	  x2:0x80008d68 x19:0xfe800000 PA:0x80008d7a
       12615000	      1260	80001924	4ff92a13	slti	x20,x18,1279	 x18:0x00fffffa x20=0x00000000
       12625000	      1261	80001928	00b14803	lbu	x16,11(x2)	  x2:0x80008d68 x16=0x00000056 PA:0x80008d73
       12635000	      1262	8000192c	005d91b3	sll	x3,x27,x5	 x27:0xbec256c4  x5:0x00000000  x3=0xbec256c4
       12645000	      1263	80001930	fce11b03	lh	x22,-50(x2)	  x2:0x80008d68 x22=0x00000768 PA:0x80008d36
       12655000	      1264	80001934	015f1e33	sll	x28,x30,x21	 x30:0x00000000 x21:0x00000000 x28=0x00000000
       12665000	      1265	80001938	03811303	lh	x6,56(x2)	  x2:0x80008d68  x6=0x00004ac5 PA:0x80008da0
       12675000	      1266	8000193c	414c5ab3	sra	x21,x24,x20	 x24:0x00000000 x20:0x00000000 x21=0x00000000
       12685000	      1267	80001940	fe510303	lb	x6,-27(x2)	  x2:0x80008d68  x6=0x00000013 PA:0x80008d4d
       12695000	      1268	80001944	0171a5b3	slt	x11,x3,x23	  x3:0xbec256c4 x23:0x000007be x11=0x00000001
       12705000	      1269	80001948	02b10fa3	sb	x11,63(x2)	  x2:0x80008d68 x11:0x00000001 PA:0x80008da7
       12715000	      1270	8000194c	fc610c23	sb	x6,-40(x2)	  x2:0x80008d68  x6:0x00000013 PA:0x80008d40
       12725000	      1271	80001950	ff810123	sb	x24,-30(x2)	  x2:0x80008d68 x24:0x00000000 PA:0x80008d4a
       12735000	      1272	80001954	abcf0a13	addi	x20,x30,-1348	 x30:0x00000000 x20=0xfffffabc
       12745000	      1273	80001958	007360b3	or	x1,x6,x7	  x6:0x00000013  x7:0x00000000  x1=0x00000013
       12755000	      1274	8000195c	001b73b3	and	x7,x22,x1	 x22:0x00000768  x1:0x00000013  x7=0x00000000
       12765000	      1275	80001960	fd510d23	sb	x21,-38(x2)	  x2:0x80008d68 x21:0x00000000 PA:0x80008d42
       12775000	      1276	80001964	03a11c83	lh	x25,58(x2)	  x2:0x80008d68 x25=0xffffc341 PA:0x80008da2
       12785000	      1277	80001968	0143dfb3	srl	x31,x7,x20	  x7:0x00000000 x20:0xfffffabc x31=0x00000000
       12795000	      1278	8000196c	fd910383	lb	x7,-39(x2)	  x2:0x80008d68  x7=0xffffffe3 PA:0x80008d41
       12805000	      1279	80001970	ff7103a3	sb	x23,-25(x2)	  x2:0x80008d68 x23:0x000007be PA:0x80008d4f
       12815000	      1280	80001974	fef14683	lbu	x13,-17(x2)	  x2:0x80008d68 x13=0x000000f3 PA:0x80008d57
       12825000	      1281	80001978	fca15483	lhu	x9,-54(x2)	  x2:0x80008d68  x9=0x0000ab76 PA:0x80008d32
       12835000	      1282	8000197c	000eb6b3	sltu	x13,x29,x0	 x29:0xfffffaa1  x0:0x00000000 x13=0x00000000
       12845000	      1283	80001980	02e10203	lb	x4,46(x2)	  x2:0x80008d68  x4=0xffffffa3 PA:0x80008d96
       12855000	      1284	80001984	417a0233	sub	x4,x20,x23	 x20:0xfffffabc x23:0x000007be  x4=0xfffff2fe
       12865000	      1285	80001988	005c3fb3	sltu	x31,x24,x5	 x24:0x00000000  x5:0x00000000 x31=0x00000000
       12875000	      1286	8000198c	4a04e313	ori	x6,x9,1184	  x9:0x0000ab76  x6=0x0000aff6
       12885000	      1287	80001990	fd610403	lb	x8,-42(x2)	  x2:0x80008d68  x8=0x00000078 PA:0x80008d3e
       12895000	      1288	80001994	00015a03	lhu	x20,0(x2)	  x2:0x80008d68 x20=0x0000dbab PA:0x80008d68
       12905000	      1289	80001998	feb10203	lb	x4,-21(x2)	  x2:0x80008d68  x4=0xfffffffa PA:0x80008d53
       12915000	      1290	8000199c	fce11783	lh	x15,-50(x2)	  x2:0x80008d68 x15=0x00000768 PA:0x80008d36
       12925000	      1291	800019a0	095dca37	lui	x20,0x95dc	 x20=0x095dc000
       12935000	      1292	800019a4	008babb3	slt	x23,x23,x8	 x23:0x000007be  x8:0x00000078 x23=0x00000000
       12945000	      1293	800019a8	01d2af93	slti	x31,x5,29	  x5:0x00000000 x31=0x00000001
       12955000	      1294	800019ac	404a51b3	sra	x3,x20,x4	 x20:0x095dc000  x4:0xfffffffa  x3=0x00000002
       12965000	      1295	800019b0	01f11423	sh	x31,8(x2)	  x2:0x80008d68 x31:0x00000001 PA:0x80008d70
       12975000	      1296	800019b4	fec14403	lbu	x8,-20(x2)	  x2:0x80008d68  x8=0x00000053 PA:0x80008d54
       12985000	      1297	800019b8	fc710aa3	sb	x7,-43(x2)	  x2:0x80008d68  x7:0xffffffe3 PA:0x80008d3d
       12995000	      1298	800019bc	00b14a83	lbu	x21,11(x2)	  x2:0x80008d68 x21=0x00000056 PA:0x80008d73
       13005000	      1299	800019c0	408b5793	srai	x15,x22,0x8	 x22:0x00000768 x15=0x00000007
       13015000	      1300	800019c4	018d03b3	add	x7,x26,x24	 x26:0x00000002 x24:0x00000000  x7=0x00000002
       13025000	      1301	800019c8	00210123	sb	x2,2(x2)	  x2:0x80008d68  x2:0x80008d68 PA:0x80008d6a
       13035000	      1302	800019cc	fc014083	lbu	x1,-64(x2)	  x2:0x80008d68  x1=0x00000052 PA:0x80008d28
       13045000	      1303	00000000	00000013	addi	x0,x0,0	  x0:0x00000000
       13055000	      1304	800019d0	40125f93	srai	x31,x4,0x1	  x4:0xfffffffa x31=0xfffffffd
       13065000	      1305	800019d4	002a6c63	bltu	x20,x2,800019ec	 x20:0x095dc000  x2:0x80008d68
       13075000	      1306	00000000	00000013	addi	x0,x0,0	  x0:0x00000000
       13085000	      1307	800019e8	00000013	addi	x0,x0,0	  x0:0x00000000
       13095000	      1308	800019ec	40125913	srai	x18,x4,0x1	  x4:0xfffffffa x18=0xfffffffd
       13105000	      1309	800019f0	04979063	bne	x15,x9,80001a30	 x15:0x00000007  x9:0x0000ab76
       13115000	      1310	00000000	00000013	addi	x0,x0,0	  x0:0x00000000
       13125000	      1311	80001a2c	00000013	addi	x0,x0,0	  x0:0x00000000
       13135000	      1312	80001a30	01fcd3b3	srl	x7,x25,x31	 x25:0xffffc341 x31:0xfffffffd  x7=0x00000007
       13145000	      1313	80001a34	54303837	lui	x16,0x54303	 x16=0x54303000
       13155000	      1314	80001a38	140cb013	sltiu	x0,x25,320	 x25:0xffffc341
       13165000	      1315	80001a3c	011649b3	xor	x19,x12,x17	 x12:0x00000089 x17:0x80009fc4 x19=0x80009f4d
       13175000	      1316	80001a40	4af0b217	auipc	x4,0x4af0b	  x4=0xcaf0ca3c
       13185000	      1317	80001a44	02106463	bltu	x0,x1,80001a6c	  x0:0x00000000  x1:0x00000052
       13195000	      1318	00000000	00000013	addi	x0,x0,0	  x0:0x00000000
       13205000	      1319	80001a68	00000013	addi	x0,x0,0	  x0:0x00000000
       13215000	      1320	80001a6c	41178d33	sub	x26,x15,x17	 x15:0x00000007 x17:0x80009fc4 x26=0x7fff6043
       13225000	      1321	80001a70	01a5e033	or	x0,x11,x26	 x11:0x00000001 x26:0x7fff6043
       13235000	      1322	80001a74	40925c13	srai	x24,x4,0x9	  x4:0xcaf0ca3c x24=0xffe57865
       13245000	      1323	80001a78	056c9063	bne	x25,x22,80001ab8	 x25:0xffffc341 x22:0x00000768
       13255000	      1324	00000000	00000013	addi	x0,x0,0	  x0:0x00000000
       13265000	      1325	80001ab4	00000013	addi	x0,x0,0	  x0:0x00000000
       13275000	      1326	80001ab8	01541633	sll	x12,x8,x21	  x8:0x00000053 x21:0x00000056 x12=0x14c00000
       13285000	      1327	80001abc	413780b3	sub	x1,x15,x19	 x15:0x00000007 x19:0x80009f4d  x1=0x7fff60ba
       13295000	      1328	80001ac0	01599fb3	sll	x31,x19,x21	 x19:0x80009f4d x21:0x00000056 x31=0xd3400000
       13305000	      1329	80001ac4	04364063	blt	x12,x3,80001b04	 x12:0x14c00000  x3:0x00000002
       13315000	      1330	80001ac8	0239e663	bltu	x19,x3,80001af4	 x19:0x80009f4d  x3:0x00000002
       13325000	      1331	80001acc	00976333	or	x6,x14,x9	 x14:0x80009f84  x9:0x0000ab76  x6=0x8000bff6
       13335000	      1332	80001ad0	40140133	sub	x2,x8,x1	  x8:0x00000053  x1:0x7fff60ba  x2=0x80009f99
       13345000	      1333	80001ad4	0071d263	bge	x3,x7,80001ad8	  x3:0x00000002  x7:0x00000007
       13355000	      1334	80001ad8	00f2bdb3	sltu	x27,x5,x15	  x5:0x00000000 x15:0x00000007 x27=0x00000001
       13365000	      1335	80001adc	413454b3	sra	x9,x8,x19	  x8:0x00000053 x19:0x80009f4d  x9=0x00000000
       13375000	      1336	80001ae0	4026de93	srai	x29,x13,0x2	 x13:0x00000000 x29=0x00000000
       13385000	      1337	80001ae4	0077bab3	sltu	x21,x15,x7	 x15:0x00000007  x7:0x00000007 x21=0x00000000
       13395000	      1338	80001ae8	01d38c63	beq	x7,x29,80001b00	  x7:0x00000007 x29:0x00000000
       13405000	      1339	80001aec	040ae063	bltu	x21,x0,80001b2c	 x21:0x00000000  x0:0x00000000
       13415000	      1340	80001af0	93260b13	addi	x22,x12,-1742	 x12:0x14c00000 x22=0x14bff932
       13425000	      1341	80001af4	007d8433	add	x8,x27,x7	 x27:0x00000001  x7:0x00000007  x8=0x00000008
       13435000	      1342	80001af8	017e8533	add	x10,x29,x23	 x29:0x00000000 x23:0x00000000 x10=0x00000000
       13445000	      1343	80001afc	42846cb7	lui	x25,0x42846	 x25=0x42846000
       13455000	      1344	80001b00	022b9c63	bne	x23,x2,80001b38	 x23:0x00000000  x2:0x80009f99
       13465000	      1345	00000000	00000013	addi	x0,x0,0	  x0:0x00000000
       13475000	      1346	80001b34	00000013	addi	x0,x0,0	  x0:0x00000000
       13485000	      1347	80001b38	026ff663	bgeu	x31,x6,80001b64	 x31:0xd3400000  x6:0x8000bff6
       13495000	      1348	00000000	00000013	addi	x0,x0,0	  x0:0x00000000
       13505000	      1349	80001b60	00000013	addi	x0,x0,0	  x0:0x00000000
       13515000	      1350	80001b64	03591063	bne	x18,x21,80001b84	 x18:0xfffffffd x21:0x00000000
       13525000	      1351	00000000	00000013	addi	x0,x0,0	  x0:0x00000000
       13535000	      1352	80001b80	00000013	addi	x0,x0,0	  x0:0x00000000
       13545000	      1353	80001b84	0290f663	bgeu	x1,x9,80001bb0	  x1:0x7fff60ba  x9:0x00000000
       13555000	      1354	00000000	00000013	addi	x0,x0,0	  x0:0x00000000
       13565000	      1355	80001bac	00000013	addi	x0,x0,0	  x0:0x00000000
       13575000	      1356	80001bb0	88be3d93	sltiu	x27,x28,-1909	 x28:0x00000000 x27=0x00000001
       13585000	      1357	80001bb4	00000013	addi	x0,x0,0	  x0:0x00000000
       13595000	      1358	80001bb8	01ca50b3	srl	x1,x20,x28	 x20:0x095dc000 x28:0x00000000  x1=0x095dc000
       13605000	      1359	80001bbc	001a8863	beq	x21,x1,80001bcc	 x21:0x00000000  x1:0x095dc000
       13615000	      1360	80001bc0	05df1063	bne	x30,x29,80001c00	 x30:0x00000000 x29:0x00000000
       13625000	      1361	80001bc4	05c3c063	blt	x7,x28,80001c04	  x7:0x00000007 x28:0x00000000
       13635000	      1362	80001bc8	1cca3e93	sltiu	x29,x20,460	 x20:0x095dc000 x29=0x00000000
       13645000	      1363	80001bcc	40508d33	sub	x26,x1,x5	  x1:0x095dc000  x5:0x00000000 x26=0x095dc000
       13655000	      1364	80001bd0	4193d493	srai	x9,x7,0x19	  x7:0x00000007  x9=0x00000000
       13665000	      1365	80001bd4	7c7c5517	auipc	x10,0x7c7c5	 x10=0xfc7c6bd0
       13675000	      1366	80001bd8	400253b3	sra	x7,x4,x0	  x4:0xcaf0ca3c  x0:0x00000000  x7=0xcaf0ca3c
       13685000	      1367	80001bdc	00945d13	srli	x26,x8,0x9	  x8:0x00000008 x26=0x00000000
       13695000	      1368	80001be0	0403d063	bge	x7,x0,80001c20	  x7:0xcaf0ca3c  x0:0x00000000
       13705000	      1369	80001be4	01c8c4b3	xor	x9,x17,x28	 x17:0x80009fc4 x28:0x00000000  x9=0x80009fc4
       13715000	      1370	80001be8	8e4cc917	auipc	x18,0x8e4cc	 x18=0x0e4cdbe4
       13725000	      1371	80001bec	022f7c63	bgeu	x30,x2,80001c24	 x30:0x00000000  x2:0x80009f99
       13735000	      1372	80001bf0	95ef5997	auipc	x19,0x95ef5	 x19=0x15ef6bec
       13745000	      1373	80001bf4	0166a4b3	slt	x9,x13,x22	 x13:0x00000000 x22:0x14bff932  x9=0x00000001
       13755000	      1374	80001bf8	0157d513	srli	x10,x15,0x15	 x15:0x00000007 x10=0x00000000
       13765000	      1375	80001bfc	00ee6c63	bltu	x28,x14,80001c14	 x28:0x00000000 x14:0x80009f84
       13775000	      1376	00000000	00000013	addi	x0,x0,0	  x0:0x00000000
       13785000	      1377	80001c10	00000013	addi	x0,x0,0	  x0:0x00000000
       13795000	      1378	80001c14	01ede263	bltu	x27,x30,80001c18	 x27:0x00000001 x30:0x00000000
       13805000	      1379	80001c18	00b9f463	bgeu	x19,x11,80001c20	 x19:0x15ef6bec x11:0x00000001
       13815000	      1380	00000000	00000013	addi	x0,x0,0	  x0:0x00000000
       13825000	      1381	80001c1c	00000013	addi	x0,x0,0	  x0:0x00000000
       13835000	      1382	80001c20	02c1c463	blt	x3,x12,80001c48	  x3:0x00000002 x12:0x14c00000
       13845000	      1383	00000000	00000013	addi	x0,x0,0	  x0:0x00000000
       13855000	      1384	80001c44	00000013	addi	x0,x0,0	  x0:0x00000000
       13865000	      1385	80001c48	0327ca63	blt	x15,x18,80001c7c	 x15:0x00000007 x18:0x0e4cdbe4
       13875000	      1386	00000000	00000013	addi	x0,x0,0	  x0:0x00000000
       13885000	      1387	80001c78	00000013	addi	x0,x0,0	  x0:0x00000000
       13895000	      1388	80001c7c	40a00033	sub	x0,x0,x10	  x0:0x00000000 x10:0x00000000
       13905000	      1389	80001c80	b0e0bc37	lui	x24,0xb0e0b	 x24=0xb0e0b000
       13915000	      1390	80001c84	b3408c13	addi	x24,x1,-1228	  x1:0x095dc000 x24=0x095dbb34
       13925000	      1391	80001c88	00529bb3	sll	x23,x5,x5	  x5:0x00000000  x5:0x00000000 x23=0x00000000
       13935000	      1392	80001c8c	03de0a63	beq	x28,x29,80001cc0	 x28:0x00000000 x29:0x00000000
       13945000	      1393	00000000	00000013	addi	x0,x0,0	  x0:0x00000000
       13955000	      1394	80001cbc	00000013	addi	x0,x0,0	  x0:0x00000000
       13965000	      1395	80001cc0	0498f063	bgeu	x17,x9,80001d00	 x17:0x80009fc4  x9:0x00000001
       13975000	      1396	00000000	00000013	addi	x0,x0,0	  x0:0x00000000
       13985000	      1397	80001cfc	00000013	addi	x0,x0,0	  x0:0x00000000
       13995000	      1398	80001d00	4167d213	srai	x4,x15,0x16	 x15:0x00000007  x4=0x00000000
       14005000	      1399	80001d04	36584c93	xori	x25,x16,869	 x16:0x54303000 x25=0x54303365
       14015000	      1400	80001d08	03fa7663	bgeu	x20,x31,80001d34	 x20:0x095dc000 x31:0xd3400000
       14025000	      1401	80001d0c	00d4b9b3	sltu	x19,x9,x13	  x9:0x00000001 x13:0x00000000 x19=0x00000000
       14035000	      1402	80001d10	27d0f813	andi	x16,x1,637	  x1:0x095dc000 x16=0x00000000
       14045000	      1403	80001d14	40900a33	sub	x20,x0,x9	  x0:0x00000000  x9:0x00000001 x20=0xffffffff
       14055000	      1404	80001d18	61d72493	slti	x9,x14,1565	 x14:0x80009f84  x9=0x00000001
       14065000	      1405	80001d1c	0014bb33	sltu	x22,x9,x1	  x9:0x00000001  x1:0x095dc000 x22=0x00000001
       14075000	      1406	80001d20	01c14db3	xor	x27,x2,x28	  x2:0x80009f99 x28:0x00000000 x27=0x80009f99
       14085000	      1407	80001d24	017dd433	srl	x8,x27,x23	 x27:0x80009f99 x23:0x00000000  x8=0x80009f99
       14095000	      1408	80001d28	03d65463	bge	x12,x29,80001d50	 x12:0x14c00000 x29:0x00000000
       14105000	      1409	00000000	00000013	addi	x0,x0,0	  x0:0x00000000
       14115000	      1410	80001d4c	00000013	addi	x0,x0,0	  x0:0x00000000
       14125000	      1411	80001d50	ade38293	addi	x5,x7,-1314	  x7:0xcaf0ca3c  x5=0xcaf0c51a
       14135000	      1412	80001d54	018945b3	xor	x11,x18,x24	 x18:0x0e4cdbe4 x24:0x095dbb34 x11=0x071160d0
       14145000	      1413	80001d58	01ab4233	xor	x4,x22,x26	 x22:0x00000001 x26:0x00000000  x4=0x00000001
       14155000	      1414	80001d5c	1395c293	xori	x5,x11,313	 x11:0x071160d0  x5=0x071161e9
       14165000	      1415	80001d60	00ecb033	sltu	x0,x25,x14	 x25:0x54303365 x14:0x80009f84
       14175000	      1416	80001d64	b2b75ab7	lui	x21,0xb2b75	 x21=0xb2b75000
       14185000	      1417	80001d68	4109d133	sra	x2,x19,x16	 x19:0x00000000 x16:0x00000000  x2=0x00000000
       14195000	      1418	80001d6c	01d85593	srli	x11,x16,0x1d	 x16:0x00000000 x11=0x00000000
       14205000	      1419	80001d70	01a7cab3	xor	x21,x15,x26	 x15:0x00000007 x26:0x00000000 x21=0x00000007
       14215000	      1420	80001d74	00208e63	beq	x1,x2,80001d90	  x1:0x095dc000  x2:0x00000000
       14225000	      1421	80001d78	017302b3	add	x5,x6,x23	  x6:0x8000bff6 x23:0x00000000  x5=0x8000bff6
       14235000	      1422	80001d7c	05399063	bne	x19,x19,80001dbc	 x19:0x00000000 x19:0x00000000
       14245000	      1423	80001d80	b91d0693	addi	x13,x26,-1135	 x26:0x00000000 x13=0xfffffb91
       14255000	      1424	80001d84	00360fb3	add	x31,x12,x3	 x12:0x14c00000  x3:0x00000002 x31=0x14c00002
       14265000	      1425	80001d88	022d6663	bltu	x26,x2,80001db4	 x26:0x00000000  x2:0x00000000
       14275000	      1426	80001d8c	0040c663	blt	x1,x4,80001d98	  x1:0x095dc000  x4:0x00000001
       14285000	      1427	80001d90	00000013	addi	x0,x0,0	  x0:0x00000000
       14295000	      1428	80001d94	016e8863	beq	x29,x22,80001da4	 x29:0x00000000 x22:0x00000001
       14305000	      1429	80001d98	000f4c63	blt	x30,x0,80001db0	 x30:0x00000000  x0:0x00000000
       14315000	      1430	80001d9c	41670333	sub	x6,x14,x22	 x14:0x80009f84 x22:0x00000001  x6=0x80009f83
       14325000	      1431	80001da0	001a11b3	sll	x3,x20,x1	 x20:0xffffffff  x1:0x095dc000  x3=0xffffffff
       14335000	      1432	80001da4	01e4eab3	or	x21,x9,x30	  x9:0x00000001 x30:0x00000000 x21=0x00000001
       14345000	      1433	80001da8	0078fd33	and	x26,x17,x7	 x17:0x80009fc4  x7:0xcaf0ca3c x26=0x80008a04
       14355000	      1434	80001dac	00e05263	bge	x0,x14,80001db0	  x0:0x00000000 x14:0x80009f84
       14365000	      1435	00000000	00000013	addi	x0,x0,0	  x0:0x00000000
       14375000	      1436	80001dac	00000013	addi	x0,x0,0	  x0:0x00000000
       14385000	      1437	80001db0	01885293	srli	x5,x16,0x18	 x16:0x00000000  x5=0x00000000
       14395000	      1438	80001db4	02dd7463	bgeu	x26,x13,80001ddc	 x26:0x80008a04 x13:0xfffffb91
       14405000	      1439	80001db8	01c96263	bltu	x18,x28,80001dbc	 x18:0x0e4cdbe4 x28:0x00000000
       14415000	      1440	80001dbc	009efcb3	and	x25,x29,x9	 x29:0x00000000  x9:0x00000001 x25=0x00000000
       14425000	      1441	80001dc0	13af3293	sltiu	x5,x30,314	 x30:0x00000000  x5=0x00000001
       14435000	      1442	80001dc4	1f8ce793	ori	x15,x25,504	 x25:0x00000000 x15=0x000001f8
       14445000	      1443	80001dc8	05f40663	beq	x8,x31,80001e14	  x8:0x80009f99 x31:0x14c00002
       14455000	      1444	80001dcc	012a5193	srli	x3,x20,0x12	 x20:0xffffffff  x3=0x00003fff
       14465000	      1445	80001dd0	00858e33	add	x28,x11,x8	 x11:0x00000000  x8:0x80009f99 x28=0x80009f99
       14475000	      1446	80001dd4	01e960b3	or	x1,x18,x30	 x18:0x0e4cdbe4 x30:0x00000000  x1=0x0e4cdbe4
       14485000	      1447	80001dd8	90ab7913	andi	x18,x22,-1782	 x22:0x00000001 x18=0x00000000
       14495000	      1448	80001ddc	00fb86b3	add	x13,x23,x15	 x23:0x00000000 x15:0x000001f8 x13=0x000001f8
       14505000	      1449	80001de0	005280b3	add	x1,x5,x5	  x5:0x00000001  x5:0x00000001  x1=0x00000002
       14515000	      1450	80001de4	e5f96593	ori	x11,x18,-417	 x18:0x00000000 x11=0xfffffe5f
       14525000	      1451	80001de8	b4087137	lui	x2,0xb4087	  x2=0xb4087000
       14535000	      1452	80001dec	0151d263	bge	x3,x21,80001df0	  x3:0x00003fff x21:0x00000001
       14545000	      1453	00000000	00000013	addi	x0,x0,0	  x0:0x00000000
       14555000	      1454	80001dec	00000013	addi	x0,x0,0	  x0:0x00000000
       14565000	      1455	80001df0	05988063	beq	x17,x25,80001e30	 x17:0x80009fc4 x25:0x00000000
       14575000	      1456	80001df4	000084b3	add	x9,x1,x0	  x1:0x00000002  x0:0x00000000  x9=0x00000002
       14585000	      1457	80001df8	4140dc13	srai	x24,x1,0x14	  x1:0x00000002 x24=0x00000000
       14595000	      1458	80001dfc	3397b793	sltiu	x15,x15,825	 x15:0x000001f8 x15=0x00000001
       14605000	      1459	80001e00	673d4413	xori	x8,x26,1651	 x26:0x80008a04  x8=0x80008c77
       14615000	      1460	80001e04	00ce6b33	or	x22,x28,x12	 x28:0x80009f99 x12:0x14c00000 x22=0x94c09f99
       14625000	      1461	80001e08	e368fe13	andi	x28,x17,-458	 x17:0x80009fc4 x28=0x80009e04
       14635000	      1462	80001e0c	007419b3	sll	x19,x8,x7	  x8:0x80008c77  x7:0xcaf0ca3c x19=0x70000000
       14645000	      1463	80001e10	aca5a813	slti	x16,x11,-1334	 x11:0xfffffe5f x16=0x00000000
       14655000	      1464	80001e14	76fa1a17	auipc	x20,0x76fa1	 x20=0xf6fa2e10
       14665000	      1465	80001e18	40edd993	srai	x19,x27,0xe	 x27:0x80009f99 x19=0xfffe0002
       14675000	      1466	80001e1c	00c01493	slli	x9,x0,0xc	  x0:0x00000000  x9=0x00000000
       14685000	      1467	80001e20	cdbf4493	xori	x9,x30,-805	 x30:0x00000000  x9=0xfffffcdb
       14695000	      1468	80001e24	00401513	slli	x10,x0,0x4	  x0:0x00000000 x10=0x00000000
       14705000	      1469	80001e28	4954f413	andi	x8,x9,1173	  x9:0xfffffcdb  x8=0x00000491
       14715000	      1470	80001e2c	007aec33	or	x24,x21,x7	 x21:0x00000001  x7:0xcaf0ca3c x24=0xcaf0ca3d
       14725000	      1471	80001e30	04a65063	bge	x12,x10,80001e70	 x12:0x14c00000 x10:0x00000000
       14735000	      1472	00000000	00000013	addi	x0,x0,0	  x0:0x00000000
       14745000	      1473	80001e6c	00000013	addi	x0,x0,0	  x0:0x00000000
       14755000	      1474	80001e70	0059b5b3	sltu	x11,x19,x5	 x19:0xfffe0002  x5:0x00000001 x11=0x00000000
       14765000	      1475	80001e74	f87f2eb7	lui	x29,0xf87f2	 x29=0xf87f2000
       14775000	      1476	80001e78	40e2d213	srai	x4,x5,0xe	  x5:0x00000001  x4=0x00000000
       14785000	      1477	80001e7c	00a24033	xor	x0,x4,x10	  x4:0x00000000 x10:0x00000000
       14795000	      1478	80001e80	01b59193	slli	x3,x11,0x1b	 x11:0x00000000  x3=0x00000000
       14805000	      1479	80001e84	00729a13	slli	x20,x5,0x7	  x5:0x00000001 x20=0x00000080
       14815000	      1480	80001e88	0010e463	bltu	x1,x1,80001e90	  x1:0x00000002  x1:0x00000002
       14825000	      1481	80001e8c	00000013	addi	x0,x0,0	  x0:0x00000000
       14835000	      1482	80001e90	017529b3	slt	x19,x10,x23	 x10:0x00000000 x23:0x00000000 x19=0x00000000
       14845000	      1483	80001e94	00e49e93	slli	x29,x9,0xe	  x9:0xfffffcdb x29=0xff36c000
       14855000	      1484	80001e98	004bf133	and	x2,x23,x4	 x23:0x00000000  x4:0x00000000  x2=0x00000000
       14865000	      1485	80001e9c	00643433	sltu	x8,x8,x6	  x8:0x00000491  x6:0x80009f83  x8=0x00000001
       14875000	      1486	80001ea0	01a12333	slt	x6,x2,x26	  x2:0x00000000 x26:0x80008a04  x6=0x00000000
       14885000	      1487	80001ea4	02dbce63	blt	x23,x13,80001ee0	 x23:0x00000000 x13:0x000001f8
       14895000	      1488	00000000	00000013	addi	x0,x0,0	  x0:0x00000000
       14905000	      1489	80001edc	00000013	addi	x0,x0,0	  x0:0x00000000
       14915000	      1490	80001ee0	0087c633	xor	x12,x15,x8	 x15:0x00000001  x8:0x00000001 x12=0x00000000
       14925000	      1491	80001ee4	00000013	addi	x0,x0,0	  x0:0x00000000
       14935000	      1492	80001ee8	0313cc63	blt	x7,x17,80001f20	  x7:0xcaf0ca3c x17:0x80009fc4
       14945000	      1493	80001eec	00aae433	or	x8,x21,x10	 x21:0x00000001 x10:0x00000000  x8=0x00000001
       14955000	      1494	80001ef0	01b71c63	bne	x14,x27,80001f08	 x14:0x80009f84 x27:0x80009f99
       14965000	      1495	00000000	00000013	addi	x0,x0,0	  x0:0x00000000
       14975000	      1496	80001f04	00000013	addi	x0,x0,0	  x0:0x00000000
       14985000	      1497	80001f08	04ddf663	bgeu	x27,x13,80001f54	 x27:0x80009f99 x13:0x000001f8
       14995000	      1498	00000000	00000013	addi	x0,x0,0	  x0:0x00000000
       15005000	      1499	80001f50	00000013	addi	x0,x0,0	  x0:0x00000000
       15015000	      1500	80001f54	00000013	addi	x0,x0,0	  x0:0x00000000
       15025000	      1501	80001f58	00a3ad33	slt	x26,x7,x10	  x7:0xcaf0ca3c x10:0x00000000 x26=0x00000001
       15035000	      1502	80001f5c	e9e64d13	xori	x26,x12,-354	 x12:0x00000000 x26=0xfffffe9e
       15045000	      1503	80001f60	41e9d133	sra	x2,x19,x30	 x19:0x00000000 x30:0x00000000  x2=0x00000000
       15055000	      1504	80001f64	400055b3	sra	x11,x0,x0	  x0:0x00000000  x0:0x00000000 x11=0x00000000
       15065000	      1505	80001f68	01cd1613	slli	x12,x26,0x1c	 x26:0xfffffe9e x12=0xe0000000
       15075000	      1506	80001f6c	64974b93	xori	x23,x14,1609	 x14:0x80009f84 x23=0x800099cd
       15085000	      1507	80001f70	008a7833	and	x16,x20,x8	 x20:0x00000080  x8:0x00000001 x16=0x00000000
       15095000	      1508	80001f74	03449663	bne	x9,x20,80001fa0	  x9:0xfffffcdb x20:0x00000080
       15105000	      1509	00000000	00000013	addi	x0,x0,0	  x0:0x00000000
       15115000	      1510	80001f9c	00000013	addi	x0,x0,0	  x0:0x00000000
       15125000	      1511	80001fa0	0166e4b3	or	x9,x13,x22	 x13:0x000001f8 x22:0x94c09f99  x9=0x94c09ff9
       15135000	      1512	80001fa4	bbea39b7	lui	x19,0xbbea3	 x19=0xbbea3000
       15145000	      1513	80001fa8	0080c533	xor	x10,x1,x8	  x1:0x00000002  x8:0x00000001 x10=0x00000003
       15155000	      1514	80001fac	021dfc63	bgeu	x27,x1,80001fe4	 x27:0x80009f99  x1:0x00000002
       15165000	      1515	00000000	00000013	addi	x0,x0,0	  x0:0x00000000
       15175000	      1516	80001fe0	00000013	addi	x0,x0,0	  x0:0x00000000
       15185000	      1517	80001fe4	005f7863	bgeu	x30,x5,80001ff4	 x30:0x00000000  x5:0x00000001
       15195000	      1518	80001fe8	97bab037	lui	x0,0x97bab	
       15205000	      1519	80001fec	40058933	sub	x18,x11,x0	 x11:0x00000000  x0:0x00000000 x18=0x00000000
       15215000	      1520	80001ff0	056d7063	bgeu	x26,x22,80002030	 x26:0xfffffe9e x22:0x94c09f99
       15225000	      1521	00000000	00000013	addi	x0,x0,0	  x0:0x00000000
       15235000	      1522	8000202c	00000013	addi	x0,x0,0	  x0:0x00000000
       15245000	      1523	80002030	00000013	addi	x0,x0,0	  x0:0x00000000
       15255000	      1524	80002034	00b3bb33	sltu	x22,x7,x11	  x7:0xcaf0ca3c x11:0x00000000 x22=0x00000000
       15265000	      1525	80002038	41fa56b3	sra	x13,x20,x31	 x20:0x00000080 x31:0x14c00002 x13=0x00000020
       15275000	      1526	8000203c	02131e63	bne	x6,x1,80002078	  x6:0x00000000  x1:0x00000002
       15285000	      1527	00000000	00000013	addi	x0,x0,0	  x0:0x00000000
       15295000	      1528	80002074	00000013	addi	x0,x0,0	  x0:0x00000000
       15305000	      1529	80002078	00b3c7b3	xor	x15,x7,x11	  x7:0xcaf0ca3c x11:0x00000000 x15=0xcaf0ca3c
       15315000	      1530	8000207c	00000013	addi	x0,x0,0	  x0:0x00000000
       15325000	      1531	80002080	004d05b3	add	x11,x26,x4	 x26:0xfffffe9e  x4:0x00000000 x11=0xfffffe9e
       15335000	      1532	80002084	05da5063	bge	x20,x29,800020c4	 x20:0x00000080 x29:0xff36c000
       15345000	      1533	00000000	00000013	addi	x0,x0,0	  x0:0x00000000
       15355000	      1534	800020c0	00000013	addi	x0,x0,0	  x0:0x00000000
       15365000	      1535	800020c4	6fcbe393	ori	x7,x23,1788	 x23:0x800099cd  x7=0x80009ffd
       15375000	      1536	800020c8	019821b3	slt	x3,x16,x25	 x16:0x00000000 x25:0x00000000  x3=0x00000000
       15385000	      1537	800020cc	40188cb3	sub	x25,x17,x1	 x17:0x80009fc4  x1:0x00000002 x25=0x80009fc2
       15395000	      1538	800020d0	004a2233	slt	x4,x20,x4	 x20:0x00000080  x4:0x00000000  x4=0x00000000
       15405000	      1539	800020d4	40f70fb3	sub	x31,x14,x15	 x14:0x80009f84 x15:0xcaf0ca3c x31=0xb50fd548
       15415000	      1540	800020d8	019a09b3	add	x19,x20,x25	 x20:0x00000080 x25:0x80009fc2 x19=0x8000a042
       15425000	      1541	800020dc	d9d98413	addi	x8,x19,-611	 x19:0x8000a042  x8=0x80009ddf
       15435000	      1542	800020e0	00688b33	add	x22,x17,x6	 x17:0x80009fc4  x6:0x00000000 x22=0x80009fc4
       15445000	      1543	800020e4	4148d3b3	sra	x7,x17,x20	 x17:0x80009fc4 x20:0x00000080  x7=0x80009fc4
       15455000	      1544	800020e8	00576c63	bltu	x14,x5,80002100	 x14:0x80009f84  x5:0x00000001
       15465000	      1545	800020ec	00ab9693	slli	x13,x23,0xa	 x23:0x800099cd x13=0x02673400
       15475000	      1546	800020f0	01cf7e63	bgeu	x30,x28,8000210c	 x30:0x00000000 x28:0x80009e04
       15485000	      1547	800020f4	04d27063	bgeu	x4,x13,80002134	  x4:0x00000000 x13:0x02673400
       15495000	      1548	800020f8	460b6b13	ori	x22,x22,1120	 x22:0x80009fc4 x22=0x80009fe4
       15505000	      1549	800020fc	f957c1b7	lui	x3,0xf957c	  x3=0xf957c000
       15515000	      1550	80002100	00000013	addi	x0,x0,0	  x0:0x00000000
       15525000	      1551	80002104	40525293	srai	x5,x4,0x5	  x4:0x00000000  x5=0x00000000
       15535000	      1552	80002108	004f0c63	beq	x30,x4,80002120	 x30:0x00000000  x4:0x00000000
       15545000	      1553	00000000	00000013	addi	x0,x0,0	  x0:0x00000000
       15555000	      1554	8000211c	00000013	addi	x0,x0,0	  x0:0x00000000
       15565000	      1555	80002120	13c33393	sltiu	x7,x6,316	  x6:0x00000000  x7=0x00000001
       15575000	      1556	80002124	0502d663	bge	x5,x16,80002170	  x5:0x00000000 x16:0x00000000
       15585000	      1557	00000000	00000013	addi	x0,x0,0	  x0:0x00000000
       15595000	      1558	8000216c	00000013	addi	x0,x0,0	  x0:0x00000000
       15605000	      1559	80002170	0048d113	srli	x2,x17,0x4	 x17:0x80009fc4  x2=0x080009fc
       15615000	      1560	80002174	00615c13	srli	x24,x2,0x6	  x2:0x080009fc x24=0x00200027
       15625000	      1561	80002178	f552ca13	xori	x20,x5,-171	  x5:0x00000000 x20=0xffffff55
       15635000	      1562	8000217c	01c79693	slli	x13,x15,0x1c	 x15:0xcaf0ca3c x13=0xc0000000
       15645000	      1563	80002180	01ab7db3	and	x27,x22,x26	 x22:0x80009fe4 x26:0xfffffe9e x27=0x80009e84
       15655000	      1564	80002184	001bf263	bgeu	x23,x1,80002188	 x23:0x800099cd  x1:0x00000002
       15665000	      1565	00000000	00000013	addi	x0,x0,0	  x0:0x00000000
       15675000	      1566	80002184	00000013	addi	x0,x0,0	  x0:0x00000000
       15685000	      1567	80002188	002a0263	beq	x20,x2,8000218c	 x20:0xffffff55  x2:0x080009fc
       15695000	      1568	8000218c	00f81e33	sll	x28,x16,x15	 x16:0x00000000 x15:0xcaf0ca3c x28=0x00000000
       15705000	      1569	80002190	175a8813	addi	x16,x21,373	 x21:0x00000001 x16=0x00000176
       15715000	      1570	80002194	00000013	addi	x0,x0,0	  x0:0x00000000
       15725000	      1571	80002198	01be4eb3	xor	x29,x28,x27	 x28:0x00000000 x27:0x80009e84 x29=0x80009e84
       15735000	      1572	8000219c	00b859b3	srl	x19,x16,x11	 x16:0x00000176 x11:0xfffffe9e x19=0x00000000
       15745000	      1573	800021a0	128ee517	auipc	x10,0x128ee	 x10=0x928f019c
       15755000	      1574	800021a4	00f01033	sll	x0,x0,x15	  x0:0x00000000 x15:0xcaf0ca3c
       15765000	      1575	800021a8	01a9ae33	slt	x28,x19,x26	 x19:0x00000000 x26:0xfffffe9e x28=0x00000000
       15775000	      1576	800021ac	009681b3	add	x3,x13,x9	 x13:0xc0000000  x9:0x94c09ff9  x3=0x54c09ff9
       15785000	      1577	800021b0	008a5863	bge	x20,x8,800021c0	 x20:0xffffff55  x8:0x80009ddf
       15795000	      1578	00000000	00000013	addi	x0,x0,0	  x0:0x00000000
       15805000	      1579	800021bc	00000013	addi	x0,x0,0	  x0:0x00000000
       15815000	      1580	800021c0	01de57b3	srl	x15,x28,x29	 x28:0x00000000 x29:0x80009e84 x15=0x00000000
       15825000	      1581	800021c4	01b25a13	srli	x20,x4,0x1b	  x4:0x00000000 x20=0x00000000
       15835000	      1582	800021c8	01d7ceb3	xor	x29,x15,x29	 x15:0x00000000 x29:0x80009e84 x29=0x80009e84
       15845000	      1583	800021cc	23d59e37	lui	x28,0x23d59	 x28=0x23d59000
       15855000	      1584	800021d0	010f7b33	and	x22,x30,x16	 x30:0x00000000 x16:0x00000176 x22=0x00000000
       15865000	      1585	800021d4	c80cd297	auipc	x5,0xc80cd	  x5=0x480cf1d0
       15875000	      1586	800021d8	04a27063	bgeu	x4,x10,80002218	  x4:0x00000000 x10:0x928f019c
       15885000	      1587	800021dc	f9a56993	ori	x19,x10,-102	 x10:0x928f019c x19=0xffffff9e
       15895000	      1588	800021e0	04410063	beq	x2,x4,80002220	  x2:0x080009fc  x4:0x00000000
       15905000	      1589	800021e4	70e44693	xori	x13,x8,1806	  x8:0x80009ddf x13=0x80009ad1
       15915000	      1590	800021e8	00d59463	bne	x11,x13,800021f0	 x11:0xfffffe9e x13:0x80009ad1
       15925000	      1591	00000000	00000013	addi	x0,x0,0	  x0:0x00000000
       15935000	      1592	800021ec	00000013	addi	x0,x0,0	  x0:0x00000000
       15945000	      1593	800021f0	ae164c93	xori	x25,x12,-1311	 x12:0xe0000000 x25=0x1ffffae1
       15955000	      1594	800021f4	39763513	sltiu	x10,x12,919	 x12:0xe0000000 x10=0x00000000
       15965000	      1595	800021f8	01a81c63	bne	x16,x26,80002210	 x16:0x00000176 x26:0xfffffe9e
       15975000	      1596	00000000	00000013	addi	x0,x0,0	  x0:0x00000000
       15985000	      1597	8000220c	00000013	addi	x0,x0,0	  x0:0x00000000
       15995000	      1598	80002210	c84fbe17	auipc	x28,0xc84fb	 x28=0x484fd20c
       16005000	      1599	80002214	021b5a63	bge	x22,x1,80002248	 x22:0x00000000  x1:0x00000002
       16015000	      1600	80002218	dba02593	slti	x11,x0,-582	  x0:0x00000000 x11=0x00000000
       16025000	      1601	8000221c	739be513	ori	x10,x23,1849	 x23:0x800099cd x10=0x80009ffd
       16035000	      1602	80002220	0105cb33	xor	x22,x11,x16	 x11:0x00000000 x16:0x00000176 x22=0x00000176
       16045000	      1603	80002224	012e8bb3	add	x23,x29,x18	 x29:0x80009e84 x18:0x00000000 x23=0x80009e84
       16055000	      1604	80002228	7a462193	slti	x3,x12,1956	 x12:0xe0000000  x3=0x00000001
       16065000	      1605	8000222c	00000013	addi	x0,x0,0	  x0:0x00000000
       16075000	      1606	80002230	41d85613	srai	x12,x16,0x1d	 x16:0x00000176 x12=0x00000000
       16085000	      1607	80002234	40368133	sub	x2,x13,x3	 x13:0x80009ad1  x3:0x00000001  x2=0x80009ad0
       16095000	      1608	80002238	05289663	bne	x17,x18,80002284	 x17:0x80009fc4 x18:0x00000000
       16105000	      1609	00000000	00000013	addi	x0,x0,0	  x0:0x00000000
       16115000	      1610	80002280	00000013	addi	x0,x0,0	  x0:0x00000000
       16125000	      1611	80002284	05e6d063	bge	x13,x30,800022c4	 x13:0x80009ad1 x30:0x00000000
       16135000	      1612	80002288	4005d6b3	sra	x13,x11,x0	 x11:0x00000000  x0:0x00000000 x13=0x00000000
       16145000	      1613	8000228c	00000013	addi	x0,x0,0	  x0:0x00000000
       16155000	      1614	80002290	4123d7b3	sra	x15,x7,x18	  x7:0x00000001 x18:0x00000000 x15=0x00000001
       16165000	      1615	80002294	041c8063	beq	x25,x1,800022d4	 x25:0x1ffffae1  x1:0x00000002
       16175000	      1616	80002298	c3de30b7	lui	x1,0xc3de3	  x1=0xc3de3000
       16185000	      1617	8000229c	00000013	addi	x0,x0,0	  x0:0x00000000
       16195000	      1618	800022a0	02e8de63	bge	x17,x14,800022dc	 x17:0x80009fc4 x14:0x80009f84
       16205000	      1619	00000000	00000013	addi	x0,x0,0	  x0:0x00000000
       16215000	      1620	800022d8	00000013	addi	x0,x0,0	  x0:0x00000000
       16225000	      1621	800022dc	005811b3	sll	x3,x16,x5	 x16:0x00000176  x5:0x480cf1d0  x3=0x01760000
       16235000	      1622	800022e0	00d45113	srli	x2,x8,0xd	  x8:0x80009ddf  x2=0x00040004
       16245000	      1623	800022e4	00cb9213	slli	x4,x23,0xc	 x23:0x80009e84  x4=0x09e84000
       16255000	      1624	800022e8	bd89be93	sltiu	x29,x19,-1064	 x19:0xffffff9e x29=0x00000000
       16265000	      1625	800022ec	43c2bc13	sltiu	x24,x5,1084	  x5:0x480cf1d0 x24=0x00000000
       16275000	      1626	800022f0	d9182c93	slti	x25,x16,-623	 x16:0x00000176 x25=0x00000000
       16285000	      1627	800022f4	01449fb3	sll	x31,x9,x20	  x9:0x94c09ff9 x20:0x00000000 x31=0x94c09ff9
       16295000	      1628	800022f8	008b7833	and	x16,x22,x8	 x22:0x00000176  x8:0x80009ddf x16=0x00000156
       16305000	      1629	800022fc	000bdc13	srli	x24,x23,0x0	 x23:0x80009e84 x24=0x80009e84
       16315000	      1630	80002300	06e8bb13	sltiu	x22,x17,110	 x17:0x80009fc4 x22=0x00000000
       16325000	      1631	80002304	018c40b3	xor	x1,x24,x24	 x24:0x80009e84 x24:0x80009e84  x1=0x00000000
       16335000	      1632	80002308	01d83fb3	sltu	x31,x16,x29	 x16:0x00000156 x29:0x00000000 x31=0x00000000
       16345000	      1633	8000230c	035dda63	bge	x27,x21,80002340	 x27:0x80009e84 x21:0x00000001
       16355000	      1634	80002310	005f10b3	sll	x1,x30,x5	 x30:0x00000000  x5:0x480cf1d0  x1=0x00000000
       16365000	      1635	80002314	40755e33	sra	x28,x10,x7	 x10:0x80009ffd  x7:0x00000001 x28=0xc0004ffe
       16375000	      1636	80002318	89549bb7	lui	x23,0x89549	 x23=0x89549000
       16385000	      1637	8000231c	01c39c93	slli	x25,x7,0x1c	  x7:0x00000001 x25=0x10000000
       16395000	      1638	80002320	f83e3013	sltiu	x0,x28,-125	 x28:0xc0004ffe
       16405000	      1639	80002324	8f374a93	xori	x21,x14,-1805	 x14:0x80009f84 x21=0x7fff6777
       16415000	      1640	80002328	00f60433	add	x8,x12,x15	 x12:0x00000000 x15:0x00000001  x8=0x00000001
       16425000	      1641	8000232c	007d5093	srli	x1,x26,0x7	 x26:0xfffffe9e  x1=0x01fffffd
       16435000	      1642	80002330	02d17663	bgeu	x2,x13,8000235c	  x2:0x00040004 x13:0x00000000
       16445000	      1643	00000000	00000013	addi	x0,x0,0	  x0:0x00000000
       16455000	      1644	80002358	00000013	addi	x0,x0,0	  x0:0x00000000
       16465000	      1645	8000235c	05350063	beq	x10,x19,8000239c	 x10:0x80009ffd x19:0xffffff9e
       16475000	      1646	80002360	04c96663	bltu	x18,x12,800023ac	 x18:0x00000000 x12:0x00000000
       16485000	      1647	80002364	22280d13	addi	x26,x16,546	 x16:0x00000156 x26=0x00000378
       16495000	      1648	80002368	0bdbc597	auipc	x11,0xbdbc	 x11=0x8bdbe364
       16505000	      1649	8000236c	00d19213	slli	x4,x3,0xd	  x3:0x01760000  x4=0xc0000000
       16515000	      1650	80002370	007fe633	or	x12,x31,x7	 x31:0x00000000  x7:0x00000001 x12=0x00000001
       16525000	      1651	80002374	00e33333	sltu	x6,x6,x14	  x6:0x00000000 x14:0x80009f84  x6=0x00000001
       16535000	      1652	80002378	015c10b3	sll	x1,x24,x21	 x24:0x80009e84 x21:0x7fff6777  x1=0x42000000
       16545000	      1653	8000237c	00696c63	bltu	x18,x6,80002394	 x18:0x00000000  x6:0x00000001
       16555000	      1654	00000000	00000013	addi	x0,x0,0	  x0:0x00000000
       16565000	      1655	80002390	00000013	addi	x0,x0,0	  x0:0x00000000
       16575000	      1656	80002394	01ab52b3	srl	x5,x22,x26	 x22:0x00000000 x26:0x00000378  x5=0x00000000
       16585000	      1657	80002398	009b7e63	bgeu	x22,x9,800023b4	 x22:0x00000000  x9:0x94c09ff9
       16595000	      1658	8000239c	0014b033	sltu	x0,x9,x1	  x9:0x94c09ff9  x1:0x42000000
       16605000	      1659	800023a0	75713837	lui	x16,0x75713	 x16=0x75713000
       16615000	      1660	800023a4	03274f93	xori	x31,x14,50	 x14:0x80009f84 x31=0x80009fb6
       16625000	      1661	800023a8	0226ee63	bltu	x13,x2,800023e4	 x13:0x00000000  x2:0x00040004
       16635000	      1662	00000000	00000013	addi	x0,x0,0	  x0:0x00000000
       16645000	      1663	800023e0	00000013	addi	x0,x0,0	  x0:0x00000000
       16655000	      1664	800023e4	01116033	or	x0,x2,x17	  x2:0x00040004 x17:0x80009fc4
       16665000	      1665	800023e8	40895013	srai	x0,x18,0x8	 x18:0x00000000
       16675000	      1666	800023ec	01111233	sll	x4,x2,x17	  x2:0x00040004 x17:0x80009fc4  x4=0x00400040
       16685000	      1667	800023f0	0070ad33	slt	x26,x1,x7	  x1:0x42000000  x7:0x00000001 x26=0x00000000
       16695000	      1668	800023f4	00e1bb33	sltu	x22,x3,x14	  x3:0x01760000 x14:0x80009f84 x22=0x00000001
       16705000	      1669	800023f8	00cb5263	bge	x22,x12,800023fc	 x22:0x00000001 x12:0x00000001
       16715000	      1670	00000000	00000013	addi	x0,x0,0	  x0:0x00000000
       16725000	      1671	800023f8	00000013	addi	x0,x0,0	  x0:0x00000000
       16735000	      1672	800023fc	0170a533	slt	x10,x1,x23	  x1:0x42000000 x23:0x89549000 x10=0x00000000
       16745000	      1673	80002400	00000013	addi	x0,x0,0	  x0:0x00000000
       16755000	      1674	80002404	414d5b13	srai	x22,x26,0x14	 x26:0x00000000 x22=0x00000000
       16765000	      1675	80002408	00c8d6b3	srl	x13,x17,x12	 x17:0x80009fc4 x12:0x00000001 x13=0x40004fe2
       16775000	      1676	8000240c	007ddcb3	srl	x25,x27,x7	 x27:0x80009e84  x7:0x00000001 x25=0x40004f42
       16785000	      1677	80002410	04d6f063	bgeu	x13,x13,80002450	 x13:0x40004fe2 x13:0x40004fe2
       16795000	      1678	00000000	00000013	addi	x0,x0,0	  x0:0x00000000
       16805000	      1679	8000244c	00000013	addi	x0,x0,0	  x0:0x00000000
       16815000	      1680	80002450	41ba8933	sub	x18,x21,x27	 x21:0x7fff6777 x27:0x80009e84 x18=0xfffec8f3
       16825000	      1681	80002454	00000013	addi	x0,x0,0	  x0:0x00000000
       16835000	      1682	80002458	00bb1613	slli	x12,x22,0xb	 x22:0x00000000 x12=0x00000000
       16845000	      1683	8000245c	9c883437	lui	x8,0x9c883	  x8=0x9c883000
       16855000	      1684	80002460	05f57063	bgeu	x10,x31,800024a0	 x10:0x00000000 x31:0x80009fb6
       16865000	      1685	80002464	016195b3	sll	x11,x3,x22	  x3:0x01760000 x22:0x00000000 x11=0x01760000
       16875000	      1686	80002468	01cecc33	xor	x24,x29,x28	 x29:0x00000000 x28:0xc0004ffe x24=0xc0004ffe
       16885000	      1687	8000246c	039afa63	bgeu	x21,x25,800024a0	 x21:0x7fff6777 x25:0x40004f42
       16895000	      1688	00000000	00000013	addi	x0,x0,0	  x0:0x00000000
       16905000	      1689	8000249c	00000013	addi	x0,x0,0	  x0:0x00000000
       16915000	      1690	800024a0	adcd4d93	xori	x27,x26,-1316	 x26:0x00000000 x27=0xfffffadc
       16925000	      1691	800024a4	019383b3	add	x7,x7,x25	  x7:0x00000001 x25:0x40004f42  x7=0x40004f43
       16935000	      1692	800024a8	01bb74b3	and	x9,x22,x27	 x22:0x00000000 x27:0xfffffadc  x9=0x00000000
       16945000	      1693	800024ac	0100e9b3	or	x19,x1,x16	  x1:0x42000000 x16:0x75713000 x19=0x77713000
       16955000	      1694	800024b0	4181ddb3	sra	x27,x3,x24	  x3:0x01760000 x24:0xc0004ffe x27=0x00000000
       16965000	      1695	800024b4	adb02493	slti	x9,x0,-1317	  x0:0x00000000  x9=0x00000000
       16975000	      1696	800024b8	0048b833	sltu	x16,x17,x4	 x17:0x80009fc4  x4:0x00400040 x16=0x00000000
       16985000	      1697	800024bc	41045c13	srai	x24,x8,0x10	  x8:0x9c883000 x24=0xffff9c88
       16995000	      1698	800024c0	13254193	xori	x3,x10,306	 x10:0x00000000  x3=0x00000132
       17005000	      1699	800024c4	035bd063	bge	x23,x21,800024e4	 x23:0x89549000 x21:0x7fff6777
       17015000	      1700	800024c8	00afdd13	srli	x26,x31,0xa	 x31:0x80009fb6 x26=0x00200027
       17025000	      1701	800024cc	04c8e063	bltu	x17,x12,8000250c	 x17:0x80009fc4 x12:0x00000000
       17035000	      1702	800024d0	40668bb3	sub	x23,x13,x6	 x13:0x40004fe2  x6:0x00000001 x23=0x40004fe1
       17045000	      1703	800024d4	01e904b3	add	x9,x18,x30	 x18:0xfffec8f3 x30:0x00000000  x9=0xfffec8f3
       17055000	      1704	800024d8	40515a13	srai	x20,x2,0x5	  x2:0x00040004 x20=0x00002000
       17065000	      1705	800024dc	3b43bb13	sltiu	x22,x7,948	  x7:0x40004f43 x22=0x00000000
       17075000	      1706	800024e0	01ed5193	srli	x3,x26,0x1e	 x26:0x00200027  x3=0x00000000
       17085000	      1707	800024e4	0066b233	sltu	x4,x13,x6	 x13:0x40004fe2  x6:0x00000001  x4=0x00000000
       17095000	      1708	800024e8	03d2c663	blt	x5,x29,80002514	  x5:0x00000000 x29:0x00000000
       17105000	      1709	800024ec	01708033	add	x0,x1,x23	  x1:0x42000000 x23:0x40004fe1
       17115000	      1710	800024f0	010c2233	slt	x4,x24,x16	 x24:0xffff9c88 x16:0x00000000  x4=0x00000001
       17125000	      1711	800024f4	0053d463	bge	x7,x5,800024fc	  x7:0x40004f43  x5:0x00000000
       17135000	      1712	00000000	00000013	addi	x0,x0,0	  x0:0x00000000
       17145000	      1713	800024f8	00000013	addi	x0,x0,0	  x0:0x00000000
       17155000	      1714	800024fc	5e857213	andi	x4,x10,1512	 x10:0x00000000  x4=0x00000000
       17165000	      1715	80002500	009773b3	and	x7,x14,x9	 x14:0x80009f84  x9:0xfffec8f3  x7=0x80008880
       17175000	      1716	80002504	002badb3	slt	x27,x23,x2	 x23:0x40004fe1  x2:0x00040004 x27=0x00000000
       17185000	      1717	80002508	00000013	addi	x0,x0,0	  x0:0x00000000
       17195000	      1718	8000250c	00ad1433	sll	x8,x26,x10	 x26:0x00200027 x10:0x00000000  x8=0x00200027
       17205000	      1719	80002510	f4fbaa93	slti	x21,x23,-177	 x23:0x40004fe1 x21=0x00000000
       17215000	      1720	80002514	c50e4813	xori	x16,x28,-944	 x28:0xc0004ffe x16=0x3fffb3ae
       17225000	      1721	80002518	400f5493	srai	x9,x30,0x0	 x30:0x00000000  x9=0x00000000
       17235000	      1722	8000251c	000d1c63	bne	x26,x0,80002534	 x26:0x00200027  x0:0x00000000
       17245000	      1723	00000000	00000013	addi	x0,x0,0	  x0:0x00000000
       17255000	      1724	80002530	00000013	addi	x0,x0,0	  x0:0x00000000
       17265000	      1725	80002534	d3c23113	sltiu	x2,x4,-708	  x4:0x00000000  x2=0x00000001
       17275000	      1726	80002538	00e7e233	or	x4,x15,x14	 x15:0x00000001 x14:0x80009f84  x4=0x80009f85
       17285000	      1727	8000253c	402503b3	sub	x7,x10,x2	 x10:0x00000000  x2:0x00000001  x7=0xffffffff
       17295000	      1728	80002540	00551793	slli	x15,x10,0x5	 x10:0x00000000 x15=0x00000000
       17305000	      1729	80002544	02b3a593	slti	x11,x7,43	  x7:0xffffffff x11=0x00000001
       17315000	      1730	80002548	00a20c33	add	x24,x4,x10	  x4:0x80009f85 x10:0x00000000 x24=0x80009f85
       17325000	      1731	8000254c	56a01117	auipc	x2,0x56a01	  x2=0xd6a03548
       17335000	      1732	80002550	0081c433	xor	x8,x3,x8	  x3:0x00000000  x8:0x00200027  x8=0x00200027
       17345000	      1733	80002554	02e31463	bne	x6,x14,8000257c	  x6:0x00000001 x14:0x80009f84
       17355000	      1734	00000000	00000013	addi	x0,x0,0	  x0:0x00000000
       17365000	      1735	80002578	00000013	addi	x0,x0,0	  x0:0x00000000
       17375000	      1736	8000257c	00000013	addi	x0,x0,0	  x0:0x00000000
       17385000	      1737	80002580	00d0e133	or	x2,x1,x13	  x1:0x42000000 x13:0x40004fe2  x2=0x42004fe2
       17395000	      1738	80002584	64d2cc93	xori	x25,x5,1613	  x5:0x00000000 x25=0x0000064d
       17405000	      1739	80002588	41108eb3	sub	x29,x1,x17	  x1:0x42000000 x17:0x80009fc4 x29=0xc1ff603c
       17415000	      1740	8000258c	40928293	addi	x5,x5,1033	  x5:0x00000000  x5=0x00000409
       17425000	      1741	80002590	f99da993	slti	x19,x27,-103	 x27:0x00000000 x19=0x00000000
       17435000	      1742	80002594	01b3f033	and	x0,x7,x27	  x7:0xffffffff x27:0x00000000
       17445000	      1743	80002598	40a80333	sub	x6,x16,x10	 x16:0x3fffb3ae x10:0x00000000  x6=0x3fffb3ae
       17455000	      1744	8000259c	01a23eb3	sltu	x29,x4,x26	  x4:0x80009f85 x26:0x00200027 x29=0x00000000
       17465000	      1745	800025a0	8740ea93	ori	x21,x1,-1932	  x1:0x42000000 x21=0xfffff874
       17475000	      1746	800025a4	844e6617	auipc	x12,0x844e6	 x12=0x044e85a0
       17485000	      1747	800025a8	00000013	addi	x0,x0,0	  x0:0x00000000
       17495000	      1748	800025ac	52478613	addi	x12,x15,1316	 x15:0x00000000 x12=0x00000524
       17505000	      1749	800025b0	00000013	addi	x0,x0,0	  x0:0x00000000
       17515000	      1750	800025b4	01be7333	and	x6,x28,x27	 x28:0xc0004ffe x27:0x00000000  x6=0x00000000
       17525000	      1751	800025b8	00e003b3	add	x7,x0,x14	  x0:0x00000000 x14:0x80009f84  x7=0x80009f84
       17535000	      1752	800025bc	01c4ceb3	xor	x29,x9,x28	  x9:0x00000000 x28:0xc0004ffe x29=0xc0004ffe
       17545000	      1753	800025c0	00eea833	slt	x16,x29,x14	 x29:0xc0004ffe x14:0x80009f84 x16=0x00000000
       17555000	      1754	800025c4	00231833	sll	x16,x6,x2	  x6:0x00000000  x2:0x42004fe2 x16=0x00000000
       17565000	      1755	800025c8	40995513	srai	x10,x18,0x9	 x18:0xfffec8f3 x10=0xffffff64
       17575000	      1756	800025cc	40add533	sra	x10,x27,x10	 x27:0x00000000 x10:0xffffff64 x10=0x00000000
       17585000	      1757	800025d0	054cf063	bgeu	x25,x20,80002610	 x25:0x0000064d x20:0x00002000
       17595000	      1758	800025d4	8874d697	auipc	x13,0x8874d	 x13=0x0874f5d0
       17605000	      1759	800025d8	0165cb33	xor	x22,x11,x22	 x11:0x00000001 x22:0x00000000 x22=0x00000001
       17615000	      1760	800025dc	00000013	addi	x0,x0,0	  x0:0x00000000
       17625000	      1761	800025e0	00000013	addi	x0,x0,0	  x0:0x00000000
       17635000	      1762	800025e4	b2fac093	xori	x1,x21,-1233	 x21:0xfffff874  x1=0x0000035b
       17645000	      1763	800025e8	00580e63	beq	x16,x5,80002604	 x16:0x00000000  x5:0x00000409
       17655000	      1764	800025ec	01855d13	srli	x26,x10,0x18	 x10:0x00000000 x26=0x00000000
       17665000	      1765	800025f0	04499063	bne	x19,x4,80002630	 x19:0x00000000  x4:0x80009f85
       17675000	      1766	00000000	00000013	addi	x0,x0,0	  x0:0x00000000
       17685000	      1767	8000262c	00000013	addi	x0,x0,0	  x0:0x00000000
       17695000	      1768	80002630	f455b093	sltiu	x1,x11,-187	 x11:0x00000001  x1=0x00000001
       17705000	      1769	80002634	01eccd33	xor	x26,x25,x30	 x25:0x0000064d x30:0x00000000 x26=0x0000064d
       17715000	      1770	80002638	bc13aa17	auipc	x20,0xbc13a	 x20=0x3c13c634
       17725000	      1771	8000263c	017fee63	bltu	x31,x23,80002658	 x31:0x80009fb6 x23:0x40004fe1
       17735000	      1772	80002640	587c2013	slti	x0,x24,1415	 x24:0x80009f85
       17745000	      1773	80002644	007cdb33	srl	x22,x25,x7	 x25:0x0000064d  x7:0x80009f84 x22=0x00000064
       17755000	      1774	80002648	00000013	addi	x0,x0,0	  x0:0x00000000
       17765000	      1775	8000264c	00486a33	or	x20,x16,x4	 x16:0x00000000  x4:0x80009f85 x20=0x80009f85
       17775000	      1776	80002650	41f6db33	sra	x22,x13,x31	 x13:0x0874f5d0 x31:0x80009fb6 x22=0x00000021
       17785000	      1777	80002654	04bbf063	bgeu	x23,x11,80002694	 x23:0x40004fe1 x11:0x00000001
       17795000	      1778	00000000	00000013	addi	x0,x0,0	  x0:0x00000000
       17805000	      1779	80002690	00000013	addi	x0,x0,0	  x0:0x00000000
       17815000	      1780	80002694	0142ceb3	xor	x29,x5,x20	  x5:0x00000409 x20:0x80009f85 x29=0x80009b8c
       17825000	      1781	80002698	ae55a013	slti	x0,x11,-1307	 x11:0x00000001
       17835000	      1782	8000269c	b102bc93	sltiu	x25,x5,-1264	  x5:0x00000409 x25=0x00000001
       17845000	      1783	800026a0	003213b3	sll	x7,x4,x3	  x4:0x80009f85  x3:0x00000000  x7=0x80009f85
       17855000	      1784	800026a4	01812cb3	slt	x25,x2,x24	  x2:0x42004fe2 x24:0x80009f85 x25=0x00000000
       17865000	      1785	800026a8	8948ad93	slti	x27,x17,-1900	 x17:0x80009fc4 x27=0x00000001
       17875000	      1786	800026ac	006363b3	or	x7,x6,x6	  x6:0x00000000  x6:0x00000000  x7=0x00000000
       17885000	      1787	800026b0	0f653993	sltiu	x19,x10,246	 x10:0x00000000 x19=0x00000001
       17895000	      1788	800026b4	403a03b3	sub	x7,x20,x3	 x20:0x80009f85  x3:0x00000000  x7=0x80009f85
       17905000	      1789	800026b8	f045f293	andi	x5,x11,-252	 x11:0x00000001  x5=0x00000000
       17915000	      1790	800026bc	00dfe533	or	x10,x31,x13	 x31:0x80009fb6 x13:0x0874f5d0 x10=0x8874fff6
       17925000	      1791	800026c0	087a7813	andi	x16,x20,135	 x20:0x80009f85 x16=0x00000085
       17935000	      1792	800026c4	01ad7263	bgeu	x26,x26,800026c8	 x26:0x0000064d x26:0x0000064d
       17945000	      1793	00000000	00000013	addi	x0,x0,0	  x0:0x00000000
       17955000	      1794	800026c4	00000013	addi	x0,x0,0	  x0:0x00000000
       17965000	      1795	800026c8	006a9113	slli	x2,x21,0x6	 x21:0xfffff874  x2=0xfffe1d00
       17975000	      1796	800026cc	d89bc513	xori	x10,x23,-631	 x23:0x40004fe1 x10=0xbfffb268
       17985000	      1797	800026d0	0079f9b3	and	x19,x19,x7	 x19:0x00000001  x7:0x80009f85 x19=0x00000001
       17995000	      1798	800026d4	0798ff93	andi	x31,x17,121	 x17:0x80009fc4 x31=0x00000040
       18005000	      1799	800026d8	b16bf493	andi	x9,x23,-1258	 x23:0x40004fe1  x9=0x40004b00
       18015000	      1800	800026dc	00d31e13	slli	x28,x6,0xd	  x6:0x00000000 x28=0x00000000
       18025000	      1801	800026e0	485f7913	andi	x18,x30,1157	 x30:0x00000000 x18=0x00000000
       18035000	      1802	800026e4	93b04213	xori	x4,x0,-1733	  x0:0x00000000  x4=0xfffff93b
       18045000	      1803	800026e8	01f1b933	sltu	x18,x3,x31	  x3:0x00000000 x31:0x00000040 x18=0x00000001
       18055000	      1804	800026ec	408bd693	srai	x13,x23,0x8	 x23:0x40004fe1 x13=0x0040004f
       18065000	      1805	800026f0	00ef7433	and	x8,x30,x14	 x30:0x00000000 x14:0x80009f84  x8=0x00000000
       18075000	      1806	800026f4	01888033	add	x0,x17,x24	 x17:0x80009fc4 x24:0x80009f85
       18085000	      1807	800026f8	00a469b3	or	x19,x8,x10	  x8:0x00000000 x10:0xbfffb268 x19=0xbfffb268
       18095000	      1808	800026fc	483bbc17	auipc	x24,0x483bb	 x24=0xc83bd6f8
       18105000	      1809	80002700	0168c633	xor	x12,x17,x22	 x17:0x80009fc4 x22:0x00000021 x12=0x80009fe5
       18115000	      1810	80002704	001e54b3	srl	x9,x28,x1	 x28:0x00000000  x1:0x00000001  x9=0x00000000
       18125000	      1811	80002708	411bd833	sra	x16,x23,x17	 x23:0x40004fe1 x17:0x80009fc4 x16=0x040004fe
       18135000	      1812	8000270c	5f1da593	slti	x11,x27,1521	 x27:0x00000001 x11=0x00000001
       18145000	      1813	80002710	03830063	beq	x6,x24,80002730	  x6:0x00000000 x24:0xc83bd6f8
       18155000	      1814	80002714	046b6063	bltu	x22,x6,80002754	 x22:0x00000021  x6:0x00000000
       18165000	      1815	80002718	89203a13	sltiu	x20,x0,-1902	  x0:0x00000000 x20=0x00000001
       18175000	      1816	8000271c	412652b3	sra	x5,x12,x18	 x12:0x80009fe5 x18:0x00000001  x5=0xc0004ff2
       18185000	      1817	80002720	7d41e293	ori	x5,x3,2004	  x3:0x00000000  x5=0x000007d4
       18195000	      1818	80002724	00cbd393	srli	x7,x23,0xc	 x23:0x40004fe1  x7=0x00040004
       18205000	      1819	80002728	012f4133	xor	x2,x30,x18	 x30:0x00000000 x18:0x00000001  x2=0x00000001
       18215000	      1820	8000272c	40c88033	sub	x0,x17,x12	 x17:0x80009fc4 x12:0x80009fe5
       18225000	      1821	80002730	01599593	slli	x11,x19,0x15	 x19:0xbfffb268 x11=0x4d000000
       18235000	      1822	80002734	42506997	auipc	x19,0x42506	 x19=0xc2508730
       18245000	      1823	80002738	417d0eb3	sub	x29,x26,x23	 x26:0x0000064d x23:0x40004fe1 x29=0xbfffb66c
       18255000	      1824	8000273c	05365663	bge	x12,x19,80002788	 x12:0x80009fe5 x19:0xc2508730
       18265000	      1825	80002740	00000013	addi	x0,x0,0	  x0:0x00000000
       18275000	      1826	80002744	00f0d093	srli	x1,x1,0xf	  x1:0x00000001  x1=0x00000000
       18285000	      1827	80002748	b4150c13	addi	x24,x10,-1215	 x10:0xbfffb268 x24=0xbfffada9
       18295000	      1828	8000274c	01147463	bgeu	x8,x17,80002754	  x8:0x00000000 x17:0x80009fc4
       18305000	      1829	80002750	001bf933	and	x18,x23,x1	 x23:0x40004fe1  x1:0x00000000 x18=0x00000000
       18315000	      1830	80002754	0060c4b3	xor	x9,x1,x6	  x1:0x00000000  x6:0x00000000  x9=0x00000000
       18325000	      1831	80002758	2547c513	xori	x10,x15,596	 x15:0x00000000 x10=0x00000254
       18335000	      1832	8000275c	01fbc263	blt	x23,x31,80002760	 x23:0x40004fe1 x31:0x00000040
       18345000	      1833	80002760	1ea0bd13	sltiu	x26,x1,490	  x1:0x00000000 x26=0x00000001
       18355000	      1834	80002764	f9028b13	addi	x22,x5,-112	  x5:0x000007d4 x22=0x00000764
       18365000	      1835	80002768	034df663	bgeu	x27,x20,80002794	 x27:0x00000001 x20:0x00000001
       18375000	      1836	00000000	00000013	addi	x0,x0,0	  x0:0x00000000
       18385000	      1837	80002790	00000013	addi	x0,x0,0	  x0:0x00000000
       18395000	      1838	80002794	019a5193	srli	x3,x20,0x19	 x20:0x00000001  x3=0x00000000
       18405000	      1839	80002798	40185793	srai	x15,x16,0x1	 x16:0x040004fe x15=0x0200027f
       18415000	      1840	8000279c	018a5863	bge	x20,x24,800027ac	 x20:0x00000001 x24:0xbfffada9
       18425000	      1841	00000000	00000013	addi	x0,x0,0	  x0:0x00000000
       18435000	      1842	800027a8	00000013	addi	x0,x0,0	  x0:0x00000000
       18445000	      1843	800027ac	562c1597	auipc	x11,0x562c1	 x11=0xd62c37a8
       18455000	      1844	800027b0	00097c63	bgeu	x18,x0,800027c8	 x18:0x00000000  x0:0x00000000
       18465000	      1845	00000000	00000013	addi	x0,x0,0	  x0:0x00000000
       18475000	      1846	800027c4	00000013	addi	x0,x0,0	  x0:0x00000000
       18485000	      1847	800027c8	408ad293	srai	x5,x21,0x8	 x21:0xfffff874  x5=0xfffffff8
       18495000	      1848	800027cc	85c7a513	slti	x10,x15,-1956	 x15:0x0200027f x10=0x00000000
       18505000	      1849	800027d0	40325593	srai	x11,x4,0x3	  x4:0xfffff93b x11=0xffffff27
       18515000	      1850	800027d4	0afbc213	xori	x4,x23,175	 x23:0x40004fe1  x4=0x40004f4e
       18525000	      1851	800027d8	41788d33	sub	x26,x17,x23	 x17:0x80009fc4 x23:0x40004fe1 x26=0x40004fe3
       18535000	      1852	800027dc	4110d213	srai	x4,x1,0x11	  x1:0x00000000  x4=0x00000000
       18545000	      1853	800027e0	041f6063	bltu	x30,x1,80002820	 x30:0x00000000  x1:0x00000000
       18555000	      1854	800027e4	01742333	slt	x6,x8,x23	  x8:0x00000000 x23:0x40004fe1  x6=0x00000001
       18565000	      1855	800027e8	008a1c33	sll	x24,x20,x8	 x20:0x00000001  x8:0x00000000 x24=0x00000001
       18575000	      1856	800027ec	fe827d13	andi	x26,x4,-24	  x4:0x00000000 x26=0x00000000
       18585000	      1857	800027f0	027f0663	beq	x30,x7,8000281c	 x30:0x00000000  x7:0x00040004
       18595000	      1858	800027f4	5c864793	xori	x15,x12,1480	 x12:0x80009fe5 x15=0x80009a2d
       18605000	      1859	800027f8	1dd65e37	lui	x28,0x1dd65	 x28=0x1dd65000
       18615000	      1860	800027fc	a181fc13	andi	x24,x3,-1512	  x3:0x00000000 x24=0x00000000
       18625000	      1861	80002800	00e96fb3	or	x31,x18,x14	 x18:0x00000000 x14:0x80009f84 x31=0x80009f84
       18635000	      1862	80002804	03d0fe63	bgeu	x1,x29,80002840	  x1:0x00000000 x29:0xbfffb66c
       18645000	      1863	80002808	283dac13	slti	x24,x27,643	 x27:0x00000001 x24=0x00000001
       18655000	      1864	8000280c	00000013	addi	x0,x0,0	  x0:0x00000000
       18665000	      1865	80002810	40205e93	srai	x29,x0,0x2	  x0:0x00000000 x29=0x00000000
       18675000	      1866	80002814	04eec663	blt	x29,x14,80002860	 x29:0x00000000 x14:0x80009f84
       18685000	      1867	80002818	00e46c33	or	x24,x8,x14	  x8:0x00000000 x14:0x80009f84 x24=0x80009f84
       18695000	      1868	8000281c	41508033	sub	x0,x1,x21	  x1:0x00000000 x21:0xfffff874
       18705000	      1869	80002820	0098d133	srl	x2,x17,x9	 x17:0x80009fc4  x9:0x00000000  x2=0x80009fc4
       18715000	      1870	80002824	02177463	bgeu	x14,x1,8000284c	 x14:0x80009f84  x1:0x00000000
       18725000	      1871	00000000	00000013	addi	x0,x0,0	  x0:0x00000000
       18735000	      1872	80002848	00000013	addi	x0,x0,0	  x0:0x00000000
       18745000	      1873	8000284c	056a9063	bne	x21,x22,8000288c	 x21:0xfffff874 x22:0x00000764
       18755000	      1874	00000000	00000013	addi	x0,x0,0	  x0:0x00000000
       18765000	      1875	80002888	00000013	addi	x0,x0,0	  x0:0x00000000
       18775000	      1876	8000288c	00e57eb3	and	x29,x10,x14	 x10:0x00000000 x14:0x80009f84 x29=0x00000000
       18785000	      1877	80002890	ac258413	addi	x8,x11,-1342	 x11:0xffffff27  x8=0xfffff9e9
       18795000	      1878	80002894	3206f637	lui	x12,0x3206f	 x12=0x3206f000
       18805000	      1879	80002898	00bf67b3	or	x15,x30,x11	 x30:0x00000000 x11:0xffffff27 x15=0xffffff27
       18815000	      1880	8000289c	004a77b3	and	x15,x20,x4	 x20:0x00000001  x4:0x00000000 x15=0x00000000
       18825000	      1881	800028a0	96104993	xori	x19,x0,-1695	  x0:0x00000000 x19=0xfffff961
       18835000	      1882	800028a4	00c2e633	or	x12,x5,x12	  x5:0xfffffff8 x12:0x3206f000 x12=0xfffffff8
       18845000	      1883	800028a8	00f64e63	blt	x12,x15,800028c4	 x12:0xfffffff8 x15:0x00000000
       18855000	      1884	00000000	00000013	addi	x0,x0,0	  x0:0x00000000
       18865000	      1885	800028c0	00000013	addi	x0,x0,0	  x0:0x00000000
       18875000	      1886	800028c4	415b5133	sra	x2,x22,x21	 x22:0x00000764 x21:0xfffff874  x2=0x00000000
       18885000	      1887	800028c8	01cbd433	srl	x8,x23,x28	 x23:0x40004fe1 x28:0x1dd65000  x8=0x40004fe1
       18895000	      1888	800028cc	c12e4593	xori	x11,x28,-1006	 x28:0x1dd65000 x11=0xe229ac12
       18905000	      1889	800028d0	01e15913	srli	x18,x2,0x1e	  x2:0x00000000 x18=0x00000000
       18915000	      1890	800028d4	00cbe633	or	x12,x23,x12	 x23:0x40004fe1 x12:0xfffffff8 x12=0xfffffff9
       18925000	      1891	800028d8	b146ed93	ori	x27,x13,-1260	 x13:0x0040004f x27=0xfffffb5f
       18935000	      1892	800028dc	059a4663	blt	x20,x25,80002928	 x20:0x00000001 x25:0x00000000
       18945000	      1893	800028e0	01f9d833	srl	x16,x19,x31	 x19:0xfffff961 x31:0x80009f84 x16=0x0fffff96
       18955000	      1894	800028e4	011a6333	or	x6,x20,x17	 x20:0x00000001 x17:0x80009fc4  x6=0x80009fc5
       18965000	      1895	800028e8	00945b93	srli	x23,x8,0x9	  x8:0x40004fe1 x23=0x00200027
       18975000	      1896	800028ec	05ef6063	bltu	x30,x30,8000292c	 x30:0x00000000 x30:0x00000000
       18985000	      1897	800028f0	0135e263	bltu	x11,x19,800028f4	 x11:0xe229ac12 x19:0xfffff961
       18995000	      1898	00000000	00000013	addi	x0,x0,0	  x0:0x00000000
       19005000	      1899	800028f0	00000013	addi	x0,x0,0	  x0:0x00000000
       19015000	      1900	800028f4	00b9a033	slt	x0,x19,x11	 x19:0xfffff961 x11:0xe229ac12
       19025000	      1901	800028f8	ccc5a693	slti	x13,x11,-820	 x11:0xe229ac12 x13=0x00000001
       19035000	      1902	800028fc	00bbf263	bgeu	x23,x11,80002900	 x23:0x00200027 x11:0xe229ac12
       19045000	      1903	80002900	0006cbb3	xor	x23,x13,x0	 x13:0x00000001  x0:0x00000000 x23=0x00000001
       19055000	      1904	80002904	015d9863	bne	x27,x21,80002914	 x27:0xfffffb5f x21:0xfffff874
       19065000	      1905	00000000	00000013	addi	x0,x0,0	  x0:0x00000000
       19075000	      1906	80002910	00000013	addi	x0,x0,0	  x0:0x00000000
       19085000	      1907	80002914	01af1c63	bne	x30,x26,8000292c	 x30:0x00000000 x26:0x00000000
       19095000	      1908	80002918	00c01133	sll	x2,x0,x12	  x0:0x00000000 x12:0xfffffff9  x2=0x00000000
       19105000	      1909	8000291c	00000013	addi	x0,x0,0	  x0:0x00000000
       19115000	      1910	80002920	01be4333	xor	x6,x28,x27	 x28:0x1dd65000 x27:0xfffffb5f  x6=0xe229ab5f
       19125000	      1911	80002924	013a0263	beq	x20,x19,80002928	 x20:0x00000001 x19:0xfffff961
       19135000	      1912	80002928	00901e13	slli	x28,x0,0x9	  x0:0x00000000 x28=0x00000000
       19145000	      1913	8000292c	00fa8463	beq	x21,x15,80002934	 x21:0xfffff874 x15:0x00000000
       19155000	      1914	80002930	b7e6f697	auipc	x13,0xb7e6f	 x13=0x37e7192c
       19165000	      1915	80002934	00e481b3	add	x3,x9,x14	  x9:0x00000000 x14:0x80009f84  x3=0x80009f84
       19175000	      1916	80002938	0092d333	srl	x6,x5,x9	  x5:0xfffffff8  x9:0x00000000  x6=0xfffffff8
       19185000	      1917	8000293c	41ebde33	sra	x28,x23,x30	 x23:0x00000001 x30:0x00000000 x28=0x00000001
       19195000	      1918	80002940	404607b3	sub	x15,x12,x4	 x12:0xfffffff9  x4:0x00000000 x15=0xfffffff9
       19205000	      1919	80002944	e1b30397	auipc	x7,0xe1b30	  x7=0x61b32940
       19215000	      1920	80002948	aecce313	ori	x6,x25,-1300	 x25:0x00000000  x6=0xfffffaec
       19225000	      1921	8000294c	062f6093	ori	x1,x30,98	 x30:0x00000000  x1=0x00000062
       19235000	      1922	80002950	058d1063	bne	x26,x24,80002990	 x26:0x00000000 x24:0x80009f84
       19245000	      1923	00000000	00000013	addi	x0,x0,0	  x0:0x00000000
       19255000	      1924	8000298c	00000013	addi	x0,x0,0	  x0:0x00000000
       19265000	      1925	80002990	00322133	slt	x2,x4,x3	  x4:0x00000000  x3:0x80009f84  x2=0x00000000
       19275000	      1926	80002994	251a8093	addi	x1,x21,593	 x21:0xfffff874  x1=0xfffffac5
       19285000	      1927	80002998	02c07663	bgeu	x0,x12,800029c4	  x0:0x00000000 x12:0xfffffff9
       19295000	      1928	8000299c	02814a63	blt	x2,x8,800029d0	  x2:0x00000000  x8:0x40004fe1
       19305000	      1929	00000000	00000013	addi	x0,x0,0	  x0:0x00000000
       19315000	      1930	800029cc	00000013	addi	x0,x0,0	  x0:0x00000000
       19325000	      1931	800029d0	41e3dd13	srai	x26,x7,0x1e	  x7:0x61b32940 x26=0x00000001
       19335000	      1932	800029d4	053ce063	bltu	x25,x19,80002a14	 x25:0x00000000 x19:0xfffff961
       19345000	      1933	00000000	00000013	addi	x0,x0,0	  x0:0x00000000
       19355000	      1934	80002a10	00000013	addi	x0,x0,0	  x0:0x00000000
       19365000	      1935	80002a14	01758bb3	add	x23,x11,x23	 x11:0xe229ac12 x23:0x00000001 x23=0xe229ac13
       19375000	      1936	80002a18	91734b13	xori	x22,x6,-1769	  x6:0xfffffaec x22=0x000003fb
       19385000	      1937	80002a1c	7697e493	ori	x9,x15,1897	 x15:0xfffffff9  x9=0xfffffff9
       19395000	      1938	80002a20	401104b3	sub	x9,x2,x1	  x2:0x00000000  x1:0xfffffac5  x9=0x0000053b
       19405000	      1939	80002a24	016ce263	bltu	x25,x22,80002a28	 x25:0x00000000 x22:0x000003fb
       19415000	      1940	00000000	00000013	addi	x0,x0,0	  x0:0x00000000
       19425000	      1941	80002a24	00000013	addi	x0,x0,0	  x0:0x00000000
       19435000	      1942	80002a28	26d27117	auipc	x2,0x26d27	  x2=0xa6d29a24
       19445000	      1943	80002a2c	032c7663	bgeu	x24,x18,80002a58	 x24:0x80009f84 x18:0x00000000
       19455000	      1944	00000000	00000013	addi	x0,x0,0	  x0:0x00000000
       19465000	      1945	80002a54	00000013	addi	x0,x0,0	  x0:0x00000000
       19475000	      1946	80002a58	cb32b313	sltiu	x6,x5,-845	  x5:0xfffffff8  x6=0x00000000
       19485000	      1947	80002a5c	03b01463	bne	x0,x27,80002a84	  x0:0x00000000 x27:0xfffffb5f
       19495000	      1948	00000000	00000013	addi	x0,x0,0	  x0:0x00000000
       19505000	      1949	80002a80	00000013	addi	x0,x0,0	  x0:0x00000000
       19515000	      1950	80002a84	f3273813	sltiu	x16,x14,-206	 x14:0x80009f84 x16=0x00000001
       19525000	      1951	80002a88	00000013	addi	x0,x0,0	  x0:0x00000000
       19535000	      1952	80002a8c	bb4b0037	lui	x0,0xbb4b0	
       19545000	      1953	80002a90	e4fe8d93	addi	x27,x29,-433	 x29:0x00000000 x27=0xfffffe4f
       19555000	      1954	80002a94	01c1b5b3	sltu	x11,x3,x28	  x3:0x80009f84 x28:0x00000001 x11=0x00000000
       19565000	      1955	80002a98	8a0fe693	ori	x13,x31,-1888	 x31:0x80009f84 x13=0xffffffa4
       19575000	      1956	80002a9c	00fd7233	and	x4,x26,x15	 x26:0x00000001 x15:0xfffffff9  x4=0x00000001
       19585000	      1957	80002aa0	05854063	blt	x10,x24,80002ae0	 x10:0x00000000 x24:0x80009f84
       19595000	      1958	80002aa4	4180bd93	sltiu	x27,x1,1048	  x1:0xfffffac5 x27=0x00000000
       19605000	      1959	80002aa8	011d8b13	addi	x22,x27,17	 x27:0x00000000 x22=0x00000011
       19615000	      1960	80002aac	408f0a33	sub	x20,x30,x8	 x30:0x00000000  x8:0x40004fe1 x20=0xbfffb01f
       19625000	      1961	80002ab0	016b6233	or	x4,x22,x22	 x22:0x00000011 x22:0x00000011  x4=0x00000011
       19635000	      1962	80002ab4	011634b3	sltu	x9,x12,x17	 x12:0xfffffff9 x17:0x80009fc4  x9=0x00000000
       19645000	      1963	80002ab8	53696993	ori	x19,x18,1334	 x18:0x00000000 x19=0x00000536
       19655000	      1964	80002abc	e5b74093	xori	x1,x14,-421	 x14:0x80009f84  x1=0x7fff61df
       19665000	      1965	80002ac0	f3400517	auipc	x10,0xf3400	 x10=0x73402abc
       19675000	      1966	80002ac4	01499933	sll	x18,x19,x20	 x19:0x00000536 x20:0xbfffb01f x18=0x00000000
       19685000	      1967	80002ac8	0377da63	bge	x15,x23,80002afc	 x15:0xfffffff9 x23:0xe229ac13
       19695000	      1968	00000000	00000013	addi	x0,x0,0	  x0:0x00000000
       19705000	      1969	80002af8	00000013	addi	x0,x0,0	  x0:0x00000000
       19715000	      1970	80002afc	01187bb3	and	x23,x16,x17	 x16:0x00000001 x17:0x80009fc4 x23=0x00000000
       19725000	      1971	80002b00	00868d33	add	x26,x13,x8	 x13:0xffffffa4  x8:0x40004fe1 x26=0x40004f85
       19735000	      1972	80002b04	01566463	bltu	x12,x21,80002b0c	 x12:0xfffffff9 x21:0xfffff874
       19745000	      1973	80002b08	004b4fb3	xor	x31,x22,x4	 x22:0x00000011  x4:0x00000011 x31=0x00000000
       19755000	      1974	80002b0c	044e6663	bltu	x28,x4,80002b58	 x28:0x00000001  x4:0x00000011
       19765000	      1975	00000000	00000013	addi	x0,x0,0	  x0:0x00000000
       19775000	      1976	80002b54	00000013	addi	x0,x0,0	  x0:0x00000000
       19785000	      1977	80002b58	99cc0813	addi	x16,x24,-1636	 x24:0x80009f84 x16=0x80009920
       19795000	      1978	80002b5c	012d9e63	bne	x27,x18,80002b78	 x27:0x00000000 x18:0x00000000
       19805000	      1979	80002b60	40020433	sub	x8,x4,x0	  x4:0x00000011  x0:0x00000000  x8=0x00000011
       19815000	      1980	80002b64	4f757f93	andi	x31,x10,1271	 x10:0x73402abc x31=0x000000b4
       19825000	      1981	80002b68	00000013	addi	x0,x0,0	  x0:0x00000000
       19835000	      1982	80002b6c	40688ab3	sub	x21,x17,x6	 x17:0x80009fc4  x6:0x00000000 x21=0x80009fc4
       19845000	      1983	80002b70	03ebd463	bge	x23,x30,80002b98	 x23:0x00000000 x30:0x00000000
       19855000	      1984	00000000	00000013	addi	x0,x0,0	  x0:0x00000000
       19865000	      1985	80002b94	00000013	addi	x0,x0,0	  x0:0x00000000
       19875000	      1986	80002b98	00df2c33	slt	x24,x30,x13	 x30:0x00000000 x13:0xffffffa4 x24=0x00000000
       19885000	      1987	80002b9c	73b44c13	xori	x24,x8,1851	  x8:0x00000011 x24=0x0000072a
       19895000	      1988	80002ba0	00000013	addi	x0,x0,0	  x0:0x00000000
       19905000	      1989	80002ba4	01c9c533	xor	x10,x19,x28	 x19:0x00000536 x28:0x00000001 x10=0x00000537
       19915000	      1990	80002ba8	6843a613	slti	x12,x7,1668	  x7:0x61b32940 x12=0x00000000
       19925000	      1991	80002bac	00e8cfb3	xor	x31,x17,x14	 x17:0x80009fc4 x14:0x80009f84 x31=0x00000040
       19935000	      1992	80002bb0	00685a33	srl	x20,x16,x6	 x16:0x80009920  x6:0x00000000 x20=0x80009920
       19945000	      1993	80002bb4	407206b3	sub	x13,x4,x7	  x4:0x00000011  x7:0x61b32940 x13=0x9e4cd6d1
       19955000	      1994	80002bb8	371dec17	auipc	x24,0x371de	 x24=0xb71e0bb4
       19965000	      1995	80002bbc	43be2b13	slti	x22,x28,1083	 x28:0x00000001 x22=0x00000001
       19975000	      1996	80002bc0	8130a093	slti	x1,x1,-2029	  x1:0x7fff61df  x1=0x00000000
       19985000	      1997	80002bc4	10730793	addi	x15,x6,263	  x6:0x00000000 x15=0x00000107
       19995000	      1998	80002bc8	7387ab17	auipc	x22,0x7387a	 x22=0xf387cbc4
       20005000	      1999	80002bcc	41968d33	sub	x26,x13,x25	 x13:0x9e4cd6d1 x25:0x00000000 x26=0x9e4cd6d1
       20015000	      2000	80002bd0	41538a33	sub	x20,x7,x21	  x7:0x61b32940 x21:0x80009fc4 x20=0xe1b2897c
       20025000	      2001	80002bd4	01451c63	bne	x10,x20,80002bec	 x10:0x00000537 x20:0xe1b2897c
       20035000	      2002	00000000	00000013	addi	x0,x0,0	  x0:0x00000000
       20045000	      2003	80002be8	00000013	addi	x0,x0,0	  x0:0x00000000
       20055000	      2004	80002bec	01864263	blt	x12,x24,80002bf0	 x12:0x00000000 x24:0xb71e0bb4
       20065000	      2005	80002bf0	02c5de63	bge	x11,x12,80002c2c	 x11:0x00000000 x12:0x00000000
       20075000	      2006	00000000	00000013	addi	x0,x0,0	  x0:0x00000000
       20085000	      2007	80002c28	00000013	addi	x0,x0,0	  x0:0x00000000
       20095000	      2008	80002c2c	45d9e413	ori	x8,x19,1117	 x19:0x00000536  x8=0x0000057f
       20105000	      2009	80002c30	04e6f063	bgeu	x13,x14,80002c70	 x13:0x9e4cd6d1 x14:0x80009f84
       20115000	      2010	00000000	00000013	addi	x0,x0,0	  x0:0x00000000
       20125000	      2011	80002c6c	00000013	addi	x0,x0,0	  x0:0x00000000
       20135000	      2012	80002c70	002436b3	sltu	x13,x8,x2	  x8:0x0000057f  x2:0xa6d29a24 x13=0x00000001
       20145000	      2013	80002c74	41355a33	sra	x20,x10,x19	 x10:0x00000537 x19:0x00000536 x20=0x00000000
       20155000	      2014	80002c78	01464e63	blt	x12,x20,80002c94	 x12:0x00000000 x20:0x00000000
       20165000	      2015	80002c7c	055c1063	bne	x24,x21,80002cbc	 x24:0xb71e0bb4 x21:0x80009fc4
       20175000	      2016	00000000	00000013	addi	x0,x0,0	  x0:0x00000000
       20185000	      2017	80002cb8	00000013	addi	x0,x0,0	  x0:0x00000000
       20195000	      2018	80002cbc	0020ad33	slt	x26,x1,x2	  x1:0x00000000  x2:0xa6d29a24 x26=0x00000000
       20205000	      2019	80002cc0	0165a4b3	slt	x9,x11,x22	 x11:0x00000000 x22:0xf387cbc4  x9=0x00000000
       20215000	      2020	80002cc4	00f57e63	bgeu	x10,x15,80002ce0	 x10:0x00000537 x15:0x00000107
       20225000	      2021	00000000	00000013	addi	x0,x0,0	  x0:0x00000000
       20235000	      2022	80002cdc	00000013	addi	x0,x0,0	  x0:0x00000000
       20245000	      2023	80002ce0	0469e663	bltu	x19,x6,80002d2c	 x19:0x00000536  x6:0x00000000
       20255000	      2024	80002ce4	00e8a933	slt	x18,x17,x14	 x17:0x80009fc4 x14:0x80009f84 x18=0x00000000
       20265000	      2025	80002ce8	a8118337	lui	x6,0xa8118	  x6=0xa8118000
       20275000	      2026	80002cec	5eb42913	slti	x18,x8,1515	  x8:0x0000057f x18=0x00000001
       20285000	      2027	80002cf0	00000013	addi	x0,x0,0	  x0:0x00000000
       20295000	      2028	80002cf4	b8edc097	auipc	x1,0xb8edc	  x1=0x38edecf0
       20305000	      2029	80002cf8	012546b3	xor	x13,x10,x18	 x10:0x00000537 x18:0x00000001 x13=0x00000536
       20315000	      2030	80002cfc	4b8cc513	xori	x10,x25,1208	 x25:0x00000000 x10=0x000004b8
       20325000	      2031	80002d00	8fc43e93	sltiu	x29,x8,-1796	  x8:0x0000057f x29=0x00000001
       20335000	      2032	80002d04	45d20337	lui	x6,0x45d20	  x6=0x45d20000
       20345000	      2033	80002d08	4114d5b3	sra	x11,x9,x17	  x9:0x00000000 x17:0x80009fc4 x11=0x00000000
       20355000	      2034	80002d0c	02f75463	bge	x14,x15,80002d34	 x14:0x80009f84 x15:0x00000107
       20365000	      2035	80002d10	e714fa13	andi	x20,x9,-399	  x9:0x00000000 x20=0x00000000
       20375000	      2036	80002d14	008e04b3	add	x9,x28,x8	 x28:0x00000001  x8:0x0000057f  x9=0x00000580
       20385000	      2037	80002d18	eb25cc93	xori	x25,x11,-334	 x11:0x00000000 x25=0xfffffeb2
       20395000	      2038	80002d1c	01d99b93	slli	x23,x19,0x1d	 x19:0x00000536 x23=0xc0000000
       20405000	      2039	80002d20	01b59993	slli	x19,x11,0x1b	 x11:0x00000000 x19=0x00000000
       20415000	      2040	80002d24	3ac47093	andi	x1,x8,940	  x8:0x0000057f  x1=0x0000012c
       20425000	      2041	80002d28	01463533	sltu	x10,x12,x20	 x12:0x00000000 x20:0x00000000 x10=0x00000000
       20435000	      2042	80002d2c	01c116b3	sll	x13,x2,x28	  x2:0xa6d29a24 x28:0x00000001 x13=0x4da53448
       20445000	      2043	80002d30	04ce0063	beq	x28,x12,80002d70	 x28:0x00000001 x12:0x00000000
       20455000	      2044	80002d34	41640e33	sub	x28,x8,x22	  x8:0x0000057f x22:0xf387cbc4 x28=0x0c7839bb
       20465000	      2045	80002d38	000f0463	beq	x30,x0,80002d40	 x30:0x00000000  x0:0x00000000
       20475000	      2046	00000000	00000013	addi	x0,x0,0	  x0:0x00000000
       20485000	      2047	80002d3c	00000013	addi	x0,x0,0	  x0:0x00000000
       20495000	      2048	80002d40	00d6b333	sltu	x6,x13,x13	 x13:0x4da53448 x13:0x4da53448  x6=0x00000000
       20505000	      2049	80002d44	01940263	beq	x8,x25,80002d48	  x8:0x0000057f x25:0xfffffeb2
       20515000	      2050	80002d48	44aca1b7	lui	x3,0x44aca	  x3=0x44aca000
       20525000	      2051	80002d4c	e9c59097	auipc	x1,0xe9c59	  x1=0x69c5bd48
       20535000	      2052	80002d50	013dd693	srli	x13,x27,0x13	 x27:0x00000000 x13=0x00000000
       20545000	      2053	80002d54	6173f913	andi	x18,x7,1559	  x7:0x61b32940 x18=0x00000000
       20555000	      2054	80002d58	01751313	slli	x6,x10,0x17	 x10:0x00000000  x6=0x00000000
       20565000	      2055	80002d5c	00b6d693	srli	x13,x13,0xb	 x13:0x00000000 x13=0x00000000
       20575000	      2056	80002d60	e48a0f93	addi	x31,x20,-440	 x20:0x00000000 x31=0xfffffe48
       20585000	      2057	80002d64	018174b3	and	x9,x2,x24	  x2:0xa6d29a24 x24:0xb71e0bb4  x9=0xa6120a24
       20595000	      2058	80002d68	76a2a613	slti	x12,x5,1898	  x5:0xfffffff8 x12=0x00000001
       20605000	      2059	80002d6c	01ea8033	add	x0,x21,x30	 x21:0x80009fc4 x30:0x00000000
       20615000	      2060	80002d70	01adccb3	xor	x25,x27,x26	 x27:0x00000000 x26:0x00000000 x25=0x00000000
       20625000	      2061	80002d74	9151b313	sltiu	x6,x3,-1771	  x3:0x44aca000  x6=0x00000001
       20635000	      2062	80002d78	01c6df93	srli	x31,x13,0x1c	 x13:0x00000000 x31=0x00000000
       20645000	      2063	80002d7c	005446b3	xor	x13,x8,x5	  x8:0x0000057f  x5:0xfffffff8 x13=0xfffffa87
       20655000	      2064	80002d80	0397d463	bge	x15,x25,80002da8	 x15:0x00000107 x25:0x00000000
       20665000	      2065	00000000	00000013	addi	x0,x0,0	  x0:0x00000000
       20675000	      2066	80002da4	00000013	addi	x0,x0,0	  x0:0x00000000
       20685000	      2067	80002da8	01dc5293	srli	x5,x24,0x1d	 x24:0xb71e0bb4  x5=0x00000005
       20695000	      2068	80002dac	1e8c4d13	xori	x26,x24,488	 x24:0xb71e0bb4 x26=0xb71e0a5c
       20705000	      2069	80002db0	0121d913	srli	x18,x3,0x12	  x3:0x44aca000 x18=0x0000112b
       20715000	      2070	80002db4	04c91063	bne	x18,x12,80002df4	 x18:0x0000112b x12:0x00000001
       20725000	      2071	00000000	00000013	addi	x0,x0,0	  x0:0x00000000
       20735000	      2072	80002df0	00000013	addi	x0,x0,0	  x0:0x00000000
       20745000	      2073	80002df4	00000013	addi	x0,x0,0	  x0:0x00000000
       20755000	      2074	80002df8	01e3fb33	and	x22,x7,x30	  x7:0x61b32940 x30:0x00000000 x22=0x00000000
       20765000	      2075	80002dfc	419189b3	sub	x19,x3,x25	  x3:0x44aca000 x25:0x00000000 x19=0x44aca000
       20775000	      2076	80002e00	019f3a33	sltu	x20,x30,x25	 x30:0x00000000 x25:0x00000000 x20=0x00000000
       20785000	      2077	80002e04	00439693	slli	x13,x7,0x4	  x7:0x61b32940 x13=0x1b329400
       20795000	      2078	80002e08	001d1c93	slli	x25,x26,0x1	 x26:0xb71e0a5c x25=0x6e3c14b8
       20805000	      2079	80002e0c	30d6e093	ori	x1,x13,781	 x13:0x1b329400  x1=0x1b32970d
       20815000	      2080	80002e10	00977bb3	and	x23,x14,x9	 x14:0x80009f84  x9:0xa6120a24 x23=0x80000a04
       20825000	      2081	80002e14	02990663	beq	x18,x9,80002e40	 x18:0x0000112b  x9:0xa6120a24
       20835000	      2082	80002e18	418cd513	srai	x10,x25,0x18	 x25:0x6e3c14b8 x10=0x0000006e
       20845000	      2083	80002e1c	40ea0133	sub	x2,x20,x14	 x20:0x00000000 x14:0x80009f84  x2=0x7fff607c
       20855000	      2084	80002e20	01c25c63	bge	x4,x28,80002e38	  x4:0x00000011 x28:0x0c7839bb
       20865000	      2085	80002e24	412b5013	srai	x0,x22,0x12	 x22:0x00000000
       20875000	      2086	80002e28	00444863	blt	x8,x4,80002e38	  x8:0x0000057f  x4:0x00000011
       20885000	      2087	80002e2c	9396ad13	slti	x26,x13,-1735	 x13:0x1b329400 x26=0x00000000
       20895000	      2088	80002e30	ccc76693	ori	x13,x14,-820	 x14:0x80009f84 x13=0xffffffcc
       20905000	      2089	80002e34	01c56263	bltu	x10,x28,80002e38	 x10:0x0000006e x28:0x0c7839bb
       20915000	      2090	00000000	00000013	addi	x0,x0,0	  x0:0x00000000
       20925000	      2091	80002e34	00000013	addi	x0,x0,0	  x0:0x00000000
       20935000	      2092	80002e38	000d0c33	add	x24,x26,x0	 x26:0x00000000  x0:0x00000000 x24=0x00000000
       20945000	      2093	80002e3c	a1d4c013	xori	x0,x9,-1507	  x9:0xa6120a24
       20955000	      2094	80002e40	00c6b9b3	sltu	x19,x13,x12	 x13:0xffffffcc x12:0x00000001 x19=0x00000000
       20965000	      2095	80002e44	ce1ca913	slti	x18,x25,-799	 x25:0x6e3c14b8 x18=0x00000000
       20975000	      2096	80002e48	01d89bb3	sll	x23,x17,x29	 x17:0x80009fc4 x29:0x00000001 x23=0x00013f88
       20985000	      2097	80002e4c	3485e913	ori	x18,x11,840	 x11:0x00000000 x18=0x00000348
       20995000	      2098	80002e50	40ee51b3	sra	x3,x28,x14	 x28:0x0c7839bb x14:0x80009f84  x3=0x00c7839b
       21005000	      2099	80002e54	d2315a37	lui	x20,0xd2315	 x20=0xd2315000
       21015000	      2100	80002e58	001c5433	srl	x8,x24,x1	 x24:0x00000000  x1:0x1b32970d  x8=0x00000000
       21025000	      2101	80002e5c	4b107913	andi	x18,x0,1201	  x0:0x00000000 x18=0x00000000
       21035000	      2102	80002e60	00000013	addi	x0,x0,0	  x0:0x00000000
       21045000	      2103	80002e64	0087d533	srl	x10,x15,x8	 x15:0x00000107  x8:0x00000000 x10=0x00000107
       21055000	      2104	80002e68	00a05b33	srl	x22,x0,x10	  x0:0x00000000 x10:0x00000107 x22=0x00000000
       21065000	      2105	80002e6c	1d0cbc93	sltiu	x25,x25,464	 x25:0x6e3c14b8 x25=0x00000000
       21075000	      2106	80002e70	41085633	sra	x12,x16,x16	 x16:0x80009920 x16:0x80009920 x12=0x80009920
       21085000	      2107	80002e74	05818063	beq	x3,x24,80002eb4	  x3:0x00c7839b x24:0x00000000
       21095000	      2108	80002e78	0429c663	blt	x19,x2,80002ec4	 x19:0x00000000  x2:0x7fff607c
       21105000	      2109	00000000	00000013	addi	x0,x0,0	  x0:0x00000000
       21115000	      2110	80002ec0	00000013	addi	x0,x0,0	  x0:0x00000000
       21125000	      2111	80002ec4	c4828413	addi	x8,x5,-952	  x5:0x00000005  x8=0xfffffc4d
       21135000	      2112	80002ec8	c397ec93	ori	x25,x15,-967	 x15:0x00000107 x25=0xfffffd3f
       21145000	      2113	80002ecc	7b713793	sltiu	x15,x2,1975	  x2:0x7fff607c x15=0x00000000
       21155000	      2114	80002ed0	00215493	srli	x9,x2,0x2	  x2:0x7fff607c  x9=0x1fffd81f
       21165000	      2115	80002ed4	e0d2ad13	slti	x26,x5,-499	  x5:0x00000005 x26=0x00000000
       21175000	      2116	80002ed8	009f6b33	or	x22,x30,x9	 x30:0x00000000  x9:0x1fffd81f x22=0x1fffd81f
       21185000	      2117	80002edc	0018e233	or	x4,x17,x1	 x17:0x80009fc4  x1:0x1b32970d  x4=0x9b329fcd
       21195000	      2118	80002ee0	0089dc63	bge	x19,x8,80002ef8	 x19:0x00000000  x8:0xfffffc4d
       21205000	      2119	00000000	00000013	addi	x0,x0,0	  x0:0x00000000
       21215000	      2120	80002ef4	00000013	addi	x0,x0,0	  x0:0x00000000
       21225000	      2121	80002ef8	62f14793	xori	x15,x2,1583	  x2:0x7fff607c x15=0x7fff6653
       21235000	      2122	80002efc	4ffbb213	sltiu	x4,x23,1279	 x23:0x00013f88  x4=0x00000000
       21245000	      2123	80002f00	191c8e13	addi	x28,x25,401	 x25:0xfffffd3f x28=0xfffffed0
       21255000	      2124	80002f04	419f53b3	sra	x7,x30,x25	 x30:0x00000000 x25:0xfffffd3f  x7=0x00000000
       21265000	      2125	80002f08	017531b3	sltu	x3,x10,x23	 x10:0x00000107 x23:0x00013f88  x3=0x00000001
       21275000	      2126	80002f0c	bece8d93	addi	x27,x29,-1044	 x29:0x00000001 x27=0xfffffbed
       21285000	      2127	80002f10	03bd7e63	bgeu	x26,x27,80002f4c	 x26:0x00000000 x27:0xfffffbed
       21295000	      2128	80002f14	be819117	auipc	x2,0xbe819	  x2=0x3e81bf10
       21305000	      2129	80002f18	c8dd0393	addi	x7,x26,-883	 x26:0x00000000  x7=0xfffffc8d
       21315000	      2130	80002f1c	01398933	add	x18,x19,x19	 x19:0x00000000 x19:0x00000000 x18=0x00000000
       21325000	      2131	80002f20	017b8233	add	x4,x23,x23	 x23:0x00013f88 x23:0x00013f88  x4=0x00027f10
       21335000	      2132	80002f24	02d24663	blt	x4,x13,80002f50	  x4:0x00027f10 x13:0xffffffcc
       21345000	      2133	80002f28	593644b7	lui	x9,0x59364	  x9=0x59364000
       21355000	      2134	80002f2c	1280f613	andi	x12,x1,296	  x1:0x1b32970d x12=0x00000108
       21365000	      2135	80002f30	7e830b93	addi	x23,x6,2024	  x6:0x00000001 x23=0x000007e9
       21375000	      2136	80002f34	3810a813	slti	x16,x1,897	  x1:0x1b32970d x16=0x00000000
       21385000	      2137	80002f38	00000013	addi	x0,x0,0	  x0:0x00000000
       21395000	      2138	80002f3c	01965a13	srli	x20,x12,0x19	 x12:0x00000108 x20=0x00000000
       21405000	      2139	80002f40	403f0d33	sub	x26,x30,x3	 x30:0x00000000  x3:0x00000001 x26=0xffffffff
       21415000	      2140	80002f44	01493ab3	sltu	x21,x18,x20	 x18:0x00000000 x20:0x00000000 x21=0x00000000
       21425000	      2141	80002f48	00000013	addi	x0,x0,0	  x0:0x00000000
       21435000	      2142	80002f4c	0017ec33	or	x24,x15,x1	 x15:0x7fff6653  x1:0x1b32970d x24=0x7ffff75f
       21445000	      2143	80002f50	017af4b3	and	x9,x21,x23	 x21:0x00000000 x23:0x000007e9  x9=0x00000000
       21455000	      2144	80002f54	406d8033	sub	x0,x27,x6	 x27:0xfffffbed  x6:0x00000001
       21465000	      2145	80002f58	007f64b3	or	x9,x30,x7	 x30:0x00000000  x7:0xfffffc8d  x9=0xfffffc8d
       21475000	      2146	80002f5c	0110bfb3	sltu	x31,x1,x17	  x1:0x1b32970d x17:0x80009fc4 x31=0x00000001
       21485000	      2147	80002f60	00e11833	sll	x16,x2,x14	  x2:0x3e81bf10 x14:0x80009f84 x16=0xe81bf100
       21495000	      2148	80002f64	82173113	sltiu	x2,x14,-2015	 x14:0x80009f84  x2=0x00000001
       21505000	      2149	80002f68	01ff1433	sll	x8,x30,x31	 x30:0x00000000 x31:0x00000001  x8=0x00000000
       21515000	      2150	80002f6c	01724233	xor	x4,x4,x23	  x4:0x00027f10 x23:0x000007e9  x4=0x000278f9
       21525000	      2151	80002f70	0323e193	ori	x3,x7,50	  x7:0xfffffc8d  x3=0xfffffcbf
       21535000	      2152	80002f74	002fd233	srl	x4,x31,x2	 x31:0x00000001  x2:0x00000001  x4=0x00000000
       21545000	      2153	80002f78	012cb1b3	sltu	x3,x25,x18	 x25:0xfffffd3f x18:0x00000000  x3=0x00000000
       21555000	      2154	80002f7c	c0372493	slti	x9,x14,-1021	 x14:0x80009f84  x9=0x00000001
       21565000	      2155	80002f80	4baf8a13	addi	x20,x31,1210	 x31:0x00000001 x20=0x000004bb
       21575000	      2156	80002f84	039fc463	blt	x31,x25,80002fac	 x31:0x00000001 x25:0xfffffd3f
       21585000	      2157	80002f88	01bae5b3	or	x11,x21,x27	 x21:0x00000000 x27:0xfffffbed x11=0xfffffbed
       21595000	      2158	80002f8c	0e18b113	sltiu	x2,x17,225	 x17:0x80009fc4  x2=0x00000000
       21605000	      2159	80002f90	01c09e63	bne	x1,x28,80002fac	  x1:0x1b32970d x28:0xfffffed0
       21615000	      2160	00000000	00000013	addi	x0,x0,0	  x0:0x00000000
       21625000	      2161	80002fa8	00000013	addi	x0,x0,0	  x0:0x00000000
       21635000	      2162	80002fac	37bb2d93	slti	x27,x22,891	 x22:0x1fffd81f x27=0x00000000
       21645000	      2163	80002fb0	00a135b3	sltu	x11,x2,x10	  x2:0x00000000 x10:0x00000107 x11=0x00000001
       21655000	      2164	80002fb4	32645917	auipc	x18,0x32645	 x18=0xb2647fb0
       21665000	      2165	80002fb8	0d0f0a93	addi	x21,x30,208	 x30:0x00000000 x21=0x000000d0
       21675000	      2166	80002fbc	04155663	bge	x10,x1,80003008	 x10:0x00000107  x1:0x1b32970d
       21685000	      2167	80002fc0	0203cc63	blt	x7,x0,80002ff8	  x7:0xfffffc8d  x0:0x00000000
       21695000	      2168	00000000	00000013	addi	x0,x0,0	  x0:0x00000000
       21705000	      2169	80002ff4	00000013	addi	x0,x0,0	  x0:0x00000000
       21715000	      2170	80002ff8	9b7ae293	ori	x5,x21,-1609	 x21:0x000000d0  x5=0xfffff9f7
       21725000	      2171	80002ffc	01f7c6b3	xor	x13,x15,x31	 x15:0x7fff6653 x31:0x00000001 x13=0x7fff6652
       21735000	      2172	80003000	00000013	addi	x0,x0,0	  x0:0x00000000
       21745000	      2173	80003004	d0554b13	xori	x22,x10,-763	 x10:0x00000107 x22=0xfffffc02
       21755000	      2174	80003008	01ddfc33	and	x24,x27,x29	 x27:0x00000000 x29:0x00000001 x24=0x00000000
       21765000	      2175	8000300c	2bcd6c13	ori	x24,x26,700	 x26:0xffffffff x24=0xffffffff
       21775000	      2176	80003010	a4abfb93	andi	x23,x23,-1462	 x23:0x000007e9 x23=0x00000248
       21785000	      2177	80003014	0324e063	bltu	x9,x18,80003034	  x9:0x00000001 x18:0xb2647fb0
       21795000	      2178	00000000	00000013	addi	x0,x0,0	  x0:0x00000000
       21805000	      2179	80003030	00000013	addi	x0,x0,0	  x0:0x00000000
       21815000	      2180	80003034	01c8dd93	srli	x27,x17,0x1c	 x17:0x80009fc4 x27=0x00000008
       21825000	      2181	80003038	02c30663	beq	x6,x12,80003064	  x6:0x00000001 x12:0x00000108
       21835000	      2182	8000303c	00000013	addi	x0,x0,0	  x0:0x00000000
       21845000	      2183	80003040	0427d063	bge	x15,x2,80003080	 x15:0x7fff6653  x2:0x00000000
       21855000	      2184	00000000	00000013	addi	x0,x0,0	  x0:0x00000000
       21865000	      2185	8000307c	00000013	addi	x0,x0,0	  x0:0x00000000
       21875000	      2186	80003080	f42a2813	slti	x16,x20,-190	 x20:0x000004bb x16=0x00000000
       21885000	      2187	80003084	018431b3	sltu	x3,x8,x24	  x8:0x00000000 x24:0xffffffff  x3=0x00000001
       21895000	      2188	80003088	be17bd13	sltiu	x26,x15,-1055	 x15:0x7fff6653 x26=0x00000001
       21905000	      2189	8000308c	00d57eb3	and	x29,x10,x13	 x10:0x00000107 x13:0x7fff6652 x29=0x00000002
       21915000	      2190	80003090	00559913	slli	x18,x11,0x5	 x11:0x00000001 x18=0x00000020
       21925000	      2191	80003094	00ef5633	srl	x12,x30,x14	 x30:0x00000000 x14:0x80009f84 x12=0x00000000
       21935000	      2192	80003098	00339433	sll	x8,x7,x3	  x7:0xfffffc8d  x3:0x00000001  x8=0xfffff91a
       21945000	      2193	8000309c	2b5dbd93	sltiu	x27,x27,693	 x27:0x00000008 x27=0x00000001
       21955000	      2194	800030a0	01fea9b3	slt	x19,x29,x31	 x29:0x00000002 x31:0x00000001 x19=0x00000000
       21965000	      2195	800030a4	3794b413	sltiu	x8,x9,889	  x9:0x00000001  x8=0x00000001
       21975000	      2196	800030a8	012f99b3	sll	x19,x31,x18	 x31:0x00000001 x18:0x00000020 x19=0x00000001
       21985000	      2197	800030ac	413c8833	sub	x16,x25,x19	 x25:0xfffffd3f x19:0x00000001 x16=0xfffffd3e
       21995000	      2198	800030b0	60087013	andi	x0,x16,1536	 x16:0xfffffd3e
       22005000	      2199	800030b4	8c458ab7	lui	x21,0x8c458	 x21=0x8c458000
       22015000	      2200	800030b8	00000013	addi	x0,x0,0	  x0:0x00000000
       22025000	      2201	800030bc	01379633	sll	x12,x15,x19	 x15:0x7fff6653 x19:0x00000001 x12=0xfffecca6
       22035000	      2202	800030c0	d390a793	slti	x15,x1,-711	  x1:0x1b32970d x15=0x00000000
       22045000	      2203	800030c4	1b9cb693	sltiu	x13,x25,441	 x25:0xfffffd3f x13=0x00000000
       22055000	      2204	800030c8	0151fbb3	and	x23,x3,x21	  x3:0x00000001 x21:0x8c458000 x23=0x00000000
       22065000	      2205	800030cc	04bc5063	bge	x24,x11,8000310c	 x24:0xffffffff x11:0x00000001
       22075000	      2206	800030d0	d9c2fd97	auipc	x27,0xd9c2f	 x27=0x59c320cc
       22085000	      2207	800030d4	00a16533	or	x10,x2,x10	  x2:0x00000000 x10:0x00000107 x10=0x00000107
       22095000	      2208	800030d8	41698833	sub	x16,x19,x22	 x19:0x00000001 x22:0xfffffc02 x16=0x000003ff
       22105000	      2209	800030dc	40b75393	srai	x7,x14,0xb	 x14:0x80009f84  x7=0xfff00013
       22115000	      2210	800030e0	01481863	bne	x16,x20,800030f0	 x16:0x000003ff x20:0x000004bb
       22125000	      2211	00000000	00000013	addi	x0,x0,0	  x0:0x00000000
       22135000	      2212	800030ec	00000013	addi	x0,x0,0	  x0:0x00000000
       22145000	      2213	800030f0	05026e63	bltu	x4,x16,8000314c	  x4:0x00000000 x16:0x000003ff
       22155000	      2214	00000000	00000013	addi	x0,x0,0	  x0:0x00000000
       22165000	      2215	80003148	00000013	addi	x0,x0,0	  x0:0x00000000
       22175000	      2216	8000314c	00841433	sll	x8,x8,x8	  x8:0x00000001  x8:0x00000001  x8=0x00000002
       22185000	      2217	80003150	41f603b3	sub	x7,x12,x31	 x12:0xfffecca6 x31:0x00000001  x7=0xfffecca5
       22195000	      2218	80003154	00c016b3	sll	x13,x0,x12	  x0:0x00000000 x12:0xfffecca6 x13=0x00000000
       22205000	      2219	80003158	00bae263	bltu	x21,x11,8000315c	 x21:0x8c458000 x11:0x00000001
       22215000	      2220	8000315c	00a55013	srli	x0,x10,0xa	 x10:0x00000107
       22225000	      2221	80003160	905ecfb7	lui	x31,0x905ec	 x31=0x905ec000
       22235000	      2222	80003164	015fd493	srli	x9,x31,0x15	 x31:0x905ec000  x9=0x00000482
       22245000	      2223	80003168	5248a193	slti	x3,x17,1316	 x17:0x80009fc4  x3=0x00000001
       22255000	      2224	8000316c	012a2ab3	slt	x21,x20,x18	 x20:0x000004bb x18:0x00000020 x21=0x00000000
       22265000	      2225	80003170	91478e13	addi	x28,x15,-1772	 x15:0x00000000 x28=0xfffff914
       22275000	      2226	80003174	d2bda313	slti	x6,x27,-725	 x27:0x59c320cc  x6=0x00000000
       22285000	      2227	80003178	00cbf263	bgeu	x23,x12,8000317c	 x23:0x00000000 x12:0xfffecca6
       22295000	      2228	8000317c	00a45263	bge	x8,x10,80003180	  x8:0x00000002 x10:0x00000107
       22305000	      2229	80003180	03687663	bgeu	x16,x22,800031ac	 x16:0x000003ff x22:0xfffffc02
       22315000	      2230	80003184	01c28e33	add	x28,x5,x28	  x5:0xfffff9f7 x28:0xfffff914 x28=0xfffff30b
       22325000	      2231	80003188	01f76263	bltu	x14,x31,8000318c	 x14:0x80009f84 x31:0x905ec000
       22335000	      2232	00000000	00000013	addi	x0,x0,0	  x0:0x00000000
       22345000	      2233	80003188	00000013	addi	x0,x0,0	  x0:0x00000000
       22355000	      2234	8000318c	0111cab3	xor	x21,x3,x17	  x3:0x00000001 x17:0x80009fc4 x21=0x80009fc5
       22365000	      2235	80003190	0058dc13	srli	x24,x17,0x5	 x17:0x80009fc4 x24=0x040004fe
       22375000	      2236	80003194	01eb0433	add	x8,x22,x30	 x22:0xfffffc02 x30:0x00000000  x8=0xfffffc02
       22385000	      2237	80003198	013cfdb3	and	x27,x25,x19	 x25:0xfffffd3f x19:0x00000001 x27=0x00000001
       22395000	      2238	8000319c	40198ab3	sub	x21,x19,x1	 x19:0x00000001  x1:0x1b32970d x21=0xe4cd68f4
       22405000	      2239	800031a0	148fa193	slti	x3,x31,328	 x31:0x905ec000  x3=0x00000001
       22415000	      2240	800031a4	02dd6463	bltu	x26,x13,800031cc	 x26:0x00000001 x13:0x00000000
       22425000	      2241	800031a8	01a58663	beq	x11,x26,800031b4	 x11:0x00000001 x26:0x00000001
       22435000	      2242	00000000	00000013	addi	x0,x0,0	  x0:0x00000000
       22445000	      2243	800031b0	00000013	addi	x0,x0,0	  x0:0x00000000
       22455000	      2244	800031b4	01269e63	bne	x13,x18,800031d0	 x13:0x00000000 x18:0x00000020
       22465000	      2245	00000000	00000013	addi	x0,x0,0	  x0:0x00000000
       22475000	      2246	800031cc	00000013	addi	x0,x0,0	  x0:0x00000000
       22485000	      2247	800031d0	00000013	addi	x0,x0,0	  x0:0x00000000
       22495000	      2248	800031d4	02d4fa63	bgeu	x9,x13,80003208	  x9:0x00000482 x13:0x00000000
       22505000	      2249	00000000	00000013	addi	x0,x0,0	  x0:0x00000000
       22515000	      2250	80003204	00000013	addi	x0,x0,0	  x0:0x00000000
       22525000	      2251	80003208	8827a613	slti	x12,x15,-1918	 x15:0x00000000 x12=0x00000000
       22535000	      2252	8000320c	032a7663	bgeu	x20,x18,80003238	 x20:0x000004bb x18:0x00000020
       22545000	      2253	00000000	00000013	addi	x0,x0,0	  x0:0x00000000
       22555000	      2254	80003234	00000013	addi	x0,x0,0	  x0:0x00000000
       22565000	      2255	80003238	009d1c63	bne	x26,x9,80003250	 x26:0x00000001  x9:0x00000482
       22575000	      2256	00000000	00000013	addi	x0,x0,0	  x0:0x00000000
       22585000	      2257	8000324c	00000013	addi	x0,x0,0	  x0:0x00000000
       22595000	      2258	80003250	0195e663	bltu	x11,x25,8000325c	 x11:0x00000001 x25:0xfffffd3f
       22605000	      2259	00000000	00000013	addi	x0,x0,0	  x0:0x00000000
       22615000	      2260	80003258	00000013	addi	x0,x0,0	  x0:0x00000000
       22625000	      2261	8000325c	ee618c13	addi	x24,x3,-282	  x3:0x00000001 x24=0xfffffee7
       22635000	      2262	80003260	54032b93	slti	x23,x6,1344	  x6:0x00000000 x23=0x00000001
       22645000	      2263	80003264	00f1d533	srl	x10,x3,x15	  x3:0x00000001 x15:0x00000000 x10=0x00000001
       22655000	      2264	80003268	00825a93	srli	x21,x4,0x8	  x4:0x00000000 x21=0x00000000
       22665000	      2265	8000326c	f3717693	andi	x13,x2,-201	  x2:0x00000000 x13=0x00000000
       22675000	      2266	80003270	00236b33	or	x22,x6,x2	  x6:0x00000000  x2:0x00000000 x22=0x00000000
       22685000	      2267	80003274	0095d133	srl	x2,x11,x9	 x11:0x00000001  x9:0x00000482  x2=0x00000000
       22695000	      2268	80003278	03774663	blt	x14,x23,800032a4	 x14:0x80009f84 x23:0x00000001
       22705000	      2269	00000000	00000013	addi	x0,x0,0	  x0:0x00000000
       22715000	      2270	800032a0	00000013	addi	x0,x0,0	  x0:0x00000000
       22725000	      2271	800032a4	40a906b3	sub	x13,x18,x10	 x18:0x00000020 x10:0x00000001 x13=0x0000001f
       22735000	      2272	800032a8	00309263	bne	x1,x3,800032ac	  x1:0x1b32970d  x3:0x00000001
       22745000	      2273	00000000	00000013	addi	x0,x0,0	  x0:0x00000000
       22755000	      2274	800032a8	00000013	addi	x0,x0,0	  x0:0x00000000
       22765000	      2275	800032ac	00de26b3	slt	x13,x28,x13	 x28:0xfffff30b x13:0x0000001f x13=0x00000001
       22775000	      2276	800032b0	e61b4f93	xori	x31,x22,-415	 x22:0x00000000 x31=0xfffffe61
       22785000	      2277	800032b4	1e5f6693	ori	x13,x30,485	 x30:0x00000000 x13=0x000001e5
       22795000	      2278	800032b8	8f762e13	slti	x28,x12,-1801	 x12:0x00000000 x28=0x00000000
       22805000	      2279	800032bc	01505cb3	srl	x25,x0,x21	  x0:0x00000000 x21:0x00000000 x25=0x00000000
       22815000	      2280	800032c0	01ecbcb3	sltu	x25,x25,x30	 x25:0x00000000 x30:0x00000000 x25=0x00000000
       22825000	      2281	800032c4	00a4bb33	sltu	x22,x9,x10	  x9:0x00000482 x10:0x00000001 x22=0x00000000
       22835000	      2282	800032c8	30ccbd93	sltiu	x27,x25,780	 x25:0x00000000 x27=0x00000001
       22845000	      2283	800032cc	014dc233	xor	x4,x27,x20	 x27:0x00000001 x20:0x000004bb  x4=0x000004ba
       22855000	      2284	800032d0	01a79813	slli	x16,x15,0x1a	 x15:0x00000000 x16=0x00000000
       22865000	      2285	800032d4	00f64d33	xor	x26,x12,x15	 x12:0x00000000 x15:0x00000000 x26=0x00000000
       22875000	      2286	800032d8	0097d533	srl	x10,x15,x9	 x15:0x00000000  x9:0x00000482 x10=0x00000000
       22885000	      2287	800032dc	01e0e333	or	x6,x1,x30	  x1:0x1b32970d x30:0x00000000  x6=0x1b32970d
       22895000	      2288	800032e0	012ad233	srl	x4,x21,x18	 x21:0x00000000 x18:0x00000020  x4=0x00000000
       22905000	      2289	800032e4	40e65e13	srai	x28,x12,0xe	 x12:0x00000000 x28=0x00000000
       22915000	      2290	800032e8	01a462b3	or	x5,x8,x26	  x8:0xfffffc02 x26:0x00000000  x5=0xfffffc02
       22925000	      2291	800032ec	407dd393	srai	x7,x27,0x7	 x27:0x00000001  x7=0x00000000
       22935000	      2292	800032f0	01bf1d93	slli	x27,x30,0x1b	 x30:0x00000000 x27=0x00000000
       22945000	      2293	800032f4	00827033	and	x0,x4,x8	  x4:0x00000000  x8:0xfffffc02
       22955000	      2294	800032f8	00495263	bge	x18,x4,800032fc	 x18:0x00000020  x4:0x00000000
       22965000	      2295	00000000	00000013	addi	x0,x0,0	  x0:0x00000000
       22975000	      2296	800032f8	00000013	addi	x0,x0,0	  x0:0x00000000
       22985000	      2297	800032fc	00dcda93	srli	x21,x25,0xd	 x25:0x00000000 x21=0x00000000
       22995000	      2298	80003300	00000013	addi	x0,x0,0	  x0:0x00000000
       23005000	      2299	80003304	00e773b3	and	x7,x14,x14	 x14:0x80009f84 x14:0x80009f84  x7=0x80009f84
       23015000	      2300	80003308	01d0acb3	slt	x25,x1,x29	  x1:0x1b32970d x29:0x00000002 x25=0x00000000
       23025000	      2301	8000330c	02666663	bltu	x12,x6,80003338	 x12:0x00000000  x6:0x1b32970d
       23035000	      2302	00000000	00000013	addi	x0,x0,0	  x0:0x00000000
       23045000	      2303	80003334	00000013	addi	x0,x0,0	  x0:0x00000000
       23055000	      2304	80003338	df9e6793	ori	x15,x28,-519	 x28:0x00000000 x15=0xfffffdf9
       23065000	      2305	8000333c	0198acb3	slt	x25,x17,x25	 x17:0x80009fc4 x25:0x00000000 x25=0x00000001
       23075000	      2306	80003340	5ae03013	sltiu	x0,x0,1454	  x0:0x00000000
       23085000	      2307	80003344	01bd1033	sll	x0,x26,x27	 x26:0x00000000 x27:0x00000000
       23095000	      2308	80003348	00f74db3	xor	x27,x14,x15	 x14:0x80009f84 x15:0xfffffdf9 x27=0x7fff627d
       23105000	      2309	8000334c	01297db3	and	x27,x18,x18	 x18:0x00000020 x18:0x00000020 x27=0x00000020
       23115000	      2310	80003350	b8234613	xori	x12,x6,-1150	  x6:0x1b32970d x12=0xe4cd6c8f
       23125000	      2311	80003354	00dd5db3	srl	x27,x26,x13	 x26:0x00000000 x13:0x000001e5 x27=0x00000000
       23135000	      2312	80003358	2ca40693	addi	x13,x8,714	  x8:0xfffffc02 x13=0xfffffecc
       23145000	      2313	8000335c	04125663	bge	x4,x1,800033a8	  x4:0x00000000  x1:0x1b32970d
       23155000	      2314	80003360	419250b3	sra	x1,x4,x25	  x4:0x00000000 x25:0x00000001  x1=0x00000000
       23165000	      2315	80003364	01aac033	xor	x0,x21,x26	 x21:0x00000000 x26:0x00000000
       23175000	      2316	80003368	0015f463	bgeu	x11,x1,80003370	 x11:0x00000001  x1:0x00000000
       23185000	      2317	00000000	00000013	addi	x0,x0,0	  x0:0x00000000
       23195000	      2318	8000336c	00000013	addi	x0,x0,0	  x0:0x00000000
       23205000	      2319	80003370	00fa7a33	and	x20,x20,x15	 x20:0x000004bb x15:0xfffffdf9 x20=0x000004b9
       23215000	      2320	80003374	7bb4dc17	auipc	x24,0x7bb4d	 x24=0xfbb50370
       23225000	      2321	80003378	f9472337	lui	x6,0xf9472	  x6=0xf9472000
       23235000	      2322	8000337c	404c5a93	srai	x21,x24,0x4	 x24:0xfbb50370 x21=0xffbb5037
       23245000	      2323	80003380	00000013	addi	x0,x0,0	  x0:0x00000000
       23255000	      2324	80003384	017cab33	slt	x22,x25,x23	 x25:0x00000001 x23:0x00000001 x22=0x00000000
       23265000	      2325	80003388	000e9993	slli	x19,x29,0x0	 x29:0x00000002 x19=0x00000002
       23275000	      2326	8000338c	00fde863	bltu	x27,x15,8000339c	 x27:0x00000000 x15:0xfffffdf9
       23285000	      2327	00000000	00000013	addi	x0,x0,0	  x0:0x00000000
       23295000	      2328	80003398	00000013	addi	x0,x0,0	  x0:0x00000000
       23305000	      2329	8000339c	00551ab3	sll	x21,x10,x5	 x10:0x00000000  x5:0xfffffc02 x21=0x00000000
       23315000	      2330	800033a0	41315a93	srai	x21,x2,0x13	  x2:0x00000000 x21=0x00000000
       23325000	      2331	800033a4	006d5913	srli	x18,x26,0x6	 x26:0x00000000 x18=0x00000000
       23335000	      2332	800033a8	00d86333	or	x6,x16,x13	 x16:0x00000000 x13:0xfffffecc  x6=0xfffffecc
       23345000	      2333	800033ac	005f0533	add	x10,x30,x5	 x30:0x00000000  x5:0xfffffc02 x10=0xfffffc02
       23355000	      2334	800033b0	00cf0b33	add	x22,x30,x12	 x30:0x00000000 x12:0xe4cd6c8f x22=0xe4cd6c8f
       23365000	      2335	800033b4	b3eab513	sltiu	x10,x21,-1218	 x21:0x00000000 x10=0x00000001
       23375000	      2336	800033b8	7274b593	sltiu	x11,x9,1831	  x9:0x00000482 x11=0x00000001
       23385000	      2337	800033bc	02591663	bne	x18,x5,800033e8	 x18:0x00000000  x5:0xfffffc02
       23395000	      2338	00000000	00000013	addi	x0,x0,0	  x0:0x00000000
       23405000	      2339	800033e4	00000013	addi	x0,x0,0	  x0:0x00000000
       23415000	      2340	800033e8	003a8c33	add	x24,x21,x3	 x21:0x00000000  x3:0x00000001 x24=0x00000001
       23425000	      2341	800033ec	3e131097	auipc	x1,0x3e131	  x1=0xbe1343e8
       23435000	      2342	800033f0	6f051d17	auipc	x26,0x6f051	 x26=0xef0543ec
       23445000	      2343	800033f4	0216ea63	bltu	x13,x1,80003428	 x13:0xfffffecc  x1:0xbe1343e8
       23455000	      2344	800033f8	4e337093	andi	x1,x6,1251	  x6:0xfffffecc  x1=0x000004c0
       23465000	      2345	800033fc	01affc63	bgeu	x31,x26,80003414	 x31:0xfffffe61 x26:0xef0543ec
       23475000	      2346	00000000	00000013	addi	x0,x0,0	  x0:0x00000000
       23485000	      2347	80003410	00000013	addi	x0,x0,0	  x0:0x00000000
       23495000	      2348	80003414	0cfb5063	bge	x22,x15,800034d4	 x22:0xe4cd6c8f x15:0xfffffdf9
       23505000	      2349	80003418	006089b3	add	x19,x1,x6	  x1:0x000004c0  x6:0xfffffecc x19=0x0000038c
       23515000	      2350	8000341c	00a43fb3	sltu	x31,x8,x10	  x8:0xfffffc02 x10:0x00000001 x31=0x00000000
       23525000	      2351	80003420	73396393	ori	x7,x18,1843	 x18:0x00000000  x7=0x00000733
       23535000	      2352	80003424	005ff263	bgeu	x31,x5,80003428	 x31:0x00000000  x5:0xfffffc02
       23545000	      2353	80003428	892a0537	lui	x10,0x892a0	 x10=0x892a0000
       23555000	      2354	8000342c	018f5033	srl	x0,x30,x24	 x30:0x00000000 x24:0x00000001
       23565000	      2355	80003430	0c665063	bge	x12,x6,800034f0	 x12:0xe4cd6c8f  x6:0xfffffecc
       23575000	      2356	80003434	01036263	bltu	x6,x16,80003438	  x6:0xfffffecc x16:0x00000000
       23585000	      2357	80003438	0de79063	bne	x15,x30,800034f8	 x15:0xfffffdf9 x30:0x00000000
       23595000	      2358	00000000	00000013	addi	x0,x0,0	  x0:0x00000000
       23605000	      2359	800034f4	00000013	addi	x0,x0,0	  x0:0x00000000
       23615000	      2360	800034f8	025ee463	bltu	x29,x5,80003520	 x29:0x00000002  x5:0xfffffc02
       23625000	      2361	00000000	00000013	addi	x0,x0,0	  x0:0x00000000
       23635000	      2362	8000351c	00000013	addi	x0,x0,0	  x0:0x00000000
       23645000	      2363	80003520	fe827093	andi	x1,x4,-24	  x4:0x00000000  x1=0x00000000
       23655000	      2364	80003524	05176663	bltu	x14,x17,80003570	 x14:0x80009f84 x17:0x80009fc4
       23665000	      2365	00000000	00000013	addi	x0,x0,0	  x0:0x00000000
       23675000	      2366	8000356c	00000013	addi	x0,x0,0	  x0:0x00000000
       23685000	      2367	80003570	00c24133	xor	x2,x4,x12	  x4:0x00000000 x12:0xe4cd6c8f  x2=0xe4cd6c8f
       23695000	      2368	80003574	00af4533	xor	x10,x30,x10	 x30:0x00000000 x10:0x892a0000 x10=0x892a0000
       23705000	      2369	80003578	01a91bb3	sll	x23,x18,x26	 x18:0x00000000 x26:0xef0543ec x23=0x00000000
       23715000	      2370	8000357c	d4764493	xori	x9,x12,-697	 x12:0xe4cd6c8f  x9=0x1b3291c8
       23725000	      2371	80003580	e4013e97	auipc	x29,0xe4013	 x29=0x6401657c
       23735000	      2372	80003584	f8533b93	sltiu	x23,x6,-123	  x6:0xfffffecc x23=0x00000001
       23745000	      2373	80003588	a85eee93	ori	x29,x29,-1403	 x29:0x6401657c x29=0xfffffffd
       23755000	      2374	8000358c	c24dfb13	andi	x22,x27,-988	 x27:0x00000000 x22=0x00000000
       23765000	      2375	80003590	01e5a833	slt	x16,x11,x30	 x11:0x00000001 x30:0x00000000 x16=0x00000000
       23775000	      2376	80003594	01641bb3	sll	x23,x8,x22	  x8:0xfffffc02 x22:0x00000000 x23=0xfffffc02
       23785000	      2377	80003598	00242833	slt	x16,x8,x2	  x8:0xfffffc02  x2:0xe4cd6c8f x16=0x00000000
       23795000	      2378	8000359c	011ae3b3	or	x7,x21,x17	 x21:0x00000000 x17:0x80009fc4  x7=0x80009fc4
       23805000	      2379	800035a0	036ffe63	bgeu	x31,x22,800035dc	 x31:0x00000000 x22:0x00000000
       23815000	      2380	00000000	00000013	addi	x0,x0,0	  x0:0x00000000
       23825000	      2381	800035d8	00000013	addi	x0,x0,0	  x0:0x00000000
       23835000	      2382	800035dc	9acc6593	ori	x11,x24,-1620	 x24:0x00000001 x11=0xfffff9ad
       23845000	      2383	800035e0	01646933	or	x18,x8,x22	  x8:0xfffffc02 x22:0x00000000 x18=0xfffffc02
       23855000	      2384	800035e4	01abb133	sltu	x2,x23,x26	 x23:0xfffffc02 x26:0xef0543ec  x2=0x00000000
       23865000	      2385	800035e8	0c56d663	bge	x13,x5,800036b4	 x13:0xfffffecc  x5:0xfffffc02
       23875000	      2386	00000000	00000013	addi	x0,x0,0	  x0:0x00000000
       23885000	      2387	800036b0	00000013	addi	x0,x0,0	  x0:0x00000000
       23895000	      2388	800036b4	3d710bb7	lui	x23,0x3d710	 x23=0x3d710000
       23905000	      2389	800036b8	9b896993	ori	x19,x18,-1608	 x18:0xfffffc02 x19=0xfffffdba
       23915000	      2390	800036bc	00534663	blt	x6,x5,800036c8	  x6:0xfffffecc  x5:0xfffffc02
       23925000	      2391	800036c0	0329f463	bgeu	x19,x18,800036e8	 x19:0xfffffdba x18:0xfffffc02
       23935000	      2392	00000000	00000013	addi	x0,x0,0	  x0:0x00000000
       23945000	      2393	800036e4	00000013	addi	x0,x0,0	  x0:0x00000000
       23955000	      2394	800036e8	024eda63	bge	x29,x4,8000371c	 x29:0xfffffffd  x4:0x00000000
       23965000	      2395	800036ec	0190d7b3	srl	x15,x1,x25	  x1:0x00000000 x25:0x00000001 x15=0x00000000
       23975000	      2396	800036f0	01a37eb3	and	x29,x6,x26	  x6:0xfffffecc x26:0xef0543ec x29=0xef0542cc
       23985000	      2397	800036f4	11d56197	auipc	x3,0x11d56	  x3=0x91d596f0
       23995000	      2398	800036f8	5e9acd13	xori	x26,x21,1513	 x21:0x00000000 x26=0x000005e9
       24005000	      2399	800036fc	05879063	bne	x15,x24,8000373c	 x15:0x00000000 x24:0x00000001
       24015000	      2400	00000000	00000013	addi	x0,x0,0	  x0:0x00000000
       24025000	      2401	80003738	00000013	addi	x0,x0,0	  x0:0x00000000
       24035000	      2402	8000373c	017a5313	srli	x6,x20,0x17	 x20:0x000004b9  x6=0x00000000
       24045000	      2403	80003740	00385e33	srl	x28,x16,x3	 x16:0x00000000  x3:0x91d596f0 x28=0x00000000
       24055000	      2404	80003744	b50a4293	xori	x5,x20,-1200	 x20:0x000004b9  x5=0xffffffe9
       24065000	      2405	80003748	417780b3	sub	x1,x15,x23	 x15:0x00000000 x23:0x3d710000  x1=0xc28f0000
       24075000	      2406	8000374c	0149e1b3	or	x3,x19,x20	 x19:0xfffffdba x20:0x000004b9  x3=0xfffffdbb
       24085000	      2407	80003750	04554663	blt	x10,x5,8000379c	 x10:0x892a0000  x5:0xffffffe9
       24095000	      2408	00000000	00000013	addi	x0,x0,0	  x0:0x00000000
       24105000	      2409	80003798	00000013	addi	x0,x0,0	  x0:0x00000000
       24115000	      2410	8000379c	01de1463	bne	x28,x29,800037a4	 x28:0x00000000 x29:0xef0542cc
       24125000	      2411	00000000	00000013	addi	x0,x0,0	  x0:0x00000000
       24135000	      2412	800037a0	00000013	addi	x0,x0,0	  x0:0x00000000
       24145000	      2413	800037a4	01bbba33	sltu	x20,x23,x27	 x23:0x3d710000 x27:0x00000000 x20=0x00000000
       24155000	      2414	800037a8	401751b3	sra	x3,x14,x1	 x14:0x80009f84  x1:0xc28f0000  x3=0x80009f84
       24165000	      2415	800037ac	40cc5d93	srai	x27,x24,0xc	 x24:0x00000001 x27=0x00000000
       24175000	      2416	800037b0	00000013	addi	x0,x0,0	  x0:0x00000000
       24185000	      2417	800037b4	0048dc63	bge	x17,x4,800037cc	 x17:0x80009fc4  x4:0x00000000
       24195000	      2418	800037b8	01394133	xor	x2,x18,x19	 x18:0xfffffc02 x19:0xfffffdba  x2=0x000001b8
       24205000	      2419	800037bc	003a7263	bgeu	x20,x3,800037c0	 x20:0x00000000  x3:0x80009f84
       24215000	      2420	800037c0	3c6a4093	xori	x1,x20,966	 x20:0x00000000  x1=0x000003c6
       24225000	      2421	800037c4	00d2b6b3	sltu	x13,x5,x13	  x5:0xffffffe9 x13:0xfffffecc x13=0x00000000
       24235000	      2422	800037c8	02b45663	bge	x8,x11,800037f4	  x8:0xfffffc02 x11:0xfffff9ad
       24245000	      2423	00000000	00000013	addi	x0,x0,0	  x0:0x00000000
       24255000	      2424	800037f0	00000013	addi	x0,x0,0	  x0:0x00000000
       24265000	      2425	800037f4	41ff8a33	sub	x20,x31,x31	 x31:0x00000000 x31:0x00000000 x20=0x00000000
       24275000	      2426	800037f8	d5a24e97	auipc	x29,0xd5a24	 x29=0x55a277f4
       24285000	      2427	800037fc	40f15ab3	sra	x21,x2,x15	  x2:0x000001b8 x15:0x00000000 x21=0x000001b8
       24295000	      2428	80003800	01bed193	srli	x3,x29,0x1b	 x29:0x55a277f4  x3=0x0000000a
       24305000	      2429	80003804	018902b3	add	x5,x18,x24	 x18:0xfffffc02 x24:0x00000001  x5=0xfffffc03
       24315000	      2430	80003808	00209f93	slli	x31,x1,0x2	  x1:0x000003c6 x31=0x00000f18
       24325000	      2431	8000380c	002c04b3	add	x9,x24,x2	 x24:0x00000001  x2:0x000001b8  x9=0x000001b9
       24335000	      2432	80003810	6a117693	andi	x13,x2,1697	  x2:0x000001b8 x13=0x000000a0
       24345000	      2433	80003814	4036d793	srai	x15,x13,0x3	 x13:0x000000a0 x15=0x00000014
       24355000	      2434	80003818	00e707b3	add	x15,x14,x14	 x14:0x80009f84 x14:0x80009f84 x15=0x00013f08
       24365000	      2435	8000381c	9a3d7093	andi	x1,x26,-1629	 x26:0x000005e9  x1=0x000001a1
       24375000	      2436	80003820	b9367e13	andi	x28,x12,-1133	 x12:0xe4cd6c8f x28=0xe4cd6883
       24385000	      2437	80003824	6d24c013	xori	x0,x9,1746	  x9:0x000001b9
       24395000	      2438	80003828	01ddbe33	sltu	x28,x27,x29	 x27:0x00000000 x29:0x55a277f4 x28=0x00000001
       24405000	      2439	8000382c	00c01393	slli	x7,x0,0xc	  x0:0x00000000  x7=0x00000000
       24415000	      2440	80003830	40d3dd33	sra	x26,x7,x13	  x7:0x00000000 x13:0x000000a0 x26=0x00000000
       24425000	      2441	80003834	d4bfe917	auipc	x18,0xd4bfe	 x18=0x54c01830
       24435000	      2442	80003838	01648c33	add	x24,x9,x22	  x9:0x000001b9 x22:0x00000000 x24=0x000001b9
       24445000	      2443	8000383c	40b7dc93	srai	x25,x15,0xb	 x15:0x00013f08 x25=0x00000027
       24455000	      2444	80003840	41a4d513	srai	x10,x9,0x1a	  x9:0x000001b9 x10=0x00000000
       24465000	      2445	80003844	dc5712b7	lui	x5,0xdc571	  x5=0xdc571000
       24475000	      2446	80003848	00de0533	add	x10,x28,x13	 x28:0x00000001 x13:0x000000a0 x10=0x000000a1
       24485000	      2447	8000384c	01d5acb3	slt	x25,x11,x29	 x11:0xfffff9ad x29:0x55a277f4 x25=0x00000001
       24495000	      2448	80003850	378c3c93	sltiu	x25,x24,888	 x24:0x000001b9 x25=0x00000001
       24505000	      2449	80003854	05fb4063	blt	x22,x31,80003894	 x22:0x00000000 x31:0x00000f18
       24515000	      2450	00000000	00000013	addi	x0,x0,0	  x0:0x00000000
       24525000	      2451	80003890	00000013	addi	x0,x0,0	  x0:0x00000000
       24535000	      2452	80003894	00aaa433	slt	x8,x21,x10	 x21:0x000001b8 x10:0x000000a1  x8=0x00000000
       24545000	      2453	80003898	01b2de93	srli	x29,x5,0x1b	  x5:0xdc571000 x29=0x0000001b
       24555000	      2454	8000389c	8034b517	auipc	x10,0x8034b	 x10=0x0034e898
       24565000	      2455	800038a0	41e28b33	sub	x22,x5,x30	  x5:0xdc571000 x30:0x00000000 x22=0xdc571000
       24575000	      2456	800038a4	001a5fb3	srl	x31,x20,x1	 x20:0x00000000  x1:0x000001a1 x31=0x00000000
       24585000	      2457	800038a8	008cdcb3	srl	x25,x25,x8	 x25:0x00000001  x8:0x00000000 x25=0x00000001
       24595000	      2458	800038ac	74296e37	lui	x28,0x74296	 x28=0x74296000
       24605000	      2459	800038b0	01da5f93	srli	x31,x20,0x1d	 x20:0x00000000 x31=0x00000000
       24615000	      2460	800038b4	01216d33	or	x26,x2,x18	  x2:0x000001b8 x18:0x54c01830 x26=0x54c019b8
       24625000	      2461	800038b8	008c9e63	bne	x25,x8,800038d4	 x25:0x00000001  x8:0x00000000
       24635000	      2462	00000000	00000013	addi	x0,x0,0	  x0:0x00000000
       24645000	      2463	800038d0	00000013	addi	x0,x0,0	  x0:0x00000000
       24655000	      2464	800038d4	01359593	slli	x11,x11,0x13	 x11:0xfffff9ad x11=0xcd680000
       24665000	      2465	800038d8	b5bbc293	xori	x5,x23,-1189	 x23:0x3d710000  x5=0xc28efb5b
       24675000	      2466	800038dc	b9d40b93	addi	x23,x8,-1123	  x8:0x00000000 x23=0xfffffb9d
       24685000	      2467	800038e0	0136f5b3	and	x11,x13,x19	 x13:0x000000a0 x19:0xfffffdba x11=0x000000a0
       24695000	      2468	800038e4	b66e2313	slti	x6,x28,-1178	 x28:0x74296000  x6=0x00000000
       24705000	      2469	800038e8	d90c6637	lui	x12,0xd90c6	 x12=0xd90c6000
       24715000	      2470	800038ec	00000f17	auipc	x30,0x0	 x30=0x800038e8
       24725000	      2471	800038f0	00cf0f13	addi	x30,x30,12	 x30:0x800038e8 x30=0x800038f4
       24735000	      2472	800038f4	000f0067	jalr	x0,x30,0	 x30:0x800038f4
       24745000	      2473	00000000	00000013	addi	x0,x0,0	  x0:0x00000000
       24755000	      2474	800038f4	00000013	addi	x0,x0,0	  x0:0x00000000
       24765000	      2475	800038f8	00100193	addi	x3,x0,1	  x0:0x00000000  x3=0x00000001
       24775000	      2476	800038fc	00000073	ecall	
       24785000	      2477	80003900	01664663	blt	x12,x22,8000390c	 x12:0xd90c6000 x22:0xdc571000
