		Time			Cycle	PC		Insn	Decoded instruction	Register and memory contents
          65000	         5	80000004	00000293	addi	x5,x0,0	  x0:0x00000000  x5=0x00000000
          75000	         6	80000008	00000313	addi	x6,x0,0	  x0:0x00000000  x6=0x00000000
          85000	         7	8000000c	00628263	beq	x5,x6,80000010	  x5:0x00000000  x6:0x00000000
          95000	         8	00000000	00000013	addi	x0,x0,0	  x0:0x00000000
         105000	         9	8000000c	00000013	addi	x0,x0,0	  x0:0x00000000
         115000	        10	80000010	00000997	auipc	x19,0x0	 x19=0x8000000c
         125000	        11	80000014	00c98993	addi	x19,x19,12	 x19:0x8000000c x19=0x80000018
         135000	        12	80000018	00098067	jalr	x0,x19,0	 x19:0x80000018
         145000	        13	00000000	00000013	addi	x0,x0,0	  x0:0x00000000
         155000	        14	80000018	00000013	addi	x0,x0,0	  x0:0x00000000
         165000	        15	8000001c	400003b7	lui	x7,0x40000	  x7=0x40000000
         175000	        16	80000020	10038393	addi	x7,x7,256	  x7:0x40000000  x7=0x40000100
         185000	        17	80000024	00000013	addi	x0,x0,0	  x0:0x00000000
         195000	        18	80000028	0000a517	auipc	x10,0xa	 x10=0x8000a024
         205000	        19	8000002c	fa050513	addi	x10,x10,-96	 x10:0x8000a024 x10=0x80009fc4
         215000	        20	80000030	00007397	auipc	x7,0x7	  x7=0x8000702c
         225000	        21	80000034	9b838393	addi	x7,x7,-1608	  x7:0x8000702c  x7=0x800069e4
         235000	        22	80000038	0003e393	ori	x7,x7,0	  x7:0x800069e4  x7=0x800069e4
         245000	        23	8000003c	00000013	addi	x0,x0,0	  x0:0x00000000
         255000	        24	80000040	00000397	auipc	x7,0x0	  x7=0x8000003c
         265000	        25	80000044	02038393	addi	x7,x7,32	  x7:0x8000003c  x7=0x8000005c
         275000	        26	80000048	00000013	addi	x0,x0,0	  x0:0x00000000
         285000	        27	8000004c	00000013	addi	x0,x0,0	  x0:0x00000000
         295000	        28	80000050	000023b7	lui	x7,0x2	  x7=0x00002000
         305000	        29	80000054	80038393	addi	x7,x7,-2048	  x7:0x00002000  x7=0x00001800
         315000	        30	80000058	00000013	addi	x0,x0,0	  x0:0x00000000
         325000	        31	8000005c	00000013	addi	x0,x0,0	  x0:0x00000000
         335000	        32	80000060	00000013	addi	x0,x0,0	  x0:0x00000000
         345000	        33	80000064	800000b7	lui	x1,0x80000	  x1=0x80000000
         355000	        34	80000068	09952137	lui	x2,0x9952	  x2=0x09952000
         365000	        35	8000006c	aa310113	addi	x2,x2,-1373	  x2:0x09952000  x2=0x09951aa3
         375000	        36	80000070	00000193	addi	x3,x0,0	  x0:0x00000000  x3=0x00000000
         385000	        37	80000074	fb491237	lui	x4,0xfb491	  x4=0xfb491000
         395000	        38	80000078	6f720213	addi	x4,x4,1783	  x4:0xfb491000  x4=0xfb4916f7
         405000	        39	8000007c	00a00293	addi	x5,x0,10	  x0:0x00000000  x5=0x0000000a
         415000	        40	80000080	f5f43337	lui	x6,0xf5f43	  x6=0xf5f43000
         425000	        41	80000084	c7a30313	addi	x6,x6,-902	  x6:0xf5f43000  x6=0xf5f42c7a
         435000	        42	80000088	8a3fb3b7	lui	x7,0x8a3fb	  x7=0x8a3fb000
         445000	        43	8000008c	43c38393	addi	x7,x7,1084	  x7:0x8a3fb000  x7=0x8a3fb43c
         455000	        44	80000090	f6425437	lui	x8,0xf6425	  x8=0xf6425000
         465000	        45	80000094	f9b40413	addi	x8,x8,-101	  x8:0xf6425000  x8=0xf6424f9b
         475000	        46	80000098	800004b7	lui	x9,0x80000	  x9=0x80000000
         485000	        47	8000009c	00000613	addi	x12,x0,0	  x0:0x00000000 x12=0x00000000
         495000	        48	800000a0	00800693	addi	x13,x0,8	  x0:0x00000000 x13=0x00000008
         505000	        49	800000a4	80000737	lui	x14,0x80000	 x14=0x80000000
         515000	        50	800000a8	f98147b7	lui	x15,0xf9814	 x15=0xf9814000
         525000	        51	800000ac	f7f78793	addi	x15,x15,-129	 x15:0xf9814000 x15=0xf9813f7f
         535000	        52	800000b0	f74e7837	lui	x16,0xf74e7	 x16=0xf74e7000
         545000	        53	800000b4	9d180813	addi	x16,x16,-1583	 x16:0xf74e7000 x16=0xf74e69d1
         555000	        54	800000b8	800008b7	lui	x17,0x80000	 x17=0x80000000
         565000	        55	800000bc	f76ed937	lui	x18,0xf76ed	 x18=0xf76ed000
         575000	        56	800000c0	fb590913	addi	x18,x18,-75	 x18:0xf76ed000 x18=0xf76ecfb5
         585000	        57	800000c4	00100993	addi	x19,x0,1	  x0:0x00000000 x19=0x00000001
         595000	        58	800000c8	00800a13	addi	x20,x0,8	  x0:0x00000000 x20=0x00000008
         605000	        59	800000cc	00000a93	addi	x21,x0,0	  x0:0x00000000 x21=0x00000000
         615000	        60	800000d0	80000b37	lui	x22,0x80000	 x22=0x80000000
         625000	        61	800000d4	00000b93	addi	x23,x0,0	  x0:0x00000000 x23=0x00000000
         635000	        62	800000d8	f70c6c37	lui	x24,0xf70c6	 x24=0xf70c6000
         645000	        63	800000dc	299c0c13	addi	x24,x24,665	 x24:0xf70c6000 x24=0xf70c6299
         655000	        64	800000e0	fc290cb7	lui	x25,0xfc290	 x25=0xfc290000
         665000	        65	800000e4	a17c8c93	addi	x25,x25,-1513	 x25:0xfc290000 x25=0xfc28fa17
         675000	        66	800000e8	00b00d13	addi	x26,x0,11	  x0:0x00000000 x26=0x0000000b
         685000	        67	800000ec	fa1fedb7	lui	x27,0xfa1fe	 x27=0xfa1fe000
         695000	        68	800000f0	183d8d93	addi	x27,x27,387	 x27:0xfa1fe000 x27=0xfa1fe183
         705000	        69	800000f4	f8285e37	lui	x28,0xf8285	 x28=0xf8285000
         715000	        70	800000f8	0f2e0e13	addi	x28,x28,242	 x28:0xf8285000 x28=0xf82850f2
         725000	        71	800000fc	80000eb7	lui	x29,0x80000	 x29=0x80000000
         735000	        72	80000100	eba56f37	lui	x30,0xeba56	 x30=0xeba56000
         745000	        73	80000104	cb7f0f13	addi	x30,x30,-841	 x30:0xeba56000 x30=0xeba55cb7
         755000	        74	80000108	00c00f93	addi	x31,x0,12	  x0:0x00000000 x31=0x0000000c
         765000	        75	8000010c	0000a597	auipc	x11,0xa	 x11=0x8000a108
         775000	        76	80000110	e7c58593	addi	x11,x11,-388	 x11:0x8000a108 x11=0x80009f84
         785000	        77	80000114	0109d333	srl	x6,x19,x16	 x19:0x00000001 x16:0xf74e69d1  x6=0x00000000
         795000	        78	80000118	40578e33	sub	x28,x15,x5	 x15:0xf9813f7f  x5:0x0000000a x28=0xf9813f75
         805000	        79	8000011c	40845f33	sra	x30,x8,x8	  x8:0xf6424f9b  x8:0xf6424f9b x30=0xfffffffe
         815000	        80	80000120	003c5cb3	srl	x25,x24,x3	 x24:0xf70c6299  x3:0x00000000 x25=0xf70c6299
         825000	        81	80000124	000c2933	slt	x18,x24,x0	 x24:0xf70c6299  x0:0x00000000 x18=0x00000001
         835000	        82	80000128	01c18333	add	x6,x3,x28	  x3:0x00000000 x28:0xf9813f75  x6=0xf9813f75
         845000	        83	8000012c	51403293	sltiu	x5,x0,1300	  x0:0x00000000  x5=0x00000001
         855000	        84	80000130	aca68313	addi	x6,x13,-1334	 x13:0x00000008  x6=0xfffffad2
         865000	        85	80000134	bd338eb7	lui	x29,0xbd338	 x29=0xbd338000
         875000	        86	80000138	0141d0b3	srl	x1,x3,x20	  x3:0x00000000 x20:0x00000008  x1=0x00000000
         885000	        87	8000013c	01d05b13	srli	x22,x0,0x1d	  x0:0x00000000 x22=0x00000000
         895000	        88	80000140	af64c813	xori	x16,x9,-1290	  x9:0x80000000 x16=0x7ffffaf6
         905000	        89	80000144	01937333	and	x6,x6,x25	  x6:0xfffffad2 x25:0xf70c6299  x6=0xf70c6290
         915000	        90	80000148	01049d13	slli	x26,x9,0x10	  x9:0x80000000 x26=0x00000000
         925000	        91	8000014c	00ed1c63	bne	x26,x14,80000164	 x26:0x00000000 x14:0x80000000
         935000	        92	00000000	00000013	addi	x0,x0,0	  x0:0x00000000
         945000	        93	80000160	00000013	addi	x0,x0,0	  x0:0x00000000
         955000	        94	80000164	54f2c413	xori	x8,x5,1359	  x5:0x00000001  x8=0x0000054e
         965000	        95	80000168	bbbe4613	xori	x12,x28,-1093	 x28:0xf9813f75 x12=0x067ec4ce
         975000	        96	8000016c	00cacb33	xor	x22,x21,x12	 x21:0x00000000 x12:0x067ec4ce x22=0x067ec4ce
         985000	        97	80000170	01a96c33	or	x24,x18,x26	 x18:0x00000001 x26:0x00000000 x24=0x00000001
         995000	        98	80000174	8d1fcbb7	lui	x23,0x8d1fc	 x23=0x8d1fc000
        1005000	        99	80000178	035a0263	beq	x20,x21,8000019c	 x20:0x00000008 x21:0x00000000
        1015000	       100	8000017c	01b603b3	add	x7,x12,x27	 x12:0x067ec4ce x27:0xfa1fe183  x7=0x009ea651
        1025000	       101	80000180	02476263	bltu	x14,x4,800001a4	 x14:0x80000000  x4:0xfb4916f7
        1035000	       102	00000000	00000013	addi	x0,x0,0	  x0:0x00000000
        1045000	       103	800001a0	00000013	addi	x0,x0,0	  x0:0x00000000
        1055000	       104	800001a4	03117c63	bgeu	x2,x17,800001dc	  x2:0x09951aa3 x17:0x80000000
        1065000	       105	800001a8	40965313	srai	x6,x12,0x9	 x12:0x067ec4ce  x6=0x00033f62
        1075000	       106	800001ac	5e8b3e93	sltiu	x29,x22,1512	 x22:0x067ec4ce x29=0x00000000
        1085000	       107	800001b0	00000013	addi	x0,x0,0	  x0:0x00000000
        1095000	       108	800001b4	01a297b3	sll	x15,x5,x26	  x5:0x00000001 x26:0x00000000 x15=0x00000001
        1105000	       109	800001b8	0183ae33	slt	x28,x7,x24	  x7:0x009ea651 x24:0x00000001 x28=0x00000000
        1115000	       110	800001bc	032511b7	lui	x3,0x3251	  x3=0x03251000
        1125000	       111	800001c0	0029c0b3	xor	x1,x19,x2	 x19:0x00000001  x2:0x09951aa3  x1=0x09951aa2
        1135000	       112	800001c4	0178c663	blt	x17,x23,800001d0	 x17:0x80000000 x23:0x8d1fc000
        1145000	       113	00000000	00000013	addi	x0,x0,0	  x0:0x00000000
        1155000	       114	800001cc	00000013	addi	x0,x0,0	  x0:0x00000000
        1165000	       115	800001d0	01e06e63	bltu	x0,x30,800001ec	  x0:0x00000000 x30:0xfffffffe
        1175000	       116	00000000	00000013	addi	x0,x0,0	  x0:0x00000000
        1185000	       117	800001e8	00000013	addi	x0,x0,0	  x0:0x00000000
        1195000	       118	800001ec	b47773b7	lui	x7,0xb4777	  x7=0xb4777000
        1205000	       119	800001f0	01389493	slli	x9,x17,0x13	 x17:0x80000000  x9=0x00000000
        1215000	       120	800001f4	04306463	bltu	x0,x3,8000023c	  x0:0x00000000  x3:0x03251000
        1225000	       121	00000000	00000013	addi	x0,x0,0	  x0:0x00000000
        1235000	       122	80000238	00000013	addi	x0,x0,0	  x0:0x00000000
        1245000	       123	8000023c	015cd033	srl	x0,x25,x21	 x25:0xf70c6299 x21:0x00000000
        1255000	       124	80000240	409000b3	sub	x1,x0,x9	  x0:0x00000000  x9:0x00000000  x1=0x00000000
        1265000	       125	80000244	404b08b3	sub	x17,x22,x4	 x22:0x067ec4ce  x4:0xfb4916f7 x17=0x0b35add7
        1275000	       126	80000248	03084c63	blt	x16,x16,80000280	 x16:0x7ffffaf6 x16:0x7ffffaf6
        1285000	       127	8000024c	016f6833	or	x16,x30,x22	 x30:0xfffffffe x22:0x067ec4ce x16=0xfffffffe
        1295000	       128	80000250	01879193	slli	x3,x15,0x18	 x15:0x00000001  x3=0x01000000
        1305000	       129	80000254	01f6d293	srli	x5,x13,0x1f	 x13:0x00000008  x5=0x00000000
        1315000	       130	80000258	7414b293	sltiu	x5,x9,1857	  x9:0x00000000  x5=0x00000001
        1325000	       131	8000025c	010c1693	slli	x13,x24,0x10	 x24:0x00000001 x13=0x00010000
        1335000	       132	80000260	00a87a63	bgeu	x16,x10,80000274	 x16:0xfffffffe x10:0x80009fc4
        1345000	       133	00000000	00000013	addi	x0,x0,0	  x0:0x00000000
        1355000	       134	80000270	00000013	addi	x0,x0,0	  x0:0x00000000
        1365000	       135	80000274	f6c32d13	slti	x26,x6,-148	  x6:0x00033f62 x26=0x00000000
        1375000	       136	80000278	05d6ac93	slti	x25,x13,93	 x13:0x00010000 x25=0x00000000
        1385000	       137	8000027c	f2b8d197	auipc	x3,0xf2b8d	  x3=0x72b8d278
        1395000	       138	80000280	00184633	xor	x12,x16,x1	 x16:0xfffffffe  x1:0x00000000 x12=0xfffffffe
        1405000	       139	80000284	080e4463	blt	x28,x0,8000030c	 x28:0x00000000  x0:0x00000000
        1415000	       140	80000288	01b66833	or	x16,x12,x27	 x12:0xfffffffe x27:0xfa1fe183 x16=0xffffffff
        1425000	       141	8000028c	0050d933	srl	x18,x1,x5	  x1:0x00000000  x5:0x00000001 x18=0x00000000
        1435000	       142	80000290	40d40d33	sub	x26,x8,x13	  x8:0x0000054e x13:0x00010000 x26=0xffff054e
        1445000	       143	80000294	01c8dc93	srli	x25,x17,0x1c	 x17:0x0b35add7 x25=0x00000000
        1455000	       144	80000298	00005397	auipc	x7,0x5	  x7=0x80005294
        1465000	       145	8000029c	5e438393	addi	x7,x7,1508	  x7:0x80005294  x7=0x80005878
        1475000	       146	800002a0	537b0317	auipc	x6,0x537b0	  x6=0xd37b029c
        1485000	       147	800002a4	01f49d33	sll	x26,x9,x31	  x9:0x00000000 x31:0x0000000c x26=0x00000000
        1495000	       148	800002a8	002257b3	srl	x15,x4,x2	  x4:0xfb4916f7  x2:0x09951aa3 x15=0x1f6922de
        1505000	       149	800002ac	e1c38393	addi	x7,x7,-484	  x7:0x80005878  x7=0x80005694
        1515000	       150	800002b0	00060c33	add	x24,x12,x0	 x12:0xfffffffe  x0:0x00000000 x24=0xfffffffe
        1525000	       151	800002b4	01b50733	add	x14,x10,x27	 x10:0x80009fc4 x27:0xfa1fe183 x14=0x7a208147
        1535000	       152	800002b8	0104db33	srl	x22,x9,x16	  x9:0x00000000 x16:0xffffffff x22=0x00000000
        1545000	       153	800002bc	1cb68613	addi	x12,x13,459	 x13:0x00010000 x12=0x000101cb
        1555000	       154	800002c0	00e8c463	blt	x17,x14,800002c8	 x17:0x0b35add7 x14:0x7a208147
        1565000	       155	00000000	00000013	addi	x0,x0,0	  x0:0x00000000
        1575000	       156	800002c4	00000013	addi	x0,x0,0	  x0:0x00000000
        1585000	       157	800002c8	1e4388e7	jalr	x17,x7,484	  x7:0x80005694 x17=0x800002c8
        1595000	       158	00000000	00000013	addi	x0,x0,0	  x0:0x00000000
        1605000	       159	80005878	00000013	addi	x0,x0,0	  x0:0x00000000
        1615000	       160	8000587c	00c8de63	bge	x17,x12,80005898	 x17:0x800002c8 x12:0x000101cb
        1625000	       161	80005880	404b8db3	sub	x27,x23,x4	 x23:0x8d1fc000  x4:0xfb4916f7 x27=0x91d6a909
        1635000	       162	80005884	01336c33	or	x24,x6,x19	  x6:0xd37b029c x19:0x00000001 x24=0xd37b029d
        1645000	       163	80005888	01b47f33	and	x30,x8,x27	  x8:0x0000054e x27:0x91d6a909 x30=0x00000108
        1655000	       164	8000588c	ec478193	addi	x3,x15,-316	 x15:0x1f6922de  x3=0x1f6921a2
        1665000	       165	80005890	32a01a17	auipc	x20,0x32a01	 x20=0xb2a0688c
        1675000	       166	80005894	c07c6313	ori	x6,x24,-1017	 x24:0xd37b029d  x6=0xfffffe9f
        1685000	       167	80005898	fc058593	addi	x11,x11,-64	 x11:0x80009f84 x11=0x80009f44
        1695000	       168	8000589c	f9656e13	ori	x28,x10,-106	 x10:0x80009fc4 x28=0xffffffd6
        1705000	       169	800058a0	018be3b3	or	x7,x23,x24	 x23:0x8d1fc000 x24:0xd37b029d  x7=0xdf7fc29d
        1715000	       170	800058a4	0115a223	sw	x17,4(x11)	 x11:0x80009f44 x17:0x800002c8 PA:0x80009f48
        1725000	       171	800058a8	0021b333	sltu	x6,x3,x2	  x3:0x1f6921a2  x2:0x09951aa3  x6=0x00000000
        1735000	       172	800058ac	41add893	srai	x17,x27,0x1a	 x27:0x91d6a909 x17=0xffffffe4
        1745000	       173	800058b0	65357e93	andi	x29,x10,1619	 x10:0x80009fc4 x29=0x00000640
        1755000	       174	800058b4	92733413	sltiu	x8,x6,-1753	  x6:0x00000000  x8=0x00000001
        1765000	       175	800058b8	41753413	sltiu	x8,x10,1047	 x10:0x80009fc4  x8=0x00000000
        1775000	       176	800058bc	ffffb497	auipc	x9,0xffffb	  x9=0x800008b8
        1785000	       177	800058c0	d1048493	addi	x9,x9,-752	  x9:0x800008b8  x9=0x800005c8
        1795000	       178	800058c4	3e148493	addi	x9,x9,993	  x9:0x800005c8  x9=0x800009a9
        1805000	       179	800058c8	008446b3	xor	x13,x8,x8	  x8:0x00000000  x8:0x00000000 x13=0x00000000
        1815000	       180	800058cc	c20488e7	jalr	x17,x9,-992	  x9:0x800009a9 x17=0x800058cc
        1825000	       181	00000000	00000013	addi	x0,x0,0	  x0:0x00000000
        1835000	       182	800005c8	00000013	addi	x0,x0,0	  x0:0x00000000
        1845000	       183	800005cc	01357c63	bgeu	x10,x19,800005e4	 x10:0x80009fc4 x19:0x00000001
        1855000	       184	00000000	00000013	addi	x0,x0,0	  x0:0x00000000
        1865000	       185	800005e0	00000013	addi	x0,x0,0	  x0:0x00000000
        1875000	       186	800005e4	fc858593	addi	x11,x11,-56	 x11:0x80009f44 x11=0x80009f0c
        1885000	       187	800005e8	0115a223	sw	x17,4(x11)	 x11:0x80009f0c x17:0x800058cc PA:0x80009f10
        1895000	       188	800005ec	00ce1d13	slli	x26,x28,0xc	 x28:0xffffffd6 x26=0xfffd6000
        1905000	       189	800005f0	01b6eeb3	or	x29,x13,x27	 x13:0x00000000 x27:0x91d6a909 x29=0x91d6a909
        1915000	       190	800005f4	00009a17	auipc	x20,0x9	 x20=0x800095f0
        1925000	       191	800005f8	8dca0a13	addi	x20,x20,-1828	 x20:0x800095f0 x20=0x80008ecc
        1935000	       192	800005fc	fd3a4603	lbu	x12,-45(x20)	 x20:0x80008ecc x12=0x0000003e PA:0x80008e9f
        1945000	       193	80000600	02ea1123	sh	x14,34(x20)	 x20:0x80008ecc x14:0x7a208147 PA:0x80008eee
        1955000	       194	80000604	fd4a0ea3	sb	x20,-35(x20)	 x20:0x80008ecc x20:0x80008ecc PA:0x80008ea9
        1965000	       195	80000608	94a83e13	sltiu	x28,x16,-1718	 x16:0xffffffff x28=0x00000000
        1975000	       196	8000060c	022a1103	lh	x2,34(x20)	 x20:0x80008ecc  x2=0xffff8147 PA:0x80008eee
        1985000	       197	80000610	67b5b793	sltiu	x15,x11,1659	 x11:0x80009f0c x15=0x00000000
        1995000	       198	80000614	fcea4883	lbu	x17,-50(x20)	 x20:0x80008ecc x17=0x0000006a PA:0x80008e9a
        2005000	       199	80000618	fdba4d83	lbu	x27,-37(x20)	 x20:0x80008ecc x27=0x00000030 PA:0x80008ea7
        2015000	       200	8000061c	003a4603	lbu	x12,3(x20)	 x20:0x80008ecc x12=0x000000c0 PA:0x80008ecf
        2025000	       201	80000620	03ba0003	lb	x0,59(x20)	 x20:0x80008ecc PA:0x80008f07
        2035000	       202	80000624	fc9a4483	lbu	x9,-55(x20)	 x20:0x80008ecc  x9=0x000000a5 PA:0x80008e95
        2045000	       203	80000628	0529ff93	andi	x31,x19,82	 x19:0x00000001 x31=0x00000000
        2055000	       204	8000062c	781aa093	slti	x1,x21,1921	 x21:0x00000000  x1=0x00000001
        2065000	       205	80000630	fe8a0ba3	sb	x8,-9(x20)	 x20:0x80008ecc  x8:0x00000000 PA:0x80008ec3
        2075000	       206	80000634	fe1a0803	lb	x16,-31(x20)	 x20:0x80008ecc x16=0x0000000c PA:0x80008ead
        2085000	       207	80000638	12ac2393	slti	x7,x24,298	 x24:0xd37b029d  x7=0x00000001
        2095000	       208	8000063c	5e50e613	ori	x12,x1,1509	  x1:0x00000001 x12=0x000005e5
        2105000	       209	80000640	01ba05a3	sb	x27,11(x20)	 x20:0x80008ecc x27:0x00000030 PA:0x80008ed7
        2115000	       210	80000644	fe2a08a3	sb	x2,-15(x20)	 x20:0x80008ecc  x2:0xffff8147 PA:0x80008ebd
        2125000	       211	80000648	01aa08a3	sb	x26,17(x20)	 x20:0x80008ecc x26:0xfffd6000 PA:0x80008edd
        2135000	       212	8000064c	4689fc93	andi	x25,x19,1128	 x19:0x00000001 x25=0x00000000
        2145000	       213	80000650	00000013	addi	x0,x0,0	  x0:0x00000000
        2155000	       214	80000654	028a1623	sh	x8,44(x20)	 x20:0x80008ecc  x8:0x00000000 PA:0x80008ef8
        2165000	       215	80000658	02fa0b03	lb	x22,47(x20)	 x20:0x80008ecc x22=0xffffffa1 PA:0x80008efb
        2175000	       216	8000065c	00c15f13	srli	x30,x2,0xc	  x2:0xffff8147 x30=0x000ffff8
        2185000	       217	80000660	6c751017	auipc	x0,0x6c751	
        2195000	       218	80000664	03da4d03	lbu	x26,61(x20)	 x20:0x80008ecc x26=0x00000049 PA:0x80008f09
        2205000	       219	80000668	ff9a4d83	lbu	x27,-7(x20)	 x20:0x80008ecc x27=0x000000a8 PA:0x80008ec5
        2215000	       220	8000066c	00000013	addi	x0,x0,0	  x0:0x00000000
        2225000	       221	80000670	ff4a1903	lh	x18,-12(x20)	 x20:0x80008ecc x18=0x000074ff PA:0x80008ec0
        2235000	       222	80000674	fe9a1523	sh	x9,-22(x20)	 x20:0x80008ecc  x9:0x000000a5 PA:0x80008eb6
        2245000	       223	80000678	021a4a83	lbu	x21,33(x20)	 x20:0x80008ecc x21=0x0000002a PA:0x80008eed
        2255000	       224	8000067c	7013ae13	slti	x28,x7,1793	  x7:0x00000001 x28=0x00000001
        2265000	       225	80000680	0185d833	srl	x16,x11,x24	 x11:0x80009f0c x24:0xd37b029d x16=0x00000004
        2275000	       226	80000684	fd5a0003	lb	x0,-43(x20)	 x20:0x80008ecc PA:0x80008ea1
        2285000	       227	80000688	00ea54b3	srl	x9,x20,x14	 x20:0x80008ecc x14:0x7a208147  x9=0x0100011d
        2295000	       228	8000068c	414d0eb3	sub	x29,x26,x20	 x26:0x00000049 x20:0x80008ecc x29=0x7fff717d
        2305000	       229	80000690	028a4f03	lbu	x30,40(x20)	 x20:0x80008ecc x30=0x0000004e PA:0x80008ef4
        2315000	       230	00000000	00000013	addi	x0,x0,0	  x0:0x00000000
        2325000	       231	80000694	01ea0183	lb	x3,30(x20)	 x20:0x80008ecc  x3=0xffffffd8 PA:0x80008eea
        2335000	       232	80000698	f80b6d13	ori	x26,x22,-128	 x22:0xffffffa1 x26=0xffffffa1
        2345000	       233	8000069c	7c74ab93	slti	x23,x9,1991	  x9:0x0100011d x23=0x00000000
        2355000	       234	800006a0	00fa0023	sb	x15,0(x20)	 x20:0x80008ecc x15:0x00000000 PA:0x80008ecc
        2365000	       235	800006a4	013a60b3	or	x1,x20,x19	 x20:0x80008ecc x19:0x00000001  x1=0x80008ecd
        2375000	       236	800006a8	fe1a0523	sb	x1,-22(x20)	 x20:0x80008ecc  x1:0x80008ecd PA:0x80008eb6
        2385000	       237	800006ac	00f321b3	slt	x3,x6,x15	  x6:0x00000000 x15:0x00000000  x3=0x00000000
        2395000	       238	800006b0	403cdbb3	sra	x23,x25,x3	 x25:0x00000000  x3:0x00000000 x23=0x00000000
        2405000	       239	800006b4	027a4a83	lbu	x21,39(x20)	 x20:0x80008ecc x21=0x00000037 PA:0x80008ef3
        2415000	       240	800006b8	00008117	auipc	x2,0x8	  x2=0x800086b4
        2425000	       241	800006bc	a6b10113	addi	x2,x2,-1429	  x2:0x800086b4  x2=0x8000811f
        2435000	       242	800006c0	ffb15403	lhu	x8,-5(x2)	  x2:0x8000811f  x8=0x000085a3 PA:0x8000811a
        2445000	       243	800006c4	005d5213	srli	x4,x26,0x5	 x26:0xffffffa1  x4=0x07fffffd
        2455000	       244	800006c8	9b1f8813	addi	x16,x31,-1615	 x31:0x00000000 x16=0xfffff9b1
        2465000	       245	800006cc	fe010a23	sb	x0,-12(x2)	  x2:0x8000811f  x0:0x00000000 PA:0x80008113
        2475000	       246	800006d0	ff210f83	lb	x31,-14(x2)	  x2:0x8000811f x31=0x0000000b PA:0x80008111
        2485000	       247	800006d4	40365e33	sra	x28,x12,x3	 x12:0x000005e5  x3:0x00000000 x28=0x000005e5
        2495000	       248	800006d8	ff410b03	lb	x22,-12(x2)	  x2:0x8000811f x22=0x00000000 PA:0x80008113
        2505000	       249	800006dc	00f11803	lh	x16,15(x2)	  x2:0x8000811f x16=0xffff93be PA:0x8000812e
        2515000	       250	800006e0	002e1f33	sll	x30,x28,x2	 x28:0x000005e5  x2:0x8000811f x30=0x80000000
        2525000	       251	800006e4	00cce1b3	or	x3,x25,x12	 x25:0x00000000 x12:0x000005e5  x3=0x000005e5
        2535000	       252	800006e8	1d2c8f13	addi	x30,x25,466	 x25:0x00000000 x30=0x000001d2
        2545000	       253	800006ec	00000013	addi	x0,x0,0	  x0:0x00000000
        2555000	       254	800006f0	41625693	srai	x13,x4,0x16	  x4:0x07fffffd x13=0x0000001f
        2565000	       255	800006f4	01010903	lb	x18,16(x2)	  x2:0x8000811f x18=0xffffff93 PA:0x8000812f
        2575000	       256	800006f8	00d10223	sb	x13,4(x2)	  x2:0x8000811f x13:0x0000001f PA:0x80008123
        2585000	       257	800006fc	00000013	addi	x0,x0,0	  x0:0x00000000
        2595000	       258	80000700	0100b3b3	sltu	x7,x1,x16	  x1:0x80008ecd x16:0xffff93be  x7=0x00000001
        2605000	       259	80000704	01d82633	slt	x12,x16,x29	 x16:0xffff93be x29:0x7fff717d x12=0x00000001
        2615000	       260	80000708	00114303	lbu	x6,1(x2)	  x2:0x8000811f  x6=0x000000eb PA:0x80008120
        2625000	       261	8000070c	413c0033	sub	x0,x24,x19	 x24:0xd37b029d x19:0x00000001
        2635000	       262	80000710	01310323	sb	x19,6(x2)	  x2:0x8000811f x19:0x00000001 PA:0x80008125
        2645000	       263	80000714	00000013	addi	x0,x0,0	  x0:0x00000000
        2655000	       264	80000718	ffd10803	lb	x16,-3(x2)	  x2:0x8000811f x16=0xffffffa7 PA:0x8000811c
        2665000	       265	8000071c	ff110183	lb	x3,-15(x2)	  x2:0x8000811f  x3=0x0000004a PA:0x80008110
        2675000	       266	80000720	3f4bc613	xori	x12,x23,1012	 x23:0x00000000 x12=0x000003f4
        2685000	       267	80000724	41f281b3	sub	x3,x5,x31	  x5:0x00000001 x31:0x0000000b  x3=0xfffffff6
        2695000	       268	80000728	418f5033	sra	x0,x30,x24	 x30:0x000001d2 x24:0xd37b029d
        2705000	       269	8000072c	091dfc93	andi	x25,x27,145	 x27:0x000000a8 x25=0x00000080
        2715000	       270	80000730	ff114d83	lbu	x27,-15(x2)	  x2:0x8000811f x27=0x0000004a PA:0x80008110
        2725000	       271	80000734	003e9793	slli	x15,x29,0x3	 x29:0x7fff717d x15=0xfffb8be8
        2735000	       272	80000738	9bfdc793	xori	x15,x27,-1601	 x27:0x0000004a x15=0xfffff9f5
        2745000	       273	8000073c	00814d03	lbu	x26,8(x2)	  x2:0x8000811f x26=0x000000c7 PA:0x80008127
        2755000	       274	80000740	01ffa633	slt	x12,x31,x31	 x31:0x0000000b x31:0x0000000b x12=0x00000000
        2765000	       275	80000744	00000013	addi	x0,x0,0	  x0:0x00000000
        2775000	       276	80000748	feb10fa3	sb	x11,-1(x2)	  x2:0x8000811f x11:0x80009f0c PA:0x8000811e
        2785000	       277	8000074c	d8ccc493	xori	x9,x25,-628	 x25:0x00000080  x9=0xfffffd0c
        2795000	       278	80000750	41ebde93	srai	x29,x23,0x1e	 x23:0x00000000 x29=0x00000000
        2805000	       279	80000754	feb10c23	sb	x11,-8(x2)	  x2:0x8000811f x11:0x80009f0c PA:0x80008117
        2815000	       280	80000758	40265733	sra	x14,x12,x2	 x12:0x00000000  x2:0x8000811f x14=0x00000000
        2825000	       281	8000075c	01cefcb3	and	x25,x29,x28	 x29:0x00000000 x28:0x000005e5 x25=0x00000000
        2835000	       282	80000760	00414303	lbu	x6,4(x2)	  x2:0x8000811f  x6=0x0000001f PA:0x80008123
        2845000	       283	80000764	01d5ac33	slt	x24,x11,x29	 x11:0x80009f0c x29:0x00000000 x24=0x00000001
        2855000	       284	80000768	6aca7b37	lui	x22,0x6aca7	 x22=0x6aca7000
        2865000	       285	8000076c	00610183	lb	x3,6(x2)	  x2:0x8000811f  x3=0x00000001 PA:0x80008125
        2875000	       286	80000770	ff210183	lb	x3,-14(x2)	  x2:0x8000811f  x3=0x0000000b PA:0x80008111
        2885000	       287	80000774	00008117	auipc	x2,0x8	  x2=0x80008770
        2895000	       288	80000778	62210113	addi	x2,x2,1570	  x2:0x80008770  x2=0x80008d92
        2905000	       289	8000077c	bf67cd93	xori	x27,x15,-1034	 x15:0xfffff9f5 x27=0x00000203
        2915000	       290	80000780	01099a33	sll	x20,x19,x16	 x19:0x00000001 x16:0xffffffa7 x20=0x00000080
        2925000	       291	80000784	00075033	srl	x0,x14,x0	 x14:0x00000000  x0:0x00000000
        2935000	       292	80000788	e7711623	sh	x23,-404(x2)	  x2:0x80008d92 x23:0x00000000 PA:0x80008bfe
        2945000	       293	8000078c	ff010903	lb	x18,-16(x2)	  x2:0x80008d92 x18=0x00000010 PA:0x80008d82
        2955000	       294	80000790	03014f83	lbu	x31,48(x2)	  x2:0x80008d92 x31=0x0000008e PA:0x80008dc2
        2965000	       295	00000000	00000013	addi	x0,x0,0	  x0:0x00000000
        2975000	       296	80000794	40efd8b3	sra	x17,x31,x14	 x31:0x0000008e x14:0x00000000 x17=0x0000008e
        2985000	       297	80000798	0182a433	slt	x8,x5,x24	  x5:0x00000001 x24:0x00000001  x8=0x00000000
        2995000	       298	8000079c	01314d03	lbu	x26,19(x2)	  x2:0x80008d92 x26=0x00000054 PA:0x80008da5
        3005000	       299	800007a0	b6810423	sb	x8,-1176(x2)	  x2:0x80008d92  x8:0x00000000 PA:0x800088fa
        3015000	       300	800007a4	36c6e497	auipc	x9,0x36c6e	  x9=0xb6c6e7a0
        3025000	       301	800007a8	00000013	addi	x0,x0,0	  x0:0x00000000
        3035000	       302	800007ac	1e2abd17	auipc	x26,0x1e2ab	 x26=0x9e2ab7a8
        3045000	       303	800007b0	bf146097	auipc	x1,0xbf146	  x1=0x3f1467ac
        3055000	       304	800007b4	01cd1db3	sll	x27,x26,x28	 x26:0x9e2ab7a8 x28:0x000005e5 x27=0xc556f500
        3065000	       305	800007b8	a54d6617	auipc	x12,0xa54d6	 x12=0x254d67b4
        3075000	       306	800007bc	bfbc0037	lui	x0,0xbfbc0	
        3085000	       307	800007c0	b8c10ba3	sb	x12,-1129(x2)	  x2:0x80008d92 x12:0x254d67b4 PA:0x80008929
        3095000	       308	800007c4	786228b7	lui	x17,0x78622	 x17=0x78622000
        3105000	       309	800007c8	00813233	sltu	x4,x2,x8	  x2:0x80008d92  x8:0x00000000  x4=0x00000000
        3115000	       310	800007cc	00891313	slli	x6,x18,0x8	 x18:0x00000010  x6=0x00001000
        3125000	       311	800007d0	aaa10b23	sb	x10,-1354(x2)	  x2:0x80008d92 x10:0x80009fc4 PA:0x80008848
        3135000	       312	800007d4	07944b13	xori	x22,x8,121	  x8:0x00000000 x22=0x00000079
        3145000	       313	800007d8	00000013	addi	x0,x0,0	  x0:0x00000000
        3155000	       314	800007dc	e65107a3	sb	x5,-401(x2)	  x2:0x80008d92  x5:0x00000001 PA:0x80008c01
        3165000	       315	800007e0	bb710403	lb	x8,-1097(x2)	  x2:0x80008d92  x8=0xffffffca PA:0x80008949
        3175000	       316	800007e4	ec4108a3	sb	x4,-303(x2)	  x2:0x80008d92  x4:0x00000000 PA:0x80008c63
        3185000	       317	800007e8	00008297	auipc	x5,0x8	  x5=0x800087e4
        3195000	       318	800007ec	7ea28293	addi	x5,x5,2026	  x5:0x800087e4  x5=0x80008fce
        3205000	       319	800007f0	17ddc013	xori	x0,x27,381	 x27:0xc556f500
        3215000	       320	800007f4	f5128a03	lb	x20,-175(x5)	  x5:0x80008fce x20=0x00000052 PA:0x80008f1f
        3225000	       321	800007f8	00165693	srli	x13,x12,0x1	 x12:0x254d67b4 x13=0x12a6b3da
        3235000	       322	800007fc	01180bb3	add	x23,x16,x17	 x16:0xffffffa7 x17:0x78622000 x23=0x78621fa7
        3245000	       323	80000800	d336f013	andi	x0,x13,-717	 x13:0x12a6b3da
        3255000	       324	80000804	12d42493	slti	x9,x8,301	  x8:0xffffffca  x9=0x00000001
        3265000	       325	80000808	f962cc03	lbu	x24,-106(x5)	  x5:0x80008fce x24=0x000000ee PA:0x80008f64
        3275000	       326	8000080c	f1e2d883	lhu	x17,-226(x5)	  x5:0x80008fce x17=0x00002a0d PA:0x80008eec
        3285000	       327	80000810	405c8133	sub	x2,x25,x5	 x25:0x00000000  x5:0x80008fce  x2=0x7fff7032
        3295000	       328	80000814	005d97b3	sll	x15,x27,x5	 x27:0xc556f500  x5:0x80008fce x15=0xbd400000
        3305000	       329	80000818	f6d28f03	lb	x30,-147(x5)	  x5:0x80008fce x30=0x0000005b PA:0x80008f3b
        3315000	       330	8000081c	00a2ca83	lbu	x21,10(x5)	  x5:0x80008fce x21=0x0000004c PA:0x80008fd8
        3325000	       331	80000820	01cf1e33	sll	x28,x30,x28	 x30:0x0000005b x28:0x000005e5 x28=0x00000b60
        3335000	       332	80000824	00ca1493	slli	x9,x20,0xc	 x20:0x00000052  x9=0x00052000
        3345000	       333	80000828	3e164b93	xori	x23,x12,993	 x12:0x254d67b4 x23=0x254d6455
        3355000	       334	8000082c	f942cd03	lbu	x26,-108(x5)	  x5:0x80008fce x26=0x000000c4 PA:0x80008f62
        3365000	       335	80000830	f482d803	lhu	x16,-184(x5)	  x5:0x80008fce x16=0x0000f981 PA:0x80008f16
        3375000	       336	80000834	41f5d633	sra	x12,x11,x31	 x11:0x80009f0c x31:0x0000008e x12=0xfffe0002
        3385000	       337	80000838	5bd53813	sltiu	x16,x10,1469	 x10:0x80009fc4 x16=0x00000000
        3395000	       338	8000083c	00139e33	sll	x28,x7,x1	  x7:0x00000001  x1:0x3f1467ac x28=0x00001000
        3405000	       339	80000840	019590b3	sll	x1,x11,x25	 x11:0x80009f0c x25:0x00000000  x1=0x80009f0c
        3415000	       340	80000844	cfcf2793	slti	x15,x30,-772	 x30:0x0000005b x15=0x00000000
        3425000	       341	80000848	f242d203	lhu	x4,-220(x5)	  x5:0x80008fce  x4=0x0000371e PA:0x80008ef2
        3435000	       342	00000000	00000013	addi	x0,x0,0	  x0:0x00000000
        3445000	       343	8000084c	f242c603	lbu	x12,-220(x5)	  x5:0x80008fce x12=0x0000001e PA:0x80008ef2
        3455000	       344	80000850	00bd4233	xor	x4,x26,x11	 x26:0x000000c4 x11:0x80009f0c  x4=0x80009fc8
        3465000	       345	80000854	11bcef37	lui	x30,0x11bce	 x30=0x11bce000
        3475000	       346	80000858	000bd6b3	srl	x13,x23,x0	 x23:0x254d6455  x0:0x00000000 x13=0x254d6455
        3485000	       347	8000085c	f4028ba3	sb	x0,-169(x5)	  x5:0x80008fce  x0:0x00000000 PA:0x80008f25
        3495000	       348	80000860	0030d693	srli	x13,x1,0x3	  x1:0x80009f0c x13=0x100013e1
        3505000	       349	80000864	01dce733	or	x14,x25,x29	 x25:0x00000000 x29:0x00000000 x14=0x00000000
        3515000	       350	80000868	00cf1833	sll	x16,x30,x12	 x30:0x11bce000 x12:0x0000001e x16=0x00000000
        3525000	       351	8000086c	40998433	sub	x8,x19,x9	 x19:0x00000001  x9:0x00052000  x8=0xfffae001
        3535000	       352	80000870	f3828223	sb	x24,-220(x5)	  x5:0x80008fce x24:0x000000ee PA:0x80008ef2
        3545000	       353	80000874	01d39833	sll	x16,x7,x29	  x7:0x00000001 x29:0x00000000 x16=0x00000001
        3555000	       354	80000878	f68288a3	sb	x8,-143(x5)	  x5:0x80008fce  x8:0xfffae001 PA:0x80008f3f
        3565000	       355	8000087c	ff92c883	lbu	x17,-7(x5)	  x5:0x80008fce x17=0x000000f4 PA:0x80008fc7
        3575000	       356	80000880	59b61f17	auipc	x30,0x59b61	 x30=0xd9b6187c
        3585000	       357	80000884	ffb28f83	lb	x31,-5(x5)	  x5:0x80008fce x31=0x0000004c PA:0x80008fc9
        3595000	       358	80000888	40130cb3	sub	x25,x6,x1	  x6:0x00001000  x1:0x80009f0c x25=0x7fff70f4
        3605000	       359	8000088c	fbc29f23	sh	x28,-66(x5)	  x5:0x80008fce x28:0x00001000 PA:0x80008f8c
        3615000	       360	80000890	00008d17	auipc	x26,0x8	 x26=0x8000888c
        3625000	       361	80000894	a33d0d13	addi	x26,x26,-1485	 x26:0x8000888c x26=0x800082bf
        3635000	       362	80000898	7760af13	slti	x30,x1,1910	  x1:0x80009f0c x30=0x00000001
        3645000	       363	8000089c	e5fe2893	slti	x17,x28,-417	 x28:0x00001000 x17=0x00000000
        3655000	       364	800008a0	00000013	addi	x0,x0,0	  x0:0x00000000
        3665000	       365	800008a4	11dd2283	lw	x5,285(x26)	 x26:0x800082bf  x5=0xbe75c8ab PA:0x800083dc
        3675000	       366	800008a8	556d20a3	sw	x22,1345(x26)	 x26:0x800082bf x22:0x00000079 PA:0x80008800
        3685000	       367	800008ac	de8d4303	lbu	x6,-536(x26)	 x26:0x800082bf  x6=0x0000008e PA:0x800080a7
        3695000	       368	800008b0	40215f33	sra	x30,x2,x2	  x2:0x7fff7032  x2:0x7fff7032 x30=0x00001fff
        3705000	       369	800008b4	fd3d0723	sb	x19,-50(x26)	 x26:0x800082bf x19:0x00000001 PA:0x8000828d
        3715000	       370	800008b8	086d1ea3	sh	x6,157(x26)	 x26:0x800082bf  x6:0x0000008e PA:0x8000835c
        3725000	       371	800008bc	3ecd4603	lbu	x12,1004(x26)	 x26:0x800082bf x12=0x00000076 PA:0x800086ab
        3735000	       372	800008c0	402c57b3	sra	x15,x24,x2	 x24:0x000000ee  x2:0x7fff7032 x15=0x00000000
        3745000	       373	800008c4	f2dd2e03	lw	x28,-211(x26)	 x26:0x800082bf x28=0xc780173c PA:0x800081ec
        3755000	       374	800008c8	efabb213	sltiu	x4,x23,-262	 x23:0x254d6455  x4=0x00000001
        3765000	       375	800008cc	0b8d4a03	lbu	x20,184(x26)	 x26:0x800082bf x20=0x000000dd PA:0x80008377
        3775000	       376	800008d0	dd3d0a23	sb	x19,-556(x26)	 x26:0x800082bf x19:0x00000001 PA:0x80008093
        3785000	       377	800008d4	00f982b3	add	x5,x19,x15	 x19:0x00000001 x15:0x00000000  x5=0x00000001
        3795000	       378	800008d8	01a61c13	slli	x24,x12,0x1a	 x12:0x00000076 x24=0xd8000000
        3805000	       379	800008dc	412e8fb3	sub	x31,x29,x18	 x29:0x00000000 x18:0x00000010 x31=0xfffffff0
        3815000	       380	800008e0	9d907393	andi	x7,x0,-1575	  x0:0x00000000  x7=0x00000000
        3825000	       381	800008e4	00fa3e33	sltu	x28,x20,x15	 x20:0x000000dd x15:0x00000000 x28=0x00000000
        3835000	       382	800008e8	0c444d93	xori	x27,x8,196	  x8:0xfffae001 x27=0xfffae0c5
        3845000	       383	800008ec	1b6d4283	lbu	x5,438(x26)	 x26:0x800082bf  x5=0x000000cc PA:0x80008475
        3855000	       384	800008f0	d0aebe13	sltiu	x28,x29,-758	 x29:0x00000000 x28=0x00000001
        3865000	       385	800008f4	2bcd7f93	andi	x31,x26,700	 x26:0x800082bf x31=0x000002bc
        3875000	       386	800008f8	01c63a33	sltu	x20,x12,x28	 x12:0x00000076 x28:0x00000001 x20=0x00000000
        3885000	       387	800008fc	136d0323	sb	x22,294(x26)	 x26:0x800082bf x22:0x00000079 PA:0x800083e5
        3895000	       388	80000900	0f340c63	beq	x8,x19,800009f8	  x8:0xfffae001 x19:0x00000001
        3905000	       389	80000904	4050da13	srai	x20,x1,0x5	  x1:0x80009f0c x20=0xfc0004f8
        3915000	       390	80000908	800bdc17	auipc	x24,0x800bd	 x24=0x000bd904
        3925000	       391	8000090c	0dcecc63	blt	x29,x28,800009e4	 x29:0x00000000 x28:0x00000001
        3935000	       392	00000000	00000013	addi	x0,x0,0	  x0:0x00000000
        3945000	       393	800009e0	00000013	addi	x0,x0,0	  x0:0x00000000
        3955000	       394	800009e4	00000013	addi	x0,x0,0	  x0:0x00000000
        3965000	       395	800009e8	413506b3	sub	x13,x10,x19	 x10:0x80009fc4 x19:0x00000001 x13=0x80009fc3
        3975000	       396	800009ec	02486663	bltu	x16,x4,80000a18	 x16:0x00000001  x4:0x00000001
        3985000	       397	800009f0	41d2d2b3	sra	x5,x5,x29	  x5:0x000000cc x29:0x00000000  x5=0x000000cc
        3995000	       398	800009f4	03ae1663	bne	x28,x26,80000a20	 x28:0x00000001 x26:0x800082bf
        4005000	       399	00000000	00000013	addi	x0,x0,0	  x0:0x00000000
        4015000	       400	80000a1c	00000013	addi	x0,x0,0	  x0:0x00000000
        4025000	       401	80000a20	4675cc93	xori	x25,x11,1127	 x11:0x80009f0c x25=0x80009b6b
        4035000	       402	80000a24	fd00a037	lui	x0,0xfd00a	
        4045000	       403	80000a28	1526d317	auipc	x6,0x1526d	  x6=0x9526da24
        4055000	       404	80000a2c	74994a93	xori	x21,x18,1865	 x18:0x00000010 x21=0x00000759
        4065000	       405	80000a30	03045e63	bge	x8,x16,80000a6c	  x8:0xfffae001 x16:0x00000001
        4075000	       406	80000a34	02039063	bne	x7,x0,80000a54	  x7:0x00000000  x0:0x00000000
        4085000	       407	80000a38	417cdd93	srai	x27,x25,0x17	 x25:0x80009b6b x27=0xffffff00
        4095000	       408	80000a3c	41e78d33	sub	x26,x15,x30	 x15:0x00000000 x30:0x00001fff x26=0xffffe001
        4105000	       409	80000a40	41905213	srai	x4,x0,0x19	  x0:0x00000000  x4=0x00000000
        4115000	       410	80000a44	00ac7f33	and	x30,x24,x10	 x24:0x000bd904 x10:0x80009fc4 x30=0x00009904
        4125000	       411	80000a48	01d41fb3	sll	x31,x8,x29	  x8:0xfffae001 x29:0x00000000 x31=0xfffae001
        4135000	       412	80000a4c	01001733	sll	x14,x0,x16	  x0:0x00000000 x16:0x00000001 x14=0x00000000
        4145000	       413	80000a50	014b7933	and	x18,x22,x20	 x22:0x00000079 x20:0xfc0004f8 x18=0x00000078
        4155000	       414	80000a54	7fa6b617	auipc	x12,0x7fa6b	 x12=0xffa6ba50
        4165000	       415	80000a58	007a2933	slt	x18,x20,x7	 x20:0xfc0004f8  x7:0x00000000 x18=0x00000001
        4175000	       416	80000a5c	a6a54297	auipc	x5,0xa6a54	  x5=0x26a54a58
        4185000	       417	80000a60	00000013	addi	x0,x0,0	  x0:0x00000000
        4195000	       418	80000a64	04057463	bgeu	x10,x0,80000aac	 x10:0x80009fc4  x0:0x00000000
        4205000	       419	00000000	00000013	addi	x0,x0,0	  x0:0x00000000
        4215000	       420	80000aa8	00000013	addi	x0,x0,0	  x0:0x00000000
        4225000	       421	80000aac	018f36b3	sltu	x13,x30,x24	 x30:0x00009904 x24:0x000bd904 x13=0x00000001
        4235000	       422	80000ab0	01ce0233	add	x4,x28,x28	 x28:0x00000001 x28:0x00000001  x4=0x00000002
        4245000	       423	80000ab4	4ab18093	addi	x1,x3,1195	  x3:0x0000000b  x1=0x000004b6
        4255000	       424	80000ab8	29b8ea13	ori	x20,x17,667	 x17:0x00000000 x20=0x0000029b
        4265000	       425	80000abc	01eb7c63	bgeu	x22,x30,80000ad4	 x22:0x00000079 x30:0x00009904
        4275000	       426	80000ac0	00000013	addi	x0,x0,0	  x0:0x00000000
        4285000	       427	80000ac4	5c9fcb13	xori	x22,x31,1481	 x31:0xfffae001 x22=0xfffae5c8
        4295000	       428	80000ac8	0047b833	sltu	x16,x15,x4	 x15:0x00000000  x4:0x00000002 x16=0x00000001
        4305000	       429	80000acc	0c577793	andi	x15,x14,197	 x14:0x00000000 x15=0x00000000
        4315000	       430	80000ad0	e7b40a13	addi	x20,x8,-389	  x8:0xfffae001 x20=0xfffade7c
        4325000	       431	80000ad4	00000013	addi	x0,x0,0	  x0:0x00000000
        4335000	       432	80000ad8	40e2b013	sltiu	x0,x5,1038	  x5:0x26a54a58
        4345000	       433	80000adc	03b00893	addi	x17,x0,59	  x0:0x00000000 x17=0x0000003b
        4355000	       434	80000ae0	01cf6a63	bltu	x30,x28,80000af4	 x30:0x00009904 x28:0x00000001
        4365000	       435	80000ae4	00565a33	srl	x20,x12,x5	 x12:0xffa6ba50  x5:0x26a54a58 x20=0x000000ff
        4375000	       436	80000ae8	411dd1b3	sra	x3,x27,x17	 x27:0xffffff00 x17:0x0000003b  x3=0xffffffff
        4385000	       437	80000aec	00503cb3	sltu	x25,x0,x5	  x0:0x00000000  x5:0x26a54a58 x25=0x00000001
        4395000	       438	80000af0	40ae0b33	sub	x22,x28,x10	 x28:0x00000001 x10:0x80009fc4 x22=0x7fff603d
        4405000	       439	80000af4	008c5433	srl	x8,x24,x8	 x24:0x000bd904  x8:0xfffae001  x8=0x0005ec82
        4415000	       440	80000af8	011b92b3	sll	x5,x23,x17	 x23:0x254d6455 x17:0x0000003b  x5=0xa8000000
        4425000	       441	80000afc	0959c913	xori	x18,x19,149	 x19:0x00000001 x18=0x00000094
        4435000	       442	80000b00	04c99663	bne	x19,x12,80000b4c	 x19:0x00000001 x12:0xffa6ba50
        4445000	       443	00000000	00000013	addi	x0,x0,0	  x0:0x00000000
        4455000	       444	80000b48	00000013	addi	x0,x0,0	  x0:0x00000000
        4465000	       445	80000b4c	8cde9d17	auipc	x26,0x8cde9	 x26=0x0cde9b48
        4475000	       446	80000b50	dc4d93b7	lui	x7,0xdc4d9	  x7=0xdc4d9000
        4485000	       447	80000b54	410e83b3	sub	x7,x29,x16	 x29:0x00000000 x16:0x00000001  x7=0xffffffff
        4495000	       448	80000b58	a65fae13	slti	x28,x31,-1435	 x31:0xfffae001 x28=0x00000001
        4505000	       449	80000b5c	9936e893	ori	x17,x13,-1645	 x13:0x00000001 x17=0xfffff993
        4515000	       450	80000b60	01fc52b3	srl	x5,x24,x31	 x24:0x000bd904 x31:0xfffae001  x5=0x0005ec82
        4525000	       451	80000b64	38e82193	slti	x3,x16,910	 x16:0x00000001  x3=0x00000001
        4535000	       452	80000b68	03f97c63	bgeu	x18,x31,80000ba0	 x18:0x00000094 x31:0xfffae001
        4545000	       453	80000b6c	00e6dc63	bge	x13,x14,80000b84	 x13:0x00000001 x14:0x00000000
        4555000	       454	00000000	00000013	addi	x0,x0,0	  x0:0x00000000
        4565000	       455	80000b80	00000013	addi	x0,x0,0	  x0:0x00000000
        4575000	       456	80000b84	035ee663	bltu	x29,x21,80000bb0	 x29:0x00000000 x21:0x00000759
        4585000	       457	00000000	00000013	addi	x0,x0,0	  x0:0x00000000
        4595000	       458	80000bac	00000013	addi	x0,x0,0	  x0:0x00000000
        4605000	       459	80000bb0	01e17633	and	x12,x2,x30	  x2:0x7fff7032 x30:0x00009904 x12=0x00001000
        4615000	       460	80000bb4	2487c893	xori	x17,x15,584	 x15:0x00000000 x17=0x00000248
        4625000	       461	80000bb8	beee8893	addi	x17,x29,-1042	 x29:0x00000000 x17=0xfffffbee
        4635000	       462	80000bbc	014d9b93	slli	x23,x27,0x14	 x27:0xffffff00 x23=0xf0000000
        4645000	       463	80000bc0	000e1493	slli	x9,x28,0x0	 x28:0x00000001  x9=0x00000001
        4655000	       464	80000bc4	01541f93	slli	x31,x8,0x15	  x8:0x0005ec82 x31=0x90400000
        4665000	       465	80000bc8	03507663	bgeu	x0,x21,80000bf4	  x0:0x00000000 x21:0x00000759
        4675000	       466	80000bcc	dc56fc97	auipc	x25,0xdc56f	 x25=0x5c56fbc8
        4685000	       467	80000bd0	001aa1b3	slt	x3,x21,x1	 x21:0x00000759  x1:0x000004b6  x3=0x00000000
        4695000	       468	80000bd4	0014af33	slt	x30,x9,x1	  x9:0x00000001  x1:0x000004b6 x30=0x00000001
        4705000	       469	80000bd8	032eda63	bge	x29,x18,80000c0c	 x29:0x00000000 x18:0x00000094
        4715000	       470	80000bdc	0218fa63	bgeu	x17,x1,80000c10	 x17:0xfffffbee  x1:0x000004b6
        4725000	       471	00000000	00000013	addi	x0,x0,0	  x0:0x00000000
        4735000	       472	80000c0c	00000013	addi	x0,x0,0	  x0:0x00000000
        4745000	       473	80000c10	00430cb3	add	x25,x6,x4	  x6:0x9526da24  x4:0x00000002 x25=0x9526da26
        4755000	       474	80000c14	0183d0b3	srl	x1,x7,x24	  x7:0xffffffff x24:0x000bd904  x1=0x0fffffff
        4765000	       475	80000c18	012f7ab3	and	x21,x30,x18	 x30:0x00000001 x18:0x00000094 x21=0x00000000
        4775000	       476	80000c1c	0822da17	auipc	x20,0x822d	 x20=0x8822dc18
        4785000	       477	80000c20	e3b8cb13	xori	x22,x17,-453	 x17:0xfffffbee x22=0x000005d5
        4795000	       478	80000c24	0069c663	blt	x19,x6,80000c30	 x19:0x00000001  x6:0x9526da24
        4805000	       479	80000c28	01dcdc93	srli	x25,x25,0x1d	 x25:0x9526da26 x25=0x00000004
        4815000	       480	80000c2c	4b0e7493	andi	x9,x28,1200	 x28:0x00000001  x9=0x00000000
        4825000	       481	80000c30	e0936017	auipc	x0,0xe0936	
        4835000	       482	80000c34	00436f33	or	x30,x6,x4	  x6:0x9526da24  x4:0x00000002 x30=0x9526da26
        4845000	       483	80000c38	038f5663	bge	x30,x24,80000c64	 x30:0x9526da26 x24:0x000bd904
        4855000	       484	80000c3c	00920b33	add	x22,x4,x9	  x4:0x00000002  x9:0x00000000 x22=0x00000002
        4865000	       485	80000c40	41bd5833	sra	x16,x26,x27	 x26:0x0cde9b48 x27:0xffffff00 x16=0x0cde9b48
        4875000	       486	80000c44	017bd433	srl	x8,x23,x23	 x23:0xf0000000 x23:0xf0000000  x8=0xf0000000
        4885000	       487	80000c48	018081b3	add	x3,x1,x24	  x1:0x0fffffff x24:0x000bd904  x3=0x100bd903
        4895000	       488	80000c4c	0200d663	bge	x1,x0,80000c78	  x1:0x0fffffff  x0:0x00000000
        4905000	       489	00000000	00000013	addi	x0,x0,0	  x0:0x00000000
        4915000	       490	80000c74	00000013	addi	x0,x0,0	  x0:0x00000000
        4925000	       491	80000c78	40035333	sra	x6,x6,x0	  x6:0x9526da24  x0:0x00000000  x6=0x9526da24
        4935000	       492	80000c7c	00e56e33	or	x28,x10,x14	 x10:0x80009fc4 x14:0x00000000 x28=0x80009fc4
        4945000	       493	80000c80	c2afe713	ori	x14,x31,-982	 x31:0x90400000 x14=0xfffffc2a
        4955000	       494	80000c84	4f3b4413	xori	x8,x22,1267	 x22:0x00000002  x8=0x000004f1
        4965000	       495	80000c88	fe04c713	xori	x14,x9,-32	  x9:0x00000000 x14=0xffffffe0
        4975000	       496	80000c8c	00000013	addi	x0,x0,0	  x0:0x00000000
        4985000	       497	80000c90	01a6a733	slt	x14,x13,x26	 x13:0x00000001 x26:0x0cde9b48 x14=0x00000001
        4995000	       498	80000c94	008e2233	slt	x4,x28,x8	 x28:0x80009fc4  x8:0x000004f1  x4=0x00000001
        5005000	       499	80000c98	002b60b3	or	x1,x22,x2	 x22:0x00000002  x2:0x7fff7032  x1=0x7fff7032
        5015000	       500	80000c9c	01283fb3	sltu	x31,x16,x18	 x16:0x0cde9b48 x18:0x00000094 x31=0x00000000
        5025000	       501	80000ca0	016841b3	xor	x3,x16,x22	 x16:0x0cde9b48 x22:0x00000002  x3=0x0cde9b4a
        5035000	       502	80000ca4	01671633	sll	x12,x14,x22	 x14:0x00000001 x22:0x00000002 x12=0x00000004
        5045000	       503	80000ca8	04ec9663	bne	x25,x14,80000cf4	 x25:0x00000004 x14:0x00000001
        5055000	       504	00000000	00000013	addi	x0,x0,0	  x0:0x00000000
        5065000	       505	80000cf0	00000013	addi	x0,x0,0	  x0:0x00000000
        5075000	       506	80000cf4	00f15d33	srl	x26,x2,x15	  x2:0x7fff7032 x15:0x00000000 x26=0x7fff7032
        5085000	       507	80000cf8	00138463	beq	x7,x1,80000d00	  x7:0xffffffff  x1:0x7fff7032
        5095000	       508	80000cfc	013d82b3	add	x5,x27,x19	 x27:0xffffff00 x19:0x00000001  x5=0xffffff01
        5105000	       509	80000d00	015ddd33	srl	x26,x27,x21	 x27:0xffffff00 x21:0x00000000 x26=0xffffff00
        5115000	       510	80000d04	cca69117	auipc	x2,0xcca69	  x2=0x4ca69d00
        5125000	       511	80000d08	001d9913	slli	x18,x27,0x1	 x27:0xffffff00 x18=0xfffffe00
        5135000	       512	80000d0c	022d9c63	bne	x27,x2,80000d44	 x27:0xffffff00  x2:0x4ca69d00
        5145000	       513	00000000	00000013	addi	x0,x0,0	  x0:0x00000000
        5155000	       514	80000d40	00000013	addi	x0,x0,0	  x0:0x00000000
        5165000	       515	80000d44	03237c63	bgeu	x6,x18,80000d7c	  x6:0x9526da24 x18:0xfffffe00
        5175000	       516	80000d48	01e4eab3	or	x21,x9,x30	  x9:0x00000000 x30:0x9526da26 x21=0x9526da26
        5185000	       517	80000d4c	80888a93	addi	x21,x17,-2040	 x17:0xfffffbee x21=0xfffff3f6
        5195000	       518	80000d50	62e28097	auipc	x1,0x62e28	  x1=0xe2e28d4c
        5205000	       519	80000d54	00291f13	slli	x30,x18,0x2	 x18:0xfffffe00 x30=0xfffff800
        5215000	       520	80000d58	0048fdb3	and	x27,x17,x4	 x17:0xfffffbee  x4:0x00000001 x27=0x00000000
        5225000	       521	80000d5c	008b87b3	add	x15,x23,x8	 x23:0xf0000000  x8:0x000004f1 x15=0xf00004f1
        5235000	       522	80000d60	49273713	sltiu	x14,x14,1170	 x14:0x00000001 x14=0x00000001
        5245000	       523	80000d64	413b8fb3	sub	x31,x23,x19	 x23:0xf0000000 x19:0x00000001 x31=0xefffffff
        5255000	       524	80000d68	8cee4d13	xori	x26,x28,-1842	 x28:0x80009fc4 x26=0x7fff670a
        5265000	       525	80000d6c	df130a93	addi	x21,x6,-527	  x6:0x9526da24 x21=0x9526d815
        5275000	       526	80000d70	01e3ac33	slt	x24,x7,x30	  x7:0xffffffff x30:0xfffff800 x24=0x00000000
        5285000	       527	80000d74	01bc5a93	srli	x21,x24,0x1b	 x24:0x00000000 x21=0x00000000
        5295000	       528	80000d78	ee67c293	xori	x5,x15,-282	 x15:0xf00004f1  x5=0x0ffffa17
        5305000	       529	80000d7c	a7073c93	sltiu	x25,x14,-1424	 x14:0x00000001 x25=0x00000001
        5315000	       530	80000d80	00000013	addi	x0,x0,0	  x0:0x00000000
        5325000	       531	80000d84	c0fb7eb7	lui	x29,0xc0fb7	 x29=0xc0fb7000
        5335000	       532	80000d88	005dd093	srli	x1,x27,0x5	 x27:0x00000000  x1=0x00000000
        5345000	       533	80000d8c	639f7813	andi	x16,x30,1593	 x30:0xfffff800 x16=0x00000000
        5355000	       534	80000d90	0028f3b3	and	x7,x17,x2	 x17:0xfffffbee  x2:0x4ca69d00  x7=0x4ca69900
        5365000	       535	80000d94	00178b33	add	x22,x15,x1	 x15:0xf00004f1  x1:0x00000000 x22=0xf00004f1
        5375000	       536	80000d98	01e15b93	srli	x23,x2,0x1e	  x2:0x4ca69d00 x23=0x00000001
        5385000	       537	80000d9c	00000013	addi	x0,x0,0	  x0:0x00000000
        5395000	       538	80000da0	02b87063	bgeu	x16,x11,80000dc0	 x16:0x00000000 x11:0x80009f0c
        5405000	       539	80000da4	01524633	xor	x12,x4,x21	  x4:0x00000001 x21:0x00000000 x12=0x00000001
        5415000	       540	80000da8	5ea7e093	ori	x1,x15,1514	 x15:0xf00004f1  x1=0xf00005fb
        5425000	       541	80000dac	0aa4e463	bltu	x9,x10,80000e54	  x9:0x00000000 x10:0x80009fc4
        5435000	       542	00000000	00000013	addi	x0,x0,0	  x0:0x00000000
        5445000	       543	80000e50	00000013	addi	x0,x0,0	  x0:0x00000000
        5455000	       544	80000e54	0c6b7e63	bgeu	x22,x6,80000f30	 x22:0xf00004f1  x6:0x9526da24
        5465000	       545	00000000	00000013	addi	x0,x0,0	  x0:0x00000000
        5475000	       546	80000f2c	00000013	addi	x0,x0,0	  x0:0x00000000
        5485000	       547	80000f30	3302af13	slti	x30,x5,816	  x5:0x0ffffa17 x30=0x00000000
        5495000	       548	80000f34	41a5dc33	sra	x24,x11,x26	 x11:0x80009f0c x26:0x7fff670a x24=0xffe00027
        5505000	       549	80000f38	04f55463	bge	x10,x15,80000f80	 x10:0x80009fc4 x15:0xf00004f1
        5515000	       550	80000f3c	00b026b3	slt	x13,x0,x11	  x0:0x00000000 x11:0x80009f0c x13=0x00000000
        5525000	       551	80000f40	00e99633	sll	x12,x19,x14	 x19:0x00000001 x14:0x00000001 x12=0x00000002
        5535000	       552	80000f44	000564b3	or	x9,x10,x0	 x10:0x80009fc4  x0:0x00000000  x9=0x80009fc4
        5545000	       553	80000f48	01eb0233	add	x4,x22,x30	 x22:0xf00004f1 x30:0x00000000  x4=0xf00004f1
        5555000	       554	80000f4c	02710863	beq	x2,x7,80000f7c	  x2:0x4ca69d00  x7:0x4ca69900
        5565000	       555	80000f50	bece0a93	addi	x21,x28,-1044	 x28:0x80009fc4 x21=0x80009bb0
        5575000	       556	80000f54	00915713	srli	x14,x2,0x9	  x2:0x4ca69d00 x14=0x0026534e
        5585000	       557	80000f58	01660663	beq	x12,x22,80000f64	 x12:0x00000002 x22:0xf00004f1
        5595000	       558	80000f5c	01b362b3	or	x5,x6,x27	  x6:0x9526da24 x27:0x00000000  x5=0x9526da24
        5605000	       559	80000f60	00be82b3	add	x5,x29,x11	 x29:0xc0fb7000 x11:0x80009f0c  x5=0x40fc0f0c
        5615000	       560	80000f64	003b1e33	sll	x28,x22,x3	 x22:0xf00004f1  x3:0x0cde9b4a x28=0x0013c400
        5625000	       561	80000f68	0198e4b3	or	x9,x17,x25	 x17:0xfffffbee x25:0x00000001  x9=0xfffffbef
        5635000	       562	80000f6c	012f1833	sll	x16,x30,x18	 x30:0x00000000 x18:0xfffffe00 x16=0x00000000
        5645000	       563	80000f70	01845133	srl	x2,x8,x24	  x8:0x000004f1 x24:0xffe00027  x2=0x00000009
        5655000	       564	80000f74	81777217	auipc	x4,0x81777	  x4=0x01777f70
        5665000	       565	80000f78	00b78133	add	x2,x15,x11	 x15:0xf00004f1 x11:0x80009f0c  x2=0x7000a3fd
        5675000	       566	80000f7c	00eac3b3	xor	x7,x21,x14	 x21:0x80009bb0 x14:0x0026534e  x7=0x8026c8fe
        5685000	       567	80000f80	abde4113	xori	x2,x28,-1347	 x28:0x0013c400  x2=0xffec3ebd
        5695000	       568	80000f84	04f06863	bltu	x0,x15,80000fd4	  x0:0x00000000 x15:0xf00004f1
        5705000	       569	00000000	00000013	addi	x0,x0,0	  x0:0x00000000
        5715000	       570	80000fd0	00000013	addi	x0,x0,0	  x0:0x00000000
        5725000	       571	80000fd4	00105c93	srli	x25,x0,0x1	  x0:0x00000000 x25=0x00000000
        5735000	       572	80000fd8	01875ab3	srl	x21,x14,x24	 x14:0x0026534e x24:0xffe00027 x21=0x00004ca6
        5745000	       573	80000fdc	01a72f33	slt	x30,x14,x26	 x14:0x0026534e x26:0x7fff670a x30=0x00000001
        5755000	       574	80000fe0	e109aa17	auipc	x20,0xe109a	 x20=0x6109afdc
        5765000	       575	80000fe4	d82c8913	addi	x18,x25,-638	 x25:0x00000000 x18=0xfffffd82
        5775000	       576	80000fe8	03a0e663	bltu	x1,x26,80001014	  x1:0xf00005fb x26:0x7fff670a
        5785000	       577	80000fec	007e5633	srl	x12,x28,x7	 x28:0x0013c400  x7:0x8026c8fe x12=0x00000000
        5795000	       578	80000ff0	414700b3	sub	x1,x14,x20	 x14:0x0026534e x20:0x6109afdc  x1=0x9f1ca372
        5805000	       579	80000ff4	00f90d33	add	x26,x18,x15	 x18:0xfffffd82 x15:0xf00004f1 x26=0xf0000273
        5815000	       580	80000ff8	011bea33	or	x20,x23,x17	 x23:0x00000001 x17:0xfffffbee x20=0xfffffbef
        5825000	       581	80000ffc	94720313	addi	x6,x4,-1721	  x4:0x01777f70  x6=0x017778b7
        5835000	       582	80001000	0186e463	bltu	x13,x24,80001008	 x13:0x00000000 x24:0xffe00027
        5845000	       583	00000000	00000013	addi	x0,x0,0	  x0:0x00000000
        5855000	       584	80001004	00000013	addi	x0,x0,0	  x0:0x00000000
        5865000	       585	80001008	002eefb3	or	x31,x29,x2	 x29:0xc0fb7000  x2:0xffec3ebd x31=0xffff7ebd
        5875000	       586	8000100c	00000013	addi	x0,x0,0	  x0:0x00000000
        5885000	       587	80001010	0023d213	srli	x4,x7,0x2	  x7:0x8026c8fe  x4=0x2009b23f
        5895000	       588	80001014	00d99cb3	sll	x25,x19,x13	 x19:0x00000001 x13:0x00000000 x25=0x00000001
        5905000	       589	80001018	a9204a13	xori	x20,x0,-1390	  x0:0x00000000 x20=0xfffffa92
        5915000	       590	8000101c	02b64663	blt	x12,x11,80001048	 x12:0x00000000 x11:0x80009f0c
        5925000	       591	80001020	0007cd33	xor	x26,x15,x0	 x15:0xf00004f1  x0:0x00000000 x26=0xf00004f1
        5935000	       592	80001024	eeec3013	sltiu	x0,x24,-274	 x24:0xffe00027
        5945000	       593	80001028	008e0fb3	add	x31,x28,x8	 x28:0x0013c400  x8:0x000004f1 x31=0x0013c8f1
        5955000	       594	8000102c	03c6fc63	bgeu	x13,x28,80001064	 x13:0x00000000 x28:0x0013c400
        5965000	       595	80001030	00e51e33	sll	x28,x10,x14	 x10:0x80009fc4 x14:0x0026534e x28=0x27f10000
        5975000	       596	80001034	01bb6a63	bltu	x22,x27,80001048	 x22:0xf00004f1 x27:0x00000000
        5985000	       597	80001038	03c6ce63	blt	x13,x28,80001074	 x13:0x00000000 x28:0x27f10000
        5995000	       598	00000000	00000013	addi	x0,x0,0	  x0:0x00000000
        6005000	       599	80001070	00000013	addi	x0,x0,0	  x0:0x00000000
        6015000	       600	80001074	4187dab3	sra	x21,x15,x24	 x15:0xf00004f1 x24:0xffe00027 x21=0xffe00009
        6025000	       601	80001078	01661b33	sll	x22,x12,x22	 x12:0x00000000 x22:0xf00004f1 x22=0x00000000
        6035000	       602	8000107c	017a9e93	slli	x29,x21,0x17	 x21:0xffe00009 x29=0x04800000
        6045000	       603	80001080	03bef863	bgeu	x29,x27,800010b0	 x29:0x04800000 x27:0x00000000
        6055000	       604	00000000	00000013	addi	x0,x0,0	  x0:0x00000000
        6065000	       605	800010ac	00000013	addi	x0,x0,0	  x0:0x00000000
        6075000	       606	800010b0	01415833	srl	x16,x2,x20	  x2:0xffec3ebd x20:0xfffffa92 x16=0x00003ffb
        6085000	       607	800010b4	41f98b33	sub	x22,x19,x31	 x19:0x00000001 x31:0x0013c8f1 x22=0xffec3710
        6095000	       608	800010b8	002f0663	beq	x30,x2,800010c4	 x30:0x00000001  x2:0xffec3ebd
        6105000	       609	800010bc	bb634d13	xori	x26,x6,-1098	  x6:0x017778b7 x26=0xfe888301
        6115000	       610	800010c0	87cde693	ori	x13,x27,-1924	 x27:0x00000000 x13=0xfffff87c
        6125000	       611	800010c4	e4aa4a93	xori	x21,x20,-438	 x20:0xfffffa92 x21=0x000004d8
        6135000	       612	800010c8	04aae063	bltu	x21,x10,80001108	 x21:0x000004d8 x10:0x80009fc4
        6145000	       613	00000000	00000013	addi	x0,x0,0	  x0:0x00000000
        6155000	       614	80001104	00000013	addi	x0,x0,0	  x0:0x00000000
        6165000	       615	80001108	417c5b13	srai	x22,x24,0x17	 x24:0xffe00027 x22=0xffffffff
        6175000	       616	8000110c	01ff9833	sll	x16,x31,x31	 x31:0x0013c8f1 x31:0x0013c8f1 x16=0x91e20000
        6185000	       617	80001110	01f20e33	add	x28,x4,x31	  x4:0x2009b23f x31:0x0013c8f1 x28=0x201d7b30
        6195000	       618	80001114	4067d013	srai	x0,x15,0x6	 x15:0xf00004f1
        6205000	       619	80001118	406cda93	srai	x21,x25,0x6	 x25:0x00000001 x21=0x00000000
        6215000	       620	8000111c	4563ad17	auipc	x26,0x4563a	 x26=0xc563b118
        6225000	       621	80001120	6d1c7c13	andi	x24,x24,1745	 x24:0xffe00027 x24=0x00000001
        6235000	       622	80001124	013bd663	bge	x23,x19,80001130	 x23:0x00000001 x19:0x00000001
        6245000	       623	00000000	00000013	addi	x0,x0,0	  x0:0x00000000
        6255000	       624	8000112c	00000013	addi	x0,x0,0	  x0:0x00000000
        6265000	       625	80001130	01a0b2b3	sltu	x5,x1,x26	  x1:0x9f1ca372 x26:0xc563b118  x5=0x00000001
        6275000	       626	80001134	53c8b393	sltiu	x7,x17,1340	 x17:0xfffffbee  x7=0x00000000
        6285000	       627	80001138	40225bb3	sra	x23,x4,x2	  x4:0x2009b23f  x2:0xffec3ebd x23=0x00000001
        6295000	       628	8000113c	04c47663	bgeu	x8,x12,80001188	  x8:0x000004f1 x12:0x00000000
        6305000	       629	00000000	00000013	addi	x0,x0,0	  x0:0x00000000
        6315000	       630	80001184	00000013	addi	x0,x0,0	  x0:0x00000000
        6325000	       631	80001188	00969bb3	sll	x23,x13,x9	 x13:0xfffff87c  x9:0xfffffbef x23=0xfc3e0000
        6335000	       632	8000118c	04304863	blt	x0,x3,800011dc	  x0:0x00000000  x3:0x0cde9b4a
        6345000	       633	00000000	00000013	addi	x0,x0,0	  x0:0x00000000
        6355000	       634	800011d8	00000013	addi	x0,x0,0	  x0:0x00000000
        6365000	       635	800011dc	01036c63	bltu	x6,x16,800011f4	  x6:0x017778b7 x16:0x91e20000
        6375000	       636	00000000	00000013	addi	x0,x0,0	  x0:0x00000000
        6385000	       637	800011f0	00000013	addi	x0,x0,0	  x0:0x00000000
        6395000	       638	800011f4	0151dd33	srl	x26,x3,x21	  x3:0x0cde9b4a x21:0x00000000 x26=0x0cde9b4a
        6405000	       639	800011f8	f9e1a037	lui	x0,0xf9e1a	
        6415000	       640	800011fc	419adc33	sra	x24,x21,x25	 x21:0x00000000 x25:0x00000001 x24=0x00000000
        6425000	       641	80001200	01e20633	add	x12,x4,x30	  x4:0x2009b23f x30:0x00000001 x12=0x2009b240
        6435000	       642	80001204	02638263	beq	x7,x6,80001228	  x7:0x00000000  x6:0x017778b7
        6445000	       643	80001208	3e5bfc13	andi	x24,x23,997	 x23:0xfc3e0000 x24=0x00000000
        6455000	       644	8000120c	00d06133	or	x2,x0,x13	  x0:0x00000000 x13:0xfffff87c  x2=0xfffff87c
        6465000	       645	80001210	011e12b3	sll	x5,x28,x17	 x28:0x201d7b30 x17:0xfffffbee  x5=0x5ecc0000
        6475000	       646	80001214	02fa0c63	beq	x20,x15,8000124c	 x20:0xfffffa92 x15:0xf00004f1
        6485000	       647	80001218	03048a63	beq	x9,x16,8000124c	  x9:0xfffffbef x16:0x91e20000
        6495000	       648	8000121c	005fda93	srli	x21,x31,0x5	 x31:0x0013c8f1 x21=0x00009e47
        6505000	       649	80001220	4fcf8693	addi	x13,x31,1276	 x31:0x0013c8f1 x13=0x0013cded
        6515000	       650	80001224	41bad8b3	sra	x17,x21,x27	 x21:0x00009e47 x27:0x00000000 x17=0x00009e47
        6525000	       651	80001228	00000013	addi	x0,x0,0	  x0:0x00000000
        6535000	       652	8000122c	00000013	addi	x0,x0,0	  x0:0x00000000
        6545000	       653	80001230	030ade63	bge	x21,x16,8000126c	 x21:0x00009e47 x16:0x91e20000
        6555000	       654	00000000	00000013	addi	x0,x0,0	  x0:0x00000000
        6565000	       655	80001268	00000013	addi	x0,x0,0	  x0:0x00000000
        6575000	       656	8000126c	01cc1c93	slli	x25,x24,0x1c	 x24:0x00000000 x25=0x00000000
        6585000	       657	80001270	00aab7b3	sltu	x15,x21,x10	 x21:0x00009e47 x10:0x80009fc4 x15=0x00000001
        6595000	       658	80001274	018081b3	add	x3,x1,x24	  x1:0x9f1ca372 x24:0x00000000  x3=0x9f1ca372
        6605000	       659	80001278	029be663	bltu	x23,x9,800012a4	 x23:0xfc3e0000  x9:0xfffffbef
        6615000	       660	00000000	00000013	addi	x0,x0,0	  x0:0x00000000
        6625000	       661	800012a0	00000013	addi	x0,x0,0	  x0:0x00000000
        6635000	       662	800012a4	01e49313	slli	x6,x9,0x1e	  x9:0xfffffbef  x6=0xc0000000
        6645000	       663	800012a8	40e65f93	srai	x31,x12,0xe	 x12:0x2009b240 x31=0x00008026
        6655000	       664	800012ac	41dcd393	srai	x7,x25,0x1d	 x25:0x00000000  x7=0x00000000
        6665000	       665	800012b0	01ffdb93	srli	x23,x31,0x1f	 x31:0x00008026 x23=0x00000000
        6675000	       666	800012b4	013c10b3	sll	x1,x24,x19	 x24:0x00000000 x19:0x00000001  x1=0x00000000
        6685000	       667	800012b8	ff68c693	xori	x13,x17,-10	 x17:0x00009e47 x13=0xffff61b1
        6695000	       668	800012bc	00626663	bltu	x4,x6,800012c8	  x4:0x2009b23f  x6:0xc0000000
        6705000	       669	00000000	00000013	addi	x0,x0,0	  x0:0x00000000
        6715000	       670	800012c4	00000013	addi	x0,x0,0	  x0:0x00000000
        6725000	       671	800012c8	03446663	bltu	x8,x20,800012f4	  x8:0x000004f1 x20:0xfffffa92
        6735000	       672	00000000	00000013	addi	x0,x0,0	  x0:0x00000000
        6745000	       673	800012f0	00000013	addi	x0,x0,0	  x0:0x00000000
        6755000	       674	800012f4	47f7a893	slti	x17,x15,1151	 x15:0x00000001 x17=0x00000001
        6765000	       675	800012f8	0142dbb3	srl	x23,x5,x20	  x5:0x5ecc0000 x20:0xfffffa92 x23=0x000017b3
        6775000	       676	800012fc	01facc63	blt	x21,x31,80001314	 x21:0x00009e47 x31:0x00008026
        6785000	       677	80001300	6ed9fd13	andi	x26,x19,1773	 x19:0x00000001 x26=0x00000001
        6795000	       678	80001304	002bd933	srl	x18,x23,x2	 x23:0x000017b3  x2:0xfffff87c x18=0x00000000
        6805000	       679	80001308	016d9313	slli	x6,x27,0x16	 x27:0x00000000  x6=0x00000000
        6815000	       680	8000130c	40155f93	srai	x31,x10,0x1	 x10:0x80009fc4 x31=0xc0004fe2
        6825000	       681	80001310	007857b3	srl	x15,x16,x7	 x16:0x91e20000  x7:0x00000000 x15=0x91e20000
        6835000	       682	80001314	01dbda63	bge	x23,x29,80001328	 x23:0x000017b3 x29:0x04800000
        6845000	       683	80001318	9c114a93	xori	x21,x2,-1599	  x2:0xfffff87c x21=0x000001bd
        6855000	       684	8000131c	0115db93	srli	x23,x11,0x11	 x11:0x80009f0c x23=0x00004000
        6865000	       685	80001320	01ed5e93	srli	x29,x26,0x1e	 x26:0x00000001 x29=0x00000000
        6875000	       686	80001324	01eaf733	and	x14,x21,x30	 x21:0x000001bd x30:0x00000001 x14=0x00000001
        6885000	       687	80001328	01de4db3	xor	x27,x28,x29	 x28:0x201d7b30 x29:0x00000000 x27=0x201d7b30
        6895000	       688	8000132c	05686663	bltu	x16,x22,80001378	 x16:0x91e20000 x22:0xffffffff
        6905000	       689	00000000	00000013	addi	x0,x0,0	  x0:0x00000000
        6915000	       690	80001374	00000013	addi	x0,x0,0	  x0:0x00000000
        6925000	       691	80001378	01529c63	bne	x5,x21,80001390	  x5:0x5ecc0000 x21:0x000001bd
        6935000	       692	00000000	00000013	addi	x0,x0,0	  x0:0x00000000
        6945000	       693	8000138c	00000013	addi	x0,x0,0	  x0:0x00000000
        6955000	       694	80001390	5d84d117	auipc	x2,0x5d84d	  x2=0xdd84e38c
        6965000	       695	80001394	02386663	bltu	x16,x3,800013c0	 x16:0x91e20000  x3:0x9f1ca372
        6975000	       696	00000000	00000013	addi	x0,x0,0	  x0:0x00000000
        6985000	       697	800013bc	00000013	addi	x0,x0,0	  x0:0x00000000
        6995000	       698	800013c0	01d913b3	sll	x7,x18,x29	 x18:0x00000000 x29:0x00000000  x7=0x00000000
        7005000	       699	800013c4	01099013	slli	x0,x19,0x10	 x19:0x00000001
        7015000	       700	800013c8	000462b3	or	x5,x8,x0	  x8:0x000004f1  x0:0x00000000  x5=0x000004f1
        7025000	       701	800013cc	41380633	sub	x12,x16,x19	 x16:0x91e20000 x19:0x00000001 x12=0x91e1ffff
        7035000	       702	800013d0	05208463	beq	x1,x18,80001418	  x1:0x00000000 x18:0x00000000
        7045000	       703	00000000	00000013	addi	x0,x0,0	  x0:0x00000000
        7055000	       704	80001414	00000013	addi	x0,x0,0	  x0:0x00000000
        7065000	       705	80001418	00000013	addi	x0,x0,0	  x0:0x00000000
        7075000	       706	8000141c	0308ca63	blt	x17,x16,80001450	 x17:0x00000001 x16:0x91e20000
        7085000	       707	80001420	767ab913	sltiu	x18,x21,1895	 x21:0x000001bd x18=0x00000001
        7095000	       708	80001424	59777e97	auipc	x29,0x59777	 x29=0xd9778420
        7105000	       709	80001428	00af1bb3	sll	x23,x30,x10	 x30:0x00000001 x10:0x80009fc4 x23=0x00000010
        7115000	       710	8000142c	02f60c63	beq	x12,x15,80001464	 x12:0x91e1ffff x15:0x91e20000
        7125000	       711	80001430	76cb0d93	addi	x27,x22,1900	 x22:0xffffffff x27=0x0000076b
        7135000	       712	80001434	0fb1a213	slti	x4,x3,251	  x3:0x9f1ca372  x4=0x00000001
        7145000	       713	80001438	2e024f13	xori	x30,x4,736	  x4:0x00000001 x30=0x000002e1
        7155000	       714	8000143c	015b56b3	srl	x13,x22,x21	 x22:0xffffffff x21:0x000001bd x13=0x00000007
        7165000	       715	80001440	ea806f17	auipc	x30,0xea806	 x30=0x6a80743c
        7175000	       716	80001444	046be063	bltu	x23,x6,80001484	 x23:0x00000010  x6:0x00000000
        7185000	       717	80001448	72438093	addi	x1,x7,1828	  x7:0x00000000  x1=0x00000724
        7195000	       718	8000144c	01cc5d13	srli	x26,x24,0x1c	 x24:0x00000000 x26=0x00000000
        7205000	       719	80001450	02c75c63	bge	x14,x12,80001488	 x14:0x00000001 x12:0x91e1ffff
        7215000	       720	00000000	00000013	addi	x0,x0,0	  x0:0x00000000
        7225000	       721	80001484	00000013	addi	x0,x0,0	  x0:0x00000000
        7235000	       722	80001488	5e946337	lui	x6,0x5e946	  x6=0x5e946000
        7245000	       723	8000148c	411dd4b3	sra	x9,x27,x17	 x27:0x0000076b x17:0x00000001  x9=0x000003b5
        7255000	       724	80001490	036a8a63	beq	x21,x22,800014c4	 x21:0x000001bd x22:0xffffffff
        7265000	       725	80001494	00000013	addi	x0,x0,0	  x0:0x00000000
        7275000	       726	80001498	413e8f33	sub	x30,x29,x19	 x29:0xd9778420 x19:0x00000001 x30=0xd977841f
        7285000	       727	8000149c	01c87033	and	x0,x16,x28	 x16:0x91e20000 x28:0x201d7b30
        7295000	       728	800014a0	41e8dd93	srai	x27,x17,0x1e	 x17:0x00000001 x27=0x00000000
        7305000	       729	800014a4	0123cc63	blt	x7,x18,800014bc	  x7:0x00000000 x18:0x00000001
        7315000	       730	00000000	00000013	addi	x0,x0,0	  x0:0x00000000
        7325000	       731	800014b8	00000013	addi	x0,x0,0	  x0:0x00000000
        7335000	       732	800014bc	409f5b33	sra	x22,x30,x9	 x30:0xd977841f  x9:0x000003b5 x22=0xfffffecb
        7345000	       733	800014c0	002bdf13	srli	x30,x23,0x2	 x23:0x00000010 x30=0x00000004
        7355000	       734	800014c4	e0764613	xori	x12,x12,-505	 x12:0x91e1ffff x12=0x6e1e01f8
        7365000	       735	800014c8	01e96833	or	x16,x18,x30	 x18:0x00000001 x30:0x00000004 x16=0x00000005
        7375000	       736	800014cc	00000013	addi	x0,x0,0	  x0:0x00000000
        7385000	       737	800014d0	02c85c63	bge	x16,x12,80001508	 x16:0x00000005 x12:0x6e1e01f8
        7395000	       738	800014d4	003e18b3	sll	x17,x28,x3	 x28:0x201d7b30  x3:0x9f1ca372 x17=0xecc00000
        7405000	       739	800014d8	000597b3	sll	x15,x11,x0	 x11:0x80009f0c  x0:0x00000000 x15=0x80009f0c
        7415000	       740	800014dc	02cc6e63	bltu	x24,x12,80001518	 x24:0x00000000 x12:0x6e1e01f8
        7425000	       741	00000000	00000013	addi	x0,x0,0	  x0:0x00000000
        7435000	       742	80001514	00000013	addi	x0,x0,0	  x0:0x00000000
        7445000	       743	80001518	034f6863	bltu	x30,x20,80001548	 x30:0x00000004 x20:0xfffffa92
        7455000	       744	00000000	00000013	addi	x0,x0,0	  x0:0x00000000
        7465000	       745	80001544	00000013	addi	x0,x0,0	  x0:0x00000000
        7475000	       746	80001548	6633c797	auipc	x15,0x6633c	 x15=0xe633d544
        7485000	       747	8000154c	bbc11337	lui	x6,0xbbc11	  x6=0xbbc11000
        7495000	       748	80001550	00000013	addi	x0,x0,0	  x0:0x00000000
        7505000	       749	80001554	01ea9d13	slli	x26,x21,0x1e	 x21:0x000001bd x26=0x40000000
        7515000	       750	80001558	41ca8333	sub	x6,x21,x28	 x21:0x000001bd x28:0x201d7b30  x6=0xdfe2868d
        7525000	       751	8000155c	01812ab3	slt	x21,x2,x24	  x2:0xdd84e38c x24:0x00000000 x21=0x00000001
        7535000	       752	80001560	00c0dd93	srli	x27,x1,0xc	  x1:0x00000724 x27=0x00000000
        7545000	       753	80001564	00000013	addi	x0,x0,0	  x0:0x00000000
        7555000	       754	80001568	01bb7a63	bgeu	x22,x27,8000157c	 x22:0xfffffecb x27:0x00000000
        7565000	       755	00000000	00000013	addi	x0,x0,0	  x0:0x00000000
        7575000	       756	80001578	00000013	addi	x0,x0,0	  x0:0x00000000
        7585000	       757	8000157c	74d02793	slti	x15,x0,1869	  x0:0x00000000 x15=0x00000001
        7595000	       758	80001580	01535f93	srli	x31,x6,0x15	  x6:0xdfe2868d x31=0x000006ff
        7605000	       759	80001584	04a49063	bne	x9,x10,800015c4	  x9:0x000003b5 x10:0x80009fc4
        7615000	       760	00000000	00000013	addi	x0,x0,0	  x0:0x00000000
        7625000	       761	800015c0	00000013	addi	x0,x0,0	  x0:0x00000000
        7635000	       762	800015c4	03630c63	beq	x6,x22,800015fc	  x6:0xdfe2868d x22:0xfffffecb
        7645000	       763	800015c8	0041d933	srl	x18,x3,x4	  x3:0x9f1ca372  x4:0x00000001 x18=0x4f8e51b9
        7655000	       764	800015cc	00bdf033	and	x0,x27,x11	 x27:0x00000000 x11:0x80009f0c
        7665000	       765	800015d0	e55dbd93	sltiu	x27,x27,-427	 x27:0x00000000 x27=0x00000001
        7675000	       766	800015d4	01acd613	srli	x12,x25,0x1a	 x25:0x00000000 x12=0x00000000
        7685000	       767	800015d8	00a47833	and	x16,x8,x10	  x8:0x000004f1 x10:0x80009fc4 x16=0x000004c0
        7695000	       768	800015dc	00146633	or	x12,x8,x1	  x8:0x000004f1  x1:0x00000724 x12=0x000007f5
        7705000	       769	800015e0	ab4be893	ori	x17,x23,-1356	 x23:0x00000010 x17=0xfffffab4
        7715000	       770	800015e4	015a7e33	and	x28,x20,x21	 x20:0xfffffa92 x21:0x00000001 x28=0x00000000
        7725000	       771	800015e8	8cdd17b7	lui	x15,0x8cdd1	 x15=0x8cdd1000
        7735000	       772	800015ec	01a69c13	slli	x24,x13,0x1a	 x13:0x00000007 x24=0x1c000000
        7745000	       773	800015f0	f96eec13	ori	x24,x29,-106	 x29:0xd9778420 x24=0xffffffb6
        7755000	       774	800015f4	1de30c93	addi	x25,x6,478	  x6:0xdfe2868d x25=0xdfe2886b
        7765000	       775	800015f8	c7c8b0b7	lui	x1,0xc7c8b	  x1=0xc7c8b000
        7775000	       776	800015fc	1ea10a93	addi	x21,x2,490	  x2:0xdd84e38c x21=0xdd84e576
        7785000	       777	80001600	7ff92693	slti	x13,x18,2047	 x18:0x4f8e51b9 x13=0x00000000
        7795000	       778	80001604	00782db3	slt	x27,x16,x7	 x16:0x000004c0  x7:0x00000000 x27=0x00000000
        7805000	       779	80001608	00d9d633	srl	x12,x19,x13	 x19:0x00000001 x13:0x00000000 x12=0x00000001
        7815000	       780	8000160c	27977e93	andi	x29,x14,633	 x14:0x00000001 x29=0x00000001
        7825000	       781	80001610	01092f33	slt	x30,x18,x16	 x18:0x4f8e51b9 x16:0x000004c0 x30=0x00000000
        7835000	       782	80001614	01a22ab3	slt	x21,x4,x26	  x4:0x00000001 x26:0x40000000 x21=0x00000001
        7845000	       783	80001618	01b262b3	or	x5,x4,x27	  x4:0x00000001 x27:0x00000000  x5=0x00000001
        7855000	       784	8000161c	00000013	addi	x0,x0,0	  x0:0x00000000
        7865000	       785	80001620	bba6c193	xori	x3,x13,-1094	 x13:0x00000000  x3=0xfffffbba
        7875000	       786	80001624	02dd0663	beq	x26,x13,80001650	 x26:0x40000000 x13:0x00000000
        7885000	       787	80001628	82a82713	slti	x14,x16,-2006	 x16:0x000004c0 x14=0x00000000
        7895000	       788	8000162c	00550663	beq	x10,x5,80001638	 x10:0x80009fc4  x5:0x00000001
        7905000	       789	80001630	017c5c33	srl	x24,x24,x23	 x24:0xffffffb6 x23:0x00000010 x24=0x0000ffff
        7915000	       790	80001634	01dd1813	slli	x16,x26,0x1d	 x26:0x40000000 x16=0x00000000
        7925000	       791	80001638	033df663	bgeu	x27,x19,80001664	 x27:0x00000000 x19:0x00000001
        7935000	       792	8000163c	e697ed93	ori	x27,x15,-407	 x15:0x8cdd1000 x27=0xfffffe69
        7945000	       793	80001640	192c0fb7	lui	x31,0x192c0	 x31=0x192c0000
        7955000	       794	80001644	036f4663	blt	x30,x22,80001670	 x30:0x00000000 x22:0xfffffecb
        7965000	       795	80001648	8cb8bdb7	lui	x27,0x8cb8b	 x27=0x8cb8b000
        7975000	       796	8000164c	7812bbb7	lui	x23,0x7812b	 x23=0x7812b000
        7985000	       797	80001650	02f64263	blt	x12,x15,80001674	 x12:0x00000001 x15:0x8cdd1000
        7995000	       798	80001654	40788433	sub	x8,x17,x7	 x17:0xfffffab4  x7:0x00000000  x8=0xfffffab4
        8005000	       799	80001658	01213033	sltu	x0,x2,x18	  x2:0xdd84e38c x18:0x4f8e51b9
        8015000	       800	8000165c	01ad96b3	sll	x13,x27,x26	 x27:0x8cb8b000 x26:0x40000000 x13=0x8cb8b000
        8025000	       801	80001660	00799d93	slli	x27,x19,0x7	 x19:0x00000001 x27=0x00000080
        8035000	       802	80001664	88407893	andi	x17,x0,-1916	  x0:0x00000000 x17=0x00000000
        8045000	       803	80001668	41d48233	sub	x4,x9,x29	  x9:0x000003b5 x29:0x00000001  x4=0x000003b4
        8055000	       804	8000166c	01fb5d93	srli	x27,x22,0x1f	 x22:0xfffffecb x27=0x00000001
        8065000	       805	80001670	007cc333	xor	x6,x25,x7	 x25:0xdfe2886b  x7:0x00000000  x6=0xdfe2886b
        8075000	       806	80001674	41345eb3	sra	x29,x8,x19	  x8:0xfffffab4 x19:0x00000001 x29=0xfffffd5a
        8085000	       807	80001678	00345933	srl	x18,x8,x3	  x8:0xfffffab4  x3:0xfffffbba x18=0x0000003f
        8095000	       808	8000167c	050a5463	bge	x20,x16,800016c4	 x20:0xfffffa92 x16:0x00000000
        8105000	       809	80001680	01295e13	srli	x28,x18,0x12	 x18:0x0000003f x28=0x00000000
        8115000	       810	80001684	015c1913	slli	x18,x24,0x15	 x24:0x0000ffff x18=0xffe00000
        8125000	       811	80001688	059d5663	bge	x26,x25,800016d4	 x26:0x40000000 x25:0xdfe2886b
        8135000	       812	00000000	00000013	addi	x0,x0,0	  x0:0x00000000
        8145000	       813	800016d0	00000013	addi	x0,x0,0	  x0:0x00000000
        8155000	       814	800016d4	91d22893	slti	x17,x4,-1763	  x4:0x000003b4 x17=0x00000000
        8165000	       815	800016d8	013e16b3	sll	x13,x28,x19	 x28:0x00000000 x19:0x00000001 x13=0x00000000
        8175000	       816	800016dc	00d0dd33	srl	x26,x1,x13	  x1:0xc7c8b000 x13:0x00000000 x26=0xc7c8b000
        8185000	       817	800016e0	a46c3817	auipc	x16,0xa46c3	 x16=0x246c46dc
        8195000	       818	800016e4	40148bb3	sub	x23,x9,x1	  x9:0x000003b5  x1:0xc7c8b000 x23=0x383753b5
        8205000	       819	800016e8	015c5e93	srli	x29,x24,0x15	 x24:0x0000ffff x29=0x00000000
        8215000	       820	800016ec	01fbdeb3	srl	x29,x23,x31	 x23:0x383753b5 x31:0x192c0000 x29=0x383753b5
        8225000	       821	800016f0	01a79013	slli	x0,x15,0x1a	 x15:0x8cdd1000
        8235000	       822	800016f4	01526333	or	x6,x4,x21	  x4:0x000003b4 x21:0x00000001  x6=0x000003b5
        8245000	       823	800016f8	34a8c937	lui	x18,0x34a8c	 x18=0x34a8c000
        8255000	       824	800016fc	8bed4493	xori	x9,x26,-1858	 x26:0xc7c8b000  x9=0x383748be
        8265000	       825	80001700	00a34eb3	xor	x29,x6,x10	  x6:0x000003b5 x10:0x80009fc4 x29=0x80009c71
        8275000	       826	80001704	003228b3	slt	x17,x4,x3	  x4:0x000003b4  x3:0xfffffbba x17=0x00000000
        8285000	       827	80001708	00bdafb3	slt	x31,x27,x11	 x27:0x00000001 x11:0x80009f0c x31=0x00000000
        8295000	       828	8000170c	40fedf93	srai	x31,x29,0xf	 x29:0x80009c71 x31=0xffff0001
        8305000	       829	80001710	c61ec937	lui	x18,0xc61ec	 x18=0xc61ec000
        8315000	       830	80001714	0238e663	bltu	x17,x3,80001740	 x17:0x00000000  x3:0xfffffbba
        8325000	       831	00000000	00000013	addi	x0,x0,0	  x0:0x00000000
        8335000	       832	8000173c	00000013	addi	x0,x0,0	  x0:0x00000000
        8345000	       833	80001740	01850463	beq	x10,x24,80001748	 x10:0x80009fc4 x24:0x0000ffff
        8355000	       834	80001744	03abca63	blt	x23,x26,80001778	 x23:0x383753b5 x26:0xc7c8b000
        8365000	       835	80001748	693ec6b7	lui	x13,0x693ec	 x13=0x693ec000
        8375000	       836	8000174c	05f50063	beq	x10,x31,8000178c	 x10:0x80009fc4 x31:0xffff0001
        8385000	       837	80001750	02988263	beq	x17,x9,80001774	 x17:0x00000000  x9:0x383748be
        8395000	       838	80001754	00cc5d13	srli	x26,x24,0xc	 x24:0x0000ffff x26=0x0000000f
        8405000	       839	80001758	017c9393	slli	x7,x25,0x17	 x25:0xdfe2886b  x7=0x35800000
        8415000	       840	8000175c	009aad33	slt	x26,x21,x9	 x21:0x00000001  x9:0x383748be x26=0x00000001
        8425000	       841	80001760	01348b33	add	x22,x9,x19	  x9:0x383748be x19:0x00000001 x22=0x383748bf
        8435000	       842	80001764	ec80d337	lui	x6,0xec80d	  x6=0xec80d000
        8445000	       843	80001768	01133bb3	sltu	x23,x6,x17	  x6:0xec80d000 x17:0x00000000 x23=0x00000000
        8455000	       844	8000176c	01708c63	beq	x1,x23,80001784	  x1:0xc7c8b000 x23:0x00000000
        8465000	       845	80001770	042e8863	beq	x29,x2,800017c0	 x29:0x80009c71  x2:0xdd84e38c
        8475000	       846	80001774	00136ab3	or	x21,x6,x1	  x6:0xec80d000  x1:0xc7c8b000 x21=0xefc8f000
        8485000	       847	80001778	05687863	bgeu	x16,x22,800017c8	 x16:0x246c46dc x22:0x383748bf
        8495000	       848	8000177c	08320413	addi	x8,x4,131	  x4:0x000003b4  x8=0x00000437
        8505000	       849	80001780	00000013	addi	x0,x0,0	  x0:0x00000000
        8515000	       850	80001784	0132de13	srli	x28,x5,0x13	  x5:0x00000001 x28=0x00000000
        8525000	       851	80001788	08be2393	slti	x7,x28,139	 x28:0x00000000  x7=0x00000001
        8535000	       852	8000178c	030dfa63	bgeu	x27,x16,800017c0	 x27:0x00000001 x16:0x246c46dc
        8545000	       853	80001790	d0bf9c97	auipc	x25,0xd0bf9	 x25=0x50bfa78c
        8555000	       854	80001794	04878863	beq	x15,x8,800017e4	 x15:0x8cdd1000  x8:0x00000437
        8565000	       855	80001798	01f6ea33	or	x20,x13,x31	 x13:0x693ec000 x31:0xffff0001 x20=0xffffc001
        8575000	       856	8000179c	015106b3	add	x13,x2,x21	  x2:0xdd84e38c x21:0xefc8f000 x13=0xcd4dd38c
        8585000	       857	800017a0	00223a33	sltu	x20,x4,x2	  x4:0x000003b4  x2:0xdd84e38c x20=0x00000001
        8595000	       858	800017a4	46b94a13	xori	x20,x18,1131	 x18:0xc61ec000 x20=0xc61ec46b
        8605000	       859	800017a8	44812293	slti	x5,x2,1096	  x2:0xdd84e38c  x5=0x00000001
        8615000	       860	800017ac	000c6cb3	or	x25,x24,x0	 x24:0x0000ffff  x0:0x00000000 x25=0x0000ffff
        8625000	       861	800017b0	3a3ea413	slti	x8,x29,931	 x29:0x80009c71  x8=0x00000001
        8635000	       862	800017b4	018d3d33	sltu	x26,x26,x24	 x26:0x00000001 x24:0x0000ffff x26=0x00000001
        8645000	       863	800017b8	c4682097	auipc	x1,0xc4682	  x1=0x446837b4
        8655000	       864	800017bc	002b2eb3	slt	x29,x22,x2	 x22:0x383748bf  x2:0xdd84e38c x29=0x00000000
        8665000	       865	800017c0	01a8d313	srli	x6,x17,0x1a	 x17:0x00000000  x6=0x00000000
        8675000	       866	800017c4	003666b3	or	x13,x12,x3	 x12:0x00000001  x3:0xfffffbba x13=0xfffffbbb
        8685000	       867	800017c8	01e1a833	slt	x16,x3,x30	  x3:0xfffffbba x30:0x00000000 x16=0x00000001
        8695000	       868	800017cc	d9e6ce13	xori	x28,x13,-610	 x13:0xfffffbbb x28=0x00000625
        8705000	       869	800017d0	01ee24b3	slt	x9,x28,x30	 x28:0x00000625 x30:0x00000000  x9=0x00000000
        8715000	       870	800017d4	00f46a63	bltu	x8,x15,800017e8	  x8:0x00000001 x15:0x8cdd1000
        8725000	       871	00000000	00000013	addi	x0,x0,0	  x0:0x00000000
        8735000	       872	800017e4	00000013	addi	x0,x0,0	  x0:0x00000000
        8745000	       873	800017e8	00981eb3	sll	x29,x16,x9	 x16:0x00000001  x9:0x00000000 x29=0x00000001
        8755000	       874	800017ec	008d9413	slli	x8,x27,0x8	 x27:0x00000001  x8=0x00000100
        8765000	       875	800017f0	02a5ea63	bltu	x11,x10,80001824	 x11:0x80009f0c x10:0x80009fc4
        8775000	       876	00000000	00000013	addi	x0,x0,0	  x0:0x00000000
        8785000	       877	80001820	00000013	addi	x0,x0,0	  x0:0x00000000
        8795000	       878	80001824	66bae493	ori	x9,x21,1643	 x21:0xefc8f000  x9=0xefc8f66b
        8805000	       879	80001828	05464063	blt	x12,x20,80001868	 x12:0x00000001 x20:0xc61ec46b
        8815000	       880	8000182c	6ca9b093	sltiu	x1,x19,1738	 x19:0x00000001  x1=0x00000001
        8825000	       881	80001830	015051b3	srl	x3,x0,x21	  x0:0x00000000 x21:0xefc8f000  x3=0x00000000
        8835000	       882	80001834	40110db3	sub	x27,x2,x1	  x2:0xdd84e38c  x1:0x00000001 x27=0xdd84e38b
        8845000	       883	80001838	02684863	blt	x16,x6,80001868	 x16:0x00000001  x6:0x00000000
        8855000	       884	8000183c	01aa0033	add	x0,x20,x26	 x20:0xc61ec46b x26:0x00000001
        8865000	       885	80001840	01595e93	srli	x29,x18,0x15	 x18:0xc61ec000 x29=0x00000630
        8875000	       886	80001844	03497663	bgeu	x18,x20,80001870	 x18:0xc61ec000 x20:0xc61ec46b
        8885000	       887	80001848	2d463693	sltiu	x13,x12,724	 x12:0x00000001 x13=0x00000001
        8895000	       888	8000184c	02e1f663	bgeu	x3,x14,80001878	  x3:0x00000000 x14:0x00000000
        8905000	       889	00000000	00000013	addi	x0,x0,0	  x0:0x00000000
        8915000	       890	80001874	00000013	addi	x0,x0,0	  x0:0x00000000
        8925000	       891	80001878	00df7d33	and	x26,x30,x13	 x30:0x00000000 x13:0x00000001 x26=0x00000000
        8935000	       892	8000187c	ba157f93	andi	x31,x10,-1119	 x10:0x80009fc4 x31=0x80009b80
        8945000	       893	80001880	6256bc13	sltiu	x24,x13,1573	 x13:0x00000001 x24=0x00000001
        8955000	       894	80001884	9e81dd17	auipc	x26,0x9e81d	 x26=0x1e81e880
        8965000	       895	80001888	4093d6b3	sra	x13,x7,x9	  x7:0x00000001  x9:0xefc8f66b x13=0x00000000
        8975000	       896	8000188c	e98794b7	lui	x9,0xe9879	  x9=0xe9879000
        8985000	       897	80001890	40d0d713	srai	x14,x1,0xd	  x1:0x00000001 x14=0x00000000
        8995000	       898	80001894	04715463	bge	x2,x7,800018dc	  x2:0xdd84e38c  x7:0x00000001
        9005000	       899	80001898	220c4817	auipc	x16,0x220c4	 x16=0xa20c5894
        9015000	       900	8000189c	012b61b3	or	x3,x22,x18	 x22:0x383748bf x18:0xc61ec000  x3=0xfe3fc8bf
        9025000	       901	800018a0	01bdc1b3	xor	x3,x27,x27	 x27:0xdd84e38b x27:0xdd84e38b  x3=0x00000000
        9035000	       902	800018a4	02f41c63	bne	x8,x15,800018dc	  x8:0x00000100 x15:0x8cdd1000
        9045000	       903	00000000	00000013	addi	x0,x0,0	  x0:0x00000000
        9055000	       904	800018d8	00000013	addi	x0,x0,0	  x0:0x00000000
        9065000	       905	800018dc	d001f417	auipc	x8,0xd001f	  x8=0x500208d8
        9075000	       906	800018e0	89481717	auipc	x14,0x89481	 x14=0x094828dc
        9085000	       907	800018e4	04612693	slti	x13,x2,70	  x2:0xdd84e38c x13=0x00000001
        9095000	       908	800018e8	0f3a2013	slti	x0,x20,243	 x20:0xc61ec46b
        9105000	       909	800018ec	009034b3	sltu	x9,x0,x9	  x0:0x00000000  x9:0xe9879000  x9=0x00000001
        9115000	       910	800018f0	00e52c33	slt	x24,x10,x14	 x10:0x80009fc4 x14:0x094828dc x24=0x00000001
        9125000	       911	800018f4	01f6de93	srli	x29,x13,0x1f	 x13:0x00000001 x29=0x00000000
        9135000	       912	800018f8	00000013	addi	x0,x0,0	  x0:0x00000000
        9145000	       913	800018fc	0031ceb3	xor	x29,x3,x3	  x3:0x00000000  x3:0x00000000 x29=0x00000000
        9155000	       914	80001900	419ddf93	srai	x31,x27,0x19	 x27:0xdd84e38b x31=0xffffffee
        9165000	       915	80001904	407583b3	sub	x7,x11,x7	 x11:0x80009f0c  x7:0x00000001  x7=0x80009f0b
        9175000	       916	80001908	47700613	addi	x12,x0,1143	  x0:0x00000000 x12=0x00000477
        9185000	       917	8000190c	00b1b433	sltu	x8,x3,x11	  x3:0x00000000 x11:0x80009f0c  x8=0x00000001
        9195000	       918	80001910	012ac433	xor	x8,x21,x18	 x21:0xefc8f000 x18:0xc61ec000  x8=0x29d63000
        9205000	       919	80001914	02305e63	bge	x0,x3,80001950	  x0:0x00000000  x3:0x00000000
        9215000	       920	00000000	00000013	addi	x0,x0,0	  x0:0x00000000
        9225000	       921	8000194c	00000013	addi	x0,x0,0	  x0:0x00000000
        9235000	       922	80001950	ddacfc13	andi	x24,x25,-550	 x25:0x0000ffff x24=0x0000fdda
        9245000	       923	80001954	01776c63	bltu	x14,x23,8000196c	 x14:0x094828dc x23:0x00000000
        9255000	       924	80001958	00857a33	and	x20,x10,x8	 x10:0x80009fc4  x8:0x29d63000 x20=0x00001000
        9265000	       925	8000195c	53473f37	lui	x30,0x53473	 x30=0x53473000
        9275000	       926	80001960	01ec9663	bne	x25,x30,8000196c	 x25:0x0000ffff x30:0x53473000
        9285000	       927	00000000	00000013	addi	x0,x0,0	  x0:0x00000000
        9295000	       928	80001968	00000013	addi	x0,x0,0	  x0:0x00000000
        9305000	       929	8000196c	027cc663	blt	x25,x7,80001998	 x25:0x0000ffff  x7:0x80009f0b
        9315000	       930	80001970	a573ea13	ori	x20,x7,-1449	  x7:0x80009f0b x20=0xffffff5f
        9325000	       931	80001974	d7ce8e93	addi	x29,x29,-644	 x29:0x00000000 x29=0xfffffd7c
        9335000	       932	80001978	02a54663	blt	x10,x10,800019a4	 x10:0x80009fc4 x10:0x80009fc4
        9345000	       933	8000197c	012a8033	add	x0,x21,x18	 x21:0xefc8f000 x18:0xc61ec000
        9355000	       934	80001980	01629b93	slli	x23,x5,0x16	  x5:0x00000001 x23=0x00400000
        9365000	       935	80001984	018e7c63	bgeu	x28,x24,8000199c	 x28:0x00000625 x24:0x0000fdda
        9375000	       936	80001988	017706b3	add	x13,x14,x23	 x14:0x094828dc x23:0x00400000 x13=0x098828dc
        9385000	       937	8000198c	006b3f33	sltu	x30,x22,x6	 x22:0x383748bf  x6:0x00000000 x30=0x00000000
        9395000	       938	80001990	227518b7	lui	x17,0x22751	 x17=0x22751000
        9405000	       939	80001994	0426c063	blt	x13,x2,800019d4	 x13:0x098828dc  x2:0xdd84e38c
        9415000	       940	80001998	5f41e413	ori	x8,x3,1524	  x3:0x00000000  x8=0x000005f4
        9425000	       941	8000199c	01a3dcb3	srl	x25,x7,x26	  x7:0x80009f0b x26:0x1e81e880 x25=0x80009f0b
        9435000	       942	800019a0	00000013	addi	x0,x0,0	  x0:0x00000000
        9445000	       943	800019a4	32013013	sltiu	x0,x2,800	  x2:0xdd84e38c
        9455000	       944	800019a8	418cd2b3	sra	x5,x25,x24	 x25:0x80009f0b x24:0x0000fdda  x5=0xffffffe0
        9465000	       945	800019ac	05474863	blt	x14,x20,800019fc	 x14:0x094828dc x20:0xffffff5f
        9475000	       946	800019b0	41895b13	srai	x22,x18,0x18	 x18:0xc61ec000 x22=0xffffffc6
        9485000	       947	800019b4	41af5d13	srai	x26,x30,0x1a	 x30:0x00000000 x26=0x00000000
        9495000	       948	800019b8	04ddc063	blt	x27,x13,800019f8	 x27:0xdd84e38b x13:0x098828dc
        9505000	       949	00000000	00000013	addi	x0,x0,0	  x0:0x00000000
        9515000	       950	800019f4	00000013	addi	x0,x0,0	  x0:0x00000000
        9525000	       951	800019f8	02e0f663	bgeu	x1,x14,80001a24	  x1:0x00000001 x14:0x094828dc
        9535000	       952	800019fc	01ea9b93	slli	x23,x21,0x1e	 x21:0xefc8f000 x23=0x00000000
        9545000	       953	80001a00	00000013	addi	x0,x0,0	  x0:0x00000000
        9555000	       954	80001a04	39676c93	ori	x25,x14,918	 x14:0x094828dc x25=0x09482bde
        9565000	       955	80001a08	00d463b3	or	x7,x8,x13	  x8:0x000005f4 x13:0x098828dc  x7=0x09882dfc
        9575000	       956	80001a0c	00bf1b93	slli	x23,x30,0xb	 x30:0x00000000 x23=0x00000000
        9585000	       957	80001a10	018e1e93	slli	x29,x28,0x18	 x28:0x00000625 x29=0x25000000
        9595000	       958	80001a14	08d86663	bltu	x16,x13,80001aa0	 x16:0xa20c5894 x13:0x098828dc
        9605000	       959	80001a18	00000013	addi	x0,x0,0	  x0:0x00000000
        9615000	       960	80001a1c	65846693	ori	x13,x8,1624	  x8:0x000005f4 x13=0x000007fc
        9625000	       961	80001a20	09f39463	bne	x7,x31,80001aa8	  x7:0x09882dfc x31:0xffffffee
        9635000	       962	00000000	00000013	addi	x0,x0,0	  x0:0x00000000
        9645000	       963	80001aa4	00000013	addi	x0,x0,0	  x0:0x00000000
        9655000	       964	80001aa8	ee9f6693	ori	x13,x30,-279	 x30:0x00000000 x13=0xfffffee9
        9665000	       965	80001aac	01173cb3	sltu	x25,x14,x17	 x14:0x094828dc x17:0x22751000 x25=0x00000001
        9675000	       966	80001ab0	00c49fb3	sll	x31,x9,x12	  x9:0x00000001 x12:0x00000477 x31=0x00800000
        9685000	       967	80001ab4	016c3cb3	sltu	x25,x24,x22	 x24:0x0000fdda x22:0xffffffc6 x25=0x00000001
        9695000	       968	80001ab8	911bc093	xori	x1,x23,-1775	 x23:0x00000000  x1=0xfffff911
        9705000	       969	80001abc	1f6e0c93	addi	x25,x28,502	 x28:0x00000625 x25=0x0000081b
        9715000	       970	80001ac0	e87f6e13	ori	x28,x30,-377	 x30:0x00000000 x28=0xfffffe87
        9725000	       971	80001ac4	00000013	addi	x0,x0,0	  x0:0x00000000
        9735000	       972	80001ac8	2baa6697	auipc	x13,0x2baa6	 x13=0xabaa7ac4
        9745000	       973	80001acc	41235333	sra	x6,x6,x18	  x6:0x00000000 x18:0xc61ec000  x6=0x00000000
        9755000	       974	80001ad0	00ca5fb3	srl	x31,x20,x12	 x20:0xffffff5f x12:0x00000477 x31=0x000001ff
        9765000	       975	80001ad4	00000013	addi	x0,x0,0	  x0:0x00000000
        9775000	       976	80001ad8	0024da63	bge	x9,x2,80001aec	  x9:0x00000001  x2:0xdd84e38c
        9785000	       977	00000000	00000013	addi	x0,x0,0	  x0:0x00000000
        9795000	       978	80001ae8	00000013	addi	x0,x0,0	  x0:0x00000000
        9805000	       979	80001aec	f5452f93	slti	x31,x10,-172	 x10:0x80009fc4 x31=0x00000001
        9815000	       980	80001af0	0268d663	bge	x17,x6,80001b1c	 x17:0x22751000  x6:0x00000000
        9825000	       981	00000000	00000013	addi	x0,x0,0	  x0:0x00000000
        9835000	       982	80001b18	00000013	addi	x0,x0,0	  x0:0x00000000
        9845000	       983	80001b1c	833e8313	addi	x6,x29,-1997	 x29:0x25000000  x6=0x24fff833
        9855000	       984	80001b20	0075e233	or	x4,x11,x7	 x11:0x80009f0c  x7:0x09882dfc  x4=0x8988bffc
        9865000	       985	80001b24	00885233	srl	x4,x16,x8	 x16:0xa20c5894  x8:0x000005f4  x4=0x00000a20
        9875000	       986	80001b28	010e1413	slli	x8,x28,0x10	 x28:0xfffffe87  x8=0xfe870000
        9885000	       987	80001b2c	40905393	srai	x7,x0,0x9	  x0:0x00000000  x7=0x00000000
        9895000	       988	80001b30	02d3fa63	bgeu	x7,x13,80001b64	  x7:0x00000000 x13:0xabaa7ac4
        9905000	       989	80001b34	4300a793	slti	x15,x1,1072	  x1:0xfffff911 x15=0x00000001
        9915000	       990	80001b38	014cb133	sltu	x2,x25,x20	 x25:0x0000081b x20:0xffffff5f  x2=0x00000001
        9925000	       991	80001b3c	03285063	bge	x16,x18,80001b5c	 x16:0xa20c5894 x18:0xc61ec000
        9935000	       992	80001b40	00dde7b3	or	x15,x27,x13	 x27:0xdd84e38b x13:0xabaa7ac4 x15=0xffaefbcf
        9945000	       993	80001b44	6407e293	ori	x5,x15,1600	 x15:0xffaefbcf  x5=0xffaeffcf
        9955000	       994	80001b48	05c92a37	lui	x20,0x5c92	 x20=0x05c92000
        9965000	       995	80001b4c	1c2fc913	xori	x18,x31,450	 x31:0x00000001 x18=0x000001c3
        9975000	       996	80001b50	018f0233	add	x4,x30,x24	 x30:0x00000000 x24:0x0000fdda  x4=0x0000fdda
        9985000	       997	80001b54	407e5633	sra	x12,x28,x7	 x28:0xfffffe87  x7:0x00000000 x12=0xfffffe87
        9995000	       998	80001b58	010feab3	or	x21,x31,x16	 x31:0x00000001 x16:0xa20c5894 x21=0xa20c5895
       10005000	       999	80001b5c	010263b3	or	x7,x4,x16	  x4:0x0000fdda x16:0xa20c5894  x7=0xa20cfdde
       10015000	      1000	80001b60	3386f093	andi	x1,x13,824	 x13:0xabaa7ac4  x1=0x00000200
       10025000	      1001	80001b64	00000013	addi	x0,x0,0	  x0:0x00000000
       10035000	      1002	80001b68	40bc5093	srai	x1,x24,0xb	 x24:0x0000fdda  x1=0x0000001f
       10045000	      1003	80001b6c	037dd663	bge	x27,x23,80001b98	 x27:0xdd84e38b x23:0x00000000
       10055000	      1004	80001b70	036e7e63	bgeu	x28,x22,80001bac	 x28:0xfffffe87 x22:0xffffffc6
       10065000	      1005	80001b74	0196edb3	or	x27,x13,x25	 x13:0xabaa7ac4 x25:0x0000081b x27=0xabaa7adf
       10075000	      1006	80001b78	8148b093	sltiu	x1,x17,-2028	 x17:0x22751000  x1=0x00000001
       10085000	      1007	80001b7c	41d2d413	srai	x8,x5,0x1d	  x5:0xffaeffcf  x8=0xffffffff
       10095000	      1008	80001b80	413b0b33	sub	x22,x22,x19	 x22:0xffffffc6 x19:0x00000001 x22=0xffffffc5
       10105000	      1009	80001b84	00000013	addi	x0,x0,0	  x0:0x00000000
       10115000	      1010	80001b88	01b63f33	sltu	x30,x12,x27	 x12:0xfffffe87 x27:0xabaa7adf x30=0x00000000
       10125000	      1011	80001b8c	00000013	addi	x0,x0,0	  x0:0x00000000
       10135000	      1012	80001b90	00dcf2b3	and	x5,x25,x13	 x25:0x0000081b x13:0xabaa7ac4  x5=0x00000800
       10145000	      1013	80001b94	017ec6b3	xor	x13,x29,x23	 x29:0x25000000 x23:0x00000000 x13=0x25000000
       10155000	      1014	80001b98	007ddf93	srli	x31,x27,0x7	 x27:0xabaa7adf x31=0x015754f5
       10165000	      1015	80001b9c	40f6dc13	srai	x24,x13,0xf	 x13:0x25000000 x24=0x00004a00
       10175000	      1016	80001ba0	01bed833	srl	x16,x29,x27	 x29:0x25000000 x27:0xabaa7adf x16=0x00000000
       10185000	      1017	80001ba4	013d1413	slli	x8,x26,0x13	 x26:0x00000000  x8=0x00000000
       10195000	      1018	80001ba8	003f7633	and	x12,x30,x3	 x30:0x00000000  x3:0x00000000 x12=0x00000000
       10205000	      1019	80001bac	94a2b693	sltiu	x13,x5,-1718	  x5:0x00000800 x13=0x00000001
       10215000	      1020	80001bb0	01e26663	bltu	x4,x30,80001bbc	  x4:0x0000fdda x30:0x00000000
       10225000	      1021	80001bb4	00dd1fb3	sll	x31,x26,x13	 x26:0x00000000 x13:0x00000001 x31=0x00000000
       10235000	      1022	80001bb8	01544633	xor	x12,x8,x21	  x8:0x00000000 x21:0xa20c5895 x12=0xa20c5895
       10245000	      1023	80001bbc	037fda63	bge	x31,x23,80001bf0	 x31:0x00000000 x23:0x00000000
       10255000	      1024	00000000	00000013	addi	x0,x0,0	  x0:0x00000000
       10265000	      1025	80001bec	00000013	addi	x0,x0,0	  x0:0x00000000
       10275000	      1026	80001bf0	024e7263	bgeu	x28,x4,80001c14	 x28:0xfffffe87  x4:0x0000fdda
       10285000	      1027	00000000	00000013	addi	x0,x0,0	  x0:0x00000000
       10295000	      1028	80001c10	00000013	addi	x0,x0,0	  x0:0x00000000
       10305000	      1029	80001c14	001fa0b3	slt	x1,x31,x1	 x31:0x00000000  x1:0x00000001  x1=0x00000001
       10315000	      1030	80001c18	0045a883	lw	x17,4(x11)	 x11:0x80009f0c x17=0x800058cc PA:0x80009f10
       10325000	      1031	80001c1c	01f41013	slli	x0,x8,0x1f	  x8:0x00000000
       10335000	      1032	80001c20	03858593	addi	x11,x11,56	 x11:0x80009f0c x11=0x80009f44
       10345000	      1033	80001c24	018f2733	slt	x14,x30,x24	 x30:0x00000000 x24:0x00004a00 x14=0x00000001
       10355000	      1034	80001c28	00787e33	and	x28,x16,x7	 x16:0x00000000  x7:0xa20cfdde x28=0x00000000
       10365000	      1035	80001c2c	35006c17	auipc	x24,0x35006	 x24=0xb5007c28
       10375000	      1036	80001c30	00bb5093	srli	x1,x22,0xb	 x22:0xffffffc5  x1=0x001fffff
       10385000	      1037	80001c34	00d6da33	srl	x20,x13,x13	 x13:0x00000001 x13:0x00000001 x20=0x00000000
       10395000	      1038	80001c38	a2c60437	lui	x8,0xa2c60	  x8=0xa2c60000
       10405000	      1039	80001c3c	00188893	addi	x17,x17,1	 x17:0x800058cc x17=0x800058cd
       10415000	      1040	80001c40	000888e7	jalr	x17,x17,0	 x17:0x800058cd x17=0x80001c40
       10425000	      1041	00000000	00000013	addi	x0,x0,0	  x0:0x00000000
       10435000	      1042	800058cc	00000013	addi	x0,x0,0	  x0:0x00000000
       10445000	      1043	800058d0	00003117	auipc	x2,0x3	  x2=0x800088cc
       10455000	      1044	800058d4	a8d10113	addi	x2,x2,-1395	  x2:0x800088cc  x2=0x80008359
       10465000	      1045	800058d8	006c0eb3	add	x29,x24,x6	 x24:0xb5007c28  x6:0x24fff833 x29=0xda00745b
       10475000	      1046	800058dc	f8014203	lbu	x4,-128(x2)	  x2:0x80008359  x4=0x000000a7 PA:0x800082d9
       10485000	      1047	800058e0	f01a0c93	addi	x25,x20,-255	 x20:0x00000000 x25=0xffffff01
       10495000	      1048	800058e4	f6610d03	lb	x26,-154(x2)	  x2:0x80008359 x26=0xffffff98 PA:0x800082bf
       10505000	      1049	800058e8	00515f03	lhu	x30,5(x2)	  x2:0x80008359 x30=0x00004e3f PA:0x8000835e
       10515000	      1050	800058ec	f0510e83	lb	x29,-251(x2)	  x2:0x80008359 x29=0xffffff8a PA:0x8000825e
       10525000	      1051	800058f0	01c10c23	sb	x28,24(x2)	  x2:0x80008359 x28:0x00000000 PA:0x80008371
       10535000	      1052	800058f4	40690c33	sub	x24,x18,x6	 x18:0x000001c3  x6:0x24fff833 x24=0xdb000990
       10545000	      1053	800058f8	f74105a3	sb	x20,-149(x2)	  x2:0x80008359 x20:0x00000000 PA:0x800082c4
       10555000	      1054	800058fc	0102b8b3	sltu	x17,x5,x16	  x5:0x00000800 x16:0x00000000 x17=0x00000000
       10565000	      1055	80005900	fa510ea3	sb	x5,-67(x2)	  x2:0x80008359  x5:0x00000800 PA:0x80008316
       10575000	      1056	80005904	fce111a3	sh	x14,-61(x2)	  x2:0x80008359 x14:0x00000001 PA:0x8000831c
       10585000	      1057	80005908	04b119a3	sh	x11,83(x2)	  x2:0x80008359 x11:0x80009f44 PA:0x800083ac
       10595000	      1058	8000590c	01111f03	lh	x30,17(x2)	  x2:0x80008359 x30=0x00001262 PA:0x8000836a
       10605000	      1059	80005910	fc214003	lbu	x0,-62(x2)	  x2:0x80008359 PA:0x8000831b
       10615000	      1060	80005914	f1a10883	lb	x17,-230(x2)	  x2:0x80008359 x17=0x00000022 PA:0x80008273
       10625000	      1061	80005918	0d814f83	lbu	x31,216(x2)	  x2:0x80008359 x31=0x0000000b PA:0x80008431
       10635000	      1062	8000591c	f9d14f83	lbu	x31,-99(x2)	  x2:0x80008359 x31=0x00000057 PA:0x800082f6
       10645000	      1063	80005920	f9110c83	lb	x25,-111(x2)	  x2:0x80008359 x25=0x00000076 PA:0x800082ea
       10655000	      1064	80005924	05115783	lhu	x15,81(x2)	  x2:0x80008359 x15=0x00009398 PA:0x800083aa
       10665000	      1065	80005928	85c44b17	auipc	x22,0x85c44	 x22=0x05c49924
       10675000	      1066	8000592c	f8410083	lb	x1,-124(x2)	  x2:0x80008359  x1=0x00000003 PA:0x800082dd
       10685000	      1067	80005930	012697b3	sll	x15,x13,x18	 x13:0x00000001 x18:0x000001c3 x15=0x00000008
       10695000	      1068	80005934	08310ba3	sb	x3,151(x2)	  x2:0x80008359  x3:0x00000000 PA:0x800083f0
       10705000	      1069	80005938	160dc397	auipc	x7,0x160dc	  x7=0x960e1934
       10715000	      1070	8000593c	f5515283	lhu	x5,-171(x2)	  x2:0x80008359  x5=0x0000a156 PA:0x800082ae
       10725000	      1071	80005940	fe914383	lbu	x7,-23(x2)	  x2:0x80008359  x7=0x000000db PA:0x80008342
       10735000	      1072	80005944	f6e106a3	sb	x14,-147(x2)	  x2:0x80008359 x14:0x00000001 PA:0x800082c6
       10745000	      1073	80005948	4108d2b3	sra	x5,x17,x16	 x17:0x00000022 x16:0x00000000  x5=0x00000022
       10755000	      1074	8000594c	0b810683	lb	x13,184(x2)	  x2:0x80008359 x13=0x00000067 PA:0x80008411
       10765000	      1075	00000000	00000013	addi	x0,x0,0	  x0:0x00000000
       10775000	      1076	80005950	e866f213	andi	x4,x13,-378	 x13:0x00000067  x4=0x00000006
       10785000	      1077	80005954	07f10ea3	sb	x31,125(x2)	  x2:0x80008359 x31:0x00000057 PA:0x800083d6
       10795000	      1078	80005958	03b10483	lb	x9,59(x2)	  x2:0x80008359  x9=0x0000006f PA:0x80008394
       10805000	      1079	8000595c	b6dfa037	lui	x0,0xb6dfa	
       10815000	      1080	80005960	ffe10423	sb	x30,-24(x2)	  x2:0x80008359 x30:0x00001262 PA:0x80008341
       10825000	      1081	80005964	fb814d83	lbu	x27,-72(x2)	  x2:0x80008359 x27=0x0000008b PA:0x80008311
       10835000	      1082	80005968	00604f33	xor	x30,x0,x6	  x0:0x00000000  x6:0x24fff833 x30=0x24fff833
       10845000	      1083	8000596c	d3a42817	auipc	x16,0xd3a42	 x16=0x53a47968
       10855000	      1084	80005970	0b614483	lbu	x9,182(x2)	  x2:0x80008359  x9=0x00000060 PA:0x8000840f
       10865000	      1085	80005974	00003a97	auipc	x21,0x3	 x21=0x80008970
       10875000	      1086	80005978	138a8a93	addi	x21,x21,312	 x21:0x80008970 x21=0x80008aa8
       10885000	      1087	8000597c	40b5dfb3	sra	x31,x11,x11	 x11:0x80009f44 x11:0x80009f44 x31=0xf80009f4
       10895000	      1088	80005980	458ad903	lhu	x18,1112(x21)	 x21:0x80008aa8 x18=0x000022cc PA:0x80008f00
       10905000	      1089	80005984	01b9a733	slt	x14,x19,x27	 x19:0x00000001 x27:0x0000008b x14=0x00000001
       10915000	      1090	80005988	ee3a8aa3	sb	x3,-267(x21)	 x21:0x80008aa8  x3:0x00000000 PA:0x8000899d
       10925000	      1091	8000598c	3aeac703	lbu	x14,942(x21)	 x21:0x80008aa8 x14=0x00000044 PA:0x80008e56
       10935000	      1092	80005990	13cad183	lhu	x3,316(x21)	 x21:0x80008aa8  x3=0x0000e4a7 PA:0x80008be4
       10945000	      1093	80005994	40e35213	srai	x4,x6,0xe	  x6:0x24fff833  x4=0x000093ff
       10955000	      1094	80005998	00529b13	slli	x22,x5,0x5	  x5:0x00000022 x22=0x00000440
       10965000	      1095	8000599c	00a19413	slli	x8,x3,0xa	  x3:0x0000e4a7  x8=0x03929c00
       10975000	      1096	800059a0	ada70093	addi	x1,x14,-1318	 x14:0x00000044  x1=0xfffffb1e
       10985000	      1097	800059a4	014aae03	lw	x28,20(x21)	 x21:0x80008aa8 x28=0x7c219d51 PA:0x80008abc
       10995000	      1098	800059a8	01525313	srli	x6,x4,0x15	  x4:0x000093ff  x6=0x00000000
       11005000	      1099	800059ac	402cd213	srai	x4,x25,0x2	 x25:0x00000076  x4=0x0000001d
       11015000	      1100	800059b0	00bf90b3	sll	x1,x31,x11	 x31:0xf80009f4 x11:0x80009f44  x1=0x80009f40
       11025000	      1101	800059b4	e02aa623	sw	x2,-500(x21)	 x21:0x80008aa8  x2:0x80008359 PA:0x800088b4
       11035000	      1102	800059b8	376a9323	sh	x22,870(x21)	 x21:0x80008aa8 x22:0x00000440 PA:0x80008e0e
       11045000	      1103	800059bc	0d2a8023	sb	x18,192(x21)	 x21:0x80008aa8 x18:0x000022cc PA:0x80008b68
       11055000	      1104	800059c0	e34ac483	lbu	x9,-460(x21)	 x21:0x80008aa8  x9=0x000000de PA:0x800088dc
       11065000	      1105	800059c4	e64a8723	sb	x4,-402(x21)	 x21:0x80008aa8  x4:0x0000001d PA:0x80008916
       11075000	      1106	800059c8	284a8183	lb	x3,644(x21)	 x21:0x80008aa8  x3=0xffffffc9 PA:0x80008d2c
       11085000	      1107	800059cc	346a9b23	sh	x6,854(x21)	 x21:0x80008aa8  x6:0x00000000 PA:0x80008dfe
       11095000	      1108	800059d0	fbfac803	lbu	x16,-65(x21)	 x21:0x80008aa8 x16=0x000000f4 PA:0x80008a67
       11105000	      1109	800059d4	011fb033	sltu	x0,x31,x17	 x31:0xf80009f4 x17:0x00000022
       11115000	      1110	800059d8	fe1a8c23	sb	x1,-8(x21)	 x21:0x80008aa8  x1:0x80009f40 PA:0x80008aa0
       11125000	      1111	800059dc	e3ba8e03	lb	x28,-453(x21)	 x21:0x80008aa8 x28=0x0000003a PA:0x800088e3
       11135000	      1112	800059e0	338aaf03	lw	x30,824(x21)	 x21:0x80008aa8 x30=0x19e50374 PA:0x80008de0
       11145000	      1113	800059e4	01460f33	add	x30,x12,x20	 x12:0xa20c5895 x20:0x00000000 x30=0xa20c5895
       11155000	      1114	800059e8	4131dc13	srai	x24,x3,0x13	  x3:0xffffffc9 x24=0xffffffff
       11165000	      1115	800059ec	63174213	xori	x4,x14,1585	 x14:0x00000044  x4=0x00000675
       11175000	      1116	800059f0	01111693	slli	x13,x2,0x11	  x2:0x80008359 x13=0x06b20000
       11185000	      1117	800059f4	2ccaa883	lw	x17,716(x21)	 x21:0x80008aa8 x17=0x46b22b91 PA:0x80008d74
       11195000	      1118	800059f8	00a73833	sltu	x16,x14,x10	 x14:0x00000044 x10:0x80009fc4 x16=0x00000001
       11205000	      1119	800059fc	408507b3	sub	x15,x10,x8	 x10:0x80009fc4  x8:0x03929c00 x15=0x7c6e03c4
       11215000	      1120	80005a00	257ac203	lbu	x4,599(x21)	 x21:0x80008aa8  x4=0x000000ed PA:0x80008cff
       11225000	      1121	80005a04	455baa13	slti	x20,x23,1109	 x23:0x00000000 x20=0x00000001
       11235000	      1122	80005a08	351a86a3	sb	x17,845(x21)	 x21:0x80008aa8 x17:0x46b22b91 PA:0x80008df5
       11245000	      1123	80005a0c	186a9e23	sh	x6,412(x21)	 x21:0x80008aa8  x6:0x00000000 PA:0x80008c44
       11255000	      1124	80005a10	9ca98097	auipc	x1,0x9ca98	  x1=0x1ca9da0c
       11265000	      1125	80005a14	258a8b03	lb	x22,600(x21)	 x21:0x80008aa8 x22=0x0000006b PA:0x80008d00
       11275000	      1126	80005a18	f8ea8323	sb	x14,-122(x21)	 x21:0x80008aa8 x14:0x00000044 PA:0x80008a2e
       11285000	      1127	80005a1c	d9ea9d03	lh	x26,-610(x21)	 x21:0x80008aa8 x26=0x00006f0a PA:0x80008846
       11295000	      1128	80005a20	3f2ac383	lbu	x7,1010(x21)	 x21:0x80008aa8  x7=0x0000006a PA:0x80008e9a
       11305000	      1129	80005a24	3deacd03	lbu	x26,990(x21)	 x21:0x80008aa8 x26=0x00000082 PA:0x80008e86
       11315000	      1130	80005a28	353a8703	lb	x14,851(x21)	 x21:0x80008aa8 x14=0x0000002f PA:0x80008dfb
       11325000	      1131	80005a2c	4123d093	srai	x1,x7,0x12	  x7:0x0000006a  x1=0x00000000
       11335000	      1132	80005a30	3cbacd03	lbu	x26,971(x21)	 x21:0x80008aa8 x26=0x00000075 PA:0x80008e73
       11345000	      1133	80005a34	40a45cb3	sra	x25,x8,x10	  x8:0x03929c00 x10:0x80009fc4 x25=0x003929c0
       11355000	      1134	80005a38	58a24413	xori	x8,x4,1418	  x4:0x000000ed  x8=0x00000567
       11365000	      1135	80005a3c	a73eed93	ori	x27,x29,-1421	 x29:0xffffff8a x27=0xfffffffb
       11375000	      1136	80005a40	1fca9f23	sh	x28,510(x21)	 x21:0x80008aa8 x28:0x0000003a PA:0x80008ca6
       11385000	      1137	80005a44	010a8203	lb	x4,16(x21)	 x21:0x80008aa8  x4=0x00000068 PA:0x80008ab8
       11395000	      1138	80005a48	00003d97	auipc	x27,0x3	 x27=0x80008a44
       11405000	      1139	80005a4c	022d8d93	addi	x27,x27,34	 x27:0x80008a44 x27=0x80008a66
       11415000	      1140	80005a50	01c324b3	slt	x9,x6,x28	  x6:0x00000000 x28:0x0000003a  x9=0x00000001
       11425000	      1141	80005a54	cf780093	addi	x1,x16,-777	 x16:0x00000001  x1=0xfffffcf8
       11435000	      1142	80005a58	003c5813	srli	x16,x24,0x3	 x24:0xffffffff x16=0x1fffffff
       11445000	      1143	80005a5c	3d0d8203	lb	x4,976(x27)	 x27:0x80008a66  x4=0xffffff8f PA:0x80008e36
       11455000	      1144	80005a60	01c56333	or	x6,x10,x28	 x10:0x80009fc4 x28:0x0000003a  x6=0x80009ffe
       11465000	      1145	80005a64	51bd89a3	sb	x27,1299(x27)	 x27:0x80008a66 x27:0x80008a66 PA:0x80008f79
       11475000	      1146	80005a68	436d8ba3	sb	x22,1079(x27)	 x27:0x80008a66 x22:0x0000006b PA:0x80008e9d
       11485000	      1147	80005a6c	f5cdd903	lhu	x18,-164(x27)	 x27:0x80008a66 x18=0x00005369 PA:0x800089c2
       11495000	      1148	80005a70	ff6d9423	sh	x22,-24(x27)	 x27:0x80008a66 x22:0x0000006b PA:0x80008a4e
       11505000	      1149	80005a74	066d8783	lb	x15,102(x27)	 x27:0x80008a66 x15=0xffffff95 PA:0x80008acc
       11515000	      1150	80005a78	0a8d8423	sb	x8,168(x27)	 x27:0x80008a66  x8:0x00000567 PA:0x80008b0e
       11525000	      1151	80005a7c	f10dd403	lhu	x8,-240(x27)	 x27:0x80008a66  x8=0x000035fe PA:0x80008976
       11535000	      1152	80005a80	41688333	sub	x6,x17,x22	 x17:0x46b22b91 x22:0x0000006b  x6=0x46b22b26
       11545000	      1153	80005a84	6f7d5197	auipc	x3,0x6f7d5	  x3=0xef7daa80
       11555000	      1154	80005a88	2c9d8483	lb	x9,713(x27)	 x27:0x80008a66  x9=0x0000002a PA:0x80008d2f
       11565000	      1155	80005a8c	006a23b3	slt	x7,x20,x6	 x20:0x00000001  x6:0x46b22b26  x7=0x00000001
       11575000	      1156	80005a90	00ec41b3	xor	x3,x24,x14	 x24:0xffffffff x14:0x0000002f  x3=0xffffffd0
       11585000	      1157	80005a94	f14d8283	lb	x5,-236(x27)	 x27:0x80008a66  x5=0xffffffff PA:0x8000897a
       11595000	      1158	80005a98	1e6d8aa3	sb	x6,501(x27)	 x27:0x80008a66  x6:0x46b22b26 PA:0x80008c5b
       11605000	      1159	80005a9c	011c21b3	slt	x3,x24,x17	 x24:0xffffffff x17:0x46b22b91  x3=0x00000001
       11615000	      1160	80005aa0	0166aeb3	slt	x29,x13,x22	 x13:0x06b20000 x22:0x0000006b x29=0x00000000
       11625000	      1161	80005aa4	09cdc203	lbu	x4,156(x27)	 x27:0x80008a66  x4=0x00000038 PA:0x80008b02
       11635000	      1162	80005aa8	d4a3e017	auipc	x0,0xd4a3e	
       11645000	      1163	80005aac	46bd8b83	lb	x23,1131(x27)	 x27:0x80008a66 x23=0x0000006d PA:0x80008ed1
       11655000	      1164	80005ab0	299dce03	lbu	x28,665(x27)	 x27:0x80008a66 x28=0x000000ed PA:0x80008cff
       11665000	      1165	80005ab4	001fcdb3	xor	x27,x31,x1	 x31:0xf80009f4  x1:0xfffffcf8 x27=0x07fff50c
       11675000	      1166	80005ab8	e5423713	sltiu	x14,x4,-428	  x4:0x00000038 x14=0x00000001
       11685000	      1167	80005abc	156a7f13	andi	x30,x20,342	 x20:0x00000001 x30=0x00000000
       11695000	      1168	80005ac0	01514c63	blt	x2,x21,80005ad8	  x2:0x80008359 x21:0x80008aa8
       11705000	      1169	00000000	00000013	addi	x0,x0,0	  x0:0x00000000
       11715000	      1170	80005ad4	00000013	addi	x0,x0,0	  x0:0x00000000
       11725000	      1171	80005ad8	bc09fb93	andi	x23,x19,-1088	 x19:0x00000001 x23=0x00000000
       11735000	      1172	80005adc	3287e213	ori	x4,x15,808	 x15:0xffffff95  x4=0xffffffbd
       11745000	      1173	80005ae0	ef38bc13	sltiu	x24,x17,-269	 x17:0x46b22b91 x24=0x00000001
       11755000	      1174	80005ae4	ff528813	addi	x16,x5,-11	  x5:0xffffffff x16=0xfffffff4
       11765000	      1175	80005ae8	41b2deb3	sra	x29,x5,x27	  x5:0xffffffff x27:0x07fff50c x29=0xffffffff
       11775000	      1176	80005aec	406d5713	srai	x14,x26,0x6	 x26:0x00000075 x14=0x00000001
       11785000	      1177	80005af0	00000013	addi	x0,x0,0	  x0:0x00000000
       11795000	      1178	80005af4	01f26263	bltu	x4,x31,80005af8	  x4:0xffffffbd x31:0xf80009f4
       11805000	      1179	80005af8	45aa7313	andi	x6,x20,1114	 x20:0x00000001  x6=0x00000000
       11815000	      1180	80005afc	007a3bb3	sltu	x23,x20,x7	 x20:0x00000001  x7:0x00000001 x23=0x00000000
       11825000	      1181	80005b00	00fc0c63	beq	x24,x15,80005b18	 x24:0x00000001 x15:0xffffff95
       11835000	      1182	80005b04	01d010b3	sll	x1,x0,x29	  x0:0x00000000 x29:0xffffffff  x1=0x00000000
       11845000	      1183	80005b08	41c3d213	srai	x4,x7,0x1c	  x7:0x00000001  x4=0x00000000
       11855000	      1184	80005b0c	01bb8433	add	x8,x23,x27	 x23:0x00000000 x27:0x07fff50c  x8=0x07fff50c
       11865000	      1185	80005b10	008d28b3	slt	x17,x26,x8	 x26:0x00000075  x8:0x07fff50c x17=0x00000001
       11875000	      1186	80005b14	69803693	sltiu	x13,x0,1688	  x0:0x00000000 x13=0x00000001
       11885000	      1187	80005b18	014c42b3	xor	x5,x24,x20	 x24:0x00000001 x20:0x00000001  x5=0x00000000
       11895000	      1188	80005b1c	00f52b33	slt	x22,x10,x15	 x10:0x80009fc4 x15:0xffffff95 x22=0x00000001
       11905000	      1189	80005b20	03060863	beq	x12,x16,80005b50	 x12:0xa20c5895 x16:0xfffffff4
       11915000	      1190	80005b24	00b19cb3	sll	x25,x3,x11	  x3:0x00000001 x11:0x80009f44 x25=0x00000010
       11925000	      1191	80005b28	62e22413	slti	x8,x4,1582	  x4:0x00000000  x8=0x00000001
       11935000	      1192	80005b2c	0411e863	bltu	x3,x1,80005b7c	  x3:0x00000001  x1:0x00000000
       11945000	      1193	80005b30	4004d433	sra	x8,x9,x0	  x9:0x0000002a  x0:0x00000000  x8=0x0000002a
       11955000	      1194	80005b34	0293ea63	bltu	x7,x9,80005b68	  x7:0x00000001  x9:0x0000002a
       11965000	      1195	00000000	00000013	addi	x0,x0,0	  x0:0x00000000
       11975000	      1196	80005b64	00000013	addi	x0,x0,0	  x0:0x00000000
       11985000	      1197	80005b68	00e354b3	srl	x9,x6,x14	  x6:0x00000000 x14:0x00000001  x9=0x00000000
       11995000	      1198	80005b6c	961eb313	sltiu	x6,x29,-1695	 x29:0xffffffff  x6=0x00000000
       12005000	      1199	80005b70	40e68233	sub	x4,x13,x14	 x13:0x00000001 x14:0x00000001  x4=0x00000000
       12015000	      1200	80005b74	00c07663	bgeu	x0,x12,80005b80	  x0:0x00000000 x12:0xa20c5895
       12025000	      1201	80005b78	00c49033	sll	x0,x9,x12	  x9:0x00000000 x12:0xa20c5895
       12035000	      1202	80005b7c	00670f33	add	x30,x14,x6	 x14:0x00000001  x6:0x00000000 x30=0x00000001
       12045000	      1203	80005b80	d313f793	andi	x15,x7,-719	  x7:0x00000001 x15=0x00000001
       12055000	      1204	80005b84	41630db3	sub	x27,x6,x22	  x6:0x00000000 x22:0x00000001 x27=0xffffffff
       12065000	      1205	80005b88	40145a33	sra	x20,x8,x1	  x8:0x0000002a  x1:0x00000000 x20=0x0000002a
       12075000	      1206	80005b8c	3e7f3913	sltiu	x18,x30,999	 x30:0x00000001 x18=0x00000001
       12085000	      1207	80005b90	001486b3	add	x13,x9,x1	  x9:0x00000000  x1:0x00000000 x13=0x00000000
       12095000	      1208	80005b94	6e658493	addi	x9,x11,1766	 x11:0x80009f44  x9=0x8000a62a
       12105000	      1209	80005b98	00e7b933	sltu	x18,x15,x14	 x15:0x00000001 x14:0x00000001 x18=0x00000000
       12115000	      1210	80005b9c	00e08a33	add	x20,x1,x14	  x1:0x00000000 x14:0x00000001 x20=0x00000001
       12125000	      1211	80005ba0	d7c4e693	ori	x13,x9,-644	  x9:0x8000a62a x13=0xffffff7e
       12135000	      1212	80005ba4	01c7c733	xor	x14,x15,x28	 x15:0x00000001 x28:0x000000ed x14=0x000000ec
       12145000	      1213	80005ba8	016f5c13	srli	x24,x30,0x16	 x30:0x00000001 x24=0x00000000
       12155000	      1214	80005bac	00cdc633	xor	x12,x27,x12	 x27:0xffffffff x12:0xa20c5895 x12=0x5df3a76a
       12165000	      1215	80005bb0	6768c097	auipc	x1,0x6768c	  x1=0xe7691bac
       12175000	      1216	80005bb4	00505c63	bge	x0,x5,80005bcc	  x0:0x00000000  x5:0x00000000
       12185000	      1217	00000000	00000013	addi	x0,x0,0	  x0:0x00000000
       12195000	      1218	80005bc8	00000013	addi	x0,x0,0	  x0:0x00000000
       12205000	      1219	80005bcc	000c0eb3	add	x29,x24,x0	 x24:0x00000000  x0:0x00000000 x29=0x00000000
       12215000	      1220	80005bd0	f8502613	slti	x12,x0,-123	  x0:0x00000000 x12=0x00000000
       12225000	      1221	80005bd4	01893833	sltu	x16,x18,x24	 x18:0x00000000 x24:0x00000000 x16=0x00000000
       12235000	      1222	80005bd8	0193de13	srli	x28,x7,0x19	  x7:0x00000001 x28=0x00000000
       12245000	      1223	80005bdc	02a1ee63	bltu	x3,x10,80005c18	  x3:0x00000001 x10:0x80009fc4
       12255000	      1224	00000000	00000013	addi	x0,x0,0	  x0:0x00000000
       12265000	      1225	80005c14	00000013	addi	x0,x0,0	  x0:0x00000000
       12275000	      1226	80005c18	41985b13	srai	x22,x16,0x19	 x16:0x00000000 x22=0x00000000
       12285000	      1227	80005c1c	00401d13	slli	x26,x0,0x4	  x0:0x00000000 x26=0x00000000
       12295000	      1228	80005c20	0afbae17	auipc	x28,0xafba	 x28=0x8afbfc1c
       12305000	      1229	80005c24	ce03eb93	ori	x23,x7,-800	  x7:0x00000001 x23=0xfffffce1
       12315000	      1230	80005c28	00d52f33	slt	x30,x10,x13	 x10:0x80009fc4 x13:0xffffff7e x30=0x00000001
       12325000	      1231	80005c2c	002dd463	bge	x27,x2,80005c34	 x27:0xffffffff  x2:0x80008359
       12335000	      1232	00000000	00000013	addi	x0,x0,0	  x0:0x00000000
       12345000	      1233	80005c30	00000013	addi	x0,x0,0	  x0:0x00000000
       12355000	      1234	80005c34	fc9d7493	andi	x9,x26,-55	 x26:0x00000000  x9=0x00000000
       12365000	      1235	80005c38	d6080893	addi	x17,x16,-672	 x16:0x00000000 x17=0xfffffd60
       12375000	      1236	80005c3c	72ac7f17	auipc	x30,0x72ac7	 x30=0xf2accc38
       12385000	      1237	80005c40	00739333	sll	x6,x7,x7	  x7:0x00000001  x7:0x00000001  x6=0x00000002
       12395000	      1238	80005c44	79706197	auipc	x3,0x79706	  x3=0xf970bc40
       12405000	      1239	80005c48	038b4c63	blt	x22,x24,80005c80	 x22:0x00000000 x24:0x00000000
       12415000	      1240	80005c4c	0108de93	srli	x29,x17,0x10	 x17:0xfffffd60 x29=0x0000ffff
       12425000	      1241	80005c50	014521b3	slt	x3,x10,x20	 x10:0x80009fc4 x20:0x00000001  x3=0x00000001
       12435000	      1242	80005c54	018c5413	srli	x8,x24,0x18	 x24:0x00000000  x8=0x00000000
       12445000	      1243	80005c58	049b0063	beq	x22,x9,80005c98	 x22:0x00000000  x9:0x00000000
       12455000	      1244	00000000	00000013	addi	x0,x0,0	  x0:0x00000000
       12465000	      1245	80005c94	00000013	addi	x0,x0,0	  x0:0x00000000
       12475000	      1246	80005c98	05395263	bge	x18,x19,80005cdc	 x18:0x00000000 x19:0x00000001
       12485000	      1247	80005c9c	03244a63	blt	x8,x18,80005cd0	  x8:0x00000000 x18:0x00000000
       12495000	      1248	80005ca0	00e853b3	srl	x7,x16,x14	 x16:0x00000000 x14:0x000000ec  x7=0x00000000
       12505000	      1249	80005ca4	5658bd37	lui	x26,0x5658b	 x26=0x5658b000
       12515000	      1250	80005ca8	35e4ccb7	lui	x25,0x35e4c	 x25=0x35e4c000
       12525000	      1251	80005cac	01e1f2b3	and	x5,x3,x30	  x3:0x00000001 x30:0xf2accc38  x5=0x00000000
       12535000	      1252	80005cb0	00d5b733	sltu	x14,x11,x13	 x11:0x80009f44 x13:0xffffff7e x14=0x00000001
       12545000	      1253	80005cb4	9e9f5317	auipc	x6,0x9e9f5	  x6=0x1e9facb0
       12555000	      1254	80005cb8	409d01b3	sub	x3,x26,x9	 x26:0x5658b000  x9:0x00000000  x3=0x5658b000
       12565000	      1255	80005cbc	00000013	addi	x0,x0,0	  x0:0x00000000
       12575000	      1256	80005cc0	008e6e63	bltu	x28,x8,80005cdc	 x28:0x8afbfc1c  x8:0x00000000
       12585000	      1257	80005cc4	014be6b3	or	x13,x23,x20	 x23:0xfffffce1 x20:0x00000001 x13=0xfffffce1
       12595000	      1258	80005cc8	04857663	bgeu	x10,x8,80005d14	 x10:0x80009fc4  x8:0x00000000
       12605000	      1259	00000000	00000013	addi	x0,x0,0	  x0:0x00000000
       12615000	      1260	80005d10	00000013	addi	x0,x0,0	  x0:0x00000000
       12625000	      1261	80005d14	8e358d93	addi	x27,x11,-1821	 x11:0x80009f44 x27=0x80009827
       12635000	      1262	80005d18	1a5a3293	sltiu	x5,x20,421	 x20:0x00000001  x5=0x00000001
       12645000	      1263	80005d1c	1a580613	addi	x12,x16,421	 x16:0x00000000 x12=0x000001a5
       12655000	      1264	80005d20	41ff5133	sra	x2,x30,x31	 x30:0xf2accc38 x31:0xf80009f4  x2=0xffffff2a
       12665000	      1265	80005d24	00bc8c63	beq	x25,x11,80005d3c	 x25:0x35e4c000 x11:0x80009f44
       12675000	      1266	80005d28	0051d413	srli	x8,x3,0x5	  x3:0x5658b000  x8=0x02b2c580
       12685000	      1267	80005d2c	419c02b3	sub	x5,x24,x25	 x24:0x00000000 x25:0x35e4c000  x5=0xca1b4000
       12695000	      1268	80005d30	005d1f13	slli	x30,x26,0x5	 x26:0x5658b000 x30=0xcb160000
       12705000	      1269	80005d34	e3e43913	sltiu	x18,x8,-450	  x8:0x02b2c580 x18=0x00000001
       12715000	      1270	80005d38	0312ec63	bltu	x5,x17,80005d70	  x5:0xca1b4000 x17:0xfffffd60
       12725000	      1271	00000000	00000013	addi	x0,x0,0	  x0:0x00000000
       12735000	      1272	80005d6c	00000013	addi	x0,x0,0	  x0:0x00000000
       12745000	      1273	80005d70	e9b4b293	sltiu	x5,x9,-357	  x9:0x00000000  x5=0x00000001
       12755000	      1274	80005d74	408883b3	sub	x7,x17,x8	 x17:0xfffffd60  x8:0x02b2c580  x7=0xfd4d37e0
       12765000	      1275	80005d78	5d4f6c13	ori	x24,x30,1492	 x30:0xcb160000 x24=0xcb1605d4
       12775000	      1276	80005d7c	d193bf17	auipc	x30,0xd193b	 x30=0x51940d78
       12785000	      1277	80005d80	049a4263	blt	x20,x9,80005dc4	 x20:0x00000001  x9:0x00000000
       12795000	      1278	80005d84	00a35eb3	srl	x29,x6,x10	  x6:0x1e9facb0 x10:0x80009fc4 x29=0x01e9facb
       12805000	      1279	80005d88	01560463	beq	x12,x21,80005d90	 x12:0x000001a5 x21:0x80008aa8
       12815000	      1280	80005d8c	01335033	srl	x0,x6,x19	  x6:0x1e9facb0 x19:0x00000001
       12825000	      1281	80005d90	04fdf863	bgeu	x27,x15,80005de0	 x27:0x80009827 x15:0x00000001
       12835000	      1282	00000000	00000013	addi	x0,x0,0	  x0:0x00000000
       12845000	      1283	80005ddc	00000013	addi	x0,x0,0	  x0:0x00000000
       12855000	      1284	80005de0	c3c4c893	xori	x17,x9,-964	  x9:0x00000000 x17=0xfffffc3c
       12865000	      1285	80005de4	494b9817	auipc	x16,0x494b9	 x16=0xc94bede0
       12875000	      1286	80005de8	84e06393	ori	x7,x0,-1970	  x0:0x00000000  x7=0xfffff84e
       12885000	      1287	80005dec	03f15a63	bge	x2,x31,80005e20	  x2:0xffffff2a x31:0xf80009f4
       12895000	      1288	00000000	00000013	addi	x0,x0,0	  x0:0x00000000
       12905000	      1289	80005e1c	00000013	addi	x0,x0,0	  x0:0x00000000
       12915000	      1290	80005e20	01045e33	srl	x28,x8,x16	  x8:0x02b2c580 x16:0xc94bede0 x28=0x02b2c580
       12925000	      1291	80005e24	05e56663	bltu	x10,x30,80005e70	 x10:0x80009fc4 x30:0x51940d78
       12935000	      1292	80005e28	9b840e93	addi	x29,x8,-1608	  x8:0x02b2c580 x29=0x02b2bf38
       12945000	      1293	80005e2c	000ed413	srli	x8,x29,0x0	 x29:0x02b2bf38  x8=0x02b2bf38
       12955000	      1294	80005e30	03b9e463	bltu	x19,x27,80005e58	 x19:0x00000001 x27:0x80009827
       12965000	      1295	00000000	00000013	addi	x0,x0,0	  x0:0x00000000
       12975000	      1296	80005e54	00000013	addi	x0,x0,0	  x0:0x00000000
       12985000	      1297	80005e58	41e888b3	sub	x17,x17,x30	 x17:0xfffffc3c x30:0x51940d78 x17=0xae6beec4
       12995000	      1298	80005e5c	0571d463	bge	x3,x23,80005ea4	  x3:0x5658b000 x23:0xfffffce1
       13005000	      1299	00000000	00000013	addi	x0,x0,0	  x0:0x00000000
       13015000	      1300	80005ea0	00000013	addi	x0,x0,0	  x0:0x00000000
       13025000	      1301	80005ea4	018071b3	and	x3,x0,x24	  x0:0x00000000 x24:0xcb1605d4  x3=0x00000000
       13035000	      1302	80005ea8	0058d393	srli	x7,x17,0x5	 x17:0xae6beec4  x7=0x05735f76
       13045000	      1303	80005eac	0124cab3	xor	x21,x9,x18	  x9:0x00000000 x18:0x00000001 x21=0x00000001
       13055000	      1304	80005eb0	03d96c63	bltu	x18,x29,80005ee8	 x18:0x00000001 x29:0x02b2bf38
       13065000	      1305	00000000	00000013	addi	x0,x0,0	  x0:0x00000000
       13075000	      1306	80005ee4	00000013	addi	x0,x0,0	  x0:0x00000000
       13085000	      1307	80005ee8	015fa833	slt	x16,x31,x21	 x31:0xf80009f4 x21:0x00000001 x16=0x00000001
       13095000	      1308	80005eec	0159c2b3	xor	x5,x19,x21	 x19:0x00000001 x21:0x00000001  x5=0x00000000
       13105000	      1309	80005ef0	03410a63	beq	x2,x20,80005f24	  x2:0xffffff2a x20:0x00000001
       13115000	      1310	80005ef4	04a7d463	bge	x15,x10,80005f3c	 x15:0x00000001 x10:0x80009fc4
       13125000	      1311	00000000	00000013	addi	x0,x0,0	  x0:0x00000000
       13135000	      1312	80005f38	00000013	addi	x0,x0,0	  x0:0x00000000
       13145000	      1313	80005f3c	01f19b13	slli	x22,x3,0x1f	  x3:0x00000000 x22=0x00000000
       13155000	      1314	80005f40	047d6863	bltu	x26,x7,80005f90	 x26:0x5658b000  x7:0x05735f76
       13165000	      1315	80005f44	00d2eab3	or	x21,x5,x13	  x5:0x00000000 x13:0xfffffce1 x21=0xfffffce1
       13175000	      1316	80005f48	7777ec93	ori	x25,x15,1911	 x15:0x00000001 x25=0x00000777
       13185000	      1317	80005f4c	01994bb3	xor	x23,x18,x25	 x18:0x00000001 x25:0x00000777 x23=0x00000776
       13195000	      1318	80005f50	00178263	beq	x15,x1,80005f54	 x15:0x00000001  x1:0xe7691bac
       13205000	      1319	80005f54	00ad6e63	bltu	x26,x10,80005f70	 x26:0x5658b000 x10:0x80009fc4
       13215000	      1320	00000000	00000013	addi	x0,x0,0	  x0:0x00000000
       13225000	      1321	80005f6c	00000013	addi	x0,x0,0	  x0:0x00000000
       13235000	      1322	80005f70	00001e13	slli	x28,x0,0x0	  x0:0x00000000 x28=0x00000000
       13245000	      1323	80005f74	00b7e233	or	x4,x15,x11	 x15:0x00000001 x11:0x80009f44  x4=0x80009f45
       13255000	      1324	80005f78	01031a33	sll	x20,x6,x16	  x6:0x1e9facb0 x16:0x00000001 x20=0x3d3f5960
       13265000	      1325	80005f7c	00000013	addi	x0,x0,0	  x0:0x00000000
       13275000	      1326	80005f80	02840bb7	lui	x23,0x2840	 x23=0x02840000
       13285000	      1327	80005f84	02209463	bne	x1,x2,80005fac	  x1:0xe7691bac  x2:0xffffff2a
       13295000	      1328	00000000	00000013	addi	x0,x0,0	  x0:0x00000000
       13305000	      1329	80005fa8	00000013	addi	x0,x0,0	  x0:0x00000000
       13315000	      1330	80005fac	0bca4a93	xori	x21,x20,188	 x20:0x3d3f5960 x21=0x3d3f59dc
       13325000	      1331	80005fb0	017f1c13	slli	x24,x30,0x17	 x30:0x51940d78 x24=0xbc000000
       13335000	      1332	80005fb4	019916b3	sll	x13,x18,x25	 x18:0x00000001 x25:0x00000777 x13=0x00800000
       13345000	      1333	80005fb8	00374633	xor	x12,x14,x3	 x14:0x00000001  x3:0x00000000 x12=0x00000001
       13355000	      1334	80005fbc	00000013	addi	x0,x0,0	  x0:0x00000000
       13365000	      1335	80005fc0	7462c693	xori	x13,x5,1862	  x5:0x00000000 x13=0x00000746
       13375000	      1336	80005fc4	008c9733	sll	x14,x25,x8	 x25:0x00000777  x8:0x02b2bf38 x14=0x77000000
       13385000	      1337	80005fc8	01c1df93	srli	x31,x3,0x1c	  x3:0x00000000 x31=0x00000000
       13395000	      1338	80005fcc	015201b3	add	x3,x4,x21	  x4:0x80009f45 x21:0x3d3f59dc  x3=0xbd3ff921
       13405000	      1339	80005fd0	0164ab33	slt	x22,x9,x22	  x9:0x00000000 x22:0x00000000 x22=0x00000000
       13415000	      1340	80005fd4	00fdab33	slt	x22,x27,x15	 x27:0x80009827 x15:0x00000001 x22=0x00000001
       13425000	      1341	80005fd8	7de50037	lui	x0,0x7de50	
       13435000	      1342	80005fdc	4a7fbd13	sltiu	x26,x31,1191	 x31:0x00000000 x26=0x00000001
       13445000	      1343	80005fe0	177ce663	bltu	x25,x23,8000614c	 x25:0x00000777 x23:0x02840000
       13455000	      1344	00000000	00000013	addi	x0,x0,0	  x0:0x00000000
       13465000	      1345	80006148	00000013	addi	x0,x0,0	  x0:0x00000000
       13475000	      1346	8000614c	40040ab3	sub	x21,x8,x0	  x8:0x02b2bf38  x0:0x00000000 x21=0x02b2bf38
       13485000	      1347	80006150	00d1e863	bltu	x3,x13,80006160	  x3:0xbd3ff921 x13:0x00000746
       13495000	      1348	80006154	0e079463	bne	x15,x0,8000623c	 x15:0x00000001  x0:0x00000000
       13505000	      1349	00000000	00000013	addi	x0,x0,0	  x0:0x00000000
       13515000	      1350	80006238	00000013	addi	x0,x0,0	  x0:0x00000000
       13525000	      1351	8000623c	6355e693	ori	x13,x11,1589	 x11:0x80009f44 x13=0x80009f75
       13535000	      1352	80006240	3b828f93	addi	x31,x5,952	  x5:0x00000000 x31=0x000003b8
       13545000	      1353	80006244	000cd433	srl	x8,x25,x0	 x25:0x00000777  x0:0x00000000  x8=0x00000777
       13555000	      1354	80006248	00dedc13	srli	x24,x29,0xd	 x29:0x02b2bf38 x24=0x00001595
       13565000	      1355	8000624c	40c7d613	srai	x12,x15,0xc	 x15:0x00000001 x12=0x00000000
       13575000	      1356	80006250	019bcab3	xor	x21,x23,x25	 x23:0x02840000 x25:0x00000777 x21=0x02840777
       13585000	      1357	80006254	0089b6b3	sltu	x13,x19,x8	 x19:0x00000001  x8:0x00000777 x13=0x00000001
       13595000	      1358	80006258	c0d0a713	slti	x14,x1,-1011	  x1:0xe7691bac x14=0x00000001
       13605000	      1359	8000625c	0099de33	srl	x28,x19,x9	 x19:0x00000001  x9:0x00000000 x28=0x00000001
       13615000	      1360	80006260	018cb933	sltu	x18,x25,x24	 x25:0x00000777 x24:0x00001595 x18=0x00000001
       13625000	      1361	80006264	01cac0b3	xor	x1,x21,x28	 x21:0x02840777 x28:0x00000001  x1=0x02840776
       13635000	      1362	80006268	40e65093	srai	x1,x12,0xe	 x12:0x00000000  x1=0x00000000
       13645000	      1363	8000626c	ffffae17	auipc	x28,0xffffa	 x28=0x80000268
       13655000	      1364	80006270	360e0e13	addi	x28,x28,864	 x28:0x80000268 x28=0x800005c8
       13665000	      1365	80006274	b96f9a17	auipc	x20,0xb96f9	 x20=0x396ff270
       13675000	      1366	80006278	00a1d233	srl	x4,x3,x10	  x3:0xbd3ff921 x10:0x80009fc4  x4=0x0bd3ff92
       13685000	      1367	8000627c	58397c93	andi	x25,x18,1411	 x18:0x00000001 x25=0x00000001
       13695000	      1368	80006280	e9507013	andi	x0,x0,-363	  x0:0x00000000
       13705000	      1369	80006284	40a7d4b3	sra	x9,x15,x10	 x15:0x00000001 x10:0x80009fc4  x9=0x00000000
       13715000	      1370	80006288	d70e0e13	addi	x28,x28,-656	 x28:0x800005c8 x28=0x80000338
       13725000	      1371	8000628c	013a5863	bge	x20,x19,8000629c	 x20:0x396ff270 x19:0x00000001
       13735000	      1372	00000000	00000013	addi	x0,x0,0	  x0:0x00000000
       13745000	      1373	80006298	00000013	addi	x0,x0,0	  x0:0x00000000
       13755000	      1374	8000629c	291e08e7	jalr	x17,x28,657	 x28:0x80000338 x17=0x8000629c
       13765000	      1375	00000000	00000013	addi	x0,x0,0	  x0:0x00000000
       13775000	      1376	800005c8	00000013	addi	x0,x0,0	  x0:0x00000000
       13785000	      1377	800005cc	01357c63	bgeu	x10,x19,800005e4	 x10:0x80009fc4 x19:0x00000001
       13795000	      1378	00000000	00000013	addi	x0,x0,0	  x0:0x00000000
       13805000	      1379	800005e0	00000013	addi	x0,x0,0	  x0:0x00000000
       13815000	      1380	800005e4	fc858593	addi	x11,x11,-56	 x11:0x80009f44 x11=0x80009f0c
       13825000	      1381	800005e8	0115a223	sw	x17,4(x11)	 x11:0x80009f0c x17:0x8000629c PA:0x80009f10
       13835000	      1382	800005ec	00ce1d13	slli	x26,x28,0xc	 x28:0x80000338 x26=0x00338000
       13845000	      1383	800005f0	01b6eeb3	or	x29,x13,x27	 x13:0x00000001 x27:0x80009827 x29=0x80009827
       13855000	      1384	800005f4	00009a17	auipc	x20,0x9	 x20=0x800095f0
       13865000	      1385	800005f8	8dca0a13	addi	x20,x20,-1828	 x20:0x800095f0 x20=0x80008ecc
       13875000	      1386	800005fc	fd3a4603	lbu	x12,-45(x20)	 x20:0x80008ecc x12=0x0000003e PA:0x80008e9f
       13885000	      1387	80000600	02ea1123	sh	x14,34(x20)	 x20:0x80008ecc x14:0x00000001 PA:0x80008eee
       13895000	      1388	80000604	fd4a0ea3	sb	x20,-35(x20)	 x20:0x80008ecc x20:0x80008ecc PA:0x80008ea9
       13905000	      1389	80000608	94a83e13	sltiu	x28,x16,-1718	 x16:0x00000001 x28=0x00000001
       13915000	      1390	8000060c	022a1103	lh	x2,34(x20)	 x20:0x80008ecc  x2=0x00000001 PA:0x80008eee
       13925000	      1391	80000610	67b5b793	sltiu	x15,x11,1659	 x11:0x80009f0c x15=0x00000000
       13935000	      1392	80000614	fcea4883	lbu	x17,-50(x20)	 x20:0x80008ecc x17=0x0000006a PA:0x80008e9a
       13945000	      1393	80000618	fdba4d83	lbu	x27,-37(x20)	 x20:0x80008ecc x27=0x00000030 PA:0x80008ea7
       13955000	      1394	8000061c	003a4603	lbu	x12,3(x20)	 x20:0x80008ecc x12=0x000000c0 PA:0x80008ecf
       13965000	      1395	80000620	03ba0003	lb	x0,59(x20)	 x20:0x80008ecc PA:0x80008f07
       13975000	      1396	80000624	fc9a4483	lbu	x9,-55(x20)	 x20:0x80008ecc  x9=0x000000a5 PA:0x80008e95
       13985000	      1397	80000628	0529ff93	andi	x31,x19,82	 x19:0x00000001 x31=0x00000000
       13995000	      1398	8000062c	781aa093	slti	x1,x21,1921	 x21:0x02840777  x1=0x00000000
       14005000	      1399	80000630	fe8a0ba3	sb	x8,-9(x20)	 x20:0x80008ecc  x8:0x00000777 PA:0x80008ec3
       14015000	      1400	80000634	fe1a0803	lb	x16,-31(x20)	 x20:0x80008ecc x16=0x0000000c PA:0x80008ead
       14025000	      1401	80000638	12ac2393	slti	x7,x24,298	 x24:0x00001595  x7=0x00000000
       14035000	      1402	8000063c	5e50e613	ori	x12,x1,1509	  x1:0x00000000 x12=0x000005e5
       14045000	      1403	80000640	01ba05a3	sb	x27,11(x20)	 x20:0x80008ecc x27:0x00000030 PA:0x80008ed7
       14055000	      1404	80000644	fe2a08a3	sb	x2,-15(x20)	 x20:0x80008ecc  x2:0x00000001 PA:0x80008ebd
       14065000	      1405	80000648	01aa08a3	sb	x26,17(x20)	 x20:0x80008ecc x26:0x00338000 PA:0x80008edd
       14075000	      1406	8000064c	4689fc93	andi	x25,x19,1128	 x19:0x00000001 x25=0x00000000
       14085000	      1407	80000650	00000013	addi	x0,x0,0	  x0:0x00000000
       14095000	      1408	80000654	028a1623	sh	x8,44(x20)	 x20:0x80008ecc  x8:0x00000777 PA:0x80008ef8
       14105000	      1409	80000658	02fa0b03	lb	x22,47(x20)	 x20:0x80008ecc x22=0xffffffa1 PA:0x80008efb
       14115000	      1410	8000065c	00c15f13	srli	x30,x2,0xc	  x2:0x00000001 x30=0x00000000
       14125000	      1411	80000660	6c751017	auipc	x0,0x6c751	
       14135000	      1412	80000664	03da4d03	lbu	x26,61(x20)	 x20:0x80008ecc x26=0x00000049 PA:0x80008f09
       14145000	      1413	80000668	ff9a4d83	lbu	x27,-7(x20)	 x20:0x80008ecc x27=0x000000a8 PA:0x80008ec5
       14155000	      1414	8000066c	00000013	addi	x0,x0,0	  x0:0x00000000
       14165000	      1415	80000670	ff4a1903	lh	x18,-12(x20)	 x20:0x80008ecc x18=0x000074ff PA:0x80008ec0
       14175000	      1416	80000674	fe9a1523	sh	x9,-22(x20)	 x20:0x80008ecc  x9:0x000000a5 PA:0x80008eb6
       14185000	      1417	80000678	021a4a83	lbu	x21,33(x20)	 x20:0x80008ecc x21=0x0000002a PA:0x80008eed
       14195000	      1418	8000067c	7013ae13	slti	x28,x7,1793	  x7:0x00000000 x28=0x00000001
       14205000	      1419	80000680	0185d833	srl	x16,x11,x24	 x11:0x80009f0c x24:0x00001595 x16=0x00000400
       14215000	      1420	80000684	fd5a0003	lb	x0,-43(x20)	 x20:0x80008ecc PA:0x80008ea1
       14225000	      1421	80000688	00ea54b3	srl	x9,x20,x14	 x20:0x80008ecc x14:0x00000001  x9=0x40004766
       14235000	      1422	8000068c	414d0eb3	sub	x29,x26,x20	 x26:0x00000049 x20:0x80008ecc x29=0x7fff717d
       14245000	      1423	80000690	028a4f03	lbu	x30,40(x20)	 x20:0x80008ecc x30=0x0000004e PA:0x80008ef4
       14255000	      1424	00000000	00000013	addi	x0,x0,0	  x0:0x00000000
       14265000	      1425	80000694	01ea0183	lb	x3,30(x20)	 x20:0x80008ecc  x3=0xffffffd8 PA:0x80008eea
       14275000	      1426	80000698	f80b6d13	ori	x26,x22,-128	 x22:0xffffffa1 x26=0xffffffa1
       14285000	      1427	8000069c	7c74ab93	slti	x23,x9,1991	  x9:0x40004766 x23=0x00000000
       14295000	      1428	800006a0	00fa0023	sb	x15,0(x20)	 x20:0x80008ecc x15:0x00000000 PA:0x80008ecc
       14305000	      1429	800006a4	013a60b3	or	x1,x20,x19	 x20:0x80008ecc x19:0x00000001  x1=0x80008ecd
       14315000	      1430	800006a8	fe1a0523	sb	x1,-22(x20)	 x20:0x80008ecc  x1:0x80008ecd PA:0x80008eb6
       14325000	      1431	800006ac	00f321b3	slt	x3,x6,x15	  x6:0x1e9facb0 x15:0x00000000  x3=0x00000000
       14335000	      1432	800006b0	403cdbb3	sra	x23,x25,x3	 x25:0x00000000  x3:0x00000000 x23=0x00000000
       14345000	      1433	800006b4	027a4a83	lbu	x21,39(x20)	 x20:0x80008ecc x21=0x00000037 PA:0x80008ef3
       14355000	      1434	800006b8	00008117	auipc	x2,0x8	  x2=0x800086b4
       14365000	      1435	800006bc	a6b10113	addi	x2,x2,-1429	  x2:0x800086b4  x2=0x8000811f
       14375000	      1436	800006c0	ffb15403	lhu	x8,-5(x2)	  x2:0x8000811f  x8=0x000085a3 PA:0x8000811a
       14385000	      1437	800006c4	005d5213	srli	x4,x26,0x5	 x26:0xffffffa1  x4=0x07fffffd
       14395000	      1438	800006c8	9b1f8813	addi	x16,x31,-1615	 x31:0x00000000 x16=0xfffff9b1
       14405000	      1439	800006cc	fe010a23	sb	x0,-12(x2)	  x2:0x8000811f  x0:0x00000000 PA:0x80008113
       14415000	      1440	800006d0	ff210f83	lb	x31,-14(x2)	  x2:0x8000811f x31=0x0000000b PA:0x80008111
       14425000	      1441	800006d4	40365e33	sra	x28,x12,x3	 x12:0x000005e5  x3:0x00000000 x28=0x000005e5
       14435000	      1442	800006d8	ff410b03	lb	x22,-12(x2)	  x2:0x8000811f x22=0x00000000 PA:0x80008113
       14445000	      1443	800006dc	00f11803	lh	x16,15(x2)	  x2:0x8000811f x16=0xffff93be PA:0x8000812e
       14455000	      1444	800006e0	002e1f33	sll	x30,x28,x2	 x28:0x000005e5  x2:0x8000811f x30=0x80000000
       14465000	      1445	800006e4	00cce1b3	or	x3,x25,x12	 x25:0x00000000 x12:0x000005e5  x3=0x000005e5
       14475000	      1446	800006e8	1d2c8f13	addi	x30,x25,466	 x25:0x00000000 x30=0x000001d2
       14485000	      1447	800006ec	00000013	addi	x0,x0,0	  x0:0x00000000
       14495000	      1448	800006f0	41625693	srai	x13,x4,0x16	  x4:0x07fffffd x13=0x0000001f
       14505000	      1449	800006f4	01010903	lb	x18,16(x2)	  x2:0x8000811f x18=0xffffff93 PA:0x8000812f
       14515000	      1450	800006f8	00d10223	sb	x13,4(x2)	  x2:0x8000811f x13:0x0000001f PA:0x80008123
       14525000	      1451	800006fc	00000013	addi	x0,x0,0	  x0:0x00000000
       14535000	      1452	80000700	0100b3b3	sltu	x7,x1,x16	  x1:0x80008ecd x16:0xffff93be  x7=0x00000001
       14545000	      1453	80000704	01d82633	slt	x12,x16,x29	 x16:0xffff93be x29:0x7fff717d x12=0x00000001
       14555000	      1454	80000708	00114303	lbu	x6,1(x2)	  x2:0x8000811f  x6=0x000000eb PA:0x80008120
       14565000	      1455	8000070c	413c0033	sub	x0,x24,x19	 x24:0x00001595 x19:0x00000001
       14575000	      1456	80000710	01310323	sb	x19,6(x2)	  x2:0x8000811f x19:0x00000001 PA:0x80008125
       14585000	      1457	80000714	00000013	addi	x0,x0,0	  x0:0x00000000
       14595000	      1458	80000718	ffd10803	lb	x16,-3(x2)	  x2:0x8000811f x16=0xffffffa7 PA:0x8000811c
       14605000	      1459	8000071c	ff110183	lb	x3,-15(x2)	  x2:0x8000811f  x3=0x0000004a PA:0x80008110
       14615000	      1460	80000720	3f4bc613	xori	x12,x23,1012	 x23:0x00000000 x12=0x000003f4
       14625000	      1461	80000724	41f281b3	sub	x3,x5,x31	  x5:0x00000000 x31:0x0000000b  x3=0xfffffff5
       14635000	      1462	80000728	418f5033	sra	x0,x30,x24	 x30:0x000001d2 x24:0x00001595
       14645000	      1463	8000072c	091dfc93	andi	x25,x27,145	 x27:0x000000a8 x25=0x00000080
       14655000	      1464	80000730	ff114d83	lbu	x27,-15(x2)	  x2:0x8000811f x27=0x0000004a PA:0x80008110
       14665000	      1465	80000734	003e9793	slli	x15,x29,0x3	 x29:0x7fff717d x15=0xfffb8be8
       14675000	      1466	80000738	9bfdc793	xori	x15,x27,-1601	 x27:0x0000004a x15=0xfffff9f5
       14685000	      1467	8000073c	00814d03	lbu	x26,8(x2)	  x2:0x8000811f x26=0x000000c7 PA:0x80008127
       14695000	      1468	80000740	01ffa633	slt	x12,x31,x31	 x31:0x0000000b x31:0x0000000b x12=0x00000000
       14705000	      1469	80000744	00000013	addi	x0,x0,0	  x0:0x00000000
       14715000	      1470	80000748	feb10fa3	sb	x11,-1(x2)	  x2:0x8000811f x11:0x80009f0c PA:0x8000811e
       14725000	      1471	8000074c	d8ccc493	xori	x9,x25,-628	 x25:0x00000080  x9=0xfffffd0c
       14735000	      1472	80000750	41ebde93	srai	x29,x23,0x1e	 x23:0x00000000 x29=0x00000000
       14745000	      1473	80000754	feb10c23	sb	x11,-8(x2)	  x2:0x8000811f x11:0x80009f0c PA:0x80008117
       14755000	      1474	80000758	40265733	sra	x14,x12,x2	 x12:0x00000000  x2:0x8000811f x14=0x00000000
       14765000	      1475	8000075c	01cefcb3	and	x25,x29,x28	 x29:0x00000000 x28:0x000005e5 x25=0x00000000
       14775000	      1476	80000760	00414303	lbu	x6,4(x2)	  x2:0x8000811f  x6=0x0000001f PA:0x80008123
       14785000	      1477	80000764	01d5ac33	slt	x24,x11,x29	 x11:0x80009f0c x29:0x00000000 x24=0x00000001
       14795000	      1478	80000768	6aca7b37	lui	x22,0x6aca7	 x22=0x6aca7000
       14805000	      1479	8000076c	00610183	lb	x3,6(x2)	  x2:0x8000811f  x3=0x00000001 PA:0x80008125
       14815000	      1480	80000770	ff210183	lb	x3,-14(x2)	  x2:0x8000811f  x3=0x0000000b PA:0x80008111
       14825000	      1481	80000774	00008117	auipc	x2,0x8	  x2=0x80008770
       14835000	      1482	80000778	62210113	addi	x2,x2,1570	  x2:0x80008770  x2=0x80008d92
       14845000	      1483	8000077c	bf67cd93	xori	x27,x15,-1034	 x15:0xfffff9f5 x27=0x00000203
       14855000	      1484	80000780	01099a33	sll	x20,x19,x16	 x19:0x00000001 x16:0xffffffa7 x20=0x00000080
       14865000	      1485	80000784	00075033	srl	x0,x14,x0	 x14:0x00000000  x0:0x00000000
       14875000	      1486	80000788	e7711623	sh	x23,-404(x2)	  x2:0x80008d92 x23:0x00000000 PA:0x80008bfe
       14885000	      1487	8000078c	ff010903	lb	x18,-16(x2)	  x2:0x80008d92 x18=0x00000010 PA:0x80008d82
       14895000	      1488	80000790	03014f83	lbu	x31,48(x2)	  x2:0x80008d92 x31=0x0000008e PA:0x80008dc2
       14905000	      1489	00000000	00000013	addi	x0,x0,0	  x0:0x00000000
       14915000	      1490	80000794	40efd8b3	sra	x17,x31,x14	 x31:0x0000008e x14:0x00000000 x17=0x0000008e
       14925000	      1491	80000798	0182a433	slt	x8,x5,x24	  x5:0x00000000 x24:0x00000001  x8=0x00000001
       14935000	      1492	8000079c	01314d03	lbu	x26,19(x2)	  x2:0x80008d92 x26=0x00000054 PA:0x80008da5
       14945000	      1493	800007a0	b6810423	sb	x8,-1176(x2)	  x2:0x80008d92  x8:0x00000001 PA:0x800088fa
       14955000	      1494	800007a4	36c6e497	auipc	x9,0x36c6e	  x9=0xb6c6e7a0
       14965000	      1495	800007a8	00000013	addi	x0,x0,0	  x0:0x00000000
       14975000	      1496	800007ac	1e2abd17	auipc	x26,0x1e2ab	 x26=0x9e2ab7a8
       14985000	      1497	800007b0	bf146097	auipc	x1,0xbf146	  x1=0x3f1467ac
       14995000	      1498	800007b4	01cd1db3	sll	x27,x26,x28	 x26:0x9e2ab7a8 x28:0x000005e5 x27=0xc556f500
       15005000	      1499	800007b8	a54d6617	auipc	x12,0xa54d6	 x12=0x254d67b4
       15015000	      1500	800007bc	bfbc0037	lui	x0,0xbfbc0	
       15025000	      1501	800007c0	b8c10ba3	sb	x12,-1129(x2)	  x2:0x80008d92 x12:0x254d67b4 PA:0x80008929
       15035000	      1502	800007c4	786228b7	lui	x17,0x78622	 x17=0x78622000
       15045000	      1503	800007c8	00813233	sltu	x4,x2,x8	  x2:0x80008d92  x8:0x00000001  x4=0x00000000
       15055000	      1504	800007cc	00891313	slli	x6,x18,0x8	 x18:0x00000010  x6=0x00001000
       15065000	      1505	800007d0	aaa10b23	sb	x10,-1354(x2)	  x2:0x80008d92 x10:0x80009fc4 PA:0x80008848
       15075000	      1506	800007d4	07944b13	xori	x22,x8,121	  x8:0x00000001 x22=0x00000078
       15085000	      1507	800007d8	00000013	addi	x0,x0,0	  x0:0x00000000
       15095000	      1508	800007dc	e65107a3	sb	x5,-401(x2)	  x2:0x80008d92  x5:0x00000000 PA:0x80008c01
       15105000	      1509	800007e0	bb710403	lb	x8,-1097(x2)	  x2:0x80008d92  x8=0xffffffca PA:0x80008949
       15115000	      1510	800007e4	ec4108a3	sb	x4,-303(x2)	  x2:0x80008d92  x4:0x00000000 PA:0x80008c63
       15125000	      1511	800007e8	00008297	auipc	x5,0x8	  x5=0x800087e4
       15135000	      1512	800007ec	7ea28293	addi	x5,x5,2026	  x5:0x800087e4  x5=0x80008fce
       15145000	      1513	800007f0	17ddc013	xori	x0,x27,381	 x27:0xc556f500
       15155000	      1514	800007f4	f5128a03	lb	x20,-175(x5)	  x5:0x80008fce x20=0x00000052 PA:0x80008f1f
       15165000	      1515	800007f8	00165693	srli	x13,x12,0x1	 x12:0x254d67b4 x13=0x12a6b3da
       15175000	      1516	800007fc	01180bb3	add	x23,x16,x17	 x16:0xffffffa7 x17:0x78622000 x23=0x78621fa7
       15185000	      1517	80000800	d336f013	andi	x0,x13,-717	 x13:0x12a6b3da
       15195000	      1518	80000804	12d42493	slti	x9,x8,301	  x8:0xffffffca  x9=0x00000001
       15205000	      1519	80000808	f962cc03	lbu	x24,-106(x5)	  x5:0x80008fce x24=0x000000ee PA:0x80008f64
       15215000	      1520	8000080c	f1e2d883	lhu	x17,-226(x5)	  x5:0x80008fce x17=0x00002a0d PA:0x80008eec
       15225000	      1521	80000810	405c8133	sub	x2,x25,x5	 x25:0x00000000  x5:0x80008fce  x2=0x7fff7032
       15235000	      1522	80000814	005d97b3	sll	x15,x27,x5	 x27:0xc556f500  x5:0x80008fce x15=0xbd400000
       15245000	      1523	80000818	f6d28f03	lb	x30,-147(x5)	  x5:0x80008fce x30=0x0000005b PA:0x80008f3b
       15255000	      1524	8000081c	00a2ca83	lbu	x21,10(x5)	  x5:0x80008fce x21=0x0000004c PA:0x80008fd8
       15265000	      1525	80000820	01cf1e33	sll	x28,x30,x28	 x30:0x0000005b x28:0x000005e5 x28=0x00000b60
       15275000	      1526	80000824	00ca1493	slli	x9,x20,0xc	 x20:0x00000052  x9=0x00052000
       15285000	      1527	80000828	3e164b93	xori	x23,x12,993	 x12:0x254d67b4 x23=0x254d6455
       15295000	      1528	8000082c	f942cd03	lbu	x26,-108(x5)	  x5:0x80008fce x26=0x000000c4 PA:0x80008f62
       15305000	      1529	80000830	f482d803	lhu	x16,-184(x5)	  x5:0x80008fce x16=0x0000f981 PA:0x80008f16
       15315000	      1530	80000834	41f5d633	sra	x12,x11,x31	 x11:0x80009f0c x31:0x0000008e x12=0xfffe0002
       15325000	      1531	80000838	5bd53813	sltiu	x16,x10,1469	 x10:0x80009fc4 x16=0x00000000
       15335000	      1532	8000083c	00139e33	sll	x28,x7,x1	  x7:0x00000001  x1:0x3f1467ac x28=0x00001000
       15345000	      1533	80000840	019590b3	sll	x1,x11,x25	 x11:0x80009f0c x25:0x00000000  x1=0x80009f0c
       15355000	      1534	80000844	cfcf2793	slti	x15,x30,-772	 x30:0x0000005b x15=0x00000000
       15365000	      1535	80000848	f242d203	lhu	x4,-220(x5)	  x5:0x80008fce  x4=0x000037ee PA:0x80008ef2
       15375000	      1536	00000000	00000013	addi	x0,x0,0	  x0:0x00000000
       15385000	      1537	8000084c	f242c603	lbu	x12,-220(x5)	  x5:0x80008fce x12=0x000000ee PA:0x80008ef2
       15395000	      1538	80000850	00bd4233	xor	x4,x26,x11	 x26:0x000000c4 x11:0x80009f0c  x4=0x80009fc8
       15405000	      1539	80000854	11bcef37	lui	x30,0x11bce	 x30=0x11bce000
       15415000	      1540	80000858	000bd6b3	srl	x13,x23,x0	 x23:0x254d6455  x0:0x00000000 x13=0x254d6455
       15425000	      1541	8000085c	f4028ba3	sb	x0,-169(x5)	  x5:0x80008fce  x0:0x00000000 PA:0x80008f25
       15435000	      1542	80000860	0030d693	srli	x13,x1,0x3	  x1:0x80009f0c x13=0x100013e1
       15445000	      1543	80000864	01dce733	or	x14,x25,x29	 x25:0x00000000 x29:0x00000000 x14=0x00000000
       15455000	      1544	80000868	00cf1833	sll	x16,x30,x12	 x30:0x11bce000 x12:0x000000ee x16=0x38000000
       15465000	      1545	8000086c	40998433	sub	x8,x19,x9	 x19:0x00000001  x9:0x00052000  x8=0xfffae001
       15475000	      1546	80000870	f3828223	sb	x24,-220(x5)	  x5:0x80008fce x24:0x000000ee PA:0x80008ef2
       15485000	      1547	80000874	01d39833	sll	x16,x7,x29	  x7:0x00000001 x29:0x00000000 x16=0x00000001
       15495000	      1548	80000878	f68288a3	sb	x8,-143(x5)	  x5:0x80008fce  x8:0xfffae001 PA:0x80008f3f
       15505000	      1549	8000087c	ff92c883	lbu	x17,-7(x5)	  x5:0x80008fce x17=0x000000f4 PA:0x80008fc7
       15515000	      1550	80000880	59b61f17	auipc	x30,0x59b61	 x30=0xd9b6187c
       15525000	      1551	80000884	ffb28f83	lb	x31,-5(x5)	  x5:0x80008fce x31=0x0000004c PA:0x80008fc9
       15535000	      1552	80000888	40130cb3	sub	x25,x6,x1	  x6:0x00001000  x1:0x80009f0c x25=0x7fff70f4
       15545000	      1553	8000088c	fbc29f23	sh	x28,-66(x5)	  x5:0x80008fce x28:0x00001000 PA:0x80008f8c
       15555000	      1554	80000890	00008d17	auipc	x26,0x8	 x26=0x8000888c
       15565000	      1555	80000894	a33d0d13	addi	x26,x26,-1485	 x26:0x8000888c x26=0x800082bf
       15575000	      1556	80000898	7760af13	slti	x30,x1,1910	  x1:0x80009f0c x30=0x00000001
       15585000	      1557	8000089c	e5fe2893	slti	x17,x28,-417	 x28:0x00001000 x17=0x00000000
       15595000	      1558	800008a0	00000013	addi	x0,x0,0	  x0:0x00000000
       15605000	      1559	800008a4	11dd2283	lw	x5,285(x26)	 x26:0x800082bf  x5=0xbe75c8ab PA:0x800083dc
       15615000	      1560	800008a8	556d20a3	sw	x22,1345(x26)	 x26:0x800082bf x22:0x00000078 PA:0x80008800
       15625000	      1561	800008ac	de8d4303	lbu	x6,-536(x26)	 x26:0x800082bf  x6=0x0000008e PA:0x800080a7
       15635000	      1562	800008b0	40215f33	sra	x30,x2,x2	  x2:0x7fff7032  x2:0x7fff7032 x30=0x00001fff
       15645000	      1563	800008b4	fd3d0723	sb	x19,-50(x26)	 x26:0x800082bf x19:0x00000001 PA:0x8000828d
       15655000	      1564	800008b8	086d1ea3	sh	x6,157(x26)	 x26:0x800082bf  x6:0x0000008e PA:0x8000835c
       15665000	      1565	800008bc	3ecd4603	lbu	x12,1004(x26)	 x26:0x800082bf x12=0x00000076 PA:0x800086ab
       15675000	      1566	800008c0	402c57b3	sra	x15,x24,x2	 x24:0x000000ee  x2:0x7fff7032 x15=0x00000000
       15685000	      1567	800008c4	f2dd2e03	lw	x28,-211(x26)	 x26:0x800082bf x28=0xc780173c PA:0x800081ec
       15695000	      1568	800008c8	efabb213	sltiu	x4,x23,-262	 x23:0x254d6455  x4=0x00000001
       15705000	      1569	800008cc	0b8d4a03	lbu	x20,184(x26)	 x26:0x800082bf x20=0x000000dd PA:0x80008377
       15715000	      1570	800008d0	dd3d0a23	sb	x19,-556(x26)	 x26:0x800082bf x19:0x00000001 PA:0x80008093
       15725000	      1571	800008d4	00f982b3	add	x5,x19,x15	 x19:0x00000001 x15:0x00000000  x5=0x00000001
       15735000	      1572	800008d8	01a61c13	slli	x24,x12,0x1a	 x12:0x00000076 x24=0xd8000000
       15745000	      1573	800008dc	412e8fb3	sub	x31,x29,x18	 x29:0x00000000 x18:0x00000010 x31=0xfffffff0
       15755000	      1574	800008e0	9d907393	andi	x7,x0,-1575	  x0:0x00000000  x7=0x00000000
       15765000	      1575	800008e4	00fa3e33	sltu	x28,x20,x15	 x20:0x000000dd x15:0x00000000 x28=0x00000000
       15775000	      1576	800008e8	0c444d93	xori	x27,x8,196	  x8:0xfffae001 x27=0xfffae0c5
       15785000	      1577	800008ec	1b6d4283	lbu	x5,438(x26)	 x26:0x800082bf  x5=0x000000cc PA:0x80008475
       15795000	      1578	800008f0	d0aebe13	sltiu	x28,x29,-758	 x29:0x00000000 x28=0x00000001
       15805000	      1579	800008f4	2bcd7f93	andi	x31,x26,700	 x26:0x800082bf x31=0x000002bc
       15815000	      1580	800008f8	01c63a33	sltu	x20,x12,x28	 x12:0x00000076 x28:0x00000001 x20=0x00000000
       15825000	      1581	800008fc	136d0323	sb	x22,294(x26)	 x26:0x800082bf x22:0x00000078 PA:0x800083e5
       15835000	      1582	80000900	0f340c63	beq	x8,x19,800009f8	  x8:0xfffae001 x19:0x00000001
       15845000	      1583	80000904	4050da13	srai	x20,x1,0x5	  x1:0x80009f0c x20=0xfc0004f8
       15855000	      1584	80000908	800bdc17	auipc	x24,0x800bd	 x24=0x000bd904
       15865000	      1585	8000090c	0dcecc63	blt	x29,x28,800009e4	 x29:0x00000000 x28:0x00000001
       15875000	      1586	00000000	00000013	addi	x0,x0,0	  x0:0x00000000
       15885000	      1587	800009e0	00000013	addi	x0,x0,0	  x0:0x00000000
       15895000	      1588	800009e4	00000013	addi	x0,x0,0	  x0:0x00000000
       15905000	      1589	800009e8	413506b3	sub	x13,x10,x19	 x10:0x80009fc4 x19:0x00000001 x13=0x80009fc3
       15915000	      1590	800009ec	02486663	bltu	x16,x4,80000a18	 x16:0x00000001  x4:0x00000001
       15925000	      1591	800009f0	41d2d2b3	sra	x5,x5,x29	  x5:0x000000cc x29:0x00000000  x5=0x000000cc
       15935000	      1592	800009f4	03ae1663	bne	x28,x26,80000a20	 x28:0x00000001 x26:0x800082bf
       15945000	      1593	00000000	00000013	addi	x0,x0,0	  x0:0x00000000
       15955000	      1594	80000a1c	00000013	addi	x0,x0,0	  x0:0x00000000
       15965000	      1595	80000a20	4675cc93	xori	x25,x11,1127	 x11:0x80009f0c x25=0x80009b6b
       15975000	      1596	80000a24	fd00a037	lui	x0,0xfd00a	
       15985000	      1597	80000a28	1526d317	auipc	x6,0x1526d	  x6=0x9526da24
       15995000	      1598	80000a2c	74994a93	xori	x21,x18,1865	 x18:0x00000010 x21=0x00000759
       16005000	      1599	80000a30	03045e63	bge	x8,x16,80000a6c	  x8:0xfffae001 x16:0x00000001
       16015000	      1600	80000a34	02039063	bne	x7,x0,80000a54	  x7:0x00000000  x0:0x00000000
       16025000	      1601	80000a38	417cdd93	srai	x27,x25,0x17	 x25:0x80009b6b x27=0xffffff00
       16035000	      1602	80000a3c	41e78d33	sub	x26,x15,x30	 x15:0x00000000 x30:0x00001fff x26=0xffffe001
       16045000	      1603	80000a40	41905213	srai	x4,x0,0x19	  x0:0x00000000  x4=0x00000000
       16055000	      1604	80000a44	00ac7f33	and	x30,x24,x10	 x24:0x000bd904 x10:0x80009fc4 x30=0x00009904
       16065000	      1605	80000a48	01d41fb3	sll	x31,x8,x29	  x8:0xfffae001 x29:0x00000000 x31=0xfffae001
       16075000	      1606	80000a4c	01001733	sll	x14,x0,x16	  x0:0x00000000 x16:0x00000001 x14=0x00000000
       16085000	      1607	80000a50	014b7933	and	x18,x22,x20	 x22:0x00000078 x20:0xfc0004f8 x18=0x00000078
       16095000	      1608	80000a54	7fa6b617	auipc	x12,0x7fa6b	 x12=0xffa6ba50
       16105000	      1609	80000a58	007a2933	slt	x18,x20,x7	 x20:0xfc0004f8  x7:0x00000000 x18=0x00000001
       16115000	      1610	80000a5c	a6a54297	auipc	x5,0xa6a54	  x5=0x26a54a58
       16125000	      1611	80000a60	00000013	addi	x0,x0,0	  x0:0x00000000
       16135000	      1612	80000a64	04057463	bgeu	x10,x0,80000aac	 x10:0x80009fc4  x0:0x00000000
       16145000	      1613	00000000	00000013	addi	x0,x0,0	  x0:0x00000000
       16155000	      1614	80000aa8	00000013	addi	x0,x0,0	  x0:0x00000000
       16165000	      1615	80000aac	018f36b3	sltu	x13,x30,x24	 x30:0x00009904 x24:0x000bd904 x13=0x00000001
       16175000	      1616	80000ab0	01ce0233	add	x4,x28,x28	 x28:0x00000001 x28:0x00000001  x4=0x00000002
       16185000	      1617	80000ab4	4ab18093	addi	x1,x3,1195	  x3:0x0000000b  x1=0x000004b6
       16195000	      1618	80000ab8	29b8ea13	ori	x20,x17,667	 x17:0x00000000 x20=0x0000029b
       16205000	      1619	80000abc	01eb7c63	bgeu	x22,x30,80000ad4	 x22:0x00000078 x30:0x00009904
       16215000	      1620	80000ac0	00000013	addi	x0,x0,0	  x0:0x00000000
       16225000	      1621	80000ac4	5c9fcb13	xori	x22,x31,1481	 x31:0xfffae001 x22=0xfffae5c8
       16235000	      1622	80000ac8	0047b833	sltu	x16,x15,x4	 x15:0x00000000  x4:0x00000002 x16=0x00000001
       16245000	      1623	80000acc	0c577793	andi	x15,x14,197	 x14:0x00000000 x15=0x00000000
       16255000	      1624	80000ad0	e7b40a13	addi	x20,x8,-389	  x8:0xfffae001 x20=0xfffade7c
       16265000	      1625	80000ad4	00000013	addi	x0,x0,0	  x0:0x00000000
       16275000	      1626	80000ad8	40e2b013	sltiu	x0,x5,1038	  x5:0x26a54a58
       16285000	      1627	80000adc	03b00893	addi	x17,x0,59	  x0:0x00000000 x17=0x0000003b
       16295000	      1628	80000ae0	01cf6a63	bltu	x30,x28,80000af4	 x30:0x00009904 x28:0x00000001
       16305000	      1629	80000ae4	00565a33	srl	x20,x12,x5	 x12:0xffa6ba50  x5:0x26a54a58 x20=0x000000ff
       16315000	      1630	80000ae8	411dd1b3	sra	x3,x27,x17	 x27:0xffffff00 x17:0x0000003b  x3=0xffffffff
       16325000	      1631	80000aec	00503cb3	sltu	x25,x0,x5	  x0:0x00000000  x5:0x26a54a58 x25=0x00000001
       16335000	      1632	80000af0	40ae0b33	sub	x22,x28,x10	 x28:0x00000001 x10:0x80009fc4 x22=0x7fff603d
       16345000	      1633	80000af4	008c5433	srl	x8,x24,x8	 x24:0x000bd904  x8:0xfffae001  x8=0x0005ec82
       16355000	      1634	80000af8	011b92b3	sll	x5,x23,x17	 x23:0x254d6455 x17:0x0000003b  x5=0xa8000000
       16365000	      1635	80000afc	0959c913	xori	x18,x19,149	 x19:0x00000001 x18=0x00000094
       16375000	      1636	80000b00	04c99663	bne	x19,x12,80000b4c	 x19:0x00000001 x12:0xffa6ba50
       16385000	      1637	00000000	00000013	addi	x0,x0,0	  x0:0x00000000
       16395000	      1638	80000b48	00000013	addi	x0,x0,0	  x0:0x00000000
       16405000	      1639	80000b4c	8cde9d17	auipc	x26,0x8cde9	 x26=0x0cde9b48
       16415000	      1640	80000b50	dc4d93b7	lui	x7,0xdc4d9	  x7=0xdc4d9000
       16425000	      1641	80000b54	410e83b3	sub	x7,x29,x16	 x29:0x00000000 x16:0x00000001  x7=0xffffffff
       16435000	      1642	80000b58	a65fae13	slti	x28,x31,-1435	 x31:0xfffae001 x28=0x00000001
       16445000	      1643	80000b5c	9936e893	ori	x17,x13,-1645	 x13:0x00000001 x17=0xfffff993
       16455000	      1644	80000b60	01fc52b3	srl	x5,x24,x31	 x24:0x000bd904 x31:0xfffae001  x5=0x0005ec82
       16465000	      1645	80000b64	38e82193	slti	x3,x16,910	 x16:0x00000001  x3=0x00000001
       16475000	      1646	80000b68	03f97c63	bgeu	x18,x31,80000ba0	 x18:0x00000094 x31:0xfffae001
       16485000	      1647	80000b6c	00e6dc63	bge	x13,x14,80000b84	 x13:0x00000001 x14:0x00000000
       16495000	      1648	00000000	00000013	addi	x0,x0,0	  x0:0x00000000
       16505000	      1649	80000b80	00000013	addi	x0,x0,0	  x0:0x00000000
       16515000	      1650	80000b84	035ee663	bltu	x29,x21,80000bb0	 x29:0x00000000 x21:0x00000759
       16525000	      1651	00000000	00000013	addi	x0,x0,0	  x0:0x00000000
       16535000	      1652	80000bac	00000013	addi	x0,x0,0	  x0:0x00000000
       16545000	      1653	80000bb0	01e17633	and	x12,x2,x30	  x2:0x7fff7032 x30:0x00009904 x12=0x00001000
       16555000	      1654	80000bb4	2487c893	xori	x17,x15,584	 x15:0x00000000 x17=0x00000248
       16565000	      1655	80000bb8	beee8893	addi	x17,x29,-1042	 x29:0x00000000 x17=0xfffffbee
       16575000	      1656	80000bbc	014d9b93	slli	x23,x27,0x14	 x27:0xffffff00 x23=0xf0000000
       16585000	      1657	80000bc0	000e1493	slli	x9,x28,0x0	 x28:0x00000001  x9=0x00000001
       16595000	      1658	80000bc4	01541f93	slli	x31,x8,0x15	  x8:0x0005ec82 x31=0x90400000
       16605000	      1659	80000bc8	03507663	bgeu	x0,x21,80000bf4	  x0:0x00000000 x21:0x00000759
       16615000	      1660	80000bcc	dc56fc97	auipc	x25,0xdc56f	 x25=0x5c56fbc8
       16625000	      1661	80000bd0	001aa1b3	slt	x3,x21,x1	 x21:0x00000759  x1:0x000004b6  x3=0x00000000
       16635000	      1662	80000bd4	0014af33	slt	x30,x9,x1	  x9:0x00000001  x1:0x000004b6 x30=0x00000001
       16645000	      1663	80000bd8	032eda63	bge	x29,x18,80000c0c	 x29:0x00000000 x18:0x00000094
       16655000	      1664	80000bdc	0218fa63	bgeu	x17,x1,80000c10	 x17:0xfffffbee  x1:0x000004b6
       16665000	      1665	00000000	00000013	addi	x0,x0,0	  x0:0x00000000
       16675000	      1666	80000c0c	00000013	addi	x0,x0,0	  x0:0x00000000
       16685000	      1667	80000c10	00430cb3	add	x25,x6,x4	  x6:0x9526da24  x4:0x00000002 x25=0x9526da26
       16695000	      1668	80000c14	0183d0b3	srl	x1,x7,x24	  x7:0xffffffff x24:0x000bd904  x1=0x0fffffff
       16705000	      1669	80000c18	012f7ab3	and	x21,x30,x18	 x30:0x00000001 x18:0x00000094 x21=0x00000000
       16715000	      1670	80000c1c	0822da17	auipc	x20,0x822d	 x20=0x8822dc18
       16725000	      1671	80000c20	e3b8cb13	xori	x22,x17,-453	 x17:0xfffffbee x22=0x000005d5
       16735000	      1672	80000c24	0069c663	blt	x19,x6,80000c30	 x19:0x00000001  x6:0x9526da24
       16745000	      1673	80000c28	01dcdc93	srli	x25,x25,0x1d	 x25:0x9526da26 x25=0x00000004
       16755000	      1674	80000c2c	4b0e7493	andi	x9,x28,1200	 x28:0x00000001  x9=0x00000000
       16765000	      1675	80000c30	e0936017	auipc	x0,0xe0936	
       16775000	      1676	80000c34	00436f33	or	x30,x6,x4	  x6:0x9526da24  x4:0x00000002 x30=0x9526da26
       16785000	      1677	80000c38	038f5663	bge	x30,x24,80000c64	 x30:0x9526da26 x24:0x000bd904
       16795000	      1678	80000c3c	00920b33	add	x22,x4,x9	  x4:0x00000002  x9:0x00000000 x22=0x00000002
       16805000	      1679	80000c40	41bd5833	sra	x16,x26,x27	 x26:0x0cde9b48 x27:0xffffff00 x16=0x0cde9b48
       16815000	      1680	80000c44	017bd433	srl	x8,x23,x23	 x23:0xf0000000 x23:0xf0000000  x8=0xf0000000
       16825000	      1681	80000c48	018081b3	add	x3,x1,x24	  x1:0x0fffffff x24:0x000bd904  x3=0x100bd903
       16835000	      1682	80000c4c	0200d663	bge	x1,x0,80000c78	  x1:0x0fffffff  x0:0x00000000
       16845000	      1683	00000000	00000013	addi	x0,x0,0	  x0:0x00000000
       16855000	      1684	80000c74	00000013	addi	x0,x0,0	  x0:0x00000000
       16865000	      1685	80000c78	40035333	sra	x6,x6,x0	  x6:0x9526da24  x0:0x00000000  x6=0x9526da24
       16875000	      1686	80000c7c	00e56e33	or	x28,x10,x14	 x10:0x80009fc4 x14:0x00000000 x28=0x80009fc4
       16885000	      1687	80000c80	c2afe713	ori	x14,x31,-982	 x31:0x90400000 x14=0xfffffc2a
       16895000	      1688	80000c84	4f3b4413	xori	x8,x22,1267	 x22:0x00000002  x8=0x000004f1
       16905000	      1689	80000c88	fe04c713	xori	x14,x9,-32	  x9:0x00000000 x14=0xffffffe0
       16915000	      1690	80000c8c	00000013	addi	x0,x0,0	  x0:0x00000000
       16925000	      1691	80000c90	01a6a733	slt	x14,x13,x26	 x13:0x00000001 x26:0x0cde9b48 x14=0x00000001
       16935000	      1692	80000c94	008e2233	slt	x4,x28,x8	 x28:0x80009fc4  x8:0x000004f1  x4=0x00000001
       16945000	      1693	80000c98	002b60b3	or	x1,x22,x2	 x22:0x00000002  x2:0x7fff7032  x1=0x7fff7032
       16955000	      1694	80000c9c	01283fb3	sltu	x31,x16,x18	 x16:0x0cde9b48 x18:0x00000094 x31=0x00000000
       16965000	      1695	80000ca0	016841b3	xor	x3,x16,x22	 x16:0x0cde9b48 x22:0x00000002  x3=0x0cde9b4a
       16975000	      1696	80000ca4	01671633	sll	x12,x14,x22	 x14:0x00000001 x22:0x00000002 x12=0x00000004
       16985000	      1697	80000ca8	04ec9663	bne	x25,x14,80000cf4	 x25:0x00000004 x14:0x00000001
       16995000	      1698	00000000	00000013	addi	x0,x0,0	  x0:0x00000000
       17005000	      1699	80000cf0	00000013	addi	x0,x0,0	  x0:0x00000000
       17015000	      1700	80000cf4	00f15d33	srl	x26,x2,x15	  x2:0x7fff7032 x15:0x00000000 x26=0x7fff7032
       17025000	      1701	80000cf8	00138463	beq	x7,x1,80000d00	  x7:0xffffffff  x1:0x7fff7032
       17035000	      1702	80000cfc	013d82b3	add	x5,x27,x19	 x27:0xffffff00 x19:0x00000001  x5=0xffffff01
       17045000	      1703	80000d00	015ddd33	srl	x26,x27,x21	 x27:0xffffff00 x21:0x00000000 x26=0xffffff00
       17055000	      1704	80000d04	cca69117	auipc	x2,0xcca69	  x2=0x4ca69d00
       17065000	      1705	80000d08	001d9913	slli	x18,x27,0x1	 x27:0xffffff00 x18=0xfffffe00
       17075000	      1706	80000d0c	022d9c63	bne	x27,x2,80000d44	 x27:0xffffff00  x2:0x4ca69d00
       17085000	      1707	00000000	00000013	addi	x0,x0,0	  x0:0x00000000
       17095000	      1708	80000d40	00000013	addi	x0,x0,0	  x0:0x00000000
       17105000	      1709	80000d44	03237c63	bgeu	x6,x18,80000d7c	  x6:0x9526da24 x18:0xfffffe00
       17115000	      1710	80000d48	01e4eab3	or	x21,x9,x30	  x9:0x00000000 x30:0x9526da26 x21=0x9526da26
       17125000	      1711	80000d4c	80888a93	addi	x21,x17,-2040	 x17:0xfffffbee x21=0xfffff3f6
       17135000	      1712	80000d50	62e28097	auipc	x1,0x62e28	  x1=0xe2e28d4c
       17145000	      1713	80000d54	00291f13	slli	x30,x18,0x2	 x18:0xfffffe00 x30=0xfffff800
       17155000	      1714	80000d58	0048fdb3	and	x27,x17,x4	 x17:0xfffffbee  x4:0x00000001 x27=0x00000000
       17165000	      1715	80000d5c	008b87b3	add	x15,x23,x8	 x23:0xf0000000  x8:0x000004f1 x15=0xf00004f1
       17175000	      1716	80000d60	49273713	sltiu	x14,x14,1170	 x14:0x00000001 x14=0x00000001
       17185000	      1717	80000d64	413b8fb3	sub	x31,x23,x19	 x23:0xf0000000 x19:0x00000001 x31=0xefffffff
       17195000	      1718	80000d68	8cee4d13	xori	x26,x28,-1842	 x28:0x80009fc4 x26=0x7fff670a
       17205000	      1719	80000d6c	df130a93	addi	x21,x6,-527	  x6:0x9526da24 x21=0x9526d815
       17215000	      1720	80000d70	01e3ac33	slt	x24,x7,x30	  x7:0xffffffff x30:0xfffff800 x24=0x00000000
       17225000	      1721	80000d74	01bc5a93	srli	x21,x24,0x1b	 x24:0x00000000 x21=0x00000000
       17235000	      1722	80000d78	ee67c293	xori	x5,x15,-282	 x15:0xf00004f1  x5=0x0ffffa17
       17245000	      1723	80000d7c	a7073c93	sltiu	x25,x14,-1424	 x14:0x00000001 x25=0x00000001
       17255000	      1724	80000d80	00000013	addi	x0,x0,0	  x0:0x00000000
       17265000	      1725	80000d84	c0fb7eb7	lui	x29,0xc0fb7	 x29=0xc0fb7000
       17275000	      1726	80000d88	005dd093	srli	x1,x27,0x5	 x27:0x00000000  x1=0x00000000
       17285000	      1727	80000d8c	639f7813	andi	x16,x30,1593	 x30:0xfffff800 x16=0x00000000
       17295000	      1728	80000d90	0028f3b3	and	x7,x17,x2	 x17:0xfffffbee  x2:0x4ca69d00  x7=0x4ca69900
       17305000	      1729	80000d94	00178b33	add	x22,x15,x1	 x15:0xf00004f1  x1:0x00000000 x22=0xf00004f1
       17315000	      1730	80000d98	01e15b93	srli	x23,x2,0x1e	  x2:0x4ca69d00 x23=0x00000001
       17325000	      1731	80000d9c	00000013	addi	x0,x0,0	  x0:0x00000000
       17335000	      1732	80000da0	02b87063	bgeu	x16,x11,80000dc0	 x16:0x00000000 x11:0x80009f0c
       17345000	      1733	80000da4	01524633	xor	x12,x4,x21	  x4:0x00000001 x21:0x00000000 x12=0x00000001
       17355000	      1734	80000da8	5ea7e093	ori	x1,x15,1514	 x15:0xf00004f1  x1=0xf00005fb
       17365000	      1735	80000dac	0aa4e463	bltu	x9,x10,80000e54	  x9:0x00000000 x10:0x80009fc4
       17375000	      1736	00000000	00000013	addi	x0,x0,0	  x0:0x00000000
       17385000	      1737	80000e50	00000013	addi	x0,x0,0	  x0:0x00000000
       17395000	      1738	80000e54	0c6b7e63	bgeu	x22,x6,80000f30	 x22:0xf00004f1  x6:0x9526da24
       17405000	      1739	00000000	00000013	addi	x0,x0,0	  x0:0x00000000
       17415000	      1740	80000f2c	00000013	addi	x0,x0,0	  x0:0x00000000
       17425000	      1741	80000f30	3302af13	slti	x30,x5,816	  x5:0x0ffffa17 x30=0x00000000
       17435000	      1742	80000f34	41a5dc33	sra	x24,x11,x26	 x11:0x80009f0c x26:0x7fff670a x24=0xffe00027
       17445000	      1743	80000f38	04f55463	bge	x10,x15,80000f80	 x10:0x80009fc4 x15:0xf00004f1
       17455000	      1744	80000f3c	00b026b3	slt	x13,x0,x11	  x0:0x00000000 x11:0x80009f0c x13=0x00000000
       17465000	      1745	80000f40	00e99633	sll	x12,x19,x14	 x19:0x00000001 x14:0x00000001 x12=0x00000002
       17475000	      1746	80000f44	000564b3	or	x9,x10,x0	 x10:0x80009fc4  x0:0x00000000  x9=0x80009fc4
       17485000	      1747	80000f48	01eb0233	add	x4,x22,x30	 x22:0xf00004f1 x30:0x00000000  x4=0xf00004f1
       17495000	      1748	80000f4c	02710863	beq	x2,x7,80000f7c	  x2:0x4ca69d00  x7:0x4ca69900
       17505000	      1749	80000f50	bece0a93	addi	x21,x28,-1044	 x28:0x80009fc4 x21=0x80009bb0
       17515000	      1750	80000f54	00915713	srli	x14,x2,0x9	  x2:0x4ca69d00 x14=0x0026534e
       17525000	      1751	80000f58	01660663	beq	x12,x22,80000f64	 x12:0x00000002 x22:0xf00004f1
       17535000	      1752	80000f5c	01b362b3	or	x5,x6,x27	  x6:0x9526da24 x27:0x00000000  x5=0x9526da24
       17545000	      1753	80000f60	00be82b3	add	x5,x29,x11	 x29:0xc0fb7000 x11:0x80009f0c  x5=0x40fc0f0c
       17555000	      1754	80000f64	003b1e33	sll	x28,x22,x3	 x22:0xf00004f1  x3:0x0cde9b4a x28=0x0013c400
       17565000	      1755	80000f68	0198e4b3	or	x9,x17,x25	 x17:0xfffffbee x25:0x00000001  x9=0xfffffbef
       17575000	      1756	80000f6c	012f1833	sll	x16,x30,x18	 x30:0x00000000 x18:0xfffffe00 x16=0x00000000
       17585000	      1757	80000f70	01845133	srl	x2,x8,x24	  x8:0x000004f1 x24:0xffe00027  x2=0x00000009
       17595000	      1758	80000f74	81777217	auipc	x4,0x81777	  x4=0x01777f70
       17605000	      1759	80000f78	00b78133	add	x2,x15,x11	 x15:0xf00004f1 x11:0x80009f0c  x2=0x7000a3fd
       17615000	      1760	80000f7c	00eac3b3	xor	x7,x21,x14	 x21:0x80009bb0 x14:0x0026534e  x7=0x8026c8fe
       17625000	      1761	80000f80	abde4113	xori	x2,x28,-1347	 x28:0x0013c400  x2=0xffec3ebd
       17635000	      1762	80000f84	04f06863	bltu	x0,x15,80000fd4	  x0:0x00000000 x15:0xf00004f1
       17645000	      1763	00000000	00000013	addi	x0,x0,0	  x0:0x00000000
       17655000	      1764	80000fd0	00000013	addi	x0,x0,0	  x0:0x00000000
       17665000	      1765	80000fd4	00105c93	srli	x25,x0,0x1	  x0:0x00000000 x25=0x00000000
       17675000	      1766	80000fd8	01875ab3	srl	x21,x14,x24	 x14:0x0026534e x24:0xffe00027 x21=0x00004ca6
       17685000	      1767	80000fdc	01a72f33	slt	x30,x14,x26	 x14:0x0026534e x26:0x7fff670a x30=0x00000001
       17695000	      1768	80000fe0	e109aa17	auipc	x20,0xe109a	 x20=0x6109afdc
       17705000	      1769	80000fe4	d82c8913	addi	x18,x25,-638	 x25:0x00000000 x18=0xfffffd82
       17715000	      1770	80000fe8	03a0e663	bltu	x1,x26,80001014	  x1:0xf00005fb x26:0x7fff670a
       17725000	      1771	80000fec	007e5633	srl	x12,x28,x7	 x28:0x0013c400  x7:0x8026c8fe x12=0x00000000
       17735000	      1772	80000ff0	414700b3	sub	x1,x14,x20	 x14:0x0026534e x20:0x6109afdc  x1=0x9f1ca372
       17745000	      1773	80000ff4	00f90d33	add	x26,x18,x15	 x18:0xfffffd82 x15:0xf00004f1 x26=0xf0000273
       17755000	      1774	80000ff8	011bea33	or	x20,x23,x17	 x23:0x00000001 x17:0xfffffbee x20=0xfffffbef
       17765000	      1775	80000ffc	94720313	addi	x6,x4,-1721	  x4:0x01777f70  x6=0x017778b7
       17775000	      1776	80001000	0186e463	bltu	x13,x24,80001008	 x13:0x00000000 x24:0xffe00027
       17785000	      1777	00000000	00000013	addi	x0,x0,0	  x0:0x00000000
       17795000	      1778	80001004	00000013	addi	x0,x0,0	  x0:0x00000000
       17805000	      1779	80001008	002eefb3	or	x31,x29,x2	 x29:0xc0fb7000  x2:0xffec3ebd x31=0xffff7ebd
       17815000	      1780	8000100c	00000013	addi	x0,x0,0	  x0:0x00000000
       17825000	      1781	80001010	0023d213	srli	x4,x7,0x2	  x7:0x8026c8fe  x4=0x2009b23f
       17835000	      1782	80001014	00d99cb3	sll	x25,x19,x13	 x19:0x00000001 x13:0x00000000 x25=0x00000001
       17845000	      1783	80001018	a9204a13	xori	x20,x0,-1390	  x0:0x00000000 x20=0xfffffa92
       17855000	      1784	8000101c	02b64663	blt	x12,x11,80001048	 x12:0x00000000 x11:0x80009f0c
       17865000	      1785	80001020	0007cd33	xor	x26,x15,x0	 x15:0xf00004f1  x0:0x00000000 x26=0xf00004f1
       17875000	      1786	80001024	eeec3013	sltiu	x0,x24,-274	 x24:0xffe00027
       17885000	      1787	80001028	008e0fb3	add	x31,x28,x8	 x28:0x0013c400  x8:0x000004f1 x31=0x0013c8f1
       17895000	      1788	8000102c	03c6fc63	bgeu	x13,x28,80001064	 x13:0x00000000 x28:0x0013c400
       17905000	      1789	80001030	00e51e33	sll	x28,x10,x14	 x10:0x80009fc4 x14:0x0026534e x28=0x27f10000
       17915000	      1790	80001034	01bb6a63	bltu	x22,x27,80001048	 x22:0xf00004f1 x27:0x00000000
       17925000	      1791	80001038	03c6ce63	blt	x13,x28,80001074	 x13:0x00000000 x28:0x27f10000
       17935000	      1792	00000000	00000013	addi	x0,x0,0	  x0:0x00000000
       17945000	      1793	80001070	00000013	addi	x0,x0,0	  x0:0x00000000
       17955000	      1794	80001074	4187dab3	sra	x21,x15,x24	 x15:0xf00004f1 x24:0xffe00027 x21=0xffe00009
       17965000	      1795	80001078	01661b33	sll	x22,x12,x22	 x12:0x00000000 x22:0xf00004f1 x22=0x00000000
       17975000	      1796	8000107c	017a9e93	slli	x29,x21,0x17	 x21:0xffe00009 x29=0x04800000
       17985000	      1797	80001080	03bef863	bgeu	x29,x27,800010b0	 x29:0x04800000 x27:0x00000000
       17995000	      1798	00000000	00000013	addi	x0,x0,0	  x0:0x00000000
       18005000	      1799	800010ac	00000013	addi	x0,x0,0	  x0:0x00000000
       18015000	      1800	800010b0	01415833	srl	x16,x2,x20	  x2:0xffec3ebd x20:0xfffffa92 x16=0x00003ffb
       18025000	      1801	800010b4	41f98b33	sub	x22,x19,x31	 x19:0x00000001 x31:0x0013c8f1 x22=0xffec3710
       18035000	      1802	800010b8	002f0663	beq	x30,x2,800010c4	 x30:0x00000001  x2:0xffec3ebd
       18045000	      1803	800010bc	bb634d13	xori	x26,x6,-1098	  x6:0x017778b7 x26=0xfe888301
       18055000	      1804	800010c0	87cde693	ori	x13,x27,-1924	 x27:0x00000000 x13=0xfffff87c
       18065000	      1805	800010c4	e4aa4a93	xori	x21,x20,-438	 x20:0xfffffa92 x21=0x000004d8
       18075000	      1806	800010c8	04aae063	bltu	x21,x10,80001108	 x21:0x000004d8 x10:0x80009fc4
       18085000	      1807	00000000	00000013	addi	x0,x0,0	  x0:0x00000000
       18095000	      1808	80001104	00000013	addi	x0,x0,0	  x0:0x00000000
       18105000	      1809	80001108	417c5b13	srai	x22,x24,0x17	 x24:0xffe00027 x22=0xffffffff
       18115000	      1810	8000110c	01ff9833	sll	x16,x31,x31	 x31:0x0013c8f1 x31:0x0013c8f1 x16=0x91e20000
       18125000	      1811	80001110	01f20e33	add	x28,x4,x31	  x4:0x2009b23f x31:0x0013c8f1 x28=0x201d7b30
       18135000	      1812	80001114	4067d013	srai	x0,x15,0x6	 x15:0xf00004f1
       18145000	      1813	80001118	406cda93	srai	x21,x25,0x6	 x25:0x00000001 x21=0x00000000
       18155000	      1814	8000111c	4563ad17	auipc	x26,0x4563a	 x26=0xc563b118
       18165000	      1815	80001120	6d1c7c13	andi	x24,x24,1745	 x24:0xffe00027 x24=0x00000001
       18175000	      1816	80001124	013bd663	bge	x23,x19,80001130	 x23:0x00000001 x19:0x00000001
       18185000	      1817	00000000	00000013	addi	x0,x0,0	  x0:0x00000000
       18195000	      1818	8000112c	00000013	addi	x0,x0,0	  x0:0x00000000
       18205000	      1819	80001130	01a0b2b3	sltu	x5,x1,x26	  x1:0x9f1ca372 x26:0xc563b118  x5=0x00000001
       18215000	      1820	80001134	53c8b393	sltiu	x7,x17,1340	 x17:0xfffffbee  x7=0x00000000
       18225000	      1821	80001138	40225bb3	sra	x23,x4,x2	  x4:0x2009b23f  x2:0xffec3ebd x23=0x00000001
       18235000	      1822	8000113c	04c47663	bgeu	x8,x12,80001188	  x8:0x000004f1 x12:0x00000000
       18245000	      1823	00000000	00000013	addi	x0,x0,0	  x0:0x00000000
       18255000	      1824	80001184	00000013	addi	x0,x0,0	  x0:0x00000000
       18265000	      1825	80001188	00969bb3	sll	x23,x13,x9	 x13:0xfffff87c  x9:0xfffffbef x23=0xfc3e0000
       18275000	      1826	8000118c	04304863	blt	x0,x3,800011dc	  x0:0x00000000  x3:0x0cde9b4a
       18285000	      1827	00000000	00000013	addi	x0,x0,0	  x0:0x00000000
       18295000	      1828	800011d8	00000013	addi	x0,x0,0	  x0:0x00000000
       18305000	      1829	800011dc	01036c63	bltu	x6,x16,800011f4	  x6:0x017778b7 x16:0x91e20000
       18315000	      1830	00000000	00000013	addi	x0,x0,0	  x0:0x00000000
       18325000	      1831	800011f0	00000013	addi	x0,x0,0	  x0:0x00000000
       18335000	      1832	800011f4	0151dd33	srl	x26,x3,x21	  x3:0x0cde9b4a x21:0x00000000 x26=0x0cde9b4a
       18345000	      1833	800011f8	f9e1a037	lui	x0,0xf9e1a	
       18355000	      1834	800011fc	419adc33	sra	x24,x21,x25	 x21:0x00000000 x25:0x00000001 x24=0x00000000
       18365000	      1835	80001200	01e20633	add	x12,x4,x30	  x4:0x2009b23f x30:0x00000001 x12=0x2009b240
       18375000	      1836	80001204	02638263	beq	x7,x6,80001228	  x7:0x00000000  x6:0x017778b7
       18385000	      1837	80001208	3e5bfc13	andi	x24,x23,997	 x23:0xfc3e0000 x24=0x00000000
       18395000	      1838	8000120c	00d06133	or	x2,x0,x13	  x0:0x00000000 x13:0xfffff87c  x2=0xfffff87c
       18405000	      1839	80001210	011e12b3	sll	x5,x28,x17	 x28:0x201d7b30 x17:0xfffffbee  x5=0x5ecc0000
       18415000	      1840	80001214	02fa0c63	beq	x20,x15,8000124c	 x20:0xfffffa92 x15:0xf00004f1
       18425000	      1841	80001218	03048a63	beq	x9,x16,8000124c	  x9:0xfffffbef x16:0x91e20000
       18435000	      1842	8000121c	005fda93	srli	x21,x31,0x5	 x31:0x0013c8f1 x21=0x00009e47
       18445000	      1843	80001220	4fcf8693	addi	x13,x31,1276	 x31:0x0013c8f1 x13=0x0013cded
       18455000	      1844	80001224	41bad8b3	sra	x17,x21,x27	 x21:0x00009e47 x27:0x00000000 x17=0x00009e47
       18465000	      1845	80001228	00000013	addi	x0,x0,0	  x0:0x00000000
       18475000	      1846	8000122c	00000013	addi	x0,x0,0	  x0:0x00000000
       18485000	      1847	80001230	030ade63	bge	x21,x16,8000126c	 x21:0x00009e47 x16:0x91e20000
       18495000	      1848	00000000	00000013	addi	x0,x0,0	  x0:0x00000000
       18505000	      1849	80001268	00000013	addi	x0,x0,0	  x0:0x00000000
       18515000	      1850	8000126c	01cc1c93	slli	x25,x24,0x1c	 x24:0x00000000 x25=0x00000000
       18525000	      1851	80001270	00aab7b3	sltu	x15,x21,x10	 x21:0x00009e47 x10:0x80009fc4 x15=0x00000001
       18535000	      1852	80001274	018081b3	add	x3,x1,x24	  x1:0x9f1ca372 x24:0x00000000  x3=0x9f1ca372
       18545000	      1853	80001278	029be663	bltu	x23,x9,800012a4	 x23:0xfc3e0000  x9:0xfffffbef
       18555000	      1854	00000000	00000013	addi	x0,x0,0	  x0:0x00000000
       18565000	      1855	800012a0	00000013	addi	x0,x0,0	  x0:0x00000000
       18575000	      1856	800012a4	01e49313	slli	x6,x9,0x1e	  x9:0xfffffbef  x6=0xc0000000
       18585000	      1857	800012a8	40e65f93	srai	x31,x12,0xe	 x12:0x2009b240 x31=0x00008026
       18595000	      1858	800012ac	41dcd393	srai	x7,x25,0x1d	 x25:0x00000000  x7=0x00000000
       18605000	      1859	800012b0	01ffdb93	srli	x23,x31,0x1f	 x31:0x00008026 x23=0x00000000
       18615000	      1860	800012b4	013c10b3	sll	x1,x24,x19	 x24:0x00000000 x19:0x00000001  x1=0x00000000
       18625000	      1861	800012b8	ff68c693	xori	x13,x17,-10	 x17:0x00009e47 x13=0xffff61b1
       18635000	      1862	800012bc	00626663	bltu	x4,x6,800012c8	  x4:0x2009b23f  x6:0xc0000000
       18645000	      1863	00000000	00000013	addi	x0,x0,0	  x0:0x00000000
       18655000	      1864	800012c4	00000013	addi	x0,x0,0	  x0:0x00000000
       18665000	      1865	800012c8	03446663	bltu	x8,x20,800012f4	  x8:0x000004f1 x20:0xfffffa92
       18675000	      1866	00000000	00000013	addi	x0,x0,0	  x0:0x00000000
       18685000	      1867	800012f0	00000013	addi	x0,x0,0	  x0:0x00000000
       18695000	      1868	800012f4	47f7a893	slti	x17,x15,1151	 x15:0x00000001 x17=0x00000001
       18705000	      1869	800012f8	0142dbb3	srl	x23,x5,x20	  x5:0x5ecc0000 x20:0xfffffa92 x23=0x000017b3
       18715000	      1870	800012fc	01facc63	blt	x21,x31,80001314	 x21:0x00009e47 x31:0x00008026
       18725000	      1871	80001300	6ed9fd13	andi	x26,x19,1773	 x19:0x00000001 x26=0x00000001
       18735000	      1872	80001304	002bd933	srl	x18,x23,x2	 x23:0x000017b3  x2:0xfffff87c x18=0x00000000
       18745000	      1873	80001308	016d9313	slli	x6,x27,0x16	 x27:0x00000000  x6=0x00000000
       18755000	      1874	8000130c	40155f93	srai	x31,x10,0x1	 x10:0x80009fc4 x31=0xc0004fe2
       18765000	      1875	80001310	007857b3	srl	x15,x16,x7	 x16:0x91e20000  x7:0x00000000 x15=0x91e20000
       18775000	      1876	80001314	01dbda63	bge	x23,x29,80001328	 x23:0x000017b3 x29:0x04800000
       18785000	      1877	80001318	9c114a93	xori	x21,x2,-1599	  x2:0xfffff87c x21=0x000001bd
       18795000	      1878	8000131c	0115db93	srli	x23,x11,0x11	 x11:0x80009f0c x23=0x00004000
       18805000	      1879	80001320	01ed5e93	srli	x29,x26,0x1e	 x26:0x00000001 x29=0x00000000
       18815000	      1880	80001324	01eaf733	and	x14,x21,x30	 x21:0x000001bd x30:0x00000001 x14=0x00000001
       18825000	      1881	80001328	01de4db3	xor	x27,x28,x29	 x28:0x201d7b30 x29:0x00000000 x27=0x201d7b30
       18835000	      1882	8000132c	05686663	bltu	x16,x22,80001378	 x16:0x91e20000 x22:0xffffffff
       18845000	      1883	00000000	00000013	addi	x0,x0,0	  x0:0x00000000
       18855000	      1884	80001374	00000013	addi	x0,x0,0	  x0:0x00000000
       18865000	      1885	80001378	01529c63	bne	x5,x21,80001390	  x5:0x5ecc0000 x21:0x000001bd
       18875000	      1886	00000000	00000013	addi	x0,x0,0	  x0:0x00000000
       18885000	      1887	8000138c	00000013	addi	x0,x0,0	  x0:0x00000000
       18895000	      1888	80001390	5d84d117	auipc	x2,0x5d84d	  x2=0xdd84e38c
       18905000	      1889	80001394	02386663	bltu	x16,x3,800013c0	 x16:0x91e20000  x3:0x9f1ca372
       18915000	      1890	00000000	00000013	addi	x0,x0,0	  x0:0x00000000
       18925000	      1891	800013bc	00000013	addi	x0,x0,0	  x0:0x00000000
       18935000	      1892	800013c0	01d913b3	sll	x7,x18,x29	 x18:0x00000000 x29:0x00000000  x7=0x00000000
       18945000	      1893	800013c4	01099013	slli	x0,x19,0x10	 x19:0x00000001
       18955000	      1894	800013c8	000462b3	or	x5,x8,x0	  x8:0x000004f1  x0:0x00000000  x5=0x000004f1
       18965000	      1895	800013cc	41380633	sub	x12,x16,x19	 x16:0x91e20000 x19:0x00000001 x12=0x91e1ffff
       18975000	      1896	800013d0	05208463	beq	x1,x18,80001418	  x1:0x00000000 x18:0x00000000
       18985000	      1897	00000000	00000013	addi	x0,x0,0	  x0:0x00000000
       18995000	      1898	80001414	00000013	addi	x0,x0,0	  x0:0x00000000
       19005000	      1899	80001418	00000013	addi	x0,x0,0	  x0:0x00000000
       19015000	      1900	8000141c	0308ca63	blt	x17,x16,80001450	 x17:0x00000001 x16:0x91e20000
       19025000	      1901	80001420	767ab913	sltiu	x18,x21,1895	 x21:0x000001bd x18=0x00000001
       19035000	      1902	80001424	59777e97	auipc	x29,0x59777	 x29=0xd9778420
       19045000	      1903	80001428	00af1bb3	sll	x23,x30,x10	 x30:0x00000001 x10:0x80009fc4 x23=0x00000010
       19055000	      1904	8000142c	02f60c63	beq	x12,x15,80001464	 x12:0x91e1ffff x15:0x91e20000
       19065000	      1905	80001430	76cb0d93	addi	x27,x22,1900	 x22:0xffffffff x27=0x0000076b
       19075000	      1906	80001434	0fb1a213	slti	x4,x3,251	  x3:0x9f1ca372  x4=0x00000001
       19085000	      1907	80001438	2e024f13	xori	x30,x4,736	  x4:0x00000001 x30=0x000002e1
       19095000	      1908	8000143c	015b56b3	srl	x13,x22,x21	 x22:0xffffffff x21:0x000001bd x13=0x00000007
       19105000	      1909	80001440	ea806f17	auipc	x30,0xea806	 x30=0x6a80743c
       19115000	      1910	80001444	046be063	bltu	x23,x6,80001484	 x23:0x00000010  x6:0x00000000
       19125000	      1911	80001448	72438093	addi	x1,x7,1828	  x7:0x00000000  x1=0x00000724
       19135000	      1912	8000144c	01cc5d13	srli	x26,x24,0x1c	 x24:0x00000000 x26=0x00000000
       19145000	      1913	80001450	02c75c63	bge	x14,x12,80001488	 x14:0x00000001 x12:0x91e1ffff
       19155000	      1914	00000000	00000013	addi	x0,x0,0	  x0:0x00000000
       19165000	      1915	80001484	00000013	addi	x0,x0,0	  x0:0x00000000
       19175000	      1916	80001488	5e946337	lui	x6,0x5e946	  x6=0x5e946000
       19185000	      1917	8000148c	411dd4b3	sra	x9,x27,x17	 x27:0x0000076b x17:0x00000001  x9=0x000003b5
       19195000	      1918	80001490	036a8a63	beq	x21,x22,800014c4	 x21:0x000001bd x22:0xffffffff
       19205000	      1919	80001494	00000013	addi	x0,x0,0	  x0:0x00000000
       19215000	      1920	80001498	413e8f33	sub	x30,x29,x19	 x29:0xd9778420 x19:0x00000001 x30=0xd977841f
       19225000	      1921	8000149c	01c87033	and	x0,x16,x28	 x16:0x91e20000 x28:0x201d7b30
       19235000	      1922	800014a0	41e8dd93	srai	x27,x17,0x1e	 x17:0x00000001 x27=0x00000000
       19245000	      1923	800014a4	0123cc63	blt	x7,x18,800014bc	  x7:0x00000000 x18:0x00000001
       19255000	      1924	00000000	00000013	addi	x0,x0,0	  x0:0x00000000
       19265000	      1925	800014b8	00000013	addi	x0,x0,0	  x0:0x00000000
       19275000	      1926	800014bc	409f5b33	sra	x22,x30,x9	 x30:0xd977841f  x9:0x000003b5 x22=0xfffffecb
       19285000	      1927	800014c0	002bdf13	srli	x30,x23,0x2	 x23:0x00000010 x30=0x00000004
       19295000	      1928	800014c4	e0764613	xori	x12,x12,-505	 x12:0x91e1ffff x12=0x6e1e01f8
       19305000	      1929	800014c8	01e96833	or	x16,x18,x30	 x18:0x00000001 x30:0x00000004 x16=0x00000005
       19315000	      1930	800014cc	00000013	addi	x0,x0,0	  x0:0x00000000
       19325000	      1931	800014d0	02c85c63	bge	x16,x12,80001508	 x16:0x00000005 x12:0x6e1e01f8
       19335000	      1932	800014d4	003e18b3	sll	x17,x28,x3	 x28:0x201d7b30  x3:0x9f1ca372 x17=0xecc00000
       19345000	      1933	800014d8	000597b3	sll	x15,x11,x0	 x11:0x80009f0c  x0:0x00000000 x15=0x80009f0c
       19355000	      1934	800014dc	02cc6e63	bltu	x24,x12,80001518	 x24:0x00000000 x12:0x6e1e01f8
       19365000	      1935	00000000	00000013	addi	x0,x0,0	  x0:0x00000000
       19375000	      1936	80001514	00000013	addi	x0,x0,0	  x0:0x00000000
       19385000	      1937	80001518	034f6863	bltu	x30,x20,80001548	 x30:0x00000004 x20:0xfffffa92
       19395000	      1938	00000000	00000013	addi	x0,x0,0	  x0:0x00000000
       19405000	      1939	80001544	00000013	addi	x0,x0,0	  x0:0x00000000
       19415000	      1940	80001548	6633c797	auipc	x15,0x6633c	 x15=0xe633d544
       19425000	      1941	8000154c	bbc11337	lui	x6,0xbbc11	  x6=0xbbc11000
       19435000	      1942	80001550	00000013	addi	x0,x0,0	  x0:0x00000000
       19445000	      1943	80001554	01ea9d13	slli	x26,x21,0x1e	 x21:0x000001bd x26=0x40000000
       19455000	      1944	80001558	41ca8333	sub	x6,x21,x28	 x21:0x000001bd x28:0x201d7b30  x6=0xdfe2868d
       19465000	      1945	8000155c	01812ab3	slt	x21,x2,x24	  x2:0xdd84e38c x24:0x00000000 x21=0x00000001
       19475000	      1946	80001560	00c0dd93	srli	x27,x1,0xc	  x1:0x00000724 x27=0x00000000
       19485000	      1947	80001564	00000013	addi	x0,x0,0	  x0:0x00000000
       19495000	      1948	80001568	01bb7a63	bgeu	x22,x27,8000157c	 x22:0xfffffecb x27:0x00000000
       19505000	      1949	00000000	00000013	addi	x0,x0,0	  x0:0x00000000
       19515000	      1950	80001578	00000013	addi	x0,x0,0	  x0:0x00000000
       19525000	      1951	8000157c	74d02793	slti	x15,x0,1869	  x0:0x00000000 x15=0x00000001
       19535000	      1952	80001580	01535f93	srli	x31,x6,0x15	  x6:0xdfe2868d x31=0x000006ff
       19545000	      1953	80001584	04a49063	bne	x9,x10,800015c4	  x9:0x000003b5 x10:0x80009fc4
       19555000	      1954	00000000	00000013	addi	x0,x0,0	  x0:0x00000000
       19565000	      1955	800015c0	00000013	addi	x0,x0,0	  x0:0x00000000
       19575000	      1956	800015c4	03630c63	beq	x6,x22,800015fc	  x6:0xdfe2868d x22:0xfffffecb
       19585000	      1957	800015c8	0041d933	srl	x18,x3,x4	  x3:0x9f1ca372  x4:0x00000001 x18=0x4f8e51b9
       19595000	      1958	800015cc	00bdf033	and	x0,x27,x11	 x27:0x00000000 x11:0x80009f0c
       19605000	      1959	800015d0	e55dbd93	sltiu	x27,x27,-427	 x27:0x00000000 x27=0x00000001
       19615000	      1960	800015d4	01acd613	srli	x12,x25,0x1a	 x25:0x00000000 x12=0x00000000
       19625000	      1961	800015d8	00a47833	and	x16,x8,x10	  x8:0x000004f1 x10:0x80009fc4 x16=0x000004c0
       19635000	      1962	800015dc	00146633	or	x12,x8,x1	  x8:0x000004f1  x1:0x00000724 x12=0x000007f5
       19645000	      1963	800015e0	ab4be893	ori	x17,x23,-1356	 x23:0x00000010 x17=0xfffffab4
       19655000	      1964	800015e4	015a7e33	and	x28,x20,x21	 x20:0xfffffa92 x21:0x00000001 x28=0x00000000
       19665000	      1965	800015e8	8cdd17b7	lui	x15,0x8cdd1	 x15=0x8cdd1000
       19675000	      1966	800015ec	01a69c13	slli	x24,x13,0x1a	 x13:0x00000007 x24=0x1c000000
       19685000	      1967	800015f0	f96eec13	ori	x24,x29,-106	 x29:0xd9778420 x24=0xffffffb6
       19695000	      1968	800015f4	1de30c93	addi	x25,x6,478	  x6:0xdfe2868d x25=0xdfe2886b
       19705000	      1969	800015f8	c7c8b0b7	lui	x1,0xc7c8b	  x1=0xc7c8b000
       19715000	      1970	800015fc	1ea10a93	addi	x21,x2,490	  x2:0xdd84e38c x21=0xdd84e576
       19725000	      1971	80001600	7ff92693	slti	x13,x18,2047	 x18:0x4f8e51b9 x13=0x00000000
       19735000	      1972	80001604	00782db3	slt	x27,x16,x7	 x16:0x000004c0  x7:0x00000000 x27=0x00000000
       19745000	      1973	80001608	00d9d633	srl	x12,x19,x13	 x19:0x00000001 x13:0x00000000 x12=0x00000001
       19755000	      1974	8000160c	27977e93	andi	x29,x14,633	 x14:0x00000001 x29=0x00000001
       19765000	      1975	80001610	01092f33	slt	x30,x18,x16	 x18:0x4f8e51b9 x16:0x000004c0 x30=0x00000000
       19775000	      1976	80001614	01a22ab3	slt	x21,x4,x26	  x4:0x00000001 x26:0x40000000 x21=0x00000001
       19785000	      1977	80001618	01b262b3	or	x5,x4,x27	  x4:0x00000001 x27:0x00000000  x5=0x00000001
       19795000	      1978	8000161c	00000013	addi	x0,x0,0	  x0:0x00000000
       19805000	      1979	80001620	bba6c193	xori	x3,x13,-1094	 x13:0x00000000  x3=0xfffffbba
       19815000	      1980	80001624	02dd0663	beq	x26,x13,80001650	 x26:0x40000000 x13:0x00000000
       19825000	      1981	80001628	82a82713	slti	x14,x16,-2006	 x16:0x000004c0 x14=0x00000000
       19835000	      1982	8000162c	00550663	beq	x10,x5,80001638	 x10:0x80009fc4  x5:0x00000001
       19845000	      1983	80001630	017c5c33	srl	x24,x24,x23	 x24:0xffffffb6 x23:0x00000010 x24=0x0000ffff
       19855000	      1984	80001634	01dd1813	slli	x16,x26,0x1d	 x26:0x40000000 x16=0x00000000
       19865000	      1985	80001638	033df663	bgeu	x27,x19,80001664	 x27:0x00000000 x19:0x00000001
       19875000	      1986	8000163c	e697ed93	ori	x27,x15,-407	 x15:0x8cdd1000 x27=0xfffffe69
       19885000	      1987	80001640	192c0fb7	lui	x31,0x192c0	 x31=0x192c0000
       19895000	      1988	80001644	036f4663	blt	x30,x22,80001670	 x30:0x00000000 x22:0xfffffecb
       19905000	      1989	80001648	8cb8bdb7	lui	x27,0x8cb8b	 x27=0x8cb8b000
       19915000	      1990	8000164c	7812bbb7	lui	x23,0x7812b	 x23=0x7812b000
       19925000	      1991	80001650	02f64263	blt	x12,x15,80001674	 x12:0x00000001 x15:0x8cdd1000
       19935000	      1992	80001654	40788433	sub	x8,x17,x7	 x17:0xfffffab4  x7:0x00000000  x8=0xfffffab4
       19945000	      1993	80001658	01213033	sltu	x0,x2,x18	  x2:0xdd84e38c x18:0x4f8e51b9
       19955000	      1994	8000165c	01ad96b3	sll	x13,x27,x26	 x27:0x8cb8b000 x26:0x40000000 x13=0x8cb8b000
       19965000	      1995	80001660	00799d93	slli	x27,x19,0x7	 x19:0x00000001 x27=0x00000080
       19975000	      1996	80001664	88407893	andi	x17,x0,-1916	  x0:0x00000000 x17=0x00000000
       19985000	      1997	80001668	41d48233	sub	x4,x9,x29	  x9:0x000003b5 x29:0x00000001  x4=0x000003b4
       19995000	      1998	8000166c	01fb5d93	srli	x27,x22,0x1f	 x22:0xfffffecb x27=0x00000001
       20005000	      1999	80001670	007cc333	xor	x6,x25,x7	 x25:0xdfe2886b  x7:0x00000000  x6=0xdfe2886b
       20015000	      2000	80001674	41345eb3	sra	x29,x8,x19	  x8:0xfffffab4 x19:0x00000001 x29=0xfffffd5a
       20025000	      2001	80001678	00345933	srl	x18,x8,x3	  x8:0xfffffab4  x3:0xfffffbba x18=0x0000003f
       20035000	      2002	8000167c	050a5463	bge	x20,x16,800016c4	 x20:0xfffffa92 x16:0x00000000
       20045000	      2003	80001680	01295e13	srli	x28,x18,0x12	 x18:0x0000003f x28=0x00000000
       20055000	      2004	80001684	015c1913	slli	x18,x24,0x15	 x24:0x0000ffff x18=0xffe00000
       20065000	      2005	80001688	059d5663	bge	x26,x25,800016d4	 x26:0x40000000 x25:0xdfe2886b
       20075000	      2006	00000000	00000013	addi	x0,x0,0	  x0:0x00000000
       20085000	      2007	800016d0	00000013	addi	x0,x0,0	  x0:0x00000000
       20095000	      2008	800016d4	91d22893	slti	x17,x4,-1763	  x4:0x000003b4 x17=0x00000000
       20105000	      2009	800016d8	013e16b3	sll	x13,x28,x19	 x28:0x00000000 x19:0x00000001 x13=0x00000000
       20115000	      2010	800016dc	00d0dd33	srl	x26,x1,x13	  x1:0xc7c8b000 x13:0x00000000 x26=0xc7c8b000
       20125000	      2011	800016e0	a46c3817	auipc	x16,0xa46c3	 x16=0x246c46dc
       20135000	      2012	800016e4	40148bb3	sub	x23,x9,x1	  x9:0x000003b5  x1:0xc7c8b000 x23=0x383753b5
       20145000	      2013	800016e8	015c5e93	srli	x29,x24,0x15	 x24:0x0000ffff x29=0x00000000
       20155000	      2014	800016ec	01fbdeb3	srl	x29,x23,x31	 x23:0x383753b5 x31:0x192c0000 x29=0x383753b5
       20165000	      2015	800016f0	01a79013	slli	x0,x15,0x1a	 x15:0x8cdd1000
       20175000	      2016	800016f4	01526333	or	x6,x4,x21	  x4:0x000003b4 x21:0x00000001  x6=0x000003b5
       20185000	      2017	800016f8	34a8c937	lui	x18,0x34a8c	 x18=0x34a8c000
       20195000	      2018	800016fc	8bed4493	xori	x9,x26,-1858	 x26:0xc7c8b000  x9=0x383748be
       20205000	      2019	80001700	00a34eb3	xor	x29,x6,x10	  x6:0x000003b5 x10:0x80009fc4 x29=0x80009c71
       20215000	      2020	80001704	003228b3	slt	x17,x4,x3	  x4:0x000003b4  x3:0xfffffbba x17=0x00000000
       20225000	      2021	80001708	00bdafb3	slt	x31,x27,x11	 x27:0x00000001 x11:0x80009f0c x31=0x00000000
       20235000	      2022	8000170c	40fedf93	srai	x31,x29,0xf	 x29:0x80009c71 x31=0xffff0001
       20245000	      2023	80001710	c61ec937	lui	x18,0xc61ec	 x18=0xc61ec000
       20255000	      2024	80001714	0238e663	bltu	x17,x3,80001740	 x17:0x00000000  x3:0xfffffbba
       20265000	      2025	00000000	00000013	addi	x0,x0,0	  x0:0x00000000
       20275000	      2026	8000173c	00000013	addi	x0,x0,0	  x0:0x00000000
       20285000	      2027	80001740	01850463	beq	x10,x24,80001748	 x10:0x80009fc4 x24:0x0000ffff
       20295000	      2028	80001744	03abca63	blt	x23,x26,80001778	 x23:0x383753b5 x26:0xc7c8b000
       20305000	      2029	80001748	693ec6b7	lui	x13,0x693ec	 x13=0x693ec000
       20315000	      2030	8000174c	05f50063	beq	x10,x31,8000178c	 x10:0x80009fc4 x31:0xffff0001
       20325000	      2031	80001750	02988263	beq	x17,x9,80001774	 x17:0x00000000  x9:0x383748be
       20335000	      2032	80001754	00cc5d13	srli	x26,x24,0xc	 x24:0x0000ffff x26=0x0000000f
       20345000	      2033	80001758	017c9393	slli	x7,x25,0x17	 x25:0xdfe2886b  x7=0x35800000
       20355000	      2034	8000175c	009aad33	slt	x26,x21,x9	 x21:0x00000001  x9:0x383748be x26=0x00000001
       20365000	      2035	80001760	01348b33	add	x22,x9,x19	  x9:0x383748be x19:0x00000001 x22=0x383748bf
       20375000	      2036	80001764	ec80d337	lui	x6,0xec80d	  x6=0xec80d000
       20385000	      2037	80001768	01133bb3	sltu	x23,x6,x17	  x6:0xec80d000 x17:0x00000000 x23=0x00000000
       20395000	      2038	8000176c	01708c63	beq	x1,x23,80001784	  x1:0xc7c8b000 x23:0x00000000
       20405000	      2039	80001770	042e8863	beq	x29,x2,800017c0	 x29:0x80009c71  x2:0xdd84e38c
       20415000	      2040	80001774	00136ab3	or	x21,x6,x1	  x6:0xec80d000  x1:0xc7c8b000 x21=0xefc8f000
       20425000	      2041	80001778	05687863	bgeu	x16,x22,800017c8	 x16:0x246c46dc x22:0x383748bf
       20435000	      2042	8000177c	08320413	addi	x8,x4,131	  x4:0x000003b4  x8=0x00000437
       20445000	      2043	80001780	00000013	addi	x0,x0,0	  x0:0x00000000
       20455000	      2044	80001784	0132de13	srli	x28,x5,0x13	  x5:0x00000001 x28=0x00000000
       20465000	      2045	80001788	08be2393	slti	x7,x28,139	 x28:0x00000000  x7=0x00000001
       20475000	      2046	8000178c	030dfa63	bgeu	x27,x16,800017c0	 x27:0x00000001 x16:0x246c46dc
       20485000	      2047	80001790	d0bf9c97	auipc	x25,0xd0bf9	 x25=0x50bfa78c
       20495000	      2048	80001794	04878863	beq	x15,x8,800017e4	 x15:0x8cdd1000  x8:0x00000437
       20505000	      2049	80001798	01f6ea33	or	x20,x13,x31	 x13:0x693ec000 x31:0xffff0001 x20=0xffffc001
       20515000	      2050	8000179c	015106b3	add	x13,x2,x21	  x2:0xdd84e38c x21:0xefc8f000 x13=0xcd4dd38c
       20525000	      2051	800017a0	00223a33	sltu	x20,x4,x2	  x4:0x000003b4  x2:0xdd84e38c x20=0x00000001
       20535000	      2052	800017a4	46b94a13	xori	x20,x18,1131	 x18:0xc61ec000 x20=0xc61ec46b
       20545000	      2053	800017a8	44812293	slti	x5,x2,1096	  x2:0xdd84e38c  x5=0x00000001
       20555000	      2054	800017ac	000c6cb3	or	x25,x24,x0	 x24:0x0000ffff  x0:0x00000000 x25=0x0000ffff
       20565000	      2055	800017b0	3a3ea413	slti	x8,x29,931	 x29:0x80009c71  x8=0x00000001
       20575000	      2056	800017b4	018d3d33	sltu	x26,x26,x24	 x26:0x00000001 x24:0x0000ffff x26=0x00000001
       20585000	      2057	800017b8	c4682097	auipc	x1,0xc4682	  x1=0x446837b4
       20595000	      2058	800017bc	002b2eb3	slt	x29,x22,x2	 x22:0x383748bf  x2:0xdd84e38c x29=0x00000000
       20605000	      2059	800017c0	01a8d313	srli	x6,x17,0x1a	 x17:0x00000000  x6=0x00000000
       20615000	      2060	800017c4	003666b3	or	x13,x12,x3	 x12:0x00000001  x3:0xfffffbba x13=0xfffffbbb
       20625000	      2061	800017c8	01e1a833	slt	x16,x3,x30	  x3:0xfffffbba x30:0x00000000 x16=0x00000001
       20635000	      2062	800017cc	d9e6ce13	xori	x28,x13,-610	 x13:0xfffffbbb x28=0x00000625
       20645000	      2063	800017d0	01ee24b3	slt	x9,x28,x30	 x28:0x00000625 x30:0x00000000  x9=0x00000000
       20655000	      2064	800017d4	00f46a63	bltu	x8,x15,800017e8	  x8:0x00000001 x15:0x8cdd1000
       20665000	      2065	00000000	00000013	addi	x0,x0,0	  x0:0x00000000
       20675000	      2066	800017e4	00000013	addi	x0,x0,0	  x0:0x00000000
       20685000	      2067	800017e8	00981eb3	sll	x29,x16,x9	 x16:0x00000001  x9:0x00000000 x29=0x00000001
       20695000	      2068	800017ec	008d9413	slli	x8,x27,0x8	 x27:0x00000001  x8=0x00000100
       20705000	      2069	800017f0	02a5ea63	bltu	x11,x10,80001824	 x11:0x80009f0c x10:0x80009fc4
       20715000	      2070	00000000	00000013	addi	x0,x0,0	  x0:0x00000000
       20725000	      2071	80001820	00000013	addi	x0,x0,0	  x0:0x00000000
       20735000	      2072	80001824	66bae493	ori	x9,x21,1643	 x21:0xefc8f000  x9=0xefc8f66b
       20745000	      2073	80001828	05464063	blt	x12,x20,80001868	 x12:0x00000001 x20:0xc61ec46b
       20755000	      2074	8000182c	6ca9b093	sltiu	x1,x19,1738	 x19:0x00000001  x1=0x00000001
       20765000	      2075	80001830	015051b3	srl	x3,x0,x21	  x0:0x00000000 x21:0xefc8f000  x3=0x00000000
       20775000	      2076	80001834	40110db3	sub	x27,x2,x1	  x2:0xdd84e38c  x1:0x00000001 x27=0xdd84e38b
       20785000	      2077	80001838	02684863	blt	x16,x6,80001868	 x16:0x00000001  x6:0x00000000
       20795000	      2078	8000183c	01aa0033	add	x0,x20,x26	 x20:0xc61ec46b x26:0x00000001
       20805000	      2079	80001840	01595e93	srli	x29,x18,0x15	 x18:0xc61ec000 x29=0x00000630
       20815000	      2080	80001844	03497663	bgeu	x18,x20,80001870	 x18:0xc61ec000 x20:0xc61ec46b
       20825000	      2081	80001848	2d463693	sltiu	x13,x12,724	 x12:0x00000001 x13=0x00000001
       20835000	      2082	8000184c	02e1f663	bgeu	x3,x14,80001878	  x3:0x00000000 x14:0x00000000
       20845000	      2083	00000000	00000013	addi	x0,x0,0	  x0:0x00000000
       20855000	      2084	80001874	00000013	addi	x0,x0,0	  x0:0x00000000
       20865000	      2085	80001878	00df7d33	and	x26,x30,x13	 x30:0x00000000 x13:0x00000001 x26=0x00000000
       20875000	      2086	8000187c	ba157f93	andi	x31,x10,-1119	 x10:0x80009fc4 x31=0x80009b80
       20885000	      2087	80001880	6256bc13	sltiu	x24,x13,1573	 x13:0x00000001 x24=0x00000001
       20895000	      2088	80001884	9e81dd17	auipc	x26,0x9e81d	 x26=0x1e81e880
       20905000	      2089	80001888	4093d6b3	sra	x13,x7,x9	  x7:0x00000001  x9:0xefc8f66b x13=0x00000000
       20915000	      2090	8000188c	e98794b7	lui	x9,0xe9879	  x9=0xe9879000
       20925000	      2091	80001890	40d0d713	srai	x14,x1,0xd	  x1:0x00000001 x14=0x00000000
       20935000	      2092	80001894	04715463	bge	x2,x7,800018dc	  x2:0xdd84e38c  x7:0x00000001
       20945000	      2093	80001898	220c4817	auipc	x16,0x220c4	 x16=0xa20c5894
       20955000	      2094	8000189c	012b61b3	or	x3,x22,x18	 x22:0x383748bf x18:0xc61ec000  x3=0xfe3fc8bf
       20965000	      2095	800018a0	01bdc1b3	xor	x3,x27,x27	 x27:0xdd84e38b x27:0xdd84e38b  x3=0x00000000
       20975000	      2096	800018a4	02f41c63	bne	x8,x15,800018dc	  x8:0x00000100 x15:0x8cdd1000
       20985000	      2097	00000000	00000013	addi	x0,x0,0	  x0:0x00000000
       20995000	      2098	800018d8	00000013	addi	x0,x0,0	  x0:0x00000000
       21005000	      2099	800018dc	d001f417	auipc	x8,0xd001f	  x8=0x500208d8
       21015000	      2100	800018e0	89481717	auipc	x14,0x89481	 x14=0x094828dc
       21025000	      2101	800018e4	04612693	slti	x13,x2,70	  x2:0xdd84e38c x13=0x00000001
       21035000	      2102	800018e8	0f3a2013	slti	x0,x20,243	 x20:0xc61ec46b
       21045000	      2103	800018ec	009034b3	sltu	x9,x0,x9	  x0:0x00000000  x9:0xe9879000  x9=0x00000001
       21055000	      2104	800018f0	00e52c33	slt	x24,x10,x14	 x10:0x80009fc4 x14:0x094828dc x24=0x00000001
       21065000	      2105	800018f4	01f6de93	srli	x29,x13,0x1f	 x13:0x00000001 x29=0x00000000
       21075000	      2106	800018f8	00000013	addi	x0,x0,0	  x0:0x00000000
       21085000	      2107	800018fc	0031ceb3	xor	x29,x3,x3	  x3:0x00000000  x3:0x00000000 x29=0x00000000
       21095000	      2108	80001900	419ddf93	srai	x31,x27,0x19	 x27:0xdd84e38b x31=0xffffffee
       21105000	      2109	80001904	407583b3	sub	x7,x11,x7	 x11:0x80009f0c  x7:0x00000001  x7=0x80009f0b
       21115000	      2110	80001908	47700613	addi	x12,x0,1143	  x0:0x00000000 x12=0x00000477
       21125000	      2111	8000190c	00b1b433	sltu	x8,x3,x11	  x3:0x00000000 x11:0x80009f0c  x8=0x00000001
       21135000	      2112	80001910	012ac433	xor	x8,x21,x18	 x21:0xefc8f000 x18:0xc61ec000  x8=0x29d63000
       21145000	      2113	80001914	02305e63	bge	x0,x3,80001950	  x0:0x00000000  x3:0x00000000
       21155000	      2114	00000000	00000013	addi	x0,x0,0	  x0:0x00000000
       21165000	      2115	8000194c	00000013	addi	x0,x0,0	  x0:0x00000000
       21175000	      2116	80001950	ddacfc13	andi	x24,x25,-550	 x25:0x0000ffff x24=0x0000fdda
       21185000	      2117	80001954	01776c63	bltu	x14,x23,8000196c	 x14:0x094828dc x23:0x00000000
       21195000	      2118	80001958	00857a33	and	x20,x10,x8	 x10:0x80009fc4  x8:0x29d63000 x20=0x00001000
       21205000	      2119	8000195c	53473f37	lui	x30,0x53473	 x30=0x53473000
       21215000	      2120	80001960	01ec9663	bne	x25,x30,8000196c	 x25:0x0000ffff x30:0x53473000
       21225000	      2121	00000000	00000013	addi	x0,x0,0	  x0:0x00000000
       21235000	      2122	80001968	00000013	addi	x0,x0,0	  x0:0x00000000
       21245000	      2123	8000196c	027cc663	blt	x25,x7,80001998	 x25:0x0000ffff  x7:0x80009f0b
       21255000	      2124	80001970	a573ea13	ori	x20,x7,-1449	  x7:0x80009f0b x20=0xffffff5f
       21265000	      2125	80001974	d7ce8e93	addi	x29,x29,-644	 x29:0x00000000 x29=0xfffffd7c
       21275000	      2126	80001978	02a54663	blt	x10,x10,800019a4	 x10:0x80009fc4 x10:0x80009fc4
       21285000	      2127	8000197c	012a8033	add	x0,x21,x18	 x21:0xefc8f000 x18:0xc61ec000
       21295000	      2128	80001980	01629b93	slli	x23,x5,0x16	  x5:0x00000001 x23=0x00400000
       21305000	      2129	80001984	018e7c63	bgeu	x28,x24,8000199c	 x28:0x00000625 x24:0x0000fdda
       21315000	      2130	80001988	017706b3	add	x13,x14,x23	 x14:0x094828dc x23:0x00400000 x13=0x098828dc
       21325000	      2131	8000198c	006b3f33	sltu	x30,x22,x6	 x22:0x383748bf  x6:0x00000000 x30=0x00000000
       21335000	      2132	80001990	227518b7	lui	x17,0x22751	 x17=0x22751000
       21345000	      2133	80001994	0426c063	blt	x13,x2,800019d4	 x13:0x098828dc  x2:0xdd84e38c
       21355000	      2134	80001998	5f41e413	ori	x8,x3,1524	  x3:0x00000000  x8=0x000005f4
       21365000	      2135	8000199c	01a3dcb3	srl	x25,x7,x26	  x7:0x80009f0b x26:0x1e81e880 x25=0x80009f0b
       21375000	      2136	800019a0	00000013	addi	x0,x0,0	  x0:0x00000000
       21385000	      2137	800019a4	32013013	sltiu	x0,x2,800	  x2:0xdd84e38c
       21395000	      2138	800019a8	418cd2b3	sra	x5,x25,x24	 x25:0x80009f0b x24:0x0000fdda  x5=0xffffffe0
       21405000	      2139	800019ac	05474863	blt	x14,x20,800019fc	 x14:0x094828dc x20:0xffffff5f
       21415000	      2140	800019b0	41895b13	srai	x22,x18,0x18	 x18:0xc61ec000 x22=0xffffffc6
       21425000	      2141	800019b4	41af5d13	srai	x26,x30,0x1a	 x30:0x00000000 x26=0x00000000
       21435000	      2142	800019b8	04ddc063	blt	x27,x13,800019f8	 x27:0xdd84e38b x13:0x098828dc
       21445000	      2143	00000000	00000013	addi	x0,x0,0	  x0:0x00000000
       21455000	      2144	800019f4	00000013	addi	x0,x0,0	  x0:0x00000000
       21465000	      2145	800019f8	02e0f663	bgeu	x1,x14,80001a24	  x1:0x00000001 x14:0x094828dc
       21475000	      2146	800019fc	01ea9b93	slli	x23,x21,0x1e	 x21:0xefc8f000 x23=0x00000000
       21485000	      2147	80001a00	00000013	addi	x0,x0,0	  x0:0x00000000
       21495000	      2148	80001a04	39676c93	ori	x25,x14,918	 x14:0x094828dc x25=0x09482bde
       21505000	      2149	80001a08	00d463b3	or	x7,x8,x13	  x8:0x000005f4 x13:0x098828dc  x7=0x09882dfc
       21515000	      2150	80001a0c	00bf1b93	slli	x23,x30,0xb	 x30:0x00000000 x23=0x00000000
       21525000	      2151	80001a10	018e1e93	slli	x29,x28,0x18	 x28:0x00000625 x29=0x25000000
       21535000	      2152	80001a14	08d86663	bltu	x16,x13,80001aa0	 x16:0xa20c5894 x13:0x098828dc
       21545000	      2153	80001a18	00000013	addi	x0,x0,0	  x0:0x00000000
       21555000	      2154	80001a1c	65846693	ori	x13,x8,1624	  x8:0x000005f4 x13=0x000007fc
       21565000	      2155	80001a20	09f39463	bne	x7,x31,80001aa8	  x7:0x09882dfc x31:0xffffffee
       21575000	      2156	00000000	00000013	addi	x0,x0,0	  x0:0x00000000
       21585000	      2157	80001aa4	00000013	addi	x0,x0,0	  x0:0x00000000
       21595000	      2158	80001aa8	ee9f6693	ori	x13,x30,-279	 x30:0x00000000 x13=0xfffffee9
       21605000	      2159	80001aac	01173cb3	sltu	x25,x14,x17	 x14:0x094828dc x17:0x22751000 x25=0x00000001
       21615000	      2160	80001ab0	00c49fb3	sll	x31,x9,x12	  x9:0x00000001 x12:0x00000477 x31=0x00800000
       21625000	      2161	80001ab4	016c3cb3	sltu	x25,x24,x22	 x24:0x0000fdda x22:0xffffffc6 x25=0x00000001
       21635000	      2162	80001ab8	911bc093	xori	x1,x23,-1775	 x23:0x00000000  x1=0xfffff911
       21645000	      2163	80001abc	1f6e0c93	addi	x25,x28,502	 x28:0x00000625 x25=0x0000081b
       21655000	      2164	80001ac0	e87f6e13	ori	x28,x30,-377	 x30:0x00000000 x28=0xfffffe87
       21665000	      2165	80001ac4	00000013	addi	x0,x0,0	  x0:0x00000000
       21675000	      2166	80001ac8	2baa6697	auipc	x13,0x2baa6	 x13=0xabaa7ac4
       21685000	      2167	80001acc	41235333	sra	x6,x6,x18	  x6:0x00000000 x18:0xc61ec000  x6=0x00000000
       21695000	      2168	80001ad0	00ca5fb3	srl	x31,x20,x12	 x20:0xffffff5f x12:0x00000477 x31=0x000001ff
       21705000	      2169	80001ad4	00000013	addi	x0,x0,0	  x0:0x00000000
       21715000	      2170	80001ad8	0024da63	bge	x9,x2,80001aec	  x9:0x00000001  x2:0xdd84e38c
       21725000	      2171	00000000	00000013	addi	x0,x0,0	  x0:0x00000000
       21735000	      2172	80001ae8	00000013	addi	x0,x0,0	  x0:0x00000000
       21745000	      2173	80001aec	f5452f93	slti	x31,x10,-172	 x10:0x80009fc4 x31=0x00000001
       21755000	      2174	80001af0	0268d663	bge	x17,x6,80001b1c	 x17:0x22751000  x6:0x00000000
       21765000	      2175	00000000	00000013	addi	x0,x0,0	  x0:0x00000000
       21775000	      2176	80001b18	00000013	addi	x0,x0,0	  x0:0x00000000
       21785000	      2177	80001b1c	833e8313	addi	x6,x29,-1997	 x29:0x25000000  x6=0x24fff833
       21795000	      2178	80001b20	0075e233	or	x4,x11,x7	 x11:0x80009f0c  x7:0x09882dfc  x4=0x8988bffc
       21805000	      2179	80001b24	00885233	srl	x4,x16,x8	 x16:0xa20c5894  x8:0x000005f4  x4=0x00000a20
       21815000	      2180	80001b28	010e1413	slli	x8,x28,0x10	 x28:0xfffffe87  x8=0xfe870000
       21825000	      2181	80001b2c	40905393	srai	x7,x0,0x9	  x0:0x00000000  x7=0x00000000
       21835000	      2182	80001b30	02d3fa63	bgeu	x7,x13,80001b64	  x7:0x00000000 x13:0xabaa7ac4
       21845000	      2183	80001b34	4300a793	slti	x15,x1,1072	  x1:0xfffff911 x15=0x00000001
       21855000	      2184	80001b38	014cb133	sltu	x2,x25,x20	 x25:0x0000081b x20:0xffffff5f  x2=0x00000001
       21865000	      2185	80001b3c	03285063	bge	x16,x18,80001b5c	 x16:0xa20c5894 x18:0xc61ec000
       21875000	      2186	80001b40	00dde7b3	or	x15,x27,x13	 x27:0xdd84e38b x13:0xabaa7ac4 x15=0xffaefbcf
       21885000	      2187	80001b44	6407e293	ori	x5,x15,1600	 x15:0xffaefbcf  x5=0xffaeffcf
       21895000	      2188	80001b48	05c92a37	lui	x20,0x5c92	 x20=0x05c92000
       21905000	      2189	80001b4c	1c2fc913	xori	x18,x31,450	 x31:0x00000001 x18=0x000001c3
       21915000	      2190	80001b50	018f0233	add	x4,x30,x24	 x30:0x00000000 x24:0x0000fdda  x4=0x0000fdda
       21925000	      2191	80001b54	407e5633	sra	x12,x28,x7	 x28:0xfffffe87  x7:0x00000000 x12=0xfffffe87
       21935000	      2192	80001b58	010feab3	or	x21,x31,x16	 x31:0x00000001 x16:0xa20c5894 x21=0xa20c5895
       21945000	      2193	80001b5c	010263b3	or	x7,x4,x16	  x4:0x0000fdda x16:0xa20c5894  x7=0xa20cfdde
       21955000	      2194	80001b60	3386f093	andi	x1,x13,824	 x13:0xabaa7ac4  x1=0x00000200
       21965000	      2195	80001b64	00000013	addi	x0,x0,0	  x0:0x00000000
       21975000	      2196	80001b68	40bc5093	srai	x1,x24,0xb	 x24:0x0000fdda  x1=0x0000001f
       21985000	      2197	80001b6c	037dd663	bge	x27,x23,80001b98	 x27:0xdd84e38b x23:0x00000000
       21995000	      2198	80001b70	036e7e63	bgeu	x28,x22,80001bac	 x28:0xfffffe87 x22:0xffffffc6
       22005000	      2199	80001b74	0196edb3	or	x27,x13,x25	 x13:0xabaa7ac4 x25:0x0000081b x27=0xabaa7adf
       22015000	      2200	80001b78	8148b093	sltiu	x1,x17,-2028	 x17:0x22751000  x1=0x00000001
       22025000	      2201	80001b7c	41d2d413	srai	x8,x5,0x1d	  x5:0xffaeffcf  x8=0xffffffff
       22035000	      2202	80001b80	413b0b33	sub	x22,x22,x19	 x22:0xffffffc6 x19:0x00000001 x22=0xffffffc5
       22045000	      2203	80001b84	00000013	addi	x0,x0,0	  x0:0x00000000
       22055000	      2204	80001b88	01b63f33	sltu	x30,x12,x27	 x12:0xfffffe87 x27:0xabaa7adf x30=0x00000000
       22065000	      2205	80001b8c	00000013	addi	x0,x0,0	  x0:0x00000000
       22075000	      2206	80001b90	00dcf2b3	and	x5,x25,x13	 x25:0x0000081b x13:0xabaa7ac4  x5=0x00000800
       22085000	      2207	80001b94	017ec6b3	xor	x13,x29,x23	 x29:0x25000000 x23:0x00000000 x13=0x25000000
       22095000	      2208	80001b98	007ddf93	srli	x31,x27,0x7	 x27:0xabaa7adf x31=0x015754f5
       22105000	      2209	80001b9c	40f6dc13	srai	x24,x13,0xf	 x13:0x25000000 x24=0x00004a00
       22115000	      2210	80001ba0	01bed833	srl	x16,x29,x27	 x29:0x25000000 x27:0xabaa7adf x16=0x00000000
       22125000	      2211	80001ba4	013d1413	slli	x8,x26,0x13	 x26:0x00000000  x8=0x00000000
       22135000	      2212	80001ba8	003f7633	and	x12,x30,x3	 x30:0x00000000  x3:0x00000000 x12=0x00000000
       22145000	      2213	80001bac	94a2b693	sltiu	x13,x5,-1718	  x5:0x00000800 x13=0x00000001
       22155000	      2214	80001bb0	01e26663	bltu	x4,x30,80001bbc	  x4:0x0000fdda x30:0x00000000
       22165000	      2215	80001bb4	00dd1fb3	sll	x31,x26,x13	 x26:0x00000000 x13:0x00000001 x31=0x00000000
       22175000	      2216	80001bb8	01544633	xor	x12,x8,x21	  x8:0x00000000 x21:0xa20c5895 x12=0xa20c5895
       22185000	      2217	80001bbc	037fda63	bge	x31,x23,80001bf0	 x31:0x00000000 x23:0x00000000
       22195000	      2218	00000000	00000013	addi	x0,x0,0	  x0:0x00000000
       22205000	      2219	80001bec	00000013	addi	x0,x0,0	  x0:0x00000000
       22215000	      2220	80001bf0	024e7263	bgeu	x28,x4,80001c14	 x28:0xfffffe87  x4:0x0000fdda
       22225000	      2221	00000000	00000013	addi	x0,x0,0	  x0:0x00000000
       22235000	      2222	80001c10	00000013	addi	x0,x0,0	  x0:0x00000000
       22245000	      2223	80001c14	001fa0b3	slt	x1,x31,x1	 x31:0x00000000  x1:0x00000001  x1=0x00000001
       22255000	      2224	80001c18	0045a883	lw	x17,4(x11)	 x11:0x80009f0c x17=0x8000629c PA:0x80009f10
       22265000	      2225	80001c1c	01f41013	slli	x0,x8,0x1f	  x8:0x00000000
       22275000	      2226	80001c20	03858593	addi	x11,x11,56	 x11:0x80009f0c x11=0x80009f44
       22285000	      2227	80001c24	018f2733	slt	x14,x30,x24	 x30:0x00000000 x24:0x00004a00 x14=0x00000001
       22295000	      2228	80001c28	00787e33	and	x28,x16,x7	 x16:0x00000000  x7:0xa20cfdde x28=0x00000000
       22305000	      2229	80001c2c	35006c17	auipc	x24,0x35006	 x24=0xb5007c28
       22315000	      2230	80001c30	00bb5093	srli	x1,x22,0xb	 x22:0xffffffc5  x1=0x001fffff
       22325000	      2231	80001c34	00d6da33	srl	x20,x13,x13	 x13:0x00000001 x13:0x00000001 x20=0x00000000
       22335000	      2232	80001c38	a2c60437	lui	x8,0xa2c60	  x8=0xa2c60000
       22345000	      2233	80001c3c	00188893	addi	x17,x17,1	 x17:0x8000629c x17=0x8000629d
       22355000	      2234	80001c40	000888e7	jalr	x17,x17,0	 x17:0x8000629d x17=0x80001c40
       22365000	      2235	00000000	00000013	addi	x0,x0,0	  x0:0x00000000
       22375000	      2236	8000629c	00000013	addi	x0,x0,0	  x0:0x00000000
       22385000	      2237	800062a0	05be9663	bne	x29,x27,800062ec	 x29:0x25000000 x27:0xabaa7adf
       22395000	      2238	00000000	00000013	addi	x0,x0,0	  x0:0x00000000
       22405000	      2239	800062e8	00000013	addi	x0,x0,0	  x0:0x00000000
       22415000	      2240	800062ec	d8538f93	addi	x31,x7,-635	  x7:0xa20cfdde x31=0xa20cfb63
       22425000	      2241	800062f0	00cf50b3	srl	x1,x30,x12	 x30:0x00000000 x12:0xa20c5895  x1=0x00000000
       22435000	      2242	800062f4	03a2f463	bgeu	x5,x26,8000631c	  x5:0x00000800 x26:0x00000000
       22445000	      2243	00000000	00000013	addi	x0,x0,0	  x0:0x00000000
       22455000	      2244	80006318	00000013	addi	x0,x0,0	  x0:0x00000000
       22465000	      2245	8000631c	f9aa9397	auipc	x7,0xf9aa9	  x7=0x79aaf318
       22475000	      2246	80006320	05cf4663	blt	x30,x28,8000636c	 x30:0x00000000 x28:0x00000000
       22485000	      2247	80006324	0c3b0213	addi	x4,x22,195	 x22:0xffffffc5  x4=0x00000088
       22495000	      2248	80006328	01fde463	bltu	x27,x31,80006330	 x27:0xabaa7adf x31:0xa20cfb63
       22505000	      2249	8000632c	006c47b3	xor	x15,x24,x6	 x24:0xb5007c28  x6:0x24fff833 x15=0x91ff841b
       22515000	      2250	80006330	2245bb93	sltiu	x23,x11,548	 x11:0x80009f44 x23=0x00000000
       22525000	      2251	80006334	00b34e63	blt	x6,x11,80006350	  x6:0x24fff833 x11:0x80009f44
       22535000	      2252	80006338	02f79c63	bne	x15,x15,80006370	 x15:0x91ff841b x15:0x91ff841b
       22545000	      2253	8000633c	014c23b3	slt	x7,x24,x20	 x24:0xb5007c28 x20:0x00000000  x7=0x00000001
       22555000	      2254	80006340	ec68ec93	ori	x25,x17,-314	 x17:0x80001c40 x25=0xfffffec6
       22565000	      2255	80006344	03c15463	bge	x2,x28,8000636c	  x2:0x00000001 x28:0x00000000
       22575000	      2256	00000000	00000013	addi	x0,x0,0	  x0:0x00000000
       22585000	      2257	80006368	00000013	addi	x0,x0,0	  x0:0x00000000
       22595000	      2258	8000636c	002d9293	slli	x5,x27,0x2	 x27:0xabaa7adf  x5=0xaea9eb7c
       22605000	      2259	80006370	011e4d33	xor	x26,x28,x17	 x28:0x00000000 x17:0x80001c40 x26=0x80001c40
       22615000	      2260	80006374	02e21863	bne	x4,x14,800063a4	  x4:0x00000088 x14:0x00000001
       22625000	      2261	00000000	00000013	addi	x0,x0,0	  x0:0x00000000
       22635000	      2262	800063a0	00000013	addi	x0,x0,0	  x0:0x00000000
       22645000	      2263	800063a4	4bc7ba17	auipc	x20,0x4bc7b	 x20=0xcbc813a0
       22655000	      2264	800063a8	011a3ab3	sltu	x21,x20,x17	 x20:0xcbc813a0 x17:0x80001c40 x21=0x00000000
       22665000	      2265	800063ac	a296ad93	slti	x27,x13,-1495	 x13:0x00000001 x27=0x00000000
       22675000	      2266	800063b0	02621463	bne	x4,x6,800063d8	  x4:0x00000088  x6:0x24fff833
       22685000	      2267	00000000	00000013	addi	x0,x0,0	  x0:0x00000000
       22695000	      2268	800063d4	00000013	addi	x0,x0,0	  x0:0x00000000
       22705000	      2269	800063d8	002decb3	or	x25,x27,x2	 x27:0x00000000  x2:0x00000001 x25=0x00000001
       22715000	      2270	800063dc	fe6c2d13	slti	x26,x24,-26	 x24:0xb5007c28 x26=0x00000001
       22725000	      2271	800063e0	98d77013	andi	x0,x14,-1651	 x14:0x00000001
       22735000	      2272	800063e4	f1816793	ori	x15,x2,-232	  x2:0x00000001 x15=0xffffff19
       22745000	      2273	800063e8	01247863	bgeu	x8,x18,800063f8	  x8:0xa2c60000 x18:0x000001c3
       22755000	      2274	00000000	00000013	addi	x0,x0,0	  x0:0x00000000
       22765000	      2275	800063f4	00000013	addi	x0,x0,0	  x0:0x00000000
       22775000	      2276	800063f8	019d3eb3	sltu	x29,x26,x25	 x26:0x00000001 x25:0x00000001 x29=0x00000000
       22785000	      2277	800063fc	ecaf2d93	slti	x27,x30,-310	 x30:0x00000000 x27=0x00000000
       22795000	      2278	80006400	001f5113	srli	x2,x30,0x1	 x30:0x00000000  x2=0x00000000
       22805000	      2279	80006404	024a6c63	bltu	x20,x4,8000643c	 x20:0xcbc813a0  x4:0x00000088
       22815000	      2280	80006408	00000013	addi	x0,x0,0	  x0:0x00000000
       22825000	      2281	8000640c	01a13233	sltu	x4,x2,x26	  x2:0x00000000 x26:0x00000001  x4=0x00000001
       22835000	      2282	80006410	01ad9693	slli	x13,x27,0x1a	 x27:0x00000000 x13=0x00000000
       22845000	      2283	80006414	01ae4e63	blt	x28,x26,80006430	 x28:0x00000000 x26:0x00000001
       22855000	      2284	00000000	00000013	addi	x0,x0,0	  x0:0x00000000
       22865000	      2285	8000642c	00000013	addi	x0,x0,0	  x0:0x00000000
       22875000	      2286	80006430	40f80633	sub	x12,x16,x15	 x16:0x00000000 x15:0xffffff19 x12=0x000000e7
       22885000	      2287	80006434	79958917	auipc	x18,0x79958	 x18=0xf995e430
       22895000	      2288	80006438	c405a613	slti	x12,x11,-960	 x11:0x80009f44 x12=0x00000001
       22905000	      2289	8000643c	0f5c3793	sltiu	x15,x24,245	 x24:0xb5007c28 x15=0x00000000
       22915000	      2290	80006440	00f1dc33	srl	x24,x3,x15	  x3:0x00000000 x15:0x00000000 x24=0x00000000
       22925000	      2291	80006444	00766e63	bltu	x12,x7,80006460	 x12:0x00000001  x7:0x00000001
       22935000	      2292	80006448	25643a93	sltiu	x21,x8,598	  x8:0xa2c60000 x21=0x00000000
       22945000	      2293	8000644c	0025fdb3	and	x27,x11,x2	 x11:0x80009f44  x2:0x00000000 x27=0x00000000
       22955000	      2294	80006450	00c7e933	or	x18,x15,x12	 x15:0x00000000 x12:0x00000001 x18=0x00000001
       22965000	      2295	80006454	002b1a93	slli	x21,x22,0x2	 x22:0xffffffc5 x21=0xffffff14
       22975000	      2296	80006458	019a8b33	add	x22,x21,x25	 x21:0xffffff14 x25:0x00000001 x22=0xffffff15
       22985000	      2297	8000645c	01870433	add	x8,x14,x24	 x14:0x00000001 x24:0x00000000  x8=0x00000001
       22995000	      2298	80006460	225b2b13	slti	x22,x22,549	 x22:0xffffff15 x22=0x00000001
       23005000	      2299	80006464	01ae58b3	srl	x17,x28,x26	 x28:0x00000000 x26:0x00000001 x17=0x00000000
       23015000	      2300	80006468	01b840b3	xor	x1,x16,x27	 x16:0x00000000 x27:0x00000000  x1=0x00000000
       23025000	      2301	8000646c	40804b13	xori	x22,x0,1032	  x0:0x00000000 x22=0x00000408
       23035000	      2302	80006470	045c0863	beq	x24,x5,800064c0	 x24:0x00000000  x5:0xaea9eb7c
       23045000	      2303	80006474	0132df93	srli	x31,x5,0x13	  x5:0xaea9eb7c x31=0x000015d5
       23055000	      2304	80006478	40fbdeb3	sra	x29,x23,x15	 x23:0x00000000 x15:0x00000000 x29=0x00000000
       23065000	      2305	8000647c	01367663	bgeu	x12,x19,80006488	 x12:0x00000001 x19:0x00000001
       23075000	      2306	00000000	00000013	addi	x0,x0,0	  x0:0x00000000
       23085000	      2307	80006484	00000013	addi	x0,x0,0	  x0:0x00000000
       23095000	      2308	80006488	033f9a63	bne	x31,x19,800064bc	 x31:0x000015d5 x19:0x00000001
       23105000	      2309	00000000	00000013	addi	x0,x0,0	  x0:0x00000000
       23115000	      2310	800064b8	00000013	addi	x0,x0,0	  x0:0x00000000
       23125000	      2311	800064bc	4eaee193	ori	x3,x29,1258	 x29:0x00000000  x3=0x000004ea
       23135000	      2312	800064c0	05f65863	bge	x12,x31,80006510	 x12:0x00000001 x31:0x000015d5
       23145000	      2313	800064c4	79628913	addi	x18,x5,1942	  x5:0xaea9eb7c x18=0xaea9f312
       23155000	      2314	800064c8	41378333	sub	x6,x15,x19	 x15:0x00000000 x19:0x00000001  x6=0xffffffff
       23165000	      2315	800064cc	6cc1eb13	ori	x22,x3,1740	  x3:0x000004ea x22=0x000006ee
       23175000	      2316	800064d0	16eca613	slti	x12,x25,366	 x25:0x00000001 x12=0x00000001
       23185000	      2317	800064d4	0350fe63	bgeu	x1,x21,80006510	  x1:0x00000000 x21:0xffffff14
       23195000	      2318	800064d8	000beb33	or	x22,x23,x0	 x23:0x00000000  x0:0x00000000 x22=0x00000000
       23205000	      2319	800064dc	0107a1b3	slt	x3,x15,x16	 x15:0x00000000 x16:0x00000000  x3=0x00000000
       23215000	      2320	800064e0	418bd3b3	sra	x7,x23,x24	 x23:0x00000000 x24:0x00000000  x7=0x00000000
       23225000	      2321	800064e4	00245e93	srli	x29,x8,0x2	  x8:0x00000001 x29=0x00000000
       23235000	      2322	800064e8	cccbb613	sltiu	x12,x23,-820	 x23:0x00000000 x12=0x00000001
       23245000	      2323	800064ec	007e5263	bge	x28,x7,800064f0	 x28:0x00000000  x7:0x00000000
       23255000	      2324	00000000	00000013	addi	x0,x0,0	  x0:0x00000000
       23265000	      2325	800064ec	00000013	addi	x0,x0,0	  x0:0x00000000
       23275000	      2326	800064f0	01fda333	slt	x6,x27,x31	 x27:0x00000000 x31:0x000015d5  x6=0x00000001
       23285000	      2327	800064f4	01975c63	bge	x14,x25,8000650c	 x14:0x00000001 x25:0x00000001
       23295000	      2328	00000000	00000013	addi	x0,x0,0	  x0:0x00000000
       23305000	      2329	80006508	00000013	addi	x0,x0,0	  x0:0x00000000
       23315000	      2330	8000650c	001d8bb3	add	x23,x27,x1	 x27:0x00000000  x1:0x00000000 x23=0x00000000
       23325000	      2331	80006510	01e9a1b3	slt	x3,x19,x30	 x19:0x00000001 x30:0x00000000  x3=0x00000000
       23335000	      2332	80006514	00b97463	bgeu	x18,x11,8000651c	 x18:0xaea9f312 x11:0x80009f44
       23345000	      2333	00000000	00000013	addi	x0,x0,0	  x0:0x00000000
       23355000	      2334	80006518	00000013	addi	x0,x0,0	  x0:0x00000000
       23365000	      2335	8000651c	4001dc93	srai	x25,x3,0x0	  x3:0x00000000 x25=0x00000000
       23375000	      2336	80006520	05ac4263	blt	x24,x26,80006564	 x24:0x00000000 x26:0x00000001
       23385000	      2337	00000000	00000013	addi	x0,x0,0	  x0:0x00000000
       23395000	      2338	80006560	00000013	addi	x0,x0,0	  x0:0x00000000
       23405000	      2339	80006564	4063d913	srai	x18,x7,0x6	  x7:0x00000000 x18=0x00000000
       23415000	      2340	80006568	00ef9e63	bne	x31,x14,80006584	 x31:0x000015d5 x14:0x00000001
       23425000	      2341	00000000	00000013	addi	x0,x0,0	  x0:0x00000000
       23435000	      2342	80006580	00000013	addi	x0,x0,0	  x0:0x00000000
       23445000	      2343	80006584	00d54f33	xor	x30,x10,x13	 x10:0x80009fc4 x13:0x00000000 x30=0x80009fc4
       23455000	      2344	80006588	5829f213	andi	x4,x19,1410	 x19:0x00000001  x4=0x00000000
       23465000	      2345	8000658c	400e0d33	sub	x26,x28,x0	 x28:0x00000000  x0:0x00000000 x26=0x00000000
       23475000	      2346	80006590	7eebf093	andi	x1,x23,2030	 x23:0x00000000  x1=0x00000000
       23485000	      2347	80006594	02498c63	beq	x19,x4,800065cc	 x19:0x00000001  x4:0x00000000
       23495000	      2348	80006598	012a8233	add	x4,x21,x18	 x21:0xffffff14 x18:0x00000000  x4=0xffffff14
       23505000	      2349	8000659c	00000013	addi	x0,x0,0	  x0:0x00000000
       23515000	      2350	800065a0	0187e233	or	x4,x15,x24	 x15:0x00000000 x24:0x00000000  x4=0x00000000
       23525000	      2351	800065a4	00000013	addi	x0,x0,0	  x0:0x00000000
       23535000	      2352	800065a8	00aa5bb3	srl	x23,x20,x10	 x20:0xcbc813a0 x10:0x80009fc4 x23=0x0cbc813a
       23545000	      2353	800065ac	013f4733	xor	x14,x30,x19	 x30:0x80009fc4 x19:0x00000001 x14=0x80009fc5
       23555000	      2354	800065b0	a13c6713	ori	x14,x24,-1517	 x24:0x00000000 x14=0xfffffa13
       23565000	      2355	800065b4	00000013	addi	x0,x0,0	  x0:0x00000000
       23575000	      2356	800065b8	45676d93	ori	x27,x14,1110	 x14:0xfffffa13 x27=0xfffffe57
       23585000	      2357	800065bc	0067cfb3	xor	x31,x15,x6	 x15:0x00000000  x6:0x00000001 x31=0x00000001
       23595000	      2358	800065c0	017b8ab3	add	x21,x23,x23	 x23:0x0cbc813a x23:0x0cbc813a x21=0x19790274
       23605000	      2359	800065c4	0083b8b3	sltu	x17,x7,x8	  x7:0x00000000  x8:0x00000001 x17=0x00000001
       23615000	      2360	800065c8	01f157b3	srl	x15,x2,x31	  x2:0x00000000 x31:0x00000001 x15=0x00000000
       23625000	      2361	800065cc	0032e263	bltu	x5,x3,800065d0	  x5:0xaea9eb7c  x3:0x00000000
       23635000	      2362	800065d0	402d83b3	sub	x7,x27,x2	 x27:0xfffffe57  x2:0x00000000  x7=0xfffffe57
       23645000	      2363	800065d4	b8b61bb7	lui	x23,0xb8b61	 x23=0xb8b61000
       23655000	      2364	800065d8	00000013	addi	x0,x0,0	  x0:0x00000000
       23665000	      2365	800065dc	e595a013	slti	x0,x11,-423	 x11:0x80009f44
       23675000	      2366	800065e0	00dfc663	blt	x31,x13,800065ec	 x31:0x00000001 x13:0x00000000
       23685000	      2367	800065e4	5f44a293	slti	x5,x9,1524	  x9:0x00000001  x5=0x00000001
       23695000	      2368	800065e8	41bf5393	srai	x7,x30,0x1b	 x30:0x80009fc4  x7=0xfffffff0
       23705000	      2369	800065ec	050d0663	beq	x26,x16,80006638	 x26:0x00000000 x16:0x00000000
       23715000	      2370	00000000	00000013	addi	x0,x0,0	  x0:0x00000000
       23725000	      2371	80006634	00000013	addi	x0,x0,0	  x0:0x00000000
       23735000	      2372	80006638	01c858b3	srl	x17,x16,x28	 x16:0x00000000 x28:0x00000000 x17=0x00000000
       23745000	      2373	8000663c	03c4e863	bltu	x9,x28,8000666c	  x9:0x00000001 x28:0x00000000
       23755000	      2374	80006640	00000013	addi	x0,x0,0	  x0:0x00000000
       23765000	      2375	80006644	0587cd13	xori	x26,x15,88	 x15:0x00000000 x26=0x00000058
       23775000	      2376	80006648	0080f233	and	x4,x1,x8	  x1:0x00000000  x8:0x00000001  x4=0x00000000
       23785000	      2377	8000664c	40638333	sub	x6,x7,x6	  x7:0xfffffff0  x6:0x00000001  x6=0xffffffef
       23795000	      2378	80006650	9fbb7413	andi	x8,x22,-1541	 x22:0x00000000  x8=0x00000000
       23805000	      2379	80006654	01830033	add	x0,x6,x24	  x6:0xffffffef x24:0x00000000
       23815000	      2380	80006658	0094ceb3	xor	x29,x9,x9	  x9:0x00000001  x9:0x00000001 x29=0x00000000
       23825000	      2381	8000665c	01696233	or	x4,x18,x22	 x18:0x00000000 x22:0x00000000  x4=0x00000000
       23835000	      2382	80006660	9aa22193	slti	x3,x4,-1622	  x4:0x00000000  x3=0x00000000
       23845000	      2383	80006664	00ff7c63	bgeu	x30,x15,8000667c	 x30:0x80009fc4 x15:0x00000000
       23855000	      2384	00000000	00000013	addi	x0,x0,0	  x0:0x00000000
       23865000	      2385	80006678	00000013	addi	x0,x0,0	  x0:0x00000000
       23875000	      2386	8000667c	00dcd1b3	srl	x3,x25,x13	 x25:0x00000000 x13:0x00000000  x3=0x00000000
       23885000	      2387	80006680	d221b437	lui	x8,0xd221b	  x8=0xd221b000
       23895000	      2388	80006684	036ec463	blt	x29,x22,800066ac	 x29:0x00000000 x22:0x00000000
       23905000	      2389	80006688	01465313	srli	x6,x12,0x14	 x12:0x00000001  x6=0x00000000
       23915000	      2390	8000668c	039dea63	bltu	x27,x25,800066c0	 x27:0xfffffe57 x25:0x00000000
       23925000	      2391	80006690	011f0263	beq	x30,x17,80006694	 x30:0x80009fc4 x17:0x00000000
       23935000	      2392	80006694	002508b3	add	x17,x10,x2	 x10:0x80009fc4  x2:0x00000000 x17=0x80009fc4
       23945000	      2393	80006698	00c28e63	beq	x5,x12,800066b4	  x5:0x00000001 x12:0x00000001
       23955000	      2394	00000000	00000013	addi	x0,x0,0	  x0:0x00000000
       23965000	      2395	800066b0	00000013	addi	x0,x0,0	  x0:0x00000000
       23975000	      2396	800066b4	40975313	srai	x6,x14,0x9	 x14:0xfffffa13  x6=0xfffffffd
       23985000	      2397	800066b8	521de613	ori	x12,x27,1313	 x27:0xfffffe57 x12=0xffffff77
       23995000	      2398	800066bc	047d1663	bne	x26,x7,80006708	 x26:0x00000058  x7:0xfffffff0
       24005000	      2399	00000000	00000013	addi	x0,x0,0	  x0:0x00000000
       24015000	      2400	80006704	00000013	addi	x0,x0,0	  x0:0x00000000
       24025000	      2401	80006708	00cbedb3	or	x27,x23,x12	 x23:0xb8b61000 x12:0xffffff77 x27=0xffffff77
       24035000	      2402	8000670c	31a82293	slti	x5,x16,794	 x16:0x00000000  x5=0x00000001
       24045000	      2403	80006710	445dab93	slti	x23,x27,1093	 x27:0xffffff77 x23=0x00000001
       24055000	      2404	80006714	01847b33	and	x22,x8,x24	  x8:0xd221b000 x24:0x00000000 x22=0x00000000
       24065000	      2405	80006718	cd9a5417	auipc	x8,0xcd9a5	  x8=0x4d9ab714
       24075000	      2406	8000671c	40d05d33	sra	x26,x0,x13	  x0:0x00000000 x13:0x00000000 x26=0x00000000
       24085000	      2407	80006720	01c35a63	bge	x6,x28,80006734	  x6:0xfffffffd x28:0x00000000
       24095000	      2408	80006724	0211d463	bge	x3,x1,8000674c	  x3:0x00000000  x1:0x00000000
       24105000	      2409	00000000	00000013	addi	x0,x0,0	  x0:0x00000000
       24115000	      2410	80006748	00000013	addi	x0,x0,0	  x0:0x00000000
       24125000	      2411	8000674c	36a67b13	andi	x22,x12,874	 x12:0xffffff77 x22=0x00000362
       24135000	      2412	80006750	01431633	sll	x12,x6,x20	  x6:0xfffffffd x20:0xcbc813a0 x12=0xfffffffd
       24145000	      2413	80006754	013e4e33	xor	x28,x28,x19	 x28:0x00000000 x19:0x00000001 x28=0x00000001
       24155000	      2414	80006758	2a9b0d13	addi	x26,x22,681	 x22:0x00000362 x26=0x0000060b
       24165000	      2415	8000675c	9f038b17	auipc	x22,0x9f038	 x22=0x1f03e758
       24175000	      2416	80006760	41035e13	srai	x28,x6,0x10	  x6:0xfffffffd x28=0xffffffff
       24185000	      2417	80006764	014e7133	and	x2,x28,x20	 x28:0xffffffff x20:0xcbc813a0  x2=0xcbc813a0
       24195000	      2418	80006768	6bf07893	andi	x17,x0,1727	  x0:0x00000000 x17=0x00000000
       24205000	      2419	8000676c	99285fb7	lui	x31,0x99285	 x31=0x99285000
       24215000	      2420	80006770	4113dcb3	sra	x25,x7,x17	  x7:0xfffffff0 x17:0x00000000 x25=0xfffffff0
       24225000	      2421	80006774	0263da63	bge	x7,x6,800067a8	  x7:0xfffffff0  x6:0xfffffffd
       24235000	      2422	80006778	02bd5863	bge	x26,x11,800067a8	 x26:0x0000060b x11:0x80009f44
       24245000	      2423	00000000	00000013	addi	x0,x0,0	  x0:0x00000000
       24255000	      2424	800067a4	00000013	addi	x0,x0,0	  x0:0x00000000
       24265000	      2425	800067a8	03ea7463	bgeu	x20,x30,800067d0	 x20:0xcbc813a0 x30:0x80009fc4
       24275000	      2426	00000000	00000013	addi	x0,x0,0	  x0:0x00000000
       24285000	      2427	800067cc	00000013	addi	x0,x0,0	  x0:0x00000000
       24295000	      2428	800067d0	00f45f13	srli	x30,x8,0xf	  x8:0x4d9ab714 x30=0x00009b35
       24305000	      2429	800067d4	04297663	bgeu	x18,x2,80006820	 x18:0x00000000  x2:0xcbc813a0
       24315000	      2430	800067d8	00000013	addi	x0,x0,0	  x0:0x00000000
       24325000	      2431	800067dc	00cdd013	srli	x0,x27,0xc	 x27:0xffffff77
       24335000	      2432	800067e0	56754293	xori	x5,x10,1383	 x10:0x80009fc4  x5=0x80009aa3
       24345000	      2433	800067e4	41980033	sub	x0,x16,x25	 x16:0x00000000 x25:0xfffffff0
       24355000	      2434	800067e8	00277e63	bgeu	x14,x2,80006804	 x14:0xfffffa13  x2:0xcbc813a0
       24365000	      2435	00000000	00000013	addi	x0,x0,0	  x0:0x00000000
       24375000	      2436	80006800	00000013	addi	x0,x0,0	  x0:0x00000000
       24385000	      2437	80006804	014bf133	and	x2,x23,x20	 x23:0x00000001 x20:0xcbc813a0  x2=0x00000000
       24395000	      2438	80006808	0182df93	srli	x31,x5,0x18	  x5:0x80009aa3 x31=0x00000080
       24405000	      2439	8000680c	f2128637	lui	x12,0xf2128	 x12=0xf2128000
       24415000	      2440	80006810	00a6e3b3	or	x7,x13,x10	 x13:0x00000000 x10:0x80009fc4  x7=0x80009fc4
       24425000	      2441	80006814	0136ff33	and	x30,x13,x19	 x13:0x00000000 x19:0x00000001 x30=0x00000000
       24435000	      2442	80006818	01e60bb3	add	x23,x12,x30	 x12:0xf2128000 x30:0x00000000 x23=0xf2128000
       24445000	      2443	8000681c	95d00313	addi	x6,x0,-1699	  x0:0x00000000  x6=0xfffff95d
       24455000	      2444	80006820	0077e2b3	or	x5,x15,x7	 x15:0x00000000  x7:0x80009fc4  x5=0x80009fc4
       24465000	      2445	80006824	01449933	sll	x18,x9,x20	  x9:0x00000001 x20:0xcbc813a0 x18=0x00000001
       24475000	      2446	80006828	059d5863	bge	x26,x25,80006878	 x26:0x0000060b x25:0xfffffff0
       24485000	      2447	00000000	00000013	addi	x0,x0,0	  x0:0x00000000
       24495000	      2448	80006874	00000013	addi	x0,x0,0	  x0:0x00000000
       24505000	      2449	80006878	032e8e63	beq	x29,x18,800068b4	 x29:0x00000000 x18:0x00000001
       24515000	      2450	8000687c	005b3bb3	sltu	x23,x22,x5	 x22:0x1f03e758  x5:0x80009fc4 x23=0x00000001
       24525000	      2451	80006880	01bab633	sltu	x12,x21,x27	 x21:0x19790274 x27:0xffffff77 x12=0x00000001
       24535000	      2452	80006884	363d0c13	addi	x24,x26,867	 x26:0x0000060b x24=0x0000096e
       24545000	      2453	80006888	01565d13	srli	x26,x12,0x15	 x12:0x00000001 x26=0x00000000
       24555000	      2454	8000688c	b0f3ed93	ori	x27,x7,-1265	  x7:0x80009fc4 x27=0xffffffcf
       24565000	      2455	80006890	0062da13	srli	x20,x5,0x6	  x5:0x80009fc4 x20=0x0200027f
       24575000	      2456	80006894	03d74463	blt	x14,x29,800068bc	 x14:0xfffffa13 x29:0x00000000
       24585000	      2457	00000000	00000013	addi	x0,x0,0	  x0:0x00000000
       24595000	      2458	800068b8	00000013	addi	x0,x0,0	  x0:0x00000000
       24605000	      2459	800068bc	2503ce97	auipc	x29,0x2503c	 x29=0xa50428b8
       24615000	      2460	800068c0	40b65333	sra	x6,x12,x11	 x12:0x00000001 x11:0x80009f44  x6=0x00000000
       24625000	      2461	800068c4	bc27bd93	sltiu	x27,x15,-1086	 x15:0x00000000 x27=0x00000001
       24635000	      2462	800068c8	03324c63	blt	x4,x19,80006900	  x4:0x00000000 x19:0x00000001
       24645000	      2463	00000000	00000013	addi	x0,x0,0	  x0:0x00000000
       24655000	      2464	800068fc	00000013	addi	x0,x0,0	  x0:0x00000000
       24665000	      2465	80006900	41e2c093	xori	x1,x5,1054	  x5:0x80009fc4  x1=0x80009bda
       24675000	      2466	80006904	ce23b313	sltiu	x6,x7,-798	  x7:0x80009fc4  x6=0x00000001
       24685000	      2467	80006908	40b2d133	sra	x2,x5,x11	  x5:0x80009fc4 x11:0x80009f44  x2=0xf80009fc
       24695000	      2468	8000690c	00db7eb3	and	x29,x22,x13	 x22:0x1f03e758 x13:0x00000000 x29=0x00000000
       24705000	      2469	80006910	019d4433	xor	x8,x26,x25	 x26:0x00000000 x25:0xfffffff0  x8=0xfffffff0
       24715000	      2470	80006914	4fbb2317	auipc	x6,0x4fbb2	  x6=0xcfbb8910
       24725000	      2471	80006918	0195c6b3	xor	x13,x11,x25	 x11:0x80009f44 x25:0xfffffff0 x13=0x7fff60b4
       24735000	      2472	8000691c	27f9c093	xori	x1,x19,639	 x19:0x00000001  x1=0x0000027e
       24745000	      2473	80006920	0360d463	bge	x1,x22,80006948	  x1:0x0000027e x22:0x1f03e758
       24755000	      2474	80006924	05f74663	blt	x14,x31,80006970	 x14:0xfffffa13 x31:0x00000080
       24765000	      2475	00000000	00000013	addi	x0,x0,0	  x0:0x00000000
       24775000	      2476	8000696c	00000013	addi	x0,x0,0	  x0:0x00000000
       24785000	      2477	80006970	002e41b3	xor	x3,x28,x2	 x28:0xffffffff  x2:0xf80009fc  x3=0x07fff603
       24795000	      2478	80006974	0155cdb3	xor	x27,x11,x21	 x11:0x80009f44 x21:0x19790274 x27=0x99799d30
       24805000	      2479	80006978	59f43f93	sltiu	x31,x8,1439	  x8:0xfffffff0 x31=0x00000000
       24815000	      2480	8000697c	02b26463	bltu	x4,x11,800069a4	  x4:0x00000000 x11:0x80009f44
       24825000	      2481	00000000	00000013	addi	x0,x0,0	  x0:0x00000000
       24835000	      2482	800069a0	00000013	addi	x0,x0,0	  x0:0x00000000
       24845000	      2483	800069a4	4089dc33	sra	x24,x19,x8	 x19:0x00000001  x8:0xfffffff0 x24=0x00000000
       24855000	      2484	800069a8	41c7db13	srai	x22,x15,0x1c	 x15:0x00000000 x22=0x00000000
       24865000	      2485	800069ac	0073be33	sltu	x28,x7,x7	  x7:0x80009fc4  x7:0x80009fc4 x28=0x00000000
       24875000	      2486	800069b0	00000013	addi	x0,x0,0	  x0:0x00000000
       24885000	      2487	800069b4	9dab0913	addi	x18,x22,-1574	 x22:0x00000000 x18=0xfffff9da
       24895000	      2488	800069b8	415fd113	srai	x2,x31,0x15	 x31:0x00000000  x2=0x00000000
       24905000	      2489	800069bc	0045a883	lw	x17,4(x11)	 x11:0x80009f44 x17=0x800002c8 PA:0x80009f48
       24915000	      2490	800069c0	9484f097	auipc	x1,0x9484f	  x1=0x148559bc
       24925000	      2491	800069c4	04058593	addi	x11,x11,64	 x11:0x80009f44 x11=0x80009f84
       24935000	      2492	800069c8	ec888693	addi	x13,x17,-312	 x17:0x800002c8 x13=0x80000190
       24945000	      2493	800069cc	78f28637	lui	x12,0x78f28	 x12=0x78f28000
       24955000	      2494	800069d0	00188f93	addi	x31,x17,1	 x17:0x800002c8 x31=0x800002c9
       24965000	      2495	800069d4	000f8fe7	jalr	x31,x31,0	 x31:0x800002c9 x31=0x800069d4
       24975000	      2496	00000000	00000013	addi	x0,x0,0	  x0:0x00000000
       24985000	      2497	800002c8	00000013	addi	x0,x0,0	  x0:0x00000000
       24995000	      2498	800002cc	024bee63	bltu	x23,x4,80000308	 x23:0x00000001  x4:0x00000000
       25005000	      2499	800002d0	00ebc033	xor	x0,x23,x14	 x23:0x00000001 x14:0xfffffa13
       25015000	      2500	800002d4	05f0d463	bge	x1,x31,8000031c	  x1:0x148559bc x31:0x800069d4
       25025000	      2501	00000000	00000013	addi	x0,x0,0	  x0:0x00000000
       25035000	      2502	80000318	00000013	addi	x0,x0,0	  x0:0x00000000
       25045000	      2503	8000031c	419e07b3	sub	x15,x28,x25	 x28:0x00000000 x25:0xfffffff0 x15=0x00000010
       25055000	      2504	80000320	00ff4a63	blt	x30,x15,80000334	 x30:0x00000000 x15:0x00000010
       25065000	      2505	00000000	00000013	addi	x0,x0,0	  x0:0x00000000
       25075000	      2506	80000330	00000013	addi	x0,x0,0	  x0:0x00000000
       25085000	      2507	80000334	04651063	bne	x10,x6,80000374	 x10:0x80009fc4  x6:0xcfbb8910
       25095000	      2508	00000000	00000013	addi	x0,x0,0	  x0:0x00000000
       25105000	      2509	80000370	00000013	addi	x0,x0,0	  x0:0x00000000
       25115000	      2510	80000374	009591b3	sll	x3,x11,x9	 x11:0x80009f84  x9:0x00000001  x3=0x00013f08
       25125000	      2511	80000378	01d5a133	slt	x2,x11,x29	 x11:0x80009f84 x29:0x00000000  x2=0x00000001
       25135000	      2512	8000037c	01c53f33	sltu	x30,x10,x28	 x10:0x80009fc4 x28:0x00000000 x30=0x00000000
       25145000	      2513	80000380	d264ad13	slti	x26,x9,-730	  x9:0x00000001 x26=0x00000000
       25155000	      2514	80000384	04b6f263	bgeu	x13,x11,800003c8	 x13:0x80000190 x11:0x80009f84
       25165000	      2515	80000388	05051463	bne	x10,x16,800003d0	 x10:0x80009fc4 x16:0x00000000
       25175000	      2516	00000000	00000013	addi	x0,x0,0	  x0:0x00000000
       25185000	      2517	800003cc	00000013	addi	x0,x0,0	  x0:0x00000000
       25195000	      2518	800003d0	0139d033	srl	x0,x19,x19	 x19:0x00000001 x19:0x00000001
       25205000	      2519	800003d4	a398ab93	slti	x23,x17,-1479	 x17:0x800002c8 x23=0x00000001
       25215000	      2520	800003d8	00008c97	auipc	x25,0x8	 x25=0x800083d4
       25225000	      2521	800003dc	1c3c8c93	addi	x25,x25,451	 x25:0x800083d4 x25=0x80008597
       25235000	      2522	800003e0	27a5fb93	andi	x23,x11,634	 x11:0x80009f84 x23=0x00000200
       25245000	      2523	800003e4	cf9bf313	andi	x6,x23,-775	 x23:0x00000200  x6=0x00000000
       25255000	      2524	800003e8	02ec8203	lb	x4,46(x25)	 x25:0x80008597  x4=0x0000007e PA:0x800085c5
       25265000	      2525	800003ec	d3decd13	xori	x26,x29,-707	 x29:0x00000000 x26=0xfffffd3d
       25275000	      2526	800003f0	0049b933	sltu	x18,x19,x4	 x19:0x00000001  x4:0x0000007e x18=0x00000001
       25285000	      2527	800003f4	fe2c8423	sb	x2,-24(x25)	 x25:0x80008597  x2:0x00000001 PA:0x8000857f
       25295000	      2528	800003f8	40f75033	sra	x0,x14,x15	 x14:0xfffffa13 x15:0x00000010
       25305000	      2529	800003fc	008883b3	add	x7,x17,x8	 x17:0x800002c8  x8:0xfffffff0  x7=0x800002b8
       25315000	      2530	80000400	01efceb3	xor	x29,x31,x30	 x31:0x800069d4 x30:0x00000000 x29=0x800069d4
       25325000	      2531	80000404	fc8c83a3	sb	x8,-57(x25)	 x25:0x80008597  x8:0xfffffff0 PA:0x8000855e
       25335000	      2532	80000408	c4588b93	addi	x23,x17,-955	 x17:0x800002c8 x23=0x7fffff0d
       25345000	      2533	8000040c	606b0793	addi	x15,x22,1542	 x22:0x00000000 x15=0x00000606
       25355000	      2534	80000410	feacc803	lbu	x16,-22(x25)	 x25:0x80008597 x16=0x00000034 PA:0x80008581
       25365000	      2535	80000414	00b9de93	srli	x29,x19,0xb	 x19:0x00000001 x29=0x00000000
       25375000	      2536	80000418	003ac633	xor	x12,x21,x3	 x21:0x19790274  x3:0x00013f08 x12=0x19783d7c
       25385000	      2537	8000041c	014c8a03	lb	x20,20(x25)	 x25:0x80008597 x20=0xffffff8d PA:0x800085ab
       25395000	      2538	80000420	90b76a13	ori	x20,x14,-1781	 x14:0xfffffa13 x20=0xfffffb1b
       25405000	      2539	80000424	f8cb3913	sltiu	x18,x22,-116	 x22:0x00000000 x18=0x00000001
       25415000	      2540	80000428	6569bb93	sltiu	x23,x19,1622	 x19:0x00000001 x23=0x00000001
       25425000	      2541	8000042c	387c7693	andi	x13,x24,903	 x24:0x00000000 x13=0x00000000
       25435000	      2542	80000430	01ec8e83	lb	x29,30(x25)	 x25:0x80008597 x29=0x00000032 PA:0x800085b5
       25445000	      2543	80000434	fcac86a3	sb	x10,-51(x25)	 x25:0x80008597 x10:0x80009fc4 PA:0x80008564
       25455000	      2544	80000438	fe8cc803	lbu	x16,-24(x25)	 x25:0x80008597 x16=0x00000001 PA:0x8000857f
       25465000	      2545	8000043c	00c92ab3	slt	x21,x18,x12	 x18:0x00000001 x12:0x19783d7c x21=0x00000001
       25475000	      2546	80000440	baeba237	lui	x4,0xbaeba	  x4=0xbaeba000
       25485000	      2547	80000444	018c8803	lb	x16,24(x25)	 x25:0x80008597 x16=0xffffffab PA:0x800085af
       25495000	      2548	80000448	027c8e23	sb	x7,60(x25)	 x25:0x80008597  x7:0x800002b8 PA:0x800085d3
       25505000	      2549	8000044c	01b6b4b3	sltu	x9,x13,x27	 x13:0x00000000 x27:0x99799d30  x9=0x00000001
       25515000	      2550	80000450	01d61093	slli	x1,x12,0x1d	 x12:0x19783d7c  x1=0x80000000
       25525000	      2551	80000454	beab4713	xori	x14,x22,-1046	 x22:0x00000000 x14=0xfffffbea
       25535000	      2552	80000458	fd2cc883	lbu	x17,-46(x25)	 x25:0x80008597 x17=0x000000f2 PA:0x80008569
       25545000	      2553	8000045c	417156b3	sra	x13,x2,x23	  x2:0x00000001 x23:0x00000001 x13=0x00000000
       25555000	      2554	80000460	00de9733	sll	x14,x29,x13	 x29:0x00000032 x13:0x00000000 x14=0x00000032
       25565000	      2555	80000464	e167b313	sltiu	x6,x15,-490	 x15:0x00000606  x6=0x00000001
       25575000	      2556	80000468	01600a63	beq	x0,x22,8000047c	  x0:0x00000000 x22:0x00000000
       25585000	      2557	00000000	00000013	addi	x0,x0,0	  x0:0x00000000
       25595000	      2558	80000478	00000013	addi	x0,x0,0	  x0:0x00000000
       25605000	      2559	8000047c	04177463	bgeu	x14,x1,800004c4	 x14:0x00000032  x1:0x80000000
       25615000	      2560	80000480	046ae063	bltu	x21,x6,800004c0	 x21:0x00000001  x6:0x00000001
       25625000	      2561	80000484	03a45e63	bge	x8,x26,800004c0	  x8:0xfffffff0 x26:0xfffffd3d
       25635000	      2562	00000000	00000013	addi	x0,x0,0	  x0:0x00000000
       25645000	      2563	800004bc	00000013	addi	x0,x0,0	  x0:0x00000000
       25655000	      2564	800004c0	5c9d1a37	lui	x20,0x5c9d1	 x20=0x5c9d1000
       25665000	      2565	800004c4	1b14be13	sltiu	x28,x9,433	  x9:0x00000001 x28=0x00000001
       25675000	      2566	800004c8	e360b237	lui	x4,0xe360b	  x4=0xe360b000
       25685000	      2567	800004cc	01e1f433	and	x8,x3,x30	  x3:0x00013f08 x30:0x00000000  x8=0x00000000
       25695000	      2568	800004d0	01e36833	or	x16,x6,x30	  x6:0x00000001 x30:0x00000000 x16=0x00000001
       25705000	      2569	800004d4	4187db93	srai	x23,x15,0x18	 x15:0x00000606 x23=0x00000000
       25715000	      2570	800004d8	00d54333	xor	x6,x10,x13	 x10:0x80009fc4 x13:0x00000000  x6=0x80009fc4
       25725000	      2571	800004dc	00000997	auipc	x19,0x0	 x19=0x800004d8
       25735000	      2572	800004e0	00c98993	addi	x19,x19,12	 x19:0x800004d8 x19=0x800004e4
       25745000	      2573	800004e4	00098067	jalr	x0,x19,0	 x19:0x800004e4
       25755000	      2574	00000000	00000013	addi	x0,x0,0	  x0:0x00000000
       25765000	      2575	800004e4	00000013	addi	x0,x0,0	  x0:0x00000000
       25775000	      2576	800004e8	00100193	addi	x3,x0,1	  x0:0x00000000  x3=0x00000001
       25785000	      2577	800004ec	00000073	ecall	
       25795000	      2578	800004f0	ff058593	addi	x11,x11,-16	 x11:0x80009f84 x11=0x80009f74
