		Time			Cycle	PC		Insn	Decoded instruction	Register and memory contents
          65000	         5	80000004	00000293	addi	x5,x0,0	  x0:0x00000000  x5=0x00000000
          75000	         6	80000008	00000313	addi	x6,x0,0	  x0:0x00000000  x6=0x00000000
          85000	         7	8000000c	00628263	beq	x5,x6,80000010	  x5:0x00000000  x6:0x00000000
          95000	         8	00000000	00000013	addi	x0,x0,0	  x0:0x00000000
         105000	         9	8000000c	00000013	addi	x0,x0,0	  x0:0x00000000
         115000	        10	80000010	00000e17	auipc	x28,0x0	 x28=0x8000000c
         125000	        11	80000014	00ce0e13	addi	x28,x28,12	 x28:0x8000000c x28=0x80000018
         135000	        12	80000018	000e0067	jalr	x0,x28,0	 x28:0x80000018
         145000	        13	00000000	00000013	addi	x0,x0,0	  x0:0x00000000
         155000	        14	80000018	00000013	addi	x0,x0,0	  x0:0x00000000
         165000	        15	8000001c	40000b37	lui	x22,0x40000	 x22=0x40000000
         175000	        16	80000020	100b0b13	addi	x22,x22,256	 x22:0x40000000 x22=0x40000100
         185000	        17	80000024	00000013	addi	x0,x0,0	  x0:0x00000000
         195000	        18	80000028	0000a617	auipc	x12,0xa	 x12=0x8000a024
         205000	        19	8000002c	fa060613	addi	x12,x12,-96	 x12:0x8000a024 x12=0x80009fc4
         215000	        20	80000030	00007b17	auipc	x22,0x7	 x22=0x8000702c
         225000	        21	80000034	6d4b0b13	addi	x22,x22,1748	 x22:0x8000702c x22=0x80007700
         235000	        22	80000038	001b6b13	ori	x22,x22,1	 x22:0x80007700 x22=0x80007701
         245000	        23	8000003c	00000013	addi	x0,x0,0	  x0:0x00000000
         255000	        24	80000040	00000b17	auipc	x22,0x0	 x22=0x8000003c
         265000	        25	80000044	020b0b13	addi	x22,x22,32	 x22:0x8000003c x22=0x8000005c
         275000	        26	80000048	00000013	addi	x0,x0,0	  x0:0x00000000
         285000	        27	8000004c	00000013	addi	x0,x0,0	  x0:0x00000000
         295000	        28	80000050	00002b37	lui	x22,0x2	 x22=0x00002000
         305000	        29	80000054	800b0b13	addi	x22,x22,-2048	 x22:0x00002000 x22=0x00001800
         315000	        30	80000058	00000013	addi	x0,x0,0	  x0:0x00000000
         325000	        31	8000005c	00000013	addi	x0,x0,0	  x0:0x00000000
         335000	        32	80000060	f7898037	lui	x0,0xf7898	
         345000	        33	80000064	dec00013	addi	x0,x0,-532	  x0:0x00000000
         355000	        34	80000068	00000093	addi	x1,x0,0	  x0:0x00000000  x1=0x00000000
         365000	        35	8000006c	fa15b137	lui	x2,0xfa15b	  x2=0xfa15b000
         375000	        36	80000070	29910113	addi	x2,x2,665	  x2:0xfa15b000  x2=0xfa15b299
         385000	        37	80000074	00000193	addi	x3,x0,0	  x0:0x00000000  x3=0x00000000
         395000	        38	80000078	80000237	lui	x4,0x80000	  x4=0x80000000
         405000	        39	8000007c	bb2d62b7	lui	x5,0xbb2d6	  x5=0xbb2d6000
         415000	        40	80000080	bc428293	addi	x5,x5,-1084	  x5:0xbb2d6000  x5=0xbb2d5bc4
         425000	        41	80000084	80000337	lui	x6,0x80000	  x6=0x80000000
         435000	        42	80000088	800003b7	lui	x7,0x80000	  x7=0x80000000
         445000	        43	8000008c	00000413	addi	x8,x0,0	  x0:0x00000000  x8=0x00000000
         455000	        44	80000090	00000493	addi	x9,x0,0	  x0:0x00000000  x9=0x00000000
         465000	        45	80000094	00900513	addi	x10,x0,9	  x0:0x00000000 x10=0x00000009
         475000	        46	80000098	00000593	addi	x11,x0,0	  x0:0x00000000 x11=0x00000000
         485000	        47	8000009c	f8de76b7	lui	x13,0xf8de7	 x13=0xf8de7000
         495000	        48	800000a0	adc68693	addi	x13,x13,-1316	 x13:0xf8de7000 x13=0xf8de6adc
         505000	        49	800000a4	00a00713	addi	x14,x0,10	  x0:0x00000000 x14=0x0000000a
         515000	        50	800000a8	800007b7	lui	x15,0x80000	 x15=0x80000000
         525000	        51	800000ac	80000837	lui	x16,0x80000	 x16=0x80000000
         535000	        52	800000b0	00d00893	addi	x17,x0,13	  x0:0x00000000 x17=0x0000000d
         545000	        53	800000b4	fd0b1937	lui	x18,0xfd0b1	 x18=0xfd0b1000
         555000	        54	800000b8	45790913	addi	x18,x18,1111	 x18:0xfd0b1000 x18=0xfd0b1457
         565000	        55	800000bc	00c00993	addi	x19,x0,12	  x0:0x00000000 x19=0x0000000c
         575000	        56	800000c0	fdc7aa37	lui	x20,0xfdc7a	 x20=0xfdc7a000
         585000	        57	800000c4	1d8a0a13	addi	x20,x20,472	 x20:0xfdc7a000 x20=0xfdc7a1d8
         595000	        58	800000c8	00000a93	addi	x21,x0,0	  x0:0x00000000 x21=0x00000000
         605000	        59	800000cc	00000b13	addi	x22,x0,0	  x0:0x00000000 x22=0x00000000
         615000	        60	800000d0	fc557bb7	lui	x23,0xfc557	 x23=0xfc557000
         625000	        61	800000d4	1afb8b93	addi	x23,x23,431	 x23:0xfc557000 x23=0xfc5571af
         635000	        62	800000d8	00000c13	addi	x24,x0,0	  x0:0x00000000 x24=0x00000000
         645000	        63	800000dc	80000cb7	lui	x25,0x80000	 x25=0x80000000
         655000	        64	800000e0	00300d13	addi	x26,x0,3	  x0:0x00000000 x26=0x00000003
         665000	        65	800000e4	653e0db7	lui	x27,0x653e0	 x27=0x653e0000
         675000	        66	800000e8	c56d8d93	addi	x27,x27,-938	 x27:0x653e0000 x27=0x653dfc56
         685000	        67	800000ec	00400e13	addi	x28,x0,4	  x0:0x00000000 x28=0x00000004
         695000	        68	800000f0	80000eb7	lui	x29,0x80000	 x29=0x80000000
         705000	        69	800000f4	b1390fb7	lui	x31,0xb1390	 x31=0xb1390000
         715000	        70	800000f8	165f8f93	addi	x31,x31,357	 x31:0xb1390000 x31=0xb1390165
         725000	        71	800000fc	0000af17	auipc	x30,0xa	 x30=0x8000a0f8
         735000	        72	80000100	e8cf0f13	addi	x30,x30,-372	 x30:0x8000a0f8 x30=0x80009f84
         745000	        73	80000104	006d9c13	slli	x24,x27,0x6	 x27:0x653dfc56 x24=0x4f7f1580
         755000	        74	80000108	fb8ff993	andi	x19,x31,-72	 x31:0xb1390165 x19=0xb1390120
         765000	        75	8000010c	40525713	srai	x14,x4,0x5	  x4:0x80000000 x14=0xfc000000
         775000	        76	80000110	f1c66313	ori	x6,x12,-228	 x12:0x80009fc4  x6=0xffffffdc
         785000	        77	80000114	00006517	auipc	x10,0x6	 x10=0x80006110
         795000	        78	80000118	75850513	addi	x10,x10,1880	 x10:0x80006110 x10=0x80006868
         805000	        79	8000011c	6c764713	xori	x14,x12,1735	 x12:0x80009fc4 x14=0x80009903
         815000	        80	80000120	009b1a93	slli	x21,x22,0x9	 x22:0x00000000 x21=0x00000000
         825000	        81	80000124	00000013	addi	x0,x0,0	  x0:0x00000000
         835000	        82	80000128	1958c8b7	lui	x17,0x1958c	 x17=0x1958c000
         845000	        83	8000012c	5d468d93	addi	x27,x13,1492	 x13:0xf8de6adc x27=0xf8de70b0
         855000	        84	80000130	26750513	addi	x10,x10,615	 x10:0x80006868 x10=0x80006acf
         865000	        85	80000134	005a99b3	sll	x19,x21,x5	 x21:0x00000000  x5:0xbb2d5bc4 x19=0x00000000
         875000	        86	80000138	d9a50367	jalr	x6,x10,-614	 x10:0x80006acf  x6=0x80000138
         885000	        87	00000000	00000013	addi	x0,x0,0	  x0:0x00000000
         895000	        88	80006868	00000013	addi	x0,x0,0	  x0:0x00000000
         905000	        89	8000686c	00fd9693	slli	x13,x27,0xf	 x27:0xf8de70b0 x13=0x38580000
         915000	        90	80006870	003e4663	blt	x28,x3,8000687c	 x28:0x00000004  x3:0x00000000
         925000	        91	80006874	65fbb793	sltiu	x15,x23,1631	 x23:0xfc5571af x15=0x00000000
         935000	        92	80006878	00000013	addi	x0,x0,0	  x0:0x00000000
         945000	        93	8000687c	fe8f0f13	addi	x30,x30,-24	 x30:0x80009f84 x30=0x80009f6c
         955000	        94	80006880	006f2223	sw	x6,4(x30)	 x30:0x80009f6c  x6:0x80000138 PA:0x80009f70
         965000	        95	80006884	012d17b3	sll	x15,x26,x18	 x26:0x00000003 x18:0xfd0b1457 x15=0x01800000
         975000	        96	80006888	d18600b7	lui	x1,0xd1860	  x1=0xd1860000
         985000	        97	8000688c	01ba1593	slli	x11,x20,0x1b	 x20:0xfdc7a1d8 x11=0xc0000000
         995000	        98	80006890	01c09933	sll	x18,x1,x28	  x1:0xd1860000 x28:0x00000004 x18=0x18600000
        1005000	        99	80006894	41805433	sra	x8,x0,x24	  x0:0x00000000 x24:0x4f7f1580  x8=0x00000000
        1015000	       100	80006898	01e55a13	srli	x20,x10,0x1e	 x10:0x80006acf x20=0x00000002
        1025000	       101	8000689c	00229fb3	sll	x31,x5,x2	  x5:0xbb2d5bc4  x2:0xfa15b299 x31=0x88000000
        1035000	       102	800068a0	54ddca13	xori	x20,x27,1357	 x27:0xf8de70b0 x20=0xf8de75fd
        1045000	       103	800068a4	f4750013	addi	x0,x10,-185	 x10:0x80006acf
        1055000	       104	800068a8	008b5ab3	srl	x21,x22,x8	 x22:0x00000000  x8:0x00000000 x21=0x00000000
        1065000	       105	800068ac	409dd4b3	sra	x9,x27,x9	 x27:0xf8de70b0  x9:0x00000000  x9=0xf8de70b0
        1075000	       106	800068b0	e55f936f	jal	x6,800068b0	  x6=0x800068b0
        1085000	       107	00000000	00000013	addi	x0,x0,0	  x0:0x00000000
        1095000	       108	80000700	00000013	addi	x0,x0,0	  x0:0x00000000
        1105000	       109	80000704	01b10a33	add	x20,x2,x27	  x2:0xfa15b299 x27:0xf8de70b0 x20=0xf2f42349
        1115000	       110	80000708	06880b13	addi	x22,x16,104	 x16:0x80000000 x22=0x80000068
        1125000	       111	8000070c	01c95a93	srli	x21,x18,0x1c	 x18:0x18600000 x21=0x00000001
        1135000	       112	80000710	fc8f0f13	addi	x30,x30,-56	 x30:0x80009f6c x30=0x80009f34
        1145000	       113	80000714	631c4397	auipc	x7,0x631c4	  x7=0xe31c4710
        1155000	       114	80000718	006f2223	sw	x6,4(x30)	 x30:0x80009f34  x6:0x800068b0 PA:0x80009f38
        1165000	       115	8000071c	409fd733	sra	x14,x31,x9	 x31:0x88000000  x9:0xf8de70b0 x14=0xffff8800
        1175000	       116	80000720	9bf3c237	lui	x4,0x9bf3c	  x4=0x9bf3c000
        1185000	       117	80000724	00cfa8b3	slt	x17,x31,x12	 x31:0x88000000 x12:0x80009fc4 x17=0x00000000
        1195000	       118	80000728	41ca5e93	srai	x29,x20,0x1c	 x20:0xf2f42349 x29=0xffffffff
        1205000	       119	8000072c	33b12713	slti	x14,x2,827	  x2:0xfa15b299 x14=0x00000001
        1215000	       120	80000730	01338833	add	x16,x7,x19	  x7:0xe31c4710 x19:0x00000000 x16=0xe31c4710
        1225000	       121	80000734	00c4a533	slt	x10,x9,x12	  x9:0xf8de70b0 x12:0x80009fc4 x10=0x00000000
        1235000	       122	80000738	b04c2313	slti	x6,x24,-1276	 x24:0x4f7f1580  x6=0x00000000
        1245000	       123	8000073c	00f95e63	bge	x18,x15,80000758	 x18:0x18600000 x15:0x01800000
        1255000	       124	00000000	00000013	addi	x0,x0,0	  x0:0x00000000
        1265000	       125	80000754	00000013	addi	x0,x0,0	  x0:0x00000000
        1275000	       126	80000758	c55ecc13	xori	x24,x29,-939	 x29:0xffffffff x24=0x000003aa
        1285000	       127	8000075c	019bd233	srl	x4,x23,x25	 x23:0xfc5571af x25:0x80000000  x4=0xfc5571af
        1295000	       128	80000760	00000013	addi	x0,x0,0	  x0:0x00000000
        1305000	       129	80000764	40530c33	sub	x24,x6,x5	  x6:0x00000000  x5:0xbb2d5bc4 x24=0x44d2a43c
        1315000	       130	80000768	40aa5cb3	sra	x25,x20,x10	 x20:0xf2f42349 x10:0x00000000 x25=0xf2f42349
        1325000	       131	8000076c	011450b3	srl	x1,x8,x17	  x8:0x00000000 x17:0x00000000  x1=0x00000000
        1335000	       132	80000770	00bb78b3	and	x17,x22,x11	 x22:0x80000068 x11:0xc0000000 x17=0x80000000
        1345000	       133	80000774	7054ca93	xori	x21,x9,1797	  x9:0xf8de70b0 x21=0xf8de77b5
        1355000	       134	80000778	01610463	beq	x2,x22,80000780	  x2:0xfa15b299 x22:0x80000068
        1365000	       135	8000077c	41bfdcb3	sra	x25,x31,x27	 x31:0x88000000 x27:0xf8de70b0 x25=0xffff8800
        1375000	       136	80000780	19e26e93	ori	x29,x4,414	  x4:0xfc5571af x29=0xfc5571bf
        1385000	       137	80000784	993bea17	auipc	x20,0x993be	 x20=0x193be780
        1395000	       138	80000788	41ce5993	srai	x19,x28,0x1c	 x28:0x00000004 x19=0x00000000
        1405000	       139	8000078c	166a7937	lui	x18,0x166a7	 x18=0x166a7000
        1415000	       140	80000790	00bc1113	slli	x2,x24,0xb	 x24:0x44d2a43c  x2=0x9521e000
        1425000	       141	80000794	01a7b5b3	sltu	x11,x15,x26	 x15:0x01800000 x26:0x00000003 x11=0x00000000
        1435000	       142	80000798	1a2de293	ori	x5,x27,418	 x27:0xf8de70b0  x5=0xf8de71b2
        1445000	       143	8000079c	017d9593	slli	x11,x27,0x17	 x27:0xf8de70b0 x11=0x58000000
        1455000	       144	800007a0	7c64cc13	xori	x24,x9,1990	  x9:0xf8de70b0 x24=0xf8de7776
        1465000	       145	800007a4	40bf5c13	srai	x24,x30,0xb	 x30:0x80009f34 x24=0xfff00013
        1475000	       146	800007a8	01067733	and	x14,x12,x16	 x12:0x80009fc4 x16:0xe31c4710 x14=0x80000700
        1485000	       147	800007ac	41e403b3	sub	x7,x8,x30	  x8:0x00000000 x30:0x80009f34  x7=0x7fff60cc
        1495000	       148	800007b0	036cec63	bltu	x25,x22,800007e8	 x25:0xffff8800 x22:0x80000068
        1505000	       149	800007b4	01631193	slli	x3,x6,0x16	  x6:0x00000000  x3=0x00000000
        1515000	       150	800007b8	01af8863	beq	x31,x26,800007c8	 x31:0x88000000 x26:0x00000003
        1525000	       151	800007bc	009bc133	xor	x2,x23,x9	 x23:0xfc5571af  x9:0xf8de70b0  x2=0x048b011f
        1535000	       152	800007c0	03150663	beq	x10,x17,800007ec	 x10:0x00000000 x17:0x80000000
        1545000	       153	800007c4	54dc2c93	slti	x25,x24,1357	 x24:0xfff00013 x25=0x00000001
        1555000	       154	800007c8	006f6eb3	or	x29,x30,x6	 x30:0x80009f34  x6:0x00000000 x29=0x80009f34
        1565000	       155	800007cc	03b34e63	blt	x6,x27,80000808	  x6:0x00000000 x27:0xf8de70b0
        1575000	       156	800007d0	b0b02813	slti	x16,x0,-1269	  x0:0x00000000 x16=0x00000000
        1585000	       157	800007d4	2e3ac0b7	lui	x1,0x2e3ac	  x1=0x2e3ac000
        1595000	       158	800007d8	00341663	bne	x8,x3,800007e4	  x8:0x00000000  x3:0x00000000
        1605000	       159	800007dc	0023b6b3	sltu	x13,x7,x2	  x7:0x7fff60cc  x2:0x048b011f x13=0x00000000
        1615000	       160	800007e0	40618bb3	sub	x23,x3,x6	  x3:0x00000000  x6:0x00000000 x23=0x00000000
        1625000	       161	800007e4	6b5a7793	andi	x15,x20,1717	 x20:0x193be780 x15=0x00000680
        1635000	       162	800007e8	14e2c113	xori	x2,x5,334	  x5:0xf8de71b2  x2=0xf8de70fc
        1645000	       163	800007ec	00293bb3	sltu	x23,x18,x2	 x18:0x166a7000  x2:0xf8de70fc x23=0x00000001
        1655000	       164	800007f0	62332193	slti	x3,x6,1571	  x6:0x00000000  x3=0x00000001
        1665000	       165	800007f4	01155293	srli	x5,x10,0x11	 x10:0x00000000  x5=0x00000000
        1675000	       166	800007f8	02497663	bgeu	x18,x4,80000824	 x18:0x166a7000  x4:0xfc5571af
        1685000	       167	800007fc	00e740b3	xor	x1,x14,x14	 x14:0x80000700 x14:0x80000700  x1=0x00000000
        1695000	       168	80000800	01a4ab33	slt	x22,x9,x26	  x9:0xf8de70b0 x26:0x00000003 x22=0x00000001
        1705000	       169	80000804	0026d2b3	srl	x5,x13,x2	 x13:0x00000000  x2:0xf8de70fc  x5=0x00000000
        1715000	       170	80000808	00bf3933	sltu	x18,x30,x11	 x30:0x80009f34 x11:0x58000000 x18=0x00000000
        1725000	       171	8000080c	01c313b3	sll	x7,x6,x28	  x6:0x00000000 x28:0x00000004  x7=0x00000000
        1735000	       172	80000810	48538c93	addi	x25,x7,1157	  x7:0x00000000 x25=0x00000485
        1745000	       173	80000814	05d1e063	bltu	x3,x29,80000854	  x3:0x00000001 x29:0x80009f34
        1755000	       174	00000000	00000013	addi	x0,x0,0	  x0:0x00000000
        1765000	       175	80000850	00000013	addi	x0,x0,0	  x0:0x00000000
        1775000	       176	80000854	0129ceb3	xor	x29,x19,x18	 x19:0x00000000 x18:0x00000000 x29=0x00000000
        1785000	       177	80000858	41cad313	srai	x6,x21,0x1c	 x21:0xf8de77b5  x6=0xffffffff
        1795000	       178	8000085c	01b0e033	or	x0,x1,x27	  x1:0x00000000 x27:0xf8de70b0
        1805000	       179	80000860	00000013	addi	x0,x0,0	  x0:0x00000000
        1815000	       180	80000864	01f64233	xor	x4,x12,x31	 x12:0x80009fc4 x31:0x88000000  x4=0x08009fc4
        1825000	       181	80000868	02884e63	blt	x16,x8,800008a4	 x16:0x00000000  x8:0x00000000
        1835000	       182	8000086c	cd7f0113	addi	x2,x30,-809	 x30:0x80009f34  x2=0x80009c0b
        1845000	       183	80000870	00fe85b3	add	x11,x29,x15	 x29:0x00000000 x15:0x00000680 x11=0x00000680
        1855000	       184	80000874	ecb88913	addi	x18,x17,-309	 x17:0x80000000 x18=0x7ffffecb
        1865000	       185	80000878	00000013	addi	x0,x0,0	  x0:0x00000000
        1875000	       186	8000087c	00127433	and	x8,x4,x1	  x4:0x08009fc4  x1:0x00000000  x8=0x00000000
        1885000	       187	80000880	406c5793	srai	x15,x24,0x6	 x24:0xfff00013 x15=0xffffc000
        1895000	       188	80000884	010375b3	and	x11,x6,x16	  x6:0xffffffff x16:0x00000000 x11=0x00000000
        1905000	       189	80000888	c7f34413	xori	x8,x6,-897	  x6:0xffffffff  x8=0x00000380
        1915000	       190	8000088c	2b1f7017	auipc	x0,0x2b1f7	
        1925000	       191	80000890	010e9913	slli	x18,x29,0x10	 x29:0x00000000 x18=0x00000000
        1935000	       192	80000894	f48fcf93	xori	x31,x31,-184	 x31:0x88000000 x31=0x77ffff48
        1945000	       193	80000898	018ef663	bgeu	x29,x24,800008a4	 x29:0x00000000 x24:0xfff00013
        1955000	       194	8000089c	00000013	addi	x0,x0,0	  x0:0x00000000
        1965000	       195	800008a0	016c87b3	add	x15,x25,x22	 x25:0x00000485 x22:0x00000001 x15=0x00000486
        1975000	       196	800008a4	e9b3e513	ori	x10,x7,-357	  x7:0x00000000 x10=0xfffffe9b
        1985000	       197	800008a8	004f2303	lw	x6,4(x30)	 x30:0x80009f34  x6=0x800068b0 PA:0x80009f38
        1995000	       198	800008ac	c6e56113	ori	x2,x10,-914	 x10:0xfffffe9b  x2=0xfffffeff
        2005000	       199	800008b0	038f0f13	addi	x30,x30,56	 x30:0x80009f34 x30=0x80009f6c
        2015000	       200	800008b4	006d7bb3	and	x23,x26,x6	 x26:0x00000003  x6:0x800068b0 x23=0x00000000
        2025000	       201	800008b8	26f67793	andi	x15,x12,623	 x12:0x80009fc4 x15=0x00000244
        2035000	       202	800008bc	00130513	addi	x10,x6,1	  x6:0x800068b0 x10=0x800068b1
        2045000	       203	800008c0	00050567	jalr	x10,x10,0	 x10:0x800068b1 x10=0x800008c0
        2055000	       204	00000000	00000013	addi	x0,x0,0	  x0:0x00000000
        2065000	       205	800068b0	00000013	addi	x0,x0,0	  x0:0x00000000
        2075000	       206	800068b4	01c93733	sltu	x14,x18,x28	 x18:0x00000000 x28:0x00000004 x14=0x00000001
        2085000	       207	800068b8	bfb64593	xori	x11,x12,-1029	 x12:0x80009fc4 x11=0x7fff643f
        2095000	       208	800068bc	01707863	bgeu	x0,x23,800068cc	  x0:0x00000000 x23:0x00000000
        2105000	       209	00000000	00000013	addi	x0,x0,0	  x0:0x00000000
        2115000	       210	800068c8	00000013	addi	x0,x0,0	  x0:0x00000000
        2125000	       211	800068cc	bf0fb36f	jal	x6,800068cc	  x6=0x800068cc
        2135000	       212	00000000	00000013	addi	x0,x0,0	  x0:0x00000000
        2145000	       213	80001cb8	00000013	addi	x0,x0,0	  x0:0x00000000
        2155000	       214	80001cbc	fdcf0f13	addi	x30,x30,-36	 x30:0x80009f6c x30=0x80009f48
        2165000	       215	80001cc0	00000013	addi	x0,x0,0	  x0:0x00000000
        2175000	       216	80001cc4	411e8db3	sub	x27,x29,x17	 x29:0x00000000 x17:0x80000000 x27=0x80000000
        2185000	       217	80001cc8	00d76db3	or	x27,x14,x13	 x14:0x00000001 x13:0x00000000 x27=0x00000001
        2195000	       218	80001ccc	f6ac5db7	lui	x27,0xf6ac5	 x27=0xf6ac5000
        2205000	       219	80001cd0	85856c13	ori	x24,x10,-1960	 x10:0x800008c0 x24=0xfffff8d8
        2215000	       220	80001cd4	006f2223	sw	x6,4(x30)	 x30:0x80009f48  x6:0x800068cc PA:0x80009f4c
        2225000	       221	80001cd8	3d4aac13	slti	x24,x21,980	 x21:0xf8de77b5 x24=0x00000001
        2235000	       222	80001cdc	00f65a93	srli	x21,x12,0xf	 x12:0x80009fc4 x21=0x00010001
        2245000	       223	80001ce0	87f4be93	sltiu	x29,x9,-1921	  x9:0xf8de70b0 x29=0x00000001
        2255000	       224	80001ce4	002360b3	or	x1,x6,x2	  x6:0x800068cc  x2:0xfffffeff  x1=0xfffffeff
        2265000	       225	80001ce8	fffff797	auipc	x15,0xfffff	 x15=0x80000ce4
        2275000	       226	80001cec	83478793	addi	x15,x15,-1996	 x15:0x80000ce4 x15=0x80000518
        2285000	       227	80001cf0	f079e693	ori	x13,x19,-249	 x19:0x00000000 x13=0xffffff07
        2295000	       228	80001cf4	00000013	addi	x0,x0,0	  x0:0x00000000
        2305000	       229	80001cf8	f3a78793	addi	x15,x15,-198	 x15:0x80000518 x15=0x80000452
        2315000	       230	80001cfc	01de0a33	add	x20,x28,x29	 x28:0x00000004 x29:0x00000001 x20=0x00000005
        2325000	       231	80001d00	010e9113	slli	x2,x29,0x10	 x29:0x00000001  x2=0x00010000
        2335000	       232	80001d04	46ad8813	addi	x16,x27,1130	 x27:0xf6ac5000 x16=0xf6ac546a
        2345000	       233	80001d08	007d1c93	slli	x25,x26,0x7	 x26:0x00000003 x25=0x00000180
        2355000	       234	80001d0c	fe028113	addi	x2,x5,-32	  x5:0x00000000  x2=0xffffffe0
        2365000	       235	80001d10	00090463	beq	x18,x0,80001d18	 x18:0x00000000  x0:0x00000000
        2375000	       236	00000000	00000013	addi	x0,x0,0	  x0:0x00000000
        2385000	       237	80001d14	00000013	addi	x0,x0,0	  x0:0x00000000
        2395000	       238	80001d18	0c778367	jalr	x6,x15,199	 x15:0x80000452  x6=0x80001d18
        2405000	       239	00000000	00000013	addi	x0,x0,0	  x0:0x00000000
        2415000	       240	80000518	00000013	addi	x0,x0,0	  x0:0x00000000
        2425000	       241	8000051c	016652b3	srl	x5,x12,x22	 x12:0x80009fc4 x22:0x00000001  x5=0x40004fe2
        2435000	       242	80000520	01905b33	srl	x22,x0,x25	  x0:0x00000000 x25:0x00000180 x22=0x00000000
        2445000	       243	80000524	fecf0f13	addi	x30,x30,-20	 x30:0x80009f48 x30=0x80009f34
        2455000	       244	80000528	00000013	addi	x0,x0,0	  x0:0x00000000
        2465000	       245	8000052c	011b0033	add	x0,x22,x17	 x22:0x00000000 x17:0x80000000
        2475000	       246	80000530	40de58b3	sra	x17,x28,x13	 x28:0x00000004 x13:0xffffff07 x17=0x00000000
        2485000	       247	80000534	a274f813	andi	x16,x9,-1497	  x9:0xf8de70b0 x16=0xf8de7020
        2495000	       248	80000538	5cabecb7	lui	x25,0x5cabe	 x25=0x5cabe000
        2505000	       249	8000053c	006f2223	sw	x6,4(x30)	 x30:0x80009f34  x6:0x80001d18 PA:0x80009f38
        2515000	       250	80000540	00000013	addi	x0,x0,0	  x0:0x00000000
        2525000	       251	80000544	eb4a8037	lui	x0,0xeb4a8	
        2535000	       252	80000548	403c0b33	sub	x22,x24,x3	 x24:0x00000001  x3:0x00000001 x22=0x00000000
        2545000	       253	8000054c	2dd7f393	andi	x7,x15,733	 x15:0x80000452  x7=0x00000050
        2555000	       254	80000550	00006d17	auipc	x26,0x6	 x26=0x8000654c
        2565000	       255	80000554	260d0d13	addi	x26,x26,608	 x26:0x8000654c x26=0x800067ac
        2575000	       256	80000558	0144f7b3	and	x15,x9,x20	  x9:0xf8de70b0 x20:0x00000005 x15=0x00000000
        2585000	       257	8000055c	01050333	add	x6,x10,x16	 x10:0x800008c0 x16:0xf8de7020  x6=0x78de78e0
        2595000	       258	80000560	01c50c33	add	x24,x10,x28	 x10:0x800008c0 x28:0x00000004 x24=0x800008c4
        2605000	       259	80000564	00000013	addi	x0,x0,0	  x0:0x00000000
        2615000	       260	80000568	411950b3	sra	x1,x18,x17	 x18:0x00000000 x17:0x00000000  x1=0x00000000
        2625000	       261	8000056c	af167c93	andi	x25,x12,-1295	 x12:0x80009fc4 x25=0x80009ac0
        2635000	       262	80000570	c6dd0d13	addi	x26,x26,-915	 x26:0x800067ac x26=0x80006419
        2645000	       263	80000574	00a3f463	bgeu	x7,x10,8000057c	  x7:0x00000050 x10:0x800008c0
        2655000	       264	80000578	50b32e93	slti	x29,x6,1291	  x6:0x78de78e0 x29=0x00000000
        2665000	       265	8000057c	394d0367	jalr	x6,x26,916	 x26:0x80006419  x6=0x8000057c
        2675000	       266	00000000	00000013	addi	x0,x0,0	  x0:0x00000000
        2685000	       267	800067ac	00000013	addi	x0,x0,0	  x0:0x00000000
        2695000	       268	800067b0	01333ab3	sltu	x21,x6,x19	  x6:0x8000057c x19:0x00000000 x21=0x00000000
        2705000	       269	800067b4	00000013	addi	x0,x0,0	  x0:0x00000000
        2715000	       270	800067b8	fe8f0f13	addi	x30,x30,-24	 x30:0x80009f34 x30=0x80009f1c
        2725000	       271	800067bc	006f2223	sw	x6,4(x30)	 x30:0x80009f1c  x6:0x8000057c PA:0x80009f20
        2735000	       272	800067c0	016a1013	slli	x0,x20,0x16	 x20:0x00000005
        2745000	       273	800067c4	005e3b33	sltu	x22,x28,x5	 x28:0x00000004  x5:0x40004fe2 x22=0x00000001
        2755000	       274	800067c8	7933a113	slti	x2,x7,1939	  x7:0x00000050  x2=0x00000001
        2765000	       275	800067cc	ffffbe97	auipc	x29,0xffffb	 x29=0x800017c8
        2775000	       276	800067d0	e88e8e93	addi	x29,x29,-376	 x29:0x800017c8 x29=0x80001650
        2785000	       277	800067d4	2fae8e93	addi	x29,x29,762	 x29:0x80001650 x29=0x8000194a
        2795000	       278	800067d8	016cd3b3	srl	x7,x25,x22	 x25:0x80009ac0 x22:0x00000001  x7=0x40004d60
        2805000	       279	800067dc	03058063	beq	x11,x16,800067fc	 x11:0x7fff643f x16:0xf8de7020
        2815000	       280	800067e0	01c245b3	xor	x11,x4,x28	  x4:0x08009fc4 x28:0x00000004 x11=0x08009fc0
        2825000	       281	800067e4	00a16a33	or	x20,x2,x10	  x2:0x00000001 x10:0x800008c0 x20=0x800008c1
        2835000	       282	800067e8	01e489b3	add	x19,x9,x30	  x9:0xf8de70b0 x30:0x80009f1c x19=0x78df0fcc
        2845000	       283	800067ec	49bebd93	sltiu	x27,x29,1179	 x29:0x8000194a x27=0x00000000
        2855000	       284	800067f0	00c97fb3	and	x31,x18,x12	 x18:0x00000000 x12:0x80009fc4 x31=0x00000000
        2865000	       285	800067f4	0017dbb3	srl	x23,x15,x1	 x15:0x00000000  x1:0x00000000 x23=0x00000000
        2875000	       286	800067f8	413b0db3	sub	x27,x22,x19	 x22:0x00000001 x19:0x78df0fcc x27=0x8720f035
        2885000	       287	800067fc	d07e8367	jalr	x6,x29,-761	 x29:0x8000194a  x6=0x800067fc
        2895000	       288	00000000	00000013	addi	x0,x0,0	  x0:0x00000000
        2905000	       289	80001650	00000013	addi	x0,x0,0	  x0:0x00000000
        2915000	       290	80001654	0174bc33	sltu	x24,x9,x23	  x9:0xf8de70b0 x23:0x00000000 x24=0x00000000
        2925000	       291	80001658	c1230897	auipc	x17,0xc1230	 x17=0x41231654
        2935000	       292	8000165c	fc0f0f13	addi	x30,x30,-64	 x30:0x80009f1c x30=0x80009edc
        2945000	       293	80001660	01c6ebb3	or	x23,x13,x28	 x13:0xffffff07 x28:0x00000004 x23=0xffffff07
        2955000	       294	80001664	d2ee6893	ori	x17,x28,-722	 x28:0x00000004 x17=0xfffffd2e
        2965000	       295	80001668	01531db3	sll	x27,x6,x21	  x6:0x800067fc x21:0x00000000 x27=0x800067fc
        2975000	       296	8000166c	006f2223	sw	x6,4(x30)	 x30:0x80009edc  x6:0x800067fc PA:0x80009ee0
        2985000	       297	80001670	fc7814b7	lui	x9,0xfc781	  x9=0xfc781000
        2995000	       298	80001674	a16e3a13	sltiu	x20,x28,-1514	 x28:0x00000004 x20=0x00000001
        3005000	       299	80001678	004bddb3	srl	x27,x23,x4	 x23:0xffffff07  x4:0x08009fc4 x27=0x0ffffff0
        3015000	       300	8000167c	00007117	auipc	x2,0x7	  x2=0x80008678
        3025000	       301	80001680	08310113	addi	x2,x2,131	  x2:0x80008678  x2=0x800086fb
        3035000	       302	80001684	ff610983	lb	x19,-10(x2)	  x2:0x800086fb x19=0x00000023 PA:0x800086f1
        3045000	       303	80001688	07010f83	lb	x31,112(x2)	  x2:0x800086fb x31=0x00000029 PA:0x8000876b
        3055000	       304	8000168c	0e514703	lbu	x14,229(x2)	  x2:0x800086fb x14=0x0000003f PA:0x800087e0
        3065000	       305	80001690	01315093	srli	x1,x2,0x13	  x2:0x800086fb  x1=0x00001000
        3075000	       306	80001694	fd311ea3	sh	x19,-35(x2)	  x2:0x800086fb x19:0x00000023 PA:0x800086d8
        3085000	       307	80001698	fc714b83	lbu	x23,-57(x2)	  x2:0x800086fb x23=0x0000008e PA:0x800086c2
        3095000	       308	8000169c	010d9793	slli	x15,x27,0x10	 x27:0x0ffffff0 x15=0xfff00000
        3105000	       309	800016a0	f58107a3	sb	x24,-177(x2)	  x2:0x800086fb x24:0x00000000 PA:0x8000864a
        3115000	       310	800016a4	41945513	srai	x10,x8,0x19	  x8:0x00000380 x10=0x00000000
        3125000	       311	800016a8	41c1d233	sra	x4,x3,x28	  x3:0x00000001 x28:0x00000004  x4=0x00000000
        3135000	       312	800016ac	005acd33	xor	x26,x21,x5	 x21:0x00000000  x5:0x40004fe2 x26=0x40004fe2
        3145000	       313	800016b0	feb14303	lbu	x6,-21(x2)	  x2:0x800086fb  x6=0x0000001f PA:0x800086e6
        3155000	       314	800016b4	0134ebb7	lui	x23,0x134e	 x23=0x0134e000
        3165000	       315	800016b8	37e5a293	slti	x5,x11,894	 x11:0x08009fc0  x5=0x00000000
        3175000	       316	800016bc	f3614803	lbu	x16,-202(x2)	  x2:0x800086fb x16=0x00000042 PA:0x80008631
        3185000	       317	800016c0	fa410123	sb	x4,-94(x2)	  x2:0x800086fb  x4:0x00000000 PA:0x8000869d
        3195000	       318	800016c4	0df14a83	lbu	x21,223(x2)	  x2:0x800086fb x21=0x00000076 PA:0x800087da
        3205000	       319	800016c8	f2210d03	lb	x26,-222(x2)	  x2:0x800086fb x26=0xffffff8b PA:0x8000861d
        3215000	       320	800016cc	33f7c713	xori	x14,x15,831	 x15:0xfff00000 x14=0xfff0033f
        3225000	       321	800016d0	50c42b13	slti	x22,x8,1292	  x8:0x00000380 x22=0x00000001
        3235000	       322	800016d4	0ad15a83	lhu	x21,173(x2)	  x2:0x800086fb x21=0x0000ed58 PA:0x800087a8
        3245000	       323	800016d8	40f48fb3	sub	x31,x9,x15	  x9:0xfc781000 x15:0xfff00000 x31=0xfc881000
        3255000	       324	800016dc	fa6fdab7	lui	x21,0xfa6fd	 x21=0xfa6fd000
        3265000	       325	800016e0	f0d10203	lb	x4,-243(x2)	  x2:0x800086fb  x4=0x00000052 PA:0x80008608
        3275000	       326	800016e4	05c10623	sb	x28,76(x2)	  x2:0x800086fb x28:0x00000004 PA:0x80008747
        3285000	       327	800016e8	40ee5393	srai	x7,x28,0xe	 x28:0x00000004  x7=0x00000000
        3295000	       328	800016ec	f0010723	sb	x0,-242(x2)	  x2:0x800086fb  x0:0x00000000 PA:0x80008609
        3305000	       329	800016f0	00eafc33	and	x24,x21,x14	 x21:0xfa6fd000 x14:0xfff0033f x24=0xfa600000
        3315000	       330	800016f4	0a814d03	lbu	x26,168(x2)	  x2:0x800086fb x26=0x0000006a PA:0x800087a3
        3325000	       331	800016f8	01919793	slli	x15,x3,0x19	  x3:0x00000001 x15=0x02000000
        3335000	       332	800016fc	08a10823	sb	x10,144(x2)	  x2:0x800086fb x10:0x00000000 PA:0x8000878b
        3345000	       333	80001700	c88db437	lui	x8,0xc88db	  x8=0xc88db000
        3355000	       334	80001704	01d7d533	srl	x10,x15,x29	 x15:0x02000000 x29:0x8000194a x10=0x00008000
        3365000	       335	80001708	0e315983	lhu	x19,227(x2)	  x2:0x800086fb x19=0x00001df7 PA:0x800087de
        3375000	       336	8000170c	01e71233	sll	x4,x14,x30	 x14:0xfff0033f x30:0x80009edc  x4=0xf0000000
        3385000	       337	80001710	01c53833	sltu	x16,x10,x28	 x10:0x00008000 x28:0x00000004 x16=0x00000000
        3395000	       338	80001714	f0512c03	lw	x24,-251(x2)	  x2:0x800086fb x24=0xed904c59 PA:0x80008600
        3405000	       339	80001718	191dcf93	xori	x31,x27,401	 x27:0x0ffffff0 x31=0x0ffffe61
        3415000	       340	8000171c	d8f17713	andi	x14,x2,-625	  x2:0x800086fb x14=0x8000848b
        3425000	       341	80001720	00bb7ab3	and	x21,x22,x11	 x22:0x00000001 x11:0x08009fc0 x21=0x00000000
        3435000	       342	80001724	ff714483	lbu	x9,-9(x2)	  x2:0x800086fb  x9=0x000000aa PA:0x800086f2
        3445000	       343	80001728	06310523	sb	x3,106(x2)	  x2:0x800086fb  x3:0x00000001 PA:0x80008765
        3455000	       344	8000172c	00d55893	srli	x17,x10,0xd	 x10:0x00008000 x17=0x00000004
        3465000	       345	80001730	05010303	lb	x6,80(x2)	  x2:0x800086fb  x6=0xffffffe1 PA:0x8000874b
        3475000	       346	80001734	0a014a83	lbu	x21,160(x2)	  x2:0x800086fb x21=0x000000a5 PA:0x8000879b
        3485000	       347	80001738	0a914183	lbu	x3,169(x2)	  x2:0x800086fb  x3=0x000000d2 PA:0x800087a4
        3495000	       348	8000173c	012fdc13	srli	x24,x31,0x12	 x31:0x0ffffe61 x24=0x000003ff
        3505000	       349	80001740	7f5bf013	andi	x0,x23,2037	 x23:0x0134e000
        3515000	       350	80001744	0e110a23	sb	x1,244(x2)	  x2:0x800086fb  x1:0x00001000 PA:0x800087ef
        3525000	       351	80001748	1dc0e593	ori	x11,x1,476	  x1:0x00001000 x11=0x000011dc
        3535000	       352	8000174c	411dd293	srai	x5,x27,0x11	 x27:0x0ffffff0  x5=0x000007ff
        3545000	       353	80001750	09c10d83	lb	x27,156(x2)	  x2:0x800086fb x27=0x00000075 PA:0x80008797
        3555000	       354	80001754	0198d013	srli	x0,x17,0x19	 x17:0x00000004
        3565000	       355	80001758	016d46b3	xor	x13,x26,x22	 x26:0x0000006a x22:0x00000001 x13=0x0000006b
        3575000	       356	8000175c	015af6b3	and	x13,x21,x21	 x21:0x000000a5 x21:0x000000a5 x13=0x000000a5
        3585000	       357	80001760	00c10ca3	sb	x12,25(x2)	  x2:0x800086fb x12:0x80009fc4 PA:0x80008714
        3595000	       358	80001764	fad10d23	sb	x13,-70(x2)	  x2:0x800086fb x13:0x000000a5 PA:0x800086b5
        3605000	       359	80001768	0eb103a3	sb	x11,231(x2)	  x2:0x800086fb x11:0x000011dc PA:0x800087e2
        3615000	       360	8000176c	00007117	auipc	x2,0x7	  x2=0x80008768
        3625000	       361	80001770	2cf10113	addi	x2,x2,719	  x2:0x80008768  x2=0x80008a37
        3635000	       362	80001774	0043dd33	srl	x26,x7,x4	  x7:0x00000000  x4:0xf0000000 x26=0x00000000
        3645000	       363	80001778	00986ab3	or	x21,x16,x9	 x16:0x00000000  x9:0x000000aa x21=0x000000aa
        3655000	       364	8000177c	00000013	addi	x0,x0,0	  x0:0x00000000
        3665000	       365	80001780	f2c10d83	lb	x27,-212(x2)	  x2:0x80008a37 x27=0xffffffcd PA:0x80008963
        3675000	       366	80001784	06a10b83	lb	x23,106(x2)	  x2:0x80008a37 x23=0x00000001 PA:0x80008aa1
        3685000	       367	80001788	0dc122a3	sw	x28,197(x2)	  x2:0x80008a37 x28:0x00000004 PA:0x80008afc
        3695000	       368	8000178c	f27c7793	andi	x15,x24,-217	 x24:0x000003ff x15=0x00000327
        3705000	       369	80001790	01279bb3	sll	x23,x15,x18	 x15:0x00000327 x18:0x00000000 x23=0x00000327
        3715000	       370	80001794	00bcfa33	and	x20,x25,x11	 x25:0x80009ac0 x11:0x000011dc x20=0x000010c0
        3725000	       371	80001798	007e02b3	add	x5,x28,x7	 x28:0x00000004  x7:0x00000000  x5=0x00000004
        3735000	       372	8000179c	01dd93b3	sll	x7,x27,x29	 x27:0xffffffcd x29:0x8000194a  x7=0xffff3400
        3745000	       373	800017a0	01575f93	srli	x31,x14,0x15	 x14:0x8000848b x31=0x00000400
        3755000	       374	800017a4	00aafd33	and	x26,x21,x10	 x21:0x000000aa x10:0x00008000 x26=0x00000000
        3765000	       375	800017a8	04210403	lb	x8,66(x2)	  x2:0x80008a37  x8=0xffffffcc PA:0x80008a79
        3775000	       376	800017ac	0b610203	lb	x4,182(x2)	  x2:0x80008a37  x4=0xffffff83 PA:0x80008aed
        3785000	       377	800017b0	fc610203	lb	x4,-58(x2)	  x2:0x80008a37  x4=0xffffffda PA:0x800089fd
        3795000	       378	800017b4	01db2bb3	slt	x23,x22,x29	 x22:0x00000001 x29:0x8000194a x23=0x00000000
        3805000	       379	800017b8	f9f14203	lbu	x4,-97(x2)	  x2:0x80008a37  x4=0x00000019 PA:0x800089d6
        3815000	       380	00000000	00000013	addi	x0,x0,0	  x0:0x00000000
        3825000	       381	800017bc	be488417	auipc	x8,0xbe488	  x8=0x3e4897b8
        3835000	       382	800017c0	c0ad3f93	sltiu	x31,x26,-1014	 x26:0x00000000 x31=0x00000001
        3845000	       383	800017c4	1328be93	sltiu	x29,x17,306	 x17:0x00000004 x29=0x00000001
        3855000	       384	800017c8	97ab9497	auipc	x9,0x97ab9	  x9=0x17aba7c4
        3865000	       385	800017cc	07814d03	lbu	x26,120(x2)	  x2:0x80008a37 x26=0x00000057 PA:0x80008aaf
        3875000	       386	800017d0	00000013	addi	x0,x0,0	  x0:0x00000000
        3885000	       387	800017d4	07f10683	lb	x13,127(x2)	  x2:0x80008a37 x13=0x00000059 PA:0x80008ab6
        3895000	       388	00000000	00000013	addi	x0,x0,0	  x0:0x00000000
        3905000	       389	800017d8	00dfb2b3	sltu	x5,x31,x13	 x31:0x00000001 x13:0x00000059  x5=0x00000001
        3915000	       390	800017dc	01099fb3	sll	x31,x19,x16	 x19:0x00001df7 x16:0x00000000 x31=0x00001df7
        3925000	       391	800017e0	01120d33	add	x26,x4,x17	  x4:0x00000019 x17:0x00000004 x26=0x0000001d
        3935000	       392	800017e4	00000013	addi	x0,x0,0	  x0:0x00000000
        3945000	       393	800017e8	9ca50397	auipc	x7,0x9ca50	  x7=0x1ca517e4
        3955000	       394	800017ec	6c50fd37	lui	x26,0x6c50f	 x26=0x6c50f000
        3965000	       395	800017f0	0a711703	lh	x14,167(x2)	  x2:0x80008a37 x14=0xffffce04 PA:0x80008ade
        3975000	       396	800017f4	00000013	addi	x0,x0,0	  x0:0x00000000
        3985000	       397	800017f8	0007a733	slt	x14,x15,x0	 x15:0x00000327  x0:0x00000000 x14=0x00000000
        3995000	       398	800017fc	c91c7d93	andi	x27,x24,-879	 x24:0x000003ff x27=0x00000091
        4005000	       399	80001800	0012a033	slt	x0,x5,x1	  x5:0x00000001  x1:0x00001000
        4015000	       400	80001804	003ce7b3	or	x15,x25,x3	 x25:0x80009ac0  x3:0x000000d2 x15=0x80009ad2
        4025000	       401	80001808	89dd2313	slti	x6,x26,-1891	 x26:0x6c50f000  x6=0x00000000
        4035000	       402	8000180c	fb814883	lbu	x17,-72(x2)	  x2:0x80008a37 x17=0x00000008 PA:0x800089ef
        4045000	       403	80001810	00825833	srl	x16,x4,x8	  x4:0x00000019  x8:0x3e4897b8 x16=0x00000000
        4055000	       404	80001814	0069b3b3	sltu	x7,x19,x6	 x19:0x00001df7  x6:0x00000000  x7=0x00000000
        4065000	       405	80001818	bed4b093	sltiu	x1,x9,-1043	  x9:0x17aba7c4  x1=0x00000001
        4075000	       406	8000181c	417b0233	sub	x4,x22,x23	 x22:0x00000001 x23:0x00000000  x4=0x00000001
        4085000	       407	80001820	412ddc13	srai	x24,x27,0x12	 x27:0x00000091 x24=0x00000000
        4095000	       408	80001824	003af133	and	x2,x21,x3	 x21:0x000000aa  x3:0x000000d2  x2=0x00000082
        4105000	       409	80001828	075203b7	lui	x7,0x7520	  x7=0x07520000
        4115000	       410	8000182c	0037da13	srli	x20,x15,0x3	 x15:0x80009ad2 x20=0x1000135a
        4125000	       411	80001830	41470b33	sub	x22,x14,x20	 x14:0x00000000 x20:0x1000135a x22=0xefffeca6
        4135000	       412	80001834	00000013	addi	x0,x0,0	  x0:0x00000000
        4145000	       413	80001838	014cf533	and	x10,x25,x20	 x25:0x80009ac0 x20:0x1000135a x10=0x00001240
        4155000	       414	8000183c	01c94233	xor	x4,x18,x28	 x18:0x00000000 x28:0x00000004  x4=0x00000004
        4165000	       415	80001840	01b31663	bne	x6,x27,8000184c	  x6:0x00000000 x27:0x00000091
        4175000	       416	00000000	00000013	addi	x0,x0,0	  x0:0x00000000
        4185000	       417	80001848	00000013	addi	x0,x0,0	  x0:0x00000000
        4195000	       418	8000184c	63556293	ori	x5,x10,1589	 x10:0x00001240  x5=0x00001675
        4205000	       419	80001850	01c78533	add	x10,x15,x28	 x15:0x80009ad2 x28:0x00000004 x10=0x80009ad6
        4215000	       420	80001854	015d06b3	add	x13,x26,x21	 x26:0x6c50f000 x21:0x000000aa x13=0x6c50f0aa
        4225000	       421	80001858	01633d13	sltiu	x26,x6,22	  x6:0x00000000 x26=0x00000001
        4235000	       422	8000185c	05b5d863	bge	x11,x27,800018ac	 x11:0x000011dc x27:0x00000091
        4245000	       423	00000000	00000013	addi	x0,x0,0	  x0:0x00000000
        4255000	       424	800018a8	00000013	addi	x0,x0,0	  x0:0x00000000
        4265000	       425	800018ac	2ea30913	addi	x18,x6,746	  x6:0x00000000 x18=0x000002ea
        4275000	       426	800018b0	d5c51eb7	lui	x29,0xd5c51	 x29=0xd5c51000
        4285000	       427	800018b4	007f5933	srl	x18,x30,x7	 x30:0x80009edc  x7:0x07520000 x18=0x80009edc
        4295000	       428	800018b8	00185fb3	srl	x31,x16,x1	 x16:0x00000000  x1:0x00000001 x31=0x00000000
        4305000	       429	800018bc	07608313	addi	x6,x1,118	  x1:0x00000001  x6=0x00000077
        4315000	       430	800018c0	001f1a93	slli	x21,x30,0x1	 x30:0x80009edc x21=0x00013db8
        4325000	       431	800018c4	01a41263	bne	x8,x26,800018c8	  x8:0x3e4897b8 x26:0x00000001
        4335000	       432	00000000	00000013	addi	x0,x0,0	  x0:0x00000000
        4345000	       433	800018c4	00000013	addi	x0,x0,0	  x0:0x00000000
        4355000	       434	800018c8	94e27413	andi	x8,x4,-1714	  x4:0x00000004  x8=0x00000004
        4365000	       435	800018cc	5f7e0513	addi	x10,x28,1527	 x28:0x00000004 x10=0x000005fb
        4375000	       436	800018d0	62b00517	auipc	x10,0x62b00	 x10=0xe2b018cc
        4385000	       437	800018d4	005e2db3	slt	x27,x28,x5	 x28:0x00000004  x5:0x00001675 x27=0x00000001
        4395000	       438	800018d8	40e189b3	sub	x19,x3,x14	  x3:0x000000d2 x14:0x00000000 x19=0x000000d2
        4405000	       439	800018dc	053e5463	bge	x28,x19,80001924	 x28:0x00000004 x19:0x000000d2
        4415000	       440	800018e0	d5d84013	xori	x0,x16,-675	 x16:0x00000000
        4425000	       441	800018e4	41db5f93	srai	x31,x22,0x1d	 x22:0xefffeca6 x31=0xffffffff
        4435000	       442	800018e8	40a4e593	ori	x11,x9,1034	  x9:0x17aba7c4 x11=0x17aba7ce
        4445000	       443	800018ec	415e0733	sub	x14,x28,x21	 x28:0x00000004 x21:0x00013db8 x14=0xfffec24c
        4455000	       444	800018f0	00000013	addi	x0,x0,0	  x0:0x00000000
        4465000	       445	800018f4	59f13713	sltiu	x14,x2,1439	  x2:0x00000082 x14=0x00000001
        4475000	       446	800018f8	00595033	srl	x0,x18,x5	 x18:0x80009edc  x5:0x00001675
        4485000	       447	800018fc	00d03133	sltu	x2,x0,x13	  x0:0x00000000 x13:0x6c50f0aa  x2=0x00000001
        4495000	       448	80001900	03b46463	bltu	x8,x27,80001928	  x8:0x00000004 x27:0x00000001
        4505000	       449	80001904	7ce77d13	andi	x26,x14,1998	 x14:0x00000001 x26=0x00000000
        4515000	       450	80001908	01d540b3	xor	x1,x10,x29	 x10:0xe2b018cc x29:0xd5c51000  x1=0x377508cc
        4525000	       451	8000190c	01d3ab33	slt	x22,x7,x29	  x7:0x07520000 x29:0xd5c51000 x22=0x00000000
        4535000	       452	80001910	011ed8b3	srl	x17,x29,x17	 x29:0xd5c51000 x17:0x00000008 x17=0x00d5c510
        4545000	       453	80001914	53ba6c13	ori	x24,x20,1339	 x20:0x1000135a x24=0x1000177b
        4555000	       454	80001918	059c1863	bne	x24,x25,80001968	 x24:0x1000177b x25:0x80009ac0
        4565000	       455	00000000	00000013	addi	x0,x0,0	  x0:0x00000000
        4575000	       456	80001964	00000013	addi	x0,x0,0	  x0:0x00000000
        4585000	       457	80001968	01891863	bne	x18,x24,80001978	 x18:0x80009edc x24:0x1000177b
        4595000	       458	00000000	00000013	addi	x0,x0,0	  x0:0x00000000
        4605000	       459	80001974	00000013	addi	x0,x0,0	  x0:0x00000000
        4615000	       460	80001978	06977d97	auipc	x27,0x6977	 x27=0x86978974
        4625000	       461	8000197c	beb36997	auipc	x19,0xbeb36	 x19=0x3eb37978
        4635000	       462	80001980	c20cc413	xori	x8,x25,-992	 x25:0x80009ac0  x8=0x7fff66e0
        4645000	       463	80001984	00ecdc93	srli	x25,x25,0xe	 x25:0x80009ac0 x25=0x00020002
        4655000	       464	80001988	01de7933	and	x18,x28,x29	 x28:0x00000004 x29:0xd5c51000 x18=0x00000000
        4665000	       465	8000198c	4168d213	srai	x4,x17,0x16	 x17:0x00d5c510  x4=0x00000003
        4675000	       466	80001990	f997c793	xori	x15,x15,-103	 x15:0x80009ad2 x15=0x7fff654b
        4685000	       467	80001994	403b06b3	sub	x13,x22,x3	 x22:0x00000000  x3:0x000000d2 x13=0xffffff2e
        4695000	       468	80001998	40df5a93	srai	x21,x30,0xd	 x30:0x80009edc x21=0xfffc0004
        4705000	       469	8000199c	be1e8937	lui	x18,0xbe1e8	 x18=0xbe1e8000
        4715000	       470	800019a0	008841b3	xor	x3,x16,x8	 x16:0x00000000  x8:0x7fff66e0  x3=0x7fff66e0
        4725000	       471	800019a4	00ddc9b3	xor	x19,x27,x13	 x27:0x86978974 x13:0xffffff2e x19=0x7968765a
        4735000	       472	800019a8	87530793	addi	x15,x6,-1931	  x6:0x00000077 x15=0xfffff8ec
        4745000	       473	800019ac	411e5a93	srai	x21,x28,0x11	 x28:0x00000004 x21=0x00000000
        4755000	       474	800019b0	0024d893	srli	x17,x9,0x2	  x9:0x17aba7c4 x17=0x05eae9f1
        4765000	       475	800019b4	01f5b1b3	sltu	x3,x11,x31	 x11:0x17aba7ce x31:0xffffffff  x3=0x00000001
        4775000	       476	800019b8	90357493	andi	x9,x10,-1789	 x10:0xe2b018cc  x9=0xe2b01800
        4785000	       477	800019bc	02ea8e63	beq	x21,x14,800019f8	 x21:0x00000000 x14:0x00000001
        4795000	       478	800019c0	402f87b3	sub	x15,x31,x2	 x31:0xffffffff  x2:0x00000001 x15=0xfffffffe
        4805000	       479	800019c4	003d1693	slli	x13,x26,0x3	 x26:0x00000000 x13=0x00000000
        4815000	       480	800019c8	40828a33	sub	x20,x5,x8	  x5:0x00001675  x8:0x7fff66e0 x20=0x8000af95
        4825000	       481	800019cc	05db8663	beq	x23,x29,80001a18	 x23:0x00000000 x29:0xd5c51000
        4835000	       482	800019d0	41dd8a33	sub	x20,x27,x29	 x27:0x86978974 x29:0xd5c51000 x20=0xb0d27974
        4845000	       483	800019d4	011d5033	srl	x0,x26,x17	 x26:0x00000000 x17:0x05eae9f1
        4855000	       484	800019d8	00000013	addi	x0,x0,0	  x0:0x00000000
        4865000	       485	800019dc	9a314b13	xori	x22,x2,-1629	  x2:0x00000001 x22=0xfffff9a2
        4875000	       486	800019e0	0113c863	blt	x7,x17,800019f0	  x7:0x07520000 x17:0x05eae9f1
        4885000	       487	800019e4	015d56b3	srl	x13,x26,x21	 x26:0x00000000 x21:0x00000000 x13=0x00000000
        4895000	       488	800019e8	00c1d533	srl	x10,x3,x12	  x3:0x00000001 x12:0x80009fc4 x10=0x00000000
        4905000	       489	800019ec	a38eb993	sltiu	x19,x29,-1480	 x29:0xd5c51000 x19=0x00000001
        4915000	       490	800019f0	0019b2b3	sltu	x5,x19,x1	 x19:0x00000001  x1:0x377508cc  x5=0x00000001
        4925000	       491	800019f4	01764663	blt	x12,x23,80001a00	 x12:0x80009fc4 x23:0x00000000
        4935000	       492	00000000	00000013	addi	x0,x0,0	  x0:0x00000000
        4945000	       493	800019fc	00000013	addi	x0,x0,0	  x0:0x00000000
        4955000	       494	80001a00	41b80133	sub	x2,x16,x27	 x16:0x00000000 x27:0x86978974  x2=0x7968768c
        4965000	       495	80001a04	00e99013	slli	x0,x19,0xe	 x19:0x00000001
        4975000	       496	80001a08	01042333	slt	x6,x8,x16	  x8:0x7fff66e0 x16:0x00000000  x6=0x00000000
        4985000	       497	80001a0c	01ccefb3	or	x31,x25,x28	 x25:0x00020002 x28:0x00000004 x31=0x00020006
        4995000	       498	80001a10	00305a63	bge	x0,x3,80001a24	  x0:0x00000000  x3:0x00000001
        5005000	       499	80001a14	00ce9c13	slli	x24,x29,0xc	 x29:0xd5c51000 x24=0x51000000
        5015000	       500	80001a18	c23d1c37	lui	x24,0xc23d1	 x24=0xc23d1000
        5025000	       501	80001a1c	015c6c63	bltu	x24,x21,80001a34	 x24:0xc23d1000 x21:0x00000000
        5035000	       502	80001a20	41c15eb3	sra	x29,x2,x28	  x2:0x7968768c x28:0x00000004 x29=0x07968768
        5045000	       503	80001a24	000572b3	and	x5,x10,x0	 x10:0x00000000  x0:0x00000000  x5=0x00000000
        5055000	       504	80001a28	41545f93	srai	x31,x8,0x15	  x8:0x7fff66e0 x31=0x000003ff
        5065000	       505	80001a2c	fc8f0f93	addi	x31,x30,-56	 x30:0x80009edc x31=0x80009ea4
        5075000	       506	80001a30	01c0e4b3	or	x9,x1,x28	  x1:0x377508cc x28:0x00000004  x9=0x377508cc
        5085000	       507	80001a34	496b6a93	ori	x21,x22,1174	 x22:0xfffff9a2 x21=0xfffffdb6
        5095000	       508	80001a38	005c67b3	or	x15,x24,x5	 x24:0xc23d1000  x5:0x00000000 x15=0xc23d1000
        5105000	       509	80001a3c	00000013	addi	x0,x0,0	  x0:0x00000000
        5115000	       510	80001a40	ef7b4c93	xori	x25,x22,-265	 x22:0xfffff9a2 x25=0x00000755
        5125000	       511	80001a44	33d52b13	slti	x22,x10,829	 x10:0x00000000 x22=0x00000001
        5135000	       512	80001a48	04b48263	beq	x9,x11,80001a8c	  x9:0x377508cc x11:0x17aba7ce
        5145000	       513	80001a4c	63376197	auipc	x3,0x63376	  x3=0xe3377a48
        5155000	       514	80001a50	8c2f4293	xori	x5,x30,-1854	 x30:0x80009edc  x5=0x7fff661e
        5165000	       515	80001a54	04429863	bne	x5,x4,80001aa4	  x5:0x7fff661e  x4:0x00000003
        5175000	       516	00000000	00000013	addi	x0,x0,0	  x0:0x00000000
        5185000	       517	80001aa0	00000013	addi	x0,x0,0	  x0:0x00000000
        5195000	       518	80001aa4	00725213	srli	x4,x4,0x7	  x4:0x00000003  x4=0x00000000
        5205000	       519	80001aa8	41a08333	sub	x6,x1,x26	  x1:0x377508cc x26:0x00000000  x6=0x377508cc
        5215000	       520	80001aac	40a05433	sra	x8,x0,x10	  x0:0x00000000 x10:0x00000000  x8=0x00000000
        5225000	       521	80001ab0	01f59b93	slli	x23,x11,0x1f	 x11:0x17aba7ce x23=0x00000000
        5235000	       522	80001ab4	00475813	srli	x16,x14,0x4	 x14:0x00000001 x16=0x00000000
        5245000	       523	80001ab8	583e7d17	auipc	x26,0x583e7	 x26=0xd83e8ab4
        5255000	       524	80001abc	023f1463	bne	x30,x3,80001ae4	 x30:0x80009edc  x3:0xe3377a48
        5265000	       525	00000000	00000013	addi	x0,x0,0	  x0:0x00000000
        5275000	       526	80001ae0	00000013	addi	x0,x0,0	  x0:0x00000000
        5285000	       527	80001ae4	04a45063	bge	x8,x10,80001b24	  x8:0x00000000 x10:0x00000000
        5295000	       528	00000000	00000013	addi	x0,x0,0	  x0:0x00000000
        5305000	       529	80001b20	00000013	addi	x0,x0,0	  x0:0x00000000
        5315000	       530	80001b24	9630c193	xori	x3,x1,-1693	  x1:0x377508cc  x3=0xc88af1af
        5325000	       531	80001b28	8b797293	andi	x5,x18,-1865	 x18:0xbe1e8000  x5=0xbe1e8000
        5335000	       532	80001b2c	03f45463	bge	x8,x31,80001b54	  x8:0x00000000 x31:0x80009ea4
        5345000	       533	00000000	00000013	addi	x0,x0,0	  x0:0x00000000
        5355000	       534	80001b50	00000013	addi	x0,x0,0	  x0:0x00000000
        5365000	       535	80001b54	00f31663	bne	x6,x15,80001b60	  x6:0x377508cc x15:0xc23d1000
        5375000	       536	00000000	00000013	addi	x0,x0,0	  x0:0x00000000
        5385000	       537	80001b5c	00000013	addi	x0,x0,0	  x0:0x00000000
        5395000	       538	80001b60	01ec6663	bltu	x24,x30,80001b6c	 x24:0xc23d1000 x30:0x80009edc
        5405000	       539	80001b64	1f348713	addi	x14,x9,499	  x9:0x377508cc x14=0x37750abf
        5415000	       540	80001b68	00d8df93	srli	x31,x17,0xd	 x17:0x05eae9f1 x31=0x00002f57
        5425000	       541	80001b6c	0079b833	sltu	x16,x19,x7	 x19:0x00000001  x7:0x07520000 x16=0x00000001
        5435000	       542	80001b70	28e10c13	addi	x24,x2,654	  x2:0x7968768c x24=0x7968791a
        5445000	       543	80001b74	0440e863	bltu	x1,x4,80001bc4	  x1:0x377508cc  x4:0x00000000
        5455000	       544	80001b78	40ae8eb3	sub	x29,x29,x10	 x29:0x07968768 x10:0x00000000 x29=0x07968768
        5465000	       545	80001b7c	21147113	andi	x2,x8,529	  x8:0x00000000  x2=0x00000000
        5475000	       546	80001b80	00b58863	beq	x11,x11,80001b90	 x11:0x17aba7ce x11:0x17aba7ce
        5485000	       547	00000000	00000013	addi	x0,x0,0	  x0:0x00000000
        5495000	       548	80001b8c	00000013	addi	x0,x0,0	  x0:0x00000000
        5505000	       549	80001b90	0179c7b3	xor	x15,x19,x23	 x19:0x00000001 x23:0x00000000 x15=0x00000001
        5515000	       550	80001b94	e8e00413	addi	x8,x0,-370	  x0:0x00000000  x8=0xfffffe8e
        5525000	       551	80001b98	4914b993	sltiu	x19,x9,1169	  x9:0x377508cc x19=0x00000000
        5535000	       552	80001b9c	30646937	lui	x18,0x30646	 x18=0x30646000
        5545000	       553	80001ba0	041fd463	bge	x31,x1,80001be8	 x31:0x00002f57  x1:0x377508cc
        5555000	       554	80001ba4	00916b33	or	x22,x2,x9	  x2:0x00000000  x9:0x377508cc x22=0x377508cc
        5565000	       555	80001ba8	00a393b3	sll	x7,x7,x10	  x7:0x07520000 x10:0x00000000  x7=0x07520000
        5575000	       556	80001bac	029cec13	ori	x24,x25,41	 x25:0x00000755 x24=0x0000077d
        5585000	       557	80001bb0	406ad593	srai	x11,x21,0x6	 x21:0xfffffdb6 x11=0xfffffff6
        5595000	       558	80001bb4	27e97eb7	lui	x29,0x27e97	 x29=0x27e97000
        5605000	       559	80001bb8	00000013	addi	x0,x0,0	  x0:0x00000000
        5615000	       560	80001bbc	413b8733	sub	x14,x23,x19	 x23:0x00000000 x19:0x00000000 x14=0x00000000
        5625000	       561	80001bc0	41778c33	sub	x24,x15,x23	 x15:0x00000001 x23:0x00000000 x24=0x00000001
        5635000	       562	80001bc4	00ebfd33	and	x26,x23,x14	 x23:0x00000000 x14:0x00000000 x26=0x00000000
        5645000	       563	80001bc8	03bc5e63	bge	x24,x27,80001c04	 x24:0x00000001 x27:0x86978974
        5655000	       564	00000000	00000013	addi	x0,x0,0	  x0:0x00000000
        5665000	       565	80001c00	00000013	addi	x0,x0,0	  x0:0x00000000
        5675000	       566	80001c04	2865a013	slti	x0,x11,646	 x11:0xfffffff6
        5685000	       567	80001c08	6754db97	auipc	x23,0x6754d	 x23=0xe754ec04
        5695000	       568	80001c0c	41518433	sub	x8,x3,x21	  x3:0xc88af1af x21:0xfffffdb6  x8=0xc88af3f9
        5705000	       569	80001c10	01ec8eb3	add	x29,x25,x30	 x25:0x00000755 x30:0x80009edc x29=0x8000a631
        5715000	       570	80001c14	01c6d393	srli	x7,x13,0x1c	 x13:0x00000000  x7=0x00000000
        5725000	       571	80001c18	01c7d663	bge	x15,x28,80001c24	 x15:0x00000001 x28:0x00000004
        5735000	       572	80001c1c	03b75463	bge	x14,x27,80001c44	 x14:0x00000000 x27:0x86978974
        5745000	       573	00000000	00000013	addi	x0,x0,0	  x0:0x00000000
        5755000	       574	80001c40	00000013	addi	x0,x0,0	  x0:0x00000000
        5765000	       575	80001c44	3fc82713	slti	x14,x16,1020	 x16:0x00000001 x14=0x00000001
        5775000	       576	80001c48	02b3fc63	bgeu	x7,x11,80001c80	  x7:0x00000000 x11:0xfffffff6
        5785000	       577	80001c4c	008dd793	srli	x15,x27,0x8	 x27:0x86978974 x15=0x00869789
        5795000	       578	80001c50	0132b833	sltu	x16,x5,x19	  x5:0xbe1e8000 x19:0x00000000 x16=0x00000000
        5805000	       579	80001c54	8374c913	xori	x18,x9,-1993	  x9:0x377508cc x18=0xc88af0fb
        5815000	       580	80001c58	496c9db7	lui	x27,0x496c9	 x27=0x496c9000
        5825000	       581	80001c5c	413ddfb3	sra	x31,x27,x19	 x27:0x496c9000 x19:0x00000000 x31=0x496c9000
        5835000	       582	80001c60	016a9db3	sll	x27,x21,x22	 x21:0xfffffdb6 x22:0x377508cc x27=0xffdb6000
        5845000	       583	80001c64	40795b93	srai	x23,x18,0x7	 x18:0xc88af0fb x23=0xff9115e1
        5855000	       584	80001c68	b386e713	ori	x14,x13,-1224	 x13:0x00000000 x14=0xfffffb38
        5865000	       585	80001c6c	32cee713	ori	x14,x29,812	 x29:0x8000a631 x14=0x8000a73d
        5875000	       586	80001c70	012e1213	slli	x4,x28,0x12	 x28:0x00000004  x4=0x00100000
        5885000	       587	80001c74	403f0933	sub	x18,x30,x3	 x30:0x80009edc  x3:0xc88af1af x18=0xb775ad2d
        5895000	       588	80001c78	40dcd5b3	sra	x11,x25,x13	 x25:0x00000755 x13:0x00000000 x11=0x00000755
        5905000	       589	80001c7c	01a3f033	and	x0,x7,x26	  x7:0x00000000 x26:0x00000000
        5915000	       590	80001c80	019ad533	srl	x10,x21,x25	 x21:0xfffffdb6 x25:0x00000755 x10=0x000007ff
        5925000	       591	80001c84	007b8eb3	add	x29,x23,x7	 x23:0xff9115e1  x7:0x00000000 x29=0xff9115e1
        5935000	       592	80001c88	40925213	srai	x4,x4,0x9	  x4:0x00100000  x4=0x00000800
        5945000	       593	80001c8c	004f2303	lw	x6,4(x30)	 x30:0x80009edc  x6=0x800067fc PA:0x80009ee0
        5955000	       594	80001c90	56cef513	andi	x10,x29,1388	 x29:0xff9115e1 x10=0x00000560
        5965000	       595	80001c94	040f0f13	addi	x30,x30,64	 x30:0x80009edc x30=0x80009f1c
        5975000	       596	80001c98	00b93133	sltu	x2,x18,x11	 x18:0xb775ad2d x11:0x00000755  x2=0x00000000
        5985000	       597	80001c9c	3e3c6f93	ori	x31,x24,995	 x24:0x00000001 x31=0x000003e3
        5995000	       598	80001ca0	019c1f93	slli	x31,x24,0x19	 x24:0x00000001 x31=0x02000000
        6005000	       599	80001ca4	f6a0c193	xori	x3,x1,-150	  x1:0x377508cc  x3=0xc88af7a6
        6015000	       600	80001ca8	00e54c33	xor	x24,x10,x14	 x10:0x00000560 x14:0x8000a73d x24=0x8000a25d
        6025000	       601	80001cac	014667b3	or	x15,x12,x20	 x12:0x80009fc4 x20:0xb0d27974 x15=0xb0d2fff4
        6035000	       602	80001cb0	41248cb3	sub	x25,x9,x18	  x9:0x377508cc x18:0xb775ad2d x25=0x7fff5b9f
        6045000	       603	80001cb4	00130d13	addi	x26,x6,1	  x6:0x800067fc x26=0x800067fd
        6055000	       604	80001cb8	000d0d67	jalr	x26,x26,0	 x26:0x800067fd x26=0x80001cb8
        6065000	       605	00000000	00000013	addi	x0,x0,0	  x0:0x00000000
        6075000	       606	800067fc	00000013	addi	x0,x0,0	  x0:0x00000000
        6085000	       607	80006800	017b1c93	slli	x25,x22,0x17	 x22:0x377508cc x25=0x66000000
        6095000	       608	80006804	01af1333	sll	x6,x30,x26	 x30:0x80009f1c x26:0x80001cb8  x6=0x1c000000
        6105000	       609	80006808	03ef1a63	bne	x30,x30,8000683c	 x30:0x80009f1c x30:0x80009f1c
        6115000	       610	8000680c	01586c63	bltu	x16,x21,80006824	 x16:0x00000000 x21:0xfffffdb6
        6125000	       611	00000000	00000013	addi	x0,x0,0	  x0:0x00000000
        6135000	       612	80006820	00000013	addi	x0,x0,0	  x0:0x00000000
        6145000	       613	80006824	00113833	sltu	x16,x2,x1	  x2:0x00000000  x1:0x377508cc x16=0x00000001
        6155000	       614	80006828	01791733	sll	x14,x18,x23	 x18:0xb775ad2d x23:0xff9115e1 x14=0x6eeb5a5a
        6165000	       615	8000682c	0104e863	bltu	x9,x16,8000683c	  x9:0x377508cc x16:0x00000001
        6175000	       616	80006830	000e2bb3	slt	x23,x28,x0	 x28:0x00000004  x0:0x00000000 x23=0x00000000
        6185000	       617	80006834	41f106b3	sub	x13,x2,x31	  x2:0x00000000 x31:0x02000000 x13=0xfe000000
        6195000	       618	80006838	0190e263	bltu	x1,x25,8000683c	  x1:0x377508cc x25:0x66000000
        6205000	       619	00000000	00000013	addi	x0,x0,0	  x0:0x00000000
        6215000	       620	80006838	00000013	addi	x0,x0,0	  x0:0x00000000
        6225000	       621	8000683c	013a1d33	sll	x26,x20,x19	 x20:0xb0d27974 x19:0x00000000 x26=0xb0d27974
        6235000	       622	80006840	1c190f93	addi	x31,x18,449	 x18:0xb775ad2d x31=0xb775aeee
        6245000	       623	80006844	573b6813	ori	x16,x22,1395	 x22:0x377508cc x16=0x37750dff
        6255000	       624	80006848	004f2303	lw	x6,4(x30)	 x30:0x80009f1c  x6=0x8000057c PA:0x80009f20
        6265000	       625	8000684c	0116dc93	srli	x25,x13,0x11	 x13:0xfe000000 x25=0x00007f00
        6275000	       626	80006850	81f7ba97	auipc	x21,0x81f7b	 x21=0x01f8184c
        6285000	       627	80006854	7dadc013	xori	x0,x27,2010	 x27:0xffdb6000
        6295000	       628	80006858	018f0f13	addi	x30,x30,24	 x30:0x80009f1c x30=0x80009f34
        6305000	       629	8000685c	0006dd13	srli	x26,x13,0x0	 x13:0xfe000000 x26=0xfe000000
        6315000	       630	80006860	5ed92593	slti	x11,x18,1517	 x18:0xb775ad2d x11=0x00000001
        6325000	       631	80006864	00030113	addi	x2,x6,0	  x6:0x8000057c  x2=0x8000057c
        6335000	       632	80006868	00010167	jalr	x2,x2,0	  x2:0x8000057c  x2=0x80006868
        6345000	       633	00000000	00000013	addi	x0,x0,0	  x0:0x00000000
        6355000	       634	8000057c	00000013	addi	x0,x0,0	  x0:0x00000000
        6365000	       635	80000580	4104da93	srai	x21,x9,0x10	  x9:0x377508cc x21=0x00003775
        6375000	       636	80000584	005297b3	sll	x15,x5,x5	  x5:0xbe1e8000  x5:0xbe1e8000 x15=0xbe1e8000
        6385000	       637	80000588	40e2d193	srai	x3,x5,0xe	  x5:0xbe1e8000  x3=0xfffef87a
        6395000	       638	8000058c	fa99ec93	ori	x25,x19,-87	 x19:0x00000000 x25=0xffffffa9
        6405000	       639	80000590	01ee5193	srli	x3,x28,0x1e	 x28:0x00000004  x3=0x00000000
        6415000	       640	80000594	01deda13	srli	x20,x29,0x1d	 x29:0xff9115e1 x20=0x00000007
        6425000	       641	80000598	e20cf393	andi	x7,x25,-480	 x25:0xffffffa9  x7=0xfffffe20
        6435000	       642	8000059c	000403b3	add	x7,x8,x0	  x8:0xc88af3f9  x0:0x00000000  x7=0xc88af3f9
        6445000	       643	800005a0	4200536f	jal	x6,800005a0	  x6=0x800005a0
        6455000	       644	00000000	00000013	addi	x0,x0,0	  x0:0x00000000
        6465000	       645	800059bc	00000013	addi	x0,x0,0	  x0:0x00000000
        6475000	       646	800059c0	01637c93	andi	x25,x6,22	  x6:0x800005a0 x25=0x00000000
        6485000	       647	800059c4	00b84663	blt	x16,x11,800059d0	 x16:0x37750dff x11:0x00000001
        6495000	       648	800059c8	001b9d13	slli	x26,x23,0x1	 x23:0x00000000 x26=0x00000000
        6505000	       649	800059cc	00000013	addi	x0,x0,0	  x0:0x00000000
        6515000	       650	800059d0	fc8f0f13	addi	x30,x30,-56	 x30:0x80009f34 x30=0x80009efc
        6525000	       651	800059d4	006f2223	sw	x6,4(x30)	 x30:0x80009efc  x6:0x800005a0 PA:0x80009f00
        6535000	       652	800059d8	011c3733	sltu	x14,x24,x17	 x24:0x8000a25d x17:0x05eae9f1 x14=0x00000000
        6545000	       653	800059dc	018b3d33	sltu	x26,x22,x24	 x22:0x377508cc x24:0x8000a25d x26=0x00000001
        6555000	       654	800059e0	01ed78b3	and	x17,x26,x30	 x26:0x00000001 x30:0x80009efc x17=0x00000000
        6565000	       655	800059e4	3e604c13	xori	x24,x0,998	  x0:0x00000000 x24=0x000003e6
        6575000	       656	800059e8	00f2aab3	slt	x21,x5,x15	  x5:0xbe1e8000 x15:0xbe1e8000 x21=0x00000000
        6585000	       657	800059ec	013146b3	xor	x13,x2,x19	  x2:0x80006868 x19:0x00000000 x13=0x80006868
        6595000	       658	800059f0	00de3333	sltu	x6,x28,x13	 x28:0x00000004 x13:0x80006868  x6=0x00000001
        6605000	       659	800059f4	00ac9b33	sll	x22,x25,x10	 x25:0x00000000 x10:0x00000560 x22=0x00000000
        6615000	       660	800059f8	f0ce95b7	lui	x11,0xf0ce9	 x11=0xf0ce9000
        6625000	       661	800059fc	002ab1b3	sltu	x3,x21,x2	 x21:0x00000000  x2:0x80006868  x3=0x00000001
        6635000	       662	80005a00	007f4cb3	xor	x25,x30,x7	 x30:0x80009efc  x7:0xc88af3f9 x25=0x488a6d05
        6645000	       663	80005a04	c7dfa36f	jal	x6,80005a04	  x6=0x80005a04
        6655000	       664	00000000	00000013	addi	x0,x0,0	  x0:0x00000000
        6665000	       665	8000067c	00000013	addi	x0,x0,0	  x0:0x00000000
        6675000	       666	80000680	01841cb3	sll	x25,x8,x24	  x8:0xc88af3f9 x24:0x000003e6 x25=0x22bcfe40
        6685000	       667	80000684	01290463	beq	x18,x18,8000068c	 x18:0xb775ad2d x18:0xb775ad2d
        6695000	       668	00000000	00000013	addi	x0,x0,0	  x0:0x00000000
        6705000	       669	80000688	00000013	addi	x0,x0,0	  x0:0x00000000
        6715000	       670	8000068c	fc0f0f13	addi	x30,x30,-64	 x30:0x80009efc x30=0x80009ebc
        6725000	       671	80000690	f221b393	sltiu	x7,x3,-222	  x3:0x00000001  x7=0x00000001
        6735000	       672	80000694	006f2223	sw	x6,4(x30)	 x30:0x80009ebc  x6:0x80005a04 PA:0x80009ec0
        6745000	       673	80000698	010588b3	add	x17,x11,x16	 x11:0xf0ce9000 x16:0x37750dff x17=0x28439dff
        6755000	       674	8000069c	01dbf7b3	and	x15,x23,x29	 x23:0x00000000 x29:0xff9115e1 x15=0x00000000
        6765000	       675	800006a0	01df7e63	bgeu	x30,x29,800006bc	 x30:0x80009ebc x29:0xff9115e1
        6775000	       676	800006a4	4171d433	sra	x8,x3,x23	  x3:0x00000001 x23:0x00000000  x8=0x00000001
        6785000	       677	800006a8	01cec663	blt	x29,x28,800006b4	 x29:0xff9115e1 x28:0x00000004
        6795000	       678	00000000	00000013	addi	x0,x0,0	  x0:0x00000000
        6805000	       679	800006b0	00000013	addi	x0,x0,0	  x0:0x00000000
        6815000	       680	800006b4	00459a63	bne	x11,x4,800006c8	 x11:0xf0ce9000  x4:0x00000800
        6825000	       681	00000000	00000013	addi	x0,x0,0	  x0:0x00000000
        6835000	       682	800006c4	00000013	addi	x0,x0,0	  x0:0x00000000
        6845000	       683	800006c8	fd997497	auipc	x9,0xfd997	  x9=0x7d9976c4
        6855000	       684	800006cc	004f2303	lw	x6,4(x30)	 x30:0x80009ebc  x6=0x80005a04 PA:0x80009ec0
        6865000	       685	800006d0	400d53b3	sra	x7,x26,x0	 x26:0x00000001  x0:0x00000000  x7=0x00000001
        6875000	       686	800006d4	2ce68593	addi	x11,x13,718	 x13:0x80006868 x11=0x80006b36
        6885000	       687	800006d8	92f6a437	lui	x8,0x92f6a	  x8=0x92f6a000
        6895000	       688	800006dc	00fde1b3	or	x3,x27,x15	 x27:0xffdb6000 x15:0x00000000  x3=0xffdb6000
        6905000	       689	800006e0	5b91ef93	ori	x31,x3,1465	  x3:0xffdb6000 x31=0xffdb65b9
        6915000	       690	800006e4	b4cdea13	ori	x20,x27,-1204	 x27:0xffdb6000 x20=0xfffffb4c
        6925000	       691	800006e8	009ce6b3	or	x13,x25,x9	 x25:0x22bcfe40  x9:0x7d9976c4 x13=0x7fbdfec4
        6935000	       692	800006ec	408c5f93	srai	x31,x24,0x8	 x24:0x000003e6 x31=0x00000003
        6945000	       693	800006f0	c4eaf097	auipc	x1,0xc4eaf	  x1=0x44eaf6ec
        6955000	       694	800006f4	040f0f13	addi	x30,x30,64	 x30:0x80009ebc x30=0x80009efc
        6965000	       695	800006f8	003610b3	sll	x1,x12,x3	 x12:0x80009fc4  x3:0xffdb6000  x1=0x80009fc4
        6975000	       696	800006fc	00030113	addi	x2,x6,0	  x6:0x80005a04  x2=0x80005a04
        6985000	       697	80000700	00010167	jalr	x2,x2,0	  x2:0x80005a04  x2=0x80000700
        6995000	       698	00000000	00000013	addi	x0,x0,0	  x0:0x00000000
        7005000	       699	80005a04	00000013	addi	x0,x0,0	  x0:0x00000000
        7015000	       700	80005a08	00003117	auipc	x2,0x3	  x2=0x80008a04
        7025000	       701	80005a0c	2de10113	addi	x2,x2,734	  x2:0x80008a04  x2=0x80008ce2
        7035000	       702	80005a10	01410d83	lb	x27,20(x2)	  x2:0x80008ce2 x27=0x00000006 PA:0x80008cf6
        7045000	       703	80005a14	30550a17	auipc	x20,0x30550	 x20=0xb0555a10
        7055000	       704	80005a18	41a65713	srai	x14,x12,0x1a	 x12:0x80009fc4 x14=0xffffffe0
        7065000	       705	80005a1c	fd211b03	lh	x22,-46(x2)	  x2:0x80008ce2 x22=0x00001b4d PA:0x80008cb4
        7075000	       706	80005a20	00415203	lhu	x4,4(x2)	  x2:0x80008ce2  x4=0x0000e917 PA:0x80008ce6
        7085000	       707	80005a24	41a2dab3	sra	x21,x5,x26	  x5:0xbe1e8000 x26:0x00000001 x21=0xdf0f4000
        7095000	       708	80005a28	41ec03b3	sub	x7,x24,x30	 x24:0x000003e6 x30:0x80009efc  x7=0x7fff64ea
        7105000	       709	80005a2c	004a8c33	add	x24,x21,x4	 x21:0xdf0f4000  x4:0x0000e917 x24=0xdf102917
        7115000	       710	80005a30	019f3733	sltu	x14,x30,x25	 x30:0x80009efc x25:0x22bcfe40 x14=0x00000000
        7125000	       711	80005a34	409a54b3	sra	x9,x20,x9	 x20:0xb0555a10  x9:0x7d9976c4  x9=0xfb0555a1
        7135000	       712	80005a38	ff310723	sb	x19,-18(x2)	  x2:0x80008ce2 x19:0x00000000 PA:0x80008cd0
        7145000	       713	80005a3c	fed10ba3	sb	x13,-9(x2)	  x2:0x80008ce2 x13:0x7fbdfec4 PA:0x80008cd9
        7155000	       714	80005a40	ffd14683	lbu	x13,-3(x2)	  x2:0x80008ce2 x13=0x0000005d PA:0x80008cdf
        7165000	       715	80005a44	005dad33	slt	x26,x27,x5	 x27:0x00000006  x5:0xbe1e8000 x26=0x00000000
        7175000	       716	80005a48	fc410ea3	sb	x4,-35(x2)	  x2:0x80008ce2  x4:0x0000e917 PA:0x80008cbf
        7185000	       717	80005a4c	02d14983	lbu	x19,45(x2)	  x2:0x80008ce2 x19=0x00000036 PA:0x80008d0f
        7195000	       718	80005a50	fc714c83	lbu	x25,-57(x2)	  x2:0x80008ce2 x25=0x0000003c PA:0x80008ca9
        7205000	       719	80005a54	7806e593	ori	x11,x13,1920	 x13:0x0000005d x11=0x000007dd
        7215000	       720	80005a58	00d3fbb3	and	x23,x7,x13	  x7:0x7fff64ea x13:0x0000005d x23=0x00000048
        7225000	       721	80005a5c	fc110ba3	sb	x1,-41(x2)	  x2:0x80008ce2  x1:0x80009fc4 PA:0x80008cb9
        7235000	       722	80005a60	ffd10fa3	sb	x29,-1(x2)	  x2:0x80008ce2 x29:0xff9115e1 PA:0x80008ce1
        7245000	       723	80005a64	fce15b83	lhu	x23,-50(x2)	  x2:0x80008ce2 x23=0x00006ac6 PA:0x80008cb0
        7255000	       724	80005a68	00dcca33	xor	x20,x25,x13	 x25:0x0000003c x13:0x0000005d x20=0x00000061
        7265000	       725	80005a6c	00b10d03	lb	x26,11(x2)	  x2:0x80008ce2 x26=0x0000001e PA:0x80008ced
        7275000	       726	80005a70	c327c693	xori	x13,x15,-974	 x15:0x00000000 x13=0xfffffc32
        7285000	       727	80005a74	ff015f83	lhu	x31,-16(x2)	  x2:0x80008ce2 x31=0x00007b1f PA:0x80008cd2
        7295000	       728	80005a78	ff514003	lbu	x0,-11(x2)	  x2:0x80008ce2 PA:0x80008cd7
        7305000	       729	80005a7c	01410003	lb	x0,20(x2)	  x2:0x80008ce2 PA:0x80008cf6
        7315000	       730	80005a80	01d8b2b3	sltu	x5,x17,x29	 x17:0x28439dff x29:0xff9115e1  x5=0x00000001
        7325000	       731	80005a84	032106a3	sb	x18,45(x2)	  x2:0x80008ce2 x18:0xb775ad2d PA:0x80008d0f
        7335000	       732	80005a88	001056b3	srl	x13,x0,x1	  x0:0x00000000  x1:0x80009fc4 x13=0x00000000
        7345000	       733	80005a8c	00dfdd93	srli	x27,x31,0xd	 x31:0x00007b1f x27=0x00000003
        7355000	       734	80005a90	02b11b23	sh	x11,54(x2)	  x2:0x80008ce2 x11:0x000007dd PA:0x80008d18
        7365000	       735	80005a94	03910f23	sb	x25,62(x2)	  x2:0x80008ce2 x25:0x0000003c PA:0x80008d20
        7375000	       736	80005a98	01bf82b3	add	x5,x31,x27	 x31:0x00007b1f x27:0x00000003  x5=0x00007b22
        7385000	       737	80005a9c	ffb102a3	sb	x27,-27(x2)	  x2:0x80008ce2 x27:0x00000003 PA:0x80008cc7
        7395000	       738	80005aa0	01c14783	lbu	x15,28(x2)	  x2:0x80008ce2 x15=0x00000067 PA:0x80008cfe
        7405000	       739	80005aa4	01114b03	lbu	x22,17(x2)	  x2:0x80008ce2 x22=0x0000003f PA:0x80008cf3
        7415000	       740	80005aa8	7f17a893	slti	x17,x15,2033	 x15:0x00000067 x17=0x00000001
        7425000	       741	80005aac	03e11f83	lh	x31,62(x2)	  x2:0x80008ce2 x31=0x0000573c PA:0x80008d20
        7435000	       742	80005ab0	fc910c23	sb	x9,-40(x2)	  x2:0x80008ce2  x9:0xfb0555a1 PA:0x80008cba
        7445000	       743	80005ab4	fc8108a3	sb	x8,-47(x2)	  x2:0x80008ce2  x8:0x92f6a000 PA:0x80008cb3
        7455000	       744	80005ab8	00003e97	auipc	x29,0x3	 x29=0x80008ab4
        7465000	       745	80005abc	e5ee8e93	addi	x29,x29,-418	 x29:0x80008ab4 x29=0x80008912
        7475000	       746	80005ac0	015b62b3	or	x5,x22,x21	 x22:0x0000003f x21:0xdf0f4000  x5=0xdf0f403f
        7485000	       747	80005ac4	f3ce9423	sh	x28,-216(x29)	 x29:0x80008912 x28:0x00000004 PA:0x8000883a
        7495000	       748	80005ac8	f7ce9203	lh	x4,-132(x29)	 x29:0x80008912  x4=0x00005521 PA:0x8000888e
        7505000	       749	80005acc	00974233	xor	x4,x14,x9	 x14:0x00000000  x9:0xfb0555a1  x4=0xfb0555a1
        7515000	       750	80005ad0	01adcfb3	xor	x31,x27,x26	 x27:0x00000003 x26:0x0000001e x31=0x0000001d
        7525000	       751	80005ad4	40e1dc93	srai	x25,x3,0xe	  x3:0xffdb6000 x25=0xffffff6d
        7535000	       752	80005ad8	0e1e8b03	lb	x22,225(x29)	 x29:0x80008912 x22=0xffffffca PA:0x800089f3
        7545000	       753	80005adc	412058b3	sra	x17,x0,x18	  x0:0x00000000 x18:0xb775ad2d x17=0x00000000
        7555000	       754	80005ae0	064e9623	sh	x4,108(x29)	 x29:0x80008912  x4:0xfb0555a1 PA:0x8000897e
        7565000	       755	80005ae4	01e82733	slt	x14,x16,x30	 x16:0x37750dff x30:0x80009efc x14=0x00000000
        7575000	       756	80005ae8	f5dec083	lbu	x1,-163(x29)	 x29:0x80008912  x1=0x000000e5 PA:0x8000886f
        7585000	       757	80005aec	006039b3	sltu	x19,x0,x6	  x0:0x00000000  x6:0x80005a04 x19=0x00000001
        7595000	       758	80005af0	0068e0b3	or	x1,x17,x6	 x17:0x00000000  x6:0x80005a04  x1=0x80005a04
        7605000	       759	80005af4	23c5b313	sltiu	x6,x11,572	 x11:0x000007dd  x6=0x00000000
        7615000	       760	80005af8	012ba4b3	slt	x9,x23,x18	 x23:0x00006ac6 x18:0xb775ad2d  x9=0x00000000
        7625000	       761	80005afc	00f55493	srli	x9,x10,0xf	 x10:0x00000560  x9=0x00000000
        7635000	       762	80005b00	093e8983	lb	x19,147(x29)	 x29:0x80008912 x19=0xffffff9a PA:0x800089a5
        7645000	       763	80005b04	f63e8903	lb	x18,-157(x29)	 x29:0x80008912 x18=0x0000000e PA:0x80008875
        7655000	       764	00000000	00000013	addi	x0,x0,0	  x0:0x00000000
        7665000	       765	80005b08	fd2e9a03	lh	x20,-46(x29)	 x29:0x80008912 x20=0xffffc4c8 PA:0x800088e4
        7675000	       766	80005b0c	0fbe8b23	sb	x27,246(x29)	 x29:0x80008912 x27:0x00000003 PA:0x80008a08
        7685000	       767	80005b10	0a4edb83	lhu	x23,164(x29)	 x29:0x80008912 x23=0x000033bb PA:0x800089b6
        7695000	       768	80005b14	00121733	sll	x14,x4,x1	  x4:0xfb0555a1  x1:0x80005a04 x14=0xb0555a10
        7705000	       769	80005b18	0ebe8b03	lb	x22,235(x29)	 x29:0x80008912 x22=0xffffffda PA:0x800089fd
        7715000	       770	80005b1c	010c1b33	sll	x22,x24,x16	 x24:0xdf102917 x16:0x37750dff x22=0x80000000
        7725000	       771	80005b20	bcb52793	slti	x15,x10,-1077	 x10:0x00000560 x15=0x00000000
        7735000	       772	80005b24	6f4b8b93	addi	x23,x23,1780	 x23:0x000033bb x23=0x00003aaf
        7745000	       773	80005b28	00071433	sll	x8,x14,x0	 x14:0xb0555a10  x0:0x00000000  x8=0xb0555a10
        7755000	       774	80005b2c	079eca83	lbu	x21,121(x29)	 x29:0x80008912 x21=0x00000067 PA:0x8000898b
        7765000	       775	80005b30	00000013	addi	x0,x0,0	  x0:0x00000000
        7775000	       776	80005b34	04ae9983	lh	x19,74(x29)	 x29:0x80008912 x19=0xfffff39d PA:0x8000895c
        7785000	       777	80005b38	0a2e8c23	sb	x2,184(x29)	 x29:0x80008912  x2:0x80008ce2 PA:0x800089ca
        7795000	       778	80005b3c	00003417	auipc	x8,0x3	  x8=0x80008b38
        7805000	       779	80005b40	f4140413	addi	x8,x8,-191	  x8:0x80008b38  x8=0x80008a79
        7815000	       780	80005b44	41960833	sub	x16,x12,x25	 x12:0x80009fc4 x25:0xffffff6d x16=0x8000a057
        7825000	       781	80005b48	0b544283	lbu	x5,181(x8)	  x8:0x80008a79  x5=0x0000007d PA:0x80008b2e
        7835000	       782	80005b4c	17b4ec13	ori	x24,x9,379	  x9:0x00000000 x24=0x0000017b
        7845000	       783	80005b50	fde44303	lbu	x6,-34(x8)	  x8:0x80008a79  x6=0x000000f7 PA:0x80008a57
        7855000	       784	80005b54	003f0833	add	x16,x30,x3	 x30:0x80009efc  x3:0xffdb6000 x16=0x7fdbfefc
        7865000	       785	80005b58	00f7da93	srli	x21,x15,0xf	 x15:0x00000000 x21=0x00000000
        7875000	       786	80005b5c	f4944883	lbu	x17,-183(x8)	  x8:0x80008a79 x17=0x000000b5 PA:0x800089c2
        7885000	       787	80005b60	04644a03	lbu	x20,70(x8)	  x8:0x80008a79 x20=0x000000d2 PA:0x80008abf
        7895000	       788	80005b64	01dddd13	srli	x26,x27,0x1d	 x27:0x00000003 x26=0x00000000
        7905000	       789	80005b68	01f65313	srli	x6,x12,0x1f	 x12:0x80009fc4  x6=0x00000001
        7915000	       790	80005b6c	69a14393	xori	x7,x2,1690	  x2:0x80008ce2  x7=0x80008a78
        7925000	       791	80005b70	0b840903	lb	x18,184(x8)	  x8:0x80008a79 x18=0x0000002a PA:0x80008b31
        7935000	       792	80005b74	22e1f113	andi	x2,x3,558	  x3:0xffdb6000  x2=0x00000000
        7945000	       793	80005b78	05a44803	lbu	x16,90(x8)	  x8:0x80008a79 x16=0x000000b5 PA:0x80008ad3
        7955000	       794	80005b7c	d1ad4093	xori	x1,x26,-742	 x26:0x00000000  x1=0xfffffd1a
        7965000	       795	80005b80	001c9293	slli	x5,x25,0x1	 x25:0xffffff6d  x5=0xfffffeda
        7975000	       796	80005b84	f2e40003	lb	x0,-210(x8)	  x8:0x80008a79 PA:0x800089a7
        7985000	       797	80005b88	0bd41ea3	sh	x29,189(x8)	  x8:0x80008a79 x29:0x80008912 PA:0x80008b36
        7995000	       798	80005b8c	0097e733	or	x14,x15,x9	 x15:0x00000000  x9:0x00000000 x14=0x00000000
        8005000	       799	80005b90	00bda033	slt	x0,x27,x11	 x27:0x00000003 x11:0x000007dd
        8015000	       800	80005b94	d834c513	xori	x10,x9,-637	  x9:0x00000000 x10=0xfffffd83
        8025000	       801	80005b98	412c01b3	sub	x3,x24,x18	 x24:0x0000017b x18:0x0000002a  x3=0x00000151
        8035000	       802	80005b9c	01527cb3	and	x25,x4,x21	  x4:0xfb0555a1 x21:0x00000000 x25=0x00000000
        8045000	       803	80005ba0	f3541a03	lh	x20,-203(x8)	  x8:0x80008a79 x20=0x00004635 PA:0x800089ae
        8055000	       804	80005ba4	f4142da3	sw	x1,-165(x8)	  x8:0x80008a79  x1:0xfffffd1a PA:0x800089d4
        8065000	       805	80005ba8	bbeab113	sltiu	x2,x21,-1090	 x21:0x00000000  x2=0x00000001
        8075000	       806	80005bac	f9f42683	lw	x13,-97(x8)	  x8:0x80008a79 x13=0xc96e9ef7 PA:0x80008a18
        8085000	       807	80005bb0	f8840c83	lb	x25,-120(x8)	  x8:0x80008a79 x25=0xfffffffc PA:0x80008a01
        8095000	       808	80005bb4	05145d03	lhu	x26,81(x8)	  x8:0x80008a79 x26=0x0000dede PA:0x80008aca
        8105000	       809	80005bb8	00003117	auipc	x2,0x3	  x2=0x80008bb4
        8115000	       810	80005bbc	c5210113	addi	x2,x2,-942	  x2:0x80008bb4  x2=0x80008806
        8125000	       811	80005bc0	f0214703	lbu	x14,-254(x2)	  x2:0x80008806 x14=0x0000003f PA:0x80008708
        8135000	       812	80005bc4	f4510ea3	sb	x5,-163(x2)	  x2:0x80008806  x5:0xfffffeda PA:0x80008763
        8145000	       813	80005bc8	01615193	srli	x3,x2,0x16	  x2:0x80008806  x3=0x00000200
        8155000	       814	80005bcc	ffb4cc93	xori	x25,x9,-5	  x9:0x00000000 x25=0xfffffffb
        8165000	       815	80005bd0	00f14783	lbu	x15,15(x2)	  x2:0x80008806 x15=0x000000de PA:0x80008815
        8175000	       816	80005bd4	1a74f497	auipc	x9,0x1a74f	  x9=0x9a754bd0
        8185000	       817	80005bd8	0d844417	auipc	x8,0xd844	  x8=0x8d849bd4
        8195000	       818	80005bdc	00009033	sll	x0,x1,x0	  x1:0xfffffd1a  x0:0x00000000
        8205000	       819	80005be0	fd614703	lbu	x14,-42(x2)	  x2:0x80008806 x14=0x000000f0 PA:0x800087dc
        8215000	       820	80005be4	00c4e7b3	or	x15,x9,x12	  x9:0x9a754bd0 x12:0x80009fc4 x15=0x9a75dfd4
        8225000	       821	80005be8	75578213	addi	x4,x15,1877	 x15:0x9a75dfd4  x4=0x9a75e729
        8235000	       822	80005bec	f1c10f83	lb	x31,-228(x2)	  x2:0x80008806 x31=0xffffff8a PA:0x80008722
        8245000	       823	80005bf0	01165733	srl	x14,x12,x17	 x12:0x80009fc4 x17:0x000000b5 x14=0x00000400
        8255000	       824	80005bf4	fb811403	lh	x8,-72(x2)	  x2:0x80008806  x8=0xffffa1cb PA:0x800087be
        8265000	       825	80005bf8	f9710283	lb	x5,-105(x2)	  x2:0x80008806  x5=0x0000007c PA:0x8000879d
        8275000	       826	80005bfc	5e0bcc13	xori	x24,x23,1504	 x23:0x00003aaf x24=0x00003f4f
        8285000	       827	80005c00	f8811b03	lh	x22,-120(x2)	  x2:0x80008806 x22=0x00007637 PA:0x8000878e
        8295000	       828	80005c04	f0514483	lbu	x9,-251(x2)	  x2:0x80008806  x9=0x000000b2 PA:0x8000870b
        8305000	       829	80005c08	ffa11a23	sh	x26,-12(x2)	  x2:0x80008806 x26:0x0000dede PA:0x800087fa
        8315000	       830	80005c0c	3b68fb93	andi	x23,x17,950	 x17:0x000000b5 x23=0x000000b4
        8325000	       831	80005c10	72d50993	addi	x19,x10,1837	 x10:0xfffffd83 x19=0x000004b0
        8335000	       832	80005c14	f6b10483	lb	x9,-149(x2)	  x2:0x80008806  x9=0x00000071 PA:0x80008771
        8345000	       833	80005c18	a66b3993	sltiu	x19,x22,-1434	 x22:0x00007637 x19=0x00000001
        8355000	       834	80005c1c	f6c12b23	sw	x12,-138(x2)	  x2:0x80008806 x12:0x80009fc4 PA:0x8000877c
        8365000	       835	80005c20	f1815983	lhu	x19,-232(x2)	  x2:0x80008806 x19=0x0000fee4 PA:0x8000871e
        8375000	       836	80005c24	00000013	addi	x0,x0,0	  x0:0x00000000
        8385000	       837	80005c28	f3914d03	lbu	x26,-199(x2)	  x2:0x80008806 x26=0x000000aa PA:0x8000873f
        8395000	       838	00000000	00000013	addi	x0,x0,0	  x0:0x00000000
        8405000	       839	80005c2c	01a12723	sw	x26,14(x2)	  x2:0x80008806 x26:0x000000aa PA:0x80008814
        8415000	       840	80005c30	00f14883	lbu	x17,15(x2)	  x2:0x80008806 x17=0x00000000 PA:0x80008815
        8425000	       841	80005c34	f6411703	lh	x14,-156(x2)	  x2:0x80008806 x14=0x0000292c PA:0x8000876a
        8435000	       842	80005c38	f4212b83	lw	x23,-190(x2)	  x2:0x80008806 x23=0xe1557632 PA:0x80008748
        8445000	       843	80005c3c	41db5393	srai	x7,x22,0x1d	 x22:0x00007637  x7=0x00000000
        8455000	       844	80005c40	00910323	sb	x9,6(x2)	  x2:0x80008806  x9:0x00000071 PA:0x8000880c
        8465000	       845	80005c44	a54c7a93	andi	x21,x24,-1452	 x24:0x00003f4f x21=0x00003a44
        8475000	       846	80005c48	017d1fb3	sll	x31,x26,x23	 x26:0x000000aa x23:0xe1557632 x31=0x02a80000
        8485000	       847	80005c4c	418fdd33	sra	x26,x31,x24	 x31:0x02a80000 x24:0x00003f4f x26=0x00000550
        8495000	       848	80005c50	5a5d3d17	auipc	x26,0x5a5d3	 x26=0xda5d8c4c
        8505000	       849	80005c54	f5f11f23	sh	x31,-162(x2)	  x2:0x80008806 x31:0x02a80000 PA:0x80008764
        8515000	       850	80005c58	01128a33	add	x20,x5,x17	  x5:0x0000007c x17:0x00000000 x20=0x0000007c
        8525000	       851	80005c5c	01ba5833	srl	x16,x20,x27	 x20:0x0000007c x27:0x00000003 x16=0x0000000f
        8535000	       852	80005c60	ffa11e23	sh	x26,-4(x2)	  x2:0x80008806 x26:0xda5d8c4c PA:0x80008802
        8545000	       853	80005c64	015f95b3	sll	x11,x31,x21	 x31:0x02a80000 x21:0x00003a44 x11=0x2a800000
        8555000	       854	80005c68	00c8ec33	or	x24,x17,x12	 x17:0x00000000 x12:0x80009fc4 x24=0x80009fc4
        8565000	       855	80005c6c	f9015803	lhu	x16,-112(x2)	  x2:0x80008806 x16=0x000075cc PA:0x80008796
        8575000	       856	80005c70	40ad5293	srai	x5,x26,0xa	 x26:0xda5d8c4c  x5=0xfff69763
        8585000	       857	80005c74	e2d3fb93	andi	x23,x7,-467	  x7:0x00000000 x23=0x00000000
        8595000	       858	80005c78	00eccd33	xor	x26,x25,x14	 x25:0xfffffffb x14:0x0000292c x26=0xffffd6d7
        8605000	       859	80005c7c	f0914d83	lbu	x27,-247(x2)	  x2:0x80008806 x27=0x0000008f PA:0x8000870f
        8615000	       860	80005c80	fe514f83	lbu	x31,-27(x2)	  x2:0x80008806 x31=0x0000001f PA:0x800087eb
        8625000	       861	80005c84	f2411883	lh	x17,-220(x2)	  x2:0x80008806 x17=0xffff85d6 PA:0x8000872a
        8635000	       862	80005c88	73372b93	slti	x23,x14,1843	 x14:0x0000292c x23=0x00000000
        8645000	       863	80005c8c	f7514583	lbu	x11,-139(x2)	  x2:0x80008806 x11=0x0000000b PA:0x8000877b
        8655000	       864	80005c90	406e86b3	sub	x13,x29,x6	 x29:0x80008912  x6:0x00000001 x13=0x80008911
        8665000	       865	80005c94	f3e10903	lb	x18,-194(x2)	  x2:0x80008806 x18=0x00000071 PA:0x80008744
        8675000	       866	80005c98	b6d8aa93	slti	x21,x17,-1171	 x17:0xffff85d6 x21=0x00000001
        8685000	       867	80005c9c	a2d42693	slti	x13,x8,-1491	  x8:0xffffa1cb x13=0x00000001
        8695000	       868	80005ca0	0185c733	xor	x14,x11,x24	 x11:0x0000000b x24:0x80009fc4 x14=0x80009fcf
        8705000	       869	80005ca4	006d08b3	add	x17,x26,x6	 x26:0xffffd6d7  x6:0x00000001 x17=0xffffd6d8
        8715000	       870	80005ca8	05899063	bne	x19,x24,80005ce8	 x19:0x0000fee4 x24:0x80009fc4
        8725000	       871	00000000	00000013	addi	x0,x0,0	  x0:0x00000000
        8735000	       872	80005ce4	00000013	addi	x0,x0,0	  x0:0x00000000
        8745000	       873	80005ce8	01c1bab3	sltu	x21,x3,x28	  x3:0x00000200 x28:0x00000004 x21=0x00000000
        8755000	       874	80005cec	01519813	slli	x16,x3,0x15	  x3:0x00000200 x16=0x40000000
        8765000	       875	80005cf0	697c1537	lui	x10,0x697c1	 x10=0x697c1000
        8775000	       876	80005cf4	409ddd93	srai	x27,x27,0x9	 x27:0x0000008f x27=0x00000000
        8785000	       877	80005cf8	3085fd93	andi	x27,x11,776	 x11:0x0000000b x27=0x00000008
        8795000	       878	80005cfc	938e5897	auipc	x17,0x938e5	 x17=0x138eacf8
        8805000	       879	80005d00	40720033	sub	x0,x4,x7	  x4:0x9a75e729  x7:0x00000000
        8815000	       880	80005d04	41790bb3	sub	x23,x18,x23	 x18:0x00000071 x23:0x00000000 x23=0x00000071
        8825000	       881	80005d08	c9c571b7	lui	x3,0xc9c57	  x3=0xc9c57000
        8835000	       882	80005d0c	01fd9013	slli	x0,x27,0x1f	 x27:0x00000008
        8845000	       883	80005d10	ed2a3b93	sltiu	x23,x20,-302	 x20:0x0000007c x23=0x00000001
        8855000	       884	80005d14	41a5d193	srai	x3,x11,0x1a	 x11:0x0000000b  x3=0x00000000
        8865000	       885	80005d18	01f95813	srli	x16,x18,0x1f	 x18:0x00000071 x16=0x00000000
        8875000	       886	80005d1c	023b9063	bne	x23,x3,80005d3c	 x23:0x00000001  x3:0x00000000
        8885000	       887	00000000	00000013	addi	x0,x0,0	  x0:0x00000000
        8895000	       888	80005d38	00000013	addi	x0,x0,0	  x0:0x00000000
        8905000	       889	80005d3c	00000013	addi	x0,x0,0	  x0:0x00000000
        8915000	       890	80005d40	0e321737	lui	x14,0xe321	 x14=0x0e321000
        8925000	       891	80005d44	016de333	or	x6,x27,x22	 x27:0x00000008 x22:0x00007637  x6=0x0000763f
        8935000	       892	80005d48	092bb593	sltiu	x11,x23,146	 x23:0x00000001 x11=0x00000001
        8945000	       893	80005d4c	03fe7263	bgeu	x28,x31,80005d70	 x28:0x00000004 x31:0x0000001f
        8955000	       894	80005d50	f1e74c13	xori	x24,x14,-226	 x14:0x0e321000 x24=0xf1cdef1e
        8965000	       895	80005d54	4196d693	srai	x13,x13,0x19	 x13:0x00000001 x13=0x00000000
        8975000	       896	80005d58	01ecddb3	srl	x27,x25,x30	 x25:0xfffffffb x30:0x80009efc x27=0x0000000f
        8985000	       897	80005d5c	900ae813	ori	x16,x21,-1792	 x21:0x00000000 x16=0xfffff900
        8995000	       898	80005d60	4052d793	srai	x15,x5,0x5	  x5:0xfff69763 x15=0xffffb4bb
        9005000	       899	80005d64	006dc133	xor	x2,x27,x6	 x27:0x0000000f  x6:0x0000763f  x2=0x00007630
        9015000	       900	80005d68	00c51463	bne	x10,x12,80005d70	 x10:0x697c1000 x12:0x80009fc4
        9025000	       901	00000000	00000013	addi	x0,x0,0	  x0:0x00000000
        9035000	       902	80005d6c	00000013	addi	x0,x0,0	  x0:0x00000000
        9045000	       903	80005d70	01704033	xor	x0,x0,x23	  x0:0x00000000 x23:0x00000001
        9055000	       904	80005d74	00000013	addi	x0,x0,0	  x0:0x00000000
        9065000	       905	80005d78	00c46863	bltu	x8,x12,80005d88	  x8:0xffffa1cb x12:0x80009fc4
        9075000	       906	80005d7c	013a1233	sll	x4,x20,x19	 x20:0x0000007c x19:0x0000fee4  x4=0x000007c0
        9085000	       907	80005d80	00000013	addi	x0,x0,0	  x0:0x00000000
        9095000	       908	80005d84	01ce9933	sll	x18,x29,x28	 x29:0x80008912 x28:0x00000004 x18=0x00089120
        9105000	       909	80005d88	fcb2f413	andi	x8,x5,-53	  x5:0xfff69763  x8=0xfff69743
        9115000	       910	80005d8c	419e5e93	srai	x29,x28,0x19	 x28:0x00000004 x29=0x00000000
        9125000	       911	80005d90	40355833	sra	x16,x10,x3	 x10:0x697c1000  x3:0x00000000 x16=0x697c1000
        9135000	       912	80005d94	0493d663	bge	x7,x9,80005de0	  x7:0x00000000  x9:0x00000071
        9145000	       913	80005d98	0282ca63	blt	x5,x8,80005dcc	  x5:0xfff69763  x8:0xfff69743
        9155000	       914	80005d9c	010d4263	blt	x26,x16,80005da0	 x26:0xffffd6d7 x16:0x697c1000
        9165000	       915	00000000	00000013	addi	x0,x0,0	  x0:0x00000000
        9175000	       916	80005d9c	00000013	addi	x0,x0,0	  x0:0x00000000
        9185000	       917	80005da0	016838b3	sltu	x17,x16,x22	 x16:0x697c1000 x22:0x00007637 x17=0x00000000
        9195000	       918	80005da4	070dfa63	bgeu	x27,x16,80005e18	 x27:0x0000000f x16:0x697c1000
        9205000	       919	80005da8	00f4da63	bge	x9,x15,80005dbc	  x9:0x00000071 x15:0xffffb4bb
        9215000	       920	00000000	00000013	addi	x0,x0,0	  x0:0x00000000
        9225000	       921	80005db8	00000013	addi	x0,x0,0	  x0:0x00000000
        9235000	       922	80005dbc	07a5cc63	blt	x11,x26,80005e34	 x11:0x00000001 x26:0xffffd6d7
        9245000	       923	80005dc0	040b5c63	bge	x22,x0,80005e18	 x22:0x00007637  x0:0x00000000
        9255000	       924	00000000	00000013	addi	x0,x0,0	  x0:0x00000000
        9265000	       925	80005e14	00000013	addi	x0,x0,0	  x0:0x00000000
        9275000	       926	80005e18	f647fc93	andi	x25,x15,-156	 x15:0xffffb4bb x25=0xffffb420
        9285000	       927	80005e1c	015c8333	add	x6,x25,x21	 x25:0xffffb420 x21:0x00000000  x6=0xffffb420
        9295000	       928	80005e20	05f84663	blt	x16,x31,80005e6c	 x16:0x697c1000 x31:0x0000001f
        9305000	       929	80005e24	01df5863	bge	x30,x29,80005e34	 x30:0x80009efc x29:0x00000000
        9315000	       930	80005e28	01229ab3	sll	x21,x5,x18	  x5:0xfff69763 x18:0x00089120 x21=0xfff69763
        9325000	       931	80005e2c	4112d933	sra	x18,x5,x17	  x5:0xfff69763 x17:0x00000000 x18=0xfff69763
        9335000	       932	80005e30	00ffdd13	srli	x26,x31,0xf	 x31:0x0000001f x26=0x00000000
        9345000	       933	80005e34	04926063	bltu	x4,x9,80005e74	  x4:0x000007c0  x9:0x00000071
        9355000	       934	80005e38	01f36133	or	x2,x6,x31	  x6:0xffffb420 x31:0x0000001f  x2=0xffffb43f
        9365000	       935	80005e3c	04d06263	bltu	x0,x13,80005e80	  x0:0x00000000 x13:0x00000000
        9375000	       936	80005e40	041be463	bltu	x23,x1,80005e88	 x23:0x00000001  x1:0xfffffd1a
        9385000	       937	00000000	00000013	addi	x0,x0,0	  x0:0x00000000
        9395000	       938	80005e84	00000013	addi	x0,x0,0	  x0:0x00000000
        9405000	       939	80005e88	00000013	addi	x0,x0,0	  x0:0x00000000
        9415000	       940	80005e8c	01291293	slli	x5,x18,0x12	 x18:0xfff69763  x5=0x5d8c0000
        9425000	       941	80005e90	01c9ac33	slt	x24,x19,x28	 x19:0x0000fee4 x28:0x00000004 x24=0x00000000
        9435000	       942	80005e94	aa647717	auipc	x14,0xaa647	 x14=0x2a64ce90
        9445000	       943	80005e98	03950063	beq	x10,x25,80005eb8	 x10:0x697c1000 x25:0xffffb420
        9455000	       944	80005e9c	01a68a33	add	x20,x13,x26	 x13:0x00000000 x26:0x00000000 x20=0x00000000
        9465000	       945	80005ea0	00b4b133	sltu	x2,x9,x11	  x9:0x00000071 x11:0x00000001  x2=0x00000000
        9475000	       946	80005ea4	024a1e63	bne	x20,x4,80005ee0	 x20:0x00000000  x4:0x000007c0
        9485000	       947	00000000	00000013	addi	x0,x0,0	  x0:0x00000000
        9495000	       948	80005edc	00000013	addi	x0,x0,0	  x0:0x00000000
        9505000	       949	80005ee0	53844013	xori	x0,x8,1336	  x8:0xfff69743
        9515000	       950	80005ee4	00000013	addi	x0,x0,0	  x0:0x00000000
        9525000	       951	80005ee8	007d0263	beq	x26,x7,80005eec	 x26:0x00000000  x7:0x00000000
        9535000	       952	00000000	00000013	addi	x0,x0,0	  x0:0x00000000
        9545000	       953	80005ee8	00000013	addi	x0,x0,0	  x0:0x00000000
        9555000	       954	80005eec	017a4b33	xor	x22,x20,x23	 x20:0x00000000 x23:0x00000001 x22=0x00000001
        9565000	       955	80005ef0	00c65e93	srli	x29,x12,0xc	 x12:0x80009fc4 x29=0x00080009
        9575000	       956	80005ef4	00000013	addi	x0,x0,0	  x0:0x00000000
        9585000	       957	80005ef8	05489063	bne	x17,x20,80005f38	 x17:0x00000000 x20:0x00000000
        9595000	       958	80005efc	009306b3	add	x13,x6,x9	  x6:0xffffb420  x9:0x00000071 x13=0xffffb491
        9605000	       959	80005f00	00b2f6b3	and	x13,x5,x11	  x5:0x5d8c0000 x11:0x00000001 x13=0x00000000
        9615000	       960	80005f04	003ed013	srli	x0,x29,0x3	 x29:0x00080009
        9625000	       961	80005f08	01b89c13	slli	x24,x17,0x1b	 x17:0x00000000 x24=0x00000000
        9635000	       962	80005f0c	01a0d993	srli	x19,x1,0x1a	  x1:0xfffffd1a x19=0x0000003f
        9645000	       963	80005f10	01111663	bne	x2,x17,80005f1c	  x2:0x00000000 x17:0x00000000
        9655000	       964	80005f14	01ba9933	sll	x18,x21,x27	 x21:0xfff69763 x27:0x0000000f x18=0x4bb18000
        9665000	       965	80005f18	0095a5b3	slt	x11,x11,x9	 x11:0x00000001  x9:0x00000071 x11=0x00000001
        9675000	       966	80005f1c	007210b3	sll	x1,x4,x7	  x4:0x000007c0  x7:0x00000000  x1=0x000007c0
        9685000	       967	80005f20	0497d663	bge	x15,x9,80005f6c	 x15:0xffffb4bb  x9:0x00000071
        9695000	       968	80005f24	007dd113	srli	x2,x27,0x7	 x27:0x0000000f  x2=0x00000000
        9705000	       969	80005f28	01dff233	and	x4,x31,x29	 x31:0x0000001f x29:0x00080009  x4=0x00000009
        9715000	       970	80005f2c	01e91813	slli	x16,x18,0x1e	 x18:0x4bb18000 x16=0x00000000
        9725000	       971	80005f30	254d7d13	andi	x26,x26,596	 x26:0x00000000 x26=0x00000000
        9735000	       972	80005f34	41b5d5b3	sra	x11,x11,x27	 x11:0x00000001 x27:0x0000000f x11=0x00000000
        9745000	       973	80005f38	805d7993	andi	x19,x26,-2043	 x26:0x00000000 x19=0x00000000
        9755000	       974	80005f3c	0084df93	srli	x31,x9,0x8	  x9:0x00000071 x31=0x00000000
        9765000	       975	80005f40	007b9393	slli	x7,x23,0x7	 x23:0x00000001  x7=0x00000080
        9775000	       976	80005f44	a9550d93	addi	x27,x10,-1387	 x10:0x697c1000 x27=0x697c0a95
        9785000	       977	80005f48	406650b3	sra	x1,x12,x6	 x12:0x80009fc4  x6:0xffffb420  x1=0x80009fc4
        9795000	       978	80005f4c	6afec693	xori	x13,x29,1711	 x29:0x00080009 x13=0x000806a6
        9805000	       979	80005f50	0127d093	srli	x1,x15,0x12	 x15:0xffffb4bb  x1=0x00003fff
        9815000	       980	80005f54	00719933	sll	x18,x3,x7	  x3:0x00000000  x7:0x00000080 x18=0x00000000
        9825000	       981	80005f58	0074de93	srli	x29,x9,0x7	  x9:0x00000071 x29=0x00000000
        9835000	       982	80005f5c	01d97863	bgeu	x18,x29,80005f6c	 x18:0x00000000 x29:0x00000000
        9845000	       983	00000000	00000013	addi	x0,x0,0	  x0:0x00000000
        9855000	       984	80005f68	00000013	addi	x0,x0,0	  x0:0x00000000
        9865000	       985	80005f6c	043d0663	beq	x26,x3,80005fb8	 x26:0x00000000  x3:0x00000000
        9875000	       986	00000000	00000013	addi	x0,x0,0	  x0:0x00000000
        9885000	       987	80005fb4	00000013	addi	x0,x0,0	  x0:0x00000000
        9895000	       988	80005fb8	40635533	sra	x10,x6,x6	  x6:0xffffb420  x6:0xffffb420 x10=0xffffb420
        9905000	       989	80005fbc	0f4dd463	bge	x27,x20,800060a4	 x27:0x697c0a95 x20:0x00000000
        9915000	       990	00000000	00000013	addi	x0,x0,0	  x0:0x00000000
        9925000	       991	800060a0	00000013	addi	x0,x0,0	  x0:0x00000000
        9935000	       992	800060a4	00195013	srli	x0,x18,0x1	 x18:0x00000000
        9945000	       993	800060a8	fd953293	sltiu	x5,x10,-39	 x10:0xffffb420  x5=0x00000001
        9955000	       994	800060ac	0110a7b3	slt	x15,x1,x17	  x1:0x00003fff x17:0x00000000 x15=0x00000000
        9965000	       995	800060b0	ba7cd9b7	lui	x19,0xba7cd	 x19=0xba7cd000
        9975000	       996	800060b4	005b1463	bne	x22,x5,800060bc	 x22:0x00000001  x5:0x00000001
        9985000	       997	800060b8	015139b3	sltu	x19,x2,x21	  x2:0x00000000 x21:0xfff69763 x19=0x00000001
        9995000	       998	800060bc	75973c13	sltiu	x24,x14,1881	 x14:0x2a64ce90 x24=0x00000000
       10005000	       999	800060c0	41bfde93	srai	x29,x31,0x1b	 x31:0x00000000 x29=0x00000000
       10015000	      1000	800060c4	00ef4a33	xor	x20,x30,x14	 x30:0x80009efc x14:0x2a64ce90 x20=0xaa64506c
       10025000	      1001	800060c8	0168feb3	and	x29,x17,x22	 x17:0x00000000 x22:0x00000001 x29=0x00000000
       10035000	      1002	800060cc	52925eb7	lui	x29,0x52925	 x29=0x52925000
       10045000	      1003	800060d0	02bb0263	beq	x22,x11,800060f4	 x22:0x00000001 x11:0x00000000
       10055000	      1004	800060d4	03ced063	bge	x29,x28,800060f4	 x29:0x52925000 x28:0x00000004
       10065000	      1005	00000000	00000013	addi	x0,x0,0	  x0:0x00000000
       10075000	      1006	800060f0	00000013	addi	x0,x0,0	  x0:0x00000000
       10085000	      1007	800060f4	058b4063	blt	x22,x24,80006134	 x22:0x00000001 x24:0x00000000
       10095000	      1008	800060f8	00000013	addi	x0,x0,0	  x0:0x00000000
       10105000	      1009	800060fc	01164933	xor	x18,x12,x17	 x12:0x80009fc4 x17:0x00000000 x18=0x80009fc4
       10115000	      1010	80006100	04d45663	bge	x8,x13,8000614c	  x8:0xfff69743 x13:0x000806a6
       10125000	      1011	80006104	b922d597	auipc	x11,0xb922d	 x11=0x39233100
       10135000	      1012	80006108	416c57b3	sra	x15,x24,x22	 x24:0x00000000 x22:0x00000001 x15=0x00000000
       10145000	      1013	8000610c	006e3933	sltu	x18,x28,x6	 x28:0x00000004  x6:0xffffb420 x18=0x00000001
       10155000	      1014	80006110	00000013	addi	x0,x0,0	  x0:0x00000000
       10165000	      1015	80006114	038d0463	beq	x26,x24,8000613c	 x26:0x00000000 x24:0x00000000
       10175000	      1016	00000000	00000013	addi	x0,x0,0	  x0:0x00000000
       10185000	      1017	80006138	00000013	addi	x0,x0,0	  x0:0x00000000
       10195000	      1018	8000613c	01eb6eb3	or	x29,x22,x30	 x22:0x00000001 x30:0x80009efc x29=0x80009efd
       10205000	      1019	80006140	008cf933	and	x18,x25,x8	 x25:0xffffb420  x8:0xfff69743 x18=0xfff69400
       10215000	      1020	80006144	52610813	addi	x16,x2,1318	  x2:0x00000000 x16=0x00000526
       10225000	      1021	80006148	03db2213	slti	x4,x22,61	 x22:0x00000001  x4=0x00000001
       10235000	      1022	8000614c	0055fe63	bgeu	x11,x5,80006168	 x11:0x39233100  x5:0x00000001
       10245000	      1023	00000000	00000013	addi	x0,x0,0	  x0:0x00000000
       10255000	      1024	80006164	00000013	addi	x0,x0,0	  x0:0x00000000
       10265000	      1025	80006168	0030a4b3	slt	x9,x1,x3	  x1:0x00003fff  x3:0x00000000  x9=0x00000000
       10275000	      1026	8000616c	019549b3	xor	x19,x10,x25	 x10:0xffffb420 x25:0xffffb420 x19=0x00000000
       10285000	      1027	80006170	00c1e7b3	or	x15,x3,x12	  x3:0x00000000 x12:0x80009fc4 x15=0x80009fc4
       10295000	      1028	80006174	39927d37	lui	x26,0x39927	 x26=0x39927000
       10305000	      1029	80006178	01f30263	beq	x6,x31,8000617c	  x6:0xffffb420 x31:0x00000000
       10315000	      1030	8000617c	1f0c4c93	xori	x25,x24,496	 x24:0x00000000 x25=0x000001f0
       10325000	      1031	80006180	03cfd063	bge	x31,x28,800061a0	 x31:0x00000000 x28:0x00000004
       10335000	      1032	80006184	6b874213	xori	x4,x14,1720	 x14:0x2a64ce90  x4=0x2a64c828
       10345000	      1033	80006188	90042313	slti	x6,x8,-1792	  x8:0xfff69743  x6=0x00000001
       10355000	      1034	8000618c	3d091217	auipc	x4,0x3d091	  x4=0xbd097188
       10365000	      1035	80006190	01734233	xor	x4,x6,x23	  x6:0x00000001 x23:0x00000001  x4=0x00000000
       10375000	      1036	80006194	0037a7b3	slt	x15,x15,x3	 x15:0x80009fc4  x3:0x00000000 x15=0x00000001
       10385000	      1037	80006198	7d8b6893	ori	x17,x22,2008	 x22:0x00000001 x17=0x000007d9
       10395000	      1038	8000619c	40f4dd13	srai	x26,x9,0xf	  x9:0x00000000 x26=0x00000000
       10405000	      1039	800061a0	00000013	addi	x0,x0,0	  x0:0x00000000
       10415000	      1040	800061a4	00ef5013	srli	x0,x30,0xe	 x30:0x80009efc
       10425000	      1041	800061a8	01ad88b3	add	x17,x27,x26	 x27:0x697c0a95 x26:0x00000000 x17=0x697c0a95
       10435000	      1042	800061ac	00000013	addi	x0,x0,0	  x0:0x00000000
       10445000	      1043	800061b0	14c84313	xori	x6,x16,332	 x16:0x00000526  x6=0x0000046a
       10455000	      1044	800061b4	d1ce2813	slti	x16,x28,-740	 x28:0x00000004 x16=0x00000000
       10465000	      1045	800061b8	f4ec31b7	lui	x3,0xf4ec3	  x3=0xf4ec3000
       10475000	      1046	800061bc	009d35b3	sltu	x11,x26,x9	 x26:0x00000000  x9:0x00000000 x11=0x00000000
       10485000	      1047	800061c0	00b69b33	sll	x22,x13,x11	 x13:0x000806a6 x11:0x00000000 x22=0x000806a6
       10495000	      1048	800061c4	01cce9b3	or	x19,x25,x28	 x25:0x000001f0 x28:0x00000004 x19=0x000001f4
       10505000	      1049	800061c8	559e8713	addi	x14,x29,1369	 x29:0x80009efd x14=0x8000a456
       10515000	      1050	800061cc	006d1433	sll	x8,x26,x6	 x26:0x00000000  x6:0x0000046a  x8=0x00000000
       10525000	      1051	800061d0	287d8893	addi	x17,x27,647	 x27:0x697c0a95 x17=0x697c0d1c
       10535000	      1052	800061d4	407686b3	sub	x13,x13,x7	 x13:0x000806a6  x7:0x00000080 x13=0x00080626
       10545000	      1053	800061d8	00567733	and	x14,x12,x5	 x12:0x80009fc4  x5:0x00000001 x14=0x00000000
       10555000	      1054	800061dc	cecef8b7	lui	x17,0xcecef	 x17=0xcecef000
       10565000	      1055	800061e0	011998b3	sll	x17,x19,x17	 x19:0x000001f4 x17:0xcecef000 x17=0x000001f4
       10575000	      1056	800061e4	bf7fbf93	sltiu	x31,x31,-1033	 x31:0x00000000 x31=0x00000001
       10585000	      1057	800061e8	01d5ec93	ori	x25,x11,29	 x11:0x00000000 x25=0x0000001d
       10595000	      1058	800061ec	01a5b233	sltu	x4,x11,x26	 x11:0x00000000 x26:0x00000000  x4=0x00000000
       10605000	      1059	800061f0	6fdce4b7	lui	x9,0x6fdce	  x9=0x6fdce000
       10615000	      1060	800061f4	0019d433	srl	x8,x19,x1	 x19:0x000001f4  x1:0x00003fff  x8=0x00000000
       10625000	      1061	800061f8	40de6413	ori	x8,x28,1037	 x28:0x00000004  x8=0x0000040d
       10635000	      1062	800061fc	4be3e437	lui	x8,0x4be3e	  x8=0x4be3e000
       10645000	      1063	80006200	02e61063	bne	x12,x14,80006220	 x12:0x80009fc4 x14:0x00000000
       10655000	      1064	00000000	00000013	addi	x0,x0,0	  x0:0x00000000
       10665000	      1065	8000621c	00000013	addi	x0,x0,0	  x0:0x00000000
       10675000	      1066	80006220	0563e063	bltu	x7,x22,80006260	  x7:0x00000080 x22:0x000806a6
       10685000	      1067	00000000	00000013	addi	x0,x0,0	  x0:0x00000000
       10695000	      1068	8000625c	00000013	addi	x0,x0,0	  x0:0x00000000
       10705000	      1069	80006260	012ffa63	bgeu	x31,x18,80006274	 x31:0x00000001 x18:0xfff69400
       10715000	      1070	80006264	01e4ecb3	or	x25,x9,x30	  x9:0x6fdce000 x30:0x80009efc x25=0xefdcfefc
       10725000	      1071	80006268	d3c24493	xori	x9,x4,-708	  x4:0x00000000  x9=0xfffffd3c
       10735000	      1072	8000626c	01889bb3	sll	x23,x17,x24	 x17:0x000001f4 x24:0x00000000 x23=0x000001f4
       10745000	      1073	80006270	010d5a33	srl	x20,x26,x16	 x26:0x00000000 x16:0x00000000 x20=0x00000000
       10755000	      1074	80006274	7ed43793	sltiu	x15,x8,2029	  x8:0x4be3e000 x15=0x00000000
       10765000	      1075	80006278	a8918197	auipc	x3,0xa8918	  x3=0x2891e274
       10775000	      1076	8000627c	01144233	xor	x4,x8,x17	  x8:0x4be3e000 x17:0x000001f4  x4=0x4be3e1f4
       10785000	      1077	80006280	f3d7cb93	xori	x23,x15,-195	 x15:0x00000000 x23=0xffffff3d
       10795000	      1078	80006284	0050eab3	or	x21,x1,x5	  x1:0x00003fff  x5:0x00000001 x21=0x00003fff
       10805000	      1079	80006288	0368f263	bgeu	x17,x22,800062ac	 x17:0x000001f4 x22:0x000806a6
       10815000	      1080	8000628c	00f4ed33	or	x26,x9,x15	  x9:0xfffffd3c x15:0x00000000 x26=0xfffffd3c
       10825000	      1081	80006290	5bb93093	sltiu	x1,x18,1467	 x18:0xfff69400  x1=0x00000000
       10835000	      1082	80006294	686a4213	xori	x4,x20,1670	 x20:0x00000000  x4=0x00000686
       10845000	      1083	80006298	00932c33	slt	x24,x6,x9	  x6:0x0000046a  x9:0xfffffd3c x24=0x00000000
       10855000	      1084	8000629c	3642ac17	auipc	x24,0x3642a	 x24=0xb6430298
       10865000	      1085	800062a0	22518d93	addi	x27,x3,549	  x3:0x2891e274 x27=0x2891e499
       10875000	      1086	800062a4	04b11463	bne	x2,x11,800062ec	  x2:0x00000000 x11:0x00000000
       10885000	      1087	800062a8	00000013	addi	x0,x0,0	  x0:0x00000000
       10895000	      1088	800062ac	009c6d33	or	x26,x24,x9	 x24:0xb6430298  x9:0xfffffd3c x26=0xffffffbc
       10905000	      1089	800062b0	00000013	addi	x0,x0,0	  x0:0x00000000
       10915000	      1090	800062b4	5f8f6d13	ori	x26,x30,1528	 x30:0x80009efc x26=0x80009ffc
       10925000	      1091	800062b8	c4da3c93	sltiu	x25,x20,-947	 x20:0x00000000 x25=0x00000001
       10935000	      1092	800062bc	00000013	addi	x0,x0,0	  x0:0x00000000
       10945000	      1093	800062c0	a1eb8a13	addi	x20,x23,-1506	 x23:0xffffff3d x20=0xfffff95b
       10955000	      1094	800062c4	0584f063	bgeu	x9,x24,80006304	  x9:0xfffffd3c x24:0xb6430298
       10965000	      1095	00000000	00000013	addi	x0,x0,0	  x0:0x00000000
       10975000	      1096	80006300	00000013	addi	x0,x0,0	  x0:0x00000000
       10985000	      1097	80006304	01705d33	srl	x26,x0,x23	  x0:0x00000000 x23:0xffffff3d x26=0x00000000
       10995000	      1098	80006308	01f545b3	xor	x11,x10,x31	 x10:0xffffb420 x31:0x00000001 x11=0xffffb421
       11005000	      1099	8000630c	00000013	addi	x0,x0,0	  x0:0x00000000
       11015000	      1100	80006310	02050663	beq	x10,x0,8000633c	 x10:0xffffb420  x0:0x00000000
       11025000	      1101	80006314	03bae663	bltu	x21,x27,80006340	 x21:0x00003fff x27:0x2891e499
       11035000	      1102	00000000	00000013	addi	x0,x0,0	  x0:0x00000000
       11045000	      1103	8000633c	00000013	addi	x0,x0,0	  x0:0x00000000
       11055000	      1104	80006340	0143e463	bltu	x7,x20,80006348	  x7:0x00000080 x20:0xfffff95b
       11065000	      1105	00000000	00000013	addi	x0,x0,0	  x0:0x00000000
       11075000	      1106	80006344	00000013	addi	x0,x0,0	  x0:0x00000000
       11085000	      1107	80006348	0285fa63	bgeu	x11,x8,8000637c	 x11:0xffffb421  x8:0x4be3e000
       11095000	      1108	00000000	00000013	addi	x0,x0,0	  x0:0x00000000
       11105000	      1109	80006378	00000013	addi	x0,x0,0	  x0:0x00000000
       11115000	      1110	8000637c	4b51e4b7	lui	x9,0x4b51e	  x9=0x4b51e000
       11125000	      1111	80006380	04e95063	bge	x18,x14,800063c0	 x18:0xfff69400 x14:0x00000000
       11135000	      1112	80006384	1f2d7b93	andi	x23,x26,498	 x26:0x00000000 x23=0x00000000
       11145000	      1113	80006388	010b9533	sll	x10,x23,x16	 x23:0x00000000 x16:0x00000000 x10=0x00000000
       11155000	      1114	8000638c	01f61733	sll	x14,x12,x31	 x12:0x80009fc4 x31:0x00000001 x14=0x00013f88
       11165000	      1115	80006390	00000013	addi	x0,x0,0	  x0:0x00000000
       11175000	      1116	80006394	00000013	addi	x0,x0,0	  x0:0x00000000
       11185000	      1117	80006398	001d0717	auipc	x14,0x1d0	 x14=0x801d6394
       11195000	      1118	8000639c	011242b3	xor	x5,x4,x17	  x4:0x00000686 x17:0x000001f4  x5=0x00000772
       11205000	      1119	800063a0	14193ab7	lui	x21,0x14193	 x21=0x14193000
       11215000	      1120	800063a4	0490f663	bgeu	x1,x9,800063f0	  x1:0x00000000  x9:0x4b51e000
       11225000	      1121	800063a8	0433c663	blt	x7,x3,800063f4	  x7:0x00000080  x3:0x2891e274
       11235000	      1122	00000000	00000013	addi	x0,x0,0	  x0:0x00000000
       11245000	      1123	800063f0	00000013	addi	x0,x0,0	  x0:0x00000000
       11255000	      1124	800063f4	9a116a13	ori	x20,x2,-1631	  x2:0x00000000 x20=0xfffff9a1
       11265000	      1125	800063f8	005bb0b3	sltu	x1,x23,x5	 x23:0x00000000  x5:0x00000772  x1=0x00000001
       11275000	      1126	800063fc	79c0a3b7	lui	x7,0x79c0a	  x7=0x79c0a000
       11285000	      1127	80006400	d8980a13	addi	x20,x16,-631	 x16:0x00000000 x20=0xfffffd89
       11295000	      1128	80006404	4112d393	srai	x7,x5,0x11	  x5:0x00000772  x7=0x00000000
       11305000	      1129	80006408	412085b3	sub	x11,x1,x18	  x1:0x00000001 x18:0xfff69400 x11=0x00096c01
       11315000	      1130	8000640c	0095ed33	or	x26,x11,x9	 x11:0x00096c01  x9:0x4b51e000 x26=0x4b59ec01
       11325000	      1131	80006410	75c0ec93	ori	x25,x1,1884	  x1:0x00000001 x25=0x0000075d
       11335000	      1132	80006414	404fd193	srai	x3,x31,0x4	 x31:0x00000001  x3=0x00000000
       11345000	      1133	80006418	0571e463	bltu	x3,x23,80006460	  x3:0x00000000 x23:0x00000000
       11355000	      1134	8000641c	00fd6a33	or	x20,x26,x15	 x26:0x4b59ec01 x15:0x00000000 x20=0x4b59ec01
       11365000	      1135	80006420	00b70db3	add	x27,x14,x11	 x14:0x801d6394 x11:0x00096c01 x27=0x8026cf95
       11375000	      1136	80006424	01e585b3	add	x11,x11,x30	 x11:0x00096c01 x30:0x80009efc x11=0x800a0afd
       11385000	      1137	80006428	00b86db3	or	x27,x16,x11	 x16:0x00000000 x11:0x800a0afd x27=0x800a0afd
       11395000	      1138	8000642c	01da1b93	slli	x23,x20,0x1d	 x20:0x4b59ec01 x23=0x20000000
       11405000	      1139	80006430	0073f8b3	and	x17,x7,x7	  x7:0x00000000  x7:0x00000000 x17=0x00000000
       11415000	      1140	80006434	4094dc13	srai	x24,x9,0x9	  x9:0x4b51e000 x24=0x0025a8f0
       11425000	      1141	80006438	402b0c33	sub	x24,x22,x2	 x22:0x000806a6  x2:0x00000000 x24=0x000806a6
       11435000	      1142	8000643c	00109c93	slli	x25,x1,0x1	  x1:0x00000001 x25=0x00000002
       11445000	      1143	80006440	018a61b3	or	x3,x20,x24	 x20:0x4b59ec01 x24:0x000806a6  x3=0x4b59eea7
       11455000	      1144	80006444	cfc23517	auipc	x10,0xcfc23	 x10=0x4fc29440
       11465000	      1145	80006448	05615063	bge	x2,x22,80006488	  x2:0x00000000 x22:0x000806a6
       11475000	      1146	8000644c	0183fc33	and	x24,x7,x24	  x7:0x00000000 x24:0x000806a6 x24=0x00000000
       11485000	      1147	80006450	02be5263	bge	x28,x11,80006474	 x28:0x00000004 x11:0x800a0afd
       11495000	      1148	00000000	00000013	addi	x0,x0,0	  x0:0x00000000
       11505000	      1149	80006470	00000013	addi	x0,x0,0	  x0:0x00000000
       11515000	      1150	80006474	6bed6913	ori	x18,x26,1726	 x26:0x4b59ec01 x18=0x4b59eebf
       11525000	      1151	80006478	0012b333	sltu	x6,x5,x1	  x5:0x00000772  x1:0x00000001  x6=0x00000000
       11535000	      1152	8000647c	00eda2b3	slt	x5,x27,x14	 x27:0x800a0afd x14:0x801d6394  x5=0x00000001
       11545000	      1153	80006480	4db22937	lui	x18,0x4db22	 x18=0x4db22000
       11555000	      1154	80006484	04a1f463	bgeu	x3,x10,800064cc	  x3:0x4b59eea7 x10:0x4fc29440
       11565000	      1155	80006488	039e0063	beq	x28,x25,800064a8	 x28:0x00000004 x25:0x00000002
       11575000	      1156	8000648c	00761fb3	sll	x31,x12,x7	 x12:0x80009fc4  x7:0x00000000 x31=0x80009fc4
       11585000	      1157	80006490	003f8db3	add	x27,x31,x3	 x31:0x80009fc4  x3:0x4b59eea7 x27=0xcb5a8e6b
       11595000	      1158	80006494	0158d033	srl	x0,x17,x21	 x17:0x00000000 x21:0x14193000
       11605000	      1159	80006498	d111e697	auipc	x13,0xd111e	 x13=0x51124494
       11615000	      1160	8000649c	022e5a63	bge	x28,x2,800064d0	 x28:0x00000004  x2:0x00000000
       11625000	      1161	00000000	00000013	addi	x0,x0,0	  x0:0x00000000
       11635000	      1162	800064cc	00000013	addi	x0,x0,0	  x0:0x00000000
       11645000	      1163	800064d0	408a5393	srai	x7,x20,0x8	 x20:0x4b59ec01  x7=0x004b59ec
       11655000	      1164	800064d4	000e5a63	bge	x28,x0,800064e8	 x28:0x00000004  x0:0x00000000
       11665000	      1165	00000000	00000013	addi	x0,x0,0	  x0:0x00000000
       11675000	      1166	800064e4	00000013	addi	x0,x0,0	  x0:0x00000000
       11685000	      1167	800064e8	049b0063	beq	x22,x9,80006528	 x22:0x000806a6  x9:0x4b51e000
       11695000	      1168	800064ec	009aea63	bltu	x21,x9,80006500	 x21:0x14193000  x9:0x4b51e000
       11705000	      1169	00000000	00000013	addi	x0,x0,0	  x0:0x00000000
       11715000	      1170	800064fc	00000013	addi	x0,x0,0	  x0:0x00000000
       11725000	      1171	80006500	f7cc4b93	xori	x23,x24,-132	 x24:0x00000000 x23=0xffffff7c
       11735000	      1172	80006504	c73aae93	slti	x29,x21,-909	 x21:0x14193000 x29=0x00000000
       11745000	      1173	80006508	41398a33	sub	x20,x19,x19	 x19:0x000001f4 x19:0x000001f4 x20=0x00000000
       11755000	      1174	8000650c	90b3e797	auipc	x15,0x90b3e	 x15=0x10b44508
       11765000	      1175	80006510	003aa233	slt	x4,x21,x3	 x21:0x14193000  x3:0x4b59eea7  x4=0x00000001
       11775000	      1176	80006514	400008b3	sub	x17,x0,x0	  x0:0x00000000  x0:0x00000000 x17=0x00000000
       11785000	      1177	80006518	edf9c493	xori	x9,x19,-289	 x19:0x000001f4  x9=0xffffff2b
       11795000	      1178	8000651c	00274c33	xor	x24,x14,x2	 x14:0x801d6394  x2:0x00000000 x24=0x801d6394
       11805000	      1179	80006520	00000013	addi	x0,x0,0	  x0:0x00000000
       11815000	      1180	80006524	41818433	sub	x8,x3,x24	  x3:0x4b59eea7 x24:0x801d6394  x8=0xcb3c8b13
       11825000	      1181	80006528	41e8d933	sra	x18,x17,x30	 x17:0x00000000 x30:0x80009efc x18=0x00000000
       11835000	      1182	8000652c	6942e813	ori	x16,x5,1684	  x5:0x00000001 x16=0x00000695
       11845000	      1183	80006530	0043e463	bltu	x7,x4,80006538	  x7:0x004b59ec  x4:0x00000001
       11855000	      1184	80006534	a0db3193	sltiu	x3,x22,-1523	 x22:0x000806a6  x3=0x00000001
       11865000	      1185	80006538	0174ad33	slt	x26,x9,x23	  x9:0xffffff2b x23:0xffffff7c x26=0x00000001
       11875000	      1186	8000653c	410c5593	srai	x11,x24,0x10	 x24:0x801d6394 x11=0xffff801d
       11885000	      1187	80006540	00000013	addi	x0,x0,0	  x0:0x00000000
       11895000	      1188	80006544	41c45333	sra	x6,x8,x28	  x8:0xcb3c8b13 x28:0x00000004  x6=0xfcb3c8b1
       11905000	      1189	80006548	013dc1b3	xor	x3,x27,x19	 x27:0xcb5a8e6b x19:0x000001f4  x3=0xcb5a8f9f
       11915000	      1190	8000654c	00000013	addi	x0,x0,0	  x0:0x00000000
       11925000	      1191	80006550	f8cfdc37	lui	x24,0xf8cfd	 x24=0xf8cfd000
       11935000	      1192	80006554	00000013	addi	x0,x0,0	  x0:0x00000000
       11945000	      1193	80006558	05b3f263	bgeu	x7,x27,8000659c	  x7:0x004b59ec x27:0xcb5a8e6b
       11955000	      1194	8000655c	02568663	beq	x13,x5,80006588	 x13:0x51124494  x5:0x00000001
       11965000	      1195	80006560	e7d76313	ori	x6,x14,-387	 x14:0x801d6394  x6=0xfffffffd
       11975000	      1196	80006564	05c89663	bne	x17,x28,800065b0	 x17:0x00000000 x28:0x00000004
       11985000	      1197	00000000	00000013	addi	x0,x0,0	  x0:0x00000000
       11995000	      1198	800065ac	00000013	addi	x0,x0,0	  x0:0x00000000
       12005000	      1199	800065b0	00d27c63	bgeu	x4,x13,800065c8	  x4:0x00000001 x13:0x51124494
       12015000	      1200	800065b4	014fc2b3	xor	x5,x31,x20	 x31:0x80009fc4 x20:0x00000000  x5=0x80009fc4
       12025000	      1201	800065b8	77e88b93	addi	x23,x17,1918	 x17:0x00000000 x23=0x0000077e
       12035000	      1202	800065bc	04cdc663	blt	x27,x12,80006608	 x27:0xcb5a8e6b x12:0x80009fc4
       12045000	      1203	800065c0	002cc863	blt	x25,x2,800065d0	 x25:0x00000002  x2:0x00000000
       12055000	      1204	800065c4	00e92433	slt	x8,x18,x14	 x18:0x00000000 x14:0x801d6394  x8=0x00000000
       12065000	      1205	800065c8	0038f333	and	x6,x17,x3	 x17:0x00000000  x3:0xcb5a8f9f  x6=0x00000000
       12075000	      1206	800065cc	40c95b33	sra	x22,x18,x12	 x18:0x00000000 x12:0x80009fc4 x22=0x00000000
       12085000	      1207	800065d0	40f0d293	srai	x5,x1,0xf	  x1:0x00000001  x5=0x00000000
       12095000	      1208	800065d4	0d36c493	xori	x9,x13,211	 x13:0x51124494  x9=0x51124447
       12105000	      1209	800065d8	00a8f6b3	and	x13,x17,x10	 x17:0x00000000 x10:0x4fc29440 x13=0x00000000
       12115000	      1210	800065dc	44043c93	sltiu	x25,x8,1088	  x8:0x00000000 x25=0x00000001
       12125000	      1211	800065e0	93bac593	xori	x11,x21,-1733	 x21:0x14193000 x11=0xebe6c93b
       12135000	      1212	800065e4	0272f663	bgeu	x5,x7,80006610	  x5:0x00000000  x7:0x004b59ec
       12145000	      1213	800065e8	03199463	bne	x19,x17,80006610	 x19:0x000001f4 x17:0x00000000
       12155000	      1214	00000000	00000013	addi	x0,x0,0	  x0:0x00000000
       12165000	      1215	8000660c	00000013	addi	x0,x0,0	  x0:0x00000000
       12175000	      1216	80006610	015b8733	add	x14,x23,x21	 x23:0x0000077e x21:0x14193000 x14=0x1419377e
       12185000	      1217	80006614	01a6dc63	bge	x13,x26,8000662c	 x13:0x00000000 x26:0x00000001
       12195000	      1218	80006618	00000013	addi	x0,x0,0	  x0:0x00000000
       12205000	      1219	8000661c	01750263	beq	x10,x23,80006620	 x10:0x4fc29440 x23:0x0000077e
       12215000	      1220	80006620	01499a33	sll	x20,x19,x20	 x19:0x000001f4 x20:0x00000000 x20=0x000001f4
       12225000	      1221	80006624	01428433	add	x8,x5,x20	  x5:0x00000000 x20:0x000001f4  x8=0x000001f4
       12235000	      1222	80006628	00ed81b3	add	x3,x27,x14	 x27:0xcb5a8e6b x14:0x1419377e  x3=0xdf73c5e9
       12245000	      1223	8000662c	17b20b13	addi	x22,x4,379	  x4:0x00000001 x22=0x0000017c
       12255000	      1224	80006630	030afa63	bgeu	x21,x16,80006664	 x21:0x14193000 x16:0x00000695
       12265000	      1225	00000000	00000013	addi	x0,x0,0	  x0:0x00000000
       12275000	      1226	80006660	00000013	addi	x0,x0,0	  x0:0x00000000
       12285000	      1227	80006664	017fedb3	or	x27,x31,x23	 x31:0x80009fc4 x23:0x0000077e x27=0x80009ffe
       12295000	      1228	80006668	01941bb3	sll	x23,x8,x25	  x8:0x000001f4 x25:0x00000001 x23=0x000003e8
       12305000	      1229	8000666c	0181d933	srl	x18,x3,x24	  x3:0xdf73c5e9 x24:0xf8cfd000 x18=0xdf73c5e9
       12315000	      1230	80006670	04788463	beq	x17,x7,800066b8	 x17:0x00000000  x7:0x004b59ec
       12325000	      1231	80006674	17c0a513	slti	x10,x1,380	  x1:0x00000001 x10=0x00000001
       12335000	      1232	80006678	01797933	and	x18,x18,x23	 x18:0xdf73c5e9 x23:0x000003e8 x18=0x000001e8
       12345000	      1233	8000667c	00bad933	srl	x18,x21,x11	 x21:0x14193000 x11:0xebe6c93b x18=0x00000002
       12355000	      1234	80006680	0172e233	or	x4,x5,x23	  x5:0x00000000 x23:0x000003e8  x4=0x000003e8
       12365000	      1235	80006684	00dfb2b3	sltu	x5,x31,x13	 x31:0x80009fc4 x13:0x00000000  x5=0x00000000
       12375000	      1236	80006688	22362c93	slti	x25,x12,547	 x12:0x80009fc4 x25=0x00000001
       12385000	      1237	8000668c	ecbc7d93	andi	x27,x24,-309	 x24:0xf8cfd000 x27=0xf8cfd000
       12395000	      1238	80006690	00f804b3	add	x9,x16,x15	 x16:0x00000695 x15:0x10b44508  x9=0x10b44b9d
       12405000	      1239	80006694	00c2edb3	or	x27,x5,x12	  x5:0x00000000 x12:0x80009fc4 x27=0x80009fc4
       12415000	      1240	80006698	0119a6b3	slt	x13,x19,x17	 x19:0x000001f4 x17:0x00000000 x13=0x00000000
       12425000	      1241	8000669c	032e7e63	bgeu	x28,x18,800066d8	 x28:0x00000004 x18:0x00000002
       12435000	      1242	00000000	00000013	addi	x0,x0,0	  x0:0x00000000
       12445000	      1243	800066d4	00000013	addi	x0,x0,0	  x0:0x00000000
       12455000	      1244	800066d8	411884b3	sub	x9,x17,x17	 x17:0x00000000 x17:0x00000000  x9=0x00000000
       12465000	      1245	800066dc	5f3d0913	addi	x18,x26,1523	 x26:0x00000001 x18=0x000005f4
       12475000	      1246	800066e0	05c8c663	blt	x17,x28,8000672c	 x17:0x00000000 x28:0x00000004
       12485000	      1247	00000000	00000013	addi	x0,x0,0	  x0:0x00000000
       12495000	      1248	80006728	00000013	addi	x0,x0,0	  x0:0x00000000
       12505000	      1249	8000672c	00000013	addi	x0,x0,0	  x0:0x00000000
       12515000	      1250	80006730	00641c33	sll	x24,x8,x6	  x8:0x000001f4  x6:0x00000000 x24=0x000001f4
       12525000	      1251	80006734	00000013	addi	x0,x0,0	  x0:0x00000000
       12535000	      1252	80006738	00200733	add	x14,x0,x2	  x0:0x00000000  x2:0x00000000 x14=0x00000000
       12545000	      1253	8000673c	5e370b13	addi	x22,x14,1507	 x14:0x00000000 x22=0x000005e3
       12555000	      1254	80006740	4038d7b3	sra	x15,x17,x3	 x17:0x00000000  x3:0xdf73c5e9 x15=0x00000000
       12565000	      1255	80006744	01f466b3	or	x13,x8,x31	  x8:0x000001f4 x31:0x80009fc4 x13=0x80009ff4
       12575000	      1256	80006748	758109b7	lui	x19,0x75810	 x19=0x75810000
       12585000	      1257	8000674c	01350b33	add	x22,x10,x19	 x10:0x00000001 x19:0x75810000 x22=0x75810001
       12595000	      1258	80006750	007310b3	sll	x1,x6,x7	  x6:0x00000000  x7:0x004b59ec  x1=0x00000000
       12605000	      1259	80006754	01023bb3	sltu	x23,x4,x16	  x4:0x000003e8 x16:0x00000695 x23=0x00000001
       12615000	      1260	80006758	00c46ab3	or	x21,x8,x12	  x8:0x000001f4 x12:0x80009fc4 x21=0x80009ff4
       12625000	      1261	8000675c	1d56e293	ori	x5,x13,469	 x13:0x80009ff4  x5=0x80009ff5
       12635000	      1262	80006760	b729e513	ori	x10,x19,-1166	 x19:0x75810000 x10=0xfffffb72
       12645000	      1263	80006764	001423b3	slt	x7,x8,x1	  x8:0x000001f4  x1:0x00000000  x7=0x00000000
       12655000	      1264	80006768	404704b3	sub	x9,x14,x4	 x14:0x00000000  x4:0x000003e8  x9=0xfffffc18
       12665000	      1265	8000676c	016ec463	blt	x29,x22,80006774	 x29:0x00000000 x22:0x75810001
       12675000	      1266	00000000	00000013	addi	x0,x0,0	  x0:0x00000000
       12685000	      1267	80006770	00000013	addi	x0,x0,0	  x0:0x00000000
       12695000	      1268	80006774	ef68e093	ori	x1,x17,-266	 x17:0x00000000  x1=0xfffffef6
       12705000	      1269	80006778	004f2303	lw	x6,4(x30)	 x30:0x80009efc  x6=0x800005a0 PA:0x80009f00
       12715000	      1270	00000000	00000013	addi	x0,x0,0	  x0:0x00000000
       12725000	      1271	8000677c	a6b36393	ori	x7,x6,-1429	  x6:0x800005a0  x7=0xffffffeb
       12735000	      1272	80006780	009406b3	add	x13,x8,x9	  x8:0x000001f4  x9:0xfffffc18 x13=0xfffffe0c
       12745000	      1273	80006784	00a895b3	sll	x11,x17,x10	 x17:0x00000000 x10:0xfffffb72 x11=0x00000000
       12755000	      1274	80006788	01a3db93	srli	x23,x7,0x1a	  x7:0xffffffeb x23=0x0000003f
       12765000	      1275	8000678c	b3bb3a93	sltiu	x21,x22,-1221	 x22:0x75810001 x21=0x00000001
       12775000	      1276	80006790	004d38b3	sltu	x17,x26,x4	 x26:0x00000001  x4:0x000003e8 x17=0x00000001
       12785000	      1277	80006794	019244b3	xor	x9,x4,x25	  x4:0x000003e8 x25:0x00000001  x9=0x000003e9
       12795000	      1278	80006798	98720697	auipc	x13,0x98720	 x13=0x18726794
       12805000	      1279	8000679c	f4190e93	addi	x29,x18,-191	 x18:0x000005f4 x29=0x00000535
       12815000	      1280	800067a0	038f0f13	addi	x30,x30,56	 x30:0x80009efc x30=0x80009f34
       12825000	      1281	800067a4	639bca13	xori	x20,x23,1593	 x23:0x0000003f x20=0x00000606
       12835000	      1282	800067a8	00130f93	addi	x31,x6,1	  x6:0x800005a0 x31=0x800005a1
       12845000	      1283	800067ac	000f8fe7	jalr	x31,x31,0	 x31:0x800005a1 x31=0x800067ac
       12855000	      1284	00000000	00000013	addi	x0,x0,0	  x0:0x00000000
       12865000	      1285	800005a0	00000013	addi	x0,x0,0	  x0:0x00000000
       12875000	      1286	800005a4	00acd793	srli	x15,x25,0xa	 x25:0x00000001 x15=0x00000000
       12885000	      1287	800005a8	61d64a17	auipc	x20,0x61d64	 x20=0xe1d645a4
       12895000	      1288	800005ac	01933ab3	sltu	x21,x6,x25	  x6:0x800005a0 x25:0x00000001 x21=0x00000000
       12905000	      1289	800005b0	50722913	slti	x18,x4,1287	  x4:0x000003e8 x18=0x00000001
       12915000	      1290	800005b4	41edd693	srai	x13,x27,0x1e	 x27:0x80009fc4 x13=0xfffffffe
       12925000	      1291	800005b8	01d067b3	or	x15,x0,x29	  x0:0x00000000 x29:0x00000535 x15=0x00000535
       12935000	      1292	800005bc	003a4263	blt	x20,x3,800005c0	 x20:0xe1d645a4  x3:0xdf73c5e9
       12945000	      1293	800005c0	006c5113	srli	x2,x24,0x6	 x24:0x000001f4  x2=0x00000007
       12955000	      1294	800005c4	018db3b3	sltu	x7,x27,x24	 x27:0x80009fc4 x24:0x000001f4  x7=0x00000000
       12965000	      1295	800005c8	00000013	addi	x0,x0,0	  x0:0x00000000
       12975000	      1296	800005cc	00062b33	slt	x22,x12,x0	 x12:0x80009fc4  x0:0x00000000 x22=0x00000001
       12985000	      1297	800005d0	010c8ab3	add	x21,x25,x16	 x25:0x00000001 x16:0x00000695 x21=0x00000696
       12995000	      1298	800005d4	015ad233	srl	x4,x21,x21	 x21:0x00000696 x21:0x00000696  x4=0x00000000
       13005000	      1299	800005d8	4094d093	srai	x1,x9,0x9	  x9:0x000003e9  x1=0x00000001
       13015000	      1300	800005dc	54efc413	xori	x8,x31,1358	 x31:0x800067ac  x8=0x800062e2
       13025000	      1301	800005e0	95c27a13	andi	x20,x4,-1700	  x4:0x00000000 x20=0x00000000
       13035000	      1302	800005e4	f42a0913	addi	x18,x20,-190	 x20:0x00000000 x18=0xffffff42
       13045000	      1303	800005e8	0054de63	bge	x9,x5,80000604	  x9:0x000003e9  x5:0x80009ff5
       13055000	      1304	00000000	00000013	addi	x0,x0,0	  x0:0x00000000
       13065000	      1305	80000600	00000013	addi	x0,x0,0	  x0:0x00000000
       13075000	      1306	80000604	3242fc93	andi	x25,x5,804	  x5:0x80009ff5 x25=0x00000324
       13085000	      1307	80000608	41545db3	sra	x27,x8,x21	  x8:0x800062e2 x21:0x00000696 x27=0xfffffe00
       13095000	      1308	8000060c	41325b93	srai	x23,x4,0x13	  x4:0x00000000 x23=0x00000000
       13105000	      1309	80000610	b834bc93	sltiu	x25,x9,-1149	  x9:0x000003e9 x25=0x00000001
       13115000	      1310	80000614	014ca6b3	slt	x13,x25,x20	 x25:0x00000001 x20:0x00000000 x13=0x00000000
       13125000	      1311	80000618	02b3c463	blt	x7,x11,80000640	  x7:0x00000000 x11:0x00000000
       13135000	      1312	8000061c	00d85333	srl	x6,x16,x13	 x16:0x00000695 x13:0x00000000  x6=0x00000695
       13145000	      1313	80000620	039ce863	bltu	x25,x25,80000650	 x25:0x00000001 x25:0x00000001
       13155000	      1314	80000624	f6934c13	xori	x24,x6,-151	  x6:0x00000695 x24=0xfffff9fc
       13165000	      1315	80000628	0152d413	srli	x8,x5,0x15	  x5:0x80009ff5  x8=0x00000400
       13175000	      1316	8000062c	01f2f333	and	x6,x5,x31	  x5:0x80009ff5 x31:0x800067ac  x6=0x800007a4
       13185000	      1317	80000630	03870063	beq	x14,x24,80000650	 x14:0x00000000 x24:0xfffff9fc
       13195000	      1318	80000634	406e5513	srai	x10,x28,0x6	 x28:0x00000004 x10=0x00000000
       13205000	      1319	80000638	b9d58c13	addi	x24,x11,-1123	 x11:0x00000000 x24=0xfffffb9d
       13215000	      1320	8000063c	c72c3893	sltiu	x17,x24,-910	 x24:0xfffffb9d x17=0x00000001
       13225000	      1321	80000640	40448b33	sub	x22,x9,x4	  x9:0x000003e9  x4:0x00000000 x22=0x000003e9
       13235000	      1322	80000644	e646b713	sltiu	x14,x13,-412	 x13:0x00000000 x14=0x00000001
       13245000	      1323	80000648	01099493	slli	x9,x19,0x10	 x19:0x75810000  x9=0x00000000
       13255000	      1324	8000064c	013b80b3	add	x1,x23,x19	 x23:0x00000000 x19:0x75810000  x1=0x75810000
       13265000	      1325	80000650	41ccdd13	srai	x26,x25,0x1c	 x25:0x00000001 x26=0x00000000
       13275000	      1326	80000654	004f2303	lw	x6,4(x30)	 x30:0x80009f34  x6=0x80001d18 PA:0x80009f38
       13285000	      1327	80000658	00885433	srl	x8,x16,x8	 x16:0x00000695  x8:0x00000400  x8=0x00000695
       13295000	      1328	8000065c	8db82eb7	lui	x29,0x8db82	 x29=0x8db82000
       13305000	      1329	80000660	a50336b7	lui	x13,0xa5033	 x13=0xa5033000
       13315000	      1330	80000664	4152d9b3	sra	x19,x5,x21	  x5:0x80009ff5 x21:0x00000696 x19=0xfffffe00
       13325000	      1331	80000668	01738eb3	add	x29,x7,x23	  x7:0x00000000 x23:0x00000000 x29=0x00000000
       13335000	      1332	8000066c	014f0f13	addi	x30,x30,20	 x30:0x80009f34 x30=0x80009f48
       13345000	      1333	80000670	5b846493	ori	x9,x8,1464	  x8:0x00000695  x9=0x000007bd
       13355000	      1334	80000674	c209c993	xori	x19,x19,-992	 x19:0xfffffe00 x19=0x00000220
       13365000	      1335	80000678	00030e93	addi	x29,x6,0	  x6:0x80001d18 x29=0x80001d18
       13375000	      1336	8000067c	000e8ee7	jalr	x29,x29,0	 x29:0x80001d18 x29=0x8000067c
       13385000	      1337	00000000	00000013	addi	x0,x0,0	  x0:0x00000000
       13395000	      1338	80001d18	00000013	addi	x0,x0,0	  x0:0x00000000
       13405000	      1339	80001d1c	00007117	auipc	x2,0x7	  x2=0x80008d18
       13415000	      1340	80001d20	d7710113	addi	x2,x2,-649	  x2:0x80008d18  x2=0x80008a8f
       13425000	      1341	80001d24	fe314803	lbu	x16,-29(x2)	  x2:0x80008a8f x16=0x0000005e PA:0x80008a72
       13435000	      1342	80001d28	e550eb37	lui	x22,0xe550e	 x22=0xe550e000
       13445000	      1343	80001d2c	0de93297	auipc	x5,0xde93	  x5=0x8de94d28
       13455000	      1344	80001d30	01a10d83	lb	x27,26(x2)	  x2:0x80008a8f x27=0x00000024 PA:0x80008aa9
       13465000	      1345	80001d34	fee14403	lbu	x8,-18(x2)	  x2:0x80008a8f  x8=0x00000035 PA:0x80008a7d
       13475000	      1346	80001d38	02311803	lh	x16,35(x2)	  x2:0x80008a8f x16=0xfffffb94 PA:0x80008ab2
       13485000	      1347	80001d3c	fcb10783	lb	x15,-53(x2)	  x2:0x80008a8f x15=0xffffff98 PA:0x80008a5a
       13495000	      1348	80001d40	01b66933	or	x18,x12,x27	 x12:0x80009fc4 x27:0x00000024 x18=0x80009fe4
       13505000	      1349	80001d44	02f10023	sb	x15,32(x2)	  x2:0x80008a8f x15:0xffffff98 PA:0x80008aaf
       13515000	      1350	80001d48	40be01b3	sub	x3,x28,x11	 x28:0x00000004 x11:0x00000000  x3=0x00000004
       13525000	      1351	80001d4c	02914d03	lbu	x26,41(x2)	  x2:0x80008a8f x26=0x00000021 PA:0x80008ab8
       13535000	      1352	80001d50	ff814183	lbu	x3,-8(x2)	  x2:0x80008a8f  x3=0x00000015 PA:0x80008a87
       13545000	      1353	80001d54	01231193	slli	x3,x6,0x12	  x6:0x80001d18  x3=0x74600000
       13555000	      1354	80001d58	01594cb3	xor	x25,x18,x21	 x18:0x80009fe4 x21:0x00000696 x25=0x80009972
       13565000	      1355	80001d5c	03f11503	lh	x10,63(x2)	  x2:0x80008a8f x10=0xffffd772 PA:0x80008ace
       13575000	      1356	80001d60	0124d793	srli	x15,x9,0x12	  x9:0x000007bd x15=0x00000000
       13585000	      1357	80001d64	26f3b993	sltiu	x19,x7,623	  x7:0x00000000 x19=0x00000001
       13595000	      1358	80001d68	03a14803	lbu	x16,58(x2)	  x2:0x80008a8f x16=0x00000059 PA:0x80008ac9
       13605000	      1359	80001d6c	01aab7b3	sltu	x15,x21,x26	 x21:0x00000696 x26:0x00000021 x15=0x00000000
       13615000	      1360	80001d70	00914003	lbu	x0,9(x2)	  x2:0x80008a8f PA:0x80008a98
       13625000	      1361	80001d74	5ead0513	addi	x10,x26,1514	 x26:0x00000021 x10=0x0000060b
       13635000	      1362	80001d78	01fe53b3	srl	x7,x28,x31	 x28:0x00000004 x31:0x800067ac  x7=0x00000000
       13645000	      1363	80001d7c	02411aa3	sh	x4,53(x2)	  x2:0x80008a8f  x4:0x00000000 PA:0x80008ac4
       13655000	      1364	80001d80	00006117	auipc	x2,0x6	  x2=0x80007d7c
       13665000	      1365	80001d84	34010113	addi	x2,x2,832	  x2:0x80007d7c  x2=0x800080bc
       13675000	      1366	80001d88	41c4d313	srai	x6,x9,0x1c	  x9:0x000007bd  x6=0x00000000
       13685000	      1367	80001d8c	00314c83	lbu	x25,3(x2)	  x2:0x800080bc x25=0x00000014 PA:0x800080bf
       13695000	      1368	80001d90	feb10da3	sb	x11,-5(x2)	  x2:0x800080bc x11:0x00000000 PA:0x800080b7
       13705000	      1369	80001d94	5f85cf93	xori	x31,x11,1528	 x11:0x00000000 x31=0x000005f8
       13715000	      1370	80001d98	ff015503	lhu	x10,-16(x2)	  x2:0x800080bc x10=0x00001728 PA:0x800080ac
       13725000	      1371	80001d9c	0146ddb3	srl	x27,x13,x20	 x13:0xa5033000 x20:0x00000000 x27=0xa5033000
       13735000	      1372	80001da0	01d12023	sw	x29,0(x2)	  x2:0x800080bc x29:0x8000067c PA:0x800080bc
       13745000	      1373	80001da4	01477b33	and	x22,x14,x20	 x14:0x00000001 x20:0x00000000 x22=0x00000000
       13755000	      1374	80001da8	00065d93	srli	x27,x12,0x0	 x12:0x80009fc4 x27=0x80009fc4
       13765000	      1375	80001dac	00314183	lbu	x3,3(x2)	  x2:0x800080bc  x3=0x00000080 PA:0x800080bf
       13775000	      1376	80001db0	00815fb3	srl	x31,x2,x8	  x2:0x800080bc  x8:0x00000035 x31=0x00000400
       13785000	      1377	80001db4	01010703	lb	x14,16(x2)	  x2:0x800080bc x14=0x00000066 PA:0x800080cc
       13795000	      1378	80001db8	335275b7	lui	x11,0x33527	 x11=0x33527000
       13805000	      1379	80001dbc	01014883	lbu	x17,16(x2)	  x2:0x800080bc x17=0x00000066 PA:0x800080cc
       13815000	      1380	80001dc0	00611423	sh	x6,8(x2)	  x2:0x800080bc  x6:0x00000000 PA:0x800080c4
       13825000	      1381	80001dc4	887e3493	sltiu	x9,x28,-1913	 x28:0x00000004  x9=0x00000001
       13835000	      1382	80001dc8	01a11523	sh	x26,10(x2)	  x2:0x800080bc x26:0x00000021 PA:0x800080c6
       13845000	      1383	80001dcc	ff011403	lh	x8,-16(x2)	  x2:0x800080bc  x8=0x00001728 PA:0x800080ac
       13855000	      1384	80001dd0	00914903	lbu	x18,9(x2)	  x2:0x800080bc x18=0x00000000 PA:0x800080c5
       13865000	      1385	80001dd4	0a0bc913	xori	x18,x23,160	 x23:0x00000000 x18=0x000000a0
       13875000	      1386	80001dd8	ff510903	lb	x18,-11(x2)	  x2:0x800080bc x18=0xffffffb2 PA:0x800080b1
       13885000	      1387	80001ddc	40a28ab3	sub	x21,x5,x10	  x5:0x8de94d28 x10:0x00001728 x21=0x8de93600
       13895000	      1388	80001de0	ffc11b03	lh	x22,-4(x2)	  x2:0x800080bc x22=0xffffaae3 PA:0x800080b8
       13905000	      1389	80001de4	f01bc097	auipc	x1,0xf01bc	  x1=0x701bdde0
       13915000	      1390	80001de8	000237b3	sltu	x15,x4,x0	  x4:0x00000000  x0:0x00000000 x15=0x00000000
       13925000	      1391	80001dec	ff614983	lbu	x19,-10(x2)	  x2:0x800080bc x19=0x0000009a PA:0x800080b2
       13935000	      1392	80001df0	394e7593	andi	x11,x28,916	 x28:0x00000004 x11=0x00000004
       13945000	      1393	80001df4	ff414f83	lbu	x31,-12(x2)	  x2:0x800080bc x31=0x0000004d PA:0x800080b0
       13955000	      1394	80001df8	ff910083	lb	x1,-7(x2)	  x2:0x800080bc  x1=0xffffffde PA:0x800080b5
       13965000	      1395	80001dfc	40928bb3	sub	x23,x5,x9	  x5:0x8de94d28  x9:0x00000001 x23=0x8de94d27
       13975000	      1396	80001e00	00a14c03	lbu	x24,10(x2)	  x2:0x800080bc x24=0x00000021 PA:0x800080c6
       13985000	      1397	80001e04	00710e83	lb	x29,7(x2)	  x2:0x800080bc x29=0x00000066 PA:0x800080c3
       13995000	      1398	80001e08	41e45193	srai	x3,x8,0x1e	  x8:0x00001728  x3=0x00000000
       14005000	      1399	80001e0c	00e11283	lh	x5,14(x2)	  x2:0x800080bc  x5=0xffffc932 PA:0x800080ca
       14015000	      1400	80001e10	00714b03	lbu	x22,7(x2)	  x2:0x800080bc x22=0x00000066 PA:0x800080c3
       14025000	      1401	80001e14	ff411e23	sh	x20,-4(x2)	  x2:0x800080bc x20:0x00000000 PA:0x800080b8
       14035000	      1402	80001e18	00b10983	lb	x19,11(x2)	  x2:0x800080bc x19=0x00000000 PA:0x800080c7
       14045000	      1403	80001e1c	ffd14c83	lbu	x25,-3(x2)	  x2:0x800080bc x25=0x00000000 PA:0x800080b9
       14055000	      1404	80001e20	ff714903	lbu	x18,-9(x2)	  x2:0x800080bc x18=0x00000079 PA:0x800080b3
       14065000	      1405	80001e24	ff314b83	lbu	x23,-13(x2)	  x2:0x800080bc x23=0x00000059 PA:0x800080af
       14075000	      1406	80001e28	cbe53a93	sltiu	x21,x10,-834	 x10:0x00001728 x21=0x00000001
       14085000	      1407	80001e2c	fff10503	lb	x10,-1(x2)	  x2:0x800080bc x10=0x0000000f PA:0x800080bb
       14095000	      1408	80001e30	00006817	auipc	x16,0x6	 x16=0x80007e2c
       14105000	      1409	80001e34	35880813	addi	x16,x16,856	 x16:0x80007e2c x16=0x80008184
       14115000	      1410	80001e38	fc580da3	sb	x5,-37(x16)	 x16:0x80008184  x5:0xffffc932 PA:0x8000815f
       14125000	      1411	80001e3c	03a80fa3	sb	x26,63(x16)	 x16:0x80008184 x26:0x00000021 PA:0x800081c3
       14135000	      1412	80001e40	02f80883	lb	x17,47(x16)	 x16:0x80008184 x17=0xffffffea PA:0x800081b3
       14145000	      1413	80001e44	29434393	xori	x7,x6,660	  x6:0x00000000  x7=0x00000294
       14155000	      1414	80001e48	0175c933	xor	x18,x11,x23	 x11:0x00000004 x23:0x00000059 x18=0x0000005d
       14165000	      1415	80001e4c	c9591c17	auipc	x24,0xc9591	 x24=0x49592e48
       14175000	      1416	80001e50	40858233	sub	x4,x11,x8	 x11:0x00000004  x8:0x00001728  x4=0xffffe8dc
       14185000	      1417	80001e54	fef81823	sh	x15,-16(x16)	 x16:0x80008184 x15:0x00000000 PA:0x80008174
       14195000	      1418	80001e58	10ec0e93	addi	x29,x24,270	 x24:0x49592e48 x29=0x49592f56
       14205000	      1419	80001e5c	40515e93	srai	x29,x2,0x5	  x2:0x800080bc x29=0xfc000405
       14215000	      1420	80001e60	00280903	lb	x18,2(x16)	 x16:0x80008184 x18=0x0000004b PA:0x80008186
       14225000	      1421	80001e64	03684103	lbu	x2,54(x16)	 x16:0x80008184  x2=0x00000046 PA:0x800081ba
       14235000	      1422	80001e68	00000013	addi	x0,x0,0	  x0:0x00000000
       14245000	      1423	80001e6c	40aa5d13	srai	x26,x20,0xa	 x20:0x00000000 x26=0x00000000
       14255000	      1424	80001e70	fd480b83	lb	x23,-44(x16)	 x16:0x80008184 x23=0x00000070 PA:0x80008158
       14265000	      1425	80001e74	00284583	lbu	x11,2(x16)	 x16:0x80008184 x11=0x0000004b PA:0x80008186
       14275000	      1426	80001e78	2182a293	slti	x5,x5,536	  x5:0xffffc932  x5=0x00000001
       14285000	      1427	80001e7c	03a81f83	lh	x31,58(x16)	 x16:0x80008184 x31=0x0000092d PA:0x800081be
       14295000	      1428	80001e80	01d80083	lb	x1,29(x16)	 x16:0x80008184  x1=0x0000005e PA:0x800081a1
       14305000	      1429	80001e84	4a7e12b7	lui	x5,0x4a7e1	  x5=0x4a7e1000
       14315000	      1430	80001e88	faa9f013	andi	x0,x19,-86	 x19:0x00000000
       14325000	      1431	80001e8c	01f81323	sh	x31,6(x16)	 x16:0x80008184 x31:0x0000092d PA:0x8000818a
       14335000	      1432	80001e90	00180a83	lb	x21,1(x16)	 x16:0x80008184 x21=0x00000062 PA:0x80008185
       14345000	      1433	00000000	00000013	addi	x0,x0,0	  x0:0x00000000
       14355000	      1434	80001e94	fd584c03	lbu	x24,-43(x16)	 x16:0x80008184 x24=0x00000015 PA:0x80008159
       14365000	      1435	80001e98	fe580d23	sb	x5,-6(x16)	 x16:0x80008184  x5:0x4a7e1000 PA:0x8000817e
       14375000	      1436	80001e9c	fed84183	lbu	x3,-19(x16)	 x16:0x80008184  x3=0x000000ec PA:0x80008171
       14385000	      1437	80001ea0	fcf80aa3	sb	x15,-43(x16)	 x16:0x80008184 x15:0x00000000 PA:0x80008159
       14395000	      1438	80001ea4	01cd65b3	or	x11,x26,x28	 x26:0x00000000 x28:0x00000004 x11=0x00000004
       14405000	      1439	80001ea8	02980323	sb	x9,38(x16)	 x16:0x80008184  x9:0x00000001 PA:0x800081aa
       14415000	      1440	80001eac	017803a3	sb	x23,7(x16)	 x16:0x80008184 x23:0x00000070 PA:0x8000818b
       14425000	      1441	80001eb0	001efdb3	and	x27,x29,x1	 x29:0xfc000405  x1:0x0000005e x27=0x00000004
       14435000	      1442	80001eb4	00d7b0b3	sltu	x1,x15,x13	 x15:0x00000000 x13:0xa5033000  x1=0x00000001
       14445000	      1443	80001eb8	01026eb3	or	x29,x4,x16	  x4:0xffffe8dc x16:0x80008184 x29=0xffffe9dc
       14455000	      1444	80001ebc	00e81723	sh	x14,14(x16)	 x16:0x80008184 x14:0x00000066 PA:0x80008192
       14465000	      1445	80001ec0	00a81323	sh	x10,6(x16)	 x16:0x80008184 x10:0x0000000f PA:0x8000818a
       14475000	      1446	80001ec4	01c80fa3	sb	x28,31(x16)	 x16:0x80008184 x28:0x00000004 PA:0x800081a3
       14485000	      1447	80001ec8	40c48933	sub	x18,x9,x12	  x9:0x00000001 x12:0x80009fc4 x18=0x7fff603d
       14495000	      1448	80001ecc	c65e9c17	auipc	x24,0xc65e9	 x24=0x465eaec8
       14505000	      1449	80001ed0	b81eea93	ori	x21,x29,-1151	 x29:0xffffe9dc x21=0xfffffbdd
       14515000	      1450	80001ed4	02e80583	lb	x11,46(x16)	 x16:0x80008184 x11=0xffffff8b PA:0x800081b2
       14525000	      1451	80001ed8	01749793	slli	x15,x9,0x17	  x9:0x00000001 x15=0x00800000
       14535000	      1452	80001edc	ff8801a3	sb	x24,-29(x16)	 x16:0x80008184 x24:0x465eaec8 PA:0x80008167
       14545000	      1453	80001ee0	02984f83	lbu	x31,41(x16)	 x16:0x80008184 x31=0x000000c2 PA:0x800081ad
       14555000	      1454	80001ee4	00351713	slli	x14,x10,0x3	 x10:0x0000000f x14=0x00000078
       14565000	      1455	80001ee8	02f80383	lb	x7,47(x16)	 x16:0x80008184  x7=0xffffffea PA:0x800081b3
       14575000	      1456	00000000	00000013	addi	x0,x0,0	  x0:0x00000000
       14585000	      1457	80001eec	fc784903	lbu	x18,-57(x16)	 x16:0x80008184 x18=0x00000020 PA:0x8000814b
       14595000	      1458	80001ef0	00006e97	auipc	x29,0x6	 x29=0x80007eec
       14605000	      1459	80001ef4	554e8e93	addi	x29,x29,1364	 x29:0x80007eec x29=0x80008440
       14615000	      1460	80001ef8	fc8e9b83	lh	x23,-56(x29)	 x29:0x80008440 x23=0xffffb0a5 PA:0x80008408
       14625000	      1461	80001efc	0020f533	and	x10,x1,x2	  x1:0x00000001  x2:0x00000046 x10=0x00000000
       14635000	      1462	80001f00	412add33	sra	x26,x21,x18	 x21:0xfffffbdd x18:0x00000020 x26=0xfffffbdd
       14645000	      1463	80001f04	01144033	xor	x0,x8,x17	  x8:0x00001728 x17:0xffffffea
       14655000	      1464	80001f08	000cf233	and	x4,x25,x0	 x25:0x00000000  x0:0x00000000  x4=0x00000000
       14665000	      1465	80001f0c	ff34f737	lui	x14,0xff34f	 x14=0xff34f000
       14675000	      1466	80001f10	02de82a3	sb	x13,37(x29)	 x29:0x80008440 x13:0xa5033000 PA:0x80008465
       14685000	      1467	80001f14	fc0e84a3	sb	x0,-55(x29)	 x29:0x80008440  x0:0x00000000 PA:0x80008409
       14695000	      1468	80001f18	0141a233	slt	x4,x3,x20	  x3:0x000000ec x20:0x00000000  x4=0x00000000
       14705000	      1469	80001f1c	01fb5ab3	srl	x21,x22,x31	 x22:0x00000066 x31:0x000000c2 x21=0x00000019
       14715000	      1470	80001f20	40cfdbb3	sra	x23,x31,x12	 x31:0x000000c2 x12:0x80009fc4 x23=0x0000000c
       14725000	      1471	80001f24	005ec083	lbu	x1,5(x29)	 x29:0x80008440  x1=0x0000005c PA:0x80008445
       14735000	      1472	00000000	00000013	addi	x0,x0,0	  x0:0x00000000
       14745000	      1473	80001f28	fe1e8b03	lb	x22,-31(x29)	 x29:0x80008440 x22=0xfffffff5 PA:0x80008421
       14755000	      1474	80001f2c	fdae8823	sb	x26,-48(x29)	 x29:0x80008440 x26:0xfffffbdd PA:0x80008410
       14765000	      1475	80001f30	fc4e9c03	lh	x24,-60(x29)	 x29:0x80008440 x24=0x00006108 PA:0x80008404
       14775000	      1476	80001f34	ffaed803	lhu	x16,-6(x29)	 x29:0x80008440 x16=0x000017c2 PA:0x8000843a
       14785000	      1477	80001f38	00be8683	lb	x13,11(x29)	 x29:0x80008440 x13=0xffffff94 PA:0x8000844b
       14795000	      1478	80001f3c	024ead03	lw	x26,36(x29)	 x29:0x80008440 x26=0xabc50007 PA:0x80008464
       14805000	      1479	80001f40	fdde8783	lb	x15,-35(x29)	 x29:0x80008440 x15=0xffffffaa PA:0x8000841d
       14815000	      1480	80001f44	010d5b33	srl	x22,x26,x16	 x26:0xabc50007 x16:0x000017c2 x22=0x2af14001
       14825000	      1481	80001f48	035e8003	lb	x0,53(x29)	 x29:0x80008440 PA:0x80008475
       14835000	      1482	80001f4c	feee83a3	sb	x14,-25(x29)	 x29:0x80008440 x14:0xff34f000 PA:0x80008427
       14845000	      1483	80001f50	010ea003	lw	x0,16(x29)	 x29:0x80008440 PA:0x80008450
       14855000	      1484	80001f54	01341733	sll	x14,x8,x19	  x8:0x00001728 x19:0x00000000 x14=0x00001728
       14865000	      1485	80001f58	40aedf93	srai	x31,x29,0xa	 x29:0x80008440 x31=0xffe00021
       14875000	      1486	80001f5c	012ed883	lhu	x17,18(x29)	 x29:0x80008440 x17=0x00001af8 PA:0x80008452
       14885000	      1487	80001f60	ffbe8783	lb	x15,-5(x29)	 x29:0x80008440 x15=0x00000017 PA:0x8000843b
       14895000	      1488	80001f64	ffbe9a23	sh	x27,-12(x29)	 x29:0x80008440 x27:0x00000004 PA:0x80008434
       14905000	      1489	80001f68	007abb33	sltu	x22,x21,x7	 x21:0x00000019  x7:0xffffffea x22=0x00000001
       14915000	      1490	80001f6c	40cd0133	sub	x2,x26,x12	 x26:0xabc50007 x12:0x80009fc4  x2=0x2bc46043
       14925000	      1491	80001f70	fe2e8183	lb	x3,-30(x29)	 x29:0x80008440  x3=0x0000006c PA:0x80008422
       14935000	      1492	80001f74	ad15ea13	ori	x20,x11,-1327	 x11:0xffffff8b x20=0xffffffdb
       14945000	      1493	80001f78	00156d33	or	x26,x10,x1	 x10:0x00000000  x1:0x0000005c x26=0x0000005c
       14955000	      1494	80001f7c	00000013	addi	x0,x0,0	  x0:0x00000000
       14965000	      1495	80001f80	f18d3493	sltiu	x9,x26,-232	 x26:0x0000005c  x9=0x00000001
       14975000	      1496	80001f84	fe8e84a3	sb	x8,-23(x29)	 x29:0x80008440  x8:0x00001728 PA:0x80008429
       14985000	      1497	80001f88	007ec103	lbu	x2,7(x29)	 x29:0x80008440  x2=0x0000000b PA:0x80008447
       14995000	      1498	80001f8c	baafb097	auipc	x1,0xbaafb	  x1=0x3aafcf88
       15005000	      1499	80001f90	01eec103	lbu	x2,30(x29)	 x29:0x80008440  x2=0x0000000d PA:0x8000845e
       15015000	      1500	80001f94	005ec783	lbu	x15,5(x29)	 x29:0x80008440 x15=0x0000005c PA:0x80008445
       15025000	      1501	80001f98	b33ced93	ori	x27,x25,-1229	 x25:0x00000000 x27=0xfffffb33
       15035000	      1502	80001f9c	015e8a03	lb	x20,21(x29)	 x29:0x80008440 x20=0xfffffff1 PA:0x80008455
       15045000	      1503	80001fa0	036e9c23	sh	x22,56(x29)	 x29:0x80008440 x22:0x00000001 PA:0x80008478
       15055000	      1504	80001fa4	00000013	addi	x0,x0,0	  x0:0x00000000
       15065000	      1505	80001fa8	fbf081b7	lui	x3,0xfbf08	  x3=0xfbf08000
       15075000	      1506	80001fac	ff6e8923	sb	x22,-14(x29)	 x29:0x80008440 x22:0x00000001 PA:0x80008432
       15085000	      1507	80001fb0	f37d51b7	lui	x3,0xf37d5	  x3=0xf37d5000
       15095000	      1508	80001fb4	dffcf5b7	lui	x11,0xdffcf	 x11=0xdffcf000
       15105000	      1509	80001fb8	ff3e8923	sb	x19,-14(x29)	 x29:0x80008440 x19:0x00000000 PA:0x80008432
       15115000	      1510	80001fbc	036e9383	lh	x7,54(x29)	 x29:0x80008440  x7=0xffffbc34 PA:0x80008476
       15125000	      1511	80001fc0	00007c17	auipc	x24,0x7	 x24=0x80008fbc
       15135000	      1512	80001fc4	d53c0c13	addi	x24,x24,-685	 x24:0x80008fbc x24=0x80008d0f
       15145000	      1513	80001fc8	288c28a3	sw	x8,657(x24)	 x24:0x80008d0f  x8:0x00001728 PA:0x80008fa0
       15155000	      1514	80001fcc	00b66933	or	x18,x12,x11	 x12:0x80009fc4 x11:0xdffcf000 x18=0xdffcffc4
       15165000	      1515	80001fd0	c32c0303	lb	x6,-974(x24)	 x24:0x80008d0f  x6=0x00000025 PA:0x80008941
       15175000	      1516	80001fd4	015bc133	xor	x2,x23,x21	 x23:0x0000000c x21:0x00000019  x2=0x00000015
       15185000	      1517	80001fd8	ec1c1203	lh	x4,-319(x24)	 x24:0x80008d0f  x4=0x00007653 PA:0x80008bd0
       15195000	      1518	80001fdc	cbbc0da3	sb	x27,-837(x24)	 x24:0x80008d0f x27:0xfffffb33 PA:0x800089ca
       15205000	      1519	80001fe0	d52c4b83	lbu	x23,-686(x24)	 x24:0x80008d0f x23=0x000000eb PA:0x80008a61
       15215000	      1520	80001fe4	015d0b33	add	x22,x26,x21	 x26:0x0000005c x21:0x00000019 x22=0x00000075
       15225000	      1521	80001fe8	181c4703	lbu	x14,385(x24)	 x24:0x80008d0f x14=0x00000051 PA:0x80008e90
       15235000	      1522	80001fec	09cc0203	lb	x4,156(x24)	 x24:0x80008d0f  x4=0xffffff93 PA:0x80008dab
       15245000	      1523	80001ff0	cbcbed93	ori	x27,x23,-836	 x23:0x000000eb x27=0xfffffcff
       15255000	      1524	80001ff4	01721ab3	sll	x21,x4,x23	  x4:0xffffff93 x23:0x000000eb x21=0xfffc9800
       15265000	      1525	80001ff8	eb4c28a3	sw	x20,-335(x24)	 x24:0x80008d0f x20:0xfffffff1 PA:0x80008bc0
       15275000	      1526	80001ffc	cd7c1303	lh	x6,-809(x24)	 x24:0x80008d0f  x6=0xffff81cd PA:0x800089e6
       15285000	      1527	80002000	001fe4b3	or	x9,x31,x1	 x31:0xffe00021  x1:0x3aafcf88  x9=0xffefcfa9
       15295000	      1528	80002004	00000013	addi	x0,x0,0	  x0:0x00000000
       15305000	      1529	80002008	00ae5493	srli	x9,x28,0xa	 x28:0x00000004  x9=0x00000000
       15315000	      1530	8000200c	c19c4283	lbu	x5,-999(x24)	 x24:0x80008d0f  x5=0x000000a2 PA:0x80008928
       15325000	      1531	80002010	0168f0b3	and	x1,x17,x22	 x17:0x00001af8 x22:0x00000075  x1=0x00000070
       15335000	      1532	80002014	bb8c4583	lbu	x11,-1096(x24)	 x24:0x80008d0f x11=0x00000017 PA:0x800088c7
       15345000	      1533	80002018	f60c4803	lbu	x16,-160(x24)	 x24:0x80008d0f x16=0x0000008b PA:0x80008c6f
       15355000	      1534	8000201c	fdbc5883	lhu	x17,-37(x24)	 x24:0x80008d0f x17=0x00002e8a PA:0x80008cea
       15365000	      1535	80002020	b4dc0e23	sb	x13,-1188(x24)	 x24:0x80008d0f x13:0xffffff94 PA:0x8000886b
       15375000	      1536	80002024	0abc5203	lhu	x4,171(x24)	 x24:0x80008d0f  x4=0x00004b3d PA:0x80008dba
       15385000	      1537	80002028	b56c4b03	lbu	x22,-1194(x24)	 x24:0x80008d0f x22=0x00000062 PA:0x80008865
       15395000	      1538	8000202c	1fbc0583	lb	x11,507(x24)	 x24:0x80008d0f x11=0x0000007a PA:0x80008f0a
       15405000	      1539	80002030	2d222013	slti	x0,x4,722	  x4:0x00004b3d
       15415000	      1540	80002034	f83c1103	lh	x2,-125(x24)	 x24:0x80008d0f  x2=0xffffd030 PA:0x80008c92
       15425000	      1541	80002038	6c4a2e93	slti	x29,x20,1732	 x20:0xfffffff1 x29=0x00000001
       15435000	      1542	8000203c	bddc16a3	sh	x29,-1075(x24)	 x24:0x80008d0f x29:0x00000001 PA:0x800088dc
       15445000	      1543	80002040	bd9c4783	lbu	x15,-1063(x24)	 x24:0x80008d0f x15=0x00000080 PA:0x800088e8
       15455000	      1544	80002044	009ada33	srl	x20,x21,x9	 x21:0xfffc9800  x9:0x00000000 x20=0xfffc9800
       15465000	      1545	80002048	9f03f113	andi	x2,x7,-1552	  x7:0xffffbc34  x2=0xffffb830
       15475000	      1546	8000204c	f65c22a3	sw	x5,-155(x24)	 x24:0x80008d0f  x5:0x000000a2 PA:0x80008c74
       15485000	      1547	80002050	00007297	auipc	x5,0x7	  x5=0x8000904c
       15495000	      1548	80002054	eb428293	addi	x5,x5,-332	  x5:0x8000904c  x5=0x80008f00
       15505000	      1549	80002058	015285a3	sb	x21,11(x5)	  x5:0x80008f00 x21:0xfffc9800 PA:0x80008f0b
       15515000	      1550	8000205c	4d90ba13	sltiu	x20,x1,1241	  x1:0x00000070 x20=0x00000001
       15525000	      1551	80002060	00728b83	lb	x23,7(x5)	  x5:0x80008f00 x23=0x0000000f PA:0x80008f07
       15535000	      1552	80002064	ffb28703	lb	x14,-5(x5)	  x5:0x80008f00 x14=0xffffff88 PA:0x80008efb
       15545000	      1553	80002068	00629803	lh	x16,6(x5)	  x5:0x80008f00 x16=0x00000f8f PA:0x80008f06
       15555000	      1554	8000206c	fe928a23	sb	x9,-12(x5)	  x5:0x80008f00  x9:0x00000000 PA:0x80008ef4
       15565000	      1555	80002070	00df53b3	srl	x7,x30,x13	 x30:0x80009f48 x13:0xffffff94  x7=0x00000800
       15575000	      1556	80002074	00000013	addi	x0,x0,0	  x0:0x00000000
       15585000	      1557	80002078	405f5fb3	sra	x31,x30,x5	 x30:0x80009f48  x5:0x80008f00 x31=0x80009f48
       15595000	      1558	8000207c	00f28883	lb	x17,15(x5)	  x5:0x80008f00 x17=0x00000010 PA:0x80008f0f
       15605000	      1559	80002080	b9c2a813	slti	x16,x5,-1124	  x5:0x80008f00 x16=0x00000001
       15615000	      1560	80002084	000ddd13	srli	x26,x27,0x0	 x27:0xfffffcff x26=0xfffffcff
       15625000	      1561	80002088	00d79933	sll	x18,x15,x13	 x15:0x00000080 x13:0xffffff94 x18=0x08000000
       15635000	      1562	8000208c	ff2288a3	sb	x18,-15(x5)	  x5:0x80008f00 x18:0x08000000 PA:0x80008ef1
       15645000	      1563	80002090	00928883	lb	x17,9(x5)	  x5:0x80008f00 x17=0xffffffc7 PA:0x80008f09
       15655000	      1564	80002094	c41c3137	lui	x2,0xc41c3	  x2=0xc41c3000
       15665000	      1565	80002098	a9ec8bb7	lui	x23,0xa9ec8	 x23=0xa9ec8000
       15675000	      1566	8000209c	a3be7c13	andi	x24,x28,-1477	 x28:0x00000004 x24=0x00000000
       15685000	      1567	800020a0	ff12ca03	lbu	x20,-15(x5)	  x5:0x80008f00 x20=0x00000000 PA:0x80008ef1
       15695000	      1568	800020a4	00d29423	sh	x13,8(x5)	  x5:0x80008f00 x13:0xffffff94 PA:0x80008f08
       15705000	      1569	800020a8	007f08b3	add	x17,x30,x7	 x30:0x80009f48  x7:0x00000800 x17=0x8000a748
       15715000	      1570	800020ac	ff52cd03	lbu	x26,-11(x5)	  x5:0x80008f00 x26=0x00000036 PA:0x80008ef5
       15725000	      1571	800020b0	51ea2d93	slti	x27,x20,1310	 x20:0x00000000 x27=0x00000001
       15735000	      1572	800020b4	01db5f93	srli	x31,x22,0x1d	 x22:0x00000062 x31=0x00000000
       15745000	      1573	800020b8	fe529b23	sh	x5,-10(x5)	  x5:0x80008f00  x5:0x80008f00 PA:0x80008ef6
       15755000	      1574	800020bc	ff728583	lb	x11,-9(x5)	  x5:0x80008f00 x11=0xffffff8f PA:0x80008ef7
       15765000	      1575	800020c0	00a75413	srli	x8,x14,0xa	 x14:0xffffff88  x8=0x003fffff
       15775000	      1576	800020c4	00528403	lb	x8,5(x5)	  x5:0x80008f00  x8=0xffffffbb PA:0x80008f05
       15785000	      1577	800020c8	00000013	addi	x0,x0,0	  x0:0x00000000
       15795000	      1578	800020cc	00e29123	sh	x14,2(x5)	  x5:0x80008f00 x14:0xffffff88 PA:0x80008f02
       15805000	      1579	800020d0	a5948e93	addi	x29,x9,-1447	  x9:0x00000000 x29=0xfffffa59
       15815000	      1580	800020d4	019c6133	or	x2,x24,x25	 x24:0x00000000 x25:0x00000000  x2=0x00000000
       15825000	      1581	800020d8	80de6c13	ori	x24,x28,-2035	 x28:0x00000004 x24=0xfffff80d
       15835000	      1582	800020dc	0091fa33	and	x20,x3,x9	  x3:0xf37d5000  x9:0x00000000 x20=0x00000000
       15845000	      1583	800020e0	015be033	or	x0,x23,x21	 x23:0xa9ec8000 x21:0xfffc9800
       15855000	      1584	800020e4	0052cb83	lbu	x23,5(x5)	  x5:0x80008f00 x23=0x000000bb PA:0x80008f05
       15865000	      1585	800020e8	00328383	lb	x7,3(x5)	  x5:0x80008f00  x7=0xffffffff PA:0x80008f03
       15875000	      1586	800020ec	ffd28503	lb	x10,-3(x5)	  x5:0x80008f00 x10=0x00000023 PA:0x80008efd
       15885000	      1587	800020f0	01cff7b3	and	x15,x31,x28	 x31:0x00000000 x28:0x00000004 x15=0x00000000
       15895000	      1588	800020f4	00d28303	lb	x6,13(x5)	  x5:0x80008f00  x6=0xffffff95 PA:0x80008f0d
       15905000	      1589	800020f8	0086f433	and	x8,x13,x8	 x13:0xffffff94  x8:0xffffffbb  x8=0xffffff90
       15915000	      1590	800020fc	ffa2d103	lhu	x2,-6(x5)	  x5:0x80008f00  x2=0x000088f4 PA:0x80008efa
       15925000	      1591	80002100	57c28097	auipc	x1,0x57c28	  x1=0xd7c2a0fc
       15935000	      1592	80002104	6ae62a13	slti	x20,x12,1710	 x12:0x80009fc4 x20=0x00000001
       15945000	      1593	80002108	01a5fcb3	and	x25,x11,x26	 x11:0xffffff8f x26:0x00000036 x25=0x00000006
       15955000	      1594	8000210c	fea28ea3	sb	x10,-3(x5)	  x5:0x80008f00 x10:0x00000023 PA:0x80008efd
       15965000	      1595	80002110	0022a423	sw	x2,8(x5)	  x5:0x80008f00  x2:0x000088f4 PA:0x80008f08
       15975000	      1596	80002114	40aad513	srai	x10,x21,0xa	 x21:0xfffc9800 x10=0xffffff26
       15985000	      1597	80002118	fe729923	sh	x7,-14(x5)	  x5:0x80008f00  x7:0xffffffff PA:0x80008ef2
       15995000	      1598	8000211c	ff029383	lh	x7,-16(x5)	  x5:0x80008f00  x7=0x00000090 PA:0x80008ef0
       16005000	      1599	80002120	00000013	addi	x0,x0,0	  x0:0x00000000
       16015000	      1600	80002124	8dfa4013	xori	x0,x20,-1825	 x20:0x00000001
       16025000	      1601	80002128	00d29123	sh	x13,2(x5)	  x5:0x80008f00 x13:0xffffff94 PA:0x80008f02
       16035000	      1602	8000212c	5698c913	xori	x18,x17,1385	 x17:0x8000a748 x18=0x8000a221
       16045000	      1603	80002130	0017f863	bgeu	x15,x1,80002140	 x15:0x00000000  x1:0xd7c2a0fc
       16055000	      1604	80002134	00c9a6b3	slt	x13,x19,x12	 x19:0x00000000 x12:0x80009fc4 x13=0x00000000
       16065000	      1605	80002138	4017d293	srai	x5,x15,0x1	 x15:0x00000000  x5=0x00000000
       16075000	      1606	8000213c	60f16093	ori	x1,x2,1551	  x2:0x000088f4  x1=0x00008eff
       16085000	      1607	80002140	0007c4b3	xor	x9,x15,x0	 x15:0x00000000  x0:0x00000000  x9=0x00000000
       16095000	      1608	80002144	01db5b33	srl	x22,x22,x29	 x22:0x00000062 x29:0xfffffa59 x22=0x00000000
       16105000	      1609	80002148	00dc1863	bne	x24,x13,80002158	 x24:0xfffff80d x13:0x00000000
       16115000	      1610	00000000	00000013	addi	x0,x0,0	  x0:0x00000000
       16125000	      1611	80002154	00000013	addi	x0,x0,0	  x0:0x00000000
       16135000	      1612	80002158	49bef993	andi	x19,x29,1179	 x29:0xfffffa59 x19=0x00000019
       16145000	      1613	8000215c	012f9c93	slli	x25,x31,0x12	 x31:0x00000000 x25=0x00000000
       16155000	      1614	80002160	019d40b3	xor	x1,x26,x25	 x26:0x00000036 x25:0x00000000  x1=0x00000036
       16165000	      1615	80002164	001d9fb3	sll	x31,x27,x1	 x27:0x00000001  x1:0x00000036 x31=0x00400000
       16175000	      1616	80002168	01285c13	srli	x24,x16,0x12	 x16:0x00000001 x24=0x00000000
       16185000	      1617	8000216c	01db0e63	beq	x22,x29,80002188	 x22:0x00000000 x29:0xfffffa59
       16195000	      1618	80002170	41bf0b33	sub	x22,x30,x27	 x30:0x80009f48 x27:0x00000001 x22=0x80009f47
       16205000	      1619	80002174	ba3e2693	slti	x13,x28,-1117	 x28:0x00000004 x13=0x00000000
       16215000	      1620	80002178	01d94863	blt	x18,x29,80002188	 x18:0x8000a221 x29:0xfffffa59
       16225000	      1621	00000000	00000013	addi	x0,x0,0	  x0:0x00000000
       16235000	      1622	80002184	00000013	addi	x0,x0,0	  x0:0x00000000
       16245000	      1623	80002188	93dc7c93	andi	x25,x24,-1731	 x24:0x00000000 x25=0x00000000
       16255000	      1624	8000218c	00a14bb3	xor	x23,x2,x10	  x2:0x000088f4 x10:0xffffff26 x23=0xffff77d2
       16265000	      1625	80002190	414903b3	sub	x7,x18,x20	 x18:0x8000a221 x20:0x00000001  x7=0x8000a220
       16275000	      1626	80002194	01edec33	or	x24,x27,x30	 x27:0x00000001 x30:0x80009f48 x24=0x80009f49
       16285000	      1627	80002198	00a428b3	slt	x17,x8,x10	  x8:0xffffff90 x10:0xffffff26 x17=0x00000000
       16295000	      1628	8000219c	17b3a937	lui	x18,0x17b3a	 x18=0x17b3a000
       16305000	      1629	800021a0	00000013	addi	x0,x0,0	  x0:0x00000000
       16315000	      1630	800021a4	001c0eb3	add	x29,x24,x1	 x24:0x80009f49  x1:0x00000036 x29=0x80009f7f
       16325000	      1631	800021a8	24b68d13	addi	x26,x13,587	 x13:0x00000000 x26=0x0000024b
       16335000	      1632	800021ac	95d0a9b7	lui	x19,0x95d0a	 x19=0x95d0a000
       16345000	      1633	800021b0	01d17a63	bgeu	x2,x29,800021c4	  x2:0x000088f4 x29:0x80009f7f
       16355000	      1634	800021b4	00d1a3b3	slt	x7,x3,x13	  x3:0xf37d5000 x13:0x00000000  x7=0x00000001
       16365000	      1635	800021b8	012f4a63	blt	x30,x18,800021cc	 x30:0x80009f48 x18:0x17b3a000
       16375000	      1636	00000000	00000013	addi	x0,x0,0	  x0:0x00000000
       16385000	      1637	800021c8	00000013	addi	x0,x0,0	  x0:0x00000000
       16395000	      1638	800021cc	01987a33	and	x20,x16,x25	 x16:0x00000001 x25:0x00000000 x20=0x00000000
       16405000	      1639	800021d0	7b2ebb93	sltiu	x23,x29,1970	 x29:0x80009f7f x23=0x00000000
       16415000	      1640	800021d4	ce487093	andi	x1,x16,-796	 x16:0x00000001  x1=0x00000000
       16425000	      1641	800021d8	016f62b3	or	x5,x30,x22	 x30:0x80009f48 x22:0x80009f47  x5=0x80009f4f
       16435000	      1642	800021dc	02379a63	bne	x15,x3,80002210	 x15:0x00000000  x3:0xf37d5000
       16445000	      1643	00000000	00000013	addi	x0,x0,0	  x0:0x00000000
       16455000	      1644	8000220c	00000013	addi	x0,x0,0	  x0:0x00000000
       16465000	      1645	80002210	014642b3	xor	x5,x12,x20	 x12:0x80009fc4 x20:0x00000000  x5=0x80009fc4
       16475000	      1646	80002214	9a78b693	sltiu	x13,x17,-1625	 x17:0x00000000 x13=0x00000001
       16485000	      1647	80002218	0006a333	slt	x6,x13,x0	 x13:0x00000001  x0:0x00000000  x6=0x00000000
       16495000	      1648	8000221c	01080e63	beq	x16,x16,80002238	 x16:0x00000001 x16:0x00000001
       16505000	      1649	00000000	00000013	addi	x0,x0,0	  x0:0x00000000
       16515000	      1650	80002234	00000013	addi	x0,x0,0	  x0:0x00000000
       16525000	      1651	80002238	c8e0eb37	lui	x22,0xc8e0e	 x22=0xc8e0e000
       16535000	      1652	8000223c	017bbab3	sltu	x21,x23,x23	 x23:0x00000000 x23:0x00000000 x21=0x00000000
       16545000	      1653	80002240	0016b433	sltu	x8,x13,x1	 x13:0x00000001  x1:0x00000000  x8=0x00000000
       16555000	      1654	80002244	100e0793	addi	x15,x28,256	 x28:0x00000004 x15=0x00000104
       16565000	      1655	80002248	01796db3	or	x27,x18,x23	 x18:0x17b3a000 x23:0x00000000 x27=0x17b3a000
       16575000	      1656	8000224c	8ffdfa13	andi	x20,x27,-1793	 x27:0x17b3a000 x20=0x17b3a000
       16585000	      1657	80002250	b410bd13	sltiu	x26,x1,-1215	  x1:0x00000000 x26=0x00000001
       16595000	      1658	80002254	0450c263	blt	x1,x5,80002298	  x1:0x00000000  x5:0x80009fc4
       16605000	      1659	80002258	026a4263	blt	x20,x6,8000227c	 x20:0x17b3a000  x6:0x00000000
       16615000	      1660	8000225c	41e15433	sra	x8,x2,x30	  x2:0x000088f4 x30:0x80009f48  x8=0x00000088
       16625000	      1661	80002260	01d51893	slli	x17,x10,0x1d	 x10:0xffffff26 x17=0xc0000000
       16635000	      1662	80002264	038f8663	beq	x31,x24,80002290	 x31:0x00400000 x24:0x80009f49
       16645000	      1663	80002268	01477a63	bgeu	x14,x20,8000227c	 x14:0xffffff88 x20:0x17b3a000
       16655000	      1664	00000000	00000013	addi	x0,x0,0	  x0:0x00000000
       16665000	      1665	80002278	00000013	addi	x0,x0,0	  x0:0x00000000
       16675000	      1666	8000227c	01828333	add	x6,x5,x24	  x5:0x80009fc4 x24:0x80009f49  x6=0x00013f0d
       16685000	      1667	80002280	00e2fa63	bgeu	x5,x14,80002294	  x5:0x80009fc4 x14:0xffffff88
       16695000	      1668	80002284	8dbb1837	lui	x16,0x8dbb1	 x16=0x8dbb1000
       16705000	      1669	80002288	01d51233	sll	x4,x10,x29	 x10:0xffffff26 x29:0x80009f7f  x4=0x00000000
       16715000	      1670	8000228c	010bd913	srli	x18,x23,0x10	 x23:0x00000000 x18=0x00000000
       16725000	      1671	80002290	05587663	bgeu	x16,x21,800022dc	 x16:0x8dbb1000 x21:0x00000000
       16735000	      1672	00000000	00000013	addi	x0,x0,0	  x0:0x00000000
       16745000	      1673	800022d8	00000013	addi	x0,x0,0	  x0:0x00000000
       16755000	      1674	800022dc	042bc463	blt	x23,x2,80002324	 x23:0x00000000  x2:0x000088f4
       16765000	      1675	00000000	00000013	addi	x0,x0,0	  x0:0x00000000
       16775000	      1676	80002320	00000013	addi	x0,x0,0	  x0:0x00000000
       16785000	      1677	80002324	00b5b7b3	sltu	x15,x11,x11	 x11:0xffffff8f x11:0xffffff8f x15=0x00000000
       16795000	      1678	80002328	8dd38393	addi	x7,x7,-1827	  x7:0x00000001  x7=0xfffff8de
       16805000	      1679	8000232c	01e47db3	and	x27,x8,x30	  x8:0x00000088 x30:0x80009f48 x27=0x00000008
       16815000	      1680	80002330	abf53a93	sltiu	x21,x10,-1345	 x10:0xffffff26 x21=0x00000000
       16825000	      1681	80002334	40c85eb3	sra	x29,x16,x12	 x16:0x8dbb1000 x12:0x80009fc4 x29=0xf8dbb100
       16835000	      1682	80002338	0572f663	bgeu	x5,x23,80002384	  x5:0x80009fc4 x23:0x00000000
       16845000	      1683	00000000	00000013	addi	x0,x0,0	  x0:0x00000000
       16855000	      1684	80002380	00000013	addi	x0,x0,0	  x0:0x00000000
       16865000	      1685	80002384	01f59a33	sll	x20,x11,x31	 x11:0xffffff8f x31:0x00400000 x20=0xffffff8f
       16875000	      1686	80002388	007b3533	sltu	x10,x22,x7	 x22:0xc8e0e000  x7:0xfffff8de x10=0x00000001
       16885000	      1687	8000238c	cc3b0713	addi	x14,x22,-829	 x22:0xc8e0e000 x14=0xc8e0dcc3
       16895000	      1688	80002390	413204b3	sub	x9,x4,x19	  x4:0x00000000 x19:0x95d0a000  x9=0x6a2f6000
       16905000	      1689	80002394	ce105f97	auipc	x31,0xce105	 x31=0x4e107390
       16915000	      1690	80002398	c41e4213	xori	x4,x28,-959	 x28:0x00000004  x4=0xfffffc45
       16925000	      1691	8000239c	415bd1b3	sra	x3,x23,x21	 x23:0x00000000 x21:0x00000000  x3=0x00000000
       16935000	      1692	800023a0	013ae4b3	or	x9,x21,x19	 x21:0x00000000 x19:0x95d0a000  x9=0x95d0a000
       16945000	      1693	800023a4	01d02bb3	slt	x23,x0,x29	  x0:0x00000000 x29:0xf8dbb100 x23=0x00000000
       16955000	      1694	800023a8	03627e63	bgeu	x4,x22,800023e4	  x4:0xfffffc45 x22:0xc8e0e000
       16965000	      1695	00000000	00000013	addi	x0,x0,0	  x0:0x00000000
       16975000	      1696	800023e0	00000013	addi	x0,x0,0	  x0:0x00000000
       16985000	      1697	800023e4	03ff8463	beq	x31,x31,8000240c	 x31:0x4e107390 x31:0x4e107390
       16995000	      1698	00000000	00000013	addi	x0,x0,0	  x0:0x00000000
       17005000	      1699	80002408	00000013	addi	x0,x0,0	  x0:0x00000000
       17015000	      1700	8000240c	400f0533	sub	x10,x30,x0	 x30:0x80009f48  x0:0x00000000 x10=0x80009f48
       17025000	      1701	80002410	003abeb3	sltu	x29,x21,x3	 x21:0x00000000  x3:0x00000000 x29=0x00000000
       17035000	      1702	80002414	00d3ab33	slt	x22,x7,x13	  x7:0xfffff8de x13:0x00000001 x22=0x00000001
       17045000	      1703	80002418	0294c263	blt	x9,x9,8000243c	  x9:0x95d0a000  x9:0x95d0a000
       17055000	      1704	8000241c	00000013	addi	x0,x0,0	  x0:0x00000000
       17065000	      1705	80002420	003e0a63	beq	x28,x3,80002434	 x28:0x00000004  x3:0x00000000
       17075000	      1706	80002424	009c50b3	srl	x1,x24,x9	 x24:0x80009f49  x9:0x95d0a000  x1=0x80009f49
       17085000	      1707	80002428	40e75993	srai	x19,x14,0xe	 x14:0xc8e0dcc3 x19=0xffff2383
       17095000	      1708	8000242c	bff40693	addi	x13,x8,-1025	  x8:0x00000088 x13=0xfffffc87
       17105000	      1709	80002430	7b878693	addi	x13,x15,1976	 x15:0x00000000 x13=0x000007b8
       17115000	      1710	80002434	046817b7	lui	x15,0x4681	 x15=0x04681000
       17125000	      1711	80002438	01dffc33	and	x24,x31,x29	 x31:0x4e107390 x29:0x00000000 x24=0x00000000
       17135000	      1712	8000243c	01b416b3	sll	x13,x8,x27	  x8:0x00000088 x27:0x00000008 x13=0x00008800
       17145000	      1713	80002440	011df3b3	and	x7,x27,x17	 x27:0x00000008 x17:0xc0000000  x7=0x00000000
       17155000	      1714	80002444	8414cc97	auipc	x25,0x8414c	 x25=0x0414e440
       17165000	      1715	80002448	40728433	sub	x8,x5,x7	  x5:0x80009fc4  x7:0x00000000  x8=0x80009fc4
       17175000	      1716	8000244c	01040db3	add	x27,x8,x16	  x8:0x80009fc4 x16:0x8dbb1000 x27=0x0dbbafc4
       17185000	      1717	80002450	4011deb3	sra	x29,x3,x1	  x3:0x00000000  x1:0x80009f49 x29=0x00000000
       17195000	      1718	80002454	021cc093	xori	x1,x25,33	 x25:0x0414e440  x1=0x0414e461
       17205000	      1719	80002458	9a0a2917	auipc	x18,0x9a0a2	 x18=0x1a0a4454
       17215000	      1720	8000245c	03840663	beq	x8,x24,80002488	  x8:0x80009fc4 x24:0x00000000
       17225000	      1721	80002460	40ad0ab3	sub	x21,x26,x10	 x26:0x00000001 x10:0x80009f48 x21=0x7fff60b9
       17235000	      1722	80002464	88233913	sltiu	x18,x6,-1918	  x6:0x00013f0d x18=0x00000001
       17245000	      1723	80002468	66b24f93	xori	x31,x4,1643	  x4:0xfffffc45 x31=0xfffffa2e
       17255000	      1724	8000246c	00000013	addi	x0,x0,0	  x0:0x00000000
       17265000	      1725	80002470	052dc463	blt	x27,x18,800024b8	 x27:0x0dbbafc4 x18:0x00000001
       17275000	      1726	80002474	009f1bb3	sll	x23,x30,x9	 x30:0x80009f48  x9:0x95d0a000 x23=0x80009f48
       17285000	      1727	80002478	f90c8997	auipc	x19,0xf90c8	 x19=0x790ca474
       17295000	      1728	8000247c	3a87ac13	slti	x24,x15,936	 x15:0x04681000 x24=0x00000000
       17305000	      1729	80002480	e1c2f813	andi	x16,x5,-484	  x5:0x80009fc4 x16=0x80009e04
       17315000	      1730	80002484	06c2bc37	lui	x24,0x6c2b	 x24=0x06c2b000
       17325000	      1731	80002488	01f68cb3	add	x25,x13,x31	 x13:0x00008800 x31:0xfffffa2e x25=0x0000822e
       17335000	      1732	8000248c	0548e663	bltu	x17,x20,800024d8	 x17:0xc0000000 x20:0xffffff8f
       17345000	      1733	00000000	00000013	addi	x0,x0,0	  x0:0x00000000
       17355000	      1734	800024d4	00000013	addi	x0,x0,0	  x0:0x00000000
       17365000	      1735	800024d8	01168db3	add	x27,x13,x17	 x13:0x00008800 x17:0xc0000000 x27=0xc0008800
       17375000	      1736	800024dc	00000013	addi	x0,x0,0	  x0:0x00000000
       17385000	      1737	800024e0	000ef4b3	and	x9,x29,x0	 x29:0x00000000  x0:0x00000000  x9=0x00000000
       17395000	      1738	800024e4	04efd463	bge	x31,x14,8000252c	 x31:0xfffffa2e x14:0xc8e0dcc3
       17405000	      1739	00000000	00000013	addi	x0,x0,0	  x0:0x00000000
       17415000	      1740	80002528	00000013	addi	x0,x0,0	  x0:0x00000000
       17425000	      1741	8000252c	e5abe993	ori	x19,x23,-422	 x23:0x80009f48 x19=0xffffff5a
       17435000	      1742	80002530	0045c863	blt	x11,x4,80002540	 x11:0xffffff8f  x4:0xfffffc45
       17445000	      1743	80002534	019ad193	srli	x3,x21,0x19	 x21:0x7fff60b9  x3=0x0000003f
       17455000	      1744	80002538	006e7e63	bgeu	x28,x6,80002554	 x28:0x00000004  x6:0x00013f0d
       17465000	      1745	8000253c	01924263	blt	x4,x25,80002540	  x4:0xfffffc45 x25:0x0000822e
       17475000	      1746	00000000	00000013	addi	x0,x0,0	  x0:0x00000000
       17485000	      1747	8000253c	00000013	addi	x0,x0,0	  x0:0x00000000
       17495000	      1748	80002540	01636833	or	x16,x6,x22	  x6:0x00013f0d x22:0x00000001 x16=0x00013f0d
       17505000	      1749	80002544	1ae4b697	auipc	x13,0x1ae4b	 x13=0x9ae4d540
       17515000	      1750	80002548	022f4a63	blt	x30,x2,8000257c	 x30:0x80009f48  x2:0x000088f4
       17525000	      1751	00000000	00000013	addi	x0,x0,0	  x0:0x00000000
       17535000	      1752	80002578	00000013	addi	x0,x0,0	  x0:0x00000000
       17545000	      1753	8000257c	011afeb3	and	x29,x21,x17	 x21:0x7fff60b9 x17:0xc0000000 x29=0x40000000
       17555000	      1754	80002580	012590b3	sll	x1,x11,x18	 x11:0xffffff8f x18:0x00000001  x1=0xffffff1e
       17565000	      1755	80002584	1ce92f93	slti	x31,x18,462	 x18:0x00000001 x31=0x00000001
       17575000	      1756	80002588	01d34133	xor	x2,x6,x29	  x6:0x00013f0d x29:0x40000000  x2=0x40013f0d
       17585000	      1757	8000258c	f3fbec13	ori	x24,x23,-193	 x23:0x80009f48 x24=0xffffff7f
       17595000	      1758	80002590	48acba93	sltiu	x21,x25,1162	 x25:0x0000822e x21=0x00000000
       17605000	      1759	80002594	4cf07313	andi	x6,x0,1231	  x0:0x00000000  x6=0x00000000
       17615000	      1760	80002598	410507b3	sub	x15,x10,x16	 x10:0x80009f48 x16:0x00013f0d x15=0x7fff603b
       17625000	      1761	8000259c	52013313	sltiu	x6,x2,1312	  x2:0x40013f0d  x6=0x00000000
       17635000	      1762	800025a0	4d97fe93	andi	x29,x15,1241	 x15:0x7fff603b x29=0x00000019
       17645000	      1763	800025a4	0978e693	ori	x13,x17,151	 x17:0xc0000000 x13=0xc0000097
       17655000	      1764	800025a8	00000013	addi	x0,x0,0	  x0:0x00000000
       17665000	      1765	800025ac	01c08863	beq	x1,x28,800025bc	  x1:0xffffff1e x28:0x00000004
       17675000	      1766	800025b0	002ab4b3	sltu	x9,x21,x2	 x21:0x00000000  x2:0x40013f0d  x9=0x00000001
       17685000	      1767	800025b4	46d2ac93	slti	x25,x5,1133	  x5:0x80009fc4 x25=0x00000001
       17695000	      1768	800025b8	013fc6b3	xor	x13,x31,x19	 x31:0x00000001 x19:0xffffff5a x13=0xffffff5b
       17705000	      1769	800025bc	b4b7b793	sltiu	x15,x15,-1205	 x15:0x7fff603b x15=0x00000001
       17715000	      1770	800025c0	0601e313	ori	x6,x3,96	  x3:0x0000003f  x6=0x0000007f
       17725000	      1771	800025c4	00000013	addi	x0,x0,0	  x0:0x00000000
       17735000	      1772	800025c8	01bebd33	sltu	x26,x29,x27	 x29:0x00000019 x27:0xc0008800 x26=0x00000001
       17745000	      1773	800025cc	41a8d433	sra	x8,x17,x26	 x17:0xc0000000 x26:0x00000001  x8=0xe0000000
       17755000	      1774	800025d0	4197d213	srai	x4,x15,0x19	 x15:0x00000001  x4=0x00000000
       17765000	      1775	800025d4	00a31493	slli	x9,x6,0xa	  x6:0x0000007f  x9=0x0001fc00
       17775000	      1776	800025d8	7d0f8093	addi	x1,x31,2000	 x31:0x00000001  x1=0x000007d1
       17785000	      1777	800025dc	00f09a13	slli	x20,x1,0xf	  x1:0x000007d1 x20=0x03e88000
       17795000	      1778	800025e0	03678863	beq	x15,x22,80002610	 x15:0x00000001 x22:0x00000001
       17805000	      1779	00000000	00000013	addi	x0,x0,0	  x0:0x00000000
       17815000	      1780	8000260c	00000013	addi	x0,x0,0	  x0:0x00000000
       17825000	      1781	80002610	00985113	srli	x2,x16,0x9	 x16:0x00013f0d  x2=0x0000009f
       17835000	      1782	80002614	01e89b33	sll	x22,x17,x30	 x17:0xc0000000 x30:0x80009f48 x22=0x00000000
       17845000	      1783	80002618	04648413	addi	x8,x9,70	  x9:0x0001fc00  x8=0x0001fc46
       17855000	      1784	8000261c	b5decf93	xori	x31,x29,-1187	 x29:0x00000019 x31=0xfffffb44
       17865000	      1785	80002620	416f5893	srai	x17,x30,0x16	 x30:0x80009f48 x17=0xfffffe00
       17875000	      1786	80002624	40ead0b3	sra	x1,x21,x14	 x21:0x00000000 x14:0xc8e0dcc3  x1=0x00000000
       17885000	      1787	80002628	01ace2b3	or	x5,x25,x26	 x25:0x00000001 x26:0x00000001  x5=0x00000001
       17895000	      1788	8000262c	41f207b3	sub	x15,x4,x31	  x4:0x00000000 x31:0xfffffb44 x15=0x000004bc
       17905000	      1789	80002630	49545217	auipc	x4,0x49545	  x4=0xc954762c
       17915000	      1790	80002634	16e74993	xori	x19,x14,366	 x14:0xc8e0dcc3 x19=0xc8e0ddad
       17925000	      1791	80002638	14c0f013	andi	x0,x1,332	  x1:0x00000000
       17935000	      1792	8000263c	60230793	addi	x15,x6,1538	  x6:0x0000007f x15=0x00000681
       17945000	      1793	80002640	01a102b3	add	x5,x2,x26	  x2:0x0000009f x26:0x00000001  x5=0x000000a0
       17955000	      1794	80002644	bbc2f013	andi	x0,x5,-1092	  x5:0x000000a0
       17965000	      1795	80002648	00af1a13	slli	x20,x30,0xa	 x30:0x80009f48 x20=0x027d2000
       17975000	      1796	8000264c	b526e293	ori	x5,x13,-1198	 x13:0xffffff5b  x5=0xffffff5b
       17985000	      1797	80002650	01a95db3	srl	x27,x18,x26	 x18:0x00000001 x26:0x00000001 x27=0x00000000
       17995000	      1798	80002654	01203433	sltu	x8,x0,x18	  x0:0x00000000 x18:0x00000001  x8=0x00000001
       18005000	      1799	80002658	00125433	srl	x8,x4,x1	  x4:0xc954762c  x1:0x00000000  x8=0xc954762c
       18015000	      1800	8000265c	01a44c63	blt	x8,x26,80002674	  x8:0xc954762c x26:0x00000001
       18025000	      1801	00000000	00000013	addi	x0,x0,0	  x0:0x00000000
       18035000	      1802	80002670	00000013	addi	x0,x0,0	  x0:0x00000000
       18045000	      1803	80002674	97754a13	xori	x20,x10,-1673	 x10:0x80009f48 x20=0x7fff663f
       18055000	      1804	80002678	01adeb33	or	x22,x27,x26	 x27:0x00000000 x26:0x00000001 x22=0x00000001
       18065000	      1805	8000267c	401783b3	sub	x7,x15,x1	 x15:0x00000681  x1:0x00000000  x7=0x00000681
       18075000	      1806	80002680	b5d4c513	xori	x10,x9,-1187	  x9:0x0001fc00 x10=0xfffe075d
       18085000	      1807	80002684	015707b3	add	x15,x14,x21	 x14:0xc8e0dcc3 x21:0x00000000 x15=0xc8e0dcc3
       18095000	      1808	80002688	72a42a13	slti	x20,x8,1834	  x8:0xc954762c x20=0x00000001
       18105000	      1809	8000268c	da827413	andi	x8,x4,-600	  x4:0xc954762c  x8=0xc9547428
       18115000	      1810	80002690	006f41b3	xor	x3,x30,x6	 x30:0x80009f48  x6:0x0000007f  x3=0x80009f37
       18125000	      1811	80002694	41fd0a33	sub	x20,x26,x31	 x26:0x00000001 x31:0xfffffb44 x20=0x000004bd
       18135000	      1812	80002698	75890193	addi	x3,x18,1880	 x18:0x00000001  x3=0x00000759
       18145000	      1813	8000269c	0524c663	blt	x9,x18,800026e8	  x9:0x0001fc00 x18:0x00000001
       18155000	      1814	800026a0	01ef3d33	sltu	x26,x30,x30	 x30:0x80009f48 x30:0x80009f48 x26=0x00000000
       18165000	      1815	800026a4	000377b3	and	x15,x6,x0	  x6:0x0000007f  x0:0x00000000 x15=0x00000000
       18175000	      1816	800026a8	26ee2837	lui	x16,0x26ee2	 x16=0x26ee2000
       18185000	      1817	800026ac	00ece733	or	x14,x25,x14	 x25:0x00000001 x14:0xc8e0dcc3 x14=0xc8e0dcc3
       18195000	      1818	800026b0	00299e63	bne	x19,x2,800026cc	 x19:0xc8e0ddad  x2:0x0000009f
       18205000	      1819	00000000	00000013	addi	x0,x0,0	  x0:0x00000000
       18215000	      1820	800026c8	00000013	addi	x0,x0,0	  x0:0x00000000
       18225000	      1821	800026cc	122f6413	ori	x8,x30,290	 x30:0x80009f48  x8=0x80009f6a
       18235000	      1822	800026d0	410e5233	sra	x4,x28,x16	 x28:0x00000004 x16:0x26ee2000  x4=0x00000004
       18245000	      1823	800026d4	4041d393	srai	x7,x3,0x4	  x3:0x00000759  x7=0x00000075
       18255000	      1824	800026d8	16962317	auipc	x6,0x16962	  x6=0x969646d4
       18265000	      1825	800026dc	01f1ea63	bltu	x3,x31,800026f0	  x3:0x00000759 x31:0xfffffb44
       18275000	      1826	00000000	00000013	addi	x0,x0,0	  x0:0x00000000
       18285000	      1827	800026ec	00000013	addi	x0,x0,0	  x0:0x00000000
       18295000	      1828	800026f0	ad26f013	andi	x0,x13,-1326	 x13:0xffffff5b
       18305000	      1829	800026f4	00655413	srli	x8,x10,0x6	 x10:0xfffe075d  x8=0x03fff81d
       18315000	      1830	800026f8	41ded9b3	sra	x19,x29,x29	 x29:0x00000019 x29:0x00000019 x19=0x00000000
       18325000	      1831	800026fc	01cb7c33	and	x24,x22,x28	 x22:0x00000001 x28:0x00000004 x24=0x00000000
       18335000	      1832	80002700	807e7b13	andi	x22,x28,-2041	 x28:0x00000004 x22=0x00000004
       18345000	      1833	80002704	41285a33	sra	x20,x16,x18	 x16:0x26ee2000 x18:0x00000001 x20=0x13771000
       18355000	      1834	80002708	01fb10b3	sll	x1,x22,x31	 x22:0x00000004 x31:0xfffffb44  x1=0x00000040
       18365000	      1835	8000270c	414a5993	srai	x19,x20,0x14	 x20:0x13771000 x19=0x00000137
       18375000	      1836	80002710	01e70333	add	x6,x14,x30	 x14:0xc8e0dcc3 x30:0x80009f48  x6=0x48e17c0b
       18385000	      1837	80002714	21ebcab7	lui	x21,0x21ebc	 x21=0x21ebc000
       18395000	      1838	80002718	f691cb93	xori	x23,x3,-151	  x3:0x00000759 x23=0xfffff830
       18405000	      1839	8000271c	00b82833	slt	x16,x16,x11	 x16:0x26ee2000 x11:0xffffff8f x16=0x00000000
       18415000	      1840	80002720	04914663	blt	x2,x9,8000276c	  x2:0x0000009f  x9:0x0001fc00
       18425000	      1841	00000000	00000013	addi	x0,x0,0	  x0:0x00000000
       18435000	      1842	80002768	00000013	addi	x0,x0,0	  x0:0x00000000
       18445000	      1843	8000276c	01505993	srli	x19,x0,0x15	  x0:0x00000000 x19=0x00000000
       18455000	      1844	80002770	00f98d33	add	x26,x19,x15	 x19:0x00000000 x15:0x00000000 x26=0x00000000
       18465000	      1845	80002774	013eb6b3	sltu	x13,x29,x19	 x29:0x00000019 x19:0x00000000 x13=0x00000000
       18475000	      1846	80002778	9c0e3013	sltiu	x0,x28,-1600	 x28:0x00000004
       18485000	      1847	8000277c	0b420f93	addi	x31,x4,180	  x4:0x00000004 x31=0x000000b8
       18495000	      1848	80002780	401dd533	sra	x10,x27,x1	 x27:0x00000000  x1:0x00000040 x10=0x00000000
       18505000	      1849	80002784	00175663	bge	x14,x1,80002790	 x14:0xc8e0dcc3  x1:0x00000040
       18515000	      1850	80002788	3594ba93	sltiu	x21,x9,857	  x9:0x0001fc00 x21=0x00000000
       18525000	      1851	8000278c	0061a1b3	slt	x3,x3,x6	  x3:0x00000759  x6:0x48e17c0b  x3=0x00000001
       18535000	      1852	80002790	0379c263	blt	x19,x23,800027b4	 x19:0x00000000 x23:0xfffff830
       18545000	      1853	80002794	010ce863	bltu	x25,x16,800027a4	 x25:0x00000001 x16:0x00000000
       18555000	      1854	80002798	41155533	sra	x10,x10,x17	 x10:0x00000000 x17:0xfffffe00 x10=0x00000000
       18565000	      1855	8000279c	00eaf5b3	and	x11,x21,x14	 x21:0x00000000 x14:0xc8e0dcc3 x11=0x00000000
       18575000	      1856	800027a0	deec0413	addi	x8,x24,-530	 x24:0x00000000  x8=0xfffffdee
       18585000	      1857	800027a4	018289b3	add	x19,x5,x24	  x5:0xffffff5b x24:0x00000000 x19=0xffffff5b
       18595000	      1858	800027a8	11cd8d93	addi	x27,x27,284	 x27:0x00000000 x27=0x0000011c
       18605000	      1859	800027ac	025a4e63	blt	x20,x5,800027e8	 x20:0x13771000  x5:0xffffff5b
       18615000	      1860	800027b0	01198263	beq	x19,x17,800027b4	 x19:0xffffff5b x17:0xfffffe00
       18625000	      1861	800027b4	013f0a33	add	x20,x30,x19	 x30:0x80009f48 x19:0xffffff5b x20=0x80009ea3
       18635000	      1862	800027b8	72cbb993	sltiu	x19,x23,1836	 x23:0xfffff830 x19=0x00000000
       18645000	      1863	800027bc	01900a63	beq	x0,x25,800027d0	  x0:0x00000000 x25:0x00000001
       18655000	      1864	800027c0	00000013	addi	x0,x0,0	  x0:0x00000000
       18665000	      1865	800027c4	01f95e63	bge	x18,x31,800027e0	 x18:0x00000001 x31:0x000000b8
       18675000	      1866	800027c8	416b5db3	sra	x27,x22,x22	 x22:0x00000004 x22:0x00000004 x27=0x00000000
       18685000	      1867	800027cc	01ac79b3	and	x19,x24,x26	 x24:0x00000000 x26:0x00000000 x19=0x00000000
       18695000	      1868	800027d0	01a33433	sltu	x8,x6,x26	  x6:0x48e17c0b x26:0x00000000  x8=0x00000000
       18705000	      1869	800027d4	05d67463	bgeu	x12,x29,8000281c	 x12:0x80009fc4 x29:0x00000019
       18715000	      1870	00000000	00000013	addi	x0,x0,0	  x0:0x00000000
       18725000	      1871	80002818	00000013	addi	x0,x0,0	  x0:0x00000000
       18735000	      1872	8000281c	28843493	sltiu	x9,x8,648	  x8:0x00000000  x9=0x00000001
       18745000	      1873	80002820	0184fa63	bgeu	x9,x24,80002834	  x9:0x00000001 x24:0x00000000
       18755000	      1874	00000000	00000013	addi	x0,x0,0	  x0:0x00000000
       18765000	      1875	80002830	00000013	addi	x0,x0,0	  x0:0x00000000
       18775000	      1876	80002834	00b45893	srli	x17,x8,0xb	  x8:0x00000000 x17=0x00000000
       18785000	      1877	80002838	404fd593	srai	x11,x31,0x4	 x31:0x000000b8 x11=0x0000000b
       18795000	      1878	8000283c	3525e293	ori	x5,x11,850	 x11:0x0000000b  x5=0x0000035b
       18805000	      1879	80002840	64a80c17	auipc	x24,0x64a80	 x24=0xe4a8283c
       18815000	      1880	80002844	13af9317	auipc	x6,0x13af9	  x6=0x93afb840
       18825000	      1881	80002848	9af3c713	xori	x14,x7,-1617	  x7:0x00000075 x14=0xfffff9da
       18835000	      1882	8000284c	43187993	andi	x19,x16,1073	 x16:0x00000000 x19=0x00000000
       18845000	      1883	80002850	01188833	add	x16,x17,x17	 x17:0x00000000 x17:0x00000000 x16=0x00000000
       18855000	      1884	80002854	00401b13	slli	x22,x0,0x4	  x0:0x00000000 x22=0x00000000
       18865000	      1885	80002858	012ec3b3	xor	x7,x29,x18	 x29:0x00000019 x18:0x00000001  x7=0x00000018
       18875000	      1886	8000285c	00cd5a63	bge	x26,x12,80002870	 x26:0x00000000 x12:0x80009fc4
       18885000	      1887	00000000	00000013	addi	x0,x0,0	  x0:0x00000000
       18895000	      1888	8000286c	00000013	addi	x0,x0,0	  x0:0x00000000
       18905000	      1889	80002870	00455133	srl	x2,x10,x4	 x10:0x00000000  x4:0x00000004  x2=0x00000000
       18915000	      1890	80002874	41c3dd93	srai	x27,x7,0x1c	  x7:0x00000018 x27=0x00000000
       18925000	      1891	80002878	0132c0b3	xor	x1,x5,x19	  x5:0x0000035b x19:0x00000000  x1=0x0000035b
       18935000	      1892	8000287c	00df5133	srl	x2,x30,x13	 x30:0x80009f48 x13:0x00000000  x2=0x80009f48
       18945000	      1893	80002880	0145dc63	bge	x11,x20,80002898	 x11:0x0000000b x20:0x80009ea3
       18955000	      1894	00000000	00000013	addi	x0,x0,0	  x0:0x00000000
       18965000	      1895	80002894	00000013	addi	x0,x0,0	  x0:0x00000000
       18975000	      1896	80002898	11efa213	slti	x4,x31,286	 x31:0x000000b8  x4=0x00000001
       18985000	      1897	8000289c	00095993	srli	x19,x18,0x0	 x18:0x00000001 x19=0x00000001
       18995000	      1898	800028a0	41ab54b3	sra	x9,x22,x26	 x22:0x00000000 x26:0x00000000  x9=0x00000000
       19005000	      1899	800028a4	0151c1b3	xor	x3,x3,x21	  x3:0x00000001 x21:0x00000000  x3=0x00000001
       19015000	      1900	800028a8	00341c93	slli	x25,x8,0x3	  x8:0x00000000 x25=0x00000000
       19025000	      1901	800028ac	f16a9ab7	lui	x21,0xf16a9	 x21=0xf16a9000
       19035000	      1902	800028b0	01be2c33	slt	x24,x28,x27	 x28:0x00000004 x27:0x00000000 x24=0x00000000
       19045000	      1903	800028b4	00b78d33	add	x26,x15,x11	 x15:0x00000000 x11:0x0000000b x26=0x0000000b
       19055000	      1904	800028b8	41d15db3	sra	x27,x2,x29	  x2:0x80009f48 x29:0x00000019 x27=0xffffffc0
       19065000	      1905	800028bc	0079d8b3	srl	x17,x19,x7	 x19:0x00000001  x7:0x00000018 x17=0x00000000
       19075000	      1906	800028c0	01c1d113	srli	x2,x3,0x1c	  x3:0x00000001  x2=0x00000000
       19085000	      1907	800028c4	4121d1b3	sra	x3,x3,x18	  x3:0x00000001 x18:0x00000001  x3=0x00000000
       19095000	      1908	800028c8	010904b3	add	x9,x18,x16	 x18:0x00000001 x16:0x00000000  x9=0x00000001
       19105000	      1909	800028cc	0053d293	srli	x5,x7,0x5	  x7:0x00000018  x5=0x00000000
       19115000	      1910	800028d0	01ecfa63	bgeu	x25,x30,800028e4	 x25:0x00000000 x30:0x80009f48
       19125000	      1911	800028d4	7d788693	addi	x13,x17,2007	 x17:0x00000000 x13=0x000007d7
       19135000	      1912	800028d8	41b40a33	sub	x20,x8,x27	  x8:0x00000000 x27:0xffffffc0 x20=0x00000040
       19145000	      1913	800028dc	03eac663	blt	x21,x30,80002908	 x21:0xf16a9000 x30:0x80009f48
       19155000	      1914	800028e0	4104dd13	srai	x26,x9,0x10	  x9:0x00000001 x26=0x00000000
       19165000	      1915	800028e4	017d4433	xor	x8,x26,x23	 x26:0x00000000 x23:0xfffff830  x8=0xfffff830
       19175000	      1916	800028e8	00043d33	sltu	x26,x8,x0	  x8:0xfffff830  x0:0x00000000 x26=0x00000000
       19185000	      1917	800028ec	40c45333	sra	x6,x8,x12	  x8:0xfffff830 x12:0x80009fc4  x6=0xffffff83
       19195000	      1918	800028f0	04d49263	bne	x9,x13,80002934	  x9:0x00000001 x13:0x000007d7
       19205000	      1919	00000000	00000013	addi	x0,x0,0	  x0:0x00000000
       19215000	      1920	80002930	00000013	addi	x0,x0,0	  x0:0x00000000
       19225000	      1921	80002934	6c9dbd93	sltiu	x27,x27,1737	 x27:0xffffffc0 x27=0x00000000
       19235000	      1922	80002938	5c313193	sltiu	x3,x2,1475	  x2:0x00000000  x3=0x00000001
       19245000	      1923	8000293c	cc4b2213	slti	x4,x22,-828	 x22:0x00000000  x4=0x00000000
       19255000	      1924	80002940	51994813	xori	x16,x18,1305	 x18:0x00000001 x16=0x00000518
       19265000	      1925	80002944	02815663	bge	x2,x8,80002970	  x2:0x00000000  x8:0xfffff830
       19275000	      1926	00000000	00000013	addi	x0,x0,0	  x0:0x00000000
       19285000	      1927	8000296c	00000013	addi	x0,x0,0	  x0:0x00000000
       19295000	      1928	80002970	2150da37	lui	x20,0x2150d	 x20=0x2150d000
       19305000	      1929	80002974	01358a63	beq	x11,x19,80002988	 x11:0x0000000b x19:0x00000001
       19315000	      1930	80002978	4114d033	sra	x0,x9,x17	  x9:0x00000001 x17:0x00000000
       19325000	      1931	8000297c	8dc0b397	auipc	x7,0x8dc0b	  x7=0x0dc0d978
       19335000	      1932	80002980	4008d433	sra	x8,x17,x0	 x17:0x00000000  x0:0x00000000  x8=0x00000000
       19345000	      1933	80002984	01f55fb3	srl	x31,x10,x31	 x10:0x00000000 x31:0x000000b8 x31=0x00000000
       19355000	      1934	80002988	01050c63	beq	x10,x16,800029a0	 x10:0x00000000 x16:0x00000518
       19365000	      1935	8000298c	0198ab33	slt	x22,x17,x25	 x17:0x00000000 x25:0x00000000 x22=0x00000000
       19375000	      1936	80002990	00301433	sll	x8,x0,x3	  x0:0x00000000  x3:0x00000001  x8=0x00000000
       19385000	      1937	80002994	012a6db3	or	x27,x20,x18	 x20:0x2150d000 x18:0x00000001 x27=0x2150d001
       19395000	      1938	80002998	006a83b3	add	x7,x21,x6	 x21:0xf16a9000  x6:0xffffff83  x7=0xf16a8f83
       19405000	      1939	8000299c	008e1313	slli	x6,x28,0x8	 x28:0x00000004  x6=0x00000400
       19415000	      1940	800029a0	05cac663	blt	x21,x28,800029ec	 x21:0xf16a9000 x28:0x00000004
       19425000	      1941	00000000	00000013	addi	x0,x0,0	  x0:0x00000000
       19435000	      1942	800029e8	00000013	addi	x0,x0,0	  x0:0x00000000
       19445000	      1943	800029ec	019009b3	add	x19,x0,x25	  x0:0x00000000 x25:0x00000000 x19=0x00000000
       19455000	      1944	800029f0	e929f993	andi	x19,x19,-366	 x19:0x00000000 x19=0x00000000
       19465000	      1945	800029f4	bc068f93	addi	x31,x13,-1088	 x13:0x000007d7 x31=0x00000397
       19475000	      1946	800029f8	01603a33	sltu	x20,x0,x22	  x0:0x00000000 x22:0x00000000 x20=0x00000000
       19485000	      1947	800029fc	01f63c33	sltu	x24,x12,x31	 x12:0x80009fc4 x31:0x00000397 x24=0x00000000
       19495000	      1948	80002a00	4b41f113	andi	x2,x3,1204	  x3:0x00000001  x2=0x00000000
       19505000	      1949	80002a04	3a578693	addi	x13,x15,933	 x15:0x00000000 x13=0x000003a5
       19515000	      1950	80002a08	015165b3	or	x11,x2,x21	  x2:0x00000000 x21:0xf16a9000 x11=0xf16a9000
       19525000	      1951	80002a0c	00000013	addi	x0,x0,0	  x0:0x00000000
       19535000	      1952	80002a10	0066a5b3	slt	x11,x13,x6	 x13:0x000003a5  x6:0x00000400 x11=0x00000001
       19545000	      1953	80002a14	01065863	bge	x12,x16,80002a24	 x12:0x80009fc4 x16:0x00000518
       19555000	      1954	80002a18	00b6e663	bltu	x13,x11,80002a24	 x13:0x000003a5 x11:0x00000001
       19565000	      1955	80002a1c	016a31b3	sltu	x3,x20,x22	 x20:0x00000000 x22:0x00000000  x3=0x00000000
       19575000	      1956	80002a20	10384c63	blt	x16,x3,80002b38	 x16:0x00000518  x3:0x00000000
       19585000	      1957	80002a24	00905cb3	srl	x25,x0,x9	  x0:0x00000000  x9:0x00000001 x25=0x00000000
       19595000	      1958	80002a28	41395133	sra	x2,x18,x19	 x18:0x00000001 x19:0x00000000  x2=0x00000001
       19605000	      1959	80002a2c	a2244a37	lui	x20,0xa2244	 x20=0xa2244000
       19615000	      1960	80002a30	ea6cc793	xori	x15,x25,-346	 x25:0x00000000 x15=0xfffffea6
       19625000	      1961	80002a34	0e0cf463	bgeu	x25,x0,80002b1c	 x25:0x00000000  x0:0x00000000
       19635000	      1962	00000000	00000013	addi	x0,x0,0	  x0:0x00000000
       19645000	      1963	80002b18	00000013	addi	x0,x0,0	  x0:0x00000000
       19655000	      1964	80002b1c	015dd593	srli	x11,x27,0x15	 x27:0x2150d001 x11=0x0000010a
       19665000	      1965	80002b20	00c8b933	sltu	x18,x17,x12	 x17:0x00000000 x12:0x80009fc4 x18=0x00000001
       19675000	      1966	80002b24	004bda63	bge	x23,x4,80002b38	 x23:0xfffff830  x4:0x00000000
       19685000	      1967	80002b28	91fd5097	auipc	x1,0x91fd5	  x1=0x11fd7b24
       19695000	      1968	80002b2c	87109137	lui	x2,0x87109	  x2=0x87109000
       19705000	      1969	80002b30	0057aab3	slt	x21,x15,x5	 x15:0xfffffea6  x5:0x00000000 x21=0x00000001
       19715000	      1970	80002b34	01d94863	blt	x18,x29,80002b44	 x18:0x00000001 x29:0x00000019
       19725000	      1971	00000000	00000013	addi	x0,x0,0	  x0:0x00000000
       19735000	      1972	80002b40	00000013	addi	x0,x0,0	  x0:0x00000000
       19745000	      1973	80002b44	6fbeb4b7	lui	x9,0x6fbeb	  x9=0x6fbeb000
       19755000	      1974	80002b48	0089c733	xor	x14,x19,x8	 x19:0x00000000  x8:0x00000000 x14=0x00000000
       19765000	      1975	80002b4c	01ba37b3	sltu	x15,x20,x27	 x20:0xa2244000 x27:0x2150d001 x15=0x00000000
       19775000	      1976	80002b50	41cb04b3	sub	x9,x22,x28	 x22:0x00000000 x28:0x00000004  x9=0xfffffffc
       19785000	      1977	80002b54	0106eb33	or	x22,x13,x16	 x13:0x000003a5 x16:0x00000518 x22=0x000007bd
       19795000	      1978	80002b58	03c91a63	bne	x18,x28,80002b8c	 x18:0x00000001 x28:0x00000004
       19805000	      1979	00000000	00000013	addi	x0,x0,0	  x0:0x00000000
       19815000	      1980	80002b88	00000013	addi	x0,x0,0	  x0:0x00000000
       19825000	      1981	80002b8c	0133cd33	xor	x26,x7,x19	  x7:0xf16a8f83 x19:0x00000000 x26=0xf16a8f83
       19835000	      1982	80002b90	4035d833	sra	x16,x11,x3	 x11:0x0000010a  x3:0x00000000 x16=0x0000010a
       19845000	      1983	80002b94	40c15b33	sra	x22,x2,x12	  x2:0x87109000 x12:0x80009fc4 x22=0xf8710900
       19855000	      1984	80002b98	0194ca63	blt	x9,x25,80002bac	  x9:0xfffffffc x25:0x00000000
       19865000	      1985	00000000	00000013	addi	x0,x0,0	  x0:0x00000000
       19875000	      1986	80002ba8	00000013	addi	x0,x0,0	  x0:0x00000000
       19885000	      1987	80002bac	1c12cc93	xori	x25,x5,449	  x5:0x00000000 x25=0x000001c1
       19895000	      1988	80002bb0	00563333	sltu	x6,x12,x5	 x12:0x80009fc4  x5:0x00000000  x6=0x00000000
       19905000	      1989	80002bb4	418c88b3	sub	x17,x25,x24	 x25:0x000001c1 x24:0x00000000 x17=0x000001c1
       19915000	      1990	80002bb8	7b877813	andi	x16,x14,1976	 x14:0x00000000 x16=0x00000000
       19925000	      1991	80002bbc	41155f93	srai	x31,x10,0x11	 x10:0x00000000 x31=0x00000000
       19935000	      1992	80002bc0	014cfe63	bgeu	x25,x20,80002bdc	 x25:0x000001c1 x20:0xa2244000
       19945000	      1993	80002bc4	898ab293	sltiu	x5,x21,-1896	 x21:0x00000001  x5=0x00000001
       19955000	      1994	80002bc8	a32c7213	andi	x4,x24,-1486	 x24:0x00000000  x4=0x00000000
       19965000	      1995	80002bcc	0072f6b3	and	x13,x5,x7	  x5:0x00000001  x7:0xf16a8f83 x13=0x00000001
       19975000	      1996	80002bd0	40c789b3	sub	x19,x15,x12	 x15:0x00000000 x12:0x80009fc4 x19=0x7fff603c
       19985000	      1997	80002bd4	014f9ab3	sll	x21,x31,x20	 x31:0x00000000 x20:0xa2244000 x21=0x00000000
       19995000	      1998	80002bd8	04a39463	bne	x7,x10,80002c20	  x7:0xf16a8f83 x10:0x00000000
       20005000	      1999	00000000	00000013	addi	x0,x0,0	  x0:0x00000000
       20015000	      2000	80002c1c	00000013	addi	x0,x0,0	  x0:0x00000000
       20025000	      2001	80002c20	017fb9b3	sltu	x19,x31,x23	 x31:0x00000000 x23:0xfffff830 x19=0x00000001
       20035000	      2002	80002c24	00000013	addi	x0,x0,0	  x0:0x00000000
       20045000	      2003	80002c28	01e663b3	or	x7,x12,x30	 x12:0x80009fc4 x30:0x80009f48  x7=0x80009fcc
       20055000	      2004	80002c2c	af273497	auipc	x9,0xaf273	  x9=0x2f275c28
       20065000	      2005	80002c30	0098cc63	blt	x17,x9,80002c48	 x17:0x000001c1  x9:0x2f275c28
       20075000	      2006	00000000	00000013	addi	x0,x0,0	  x0:0x00000000
       20085000	      2007	80002c44	00000013	addi	x0,x0,0	  x0:0x00000000
       20095000	      2008	80002c48	01edcc33	xor	x24,x27,x30	 x27:0x2150d001 x30:0x80009f48 x24=0xa1504f49
       20105000	      2009	80002c4c	a6443e97	auipc	x29,0xa6443	 x29=0x26445c48
       20115000	      2010	80002c50	04ab9663	bne	x23,x10,80002c9c	 x23:0xfffff830 x10:0x00000000
       20125000	      2011	00000000	00000013	addi	x0,x0,0	  x0:0x00000000
       20135000	      2012	80002c98	00000013	addi	x0,x0,0	  x0:0x00000000
       20145000	      2013	80002c9c	227e3b17	auipc	x22,0x227e3	 x22=0xa27e5c98
       20155000	      2014	80002ca0	32cda513	slti	x10,x27,812	 x27:0x2150d001 x10=0x00000000
       20165000	      2015	80002ca4	4ba7e693	ori	x13,x15,1210	 x15:0x00000000 x13=0x000004ba
       20175000	      2016	80002ca8	54642717	auipc	x14,0x54642	 x14=0xd4644ca4
       20185000	      2017	80002cac	01736fb3	or	x31,x6,x23	  x6:0x00000000 x23:0xfffff830 x31=0xfffff830
       20195000	      2018	80002cb0	005f27b3	slt	x15,x30,x5	 x30:0x80009f48  x5:0x00000001 x15=0x00000001
       20205000	      2019	80002cb4	01e8e1b3	or	x3,x17,x30	 x17:0x000001c1 x30:0x80009f48  x3=0x80009fc9
       20215000	      2020	80002cb8	013152b3	srl	x5,x2,x19	  x2:0x87109000 x19:0x00000001  x5=0x43884800
       20225000	      2021	80002cbc	012dea63	bltu	x27,x18,80002cd0	 x27:0x2150d001 x18:0x00000001
       20235000	      2022	80002cc0	45118213	addi	x4,x3,1105	  x3:0x80009fc9  x4=0x8000a41a
       20245000	      2023	80002cc4	03f71263	bne	x14,x31,80002ce8	 x14:0xd4644ca4 x31:0xfffff830
       20255000	      2024	00000000	00000013	addi	x0,x0,0	  x0:0x00000000
       20265000	      2025	80002ce4	00000013	addi	x0,x0,0	  x0:0x00000000
       20275000	      2026	80002ce8	00515a63	bge	x2,x5,80002cfc	  x2:0x87109000  x5:0x43884800
       20285000	      2027	80002cec	d81b0137	lui	x2,0xd81b0	  x2=0xd81b0000
       20295000	      2028	80002cf0	00ec1a63	bne	x24,x14,80002d04	 x24:0xa1504f49 x14:0xd4644ca4
       20305000	      2029	00000000	00000013	addi	x0,x0,0	  x0:0x00000000
       20315000	      2030	80002d00	00000013	addi	x0,x0,0	  x0:0x00000000
       20325000	      2031	80002d04	40ca56b3	sra	x13,x20,x12	 x20:0xa2244000 x12:0x80009fc4 x13=0xfa224400
       20335000	      2032	80002d08	00d24863	blt	x4,x13,80002d18	  x4:0x8000a41a x13:0xfa224400
       20345000	      2033	00000000	00000013	addi	x0,x0,0	  x0:0x00000000
       20355000	      2034	80002d14	00000013	addi	x0,x0,0	  x0:0x00000000
       20365000	      2035	80002d18	2e1bfc93	andi	x25,x23,737	 x23:0xfffff830 x25=0x00000020
       20375000	      2036	80002d1c	41438c33	sub	x24,x7,x20	  x7:0x80009fcc x20:0xa2244000 x24=0xdddc5fcc
       20385000	      2037	80002d20	a908dab7	lui	x21,0xa908d	 x21=0xa908d000
       20395000	      2038	80002d24	00209d13	slli	x26,x1,0x2	  x1:0x11fd7b24 x26=0x47f5ec90
       20405000	      2039	80002d28	0143d293	srli	x5,x7,0x14	  x7:0x80009fcc  x5=0x00000800
       20415000	      2040	80002d2c	e66f8793	addi	x15,x31,-410	 x31:0xfffff830 x15=0xfffff696
       20425000	      2041	80002d30	39583593	sltiu	x11,x16,917	 x16:0x00000000 x11=0x00000001
       20435000	      2042	80002d34	22bd0897	auipc	x17,0x22bd0	 x17=0xa2bd2d30
       20445000	      2043	80002d38	41dc85b3	sub	x11,x25,x29	 x25:0x00000020 x29:0x26445c48 x11=0xd9bba3d8
       20455000	      2044	80002d3c	8882a717	auipc	x14,0x8882a	 x14=0x0882cd38
       20465000	      2045	80002d40	02a87663	bgeu	x16,x10,80002d6c	 x16:0x00000000 x10:0x00000000
       20475000	      2046	00000000	00000013	addi	x0,x0,0	  x0:0x00000000
       20485000	      2047	80002d68	00000013	addi	x0,x0,0	  x0:0x00000000
       20495000	      2048	80002d6c	215f6993	ori	x19,x30,533	 x30:0x80009f48 x19=0x80009f5d
       20505000	      2049	80002d70	01ff5b13	srli	x22,x30,0x1f	 x30:0x80009f48 x22=0x00000001
       20515000	      2050	80002d74	01ad45b3	xor	x11,x26,x26	 x26:0x47f5ec90 x26:0x47f5ec90 x11=0x00000000
       20525000	      2051	80002d78	f3caad13	slti	x26,x21,-196	 x21:0xa908d000 x26=0x00000001
       20535000	      2052	80002d7c	01d7f863	bgeu	x15,x29,80002d8c	 x15:0xfffff696 x29:0x26445c48
       20545000	      2053	00000000	00000013	addi	x0,x0,0	  x0:0x00000000
       20555000	      2054	80002d88	00000013	addi	x0,x0,0	  x0:0x00000000
       20565000	      2055	80002d8c	02fc8463	beq	x25,x15,80002db4	 x25:0x00000020 x15:0xfffff696
       20575000	      2056	80002d90	00000013	addi	x0,x0,0	  x0:0x00000000
       20585000	      2057	80002d94	006e1a63	bne	x28,x6,80002da8	 x28:0x00000004  x6:0x00000000
       20595000	      2058	00000000	00000013	addi	x0,x0,0	  x0:0x00000000
       20605000	      2059	80002da4	00000013	addi	x0,x0,0	  x0:0x00000000
       20615000	      2060	80002da8	00000013	addi	x0,x0,0	  x0:0x00000000
       20625000	      2061	80002dac	00dcd333	srl	x6,x25,x13	 x25:0x00000020 x13:0xfa224400  x6=0x00000020
       20635000	      2062	80002db0	011febb3	or	x23,x31,x17	 x31:0xfffff830 x17:0xa2bd2d30 x23=0xfffffd30
       20645000	      2063	80002db4	013d5693	srli	x13,x26,0x13	 x26:0x00000001 x13=0x00000000
       20655000	      2064	80002db8	01603733	sltu	x14,x0,x22	  x0:0x00000000 x22:0x00000001 x14=0x00000001
       20665000	      2065	80002dbc	3c020913	addi	x18,x4,960	  x4:0x8000a41a x18=0x8000a7da
       20675000	      2066	80002dc0	012ed013	srli	x0,x29,0x12	 x29:0x26445c48
       20685000	      2067	80002dc4	b0024193	xori	x3,x4,-1280	  x4:0x8000a41a  x3=0x7fff5f1a
       20695000	      2068	80002dc8	002d5d93	srli	x27,x26,0x2	 x26:0x00000001 x27=0x00000000
       20705000	      2069	80002dcc	4f55e817	auipc	x16,0x4f55e	 x16=0xcf560dc8
       20715000	      2070	80002dd0	045b8463	beq	x23,x5,80002e18	 x23:0xfffffd30  x5:0x00000800
       20725000	      2071	80002dd4	00c78a63	beq	x15,x12,80002de8	 x15:0xfffff696 x12:0x80009fc4
       20735000	      2072	80002dd8	0438d263	bge	x17,x3,80002e1c	 x17:0xa2bd2d30  x3:0x7fff5f1a
       20745000	      2073	80002ddc	001c6133	or	x2,x24,x1	 x24:0xdddc5fcc  x1:0x11fd7b24  x2=0xddfd7fec
       20755000	      2074	80002de0	00b11433	sll	x8,x2,x11	  x2:0xddfd7fec x11:0x00000000  x8=0xddfd7fec
       20765000	      2075	80002de4	01a61513	slli	x10,x12,0x1a	 x12:0x80009fc4 x10=0x10000000
       20775000	      2076	80002de8	00574b33	xor	x22,x14,x5	 x14:0x00000001  x5:0x00000800 x22=0x00000801
       20785000	      2077	80002dec	0133f5b3	and	x11,x7,x19	  x7:0x80009fcc x19:0x80009f5d x11=0x80009f4c
       20795000	      2078	80002df0	00ff4eb3	xor	x29,x30,x15	 x30:0x80009f48 x15:0xfffff696 x29=0x7fff69de
       20805000	      2079	80002df4	00e94863	blt	x18,x14,80002e04	 x18:0x8000a7da x14:0x00000001
       20815000	      2080	00000000	00000013	addi	x0,x0,0	  x0:0x00000000
       20825000	      2081	80002e00	00000013	addi	x0,x0,0	  x0:0x00000000
       20835000	      2082	80002e04	b51a5517	auipc	x10,0xb51a5	 x10=0x351a7e00
       20845000	      2083	80002e08	e2710e93	addi	x29,x2,-473	  x2:0xddfd7fec x29=0xddfd7e13
       20855000	      2084	80002e0c	016fc3b3	xor	x7,x31,x22	 x31:0xfffff830 x22:0x00000801  x7=0xfffff031
       20865000	      2085	80002e10	05c86663	bltu	x16,x28,80002e5c	 x16:0xcf560dc8 x28:0x00000004
       20875000	      2086	80002e14	019e9a13	slli	x20,x29,0x19	 x29:0xddfd7e13 x20=0x26000000
       20885000	      2087	80002e18	015b56b3	srl	x13,x22,x21	 x22:0x00000801 x21:0xa908d000 x13=0x00000801
       20895000	      2088	80002e1c	00a7b733	sltu	x14,x15,x10	 x15:0xfffff696 x10:0x351a7e00 x14=0x00000000
       20905000	      2089	80002e20	00adb833	sltu	x16,x27,x10	 x27:0x00000000 x10:0x351a7e00 x16=0x00000001
       20915000	      2090	80002e24	95d56d93	ori	x27,x10,-1699	 x10:0x351a7e00 x27=0xffffff5d
       20925000	      2091	80002e28	e0ac0c13	addi	x24,x24,-502	 x24:0xdddc5fcc x24=0xdddc5dd6
       20935000	      2092	80002e2c	413102b3	sub	x5,x2,x19	  x2:0xddfd7fec x19:0x80009f5d  x5=0x5dfce08f
       20945000	      2093	80002e30	01d59933	sll	x18,x11,x29	 x11:0x80009f4c x29:0xddfd7e13 x18=0xfa600000
       20955000	      2094	80002e34	00000013	addi	x0,x0,0	  x0:0x00000000
       20965000	      2095	80002e38	035a8463	beq	x21,x21,80002e60	 x21:0xa908d000 x21:0xa908d000
       20975000	      2096	00000000	00000013	addi	x0,x0,0	  x0:0x00000000
       20985000	      2097	80002e5c	00000013	addi	x0,x0,0	  x0:0x00000000
       20995000	      2098	80002e60	0282fa63	bgeu	x5,x8,80002e94	  x5:0x5dfce08f  x8:0xddfd7fec
       21005000	      2099	80002e64	01d69e93	slli	x29,x13,0x1d	 x13:0x00000801 x29=0x20000000
       21015000	      2100	80002e68	01ebc663	blt	x23,x30,80002e74	 x23:0xfffffd30 x30:0x80009f48
       21025000	      2101	80002e6c	00737263	bgeu	x6,x7,80002e70	  x6:0x00000020  x7:0xfffff031
       21035000	      2102	80002e70	018db433	sltu	x8,x27,x24	 x27:0xffffff5d x24:0xdddc5dd6  x8=0x00000000
       21045000	      2103	80002e74	c6640813	addi	x16,x8,-922	  x8:0x00000000 x16=0xfffffc66
       21055000	      2104	80002e78	015fd8b3	srl	x17,x31,x21	 x31:0xfffff830 x21:0xa908d000 x17=0xfffff830
       21065000	      2105	80002e7c	00392433	slt	x8,x18,x3	 x18:0xfa600000  x3:0x7fff5f1a  x8=0x00000001
       21075000	      2106	80002e80	0130d513	srli	x10,x1,0x13	  x1:0x11fd7b24 x10=0x0000023f
       21085000	      2107	80002e84	47ef4293	xori	x5,x30,1150	 x30:0x80009f48  x5=0x80009b36
       21095000	      2108	80002e88	00a8dcb3	srl	x25,x17,x10	 x17:0xfffff830 x10:0x0000023f x25=0x00000001
       21105000	      2109	80002e8c	0974eb93	ori	x23,x9,151	  x9:0x2f275c28 x23=0x2f275cbf
       21115000	      2110	80002e90	41f7d233	sra	x4,x15,x31	 x15:0xfffff696 x31:0xfffff830  x4=0xffffffff
       21125000	      2111	80002e94	1845e693	ori	x13,x11,388	 x11:0x80009f4c x13=0x80009fcc
       21135000	      2112	80002e98	0123d863	bge	x7,x18,80002ea8	  x7:0xfffff031 x18:0xfa600000
       21145000	      2113	00000000	00000013	addi	x0,x0,0	  x0:0x00000000
       21155000	      2114	80002ea4	00000013	addi	x0,x0,0	  x0:0x00000000
       21165000	      2115	80002ea8	72f8d8b7	lui	x17,0x72f8d	 x17=0x72f8d000
       21175000	      2116	80002eac	000025b3	slt	x11,x0,x0	  x0:0x00000000  x0:0x00000000 x11=0x00000000
       21185000	      2117	80002eb0	007bf7b3	and	x15,x23,x7	 x23:0x2f275cbf  x7:0xfffff031 x15=0x2f275031
       21195000	      2118	80002eb4	00000013	addi	x0,x0,0	  x0:0x00000000
       21205000	      2119	80002eb8	0181ca63	blt	x3,x24,80002ecc	  x3:0x7fff5f1a x24:0xdddc5dd6
       21215000	      2120	80002ebc	49f6a193	slti	x3,x13,1183	 x13:0x80009fcc  x3=0x00000001
       21225000	      2121	80002ec0	00792cb3	slt	x25,x18,x7	 x18:0xfa600000  x7:0xfffff031 x25=0x00000001
       21235000	      2122	80002ec4	07f9c717	auipc	x14,0x7f9c	 x14=0x87f9eec0
       21245000	      2123	80002ec8	00bc92b3	sll	x5,x25,x11	 x25:0x00000001 x11:0x00000000  x5=0x00000001
       21255000	      2124	80002ecc	03e61e63	bne	x12,x30,80002f08	 x12:0x80009fc4 x30:0x80009f48
       21265000	      2125	00000000	00000013	addi	x0,x0,0	  x0:0x00000000
       21275000	      2126	80002f04	00000013	addi	x0,x0,0	  x0:0x00000000
       21285000	      2127	80002f08	40ca5113	srai	x2,x20,0xc	 x20:0x26000000  x2=0x00026000
       21295000	      2128	80002f0c	001788b3	add	x17,x15,x1	 x15:0x2f275031  x1:0x11fd7b24 x17=0x4124cb55
       21305000	      2129	80002f10	01e3f433	and	x8,x7,x30	  x7:0xfffff031 x30:0x80009f48  x8=0x80009000
       21315000	      2130	80002f14	017f2433	slt	x8,x30,x23	 x30:0x80009f48 x23:0x2f275cbf  x8=0x00000001
       21325000	      2131	80002f18	1ca03593	sltiu	x11,x0,458	  x0:0x00000000 x11=0x00000001
       21335000	      2132	80002f1c	03337a63	bgeu	x6,x19,80002f50	  x6:0x00000020 x19:0x80009f5d
       21345000	      2133	80002f20	01f7da63	bge	x15,x31,80002f34	 x15:0x2f275031 x31:0xfffff830
       21355000	      2134	00000000	00000013	addi	x0,x0,0	  x0:0x00000000
       21365000	      2135	80002f30	00000013	addi	x0,x0,0	  x0:0x00000000
       21375000	      2136	80002f34	40c80233	sub	x4,x16,x12	 x16:0xfffffc66 x12:0x80009fc4  x4=0x7fff5ca2
       21385000	      2137	80002f38	00999a63	bne	x19,x9,80002f4c	 x19:0x80009f5d  x9:0x2f275c28
       21395000	      2138	00000000	00000013	addi	x0,x0,0	  x0:0x00000000
       21405000	      2139	80002f48	00000013	addi	x0,x0,0	  x0:0x00000000
       21415000	      2140	80002f4c	04990463	beq	x18,x9,80002f94	 x18:0xfa600000  x9:0x2f275c28
       21425000	      2141	80002f50	096f7a93	andi	x21,x30,150	 x30:0x80009f48 x21=0x00000000
       21435000	      2142	80002f54	5cb5f993	andi	x19,x11,1483	 x11:0x00000001 x19=0x00000001
       21445000	      2143	80002f58	00eb9d33	sll	x26,x23,x14	 x23:0x2f275cbf x14:0x87f9eec0 x26=0x2f275cbf
       21455000	      2144	80002f5c	013a9193	slli	x3,x21,0x13	 x21:0x00000000  x3=0x00000000
       21465000	      2145	80002f60	01cbd113	srli	x2,x23,0x1c	 x23:0x2f275cbf  x2=0x00000002
       21475000	      2146	80002f64	abd03d93	sltiu	x27,x0,-1347	  x0:0x00000000 x27=0x00000001
       21485000	      2147	80002f68	0017e5b3	or	x11,x15,x1	 x15:0x2f275031  x1:0x11fd7b24 x11=0x3fff7b35
       21495000	      2148	80002f6c	055d9463	bne	x27,x21,80002fb4	 x27:0x00000001 x21:0x00000000
       21505000	      2149	00000000	00000013	addi	x0,x0,0	  x0:0x00000000
       21515000	      2150	80002fb0	00000013	addi	x0,x0,0	  x0:0x00000000
       21525000	      2151	80002fb4	01e1d093	srli	x1,x3,0x1e	  x3:0x00000000  x1=0x00000000
       21535000	      2152	80002fb8	01f08a63	beq	x1,x31,80002fcc	  x1:0x00000000 x31:0xfffff830
       21545000	      2153	80002fbc	007a9493	slli	x9,x21,0x7	 x21:0x00000000  x9=0x00000000
       21555000	      2154	80002fc0	0215b313	sltiu	x6,x11,33	 x11:0x3fff7b35  x6=0x00000000
       21565000	      2155	80002fc4	017cc733	xor	x14,x25,x23	 x25:0x00000001 x23:0x2f275cbf x14=0x2f275cbe
       21575000	      2156	80002fc8	f29af093	andi	x1,x21,-215	 x21:0x00000000  x1=0x00000000
       21585000	      2157	80002fcc	4153da93	srai	x21,x7,0x15	  x7:0xfffff031 x21=0xffffffff
       21595000	      2158	80002fd0	00e7e863	bltu	x15,x14,80002fe0	 x15:0x2f275031 x14:0x2f275cbe
       21605000	      2159	00000000	00000013	addi	x0,x0,0	  x0:0x00000000
       21615000	      2160	80002fdc	00000013	addi	x0,x0,0	  x0:0x00000000
       21625000	      2161	80002fe0	016472b3	and	x5,x8,x22	  x8:0x00000001 x22:0x00000801  x5=0x00000001
       21635000	      2162	80002fe4	41eb03b3	sub	x7,x22,x30	 x22:0x00000801 x30:0x80009f48  x7=0x7fff68b9
       21645000	      2163	80002fe8	00000013	addi	x0,x0,0	  x0:0x00000000
       21655000	      2164	80002fec	4119d713	srai	x14,x19,0x11	 x19:0x00000001 x14=0x00000000
       21665000	      2165	80002ff0	15d04893	xori	x17,x0,349	  x0:0x00000000 x17=0x0000015d
       21675000	      2166	80002ff4	8fe92017	auipc	x0,0x8fe92	
       21685000	      2167	80002ff8	76d53b37	lui	x22,0x76d53	 x22=0x76d53000
       21695000	      2168	80002ffc	026d7e63	bgeu	x26,x6,80003038	 x26:0x2f275cbf  x6:0x00000000
       21705000	      2169	00000000	00000013	addi	x0,x0,0	  x0:0x00000000
       21715000	      2170	80003034	00000013	addi	x0,x0,0	  x0:0x00000000
       21725000	      2171	80003038	01e1d8b3	srl	x17,x3,x30	  x3:0x00000000 x30:0x80009f48 x17=0x00000000
       21735000	      2172	8000303c	00000013	addi	x0,x0,0	  x0:0x00000000
       21745000	      2173	80003040	d7188293	addi	x5,x17,-655	 x17:0x00000000  x5=0xfffffd71
       21755000	      2174	80003044	03440a63	beq	x8,x20,80003078	  x8:0x00000001 x20:0x26000000
       21765000	      2175	80003048	0051d213	srli	x4,x3,0x5	  x3:0x00000000  x4=0x00000000
       21775000	      2176	8000304c	0040eb33	or	x22,x1,x4	  x1:0x00000000  x4:0x00000000 x22=0x00000000
       21785000	      2177	80003050	04c91463	bne	x18,x12,80003098	 x18:0xfa600000 x12:0x80009fc4
       21795000	      2178	00000000	00000013	addi	x0,x0,0	  x0:0x00000000
       21805000	      2179	80003094	00000013	addi	x0,x0,0	  x0:0x00000000
       21815000	      2180	80003098	00f9da93	srli	x21,x19,0xf	 x19:0x00000001 x21=0x00000000
       21825000	      2181	8000309c	01a88bb3	add	x23,x17,x26	 x17:0x00000000 x26:0x2f275cbf x23=0x2f275cbf
       21835000	      2182	800030a0	003d7663	bgeu	x26,x3,800030ac	 x26:0x2f275cbf  x3:0x00000000
       21845000	      2183	00000000	00000013	addi	x0,x0,0	  x0:0x00000000
       21855000	      2184	800030a8	00000013	addi	x0,x0,0	  x0:0x00000000
       21865000	      2185	800030ac	404b01b3	sub	x3,x22,x4	 x22:0x00000000  x4:0x00000000  x3=0x00000000
       21875000	      2186	800030b0	b2a44e93	xori	x29,x8,-1238	  x8:0x00000001 x29=0xfffffb2b
       21885000	      2187	800030b4	24716b13	ori	x22,x2,583	  x2:0x00000002 x22=0x00000247
       21895000	      2188	800030b8	8d620137	lui	x2,0x8d620	  x2=0x8d620000
       21905000	      2189	800030bc	01e36233	or	x4,x6,x30	  x6:0x00000000 x30:0x80009f48  x4=0x80009f48
       21915000	      2190	800030c0	40745093	srai	x1,x8,0x7	  x8:0x00000001  x1=0x00000000
       21925000	      2191	800030c4	5207b513	sltiu	x10,x15,1312	 x15:0x2f275031 x10=0x00000000
       21935000	      2192	800030c8	00d8ccb3	xor	x25,x17,x13	 x17:0x00000000 x13:0x80009fcc x25=0x80009fcc
       21945000	      2193	800030cc	004f2303	lw	x6,4(x30)	 x30:0x80009f48  x6=0x800068cc PA:0x80009f4c
       21955000	      2194	800030d0	024f0f13	addi	x30,x30,36	 x30:0x80009f48 x30=0x80009f6c
       21965000	      2195	800030d4	40c85fb3	sra	x31,x16,x12	 x16:0xfffffc66 x12:0x80009fc4 x31=0xffffffc6
       21975000	      2196	800030d8	62ebe413	ori	x8,x23,1582	 x23:0x2f275cbf  x8=0x2f275ebf
       21985000	      2197	800030dc	00030413	addi	x8,x6,0	  x6:0x800068cc  x8=0x800068cc
       21995000	      2198	800030e0	00040467	jalr	x8,x8,0	  x8:0x800068cc  x8=0x800030e0
       22005000	      2199	00000000	00000013	addi	x0,x0,0	  x0:0x00000000
       22015000	      2200	800068cc	00000013	addi	x0,x0,0	  x0:0x00000000
       22025000	      2201	800068d0	00002497	auipc	x9,0x2	  x9=0x800088cc
       22035000	      2202	800068d4	01748493	addi	x9,x9,23	  x9:0x800088cc  x9=0x800088e3
       22045000	      2203	800068d8	e9758693	addi	x13,x11,-361	 x11:0x3fff7b35 x13=0x3fff79cc
       22055000	      2204	800068dc	6f76b413	sltiu	x8,x13,1783	 x13:0x3fff79cc  x8=0x00000000
       22065000	      2205	800068e0	00fe11b3	sll	x3,x28,x15	 x28:0x00000004 x15:0x2f275031  x3=0x00080000
       22075000	      2206	800068e4	40310233	sub	x4,x2,x3	  x2:0x8d620000  x3:0x00080000  x4=0x8d5a0000
       22085000	      2207	800068e8	ff9488a3	sb	x25,-15(x9)	  x9:0x800088e3 x25:0x80009fcc PA:0x800088d4
       22095000	      2208	800068ec	006e56b3	srl	x13,x28,x6	 x28:0x00000004  x6:0x800068cc x13=0x00000000
       22105000	      2209	800068f0	0186d033	srl	x0,x13,x24	 x13:0x00000000 x24:0xdddc5dd6
       22115000	      2210	800068f4	0014a083	lw	x1,1(x9)	  x9:0x800088e3  x1=0x63e4c4c8 PA:0x800088e4
       22125000	      2211	00000000	00000013	addi	x0,x0,0	  x0:0x00000000
       22135000	      2212	800068f8	c5d0b313	sltiu	x6,x1,-931	  x1:0x63e4c4c8  x6=0x00000001
       22145000	      2213	800068fc	ffd4c103	lbu	x2,-3(x9)	  x9:0x800088e3  x2=0x0000008a PA:0x800088e0
       22155000	      2214	80006900	01948723	sb	x25,14(x9)	  x9:0x800088e3 x25:0x80009fcc PA:0x800088f1
       22165000	      2215	80006904	62863093	sltiu	x1,x12,1576	 x12:0x80009fc4  x1=0x00000000
       22175000	      2216	80006908	001fdd13	srli	x26,x31,0x1	 x31:0xffffffc6 x26=0x7fffffe3
       22185000	      2217	8000690c	ffe48783	lb	x15,-2(x9)	  x9:0x800088e3 x15=0xffffffa0 PA:0x800088e1
       22195000	      2218	80006910	00048c03	lb	x24,0(x9)	  x9:0x800088e3 x24=0xffffff82 PA:0x800088e3
       22205000	      2219	80006914	00a4c903	lbu	x18,10(x9)	  x9:0x800088e3 x18=0x00000070 PA:0x800088ed
       22215000	      2220	80006918	01188533	add	x10,x17,x17	 x17:0x00000000 x17:0x00000000 x10=0x00000000
       22225000	      2221	8000691c	00848b83	lb	x23,8(x9)	  x9:0x800088e3 x23=0xfffffff3 PA:0x800088eb
       22235000	      2222	80006920	01e98833	add	x16,x19,x30	 x19:0x00000001 x30:0x80009f6c x16=0x80009f6d
       22245000	      2223	80006924	01b1ea33	or	x20,x3,x27	  x3:0x00080000 x27:0x00000001 x20=0x00080001
       22255000	      2224	80006928	16e47793	andi	x15,x8,366	  x8:0x00000000 x15=0x00000000
       22265000	      2225	8000692c	30a67393	andi	x7,x12,778	 x12:0x80009fc4  x7=0x00000300
       22275000	      2226	80006930	fe048b23	sb	x0,-10(x9)	  x9:0x800088e3  x0:0x00000000 PA:0x800088d9
       22285000	      2227	80006934	cd063b97	auipc	x23,0xcd063	 x23=0x4d069930
       22295000	      2228	80006938	006619b3	sll	x19,x12,x6	 x12:0x80009fc4  x6:0x00000001 x19=0x00013f88
       22305000	      2229	8000693c	016b40b3	xor	x1,x22,x22	 x22:0x00000247 x22:0x00000247  x1=0x00000000
       22315000	      2230	80006940	012cf7b3	and	x15,x25,x18	 x25:0x80009fcc x18:0x00000070 x15=0x00000040
       22325000	      2231	80006944	00b485a3	sb	x11,11(x9)	  x9:0x800088e3 x11:0x3fff7b35 PA:0x800088ee
       22335000	      2232	80006948	ffd48003	lb	x0,-3(x9)	  x9:0x800088e3 PA:0x800088e0
       22345000	      2233	8000694c	ff948b83	lb	x23,-7(x9)	  x9:0x800088e3 x23=0x00000001 PA:0x800088dc
       22355000	      2234	00000000	00000013	addi	x0,x0,0	  x0:0x00000000
       22365000	      2235	80006950	016b9233	sll	x4,x23,x22	 x23:0x00000001 x22:0x00000247  x4=0x00000080
       22375000	      2236	80006954	0198f133	and	x2,x17,x25	 x17:0x00000000 x25:0x80009fcc  x2=0x00000000
       22385000	      2237	80006958	d557f313	andi	x6,x15,-683	 x15:0x00000040  x6=0x00000040
       22395000	      2238	8000695c	00a22233	slt	x4,x4,x10	  x4:0x00000080 x10:0x00000000  x4=0x00000000
       22405000	      2239	80006960	00a002b3	add	x5,x0,x10	  x0:0x00000000 x10:0x00000000  x5=0x00000000
       22415000	      2240	80006964	ff348a83	lb	x21,-13(x9)	  x9:0x800088e3 x21=0x00000053 PA:0x800088d6
       22425000	      2241	80006968	019a3733	sltu	x14,x20,x25	 x20:0x00080001 x25:0x80009fcc x14=0x00000001
       22435000	      2242	8000696c	273aed93	ori	x27,x21,627	 x21:0x00000053 x27=0x00000273
       22445000	      2243	80006970	00b48823	sb	x11,16(x9)	  x9:0x800088e3 x11:0x3fff7b35 PA:0x800088f3
       22455000	      2244	80006974	01855e93	srli	x29,x10,0x18	 x10:0x00000000 x29=0x00000000
       22465000	      2245	80006978	0084a2a3	sw	x8,5(x9)	  x9:0x800088e3  x8:0x00000000 PA:0x800088e8
       22475000	      2246	8000697c	3b843593	sltiu	x11,x8,952	  x8:0x00000000 x11=0x00000001
       22485000	      2247	80006980	00c3b933	sltu	x18,x7,x12	  x7:0x00000300 x12:0x80009fc4 x18=0x00000001
       22495000	      2248	80006984	00b07663	bgeu	x0,x11,80006990	  x0:0x00000000 x11:0x00000001
       22505000	      2249	80006988	419982b3	sub	x5,x19,x25	 x19:0x00013f88 x25:0x80009fcc  x5=0x80009fbc
       22515000	      2250	8000698c	41c757b3	sra	x15,x14,x28	 x14:0x00000001 x28:0x00000004 x15=0x00000000
       22525000	      2251	80006990	f184c493	xori	x9,x9,-232	  x9:0x800088e3  x9=0x7fff77fb
       22535000	      2252	80006994	2ade4a13	xori	x20,x28,685	 x28:0x00000004 x20=0x000002a9
       22545000	      2253	80006998	a7ad0093	addi	x1,x26,-1414	 x26:0x7fffffe3  x1=0x7ffffa5d
       22555000	      2254	8000699c	010fcdb3	xor	x27,x31,x16	 x31:0xffffffc6 x16:0x80009f6d x27=0x7fff60ab
       22565000	      2255	800069a0	2d492d37	lui	x26,0x2d492	 x26=0x2d492000
       22575000	      2256	800069a4	01d8d8b3	srl	x17,x17,x29	 x17:0x00000000 x29:0x00000000 x17=0x00000000
       22585000	      2257	800069a8	4028de93	srai	x29,x17,0x2	 x17:0x00000000 x29=0x00000000
       22595000	      2258	800069ac	415456b3	sra	x13,x8,x21	  x8:0x00000000 x21:0x00000053 x13=0x00000000
       22605000	      2259	800069b0	007bf733	and	x14,x23,x7	 x23:0x00000001  x7:0x00000300 x14=0x00000000
       22615000	      2260	800069b4	00000013	addi	x0,x0,0	  x0:0x00000000
       22625000	      2261	800069b8	03e84463	blt	x16,x30,800069e0	 x16:0x80009f6d x30:0x80009f6c
       22635000	      2262	800069bc	e092b113	sltiu	x2,x5,-503	  x5:0x80009fbc  x2=0x00000001
       22645000	      2263	800069c0	018c76b3	and	x13,x24,x24	 x24:0xffffff82 x24:0xffffff82 x13=0xffffff82
       22655000	      2264	800069c4	00a4e6b3	or	x13,x9,x10	  x9:0x7fff77fb x10:0x00000000 x13=0x7fff77fb
       22665000	      2265	800069c8	05e36463	bltu	x6,x30,80006a10	  x6:0x00000040 x30:0x80009f6c
       22675000	      2266	00000000	00000013	addi	x0,x0,0	  x0:0x00000000
       22685000	      2267	80006a0c	00000013	addi	x0,x0,0	  x0:0x00000000
       22695000	      2268	80006a10	41985793	srai	x15,x16,0x19	 x16:0x80009f6d x15=0xffffffc0
       22705000	      2269	80006a14	042dc593	xori	x11,x27,66	 x27:0x7fff60ab x11=0x7fff60e9
       22715000	      2270	80006a18	ab844293	xori	x5,x8,-1352	  x8:0x00000000  x5=0xfffffab8
       22725000	      2271	80006a1c	4f194cb7	lui	x25,0x4f194	 x25=0x4f194000
       22735000	      2272	80006a20	f658a313	slti	x6,x17,-155	 x17:0x00000000  x6=0x00000000
       22745000	      2273	80006a24	01121013	slli	x0,x4,0x11	  x4:0x00000000
       22755000	      2274	80006a28	01d942b3	xor	x5,x18,x29	 x18:0x00000001 x29:0x00000000  x5=0x00000001
       22765000	      2275	80006a2c	00b7b433	sltu	x8,x15,x11	 x15:0xffffffc0 x11:0x7fff60e9  x8=0x00000000
       22775000	      2276	80006a30	01769913	slli	x18,x13,0x17	 x13:0x7fff77fb x18=0xfd800000
       22785000	      2277	80006a34	00fddc63	bge	x27,x15,80006a4c	 x27:0x7fff60ab x15:0xffffffc0
       22795000	      2278	00000000	00000013	addi	x0,x0,0	  x0:0x00000000
       22805000	      2279	80006a48	00000013	addi	x0,x0,0	  x0:0x00000000
       22815000	      2280	80006a4c	815e3597	auipc	x11,0x815e3	 x11=0x015e9a48
       22825000	      2281	80006a50	02a4ec63	bltu	x9,x10,80006a88	  x9:0x7fff77fb x10:0x00000000
       22835000	      2282	80006a54	02e51c63	bne	x10,x14,80006a8c	 x10:0x00000000 x14:0x00000000
       22845000	      2283	80006a58	01e00033	add	x0,x0,x30	  x0:0x00000000 x30:0x80009f6c
       22855000	      2284	80006a5c	00000013	addi	x0,x0,0	  x0:0x00000000
       22865000	      2285	80006a60	01661663	bne	x12,x22,80006a6c	 x12:0x80009fc4 x22:0x00000247
       22875000	      2286	00000000	00000013	addi	x0,x0,0	  x0:0x00000000
       22885000	      2287	80006a68	00000013	addi	x0,x0,0	  x0:0x00000000
       22895000	      2288	80006a6c	d6eae113	ori	x2,x21,-658	 x21:0x00000053  x2=0xfffffd7f
       22905000	      2289	80006a70	bbd7af93	slti	x31,x15,-1091	 x15:0xffffffc0 x31=0x00000000
       22915000	      2290	80006a74	c8871937	lui	x18,0xc8871	 x18=0xc8871000
       22925000	      2291	80006a78	0332fa63	bgeu	x5,x19,80006aac	  x5:0x00000001 x19:0x00013f88
       22935000	      2292	80006a7c	00b2c663	blt	x5,x11,80006a88	  x5:0x00000001 x11:0x015e9a48
       22945000	      2293	00000000	00000013	addi	x0,x0,0	  x0:0x00000000
       22955000	      2294	80006a84	00000013	addi	x0,x0,0	  x0:0x00000000
       22965000	      2295	80006a88	efb0fe93	andi	x29,x1,-261	  x1:0x7ffffa5d x29=0x7ffffa59
       22975000	      2296	80006a8c	418f5913	srai	x18,x30,0x18	 x30:0x80009f6c x18=0xffffff80
       22985000	      2297	80006a90	bfc16693	ori	x13,x2,-1028	  x2:0xfffffd7f x13=0xffffffff
       22995000	      2298	80006a94	59a71a17	auipc	x20,0x59a71	 x20=0xd9a77a90
       23005000	      2299	80006a98	414ade93	srai	x29,x21,0x14	 x21:0x00000053 x29=0x00000000
       23015000	      2300	80006a9c	020d7863	bgeu	x26,x0,80006acc	 x26:0x2d492000  x0:0x00000000
       23025000	      2301	00000000	00000013	addi	x0,x0,0	  x0:0x00000000
       23035000	      2302	80006ac8	00000013	addi	x0,x0,0	  x0:0x00000000
       23045000	      2303	80006acc	36a56f93	ori	x31,x10,874	 x10:0x00000000 x31=0x0000036a
       23055000	      2304	80006ad0	0afc6517	auipc	x10,0xafc6	 x10=0x8afccacc
       23065000	      2305	80006ad4	2a462d93	slti	x27,x12,676	 x12:0x80009fc4 x27=0x00000001
       23075000	      2306	80006ad8	02d85263	bge	x16,x13,80006afc	 x16:0x80009f6d x13:0xffffffff
       23085000	      2307	80006adc	05655663	bge	x10,x22,80006b28	 x10:0x8afccacc x22:0x00000247
       23095000	      2308	80006ae0	1420c313	xori	x6,x1,322	  x1:0x7ffffa5d  x6=0x7ffffb1f
       23105000	      2309	80006ae4	00000013	addi	x0,x0,0	  x0:0x00000000
       23115000	      2310	80006ae8	80650713	addi	x14,x10,-2042	 x10:0x8afccacc x14=0x8afcc2d2
       23125000	      2311	80006aec	005178b3	and	x17,x2,x5	  x2:0xfffffd7f  x5:0x00000001 x17=0x00000001
       23135000	      2312	80006af0	41ce5993	srai	x19,x28,0x1c	 x28:0x00000004 x19=0x00000000
       23145000	      2313	80006af4	40fc57b3	sra	x15,x24,x15	 x24:0xffffff82 x15:0xffffffc0 x15=0xffffff82
       23155000	      2314	80006af8	00440fb3	add	x31,x8,x4	  x8:0x00000000  x4:0x00000000 x31=0x00000000
       23165000	      2315	80006afc	02597863	bgeu	x18,x5,80006b2c	 x18:0xffffff80  x5:0x00000001
       23175000	      2316	00000000	00000013	addi	x0,x0,0	  x0:0x00000000
       23185000	      2317	80006b28	00000013	addi	x0,x0,0	  x0:0x00000000
       23195000	      2318	80006b2c	05a57063	bgeu	x10,x26,80006b6c	 x10:0x8afccacc x26:0x2d492000
       23205000	      2319	00000000	00000013	addi	x0,x0,0	  x0:0x00000000
       23215000	      2320	80006b68	00000013	addi	x0,x0,0	  x0:0x00000000
       23225000	      2321	80006b6c	1034bb13	sltiu	x22,x9,259	  x9:0x7fff77fb x22=0x00000000
       23235000	      2322	80006b70	06a87e63	bgeu	x16,x10,80006bec	 x16:0x80009f6d x10:0x8afccacc
       23245000	      2323	80006b74	01dc6663	bltu	x24,x29,80006b80	 x24:0xffffff82 x29:0x00000000
       23255000	      2324	80006b78	07abca63	blt	x23,x26,80006bec	 x23:0x00000001 x26:0x2d492000
       23265000	      2325	00000000	00000013	addi	x0,x0,0	  x0:0x00000000
       23275000	      2326	80006be8	00000013	addi	x0,x0,0	  x0:0x00000000
       23285000	      2327	80006bec	0291dc63	bge	x3,x9,80006c24	  x3:0x00080000  x9:0x7fff77fb
       23295000	      2328	80006bf0	0579e463	bltu	x19,x23,80006c38	 x19:0x00000000 x23:0x00000001
       23305000	      2329	00000000	00000013	addi	x0,x0,0	  x0:0x00000000
       23315000	      2330	80006c34	00000013	addi	x0,x0,0	  x0:0x00000000
       23325000	      2331	80006c38	01d6f433	and	x8,x13,x29	 x13:0xffffffff x29:0x00000000  x8=0x00000000
       23335000	      2332	80006c3c	b76b8993	addi	x19,x23,-1162	 x23:0x00000001 x19=0xfffffb77
       23345000	      2333	80006c40	0175d213	srli	x4,x11,0x17	 x11:0x015e9a48  x4=0x00000002
       23355000	      2334	80006c44	0ece6113	ori	x2,x28,236	 x28:0x00000004  x2=0x000000ec
       23365000	      2335	80006c48	00627a63	bgeu	x4,x6,80006c5c	  x4:0x00000002  x6:0x7ffffb1f
       23375000	      2336	80006c4c	001acdb3	xor	x27,x21,x1	 x21:0x00000053  x1:0x7ffffa5d x27=0x7ffffa0e
       23385000	      2337	80006c50	00e9d093	srli	x1,x19,0xe	 x19:0xfffffb77  x1=0x0003ffff
       23395000	      2338	80006c54	00000013	addi	x0,x0,0	  x0:0x00000000
       23405000	      2339	80006c58	03897463	bgeu	x18,x24,80006c80	 x18:0xffffff80 x24:0xffffff82
       23415000	      2340	80006c5c	2d408893	addi	x17,x1,724	  x1:0x0003ffff x17=0x000402d3
       23425000	      2341	80006c60	01853833	sltu	x16,x10,x24	 x10:0x8afccacc x24:0xffffff82 x16=0x00000001
       23435000	      2342	80006c64	484a3893	sltiu	x17,x20,1156	 x20:0xd9a77a90 x17=0x00000000
       23445000	      2343	80006c68	86776a93	ori	x21,x14,-1945	 x14:0x8afcc2d2 x21=0xfffffaf7
       23455000	      2344	80006c6c	f99a0c93	addi	x25,x20,-103	 x20:0xd9a77a90 x25=0xd9a77a29
       23465000	      2345	80006c70	ef9c0d93	addi	x27,x24,-263	 x24:0xffffff82 x27=0xfffffe7b
       23475000	      2346	80006c74	01cd9263	bne	x27,x28,80006c78	 x27:0xfffffe7b x28:0x00000004
       23485000	      2347	00000000	00000013	addi	x0,x0,0	  x0:0x00000000
       23495000	      2348	80006c74	00000013	addi	x0,x0,0	  x0:0x00000000
       23505000	      2349	80006c78	01429433	sll	x8,x5,x20	  x5:0x00000001 x20:0xd9a77a90  x8=0x00010000
       23515000	      2350	80006c7c	010f4433	xor	x8,x30,x16	 x30:0x80009f6c x16:0x00000001  x8=0x80009f6d
       23525000	      2351	80006c80	007ed9b3	srl	x19,x29,x7	 x29:0x00000000  x7:0x00000300 x19=0x00000000
       23535000	      2352	80006c84	01fb1933	sll	x18,x22,x31	 x22:0x00000000 x31:0x00000000 x18=0x00000000
       23545000	      2353	80006c88	00f21c63	bne	x4,x15,80006ca0	  x4:0x00000002 x15:0xffffff82
       23555000	      2354	00000000	00000013	addi	x0,x0,0	  x0:0x00000000
       23565000	      2355	80006c9c	00000013	addi	x0,x0,0	  x0:0x00000000
       23575000	      2356	80006ca0	01555eb3	srl	x29,x10,x21	 x10:0x8afccacc x21:0xfffffaf7 x29=0x00000115
       23585000	      2357	80006ca4	033be863	bltu	x23,x19,80006cd4	 x23:0x00000001 x19:0x00000000
       23595000	      2358	80006ca8	6f84a693	slti	x13,x9,1784	  x9:0x7fff77fb x13=0x00000000
       23605000	      2359	80006cac	009cf433	and	x8,x25,x9	 x25:0xd9a77a29  x9:0x7fff77fb  x8=0x59a77229
       23615000	      2360	80006cb0	006013b3	sll	x7,x0,x6	  x0:0x00000000  x6:0x7ffffb1f  x7=0x00000000
       23625000	      2361	80006cb4	839f2713	slti	x14,x30,-1991	 x30:0x80009f6c x14=0x00000001
       23635000	      2362	80006cb8	01874933	xor	x18,x14,x24	 x14:0x00000001 x24:0xffffff82 x18=0xffffff83
       23645000	      2363	80006cbc	03aa7863	bgeu	x20,x26,80006cec	 x20:0xd9a77a90 x26:0x2d492000
       23655000	      2364	00000000	00000013	addi	x0,x0,0	  x0:0x00000000
       23665000	      2365	80006ce8	00000013	addi	x0,x0,0	  x0:0x00000000
       23675000	      2366	80006cec	95a83117	auipc	x2,0x95a83	  x2=0x15a89ce8
       23685000	      2367	80006cf0	03418863	beq	x3,x20,80006d20	  x3:0x00080000 x20:0xd9a77a90
       23695000	      2368	80006cf4	01f4b6b3	sltu	x13,x9,x31	  x9:0x7fff77fb x31:0x00000000 x13=0x00000000
       23705000	      2369	80006cf8	053ae863	bltu	x21,x19,80006d48	 x21:0xfffffaf7 x19:0x00000000
       23715000	      2370	80006cfc	02740263	beq	x8,x7,80006d20	  x8:0x59a77229  x7:0x00000000
       23725000	      2371	80006d00	05538463	beq	x7,x21,80006d48	  x7:0x00000000 x21:0xfffffaf7
       23735000	      2372	80006d04	004ed813	srli	x16,x29,0x4	 x29:0x00000115 x16=0x00000011
       23745000	      2373	80006d08	07f1ec93	ori	x25,x3,127	  x3:0x00080000 x25=0x0008007f
       23755000	      2374	80006d0c	12248513	addi	x10,x9,290	  x9:0x7fff77fb x10=0x7fff791d
       23765000	      2375	80006d10	bc8d2193	slti	x3,x26,-1080	 x26:0x2d492000  x3=0x00000000
       23775000	      2376	80006d14	01281bb3	sll	x23,x16,x18	 x16:0x00000011 x18:0xffffff83 x23=0x00000088
       23785000	      2377	80006d18	01ff3eb3	sltu	x29,x30,x31	 x30:0x80009f6c x31:0x00000000 x29=0x00000000
       23795000	      2378	80006d1c	01510bb3	add	x23,x2,x21	  x2:0x15a89ce8 x21:0xfffffaf7 x23=0x15a897df
       23805000	      2379	80006d20	01552db3	slt	x27,x10,x21	 x10:0x7fff791d x21:0xfffffaf7 x27=0x00000000
       23815000	      2380	80006d24	056e8063	beq	x29,x22,80006d64	 x29:0x00000000 x22:0x00000000
       23825000	      2381	00000000	00000013	addi	x0,x0,0	  x0:0x00000000
       23835000	      2382	80006d60	00000013	addi	x0,x0,0	  x0:0x00000000
       23845000	      2383	80006d64	01d6acb3	slt	x25,x13,x29	 x13:0x00000000 x29:0x00000000 x25=0x00000000
       23855000	      2384	80006d68	407ec193	xori	x3,x29,1031	 x29:0x00000000  x3=0x00000407
       23865000	      2385	80006d6c	01cd5cb3	srl	x25,x26,x28	 x26:0x2d492000 x28:0x00000004 x25=0x02d49200
       23875000	      2386	80006d70	06e552b7	lui	x5,0x6e55	  x5=0x06e55000
       23885000	      2387	80006d74	004f2303	lw	x6,4(x30)	 x30:0x80009f6c  x6=0x80000138 PA:0x80009f70
       23895000	      2388	80006d78	1d8a5e97	auipc	x29,0x1d8a5	 x29=0x9d8abd74
       23905000	      2389	80006d7c	41a5d033	sra	x0,x11,x26	 x11:0x015e9a48 x26:0x2d492000
       23915000	      2390	80006d80	018f0f13	addi	x30,x30,24	 x30:0x80009f6c x30=0x80009f84
       23925000	      2391	80006d84	4082de93	srai	x29,x5,0x8	  x5:0x06e55000 x29=0x0006e550
       23935000	      2392	80006d88	00030d93	addi	x27,x6,0	  x6:0x80000138 x27=0x80000138
       23945000	      2393	80006d8c	000d8de7	jalr	x27,x27,0	 x27:0x80000138 x27=0x80006d8c
       23955000	      2394	00000000	00000013	addi	x0,x0,0	  x0:0x00000000
       23965000	      2395	80000138	00000013	addi	x0,x0,0	  x0:0x00000000
       23975000	      2396	8000013c	00009a17	auipc	x20,0x9	 x20=0x80009138
       23985000	      2397	80000140	dafa0a13	addi	x20,x20,-593	 x20:0x80009138 x20=0x80008ee7
       23995000	      2398	80000144	c9060013	addi	x0,x12,-880	 x12:0x80009fc4
       24005000	      2399	80000148	00000013	addi	x0,x0,0	  x0:0x00000000
       24015000	      2400	8000014c	0ada0d23	sb	x13,186(x20)	 x20:0x80008ee7 x13:0x00000000 PA:0x80008fa1
       24025000	      2401	80000150	01fc5593	srli	x11,x24,0x1f	 x24:0xffffff82 x11=0x00000001
       24035000	      2402	80000154	00513b33	sltu	x22,x2,x5	  x2:0x15a89ce8  x5:0x06e55000 x22=0x00000000
       24045000	      2403	80000158	414e0133	sub	x2,x28,x20	 x28:0x00000004 x20:0x80008ee7  x2=0x7fff711d
       24055000	      2404	8000015c	0c8a4983	lbu	x19,200(x20)	 x20:0x80008ee7 x19=0x00000026 PA:0x80008faf
       24065000	      2405	80000160	0e2a4503	lbu	x10,226(x20)	 x20:0x80008ee7 x10=0x00000078 PA:0x80008fc9
       24075000	      2406	80000164	b87a4503	lbu	x10,-1145(x20)	 x20:0x80008ee7 x10=0x0000008b PA:0x80008a6e
       24085000	      2407	80000168	1d43a713	slti	x14,x7,468	  x7:0x00000000 x14=0x00000001
       24095000	      2408	8000016c	00abe033	or	x0,x23,x10	 x23:0x15a897df x10:0x0000008b
       24105000	      2409	80000170	00810533	add	x10,x2,x8	  x2:0x7fff711d  x8:0x59a77229 x10=0xd9a6e346
       24115000	      2410	80000174	0f5a5c03	lhu	x24,245(x20)	 x20:0x80008ee7 x24=0x00008420 PA:0x80008fdc
       24125000	      2411	00000000	00000013	addi	x0,x0,0	  x0:0x00000000
       24135000	      2412	80000178	76fc6893	ori	x17,x24,1903	 x24:0x00008420 x17=0x0000876f
       24145000	      2413	8000017c	c5fd0b13	addi	x22,x26,-929	 x26:0x2d492000 x22=0x2d491c5f
       24155000	      2414	80000180	ea6eaf93	slti	x31,x29,-346	 x29:0x0006e550 x31=0x00000000
       24165000	      2415	80000184	019703b3	add	x7,x14,x25	 x14:0x00000001 x25:0x02d49200  x7=0x02d49201
       24175000	      2416	80000188	b5fa0623	sb	x31,-1204(x20)	 x20:0x80008ee7 x31:0x00000000 PA:0x80008a33
       24185000	      2417	8000018c	18743b13	sltiu	x22,x8,391	  x8:0x59a77229 x22=0x00000000
       24195000	      2418	80000190	01a1cb33	xor	x22,x3,x26	  x3:0x00000407 x26:0x2d492000 x22=0x2d492407
       24205000	      2419	80000194	a45a0483	lb	x9,-1467(x20)	 x20:0x80008ee7  x9=0x00000033 PA:0x8000892c
       24215000	      2420	80000198	e13a5a83	lhu	x21,-493(x20)	 x20:0x80008ee7 x21=0x00004de1 PA:0x80008cfa
       24225000	      2421	8000019c	e9720b93	addi	x23,x4,-361	  x4:0x00000002 x23=0xfffffe99
       24235000	      2422	800001a0	c96a0623	sb	x22,-884(x20)	 x20:0x80008ee7 x22:0x2d492407 PA:0x80008b73
       24245000	      2423	800001a4	ddea0d83	lb	x27,-546(x20)	 x20:0x80008ee7 x27=0x00000066 PA:0x80008cc5
       24255000	      2424	800001a8	0e1a0823	sb	x1,240(x20)	 x20:0x80008ee7  x1:0x0003ffff PA:0x80008fd7
       24265000	      2425	800001ac	6d187d93	andi	x27,x16,1745	 x16:0x00000011 x27=0x00000011
       24275000	      2426	800001b0	ef1a0ca3	sb	x17,-263(x20)	 x20:0x80008ee7 x17:0x0000876f PA:0x80008de0
       24285000	      2427	800001b4	e39a04a3	sb	x25,-471(x20)	 x20:0x80008ee7 x25:0x02d49200 PA:0x80008d10
       24295000	      2428	800001b8	e8fa1683	lh	x13,-369(x20)	 x20:0x80008ee7 x13=0xffff9b41 PA:0x80008d76
       24305000	      2429	800001bc	d38ea997	auipc	x19,0xd38ea	 x19=0x538ea1b8
       24315000	      2430	800001c0	011ea0b3	slt	x1,x29,x17	 x29:0x0006e550 x17:0x0000876f  x1=0x00000000
       24325000	      2431	800001c4	9d9a0583	lb	x11,-1575(x20)	 x20:0x80008ee7 x11=0x00000017 PA:0x800088c0
       24335000	      2432	800001c8	00ce9793	slli	x15,x29,0xc	 x29:0x0006e550 x15=0x6e550000
       24345000	      2433	800001cc	41a486b3	sub	x13,x9,x26	  x9:0x00000033 x26:0x2d492000 x13=0xd2b6e033
       24355000	      2434	800001d0	d6ca4483	lbu	x9,-660(x20)	 x20:0x80008ee7  x9=0x000000e0 PA:0x80008c53
       24365000	      2435	800001d4	f76a0283	lb	x5,-138(x20)	 x20:0x80008ee7  x5=0x00000005 PA:0x80008e5d
       24375000	      2436	800001d8	00000013	addi	x0,x0,0	  x0:0x00000000
       24385000	      2437	800001dc	c77a4003	lbu	x0,-905(x20)	 x20:0x80008ee7 PA:0x80008b5e
       24395000	      2438	800001e0	f97a4a83	lbu	x21,-105(x20)	 x20:0x80008ee7 x21=0x00000077 PA:0x80008e7e
       24405000	      2439	800001e4	007b26b3	slt	x13,x22,x7	 x22:0x2d492407  x7:0x02d49201 x13=0x00000000
       24415000	      2440	800001e8	f6ba4403	lbu	x8,-149(x20)	 x20:0x80008ee7  x8=0x000000b5 PA:0x80008e52
       24425000	      2441	800001ec	0133f2b3	and	x5,x7,x19	  x7:0x02d49201 x19:0x538ea1b8  x5=0x02848000
       24435000	      2442	800001f0	006a0583	lb	x11,6(x20)	 x20:0x80008ee7 x11=0x0000006c PA:0x80008eed
       24445000	      2443	800001f4	bf8a0d23	sb	x24,-1030(x20)	 x20:0x80008ee7 x24:0x00008420 PA:0x80008ae1
       24455000	      2444	800001f8	d75a13a3	sh	x21,-665(x20)	 x20:0x80008ee7 x21:0x00000077 PA:0x80008c4e
       24465000	      2445	800001fc	0535d263	bge	x11,x19,80000240	 x11:0x0000006c x19:0x538ea1b8
       24475000	      2446	80000200	4568c913	xori	x18,x17,1110	 x17:0x0000876f x18=0x00008339
       24485000	      2447	80000204	41a55713	srai	x14,x10,0x1a	 x10:0xd9a6e346 x14=0xfffffff6
       24495000	      2448	80000208	03a58663	beq	x11,x26,80000234	 x11:0x0000006c x26:0x2d492000
       24505000	      2449	8000020c	eb53fb13	andi	x22,x7,-331	  x7:0x02d49201 x22=0x02d49201
       24515000	      2450	80000210	00989133	sll	x2,x17,x9	 x17:0x0000876f  x9:0x000000e0  x2=0x0000876f
       24525000	      2451	80000214	0284e863	bltu	x9,x8,80000244	  x9:0x000000e0  x8:0x000000b5
       24535000	      2452	80000218	a9ad2897	auipc	x17,0xa9ad2	 x17=0x29ad2214
       24545000	      2453	8000021c	07629463	bne	x5,x22,80000284	  x5:0x02848000 x22:0x02d49201
       24555000	      2454	00000000	00000013	addi	x0,x0,0	  x0:0x00000000
       24565000	      2455	80000280	00000013	addi	x0,x0,0	  x0:0x00000000
       24575000	      2456	80000284	01d79113	slli	x2,x15,0x1d	 x15:0x6e550000  x2=0x00000000
       24585000	      2457	80000288	01163ab3	sltu	x21,x12,x17	 x12:0x80009fc4 x17:0x29ad2214 x21=0x00000000
       24595000	      2458	8000028c	05a77263	bgeu	x14,x26,800002d0	 x14:0xfffffff6 x26:0x2d492000
       24605000	      2459	00000000	00000013	addi	x0,x0,0	  x0:0x00000000
       24615000	      2460	800002cc	00000013	addi	x0,x0,0	  x0:0x00000000
       24625000	      2461	800002d0	00000013	addi	x0,x0,0	  x0:0x00000000
       24635000	      2462	800002d4	018e9a33	sll	x20,x29,x24	 x29:0x0006e550 x24:0x00008420 x20=0x0006e550
       24645000	      2463	800002d8	546da113	slti	x2,x27,1350	 x27:0x00000011  x2=0x00000001
       24655000	      2464	800002dc	4b1333b7	lui	x7,0x4b133	  x7=0x4b133000
       24665000	      2465	800002e0	69717913	andi	x18,x2,1687	  x2:0x00000001 x18=0x00000001
       24675000	      2466	800002e4	01c39593	slli	x11,x7,0x1c	  x7:0x4b133000 x11=0x00000000
       24685000	      2467	800002e8	40da8433	sub	x8,x21,x13	 x21:0x00000000 x13:0x00000000  x8=0x00000000
       24695000	      2468	800002ec	00f92833	slt	x16,x18,x15	 x18:0x00000001 x15:0x6e550000 x16=0x00000001
       24705000	      2469	800002f0	02cc5063	bge	x24,x12,80000310	 x24:0x00008420 x12:0x80009fc4
       24715000	      2470	00000000	00000013	addi	x0,x0,0	  x0:0x00000000
       24725000	      2471	8000030c	00000013	addi	x0,x0,0	  x0:0x00000000
       24735000	      2472	80000310	a284fd93	andi	x27,x9,-1496	  x9:0x000000e0 x27=0x00000020
       24745000	      2473	80000314	005f01b3	add	x3,x30,x5	 x30:0x80009f84  x5:0x02848000  x3=0x82851f84
       24755000	      2474	80000318	002b9d93	slli	x27,x23,0x2	 x23:0xfffffe99 x27=0xfffffa64
       24765000	      2475	8000031c	01070233	add	x4,x14,x16	 x14:0xfffffff6 x16:0x00000001  x4=0xfffffff7
       24775000	      2476	80000320	ab4eca93	xori	x21,x29,-1356	 x29:0x0006e550 x21=0xfff91fe4
       24785000	      2477	80000324	01715413	srli	x8,x2,0x17	  x2:0x00000001  x8=0x00000000
       24795000	      2478	80000328	810ba313	slti	x6,x23,-2032	 x23:0xfffffe99  x6=0x00000000
       24805000	      2479	8000032c	02da0863	beq	x20,x13,8000035c	 x20:0x0006e550 x13:0x00000000
       24815000	      2480	80000330	0016dab3	srl	x21,x13,x1	 x13:0x00000000  x1:0x00000000 x21=0x00000000
       24825000	      2481	80000334	2a26b917	auipc	x18,0x2a26b	 x18=0xaa26b330
       24835000	      2482	80000338	0108c833	xor	x16,x17,x16	 x17:0x29ad2214 x16:0x00000001 x16=0x29ad2215
       24845000	      2483	8000033c	016052b3	srl	x5,x0,x22	  x0:0x00000000 x22:0x02d49201  x5=0x00000000
       24855000	      2484	80000340	01607263	bgeu	x0,x22,80000344	  x0:0x00000000 x22:0x02d49201
       24865000	      2485	80000344	015d44b3	xor	x9,x26,x21	 x26:0x2d492000 x21:0x00000000  x9=0x2d492000
       24875000	      2486	80000348	02227263	bgeu	x4,x2,8000036c	  x4:0xfffffff7  x2:0x00000001
       24885000	      2487	00000000	00000013	addi	x0,x0,0	  x0:0x00000000
       24895000	      2488	80000368	00000013	addi	x0,x0,0	  x0:0x00000000
       24905000	      2489	8000036c	5ff54b13	xori	x22,x10,1535	 x10:0xd9a6e346 x22=0xd9a6e6b9
       24915000	      2490	80000370	41d45213	srai	x4,x8,0x1d	  x8:0x00000000  x4=0x00000000
       24925000	      2491	80000374	018208b3	add	x17,x4,x24	  x4:0x00000000 x24:0x00008420 x17=0x00008420
       24935000	      2492	80000378	401b5893	srai	x17,x22,0x1	 x22:0xd9a6e6b9 x17=0xecd3735c
       24945000	      2493	8000037c	2dd33f93	sltiu	x31,x6,733	  x6:0x00000000 x31=0x00000001
       24955000	      2494	80000380	00b51d93	slli	x27,x10,0xb	 x10:0xd9a6e346 x27=0x371a3000
       24965000	      2495	80000384	8613df97	auipc	x31,0x8613d	 x31=0x0613d380
       24975000	      2496	80000388	00ed5863	bge	x26,x14,80000398	 x26:0x2d492000 x14:0xfffffff6
       24985000	      2497	00000000	00000013	addi	x0,x0,0	  x0:0x00000000
       24995000	      2498	80000394	00000013	addi	x0,x0,0	  x0:0x00000000
       25005000	      2499	80000398	01b75a63	bge	x14,x27,800003ac	 x14:0xfffffff6 x27:0x371a3000
       25015000	      2500	8000039c	a21eb013	sltiu	x0,x29,-1503	 x29:0x0006e550
       25025000	      2501	800003a0	01a054b3	srl	x9,x0,x26	  x0:0x00000000 x26:0x2d492000  x9=0x00000000
       25035000	      2502	800003a4	417809b3	sub	x19,x16,x23	 x16:0x29ad2215 x23:0xfffffe99 x19=0x29ad237c
       25045000	      2503	800003a8	009f17b3	sll	x15,x30,x9	 x30:0x80009f84  x9:0x00000000 x15=0x80009f84
       25055000	      2504	800003ac	00859f93	slli	x31,x11,0x8	 x11:0x00000000 x31=0x00000000
       25065000	      2505	800003b0	00f95593	srli	x11,x18,0xf	 x18:0xaa26b330 x11=0x0001544d
       25075000	      2506	800003b4	00abd233	srl	x4,x23,x10	 x23:0xfffffe99 x10:0xd9a6e346  x4=0x03fffffa
       25085000	      2507	800003b8	f4ca3793	sltiu	x15,x20,-180	 x20:0x0006e550 x15=0x00000001
       25095000	      2508	800003bc	01dc0b33	add	x22,x24,x29	 x24:0x00008420 x29:0x0006e550 x22=0x00076970
       25105000	      2509	800003c0	018f71b3	and	x3,x30,x24	 x30:0x80009f84 x24:0x00008420  x3=0x00008400
       25115000	      2510	800003c4	00541c63	bne	x8,x5,800003dc	  x8:0x00000000  x5:0x00000000
       25125000	      2511	800003c8	9921fc97	auipc	x25,0x9921f	 x25=0x1921f3c4
       25135000	      2512	800003cc	00f13ab3	sltu	x21,x2,x15	  x2:0x00000001 x15:0x00000001 x21=0x00000000
       25145000	      2513	800003d0	00000013	addi	x0,x0,0	  x0:0x00000000
       25155000	      2514	800003d4	01465793	srli	x15,x12,0x14	 x12:0x80009fc4 x15=0x00000800
       25165000	      2515	800003d8	ebbaa497	auipc	x9,0xebbaa	  x9=0x6bbaa3d4
       25175000	      2516	800003dc	01e31993	slli	x19,x6,0x1e	  x6:0x00000000 x19=0x00000000
       25185000	      2517	800003e0	0035d493	srli	x9,x11,0x3	 x11:0x0001544d  x9=0x00002a89
       25195000	      2518	800003e4	00b265b3	or	x11,x4,x11	  x4:0x03fffffa x11:0x0001544d x11=0x03ffffff
       25205000	      2519	800003e8	00000013	addi	x0,x0,0	  x0:0x00000000
       25215000	      2520	800003ec	0162f8b3	and	x17,x5,x22	  x5:0x00000000 x22:0x00076970 x17=0x00000000
       25225000	      2521	800003f0	0cd66fb7	lui	x31,0xcd66	 x31=0x0cd66000
       25235000	      2522	800003f4	6888bb13	sltiu	x22,x17,1672	 x17:0x00000000 x22=0x00000001
       25245000	      2523	800003f8	4867c593	xori	x11,x15,1158	 x15:0x00000800 x11=0x00000c86
       25255000	      2524	800003fc	67a58837	lui	x16,0x67a58	 x16=0x67a58000
       25265000	      2525	80000400	01ceb533	sltu	x10,x29,x28	 x29:0x0006e550 x28:0x00000004 x10=0x00000000
       25275000	      2526	80000404	00000013	addi	x0,x0,0	  x0:0x00000000
       25285000	      2527	80000408	00000013	addi	x0,x0,0	  x0:0x00000000
       25295000	      2528	8000040c	54398313	addi	x6,x19,1347	 x19:0x00000000  x6=0x00000543
       25305000	      2529	80000410	02fd0463	beq	x26,x15,80000438	 x26:0x2d492000 x15:0x00000800
       25315000	      2530	80000414	00000013	addi	x0,x0,0	  x0:0x00000000
       25325000	      2531	80000418	0548d663	bge	x17,x20,80000464	 x17:0x00000000 x20:0x0006e550
       25335000	      2532	8000041c	56c4da17	auipc	x20,0x56c4d	 x20=0xd6c4d418
       25345000	      2533	80000420	a23d0c13	addi	x24,x26,-1501	 x26:0x2d492000 x24=0x2d491a23
       25355000	      2534	80000424	019b2db3	slt	x27,x22,x25	 x22:0x00000001 x25:0x1921f3c4 x27=0x00000001
       25365000	      2535	80000428	014d50b3	srl	x1,x26,x20	 x26:0x2d492000 x20:0xd6c4d418  x1=0x0000002d
       25375000	      2536	8000042c	535a3893	sltiu	x17,x20,1333	 x20:0xd6c4d418 x17=0x00000000
       25385000	      2537	80000430	c2966113	ori	x2,x12,-983	 x12:0x80009fc4  x2=0xffffffed
       25395000	      2538	80000434	01530933	add	x18,x6,x21	  x6:0x00000543 x21:0x00000000 x18=0x00000543
       25405000	      2539	80000438	003afa63	bgeu	x21,x3,8000044c	 x21:0x00000000  x3:0x00008400
       25415000	      2540	8000043c	008f83b3	add	x7,x31,x8	 x31:0x0cd66000  x8:0x00000000  x7=0x0cd66000
       25425000	      2541	80000440	968f0513	addi	x10,x30,-1688	 x30:0x80009f84 x10=0x800098ec
       25435000	      2542	80000444	05cc0663	beq	x24,x28,80000490	 x24:0x2d491a23 x28:0x00000004
       25445000	      2543	80000448	00a92233	slt	x4,x18,x10	 x18:0x00000543 x10:0x800098ec  x4=0x00000000
       25455000	      2544	8000044c	1e248793	addi	x15,x9,482	  x9:0x00002a89 x15=0x00002c6b
       25465000	      2545	80000450	014a5c13	srli	x24,x20,0x14	 x20:0xd6c4d418 x24=0x00000d6c
       25475000	      2546	80000454	f56b0493	addi	x9,x22,-170	 x22:0x00000001  x9=0xffffff57
       25485000	      2547	80000458	04f45663	bge	x8,x15,800004a4	  x8:0x00000000 x15:0x00002c6b
       25495000	      2548	8000045c	0356ea63	bltu	x13,x21,80000490	 x13:0x00000000 x21:0x00000000
       25505000	      2549	80000460	0111abb3	slt	x23,x3,x17	  x3:0x00008400 x17:0x00000000 x23=0x00000000
       25515000	      2550	80000464	416808b3	sub	x17,x16,x22	 x16:0x67a58000 x22:0x00000001 x17=0x67a57fff
       25525000	      2551	80000468	f4be3b13	sltiu	x22,x28,-181	 x28:0x00000004 x22=0x00000001
       25535000	      2552	8000046c	00021db3	sll	x27,x4,x0	  x4:0x00000000  x0:0x00000000 x27=0x00000000
       25545000	      2553	80000470	00041733	sll	x14,x8,x0	  x8:0x00000000  x0:0x00000000 x14=0x00000000
       25555000	      2554	80000474	339a3593	sltiu	x11,x20,825	 x20:0xd6c4d418 x11=0x00000000
       25565000	      2555	80000478	02238263	beq	x7,x2,8000049c	  x7:0x0cd66000  x2:0xffffffed
       25575000	      2556	8000047c	7e882c93	slti	x25,x16,2024	 x16:0x67a58000 x25=0x00000000
       25585000	      2557	80000480	415ed933	sra	x18,x29,x21	 x29:0x0006e550 x21:0x00000000 x18=0x0006e550
       25595000	      2558	80000484	018fa0b3	slt	x1,x31,x24	 x31:0x0cd66000 x24:0x00000d6c  x1=0x00000000
       25605000	      2559	80000488	00000013	addi	x0,x0,0	  x0:0x00000000
       25615000	      2560	8000048c	0188c2b3	xor	x5,x17,x24	 x17:0x67a57fff x24:0x00000d6c  x5=0x67a57293
       25625000	      2561	80000490	00279a93	slli	x21,x15,0x2	 x15:0x00002c6b x21=0x0000b1ac
       25635000	      2562	80000494	1f2c2093	slti	x1,x24,498	 x24:0x00000d6c  x1=0x00000000
       25645000	      2563	80000498	4a553b13	sltiu	x22,x10,1189	 x10:0x800098ec x22=0x00000000
       25655000	      2564	8000049c	6d072593	slti	x11,x14,1744	 x14:0x00000000 x11=0x00000001
       25665000	      2565	800004a0	018a9c63	bne	x21,x24,800004b8	 x21:0x0000b1ac x24:0x00000d6c
       25675000	      2566	00000000	00000013	addi	x0,x0,0	  x0:0x00000000
       25685000	      2567	800004b4	00000013	addi	x0,x0,0	  x0:0x00000000
       25695000	      2568	800004b8	018dda33	srl	x20,x27,x24	 x27:0x00000000 x24:0x00000d6c x20=0x00000000
       25705000	      2569	800004bc	40a55813	srai	x16,x10,0xa	 x10:0x800098ec x16=0xffe00026
       25715000	      2570	800004c0	8960a217	auipc	x4,0x8960a	  x4=0x0960a4bc
       25725000	      2571	800004c4	417586b3	sub	x13,x11,x23	 x11:0x00000001 x23:0x00000000 x13=0x00000001
       25735000	      2572	800004c8	0394d263	bge	x9,x25,800004ec	  x9:0xffffff57 x25:0x00000000
       25745000	      2573	800004cc	02599c63	bne	x19,x5,80000504	 x19:0x00000000  x5:0x67a57293
       25755000	      2574	00000000	00000013	addi	x0,x0,0	  x0:0x00000000
       25765000	      2575	80000500	00000013	addi	x0,x0,0	  x0:0x00000000
       25775000	      2576	80000504	d086c593	xori	x11,x13,-760	 x13:0x00000001 x11=0xfffffd09
       25785000	      2577	80000508	00000e17	auipc	x28,0x0	 x28=0x80000504
       25795000	      2578	8000050c	00ce0e13	addi	x28,x28,12	 x28:0x80000504 x28=0x80000510
       25805000	      2579	80000510	000e0067	jalr	x0,x28,0	 x28:0x80000510
       25815000	      2580	00000000	00000013	addi	x0,x0,0	  x0:0x00000000
       25825000	      2581	80000510	00000013	addi	x0,x0,0	  x0:0x00000000
       25835000	      2582	80000514	00100193	addi	x3,x0,1	  x0:0x00000000  x3=0x00000001
       25845000	      2583	80000518	00000073	ecall	
       25855000	      2584	8000051c	016652b3	srl	x5,x12,x22	 x12:0x80009fc4 x22:0x00000000  x5=0x80009fc4
