		Time			Cycle	PC		Insn	Decoded instruction	Register and memory contents
          65000	         5	80000004	00000293	addi	x5,x0,0	  x0:0x00000000  x5=0x00000000
          75000	         6	80000008	00000313	addi	x6,x0,0	  x0:0x00000000  x6=0x00000000
          85000	         7	8000000c	00628263	beq	x5,x6,80000010	  x5:0x00000000  x6:0x00000000
          95000	         8	00000000	00000013	addi	x0,x0,0	  x0:0x00000000
         105000	         9	8000000c	00000013	addi	x0,x0,0	  x0:0x00000000
         115000	        10	80000010	00000917	auipc	x18,0x0	 x18=0x8000000c
         125000	        11	80000014	00c90913	addi	x18,x18,12	 x18:0x8000000c x18=0x80000018
         135000	        12	80000018	00090067	jalr	x0,x18,0	 x18:0x80000018
         145000	        13	00000000	00000013	addi	x0,x0,0	  x0:0x00000000
         155000	        14	80000018	00000013	addi	x0,x0,0	  x0:0x00000000
         165000	        15	8000001c	40000cb7	lui	x25,0x40000	 x25=0x40000000
         175000	        16	80000020	100c8c93	addi	x25,x25,256	 x25:0x40000000 x25=0x40000100
         185000	        17	80000024	00000013	addi	x0,x0,0	  x0:0x00000000
         195000	        18	80000028	0000ab17	auipc	x22,0xa	 x22=0x8000a024
         205000	        19	8000002c	fa0b0b13	addi	x22,x22,-96	 x22:0x8000a024 x22=0x80009fc4
         215000	        20	80000030	00007c97	auipc	x25,0x7	 x25=0x8000702c
         225000	        21	80000034	b98c8c93	addi	x25,x25,-1128	 x25:0x8000702c x25=0x80006bc4
         235000	        22	80000038	000cec93	ori	x25,x25,0	 x25:0x80006bc4 x25=0x80006bc4
         245000	        23	8000003c	00000013	addi	x0,x0,0	  x0:0x00000000
         255000	        24	80000040	00000c97	auipc	x25,0x0	 x25=0x8000003c
         265000	        25	80000044	020c8c93	addi	x25,x25,32	 x25:0x8000003c x25=0x8000005c
         275000	        26	80000048	00000013	addi	x0,x0,0	  x0:0x00000000
         285000	        27	8000004c	00000013	addi	x0,x0,0	  x0:0x00000000
         295000	        28	80000050	00002cb7	lui	x25,0x2	 x25=0x00002000
         305000	        29	80000054	800c8c93	addi	x25,x25,-2048	 x25:0x00002000 x25=0x00001800
         315000	        30	80000058	00000013	addi	x0,x0,0	  x0:0x00000000
         325000	        31	8000005c	00000013	addi	x0,x0,0	  x0:0x00000000
         335000	        32	80000060	fd5b8037	lui	x0,0xfd5b8	
         345000	        33	80000064	3cd00013	addi	x0,x0,973	  x0:0x00000000
         355000	        34	80000068	00000093	addi	x1,x0,0	  x0:0x00000000  x1=0x00000000
         365000	        35	8000006c	00f00113	addi	x2,x0,15	  x0:0x00000000  x2=0x0000000f
         375000	        36	80000070	800001b7	lui	x3,0x80000	  x3=0x80000000
         385000	        37	80000074	80000237	lui	x4,0x80000	  x4=0x80000000
         395000	        38	80000078	00b00293	addi	x5,x0,11	  x0:0x00000000  x5=0x0000000b
         405000	        39	8000007c	f50b5337	lui	x6,0xf50b5	  x6=0xf50b5000
         415000	        40	80000080	69d30313	addi	x6,x6,1693	  x6:0xf50b5000  x6=0xf50b569d
         425000	        41	80000084	00a00393	addi	x7,x0,10	  x0:0x00000000  x7=0x0000000a
         435000	        42	80000088	46096437	lui	x8,0x46096	  x8=0x46096000
         445000	        43	8000008c	1e440413	addi	x8,x8,484	  x8:0x46096000  x8=0x460961e4
         455000	        44	80000090	f4bc54b7	lui	x9,0xf4bc5	  x9=0xf4bc5000
         465000	        45	80000094	2d648493	addi	x9,x9,726	  x9:0xf4bc5000  x9=0xf4bc52d6
         475000	        46	80000098	00000513	addi	x10,x0,0	  x0:0x00000000 x10=0x00000000
         485000	        47	8000009c	67ac35b7	lui	x11,0x67ac3	 x11=0x67ac3000
         495000	        48	800000a0	29858593	addi	x11,x11,664	 x11:0x67ac3000 x11=0x67ac3298
         505000	        49	800000a4	00000693	addi	x13,x0,0	  x0:0x00000000 x13=0x00000000
         515000	        50	800000a8	80000737	lui	x14,0x80000	 x14=0x80000000
         525000	        51	800000ac	00000793	addi	x15,x0,0	  x0:0x00000000 x15=0x00000000
         535000	        52	800000b0	00000813	addi	x16,x0,0	  x0:0x00000000 x16=0x00000000
         545000	        53	800000b4	a95e08b7	lui	x17,0xa95e0	 x17=0xa95e0000
         555000	        54	800000b8	51488893	addi	x17,x17,1300	 x17:0xa95e0000 x17=0xa95e0514
         565000	        55	800000bc	86c12937	lui	x18,0x86c12	 x18=0x86c12000
         575000	        56	800000c0	af490913	addi	x18,x18,-1292	 x18:0x86c12000 x18=0x86c11af4
         585000	        57	800000c4	00000993	addi	x19,x0,0	  x0:0x00000000 x19=0x00000000
         595000	        58	800000c8	80000a37	lui	x20,0x80000	 x20=0x80000000
         605000	        59	800000cc	80000ab7	lui	x21,0x80000	 x21=0x80000000
         615000	        60	800000d0	00000b93	addi	x23,x0,0	  x0:0x00000000 x23=0x00000000
         625000	        61	800000d4	f0c6fc37	lui	x24,0xf0c6f	 x24=0xf0c6f000
         635000	        62	800000d8	3b7c0c13	addi	x24,x24,951	 x24:0xf0c6f000 x24=0xf0c6f3b7
         645000	        63	800000dc	76f9fcb7	lui	x25,0x76f9f	 x25=0x76f9f000
         655000	        64	800000e0	616c8c93	addi	x25,x25,1558	 x25:0x76f9f000 x25=0x76f9f616
         665000	        65	800000e4	00000d13	addi	x26,x0,0	  x0:0x00000000 x26=0x00000000
         675000	        66	800000e8	f3a19db7	lui	x27,0xf3a19	 x27=0xf3a19000
         685000	        67	800000ec	fc9d8d93	addi	x27,x27,-55	 x27:0xf3a19000 x27=0xf3a18fc9
         695000	        68	800000f0	f35fee37	lui	x28,0xf35fe	 x28=0xf35fe000
         705000	        69	800000f4	606e0e13	addi	x28,x28,1542	 x28:0xf35fe000 x28=0xf35fe606
         715000	        70	800000f8	ff43feb7	lui	x29,0xff43f	 x29=0xff43f000
         725000	        71	800000fc	cd6e8e93	addi	x29,x29,-810	 x29:0xff43f000 x29=0xff43ecd6
         735000	        72	80000100	80000f37	lui	x30,0x80000	 x30=0x80000000
         745000	        73	80000104	00000f93	addi	x31,x0,0	  x0:0x00000000 x31=0x00000000
         755000	        74	80000108	0000a617	auipc	x12,0xa	 x12=0x8000a104
         765000	        75	8000010c	e8060613	addi	x12,x12,-384	 x12:0x8000a104 x12=0x80009f84
         775000	        76	80000110	00008497	auipc	x9,0x8	  x9=0x8000810c
         785000	        77	80000114	70f48493	addi	x9,x9,1807	  x9:0x8000810c  x9=0x8000881b
         795000	        78	80000118	00409e13	slli	x28,x1,0x4	  x1:0x00000000 x28=0x00000000
         805000	        79	8000011c	0334ce03	lbu	x28,51(x9)	  x9:0x8000881b x28=0x000000dd PA:0x8000884e
         815000	        80	80000120	00949e83	lh	x29,9(x9)	  x9:0x8000881b x29=0x000060a4 PA:0x80008824
         825000	        81	80000124	3ac7c793	xori	x15,x15,940	 x15:0x00000000 x15=0x000003ac
         835000	        82	80000128	02848203	lb	x4,40(x9)	  x9:0x8000881b  x4=0x00000014 PA:0x80008843
         845000	        83	8000012c	3d0962b7	lui	x5,0x3d096	  x5=0x3d096000
         855000	        84	80000130	3e18ec93	ori	x25,x17,993	 x17:0xa95e0514 x25=0xa95e07f5
         865000	        85	80000134	0314a203	lw	x4,49(x9)	  x9:0x8000881b  x4=0xbedda127 PA:0x8000884c
         875000	        86	80000138	018f9eb3	sll	x29,x31,x24	 x31:0x00000000 x24:0xf0c6f3b7 x29=0x00000000
         885000	        87	8000013c	03349103	lh	x2,51(x9)	  x9:0x8000881b  x2=0xffffbedd PA:0x8000884e
         895000	        88	80000140	013d5893	srli	x17,x26,0x13	 x26:0x00000000 x17=0x00000000
         905000	        89	80000144	03f48703	lb	x14,63(x9)	  x9:0x8000881b x14=0x00000036 PA:0x8000885a
         915000	        90	80000148	46453ab7	lui	x21,0x46453	 x21=0x46453000
         925000	        91	8000014c	00d04bb3	xor	x23,x0,x13	  x0:0x00000000 x13:0x00000000 x23=0x00000000
         935000	        92	80000150	415c5c13	srai	x24,x24,0x15	 x24:0xf0c6f3b7 x24=0xffffff86
         945000	        93	80000154	01e4ce83	lbu	x29,30(x9)	  x9:0x8000881b x29=0x00000021 PA:0x80008839
         955000	        94	80000158	01648f83	lb	x31,22(x9)	  x9:0x8000881b x31=0x00000004 PA:0x80008831
         965000	        95	8000015c	02149fa3	sh	x1,63(x9)	  x9:0x8000881b  x1:0x00000000 PA:0x8000885a
         975000	        96	80000160	48253593	sltiu	x11,x10,1154	 x10:0x00000000 x11=0x00000001
         985000	        97	80000164	18990c93	addi	x25,x18,393	 x18:0x86c11af4 x25=0x86c11c7d
         995000	        98	80000168	d7598d13	addi	x26,x19,-651	 x19:0x00000000 x26=0xfffffd75
        1005000	        99	8000016c	0364c403	lbu	x8,54(x9)	  x9:0x8000881b  x8=0x00000008 PA:0x80008851
        1015000	       100	80000170	01d4a3b3	slt	x7,x9,x29	  x9:0x8000881b x29:0x00000021  x7=0x00000001
        1025000	       101	80000174	00848f03	lb	x30,8(x9)	  x9:0x8000881b x30=0xffffffe3 PA:0x80008823
        1035000	       102	80000178	0234c703	lbu	x14,35(x9)	  x9:0x8000881b x14=0x00000062 PA:0x8000883e
        1045000	       103	8000017c	0066df33	srl	x30,x13,x6	 x13:0x00000000  x6:0xf50b569d x30=0x00000000
        1055000	       104	80000180	03848a03	lb	x20,56(x9)	  x9:0x8000881b x20=0x00000065 PA:0x80008853
        1065000	       105	80000184	4112df93	srai	x31,x5,0x11	  x5:0x3d096000 x31=0x00001e84
        1075000	       106	80000188	00848f23	sb	x8,30(x9)	  x9:0x8000881b  x8:0x00000008 PA:0x80008839
        1085000	       107	8000018c	01a8f433	and	x8,x17,x26	 x17:0x00000000 x26:0xfffffd75  x8=0x00000000
        1095000	       108	80000190	e0e6f793	andi	x15,x13,-498	 x13:0x00000000 x15=0x00000000
        1105000	       109	80000194	00648083	lb	x1,6(x9)	  x9:0x8000881b  x1=0x00000038 PA:0x80008821
        1115000	       110	80000198	00000013	addi	x0,x0,0	  x0:0x00000000
        1125000	       111	8000019c	0054dc03	lhu	x24,5(x9)	  x9:0x8000881b x24=0x00003867 PA:0x80008820
        1135000	       112	800001a0	03148f83	lb	x31,49(x9)	  x9:0x8000881b x31=0x00000027 PA:0x8000884c
        1145000	       113	800001a4	0034c703	lbu	x14,3(x9)	  x9:0x8000881b x14=0x00000082 PA:0x8000881e
        1155000	       114	800001a8	00000013	addi	x0,x0,0	  x0:0x00000000
        1165000	       115	800001ac	fff4dd83	lhu	x27,-1(x9)	  x9:0x8000881b x27=0x00007e43 PA:0x8000881a
        1175000	       116	800001b0	419adeb3	sra	x29,x21,x25	 x21:0x46453000 x25:0x86c11c7d x29=0x00000002
        1185000	       117	800001b4	01400133	add	x2,x0,x20	  x0:0x00000000 x20:0x00000065  x2=0x00000065
        1195000	       118	800001b8	03c4cc03	lbu	x24,60(x9)	  x9:0x8000881b x24=0x0000006f PA:0x80008857
        1205000	       119	800001bc	ffd48503	lb	x10,-3(x9)	  x9:0x8000881b x10=0x00000022 PA:0x80008818
        1215000	       120	800001c0	00648883	lb	x17,6(x9)	  x9:0x8000881b x17=0x00000038 PA:0x80008821
        1225000	       121	800001c4	00648803	lb	x16,6(x9)	  x9:0x8000881b x16=0x00000038 PA:0x80008821
        1235000	       122	800001c8	01948083	lb	x1,25(x9)	  x9:0x8000881b  x1=0xffffff8a PA:0x80008834
        1245000	       123	800001cc	95e43213	sltiu	x4,x8,-1698	  x8:0x00000000  x4=0x00000001
        1255000	       124	800001d0	0234aca3	sw	x3,57(x9)	  x9:0x8000881b  x3:0x80000000 PA:0x80008854
        1265000	       125	800001d4	00009117	auipc	x2,0x9	  x2=0x800091d0
        1275000	       126	800001d8	b8d10113	addi	x2,x2,-1139	  x2:0x800091d0  x2=0x80008d5d
        1285000	       127	800001dc	e53b3d37	lui	x26,0xe53b3	 x26=0xe53b3000
        1295000	       128	800001e0	ded10f03	lb	x30,-531(x2)	  x2:0x80008d5d x30=0xffffff8c PA:0x80008b4a
        1305000	       129	800001e4	c864c193	xori	x3,x9,-890	  x9:0x8000881b  x3=0x7fff749d
        1315000	       130	800001e8	00e6bcb3	sltu	x25,x13,x14	 x13:0x00000000 x14:0x00000082 x25=0x00000001
        1325000	       131	800001ec	b7a102a3	sb	x26,-1179(x2)	  x2:0x80008d5d x26:0xe53b3000 PA:0x800088c2
        1335000	       132	800001f0	228c7a93	andi	x21,x24,552	 x24:0x0000006f x21=0x00000028
        1345000	       133	800001f4	dbb10c23	sb	x27,-584(x2)	  x2:0x80008d5d x27:0x00007e43 PA:0x80008b15
        1355000	       134	800001f8	6aec9037	lui	x0,0x6aec9	
        1365000	       135	800001fc	11410f03	lb	x30,276(x2)	  x2:0x80008d5d x30=0x00000026 PA:0x80008e71
        1375000	       136	80000200	009150b3	srl	x1,x2,x9	  x2:0x80008d5d  x9:0x8000881b  x1=0x00000010
        1385000	       137	80000204	0122c833	xor	x16,x5,x18	  x5:0x3d096000 x18:0x86c11af4 x16=0xbbc87af4
        1395000	       138	80000208	01418bb3	add	x23,x3,x20	  x3:0x7fff749d x20:0x00000065 x23=0x7fff7502
        1405000	       139	8000020c	0022df33	srl	x30,x5,x2	  x5:0x3d096000  x2:0x80008d5d x30=0x00000001
        1415000	       140	80000210	01004db3	xor	x27,x0,x16	  x0:0x00000000 x16:0xbbc87af4 x27=0xbbc87af4
        1425000	       141	80000214	b3c10723	sb	x28,-1234(x2)	  x2:0x80008d5d x28:0x000000dd PA:0x8000888b
        1435000	       142	80000218	00439f93	slli	x31,x7,0x4	  x7:0x00000001 x31=0x00000010
        1445000	       143	8000021c	1a092d13	slti	x26,x18,416	 x18:0x86c11af4 x26=0x00000001
        1455000	       144	80000220	02114403	lbu	x8,33(x2)	  x2:0x80008d5d  x8=0x0000008e PA:0x80008d7e
        1465000	       145	80000224	1dd5b793	sltiu	x15,x11,477	 x11:0x00000001 x15=0x00000001
        1475000	       146	80000228	d35129a3	sw	x21,-717(x2)	  x2:0x80008d5d x21:0x00000028 PA:0x80008a90
        1485000	       147	8000022c	1c7ee813	ori	x16,x29,455	 x29:0x00000002 x16=0x000001c7
        1495000	       148	80000230	66148713	addi	x14,x9,1633	  x9:0x8000881b x14=0x80008e7c
        1505000	       149	80000234	1db10823	sb	x27,464(x2)	  x2:0x80008d5d x27:0xbbc87af4 PA:0x80008f2d
        1515000	       150	80000238	84830393	addi	x7,x6,-1976	  x6:0xf50b569d  x7=0xf50b4ee5
        1525000	       151	8000023c	cbe10323	sb	x30,-858(x2)	  x2:0x80008d5d x30:0x00000001 PA:0x80008a03
        1535000	       152	80000240	17a14a83	lbu	x21,378(x2)	  x2:0x80008d5d x21=0x000000a5 PA:0x80008ed7
        1545000	       153	80000244	df7123a3	sw	x23,-537(x2)	  x2:0x80008d5d x23:0x7fff7502 PA:0x80008b44
        1555000	       154	80000248	cb511f83	lh	x31,-843(x2)	  x2:0x80008d5d x31=0xffff96d1 PA:0x80008a12
        1565000	       155	8000024c	a62da2b7	lui	x5,0xa62da	  x5=0xa62da000
        1575000	       156	80000250	d1126a93	ori	x21,x4,-751	  x4:0x00000001 x21=0xfffffd11
        1585000	       157	80000254	1b010023	sb	x16,416(x2)	  x2:0x80008d5d x16:0x000001c7 PA:0x80008efd
        1595000	       158	80000258	01a38433	add	x8,x7,x26	  x7:0xf50b4ee5 x26:0x00000001  x8=0xf50b4ee6
        1605000	       159	8000025c	99074413	xori	x8,x14,-1648	 x14:0x80008e7c  x8=0x7fff77ec
        1615000	       160	80000260	d1833393	sltiu	x7,x6,-744	  x6:0xf50b569d  x7=0x00000001
        1625000	       161	80000264	01c9b7b3	sltu	x15,x19,x28	 x19:0x00000000 x28:0x000000dd x15=0x00000001
        1635000	       162	80000268	006327b3	slt	x15,x6,x6	  x6:0xf50b569d  x6:0xf50b569d x15=0x00000000
        1645000	       163	8000026c	779e76b7	lui	x13,0x779e7	 x13=0x779e7000
        1655000	       164	80000270	f694ea13	ori	x20,x9,-151	  x9:0x8000881b x20=0xffffff7b
        1665000	       165	80000274	c8a9a6b7	lui	x13,0xc8a9a	 x13=0xc8a9a000
        1675000	       166	80000278	6242e993	ori	x19,x5,1572	  x5:0xa62da000 x19=0xa62da624
        1685000	       167	8000027c	4179dc93	srai	x25,x19,0x17	 x19:0xa62da624 x25=0xffffff4c
        1695000	       168	80000280	10d10403	lb	x8,269(x2)	  x2:0x80008d5d  x8=0x0000006d PA:0x80008e6a
        1705000	       169	80000284	0231f893	andi	x17,x3,35	  x3:0x7fff749d x17=0x00000001
        1715000	       170	80000288	4b526393	ori	x7,x4,1205	  x4:0x00000001  x7=0x000004b5
        1725000	       171	8000028c	e2614c83	lbu	x25,-474(x2)	  x2:0x80008d5d x25=0x00000063 PA:0x80008b83
        1735000	       172	80000290	00008d17	auipc	x26,0x8	 x26=0x8000828c
        1745000	       173	80000294	47ad0d13	addi	x26,x26,1146	 x26:0x8000828c x26=0x80008706
        1755000	       174	80000298	00c7a433	slt	x8,x15,x12	 x15:0x00000000 x12:0x80009f84  x8=0x00000000
        1765000	       175	8000029c	40140333	sub	x6,x8,x1	  x8:0x00000000  x1:0x00000010  x6=0xfffffff0
        1775000	       176	800002a0	01b38db3	add	x27,x7,x27	  x7:0x000004b5 x27:0xbbc87af4 x27=0xbbc87fa9
        1785000	       177	800002a4	005a74b3	and	x9,x20,x5	 x20:0xffffff7b  x5:0xa62da000  x9=0xa62da000
        1795000	       178	800002a8	6a7cb213	sltiu	x4,x25,1703	 x25:0x00000063  x4=0x00000001
        1805000	       179	800002ac	0102d5b3	srl	x11,x5,x16	  x5:0xa62da000 x16:0x000001c7 x11=0x014c5b40
        1815000	       180	800002b0	f35d4783	lbu	x15,-203(x26)	 x26:0x80008706 x15=0x0000007f PA:0x8000863b
        1825000	       181	800002b4	0b9d0703	lb	x14,185(x26)	 x26:0x80008706 x14=0x00000046 PA:0x800087bf
        1835000	       182	800002b8	031d2923	sw	x17,50(x26)	 x26:0x80008706 x17:0x00000001 PA:0x80008738
        1845000	       183	800002bc	055d4a03	lbu	x20,85(x26)	 x26:0x80008706 x20=0x000000bf PA:0x8000875b
        1855000	       184	800002c0	41605093	srai	x1,x0,0x16	  x0:0x00000000  x1=0x00000000
        1865000	       185	800002c4	f89d0183	lb	x3,-119(x26)	 x26:0x80008706  x3=0x00000066 PA:0x8000868f
        1875000	       186	800002c8	412f8bb3	sub	x23,x31,x18	 x31:0xffff96d1 x18:0x86c11af4 x23=0x793e7bdd
        1885000	       187	800002cc	01a8e033	or	x0,x17,x26	 x17:0x00000001 x26:0x80008706
        1895000	       188	800002d0	1157bc13	sltiu	x24,x15,277	 x15:0x0000007f x24=0x00000001
        1905000	       189	800002d4	09ad4d83	lbu	x27,154(x26)	 x26:0x80008706 x27=0x000000dc PA:0x800087a0
        1915000	       190	800002d8	067d1823	sh	x7,112(x26)	 x26:0x80008706  x7:0x000004b5 PA:0x80008776
        1925000	       191	800002dc	0fa0e893	ori	x17,x1,250	  x1:0x00000000 x17=0x000000fa
        1935000	       192	800002e0	00691693	slli	x13,x18,0x6	 x18:0x86c11af4 x13=0xb046bd00
        1945000	       193	800002e4	02627293	andi	x5,x4,38	  x4:0x00000001  x5=0x00000000
        1955000	       194	800002e8	0b8d0383	lb	x7,184(x26)	 x26:0x80008706  x7=0x00000017 PA:0x800087be
        1965000	       195	800002ec	011d9f93	slli	x31,x27,0x11	 x27:0x000000dc x31=0x01b80000
        1975000	       196	800002f0	005a62b3	or	x5,x20,x5	 x20:0x000000bf  x5:0x00000000  x5=0x000000bf
        1985000	       197	800002f4	f80d1823	sh	x0,-112(x26)	 x26:0x80008706  x0:0x00000000 PA:0x80008696
        1995000	       198	800002f8	f87d0083	lb	x1,-121(x26)	 x26:0x80008706  x1=0xffffffce PA:0x8000868d
        2005000	       199	800002fc	00000013	addi	x0,x0,0	  x0:0x00000000
        2015000	       200	80000300	00daf3b3	and	x7,x21,x13	 x21:0xfffffd11 x13:0xb046bd00  x7=0xb046bd00
        2025000	       201	80000304	011953b3	srl	x7,x18,x17	 x18:0x86c11af4 x17:0x000000fa  x7=0x00000021
        2035000	       202	80000308	338e3f13	sltiu	x30,x28,824	 x28:0x000000dd x30=0x00000001
        2045000	       203	8000030c	01e968b3	or	x17,x18,x30	 x18:0x86c11af4 x30:0x00000001 x17=0x86c11af5
        2055000	       204	80000310	01f82a33	slt	x20,x16,x31	 x16:0x000001c7 x31:0x01b80000 x20=0x00000001
        2065000	       205	80000314	009be033	or	x0,x23,x9	 x23:0x793e7bdd  x9:0xa62da000
        2075000	       206	80000318	f4fd0fa3	sb	x15,-161(x26)	 x26:0x80008706 x15:0x0000007f PA:0x80008665
        2085000	       207	8000031c	6d2b2017	auipc	x0,0x6d2b2	
        2095000	       208	80000320	2dda4b93	xori	x23,x20,733	 x20:0x00000001 x23=0x000002dc
        2105000	       209	80000324	039d0403	lb	x8,57(x26)	 x26:0x80008706  x8=0xffffffb3 PA:0x8000873f
        2115000	       210	80000328	fb3d4983	lbu	x19,-77(x26)	 x26:0x80008706 x19=0x0000009c PA:0x800086b9
        2125000	       211	8000032c	00009a17	auipc	x20,0x9	 x20=0x80009328
        2135000	       212	80000330	808a0a13	addi	x20,x20,-2040	 x20:0x80009328 x20=0x80008b30
        2145000	       213	80000334	f76a1983	lh	x19,-138(x20)	 x20:0x80008b30 x19=0xfffff114 PA:0x80008aa6
        2155000	       214	80000338	037a4703	lbu	x14,55(x20)	 x20:0x80008b30 x14=0x000000cf PA:0x80008b67
        2165000	       215	8000033c	40a15e33	sra	x28,x2,x10	  x2:0x80008d5d x10:0x00000022 x28=0xe0002357
        2175000	       216	80000340	fd0a0783	lb	x15,-48(x20)	 x20:0x80008b30 x15=0x0000006e PA:0x80008b00
        2185000	       217	80000344	fbba0b83	lb	x23,-69(x20)	 x20:0x80008b30 x23=0xffffffa0 PA:0x80008aeb
        2195000	       218	80000348	6685cc13	xori	x24,x11,1640	 x11:0x014c5b40 x24=0x014c5d28
        2205000	       219	8000034c	0e0a4f03	lbu	x30,224(x20)	 x20:0x80008b30 x30=0x00000026 PA:0x80008c10
        2215000	       220	80000350	f66a5d03	lhu	x26,-154(x20)	 x20:0x80008b30 x26=0x0000c900 PA:0x80008a96
        2225000	       221	00000000	00000013	addi	x0,x0,0	  x0:0x00000000
        2235000	       222	80000354	96ed5d17	auipc	x26,0x96ed5	 x26=0x16ed5350
        2245000	       223	80000358	f59a4683	lbu	x13,-167(x20)	 x20:0x80008b30 x13=0x00000084 PA:0x80008a89
        2255000	       224	8000035c	fcea4d03	lbu	x26,-50(x20)	 x20:0x80008b30 x26=0x0000008c PA:0x80008afe
        2265000	       225	80000360	00901233	sll	x4,x0,x9	  x0:0x00000000  x9:0xa62da000  x4=0x00000000
        2275000	       226	80000364	0198e8b3	or	x17,x17,x25	 x17:0x86c11af5 x25:0x00000063 x17=0x86c11af7
        2285000	       227	80000368	029b6f93	ori	x31,x22,41	 x22:0x80009fc4 x31=0x80009fed
        2295000	       228	8000036c	088a5c03	lhu	x24,136(x20)	 x20:0x80008b30 x24=0x0000a950 PA:0x80008bb8
        2305000	       229	80000370	0a4a0fa3	sb	x4,191(x20)	 x20:0x80008b30  x4:0x00000000 PA:0x80008bef
        2315000	       230	80000374	002902b3	add	x5,x18,x2	 x18:0x86c11af4  x2:0x80008d5d  x5=0x06c1a851
        2325000	       231	80000378	f34a1a23	sh	x20,-204(x20)	 x20:0x80008b30 x20:0x80008b30 PA:0x80008a64
        2335000	       232	8000037c	221ec313	xori	x6,x29,545	 x29:0x00000002  x6=0x00000223
        2345000	       233	80000380	094a0a83	lb	x21,148(x20)	 x20:0x80008b30 x21=0xffffffe4 PA:0x80008bc4
        2355000	       234	80000384	ff2a0303	lb	x6,-14(x20)	 x20:0x80008b30  x6=0xffffffe3 PA:0x80008b22
        2365000	       235	80000388	405bd013	srai	x0,x23,0x5	 x23:0xffffffa0
        2375000	       236	8000038c	41165c93	srai	x25,x12,0x11	 x12:0x80009f84 x25=0xffffc000
        2385000	       237	80000390	0aaa1f03	lh	x30,170(x20)	 x20:0x80008b30 x30=0x00000118 PA:0x80008bda
        2395000	       238	80000394	01839eb3	sll	x29,x7,x24	  x7:0x00000021 x24:0x0000a950 x29=0x00210000
        2405000	       239	80000398	00f924b3	slt	x9,x18,x15	 x18:0x86c11af4 x15:0x0000006e  x9=0x00000001
        2415000	       240	8000039c	012a1303	lh	x6,18(x20)	 x20:0x80008b30  x6=0x00004ad9 PA:0x80008b42
        2425000	       241	800003a0	015a0203	lb	x4,21(x20)	 x20:0x80008b30  x4=0x00000075 PA:0x80008b45
        2435000	       242	800003a4	005b9233	sll	x4,x23,x5	 x23:0xffffffa0  x5:0x06c1a851  x4=0xff400000
        2445000	       243	800003a8	f5ea5c83	lhu	x25,-162(x20)	 x20:0x80008b30 x25=0x000056da PA:0x80008a8e
        2455000	       244	800003ac	f5ba0303	lb	x6,-165(x20)	 x20:0x80008b30  x6=0x00000077 PA:0x80008a8b
        2465000	       245	800003b0	013bef33	or	x30,x23,x19	 x23:0xffffffa0 x19:0xfffff114 x30=0xffffffb4
        2475000	       246	800003b4	009b17b3	sll	x15,x22,x9	 x22:0x80009fc4  x9:0x00000001 x15=0x00013f88
        2485000	       247	800003b8	00000013	addi	x0,x0,0	  x0:0x00000000
        2495000	       248	800003bc	f90a5303	lhu	x6,-112(x20)	 x20:0x80008b30  x6=0x00002a16 PA:0x80008ac0
        2505000	       249	800003c0	0e5a2023	sw	x5,224(x20)	 x20:0x80008b30  x5:0x06c1a851 PA:0x80008c10
        2515000	       250	800003c4	f26a5803	lhu	x16,-218(x20)	 x20:0x80008b30 x16=0x000052d4 PA:0x80008a56
        2525000	       251	800003c8	00000013	addi	x0,x0,0	  x0:0x00000000
        2535000	       252	800003cc	f75a0703	lb	x14,-139(x20)	 x20:0x80008b30 x14=0x0000001f PA:0x80008aa5
        2545000	       253	800003d0	0177cdb3	xor	x27,x15,x23	 x15:0x00013f88 x23:0xffffffa0 x27=0xfffec028
        2555000	       254	800003d4	02fa4c83	lbu	x25,47(x20)	 x20:0x80008b30 x25=0x00000047 PA:0x80008b5f
        2565000	       255	800003d8	f7ea5303	lhu	x6,-130(x20)	 x20:0x80008b30  x6=0x000097d9 PA:0x80008aae
        2575000	       256	800003dc	f54a4b83	lbu	x23,-172(x20)	 x20:0x80008b30 x23=0x0000000a PA:0x80008a84
        2585000	       257	800003e0	f6ba0383	lb	x7,-149(x20)	 x20:0x80008b30  x7=0xfffffffc PA:0x80008a9b
        2595000	       258	800003e4	f82a4a83	lbu	x21,-126(x20)	 x20:0x80008b30 x21=0x00000014 PA:0x80008ab2
        2605000	       259	800003e8	f8ea4203	lbu	x4,-114(x20)	 x20:0x80008b30  x4=0x00000088 PA:0x80008abe
        2615000	       260	800003ec	011a0003	lb	x0,17(x20)	 x20:0x80008b30 PA:0x80008b41
        2625000	       261	800003f0	00008897	auipc	x17,0x8	 x17=0x800083ec
        2635000	       262	800003f4	58a88893	addi	x17,x17,1418	 x17:0x800083ec x17=0x80008976
        2645000	       263	800003f8	40e906b3	sub	x13,x18,x14	 x18:0x86c11af4 x14:0x0000001f x13=0x86c11ad5
        2655000	       264	800003fc	0d568113	addi	x2,x13,213	 x13:0x86c11ad5  x2=0x86c11baa
        2665000	       265	80000400	00000013	addi	x0,x0,0	  x0:0x00000000
        2675000	       266	80000404	89330b93	addi	x23,x6,-1901	  x6:0x000097d9 x23=0x0000906c
        2685000	       267	80000408	01f31eb3	sll	x29,x6,x31	  x6:0x000097d9 x31:0x80009fed x29=0x12fb2000
        2695000	       268	8000040c	ff788803	lb	x16,-9(x17)	 x17:0x80008976 x16=0x0000002e PA:0x8000896d
        2705000	       269	80000410	00d880a3	sb	x13,1(x17)	 x17:0x80008976 x13:0x86c11ad5 PA:0x80008977
        2715000	       270	80000414	01c887a3	sb	x28,15(x17)	 x17:0x80008976 x28:0xe0002357 PA:0x80008985
        2725000	       271	80000418	00000013	addi	x0,x0,0	  x0:0x00000000
        2735000	       272	8000041c	00000013	addi	x0,x0,0	  x0:0x00000000
        2745000	       273	80000420	ff88df03	lhu	x30,-8(x17)	 x17:0x80008976 x30=0x0000f19f PA:0x8000896e
        2755000	       274	80000424	41d15493	srai	x9,x2,0x1d	  x2:0x86c11baa  x9=0xfffffffc
        2765000	       275	80000428	ff288fa3	sb	x18,-1(x17)	 x17:0x80008976 x18:0x86c11af4 PA:0x80008975
        2775000	       276	8000042c	009265b3	or	x11,x4,x9	  x4:0x00000088  x9:0xfffffffc x11=0xfffffffc
        2785000	       277	80000430	ff28a403	lw	x8,-14(x17)	 x17:0x80008976  x8=0xd8cfa9b6 PA:0x80008968
        2795000	       278	80000434	00bdd5b3	srl	x11,x27,x11	 x27:0xfffec028 x11:0xfffffffc x11=0x0000000f
        2805000	       279	80000438	0078ce83	lbu	x29,7(x17)	 x17:0x80008976 x29=0x00000037 PA:0x8000897d
        2815000	       280	8000043c	41c06993	ori	x19,x0,1052	  x0:0x00000000 x19=0x0000041c
        2825000	       281	80000440	b69dbc13	sltiu	x24,x27,-1175	 x27:0xfffec028 x24=0x00000001
        2835000	       282	80000444	fe689f23	sh	x6,-2(x17)	 x17:0x80008976  x6:0x000097d9 PA:0x80008974
        2845000	       283	80000448	0018cd03	lbu	x26,1(x17)	 x17:0x80008976 x26=0x000000d5 PA:0x80008977
        2855000	       284	8000044c	0118a123	sw	x17,2(x17)	 x17:0x80008976 x17:0x80008976 PA:0x80008978
        2865000	       285	80000450	00388183	lb	x3,3(x17)	 x17:0x80008976  x3=0xffffff89 PA:0x80008979
        2875000	       286	80000454	00008117	auipc	x2,0x8	  x2=0x80008450
        2885000	       287	80000458	0d810113	addi	x2,x2,216	  x2:0x80008450  x2=0x80008528
        2895000	       288	8000045c	01b329b3	slt	x19,x6,x27	  x6:0x000097d9 x27:0xfffec028 x19=0x00000000
        2905000	       289	80000460	315570b7	lui	x1,0x31557	  x1=0x31557000
        2915000	       290	80000464	bb514b83	lbu	x23,-1099(x2)	  x2:0x80008528 x23=0x00000019 PA:0x800080dd
        2925000	       291	00000000	00000013	addi	x0,x0,0	  x0:0x00000000
        2935000	       292	80000468	017fe6b3	or	x13,x31,x23	 x31:0x80009fed x23:0x00000019 x13=0x80009ffd
        2945000	       293	8000046c	b2102d93	slti	x27,x0,-1247	  x0:0x00000000 x27=0x00000000
        2955000	       294	80000470	01a8e6b3	or	x13,x17,x26	 x17:0x80008976 x26:0x000000d5 x13=0x800089f7
        2965000	       295	80000474	0c1102a3	sb	x1,197(x2)	  x2:0x80008528  x1:0x31557000 PA:0x800085ed
        2975000	       296	80000478	c0214583	lbu	x11,-1022(x2)	  x2:0x80008528 x11=0x000000a4 PA:0x8000812a
        2985000	       297	8000047c	09910d83	lb	x27,153(x2)	  x2:0x80008528 x27=0xffffffdf PA:0x800085c1
        2995000	       298	80000480	ec314c03	lbu	x24,-317(x2)	  x2:0x80008528 x24=0x0000000f PA:0x800083eb
        3005000	       299	80000484	ef614983	lbu	x19,-266(x2)	  x2:0x80008528 x19=0x00000031 PA:0x8000841e
        3015000	       300	80000488	16211623	sh	x2,364(x2)	  x2:0x80008528  x2:0x80008528 PA:0x80008694
        3025000	       301	8000048c	00c227b3	slt	x15,x4,x12	  x4:0x00000088 x12:0x80009f84 x15=0x00000000
        3035000	       302	80000490	b5914383	lbu	x7,-1191(x2)	  x2:0x80008528  x7=0x000000e3 PA:0x80008081
        3045000	       303	80000494	c0412283	lw	x5,-1020(x2)	  x2:0x80008528  x5=0x1916b12c PA:0x8000812c
        3055000	       304	80000498	0033edb3	or	x27,x7,x3	  x7:0x000000e3  x3:0xffffff89 x27=0xffffffeb
        3065000	       305	8000049c	0cc14c83	lbu	x25,204(x2)	  x2:0x80008528 x25=0x0000009a PA:0x800085f4
        3075000	       306	800004a0	f5512c23	sw	x21,-168(x2)	  x2:0x80008528 x21:0x00000014 PA:0x80008480
        3085000	       307	800004a4	013dff33	and	x30,x27,x19	 x27:0xffffffeb x19:0x00000031 x30=0x00000021
        3095000	       308	800004a8	4fc80a93	addi	x21,x16,1276	 x16:0x0000002e x21=0x0000052a
        3105000	       309	800004ac	f2610983	lb	x19,-218(x2)	  x2:0x80008528 x19=0xffffffbe PA:0x8000844e
        3115000	       310	800004b0	004e61b3	or	x3,x28,x4	 x28:0xe0002357  x4:0x00000088  x3=0xe00023df
        3125000	       311	800004b4	c2010b23	sb	x0,-970(x2)	  x2:0x80008528  x0:0x00000000 PA:0x8000815e
        3135000	       312	800004b8	04614f03	lbu	x30,70(x2)	  x2:0x80008528 x30=0x0000006a PA:0x8000856e
        3145000	       313	800004bc	003a40b3	xor	x1,x20,x3	 x20:0x80008b30  x3:0xe00023df  x1=0x6000a8ef
        3155000	       314	800004c0	1afe3793	sltiu	x15,x28,431	 x28:0xe0002357 x15=0x00000000
        3165000	       315	800004c4	00135e13	srli	x28,x6,0x1	  x6:0x000097d9 x28=0x00004bec
        3175000	       316	800004c8	e4412a23	sw	x4,-428(x2)	  x2:0x80008528  x4:0x00000088 PA:0x8000837c
        3185000	       317	800004cc	00988833	add	x16,x17,x9	 x17:0x80008976  x9:0xfffffffc x16=0x80008972
        3195000	       318	800004d0	25e14303	lbu	x6,606(x2)	  x2:0x80008528  x6=0x000000c5 PA:0x80008786
        3205000	       319	800004d4	e71107a3	sb	x17,-401(x2)	  x2:0x80008528 x17:0x80008976 PA:0x80008397
        3215000	       320	800004d8	01e93533	sltu	x10,x18,x30	 x18:0x86c11af4 x30:0x0000006a x10=0x00000000
        3225000	       321	800004dc	9d8ae393	ori	x7,x21,-1576	 x21:0x0000052a  x7=0xfffffdfa
        3235000	       322	800004e0	12611423	sh	x6,296(x2)	  x2:0x80008528  x6:0x000000c5 PA:0x80008650
        3245000	       323	800004e4	18e15703	lhu	x14,398(x2)	  x2:0x80008528 x14=0x0000e011 PA:0x800086b6
        3255000	       324	800004e8	bca14703	lbu	x14,-1078(x2)	  x2:0x80008528 x14=0x000000a3 PA:0x800080f2
        3265000	       325	800004ec	0133f833	and	x16,x7,x19	  x7:0xfffffdfa x19:0xffffffbe x16=0xfffffdba
        3275000	       326	800004f0	fc81bd97	auipc	x27,0xfc81b	 x27=0x7c81b4ec
        3285000	       327	800004f4	405b8333	sub	x6,x23,x5	 x23:0x00000019  x5:0x1916b12c  x6=0xe6e94eed
        3295000	       328	800004f8	06314483	lbu	x9,99(x2)	  x2:0x80008528  x9=0x00000032 PA:0x8000858b
        3305000	       329	800004fc	6d71c417	auipc	x8,0x6d71c	  x8=0xed71c4f8
        3315000	       330	80000500	0165a713	slti	x14,x11,22	 x11:0x000000a4 x14=0x00000000
        3325000	       331	80000504	0127c3b3	xor	x7,x15,x18	 x15:0x00000000 x18:0x86c11af4  x7=0x86c11af4
        3335000	       332	80000508	01a599b3	sll	x19,x11,x26	 x11:0x000000a4 x26:0x000000d5 x19=0x14800000
        3345000	       333	8000050c	2c910403	lb	x8,713(x2)	  x2:0x80008528  x8=0xffffffba PA:0x800087f1
        3355000	       334	80000510	01ee5413	srli	x8,x28,0x1e	 x28:0x00004bec  x8=0x00000000
        3365000	       335	80000514	e3f10383	lb	x7,-449(x2)	  x2:0x80008528  x7=0x00000071 PA:0x80008367
        3375000	       336	80000518	001e5013	srli	x0,x28,0x1	 x28:0x00004bec
        3385000	       337	8000051c	bd710f03	lb	x30,-1065(x2)	  x2:0x80008528 x30=0x0000005c PA:0x800080ff
        3395000	       338	80000520	87c46e93	ori	x29,x8,-1924	  x8:0x00000000 x29=0xfffff87c
        3405000	       339	80000524	2b9108a3	sb	x25,689(x2)	  x2:0x80008528 x25:0x0000009a PA:0x800087d9
        3415000	       340	80000528	7d26ed13	ori	x26,x13,2002	 x13:0x800089f7 x26=0x80008ff7
        3425000	       341	8000052c	00f099b3	sll	x19,x1,x15	  x1:0x6000a8ef x15:0x00000000 x19=0x6000a8ef
        3435000	       342	80000530	edd14f03	lbu	x30,-291(x2)	  x2:0x80008528 x30=0x000000a3 PA:0x80008405
        3445000	       343	80000534	01910683	lb	x13,25(x2)	  x2:0x80008528 x13=0xffffffa7 PA:0x80008541
        3455000	       344	80000538	00008d97	auipc	x27,0x8	 x27=0x80008534
        3465000	       345	8000053c	be8d8d93	addi	x27,x27,-1048	 x27:0x80008534 x27=0x8000811c
        3475000	       346	80000540	f3fd8723	sb	x31,-210(x27)	 x27:0x8000811c x31:0x80009fed PA:0x8000804a
        3485000	       347	80000544	ffadc003	lbu	x0,-6(x27)	 x27:0x8000811c PA:0x80008116
        3495000	       348	80000548	fd6dc983	lbu	x19,-42(x27)	 x27:0x8000811c x19=0x000000a3 PA:0x800080f2
        3505000	       349	8000054c	01ae51b3	srl	x3,x28,x26	 x28:0x00004bec x26:0x80008ff7  x3=0x00000000
        3515000	       350	80000550	09fd8203	lb	x4,159(x27)	 x27:0x8000811c  x4=0xffffff8a PA:0x800081bb
        3525000	       351	00000000	00000013	addi	x0,x0,0	  x0:0x00000000
        3535000	       352	80000554	f24d8b23	sb	x4,-202(x27)	 x27:0x8000811c  x4:0xffffff8a PA:0x80008052
        3545000	       353	80000558	002cd233	srl	x4,x25,x2	 x25:0x0000009a  x2:0x80008528  x4=0x00000000
        3555000	       354	8000055c	fc2d9403	lh	x8,-62(x27)	 x27:0x8000811c  x8=0x000015be PA:0x800080de
        3565000	       355	80000560	0d0d8183	lb	x3,208(x27)	 x27:0x8000811c  x3=0xffffffb1 PA:0x800081ec
        3575000	       356	80000564	0efdc883	lbu	x17,239(x27)	 x27:0x8000811c x17=0x000000b7 PA:0x8000820b
        3585000	       357	80000568	012a55b3	srl	x11,x20,x18	 x20:0x80008b30 x18:0x86c11af4 x11=0x00000800
        3595000	       358	8000056c	0080d013	srli	x0,x1,0x8	  x1:0x6000a8ef
        3605000	       359	80000570	012d88a3	sb	x18,17(x27)	 x27:0x8000811c x18:0x86c11af4 PA:0x8000812d
        3615000	       360	80000574	01a05493	srli	x9,x0,0x1a	  x0:0x00000000  x9=0x00000000
        3625000	       361	80000578	faad8703	lb	x14,-86(x27)	 x27:0x8000811c x14=0xffffff80 PA:0x800080c6
        3635000	       362	8000057c	012f5e13	srli	x28,x30,0x12	 x30:0x000000a3 x28=0x00000000
        3645000	       363	80000580	44aeb713	sltiu	x14,x29,1098	 x29:0xfffff87c x14=0x00000000
        3655000	       364	80000584	f66dd203	lhu	x4,-154(x27)	 x27:0x8000811c  x4=0x000035e0 PA:0x80008082
        3665000	       365	00000000	00000013	addi	x0,x0,0	  x0:0x00000000
        3675000	       366	80000588	024d8ea3	sb	x4,61(x27)	 x27:0x8000811c  x4:0x000035e0 PA:0x80008159
        3685000	       367	8000058c	03fdc783	lbu	x15,63(x27)	 x27:0x8000811c x15=0x000000d8 PA:0x8000815b
        3695000	       368	80000590	018432b3	sltu	x5,x8,x24	  x8:0x000015be x24:0x0000000f  x5=0x00000000
        3705000	       369	80000594	07ad8803	lb	x16,122(x27)	 x27:0x8000811c x16=0xffffffbd PA:0x80008196
        3715000	       370	80000598	df774693	xori	x13,x14,-521	 x14:0x00000000 x13=0xfffffdf7
        3725000	       371	8000059c	f37dcb83	lbu	x23,-201(x27)	 x27:0x8000811c x23=0x0000002d PA:0x80008053
        3735000	       372	800005a0	413f85b3	sub	x11,x31,x19	 x31:0x80009fed x19:0x000000a3 x11=0x80009f4a
        3745000	       373	800005a4	0d6da023	sw	x22,192(x27)	 x27:0x8000811c x22:0x80009fc4 PA:0x800081dc
        3755000	       374	800005a8	7a113a93	sltiu	x21,x2,1953	  x2:0x80008528 x21=0x00000000
        3765000	       375	800005ac	0fbd8883	lb	x17,251(x27)	 x27:0x8000811c x17=0x00000028 PA:0x80008217
        3775000	       376	800005b0	f3fdcd03	lbu	x26,-193(x27)	 x27:0x8000811c x26=0x00000049 PA:0x8000805b
        3785000	       377	800005b4	016d9d03	lh	x26,22(x27)	 x27:0x8000811c x26=0xffffdf04 PA:0x80008132
        3795000	       378	800005b8	07fd8003	lb	x0,127(x27)	 x27:0x8000811c PA:0x8000819b
        3805000	       379	800005bc	04ed9303	lh	x6,78(x27)	 x27:0x8000811c  x6=0xffffcefd PA:0x8000816a
        3815000	       380	800005c0	01c3d533	srl	x10,x7,x28	  x7:0x00000071 x28:0x00000000 x10=0x00000071
        3825000	       381	800005c4	018dd783	lhu	x15,24(x27)	 x27:0x8000811c x15=0x0000649c PA:0x80008134
        3835000	       382	800005c8	f77d8323	sb	x23,-154(x27)	 x27:0x8000811c x23:0x0000002d PA:0x80008082
        3845000	       383	800005cc	074d8ca3	sb	x20,121(x27)	 x27:0x8000811c x20:0x80008b30 PA:0x80008195
        3855000	       384	800005d0	001dce83	lbu	x29,1(x27)	 x27:0x8000811c x29=0x000000fb PA:0x8000811d
        3865000	       385	800005d4	00361f33	sll	x30,x12,x3	 x12:0x80009f84  x3:0xffffffb1 x30=0x3f080000
        3875000	       386	800005d8	010dc583	lbu	x11,16(x27)	 x27:0x8000811c x11=0x0000002c PA:0x8000812c
        3885000	       387	800005dc	01a02433	slt	x8,x0,x26	  x0:0x00000000 x26:0xffffdf04  x8=0x00000000
        3895000	       388	800005e0	0d5dcf83	lbu	x31,213(x27)	 x27:0x8000811c x31=0x0000001d PA:0x800081f1
        3905000	       389	800005e4	01839f33	sll	x30,x7,x24	  x7:0x00000071 x24:0x0000000f x30=0x00388000
        3915000	       390	800005e8	042d87a3	sb	x2,79(x27)	 x27:0x8000811c  x2:0x80008528 PA:0x8000816b
        3925000	       391	800005ec	00008217	auipc	x4,0x8	  x4=0x800085e8
        3935000	       392	800005f0	ea720213	addi	x4,x4,-345	  x4:0x800085e8  x4=0x8000848f
        3945000	       393	800005f4	0011edb3	or	x27,x3,x1	  x3:0xffffffb1  x1:0x6000a8ef x27=0xffffffff
        3955000	       394	800005f8	00ed4ab3	xor	x21,x26,x14	 x26:0xffffdf04 x14:0x00000000 x21=0xffffdf04
        3965000	       395	800005fc	0ba20d83	lb	x27,186(x4)	  x4:0x8000848f x27=0xffffffe1 PA:0x80008549
        3975000	       396	80000600	00000013	addi	x0,x0,0	  x0:0x00000000
        3985000	       397	80000604	6abf6737	lui	x14,0x6abf6	 x14=0x6abf6000
        3995000	       398	80000608	00639093	slli	x1,x7,0x6	  x7:0x00000071  x1=0x00001c40
        4005000	       399	8000060c	9c9de293	ori	x5,x27,-1591	 x27:0xffffffe1  x5=0xffffffe9
        4015000	       400	80000610	40845193	srai	x3,x8,0x8	  x8:0x00000000  x3=0x00000000
        4025000	       401	80000614	00acf5b3	and	x11,x25,x10	 x25:0x0000009a x10:0x00000071 x11=0x00000010
        4035000	       402	80000618	d63ab493	sltiu	x9,x21,-669	 x21:0xffffdf04  x9=0x00000001
        4045000	       403	8000061c	01c8edb3	or	x27,x17,x28	 x17:0x00000028 x28:0x00000000 x27=0x00000028
        4055000	       404	80000620	98f37813	andi	x16,x6,-1649	  x6:0xffffcefd x16=0xffffc88d
        4065000	       405	80000624	fce20123	sb	x14,-62(x4)	  x4:0x8000848f x14:0x6abf6000 PA:0x80008451
        4075000	       406	80000628	00c4ae33	slt	x28,x9,x12	  x9:0x00000001 x12:0x80009f84 x28=0x00000000
        4085000	       407	8000062c	00624383	lbu	x7,6(x4)	  x4:0x8000848f  x7=0x0000005c PA:0x80008495
        4095000	       408	80000630	413b8033	sub	x0,x23,x19	 x23:0x0000002d x19:0x000000a3
        4105000	       409	80000634	010eb833	sltu	x16,x29,x16	 x29:0x000000fb x16:0xffffc88d x16=0x00000001
        4115000	       410	80000638	972c0f13	addi	x30,x24,-1678	 x24:0x0000000f x30=0xfffff981
        4125000	       411	8000063c	013c04b3	add	x9,x24,x19	 x24:0x0000000f x19:0x000000a3  x9=0x000000b2
        4135000	       412	80000640	0064fab3	and	x21,x9,x6	  x9:0x000000b2  x6:0xffffcefd x21=0x000000b0
        4145000	       413	80000644	0101df93	srli	x31,x3,0x10	  x3:0x00000000 x31=0x00000000
        4155000	       414	80000648	ab307f93	andi	x31,x0,-1357	  x0:0x00000000 x31=0x00000000
        4165000	       415	8000064c	fb921da3	sh	x25,-69(x4)	  x4:0x8000848f x25:0x0000009a PA:0x8000844a
        4175000	       416	80000650	f9924d83	lbu	x27,-103(x4)	  x4:0x8000848f x27=0x00000042 PA:0x80008428
        4185000	       417	80000654	00e20083	lb	x1,14(x4)	  x4:0x8000848f  x1=0x0000000f PA:0x8000849d
        4195000	       418	80000658	06c209a3	sb	x12,115(x4)	  x4:0x8000848f x12:0x80009f84 PA:0x80008502
        4205000	       419	8000065c	f8124883	lbu	x17,-127(x4)	  x4:0x8000848f x17=0x000000e3 PA:0x80008410
        4215000	       420	80000660	092219a3	sh	x18,147(x4)	  x4:0x8000848f x18:0x86c11af4 PA:0x80008522
        4225000	       421	80000664	0ad24703	lbu	x14,173(x4)	  x4:0x8000848f x14=0x0000009c PA:0x8000853c
        4235000	       422	80000668	c6f24093	xori	x1,x4,-913	  x4:0x8000848f  x1=0x7fff78e0
        4245000	       423	8000066c	407fddb3	sra	x27,x31,x7	 x31:0x00000000  x7:0x0000005c x27=0x00000000
        4255000	       424	80000670	40ff8fb3	sub	x31,x31,x15	 x31:0x00000000 x15:0x0000649c x31=0xffff9b64
        4265000	       425	80000674	00000013	addi	x0,x0,0	  x0:0x00000000
        4275000	       426	80000678	00c84533	xor	x10,x16,x12	 x16:0x00000001 x12:0x80009f84 x10=0x80009f85
        4285000	       427	8000067c	f4d20e23	sb	x13,-164(x4)	  x4:0x8000848f x13:0xfffffdf7 PA:0x800083eb
        4295000	       428	80000680	01a89f93	slli	x31,x17,0x1a	 x17:0x000000e3 x31=0x8c000000
        4305000	       429	80000684	f12222a3	sw	x18,-251(x4)	  x4:0x8000848f x18:0x86c11af4 PA:0x80008394
        4315000	       430	80000688	c6abc413	xori	x8,x23,-918	 x23:0x0000002d  x8=0xfffffc47
        4325000	       431	8000068c	5baec013	xori	x0,x29,1466	 x29:0x000000fb
        4335000	       432	80000690	01da6e33	or	x28,x20,x29	 x20:0x80008b30 x29:0x000000fb x28=0x80008bfb
        4345000	       433	80000694	fd120483	lb	x9,-47(x4)	  x4:0x8000848f  x9=0x00000018 PA:0x80008460
        4355000	       434	80000698	f4b21103	lh	x2,-181(x4)	  x4:0x8000848f  x2=0x000024a4 PA:0x800083da
        4365000	       435	8000069c	00008697	auipc	x13,0x8	 x13=0x80008698
        4375000	       436	800006a0	c9668693	addi	x13,x13,-874	 x13:0x80008698 x13=0x8000832e
        4385000	       437	800006a4	ff068403	lb	x8,-16(x13)	 x13:0x8000832e  x8=0x00000039 PA:0x8000831e
        4395000	       438	800006a8	ff76a923	sw	x23,-14(x13)	 x13:0x8000832e x23:0x0000002d PA:0x80008320
        4405000	       439	800006ac	00568223	sb	x5,4(x13)	 x13:0x8000832e  x5:0xffffffe9 PA:0x80008332
        4415000	       440	800006b0	40a109b3	sub	x19,x2,x10	  x2:0x000024a4 x10:0x80009f85 x19=0x7fff851f
        4425000	       441	800006b4	dd68ab93	slti	x23,x17,-554	 x17:0x000000e3 x23=0x00000000
        4435000	       442	800006b8	00d68d83	lb	x27,13(x13)	 x13:0x8000832e x27=0xffffff97 PA:0x8000833b
        4445000	       443	00000000	00000013	addi	x0,x0,0	  x0:0x00000000
        4455000	       444	800006bc	1b8dbf93	sltiu	x31,x27,440	 x27:0xffffff97 x31=0x00000000
        4465000	       445	800006c0	40a05393	srai	x7,x0,0xa	  x0:0x00000000  x7=0x00000000
        4475000	       446	800006c4	fff68d03	lb	x26,-1(x13)	 x13:0x8000832e x26=0x00000019 PA:0x8000832d
        4485000	       447	800006c8	1846b013	sltiu	x0,x13,388	 x13:0x8000832e
        4495000	       448	800006cc	00000013	addi	x0,x0,0	  x0:0x00000000
        4505000	       449	800006d0	ff668983	lb	x19,-10(x13)	 x13:0x8000832e x19=0xffffffbf PA:0x80008324
        4515000	       450	800006d4	41ecd2b3	sra	x5,x25,x30	 x25:0x0000009a x30:0xfffff981  x5=0x0000004d
        4525000	       451	800006d8	00000013	addi	x0,x0,0	  x0:0x00000000
        4535000	       452	800006dc	fff688a3	sb	x31,-15(x13)	 x13:0x8000832e x31:0x00000000 PA:0x8000831f
        4545000	       453	800006e0	1e4225b7	lui	x11,0x1e422	 x11=0x1e422000
        4555000	       454	800006e4	00a6ac83	lw	x25,10(x13)	 x13:0x8000832e x25=0x978ffd57 PA:0x80008338
        4565000	       455	800006e8	d0c804b7	lui	x9,0xd0c80	  x9=0xd0c80000
        4575000	       456	800006ec	01ac07b3	add	x15,x24,x26	 x24:0x0000000f x26:0x00000019 x15=0x00000028
        4585000	       457	800006f0	ff06de83	lhu	x29,-16(x13)	 x13:0x8000832e x29=0x00000039 PA:0x8000831e
        4595000	       458	800006f4	ff768203	lb	x4,-9(x13)	 x13:0x8000832e  x4=0xffffff93 PA:0x80008325
        4605000	       459	800006f8	d1a0b293	sltiu	x5,x1,-742	  x1:0x7fff78e0  x5=0x00000001
        4615000	       460	800006fc	0056c883	lbu	x17,5(x13)	 x13:0x8000832e x17=0x000000a9 PA:0x80008333
        4625000	       461	80000700	f4fb4d93	xori	x27,x22,-177	 x22:0x80009fc4 x27=0x7fff608b
        4635000	       462	80000704	013778b3	and	x17,x14,x19	 x14:0x0000009c x19:0xffffffbf x17=0x0000009c
        4645000	       463	80000708	fea69d23	sh	x10,-6(x13)	 x13:0x8000832e x10:0x80009f85 PA:0x80008328
        4655000	       464	8000070c	00d680a3	sb	x13,1(x13)	 x13:0x8000832e x13:0x8000832e PA:0x8000832f
        4665000	       465	80000710	feb69c23	sh	x11,-8(x13)	 x13:0x8000832e x11:0x1e422000 PA:0x80008326
        4675000	       466	80000714	00000013	addi	x0,x0,0	  x0:0x00000000
        4685000	       467	80000718	c47e3f13	sltiu	x30,x28,-953	 x28:0x80008bfb x30=0x00000001
        4695000	       468	8000071c	fec69923	sh	x12,-14(x13)	 x13:0x8000832e x12:0x80009f84 PA:0x80008320
        4705000	       469	80000720	ffd688a3	sb	x29,-15(x13)	 x13:0x8000832e x29:0x00000039 PA:0x8000831f
        4715000	       470	80000724	007682a3	sb	x7,5(x13)	 x13:0x8000832e  x7:0x00000000 PA:0x80008333
        4725000	       471	80000728	00b6c383	lbu	x7,11(x13)	 x13:0x8000832e  x7=0x000000fd PA:0x80008339
        4735000	       472	8000072c	00f6c783	lbu	x15,15(x13)	 x13:0x8000832e x15=0x000000ff PA:0x8000833d
        4745000	       473	80000730	000683a3	sb	x0,7(x13)	 x13:0x8000832e  x0:0x00000000 PA:0x80008335
        4755000	       474	80000734	78096d13	ori	x26,x18,1920	 x18:0x86c11af4 x26=0x86c11ff4
        4765000	       475	80000738	be562013	slti	x0,x12,-1051	 x12:0x80009f84
        4775000	       476	8000073c	ffb68f03	lb	x30,-5(x13)	 x13:0x8000832e x30=0xffffff9f PA:0x80008329
        4785000	       477	80000740	01961993	slli	x19,x12,0x19	 x12:0x80009f84 x19=0x08000000
        4795000	       478	80000744	ffd68203	lb	x4,-3(x13)	 x13:0x8000832e  x4=0x00000016 PA:0x8000832b
        4805000	       479	80000748	ff16cb83	lbu	x23,-15(x13)	 x13:0x8000832e x23=0x00000039 PA:0x8000831f
        4815000	       480	8000074c	00968883	lb	x17,9(x13)	 x13:0x8000832e x17=0x0000005a PA:0x80008337
        4825000	       481	80000750	00d6cc83	lbu	x25,13(x13)	 x13:0x8000832e x25=0x00000097 PA:0x8000833b
        4835000	       482	80000754	00008397	auipc	x7,0x8	  x7=0x80008750
        4845000	       483	80000758	bec38393	addi	x7,x7,-1044	  x7:0x80008750  x7=0x8000833c
        4855000	       484	8000075c	00e38883	lb	x17,14(x7)	  x7:0x8000833c x17=0xfffffff6 PA:0x8000834a
        4865000	       485	80000760	fc63a223	sw	x6,-60(x7)	  x7:0x8000833c  x6:0xffffcefd PA:0x80008300
        4875000	       486	80000764	0323de83	lhu	x29,50(x7)	  x7:0x8000833c x29=0x00000ace PA:0x8000836e
        4885000	       487	80000768	cc2aea93	ori	x21,x21,-830	 x21:0x000000b0 x21=0xfffffcf2
        4895000	       488	8000076c	0050bd33	sltu	x26,x1,x5	  x1:0x7fff78e0  x5:0x00000001 x26=0x00000000
        4905000	       489	80000770	0128b0b3	sltu	x1,x17,x18	 x17:0xfffffff6 x18:0x86c11af4  x1=0x00000000
        4915000	       490	80000774	0165cbb3	xor	x23,x11,x22	 x11:0x1e422000 x22:0x80009fc4 x23=0x9e42bfc4
        4925000	       491	80000778	fc83ac03	lw	x24,-56(x7)	  x7:0x8000833c x24=0xc92d952f PA:0x80008304
        4935000	       492	8000077c	fd73c883	lbu	x17,-41(x7)	  x7:0x8000833c x17=0x0000008d PA:0x80008313
        4945000	       493	80000780	00c38503	lb	x10,12(x7)	  x7:0x8000833c x10=0x00000039 PA:0x80008348
        4955000	       494	80000784	ff4385a3	sb	x20,-21(x7)	  x7:0x8000833c x20:0x80008b30 PA:0x80008327
        4965000	       495	80000788	419d5ab3	sra	x21,x26,x25	 x26:0x00000000 x25:0x00000097 x21=0x00000000
        4975000	       496	8000078c	89fa0317	auipc	x6,0x89fa0	  x6=0x09fa0788
        4985000	       497	80000790	0103cc83	lbu	x25,16(x7)	  x7:0x8000833c x25=0x000000d7 PA:0x8000834c
        4995000	       498	80000794	ff338223	sb	x19,-28(x7)	  x7:0x8000833c x19:0x08000000 PA:0x80008320
        5005000	       499	80000798	45518593	addi	x11,x3,1109	  x3:0x00000000 x11=0x00000455
        5015000	       500	8000079c	01512f13	slti	x30,x2,21	  x2:0x000024a4 x30=0x00000000
        5025000	       501	800007a0	013351b3	srl	x3,x6,x19	  x6:0x09fa0788 x19:0x08000000  x3=0x09fa0788
        5035000	       502	800007a4	00f38103	lb	x2,15(x7)	  x7:0x8000833c  x2=0x00000035 PA:0x8000834b
        5045000	       503	800007a8	fe3384a3	sb	x3,-23(x7)	  x7:0x8000833c  x3:0x09fa0788 PA:0x80008325
        5055000	       504	800007ac	fd338fa3	sb	x19,-33(x7)	  x7:0x8000833c x19:0x08000000 PA:0x8000831b
        5065000	       505	800007b0	010384a3	sb	x16,9(x7)	  x7:0x8000833c x16:0x00000001 PA:0x80008345
        5075000	       506	800007b4	0263c403	lbu	x8,38(x7)	  x7:0x8000833c  x8=0x0000001d PA:0x80008362
        5085000	       507	800007b8	ff3386a3	sb	x19,-19(x7)	  x7:0x8000833c x19:0x08000000 PA:0x80008329
        5095000	       508	800007bc	4e76ec13	ori	x24,x13,1255	 x13:0x8000832e x24=0x800087ef
        5105000	       509	800007c0	fdd387a3	sb	x29,-49(x7)	  x7:0x8000833c x29:0x00000ace PA:0x8000830b
        5115000	       510	800007c4	00008697	auipc	x13,0x8	 x13=0x800087c0
        5125000	       511	800007c8	e4568693	addi	x13,x13,-443	 x13:0x800087c0 x13=0x80008605
        5135000	       512	800007cc	00cfdeb3	srl	x29,x31,x12	 x31:0x00000000 x12:0x80009f84 x29=0x00000000
        5145000	       513	800007d0	01d0b9b3	sltu	x19,x1,x29	  x1:0x00000000 x29:0x00000000 x19=0x00000000
        5155000	       514	800007d4	00ad5db3	srl	x27,x26,x10	 x26:0x00000000 x10:0x00000039 x27=0x00000000
        5165000	       515	800007d8	f576da03	lhu	x20,-169(x13)	 x13:0x80008605 x20=0x00006538 PA:0x8000855c
        5175000	       516	800007dc	010462b3	or	x5,x8,x16	  x8:0x0000001d x16:0x00000001  x5=0x0000001d
        5185000	       517	800007e0	ba56d583	lhu	x11,-1115(x13)	 x13:0x80008605 x11=0x000037ea PA:0x800081aa
        5195000	       518	800007e4	d406c703	lbu	x14,-704(x13)	 x13:0x80008605 x14=0x00000001 PA:0x80008345
        5205000	       519	800007e8	fbe68d03	lb	x26,-66(x13)	 x13:0x80008605 x26=0xffffffb5 PA:0x800085c3
        5215000	       520	00000000	00000013	addi	x0,x0,0	  x0:0x00000000
        5225000	       521	800007ec	1abd52b7	lui	x5,0x1abd5	  x5=0x1abd5000
        5235000	       522	800007f0	c286c003	lbu	x0,-984(x13)	 x13:0x80008605 PA:0x8000822d
        5245000	       523	800007f4	cc26c483	lbu	x9,-830(x13)	 x13:0x80008605  x9=0x0000003a PA:0x800082c7
        5255000	       524	800007f8	54074a13	xori	x20,x14,1344	 x14:0x00000001 x20=0x00000541
        5265000	       525	800007fc	e28d7413	andi	x8,x26,-472	 x26:0xffffffb5  x8=0xfffffe20
        5275000	       526	80000800	016068b3	or	x17,x0,x22	  x0:0x00000000 x22:0x80009fc4 x17=0x80009fc4
        5285000	       527	80000804	65317713	andi	x14,x2,1619	  x2:0x00000035 x14=0x00000011
        5295000	       528	80000808	01031713	slli	x14,x6,0x10	  x6:0x09fa0788 x14=0x07880000
        5305000	       529	8000080c	ca969ca3	sh	x9,-839(x13)	 x13:0x80008605  x9:0x0000003a PA:0x800082be
        5315000	       530	80000810	cceb7593	andi	x11,x22,-818	 x22:0x80009fc4 x11=0x80009cc4
        5325000	       531	80000814	d1c68283	lb	x5,-740(x13)	 x13:0x80008605  x5=0xffffff9f PA:0x80008321
        5335000	       532	80000818	004ae833	or	x16,x21,x4	 x21:0x00000000  x4:0x00000016 x16=0x00000016
        5345000	       533	8000081c	01a70833	add	x16,x14,x26	 x14:0x07880000 x26:0xffffffb5 x16=0x0787ffb5
        5355000	       534	80000820	01271b93	slli	x23,x14,0x12	 x14:0x07880000 x23=0x00000000
        5365000	       535	80000824	da66c283	lbu	x5,-602(x13)	 x13:0x80008605  x5=0x00000006 PA:0x800083ab
        5375000	       536	80000828	a466c283	lbu	x5,-1466(x13)	 x13:0x80008605  x5=0x0000002f PA:0x8000804b
        5385000	       537	8000082c	402c0733	sub	x14,x24,x2	 x24:0x800087ef  x2:0x00000035 x14=0x800087ba
        5395000	       538	80000830	00dfdc93	srli	x25,x31,0xd	 x31:0x00000000 x25=0x00000000
        5405000	       539	80000834	01f379b3	and	x19,x6,x31	  x6:0x09fa0788 x31:0x00000000 x19=0x00000000
        5415000	       540	80000838	404603b3	sub	x7,x12,x4	 x12:0x80009f84  x4:0x00000016  x7=0x80009f6e
        5425000	       541	8000083c	009187b3	add	x15,x3,x9	  x3:0x09fa0788  x9:0x0000003a x15=0x09fa07c2
        5435000	       542	80000840	00c070b3	and	x1,x0,x12	  x0:0x00000000 x12:0x80009f84  x1=0x00000000
        5445000	       543	80000844	be200c93	addi	x25,x0,-1054	  x0:0x00000000 x25=0xfffffbe2
        5455000	       544	80000848	63201ab7	lui	x21,0x63201	 x21=0x63201000
        5465000	       545	8000084c	bff57593	andi	x11,x10,-1025	 x10:0x00000039 x11=0x00000039
        5475000	       546	80000850	dc069aa3	sh	x0,-555(x13)	 x13:0x80008605  x0:0x00000000 PA:0x800083da
        5485000	       547	80000854	0028e0b3	or	x1,x17,x2	 x17:0x80009fc4  x2:0x00000035  x1=0x80009ff5
        5495000	       548	80000858	cd969983	lh	x19,-807(x13)	 x13:0x80008605 x19=0xffffa770 PA:0x800082de
        5505000	       549	8000085c	015c9413	slli	x8,x25,0x15	 x25:0xfffffbe2  x8=0x7c400000
        5515000	       550	80000860	0044d533	srl	x10,x9,x4	  x9:0x0000003a  x4:0x00000016 x10=0x00000000
        5525000	       551	80000864	e7d6c483	lbu	x9,-387(x13)	 x13:0x80008605  x9=0x00000000 PA:0x80008482
        5535000	       552	80000868	6aa84113	xori	x2,x16,1706	 x16:0x0787ffb5  x2=0x0787f91f
        5545000	       553	8000086c	03368003	lb	x0,51(x13)	 x13:0x80008605 PA:0x80008638
        5555000	       554	80000870	aa46c003	lbu	x0,-1372(x13)	 x13:0x80008605 PA:0x800080a9
        5565000	       555	80000874	00008217	auipc	x4,0x8	  x4=0x80008870
        5575000	       556	80000878	2e620213	addi	x4,x4,742	  x4:0x80008870  x4=0x80008b56
        5585000	       557	8000087c	00000013	addi	x0,x0,0	  x0:0x00000000
        5595000	       558	80000880	00557833	and	x16,x10,x5	 x10:0x00000000  x5:0x0000002f x16=0x00000000
        5605000	       559	80000884	018339b3	sltu	x19,x6,x24	  x6:0x09fa0788 x24:0x800087ef x19=0x00000001
        5615000	       560	80000888	f9320183	lb	x3,-109(x4)	  x4:0x80008b56  x3=0x00000019 PA:0x80008ae9
        5625000	       561	8000088c	08d20583	lb	x11,141(x4)	  x4:0x80008b56 x11=0x00000026 PA:0x80008be3
        5635000	       562	80000890	0014acb3	slt	x25,x9,x1	  x9:0x00000000  x1:0x80009ff5 x25=0x00000000
        5645000	       563	80000894	03820723	sb	x24,46(x4)	  x4:0x80008b56 x24:0x800087ef PA:0x80008b84
        5655000	       564	80000898	009cd293	srli	x5,x25,0x9	 x25:0x00000000  x5=0x00000000
        5665000	       565	8000089c	019f58b3	srl	x17,x30,x25	 x30:0x00000000 x25:0x00000000 x17=0x00000000
        5675000	       566	800008a0	f5524883	lbu	x17,-171(x4)	  x4:0x80008b56 x17=0x00000039 PA:0x80008aab
        5685000	       567	800008a4	f8104e13	xori	x28,x0,-127	  x0:0x00000000 x28=0xffffff81
        5695000	       568	800008a8	00124f03	lbu	x30,1(x4)	  x4:0x80008b56 x30=0x00000023 PA:0x80008b57
        5705000	       569	800008ac	005ddc33	srl	x24,x27,x5	 x27:0x00000000  x5:0x00000000 x24=0x00000000
        5715000	       570	800008b0	0bc20e83	lb	x29,188(x4)	  x4:0x80008b56 x29=0xffffffc1 PA:0x80008c12
        5725000	       571	800008b4	f4d20da3	sb	x13,-165(x4)	  x4:0x80008b56 x13:0x80008605 PA:0x80008ab1
        5735000	       572	800008b8	fa124f83	lbu	x31,-95(x4)	  x4:0x80008b56 x31=0x0000006c PA:0x80008af7
        5745000	       573	800008bc	06124b83	lbu	x23,97(x4)	  x4:0x80008b56 x23=0x0000008a PA:0x80008bb7
        5755000	       574	800008c0	f2724703	lbu	x14,-217(x4)	  x4:0x80008b56 x14=0x000000c6 PA:0x80008a7d
        5765000	       575	800008c4	b99f4713	xori	x14,x30,-1127	 x30:0x00000023 x14=0xfffffbba
        5775000	       576	800008c8	ff221623	sh	x18,-20(x4)	  x4:0x80008b56 x18:0x86c11af4 PA:0x80008b42
        5785000	       577	800008cc	fb720803	lb	x16,-73(x4)	  x4:0x80008b56 x16=0xffffffdb PA:0x80008b0d
        5795000	       578	800008d0	01c052b3	srl	x5,x0,x28	  x0:0x00000000 x28:0xffffff81  x5=0x00000000
        5805000	       579	800008d4	0e424803	lbu	x16,228(x4)	  x4:0x80008b56 x16=0x00000040 PA:0x80008c3a
        5815000	       580	800008d8	f9220e03	lb	x28,-110(x4)	  x4:0x80008b56 x28=0x0000003b PA:0x80008ae8
        5825000	       581	800008dc	002f1993	slli	x19,x30,0x2	 x30:0x00000023 x19=0x0000008c
        5835000	       582	800008e0	fe524403	lbu	x8,-27(x4)	  x4:0x80008b56  x8=0x00000005 PA:0x80008b3b
        5845000	       583	800008e4	66aa4f13	xori	x30,x20,1642	 x20:0x00000541 x30=0x0000032b
        5855000	       584	800008e8	41e955b3	sra	x11,x18,x30	 x18:0x86c11af4 x30:0x0000032b x11=0xfff0d823
        5865000	       585	800008ec	b27a2713	slti	x14,x20,-1241	 x20:0x00000541 x14=0x00000000
        5875000	       586	800008f0	01c375b3	and	x11,x6,x28	  x6:0x09fa0788 x28:0x0000003b x11=0x00000008
        5885000	       587	800008f4	6a18bc17	auipc	x24,0x6a18b	 x24=0xea18b8f0
        5895000	       588	800008f8	00bc5733	srl	x14,x24,x11	 x24:0xea18b8f0 x11:0x00000008 x14=0x00ea18b8
        5905000	       589	800008fc	fd7e2517	auipc	x10,0xfd7e2	 x10=0x7d7e28f8
        5915000	       590	80000900	00000013	addi	x0,x0,0	  x0:0x00000000
        5925000	       591	80000904	fad20103	lb	x2,-83(x4)	  x4:0x80008b56  x2=0x00000045 PA:0x80008b03
        5935000	       592	00000000	00000013	addi	x0,x0,0	  x0:0x00000000
        5945000	       593	80000908	369122b7	lui	x5,0x36912	  x5=0x36912000
        5955000	       594	8000090c	00a099b3	sll	x19,x1,x10	  x1:0x80009ff5 x10:0x7d7e28f8 x19=0xf5000000
        5965000	       595	80000910	02a11e63	bne	x2,x10,8000094c	  x2:0x00000045 x10:0x7d7e28f8
        5975000	       596	00000000	00000013	addi	x0,x0,0	  x0:0x00000000
        5985000	       597	80000948	00000013	addi	x0,x0,0	  x0:0x00000000
        5995000	       598	8000094c	03328663	beq	x5,x19,80000978	  x5:0x36912000 x19:0xf5000000
        6005000	       599	80000950	00000013	addi	x0,x0,0	  x0:0x00000000
        6015000	       600	80000954	4b0a6d93	ori	x27,x20,1200	 x20:0x00000541 x27=0x000005f1
        6025000	       601	80000958	0227dc63	bge	x15,x2,80000990	 x15:0x09fa07c2  x2:0x00000045
        6035000	       602	00000000	00000013	addi	x0,x0,0	  x0:0x00000000
        6045000	       603	8000098c	00000013	addi	x0,x0,0	  x0:0x00000000
        6055000	       604	80000990	976b4e13	xori	x28,x22,-1674	 x22:0x80009fc4 x28=0x7fff66b2
        6065000	       605	80000994	004b0fb3	add	x31,x22,x4	 x22:0x80009fc4  x4:0x80008b56 x31=0x00012b1a
        6075000	       606	80000998	026a5c63	bge	x20,x6,800009d0	 x20:0x00000541  x6:0x09fa0788
        6085000	       607	8000099c	0051d6b3	srl	x13,x3,x5	  x3:0x00000019  x5:0x36912000 x13=0x00000019
        6095000	       608	800009a0	01c52d33	slt	x26,x10,x28	 x10:0x7d7e28f8 x28:0x7fff66b2 x26=0x00000001
        6105000	       609	800009a4	7cd91417	auipc	x8,0x7cd91	  x8=0xfcd919a0
        6115000	       610	800009a8	0d04ec93	ori	x25,x9,208	  x9:0x00000000 x25=0x000000d0
        6125000	       611	800009ac	033f1e63	bne	x30,x19,800009e8	 x30:0x0000032b x19:0xf5000000
        6135000	       612	00000000	00000013	addi	x0,x0,0	  x0:0x00000000
        6145000	       613	800009e4	00000013	addi	x0,x0,0	  x0:0x00000000
        6155000	       614	800009e8	40badbb3	sra	x23,x21,x11	 x21:0x63201000 x11:0x00000008 x23=0x00632010
        6165000	       615	800009ec	0e180013	addi	x0,x16,225	 x16:0x00000040
        6175000	       616	800009f0	00f3f733	and	x14,x7,x15	  x7:0x80009f6e x15:0x09fa07c2 x14=0x00000742
        6185000	       617	800009f4	00d9e9b3	or	x19,x19,x13	 x19:0xf5000000 x13:0x00000019 x19=0xf5000019
        6195000	       618	800009f8	019cd333	srl	x6,x25,x25	 x25:0x000000d0 x25:0x000000d0  x6=0x00000000
        6205000	       619	800009fc	41998e33	sub	x28,x19,x25	 x19:0xf5000019 x25:0x000000d0 x28=0xf4ffff49
        6215000	       620	80000a00	7cb2e013	ori	x0,x5,1995	  x5:0x36912000
        6225000	       621	80000a04	70483f93	sltiu	x31,x16,1796	 x16:0x00000040 x31=0x00000001
        6235000	       622	80000a08	418589b3	sub	x19,x11,x24	 x11:0x00000008 x24:0xea18b8f0 x19=0x15e74718
        6245000	       623	80000a0c	0022dc63	bge	x5,x2,80000a24	  x5:0x36912000  x2:0x00000045
        6255000	       624	00000000	00000013	addi	x0,x0,0	  x0:0x00000000
        6265000	       625	80000a20	00000013	addi	x0,x0,0	  x0:0x00000000
        6275000	       626	80000a24	168d7f13	andi	x30,x26,360	 x26:0x00000001 x30=0x00000000
        6285000	       627	80000a28	01aa8e63	beq	x21,x26,80000a44	 x21:0x63201000 x26:0x00000001
        6295000	       628	80000a2c	013630b3	sltu	x1,x12,x19	 x12:0x80009f84 x19:0x15e74718  x1=0x00000000
        6305000	       629	80000a30	7dc40f97	auipc	x31,0x7dc40	 x31=0xfdc40a2c
        6315000	       630	80000a34	017fe863	bltu	x31,x23,80000a44	 x31:0xfdc40a2c x23:0x00632010
        6325000	       631	80000a38	01e02133	slt	x2,x0,x30	  x0:0x00000000 x30:0x00000000  x2=0x00000000
        6335000	       632	80000a3c	0041be33	sltu	x28,x3,x4	  x3:0x00000019  x4:0x80008b56 x28=0x00000001
        6345000	       633	80000a40	00000013	addi	x0,x0,0	  x0:0x00000000
        6355000	       634	80000a44	00d5b5b3	sltu	x11,x11,x13	 x11:0x00000008 x13:0x00000019 x11=0x00000001
        6365000	       635	80000a48	018a3fb3	sltu	x31,x20,x24	 x20:0x00000541 x24:0xea18b8f0 x31=0x00000001
        6375000	       636	80000a4c	4121da13	srai	x20,x3,0x12	  x3:0x00000019 x20=0x00000000
        6385000	       637	80000a50	02ded663	bge	x29,x13,80000a7c	 x29:0xffffffc1 x13:0x00000019
        6395000	       638	80000a54	ef1c4e13	xori	x28,x24,-271	 x24:0xea18b8f0 x28=0x15e74601
        6405000	       639	80000a58	000d1d33	sll	x26,x26,x0	 x26:0x00000001  x0:0x00000000 x26=0x00000001
        6415000	       640	80000a5c	52b5ee37	lui	x28,0x52b5e	 x28=0x52b5e000
        6425000	       641	80000a60	00000013	addi	x0,x0,0	  x0:0x00000000
        6435000	       642	80000a64	5da22213	slti	x4,x4,1498	  x4:0x80008b56  x4=0x00000001
        6445000	       643	80000a68	21a50213	addi	x4,x10,538	 x10:0x7d7e28f8  x4=0x7d7e2b12
        6455000	       644	80000a6c	01536263	bltu	x6,x21,80000a70	  x6:0x00000000 x21:0x63201000
        6465000	       645	00000000	00000013	addi	x0,x0,0	  x0:0x00000000
        6475000	       646	80000a6c	00000013	addi	x0,x0,0	  x0:0x00000000
        6485000	       647	80000a70	00000013	addi	x0,x0,0	  x0:0x00000000
        6495000	       648	80000a74	00f37e33	and	x28,x6,x15	  x6:0x00000000 x15:0x09fa07c2 x28=0x00000000
        6505000	       649	80000a78	0174b4b3	sltu	x9,x9,x23	  x9:0x00000000 x23:0x00632010  x9=0x00000001
        6515000	       650	80000a7c	001921b3	slt	x3,x18,x1	 x18:0x86c11af4  x1:0x00000000  x3=0x00000001
        6525000	       651	80000a80	01f29833	sll	x16,x5,x31	  x5:0x36912000 x31:0x00000001 x16=0x6d224000
        6535000	       652	80000a84	00c74463	blt	x14,x12,80000a8c	 x14:0x00000742 x12:0x80009f84
        6545000	       653	80000a88	b7fdc013	xori	x0,x27,-1153	 x27:0x000005f1
        6555000	       654	80000a8c	01d05cb3	srl	x25,x0,x29	  x0:0x00000000 x29:0xffffffc1 x25=0x00000000
        6565000	       655	80000a90	03594c63	blt	x18,x21,80000ac8	 x18:0x86c11af4 x21:0x63201000
        6575000	       656	00000000	00000013	addi	x0,x0,0	  x0:0x00000000
        6585000	       657	80000ac4	00000013	addi	x0,x0,0	  x0:0x00000000
        6595000	       658	80000ac8	cd113793	sltiu	x15,x2,-815	  x2:0x00000000 x15=0x00000001
        6605000	       659	80000acc	41de85b3	sub	x11,x29,x29	 x29:0xffffffc1 x29:0xffffffc1 x11=0x00000000
        6615000	       660	80000ad0	85f1a713	slti	x14,x3,-1953	  x3:0x00000001 x14=0x00000000
        6625000	       661	80000ad4	0023f263	bgeu	x7,x2,80000ad8	  x7:0x80009f6e  x2:0x00000000
        6635000	       662	00000000	00000013	addi	x0,x0,0	  x0:0x00000000
        6645000	       663	80000ad4	00000013	addi	x0,x0,0	  x0:0x00000000
        6655000	       664	80000ad8	014a4833	xor	x16,x20,x20	 x20:0x00000000 x20:0x00000000 x16=0x00000000
        6665000	       665	80000adc	010102b3	add	x5,x2,x16	  x2:0x00000000 x16:0x00000000  x5=0x00000000
        6675000	       666	80000ae0	009c5e33	srl	x28,x24,x9	 x24:0xea18b8f0  x9:0x00000001 x28=0x750c5c78
        6685000	       667	80000ae4	0012f7b3	and	x15,x5,x1	  x5:0x00000000  x1:0x00000000 x15=0x00000000
        6695000	       668	80000ae8	412e56b3	sra	x13,x28,x18	 x28:0x750c5c78 x18:0x86c11af4 x13=0x00000750
        6705000	       669	80000aec	416b5813	srai	x16,x22,0x16	 x22:0x80009fc4 x16=0xfffffe00
        6715000	       670	80000af0	00000013	addi	x0,x0,0	  x0:0x00000000
        6725000	       671	80000af4	4c88ae93	slti	x29,x17,1224	 x17:0x00000039 x29=0x00000001
        6735000	       672	80000af8	00000013	addi	x0,x0,0	  x0:0x00000000
        6745000	       673	80000afc	01df38b3	sltu	x17,x30,x29	 x30:0x00000000 x29:0x00000001 x17=0x00000001
        6755000	       674	80000b00	02585663	bge	x16,x5,80000b2c	 x16:0xfffffe00  x5:0x00000000
        6765000	       675	80000b04	01809ab3	sll	x21,x1,x24	  x1:0x00000000 x24:0xea18b8f0 x21=0x00000000
        6775000	       676	80000b08	00ce0463	beq	x28,x12,80000b10	 x28:0x750c5c78 x12:0x80009f84
        6785000	       677	80000b0c	019eee63	bltu	x29,x25,80000b28	 x29:0x00000001 x25:0x00000000
        6795000	       678	80000b10	c219ab93	slti	x23,x19,-991	 x19:0x15e74718 x23=0x00000000
        6805000	       679	80000b14	00e45513	srli	x10,x8,0xe	  x8:0xfcd919a0 x10=0x0003f364
        6815000	       680	80000b18	004d91b3	sll	x3,x27,x4	 x27:0x000005f1  x4:0x7d7e2b12  x3=0x17c40000
        6825000	       681	80000b1c	021a9e63	bne	x21,x1,80000b58	 x21:0x00000000  x1:0x00000000
        6835000	       682	80000b20	eb23b313	sltiu	x6,x7,-334	  x7:0x80009f6e  x6=0x00000001
        6845000	       683	80000b24	006d7263	bgeu	x26,x6,80000b28	 x26:0x00000001  x6:0x00000001
        6855000	       684	00000000	00000013	addi	x0,x0,0	  x0:0x00000000
        6865000	       685	80000b24	00000013	addi	x0,x0,0	  x0:0x00000000
        6875000	       686	80000b28	01876663	bltu	x14,x24,80000b34	 x14:0x00000000 x24:0xea18b8f0
        6885000	       687	00000000	00000013	addi	x0,x0,0	  x0:0x00000000
        6895000	       688	80000b30	00000013	addi	x0,x0,0	  x0:0x00000000
        6905000	       689	80000b34	03776c63	bltu	x14,x23,80000b6c	 x14:0x00000000 x23:0x00000000
        6915000	       690	80000b38	a0ce2e13	slti	x28,x28,-1524	 x28:0x750c5c78 x28=0x00000000
        6925000	       691	80000b3c	40d65393	srai	x7,x12,0xd	 x12:0x80009f84  x7=0xfffc0004
        6935000	       692	80000b40	e21c4c13	xori	x24,x24,-479	 x24:0xea18b8f0 x24=0x15e746d1
        6945000	       693	80000b44	059f9263	bne	x31,x25,80000b88	 x31:0x00000001 x25:0x00000000
        6955000	       694	00000000	00000013	addi	x0,x0,0	  x0:0x00000000
        6965000	       695	80000b84	00000013	addi	x0,x0,0	  x0:0x00000000
        6975000	       696	80000b88	00a64863	blt	x12,x10,80000b98	 x12:0x80009f84 x10:0x0003f364
        6985000	       697	00000000	00000013	addi	x0,x0,0	  x0:0x00000000
        6995000	       698	80000b94	00000013	addi	x0,x0,0	  x0:0x00000000
        7005000	       699	80000b98	043a0863	beq	x20,x3,80000be8	 x20:0x00000000  x3:0x17c40000
        7015000	       700	80000b9c	22c306b7	lui	x13,0x22c30	 x13=0x22c30000
        7025000	       701	80000ba0	7d95e193	ori	x3,x11,2009	 x11:0x00000000  x3=0x000007d9
        7035000	       702	80000ba4	005199b3	sll	x19,x3,x5	  x3:0x000007d9  x5:0x00000000 x19=0x000007d9
        7045000	       703	80000ba8	01a0d413	srli	x8,x1,0x1a	  x1:0x00000000  x8=0x00000000
        7055000	       704	80000bac	03b51e63	bne	x10,x27,80000be8	 x10:0x0003f364 x27:0x000005f1
        7065000	       705	00000000	00000013	addi	x0,x0,0	  x0:0x00000000
        7075000	       706	80000be4	00000013	addi	x0,x0,0	  x0:0x00000000
        7085000	       707	80000be8	00000013	addi	x0,x0,0	  x0:0x00000000
        7095000	       708	80000bec	40bc8e33	sub	x28,x25,x11	 x25:0x00000000 x11:0x00000000 x28=0x00000000
        7105000	       709	80000bf0	001181b3	add	x3,x3,x1	  x3:0x000007d9  x1:0x00000000  x3=0x000007d9
        7115000	       710	80000bf4	00e1a9b3	slt	x19,x3,x14	  x3:0x000007d9 x14:0x00000000 x19=0x00000000
        7125000	       711	80000bf8	de8b5a17	auipc	x20,0xde8b5	 x20=0x5e8b5bf4
        7135000	       712	80000bfc	5d478093	addi	x1,x15,1492	 x15:0x00000000  x1=0x000005d4
        7145000	       713	80000c00	00ee90b3	sll	x1,x29,x14	 x29:0x00000001 x14:0x00000000  x1=0x00000001
        7155000	       714	80000c04	f7bfe713	ori	x14,x31,-133	 x31:0x00000001 x14=0xffffff7b
        7165000	       715	80000c08	00ae19b3	sll	x19,x28,x10	 x28:0x00000000 x10:0x0003f364 x19=0x00000000
        7175000	       716	80000c0c	011a7c33	and	x24,x20,x17	 x20:0x5e8b5bf4 x17:0x00000001 x24=0x00000000
        7185000	       717	80000c10	00c65013	srli	x0,x12,0xc	 x12:0x80009f84
        7195000	       718	80000c14	40f7d833	sra	x16,x15,x15	 x15:0x00000000 x15:0x00000000 x16=0x00000000
        7205000	       719	80000c18	0127e033	or	x0,x15,x18	 x15:0x00000000 x18:0x86c11af4
        7215000	       720	80000c1c	0127b133	sltu	x2,x15,x18	 x15:0x00000000 x18:0x86c11af4  x2=0x00000001
        7225000	       721	80000c20	a62323b7	lui	x7,0xa6232	  x7=0xa6232000
        7235000	       722	80000c24	019b1c63	bne	x22,x25,80000c3c	 x22:0x80009fc4 x25:0x00000000
        7245000	       723	00000000	00000013	addi	x0,x0,0	  x0:0x00000000
        7255000	       724	80000c38	00000013	addi	x0,x0,0	  x0:0x00000000
        7265000	       725	80000c3c	0041a2b3	slt	x5,x3,x4	  x3:0x000007d9  x4:0x7d7e2b12  x5=0x00000001
        7275000	       726	80000c40	01f052b3	srl	x5,x0,x31	  x0:0x00000000 x31:0x00000001  x5=0x00000000
        7285000	       727	80000c44	001f2db3	slt	x27,x30,x1	 x30:0x00000000  x1:0x00000001 x27=0x00000001
        7295000	       728	80000c48	35df8413	addi	x8,x31,861	 x31:0x00000001  x8=0x0000035e
        7305000	       729	80000c4c	004bd663	bge	x23,x4,80000c58	 x23:0x00000000  x4:0x7d7e2b12
        7315000	       730	80000c50	409bd893	srai	x17,x23,0x9	 x23:0x00000000 x17=0x00000000
        7325000	       731	80000c54	01c40a63	beq	x8,x28,80000c68	  x8:0x0000035e x28:0x00000000
        7335000	       732	80000c58	0021c7b3	xor	x15,x3,x2	  x3:0x000007d9  x2:0x00000001 x15=0x000007d8
        7345000	       733	80000c5c	015714b3	sll	x9,x14,x21	 x14:0xffffff7b x21:0x00000000  x9=0xffffff7b
        7355000	       734	80000c60	005caab3	slt	x21,x25,x5	 x25:0x00000000  x5:0x00000000 x21=0x00000000
        7365000	       735	80000c64	95d97d93	andi	x27,x18,-1699	 x18:0x86c11af4 x27=0x86c11854
        7375000	       736	80000c68	b525c113	xori	x2,x11,-1198	 x11:0x00000000  x2=0xfffffb52
        7385000	       737	80000c6c	00dd6e63	bltu	x26,x13,80000c88	 x26:0x00000001 x13:0x22c30000
        7395000	       738	00000000	00000013	addi	x0,x0,0	  x0:0x00000000
        7405000	       739	80000c84	00000013	addi	x0,x0,0	  x0:0x00000000
        7415000	       740	80000c88	01659263	bne	x11,x22,80000c8c	 x11:0x00000000 x22:0x80009fc4
        7425000	       741	00000000	00000013	addi	x0,x0,0	  x0:0x00000000
        7435000	       742	80000c88	00000013	addi	x0,x0,0	  x0:0x00000000
        7445000	       743	80000c8c	46cd0f13	addi	x30,x26,1132	 x26:0x00000001 x30=0x0000046d
        7455000	       744	80000c90	011ed263	bge	x29,x17,80000c94	 x29:0x00000001 x17:0x00000000
        7465000	       745	00000000	00000013	addi	x0,x0,0	  x0:0x00000000
        7475000	       746	80000c90	00000013	addi	x0,x0,0	  x0:0x00000000
        7485000	       747	80000c94	651b94b7	lui	x9,0x651b9	  x9=0x651b9000
        7495000	       748	80000c98	40785793	srai	x15,x16,0x7	 x16:0x00000000 x15=0x00000000
        7505000	       749	80000c9c	010be5b3	or	x11,x23,x16	 x23:0x00000000 x16:0x00000000 x11=0x00000000
        7515000	       750	80000ca0	01bb8c63	beq	x23,x27,80000cb8	 x23:0x00000000 x27:0x86c11854
        7525000	       751	80000ca4	0074f663	bgeu	x9,x7,80000cb0	  x9:0x651b9000  x7:0xa6232000
        7535000	       752	80000ca8	0088e663	bltu	x17,x8,80000cb4	 x17:0x00000000  x8:0x0000035e
        7545000	       753	00000000	00000013	addi	x0,x0,0	  x0:0x00000000
        7555000	       754	80000cb0	00000013	addi	x0,x0,0	  x0:0x00000000
        7565000	       755	80000cb4	016d0cb3	add	x25,x26,x22	 x26:0x00000001 x22:0x80009fc4 x25=0x80009fc5
        7575000	       756	80000cb8	01eb0663	beq	x22,x30,80000cc4	 x22:0x80009fc4 x30:0x0000046d
        7585000	       757	80000cbc	00e077b3	and	x15,x0,x14	  x0:0x00000000 x14:0xffffff7b x15=0x00000000
        7595000	       758	80000cc0	40505a13	srai	x20,x0,0x5	  x0:0x00000000 x20=0x00000000
        7605000	       759	80000cc4	1151a193	slti	x3,x3,277	  x3:0x000007d9  x3=0x00000000
        7615000	       760	80000cc8	941a3593	sltiu	x11,x20,-1727	 x20:0x00000000 x11=0x00000001
        7625000	       761	80000ccc	00e01cb3	sll	x25,x0,x14	  x0:0x00000000 x14:0xffffff7b x25=0x00000000
        7635000	       762	80000cd0	41c38693	addi	x13,x7,1052	  x7:0xa6232000 x13=0xa623241c
        7645000	       763	80000cd4	ad76cf37	lui	x30,0xad76c	 x30=0xad76c000
        7655000	       764	80000cd8	006098b3	sll	x17,x1,x6	  x1:0x00000001  x6:0x00000001 x17=0x00000002
        7665000	       765	80000cdc	93838413	addi	x8,x7,-1736	  x7:0xa6232000  x8=0xa6231938
        7675000	       766	80000ce0	02246663	bltu	x8,x2,80000d0c	  x8:0xa6231938  x2:0xfffffb52
        7685000	       767	00000000	00000013	addi	x0,x0,0	  x0:0x00000000
        7695000	       768	80000d08	00000013	addi	x0,x0,0	  x0:0x00000000
        7705000	       769	80000d0c	01dd9393	slli	x7,x27,0x1d	 x27:0x86c11854  x7=0x80000000
        7715000	       770	80000d10	1208e793	ori	x15,x17,288	 x17:0x00000002 x15=0x00000122
        7725000	       771	80000d14	c9b148b7	lui	x17,0xc9b14	 x17=0xc9b14000
        7735000	       772	80000d18	00748263	beq	x9,x7,80000d1c	  x9:0x651b9000  x7:0x80000000
        7745000	       773	80000d1c	0334cc63	blt	x9,x19,80000d54	  x9:0x651b9000 x19:0x00000000
        7755000	       774	80000d20	0054eeb3	or	x29,x9,x5	  x9:0x651b9000  x5:0x00000000 x29=0x651b9000
        7765000	       775	80000d24	00330cb3	add	x25,x6,x3	  x6:0x00000001  x3:0x00000000 x25=0x00000001
        7775000	       776	80000d28	008b86b3	add	x13,x23,x8	 x23:0x00000000  x8:0xa6231938 x13=0xa6231938
        7785000	       777	80000d2c	011194b3	sll	x9,x3,x17	  x3:0x00000000 x17:0xc9b14000  x9=0x00000000
        7795000	       778	80000d30	01c5d5b3	srl	x11,x11,x28	 x11:0x00000001 x28:0x00000000 x11=0x00000001
        7805000	       779	80000d34	fbab6213	ori	x4,x22,-70	 x22:0x80009fc4  x4=0xfffffffe
        7815000	       780	80000d38	00268033	add	x0,x13,x2	 x13:0xa6231938  x2:0xfffffb52
        7825000	       781	80000d3c	01429863	bne	x5,x20,80000d4c	  x5:0x00000000 x20:0x00000000
        7835000	       782	80000d40	00710133	add	x2,x2,x7	  x2:0xfffffb52  x7:0x80000000  x2=0x7ffffb52
        7845000	       783	80000d44	0165d263	bge	x11,x22,80000d48	 x11:0x00000001 x22:0x80009fc4
        7855000	       784	00000000	00000013	addi	x0,x0,0	  x0:0x00000000
        7865000	       785	80000d44	00000013	addi	x0,x0,0	  x0:0x00000000
        7875000	       786	80000d48	03171863	bne	x14,x17,80000d78	 x14:0xffffff7b x17:0xc9b14000
        7885000	       787	00000000	00000013	addi	x0,x0,0	  x0:0x00000000
        7895000	       788	80000d74	00000013	addi	x0,x0,0	  x0:0x00000000
        7905000	       789	80000d78	0179c263	blt	x19,x23,80000d7c	 x19:0x00000000 x23:0x00000000
        7915000	       790	80000d7c	000e16b3	sll	x13,x28,x0	 x28:0x00000000  x0:0x00000000 x13=0x00000000
        7925000	       791	80000d80	03511c63	bne	x2,x21,80000db8	  x2:0x7ffffb52 x21:0x00000000
        7935000	       792	00000000	00000013	addi	x0,x0,0	  x0:0x00000000
        7945000	       793	80000db4	00000013	addi	x0,x0,0	  x0:0x00000000
        7955000	       794	80000db8	009b4c63	blt	x22,x9,80000dd0	 x22:0x80009fc4  x9:0x00000000
        7965000	       795	00000000	00000013	addi	x0,x0,0	  x0:0x00000000
        7975000	       796	80000dcc	00000013	addi	x0,x0,0	  x0:0x00000000
        7985000	       797	80000dd0	a1e7ed13	ori	x26,x15,-1506	 x15:0x00000122 x26=0xfffffb3e
        7995000	       798	80000dd4	07000c13	addi	x24,x0,112	  x0:0x00000000 x24=0x00000070
        8005000	       799	80000dd8	03ce0e63	beq	x28,x28,80000e14	 x28:0x00000000 x28:0x00000000
        8015000	       800	00000000	00000013	addi	x0,x0,0	  x0:0x00000000
        8025000	       801	80000e10	00000013	addi	x0,x0,0	  x0:0x00000000
        8035000	       802	80000e14	a816e593	ori	x11,x13,-1407	 x13:0x00000000 x11=0xfffffa81
        8045000	       803	80000e18	00d61333	sll	x6,x12,x13	 x12:0x80009f84 x13:0x00000000  x6=0x80009f84
        8055000	       804	80000e1c	01755663	bge	x10,x23,80000e28	 x10:0x0003f364 x23:0x00000000
        8065000	       805	00000000	00000013	addi	x0,x0,0	  x0:0x00000000
        8075000	       806	80000e24	00000013	addi	x0,x0,0	  x0:0x00000000
        8085000	       807	80000e28	01be40b3	xor	x1,x28,x27	 x28:0x00000000 x27:0x86c11854  x1=0x86c11854
        8095000	       808	80000e2c	00000013	addi	x0,x0,0	  x0:0x00000000
        8105000	       809	80000e30	001f5e63	bge	x30,x1,80000e4c	 x30:0xad76c000  x1:0x86c11854
        8115000	       810	00000000	00000013	addi	x0,x0,0	  x0:0x00000000
        8125000	       811	80000e48	00000013	addi	x0,x0,0	  x0:0x00000000
        8135000	       812	80000e4c	00b25b93	srli	x23,x4,0xb	  x4:0xfffffffe x23=0x001fffff
        8145000	       813	80000e50	016a5d93	srli	x27,x20,0x16	 x20:0x00000000 x27=0x00000000
        8155000	       814	80000e54	03ebf663	bgeu	x23,x30,80000e80	 x23:0x001fffff x30:0xad76c000
        8165000	       815	80000e58	00000013	addi	x0,x0,0	  x0:0x00000000
        8175000	       816	80000e5c	bf4ad537	lui	x10,0xbf4ad	 x10=0xbf4ad000
        8185000	       817	80000e60	05eef263	bgeu	x29,x30,80000ea4	 x29:0x651b9000 x30:0xad76c000
        8195000	       818	80000e64	00b854b3	srl	x9,x16,x11	 x16:0x00000000 x11:0xfffffa81  x9=0x00000000
        8205000	       819	80000e68	02511c63	bne	x2,x5,80000ea0	  x2:0x7ffffb52  x5:0x00000000
        8215000	       820	00000000	00000013	addi	x0,x0,0	  x0:0x00000000
        8225000	       821	80000e9c	00000013	addi	x0,x0,0	  x0:0x00000000
        8235000	       822	80000ea0	019f5bb3	srl	x23,x30,x25	 x30:0xad76c000 x25:0x00000001 x23=0x56bb6000
        8245000	       823	80000ea4	010b5093	srli	x1,x22,0x10	 x22:0x80009fc4  x1=0x00008000
        8255000	       824	80000ea8	00d001b3	add	x3,x0,x13	  x0:0x00000000 x13:0x00000000  x3=0x00000000
        8265000	       825	80000eac	00effd33	and	x26,x31,x14	 x31:0x00000001 x14:0xffffff7b x26=0x00000001
        8275000	       826	80000eb0	bc45a693	slti	x13,x11,-1084	 x11:0xfffffa81 x13=0x00000001
        8285000	       827	80000eb4	012cd533	srl	x10,x25,x18	 x25:0x00000001 x18:0x86c11af4 x10=0x00000000
        8295000	       828	80000eb8	0070c3b3	xor	x7,x1,x7	  x1:0x00008000  x7:0x80000000  x7=0x80008000
        8305000	       829	80000ebc	40af53b3	sra	x7,x30,x10	 x30:0xad76c000 x10:0x00000000  x7=0xad76c000
        8315000	       830	80000ec0	00c7edb3	or	x27,x15,x12	 x15:0x00000122 x12:0x80009f84 x27=0x80009fa6
        8325000	       831	80000ec4	01e3ceb3	xor	x29,x7,x30	  x7:0xad76c000 x30:0xad76c000 x29=0x00000000
        8335000	       832	80000ec8	02cf0e63	beq	x30,x12,80000f04	 x30:0xad76c000 x12:0x80009f84
        8345000	       833	80000ecc	00506263	bltu	x0,x5,80000ed0	  x0:0x00000000  x5:0x00000000
        8355000	       834	80000ed0	00280833	add	x16,x16,x2	 x16:0x00000000  x2:0x7ffffb52 x16=0x7ffffb52
        8365000	       835	80000ed4	008241b3	xor	x3,x4,x8	  x4:0xfffffffe  x8:0xa6231938  x3=0x59dce6c6
        8375000	       836	80000ed8	18aa2a17	auipc	x20,0x18aa2	 x20=0x98aa2ed4
        8385000	       837	80000edc	41bfdd13	srai	x26,x31,0x1b	 x31:0x00000001 x26=0x00000000
        8395000	       838	80000ee0	01085263	bge	x16,x16,80000ee4	 x16:0x7ffffb52 x16:0x7ffffb52
        8405000	       839	00000000	00000013	addi	x0,x0,0	  x0:0x00000000
        8415000	       840	80000ee0	00000013	addi	x0,x0,0	  x0:0x00000000
        8425000	       841	80000ee4	0121c4b3	xor	x9,x3,x18	  x3:0x59dce6c6 x18:0x86c11af4  x9=0xdf1dfc32
        8435000	       842	80000ee8	01ded663	bge	x29,x29,80000ef4	 x29:0x00000000 x29:0x00000000
        8445000	       843	00000000	00000013	addi	x0,x0,0	  x0:0x00000000
        8455000	       844	80000ef0	00000013	addi	x0,x0,0	  x0:0x00000000
        8465000	       845	80000ef4	00f60263	beq	x12,x15,80000ef8	 x12:0x80009f84 x15:0x00000122
        8475000	       846	80000ef8	01fdc3b3	xor	x7,x27,x31	 x27:0x80009fa6 x31:0x00000001  x7=0x80009fa7
        8485000	       847	80000efc	d805c013	xori	x0,x11,-640	 x11:0xfffffa81
        8495000	       848	80000f00	015ffe63	bgeu	x31,x21,80000f1c	 x31:0x00000001 x21:0x00000000
        8505000	       849	00000000	00000013	addi	x0,x0,0	  x0:0x00000000
        8515000	       850	80000f18	00000013	addi	x0,x0,0	  x0:0x00000000
        8525000	       851	80000f1c	00816e63	bltu	x2,x8,80000f38	  x2:0x7ffffb52  x8:0xa6231938
        8535000	       852	00000000	00000013	addi	x0,x0,0	  x0:0x00000000
        8545000	       853	80000f34	00000013	addi	x0,x0,0	  x0:0x00000000
        8555000	       854	80000f38	0169d0b3	srl	x1,x19,x22	 x19:0x00000000 x22:0x80009fc4  x1=0x00000000
        8565000	       855	80000f3c	003436b3	sltu	x13,x8,x3	  x8:0xa6231938  x3:0x59dce6c6 x13=0x00000000
        8575000	       856	80000f40	019366b3	or	x13,x6,x25	  x6:0x80009f84 x25:0x00000001 x13=0x80009f85
        8585000	       857	80000f44	0087bc33	sltu	x24,x15,x8	 x15:0x00000122  x8:0xa6231938 x24=0x00000001
        8595000	       858	80000f48	017559b3	srl	x19,x10,x23	 x10:0x00000000 x23:0x56bb6000 x19=0x00000000
        8605000	       859	80000f4c	415cd1b3	sra	x3,x25,x21	 x25:0x00000001 x21:0x00000000  x3=0x00000001
        8615000	       860	80000f50	05d7f863	bgeu	x15,x29,80000fa0	 x15:0x00000122 x29:0x00000000
        8625000	       861	00000000	00000013	addi	x0,x0,0	  x0:0x00000000
        8635000	       862	80000f9c	00000013	addi	x0,x0,0	  x0:0x00000000
        8645000	       863	80000fa0	00000013	addi	x0,x0,0	  x0:0x00000000
        8655000	       864	80000fa4	727af297	auipc	x5,0x727af	  x5=0xf27affa0
        8665000	       865	80000fa8	d9103b97	auipc	x23,0xd9103	 x23=0x59103fa4
        8675000	       866	80000fac	010ce0b3	or	x1,x25,x16	 x25:0x00000001 x16:0x7ffffb52  x1=0x7ffffb53
        8685000	       867	80000fb0	40295db3	sra	x27,x18,x2	 x18:0x86c11af4  x2:0x7ffffb52 x27=0xffffe1b0
        8695000	       868	80000fb4	01a5c4b3	xor	x9,x11,x26	 x11:0xfffffa81 x26:0x00000000  x9=0xfffffa81
        8705000	       869	80000fb8	01226663	bltu	x4,x18,80000fc4	  x4:0xfffffffe x18:0x86c11af4
        8715000	       870	80000fbc	0137ba33	sltu	x20,x15,x19	 x15:0x00000122 x19:0x00000000 x20=0x00000000
        8725000	       871	80000fc0	002520b3	slt	x1,x10,x2	 x10:0x00000000  x2:0x7ffffb52  x1=0x00000001
        8735000	       872	80000fc4	00c87e33	and	x28,x16,x12	 x16:0x7ffffb52 x12:0x80009f84 x28=0x00009b00
        8745000	       873	80000fc8	02776e63	bltu	x14,x7,80001004	 x14:0xffffff7b  x7:0x80009fa7
        8755000	       874	80000fcc	011a4db3	xor	x27,x20,x17	 x20:0x00000000 x17:0xc9b14000 x27=0xc9b14000
        8765000	       875	80000fd0	03524c63	blt	x4,x21,80001008	  x4:0xfffffffe x21:0x00000000
        8775000	       876	00000000	00000013	addi	x0,x0,0	  x0:0x00000000
        8785000	       877	80001004	00000013	addi	x0,x0,0	  x0:0x00000000
        8795000	       878	80001008	01c77c63	bgeu	x14,x28,80001020	 x14:0xffffff7b x28:0x00009b00
        8805000	       879	00000000	00000013	addi	x0,x0,0	  x0:0x00000000
        8815000	       880	8000101c	00000013	addi	x0,x0,0	  x0:0x00000000
        8825000	       881	80001020	b54bf993	andi	x19,x23,-1196	 x23:0x59103fa4 x19=0x59103b04
        8835000	       882	80001024	40e90833	sub	x16,x18,x14	 x18:0x86c11af4 x14:0xffffff7b x16=0x86c11b79
        8845000	       883	80001028	019af263	bgeu	x21,x25,8000102c	 x21:0x00000000 x25:0x00000001
        8855000	       884	8000102c	02a91663	bne	x18,x10,80001058	 x18:0x86c11af4 x10:0x00000000
        8865000	       885	00000000	00000013	addi	x0,x0,0	  x0:0x00000000
        8875000	       886	80001054	00000013	addi	x0,x0,0	  x0:0x00000000
        8885000	       887	80001058	00a59413	slli	x8,x11,0xa	 x11:0xfffffa81  x8=0xffea0400
        8895000	       888	8000105c	4147d8b3	sra	x17,x15,x20	 x15:0x00000122 x20:0x00000000 x17=0x00000122
        8905000	       889	80001060	34724493	xori	x9,x4,839	  x4:0xfffffffe  x9=0xfffffcb9
        8915000	       890	80001064	00000013	addi	x0,x0,0	  x0:0x00000000
        8925000	       891	80001068	00000013	addi	x0,x0,0	  x0:0x00000000
        8935000	       892	8000106c	010b5f13	srli	x30,x22,0x10	 x22:0x80009fc4 x30=0x00008000
        8945000	       893	80001070	01271863	bne	x14,x18,80001080	 x14:0xffffff7b x18:0x86c11af4
        8955000	       894	00000000	00000013	addi	x0,x0,0	  x0:0x00000000
        8965000	       895	8000107c	00000013	addi	x0,x0,0	  x0:0x00000000
        8975000	       896	80001080	009a7eb3	and	x29,x20,x9	 x20:0x00000000  x9:0xfffffcb9 x29=0x00000000
        8985000	       897	80001084	0139d733	srl	x14,x19,x19	 x19:0x59103b04 x19:0x59103b04 x14=0x059103b0
        8995000	       898	80001088	01dfd713	srli	x14,x31,0x1d	 x31:0x00000001 x14=0x00000000
        9005000	       899	8000108c	03f0e663	bltu	x1,x31,800010b8	  x1:0x00000001 x31:0x00000001
        9015000	       900	80001090	94398d13	addi	x26,x19,-1725	 x19:0x59103b04 x26=0x59103447
        9025000	       901	80001094	00000013	addi	x0,x0,0	  x0:0x00000000
        9035000	       902	80001098	0029c033	xor	x0,x19,x2	 x19:0x59103b04  x2:0x7ffffb52
        9045000	       903	8000109c	4d06fe93	andi	x29,x13,1232	 x13:0x80009f85 x29=0x00000480
        9055000	       904	800010a0	007b7333	and	x6,x22,x7	 x22:0x80009fc4  x7:0x80009fa7  x6=0x80009f84
        9065000	       905	800010a4	03d2dc63	bge	x5,x29,800010dc	  x5:0xf27affa0 x29:0x00000480
        9075000	       906	800010a8	00bdb6b3	sltu	x13,x27,x11	 x27:0xc9b14000 x11:0xfffffa81 x13=0x00000001
        9085000	       907	800010ac	00129093	slli	x1,x5,0x1	  x5:0xf27affa0  x1=0xe4f5ff40
        9095000	       908	800010b0	ae609b97	auipc	x23,0xae609	 x23=0x2e60a0ac
        9105000	       909	800010b4	01ad64b3	or	x9,x26,x26	 x26:0x59103447 x26:0x59103447  x9=0x59103447
        9115000	       910	800010b8	018af8b3	and	x17,x21,x24	 x21:0x00000000 x24:0x00000001 x17=0x00000000
        9125000	       911	800010bc	d6ef4893	xori	x17,x30,-658	 x30:0x00008000 x17=0xffff7d6e
        9135000	       912	800010c0	002dec33	or	x24,x27,x2	 x27:0xc9b14000  x2:0x7ffffb52 x24=0xfffffb52
        9145000	       913	800010c4	01cc9833	sll	x16,x25,x28	 x25:0x00000001 x28:0x00009b00 x16=0x00000001
        9155000	       914	800010c8	fe1cb593	sltiu	x11,x25,-31	 x25:0x00000001 x11=0x00000001
        9165000	       915	800010cc	b992ca93	xori	x21,x5,-1127	  x5:0xf27affa0 x21=0x0d850439
        9175000	       916	800010d0	daecfc13	andi	x24,x25,-594	 x25:0x00000001 x24=0x00000000
        9185000	       917	800010d4	00000013	addi	x0,x0,0	  x0:0x00000000
        9195000	       918	800010d8	01448ab3	add	x21,x9,x20	  x9:0x59103447 x20:0x00000000 x21=0x59103447
        9205000	       919	800010dc	0183da93	srli	x21,x7,0x18	  x7:0x80009fa7 x21=0x00000080
        9215000	       920	800010e0	052c5263	bge	x24,x18,80001124	 x24:0x00000000 x18:0x86c11af4
        9225000	       921	00000000	00000013	addi	x0,x0,0	  x0:0x00000000
        9235000	       922	80001120	00000013	addi	x0,x0,0	  x0:0x00000000
        9245000	       923	80001124	404dd0b3	sra	x1,x27,x4	 x27:0xc9b14000  x4:0xfffffffe  x1=0xffffffff
        9255000	       924	80001128	008f1713	slli	x14,x30,0x8	 x30:0x00008000 x14=0x00800000
        9265000	       925	8000112c	01871cb3	sll	x25,x14,x24	 x14:0x00800000 x24:0x00000000 x25=0x00800000
        9275000	       926	80001130	07a1af17	auipc	x30,0x7a1a	 x30=0x87a1b12c
        9285000	       927	80001134	030bce63	blt	x23,x16,80001170	 x23:0x2e60a0ac x16:0x00000001
        9295000	       928	80001138	01066fb3	or	x31,x12,x16	 x12:0x80009f84 x16:0x00000001 x31=0x80009f85
        9305000	       929	8000113c	00000013	addi	x0,x0,0	  x0:0x00000000
        9315000	       930	80001140	017f6533	or	x10,x30,x23	 x30:0x87a1b12c x23:0x2e60a0ac x10=0xafe1b1ac
        9325000	       931	80001144	01a3feb3	and	x29,x7,x26	  x7:0x80009fa7 x26:0x59103447 x29=0x00001407
        9335000	       932	80001148	00920733	add	x14,x4,x9	  x4:0xfffffffe  x9:0x59103447 x14=0x59103445
        9345000	       933	8000114c	00000013	addi	x0,x0,0	  x0:0x00000000
        9355000	       934	80001150	00887eb3	and	x29,x16,x8	 x16:0x00000001  x8:0xffea0400 x29=0x00000000
        9365000	       935	80001154	006fdc93	srli	x25,x31,0x6	 x31:0x80009f85 x25=0x0200027e
        9375000	       936	80001158	03364c63	blt	x12,x19,80001190	 x12:0x80009f84 x19:0x59103b04
        9385000	       937	00000000	00000013	addi	x0,x0,0	  x0:0x00000000
        9395000	       938	8000118c	00000013	addi	x0,x0,0	  x0:0x00000000
        9405000	       939	80001190	0186d713	srli	x14,x13,0x18	 x13:0x00000001 x14=0x00000000
        9415000	       940	80001194	02790e63	beq	x18,x7,800011d0	 x18:0x86c11af4  x7:0x80009fa7
        9425000	       941	80001198	c763ae13	slti	x28,x7,-906	  x7:0x80009fa7 x28=0x00000001
        9435000	       942	8000119c	9723af93	slti	x31,x7,-1678	  x7:0x80009fa7 x31=0x00000001
        9445000	       943	800011a0	1d993c93	sltiu	x25,x18,473	 x18:0x86c11af4 x25=0x00000000
        9455000	       944	800011a4	cbe0f493	andi	x9,x1,-834	  x1:0xffffffff  x9=0xfffffcbe
        9465000	       945	800011a8	002a8263	beq	x21,x2,800011ac	 x21:0x00000080  x2:0x7ffffb52
        9475000	       946	800011ac	df62f537	lui	x10,0xdf62f	 x10=0xdf62f000
        9485000	       947	800011b0	419ad2b3	sra	x5,x21,x25	 x21:0x00000080 x25:0x00000000  x5=0x00000080
        9495000	       948	800011b4	007e9333	sll	x6,x29,x7	 x29:0x00000000  x7:0x80009fa7  x6=0x00000000
        9505000	       949	800011b8	7be2fc97	auipc	x25,0x7be2f	 x25=0xfbe301b4
        9515000	       950	800011bc	4092d813	srai	x16,x5,0x9	  x5:0x00000080 x16=0x00000000
        9525000	       951	800011c0	015f41b3	xor	x3,x30,x21	 x30:0x87a1b12c x21:0x00000080  x3=0x87a1b1ac
        9535000	       952	800011c4	41ded093	srai	x1,x29,0x1d	 x29:0x00000000  x1=0x00000000
        9545000	       953	800011c8	01bbabb3	slt	x23,x23,x27	 x23:0x2e60a0ac x27:0xc9b14000 x23=0x00000000
        9555000	       954	800011cc	02986663	bltu	x16,x9,800011f8	 x16:0x00000000  x9:0xfffffcbe
        9565000	       955	00000000	00000013	addi	x0,x0,0	  x0:0x00000000
        9575000	       956	800011f4	00000013	addi	x0,x0,0	  x0:0x00000000
        9585000	       957	800011f8	01a2c233	xor	x4,x5,x26	  x5:0x00000080 x26:0x59103447  x4=0x591034c7
        9595000	       958	800011fc	00bc9f13	slli	x30,x25,0xb	 x25:0xfbe301b4 x30=0x180da000
        9605000	       959	80001200	d079e6b7	lui	x13,0xd079e	 x13=0xd079e000
        9615000	       960	80001204	a4707293	andi	x5,x0,-1465	  x0:0x00000000  x5=0x00000000
        9625000	       961	80001208	82e41217	auipc	x4,0x82e41	  x4=0x02e42204
        9635000	       962	8000120c	004c4c63	blt	x24,x4,80001224	 x24:0x00000000  x4:0x02e42204
        9645000	       963	00000000	00000013	addi	x0,x0,0	  x0:0x00000000
        9655000	       964	80001220	00000013	addi	x0,x0,0	  x0:0x00000000
        9665000	       965	80001224	a2436193	ori	x3,x6,-1500	  x6:0x00000000  x3=0xfffffa24
        9675000	       966	80001228	00c3ebb3	or	x23,x7,x12	  x7:0x80009fa7 x12:0x80009f84 x23=0x80009fa7
        9685000	       967	8000122c	01cbfeb3	and	x29,x23,x28	 x23:0x80009fa7 x28:0x00000001 x29=0x00000001
        9695000	       968	80001230	00b1dbb3	srl	x23,x3,x11	  x3:0xfffffa24 x11:0x00000001 x23=0x7ffffd12
        9705000	       969	80001234	411c8833	sub	x16,x25,x17	 x25:0xfbe301b4 x17:0xffff7d6e x16=0xfbe38446
        9715000	       970	80001238	004a9a63	bne	x21,x4,8000124c	 x21:0x00000080  x4:0x02e42204
        9725000	       971	00000000	00000013	addi	x0,x0,0	  x0:0x00000000
        9735000	       972	80001248	00000013	addi	x0,x0,0	  x0:0x00000000
        9745000	       973	8000124c	01828433	add	x8,x5,x24	  x5:0x00000000 x24:0x00000000  x8=0x00000000
        9755000	       974	80001250	0fd54e93	xori	x29,x10,253	 x10:0xdf62f000 x29=0xdf62f0fd
        9765000	       975	80001254	cb0b0313	addi	x6,x22,-848	 x22:0x80009fc4  x6=0x80009c74
        9775000	       976	80001258	38ba6517	auipc	x10,0x38ba6	 x10=0xb8ba7254
        9785000	       977	8000125c	00735663	bge	x6,x7,80001268	  x6:0x80009c74  x7:0x80009fa7
        9795000	       978	80001260	fe600893	addi	x17,x0,-26	  x0:0x00000000 x17=0xffffffe6
        9805000	       979	80001264	9db07797	auipc	x15,0x9db07	 x15=0x1db08260
        9815000	       980	80001268	004ce263	bltu	x25,x4,8000126c	 x25:0xfbe301b4  x4:0x02e42204
        9825000	       981	8000126c	01c64e63	blt	x12,x28,80001288	 x12:0x80009f84 x28:0x00000001
        9835000	       982	00000000	00000013	addi	x0,x0,0	  x0:0x00000000
        9845000	       983	80001284	00000013	addi	x0,x0,0	  x0:0x00000000
        9855000	       984	80001288	01441263	bne	x8,x20,8000128c	  x8:0x00000000 x20:0x00000000
        9865000	       985	8000128c	20db6f93	ori	x31,x22,525	 x22:0x80009fc4 x31=0x80009fcd
        9875000	       986	80001290	80ebca93	xori	x21,x23,-2034	 x23:0x7ffffd12 x21=0x8000051c
        9885000	       987	80001294	00cff4b3	and	x9,x31,x12	 x31:0x80009fcd x12:0x80009f84  x9=0x80009f84
        9895000	       988	80001298	3a896417	auipc	x8,0x3a896	  x8=0xba897294
        9905000	       989	8000129c	40fbd733	sra	x14,x23,x15	 x23:0x7ffffd12 x15:0x1db08260 x14=0x7ffffd12
        9915000	       990	800012a0	01cb5f93	srli	x31,x22,0x1c	 x22:0x80009fc4 x31=0x00000008
        9925000	       991	800012a4	03d9dc63	bge	x19,x29,800012dc	 x19:0x59103b04 x29:0xdf62f0fd
        9935000	       992	00000000	00000013	addi	x0,x0,0	  x0:0x00000000
        9945000	       993	800012d8	00000013	addi	x0,x0,0	  x0:0x00000000
        9955000	       994	800012dc	01feba33	sltu	x20,x29,x31	 x29:0xdf62f0fd x31:0x00000008 x20=0x00000000
        9965000	       995	800012e0	009d4c33	xor	x24,x26,x9	 x26:0x59103447  x9:0x80009f84 x24=0xd910abc3
        9975000	       996	800012e4	40bf0a33	sub	x20,x30,x11	 x30:0x180da000 x11:0x00000001 x20=0x180d9fff
        9985000	       997	800012e8	99900813	addi	x16,x0,-1639	  x0:0x00000000 x16=0xfffff999
        9995000	       998	800012ec	01def5b3	and	x11,x29,x29	 x29:0xdf62f0fd x29:0xdf62f0fd x11=0xdf62f0fd
       10005000	       999	800012f0	011d3e33	sltu	x28,x26,x17	 x26:0x59103447 x17:0xffffffe6 x28=0x00000001
       10015000	      1000	800012f4	a7ec7d13	andi	x26,x24,-1410	 x24:0xd910abc3 x26=0xd910aa42
       10025000	      1001	800012f8	00000013	addi	x0,x0,0	  x0:0x00000000
       10035000	      1002	800012fc	008b8863	beq	x23,x8,8000130c	 x23:0x7ffffd12  x8:0xba897294
       10045000	      1003	80001300	001ee663	bltu	x29,x1,8000130c	 x29:0xdf62f0fd  x1:0x00000000
       10055000	      1004	80001304	00014bb3	xor	x23,x2,x0	  x2:0x7ffffb52  x0:0x00000000 x23=0x7ffffb52
       10065000	      1005	80001308	01c4cd33	xor	x26,x9,x28	  x9:0x80009f84 x28:0x00000001 x26=0x80009f85
       10075000	      1006	8000130c	3e67e293	ori	x5,x15,998	 x15:0x1db08260  x5=0x1db083e6
       10085000	      1007	80001310	01fd46b3	xor	x13,x26,x31	 x26:0x80009f85 x31:0x00000008 x13=0x80009f8d
       10095000	      1008	80001314	00000013	addi	x0,x0,0	  x0:0x00000000
       10105000	      1009	80001318	0ef41463	bne	x8,x15,80001400	  x8:0xba897294 x15:0x1db08260
       10115000	      1010	00000000	00000013	addi	x0,x0,0	  x0:0x00000000
       10125000	      1011	800013fc	00000013	addi	x0,x0,0	  x0:0x00000000
       10135000	      1012	80001400	ed424b93	xori	x23,x4,-300	  x4:0x02e42204 x23=0xfd1bdcd0
       10145000	      1013	80001404	79afd8b7	lui	x17,0x79afd	 x17=0x79afd000
       10155000	      1014	80001408	ee3dab93	slti	x23,x27,-285	 x27:0xc9b14000 x23=0x00000001
       10165000	      1015	8000140c	1ed12d93	slti	x27,x2,493	  x2:0x7ffffb52 x27=0x00000000
       10175000	      1016	80001410	dd85a793	slti	x15,x11,-552	 x11:0xdf62f0fd x15=0x00000001
       10185000	      1017	80001414	00000013	addi	x0,x0,0	  x0:0x00000000
       10195000	      1018	80001418	01a45b93	srli	x23,x8,0x1a	  x8:0xba897294 x23=0x0000002e
       10205000	      1019	8000141c	0179d263	bge	x19,x23,80001420	 x19:0x59103b04 x23:0x0000002e
       10215000	      1020	00000000	00000013	addi	x0,x0,0	  x0:0x00000000
       10225000	      1021	8000141c	00000013	addi	x0,x0,0	  x0:0x00000000
       10235000	      1022	80001420	0030e2b3	or	x5,x1,x3	  x1:0x00000000  x3:0xfffffa24  x5=0xfffffa24
       10245000	      1023	80001424	02459e63	bne	x11,x4,80001460	 x11:0xdf62f0fd  x4:0x02e42204
       10255000	      1024	00000000	00000013	addi	x0,x0,0	  x0:0x00000000
       10265000	      1025	8000145c	00000013	addi	x0,x0,0	  x0:0x00000000
       10275000	      1026	80001460	d791a597	auipc	x11,0xd791a	 x11=0x5791b45c
       10285000	      1027	80001464	04fe9863	bne	x29,x15,800014b4	 x29:0xdf62f0fd x15:0x00000001
       10295000	      1028	00000000	00000013	addi	x0,x0,0	  x0:0x00000000
       10305000	      1029	800014b0	00000013	addi	x0,x0,0	  x0:0x00000000
       10315000	      1030	800014b4	0055d263	bge	x11,x5,800014b8	 x11:0x5791b45c  x5:0xfffffa24
       10325000	      1031	00000000	00000013	addi	x0,x0,0	  x0:0x00000000
       10335000	      1032	800014b4	00000013	addi	x0,x0,0	  x0:0x00000000
       10345000	      1033	800014b8	07f19263	bne	x3,x31,8000151c	  x3:0xfffffa24 x31:0x00000008
       10355000	      1034	00000000	00000013	addi	x0,x0,0	  x0:0x00000000
       10365000	      1035	80001518	00000013	addi	x0,x0,0	  x0:0x00000000
       10375000	      1036	8000151c	01979113	slli	x2,x15,0x19	 x15:0x00000001  x2=0x02000000
       10385000	      1037	80001520	01db7ab3	and	x21,x22,x29	 x22:0x80009fc4 x29:0xdf62f0fd x21=0x800090c4
       10395000	      1038	80001524	6a142313	slti	x6,x8,1697	  x8:0xba897294  x6=0x00000001
       10405000	      1039	80001528	005900b3	add	x1,x18,x5	 x18:0x86c11af4  x5:0xfffffa24  x1=0x86c11518
       10415000	      1040	8000152c	00000013	addi	x0,x0,0	  x0:0x00000000
       10425000	      1041	80001530	00a79013	slli	x0,x15,0xa	 x15:0x00000001
       10435000	      1042	80001534	03437e63	bgeu	x6,x20,80001570	  x6:0x00000001 x20:0x180d9fff
       10445000	      1043	80001538	00b1a033	slt	x0,x3,x11	  x3:0xfffffa24 x11:0x5791b45c
       10455000	      1044	8000153c	01825fb3	srl	x31,x4,x24	  x4:0x02e42204 x24:0xd910abc3 x31=0x005c8440
       10465000	      1045	80001540	a663d137	lui	x2,0xa663d	  x2=0xa663d000
       10475000	      1046	80001544	014f96b3	sll	x13,x31,x20	 x31:0x005c8440 x20:0x180d9fff x13=0x00000000
       10485000	      1047	80001548	00a59263	bne	x11,x10,8000154c	 x11:0x5791b45c x10:0xb8ba7254
       10495000	      1048	00000000	00000013	addi	x0,x0,0	  x0:0x00000000
       10505000	      1049	80001548	00000013	addi	x0,x0,0	  x0:0x00000000
       10515000	      1050	8000154c	b9b18993	addi	x19,x3,-1125	  x3:0xfffffa24 x19=0xfffff5bf
       10525000	      1051	80001550	40aa8533	sub	x10,x21,x10	 x21:0x800090c4 x10:0xb8ba7254 x10=0xc7461e70
       10535000	      1052	80001554	6809ef93	ori	x31,x19,1664	 x19:0xfffff5bf x31=0xfffff7bf
       10545000	      1053	80001558	6b80f697	auipc	x13,0x6b80f	 x13=0xeb810554
       10555000	      1054	8000155c	00ae3033	sltu	x0,x28,x10	 x28:0x00000001 x10:0xc7461e70
       10565000	      1055	80001560	0a0fec93	ori	x25,x31,160	 x31:0xfffff7bf x25=0xfffff7bf
       10575000	      1056	80001564	02e50c63	beq	x10,x14,8000159c	 x10:0xc7461e70 x14:0x7ffffd12
       10585000	      1057	80001568	0123c8b3	xor	x17,x7,x18	  x7:0x80009fa7 x18:0x86c11af4 x17=0x06c18553
       10595000	      1058	8000156c	f68eaa93	slti	x21,x29,-152	 x29:0xdf62f0fd x21=0x00000001
       10605000	      1059	80001570	013f7663	bgeu	x30,x19,8000157c	 x30:0x180da000 x19:0xfffff5bf
       10615000	      1060	80001574	06b4f413	andi	x8,x9,107	  x9:0x80009f84  x8=0x00000000
       10625000	      1061	80001578	00000013	addi	x0,x0,0	  x0:0x00000000
       10635000	      1062	8000157c	01d937b3	sltu	x15,x18,x29	 x18:0x86c11af4 x29:0xdf62f0fd x15=0x00000001
       10645000	      1063	80001580	00fd2233	slt	x4,x26,x15	 x26:0x80009f85 x15:0x00000001  x4=0x00000001
       10655000	      1064	80001584	01564233	xor	x4,x12,x21	 x12:0x80009f84 x21:0x00000001  x4=0x80009f85
       10665000	      1065	80001588	41ec8d33	sub	x26,x25,x30	 x25:0xfffff7bf x30:0x180da000 x26=0xe7f257bf
       10675000	      1066	8000158c	6c3a7793	andi	x15,x20,1731	 x20:0x180d9fff x15=0x000006c3
       10685000	      1067	80001590	01b6c663	blt	x13,x27,8000159c	 x13:0xeb810554 x27:0x00000000
       10695000	      1068	00000000	00000013	addi	x0,x0,0	  x0:0x00000000
       10705000	      1069	80001598	00000013	addi	x0,x0,0	  x0:0x00000000
       10715000	      1070	8000159c	05502897	auipc	x17,0x5502	 x17=0x85503598
       10725000	      1071	800015a0	01da9c93	slli	x25,x21,0x1d	 x21:0x00000001 x25=0x20000000
       10735000	      1072	800015a4	01c06e63	bltu	x0,x28,800015c0	  x0:0x00000000 x28:0x00000001
       10745000	      1073	00000000	00000013	addi	x0,x0,0	  x0:0x00000000
       10755000	      1074	800015bc	00000013	addi	x0,x0,0	  x0:0x00000000
       10765000	      1075	800015c0	3ced2313	slti	x6,x26,974	 x26:0xe7f257bf  x6=0x00000001
       10775000	      1076	800015c4	015a6433	or	x8,x20,x21	 x20:0x180d9fff x21:0x00000001  x8=0x180d9fff
       10785000	      1077	800015c8	1e23e213	ori	x4,x7,482	  x7:0x80009fa7  x4=0x80009fe7
       10795000	      1078	800015cc	00dbd813	srli	x16,x23,0xd	 x23:0x0000002e x16=0x00000000
       10805000	      1079	800015d0	01688833	add	x16,x17,x22	 x17:0x85503598 x22:0x80009fc4 x16=0x0550d55c
       10815000	      1080	800015d4	01e2f263	bgeu	x5,x30,800015d8	  x5:0xfffffa24 x30:0x180da000
       10825000	      1081	00000000	00000013	addi	x0,x0,0	  x0:0x00000000
       10835000	      1082	800015d4	00000013	addi	x0,x0,0	  x0:0x00000000
       10845000	      1083	800015d8	9a1e9db7	lui	x27,0x9a1e9	 x27=0x9a1e9000
       10855000	      1084	800015dc	02c89c63	bne	x17,x12,80001614	 x17:0x85503598 x12:0x80009f84
       10865000	      1085	00000000	00000013	addi	x0,x0,0	  x0:0x00000000
       10875000	      1086	80001610	00000013	addi	x0,x0,0	  x0:0x00000000
       10885000	      1087	80001614	01999393	slli	x7,x19,0x19	 x19:0xfffff5bf  x7=0x7e000000
       10895000	      1088	80001618	d31a3c17	auipc	x24,0xd31a3	 x24=0x531a4614
       10905000	      1089	8000161c	00ac1663	bne	x24,x10,80001628	 x24:0x531a4614 x10:0xc7461e70
       10915000	      1090	00000000	00000013	addi	x0,x0,0	  x0:0x00000000
       10925000	      1091	80001624	00000013	addi	x0,x0,0	  x0:0x00000000
       10935000	      1092	80001628	402002b3	sub	x5,x0,x2	  x0:0x00000000  x2:0xa663d000  x5=0x599c3000
       10945000	      1093	8000162c	31448a93	addi	x21,x9,788	  x9:0x80009f84 x21=0x8000a298
       10955000	      1094	80001630	96390c17	auipc	x24,0x96390	 x24=0x1639162c
       10965000	      1095	80001634	0192d9b3	srl	x19,x5,x25	  x5:0x599c3000 x25:0x20000000 x19=0x599c3000
       10975000	      1096	80001638	b2ec6f93	ori	x31,x24,-1234	 x24:0x1639162c x31=0xffffff2e
       10985000	      1097	8000163c	005937b3	sltu	x15,x18,x5	 x18:0x86c11af4  x5:0x599c3000 x15=0x00000000
       10995000	      1098	80001640	da2f3f93	sltiu	x31,x30,-606	 x30:0x180da000 x31=0x00000001
       11005000	      1099	80001644	00189133	sll	x2,x17,x1	 x17:0x85503598  x1:0x86c11518  x2=0x98000000
       11015000	      1100	80001648	9f1bed13	ori	x26,x23,-1551	 x23:0x0000002e x26=0xfffff9ff
       11025000	      1101	8000164c	015c2133	slt	x2,x24,x21	 x24:0x1639162c x21:0x8000a298  x2=0x00000000
       11035000	      1102	80001650	00000013	addi	x0,x0,0	  x0:0x00000000
       11045000	      1103	80001654	01544733	xor	x14,x8,x21	  x8:0x180d9fff x21:0x8000a298 x14=0x980d3d67
       11055000	      1104	80001658	017f98b3	sll	x17,x31,x23	 x31:0x00000001 x23:0x0000002e x17=0x00004000
       11065000	      1105	8000165c	00049463	bne	x9,x0,80001664	  x9:0x80009f84  x0:0x00000000
       11075000	      1106	00000000	00000013	addi	x0,x0,0	  x0:0x00000000
       11085000	      1107	80001660	00000013	addi	x0,x0,0	  x0:0x00000000
       11095000	      1108	80001664	6e0bae93	slti	x29,x23,1760	 x23:0x0000002e x29=0x00000001
       11105000	      1109	80001668	b2d1a597	auipc	x11,0xb2d1a	 x11=0x32d1b664
       11115000	      1110	8000166c	01f5b0b3	sltu	x1,x11,x31	 x11:0x32d1b664 x31:0x00000001  x1=0x00000000
       11125000	      1111	80001670	00d71213	slli	x4,x14,0xd	 x14:0x980d3d67  x4=0xa7ace000
       11135000	      1112	80001674	016d5e93	srli	x29,x26,0x16	 x26:0xfffff9ff x29=0x000003ff
       11145000	      1113	80001678	02f9d663	bge	x19,x15,800016a4	 x19:0x599c3000 x15:0x00000000
       11155000	      1114	00000000	00000013	addi	x0,x0,0	  x0:0x00000000
       11165000	      1115	800016a0	00000013	addi	x0,x0,0	  x0:0x00000000
       11175000	      1116	800016a4	00b79d33	sll	x26,x15,x11	 x15:0x00000000 x11:0x32d1b664 x26=0x00000000
       11185000	      1117	800016a8	02ad0863	beq	x26,x10,800016d8	 x26:0x00000000 x10:0xc7461e70
       11195000	      1118	800016ac	0363fd93	andi	x27,x7,54	  x7:0x7e000000 x27=0x00000000
       11205000	      1119	800016b0	00d5fa63	bgeu	x11,x13,800016c4	 x11:0x32d1b664 x13:0xeb810554
       11215000	      1120	800016b4	00000013	addi	x0,x0,0	  x0:0x00000000
       11225000	      1121	800016b8	3bcc27b7	lui	x15,0x3bcc2	 x15=0x3bcc2000
       11235000	      1122	800016bc	01f90e63	beq	x18,x31,800016d8	 x18:0x86c11af4 x31:0x00000001
       11245000	      1123	800016c0	00736263	bltu	x6,x7,800016c4	  x6:0x00000001  x7:0x7e000000
       11255000	      1124	00000000	00000013	addi	x0,x0,0	  x0:0x00000000
       11265000	      1125	800016c0	00000013	addi	x0,x0,0	  x0:0x00000000
       11275000	      1126	800016c4	406f0f33	sub	x30,x30,x6	 x30:0x180da000  x6:0x00000001 x30=0x180d9fff
       11285000	      1127	800016c8	01aac233	xor	x4,x21,x26	 x21:0x8000a298 x26:0x00000000  x4=0x8000a298
       11295000	      1128	800016cc	3063f413	andi	x8,x7,774	  x7:0x7e000000  x8=0x00000000
       11305000	      1129	800016d0	b4397593	andi	x11,x18,-1213	 x18:0x86c11af4 x11=0x86c11a40
       11315000	      1130	800016d4	01f65863	bge	x12,x31,800016e4	 x12:0x80009f84 x31:0x00000001
       11325000	      1131	800016d8	1c704593	xori	x11,x0,455	  x0:0x00000000 x11=0x000001c7
       11335000	      1132	800016dc	00ae8eb3	add	x29,x29,x10	 x29:0x000003ff x10:0xc7461e70 x29=0xc746226f
       11345000	      1133	800016e0	42696d13	ori	x26,x18,1062	 x18:0x86c11af4 x26=0x86c11ef6
       11355000	      1134	800016e4	01e00433	add	x8,x0,x30	  x0:0x00000000 x30:0x180d9fff  x8=0x180d9fff
       11365000	      1135	800016e8	301d0437	lui	x8,0x301d0	  x8=0x301d0000
       11375000	      1136	800016ec	e6bc1837	lui	x16,0xe6bc1	 x16=0xe6bc1000
       11385000	      1137	800016f0	d3840793	addi	x15,x8,-712	  x8:0x301d0000 x15=0x301cfd38
       11395000	      1138	800016f4	41cb0233	sub	x4,x22,x28	 x22:0x80009fc4 x28:0x00000001  x4=0x80009fc3
       11405000	      1139	800016f8	01298663	beq	x19,x18,80001704	 x19:0x599c3000 x18:0x86c11af4
       11415000	      1140	800016fc	4066de93	srai	x29,x13,0x6	 x13:0xeb810554 x29=0xffae0415
       11425000	      1141	80001700	00bc7833	and	x16,x24,x11	 x24:0x1639162c x11:0x000001c7 x16=0x00000004
       11435000	      1142	80001704	50041717	auipc	x14,0x50041	 x14=0xd0042700
       11445000	      1143	80001708	41a1d733	sra	x14,x3,x26	  x3:0xfffffa24 x26:0x86c11ef6 x14=0xffffffff
       11455000	      1144	8000170c	04e81263	bne	x16,x14,80001750	 x16:0x00000004 x14:0xffffffff
       11465000	      1145	00000000	00000013	addi	x0,x0,0	  x0:0x00000000
       11475000	      1146	8000174c	00000013	addi	x0,x0,0	  x0:0x00000000
       11485000	      1147	80001750	00459093	slli	x1,x11,0x4	 x11:0x000001c7  x1=0x00001c70
       11495000	      1148	80001754	40c15eb3	sra	x29,x2,x12	  x2:0x00000000 x12:0x80009f84 x29=0x00000000
       11505000	      1149	80001758	00589693	slli	x13,x17,0x5	 x17:0x00004000 x13=0x00080000
       11515000	      1150	8000175c	00394e63	blt	x18,x3,80001778	 x18:0x86c11af4  x3:0xfffffa24
       11525000	      1151	00000000	00000013	addi	x0,x0,0	  x0:0x00000000
       11535000	      1152	80001774	00000013	addi	x0,x0,0	  x0:0x00000000
       11545000	      1153	80001778	00718c63	beq	x3,x7,80001790	  x3:0xfffffa24  x7:0x7e000000
       11555000	      1154	8000177c	0108e333	or	x6,x17,x16	 x17:0x00004000 x16:0x00000004  x6=0x00004004
       11565000	      1155	80001780	01e26133	or	x2,x4,x30	  x4:0x80009fc3 x30:0x180d9fff  x2=0x980d9fff
       11575000	      1156	80001784	415b0db3	sub	x27,x22,x21	 x22:0x80009fc4 x21:0x8000a298 x27=0xfffffd2c
       11585000	      1157	80001788	01a46d33	or	x26,x8,x26	  x8:0x301d0000 x26:0x86c11ef6 x26=0xb6dd1ef6
       11595000	      1158	8000178c	1ab6fc97	auipc	x25,0x1ab6f	 x25=0x9ab70788
       11605000	      1159	80001790	0191f7b3	and	x15,x3,x25	  x3:0xfffffa24 x25:0x9ab70788 x15=0x9ab70200
       11615000	      1160	80001794	20132313	slti	x6,x6,513	  x6:0x00004004  x6=0x00000000
       11625000	      1161	80001798	7e3251b7	lui	x3,0x7e325	  x3=0x7e325000
       11635000	      1162	8000179c	024edc63	bge	x29,x4,800017d4	 x29:0x00000000  x4:0x80009fc3
       11645000	      1163	00000000	00000013	addi	x0,x0,0	  x0:0x00000000
       11655000	      1164	800017d0	00000013	addi	x0,x0,0	  x0:0x00000000
       11665000	      1165	800017d4	0024ad33	slt	x26,x9,x2	  x9:0x80009f84  x2:0x980d9fff x26=0x00000001
       11675000	      1166	800017d8	0335ce63	blt	x11,x19,80001814	 x11:0x000001c7 x19:0x599c3000
       11685000	      1167	00000000	00000013	addi	x0,x0,0	  x0:0x00000000
       11695000	      1168	80001810	00000013	addi	x0,x0,0	  x0:0x00000000
       11705000	      1169	80001814	4185d393	srai	x7,x11,0x18	 x11:0x000001c7  x7=0x00000000
       11715000	      1170	80001818	c12a8d93	addi	x27,x21,-1006	 x21:0x8000a298 x27=0x80009eaa
       11725000	      1171	8000181c	7b9269b7	lui	x19,0x7b926	 x19=0x7b926000
       11735000	      1172	80001820	392af213	andi	x4,x21,914	 x21:0x8000a298  x4=0x00000290
       11745000	      1173	80001824	0057b833	sltu	x16,x15,x5	 x15:0x9ab70200  x5:0x599c3000 x16=0x00000000
       11755000	      1174	80001828	003b49b3	xor	x19,x22,x3	 x22:0x80009fc4  x3:0x7e325000 x19=0xfe32cfc4
       11765000	      1175	8000182c	52353493	sltiu	x9,x10,1315	 x10:0xc7461e70  x9=0x00000000
       11775000	      1176	80001830	007e5db3	srl	x27,x28,x7	 x28:0x00000001  x7:0x00000000 x27=0x00000001
       11785000	      1177	80001834	02908c63	beq	x1,x9,8000186c	  x1:0x00001c70  x9:0x00000000
       11795000	      1178	80001838	037cdc63	bge	x25,x23,80001870	 x25:0x9ab70788 x23:0x0000002e
       11805000	      1179	8000183c	401652b3	sra	x5,x12,x1	 x12:0x80009f84  x1:0x00001c70  x5=0xffff8000
       11815000	      1180	80001840	009a5ab3	srl	x21,x20,x9	 x20:0x180d9fff  x9:0x00000000 x21=0x180d9fff
       11825000	      1181	80001844	01b19a93	slli	x21,x3,0x1b	  x3:0x7e325000 x21=0x00000000
       11835000	      1182	80001848	01c9be33	sltu	x28,x19,x28	 x19:0xfe32cfc4 x28:0x00000001 x28=0x00000000
       11845000	      1183	8000184c	00ad1c93	slli	x25,x26,0xa	 x26:0x00000001 x25=0x00000400
       11855000	      1184	80001850	004f74b3	and	x9,x30,x4	 x30:0x180d9fff  x4:0x00000290  x9=0x00000290
       11865000	      1185	80001854	0168d663	bge	x17,x22,80001860	 x17:0x00004000 x22:0x80009fc4
       11875000	      1186	00000000	00000013	addi	x0,x0,0	  x0:0x00000000
       11885000	      1187	8000185c	00000013	addi	x0,x0,0	  x0:0x00000000
       11895000	      1188	80001860	00208663	beq	x1,x2,8000186c	  x1:0x00001c70  x2:0x980d9fff
       11905000	      1189	80001864	0102f263	bgeu	x5,x16,80001868	  x5:0xffff8000 x16:0x00000000
       11915000	      1190	00000000	00000013	addi	x0,x0,0	  x0:0x00000000
       11925000	      1191	80001864	00000013	addi	x0,x0,0	  x0:0x00000000
       11935000	      1192	80001868	00000013	addi	x0,x0,0	  x0:0x00000000
       11945000	      1193	8000186c	2be4bf13	sltiu	x30,x9,702	  x9:0x00000290 x30=0x00000001
       11955000	      1194	80001870	01c0c663	blt	x1,x28,8000187c	  x1:0x00001c70 x28:0x00000000
       11965000	      1195	80001874	007c4663	blt	x24,x7,80001880	 x24:0x1639162c  x7:0x00000000
       11975000	      1196	80001878	feeff193	andi	x3,x31,-18	 x31:0x00000001  x3=0x00000000
       11985000	      1197	8000187c	0040e2b3	or	x5,x1,x4	  x1:0x00001c70  x4:0x00000290  x5=0x00001ef0
       11995000	      1198	80001880	0144bbb3	sltu	x23,x9,x20	  x9:0x00000290 x20:0x180d9fff x23=0x00000001
       12005000	      1199	80001884	00e08fb3	add	x31,x1,x14	  x1:0x00001c70 x14:0xffffffff x31=0x00001c6f
       12015000	      1200	80001888	00a71493	slli	x9,x14,0xa	 x14:0xffffffff  x9=0xfffffc00
       12025000	      1201	8000188c	cb67e113	ori	x2,x15,-842	 x15:0x9ab70200  x2=0xfffffeb6
       12035000	      1202	80001890	03e8d663	bge	x17,x30,800018bc	 x17:0x00004000 x30:0x00000001
       12045000	      1203	00000000	00000013	addi	x0,x0,0	  x0:0x00000000
       12055000	      1204	800018b8	00000013	addi	x0,x0,0	  x0:0x00000000
       12065000	      1205	800018bc	010c24b3	slt	x9,x24,x16	 x24:0x1639162c x16:0x00000000  x9=0x00000000
       12075000	      1206	800018c0	0016d193	srli	x3,x13,0x1	 x13:0x00080000  x3=0x00040000
       12085000	      1207	800018c4	00411c63	bne	x2,x4,800018dc	  x2:0xfffffeb6  x4:0x00000290
       12095000	      1208	00000000	00000013	addi	x0,x0,0	  x0:0x00000000
       12105000	      1209	800018d8	00000013	addi	x0,x0,0	  x0:0x00000000
       12115000	      1210	800018dc	f5f32413	slti	x8,x6,-161	  x6:0x00000000  x8=0x00000000
       12125000	      1211	800018e0	0147e233	or	x4,x15,x20	 x15:0x9ab70200 x20:0x180d9fff  x4=0x9abf9fff
       12135000	      1212	800018e4	0175dab3	srl	x21,x11,x23	 x11:0x000001c7 x23:0x00000001 x21=0x000000e3
       12145000	      1213	800018e8	00e6beb3	sltu	x29,x13,x14	 x13:0x00080000 x14:0xffffffff x29=0x00000001
       12155000	      1214	800018ec	41db59b3	sra	x19,x22,x29	 x22:0x80009fc4 x29:0x00000001 x19=0xc0004fe2
       12165000	      1215	800018f0	f5148793	addi	x15,x9,-175	  x9:0x00000000 x15=0xffffff51
       12175000	      1216	800018f4	01ee1fb3	sll	x31,x28,x30	 x28:0x00000000 x30:0x00000001 x31=0x00000000
       12185000	      1217	800018f8	10fe8993	addi	x19,x29,271	 x29:0x00000001 x19=0x00000110
       12195000	      1218	800018fc	00c65313	srli	x6,x12,0xc	 x12:0x80009f84  x6=0x00080009
       12205000	      1219	80001900	b7006213	ori	x4,x0,-1168	  x0:0x00000000  x4=0xfffffb70
       12215000	      1220	80001904	40df5193	srai	x3,x30,0xd	 x30:0x00000001  x3=0x00000000
       12225000	      1221	80001908	00d01533	sll	x10,x0,x13	  x0:0x00000000 x13:0x00080000 x10=0x00000000
       12235000	      1222	8000190c	00000013	addi	x0,x0,0	  x0:0x00000000
       12245000	      1223	80001910	65ab4097	auipc	x1,0x65ab4	  x1=0xe5ab590c
       12255000	      1224	80001914	01685833	srl	x16,x16,x22	 x16:0x00000000 x22:0x80009fc4 x16=0x00000000
       12265000	      1225	80001918	016a8733	add	x14,x21,x22	 x21:0x000000e3 x22:0x80009fc4 x14=0x8000a0a7
       12275000	      1226	8000191c	050a9863	bne	x21,x16,8000196c	 x21:0x000000e3 x16:0x00000000
       12285000	      1227	00000000	00000013	addi	x0,x0,0	  x0:0x00000000
       12295000	      1228	80001968	00000013	addi	x0,x0,0	  x0:0x00000000
       12305000	      1229	8000196c	134a7d13	andi	x26,x20,308	 x20:0x180d9fff x26=0x00000134
       12315000	      1230	80001970	a87c0893	addi	x17,x24,-1401	 x24:0x1639162c x17=0x163910b3
       12325000	      1231	80001974	0070d993	srli	x19,x1,0x7	  x1:0xe5ab590c x19=0x01cb56b2
       12335000	      1232	80001978	01305663	bge	x0,x19,80001984	  x0:0x00000000 x19:0x01cb56b2
       12345000	      1233	8000197c	01694133	xor	x2,x18,x22	 x18:0x86c11af4 x22:0x80009fc4  x2=0x06c18530
       12355000	      1234	80001980	014b4663	blt	x22,x20,8000198c	 x22:0x80009fc4 x20:0x180d9fff
       12365000	      1235	00000000	00000013	addi	x0,x0,0	  x0:0x00000000
       12375000	      1236	80001988	00000013	addi	x0,x0,0	  x0:0x00000000
       12385000	      1237	8000198c	004e1093	slli	x1,x28,0x4	 x28:0x00000000  x1=0x00000000
       12395000	      1238	80001990	96b02193	slti	x3,x0,-1685	  x0:0x00000000  x3=0x00000000
       12405000	      1239	80001994	00007117	auipc	x2,0x7	  x2=0x80008990
       12415000	      1240	80001998	fe410113	addi	x2,x2,-28	  x2:0x80008990  x2=0x80008974
       12425000	      1241	8000199c	dd8ef993	andi	x19,x29,-552	 x29:0x00000001 x19=0x00000000
       12435000	      1242	800019a0	68d60e13	addi	x28,x12,1677	 x12:0x80009f84 x28=0x8000a611
       12445000	      1243	800019a4	63a101a3	sb	x26,1571(x2)	  x2:0x80008974 x26:0x00000134 PA:0x80008f97
       12455000	      1244	800019a8	5a510fa3	sb	x5,1471(x2)	  x2:0x80008974  x5:0x00001ef0 PA:0x80008f33
       12465000	      1245	800019ac	00ce5bb3	srl	x23,x28,x12	 x28:0x8000a611 x12:0x80009f84 x23=0x08000a61
       12475000	      1246	800019b0	1b39a493	slti	x9,x19,435	 x19:0x00000000  x9=0x00000001
       12485000	      1247	800019b4	f2d10283	lb	x5,-211(x2)	  x2:0x80008974  x5=0x00000013 PA:0x800088a1
       12495000	      1248	800019b8	01f55593	srli	x11,x10,0x1f	 x10:0x00000000 x11=0x00000000
       12505000	      1249	800019bc	00000013	addi	x0,x0,0	  x0:0x00000000
       12515000	      1250	800019c0	07f11b23	sh	x31,118(x2)	  x2:0x80008974 x31:0x00000000 PA:0x800089ea
       12525000	      1251	800019c4	0f220a93	addi	x21,x4,242	  x4:0xfffffb70 x21=0xfffffc62
       12535000	      1252	800019c8	3fa10683	lb	x13,1018(x2)	  x2:0x80008974 x13=0xffffffbf PA:0x80008d6e
       12545000	      1253	800019cc	016b6333	or	x6,x22,x22	 x22:0x80009fc4 x22:0x80009fc4  x6=0x80009fc4
       12555000	      1254	800019d0	6a090c93	addi	x25,x18,1696	 x18:0x86c11af4 x25=0x86c12194
       12565000	      1255	800019d4	fdd103a3	sb	x29,-57(x2)	  x2:0x80008974 x29:0x00000001 PA:0x8000893b
       12575000	      1256	800019d8	0b314a03	lbu	x20,179(x2)	  x2:0x80008974 x20=0x00000013 PA:0x80008a27
       12585000	      1257	800019dc	86233393	sltiu	x7,x6,-1950	  x6:0x80009fc4  x7=0x00000001
       12595000	      1258	800019e0	41c7d893	srai	x17,x15,0x1c	 x15:0xffffff51 x17=0xffffffff
       12605000	      1259	800019e4	e16b3217	auipc	x4,0xe16b3	  x4=0x616b49e0
       12615000	      1260	800019e8	01179d33	sll	x26,x15,x17	 x15:0xffffff51 x17:0xffffffff x26=0x80000000
       12625000	      1261	800019ec	beaf8e93	addi	x29,x31,-1046	 x31:0x00000000 x29=0xfffffbea
       12635000	      1262	800019f0	3b911c23	sh	x25,952(x2)	  x2:0x80008974 x25:0x86c12194 PA:0x80008d2c
       12645000	      1263	800019f4	ef011d03	lh	x26,-272(x2)	  x2:0x80008974 x26=0x00000ad5 PA:0x80008864
       12655000	      1264	800019f8	404e0d33	sub	x26,x28,x4	 x28:0x8000a611  x4:0x616b49e0 x26=0x1e955c31
       12665000	      1265	800019fc	46314b83	lbu	x23,1123(x2)	  x2:0x80008974 x23=0x0000001d PA:0x80008dd7
       12675000	      1266	80001a00	018e8f33	add	x30,x29,x24	 x29:0xfffffbea x24:0x1639162c x30=0x16391216
       12685000	      1267	80001a04	f2e10e03	lb	x28,-210(x2)	  x2:0x80008974 x28=0xffffffa6 PA:0x800088a2
       12695000	      1268	80001a08	009070b3	and	x1,x0,x9	  x0:0x00000000  x9:0x00000001  x1=0x00000000
       12705000	      1269	80001a0c	c37e3a13	sltiu	x20,x28,-969	 x28:0xffffffa6 x20=0x00000000
       12715000	      1270	80001a10	40e18e33	sub	x28,x3,x14	  x3:0x00000000 x14:0x8000a0a7 x28=0x7fff5f59
       12725000	      1271	80001a14	016813b3	sll	x7,x16,x22	 x16:0x00000000 x22:0x80009fc4  x7=0x00000000
       12735000	      1272	80001a18	57510e23	sb	x21,1404(x2)	  x2:0x80008974 x21:0xfffffc62 PA:0x80008ef0
       12745000	      1273	80001a1c	00000013	addi	x0,x0,0	  x0:0x00000000
       12755000	      1274	80001a20	00000013	addi	x0,x0,0	  x0:0x00000000
       12765000	      1275	80001a24	5d012a03	lw	x20,1488(x2)	  x2:0x80008974 x20=0x37b85210 PA:0x80008f44
       12775000	      1276	80001a28	2d54a213	slti	x4,x9,725	  x9:0x00000001  x4=0x00000001
       12785000	      1277	80001a2c	27b11523	sh	x27,618(x2)	  x2:0x80008974 x27:0x00000001 PA:0x80008bde
       12795000	      1278	80001a30	15867a93	andi	x21,x12,344	 x12:0x80009f84 x21=0x00000100
       12805000	      1279	80001a34	197105a3	sb	x23,395(x2)	  x2:0x80008974 x23:0x0000001d PA:0x80008aff
       12815000	      1280	80001a38	fc611c23	sh	x6,-40(x2)	  x2:0x80008974  x6:0x80009fc4 PA:0x8000894c
       12825000	      1281	80001a3c	9b90fc13	andi	x24,x1,-1607	  x1:0x00000000 x24=0x00000000
       12835000	      1282	80001a40	00d3d213	srli	x4,x7,0xd	  x7:0x00000000  x4=0x00000000
       12845000	      1283	80001a44	ee110523	sb	x1,-278(x2)	  x2:0x80008974  x1:0x00000000 PA:0x8000885e
       12855000	      1284	80001a48	41f9d193	srai	x3,x19,0x1f	 x19:0x00000000  x3=0x00000000
       12865000	      1285	80001a4c	010d6e33	or	x28,x26,x16	 x26:0x1e955c31 x16:0x00000000 x28=0x1e955c31
       12875000	      1286	80001a50	25314583	lbu	x11,595(x2)	  x2:0x80008974 x11=0x000000c3 PA:0x80008bc7
       12885000	      1287	80001a54	01015293	srli	x5,x2,0x10	  x2:0x80008974  x5=0x00008000
       12895000	      1288	80001a58	12040393	addi	x7,x8,288	  x8:0x00000000  x7=0x00000120
       12905000	      1289	80001a5c	017f5413	srli	x8,x30,0x17	 x30:0x16391216  x8=0x0000002c
       12915000	      1290	80001a60	40fddf93	srai	x31,x27,0xf	 x27:0x00000001 x31=0x00000000
       12925000	      1291	80001a64	0174efb3	or	x31,x9,x23	  x9:0x00000001 x23:0x0000001d x31=0x0000001d
       12935000	      1292	80001a68	cc4ba417	auipc	x8,0xcc4ba	  x8=0x4c4bba64
       12945000	      1293	80001a6c	027f5e63	bge	x30,x7,80001aa8	 x30:0x16391216  x7:0x00000120
       12955000	      1294	00000000	00000013	addi	x0,x0,0	  x0:0x00000000
       12965000	      1295	80001aa4	00000013	addi	x0,x0,0	  x0:0x00000000
       12975000	      1296	80001aa8	db97a493	slti	x9,x15,-583	 x15:0xffffff51  x9=0x00000000
       12985000	      1297	80001aac	468fe813	ori	x16,x31,1128	 x31:0x0000001d x16=0x0000047d
       12995000	      1298	80001ab0	406005b3	sub	x11,x0,x6	  x0:0x00000000  x6:0x80009fc4 x11=0x7fff603c
       13005000	      1299	80001ab4	01ee6533	or	x10,x28,x30	 x28:0x1e955c31 x30:0x16391216 x10=0x1ebd5e37
       13015000	      1300	80001ab8	0102ed33	or	x26,x5,x16	  x5:0x00008000 x16:0x0000047d x26=0x0000847d
       13025000	      1301	80001abc	c93a1a97	auipc	x21,0xc93a1	 x21=0x493a2ab8
       13035000	      1302	80001ac0	015aa133	slt	x2,x21,x21	 x21:0x493a2ab8 x21:0x493a2ab8  x2=0x00000000
       13045000	      1303	80001ac4	018c91b3	sll	x3,x25,x24	 x25:0x86c12194 x24:0x00000000  x3=0x86c12194
       13055000	      1304	80001ac8	00bd16b3	sll	x13,x26,x11	 x26:0x0000847d x11:0x7fff603c x13=0xd0000000
       13065000	      1305	80001acc	00f4f863	bgeu	x9,x15,80001adc	  x9:0x00000000 x15:0xffffff51
       13075000	      1306	80001ad0	0ae5e413	ori	x8,x11,174	 x11:0x7fff603c  x8=0x7fff60be
       13085000	      1307	80001ad4	1e4b7993	andi	x19,x22,484	 x22:0x80009fc4 x19=0x000001c4
       13095000	      1308	80001ad8	0002bdb3	sltu	x27,x5,x0	  x5:0x00008000  x0:0x00000000 x27=0x00000000
       13105000	      1309	80001adc	01debab3	sltu	x21,x29,x29	 x29:0xfffffbea x29:0xfffffbea x21=0x00000000
       13115000	      1310	80001ae0	4cacc493	xori	x9,x25,1226	 x25:0x86c12194  x9=0x86c1255e
       13125000	      1311	80001ae4	016b79b3	and	x19,x22,x22	 x22:0x80009fc4 x22:0x80009fc4 x19=0x80009fc4
       13135000	      1312	80001ae8	0384de63	bge	x9,x24,80001b24	  x9:0x86c1255e x24:0x00000000
       13145000	      1313	80001aec	000cfe33	and	x28,x25,x0	 x25:0x86c12194  x0:0x00000000 x28=0x00000000
       13155000	      1314	80001af0	027edc63	bge	x29,x7,80001b28	 x29:0xfffffbea  x7:0x00000120
       13165000	      1315	80001af4	0142e3b3	or	x7,x5,x20	  x5:0x00008000 x20:0x37b85210  x7=0x37b8d210
       13175000	      1316	80001af8	5bc9aeb7	lui	x29,0x5bc9a	 x29=0x5bc9a000
       13185000	      1317	80001afc	0017e463	bltu	x15,x1,80001b04	 x15:0xffffff51  x1:0x00000000
       13195000	      1318	80001b00	008db033	sltu	x0,x27,x8	 x27:0x00000000  x8:0x7fff60be
       13205000	      1319	80001b04	01ff9f33	sll	x30,x31,x31	 x31:0x0000001d x31:0x0000001d x30=0xa0000000
       13215000	      1320	80001b08	410c5993	srai	x19,x24,0x10	 x24:0x00000000 x19=0x00000000
       13225000	      1321	80001b0c	02836e63	bltu	x6,x8,80001b48	  x6:0x80009fc4  x8:0x7fff60be
       13235000	      1322	80001b10	a78b3e13	sltiu	x28,x22,-1416	 x22:0x80009fc4 x28=0x00000001
       13245000	      1323	80001b14	001bdcb3	srl	x25,x23,x1	 x23:0x0000001d  x1:0x00000000 x25=0x0000001d
       13255000	      1324	80001b18	01d46533	or	x10,x8,x29	  x8:0x7fff60be x29:0x5bc9a000 x10=0x7fffe0be
       13265000	      1325	80001b1c	0d58c413	xori	x8,x17,213	 x17:0xffffffff  x8=0xffffff2a
       13275000	      1326	80001b20	01899ab3	sll	x21,x19,x24	 x19:0x00000000 x24:0x00000000 x21=0x00000000
       13285000	      1327	80001b24	05d58263	beq	x11,x29,80001b68	 x11:0x7fff603c x29:0x5bc9a000
       13295000	      1328	80001b28	9776ceb7	lui	x29,0x9776c	 x29=0x9776c000
       13305000	      1329	80001b2c	79925c37	lui	x24,0x79925	 x24=0x79925000
       13315000	      1330	80001b30	8a317393	andi	x7,x2,-1885	  x2:0x00000000  x7=0x00000000
       13325000	      1331	80001b34	00a99233	sll	x4,x19,x10	 x19:0x00000000 x10:0x7fffe0be  x4=0x00000000
       13335000	      1332	80001b38	011e1793	slli	x15,x28,0x11	 x28:0x00000001 x15=0x00020000
       13345000	      1333	80001b3c	02fa7e63	bgeu	x20,x15,80001b78	 x20:0x37b85210 x15:0x00020000
       13355000	      1334	00000000	00000013	addi	x0,x0,0	  x0:0x00000000
       13365000	      1335	80001b74	00000013	addi	x0,x0,0	  x0:0x00000000
       13375000	      1336	80001b78	af57b313	sltiu	x6,x15,-1291	 x15:0x00020000  x6=0x00000001
       13385000	      1337	80001b7c	01fcd013	srli	x0,x25,0x1f	 x25:0x0000001d
       13395000	      1338	80001b80	40fedfb3	sra	x31,x29,x15	 x29:0x9776c000 x15:0x00020000 x31=0x9776c000
       13405000	      1339	80001b84	01a2e663	bltu	x5,x26,80001b90	  x5:0x00008000 x26:0x0000847d
       13415000	      1340	00000000	00000013	addi	x0,x0,0	  x0:0x00000000
       13425000	      1341	80001b8c	00000013	addi	x0,x0,0	  x0:0x00000000
       13435000	      1342	80001b90	0053cd33	xor	x26,x7,x5	  x7:0x00000000  x5:0x00008000 x26=0x00008000
       13445000	      1343	80001b94	00000013	addi	x0,x0,0	  x0:0x00000000
       13455000	      1344	80001b98	00074c63	blt	x14,x0,80001bb0	 x14:0x8000a0a7  x0:0x00000000
       13465000	      1345	00000000	00000013	addi	x0,x0,0	  x0:0x00000000
       13475000	      1346	80001bac	00000013	addi	x0,x0,0	  x0:0x00000000
       13485000	      1347	80001bb0	0258f863	bgeu	x17,x5,80001be0	 x17:0xffffffff  x5:0x00008000
       13495000	      1348	00000000	00000013	addi	x0,x0,0	  x0:0x00000000
       13505000	      1349	80001bdc	00000013	addi	x0,x0,0	  x0:0x00000000
       13515000	      1350	80001be0	b9438393	addi	x7,x7,-1132	  x7:0x00000000  x7=0xfffffb94
       13525000	      1351	80001be4	00000013	addi	x0,x0,0	  x0:0x00000000
       13535000	      1352	80001be8	02dc0c63	beq	x24,x13,80001c20	 x24:0x79925000 x13:0xd0000000
       13545000	      1353	80001bec	40b109b3	sub	x19,x2,x11	  x2:0x00000000 x11:0x7fff603c x19=0x80009fc4
       13555000	      1354	80001bf0	e2962593	slti	x11,x12,-471	 x12:0x80009f84 x11=0x00000001
       13565000	      1355	80001bf4	014062b3	or	x5,x0,x20	  x0:0x00000000 x20:0x37b85210  x5=0x37b85210
       13575000	      1356	80001bf8	4fa14093	xori	x1,x2,1274	  x2:0x00000000  x1=0x000004fa
       13585000	      1357	80001bfc	fbcfb213	sltiu	x4,x31,-68	 x31:0x9776c000  x4=0x00000001
       13595000	      1358	80001c00	41c488b3	sub	x17,x9,x28	  x9:0x86c1255e x28:0x00000001 x17=0x86c1255d
       13605000	      1359	80001c04	02b11e63	bne	x2,x11,80001c40	  x2:0x00000000 x11:0x00000001
       13615000	      1360	00000000	00000013	addi	x0,x0,0	  x0:0x00000000
       13625000	      1361	80001c3c	00000013	addi	x0,x0,0	  x0:0x00000000
       13635000	      1362	80001c40	0152a3b3	slt	x7,x5,x21	  x5:0x37b85210 x21:0x00000000  x7=0x00000000
       13645000	      1363	80001c44	c7c24093	xori	x1,x4,-900	  x4:0x00000001  x1=0xfffffc7d
       13655000	      1364	80001c48	411309b3	sub	x19,x6,x17	  x6:0x00000001 x17:0x86c1255d x19=0x793edaa4
       13665000	      1365	80001c4c	9a9cc393	xori	x7,x25,-1623	 x25:0x0000001d  x7=0xfffff9b4
       13675000	      1366	80001c50	cf3e69b7	lui	x19,0xcf3e6	 x19=0xcf3e6000
       13685000	      1367	80001c54	1c55f313	andi	x6,x11,453	 x11:0x00000001  x6=0x00000001
       13695000	      1368	80001c58	e8520d93	addi	x27,x4,-379	  x4:0x00000001 x27=0xfffffe86
       13705000	      1369	80001c5c	01b0a033	slt	x0,x1,x27	  x1:0xfffffc7d x27:0xfffffe86
       13715000	      1370	80001c60	01ded493	srli	x9,x29,0x1d	 x29:0x9776c000  x9=0x00000004
       13725000	      1371	80001c64	ca87b313	sltiu	x6,x15,-856	 x15:0x00020000  x6=0x00000001
       13735000	      1372	80001c68	01b7df13	srli	x30,x15,0x1b	 x15:0x00020000 x30=0x00000000
       13745000	      1373	80001c6c	0111dc13	srli	x24,x3,0x11	  x3:0x86c12194 x24=0x00004360
       13755000	      1374	80001c70	00880263	beq	x16,x8,80001c74	 x16:0x0000047d  x8:0xffffff2a
       13765000	      1375	80001c74	00b416b3	sll	x13,x8,x11	  x8:0xffffff2a x11:0x00000001 x13=0xfffffe54
       13775000	      1376	80001c78	41f95c33	sra	x24,x18,x31	 x18:0x86c11af4 x31:0x9776c000 x24=0x86c11af4
       13785000	      1377	80001c7c	0030f263	bgeu	x1,x3,80001c80	  x1:0xfffffc7d  x3:0x86c12194
       13795000	      1378	00000000	00000013	addi	x0,x0,0	  x0:0x00000000
       13805000	      1379	80001c7c	00000013	addi	x0,x0,0	  x0:0x00000000
       13815000	      1380	80001c80	401bde13	srai	x28,x23,0x1	 x23:0x0000001d x28=0x0000000e
       13825000	      1381	80001c84	01f84e63	blt	x16,x31,80001ca0	 x16:0x0000047d x31:0x9776c000
       13835000	      1382	80001c88	005a1a63	bne	x20,x5,80001c9c	 x20:0x37b85210  x5:0x37b85210
       13845000	      1383	80001c8c	01100c63	beq	x0,x17,80001ca4	  x0:0x00000000 x17:0x86c1255d
       13855000	      1384	80001c90	28526037	lui	x0,0x28526	
       13865000	      1385	80001c94	6b59a013	slti	x0,x19,1717	 x19:0xcf3e6000
       13875000	      1386	80001c98	01a1f9b3	and	x19,x3,x26	  x3:0x86c12194 x26:0x00008000 x19=0x00000000
       13885000	      1387	80001c9c	41a057b3	sra	x15,x0,x26	  x0:0x00000000 x26:0x00008000 x15=0x00000000
       13895000	      1388	80001ca0	40d18333	sub	x6,x3,x13	  x3:0x86c12194 x13:0xfffffe54  x6=0x86c12340
       13905000	      1389	80001ca4	41f6dd93	srai	x27,x13,0x1f	 x13:0xfffffe54 x27=0xffffffff
       13915000	      1390	80001ca8	04e35863	bge	x6,x14,80001cf8	  x6:0x86c12340 x14:0x8000a0a7
       13925000	      1391	00000000	00000013	addi	x0,x0,0	  x0:0x00000000
       13935000	      1392	80001cf4	00000013	addi	x0,x0,0	  x0:0x00000000
       13945000	      1393	80001cf8	33657c13	andi	x24,x10,822	 x10:0x7fffe0be x24=0x00000036
       13955000	      1394	80001cfc	3e34ed93	ori	x27,x9,995	  x9:0x00000004 x27=0x000003e7
       13965000	      1395	80001d00	011ec663	blt	x29,x17,80001d0c	 x29:0x9776c000 x17:0x86c1255d
       13975000	      1396	80001d04	0531e863	bltu	x3,x19,80001d54	  x3:0x86c12194 x19:0x00000000
       13985000	      1397	80001d08	00fc1e93	slli	x29,x24,0xf	 x24:0x00000036 x29=0x001b0000
       13995000	      1398	80001d0c	0cdbae13	slti	x28,x23,205	 x23:0x0000001d x28=0x00000001
       14005000	      1399	80001d10	00766f33	or	x30,x12,x7	 x12:0x80009f84  x7:0xfffff9b4 x30=0xffffffb4
       14015000	      1400	80001d14	01415593	srli	x11,x2,0x14	  x2:0x00000000 x11=0x00000000
       14025000	      1401	80001d18	03248e63	beq	x9,x18,80001d54	  x9:0x00000004 x18:0x86c11af4
       14035000	      1402	80001d1c	ffbce293	ori	x5,x25,-5	 x25:0x0000001d  x5=0xffffffff
       14045000	      1403	80001d20	01d69263	bne	x13,x29,80001d24	 x13:0xfffffe54 x29:0x001b0000
       14055000	      1404	00000000	00000013	addi	x0,x0,0	  x0:0x00000000
       14065000	      1405	80001d20	00000013	addi	x0,x0,0	  x0:0x00000000
       14075000	      1406	80001d24	01be6a33	or	x20,x28,x27	 x28:0x00000001 x27:0x000003e7 x20=0x000003e7
       14085000	      1407	80001d28	02438863	beq	x7,x4,80001d58	  x7:0xfffff9b4  x4:0x00000001
       14095000	      1408	80001d2c	00334263	blt	x6,x3,80001d30	  x6:0x86c12340  x3:0x86c12194
       14105000	      1409	80001d30	00a7de93	srli	x29,x15,0xa	 x15:0x00000000 x29=0x00000000
       14115000	      1410	80001d34	00a75e63	bge	x14,x10,80001d50	 x14:0x8000a0a7 x10:0x7fffe0be
       14125000	      1411	80001d38	031f1663	bne	x30,x17,80001d64	 x30:0xffffffb4 x17:0x86c1255d
       14135000	      1412	00000000	00000013	addi	x0,x0,0	  x0:0x00000000
       14145000	      1413	80001d60	00000013	addi	x0,x0,0	  x0:0x00000000
       14155000	      1414	80001d64	058cf263	bgeu	x25,x24,80001da8	 x25:0x0000001d x24:0x00000036
       14165000	      1415	80001d68	41d501b3	sub	x3,x10,x29	 x10:0x7fffe0be x29:0x00000000  x3=0x7fffe0be
       14175000	      1416	80001d6c	00377c33	and	x24,x14,x3	 x14:0x8000a0a7  x3:0x7fffe0be x24=0x0000a0a6
       14185000	      1417	80001d70	00000013	addi	x0,x0,0	  x0:0x00000000
       14195000	      1418	80001d74	0387fe63	bgeu	x15,x24,80001db0	 x15:0x00000000 x24:0x0000a0a6
       14205000	      1419	80001d78	019c9eb3	sll	x29,x25,x25	 x25:0x0000001d x25:0x0000001d x29=0xa0000000
       14215000	      1420	80001d7c	013a32b3	sltu	x5,x20,x19	 x20:0x000003e7 x19:0x00000000  x5=0x00000000
       14225000	      1421	80001d80	01476463	bltu	x14,x20,80001d88	 x14:0x8000a0a7 x20:0x000003e7
       14235000	      1422	80001d84	01741263	bne	x8,x23,80001d88	  x8:0xffffff2a x23:0x0000001d
       14245000	      1423	00000000	00000013	addi	x0,x0,0	  x0:0x00000000
       14255000	      1424	80001d84	00000013	addi	x0,x0,0	  x0:0x00000000
       14265000	      1425	80001d88	012b9263	bne	x23,x18,80001d8c	 x23:0x0000001d x18:0x86c11af4
       14275000	      1426	00000000	00000013	addi	x0,x0,0	  x0:0x00000000
       14285000	      1427	80001d88	00000013	addi	x0,x0,0	  x0:0x00000000
       14295000	      1428	80001d8c	006b0cb3	add	x25,x22,x6	 x22:0x80009fc4  x6:0x86c12340 x25=0x06c1c304
       14305000	      1429	80001d90	00199033	sll	x0,x19,x1	 x19:0x00000000  x1:0xfffffc7d
       14315000	      1430	80001d94	403a5c13	srai	x24,x20,0x3	 x20:0x000003e7 x24=0x0000007c
       14325000	      1431	80001d98	7ccd8893	addi	x17,x27,1996	 x27:0x000003e7 x17=0x00000bb3
       14335000	      1432	80001d9c	2ffa53b7	lui	x7,0x2ffa5	  x7=0x2ffa5000
       14345000	      1433	80001da0	19138813	addi	x16,x7,401	  x7:0x2ffa5000 x16=0x2ffa5191
       14355000	      1434	80001da4	40d20c33	sub	x24,x4,x13	  x4:0x00000001 x13:0xfffffe54 x24=0x000001ad
       14365000	      1435	80001da8	013ab2b3	sltu	x5,x21,x19	 x21:0x00000000 x19:0x00000000  x5=0x00000000
       14375000	      1436	80001dac	01a561b3	or	x3,x10,x26	 x10:0x7fffe0be x26:0x00008000  x3=0x7fffe0be
       14385000	      1437	80001db0	41e081b3	sub	x3,x1,x30	  x1:0xfffffc7d x30:0xffffffb4  x3=0xfffffcc9
       14395000	      1438	80001db4	40bb84b3	sub	x9,x23,x11	 x23:0x0000001d x11:0x00000000  x9=0x0000001d
       14405000	      1439	80001db8	0077bc33	sltu	x24,x15,x7	 x15:0x00000000  x7:0x2ffa5000 x24=0x00000001
       14415000	      1440	80001dbc	93c3b193	sltiu	x3,x7,-1732	  x7:0x2ffa5000  x3=0x00000001
       14425000	      1441	80001dc0	01968663	beq	x13,x25,80001dcc	 x13:0xfffffe54 x25:0x06c1c304
       14435000	      1442	80001dc4	00c49eb3	sll	x29,x9,x12	  x9:0x0000001d x12:0x80009f84 x29=0x000001d0
       14445000	      1443	80001dc8	6eccff13	andi	x30,x25,1772	 x25:0x06c1c304 x30=0x00000204
       14455000	      1444	80001dcc	33048293	addi	x5,x9,816	  x9:0x0000001d  x5=0x0000034d
       14465000	      1445	80001dd0	01309863	bne	x1,x19,80001de0	  x1:0xfffffc7d x19:0x00000000
       14475000	      1446	00000000	00000013	addi	x0,x0,0	  x0:0x00000000
       14485000	      1447	80001ddc	00000013	addi	x0,x0,0	  x0:0x00000000
       14495000	      1448	80001de0	8ba43317	auipc	x6,0x8ba43	  x6=0x0ba44ddc
       14505000	      1449	80001de4	4133d0b3	sra	x1,x7,x19	  x7:0x2ffa5000 x19:0x00000000  x1=0x2ffa5000
       14515000	      1450	80001de8	002d9c63	bne	x27,x2,80001e00	 x27:0x000003e7  x2:0x00000000
       14525000	      1451	00000000	00000013	addi	x0,x0,0	  x0:0x00000000
       14535000	      1452	80001dfc	00000013	addi	x0,x0,0	  x0:0x00000000
       14545000	      1453	80001e00	56b16013	ori	x0,x2,1387	  x2:0x00000000
       14555000	      1454	80001e04	01c00663	beq	x0,x28,80001e10	  x0:0x00000000 x28:0x00000001
       14565000	      1455	80001e08	0164d533	srl	x10,x9,x22	  x9:0x0000001d x22:0x80009fc4 x10=0x00000001
       14575000	      1456	80001e0c	91943413	sltiu	x8,x8,-1767	  x8:0xffffff2a  x8=0x00000000
       14585000	      1457	80001e10	01beb433	sltu	x8,x29,x27	 x29:0x000001d0 x27:0x000003e7  x8=0x00000001
       14595000	      1458	80001e14	fbbca813	slti	x16,x25,-69	 x25:0x06c1c304 x16=0x00000000
       14605000	      1459	80001e18	01455893	srli	x17,x10,0x14	 x10:0x00000001 x17=0x00000000
       14615000	      1460	80001e1c	00fb27b3	slt	x15,x22,x15	 x22:0x80009fc4 x15:0x00000000 x15=0x00000001
       14625000	      1461	80001e20	01a9d713	srli	x14,x19,0x1a	 x19:0x00000000 x14=0x00000000
       14635000	      1462	80001e24	9a600517	auipc	x10,0x9a600	 x10=0x1a601e20
       14645000	      1463	80001e28	c8baec37	lui	x24,0xc8bae	 x24=0xc8bae000
       14655000	      1464	80001e2c	02331c63	bne	x6,x3,80001e64	  x6:0x0ba44ddc  x3:0x00000001
       14665000	      1465	00000000	00000013	addi	x0,x0,0	  x0:0x00000000
       14675000	      1466	80001e60	00000013	addi	x0,x0,0	  x0:0x00000000
       14685000	      1467	80001e64	415c00b3	sub	x1,x24,x21	 x24:0xc8bae000 x21:0x00000000  x1=0xc8bae000
       14695000	      1468	80001e68	01ebcc33	xor	x24,x23,x30	 x23:0x0000001d x30:0x00000204 x24=0x00000219
       14705000	      1469	80001e6c	404001b3	sub	x3,x0,x4	  x0:0x00000000  x4:0x00000001  x3=0xffffffff
       14715000	      1470	80001e70	10946c93	ori	x25,x8,265	  x8:0x00000001 x25=0x00000109
       14725000	      1471	80001e74	c7dfcf13	xori	x30,x31,-899	 x31:0x9776c000 x30=0x68893c7d
       14735000	      1472	80001e78	40598d33	sub	x26,x19,x5	 x19:0x00000000  x5:0x0000034d x26=0xfffffcb3
       14745000	      1473	80001e7c	009bd233	srl	x4,x23,x9	 x23:0x0000001d  x9:0x0000001d  x4=0x00000000
       14755000	      1474	80001e80	00a14e33	xor	x28,x2,x10	  x2:0x00000000 x10:0x1a601e20 x28=0x1a601e20
       14765000	      1475	80001e84	b8898493	addi	x9,x19,-1144	 x19:0x00000000  x9=0xfffffb88
       14775000	      1476	80001e88	01775a63	bge	x14,x23,80001e9c	 x14:0x00000000 x23:0x0000001d
       14785000	      1477	80001e8c	4001d293	srai	x5,x3,0x0	  x3:0xffffffff  x5=0xffffffff
       14795000	      1478	80001e90	bd565f37	lui	x30,0xbd565	 x30=0xbd565000
       14805000	      1479	80001e94	407c5f13	srai	x30,x24,0x7	 x24:0x00000219 x30=0x00000004
       14815000	      1480	80001e98	007b0663	beq	x22,x7,80001ea4	 x22:0x80009fc4  x7:0x2ffa5000
       14825000	      1481	80001e9c	038d9c63	bne	x27,x24,80001ed4	 x27:0x000003e7 x24:0x00000219
       14835000	      1482	00000000	00000013	addi	x0,x0,0	  x0:0x00000000
       14845000	      1483	80001ed0	00000013	addi	x0,x0,0	  x0:0x00000000
       14855000	      1484	80001ed4	fc3071b7	lui	x3,0xfc307	  x3=0xfc307000
       14865000	      1485	80001ed8	235eed93	ori	x27,x29,565	 x29:0x000001d0 x27=0x000003f5
       14875000	      1486	80001edc	01885cb3	srl	x25,x16,x24	 x16:0x00000000 x24:0x00000219 x25=0x00000000
       14885000	      1487	80001ee0	82e91217	auipc	x4,0x82e91	  x4=0x02e92edc
       14895000	      1488	80001ee4	40b45813	srai	x16,x8,0xb	  x8:0x00000001 x16=0x00000000
       14905000	      1489	80001ee8	004f1693	slli	x13,x30,0x4	 x30:0x00000004 x13=0x00000040
       14915000	      1490	80001eec	fa2d8597	auipc	x11,0xfa2d8	 x11=0x7a2d9ee8
       14925000	      1491	80001ef0	0c107d93	andi	x27,x0,193	  x0:0x00000000 x27=0x00000000
       14935000	      1492	80001ef4	00b55713	srli	x14,x10,0xb	 x10:0x1a601e20 x14=0x00034c03
       14945000	      1493	80001ef8	05ec4a63	blt	x24,x30,80001f4c	 x24:0x00000219 x30:0x00000004
       14955000	      1494	80001efc	4196de93	srai	x29,x13,0x19	 x13:0x00000040 x29=0x00000000
       14965000	      1495	80001f00	00ff4863	blt	x30,x15,80001f10	 x30:0x00000004 x15:0x00000001
       14975000	      1496	80001f04	00f64db3	xor	x27,x12,x15	 x12:0x80009f84 x15:0x00000001 x27=0x80009f85
       14985000	      1497	80001f08	00a98f33	add	x30,x19,x10	 x19:0x00000000 x10:0x1a601e20 x30=0x1a601e20
       14995000	      1498	80001f0c	01f63cb3	sltu	x25,x12,x31	 x12:0x80009f84 x31:0x9776c000 x25=0x00000001
       15005000	      1499	80001f10	6a563813	sltiu	x16,x12,1701	 x12:0x80009f84 x16=0x00000000
       15015000	      1500	80001f14	003a8663	beq	x21,x3,80001f20	 x21:0x00000000  x3:0xfc307000
       15025000	      1501	80001f18	010b3db3	sltu	x27,x22,x16	 x22:0x80009fc4 x16:0x00000000 x27=0x00000000
       15035000	      1502	80001f1c	41f2d813	srai	x16,x5,0x1f	  x5:0xffffffff x16=0xffffffff
       15045000	      1503	80001f20	02d85863	bge	x16,x13,80001f50	 x16:0xffffffff x13:0x00000040
       15055000	      1504	80001f24	0315c863	blt	x11,x17,80001f54	 x11:0x7a2d9ee8 x17:0x00000000
       15065000	      1505	80001f28	01045293	srli	x5,x8,0x10	  x8:0x00000001  x5=0x00000000
       15075000	      1506	80001f2c	00004f97	auipc	x31,0x4	 x31=0x80005f28
       15085000	      1507	80001f30	30cf8f93	addi	x31,x31,780	 x31:0x80005f28 x31=0x80006234
       15095000	      1508	80001f34	fcaf8f93	addi	x31,x31,-54	 x31:0x80006234 x31=0x800061fe
       15105000	      1509	80001f38	07774137	lui	x2,0x7774	  x2=0x07774000
       15115000	      1510	80001f3c	401a83b3	sub	x7,x21,x1	 x21:0x00000000  x1:0xc8bae000  x7=0x37452000
       15125000	      1511	80001f40	f70612b7	lui	x5,0xf7061	  x5=0xf7061000
       15135000	      1512	80001f44	eda10013	addi	x0,x2,-294	  x2:0x07774000
       15145000	      1513	80001f48	037f8367	jalr	x6,x31,55	 x31:0x800061fe  x6=0x80001f48
       15155000	      1514	00000000	00000013	addi	x0,x0,0	  x0:0x00000000
       15165000	      1515	80006234	00000013	addi	x0,x0,0	  x0:0x00000000
       15175000	      1516	80006238	00c359b3	srl	x19,x6,x12	  x6:0x80001f48 x12:0x80009f84 x19=0x080001f4
       15185000	      1517	8000623c	ac59c417	auipc	x8,0xac59c	  x8=0x2c5a2238
       15195000	      1518	80006240	000619b3	sll	x19,x12,x0	 x12:0x80009f84  x0:0x00000000 x19=0x80009f84
       15205000	      1519	80006244	00d86463	bltu	x16,x13,8000624c	 x16:0xffffffff x13:0x00000040
       15215000	      1520	80006248	00000013	addi	x0,x0,0	  x0:0x00000000
       15225000	      1521	8000624c	fc460613	addi	x12,x12,-60	 x12:0x80009f84 x12=0x80009f48
       15235000	      1522	80006250	00662223	sw	x6,4(x12)	 x12:0x80009f48  x6:0x80001f48 PA:0x80009f4c
       15245000	      1523	80006254	e5464213	xori	x4,x12,-428	 x12:0x80009f48  x4=0x7fff611c
       15255000	      1524	80006258	00002317	auipc	x6,0x2	  x6=0x80008254
       15265000	      1525	8000625c	19730313	addi	x6,x6,407	  x6:0x80008254  x6=0x800083eb
       15275000	      1526	80006260	a6828b93	addi	x23,x5,-1432	  x5:0xf7061000 x23=0xf7060a68
       15285000	      1527	80006264	00879a93	slli	x21,x15,0x8	 x15:0x00000001 x21=0x00000100
       15295000	      1528	80006268	fd532883	lw	x17,-43(x6)	  x6:0x800083eb x17=0x83b85b4a PA:0x800083c0
       15305000	      1529	8000626c	01a9bc33	sltu	x24,x19,x26	 x19:0x80009f84 x26:0xfffffcb3 x24=0x00000001
       15315000	      1530	80006270	fe030383	lb	x7,-32(x6)	  x6:0x800083eb  x7=0x00000007 PA:0x800083cb
       15325000	      1531	80006274	ff830b83	lb	x23,-8(x6)	  x6:0x800083eb x23=0x00000061 PA:0x800083e3
       15335000	      1532	80006278	ca9d0737	lui	x14,0xca9d0	 x14=0xca9d0000
       15345000	      1533	8000627c	b9a2d537	lui	x10,0xb9a2d	 x10=0xb9a2d000
       15355000	      1534	80006280	02930c83	lb	x25,41(x6)	  x6:0x800083eb x25=0x00000023 PA:0x80008414
       15365000	      1535	80006284	00643433	sltu	x8,x8,x6	  x8:0x2c5a2238  x6:0x800083eb  x8=0x00000001
       15375000	      1536	80006288	ff532083	lw	x1,-11(x6)	  x6:0x800083eb  x1=0x617afadc PA:0x800083e0
       15385000	      1537	8000628c	008f24b3	slt	x9,x30,x8	 x30:0x1a601e20  x8:0x00000001  x9=0x00000000
       15395000	      1538	80006290	b5357f93	andi	x31,x10,-1197	 x10:0xb9a2d000 x31=0xb9a2d000
       15405000	      1539	80006294	8b24e293	ori	x5,x9,-1870	  x9:0x00000000  x5=0xfffff8b2
       15415000	      1540	80006298	ffb34983	lbu	x19,-5(x6)	  x6:0x800083eb x19=0x000000f3 PA:0x800083e6
       15425000	      1541	8000629c	01834003	lbu	x0,24(x6)	  x6:0x800083eb PA:0x80008403
       15435000	      1542	800062a0	00218fb3	add	x31,x3,x2	  x3:0xfc307000  x2:0x07774000 x31=0x03a7b000
       15445000	      1543	800062a4	e75e2e13	slti	x28,x28,-395	 x28:0x1a601e20 x28=0x00000000
       15455000	      1544	800062a8	00354d33	xor	x26,x10,x3	 x10:0xb9a2d000  x3:0xfc307000 x26=0x4592a000
       15465000	      1545	800062ac	00f3d533	srl	x10,x7,x15	  x7:0x00000007 x15:0x00000001 x10=0x00000003
       15475000	      1546	800062b0	024326a3	sw	x4,45(x6)	  x6:0x800083eb  x4:0x7fff611c PA:0x80008418
       15485000	      1547	800062b4	014f3733	sltu	x14,x30,x20	 x30:0x1a601e20 x20:0x000003e7 x14=0x00000000
       15495000	      1548	800062b8	b2450f93	addi	x31,x10,-1244	 x10:0x00000003 x31=0xfffffb27
       15505000	      1549	800062bc	01f35203	lhu	x4,31(x6)	  x6:0x800083eb  x4=0x000044eb PA:0x8000840a
       15515000	      1550	800062c0	01850eb3	add	x29,x10,x24	 x10:0x00000003 x24:0x00000001 x29=0x00000004
       15525000	      1551	800062c4	fee30703	lb	x14,-18(x6)	  x6:0x800083eb x14=0xffffffc8 PA:0x800083d9
       15535000	      1552	800062c8	ff530223	sb	x21,-28(x6)	  x6:0x800083eb x21:0x00000100 PA:0x800083cf
       15545000	      1553	800062cc	014d9db3	sll	x27,x27,x20	 x27:0x00000000 x20:0x000003e7 x27=0x00000000
       15555000	      1554	800062d0	41b35413	srai	x8,x6,0x1b	  x6:0x800083eb  x8=0xfffffff0
       15565000	      1555	800062d4	017f6db3	or	x27,x30,x23	 x30:0x1a601e20 x23:0x00000061 x27=0x1a601e61
       15575000	      1556	800062d8	00030283	lb	x5,0(x6)	  x6:0x800083eb  x5=0xfffffff7 PA:0x800083eb
       15585000	      1557	800062dc	018e3133	sltu	x2,x28,x24	 x28:0x00000000 x24:0x00000001  x2=0x00000001
       15595000	      1558	800062e0	fc132e03	lw	x28,-63(x6)	  x6:0x800083eb x28=0x017ec34c PA:0x800083ac
       15605000	      1559	800062e4	fd034e83	lbu	x29,-48(x6)	  x6:0x800083eb x29=0x00000065 PA:0x800083bb
       15615000	      1560	800062e8	6af7b093	sltiu	x1,x15,1711	 x15:0x00000001  x1=0x00000001
       15625000	      1561	800062ec	ad053c93	sltiu	x25,x10,-1328	 x10:0x00000003 x25=0x00000001
       15635000	      1562	800062f0	0097f7b3	and	x15,x15,x9	 x15:0x00000001  x9:0x00000000 x15=0x00000000
       15645000	      1563	800062f4	01c6ed33	or	x26,x13,x28	 x13:0x00000040 x28:0x017ec34c x26=0x017ec34c
       15655000	      1564	800062f8	02b34783	lbu	x15,43(x6)	  x6:0x800083eb x15=0x000000ed PA:0x80008416
       15665000	      1565	800062fc	b20b4a93	xori	x21,x22,-1248	 x22:0x80009fc4 x21=0x7fff64e4
       15675000	      1566	80006300	0170aeb3	slt	x29,x1,x23	  x1:0x00000001 x23:0x00000061 x29=0x00000001
       15685000	      1567	80006304	40865e13	srai	x28,x12,0x8	 x12:0x80009f48 x28=0xff80009f
       15695000	      1568	80006308	b1071f17	auipc	x30,0xb1071	 x30=0x31077304
       15705000	      1569	8000630c	401c5c33	sra	x24,x24,x1	 x24:0x00000001  x1:0x00000001 x24=0x00000000
       15715000	      1570	80006310	ffe30803	lb	x16,-2(x6)	  x6:0x800083eb x16=0x00000017 PA:0x800083e9
       15725000	      1571	80006314	01930f23	sb	x25,30(x6)	  x6:0x800083eb x25:0x00000001 PA:0x80008409
       15735000	      1572	80006318	ffc30383	lb	x7,-4(x6)	  x6:0x800083eb  x7=0x00000005 PA:0x800083e7
       15745000	      1573	8000631c	fc935783	lhu	x15,-55(x6)	  x6:0x800083eb x15=0x0000ad98 PA:0x800083b4
       15755000	      1574	80006320	00002097	auipc	x1,0x2	  x1=0x8000831c
       15765000	      1575	80006324	5f408093	addi	x1,x1,1524	  x1:0x8000831c  x1=0x80008910
       15775000	      1576	80006328	fa4f51b7	lui	x3,0xfa4f5	  x3=0xfa4f5000
       15785000	      1577	8000632c	e5057e13	andi	x28,x10,-432	 x10:0x00000003 x28=0x00000000
       15795000	      1578	80006330	a3905d17	auipc	x26,0xa3905	 x26=0x2390b32c
       15805000	      1579	80006334	25d08da3	sb	x29,603(x1)	  x1:0x80008910 x29:0x00000001 PA:0x80008b6b
       15815000	      1580	80006338	f2c0ac83	lw	x25,-212(x1)	  x1:0x80008910 x25=0x046245a1 PA:0x8000883c
       15825000	      1581	8000633c	015fd533	srl	x10,x31,x21	 x31:0xfffffb27 x21:0x7fff64e4 x10=0x0fffffb2
       15835000	      1582	80006340	01a8d413	srli	x8,x17,0x1a	 x17:0x83b85b4a  x8=0x00000020
       15845000	      1583	80006344	41208223	sb	x18,1028(x1)	  x1:0x80008910 x18:0x86c11af4 PA:0x80008d14
       15855000	      1584	80006348	4040cf03	lbu	x30,1028(x1)	  x1:0x80008910 x30=0x000000f4 PA:0x80008d14
       15865000	      1585	8000634c	3a967c13	andi	x24,x12,937	 x12:0x80009f48 x24=0x00000308
       15875000	      1586	80006350	00387333	and	x6,x16,x3	 x16:0x00000017  x3:0xfa4f5000  x6=0x00000000
       15885000	      1587	80006354	01f33ab3	sltu	x21,x6,x31	  x6:0x00000000 x31:0xfffffb27 x21=0x00000001
       15895000	      1588	80006358	40dd5393	srai	x7,x26,0xd	 x26:0x2390b32c  x7=0x00011c85
       15905000	      1589	8000635c	01be1533	sll	x10,x28,x27	 x28:0x00000000 x27:0x1a601e61 x10=0x00000000
       15915000	      1590	80006360	0585ec93	ori	x25,x11,88	 x11:0x7a2d9ee8 x25=0x7a2d9ef8
       15925000	      1591	80006364	0c968397	auipc	x7,0xc968	  x7=0x8c96e360
       15935000	      1592	80006368	0027e833	or	x16,x15,x2	 x15:0x0000ad98  x2:0x00000001 x16=0x0000ad99
       15945000	      1593	8000636c	4bb08d83	lb	x27,1211(x1)	  x1:0x80008910 x27=0xffffffb0 PA:0x80008dcb
       15955000	      1594	80006370	3480cc03	lbu	x24,840(x1)	  x1:0x80008910 x24=0x000000a6 PA:0x80008c58
       15965000	      1595	80006374	1880d883	lhu	x17,392(x1)	  x1:0x80008910 x17=0x0000540f PA:0x80008a98
       15975000	      1596	80006378	24d08f83	lb	x31,589(x1)	  x1:0x80008910 x31=0xffffffe4 PA:0x80008b5d
       15985000	      1597	8000637c	00808ea3	sb	x8,29(x1)	  x1:0x80008910  x8:0x00000020 PA:0x8000892d
       15995000	      1598	80006380	3960c783	lbu	x15,918(x1)	  x1:0x80008910 x15=0x00000087 PA:0x80008ca6
       16005000	      1599	80006384	f5408403	lb	x8,-172(x1)	  x1:0x80008910  x8=0xffffffd5 PA:0x80008864
       16015000	      1600	80006388	2220cf83	lbu	x31,546(x1)	  x1:0x80008910 x31=0x0000006c PA:0x80008b32
       16025000	      1601	8000638c	01315513	srli	x10,x2,0x13	  x2:0x00000001 x10=0x00000000
       16035000	      1602	80006390	00a75693	srli	x13,x14,0xa	 x14:0xffffffc8 x13=0x003fffff
       16045000	      1603	80006394	4470c783	lbu	x15,1095(x1)	  x1:0x80008910 x15=0x0000001c PA:0x80008d57
       16055000	      1604	80006398	245083a3	sb	x5,583(x1)	  x1:0x80008910  x5:0xfffffff7 PA:0x80008b57
       16065000	      1605	8000639c	4e108183	lb	x3,1249(x1)	  x1:0x80008910  x3=0x00000007 PA:0x80008df1
       16075000	      1606	800063a0	c14eae17	auipc	x28,0xc14ea	 x28=0x414f039c
       16085000	      1607	800063a4	e5b9b693	sltiu	x13,x19,-421	 x19:0x000000f3 x13=0x00000001
       16095000	      1608	800063a8	6f110413	addi	x8,x2,1777	  x2:0x00000001  x8=0x000006f2
       16105000	      1609	800063ac	01ad55b3	srl	x11,x26,x26	 x26:0x2390b32c x26:0x2390b32c x11=0x0002390b
       16115000	      1610	800063b0	42909d23	sh	x9,1082(x1)	  x1:0x80008910  x9:0x00000000 PA:0x80008d4a
       16125000	      1611	800063b4	9ea4cb93	xori	x23,x9,-1558	  x9:0x00000000 x23=0xfffff9ea
       16135000	      1612	800063b8	71ae0b93	addi	x23,x28,1818	 x28:0x414f039c x23=0x414f0ab6
       16145000	      1613	800063bc	c4eaac13	slti	x24,x21,-946	 x21:0x00000001 x24=0x00000000
       16155000	      1614	800063c0	00f3fdb3	and	x27,x7,x15	  x7:0x8c96e360 x15:0x0000001c x27=0x00000000
       16165000	      1615	800063c4	461e7b93	andi	x23,x28,1121	 x28:0x414f039c x23=0x00000000
       16175000	      1616	800063c8	018998b3	sll	x17,x19,x24	 x19:0x000000f3 x24:0x00000000 x17=0x000000f3
       16185000	      1617	800063cc	11f08d03	lb	x26,287(x1)	  x1:0x80008910 x26=0xfffffffc PA:0x80008a2f
       16195000	      1618	800063d0	43b09123	sh	x27,1058(x1)	  x1:0x80008910 x27:0x00000000 PA:0x80008d32
       16205000	      1619	800063d4	0198ba33	sltu	x20,x17,x25	 x17:0x000000f3 x25:0x7a2d9ef8 x20=0x00000001
       16215000	      1620	800063d8	003f4d33	xor	x26,x30,x3	 x30:0x000000f4  x3:0x00000007 x26=0x000000f3
       16225000	      1621	800063dc	008d5113	srli	x2,x26,0x8	 x26:0x000000f3  x2=0x00000000
       16235000	      1622	800063e0	13f5cd17	auipc	x26,0x13f5c	 x26=0x93f623dc
       16245000	      1623	800063e4	3a908303	lb	x6,937(x1)	  x1:0x80008910  x6=0x00000021 PA:0x80008cb9
       16255000	      1624	800063e8	4ef08e83	lb	x29,1263(x1)	  x1:0x80008910 x29=0xffffffea PA:0x80008dff
       16265000	      1625	800063ec	03090c63	beq	x18,x16,80006424	 x18:0x86c11af4 x16:0x0000ad99
       16275000	      1626	800063f0	01b29533	sll	x10,x5,x27	  x5:0xfffffff7 x27:0x00000000 x10=0xfffffff7
       16285000	      1627	800063f4	0362ee63	bltu	x5,x22,80006430	  x5:0xfffffff7 x22:0x80009fc4
       16295000	      1628	800063f8	41325093	srai	x1,x4,0x13	  x4:0x000044eb  x1=0x00000000
       16305000	      1629	800063fc	3c5d6293	ori	x5,x26,965	 x26:0x93f623dc  x5=0x93f623dd
       16315000	      1630	80006400	011d1863	bne	x26,x17,80006410	 x26:0x93f623dc x17:0x000000f3
       16325000	      1631	00000000	00000013	addi	x0,x0,0	  x0:0x00000000
       16335000	      1632	8000640c	00000013	addi	x0,x0,0	  x0:0x00000000
       16345000	      1633	80006410	04fcc863	blt	x25,x15,80006460	 x25:0x7a2d9ef8 x15:0x0000001c
       16355000	      1634	80006414	405a5713	srai	x14,x20,0x5	 x20:0x00000001 x14=0x00000000
       16365000	      1635	80006418	016b5733	srl	x14,x22,x22	 x22:0x80009fc4 x22:0x80009fc4 x14=0x080009fc
       16375000	      1636	8000641c	03e65063	bge	x12,x30,8000643c	 x12:0x80009f48 x30:0x000000f4
       16385000	      1637	80006420	01aa82b3	add	x5,x21,x26	 x21:0x00000001 x26:0x93f623dc  x5=0x93f623dd
       16395000	      1638	80006424	fcf13e13	sltiu	x28,x2,-49	  x2:0x00000000 x28=0x00000001
       16405000	      1639	80006428	000e3733	sltu	x14,x28,x0	 x28:0x00000001  x0:0x00000000 x14=0x00000000
       16415000	      1640	8000642c	123f6c13	ori	x24,x30,291	 x30:0x000000f4 x24=0x000001f7
       16425000	      1641	80006430	015f6fb3	or	x31,x30,x21	 x30:0x000000f4 x21:0x00000001 x31=0x000000f5
       16435000	      1642	80006434	41a60a33	sub	x20,x12,x26	 x12:0x80009f48 x26:0x93f623dc x20=0xec0a7b6c
       16445000	      1643	80006438	01ff8013	addi	x0,x31,31	 x31:0x000000f5
       16455000	      1644	8000643c	40fc82b3	sub	x5,x25,x15	 x25:0x7a2d9ef8 x15:0x0000001c  x5=0x7a2d9edc
       16465000	      1645	80006440	3163a093	slti	x1,x7,790	  x7:0x8c96e360  x1=0x00000001
       16475000	      1646	80006444	419853b3	sra	x7,x16,x25	 x16:0x0000ad99 x25:0x7a2d9ef8  x7=0x00000000
       16485000	      1647	80006448	00aa8db3	add	x27,x21,x10	 x21:0x00000001 x10:0xfffffff7 x27=0xfffffff8
       16495000	      1648	8000644c	5721ce13	xori	x28,x3,1394	  x3:0x00000007 x28=0x00000575
       16505000	      1649	80006450	01b35593	srli	x11,x6,0x1b	  x6:0x00000021 x11=0x00000000
       16515000	      1650	80006454	9bf98413	addi	x8,x19,-1601	 x19:0x000000f3  x8=0xfffffab2
       16525000	      1651	80006458	00000013	addi	x0,x0,0	  x0:0x00000000
       16535000	      1652	8000645c	01c75e63	bge	x14,x28,80006478	 x14:0x00000000 x28:0x00000575
       16545000	      1653	80006460	01181263	bne	x16,x17,80006464	 x16:0x0000ad99 x17:0x000000f3
       16555000	      1654	00000000	00000013	addi	x0,x0,0	  x0:0x00000000
       16565000	      1655	80006460	00000013	addi	x0,x0,0	  x0:0x00000000
       16575000	      1656	80006464	0189c4b3	xor	x9,x19,x24	 x19:0x000000f3 x24:0x000001f7  x9=0x00000104
       16585000	      1657	80006468	05141063	bne	x8,x17,800064a8	  x8:0xfffffab2 x17:0x000000f3
       16595000	      1658	00000000	00000013	addi	x0,x0,0	  x0:0x00000000
       16605000	      1659	800064a4	00000013	addi	x0,x0,0	  x0:0x00000000
       16615000	      1660	800064a8	04e25663	bge	x4,x14,800064f4	  x4:0x000044eb x14:0x00000000
       16625000	      1661	00000000	00000013	addi	x0,x0,0	  x0:0x00000000
       16635000	      1662	800064f0	00000013	addi	x0,x0,0	  x0:0x00000000
       16645000	      1663	800064f4	01978863	beq	x15,x25,80006504	 x15:0x0000001c x25:0x7a2d9ef8
       16655000	      1664	800064f8	40a10d33	sub	x26,x2,x10	  x2:0x00000000 x10:0xfffffff7 x26=0x00000009
       16665000	      1665	800064fc	00cf5213	srli	x4,x30,0xc	 x30:0x000000f4  x4=0x00000000
       16675000	      1666	80006500	011c6863	bltu	x24,x17,80006510	 x24:0x000001f7 x17:0x000000f3
       16685000	      1667	80006504	014109b3	add	x19,x2,x20	  x2:0x00000000 x20:0xec0a7b6c x19=0xec0a7b6c
       16695000	      1668	80006508	00a5e4b3	or	x9,x11,x10	 x11:0x00000000 x10:0xfffffff7  x9=0xfffffff7
       16705000	      1669	8000650c	006f06b3	add	x13,x30,x6	 x30:0x000000f4  x6:0x00000021 x13=0x00000115
       16715000	      1670	80006510	00495393	srli	x7,x18,0x4	 x18:0x86c11af4  x7=0x086c11af
       16725000	      1671	80006514	41705833	sra	x16,x0,x23	  x0:0x00000000 x23:0x00000000 x16=0x00000000
       16735000	      1672	80006518	6517bd93	sltiu	x27,x15,1617	 x15:0x0000001c x27=0x00000001
       16745000	      1673	8000651c	00f70733	add	x14,x14,x15	 x14:0x00000000 x15:0x0000001c x14=0x0000001c
       16755000	      1674	80006520	00002a17	auipc	x20,0x2	 x20=0x8000851c
       16765000	      1675	80006524	101a0a13	addi	x20,x20,257	 x20:0x8000851c x20=0x8000861d
       16775000	      1676	80006528	51c9f3b7	lui	x7,0x51c9f	  x7=0x51c9f000
       16785000	      1677	8000652c	001690b3	sll	x1,x13,x1	 x13:0x00000115  x1:0x00000001  x1=0x0000022a
       16795000	      1678	80006530	1eaa0723	sb	x10,494(x20)	 x20:0x8000861d x10:0xfffffff7 PA:0x8000880b
       16805000	      1679	80006534	401700b3	sub	x1,x14,x1	 x14:0x0000001c  x1:0x0000022a  x1=0xfffffdf2
       16815000	      1680	80006538	e0ccf8b7	lui	x17,0xe0ccf	 x17=0xe0ccf000
       16825000	      1681	8000653c	bbaebf13	sltiu	x30,x29,-1094	 x29:0xffffffea x30=0x00000000
       16835000	      1682	80006540	c3096813	ori	x16,x18,-976	 x18:0x86c11af4 x16=0xfffffef4
       16845000	      1683	80006544	0013dd13	srli	x26,x7,0x1	  x7:0x51c9f000 x26=0x28e4f800
       16855000	      1684	80006548	a9be6e13	ori	x28,x28,-1381	 x28:0x00000575 x28=0xffffffff
       16865000	      1685	8000654c	e9fa2883	lw	x17,-353(x20)	 x20:0x8000861d x17=0xd604ee20 PA:0x800084bc
       16875000	      1686	80006550	00373eb3	sltu	x29,x14,x3	 x14:0x0000001c  x3:0x00000007 x29=0x00000000
       16885000	      1687	80006554	08ea0c83	lb	x25,142(x20)	 x20:0x8000861d x25=0xffffffee PA:0x800086ab
       16895000	      1688	80006558	41c3d833	sra	x16,x7,x28	  x7:0x51c9f000 x28:0xffffffff x16=0x00000000
       16905000	      1689	8000655c	a30a1ea3	sh	x16,-1475(x20)	 x20:0x8000861d x16:0x00000000 PA:0x8000805a
       16915000	      1690	80006560	ebda4d03	lbu	x26,-323(x20)	 x20:0x8000861d x26=0x000000ae PA:0x800084da
       16925000	      1691	80006564	01c44c33	xor	x24,x8,x28	  x8:0xfffffab2 x28:0xffffffff x24=0x0000054d
       16935000	      1692	80006568	015457b3	srl	x15,x8,x21	  x8:0xfffffab2 x21:0x00000001 x15=0x7ffffd59
       16945000	      1693	8000656c	a76a4683	lbu	x13,-1418(x20)	 x20:0x8000861d x13=0x00000008 PA:0x80008093
       16955000	      1694	80006570	178a0383	lb	x7,376(x20)	 x20:0x8000861d  x7=0x00000072 PA:0x80008795
       16965000	      1695	80006574	002dfd33	and	x26,x27,x2	 x27:0x00000001  x2:0x00000000 x26=0x00000000
       16975000	      1696	80006578	808d6493	ori	x9,x26,-2040	 x26:0x00000000  x9=0xfffff808
       16985000	      1697	8000657c	2a53ad17	auipc	x26,0x2a53a	 x26=0xaa540578
       16995000	      1698	80006580	e9050513	addi	x10,x10,-368	 x10:0xfffffff7 x10=0xfffffe87
       17005000	      1699	80006584	00985893	srli	x17,x16,0x9	 x16:0x00000000 x17=0x00000000
       17015000	      1700	80006588	c56a4c83	lbu	x25,-938(x20)	 x20:0x8000861d x25=0x00000061 PA:0x80008273
       17025000	      1701	8000658c	dfca4983	lbu	x19,-516(x20)	 x20:0x8000861d x19=0x00000061 PA:0x80008419
       17035000	      1702	80006590	e7ea08a3	sb	x30,-399(x20)	 x20:0x8000861d x30:0x00000000 PA:0x8000848e
       17045000	      1703	80006594	4120d713	srai	x14,x1,0x12	  x1:0xfffffdf2 x14=0xffffffff
       17055000	      1704	80006598	01228433	add	x8,x5,x18	  x5:0x7a2d9edc x18:0x86c11af4  x8=0x00eeb9d0
       17065000	      1705	8000659c	1aba0f23	sb	x11,446(x20)	 x20:0x8000861d x11:0x00000000 PA:0x800087db
       17075000	      1706	800065a0	f68a0e03	lb	x28,-152(x20)	 x20:0x8000861d x28=0xffffffd6 PA:0x80008585
       17085000	      1707	800065a4	00604bb3	xor	x23,x0,x6	  x0:0x00000000  x6:0x00000021 x23=0x00000021
       17095000	      1708	800065a8	00a78833	add	x16,x15,x10	 x15:0x7ffffd59 x10:0xfffffe87 x16=0x7ffffbe0
       17105000	      1709	800065ac	07fa29a3	sw	x31,115(x20)	 x20:0x8000861d x31:0x000000f5 PA:0x80008690
       17115000	      1710	800065b0	1b4a4383	lbu	x7,436(x20)	 x20:0x8000861d  x7=0x000000bd PA:0x800087d1
       17125000	      1711	800065b4	b94a4c03	lbu	x24,-1132(x20)	 x20:0x8000861d x24=0x00000079 PA:0x800081b1
       17135000	      1712	800065b8	01fadab3	srl	x21,x21,x31	 x21:0x00000001 x31:0x000000f5 x21=0x00000000
       17145000	      1713	800065bc	a87a4803	lbu	x16,-1401(x20)	 x20:0x8000861d x16=0x000000b1 PA:0x800080a4
       17155000	      1714	800065c0	ba6a2693	slti	x13,x20,-1114	 x20:0x8000861d x13=0x00000001
       17165000	      1715	800065c4	b26a4e83	lbu	x29,-1242(x20)	 x20:0x8000861d x29=0x00000016 PA:0x80008143
       17175000	      1716	800065c8	bc7a0ba3	sb	x7,-1065(x20)	 x20:0x8000861d  x7:0x000000bd PA:0x800081f4
       17185000	      1717	800065cc	b47a2d03	lw	x26,-1209(x20)	 x20:0x8000861d x26=0x799f1a40 PA:0x80008164
       17195000	      1718	800065d0	55c34d13	xori	x26,x6,1372	  x6:0x00000021 x26=0x0000057d
       17205000	      1719	800065d4	fa9a4c83	lbu	x25,-87(x20)	 x20:0x8000861d x25=0x0000000e PA:0x800085c6
       17215000	      1720	00000000	00000013	addi	x0,x0,0	  x0:0x00000000
       17225000	      1721	800065d8	000cbe33	sltu	x28,x25,x0	 x25:0x0000000e  x0:0x00000000 x28=0x00000000
       17235000	      1722	800065dc	00727463	bgeu	x4,x7,800065e4	  x4:0x00000000  x7:0x000000bd
       17245000	      1723	800065e0	018fee33	or	x28,x31,x24	 x31:0x000000f5 x24:0x00000079 x28=0x000000fd
       17255000	      1724	800065e4	01a39ab3	sll	x21,x7,x26	  x7:0x000000bd x26:0x0000057d x21=0xa0000000
       17265000	      1725	800065e8	9230be13	sltiu	x28,x1,-1757	  x1:0xfffffdf2 x28=0x00000000
       17275000	      1726	800065ec	01c96733	or	x14,x18,x28	 x18:0x86c11af4 x28:0x00000000 x14=0x86c11af4
       17285000	      1727	800065f0	00931d33	sll	x26,x6,x9	  x6:0x00000021  x9:0xfffff808 x26=0x00002100
       17295000	      1728	800065f4	002b3033	sltu	x0,x22,x2	 x22:0x80009fc4  x2:0x00000000
       17305000	      1729	800065f8	00ec6463	bltu	x24,x14,80006600	 x24:0x00000079 x14:0x86c11af4
       17315000	      1730	00000000	00000013	addi	x0,x0,0	  x0:0x00000000
       17325000	      1731	800065fc	00000013	addi	x0,x0,0	  x0:0x00000000
       17335000	      1732	80006600	012b5033	srl	x0,x22,x18	 x22:0x80009fc4 x18:0x86c11af4
       17345000	      1733	80006604	004ea6b3	slt	x13,x29,x4	 x29:0x00000016  x4:0x00000000 x13=0x00000000
       17355000	      1734	80006608	41330fb3	sub	x31,x6,x19	  x6:0x00000021 x19:0x00000061 x31=0xffffffc0
       17365000	      1735	8000660c	954e7013	andi	x0,x28,-1708	 x28:0x00000000
       17375000	      1736	80006610	0384e263	bltu	x9,x24,80006634	  x9:0xfffff808 x24:0x00000079
       17385000	      1737	80006614	307cf993	andi	x19,x25,775	 x25:0x0000000e x19=0x00000006
       17395000	      1738	80006618	0053a733	slt	x14,x7,x5	  x7:0x000000bd  x5:0x7a2d9edc x14=0x00000001
       17405000	      1739	8000661c	fdfd89b7	lui	x19,0xfdfd8	 x19=0xfdfd8000
       17415000	      1740	80006620	f6b72293	slti	x5,x14,-149	 x14:0x00000001  x5=0x00000000
       17425000	      1741	80006624	7a0f8593	addi	x11,x31,1952	 x31:0xffffffc0 x11=0x00000760
       17435000	      1742	80006628	81a16a97	auipc	x21,0x81a16	 x21=0x01a1c624
       17445000	      1743	8000662c	00fe4533	xor	x10,x28,x15	 x28:0x00000000 x15:0x7ffffd59 x10=0x7ffffd59
       17455000	      1744	80006630	003338b3	sltu	x17,x6,x3	  x6:0x00000021  x3:0x00000007 x17=0x00000000
       17465000	      1745	80006634	416d8ab3	sub	x21,x27,x22	 x27:0x00000001 x22:0x80009fc4 x21=0x7fff603d
       17475000	      1746	80006638	10408a13	addi	x20,x1,260	  x1:0xfffffdf2 x20=0xfffffef6
       17485000	      1747	8000663c	005ecfb3	xor	x31,x29,x5	 x29:0x00000016  x5:0x00000000 x31=0x00000016
       17495000	      1748	80006640	005f8433	add	x8,x31,x5	 x31:0x00000016  x5:0x00000000  x8=0x00000016
       17505000	      1749	80006644	01377c33	and	x24,x14,x19	 x14:0x00000001 x19:0xfdfd8000 x24=0x00000000
       17515000	      1750	80006648	18378f93	addi	x31,x15,387	 x15:0x7ffffd59 x31=0x7ffffedc
       17525000	      1751	8000664c	01a32d33	slt	x26,x6,x26	  x6:0x00000021 x26:0x00002100 x26=0x00000001
       17535000	      1752	80006650	01e95033	srl	x0,x18,x30	 x18:0x86c11af4 x30:0x00000000
       17545000	      1753	80006654	01f24463	blt	x4,x31,8000665c	  x4:0x00000000 x31:0x7ffffedc
       17555000	      1754	00000000	00000013	addi	x0,x0,0	  x0:0x00000000
       17565000	      1755	80006658	00000013	addi	x0,x0,0	  x0:0x00000000
       17575000	      1756	8000665c	00230c33	add	x24,x6,x2	  x6:0x00000021  x2:0x00000000 x24=0x00000021
       17585000	      1757	80006660	0074de33	srl	x28,x9,x7	  x9:0xfffff808  x7:0x000000bd x28=0x00000007
       17595000	      1758	80006664	03037c63	bgeu	x6,x16,8000669c	  x6:0x00000021 x16:0x000000b1
       17605000	      1759	80006668	06e69463	bne	x13,x14,800066d0	 x13:0x00000000 x14:0x00000001
       17615000	      1760	00000000	00000013	addi	x0,x0,0	  x0:0x00000000
       17625000	      1761	800066cc	00000013	addi	x0,x0,0	  x0:0x00000000
       17635000	      1762	800066d0	04f9d663	bge	x19,x15,8000671c	 x19:0xfdfd8000 x15:0x7ffffd59
       17645000	      1763	800066d4	56e5a893	slti	x17,x11,1390	 x11:0x00000760 x17=0x00000000
       17655000	      1764	800066d8	53b08893	addi	x17,x1,1339	  x1:0xfffffdf2 x17=0x0000032d
       17665000	      1765	800066dc	00000013	addi	x0,x0,0	  x0:0x00000000
       17675000	      1766	800066e0	6cfd0e93	addi	x29,x26,1743	 x26:0x00000001 x29=0x000006d0
       17685000	      1767	800066e4	47613f93	sltiu	x31,x2,1142	  x2:0x00000000 x31=0x00000001
       17695000	      1768	800066e8	016e6d33	or	x26,x28,x22	 x28:0x00000007 x22:0x80009fc4 x26=0x80009fc7
       17705000	      1769	800066ec	01064433	xor	x8,x12,x16	 x12:0x80009f48 x16:0x000000b1  x8=0x80009ff9
       17715000	      1770	800066f0	00000013	addi	x0,x0,0	  x0:0x00000000
       17725000	      1771	800066f4	0145da63	bge	x11,x20,80006708	 x11:0x00000760 x20:0xfffffef6
       17735000	      1772	00000000	00000013	addi	x0,x0,0	  x0:0x00000000
       17745000	      1773	80006704	00000013	addi	x0,x0,0	  x0:0x00000000
       17755000	      1774	80006708	a0fd0d13	addi	x26,x26,-1521	 x26:0x80009fc7 x26=0x800099d6
       17765000	      1775	8000670c	03dfde63	bge	x31,x29,80006748	 x31:0x00000001 x29:0x000006d0
       17775000	      1776	80006710	400f5db3	sra	x27,x30,x0	 x30:0x00000000  x0:0x00000000 x27=0x00000000
       17785000	      1777	80006714	41705c33	sra	x24,x0,x23	  x0:0x00000000 x23:0x00000021 x24=0x00000000
       17795000	      1778	80006718	5b364393	xori	x7,x12,1459	 x12:0x80009f48  x7=0x80009afb
       17805000	      1779	8000671c	006c5c33	srl	x24,x24,x6	 x24:0x00000000  x6:0x00000021 x24=0x00000000
       17815000	      1780	80006720	00858863	beq	x11,x8,80006730	 x11:0x00000760  x8:0x80009ff9
       17825000	      1781	80006724	6d71bdb7	lui	x27,0x6d71b	 x27=0x6d71b000
       17835000	      1782	80006728	00000013	addi	x0,x0,0	  x0:0x00000000
       17845000	      1783	8000672c	4b3ab893	sltiu	x17,x21,1203	 x21:0x7fff603d x17=0x00000000
       17855000	      1784	80006730	1378f893	andi	x17,x17,311	 x17:0x00000000 x17=0x00000000
       17865000	      1785	80006734	9e16ca13	xori	x20,x13,-1567	 x13:0x00000000 x20=0xfffff9e1
       17875000	      1786	80006738	a0f04293	xori	x5,x0,-1521	  x0:0x00000000  x5=0xfffffa0f
       17885000	      1787	8000673c	01a28e33	add	x28,x5,x26	  x5:0xfffffa0f x26:0x800099d6 x28=0x800093e5
       17895000	      1788	80006740	b7388f13	addi	x30,x17,-1165	 x17:0x00000000 x30=0xfffffb73
       17905000	      1789	80006744	014375b3	and	x11,x6,x20	  x6:0x00000021 x20:0xfffff9e1 x11=0x00000021
       17915000	      1790	80006748	03d0ce63	blt	x1,x29,80006784	  x1:0xfffffdf2 x29:0x000006d0
       17925000	      1791	00000000	00000013	addi	x0,x0,0	  x0:0x00000000
       17935000	      1792	80006780	00000013	addi	x0,x0,0	  x0:0x00000000
       17945000	      1793	80006784	2d832b93	slti	x23,x6,728	  x6:0x00000021 x23=0x00000001
       17955000	      1794	80006788	00b451b3	srl	x3,x8,x11	  x8:0x80009ff9 x11:0x00000021  x3=0x40004ffc
       17965000	      1795	8000678c	01fb6233	or	x4,x22,x31	 x22:0x80009fc4 x31:0x00000001  x4=0x80009fc5
       17975000	      1796	80006790	8b2ee213	ori	x4,x29,-1870	 x29:0x000006d0  x4=0xfffffef2
       17985000	      1797	80006794	0093c5b3	xor	x11,x7,x9	  x7:0x80009afb  x9:0xfffff808 x11=0x7fff62f3
       17995000	      1798	80006798	021ef263	bgeu	x29,x1,800067bc	 x29:0x000006d0  x1:0xfffffdf2
       18005000	      1799	8000679c	c2853293	sltiu	x5,x10,-984	 x10:0x7ffffd59  x5=0x00000001
       18015000	      1800	800067a0	c1484713	xori	x14,x16,-1004	 x16:0x000000b1 x14=0xfffffca5
       18025000	      1801	800067a4	00a83fb3	sltu	x31,x16,x10	 x16:0x000000b1 x10:0x7ffffd59 x31=0x00000001
       18035000	      1802	800067a8	9b320f17	auipc	x30,0x9b320	 x30=0x1b3267a4
       18045000	      1803	800067ac	8917a597	auipc	x11,0x8917a	 x11=0x091807a8
       18055000	      1804	800067b0	f6fa7813	andi	x16,x20,-145	 x20:0xfffff9e1 x16=0xfffff961
       18065000	      1805	800067b4	01c50463	beq	x10,x28,800067bc	 x10:0x7ffffd59 x28:0x800093e5
       18075000	      1806	800067b8	00f3bd33	sltu	x26,x7,x15	  x7:0x80009afb x15:0x7ffffd59 x26=0x00000000
       18085000	      1807	800067bc	408d5f33	sra	x30,x26,x8	 x26:0x00000000  x8:0x80009ff9 x30=0x00000000
       18095000	      1808	800067c0	00e45113	srli	x2,x8,0xe	  x8:0x80009ff9  x2=0x00020002
       18105000	      1809	800067c4	00c01d93	slli	x27,x0,0xc	  x0:0x00000000 x27=0x00000000
       18115000	      1810	800067c8	90628413	addi	x8,x5,-1786	  x5:0x00000001  x8=0xfffff907
       18125000	      1811	800067cc	000b9463	bne	x23,x0,800067d4	 x23:0x00000001  x0:0x00000000
       18135000	      1812	00000000	00000013	addi	x0,x0,0	  x0:0x00000000
       18145000	      1813	800067d0	00000013	addi	x0,x0,0	  x0:0x00000000
       18155000	      1814	800067d4	0560c863	blt	x1,x22,80006824	  x1:0xfffffdf2 x22:0x80009fc4
       18165000	      1815	800067d8	00fe8e63	beq	x29,x15,800067f4	 x29:0x000006d0 x15:0x7ffffd59
       18175000	      1816	800067dc	00210863	beq	x2,x2,800067ec	  x2:0x00020002  x2:0x00020002
       18185000	      1817	00000000	00000013	addi	x0,x0,0	  x0:0x00000000
       18195000	      1818	800067e8	00000013	addi	x0,x0,0	  x0:0x00000000
       18205000	      1819	800067ec	eadfb893	sltiu	x17,x31,-339	 x31:0x00000001 x17=0x00000001
       18215000	      1820	800067f0	41155c13	srai	x24,x10,0x11	 x10:0x7ffffd59 x24=0x00003fff
       18225000	      1821	800067f4	004ad433	srl	x8,x21,x4	 x21:0x7fff603d  x4:0xfffffef2  x8=0x00001fff
       18235000	      1822	800067f8	72187113	andi	x2,x16,1825	 x16:0xfffff961  x2=0x00000121
       18245000	      1823	800067fc	89608db7	lui	x27,0x89608	 x27=0x89608000
       18255000	      1824	80006800	03e7fc63	bgeu	x15,x30,80006838	 x15:0x7ffffd59 x30:0x00000000
       18265000	      1825	00000000	00000013	addi	x0,x0,0	  x0:0x00000000
       18275000	      1826	80006834	00000013	addi	x0,x0,0	  x0:0x00000000
       18285000	      1827	80006838	da0c4b93	xori	x23,x24,-608	 x24:0x00003fff x23=0xffffc25f
       18295000	      1828	8000683c	01569213	slli	x4,x13,0x15	 x13:0x00000000  x4=0x00000000
       18305000	      1829	80006840	01cb95b3	sll	x11,x23,x28	 x23:0xffffc25f x28:0x800093e5 x11=0xfff84be0
       18315000	      1830	80006844	03368063	beq	x13,x19,80006864	 x13:0x00000000 x19:0xfdfd8000
       18325000	      1831	80006848	011e1013	slli	x0,x28,0x11	 x28:0x800093e5
       18335000	      1832	8000684c	0048d693	srli	x13,x17,0x4	 x17:0x00000001 x13=0x00000000
       18345000	      1833	80006850	00ebd893	srli	x17,x23,0xe	 x23:0xffffc25f x17=0x0003ffff
       18355000	      1834	80006854	2151f713	andi	x14,x3,533	  x3:0x40004ffc x14=0x00000214
       18365000	      1835	80006858	00605eb3	srl	x29,x0,x6	  x0:0x00000000  x6:0x00000021 x29=0x00000000
       18375000	      1836	8000685c	41c1db93	srai	x23,x3,0x1c	  x3:0x40004ffc x23=0x00000004
       18385000	      1837	80006860	40805e33	sra	x28,x0,x8	  x0:0x00000000  x8:0x00001fff x28=0x00000000
       18395000	      1838	80006864	0358d263	bge	x17,x21,80006888	 x17:0x0003ffff x21:0x7fff603d
       18405000	      1839	80006868	00a0f1b3	and	x3,x1,x10	  x1:0xfffffdf2 x10:0x7ffffd59  x3=0x7ffffd50
       18415000	      1840	8000686c	01e19663	bne	x3,x30,80006878	  x3:0x7ffffd50 x30:0x00000000
       18425000	      1841	00000000	00000013	addi	x0,x0,0	  x0:0x00000000
       18435000	      1842	80006874	00000013	addi	x0,x0,0	  x0:0x00000000
       18445000	      1843	80006878	012012b3	sll	x5,x0,x18	  x0:0x00000000 x18:0x86c11af4  x5=0x00000000
       18455000	      1844	8000687c	41ffd4b3	sra	x9,x31,x31	 x31:0x00000001 x31:0x00000001  x9=0x00000000
       18465000	      1845	80006880	02cb1463	bne	x22,x12,800068a8	 x22:0x80009fc4 x12:0x80009f48
       18475000	      1846	00000000	00000013	addi	x0,x0,0	  x0:0x00000000
       18485000	      1847	800068a4	00000013	addi	x0,x0,0	  x0:0x00000000
       18495000	      1848	800068a8	140a3293	sltiu	x5,x20,320	 x20:0xfffff9e1  x5=0x00000000
       18505000	      1849	800068ac	0157e233	or	x4,x15,x21	 x15:0x7ffffd59 x21:0x7fff603d  x4=0x7ffffd7d
       18515000	      1850	800068b0	01a71463	bne	x14,x26,800068b8	 x14:0x00000214 x26:0x00000000
       18525000	      1851	00000000	00000013	addi	x0,x0,0	  x0:0x00000000
       18535000	      1852	800068b4	00000013	addi	x0,x0,0	  x0:0x00000000
       18545000	      1853	800068b8	41c2d8b3	sra	x17,x5,x28	  x5:0x00000000 x28:0x00000000 x17=0x00000000
       18555000	      1854	800068bc	7186bc13	sltiu	x24,x13,1816	 x13:0x00000000 x24=0x00000001
       18565000	      1855	800068c0	00880f33	add	x30,x16,x8	 x16:0xfffff961  x8:0x00001fff x30=0x00001960
       18575000	      1856	800068c4	04e14663	blt	x2,x14,80006910	  x2:0x00000121 x14:0x00000214
       18585000	      1857	00000000	00000013	addi	x0,x0,0	  x0:0x00000000
       18595000	      1858	8000690c	00000013	addi	x0,x0,0	  x0:0x00000000
       18605000	      1859	80006910	04374463	blt	x14,x3,80006958	 x14:0x00000214  x3:0x7ffffd50
       18615000	      1860	00000000	00000013	addi	x0,x0,0	  x0:0x00000000
       18625000	      1861	80006954	00000013	addi	x0,x0,0	  x0:0x00000000
       18635000	      1862	80006958	a12c30b7	lui	x1,0xa12c3	  x1=0xa12c3000
       18645000	      1863	8000695c	01da8733	add	x14,x21,x29	 x21:0x7fff603d x29:0x00000000 x14=0x7fff603d
       18655000	      1864	80006960	012646b3	xor	x13,x12,x18	 x12:0x80009f48 x18:0x86c11af4 x13=0x06c185bc
       18665000	      1865	80006964	004ba7b3	slt	x15,x23,x4	 x23:0x00000004  x4:0x7ffffd7d x15=0x00000001
       18675000	      1866	80006968	0107fa63	bgeu	x15,x16,8000697c	 x15:0x00000001 x16:0xfffff961
       18685000	      1867	8000696c	01ed0f33	add	x30,x26,x30	 x26:0x00000000 x30:0x00001960 x30=0x00001960
       18695000	      1868	80006970	4194d1b3	sra	x3,x9,x25	  x9:0x00000000 x25:0x0000000e  x3=0x00000000
       18705000	      1869	80006974	0011b9b3	sltu	x19,x3,x1	  x3:0x00000000  x1:0xa12c3000 x19=0x00000001
       18715000	      1870	80006978	00725093	srli	x1,x4,0x7	  x4:0x7ffffd7d  x1=0x00fffffa
       18725000	      1871	8000697c	40245813	srai	x16,x8,0x2	  x8:0x00001fff x16=0x000007ff
       18735000	      1872	80006980	01bedab3	srl	x21,x29,x27	 x29:0x00000000 x27:0x89608000 x21=0x00000000
       18745000	      1873	80006984	00e57a33	and	x20,x10,x14	 x10:0x7ffffd59 x14:0x7fff603d x20=0x7fff6019
       18755000	      1874	80006988	5a44c793	xori	x15,x9,1444	  x9:0x00000000 x15=0x000005a4
       18765000	      1875	8000698c	02411e63	bne	x2,x4,800069c8	  x2:0x00000121  x4:0x7ffffd7d
       18775000	      1876	00000000	00000013	addi	x0,x0,0	  x0:0x00000000
       18785000	      1877	800069c4	00000013	addi	x0,x0,0	  x0:0x00000000
       18795000	      1878	800069c8	001c7663	bgeu	x24,x1,800069d4	 x24:0x00000001  x1:0x00fffffa
       18805000	      1879	800069cc	00000013	addi	x0,x0,0	  x0:0x00000000
       18815000	      1880	800069d0	01a6b6b3	sltu	x13,x13,x26	 x13:0x06c185bc x26:0x00000000 x13=0x00000000
       18825000	      1881	800069d4	8af92213	slti	x4,x18,-1873	 x18:0x86c11af4  x4=0x00000001
       18835000	      1882	800069d8	0085ca63	blt	x11,x8,800069ec	 x11:0xfff84be0  x8:0x00001fff
       18845000	      1883	00000000	00000013	addi	x0,x0,0	  x0:0x00000000
       18855000	      1884	800069e8	00000013	addi	x0,x0,0	  x0:0x00000000
       18865000	      1885	800069ec	01789d33	sll	x26,x17,x23	 x17:0x00000000 x23:0x00000004 x26=0x00000000
       18875000	      1886	800069f0	01f84863	blt	x16,x31,80006a00	 x16:0x000007ff x31:0x00000001
       18885000	      1887	800069f4	020e4e63	blt	x28,x0,80006a30	 x28:0x00000000  x0:0x00000000
       18895000	      1888	800069f8	00941463	bne	x8,x9,80006a00	  x8:0x00001fff  x9:0x00000000
       18905000	      1889	00000000	00000013	addi	x0,x0,0	  x0:0x00000000
       18915000	      1890	800069fc	00000013	addi	x0,x0,0	  x0:0x00000000
       18925000	      1891	80006a00	ccfe2c93	slti	x25,x28,-817	 x28:0x00000000 x25=0x00000000
       18935000	      1892	80006a04	005f6463	bltu	x30,x5,80006a0c	 x30:0x00001960  x5:0x00000000
       18945000	      1893	80006a08	015cdfb3	srl	x31,x25,x21	 x25:0x00000000 x21:0x00000000 x31=0x00000000
       18955000	      1894	80006a0c	9125e093	ori	x1,x11,-1774	 x11:0xfff84be0  x1=0xfffffbf2
       18965000	      1895	80006a10	d5816993	ori	x19,x2,-680	  x2:0x00000121 x19=0xfffffd79
       18975000	      1896	80006a14	01a8dc33	srl	x24,x17,x26	 x17:0x00000000 x26:0x00000000 x24=0x00000000
       18985000	      1897	80006a18	01293433	sltu	x8,x18,x18	 x18:0x86c11af4 x18:0x86c11af4  x8=0x00000000
       18995000	      1898	80006a1c	008dd263	bge	x27,x8,80006a20	 x27:0x89608000  x8:0x00000000
       19005000	      1899	80006a20	015c0733	add	x14,x24,x21	 x24:0x00000000 x21:0x00000000 x14=0x00000000
       19015000	      1900	80006a24	ce5bc4b7	lui	x9,0xce5bc	  x9=0xce5bc000
       19025000	      1901	80006a28	01f09493	slli	x9,x1,0x1f	  x1:0xfffffbf2  x9=0x00000000
       19035000	      1902	80006a2c	03d0e263	bltu	x1,x29,80006a50	  x1:0xfffffbf2 x29:0x00000000
       19045000	      1903	80006a30	03e01463	bne	x0,x30,80006a58	  x0:0x00000000 x30:0x00001960
       19055000	      1904	00000000	00000013	addi	x0,x0,0	  x0:0x00000000
       19065000	      1905	80006a54	00000013	addi	x0,x0,0	  x0:0x00000000
       19075000	      1906	80006a58	01a45033	srl	x0,x8,x26	  x8:0x00000000 x26:0x00000000
       19085000	      1907	80006a5c	01d01533	sll	x10,x0,x29	  x0:0x00000000 x29:0x00000000 x10=0x00000000
       19095000	      1908	80006a60	8e72c193	xori	x3,x5,-1817	  x5:0x00000000  x3=0xfffff8e7
       19105000	      1909	80006a64	0253fc63	bgeu	x7,x5,80006a9c	  x7:0x80009afb  x5:0x00000000
       19115000	      1910	00000000	00000013	addi	x0,x0,0	  x0:0x00000000
       19125000	      1911	80006a98	00000013	addi	x0,x0,0	  x0:0x00000000
       19135000	      1912	80006a9c	0190d593	srli	x11,x1,0x19	  x1:0xfffffbf2 x11=0x0000007f
       19145000	      1913	80006aa0	0393de63	bge	x7,x25,80006adc	  x7:0x80009afb x25:0x00000000
       19155000	      1914	80006aa4	0401d663	bge	x3,x0,80006af0	  x3:0xfffff8e7  x0:0x00000000
       19165000	      1915	80006aa8	009996b3	sll	x13,x19,x9	 x19:0xfffffd79  x9:0x00000000 x13=0xfffffd79
       19175000	      1916	80006aac	011ecc63	blt	x29,x17,80006ac4	 x29:0x00000000 x17:0x00000000
       19185000	      1917	80006ab0	ed2e2237	lui	x4,0xed2e2	  x4=0xed2e2000
       19195000	      1918	80006ab4	83c2b013	sltiu	x0,x5,-1988	  x5:0x00000000
       19205000	      1919	80006ab8	3b4f8893	addi	x17,x31,948	 x31:0x00000000 x17=0x000003b4
       19215000	      1920	80006abc	00d50fb3	add	x31,x10,x13	 x10:0x00000000 x13:0xfffffd79 x31=0xfffffd79
       19225000	      1921	80006ac0	02e57263	bgeu	x10,x14,80006ae4	 x10:0x00000000 x14:0x00000000
       19235000	      1922	00000000	00000013	addi	x0,x0,0	  x0:0x00000000
       19245000	      1923	80006ae0	00000013	addi	x0,x0,0	  x0:0x00000000
       19255000	      1924	80006ae4	00a4f733	and	x14,x9,x10	  x9:0x00000000 x10:0x00000000 x14=0x00000000
       19265000	      1925	80006ae8	00b5b133	sltu	x2,x11,x11	 x11:0x0000007f x11:0x0000007f  x2=0x00000000
       19275000	      1926	80006aec	01678863	beq	x15,x22,80006afc	 x15:0x000005a4 x22:0x80009fc4
       19285000	      1927	80006af0	013e1333	sll	x6,x28,x19	 x28:0x00000000 x19:0xfffffd79  x6=0x00000000
       19295000	      1928	80006af4	01c41013	slli	x0,x8,0x1c	  x8:0x00000000
       19305000	      1929	80006af8	000b43b3	xor	x7,x22,x0	 x22:0x80009fc4  x0:0x00000000  x7=0x80009fc4
       19315000	      1930	80006afc	4044dc13	srai	x24,x9,0x4	  x9:0x00000000 x24=0x00000000
       19325000	      1931	80006b00	411b5193	srai	x3,x22,0x11	 x22:0x80009fc4  x3=0xffffc000
       19335000	      1932	80006b04	b9324493	xori	x9,x4,-1133	  x4:0xed2e2000  x9=0x12d1db93
       19345000	      1933	80006b08	416c5793	srai	x15,x24,0x16	 x24:0x00000000 x15=0x00000000
       19355000	      1934	80006b0c	3cf539b7	lui	x19,0x3cf53	 x19=0x3cf53000
       19365000	      1935	80006b10	01d02433	slt	x8,x0,x29	  x0:0x00000000 x29:0x00000000  x8=0x00000000
       19375000	      1936	80006b14	011865b3	or	x11,x16,x17	 x16:0x000007ff x17:0x000003b4 x11=0x000007ff
       19385000	      1937	80006b18	00831293	slli	x5,x6,0x8	  x6:0x00000000  x5=0x00000000
       19395000	      1938	80006b1c	41608ab3	sub	x21,x1,x22	  x1:0xfffffbf2 x22:0x80009fc4 x21=0x7fff5c2e
       19405000	      1939	80006b20	00fd9593	slli	x11,x27,0xf	 x27:0x89608000 x11=0x40000000
       19415000	      1940	80006b24	01dd5f33	srl	x30,x26,x29	 x26:0x00000000 x29:0x00000000 x30=0x00000000
       19425000	      1941	80006b28	00000013	addi	x0,x0,0	  x0:0x00000000
       19435000	      1942	80006b2c	407785b3	sub	x11,x15,x7	 x15:0x00000000  x7:0x80009fc4 x11=0x7fff603c
       19445000	      1943	80006b30	018d64b3	or	x9,x26,x24	 x26:0x00000000 x24:0x00000000  x9=0x00000000
       19455000	      1944	80006b34	00529393	slli	x7,x5,0x5	  x5:0x00000000  x7=0x00000000
       19465000	      1945	80006b38	5419db97	auipc	x23,0x5419d	 x23=0xd41a3b34
       19475000	      1946	80006b3c	c6c0fd37	lui	x26,0xc6c0f	 x26=0xc6c0f000
       19485000	      1947	80006b40	eaa77793	andi	x15,x14,-342	 x14:0x00000000 x15=0x00000000
       19495000	      1948	80006b44	4ca24297	auipc	x5,0x4ca24	  x5=0xcca2ab40
       19505000	      1949	80006b48	01391793	slli	x15,x18,0x13	 x18:0x86c11af4 x15=0xd7a00000
       19515000	      1950	80006b4c	05528063	beq	x5,x21,80006b8c	  x5:0xcca2ab40 x21:0x7fff5c2e
       19525000	      1951	80006b50	3b9ff513	andi	x10,x31,953	 x31:0xfffffd79 x10=0x00000139
       19535000	      1952	80006b54	ed5dfc93	andi	x25,x27,-299	 x27:0x89608000 x25=0x89608000
       19545000	      1953	80006b58	01215513	srli	x10,x2,0x12	  x2:0x00000000 x10=0x00000000
       19555000	      1954	80006b5c	4c487797	auipc	x15,0x4c487	 x15=0xcc48db58
       19565000	      1955	80006b60	025e8c63	beq	x29,x5,80006b98	 x29:0x00000000  x5:0xcca2ab40
       19575000	      1956	80006b64	00a76533	or	x10,x14,x10	 x14:0x00000000 x10:0x00000000 x10=0x00000000
       19585000	      1957	80006b68	40b45833	sra	x16,x8,x11	  x8:0x00000000 x11:0x7fff603c x16=0x00000000
       19595000	      1958	80006b6c	00000013	addi	x0,x0,0	  x0:0x00000000
       19605000	      1959	80006b70	01584ab3	xor	x21,x16,x21	 x16:0x00000000 x21:0x7fff5c2e x21=0x7fff5c2e
       19615000	      1960	80006b74	002c7463	bgeu	x24,x2,80006b7c	 x24:0x00000000  x2:0x00000000
       19625000	      1961	00000000	00000013	addi	x0,x0,0	  x0:0x00000000
       19635000	      1962	80006b78	00000013	addi	x0,x0,0	  x0:0x00000000
       19645000	      1963	80006b7c	01556833	or	x16,x10,x21	 x10:0x00000000 x21:0x7fff5c2e x16=0x7fff5c2e
       19655000	      1964	80006b80	01d2f863	bgeu	x5,x29,80006b90	  x5:0xcca2ab40 x29:0x00000000
       19665000	      1965	00000000	00000013	addi	x0,x0,0	  x0:0x00000000
       19675000	      1966	80006b8c	00000013	addi	x0,x0,0	  x0:0x00000000
       19685000	      1967	80006b90	34dca713	slti	x14,x25,845	 x25:0x89608000 x14=0x00000001
       19695000	      1968	80006b94	4163d8b3	sra	x17,x7,x22	  x7:0x00000000 x22:0x80009fc4 x17=0x00000000
       19705000	      1969	80006b98	01ba8db3	add	x27,x21,x27	 x21:0x7fff5c2e x27:0x89608000 x27=0x095fdc2e
       19715000	      1970	80006b9c	00462303	lw	x6,4(x12)	 x12:0x80009f48  x6=0x80001f48 PA:0x80009f4c
       19725000	      1971	80006ba0	cbf18c97	auipc	x25,0xcbf18	 x25=0x4bf1eb9c
       19735000	      1972	80006ba4	03c60613	addi	x12,x12,60	 x12:0x80009f48 x12=0x80009f84
       19745000	      1973	80006ba8	0141c3b3	xor	x7,x3,x20	  x3:0xffffc000 x20:0x7fff6019  x7=0x8000a019
       19755000	      1974	80006bac	001905b3	add	x11,x18,x1	 x18:0x86c11af4  x1:0xfffffbf2 x11=0x86c116e6
       19765000	      1975	80006bb0	00130213	addi	x4,x6,1	  x6:0x80001f48  x4=0x80001f49
       19775000	      1976	80006bb4	00020267	jalr	x4,x4,0	  x4:0x80001f49  x4=0x80006bb4
       19785000	      1977	00000000	00000013	addi	x0,x0,0	  x0:0x00000000
       19795000	      1978	80001f48	00000013	addi	x0,x0,0	  x0:0x00000000
       19805000	      1979	80001f4c	41378233	sub	x4,x15,x19	 x15:0xcc48db58 x19:0x3cf53000  x4=0x8f53ab58
       19815000	      1980	80001f50	07874b93	xori	x23,x14,120	 x14:0x00000001 x23=0x00000079
       19825000	      1981	80001f54	566c6c93	ori	x25,x24,1382	 x24:0x00000000 x25=0x00000566
       19835000	      1982	80001f58	416bdf13	srai	x30,x23,0x16	 x23:0x00000079 x30=0x00000000
       19845000	      1983	80001f5c	1acc8313	addi	x6,x25,428	 x25:0x00000566  x6=0x00000712
       19855000	      1984	80001f60	0181bdb3	sltu	x27,x3,x24	  x3:0xffffc000 x24:0x00000000 x27=0x00000000
       19865000	      1985	80001f64	046b0863	beq	x22,x6,80001fb4	 x22:0x80009fc4  x6:0x00000712
       19875000	      1986	80001f68	010fb6b3	sltu	x13,x31,x16	 x31:0xfffffd79 x16:0x7fff5c2e x13=0x00000000
       19885000	      1987	80001f6c	00315513	srli	x10,x2,0x3	  x2:0x00000000 x10=0x00000000
       19895000	      1988	80001f70	009f5113	srli	x2,x30,0x9	 x30:0x00000000  x2=0x00000000
       19905000	      1989	80001f74	418b0033	sub	x0,x22,x24	 x22:0x80009fc4 x24:0x00000000
       19915000	      1990	80001f78	4bcf75b7	lui	x11,0x4bcf7	 x11=0x4bcf7000
       19925000	      1991	80001f7c	b5ab8237	lui	x4,0xb5ab8	  x4=0xb5ab8000
       19935000	      1992	80001f80	003e1263	bne	x28,x3,80001f84	 x28:0x00000000  x3:0xffffc000
       19945000	      1993	00000000	00000013	addi	x0,x0,0	  x0:0x00000000
       19955000	      1994	80001f80	00000013	addi	x0,x0,0	  x0:0x00000000
       19965000	      1995	80001f84	00000013	addi	x0,x0,0	  x0:0x00000000
       19975000	      1996	80001f88	40e45c33	sra	x24,x8,x14	  x8:0x00000000 x14:0x00000001 x24=0x00000000
       19985000	      1997	80001f8c	01c2d663	bge	x5,x28,80001f98	  x5:0xcca2ab40 x28:0x00000000
       19995000	      1998	80001f90	fae37f13	andi	x30,x6,-82	  x6:0x00000712 x30=0x00000702
       20005000	      1999	80001f94	0011c663	blt	x3,x1,80001fa0	  x3:0xffffc000  x1:0xfffffbf2
       20015000	      2000	00000000	00000013	addi	x0,x0,0	  x0:0x00000000
       20025000	      2001	80001f9c	00000013	addi	x0,x0,0	  x0:0x00000000
       20035000	      2002	80001fa0	0021acb3	slt	x25,x3,x2	  x3:0xffffc000  x2:0x00000000 x25=0x00000001
       20045000	      2003	80001fa4	01245263	bge	x8,x18,80001fa8	  x8:0x00000000 x18:0x86c11af4
       20055000	      2004	00000000	00000013	addi	x0,x0,0	  x0:0x00000000
       20065000	      2005	80001fa4	00000013	addi	x0,x0,0	  x0:0x00000000
       20075000	      2006	80001fa8	f4f78893	addi	x17,x15,-177	 x15:0xcc48db58 x17=0xcc48daa7
       20085000	      2007	80001fac	5a207013	andi	x0,x0,1442	  x0:0x00000000
       20095000	      2008	80001fb0	00000013	addi	x0,x0,0	  x0:0x00000000
       20105000	      2009	80001fb4	d2505417	auipc	x8,0xd2505	  x8=0x52506fb0
       20115000	      2010	80001fb8	41498fb3	sub	x31,x19,x20	 x19:0x3cf53000 x20:0x7fff6019 x31=0xbcf5cfe7
       20125000	      2011	80001fbc	03927c63	bgeu	x4,x25,80001ff4	  x4:0xb5ab8000 x25:0x00000001
       20135000	      2012	00000000	00000013	addi	x0,x0,0	  x0:0x00000000
       20145000	      2013	80001ff0	00000013	addi	x0,x0,0	  x0:0x00000000
       20155000	      2014	80001ff4	00188233	add	x4,x17,x1	 x17:0xcc48daa7  x1:0xfffffbf2  x4=0xcc48d699
       20165000	      2015	80001ff8	4191d113	srai	x2,x3,0x19	  x3:0xffffc000  x2=0xffffffff
       20175000	      2016	80001ffc	03b4ec63	bltu	x9,x27,80002034	  x9:0x00000000 x27:0x00000000
       20185000	      2017	80002000	dba54513	xori	x10,x10,-582	 x10:0x00000000 x10=0xfffffdba
       20195000	      2018	80002004	00000013	addi	x0,x0,0	  x0:0x00000000
       20205000	      2019	80002008	7f99b793	sltiu	x15,x19,2041	 x19:0x3cf53000 x15=0x00000000
       20215000	      2020	8000200c	01005a93	srli	x21,x0,0x10	  x0:0x00000000 x21=0x00000000
       20225000	      2021	80002010	00000013	addi	x0,x0,0	  x0:0x00000000
       20235000	      2022	80002014	01fd14b3	sll	x9,x26,x31	 x26:0xc6c0f000 x31:0xbcf5cfe7  x9=0x60780000
       20245000	      2023	80002018	02a16793	ori	x15,x2,42	  x2:0xffffffff x15=0xffffffff
       20255000	      2024	8000201c	010e4463	blt	x28,x16,80002024	 x28:0x00000000 x16:0x7fff5c2e
       20265000	      2025	00000000	00000013	addi	x0,x0,0	  x0:0x00000000
       20275000	      2026	80002020	00000013	addi	x0,x0,0	  x0:0x00000000
       20285000	      2027	80002024	412bd593	srai	x11,x23,0x12	 x23:0x00000079 x11=0x00000000
       20295000	      2028	80002028	00612833	slt	x16,x2,x6	  x2:0xffffffff  x6:0x00000712 x16=0x00000001
       20305000	      2029	8000202c	05940263	beq	x8,x25,80002070	  x8:0x52506fb0 x25:0x00000001
       20315000	      2030	80002030	006e4cb3	xor	x25,x28,x6	 x28:0x00000000  x6:0x00000712 x25=0x00000712
       20325000	      2031	80002034	01abf8b3	and	x17,x23,x26	 x23:0x00000079 x26:0xc6c0f000 x17=0x00000000
       20335000	      2032	80002038	0102f033	and	x0,x5,x16	  x5:0xcca2ab40 x16:0x00000001
       20345000	      2033	8000203c	01299513	slli	x10,x19,0x12	 x19:0x3cf53000 x10=0xc0000000
       20355000	      2034	80002040	01a401b3	add	x3,x8,x26	  x8:0x52506fb0 x26:0xc6c0f000  x3=0x19115fb0
       20365000	      2035	80002044	b0dd8213	addi	x4,x27,-1267	 x27:0x00000000  x4=0xfffffb0d
       20375000	      2036	80002048	4319ac93	slti	x25,x19,1073	 x19:0x3cf53000 x25=0x00000000
       20385000	      2037	8000204c	00b1d663	bge	x3,x11,80002058	  x3:0x19115fb0 x11:0x00000000
       20395000	      2038	00000000	00000013	addi	x0,x0,0	  x0:0x00000000
       20405000	      2039	80002054	00000013	addi	x0,x0,0	  x0:0x00000000
       20415000	      2040	80002058	00629833	sll	x16,x5,x6	  x5:0xcca2ab40  x6:0x00000712 x16=0xad000000
       20425000	      2041	8000205c	7241c393	xori	x7,x3,1828	  x3:0x19115fb0  x7=0x19115894
       20435000	      2042	80002060	02d61e63	bne	x12,x13,8000209c	 x12:0x80009f84 x13:0x00000000
       20445000	      2043	00000000	00000013	addi	x0,x0,0	  x0:0x00000000
       20455000	      2044	80002098	00000013	addi	x0,x0,0	  x0:0x00000000
       20465000	      2045	8000209c	e0b5aa13	slti	x20,x11,-501	 x11:0x00000000 x20=0x00000000
       20475000	      2046	800020a0	03155e63	bge	x10,x17,800020dc	 x10:0xc0000000 x17:0x00000000
       20485000	      2047	800020a4	002f8c63	beq	x31,x2,800020bc	 x31:0xbcf5cfe7  x2:0xffffffff
       20495000	      2048	800020a8	01494263	blt	x18,x20,800020ac	 x18:0x86c11af4 x20:0x00000000
       20505000	      2049	00000000	00000013	addi	x0,x0,0	  x0:0x00000000
       20515000	      2050	800020a8	00000013	addi	x0,x0,0	  x0:0x00000000
       20525000	      2051	800020ac	0313d663	bge	x7,x17,800020d8	  x7:0x19115894 x17:0x00000000
       20535000	      2052	00000000	00000013	addi	x0,x0,0	  x0:0x00000000
       20545000	      2053	800020d4	00000013	addi	x0,x0,0	  x0:0x00000000
       20555000	      2054	800020d8	00c26d33	or	x26,x4,x12	  x4:0xfffffb0d x12:0x80009f84 x26=0xffffff8d
       20565000	      2055	800020dc	0544c863	blt	x9,x20,8000212c	  x9:0x60780000 x20:0x00000000
       20575000	      2056	800020e0	0060fa33	and	x20,x1,x6	  x1:0xfffffbf2  x6:0x00000712 x20=0x00000312
       20585000	      2057	800020e4	02f38e63	beq	x7,x15,80002120	  x7:0x19115894 x15:0xffffffff
       20595000	      2058	800020e8	00f8a533	slt	x10,x17,x15	 x17:0x00000000 x15:0xffffffff x10=0x00000000
       20605000	      2059	800020ec	40a909b3	sub	x19,x18,x10	 x18:0x86c11af4 x10:0x00000000 x19=0x86c11af4
       20615000	      2060	800020f0	0196c463	blt	x13,x25,800020f8	 x13:0x00000000 x25:0x00000000
       20625000	      2061	800020f4	06797417	auipc	x8,0x6797	  x8=0x867990f0
       20635000	      2062	800020f8	d25c4013	xori	x0,x24,-731	 x24:0x00000000
       20645000	      2063	800020fc	88748b97	auipc	x23,0x88748	 x23=0x0874a0f8
       20655000	      2064	80002100	05807f93	andi	x31,x0,88	  x0:0x00000000 x31=0x00000000
       20665000	      2065	80002104	336b0813	addi	x16,x22,822	 x22:0x80009fc4 x16=0x8000a2fa
       20675000	      2066	80002108	81c38117	auipc	x2,0x81c38	  x2=0x01c3a104
       20685000	      2067	8000210c	40dad313	srai	x6,x21,0xd	 x21:0x00000000  x6=0x00000000
       20695000	      2068	80002110	a5833013	sltiu	x0,x6,-1448	  x6:0x00000000
       20705000	      2069	80002114	0199ddb3	srl	x27,x19,x25	 x19:0x86c11af4 x25:0x00000000 x27=0x86c11af4
       20715000	      2070	80002118	007ad113	srli	x2,x21,0x7	 x21:0x00000000  x2=0x00000000
       20725000	      2071	8000211c	00abf663	bgeu	x23,x10,80002128	 x23:0x0874a0f8 x10:0x00000000
       20735000	      2072	00000000	00000013	addi	x0,x0,0	  x0:0x00000000
       20745000	      2073	80002124	00000013	addi	x0,x0,0	  x0:0x00000000
       20755000	      2074	80002128	003edc63	bge	x29,x3,80002140	 x29:0x00000000  x3:0x19115fb0
       20765000	      2075	8000212c	01c5f9b3	and	x19,x11,x28	 x11:0x00000000 x28:0x00000000 x19=0x00000000
       20775000	      2076	80002130	00121293	slli	x5,x4,0x1	  x4:0xfffffb0d  x5=0xfffff61a
       20785000	      2077	80002134	003fee33	or	x28,x31,x3	 x31:0x00000000  x3:0x19115fb0 x28=0x19115fb0
       20795000	      2078	80002138	52835037	lui	x0,0x52835	
       20805000	      2079	8000213c	4454fb93	andi	x23,x9,1093	  x9:0x60780000 x23=0x00000000
       20815000	      2080	80002140	02874863	blt	x14,x8,80002170	 x14:0x00000001  x8:0x867990f0
       20825000	      2081	80002144	011c0663	beq	x24,x17,80002150	 x24:0x00000000 x17:0x00000000
       20835000	      2082	00000000	00000013	addi	x0,x0,0	  x0:0x00000000
       20845000	      2083	8000214c	00000013	addi	x0,x0,0	  x0:0x00000000
       20855000	      2084	80002150	f4813c97	auipc	x25,0xf4813	 x25=0x7481514c
       20865000	      2085	80002154	00b6b033	sltu	x0,x13,x11	 x13:0x00000000 x11:0x00000000
       20875000	      2086	80002158	00000013	addi	x0,x0,0	  x0:0x00000000
       20885000	      2087	8000215c	b4902993	slti	x19,x0,-1207	  x0:0x00000000 x19=0x00000000
       20895000	      2088	80002160	01eea133	slt	x2,x29,x30	 x29:0x00000000 x30:0x00000702  x2=0x00000001
       20905000	      2089	80002164	c1803393	sltiu	x7,x0,-1000	  x0:0x00000000  x7=0x00000001
       20915000	      2090	80002168	0122f533	and	x10,x5,x18	  x5:0xfffff61a x18:0x86c11af4 x10=0x86c11210
       20925000	      2091	8000216c	d9824393	xori	x7,x4,-616	  x4:0xfffffb0d  x7=0x00000695
       20935000	      2092	80002170	4048dbb3	sra	x23,x17,x4	 x17:0x00000000  x4:0xfffffb0d x23=0x00000000
       20945000	      2093	80002174	ff853213	sltiu	x4,x10,-8	 x10:0x86c11210  x4=0x00000001
       20955000	      2094	80002178	007f0033	add	x0,x30,x7	 x30:0x00000702  x7:0x00000695
       20965000	      2095	8000217c	01ad5033	srl	x0,x26,x26	 x26:0xffffff8d x26:0xffffff8d
       20975000	      2096	80002180	417f5d13	srai	x26,x30,0x17	 x30:0x00000702 x26=0x00000000
       20985000	      2097	80002184	d1e53c17	auipc	x24,0xd1e53	 x24=0x51e55180
       20995000	      2098	80002188	c4539437	lui	x8,0xc4539	  x8=0xc4539000
       21005000	      2099	8000218c	01e14c33	xor	x24,x2,x30	  x2:0x00000001 x30:0x00000702 x24=0x00000703
       21015000	      2100	80002190	40e4d133	sra	x2,x9,x14	  x9:0x60780000 x14:0x00000001  x2=0x303c0000
       21025000	      2101	80002194	018317b3	sll	x15,x6,x24	  x6:0x00000000 x24:0x00000703 x15=0x00000000
       21035000	      2102	80002198	00d1bcb3	sltu	x25,x3,x13	  x3:0x19115fb0 x13:0x00000000 x25=0x00000000
       21045000	      2103	8000219c	0054fe33	and	x28,x9,x5	  x9:0x60780000  x5:0xfffff61a x28=0x60780000
       21055000	      2104	800021a0	01f05eb3	srl	x29,x0,x31	  x0:0x00000000 x31:0x00000000 x29=0x00000000
       21065000	      2105	800021a4	bf4e3b93	sltiu	x23,x28,-1036	 x28:0x60780000 x23=0x00000001
       21075000	      2106	800021a8	04f50263	beq	x10,x15,800021ec	 x10:0x86c11210 x15:0x00000000
       21085000	      2107	800021ac	008d7663	bgeu	x26,x8,800021b8	 x26:0x00000000  x8:0xc4539000
       21095000	      2108	800021b0	a1596e13	ori	x28,x18,-1515	 x18:0x86c11af4 x28=0xfffffaf5
       21105000	      2109	800021b4	014da833	slt	x16,x27,x20	 x27:0x86c11af4 x20:0x00000312 x16=0x00000001
       21115000	      2110	800021b8	00000013	addi	x0,x0,0	  x0:0x00000000
       21125000	      2111	800021bc	00ce53b3	srl	x7,x28,x12	 x28:0xfffffaf5 x12:0x80009f84  x7=0x0fffffaf
       21135000	      2112	800021c0	a3702737	lui	x14,0xa3702	 x14=0xa3702000
       21145000	      2113	800021c4	c7f23893	sltiu	x17,x4,-897	  x4:0x00000001 x17=0x00000001
       21155000	      2114	800021c8	00000013	addi	x0,x0,0	  x0:0x00000000
       21165000	      2115	800021cc	00000013	addi	x0,x0,0	  x0:0x00000000
       21175000	      2116	800021d0	01f998b3	sll	x17,x19,x31	 x19:0x00000000 x31:0x00000000 x17=0x00000000
       21185000	      2117	800021d4	01a34db3	xor	x27,x6,x26	  x6:0x00000000 x26:0x00000000 x27=0x00000000
       21195000	      2118	800021d8	01728a63	beq	x5,x23,800021ec	  x5:0xfffff61a x23:0x00000001
       21205000	      2119	800021dc	00a096b3	sll	x13,x1,x10	  x1:0xfffffbf2 x10:0x86c11210 x13=0xfbf20000
       21215000	      2120	800021e0	005a23b3	slt	x7,x20,x5	 x20:0x00000312  x5:0xfffff61a  x7=0x00000000
       21225000	      2121	800021e4	41f20033	sub	x0,x4,x31	  x4:0x00000001 x31:0x00000000
       21235000	      2122	800021e8	00d79233	sll	x4,x15,x13	 x15:0x00000000 x13:0xfbf20000  x4=0x00000000
       21245000	      2123	800021ec	6bbf0e13	addi	x28,x30,1723	 x30:0x00000702 x28=0x00000dbd
       21255000	      2124	800021f0	4048dbb3	sra	x23,x17,x4	 x17:0x00000000  x4:0x00000000 x23=0x00000000
       21265000	      2125	800021f4	0074f263	bgeu	x9,x7,800021f8	  x9:0x60780000  x7:0x00000000
       21275000	      2126	00000000	00000013	addi	x0,x0,0	  x0:0x00000000
       21285000	      2127	800021f4	00000013	addi	x0,x0,0	  x0:0x00000000
       21295000	      2128	800021f8	009209b3	add	x19,x4,x9	  x4:0x00000000  x9:0x60780000 x19=0x60780000
       21305000	      2129	800021fc	01181593	slli	x11,x16,0x11	 x16:0x00000001 x11=0x00020000
       21315000	      2130	80002200	01d05993	srli	x19,x0,0x1d	  x0:0x00000000 x19=0x00000000
       21325000	      2131	80002204	4c16c313	xori	x6,x13,1217	 x13:0xfbf20000  x6=0xfbf204c1
       21335000	      2132	80002208	01ba0d33	add	x26,x20,x27	 x20:0x00000312 x27:0x00000000 x26=0x00000312
       21345000	      2133	8000220c	5ec8c493	xori	x9,x17,1516	 x17:0x00000000  x9=0x000005ec
       21355000	      2134	80002210	acb83e93	sltiu	x29,x16,-1333	 x16:0x00000001 x29=0x00000001
       21365000	      2135	80002214	0096e4b3	or	x9,x13,x9	 x13:0xfbf20000  x9:0x000005ec  x9=0xfbf205ec
       21375000	      2136	80002218	009be2b3	or	x5,x23,x9	 x23:0x00000000  x9:0xfbf205ec  x5=0xfbf205ec
       21385000	      2137	8000221c	01fa0263	beq	x20,x31,80002220	 x20:0x00000312 x31:0x00000000
       21395000	      2138	80002220	00b15593	srli	x11,x2,0xb	  x2:0x303c0000 x11=0x00060780
       21405000	      2139	80002224	419bdfb3	sra	x31,x23,x25	 x23:0x00000000 x25:0x00000000 x31=0x00000000
       21415000	      2140	80002228	40ee0433	sub	x8,x28,x14	 x28:0x00000dbd x14:0xa3702000  x8=0x5c8fedbd
       21425000	      2141	8000222c	00000013	addi	x0,x0,0	  x0:0x00000000
       21435000	      2142	80002230	fae8ee17	auipc	x28,0xfae8e	 x28=0x7ae9022c
       21445000	      2143	80002234	004503b3	add	x7,x10,x4	 x10:0x86c11210  x4:0x00000000  x7=0x86c11210
       21455000	      2144	80002238	008e4e63	blt	x28,x8,80002254	 x28:0x7ae9022c  x8:0x5c8fedbd
       21465000	      2145	8000223c	41b45a93	srai	x21,x8,0x1b	  x8:0x5c8fedbd x21=0x0000000b
       21475000	      2146	80002240	013e13b3	sll	x7,x28,x19	 x28:0x7ae9022c x19:0x00000000  x7=0x7ae9022c
       21485000	      2147	80002244	86f93a97	auipc	x21,0x86f93	 x21=0x06f95240
       21495000	      2148	80002248	01d4de63	bge	x9,x29,80002264	  x9:0xfbf205ec x29:0x00000001
       21505000	      2149	8000224c	286aea13	ori	x20,x21,646	 x21:0x06f95240 x20=0x06f952c6
       21515000	      2150	80002250	009584b3	add	x9,x11,x9	 x11:0x00060780  x9:0xfbf205ec  x9=0xfbf80d6c
       21525000	      2151	80002254	4151d813	srai	x16,x3,0x15	  x3:0x19115fb0 x16=0x000000c8
       21535000	      2152	80002258	e450f693	andi	x13,x1,-443	  x1:0xfffffbf2 x13=0xfffffa40
       21545000	      2153	8000225c	22d4f993	andi	x19,x9,557	  x9:0xfbf80d6c x19=0x0000002c
       21555000	      2154	80002260	01992cb3	slt	x25,x18,x25	 x18:0x86c11af4 x25:0x00000000 x25=0x00000001
       21565000	      2155	80002264	59e62393	slti	x7,x12,1438	 x12:0x80009f84  x7=0x00000001
       21575000	      2156	80002268	009c6533	or	x10,x24,x9	 x24:0x00000703  x9:0xfbf80d6c x10=0xfbf80f6f
       21585000	      2157	8000226c	016d9a13	slli	x20,x27,0x16	 x27:0x00000000 x20=0x00000000
       21595000	      2158	80002270	028e6e63	bltu	x28,x8,800022ac	 x28:0x7ae9022c  x8:0x5c8fedbd
       21605000	      2159	80002274	015386b3	add	x13,x7,x21	  x7:0x00000001 x21:0x06f95240 x13=0x06f95241
       21615000	      2160	80002278	aff10c93	addi	x25,x2,-1281	  x2:0x303c0000 x25=0x303bfaff
       21625000	      2161	8000227c	00000013	addi	x0,x0,0	  x0:0x00000000
       21635000	      2162	80002280	00179013	slli	x0,x15,0x1	 x15:0x00000000
       21645000	      2163	80002284	d3bbe493	ori	x9,x23,-709	 x23:0x00000000  x9=0xfffffd3b
       21655000	      2164	80002288	70948f93	addi	x31,x9,1801	  x9:0xfffffd3b x31=0x00000444
       21665000	      2165	8000228c	56143513	sltiu	x10,x8,1377	  x8:0x5c8fedbd x10=0x00000000
       21675000	      2166	80002290	007d35b3	sltu	x11,x26,x7	 x26:0x00000312  x7:0x00000001 x11=0x00000000
       21685000	      2167	80002294	ac470593	addi	x11,x14,-1340	 x14:0xa3702000 x11=0xa3701ac4
       21695000	      2168	80002298	0021ceb3	xor	x29,x3,x2	  x3:0x19115fb0  x2:0x303c0000 x29=0x292d5fb0
       21705000	      2169	8000229c	8011a597	auipc	x11,0x8011a	 x11=0x0011c298
       21715000	      2170	800022a0	01711693	slli	x13,x2,0x17	  x2:0x303c0000 x13=0x00000000
       21725000	      2171	800022a4	ea9f4093	xori	x1,x30,-343	 x30:0x00000702  x1=0xfffff9ab
       21735000	      2172	800022a8	40b2d433	sra	x8,x5,x11	  x5:0xfbf205ec x11:0x0011c298  x8=0xfffffffb
       21745000	      2173	800022ac	a08f0bb7	lui	x23,0xa08f0	 x23=0xa08f0000
       21755000	      2174	800022b0	86dbac17	auipc	x24,0x86dba	 x24=0x06dbc2ac
       21765000	      2175	800022b4	0157cc63	blt	x15,x21,800022cc	 x15:0x00000000 x21:0x06f95240
       21775000	      2176	00000000	00000013	addi	x0,x0,0	  x0:0x00000000
       21785000	      2177	800022c8	00000013	addi	x0,x0,0	  x0:0x00000000
       21795000	      2178	800022cc	41eb06b3	sub	x13,x22,x30	 x22:0x80009fc4 x30:0x00000702 x13=0x800098c2
       21805000	      2179	800022d0	3cc30193	addi	x3,x6,972	  x6:0xfbf204c1  x3=0xfbf2088d
       21815000	      2180	800022d4	002c7533	and	x10,x24,x2	 x24:0x06dbc2ac  x2:0x303c0000 x10=0x00180000
       21825000	      2181	800022d8	01a3e133	or	x2,x7,x26	  x7:0x00000001 x26:0x00000312  x2=0x00000313
       21835000	      2182	800022dc	47096db7	lui	x27,0x47096	 x27=0x47096000
       21845000	      2183	800022e0	1c0c0493	addi	x9,x24,448	 x24:0x06dbc2ac  x9=0x06dbc46c
       21855000	      2184	800022e4	0191c663	blt	x3,x25,800022f0	  x3:0xfbf2088d x25:0x303bfaff
       21865000	      2185	00000000	00000013	addi	x0,x0,0	  x0:0x00000000
       21875000	      2186	800022ec	00000013	addi	x0,x0,0	  x0:0x00000000
       21885000	      2187	800022f0	01616333	or	x6,x2,x22	  x2:0x00000313 x22:0x80009fc4  x6=0x80009fd7
       21895000	      2188	800022f4	01f84863	blt	x16,x31,80002304	 x16:0x000000c8 x31:0x00000444
       21905000	      2189	00000000	00000013	addi	x0,x0,0	  x0:0x00000000
       21915000	      2190	80002300	00000013	addi	x0,x0,0	  x0:0x00000000
       21925000	      2191	80002304	00a49513	slli	x10,x9,0xa	  x9:0x06dbc46c x10=0x6f11b000
       21935000	      2192	80002308	0169ad33	slt	x26,x19,x22	 x19:0x0000002c x22:0x80009fc4 x26=0x00000000
       21945000	      2193	8000230c	40960a33	sub	x20,x12,x9	 x12:0x80009f84  x9:0x06dbc46c x20=0x7924db18
       21955000	      2194	80002310	40dbd7b3	sra	x15,x23,x13	 x23:0xa08f0000 x13:0x800098c2 x15=0xe823c000
       21965000	      2195	80002314	40b98bb3	sub	x23,x19,x11	 x19:0x0000002c x11:0x0011c298 x23=0xffee3d94
       21975000	      2196	80002318	01f53a33	sltu	x20,x10,x31	 x10:0x6f11b000 x31:0x00000444 x20=0x00000000
       21985000	      2197	8000231c	00fa1d33	sll	x26,x20,x15	 x20:0x00000000 x15:0xe823c000 x26=0x00000000
       21995000	      2198	80002320	69bd0193	addi	x3,x26,1691	 x26:0x00000000  x3=0x0000069b
       22005000	      2199	80002324	01009413	slli	x8,x1,0x10	  x1:0xfffff9ab  x8=0xf9ab0000
       22015000	      2200	80002328	c0faa793	slti	x15,x21,-1009	 x21:0x06f95240 x15=0x00000000
       22025000	      2201	8000232c	01e42133	slt	x2,x8,x30	  x8:0xf9ab0000 x30:0x00000702  x2=0x00000001
       22035000	      2202	80002330	00855033	srl	x0,x10,x8	 x10:0x6f11b000  x8:0xf9ab0000
       22045000	      2203	80002334	033a8663	beq	x21,x19,80002360	 x21:0x06f95240 x19:0x0000002c
       22055000	      2204	80002338	0079d263	bge	x19,x7,8000233c	 x19:0x0000002c  x7:0x00000001
       22065000	      2205	00000000	00000013	addi	x0,x0,0	  x0:0x00000000
       22075000	      2206	80002338	00000013	addi	x0,x0,0	  x0:0x00000000
       22085000	      2207	8000233c	486f6893	ori	x17,x30,1158	 x30:0x00000702 x17=0x00000786
       22095000	      2208	80002340	f930a993	slti	x19,x1,-109	  x1:0xfffff9ab x19=0x00000001
       22105000	      2209	80002344	01fbd213	srli	x4,x23,0x1f	 x23:0xffee3d94  x4=0x00000001
       22115000	      2210	80002348	005f9533	sll	x10,x31,x5	 x31:0x00000444  x5:0xfbf205ec x10=0x00444000
       22125000	      2211	8000234c	00c43733	sltu	x14,x8,x12	  x8:0xf9ab0000 x12:0x80009f84 x14=0x00000000
       22135000	      2212	80002350	018e1f33	sll	x30,x28,x24	 x28:0x7ae9022c x24:0x06dbc2ac x30=0x9022c000
       22145000	      2213	80002354	1f437837	lui	x16,0x1f437	 x16=0x1f437000
       22155000	      2214	80002358	90914513	xori	x10,x2,-1783	  x2:0x00000001 x10=0xfffff908
       22165000	      2215	8000235c	01de0533	add	x10,x28,x29	 x28:0x7ae9022c x29:0x292d5fb0 x10=0xa41661dc
       22175000	      2216	80002360	00275793	srli	x15,x14,0x2	 x14:0x00000000 x15=0x00000000
       22185000	      2217	80002364	00ac8a33	add	x20,x25,x10	 x25:0x303bfaff x10:0xa41661dc x20=0xd4525cdb
       22195000	      2218	80002368	2e358e13	addi	x28,x11,739	 x11:0x0011c298 x28=0x0011c57b
       22205000	      2219	8000236c	008e9263	bne	x29,x8,80002370	 x29:0x292d5fb0  x8:0xf9ab0000
       22215000	      2220	00000000	00000013	addi	x0,x0,0	  x0:0x00000000
       22225000	      2221	8000236c	00000013	addi	x0,x0,0	  x0:0x00000000
       22235000	      2222	80002370	b44e7113	andi	x2,x28,-1212	 x28:0x0011c57b  x2=0x0011c140
       22245000	      2223	80002374	010ed9b3	srl	x19,x29,x16	 x29:0x292d5fb0 x16:0x1f437000 x19=0x292d5fb0
       22255000	      2224	80002378	00000013	addi	x0,x0,0	  x0:0x00000000
       22265000	      2225	8000237c	005b91b3	sll	x3,x23,x5	 x23:0xffee3d94  x5:0xfbf205ec  x3=0xe3d94000
       22275000	      2226	80002380	b5080893	addi	x17,x16,-1200	 x16:0x1f437000 x17=0x1f436b50
       22285000	      2227	80002384	02bc7c63	bgeu	x24,x11,800023bc	 x24:0x06dbc2ac x11:0x0011c298
       22295000	      2228	00000000	00000013	addi	x0,x0,0	  x0:0x00000000
       22305000	      2229	800023b8	00000013	addi	x0,x0,0	  x0:0x00000000
       22315000	      2230	800023bc	008c1493	slli	x9,x24,0x8	 x24:0x06dbc2ac  x9=0xdbc2ac00
       22325000	      2231	800023c0	00000013	addi	x0,x0,0	  x0:0x00000000
       22335000	      2232	800023c4	fe2b0313	addi	x6,x22,-30	 x22:0x80009fc4  x6=0x80009fa6
       22345000	      2233	800023c8	828bc0b7	lui	x1,0x828bc	  x1=0x828bc000
       22355000	      2234	800023cc	1604c193	xori	x3,x9,352	  x9:0xdbc2ac00  x3=0xdbc2ad60
       22365000	      2235	800023d0	00acc833	xor	x16,x25,x10	 x25:0x303bfaff x10:0xa41661dc x16=0x942d9b23
       22375000	      2236	800023d4	03ced663	bge	x29,x28,80002400	 x29:0x292d5fb0 x28:0x0011c57b
       22385000	      2237	00000000	00000013	addi	x0,x0,0	  x0:0x00000000
       22395000	      2238	800023fc	00000013	addi	x0,x0,0	  x0:0x00000000
       22405000	      2239	80002400	032c4e63	blt	x24,x18,8000243c	 x24:0x06dbc2ac x18:0x86c11af4
       22415000	      2240	80002404	008c5eb3	srl	x29,x24,x8	 x24:0x06dbc2ac  x8:0xf9ab0000 x29=0x06dbc2ac
       22425000	      2241	80002408	e1fce493	ori	x9,x25,-481	 x25:0x303bfaff  x9=0xfffffeff
       22435000	      2242	8000240c	00618c63	beq	x3,x6,80002424	  x3:0xdbc2ad60  x6:0x80009fa6
       22445000	      2243	80002410	325c0d13	addi	x26,x24,805	 x24:0x06dbc2ac x26=0x06dbc5d1
       22455000	      2244	80002414	005ba733	slt	x14,x23,x5	 x23:0xffee3d94  x5:0xfbf205ec x14=0x00000000
       22465000	      2245	80002418	017bdbb3	srl	x23,x23,x23	 x23:0xffee3d94 x23:0xffee3d94 x23=0x00000ffe
       22475000	      2246	8000241c	007360b3	or	x1,x6,x7	  x6:0x80009fa6  x7:0x00000001  x1=0x80009fa7
       22485000	      2247	80002420	00953bb3	sltu	x23,x10,x9	 x10:0xa41661dc  x9:0xfffffeff x23=0x00000001
       22495000	      2248	80002424	c6ca2b93	slti	x23,x20,-916	 x20:0xd4525cdb x23=0x00000001
       22505000	      2249	80002428	0323c863	blt	x7,x18,80002458	  x7:0x00000001 x18:0x86c11af4
       22515000	      2250	8000242c	409bd2b3	sra	x5,x23,x9	 x23:0x00000001  x9:0xfffffeff  x5=0x00000000
       22525000	      2251	80002430	00ec51b3	srl	x3,x24,x14	 x24:0x06dbc2ac x14:0x00000000  x3=0x06dbc2ac
       22535000	      2252	80002434	0372cc63	blt	x5,x23,8000246c	  x5:0x00000000 x23:0x00000001
       22545000	      2253	00000000	00000013	addi	x0,x0,0	  x0:0x00000000
       22555000	      2254	80002468	00000013	addi	x0,x0,0	  x0:0x00000000
       22565000	      2255	8000246c	40a183b3	sub	x7,x3,x10	  x3:0x06dbc2ac x10:0xa41661dc  x7=0x62c560d0
       22575000	      2256	80002470	00291c33	sll	x24,x18,x2	 x18:0x86c11af4  x2:0x0011c140 x24=0x86c11af4
       22585000	      2257	80002474	000a03b3	add	x7,x20,x0	 x20:0xd4525cdb  x0:0x00000000  x7=0xd4525cdb
       22595000	      2258	80002478	01837663	bgeu	x6,x24,80002484	  x6:0x80009fa6 x24:0x86c11af4
       22605000	      2259	8000247c	9f964537	lui	x10,0x9f964	 x10=0x9f964000
       22615000	      2260	80002480	01d36c33	or	x24,x6,x29	  x6:0x80009fa6 x29:0x06dbc2ac x24=0x86dbdfae
       22625000	      2261	80002484	3d2b3397	auipc	x7,0x3d2b3	  x7=0xbd2b5480
       22635000	      2262	80002488	ebb35417	auipc	x8,0xebb35	  x8=0x6bb37484
       22645000	      2263	8000248c	082fb7b7	lui	x15,0x82fb	 x15=0x082fb000
       22655000	      2264	80002490	f8c14513	xori	x10,x2,-116	  x2:0x0011c140 x10=0xffee3ecc
       22665000	      2265	80002494	f5ce2db7	lui	x27,0xf5ce2	 x27=0xf5ce2000
       22675000	      2266	80002498	017bd9b3	srl	x19,x23,x23	 x23:0x00000001 x23:0x00000001 x19=0x00000000
       22685000	      2267	8000249c	a8b3ba13	sltiu	x20,x7,-1397	  x7:0xbd2b5480 x20=0x00000001
       22695000	      2268	800024a0	41c75033	sra	x0,x14,x28	 x14:0x00000000 x28:0x0011c57b
       22705000	      2269	800024a4	40e05033	sra	x0,x0,x14	  x0:0x00000000 x14:0x00000000
       22715000	      2270	800024a8	0228ec63	bltu	x17,x2,800024e0	 x17:0x1f436b50  x2:0x0011c140
       22725000	      2271	800024ac	02a55663	bge	x10,x10,800024d8	 x10:0xffee3ecc x10:0xffee3ecc
       22735000	      2272	00000000	00000013	addi	x0,x0,0	  x0:0x00000000
       22745000	      2273	800024d4	00000013	addi	x0,x0,0	  x0:0x00000000
       22755000	      2274	800024d8	005612b3	sll	x5,x12,x5	 x12:0x80009f84  x5:0x00000000  x5=0x80009f84
       22765000	      2275	800024dc	0044c433	xor	x8,x9,x4	  x9:0xfffffeff  x4:0x00000001  x8=0xfffffefe
       22775000	      2276	800024e0	0014efb3	or	x31,x9,x1	  x9:0xfffffeff  x1:0x80009fa7 x31=0xffffffff
       22785000	      2277	800024e4	0166e663	bltu	x13,x22,800024f0	 x13:0x800098c2 x22:0x80009fc4
       22795000	      2278	00000000	00000013	addi	x0,x0,0	  x0:0x00000000
       22805000	      2279	800024ec	00000013	addi	x0,x0,0	  x0:0x00000000
       22815000	      2280	800024f0	43c4f197	auipc	x3,0x43c4f	  x3=0xc3c514ec
       22825000	      2281	800024f4	0108c1b3	xor	x3,x17,x16	 x17:0x1f436b50 x16:0x942d9b23  x3=0x8b6ef073
       22835000	      2282	800024f8	017ff863	bgeu	x31,x23,80002508	 x31:0xffffffff x23:0x00000001
       22845000	      2283	00000000	00000013	addi	x0,x0,0	  x0:0x00000000
       22855000	      2284	80002504	00000013	addi	x0,x0,0	  x0:0x00000000
       22865000	      2285	80002508	0167ed33	or	x26,x15,x22	 x15:0x082fb000 x22:0x80009fc4 x26=0x882fbfc4
       22875000	      2286	8000250c	010ed493	srli	x9,x29,0x10	 x29:0x06dbc2ac  x9=0x000006db
       22885000	      2287	80002510	01d49a93	slli	x21,x9,0x1d	  x9:0x000006db x21=0x60000000
       22895000	      2288	80002514	00e15bb3	srl	x23,x2,x14	  x2:0x0011c140 x14:0x00000000 x23=0x0011c140
       22905000	      2289	80002518	008bfd33	and	x26,x23,x8	 x23:0x0011c140  x8:0xfffffefe x26=0x0011c040
       22915000	      2290	8000251c	01c59e63	bne	x11,x28,80002538	 x11:0x0011c298 x28:0x0011c57b
       22925000	      2291	00000000	00000013	addi	x0,x0,0	  x0:0x00000000
       22935000	      2292	80002534	00000013	addi	x0,x0,0	  x0:0x00000000
       22945000	      2293	80002538	012b03b3	add	x7,x22,x18	 x22:0x80009fc4 x18:0x86c11af4  x7=0x06c1bab8
       22955000	      2294	8000253c	0062d663	bge	x5,x6,80002548	  x5:0x80009f84  x6:0x80009fa6
       22965000	      2295	80002540	fac8c093	xori	x1,x17,-84	 x17:0x1f436b50  x1=0xe0bc94fc
       22975000	      2296	80002544	00000013	addi	x0,x0,0	  x0:0x00000000
       22985000	      2297	80002548	41a0d733	sra	x14,x1,x26	  x1:0xe0bc94fc x26:0x0011c040 x14=0xe0bc94fc
       22995000	      2298	8000254c	400682b3	sub	x5,x13,x0	 x13:0x800098c2  x0:0x00000000  x5=0x800098c2
       23005000	      2299	80002550	01252733	slt	x14,x10,x18	 x10:0xffee3ecc x18:0x86c11af4 x14=0x00000000
       23015000	      2300	80002554	0186e5b3	or	x11,x13,x24	 x13:0x800098c2 x24:0x86dbdfae x11=0x86dbdfee
       23025000	      2301	80002558	00000013	addi	x0,x0,0	  x0:0x00000000
       23035000	      2302	8000255c	4580b013	sltiu	x0,x1,1112	  x1:0xe0bc94fc
       23045000	      2303	80002560	04eb7263	bgeu	x22,x14,800025a4	 x22:0x80009fc4 x14:0x00000000
       23055000	      2304	00000000	00000013	addi	x0,x0,0	  x0:0x00000000
       23065000	      2305	800025a0	00000013	addi	x0,x0,0	  x0:0x00000000
       23075000	      2306	800025a4	00dd6033	or	x0,x26,x13	 x26:0x0011c040 x13:0x800098c2
       23085000	      2307	800025a8	3a9e4513	xori	x10,x28,937	 x28:0x0011c57b x10=0x0011c6d2
       23095000	      2308	800025ac	0209ee63	bltu	x19,x0,800025e8	 x19:0x00000000  x0:0x00000000
       23105000	      2309	800025b0	00e30263	beq	x6,x14,800025b4	  x6:0x80009fa6 x14:0x00000000
       23115000	      2310	800025b4	40798fb3	sub	x31,x19,x7	 x19:0x00000000  x7:0x06c1bab8 x31=0xf93e4548
       23125000	      2311	800025b8	41e589b3	sub	x19,x11,x30	 x11:0x86dbdfee x30:0x9022c000 x19=0xf6b91fee
       23135000	      2312	800025bc	cbdbac93	slti	x25,x23,-835	 x23:0x0011c140 x25=0x00000000
       23145000	      2313	800025c0	03e5ec63	bltu	x11,x30,800025f8	 x11:0x86dbdfee x30:0x9022c000
       23155000	      2314	00000000	00000013	addi	x0,x0,0	  x0:0x00000000
       23165000	      2315	800025f4	00000013	addi	x0,x0,0	  x0:0x00000000
       23175000	      2316	800025f8	411085b3	sub	x11,x1,x17	  x1:0xe0bc94fc x17:0x1f436b50 x11=0xc17929ac
       23185000	      2317	800025fc	00fed133	srl	x2,x29,x15	 x29:0x06dbc2ac x15:0x082fb000  x2=0x06dbc2ac
       23195000	      2318	80002600	0cd97063	bgeu	x18,x13,800026c0	 x18:0x86c11af4 x13:0x800098c2
       23205000	      2319	00000000	00000013	addi	x0,x0,0	  x0:0x00000000
       23215000	      2320	800026bc	00000013	addi	x0,x0,0	  x0:0x00000000
       23225000	      2321	800026c0	00000013	addi	x0,x0,0	  x0:0x00000000
       23235000	      2322	800026c4	402d5e93	srai	x29,x26,0x2	 x26:0x0011c040 x29=0x00047010
       23245000	      2323	800026c8	002d6033	or	x0,x26,x2	 x26:0x0011c040  x2:0x06dbc2ac
       23255000	      2324	800026cc	40c186b3	sub	x13,x3,x12	  x3:0x8b6ef073 x12:0x80009f84 x13=0x0b6e50ef
       23265000	      2325	800026d0	0000d193	srli	x3,x1,0x0	  x1:0xe0bc94fc  x3=0xe0bc94fc
       23275000	      2326	800026d4	012649b3	xor	x19,x12,x18	 x12:0x80009f84 x18:0x86c11af4 x19=0x06c18570
       23285000	      2327	800026d8	01038663	beq	x7,x16,800026e4	  x7:0x06c1bab8 x16:0x942d9b23
       23295000	      2328	800026dc	41a1dd33	sra	x26,x3,x26	  x3:0xe0bc94fc x26:0x0011c040 x26=0xe0bc94fc
       23305000	      2329	800026e0	02be7313	andi	x6,x28,43	 x28:0x0011c57b  x6=0x0000002b
       23315000	      2330	800026e4	fbf9a313	slti	x6,x19,-65	 x19:0x06c18570  x6=0x00000000
       23325000	      2331	800026e8	00fa9393	slli	x7,x21,0xf	 x21:0x60000000  x7=0x00000000
       23335000	      2332	800026ec	e784c213	xori	x4,x9,-392	  x9:0x000006db  x4=0xfffff8a3
       23345000	      2333	800026f0	0003d263	bge	x7,x0,800026f4	  x7:0x00000000  x0:0x00000000
       23355000	      2334	00000000	00000013	addi	x0,x0,0	  x0:0x00000000
       23365000	      2335	800026f0	00000013	addi	x0,x0,0	  x0:0x00000000
       23375000	      2336	800026f4	009c4cb3	xor	x25,x24,x9	 x24:0x86dbdfae  x9:0x000006db x25=0x86dbd975
       23385000	      2337	800026f8	01565f33	srl	x30,x12,x21	 x12:0x80009f84 x21:0x60000000 x30=0x80009f84
       23395000	      2338	800026fc	05114d93	xori	x27,x2,81	  x2:0x06dbc2ac x27=0x06dbc2fd
       23405000	      2339	80002700	900ff017	auipc	x0,0x900ff	
       23415000	      2340	80002704	ad650393	addi	x7,x10,-1322	 x10:0x0011c6d2  x7=0x0011c1a8
       23425000	      2341	80002708	31ed6193	ori	x3,x26,798	 x26:0xe0bc94fc  x3=0xe0bc97fe
       23435000	      2342	8000270c	9370f513	andi	x10,x1,-1737	  x1:0xe0bc94fc x10=0xe0bc9034
       23445000	      2343	80002710	00fd97b3	sll	x15,x27,x15	 x27:0x06dbc2fd x15:0x082fb000 x15=0x06dbc2fd
       23455000	      2344	80002714	cfd9aa13	slti	x20,x19,-771	 x19:0x06c18570 x20=0x00000000
       23465000	      2345	80002718	41455113	srai	x2,x10,0x14	 x10:0xe0bc9034  x2=0xfffffe0b
       23475000	      2346	8000271c	92e2f437	lui	x8,0x92e2f	  x8=0x92e2f000
       23485000	      2347	80002720	60aac393	xori	x7,x21,1546	 x21:0x60000000  x7=0x6000060a
       23495000	      2348	80002724	4022d313	srai	x6,x5,0x2	  x5:0x800098c2  x6=0xe0002630
       23505000	      2349	80002728	01e019b3	sll	x19,x0,x30	  x0:0x00000000 x30:0x80009f84 x19=0x00000000
       23515000	      2350	8000272c	417ed4b3	sra	x9,x29,x23	 x29:0x00047010 x23:0x0011c140  x9=0x00047010
       23525000	      2351	80002730	01edf733	and	x14,x27,x30	 x27:0x06dbc2fd x30:0x80009f84 x14=0x00008284
       23535000	      2352	80002734	017692b3	sll	x5,x13,x23	 x13:0x0b6e50ef x23:0x0011c140  x5=0x0b6e50ef
       23545000	      2353	80002738	2736ca93	xori	x21,x13,627	 x13:0x0b6e50ef x21=0x0b6e529c
       23555000	      2354	8000273c	007727b3	slt	x15,x14,x7	 x14:0x00008284  x7:0x6000060a x15=0x00000001
       23565000	      2355	80002740	afe5be13	sltiu	x28,x11,-1282	 x11:0xc17929ac x28=0x00000001
       23575000	      2356	80002744	01a92d33	slt	x26,x18,x26	 x18:0x86c11af4 x26:0xe0bc94fc x26=0x00000001
       23585000	      2357	80002748	01d910b3	sll	x1,x18,x29	 x18:0x86c11af4 x29:0x00047010  x1=0x1af40000
       23595000	      2358	8000274c	3ac70213	addi	x4,x14,940	 x14:0x00008284  x4=0x00008630
       23605000	      2359	80002750	03adfc63	bgeu	x27,x26,80002788	 x27:0x06dbc2fd x26:0x00000001
       23615000	      2360	00000000	00000013	addi	x0,x0,0	  x0:0x00000000
       23625000	      2361	80002784	00000013	addi	x0,x0,0	  x0:0x00000000
       23635000	      2362	80002788	03e1ec63	bltu	x3,x30,800027c0	  x3:0xe0bc97fe x30:0x80009f84
       23645000	      2363	8000278c	00ff9d33	sll	x26,x31,x15	 x31:0xf93e4548 x15:0x00000001 x26=0xf27c8a90
       23655000	      2364	80002790	022de863	bltu	x27,x2,800027c0	 x27:0x06dbc2fd  x2:0xfffffe0b
       23665000	      2365	00000000	00000013	addi	x0,x0,0	  x0:0x00000000
       23675000	      2366	800027bc	00000013	addi	x0,x0,0	  x0:0x00000000
       23685000	      2367	800027c0	01fcea63	bltu	x25,x31,800027d4	 x25:0x86dbd975 x31:0xf93e4548
       23695000	      2368	00000000	00000013	addi	x0,x0,0	  x0:0x00000000
       23705000	      2369	800027d0	00000013	addi	x0,x0,0	  x0:0x00000000
       23715000	      2370	800027d4	00e35263	bge	x6,x14,800027d8	  x6:0xe0002630 x14:0x00008284
       23725000	      2371	800027d8	01195433	srl	x8,x18,x17	 x18:0x86c11af4 x17:0x1f436b50  x8=0x000086c1
       23735000	      2372	800027dc	00868c63	beq	x13,x8,800027f4	 x13:0x0b6e50ef  x8:0x000086c1
       23745000	      2373	800027e0	76373313	sltiu	x6,x14,1891	 x14:0x00008284  x6=0x00000000
       23755000	      2374	800027e4	13dba0b7	lui	x1,0x13dba	  x1=0x13dba000
       23765000	      2375	800027e8	0021dcb3	srl	x25,x3,x2	  x3:0xe0bc97fe  x2:0xfffffe0b x25=0x001c1792
       23775000	      2376	800027ec	00099c33	sll	x24,x19,x0	 x19:0x00000000  x0:0x00000000 x24=0x00000000
       23785000	      2377	800027f0	e7e9cf93	xori	x31,x19,-386	 x19:0x00000000 x31=0xfffffe7e
       23795000	      2378	800027f4	01183a33	sltu	x20,x16,x17	 x16:0x942d9b23 x17:0x1f436b50 x20=0x00000000
       23805000	      2379	800027f8	002f4663	blt	x30,x2,80002804	 x30:0x80009f84  x2:0xfffffe0b
       23815000	      2380	00000000	00000013	addi	x0,x0,0	  x0:0x00000000
       23825000	      2381	80002800	00000013	addi	x0,x0,0	  x0:0x00000000
       23835000	      2382	80002804	000df033	and	x0,x27,x0	 x27:0x06dbc2fd  x0:0x00000000
       23845000	      2383	80002808	014e4033	xor	x0,x28,x20	 x28:0x00000001 x20:0x00000000
       23855000	      2384	8000280c	0136ebb3	or	x23,x13,x19	 x13:0x0b6e50ef x19:0x00000000 x23=0x0b6e50ef
       23865000	      2385	80002810	00059233	sll	x4,x11,x0	 x11:0xc17929ac  x0:0x00000000  x4=0xc17929ac
       23875000	      2386	80002814	21488d93	addi	x27,x17,532	 x17:0x1f436b50 x27=0x1f436d64
       23885000	      2387	80002818	0038dfb3	srl	x31,x17,x3	 x17:0x1f436b50  x3:0xe0bc97fe x31=0x00000000
       23895000	      2388	8000281c	017a9393	slli	x7,x21,0x17	 x21:0x0b6e529c  x7=0x4e000000
       23905000	      2389	80002820	002c5a13	srli	x20,x24,0x2	 x24:0x00000000 x20=0x00000000
       23915000	      2390	80002824	05a78863	beq	x15,x26,80002874	 x15:0x00000001 x26:0xf27c8a90
       23925000	      2391	80002828	0135c263	blt	x11,x19,8000282c	 x11:0xc17929ac x19:0x00000000
       23935000	      2392	00000000	00000013	addi	x0,x0,0	  x0:0x00000000
       23945000	      2393	80002828	00000013	addi	x0,x0,0	  x0:0x00000000
       23955000	      2394	8000282c	015b8e63	beq	x23,x21,80002848	 x23:0x0b6e50ef x21:0x0b6e529c
       23965000	      2395	80002830	41afda33	sra	x20,x31,x26	 x31:0x00000000 x26:0xf27c8a90 x20=0x00000000
       23975000	      2396	80002834	00000013	addi	x0,x0,0	  x0:0x00000000
       23985000	      2397	80002838	01fcd733	srl	x14,x25,x31	 x25:0x001c1792 x31:0x00000000 x14=0x001c1792
       23995000	      2398	8000283c	30f3fe17	auipc	x28,0x30f3f	 x28=0xb0f41838
       24005000	      2399	80002840	109ebe13	sltiu	x28,x29,265	 x29:0x00047010 x28=0x00000000
       24015000	      2400	80002844	03036663	bltu	x6,x16,80002870	  x6:0x00000000 x16:0x942d9b23
       24025000	      2401	00000000	00000013	addi	x0,x0,0	  x0:0x00000000
       24035000	      2402	8000286c	00000013	addi	x0,x0,0	  x0:0x00000000
       24045000	      2403	80002870	00c55493	srli	x9,x10,0xc	 x10:0xe0bc9034  x9=0x000e0bc9
       24055000	      2404	80002874	016f9493	slli	x9,x31,0x16	 x31:0x00000000  x9=0x00000000
       24065000	      2405	80002878	00721c13	slli	x24,x4,0x7	  x4:0xc17929ac x24=0xbc94d600
       24075000	      2406	8000287c	0198d993	srli	x19,x17,0x19	 x17:0x1f436b50 x19=0x0000000f
       24085000	      2407	80002880	4e8ac713	xori	x14,x21,1256	 x21:0x0b6e529c x14=0x0b6e5674
       24095000	      2408	80002884	01981263	bne	x16,x25,80002888	 x16:0x942d9b23 x25:0x001c1792
       24105000	      2409	00000000	00000013	addi	x0,x0,0	  x0:0x00000000
       24115000	      2410	80002884	00000013	addi	x0,x0,0	  x0:0x00000000
       24125000	      2411	80002888	0073ea33	or	x20,x7,x7	  x7:0x4e000000  x7:0x4e000000 x20=0x4e000000
       24135000	      2412	8000288c	41b68db3	sub	x27,x13,x27	 x13:0x0b6e50ef x27:0x1f436d64 x27=0xec2ae38b
       24145000	      2413	80002890	00757c63	bgeu	x10,x7,800028a8	 x10:0xe0bc9034  x7:0x4e000000
       24155000	      2414	00000000	00000013	addi	x0,x0,0	  x0:0x00000000
       24165000	      2415	800028a4	00000013	addi	x0,x0,0	  x0:0x00000000
       24175000	      2416	800028a8	00000013	addi	x0,x0,0	  x0:0x00000000
       24185000	      2417	800028ac	00eb0ab3	add	x21,x22,x14	 x22:0x80009fc4 x14:0x0b6e5674 x21=0x8b6ef638
       24195000	      2418	800028b0	f9818f13	addi	x30,x3,-104	  x3:0xe0bc97fe x30=0xe0bc9796
       24205000	      2419	800028b4	40e75c13	srai	x24,x14,0xe	 x14:0x0b6e5674 x24=0x00002db9
       24215000	      2420	800028b8	01c06cb3	or	x25,x0,x28	  x0:0x00000000 x28:0x00000000 x25=0x00000000
       24225000	      2421	800028bc	0036e2b3	or	x5,x13,x3	 x13:0x0b6e50ef  x3:0xe0bc97fe  x5=0xebfed7ff
       24235000	      2422	800028c0	00c0fe33	and	x28,x1,x12	  x1:0x13dba000 x12:0x80009f84 x28=0x00008000
       24245000	      2423	800028c4	00000013	addi	x0,x0,0	  x0:0x00000000
       24255000	      2424	800028c8	1ad72793	slti	x15,x14,429	 x14:0x0b6e5674 x15=0x00000000
       24265000	      2425	800028cc	d4097313	andi	x6,x18,-704	 x18:0x86c11af4  x6=0x86c11840
       24275000	      2426	800028d0	406e85b3	sub	x11,x29,x6	 x29:0x00047010  x6:0x86c11840 x11=0x794357d0
       24285000	      2427	800028d4	0164d513	srli	x10,x9,0x16	  x9:0x00000000 x10=0x00000000
       24295000	      2428	800028d8	bd8cbc93	sltiu	x25,x25,-1064	 x25:0x00000000 x25=0x00000001
       24305000	      2429	800028dc	408b05b3	sub	x11,x22,x8	 x22:0x80009fc4  x8:0x000086c1 x11=0x80001903
       24315000	      2430	800028e0	008fd893	srli	x17,x31,0x8	 x31:0x00000000 x17=0x00000000
       24325000	      2431	800028e4	6979d3b7	lui	x7,0x6979d	  x7=0x6979d000
       24335000	      2432	800028e8	403d58b3	sra	x17,x26,x3	 x26:0xf27c8a90  x3:0xe0bc97fe x17=0xffffffff
       24345000	      2433	800028ec	010f0fb3	add	x31,x30,x16	 x30:0xe0bc9796 x16:0x942d9b23 x31=0x74ea32b9
       24355000	      2434	800028f0	00988863	beq	x17,x9,80002900	 x17:0xffffffff  x9:0x00000000
       24365000	      2435	800028f4	01100533	add	x10,x0,x17	  x0:0x00000000 x17:0xffffffff x10=0xffffffff
       24375000	      2436	800028f8	4077de13	srai	x28,x15,0x7	 x15:0x00000000 x28=0x00000000
       24385000	      2437	800028fc	00c12cb3	slt	x25,x2,x12	  x2:0xfffffe0b x12:0x80009f84 x25=0x00000000
       24395000	      2438	80002900	00db1293	slli	x5,x22,0xd	 x22:0x80009fc4  x5=0x13f88000
       24405000	      2439	80002904	02e38c63	beq	x7,x14,8000293c	  x7:0x6979d000 x14:0x0b6e5674
       24415000	      2440	80002908	008ab9b3	sltu	x19,x21,x8	 x21:0x8b6ef638  x8:0x000086c1 x19=0x00000000
       24425000	      2441	8000290c	014990b3	sll	x1,x19,x20	 x19:0x00000000 x20:0x4e000000  x1=0x00000000
       24435000	      2442	80002910	01f676b3	and	x13,x12,x31	 x12:0x80009f84 x31:0x74ea32b9 x13=0x00001280
       24445000	      2443	80002914	002e4533	xor	x10,x28,x2	 x28:0x00000000  x2:0xfffffe0b x10=0xfffffe0b
       24455000	      2444	80002918	0054e1b3	or	x3,x9,x5	  x9:0x00000000  x5:0x13f88000  x3=0x13f88000
       24465000	      2445	8000291c	00f3c663	blt	x7,x15,80002928	  x7:0x6979d000 x15:0x00000000
       24475000	      2446	80002920	41df8433	sub	x8,x31,x29	 x31:0x74ea32b9 x29:0x00047010  x8=0x74e5c2a9
       24485000	      2447	80002924	005347b3	xor	x15,x6,x5	  x6:0x86c11840  x5:0x13f88000 x15=0x95399840
       24495000	      2448	80002928	6bf6a113	slti	x2,x13,1727	 x13:0x00001280  x2=0x00000000
       24505000	      2449	8000292c	00fdd733	srl	x14,x27,x15	 x27:0xec2ae38b x15:0x95399840 x14=0xec2ae38b
       24515000	      2450	80002930	0181ca63	blt	x3,x24,80002944	  x3:0x13f88000 x24:0x00002db9
       24525000	      2451	80002934	009f2033	slt	x0,x30,x9	 x30:0xe0bc9796  x9:0x00000000
       24535000	      2452	80002938	01d3adb3	slt	x27,x7,x29	  x7:0x6979d000 x29:0x00047010 x27=0x00000000
       24545000	      2453	8000293c	d8ccc837	lui	x16,0xd8ccc	 x16=0xd8ccc000
       24555000	      2454	80002940	2b75f113	andi	x2,x11,695	 x11:0x80001903  x2=0x00000003
       24565000	      2455	80002944	47914c93	xori	x25,x2,1145	  x2:0x00000003 x25=0x0000047a
       24575000	      2456	80002948	00ceaab3	slt	x21,x29,x12	 x29:0x00047010 x12:0x80009f84 x21=0x00000000
       24585000	      2457	8000294c	008c1393	slli	x7,x24,0x8	 x24:0x00002db9  x7=0x002db900
       24595000	      2458	80002950	41f40d33	sub	x26,x8,x31	  x8:0x74e5c2a9 x31:0x74ea32b9 x26=0xfffb8ff0
       24605000	      2459	80002954	03735863	bge	x6,x23,80002984	  x6:0x86c11840 x23:0x0b6e50ef
       24615000	      2460	80002958	0690cc93	xori	x25,x1,105	  x1:0x00000000 x25=0x00000069
       24625000	      2461	8000295c	00fed033	srl	x0,x29,x15	 x29:0x00047010 x15:0x95399840
       24635000	      2462	80002960	0072f433	and	x8,x5,x7	  x5:0x13f88000  x7:0x002db900  x8=0x00288000
       24645000	      2463	80002964	01d3ddb3	srl	x27,x7,x29	  x7:0x002db900 x29:0x00047010 x27=0x0000002d
       24655000	      2464	80002968	2f2d7e93	andi	x29,x26,754	 x26:0xfffb8ff0 x29=0x000002f0
       24665000	      2465	8000296c	01667c63	bgeu	x12,x22,80002984	 x12:0x80009f84 x22:0x80009fc4
       24675000	      2466	80002970	00855a13	srli	x20,x10,0x8	 x10:0xfffffe0b x20=0x00fffffe
       24685000	      2467	80002974	00000013	addi	x0,x0,0	  x0:0x00000000
       24695000	      2468	80002978	01121f33	sll	x30,x4,x17	  x4:0xc17929ac x17:0xffffffff x30=0x00000000
       24705000	      2469	8000297c	01d35663	bge	x6,x29,80002988	  x6:0x86c11840 x29:0x000002f0
       24715000	      2470	80002980	412c5d33	sra	x26,x24,x18	 x24:0x00002db9 x18:0x86c11af4 x26=0x00000000
       24725000	      2471	80002984	407e0a33	sub	x20,x28,x7	 x28:0x00000000  x7:0x002db900 x20=0xffd24700
       24735000	      2472	80002988	00b90663	beq	x18,x11,80002994	 x18:0x86c11af4 x11:0x80001903
       24745000	      2473	8000298c	00147263	bgeu	x8,x1,80002990	  x8:0x00288000  x1:0x00000000
       24755000	      2474	00000000	00000013	addi	x0,x0,0	  x0:0x00000000
       24765000	      2475	8000298c	00000013	addi	x0,x0,0	  x0:0x00000000
       24775000	      2476	80002990	407d0a33	sub	x20,x26,x7	 x26:0x00000000  x7:0x002db900 x20=0xffd24700
       24785000	      2477	80002994	00785663	bge	x16,x7,800029a0	 x16:0xd8ccc000  x7:0x002db900
       24795000	      2478	80002998	01b59413	slli	x8,x11,0x1b	 x11:0x80001903  x8=0x18000000
       24805000	      2479	8000299c	0002ba33	sltu	x20,x5,x0	  x5:0x13f88000  x0:0x00000000 x20=0x00000000
       24815000	      2480	800029a0	404f5fb3	sra	x31,x30,x4	 x30:0x00000000  x4:0xc17929ac x31=0x00000000
       24825000	      2481	800029a4	018adf33	srl	x30,x21,x24	 x21:0x00000000 x24:0x00002db9 x30=0x00000000
       24835000	      2482	800029a8	00919e63	bne	x3,x9,800029c4	  x3:0x13f88000  x9:0x00000000
       24845000	      2483	00000000	00000013	addi	x0,x0,0	  x0:0x00000000
       24855000	      2484	800029c0	00000013	addi	x0,x0,0	  x0:0x00000000
       24865000	      2485	800029c4	40ed0433	sub	x8,x26,x14	 x26:0x00000000 x14:0xec2ae38b  x8=0x13d51c75
       24875000	      2486	800029c8	01f75263	bge	x14,x31,800029cc	 x14:0xec2ae38b x31:0x00000000
       24885000	      2487	800029cc	d52c7b93	andi	x23,x24,-686	 x24:0x00002db9 x23=0x00002d10
       24895000	      2488	800029d0	01481813	slli	x16,x16,0x14	 x16:0xd8ccc000 x16=0x00000000
       24905000	      2489	800029d4	21774f13	xori	x30,x14,535	 x14:0xec2ae38b x30=0xec2ae19c
       24915000	      2490	800029d8	01b739b3	sltu	x19,x14,x27	 x14:0xec2ae38b x27:0x0000002d x19=0x00000000
       24925000	      2491	800029dc	012046b3	xor	x13,x0,x18	  x0:0x00000000 x18:0x86c11af4 x13=0x86c11af4
       24935000	      2492	800029e0	00eced33	or	x26,x25,x14	 x25:0x00000069 x14:0xec2ae38b x26=0xec2ae3eb
       24945000	      2493	800029e4	409f82b3	sub	x5,x31,x9	 x31:0x00000000  x9:0x00000000  x5=0x00000000
       24955000	      2494	800029e8	010d9c33	sll	x24,x27,x16	 x27:0x0000002d x16:0x00000000 x24=0x0000002d
       24965000	      2495	800029ec	403804b3	sub	x9,x16,x3	 x16:0x00000000  x3:0x13f88000  x9=0xec078000
       24975000	      2496	800029f0	d7a00513	addi	x10,x0,-646	  x0:0x00000000 x10=0xfffffd7a
       24985000	      2497	800029f4	9bbefc13	andi	x24,x29,-1605	 x29:0x000002f0 x24=0x000000b0
       24995000	      2498	800029f8	009e5db3	srl	x27,x28,x9	 x28:0x00000000  x9:0xec078000 x27=0x00000000
       25005000	      2499	800029fc	c8416f13	ori	x30,x2,-892	  x2:0x00000003 x30=0xfffffc87
       25015000	      2500	80002a00	02f35e63	bge	x6,x15,80002a3c	  x6:0x86c11840 x15:0x95399840
       25025000	      2501	80002a04	059df863	bgeu	x27,x25,80002a54	 x27:0x00000000 x25:0x00000069
       25035000	      2502	80002a08	fdf4a513	slti	x10,x9,-33	  x9:0xec078000 x10=0x00000001
       25045000	      2503	80002a0c	01201733	sll	x14,x0,x18	  x0:0x00000000 x18:0x86c11af4 x14=0x00000000
       25055000	      2504	80002a10	66728513	addi	x10,x5,1639	  x5:0x00000000 x10=0x00000667
       25065000	      2505	80002a14	00000013	addi	x0,x0,0	  x0:0x00000000
       25075000	      2506	80002a18	49f24793	xori	x15,x4,1183	  x4:0xc17929ac x15=0xc1792d33
       25085000	      2507	80002a1c	003fce63	blt	x31,x3,80002a38	 x31:0x00000000  x3:0x13f88000
       25095000	      2508	00000000	00000013	addi	x0,x0,0	  x0:0x00000000
       25105000	      2509	80002a34	00000013	addi	x0,x0,0	  x0:0x00000000
       25115000	      2510	80002a38	0e180c63	beq	x16,x1,80002b30	 x16:0x00000000  x1:0x00000000
       25125000	      2511	00000000	00000013	addi	x0,x0,0	  x0:0x00000000
       25135000	      2512	80002b2c	00000013	addi	x0,x0,0	  x0:0x00000000
       25145000	      2513	80002b30	003c75b3	and	x11,x24,x3	 x24:0x000000b0  x3:0x13f88000 x11=0x00000000
       25155000	      2514	80002b34	d9f70093	addi	x1,x14,-609	 x14:0x00000000  x1=0xfffffd9f
       25165000	      2515	80002b38	d75fb013	sltiu	x0,x31,-651	 x31:0x00000000
       25175000	      2516	80002b3c	00c173b3	and	x7,x2,x12	  x2:0x00000003 x12:0x80009f84  x7=0x00000000
       25185000	      2517	80002b40	005f1713	slli	x14,x30,0x5	 x30:0xfffffc87 x14=0xffff90e0
       25195000	      2518	80002b44	0168df13	srli	x30,x17,0x16	 x17:0xffffffff x30=0x000003ff
       25205000	      2519	80002b48	41685f13	srai	x30,x16,0x16	 x16:0x00000000 x30=0x00000000
       25215000	      2520	80002b4c	00925463	bge	x4,x9,80002b54	  x4:0xc17929ac  x9:0xec078000
       25225000	      2521	80002b50	01c9ee33	or	x28,x19,x28	 x19:0x00000000 x28:0x00000000 x28=0x00000000
       25235000	      2522	80002b54	012a9f93	slli	x31,x21,0x12	 x21:0x00000000 x31=0x00000000
       25245000	      2523	80002b58	00000917	auipc	x18,0x0	 x18=0x80002b54
       25255000	      2524	80002b5c	00c90913	addi	x18,x18,12	 x18:0x80002b54 x18=0x80002b60
       25265000	      2525	80002b60	00090067	jalr	x0,x18,0	 x18:0x80002b60
       25275000	      2526	00000000	00000013	addi	x0,x0,0	  x0:0x00000000
       25285000	      2527	80002b60	00000013	addi	x0,x0,0	  x0:0x00000000
       25295000	      2528	80002b64	00100193	addi	x3,x0,1	  x0:0x00000000  x3=0x00000001
       25305000	      2529	80002b68	00000073	ecall	
       25315000	      2530	80002b6c	00545463	bge	x8,x5,80002b74	  x8:0x13d51c75  x5:0x00000000
