		Time			Cycle	PC		Insn	Decoded instruction	Register and memory contents
          65000	         5	80000004	00000293	addi	x5,x0,0	  x0:0x00000000  x5=0x00000000
          75000	         6	80000008	00000313	addi	x6,x0,0	  x0:0x00000000  x6=0x00000000
          85000	         7	8000000c	00628263	beq	x5,x6,80000010	  x5:0x00000000  x6:0x00000000
          95000	         8	00000000	00000013	addi	x0,x0,0	  x0:0x00000000
         105000	         9	8000000c	00000013	addi	x0,x0,0	  x0:0x00000000
         115000	        10	80000010	00000297	auipc	x5,0x0	  x5=0x8000000c
         125000	        11	80000014	00c28293	addi	x5,x5,12	  x5:0x8000000c  x5=0x80000018
         135000	        12	80000018	00028067	jalr	x0,x5,0	  x5:0x80000018
         145000	        13	00000000	00000013	addi	x0,x0,0	  x0:0x00000000
         155000	        14	80000018	00000013	addi	x0,x0,0	  x0:0x00000000
         165000	        15	8000001c	40000337	lui	x6,0x40000	  x6=0x40000000
         175000	        16	80000020	10030313	addi	x6,x6,256	  x6:0x40000000  x6=0x40000100
         185000	        17	80000024	00000013	addi	x0,x0,0	  x0:0x00000000
         195000	        18	80000028	0000ab17	auipc	x22,0xa	 x22=0x8000a024
         205000	        19	8000002c	fa0b0b13	addi	x22,x22,-96	 x22:0x8000a024 x22=0x80009fc4
         215000	        20	80000030	00007317	auipc	x6,0x7	  x6=0x8000702c
         225000	        21	80000034	b5430313	addi	x6,x6,-1196	  x6:0x8000702c  x6=0x80006b80
         235000	        22	80000038	00036313	ori	x6,x6,0	  x6:0x80006b80  x6=0x80006b80
         245000	        23	8000003c	00000013	addi	x0,x0,0	  x0:0x00000000
         255000	        24	80000040	00000317	auipc	x6,0x0	  x6=0x8000003c
         265000	        25	80000044	02030313	addi	x6,x6,32	  x6:0x8000003c  x6=0x8000005c
         275000	        26	80000048	00000013	addi	x0,x0,0	  x0:0x00000000
         285000	        27	8000004c	00000013	addi	x0,x0,0	  x0:0x00000000
         295000	        28	80000050	00002337	lui	x6,0x2	  x6=0x00002000
         305000	        29	80000054	80030313	addi	x6,x6,-2048	  x6:0x00002000  x6=0x00001800
         315000	        30	80000058	00000013	addi	x0,x0,0	  x0:0x00000000
         325000	        31	8000005c	00000013	addi	x0,x0,0	  x0:0x00000000
         335000	        32	80000060	f4918037	lui	x0,0xf4918	
         345000	        33	80000064	e0500013	addi	x0,x0,-507	  x0:0x00000000
         355000	        34	80000068	b89a20b7	lui	x1,0xb89a2	  x1=0xb89a2000
         365000	        35	8000006c	1da08093	addi	x1,x1,474	  x1:0xb89a2000  x1=0xb89a21da
         375000	        36	80000070	00000113	addi	x2,x0,0	  x0:0x00000000  x2=0x00000000
         385000	        37	80000074	00000193	addi	x3,x0,0	  x0:0x00000000  x3=0x00000000
         395000	        38	80000078	c0ec9237	lui	x4,0xc0ec9	  x4=0xc0ec9000
         405000	        39	8000007c	e3820213	addi	x4,x4,-456	  x4:0xc0ec9000  x4=0xc0ec8e38
         415000	        40	80000080	653272b7	lui	x5,0x65327	  x5=0x65327000
         425000	        41	80000084	5b728293	addi	x5,x5,1463	  x5:0x65327000  x5=0x653275b7
         435000	        42	80000088	10bab337	lui	x6,0x10bab	  x6=0x10bab000
         445000	        43	8000008c	c6f30313	addi	x6,x6,-913	  x6:0x10bab000  x6=0x10baac6f
         455000	        44	80000090	f17ff3b7	lui	x7,0xf17ff	  x7=0xf17ff000
         465000	        45	80000094	e8438393	addi	x7,x7,-380	  x7:0xf17ff000  x7=0xf17fee84
         475000	        46	80000098	80000437	lui	x8,0x80000	  x8=0x80000000
         485000	        47	8000009c	00100493	addi	x9,x0,1	  x0:0x00000000  x9=0x00000001
         495000	        48	800000a0	fcd9d5b7	lui	x11,0xfcd9d	 x11=0xfcd9d000
         505000	        49	800000a4	9e858593	addi	x11,x11,-1560	 x11:0xfcd9d000 x11=0xfcd9c9e8
         515000	        50	800000a8	38af0637	lui	x12,0x38af0	 x12=0x38af0000
         525000	        51	800000ac	86f60613	addi	x12,x12,-1937	 x12:0x38af0000 x12=0x38aef86f
         535000	        52	800000b0	00000693	addi	x13,x0,0	  x0:0x00000000 x13=0x00000000
         545000	        53	800000b4	80000737	lui	x14,0x80000	 x14=0x80000000
         555000	        54	800000b8	00000793	addi	x15,x0,0	  x0:0x00000000 x15=0x00000000
         565000	        55	800000bc	00c00813	addi	x16,x0,12	  x0:0x00000000 x16=0x0000000c
         575000	        56	800000c0	00200893	addi	x17,x0,2	  x0:0x00000000 x17=0x00000002
         585000	        57	800000c4	00100913	addi	x18,x0,1	  x0:0x00000000 x18=0x00000001
         595000	        58	800000c8	00f00993	addi	x19,x0,15	  x0:0x00000000 x19=0x0000000f
         605000	        59	800000cc	00c00a13	addi	x20,x0,12	  x0:0x00000000 x20=0x0000000c
         615000	        60	800000d0	00000a93	addi	x21,x0,0	  x0:0x00000000 x21=0x00000000
         625000	        61	800000d4	00900b93	addi	x23,x0,9	  x0:0x00000000 x23=0x00000009
         635000	        62	800000d8	80000c37	lui	x24,0x80000	 x24=0x80000000
         645000	        63	800000dc	80000cb7	lui	x25,0x80000	 x25=0x80000000
         655000	        64	800000e0	00600d13	addi	x26,x0,6	  x0:0x00000000 x26=0x00000006
         665000	        65	800000e4	80000db7	lui	x27,0x80000	 x27=0x80000000
         675000	        66	800000e8	00e00e13	addi	x28,x0,14	  x0:0x00000000 x28=0x0000000e
         685000	        67	800000ec	f0102eb7	lui	x29,0xf0102	 x29=0xf0102000
         695000	        68	800000f0	d58e8e93	addi	x29,x29,-680	 x29:0xf0102000 x29=0xf0101d58
         705000	        69	800000f4	f8ba9f37	lui	x30,0xf8ba9	 x30=0xf8ba9000
         715000	        70	800000f8	197f0f13	addi	x30,x30,407	 x30:0xf8ba9000 x30=0xf8ba9197
         725000	        71	800000fc	00000f93	addi	x31,x0,0	  x0:0x00000000 x31=0x00000000
         735000	        72	80000100	0000a517	auipc	x10,0xa	 x10=0x8000a0fc
         745000	        73	80000104	e8850513	addi	x10,x10,-376	 x10:0x8000a0fc x10=0x80009f84
         755000	        74	80000108	41105613	srai	x12,x0,0x11	  x0:0x00000000 x12=0x00000000
         765000	        75	8000010c	00007a97	auipc	x21,0x7	 x21=0x80007108
         775000	        76	80000110	994a8a93	addi	x21,x21,-1644	 x21:0x80007108 x21=0x80006a9c
         785000	        77	80000114	0187fc33	and	x24,x15,x24	 x15:0x00000000 x24:0x80000000 x24=0x00000000
         795000	        78	80000118	dd7a8a93	addi	x21,x21,-553	 x21:0x80006a9c x21=0x80006873
         805000	        79	8000011c	77f17993	andi	x19,x2,1919	  x2:0x00000000 x19=0x00000000
         815000	        80	80000120	00fae863	bltu	x21,x15,80000130	 x21:0x80006873 x15:0x00000000
         825000	        81	80000124	013f9b93	slli	x23,x31,0x13	 x31:0x00000000 x23=0x00000000
         835000	        82	80000128	b15c8193	addi	x3,x25,-1259	 x25:0x80000000  x3=0x7ffffb15
         845000	        83	8000012c	0143bd33	sltu	x26,x7,x20	  x7:0xf17fee84 x20:0x0000000c x26=0x00000000
         855000	        84	80000130	22aa81e7	jalr	x3,x21,554	 x21:0x80006873  x3=0x80000130
         865000	        85	00000000	00000013	addi	x0,x0,0	  x0:0x00000000
         875000	        86	80006a9c	00000013	addi	x0,x0,0	  x0:0x00000000
         885000	        87	80006aa0	973dd5b7	lui	x11,0x973dd	 x11=0x973dd000
         895000	        88	80006aa4	0026d463	bge	x13,x2,80006aac	 x13:0x00000000  x2:0x00000000
         905000	        89	00000000	00000013	addi	x0,x0,0	  x0:0x00000000
         915000	        90	80006aa8	00000013	addi	x0,x0,0	  x0:0x00000000
         925000	        91	80006aac	fe450513	addi	x10,x10,-28	 x10:0x80009f84 x10=0x80009f68
         935000	        92	80006ab0	00352223	sw	x3,4(x10)	 x10:0x80009f68  x3:0x80000130 PA:0x80009f6c
         945000	        93	80006ab4	f27d6717	auipc	x14,0xf27d6	 x14=0x727dcab0
         955000	        94	80006ab8	010caab3	slt	x21,x25,x16	 x25:0x80000000 x16:0x0000000c x21=0x00000001
         965000	        95	80006abc	00d9deb3	srl	x29,x19,x13	 x19:0x00000000 x13:0x00000000 x29=0x00000000
         975000	        96	80006ac0	00000013	addi	x0,x0,0	  x0:0x00000000
         985000	        97	80006ac4	00a64ab3	xor	x21,x12,x10	 x12:0x00000000 x10:0x80009f68 x21=0x80009f68
         995000	        98	80006ac8	03391497	auipc	x9,0x3391	  x9=0x83397ac4
        1005000	        99	80006acc	017f6663	bltu	x30,x23,80006ad8	 x30:0xf8ba9197 x23:0x00000000
        1015000	       100	80006ad0	005536b3	sltu	x13,x10,x5	 x10:0x80009f68  x5:0x653275b7 x13=0x00000000
        1025000	       101	80006ad4	4182dd33	sra	x26,x5,x24	  x5:0x653275b7 x24:0x00000000 x26=0x653275b7
        1035000	       102	80006ad8	8d4fc1ef	jal	x3,80006ad8	  x3=0x80006ad8
        1045000	       103	00000000	00000013	addi	x0,x0,0	  x0:0x00000000
        1055000	       104	80002ba8	00000013	addi	x0,x0,0	  x0:0x00000000
        1065000	       105	80002bac	002b4863	blt	x22,x2,80002bbc	 x22:0x80009fc4  x2:0x00000000
        1075000	       106	00000000	00000013	addi	x0,x0,0	  x0:0x00000000
        1085000	       107	80002bb8	00000013	addi	x0,x0,0	  x0:0x00000000
        1095000	       108	80002bbc	ff450513	addi	x10,x10,-12	 x10:0x80009f68 x10=0x80009f5c
        1105000	       109	80002bc0	00352223	sw	x3,4(x10)	 x10:0x80009f5c  x3:0x80006ad8 PA:0x80009f60
        1115000	       110	80002bc4	40ca5613	srai	x12,x20,0xc	 x20:0x0000000c x12=0x00000000
        1125000	       111	80002bc8	01220033	add	x0,x4,x18	  x4:0xc0ec8e38 x18:0x00000001
        1135000	       112	80002bcc	400b5c13	srai	x24,x22,0x0	 x22:0x80009fc4 x24=0x80009fc4
        1145000	       113	80002bd0	e03b0c13	addi	x24,x22,-509	 x22:0x80009fc4 x24=0x80009dc7
        1155000	       114	80002bd4	010e6fb3	or	x31,x28,x16	 x28:0x0000000e x16:0x0000000c x31=0x0000000e
        1165000	       115	80002bd8	00000013	addi	x0,x0,0	  x0:0x00000000
        1175000	       116	80002bdc	0023a0b3	slt	x1,x7,x2	  x7:0xf17fee84  x2:0x00000000  x1=0x00000001
        1185000	       117	80002be0	264031ef	jal	x3,80002be0	  x3=0x80002be0
        1195000	       118	00000000	00000013	addi	x0,x0,0	  x0:0x00000000
        1205000	       119	80005e40	00000013	addi	x0,x0,0	  x0:0x00000000
        1215000	       120	80005e44	01ae1933	sll	x18,x28,x26	 x28:0x0000000e x26:0x653275b7 x18=0x07000000
        1225000	       121	80005e48	41495333	sra	x6,x18,x20	 x18:0x07000000 x20:0x0000000c  x6=0x00007000
        1235000	       122	80005e4c	009cd663	bge	x25,x9,80005e58	 x25:0x80000000  x9:0x83397ac4
        1245000	       123	80005e50	64ddee13	ori	x28,x27,1613	 x27:0x80000000 x28=0x8000064d
        1255000	       124	80005e54	003d9d93	slli	x27,x27,0x3	 x27:0x80000000 x27=0x00000000
        1265000	       125	80005e58	fcc50513	addi	x10,x10,-52	 x10:0x80009f5c x10=0x80009f28
        1275000	       126	80005e5c	00352223	sw	x3,4(x10)	 x10:0x80009f28  x3:0x80002be0 PA:0x80009f2c
        1285000	       127	80005e60	001c5433	srl	x8,x24,x1	 x24:0x80009dc7  x1:0x00000001  x8=0x40004ee3
        1295000	       128	80005e64	0270e263	bltu	x1,x7,80005e88	  x1:0x00000001  x7:0xf17fee84
        1305000	       129	00000000	00000013	addi	x0,x0,0	  x0:0x00000000
        1315000	       130	80005e84	00000013	addi	x0,x0,0	  x0:0x00000000
        1325000	       131	80005e88	d2cfa1ef	jal	x3,80005e88	  x3=0x80005e88
        1335000	       132	00000000	00000013	addi	x0,x0,0	  x0:0x00000000
        1345000	       133	800003b0	00000013	addi	x0,x0,0	  x0:0x00000000
        1355000	       134	800003b4	01365663	bge	x12,x19,800003c0	 x12:0x00000000 x19:0x00000000
        1365000	       135	00000000	00000013	addi	x0,x0,0	  x0:0x00000000
        1375000	       136	800003bc	00000013	addi	x0,x0,0	  x0:0x00000000
        1385000	       137	800003c0	fe050513	addi	x10,x10,-32	 x10:0x80009f28 x10=0x80009f08
        1395000	       138	800003c4	00352223	sw	x3,4(x10)	 x10:0x80009f08  x3:0x80005e88 PA:0x80009f0c
        1405000	       139	800003c8	008ed213	srli	x4,x29,0x8	 x29:0x00000000  x4=0x00000000
        1415000	       140	800003cc	002ec833	xor	x16,x29,x2	 x29:0x00000000  x2:0x00000000 x16=0x00000000
        1425000	       141	800003d0	00002617	auipc	x12,0x2	 x12=0x800023cc
        1435000	       142	800003d4	2fc60613	addi	x12,x12,764	 x12:0x800023cc x12=0x800026c8
        1445000	       143	800003d8	e34e3493	sltiu	x9,x28,-460	 x28:0x8000064d  x9=0x00000001
        1455000	       144	800003dc	28360613	addi	x12,x12,643	 x12:0x800026c8 x12=0x8000294b
        1465000	       145	800003e0	01b67d33	and	x26,x12,x27	 x12:0x8000294b x27:0x00000000 x26=0x00000000
        1475000	       146	800003e4	41d15393	srai	x7,x2,0x1d	  x2:0x00000000  x7=0x00000000
        1485000	       147	800003e8	41e25f93	srai	x31,x4,0x1e	  x4:0x00000000 x31=0x00000000
        1495000	       148	800003ec	01396933	or	x18,x18,x19	 x18:0x07000000 x19:0x00000000 x18=0x07000000
        1505000	       149	800003f0	007e5663	bge	x28,x7,800003fc	 x28:0x8000064d  x7:0x00000000
        1515000	       150	800003f4	7f44a813	slti	x16,x9,2036	  x9:0x00000001 x16=0x00000001
        1525000	       151	800003f8	00e04ab3	xor	x21,x0,x14	  x0:0x00000000 x14:0x727dcab0 x21=0x727dcab0
        1535000	       152	800003fc	d7e601e7	jalr	x3,x12,-642	 x12:0x8000294b  x3=0x800003fc
        1545000	       153	00000000	00000013	addi	x0,x0,0	  x0:0x00000000
        1555000	       154	800026c8	00000013	addi	x0,x0,0	  x0:0x00000000
        1565000	       155	800026cc	00000013	addi	x0,x0,0	  x0:0x00000000
        1575000	       156	800026d0	01dc4263	blt	x24,x29,800026d4	 x24:0x80009dc7 x29:0x00000000
        1585000	       157	00000000	00000013	addi	x0,x0,0	  x0:0x00000000
        1595000	       158	800026d0	00000013	addi	x0,x0,0	  x0:0x00000000
        1605000	       159	800026d4	fc850513	addi	x10,x10,-56	 x10:0x80009f08 x10=0x80009ed0
        1615000	       160	800026d8	00fe78b3	and	x17,x28,x15	 x28:0x8000064d x15:0x00000000 x17=0x00000000
        1625000	       161	800026dc	00352223	sw	x3,4(x10)	 x10:0x80009ed0  x3:0x800003fc PA:0x80009ed4
        1635000	       162	800026e0	4d18ae13	slti	x28,x17,1233	 x17:0x00000000 x28=0x00000001
        1645000	       163	800026e4	00006f97	auipc	x31,0x6	 x31=0x800086e0
        1655000	       164	800026e8	293f8f93	addi	x31,x31,659	 x31:0x800086e0 x31=0x80008973
        1665000	       165	800026ec	00a19813	slli	x16,x3,0xa	  x3:0x800003fc x16=0x000ff000
        1675000	       166	800026f0	01af8d03	lb	x26,26(x31)	 x31:0x80008973 x26=0x00000000 PA:0x8000898d
        1685000	       167	800026f4	5ff4cd13	xori	x26,x9,1535	  x9:0x00000001 x26=0x000005fe
        1695000	       168	800026f8	005c9c13	slli	x24,x25,0x5	 x25:0x80000000 x24=0x00000000
        1705000	       169	800026fc	037fd003	lhu	x0,55(x31)	 x31:0x80008973 PA:0x800089aa
        1715000	       170	80002700	86aa4313	xori	x6,x20,-1942	 x20:0x0000000c  x6=0xfffff866
        1725000	       171	80002704	01f47a33	and	x20,x8,x31	  x8:0x40004ee3 x31:0x80008973 x20=0x00000863
        1735000	       172	80002708	037fca03	lbu	x20,55(x31)	 x31:0x80008973 x20=0x00000000 PA:0x800089aa
        1745000	       173	8000270c	01e29193	slli	x3,x5,0x1e	  x5:0x653275b7  x3=0xc0000000
        1755000	       174	80002710	011f9003	lh	x0,17(x31)	 x31:0x80008973 PA:0x80008984
        1765000	       175	80002714	00778c33	add	x24,x15,x7	 x15:0x00000000  x7:0x00000000 x24=0x00000000
        1775000	       176	80002718	00000013	addi	x0,x0,0	  x0:0x00000000
        1785000	       177	8000271c	fc4f8003	lb	x0,-60(x31)	 x31:0x80008973 PA:0x80008937
        1795000	       178	80002720	57b1eb97	auipc	x23,0x57b1e	 x23=0xd7b2071c
        1805000	       179	80002724	01ffd103	lhu	x2,31(x31)	 x31:0x80008973  x2=0x00000000 PA:0x80008992
        1815000	       180	80002728	003ac7b3	xor	x15,x21,x3	 x21:0x727dcab0  x3:0xc0000000 x15=0xb27dcab0
        1825000	       181	8000272c	ff0f8523	sb	x16,-22(x31)	 x31:0x80008973 x16:0x000ff000 PA:0x8000895d
        1835000	       182	80002730	00519713	slli	x14,x3,0x5	  x3:0xc0000000 x14=0x00000000
        1845000	       183	80002734	038f8723	sb	x24,46(x31)	 x31:0x80008973 x24:0x00000000 PA:0x800089a1
        1855000	       184	80002738	b94f7413	andi	x8,x30,-1132	 x30:0xf8ba9197  x8=0xf8ba9194
        1865000	       185	8000273c	0b083e93	sltiu	x29,x16,176	 x16:0x000ff000 x29=0x00000000
        1875000	       186	80002740	4165df13	srai	x30,x11,0x16	 x11:0x973dd000 x30=0xfffffe5c
        1885000	       187	80002744	fecf8683	lb	x13,-20(x31)	 x31:0x80008973 x13=0x00000000 PA:0x8000895f
        1895000	       188	80002748	40b9deb3	sra	x29,x19,x11	 x19:0x00000000 x11:0x973dd000 x29=0x00000000
        1905000	       189	8000274c	00a4d733	srl	x14,x9,x10	  x9:0x00000001 x10:0x80009ed0 x14=0x00000000
        1915000	       190	80002750	01cc06b3	add	x13,x24,x28	 x24:0x00000000 x28:0x00000001 x13=0x00000001
        1925000	       191	80002754	02ff9583	lh	x11,47(x31)	 x31:0x80008973 x11=0x00000000 PA:0x800089a2
        1935000	       192	80002758	037f9c83	lh	x25,55(x31)	 x31:0x80008973 x25=0x00000000 PA:0x800089aa
        1945000	       193	8000275c	037f8f03	lb	x30,55(x31)	 x31:0x80008973 x30=0x00000000 PA:0x800089aa
        1955000	       194	80002760	00f8f033	and	x0,x17,x15	 x17:0x00000000 x15:0xb27dcab0
        1965000	       195	80002764	00f367b3	or	x15,x6,x15	  x6:0xfffff866 x15:0xb27dcab0 x15=0xfffffaf6
        1975000	       196	80002768	010afa33	and	x20,x21,x16	 x21:0x727dcab0 x16:0x000ff000 x20=0x000dc000
        1985000	       197	8000276c	02ff8fa3	sb	x15,63(x31)	 x31:0x80008973 x15:0xfffffaf6 PA:0x800089b2
        1995000	       198	80002770	019f97a3	sh	x25,15(x31)	 x31:0x80008973 x25:0x00000000 PA:0x80008982
        2005000	       199	80002774	00000013	addi	x0,x0,0	  x0:0x00000000
        2015000	       200	80002778	402657b3	sra	x15,x12,x2	 x12:0x8000294b  x2:0x00000000 x15=0x8000294b
        2025000	       201	8000277c	03bf9783	lh	x15,59(x31)	 x31:0x80008973 x15=0x00000000 PA:0x800089ae
        2035000	       202	80002780	01b103b3	add	x7,x2,x27	  x2:0x00000000 x27:0x00000000  x7=0x00000000
        2045000	       203	80002784	00bf9383	lh	x7,11(x31)	 x31:0x80008973  x7=0x00000000 PA:0x8000897e
        2055000	       204	80002788	fe9fc483	lbu	x9,-23(x31)	 x31:0x80008973  x9=0x00000000 PA:0x8000895c
        2065000	       205	8000278c	ff5fd403	lhu	x8,-11(x31)	 x31:0x80008973  x8=0x00000000 PA:0x80008968
        2075000	       206	80002790	014314b3	sll	x9,x6,x20	  x6:0xfffff866 x20:0x000dc000  x9=0xfffff866
        2085000	       207	80002794	ff5fa6a3	sw	x21,-19(x31)	 x31:0x80008973 x21:0x727dcab0 PA:0x80008960
        2095000	       208	80002798	020fcd03	lbu	x26,32(x31)	 x31:0x80008973 x26=0x00000000 PA:0x80008993
        2105000	       209	8000279c	fe1fa083	lw	x1,-31(x31)	 x31:0x80008973  x1=0x00000000 PA:0x80008954
        2115000	       210	800027a0	ffdf8da3	sb	x29,-5(x31)	 x31:0x80008973 x29:0x00000000 PA:0x8000896e
        2125000	       211	800027a4	00000013	addi	x0,x0,0	  x0:0x00000000
        2135000	       212	800027a8	01cf8103	lb	x2,28(x31)	 x31:0x80008973  x2=0x00000000 PA:0x8000898f
        2145000	       213	800027ac	016fca83	lbu	x21,22(x31)	 x31:0x80008973 x21=0x00000000 PA:0x80008989
        2155000	       214	800027b0	008f99a3	sh	x8,19(x31)	 x31:0x80008973  x8:0x00000000 PA:0x80008986
        2165000	       215	800027b4	e06c0c93	addi	x25,x24,-506	 x24:0x00000000 x25=0xfffffe06
        2175000	       216	800027b8	ffdfdd03	lhu	x26,-3(x31)	 x31:0x80008973 x26=0x00000000 PA:0x80008970
        2185000	       217	800027bc	3dc54793	xori	x15,x10,988	 x10:0x80009ed0 x15=0x80009d0c
        2195000	       218	800027c0	00000013	addi	x0,x0,0	  x0:0x00000000
        2205000	       219	800027c4	04f14063	blt	x2,x15,80002804	  x2:0x00000000 x15:0x80009d0c
        2215000	       220	800027c8	031c1a63	bne	x24,x17,800027fc	 x24:0x00000000 x17:0x00000000
        2225000	       221	800027cc	010591b3	sll	x3,x11,x16	 x11:0x00000000 x16:0x000ff000  x3=0x00000000
        2235000	       222	800027d0	04a19863	bne	x3,x10,80002820	  x3:0x00000000 x10:0x80009ed0
        2245000	       223	00000000	00000013	addi	x0,x0,0	  x0:0x00000000
        2255000	       224	8000281c	00000013	addi	x0,x0,0	  x0:0x00000000
        2265000	       225	80002820	00000013	addi	x0,x0,0	  x0:0x00000000
        2275000	       226	80002824	00401033	sll	x0,x0,x4	  x0:0x00000000  x4:0x00000000
        2285000	       227	80002828	00955e93	srli	x29,x10,0x9	 x10:0x80009ed0 x29=0x0040004f
        2295000	       228	8000282c	016718b3	sll	x17,x14,x22	 x14:0x00000000 x22:0x80009fc4 x17=0x00000000
        2305000	       229	80002830	2a06f037	lui	x0,0x2a06f	
        2315000	       230	80002834	ef5ec913	xori	x18,x29,-267	 x29:0x0040004f x18=0xffbffeba
        2325000	       231	80002838	400983b3	sub	x7,x19,x0	 x19:0x00000000  x0:0x00000000  x7=0x00000000
        2335000	       232	8000283c	c92fb593	sltiu	x11,x31,-878	 x31:0x80008973 x11=0x00000001
        2345000	       233	80002840	001c5fb3	srl	x31,x24,x1	 x24:0x00000000  x1:0x00000000 x31=0x00000000
        2355000	       234	80002844	400d0333	sub	x6,x26,x0	 x26:0x00000000  x0:0x00000000  x6=0x00000000
        2365000	       235	80002848	8eeb6093	ori	x1,x22,-1810	 x22:0x80009fc4  x1=0xffffffee
        2375000	       236	8000284c	b840c693	xori	x13,x1,-1148	  x1:0xffffffee x13=0x0000046a
        2385000	       237	80002850	020bcc63	blt	x23,x0,80002888	 x23:0xd7b2071c  x0:0x00000000
        2395000	       238	00000000	00000013	addi	x0,x0,0	  x0:0x00000000
        2405000	       239	80002884	00000013	addi	x0,x0,0	  x0:0x00000000
        2415000	       240	80002888	013284b3	add	x9,x5,x19	  x5:0x653275b7 x19:0x00000000  x9=0x653275b7
        2425000	       241	8000288c	0281e463	bltu	x3,x8,800028b4	  x3:0x00000000  x8:0x00000000
        2435000	       242	80002890	017206b3	add	x13,x4,x23	  x4:0x00000000 x23:0xd7b2071c x13=0xd7b2071c
        2445000	       243	80002894	03420c63	beq	x4,x20,800028cc	  x4:0x00000000 x20:0x000dc000
        2455000	       244	80002898	01bfcc33	xor	x24,x31,x27	 x31:0x00000000 x27:0x00000000 x24=0x00000000
        2465000	       245	8000289c	010cbd33	sltu	x26,x25,x16	 x25:0xfffffe06 x16:0x000ff000 x26=0x00000000
        2475000	       246	800028a0	005707b3	add	x15,x14,x5	 x14:0x00000000  x5:0x653275b7 x15=0x653275b7
        2485000	       247	800028a4	bc657f13	andi	x30,x10,-1082	 x10:0x80009ed0 x30=0x80009ac0
        2495000	       248	800028a8	00ff7bb3	and	x23,x30,x15	 x30:0x80009ac0 x15:0x653275b7 x23=0x00001080
        2505000	       249	800028ac	00616663	bltu	x2,x6,800028b8	  x2:0x00000000  x6:0x00000000
        2515000	       250	800028b0	b9beab93	slti	x23,x29,-1125	 x29:0x0040004f x23=0x00000000
        2525000	       251	800028b4	40d42413	slti	x8,x8,1037	  x8:0x00000000  x8=0x00000001
        2535000	       252	800028b8	05336263	bltu	x6,x19,800028fc	  x6:0x00000000 x19:0x00000000
        2545000	       253	800028bc	00a24463	blt	x4,x10,800028c4	  x4:0x00000000 x10:0x80009ed0
        2555000	       254	800028c0	01b55313	srli	x6,x10,0x1b	 x10:0x80009ed0  x6=0x00000010
        2565000	       255	800028c4	00f93e33	sltu	x28,x18,x15	 x18:0xffbffeba x15:0x653275b7 x28=0x00000000
        2575000	       256	800028c8	fdfcfd93	andi	x27,x25,-33	 x25:0xfffffe06 x27=0xfffffe06
        2585000	       257	800028cc	a6504a93	xori	x21,x0,-1435	  x0:0x00000000 x21=0xfffffa65
        2595000	       258	800028d0	59b6cc13	xori	x24,x13,1435	 x13:0xd7b2071c x24=0xd7b20287
        2605000	       259	800028d4	0196f863	bgeu	x13,x25,800028e4	 x13:0xd7b2071c x25:0xfffffe06
        2615000	       260	800028d8	04ece463	bltu	x25,x14,80002920	 x25:0xfffffe06 x14:0x00000000
        2625000	       261	800028dc	419f8eb3	sub	x29,x31,x25	 x31:0x00000000 x25:0xfffffe06 x29=0x000001fa
        2635000	       262	800028e0	7b1033b7	lui	x7,0x7b103	  x7=0x7b103000
        2645000	       263	800028e4	41420cb3	sub	x25,x4,x20	  x4:0x00000000 x20:0x000dc000 x25=0xfff24000
        2655000	       264	800028e8	00be5c13	srli	x24,x28,0xb	 x28:0x00000000 x24=0x00000000
        2665000	       265	800028ec	016e9f93	slli	x31,x29,0x16	 x29:0x000001fa x31=0x7e800000
        2675000	       266	800028f0	01f5df93	srli	x31,x11,0x1f	 x11:0x00000001 x31=0x00000000
        2685000	       267	800028f4	19d01ab7	lui	x21,0x19d01	 x21=0x19d01000
        2695000	       268	800028f8	405d5d13	srai	x26,x26,0x5	 x26:0x00000000 x26=0x00000000
        2705000	       269	800028fc	9663f913	andi	x18,x7,-1690	  x7:0x7b103000 x18=0x7b103000
        2715000	       270	80002900	362d4717	auipc	x14,0x362d4	 x14=0xb62d68fc
        2725000	       271	80002904	0163a233	slt	x4,x7,x22	  x7:0x7b103000 x22:0x80009fc4  x4=0x00000000
        2735000	       272	80002908	6f077837	lui	x16,0x6f077	 x16=0x6f077000
        2745000	       273	8000290c	40995333	sra	x6,x18,x9	 x18:0x7b103000  x9:0x653275b7  x6=0x000000f6
        2755000	       274	80002910	00000013	addi	x0,x0,0	  x0:0x00000000
        2765000	       275	80002914	00495413	srli	x8,x18,0x4	 x18:0x7b103000  x8=0x07b10300
        2775000	       276	80002918	0167d5b3	srl	x11,x15,x22	 x15:0x653275b7 x22:0x80009fc4 x11=0x0653275b
        2785000	       277	8000291c	01bd8463	beq	x27,x27,80002924	 x27:0xfffffe06 x27:0xfffffe06
        2795000	       278	00000000	00000013	addi	x0,x0,0	  x0:0x00000000
        2805000	       279	80002920	00000013	addi	x0,x0,0	  x0:0x00000000
        2815000	       280	80002924	00b7c3b3	xor	x7,x15,x11	 x15:0x653275b7 x11:0x0653275b  x7=0x636152ec
        2825000	       281	80002928	8f2c0593	addi	x11,x24,-1806	 x24:0x00000000 x11=0xfffff8f2
        2835000	       282	8000292c	007bbeb3	sltu	x29,x23,x7	 x23:0x00000000  x7:0x636152ec x29=0x00000001
        2845000	       283	80002930	01b14233	xor	x4,x2,x27	  x2:0x00000000 x27:0xfffffe06  x4=0xfffffe06
        2855000	       284	80002934	40645893	srai	x17,x8,0x6	  x8:0x07b10300 x17=0x001ec40c
        2865000	       285	80002938	0169e4b3	or	x9,x19,x22	 x19:0x00000000 x22:0x80009fc4  x9=0x80009fc4
        2875000	       286	8000293c	01fedc93	srli	x25,x29,0x1f	 x29:0x00000001 x25=0x00000000
        2885000	       287	80002940	01a7cfb3	xor	x31,x15,x26	 x15:0x653275b7 x26:0x00000000 x31=0x653275b7
        2895000	       288	80002944	0017fbb3	and	x23,x15,x1	 x15:0x653275b7  x1:0xffffffee x23=0x653275a6
        2905000	       289	80002948	002a4263	blt	x20,x2,8000294c	 x20:0x000dc000  x2:0x00000000
        2915000	       290	8000294c	03a5c863	blt	x11,x26,8000297c	 x11:0xfffff8f2 x26:0x00000000
        2925000	       291	00000000	00000013	addi	x0,x0,0	  x0:0x00000000
        2935000	       292	80002978	00000013	addi	x0,x0,0	  x0:0x00000000
        2945000	       293	8000297c	00bf9193	slli	x3,x31,0xb	 x31:0x653275b7  x3=0x93adb800
        2955000	       294	80002980	01f51463	bne	x10,x31,80002988	 x10:0x80009ed0 x31:0x653275b7
        2965000	       295	00000000	00000013	addi	x0,x0,0	  x0:0x00000000
        2975000	       296	80002984	00000013	addi	x0,x0,0	  x0:0x00000000
        2985000	       297	80002988	013ae3b3	or	x7,x21,x19	 x21:0x19d01000 x19:0x00000000  x7=0x19d01000
        2995000	       298	8000298c	29132193	slti	x3,x6,657	  x6:0x000000f6  x3=0x00000001
        3005000	       299	80002990	00015263	bge	x2,x0,80002994	  x2:0x00000000  x0:0x00000000
        3015000	       300	00000000	00000013	addi	x0,x0,0	  x0:0x00000000
        3025000	       301	80002990	00000013	addi	x0,x0,0	  x0:0x00000000
        3035000	       302	80002994	004d6663	bltu	x26,x4,800029a0	 x26:0x00000000  x4:0xfffffe06
        3045000	       303	00000000	00000013	addi	x0,x0,0	  x0:0x00000000
        3055000	       304	8000299c	00000013	addi	x0,x0,0	  x0:0x00000000
        3065000	       305	800029a0	5df7e893	ori	x17,x15,1503	 x15:0x653275b7 x17=0x653275ff
        3075000	       306	800029a4	89a23313	sltiu	x6,x4,-1894	  x4:0xfffffe06  x6=0x00000000
        3085000	       307	800029a8	04944463	blt	x8,x9,800029f0	  x8:0x07b10300  x9:0x80009fc4
        3095000	       308	800029ac	40605f33	sra	x30,x0,x6	  x0:0x00000000  x6:0x00000000 x30=0x00000000
        3105000	       309	800029b0	017dfa63	bgeu	x27,x23,800029c4	 x27:0xfffffe06 x23:0x653275a6
        3115000	       310	00000000	00000013	addi	x0,x0,0	  x0:0x00000000
        3125000	       311	800029c0	00000013	addi	x0,x0,0	  x0:0x00000000
        3135000	       312	800029c4	41335bb3	sra	x23,x6,x19	  x6:0x00000000 x19:0x00000000 x23=0x00000000
        3145000	       313	800029c8	04589463	bne	x17,x5,80002a10	 x17:0x653275ff  x5:0x653275b7
        3155000	       314	00000000	00000013	addi	x0,x0,0	  x0:0x00000000
        3165000	       315	80002a0c	00000013	addi	x0,x0,0	  x0:0x00000000
        3175000	       316	80002a10	0085ceb3	xor	x29,x11,x8	 x11:0xfffff8f2  x8:0x07b10300 x29=0xf84efbf2
        3185000	       317	80002a14	00406663	bltu	x0,x4,80002a20	  x0:0x00000000  x4:0xfffffe06
        3195000	       318	00000000	00000013	addi	x0,x0,0	  x0:0x00000000
        3205000	       319	80002a1c	00000013	addi	x0,x0,0	  x0:0x00000000
        3215000	       320	80002a20	009c9f93	slli	x31,x25,0x9	 x25:0x00000000 x31=0x00000000
        3225000	       321	80002a24	ca15e217	auipc	x4,0xca15e	  x4=0x4a160a20
        3235000	       322	80002a28	04a8e463	bltu	x17,x10,80002a70	 x17:0x653275ff x10:0x80009ed0
        3245000	       323	00000000	00000013	addi	x0,x0,0	  x0:0x00000000
        3255000	       324	80002a6c	00000013	addi	x0,x0,0	  x0:0x00000000
        3265000	       325	80002a70	003949b3	xor	x19,x18,x3	 x18:0x7b103000  x3:0x00000001 x19=0x7b103001
        3275000	       326	80002a74	00c01593	slli	x11,x0,0xc	  x0:0x00000000 x11=0x00000000
        3285000	       327	80002a78	001a5c63	bge	x20,x1,80002a90	 x20:0x000dc000  x1:0xffffffee
        3295000	       328	00000000	00000013	addi	x0,x0,0	  x0:0x00000000
        3305000	       329	80002a8c	00000013	addi	x0,x0,0	  x0:0x00000000
        3315000	       330	80002a90	6220be13	sltiu	x28,x1,1570	  x1:0xffffffee x28=0x00000000
        3325000	       331	80002a94	a30a8213	addi	x4,x21,-1488	 x21:0x19d01000  x4=0x19d00a30
        3335000	       332	80002a98	5ddef193	andi	x3,x29,1501	 x29:0xf84efbf2  x3=0x000001d0
        3345000	       333	80002a9c	052cf863	bgeu	x25,x18,80002aec	 x25:0x00000000 x18:0x7b103000
        3355000	       334	80002aa0	1bf368b7	lui	x17,0x1bf36	 x17=0x1bf36000
        3365000	       335	80002aa4	ef092db7	lui	x27,0xef092	 x27=0xef092000
        3375000	       336	80002aa8	eb454913	xori	x18,x10,-332	 x10:0x80009ed0 x18=0x7fff6064
        3385000	       337	80002aac	00501433	sll	x8,x0,x5	  x0:0x00000000  x5:0x653275b7  x8=0x00000000
        3395000	       338	80002ab0	00a27ab3	and	x21,x4,x10	  x4:0x19d00a30 x10:0x80009ed0 x21=0x00000a10
        3405000	       339	80002ab4	416d8f33	sub	x30,x27,x22	 x27:0xef092000 x22:0x80009fc4 x30=0x6f08803c
        3415000	       340	80002ab8	01c5f333	and	x6,x11,x28	 x11:0x00000000 x28:0x00000000  x6=0x00000000
        3425000	       341	80002abc	01418ab3	add	x21,x3,x20	  x3:0x000001d0 x20:0x000dc000 x21=0x000dc1d0
        3435000	       342	80002ac0	c2aafe13	andi	x28,x21,-982	 x21:0x000dc1d0 x28=0x000dc000
        3445000	       343	80002ac4	01660d33	add	x26,x12,x22	 x12:0x8000294b x22:0x80009fc4 x26=0x0000c90f
        3455000	       344	80002ac8	01b50663	beq	x10,x27,80002ad4	 x10:0x80009ed0 x27:0xef092000
        3465000	       345	80002acc	00e36cb3	or	x25,x6,x14	  x6:0x00000000 x14:0xb62d68fc x25=0xb62d68fc
        3475000	       346	80002ad0	00a16333	or	x6,x2,x10	  x2:0x00000000 x10:0x80009ed0  x6=0x80009ed0
        3485000	       347	80002ad4	00c2d833	srl	x16,x5,x12	  x5:0x653275b7 x12:0x8000294b x16=0x000ca64e
        3495000	       348	80002ad8	01afe263	bltu	x31,x26,80002adc	 x31:0x00000000 x26:0x0000c90f
        3505000	       349	00000000	00000013	addi	x0,x0,0	  x0:0x00000000
        3515000	       350	80002ad8	00000013	addi	x0,x0,0	  x0:0x00000000
        3525000	       351	80002adc	4028de13	srai	x28,x17,0x2	 x17:0x1bf36000 x28=0x06fcd800
        3535000	       352	80002ae0	00272fb3	slt	x31,x14,x2	 x14:0xb62d68fc  x2:0x00000000 x31=0x00000001
        3545000	       353	80002ae4	01701933	sll	x18,x0,x23	  x0:0x00000000 x23:0x00000000 x18=0x00000000
        3555000	       354	80002ae8	09a73113	sltiu	x2,x14,154	 x14:0xb62d68fc  x2=0x00000000
        3565000	       355	80002aec	03a41663	bne	x8,x26,80002b18	  x8:0x00000000 x26:0x0000c90f
        3575000	       356	00000000	00000013	addi	x0,x0,0	  x0:0x00000000
        3585000	       357	80002b14	00000013	addi	x0,x0,0	  x0:0x00000000
        3595000	       358	80002b18	71f6c393	xori	x7,x13,1823	 x13:0xd7b2071c  x7=0xd7b20003
        3605000	       359	80002b1c	40ca8333	sub	x6,x21,x12	 x21:0x000dc1d0 x12:0x8000294b  x6=0x800d9885
        3615000	       360	80002b20	40bbf613	andi	x12,x23,1035	 x23:0x00000000 x12=0x00000000
        3625000	       361	80002b24	87aaad93	slti	x27,x21,-1926	 x21:0x000dc1d0 x27=0x00000000
        3635000	       362	80002b28	01d87463	bgeu	x16,x29,80002b30	 x16:0x000ca64e x29:0xf84efbf2
        3645000	       363	80002b2c	af103493	sltiu	x9,x0,-1295	  x0:0x00000000  x9=0x00000001
        3655000	       364	80002b30	72424fb7	lui	x31,0x72424	 x31=0x72424000
        3665000	       365	80002b34	363ae193	ori	x3,x21,867	 x21:0x000dc1d0  x3=0x000dc3f3
        3675000	       366	80002b38	01bfdf93	srli	x31,x31,0x1b	 x31:0x72424000 x31=0x0000000e
        3685000	       367	80002b3c	02005463	bge	x0,x0,80002b64	  x0:0x00000000  x0:0x00000000
        3695000	       368	00000000	00000013	addi	x0,x0,0	  x0:0x00000000
        3705000	       369	80002b60	00000013	addi	x0,x0,0	  x0:0x00000000
        3715000	       370	80002b64	02de6463	bltu	x28,x13,80002b8c	 x28:0x06fcd800 x13:0xd7b2071c
        3725000	       371	00000000	00000013	addi	x0,x0,0	  x0:0x00000000
        3735000	       372	80002b88	00000013	addi	x0,x0,0	  x0:0x00000000
        3745000	       373	80002b8c	00b7fe33	and	x28,x15,x11	 x15:0x653275b7 x11:0x00000000 x28=0x00000000
        3755000	       374	80002b90	00452183	lw	x3,4(x10)	 x10:0x80009ed0  x3=0x800003fc PA:0x80009ed4
        3765000	       375	80002b94	01f79233	sll	x4,x15,x31	 x15:0x653275b7 x31:0x0000000e  x4=0x9d6dc000
        3775000	       376	80002b98	03850513	addi	x10,x10,56	 x10:0x80009ed0 x10=0x80009f08
        3785000	       377	80002b9c	01afe633	or	x12,x31,x26	 x31:0x0000000e x26:0x0000c90f x12=0x0000c90f
        3795000	       378	80002ba0	01987933	and	x18,x16,x25	 x16:0x000ca64e x25:0xb62d68fc x18=0x000c204c
        3805000	       379	80002ba4	00018913	addi	x18,x3,0	  x3:0x800003fc x18=0x800003fc
        3815000	       380	80002ba8	00090967	jalr	x18,x18,0	 x18:0x800003fc x18=0x80002ba8
        3825000	       381	00000000	00000013	addi	x0,x0,0	  x0:0x00000000
        3835000	       382	800003fc	00000013	addi	x0,x0,0	  x0:0x00000000
        3845000	       383	80000400	00008117	auipc	x2,0x8	  x2=0x800083fc
        3855000	       384	80000404	02a10113	addi	x2,x2,42	  x2:0x800083fc  x2=0x80008426
        3865000	       385	80000408	01f55433	srl	x8,x10,x31	 x10:0x80009f08 x31:0x0000000e  x8=0x00020002
        3875000	       386	8000040c	52602193	slti	x3,x0,1318	  x0:0x00000000  x3=0x00000001
        3885000	       387	80000410	01bd31b3	sltu	x3,x26,x27	 x26:0x0000c90f x27:0x00000000  x3=0x00000000
        3895000	       388	80000414	ff710d03	lb	x26,-9(x2)	  x2:0x80008426 x26=0x00000000 PA:0x8000841d
        3905000	       389	80000418	41b25193	srai	x3,x4,0x1b	  x4:0x9d6dc000  x3=0xfffffff3
        3915000	       390	8000041c	ff714803	lbu	x16,-9(x2)	  x2:0x80008426 x16=0x00000000 PA:0x8000841d
        3925000	       391	80000420	00815783	lhu	x15,8(x2)	  x2:0x80008426 x15=0x00000000 PA:0x8000842e
        3935000	       392	80000424	01701db3	sll	x27,x0,x23	  x0:0x00000000 x23:0x00000000 x27=0x00000000
        3945000	       393	80000428	031e0bb7	lui	x23,0x31e0	 x23=0x031e0000
        3955000	       394	8000042c	ffb14003	lbu	x0,-5(x2)	  x2:0x80008426 PA:0x80008421
        3965000	       395	80000430	00000013	addi	x0,x0,0	  x0:0x00000000
        3975000	       396	80000434	ffe10c83	lb	x25,-2(x2)	  x2:0x80008426 x25=0x00000000 PA:0x80008424
        3985000	       397	80000438	fe410ea3	sb	x4,-3(x2)	  x2:0x80008426  x4:0x9d6dc000 PA:0x80008423
        3995000	       398	8000043c	00114b83	lbu	x23,1(x2)	  x2:0x80008426 x23=0x00000000 PA:0x80008427
        4005000	       399	80000440	ec64c713	xori	x14,x9,-314	  x9:0x00000001 x14=0xfffffec7
        4015000	       400	80000444	000107a3	sb	x0,15(x2)	  x2:0x80008426  x0:0x00000000 PA:0x80008435
        4025000	       401	80000448	ac71a713	slti	x14,x3,-1337	  x3:0xfffffff3 x14=0x00000000
        4035000	       402	8000044c	017d3f33	sltu	x30,x26,x23	 x26:0x00000000 x23:0x00000000 x30=0x00000000
        4045000	       403	80000450	be914f97	auipc	x31,0xbe914	 x31=0x3e91444c
        4055000	       404	80000454	3f437d37	lui	x26,0x3f437	 x26=0x3f437000
        4065000	       405	80000458	00fa2033	slt	x0,x20,x15	 x20:0x000dc000 x15:0x00000000
        4075000	       406	8000045c	01925633	srl	x12,x4,x25	  x4:0x9d6dc000 x25:0x00000000 x12=0x9d6dc000
        4085000	       407	80000460	ff414e03	lbu	x28,-12(x2)	  x2:0x80008426 x28=0x00000000 PA:0x8000841a
        4095000	       408	80000464	00411c03	lh	x24,4(x2)	  x2:0x80008426 x24=0x00000000 PA:0x8000842a
        4105000	       409	80000468	8f26fa93	andi	x21,x13,-1806	 x13:0xd7b2071c x21=0xd7b20010
        4115000	       410	8000046c	ff510fa3	sb	x21,-1(x2)	  x2:0x80008426 x21:0xd7b20010 PA:0x80008425
        4125000	       411	80000470	01ba7d33	and	x26,x20,x27	 x20:0x000dc000 x27:0x00000000 x26=0x00000000
        4135000	       412	80000474	41005693	srai	x13,x0,0x10	  x0:0x00000000 x13=0x00000000
        4145000	       413	80000478	00010783	lb	x15,0(x2)	  x2:0x80008426 x15=0x00000000 PA:0x80008426
        4155000	       414	8000047c	00eede33	srl	x28,x29,x14	 x29:0xf84efbf2 x14:0x00000000 x28=0xf84efbf2
        4165000	       415	80000480	014a8333	add	x6,x21,x20	 x21:0xd7b20010 x20:0x000dc000  x6=0xd7bfc010
        4175000	       416	80000484	cbabbe93	sltiu	x29,x23,-838	 x23:0x00000000 x29=0x00000001
        4185000	       417	80000488	00000013	addi	x0,x0,0	  x0:0x00000000
        4195000	       418	8000048c	40d5d633	sra	x12,x11,x13	 x11:0x00000000 x13:0x00000000 x12=0x00000000
        4205000	       419	80000490	9ef8e993	ori	x19,x17,-1553	 x17:0x1bf36000 x19=0xfffff9ef
        4215000	       420	80000494	9d257693	andi	x13,x10,-1582	 x10:0x80009f08 x13=0x80009900
        4225000	       421	80000498	41045d33	sra	x26,x8,x16	  x8:0x00020002 x16:0x00000000 x26=0x00020002
        4235000	       422	8000049c	013e6333	or	x6,x28,x19	 x28:0xf84efbf2 x19:0xfffff9ef  x6=0xfffffbff
        4245000	       423	800004a0	00310323	sb	x3,6(x2)	  x2:0x80008426  x3:0xfffffff3 PA:0x8000842c
        4255000	       424	800004a4	01229f33	sll	x30,x5,x18	  x5:0x653275b7 x18:0x80002ba8 x30=0x3275b700
        4265000	       425	800004a8	00a15383	lhu	x7,10(x2)	  x2:0x80008426  x7=0x00000000 PA:0x80008430
        4275000	       426	800004ac	00008117	auipc	x2,0x8	  x2=0x800084a8
        4285000	       427	800004b0	fa710113	addi	x2,x2,-89	  x2:0x800084a8  x2=0x8000844f
        4295000	       428	800004b4	01d122a3	sw	x29,5(x2)	  x2:0x8000844f x29:0x00000001 PA:0x80008454
        4305000	       429	800004b8	005ced33	or	x26,x25,x5	 x25:0x00000000  x5:0x653275b7 x26=0x653275b7
        4315000	       430	800004bc	0106a933	slt	x18,x13,x16	 x13:0x80009900 x16:0x00000000 x18=0x00000001
        4325000	       431	800004c0	ff210303	lb	x6,-14(x2)	  x2:0x8000844f  x6=0x00000000 PA:0x80008441
        4335000	       432	800004c4	75baa213	slti	x4,x21,1883	 x21:0xd7b20010  x4=0x00000001
        4345000	       433	800004c8	ffa10183	lb	x3,-6(x2)	  x2:0x8000844f  x3=0x00000000 PA:0x80008449
        4355000	       434	800004cc	ff911583	lh	x11,-7(x2)	  x2:0x8000844f x11=0x00000000 PA:0x80008448
        4365000	       435	800004d0	84d74913	xori	x18,x14,-1971	 x14:0x00000000 x18=0xfffff84d
        4375000	       436	800004d4	002dadb3	slt	x27,x27,x2	 x27:0x00000000  x2:0x8000844f x27=0x00000000
        4385000	       437	800004d8	01e106a3	sb	x30,13(x2)	  x2:0x8000844f x30:0x3275b700 PA:0x8000845c
        4395000	       438	800004dc	fee128a3	sw	x14,-15(x2)	  x2:0x8000844f x14:0x00000000 PA:0x80008440
        4405000	       439	800004e0	00a10903	lb	x18,10(x2)	  x2:0x8000844f x18=0x00000000 PA:0x80008459
        4415000	       440	800004e4	860f2613	slti	x12,x30,-1952	 x30:0x3275b700 x12=0x00000000
        4425000	       441	800004e8	c2483e93	sltiu	x29,x16,-988	 x16:0x00000000 x29=0x00000001
        4435000	       442	800004ec	9b213913	sltiu	x18,x2,-1614	  x2:0x8000844f x18=0x00000001
        4445000	       443	800004f0	fff11483	lh	x9,-1(x2)	  x2:0x8000844f  x9=0x00000000 PA:0x8000844e
        4455000	       444	800004f4	8057e913	ori	x18,x15,-2043	 x15:0x00000000 x18=0xfffff805
        4465000	       445	800004f8	52b30393	addi	x7,x6,1323	  x6:0x00000000  x7=0x0000052b
        4475000	       446	800004fc	00711f83	lh	x31,7(x2)	  x2:0x8000844f x31=0x00000000 PA:0x80008456
        4485000	       447	80000500	a3970893	addi	x17,x14,-1479	 x14:0x00000000 x17=0xfffffa39
        4495000	       448	80000504	00c10b83	lb	x23,12(x2)	  x2:0x8000844f x23=0x00000000 PA:0x8000845b
        4505000	       449	80000508	ff515983	lhu	x19,-11(x2)	  x2:0x8000844f x19=0x00000000 PA:0x80008444
        4515000	       450	8000050c	01f65093	srli	x1,x12,0x1f	 x12:0x00000000  x1=0x00000000
        4525000	       451	80000510	00a10d83	lb	x27,10(x2)	  x2:0x8000844f x27=0x00000000 PA:0x80008459
        4535000	       452	80000514	ffe10703	lb	x14,-2(x2)	  x2:0x8000844f x14=0x00000000 PA:0x8000844d
        4545000	       453	80000518	00010c03	lb	x24,0(x2)	  x2:0x8000844f x24=0x00000000 PA:0x8000844f
        4555000	       454	8000051c	20134a17	auipc	x20,0x20134	 x20=0xa0134518
        4565000	       455	80000520	ff111da3	sh	x17,-5(x2)	  x2:0x8000844f x17:0xfffffa39 PA:0x8000844a
        4575000	       456	80000524	00b280b3	add	x1,x5,x11	  x5:0x653275b7 x11:0x00000000  x1=0x653275b7
        4585000	       457	80000528	00111083	lh	x1,1(x2)	  x2:0x8000844f  x1=0x00000000 PA:0x80008450
        4595000	       458	8000052c	00a20f33	add	x30,x4,x10	  x4:0x00000001 x10:0x80009f08 x30=0x80009f09
        4605000	       459	80000530	01290233	add	x4,x18,x18	 x18:0xfffff805 x18:0xfffff805  x4=0xfffff00a
        4615000	       460	80000534	ffa10aa3	sb	x26,-11(x2)	  x2:0x8000844f x26:0x653275b7 PA:0x80008444
        4625000	       461	80000538	00ff1193	slli	x3,x30,0xf	 x30:0x80009f09  x3=0x4f848000
        4635000	       462	8000053c	00c71193	slli	x3,x14,0xc	 x14:0x00000000  x3=0x00000000
        4645000	       463	80000540	01828bb3	add	x23,x5,x24	  x5:0x653275b7 x24:0x00000000 x23=0x653275b7
        4655000	       464	80000544	3b6bf593	andi	x11,x23,950	 x23:0x653275b7 x11=0x000001b6
        4665000	       465	80000548	02bc5263	bge	x24,x11,8000056c	 x24:0x00000000 x11:0x000001b6
        4675000	       466	8000054c	0b3fb093	sltiu	x1,x31,179	 x31:0x00000000  x1=0x00000001
        4685000	       467	80000550	51248213	addi	x4,x9,1298	  x9:0x00000000  x4=0x00000512
        4695000	       468	80000554	016a9e63	bne	x21,x22,80000570	 x21:0xd7b20010 x22:0x80009fc4
        4705000	       469	00000000	00000013	addi	x0,x0,0	  x0:0x00000000
        4715000	       470	8000056c	00000013	addi	x0,x0,0	  x0:0x00000000
        4725000	       471	80000570	03594463	blt	x18,x21,80000598	 x18:0xfffff805 x21:0xd7b20010
        4735000	       472	80000574	04b85063	bge	x16,x11,800005b4	 x16:0x00000000 x11:0x000001b6
        4745000	       473	80000578	963cee13	ori	x28,x25,-1693	 x25:0x00000000 x28=0xfffff963
        4755000	       474	8000057c	4107db93	srai	x23,x15,0x10	 x15:0x00000000 x23=0x00000000
        4765000	       475	80000580	00145f33	srl	x30,x8,x1	  x8:0x00020002  x1:0x00000001 x30=0x00010001
        4775000	       476	80000584	02864c63	blt	x12,x8,800005bc	 x12:0x00000000  x8:0x00020002
        4785000	       477	00000000	00000013	addi	x0,x0,0	  x0:0x00000000
        4795000	       478	800005b8	00000013	addi	x0,x0,0	  x0:0x00000000
        4805000	       479	800005bc	01979a33	sll	x20,x15,x25	 x15:0x00000000 x25:0x00000000 x20=0x00000000
        4815000	       480	800005c0	01a0a4b3	slt	x9,x1,x26	  x1:0x00000001 x26:0x653275b7  x9=0x00000001
        4825000	       481	800005c4	41b9de93	srai	x29,x19,0x1b	 x19:0x00000000 x29=0x00000000
        4835000	       482	800005c8	19d9ae13	slti	x28,x19,413	 x19:0x00000000 x28=0x00000001
        4845000	       483	800005cc	00590333	add	x6,x18,x5	 x18:0xfffff805  x5:0x653275b7  x6=0x65326dbc
        4855000	       484	800005d0	021cce63	blt	x25,x1,8000060c	 x25:0x00000000  x1:0x00000001
        4865000	       485	00000000	00000013	addi	x0,x0,0	  x0:0x00000000
        4875000	       486	80000608	00000013	addi	x0,x0,0	  x0:0x00000000
        4885000	       487	8000060c	41eddd93	srai	x27,x27,0x1e	 x27:0x00000000 x27=0x00000000
        4895000	       488	80000610	014e0a63	beq	x28,x20,80000624	 x28:0x00000001 x20:0x00000000
        4905000	       489	80000614	b5cee093	ori	x1,x29,-1188	 x29:0x00000000  x1=0xfffffb5c
        4915000	       490	80000618	dc7aca13	xori	x20,x21,-569	 x21:0xd7b20010 x20=0x284dfdd7
        4925000	       491	8000061c	00000013	addi	x0,x0,0	  x0:0x00000000
        4935000	       492	80000620	00000013	addi	x0,x0,0	  x0:0x00000000
        4945000	       493	80000624	8645b893	sltiu	x17,x11,-1948	 x11:0x000001b6 x17=0x00000001
        4955000	       494	80000628	01457863	bgeu	x10,x20,80000638	 x10:0x80009f08 x20:0x284dfdd7
        4965000	       495	00000000	00000013	addi	x0,x0,0	  x0:0x00000000
        4975000	       496	80000634	00000013	addi	x0,x0,0	  x0:0x00000000
        4985000	       497	80000638	0151d1b3	srl	x3,x3,x21	  x3:0x00000000 x21:0xd7b20010  x3=0x00000000
        4995000	       498	8000063c	01f864b3	or	x9,x16,x31	 x16:0x00000000 x31:0x00000000  x9=0x00000000
        5005000	       499	80000640	008a8633	add	x12,x21,x8	 x21:0xd7b20010  x8:0x00020002 x12=0xd7b40012
        5015000	       500	80000644	019d5a63	bge	x26,x25,80000658	 x26:0x653275b7 x25:0x00000000
        5025000	       501	00000000	00000013	addi	x0,x0,0	  x0:0x00000000
        5035000	       502	80000654	00000013	addi	x0,x0,0	  x0:0x00000000
        5045000	       503	80000658	0741d663	bge	x3,x20,800006c4	  x3:0x00000000 x20:0x284dfdd7
        5055000	       504	8000065c	00000013	addi	x0,x0,0	  x0:0x00000000
        5065000	       505	80000660	418d8eb3	sub	x29,x27,x24	 x27:0x00000000 x24:0x00000000 x29=0x00000000
        5075000	       506	80000664	04e00663	beq	x0,x14,800006b0	  x0:0x00000000 x14:0x00000000
        5085000	       507	00000000	00000013	addi	x0,x0,0	  x0:0x00000000
        5095000	       508	800006ac	00000013	addi	x0,x0,0	  x0:0x00000000
        5105000	       509	800006b0	03691663	bne	x18,x22,800006dc	 x18:0xfffff805 x22:0x80009fc4
        5115000	       510	00000000	00000013	addi	x0,x0,0	  x0:0x00000000
        5125000	       511	800006d8	00000013	addi	x0,x0,0	  x0:0x00000000
        5135000	       512	800006dc	016f1213	slli	x4,x30,0x16	 x30:0x00010001  x4=0x00400000
        5145000	       513	800006e0	02b28a63	beq	x5,x11,80000714	  x5:0x653275b7 x11:0x000001b6
        5155000	       514	800006e4	00e3cd33	xor	x26,x7,x14	  x7:0x0000052b x14:0x00000000 x26=0x0000052b
        5165000	       515	800006e8	040ef863	bgeu	x29,x0,80000738	 x29:0x00000000  x0:0x00000000
        5175000	       516	00000000	00000013	addi	x0,x0,0	  x0:0x00000000
        5185000	       517	80000734	00000013	addi	x0,x0,0	  x0:0x00000000
        5195000	       518	80000738	00ba8a63	beq	x21,x11,8000074c	 x21:0xd7b20010 x11:0x000001b6
        5205000	       519	8000073c	40220133	sub	x2,x4,x2	  x4:0x00400000  x2:0x8000844f  x2=0x803f7bb1
        5215000	       520	80000740	b90b0f97	auipc	x31,0xb90b0	 x31=0x390b073c
        5225000	       521	80000744	00f56eb3	or	x29,x10,x15	 x10:0x80009f08 x15:0x00000000 x29=0x80009f08
        5235000	       522	80000748	01466033	or	x0,x12,x20	 x12:0xd7b40012 x20:0x284dfdd7
        5245000	       523	8000074c	00ff1593	slli	x11,x30,0xf	 x30:0x00010001 x11=0x80008000
        5255000	       524	80000750	401581b3	sub	x3,x11,x1	 x11:0x80008000  x1:0xfffffb5c  x3=0x800084a4
        5265000	       525	80000754	5ff43d93	sltiu	x27,x8,1535	  x8:0x00020002 x27=0x00000000
        5275000	       526	80000758	013a8033	add	x0,x21,x19	 x21:0xd7b20010 x19:0x00000000
        5285000	       527	8000075c	00679463	bne	x15,x6,80000764	 x15:0x00000000  x6:0x65326dbc
        5295000	       528	00000000	00000013	addi	x0,x0,0	  x0:0x00000000
        5305000	       529	80000760	00000013	addi	x0,x0,0	  x0:0x00000000
        5315000	       530	80000764	00000013	addi	x0,x0,0	  x0:0x00000000
        5325000	       531	80000768	009f4263	blt	x30,x9,8000076c	 x30:0x00010001  x9:0x00000000
        5335000	       532	8000076c	00cc0c63	beq	x24,x12,80000784	 x24:0x00000000 x12:0xd7b40012
        5345000	       533	80000770	43434d13	xori	x26,x6,1076	  x6:0x65326dbc x26=0x65326988
        5355000	       534	80000774	ecebc393	xori	x7,x23,-306	 x23:0x00000000  x7=0xfffffece
        5365000	       535	80000778	0105ea33	or	x20,x11,x16	 x11:0x80008000 x16:0x00000000 x20=0x80008000
        5375000	       536	8000077c	29828593	addi	x11,x5,664	  x5:0x653275b7 x11=0x6532784f
        5385000	       537	80000780	ce100a93	addi	x21,x0,-799	  x0:0x00000000 x21=0xfffffce1
        5395000	       538	80000784	cd0ec8b7	lui	x17,0xcd0ec	 x17=0xcd0ec000
        5405000	       539	80000788	0381fc63	bgeu	x3,x24,800007c0	  x3:0x800084a4 x24:0x00000000
        5415000	       540	00000000	00000013	addi	x0,x0,0	  x0:0x00000000
        5425000	       541	800007bc	00000013	addi	x0,x0,0	  x0:0x00000000
        5435000	       542	800007c0	400d0233	sub	x4,x26,x0	 x26:0x65326988  x0:0x00000000  x4=0x65326988
        5445000	       543	800007c4	04591463	bne	x18,x5,8000080c	 x18:0xfffff805  x5:0x653275b7
        5455000	       544	00000000	00000013	addi	x0,x0,0	  x0:0x00000000
        5465000	       545	80000808	00000013	addi	x0,x0,0	  x0:0x00000000
        5475000	       546	8000080c	0178f463	bgeu	x17,x23,80000814	 x17:0xcd0ec000 x23:0x00000000
        5485000	       547	00000000	00000013	addi	x0,x0,0	  x0:0x00000000
        5495000	       548	80000810	00000013	addi	x0,x0,0	  x0:0x00000000
        5505000	       549	80000814	d894cf93	xori	x31,x9,-631	  x9:0x00000000 x31=0xfffffd89
        5515000	       550	80000818	00e5d613	srli	x12,x11,0xe	 x11:0x6532784f x12=0x000194c9
        5525000	       551	8000081c	23d84993	xori	x19,x16,573	 x16:0x00000000 x19=0x0000023d
        5535000	       552	80000820	a36c6917	auipc	x18,0xa36c6	 x18=0x236c681c
        5545000	       553	80000824	409251b3	sra	x3,x4,x9	  x4:0x65326988  x9:0x00000000  x3=0x65326988
        5555000	       554	80000828	011e86b3	add	x13,x29,x17	 x29:0x80009f08 x17:0xcd0ec000 x13=0x4d0f5f08
        5565000	       555	8000082c	8bf43e93	sltiu	x29,x8,-1857	  x8:0x00020002 x29=0x00000001
        5575000	       556	80000830	001f5c33	srl	x24,x30,x1	 x30:0x00010001  x1:0xfffffb5c x24=0x00000000
        5585000	       557	80000834	000da7b3	slt	x15,x27,x0	 x27:0x00000000  x0:0x00000000 x15=0x00000000
        5595000	       558	80000838	c0acf393	andi	x7,x25,-1014	 x25:0x00000000  x7=0x00000000
        5605000	       559	8000083c	002505b3	add	x11,x10,x2	 x10:0x80009f08  x2:0x803f7bb1 x11=0x00401ab9
        5615000	       560	80000840	26670013	addi	x0,x14,614	 x14:0x00000000
        5625000	       561	80000844	015d8fb3	add	x31,x27,x21	 x27:0x00000000 x21:0xfffffce1 x31=0xfffffce1
        5635000	       562	80000848	02bbda63	bge	x23,x11,8000087c	 x23:0x00000000 x11:0x00401ab9
        5645000	       563	8000084c	00709263	bne	x1,x7,80000850	  x1:0xfffffb5c  x7:0x00000000
        5655000	       564	00000000	00000013	addi	x0,x0,0	  x0:0x00000000
        5665000	       565	8000084c	00000013	addi	x0,x0,0	  x0:0x00000000
        5675000	       566	80000850	00043333	sltu	x6,x8,x0	  x8:0x00020002  x0:0x00000000  x6=0x00000000
        5685000	       567	80000854	00250263	beq	x10,x2,80000858	 x10:0x80009f08  x2:0x803f7bb1
        5695000	       568	80000858	0198d713	srli	x14,x17,0x19	 x17:0xcd0ec000 x14=0x00000066
        5705000	       569	8000085c	63e74a93	xori	x21,x14,1598	 x14:0x00000066 x21=0x00000658
        5715000	       570	80000860	03295a63	bge	x18,x18,80000894	 x18:0x236c681c x18:0x236c681c
        5725000	       571	00000000	00000013	addi	x0,x0,0	  x0:0x00000000
        5735000	       572	80000890	00000013	addi	x0,x0,0	  x0:0x00000000
        5745000	       573	80000894	0082cf33	xor	x30,x5,x8	  x5:0x653275b7  x8:0x00020002 x30=0x653075b5
        5755000	       574	80000898	03881463	bne	x16,x24,800008c0	 x16:0x00000000 x24:0x00000000
        5765000	       575	8000089c	0061ce63	blt	x3,x6,800008b8	  x3:0x65326988  x6:0x00000000
        5775000	       576	800008a0	019c81b3	add	x3,x25,x25	 x25:0x00000000 x25:0x00000000  x3=0x00000000
        5785000	       577	800008a4	00336463	bltu	x6,x3,800008ac	  x6:0x00000000  x3:0x00000000
        5795000	       578	800008a8	67e8fe93	andi	x29,x17,1662	 x17:0xcd0ec000 x29=0x00000000
        5805000	       579	800008ac	7fa9b993	sltiu	x19,x19,2042	 x19:0x0000023d x19=0x00000001
        5815000	       580	800008b0	019e1e93	slli	x29,x28,0x19	 x28:0x00000001 x29=0x02000000
        5825000	       581	800008b4	00f59313	slli	x6,x11,0xf	 x11:0x00401ab9  x6=0x0d5c8000
        5835000	       582	800008b8	415a5a33	sra	x20,x20,x21	 x20:0x80008000 x21:0x00000658 x20=0xffffff80
        5845000	       583	800008bc	418b8833	sub	x16,x23,x24	 x23:0x00000000 x24:0x00000000 x16=0x00000000
        5855000	       584	800008c0	1883de97	auipc	x29,0x1883d	 x29=0x9883d8bc
        5865000	       585	800008c4	3dfda917	auipc	x18,0x3dfda	 x18=0xbdfda8c0
        5875000	       586	800008c8	402d8ab3	sub	x21,x27,x2	 x27:0x00000000  x2:0x803f7bb1 x21=0x7fc0844f
        5885000	       587	800008cc	00ff6933	or	x18,x30,x15	 x30:0x653075b5 x15:0x00000000 x18=0x653075b5
        5895000	       588	800008d0	00c93833	sltu	x16,x18,x12	 x18:0x653075b5 x12:0x000194c9 x16=0x00000000
        5905000	       589	800008d4	0152a0b3	slt	x1,x5,x21	  x5:0x653275b7 x21:0x7fc0844f  x1=0x00000001
        5915000	       590	800008d8	00ea64b3	or	x9,x20,x14	 x20:0xffffff80 x14:0x00000066  x9=0xffffffe6
        5925000	       591	800008dc	71224493	xori	x9,x4,1810	  x4:0x65326988  x9=0x65326e9a
        5935000	       592	800008e0	00138bb3	add	x23,x7,x1	  x7:0x00000000  x1:0x00000001 x23=0x00000001
        5945000	       593	800008e4	414150b3	sra	x1,x2,x20	  x2:0x803f7bb1 x20:0xffffff80  x1=0x803f7bb1
        5955000	       594	800008e8	950f0117	auipc	x2,0x950f0	  x2=0x150f08e4
        5965000	       595	800008ec	88767613	andi	x12,x12,-1913	 x12:0x000194c9 x12=0x00019081
        5975000	       596	800008f0	68857f13	andi	x30,x10,1672	 x10:0x80009f08 x30=0x00000608
        5985000	       597	800008f4	045fd863	bge	x31,x5,80000944	 x31:0xfffffce1  x5:0x653275b7
        5995000	       598	800008f8	00e5cc63	blt	x11,x14,80000910	 x11:0x00401ab9 x14:0x00000066
        6005000	       599	800008fc	01ff75b3	and	x11,x30,x31	 x30:0x00000608 x31:0xfffffce1 x11=0x00000400
        6015000	       600	80000900	033eee63	bltu	x29,x19,8000093c	 x29:0x9883d8bc x19:0x00000001
        6025000	       601	80000904	9afba897	auipc	x17,0x9afba	 x17=0x1afba900
        6035000	       602	80000908	03ecc863	blt	x25,x30,80000938	 x25:0x00000000 x30:0x00000608
        6045000	       603	00000000	00000013	addi	x0,x0,0	  x0:0x00000000
        6055000	       604	80000934	00000013	addi	x0,x0,0	  x0:0x00000000
        6065000	       605	80000938	a8ddc7b7	lui	x15,0xa8ddc	 x15=0xa8ddc000
        6075000	       606	8000093c	00f17333	and	x6,x2,x15	  x2:0x150f08e4 x15:0xa8ddc000  x6=0x000d0000
        6085000	       607	80000940	00f78a63	beq	x15,x15,80000954	 x15:0xa8ddc000 x15:0xa8ddc000
        6095000	       608	00000000	00000013	addi	x0,x0,0	  x0:0x00000000
        6105000	       609	80000950	00000013	addi	x0,x0,0	  x0:0x00000000
        6115000	       610	80000954	c577b793	sltiu	x15,x15,-937	 x15:0xa8ddc000 x15=0x00000001
        6125000	       611	80000958	40744617	auipc	x12,0x40744	 x12=0xc0744954
        6135000	       612	8000095c	13d3ee93	ori	x29,x7,317	  x7:0x00000000 x29=0x0000013d
        6145000	       613	80000960	01bb2db3	slt	x27,x22,x27	 x22:0x80009fc4 x27:0x00000000 x27=0x00000001
        6155000	       614	80000964	0000ea63	bltu	x1,x0,80000978	  x1:0x803f7bb1  x0:0x00000000
        6165000	       615	80000968	5d402393	slti	x7,x0,1492	  x0:0x00000000  x7=0x00000001
        6175000	       616	8000096c	00b0f9b3	and	x19,x1,x11	  x1:0x803f7bb1 x11:0x00000400 x19=0x00000000
        6185000	       617	80000970	00599c93	slli	x25,x19,0x5	 x19:0x00000000 x25=0x00000000
        6195000	       618	80000974	05d0c063	blt	x1,x29,800009b4	  x1:0x803f7bb1 x29:0x0000013d
        6205000	       619	00000000	00000013	addi	x0,x0,0	  x0:0x00000000
        6215000	       620	800009b0	00000013	addi	x0,x0,0	  x0:0x00000000
        6225000	       621	800009b4	01728a63	beq	x5,x23,800009c8	  x5:0x653275b7 x23:0x00000001
        6235000	       622	800009b8	56db6797	auipc	x15,0x56db6	 x15=0xd6db69b4
        6245000	       623	800009bc	012a1633	sll	x12,x20,x18	 x20:0xffffff80 x18:0x653075b5 x12=0xf0000000
        6255000	       624	800009c0	4118d8b3	sra	x17,x17,x17	 x17:0x1afba900 x17:0x1afba900 x17=0x1afba900
        6265000	       625	800009c4	d0ddea93	ori	x21,x27,-755	 x27:0x00000001 x21=0xfffffd0d
        6275000	       626	800009c8	03d29a63	bne	x5,x29,800009fc	  x5:0x653275b7 x29:0x0000013d
        6285000	       627	00000000	00000013	addi	x0,x0,0	  x0:0x00000000
        6295000	       628	800009f8	00000013	addi	x0,x0,0	  x0:0x00000000
        6305000	       629	800009fc	018edd33	srl	x26,x29,x24	 x29:0x0000013d x24:0x00000000 x26=0x0000013d
        6315000	       630	80000a00	15cf2993	slti	x19,x30,348	 x30:0x00000608 x19=0x00000000
        6325000	       631	80000a04	2a14c193	xori	x3,x9,673	  x9:0x65326e9a  x3=0x65326c3b
        6335000	       632	80000a08	c9926c37	lui	x24,0xc9926	 x24=0xc9926000
        6345000	       633	80000a0c	c57cbe17	auipc	x28,0xc57cb	 x28=0x457cba08
        6355000	       634	80000a10	e5f28613	addi	x12,x5,-417	  x5:0x653275b7 x12=0x65327416
        6365000	       635	80000a14	61277493	andi	x9,x14,1554	 x14:0x00000066  x9=0x00000002
        6375000	       636	80000a18	01661663	bne	x12,x22,80000a24	 x12:0x65327416 x22:0x80009fc4
        6385000	       637	00000000	00000013	addi	x0,x0,0	  x0:0x00000000
        6395000	       638	80000a20	00000013	addi	x0,x0,0	  x0:0x00000000
        6405000	       639	80000a24	df53c237	lui	x4,0xdf53c	  x4=0xdf53c000
        6415000	       640	80000a28	012edcb3	srl	x25,x29,x18	 x29:0x0000013d x18:0x653075b5 x25=0x00000000
        6425000	       641	80000a2c	bc214713	xori	x14,x2,-1086	  x2:0x150f08e4 x14=0xeaf0f326
        6435000	       642	80000a30	00000013	addi	x0,x0,0	  x0:0x00000000
        6445000	       643	80000a34	0051ceb3	xor	x29,x3,x5	  x3:0x65326c3b  x5:0x653275b7 x29=0x0000198c
        6455000	       644	80000a38	ab299197	auipc	x3,0xab299	  x3=0x2b299a34
        6465000	       645	80000a3c	815ec413	xori	x8,x29,-2027	 x29:0x0000198c  x8=0xffffe199
        6475000	       646	80000a40	b3f43313	sltiu	x6,x8,-1217	  x8:0xffffe199  x6=0x00000001
        6485000	       647	80000a44	d54f0813	addi	x16,x30,-684	 x30:0x00000608 x16=0x0000035c
        6495000	       648	80000a48	01dbdc33	srl	x24,x23,x29	 x23:0x00000001 x29:0x0000198c x24=0x00000000
        6505000	       649	80000a4c	01782433	slt	x8,x16,x23	 x16:0x0000035c x23:0x00000001  x8=0x00000000
        6515000	       650	80000a50	02507663	bgeu	x0,x5,80000a7c	  x0:0x00000000  x5:0x653275b7
        6525000	       651	80000a54	7b984e93	xori	x29,x16,1977	 x16:0x0000035c x29=0x000004e5
        6535000	       652	80000a58	29990813	addi	x16,x18,665	 x18:0x653075b5 x16=0x6530784e
        6545000	       653	80000a5c	00f9e033	or	x0,x19,x15	 x19:0x00000000 x15:0xd6db69b4
        6555000	       654	80000a60	b361ae93	slti	x29,x3,-1226	  x3:0x2b299a34 x29=0x00000000
        6565000	       655	80000a64	005466b3	or	x13,x8,x5	  x8:0x00000000  x5:0x653275b7 x13=0x653275b7
        6575000	       656	80000a68	8d2e7913	andi	x18,x28,-1838	 x28:0x457cba08 x18=0x457cb800
        6585000	       657	80000a6c	402cddb3	sra	x27,x25,x2	 x25:0x00000000  x2:0x150f08e4 x27=0x00000000
        6595000	       658	80000a70	01e1ee33	or	x28,x3,x30	  x3:0x2b299a34 x30:0x00000608 x28=0x2b299e3c
        6605000	       659	80000a74	00f39e63	bne	x7,x15,80000a90	  x7:0x00000001 x15:0xd6db69b4
        6615000	       660	00000000	00000013	addi	x0,x0,0	  x0:0x00000000
        6625000	       661	80000a8c	00000013	addi	x0,x0,0	  x0:0x00000000
        6635000	       662	80000a90	07e0ac37	lui	x24,0x7e0a	 x24=0x07e0a000
        6645000	       663	80000a94	001648b3	xor	x17,x12,x1	 x12:0x65327416  x1:0x803f7bb1 x17=0xe50d0fa7
        6655000	       664	80000a98	03740263	beq	x8,x23,80000abc	  x8:0x00000000 x23:0x00000001
        6665000	       665	80000a9c	00c59193	slli	x3,x11,0xc	 x11:0x00000400  x3=0x00400000
        6675000	       666	80000aa0	2e1b2593	slti	x11,x22,737	 x22:0x80009fc4 x11=0x00000001
        6685000	       667	80000aa4	00fafab3	and	x21,x21,x15	 x21:0xfffffd0d x15:0xd6db69b4 x21=0xd6db6904
        6695000	       668	80000aa8	01625863	bge	x4,x22,80000ab8	  x4:0xdf53c000 x22:0x80009fc4
        6705000	       669	00000000	00000013	addi	x0,x0,0	  x0:0x00000000
        6715000	       670	80000ab4	00000013	addi	x0,x0,0	  x0:0x00000000
        6725000	       671	80000ab8	414e0133	sub	x2,x28,x20	 x28:0x2b299e3c x20:0xffffff80  x2=0x2b299ebc
        6735000	       672	80000abc	4005fe97	auipc	x29,0x4005f	 x29=0xc005fab8
        6745000	       673	80000ac0	1557ecb7	lui	x25,0x1557e	 x25=0x1557e000
        6755000	       674	80000ac4	41b180b3	sub	x1,x3,x27	  x3:0x00400000 x27:0x00000000  x1=0x00400000
        6765000	       675	80000ac8	013d67b3	or	x15,x26,x19	 x26:0x0000013d x19:0x00000000 x15=0x0000013d
        6775000	       676	80000acc	6363b493	sltiu	x9,x7,1590	  x7:0x00000001  x9=0x00000001
        6785000	       677	80000ad0	0074ff33	and	x30,x9,x7	  x9:0x00000001  x7:0x00000001 x30=0x00000001
        6795000	       678	80000ad4	010e8a63	beq	x29,x16,80000ae8	 x29:0xc005fab8 x16:0x6530784e
        6805000	       679	80000ad8	41fb5db3	sra	x27,x22,x31	 x22:0x80009fc4 x31:0xfffffce1 x27=0xc0004fe2
        6815000	       680	80000adc	01eb8733	add	x14,x23,x30	 x23:0x00000001 x30:0x00000001 x14=0x00000002
        6825000	       681	80000ae0	7e61e593	ori	x11,x3,2022	  x3:0x00400000 x11=0x004007e6
        6835000	       682	80000ae4	016a6263	bltu	x20,x22,80000ae8	 x20:0xffffff80 x22:0x80009fc4
        6845000	       683	80000ae8	9d188797	auipc	x15,0x9d188	 x15=0x1d188ae4
        6855000	       684	80000aec	00a28263	beq	x5,x10,80000af0	  x5:0x653275b7 x10:0x80009f08
        6865000	       685	80000af0	40935a33	sra	x20,x6,x9	  x6:0x00000001  x9:0x00000001 x20=0x00000000
        6875000	       686	80000af4	4022db93	srai	x23,x5,0x2	  x5:0x653275b7 x23=0x194c9d6d
        6885000	       687	80000af8	00452183	lw	x3,4(x10)	 x10:0x80009f08  x3=0x80005e88 PA:0x80009f0c
        6895000	       688	80000afc	40c35413	srai	x8,x6,0xc	  x6:0x00000001  x8=0x00000000
        6905000	       689	80000b00	4016d493	srai	x9,x13,0x1	 x13:0x653275b7  x9=0x32993adb
        6915000	       690	80000b04	419b0233	sub	x4,x22,x25	 x22:0x80009fc4 x25:0x1557e000  x4=0x6aa8bfc4
        6925000	       691	80000b08	02050513	addi	x10,x10,32	 x10:0x80009f08 x10=0x80009f28
        6935000	       692	80000b0c	03378c93	addi	x25,x15,51	 x15:0x1d188ae4 x25=0x1d188b17
        6945000	       693	80000b10	01a38633	add	x12,x7,x26	  x7:0x00000001 x26:0x0000013d x12=0x0000013e
        6955000	       694	80000b14	fbb12113	slti	x2,x2,-69	  x2:0x2b299ebc  x2=0x00000000
        6965000	       695	80000b18	392c3d93	sltiu	x27,x24,914	 x24:0x07e0a000 x27=0x00000000
        6975000	       696	80000b1c	00c23333	sltu	x6,x4,x12	  x4:0x6aa8bfc4 x12:0x0000013e  x6=0x00000000
        6985000	       697	80000b20	a4b06c93	ori	x25,x0,-1461	  x0:0x00000000 x25=0xfffffa4b
        6995000	       698	80000b24	00018e93	addi	x29,x3,0	  x3:0x80005e88 x29=0x80005e88
        7005000	       699	80000b28	000e8ee7	jalr	x29,x29,0	 x29:0x80005e88 x29=0x80000b28
        7015000	       700	00000000	00000013	addi	x0,x0,0	  x0:0x00000000
        7025000	       701	80005e88	00000013	addi	x0,x0,0	  x0:0x00000000
        7035000	       702	80005e8c	00003e97	auipc	x29,0x3	 x29=0x80008e88
        7045000	       703	80005e90	f54e8e93	addi	x29,x29,-172	 x29:0x80008e88 x29=0x80008ddc
        7055000	       704	80005e94	030ea483	lw	x9,48(x29)	 x29:0x80008ddc  x9=0x00000000 PA:0x80008e0c
        7065000	       705	80005e98	ffcedf83	lhu	x31,-4(x29)	 x29:0x80008ddc x31=0x00000000 PA:0x80008dd8
        7075000	       706	80005e9c	f2317337	lui	x6,0xf2317	  x6=0xf2317000
        7085000	       707	80005ea0	16388013	addi	x0,x17,355	 x17:0xe50d0fa7
        7095000	       708	80005ea4	00cea183	lw	x3,12(x29)	 x29:0x80008ddc  x3=0x00000000 PA:0x80008de8
        7105000	       709	80005ea8	9fcdaf93	slti	x31,x27,-1540	 x27:0x00000000 x31=0x00000000
        7115000	       710	80005eac	03ae8f03	lb	x30,58(x29)	 x29:0x80008ddc x30=0x00000000 PA:0x80008e16
        7125000	       711	80005eb0	034e8683	lb	x13,52(x29)	 x29:0x80008ddc x13=0x00000000 PA:0x80008e10
        7135000	       712	80005eb4	fcae83a3	sb	x10,-57(x29)	 x29:0x80008ddc x10:0x80009f28 PA:0x80008da3
        7145000	       713	80005eb8	021eca03	lbu	x20,33(x29)	 x29:0x80008ddc x20=0x00000000 PA:0x80008dfd
        7155000	       714	80005ebc	feee80a3	sb	x14,-31(x29)	 x29:0x80008ddc x14:0x00000002 PA:0x80008dbd
        7165000	       715	80005ec0	feeed983	lhu	x19,-18(x29)	 x29:0x80008ddc x19=0x00000000 PA:0x80008dca
        7175000	       716	80005ec4	ff4e8aa3	sb	x20,-11(x29)	 x29:0x80008ddc x20:0x00000000 PA:0x80008dd1
        7185000	       717	80005ec8	023eca03	lbu	x20,35(x29)	 x29:0x80008ddc x20=0x00000000 PA:0x80008dff
        7195000	       718	80005ecc	40ead6b3	sra	x13,x21,x14	 x21:0xd6db6904 x14:0x00000002 x13=0xf5b6da41
        7205000	       719	80005ed0	ce230213	addi	x4,x6,-798	  x6:0xf2317000  x4=0xf2316ce2
        7215000	       720	80005ed4	01fe86a3	sb	x31,13(x29)	 x29:0x80008ddc x31:0x00000000 PA:0x80008de9
        7225000	       721	80005ed8	028e8da3	sb	x8,59(x29)	 x29:0x80008ddc  x8:0x00000000 PA:0x80008e17
        7235000	       722	80005edc	fc6edd83	lhu	x27,-58(x29)	 x29:0x80008ddc x27=0x00002800 PA:0x80008da2
        7245000	       723	80005ee0	038ea303	lw	x6,56(x29)	 x29:0x80008ddc  x6=0x00000000 PA:0x80008e14
        7255000	       724	80005ee4	fccec583	lbu	x11,-52(x29)	 x29:0x80008ddc x11=0x00000000 PA:0x80008da8
        7265000	       725	80005ee8	fc3ec803	lbu	x16,-61(x29)	 x29:0x80008ddc x16=0x00000000 PA:0x80008d9f
        7275000	       726	80005eec	727a3d93	sltiu	x27,x20,1831	 x20:0x00000000 x27=0x00000001
        7285000	       727	80005ef0	41082313	slti	x6,x16,1040	 x16:0x00000000  x6=0x00000001
        7295000	       728	80005ef4	024ed403	lhu	x8,36(x29)	 x29:0x80008ddc  x8=0x00000000 PA:0x80008e00
        7305000	       729	80005ef8	01d6be33	sltu	x28,x13,x29	 x13:0xf5b6da41 x29:0x80008ddc x28=0x00000000
        7315000	       730	80005efc	01901613	slli	x12,x0,0x19	  x0:0x00000000 x12=0x00000000
        7325000	       731	80005f00	016e83a3	sb	x22,7(x29)	 x29:0x80008ddc x22:0x80009fc4 PA:0x80008de3
        7335000	       732	80005f04	fcdec603	lbu	x12,-51(x29)	 x29:0x80008ddc x12=0x00000000 PA:0x80008da9
        7345000	       733	80005f08	6e35bd37	lui	x26,0x6e35b	 x26=0x6e35b000
        7355000	       734	80005f0c	019e8403	lb	x8,25(x29)	 x29:0x80008ddc  x8=0x00000000 PA:0x80008df5
        7365000	       735	80005f10	feee8c03	lb	x24,-18(x29)	 x29:0x80008ddc x24=0x00000000 PA:0x80008dca
        7375000	       736	80005f14	000edc03	lhu	x24,0(x29)	 x29:0x80008ddc x24=0x00000000 PA:0x80008ddc
        7385000	       737	80005f18	fd1e8323	sb	x17,-58(x29)	 x29:0x80008ddc x17:0xe50d0fa7 PA:0x80008da2
        7395000	       738	80005f1c	00bbd693	srli	x13,x23,0xb	 x23:0x194c9d6d x13=0x00032993
        7405000	       739	80005f20	00000013	addi	x0,x0,0	  x0:0x00000000
        7415000	       740	80005f24	327d3c93	sltiu	x25,x26,807	 x26:0x6e35b000 x25=0x00000000
        7425000	       741	80005f28	fe6e8403	lb	x8,-26(x29)	 x29:0x80008ddc  x8=0x00000000 PA:0x80008dc2
        7435000	       742	80005f2c	030e9423	sh	x16,40(x29)	 x29:0x80008ddc x16:0x00000000 PA:0x80008e04
        7445000	       743	80005f30	00fe8303	lb	x6,15(x29)	 x29:0x80008ddc  x6=0x00000000 PA:0x80008deb
        7455000	       744	80005f34	ff8e9023	sh	x24,-32(x29)	 x29:0x80008ddc x24:0x00000000 PA:0x80008dbc
        7465000	       745	80005f38	fc8e9e23	sh	x8,-36(x29)	 x29:0x80008ddc  x8:0x00000000 PA:0x80008db8
        7475000	       746	80005f3c	00002317	auipc	x6,0x2	  x6=0x80007f38
        7485000	       747	80005f40	51430313	addi	x6,x6,1300	  x6:0x80007f38  x6=0x8000844c
        7495000	       748	80005f44	08e34803	lbu	x16,142(x6)	  x6:0x8000844c x16=0x00000000 PA:0x800084da
        7505000	       749	80005f48	41b885b3	sub	x11,x17,x27	 x17:0xe50d0fa7 x27:0x00000001 x11=0xe50d0fa6
        7515000	       750	80005f4c	05334383	lbu	x7,83(x6)	  x6:0x8000844c  x7=0x00000000 PA:0x8000849f
        7525000	       751	80005f50	017d38b3	sltu	x17,x26,x23	 x26:0x6e35b000 x23:0x194c9d6d x17=0x00000000
        7535000	       752	80005f54	00711033	sll	x0,x2,x7	  x2:0x00000000  x7:0x00000000
        7545000	       753	80005f58	f3430c03	lb	x24,-204(x6)	  x6:0x8000844c x24=0x00000000 PA:0x80008380
        7555000	       754	80005f5c	ff730583	lb	x11,-9(x6)	  x6:0x8000844c x11=0x00000000 PA:0x80008443
        7565000	       755	00000000	00000013	addi	x0,x0,0	  x0:0x00000000
        7575000	       756	80005f60	01b59913	slli	x18,x11,0x1b	 x11:0x00000000 x18=0x00000000
        7585000	       757	80005f64	ffa30b83	lb	x23,-6(x6)	  x6:0x8000844c x23=0x00000000 PA:0x80008446
        7595000	       758	00000000	00000013	addi	x0,x0,0	  x0:0x00000000
        7605000	       759	80005f68	0f734583	lbu	x11,247(x6)	  x6:0x8000844c x11=0x00000000 PA:0x80008543
        7615000	       760	80005f6c	f2a34903	lbu	x18,-214(x6)	  x6:0x8000844c x18=0x00000000 PA:0x80008376
        7625000	       761	80005f70	01c32f83	lw	x31,28(x6)	  x6:0x8000844c x31=0x00000000 PA:0x80008468
        7635000	       762	80005f74	f5631f03	lh	x30,-170(x6)	  x6:0x8000844c x30=0x00000000 PA:0x800083a2
        7645000	       763	80005f78	f9130403	lb	x8,-111(x6)	  x6:0x8000844c  x8=0x00000000 PA:0x800083dd
        7655000	       764	80005f7c	01c99713	slli	x14,x19,0x1c	 x19:0x00000000 x14=0x00000000
        7665000	       765	80005f80	0a4eb893	sltiu	x17,x29,164	 x29:0x80008ddc x17=0x00000000
        7675000	       766	80005f84	0bb34803	lbu	x16,187(x6)	  x6:0x8000844c x16=0x00000000 PA:0x80008507
        7685000	       767	80005f88	f17a4493	xori	x9,x20,-233	 x20:0x00000000  x9=0xffffff17
        7695000	       768	80005f8c	011b9233	sll	x4,x23,x17	 x23:0x00000000 x17:0x00000000  x4=0x00000000
        7705000	       769	80005f90	4140da33	sra	x20,x1,x20	  x1:0x00400000 x20:0x00000000 x20=0x00400000
        7715000	       770	80005f94	00fbd133	srl	x2,x23,x15	 x23:0x00000000 x15:0x1d188ae4  x2=0x00000000
        7725000	       771	80005f98	f0f34e03	lbu	x28,-241(x6)	  x6:0x8000844c x28=0x00000000 PA:0x8000835b
        7735000	       772	80005f9c	0d134e83	lbu	x29,209(x6)	  x6:0x8000844c x29=0x00000000 PA:0x8000851d
        7745000	       773	80005fa0	f90308a3	sb	x16,-111(x6)	  x6:0x8000844c x16:0x00000000 PA:0x800083dd
        7755000	       774	80005fa4	00a59e13	slli	x28,x11,0xa	 x11:0x00000000 x28=0x00000000
        7765000	       775	80005fa8	f8c35e83	lhu	x29,-116(x6)	  x6:0x8000844c x29=0x00000000 PA:0x800083d8
        7775000	       776	80005fac	40b05d13	srai	x26,x0,0xb	  x0:0x00000000 x26=0x00000000
        7785000	       777	80005fb0	f8130703	lb	x14,-127(x6)	  x6:0x8000844c x14=0x00000000 PA:0x800083cd
        7795000	       778	80005fb4	09430aa3	sb	x20,149(x6)	  x6:0x8000844c x20:0x00400000 PA:0x800084e1
        7805000	       779	80005fb8	f7a30a83	lb	x21,-134(x6)	  x6:0x8000844c x21=0x00000000 PA:0x800083c6
        7815000	       780	80005fbc	fda35783	lhu	x15,-38(x6)	  x6:0x8000844c x15=0x00000000 PA:0x80008426
        7825000	       781	80005fc0	fd834a03	lbu	x20,-40(x6)	  x6:0x8000844c x20=0x00000000 PA:0x80008424
        7835000	       782	80005fc4	08e31c23	sh	x14,152(x6)	  x6:0x8000844c x14:0x00000000 PA:0x800084e4
        7845000	       783	80005fc8	037305a3	sb	x23,43(x6)	  x6:0x8000844c x23:0x00000000 PA:0x80008477
        7855000	       784	80005fcc	aaf84e13	xori	x28,x16,-1361	 x16:0x00000000 x28=0xfffffaaf
        7865000	       785	80005fd0	15793db7	lui	x27,0x15793	 x27=0x15793000
        7875000	       786	80005fd4	beb8a993	slti	x19,x17,-1045	 x17:0x00000000 x19=0x00000000
        7885000	       787	80005fd8	00d5abb3	slt	x23,x11,x13	 x11:0x00000000 x13:0x00032993 x23=0x00000001
        7895000	       788	80005fdc	01d54233	xor	x4,x10,x29	 x10:0x80009f28 x29:0x00000000  x4=0x80009f28
        7905000	       789	80005fe0	00a23617	auipc	x12,0xa23	 x12=0x80a28fdc
        7915000	       790	80005fe4	00000013	addi	x0,x0,0	  x0:0x00000000
        7925000	       791	80005fe8	0155cfb3	xor	x31,x11,x21	 x11:0x00000000 x21:0x00000000 x31=0x00000000
        7935000	       792	80005fec	f06df693	andi	x13,x27,-250	 x27:0x15793000 x13=0x15793000
        7945000	       793	80005ff0	00db59b3	srl	x19,x22,x13	 x22:0x80009fc4 x13:0x15793000 x19=0x80009fc4
        7955000	       794	80005ff4	02a39e63	bne	x7,x10,80006030	  x7:0x00000000 x10:0x80009f28
        7965000	       795	00000000	00000013	addi	x0,x0,0	  x0:0x00000000
        7975000	       796	8000602c	00000013	addi	x0,x0,0	  x0:0x00000000
        7985000	       797	80006030	05f27463	bgeu	x4,x31,80006078	  x4:0x80009f28 x31:0x00000000
        7995000	       798	00000000	00000013	addi	x0,x0,0	  x0:0x00000000
        8005000	       799	80006074	00000013	addi	x0,x0,0	  x0:0x00000000
        8015000	       800	80006078	018ee863	bltu	x29,x24,80006088	 x29:0x00000000 x24:0x00000000
        8025000	       801	8000607c	72f42db7	lui	x27,0x72f42	 x27=0x72f42000
        8035000	       802	80006080	462ce113	ori	x2,x25,1122	 x25:0x00000000  x2=0x00000462
        8045000	       803	80006084	059bd663	bge	x23,x25,800060d0	 x23:0x00000001 x25:0x00000000
        8055000	       804	00000000	00000013	addi	x0,x0,0	  x0:0x00000000
        8065000	       805	800060cc	00000013	addi	x0,x0,0	  x0:0x00000000
        8075000	       806	800060d0	00000013	addi	x0,x0,0	  x0:0x00000000
        8085000	       807	800060d4	0148e263	bltu	x17,x20,800060d8	 x17:0x00000000 x20:0x00000000
        8095000	       808	800060d8	010e1333	sll	x6,x28,x16	 x28:0xfffffaaf x16:0x00000000  x6=0xfffffaaf
        8105000	       809	800060dc	00afa6b3	slt	x13,x31,x10	 x31:0x00000000 x10:0x80009f28 x13=0x00000000
        8115000	       810	800060e0	05668663	beq	x13,x22,8000612c	 x13:0x00000000 x22:0x80009fc4
        8125000	       811	800060e4	0497c463	blt	x15,x9,8000612c	 x15:0x00000000  x9:0xffffff17
        8135000	       812	800060e8	004190b3	sll	x1,x3,x4	  x3:0x00000000  x4:0x80009f28  x1=0x00000000
        8145000	       813	800060ec	036dca63	blt	x27,x22,80006120	 x27:0x72f42000 x22:0x80009fc4
        8155000	       814	800060f0	3f86f137	lui	x2,0x3f86f	  x2=0x3f86f000
        8165000	       815	800060f4	40445233	sra	x4,x8,x4	  x8:0x00000000  x4:0x80009f28  x4=0x00000000
        8175000	       816	800060f8	01863ab3	sltu	x21,x12,x24	 x12:0x80a28fdc x24:0x00000000 x21=0x00000000
        8185000	       817	800060fc	0159dab3	srl	x21,x19,x21	 x19:0x80009fc4 x21:0x00000000 x21=0x80009fc4
        8195000	       818	80006100	d2700bb7	lui	x23,0xd2700	 x23=0xd2700000
        8205000	       819	80006104	9ddc2213	slti	x4,x24,-1571	 x24:0x00000000  x4=0x00000000
        8215000	       820	80006108	1f46cd93	xori	x27,x13,500	 x13:0x00000000 x27=0x000001f4
        8225000	       821	8000610c	4027d793	srai	x15,x15,0x2	 x15:0x00000000 x15=0x00000000
        8235000	       822	80006110	ea724093	xori	x1,x4,-345	  x4:0x00000000  x1=0xfffffea7
        8245000	       823	80006114	05eb6463	bltu	x22,x30,8000615c	 x22:0x80009fc4 x30:0x00000000
        8255000	       824	80006118	03aaf263	bgeu	x21,x26,8000613c	 x21:0x80009fc4 x26:0x00000000
        8265000	       825	00000000	00000013	addi	x0,x0,0	  x0:0x00000000
        8275000	       826	80006138	00000013	addi	x0,x0,0	  x0:0x00000000
        8285000	       827	8000613c	005f7993	andi	x19,x30,5	 x30:0x00000000 x19=0x00000000
        8295000	       828	80006140	007c0733	add	x14,x24,x7	 x24:0x00000000  x7:0x00000000 x14=0x00000000
        8305000	       829	80006144	007ec5b3	xor	x11,x29,x7	 x29:0x00000000  x7:0x00000000 x11=0x00000000
        8315000	       830	80006148	c081cc93	xori	x25,x3,-1016	  x3:0x00000000 x25=0xfffffc08
        8325000	       831	8000614c	9899eb93	ori	x23,x19,-1655	 x19:0x00000000 x23=0xfffff989
        8335000	       832	80006150	03ce1e63	bne	x28,x28,8000618c	 x28:0xfffffaaf x28:0xfffffaaf
        8345000	       833	80006154	5ac97813	andi	x16,x18,1452	 x18:0x00000000 x16=0x00000000
        8355000	       834	80006158	006cce33	xor	x28,x25,x6	 x25:0xfffffc08  x6:0xfffffaaf x28=0x000006a7
        8365000	       835	8000615c	41058233	sub	x4,x11,x16	 x11:0x00000000 x16:0x00000000  x4=0x00000000
        8375000	       836	80006160	01b98633	add	x12,x19,x27	 x19:0x00000000 x27:0x000001f4 x12=0x000001f4
        8385000	       837	80006164	21c6f393	andi	x7,x13,540	 x13:0x00000000  x7=0x00000000
        8395000	       838	80006168	00000013	addi	x0,x0,0	  x0:0x00000000
        8405000	       839	8000616c	01654133	xor	x2,x10,x22	 x10:0x80009f28 x22:0x80009fc4  x2=0x000000ec
        8415000	       840	80006170	0001e5b3	or	x11,x3,x0	  x3:0x00000000  x0:0x00000000 x11=0x00000000
        8425000	       841	80006174	01751c33	sll	x24,x10,x23	 x10:0x80009f28 x23:0xfffff989 x24=0x013e5000
        8435000	       842	80006178	00000013	addi	x0,x0,0	  x0:0x00000000
        8445000	       843	8000617c	7a7bac13	slti	x24,x23,1959	 x23:0xfffff989 x24=0x00000001
        8455000	       844	80006180	0f426e63	bltu	x4,x20,8000627c	  x4:0x00000000 x20:0x00000000
        8465000	       845	80006184	0fa0e063	bltu	x1,x26,80006264	  x1:0xfffffea7 x26:0x00000000
        8475000	       846	80006188	00c42f33	slt	x30,x8,x12	  x8:0x00000000 x12:0x000001f4 x30=0x00000001
        8485000	       847	8000618c	01716c63	bltu	x2,x23,800061a4	  x2:0x000000ec x23:0xfffff989
        8495000	       848	00000000	00000013	addi	x0,x0,0	  x0:0x00000000
        8505000	       849	800061a0	00000013	addi	x0,x0,0	  x0:0x00000000
        8515000	       850	800061a4	0dd20a63	beq	x4,x29,80006278	  x4:0x00000000 x29:0x00000000
        8525000	       851	00000000	00000013	addi	x0,x0,0	  x0:0x00000000
        8535000	       852	80006274	00000013	addi	x0,x0,0	  x0:0x00000000
        8545000	       853	80006278	0183bd33	sltu	x26,x7,x24	  x7:0x00000000 x24:0x00000001 x26=0x00000001
        8555000	       854	8000627c	a0fec813	xori	x16,x29,-1521	 x29:0x00000000 x16=0xfffffa0f
        8565000	       855	80006280	41b2de13	srai	x28,x5,0x1b	  x5:0x653275b7 x28=0x0000000c
        8575000	       856	80006284	01385813	srli	x16,x16,0x13	 x16:0xfffffa0f x16=0x00001fff
        8585000	       857	80006288	c2a8b6b7	lui	x13,0xc2a8b	 x13=0xc2a8b000
        8595000	       858	8000628c	249d6a13	ori	x20,x26,585	 x26:0x00000001 x20=0x00000249
        8605000	       859	80006290	017d9033	sll	x0,x27,x23	 x27:0x000001f4 x23:0xfffff989
        8615000	       860	80006294	e14e2f13	slti	x30,x28,-492	 x28:0x0000000c x30=0x00000000
        8625000	       861	80006298	6a8be793	ori	x15,x23,1704	 x23:0xfffff989 x15=0xffffffa9
        8635000	       862	8000629c	414204b3	sub	x9,x4,x20	  x4:0x00000000 x20:0x00000249  x9=0xfffffdb7
        8645000	       863	800062a0	01c9f0b3	and	x1,x19,x28	 x19:0x00000000 x28:0x0000000c  x1=0x00000000
        8655000	       864	800062a4	715ce313	ori	x6,x25,1813	 x25:0xfffffc08  x6=0xffffff1d
        8665000	       865	800062a8	00000013	addi	x0,x0,0	  x0:0x00000000
        8675000	       866	800062ac	00000013	addi	x0,x0,0	  x0:0x00000000
        8685000	       867	800062b0	cb8c3713	sltiu	x14,x24,-840	 x24:0x00000001 x14=0x00000001
        8695000	       868	800062b4	01c35433	srl	x8,x6,x28	  x6:0xffffff1d x28:0x0000000c  x8=0x000fffff
        8705000	       869	800062b8	0101b493	sltiu	x9,x3,16	  x3:0x00000000  x9=0x00000001
        8715000	       870	800062bc	413287b3	sub	x15,x5,x19	  x5:0x653275b7 x19:0x00000000 x15=0x653275b7
        8725000	       871	800062c0	e902f813	andi	x16,x5,-368	  x5:0x653275b7 x16=0x65327490
        8735000	       872	800062c4	40358e33	sub	x28,x11,x3	 x11:0x00000000  x3:0x00000000 x28=0x00000000
        8745000	       873	800062c8	00000013	addi	x0,x0,0	  x0:0x00000000
        8755000	       874	800062cc	012c1eb3	sll	x29,x24,x18	 x24:0x00000001 x18:0x00000000 x29=0x00000001
        8765000	       875	800062d0	714a5797	auipc	x15,0x714a5	 x15=0xf14ab2cc
        8775000	       876	800062d4	bb0b2113	slti	x2,x22,-1104	 x22:0x80009fc4  x2=0x00000001
        8785000	       877	800062d8	00c60fb3	add	x31,x12,x12	 x12:0x000001f4 x12:0x000001f4 x31=0x000003e8
        8795000	       878	800062dc	00446033	or	x0,x8,x4	  x8:0x000fffff  x4:0x00000000
        8805000	       879	800062e0	00d9c033	xor	x0,x19,x13	 x19:0x00000000 x13:0xc2a8b000
        8815000	       880	800062e4	20224a93	xori	x21,x4,514	  x4:0x00000000 x21=0x00000202
        8825000	       881	800062e8	01ec1263	bne	x24,x30,800062ec	 x24:0x00000001 x30:0x00000000
        8835000	       882	00000000	00000013	addi	x0,x0,0	  x0:0x00000000
        8845000	       883	800062e8	00000013	addi	x0,x0,0	  x0:0x00000000
        8855000	       884	800062ec	4164e093	ori	x1,x9,1046	  x9:0x00000001  x1=0x00000417
        8865000	       885	800062f0	33707213	andi	x4,x0,823	  x0:0x00000000  x4=0x00000000
        8875000	       886	800062f4	012898b3	sll	x17,x17,x18	 x17:0x00000000 x18:0x00000000 x17=0x00000000
        8885000	       887	800062f8	418ed813	srai	x16,x29,0x18	 x29:0x00000001 x16=0x00000000
        8895000	       888	800062fc	0181c8b3	xor	x17,x3,x24	  x3:0x00000000 x24:0x00000001 x17=0x00000001
        8905000	       889	80006300	00000013	addi	x0,x0,0	  x0:0x00000000
        8915000	       890	80006304	41040933	sub	x18,x8,x16	  x8:0x000fffff x16:0x00000000 x18=0x000fffff
        8925000	       891	80006308	00b78933	add	x18,x15,x11	 x15:0xf14ab2cc x11:0x00000000 x18=0xf14ab2cc
        8935000	       892	8000630c	d4fa4993	xori	x19,x20,-689	 x20:0x00000249 x19=0xffffff06
        8945000	       893	80006310	b545d697	auipc	x13,0xb545d	 x13=0x3546330c
        8955000	       894	80006314	00000013	addi	x0,x0,0	  x0:0x00000000
        8965000	       895	80006318	03d59663	bne	x11,x29,80006344	 x11:0x00000000 x29:0x00000001
        8975000	       896	00000000	00000013	addi	x0,x0,0	  x0:0x00000000
        8985000	       897	80006340	00000013	addi	x0,x0,0	  x0:0x00000000
        8995000	       898	80006344	04b27863	bgeu	x4,x11,80006394	  x4:0x00000000 x11:0x00000000
        9005000	       899	00000000	00000013	addi	x0,x0,0	  x0:0x00000000
        9015000	       900	80006390	00000013	addi	x0,x0,0	  x0:0x00000000
        9025000	       901	80006394	90842f37	lui	x30,0x90842	 x30=0x90842000
        9035000	       902	80006398	00416e33	or	x28,x2,x4	  x2:0x00000001  x4:0x00000000 x28=0x00000001
        9045000	       903	8000639c	00549633	sll	x12,x9,x5	  x9:0x00000001  x5:0x653275b7 x12=0x00800000
        9055000	       904	800063a0	00049693	slli	x13,x9,0x0	  x9:0x00000001 x13=0x00000001
        9065000	       905	800063a4	4198d733	sra	x14,x17,x25	 x17:0x00000001 x25:0xfffffc08 x14=0x00000000
        9075000	       906	800063a8	01539433	sll	x8,x7,x21	  x7:0x00000000 x21:0x00000202  x8=0x00000000
        9085000	       907	800063ac	e86fca13	xori	x20,x31,-378	 x31:0x000003e8 x20=0xfffffd6e
        9095000	       908	800063b0	00f9f1b3	and	x3,x19,x15	 x19:0xffffff06 x15:0xf14ab2cc  x3=0xf14ab204
        9105000	       909	800063b4	00fb5fb3	srl	x31,x22,x15	 x22:0x80009fc4 x15:0xf14ab2cc x31=0x00080009
        9115000	       910	800063b8	05545863	bge	x8,x21,80006408	  x8:0x00000000 x21:0x00000202
        9125000	       911	800063bc	c4a66893	ori	x17,x12,-950	 x12:0x00800000 x17=0xfffffc4a
        9135000	       912	800063c0	0136c863	blt	x13,x19,800063d0	 x13:0x00000001 x19:0xffffff06
        9145000	       913	800063c4	00000013	addi	x0,x0,0	  x0:0x00000000
        9155000	       914	800063c8	000f6c63	bltu	x30,x0,800063e0	 x30:0x90842000  x0:0x00000000
        9165000	       915	800063cc	0389ee63	bltu	x19,x24,80006408	 x19:0xffffff06 x24:0x00000001
        9175000	       916	800063d0	401f0633	sub	x12,x30,x1	 x30:0x90842000  x1:0x00000417 x12=0x90841be9
        9185000	       917	800063d4	000cd863	bge	x25,x0,800063e4	 x25:0xfffffc08  x0:0x00000000
        9195000	       918	800063d8	02bce463	bltu	x25,x11,80006400	 x25:0xfffffc08 x11:0x00000000
        9205000	       919	800063dc	13a2f093	andi	x1,x5,314	  x5:0x653275b7  x1=0x00000132
        9215000	       920	800063e0	01190a33	add	x20,x18,x17	 x18:0xf14ab2cc x17:0xfffffc4a x20=0xf14aaf16
        9225000	       921	800063e4	0174d713	srli	x14,x9,0x17	  x9:0x00000001 x14=0x00000000
        9235000	       922	800063e8	019a26b3	slt	x13,x20,x25	 x20:0xf14aaf16 x25:0xfffffc08 x13=0x00000001
        9245000	       923	800063ec	69bd1337	lui	x6,0x69bd1	  x6=0x69bd1000
        9255000	       924	800063f0	fcff7393	andi	x7,x30,-49	 x30:0x90842000  x7=0x90842000
        9265000	       925	800063f4	01ff94b3	sll	x9,x31,x31	 x31:0x00080009 x31:0x00080009  x9=0x10001200
        9275000	       926	800063f8	01d323b3	slt	x7,x6,x29	  x6:0x69bd1000 x29:0x00000001  x7=0x00000000
        9285000	       927	800063fc	9a9de313	ori	x6,x27,-1623	 x27:0x000001f4  x6=0xfffff9fd
        9295000	       928	80006400	00519813	slli	x16,x3,0x5	  x3:0xf14ab204 x16=0x29564080
        9305000	       929	80006404	00fff863	bgeu	x31,x15,80006414	 x31:0x00080009 x15:0xf14ab2cc
        9315000	       930	80006408	f6f83693	sltiu	x13,x16,-145	 x16:0x29564080 x13=0x00000001
        9325000	       931	8000640c	003a7133	and	x2,x20,x3	 x20:0xf14aaf16  x3:0xf14ab204  x2=0xf14aa204
        9335000	       932	80006410	00cb0233	add	x4,x22,x12	 x22:0x80009fc4 x12:0x90841be9  x4=0x1084bbad
        9345000	       933	80006414	401100b3	sub	x1,x2,x1	  x2:0xf14aa204  x1:0x00000132  x1=0xf14aa0d2
        9355000	       934	80006418	00cd2bb3	slt	x23,x26,x12	 x26:0x00000001 x12:0x90841be9 x23=0x00000000
        9365000	       935	8000641c	02df4e63	blt	x30,x13,80006458	 x30:0x90842000 x13:0x00000001
        9375000	       936	00000000	00000013	addi	x0,x0,0	  x0:0x00000000
        9385000	       937	80006454	00000013	addi	x0,x0,0	  x0:0x00000000
        9395000	       938	80006458	00b2cc63	blt	x5,x11,80006470	  x5:0x653275b7 x11:0x00000000
        9405000	       939	8000645c	2a404913	xori	x18,x0,676	  x0:0x00000000 x18=0x000002a4
        9415000	       940	80006460	00000013	addi	x0,x0,0	  x0:0x00000000
        9425000	       941	80006464	47084797	auipc	x15,0x47084	 x15=0xc708a460
        9435000	       942	80006468	008bb333	sltu	x6,x23,x8	 x23:0x00000000  x8:0x00000000  x6=0x00000000
        9445000	       943	8000646c	03cbfe63	bgeu	x23,x28,800064a8	 x23:0x00000000 x28:0x00000001
        9455000	       944	80006470	00000013	addi	x0,x0,0	  x0:0x00000000
        9465000	       945	80006474	0580f463	bgeu	x1,x24,800064bc	  x1:0xf14aa0d2 x24:0x00000001
        9475000	       946	00000000	00000013	addi	x0,x0,0	  x0:0x00000000
        9485000	       947	800064b8	00000013	addi	x0,x0,0	  x0:0x00000000
        9495000	       948	800064bc	03988463	beq	x17,x25,800064e4	 x17:0xfffffc4a x25:0xfffffc08
        9505000	       949	800064c0	40cb8cb3	sub	x25,x23,x12	 x23:0x00000000 x12:0x90841be9 x25=0x6f7be417
        9515000	       950	800064c4	01f189b3	add	x19,x3,x31	  x3:0xf14ab204 x31:0x00080009 x19=0xf152b20d
        9525000	       951	800064c8	03d38263	beq	x7,x29,800064ec	  x7:0x00000000 x29:0x00000001
        9535000	       952	800064cc	00407c33	and	x24,x0,x4	  x0:0x00000000  x4:0x1084bbad x24=0x00000000
        9545000	       953	800064d0	017f1a93	slli	x21,x30,0x17	 x30:0x90842000 x21=0x00000000
        9555000	       954	800064d4	00ba5733	srl	x14,x20,x11	 x20:0xf14aaf16 x11:0x00000000 x14=0xf14aaf16
        9565000	       955	800064d8	4db8bf93	sltiu	x31,x17,1243	 x17:0xfffffc4a x31=0x00000000
        9575000	       956	800064dc	02b25c63	bge	x4,x11,80006514	  x4:0x1084bbad x11:0x00000000
        9585000	       957	00000000	00000013	addi	x0,x0,0	  x0:0x00000000
        9595000	       958	80006510	00000013	addi	x0,x0,0	  x0:0x00000000
        9605000	       959	80006514	01cbd693	srli	x13,x23,0x1c	 x23:0x00000000 x13=0x00000000
        9615000	       960	80006518	0038c863	blt	x17,x3,80006528	 x17:0xfffffc4a  x3:0xf14ab204
        9625000	       961	8000651c	02198463	beq	x19,x1,80006544	 x19:0xf152b20d  x1:0xf14aa0d2
        9635000	       962	80006520	41a78c33	sub	x24,x15,x26	 x15:0xc708a460 x26:0x00000001 x24=0xc708a45f
        9645000	       963	80006524	018e4c33	xor	x24,x28,x24	 x28:0x00000001 x24:0xc708a45f x24=0xc708a45e
        9655000	       964	80006528	40a1d313	srai	x6,x3,0xa	  x3:0xf14ab204  x6=0xfffc52ac
        9665000	       965	8000652c	4cc0ff93	andi	x31,x1,1228	  x1:0xf14aa0d2 x31=0x000000c0
        9675000	       966	80006530	ccac3593	sltiu	x11,x24,-822	 x24:0xc708a45e x11=0x00000001
        9685000	       967	80006534	00eeca33	xor	x20,x29,x14	 x29:0x00000001 x14:0xf14aaf16 x20=0xf14aaf17
        9695000	       968	80006538	40e2df93	srai	x31,x5,0xe	  x5:0x653275b7 x31=0x000194c9
        9705000	       969	8000653c	00213633	sltu	x12,x2,x2	  x2:0xf14aa204  x2:0xf14aa204 x12=0x00000000
        9715000	       970	80006540	00fb2933	slt	x18,x22,x15	 x22:0x80009fc4 x15:0xc708a460 x18=0x00000001
        9725000	       971	80006544	01bd39b3	sltu	x19,x26,x27	 x26:0x00000001 x27:0x000001f4 x19=0x00000001
        9735000	       972	80006548	01d1cdb3	xor	x27,x3,x29	  x3:0xf14ab204 x29:0x00000001 x27=0xf14ab205
        9745000	       973	8000654c	03d6de63	bge	x13,x29,80006588	 x13:0x00000000 x29:0x00000001
        9755000	       974	80006550	40ac03b3	sub	x7,x24,x10	 x24:0xc708a45e x10:0x80009f28  x7=0x47080536
        9765000	       975	80006554	4105dd13	srai	x26,x11,0x10	 x11:0x00000001 x26=0x00000000
        9775000	       976	80006558	40c9d4b3	sra	x9,x19,x12	 x19:0x00000001 x12:0x00000000  x9=0x00000001
        9785000	       977	8000655c	00000013	addi	x0,x0,0	  x0:0x00000000
        9795000	       978	80006560	ad48e093	ori	x1,x17,-1324	 x17:0xfffffc4a  x1=0xfffffede
        9805000	       979	80006564	7a844c13	xori	x24,x8,1960	  x8:0x00000000 x24=0x000007a8
        9815000	       980	80006568	00000013	addi	x0,x0,0	  x0:0x00000000
        9825000	       981	8000656c	de615837	lui	x16,0xde615	 x16=0xde615000
        9835000	       982	80006570	55c7e393	ori	x7,x15,1372	 x15:0xc708a460  x7=0xc708a57c
        9845000	       983	80006574	026c9a63	bne	x25,x6,800065a8	 x25:0x6f7be417  x6:0xfffc52ac
        9855000	       984	00000000	00000013	addi	x0,x0,0	  x0:0x00000000
        9865000	       985	800065a4	00000013	addi	x0,x0,0	  x0:0x00000000
        9875000	       986	800065a8	007496b3	sll	x13,x9,x7	  x9:0x00000001  x7:0xc708a57c x13=0x10000000
        9885000	       987	800065ac	b9b6ae93	slti	x29,x13,-1125	 x13:0x10000000 x29=0x00000000
        9895000	       988	800065b0	04e41463	bne	x8,x14,800065f8	  x8:0x00000000 x14:0xf14aaf16
        9905000	       989	00000000	00000013	addi	x0,x0,0	  x0:0x00000000
        9915000	       990	800065f4	00000013	addi	x0,x0,0	  x0:0x00000000
        9925000	       991	800065f8	0004e233	or	x4,x9,x0	  x9:0x00000001  x0:0x00000000  x4=0x00000001
        9935000	       992	800065fc	07d03713	sltiu	x14,x0,125	  x0:0x00000000 x14=0x00000001
        9945000	       993	80006600	00401193	slli	x3,x0,0x4	  x0:0x00000000  x3=0x00000000
        9955000	       994	80006604	00081a63	bne	x16,x0,80006618	 x16:0xde615000  x0:0x00000000
        9965000	       995	00000000	00000013	addi	x0,x0,0	  x0:0x00000000
        9975000	       996	80006614	00000013	addi	x0,x0,0	  x0:0x00000000
        9985000	       997	80006618	00d05863	bge	x0,x13,80006628	  x0:0x00000000 x13:0x10000000
        9995000	       998	8000661c	03290663	beq	x18,x18,80006648	 x18:0x00000001 x18:0x00000001
       10005000	       999	00000000	00000013	addi	x0,x0,0	  x0:0x00000000
       10015000	      1000	80006644	00000013	addi	x0,x0,0	  x0:0x00000000
       10025000	      1001	80006648	008a1a13	slli	x20,x20,0x8	 x20:0xf14aaf17 x20=0x4aaf1700
       10035000	      1002	8000664c	01cca6b3	slt	x13,x25,x28	 x25:0x6f7be417 x28:0x00000001 x13=0x00000000
       10045000	      1003	80006650	016e4ab3	xor	x21,x28,x22	 x28:0x00000001 x22:0x80009fc4 x21=0x80009fc5
       10055000	      1004	80006654	00eaedb3	or	x27,x21,x14	 x21:0x80009fc5 x14:0x00000001 x27=0x80009fc5
       10065000	      1005	80006658	01804033	xor	x0,x0,x24	  x0:0x00000000 x24:0x000007a8
       10075000	      1006	8000665c	002cf8b3	and	x17,x25,x2	 x25:0x6f7be417  x2:0xf14aa204 x17=0x614aa004
       10085000	      1007	80006660	00d89e33	sll	x28,x17,x13	 x17:0x614aa004 x13:0x00000000 x28=0x614aa004
       10095000	      1008	80006664	03c21463	bne	x4,x28,8000668c	  x4:0x00000001 x28:0x614aa004
       10105000	      1009	00000000	00000013	addi	x0,x0,0	  x0:0x00000000
       10115000	      1010	80006688	00000013	addi	x0,x0,0	  x0:0x00000000
       10125000	      1011	8000668c	240ec413	xori	x8,x29,576	 x29:0x00000000  x8=0x00000240
       10135000	      1012	80006690	00473733	sltu	x14,x14,x4	 x14:0x00000001  x4:0x00000001 x14=0x00000000
       10145000	      1013	80006694	d3828413	addi	x8,x5,-712	  x5:0x653275b7  x8=0x653272ef
       10155000	      1014	80006698	013e2fb3	slt	x31,x28,x19	 x28:0x614aa004 x19:0x00000001 x31=0x00000000
       10165000	      1015	8000669c	1582b837	lui	x16,0x1582b	 x16=0x1582b000
       10175000	      1016	800066a0	00aa0263	beq	x20,x10,800066a4	 x20:0x4aaf1700 x10:0x80009f28
       10185000	      1017	800066a4	0ee86a63	bltu	x16,x14,80006798	 x16:0x1582b000 x14:0x00000000
       10195000	      1018	800066a8	00357c63	bgeu	x10,x3,800066c0	 x10:0x80009f28  x3:0x00000000
       10205000	      1019	00000000	00000013	addi	x0,x0,0	  x0:0x00000000
       10215000	      1020	800066bc	00000013	addi	x0,x0,0	  x0:0x00000000
       10225000	      1021	800066c0	4157da33	sra	x20,x15,x21	 x15:0xc708a460 x21:0x80009fc5 x20=0xfe384523
       10235000	      1022	800066c4	00002897	auipc	x17,0x2	 x17=0x800086c0
       10245000	      1023	800066c8	1ee88893	addi	x17,x17,494	 x17:0x800086c0 x17=0x800088ae
       10255000	      1024	800066cc	fef88823	sb	x15,-16(x17)	 x17:0x800088ae x15:0xc708a460 PA:0x8000889e
       10265000	      1025	800066d0	00a18ab3	add	x21,x3,x10	  x3:0x00000000 x10:0x80009f28 x21=0x80009f28
       10275000	      1026	800066d4	0023df13	srli	x30,x7,0x2	  x7:0xc708a57c x30=0x31c2295f
       10285000	      1027	800066d8	41c0dc13	srai	x24,x1,0x1c	  x1:0xfffffede x24=0xffffffff
       10295000	      1028	800066dc	ff388e83	lb	x29,-13(x17)	 x17:0x800088ae x29=0x00000000 PA:0x800088a1
       10305000	      1029	800066e0	01389c93	slli	x25,x17,0x13	 x17:0x800088ae x25=0x45700000
       10315000	      1030	800066e4	feb89d23	sh	x11,-6(x17)	 x17:0x800088ae x11:0x00000001 PA:0x800088a8
       10325000	      1031	800066e8	0098cf83	lbu	x31,9(x17)	 x17:0x800088ae x31=0x00000000 PA:0x800088b7
       10335000	      1032	800066ec	00093d33	sltu	x26,x18,x0	 x18:0x00000001  x0:0x00000000 x26=0x00000000
       10345000	      1033	800066f0	00489583	lh	x11,4(x17)	 x17:0x800088ae x11=0x00000000 PA:0x800088b2
       10355000	      1034	800066f4	3ee8e193	ori	x3,x17,1006	 x17:0x800088ae  x3=0x80008bee
       10365000	      1035	800066f8	fff88783	lb	x15,-1(x17)	 x17:0x800088ae x15=0x00000000 PA:0x800088ad
       10375000	      1036	800066fc	00a89703	lh	x14,10(x17)	 x17:0x800088ae x14=0x00000000 PA:0x800088b8
       10385000	      1037	80006700	01b89523	sh	x27,10(x17)	 x17:0x800088ae x27:0x80009fc5 PA:0x800088b8
       10395000	      1038	80006704	0018ce83	lbu	x29,1(x17)	 x17:0x800088ae x29=0x00000000 PA:0x800088af
       10405000	      1039	80006708	ad9e0313	addi	x6,x28,-1319	 x28:0x614aa004  x6=0x614a9add
       10415000	      1040	8000670c	ff38c003	lbu	x0,-13(x17)	 x17:0x800088ae PA:0x800088a1
       10425000	      1041	80006710	00299c33	sll	x24,x19,x2	 x19:0x00000001  x2:0xf14aa204 x24=0x00000010
       10435000	      1042	80006714	008e5493	srli	x9,x28,0x8	 x28:0x614aa004  x9=0x00614aa0
       10445000	      1043	80006718	0068af83	lw	x31,6(x17)	 x17:0x800088ae x31=0x00000000 PA:0x800088b4
       10455000	      1044	8000671c	4056d693	srai	x13,x13,0x5	 x13:0x00000000 x13=0x00000000
       10465000	      1045	80006720	013db733	sltu	x14,x27,x19	 x27:0x80009fc5 x19:0x00000001 x14=0x00000000
       10475000	      1046	80006724	ff388a83	lb	x21,-13(x17)	 x17:0x800088ae x21=0x00000000 PA:0x800088a1
       10485000	      1047	80006728	0e0f3393	sltiu	x7,x30,224	 x30:0x31c2295f  x7=0x00000000
       10495000	      1048	8000672c	ff188d03	lb	x26,-15(x17)	 x17:0x800088ae x26=0x00000000 PA:0x8000889f
       10505000	      1049	80006730	01048433	add	x8,x9,x16	  x9:0x00614aa0 x16:0x1582b000  x8=0x15e3faa0
       10515000	      1050	80006734	00c88983	lb	x19,12(x17)	 x17:0x800088ae x19=0x00000000 PA:0x800088ba
       10525000	      1051	80006738	00189623	sh	x1,12(x17)	 x17:0x800088ae  x1:0xfffffede PA:0x800088ba
       10535000	      1052	8000673c	0018ca83	lbu	x21,1(x17)	 x17:0x800088ae x21=0x00000000 PA:0x800088af
       10545000	      1053	80006740	6b4dec93	ori	x25,x27,1716	 x27:0x80009fc5 x25=0x80009ff5
       10555000	      1054	80006744	40a15413	srai	x8,x2,0xa	  x2:0xf14aa204  x8=0xfffc52a8
       10565000	      1055	80006748	0048d103	lhu	x2,4(x17)	 x17:0x800088ae  x2=0x00000000 PA:0x800088b2
       10575000	      1056	8000674c	fee89d23	sh	x14,-6(x17)	 x17:0x800088ae x14:0x00000000 PA:0x800088a8
       10585000	      1057	80006750	ffa8a003	lw	x0,-6(x17)	 x17:0x800088ae PA:0x800088a8
       10595000	      1058	80006754	fe820793	addi	x15,x4,-24	  x4:0x00000001 x15=0xffffffe9
       10605000	      1059	80006758	ffb88783	lb	x15,-5(x17)	 x17:0x800088ae x15=0x00000000 PA:0x800088a9
       10615000	      1060	8000675c	ff688ea3	sb	x22,-3(x17)	 x17:0x800088ae x22:0x80009fc4 PA:0x800088ab
       10625000	      1061	80006760	e711c913	xori	x18,x3,-399	  x3:0x80008bee x18=0x7fff759f
       10635000	      1062	80006764	0164d733	srl	x14,x9,x22	  x9:0x00614aa0 x22:0x80009fc4 x14=0x000614aa
       10645000	      1063	80006768	009c8c13	addi	x24,x25,9	 x25:0x80009ff5 x24=0x80009ffe
       10655000	      1064	8000676c	ffa8d303	lhu	x6,-6(x17)	 x17:0x800088ae  x6=0x00000000 PA:0x800088a8
       10665000	      1065	80006770	fea88823	sb	x10,-16(x17)	 x17:0x800088ae x10:0x80009f28 PA:0x8000889e
       10675000	      1066	80006774	0028c483	lbu	x9,2(x17)	 x17:0x800088ae  x9=0x00000000 PA:0x800088b0
       10685000	      1067	80006778	01b96733	or	x14,x18,x27	 x18:0x7fff759f x27:0x80009fc5 x14=0xffffffdf
       10695000	      1068	8000677c	03e46e63	bltu	x8,x30,800067b8	  x8:0xfffc52a8 x30:0x31c2295f
       10705000	      1069	80006780	02bc6263	bltu	x24,x11,800067a4	 x24:0x80009ffe x11:0x00000000
       10715000	      1070	80006784	72b0ba13	sltiu	x20,x1,1835	  x1:0xfffffede x20=0x00000000
       10725000	      1071	80006788	bc907193	andi	x3,x0,-1079	  x0:0x00000000  x3=0x00000000
       10735000	      1072	8000678c	00b37863	bgeu	x6,x11,8000679c	  x6:0x00000000 x11:0x00000000
       10745000	      1073	00000000	00000013	addi	x0,x0,0	  x0:0x00000000
       10755000	      1074	80006798	00000013	addi	x0,x0,0	  x0:0x00000000
       10765000	      1075	8000679c	f828ff13	andi	x30,x17,-126	 x17:0x800088ae x30=0x80008882
       10775000	      1076	800067a0	00f481b3	add	x3,x9,x15	  x9:0x00000000 x15:0x00000000  x3=0x00000000
       10785000	      1077	800067a4	01390033	add	x0,x18,x19	 x18:0x7fff759f x19:0x00000000
       10795000	      1078	800067a8	18e0ee13	ori	x28,x1,398	  x1:0xfffffede x28=0xffffffde
       10805000	      1079	800067ac	40515713	srai	x14,x2,0x5	  x2:0x00000000 x14=0x00000000
       10815000	      1080	800067b0	cbb8a913	slti	x18,x17,-837	 x17:0x800088ae x18=0x00000001
       10825000	      1081	800067b4	52748793	addi	x15,x9,1319	  x9:0x00000000 x15=0x00000527
       10835000	      1082	800067b8	417f5f33	sra	x30,x30,x23	 x30:0x80008882 x23:0x00000000 x30=0x80008882
       10845000	      1083	800067bc	0191f1b3	and	x3,x3,x25	  x3:0x00000000 x25:0x80009ff5  x3=0x00000000
       10855000	      1084	800067c0	047f9463	bne	x31,x7,80006808	 x31:0x00000000  x7:0x00000000
       10865000	      1085	800067c4	011dd833	srl	x16,x27,x17	 x27:0x80009fc5 x17:0x800088ae x16=0x00020002
       10875000	      1086	800067c8	30384393	xori	x7,x16,771	 x16:0x00020002  x7=0x00020301
       10885000	      1087	800067cc	01f51c93	slli	x25,x10,0x1f	 x10:0x80009f28 x25=0x00000000
       10895000	      1088	800067d0	c88f8713	addi	x14,x31,-888	 x31:0x00000000 x14=0xfffffc88
       10905000	      1089	800067d4	0001c6b3	xor	x13,x3,x0	  x3:0x00000000  x0:0x00000000 x13=0x00000000
       10915000	      1090	800067d8	1d5e0013	addi	x0,x28,469	 x28:0xffffffde
       10925000	      1091	800067dc	2ba98813	addi	x16,x19,698	 x19:0x00000000 x16=0x000002ba
       10935000	      1092	800067e0	24ecd317	auipc	x6,0x24ecd	  x6=0xa4ed37dc
       10945000	      1093	800067e4	bf5f8313	addi	x6,x31,-1035	 x31:0x00000000  x6=0xfffffbf5
       10955000	      1094	800067e8	008c1263	bne	x24,x8,800067ec	 x24:0x80009ffe  x8:0xfffc52a8
       10965000	      1095	00000000	00000013	addi	x0,x0,0	  x0:0x00000000
       10975000	      1096	800067e8	00000013	addi	x0,x0,0	  x0:0x00000000
       10985000	      1097	800067ec	41e18933	sub	x18,x3,x30	  x3:0x00000000 x30:0x80008882 x18=0x7fff777e
       10995000	      1098	800067f0	408a8bb3	sub	x23,x21,x8	 x21:0x00000000  x8:0xfffc52a8 x23=0x0003ad58
       11005000	      1099	800067f4	01c868b3	or	x17,x16,x28	 x16:0x000002ba x28:0xffffffde x17=0xfffffffe
       11015000	      1100	800067f8	001ce833	or	x16,x25,x1	 x25:0x00000000  x1:0xfffffede x16=0xfffffede
       11025000	      1101	800067fc	1cf956b7	lui	x13,0x1cf95	 x13=0x1cf95000
       11035000	      1102	80006800	b98aaa93	slti	x21,x21,-1128	 x21:0x00000000 x21=0x00000000
       11045000	      1103	80006804	00ecccb3	xor	x25,x25,x14	 x25:0x00000000 x14:0xfffffc88 x25=0xfffffc88
       11055000	      1104	80006808	41c1dd13	srai	x26,x3,0x1c	  x3:0x00000000 x26=0x00000000
       11065000	      1105	8000680c	031aee63	bltu	x21,x17,80006848	 x21:0x00000000 x17:0xfffffffe
       11075000	      1106	00000000	00000013	addi	x0,x0,0	  x0:0x00000000
       11085000	      1107	80006844	00000013	addi	x0,x0,0	  x0:0x00000000
       11095000	      1108	80006848	412cd193	srai	x3,x25,0x12	 x25:0xfffffc88  x3=0xffffffff
       11105000	      1109	8000684c	007fdcb3	srl	x25,x31,x7	 x31:0x00000000  x7:0x00020301 x25=0x00000000
       11115000	      1110	80006850	006d9263	bne	x27,x6,80006854	 x27:0x80009fc5  x6:0xfffffbf5
       11125000	      1111	00000000	00000013	addi	x0,x0,0	  x0:0x00000000
       11135000	      1112	80006850	00000013	addi	x0,x0,0	  x0:0x00000000
       11145000	      1113	80006854	04fd0463	beq	x26,x15,8000689c	 x26:0x00000000 x15:0x00000527
       11155000	      1114	80006858	56860a93	addi	x21,x12,1384	 x12:0x00000000 x21=0x00000568
       11165000	      1115	8000685c	00000013	addi	x0,x0,0	  x0:0x00000000
       11175000	      1116	80006860	048c8063	beq	x25,x8,800068a0	 x25:0x00000000  x8:0xfffc52a8
       11185000	      1117	80006864	00d8a833	slt	x16,x17,x13	 x17:0xfffffffe x13:0x1cf95000 x16=0x00000001
       11195000	      1118	80006868	01c91213	slli	x4,x18,0x1c	 x18:0x7fff777e  x4=0xe0000000
       11205000	      1119	8000686c	fbf67317	auipc	x6,0xfbf67	  x6=0x7bf6d868
       11215000	      1120	80006870	034c1663	bne	x24,x20,8000689c	 x24:0x80009ffe x20:0x00000000
       11225000	      1121	00000000	00000013	addi	x0,x0,0	  x0:0x00000000
       11235000	      1122	80006898	00000013	addi	x0,x0,0	  x0:0x00000000
       11245000	      1123	8000689c	00000013	addi	x0,x0,0	  x0:0x00000000
       11255000	      1124	800068a0	40e48633	sub	x12,x9,x14	  x9:0x00000000 x14:0xfffffc88 x12=0x00000378
       11265000	      1125	800068a4	f1f7a613	slti	x12,x15,-225	 x15:0x00000527 x12=0x00000000
       11275000	      1126	800068a8	cee00f13	addi	x30,x0,-786	  x0:0x00000000 x30=0xfffffcee
       11285000	      1127	800068ac	40dc8bb3	sub	x23,x25,x13	 x25:0x00000000 x13:0x1cf95000 x23=0xe306b000
       11295000	      1128	800068b0	008753b3	srl	x7,x14,x8	 x14:0xfffffc88  x8:0xfffc52a8  x7=0x00fffffc
       11305000	      1129	800068b4	42894597	auipc	x11,0x42894	 x11=0xc289a8b0
       11315000	      1130	800068b8	4088da33	sra	x20,x17,x8	 x17:0xfffffffe  x8:0xfffc52a8 x20=0xffffffff
       11325000	      1131	800068bc	008da333	slt	x6,x27,x8	 x27:0x80009fc5  x8:0xfffc52a8  x6=0x00000001
       11335000	      1132	800068c0	a165fa93	andi	x21,x11,-1514	 x11:0xc289a8b0 x21=0xc289a810
       11345000	      1133	800068c4	052a6663	bltu	x20,x18,80006910	 x20:0xffffffff x18:0x7fff777e
       11355000	      1134	800068c8	0071e7b3	or	x15,x3,x7	  x3:0xffffffff  x7:0x00fffffc x15=0xffffffff
       11365000	      1135	800068cc	06caa337	lui	x6,0x6caa	  x6=0x06caa000
       11375000	      1136	800068d0	0134fe33	and	x28,x9,x19	  x9:0x00000000 x19:0x00000000 x28=0x00000000
       11385000	      1137	800068d4	001ed933	srl	x18,x29,x1	 x29:0x00000000  x1:0xfffffede x18=0x00000000
       11395000	      1138	800068d8	ed3c6013	ori	x0,x24,-301	 x24:0x80009ffe
       11405000	      1139	800068dc	00213cb3	sltu	x25,x2,x2	  x2:0x00000000  x2:0x00000000 x25=0x00000000
       11415000	      1140	800068e0	003ee0b3	or	x1,x29,x3	 x29:0x00000000  x3:0xffffffff  x1=0xffffffff
       11425000	      1141	800068e4	008f09b3	add	x19,x30,x8	 x30:0xfffffcee  x8:0xfffc52a8 x19=0xfffc4f96
       11435000	      1142	800068e8	d00cc413	xori	x8,x25,-768	 x25:0x00000000  x8=0xfffffd00
       11445000	      1143	800068ec	047c4463	blt	x24,x7,80006934	 x24:0x80009ffe  x7:0x00fffffc
       11455000	      1144	00000000	00000013	addi	x0,x0,0	  x0:0x00000000
       11465000	      1145	80006930	00000013	addi	x0,x0,0	  x0:0x00000000
       11475000	      1146	80006934	01448c63	beq	x9,x20,8000694c	  x9:0x00000000 x20:0xffffffff
       11485000	      1147	80006938	b1e60c97	auipc	x25,0xb1e60	 x25=0x31e66934
       11495000	      1148	8000693c	01d236b3	sltu	x13,x4,x29	  x4:0xe0000000 x29:0x00000000 x13=0x00000000
       11505000	      1149	80006940	1858be93	sltiu	x29,x17,389	 x17:0xfffffffe x29=0x00000000
       11515000	      1150	80006944	ac92c313	xori	x6,x5,-1335	  x5:0x653275b7  x6=0x9acd8f7e
       11525000	      1151	80006948	01b75ab3	srl	x21,x14,x27	 x14:0xfffffc88 x27:0x80009fc5 x21=0x07ffffe4
       11535000	      1152	8000694c	039f5863	bge	x30,x25,8000697c	 x30:0xfffffcee x25:0x31e66934
       11545000	      1153	80006950	00000013	addi	x0,x0,0	  x0:0x00000000
       11555000	      1154	80006954	2de76db7	lui	x27,0x2de76	 x27=0x2de76000
       11565000	      1155	80006958	0354ce63	blt	x9,x21,80006994	  x9:0x00000000 x21:0x07ffffe4
       11575000	      1156	00000000	00000013	addi	x0,x0,0	  x0:0x00000000
       11585000	      1157	80006990	00000013	addi	x0,x0,0	  x0:0x00000000
       11595000	      1158	80006994	e95c4613	xori	x12,x24,-363	 x24:0x80009ffe x12=0x7fff616b
       11605000	      1159	80006998	00c19b93	slli	x23,x3,0xc	  x3:0xffffffff x23=0xfffff000
       11615000	      1160	8000699c	0005c6b3	xor	x13,x11,x0	 x11:0xc289a8b0  x0:0x00000000 x13=0xc289a8b0
       11625000	      1161	800069a0	0471fe17	auipc	x28,0x471f	 x28=0x8472599c
       11635000	      1162	800069a4	210d8637	lui	x12,0x210d8	 x12=0x210d8000
       11645000	      1163	800069a8	00d75993	srli	x19,x14,0xd	 x14:0xfffffc88 x19=0x0007ffff
       11655000	      1164	800069ac	13f97d93	andi	x27,x18,319	 x18:0x00000000 x27=0x00000000
       11665000	      1165	800069b0	06253693	sltiu	x13,x10,98	 x10:0x80009f28 x13=0x00000000
       11675000	      1166	800069b4	40fad433	sra	x8,x21,x15	 x21:0x07ffffe4 x15:0xffffffff  x8=0x00000000
       11685000	      1167	800069b8	0118b833	sltu	x16,x17,x17	 x17:0xfffffffe x17:0xfffffffe x16=0x00000000
       11695000	      1168	800069bc	0025e633	or	x12,x11,x2	 x11:0xc289a8b0  x2:0x00000000 x12=0xc289a8b0
       11705000	      1169	800069c0	001aa3b3	slt	x7,x21,x1	 x21:0x07ffffe4  x1:0xffffffff  x7=0x00000000
       11715000	      1170	800069c4	9aaf66b7	lui	x13,0x9aaf6	 x13=0x9aaf6000
       11725000	      1171	800069c8	01131863	bne	x6,x17,800069d8	  x6:0x9acd8f7e x17:0xfffffffe
       11735000	      1172	00000000	00000013	addi	x0,x0,0	  x0:0x00000000
       11745000	      1173	800069d4	00000013	addi	x0,x0,0	  x0:0x00000000
       11755000	      1174	800069d8	0014b3b3	sltu	x7,x9,x1	  x9:0x00000000  x1:0xffffffff  x7=0x00000001
       11765000	      1175	800069dc	013c95b3	sll	x11,x25,x19	 x25:0x31e66934 x19:0x0007ffff x11=0x00000000
       11775000	      1176	800069e0	00afacb3	slt	x25,x31,x10	 x31:0x00000000 x10:0x80009f28 x25=0x00000000
       11785000	      1177	800069e4	f6680613	addi	x12,x16,-154	 x16:0x00000000 x12=0xffffff66
       11795000	      1178	800069e8	01b0e5b3	or	x11,x1,x27	  x1:0xffffffff x27:0x00000000 x11=0xffffffff
       11805000	      1179	800069ec	40bb5ab3	sra	x21,x22,x11	 x22:0x80009fc4 x11:0xffffffff x21=0xffffffff
       11815000	      1180	800069f0	006f9d93	slli	x27,x31,0x6	 x31:0x00000000 x27=0x00000000
       11825000	      1181	800069f4	02fad463	bge	x21,x15,80006a1c	 x21:0xffffffff x15:0xffffffff
       11835000	      1182	00000000	00000013	addi	x0,x0,0	  x0:0x00000000
       11845000	      1183	80006a18	00000013	addi	x0,x0,0	  x0:0x00000000
       11855000	      1184	80006a1c	01de9863	bne	x29,x29,80006a2c	 x29:0x00000000 x29:0x00000000
       11865000	      1185	80006a20	00a87263	bgeu	x16,x10,80006a24	 x16:0x00000000 x10:0x80009f28
       11875000	      1186	80006a24	6308f613	andi	x12,x17,1584	 x17:0xfffffffe x12=0x00000630
       11885000	      1187	80006a28	003677b3	and	x15,x12,x3	 x12:0x00000630  x3:0xffffffff x15=0x00000630
       11895000	      1188	80006a2c	8ea3a917	auipc	x18,0x8ea3a	 x18=0x0ea40a28
       11905000	      1189	80006a30	0024f933	and	x18,x9,x2	  x9:0x00000000  x2:0x00000000 x18=0x00000000
       11915000	      1190	80006a34	01ddcbb3	xor	x23,x27,x29	 x27:0x00000000 x29:0x00000000 x23=0x00000000
       11925000	      1191	80006a38	01d1c863	blt	x3,x29,80006a48	  x3:0xffffffff x29:0x00000000
       11935000	      1192	00000000	00000013	addi	x0,x0,0	  x0:0x00000000
       11945000	      1193	80006a44	00000013	addi	x0,x0,0	  x0:0x00000000
       11955000	      1194	80006a48	01c3bbb3	sltu	x23,x7,x28	  x7:0x00000001 x28:0x8472599c x23=0x00000001
       11965000	      1195	80006a4c	00000013	addi	x0,x0,0	  x0:0x00000000
       11975000	      1196	80006a50	e6206197	auipc	x3,0xe6206	  x3=0x6620ca4c
       11985000	      1197	80006a54	415ed013	srai	x0,x29,0x15	 x29:0x00000000
       11995000	      1198	80006a58	449c2d97	auipc	x27,0x449c2	 x27=0xc49c8a54
       12005000	      1199	80006a5c	01d44833	xor	x16,x8,x29	  x8:0x00000000 x29:0x00000000 x16=0x00000000
       12015000	      1200	80006a60	00549113	slli	x2,x9,0x5	  x9:0x00000000  x2=0x00000000
       12025000	      1201	80006a64	4128df13	srai	x30,x17,0x12	 x17:0xfffffffe x30=0xffffffff
       12035000	      1202	80006a68	01cbb8b3	sltu	x17,x23,x28	 x23:0x00000001 x28:0x8472599c x17=0x00000001
       12045000	      1203	80006a6c	cd56b213	sltiu	x4,x13,-811	 x13:0x9aaf6000  x4=0x00000001
       12055000	      1204	80006a70	012970b3	and	x1,x18,x18	 x18:0x00000000 x18:0x00000000  x1=0x00000000
       12065000	      1205	80006a74	01a01033	sll	x0,x0,x26	  x0:0x00000000 x26:0x00000000
       12075000	      1206	80006a78	00452183	lw	x3,4(x10)	 x10:0x80009f28  x3=0x80002be0 PA:0x80009f2c
       12085000	      1207	80006a7c	03450513	addi	x10,x10,52	 x10:0x80009f28 x10=0x80009f5c
       12095000	      1208	80006a80	00b23133	sltu	x2,x4,x11	  x4:0x00000001 x11:0xffffffff  x2=0x00000001
       12105000	      1209	80006a84	cba7c693	xori	x13,x15,-838	 x15:0x00000630 x13=0xfffffa8a
       12115000	      1210	80006a88	014b2033	slt	x0,x22,x20	 x22:0x80009fc4 x20:0xffffffff
       12125000	      1211	80006a8c	41afd113	srai	x2,x31,0x1a	 x31:0x00000000  x2=0x00000000
       12135000	      1212	80006a90	06126e93	ori	x29,x4,97	  x4:0x00000001 x29=0x00000061
       12145000	      1213	80006a94	40105033	sra	x0,x0,x1	  x0:0x00000000  x1:0x00000000
       12155000	      1214	80006a98	00118393	addi	x7,x3,1	  x3:0x80002be0  x7=0x80002be1
       12165000	      1215	80006a9c	000383e7	jalr	x7,x7,0	  x7:0x80002be1  x7=0x80006a9c
       12175000	      1216	00000000	00000013	addi	x0,x0,0	  x0:0x00000000
       12185000	      1217	80002be0	00000013	addi	x0,x0,0	  x0:0x00000000
       12195000	      1218	80002be4	743ae413	ori	x8,x21,1859	 x21:0xffffffff  x8=0xffffffff
       12205000	      1219	80002be8	01effbb3	and	x23,x31,x30	 x31:0x00000000 x30:0xffffffff x23=0x00000000
       12215000	      1220	80002bec	41c2d3b3	sra	x7,x5,x28	  x5:0x653275b7 x28:0x8472599c  x7=0x00000006
       12225000	      1221	80002bf0	41e0dab3	sra	x21,x1,x30	  x1:0x00000000 x30:0xffffffff x21=0x00000000
       12235000	      1222	80002bf4	00868333	add	x6,x13,x8	 x13:0xfffffa8a  x8:0xffffffff  x6=0xfffffa89
       12245000	      1223	80002bf8	6344ef97	auipc	x31,0x6344e	 x31=0xe3450bf4
       12255000	      1224	80002bfc	0531c663	blt	x3,x19,80002c48	  x3:0x80002be0 x19:0x0007ffff
       12265000	      1225	00000000	00000013	addi	x0,x0,0	  x0:0x00000000
       12275000	      1226	80002c44	00000013	addi	x0,x0,0	  x0:0x00000000
       12285000	      1227	80002c48	00848f33	add	x30,x9,x8	  x9:0x00000000  x8:0xffffffff x30=0xffffffff
       12295000	      1228	80002c4c	00331013	slli	x0,x6,0x3	  x6:0xfffffa89
       12305000	      1229	80002c50	40ce5833	sra	x16,x28,x12	 x28:0x8472599c x12:0x00000630 x16=0xffff8472
       12315000	      1230	80002c54	002ee433	or	x8,x29,x2	 x29:0x00000061  x2:0x00000000  x8=0x00000061
       12325000	      1231	80002c58	01970263	beq	x14,x25,80002c5c	 x14:0xfffffc88 x25:0x00000000
       12335000	      1232	80002c5c	0105c1b3	xor	x3,x11,x16	 x11:0xffffffff x16:0xffff8472  x3=0x00007b8d
       12345000	      1233	80002c60	00452183	lw	x3,4(x10)	 x10:0x80009f5c  x3=0x80006ad8 PA:0x80009f60
       12355000	      1234	80002c64	0020dfb3	srl	x31,x1,x2	  x1:0x00000000  x2:0x00000000 x31=0x00000000
       12365000	      1235	80002c68	413a85b3	sub	x11,x21,x19	 x21:0x00000000 x19:0x0007ffff x11=0xfff80001
       12375000	      1236	80002c6c	b0a780b7	lui	x1,0xb0a78	  x1=0xb0a78000
       12385000	      1237	80002c70	8431cd37	lui	x26,0x8431c	 x26=0x8431c000
       12395000	      1238	80002c74	00c50513	addi	x10,x10,12	 x10:0x80009f5c x10=0x80009f68
       12405000	      1239	80002c78	0175c333	xor	x6,x11,x23	 x11:0xfff80001 x23:0x00000000  x6=0xfff80001
       12415000	      1240	80002c7c	01c22eb3	slt	x29,x4,x28	  x4:0x00000001 x28:0x8472599c x29=0x00000000
       12425000	      1241	80002c80	41475413	srai	x8,x14,0x14	 x14:0xfffffc88  x8=0xffffffff
       12435000	      1242	80002c84	495c5397	auipc	x7,0x495c5	  x7=0xc95c7c80
       12445000	      1243	80002c88	8c06ddb7	lui	x27,0x8c06d	 x27=0x8c06d000
       12455000	      1244	80002c8c	00118993	addi	x19,x3,1	  x3:0x80006ad8 x19=0x80006ad9
       12465000	      1245	80002c90	000989e7	jalr	x19,x19,0	 x19:0x80006ad9 x19=0x80002c90
       12475000	      1246	00000000	00000013	addi	x0,x0,0	  x0:0x00000000
       12485000	      1247	80006ad8	00000013	addi	x0,x0,0	  x0:0x00000000
       12495000	      1248	80006adc	6324bd93	sltiu	x27,x9,1586	  x9:0x00000000 x27=0x00000001
       12505000	      1249	80006ae0	bb057093	andi	x1,x10,-1104	 x10:0x80009f68  x1=0x80009b20
       12515000	      1250	80006ae4	02342193	slti	x3,x8,35	  x8:0xffffffff  x3=0x00000001
       12525000	      1251	80006ae8	00755463	bge	x10,x7,80006af0	 x10:0x80009f68  x7:0xc95c7c80
       12535000	      1252	80006aec	01fe9f33	sll	x30,x29,x31	 x29:0x00000000 x31:0x00000000 x30=0x00000000
       12545000	      1253	80006af0	01844463	blt	x8,x24,80006af8	  x8:0xffffffff x24:0x80009ffe
       12555000	      1254	80006af4	016b5133	srl	x2,x22,x22	 x22:0x80009fc4 x22:0x80009fc4  x2=0x080009fc
       12565000	      1255	80006af8	0121e233	or	x4,x3,x18	  x3:0x00000001 x18:0x00000000  x4=0x00000001
       12575000	      1256	80006afc	05cef663	bgeu	x29,x28,80006b48	 x29:0x00000000 x28:0x8472599c
       12585000	      1257	80006b00	d5438597	auipc	x11,0xd5438	 x11=0x5543eafc
       12595000	      1258	80006b04	009440b3	xor	x1,x8,x9	  x8:0xffffffff  x9:0x00000000  x1=0xffffffff
       12605000	      1259	80006b08	418d5733	sra	x14,x26,x24	 x26:0x8431c000 x24:0x80009ffe x14=0xfffffffe
       12615000	      1260	80006b0c	01fa3a33	sltu	x20,x20,x31	 x20:0xffffffff x31:0x00000000 x20=0x00000000
       12625000	      1261	80006b10	00c85133	srl	x2,x16,x12	 x16:0xffff8472 x12:0x00000630  x2=0x0000ffff
       12635000	      1262	80006b14	00000013	addi	x0,x0,0	  x0:0x00000000
       12645000	      1263	80006b18	03578463	beq	x15,x21,80006b40	 x15:0x00000630 x21:0x00000000
       12655000	      1264	80006b1c	001cea33	or	x20,x25,x1	 x25:0x00000000  x1:0xffffffff x20=0xffffffff
       12665000	      1265	80006b20	37422413	slti	x8,x4,884	  x4:0x00000001  x8=0x00000001
       12675000	      1266	80006b24	00549463	bne	x9,x5,80006b2c	  x9:0x00000000  x5:0x653275b7
       12685000	      1267	00000000	00000013	addi	x0,x0,0	  x0:0x00000000
       12695000	      1268	80006b28	00000013	addi	x0,x0,0	  x0:0x00000000
       12705000	      1269	80006b2c	e0a7ff13	andi	x30,x15,-502	 x15:0x00000630 x30=0x00000600
       12715000	      1270	80006b30	04ccb013	sltiu	x0,x25,76	 x25:0x00000000
       12725000	      1271	80006b34	0163aab3	slt	x21,x7,x22	  x7:0xc95c7c80 x22:0x80009fc4 x21=0x00000000
       12735000	      1272	80006b38	0075b9b3	sltu	x19,x11,x7	 x11:0x5543eafc  x7:0xc95c7c80 x19=0x00000001
       12745000	      1273	80006b3c	4097de93	srai	x29,x15,0x9	 x15:0x00000630 x29=0x00000003
       12755000	      1274	80006b40	00cf8663	beq	x31,x12,80006b4c	 x31:0x00000000 x12:0x00000630
       12765000	      1275	80006b44	01e3a433	slt	x8,x7,x30	  x7:0xc95c7c80 x30:0x00000600  x8=0x00000001
       12775000	      1276	80006b48	01c046b3	xor	x13,x0,x28	  x0:0x00000000 x28:0x8472599c x13=0x8472599c
       12785000	      1277	80006b4c	016600b3	add	x1,x12,x22	 x12:0x00000630 x22:0x80009fc4  x1=0x8000a5f4
       12795000	      1278	80006b50	00452183	lw	x3,4(x10)	 x10:0x80009f68  x3=0x80000130 PA:0x80009f6c
       12805000	      1279	00000000	00000013	addi	x0,x0,0	  x0:0x00000000
       12815000	      1280	80006b54	003ef133	and	x2,x29,x3	 x29:0x00000003  x3:0x80000130  x2=0x00000000
       12825000	      1281	80006b58	34575017	auipc	x0,0x34575	
       12835000	      1282	80006b5c	4b90d017	auipc	x0,0x4b90d	
       12845000	      1283	80006b60	6e6bc413	xori	x8,x23,1766	 x23:0x00000000  x8=0x000006e6
       12855000	      1284	80006b64	01c50513	addi	x10,x10,28	 x10:0x80009f68 x10=0x80009f84
       12865000	      1285	80006b68	213b2213	slti	x4,x22,531	 x22:0x80009fc4  x4=0x00000001
       12875000	      1286	80006b6c	00018913	addi	x18,x3,0	  x3:0x80000130 x18=0x80000130
       12885000	      1287	80006b70	00090967	jalr	x18,x18,0	 x18:0x80000130 x18=0x80006b70
       12895000	      1288	00000000	00000013	addi	x0,x0,0	  x0:0x00000000
       12905000	      1289	80000130	00000013	addi	x0,x0,0	  x0:0x00000000
       12915000	      1290	80000134	01aa07b3	add	x15,x20,x26	 x20:0xffffffff x26:0x8431c000 x15=0x8431bfff
       12925000	      1291	80000138	005385b3	add	x11,x7,x5	  x7:0xc95c7c80  x5:0x653275b7 x11=0x2e8ef237
       12935000	      1292	8000013c	00001497	auipc	x9,0x1	  x9=0x80001138
       12945000	      1293	80000140	9f048493	addi	x9,x9,-1552	  x9:0x80001138  x9=0x80000b28
       12955000	      1294	80000144	0059fe33	and	x28,x19,x5	 x19:0x00000001  x5:0x653275b7 x28=0x00000001
       12965000	      1295	80000148	2cf2cf17	auipc	x30,0x2cf2c	 x30=0xacf2c144
       12975000	      1296	8000014c	12548493	addi	x9,x9,293	  x9:0x80000b28  x9=0x80000c4d
       12985000	      1297	80000150	502d73b7	lui	x7,0x502d7	  x7=0x502d7000
       12995000	      1298	80000154	c8d50e13	addi	x28,x10,-883	 x10:0x80009f84 x28=0x80009c11
       13005000	      1299	80000158	00e0ae33	slt	x28,x1,x14	  x1:0x8000a5f4 x14:0xfffffffe x28=0x00000001
       13015000	      1300	8000015c	edb481e7	jalr	x3,x9,-293	  x9:0x80000c4d  x3=0x8000015c
       13025000	      1301	00000000	00000013	addi	x0,x0,0	  x0:0x00000000
       13035000	      1302	80000b28	00000013	addi	x0,x0,0	  x0:0x00000000
       13045000	      1303	80000b2c	40465113	srai	x2,x12,0x4	 x12:0x00000630  x2=0x00000063
       13055000	      1304	80000b30	fdc50513	addi	x10,x10,-36	 x10:0x80009f84 x10=0x80009f60
       13065000	      1305	80000b34	6c003213	sltiu	x4,x0,1728	  x0:0x00000000  x4=0x00000001
       13075000	      1306	80000b38	00000013	addi	x0,x0,0	  x0:0x00000000
       13085000	      1307	80000b3c	01096a33	or	x20,x18,x16	 x18:0x80006b70 x16:0xffff8472 x20=0xffffef72
       13095000	      1308	80000b40	00000013	addi	x0,x0,0	  x0:0x00000000
       13105000	      1309	80000b44	00352223	sw	x3,4(x10)	 x10:0x80009f60  x3:0x8000015c PA:0x80009f64
       13115000	      1310	80000b48	01d7f4b3	and	x9,x15,x29	 x15:0x8431bfff x29:0x00000003  x9=0x00000003
       13125000	      1311	80000b4c	01879eb3	sll	x29,x15,x24	 x15:0x8431bfff x24:0x80009ffe x29=0xc0000000
       13135000	      1312	80000b50	5481c713	xori	x14,x3,1352	  x3:0x8000015c x14=0x80000414
       13145000	      1313	80000b54	00008a17	auipc	x20,0x8	 x20=0x80008b50
       13155000	      1314	80000b58	2d7a0a13	addi	x20,x20,727	 x20:0x80008b50 x20=0x80008e27
       13165000	      1315	80000b5c	ff3a0fa3	sb	x19,-1(x20)	 x20:0x80008e27 x19:0x00000001 PA:0x80008e26
       13175000	      1316	80000b60	3913fc93	andi	x25,x7,913	  x7:0x502d7000 x25=0x00000000
       13185000	      1317	80000b64	d16c0f93	addi	x31,x24,-746	 x24:0x80009ffe x31=0x80009d14
       13195000	      1318	80000b68	40d70eb3	sub	x29,x14,x13	 x14:0x80000414 x13:0x8472599c x29=0xfb8daa78
       13205000	      1319	80000b6c	01e80133	add	x2,x16,x30	 x16:0xffff8472 x30:0xacf2c144  x2=0xacf245b6
       13215000	      1320	80000b70	00000013	addi	x0,x0,0	  x0:0x00000000
       13225000	      1321	80000b74	00ea4783	lbu	x15,14(x20)	 x20:0x80008e27 x15=0x00000000 PA:0x80008e35
       13235000	      1322	80000b78	fe6a0ba3	sb	x6,-9(x20)	 x20:0x80008e27  x6:0xfff80001 PA:0x80008e1e
       13245000	      1323	80000b7c	fe0a0f23	sb	x0,-2(x20)	 x20:0x80008e27  x0:0x00000000 PA:0x80008e25
       13255000	      1324	80000b80	ffea4e83	lbu	x29,-2(x20)	 x20:0x80008e27 x29=0x00000000 PA:0x80008e25
       13265000	      1325	80000b84	00aa4c03	lbu	x24,10(x20)	 x20:0x80008e27 x24=0x00000000 PA:0x80008e31
       13275000	      1326	80000b88	21f50393	addi	x7,x10,543	 x10:0x80009f60  x7=0x8000a17f
       13285000	      1327	80000b8c	007a24a3	sw	x7,9(x20)	 x20:0x80008e27  x7:0x8000a17f PA:0x80008e30
       13295000	      1328	80000b90	ffda0103	lb	x2,-3(x20)	 x20:0x80008e27  x2=0x00000000 PA:0x80008e24
       13305000	      1329	80000b94	010a0123	sb	x16,2(x20)	 x20:0x80008e27 x16:0xffff8472 PA:0x80008e29
       13315000	      1330	80000b98	00ca0783	lb	x15,12(x20)	 x20:0x80008e27 x15=0xffffff80 PA:0x80008e33
       13325000	      1331	80000b9c	4e41ffb7	lui	x31,0x4e41f	 x31=0x4e41f000
       13335000	      1332	80000ba0	41907037	lui	x0,0x41907	
       13345000	      1333	80000ba4	007a0623	sb	x7,12(x20)	 x20:0x80008e27  x7:0x8000a17f PA:0x80008e33
       13355000	      1334	80000ba8	23ea2693	slti	x13,x20,574	 x20:0x80008e27 x13=0x00000001
       13365000	      1335	80000bac	418c53b3	sra	x7,x24,x24	 x24:0x00000000 x24:0x00000000  x7=0x00000000
       13375000	      1336	80000bb0	ff9a1383	lh	x7,-7(x20)	 x20:0x80008e27  x7=0x00000000 PA:0x80008e20
       13385000	      1337	80000bb4	006a0a83	lb	x21,6(x20)	 x20:0x80008e27 x21=0x00000000 PA:0x80008e2d
       13395000	      1338	00000000	00000013	addi	x0,x0,0	  x0:0x00000000
       13405000	      1339	80000bb8	01541fb3	sll	x31,x8,x21	  x8:0x000006e6 x21:0x00000000 x31=0x000006e6
       13415000	      1340	80000bbc	006a20a3	sw	x6,1(x20)	 x20:0x80008e27  x6:0xfff80001 PA:0x80008e28
       13425000	      1341	80000bc0	019576b3	and	x13,x10,x25	 x10:0x80009f60 x25:0x00000000 x13=0x00000000
       13435000	      1342	80000bc4	ff0a4683	lbu	x13,-16(x20)	 x20:0x80008e27 x13=0x00000000 PA:0x80008e17
       13445000	      1343	80000bc8	010a4b83	lbu	x23,16(x20)	 x20:0x80008e27 x23=0x00000000 PA:0x80008e37
       13455000	      1344	80000bcc	5c213493	sltiu	x9,x2,1474	  x2:0x00000000  x9=0x00000001
       13465000	      1345	80000bd0	002a0583	lb	x11,2(x20)	 x20:0x80008e27 x11=0x00000000 PA:0x80008e29
       13475000	      1346	80000bd4	8bb8ae13	slti	x28,x17,-1861	 x17:0x00000001 x28=0x00000000
       13485000	      1347	80000bd8	00e22d33	slt	x26,x4,x14	  x4:0x00000001 x14:0x80000414 x26=0x00000000
       13495000	      1348	80000bdc	01801493	slli	x9,x0,0x18	  x0:0x00000000  x9=0x00000000
       13505000	      1349	80000be0	40598633	sub	x12,x19,x5	 x19:0x00000001  x5:0x653275b7 x12=0x9acd8a4a
       13515000	      1350	80000be4	01abde93	srli	x29,x23,0x1a	 x23:0x00000000 x29=0x00000000
       13525000	      1351	80000be8	01899793	slli	x15,x19,0x18	 x19:0x00000001 x15=0x01000000
       13535000	      1352	80000bec	00ae2ab3	slt	x21,x28,x10	 x28:0x00000000 x10:0x80009f60 x21=0x00000000
       13545000	      1353	80000bf0	402fd3b3	sra	x7,x31,x2	 x31:0x000006e6  x2:0x00000000  x7=0x000006e6
       13555000	      1354	80000bf4	ff0a0c23	sb	x16,-8(x20)	 x20:0x80008e27 x16:0xffff8472 PA:0x80008e1f
       13565000	      1355	80000bf8	00fb5633	srl	x12,x22,x15	 x22:0x80009fc4 x15:0x01000000 x12=0x80009fc4
       13575000	      1356	80000bfc	00ed58b3	srl	x17,x26,x14	 x26:0x00000000 x14:0x80000414 x17=0x00000000
       13585000	      1357	80000c00	ffea0903	lb	x18,-2(x20)	 x20:0x80008e27 x18=0x00000000 PA:0x80008e25
       13595000	      1358	80000c04	00008117	auipc	x2,0x8	  x2=0x80008c00
       13605000	      1359	80000c08	b0e10113	addi	x2,x2,-1266	  x2:0x80008c00  x2=0x8000870e
       13615000	      1360	80000c0c	40fc5c93	srai	x25,x24,0xf	 x24:0x00000000 x25=0x00000000
       13625000	      1361	80000c10	00c29fb3	sll	x31,x5,x12	  x5:0x653275b7 x12:0x80009fc4 x31=0x53275b70
       13635000	      1362	80000c14	9eb14583	lbu	x11,-1557(x2)	  x2:0x8000870e x11=0x00000000 PA:0x800080f9
       13645000	      1363	80000c18	1c0b2613	slti	x12,x22,448	 x22:0x80009fc4 x12=0x00000001
       13655000	      1364	80000c1c	00000013	addi	x0,x0,0	  x0:0x00000000
       13665000	      1365	80000c20	33622e13	slti	x28,x4,822	  x4:0x00000001 x28=0x00000001
       13675000	      1366	80000c24	01015d33	srl	x26,x2,x16	  x2:0x8000870e x16:0xffff8472 x26=0x00002000
       13685000	      1367	80000c28	0f815a03	lhu	x20,248(x2)	  x2:0x8000870e x20=0x00000000 PA:0x80008806
       13695000	      1368	80000c2c	d5f14a83	lbu	x21,-673(x2)	  x2:0x8000870e x21=0x00000000 PA:0x8000846d
       13705000	      1369	80000c30	01d278b3	and	x17,x4,x29	  x4:0x00000001 x29:0x00000000 x17=0x00000000
       13715000	      1370	80000c34	d845de37	lui	x28,0xd845d	 x28=0xd845d000
       13725000	      1371	80000c38	01b556b3	srl	x13,x10,x27	 x10:0x80009f60 x27:0x00000001 x13=0x40004fb0
       13735000	      1372	80000c3c	01ce7933	and	x18,x28,x28	 x28:0xd845d000 x28:0xd845d000 x18=0xd845d000
       13745000	      1373	80000c40	d3b10c03	lb	x24,-709(x2)	  x2:0x8000870e x24=0x00000000 PA:0x80008449
       13755000	      1374	80000c44	0135dd13	srli	x26,x11,0x13	 x11:0x00000000 x26=0x00000000
       13765000	      1375	80000c48	35014213	xori	x4,x2,848	  x2:0x8000870e  x4=0x8000845e
       13775000	      1376	80000c4c	010ca433	slt	x8,x25,x16	 x25:0x00000000 x16:0xffff8472  x8=0x00000000
       13785000	      1377	80000c50	007f68b3	or	x17,x30,x7	 x30:0xacf2c144  x7:0x000006e6 x17=0xacf2c7e6
       13795000	      1378	80000c54	ae114983	lbu	x19,-1311(x2)	  x2:0x8000870e x19=0x00000000 PA:0x800081ef
       13805000	      1379	80000c58	ebce8213	addi	x4,x29,-324	 x29:0x00000000  x4=0xfffffebc
       13815000	      1380	80000c5c	97210e03	lb	x28,-1678(x2)	  x2:0x8000870e x28=0x00000000 PA:0x80008080
       13825000	      1381	80000c60	dce38e97	auipc	x29,0xdce38	 x29=0x5ce38c5c
       13835000	      1382	80000c64	00000013	addi	x0,x0,0	  x0:0x00000000
       13845000	      1383	80000c68	af959237	lui	x4,0xaf959	  x4=0xaf959000
       13855000	      1384	80000c6c	872367b7	lui	x15,0x87236	 x15=0x87236000
       13865000	      1385	80000c70	078100a3	sb	x24,97(x2)	  x2:0x8000870e x24:0x00000000 PA:0x8000876f
       13875000	      1386	80000c74	406d81b3	sub	x3,x27,x6	 x27:0x00000001  x6:0xfff80001  x3=0x00080000
       13885000	      1387	80000c78	019ea633	slt	x12,x29,x25	 x29:0x5ce38c5c x25:0x00000000 x12=0x00000000
       13895000	      1388	80000c7c	7bbb6e17	auipc	x28,0x7bbb6	 x28=0xfbbb6c78
       13905000	      1389	80000c80	0194c833	xor	x16,x9,x25	  x9:0x00000000 x25:0x00000000 x16=0x00000000
       13915000	      1390	80000c84	f55058b7	lui	x17,0xf5505	 x17=0xf5505000
       13925000	      1391	80000c88	98415183	lhu	x3,-1660(x2)	  x2:0x8000870e  x3=0x00000000 PA:0x80008092
       13935000	      1392	80000c8c	9ac10483	lb	x9,-1620(x2)	  x2:0x8000870e  x9=0x00000000 PA:0x800080ba
       13945000	      1393	80000c90	a5514783	lbu	x15,-1451(x2)	  x2:0x8000870e x15=0x00000000 PA:0x80008163
       13955000	      1394	80000c94	012b0fb3	add	x31,x22,x18	 x22:0x80009fc4 x18:0xd845d000 x31=0x58466fc4
       13965000	      1395	80000c98	41bd5e33	sra	x28,x26,x27	 x26:0x00000000 x27:0x00000001 x28=0x00000000
       13975000	      1396	80000c9c	0a011a03	lh	x20,160(x2)	  x2:0x8000870e x20=0x00000000 PA:0x800087ae
       13985000	      1397	80000ca0	00007c17	auipc	x24,0x7	 x24=0x80007c9c
       13995000	      1398	80000ca4	59ac0c13	addi	x24,x24,1434	 x24:0x80007c9c x24=0x80008236
       14005000	      1399	80000ca8	56f7f493	andi	x9,x15,1391	 x15:0x00000000  x9=0x00000000
       14015000	      1400	80000cac	01531313	slli	x6,x6,0x15	  x6:0xfff80001  x6=0x00200000
       14025000	      1401	80000cb0	313c4603	lbu	x12,787(x24)	 x24:0x80008236 x12=0x00000000 PA:0x80008549
       14035000	      1402	80000cb4	368c4703	lbu	x14,872(x24)	 x24:0x80008236 x14=0x00000000 PA:0x8000859e
       14045000	      1403	80000cb8	405c4f83	lbu	x31,1029(x24)	 x24:0x80008236 x31=0x00000000 PA:0x8000863b
       14055000	      1404	80000cbc	d0b0b893	sltiu	x17,x1,-757	  x1:0x8000a5f4 x17=0x00000001
       14065000	      1405	80000cc0	e6ec2183	lw	x3,-402(x24)	 x24:0x80008236  x3=0x00000000 PA:0x800080a4
       14075000	      1406	80000cc4	c315e613	ori	x12,x11,-975	 x11:0x00000000 x12=0xfffffc31
       14085000	      1407	80000cc8	299c0fa3	sb	x25,671(x24)	 x24:0x80008236 x25:0x00000000 PA:0x800084d5
       14095000	      1408	80000ccc	45bc05a3	sb	x27,1099(x24)	 x24:0x80008236 x27:0x00000001 PA:0x80008681
       14105000	      1409	80000cd0	4b6c2e83	lw	x29,1206(x24)	 x24:0x80008236 x29=0x00000000 PA:0x800086ec
       14115000	      1410	80000cd4	38ec0083	lb	x1,910(x24)	 x24:0x80008236  x1=0x00000000 PA:0x800085c4
       14125000	      1411	80000cd8	0171f6b3	and	x13,x3,x23	  x3:0x00000000 x23:0x00000000 x13=0x00000000
       14135000	      1412	80000cdc	f33c0223	sb	x19,-220(x24)	 x24:0x80008236 x19:0x00000000 PA:0x8000815a
       14145000	      1413	80000ce0	1bdc2523	sw	x29,426(x24)	 x24:0x80008236 x29:0x00000000 PA:0x800083e0
       14155000	      1414	80000ce4	402d08b3	sub	x17,x26,x2	 x26:0x00000000  x2:0x8000870e x17=0x7fff78f2
       14165000	      1415	80000ce8	40278eb3	sub	x29,x15,x2	 x15:0x00000000  x2:0x8000870e x29=0x7fff78f2
       14175000	      1416	80000cec	36fc4b83	lbu	x23,879(x24)	 x24:0x80008236 x23=0x00000000 PA:0x800085a5
       14185000	      1417	80000cf0	000a3a33	sltu	x20,x20,x0	 x20:0x00000000  x0:0x00000000 x20=0x00000000
       14195000	      1418	80000cf4	371c0823	sb	x17,880(x24)	 x24:0x80008236 x17:0x7fff78f2 PA:0x800085a6
       14205000	      1419	80000cf8	141c2723	sw	x1,334(x24)	 x24:0x80008236  x1:0x00000000 PA:0x80008384
       14215000	      1420	80000cfc	00602f33	slt	x30,x0,x6	  x0:0x00000000  x6:0x00200000 x30=0x00000001
       14225000	      1421	80000d00	0115a4b3	slt	x9,x11,x17	 x11:0x00000000 x17:0x7fff78f2  x9=0x00000001
       14235000	      1422	80000d04	be094393	xori	x7,x18,-1056	 x18:0xd845d000  x7=0x27ba2be0
       14245000	      1423	80000d08	012ba933	slt	x18,x23,x18	 x23:0x00000000 x18:0xd845d000 x18=0x00000000
       14255000	      1424	80000d0c	f5fc4f03	lbu	x30,-161(x24)	 x24:0x80008236 x30=0x00000000 PA:0x80008195
       14265000	      1425	80000d10	31ac4983	lbu	x19,794(x24)	 x24:0x80008236 x19=0x00000000 PA:0x80008550
       14275000	      1426	80000d14	3dfc2523	sw	x31,970(x24)	 x24:0x80008236 x31:0x00000000 PA:0x80008600
       14285000	      1427	80000d18	03f5ba93	sltiu	x21,x11,63	 x11:0x00000000 x21=0x00000001
       14295000	      1428	80000d1c	0d832397	auipc	x7,0xd832	  x7=0x8d832d18
       14305000	      1429	80000d20	00f4c033	xor	x0,x9,x15	  x9:0x00000001 x15:0x00000000
       14315000	      1430	80000d24	f3cc1f23	sh	x28,-194(x24)	 x24:0x80008236 x28:0x00000000 PA:0x80008174
       14325000	      1431	80000d28	ff834213	xori	x4,x6,-8	  x6:0x00200000  x4=0xffdffff8
       14335000	      1432	80000d2c	00a13fb3	sltu	x31,x2,x10	  x2:0x8000870e x10:0x80009f60 x31=0x00000001
       14345000	      1433	80000d30	00c82233	slt	x4,x16,x12	 x16:0x00000000 x12:0xfffffc31  x4=0x00000000
       14355000	      1434	80000d34	4e2c4103	lbu	x2,1250(x24)	 x24:0x80008236  x2=0x00000000 PA:0x80008718
       14365000	      1435	80000d38	1fac4403	lbu	x8,506(x24)	 x24:0x80008236  x8=0x00000000 PA:0x80008430
       14375000	      1436	80000d3c	415ad3b3	sra	x7,x21,x21	 x21:0x00000001 x21:0x00000001  x7=0x00000000
       14385000	      1437	80000d40	0060ffb3	and	x31,x1,x6	  x1:0x00000000  x6:0x00200000 x31=0x00000000
       14395000	      1438	80000d44	3e149b97	auipc	x23,0x3e149	 x23=0xbe149d40
       14405000	      1439	80000d48	f91c1423	sh	x17,-120(x24)	 x24:0x80008236 x17:0x7fff78f2 PA:0x800081be
       14415000	      1440	80000d4c	18dc0ba3	sb	x13,407(x24)	 x24:0x80008236 x13:0x00000000 PA:0x800083cd
       14425000	      1441	80000d50	2c0733b7	lui	x7,0x2c073	  x7=0x2c073000
       14435000	      1442	80000d54	29fc0f83	lb	x31,671(x24)	 x24:0x80008236 x31=0x00000000 PA:0x800084d5
       14445000	      1443	80000d58	262c1b23	sh	x2,630(x24)	 x24:0x80008236  x2:0x00000000 PA:0x800084ac
       14455000	      1444	80000d5c	edfc4083	lbu	x1,-289(x24)	 x24:0x80008236  x1=0x00000000 PA:0x80008115
       14465000	      1445	80000d60	14fc09a3	sb	x15,339(x24)	 x24:0x80008236 x15:0x00000000 PA:0x80008389
       14475000	      1446	80000d64	00529893	slli	x17,x5,0x5	  x5:0x653275b7 x17=0xa64eb6e0
       14485000	      1447	80000d68	01a6d033	srl	x0,x13,x26	 x13:0x00000000 x26:0x00000000
       14495000	      1448	80000d6c	17dc4f03	lbu	x30,381(x24)	 x24:0x80008236 x30=0x00000000 PA:0x800083b3
       14505000	      1449	80000d70	40168eb3	sub	x29,x13,x1	 x13:0x00000000  x1:0x00000000 x29=0x00000000
       14515000	      1450	80000d74	402858b3	sra	x17,x16,x2	 x16:0x00000000  x2:0x00000000 x17=0x00000000
       14525000	      1451	80000d78	14cc4f03	lbu	x30,332(x24)	 x24:0x80008236 x30=0x00000000 PA:0x80008382
       14535000	      1452	00000000	00000013	addi	x0,x0,0	  x0:0x00000000
       14545000	      1453	80000d7c	27ec0583	lb	x11,638(x24)	 x24:0x80008236 x11=0x00000000 PA:0x800084b4
       14555000	      1454	80000d80	1e5c0403	lb	x8,485(x24)	 x24:0x80008236  x8=0x00000000 PA:0x8000841b
       14565000	      1455	80000d84	e66c1123	sh	x6,-414(x24)	 x24:0x80008236  x6:0x00200000 PA:0x80008098
       14575000	      1456	80000d88	00007817	auipc	x16,0x7	 x16=0x80007d84
       14585000	      1457	80000d8c	54980813	addi	x16,x16,1353	 x16:0x80007d84 x16=0x800082cd
       14595000	      1458	80000d90	51284883	lbu	x17,1298(x16)	 x16:0x800082cd x17=0x00000000 PA:0x800087df
       14605000	      1459	00000000	00000013	addi	x0,x0,0	  x0:0x00000000
       14615000	      1460	80000d94	e3176497	auipc	x9,0xe3176	  x9=0x63176d90
       14625000	      1461	80000d98	008cbcb3	sltu	x25,x25,x8	 x25:0x00000000  x8:0x00000000 x25=0x00000000
       14635000	      1462	80000d9c	34385103	lhu	x2,835(x16)	 x16:0x800082cd  x2=0x00000000 PA:0x80008610
       14645000	      1463	80000da0	31ffbd93	sltiu	x27,x31,799	 x31:0x00000000 x27=0x00000001
       14655000	      1464	80000da4	0047cf33	xor	x30,x15,x4	 x15:0x00000000  x4:0x00000000 x30=0x00000000
       14665000	      1465	80000da8	01e0ea33	or	x20,x1,x30	  x1:0x00000000 x30:0x00000000 x20=0x00000000
       14675000	      1466	80000dac	d4c6fa13	andi	x20,x13,-692	 x13:0x00000000 x20=0x00000000
       14685000	      1467	80000db0	01dc29b3	slt	x19,x24,x29	 x24:0x80008236 x29:0x00000000 x19=0x00000001
       14695000	      1468	80000db4	41c45e13	srai	x28,x8,0x1c	  x8:0x00000000 x28=0x00000000
       14705000	      1469	80000db8	30680303	lb	x6,774(x16)	 x16:0x800082cd  x6=0x00000000 PA:0x800085d3
       14715000	      1470	80000dbc	19380a03	lb	x20,403(x16)	 x16:0x800082cd x20=0x00000000 PA:0x80008460
       14725000	      1471	80000dc0	fafee893	ori	x17,x29,-81	 x29:0x00000000 x17=0xffffffaf
       14735000	      1472	80000dc4	00000013	addi	x0,x0,0	  x0:0x00000000
       14745000	      1473	80000dc8	d70428b7	lui	x17,0xd7042	 x17=0xd7042000
       14755000	      1474	80000dcc	e3680583	lb	x11,-458(x16)	 x16:0x800082cd x11=0x00000000 PA:0x80008103
       14765000	      1475	80000dd0	65e9fb93	andi	x23,x19,1630	 x19:0x00000001 x23=0x00000000
       14775000	      1476	80000dd4	26080a03	lb	x20,608(x16)	 x16:0x800082cd x20=0x00000000 PA:0x8000852d
       14785000	      1477	80000dd8	01625713	srli	x14,x4,0x16	  x4:0x00000000 x14=0x00000000
       14795000	      1478	80000ddc	ebb80883	lb	x17,-325(x16)	 x16:0x800082cd x17=0x00000000 PA:0x80008188
       14805000	      1479	80000de0	2f080ca3	sb	x16,761(x16)	 x16:0x800082cd x16:0x800082cd PA:0x800085c6
       14815000	      1480	80000de4	01ac7733	and	x14,x24,x26	 x24:0x80008236 x26:0x00000000 x14=0x00000000
       14825000	      1481	80000de8	015ef5b3	and	x11,x29,x21	 x29:0x00000000 x21:0x00000001 x11=0x00000000
       14835000	      1482	80000dec	de684903	lbu	x18,-538(x16)	 x16:0x800082cd x18=0x00000000 PA:0x800080b3
       14845000	      1483	80000df0	daf84983	lbu	x19,-593(x16)	 x16:0x800082cd x19=0x00000000 PA:0x8000807c
       14855000	      1484	80000df4	01a7fbb3	and	x23,x15,x26	 x15:0x00000000 x26:0x00000000 x23=0x00000000
       14865000	      1485	80000df8	00000013	addi	x0,x0,0	  x0:0x00000000
       14875000	      1486	80000dfc	00855a13	srli	x20,x10,0x8	 x10:0x80009f60 x20=0x0080009f
       14885000	      1487	80000e00	e1380383	lb	x7,-493(x16)	 x16:0x800082cd  x7=0x00000000 PA:0x800080e0
       14895000	      1488	80000e04	5edc7993	andi	x19,x24,1517	 x24:0x80008236 x19=0x00000024
       14905000	      1489	80000e08	e3180483	lb	x9,-463(x16)	 x16:0x800082cd  x9=0x00000000 PA:0x800080fe
       14915000	      1490	80000e0c	02d81683	lh	x13,45(x16)	 x16:0x800082cd x13=0x00000000 PA:0x800082fa
       14925000	      1491	80000e10	00386033	or	x0,x16,x3	 x16:0x800082cd  x3:0x00000000
       14935000	      1492	80000e14	08880983	lb	x19,136(x16)	 x16:0x800082cd x19=0x00000000 PA:0x80008355
       14945000	      1493	80000e18	48e84a83	lbu	x21,1166(x16)	 x16:0x800082cd x21=0x00000000 PA:0x8000875b
       14955000	      1494	80000e1c	00bc3733	sltu	x14,x24,x11	 x24:0x80008236 x11:0x00000000 x14=0x00000000
       14965000	      1495	80000e20	26a84483	lbu	x9,618(x16)	 x16:0x800082cd  x9=0x00000000 PA:0x80008537
       14975000	      1496	80000e24	e3884683	lbu	x13,-456(x16)	 x16:0x800082cd x13=0x00000000 PA:0x80008105
       14985000	      1497	80000e28	1e580e83	lb	x29,485(x16)	 x16:0x800082cd x29=0x00000000 PA:0x800084b2
       14995000	      1498	80000e2c	50880d03	lb	x26,1288(x16)	 x16:0x800082cd x26=0x00000000 PA:0x800087d5
       15005000	      1499	80000e30	4af803a3	sb	x15,1191(x16)	 x16:0x800082cd x15:0x00000000 PA:0x80008774
       15015000	      1500	80000e34	010aa7b3	slt	x15,x21,x16	 x21:0x00000000 x16:0x800082cd x15=0x00000000
       15025000	      1501	80000e38	40984e03	lbu	x28,1033(x16)	 x16:0x800082cd x28=0x00000000 PA:0x800086d6
       15035000	      1502	80000e3c	015d4eb3	xor	x29,x26,x21	 x26:0x00000000 x21:0x00000000 x29=0x00000000
       15045000	      1503	80000e40	00add793	srli	x15,x27,0xa	 x27:0x00000001 x15=0x00000000
       15055000	      1504	80000e44	892a8b93	addi	x23,x21,-1902	 x21:0x00000000 x23=0xfffff892
       15065000	      1505	80000e48	db84fd17	auipc	x26,0xdb84f	 x26=0x5b84fe44
       15075000	      1506	80000e4c	29c6e493	ori	x9,x13,668	 x13:0x00000000  x9=0x0000029c
       15085000	      1507	80000e50	26453497	auipc	x9,0x26453	  x9=0xa6453e4c
       15095000	      1508	80000e54	1086d017	auipc	x0,0x1086d	
       15105000	      1509	80000e58	41a9da33	sra	x20,x19,x26	 x19:0x00000000 x26:0x5b84fe44 x20=0x00000000
       15115000	      1510	80000e5c	07981a03	lh	x20,121(x16)	 x16:0x800082cd x20=0x00000000 PA:0x80008346
       15125000	      1511	80000e60	f2382603	lw	x12,-221(x16)	 x16:0x800082cd x12=0x00000000 PA:0x800081f0
       15135000	      1512	80000e64	00008117	auipc	x2,0x8	  x2=0x80008e60
       15145000	      1513	80000e68	87b10113	addi	x2,x2,-1925	  x2:0x80008e60  x2=0x800086db
       15155000	      1514	80000e6c	fff14203	lbu	x4,-1(x2)	  x2:0x800086db  x4=0x00000000 PA:0x800086da
       15165000	      1515	80000e70	ff710d23	sb	x23,-6(x2)	  x2:0x800086db x23:0xfffff892 PA:0x800086d5
       15175000	      1516	80000e74	15064a93	xori	x21,x12,336	 x12:0x00000000 x21=0x00000150
       15185000	      1517	80000e78	0290e213	ori	x4,x1,41	  x1:0x00000000  x4=0x00000029
       15195000	      1518	80000e7c	fe911da3	sh	x9,-5(x2)	  x2:0x800086db  x9:0xa6453e4c PA:0x800086d6
       15205000	      1519	80000e80	013acab3	xor	x21,x21,x19	 x21:0x00000150 x19:0x00000000 x21=0x00000150
       15215000	      1520	80000e84	016116a3	sh	x22,13(x2)	  x2:0x800086db x22:0x80009fc4 PA:0x800086e8
       15225000	      1521	80000e88	00810e03	lb	x28,8(x2)	  x2:0x800086db x28=0x00000000 PA:0x800086e3
       15235000	      1522	80000e8c	feb10923	sb	x11,-14(x2)	  x2:0x800086db x11:0x00000000 PA:0x800086cd
       15245000	      1523	80000e90	007f99b3	sll	x19,x31,x7	 x31:0x00000000  x7:0x00000000 x19=0x00000000
       15255000	      1524	80000e94	00711483	lh	x9,7(x2)	  x2:0x800086db  x9=0x00000000 PA:0x800086e2
       15265000	      1525	80000e98	fe310923	sb	x3,-14(x2)	  x2:0x800086db  x3:0x00000000 PA:0x800086cd
       15275000	      1526	80000e9c	00e14e83	lbu	x29,14(x2)	  x2:0x800086db x29=0x0000009f PA:0x800086e9
       15285000	      1527	80000ea0	404d59b3	sra	x19,x26,x4	 x26:0x5b84fe44  x4:0x00000029 x19=0x002dc27f
       15295000	      1528	80000ea4	c07a7613	andi	x12,x20,-1017	 x20:0x00000000 x12=0x00000000
       15305000	      1529	80000ea8	00014603	lbu	x12,0(x2)	  x2:0x800086db x12=0x00000000 PA:0x800086db
       15315000	      1530	80000eac	fc89e417	auipc	x8,0xfc89e	  x8=0x7c89eea8
       15325000	      1531	80000eb0	0007f333	and	x6,x15,x0	 x15:0x00000000  x0:0x00000000  x6=0x00000000
       15335000	      1532	80000eb4	ff010303	lb	x6,-16(x2)	  x2:0x800086db  x6=0x00000000 PA:0x800086cb
       15345000	      1533	80000eb8	00014b83	lbu	x23,0(x2)	  x2:0x800086db x23=0x00000000 PA:0x800086db
       15355000	      1534	80000ebc	40af09b3	sub	x19,x30,x10	 x30:0x00000000 x10:0x80009f60 x19=0x7fff60a0
       15365000	      1535	80000ec0	773bf913	andi	x18,x23,1907	 x23:0x00000000 x18=0x00000000
       15375000	      1536	80000ec4	00014983	lbu	x19,0(x2)	  x2:0x800086db x19=0x00000000 PA:0x800086db
       15385000	      1537	80000ec8	fe610d23	sb	x6,-6(x2)	  x2:0x800086db  x6:0x00000000 PA:0x800086d5
       15395000	      1538	80000ecc	00214c03	lbu	x24,2(x2)	  x2:0x800086db x24=0x00000000 PA:0x800086dd
       15405000	      1539	80000ed0	00e10f83	lb	x31,14(x2)	  x2:0x800086db x31=0xffffff9f PA:0x800086e9
       15415000	      1540	80000ed4	4167d593	srai	x11,x15,0x16	 x15:0x00000000 x11=0x00000000
       15425000	      1541	80000ed8	4136dcb3	sra	x25,x13,x19	 x13:0x00000000 x19:0x00000000 x25=0x00000000
       15435000	      1542	80000edc	019487b3	add	x15,x9,x25	  x9:0x00000000 x25:0x00000000 x15=0x00000000
       15445000	      1543	80000ee0	8923ee93	ori	x29,x7,-1902	  x7:0x00000000 x29=0xfffff892
       15455000	      1544	80000ee4	00510223	sb	x5,4(x2)	  x2:0x800086db  x5:0x653275b7 PA:0x800086df
       15465000	      1545	80000ee8	40650f33	sub	x30,x10,x6	 x10:0x80009f60  x6:0x00000000 x30=0x80009f60
       15475000	      1546	80000eec	ffa10603	lb	x12,-6(x2)	  x2:0x800086db x12=0x00000000 PA:0x800086d5
       15485000	      1547	80000ef0	ff4128a3	sw	x20,-15(x2)	  x2:0x800086db x20:0x00000000 PA:0x800086cc
       15495000	      1548	80000ef4	fff10a23	sb	x31,-12(x2)	  x2:0x800086db x31:0xffffff9f PA:0x800086cf
       15505000	      1549	80000ef8	41e784b3	sub	x9,x15,x30	 x15:0x00000000 x30:0x80009f60  x9=0x7fff60a0
       15515000	      1550	80000efc	404c04b3	sub	x9,x24,x4	 x24:0x00000000  x4:0x00000029  x9=0xffffffd7
       15525000	      1551	80000f00	ff014783	lbu	x15,-16(x2)	  x2:0x800086db x15=0x00000000 PA:0x800086cb
       15535000	      1552	80000f04	00410983	lb	x19,4(x2)	  x2:0x800086db x19=0xffffffb7 PA:0x800086df
       15545000	      1553	80000f08	00e14403	lbu	x8,14(x2)	  x2:0x800086db  x8=0x0000009f PA:0x800086e9
       15555000	      1554	00000000	00000013	addi	x0,x0,0	  x0:0x00000000
       15565000	      1555	80000f0c	abf43d13	sltiu	x26,x8,-1345	  x8:0x0000009f x26=0x00000001
       15575000	      1556	80000f10	bdd73d13	sltiu	x26,x14,-1059	 x14:0x00000000 x26=0x00000001
       15585000	      1557	80000f14	ff414803	lbu	x16,-12(x2)	  x2:0x800086db x16=0x0000009f PA:0x800086cf
       15595000	      1558	80000f18	fee10a23	sb	x14,-12(x2)	  x2:0x800086db x14:0x00000000 PA:0x800086cf
       15605000	      1559	80000f1c	00710903	lb	x18,7(x2)	  x2:0x800086db x18=0x00000000 PA:0x800086e2
       15615000	      1560	80000f20	00814f03	lbu	x30,8(x2)	  x2:0x800086db x30=0x00000000 PA:0x800086e3
       15625000	      1561	80000f24	ff710203	lb	x4,-9(x2)	  x2:0x800086db  x4=0x00000000 PA:0x800086d2
       15635000	      1562	80000f28	00f11c03	lh	x24,15(x2)	  x2:0x800086db x24=0x00000000 PA:0x800086ea
       15645000	      1563	80000f2c	ff510f23	sb	x21,-2(x2)	  x2:0x800086db x21:0x00000150 PA:0x800086d9
       15655000	      1564	80000f30	00008997	auipc	x19,0x8	 x19=0x80008f2c
       15665000	      1565	80000f34	df198993	addi	x19,x19,-527	 x19:0x80008f2c x19=0x80008d1d
       15675000	      1566	80000f38	40055913	srai	x18,x10,0x0	 x10:0x80009f60 x18=0x80009f60
       15685000	      1567	80000f3c	015695b3	sll	x11,x13,x21	 x13:0x00000000 x21:0x00000150 x11=0x00000000
       15695000	      1568	80000f40	0c599183	lh	x3,197(x19)	 x19:0x80008d1d  x3=0xffffc400 PA:0x80008de2
       15705000	      1569	80000f44	f7498103	lb	x2,-140(x19)	 x19:0x80008d1d  x2=0x00000000 PA:0x80008c91
       15715000	      1570	80000f48	fec98523	sb	x12,-22(x19)	 x19:0x80008d1d x12:0x00000000 PA:0x80008d07
       15725000	      1571	80000f4c	8cba2a93	slti	x21,x20,-1845	 x20:0x00000000 x21=0x00000000
       15735000	      1572	80000f50	01a8ae33	slt	x28,x17,x26	 x17:0x00000000 x26:0x00000001 x28=0x00000001
       15745000	      1573	80000f54	01524133	xor	x2,x4,x21	  x4:0x00000000 x21:0x00000000  x2=0x00000000
       15755000	      1574	80000f58	01355f33	srl	x30,x10,x19	 x10:0x80009f60 x19:0x80008d1d x30=0x00000004
       15765000	      1575	80000f5c	00dd06b3	add	x13,x26,x13	 x26:0x00000001 x13:0x00000000 x13=0x00000001
       15775000	      1576	80000f60	44420413	addi	x8,x4,1092	  x4:0x00000000  x8=0x00000444
       15785000	      1577	80000f64	fc198223	sb	x1,-60(x19)	 x19:0x80008d1d  x1:0x00000000 PA:0x80008ce1
       15795000	      1578	80000f68	643ea613	slti	x12,x29,1603	 x29:0xfffff892 x12=0x00000001
       15805000	      1579	80000f6c	0829c703	lbu	x14,130(x19)	 x19:0x80008d1d x14=0x00000000 PA:0x80008d9f
       15815000	      1580	80000f70	00d158b3	srl	x17,x2,x13	  x2:0x00000000 x13:0x00000001 x17=0x00000000
       15825000	      1581	80000f74	0001ca33	xor	x20,x3,x0	  x3:0xffffc400  x0:0x00000000 x20=0xffffc400
       15835000	      1582	80000f78	0084a7b3	slt	x15,x9,x8	  x9:0xffffffd7  x8:0x00000444 x15=0x00000001
       15845000	      1583	80000f7c	0e798903	lb	x18,231(x19)	 x19:0x80008d1d x18=0x00000000 PA:0x80008e04
       15855000	      1584	80000f80	00334333	xor	x6,x6,x3	  x6:0x00000000  x3:0xffffc400  x6=0xffffc400
       15865000	      1585	80000f84	f1099aa3	sh	x16,-235(x19)	 x19:0x80008d1d x16:0x0000009f PA:0x80008c32
       15875000	      1586	80000f88	40390a33	sub	x20,x18,x3	 x18:0x00000000  x3:0xffffc400 x20=0x00003c00
       15885000	      1587	80000f8c	09f9cd83	lbu	x27,159(x19)	 x19:0x80008d1d x27=0x00000000 PA:0x80008dbc
       15895000	      1588	80000f90	01090ab3	add	x21,x18,x16	 x18:0x00000000 x16:0x0000009f x21=0x0000009f
       15905000	      1589	80000f94	00ef6c33	or	x24,x30,x14	 x30:0x00000004 x14:0x00000000 x24=0x00000004
       15915000	      1590	80000f98	b6a14793	xori	x15,x2,-1174	  x2:0x00000000 x15=0xfffffb6a
       15925000	      1591	80000f9c	f1198603	lb	x12,-239(x19)	 x19:0x80008d1d x12=0x00000000 PA:0x80008c2e
       15935000	      1592	80000fa0	031994a3	sh	x17,41(x19)	 x19:0x80008d1d x17:0x00000000 PA:0x80008d46
       15945000	      1593	80000fa4	f54998a3	sh	x20,-175(x19)	 x19:0x80008d1d x20:0x00003c00 PA:0x80008c6e
       15955000	      1594	80000fa8	f509cd03	lbu	x26,-176(x19)	 x19:0x80008d1d x26=0x00000000 PA:0x80008c6d
       15965000	      1595	80000fac	faf98523	sb	x15,-86(x19)	 x19:0x80008d1d x15:0xfffffb6a PA:0x80008cc7
       15975000	      1596	80000fb0	40a60193	addi	x3,x12,1034	 x12:0x00000000  x3=0x0000040a
       15985000	      1597	80000fb4	fe49c003	lbu	x0,-28(x19)	 x19:0x80008d1d PA:0x80008d01
       15995000	      1598	80000fb8	f0b99b83	lh	x23,-245(x19)	 x19:0x80008d1d x23=0x00000000 PA:0x80008c28
       16005000	      1599	00000000	00000013	addi	x0,x0,0	  x0:0x00000000
       16015000	      1600	80000fbc	f779da83	lhu	x21,-137(x19)	 x19:0x80008d1d x21=0x00000000 PA:0x80008c94
       16025000	      1601	80000fc0	f809c903	lbu	x18,-128(x19)	 x19:0x80008d1d x18=0x00000000 PA:0x80008c9d
       16035000	      1602	80000fc4	ffb98e23	sb	x27,-4(x19)	 x19:0x80008d1d x27:0x00000000 PA:0x80008d19
       16045000	      1603	80000fc8	05a98583	lb	x11,90(x19)	 x19:0x80008d1d x11=0x00000000 PA:0x80008d77
       16055000	      1604	80000fcc	00298a83	lb	x21,2(x19)	 x19:0x80008d1d x21=0x00000000 PA:0x80008d1f
       16065000	      1605	00000000	00000013	addi	x0,x0,0	  x0:0x00000000
       16075000	      1606	80000fd0	0d59b837	lui	x16,0xd59b	 x16=0x0d59b000
       16085000	      1607	80000fd4	feab4ab7	lui	x21,0xfeab4	 x21=0xfeab4000
       16095000	      1608	80000fd8	06098023	sb	x0,96(x19)	 x19:0x80008d1d  x0:0x00000000 PA:0x80008d7d
       16105000	      1609	80000fdc	07d9ce83	lbu	x29,125(x19)	 x19:0x80008d1d x29=0x00000000 PA:0x80008d9a
       16115000	      1610	80000fe0	41845f33	sra	x30,x8,x24	  x8:0x00000444 x24:0x00000004 x30=0x00000044
       16125000	      1611	80000fe4	00000013	addi	x0,x0,0	  x0:0x00000000
       16135000	      1612	80000fe8	0249c683	lbu	x13,36(x19)	 x19:0x80008d1d x13=0x00000000 PA:0x80008d41
       16145000	      1613	80000fec	08198b23	sb	x1,150(x19)	 x19:0x80008d1d  x1:0x00000000 PA:0x80008db3
       16155000	      1614	80000ff0	01482cb3	slt	x25,x16,x20	 x16:0x0d59b000 x20:0x00003c00 x25=0x00000000
       16165000	      1615	80000ff4	dc3eb893	sltiu	x17,x29,-573	 x29:0x00000000 x17=0x00000001
       16175000	      1616	80000ff8	f8498803	lb	x16,-124(x19)	 x19:0x80008d1d x16=0x00000000 PA:0x80008ca1
       16185000	      1617	80000ffc	00469f13	slli	x30,x13,0x4	 x13:0x00000000 x30=0x00000000
       16195000	      1618	80001000	41aa5ab3	sra	x21,x20,x26	 x20:0x00003c00 x26:0x00000000 x21=0x00003c00
       16205000	      1619	80001004	fc098f03	lb	x30,-64(x19)	 x19:0x80008d1d x30=0x00000000 PA:0x80008cdd
       16215000	      1620	80001008	00325f93	srli	x31,x4,0x3	  x4:0x00000000 x31=0x00000000
       16225000	      1621	8000100c	00a2edb3	or	x27,x5,x10	  x5:0x653275b7 x10:0x80009f60 x27=0xe532fff7
       16235000	      1622	80001010	00963eb3	sltu	x29,x12,x9	 x12:0x00000000  x9:0xffffffd7 x29=0x00000001
       16245000	      1623	80001014	ff39a483	lw	x9,-13(x19)	 x19:0x80008d1d  x9=0x00000000 PA:0x80008d10
       16255000	      1624	80001018	00007a17	auipc	x20,0x7	 x20=0x80008014
       16265000	      1625	8000101c	3eba0a13	addi	x20,x20,1003	 x20:0x80008014 x20=0x800083ff
       16275000	      1626	80001020	01a40633	add	x12,x8,x26	  x8:0x00000444 x26:0x00000000 x12=0x00000444
       16285000	      1627	80001024	001a2003	lw	x0,1(x20)	 x20:0x800083ff PA:0x80008400
       16295000	      1628	80001028	ff4a4f03	lbu	x30,-12(x20)	 x20:0x800083ff x30=0x00000000 PA:0x800083f3
       16305000	      1629	8000102c	cfb64213	xori	x4,x12,-773	 x12:0x00000444  x4=0xfffff8bf
       16315000	      1630	80001030	ff1a0823	sb	x17,-16(x20)	 x20:0x800083ff x17:0x00000001 PA:0x800083ef
       16325000	      1631	80001034	012723b3	slt	x7,x14,x18	 x14:0x00000000 x18:0x00000000  x7=0x00000000
       16335000	      1632	80001038	ff7a4903	lbu	x18,-9(x20)	 x20:0x800083ff x18=0x00000000 PA:0x800083f6
       16345000	      1633	8000103c	013275b3	and	x11,x4,x19	  x4:0xfffff8bf x19:0x80008d1d x11=0x8000881d
       16355000	      1634	80001040	019a07a3	sb	x25,15(x20)	 x20:0x800083ff x25:0x00000000 PA:0x8000840e
       16365000	      1635	80001044	00ba1e83	lh	x29,11(x20)	 x20:0x800083ff x29=0x00000000 PA:0x8000840a
       16375000	      1636	80001048	00e2f6b3	and	x13,x5,x14	  x5:0x653275b7 x14:0x00000000 x13=0x00000000
       16385000	      1637	8000104c	00ba4c83	lbu	x25,11(x20)	 x20:0x800083ff x25=0x00000000 PA:0x8000840a
       16395000	      1638	80001050	ffda5383	lhu	x7,-3(x20)	 x20:0x800083ff  x7=0x00000000 PA:0x800083fc
       16405000	      1639	80001054	b017cf93	xori	x31,x15,-1279	 x15:0xfffffb6a x31=0x0000006b
       16415000	      1640	80001058	ffaa4483	lbu	x9,-6(x20)	 x20:0x800083ff  x9=0x00000000 PA:0x800083f9
       16425000	      1641	8000105c	ff2a4683	lbu	x13,-14(x20)	 x20:0x800083ff x13=0x00000000 PA:0x800083f1
       16435000	      1642	80001060	00c769b3	or	x19,x14,x12	 x14:0x00000000 x12:0x00000444 x19=0x00000444
       16445000	      1643	80001064	ff8a4a83	lbu	x21,-8(x20)	 x20:0x800083ff x21=0x00000000 PA:0x800083f7
       16455000	      1644	80001068	ff4a4183	lbu	x3,-12(x20)	 x20:0x800083ff  x3=0x00000000 PA:0x800083f3
       16465000	      1645	8000106c	0117b9b3	sltu	x19,x15,x17	 x15:0xfffffb6a x17:0x00000001 x19=0x00000000
       16475000	      1646	80001070	4080d913	srai	x18,x1,0x8	  x1:0x00000000 x18=0x00000000
       16485000	      1647	80001074	dfd96e13	ori	x28,x18,-515	 x18:0x00000000 x28=0xfffffdfd
       16495000	      1648	80001078	009a1103	lh	x2,9(x20)	 x20:0x800083ff  x2=0x00000000 PA:0x80008408
       16505000	      1649	8000107c	ff2a4083	lbu	x1,-14(x20)	 x20:0x800083ff  x1=0x00000000 PA:0x800083f1
       16515000	      1650	80001080	0107b633	sltu	x12,x15,x16	 x15:0xfffffb6a x16:0x00000000 x12=0x00000000
       16525000	      1651	80001084	40810f33	sub	x30,x2,x8	  x2:0x00000000  x8:0x00000444 x30=0xfffffbbc
       16535000	      1652	80001088	00cc0fb3	add	x31,x24,x12	 x24:0x00000004 x12:0x00000000 x31=0x00000004
       16545000	      1653	8000108c	fffa4403	lbu	x8,-1(x20)	 x20:0x800083ff  x8=0x00000000 PA:0x800083fe
       16555000	      1654	00000000	00000013	addi	x0,x0,0	  x0:0x00000000
       16565000	      1655	80001090	008a02a3	sb	x8,5(x20)	 x20:0x800083ff  x8:0x00000000 PA:0x80008404
       16575000	      1656	80001094	d4921437	lui	x8,0xd4921	  x8=0xd4921000
       16585000	      1657	80001098	ff3a5883	lhu	x17,-13(x20)	 x20:0x800083ff x17=0x00000000 PA:0x800083f2
       16595000	      1658	8000109c	01da16a3	sh	x29,13(x20)	 x20:0x800083ff x29:0x00000000 PA:0x8000840c
       16605000	      1659	800010a0	54db8113	addi	x2,x23,1357	 x23:0x00000000  x2=0x0000054d
       16615000	      1660	800010a4	005a4e83	lbu	x29,5(x20)	 x20:0x800083ff x29=0x00000000 PA:0x80008404
       16625000	      1661	800010a8	00bb6f33	or	x30,x22,x11	 x22:0x80009fc4 x11:0x8000881d x30=0x80009fdd
       16635000	      1662	800010ac	ff6a4103	lbu	x2,-10(x20)	 x20:0x800083ff  x2=0x00000000 PA:0x800083f5
       16645000	      1663	800010b0	01ccb933	sltu	x18,x25,x28	 x25:0x00000000 x28:0xfffffdfd x18=0x00000001
       16655000	      1664	800010b4	41390e33	sub	x28,x18,x19	 x18:0x00000001 x19:0x00000000 x28=0x00000001
       16665000	      1665	800010b8	011b7233	and	x4,x22,x17	 x22:0x80009fc4 x17:0x00000000  x4=0x00000000
       16675000	      1666	800010bc	cbafec13	ori	x24,x31,-838	 x31:0x00000004 x24=0xfffffcbe
       16685000	      1667	800010c0	00ca0103	lb	x2,12(x20)	 x20:0x800083ff  x2=0x00000000 PA:0x8000840b
       16695000	      1668	800010c4	407dd7b3	sra	x15,x27,x7	 x27:0xe532fff7  x7:0x00000000 x15=0xe532fff7
       16705000	      1669	800010c8	002a4783	lbu	x15,2(x20)	 x20:0x800083ff x15=0x00000000 PA:0x80008401
       16715000	      1670	800010cc	000a07a3	sb	x0,15(x20)	 x20:0x800083ff  x0:0x00000000 PA:0x8000840e
       16725000	      1671	800010d0	002a15a3	sh	x2,11(x20)	 x20:0x800083ff  x2:0x00000000 PA:0x8000840a
       16735000	      1672	800010d4	00aa4803	lbu	x16,10(x20)	 x20:0x800083ff x16=0x00000000 PA:0x80008409
       16745000	      1673	800010d8	00007b97	auipc	x23,0x7	 x23=0x800080d4
       16755000	      1674	800010dc	46fb8b93	addi	x23,x23,1135	 x23:0x800080d4 x23=0x80008543
       16765000	      1675	800010e0	091b9fa3	sh	x17,159(x23)	 x23:0x80008543 x17:0x00000000 PA:0x800085e2
       16775000	      1676	800010e4	40a48033	sub	x0,x9,x10	  x9:0x00000000 x10:0x80009f60
       16785000	      1677	800010e8	057bd603	lhu	x12,87(x23)	 x23:0x80008543 x12=0x00000000 PA:0x8000859a
       16795000	      1678	800010ec	db927713	andi	x14,x4,-583	  x4:0x00000000 x14=0x00000000
       16805000	      1679	800010f0	f71bd983	lhu	x19,-143(x23)	 x23:0x80008543 x19=0x00000000 PA:0x800084b4
       16815000	      1680	800010f4	0a2b8183	lb	x3,162(x23)	 x23:0x80008543  x3=0x00000000 PA:0x800085e5
       16825000	      1681	800010f8	00237a33	and	x20,x6,x2	  x6:0xffffc400  x2:0x00000000 x20=0x00000000
       16835000	      1682	800010fc	04703a13	sltiu	x20,x0,71	  x0:0x00000000 x20=0x00000001
       16845000	      1683	80001100	f9dbd683	lhu	x13,-99(x23)	 x23:0x80008543 x13=0x00000000 PA:0x800084e0
       16855000	      1684	80001104	feab8103	lb	x2,-22(x23)	 x23:0x80008543  x2=0x00000000 PA:0x8000852d
       16865000	      1685	80001108	076b8603	lb	x12,118(x23)	 x23:0x80008543 x12=0x00000000 PA:0x800085b9
       16875000	      1686	8000110c	0066b993	sltiu	x19,x13,6	 x13:0x00000000 x19=0x00000001
       16885000	      1687	80001110	00cee1b3	or	x3,x29,x12	 x29:0x00000000 x12:0x00000000  x3=0x00000000
       16895000	      1688	80001114	fe6bc183	lbu	x3,-26(x23)	 x23:0x80008543  x3=0x00000000 PA:0x80008529
       16905000	      1689	80001118	09fb8a83	lb	x21,159(x23)	 x23:0x80008543 x21=0x00000000 PA:0x800085e2
       16915000	      1690	8000111c	f5db8223	sb	x29,-188(x23)	 x23:0x80008543 x29:0x00000000 PA:0x80008487
       16925000	      1691	80001120	00000013	addi	x0,x0,0	  x0:0x00000000
       16935000	      1692	80001124	f41ba183	lw	x3,-191(x23)	 x23:0x80008543  x3=0x00000000 PA:0x80008484
       16945000	      1693	80001128	0dcb8403	lb	x8,220(x23)	 x23:0x80008543  x8=0x00000000 PA:0x8000861f
       16955000	      1694	8000112c	f00bcd03	lbu	x26,-256(x23)	 x23:0x80008543 x26=0x00000000 PA:0x80008443
       16965000	      1695	80001130	09ebcc03	lbu	x24,158(x23)	 x23:0x80008543 x24=0x00000000 PA:0x800085e1
       16975000	      1696	80001134	41405833	sra	x16,x0,x20	  x0:0x00000000 x20:0x00000001 x16=0x00000000
       16985000	      1697	80001138	00000013	addi	x0,x0,0	  x0:0x00000000
       16995000	      1698	8000113c	00c29ab3	sll	x21,x5,x12	  x5:0x653275b7 x12:0x00000000 x21=0x653275b7
       17005000	      1699	80001140	01b05493	srli	x9,x0,0x1b	  x0:0x00000000  x9=0x00000000
       17015000	      1700	80001144	fedb9e83	lh	x29,-19(x23)	 x23:0x80008543 x29=0x00000000 PA:0x80008530
       17025000	      1701	80001148	01cb8523	sb	x28,10(x23)	 x23:0x80008543 x28:0x00000001 PA:0x8000854d
       17035000	      1702	8000114c	41c8d333	sra	x6,x17,x28	 x17:0x00000000 x28:0x00000001  x6=0x00000000
       17045000	      1703	80001150	f6dbaaa3	sw	x13,-139(x23)	 x23:0x80008543 x13:0x00000000 PA:0x800084b8
       17055000	      1704	80001154	fe024913	xori	x18,x4,-32	  x4:0x00000000 x18=0xffffffe0
       17065000	      1705	80001158	033bca83	lbu	x21,51(x23)	 x23:0x80008543 x21=0x00000000 PA:0x80008576
       17075000	      1706	8000115c	04cb8183	lb	x3,76(x23)	 x23:0x80008543  x3=0x00000000 PA:0x8000858f
       17085000	      1707	80001160	f1fb8423	sb	x31,-248(x23)	 x23:0x80008543 x31:0x00000004 PA:0x8000844b
       17095000	      1708	80001164	046b8003	lb	x0,70(x23)	 x23:0x80008543 PA:0x80008589
       17105000	      1709	80001168	01db9c83	lh	x25,29(x23)	 x23:0x80008543 x25=0x00000000 PA:0x80008560
       17115000	      1710	8000116c	f89baf03	lw	x30,-119(x23)	 x23:0x80008543 x30=0x00000000 PA:0x800084cc
       17125000	      1711	80001170	06ebce03	lbu	x28,110(x23)	 x23:0x80008543 x28=0x00000000 PA:0x800085b1
       17135000	      1712	80001174	b49cf893	andi	x17,x25,-1207	 x25:0x00000000 x17=0x00000000
       17145000	      1713	80001178	092b80a3	sb	x18,129(x23)	 x23:0x80008543 x18:0xffffffe0 PA:0x800085c4
       17155000	      1714	8000117c	0eeb8f83	lb	x31,238(x23)	 x23:0x80008543 x31=0x00000000 PA:0x80008631
       17165000	      1715	80001180	00ebce83	lbu	x29,14(x23)	 x23:0x80008543 x29=0x00000000 PA:0x80008551
       17175000	      1716	80001184	38f8bc13	sltiu	x24,x17,911	 x17:0x00000000 x24=0x00000001
       17185000	      1717	80001188	41e7df33	sra	x30,x15,x30	 x15:0x00000000 x30:0x00000000 x30=0x00000000
       17195000	      1718	8000118c	008b8623	sb	x8,12(x23)	 x23:0x80008543  x8:0x00000000 PA:0x8000854f
       17205000	      1719	80001190	000b8e03	lb	x28,0(x23)	 x23:0x80008543 x28=0x00000000 PA:0x80008543
       17215000	      1720	80001194	00007617	auipc	x12,0x7	 x12=0x80008190
       17225000	      1721	80001198	34960613	addi	x12,x12,841	 x12:0x80008190 x12=0x800084d9
       17235000	      1722	8000119c	00ec97b3	sll	x15,x25,x14	 x25:0x00000000 x14:0x00000000 x15=0x00000000
       17245000	      1723	800011a0	fe760423	sb	x7,-24(x12)	 x12:0x800084d9  x7:0x00000000 PA:0x800084c1
       17255000	      1724	800011a4	03c64f03	lbu	x30,60(x12)	 x12:0x800084d9 x30=0x00000000 PA:0x80008515
       17265000	      1725	800011a8	fcb62783	lw	x15,-53(x12)	 x12:0x800084d9 x15=0x00000000 PA:0x800084a4
       17275000	      1726	800011ac	6d3d61b7	lui	x3,0x6d3d6	  x3=0x6d3d6000
       17285000	      1727	800011b0	7250e193	ori	x3,x1,1829	  x1:0x00000000  x3=0x00000725
       17295000	      1728	800011b4	fd765a83	lhu	x21,-41(x12)	 x12:0x800084d9 x21=0x00000000 PA:0x800084b0
       17305000	      1729	800011b8	02e61da3	sh	x14,59(x12)	 x12:0x800084d9 x14:0x00000000 PA:0x80008514
       17315000	      1730	800011bc	fc560d83	lb	x27,-59(x12)	 x12:0x800084d9 x27=0x00000000 PA:0x8000849e
       17325000	      1731	800011c0	016610a3	sh	x22,1(x12)	 x12:0x800084d9 x22:0x80009fc4 PA:0x800084da
       17335000	      1732	800011c4	012dde13	srli	x28,x27,0x12	 x27:0x00000000 x28=0x00000000
       17345000	      1733	800011c8	fe064203	lbu	x4,-32(x12)	 x12:0x800084d9  x4=0x00000000 PA:0x800084b9
       17355000	      1734	800011cc	01a89cb3	sll	x25,x17,x26	 x17:0x00000000 x26:0x00000000 x25=0x00000000
       17365000	      1735	800011d0	c59b6f37	lui	x30,0xc59b6	 x30=0xc59b6000
       17375000	      1736	800011d4	fec64803	lbu	x16,-20(x12)	 x12:0x800084d9 x16=0x00000000 PA:0x800084c5
       17385000	      1737	800011d8	fe1610a3	sh	x1,-31(x12)	 x12:0x800084d9  x1:0x00000000 PA:0x800084ba
       17395000	      1738	800011dc	feb65c03	lhu	x24,-21(x12)	 x12:0x800084d9 x24=0x00000000 PA:0x800084c4
       17405000	      1739	800011e0	ffd65c83	lhu	x25,-3(x12)	 x12:0x800084d9 x25=0x00000000 PA:0x800084d6
       17415000	      1740	800011e4	00361303	lh	x6,3(x12)	 x12:0x800084d9  x6=0x00000000 PA:0x800084dc
       17425000	      1741	800011e8	02360903	lb	x18,35(x12)	 x12:0x800084d9 x18=0x00000000 PA:0x800084fc
       17435000	      1742	800011ec	00660ba3	sb	x6,23(x12)	 x12:0x800084d9  x6:0x00000000 PA:0x800084f0
       17445000	      1743	800011f0	fcd61983	lh	x19,-51(x12)	 x12:0x800084d9 x19=0x00000000 PA:0x800084a6
       17455000	      1744	800011f4	fc664983	lbu	x19,-58(x12)	 x12:0x800084d9 x19=0x00000000 PA:0x8000849f
       17465000	      1745	800011f8	02361583	lh	x11,35(x12)	 x12:0x800084d9 x11=0x00000000 PA:0x800084fc
       17475000	      1746	800011fc	fd260e03	lb	x28,-46(x12)	 x12:0x800084d9 x28=0x00000000 PA:0x800084ab
       17485000	      1747	00000000	00000013	addi	x0,x0,0	  x0:0x00000000
       17495000	      1748	80001200	01cf9193	slli	x3,x31,0x1c	 x31:0x00000000  x3=0x00000000
       17505000	      1749	80001204	fe8608a3	sb	x8,-15(x12)	 x12:0x800084d9  x8:0x00000000 PA:0x800084ca
       17515000	      1750	80001208	fc060f03	lb	x30,-64(x12)	 x12:0x800084d9 x30=0x00000000 PA:0x80008499
       17525000	      1751	8000120c	01b89313	slli	x6,x17,0x1b	 x17:0x00000000  x6=0x00000000
       17535000	      1752	80001210	5d1caf13	slti	x30,x25,1489	 x25:0x00000000 x30=0x00000001
       17545000	      1753	80001214	57ce7593	andi	x11,x28,1404	 x28:0x00000000 x11=0x00000000
       17555000	      1754	80001218	017373b3	and	x7,x6,x23	  x6:0x00000000 x23:0x80008543  x7=0x00000000
       17565000	      1755	8000121c	01860ea3	sb	x24,29(x12)	 x12:0x800084d9 x24:0x00000000 PA:0x800084f6
       17575000	      1756	80001220	ff060223	sb	x16,-28(x12)	 x12:0x800084d9 x16:0x00000000 PA:0x800084bd
       17585000	      1757	80001224	feb60e23	sb	x11,-4(x12)	 x12:0x800084d9 x11:0x00000000 PA:0x800084d5
       17595000	      1758	80001228	03e60b83	lb	x23,62(x12)	 x12:0x800084d9 x23=0x00000000 PA:0x80008517
       17605000	      1759	8000122c	fd160483	lb	x9,-47(x12)	 x12:0x800084d9  x9=0x00000000 PA:0x800084aa
       17615000	      1760	80001230	fe764903	lbu	x18,-25(x12)	 x12:0x800084d9 x18=0x00000000 PA:0x800084c0
       17625000	      1761	80001234	00008117	auipc	x2,0x8	  x2=0x80009230
       17635000	      1762	80001238	ca610113	addi	x2,x2,-858	  x2:0x80009230  x2=0x80008ed6
       17645000	      1763	8000123c	00510ba3	sb	x5,23(x2)	  x2:0x80008ed6  x5:0x653275b7 PA:0x80008eed
       17655000	      1764	80001240	40cd5033	sra	x0,x26,x12	 x26:0x00000000 x12:0x800084d9
       17665000	      1765	80001244	fcd11323	sh	x13,-58(x2)	  x2:0x80008ed6 x13:0x00000000 PA:0x80008e9c
       17675000	      1766	80001248	408cdd13	srai	x26,x25,0x8	 x25:0x00000000 x26=0x00000000
       17685000	      1767	8000124c	fcd10e83	lb	x29,-51(x2)	  x2:0x80008ed6 x29=0x00000000 PA:0x80008ea3
       17695000	      1768	80001250	7d5e7193	andi	x3,x28,2005	 x28:0x00000000  x3=0x00000000
       17705000	      1769	80001254	00e3a9b3	slt	x19,x7,x14	  x7:0x00000000 x14:0x00000000 x19=0x00000000
       17715000	      1770	80001258	00011803	lh	x16,0(x2)	  x2:0x80008ed6 x16=0x00000000 PA:0x80008ed6
       17725000	      1771	8000125c	b3b205b7	lui	x11,0xb3b20	 x11=0xb3b20000
       17735000	      1772	80001260	00772eb3	slt	x29,x14,x7	 x14:0x00000000  x7:0x00000000 x29=0x00000000
       17745000	      1773	80001264	00514e03	lbu	x28,5(x2)	  x2:0x80008ed6 x28=0x00000000 PA:0x80008edb
       17755000	      1774	80001268	00000013	addi	x0,x0,0	  x0:0x00000000
       17765000	      1775	8000126c	414dde33	sra	x28,x27,x20	 x27:0x00000000 x20:0x00000001 x28=0x00000000
       17775000	      1776	80001270	9f527817	auipc	x16,0x9f527	 x16=0x1f52826c
       17785000	      1777	80001274	0005e733	or	x14,x11,x0	 x11:0xb3b20000  x0:0x00000000 x14=0xb3b20000
       17795000	      1778	80001278	ca2a4893	xori	x17,x20,-862	 x20:0x00000001 x17=0xfffffca3
       17805000	      1779	8000127c	a29a2f13	slti	x30,x20,-1495	 x20:0x00000001 x30=0x00000000
       17815000	      1780	80001280	012b88b3	add	x17,x23,x18	 x23:0x00000000 x18:0x00000000 x17=0x00000000
       17825000	      1781	80001284	0172fab3	and	x21,x5,x23	  x5:0x653275b7 x23:0x00000000 x21=0x00000000
       17835000	      1782	80001288	01d096b3	sll	x13,x1,x29	  x1:0x00000000 x29:0x00000000 x13=0x00000000
       17845000	      1783	8000128c	016a6033	or	x0,x20,x22	 x20:0x00000001 x22:0x80009fc4
       17855000	      1784	80001290	00a6a233	slt	x4,x13,x10	 x13:0x00000000 x10:0x80009f60  x4=0x00000000
       17865000	      1785	80001294	03015783	lhu	x15,48(x2)	  x2:0x80008ed6 x15=0x00000000 PA:0x80008f06
       17875000	      1786	80001298	fe010683	lb	x13,-32(x2)	  x2:0x80008ed6 x13=0x00000000 PA:0x80008eb6
       17885000	      1787	8000129c	fdf14d83	lbu	x27,-33(x2)	  x2:0x80008ed6 x27=0x00000000 PA:0x80008eb5
       17895000	      1788	800012a0	410586b3	sub	x13,x11,x16	 x11:0xb3b20000 x16:0x1f52826c x13=0x945f7d94
       17905000	      1789	800012a4	01b21693	slli	x13,x4,0x1b	  x4:0x00000000 x13=0x00000000
       17915000	      1790	800012a8	01685e93	srli	x29,x16,0x16	 x16:0x1f52826c x29=0x0000007d
       17925000	      1791	800012ac	000e21b3	slt	x3,x28,x0	 x28:0x00000000  x0:0x00000000  x3=0x00000000
       17935000	      1792	800012b0	9df3c393	xori	x7,x7,-1569	  x7:0x00000000  x7=0xfffff9df
       17945000	      1793	800012b4	00000013	addi	x0,x0,0	  x0:0x00000000
       17955000	      1794	800012b8	ffc14883	lbu	x17,-4(x2)	  x2:0x80008ed6 x17=0x00000000 PA:0x80008ed2
       17965000	      1795	800012bc	00072d33	slt	x26,x14,x0	 x14:0xb3b20000  x0:0x00000000 x26=0x00000001
       17975000	      1796	800012c0	b78e4493	xori	x9,x28,-1160	 x28:0x00000000  x9=0xfffffb78
       17985000	      1797	800012c4	01d10b23	sb	x29,22(x2)	  x2:0x80008ed6 x29:0x0000007d PA:0x80008eec
       17995000	      1798	800012c8	fd814d83	lbu	x27,-40(x2)	  x2:0x80008ed6 x27=0x00000000 PA:0x80008eae
       18005000	      1799	800012cc	027107a3	sb	x7,47(x2)	  x2:0x80008ed6  x7:0xfffff9df PA:0x80008f05
       18015000	      1800	800012d0	caa3b493	sltiu	x9,x7,-854	  x7:0xfffff9df  x9=0x00000001
       18025000	      1801	800012d4	01c93833	sltu	x16,x18,x28	 x18:0x00000000 x28:0x00000000 x16=0x00000000
       18035000	      1802	800012d8	fc611383	lh	x7,-58(x2)	  x2:0x80008ed6  x7=0x00000000 PA:0x80008e9c
       18045000	      1803	800012dc	00000013	addi	x0,x0,0	  x0:0x00000000
       18055000	      1804	800012e0	00579693	slli	x13,x15,0x5	 x15:0x00000000 x13=0x00000000
       18065000	      1805	800012e4	415c5113	srai	x2,x24,0x15	 x24:0x00000000  x2=0x00000000
       18075000	      1806	800012e8	006297b3	sll	x15,x5,x6	  x5:0x653275b7  x6:0x00000000 x15=0x653275b7
       18085000	      1807	800012ec	d73aabb7	lui	x23,0xd73aa	 x23=0xd73aa000
       18095000	      1808	800012f0	012a7463	bgeu	x20,x18,800012f8	 x20:0x00000001 x18:0x00000000
       18105000	      1809	00000000	00000013	addi	x0,x0,0	  x0:0x00000000
       18115000	      1810	800012f4	00000013	addi	x0,x0,0	  x0:0x00000000
       18125000	      1811	800012f8	413806b3	sub	x13,x16,x19	 x16:0x00000000 x19:0x00000000 x13=0x00000000
       18135000	      1812	800012fc	8179a993	slti	x19,x19,-2025	 x19:0x00000000 x19=0x00000000
       18145000	      1813	80001300	01cf9d93	slli	x27,x31,0x1c	 x31:0x00000000 x27=0x00000000
       18155000	      1814	80001304	d172c437	lui	x8,0xd172c	  x8=0xd172c000
       18165000	      1815	80001308	00000013	addi	x0,x0,0	  x0:0x00000000
       18175000	      1816	8000130c	017b1cb3	sll	x25,x22,x23	 x22:0x80009fc4 x23:0xd73aa000 x25=0x80009fc4
       18185000	      1817	80001310	d2abbf13	sltiu	x30,x23,-726	 x23:0xd73aa000 x30=0x00000001
       18195000	      1818	80001314	01bf6eb3	or	x29,x30,x27	 x30:0x00000001 x27:0x00000000 x29=0x00000001
       18205000	      1819	80001318	d9d9ff13	andi	x30,x19,-611	 x19:0x00000000 x30=0x00000000
       18215000	      1820	8000131c	013f3033	sltu	x0,x30,x19	 x30:0x00000000 x19:0x00000000
       18225000	      1821	80001320	235c8a93	addi	x21,x25,565	 x25:0x80009fc4 x21=0x8000a1f9
       18235000	      1822	80001324	00c29e13	slli	x28,x5,0xc	  x5:0x653275b7 x28=0x275b7000
       18245000	      1823	80001328	36c40993	addi	x19,x8,876	  x8:0xd172c000 x19=0xd172c36c
       18255000	      1824	8000132c	00b73bb3	sltu	x23,x14,x11	 x14:0xb3b20000 x11:0xb3b20000 x23=0x00000000
       18265000	      1825	80001330	002c0a33	add	x20,x24,x2	 x24:0x00000000  x2:0x00000000 x20=0x00000000
       18275000	      1826	80001334	ce9c3313	sltiu	x6,x24,-791	 x24:0x00000000  x6=0x00000001
       18285000	      1827	80001338	03997a63	bgeu	x18,x25,8000136c	 x18:0x00000000 x25:0x80009fc4
       18295000	      1828	8000133c	043e6263	bltu	x28,x3,80001380	 x28:0x275b7000  x3:0x00000000
       18305000	      1829	80001340	0204e063	bltu	x9,x0,80001360	  x9:0x00000001  x0:0x00000000
       18315000	      1830	80001344	418a0733	sub	x14,x20,x24	 x20:0x00000000 x24:0x00000000 x14=0x00000000
       18325000	      1831	80001348	022e8c63	beq	x29,x2,80001380	 x29:0x00000001  x2:0x00000000
       18335000	      1832	8000134c	010d3eb3	sltu	x29,x26,x16	 x26:0x00000001 x16:0x00000000 x29=0x00000000
       18345000	      1833	80001350	00131193	slli	x3,x6,0x1	  x6:0x00000001  x3=0x00000002
       18355000	      1834	80001354	00e28e63	beq	x5,x14,80001370	  x5:0x653275b7 x14:0x00000000
       18365000	      1835	80001358	009880b3	add	x1,x17,x9	 x17:0x00000000  x9:0x00000001  x1=0x00000001
       18375000	      1836	8000135c	00cbee63	bltu	x23,x12,80001378	 x23:0x00000000 x12:0x800084d9
       18385000	      1837	00000000	00000013	addi	x0,x0,0	  x0:0x00000000
       18395000	      1838	80001374	00000013	addi	x0,x0,0	  x0:0x00000000
       18405000	      1839	80001378	c0939917	auipc	x18,0xc0939	 x18=0x4093a374
       18415000	      1840	8000137c	031e5863	bge	x28,x17,800013ac	 x28:0x275b7000 x17:0x00000000
       18425000	      1841	00000000	00000013	addi	x0,x0,0	  x0:0x00000000
       18435000	      1842	800013a8	00000013	addi	x0,x0,0	  x0:0x00000000
       18445000	      1843	800013ac	f260b037	lui	x0,0xf260b	
       18455000	      1844	800013b0	01c4f4b3	and	x9,x9,x28	  x9:0x00000001 x28:0x275b7000  x9=0x00000000
       18465000	      1845	800013b4	0161cc63	blt	x3,x22,800013cc	  x3:0x00000002 x22:0x80009fc4
       18475000	      1846	800013b8	041c9063	bne	x25,x1,800013f8	 x25:0x80009fc4  x1:0x00000001
       18485000	      1847	00000000	00000013	addi	x0,x0,0	  x0:0x00000000
       18495000	      1848	800013f4	00000013	addi	x0,x0,0	  x0:0x00000000
       18505000	      1849	800013f8	bc082037	lui	x0,0xbc082	
       18515000	      1850	800013fc	0141dbb3	srl	x23,x3,x20	  x3:0x00000002 x20:0x00000000 x23=0x00000002
       18525000	      1851	80001400	018765b3	or	x11,x14,x24	 x14:0x00000000 x24:0x00000000 x11=0x00000000
       18535000	      1852	80001404	03d46063	bltu	x8,x29,80001424	  x8:0xd172c000 x29:0x00000000
       18545000	      1853	80001408	037df063	bgeu	x27,x23,80001428	 x27:0x00000000 x23:0x00000002
       18555000	      1854	8000140c	01c194b3	sll	x9,x3,x28	  x3:0x00000002 x28:0x275b7000  x9=0x00000002
       18565000	      1855	80001410	00033f33	sltu	x30,x6,x0	  x6:0x00000001  x0:0x00000000 x30=0x00000000
       18575000	      1856	80001414	149dbc97	auipc	x25,0x149db	 x25=0x949dc410
       18585000	      1857	80001418	a5b5bf93	sltiu	x31,x11,-1445	 x11:0x00000000 x31=0x00000001
       18595000	      1858	8000141c	148e4713	xori	x14,x28,328	 x28:0x275b7000 x14=0x275b7148
       18605000	      1859	80001420	40485413	srai	x8,x16,0x4	 x16:0x00000000  x8=0x00000000
       18615000	      1860	80001424	00000013	addi	x0,x0,0	  x0:0x00000000
       18625000	      1861	80001428	b3fc4317	auipc	x6,0xb3fc4	  x6=0x33fc5424
       18635000	      1862	8000142c	01bd8a63	beq	x27,x27,80001440	 x27:0x00000000 x27:0x00000000
       18645000	      1863	00000000	00000013	addi	x0,x0,0	  x0:0x00000000
       18655000	      1864	8000143c	00000013	addi	x0,x0,0	  x0:0x00000000
       18665000	      1865	80001440	01f6a233	slt	x4,x13,x31	 x13:0x00000000 x31:0x00000001  x4=0x00000001
       18675000	      1866	80001444	080ce713	ori	x14,x25,128	 x25:0x949dc410 x14=0x949dc490
       18685000	      1867	80001448	00f8e633	or	x12,x17,x15	 x17:0x00000000 x15:0x653275b7 x12=0x653275b7
       18695000	      1868	8000144c	04ebd063	bge	x23,x14,8000148c	 x23:0x00000002 x14:0x949dc490
       18705000	      1869	00000000	00000013	addi	x0,x0,0	  x0:0x00000000
       18715000	      1870	80001488	00000013	addi	x0,x0,0	  x0:0x00000000
       18725000	      1871	8000148c	00000013	addi	x0,x0,0	  x0:0x00000000
       18735000	      1872	80001490	02a81263	bne	x16,x10,800014b4	 x16:0x00000000 x10:0x80009f60
       18745000	      1873	00000000	00000013	addi	x0,x0,0	  x0:0x00000000
       18755000	      1874	800014b0	00000013	addi	x0,x0,0	  x0:0x00000000
       18765000	      1875	800014b4	059f8263	beq	x31,x25,800014f8	 x31:0x00000001 x25:0x949dc410
       18775000	      1876	800014b8	40715a33	sra	x20,x2,x7	  x2:0x00000000  x7:0x00000000 x20=0x00000000
       18785000	      1877	800014bc	00000013	addi	x0,x0,0	  x0:0x00000000
       18795000	      1878	800014c0	00000013	addi	x0,x0,0	  x0:0x00000000
       18805000	      1879	800014c4	b1662493	slti	x9,x12,-1258	 x12:0x653275b7  x9=0x00000000
       18815000	      1880	800014c8	00c7ecb3	or	x25,x15,x12	 x15:0x653275b7 x12:0x653275b7 x25=0x653275b7
       18825000	      1881	800014cc	4098dc93	srai	x25,x17,0x9	 x17:0x00000000 x25=0x00000000
       18835000	      1882	800014d0	00000013	addi	x0,x0,0	  x0:0x00000000
       18845000	      1883	800014d4	ebdffd93	andi	x27,x31,-323	 x31:0x00000001 x27=0x00000001
       18855000	      1884	800014d8	41195f93	srai	x31,x18,0x11	 x18:0x4093a374 x31=0x00002049
       18865000	      1885	800014dc	00000013	addi	x0,x0,0	  x0:0x00000000
       18875000	      1886	800014e0	00a2de13	srli	x28,x5,0xa	  x5:0x653275b7 x28=0x00194c9d
       18885000	      1887	800014e4	1b18f413	andi	x8,x17,433	 x17:0x00000000  x8=0x00000000
       18895000	      1888	800014e8	73002e93	slti	x29,x0,1840	  x0:0x00000000 x29=0x00000001
       18905000	      1889	800014ec	c64b6d93	ori	x27,x22,-924	 x22:0x80009fc4 x27=0xffffffe4
       18915000	      1890	800014f0	186cb613	sltiu	x12,x25,390	 x25:0x00000000 x12=0x00000001
       18925000	      1891	800014f4	401b5613	srai	x12,x22,0x1	 x22:0x80009fc4 x12=0xc0004fe2
       18935000	      1892	800014f8	1028cd13	xori	x26,x17,258	 x17:0x00000000 x26=0x00000102
       18945000	      1893	800014fc	00cd4463	blt	x26,x12,80001504	 x26:0x00000102 x12:0xc0004fe2
       18955000	      1894	80001500	03308c63	beq	x1,x19,80001538	  x1:0x00000001 x19:0xd172c36c
       18965000	      1895	80001504	00825c33	srl	x24,x4,x8	  x4:0x00000001  x8:0x00000000 x24=0x00000001
       18975000	      1896	80001508	01b20833	add	x16,x4,x27	  x4:0x00000001 x27:0xffffffe4 x16=0xffffffe5
       18985000	      1897	8000150c	01c25933	srl	x18,x4,x28	  x4:0x00000001 x28:0x00194c9d x18=0x00000000
       18995000	      1898	80001510	04bd8463	beq	x27,x11,80001558	 x27:0xffffffe4 x11:0x00000000
       19005000	      1899	80001514	00f75db3	srl	x27,x14,x15	 x14:0x949dc490 x15:0x653275b7 x27=0x00000129
       19015000	      1900	80001518	002e1b93	slli	x23,x28,0x2	 x28:0x00194c9d x23=0x00653274
       19025000	      1901	8000151c	dfd14993	xori	x19,x2,-515	  x2:0x00000000 x19=0xfffffdfd
       19035000	      1902	80001520	00000013	addi	x0,x0,0	  x0:0x00000000
       19045000	      1903	80001524	bf9c7d93	andi	x27,x24,-1031	 x24:0x00000001 x27=0x00000001
       19055000	      1904	80001528	00f90c63	beq	x18,x15,80001540	 x18:0x00000000 x15:0x653275b7
       19065000	      1905	8000152c	015a7633	and	x12,x20,x21	 x20:0x00000000 x21:0x8000a1f9 x12=0x00000000
       19075000	      1906	80001530	b5778c13	addi	x24,x15,-1193	 x15:0x653275b7 x24=0x6532710e
       19085000	      1907	80001534	2760c193	xori	x3,x1,630	  x1:0x00000001  x3=0x00000277
       19095000	      1908	80001538	b5ac0f93	addi	x31,x24,-1190	 x24:0x6532710e x31=0x65326c68
       19105000	      1909	8000153c	00f76e63	bltu	x14,x15,80001558	 x14:0x949dc490 x15:0x653275b7
       19115000	      1910	80001540	01279bb3	sll	x23,x15,x18	 x15:0x653275b7 x18:0x00000000 x23=0x653275b7
       19125000	      1911	80001544	015c24b3	slt	x9,x24,x21	 x24:0x6532710e x21:0x8000a1f9  x9=0x00000000
       19135000	      1912	80001548	05cb5063	bge	x22,x28,80001588	 x22:0x80009fc4 x28:0x00194c9d
       19145000	      1913	8000154c	050dff13	andi	x30,x27,80	 x27:0x00000001 x30=0x00000000
       19155000	      1914	80001550	04c85663	bge	x16,x12,8000159c	 x16:0xffffffe5 x12:0x00000000
       19165000	      1915	80001554	00000013	addi	x0,x0,0	  x0:0x00000000
       19175000	      1916	80001558	0118de93	srli	x29,x17,0x11	 x17:0x00000000 x29=0x00000000
       19185000	      1917	8000155c	40b5d333	sra	x6,x11,x11	 x11:0x00000000 x11:0x00000000  x6=0x00000000
       19195000	      1918	80001560	00b0e233	or	x4,x1,x11	  x1:0x00000001 x11:0x00000000  x4=0x00000001
       19205000	      1919	80001564	00f12433	slt	x8,x2,x15	  x2:0x00000000 x15:0x653275b7  x8=0x00000001
       19215000	      1920	80001568	01e86fb3	or	x31,x16,x30	 x16:0xffffffe5 x30:0x00000000 x31=0xffffffe5
       19225000	      1921	8000156c	02af6863	bltu	x30,x10,8000159c	 x30:0x00000000 x10:0x80009f60
       19235000	      1922	00000000	00000013	addi	x0,x0,0	  x0:0x00000000
       19245000	      1923	80001598	00000013	addi	x0,x0,0	  x0:0x00000000
       19255000	      1924	8000159c	01b805b3	add	x11,x16,x27	 x16:0xffffffe5 x27:0x00000001 x11=0xffffffe6
       19265000	      1925	800015a0	0167f1b3	and	x3,x15,x22	 x15:0x653275b7 x22:0x80009fc4  x3=0x00001584
       19275000	      1926	800015a4	12842893	slti	x17,x8,296	  x8:0x00000001 x17=0x00000001
       19285000	      1927	800015a8	4bc11797	auipc	x15,0x4bc11	 x15=0xcbc125a4
       19295000	      1928	800015ac	01631393	slli	x7,x6,0x16	  x6:0x00000000  x7=0x00000000
       19305000	      1929	800015b0	41178bb3	sub	x23,x15,x17	 x15:0xcbc125a4 x17:0x00000001 x23=0xcbc125a3
       19315000	      1930	800015b4	40ead233	sra	x4,x21,x14	 x21:0x8000a1f9 x14:0x949dc490  x4=0xffff8000
       19325000	      1931	800015b8	937fa093	slti	x1,x31,-1737	 x31:0xffffffe5  x1=0x00000000
       19335000	      1932	800015bc	a4262313	slti	x6,x12,-1470	 x12:0x00000000  x6=0x00000000
       19345000	      1933	800015c0	404b5f13	srai	x30,x22,0x4	 x22:0x80009fc4 x30=0xf80009fc
       19355000	      1934	800015c4	019bb3b3	sltu	x7,x23,x25	 x23:0xcbc125a3 x25:0x00000000  x7=0x00000000
       19365000	      1935	800015c8	05376063	bltu	x14,x19,80001608	 x14:0x949dc490 x19:0xfffffdfd
       19375000	      1936	00000000	00000013	addi	x0,x0,0	  x0:0x00000000
       19385000	      1937	80001604	00000013	addi	x0,x0,0	  x0:0x00000000
       19395000	      1938	80001608	00f0b7b3	sltu	x15,x1,x15	  x1:0x00000000 x15:0xcbc125a4 x15=0x00000001
       19405000	      1939	8000160c	2b66b493	sltiu	x9,x13,694	 x13:0x00000000  x9=0x00000001
       19415000	      1940	80001610	01e0c8b3	xor	x17,x1,x30	  x1:0x00000000 x30:0xf80009fc x17=0xf80009fc
       19425000	      1941	80001614	00efa333	slt	x6,x31,x14	 x31:0xffffffe5 x14:0x949dc490  x6=0x00000000
       19435000	      1942	80001618	97013a13	sltiu	x20,x2,-1680	  x2:0x00000000 x20=0x00000001
       19445000	      1943	8000161c	00ab5db3	srl	x27,x22,x10	 x22:0x80009fc4 x10:0x80009f60 x27=0x80009fc4
       19455000	      1944	80001620	03314863	blt	x2,x19,80001650	  x2:0x00000000 x19:0xfffffdfd
       19465000	      1945	80001624	01cfe1b3	or	x3,x31,x28	 x31:0xffffffe5 x28:0x00194c9d  x3=0xfffffffd
       19475000	      1946	80001628	016dda33	srl	x20,x27,x22	 x27:0x80009fc4 x22:0x80009fc4 x20=0x080009fc
       19485000	      1947	8000162c	00d1a0b3	slt	x1,x3,x13	  x3:0xfffffffd x13:0x00000000  x1=0x00000001
       19495000	      1948	80001630	26a0bd13	sltiu	x26,x1,618	  x1:0x00000001 x26=0x00000001
       19505000	      1949	80001634	61ad0a13	addi	x20,x26,1562	 x26:0x00000001 x20=0x0000061b
       19515000	      1950	80001638	40d65993	srai	x19,x12,0xd	 x12:0x00000000 x19=0x00000000
       19525000	      1951	8000163c	4056d733	sra	x14,x13,x5	 x13:0x00000000  x5:0x653275b7 x14=0x00000000
       19535000	      1952	80001640	41095333	sra	x6,x18,x16	 x18:0x00000000 x16:0xffffffe5  x6=0x00000000
       19545000	      1953	80001644	013e5693	srli	x13,x28,0x13	 x28:0x00194c9d x13=0x00000003
       19555000	      1954	80001648	401d5c93	srai	x25,x26,0x1	 x26:0x00000001 x25=0x00000000
       19565000	      1955	8000164c	40795833	sra	x16,x18,x7	 x18:0x00000000  x7:0x00000000 x16=0x00000000
       19575000	      1956	80001650	00660c33	add	x24,x12,x6	 x12:0x00000000  x6:0x00000000 x24=0x00000000
       19585000	      1957	80001654	039e8263	beq	x29,x25,80001678	 x29:0x00000000 x25:0x00000000
       19595000	      1958	00000000	00000013	addi	x0,x0,0	  x0:0x00000000
       19605000	      1959	80001674	00000013	addi	x0,x0,0	  x0:0x00000000
       19615000	      1960	80001678	03d70063	beq	x14,x29,80001698	 x14:0x00000000 x29:0x00000000
       19625000	      1961	00000000	00000013	addi	x0,x0,0	  x0:0x00000000
       19635000	      1962	80001694	00000013	addi	x0,x0,0	  x0:0x00000000
       19645000	      1963	80001698	02759c63	bne	x11,x7,800016d0	 x11:0xffffffe6  x7:0x00000000
       19655000	      1964	00000000	00000013	addi	x0,x0,0	  x0:0x00000000
       19665000	      1965	800016cc	00000013	addi	x0,x0,0	  x0:0x00000000
       19675000	      1966	800016d0	888ab493	sltiu	x9,x21,-1912	 x21:0x8000a1f9  x9=0x00000001
       19685000	      1967	800016d4	237ee993	ori	x19,x29,567	 x29:0x00000000 x19=0x00000237
       19695000	      1968	800016d8	01a59463	bne	x11,x26,800016e0	 x11:0xffffffe6 x26:0x00000001
       19705000	      1969	00000000	00000013	addi	x0,x0,0	  x0:0x00000000
       19715000	      1970	800016dc	00000013	addi	x0,x0,0	  x0:0x00000000
       19725000	      1971	800016e0	04254063	blt	x10,x2,80001720	 x10:0x80009f60  x2:0x00000000
       19735000	      1972	00000000	00000013	addi	x0,x0,0	  x0:0x00000000
       19745000	      1973	8000171c	00000013	addi	x0,x0,0	  x0:0x00000000
       19755000	      1974	80001720	fbe1c613	xori	x12,x3,-66	  x3:0xfffffffd x12=0x00000043
       19765000	      1975	80001724	00bed833	srl	x16,x29,x11	 x29:0x00000000 x11:0xffffffe6 x16=0x00000000
       19775000	      1976	80001728	00551613	slli	x12,x10,0x5	 x10:0x80009f60 x12=0x0013ec00
       19785000	      1977	8000172c	72190b93	addi	x23,x18,1825	 x18:0x00000000 x23=0x00000721
       19795000	      1978	80001730	411a58b3	sra	x17,x20,x17	 x20:0x0000061b x17:0xf80009fc x17=0x00000000
       19805000	      1979	80001734	63db8a13	addi	x20,x23,1597	 x23:0x00000721 x20=0x00000d5e
       19815000	      1980	80001738	02688c63	beq	x17,x6,80001770	 x17:0x00000000  x6:0x00000000
       19825000	      1981	00000000	00000013	addi	x0,x0,0	  x0:0x00000000
       19835000	      1982	8000176c	00000013	addi	x0,x0,0	  x0:0x00000000
       19845000	      1983	80001770	00ec4463	blt	x24,x14,80001778	 x24:0x00000000 x14:0x00000000
       19855000	      1984	80001774	41385b93	srai	x23,x16,0x13	 x16:0x00000000 x23=0x00000000
       19865000	      1985	80001778	01cc1913	slli	x18,x24,0x1c	 x24:0x00000000 x18=0x00000000
       19875000	      1986	8000177c	0cee4013	xori	x0,x28,206	 x28:0x00194c9d
       19885000	      1987	80001780	4115dcb3	sra	x25,x11,x17	 x11:0xffffffe6 x17:0x00000000 x25=0xffffffe6
       19895000	      1988	80001784	bdabec93	ori	x25,x23,-1062	 x23:0x00000000 x25=0xfffffbda
       19905000	      1989	80001788	005e7333	and	x6,x28,x5	 x28:0x00194c9d  x5:0x653275b7  x6=0x00104495
       19915000	      1990	8000178c	00e65f13	srli	x30,x12,0xe	 x12:0x0013ec00 x30=0x0000004f
       19925000	      1991	80001790	038ac863	blt	x21,x24,800017c0	 x21:0x8000a1f9 x24:0x00000000
       19935000	      1992	00000000	00000013	addi	x0,x0,0	  x0:0x00000000
       19945000	      1993	800017bc	00000013	addi	x0,x0,0	  x0:0x00000000
       19955000	      1994	800017c0	00119913	slli	x18,x3,0x1	  x3:0xfffffffd x18=0xfffffffa
       19965000	      1995	800017c4	013a81b3	add	x3,x21,x19	 x21:0x8000a1f9 x19:0x00000237  x3=0x8000a430
       19975000	      1996	800017c8	40838eb3	sub	x29,x7,x8	  x7:0x00000000  x8:0x00000001 x29=0xffffffff
       19985000	      1997	800017cc	83667a13	andi	x20,x12,-1994	 x12:0x0013ec00 x20=0x0013e800
       19995000	      1998	800017d0	006b5a13	srli	x20,x22,0x6	 x22:0x80009fc4 x20=0x0200027f
       20005000	      1999	800017d4	d0c10c37	lui	x24,0xd0c10	 x24=0xd0c10000
       20015000	      2000	800017d8	002629b3	slt	x19,x12,x2	 x12:0x0013ec00  x2:0x00000000 x19=0x00000000
       20025000	      2001	800017dc	044d8463	beq	x27,x4,80001824	 x27:0x80009fc4  x4:0xffff8000
       20035000	      2002	800017e0	5c54c413	xori	x8,x9,1477	  x9:0x00000001  x8=0x000005c4
       20045000	      2003	800017e4	7e9c6d93	ori	x27,x24,2025	 x24:0xd0c10000 x27=0xd0c107e9
       20055000	      2004	800017e8	41765e93	srai	x29,x12,0x17	 x12:0x0013ec00 x29=0x00000000
       20065000	      2005	800017ec	00af1933	sll	x18,x30,x10	 x30:0x0000004f x10:0x80009f60 x18=0x0000004f
       20075000	      2006	800017f0	013f5213	srli	x4,x30,0x13	 x30:0x0000004f  x4=0x00000000
       20085000	      2007	800017f4	00000013	addi	x0,x0,0	  x0:0x00000000
       20095000	      2008	800017f8	01102833	slt	x16,x0,x17	  x0:0x00000000 x17:0x00000000 x16=0x00000000
       20105000	      2009	800017fc	016cfc63	bgeu	x25,x22,80001814	 x25:0xfffffbda x22:0x80009fc4
       20115000	      2010	00000000	00000013	addi	x0,x0,0	  x0:0x00000000
       20125000	      2011	80001810	00000013	addi	x0,x0,0	  x0:0x00000000
       20135000	      2012	80001814	00000013	addi	x0,x0,0	  x0:0x00000000
       20145000	      2013	80001818	0462f063	bgeu	x5,x6,80001858	  x5:0x653275b7  x6:0x00104495
       20155000	      2014	00000000	00000013	addi	x0,x0,0	  x0:0x00000000
       20165000	      2015	80001854	00000013	addi	x0,x0,0	  x0:0x00000000
       20175000	      2016	80001858	01ccc333	xor	x6,x25,x28	 x25:0xfffffbda x28:0x00194c9d  x6=0xffe6b747
       20185000	      2017	8000185c	01115f33	srl	x30,x2,x17	  x2:0x00000000 x17:0x00000000 x30=0x00000000
       20195000	      2018	80001860	11f76f97	auipc	x31,0x11f76	 x31=0x91f7785c
       20205000	      2019	80001864	013ebab3	sltu	x21,x29,x19	 x29:0x00000000 x19:0x00000000 x21=0x00000000
       20215000	      2020	80001868	13a3ce93	xori	x29,x7,314	  x7:0x00000000 x29=0x0000013a
       20225000	      2021	8000186c	0011d233	srl	x4,x3,x1	  x3:0x8000a430  x1:0x00000001  x4=0x40005218
       20235000	      2022	80001870	41745013	srai	x0,x8,0x17	  x8:0x000005c4
       20245000	      2023	80001874	41b5d693	srai	x13,x11,0x1b	 x11:0xffffffe6 x13=0xffffffff
       20255000	      2024	80001878	021a1063	bne	x20,x1,80001898	 x20:0x0200027f  x1:0x00000001
       20265000	      2025	00000000	00000013	addi	x0,x0,0	  x0:0x00000000
       20275000	      2026	80001894	00000013	addi	x0,x0,0	  x0:0x00000000
       20285000	      2027	80001898	00d19c93	slli	x25,x3,0xd	  x3:0x8000a430 x25=0x14860000
       20295000	      2028	8000189c	034ed063	bge	x29,x20,800018bc	 x29:0x0000013a x20:0x0200027f
       20305000	      2029	800018a0	00ab1a33	sll	x20,x22,x10	 x22:0x80009fc4 x10:0x80009f60 x20=0x80009fc4
       20315000	      2030	800018a4	01e74133	xor	x2,x14,x30	 x14:0x00000000 x30:0x00000000  x2=0x00000000
       20325000	      2031	800018a8	acdaf193	andi	x3,x21,-1331	 x21:0x00000000  x3=0x00000000
       20335000	      2032	800018ac	015f7fb3	and	x31,x30,x21	 x30:0x00000000 x21:0x00000000 x31=0x00000000
       20345000	      2033	800018b0	17f57eb7	lui	x29,0x17f57	 x29=0x17f57000
       20355000	      2034	800018b4	027f0a63	beq	x30,x7,800018e8	 x30:0x00000000  x7:0x00000000
       20365000	      2035	00000000	00000013	addi	x0,x0,0	  x0:0x00000000
       20375000	      2036	800018e4	00000013	addi	x0,x0,0	  x0:0x00000000
       20385000	      2037	800018e8	012fedb3	or	x27,x31,x18	 x31:0x00000000 x18:0x0000004f x27=0x0000004f
       20395000	      2038	800018ec	04484263	blt	x16,x4,80001930	 x16:0x00000000  x4:0x40005218
       20405000	      2039	00000000	00000013	addi	x0,x0,0	  x0:0x00000000
       20415000	      2040	8000192c	00000013	addi	x0,x0,0	  x0:0x00000000
       20425000	      2041	80001930	dd578fb7	lui	x31,0xdd578	 x31=0xdd578000
       20435000	      2042	80001934	00e6ce63	blt	x13,x14,80001950	 x13:0xffffffff x14:0x00000000
       20445000	      2043	00000000	00000013	addi	x0,x0,0	  x0:0x00000000
       20455000	      2044	8000194c	00000013	addi	x0,x0,0	  x0:0x00000000
       20465000	      2045	80001950	01dc39b3	sltu	x19,x24,x29	 x24:0xd0c10000 x29:0x17f57000 x19=0x00000000
       20475000	      2046	80001954	001d0133	add	x2,x26,x1	 x26:0x00000001  x1:0x00000001  x2=0x00000002
       20485000	      2047	80001958	006ddfb3	srl	x31,x27,x6	 x27:0x0000004f  x6:0xffe6b747 x31=0x00000000
       20495000	      2048	8000195c	00000013	addi	x0,x0,0	  x0:0x00000000
       20505000	      2049	80001960	019d5493	srli	x9,x26,0x19	 x26:0x00000001  x9=0x00000000
       20515000	      2050	80001964	418d5a13	srai	x20,x26,0x18	 x26:0x00000001 x20=0x00000000
       20525000	      2051	80001968	001f0133	add	x2,x30,x1	 x30:0x00000000  x1:0x00000001  x2=0x00000001
       20535000	      2052	8000196c	ea542037	lui	x0,0xea542	
       20545000	      2053	80001970	051c7263	bgeu	x24,x17,800019b4	 x24:0xd0c10000 x17:0x00000000
       20555000	      2054	00000000	00000013	addi	x0,x0,0	  x0:0x00000000
       20565000	      2055	800019b0	00000013	addi	x0,x0,0	  x0:0x00000000
       20575000	      2056	800019b4	017146b3	xor	x13,x2,x23	  x2:0x00000001 x23:0x00000000 x13=0x00000001
       20585000	      2057	800019b8	a75c1a97	auipc	x21,0xa75c1	 x21=0x275c29b4
       20595000	      2058	800019bc	41dfd113	srai	x2,x31,0x1d	 x31:0x00000000  x2=0x00000000
       20605000	      2059	800019c0	029d9063	bne	x27,x9,800019e0	 x27:0x0000004f  x9:0x00000000
       20615000	      2060	00000000	00000013	addi	x0,x0,0	  x0:0x00000000
       20625000	      2061	800019dc	00000013	addi	x0,x0,0	  x0:0x00000000
       20635000	      2062	800019e0	0130a833	slt	x16,x1,x19	  x1:0x00000001 x19:0x00000000 x16=0x00000000
       20645000	      2063	800019e4	63b7ad97	auipc	x27,0x63b7a	 x27=0xe3b7b9e0
       20655000	      2064	800019e8	e6f87fb7	lui	x31,0xe6f87	 x31=0xe6f87000
       20665000	      2065	800019ec	00905793	srli	x15,x0,0x9	  x0:0x00000000 x15=0x00000000
       20675000	      2066	800019f0	01175c13	srli	x24,x14,0x11	 x14:0x00000000 x24=0x00000000
       20685000	      2067	800019f4	73d54313	xori	x6,x10,1853	 x10:0x80009f60  x6=0x8000985d
       20695000	      2068	800019f8	02c65263	bge	x12,x12,80001a1c	 x12:0x0013ec00 x12:0x0013ec00
       20705000	      2069	00000000	00000013	addi	x0,x0,0	  x0:0x00000000
       20715000	      2070	80001a18	00000013	addi	x0,x0,0	  x0:0x00000000
       20725000	      2071	80001a1c	02b38a63	beq	x7,x11,80001a50	  x7:0x00000000 x11:0xffffffe6
       20735000	      2072	80001a20	001720b3	slt	x1,x14,x1	 x14:0x00000000  x1:0x00000001  x1=0x00000001
       20745000	      2073	80001a24	00000013	addi	x0,x0,0	  x0:0x00000000
       20755000	      2074	80001a28	454f4e97	auipc	x29,0x454f4	 x29=0xc54f5a24
       20765000	      2075	80001a2c	013e4ab3	xor	x21,x28,x19	 x28:0x00194c9d x19:0x00000000 x21=0x00194c9d
       20775000	      2076	80001a30	4000d613	srai	x12,x1,0x0	  x1:0x00000001 x12=0x00000001
       20785000	      2077	80001a34	ec247e13	andi	x28,x8,-318	  x8:0x000005c4 x28=0x000004c0
       20795000	      2078	80001a38	00d567b3	or	x15,x10,x13	 x10:0x80009f60 x13:0x00000001 x15=0x80009f61
       20805000	      2079	80001a3c	00000013	addi	x0,x0,0	  x0:0x00000000
       20815000	      2080	80001a40	01604f33	xor	x30,x0,x22	  x0:0x00000000 x22:0x80009fc4 x30=0x80009fc4
       20825000	      2081	80001a44	04af4063	blt	x30,x10,80001a84	 x30:0x80009fc4 x10:0x80009f60
       20835000	      2082	80001a48	01446133	or	x2,x8,x20	  x8:0x000005c4 x20:0x00000000  x2=0x000005c4
       20845000	      2083	80001a4c	00000013	addi	x0,x0,0	  x0:0x00000000
       20855000	      2084	80001a50	0154bd33	sltu	x26,x9,x21	  x9:0x00000000 x21:0x00194c9d x26=0x00000001
       20865000	      2085	80001a54	00b7a0b3	slt	x1,x15,x11	 x15:0x80009f61 x11:0xffffffe6  x1=0x00000001
       20875000	      2086	80001a58	41948133	sub	x2,x9,x25	  x9:0x00000000 x25:0x14860000  x2=0xeb7a0000
       20885000	      2087	80001a5c	410a0a33	sub	x20,x20,x16	 x20:0x00000000 x16:0x00000000 x20=0x00000000
       20895000	      2088	80001a60	5db2f993	andi	x19,x5,1499	  x5:0x653275b7 x19=0x00000593
       20905000	      2089	80001a64	00f88c63	beq	x17,x15,80001a7c	 x17:0x00000000 x15:0x80009f61
       20915000	      2090	80001a68	05d88663	beq	x17,x29,80001ab4	 x17:0x00000000 x29:0xc54f5a24
       20925000	      2091	80001a6c	50bea593	slti	x11,x29,1291	 x29:0xc54f5a24 x11=0x00000001
       20935000	      2092	80001a70	010af733	and	x14,x21,x16	 x21:0x00194c9d x16:0x00000000 x14=0x00000000
       20945000	      2093	80001a74	01144e63	blt	x8,x17,80001a90	  x8:0x000005c4 x17:0x00000000
       20955000	      2094	80001a78	41e50ab3	sub	x21,x10,x30	 x10:0x80009f60 x30:0x80009fc4 x21=0xffffff9c
       20965000	      2095	80001a7c	030ef063	bgeu	x29,x16,80001a9c	 x29:0xc54f5a24 x16:0x00000000
       20975000	      2096	00000000	00000013	addi	x0,x0,0	  x0:0x00000000
       20985000	      2097	80001a98	00000013	addi	x0,x0,0	  x0:0x00000000
       20995000	      2098	80001a9c	00000013	addi	x0,x0,0	  x0:0x00000000
       21005000	      2099	80001aa0	00f80a63	beq	x16,x15,80001ab4	 x16:0x00000000 x15:0x80009f61
       21015000	      2100	80001aa4	007d7d33	and	x26,x26,x7	 x26:0x00000001  x7:0x00000000 x26=0x00000000
       21025000	      2101	80001aa8	04fec463	blt	x29,x15,80001af0	 x29:0xc54f5a24 x15:0x80009f61
       21035000	      2102	80001aac	4080de33	sra	x28,x1,x8	  x1:0x00000001  x8:0x000005c4 x28=0x00000000
       21045000	      2103	80001ab0	2fef8893	addi	x17,x31,766	 x31:0xe6f87000 x17=0xe6f872fe
       21055000	      2104	80001ab4	406208b3	sub	x17,x4,x6	  x4:0x40005218  x6:0x8000985d x17=0xbfffb9bb
       21065000	      2105	80001ab8	ba50b397	auipc	x7,0xba50b	  x7=0x3a50cab4
       21075000	      2106	80001abc	01dd1db3	sll	x27,x26,x29	 x26:0x00000000 x29:0xc54f5a24 x27=0x00000000
       21085000	      2107	80001ac0	01ba7933	and	x18,x20,x27	 x20:0x00000000 x27:0x00000000 x18=0x00000000
       21095000	      2108	80001ac4	029a8c63	beq	x21,x9,80001afc	 x21:0xffffff9c  x9:0x00000000
       21105000	      2109	80001ac8	00d93d33	sltu	x26,x18,x13	 x18:0x00000000 x13:0x00000001 x26=0x00000001
       21115000	      2110	80001acc	00229633	sll	x12,x5,x2	  x5:0x653275b7  x2:0xeb7a0000 x12=0x653275b7
       21125000	      2111	80001ad0	0100d5b3	srl	x11,x1,x16	  x1:0x00000001 x16:0x00000000 x11=0x00000001
       21135000	      2112	80001ad4	40ccde13	srai	x28,x25,0xc	 x25:0x14860000 x28=0x00014860
       21145000	      2113	80001ad8	829eecb7	lui	x25,0x829ee	 x25=0x829ee000
       21155000	      2114	80001adc	f6600237	lui	x4,0xf6600	  x4=0xf6600000
       21165000	      2115	80001ae0	0085a0b3	slt	x1,x11,x8	 x11:0x00000001  x8:0x000005c4  x1=0x00000001
       21175000	      2116	80001ae4	0176dbb3	srl	x23,x13,x23	 x13:0x00000001 x23:0x00000000 x23=0x00000001
       21185000	      2117	80001ae8	ea946f13	ori	x30,x8,-343	  x8:0x000005c4 x30=0xffffffed
       21195000	      2118	80001aec	d47d0a13	addi	x20,x26,-697	 x26:0x00000001 x20=0xfffffd48
       21205000	      2119	80001af0	409c57b3	sra	x15,x24,x9	 x24:0x00000000  x9:0x00000000 x15=0x00000000
       21215000	      2120	80001af4	0142a433	slt	x8,x5,x20	  x5:0x653275b7 x20:0xfffffd48  x8=0x00000000
       21225000	      2121	80001af8	00a39633	sll	x12,x7,x10	  x7:0x3a50cab4 x10:0x80009f60 x12=0x3a50cab4
       21235000	      2122	80001afc	02e6c863	blt	x13,x14,80001b2c	 x13:0x00000001 x14:0x00000000
       21245000	      2123	80001b00	0008d7b3	srl	x15,x17,x0	 x17:0xbfffb9bb  x0:0x00000000 x15=0xbfffb9bb
       21255000	      2124	80001b04	010cc3b3	xor	x7,x25,x16	 x25:0x829ee000 x16:0x00000000  x7=0x829ee000
       21265000	      2125	80001b08	0cca0113	addi	x2,x20,204	 x20:0xfffffd48  x2=0xfffffe14
       21275000	      2126	80001b0c	37cf5737	lui	x14,0x37cf5	 x14=0x37cf5000
       21285000	      2127	80001b10	0165b5b3	sltu	x11,x11,x22	 x11:0x00000001 x22:0x80009fc4 x11=0x00000001
       21295000	      2128	80001b14	00920c63	beq	x4,x9,80001b2c	  x4:0xf6600000  x9:0x00000000
       21305000	      2129	80001b18	ff057013	andi	x0,x10,-16	 x10:0x80009f60
       21315000	      2130	80001b1c	007dcc33	xor	x24,x27,x7	 x27:0x00000000  x7:0x829ee000 x24=0x829ee000
       21325000	      2131	80001b20	01728433	add	x8,x5,x23	  x5:0x653275b7 x23:0x00000001  x8=0x653275b8
       21335000	      2132	80001b24	019ad4b3	srl	x9,x21,x25	 x21:0xffffff9c x25:0x829ee000  x9=0xffffff9c
       21345000	      2133	80001b28	712d8d37	lui	x26,0x712d8	 x26=0x712d8000
       21355000	      2134	80001b2c	0484e063	bltu	x9,x8,80001b6c	  x9:0xffffff9c  x8:0x653275b8
       21365000	      2135	80001b30	c0480e13	addi	x28,x16,-1020	 x16:0x00000000 x28=0xfffffc04
       21375000	      2136	80001b34	44093a37	lui	x20,0x44093	 x20=0x44093000
       21385000	      2137	80001b38	00191e93	slli	x29,x18,0x1	 x18:0x00000000 x29=0x00000000
       21395000	      2138	80001b3c	015489b3	add	x19,x9,x21	  x9:0xffffff9c x21:0xffffff9c x19=0xffffff38
       21405000	      2139	80001b40	40c35f13	srai	x30,x6,0xc	  x6:0x8000985d x30=0xfff80009
       21415000	      2140	80001b44	ba8f0393	addi	x7,x30,-1112	 x30:0xfff80009  x7=0xfff7fbb1
       21425000	      2141	80001b48	91fc6593	ori	x11,x24,-1761	 x24:0x829ee000 x11=0xfffff91f
       21435000	      2142	80001b4c	40f285b3	sub	x11,x5,x15	  x5:0x653275b7 x15:0xbfffb9bb x11=0xa532bbfc
       21445000	      2143	80001b50	012d1213	slli	x4,x26,0x12	 x26:0x712d8000  x4=0x00000000
       21455000	      2144	80001b54	0149c833	xor	x16,x19,x20	 x19:0xffffff38 x20:0x44093000 x16=0xbbf6cf38
       21465000	      2145	80001b58	ae094f93	xori	x31,x18,-1312	 x18:0x00000000 x31=0xfffffae0
       21475000	      2146	80001b5c	00eb9713	slli	x14,x23,0xe	 x23:0x00000001 x14=0x00004000
       21485000	      2147	80001b60	26530413	addi	x8,x6,613	  x6:0x8000985d  x8=0x80009ac2
       21495000	      2148	80001b64	92cd7cb7	lui	x25,0x92cd7	 x25=0x92cd7000
       21505000	      2149	80001b68	01988a33	add	x20,x17,x25	 x17:0xbfffb9bb x25:0x92cd7000 x20=0x52cd29bb
       21515000	      2150	80001b6c	00040fb3	add	x31,x8,x0	  x8:0x80009ac2  x0:0x00000000 x31=0x80009ac2
       21525000	      2151	80001b70	4114d6b3	sra	x13,x9,x17	  x9:0xffffff9c x17:0xbfffb9bb x13=0xffffffff
       21535000	      2152	80001b74	0181d793	srli	x15,x3,0x18	  x3:0x00000000 x15=0x00000000
       21545000	      2153	80001b78	9708a413	slti	x8,x17,-1680	 x17:0xbfffb9bb  x8=0x00000001
       21555000	      2154	80001b7c	0087ecb3	or	x25,x15,x8	 x15:0x00000000  x8:0x00000001 x25=0x00000001
       21565000	      2155	80001b80	41268e33	sub	x28,x13,x18	 x13:0xffffffff x18:0x00000000 x28=0xffffffff
       21575000	      2156	80001b84	00490cb3	add	x25,x18,x4	 x18:0x00000000  x4:0x00000000 x25=0x00000000
       21585000	      2157	80001b88	410e5c33	sra	x24,x28,x16	 x28:0xffffffff x16:0xbbf6cf38 x24=0xffffffff
       21595000	      2158	80001b8c	02c9f493	andi	x9,x19,44	 x19:0xffffff38  x9=0x00000028
       21605000	      2159	80001b90	0009c133	xor	x2,x19,x0	 x19:0xffffff38  x0:0x00000000  x2=0xffffff38
       21615000	      2160	80001b94	03d06263	bltu	x0,x29,80001bb8	  x0:0x00000000 x29:0x00000000
       21625000	      2161	80001b98	0013ebb3	or	x23,x7,x1	  x7:0xfff7fbb1  x1:0x00000001 x23=0xfff7fbb1
       21635000	      2162	80001b9c	00a4da63	bge	x9,x10,80001bb0	  x9:0x00000028 x10:0x80009f60
       21645000	      2163	00000000	00000013	addi	x0,x0,0	  x0:0x00000000
       21655000	      2164	80001bac	00000013	addi	x0,x0,0	  x0:0x00000000
       21665000	      2165	80001bb0	62747193	andi	x3,x8,1575	  x8:0x00000001  x3=0x00000001
       21675000	      2166	80001bb4	00597333	and	x6,x18,x5	 x18:0x00000000  x5:0x653275b7  x6=0x00000000
       21685000	      2167	80001bb8	01b99e63	bne	x19,x27,80001bd4	 x19:0xffffff38 x27:0x00000000
       21695000	      2168	00000000	00000013	addi	x0,x0,0	  x0:0x00000000
       21705000	      2169	80001bd0	00000013	addi	x0,x0,0	  x0:0x00000000
       21715000	      2170	80001bd4	ddebe693	ori	x13,x23,-546	 x23:0xfff7fbb1 x13=0xffffffff
       21725000	      2171	80001bd8	2c423193	sltiu	x3,x4,708	  x4:0x00000000  x3=0x00000001
       21735000	      2172	80001bdc	5406af13	slti	x30,x13,1344	 x13:0xffffffff x30=0x00000001
       21745000	      2173	80001be0	0051fe33	and	x28,x3,x5	  x3:0x00000001  x5:0x653275b7 x28=0x00000001
       21755000	      2174	80001be4	0088dfb3	srl	x31,x17,x8	 x17:0xbfffb9bb  x8:0x00000001 x31=0x5fffdcdd
       21765000	      2175	80001be8	01dd2833	slt	x16,x26,x29	 x26:0x712d8000 x29:0x00000000 x16=0x00000000
       21775000	      2176	80001bec	fe46fa93	andi	x21,x13,-28	 x13:0xffffffff x21=0xffffffe4
       21785000	      2177	80001bf0	41045393	srai	x7,x8,0x10	  x8:0x00000001  x7=0x00000000
       21795000	      2178	80001bf4	8841f693	andi	x13,x3,-1916	  x3:0x00000001 x13=0x00000000
       21805000	      2179	80001bf8	001f5693	srli	x13,x30,0x1	 x30:0x00000001 x13=0x00000000
       21815000	      2180	80001bfc	6010b997	auipc	x19,0x6010b	 x19=0xe010cbf8
       21825000	      2181	80001c00	43ad8093	addi	x1,x27,1082	 x27:0x00000000  x1=0x0000043a
       21835000	      2182	80001c04	004211b3	sll	x3,x4,x4	  x4:0x00000000  x4:0x00000000  x3=0x00000000
       21845000	      2183	80001c08	014a05b3	add	x11,x20,x20	 x20:0x52cd29bb x20:0x52cd29bb x11=0xa59a5376
       21855000	      2184	80001c0c	0078dd13	srli	x26,x17,0x7	 x17:0xbfffb9bb x26=0x017fff73
       21865000	      2185	80001c10	01eb95b3	sll	x11,x23,x30	 x23:0xfff7fbb1 x30:0x00000001 x11=0xffeff762
       21875000	      2186	80001c14	773c3413	sltiu	x8,x24,1907	 x24:0xffffffff  x8=0x00000000
       21885000	      2187	80001c18	00e21813	slli	x16,x4,0xe	  x4:0x00000000 x16=0x00000000
       21895000	      2188	80001c1c	00c67833	and	x16,x12,x12	 x12:0x3a50cab4 x12:0x3a50cab4 x16=0x3a50cab4
       21905000	      2189	80001c20	2b833313	sltiu	x6,x6,696	  x6:0x00000000  x6=0x00000001
       21915000	      2190	80001c24	87593d13	sltiu	x26,x18,-1931	 x18:0x00000000 x26=0x00000001
       21925000	      2191	80001c28	44bac9b7	lui	x19,0x44bac	 x19=0x44bac000
       21935000	      2192	80001c2c	018cfc33	and	x24,x25,x24	 x25:0x00000000 x24:0xffffffff x24=0x00000000
       21945000	      2193	80001c30	05d4e063	bltu	x9,x29,80001c70	  x9:0x00000028 x29:0x00000000
       21955000	      2194	80001c34	415a5d13	srai	x26,x20,0x15	 x20:0x52cd29bb x26=0x00000296
       21965000	      2195	80001c38	01be0eb3	add	x29,x28,x27	 x28:0x00000001 x27:0x00000000 x29=0x00000001
       21975000	      2196	80001c3c	40625f93	srai	x31,x4,0x6	  x4:0x00000000 x31=0x00000000
       21985000	      2197	80001c40	898fe793	ori	x15,x31,-1896	 x31:0x00000000 x15=0xfffff898
       21995000	      2198	80001c44	00509c13	slli	x24,x1,0x5	  x1:0x0000043a x24=0x00008740
       22005000	      2199	80001c48	4172d093	srai	x1,x5,0x17	  x5:0x653275b7  x1=0x000000ca
       22015000	      2200	80001c4c	52a08813	addi	x16,x1,1322	  x1:0x000000ca x16=0x000005f4
       22025000	      2201	80001c50	01c60d33	add	x26,x12,x28	 x12:0x3a50cab4 x28:0x00000001 x26=0x3a50cab5
       22035000	      2202	80001c54	90f66c93	ori	x25,x12,-1777	 x12:0x3a50cab4 x25=0xfffffbbf
       22045000	      2203	80001c58	05821463	bne	x4,x24,80001ca0	  x4:0x00000000 x24:0x00008740
       22055000	      2204	00000000	00000013	addi	x0,x0,0	  x0:0x00000000
       22065000	      2205	80001c9c	00000013	addi	x0,x0,0	  x0:0x00000000
       22075000	      2206	80001ca0	ebddf013	andi	x0,x27,-323	 x27:0x00000000
       22085000	      2207	80001ca4	61990393	addi	x7,x18,1561	 x18:0x00000000  x7=0x00000619
       22095000	      2208	80001ca8	40c90fb3	sub	x31,x18,x12	 x18:0x00000000 x12:0x3a50cab4 x31=0xc5af354c
       22105000	      2209	80001cac	5ebc7e93	andi	x29,x24,1515	 x24:0x00008740 x29=0x00000540
       22115000	      2210	80001cb0	0974e613	ori	x12,x9,151	  x9:0x00000028 x12=0x000000bf
       22125000	      2211	80001cb4	b89fc913	xori	x18,x31,-1143	 x31:0xc5af354c x18=0x3a50cec5
       22135000	      2212	80001cb8	036be063	bltu	x23,x22,80001cd8	 x23:0xfff7fbb1 x22:0x80009fc4
       22145000	      2213	80001cbc	bf062693	slti	x13,x12,-1040	 x12:0x000000bf x13=0x00000000
       22155000	      2214	80001cc0	00cc7c63	bgeu	x24,x12,80001cd8	 x24:0x00008740 x12:0x000000bf
       22165000	      2215	00000000	00000013	addi	x0,x0,0	  x0:0x00000000
       22175000	      2216	80001cd4	00000013	addi	x0,x0,0	  x0:0x00000000
       22185000	      2217	80001cd8	4196dfb3	sra	x31,x13,x25	 x13:0x00000000 x25:0xfffffbbf x31=0x00000000
       22195000	      2218	80001cdc	01c26133	or	x2,x4,x28	  x4:0x00000000 x28:0x00000001  x2=0x00000001
       22205000	      2219	80001ce0	02135863	bge	x6,x1,80001d10	  x6:0x00000001  x1:0x000000ca
       22215000	      2220	80001ce4	0254cc63	blt	x9,x5,80001d1c	  x9:0x00000028  x5:0x653275b7
       22225000	      2221	00000000	00000013	addi	x0,x0,0	  x0:0x00000000
       22235000	      2222	80001d18	00000013	addi	x0,x0,0	  x0:0x00000000
       22245000	      2223	80001d1c	009bc933	xor	x18,x23,x9	 x23:0xfff7fbb1  x9:0x00000028 x18=0xfff7fb99
       22255000	      2224	80001d20	01c92bb3	slt	x23,x18,x28	 x18:0xfff7fb99 x28:0x00000001 x23=0x00000001
       22265000	      2225	80001d24	05ee8463	beq	x29,x30,80001d6c	 x29:0x00000540 x30:0x00000001
       22275000	      2226	80001d28	01b13733	sltu	x14,x2,x27	  x2:0x00000001 x27:0x00000000 x14=0x00000000
       22285000	      2227	80001d2c	007521b3	slt	x3,x10,x7	 x10:0x80009f60  x7:0x00000619  x3=0x00000001
       22295000	      2228	80001d30	01d3da33	srl	x20,x7,x29	  x7:0x00000619 x29:0x00000540 x20=0x00000619
       22305000	      2229	80001d34	1edfdab7	lui	x21,0x1edfd	 x21=0x1edfd000
       22315000	      2230	80001d38	d98c3e13	sltiu	x28,x24,-616	 x24:0x00008740 x28=0x00000001
       22325000	      2231	80001d3c	1be03413	sltiu	x8,x0,446	  x0:0x00000000  x8=0x00000001
       22335000	      2232	80001d40	019a1813	slli	x16,x20,0x19	 x20:0x00000619 x16=0x32000000
       22345000	      2233	80001d44	c48dad93	slti	x27,x27,-952	 x27:0x00000000 x27=0x00000000
       22355000	      2234	80001d48	9ee6c413	xori	x8,x13,-1554	 x13:0x00000000  x8=0xfffff9ee
       22365000	      2235	80001d4c	05ecf663	bgeu	x25,x30,80001d98	 x25:0xfffffbbf x30:0x00000001
       22375000	      2236	00000000	00000013	addi	x0,x0,0	  x0:0x00000000
       22385000	      2237	80001d94	00000013	addi	x0,x0,0	  x0:0x00000000
       22395000	      2238	80001d98	000d2fb3	slt	x31,x26,x0	 x26:0x3a50cab5  x0:0x00000000 x31=0x00000000
       22405000	      2239	80001d9c	00b86e63	bltu	x16,x11,80001db8	 x16:0x32000000 x11:0xffeff762
       22415000	      2240	00000000	00000013	addi	x0,x0,0	  x0:0x00000000
       22425000	      2241	80001db4	00000013	addi	x0,x0,0	  x0:0x00000000
       22435000	      2242	80001db8	014b5db3	srl	x27,x22,x20	 x22:0x80009fc4 x20:0x00000619 x27=0x00000040
       22445000	      2243	80001dbc	03ac4863	blt	x24,x26,80001dec	 x24:0x00008740 x26:0x3a50cab5
       22455000	      2244	00000000	00000013	addi	x0,x0,0	  x0:0x00000000
       22465000	      2245	80001de8	00000013	addi	x0,x0,0	  x0:0x00000000
       22475000	      2246	80001dec	b53c7a93	andi	x21,x24,-1197	 x24:0x00008740 x21=0x00008340
       22485000	      2247	80001df0	41850833	sub	x16,x10,x24	 x10:0x80009f60 x24:0x00008740 x16=0x80001820
       22495000	      2248	80001df4	00c57463	bgeu	x10,x12,80001dfc	 x10:0x80009f60 x12:0x000000bf
       22505000	      2249	00000000	00000013	addi	x0,x0,0	  x0:0x00000000
       22515000	      2250	80001df8	00000013	addi	x0,x0,0	  x0:0x00000000
       22525000	      2251	80001dfc	f7f3ca13	xori	x20,x7,-129	  x7:0x00000619 x20=0xfffff966
       22535000	      2252	80001e00	0099f6b3	and	x13,x19,x9	 x19:0x44bac000  x9:0x00000028 x13=0x00000000
       22545000	      2253	80001e04	007a14b3	sll	x9,x20,x7	 x20:0xfffff966  x7:0x00000619  x9=0xcc000000
       22555000	      2254	80001e08	005e5233	srl	x4,x28,x5	 x28:0x00000001  x5:0x653275b7  x4=0x00000000
       22565000	      2255	80001e0c	029c9c63	bne	x25,x9,80001e44	 x25:0xfffffbbf  x9:0xcc000000
       22575000	      2256	00000000	00000013	addi	x0,x0,0	  x0:0x00000000
       22585000	      2257	80001e40	00000013	addi	x0,x0,0	  x0:0x00000000
       22595000	      2258	80001e44	007da6b3	slt	x13,x27,x7	 x27:0x00000040  x7:0x00000619 x13=0x00000001
       22605000	      2259	80001e48	1bbebe13	sltiu	x28,x29,443	 x29:0x00000540 x28=0x00000000
       22615000	      2260	80001e4c	0062c463	blt	x5,x6,80001e54	  x5:0x653275b7  x6:0x00000001
       22625000	      2261	80001e50	013ac9b3	xor	x19,x21,x19	 x21:0x00008340 x19:0x44bac000 x19=0x44ba4340
       22635000	      2262	80001e54	f3ca3c93	sltiu	x25,x20,-196	 x20:0xfffff966 x25=0x00000001
       22645000	      2263	80001e58	70b44693	xori	x13,x8,1803	  x8:0xfffff9ee x13=0xfffffee5
       22655000	      2264	80001e5c	003f1ab3	sll	x21,x30,x3	 x30:0x00000001  x3:0x00000001 x21=0x00000002
       22665000	      2265	80001e60	0167e4b3	or	x9,x15,x22	 x15:0xfffff898 x22:0x80009fc4  x9=0xffffffdc
       22675000	      2266	80001e64	00a8a933	slt	x18,x17,x10	 x17:0xbfffb9bb x10:0x80009f60 x18=0x00000000
       22685000	      2267	80001e68	00000013	addi	x0,x0,0	  x0:0x00000000
       22695000	      2268	80001e6c	01eb3833	sltu	x16,x22,x30	 x22:0x80009fc4 x30:0x00000001 x16=0x00000000
       22705000	      2269	80001e70	04bf1463	bne	x30,x11,80001eb8	 x30:0x00000001 x11:0xffeff762
       22715000	      2270	00000000	00000013	addi	x0,x0,0	  x0:0x00000000
       22725000	      2271	80001eb4	00000013	addi	x0,x0,0	  x0:0x00000000
       22735000	      2272	80001eb8	fed52a93	slti	x21,x10,-19	 x10:0x80009f60 x21=0x00000001
       22745000	      2273	80001ebc	fe080a13	addi	x20,x16,-32	 x16:0x00000000 x20=0xffffffe0
       22755000	      2274	80001ec0	01721833	sll	x16,x4,x23	  x4:0x00000000 x23:0x00000001 x16=0x00000000
       22765000	      2275	80001ec4	14fee993	ori	x19,x29,335	 x29:0x00000540 x19=0x0000054f
       22775000	      2276	80001ec8	41cc51b3	sra	x3,x24,x28	 x24:0x00008740 x28:0x00000000  x3=0x00008740
       22785000	      2277	80001ecc	23146313	ori	x6,x8,561	  x8:0xfffff9ee  x6=0xfffffbff
       22795000	      2278	80001ed0	000cd413	srli	x8,x25,0x0	 x25:0x00000001  x8=0x00000001
       22805000	      2279	80001ed4	08173e13	sltiu	x28,x14,129	 x14:0x00000000 x28=0x00000001
       22815000	      2280	80001ed8	387ace93	xori	x29,x21,903	 x21:0x00000001 x29=0x00000386
       22825000	      2281	80001edc	02a00c63	beq	x0,x10,80001f14	  x0:0x00000000 x10:0x80009f60
       22835000	      2282	80001ee0	01df07b3	add	x15,x30,x29	 x30:0x00000001 x29:0x00000386 x15=0x00000387
       22845000	      2283	80001ee4	01e335b3	sltu	x11,x6,x30	  x6:0xfffffbff x30:0x00000001 x11=0x00000000
       22855000	      2284	80001ee8	00000013	addi	x0,x0,0	  x0:0x00000000
       22865000	      2285	80001eec	006186b3	add	x13,x3,x6	  x3:0x00008740  x6:0xfffffbff x13=0x0000833f
       22875000	      2286	80001ef0	01071ab3	sll	x21,x14,x16	 x14:0x00000000 x16:0x00000000 x21=0x00000000
       22885000	      2287	80001ef4	032f9263	bne	x31,x18,80001f18	 x31:0x00000000 x18:0x00000000
       22895000	      2288	80001ef8	00b11733	sll	x14,x2,x11	  x2:0x00000001 x11:0x00000000 x14=0x00000001
       22905000	      2289	80001efc	05794663	blt	x18,x23,80001f48	 x18:0x00000000 x23:0x00000001
       22915000	      2290	00000000	00000013	addi	x0,x0,0	  x0:0x00000000
       22925000	      2291	80001f44	00000013	addi	x0,x0,0	  x0:0x00000000
       22935000	      2292	80001f48	00ae7db3	and	x27,x28,x10	 x28:0x00000001 x10:0x80009f60 x27=0x00000000
       22945000	      2293	80001f4c	1c200713	addi	x14,x0,450	  x0:0x00000000 x14=0x000001c2
       22955000	      2294	80001f50	00000013	addi	x0,x0,0	  x0:0x00000000
       22965000	      2295	80001f54	24660d13	addi	x26,x12,582	 x12:0x000000bf x26=0x00000305
       22975000	      2296	80001f58	41a381b3	sub	x3,x7,x26	  x7:0x00000619 x26:0x00000305  x3=0x00000314
       22985000	      2297	80001f5c	d80cd717	auipc	x14,0xd80cd	 x14=0x580cef58
       22995000	      2298	80001f60	48f04593	xori	x11,x0,1167	  x0:0x00000000 x11=0x0000048f
       23005000	      2299	80001f64	00b09913	slli	x18,x1,0xb	  x1:0x000000ca x18=0x00065000
       23015000	      2300	80001f68	f964c013	xori	x0,x9,-106	  x9:0xffffffdc
       23025000	      2301	80001f6c	01427db3	and	x27,x4,x20	  x4:0x00000000 x20:0xffffffe0 x27=0x00000000
       23035000	      2302	80001f70	41836793	ori	x15,x6,1048	  x6:0xfffffbff x15=0xffffffff
       23045000	      2303	80001f74	00438463	beq	x7,x4,80001f7c	  x7:0x00000619  x4:0x00000000
       23055000	      2304	80001f78	00000013	addi	x0,x0,0	  x0:0x00000000
       23065000	      2305	80001f7c	018d9933	sll	x18,x27,x24	 x27:0x00000000 x24:0x00008740 x18=0x00000000
       23075000	      2306	80001f80	007e1a13	slli	x20,x28,0x7	 x28:0x00000001 x20=0x00000080
       23085000	      2307	80001f84	12f02693	slti	x13,x0,303	  x0:0x00000000 x13=0x00000001
       23095000	      2308	80001f88	00498733	add	x14,x19,x4	 x19:0x0000054f  x4:0x00000000 x14=0x0000054f
       23105000	      2309	80001f8c	01607c63	bgeu	x0,x22,80001fa4	  x0:0x00000000 x22:0x80009fc4
       23115000	      2310	80001f90	00a64ab3	xor	x21,x12,x10	 x12:0x000000bf x10:0x80009f60 x21=0x80009fdf
       23125000	      2311	80001f94	0009de93	srli	x29,x19,0x0	 x19:0x0000054f x29=0x0000054f
       23135000	      2312	80001f98	1f26f093	andi	x1,x13,498	 x13:0x00000001  x1=0x00000000
       23145000	      2313	80001f9c	93fcd817	auipc	x16,0x93fcd	 x16=0x13fcef98
       23155000	      2314	80001fa0	008adcb3	srl	x25,x21,x8	 x21:0x80009fdf  x8:0x00000001 x25=0x40004fef
       23165000	      2315	80001fa4	03ba5063	bge	x20,x27,80001fc4	 x20:0x00000080 x27:0x00000000
       23175000	      2316	00000000	00000013	addi	x0,x0,0	  x0:0x00000000
       23185000	      2317	80001fc0	00000013	addi	x0,x0,0	  x0:0x00000000
       23195000	      2318	80001fc4	724a8893	addi	x17,x21,1828	 x21:0x80009fdf x17=0x8000a703
       23205000	      2319	80001fc8	412f53b3	sra	x7,x30,x18	 x30:0x00000001 x18:0x00000000  x7=0x00000001
       23215000	      2320	80001fcc	abe53413	sltiu	x8,x10,-1346	 x10:0x80009f60  x8=0x00000001
       23225000	      2321	80001fd0	00130fb3	add	x31,x6,x1	  x6:0xfffffbff  x1:0x00000000 x31=0xfffffbff
       23235000	      2322	80001fd4	04696063	bltu	x18,x6,80002014	 x18:0x00000000  x6:0xfffffbff
       23245000	      2323	00000000	00000013	addi	x0,x0,0	  x0:0x00000000
       23255000	      2324	80002010	00000013	addi	x0,x0,0	  x0:0x00000000
       23265000	      2325	80002014	019edd13	srli	x26,x29,0x19	 x29:0x0000054f x26=0x00000000
       23275000	      2326	80002018	014c9c33	sll	x24,x25,x20	 x25:0x40004fef x20:0x00000080 x24=0x40004fef
       23285000	      2327	8000201c	00b19e93	slli	x29,x3,0xb	  x3:0x00000314 x29=0x0018a000
       23295000	      2328	80002020	000141b3	xor	x3,x2,x0	  x2:0x00000001  x0:0x00000000  x3=0x00000001
       23305000	      2329	80002024	67786c93	ori	x25,x16,1655	 x16:0x13fcef98 x25=0x13fcefff
       23315000	      2330	80002028	4d5ed697	auipc	x13,0x4d5ed	 x13=0xcd5ef024
       23325000	      2331	8000202c	9ab07e93	andi	x29,x0,-1621	  x0:0x00000000 x29=0x00000000
       23335000	      2332	80002030	01804133	xor	x2,x0,x24	  x0:0x00000000 x24:0x40004fef  x2=0x40004fef
       23345000	      2333	80002034	00000013	addi	x0,x0,0	  x0:0x00000000
       23355000	      2334	80002038	05b71063	bne	x14,x27,80002078	 x14:0x0000054f x27:0x00000000
       23365000	      2335	00000000	00000013	addi	x0,x0,0	  x0:0x00000000
       23375000	      2336	80002074	00000013	addi	x0,x0,0	  x0:0x00000000
       23385000	      2337	80002078	01f5dd13	srli	x26,x11,0x1f	 x11:0x0000048f x26=0x00000000
       23395000	      2338	8000207c	41385d93	srai	x27,x16,0x13	 x16:0x13fcef98 x27=0x0000027f
       23405000	      2339	80002080	41a50233	sub	x4,x10,x26	 x10:0x80009f60 x26:0x00000000  x4=0x80009f60
       23415000	      2340	80002084	01d143b3	xor	x7,x2,x29	  x2:0x40004fef x29:0x00000000  x7=0x40004fef
       23425000	      2341	80002088	0035fe63	bgeu	x11,x3,800020a4	 x11:0x0000048f  x3:0x00000001
       23435000	      2342	00000000	00000013	addi	x0,x0,0	  x0:0x00000000
       23445000	      2343	800020a0	00000013	addi	x0,x0,0	  x0:0x00000000
       23455000	      2344	800020a4	f926dd37	lui	x26,0xf926d	 x26=0xf926d000
       23465000	      2345	800020a8	8c84c013	xori	x0,x9,-1848	  x9:0xffffffdc
       23475000	      2346	800020ac	00364733	xor	x14,x12,x3	 x12:0x000000bf  x3:0x00000001 x14=0x000000be
       23485000	      2347	800020b0	2309e413	ori	x8,x19,560	 x19:0x0000054f  x8=0x0000077f
       23495000	      2348	800020b4	01281f33	sll	x30,x16,x18	 x16:0x13fcef98 x18:0x00000000 x30=0x13fcef98
       23505000	      2349	800020b8	44af0213	addi	x4,x30,1098	 x30:0x13fcef98  x4=0x13fcf3e2
       23515000	      2350	800020bc	00970463	beq	x14,x9,800020c4	 x14:0x000000be  x9:0xffffffdc
       23525000	      2351	800020c0	840cff97	auipc	x31,0x840cf	 x31=0x040d10bc
       23535000	      2352	800020c4	249cf993	andi	x19,x25,585	 x25:0x13fcefff x19=0x00000249
       23545000	      2353	800020c8	01cfd463	bge	x31,x28,800020d0	 x31:0x040d10bc x28:0x00000001
       23555000	      2354	00000000	00000013	addi	x0,x0,0	  x0:0x00000000
       23565000	      2355	800020cc	00000013	addi	x0,x0,0	  x0:0x00000000
       23575000	      2356	800020d0	03c29863	bne	x5,x28,80002100	  x5:0x653275b7 x28:0x00000001
       23585000	      2357	00000000	00000013	addi	x0,x0,0	  x0:0x00000000
       23595000	      2358	800020fc	00000013	addi	x0,x0,0	  x0:0x00000000
       23605000	      2359	80002100	53992813	slti	x16,x18,1337	 x18:0x00000000 x16=0x00000001
       23615000	      2360	80002104	006ecab3	xor	x21,x29,x6	 x29:0x00000000  x6:0xfffffbff x21=0xfffffbff
       23625000	      2361	80002108	009a5493	srli	x9,x20,0x9	 x20:0x00000080  x9=0x00000000
       23635000	      2362	8000210c	41ccd933	sra	x18,x25,x28	 x25:0x13fcefff x28:0x00000001 x18=0x09fe77ff
       23645000	      2363	80002110	80adef13	ori	x30,x27,-2038	 x27:0x0000027f x30=0xfffffa7f
       23655000	      2364	80002114	406ad033	sra	x0,x21,x6	 x21:0xfffffbff  x6:0xfffffbff
       23665000	      2365	80002118	01815613	srli	x12,x2,0x18	  x2:0x40004fef x12=0x00000040
       23675000	      2366	8000211c	83a98913	addi	x18,x19,-1990	 x19:0x00000249 x18=0xfffffa83
       23685000	      2367	80002120	fc80fd13	andi	x26,x1,-56	  x1:0x00000000 x26=0x00000000
       23695000	      2368	80002124	9f610093	addi	x1,x2,-1546	  x2:0x40004fef  x1=0x400049e5
       23705000	      2369	80002128	c8bbca93	xori	x21,x23,-885	 x23:0x00000001 x21=0xfffffc8a
       23715000	      2370	8000212c	00000013	addi	x0,x0,0	  x0:0x00000000
       23725000	      2371	80002130	00b2b833	sltu	x16,x5,x11	  x5:0x653275b7 x11:0x0000048f x16=0x00000000
       23735000	      2372	80002134	41c45333	sra	x6,x8,x28	  x8:0x0000077f x28:0x00000001  x6=0x000003bf
       23745000	      2373	80002138	00b824b3	slt	x9,x16,x11	 x16:0x00000000 x11:0x0000048f  x9=0x00000001
       23755000	      2374	8000213c	0123e633	or	x12,x7,x18	  x7:0x40004fef x18:0xfffffa83 x12=0xffffffef
       23765000	      2375	80002140	0074bc33	sltu	x24,x9,x7	  x9:0x00000001  x7:0x40004fef x24=0x00000001
       23775000	      2376	80002144	00a640b3	xor	x1,x12,x10	 x12:0xffffffef x10:0x80009f60  x1=0x7fff608f
       23785000	      2377	80002148	01b61c13	slli	x24,x12,0x1b	 x12:0xffffffef x24=0x78000000
       23795000	      2378	8000214c	010d5193	srli	x3,x26,0x10	 x26:0x00000000  x3=0x00000000
       23805000	      2379	80002150	d181ff93	andi	x31,x3,-744	  x3:0x00000000 x31=0x00000000
       23815000	      2380	80002154	00f85eb3	srl	x29,x16,x15	 x16:0x00000000 x15:0xffffffff x29=0x00000000
       23825000	      2381	80002158	dac27897	auipc	x17,0xdac27	 x17=0x5ac29154
       23835000	      2382	8000215c	019056b3	srl	x13,x0,x25	  x0:0x00000000 x25:0x13fcefff x13=0x00000000
       23845000	      2383	80002160	00000013	addi	x0,x0,0	  x0:0x00000000
       23855000	      2384	80002164	00679e63	bne	x15,x6,80002180	 x15:0xffffffff  x6:0x000003bf
       23865000	      2385	00000000	00000013	addi	x0,x0,0	  x0:0x00000000
       23875000	      2386	8000217c	00000013	addi	x0,x0,0	  x0:0x00000000
       23885000	      2387	80002180	00b91593	slli	x11,x18,0xb	 x18:0xfffffa83 x11=0xffd41800
       23895000	      2388	80002184	01015e13	srli	x28,x2,0x10	  x2:0x40004fef x28=0x00004000
       23905000	      2389	80002188	a73bcd13	xori	x26,x23,-1421	 x23:0x00000001 x26=0xfffffa72
       23915000	      2390	8000218c	7554a393	slti	x7,x9,1877	  x9:0x00000001  x7=0x00000001
       23925000	      2391	80002190	01821033	sll	x0,x4,x24	  x4:0x13fcf3e2 x24:0x78000000
       23935000	      2392	80002194	ba1ee093	ori	x1,x29,-1119	 x29:0x00000000  x1=0xfffffba1
       23945000	      2393	80002198	000ad0b3	srl	x1,x21,x0	 x21:0xfffffc8a  x0:0x00000000  x1=0xfffffc8a
       23955000	      2394	8000219c	01efe933	or	x18,x31,x30	 x31:0x00000000 x30:0xfffffa7f x18=0xfffffa7f
       23965000	      2395	800021a0	0121ca63	blt	x3,x18,800021b4	  x3:0x00000000 x18:0xfffffa7f
       23975000	      2396	800021a4	0260f063	bgeu	x1,x6,800021c4	  x1:0xfffffc8a  x6:0x000003bf
       23985000	      2397	00000000	00000013	addi	x0,x0,0	  x0:0x00000000
       23995000	      2398	800021c0	00000013	addi	x0,x0,0	  x0:0x00000000
       24005000	      2399	800021c4	0278da63	bge	x17,x7,800021f8	 x17:0x5ac29154  x7:0x00000001
       24015000	      2400	00000000	00000013	addi	x0,x0,0	  x0:0x00000000
       24025000	      2401	800021f4	00000013	addi	x0,x0,0	  x0:0x00000000
       24035000	      2402	800021f8	02124863	blt	x4,x1,80002228	  x4:0x13fcf3e2  x1:0xfffffc8a
       24045000	      2403	800021fc	04ffc663	blt	x31,x15,80002248	 x31:0x00000000 x15:0xffffffff
       24055000	      2404	80002200	0722f693	andi	x13,x5,114	  x5:0x653275b7 x13=0x00000032
       24065000	      2405	80002204	3e042893	slti	x17,x8,992	  x8:0x0000077f x17=0x00000000
       24075000	      2406	80002208	03ab1063	bne	x22,x26,80002228	 x22:0x80009fc4 x26:0xfffffa72
       24085000	      2407	00000000	00000013	addi	x0,x0,0	  x0:0x00000000
       24095000	      2408	80002224	00000013	addi	x0,x0,0	  x0:0x00000000
       24105000	      2409	80002228	403489b3	sub	x19,x9,x3	  x9:0x00000001  x3:0x00000000 x19=0x00000001
       24115000	      2410	8000222c	00cee733	or	x14,x29,x12	 x29:0x00000000 x12:0xffffffef x14=0xffffffef
       24125000	      2411	80002230	000a5c33	srl	x24,x20,x0	 x20:0x00000080  x0:0x00000000 x24=0x00000080
       24135000	      2412	80002234	01a0e5b3	or	x11,x1,x26	  x1:0xfffffc8a x26:0xfffffa72 x11=0xfffffefa
       24145000	      2413	80002238	8a443597	auipc	x11,0x8a443	 x11=0x0a445234
       24155000	      2414	8000223c	405106b3	sub	x13,x2,x5	  x2:0x40004fef  x5:0x653275b7 x13=0xdacdda38
       24165000	      2415	80002240	49ddac93	slti	x25,x27,1181	 x27:0x0000027f x25=0x00000001
       24175000	      2416	80002244	004fc8b3	xor	x17,x31,x4	 x31:0x00000000  x4:0x13fcf3e2 x17=0x13fcf3e2
       24185000	      2417	80002248	6d010f93	addi	x31,x2,1744	  x2:0x40004fef x31=0x400056bf
       24195000	      2418	8000224c	01b8b0b3	sltu	x1,x17,x27	 x17:0x13fcf3e2 x27:0x0000027f  x1=0x00000000
       24205000	      2419	80002250	00f384b3	add	x9,x7,x15	  x7:0x00000001 x15:0xffffffff  x9=0x00000000
       24215000	      2420	80002254	6d82ef13	ori	x30,x5,1752	  x5:0x653275b7 x30=0x653277ff
       24225000	      2421	80002258	0059f733	and	x14,x19,x5	 x19:0x00000001  x5:0x653275b7 x14=0x00000001
       24235000	      2422	8000225c	87528c93	addi	x25,x5,-1931	  x5:0x653275b7 x25=0x65326e2c
       24245000	      2423	80002260	d9b0fd13	andi	x26,x1,-613	  x1:0x00000000 x26=0x00000000
       24255000	      2424	80002264	05685263	bge	x16,x22,800022a8	 x16:0x00000000 x22:0x80009fc4
       24265000	      2425	00000000	00000013	addi	x0,x0,0	  x0:0x00000000
       24275000	      2426	800022a4	00000013	addi	x0,x0,0	  x0:0x00000000
       24285000	      2427	800022a8	007bbbb3	sltu	x23,x23,x7	 x23:0x00000001  x7:0x00000001 x23=0x00000000
       24295000	      2428	800022ac	01e39c33	sll	x24,x7,x30	  x7:0x00000001 x30:0x653277ff x24=0x80000000
       24305000	      2429	800022b0	1ec6cd37	lui	x26,0x1ec6c	 x26=0x1ec6c000
       24315000	      2430	800022b4	30b9c693	xori	x13,x19,779	 x19:0x00000001 x13=0x0000030a
       24325000	      2431	800022b8	3775ab93	slti	x23,x11,887	 x11:0x0a445234 x23=0x00000000
       24335000	      2432	800022bc	57107c13	andi	x24,x0,1393	  x0:0x00000000 x24=0x00000000
       24345000	      2433	800022c0	0031e463	bltu	x3,x3,800022c8	  x3:0x00000000  x3:0x00000000
       24355000	      2434	800022c4	0206cc63	blt	x13,x0,800022fc	 x13:0x0000030a  x0:0x00000000
       24365000	      2435	800022c8	03390263	beq	x18,x19,800022ec	 x18:0xfffffa7f x19:0x00000001
       24375000	      2436	800022cc	30516a13	ori	x20,x2,773	  x2:0x40004fef x20=0x40004fef
       24385000	      2437	800022d0	bd8c4e13	xori	x28,x24,-1064	 x24:0x00000000 x28=0xfffffbd8
       24395000	      2438	800022d4	0409c063	blt	x19,x0,80002314	 x19:0x00000001  x0:0x00000000
       24405000	      2439	800022d8	951a8413	addi	x8,x21,-1711	 x21:0xfffffc8a  x8=0xfffff5db
       24415000	      2440	800022dc	3bfd0013	addi	x0,x26,959	 x26:0x1ec6c000
       24425000	      2441	800022e0	01272fb3	slt	x31,x14,x18	 x14:0x00000001 x18:0xfffffa7f x31=0x00000000
       24435000	      2442	800022e4	0075d4b3	srl	x9,x11,x7	 x11:0x0a445234  x7:0x00000001  x9=0x0522291a
       24445000	      2443	800022e8	341011b7	lui	x3,0x34101	  x3=0x34101000
       24455000	      2444	800022ec	41ce50b3	sra	x1,x28,x28	 x28:0xfffffbd8 x28:0xfffffbd8  x1=0xffffffff
       24465000	      2445	800022f0	04166663	bltu	x12,x1,8000233c	 x12:0xffffffef  x1:0xffffffff
       24475000	      2446	00000000	00000013	addi	x0,x0,0	  x0:0x00000000
       24485000	      2447	80002338	00000013	addi	x0,x0,0	  x0:0x00000000
       24495000	      2448	8000233c	406a80b3	sub	x1,x21,x6	 x21:0xfffffc8a  x6:0x000003bf  x1=0xfffff8cb
       24505000	      2449	80002340	40df8f33	sub	x30,x31,x13	 x31:0x00000000 x13:0x0000030a x30=0xfffffcf6
       24515000	      2450	80002344	00699813	slli	x16,x19,0x6	 x19:0x00000001 x16=0x00000040
       24525000	      2451	80002348	01c0ae33	slt	x28,x1,x28	  x1:0xfffff8cb x28:0xfffffbd8 x28=0x00000001
       24535000	      2452	8000234c	c97bf493	andi	x9,x23,-873	 x23:0x00000000  x9=0x00000000
       24545000	      2453	80002350	4047d733	sra	x14,x15,x4	 x15:0xffffffff  x4:0x13fcf3e2 x14=0xffffffff
       24555000	      2454	80002354	0309d863	bge	x19,x16,80002384	 x19:0x00000001 x16:0x00000040
       24565000	      2455	80002358	03bf8a63	beq	x31,x27,8000238c	 x31:0x00000000 x27:0x0000027f
       24575000	      2456	8000235c	ae5f8093	addi	x1,x31,-1307	 x31:0x00000000  x1=0xfffffae5
       24585000	      2457	80002360	746fa4b7	lui	x9,0x746fa	  x9=0x746fa000
       24595000	      2458	80002364	20b4e313	ori	x6,x9,523	  x9:0x746fa000  x6=0x746fa20b
       24605000	      2459	80002368	0f62f313	andi	x6,x5,246	  x5:0x653275b7  x6=0x000000b6
       24615000	      2460	8000236c	41f08733	sub	x14,x1,x31	  x1:0xfffffae5 x31:0x00000000 x14=0xfffffae5
       24625000	      2461	80002370	bf4c3d93	sltiu	x27,x24,-1036	 x24:0x00000000 x27=0x00000001
       24635000	      2462	80002374	4f630993	addi	x19,x6,1270	  x6:0x000000b6 x19=0x000005ac
       24645000	      2463	80002378	00af1133	sll	x2,x30,x10	 x30:0xfffffcf6 x10:0x80009f60  x2=0xfffffcf6
       24655000	      2464	8000237c	05f0c463	blt	x1,x31,800023c4	  x1:0xfffffae5 x31:0x00000000
       24665000	      2465	00000000	00000013	addi	x0,x0,0	  x0:0x00000000
       24675000	      2466	800023c0	00000013	addi	x0,x0,0	  x0:0x00000000
       24685000	      2467	800023c4	58047497	auipc	x9,0x58047	  x9=0xd80493c0
       24695000	      2468	800023c8	696ec993	xori	x19,x29,1686	 x29:0x00000000 x19=0x00000696
       24705000	      2469	800023cc	41c30a33	sub	x20,x6,x28	  x6:0x000000b6 x28:0x00000001 x20=0x000000b5
       24715000	      2470	800023d0	02611863	bne	x2,x6,80002400	  x2:0xfffffcf6  x6:0x000000b6
       24725000	      2471	00000000	00000013	addi	x0,x0,0	  x0:0x00000000
       24735000	      2472	800023fc	00000013	addi	x0,x0,0	  x0:0x00000000
       24745000	      2473	80002400	00161093	slli	x1,x12,0x1	 x12:0xffffffef  x1=0xffffffde
       24755000	      2474	80002404	01f33d33	sltu	x26,x6,x31	  x6:0x000000b6 x31:0x00000000 x26=0x00000000
       24765000	      2475	80002408	014a3eb3	sltu	x29,x20,x20	 x20:0x000000b5 x20:0x000000b5 x29=0x00000000
       24775000	      2476	8000240c	00000013	addi	x0,x0,0	  x0:0x00000000
       24785000	      2477	80002410	00eb5c33	srl	x24,x22,x14	 x22:0x80009fc4 x14:0xfffffae5 x24=0x040004fe
       24795000	      2478	80002414	e0890f93	addi	x31,x18,-504	 x18:0xfffffa7f x31=0xfffff887
       24805000	      2479	80002418	01005d93	srli	x27,x0,0x10	  x0:0x00000000 x27=0x00000000
       24815000	      2480	8000241c	40178fb3	sub	x31,x15,x1	 x15:0xffffffff  x1:0xffffffde x31=0x00000021
       24825000	      2481	80002420	009b1933	sll	x18,x22,x9	 x22:0x80009fc4  x9:0xd80493c0 x18=0x80009fc4
       24835000	      2482	80002424	00e29e33	sll	x28,x5,x14	  x5:0x653275b7 x14:0xfffffae5 x28=0xa64eb6e0
       24845000	      2483	80002428	003e89b3	add	x19,x29,x3	 x29:0x00000000  x3:0x34101000 x19=0x34101000
       24855000	      2484	8000242c	0081e0b3	or	x1,x3,x8	  x3:0x34101000  x8:0xfffff5db  x1=0xfffff5db
       24865000	      2485	80002430	82ef3313	sltiu	x6,x30,-2002	 x30:0xfffffcf6  x6=0x00000000
       24875000	      2486	80002434	bde1cb93	xori	x23,x3,-1058	  x3:0x34101000 x23=0xcbefebde
       24885000	      2487	80002438	4e6f4e13	xori	x28,x30,1254	 x30:0xfffffcf6 x28=0xfffff810
       24895000	      2488	8000243c	b9a90f97	auipc	x31,0xb9a90	 x31=0x39a92438
       24905000	      2489	80002440	1f52ee93	ori	x29,x5,501	  x5:0x653275b7 x29=0x653275f7
       24915000	      2490	80002444	3d574a13	xori	x20,x14,981	 x14:0xfffffae5 x20=0xfffff930
       24925000	      2491	80002448	4dcdcdb7	lui	x27,0x4dcdc	 x27=0x4dcdc000
       24935000	      2492	8000244c	00607833	and	x16,x0,x6	  x0:0x00000000  x6:0x00000000 x16=0x00000000
       24945000	      2493	80002450	00000013	addi	x0,x0,0	  x0:0x00000000
       24955000	      2494	80002454	00a49d93	slli	x27,x9,0xa	  x9:0xd80493c0 x27=0x124f0000
       24965000	      2495	80002458	0df8a793	slti	x15,x17,223	 x17:0x13fcf3e2 x15=0x00000000
       24975000	      2496	8000245c	36c3bd97	auipc	x27,0x36c3b	 x27=0xb6c3d458
       24985000	      2497	80002460	01e48463	beq	x9,x30,80002468	  x9:0xd80493c0 x30:0xfffffcf6
       24995000	      2498	80002464	41b7deb3	sra	x29,x15,x27	 x15:0x00000000 x27:0xb6c3d458 x29=0x00000000
       25005000	      2499	80002468	048cf263	bgeu	x25,x8,800024ac	 x25:0x65326e2c  x8:0xfffff5db
       25015000	      2500	8000246c	0098b8b3	sltu	x17,x17,x9	 x17:0x13fcf3e2  x9:0xd80493c0 x17=0x00000001
       25025000	      2501	80002470	048b8463	beq	x23,x8,800024b8	 x23:0xcbefebde  x8:0xfffff5db
       25035000	      2502	80002474	00000013	addi	x0,x0,0	  x0:0x00000000
       25045000	      2503	80002478	01ac9193	slli	x3,x25,0x1a	 x25:0x65326e2c  x3=0xb0000000
       25055000	      2504	8000247c	0431c063	blt	x3,x3,800024bc	  x3:0xb0000000  x3:0xb0000000
       25065000	      2505	80002480	01306bb3	or	x23,x0,x19	  x0:0x00000000 x19:0x34101000 x23=0x34101000
       25075000	      2506	80002484	044a8663	beq	x21,x4,800024d0	 x21:0xfffffc8a  x4:0x13fcf3e2
       25085000	      2507	80002488	ab8e0d93	addi	x27,x28,-1352	 x28:0xfffff810 x27=0xfffff2c8
       25095000	      2508	8000248c	41edd833	sra	x16,x27,x30	 x27:0xfffff2c8 x30:0xfffffcf6 x16=0xffffffff
       25105000	      2509	80002490	adf6a413	slti	x8,x13,-1313	 x13:0x0000030a  x8=0x00000000
       25115000	      2510	80002494	d8fd6c93	ori	x25,x26,-625	 x26:0x00000000 x25=0xfffffd8f
       25125000	      2511	80002498	7639ae17	auipc	x28,0x7639a	 x28=0xf639c494
       25135000	      2512	8000249c	05d2f063	bgeu	x5,x29,800024dc	  x5:0x653275b7 x29:0x00000000
       25145000	      2513	00000000	00000013	addi	x0,x0,0	  x0:0x00000000
       25155000	      2514	800024d8	00000013	addi	x0,x0,0	  x0:0x00000000
       25165000	      2515	800024dc	d612b013	sltiu	x0,x5,-671	  x5:0x653275b7
       25175000	      2516	800024e0	01b02eb3	slt	x29,x0,x27	  x0:0x00000000 x27:0xfffff2c8 x29=0x00000000
       25185000	      2517	800024e4	00b641b3	xor	x3,x12,x11	 x12:0xffffffef x11:0x0a445234  x3=0xf5bbaddb
       25195000	      2518	800024e8	b8f13893	sltiu	x17,x2,-1137	  x2:0xfffffcf6 x17=0x00000000
       25205000	      2519	800024ec	00131213	slli	x4,x6,0x1	  x6:0x00000000  x4=0x00000000
       25215000	      2520	800024f0	00000013	addi	x0,x0,0	  x0:0x00000000
       25225000	      2521	800024f4	9adf0713	addi	x14,x30,-1619	 x30:0xfffffcf6 x14=0xfffff6a3
       25235000	      2522	800024f8	96fb4213	xori	x4,x22,-1681	 x22:0x80009fc4  x4=0x7fff66ab
       25245000	      2523	800024fc	01316bb3	or	x23,x2,x19	  x2:0xfffffcf6 x19:0x34101000 x23=0xfffffcf6
       25255000	      2524	80002500	9857c237	lui	x4,0x9857c	  x4=0x9857c000
       25265000	      2525	80002504	00595633	srl	x12,x18,x5	 x18:0x80009fc4  x5:0x653275b7 x12=0x00000100
       25275000	      2526	80002508	00a5ea63	bltu	x11,x10,8000251c	 x11:0x0a445234 x10:0x80009f60
       25285000	      2527	00000000	00000013	addi	x0,x0,0	  x0:0x00000000
       25295000	      2528	80002518	00000013	addi	x0,x0,0	  x0:0x00000000
       25305000	      2529	8000251c	6d0c1997	auipc	x19,0x6d0c1	 x19=0xed0c3518
       25315000	      2530	80002520	a477b113	sltiu	x2,x15,-1465	 x15:0x00000000  x2=0x00000001
       25325000	      2531	80002524	01ed9833	sll	x16,x27,x30	 x27:0xfffff2c8 x30:0xfffffcf6 x16=0xb2000000
       25335000	      2532	80002528	fe86f893	andi	x17,x13,-24	 x13:0x0000030a x17=0x00000308
       25345000	      2533	8000252c	00000013	addi	x0,x0,0	  x0:0x00000000
       25355000	      2534	80002530	02210c63	beq	x2,x2,80002568	  x2:0x00000001  x2:0x00000001
       25365000	      2535	00000000	00000013	addi	x0,x0,0	  x0:0x00000000
       25375000	      2536	80002564	00000013	addi	x0,x0,0	  x0:0x00000000
       25385000	      2537	80002568	245bcc13	xori	x24,x23,581	 x23:0xfffffcf6 x24=0xfffffeb3
       25395000	      2538	8000256c	01edb733	sltu	x14,x27,x30	 x27:0xfffff2c8 x30:0xfffffcf6 x14=0x00000001
       25405000	      2539	80002570	005e5633	srl	x12,x28,x5	 x28:0xf639c494  x5:0x653275b7 x12=0x000001ec
       25415000	      2540	80002574	012e8e33	add	x28,x29,x18	 x29:0x00000000 x18:0x80009fc4 x28=0x80009fc4
       25425000	      2541	80002578	02e65863	bge	x12,x14,800025a8	 x12:0x000001ec x14:0x00000001
       25435000	      2542	00000000	00000013	addi	x0,x0,0	  x0:0x00000000
       25445000	      2543	800025a4	00000013	addi	x0,x0,0	  x0:0x00000000
       25455000	      2544	800025a8	00000013	addi	x0,x0,0	  x0:0x00000000
       25465000	      2545	800025ac	a9ac0093	addi	x1,x24,-1382	 x24:0xfffffeb3  x1=0xfffff94d
       25475000	      2546	800025b0	fde1e113	ori	x2,x3,-34	  x3:0xf5bbaddb  x2=0xffffffdf
       25485000	      2547	800025b4	02771063	bne	x14,x7,800025d4	 x14:0x00000001  x7:0x00000001
       25495000	      2548	800025b8	00573db3	sltu	x27,x14,x5	 x14:0x00000001  x5:0x653275b7 x27=0x00000001
       25505000	      2549	800025bc	010dfd33	and	x26,x27,x16	 x27:0x00000001 x16:0xb2000000 x26=0x00000000
       25515000	      2550	800025c0	07d3d1b7	lui	x3,0x7d3d	  x3=0x07d3d000
       25525000	      2551	800025c4	00bd5413	srli	x8,x26,0xb	 x26:0x00000000  x8=0x00000000
       25535000	      2552	800025c8	02f88c63	beq	x17,x15,80002600	 x17:0x00000308 x15:0x00000000
       25545000	      2553	800025cc	eaacc993	xori	x19,x25,-342	 x25:0xfffffd8f x19=0x00000325
       25555000	      2554	800025d0	01ed8133	add	x2,x27,x30	 x27:0x00000001 x30:0xfffffcf6  x2=0xfffffcf7
       25565000	      2555	800025d4	010279b3	and	x19,x4,x16	  x4:0x9857c000 x16:0xb2000000 x19=0x90000000
       25575000	      2556	800025d8	4127de93	srai	x29,x15,0x12	 x15:0x00000000 x29=0x00000000
       25585000	      2557	800025dc	01b776b3	and	x13,x14,x27	 x14:0x00000001 x27:0x00000001 x13=0x00000001
       25595000	      2558	800025e0	4156d013	srai	x0,x13,0x15	 x13:0x00000001
       25605000	      2559	800025e4	00ae9233	sll	x4,x29,x10	 x29:0x00000000 x10:0x80009f60  x4=0x00000000
       25615000	      2560	800025e8	01a1dd13	srli	x26,x3,0x1a	  x3:0x07d3d000 x26=0x00000001
       25625000	      2561	800025ec	8cb44213	xori	x4,x8,-1845	  x8:0x00000000  x4=0xfffff8cb
       25635000	      2562	800025f0	003c9633	sll	x12,x25,x3	 x25:0xfffffd8f  x3:0x07d3d000 x12=0xfffffd8f
       25645000	      2563	800025f4	0527d663	bge	x15,x18,80002640	 x15:0x00000000 x18:0x80009fc4
       25655000	      2564	00000000	00000013	addi	x0,x0,0	  x0:0x00000000
       25665000	      2565	8000263c	00000013	addi	x0,x0,0	  x0:0x00000000
       25675000	      2566	80002640	002ff333	and	x6,x31,x2	 x31:0x39a92438  x2:0xfffffcf7  x6=0x39a92430
       25685000	      2567	80002644	39104093	xori	x1,x0,913	  x0:0x00000000  x1=0x00000391
       25695000	      2568	80002648	40e55a13	srai	x20,x10,0xe	 x10:0x80009f60 x20=0xfffe0002
       25705000	      2569	8000264c	01367a63	bgeu	x12,x19,80002660	 x12:0xfffffd8f x19:0x90000000
       25715000	      2570	00000000	00000013	addi	x0,x0,0	  x0:0x00000000
       25725000	      2571	8000265c	00000013	addi	x0,x0,0	  x0:0x00000000
       25735000	      2572	80002660	0159ee33	or	x28,x19,x21	 x19:0x90000000 x21:0xfffffc8a x28=0xfffffc8a
       25745000	      2573	80002664	abf0ca13	xori	x20,x1,-1345	  x1:0x00000391 x20=0xfffff92e
       25755000	      2574	80002668	02e99063	bne	x19,x14,80002688	 x19:0x90000000 x14:0x00000001
       25765000	      2575	00000000	00000013	addi	x0,x0,0	  x0:0x00000000
       25775000	      2576	80002684	00000013	addi	x0,x0,0	  x0:0x00000000
       25785000	      2577	80002688	0113ca33	xor	x20,x7,x17	  x7:0x00000001 x17:0x00000308 x20=0x00000309
       25795000	      2578	8000268c	00a098b3	sll	x17,x1,x10	  x1:0x00000391 x10:0x80009f60 x17=0x00000391
       25805000	      2579	80002690	01b565b3	or	x11,x10,x27	 x10:0x80009f60 x27:0x00000001 x11=0x80009f61
       25815000	      2580	80002694	416f83b3	sub	x7,x31,x22	 x31:0x39a92438 x22:0x80009fc4  x7=0xb9a88474
       25825000	      2581	80002698	01bc5693	srli	x13,x24,0x1b	 x24:0xfffffeb3 x13=0x0000001f
       25835000	      2582	8000269c	0183c7b3	xor	x15,x7,x24	  x7:0xb9a88474 x24:0xfffffeb3 x15=0x46577ac7
       25845000	      2583	800026a0	0004d693	srli	x13,x9,0x0	  x9:0xd80493c0 x13=0xd80493c0
       25855000	      2584	800026a4	00452183	lw	x3,4(x10)	 x10:0x80009f60  x3=0x8000015c PA:0x80009f64
       25865000	      2585	800026a8	bfb4a093	slti	x1,x9,-1029	  x9:0xd80493c0  x1=0x00000001
       25875000	      2586	800026ac	d78eb013	sltiu	x0,x29,-648	 x29:0x00000000
       25885000	      2587	800026b0	01495c93	srli	x25,x18,0x14	 x18:0x80009fc4 x25=0x00000800
       25895000	      2588	800026b4	01f75613	srli	x12,x14,0x1f	 x14:0x00000001 x12=0x00000000
       25905000	      2589	800026b8	02450513	addi	x10,x10,36	 x10:0x80009f60 x10=0x80009f84
       25915000	      2590	800026bc	cc13f637	lui	x12,0xcc13f	 x12=0xcc13f000
       25925000	      2591	800026c0	9330e393	ori	x7,x1,-1741	  x1:0x00000001  x7=0xfffff933
       25935000	      2592	800026c4	00118e93	addi	x29,x3,1	  x3:0x8000015c x29=0x8000015d
       25945000	      2593	800026c8	000e8ee7	jalr	x29,x29,0	 x29:0x8000015d x29=0x800026c8
       25955000	      2594	00000000	00000013	addi	x0,x0,0	  x0:0x00000000
       25965000	      2595	8000015c	00000013	addi	x0,x0,0	  x0:0x00000000
       25975000	      2596	80000160	c2c15f17	auipc	x30,0xc2c15	 x30=0x42c1515c
       25985000	      2597	80000164	00006217	auipc	x4,0x6	  x4=0x80006160
       25995000	      2598	80000168	8cc20213	addi	x4,x4,-1844	  x4:0x80006160  x4=0x80005a2c
       26005000	      2599	8000016c	a44dcc13	xori	x24,x27,-1468	 x27:0x00000001 x24=0xfffffa45
       26015000	      2600	80000170	00764133	xor	x2,x12,x7	 x12:0xcc13f000  x7:0xfffff933  x2=0x33ec0933
       26025000	      2601	80000174	fcf20213	addi	x4,x4,-49	  x4:0x80005a2c  x4=0x800059fb
       26035000	      2602	80000178	00213d33	sltu	x26,x2,x2	  x2:0x33ec0933  x2:0x33ec0933 x26=0x00000000
       26045000	      2603	8000017c	003811b3	sll	x3,x16,x3	 x16:0xb2000000  x3:0x8000015c  x3=0x00000000
       26055000	      2604	80000180	0171f633	and	x12,x3,x23	  x3:0x00000000 x23:0xfffffcf6 x12=0x00000000
       26065000	      2605	80000184	beaa3d13	sltiu	x26,x20,-1046	 x20:0x00000309 x26=0x00000001
       26075000	      2606	80000188	0061c463	blt	x3,x6,80000190	  x3:0x00000000  x6:0x39a92430
       26085000	      2607	00000000	00000013	addi	x0,x0,0	  x0:0x00000000
       26095000	      2608	8000018c	00000013	addi	x0,x0,0	  x0:0x00000000
       26105000	      2609	80000190	031201e7	jalr	x3,x4,49	  x4:0x800059fb  x3=0x80000190
       26115000	      2610	00000000	00000013	addi	x0,x0,0	  x0:0x00000000
       26125000	      2611	80005a2c	00000013	addi	x0,x0,0	  x0:0x00000000
       26135000	      2612	80005a30	01a3d793	srli	x15,x7,0x1a	  x7:0xfffff933 x15=0x0000003f
       26145000	      2613	80005a34	001c7833	and	x16,x24,x1	 x24:0xfffffa45  x1:0x00000001 x16=0x00000001
       26155000	      2614	80005a38	2947f613	andi	x12,x15,660	 x15:0x0000003f x12=0x00000014
       26165000	      2615	80005a3c	fd850513	addi	x10,x10,-40	 x10:0x80009f84 x10=0x80009f5c
       26175000	      2616	80005a40	e76f2c13	slti	x24,x30,-394	 x30:0x42c1515c x24=0x00000000
       26185000	      2617	80005a44	01229793	slli	x15,x5,0x12	  x5:0x653275b7 x15=0xd6dc0000
       26195000	      2618	80005a48	b1467113	andi	x2,x12,-1260	 x12:0x00000014  x2=0x00000014
       26205000	      2619	80005a4c	00352223	sw	x3,4(x10)	 x10:0x80009f5c  x3:0x80000190 PA:0x80009f60
       26215000	      2620	80005a50	25bdf093	andi	x1,x27,603	 x27:0x00000001  x1=0x00000001
       26225000	      2621	80005a54	00105893	srli	x17,x0,0x1	  x0:0x00000000 x17=0x00000000
       26235000	      2622	80005a58	83b07793	andi	x15,x0,-1989	  x0:0x00000000 x15=0x00000000
       26245000	      2623	80005a5c	10536a63	bltu	x6,x5,80005b70	  x6:0x39a92430  x5:0x653275b7
       26255000	      2624	00000000	00000013	addi	x0,x0,0	  x0:0x00000000
       26265000	      2625	80005b6c	00000013	addi	x0,x0,0	  x0:0x00000000
       26275000	      2626	80005b70	00000013	addi	x0,x0,0	  x0:0x00000000
       26285000	      2627	80005b74	f252cc13	xori	x24,x5,-219	  x5:0x653275b7 x24=0x9acd8a92
       26295000	      2628	80005b78	018d1313	slli	x6,x26,0x18	 x26:0x00000001  x6=0x01000000
       26305000	      2629	80005b7c	00000013	addi	x0,x0,0	  x0:0x00000000
       26315000	      2630	80005b80	03f5f263	bgeu	x11,x31,80005ba4	 x11:0x80009f61 x31:0x39a92438
       26325000	      2631	00000000	00000013	addi	x0,x0,0	  x0:0x00000000
       26335000	      2632	80005ba0	00000013	addi	x0,x0,0	  x0:0x00000000
       26345000	      2633	80005ba4	00e09333	sll	x6,x1,x14	  x1:0x00000001 x14:0x00000001  x6=0x00000002
       26355000	      2634	80005ba8	411b5db3	sra	x27,x22,x17	 x22:0x80009fc4 x17:0x00000000 x27=0x80009fc4
       26365000	      2635	80005bac	8219dcb7	lui	x25,0x8219d	 x25=0x8219d000
       26375000	      2636	80005bb0	04376063	bltu	x14,x3,80005bf0	 x14:0x00000001  x3:0x80000190
       26385000	      2637	00000000	00000013	addi	x0,x0,0	  x0:0x00000000
       26395000	      2638	80005bec	00000013	addi	x0,x0,0	  x0:0x00000000
       26405000	      2639	80005bf0	407c5e33	sra	x28,x24,x7	 x24:0x9acd8a92  x7:0xfffff933 x28=0xfffff359
       26415000	      2640	80005bf4	4011d833	sra	x16,x3,x1	  x3:0x80000190  x1:0x00000001 x16=0xc00000c8
       26425000	      2641	80005bf8	019b03b3	add	x7,x22,x25	 x22:0x80009fc4 x25:0x8219d000  x7=0x021a6fc4
       26435000	      2642	80005bfc	00c89713	slli	x14,x17,0xc	 x17:0x00000000 x14=0x00000000
       26445000	      2643	80005c00	005a9bb3	sll	x23,x21,x5	 x21:0xfffffc8a  x5:0x653275b7 x23=0x45000000
       26455000	      2644	80005c04	fb908e93	addi	x29,x1,-71	  x1:0x00000001 x29=0xffffffba
       26465000	      2645	80005c08	00ced813	srli	x16,x29,0xc	 x29:0xffffffba x16=0x000fffff
       26475000	      2646	80005c0c	01d76863	bltu	x14,x29,80005c1c	 x14:0x00000000 x29:0xffffffba
       26485000	      2647	00000000	00000013	addi	x0,x0,0	  x0:0x00000000
       26495000	      2648	80005c18	00000013	addi	x0,x0,0	  x0:0x00000000
       26505000	      2649	80005c1c	015b6cb3	or	x25,x22,x21	 x22:0x80009fc4 x21:0xfffffc8a x25=0xffffffce
       26515000	      2650	80005c20	02a00063	beq	x0,x10,80005c40	  x0:0x00000000 x10:0x80009f5c
       26525000	      2651	80005c24	ef36ec93	ori	x25,x13,-269	 x13:0xd80493c0 x25=0xfffffff3
       26535000	      2652	80005c28	00000013	addi	x0,x0,0	  x0:0x00000000
       26545000	      2653	80005c2c	00b3bab3	sltu	x21,x7,x11	  x7:0x021a6fc4 x11:0x80009f61 x21=0x00000001
       26555000	      2654	80005c30	2ad53e97	auipc	x29,0x2ad53	 x29=0xaad58c2c
       26565000	      2655	80005c34	01985b93	srli	x23,x16,0x19	 x16:0x000fffff x23=0x00000000
       26575000	      2656	80005c38	01b5ccb3	xor	x25,x11,x27	 x11:0x80009f61 x27:0x80009fc4 x25=0x000000a5
       26585000	      2657	80005c3c	04017463	bgeu	x2,x0,80005c84	  x2:0x00000014  x0:0x00000000
       26595000	      2658	00000000	00000013	addi	x0,x0,0	  x0:0x00000000
       26605000	      2659	80005c80	00000013	addi	x0,x0,0	  x0:0x00000000
       26615000	      2660	80005c84	f36fe113	ori	x2,x31,-202	 x31:0x39a92438  x2=0xffffff3e
       26625000	      2661	80005c88	040d7663	bgeu	x26,x0,80005cd4	 x26:0x00000001  x0:0x00000000
       26635000	      2662	00000000	00000013	addi	x0,x0,0	  x0:0x00000000
       26645000	      2663	80005cd0	00000013	addi	x0,x0,0	  x0:0x00000000
       26655000	      2664	80005cd4	003f4233	xor	x4,x30,x3	 x30:0x42c1515c  x3:0x80000190  x4=0xc2c150cc
       26665000	      2665	80005cd8	a6176793	ori	x15,x14,-1439	 x14:0x00000000 x15=0xfffffa61
       26675000	      2666	80005cdc	00000013	addi	x0,x0,0	  x0:0x00000000
       26685000	      2667	80005ce0	00816f33	or	x30,x2,x8	  x2:0xffffff3e  x8:0x00000000 x30=0xffffff3e
       26695000	      2668	80005ce4	047d1863	bne	x26,x7,80005d34	 x26:0x00000001  x7:0x021a6fc4
       26705000	      2669	00000000	00000013	addi	x0,x0,0	  x0:0x00000000
       26715000	      2670	80005d30	00000013	addi	x0,x0,0	  x0:0x00000000
       26725000	      2671	80005d34	bd8f4993	xori	x19,x30,-1064	 x30:0xffffff3e x19=0x000004e6
       26735000	      2672	80005d38	01c7a233	slt	x4,x15,x28	 x15:0xfffffa61 x28:0xfffff359  x4=0x00000000
       26745000	      2673	80005d3c	015fe233	or	x4,x31,x21	 x31:0x39a92438 x21:0x00000001  x4=0x39a92439
       26755000	      2674	80005d40	416a8cb3	sub	x25,x21,x22	 x21:0x00000001 x22:0x80009fc4 x25=0x7fff603d
       26765000	      2675	80005d44	01155463	bge	x10,x17,80005d4c	 x10:0x80009f5c x17:0x00000000
       26775000	      2676	80005d48	eb65b093	sltiu	x1,x11,-330	 x11:0x80009f61  x1=0x00000001
       26785000	      2677	80005d4c	2990e393	ori	x7,x1,665	  x1:0x00000001  x7=0x00000299
       26795000	      2678	80005d50	0407d663	bge	x15,x0,80005d9c	 x15:0xfffffa61  x0:0x00000000
       26805000	      2679	80005d54	00929a63	bne	x5,x9,80005d68	  x5:0x653275b7  x9:0xd80493c0
       26815000	      2680	00000000	00000013	addi	x0,x0,0	  x0:0x00000000
       26825000	      2681	80005d64	00000013	addi	x0,x0,0	  x0:0x00000000
       26835000	      2682	80005d68	41b0d913	srai	x18,x1,0x1b	  x1:0x00000001 x18=0x00000000
       26845000	      2683	80005d6c	016cdf33	srl	x30,x25,x22	 x25:0x7fff603d x22:0x80009fc4 x30=0x07fff603
       26855000	      2684	80005d70	01c8d3b3	srl	x7,x17,x28	 x17:0x00000000 x28:0xfffff359  x7=0x00000000
       26865000	      2685	80005d74	00b89e63	bne	x17,x11,80005d90	 x17:0x00000000 x11:0x80009f61
       26875000	      2686	00000000	00000013	addi	x0,x0,0	  x0:0x00000000
       26885000	      2687	80005d8c	00000013	addi	x0,x0,0	  x0:0x00000000
       26895000	      2688	80005d90	022c9063	bne	x25,x2,80005db0	 x25:0x7fff603d  x2:0xffffff3e
       26905000	      2689	00000000	00000013	addi	x0,x0,0	  x0:0x00000000
       26915000	      2690	80005dac	00000013	addi	x0,x0,0	  x0:0x00000000
       26925000	      2691	80005db0	00b11f93	slli	x31,x2,0xb	  x2:0xffffff3e x31=0xfff9f000
       26935000	      2692	80005db4	37297837	lui	x16,0x37297	 x16=0x37297000
       26945000	      2693	80005db8	5f84f093	andi	x1,x9,1528	  x9:0xd80493c0  x1=0x000001c0
       26955000	      2694	80005dbc	a9bbb413	sltiu	x8,x23,-1381	 x23:0x00000000  x8=0x00000001
       26965000	      2695	80005dc0	4188da13	srai	x20,x17,0x18	 x17:0x00000000 x20=0x00000000
       26975000	      2696	80005dc4	02dae263	bltu	x21,x13,80005de8	 x21:0x00000001 x13:0xd80493c0
       26985000	      2697	00000000	00000013	addi	x0,x0,0	  x0:0x00000000
       26995000	      2698	80005de4	00000013	addi	x0,x0,0	  x0:0x00000000
       27005000	      2699	80005de8	01a06db3	or	x27,x0,x26	  x0:0x00000000 x26:0x00000001 x27=0x00000001
       27015000	      2700	80005dec	8a59bd93	sltiu	x27,x19,-1883	 x19:0x000004e6 x27=0x00000001
       27025000	      2701	80005df0	8138e5b7	lui	x11,0x8138e	 x11=0x8138e000
       27035000	      2702	80005df4	26170497	auipc	x9,0x26170	  x9=0xa6175df0
       27045000	      2703	80005df8	0061ffb3	and	x31,x3,x6	  x3:0x80000190  x6:0x00000002 x31=0x00000000
       27055000	      2704	80005dfc	01441a13	slli	x20,x8,0x14	  x8:0x00000001 x20=0x00100000
       27065000	      2705	80005e00	4faef797	auipc	x15,0x4faef	 x15=0xcfaf4dfc
       27075000	      2706	80005e04	f55ece13	xori	x28,x29,-171	 x29:0xaad58c2c x28=0x552a7379
       27085000	      2707	80005e08	1e659837	lui	x16,0x1e659	 x16=0x1e659000
       27095000	      2708	80005e0c	82baa393	slti	x7,x21,-2005	 x21:0x00000001  x7=0x00000000
       27105000	      2709	80005e10	011b9833	sll	x16,x23,x17	 x23:0x00000000 x17:0x00000000 x16=0x00000000
       27115000	      2710	80005e14	01da2eb3	slt	x29,x20,x29	 x20:0x00100000 x29:0xaad58c2c x29=0x00000000
       27125000	      2711	80005e18	1496b4b7	lui	x9,0x1496b	  x9=0x1496b000
       27135000	      2712	80005e1c	008d9013	slli	x0,x27,0x8	 x27:0x00000001
       27145000	      2713	80005e20	003ce133	or	x2,x25,x3	 x25:0x7fff603d  x3:0x80000190  x2=0xffff61bd
       27155000	      2714	80005e24	00000013	addi	x0,x0,0	  x0:0x00000000
       27165000	      2715	80005e28	016317b3	sll	x15,x6,x22	  x6:0x00000002 x22:0x80009fc4 x15=0x00000020
       27175000	      2716	80005e2c	00000013	addi	x0,x0,0	  x0:0x00000000
       27185000	      2717	80005e30	00452183	lw	x3,4(x10)	 x10:0x80009f5c  x3=0x80000190 PA:0x80009f60
       27195000	      2718	80005e34	02850513	addi	x10,x10,40	 x10:0x80009f5c x10=0x80009f84
       27205000	      2719	80005e38	419dd713	srai	x14,x27,0x19	 x27:0x00000001 x14=0x00000000
       27215000	      2720	80005e3c	00018c13	addi	x24,x3,0	  x3:0x80000190 x24=0x80000190
       27225000	      2721	80005e40	000c0c67	jalr	x24,x24,0	 x24:0x80000190 x24=0x80005e40
       27235000	      2722	00000000	00000013	addi	x0,x0,0	  x0:0x00000000
       27245000	      2723	80000190	00000013	addi	x0,x0,0	  x0:0x00000000
       27255000	      2724	80000194	019b7133	and	x2,x22,x25	 x22:0x80009fc4 x25:0x7fff603d  x2=0x00000004
       27265000	      2725	80000198	00006397	auipc	x7,0x6	  x7=0x80006194
       27275000	      2726	8000019c	89838393	addi	x7,x7,-1896	  x7:0x80006194  x7=0x80005a2c
       27285000	      2727	800001a0	00149793	slli	x15,x9,0x1	  x9:0x1496b000 x15=0x292d6000
       27295000	      2728	800001a4	87e2e497	auipc	x9,0x87e2e	  x9=0x07e2e1a0
       27305000	      2729	800001a8	1c238393	addi	x7,x7,450	  x7:0x80005a2c  x7=0x80005bee
       27315000	      2730	800001ac	03466063	bltu	x12,x20,800001cc	 x12:0x00000014 x20:0x00100000
       27325000	      2731	00000000	00000013	addi	x0,x0,0	  x0:0x00000000
       27335000	      2732	800001c8	00000013	addi	x0,x0,0	  x0:0x00000000
       27345000	      2733	800001cc	e3e381e7	jalr	x3,x7,-450	  x7:0x80005bee  x3=0x800001cc
       27355000	      2734	00000000	00000013	addi	x0,x0,0	  x0:0x00000000
       27365000	      2735	80005a2c	00000013	addi	x0,x0,0	  x0:0x00000000
       27375000	      2736	80005a30	01a3d793	srli	x15,x7,0x1a	  x7:0x80005bee x15=0x00000020
       27385000	      2737	80005a34	001c7833	and	x16,x24,x1	 x24:0x80005e40  x1:0x000001c0 x16=0x00000040
       27395000	      2738	80005a38	2947f613	andi	x12,x15,660	 x15:0x00000020 x12=0x00000000
       27405000	      2739	80005a3c	fd850513	addi	x10,x10,-40	 x10:0x80009f84 x10=0x80009f5c
       27415000	      2740	80005a40	e76f2c13	slti	x24,x30,-394	 x30:0x07fff603 x24=0x00000000
       27425000	      2741	80005a44	01229793	slli	x15,x5,0x12	  x5:0x653275b7 x15=0xd6dc0000
       27435000	      2742	80005a48	b1467113	andi	x2,x12,-1260	 x12:0x00000000  x2=0x00000000
       27445000	      2743	80005a4c	00352223	sw	x3,4(x10)	 x10:0x80009f5c  x3:0x800001cc PA:0x80009f60
       27455000	      2744	80005a50	25bdf093	andi	x1,x27,603	 x27:0x00000001  x1=0x00000001
       27465000	      2745	80005a54	00105893	srli	x17,x0,0x1	  x0:0x00000000 x17=0x00000000
       27475000	      2746	80005a58	83b07793	andi	x15,x0,-1989	  x0:0x00000000 x15=0x00000000
       27485000	      2747	80005a5c	10536a63	bltu	x6,x5,80005b70	  x6:0x00000002  x5:0x653275b7
       27495000	      2748	00000000	00000013	addi	x0,x0,0	  x0:0x00000000
       27505000	      2749	80005b6c	00000013	addi	x0,x0,0	  x0:0x00000000
       27515000	      2750	80005b70	00000013	addi	x0,x0,0	  x0:0x00000000
       27525000	      2751	80005b74	f252cc13	xori	x24,x5,-219	  x5:0x653275b7 x24=0x9acd8a92
       27535000	      2752	80005b78	018d1313	slli	x6,x26,0x18	 x26:0x00000001  x6=0x01000000
       27545000	      2753	80005b7c	00000013	addi	x0,x0,0	  x0:0x00000000
       27555000	      2754	80005b80	03f5f263	bgeu	x11,x31,80005ba4	 x11:0x8138e000 x31:0x00000000
       27565000	      2755	00000000	00000013	addi	x0,x0,0	  x0:0x00000000
       27575000	      2756	80005ba0	00000013	addi	x0,x0,0	  x0:0x00000000
       27585000	      2757	80005ba4	00e09333	sll	x6,x1,x14	  x1:0x00000001 x14:0x00000000  x6=0x00000001
       27595000	      2758	80005ba8	411b5db3	sra	x27,x22,x17	 x22:0x80009fc4 x17:0x00000000 x27=0x80009fc4
       27605000	      2759	80005bac	8219dcb7	lui	x25,0x8219d	 x25=0x8219d000
       27615000	      2760	80005bb0	04376063	bltu	x14,x3,80005bf0	 x14:0x00000000  x3:0x800001cc
       27625000	      2761	00000000	00000013	addi	x0,x0,0	  x0:0x00000000
       27635000	      2762	80005bec	00000013	addi	x0,x0,0	  x0:0x00000000
       27645000	      2763	80005bf0	407c5e33	sra	x28,x24,x7	 x24:0x9acd8a92  x7:0x80005bee x28=0xfffe6b36
       27655000	      2764	80005bf4	4011d833	sra	x16,x3,x1	  x3:0x800001cc  x1:0x00000001 x16=0xc00000e6
       27665000	      2765	80005bf8	019b03b3	add	x7,x22,x25	 x22:0x80009fc4 x25:0x8219d000  x7=0x021a6fc4
       27675000	      2766	80005bfc	00c89713	slli	x14,x17,0xc	 x17:0x00000000 x14=0x00000000
       27685000	      2767	80005c00	005a9bb3	sll	x23,x21,x5	 x21:0x00000001  x5:0x653275b7 x23=0x00800000
       27695000	      2768	80005c04	fb908e93	addi	x29,x1,-71	  x1:0x00000001 x29=0xffffffba
       27705000	      2769	80005c08	00ced813	srli	x16,x29,0xc	 x29:0xffffffba x16=0x000fffff
       27715000	      2770	80005c0c	01d76863	bltu	x14,x29,80005c1c	 x14:0x00000000 x29:0xffffffba
       27725000	      2771	00000000	00000013	addi	x0,x0,0	  x0:0x00000000
       27735000	      2772	80005c18	00000013	addi	x0,x0,0	  x0:0x00000000
       27745000	      2773	80005c1c	015b6cb3	or	x25,x22,x21	 x22:0x80009fc4 x21:0x00000001 x25=0x80009fc5
       27755000	      2774	80005c20	02a00063	beq	x0,x10,80005c40	  x0:0x00000000 x10:0x80009f5c
       27765000	      2775	80005c24	ef36ec93	ori	x25,x13,-269	 x13:0xd80493c0 x25=0xfffffff3
       27775000	      2776	80005c28	00000013	addi	x0,x0,0	  x0:0x00000000
       27785000	      2777	80005c2c	00b3bab3	sltu	x21,x7,x11	  x7:0x021a6fc4 x11:0x8138e000 x21=0x00000001
       27795000	      2778	80005c30	2ad53e97	auipc	x29,0x2ad53	 x29=0xaad58c2c
       27805000	      2779	80005c34	01985b93	srli	x23,x16,0x19	 x16:0x000fffff x23=0x00000000
       27815000	      2780	80005c38	01b5ccb3	xor	x25,x11,x27	 x11:0x8138e000 x27:0x80009fc4 x25=0x01387fc4
       27825000	      2781	80005c3c	04017463	bgeu	x2,x0,80005c84	  x2:0x00000000  x0:0x00000000
       27835000	      2782	00000000	00000013	addi	x0,x0,0	  x0:0x00000000
       27845000	      2783	80005c80	00000013	addi	x0,x0,0	  x0:0x00000000
       27855000	      2784	80005c84	f36fe113	ori	x2,x31,-202	 x31:0x00000000  x2=0xffffff36
       27865000	      2785	80005c88	040d7663	bgeu	x26,x0,80005cd4	 x26:0x00000001  x0:0x00000000
       27875000	      2786	00000000	00000013	addi	x0,x0,0	  x0:0x00000000
       27885000	      2787	80005cd0	00000013	addi	x0,x0,0	  x0:0x00000000
       27895000	      2788	80005cd4	003f4233	xor	x4,x30,x3	 x30:0x07fff603  x3:0x800001cc  x4=0x87fff7cf
       27905000	      2789	80005cd8	a6176793	ori	x15,x14,-1439	 x14:0x00000000 x15=0xfffffa61
       27915000	      2790	80005cdc	00000013	addi	x0,x0,0	  x0:0x00000000
       27925000	      2791	80005ce0	00816f33	or	x30,x2,x8	  x2:0xffffff36  x8:0x00000001 x30=0xffffff37
       27935000	      2792	80005ce4	047d1863	bne	x26,x7,80005d34	 x26:0x00000001  x7:0x021a6fc4
       27945000	      2793	00000000	00000013	addi	x0,x0,0	  x0:0x00000000
       27955000	      2794	80005d30	00000013	addi	x0,x0,0	  x0:0x00000000
       27965000	      2795	80005d34	bd8f4993	xori	x19,x30,-1064	 x30:0xffffff37 x19=0x000004ef
       27975000	      2796	80005d38	01c7a233	slt	x4,x15,x28	 x15:0xfffffa61 x28:0xfffe6b36  x4=0x00000000
       27985000	      2797	80005d3c	015fe233	or	x4,x31,x21	 x31:0x00000000 x21:0x00000001  x4=0x00000001
       27995000	      2798	80005d40	416a8cb3	sub	x25,x21,x22	 x21:0x00000001 x22:0x80009fc4 x25=0x7fff603d
       28005000	      2799	80005d44	01155463	bge	x10,x17,80005d4c	 x10:0x80009f5c x17:0x00000000
       28015000	      2800	80005d48	eb65b093	sltiu	x1,x11,-330	 x11:0x8138e000  x1=0x00000001
       28025000	      2801	80005d4c	2990e393	ori	x7,x1,665	  x1:0x00000001  x7=0x00000299
       28035000	      2802	80005d50	0407d663	bge	x15,x0,80005d9c	 x15:0xfffffa61  x0:0x00000000
       28045000	      2803	80005d54	00929a63	bne	x5,x9,80005d68	  x5:0x653275b7  x9:0x07e2e1a0
       28055000	      2804	00000000	00000013	addi	x0,x0,0	  x0:0x00000000
       28065000	      2805	80005d64	00000013	addi	x0,x0,0	  x0:0x00000000
       28075000	      2806	80005d68	41b0d913	srai	x18,x1,0x1b	  x1:0x00000001 x18=0x00000000
       28085000	      2807	80005d6c	016cdf33	srl	x30,x25,x22	 x25:0x7fff603d x22:0x80009fc4 x30=0x07fff603
       28095000	      2808	80005d70	01c8d3b3	srl	x7,x17,x28	 x17:0x00000000 x28:0xfffe6b36  x7=0x00000000
       28105000	      2809	80005d74	00b89e63	bne	x17,x11,80005d90	 x17:0x00000000 x11:0x8138e000
       28115000	      2810	00000000	00000013	addi	x0,x0,0	  x0:0x00000000
       28125000	      2811	80005d8c	00000013	addi	x0,x0,0	  x0:0x00000000
       28135000	      2812	80005d90	022c9063	bne	x25,x2,80005db0	 x25:0x7fff603d  x2:0xffffff36
       28145000	      2813	00000000	00000013	addi	x0,x0,0	  x0:0x00000000
       28155000	      2814	80005dac	00000013	addi	x0,x0,0	  x0:0x00000000
       28165000	      2815	80005db0	00b11f93	slli	x31,x2,0xb	  x2:0xffffff36 x31=0xfff9b000
       28175000	      2816	80005db4	37297837	lui	x16,0x37297	 x16=0x37297000
       28185000	      2817	80005db8	5f84f093	andi	x1,x9,1528	  x9:0x07e2e1a0  x1=0x000001a0
       28195000	      2818	80005dbc	a9bbb413	sltiu	x8,x23,-1381	 x23:0x00000000  x8=0x00000001
       28205000	      2819	80005dc0	4188da13	srai	x20,x17,0x18	 x17:0x00000000 x20=0x00000000
       28215000	      2820	80005dc4	02dae263	bltu	x21,x13,80005de8	 x21:0x00000001 x13:0xd80493c0
       28225000	      2821	00000000	00000013	addi	x0,x0,0	  x0:0x00000000
       28235000	      2822	80005de4	00000013	addi	x0,x0,0	  x0:0x00000000
       28245000	      2823	80005de8	01a06db3	or	x27,x0,x26	  x0:0x00000000 x26:0x00000001 x27=0x00000001
       28255000	      2824	80005dec	8a59bd93	sltiu	x27,x19,-1883	 x19:0x000004ef x27=0x00000001
       28265000	      2825	80005df0	8138e5b7	lui	x11,0x8138e	 x11=0x8138e000
       28275000	      2826	80005df4	26170497	auipc	x9,0x26170	  x9=0xa6175df0
       28285000	      2827	80005df8	0061ffb3	and	x31,x3,x6	  x3:0x800001cc  x6:0x00000001 x31=0x00000000
       28295000	      2828	80005dfc	01441a13	slli	x20,x8,0x14	  x8:0x00000001 x20=0x00100000
       28305000	      2829	80005e00	4faef797	auipc	x15,0x4faef	 x15=0xcfaf4dfc
       28315000	      2830	80005e04	f55ece13	xori	x28,x29,-171	 x29:0xaad58c2c x28=0x552a7379
       28325000	      2831	80005e08	1e659837	lui	x16,0x1e659	 x16=0x1e659000
       28335000	      2832	80005e0c	82baa393	slti	x7,x21,-2005	 x21:0x00000001  x7=0x00000000
       28345000	      2833	80005e10	011b9833	sll	x16,x23,x17	 x23:0x00000000 x17:0x00000000 x16=0x00000000
       28355000	      2834	80005e14	01da2eb3	slt	x29,x20,x29	 x20:0x00100000 x29:0xaad58c2c x29=0x00000000
       28365000	      2835	80005e18	1496b4b7	lui	x9,0x1496b	  x9=0x1496b000
       28375000	      2836	80005e1c	008d9013	slli	x0,x27,0x8	 x27:0x00000001
       28385000	      2837	80005e20	003ce133	or	x2,x25,x3	 x25:0x7fff603d  x3:0x800001cc  x2=0xffff61fd
       28395000	      2838	80005e24	00000013	addi	x0,x0,0	  x0:0x00000000
       28405000	      2839	80005e28	016317b3	sll	x15,x6,x22	  x6:0x00000001 x22:0x80009fc4 x15=0x00000010
       28415000	      2840	80005e2c	00000013	addi	x0,x0,0	  x0:0x00000000
       28425000	      2841	80005e30	00452183	lw	x3,4(x10)	 x10:0x80009f5c  x3=0x800001cc PA:0x80009f60
       28435000	      2842	80005e34	02850513	addi	x10,x10,40	 x10:0x80009f5c x10=0x80009f84
       28445000	      2843	80005e38	419dd713	srai	x14,x27,0x19	 x27:0x00000001 x14=0x00000000
       28455000	      2844	80005e3c	00018c13	addi	x24,x3,0	  x3:0x800001cc x24=0x800001cc
       28465000	      2845	80005e40	000c0c67	jalr	x24,x24,0	 x24:0x800001cc x24=0x80005e40
       28475000	      2846	00000000	00000013	addi	x0,x0,0	  x0:0x00000000
       28485000	      2847	800001cc	00000013	addi	x0,x0,0	  x0:0x00000000
       28495000	      2848	800001d0	00008197	auipc	x3,0x8	  x3=0x800081cc
       28505000	      2849	800001d4	0cf18193	addi	x3,x3,207	  x3:0x800081cc  x3=0x8000829b
       28515000	      2850	800001d8	ff31c483	lbu	x9,-13(x3)	  x3:0x8000829b  x9=0x00000000 PA:0x8000828e
       28525000	      2851	800001dc	0331c303	lbu	x6,51(x3)	  x3:0x8000829b  x6=0x00000000 PA:0x800082ce
       28535000	      2852	800001e0	64a66993	ori	x19,x12,1610	 x12:0x00000000 x19=0x0000064a
       28545000	      2853	800001e4	00b19f03	lh	x30,11(x3)	  x3:0x8000829b x30=0x00000000 PA:0x800082a6
       28555000	      2854	800001e8	00c18c83	lb	x25,12(x3)	  x3:0x8000829b x25=0x00000000 PA:0x800082a7
       28565000	      2855	800001ec	4dd7a493	slti	x9,x15,1245	 x15:0x00000010  x9=0x00000001
       28575000	      2856	800001f0	41aed3b3	sra	x7,x29,x26	 x29:0x00000000 x26:0x00000001  x7=0x00000000
       28585000	      2857	800001f4	01919d93	slli	x27,x3,0x19	  x3:0x8000829b x27=0x36000000
       28595000	      2858	800001f8	fcc18b23	sb	x12,-42(x3)	  x3:0x8000829b x12:0x00000000 PA:0x80008271
       28605000	      2859	800001fc	fd518523	sb	x21,-54(x3)	  x3:0x8000829b x21:0x00000001 PA:0x80008265
       28615000	      2860	80000200	00a1c583	lbu	x11,10(x3)	  x3:0x8000829b x11=0x00000000 PA:0x800082a5
       28625000	      2861	80000204	01b41f33	sll	x30,x8,x27	  x8:0x00000001 x27:0x36000000 x30=0x00000001
       28635000	      2862	80000208	3e9390b7	lui	x1,0x3e939	  x1=0x3e939000
       28645000	      2863	8000020c	03c18083	lb	x1,60(x3)	  x3:0x8000829b  x1=0x00000000 PA:0x800082d7
       28655000	      2864	80000210	ff318983	lb	x19,-13(x3)	  x3:0x8000829b x19=0x00000000 PA:0x8000828e
       28665000	      2865	80000214	00000013	addi	x0,x0,0	  x0:0x00000000
       28675000	      2866	80000218	003186a3	sb	x3,13(x3)	  x3:0x8000829b  x3:0x8000829b PA:0x800082a8
       28685000	      2867	8000021c	01662a33	slt	x20,x12,x22	 x12:0x00000000 x22:0x80009fc4 x20=0x00000000
       28695000	      2868	80000220	015b9493	slli	x9,x23,0x15	 x23:0x00000000  x9=0x00000000
       28705000	      2869	80000224	68186413	ori	x8,x16,1665	 x16:0x00000000  x8=0x00000681
       28715000	      2870	80000228	00000013	addi	x0,x0,0	  x0:0x00000000
       28725000	      2871	8000022c	01876233	or	x4,x14,x24	 x14:0x00000000 x24:0x80005e40  x4=0x80005e40
       28735000	      2872	80000230	b6d48093	addi	x1,x9,-1171	  x9:0x00000000  x1=0xfffffb6d
       28745000	      2873	80000234	01bd68b3	or	x17,x26,x27	 x26:0x00000001 x27:0x36000000 x17=0x36000001
       28755000	      2874	80000238	fc119903	lh	x18,-63(x3)	  x3:0x8000829b x18=0x00000000 PA:0x8000825c
       28765000	      2875	8000023c	01f18783	lb	x15,31(x3)	  x3:0x8000829b x15=0x00000000 PA:0x800082ba
       28775000	      2876	80000240	02d19083	lh	x1,45(x3)	  x3:0x8000829b  x1=0x00000000 PA:0x800082c8
       28785000	      2877	00000000	00000013	addi	x0,x0,0	  x0:0x00000000
       28795000	      2878	80000244	00175c93	srli	x25,x14,0x1	 x14:0x00000000 x25=0x00000000
       28805000	      2879	80000248	01a1c903	lbu	x18,26(x3)	  x3:0x8000829b x18=0x00000000 PA:0x800082b5
       28815000	      2880	8000024c	01535e93	srli	x29,x6,0x15	  x6:0x00000000 x29=0x00000000
       28825000	      2881	80000250	407dd633	sra	x12,x27,x7	 x27:0x36000000  x7:0x00000000 x12=0x36000000
       28835000	      2882	80000254	00f8e133	or	x2,x17,x15	 x17:0x36000001 x15:0x00000000  x2=0x36000001
       28845000	      2883	80000258	01119c83	lh	x25,17(x3)	  x3:0x8000829b x25=0x00000000 PA:0x800082ac
       28855000	      2884	8000025c	00b1d583	lhu	x11,11(x3)	  x3:0x8000829b x11=0x00000000 PA:0x800082a6
       28865000	      2885	80000260	009128b3	slt	x17,x2,x9	  x2:0x36000001  x9:0x00000000 x17=0x00000000
       28875000	      2886	80000264	d15ace13	xori	x28,x21,-747	 x21:0x00000001 x28=0xfffffd14
       28885000	      2887	80000268	40365833	sra	x16,x12,x3	 x12:0x36000000  x3:0x8000829b x16=0x00000006
       28895000	      2888	8000026c	03418823	sb	x20,48(x3)	  x3:0x8000829b x20:0x00000000 PA:0x800082cb
       28905000	      2889	80000270	fe618203	lb	x4,-26(x3)	  x3:0x8000829b  x4=0x00000000 PA:0x80008281
       28915000	      2890	80000274	01b190a3	sh	x27,1(x3)	  x3:0x8000829b x27:0x36000000 PA:0x8000829c
       28925000	      2891	80000278	67b58eb7	lui	x29,0x67b58	 x29=0x67b58000
       28935000	      2892	8000027c	fea18923	sb	x10,-14(x3)	  x3:0x8000829b x10:0x80009f84 PA:0x8000828d
       28945000	      2893	80000280	fdd191a3	sh	x29,-61(x3)	  x3:0x8000829b x29:0x67b58000 PA:0x8000825e
       28955000	      2894	80000284	03e18a03	lb	x20,62(x3)	  x3:0x8000829b x20=0x00000000 PA:0x800082d9
       28965000	      2895	80000288	02118d23	sb	x1,58(x3)	  x3:0x8000829b  x1:0x00000000 PA:0x800082d5
       28975000	      2896	8000028c	0041c583	lbu	x11,4(x3)	  x3:0x8000829b x11=0x00000000 PA:0x8000829f
       28985000	      2897	80000290	00000013	addi	x0,x0,0	  x0:0x00000000
       28995000	      2898	80000294	072fa313	slti	x6,x31,114	 x31:0x00000000  x6=0x00000001
       29005000	      2899	80000298	b43ef893	andi	x17,x29,-1213	 x29:0x67b58000 x17=0x67b58000
       29015000	      2900	8000029c	00000013	addi	x0,x0,0	  x0:0x00000000
       29025000	      2901	800002a0	4044df93	srai	x31,x9,0x4	  x9:0x00000000 x31=0x00000000
       29035000	      2902	800002a4	7c5e8693	addi	x13,x29,1989	 x29:0x67b58000 x13=0x67b587c5
       29045000	      2903	800002a8	03841063	bne	x8,x24,800002c8	  x8:0x00000681 x24:0x80005e40
       29055000	      2904	00000000	00000013	addi	x0,x0,0	  x0:0x00000000
       29065000	      2905	800002c4	00000013	addi	x0,x0,0	  x0:0x00000000
       29075000	      2906	800002c8	923d7d13	andi	x26,x26,-1757	 x26:0x00000001 x26=0x00000001
       29085000	      2907	800002cc	0009fc33	and	x24,x19,x0	 x19:0x00000000  x0:0x00000000 x24=0x00000000
       29095000	      2908	800002d0	75f9b793	sltiu	x15,x19,1887	 x19:0x00000000 x15=0x00000001
       29105000	      2909	800002d4	296b0913	addi	x18,x22,662	 x22:0x80009fc4 x18=0x8000a25a
       29115000	      2910	800002d8	413a0833	sub	x16,x20,x19	 x20:0x00000000 x19:0x00000000 x16=0x00000000
       29125000	      2911	800002dc	413dd4b3	sra	x9,x27,x19	 x27:0x36000000 x19:0x00000000  x9=0x36000000
       29135000	      2912	800002e0	eaea2497	auipc	x9,0xeaea2	  x9=0x6aea22dc
       29145000	      2913	800002e4	3490a9b7	lui	x19,0x3490a	 x19=0x3490a000
       29155000	      2914	800002e8	00000013	addi	x0,x0,0	  x0:0x00000000
       29165000	      2915	800002ec	402e5833	sra	x16,x28,x2	 x28:0xfffffd14  x2:0x36000001 x16=0xfffffe8a
       29175000	      2916	800002f0	80f36d93	ori	x27,x6,-2033	  x6:0x00000001 x27=0xfffff80f
       29185000	      2917	800002f4	42604913	xori	x18,x0,1062	  x0:0x00000000 x18=0x00000426
       29195000	      2918	800002f8	01de1a13	slli	x20,x28,0x1d	 x28:0xfffffd14 x20=0x80000000
       29205000	      2919	800002fc	01b230b3	sltu	x1,x4,x27	  x4:0x00000000 x27:0xfffff80f  x1=0x00000001
       29215000	      2920	80000300	00d59d33	sll	x26,x11,x13	 x11:0x00000000 x13:0x67b587c5 x26=0x00000000
       29225000	      2921	80000304	00000013	addi	x0,x0,0	  x0:0x00000000
       29235000	      2922	80000308	01074c33	xor	x24,x14,x16	 x14:0x00000000 x16:0xfffffe8a x24=0xfffffe8a
       29245000	      2923	8000030c	00003897	auipc	x17,0x3	 x17=0x80003308
       29255000	      2924	80000310	98888893	addi	x17,x17,-1656	 x17:0x80003308 x17=0x80002c90
       29265000	      2925	80000314	1d788893	addi	x17,x17,471	 x17:0x80002c90 x17=0x80002e67
       29275000	      2926	80000318	00a4a933	slt	x18,x9,x10	  x9:0x6aea22dc x10:0x80009f84 x18=0x00000000
       29285000	      2927	8000031c	00a22ab3	slt	x21,x4,x10	  x4:0x00000000 x10:0x80009f84 x21=0x00000000
       29295000	      2928	80000320	5a6f7113	andi	x2,x30,1446	 x30:0x00000001  x2=0x00000000
       29305000	      2929	80000324	ccbab813	sltiu	x16,x21,-821	 x21:0x00000000 x16=0x00000001
       29315000	      2930	80000328	0049c0b3	xor	x1,x19,x4	 x19:0x3490a000  x4:0x00000000  x1=0x3490a000
       29325000	      2931	8000032c	004915b3	sll	x11,x18,x4	 x18:0x00000000  x4:0x00000000 x11=0x00000000
       29335000	      2932	80000330	e2a881e7	jalr	x3,x17,-470	 x17:0x80002e67  x3=0x80000330
       29345000	      2933	00000000	00000013	addi	x0,x0,0	  x0:0x00000000
       29355000	      2934	80002c90	00000013	addi	x0,x0,0	  x0:0x00000000
       29365000	      2935	80002c94	00b35633	srl	x12,x6,x11	  x6:0x00000001 x11:0x00000000 x12=0x00000001
       29375000	      2936	80002c98	4090d633	sra	x12,x1,x9	  x1:0x3490a000  x9:0x6aea22dc x12=0x00000003
       29385000	      2937	80002c9c	00c36a63	bltu	x6,x12,80002cb0	  x6:0x00000001 x12:0x00000003
       29395000	      2938	00000000	00000013	addi	x0,x0,0	  x0:0x00000000
       29405000	      2939	80002cac	00000013	addi	x0,x0,0	  x0:0x00000000
       29415000	      2940	80002cb0	fc850513	addi	x10,x10,-56	 x10:0x80009f84 x10=0x80009f4c
       29425000	      2941	80002cb4	01bd98b3	sll	x17,x27,x27	 x27:0xfffff80f x27:0xfffff80f x17=0xfc078000
       29435000	      2942	80002cb8	4034d233	sra	x4,x9,x3	  x9:0x6aea22dc  x3:0x80000330  x4=0x00006aea
       29445000	      2943	80002cbc	00352223	sw	x3,4(x10)	 x10:0x80009f4c  x3:0x80000330 PA:0x80009f50
       29455000	      2944	80002cc0	01395793	srli	x15,x18,0x13	 x18:0x00000000 x15=0x00000000
       29465000	      2945	80002cc4	00005117	auipc	x2,0x5	  x2=0x80007cc0
       29475000	      2946	80002cc8	4f610113	addi	x2,x2,1270	  x2:0x80007cc0  x2=0x800081b6
       29485000	      2947	80002ccc	ffb10203	lb	x4,-5(x2)	  x2:0x800081b6  x4=0x00000000 PA:0x800081b1
       29495000	      2948	80002cd0	0186ed33	or	x26,x13,x24	 x13:0x67b587c5 x24:0xfffffe8a x26=0xffffffcf
       29505000	      2949	80002cd4	0129abb3	slt	x23,x19,x18	 x19:0x3490a000 x18:0x00000000 x23=0x00000000
       29515000	      2950	80002cd8	00022833	slt	x16,x4,x0	  x4:0x00000000  x0:0x00000000 x16=0x00000000
       29525000	      2951	80002cdc	01114983	lbu	x19,17(x2)	  x2:0x800081b6 x19=0x00000000 PA:0x800081c7
       29535000	      2952	80002ce0	01b10223	sb	x27,4(x2)	  x2:0x800081b6 x27:0xfffff80f PA:0x800081ba
       29545000	      2953	80002ce4	00f6c7b3	xor	x15,x13,x15	 x13:0x67b587c5 x15:0x00000000 x15=0x67b587c5
       29555000	      2954	80002ce8	fee12f23	sw	x14,-2(x2)	  x2:0x800081b6 x14:0x00000000 PA:0x800081b4
       29565000	      2955	80002cec	b8fab693	sltiu	x13,x21,-1137	 x21:0x00000000 x13=0x00000001
       29575000	      2956	80002cf0	82283693	sltiu	x13,x16,-2014	 x16:0x00000000 x13=0x00000001
       29585000	      2957	80002cf4	41575f33	sra	x30,x14,x21	 x14:0x00000000 x21:0x00000000 x30=0x00000000
       29595000	      2958	80002cf8	00d51a13	slli	x20,x10,0xd	 x10:0x80009f4c x20=0x13e98000
       29605000	      2959	80002cfc	fe811983	lh	x19,-24(x2)	  x2:0x800081b6 x19=0x00000000 PA:0x8000819e
       29615000	      2960	80002d00	41a605b3	sub	x11,x12,x26	 x12:0x00000003 x26:0xffffffcf x11=0x00000034
       29625000	      2961	80002d04	fc212803	lw	x16,-62(x2)	  x2:0x800081b6 x16=0x00000000 PA:0x80008178
       29635000	      2962	80002d08	018c5ab3	srl	x21,x24,x24	 x24:0xfffffe8a x24:0xfffffe8a x21=0x003fffff
       29645000	      2963	80002d0c	00ef6db3	or	x27,x30,x14	 x30:0x00000000 x14:0x00000000 x27=0x00000000
       29655000	      2964	80002d10	01710e83	lb	x29,23(x2)	  x2:0x800081b6 x29=0x00000000 PA:0x800081cd
       29665000	      2965	80002d14	fd414703	lbu	x14,-44(x2)	  x2:0x800081b6 x14=0x00000000 PA:0x8000818a
       29675000	      2966	80002d18	01510083	lb	x1,21(x2)	  x2:0x800081b6  x1=0x00000000 PA:0x800081cb
       29685000	      2967	80002d1c	008af3b3	and	x7,x21,x8	 x21:0x003fffff  x8:0x00000681  x7=0x00000681
       29695000	      2968	80002d20	230e9c17	auipc	x24,0x230e9	 x24=0xa30ebd1c
       29705000	      2969	80002d24	00910203	lb	x4,9(x2)	  x2:0x800081b6  x4=0x00000078 PA:0x800081bf
       29715000	      2970	80002d28	01a11933	sll	x18,x2,x26	  x2:0x800081b6 x26:0xffffffcf x18=0x40db0000
       29725000	      2971	80002d2c	01a10aa3	sb	x26,21(x2)	  x2:0x800081b6 x26:0xffffffcf PA:0x800081cb
       29735000	      2972	80002d30	00006997	auipc	x19,0x6	 x19=0x80008d2c
       29745000	      2973	80002d34	c5898993	addi	x19,x19,-936	 x19:0x80008d2c x19=0x80008984
       29755000	      2974	80002d38	01487033	and	x0,x16,x20	 x16:0x00000000 x20:0x13e98000
       29765000	      2975	80002d3c	011983a3	sb	x17,7(x19)	 x19:0x80008984 x17:0xfc078000 PA:0x8000898b
       29775000	      2976	80002d40	fd198603	lb	x12,-47(x19)	 x19:0x80008984 x12=0x00000000 PA:0x80008955
       29785000	      2977	80002d44	fc9984a3	sb	x9,-55(x19)	 x19:0x80008984  x9:0x6aea22dc PA:0x8000894d
       29795000	      2978	80002d48	b26ab497	auipc	x9,0xb26ab	  x9=0x326add44
       29805000	      2979	80002d4c	010a86b3	add	x13,x21,x16	 x21:0x003fffff x16:0x00000000 x13=0x003fffff
       29815000	      2980	80002d50	fc999523	sh	x9,-54(x19)	 x19:0x80008984  x9:0x326add44 PA:0x8000894e
       29825000	      2981	80002d54	02d98e03	lb	x28,45(x19)	 x19:0x80008984 x28=0x00000000 PA:0x800089b1
       29835000	      2982	80002d58	02f9cc83	lbu	x25,47(x19)	 x19:0x80008984 x25=0x00000000 PA:0x800089b3
       29845000	      2983	80002d5c	0029b633	sltu	x12,x19,x2	 x19:0x80008984  x2:0x800081b6 x12=0x00000000
       29855000	      2984	80002d60	fc398883	lb	x17,-61(x19)	 x19:0x80008984 x17=0x00000000 PA:0x80008947
       29865000	      2985	80002d64	40c4d233	sra	x4,x9,x12	  x9:0x326add44 x12:0x00000000  x4=0x326add44
       29875000	      2986	80002d68	01760db3	add	x27,x12,x23	 x12:0x00000000 x23:0x00000000 x27=0x00000000
       29885000	      2987	80002d6c	fc29ae23	sw	x2,-36(x19)	 x19:0x80008984  x2:0x800081b6 PA:0x80008960
       29895000	      2988	80002d70	fec99a23	sh	x12,-12(x19)	 x19:0x80008984 x12:0x00000000 PA:0x80008978
       29905000	      2989	80002d74	0069ce83	lbu	x29,6(x19)	 x19:0x80008984 x29=0x00000000 PA:0x8000898a
       29915000	      2990	80002d78	05b99023	sh	x27,64(x19)	 x19:0x80008984 x27:0x00000000 PA:0x800089c4
       29925000	      2991	80002d7c	0149c583	lbu	x11,20(x19)	 x19:0x80008984 x11=0x00000000 PA:0x80008998
       29935000	      2992	80002d80	017dd0b3	srl	x1,x27,x23	 x27:0x00000000 x23:0x00000000  x1=0x00000000
       29945000	      2993	80002d84	97fb21b7	lui	x3,0x97fb2	  x3=0x97fb2000
       29955000	      2994	80002d88	a788e093	ori	x1,x17,-1416	 x17:0x00000000  x1=0xfffffa78
       29965000	      2995	80002d8c	19191437	lui	x8,0x19191	  x8=0x19191000
       29975000	      2996	80002d90	01b805b3	add	x11,x16,x27	 x16:0x00000000 x27:0x00000000 x11=0x00000000
       29985000	      2997	80002d94	0069c383	lbu	x7,6(x19)	 x19:0x80008984  x7=0x00000000 PA:0x8000898a
       29995000	      2998	80002d98	fef98b83	lb	x23,-17(x19)	 x19:0x80008984 x23=0x00000000 PA:0x80008973
       30005000	      2999	80002d9c	fc398b83	lb	x23,-61(x19)	 x19:0x80008984 x23=0x00000000 PA:0x80008947
       30015000	      3000	80002da0	fd0983a3	sb	x16,-57(x19)	 x19:0x80008984 x16:0x00000000 PA:0x8000894b
       30025000	      3001	80002da4	00129833	sll	x16,x5,x1	  x5:0x653275b7  x1:0xfffffa78 x16=0xb7000000
       30035000	      3002	80002da8	fed9cd03	lbu	x26,-19(x19)	 x19:0x80008984 x26=0x00000000 PA:0x80008971
       30045000	      3003	80002dac	00005897	auipc	x17,0x5	 x17=0x80007da8
       30055000	      3004	80002db0	65088893	addi	x17,x17,1616	 x17:0x80007da8 x17=0x800083f8
       30065000	      3005	80002db4	fe288ca3	sb	x2,-7(x17)	 x17:0x800083f8  x2:0x800081b6 PA:0x800083f1
       30075000	      3006	80002db8	00588d83	lb	x27,5(x17)	 x17:0x800083f8 x27=0x00000000 PA:0x800083fd
       30085000	      3007	80002dbc	00fa0f33	add	x30,x20,x15	 x20:0x13e98000 x15:0x67b587c5 x30=0x7b9f07c5
       30095000	      3008	80002dc0	ff289f23	sh	x18,-2(x17)	 x17:0x800083f8 x18:0x40db0000 PA:0x800083f6
       30105000	      3009	80002dc4	00b13cb3	sltu	x25,x2,x11	  x2:0x800081b6 x11:0x00000000 x25=0x00000000
       30115000	      3010	80002dc8	ff08ac83	lw	x25,-16(x17)	 x17:0x800083f8 x25=0x00000000 PA:0x800083e8
       30125000	      3011	80002dcc	fec89823	sh	x12,-16(x17)	 x17:0x800083f8 x12:0x00000000 PA:0x800083e8
       30135000	      3012	80002dd0	00289f83	lh	x31,2(x17)	 x17:0x800083f8 x31=0x00000000 PA:0x800083fa
       30145000	      3013	80002dd4	00e89783	lh	x15,14(x17)	 x17:0x800083f8 x15=0x00000000 PA:0x80008406
       30155000	      3014	80002dd8	54ada213	slti	x4,x27,1354	 x27:0x00000000  x4=0x00000001
       30165000	      3015	80002ddc	007887a3	sb	x7,15(x17)	 x17:0x800083f8  x7:0x00000000 PA:0x80008407
       30175000	      3016	80002de0	00dd3ab3	sltu	x21,x26,x13	 x26:0x00000000 x13:0x003fffff x21=0x00000001
       30185000	      3017	80002de4	ff88cc03	lbu	x24,-8(x17)	 x17:0x800083f8 x24=0x00000000 PA:0x800083f0
       30195000	      3018	80002de8	00d8c703	lbu	x14,13(x17)	 x17:0x800083f8 x14=0x00000000 PA:0x80008405
       30205000	      3019	80002dec	006b54b3	srl	x9,x22,x6	 x22:0x80009fc4  x6:0x00000001  x9=0x40004fe2
       30215000	      3020	80002df0	ff18cb83	lbu	x23,-15(x17)	 x17:0x800083f8 x23=0x00000000 PA:0x800083e9
       30225000	      3021	80002df4	0072c213	xori	x4,x5,7	  x5:0x653275b7  x4=0x653275b0
       30235000	      3022	80002df8	3f880713	addi	x14,x16,1016	 x16:0xb7000000 x14=0xb70003f8
       30245000	      3023	80002dfc	ff88d803	lhu	x16,-8(x17)	 x17:0x800083f8 x16=0x0000b600 PA:0x800083f0
       30255000	      3024	80002e00	00a88f03	lb	x30,10(x17)	 x17:0x800083f8 x30=0x00000000 PA:0x80008402
       30265000	      3025	80002e04	00889d83	lh	x27,8(x17)	 x17:0x800083f8 x27=0x00000000 PA:0x80008400
       30275000	      3026	80002e08	ff28ce83	lbu	x29,-14(x17)	 x17:0x800083f8 x29=0x00000000 PA:0x800083ea
       30285000	      3027	80002e0c	ff48da03	lhu	x20,-12(x17)	 x17:0x800083f8 x20=0x00000000 PA:0x800083ec
       30295000	      3028	80002e10	ffa89803	lh	x16,-6(x17)	 x17:0x800083f8 x16=0x00000000 PA:0x800083f2
       30305000	      3029	80002e14	004c4133	xor	x2,x24,x4	 x24:0x00000000  x4:0x653275b0  x2=0x653275b0
       30315000	      3030	80002e18	fe0888a3	sb	x0,-15(x17)	 x17:0x800083f8  x0:0x00000000 PA:0x800083e9
       30325000	      3031	80002e1c	ff58ae23	sw	x21,-4(x17)	 x17:0x800083f8 x21:0x00000001 PA:0x800083f4
       30335000	      3032	80002e20	001985b3	add	x11,x19,x1	 x19:0x80008984  x1:0xfffffa78 x11=0x800083fc
       30345000	      3033	80002e24	00e8da03	lhu	x20,14(x17)	 x17:0x800083f8 x20=0x00000000 PA:0x80008406
       30355000	      3034	80002e28	6ddeb413	sltiu	x8,x29,1757	 x29:0x00000000  x8=0x00000001
       30365000	      3035	80002e2c	0058a223	sw	x5,4(x17)	 x17:0x800083f8  x5:0x653275b7 PA:0x800083fc
       30375000	      3036	80002e30	0064c4b3	xor	x9,x9,x6	  x9:0x40004fe2  x6:0x00000001  x9=0x40004fe3
       30385000	      3037	80002e34	01cca033	slt	x0,x25,x28	 x25:0x00000000 x28:0x00000000
       30395000	      3038	80002e38	40755093	srai	x1,x10,0x7	 x10:0x80009f4c  x1=0xff00013e
       30405000	      3039	80002e3c	00c8a583	lw	x11,12(x17)	 x17:0x800083f8 x11=0x00000000 PA:0x80008404
       30415000	      3040	80002e40	ff58ac23	sw	x21,-8(x17)	 x17:0x800083f8 x21:0x00000001 PA:0x800083f0
       30425000	      3041	80002e44	00f8a023	sw	x15,0(x17)	 x17:0x800083f8 x15:0x00000000 PA:0x800083f8
       30435000	      3042	80002e48	012b1bb3	sll	x23,x22,x18	 x22:0x80009fc4 x18:0x40db0000 x23=0x80009fc4
       30445000	      3043	80002e4c	ffa8c103	lbu	x2,-6(x17)	 x17:0x800083f8  x2=0x00000000 PA:0x800083f2
       30455000	      3044	80002e50	ff28dd03	lhu	x26,-14(x17)	 x17:0x800083f8 x26=0x00000000 PA:0x800083ea
       30465000	      3045	80002e54	ff588d83	lb	x27,-11(x17)	 x17:0x800083f8 x27=0x00000000 PA:0x800083ed
       30475000	      3046	80002e58	00006217	auipc	x4,0x6	  x4=0x80008e54
       30485000	      3047	80002e5c	a0420213	addi	x4,x4,-1532	  x4:0x80008e54  x4=0x80008858
       30495000	      3048	80002e60	01621c03	lh	x24,22(x4)	  x4:0x80008858 x24=0x00000000 PA:0x8000886e
       30505000	      3049	80002e64	01d203a3	sb	x29,7(x4)	  x4:0x80008858 x29:0x00000000 PA:0x8000885f
       30515000	      3050	80002e68	00d5da13	srli	x20,x11,0xd	 x11:0x00000000 x20=0x00000000
       30525000	      3051	80002e6c	407e5093	srai	x1,x28,0x7	 x28:0x00000000  x1=0x00000000
       30535000	      3052	80002e70	01e25393	srli	x7,x4,0x1e	  x4:0x80008858  x7=0x00000002
       30545000	      3053	80002e74	00000013	addi	x0,x0,0	  x0:0x00000000
       30555000	      3054	80002e78	0b2205a3	sb	x18,171(x4)	  x4:0x80008858 x18:0x40db0000 PA:0x80008903
       30565000	      3055	80002e7c	00c665b3	or	x11,x12,x12	 x12:0x00000000 x12:0x00000000 x11=0x00000000
       30575000	      3056	80002e80	0a224783	lbu	x15,162(x4)	  x4:0x80008858 x15=0x00000000 PA:0x800088fa
       30585000	      3057	80002e84	08224903	lbu	x18,130(x4)	  x4:0x80008858 x18=0x00000000 PA:0x800088da
       30595000	      3058	80002e88	ff624583	lbu	x11,-10(x4)	  x4:0x80008858 x11=0x00000000 PA:0x8000884e
       30605000	      3059	80002e8c	010bb6b3	sltu	x13,x23,x16	 x23:0x80009fc4 x16:0x00000000 x13=0x00000000
       30615000	      3060	80002e90	0f322823	sw	x19,240(x4)	  x4:0x80008858 x19:0x80008984 PA:0x80008948
       30625000	      3061	80002e94	01d01193	slli	x3,x0,0x1d	  x0:0x00000000  x3=0x00000000
       30635000	      3062	80002e98	29292793	slti	x15,x18,658	 x18:0x00000000 x15=0x00000001
       30645000	      3063	80002e9c	05d20003	lb	x0,93(x4)	  x4:0x80008858 PA:0x800088b5
       30655000	      3064	80002ea0	09420723	sb	x20,142(x4)	  x4:0x80008858 x20:0x00000000 PA:0x800088e6
       30665000	      3065	80002ea4	004f5cb3	srl	x25,x30,x4	 x30:0x00000000  x4:0x80008858 x25=0x00000000
       30675000	      3066	80002ea8	a3b4e893	ori	x17,x9,-1477	  x9:0x40004fe3 x17=0xfffffffb
       30685000	      3067	80002eac	fe624003	lbu	x0,-26(x4)	  x4:0x80008858 PA:0x8000883e
       30695000	      3068	80002eb0	bcb30713	addi	x14,x6,-1077	  x6:0x00000001 x14=0xfffffbcc
       30705000	      3069	80002eb4	5961a693	slti	x13,x3,1430	  x3:0x00000000 x13=0x00000001
       30715000	      3070	80002eb8	008b8cb3	add	x25,x23,x8	 x23:0x80009fc4  x8:0x00000001 x25=0x80009fc5
       30725000	      3071	80002ebc	0121c933	xor	x18,x3,x18	  x3:0x00000000 x18:0x00000000 x18=0x00000000
       30735000	      3072	80002ec0	07120583	lb	x11,113(x4)	  x4:0x80008858 x11=0x00000000 PA:0x800088c9
       30745000	      3073	80002ec4	0e824e83	lbu	x29,232(x4)	  x4:0x80008858 x29=0x00000000 PA:0x80008940
       30755000	      3074	00000000	00000013	addi	x0,x0,0	  x0:0x00000000
       30765000	      3075	80002ec8	fdd20d03	lb	x26,-35(x4)	  x4:0x80008858 x26=0x00000000 PA:0x80008835
       30775000	      3076	80002ecc	8d532e93	slti	x29,x6,-1835	  x6:0x00000001 x29=0x00000000
       30785000	      3077	80002ed0	41905bb3	sra	x23,x0,x25	  x0:0x00000000 x25:0x80009fc5 x23=0x00000000
       30795000	      3078	80002ed4	f051a013	slti	x0,x3,-251	  x3:0x00000000
       30805000	      3079	80002ed8	06520003	lb	x0,101(x4)	  x4:0x80008858 PA:0x800088bd
       30815000	      3080	80002edc	081205a3	sb	x1,139(x4)	  x4:0x80008858  x1:0x00000000 PA:0x800088e3
       30825000	      3081	80002ee0	0fe21083	lh	x1,254(x4)	  x4:0x80008858  x1=0x00000000 PA:0x80008956
       30835000	      3082	00000000	00000013	addi	x0,x0,0	  x0:0x00000000
       30845000	      3083	80002ee4	04121723	sh	x1,78(x4)	  x4:0x80008858  x1:0x00000000 PA:0x800088a6
       30855000	      3084	80002ee8	075203a3	sb	x21,103(x4)	  x4:0x80008858 x21:0x00000001 PA:0x800088bf
       30865000	      3085	80002eec	0e324703	lbu	x14,227(x4)	  x4:0x80008858 x14=0x00000000 PA:0x8000893b
       30875000	      3086	00000000	00000013	addi	x0,x0,0	  x0:0x00000000
       30885000	      3087	80002ef0	fee20f83	lb	x31,-18(x4)	  x4:0x80008858 x31=0x00000000 PA:0x80008846
       30895000	      3088	80002ef4	0bc20c83	lb	x25,188(x4)	  x4:0x80008858 x25=0x00000000 PA:0x80008914
       30905000	      3089	80002ef8	fe020ea3	sb	x0,-3(x4)	  x4:0x80008858  x0:0x00000000 PA:0x80008855
       30915000	      3090	80002efc	fe3200a3	sb	x3,-31(x4)	  x4:0x80008858  x3:0x00000000 PA:0x80008839
       30925000	      3091	80002f00	01512a33	slt	x20,x2,x21	  x2:0x00000000 x21:0x00000001 x20=0x00000001
       30935000	      3092	80002f04	03589a63	bne	x17,x21,80002f38	 x17:0xfffffffb x21:0x00000001
       30945000	      3093	00000000	00000013	addi	x0,x0,0	  x0:0x00000000
       30955000	      3094	80002f34	00000013	addi	x0,x0,0	  x0:0x00000000
       30965000	      3095	80002f38	02965463	bge	x12,x9,80002f60	 x12:0x00000000  x9:0x40004fe3
       30975000	      3096	80002f3c	055d7063	bgeu	x26,x21,80002f7c	 x26:0x00000000 x21:0x00000001
       30985000	      3097	80002f40	0018cf33	xor	x30,x17,x1	 x17:0xfffffffb  x1:0x00000000 x30=0xfffffffb
       30995000	      3098	80002f44	00f11813	slli	x16,x2,0xf	  x2:0x00000000 x16=0x00000000
       31005000	      3099	80002f48	045a7263	bgeu	x20,x5,80002f8c	 x20:0x00000001  x5:0x653275b7
       31015000	      3100	80002f4c	00e1e663	bltu	x3,x14,80002f58	  x3:0x00000000 x14:0x00000000
       31025000	      3101	80002f50	b8e52f97	auipc	x31,0xb8e52	 x31=0x38e54f4c
       31035000	      3102	80002f54	0048edb3	or	x27,x17,x4	 x17:0xfffffffb  x4:0x80008858 x27=0xfffffffb
       31045000	      3103	80002f58	41ab5813	srai	x16,x22,0x1a	 x22:0x80009fc4 x16=0xffffffe0
       31055000	      3104	80002f5c	00610933	add	x18,x2,x6	  x2:0x00000000  x6:0x00000001 x18=0x00000001
       31065000	      3105	80002f60	01641813	slli	x16,x8,0x16	  x8:0x00000001 x16=0x00400000
       31075000	      3106	80002f64	01844263	blt	x8,x24,80002f68	  x8:0x00000001 x24:0x00000000
       31085000	      3107	80002f68	03150a63	beq	x10,x17,80002f9c	 x10:0x80009f4c x17:0xfffffffb
       31095000	      3108	80002f6c	01e0d793	srli	x15,x1,0x1e	  x1:0x00000000 x15=0x00000000
       31105000	      3109	80002f70	7a29c693	xori	x13,x19,1954	 x19:0x80008984 x13=0x80008e26
       31115000	      3110	80002f74	00cb5933	srl	x18,x22,x12	 x22:0x80009fc4 x12:0x00000000 x18=0x80009fc4
       31125000	      3111	80002f78	01578e63	beq	x15,x21,80002f94	 x15:0x00000000 x21:0x00000001
       31135000	      3112	80002f7c	004b61b3	or	x3,x22,x4	 x22:0x80009fc4  x4:0x80008858  x3=0x80009fdc
       31145000	      3113	80002f80	401285b3	sub	x11,x5,x1	  x5:0x653275b7  x1:0x00000000 x11=0x653275b7
       31155000	      3114	80002f84	03abc663	blt	x23,x26,80002fb0	 x23:0x00000000 x26:0x00000000
       31165000	      3115	80002f88	004b5593	srli	x11,x22,0x4	 x22:0x80009fc4 x11=0x080009fc
       31175000	      3116	80002f8c	00000013	addi	x0,x0,0	  x0:0x00000000
       31185000	      3117	80002f90	00298033	add	x0,x19,x2	 x19:0x80008984  x2:0x00000000
       31195000	      3118	80002f94	5c628993	addi	x19,x5,1478	  x5:0x653275b7 x19=0x65327b7d
       31205000	      3119	80002f98	dcffe713	ori	x14,x31,-561	 x31:0x38e54f4c x14=0xffffffcf
       31215000	      3120	80002f9c	8612c193	xori	x3,x5,-1951	  x5:0x653275b7  x3=0x9acd8dd6
       31225000	      3121	80002fa0	01cd5893	srli	x17,x26,0x1c	 x26:0x00000000 x17=0x00000000
       31235000	      3122	80002fa4	f2164713	xori	x14,x12,-223	 x12:0x00000000 x14=0xffffff21
       31245000	      3123	80002fa8	41cd0133	sub	x2,x26,x28	 x26:0x00000000 x28:0x00000000  x2=0x00000000
       31255000	      3124	80002fac	fbd9f593	andi	x11,x19,-67	 x19:0x65327b7d x11=0x65327b3d
       31265000	      3125	80002fb0	02900e63	beq	x0,x9,80002fec	  x0:0x00000000  x9:0x40004fe3
       31275000	      3126	80002fb4	008053b3	srl	x7,x0,x8	  x0:0x00000000  x8:0x00000001  x7=0x00000000
       31285000	      3127	80002fb8	38dacf93	xori	x31,x21,909	 x21:0x00000001 x31=0x0000038c
       31295000	      3128	80002fbc	011bc663	blt	x23,x17,80002fc8	 x23:0x00000000 x17:0x00000000
       31305000	      3129	80002fc0	048c6463	bltu	x24,x8,80003008	 x24:0x00000000  x8:0x00000001
       31315000	      3130	00000000	00000013	addi	x0,x0,0	  x0:0x00000000
       31325000	      3131	80003004	00000013	addi	x0,x0,0	  x0:0x00000000
       31335000	      3132	80003008	00000013	addi	x0,x0,0	  x0:0x00000000
       31345000	      3133	8000300c	26bc2393	slti	x7,x24,619	 x24:0x00000000  x7=0x00000001
       31355000	      3134	80003010	008b9233	sll	x4,x23,x8	 x23:0x00000000  x8:0x00000001  x4=0x00000000
       31365000	      3135	80003014	00f74663	blt	x14,x15,80003020	 x14:0xffffff21 x15:0x00000000
       31375000	      3136	00000000	00000013	addi	x0,x0,0	  x0:0x00000000
       31385000	      3137	8000301c	00000013	addi	x0,x0,0	  x0:0x00000000
       31395000	      3138	80003020	01adc733	xor	x14,x27,x26	 x27:0xfffffffb x26:0x00000000 x14=0xfffffffb
       31405000	      3139	80003024	cb8ee993	ori	x19,x29,-840	 x29:0x00000000 x19=0xfffffcb8
       31415000	      3140	80003028	9904cc93	xori	x25,x9,-1648	  x9:0x40004fe3 x25=0xbfffb673
       31425000	      3141	8000302c	41545893	srai	x17,x8,0x15	  x8:0x00000001 x17=0x00000000
       31435000	      3142	80003030	8fee8597	auipc	x11,0x8fee8	 x11=0x0feeb02c
       31445000	      3143	80003034	00000013	addi	x0,x0,0	  x0:0x00000000
       31455000	      3144	80003038	01c24863	blt	x4,x28,80003048	  x4:0x00000000 x28:0x00000000
       31465000	      3145	8000303c	00cfa4b3	slt	x9,x31,x12	 x31:0x0000038c x12:0x00000000  x9=0x00000000
       31475000	      3146	80003040	020f9c63	bne	x31,x0,80003078	 x31:0x0000038c  x0:0x00000000
       31485000	      3147	00000000	00000013	addi	x0,x0,0	  x0:0x00000000
       31495000	      3148	80003074	00000013	addi	x0,x0,0	  x0:0x00000000
       31505000	      3149	80003078	037c4e63	blt	x24,x23,800030b4	 x24:0x00000000 x23:0x00000000
       31515000	      3150	8000307c	40fadf13	srai	x30,x21,0xf	 x21:0x00000001 x30=0x00000000
       31525000	      3151	80003080	0379c063	blt	x19,x23,800030a0	 x19:0xfffffcb8 x23:0x00000000
       31535000	      3152	00000000	00000013	addi	x0,x0,0	  x0:0x00000000
       31545000	      3153	8000309c	00000013	addi	x0,x0,0	  x0:0x00000000
       31555000	      3154	800030a0	019187b3	add	x15,x3,x25	  x3:0x9acd8dd6 x25:0xbfffb673 x15=0x5acd4449
       31565000	      3155	800030a4	01aacdb3	xor	x27,x21,x26	 x21:0x00000001 x26:0x00000000 x27=0x00000001
       31575000	      3156	800030a8	9950f013	andi	x0,x1,-1643	  x1:0x00000000
       31585000	      3157	800030ac	00df6a63	bltu	x30,x13,800030c0	 x30:0x00000000 x13:0x80008e26
       31595000	      3158	00000000	00000013	addi	x0,x0,0	  x0:0x00000000
       31605000	      3159	800030bc	00000013	addi	x0,x0,0	  x0:0x00000000
       31615000	      3160	800030c0	411b5f93	srai	x31,x22,0x11	 x22:0x80009fc4 x31=0xffffc000
       31625000	      3161	800030c4	a8158093	addi	x1,x11,-1407	 x11:0x0feeb02c  x1=0x0feeaaad
       31635000	      3162	800030c8	eb8a1d97	auipc	x27,0xeb8a1	 x27=0x6b8a40c4
       31645000	      3163	800030cc	00ea1a93	slli	x21,x20,0xe	 x20:0x00000001 x21=0x00004000
       31655000	      3164	800030d0	02109e63	bne	x1,x1,8000310c	  x1:0x0feeaaad  x1:0x0feeaaad
       31665000	      3165	800030d4	01901593	slli	x11,x0,0x19	  x0:0x00000000 x11=0x00000000
       31675000	      3166	800030d8	400a8ab3	sub	x21,x21,x0	 x21:0x00004000  x0:0x00000000 x21=0x00004000
       31685000	      3167	800030dc	0010e4b3	or	x9,x1,x1	  x1:0x0feeaaad  x1:0x0feeaaad  x9=0x0feeaaad
       31695000	      3168	800030e0	058bd063	bge	x23,x24,80003120	 x23:0x00000000 x24:0x00000000
       31705000	      3169	00000000	00000013	addi	x0,x0,0	  x0:0x00000000
       31715000	      3170	8000311c	00000013	addi	x0,x0,0	  x0:0x00000000
       31725000	      3171	80003120	00da7933	and	x18,x20,x13	 x20:0x00000001 x13:0x80008e26 x18=0x00000000
       31735000	      3172	80003124	64f3b197	auipc	x3,0x64f3b	  x3=0xe4f3e120
       31745000	      3173	80003128	018edc93	srli	x25,x29,0x18	 x29:0x00000000 x25=0x00000000
       31755000	      3174	8000312c	00f799b3	sll	x19,x15,x15	 x15:0x5acd4449 x15:0x5acd4449 x19=0x9a889200
       31765000	      3175	80003130	3a527913	andi	x18,x4,933	  x4:0x00000000 x18=0x00000000
       31775000	      3176	80003134	40edd7b3	sra	x15,x27,x14	 x27:0x6b8a40c4 x14:0xfffffffb x15=0x0000000d
       31785000	      3177	80003138	a1124b93	xori	x23,x4,-1519	  x4:0x00000000 x23=0xfffffa11
       31795000	      3178	8000313c	41685113	srai	x2,x16,0x16	 x16:0x00400000  x2=0x00000001
       31805000	      3179	80003140	40395333	sra	x6,x18,x3	 x18:0x00000000  x3:0xe4f3e120  x6=0x00000000
       31815000	      3180	80003144	0718bc13	sltiu	x24,x17,113	 x17:0x00000000 x24=0x00000001
       31825000	      3181	80003148	afb43c13	sltiu	x24,x8,-1285	  x8:0x00000001 x24=0x00000001
       31835000	      3182	8000314c	02b32793	slti	x15,x6,43	  x6:0x00000000 x15=0x00000001
       31845000	      3183	80003150	52000d93	addi	x27,x0,1312	  x0:0x00000000 x27=0x00000520
       31855000	      3184	80003154	410ed093	srai	x1,x29,0x10	 x29:0x00000000  x1=0x00000000
       31865000	      3185	80003158	01dcd013	srli	x0,x25,0x1d	 x25:0x00000000
       31875000	      3186	8000315c	ec226793	ori	x15,x4,-318	  x4:0x00000000 x15=0xfffffec2
       31885000	      3187	80003160	0161d1b3	srl	x3,x3,x22	  x3:0xe4f3e120 x22:0x80009fc4  x3=0x0e4f3e12
       31895000	      3188	80003164	01945c93	srli	x25,x8,0x19	  x8:0x00000001 x25=0x00000000
       31905000	      3189	80003168	0200e463	bltu	x1,x0,80003190	  x1:0x00000000  x0:0x00000000
       31915000	      3190	8000316c	037e4a63	blt	x28,x23,800031a0	 x28:0x00000000 x23:0xfffffa11
       31925000	      3191	80003170	e4194193	xori	x3,x18,-447	 x18:0x00000000  x3=0xfffffe41
       31935000	      3192	80003174	6c836b93	ori	x23,x6,1736	  x6:0x00000000 x23=0x000006c8
       31945000	      3193	80003178	01be5933	srl	x18,x28,x27	 x28:0x00000000 x27:0x00000520 x18=0x00000000
       31955000	      3194	8000317c	01616863	bltu	x2,x22,8000318c	  x2:0x00000001 x22:0x80009fc4
       31965000	      3195	00000000	00000013	addi	x0,x0,0	  x0:0x00000000
       31975000	      3196	80003188	00000013	addi	x0,x0,0	  x0:0x00000000
       31985000	      3197	8000318c	00000013	addi	x0,x0,0	  x0:0x00000000
       31995000	      3198	80003190	008e6263	bltu	x28,x8,80003194	 x28:0x00000000  x8:0x00000001
       32005000	      3199	00000000	00000013	addi	x0,x0,0	  x0:0x00000000
       32015000	      3200	80003190	00000013	addi	x0,x0,0	  x0:0x00000000
       32025000	      3201	80003194	01df6a63	bltu	x30,x29,800031a8	 x30:0x00000000 x29:0x00000000
       32035000	      3202	80003198	03f50a63	beq	x10,x31,800031cc	 x10:0x80009f4c x31:0xffffc000
       32045000	      3203	8000319c	007155b3	srl	x11,x2,x7	  x2:0x00000001  x7:0x00000001 x11=0x00000000
       32055000	      3204	800031a0	01b44c63	blt	x8,x27,800031b8	  x8:0x00000001 x27:0x00000520
       32065000	      3205	00000000	00000013	addi	x0,x0,0	  x0:0x00000000
       32075000	      3206	800031b4	00000013	addi	x0,x0,0	  x0:0x00000000
       32085000	      3207	800031b8	0154dbb3	srl	x23,x9,x21	  x9:0x0feeaaad x21:0x00004000 x23=0x0feeaaad
       32095000	      3208	800031bc	00000013	addi	x0,x0,0	  x0:0x00000000
       32105000	      3209	800031c0	f901fd93	andi	x27,x3,-112	  x3:0xfffffe41 x27=0xfffffe00
       32115000	      3210	800031c4	02954c63	blt	x10,x9,800031fc	 x10:0x80009f4c  x9:0x0feeaaad
       32125000	      3211	00000000	00000013	addi	x0,x0,0	  x0:0x00000000
       32135000	      3212	800031f8	00000013	addi	x0,x0,0	  x0:0x00000000
       32145000	      3213	800031fc	02cd0393	addi	x7,x26,44	 x26:0x00000000  x7=0x0000002c
       32155000	      3214	80003200	15ca6917	auipc	x18,0x15ca6	 x18=0x95ca91fc
       32165000	      3215	80003204	00151593	slli	x11,x10,0x1	 x10:0x80009f4c x11=0x00013e98
       32175000	      3216	80003208	01eb5193	srli	x3,x22,0x1e	 x22:0x80009fc4  x3=0x00000002
       32185000	      3217	8000320c	5b4d9c37	lui	x24,0x5b4d9	 x24=0x5b4d9000
       32195000	      3218	80003210	0231ca63	blt	x3,x3,80003244	  x3:0x00000002  x3:0x00000002
       32205000	      3219	80003214	0010d313	srli	x6,x1,0x1	  x1:0x00000000  x6=0x00000000
       32215000	      3220	80003218	04cb1663	bne	x22,x12,80003264	 x22:0x80009fc4 x12:0x00000000
       32225000	      3221	00000000	00000013	addi	x0,x0,0	  x0:0x00000000
       32235000	      3222	80003260	00000013	addi	x0,x0,0	  x0:0x00000000
       32245000	      3223	80003264	01917a33	and	x20,x2,x25	  x2:0x00000001 x25:0x00000000 x20=0x00000000
       32255000	      3224	80003268	00000013	addi	x0,x0,0	  x0:0x00000000
       32265000	      3225	8000326c	4148dd93	srai	x27,x17,0x14	 x17:0x00000000 x27=0x00000000
       32275000	      3226	80003270	408a87b3	sub	x15,x21,x8	 x21:0x00004000  x8:0x00000001 x15=0x00003fff
       32285000	      3227	80003274	01471a13	slli	x20,x14,0x14	 x14:0xfffffffb x20=0xffb00000
       32295000	      3228	80003278	00915313	srli	x6,x2,0x9	  x2:0x00000001  x6=0x00000000
       32305000	      3229	8000327c	04986063	bltu	x16,x9,800032bc	 x16:0x00400000  x9:0x0feeaaad
       32315000	      3230	00000000	00000013	addi	x0,x0,0	  x0:0x00000000
       32325000	      3231	800032b8	00000013	addi	x0,x0,0	  x0:0x00000000
       32335000	      3232	800032bc	006f6733	or	x14,x30,x6	 x30:0x00000000  x6:0x00000000 x14=0x00000000
       32345000	      3233	800032c0	6b05ba93	sltiu	x21,x11,1712	 x11:0x00013e98 x21=0x00000000
       32355000	      3234	800032c4	ffda4193	xori	x3,x20,-3	 x20:0xffb00000  x3=0x004ffffd
       32365000	      3235	800032c8	053b9463	bne	x23,x19,80003310	 x23:0x0feeaaad x19:0x9a889200
       32375000	      3236	00000000	00000013	addi	x0,x0,0	  x0:0x00000000
       32385000	      3237	8000330c	00000013	addi	x0,x0,0	  x0:0x00000000
       32395000	      3238	80003310	04c24063	blt	x4,x12,80003350	  x4:0x00000000 x12:0x00000000
       32405000	      3239	80003314	f0288213	addi	x4,x17,-254	 x17:0x00000000  x4=0xffffff02
       32415000	      3240	80003318	00f756b3	srl	x13,x14,x15	 x14:0x00000000 x15:0x00003fff x13=0x00000000
       32425000	      3241	8000331c	78bf2693	slti	x13,x30,1931	 x30:0x00000000 x13=0x00000001
       32435000	      3242	80003320	e175b413	sltiu	x8,x11,-489	 x11:0x00013e98  x8=0x00000001
       32445000	      3243	80003324	73783713	sltiu	x14,x16,1847	 x16:0x00400000 x14=0x00000000
       32455000	      3244	80003328	01313cb3	sltu	x25,x2,x19	  x2:0x00000001 x19:0x9a889200 x25=0x00000001
       32465000	      3245	8000332c	01c99213	slli	x4,x19,0x1c	 x19:0x9a889200  x4=0x00000000
       32475000	      3246	80003330	00d831b3	sltu	x3,x16,x13	 x16:0x00400000 x13:0x00000001  x3=0x00000000
       32485000	      3247	80003334	00000013	addi	x0,x0,0	  x0:0x00000000
       32495000	      3248	80003338	41c4d4b3	sra	x9,x9,x28	  x9:0x0feeaaad x28:0x00000000  x9=0x0feeaaad
       32505000	      3249	8000333c	05039663	bne	x7,x16,80003388	  x7:0x0000002c x16:0x00400000
       32515000	      3250	00000000	00000013	addi	x0,x0,0	  x0:0x00000000
       32525000	      3251	80003384	00000013	addi	x0,x0,0	  x0:0x00000000
       32535000	      3252	80003388	010898b3	sll	x17,x17,x16	 x17:0x00000000 x16:0x00400000 x17=0x00000000
       32545000	      3253	8000338c	00a48133	add	x2,x9,x10	  x9:0x0feeaaad x10:0x80009f4c  x2=0x8fef49f9
       32555000	      3254	80003390	00861193	slli	x3,x12,0x8	 x12:0x00000000  x3=0x00000000
       32565000	      3255	80003394	41130333	sub	x6,x6,x17	  x6:0x00000000 x17:0x00000000  x6=0x00000000
       32575000	      3256	80003398	b1040393	addi	x7,x8,-1264	  x8:0x00000001  x7=0xfffffb11
       32585000	      3257	8000339c	c8ccbc93	sltiu	x25,x25,-884	 x25:0x00000001 x25=0x00000001
       32595000	      3258	800033a0	01ad9833	sll	x16,x27,x26	 x27:0x00000000 x26:0x00000000 x16=0x00000000
       32605000	      3259	800033a4	fcde6093	ori	x1,x28,-51	 x28:0x00000000  x1=0xffffffcd
       32615000	      3260	800033a8	cad3c393	xori	x7,x7,-851	  x7:0xfffffb11  x7=0x000007bc
       32625000	      3261	800033ac	a8d93113	sltiu	x2,x18,-1395	 x18:0x95ca91fc  x2=0x00000001
       32635000	      3262	800033b0	01f1dc93	srli	x25,x3,0x1f	  x3:0x00000000 x25=0x00000000
       32645000	      3263	800033b4	41a856b3	sra	x13,x16,x26	 x16:0x00000000 x26:0x00000000 x13=0x00000000
       32655000	      3264	800033b8	004b2933	slt	x18,x22,x4	 x22:0x80009fc4  x4:0x00000000 x18=0x00000001
       32665000	      3265	800033bc	00f1c663	blt	x3,x15,800033c8	  x3:0x00000000 x15:0x00003fff
       32675000	      3266	00000000	00000013	addi	x0,x0,0	  x0:0x00000000
       32685000	      3267	800033c4	00000013	addi	x0,x0,0	  x0:0x00000000
       32695000	      3268	800033c8	01669933	sll	x18,x13,x22	 x13:0x00000000 x22:0x80009fc4 x18=0x00000000
       32705000	      3269	800033cc	3d302417	auipc	x8,0x3d302	  x8=0xbd3053c8
       32715000	      3270	800033d0	415b8fb3	sub	x31,x23,x21	 x23:0x0feeaaad x21:0x00000000 x31=0x0feeaaad
       32725000	      3271	800033d4	05c54263	blt	x10,x28,80003418	 x10:0x80009f4c x28:0x00000000
       32735000	      3272	00000000	00000013	addi	x0,x0,0	  x0:0x00000000
       32745000	      3273	80003414	00000013	addi	x0,x0,0	  x0:0x00000000
       32755000	      3274	80003418	b225a917	auipc	x18,0xb225a	 x18=0x3225d414
       32765000	      3275	8000341c	00eb1c33	sll	x24,x22,x14	 x22:0x80009fc4 x14:0x00000000 x24=0x80009fc4
       32775000	      3276	80003420	00a79a93	slli	x21,x15,0xa	 x15:0x00003fff x21=0x00fffc00
       32785000	      3277	80003424	ac33a637	lui	x12,0xac33a	 x12=0xac33a000
       32795000	      3278	80003428	34110093	addi	x1,x2,833	  x2:0x00000001  x1=0x00000342
       32805000	      3279	8000342c	004ed333	srl	x6,x29,x4	 x29:0x00000000  x4:0x00000000  x6=0x00000000
       32815000	      3280	80003430	007ef6b3	and	x13,x29,x7	 x29:0x00000000  x7:0x000007bc x13=0x00000000
       32825000	      3281	80003434	9c984993	xori	x19,x16,-1591	 x16:0x00000000 x19=0xfffff9c9
       32835000	      3282	80003438	00251c33	sll	x24,x10,x2	 x10:0x80009f4c  x2:0x00000001 x24=0x00013e98
       32845000	      3283	8000343c	610bc1b7	lui	x3,0x610bc	  x3=0x610bc000
       32855000	      3284	80003440	78f86693	ori	x13,x16,1935	 x16:0x00000000 x13=0x0000078f
       32865000	      3285	80003444	0175e9b3	or	x19,x11,x23	 x11:0x00013e98 x23:0x0feeaaad x19=0x0fefbebd
       32875000	      3286	80003448	145695b7	lui	x11,0x14569	 x11=0x14569000
       32885000	      3287	8000344c	012236b3	sltu	x13,x4,x18	  x4:0x00000000 x18:0x3225d414 x13=0x00000001
       32895000	      3288	80003450	00c3d393	srli	x7,x7,0xc	  x7:0x000007bc  x7=0x00000000
       32905000	      3289	80003454	016b1c63	bne	x22,x22,8000346c	 x22:0x80009fc4 x22:0x80009fc4
       32915000	      3290	80003458	00455263	bge	x10,x4,8000345c	 x10:0x80009f4c  x4:0x00000000
       32925000	      3291	8000345c	41b85c93	srai	x25,x16,0x1b	 x16:0x00000000 x25=0x00000000
       32935000	      3292	80003460	01759793	slli	x15,x11,0x17	 x11:0x14569000 x15=0x00000000
       32945000	      3293	80003464	00000013	addi	x0,x0,0	  x0:0x00000000
       32955000	      3294	80003468	00e08833	add	x16,x1,x14	  x1:0x00000342 x14:0x00000000 x16=0x00000342
       32965000	      3295	8000346c	008bd313	srli	x6,x23,0x8	 x23:0x0feeaaad  x6=0x000feeaa
       32975000	      3296	80003470	01689e33	sll	x28,x17,x22	 x17:0x00000000 x22:0x80009fc4 x28=0x00000000
       32985000	      3297	80003474	00b540b3	xor	x1,x10,x11	 x10:0x80009f4c x11:0x14569000  x1=0x94560f4c
       32995000	      3298	80003478	03b2cc63	blt	x5,x27,800034b0	  x5:0x653275b7 x27:0x00000000
       33005000	      3299	8000347c	ea464d13	xori	x26,x12,-348	 x12:0xac33a000 x26=0x53cc5ea4
       33015000	      3300	80003480	93d34f13	xori	x30,x6,-1731	  x6:0x000feeaa x30=0xfff01797
       33025000	      3301	80003484	40890bb3	sub	x23,x18,x8	 x18:0x3225d414  x8:0xbd3053c8 x23=0x74f5804c
       33035000	      3302	80003488	006b37b3	sltu	x15,x22,x6	 x22:0x80009fc4  x6:0x000feeaa x15=0x00000000
       33045000	      3303	8000348c	dc9ce693	ori	x13,x25,-567	 x25:0x00000000 x13=0xfffffdc9
       33055000	      3304	80003490	00425663	bge	x4,x4,8000349c	  x4:0x00000000  x4:0x00000000
       33065000	      3305	00000000	00000013	addi	x0,x0,0	  x0:0x00000000
       33075000	      3306	80003498	00000013	addi	x0,x0,0	  x0:0x00000000
       33085000	      3307	8000349c	db9f7d13	andi	x26,x30,-583	 x30:0xfff01797 x26=0xfff01591
       33095000	      3308	800034a0	014079b3	and	x19,x0,x20	  x0:0x00000000 x20:0xffb00000 x19=0x00000000
       33105000	      3309	800034a4	a95ec913	xori	x18,x29,-1387	 x29:0x00000000 x18=0xfffffa95
       33115000	      3310	800034a8	0051e7b3	or	x15,x3,x5	  x3:0x610bc000  x5:0x653275b7 x15=0x653bf5b7
       33125000	      3311	800034ac	001d33b3	sltu	x7,x26,x1	 x26:0xfff01591  x1:0x94560f4c  x7=0x00000000
       33135000	      3312	800034b0	002e8633	add	x12,x29,x2	 x29:0x00000000  x2:0x00000001 x12=0x00000001
       33145000	      3313	800034b4	009ede63	bge	x29,x9,800034d0	 x29:0x00000000  x9:0x0feeaaad
       33155000	      3314	800034b8	01e07bb3	and	x23,x0,x30	  x0:0x00000000 x30:0xfff01797 x23=0x00000000
       33165000	      3315	800034bc	e2f9b093	sltiu	x1,x19,-465	 x19:0x00000000  x1=0x00000001
       33175000	      3316	800034c0	0344de63	bge	x9,x20,800034fc	  x9:0x0feeaaad x20:0xffb00000
       33185000	      3317	00000000	00000013	addi	x0,x0,0	  x0:0x00000000
       33195000	      3318	800034f8	00000013	addi	x0,x0,0	  x0:0x00000000
       33205000	      3319	800034fc	0175c8b3	xor	x17,x11,x23	 x11:0x14569000 x23:0x00000000 x17=0x14569000
       33215000	      3320	80003500	0246f463	bgeu	x13,x4,80003528	 x13:0xfffffdc9  x4:0x00000000
       33225000	      3321	00000000	00000013	addi	x0,x0,0	  x0:0x00000000
       33235000	      3322	80003524	00000013	addi	x0,x0,0	  x0:0x00000000
       33245000	      3323	80003528	278f8693	addi	x13,x31,632	 x31:0x0feeaaad x13=0x0feead25
       33255000	      3324	8000352c	00000013	addi	x0,x0,0	  x0:0x00000000
       33265000	      3325	80003530	04022993	slti	x19,x4,64	  x4:0x00000000 x19=0x00000001
       33275000	      3326	80003534	00474333	xor	x6,x14,x4	 x14:0x00000000  x4:0x00000000  x6=0x00000000
       33285000	      3327	80003538	f6d6f113	andi	x2,x13,-147	 x13:0x0feead25  x2=0x0feead25
       33295000	      3328	8000353c	d6df7893	andi	x17,x30,-659	 x30:0xfff01797 x17=0xfff01505
       33305000	      3329	80003540	aae30e13	addi	x28,x6,-1362	  x6:0x00000000 x28=0xfffffaae
       33315000	      3330	80003544	70a5c693	xori	x13,x11,1802	 x11:0x14569000 x13=0x1456970a
       33325000	      3331	80003548	00b063b3	or	x7,x0,x11	  x0:0x00000000 x11:0x14569000  x7=0x14569000
       33335000	      3332	8000354c	00789813	slli	x16,x17,0x7	 x17:0xfff01505 x16=0xf80a8280
       33345000	      3333	80003550	02486a63	bltu	x16,x4,80003584	 x16:0xf80a8280  x4:0x00000000
       33355000	      3334	80003554	054b9463	bne	x23,x20,8000359c	 x23:0x00000000 x20:0xffb00000
       33365000	      3335	00000000	00000013	addi	x0,x0,0	  x0:0x00000000
       33375000	      3336	80003598	00000013	addi	x0,x0,0	  x0:0x00000000
       33385000	      3337	8000359c	014e5263	bge	x28,x20,800035a0	 x28:0xfffffaae x20:0xffb00000
       33395000	      3338	00000000	00000013	addi	x0,x0,0	  x0:0x00000000
       33405000	      3339	8000359c	00000013	addi	x0,x0,0	  x0:0x00000000
       33415000	      3340	800035a0	00000013	addi	x0,x0,0	  x0:0x00000000
       33425000	      3341	800035a4	502cfc97	auipc	x25,0x502cf	 x25=0xd02d25a0
       33435000	      3342	800035a8	00000013	addi	x0,x0,0	  x0:0x00000000
       33445000	      3343	800035ac	01cd2833	slt	x16,x26,x28	 x26:0xfff01591 x28:0xfffffaae x16=0x00000001
       33455000	      3344	800035b0	0015ed33	or	x26,x11,x1	 x11:0x14569000  x1:0x00000001 x26=0x14569001
       33465000	      3345	800035b4	01119d93	slli	x27,x3,0x11	  x3:0x610bc000 x27=0x80000000
       33475000	      3346	800035b8	13ebad93	slti	x27,x23,318	 x23:0x00000000 x27=0x00000001
       33485000	      3347	800035bc	02c60663	beq	x12,x12,800035e8	 x12:0x00000001 x12:0x00000001
       33495000	      3348	00000000	00000013	addi	x0,x0,0	  x0:0x00000000
       33505000	      3349	800035e4	00000013	addi	x0,x0,0	  x0:0x00000000
       33515000	      3350	800035e8	dff13f13	sltiu	x30,x2,-513	  x2:0x0feead25 x30=0x00000001
       33525000	      3351	800035ec	0197f733	and	x14,x15,x25	 x15:0x653bf5b7 x25:0xd02d25a0 x14=0x402925a0
       33535000	      3352	800035f0	00842833	slt	x16,x8,x8	  x8:0xbd3053c8  x8:0xbd3053c8 x16=0x00000000
       33545000	      3353	800035f4	40bd53b3	sra	x7,x26,x11	 x26:0x14569001 x11:0x14569000  x7=0x14569001
       33555000	      3354	800035f8	b01a3413	sltiu	x8,x20,-1279	 x20:0xffb00000  x8=0x00000001
       33565000	      3355	800035fc	0a7ae663	bltu	x21,x7,800036a8	 x21:0x00fffc00  x7:0x14569001
       33575000	      3356	00000000	00000013	addi	x0,x0,0	  x0:0x00000000
       33585000	      3357	800036a4	00000013	addi	x0,x0,0	  x0:0x00000000
       33595000	      3358	800036a8	c926be13	sltiu	x28,x13,-878	 x13:0x1456970a x28=0x00000001
       33605000	      3359	800036ac	00005a97	auipc	x21,0x5	 x21=0x800086a8
       33615000	      3360	800036b0	a44a8a93	addi	x21,x21,-1468	 x21:0x800086a8 x21=0x800080ec
       33625000	      3361	800036b4	00000013	addi	x0,x0,0	  x0:0x00000000
       33635000	      3362	800036b8	01081813	slli	x16,x16,0x10	 x16:0x00000000 x16=0x00000000
       33645000	      3363	800036bc	000ac833	xor	x16,x21,x0	 x21:0x800080ec  x0:0x00000000 x16=0x800080ec
       33655000	      3364	800036c0	406bd493	srai	x9,x23,0x6	 x23:0x00000000  x9=0x00000000
       33665000	      3365	800036c4	01dff633	and	x12,x31,x29	 x31:0x0feeaaad x29:0x00000000 x12=0x00000000
       33675000	      3366	800036c8	034a9483	lh	x9,52(x21)	 x21:0x800080ec  x9=0x00000000 PA:0x80008120
       33685000	      3367	800036cc	01178e33	add	x28,x15,x17	 x15:0x653bf5b7 x17:0xfff01505 x28=0x652c0abc
       33695000	      3368	800036d0	007ac303	lbu	x6,7(x21)	 x21:0x800080ec  x6=0x00000000 PA:0x800080f3
       33705000	      3369	800036d4	015a84a3	sb	x21,9(x21)	 x21:0x800080ec x21:0x800080ec PA:0x800080f5
       33715000	      3370	800036d8	fecaaf83	lw	x31,-20(x21)	 x21:0x800080ec x31=0x00000000 PA:0x800080d8
       33725000	      3371	800036dc	035a85a3	sb	x21,43(x21)	 x21:0x800080ec x21:0x800080ec PA:0x80008117
       33735000	      3372	800036e0	017240b3	xor	x1,x4,x23	  x4:0x00000000 x23:0x00000000  x1=0x00000000
       33745000	      3373	800036e4	89f48e13	addi	x28,x9,-1889	  x9:0x00000000 x28=0xfffff89f
       33755000	      3374	800036e8	ff2acf83	lbu	x31,-14(x21)	 x21:0x800080ec x31=0x00000000 PA:0x800080de
       33765000	      3375	800036ec	fdaac683	lbu	x13,-38(x21)	 x21:0x800080ec x13=0x00000000 PA:0x800080c6
       33775000	      3376	800036f0	67573593	sltiu	x11,x14,1653	 x14:0x402925a0 x11=0x00000000
       33785000	      3377	800036f4	02fa8083	lb	x1,47(x21)	 x21:0x800080ec  x1=0x00000000 PA:0x8000811b
       33795000	      3378	800036f8	018a8e03	lb	x28,24(x21)	 x21:0x800080ec x28=0x00000000 PA:0x80008104
       33805000	      3379	800036fc	002144b3	xor	x9,x2,x2	  x2:0x0feead25  x2:0x0feead25  x9=0x00000000
       33815000	      3380	80003700	00226333	or	x6,x4,x2	  x4:0x00000000  x2:0x0feead25  x6=0x0feead25
       33825000	      3381	80003704	033ac183	lbu	x3,51(x21)	 x21:0x800080ec  x3=0x00000000 PA:0x8000811f
       33835000	      3382	80003708	02fa8783	lb	x15,47(x21)	 x21:0x800080ec x15=0x00000000 PA:0x8000811b
       33845000	      3383	8000370c	4191d333	sra	x6,x3,x25	  x3:0x00000000 x25:0xd02d25a0  x6=0x00000000
       33855000	      3384	80003710	030a9d83	lh	x27,48(x21)	 x21:0x800080ec x27=0x00000000 PA:0x8000811c
       33865000	      3385	80003714	00e906b3	add	x13,x18,x14	 x18:0xfffffa95 x14:0x402925a0 x13=0x40292035
       33875000	      3386	80003718	5bec0013	addi	x0,x24,1470	 x24:0x00013e98
       33885000	      3387	8000371c	fc7ac803	lbu	x16,-57(x21)	 x21:0x800080ec x16=0x00000000 PA:0x800080b3
       33895000	      3388	80003720	d1828493	addi	x9,x5,-744	  x5:0x653275b7  x9=0x653272cf
       33905000	      3389	80003724	fcea8683	lb	x13,-50(x21)	 x21:0x800080ec x13=0x00000000 PA:0x800080ba
       33915000	      3390	80003728	fc0a8fa3	sb	x0,-33(x21)	 x21:0x800080ec  x0:0x00000000 PA:0x800080cb
       33925000	      3391	8000372c	020a8d23	sb	x0,58(x21)	 x21:0x800080ec  x0:0x00000000 PA:0x80008126
       33935000	      3392	80003730	00f4ff33	and	x30,x9,x15	  x9:0x653272cf x15:0x00000000 x30=0x00000000
       33945000	      3393	80003734	03f4ce63	blt	x9,x31,80003770	  x9:0x653272cf x31:0x00000000
       33955000	      3394	80003738	ab467793	andi	x15,x12,-1356	 x12:0x00000000 x15=0x00000000
       33965000	      3395	8000373c	793c3e13	sltiu	x28,x24,1939	 x24:0x00013e98 x28=0x00000000
       33975000	      3396	80003740	004ccc33	xor	x24,x25,x4	 x25:0xd02d25a0  x4:0x00000000 x24=0xd02d25a0
       33985000	      3397	80003744	00265cb3	srl	x25,x12,x2	 x12:0x00000000  x2:0x0feead25 x25=0x00000000
       33995000	      3398	80003748	013eb6b3	sltu	x13,x29,x19	 x29:0x00000000 x19:0x00000001 x13=0x00000001
       34005000	      3399	8000374c	dcddef13	ori	x30,x27,-563	 x27:0x00000000 x30=0xfffffdcd
       34015000	      3400	80003750	05bbf863	bgeu	x23,x27,800037a0	 x23:0x00000000 x27:0x00000000
       34025000	      3401	00000000	00000013	addi	x0,x0,0	  x0:0x00000000
       34035000	      3402	8000379c	00000013	addi	x0,x0,0	  x0:0x00000000
       34045000	      3403	800037a0	00f58863	beq	x11,x15,800037b0	 x11:0x00000000 x15:0x00000000
       34055000	      3404	00000000	00000013	addi	x0,x0,0	  x0:0x00000000
       34065000	      3405	800037ac	00000013	addi	x0,x0,0	  x0:0x00000000
       34075000	      3406	800037b0	41acd493	srai	x9,x25,0x1a	 x25:0x00000000  x9=0x00000000
       34085000	      3407	800037b4	013804b3	add	x9,x16,x19	 x16:0x00000000 x19:0x00000001  x9=0x00000001
       34095000	      3408	800037b8	014a8663	beq	x21,x20,800037c4	 x21:0x800080ec x20:0xffb00000
       34105000	      3409	800037bc	00081613	slli	x12,x16,0x0	 x16:0x00000000 x12=0x00000000
       34115000	      3410	800037c0	8f2afa93	andi	x21,x21,-1806	 x21:0x800080ec x21=0x800080e0
       34125000	      3411	800037c4	84383e93	sltiu	x29,x16,-1981	 x16:0x00000000 x29=0x00000001
       34135000	      3412	800037c8	e907e613	ori	x12,x15,-368	 x15:0x00000000 x12=0xfffffe90
       34145000	      3413	800037cc	00d25f93	srli	x31,x4,0xd	  x4:0x00000000 x31=0x00000000
       34155000	      3414	800037d0	0014f893	andi	x17,x9,1	  x9:0x00000001 x17=0x00000001
       34165000	      3415	800037d4	01baf5b3	and	x11,x21,x27	 x21:0x800080e0 x27:0x00000000 x11=0x00000000
       34175000	      3416	800037d8	0108f663	bgeu	x17,x16,800037e4	 x17:0x00000001 x16:0x00000000
       34185000	      3417	00000000	00000013	addi	x0,x0,0	  x0:0x00000000
       34195000	      3418	800037e0	00000013	addi	x0,x0,0	  x0:0x00000000
       34205000	      3419	800037e4	00477133	and	x2,x14,x4	 x14:0x402925a0  x4:0x00000000  x2=0x00000000
       34215000	      3420	800037e8	00935813	srli	x16,x6,0x9	  x6:0x00000000 x16=0x00000000
       34225000	      3421	800037ec	03f88463	beq	x17,x31,80003814	 x17:0x00000001 x31:0x00000000
       34235000	      3422	800037f0	99beffb7	lui	x31,0x99bef	 x31=0x99bef000
       34245000	      3423	800037f4	01ec01b3	add	x3,x24,x30	 x24:0xd02d25a0 x30:0xfffffdcd  x3=0xd02d236d
       34255000	      3424	800037f8	1bf23d93	sltiu	x27,x4,447	  x4:0x00000000 x27=0x00000001
       34265000	      3425	800037fc	005e7133	and	x2,x28,x5	 x28:0x00000000  x5:0x653275b7  x2=0x00000000
       34275000	      3426	80003800	4335ca37	lui	x20,0x4335c	 x20=0x4335c000
       34285000	      3427	80003804	00cc10b3	sll	x1,x24,x12	 x24:0xd02d25a0 x12:0xfffffe90  x1=0x25a00000
       34295000	      3428	80003808	04d71063	bne	x14,x13,80003848	 x14:0x402925a0 x13:0x00000001
       34305000	      3429	00000000	00000013	addi	x0,x0,0	  x0:0x00000000
       34315000	      3430	80003844	00000013	addi	x0,x0,0	  x0:0x00000000
       34325000	      3431	80003848	9a8a6093	ori	x1,x20,-1624	 x20:0x4335c000  x1=0xfffff9a8
       34335000	      3432	8000384c	402a5a93	srai	x21,x20,0x2	 x20:0x4335c000 x21=0x10cd7000
       34345000	      3433	80003850	0f687463	bgeu	x16,x22,80003938	 x16:0x00000000 x22:0x80009fc4
       34355000	      3434	80003854	0ec4d863	bge	x9,x12,80003944	  x9:0x00000001 x12:0xfffffe90
       34365000	      3435	00000000	00000013	addi	x0,x0,0	  x0:0x00000000
       34375000	      3436	80003940	00000013	addi	x0,x0,0	  x0:0x00000000
       34385000	      3437	80003944	4051dcb3	sra	x25,x3,x5	  x3:0xd02d236d  x5:0x653275b7 x25=0xffffffa0
       34395000	      3438	80003948	012be663	bltu	x23,x18,80003954	 x23:0x00000000 x18:0xfffffa95
       34405000	      3439	00000000	00000013	addi	x0,x0,0	  x0:0x00000000
       34415000	      3440	80003950	00000013	addi	x0,x0,0	  x0:0x00000000
       34425000	      3441	80003954	037a6063	bltu	x20,x23,80003974	 x20:0x4335c000 x23:0x00000000
       34435000	      3442	80003958	00fc7133	and	x2,x24,x15	 x24:0xd02d25a0 x15:0x00000000  x2=0x00000000
       34445000	      3443	8000395c	00000013	addi	x0,x0,0	  x0:0x00000000
       34455000	      3444	80003960	00c790b3	sll	x1,x15,x12	 x15:0x00000000 x12:0xfffffe90  x1=0x00000000
       34465000	      3445	80003964	020e7a63	bgeu	x28,x0,80003998	 x28:0x00000000  x0:0x00000000
       34475000	      3446	00000000	00000013	addi	x0,x0,0	  x0:0x00000000
       34485000	      3447	80003994	00000013	addi	x0,x0,0	  x0:0x00000000
       34495000	      3448	80003998	01865b93	srli	x23,x12,0x18	 x12:0xfffffe90 x23=0x000000ff
       34505000	      3449	8000399c	01abceb3	xor	x29,x23,x26	 x23:0x000000ff x26:0x14569001 x29=0x145690fe
       34515000	      3450	800039a0	006d3c33	sltu	x24,x26,x6	 x26:0x14569001  x6:0x00000000 x24=0x00000000
       34525000	      3451	800039a4	010c4fb3	xor	x31,x24,x16	 x24:0x00000000 x16:0x00000000 x31=0x00000000
       34535000	      3452	800039a8	00133033	sltu	x0,x6,x1	  x6:0x00000000  x1:0x00000000
       34545000	      3453	800039ac	01a2d663	bge	x5,x26,800039b8	  x5:0x653275b7 x26:0x14569001
       34555000	      3454	00000000	00000013	addi	x0,x0,0	  x0:0x00000000
       34565000	      3455	800039b4	00000013	addi	x0,x0,0	  x0:0x00000000
       34575000	      3456	800039b8	035b4463	blt	x22,x21,800039e0	 x22:0x80009fc4 x21:0x10cd7000
       34585000	      3457	00000000	00000013	addi	x0,x0,0	  x0:0x00000000
       34595000	      3458	800039dc	00000013	addi	x0,x0,0	  x0:0x00000000
       34605000	      3459	800039e0	058b1663	bne	x22,x24,80003a2c	 x22:0x80009fc4 x24:0x00000000
       34615000	      3460	00000000	00000013	addi	x0,x0,0	  x0:0x00000000
       34625000	      3461	80003a28	00000013	addi	x0,x0,0	  x0:0x00000000
       34635000	      3462	80003a2c	8f293e13	sltiu	x28,x18,-1806	 x18:0xfffffa95 x28=0x00000000
       34645000	      3463	80003a30	4ba2b493	sltiu	x9,x5,1210	  x5:0x653275b7  x9=0x00000000
       34655000	      3464	80003a34	00556833	or	x16,x10,x5	 x10:0x80009f4c  x5:0x653275b7 x16=0xe532ffff
       34665000	      3465	80003a38	a36c2f13	slti	x30,x24,-1482	 x24:0x00000000 x30=0x00000000
       34675000	      3466	80003a3c	0678ec93	ori	x25,x17,103	 x17:0x00000001 x25=0x00000067
       34685000	      3467	80003a40	00064863	blt	x12,x0,80003a50	 x12:0xfffffe90  x0:0x00000000
       34695000	      3468	00000000	00000013	addi	x0,x0,0	  x0:0x00000000
       34705000	      3469	80003a4c	00000013	addi	x0,x0,0	  x0:0x00000000
       34715000	      3470	80003a50	00b46a63	bltu	x8,x11,80003a64	  x8:0x00000001 x11:0x00000000
       34725000	      3471	80003a54	0140c333	xor	x6,x1,x20	  x1:0x00000000 x20:0x4335c000  x6=0x4335c000
       34735000	      3472	80003a58	402fd493	srai	x9,x31,0x2	 x31:0x00000000  x9=0x00000000
       34745000	      3473	80003a5c	00ac9833	sll	x16,x25,x10	 x25:0x00000067 x10:0x80009f4c x16=0x00067000
       34755000	      3474	80003a60	5d0741b7	lui	x3,0x5d074	  x3=0x5d074000
       34765000	      3475	80003a64	e8bf2413	slti	x8,x30,-373	 x30:0x00000000  x8=0x00000000
       34775000	      3476	80003a68	034e6c63	bltu	x28,x20,80003aa0	 x28:0x00000000 x20:0x4335c000
       34785000	      3477	00000000	00000013	addi	x0,x0,0	  x0:0x00000000
       34795000	      3478	80003a9c	00000013	addi	x0,x0,0	  x0:0x00000000
       34805000	      3479	80003aa0	4c282613	slti	x12,x16,1218	 x16:0x00067000 x12=0x00000000
       34815000	      3480	80003aa4	1cb1d637	lui	x12,0x1cb1d	 x12=0x1cb1d000
       34825000	      3481	80003aa8	084a4b93	xori	x23,x20,132	 x20:0x4335c000 x23=0x4335c084
       34835000	      3482	80003aac	043c1863	bne	x24,x3,80003afc	 x24:0x00000000  x3:0x5d074000
       34845000	      3483	00000000	00000013	addi	x0,x0,0	  x0:0x00000000
       34855000	      3484	80003af8	00000013	addi	x0,x0,0	  x0:0x00000000
       34865000	      3485	80003afc	01d30ab3	add	x21,x6,x29	  x6:0x4335c000 x29:0x145690fe x21=0x578c50fe
       34875000	      3486	80003b00	00fa6133	or	x2,x20,x15	 x20:0x4335c000 x15:0x00000000  x2=0x4335c000
       34885000	      3487	80003b04	02756063	bltu	x10,x7,80003b24	 x10:0x80009f4c  x7:0x14569001
       34895000	      3488	80003b08	0174eab3	or	x21,x9,x23	  x9:0x00000000 x23:0x4335c084 x21=0x4335c084
       34905000	      3489	80003b0c	0042ba33	sltu	x20,x5,x4	  x5:0x653275b7  x4:0x00000000 x20=0x00000000
       34915000	      3490	80003b10	73787f93	andi	x31,x16,1847	 x16:0x00067000 x31=0x00000000
       34925000	      3491	80003b14	878ce613	ori	x12,x25,-1928	 x25:0x00000067 x12=0xfffff87f
       34935000	      3492	80003b18	03a1dc63	bge	x3,x26,80003b50	  x3:0x5d074000 x26:0x14569001
       34945000	      3493	00000000	00000013	addi	x0,x0,0	  x0:0x00000000
       34955000	      3494	80003b4c	00000013	addi	x0,x0,0	  x0:0x00000000
       34965000	      3495	80003b50	01cbed33	or	x26,x23,x28	 x23:0x4335c084 x28:0x00000000 x26=0x4335c084
       34975000	      3496	80003b54	016b9233	sll	x4,x23,x22	 x23:0x4335c084 x22:0x80009fc4  x4=0x335c0840
       34985000	      3497	80003b58	3852b613	sltiu	x12,x5,901	  x5:0x653275b7 x12=0x00000000
       34995000	      3498	80003b5c	1245fa13	andi	x20,x11,292	 x11:0x00000000 x20=0x00000000
       35005000	      3499	80003b60	00d3d313	srli	x6,x7,0xd	  x7:0x14569001  x6=0x0000a2b4
       35015000	      3500	80003b64	412e80b3	sub	x1,x29,x18	 x29:0x145690fe x18:0xfffffa95  x1=0x14569669
       35025000	      3501	80003b68	00d7ceb3	xor	x29,x15,x13	 x15:0x00000000 x13:0x00000001 x29=0x00000001
       35035000	      3502	80003b6c	00000013	addi	x0,x0,0	  x0:0x00000000
       35045000	      3503	80003b70	017ea6b3	slt	x13,x29,x23	 x29:0x00000001 x23:0x4335c084 x13=0x00000001
       35055000	      3504	80003b74	016c34b3	sltu	x9,x24,x22	 x24:0x00000000 x22:0x80009fc4  x9=0x00000001
       35065000	      3505	80003b78	410289b3	sub	x19,x5,x16	  x5:0x653275b7 x16:0x00067000 x19=0x652c05b7
       35075000	      3506	80003b7c	25a00f93	addi	x31,x0,602	  x0:0x00000000 x31=0x0000025a
       35085000	      3507	80003b80	01f81a33	sll	x20,x16,x31	 x16:0x00067000 x31:0x0000025a x20=0x00000000
       35095000	      3508	80003b84	01b81893	slli	x17,x16,0x1b	 x16:0x00067000 x17=0x00000000
       35105000	      3509	80003b88	00ca08b3	add	x17,x20,x12	 x20:0x00000000 x12:0x00000000 x17=0x00000000
       35115000	      3510	80003b8c	02478e63	beq	x15,x4,80003bc8	 x15:0x00000000  x4:0x335c0840
       35125000	      3511	80003b90	03197e63	bgeu	x18,x17,80003bcc	 x18:0xfffffa95 x17:0x00000000
       35135000	      3512	00000000	00000013	addi	x0,x0,0	  x0:0x00000000
       35145000	      3513	80003bc8	00000013	addi	x0,x0,0	  x0:0x00000000
       35155000	      3514	80003bcc	041f5063	bge	x30,x1,80003c0c	 x30:0x00000000  x1:0x14569669
       35165000	      3515	80003bd0	01e61493	slli	x9,x12,0x1e	 x12:0x00000000  x9=0x00000000
       35175000	      3516	80003bd4	0882be13	sltiu	x28,x5,136	  x5:0x653275b7 x28=0x00000000
       35185000	      3517	80003bd8	019e8a63	beq	x29,x25,80003bec	 x29:0x00000001 x25:0x00000067
       35195000	      3518	80003bdc	3982f193	andi	x3,x5,920	  x5:0x653275b7  x3=0x00000190
       35205000	      3519	80003be0	00000013	addi	x0,x0,0	  x0:0x00000000
       35215000	      3520	80003be4	fe732113	slti	x2,x6,-25	  x6:0x0000a2b4  x2=0x00000000
       35225000	      3521	80003be8	024f7a63	bgeu	x30,x4,80003c1c	 x30:0x00000000  x4:0x335c0840
       35235000	      3522	80003bec	01a15693	srli	x13,x2,0x1a	  x2:0x00000000 x13=0x00000000
       35245000	      3523	80003bf0	00fe0d33	add	x26,x28,x15	 x28:0x00000000 x15:0x00000000 x26=0x00000000
       35255000	      3524	80003bf4	408f0233	sub	x4,x30,x8	 x30:0x00000000  x8:0x00000000  x4=0x00000000
       35265000	      3525	80003bf8	0016c663	blt	x13,x1,80003c04	 x13:0x00000000  x1:0x14569669
       35275000	      3526	00000000	00000013	addi	x0,x0,0	  x0:0x00000000
       35285000	      3527	80003c00	00000013	addi	x0,x0,0	  x0:0x00000000
       35295000	      3528	80003c04	0099b133	sltu	x2,x19,x9	 x19:0x652c05b7  x9:0x00000000  x2=0x00000000
       35305000	      3529	80003c08	bf256597	auipc	x11,0xbf256	 x11=0x3f259c04
       35315000	      3530	80003c0c	00e035b3	sltu	x11,x0,x14	  x0:0x00000000 x14:0x402925a0 x11=0x00000001
       35325000	      3531	80003c10	e9d7bd13	sltiu	x26,x15,-355	 x15:0x00000000 x26=0x00000001
       35335000	      3532	80003c14	01b38db3	add	x27,x7,x27	  x7:0x14569001 x27:0x00000001 x27=0x14569002
       35345000	      3533	80003c18	015ede13	srli	x28,x29,0x15	 x29:0x00000001 x28=0x00000000
       35355000	      3534	80003c1c	01feea63	bltu	x29,x31,80003c30	 x29:0x00000001 x31:0x0000025a
       35365000	      3535	00000000	00000013	addi	x0,x0,0	  x0:0x00000000
       35375000	      3536	80003c2c	00000013	addi	x0,x0,0	  x0:0x00000000
       35385000	      3537	80003c30	26acab93	slti	x23,x25,618	 x25:0x00000067 x23=0x00000001
       35395000	      3538	80003c34	419003b3	sub	x7,x0,x25	  x0:0x00000000 x25:0x00000067  x7=0xffffff99
       35405000	      3539	80003c38	02058a63	beq	x11,x0,80003c6c	 x11:0x00000001  x0:0x00000000
       35415000	      3540	80003c3c	22077213	andi	x4,x14,544	 x14:0x402925a0  x4=0x00000020
       35425000	      3541	80003c40	00995bb3	srl	x23,x18,x9	 x18:0xfffffa95  x9:0x00000000 x23=0xfffffa95
       35435000	      3542	80003c44	00b95d13	srli	x26,x18,0xb	 x18:0xfffffa95 x26=0x001fffff
       35445000	      3543	80003c48	00455093	srli	x1,x10,0x4	 x10:0x80009f4c  x1=0x080009f4
       35455000	      3544	80003c4c	028c6063	bltu	x24,x8,80003c6c	 x24:0x00000000  x8:0x00000000
       35465000	      3545	80003c50	2755c713	xori	x14,x11,629	 x11:0x00000001 x14=0x00000274
       35475000	      3546	80003c54	003d1093	slli	x1,x26,0x3	 x26:0x001fffff  x1=0x00fffff8
       35485000	      3547	80003c58	034a0463	beq	x20,x20,80003c80	 x20:0x00000000 x20:0x00000000
       35495000	      3548	00000000	00000013	addi	x0,x0,0	  x0:0x00000000
       35505000	      3549	80003c7c	00000013	addi	x0,x0,0	  x0:0x00000000
       35515000	      3550	80003c80	01209133	sll	x2,x1,x18	  x1:0x00fffff8 x18:0xfffffa95  x2=0xff000000
       35525000	      3551	80003c84	018e7433	and	x8,x28,x24	 x28:0x00000000 x24:0x00000000  x8=0x00000000
       35535000	      3552	80003c88	d083e713	ori	x14,x7,-760	  x7:0xffffff99 x14=0xffffff99
       35545000	      3553	80003c8c	001cdb93	srli	x23,x25,0x1	 x25:0x00000067 x23=0x00000033
       35555000	      3554	80003c90	8e56fd93	andi	x27,x13,-1819	 x13:0x00000000 x27=0x00000000
       35565000	      3555	80003c94	01e7ccb3	xor	x25,x15,x30	 x15:0x00000000 x30:0x00000000 x25=0x00000000
       35575000	      3556	80003c98	04d24063	blt	x4,x13,80003cd8	  x4:0x00000020 x13:0x00000000
       35585000	      3557	80003c9c	00139013	slli	x0,x7,0x1	  x7:0xffffff99
       35595000	      3558	80003ca0	4970f413	andi	x8,x1,1175	  x1:0x00fffff8  x8=0x00000490
       35605000	      3559	80003ca4	0169ce63	blt	x19,x22,80003cc0	 x19:0x652c05b7 x22:0x80009fc4
       35615000	      3560	80003ca8	404b5593	srai	x11,x22,0x4	 x22:0x80009fc4 x11=0xf80009fc
       35625000	      3561	80003cac	016ed893	srli	x17,x29,0x16	 x29:0x00000001 x17=0x00000000
       35635000	      3562	80003cb0	c2f02e93	slti	x29,x0,-977	  x0:0x00000000 x29=0x00000000
       35645000	      3563	80003cb4	41865593	srai	x11,x12,0x18	 x12:0x00000000 x11=0x00000000
       35655000	      3564	80003cb8	419855b3	sra	x11,x16,x25	 x16:0x00067000 x25:0x00000000 x11=0x00067000
       35665000	      3565	80003cbc	00619e13	slli	x28,x3,0x6	  x3:0x00000190 x28=0x00006400
       35675000	      3566	80003cc0	33fb2393	slti	x7,x22,831	 x22:0x80009fc4  x7=0x00000001
       35685000	      3567	80003cc4	41cfdc93	srai	x25,x31,0x1c	 x31:0x0000025a x25=0x00000000
       35695000	      3568	80003cc8	7bb12793	slti	x15,x2,1979	  x2:0xff000000 x15=0x00000001
       35705000	      3569	80003ccc	04f1f463	bgeu	x3,x15,80003d14	  x3:0x00000190 x15:0x00000001
       35715000	      3570	00000000	00000013	addi	x0,x0,0	  x0:0x00000000
       35725000	      3571	80003d10	00000013	addi	x0,x0,0	  x0:0x00000000
       35735000	      3572	80003d14	ec93e713	ori	x14,x7,-311	  x7:0x00000001 x14=0xfffffec9
       35745000	      3573	80003d18	01f55663	bge	x10,x31,80003d24	 x10:0x80009f4c x31:0x0000025a
       35755000	      3574	80003d1c	012b51b3	srl	x3,x22,x18	 x22:0x80009fc4 x18:0xfffffa95  x3=0x00000400
       35765000	      3575	80003d20	00b69cb3	sll	x25,x13,x11	 x13:0x00000000 x11:0x00067000 x25=0x00000000
       35775000	      3576	80003d24	01a03133	sltu	x2,x0,x26	  x0:0x00000000 x26:0x001fffff  x2=0x00000001
       35785000	      3577	80003d28	01098633	add	x12,x19,x16	 x19:0x652c05b7 x16:0x00067000 x12=0x653275b7
       35795000	      3578	80003d2c	023f0a63	beq	x30,x3,80003d60	 x30:0x00000000  x3:0x00000400
       35805000	      3579	80003d30	00124333	xor	x6,x4,x1	  x4:0x00000020  x1:0x00fffff8  x6=0x00ffffd8
       35815000	      3580	80003d34	02fc9e63	bne	x25,x15,80003d70	 x25:0x00000000 x15:0x00000001
       35825000	      3581	00000000	00000013	addi	x0,x0,0	  x0:0x00000000
       35835000	      3582	80003d6c	00000013	addi	x0,x0,0	  x0:0x00000000
       35845000	      3583	80003d70	03b10663	beq	x2,x27,80003d9c	  x2:0x00000001 x27:0x00000000
       35855000	      3584	80003d74	e0f8e8b7	lui	x17,0xe0f8e	 x17=0xe0f8e000
       35865000	      3585	80003d78	5f5ffd93	andi	x27,x31,1525	 x31:0x0000025a x27=0x00000050
       35875000	      3586	80003d7c	003b3333	sltu	x6,x22,x3	 x22:0x80009fc4  x3:0x00000400  x6=0x00000000
       35885000	      3587	80003d80	0002d7b3	srl	x15,x5,x0	  x5:0x653275b7  x0:0x00000000 x15=0x653275b7
       35895000	      3588	80003d84	72154e97	auipc	x29,0x72154	 x29=0xf2157d80
       35905000	      3589	80003d88	76967a13	andi	x20,x12,1897	 x12:0x653275b7 x20=0x00000521
       35915000	      3590	80003d8c	7514c713	xori	x14,x9,1873	  x9:0x00000000 x14=0x00000751
       35925000	      3591	80003d90	016f5f33	srl	x30,x30,x22	 x30:0x00000000 x22:0x80009fc4 x30=0x00000000
       35935000	      3592	80003d94	01f535b3	sltu	x11,x10,x31	 x10:0x80009f4c x31:0x0000025a x11=0x00000000
       35945000	      3593	80003d98	00cce9b3	or	x19,x25,x12	 x25:0x00000000 x12:0x653275b7 x19=0x653275b7
       35955000	      3594	80003d9c	00813633	sltu	x12,x2,x8	  x2:0x00000001  x8:0x00000490 x12=0x00000001
       35965000	      3595	80003da0	000c9433	sll	x8,x25,x0	 x25:0x00000000  x0:0x00000000  x8=0x00000000
       35975000	      3596	80003da4	8b397e13	andi	x28,x18,-1869	 x18:0xfffffa95 x28=0xfffff891
       35985000	      3597	80003da8	059df463	bgeu	x27,x25,80003df0	 x27:0x00000050 x25:0x00000000
       35995000	      3598	00000000	00000013	addi	x0,x0,0	  x0:0x00000000
       36005000	      3599	80003dec	00000013	addi	x0,x0,0	  x0:0x00000000
       36015000	      3600	80003df0	00081793	slli	x15,x16,0x0	 x16:0x00067000 x15=0x00067000
       36025000	      3601	80003df4	0160f833	and	x16,x1,x22	  x1:0x00fffff8 x22:0x80009fc4 x16=0x00009fc0
       36035000	      3602	80003df8	c835ba93	sltiu	x21,x11,-893	 x11:0x00000000 x21=0x00000001
       36045000	      3603	80003dfc	40f1d1b3	sra	x3,x3,x15	  x3:0x00000400 x15:0x00067000  x3=0x00000400
       36055000	      3604	80003e00	0409c663	blt	x19,x0,80003e4c	 x19:0x653275b7  x0:0x00000000
       36065000	      3605	80003e04	05521063	bne	x4,x21,80003e44	  x4:0x00000020 x21:0x00000001
       36075000	      3606	00000000	00000013	addi	x0,x0,0	  x0:0x00000000
       36085000	      3607	80003e40	00000013	addi	x0,x0,0	  x0:0x00000000
       36095000	      3608	80003e44	00000013	addi	x0,x0,0	  x0:0x00000000
       36105000	      3609	80003e48	01f85263	bge	x16,x31,80003e4c	 x16:0x00009fc0 x31:0x0000025a
       36115000	      3610	00000000	00000013	addi	x0,x0,0	  x0:0x00000000
       36125000	      3611	80003e48	00000013	addi	x0,x0,0	  x0:0x00000000
       36135000	      3612	80003e4c	040bc063	blt	x23,x0,80003e8c	 x23:0x00000033  x0:0x00000000
       36145000	      3613	80003e50	05af1063	bne	x30,x26,80003e90	 x30:0x00000000 x26:0x001fffff
       36155000	      3614	00000000	00000013	addi	x0,x0,0	  x0:0x00000000
       36165000	      3615	80003e8c	00000013	addi	x0,x0,0	  x0:0x00000000
       36175000	      3616	80003e90	004fadb3	slt	x27,x31,x4	 x31:0x0000025a  x4:0x00000020 x27=0x00000000
       36185000	      3617	80003e94	d7201397	auipc	x7,0xd7201	  x7=0x57204e90
       36195000	      3618	80003e98	019440b3	xor	x1,x8,x25	  x8:0x00000000 x25:0x00000000  x1=0x00000000
       36205000	      3619	80003e9c	0265fe63	bgeu	x11,x6,80003ed8	 x11:0x00000000  x6:0x00000000
       36215000	      3620	00000000	00000013	addi	x0,x0,0	  x0:0x00000000
       36225000	      3621	80003ed4	00000013	addi	x0,x0,0	  x0:0x00000000
       36235000	      3622	80003ed8	57390413	addi	x8,x18,1395	 x18:0xfffffa95  x8=0x00000008
       36245000	      3623	80003edc	403a5f13	srai	x30,x20,0x3	 x20:0x00000521 x30=0x000000a4
       36255000	      3624	80003ee0	008e1693	slli	x13,x28,0x8	 x28:0xfffff891 x13=0xfff89100
       36265000	      3625	80003ee4	01c42313	slti	x6,x8,28	  x8:0x00000008  x6=0x00000001
       36275000	      3626	80003ee8	b9d68393	addi	x7,x13,-1123	 x13:0xfff89100  x7=0xfff88c9d
       36285000	      3627	80003eec	7b66aa93	slti	x21,x13,1974	 x13:0xfff89100 x21=0x00000001
       36295000	      3628	80003ef0	4041d793	srai	x15,x3,0x4	  x3:0x00000400 x15=0x00000040
       36305000	      3629	80003ef4	00000013	addi	x0,x0,0	  x0:0x00000000
       36315000	      3630	80003ef8	01a72c33	slt	x24,x14,x26	 x14:0x00000751 x26:0x001fffff x24=0x00000001
       36325000	      3631	80003efc	00c7e033	or	x0,x15,x12	 x15:0x00000040 x12:0x00000001
       36335000	      3632	80003f00	01cfe4b3	or	x9,x31,x28	 x31:0x0000025a x28:0xfffff891  x9=0xfffffadb
       36345000	      3633	80003f04	410ddf33	sra	x30,x27,x16	 x27:0x00000000 x16:0x00009fc0 x30=0x00000000
       36355000	      3634	80003f08	00596a63	bltu	x18,x5,80003f1c	 x18:0xfffffa95  x5:0x653275b7
       36365000	      3635	80003f0c	00cb7cb3	and	x25,x22,x12	 x22:0x80009fc4 x12:0x00000001 x25=0x00000000
       36375000	      3636	80003f10	01c373b3	and	x7,x6,x28	  x6:0x00000001 x28:0xfffff891  x7=0x00000001
       36385000	      3637	80003f14	1caeb393	sltiu	x7,x29,458	 x29:0xf2157d80  x7=0x00000000
       36395000	      3638	80003f18	027a5c63	bge	x20,x7,80003f50	 x20:0x00000521  x7:0x00000000
       36405000	      3639	00000000	00000013	addi	x0,x0,0	  x0:0x00000000
       36415000	      3640	80003f4c	00000013	addi	x0,x0,0	  x0:0x00000000
       36425000	      3641	80003f50	00751a13	slli	x20,x10,0x7	 x10:0x80009f4c x20=0x004fa600
       36435000	      3642	80003f54	1154c093	xori	x1,x9,277	  x9:0xfffffadb  x1=0xfffffbce
       36445000	      3643	80003f58	404c5d93	srai	x27,x24,0x4	 x24:0x00000001 x27=0x00000000
       36455000	      3644	80003f5c	942af313	andi	x6,x21,-1726	 x21:0x00000001  x6=0x00000000
       36465000	      3645	80003f60	00000013	addi	x0,x0,0	  x0:0x00000000
       36475000	      3646	80003f64	00a321b3	slt	x3,x6,x10	  x6:0x00000000 x10:0x80009f4c  x3=0x00000000
       36485000	      3647	80003f68	00000013	addi	x0,x0,0	  x0:0x00000000
       36495000	      3648	80003f6c	d76be417	auipc	x8,0xd76be	  x8=0x576c1f68
       36505000	      3649	80003f70	40f3dc13	srai	x24,x7,0xf	  x7:0x00000000 x24=0x00000000
       36515000	      3650	80003f74	000fe113	ori	x2,x31,0	 x31:0x0000025a  x2=0x0000025a
       36525000	      3651	80003f78	00f56933	or	x18,x10,x15	 x10:0x80009f4c x15:0x00000040 x18=0x80009f4c
       36535000	      3652	80003f7c	008cea63	bltu	x25,x8,80003f90	 x25:0x00000000  x8:0x576c1f68
       36545000	      3653	00000000	00000013	addi	x0,x0,0	  x0:0x00000000
       36555000	      3654	80003f8c	00000013	addi	x0,x0,0	  x0:0x00000000
       36565000	      3655	80003f90	05edc263	blt	x27,x30,80003fd4	 x27:0x00000000 x30:0x00000000
       36575000	      3656	80003f94	404f5193	srai	x3,x30,0x4	 x30:0x00000000  x3=0x00000000
       36585000	      3657	80003f98	703ce093	ori	x1,x25,1795	 x25:0x00000000  x1=0x00000703
       36595000	      3658	80003f9c	01c5f4b3	and	x9,x11,x28	 x11:0x00000000 x28:0xfffff891  x9=0x00000000
       36605000	      3659	80003fa0	00d37ab3	and	x21,x6,x13	  x6:0x00000000 x13:0xfff89100 x21=0x00000000
       36615000	      3660	80003fa4	00220fb3	add	x31,x4,x2	  x4:0x00000020  x2:0x0000025a x31=0x0000027a
       36625000	      3661	80003fa8	daa3ae13	slti	x28,x7,-598	  x7:0x00000000 x28=0x00000000
       36635000	      3662	80003fac	01e2fbb3	and	x23,x5,x30	  x5:0x653275b7 x30:0x00000000 x23=0x00000000
       36645000	      3663	80003fb0	001d6633	or	x12,x26,x1	 x26:0x001fffff  x1:0x00000703 x12=0x001fffff
       36655000	      3664	80003fb4	02bfd063	bge	x31,x11,80003fd4	 x31:0x0000027a x11:0x00000000
       36665000	      3665	00000000	00000013	addi	x0,x0,0	  x0:0x00000000
       36675000	      3666	80003fd0	00000013	addi	x0,x0,0	  x0:0x00000000
       36685000	      3667	80003fd4	014efbb3	and	x23,x29,x20	 x29:0xf2157d80 x20:0x004fa600 x23=0x00052400
       36695000	      3668	80003fd8	01005493	srli	x9,x0,0x10	  x0:0x00000000  x9=0x00000000
       36705000	      3669	80003fdc	6f22f693	andi	x13,x5,1778	  x5:0x653275b7 x13=0x000004b2
       36715000	      3670	80003fe0	e60bc097	auipc	x1,0xe60bc	  x1=0x660bffdc
       36725000	      3671	80003fe4	41ba56b3	sra	x13,x20,x27	 x20:0x004fa600 x27:0x00000000 x13=0x004fa600
       36735000	      3672	80003fe8	01e48133	add	x2,x9,x30	  x9:0x00000000 x30:0x00000000  x2=0x00000000
       36745000	      3673	80003fec	011fd833	srl	x16,x31,x17	 x31:0x0000027a x17:0xe0f8e000 x16=0x0000027a
       36755000	      3674	80003ff0	010d9663	bne	x27,x16,80003ffc	 x27:0x00000000 x16:0x0000027a
       36765000	      3675	00000000	00000013	addi	x0,x0,0	  x0:0x00000000
       36775000	      3676	80003ff8	00000013	addi	x0,x0,0	  x0:0x00000000
       36785000	      3677	80003ffc	00ef9e63	bne	x31,x14,80004018	 x31:0x0000027a x14:0x00000751
       36795000	      3678	00000000	00000013	addi	x0,x0,0	  x0:0x00000000
       36805000	      3679	80004014	00000013	addi	x0,x0,0	  x0:0x00000000
       36815000	      3680	80004018	01b0f5b3	and	x11,x1,x27	  x1:0x660bffdc x27:0x00000000 x11=0x00000000
       36825000	      3681	8000401c	98999bb7	lui	x23,0x98999	 x23=0x98999000
       36835000	      3682	80004020	78bef117	auipc	x2,0x78bef	  x2=0xf8bf301c
       36845000	      3683	80004024	c1890713	addi	x14,x18,-1000	 x18:0x80009f4c x14=0x80009b64
       36855000	      3684	80004028	40475f13	srai	x30,x14,0x4	 x14:0x80009b64 x30=0xf80009b6
       36865000	      3685	8000402c	01a81693	slli	x13,x16,0x1a	 x16:0x0000027a x13=0xe8000000
       36875000	      3686	80004030	01672f33	slt	x30,x14,x22	 x14:0x80009b64 x22:0x80009fc4 x30=0x00000001
       36885000	      3687	80004034	02fe0093	addi	x1,x28,47	 x28:0x00000000  x1=0x0000002f
       36895000	      3688	80004038	d978bf93	sltiu	x31,x17,-617	 x17:0xe0f8e000 x31=0x00000001
       36905000	      3689	8000403c	6aab0813	addi	x16,x22,1706	 x22:0x80009fc4 x16=0x8000a66e
       36915000	      3690	80004040	40eb5413	srai	x8,x22,0xe	 x22:0x80009fc4  x8=0xfffe0002
       36925000	      3691	80004044	014d1f13	slli	x30,x26,0x14	 x26:0x001fffff x30=0xfff00000
       36935000	      3692	80004048	001ddbb3	srl	x23,x27,x1	 x27:0x00000000  x1:0x0000002f x23=0x00000000
       36945000	      3693	8000404c	21d9f893	andi	x17,x19,541	 x19:0x653275b7 x17=0x00000015
       36955000	      3694	80004050	03496063	bltu	x18,x20,80004070	 x18:0x80009f4c x20:0x004fa600
       36965000	      3695	80004054	7ac1b093	sltiu	x1,x3,1964	  x3:0x00000000  x1=0x00000001
       36975000	      3696	80004058	00f99db3	sll	x27,x19,x15	 x19:0x653275b7 x15:0x00000040 x27=0x653275b7
       36985000	      3697	8000405c	011eba33	sltu	x20,x29,x17	 x29:0xf2157d80 x17:0x00000015 x20=0x00000000
       36995000	      3698	80004060	73e6fa93	andi	x21,x13,1854	 x13:0xe8000000 x21=0x00000000
       37005000	      3699	80004064	006a85b3	add	x11,x21,x6	 x21:0x00000000  x6:0x00000000 x11=0x00000000
       37015000	      3700	80004068	0174e663	bltu	x9,x23,80004074	  x9:0x00000000 x23:0x00000000
       37025000	      3701	8000406c	c1c2df97	auipc	x31,0xc1c2d	 x31=0x41c31068
       37035000	      3702	80004070	41260933	sub	x18,x12,x18	 x12:0x001fffff x18:0x80009f4c x18=0x801f60b3
       37045000	      3703	80004074	00755c93	srli	x25,x10,0x7	 x10:0x80009f4c x25=0x0100013e
       37055000	      3704	80004078	00920ab3	add	x21,x4,x9	  x4:0x00000020  x9:0x00000000 x21=0x00000020
       37065000	      3705	8000407c	dfe0bd93	sltiu	x27,x1,-514	  x1:0x00000001 x27=0x00000001
       37075000	      3706	80004080	00452183	lw	x3,4(x10)	 x10:0x80009f4c  x3=0x80000330 PA:0x80009f50
       37085000	      3707	80004084	03850513	addi	x10,x10,56	 x10:0x80009f4c x10=0x80009f84
       37095000	      3708	80004088	ed198437	lui	x8,0xed198	  x8=0xed198000
       37105000	      3709	8000408c	00018e93	addi	x29,x3,0	  x3:0x80000330 x29=0x80000330
       37115000	      3710	80004090	000e8ee7	jalr	x29,x29,0	 x29:0x80000330 x29=0x80004090
       37125000	      3711	00000000	00000013	addi	x0,x0,0	  x0:0x00000000
       37135000	      3712	80000330	00000013	addi	x0,x0,0	  x0:0x00000000
       37145000	      3713	80000334	01cee863	bltu	x29,x28,80000344	 x29:0x80004090 x28:0x00000000
       37155000	      3714	80000338	01821a93	slli	x21,x4,0x18	  x4:0x00000020 x21=0x20000000
       37165000	      3715	8000033c	410a5233	sra	x4,x20,x16	 x20:0x00000000 x16:0x8000a66e  x4=0x00000000
       37175000	      3716	80000340	649eae13	slti	x28,x29,1609	 x29:0x80004090 x28=0x00000001
       37185000	      3717	80000344	000726b3	slt	x13,x14,x0	 x14:0x80009b64  x0:0x00000000 x13=0x00000001
       37195000	      3718	80000348	0125d033	srl	x0,x11,x18	 x11:0x00000000 x18:0x801f60b3
       37205000	      3719	8000034c	ef1ccf13	xori	x30,x25,-271	 x25:0x0100013e x30=0xfeffffcf
       37215000	      3720	80000350	01f9c4b3	xor	x9,x19,x31	 x19:0x653275b7 x31:0x41c31068  x9=0x24f165df
       37225000	      3721	80000354	01ad9e13	slli	x28,x27,0x1a	 x27:0x00000001 x28=0x04000000
       37235000	      3722	80000358	007ec3b3	xor	x7,x29,x7	 x29:0x80004090  x7:0x00000000  x7=0x80004090
       37245000	      3723	8000035c	00a696b3	sll	x13,x13,x10	 x13:0x00000001 x10:0x80009f84 x13=0x00000010
       37255000	      3724	80000360	01bb05b3	add	x11,x22,x27	 x22:0x80009fc4 x27:0x00000001 x11=0x80009fc5
       37265000	      3725	80000364	012b5893	srli	x17,x22,0x12	 x22:0x80009fc4 x17=0x00002000
       37275000	      3726	80000368	008a31b3	sltu	x3,x20,x8	 x20:0x00000000  x8:0xed198000  x3=0x00000001
       37285000	      3727	8000036c	842ea113	slti	x2,x29,-1982	 x29:0x80004090  x2=0x00000001
       37295000	      3728	80000370	018a1693	slli	x13,x20,0x18	 x20:0x00000000 x13=0x00000000
       37305000	      3729	80000374	014c0a33	add	x20,x24,x20	 x24:0x00000000 x20:0x00000000 x20=0x00000000
       37315000	      3730	80000378	008c9693	slli	x13,x25,0x8	 x25:0x0100013e x13=0x00013e00
       37325000	      3731	8000037c	0157eeb3	or	x29,x15,x21	 x15:0x00000040 x21:0x20000000 x29=0x20000040
       37335000	      3732	80000380	41c656b3	sra	x13,x12,x28	 x12:0x001fffff x28:0x04000000 x13=0x001fffff
       37345000	      3733	80000384	01054033	xor	x0,x10,x16	 x10:0x80009f84 x16:0x8000a66e
       37355000	      3734	80000388	008f7a63	bgeu	x30,x8,8000039c	 x30:0xfeffffcf  x8:0xed198000
       37365000	      3735	00000000	00000013	addi	x0,x0,0	  x0:0x00000000
       37375000	      3736	80000398	00000013	addi	x0,x0,0	  x0:0x00000000
       37385000	      3737	8000039c	0174ccb3	xor	x25,x9,x23	  x9:0x24f165df x23:0x00000000 x25=0x24f165df
       37395000	      3738	800003a0	00000297	auipc	x5,0x0	  x5=0x8000039c
       37405000	      3739	800003a4	00c28293	addi	x5,x5,12	  x5:0x8000039c  x5=0x800003a8
       37415000	      3740	800003a8	00028067	jalr	x0,x5,0	  x5:0x800003a8
       37425000	      3741	00000000	00000013	addi	x0,x0,0	  x0:0x00000000
       37435000	      3742	800003a8	00000013	addi	x0,x0,0	  x0:0x00000000
       37445000	      3743	800003ac	00100193	addi	x3,x0,1	  x0:0x00000000  x3=0x00000001
       37455000	      3744	800003b0	00000073	ecall	
       37465000	      3745	800003b4	01365663	bge	x12,x19,800003c0	 x12:0x001fffff x19:0x653275b7
