		Time			Cycle	PC		Insn	Decoded instruction	Register and memory contents
          65000	         5	80000004	00000293	addi	x5,x0,0	  x0:0x00000000  x5=0x00000000
          75000	         6	80000008	00000313	addi	x6,x0,0	  x0:0x00000000  x6=0x00000000
          85000	         7	8000000c	00628263	beq	x5,x6,80000010	  x5:0x00000000  x6:0x00000000
          95000	         8	00000000	00000013	addi	x0,x0,0	  x0:0x00000000
         105000	         9	8000000c	00000013	addi	x0,x0,0	  x0:0x00000000
         115000	        10	80000010	00000117	auipc	x2,0x0	  x2=0x8000000c
         125000	        11	80000014	00c10113	addi	x2,x2,12	  x2:0x8000000c  x2=0x80000018
         135000	        12	80000018	00010067	jalr	x0,x2,0	  x2:0x80000018
         145000	        13	00000000	00000013	addi	x0,x0,0	  x0:0x00000000
         155000	        14	80000018	00000013	addi	x0,x0,0	  x0:0x00000000
         165000	        15	8000001c	400006b7	lui	x13,0x40000	 x13=0x40000000
         175000	        16	80000020	10068693	addi	x13,x13,256	 x13:0x40000000 x13=0x40000100
         185000	        17	80000024	00000013	addi	x0,x0,0	  x0:0x00000000
         195000	        18	80000028	0000aa17	auipc	x20,0xa	 x20=0x8000a024
         205000	        19	8000002c	fa0a0a13	addi	x20,x20,-96	 x20:0x8000a024 x20=0x80009fc4
         215000	        20	80000030	00007697	auipc	x13,0x7	 x13=0x8000702c
         225000	        21	80000034	37468693	addi	x13,x13,884	 x13:0x8000702c x13=0x800073a0
         235000	        22	80000038	0016e693	ori	x13,x13,1	 x13:0x800073a0 x13=0x800073a1
         245000	        23	8000003c	00000013	addi	x0,x0,0	  x0:0x00000000
         255000	        24	80000040	00000697	auipc	x13,0x0	 x13=0x8000003c
         265000	        25	80000044	02068693	addi	x13,x13,32	 x13:0x8000003c x13=0x8000005c
         275000	        26	80000048	00000013	addi	x0,x0,0	  x0:0x00000000
         285000	        27	8000004c	00000013	addi	x0,x0,0	  x0:0x00000000
         295000	        28	80000050	000026b7	lui	x13,0x2	 x13=0x00002000
         305000	        29	80000054	80068693	addi	x13,x13,-2048	 x13:0x00002000 x13=0x00001800
         315000	        30	80000058	00000013	addi	x0,x0,0	  x0:0x00000000
         325000	        31	8000005c	00000013	addi	x0,x0,0	  x0:0x00000000
         335000	        32	80000060	80000037	lui	x0,0x80000	
         345000	        33	80000064	00000013	addi	x0,x0,0	  x0:0x00000000
         355000	        34	80000068	61c390b7	lui	x1,0x61c39	  x1=0x61c39000
         365000	        35	8000006c	b1008093	addi	x1,x1,-1264	  x1:0x61c39000  x1=0x61c38b10
         375000	        36	80000070	80000137	lui	x2,0x80000	  x2=0x80000000
         385000	        37	80000074	00200193	addi	x3,x0,2	  x0:0x00000000  x3=0x00000002
         395000	        38	80000078	80000237	lui	x4,0x80000	  x4=0x80000000
         405000	        39	8000007c	00000293	addi	x5,x0,0	  x0:0x00000000  x5=0x00000000
         415000	        40	80000080	80000337	lui	x6,0x80000	  x6=0x80000000
         425000	        41	80000084	800003b7	lui	x7,0x80000	  x7=0x80000000
         435000	        42	80000088	80000437	lui	x8,0x80000	  x8=0x80000000
         445000	        43	8000008c	800004b7	lui	x9,0x80000	  x9=0x80000000
         455000	        44	80000090	00700513	addi	x10,x0,7	  x0:0x00000000 x10=0x00000007
         465000	        45	80000094	00500593	addi	x11,x0,5	  x0:0x00000000 x11=0x00000005
         475000	        46	80000098	00000613	addi	x12,x0,0	  x0:0x00000000 x12=0x00000000
         485000	        47	8000009c	00100693	addi	x13,x0,1	  x0:0x00000000 x13=0x00000001
         495000	        48	800000a0	fab4d737	lui	x14,0xfab4d	 x14=0xfab4d000
         505000	        49	800000a4	a1e70713	addi	x14,x14,-1506	 x14:0xfab4d000 x14=0xfab4ca1e
         515000	        50	800000a8	00800793	addi	x15,x0,8	  x0:0x00000000 x15=0x00000008
         525000	        51	800000ac	00000813	addi	x16,x0,0	  x0:0x00000000 x16=0x00000000
         535000	        52	800000b0	f6af68b7	lui	x17,0xf6af6	 x17=0xf6af6000
         545000	        53	800000b4	ebc88893	addi	x17,x17,-324	 x17:0xf6af6000 x17=0xf6af5ebc
         555000	        54	800000b8	ff80e937	lui	x18,0xff80e	 x18=0xff80e000
         565000	        55	800000bc	1b590913	addi	x18,x18,437	 x18:0xff80e000 x18=0xff80e1b5
         575000	        56	800000c0	800009b7	lui	x19,0x80000	 x19=0x80000000
         585000	        57	800000c4	00e00a93	addi	x21,x0,14	  x0:0x00000000 x21=0x0000000e
         595000	        58	800000c8	fb8dcb37	lui	x22,0xfb8dc	 x22=0xfb8dc000
         605000	        59	800000cc	8bbb0b13	addi	x22,x22,-1861	 x22:0xfb8dc000 x22=0xfb8db8bb
         615000	        60	800000d0	00000b93	addi	x23,x0,0	  x0:0x00000000 x23=0x00000000
         625000	        61	800000d4	80000c37	lui	x24,0x80000	 x24=0x80000000
         635000	        62	800000d8	ffee5cb7	lui	x25,0xffee5	 x25=0xffee5000
         645000	        63	800000dc	22fc8c93	addi	x25,x25,559	 x25:0xffee5000 x25=0xffee522f
         655000	        64	800000e0	00000d13	addi	x26,x0,0	  x0:0x00000000 x26=0x00000000
         665000	        65	800000e4	60be0db7	lui	x27,0x60be0	 x27=0x60be0000
         675000	        66	800000e8	d7dd8d93	addi	x27,x27,-643	 x27:0x60be0000 x27=0x60bdfd7d
         685000	        67	800000ec	80000e37	lui	x28,0x80000	 x28=0x80000000
         695000	        68	800000f0	00000e93	addi	x29,x0,0	  x0:0x00000000 x29=0x00000000
         705000	        69	800000f4	f23a9fb7	lui	x31,0xf23a9	 x31=0xf23a9000
         715000	        70	800000f8	7f1f8f93	addi	x31,x31,2033	 x31:0xf23a9000 x31=0xf23a97f1
         725000	        71	800000fc	0000af17	auipc	x30,0xa	 x30=0x8000a0f8
         735000	        72	80000100	e8cf0f13	addi	x30,x30,-372	 x30:0x8000a0f8 x30=0x80009f84
         745000	        73	80000104	00008b17	auipc	x22,0x8	 x22=0x80008100
         755000	        74	80000108	663b0b13	addi	x22,x22,1635	 x22:0x80008100 x22=0x80008763
         765000	        75	8000010c	00e51db3	sll	x27,x10,x14	 x10:0x00000007 x14:0xfab4ca1e x27=0xc0000000
         775000	        76	80000110	ff8b0a83	lb	x21,-8(x22)	 x22:0x80008763 x21=0x00000000 PA:0x8000875b
         785000	        77	80000114	fffb0183	lb	x3,-1(x22)	 x22:0x80008763  x3=0x00000000 PA:0x80008762
         795000	        78	80000118	00d6a9b3	slt	x19,x13,x13	 x13:0x00000001 x13:0x00000001 x19=0x00000000
         805000	        79	8000011c	014f5c13	srli	x24,x30,0x14	 x30:0x80009f84 x24=0x00000800
         815000	        80	80000120	011b0323	sb	x17,6(x22)	 x22:0x80008763 x17:0xf6af5ebc PA:0x80008769
         825000	        81	80000124	007e1033	sll	x0,x28,x7	 x28:0x80000000  x7:0x80000000
         835000	        82	80000128	ffbb0183	lb	x3,-5(x22)	 x22:0x80008763  x3=0x00000000 PA:0x8000875e
         845000	        83	8000012c	017b13a3	sh	x23,7(x22)	 x22:0x80008763 x23:0x00000000 PA:0x8000876a
         855000	        84	80000130	4124d4b3	sra	x9,x9,x18	  x9:0x80000000 x18:0xff80e1b5  x9=0xfffffc00
         865000	        85	80000134	00eb4e03	lbu	x28,14(x22)	 x22:0x80008763 x28=0x00000000 PA:0x80008771
         875000	        86	80000138	008b0283	lb	x5,8(x22)	 x22:0x80008763  x5=0x00000000 PA:0x8000876b
         885000	        87	8000013c	016b24a3	sw	x22,9(x22)	 x22:0x80008763 x22:0x80008763 PA:0x8000876c
         895000	        88	80000140	7506b613	sltiu	x12,x13,1872	 x13:0x00000001 x12=0x00000001
         905000	        89	80000144	34714697	auipc	x13,0x34714	 x13=0xb4714140
         915000	        90	80000148	00000013	addi	x0,x0,0	  x0:0x00000000
         925000	        91	8000014c	017b80b3	add	x1,x23,x23	 x23:0x00000000 x23:0x00000000  x1=0x00000000
         935000	        92	80000150	0149c1b3	xor	x3,x19,x20	 x19:0x00000000 x20:0x80009fc4  x3=0x80009fc4
         945000	        93	80000154	4188d613	srai	x12,x17,0x18	 x17:0xf6af5ebc x12=0xfffffff6
         955000	        94	80000158	009b0883	lb	x17,9(x22)	 x22:0x80008763 x17=0x00000063 PA:0x8000876c
         965000	        95	8000015c	00ab0183	lb	x3,10(x22)	 x22:0x80008763  x3=0xffffff87 PA:0x8000876d
         975000	        96	80000160	00c21033	sll	x0,x4,x12	  x4:0x80000000 x12:0xfffffff6
         985000	        97	80000164	00b241b3	xor	x3,x4,x11	  x4:0x80000000 x11:0x00000005  x3=0x80000005
         995000	        98	80000168	002b0703	lb	x14,2(x22)	 x22:0x80008763 x14=0x00000000 PA:0x80008765
        1005000	        99	8000016c	ffcb0583	lb	x11,-4(x22)	 x22:0x80008763 x11=0x00000000 PA:0x8000875f
        1015000	       100	80000170	ff6b0883	lb	x17,-10(x22)	 x22:0x80008763 x17=0x00000000 PA:0x80008759
        1025000	       101	80000174	015b0623	sb	x21,12(x22)	 x22:0x80008763 x21:0x00000000 PA:0x8000876f
        1035000	       102	80000178	ff2b4903	lbu	x18,-14(x22)	 x22:0x80008763 x18=0x00000000 PA:0x80008755
        1045000	       103	8000017c	ff8b0c83	lb	x25,-8(x22)	 x22:0x80008763 x25=0x00000000 PA:0x8000875b
        1055000	       104	80000180	1573f893	andi	x17,x7,343	  x7:0x80000000 x17=0x00000000
        1065000	       105	80000184	ffcb0803	lb	x16,-4(x22)	 x22:0x80008763 x16=0x00000000 PA:0x8000875f
        1075000	       106	80000188	ff7b0f83	lb	x31,-9(x22)	 x22:0x80008763 x31=0x00000000 PA:0x8000875a
        1085000	       107	8000018c	00d1f5b3	and	x11,x3,x13	  x3:0x80000005 x13:0xb4714140 x11=0x80000000
        1095000	       108	80000190	ff0b0383	lb	x7,-16(x22)	 x22:0x80008763  x7=0x00000000 PA:0x80008753
        1105000	       109	00000000	00000013	addi	x0,x0,0	  x0:0x00000000
        1115000	       110	80000194	48e3dd37	lui	x26,0x48e3d	 x26=0x48e3d000
        1125000	       111	80000198	ff7b4c83	lbu	x25,-9(x22)	 x22:0x80008763 x25=0x00000000 PA:0x8000875a
        1135000	       112	8000019c	ff8b4983	lbu	x19,-8(x22)	 x22:0x80008763 x19=0x00000000 PA:0x8000875b
        1145000	       113	800001a0	ff5b2503	lw	x10,-11(x22)	 x22:0x80008763 x10=0x00000000 PA:0x80008758
        1155000	       114	800001a4	63aba513	slti	x10,x23,1594	 x23:0x00000000 x10=0x00000001
        1165000	       115	800001a8	001d7333	and	x6,x26,x1	 x26:0x48e3d000  x1:0x00000000  x6=0x00000000
        1175000	       116	800001ac	069bd863	bge	x23,x9,8000021c	 x23:0x00000000  x9:0xfffffc00
        1185000	       117	00000000	00000013	addi	x0,x0,0	  x0:0x00000000
        1195000	       118	80000218	00000013	addi	x0,x0,0	  x0:0x00000000
        1205000	       119	8000021c	40308933	sub	x18,x1,x3	  x1:0x00000000  x3:0x80000005 x18=0x7ffffffb
        1215000	       120	80000220	00000117	auipc	x2,0x0	  x2=0x8000021c
        1225000	       121	80000224	00c10113	addi	x2,x2,12	  x2:0x8000021c  x2=0x80000228
        1235000	       122	80000228	00010067	jalr	x0,x2,0	  x2:0x80000228
        1245000	       123	00000000	00000013	addi	x0,x0,0	  x0:0x00000000
        1255000	       124	80000228	00000013	addi	x0,x0,0	  x0:0x00000000
        1265000	       125	8000022c	00100193	addi	x3,x0,1	  x0:0x00000000  x3=0x00000001
        1275000	       126	80000230	00000073	ecall	
        1285000	       127	80000234	fc0f0f13	addi	x30,x30,-64	 x30:0x80009f84 x30=0x80009f44
