		Time			Cycle	PC		Insn	Decoded instruction	Register and memory contents
          65000	         5	80000004	00000293	addi	x5,x0,0	  x0:0x00000000  x5=0x00000000
          75000	         6	80000008	00000313	addi	x6,x0,0	  x0:0x00000000  x6=0x00000000
          85000	         7	8000000c	00628263	beq	x5,x6,80000010	  x5:0x00000000  x6:0x00000000
          95000	         8	00000000	00000013	addi	x0,x0,0	  x0:0x00000000
         105000	         9	8000000c	00000013	addi	x0,x0,0	  x0:0x00000000
         115000	        10	80000010	00000a97	auipc	x21,0x0	 x21=0x8000000c
         125000	        11	80000014	00ca8a93	addi	x21,x21,12	 x21:0x8000000c x21=0x80000018
         135000	        12	80000018	000a8067	jalr	x0,x21,0	 x21:0x80000018
         145000	        13	00000000	00000013	addi	x0,x0,0	  x0:0x00000000
         155000	        14	80000018	00000013	addi	x0,x0,0	  x0:0x00000000
         165000	        15	8000001c	40000837	lui	x16,0x40000	 x16=0x40000000
         175000	        16	80000020	10080813	addi	x16,x16,256	 x16:0x40000000 x16=0x40000100
         185000	        17	80000024	00000013	addi	x0,x0,0	  x0:0x00000000
         195000	        18	80000028	0000a317	auipc	x6,0xa	  x6=0x8000a024
         205000	        19	8000002c	fa030313	addi	x6,x6,-96	  x6:0x8000a024  x6=0x80009fc4
         215000	        20	80000030	00007817	auipc	x16,0x7	 x16=0x8000702c
         225000	        21	80000034	44480813	addi	x16,x16,1092	 x16:0x8000702c x16=0x80007470
         235000	        22	80000038	00186813	ori	x16,x16,1	 x16:0x80007470 x16=0x80007471
         245000	        23	8000003c	00000013	addi	x0,x0,0	  x0:0x00000000
         255000	        24	80000040	00000817	auipc	x16,0x0	 x16=0x8000003c
         265000	        25	80000044	02080813	addi	x16,x16,32	 x16:0x8000003c x16=0x8000005c
         275000	        26	80000048	00000013	addi	x0,x0,0	  x0:0x00000000
         285000	        27	8000004c	00000013	addi	x0,x0,0	  x0:0x00000000
         295000	        28	80000050	00002837	lui	x16,0x2	 x16=0x00002000
         305000	        29	80000054	80080813	addi	x16,x16,-2048	 x16:0x00002000 x16=0x00001800
         315000	        30	80000058	00000013	addi	x0,x0,0	  x0:0x00000000
         325000	        31	8000005c	00000013	addi	x0,x0,0	  x0:0x00000000
         335000	        32	80000060	22049037	lui	x0,0x22049	
         345000	        33	80000064	79c00013	addi	x0,x0,1948	  x0:0x00000000
         355000	        34	80000068	800000b7	lui	x1,0x80000	  x1=0x80000000
         365000	        35	8000006c	00000113	addi	x2,x0,0	  x0:0x00000000  x2=0x00000000
         375000	        36	80000070	278001b7	lui	x3,0x27800	  x3=0x27800000
         385000	        37	80000074	7d718193	addi	x3,x3,2007	  x3:0x27800000  x3=0x278007d7
         395000	        38	80000078	80000237	lui	x4,0x80000	  x4=0x80000000
         405000	        39	8000007c	00000293	addi	x5,x0,0	  x0:0x00000000  x5=0x00000000
         415000	        40	80000080	00f00393	addi	x7,x0,15	  x0:0x00000000  x7=0x0000000f
         425000	        41	80000084	00400413	addi	x8,x0,4	  x0:0x00000000  x8=0x00000004
         435000	        42	80000088	800004b7	lui	x9,0x80000	  x9=0x80000000
         445000	        43	8000008c	80000537	lui	x10,0x80000	 x10=0x80000000
         455000	        44	80000090	00b00593	addi	x11,x0,11	  x0:0x00000000 x11=0x0000000b
         465000	        45	80000094	24e94637	lui	x12,0x24e94	 x12=0x24e94000
         475000	        46	80000098	12860613	addi	x12,x12,296	 x12:0x24e94000 x12=0x24e94128
         485000	        47	8000009c	00000693	addi	x13,x0,0	  x0:0x00000000 x13=0x00000000
         495000	        48	800000a0	f02517b7	lui	x15,0xf0251	 x15=0xf0251000
         505000	        49	800000a4	2c378793	addi	x15,x15,707	 x15:0xf0251000 x15=0xf02512c3
         515000	        50	800000a8	80000837	lui	x16,0x80000	 x16=0x80000000
         525000	        51	800000ac	00200893	addi	x17,x0,2	  x0:0x00000000 x17=0x00000002
         535000	        52	800000b0	00000913	addi	x18,x0,0	  x0:0x00000000 x18=0x00000000
         545000	        53	800000b4	f8a8c9b7	lui	x19,0xf8a8c	 x19=0xf8a8c000
         555000	        54	800000b8	f8798993	addi	x19,x19,-121	 x19:0xf8a8c000 x19=0xf8a8bf87
         565000	        55	800000bc	00000a13	addi	x20,x0,0	  x0:0x00000000 x20=0x00000000
         575000	        56	800000c0	f66a2ab7	lui	x21,0xf66a2	 x21=0xf66a2000
         585000	        57	800000c4	d35a8a93	addi	x21,x21,-715	 x21:0xf66a2000 x21=0xf66a1d35
         595000	        58	800000c8	fc7d7b37	lui	x22,0xfc7d7	 x22=0xfc7d7000
         605000	        59	800000cc	e40b0b13	addi	x22,x22,-448	 x22:0xfc7d7000 x22=0xfc7d6e40
         615000	        60	800000d0	00000b93	addi	x23,x0,0	  x0:0x00000000 x23=0x00000000
         625000	        61	800000d4	80000c37	lui	x24,0x80000	 x24=0x80000000
         635000	        62	800000d8	21568cb7	lui	x25,0x21568	 x25=0x21568000
         645000	        63	800000dc	818c8c93	addi	x25,x25,-2024	 x25:0x21568000 x25=0x21567818
         655000	        64	800000e0	fdc16d37	lui	x26,0xfdc16	 x26=0xfdc16000
         665000	        65	800000e4	2d1d0d13	addi	x26,x26,721	 x26:0xfdc16000 x26=0xfdc162d1
         675000	        66	800000e8	00c00d93	addi	x27,x0,12	  x0:0x00000000 x27=0x0000000c
         685000	        67	800000ec	00f00e13	addi	x28,x0,15	  x0:0x00000000 x28=0x0000000f
         695000	        68	800000f0	f3d79eb7	lui	x29,0xf3d79	 x29=0xf3d79000
         705000	        69	800000f4	525e8e93	addi	x29,x29,1317	 x29:0xf3d79000 x29=0xf3d79525
         715000	        70	800000f8	80000f37	lui	x30,0x80000	 x30=0x80000000
         725000	        71	800000fc	c1205fb7	lui	x31,0xc1205	 x31=0xc1205000
         735000	        72	80000100	585f8f93	addi	x31,x31,1413	 x31:0xc1205000 x31=0xc1205585
         745000	        73	80000104	0000a717	auipc	x14,0xa	 x14=0x8000a100
         755000	        74	80000108	e8470713	addi	x14,x14,-380	 x14:0x8000a100 x14=0x80009f84
         765000	        75	8000010c	00008117	auipc	x2,0x8	  x2=0x80008108
         775000	        76	80000110	2b210113	addi	x2,x2,690	  x2:0x80008108  x2=0x800083ba
         785000	        77	80000114	418900b3	sub	x1,x18,x24	 x18:0x00000000 x24:0x80000000  x1=0x80000000
         795000	        78	80000118	0b414c03	lbu	x24,180(x2)	  x2:0x800083ba x24=0x00000091 PA:0x8000846e
         805000	        79	8000011c	37310283	lb	x5,883(x2)	  x2:0x800083ba  x5=0x00000066 PA:0x8000872d
         815000	        80	80000120	231101a3	sb	x17,547(x2)	  x2:0x800083ba x17:0x00000002 PA:0x800085dd
         825000	        81	80000124	f2612d03	lw	x26,-218(x2)	  x2:0x800083ba x26=0xb44db590 PA:0x800082e0
         835000	        82	80000128	09b14483	lbu	x9,155(x2)	  x2:0x800083ba  x9=0x000000c4 PA:0x80008455
         845000	        83	8000012c	00175e33	srl	x28,x14,x1	 x14:0x80009f84  x1:0x80000000 x28=0x80009f84
         855000	        84	80000130	000bc3b3	xor	x7,x23,x0	 x23:0x00000000  x0:0x00000000  x7=0x00000000
         865000	        85	80000134	116100a3	sb	x22,257(x2)	  x2:0x800083ba x22:0xfc7d6e40 PA:0x800084bb
         875000	        86	80000138	e0d10683	lb	x13,-499(x2)	  x2:0x800083ba x13=0xffffff8a PA:0x800081c7
         885000	        87	8000013c	cae109a3	sb	x14,-845(x2)	  x2:0x800083ba x14:0x80009f84 PA:0x8000806d
         895000	        88	80000140	e3914603	lbu	x12,-455(x2)	  x2:0x800083ba x12=0x000000fa PA:0x800081f3
         905000	        89	80000144	09810f23	sb	x24,158(x2)	  x2:0x800083ba x24:0x00000091 PA:0x80008458
         915000	        90	80000148	295102a3	sb	x21,645(x2)	  x2:0x800083ba x21:0xf66a1d35 PA:0x8000863f
         925000	        91	8000014c	1fe11a03	lh	x20,510(x2)	  x2:0x800083ba x20=0xffffb993 PA:0x800085b8
         935000	        92	80000150	b6a73413	sltiu	x8,x14,-1174	 x14:0x80009f84  x8=0x00000001
         945000	        93	80000154	c0f2cc93	xori	x25,x5,-1009	  x5:0x00000066 x25=0xfffffc69
         955000	        94	80000158	41c11783	lh	x15,1052(x2)	  x2:0x800083ba x15=0x000056d0 PA:0x800087d6
         965000	        95	8000015c	00205933	srl	x18,x0,x2	  x0:0x00000000  x2:0x800083ba x18=0x00000000
         975000	        96	80000160	004f35b3	sltu	x11,x30,x4	 x30:0x80000000  x4:0x80000000 x11=0x00000000
         985000	        97	80000164	37510d03	lb	x26,885(x2)	  x2:0x800083ba x26=0x00000024 PA:0x8000872f
         995000	        98	80000168	37710d03	lb	x26,887(x2)	  x2:0x800083ba x26=0x0000004f PA:0x80008731
        1005000	        99	8000016c	dc9101a3	sb	x9,-573(x2)	  x2:0x800083ba  x9:0x000000c4 PA:0x8000817d
        1015000	       100	80000170	12510da3	sb	x5,315(x2)	  x2:0x800083ba  x5:0x00000066 PA:0x800084f5
        1025000	       101	80000174	f3612b23	sw	x22,-202(x2)	  x2:0x800083ba x22:0xfc7d6e40 PA:0x800082f0
        1035000	       102	80000178	31f14403	lbu	x8,799(x2)	  x2:0x800083ba  x8=0x0000001e PA:0x800086d9
        1045000	       103	8000017c	17c11823	sh	x28,368(x2)	  x2:0x800083ba x28:0x80009f84 PA:0x8000852a
        1055000	       104	80000180	5002a2b7	lui	x5,0x5002a	  x5=0x5002a000
        1065000	       105	80000184	6e802813	slti	x16,x0,1768	  x0:0x00000000 x16=0x00000001
        1075000	       106	80000188	42710e83	lb	x29,1063(x2)	  x2:0x800083ba x29=0x00000039 PA:0x800087e1
        1085000	       107	8000018c	00c69493	slli	x9,x13,0xc	 x13:0xffffff8a  x9=0xfff8a000
        1095000	       108	80000190	20a15283	lhu	x5,522(x2)	  x2:0x800083ba  x5=0x0000fefd PA:0x800085c4
        1105000	       109	80000194	1b010623	sb	x16,428(x2)	  x2:0x800083ba x16:0x00000001 PA:0x80008566
        1115000	       110	80000198	00a58d33	add	x26,x11,x10	 x11:0x00000000 x10:0x80000000 x26=0x80000000
        1125000	       111	8000019c	00d12433	slt	x8,x2,x13	  x2:0x800083ba x13:0xffffff8a  x8=0x00000001
        1135000	       112	800001a0	1df10d03	lb	x26,479(x2)	  x2:0x800083ba x26=0x00000043 PA:0x80008599
        1145000	       113	800001a4	f4214503	lbu	x10,-190(x2)	  x2:0x800083ba x10=0x00000083 PA:0x800082fc
        1155000	       114	800001a8	d3611983	lh	x19,-714(x2)	  x2:0x800083ba x19=0x000006d3 PA:0x800080f0
        1165000	       115	800001ac	5e186e93	ori	x29,x16,1505	 x16:0x00000001 x29=0x000005e1
        1175000	       116	800001b0	00391933	sll	x18,x18,x3	 x18:0x00000000  x3:0x278007d7 x18=0x00000000
        1185000	       117	800001b4	400509b3	sub	x19,x10,x0	 x10:0x00000083  x0:0x00000000 x19=0x00000083
        1195000	       118	800001b8	0130a5b3	slt	x11,x1,x19	  x1:0x80000000 x19:0x00000083 x11=0x00000001
        1205000	       119	800001bc	c9c10283	lb	x5,-868(x2)	  x2:0x800083ba  x5=0x00000012 PA:0x80008056
        1215000	       120	800001c0	d6310e83	lb	x29,-669(x2)	  x2:0x800083ba x29=0xffffffed PA:0x8000811d
        1225000	       121	800001c4	00009817	auipc	x16,0x9	 x16=0x800091c0
        1235000	       122	800001c8	d9b80813	addi	x16,x16,-613	 x16:0x800091c0 x16=0x80008f5b
        1245000	       123	800001cc	be880a23	sb	x8,-1036(x16)	 x16:0x80008f5b  x8:0x00000001 PA:0x80008b4f
        1255000	       124	800001d0	f9585103	lhu	x2,-107(x16)	 x16:0x80008f5b  x2=0x00008691 PA:0x80008ef0
        1265000	       125	800001d4	e3884583	lbu	x11,-456(x16)	 x16:0x80008f5b x11=0x000000f5 PA:0x80008d93
        1275000	       126	800001d8	c8580503	lb	x10,-891(x16)	 x16:0x80008f5b x10=0x00000073 PA:0x80008be0
        1285000	       127	800001dc	e1080923	sb	x16,-494(x16)	 x16:0x80008f5b x16:0x80008f5b PA:0x80008d6d
        1295000	       128	800001e0	90aa7d13	andi	x26,x20,-1782	 x20:0xffffb993 x26=0xffffb902
        1305000	       129	800001e4	df281da3	sh	x18,-517(x16)	 x16:0x80008f5b x18:0x00000000 PA:0x80008d56
        1315000	       130	800001e8	fc582603	lw	x12,-59(x16)	 x16:0x80008f5b x12=0x97c2adbe PA:0x80008f20
        1325000	       131	800001ec	be284383	lbu	x7,-1054(x16)	 x16:0x80008f5b  x7=0x000000ed PA:0x80008b3d
        1335000	       132	800001f0	fba80f03	lb	x30,-70(x16)	 x16:0x80008f5b x30=0x00000057 PA:0x80008f15
        1345000	       133	800001f4	c1684d03	lbu	x26,-1002(x16)	 x16:0x80008f5b x26=0x000000e4 PA:0x80008b71
        1355000	       134	800001f8	f5480123	sb	x20,-190(x16)	 x16:0x80008f5b x20:0xffffb993 PA:0x80008e9d
        1365000	       135	800001fc	c9985183	lhu	x3,-871(x16)	 x16:0x80008f5b  x3=0x00009670 PA:0x80008bf4
        1375000	       136	80000200	cd080da3	sb	x16,-805(x16)	 x16:0x80008f5b x16:0x80008f5b PA:0x80008c36
        1385000	       137	80000204	e7b85f83	lhu	x31,-389(x16)	 x16:0x80008f5b x31=0x00006f53 PA:0x80008dd6
        1395000	       138	80000208	00f2b233	sltu	x4,x5,x15	  x5:0x00000012 x15:0x000056d0  x4=0x00000001
        1405000	       139	8000020c	d6a80383	lb	x7,-662(x16)	 x16:0x80008f5b  x7=0xfffffffa PA:0x80008cc5
        1415000	       140	80000210	00aa84b3	add	x9,x21,x10	 x21:0xf66a1d35 x10:0x00000073  x9=0xf66a1da8
        1425000	       141	80000214	05080623	sb	x16,76(x16)	 x16:0x80008f5b x16:0x80008f5b PA:0x80008fa7
        1435000	       142	80000218	01615e93	srli	x29,x2,0x16	  x2:0x00008691 x29=0x00000000
        1445000	       143	8000021c	03680a03	lb	x20,54(x16)	 x16:0x80008f5b x20=0xffffffa7 PA:0x80008f91
        1455000	       144	80000220	01328fb3	add	x31,x5,x19	  x5:0x00000012 x19:0x00000083 x31=0x00000095
        1465000	       145	80000224	00a7f433	and	x8,x15,x10	 x15:0x000056d0 x10:0x00000073  x8=0x00000050
        1475000	       146	80000228	017ed933	srl	x18,x29,x23	 x29:0x00000000 x23:0x00000000 x18=0x00000000
        1485000	       147	8000022c	85366193	ori	x3,x12,-1965	 x12:0x97c2adbe  x3=0xfffffdff
        1495000	       148	80000230	48bc7c93	andi	x25,x24,1163	 x24:0x00000091 x25=0x00000081
        1505000	       149	80000234	a4681ea3	sh	x6,-1443(x16)	 x16:0x80008f5b  x6:0x80009fc4 PA:0x800089b8
        1515000	       150	80000238	dcc84503	lbu	x10,-564(x16)	 x16:0x80008f5b x10=0x00000063 PA:0x80008d27
        1525000	       151	8000023c	f31811a3	sh	x17,-221(x16)	 x16:0x80008f5b x17:0x00000002 PA:0x80008e7e
        1535000	       152	80000240	fdb84d83	lbu	x27,-37(x16)	 x16:0x80008f5b x27=0x00000086 PA:0x80008f36
        1545000	       153	80000244	00000013	addi	x0,x0,0	  x0:0x00000000
        1555000	       154	80000248	e9c80523	sb	x28,-374(x16)	 x16:0x80008f5b x28:0x80009f84 PA:0x80008de5
        1565000	       155	8000024c	00009117	auipc	x2,0x9	  x2=0x80009248
        1575000	       156	80000250	b3f10113	addi	x2,x2,-1217	  x2:0x80009248  x2=0x80008d87
        1585000	       157	80000254	fe711e83	lh	x29,-25(x2)	  x2:0x80008d87 x29=0xffffa1e9 PA:0x80008d6e
        1595000	       158	80000258	fd1112a3	sh	x17,-59(x2)	  x2:0x80008d87 x17:0x00000002 PA:0x80008d4c
        1605000	       159	8000025c	01ef6e33	or	x28,x30,x30	 x30:0x00000057 x30:0x00000057 x28=0x00000057
        1615000	       160	80000260	00000013	addi	x0,x0,0	  x0:0x00000000
        1625000	       161	80000264	01ecea33	or	x20,x25,x30	 x25:0x00000081 x30:0x00000057 x20=0x000000d7
        1635000	       162	80000268	40d2d993	srai	x19,x5,0xd	  x5:0x00000012 x19=0x00000000
        1645000	       163	8000026c	02f10583	lb	x11,47(x2)	  x2:0x80008d87 x11=0x00000068 PA:0x80008db6
        1655000	       164	80000270	8f823d37	lui	x26,0x8f823	 x26=0x8f823000
        1665000	       165	80000274	01bd2533	slt	x10,x26,x27	 x26:0x8f823000 x27:0x00000086 x10=0x00000001
        1675000	       166	80000278	012ac5b3	xor	x11,x21,x18	 x21:0xf66a1d35 x18:0x00000000 x11=0xf66a1d35
        1685000	       167	8000027c	002e3a33	sltu	x20,x28,x2	 x28:0x00000057  x2:0x80008d87 x20=0x00000001
        1695000	       168	80000280	01d346b3	xor	x13,x6,x29	  x6:0x80009fc4 x29:0xffffa1e9 x13=0x7fff3e2d
        1705000	       169	80000284	fe610d23	sb	x6,-6(x2)	  x2:0x80008d87  x6:0x80009fc4 PA:0x80008d81
        1715000	       170	80000288	41305513	srai	x10,x0,0x13	  x0:0x00000000 x10=0x00000000
        1725000	       171	8000028c	012cbb13	sltiu	x22,x25,18	 x25:0x00000081 x22=0x00000000
        1735000	       172	80000290	41b554b3	sra	x9,x10,x27	 x10:0x00000000 x27:0x00000086  x9=0x00000000
        1745000	       173	80000294	02914403	lbu	x8,41(x2)	  x2:0x80008d87  x8=0x00000022 PA:0x80008db0
        1755000	       174	80000298	02d10023	sb	x13,32(x2)	  x2:0x80008d87 x13:0x7fff3e2d PA:0x80008da7
        1765000	       175	8000029c	03814b03	lbu	x22,56(x2)	  x2:0x80008d87 x22=0x00000003 PA:0x80008dbf
        1775000	       176	800002a0	41c15433	sra	x8,x2,x28	  x2:0x80008d87 x28:0x00000057  x8=0xffffff00
        1785000	       177	800002a4	8ea5ce97	auipc	x29,0x8ea5c	 x29=0x0ea5c2a0
        1795000	       178	800002a8	005fdc93	srli	x25,x31,0x5	 x31:0x00000095 x25=0x00000004
        1805000	       179	800002ac	01284833	xor	x16,x16,x18	 x16:0x80008f5b x18:0x00000000 x16=0x80008f5b
        1815000	       180	800002b0	01b9c5b3	xor	x11,x19,x27	 x19:0x00000000 x27:0x00000086 x11=0x00000086
        1825000	       181	800002b4	ff014083	lbu	x1,-16(x2)	  x2:0x80008d87  x1=0x00000081 PA:0x80008d77
        1835000	       182	800002b8	f3052513	slti	x10,x10,-208	 x10:0x00000000 x10=0x00000000
        1845000	       183	800002bc	002dd433	srl	x8,x27,x2	 x27:0x00000086  x2:0x80008d87  x8=0x00000001
        1855000	       184	800002c0	01184cb3	xor	x25,x16,x17	 x16:0x80008f5b x17:0x00000002 x25=0x80008f59
        1865000	       185	800002c4	00080433	add	x8,x16,x0	 x16:0x80008f5b  x0:0x00000000  x8=0x80008f5b
        1875000	       186	800002c8	01d87433	and	x8,x16,x29	 x16:0x80008f5b x29:0x0ea5c2a0  x8=0x00008200
        1885000	       187	800002cc	41cb5633	sra	x12,x22,x28	 x22:0x00000003 x28:0x00000057 x12=0x00000000
        1895000	       188	800002d0	7910a493	slti	x9,x1,1937	  x1:0x00000081  x9=0x00000001
        1905000	       189	800002d4	00000013	addi	x0,x0,0	  x0:0x00000000
        1915000	       190	800002d8	4d0a4213	xori	x4,x20,1232	 x20:0x00000001  x4=0x000004d1
        1925000	       191	800002dc	01a1e033	or	x0,x3,x26	  x3:0xfffffdff x26:0x8f823000
        1935000	       192	800002e0	383a3c93	sltiu	x25,x20,899	 x20:0x00000001 x25=0x00000001
        1945000	       193	800002e4	016bd293	srli	x5,x23,0x16	 x23:0x00000000  x5=0x00000000
        1955000	       194	800002e8	00740cb3	add	x25,x8,x7	  x8:0x00008200  x7:0xfffffffa x25=0x000081fa
        1965000	       195	800002ec	fef14803	lbu	x16,-17(x2)	  x2:0x80008d87 x16=0x0000008b PA:0x80008d76
        1975000	       196	800002f0	009105a3	sb	x9,11(x2)	  x2:0x80008d87  x9:0x00000001 PA:0x80008d92
        1985000	       197	800002f4	00009397	auipc	x7,0x9	  x7=0x800092f0
        1995000	       198	800002f8	83438393	addi	x7,x7,-1996	  x7:0x800092f0  x7=0x80008b24
        2005000	       199	800002fc	ce60b513	sltiu	x10,x1,-794	  x1:0x00000081 x10=0x00000001
        2015000	       200	80000300	0203c203	lbu	x4,32(x7)	  x7:0x80008b24  x4=0x0000005f PA:0x80008b44
        2025000	       201	80000304	f73385a3	sb	x19,-149(x7)	  x7:0x80008b24 x19:0x00000000 PA:0x80008a8f
        2035000	       202	80000308	41995e33	sra	x28,x18,x25	 x18:0x00000000 x25:0x000081fa x28=0x00000000
        2045000	       203	8000030c	00b41cb3	sll	x25,x8,x11	  x8:0x00008200 x11:0x00000086 x25=0x00208000
        2055000	       204	80000310	96a61897	auipc	x17,0x96a61	 x17=0x16a6130c
        2065000	       205	80000314	f0f3cf03	lbu	x30,-241(x7)	  x7:0x80008b24 x30=0x00000071 PA:0x80008a33
        2075000	       206	80000318	019d4533	xor	x10,x26,x25	 x26:0x8f823000 x25:0x00208000 x10=0x8fa2b000
        2085000	       207	8000031c	40f184b3	sub	x9,x3,x15	  x3:0xfffffdff x15:0x000056d0  x9=0xffffa72f
        2095000	       208	80000320	674de293	ori	x5,x27,1652	 x27:0x00000086  x5=0x000006f6
        2105000	       209	80000324	0c738b03	lb	x22,199(x7)	  x7:0x80008b24 x22=0x00000070 PA:0x80008beb
        2115000	       210	80000328	415209b3	sub	x19,x4,x21	  x4:0x0000005f x21:0xf66a1d35 x19=0x0995e32a
        2125000	       211	8000032c	0d0382a3	sb	x16,197(x7)	  x7:0x80008b24 x16:0x0000008b PA:0x80008be9
        2135000	       212	80000330	0013c503	lbu	x10,1(x7)	  x7:0x80008b24 x10=0x0000003c PA:0x80008b25
        2145000	       213	80000334	faf38183	lb	x3,-81(x7)	  x7:0x80008b24  x3=0xffffffff PA:0x80008ad3
        2155000	       214	80000338	f9438783	lb	x15,-108(x7)	  x7:0x80008b24 x15=0xffffffab PA:0x80008ab8
        2165000	       215	8000033c	fe938403	lb	x8,-23(x7)	  x7:0x80008b24  x8=0xfffffffd PA:0x80008b0d
        2175000	       216	80000340	36662837	lui	x16,0x36662	 x16=0x36662000
        2185000	       217	80000344	ff4388a3	sb	x20,-15(x7)	  x7:0x80008b24 x20:0x00000001 PA:0x80008b15
        2195000	       218	80000348	0d9385a3	sb	x25,203(x7)	  x7:0x80008b24 x25:0x00208000 PA:0x80008bef
        2205000	       219	8000034c	01938da3	sb	x25,27(x7)	  x7:0x80008b24 x25:0x00208000 PA:0x80008b3f
        2215000	       220	80000350	006609b3	add	x19,x12,x6	 x12:0x00000000  x6:0x80009fc4 x19=0x80009fc4
        2225000	       221	80000354	f51389a3	sb	x17,-173(x7)	  x7:0x80008b24 x17:0x16a6130c PA:0x80008a77
        2235000	       222	80000358	f7538d03	lb	x26,-139(x7)	  x7:0x80008b24 x26=0xffffff9a PA:0x80008a99
        2245000	       223	8000035c	f4138e03	lb	x28,-191(x7)	  x7:0x80008b24 x28=0x00000058 PA:0x80008a65
        2255000	       224	80000360	0004d013	srli	x0,x9,0x0	  x9:0xffffa72f
        2265000	       225	80000364	fe239083	lh	x1,-30(x7)	  x7:0x80008b24  x1=0x00000117 PA:0x80008b06
        2275000	       226	80000368	01ac07b3	add	x15,x24,x26	 x24:0x00000091 x26:0xffffff9a x15=0x0000002b
        2285000	       227	8000036c	40b9df33	sra	x30,x19,x11	 x19:0x80009fc4 x11:0x00000086 x30=0xfe00027f
        2295000	       228	80000370	0cb3c603	lbu	x12,203(x7)	  x7:0x80008b24 x12=0x00000000 PA:0x80008bef
        2305000	       229	80000374	0d13c783	lbu	x15,209(x7)	  x7:0x80008b24 x15=0x00000096 PA:0x80008bf5
        2315000	       230	80000378	f4b38c83	lb	x25,-181(x7)	  x7:0x80008b24 x25=0x0000001f PA:0x80008a6f
        2325000	       231	8000037c	f6c39e23	sh	x12,-132(x7)	  x7:0x80008b24 x12:0x00000000 PA:0x80008aa0
        2335000	       232	80000380	00008117	auipc	x2,0x8	  x2=0x8000837c
        2345000	       233	80000384	76510113	addi	x2,x2,1893	  x2:0x8000837c  x2=0x80008ae1
        2355000	       234	80000388	07614483	lbu	x9,118(x2)	  x2:0x80008ae1  x9=0x000000dd PA:0x80008b57
        2365000	       235	8000038c	4b7b6893	ori	x17,x22,1207	 x22:0x00000070 x17=0x000004f7
        2375000	       236	80000390	06f10b23	sb	x15,118(x2)	  x2:0x80008ae1 x15:0x00000096 PA:0x80008b57
        2385000	       237	80000394	f2410d83	lb	x27,-220(x2)	  x2:0x80008ae1 x27=0xffffffc3 PA:0x80008a05
        2395000	       238	80000398	f1d111a3	sh	x29,-253(x2)	  x2:0x80008ae1 x29:0x0ea5c2a0 PA:0x800089e4
        2405000	       239	8000039c	6a64ab13	slti	x22,x9,1702	  x9:0x000000dd x22=0x00000001
        2415000	       240	800003a0	02411aa3	sh	x4,53(x2)	  x2:0x80008ae1  x4:0x0000005f PA:0x80008b16
        2425000	       241	800003a4	00414403	lbu	x8,4(x2)	  x2:0x80008ae1  x8=0x000000af PA:0x80008ae5
        2435000	       242	800003a8	01f11fa3	sh	x31,31(x2)	  x2:0x80008ae1 x31:0x00000095 PA:0x80008b00
        2445000	       243	800003ac	f4715f83	lhu	x31,-185(x2)	  x2:0x80008ae1 x31=0x00004626 PA:0x80008a28
        2455000	       244	800003b0	3b8aef93	ori	x31,x21,952	 x21:0xf66a1d35 x31=0xf66a1fbd
        2465000	       245	800003b4	f7b15983	lhu	x19,-133(x2)	  x2:0x80008ae1 x19=0x00008bad PA:0x80008a5c
        2475000	       246	800003b8	f6e14803	lbu	x16,-146(x2)	  x2:0x80008ae1 x16=0x000000ff PA:0x80008a4f
        2485000	       247	800003bc	00000013	addi	x0,x0,0	  x0:0x00000000
        2495000	       248	800003c0	0017ef33	or	x30,x15,x1	 x15:0x00000096  x1:0x00000117 x30=0x00000197
        2505000	       249	800003c4	f4010d23	sb	x0,-166(x2)	  x2:0x80008ae1  x0:0x00000000 PA:0x80008a3b
        2515000	       250	800003c8	fce14203	lbu	x4,-50(x2)	  x2:0x80008ae1  x4=0x000000a6 PA:0x80008aaf
        2525000	       251	800003cc	0e515c83	lhu	x25,229(x2)	  x2:0x80008ae1 x25=0x00009cda PA:0x80008bc6
        2535000	       252	800003d0	f1315f03	lhu	x30,-237(x2)	  x2:0x80008ae1 x30=0x00009910 PA:0x800089f4
        2545000	       253	800003d4	fa010b03	lb	x22,-96(x2)	  x2:0x80008ae1 x22=0xffffffb2 PA:0x80008a81
        2555000	       254	800003d8	cc3bf413	andi	x8,x23,-829	 x23:0x00000000  x8=0x00000000
        2565000	       255	800003dc	04d10b23	sb	x13,86(x2)	  x2:0x80008ae1 x13:0x7fff3e2d PA:0x80008b37
        2575000	       256	800003e0	f8a105a3	sb	x10,-117(x2)	  x2:0x80008ae1 x10:0x0000003c PA:0x80008a6c
        2585000	       257	800003e4	fb010683	lb	x13,-80(x2)	  x2:0x80008ae1 x13=0x00000028 PA:0x80008a91
        2595000	       258	800003e8	b1c5cd13	xori	x26,x11,-1252	 x11:0x00000086 x26=0xfffffb9a
        2605000	       259	800003ec	008e31b3	sltu	x3,x28,x8	 x28:0x00000058  x8:0x00000000  x3=0x00000000
        2615000	       260	800003f0	0cf14183	lbu	x3,207(x2)	  x2:0x80008ae1  x3=0x000000f9 PA:0x80008bb0
        2625000	       261	800003f4	00be8d33	add	x26,x29,x11	 x29:0x0ea5c2a0 x11:0x00000086 x26=0x0ea5c326
        2635000	       262	800003f8	f5614b03	lbu	x22,-170(x2)	  x2:0x80008ae1 x22=0x00000015 PA:0x80008a37
        2645000	       263	800003fc	0ff100a3	sb	x31,225(x2)	  x2:0x80008ae1 x31:0xf66a1fbd PA:0x80008bc2
        2655000	       264	80000400	f5c03093	sltiu	x1,x0,-164	  x0:0x00000000  x1=0x00000001
        2665000	       265	80000404	fa514683	lbu	x13,-91(x2)	  x2:0x80008ae1 x13=0x000000ea PA:0x80008a86
        2675000	       266	80000408	05210903	lb	x18,82(x2)	  x2:0x80008ae1 x18=0x0000003e PA:0x80008b33
        2685000	       267	8000040c	00008817	auipc	x16,0x8	 x16=0x80008408
        2695000	       268	80000410	29080813	addi	x16,x16,656	 x16:0x80008408 x16=0x80008698
        2705000	       269	80000414	005805a3	sb	x5,11(x16)	 x16:0x80008698  x5:0x000006f6 PA:0x800086a3
        2715000	       270	80000418	4037d233	sra	x4,x15,x3	 x15:0x00000096  x3:0x000000f9  x4=0x00000000
        2725000	       271	8000041c	41bb5113	srai	x2,x22,0x1b	 x22:0x00000015  x2=0x00000000
        2735000	       272	80000420	01ae80b3	add	x1,x29,x26	 x29:0x0ea5c2a0 x26:0x0ea5c326  x1=0x1d4b85c6
        2745000	       273	80000424	6b60fe93	andi	x29,x1,1718	  x1:0x1d4b85c6 x29=0x00000486
        2755000	       274	80000428	fc380c03	lb	x24,-61(x16)	 x16:0x80008698 x24=0x0000000c PA:0x8000865b
        2765000	       275	8000042c	010918b3	sll	x17,x18,x16	 x18:0x0000003e x16:0x80008698 x17=0x3e000000
        2775000	       276	80000430	00f80c83	lb	x25,15(x16)	 x16:0x80008698 x25=0x00000037 PA:0x800086a7
        2785000	       277	80000434	00380483	lb	x9,3(x16)	 x16:0x80008698  x9=0x0000005c PA:0x8000869b
        2795000	       278	80000438	00491793	slli	x15,x18,0x4	 x18:0x0000003e x15=0x000003e0
        2805000	       279	8000043c	b8beff13	andi	x30,x29,-1141	 x29:0x00000486 x30=0x00000082
        2815000	       280	80000440	fdf804a3	sb	x31,-55(x16)	 x16:0x80008698 x31:0xf66a1fbd PA:0x80008661
        2825000	       281	80000444	99cb4c93	xori	x25,x22,-1636	 x22:0x00000015 x25=0xfffff989
        2835000	       282	80000448	4a048f13	addi	x30,x9,1184	  x9:0x0000005c x30=0x000004fc
        2845000	       283	8000044c	03f84d03	lbu	x26,63(x16)	 x16:0x80008698 x26=0x000000cb PA:0x800086d7
        2855000	       284	80000450	ff980883	lb	x17,-7(x16)	 x16:0x80008698 x17=0x0000007b PA:0x80008691
        2865000	       285	80000454	072f0793	addi	x15,x30,114	 x30:0x000004fc x15=0x0000056e
        2875000	       286	80000458	13b9e693	ori	x13,x19,315	 x19:0x00008bad x13=0x00008bbf
        2885000	       287	8000045c	00669d13	slli	x26,x13,0x6	 x13:0x00008bbf x26=0x0022efc0
        2895000	       288	80000460	f8eaa1b7	lui	x3,0xf8eaa	  x3=0xf8eaa000
        2905000	       289	80000464	01984d03	lbu	x26,25(x16)	 x16:0x80008698 x26=0x000000ce PA:0x800086b1
        2915000	       290	80000468	017ac2b3	xor	x5,x21,x23	 x21:0xf66a1d35 x23:0x00000000  x5=0xf66a1d35
        2925000	       291	8000046c	00609db3	sll	x27,x1,x6	  x1:0x1d4b85c6  x6:0x80009fc4 x27=0xd4b85c60
        2935000	       292	80000470	fe381e23	sh	x3,-4(x16)	 x16:0x80008698  x3:0xf8eaa000 PA:0x80008694
        2945000	       293	80000474	40dd5fb3	sra	x31,x26,x13	 x26:0x000000ce x13:0x00008bbf x31=0x00000000
        2955000	       294	80000478	007b4bb3	xor	x23,x22,x7	 x22:0x00000015  x7:0x80008b24 x23=0x80008b31
        2965000	       295	8000047c	03980903	lb	x18,57(x16)	 x16:0x80008698 x18=0xffffff8b PA:0x800086d1
        2975000	       296	80000480	00008117	auipc	x2,0x8	  x2=0x8000847c
        2985000	       297	80000484	cfa10113	addi	x2,x2,-774	  x2:0x8000847c  x2=0x80008176
        2995000	       298	80000488	fec109a3	sb	x12,-13(x2)	  x2:0x80008176 x12:0x00000000 PA:0x80008169
        3005000	       299	8000048c	feb12d23	sw	x11,-6(x2)	  x2:0x80008176 x11:0x00000086 PA:0x80008170
        3015000	       300	80000490	ff811603	lh	x12,-8(x2)	  x2:0x80008176 x12=0x00004625 PA:0x8000816e
        3025000	       301	80000494	e343ad13	slti	x26,x7,-460	  x7:0x80008b24 x26=0x00000001
        3035000	       302	80000498	6fd8bb93	sltiu	x23,x17,1789	 x17:0x0000007b x23=0x00000001
        3045000	       303	8000049c	00c10723	sb	x12,14(x2)	  x2:0x80008176 x12:0x00004625 PA:0x80008184
        3055000	       304	800004a0	ae235917	auipc	x18,0xae235	 x18=0x2e23549c
        3065000	       305	800004a4	01c3d013	srli	x0,x7,0x1c	  x7:0x80008b24
        3075000	       306	800004a8	34b8e793	ori	x15,x17,843	 x17:0x0000007b x15=0x0000037b
        3085000	       307	800004ac	5ae44b93	xori	x23,x8,1454	  x8:0x00000000 x23=0x000005ae
        3095000	       308	800004b0	4084d213	srai	x4,x9,0x8	  x9:0x0000005c  x4=0x00000000
        3105000	       309	800004b4	ff114a03	lbu	x20,-15(x2)	  x2:0x80008176 x20=0x00000043 PA:0x80008167
        3115000	       310	800004b8	fe610aa3	sb	x6,-11(x2)	  x2:0x80008176  x6:0x80009fc4 PA:0x8000816b
        3125000	       311	800004bc	00411503	lh	x10,4(x2)	  x2:0x80008176 x10=0xffffc370 PA:0x8000817a
        3135000	       312	800004c0	4f8f8b93	addi	x23,x31,1272	 x31:0x00000000 x23=0x000004f8
        3145000	       313	800004c4	01aff033	and	x0,x31,x26	 x31:0x00000000 x26:0x00000001
        3155000	       314	800004c8	00f7eb33	or	x22,x15,x15	 x15:0x0000037b x15:0x0000037b x22=0x0000037b
        3165000	       315	800004cc	fe211b23	sh	x2,-10(x2)	  x2:0x80008176  x2:0x80008176 PA:0x8000816c
        3175000	       316	800004d0	005102a3	sb	x5,5(x2)	  x2:0x80008176  x5:0xf66a1d35 PA:0x8000817b
        3185000	       317	800004d4	01011b83	lh	x23,16(x2)	  x2:0x80008176 x23=0xffff8d29 PA:0x80008186
        3195000	       318	800004d8	3af82e93	slti	x29,x16,943	 x16:0x80008698 x29=0x00000001
        3205000	       319	800004dc	ff415b83	lhu	x23,-12(x2)	  x2:0x80008176 x23=0x0000c41f PA:0x8000816a
        3215000	       320	800004e0	00110623	sb	x1,12(x2)	  x2:0x80008176  x1:0x1d4b85c6 PA:0x80008182
        3225000	       321	800004e4	00a95b93	srli	x23,x18,0xa	 x18:0x2e23549c x23=0x000b88d5
        3235000	       322	800004e8	a59b0513	addi	x10,x22,-1447	 x22:0x0000037b x10=0xfffffdd4
        3245000	       323	800004ec	014968b3	or	x17,x18,x20	 x18:0x2e23549c x20:0x00000043 x17=0x2e2354df
        3255000	       324	800004f0	df16fb93	andi	x23,x13,-527	 x13:0x00008bbf x23=0x000089b1
        3265000	       325	800004f4	000102a3	sb	x0,5(x2)	  x2:0x80008176  x0:0x00000000 PA:0x8000817b
        3275000	       326	800004f8	00355233	srl	x4,x10,x3	 x10:0xfffffdd4  x3:0xf8eaa000  x4=0xfffffdd4
        3285000	       327	800004fc	ff114503	lbu	x10,-15(x2)	  x2:0x80008176 x10=0x00000043 PA:0x80008167
        3295000	       328	80000500	fec10ba3	sb	x12,-9(x2)	  x2:0x80008176 x12:0x00004625 PA:0x8000816d
        3305000	       329	80000504	ffb14b83	lbu	x23,-5(x2)	  x2:0x80008176 x23=0x00000000 PA:0x80008171
        3315000	       330	80000508	ffb14003	lbu	x0,-5(x2)	  x2:0x80008176 PA:0x80008171
        3325000	       331	8000050c	ffa15683	lhu	x13,-6(x2)	  x2:0x80008176 x13=0x00000086 PA:0x80008170
        3335000	       332	80000510	00ec0033	add	x0,x24,x14	 x24:0x0000000c x14:0x80009f84
        3345000	       333	80000514	3a016893	ori	x17,x2,928	  x2:0x80008176 x17=0x800083f6
        3355000	       334	80000518	01d08cb3	add	x25,x1,x29	  x1:0x1d4b85c6 x29:0x00000001 x25=0x1d4b85c7
        3365000	       335	8000051c	008ae233	or	x4,x21,x8	 x21:0xf66a1d35  x8:0x00000000  x4=0xf66a1d35
        3375000	       336	80000520	00d14503	lbu	x10,13(x2)	  x2:0x80008176 x10=0x0000005b PA:0x80008183
        3385000	       337	80000524	7e60b193	sltiu	x3,x1,2022	  x1:0x1d4b85c6  x3=0x00000000
        3395000	       338	80000528	d8a147b7	lui	x15,0xd8a14	 x15=0xd8a14000
        3405000	       339	8000052c	01046533	or	x10,x8,x16	  x8:0x00000000 x16:0x80008698 x10=0x80008698
        3415000	       340	80000530	00c2fcb3	and	x25,x5,x12	  x5:0xf66a1d35 x12:0x00004625 x25=0x00000425
        3425000	       341	80000534	dc36c093	xori	x1,x13,-573	 x13:0x00000086  x1=0xfffffd45
        3435000	       342	80000538	412cde33	sra	x28,x25,x18	 x25:0x00000425 x18:0x2e23549c x28=0x00000000
        3445000	       343	8000053c	001107a3	sb	x1,15(x2)	  x2:0x80008176  x1:0xfffffd45 PA:0x80008185
        3455000	       344	80000540	41750233	sub	x4,x10,x23	 x10:0x80008698 x23:0x00000000  x4=0x80008698
        3465000	       345	80000544	00f14383	lbu	x7,15(x2)	  x2:0x80008176  x7=0x00000045 PA:0x80008185
        3475000	       346	80000548	00008e17	auipc	x28,0x8	 x28=0x80008544
        3485000	       347	8000054c	f6ce0e13	addi	x28,x28,-148	 x28:0x80008544 x28=0x800084b0
        3495000	       348	80000550	275e0e83	lb	x29,629(x28)	 x28:0x800084b0 x29=0x00000054 PA:0x80008725
        3505000	       349	80000554	1ed6ad13	slti	x26,x13,493	 x13:0x00000086 x26=0x00000001
        3515000	       350	80000558	0193f0b3	and	x1,x7,x25	  x7:0x00000045 x25:0x00000425  x1=0x00000005
        3525000	       351	8000055c	007d53b3	srl	x7,x26,x7	 x26:0x00000001  x7:0x00000045  x7=0x00000000
        3535000	       352	80000560	298e2e83	lw	x29,664(x28)	 x28:0x800084b0 x29=0x14f485c0 PA:0x80008748
        3545000	       353	80000564	29ee5f83	lhu	x31,670(x28)	 x28:0x800084b0 x31=0x000006bc PA:0x8000874e
        3555000	       354	00000000	00000013	addi	x0,x0,0	  x0:0x00000000
        3565000	       355	80000568	dbfe0123	sb	x31,-606(x28)	 x28:0x800084b0 x31:0x000006bc PA:0x80008252
        3575000	       356	8000056c	010b0db3	add	x27,x22,x16	 x22:0x0000037b x16:0x80008698 x27=0x80008a13
        3585000	       357	80000570	37812f93	slti	x31,x2,888	  x2:0x80008176 x31=0x00000001
        3595000	       358	80000574	c8d6c693	xori	x13,x13,-883	 x13:0x00000086 x13=0xfffffc0b
        3605000	       359	80000578	fb5e0603	lb	x12,-75(x28)	 x28:0x800084b0 x12=0x00000068 PA:0x80008465
        3615000	       360	8000057c	e27e0e83	lb	x29,-473(x28)	 x28:0x800084b0 x29=0xfffffffe PA:0x800082d7
        3625000	       361	80000580	00000013	addi	x0,x0,0	  x0:0x00000000
        3635000	       362	80000584	415c5893	srai	x17,x24,0x15	 x24:0x0000000c x17=0x00000000
        3645000	       363	80000588	009e1a13	slli	x20,x28,0x9	 x28:0x800084b0 x20=0x01096000
        3655000	       364	8000058c	332e5783	lhu	x15,818(x28)	 x28:0x800084b0 x15=0x0000f373 PA:0x800087e2
        3665000	       365	80000590	415e8b33	sub	x22,x29,x21	 x29:0xfffffffe x21:0xf66a1d35 x22=0x0995e2c9
        3675000	       366	80000594	01068933	add	x18,x13,x16	 x13:0xfffffc0b x16:0x80008698 x18=0x800082a3
        3685000	       367	80000598	01382c33	slt	x24,x16,x19	 x16:0x80008698 x19:0x00008bad x24=0x00000001
        3695000	       368	8000059c	7706bc93	sltiu	x25,x13,1904	 x13:0xfffffc0b x25=0x00000000
        3705000	       369	800005a0	00d160b3	or	x1,x2,x13	  x2:0x80008176 x13:0xfffffc0b  x1=0xfffffd7f
        3715000	       370	800005a4	cdfe0a23	sb	x31,-812(x28)	 x28:0x800084b0 x31:0x00000001 PA:0x80008184
        3725000	       371	800005a8	10ae1f03	lh	x30,266(x28)	 x28:0x800084b0 x30=0x00002c3a PA:0x800085ba
        3735000	       372	00000000	00000013	addi	x0,x0,0	  x0:0x00000000
        3745000	       373	800005ac	009f5633	srl	x12,x30,x9	 x30:0x00002c3a  x9:0x0000005c x12=0x00000000
        3755000	       374	800005b0	315a6693	ori	x13,x20,789	 x20:0x01096000 x13=0x01096315
        3765000	       375	800005b4	34ee5a03	lhu	x20,846(x28)	 x28:0x800084b0 x20=0x0000d1e9 PA:0x800087fe
        3775000	       376	800005b8	e1ee4283	lbu	x5,-482(x28)	 x28:0x800084b0  x5=0x0000003a PA:0x800082ce
        3785000	       377	800005bc	2aae0323	sb	x10,678(x28)	 x28:0x800084b0 x10:0x80008698 PA:0x80008756
        3795000	       378	800005c0	bb963d13	sltiu	x26,x12,-1095	 x12:0x00000000 x26=0x00000001
        3805000	       379	800005c4	1a8e4d83	lbu	x27,424(x28)	 x28:0x800084b0 x27=0x0000006d PA:0x80008658
        3815000	       380	800005c8	de5e4b83	lbu	x23,-539(x28)	 x28:0x800084b0 x23=0x00000007 PA:0x80008295
        3825000	       381	800005cc	011e3033	sltu	x0,x28,x17	 x28:0x800084b0 x17:0x00000000
        3835000	       382	800005d0	0f7e0123	sb	x23,226(x28)	 x28:0x800084b0 x23:0x00000007 PA:0x80008592
        3845000	       383	800005d4	5d458f13	addi	x30,x11,1492	 x11:0x00000086 x30=0x0000065a
        3855000	       384	800005d8	24ae4183	lbu	x3,586(x28)	 x28:0x800084b0  x3=0x000000d4 PA:0x800086fa
        3865000	       385	800005dc	011e9913	slli	x18,x29,0x11	 x29:0xfffffffe x18=0xfffc0000
        3875000	       386	800005e0	15fe4783	lbu	x15,351(x28)	 x28:0x800084b0 x15=0x00000071 PA:0x8000860f
        3885000	       387	800005e4	192e09a3	sb	x18,403(x28)	 x28:0x800084b0 x18:0xfffc0000 PA:0x80008643
        3895000	       388	800005e8	f56e4b03	lbu	x22,-170(x28)	 x28:0x800084b0 x22=0x000000d7 PA:0x80008406
        3905000	       389	800005ec	10be4f03	lbu	x30,267(x28)	 x28:0x800084b0 x30=0x0000002c PA:0x800085bb
        3915000	       390	800005f0	00f333b3	sltu	x7,x6,x15	  x6:0x80009fc4 x15:0x00000071  x7=0x00000000
        3925000	       391	800005f4	00537b33	and	x22,x6,x5	  x6:0x80009fc4  x5:0x0000003a x22=0x00000000
        3935000	       392	800005f8	00315913	srli	x18,x2,0x3	  x2:0x80008176 x18=0x1000102e
        3945000	       393	800005fc	17ae5d83	lhu	x27,378(x28)	 x28:0x800084b0 x27=0x0000cc8b PA:0x8000862a
        3955000	       394	80000600	c55e0d03	lb	x26,-939(x28)	 x28:0x800084b0 x26=0x0000004f PA:0x80008105
        3965000	       395	80000604	1d0e1003	lh	x0,464(x28)	 x28:0x800084b0 PA:0x80008680
        3975000	       396	80000608	13de4383	lbu	x7,317(x28)	 x28:0x800084b0  x7=0x000000b2 PA:0x800085ed
        3985000	       397	8000060c	dd3e0483	lb	x9,-557(x28)	 x28:0x800084b0  x9=0xffffffbd PA:0x80008283
        3995000	       398	80000610	15aa3a13	sltiu	x20,x20,346	 x20:0x0000d1e9 x20=0x00000000
        4005000	       399	80000614	0089d013	srli	x0,x19,0x8	 x19:0x00008bad
        4015000	       400	80000618	0185ec33	or	x24,x11,x24	 x11:0x00000086 x24:0x00000001 x24=0x00000087
        4025000	       401	8000061c	2f3e0483	lb	x9,755(x28)	 x28:0x800084b0  x9=0x00000028 PA:0x800087a3
        4035000	       402	80000620	0fde4603	lbu	x12,253(x28)	 x28:0x800084b0 x12=0x00000083 PA:0x800085ad
        4045000	       403	80000624	23de4c83	lbu	x25,573(x28)	 x28:0x800084b0 x25=0x00000053 PA:0x800086ed
        4055000	       404	80000628	27c6e797	auipc	x15,0x27c6e	 x15=0xa7c6e624
        4065000	       405	8000062c	d1ae1123	sh	x26,-766(x28)	 x28:0x800084b0 x26:0x0000004f PA:0x800081b2
        4075000	       406	80000630	00386463	bltu	x16,x3,80000638	 x16:0x80008698  x3:0x000000d4
        4085000	       407	80000634	413b5c33	sra	x24,x22,x19	 x22:0x00000000 x19:0x00008bad x24=0x00000000
        4095000	       408	80000638	0084ecb3	or	x25,x9,x8	  x9:0x00000028  x8:0x00000000 x25=0x00000028
        4105000	       409	8000063c	02190463	beq	x18,x1,80000664	 x18:0x1000102e  x1:0xfffffd7f
        4115000	       410	80000640	a029b213	sltiu	x4,x19,-1534	 x19:0x00008bad  x4=0x00000001
        4125000	       411	80000644	02c38a63	beq	x7,x12,80000678	  x7:0x000000b2 x12:0x00000083
        4135000	       412	80000648	04739663	bne	x7,x7,80000694	  x7:0x000000b2  x7:0x000000b2
        4145000	       413	8000064c	01717933	and	x18,x2,x23	  x2:0x80008176 x23:0x00000007 x18=0x00000006
        4155000	       414	80000650	0955c013	xori	x0,x11,149	 x11:0x00000086
        4165000	       415	80000654	00000013	addi	x0,x0,0	  x0:0x00000000
        4175000	       416	80000658	018cad33	slt	x26,x25,x24	 x25:0x00000028 x24:0x00000000 x26=0x00000000
        4185000	       417	8000065c	03cd7a63	bgeu	x26,x28,80000690	 x26:0x00000000 x28:0x800084b0
        4195000	       418	80000660	007c6863	bltu	x24,x7,80000670	 x24:0x00000000  x7:0x000000b2
        4205000	       419	00000000	00000013	addi	x0,x0,0	  x0:0x00000000
        4215000	       420	8000066c	00000013	addi	x0,x0,0	  x0:0x00000000
        4225000	       421	80000670	1fee0193	addi	x3,x28,510	 x28:0x800084b0  x3=0x800086ae
        4235000	       422	80000674	419a58b3	sra	x17,x20,x25	 x20:0x00000000 x25:0x00000028 x17=0x00000000
        4245000	       423	80000678	08a93697	auipc	x13,0x8a93	 x13=0x88a93674
        4255000	       424	8000067c	0093acb3	slt	x25,x7,x9	  x7:0x000000b2  x9:0x00000028 x25=0x00000000
        4265000	       425	80000680	0027db33	srl	x22,x15,x2	 x15:0xa7c6e624  x2:0x80008176 x22=0x0000029f
        4275000	       426	80000684	00000013	addi	x0,x0,0	  x0:0x00000000
        4285000	       427	80000688	41d3d913	srai	x18,x7,0x1d	  x7:0x000000b2 x18=0x00000000
        4295000	       428	8000068c	00e99a63	bne	x19,x14,800006a0	 x19:0x00008bad x14:0x80009f84
        4305000	       429	00000000	00000013	addi	x0,x0,0	  x0:0x00000000
        4315000	       430	8000069c	00000013	addi	x0,x0,0	  x0:0x00000000
        4325000	       431	800006a0	009e9e13	slli	x28,x29,0x9	 x29:0xfffffffe x28=0xfffffc00
        4335000	       432	800006a4	001b79b3	and	x19,x22,x1	 x22:0x0000029f  x1:0xfffffd7f x19=0x0000001f
        4345000	       433	800006a8	cd6b1c17	auipc	x24,0xcd6b1	 x24=0x4d6b16a4
        4355000	       434	800006ac	01bf0133	add	x2,x30,x27	 x30:0x0000002c x27:0x0000cc8b  x2=0x0000ccb7
        4365000	       435	800006b0	8cc6f593	andi	x11,x13,-1844	 x13:0x88a93674 x11=0x88a93044
        4375000	       436	800006b4	016f1393	slli	x7,x30,0x16	 x30:0x0000002c  x7=0x0b000000
        4385000	       437	800006b8	05416e97	auipc	x29,0x5416	 x29=0x854166b4
        4395000	       438	800006bc	011c5a33	srl	x20,x24,x17	 x24:0x4d6b16a4 x17:0x00000000 x20=0x4d6b16a4
        4405000	       439	800006c0	bc623493	sltiu	x9,x4,-1082	  x4:0x00000001  x9=0x00000001
        4415000	       440	800006c4	0cdff293	andi	x5,x31,205	 x31:0x00000001  x5=0x00000001
        4425000	       441	800006c8	005b2cb3	slt	x25,x22,x5	 x22:0x0000029f  x5:0x00000001 x25=0x00000000
        4435000	       442	800006cc	00f8cf33	xor	x30,x17,x15	 x17:0x00000000 x15:0xa7c6e624 x30=0xa7c6e624
        4445000	       443	800006d0	01682a33	slt	x20,x16,x22	 x16:0x80008698 x22:0x0000029f x20=0x00000001
        4455000	       444	800006d4	065ff263	bgeu	x31,x5,80000738	 x31:0x00000001  x5:0x00000001
        4465000	       445	00000000	00000013	addi	x0,x0,0	  x0:0x00000000
        4475000	       446	80000734	00000013	addi	x0,x0,0	  x0:0x00000000
        4485000	       447	80000738	0410e063	bltu	x1,x1,80000778	  x1:0xfffffd7f  x1:0xfffffd7f
        4495000	       448	8000073c	a00eb397	auipc	x7,0xa00eb	  x7=0x200eb738
        4505000	       449	80000740	01ab5eb3	srl	x29,x22,x26	 x22:0x0000029f x26:0x00000000 x29=0x0000029f
        4515000	       450	80000744	045f8463	beq	x31,x5,8000078c	 x31:0x00000001  x5:0x00000001
        4525000	       451	00000000	00000013	addi	x0,x0,0	  x0:0x00000000
        4535000	       452	80000788	00000013	addi	x0,x0,0	  x0:0x00000000
        4545000	       453	8000078c	4680a393	slti	x7,x1,1128	  x1:0xfffffd7f  x7=0x00000001
        4555000	       454	80000790	03984063	blt	x16,x25,800007b0	 x16:0x80008698 x25:0x00000000
        4565000	       455	00000000	00000013	addi	x0,x0,0	  x0:0x00000000
        4575000	       456	800007ac	00000013	addi	x0,x0,0	  x0:0x00000000
        4585000	       457	800007b0	1d69fe13	andi	x28,x19,470	 x19:0x0000001f x28=0x00000016
        4595000	       458	800007b4	be4daeb7	lui	x29,0xbe4da	 x29=0xbe4da000
        4605000	       459	800007b8	013b9f93	slli	x31,x23,0x13	 x23:0x00000007 x31=0x00380000
        4615000	       460	800007bc	01a96c63	bltu	x18,x26,800007d4	 x18:0x00000000 x26:0x00000000
        4625000	       461	800007c0	af6ccf13	xori	x30,x25,-1290	 x25:0x00000000 x30=0xfffffaf6
        4635000	       462	800007c4	99746613	ori	x12,x8,-1641	  x8:0x00000000 x12=0xfffff997
        4645000	       463	800007c8	00c1d893	srli	x17,x3,0xc	  x3:0x800086ae x17=0x00080008
        4655000	       464	800007cc	0147d893	srli	x17,x15,0x14	 x15:0xa7c6e624 x17=0x00000a7c
        4665000	       465	800007d0	00118533	add	x10,x3,x1	  x3:0x800086ae  x1:0xfffffd7f x10=0x8000842d
        4675000	       466	800007d4	015fca33	xor	x20,x31,x21	 x31:0x00380000 x21:0xf66a1d35 x20=0xf6521d35
        4685000	       467	800007d8	005d5e13	srli	x28,x26,0x5	 x26:0x00000000 x28=0x00000000
        4695000	       468	800007dc	0071ddb3	srl	x27,x3,x7	  x3:0x800086ae  x7:0x00000001 x27=0x40004357
        4705000	       469	800007e0	0071d793	srli	x15,x3,0x7	  x3:0x800086ae x15=0x0100010d
        4715000	       470	800007e4	008facb3	slt	x25,x31,x8	 x31:0x00380000  x8:0x00000000 x25=0x00000000
        4725000	       471	800007e8	012e1613	slli	x12,x28,0x12	 x28:0x00000000 x12=0x00000000
        4735000	       472	800007ec	be940b13	addi	x22,x8,-1047	  x8:0x00000000 x22=0xfffffbe9
        4745000	       473	800007f0	01e85f93	srli	x31,x16,0x1e	 x16:0x80008698 x31=0x00000002
        4755000	       474	800007f4	01c0cb33	xor	x22,x1,x28	  x1:0xfffffd7f x28:0x00000000 x22=0xfffffd7f
        4765000	       475	800007f8	47d1eb13	ori	x22,x3,1149	  x3:0x800086ae x22=0x800086ff
        4775000	       476	800007fc	3810c093	xori	x1,x1,897	  x1:0xfffffd7f  x1=0xfffffefe
        4785000	       477	80000800	00e94633	xor	x12,x18,x14	 x18:0x00000000 x14:0x80009f84 x12=0x80009f84
        4795000	       478	80000804	003e59b3	srl	x19,x28,x3	 x28:0x00000000  x3:0x800086ae x19=0x00000000
        4805000	       479	80000808	437fbf93	sltiu	x31,x31,1079	 x31:0x00000002 x31=0x00000001
        4815000	       480	8000080c	f7405937	lui	x18,0xf7405	 x18=0xf7405000
        4825000	       481	80000810	01ebdc93	srli	x25,x23,0x1e	 x23:0x00000007 x25=0x00000000
        4835000	       482	80000814	00205f13	srli	x30,x0,0x2	  x0:0x00000000 x30=0x00000000
        4845000	       483	80000818	6f2bfb13	andi	x22,x23,1778	 x23:0x00000007 x22=0x00000002
        4855000	       484	8000081c	40540db3	sub	x27,x8,x5	  x8:0x00000000  x5:0x00000001 x27=0xffffffff
        4865000	       485	80000820	0078e463	bltu	x17,x7,80000828	 x17:0x00000a7c  x7:0x00000001
        4875000	       486	80000824	1a613e13	sltiu	x28,x2,422	  x2:0x0000ccb7 x28=0x00000000
        4885000	       487	80000828	01d7a933	slt	x18,x15,x29	 x15:0x0100010d x29:0xbe4da000 x18=0x00000000
        4895000	       488	8000082c	4167de13	srai	x28,x15,0x16	 x15:0x0100010d x28=0x00000004
        4905000	       489	80000830	17c5f113	andi	x2,x11,380	 x11:0x88a93044  x2=0x00000044
        4915000	       490	80000834	04169663	bne	x13,x1,80000880	 x13:0x88a93674  x1:0xfffffefe
        4925000	       491	00000000	00000013	addi	x0,x0,0	  x0:0x00000000
        4935000	       492	8000087c	00000013	addi	x0,x0,0	  x0:0x00000000
        4945000	       493	80000880	01c305b3	add	x11,x6,x28	  x6:0x80009fc4 x28:0x00000004 x11=0x80009fc8
        4955000	       494	80000884	41295913	srai	x18,x18,0x12	 x18:0x00000000 x18=0x00000000
        4965000	       495	80000888	40a2de13	srai	x28,x5,0xa	  x5:0x00000001 x28=0x00000000
        4975000	       496	8000088c	4d387193	andi	x3,x16,1235	 x16:0x80008698  x3=0x00000490
        4985000	       497	80000890	00008417	auipc	x8,0x8	  x8=0x8000888c
        4995000	       498	80000894	58c40413	addi	x8,x8,1420	  x8:0x8000888c  x8=0x80008e18
        5005000	       499	80000898	00b4d9b3	srl	x19,x9,x11	  x9:0x00000001 x11:0x80009fc8 x19=0x00000000
        5015000	       500	8000089c	00840d03	lb	x26,8(x8)	  x8:0x80008e18 x26=0x00000040 PA:0x80008e20
        5025000	       501	800008a0	40ec5033	sra	x0,x24,x14	 x24:0x4d6b16a4 x14:0x80009f84
        5035000	       502	800008a4	ff241e83	lh	x29,-14(x8)	  x8:0x80008e18 x29=0x00007b1d PA:0x80008e0a
        5045000	       503	800008a8	ff841c03	lh	x24,-8(x8)	  x8:0x80008e18 x24=0xffffae46 PA:0x80008e10
        5055000	       504	800008ac	0221ca13	xori	x20,x3,34	  x3:0x00000490 x20=0x000004b2
        5065000	       505	800008b0	ff344603	lbu	x12,-13(x8)	  x8:0x80008e18 x12=0x0000007b PA:0x80008e0b
        5075000	       506	800008b4	01828133	add	x2,x5,x24	  x5:0x00000001 x24:0xffffae46  x2=0xffffae47
        5085000	       507	800008b8	00742223	sw	x7,4(x8)	  x8:0x80008e18  x7:0x00000001 PA:0x80008e1c
        5095000	       508	800008bc	0115db13	srli	x22,x11,0x11	 x11:0x80009fc8 x22=0x00004000
        5105000	       509	800008c0	fe740da3	sb	x7,-5(x8)	  x8:0x80008e18  x7:0x00000001 PA:0x80008e13
        5115000	       510	800008c4	fe740f23	sb	x7,-2(x8)	  x8:0x80008e18  x7:0x00000001 PA:0x80008e16
        5125000	       511	800008c8	38764037	lui	x0,0x38764	
        5135000	       512	800008cc	ffc45b83	lhu	x23,-4(x8)	  x8:0x80008e18 x23=0x0000c568 PA:0x80008e14
        5145000	       513	800008d0	00375893	srli	x17,x14,0x3	 x14:0x80009f84 x17=0x100013f0
        5155000	       514	800008d4	015608b3	add	x17,x12,x21	 x12:0x0000007b x21:0xf66a1d35 x17=0xf66a1db0
        5165000	       515	800008d8	40ffd793	srai	x15,x31,0xf	 x31:0x00000001 x15=0x00000000
        5175000	       516	800008dc	57720c93	addi	x25,x4,1399	  x4:0x00000001 x25=0x00000578
        5185000	       517	800008e0	fff40c03	lb	x24,-1(x8)	  x8:0x80008e18 x24=0xffffff90 PA:0x80008e17
        5195000	       518	800008e4	ff442a03	lw	x20,-12(x8)	  x8:0x80008e18 x20=0xcb99f29c PA:0x80008e0c
        5205000	       519	800008e8	0233e263	bltu	x7,x3,8000090c	  x7:0x00000001  x3:0x00000490
        5215000	       520	00000000	00000013	addi	x0,x0,0	  x0:0x00000000
        5225000	       521	80000908	00000013	addi	x0,x0,0	  x0:0x00000000
        5235000	       522	8000090c	043b6663	bltu	x22,x3,80000958	 x22:0x00004000  x3:0x00000490
        5245000	       523	80000910	00d4dc63	bge	x9,x13,80000928	  x9:0x00000001 x13:0x88a93674
        5255000	       524	00000000	00000013	addi	x0,x0,0	  x0:0x00000000
        5265000	       525	80000924	00000013	addi	x0,x0,0	  x0:0x00000000
        5275000	       526	80000928	019f5633	srl	x12,x30,x25	 x30:0x00000000 x25:0x00000578 x12=0x00000000
        5285000	       527	8000092c	c88f4093	xori	x1,x30,-888	 x30:0x00000000  x1=0xfffffc88
        5295000	       528	80000930	e18cf217	auipc	x4,0xe18cf	  x4=0x618cf92c
        5305000	       529	80000934	00000013	addi	x0,x0,0	  x0:0x00000000
        5315000	       530	80000938	41c48033	sub	x0,x9,x28	  x9:0x00000001 x28:0x00000000
        5325000	       531	8000093c	00000013	addi	x0,x0,0	  x0:0x00000000
        5335000	       532	80000940	00b69463	bne	x13,x11,80000948	 x13:0x88a93674 x11:0x80009fc8
        5345000	       533	00000000	00000013	addi	x0,x0,0	  x0:0x00000000
        5355000	       534	80000944	00000013	addi	x0,x0,0	  x0:0x00000000
        5365000	       535	80000948	01939d33	sll	x26,x7,x25	  x7:0x00000001 x25:0x00000578 x26=0x01000000
        5375000	       536	8000094c	a8863913	sltiu	x18,x12,-1400	 x12:0x00000000 x18=0x00000001
        5385000	       537	80000950	00a709b3	add	x19,x14,x10	 x14:0x80009f84 x10:0x8000842d x19=0x000123b1
        5395000	       538	80000954	0062d863	bge	x5,x6,80000964	  x5:0x00000001  x6:0x80009fc4
        5405000	       539	00000000	00000013	addi	x0,x0,0	  x0:0x00000000
        5415000	       540	80000960	00000013	addi	x0,x0,0	  x0:0x00000000
        5425000	       541	80000964	a970ac93	slti	x25,x1,-1385	  x1:0xfffffc88 x25=0x00000000
        5435000	       542	80000968	40a05293	srai	x5,x0,0xa	  x0:0x00000000  x5=0x00000000
        5445000	       543	8000096c	00e657b3	srl	x15,x12,x14	 x12:0x00000000 x14:0x80009f84 x15=0x00000000
        5455000	       544	80000970	01ae3d33	sltu	x26,x28,x26	 x28:0x00000000 x26:0x01000000 x26=0x00000001
        5465000	       545	80000974	02e9c463	blt	x19,x14,8000099c	 x19:0x000123b1 x14:0x80009f84
        5475000	       546	80000978	e6781437	lui	x8,0xe6781	  x8=0xe6781000
        5485000	       547	8000097c	40b95413	srai	x8,x18,0xb	 x18:0x00000001  x8=0x00000000
        5495000	       548	80000980	50693f93	sltiu	x31,x18,1286	 x18:0x00000001 x31=0x00000001
        5505000	       549	80000984	406808b3	sub	x17,x16,x6	 x16:0x80008698  x6:0x80009fc4 x17=0xffffe6d4
        5515000	       550	80000988	010b8033	add	x0,x23,x16	 x23:0x0000c568 x16:0x80008698
        5525000	       551	8000098c	01c24863	blt	x4,x28,8000099c	  x4:0x618cf92c x28:0x00000000
        5535000	       552	80000990	01e36133	or	x2,x6,x30	  x6:0x80009fc4 x30:0x00000000  x2=0x80009fc4
        5545000	       553	80000994	01f9d693	srli	x13,x19,0x1f	 x19:0x000123b1 x13=0x00000000
        5555000	       554	80000998	ea69a993	slti	x19,x19,-346	 x19:0x000123b1 x19=0x00000000
        5565000	       555	8000099c	cf54d5b7	lui	x11,0xcf54d	 x11=0xcf54d000
        5575000	       556	800009a0	01f383b3	add	x7,x7,x31	  x7:0x00000001 x31:0x00000001  x7=0x00000002
        5585000	       557	800009a4	118afa13	andi	x20,x21,280	 x21:0xf66a1d35 x20=0x00000110
        5595000	       558	800009a8	172e6e13	ori	x28,x28,370	 x28:0x00000000 x28=0x00000172
        5605000	       559	800009ac	41b50933	sub	x18,x10,x27	 x10:0x8000842d x27:0xffffffff x18=0x8000842e
        5615000	       560	800009b0	00000013	addi	x0,x0,0	  x0:0x00000000
        5625000	       561	800009b4	ee8e2b13	slti	x22,x28,-280	 x28:0x00000172 x22=0x00000000
        5635000	       562	800009b8	00d0d6b3	srl	x13,x1,x13	  x1:0xfffffc88 x13:0x00000000 x13=0xfffffc88
        5645000	       563	800009bc	37cc7393	andi	x7,x24,892	 x24:0xffffff90  x7=0x00000310
        5655000	       564	800009c0	acd1f113	andi	x2,x3,-1331	  x3:0x00000490  x2=0x00000080
        5665000	       565	800009c4	01a81eb3	sll	x29,x16,x26	 x16:0x80008698 x26:0x00000001 x29=0x00010d30
        5675000	       566	800009c8	11638993	addi	x19,x7,278	  x7:0x00000310 x19=0x00000426
        5685000	       567	800009cc	1e8dae13	slti	x28,x27,488	 x27:0xffffffff x28=0x00000001
        5695000	       568	800009d0	021dfa63	bgeu	x27,x1,80000a04	 x27:0xffffffff  x1:0xfffffc88
        5705000	       569	00000000	00000013	addi	x0,x0,0	  x0:0x00000000
        5715000	       570	80000a00	00000013	addi	x0,x0,0	  x0:0x00000000
        5725000	       571	80000a04	01ded793	srli	x15,x29,0x1d	 x29:0x00010d30 x15=0x00000000
        5735000	       572	80000a08	029e6263	bltu	x28,x9,80000a2c	 x28:0x00000001  x9:0x00000001
        5745000	       573	80000a0c	00000013	addi	x0,x0,0	  x0:0x00000000
        5755000	       574	80000a10	03678863	beq	x15,x22,80000a40	 x15:0x00000000 x22:0x00000000
        5765000	       575	00000000	00000013	addi	x0,x0,0	  x0:0x00000000
        5775000	       576	80000a3c	00000013	addi	x0,x0,0	  x0:0x00000000
        5785000	       577	80000a40	01e1c8b3	xor	x17,x3,x30	  x3:0x00000490 x30:0x00000000 x17=0x00000490
        5795000	       578	80000a44	41f75533	sra	x10,x14,x31	 x14:0x80009f84 x31:0x00000001 x10=0xc0004fc2
        5805000	       579	80000a48	b8b0f637	lui	x12,0xb8b0f	 x12=0xb8b0f000
        5815000	       580	80000a4c	d4240493	addi	x9,x8,-702	  x8:0x00000000  x9=0xfffffd42
        5825000	       581	80000a50	404653b3	sra	x7,x12,x4	 x12:0xb8b0f000  x4:0x618cf92c  x7=0xfffb8b0f
        5835000	       582	80000a54	9f28aa13	slti	x20,x17,-1550	 x17:0x00000490 x20=0x00000000
        5845000	       583	80000a58	018046b3	xor	x13,x0,x24	  x0:0x00000000 x24:0xffffff90 x13=0xffffff90
        5855000	       584	80000a5c	0125e5b3	or	x11,x11,x18	 x11:0xcf54d000 x18:0x8000842e x11=0xcf54d42e
        5865000	       585	80000a60	01e1f633	and	x12,x3,x30	  x3:0x00000490 x30:0x00000000 x12=0x00000000
        5875000	       586	80000a64	8f4f8d13	addi	x26,x31,-1804	 x31:0x00000001 x26=0xfffff8f5
        5885000	       587	80000a68	01c2c133	xor	x2,x5,x28	  x5:0x00000000 x28:0x00000001  x2=0x00000001
        5895000	       588	80000a6c	011bd6b3	srl	x13,x23,x17	 x23:0x0000c568 x17:0x00000490 x13=0x00000000
        5905000	       589	80000a70	85688193	addi	x3,x17,-1962	 x17:0x00000490  x3=0xfffffce6
        5915000	       590	80000a74	01c66a33	or	x20,x12,x28	 x12:0x00000000 x28:0x00000001 x20=0x00000001
        5925000	       591	80000a78	00e5b433	sltu	x8,x11,x14	 x11:0xcf54d42e x14:0x80009f84  x8=0x00000000
        5935000	       592	80000a7c	02691c63	bne	x18,x6,80000ab4	 x18:0x8000842e  x6:0x80009fc4
        5945000	       593	00000000	00000013	addi	x0,x0,0	  x0:0x00000000
        5955000	       594	80000ab0	00000013	addi	x0,x0,0	  x0:0x00000000
        5965000	       595	80000ab4	2e9ccc13	xori	x24,x25,745	 x25:0x00000000 x24=0x000002e9
        5975000	       596	80000ab8	68b16213	ori	x4,x2,1675	  x2:0x00000001  x4=0x0000068b
        5985000	       597	80000abc	01ea2633	slt	x12,x20,x30	 x20:0x00000001 x30:0x00000000 x12=0x00000000
        5995000	       598	80000ac0	008a12b3	sll	x5,x20,x8	 x20:0x00000001  x8:0x00000000  x5=0x00000001
        6005000	       599	80000ac4	39d6f593	andi	x11,x13,925	 x13:0x00000000 x11=0x00000000
        6015000	       600	80000ac8	00000013	addi	x0,x0,0	  x0:0x00000000
        6025000	       601	80000acc	00045593	srli	x11,x8,0x0	  x8:0x00000000 x11=0x00000000
        6035000	       602	80000ad0	e43b6c93	ori	x25,x22,-445	 x22:0x00000000 x25=0xfffffe43
        6045000	       603	80000ad4	009e4463	blt	x28,x9,80000adc	 x28:0x00000001  x9:0xfffffd42
        6055000	       604	80000ad8	00158eb3	add	x29,x11,x1	 x11:0x00000000  x1:0xfffffc88 x29=0xfffffc88
        6065000	       605	80000adc	07205a63	bge	x0,x18,80000b50	  x0:0x00000000 x18:0x8000842e
        6075000	       606	00000000	00000013	addi	x0,x0,0	  x0:0x00000000
        6085000	       607	80000b4c	00000013	addi	x0,x0,0	  x0:0x00000000
        6095000	       608	80000b50	0093d533	srl	x10,x7,x9	  x7:0xfffb8b0f  x9:0xfffffd42 x10=0x3ffee2c3
        6105000	       609	80000b54	01ec7a63	bgeu	x24,x30,80000b68	 x24:0x000002e9 x30:0x00000000
        6115000	       610	00000000	00000013	addi	x0,x0,0	  x0:0x00000000
        6125000	       611	80000b64	00000013	addi	x0,x0,0	  x0:0x00000000
        6135000	       612	80000b68	023dd063	bge	x27,x3,80000b88	 x27:0xffffffff  x3:0xfffffce6
        6145000	       613	00000000	00000013	addi	x0,x0,0	  x0:0x00000000
        6155000	       614	80000b84	00000013	addi	x0,x0,0	  x0:0x00000000
        6165000	       615	80000b88	00e21c63	bne	x4,x14,80000ba0	  x4:0x0000068b x14:0x80009f84
        6175000	       616	00000000	00000013	addi	x0,x0,0	  x0:0x00000000
        6185000	       617	80000b9c	00000013	addi	x0,x0,0	  x0:0x00000000
        6195000	       618	80000ba0	04bc5663	bge	x24,x11,80000bec	 x24:0x000002e9 x11:0x00000000
        6205000	       619	00000000	00000013	addi	x0,x0,0	  x0:0x00000000
        6215000	       620	80000be8	00000013	addi	x0,x0,0	  x0:0x00000000
        6225000	       621	80000bec	01a6ec33	or	x24,x13,x26	 x13:0x00000000 x26:0xfffff8f5 x24=0xfffff8f5
        6235000	       622	80000bf0	012fee63	bltu	x31,x18,80000c0c	 x31:0x00000001 x18:0x8000842e
        6245000	       623	00000000	00000013	addi	x0,x0,0	  x0:0x00000000
        6255000	       624	80000c08	00000013	addi	x0,x0,0	  x0:0x00000000
        6265000	       625	80000c0c	41158433	sub	x8,x11,x17	 x11:0x00000000 x17:0x00000490  x8=0xfffffb70
        6275000	       626	80000c10	01a670b3	and	x1,x12,x26	 x12:0x00000000 x26:0xfffff8f5  x1=0x00000000
        6285000	       627	80000c14	015d8863	beq	x27,x21,80000c24	 x27:0xffffffff x21:0xf66a1d35
        6295000	       628	80000c18	0c8a8513	addi	x10,x21,200	 x21:0xf66a1d35 x10=0xf66a1dfd
        6305000	       629	80000c1c	40b559b3	sra	x19,x10,x11	 x10:0xf66a1dfd x11:0x00000000 x19=0xf66a1dfd
        6315000	       630	80000c20	14a12513	slti	x10,x2,330	  x2:0x00000001 x10=0x00000001
        6325000	       631	80000c24	c0b97517	auipc	x10,0xc0b97	 x10=0x40b97c20
        6335000	       632	80000c28	00811c33	sll	x24,x2,x8	  x2:0x00000001  x8:0xfffffb70 x24=0x00010000
        6345000	       633	80000c2c	9e708593	addi	x11,x1,-1561	  x1:0x00000000 x11=0xfffff9e7
        6355000	       634	80000c30	a1d72517	auipc	x10,0xa1d72	 x10=0x21d72c2c
        6365000	       635	80000c34	00227433	and	x8,x4,x2	  x4:0x0000068b  x2:0x00000001  x8=0x00000001
        6375000	       636	80000c38	00000013	addi	x0,x0,0	  x0:0x00000000
        6385000	       637	80000c3c	62d77913	andi	x18,x14,1581	 x14:0x80009f84 x18=0x00000604
        6395000	       638	80000c40	278d2b93	slti	x23,x26,632	 x26:0xfffff8f5 x23=0x00000001
        6405000	       639	80000c44	0077b1b3	sltu	x3,x15,x7	 x15:0x00000000  x7:0xfffb8b0f  x3=0x00000001
        6415000	       640	80000c48	017c5633	srl	x12,x24,x23	 x24:0x00010000 x23:0x00000001 x12=0x00008000
        6425000	       641	80000c4c	00b84033	xor	x0,x16,x11	 x16:0x80008698 x11:0xfffff9e7
        6435000	       642	80000c50	05608663	beq	x1,x22,80000c9c	  x1:0x00000000 x22:0x00000000
        6445000	       643	00000000	00000013	addi	x0,x0,0	  x0:0x00000000
        6455000	       644	80000c98	00000013	addi	x0,x0,0	  x0:0x00000000
        6465000	       645	80000c9c	954c3c13	sltiu	x24,x24,-1708	 x24:0x00010000 x24=0x00000001
        6475000	       646	80000ca0	41778cb3	sub	x25,x15,x23	 x15:0x00000000 x23:0x00000001 x25=0xffffffff
        6485000	       647	80000ca4	01f439b3	sltu	x19,x8,x31	  x8:0x00000001 x31:0x00000001 x19=0x00000000
        6495000	       648	80000ca8	01185463	bge	x16,x17,80000cb0	 x16:0x80008698 x17:0x00000490
        6505000	       649	80000cac	40cd5633	sra	x12,x26,x12	 x26:0xfffff8f5 x12:0x00008000 x12=0xfffff8f5
        6515000	       650	80000cb0	00000013	addi	x0,x0,0	  x0:0x00000000
        6525000	       651	80000cb4	4bdf2013	slti	x0,x30,1213	 x30:0x00000000
        6535000	       652	80000cb8	00df8c33	add	x24,x31,x13	 x31:0x00000001 x13:0x00000000 x24=0x00000001
        6545000	       653	80000cbc	c4d68bb7	lui	x23,0xc4d68	 x23=0xc4d68000
        6555000	       654	80000cc0	05b64663	blt	x12,x27,80000d0c	 x12:0xfffff8f5 x27:0xffffffff
        6565000	       655	00000000	00000013	addi	x0,x0,0	  x0:0x00000000
        6575000	       656	80000d08	00000013	addi	x0,x0,0	  x0:0x00000000
        6585000	       657	80000d0c	01177c63	bgeu	x14,x17,80000d24	 x14:0x80009f84 x17:0x00000490
        6595000	       658	00000000	00000013	addi	x0,x0,0	  x0:0x00000000
        6605000	       659	80000d20	00000013	addi	x0,x0,0	  x0:0x00000000
        6615000	       660	80000d24	05dd6063	bltu	x26,x29,80000d64	 x26:0xfffff8f5 x29:0xfffffc88
        6625000	       661	00000000	00000013	addi	x0,x0,0	  x0:0x00000000
        6635000	       662	80000d60	00000013	addi	x0,x0,0	  x0:0x00000000
        6645000	       663	80000d64	9b93bf17	auipc	x30,0x9b93b	 x30=0x1b93bd60
        6655000	       664	80000d68	01694bb3	xor	x23,x18,x22	 x18:0x00000604 x22:0x00000000 x23=0x00000604
        6665000	       665	80000d6c	01cc9c13	slli	x24,x25,0x1c	 x25:0xffffffff x24=0xf0000000
        6675000	       666	80000d70	208fc7b7	lui	x15,0x208fc	 x15=0x208fc000
        6685000	       667	80000d74	105c0f13	addi	x30,x24,261	 x24:0xf0000000 x30=0xf0000105
        6695000	       668	80000d78	01eb33b3	sltu	x7,x22,x30	 x22:0x00000000 x30:0xf0000105  x7=0x00000001
        6705000	       669	80000d7c	3bbeac93	slti	x25,x29,955	 x29:0xfffffc88 x25=0x00000001
        6715000	       670	80000d80	00d41993	slli	x19,x8,0xd	  x8:0x00000001 x19=0x00002000
        6725000	       671	80000d84	01e60463	beq	x12,x30,80000d8c	 x12:0xfffff8f5 x30:0xf0000105
        6735000	       672	80000d88	004309b3	add	x19,x6,x4	  x6:0x80009fc4  x4:0x0000068b x19=0x8000a64f
        6745000	       673	80000d8c	012c0e33	add	x28,x24,x18	 x24:0xf0000000 x18:0x00000604 x28=0xf0000604
        6755000	       674	80000d90	2c0f0013	addi	x0,x30,704	 x30:0xf0000105
        6765000	       675	80000d94	00d684b3	add	x9,x13,x13	 x13:0x00000000 x13:0x00000000  x9=0x00000000
        6775000	       676	80000d98	41c25f93	srai	x31,x4,0x1c	  x4:0x0000068b x31=0x00000000
        6785000	       677	80000d9c	0096f7b3	and	x15,x13,x9	 x13:0x00000000  x9:0x00000000 x15=0x00000000
        6795000	       678	80000da0	b374e213	ori	x4,x9,-1225	  x9:0x00000000  x4=0xfffffb37
        6805000	       679	80000da4	40810693	addi	x13,x2,1032	  x2:0x00000001 x13=0x00000409
        6815000	       680	80000da8	015a9293	slli	x5,x21,0x15	 x21:0xf66a1d35  x5=0xa6a00000
        6825000	       681	80000dac	e4087993	andi	x19,x16,-448	 x16:0x80008698 x19=0x80008600
        6835000	       682	80000db0	e71c3cb7	lui	x25,0xe71c3	 x25=0xe71c3000
        6845000	       683	80000db4	40128f33	sub	x30,x5,x1	  x5:0xa6a00000  x1:0x00000000 x30=0xa6a00000
        6855000	       684	80000db8	050f6463	bltu	x30,x16,80000e00	 x30:0xa6a00000 x16:0x80008698
        6865000	       685	80000dbc	2c23c113	xori	x2,x7,706	  x7:0x00000001  x2=0x000002c3
        6875000	       686	80000dc0	00dd2633	slt	x12,x26,x13	 x26:0xfffff8f5 x13:0x00000409 x12=0x00000001
        6885000	       687	80000dc4	00000013	addi	x0,x0,0	  x0:0x00000000
        6895000	       688	80000dc8	011f69b3	or	x19,x30,x17	 x30:0xa6a00000 x17:0x00000490 x19=0xa6a00490
        6905000	       689	80000dcc	009b6233	or	x4,x22,x9	 x22:0x00000000  x9:0x00000000  x4=0x00000000
        6915000	       690	80000dd0	40b585b3	sub	x11,x11,x11	 x11:0xfffff9e7 x11:0xfffff9e7 x11=0x00000000
        6925000	       691	80000dd4	019f16b3	sll	x13,x30,x25	 x30:0xa6a00000 x25:0xe71c3000 x13=0xa6a00000
        6935000	       692	80000dd8	00c90463	beq	x18,x12,80000de0	 x18:0x00000604 x12:0x00000001
        6945000	       693	80000ddc	017de8b3	or	x17,x27,x23	 x27:0xffffffff x23:0x00000604 x17=0xffffffff
        6955000	       694	80000de0	0208dc63	bge	x17,x0,80000e18	 x17:0xffffffff  x0:0x00000000
        6965000	       695	80000de4	00db68b3	or	x17,x22,x13	 x22:0x00000000 x13:0xa6a00000 x17=0xa6a00000
        6975000	       696	80000de8	929e4c93	xori	x25,x28,-1751	 x28:0xf0000604 x25=0x0fffff2d
        6985000	       697	80000dec	417789b3	sub	x19,x15,x23	 x15:0x00000000 x23:0x00000604 x19=0xfffff9fc
        6995000	       698	80000df0	0c6db993	sltiu	x19,x27,198	 x27:0xffffffff x19=0x00000000
        7005000	       699	80000df4	c8986093	ori	x1,x16,-887	 x16:0x80008698  x1=0xfffffe99
        7015000	       700	80000df8	44a81d97	auipc	x27,0x44a81	 x27=0xc4a81df4
        7025000	       701	80000dfc	c315b593	sltiu	x11,x11,-975	 x11:0x00000000 x11=0x00000001
        7035000	       702	80000e00	71f27513	andi	x10,x4,1823	  x4:0x00000000 x10=0x00000000
        7045000	       703	80000e04	e2787393	andi	x7,x16,-473	 x16:0x80008698  x7=0x80008600
        7055000	       704	80000e08	0101bc33	sltu	x24,x3,x16	  x3:0x00000001 x16:0x80008698 x24=0x00000001
        7065000	       705	80000e0c	1f81ca13	xori	x20,x3,504	  x3:0x00000001 x20=0x000001f9
        7075000	       706	80000e10	03776a63	bltu	x14,x23,80000e44	 x14:0x80009f84 x23:0x00000604
        7085000	       707	80000e14	47a2b013	sltiu	x0,x5,1146	  x5:0xa6a00000
        7095000	       708	80000e18	007dde13	srli	x28,x27,0x7	 x27:0xc4a81df4 x28=0x0189503b
        7105000	       709	80000e1c	00655c63	bge	x10,x6,80000e34	 x10:0x00000000  x6:0x80009fc4
        7115000	       710	00000000	00000013	addi	x0,x0,0	  x0:0x00000000
        7125000	       711	80000e30	00000013	addi	x0,x0,0	  x0:0x00000000
        7135000	       712	80000e34	402ad993	srai	x19,x21,0x2	 x21:0xf66a1d35 x19=0xfd9a874d
        7145000	       713	80000e38	d8baf013	andi	x0,x21,-629	 x21:0xf66a1d35
        7155000	       714	80000e3c	2e47a113	slti	x2,x15,740	 x15:0x00000000  x2=0x00000001
        7165000	       715	80000e40	0df55863	bge	x10,x31,80000f10	 x10:0x00000000 x31:0x00000000
        7175000	       716	00000000	00000013	addi	x0,x0,0	  x0:0x00000000
        7185000	       717	80000f0c	00000013	addi	x0,x0,0	  x0:0x00000000
        7195000	       718	80000f10	01be9b13	slli	x22,x29,0x1b	 x29:0xfffffc88 x22=0x40000000
        7205000	       719	80000f14	00a06463	bltu	x0,x10,80000f1c	  x0:0x00000000 x10:0x00000000
        7215000	       720	80000f18	017647b3	xor	x15,x12,x23	 x12:0x00000001 x23:0x00000604 x15=0x00000605
        7225000	       721	80000f1c	000f6b33	or	x22,x30,x0	 x30:0xa6a00000  x0:0x00000000 x22=0xa6a00000
        7235000	       722	80000f20	00000013	addi	x0,x0,0	  x0:0x00000000
        7245000	       723	80000f24	012fc463	blt	x31,x18,80000f2c	 x31:0x00000000 x18:0x00000604
        7255000	       724	00000000	00000013	addi	x0,x0,0	  x0:0x00000000
        7265000	       725	80000f28	00000013	addi	x0,x0,0	  x0:0x00000000
        7275000	       726	80000f2c	001fe0b3	or	x1,x31,x1	 x31:0x00000000  x1:0xfffffe99  x1=0xfffffe99
        7285000	       727	80000f30	335bc793	xori	x15,x23,821	 x23:0x00000604 x15=0x00000531
        7295000	       728	80000f34	02618863	beq	x3,x6,80000f64	  x3:0x00000001  x6:0x80009fc4
        7305000	       729	80000f38	02ae5a63	bge	x28,x10,80000f6c	 x28:0x0189503b x10:0x00000000
        7315000	       730	00000000	00000013	addi	x0,x0,0	  x0:0x00000000
        7325000	       731	80000f68	00000013	addi	x0,x0,0	  x0:0x00000000
        7335000	       732	80000f6c	016b19b3	sll	x19,x22,x22	 x22:0xa6a00000 x22:0xa6a00000 x19=0xa6a00000
        7345000	       733	80000f70	01f29e63	bne	x5,x31,80000f8c	  x5:0xa6a00000 x31:0x00000000
        7355000	       734	00000000	00000013	addi	x0,x0,0	  x0:0x00000000
        7365000	       735	80000f88	00000013	addi	x0,x0,0	  x0:0x00000000
        7375000	       736	80000f8c	05570663	beq	x14,x21,80000fd8	 x14:0x80009f84 x21:0xf66a1d35
        7385000	       737	80000f90	01993c33	sltu	x24,x18,x25	 x18:0x00000604 x25:0x0fffff2d x24=0x00000001
        7395000	       738	80000f94	18b58d93	addi	x27,x11,395	 x11:0x00000001 x27=0x0000018c
        7405000	       739	80000f98	c36a8a13	addi	x20,x21,-970	 x21:0xf66a1d35 x20=0xf66a196b
        7415000	       740	80000f9c	00d31913	slli	x18,x6,0xd	  x6:0x80009fc4 x18=0x13f88000
        7425000	       741	80000fa0	00f61093	slli	x1,x12,0xf	 x12:0x00000001  x1=0x00008000
        7435000	       742	80000fa4	a47af693	andi	x13,x21,-1465	 x21:0xf66a1d35 x13=0xf66a1805
        7445000	       743	80000fa8	851fc117	auipc	x2,0x851fc	  x2=0x051fcfa4
        7455000	       744	80000fac	019fe833	or	x16,x31,x25	 x31:0x00000000 x25:0x0fffff2d x16=0x0fffff2d
        7465000	       745	80000fb0	00e49a63	bne	x9,x14,80000fc4	  x9:0x00000000 x14:0x80009f84
        7475000	       746	00000000	00000013	addi	x0,x0,0	  x0:0x00000000
        7485000	       747	80000fc0	00000013	addi	x0,x0,0	  x0:0x00000000
        7495000	       748	80000fc4	0092d693	srli	x13,x5,0x9	  x5:0xa6a00000 x13=0x00535000
        7505000	       749	80000fc8	41e887b3	sub	x15,x17,x30	 x17:0xa6a00000 x30:0xa6a00000 x15=0x00000000
        7515000	       750	80000fcc	0184c533	xor	x10,x9,x24	  x9:0x00000000 x24:0x00000001 x10=0x00000001
        7525000	       751	80000fd0	dbd74817	auipc	x16,0xdbd74	 x16=0x5bd74fcc
        7535000	       752	80000fd4	ee7abb13	sltiu	x22,x21,-281	 x21:0xf66a1d35 x22=0x00000001
        7545000	       753	80000fd8	012fddb3	srl	x27,x31,x18	 x31:0x00000000 x18:0x13f88000 x27=0x00000000
        7555000	       754	80000fdc	05e14663	blt	x2,x30,80001028	  x2:0x051fcfa4 x30:0xa6a00000
        7565000	       755	80000fe0	409e0033	sub	x0,x28,x9	 x28:0x0189503b  x9:0x00000000
        7575000	       756	80000fe4	00a51e13	slli	x28,x10,0xa	 x10:0x00000001 x28=0x00000400
        7585000	       757	80000fe8	92d02093	slti	x1,x0,-1747	  x0:0x00000000  x1=0x00000000
        7595000	       758	80000fec	419dbe93	sltiu	x29,x27,1049	 x27:0x00000000 x29=0x00000001
        7605000	       759	80000ff0	01ed7db3	and	x27,x26,x30	 x26:0xfffff8f5 x30:0xa6a00000 x27=0xa6a00000
        7615000	       760	80000ff4	0356d263	bge	x13,x21,80001018	 x13:0x00535000 x21:0xf66a1d35
        7625000	       761	00000000	00000013	addi	x0,x0,0	  x0:0x00000000
        7635000	       762	80001014	00000013	addi	x0,x0,0	  x0:0x00000000
        7645000	       763	80001018	00b145b3	xor	x11,x2,x11	  x2:0x051fcfa4 x11:0x00000001 x11=0x051fcfa5
        7655000	       764	8000101c	03e28c63	beq	x5,x30,80001054	  x5:0xa6a00000 x30:0xa6a00000
        7665000	       765	00000000	00000013	addi	x0,x0,0	  x0:0x00000000
        7675000	       766	80001050	00000013	addi	x0,x0,0	  x0:0x00000000
        7685000	       767	80001054	00188863	beq	x17,x1,80001064	 x17:0xa6a00000  x1:0x00000000
        7695000	       768	80001058	00c09463	bne	x1,x12,80001060	  x1:0x00000000 x12:0x00000001
        7705000	       769	00000000	00000013	addi	x0,x0,0	  x0:0x00000000
        7715000	       770	8000105c	00000013	addi	x0,x0,0	  x0:0x00000000
        7725000	       771	80001060	0110e633	or	x12,x1,x17	  x1:0x00000000 x17:0xa6a00000 x12=0xa6a00000
        7735000	       772	80001064	00000013	addi	x0,x0,0	  x0:0x00000000
        7745000	       773	80001068	413d5e33	sra	x28,x26,x19	 x26:0xfffff8f5 x19:0xa6a00000 x28=0xfffff8f5
        7755000	       774	8000106c	9715c2b7	lui	x5,0x9715c	  x5=0x9715c000
        7765000	       775	80001070	006cc833	xor	x16,x25,x6	 x25:0x0fffff2d  x6:0x80009fc4 x16=0x8fff60e9
        7775000	       776	80001074	01951413	slli	x8,x10,0x19	 x10:0x00000001  x8=0x02000000
        7785000	       777	80001078	761ec593	xori	x11,x29,1889	 x29:0x00000001 x11=0x00000760
        7795000	       778	8000107c	02f04263	blt	x0,x15,800010a0	  x0:0x00000000 x15:0x00000000
        7805000	       779	80001080	05bcc063	blt	x25,x27,800010c0	 x25:0x0fffff2d x27:0xa6a00000
        7815000	       780	80001084	1d4a4413	xori	x8,x20,468	 x20:0xf66a196b  x8=0xf66a18bf
        7825000	       781	80001088	00dc9d93	slli	x27,x25,0xd	 x25:0x0fffff2d x27=0xffe5a000
        7835000	       782	8000108c	09a7d6b7	lui	x13,0x9a7d	 x13=0x09a7d000
        7845000	       783	80001090	e7952a13	slti	x20,x10,-391	 x10:0x00000001 x20=0x00000000
        7855000	       784	80001094	01694fb3	xor	x31,x18,x22	 x18:0x13f88000 x22:0x00000001 x31=0x13f88001
        7865000	       785	80001098	01ab9fb3	sll	x31,x23,x26	 x23:0x00000604 x26:0xfffff8f5 x31=0xc0800000
        7875000	       786	8000109c	00fbf3b3	and	x7,x23,x15	 x23:0x00000604 x15:0x00000000  x7=0x00000000
        7885000	       787	800010a0	0036d0b3	srl	x1,x13,x3	 x13:0x09a7d000  x3:0x00000001  x1=0x04d3e800
        7895000	       788	800010a4	41c78013	addi	x0,x15,1052	 x15:0x00000000
        7905000	       789	800010a8	40d7d193	srai	x3,x15,0xd	 x15:0x00000000  x3=0x00000000
        7915000	       790	800010ac	01285863	bge	x16,x18,800010bc	 x16:0x8fff60e9 x18:0x13f88000
        7925000	       791	800010b0	016f79b3	and	x19,x30,x22	 x30:0xa6a00000 x22:0x00000001 x19=0x00000000
        7935000	       792	800010b4	b97fb517	auipc	x10,0xb97fb	 x10=0x397fc0b0
        7945000	       793	800010b8	01167c63	bgeu	x12,x17,800010d0	 x12:0xa6a00000 x17:0xa6a00000
        7955000	       794	00000000	00000013	addi	x0,x0,0	  x0:0x00000000
        7965000	       795	800010cc	00000013	addi	x0,x0,0	  x0:0x00000000
        7975000	       796	800010d0	40a450b3	sra	x1,x8,x10	  x8:0xf66a18bf x10:0x397fc0b0  x1=0xfffff66a
        7985000	       797	800010d4	97cf7793	andi	x15,x30,-1668	 x30:0xa6a00000 x15=0xa6a00000
        7995000	       798	800010d8	00007597	auipc	x11,0x7	 x11=0x800080d4
        8005000	       799	800010dc	0c058593	addi	x11,x11,192	 x11:0x800080d4 x11=0x80008194
        8015000	       800	800010e0	007e9993	slli	x19,x29,0x7	 x29:0x00000001 x19=0x00000080
        8025000	       801	800010e4	0c858903	lb	x18,200(x11)	 x11:0x80008194 x18=0x00000021 PA:0x8000825c
        8035000	       802	800010e8	fa25c403	lbu	x8,-94(x11)	 x11:0x80008194  x8=0x000000a7 PA:0x80008136
        8045000	       803	800010ec	0ba58003	lb	x0,186(x11)	 x11:0x80008194 PA:0x8000824e
        8055000	       804	800010f0	41e3d093	srai	x1,x7,0x1e	  x7:0x00000000  x1=0x00000000
        8065000	       805	800010f4	0245a623	sw	x4,44(x11)	 x11:0x80008194  x4:0x00000000 PA:0x800081c0
        8075000	       806	800010f8	fa358123	sb	x3,-94(x11)	 x11:0x80008194  x3:0x00000000 PA:0x80008136
        8085000	       807	800010fc	02858a03	lb	x20,40(x11)	 x11:0x80008194 x20=0x00000072 PA:0x800081bc
        8095000	       808	80001100	0e258aa3	sb	x2,245(x11)	 x11:0x80008194  x2:0x051fcfa4 PA:0x80008289
        8105000	       809	80001104	334aaf93	slti	x31,x21,820	 x21:0xf66a1d35 x31=0x00000001
        8115000	       810	80001108	fa95ff13	andi	x30,x11,-87	 x11:0x80008194 x30=0x80008180
        8125000	       811	8000110c	f47584a3	sb	x7,-183(x11)	 x11:0x80008194  x7:0x00000000 PA:0x800080dd
        8135000	       812	80001110	fe8581a3	sb	x8,-29(x11)	 x11:0x80008194  x8:0x000000a7 PA:0x80008177
        8145000	       813	80001114	0945c503	lbu	x10,148(x11)	 x11:0x80008194 x10=0x000000ba PA:0x80008228
        8155000	       814	80001118	8e914193	xori	x3,x2,-1815	  x2:0x051fcfa4  x3=0xfae0374d
        8165000	       815	8000111c	fcb5a223	sw	x11,-60(x11)	 x11:0x80008194 x11:0x80008194 PA:0x80008158
        8175000	       816	80001120	05758803	lb	x16,87(x11)	 x11:0x80008194 x16=0x0000005a PA:0x800081eb
        8185000	       817	80001124	00eb0b33	add	x22,x22,x14	 x22:0x00000001 x14:0x80009f84 x22=0x80009f85
        8195000	       818	80001128	0185d503	lhu	x10,24(x11)	 x11:0x80008194 x10=0x000034b7 PA:0x800081ac
        8205000	       819	8000112c	00000013	addi	x0,x0,0	  x0:0x00000000
        8215000	       820	80001130	ed1cfb93	andi	x23,x25,-303	 x25:0x0fffff2d x23=0x0ffffe01
        8225000	       821	80001134	f8c58e23	sb	x12,-100(x11)	 x11:0x80008194 x12:0xa6a00000 PA:0x80008130
        8235000	       822	80001138	fac5a823	sw	x12,-80(x11)	 x11:0x80008194 x12:0xa6a00000 PA:0x80008144
        8245000	       823	8000113c	ac7a19b7	lui	x19,0xac7a1	 x19=0xac7a1000
        8255000	       824	80001140	00d5c483	lbu	x9,13(x11)	 x11:0x80008194  x9=0x00000018 PA:0x800081a1
        8265000	       825	80001144	01258403	lb	x8,18(x11)	 x11:0x80008194  x8=0x00000031 PA:0x800081a6
        8275000	       826	80001148	fee5d183	lhu	x3,-18(x11)	 x11:0x80008194  x3=0x00005bc6 PA:0x80008182
        8285000	       827	8000114c	018eb4b3	sltu	x9,x29,x24	 x29:0x00000001 x24:0x00000001  x9=0x00000000
        8295000	       828	80001150	f2ce67b7	lui	x15,0xf2ce6	 x15=0xf2ce6000
        8305000	       829	80001154	fb858d03	lb	x26,-72(x11)	 x11:0x80008194 x26=0xffffffae PA:0x8000814c
        8315000	       830	80001158	fdb58f03	lb	x30,-37(x11)	 x11:0x80008194 x30=0x00000046 PA:0x8000816f
        8325000	       831	00000000	00000013	addi	x0,x0,0	  x0:0x00000000
        8335000	       832	8000115c	006f5233	srl	x4,x30,x6	 x30:0x00000046  x6:0x80009fc4  x4=0x00000004
        8345000	       833	80001160	0605a883	lw	x17,96(x11)	 x11:0x80008194 x17=0xf155748f PA:0x800081f4
        8355000	       834	80001164	0c758083	lb	x1,199(x11)	 x11:0x80008194  x1=0xffffffa4 PA:0x8000825b
        8365000	       835	80001168	6def4613	xori	x12,x30,1758	 x30:0x00000046 x12=0x00000698
        8375000	       836	8000116c	01a99233	sll	x4,x19,x26	 x19:0xac7a1000 x26:0xffffffae  x4=0x84000000
        8385000	       837	80001170	f2758b23	sb	x7,-202(x11)	 x11:0x80008194  x7:0x00000000 PA:0x800080ca
        8395000	       838	80001174	c2470b13	addi	x22,x14,-988	 x14:0x80009f84 x22=0x80009ba8
        8405000	       839	80001178	04259883	lh	x17,66(x11)	 x11:0x80008194 x17=0xffffbab1 PA:0x800081d6
        8415000	       840	8000117c	04758ca3	sb	x7,89(x11)	 x11:0x80008194  x7:0x00000000 PA:0x800081ed
        8425000	       841	80001180	400c0f33	sub	x30,x24,x0	 x24:0x00000001  x0:0x00000000 x30=0x00000001
        8435000	       842	80001184	4139d213	srai	x4,x19,0x13	 x19:0xac7a1000  x4=0xfffff58f
        8445000	       843	80001188	063589a3	sb	x3,115(x11)	 x11:0x80008194  x3:0x00005bc6 PA:0x80008207
        8455000	       844	8000118c	fa158003	lb	x0,-95(x11)	 x11:0x80008194 PA:0x80008135
        8465000	       845	80001190	37bac993	xori	x19,x21,891	 x21:0xf66a1d35 x19=0xf66a1e4e
        8475000	       846	80001194	0241da63	bge	x3,x4,800011c8	  x3:0x00005bc6  x4:0xfffff58f
        8485000	       847	00000000	00000013	addi	x0,x0,0	  x0:0x00000000
        8495000	       848	800011c4	00000013	addi	x0,x0,0	  x0:0x00000000
        8505000	       849	800011c8	01699a33	sll	x20,x19,x22	 x19:0xf66a1e4e x22:0x80009ba8 x20=0x6a1e4e00
        8515000	       850	800011cc	34314eb7	lui	x29,0x34314	 x29=0x34314000
        8525000	       851	800011d0	721931b7	lui	x3,0x72193	  x3=0x72193000
        8535000	       852	800011d4	008edbb3	srl	x23,x29,x8	 x29:0x34314000  x8:0x00000031 x23=0x00001a18
        8545000	       853	800011d8	00dfbfb3	sltu	x31,x31,x13	 x31:0x00000001 x13:0x09a7d000 x31=0x00000001
        8555000	       854	800011dc	0412c663	blt	x5,x1,80001228	  x5:0x9715c000  x1:0xffffffa4
        8565000	       855	00000000	00000013	addi	x0,x0,0	  x0:0x00000000
        8575000	       856	80001224	00000013	addi	x0,x0,0	  x0:0x00000000
        8585000	       857	80001228	00bb0fb3	add	x31,x22,x11	 x22:0x80009ba8 x11:0x80008194 x31=0x00011d3c
        8595000	       858	8000122c	030f4863	blt	x30,x16,8000125c	 x30:0x00000001 x16:0x0000005a
        8605000	       859	00000000	00000013	addi	x0,x0,0	  x0:0x00000000
        8615000	       860	80001258	00000013	addi	x0,x0,0	  x0:0x00000000
        8625000	       861	8000125c	b9253493	sltiu	x9,x10,-1134	 x10:0x000034b7  x9=0x00000001
        8635000	       862	80001260	030c1a63	bne	x24,x16,80001294	 x24:0x00000001 x16:0x0000005a
        8645000	       863	00000000	00000013	addi	x0,x0,0	  x0:0x00000000
        8655000	       864	80001290	00000013	addi	x0,x0,0	  x0:0x00000000
        8665000	       865	80001294	016ab5b3	sltu	x11,x21,x22	 x21:0xf66a1d35 x22:0x80009ba8 x11=0x00000000
        8675000	       866	80001298	2934ba13	sltiu	x20,x9,659	  x9:0x00000001 x20=0x00000001
        8685000	       867	8000129c	b1d06413	ori	x8,x0,-1251	  x0:0x00000000  x8=0xfffffb1d
        8695000	       868	800012a0	01c11113	slli	x2,x2,0x1c	  x2:0x051fcfa4  x2=0x40000000
        8705000	       869	800012a4	40624c93	xori	x25,x4,1030	  x4:0xfffff58f x25=0xfffff189
        8715000	       870	800012a8	40d62913	slti	x18,x12,1037	 x12:0x00000698 x18=0x00000000
        8725000	       871	800012ac	0135fa63	bgeu	x11,x19,800012c0	 x11:0x00000000 x19:0xf66a1e4e
        8735000	       872	800012b0	5633c937	lui	x18,0x5633c	 x18=0x5633c000
        8745000	       873	800012b4	412add13	srai	x26,x21,0x12	 x21:0xf66a1d35 x26=0xfffffd9a
        8755000	       874	800012b8	bf002393	slti	x7,x0,-1040	  x0:0x00000000  x7=0x00000000
        8765000	       875	800012bc	04236663	bltu	x6,x2,80001308	  x6:0x80009fc4  x2:0x40000000
        8775000	       876	800012c0	00137c63	bgeu	x6,x1,800012d8	  x6:0x80009fc4  x1:0xffffffa4
        8785000	       877	800012c4	3922c537	lui	x10,0x3922c	 x10=0x3922c000
        8795000	       878	800012c8	7dfc6093	ori	x1,x24,2015	 x24:0x00000001  x1=0x000007df
        8805000	       879	800012cc	00121463	bne	x4,x1,800012d4	  x4:0xfffff58f  x1:0x000007df
        8815000	       880	00000000	00000013	addi	x0,x0,0	  x0:0x00000000
        8825000	       881	800012d0	00000013	addi	x0,x0,0	  x0:0x00000000
        8835000	       882	800012d4	640d4993	xori	x19,x26,1600	 x26:0xfffffd9a x19=0xfffffbda
        8845000	       883	800012d8	3db9ae93	slti	x29,x19,987	 x19:0xfffffbda x29=0x00000001
        8855000	       884	800012dc	05c86113	ori	x2,x16,92	 x16:0x0000005a  x2=0x0000005e
        8865000	       885	800012e0	00bb67b3	or	x15,x22,x11	 x22:0x80009ba8 x11:0x00000000 x15=0x80009ba8
        8875000	       886	800012e4	40685cb3	sra	x25,x16,x6	 x16:0x0000005a  x6:0x80009fc4 x25=0x00000005
        8885000	       887	800012e8	02ba0463	beq	x20,x11,80001310	 x20:0x00000001 x11:0x00000000
        8895000	       888	800012ec	8e06e613	ori	x12,x13,-1824	 x13:0x09a7d000 x12=0xfffff8e0
        8905000	       889	800012f0	00722bb3	slt	x23,x4,x7	  x4:0xfffff58f  x7:0x00000000 x23=0x00000001
        8915000	       890	800012f4	04d46663	bltu	x8,x13,80001340	  x8:0xfffffb1d x13:0x09a7d000
        8925000	       891	800012f8	cc392e97	auipc	x29,0xcc392	 x29=0x4c3932f4
        8935000	       892	800012fc	0055ec33	or	x24,x11,x5	 x11:0x00000000  x5:0x9715c000 x24=0x9715c000
        8945000	       893	80001300	017b6eb3	or	x29,x22,x23	 x22:0x80009ba8 x23:0x00000001 x29=0x80009ba9
        8955000	       894	80001304	017b61b3	or	x3,x22,x23	 x22:0x80009ba8 x23:0x00000001  x3=0x80009ba9
        8965000	       895	80001308	7b693f37	lui	x30,0x7b693	 x30=0x7b693000
        8975000	       896	8000130c	2da34113	xori	x2,x6,730	  x6:0x80009fc4  x2=0x80009d1e
        8985000	       897	80001310	c818fa13	andi	x20,x17,-895	 x17:0xffffbab1 x20=0xffffb881
        8995000	       898	80001314	0415f463	bgeu	x11,x1,8000135c	 x11:0x00000000  x1:0x000007df
        9005000	       899	80001318	83e60093	addi	x1,x12,-1986	 x12:0xfffff8e0  x1=0xfffff11e
        9015000	       900	8000131c	40275093	srai	x1,x14,0x2	 x14:0x80009f84  x1=0xe00027e1
        9025000	       901	80001320	01ea5863	bge	x20,x30,80001330	 x20:0xffffb881 x30:0x7b693000
        9035000	       902	80001324	026b6c63	bltu	x22,x6,8000135c	 x22:0x80009ba8  x6:0x80009fc4
        9045000	       903	00000000	00000013	addi	x0,x0,0	  x0:0x00000000
        9055000	       904	80001358	00000013	addi	x0,x0,0	  x0:0x00000000
        9065000	       905	8000135c	d5addf17	auipc	x30,0xd5add	 x30=0x55ade358
        9075000	       906	80001360	01105c63	bge	x0,x17,80001378	  x0:0x00000000 x17:0xffffbab1
        9085000	       907	00000000	00000013	addi	x0,x0,0	  x0:0x00000000
        9095000	       908	80001374	00000013	addi	x0,x0,0	  x0:0x00000000
        9105000	       909	80001378	005d0463	beq	x26,x5,80001380	 x26:0xfffffd9a  x5:0x9715c000
        9115000	       910	8000137c	0082b433	sltu	x8,x5,x8	  x5:0x9715c000  x8:0xfffffb1d  x8=0x00000001
        9125000	       911	80001380	0713a913	slti	x18,x7,113	  x7:0x00000000 x18=0x00000001
        9135000	       912	80001384	013fd2b3	srl	x5,x31,x19	 x31:0x00011d3c x19:0xfffffbda  x5=0x00000000
        9145000	       913	80001388	d5192a13	slti	x20,x18,-687	 x18:0x00000001 x20=0x00000000
        9155000	       914	8000138c	03a65263	bge	x12,x26,800013b0	 x12:0xfffff8e0 x26:0xfffffd9a
        9165000	       915	80001390	00000013	addi	x0,x0,0	  x0:0x00000000
        9175000	       916	80001394	00f3d613	srli	x12,x7,0xf	  x7:0x00000000 x12=0x00000000
        9185000	       917	80001398	008c9633	sll	x12,x25,x8	 x25:0x00000005  x8:0x00000001 x12=0x0000000a
        9195000	       918	8000139c	00327c63	bgeu	x4,x3,800013b4	  x4:0xfffff58f  x3:0x80009ba9
        9205000	       919	00000000	00000013	addi	x0,x0,0	  x0:0x00000000
        9215000	       920	800013b0	00000013	addi	x0,x0,0	  x0:0x00000000
        9225000	       921	800013b4	012009b3	add	x19,x0,x18	  x0:0x00000000 x18:0x00000001 x19=0x00000001
        9235000	       922	800013b8	e3366d13	ori	x26,x12,-461	 x12:0x0000000a x26=0xfffffe3b
        9245000	       923	800013bc	01e4da33	srl	x20,x9,x30	  x9:0x00000001 x30:0x55ade358 x20=0x00000000
        9255000	       924	800013c0	6e4497b7	lui	x15,0x6e449	 x15=0x6e449000
        9265000	       925	800013c4	007c2933	slt	x18,x24,x7	 x24:0x9715c000  x7:0x00000000 x18=0x00000001
        9275000	       926	800013c8	e11c4f37	lui	x30,0xe11c4	 x30=0xe11c4000
        9285000	       927	800013cc	00000013	addi	x0,x0,0	  x0:0x00000000
        9295000	       928	800013d0	01b569b3	or	x19,x10,x27	 x10:0x3922c000 x27:0xffe5a000 x19=0xffe7e000
        9305000	       929	800013d4	03924863	blt	x4,x25,80001404	  x4:0xfffff58f x25:0x00000005
        9315000	       930	00000000	00000013	addi	x0,x0,0	  x0:0x00000000
        9325000	       931	80001400	00000013	addi	x0,x0,0	  x0:0x00000000
        9335000	       932	80001404	00451463	bne	x10,x4,8000140c	 x10:0x3922c000  x4:0xfffff58f
        9345000	       933	00000000	00000013	addi	x0,x0,0	  x0:0x00000000
        9355000	       934	80001408	00000013	addi	x0,x0,0	  x0:0x00000000
        9365000	       935	8000140c	0087ec63	bltu	x15,x8,80001424	 x15:0x6e449000  x8:0x00000001
        9375000	       936	80001410	6e494093	xori	x1,x18,1764	 x18:0x00000001  x1=0x000006e5
        9385000	       937	80001414	015a33b3	sltu	x7,x20,x21	 x20:0x00000000 x21:0xf66a1d35  x7=0x00000001
        9395000	       938	80001418	031b0063	beq	x22,x17,80001438	 x22:0x80009ba8 x17:0xffffbab1
        9405000	       939	8000141c	4112dd33	sra	x26,x5,x17	  x5:0x00000000 x17:0xffffbab1 x26=0x00000000
        9415000	       940	80001420	01fb06b3	add	x13,x22,x31	 x22:0x80009ba8 x31:0x00011d3c x13=0x8001b8e4
        9425000	       941	80001424	0156dc93	srli	x25,x13,0x15	 x13:0x8001b8e4 x25=0x00000400
        9435000	       942	80001428	0542c663	blt	x5,x20,80001474	  x5:0x00000000 x20:0x00000000
        9445000	       943	8000142c	20a6cc93	xori	x25,x13,522	 x13:0x8001b8e4 x25=0x8001baee
        9455000	       944	80001430	40270bb3	sub	x23,x14,x2	 x14:0x80009f84  x2:0x80009d1e x23=0x00000266
        9465000	       945	80001434	0130aa33	slt	x20,x1,x19	  x1:0x000006e5 x19:0xffe7e000 x20=0x00000000
        9475000	       946	80001438	0116f933	and	x18,x13,x17	 x13:0x8001b8e4 x17:0xffffbab1 x18=0x8001b8a0
        9485000	       947	8000143c	403dd633	sra	x12,x27,x3	 x27:0xffe5a000  x3:0x80009ba9 x12=0xfffff2d0
        9495000	       948	80001440	00669a13	slli	x20,x13,0x6	 x13:0x8001b8e4 x20=0x006e3900
        9505000	       949	80001444	005f4e63	blt	x30,x5,80001460	 x30:0xe11c4000  x5:0x00000000
        9515000	       950	00000000	00000013	addi	x0,x0,0	  x0:0x00000000
        9525000	       951	8000145c	00000013	addi	x0,x0,0	  x0:0x00000000
        9535000	       952	80001460	bb5c0b37	lui	x22,0xbb5c0	 x22=0xbb5c0000
        9545000	       953	80001464	00d97033	and	x0,x18,x13	 x18:0x8001b8a0 x13:0x8001b8e4
        9555000	       954	80001468	44ba8793	addi	x15,x21,1099	 x21:0xf66a1d35 x15=0xf66a2180
        9565000	       955	8000146c	9b326d17	auipc	x26,0x9b326	 x26=0x1b327468
        9575000	       956	80001470	01df9613	slli	x12,x31,0x1d	 x31:0x00011d3c x12=0x80000000
        9585000	       957	80001474	001c5613	srli	x12,x24,0x1	 x24:0x9715c000 x12=0x4b8ae000
        9595000	       958	80001478	389a4c13	xori	x24,x20,905	 x20:0x006e3900 x24=0x006e3a89
        9605000	       959	8000147c	010378b3	and	x17,x6,x16	  x6:0x80009fc4 x16:0x0000005a x17=0x00000040
        9615000	       960	80001480	637c6393	ori	x7,x24,1591	 x24:0x006e3a89  x7=0x006e3ebf
        9625000	       961	80001484	03624263	blt	x4,x22,800014a8	  x4:0xfffff58f x22:0xbb5c0000
        9635000	       962	80001488	01786633	or	x12,x16,x23	 x16:0x0000005a x23:0x00000266 x12=0x0000027e
        9645000	       963	8000148c	019e1513	slli	x10,x28,0x19	 x28:0xfffff8f5 x10=0xea000000
        9655000	       964	80001490	cc07ea13	ori	x20,x15,-832	 x15:0xf66a2180 x20=0xfffffdc0
        9665000	       965	80001494	01531913	slli	x18,x6,0x15	  x6:0x80009fc4 x18=0xf8800000
        9675000	       966	80001498	00000013	addi	x0,x0,0	  x0:0x00000000
        9685000	       967	8000149c	0057ed33	or	x26,x15,x5	 x15:0xf66a2180  x5:0x00000000 x26=0xf66a2180
        9695000	       968	800014a0	2c3ab393	sltiu	x7,x21,707	 x21:0xf66a1d35  x7=0x00000000
        9705000	       969	800014a4	33870613	addi	x12,x14,824	 x14:0x80009f84 x12=0x8000a2bc
        9715000	       970	800014a8	7ae36c97	auipc	x25,0x7ae36	 x25=0xfae374a4
        9725000	       971	800014ac	005ca8b3	slt	x17,x25,x5	 x25:0xfae374a4  x5:0x00000000 x17=0x00000001
        9735000	       972	800014b0	00b5b7b3	sltu	x15,x11,x11	 x11:0x00000000 x11:0x00000000 x15=0x00000000
        9745000	       973	800014b4	41c187b3	sub	x15,x3,x28	  x3:0x80009ba9 x28:0xfffff8f5 x15=0x8000a2b4
        9755000	       974	800014b8	416b5033	sra	x0,x22,x22	 x22:0xbb5c0000 x22:0xbb5c0000
        9765000	       975	800014bc	0058cc63	blt	x17,x5,800014d4	 x17:0x00000001  x5:0x00000000
        9775000	       976	800014c0	005cbe33	sltu	x28,x25,x5	 x25:0xfae374a4  x5:0x00000000 x28=0x00000000
        9785000	       977	800014c4	00739513	slli	x10,x7,0x7	  x7:0x00000000 x10=0x00000000
        9795000	       978	800014c8	00314533	xor	x10,x2,x3	  x2:0x80009d1e  x3:0x80009ba9 x10=0x000006b7
        9805000	       979	800014cc	00c86433	or	x8,x16,x12	 x16:0x0000005a x12:0x8000a2bc  x8=0x8000a2fe
        9815000	       980	800014d0	37f4a613	slti	x12,x9,895	  x9:0x00000001 x12=0x00000001
        9825000	       981	800014d4	04f44b93	xori	x23,x8,79	  x8:0x8000a2fe x23=0x8000a2b1
        9835000	       982	800014d8	0043b0b3	sltu	x1,x7,x4	  x7:0x00000000  x4:0xfffff58f  x1=0x00000001
        9845000	       983	800014dc	00b7fbb3	and	x23,x15,x11	 x15:0x8000a2b4 x11:0x00000000 x23=0x00000000
        9855000	       984	800014e0	017fe5b3	or	x11,x31,x23	 x31:0x00011d3c x23:0x00000000 x11=0x00011d3c
        9865000	       985	800014e4	050df063	bgeu	x27,x16,80001524	 x27:0xffe5a000 x16:0x0000005a
        9875000	       986	00000000	00000013	addi	x0,x0,0	  x0:0x00000000
        9885000	       987	80001520	00000013	addi	x0,x0,0	  x0:0x00000000
        9895000	       988	80001524	0b155117	auipc	x2,0xb155	  x2=0x8b156520
        9905000	       989	80001528	04739663	bne	x7,x7,80001574	  x7:0x00000000  x7:0x00000000
        9915000	       990	8000152c	994b7a13	andi	x20,x22,-1644	 x22:0xbb5c0000 x20=0xbb5c0000
        9925000	       991	80001530	1725ce13	xori	x28,x11,370	 x11:0x00011d3c x28=0x00011c4e
        9935000	       992	80001534	00858eb3	add	x29,x11,x8	 x11:0x00011d3c  x8:0x8000a2fe x29=0x8001c03a
        9945000	       993	80001538	41830133	sub	x2,x6,x24	  x6:0x80009fc4 x24:0x006e3a89  x2=0x7f92653b
        9955000	       994	8000153c	edba0f13	addi	x30,x20,-293	 x20:0xbb5c0000 x30=0xbb5bfedb
        9965000	       995	80001540	3f547413	andi	x8,x8,1013	  x8:0x8000a2fe  x8=0x000002f4
        9975000	       996	80001544	03535a63	bge	x6,x21,80001578	  x6:0x80009fc4 x21:0xf66a1d35
        9985000	       997	80001548	0189f233	and	x4,x19,x24	 x19:0xffe7e000 x24:0x006e3a89  x4=0x00662000
        9995000	       998	8000154c	0256da63	bge	x13,x5,80001580	 x13:0x8001b8e4  x5:0x00000000
       10005000	       999	80001550	41b0dd33	sra	x26,x1,x27	  x1:0x00000001 x27:0xffe5a000 x26=0x00000001
       10015000	      1000	80001554	40d15193	srai	x3,x2,0xd	  x2:0x7f92653b  x3=0x0003fc93
       10025000	      1001	80001558	005b1413	slli	x8,x22,0x5	 x22:0xbb5c0000  x8=0x6b800000
       10035000	      1002	8000155c	41d2d9b3	sra	x19,x5,x29	  x5:0x00000000 x29:0x8001c03a x19=0x00000000
       10045000	      1003	80001560	01e77e33	and	x28,x14,x30	 x14:0x80009f84 x30:0xbb5bfedb x28=0x80009e80
       10055000	      1004	80001564	01498db3	add	x27,x19,x20	 x19:0x00000000 x20:0xbb5c0000 x27=0xbb5c0000
       10065000	      1005	80001568	018afbb3	and	x23,x21,x24	 x21:0xf66a1d35 x24:0x006e3a89 x23=0x006a1801
       10075000	      1006	8000156c	013d7a63	bgeu	x26,x19,80001580	 x26:0x00000001 x19:0x00000000
       10085000	      1007	00000000	00000013	addi	x0,x0,0	  x0:0x00000000
       10095000	      1008	8000157c	00000013	addi	x0,x0,0	  x0:0x00000000
       10105000	      1009	80001580	8574de97	auipc	x29,0x8574d	 x29=0x0574e57c
       10115000	      1010	80001584	eb2af293	andi	x5,x21,-334	 x21:0xf66a1d35  x5=0xf66a1c30
       10125000	      1011	80001588	39072393	slti	x7,x14,912	 x14:0x80009f84  x7=0x00000001
       10135000	      1012	8000158c	40795233	sra	x4,x18,x7	 x18:0xf8800000  x7:0x00000001  x4=0xfc400000
       10145000	      1013	80001590	40a95fb3	sra	x31,x18,x10	 x18:0xf8800000 x10:0x000006b7 x31=0xfffffff1
       10155000	      1014	80001594	03c31a63	bne	x6,x28,800015c8	  x6:0x80009fc4 x28:0x80009e80
       10165000	      1015	00000000	00000013	addi	x0,x0,0	  x0:0x00000000
       10175000	      1016	800015c4	00000013	addi	x0,x0,0	  x0:0x00000000
       10185000	      1017	800015c8	013e5293	srli	x5,x28,0x13	 x28:0x80009e80  x5=0x00001000
       10195000	      1018	800015cc	01791463	bne	x18,x23,800015d4	 x18:0xf8800000 x23:0x006a1801
       10205000	      1019	00000000	00000013	addi	x0,x0,0	  x0:0x00000000
       10215000	      1020	800015d0	00000013	addi	x0,x0,0	  x0:0x00000000
       10225000	      1021	800015d4	00719a13	slli	x20,x3,0x7	  x3:0x0003fc93 x20=0x01fe4980
       10235000	      1022	800015d8	012e6c33	or	x24,x28,x18	 x28:0x80009e80 x18:0xf8800000 x24=0xf8809e80
       10245000	      1023	800015dc	40a88db3	sub	x27,x17,x10	 x17:0x00000001 x10:0x000006b7 x27=0xfffff94a
       10255000	      1024	800015e0	01a6f463	bgeu	x13,x26,800015e8	 x13:0x8001b8e4 x26:0x00000001
       10265000	      1025	00000000	00000013	addi	x0,x0,0	  x0:0x00000000
       10275000	      1026	800015e4	00000013	addi	x0,x0,0	  x0:0x00000000
       10285000	      1027	800015e8	0351ea63	bltu	x3,x21,8000161c	  x3:0x0003fc93 x21:0xf66a1d35
       10295000	      1028	00000000	00000013	addi	x0,x0,0	  x0:0x00000000
       10305000	      1029	80001618	00000013	addi	x0,x0,0	  x0:0x00000000
       10315000	      1030	8000161c	01e8a533	slt	x10,x17,x30	 x17:0x00000001 x30:0xbb5bfedb x10=0x00000000
       10325000	      1031	80001620	001bdcb3	srl	x25,x23,x1	 x23:0x006a1801  x1:0x00000001 x25=0x00350c00
       10335000	      1032	80001624	00385113	srli	x2,x16,0x3	 x16:0x0000005a  x2=0x0000000b
       10345000	      1033	80001628	056b7663	bgeu	x22,x22,80001674	 x22:0xbb5c0000 x22:0xbb5c0000
       10355000	      1034	00000000	00000013	addi	x0,x0,0	  x0:0x00000000
       10365000	      1035	80001670	00000013	addi	x0,x0,0	  x0:0x00000000
       10375000	      1036	80001674	00625d33	srl	x26,x4,x6	  x4:0xfc400000  x6:0x80009fc4 x26=0x0fc40000
       10385000	      1037	80001678	02e3ca63	blt	x7,x14,800016ac	  x7:0x00000001 x14:0x80009f84
       10395000	      1038	8000167c	00bcdeb3	srl	x29,x25,x11	 x25:0x00350c00 x11:0x00011d3c x29=0x00000000
       10405000	      1039	80001680	01ad0fb3	add	x31,x26,x26	 x26:0x0fc40000 x26:0x0fc40000 x31=0x1f880000
       10415000	      1040	80001684	039f5263	bge	x30,x25,800016a8	 x30:0xbb5bfedb x25:0x00350c00
       10425000	      1041	80001688	4052d513	srai	x10,x5,0x5	  x5:0x00001000 x10=0x00000080
       10435000	      1042	8000168c	00fd4833	xor	x16,x26,x15	 x26:0x0fc40000 x15:0x8000a2b4 x16=0x8fc4a2b4
       10445000	      1043	80001690	0208c463	blt	x17,x0,800016b8	 x17:0x00000001  x0:0x00000000
       10455000	      1044	80001694	89f20d13	addi	x26,x4,-1889	  x4:0xfc400000 x26=0xfc3ff89f
       10465000	      1045	80001698	03224463	blt	x4,x18,800016c0	  x4:0xfc400000 x18:0xf8800000
       10475000	      1046	8000169c	00509863	bne	x1,x5,800016ac	  x1:0x00000001  x5:0x00001000
       10485000	      1047	00000000	00000013	addi	x0,x0,0	  x0:0x00000000
       10495000	      1048	800016a8	00000013	addi	x0,x0,0	  x0:0x00000000
       10505000	      1049	800016ac	018b8933	add	x18,x23,x24	 x23:0x006a1801 x24:0xf8809e80 x18=0xf8eab681
       10515000	      1050	800016b0	0184ebb3	or	x23,x9,x24	  x9:0x00000001 x24:0xf8809e80 x23=0xf8809e81
       10525000	      1051	800016b4	3d958b13	addi	x22,x11,985	 x11:0x00011d3c x22=0x00012115
       10535000	      1052	800016b8	00e38e33	add	x28,x7,x14	  x7:0x00000001 x14:0x80009f84 x28=0x80009f85
       10545000	      1053	800016bc	02f09063	bne	x1,x15,800016dc	  x1:0x00000001 x15:0x8000a2b4
       10555000	      1054	00000000	00000013	addi	x0,x0,0	  x0:0x00000000
       10565000	      1055	800016d8	00000013	addi	x0,x0,0	  x0:0x00000000
       10575000	      1056	800016dc	41635213	srai	x4,x6,0x16	  x6:0x80009fc4  x4=0xfffffe00
       10585000	      1057	800016e0	41fcdfb3	sra	x31,x25,x31	 x25:0x00350c00 x31:0x1f880000 x31=0x00350c00
       10595000	      1058	800016e4	01647463	bgeu	x8,x22,800016ec	  x8:0x6b800000 x22:0x00012115
       10605000	      1059	00000000	00000013	addi	x0,x0,0	  x0:0x00000000
       10615000	      1060	800016e8	00000013	addi	x0,x0,0	  x0:0x00000000
       10625000	      1061	800016ec	000c5f33	srl	x30,x24,x0	 x24:0xf8809e80  x0:0x00000000 x30=0xf8809e80
       10635000	      1062	800016f0	00000013	addi	x0,x0,0	  x0:0x00000000
       10645000	      1063	800016f4	05f97663	bgeu	x18,x31,80001740	 x18:0xf8eab681 x31:0x00350c00
       10655000	      1064	00000000	00000013	addi	x0,x0,0	  x0:0x00000000
       10665000	      1065	8000173c	00000013	addi	x0,x0,0	  x0:0x00000000
       10675000	      1066	80001740	017848b3	xor	x17,x16,x23	 x16:0x8fc4a2b4 x23:0xf8809e81 x17=0x77443c35
       10685000	      1067	80001744	00d90533	add	x10,x18,x13	 x18:0xf8eab681 x13:0x8001b8e4 x10=0x78ec6f65
       10695000	      1068	80001748	006f5393	srli	x7,x30,0x6	 x30:0xf8809e80  x7=0x03e2027a
       10705000	      1069	8000174c	00faa8b3	slt	x17,x21,x15	 x21:0xf66a1d35 x15:0x8000a2b4 x17=0x00000000
       10715000	      1070	80001750	41aa5c13	srai	x24,x20,0x1a	 x20:0x01fe4980 x24=0x00000000
       10725000	      1071	80001754	64d46c13	ori	x24,x8,1613	  x8:0x6b800000 x24=0x6b80064d
       10735000	      1072	80001758	00000013	addi	x0,x0,0	  x0:0x00000000
       10745000	      1073	8000175c	e0692e13	slti	x28,x18,-506	 x18:0xf8eab681 x28=0x00000001
       10755000	      1074	80001760	0084cf33	xor	x30,x9,x8	  x9:0x00000001  x8:0x6b800000 x30=0x6b800001
       10765000	      1075	80001764	00ea9863	bne	x21,x14,80001774	 x21:0xf66a1d35 x14:0x80009f84
       10775000	      1076	00000000	00000013	addi	x0,x0,0	  x0:0x00000000
       10785000	      1077	80001770	00000013	addi	x0,x0,0	  x0:0x00000000
       10795000	      1078	80001774	01298833	add	x16,x19,x18	 x19:0x00000000 x18:0xf8eab681 x16=0xf8eab681
       10805000	      1079	80001778	01bf7f33	and	x30,x30,x27	 x30:0x6b800001 x27:0xfffff94a x30=0x6b800000
       10815000	      1080	8000177c	a9ff0db7	lui	x27,0xa9ff0	 x27=0xa9ff0000
       10825000	      1081	80001780	c2e62693	slti	x13,x12,-978	 x12:0x00000001 x13=0x00000000
       10835000	      1082	80001784	d6174813	xori	x16,x14,-671	 x14:0x80009f84 x16=0x7fff62e5
       10845000	      1083	80001788	025e4863	blt	x28,x5,800017b8	 x28:0x00000001  x5:0x00001000
       10855000	      1084	00000000	00000013	addi	x0,x0,0	  x0:0x00000000
       10865000	      1085	800017b4	00000013	addi	x0,x0,0	  x0:0x00000000
       10875000	      1086	800017b8	018cd293	srli	x5,x25,0x18	 x25:0x00350c00  x5=0x00000000
       10885000	      1087	800017bc	0124c463	blt	x9,x18,800017c4	  x9:0x00000001 x18:0xf8eab681
       10895000	      1088	800017c0	01ae9463	bne	x29,x26,800017c8	 x29:0x00000000 x26:0xfc3ff89f
       10905000	      1089	00000000	00000013	addi	x0,x0,0	  x0:0x00000000
       10915000	      1090	800017c4	00000013	addi	x0,x0,0	  x0:0x00000000
       10925000	      1091	800017c8	c282f013	andi	x0,x5,-984	  x5:0x00000000
       10935000	      1092	800017cc	a7ffc597	auipc	x11,0xa7ffc	 x11=0x27ffd7c8
       10945000	      1093	800017d0	01af7463	bgeu	x30,x26,800017d8	 x30:0x6b800000 x26:0xfc3ff89f
       10955000	      1094	800017d4	1d536f17	auipc	x30,0x1d536	 x30=0x9d5377d0
       10965000	      1095	800017d8	01e0f433	and	x8,x1,x30	  x1:0x00000001 x30:0x9d5377d0  x8=0x00000000
       10975000	      1096	800017dc	023b8263	beq	x23,x3,80001800	 x23:0xf8809e81  x3:0x0003fc93
       10985000	      1097	800017e0	efd57e13	andi	x28,x10,-259	 x10:0x78ec6f65 x28=0x78ec6e65
       10995000	      1098	800017e4	01c39613	slli	x12,x7,0x1c	  x7:0x03e2027a x12=0xa0000000
       11005000	      1099	800017e8	e7a94113	xori	x2,x18,-390	 x18:0xf8eab681  x2=0x071548fb
       11015000	      1100	800017ec	a2c68413	addi	x8,x13,-1492	 x13:0x00000000  x8=0xfffffa2c
       11025000	      1101	800017f0	01ea38b3	sltu	x17,x20,x30	 x20:0x01fe4980 x30:0x9d5377d0 x17=0x00000001
       11035000	      1102	800017f4	02b62297	auipc	x5,0x2b62	  x5=0x82b637f0
       11045000	      1103	800017f8	03d98463	beq	x19,x29,80001820	 x19:0x00000000 x29:0x00000000
       11055000	      1104	00000000	00000013	addi	x0,x0,0	  x0:0x00000000
       11065000	      1105	8000181c	00000013	addi	x0,x0,0	  x0:0x00000000
       11075000	      1106	80001820	0014b633	sltu	x12,x9,x1	  x9:0x00000001  x1:0x00000001 x12=0x00000000
       11085000	      1107	80001824	401fd493	srai	x9,x31,0x1	 x31:0x00350c00  x9=0x001a8600
       11095000	      1108	80001828	41c2f913	andi	x18,x5,1052	  x5:0x82b637f0 x18=0x00000410
       11105000	      1109	8000182c	00abbb33	sltu	x22,x23,x10	 x23:0xf8809e81 x10:0x78ec6f65 x22=0x00000000
       11115000	      1110	80001830	015a1463	bne	x20,x21,80001838	 x20:0x01fe4980 x21:0xf66a1d35
       11125000	      1111	00000000	00000013	addi	x0,x0,0	  x0:0x00000000
       11135000	      1112	80001834	00000013	addi	x0,x0,0	  x0:0x00000000
       11145000	      1113	80001838	00c737b3	sltu	x15,x14,x12	 x14:0x80009f84 x12:0x00000000 x15=0x00000000
       11155000	      1114	8000183c	00d52133	slt	x2,x10,x13	 x10:0x78ec6f65 x13:0x00000000  x2=0x00000000
       11165000	      1115	80001840	01cc1b93	slli	x23,x24,0x1c	 x24:0x6b80064d x23=0xd0000000
       11175000	      1116	80001844	02da0c63	beq	x20,x13,8000187c	 x20:0x01fe4980 x13:0x00000000
       11185000	      1117	80001848	02144a63	blt	x8,x1,8000187c	  x8:0xfffffa2c  x1:0x00000001
       11195000	      1118	00000000	00000013	addi	x0,x0,0	  x0:0x00000000
       11205000	      1119	80001878	00000013	addi	x0,x0,0	  x0:0x00000000
       11215000	      1120	8000187c	01673833	sltu	x16,x14,x22	 x14:0x80009f84 x22:0x00000000 x16=0x00000000
       11225000	      1121	80001880	058a1663	bne	x20,x24,800018cc	 x20:0x01fe4980 x24:0x6b80064d
       11235000	      1122	00000000	00000013	addi	x0,x0,0	  x0:0x00000000
       11245000	      1123	800018c8	00000013	addi	x0,x0,0	  x0:0x00000000
       11255000	      1124	800018cc	00805633	srl	x12,x0,x8	  x0:0x00000000  x8:0xfffffa2c x12=0x00000000
       11265000	      1125	800018d0	00aefa33	and	x20,x29,x10	 x29:0x00000000 x10:0x78ec6f65 x20=0x00000000
       11275000	      1126	800018d4	41225eb3	sra	x29,x4,x18	  x4:0xfffffe00 x18:0x00000410 x29=0xffffffff
       11285000	      1127	800018d8	3f9a7493	andi	x9,x20,1017	 x20:0x00000000  x9=0x00000000
       11295000	      1128	800018dc	ed5f0c93	addi	x25,x30,-299	 x30:0x9d5377d0 x25=0x9d5376a5
       11305000	      1129	800018e0	00ba4833	xor	x16,x20,x11	 x20:0x00000000 x11:0x27ffd7c8 x16=0x27ffd7c8
       11315000	      1130	800018e4	27ed8793	addi	x15,x27,638	 x27:0xa9ff0000 x15=0xa9ff027e
       11325000	      1131	800018e8	00143eb3	sltu	x29,x8,x1	  x8:0xfffffa2c  x1:0x00000001 x29=0x00000000
       11335000	      1132	800018ec	4047d613	srai	x12,x15,0x4	 x15:0xa9ff027e x12=0xfa9ff027
       11345000	      1133	800018f0	408009b3	sub	x19,x0,x8	  x0:0x00000000  x8:0xfffffa2c x19=0x000005d4
       11355000	      1134	800018f4	009e1833	sll	x16,x28,x9	 x28:0x78ec6e65  x9:0x00000000 x16=0x78ec6e65
       11365000	      1135	800018f8	00fdebb3	or	x23,x27,x15	 x27:0xa9ff0000 x15:0xa9ff027e x23=0xa9ff027e
       11375000	      1136	800018fc	95a8ac93	slti	x25,x17,-1702	 x17:0x00000001 x25=0x00000000
       11385000	      1137	80001900	00eb41b3	xor	x3,x22,x14	 x22:0x00000000 x14:0x80009f84  x3=0x80009f84
       11395000	      1138	80001904	01061f13	slli	x30,x12,0x10	 x12:0xfa9ff027 x30=0xf0270000
       11405000	      1139	80001908	00239833	sll	x16,x7,x2	  x7:0x03e2027a  x2:0x00000000 x16=0x03e2027a
       11415000	      1140	8000190c	006736b3	sltu	x13,x14,x6	 x14:0x80009f84  x6:0x80009fc4 x13=0x00000001
       11425000	      1141	80001910	00f600b3	add	x1,x12,x15	 x12:0xfa9ff027 x15:0xa9ff027e  x1=0xa49ef2a5
       11435000	      1142	80001914	00d3c7b3	xor	x15,x7,x13	  x7:0x03e2027a x13:0x00000001 x15=0x03e2027b
       11445000	      1143	80001918	00000013	addi	x0,x0,0	  x0:0x00000000
       11455000	      1144	8000191c	41c4d2b3	sra	x5,x9,x28	  x9:0x00000000 x28:0x78ec6e65  x5=0x00000000
       11465000	      1145	80001920	3fbf9437	lui	x8,0x3fbf9	  x8=0x3fbf9000
       11475000	      1146	80001924	000c4a63	blt	x24,x0,80001938	 x24:0x6b80064d  x0:0x00000000
       11485000	      1147	80001928	00b67c63	bgeu	x12,x11,80001940	 x12:0xfa9ff027 x11:0x27ffd7c8
       11495000	      1148	00000000	00000013	addi	x0,x0,0	  x0:0x00000000
       11505000	      1149	8000193c	00000013	addi	x0,x0,0	  x0:0x00000000
       11515000	      1150	80001940	d53f0c13	addi	x24,x30,-685	 x30:0xf0270000 x24=0xf026fd53
       11525000	      1151	80001944	02be8063	beq	x29,x11,80001964	 x29:0x00000000 x11:0x27ffd7c8
       11535000	      1152	80001948	01429e13	slli	x28,x5,0x14	  x5:0x00000000 x28=0x00000000
       11545000	      1153	8000194c	015b23b3	slt	x7,x22,x21	 x22:0x00000000 x21:0xf66a1d35  x7=0x00000000
       11555000	      1154	80001950	04855663	bge	x10,x8,8000199c	 x10:0x78ec6f65  x8:0x3fbf9000
       11565000	      1155	00000000	00000013	addi	x0,x0,0	  x0:0x00000000
       11575000	      1156	80001998	00000013	addi	x0,x0,0	  x0:0x00000000
       11585000	      1157	8000199c	005fd213	srli	x4,x31,0x5	 x31:0x00350c00  x4=0x0001a860
       11595000	      1158	800019a0	01709813	slli	x16,x1,0x17	  x1:0xa49ef2a5 x16=0x52800000
       11605000	      1159	800019a4	46c2e393	ori	x7,x5,1132	  x5:0x00000000  x7=0x0000046c
       11615000	      1160	800019a8	f69dfe13	andi	x28,x27,-151	 x27:0xa9ff0000 x28=0xa9ff0000
       11625000	      1161	800019ac	410e5993	srai	x19,x28,0x10	 x28:0xa9ff0000 x19=0xffffa9ff
       11635000	      1162	800019b0	677c0093	addi	x1,x24,1655	 x24:0xf026fd53  x1=0xf02703ca
       11645000	      1163	800019b4	41bf84b3	sub	x9,x31,x27	 x31:0x00350c00 x27:0xa9ff0000  x9=0x56360c00
       11655000	      1164	800019b8	01229c13	slli	x24,x5,0x12	  x5:0x00000000 x24=0x00000000
       11665000	      1165	800019bc	0110fbb3	and	x23,x1,x17	  x1:0xf02703ca x17:0x00000001 x23=0x00000000
       11675000	      1166	800019c0	6825ad13	slti	x26,x11,1666	 x11:0x27ffd7c8 x26=0x00000000
       11685000	      1167	800019c4	fa9c4393	xori	x7,x24,-87	 x24:0x00000000  x7=0xffffffa9
       11695000	      1168	800019c8	01573fb3	sltu	x31,x14,x21	 x14:0x80009f84 x21:0xf66a1d35 x31=0x00000001
       11705000	      1169	800019cc	042b1463	bne	x22,x2,80001a14	 x22:0x00000000  x2:0x00000000
       11715000	      1170	800019d0	00558233	add	x4,x11,x5	 x11:0x27ffd7c8  x5:0x00000000  x4=0x27ffd7c8
       11725000	      1171	800019d4	006be833	or	x16,x23,x6	 x23:0x00000000  x6:0x80009fc4 x16=0x80009fc4
       11735000	      1172	800019d8	e1e48e93	addi	x29,x9,-482	  x9:0x56360c00 x29=0x56360a1e
       11745000	      1173	800019dc	c98d2d93	slti	x27,x26,-872	 x26:0x00000000 x27=0x00000000
       11755000	      1174	800019e0	3056e993	ori	x19,x13,773	 x13:0x00000001 x19=0x00000305
       11765000	      1175	800019e4	00000013	addi	x0,x0,0	  x0:0x00000000
       11775000	      1176	800019e8	00190cb3	add	x25,x18,x1	 x18:0x00000410  x1:0xf02703ca x25=0xf02707da
       11785000	      1177	800019ec	033ee263	bltu	x29,x19,80001a10	 x29:0x56360a1e x19:0x00000305
       11795000	      1178	800019f0	004c5a33	srl	x20,x24,x4	 x24:0x00000000  x4:0x27ffd7c8 x20=0x00000000
       11805000	      1179	800019f4	04cdf663	bgeu	x27,x12,80001a40	 x27:0x00000000 x12:0xfa9ff027
       11815000	      1180	800019f8	0048d2b3	srl	x5,x17,x4	 x17:0x00000001  x4:0x27ffd7c8  x5=0x00000000
       11825000	      1181	800019fc	006f7f33	and	x30,x30,x6	 x30:0xf0270000  x6:0x80009fc4 x30=0x80000000
       11835000	      1182	80001a00	8039c413	xori	x8,x19,-2045	 x19:0x00000305  x8=0xfffffb06
       11845000	      1183	80001a04	01ef2d33	slt	x26,x30,x30	 x30:0x80000000 x30:0x80000000 x26=0x00000000
       11855000	      1184	80001a08	41015233	sra	x4,x2,x16	  x2:0x00000000 x16:0x80009fc4  x4=0x00000000
       11865000	      1185	80001a0c	03e61a63	bne	x12,x30,80001a40	 x12:0xfa9ff027 x30:0x80000000
       11875000	      1186	00000000	00000013	addi	x0,x0,0	  x0:0x00000000
       11885000	      1187	80001a3c	00000013	addi	x0,x0,0	  x0:0x00000000
       11895000	      1188	80001a40	000ec463	blt	x29,x0,80001a48	 x29:0x56360a1e  x0:0x00000000
       11905000	      1189	80001a44	530e6693	ori	x13,x28,1328	 x28:0xa9ff0000 x13=0xa9ff0530
       11915000	      1190	80001a48	009b9bb3	sll	x23,x23,x9	 x23:0x00000000  x9:0x56360c00 x23=0x00000000
       11925000	      1191	80001a4c	00a95393	srli	x7,x18,0xa	 x18:0x00000410  x7=0x00000001
       11935000	      1192	80001a50	011dc4b3	xor	x9,x27,x17	 x27:0x00000000 x17:0x00000001  x9=0x00000001
       11945000	      1193	80001a54	40dd0c33	sub	x24,x26,x13	 x26:0x00000000 x13:0xa9ff0530 x24=0x5600fad0
       11955000	      1194	80001a58	01ab5493	srli	x9,x22,0x1a	 x22:0x00000000  x9=0x00000000
       11965000	      1195	80001a5c	010a8933	add	x18,x21,x16	 x21:0xf66a1d35 x16:0x80009fc4 x18=0x766abcf9
       11975000	      1196	80001a60	011c1fb3	sll	x31,x24,x17	 x24:0x5600fad0 x17:0x00000001 x31=0xac01f5a0
       11985000	      1197	80001a64	0087e7b3	or	x15,x15,x8	 x15:0x03e2027b  x8:0xfffffb06 x15=0xfffffb7f
       11995000	      1198	80001a68	0593f663	bgeu	x7,x25,80001ab4	  x7:0x00000001 x25:0xf02707da
       12005000	      1199	80001a6c	f7adcd93	xori	x27,x27,-134	 x27:0x00000000 x27=0xffffff7a
       12015000	      1200	80001a70	0032f633	and	x12,x5,x3	  x5:0x00000000  x3:0x80009f84 x12=0x00000000
       12025000	      1201	80001a74	644a2513	slti	x10,x20,1604	 x20:0x00000000 x10=0x00000001
       12035000	      1202	80001a78	c7e42e93	slti	x29,x8,-898	  x8:0xfffffb06 x29=0x00000001
       12045000	      1203	80001a7c	00779a63	bne	x15,x7,80001a90	 x15:0xfffffb7f  x7:0x00000001
       12055000	      1204	00000000	00000013	addi	x0,x0,0	  x0:0x00000000
       12065000	      1205	80001a8c	00000013	addi	x0,x0,0	  x0:0x00000000
       12075000	      1206	80001a90	00579113	slli	x2,x15,0x5	 x15:0xfffffb7f  x2=0xffff6fe0
       12085000	      1207	80001a94	26624617	auipc	x12,0x26624	 x12=0xa6625a90
       12095000	      1208	80001a98	87e9a837	lui	x16,0x87e9a	 x16=0x87e9a000
       12105000	      1209	80001a9c	c6e17193	andi	x3,x2,-914	  x2:0xffff6fe0  x3=0xffff6c60
       12115000	      1210	80001aa0	41e15833	sra	x16,x2,x30	  x2:0xffff6fe0 x30:0x80000000 x16=0xffff6fe0
       12125000	      1211	80001aa4	00f6c463	blt	x13,x15,80001aac	 x13:0xa9ff0530 x15:0xfffffb7f
       12135000	      1212	00000000	00000013	addi	x0,x0,0	  x0:0x00000000
       12145000	      1213	80001aa8	00000013	addi	x0,x0,0	  x0:0x00000000
       12155000	      1214	80001aac	305770b7	lui	x1,0x30577	  x1=0x30577000
       12165000	      1215	80001ab0	d683bc93	sltiu	x25,x7,-664	  x7:0x00000001 x25=0x00000001
       12175000	      1216	80001ab4	53d73f13	sltiu	x30,x14,1341	 x14:0x80009f84 x30=0x00000000
       12185000	      1217	80001ab8	00a42033	slt	x0,x8,x10	  x8:0xfffffb06 x10:0x00000001
       12195000	      1218	80001abc	e4604637	lui	x12,0xe4604	 x12=0xe4604000
       12205000	      1219	80001ac0	b33f9bb7	lui	x23,0xb33f9	 x23=0xb33f9000
       12215000	      1220	80001ac4	04786663	bltu	x16,x7,80001b10	 x16:0xffff6fe0  x7:0x00000001
       12225000	      1221	80001ac8	02c91463	bne	x18,x12,80001af0	 x18:0x766abcf9 x12:0xe4604000
       12235000	      1222	00000000	00000013	addi	x0,x0,0	  x0:0x00000000
       12245000	      1223	80001aec	00000013	addi	x0,x0,0	  x0:0x00000000
       12255000	      1224	80001af0	00000013	addi	x0,x0,0	  x0:0x00000000
       12265000	      1225	80001af4	00039f13	slli	x30,x7,0x0	  x7:0x00000001 x30=0x00000001
       12275000	      1226	80001af8	03fa4463	blt	x20,x31,80001b20	 x20:0x00000000 x31:0xac01f5a0
       12285000	      1227	80001afc	412163b7	lui	x7,0x41216	  x7=0x41216000
       12295000	      1228	80001b00	03a16c63	bltu	x2,x26,80001b38	  x2:0xffff6fe0 x26:0x00000000
       12305000	      1229	80001b04	c7100c13	addi	x24,x0,-911	  x0:0x00000000 x24=0xfffffc71
       12315000	      1230	80001b08	008c3633	sltu	x12,x24,x8	 x24:0xfffffc71  x8:0xfffffb06 x12=0x00000000
       12325000	      1231	80001b0c	b4224f93	xori	x31,x4,-1214	  x4:0x00000000 x31=0xfffffb42
       12335000	      1232	80001b10	0f90c613	xori	x12,x1,249	  x1:0x30577000 x12=0x305770f9
       12345000	      1233	80001b14	02a04063	blt	x0,x10,80001b34	  x0:0x00000000 x10:0x00000001
       12355000	      1234	00000000	00000013	addi	x0,x0,0	  x0:0x00000000
       12365000	      1235	80001b30	00000013	addi	x0,x0,0	  x0:0x00000000
       12375000	      1236	80001b34	01489c33	sll	x24,x17,x20	 x17:0x00000001 x20:0x00000000 x24=0x00000001
       12385000	      1237	80001b38	41de56b3	sra	x13,x28,x29	 x28:0xa9ff0000 x29:0x00000001 x13=0xd4ff8000
       12395000	      1238	80001b3c	02525a63	bge	x4,x5,80001b70	  x4:0x00000000  x5:0x00000000
       12405000	      1239	00000000	00000013	addi	x0,x0,0	  x0:0x00000000
       12415000	      1240	80001b6c	00000013	addi	x0,x0,0	  x0:0x00000000
       12425000	      1241	80001b70	0062ee33	or	x28,x5,x6	  x5:0x00000000  x6:0x80009fc4 x28=0x80009fc4
       12435000	      1242	80001b74	02af9c63	bne	x31,x10,80001bac	 x31:0xfffffb42 x10:0x00000001
       12445000	      1243	00000000	00000013	addi	x0,x0,0	  x0:0x00000000
       12455000	      1244	80001ba8	00000013	addi	x0,x0,0	  x0:0x00000000
       12465000	      1245	80001bac	00ed5293	srli	x5,x26,0xe	 x26:0x00000000  x5=0x00000000
       12475000	      1246	80001bb0	1836f793	andi	x15,x13,387	 x13:0xd4ff8000 x15=0x00000000
       12485000	      1247	80001bb4	ce5bfb97	auipc	x23,0xce5bf	 x23=0x4e5c0bb0
       12495000	      1248	80001bb8	00e183b3	add	x7,x3,x14	  x3:0xffff6c60 x14:0x80009f84  x7=0x80000be4
       12505000	      1249	80001bbc	00efd2b3	srl	x5,x31,x14	 x31:0xfffffb42 x14:0x80009f84  x5=0x0fffffb4
       12515000	      1250	80001bc0	01acc463	blt	x25,x26,80001bc8	 x25:0x00000001 x26:0x00000000
       12525000	      1251	80001bc4	00f9feb3	and	x29,x19,x15	 x19:0x00000305 x15:0x00000000 x29=0x00000000
       12535000	      1252	80001bc8	00010b33	add	x22,x2,x0	  x2:0xffff6fe0  x0:0x00000000 x22=0xffff6fe0
       12545000	      1253	80001bcc	ddaf6413	ori	x8,x30,-550	 x30:0x00000001  x8=0xfffffddb
       12555000	      1254	80001bd0	005e1913	slli	x18,x28,0x5	 x28:0x80009fc4 x18=0x0013f880
       12565000	      1255	80001bd4	41735533	sra	x10,x6,x23	  x6:0x80009fc4 x23:0x4e5c0bb0 x10=0xffff8000
       12575000	      1256	80001bd8	7766af93	slti	x31,x13,1910	 x13:0xd4ff8000 x31=0x00000001
       12585000	      1257	80001bdc	01239813	slli	x16,x7,0x12	  x7:0x80000be4 x16=0x2f900000
       12595000	      1258	80001be0	bc722b13	slti	x22,x4,-1081	  x4:0x00000000 x22=0x00000000
       12605000	      1259	80001be4	20013837	lui	x16,0x20013	 x16=0x20013000
       12615000	      1260	80001be8	049f6063	bltu	x30,x9,80001c28	 x30:0x00000001  x9:0x00000000
       12625000	      1261	80001bec	6b06b113	sltiu	x2,x13,1712	 x13:0xd4ff8000  x2=0x00000000
       12635000	      1262	80001bf0	02f54c63	blt	x10,x15,80001c28	 x10:0xffff8000 x15:0x00000000
       12645000	      1263	00000000	00000013	addi	x0,x0,0	  x0:0x00000000
       12655000	      1264	80001c24	00000013	addi	x0,x0,0	  x0:0x00000000
       12665000	      1265	80001c28	01ded4b3	srl	x9,x29,x29	 x29:0x00000000 x29:0x00000000  x9=0x00000000
       12675000	      1266	80001c2c	01af1863	bne	x30,x26,80001c3c	 x30:0x00000001 x26:0x00000000
       12685000	      1267	00000000	00000013	addi	x0,x0,0	  x0:0x00000000
       12695000	      1268	80001c38	00000013	addi	x0,x0,0	  x0:0x00000000
       12705000	      1269	80001c3c	011fd593	srli	x11,x31,0x11	 x31:0x00000001 x11=0x00000000
       12715000	      1270	80001c40	3dc66b93	ori	x23,x12,988	 x12:0x305770f9 x23=0x305773fd
       12725000	      1271	80001c44	00bcf6b3	and	x13,x25,x11	 x25:0x00000001 x11:0x00000000 x13=0x00000000
       12735000	      1272	80001c48	012ae2b3	or	x5,x21,x18	 x21:0xf66a1d35 x18:0x0013f880  x5=0xf67bfdb5
       12745000	      1273	80001c4c	000692b3	sll	x5,x13,x0	 x13:0x00000000  x0:0x00000000  x5=0x00000000
       12755000	      1274	80001c50	acd9ef93	ori	x31,x19,-1331	 x19:0x00000305 x31=0xfffffbcd
       12765000	      1275	80001c54	4136d6b3	sra	x13,x13,x19	 x13:0x00000000 x19:0x00000305 x13=0x00000000
       12775000	      1276	80001c58	02c9fa63	bgeu	x19,x12,80001c8c	 x19:0x00000305 x12:0x305770f9
       12785000	      1277	80001c5c	00395463	bge	x18,x3,80001c64	 x18:0x0013f880  x3:0xffff6c60
       12795000	      1278	00000000	00000013	addi	x0,x0,0	  x0:0x00000000
       12805000	      1279	80001c60	00000013	addi	x0,x0,0	  x0:0x00000000
       12815000	      1280	80001c64	0314c863	blt	x9,x17,80001c94	  x9:0x00000000 x17:0x00000001
       12825000	      1281	00000000	00000013	addi	x0,x0,0	  x0:0x00000000
       12835000	      1282	80001c90	00000013	addi	x0,x0,0	  x0:0x00000000
       12845000	      1283	80001c94	648ccb13	xori	x22,x25,1608	 x25:0x00000001 x22=0x00000649
       12855000	      1284	80001c98	01cdbeb3	sltu	x29,x27,x28	 x27:0xffffff7a x28:0x80009fc4 x29=0x00000000
       12865000	      1285	80001c9c	01db8533	add	x10,x23,x29	 x23:0x305773fd x29:0x00000000 x10=0x305773fd
       12875000	      1286	80001ca0	4e8d2013	slti	x0,x26,1256	 x26:0x00000000
       12885000	      1287	80001ca4	019d0833	add	x16,x26,x25	 x26:0x00000000 x25:0x00000001 x16=0x00000001
       12895000	      1288	80001ca8	00e82533	slt	x10,x16,x14	 x16:0x00000001 x14:0x80009f84 x10=0x00000000
       12905000	      1289	80001cac	00000013	addi	x0,x0,0	  x0:0x00000000
       12915000	      1290	80001cb0	00e703b3	add	x7,x14,x14	 x14:0x80009f84 x14:0x80009f84  x7=0x00013f08
       12925000	      1291	80001cb4	004fca63	blt	x31,x4,80001cc8	 x31:0xfffffbcd  x4:0x00000000
       12935000	      1292	00000000	00000013	addi	x0,x0,0	  x0:0x00000000
       12945000	      1293	80001cc4	00000013	addi	x0,x0,0	  x0:0x00000000
       12955000	      1294	80001cc8	00000013	addi	x0,x0,0	  x0:0x00000000
       12965000	      1295	80001ccc	4149d593	srai	x11,x19,0x14	 x19:0x00000305 x11=0x00000000
       12975000	      1296	80001cd0	001e0fb3	add	x31,x28,x1	 x28:0x80009fc4  x1:0x30577000 x31=0xb0580fc4
       12985000	      1297	80001cd4	01031eb3	sll	x29,x6,x16	  x6:0x80009fc4 x16:0x00000001 x29=0x00013f88
       12995000	      1298	80001cd8	6640e013	ori	x0,x1,1636	  x1:0x30577000
       13005000	      1299	80001cdc	40945813	srai	x16,x8,0x9	  x8:0xfffffddb x16=0xfffffffe
       13015000	      1300	80001ce0	019d0033	add	x0,x26,x25	 x26:0x00000000 x25:0x00000001
       13025000	      1301	80001ce4	f32b2513	slti	x10,x22,-206	 x22:0x00000649 x10=0x00000000
       13035000	      1302	80001ce8	00ae04b3	add	x9,x28,x10	 x28:0x80009fc4 x10:0x00000000  x9=0x80009fc4
       13045000	      1303	80001cec	0027fd33	and	x26,x15,x2	 x15:0x00000000  x2:0x00000000 x26=0x00000000
       13055000	      1304	80001cf0	023b0c63	beq	x22,x3,80001d28	 x22:0x00000649  x3:0xffff6c60
       13065000	      1305	80001cf4	04708663	beq	x1,x7,80001d40	  x1:0x30577000  x7:0x00013f08
       13075000	      1306	80001cf8	017aa3b3	slt	x7,x21,x23	 x21:0xf66a1d35 x23:0x305773fd  x7=0x00000001
       13085000	      1307	80001cfc	47276d13	ori	x26,x14,1138	 x14:0x80009f84 x26=0x80009ff6
       13095000	      1308	80001d00	038c0263	beq	x24,x24,80001d24	 x24:0x00000001 x24:0x00000001
       13105000	      1309	00000000	00000013	addi	x0,x0,0	  x0:0x00000000
       13115000	      1310	80001d20	00000013	addi	x0,x0,0	  x0:0x00000000
       13125000	      1311	80001d24	f872ce93	xori	x29,x5,-121	  x5:0x00000000 x29=0xffffff87
       13135000	      1312	80001d28	02d0d463	bge	x1,x13,80001d50	  x1:0x30577000 x13:0x00000000
       13145000	      1313	00000000	00000013	addi	x0,x0,0	  x0:0x00000000
       13155000	      1314	80001d4c	00000013	addi	x0,x0,0	  x0:0x00000000
       13165000	      1315	80001d50	3e9bbe93	sltiu	x29,x23,1001	 x23:0x305773fd x29=0x00000000
       13175000	      1316	80001d54	40ef5c93	srai	x25,x30,0xe	 x30:0x00000001 x25=0x00000000
       13185000	      1317	80001d58	00a21db3	sll	x27,x4,x10	  x4:0x00000000 x10:0x00000000 x27=0x00000000
       13195000	      1318	80001d5c	fbfd4d13	xori	x26,x26,-65	 x26:0x80009ff6 x26=0x7fff6049
       13205000	      1319	80001d60	01709d13	slli	x26,x1,0x17	  x1:0x30577000 x26=0x00000000
       13215000	      1320	80001d64	00007d17	auipc	x26,0x7	 x26=0x80008d60
       13225000	      1321	80001d68	9c7d0d13	addi	x26,x26,-1593	 x26:0x80008d60 x26=0x80008727
       13235000	      1322	80001d6c	b29d1603	lh	x12,-1239(x26)	 x26:0x80008727 x12=0xfffffd35 PA:0x80008250
       13245000	      1323	80001d70	01833233	sltu	x4,x6,x24	  x6:0x80009fc4 x24:0x00000001  x4=0x00000000
       13255000	      1324	80001d74	cf6d4d83	lbu	x27,-778(x26)	 x26:0x80008727 x27=0x000000c9 PA:0x8000841d
       13265000	      1325	80001d78	40570cb3	sub	x25,x14,x5	 x14:0x80009f84  x5:0x00000000 x25=0x80009f84
       13275000	      1326	80001d7c	023d16a3	sh	x3,45(x26)	 x26:0x80008727  x3:0xffff6c60 PA:0x80008754
       13285000	      1327	80001d80	008f20b3	slt	x1,x30,x8	 x30:0x00000001  x8:0xfffffddb  x1=0x00000000
       13295000	      1328	80001d84	00000013	addi	x0,x0,0	  x0:0x00000000
       13305000	      1329	80001d88	bfbd1603	lh	x12,-1029(x26)	 x26:0x80008727 x12=0x0000114e PA:0x80008322
       13315000	      1330	80001d8c	dafb2393	slti	x7,x22,-593	 x22:0x00000649  x7=0x00000000
       13325000	      1331	80001d90	aafd0f03	lb	x30,-1361(x26)	 x26:0x80008727 x30=0xffffffb1 PA:0x800081d6
       13335000	      1332	80001d94	ae7d4c83	lbu	x25,-1305(x26)	 x26:0x80008727 x25=0x000000f2 PA:0x8000820e
       13345000	      1333	80001d98	10e6be93	sltiu	x29,x13,270	 x13:0x00000000 x29=0x00000001
       13355000	      1334	80001d9c	00000013	addi	x0,x0,0	  x0:0x00000000
       13365000	      1335	80001da0	003a8f33	add	x30,x21,x3	 x21:0xf66a1d35  x3:0xffff6c60 x30=0xf6698995
       13375000	      1336	80001da4	6c5f2793	slti	x15,x30,1733	 x30:0xf6698995 x15=0x00000001
       13385000	      1337	80001da8	fe02a0b7	lui	x1,0xfe02a	  x1=0xfe02a000
       13395000	      1338	80001dac	04cd4b03	lbu	x22,76(x26)	 x26:0x80008727 x22=0x00000063 PA:0x80008773
       13405000	      1339	80001db0	00d92bb3	slt	x23,x18,x13	 x18:0x0013f880 x13:0x00000000 x23=0x00000000
       13415000	      1340	80001db4	fcdb4b93	xori	x23,x22,-51	 x22:0x00000063 x23=0xffffffae
       13425000	      1341	80001db8	9f3d1783	lh	x15,-1549(x26)	 x26:0x80008727 x15=0xffffef9b PA:0x8000811a
       13435000	      1342	80001dbc	bc8d0123	sb	x8,-1086(x26)	 x26:0x80008727  x8:0xfffffddb PA:0x800082e9
       13445000	      1343	80001dc0	b1e57c13	andi	x24,x10,-1250	 x10:0x00000000 x24=0x00000000
       13455000	      1344	80001dc4	dfa72113	slti	x2,x14,-518	 x14:0x80009f84  x2=0x00000001
       13465000	      1345	80001dc8	016314b3	sll	x9,x6,x22	  x6:0x80009fc4 x22:0x00000063  x9=0x0004fe20
       13475000	      1346	80001dcc	f13d0883	lb	x17,-237(x26)	 x26:0x80008727 x17=0xffffffa7 PA:0x8000863a
       13485000	      1347	80001dd0	056d0e03	lb	x28,86(x26)	 x26:0x80008727 x28=0x00000001 PA:0x8000877d
       13495000	      1348	80001dd4	7b2cff37	lui	x30,0x7b2cf	 x30=0x7b2cf000
       13505000	      1349	80001dd8	95e9d8b7	lui	x17,0x95e9d	 x17=0x95e9d000
       13515000	      1350	80001ddc	b09d4783	lbu	x15,-1271(x26)	 x26:0x80008727 x15=0x00000055 PA:0x80008230
       13525000	      1351	80001de0	db8d0383	lb	x7,-584(x26)	 x26:0x80008727  x7=0x00000018 PA:0x800084df
       13535000	      1352	80001de4	b657f593	andi	x11,x15,-1179	 x15:0x00000055 x11=0x00000045
       13545000	      1353	80001de8	ae3d0aa3	sb	x3,-1291(x26)	 x26:0x80008727  x3:0xffff6c60 PA:0x8000821c
       13555000	      1354	80001dec	011d3db3	sltu	x27,x26,x17	 x26:0x80008727 x17:0x95e9d000 x27=0x00000001
       13565000	      1355	80001df0	de2d2613	slti	x12,x26,-542	 x26:0x80008727 x12=0x00000001
       13575000	      1356	80001df4	40bed613	srai	x12,x29,0xb	 x29:0x00000001 x12=0x00000000
       13585000	      1357	80001df8	003b1cb3	sll	x25,x22,x3	 x22:0x00000063  x3:0xffff6c60 x25=0x00000063
       13595000	      1358	80001dfc	fd633b93	sltiu	x23,x6,-42	  x6:0x80009fc4 x23=0x00000001
       13605000	      1359	80001e00	01520533	add	x10,x4,x21	  x4:0x00000000 x21:0xf66a1d35 x10=0xf66a1d35
       13615000	      1360	80001e04	0dcd4183	lbu	x3,220(x26)	 x26:0x80008727  x3=0x0000006b PA:0x80008803
       13625000	      1361	80001e08	001161b3	or	x3,x2,x1	  x2:0x00000001  x1:0xfe02a000  x3=0xfe02a001
       13635000	      1362	80001e0c	40e45833	sra	x16,x8,x14	  x8:0xfffffddb x14:0x80009f84 x16=0xffffffdd
       13645000	      1363	80001e10	e88d4683	lbu	x13,-376(x26)	 x26:0x80008727 x13=0x00000072 PA:0x800085af
       13655000	      1364	80001e14	0d8d4e03	lbu	x28,216(x26)	 x26:0x80008727 x28=0x000000d1 PA:0x800087ff
       13665000	      1365	80001e18	6becb793	sltiu	x15,x25,1726	 x25:0x00000063 x15=0x00000001
       13675000	      1366	80001e1c	9ecd0a03	lb	x20,-1556(x26)	 x26:0x80008727 x20=0xffffff92 PA:0x80008113
       13685000	      1367	80001e20	41bfd293	srai	x5,x31,0x1b	 x31:0xb0580fc4  x5=0xfffffff6
       13695000	      1368	80001e24	dd2d0683	lb	x13,-558(x26)	 x26:0x80008727 x13=0x00000012 PA:0x800084f9
       13705000	      1369	80001e28	3e030d93	addi	x27,x6,992	  x6:0x80009fc4 x27=0x8000a3a4
       13715000	      1370	80001e2c	95ad1fa3	sh	x26,-1697(x26)	 x26:0x80008727 x26:0x80008727 PA:0x80008086
       13725000	      1371	80001e30	0018ef33	or	x30,x17,x1	 x17:0x95e9d000  x1:0xfe02a000 x30=0xffebf000
       13735000	      1372	80001e34	00f64463	blt	x12,x15,80001e3c	 x12:0x00000000 x15:0x00000001
       13745000	      1373	00000000	00000013	addi	x0,x0,0	  x0:0x00000000
       13755000	      1374	80001e38	00000013	addi	x0,x0,0	  x0:0x00000000
       13765000	      1375	80001e3c	05c5e663	bltu	x11,x28,80001e88	 x11:0x00000045 x28:0x000000d1
       13775000	      1376	00000000	00000013	addi	x0,x0,0	  x0:0x00000000
       13785000	      1377	80001e84	00000013	addi	x0,x0,0	  x0:0x00000000
       13795000	      1378	80001e88	f7774c17	auipc	x24,0xf7774	 x24=0x77775e84
       13805000	      1379	80001e8c	f9c6e613	ori	x12,x13,-100	 x13:0x00000012 x12=0xffffff9e
       13815000	      1380	80001e90	2c618513	addi	x10,x3,710	  x3:0xfe02a001 x10=0xfe02a2c7
       13825000	      1381	80001e94	01ff28b3	slt	x17,x30,x31	 x30:0xffebf000 x31:0xb0580fc4 x17=0x00000000
       13835000	      1382	80001e98	019fec63	bltu	x31,x25,80001eb0	 x31:0xb0580fc4 x25:0x00000063
       13845000	      1383	80001e9c	a3e1af93	slti	x31,x3,-1474	  x3:0xfe02a001 x31=0x00000001
       13855000	      1384	80001ea0	4f0ae2b7	lui	x5,0x4f0ae	  x5=0x4f0ae000
       13865000	      1385	80001ea4	02006263	bltu	x0,x0,80001ec8	  x0:0x00000000  x0:0x00000000
       13875000	      1386	80001ea8	40440133	sub	x2,x8,x4	  x8:0xfffffddb  x4:0x00000000  x2=0xfffffddb
       13885000	      1387	80001eac	00941513	slli	x10,x8,0x9	  x8:0xfffffddb x10=0xfffbb600
       13895000	      1388	80001eb0	00541533	sll	x10,x8,x5	  x8:0xfffffddb  x5:0x4f0ae000 x10=0xfffffddb
       13905000	      1389	80001eb4	404a5633	sra	x12,x20,x4	 x20:0xffffff92  x4:0x00000000 x12=0xffffff92
       13915000	      1390	80001eb8	00000013	addi	x0,x0,0	  x0:0x00000000
       13925000	      1391	80001ebc	64f5f937	lui	x18,0x64f5f	 x18=0x64f5f000
       13935000	      1392	80001ec0	418301b3	sub	x3,x6,x24	  x6:0x80009fc4 x24:0x77775e84  x3=0x08894140
       13945000	      1393	80001ec4	055f6463	bltu	x30,x21,80001f0c	 x30:0xffebf000 x21:0xf66a1d35
       13955000	      1394	80001ec8	00000013	addi	x0,x0,0	  x0:0x00000000
       13965000	      1395	80001ecc	41140db3	sub	x27,x8,x17	  x8:0xfffffddb x17:0x00000000 x27=0xfffffddb
       13975000	      1396	80001ed0	00a95863	bge	x18,x10,80001ee0	 x18:0x64f5f000 x10:0xfffffddb
       13985000	      1397	00000000	00000013	addi	x0,x0,0	  x0:0x00000000
       13995000	      1398	80001edc	00000013	addi	x0,x0,0	  x0:0x00000000
       14005000	      1399	80001ee0	25fc2d13	slti	x26,x24,607	 x24:0x77775e84 x26=0x00000000
       14015000	      1400	80001ee4	00000013	addi	x0,x0,0	  x0:0x00000000
       14025000	      1401	80001ee8	00d154b3	srl	x9,x2,x13	  x2:0xfffffddb x13:0x00000012  x9=0x00003fff
       14035000	      1402	80001eec	008fbb33	sltu	x22,x31,x8	 x31:0x00000001  x8:0xfffffddb x22=0x00000001
       14045000	      1403	80001ef0	006592b3	sll	x5,x11,x6	 x11:0x00000045  x6:0x80009fc4  x5=0x00000450
       14055000	      1404	80001ef4	013ce1b3	or	x3,x25,x19	 x25:0x00000063 x19:0x00000305  x3=0x00000367
       14065000	      1405	80001ef8	41ffd433	sra	x8,x31,x31	 x31:0x00000001 x31:0x00000001  x8=0x00000000
       14075000	      1406	80001efc	337d7093	andi	x1,x26,823	 x26:0x00000000  x1=0x00000000
       14085000	      1407	80001f00	00649f93	slli	x31,x9,0x6	  x9:0x00003fff x31=0x000fffc0
       14095000	      1408	80001f04	00002e33	slt	x28,x0,x0	  x0:0x00000000  x0:0x00000000 x28=0x00000000
       14105000	      1409	80001f08	01ded863	bge	x29,x29,80001f18	 x29:0x00000001 x29:0x00000001
       14115000	      1410	00000000	00000013	addi	x0,x0,0	  x0:0x00000000
       14125000	      1411	80001f14	00000013	addi	x0,x0,0	  x0:0x00000000
       14135000	      1412	80001f18	019add13	srli	x26,x21,0x19	 x21:0xf66a1d35 x26=0x0000007b
       14145000	      1413	80001f1c	060bed97	auipc	x27,0x60be	 x27=0x860bff18
       14155000	      1414	80001f20	01274133	xor	x2,x14,x18	 x14:0x80009f84 x18:0x64f5f000  x2=0xe4f56f84
       14165000	      1415	80001f24	414fd913	srai	x18,x31,0x14	 x31:0x000fffc0 x18=0x00000000
       14175000	      1416	80001f28	01125493	srli	x9,x4,0x11	  x4:0x00000000  x9=0x00000000
       14185000	      1417	80001f2c	01d146b3	xor	x13,x2,x29	  x2:0xe4f56f84 x29:0x00000001 x13=0xe4f56f85
       14195000	      1418	80001f30	00464463	blt	x12,x4,80001f38	 x12:0xffffff92  x4:0x00000000
       14205000	      1419	00000000	00000013	addi	x0,x0,0	  x0:0x00000000
       14215000	      1420	80001f34	00000013	addi	x0,x0,0	  x0:0x00000000
       14225000	      1421	80001f38	40b1df33	sra	x30,x3,x11	  x3:0x00000367 x11:0x00000045 x30=0x0000001b
       14235000	      1422	80001f3c	00495db3	srl	x27,x18,x4	 x18:0x00000000  x4:0x00000000 x27=0x00000000
       14245000	      1423	80001f40	011d9f33	sll	x30,x27,x17	 x27:0x00000000 x17:0x00000000 x30=0x00000000
       14255000	      1424	80001f44	00b25bb3	srl	x23,x4,x11	  x4:0x00000000 x11:0x00000045 x23=0x00000000
       14265000	      1425	80001f48	40c950b3	sra	x1,x18,x12	 x18:0x00000000 x12:0xffffff92  x1=0x00000000
       14275000	      1426	80001f4c	414adc13	srai	x24,x21,0x14	 x21:0xf66a1d35 x24=0xffffff66
       14285000	      1427	80001f50	00285b93	srli	x23,x16,0x2	 x16:0xffffffdd x23=0x3ffffff7
       14295000	      1428	80001f54	402a5093	srai	x1,x20,0x2	 x20:0xffffff92  x1=0xffffffe4
       14305000	      1429	80001f58	4166de93	srai	x29,x13,0x16	 x13:0xe4f56f85 x29=0xffffff93
       14315000	      1430	80001f5c	00bb9863	bne	x23,x11,80001f6c	 x23:0x3ffffff7 x11:0x00000045
       14325000	      1431	00000000	00000013	addi	x0,x0,0	  x0:0x00000000
       14335000	      1432	80001f68	00000013	addi	x0,x0,0	  x0:0x00000000
       14345000	      1433	80001f6c	02fc8693	addi	x13,x25,47	 x25:0x00000063 x13=0x00000092
       14355000	      1434	80001f70	003eb533	sltu	x10,x29,x3	 x29:0xffffff93  x3:0x00000367 x10=0x00000000
       14365000	      1435	80001f74	007f8463	beq	x31,x7,80001f7c	 x31:0x000fffc0  x7:0x00000018
       14375000	      1436	80001f78	021e8a63	beq	x29,x1,80001fac	 x29:0xffffff93  x1:0xffffffe4
       14385000	      1437	80001f7c	01a39bb3	sll	x23,x7,x26	  x7:0x00000018 x26:0x0000007b x23=0xc0000000
       14395000	      1438	80001f80	00382c33	slt	x24,x16,x3	 x16:0xffffffdd  x3:0x00000367 x24=0x00000001
       14405000	      1439	80001f84	409c5813	srai	x16,x24,0x9	 x24:0x00000001 x16=0x00000000
       14415000	      1440	80001f88	6ac4ec13	ori	x24,x9,1708	  x9:0x00000000 x24=0x000006ac
       14425000	      1441	80001f8c	01e19b93	slli	x23,x3,0x1e	  x3:0x00000367 x23=0xc0000000
       14435000	      1442	80001f90	00356233	or	x4,x10,x3	 x10:0x00000000  x3:0x00000367  x4=0x00000367
       14445000	      1443	80001f94	417f5a13	srai	x20,x30,0x17	 x30:0x00000000 x20=0x00000000
       14455000	      1444	80001f98	01962eb3	slt	x29,x12,x25	 x12:0xffffff92 x25:0x00000063 x29=0x00000001
       14465000	      1445	80001f9c	40ad5e33	sra	x28,x26,x10	 x26:0x0000007b x10:0x00000000 x28=0x0000007b
       14475000	      1446	80001fa0	01abfe33	and	x28,x23,x26	 x23:0xc0000000 x26:0x0000007b x28=0x00000000
       14485000	      1447	80001fa4	005ac463	blt	x21,x5,80001fac	 x21:0xf66a1d35  x5:0x00000450
       14495000	      1448	00000000	00000013	addi	x0,x0,0	  x0:0x00000000
       14505000	      1449	80001fa8	00000013	addi	x0,x0,0	  x0:0x00000000
       14515000	      1450	80001fac	01bf96b3	sll	x13,x31,x27	 x31:0x000fffc0 x27:0x00000000 x13=0x000fffc0
       14525000	      1451	80001fb0	002da8b3	slt	x17,x27,x2	 x27:0x00000000  x2:0xe4f56f84 x17=0x00000000
       14535000	      1452	80001fb4	0151b2b3	sltu	x5,x3,x21	  x3:0x00000367 x21:0xf66a1d35  x5=0x00000001
       14545000	      1453	80001fb8	05404063	blt	x0,x20,80001ff8	  x0:0x00000000 x20:0x00000000
       14555000	      1454	80001fbc	00e94fb3	xor	x31,x18,x14	 x18:0x00000000 x14:0x80009f84 x31=0x80009f84
       14565000	      1455	80001fc0	01b134b3	sltu	x9,x2,x27	  x2:0xe4f56f84 x27:0x00000000  x9=0x00000000
       14575000	      1456	80001fc4	88b9db37	lui	x22,0x88b9d	 x22=0x88b9d000
       14585000	      1457	80001fc8	02b99c63	bne	x19,x11,80002000	 x19:0x00000305 x11:0x00000045
       14595000	      1458	00000000	00000013	addi	x0,x0,0	  x0:0x00000000
       14605000	      1459	80001ffc	00000013	addi	x0,x0,0	  x0:0x00000000
       14615000	      1460	80002000	019a01b3	add	x3,x20,x25	 x20:0x00000000 x25:0x00000063  x3=0x00000063
       14625000	      1461	80002004	00ab26b3	slt	x13,x22,x10	 x22:0x88b9d000 x10:0x00000000 x13=0x00000001
       14635000	      1462	80002008	0077a933	slt	x18,x15,x7	 x15:0x00000001  x7:0x00000018 x18=0x00000001
       14645000	      1463	8000200c	46b63e13	sltiu	x28,x12,1131	 x12:0xffffff92 x28=0x00000000
       14655000	      1464	80002010	265d9197	auipc	x3,0x265d9	  x3=0xa65db00c
       14665000	      1465	80002014	00443e33	sltu	x28,x8,x4	  x8:0x00000000  x4:0x00000367 x28=0x00000001
       14675000	      1466	80002018	44b62093	slti	x1,x12,1099	 x12:0xffffff92  x1=0x00000001
       14685000	      1467	8000201c	009e2c33	slt	x24,x28,x9	 x28:0x00000001  x9:0x00000000 x24=0x00000000
       14695000	      1468	80002020	4184deb3	sra	x29,x9,x24	  x9:0x00000000 x24:0x00000000 x29=0x00000000
       14705000	      1469	80002024	005ce933	or	x18,x25,x5	 x25:0x00000063  x5:0x00000001 x18=0x00000063
       14715000	      1470	80002028	0536c463	blt	x13,x19,80002070	 x13:0x00000001 x19:0x00000305
       14725000	      1471	00000000	00000013	addi	x0,x0,0	  x0:0x00000000
       14735000	      1472	8000206c	00000013	addi	x0,x0,0	  x0:0x00000000
       14745000	      1473	80002070	5743fb93	andi	x23,x7,1396	  x7:0x00000018 x23=0x00000010
       14755000	      1474	80002074	6fea7213	andi	x4,x20,1790	 x20:0x00000000  x4=0x00000000
       14765000	      1475	80002078	0344da63	bge	x9,x20,800020ac	  x9:0x00000000 x20:0x00000000
       14775000	      1476	00000000	00000013	addi	x0,x0,0	  x0:0x00000000
       14785000	      1477	800020a8	00000013	addi	x0,x0,0	  x0:0x00000000
       14795000	      1478	800020ac	412557b3	sra	x15,x10,x18	 x10:0x00000000 x18:0x00000063 x15=0x00000000
       14805000	      1479	800020b0	00000a97	auipc	x21,0x0	 x21=0x800020ac
       14815000	      1480	800020b4	00ca8a93	addi	x21,x21,12	 x21:0x800020ac x21=0x800020b8
       14825000	      1481	800020b8	000a8067	jalr	x0,x21,0	 x21:0x800020b8
       14835000	      1482	00000000	00000013	addi	x0,x0,0	  x0:0x00000000
       14845000	      1483	800020b8	00000013	addi	x0,x0,0	  x0:0x00000000
       14855000	      1484	800020bc	00100193	addi	x3,x0,1	  x0:0x00000000  x3=0x00000001
       14865000	      1485	800020c0	00000073	ecall	
       14875000	      1486	800020c4	01645463	bge	x8,x22,800020cc	  x8:0x00000000 x22:0x88b9d000
