		Time			Cycle	PC		Insn	Decoded instruction	Register and memory contents
          65000	         5	80000004	00000293	addi	x5,x0,0	  x0:0x00000000  x5=0x00000000
          75000	         6	80000008	00000313	addi	x6,x0,0	  x0:0x00000000  x6=0x00000000
          85000	         7	8000000c	00628263	beq	x5,x6,80000010	  x5:0x00000000  x6:0x00000000
          95000	         8	00000000	00000013	addi	x0,x0,0	  x0:0x00000000
         105000	         9	8000000c	00000013	addi	x0,x0,0	  x0:0x00000000
         115000	        10	80000010	00000717	auipc	x14,0x0	 x14=0x8000000c
         125000	        11	80000014	00c70713	addi	x14,x14,12	 x14:0x8000000c x14=0x80000018
         135000	        12	80000018	00070067	jalr	x0,x14,0	 x14:0x80000018
         145000	        13	00000000	00000013	addi	x0,x0,0	  x0:0x00000000
         155000	        14	80000018	00000013	addi	x0,x0,0	  x0:0x00000000
         165000	        15	8000001c	400007b7	lui	x15,0x40000	 x15=0x40000000
         175000	        16	80000020	10078793	addi	x15,x15,256	 x15:0x40000000 x15=0x40000100
         185000	        17	80000024	00000013	addi	x0,x0,0	  x0:0x00000000
         195000	        18	80000028	0000ae97	auipc	x29,0xa	 x29=0x8000a024
         205000	        19	8000002c	fa0e8e93	addi	x29,x29,-96	 x29:0x8000a024 x29=0x80009fc4
         215000	        20	80000030	00007797	auipc	x15,0x7	 x15=0x8000702c
         225000	        21	80000034	2d478793	addi	x15,x15,724	 x15:0x8000702c x15=0x80007300
         235000	        22	80000038	0017e793	ori	x15,x15,1	 x15:0x80007300 x15=0x80007301
         245000	        23	8000003c	00000013	addi	x0,x0,0	  x0:0x00000000
         255000	        24	80000040	00000797	auipc	x15,0x0	 x15=0x8000003c
         265000	        25	80000044	02078793	addi	x15,x15,32	 x15:0x8000003c x15=0x8000005c
         275000	        26	80000048	00000013	addi	x0,x0,0	  x0:0x00000000
         285000	        27	8000004c	00000013	addi	x0,x0,0	  x0:0x00000000
         295000	        28	80000050	000027b7	lui	x15,0x2	 x15=0x00002000
         305000	        29	80000054	80078793	addi	x15,x15,-2048	 x15:0x00002000 x15=0x00001800
         315000	        30	80000058	00000013	addi	x0,x0,0	  x0:0x00000000
         325000	        31	8000005c	00000013	addi	x0,x0,0	  x0:0x00000000
         335000	        32	80000060	fd936037	lui	x0,0xfd936	
         345000	        33	80000064	06800013	addi	x0,x0,104	  x0:0x00000000
         355000	        34	80000068	800000b7	lui	x1,0x80000	  x1=0x80000000
         365000	        35	8000006c	80000137	lui	x2,0x80000	  x2=0x80000000
         375000	        36	80000070	00700193	addi	x3,x0,7	  x0:0x00000000  x3=0x00000007
         385000	        37	80000074	80000237	lui	x4,0x80000	  x4=0x80000000
         395000	        38	80000078	00500293	addi	x5,x0,5	  x0:0x00000000  x5=0x00000005
         405000	        39	8000007c	01726337	lui	x6,0x1726	  x6=0x01726000
         415000	        40	80000080	4ae30313	addi	x6,x6,1198	  x6:0x01726000  x6=0x017264ae
         425000	        41	80000084	fd52a3b7	lui	x7,0xfd52a	  x7=0xfd52a000
         435000	        42	80000088	21e38393	addi	x7,x7,542	  x7:0xfd52a000  x7=0xfd52a21e
         445000	        43	8000008c	00900493	addi	x9,x0,9	  x0:0x00000000  x9=0x00000009
         455000	        44	80000090	80000537	lui	x10,0x80000	 x10=0x80000000
         465000	        45	80000094	e16a35b7	lui	x11,0xe16a3	 x11=0xe16a3000
         475000	        46	80000098	a2c58593	addi	x11,x11,-1492	 x11:0xe16a3000 x11=0xe16a2a2c
         485000	        47	8000009c	00000613	addi	x12,x0,0	  x0:0x00000000 x12=0x00000000
         495000	        48	800000a0	f538b6b7	lui	x13,0xf538b	 x13=0xf538b000
         505000	        49	800000a4	1ea68693	addi	x13,x13,490	 x13:0xf538b000 x13=0xf538b1ea
         515000	        50	800000a8	80000737	lui	x14,0x80000	 x14=0x80000000
         525000	        51	800000ac	973d67b7	lui	x15,0x973d6	 x15=0x973d6000
         535000	        52	800000b0	72b78793	addi	x15,x15,1835	 x15:0x973d6000 x15=0x973d672b
         545000	        53	800000b4	80000837	lui	x16,0x80000	 x16=0x80000000
         555000	        54	800000b8	00b00893	addi	x17,x0,11	  x0:0x00000000 x17=0x0000000b
         565000	        55	800000bc	80000937	lui	x18,0x80000	 x18=0x80000000
         575000	        56	800000c0	4d0e49b7	lui	x19,0x4d0e4	 x19=0x4d0e4000
         585000	        57	800000c4	8a298993	addi	x19,x19,-1886	 x19:0x4d0e4000 x19=0x4d0e38a2
         595000	        58	800000c8	ff34ea37	lui	x20,0xff34e	 x20=0xff34e000
         605000	        59	800000cc	5b7a0a13	addi	x20,x20,1463	 x20:0xff34e000 x20=0xff34e5b7
         615000	        60	800000d0	00000a93	addi	x21,x0,0	  x0:0x00000000 x21=0x00000000
         625000	        61	800000d4	ad28bb37	lui	x22,0xad28b	 x22=0xad28b000
         635000	        62	800000d8	11bb0b13	addi	x22,x22,283	 x22:0xad28b000 x22=0xad28b11b
         645000	        63	800000dc	00c00b93	addi	x23,x0,12	  x0:0x00000000 x23=0x0000000c
         655000	        64	800000e0	dd304c37	lui	x24,0xdd304	 x24=0xdd304000
         665000	        65	800000e4	555c0c13	addi	x24,x24,1365	 x24:0xdd304000 x24=0xdd304555
         675000	        66	800000e8	80000cb7	lui	x25,0x80000	 x25=0x80000000
         685000	        67	800000ec	fa0a2d37	lui	x26,0xfa0a2	 x26=0xfa0a2000
         695000	        68	800000f0	37bd0d13	addi	x26,x26,891	 x26:0xfa0a2000 x26=0xfa0a237b
         705000	        69	800000f4	00000d93	addi	x27,x0,0	  x0:0x00000000 x27=0x00000000
         715000	        70	800000f8	e793ce37	lui	x28,0xe793c	 x28=0xe793c000
         725000	        71	800000fc	a4de0e13	addi	x28,x28,-1459	 x28:0xe793c000 x28=0xe793ba4d
         735000	        72	80000100	00200f13	addi	x30,x0,2	  x0:0x00000000 x30=0x00000002
         745000	        73	80000104	0e763fb7	lui	x31,0xe763	 x31=0x0e763000
         755000	        74	80000108	0b6f8f93	addi	x31,x31,182	 x31:0x0e763000 x31=0x0e7630b6
         765000	        75	8000010c	0000a417	auipc	x8,0xa	  x8=0x8000a108
         775000	        76	80000110	e7c40413	addi	x8,x8,-388	  x8:0x8000a108  x8=0x80009f84
         785000	        77	80000114	00009117	auipc	x2,0x9	  x2=0x80009110
         795000	        78	80000118	91410113	addi	x2,x2,-1772	  x2:0x80009110  x2=0x80008a24
         805000	        79	8000011c	4a6d2f13	slti	x30,x26,1190	 x26:0xfa0a237b x30=0x00000001
         815000	        80	80000120	03310183	lb	x3,51(x2)	  x2:0x80008a24  x3=0x00000000 PA:0x80008a57
         825000	        81	00000000	00000013	addi	x0,x0,0	  x0:0x00000000
         835000	        82	80000124	003f7fb3	and	x31,x30,x3	 x30:0x00000001  x3:0x00000000 x31=0x00000000
         845000	        83	80000128	02114683	lbu	x13,33(x2)	  x2:0x80008a24 x13=0x00000000 PA:0x80008a45
         855000	        84	8000012c	6e734213	xori	x4,x6,1767	  x6:0x017264ae  x4=0x01726249
         865000	        85	80000130	ba8c6d93	ori	x27,x24,-1112	 x24:0xdd304555 x27=0xfffffffd
         875000	        86	80000134	b613fe13	andi	x28,x7,-1183	  x7:0xfd52a21e x28=0xfd52a200
         885000	        87	80000138	b4038913	addi	x18,x7,-1216	  x7:0xfd52a21e x18=0xfd529d5e
         895000	        88	8000013c	00891933	sll	x18,x18,x8	 x18:0xfd529d5e  x8:0x80009f84 x18=0xd529d5e0
         905000	        89	80000140	012c8833	add	x16,x25,x18	 x25:0x80000000 x18:0xd529d5e0 x16=0x5529d5e0
         915000	        90	80000144	400ed033	sra	x0,x29,x0	 x29:0x80009fc4  x0:0x00000000
         925000	        91	80000148	fe611623	sh	x6,-20(x2)	  x2:0x80008a24  x6:0x017264ae PA:0x80008a10
         935000	        92	8000014c	fcc102a3	sb	x12,-59(x2)	  x2:0x80008a24 x12:0x00000000 PA:0x800089e9
         945000	        93	80000150	67d4c217	auipc	x4,0x67d4c	  x4=0xe7d4c14c
         955000	        94	80000154	010451b3	srl	x3,x8,x16	  x8:0x80009f84 x16:0x5529d5e0  x3=0x80009f84
         965000	        95	80000158	2522ad37	lui	x26,0x2522a	 x26=0x2522a000
         975000	        96	8000015c	00d869b3	or	x19,x16,x13	 x16:0x5529d5e0 x13:0x00000000 x19=0x5529d5e0
         985000	        97	80000160	db173f93	sltiu	x31,x14,-591	 x14:0x80000000 x31=0x00000001
         995000	        98	80000164	01310fa3	sb	x19,31(x2)	  x2:0x80008a24 x19:0x5529d5e0 PA:0x80008a43
        1005000	        99	80000168	03e10583	lb	x11,62(x2)	  x2:0x80008a24 x11=0x00000000 PA:0x80008a62
        1015000	       100	8000016c	04011383	lh	x7,64(x2)	  x2:0x80008a24  x7=0x00000000 PA:0x80008a64
        1025000	       101	80000170	fed10123	sb	x13,-30(x2)	  x2:0x80008a24 x13:0x00000000 PA:0x80008a06
        1035000	       102	80000174	fec11b03	lh	x22,-20(x2)	  x2:0x80008a24 x22=0x000064ae PA:0x80008a10
        1045000	       103	80000178	01a86fb3	or	x31,x16,x26	 x16:0x5529d5e0 x26:0x2522a000 x31=0x752bf5e0
        1055000	       104	8000017c	ff714603	lbu	x12,-9(x2)	  x2:0x80008a24 x12=0x00000000 PA:0x80008a1b
        1065000	       105	80000180	41015bb3	sra	x23,x2,x16	  x2:0x80008a24 x16:0x5529d5e0 x23=0x80008a24
        1075000	       106	80000184	01f4c8b3	xor	x17,x9,x31	  x9:0x00000009 x31:0x752bf5e0 x17=0x752bf5e9
        1085000	       107	80000188	fe815283	lhu	x5,-24(x2)	  x2:0x80008a24  x5=0x00000000 PA:0x80008a0c
        1095000	       108	8000018c	fce11823	sh	x14,-48(x2)	  x2:0x80008a24 x14:0x80000000 PA:0x800089f4
        1105000	       109	80000190	02114683	lbu	x13,33(x2)	  x2:0x80008a24 x13=0x00000000 PA:0x80008a45
        1115000	       110	80000194	0122db13	srli	x22,x5,0x12	  x5:0x00000000 x22=0x00000000
        1125000	       111	80000198	fd310423	sb	x19,-56(x2)	  x2:0x80008a24 x19:0x5529d5e0 PA:0x800089ec
        1135000	       112	8000019c	02f10723	sb	x15,46(x2)	  x2:0x80008a24 x15:0x973d672b PA:0x80008a52
        1145000	       113	800001a0	00008317	auipc	x6,0x8	  x6=0x8000819c
        1155000	       114	800001a4	18e30313	addi	x6,x6,398	  x6:0x8000819c  x6=0x8000832a
        1165000	       115	800001a8	00525793	srli	x15,x4,0x5	  x4:0xe7d4c14c x15=0x073ea60a
        1175000	       116	800001ac	01a9fcb3	and	x25,x19,x26	 x19:0x5529d5e0 x26:0x2522a000 x25=0x05208000
        1185000	       117	800001b0	0d630903	lb	x18,214(x6)	  x6:0x8000832a x18=0x00000000 PA:0x80008400
        1195000	       118	800001b4	fe834683	lbu	x13,-24(x6)	  x6:0x8000832a x13=0x00000000 PA:0x80008312
        1205000	       119	800001b8	0a431003	lh	x0,164(x6)	  x6:0x8000832a PA:0x800083ce
        1215000	       120	800001bc	00000013	addi	x0,x0,0	  x0:0x00000000
        1225000	       121	800001c0	0cb1e893	ori	x17,x3,203	  x3:0x80009f84 x17=0x80009fcf
        1235000	       122	800001c4	f0c35503	lhu	x10,-244(x6)	  x6:0x8000832a x10=0x00000000 PA:0x80008236
        1245000	       123	800001c8	01769633	sll	x12,x13,x23	 x13:0x00000000 x23:0x80008a24 x12=0x00000000
        1255000	       124	800001cc	02b30623	sb	x11,44(x6)	  x6:0x8000832a x11:0x00000000 PA:0x80008356
        1265000	       125	800001d0	0d5302a3	sb	x21,197(x6)	  x6:0x8000832a x21:0x00000000 PA:0x800083ef
        1275000	       126	800001d4	fe030603	lb	x12,-32(x6)	  x6:0x8000832a x12=0x00000000 PA:0x8000830a
        1285000	       127	800001d8	01a69913	slli	x18,x13,0x1a	 x13:0x00000000 x18=0x00000000
        1295000	       128	800001dc	0b031a83	lh	x21,176(x6)	  x6:0x8000832a x21=0x00000000 PA:0x800083da
        1305000	       129	800001e0	00000013	addi	x0,x0,0	  x0:0x00000000
        1315000	       130	800001e4	fc2304a3	sb	x2,-55(x6)	  x6:0x8000832a  x2:0x80008a24 PA:0x800082f3
        1325000	       131	800001e8	012ea633	slt	x12,x29,x18	 x29:0x80009fc4 x18:0x00000000 x12=0x00000001
        1335000	       132	800001ec	01e4ff33	and	x30,x9,x30	  x9:0x00000009 x30:0x00000001 x30=0x00000001
        1345000	       133	800001f0	00734603	lbu	x12,7(x6)	  x6:0x8000832a x12=0x00000000 PA:0x80008331
        1355000	       134	800001f4	008da133	slt	x2,x27,x8	 x27:0xfffffffd  x8:0x80009f84  x2=0x00000000
        1365000	       135	800001f8	0d930b03	lb	x22,217(x6)	  x6:0x8000832a x22=0x00000000 PA:0x80008403
        1375000	       136	800001fc	06435383	lhu	x7,100(x6)	  x6:0x8000832a  x7=0x00000000 PA:0x8000838e
        1385000	       137	80000200	4c2d8493	addi	x9,x27,1218	 x27:0xfffffffd  x9=0x000004bf
        1395000	       138	80000204	013f8fb3	add	x31,x31,x19	 x31:0x752bf5e0 x19:0x5529d5e0 x31=0xca55cbc0
        1405000	       139	80000208	163f1537	lui	x10,0x163f1	 x10=0x163f1000
        1415000	       140	8000020c	91d50897	auipc	x17,0x91d50	 x17=0x11d50208
        1425000	       141	80000210	b43c2bb7	lui	x23,0xb43c2	 x23=0xb43c2000
        1435000	       142	80000214	f72308a3	sb	x18,-143(x6)	  x6:0x8000832a x18:0x00000000 PA:0x8000829b
        1445000	       143	80000218	fca31883	lh	x17,-54(x6)	  x6:0x8000832a x17=0x00000000 PA:0x800082f4
        1455000	       144	8000021c	06b30803	lb	x16,107(x6)	  x6:0x8000832a x16=0x00000000 PA:0x80008395
        1465000	       145	80000220	00630f03	lb	x30,6(x6)	  x6:0x8000832a x30=0x00000000 PA:0x80008330
        1475000	       146	80000224	f8032f23	sw	x0,-98(x6)	  x6:0x8000832a  x0:0x00000000 PA:0x800082c8
        1485000	       147	80000228	fe134503	lbu	x10,-31(x6)	  x6:0x8000832a x10=0x00000000 PA:0x8000830b
        1495000	       148	8000022c	fc130a83	lb	x21,-63(x6)	  x6:0x8000832a x21=0x00000000 PA:0x800082eb
        1505000	       149	80000230	04632503	lw	x10,70(x6)	  x6:0x8000832a x10=0x00000000 PA:0x80008370
        1515000	       150	80000234	0b530603	lb	x12,181(x6)	  x6:0x8000832a x12=0x00000000 PA:0x800083df
        1525000	       151	80000238	a96f0093	addi	x1,x30,-1386	 x30:0x00000000  x1=0xfffffa96
        1535000	       152	8000023c	00bfadb3	slt	x27,x31,x11	 x31:0xca55cbc0 x11:0x00000000 x27=0x00000001
        1545000	       153	80000240	0a334983	lbu	x19,163(x6)	  x6:0x8000832a x19=0x00000000 PA:0x800083cd
        1555000	       154	80000244	f6c30e23	sb	x12,-132(x6)	  x6:0x8000832a x12:0x00000000 PA:0x800082a6
        1565000	       155	80000248	01d304a3	sb	x29,9(x6)	  x6:0x8000832a x29:0x80009fc4 PA:0x80008333
        1575000	       156	8000024c	00008117	auipc	x2,0x8	  x2=0x80008248
        1585000	       157	80000250	77510113	addi	x2,x2,1909	  x2:0x80008248  x2=0x800089bd
        1595000	       158	80000254	d7e08a13	addi	x20,x1,-642	  x1:0xfffffa96 x20=0xfffff814
        1605000	       159	80000258	f0c116a3	sh	x12,-243(x2)	  x2:0x800089bd x12:0x00000000 PA:0x800088ca
        1615000	       160	8000025c	0a410823	sb	x4,176(x2)	  x2:0x800089bd  x4:0xe7d4c14c PA:0x80008a6d
        1625000	       161	80000260	08c14f03	lbu	x30,140(x2)	  x2:0x800089bd x30=0x00000000 PA:0x80008a49
        1635000	       162	80000264	40145333	sra	x6,x8,x1	  x8:0x80009f84  x1:0xfffffa96  x6=0xfffffe00
        1645000	       163	80000268	01f49e13	slli	x28,x9,0x1f	  x9:0x000004bf x28=0x80000000
        1655000	       164	8000026c	00ee5993	srli	x19,x28,0xe	 x28:0x80000000 x19=0x00020000
        1665000	       165	80000270	d68be513	ori	x10,x23,-664	 x23:0xb43c2000 x10=0xfffffd68
        1675000	       166	80000274	fed11e03	lh	x28,-19(x2)	  x2:0x800089bd x28=0x00000000 PA:0x800089aa
        1685000	       167	80000278	00000013	addi	x0,x0,0	  x0:0x00000000
        1695000	       168	8000027c	f3810c23	sb	x24,-200(x2)	  x2:0x800089bd x24:0xdd304555 PA:0x800088f5
        1705000	       169	80000280	0fa14303	lbu	x6,250(x2)	  x2:0x800089bd  x6=0x00000000 PA:0x80008ab7
        1715000	       170	80000284	0ac14f03	lbu	x30,172(x2)	  x2:0x800089bd x30=0x00000000 PA:0x80008a69
        1725000	       171	80000288	fcccc797	auipc	x15,0xfcccc	 x15=0x7cccc284
        1735000	       172	8000028c	011b7333	and	x6,x22,x17	 x22:0x00000000 x17:0x00000000  x6=0x00000000
        1745000	       173	80000290	f4511ba3	sh	x5,-169(x2)	  x2:0x800089bd  x5:0x00000000 PA:0x80008914
        1755000	       174	80000294	f7210b23	sb	x18,-138(x2)	  x2:0x800089bd x18:0x00000000 PA:0x80008933
        1765000	       175	80000298	0e414603	lbu	x12,228(x2)	  x2:0x800089bd x12=0x00000000 PA:0x80008aa1
        1775000	       176	8000029c	00d56033	or	x0,x10,x13	 x10:0xfffffd68 x13:0x00000000
        1785000	       177	800002a0	00649b13	slli	x22,x9,0x6	  x9:0x000004bf x22=0x00012fc0
        1795000	       178	800002a4	05c14483	lbu	x9,92(x2)	  x2:0x800089bd  x9=0x00000000 PA:0x80008a19
        1805000	       179	800002a8	fb612da3	sw	x22,-69(x2)	  x2:0x800089bd x22:0x00012fc0 PA:0x80008978
        1815000	       180	800002ac	05115683	lhu	x13,81(x2)	  x2:0x800089bd x13=0x00000000 PA:0x80008a0e
        1825000	       181	800002b0	fae10203	lb	x4,-82(x2)	  x2:0x800089bd  x4=0x00000000 PA:0x8000896b
        1835000	       182	800002b4	05c14183	lbu	x3,92(x2)	  x2:0x800089bd  x3=0x00000000 PA:0x80008a19
        1845000	       183	800002b8	44808093	addi	x1,x1,1096	  x1:0xfffffa96  x1=0xfffffede
        1855000	       184	800002bc	fa710883	lb	x17,-89(x2)	  x2:0x800089bd x17=0x00000000 PA:0x80008964
        1865000	       185	800002c0	fae10f03	lb	x30,-82(x2)	  x2:0x800089bd x30=0x00000000 PA:0x8000896b
        1875000	       186	800002c4	f9210c83	lb	x25,-110(x2)	  x2:0x800089bd x25=0x00000000 PA:0x8000894f
        1885000	       187	800002c8	404a03b3	sub	x7,x20,x4	 x20:0xfffff814  x4:0x00000000  x7=0xfffff814
        1895000	       188	800002cc	41325833	sra	x16,x4,x19	  x4:0x00000000 x19:0x00020000 x16=0x00000000
        1905000	       189	800002d0	06d117a3	sh	x13,111(x2)	  x2:0x800089bd x13:0x00000000 PA:0x80008a2c
        1915000	       190	800002d4	15a62313	slti	x6,x12,346	 x12:0x00000000  x6=0x00000001
        1925000	       191	800002d8	de8c4d13	xori	x26,x24,-536	 x24:0xdd304555 x26=0x22cfb8bd
        1935000	       192	800002dc	01a113a3	sh	x26,7(x2)	  x2:0x800089bd x26:0x22cfb8bd PA:0x800089c4
        1945000	       193	800002e0	fb514a03	lbu	x20,-75(x2)	  x2:0x800089bd x20=0x00000000 PA:0x80008972
        1955000	       194	800002e4	08e45f17	auipc	x30,0x8e45	 x30=0x88e452e0
        1965000	       195	800002e8	28da4197	auipc	x3,0x28da4	  x3=0xa8da42e4
        1975000	       196	800002ec	0c410983	lb	x19,196(x2)	  x2:0x800089bd x19=0x00000000 PA:0x80008a81
        1985000	       197	00000000	00000013	addi	x0,x0,0	  x0:0x00000000
        1995000	       198	800002f0	4409fc93	andi	x25,x19,1088	 x19:0x00000000 x25=0x00000000
        2005000	       199	800002f4	09610b03	lb	x22,150(x2)	  x2:0x800089bd x22=0x00000000 PA:0x80008a53
        2015000	       200	800002f8	6aa02e13	slti	x28,x0,1706	  x0:0x00000000 x28=0x00000001
        2025000	       201	800002fc	08115d03	lhu	x26,129(x2)	  x2:0x800089bd x26=0x00000000 PA:0x80008a3e
        2035000	       202	80000300	0e814883	lbu	x17,232(x2)	  x2:0x800089bd x17=0x00000000 PA:0x80008aa5
        2045000	       203	80000304	0fc10d83	lb	x27,252(x2)	  x2:0x800089bd x27=0x00000000 PA:0x80008ab9
        2055000	       204	80000308	0f810983	lb	x19,248(x2)	  x2:0x800089bd x19=0x00000000 PA:0x80008ab5
        2065000	       205	8000030c	06210303	lb	x6,98(x2)	  x2:0x800089bd  x6=0x00000000 PA:0x80008a1f
        2075000	       206	80000310	d170fb13	andi	x22,x1,-745	  x1:0xfffffede x22=0xfffffc16
        2085000	       207	80000314	03fbe8b7	lui	x17,0x3fbe	 x17=0x03fbe000
        2095000	       208	80000318	04d7c263	blt	x15,x13,8000035c	 x15:0x7cccc284 x13:0x00000000
        2105000	       209	8000031c	000a4533	xor	x10,x20,x0	 x20:0x00000000  x0:0x00000000 x10=0x00000000
        2115000	       210	80000320	080c1263	bne	x24,x0,800003a4	 x24:0xdd304555  x0:0x00000000
        2125000	       211	00000000	00000013	addi	x0,x0,0	  x0:0x00000000
        2135000	       212	800003a0	00000013	addi	x0,x0,0	  x0:0x00000000
        2145000	       213	800003a4	8a91a313	slti	x6,x3,-1879	  x3:0xa8da42e4  x6=0x00000001
        2155000	       214	800003a8	0199efb3	or	x31,x19,x25	 x19:0x00000000 x25:0x00000000 x31=0x00000000
        2165000	       215	800003ac	010f9c63	bne	x31,x16,800003c4	 x31:0x00000000 x16:0x00000000
        2175000	       216	800003b0	00581d13	slli	x26,x16,0x5	 x16:0x00000000 x26=0x00000000
        2185000	       217	800003b4	01e32db3	slt	x27,x6,x30	  x6:0x00000001 x30:0x88e452e0 x27=0x00000000
        2195000	       218	800003b8	01c838b3	sltu	x17,x16,x28	 x16:0x00000000 x28:0x00000001 x17=0x00000001
        2205000	       219	800003bc	014eb4b3	sltu	x9,x29,x20	 x29:0x80009fc4 x20:0x00000000  x9=0x00000000
        2215000	       220	800003c0	00ee2933	slt	x18,x28,x14	 x28:0x00000001 x14:0x80000000 x18=0x00000000
        2225000	       221	800003c4	00061513	slli	x10,x12,0x0	 x12:0x00000000 x10=0x00000000
        2235000	       222	800003c8	00000013	addi	x0,x0,0	  x0:0x00000000
        2245000	       223	800003cc	038a0463	beq	x20,x24,800003f4	 x20:0x00000000 x24:0xdd304555
        2255000	       224	800003d0	004556b3	srl	x13,x10,x4	 x10:0x00000000  x4:0x00000000 x13=0x00000000
        2265000	       225	800003d4	01aa16b3	sll	x13,x20,x26	 x20:0x00000000 x26:0x00000000 x13=0x00000000
        2275000	       226	800003d8	00db0fb3	add	x31,x22,x13	 x22:0xfffffc16 x13:0x00000000 x31=0xfffffc16
        2285000	       227	800003dc	0093ae33	slt	x28,x7,x9	  x7:0xfffff814  x9:0x00000000 x28=0x00000001
        2295000	       228	800003e0	4107db33	sra	x22,x15,x16	 x15:0x7cccc284 x16:0x00000000 x22=0x7cccc284
        2305000	       229	800003e4	882f4e13	xori	x28,x30,-1918	 x30:0x88e452e0 x28=0x771baa62
        2315000	       230	800003e8	01c3d5b3	srl	x11,x7,x28	  x7:0xfffff814 x28:0x771baa62 x11=0x3ffffe05
        2325000	       231	800003ec	4c338337	lui	x6,0x4c338	  x6=0x4c338000
        2335000	       232	800003f0	0047c933	xor	x18,x15,x4	 x15:0x7cccc284  x4:0x00000000 x18=0x7cccc284
        2345000	       233	800003f4	40980fb3	sub	x31,x16,x9	 x16:0x00000000  x9:0x00000000 x31=0x00000000
        2355000	       234	800003f8	01747333	and	x6,x8,x23	  x8:0x80009f84 x23:0xb43c2000  x6=0x80000000
        2365000	       235	800003fc	01721b13	slli	x22,x4,0x17	  x4:0x00000000 x22=0x00000000
        2375000	       236	80000400	5d6ea193	slti	x3,x29,1494	 x29:0x80009fc4  x3=0x00000001
        2385000	       237	80000404	d94dce13	xori	x28,x27,-620	 x27:0x00000000 x28=0xfffffd94
        2395000	       238	80000408	01397333	and	x6,x18,x19	 x18:0x7cccc284 x19:0x00000000  x6=0x00000000
        2405000	       239	8000040c	742ef093	andi	x1,x29,1858	 x29:0x80009fc4  x1=0x00000740
        2415000	       240	80000410	0127bfb3	sltu	x31,x15,x18	 x15:0x7cccc284 x18:0x7cccc284 x31=0x00000000
        2425000	       241	80000414	0036e2b3	or	x5,x13,x3	 x13:0x00000000  x3:0x00000001  x5=0x00000001
        2435000	       242	80000418	3de8cf97	auipc	x31,0x3de8c	 x31=0xbde8c414
        2445000	       243	8000041c	01c335b3	sltu	x11,x6,x28	  x6:0x00000000 x28:0xfffffd94 x11=0x00000001
        2455000	       244	80000420	00b53e33	sltu	x28,x10,x11	 x10:0x00000000 x11:0x00000001 x28=0x00000001
        2465000	       245	80000424	01cab7b3	sltu	x15,x21,x28	 x21:0x00000000 x28:0x00000001 x15=0x00000001
        2475000	       246	80000428	41ab5f33	sra	x30,x22,x26	 x22:0x00000000 x26:0x00000000 x30=0x00000000
        2485000	       247	8000042c	011cdc63	bge	x25,x17,80000444	 x25:0x00000000 x17:0x00000001
        2495000	       248	80000430	419688b3	sub	x17,x13,x25	 x13:0x00000000 x25:0x00000000 x17=0x00000000
        2505000	       249	80000434	4791b013	sltiu	x0,x3,1145	  x3:0x00000001
        2515000	       250	80000438	830dc913	xori	x18,x27,-2000	 x27:0x00000000 x18=0xfffff830
        2525000	       251	8000043c	00000013	addi	x0,x0,0	  x0:0x00000000
        2535000	       252	80000440	01011693	slli	x13,x2,0x10	  x2:0x800089bd x13=0x89bd0000
        2545000	       253	80000444	01d59793	slli	x15,x11,0x1d	 x11:0x00000001 x15=0x20000000
        2555000	       254	80000448	028a9263	bne	x21,x8,8000046c	 x21:0x00000000  x8:0x80009f84
        2565000	       255	00000000	00000013	addi	x0,x0,0	  x0:0x00000000
        2575000	       256	80000468	00000013	addi	x0,x0,0	  x0:0x00000000
        2585000	       257	8000046c	40eed533	sra	x10,x29,x14	 x29:0x80009fc4 x14:0x80000000 x10=0x80009fc4
        2595000	       258	80000470	00000013	addi	x0,x0,0	  x0:0x00000000
        2605000	       259	80000474	00855a93	srli	x21,x10,0x8	 x10:0x80009fc4 x21=0x0080009f
        2615000	       260	80000478	00000013	addi	x0,x0,0	  x0:0x00000000
        2625000	       261	8000047c	ad296c13	ori	x24,x18,-1326	 x18:0xfffff830 x24=0xfffffaf2
        2635000	       262	80000480	07941463	bne	x8,x25,800004e8	  x8:0x80009f84 x25:0x00000000
        2645000	       263	00000000	00000013	addi	x0,x0,0	  x0:0x00000000
        2655000	       264	800004e4	00000013	addi	x0,x0,0	  x0:0x00000000
        2665000	       265	800004e8	c7714593	xori	x11,x2,-905	  x2:0x800089bd x11=0x7fff75ca
        2675000	       266	800004ec	02fac463	blt	x21,x15,80000514	 x21:0x0080009f x15:0x20000000
        2685000	       267	00000000	00000013	addi	x0,x0,0	  x0:0x00000000
        2695000	       268	80000510	00000013	addi	x0,x0,0	  x0:0x00000000
        2705000	       269	80000514	01088233	add	x4,x17,x16	 x17:0x00000000 x16:0x00000000  x4=0x00000000
        2715000	       270	80000518	03959263	bne	x11,x25,8000053c	 x11:0x7fff75ca x25:0x00000000
        2725000	       271	00000000	00000013	addi	x0,x0,0	  x0:0x00000000
        2735000	       272	80000538	00000013	addi	x0,x0,0	  x0:0x00000000
        2745000	       273	8000053c	053e0063	beq	x28,x19,8000057c	 x28:0x00000001 x19:0x00000000
        2755000	       274	80000540	009a6cb3	or	x25,x20,x9	 x20:0x00000000  x9:0x00000000 x25=0x00000000
        2765000	       275	80000544	100f4d13	xori	x26,x30,256	 x30:0x00000000 x26=0x00000100
        2775000	       276	80000548	fc56b013	sltiu	x0,x13,-59	 x13:0x89bd0000
        2785000	       277	8000054c	0177a333	slt	x6,x15,x23	 x15:0x20000000 x23:0xb43c2000  x6=0x00000000
        2795000	       278	80000550	00acd813	srli	x16,x25,0xa	 x25:0x00000000 x16=0x00000000
        2805000	       279	80000554	010ed213	srli	x4,x29,0x10	 x29:0x80009fc4  x4=0x00008000
        2815000	       280	80000558	00b50263	beq	x10,x11,8000055c	 x10:0x80009fc4 x11:0x7fff75ca
        2825000	       281	8000055c	5790a993	slti	x19,x1,1401	  x1:0x00000740 x19=0x00000000
        2835000	       282	80000560	ad2efd93	andi	x27,x29,-1326	 x29:0x80009fc4 x27=0x80009ac0
        2845000	       283	80000564	56b5f513	andi	x10,x11,1387	 x11:0x7fff75ca x10=0x0000054a
        2855000	       284	80000568	0421e463	bltu	x3,x2,800005b0	  x3:0x00000001  x2:0x800089bd
        2865000	       285	00000000	00000013	addi	x0,x0,0	  x0:0x00000000
        2875000	       286	800005ac	00000013	addi	x0,x0,0	  x0:0x00000000
        2885000	       287	800005b0	026e5063	bge	x28,x6,800005d0	 x28:0x00000001  x6:0x00000000
        2895000	       288	00000000	00000013	addi	x0,x0,0	  x0:0x00000000
        2905000	       289	800005cc	00000013	addi	x0,x0,0	  x0:0x00000000
        2915000	       290	800005d0	7ede7a13	andi	x20,x28,2029	 x28:0x00000001 x20=0x00000001
        2925000	       291	800005d4	00000013	addi	x0,x0,0	  x0:0x00000000
        2935000	       292	800005d8	009e1c13	slli	x24,x28,0x9	 x28:0x00000001 x24=0x00000200
        2945000	       293	800005dc	013a30b3	sltu	x1,x20,x19	 x20:0x00000001 x19:0x00000000  x1=0x00000000
        2955000	       294	800005e0	01282fb3	slt	x31,x16,x18	 x16:0x00000000 x18:0xfffff830 x31=0x00000000
        2965000	       295	800005e4	02d1f063	bgeu	x3,x13,80000604	  x3:0x00000001 x13:0x89bd0000
        2975000	       296	800005e8	f16cf093	andi	x1,x25,-234	 x25:0x00000000  x1=0x00000000
        2985000	       297	800005ec	40045b33	sra	x22,x8,x0	  x8:0x80009f84  x0:0x00000000 x22=0x80009f84
        2995000	       298	800005f0	2936f993	andi	x19,x13,659	 x13:0x89bd0000 x19=0x00000000
        3005000	       299	800005f4	98876393	ori	x7,x14,-1656	 x14:0x80000000  x7=0xfffff988
        3015000	       300	800005f8	038be463	bltu	x23,x24,80000620	 x23:0xb43c2000 x24:0x00000200
        3025000	       301	800005fc	40978f33	sub	x30,x15,x9	 x15:0x20000000  x9:0x00000000 x30=0x20000000
        3035000	       302	80000600	000f0e63	beq	x30,x0,8000061c	 x30:0x20000000  x0:0x00000000
        3045000	       303	80000604	67f9b8b7	lui	x17,0x67f9b	 x17=0x67f9b000
        3055000	       304	80000608	b06cb493	sltiu	x9,x25,-1274	 x25:0x00000000  x9=0x00000001
        3065000	       305	8000060c	0079bc33	sltu	x24,x19,x7	 x19:0x00000000  x7:0xfffff988 x24=0x00000001
        3075000	       306	80000610	02819463	bne	x3,x8,80000638	  x3:0x00000001  x8:0x80009f84
        3085000	       307	00000000	00000013	addi	x0,x0,0	  x0:0x00000000
        3095000	       308	80000634	00000013	addi	x0,x0,0	  x0:0x00000000
        3105000	       309	80000638	01c703b3	add	x7,x14,x28	 x14:0x80000000 x28:0x00000001  x7=0x80000001
        3115000	       310	8000063c	01b1fc63	bgeu	x3,x27,80000654	  x3:0x00000001 x27:0x80009ac0
        3125000	       311	80000640	00072c33	slt	x24,x14,x0	 x14:0x80000000  x0:0x00000000 x24=0x00000001
        3135000	       312	80000644	49237e17	auipc	x28,0x49237	 x28=0xc9237640
        3145000	       313	80000648	dffcaa93	slti	x21,x25,-513	 x25:0x00000000 x21=0x00000000
        3155000	       314	8000064c	7e66bd93	sltiu	x27,x13,2022	 x13:0x89bd0000 x27=0x00000000
        3165000	       315	80000650	3c3cfe13	andi	x28,x25,963	 x25:0x00000000 x28=0x00000000
        3175000	       316	80000654	013b1c33	sll	x24,x22,x19	 x22:0x80009f84 x19:0x00000000 x24=0x80009f84
        3185000	       317	80000658	018d4133	xor	x2,x26,x24	 x26:0x00000100 x24:0x80009f84  x2=0x80009e84
        3195000	       318	8000065c	0153ea33	or	x20,x7,x21	  x7:0x80000001 x21:0x00000000 x20=0x80000001
        3205000	       319	80000660	003f0a33	add	x20,x30,x3	 x30:0x20000000  x3:0x00000001 x20=0x20000001
        3215000	       320	80000664	8f784913	xori	x18,x16,-1801	 x16:0x00000000 x18=0xfffff8f7
        3225000	       321	80000668	01595b13	srli	x22,x18,0x15	 x18:0xfffff8f7 x22=0x000007ff
        3235000	       322	8000066c	0100d613	srli	x12,x1,0x10	  x1:0x00000000 x12=0x00000000
        3245000	       323	80000670	177b9ab7	lui	x21,0x177b9	 x21=0x177b9000
        3255000	       324	80000674	0e1cba93	sltiu	x21,x25,225	 x25:0x00000000 x21=0x00000001
        3265000	       325	80000678	021af063	bgeu	x21,x1,80000698	 x21:0x00000001  x1:0x00000000
        3275000	       326	00000000	00000013	addi	x0,x0,0	  x0:0x00000000
        3285000	       327	80000694	00000013	addi	x0,x0,0	  x0:0x00000000
        3295000	       328	80000698	405602b3	sub	x5,x12,x5	 x12:0x00000000  x5:0x00000001  x5=0xffffffff
        3305000	       329	8000069c	0140e333	or	x6,x1,x20	  x1:0x00000000 x20:0x20000001  x6=0x20000001
        3315000	       330	800006a0	00069c93	slli	x25,x13,0x0	 x13:0x89bd0000 x25=0x89bd0000
        3325000	       331	800006a4	01c5a8b3	slt	x17,x11,x28	 x11:0x7fff75ca x28:0x00000000 x17=0x00000000
        3335000	       332	800006a8	416750b3	sra	x1,x14,x22	 x14:0x80000000 x22:0x000007ff  x1=0xffffffff
        3345000	       333	800006ac	014ca033	slt	x0,x25,x20	 x25:0x89bd0000 x20:0x20000001
        3355000	       334	800006b0	48c23b93	sltiu	x23,x4,1164	  x4:0x00008000 x23=0x00000000
        3365000	       335	800006b4	abe12893	slti	x17,x2,-1346	  x2:0x80009e84 x17=0x00000001
        3375000	       336	800006b8	bb7a8137	lui	x2,0xbb7a8	  x2=0xbb7a8000
        3385000	       337	800006bc	0091d8b3	srl	x17,x3,x9	  x3:0x00000001  x9:0x00000001 x17=0x00000000
        3395000	       338	800006c0	01ee5a93	srli	x21,x28,0x1e	 x28:0x00000000 x21=0x00000000
        3405000	       339	800006c4	00000013	addi	x0,x0,0	  x0:0x00000000
        3415000	       340	800006c8	bca1e813	ori	x16,x3,-1078	  x3:0x00000001 x16=0xfffffbcb
        3425000	       341	800006cc	404ad833	sra	x16,x21,x4	 x21:0x00000000  x4:0x00008000 x16=0x00000000
        3435000	       342	800006d0	40da82b3	sub	x5,x21,x13	 x21:0x00000000 x13:0x89bd0000  x5=0x76430000
        3445000	       343	800006d4	41b55093	srai	x1,x10,0x1b	 x10:0x0000054a  x1=0x00000000
        3455000	       344	800006d8	01dcb1b3	sltu	x3,x25,x29	 x25:0x89bd0000 x29:0x80009fc4  x3=0x00000000
        3465000	       345	800006dc	34ba7993	andi	x19,x20,843	 x20:0x20000001 x19=0x00000001
        3475000	       346	800006e0	00366263	bltu	x12,x3,800006e4	 x12:0x00000000  x3:0x00000000
        3485000	       347	800006e4	00000013	addi	x0,x0,0	  x0:0x00000000
        3495000	       348	800006e8	001cec63	bltu	x25,x1,80000700	 x25:0x89bd0000  x1:0x00000000
        3505000	       349	800006ec	40a70ab3	sub	x21,x14,x10	 x14:0x80000000 x10:0x0000054a x21=0x7ffffab6
        3515000	       350	800006f0	00000013	addi	x0,x0,0	  x0:0x00000000
        3525000	       351	800006f4	036d7e63	bgeu	x26,x22,80000730	 x26:0x00000100 x22:0x000007ff
        3535000	       352	800006f8	00000013	addi	x0,x0,0	  x0:0x00000000
        3545000	       353	800006fc	05c37263	bgeu	x6,x28,80000740	  x6:0x20000001 x28:0x00000000
        3555000	       354	00000000	00000013	addi	x0,x0,0	  x0:0x00000000
        3565000	       355	8000073c	00000013	addi	x0,x0,0	  x0:0x00000000
        3575000	       356	80000740	00000013	addi	x0,x0,0	  x0:0x00000000
        3585000	       357	80000744	d841a893	slti	x17,x3,-636	  x3:0x00000000 x17=0x00000000
        3595000	       358	80000748	238dbc13	sltiu	x24,x27,568	 x27:0x00000000 x24=0x00000001
        3605000	       359	8000074c	03dd0463	beq	x26,x29,80000774	 x26:0x00000100 x29:0x80009fc4
        3615000	       360	80000750	005d51b3	srl	x3,x26,x5	 x26:0x00000100  x5:0x76430000  x3=0x00000100
        3625000	       361	80000754	01d4e9b3	or	x19,x9,x29	  x9:0x00000001 x29:0x80009fc4 x19=0x80009fc5
        3635000	       362	80000758	159cb093	sltiu	x1,x25,345	 x25:0x89bd0000  x1=0x00000000
        3645000	       363	8000075c	018512b3	sll	x5,x10,x24	 x10:0x0000054a x24:0x00000001  x5=0x00000a94
        3655000	       364	80000760	05461863	bne	x12,x20,800007b0	 x12:0x00000000 x20:0x20000001
        3665000	       365	00000000	00000013	addi	x0,x0,0	  x0:0x00000000
        3675000	       366	800007ac	00000013	addi	x0,x0,0	  x0:0x00000000
        3685000	       367	800007b0	03861a63	bne	x12,x24,800007e4	 x12:0x00000000 x24:0x00000001
        3695000	       368	00000000	00000013	addi	x0,x0,0	  x0:0x00000000
        3705000	       369	800007e0	00000013	addi	x0,x0,0	  x0:0x00000000
        3715000	       370	800007e4	01a56463	bltu	x10,x26,800007ec	 x10:0x0000054a x26:0x00000100
        3725000	       371	800007e8	038ed463	bge	x29,x24,80000810	 x29:0x80009fc4 x24:0x00000001
        3735000	       372	800007ec	01410663	beq	x2,x20,800007f8	  x2:0xbb7a8000 x20:0x20000001
        3745000	       373	800007f0	e27d9d97	auipc	x27,0xe27d9	 x27=0x627d97ec
        3755000	       374	800007f4	c891f217	auipc	x4,0xc891f	  x4=0x4891f7f0
        3765000	       375	800007f8	41cd5633	sra	x12,x26,x28	 x26:0x00000100 x28:0x00000000 x12=0x00000100
        3775000	       376	800007fc	03614c63	blt	x2,x22,80000834	  x2:0xbb7a8000 x22:0x000007ff
        3785000	       377	00000000	00000013	addi	x0,x0,0	  x0:0x00000000
        3795000	       378	80000830	00000013	addi	x0,x0,0	  x0:0x00000000
        3805000	       379	80000834	007a0663	beq	x20,x7,80000840	 x20:0x20000001  x7:0x80000001
        3815000	       380	80000838	007cc2b3	xor	x5,x25,x7	 x25:0x89bd0000  x7:0x80000001  x5=0x09bd0001
        3825000	       381	8000083c	014f4c63	blt	x30,x20,80000854	 x30:0x20000000 x20:0x20000001
        3835000	       382	00000000	00000013	addi	x0,x0,0	  x0:0x00000000
        3845000	       383	80000850	00000013	addi	x0,x0,0	  x0:0x00000000
        3855000	       384	80000854	01369863	bne	x13,x19,80000864	 x13:0x89bd0000 x19:0x80009fc5
        3865000	       385	00000000	00000013	addi	x0,x0,0	  x0:0x00000000
        3875000	       386	80000860	00000013	addi	x0,x0,0	  x0:0x00000000
        3885000	       387	80000864	03d3c263	blt	x7,x29,80000888	  x7:0x80000001 x29:0x80009fc4
        3895000	       388	00000000	00000013	addi	x0,x0,0	  x0:0x00000000
        3905000	       389	80000884	00000013	addi	x0,x0,0	  x0:0x00000000
        3915000	       390	80000888	011d1c63	bne	x26,x17,800008a0	 x26:0x00000100 x17:0x00000000
        3925000	       391	00000000	00000013	addi	x0,x0,0	  x0:0x00000000
        3935000	       392	8000089c	00000013	addi	x0,x0,0	  x0:0x00000000
        3945000	       393	800008a0	01595a33	srl	x20,x18,x21	 x18:0xfffff8f7 x21:0x7ffffab6 x20=0x000003ff
        3955000	       394	800008a4	017274b3	and	x9,x4,x23	  x4:0x4891f7f0 x23:0x00000000  x9=0x00000000
        3965000	       395	800008a8	03a19063	bne	x3,x26,800008c8	  x3:0x00000100 x26:0x00000100
        3975000	       396	800008ac	03fd9063	bne	x27,x31,800008cc	 x27:0x627d97ec x31:0x00000000
        3985000	       397	00000000	00000013	addi	x0,x0,0	  x0:0x00000000
        3995000	       398	800008c8	00000013	addi	x0,x0,0	  x0:0x00000000
        4005000	       399	800008cc	04955663	bge	x10,x9,80000918	 x10:0x0000054a  x9:0x00000000
        4015000	       400	00000000	00000013	addi	x0,x0,0	  x0:0x00000000
        4025000	       401	80000914	00000013	addi	x0,x0,0	  x0:0x00000000
        4035000	       402	80000918	00800cb3	add	x25,x0,x8	  x0:0x00000000  x8:0x80009f84 x25=0x80009f84
        4045000	       403	8000091c	00d80533	add	x10,x16,x13	 x16:0x00000000 x13:0x89bd0000 x10=0x89bd0000
        4055000	       404	80000920	00000013	addi	x0,x0,0	  x0:0x00000000
        4065000	       405	80000924	401fd093	srai	x1,x31,0x1	 x31:0x00000000  x1=0x00000000
        4075000	       406	80000928	03077463	bgeu	x14,x16,80000950	 x14:0x80000000 x16:0x00000000
        4085000	       407	00000000	00000013	addi	x0,x0,0	  x0:0x00000000
        4095000	       408	8000094c	00000013	addi	x0,x0,0	  x0:0x00000000
        4105000	       409	80000950	02501e63	bne	x0,x5,8000098c	  x0:0x00000000  x5:0x09bd0001
        4115000	       410	00000000	00000013	addi	x0,x0,0	  x0:0x00000000
        4125000	       411	80000988	00000013	addi	x0,x0,0	  x0:0x00000000
        4135000	       412	8000098c	65482e13	slti	x28,x16,1620	 x16:0x00000000 x28=0x00000001
        4145000	       413	80000990	01bd8c63	beq	x27,x27,800009a8	 x27:0x627d97ec x27:0x627d97ec
        4155000	       414	00000000	00000013	addi	x0,x0,0	  x0:0x00000000
        4165000	       415	800009a4	00000013	addi	x0,x0,0	  x0:0x00000000
        4175000	       416	800009a8	00d217b3	sll	x15,x4,x13	  x4:0x4891f7f0 x13:0x89bd0000 x15=0x4891f7f0
        4185000	       417	800009ac	af1a3993	sltiu	x19,x20,-1295	 x20:0x000003ff x19=0x00000001
        4195000	       418	800009b0	00916ab3	or	x21,x2,x9	  x2:0xbb7a8000  x9:0x00000000 x21=0xbb7a8000
        4205000	       419	800009b4	02f8ce63	blt	x17,x15,800009f0	 x17:0x00000000 x15:0x4891f7f0
        4215000	       420	00000000	00000013	addi	x0,x0,0	  x0:0x00000000
        4225000	       421	800009ec	00000013	addi	x0,x0,0	  x0:0x00000000
        4235000	       422	800009f0	dea5f593	andi	x11,x11,-534	 x11:0x7fff75ca x11=0x7fff75ca
        4245000	       423	800009f4	00000717	auipc	x14,0x0	 x14=0x800009f0
        4255000	       424	800009f8	00c70713	addi	x14,x14,12	 x14:0x800009f0 x14=0x800009fc
        4265000	       425	800009fc	00070067	jalr	x0,x14,0	 x14:0x800009fc
        4275000	       426	00000000	00000013	addi	x0,x0,0	  x0:0x00000000
        4285000	       427	800009fc	00000013	addi	x0,x0,0	  x0:0x00000000
        4295000	       428	80000a00	00100193	addi	x3,x0,1	  x0:0x00000000  x3=0x00000001
        4305000	       429	80000a04	00000073	ecall	
        4315000	       430	80000a08	01add263	bge	x27,x26,80000a0c	 x27:0x627d97ec x26:0x00000100
