		Time			Cycle	PC		Insn	Decoded instruction	Register and memory contents
          65000	         5	80000004	00000293	addi	x5,x0,0	  x0:0x00000000  x5=0x00000000
          75000	         6	80000008	00000313	addi	x6,x0,0	  x0:0x00000000  x6=0x00000000
          85000	         7	8000000c	00628263	beq	x5,x6,80000010	  x5:0x00000000  x6:0x00000000
          95000	         8	00000000	00000013	addi	x0,x0,0	  x0:0x00000000
         105000	         9	8000000c	00000013	addi	x0,x0,0	  x0:0x00000000
         115000	        10	80000010	00000a17	auipc	x20,0x0	 x20=0x8000000c
         125000	        11	80000014	00ca0a13	addi	x20,x20,12	 x20:0x8000000c x20=0x80000018
         135000	        12	80000018	000a0067	jalr	x0,x20,0	 x20:0x80000018
         145000	        13	00000000	00000013	addi	x0,x0,0	  x0:0x00000000
         155000	        14	80000018	00000013	addi	x0,x0,0	  x0:0x00000000
         165000	        15	8000001c	400006b7	lui	x13,0x40000	 x13=0x40000000
         175000	        16	80000020	10068693	addi	x13,x13,256	 x13:0x40000000 x13=0x40000100
         185000	        17	80000024	00000013	addi	x0,x0,0	  x0:0x00000000
         195000	        18	80000028	0000ae97	auipc	x29,0xa	 x29=0x8000a024
         205000	        19	8000002c	fa0e8e93	addi	x29,x29,-96	 x29:0x8000a024 x29=0x80009fc4
         215000	        20	80000030	00007697	auipc	x13,0x7	 x13=0x8000702c
         225000	        21	80000034	b9068693	addi	x13,x13,-1136	 x13:0x8000702c x13=0x80006bbc
         235000	        22	80000038	0006e693	ori	x13,x13,0	 x13:0x80006bbc x13=0x80006bbc
         245000	        23	8000003c	00000013	addi	x0,x0,0	  x0:0x00000000
         255000	        24	80000040	00000697	auipc	x13,0x0	 x13=0x8000003c
         265000	        25	80000044	02068693	addi	x13,x13,32	 x13:0x8000003c x13=0x8000005c
         275000	        26	80000048	00000013	addi	x0,x0,0	  x0:0x00000000
         285000	        27	8000004c	00000013	addi	x0,x0,0	  x0:0x00000000
         295000	        28	80000050	000026b7	lui	x13,0x2	 x13=0x00002000
         305000	        29	80000054	80068693	addi	x13,x13,-2048	 x13:0x00002000 x13=0x00001800
         315000	        30	80000058	00000013	addi	x0,x0,0	  x0:0x00000000
         325000	        31	8000005c	00000013	addi	x0,x0,0	  x0:0x00000000
         335000	        32	80000060	f5da1037	lui	x0,0xf5da1	
         345000	        33	80000064	c3e00013	addi	x0,x0,-962	  x0:0x00000000
         355000	        34	80000068	800000b7	lui	x1,0x80000	  x1=0x80000000
         365000	        35	8000006c	00000113	addi	x2,x0,0	  x0:0x00000000  x2=0x00000000
         375000	        36	80000070	00000193	addi	x3,x0,0	  x0:0x00000000  x3=0x00000000
         385000	        37	80000074	800002b7	lui	x5,0x80000	  x5=0x80000000
         395000	        38	80000078	ef70d337	lui	x6,0xef70d	  x6=0xef70d000
         405000	        39	8000007c	d9830313	addi	x6,x6,-616	  x6:0xef70d000  x6=0xef70cd98
         415000	        40	80000080	00000393	addi	x7,x0,0	  x0:0x00000000  x7=0x00000000
         425000	        41	80000084	00000413	addi	x8,x0,0	  x0:0x00000000  x8=0x00000000
         435000	        42	80000088	800004b7	lui	x9,0x80000	  x9=0x80000000
         445000	        43	8000008c	00000513	addi	x10,x0,0	  x0:0x00000000 x10=0x00000000
         455000	        44	80000090	d4d555b7	lui	x11,0xd4d55	 x11=0xd4d55000
         465000	        45	80000094	54858593	addi	x11,x11,1352	 x11:0xd4d55000 x11=0xd4d55548
         475000	        46	80000098	00800613	addi	x12,x0,8	  x0:0x00000000 x12=0x00000008
         485000	        47	8000009c	b2f976b7	lui	x13,0xb2f97	 x13=0xb2f97000
         495000	        48	800000a0	b2168693	addi	x13,x13,-1247	 x13:0xb2f97000 x13=0xb2f96b21
         505000	        49	800000a4	85c5e737	lui	x14,0x85c5e	 x14=0x85c5e000
         515000	        50	800000a8	51b70713	addi	x14,x14,1307	 x14:0x85c5e000 x14=0x85c5e51b
         525000	        51	800000ac	00000793	addi	x15,x0,0	  x0:0x00000000 x15=0x00000000
         535000	        52	800000b0	00000813	addi	x16,x0,0	  x0:0x00000000 x16=0x00000000
         545000	        53	800000b4	00000893	addi	x17,x0,0	  x0:0x00000000 x17=0x00000000
         555000	        54	800000b8	9027c937	lui	x18,0x9027c	 x18=0x9027c000
         565000	        55	800000bc	82990913	addi	x18,x18,-2007	 x18:0x9027c000 x18=0x9027b829
         575000	        56	800000c0	800009b7	lui	x19,0x80000	 x19=0x80000000
         585000	        57	800000c4	80000a37	lui	x20,0x80000	 x20=0x80000000
         595000	        58	800000c8	00000a93	addi	x21,x0,0	  x0:0x00000000 x21=0x00000000
         605000	        59	800000cc	f0bcfb37	lui	x22,0xf0bcf	 x22=0xf0bcf000
         615000	        60	800000d0	250b0b13	addi	x22,x22,592	 x22:0xf0bcf000 x22=0xf0bcf250
         625000	        61	800000d4	ffae4bb7	lui	x23,0xffae4	 x23=0xffae4000
         635000	        62	800000d8	3a1b8b93	addi	x23,x23,929	 x23:0xffae4000 x23=0xffae43a1
         645000	        63	800000dc	2d4b6c37	lui	x24,0x2d4b6	 x24=0x2d4b6000
         655000	        64	800000e0	906c0c13	addi	x24,x24,-1786	 x24:0x2d4b6000 x24=0x2d4b5906
         665000	        65	800000e4	80000cb7	lui	x25,0x80000	 x25=0x80000000
         675000	        66	800000e8	00000d13	addi	x26,x0,0	  x0:0x00000000 x26=0x00000000
         685000	        67	800000ec	1d6f6db7	lui	x27,0x1d6f6	 x27=0x1d6f6000
         695000	        68	800000f0	65ed8d93	addi	x27,x27,1630	 x27:0x1d6f6000 x27=0x1d6f665e
         705000	        69	800000f4	00000e13	addi	x28,x0,0	  x0:0x00000000 x28=0x00000000
         715000	        70	800000f8	80000f37	lui	x30,0x80000	 x30=0x80000000
         725000	        71	800000fc	82e81fb7	lui	x31,0x82e81	 x31=0x82e81000
         735000	        72	80000100	b2ef8f93	addi	x31,x31,-1234	 x31:0x82e81000 x31=0x82e80b2e
         745000	        73	80000104	0000a217	auipc	x4,0xa	  x4=0x8000a100
         755000	        74	80000108	e8420213	addi	x4,x4,-380	  x4:0x8000a100  x4=0x80009f84
         765000	        75	8000010c	00008117	auipc	x2,0x8	  x2=0x80008108
         775000	        76	80000110	64110113	addi	x2,x2,1601	  x2:0x80008108  x2=0x80008749
         785000	        77	80000114	00000013	addi	x0,x0,0	  x0:0x00000000
         795000	        78	80000118	5dc6ff13	andi	x30,x13,1500	 x13:0xb2f96b21 x30=0x00000100
         805000	        79	8000011c	006efb33	and	x22,x29,x6	 x29:0x80009fc4  x6:0xef70cd98 x22=0x80008d80
         815000	        80	80000120	fea10b83	lb	x23,-22(x2)	  x2:0x80008749 x23=0xffffffe8 PA:0x80008733
         825000	        81	80000124	59442a93	slti	x21,x8,1428	  x8:0x00000000 x21=0x00000001
         835000	        82	80000128	c147b093	sltiu	x1,x15,-1004	 x15:0x00000000  x1=0x00000001
         845000	        83	8000012c	01702333	slt	x6,x0,x23	  x0:0x00000000 x23:0xffffffe8  x6=0x00000000
         855000	        84	80000130	0aa109a3	sb	x10,179(x2)	  x2:0x80008749 x10:0x00000000 PA:0x800087fc
         865000	        85	80000134	aea2d3b7	lui	x7,0xaea2d	  x7=0xaea2d000
         875000	        86	80000138	0048d793	srli	x15,x17,0x4	 x17:0x00000000 x15=0x00000000
         885000	        87	8000013c	ff6da513	slti	x10,x27,-10	 x27:0x1d6f665e x10=0x00000000
         895000	        88	80000140	0013aab3	slt	x21,x7,x1	  x7:0xaea2d000  x1:0x00000001 x21=0x00000001
         905000	        89	80000144	3a933f17	auipc	x30,0x3a933	 x30=0xba933140
         915000	        90	80000148	00e28db3	add	x27,x5,x14	  x5:0x80000000 x14:0x85c5e51b x27=0x05c5e51b
         925000	        91	8000014c	f5014583	lbu	x11,-176(x2)	  x2:0x80008749 x11=0x00000052 PA:0x80008699
         935000	        92	80000150	ff514683	lbu	x13,-11(x2)	  x2:0x80008749 x13=0x000000f5 PA:0x8000873e
         945000	        93	80000154	fc610d23	sb	x6,-38(x2)	  x2:0x80008749  x6:0x00000000 PA:0x80008723
         955000	        94	80000158	4f040713	addi	x14,x8,1264	  x8:0x00000000 x14=0x000004f0
         965000	        95	8000015c	f1314503	lbu	x10,-237(x2)	  x2:0x80008749 x10=0x00000017 PA:0x8000865c
         975000	        96	80000160	00c75833	srl	x16,x14,x12	 x14:0x000004f0 x12:0x00000008 x16=0x00000004
         985000	        97	80000164	931dc417	auipc	x8,0x931dc	  x8=0x131dc160
         995000	        98	80000168	01f803b3	add	x7,x16,x31	 x16:0x00000004 x31:0x82e80b2e  x7=0x82e80b32
        1005000	        99	8000016c	4bc9cb13	xori	x22,x19,1212	 x19:0x80000000 x22=0x800004bc
        1015000	       100	80000170	5406f913	andi	x18,x13,1344	 x13:0x000000f5 x18=0x00000040
        1025000	       101	80000174	03814b03	lbu	x22,56(x2)	  x2:0x80008749 x22=0x0000003a PA:0x80008781
        1035000	       102	80000178	df562513	slti	x10,x12,-523	 x12:0x00000008 x10=0x00000000
        1045000	       103	8000017c	010222b3	slt	x5,x4,x16	  x4:0x80009f84 x16:0x00000004  x5=0x00000001
        1055000	       104	80000180	f2c10f83	lb	x31,-212(x2)	  x2:0x80008749 x31=0x0000002e PA:0x80008675
        1065000	       105	80000184	ff914403	lbu	x8,-7(x2)	  x2:0x80008749  x8=0x000000f9 PA:0x80008742
        1075000	       106	80000188	f5814283	lbu	x5,-168(x2)	  x2:0x80008749  x5=0x0000005a PA:0x800086a1
        1085000	       107	8000018c	e7caec93	ori	x25,x21,-388	 x21:0x00000001 x25=0xfffffe7d
        1095000	       108	80000190	012a4b33	xor	x22,x20,x18	 x20:0x80000000 x18:0x00000040 x22=0x80000040
        1105000	       109	80000194	0143ad33	slt	x26,x7,x20	  x7:0x82e80b32 x20:0x80000000 x26=0x00000000
        1115000	       110	80000198	f4b10d83	lb	x27,-181(x2)	  x2:0x80008749 x27=0x0000004f PA:0x80008694
        1125000	       111	8000019c	92c4f737	lui	x14,0x92c4f	 x14=0x92c4f000
        1135000	       112	800001a0	f7210503	lb	x10,-142(x2)	  x2:0x80008749 x10=0x00000070 PA:0x800086bb
        1145000	       113	800001a4	404e5833	sra	x16,x28,x4	 x28:0x00000000  x4:0x80009f84 x16=0x00000000
        1155000	       114	800001a8	0bf15183	lhu	x3,191(x2)	  x2:0x80008749  x3=0x0000c2c3 PA:0x80008808
        1165000	       115	800001ac	00d15083	lhu	x1,13(x2)	  x2:0x80008749  x1=0x00000c0d PA:0x80008756
        1175000	       116	800001b0	00e198b3	sll	x17,x3,x14	  x3:0x0000c2c3 x14:0x92c4f000 x17=0x0000c2c3
        1185000	       117	800001b4	fae10703	lb	x14,-82(x2)	  x2:0x80008749 x14=0xffffffac PA:0x800086f7
        1195000	       118	800001b8	0b562c37	lui	x24,0xb562	 x24=0x0b562000
        1205000	       119	800001bc	006e17b3	sll	x15,x28,x6	 x28:0x00000000  x6:0x00000000 x15=0x00000000
        1215000	       120	800001c0	03768863	beq	x13,x23,800001f0	 x13:0x000000f5 x23:0xffffffe8
        1225000	       121	800001c4	40d98d33	sub	x26,x19,x13	 x19:0x80000000 x13:0x000000f5 x26=0x7fffff0b
        1235000	       122	800001c8	0521d063	bge	x3,x18,80000208	  x3:0x0000c2c3 x18:0x00000040
        1245000	       123	00000000	00000013	addi	x0,x0,0	  x0:0x00000000
        1255000	       124	80000204	00000013	addi	x0,x0,0	  x0:0x00000000
        1265000	       125	80000208	0103e1b3	or	x3,x7,x16	  x7:0x82e80b32 x16:0x00000000  x3=0x82e80b32
        1275000	       126	8000020c	00cb0fb3	add	x31,x22,x12	 x22:0x80000040 x12:0x00000008 x31=0x80000048
        1285000	       127	80000210	0bb67263	bgeu	x12,x27,800002b4	 x12:0x00000008 x27:0x0000004f
        1295000	       128	80000214	0bc6d463	bge	x13,x28,800002bc	 x13:0x000000f5 x28:0x00000000
        1305000	       129	00000000	00000013	addi	x0,x0,0	  x0:0x00000000
        1315000	       130	800002b8	00000013	addi	x0,x0,0	  x0:0x00000000
        1325000	       131	800002bc	663bbf13	sltiu	x30,x23,1635	 x23:0xffffffe8 x30=0x00000000
        1335000	       132	800002c0	026e4c63	blt	x28,x6,800002f8	 x28:0x00000000  x6:0x00000000
        1345000	       133	800002c4	01cc4d33	xor	x26,x24,x28	 x24:0x0b562000 x28:0x00000000 x26=0x0b562000
        1355000	       134	800002c8	00a36a63	bltu	x6,x10,800002dc	  x6:0x00000000 x10:0x00000070
        1365000	       135	00000000	00000013	addi	x0,x0,0	  x0:0x00000000
        1375000	       136	800002d8	00000013	addi	x0,x0,0	  x0:0x00000000
        1385000	       137	800002dc	026dcc63	blt	x27,x6,80000314	 x27:0x0000004f  x6:0x00000000
        1395000	       138	800002e0	40bfd813	srai	x16,x31,0xb	 x31:0x80000048 x16=0xfff00000
        1405000	       139	800002e4	06da0413	addi	x8,x20,109	 x20:0x80000000  x8=0x8000006d
        1415000	       140	800002e8	00097c63	bgeu	x18,x0,80000300	 x18:0x00000040  x0:0x00000000
        1425000	       141	00000000	00000013	addi	x0,x0,0	  x0:0x00000000
        1435000	       142	800002fc	00000013	addi	x0,x0,0	  x0:0x00000000
        1445000	       143	80000300	043f5463	bge	x30,x3,80000348	 x30:0x00000000  x3:0x82e80b32
        1455000	       144	00000000	00000013	addi	x0,x0,0	  x0:0x00000000
        1465000	       145	80000344	00000013	addi	x0,x0,0	  x0:0x00000000
        1475000	       146	80000348	03b64c63	blt	x12,x27,80000380	 x12:0x00000008 x27:0x0000004f
        1485000	       147	00000000	00000013	addi	x0,x0,0	  x0:0x00000000
        1495000	       148	8000037c	00000013	addi	x0,x0,0	  x0:0x00000000
        1505000	       149	80000380	041a1863	bne	x20,x1,800003d0	 x20:0x80000000  x1:0x00000c0d
        1515000	       150	00000000	00000013	addi	x0,x0,0	  x0:0x00000000
        1525000	       151	800003cc	00000013	addi	x0,x0,0	  x0:0x00000000
        1535000	       152	800003d0	0055f033	and	x0,x11,x5	 x11:0x00000052  x5:0x0000005a
        1545000	       153	800003d4	006601b3	add	x3,x12,x6	 x12:0x00000008  x6:0x00000000  x3=0x00000008
        1555000	       154	800003d8	03699c63	bne	x19,x22,80000410	 x19:0x80000000 x22:0x80000040
        1565000	       155	00000000	00000013	addi	x0,x0,0	  x0:0x00000000
        1575000	       156	8000040c	00000013	addi	x0,x0,0	  x0:0x00000000
        1585000	       157	80000410	00d9f8b3	and	x17,x19,x13	 x19:0x80000000 x13:0x000000f5 x17=0x00000000
        1595000	       158	80000414	00000a17	auipc	x20,0x0	 x20=0x80000410
        1605000	       159	80000418	00ca0a13	addi	x20,x20,12	 x20:0x80000410 x20=0x8000041c
        1615000	       160	8000041c	000a0067	jalr	x0,x20,0	 x20:0x8000041c
        1625000	       161	00000000	00000013	addi	x0,x0,0	  x0:0x00000000
        1635000	       162	8000041c	00000013	addi	x0,x0,0	  x0:0x00000000
        1645000	       163	80000420	00100193	addi	x3,x0,1	  x0:0x00000000  x3=0x00000001
        1655000	       164	80000424	00000073	ecall	
        1665000	       165	80000428	00437533	and	x10,x6,x4	  x6:0x00000000  x4:0x80009f84 x10=0x00000000
