		Time			Cycle	PC		Insn	Decoded instruction	Register and memory contents
          65000	         5	80000004	00000293	addi	x5,x0,0	  x0:0x00000000  x5=0x00000000
          75000	         6	80000008	00000313	addi	x6,x0,0	  x0:0x00000000  x6=0x00000000
          85000	         7	8000000c	00628263	beq	x5,x6,80000010	  x5:0x00000000  x6:0x00000000
          95000	         8	00000000	00000013	addi	x0,x0,0	  x0:0x00000000
         105000	         9	8000000c	00000013	addi	x0,x0,0	  x0:0x00000000
         115000	        10	80000010	00000f97	auipc	x31,0x0	 x31=0x8000000c
         125000	        11	80000014	00cf8f93	addi	x31,x31,12	 x31:0x8000000c x31=0x80000018
         135000	        12	80000018	000f8067	jalr	x0,x31,0	 x31:0x80000018
         145000	        13	00000000	00000013	addi	x0,x0,0	  x0:0x00000000
         155000	        14	80000018	00000013	addi	x0,x0,0	  x0:0x00000000
         165000	        15	8000001c	40000837	lui	x16,0x40000	 x16=0x40000000
         175000	        16	80000020	10080813	addi	x16,x16,256	 x16:0x40000000 x16=0x40000100
         185000	        17	80000024	00000013	addi	x0,x0,0	  x0:0x00000000
         195000	        18	80000028	0000af17	auipc	x30,0xa	 x30=0x8000a024
         205000	        19	8000002c	fa0f0f13	addi	x30,x30,-96	 x30:0x8000a024 x30=0x80009fc4
         215000	        20	80000030	00007817	auipc	x16,0x7	 x16=0x8000702c
         225000	        21	80000034	cd880813	addi	x16,x16,-808	 x16:0x8000702c x16=0x80006d04
         235000	        22	80000038	00086813	ori	x16,x16,0	 x16:0x80006d04 x16=0x80006d04
         245000	        23	8000003c	00000013	addi	x0,x0,0	  x0:0x00000000
         255000	        24	80000040	00000817	auipc	x16,0x0	 x16=0x8000003c
         265000	        25	80000044	02080813	addi	x16,x16,32	 x16:0x8000003c x16=0x8000005c
         275000	        26	80000048	00000013	addi	x0,x0,0	  x0:0x00000000
         285000	        27	8000004c	00000013	addi	x0,x0,0	  x0:0x00000000
         295000	        28	80000050	00002837	lui	x16,0x2	 x16=0x00002000
         305000	        29	80000054	80080813	addi	x16,x16,-2048	 x16:0x00002000 x16=0x00001800
         315000	        30	80000058	00000013	addi	x0,x0,0	  x0:0x00000000
         325000	        31	8000005c	00000013	addi	x0,x0,0	  x0:0x00000000
         335000	        32	80000060	f5e8e037	lui	x0,0xf5e8e	
         345000	        33	80000064	60600013	addi	x0,x0,1542	  x0:0x00000000
         355000	        34	80000068	fbf460b7	lui	x1,0xfbf46	  x1=0xfbf46000
         365000	        35	8000006c	f8708093	addi	x1,x1,-121	  x1:0xfbf46000  x1=0xfbf45f87
         375000	        36	80000070	80000137	lui	x2,0x80000	  x2=0x80000000
         385000	        37	80000074	095891b7	lui	x3,0x9589	  x3=0x09589000
         395000	        38	80000078	51018193	addi	x3,x3,1296	  x3:0x09589000  x3=0x09589510
         405000	        39	8000007c	80000237	lui	x4,0x80000	  x4=0x80000000
         415000	        40	80000080	7c0342b7	lui	x5,0x7c034	  x5=0x7c034000
         425000	        41	80000084	b5928293	addi	x5,x5,-1191	  x5:0x7c034000  x5=0x7c033b59
         435000	        42	80000088	f300c337	lui	x6,0xf300c	  x6=0xf300c000
         445000	        43	8000008c	d7530313	addi	x6,x6,-651	  x6:0xf300c000  x6=0xf300bd75
         455000	        44	80000090	f85423b7	lui	x7,0xf8542	  x7=0xf8542000
         465000	        45	80000094	5f338393	addi	x7,x7,1523	  x7:0xf8542000  x7=0xf85425f3
         475000	        46	80000098	fc51e437	lui	x8,0xfc51e	  x8=0xfc51e000
         485000	        47	8000009c	3e240413	addi	x8,x8,994	  x8:0xfc51e000  x8=0xfc51e3e2
         495000	        48	800000a0	663af4b7	lui	x9,0x663af	  x9=0x663af000
         505000	        49	800000a4	67d48493	addi	x9,x9,1661	  x9:0x663af000  x9=0x663af67d
         515000	        50	800000a8	00000513	addi	x10,x0,0	  x0:0x00000000 x10=0x00000000
         525000	        51	800000ac	f7630637	lui	x12,0xf7630	 x12=0xf7630000
         535000	        52	800000b0	81860613	addi	x12,x12,-2024	 x12:0xf7630000 x12=0xf762f818
         545000	        53	800000b4	800006b7	lui	x13,0x80000	 x13=0x80000000
         555000	        54	800000b8	80000737	lui	x14,0x80000	 x14=0x80000000
         565000	        55	800000bc	00200793	addi	x15,x0,2	  x0:0x00000000 x15=0x00000002
         575000	        56	800000c0	80000837	lui	x16,0x80000	 x16=0x80000000
         585000	        57	800000c4	00800893	addi	x17,x0,8	  x0:0x00000000 x17=0x00000008
         595000	        58	800000c8	00300913	addi	x18,x0,3	  x0:0x00000000 x18=0x00000003
         605000	        59	800000cc	00000993	addi	x19,x0,0	  x0:0x00000000 x19=0x00000000
         615000	        60	800000d0	80000a37	lui	x20,0x80000	 x20=0x80000000
         625000	        61	800000d4	80000ab7	lui	x21,0x80000	 x21=0x80000000
         635000	        62	800000d8	00000b13	addi	x22,x0,0	  x0:0x00000000 x22=0x00000000
         645000	        63	800000dc	00400b93	addi	x23,x0,4	  x0:0x00000000 x23=0x00000004
         655000	        64	800000e0	80000c37	lui	x24,0x80000	 x24=0x80000000
         665000	        65	800000e4	80000cb7	lui	x25,0x80000	 x25=0x80000000
         675000	        66	800000e8	00400d13	addi	x26,x0,4	  x0:0x00000000 x26=0x00000004
         685000	        67	800000ec	2c4cddb7	lui	x27,0x2c4cd	 x27=0x2c4cd000
         695000	        68	800000f0	664d8d93	addi	x27,x27,1636	 x27:0x2c4cd000 x27=0x2c4cd664
         705000	        69	800000f4	80000e37	lui	x28,0x80000	 x28=0x80000000
         715000	        70	800000f8	00000e93	addi	x29,x0,0	  x0:0x00000000 x29=0x00000000
         725000	        71	800000fc	00000f93	addi	x31,x0,0	  x0:0x00000000 x31=0x00000000
         735000	        72	80000100	0000a597	auipc	x11,0xa	 x11=0x8000a0fc
         745000	        73	80000104	e8858593	addi	x11,x11,-376	 x11:0x8000a0fc x11=0x80009f84
         755000	        74	80000108	00008097	auipc	x1,0x8	  x1=0x80008104
         765000	        75	8000010c	11708093	addi	x1,x1,279	  x1:0x80008104  x1=0x8000821b
         775000	        76	80000110	f56654b7	lui	x9,0xf5665	  x9=0xf5665000
         785000	        77	80000114	fcd0d983	lhu	x19,-51(x1)	  x1:0x8000821b x19=0x00000000 PA:0x800081e8
         795000	        78	80000118	00164733	xor	x14,x12,x1	 x12:0xf762f818  x1:0x8000821b x14=0x77627a03
         805000	        79	8000011c	fcfd7693	andi	x13,x26,-49	 x26:0x00000004 x13=0x00000004
         815000	        80	80000120	e67c4417	auipc	x8,0xe67c4	  x8=0x667c411c
         825000	        81	80000124	9644ab17	auipc	x22,0x9644a	 x22=0x1644a120
         835000	        82	80000128	00608783	lb	x15,6(x1)	  x1:0x8000821b x15=0x00000000 PA:0x80008221
         845000	        83	8000012c	2151a513	slti	x10,x3,533	  x3:0x09589510 x10=0x00000000
         855000	        84	80000130	0147c233	xor	x4,x15,x20	 x15:0x00000000 x20:0x80000000  x4=0x80000000
         865000	        85	80000134	01d08e03	lb	x28,29(x1)	  x1:0x8000821b x28=0x00000000 PA:0x80008238
         875000	        86	80000138	01551313	slli	x6,x10,0x15	 x10:0x00000000  x6=0x00000000
         885000	        87	8000013c	0173b2b3	sltu	x5,x7,x23	  x7:0xf85425f3 x23:0x00000004  x5=0x00000000
         895000	        88	80000140	fe30d903	lhu	x18,-29(x1)	  x1:0x8000821b x18=0x00000000 PA:0x800081fe
         905000	        89	80000144	ff608b03	lb	x22,-10(x1)	  x1:0x8000821b x22=0x00000000 PA:0x80008211
         915000	        90	80000148	0016e193	ori	x3,x13,1	 x13:0x00000004  x3=0x00000005
         925000	        91	8000014c	0000a833	slt	x16,x1,x0	  x1:0x8000821b  x0:0x00000000 x16=0x00000001
         935000	        92	80000150	6c1e3413	sltiu	x8,x28,1729	 x28:0x00000000  x8=0x00000001
         945000	        93	80000154	00309483	lh	x9,3(x1)	  x1:0x8000821b  x9=0x00000000 PA:0x8000821e
         955000	        94	80000158	77a33a13	sltiu	x20,x6,1914	  x6:0x00000000 x20=0x00000001
         965000	        95	8000015c	41e15913	srai	x18,x2,0x1e	  x2:0x80000000 x18=0xfffffffe
         975000	        96	80000160	ff30c383	lbu	x7,-13(x1)	  x1:0x8000821b  x7=0x00000000 PA:0x8000820e
         985000	        97	80000164	025099a3	sh	x5,51(x1)	  x1:0x8000821b  x5:0x00000000 PA:0x8000824e
         995000	        98	80000168	014092a3	sh	x20,5(x1)	  x1:0x8000821b x20:0x00000001 PA:0x80008220
        1005000	        99	8000016c	03a08b83	lb	x23,58(x1)	  x1:0x8000821b x23=0x00000000 PA:0x80008255
        1015000	       100	80000170	a1a7db97	auipc	x23,0xa1a7d	 x23=0x21a7d16c
        1025000	       101	80000174	018b8b33	add	x22,x23,x24	 x23:0x21a7d16c x24:0x80000000 x22=0xa1a7d16c
        1035000	       102	80000178	0250de03	lhu	x28,37(x1)	  x1:0x8000821b x28=0x00000000 PA:0x80008240
        1045000	       103	8000017c	00000013	addi	x0,x0,0	  x0:0x00000000
        1055000	       104	80000180	fec0c283	lbu	x5,-20(x1)	  x1:0x8000821b  x5=0x00000000 PA:0x80008207
        1065000	       105	80000184	01608403	lb	x8,22(x1)	  x1:0x8000821b  x8=0x00000000 PA:0x80008231
        1075000	       106	80000188	007f1e93	slli	x29,x30,0x7	 x30:0x80009fc4 x29=0x004fe200
        1085000	       107	8000018c	02808623	sb	x8,44(x1)	  x1:0x8000821b  x8:0x00000000 PA:0x80008247
        1095000	       108	80000190	0140cc03	lbu	x24,20(x1)	  x1:0x8000821b x24=0x00000000 PA:0x8000822f
        1105000	       109	80000194	fee0c183	lbu	x3,-18(x1)	  x1:0x8000821b  x3=0x00000000 PA:0x80008209
        1115000	       110	80000198	00e41c13	slli	x24,x8,0xe	  x8:0x00000000 x24=0x00000000
        1125000	       111	8000019c	03e08e83	lb	x29,62(x1)	  x1:0x8000821b x29=0x00000000 PA:0x80008259
        1135000	       112	800001a0	0390c283	lbu	x5,57(x1)	  x1:0x8000821b  x5=0x00000000 PA:0x80008254
        1145000	       113	800001a4	03d08c03	lb	x24,61(x1)	  x1:0x8000821b x24=0x00000000 PA:0x80008258
        1155000	       114	800001a8	fdd08c03	lb	x24,-35(x1)	  x1:0x8000821b x24=0x00000000 PA:0x800081f8
        1165000	       115	00000000	00000013	addi	x0,x0,0	  x0:0x00000000
        1175000	       116	800001ac	418ad013	srai	x0,x21,0x18	 x21:0x80000000
        1185000	       117	800001b0	ff308383	lb	x7,-13(x1)	  x1:0x8000821b  x7=0x00000000 PA:0x8000820e
        1195000	       118	800001b4	005ac933	xor	x18,x21,x5	 x21:0x80000000  x5:0x00000000 x18=0x80000000
        1205000	       119	800001b8	39140b93	addi	x23,x8,913	  x8:0x00000000 x23=0x00000391
        1215000	       120	800001bc	00000013	addi	x0,x0,0	  x0:0x00000000
        1225000	       121	800001c0	41a70233	sub	x4,x14,x26	 x14:0x77627a03 x26:0x00000004  x4=0x776279ff
        1235000	       122	800001c4	0145d793	srli	x15,x11,0x14	 x11:0x80009f84 x15=0x00000800
        1245000	       123	800001c8	ff808103	lb	x2,-8(x1)	  x1:0x8000821b  x2=0x00000000 PA:0x80008213
        1255000	       124	800001cc	0210a803	lw	x16,33(x1)	  x1:0x8000821b x16=0x00000000 PA:0x8000823c
        1265000	       125	800001d0	400d8bb3	sub	x23,x27,x0	 x27:0x2c4cd664  x0:0x00000000 x23=0x2c4cd664
        1275000	       126	800001d4	0370d983	lhu	x19,55(x1)	  x1:0x8000821b x19=0x00000000 PA:0x80008252
        1285000	       127	00000000	00000013	addi	x0,x0,0	  x0:0x00000000
        1295000	       128	800001d8	01498cb3	add	x25,x19,x20	 x19:0x00000000 x20:0x00000001 x25=0x00000001
        1305000	       129	800001dc	007b41b3	xor	x3,x22,x7	 x22:0xa1a7d16c  x7:0x00000000  x3=0xa1a7d16c
        1315000	       130	800001e0	fde0c903	lbu	x18,-34(x1)	  x1:0x8000821b x18=0x00000000 PA:0x800081f9
        1325000	       131	800001e4	00009a17	auipc	x20,0x9	 x20=0x800091e0
        1335000	       132	800001e8	8c9a0a13	addi	x20,x20,-1847	 x20:0x800091e0 x20=0x80008aa9
        1345000	       133	800001ec	fcfa5603	lhu	x12,-49(x20)	 x20:0x80008aa9 x12=0x00000000 PA:0x80008a78
        1355000	       134	800001f0	0177c7b3	xor	x15,x15,x23	 x15:0x00000800 x23:0x2c4cd664 x15=0x2c4cde64
        1365000	       135	800001f4	01fa0533	add	x10,x20,x31	 x20:0x80008aa9 x31:0x00000000 x10=0x80008aa9
        1375000	       136	800001f8	051a0ba3	sb	x17,87(x20)	 x20:0x80008aa9 x17:0x00000008 PA:0x80008b00
        1385000	       137	800001fc	004b5833	srl	x16,x22,x4	 x22:0xa1a7d16c  x4:0x776279ff x16=0x00000001
        1395000	       138	80000200	a6b6b113	sltiu	x2,x13,-1429	 x13:0x00000004  x2=0x00000001
        1405000	       139	80000204	40c90033	sub	x0,x18,x12	 x18:0x00000000 x12:0x00000000
        1415000	       140	80000208	01c08ab3	add	x21,x1,x28	  x1:0x8000821b x28:0x00000000 x21=0x8000821b
        1425000	       141	8000020c	e8a62d13	slti	x26,x12,-374	 x12:0x00000000 x26=0x00000000
        1435000	       142	80000210	bbf66e13	ori	x28,x12,-1089	 x12:0x00000000 x28=0xfffffbbf
        1445000	       143	80000214	f1ba1483	lh	x9,-229(x20)	 x20:0x80008aa9  x9=0x00000000 PA:0x800089c4
        1455000	       144	80000218	400c5913	srai	x18,x24,0x0	 x24:0x00000000 x18=0x00000000
        1465000	       145	8000021c	01ea5b33	srl	x22,x20,x30	 x20:0x80008aa9 x30:0x80009fc4 x22=0x080008aa
        1475000	       146	80000220	00481813	slli	x16,x16,0x4	 x16:0x00000001 x16=0x00000010
        1485000	       147	80000224	08da1ea3	sh	x13,157(x20)	 x20:0x80008aa9 x13:0x00000004 PA:0x80008b46
        1495000	       148	80000228	dfff9297	auipc	x5,0xdfff9	  x5=0x5fff9224
        1505000	       149	8000022c	01e8b2b3	sltu	x5,x17,x30	 x17:0x00000008 x30:0x80009fc4  x5=0x00000001
        1515000	       150	80000230	d070dd17	auipc	x26,0xd070d	 x26=0x5070d22c
        1525000	       151	80000234	0078cbb3	xor	x23,x17,x7	 x17:0x00000008  x7:0x00000000 x23=0x00000008
        1535000	       152	80000238	f36a0ca3	sb	x22,-199(x20)	 x20:0x80008aa9 x22:0x080008aa PA:0x800089e2
        1545000	       153	8000023c	00000013	addi	x0,x0,0	  x0:0x00000000
        1555000	       154	80000240	b710b493	sltiu	x9,x1,-1167	  x1:0x8000821b  x9=0x00000001
        1565000	       155	80000244	f7fa0703	lb	x14,-129(x20)	 x20:0x80008aa9 x14=0x00000000 PA:0x80008a28
        1575000	       156	80000248	41935a93	srai	x21,x6,0x19	  x6:0x00000000 x21=0x00000000
        1585000	       157	8000024c	0073d2b3	srl	x5,x7,x7	  x7:0x00000000  x7:0x00000000  x5=0x00000000
        1595000	       158	80000250	fe4a4683	lbu	x13,-28(x20)	 x20:0x80008aa9 x13=0x00000000 PA:0x80008a8d
        1605000	       159	80000254	01941b13	slli	x22,x8,0x19	  x8:0x00000000 x22=0x00000000
        1615000	       160	80000258	01e99493	slli	x9,x19,0x1e	 x19:0x00000000  x9=0x00000000
        1625000	       161	8000025c	f85a5c83	lhu	x25,-123(x20)	 x20:0x80008aa9 x25=0x00000000 PA:0x80008a2e
        1635000	       162	80000260	0062f733	and	x14,x5,x6	  x5:0x00000000  x6:0x00000000 x14=0x00000000
        1645000	       163	80000264	0d9a1603	lh	x12,217(x20)	 x20:0x80008aa9 x12=0x00000000 PA:0x80008b82
        1655000	       164	80000268	40d006b3	sub	x13,x0,x13	  x0:0x00000000 x13:0x00000000 x13=0x00000000
        1665000	       165	8000026c	0128c1b3	xor	x3,x17,x18	 x17:0x00000008 x18:0x00000000  x3=0x00000008
        1675000	       166	80000270	05ba1303	lh	x6,91(x20)	 x20:0x80008aa9  x6=0x00000000 PA:0x80008b04
        1685000	       167	80000274	00008d17	auipc	x26,0x8	 x26=0x80008270
        1695000	       168	80000278	e69d0d13	addi	x26,x26,-407	 x26:0x80008270 x26=0x800080d9
        1705000	       169	8000027c	00ad4083	lbu	x1,10(x26)	 x26:0x800080d9  x1=0x00000000 PA:0x800080e3
        1715000	       170	80000280	012570b3	and	x1,x10,x18	 x10:0x80008aa9 x18:0x00000000  x1=0x00000000
        1725000	       171	80000284	40778833	sub	x16,x15,x7	 x15:0x2c4cde64  x7:0x00000000 x16=0x2c4cde64
        1735000	       172	80000288	00000013	addi	x0,x0,0	  x0:0x00000000
        1745000	       173	8000028c	fe0d0b23	sb	x0,-10(x26)	 x26:0x800080d9  x0:0x00000000 PA:0x800080cf
        1755000	       174	80000290	018038b3	sltu	x17,x0,x24	  x0:0x00000000 x24:0x00000000 x17=0x00000000
        1765000	       175	80000294	00ed4c83	lbu	x25,14(x26)	 x26:0x800080d9 x25=0x00000000 PA:0x800080e7
        1775000	       176	80000298	003d5a03	lhu	x20,3(x26)	 x26:0x800080d9 x20=0x00000000 PA:0x800080dc
        1785000	       177	8000029c	ff3d1783	lh	x15,-13(x26)	 x26:0x800080d9 x15=0x00000000 PA:0x800080cc
        1795000	       178	800002a0	ff8d0d83	lb	x27,-8(x26)	 x26:0x800080d9 x27=0x00000000 PA:0x800080d1
        1805000	       179	800002a4	002d4a03	lbu	x20,2(x26)	 x26:0x800080d9 x20=0x00000000 PA:0x800080db
        1815000	       180	800002a8	016db933	sltu	x18,x27,x22	 x27:0x00000000 x22:0x00000000 x18=0x00000000
        1825000	       181	800002ac	fffd4403	lbu	x8,-1(x26)	 x26:0x800080d9  x8=0x00000000 PA:0x800080d8
        1835000	       182	800002b0	01eb81b3	add	x3,x23,x30	 x23:0x00000008 x30:0x80009fc4  x3=0x80009fcc
        1845000	       183	800002b4	ff8d0183	lb	x3,-8(x26)	 x26:0x800080d9  x3=0x00000000 PA:0x800080d1
        1855000	       184	800002b8	00ed0383	lb	x7,14(x26)	 x26:0x800080d9  x7=0x00000000 PA:0x800080e7
        1865000	       185	800002bc	d5272213	slti	x4,x14,-686	 x14:0x00000000  x4=0x00000000
        1875000	       186	800002c0	ff1d0da3	sb	x17,-5(x26)	 x26:0x800080d9 x17:0x00000000 PA:0x800080d4
        1885000	       187	800002c4	410b5a33	sra	x20,x22,x16	 x22:0x00000000 x16:0x2c4cde64 x20=0x00000000
        1895000	       188	800002c8	403053b3	sra	x7,x0,x3	  x0:0x00000000  x3:0x00000000  x7=0x00000000
        1905000	       189	800002cc	007d1483	lh	x9,7(x26)	 x26:0x800080d9  x9=0x00000000 PA:0x800080e0
        1915000	       190	800002d0	a7616913	ori	x18,x2,-1418	  x2:0x00000001 x18=0xfffffa77
        1925000	       191	800002d4	007d5e03	lhu	x28,7(x26)	 x26:0x800080d9 x28=0x00000000 PA:0x800080e0
        1935000	       192	800002d8	008d4283	lbu	x5,8(x26)	 x26:0x800080d9  x5=0x00000000 PA:0x800080e1
        1945000	       193	800002dc	ffcd29a3	sw	x28,-13(x26)	 x26:0x800080d9 x28:0x00000000 PA:0x800080cc
        1955000	       194	800002e0	ff1d1003	lh	x0,-15(x26)	 x26:0x800080d9 PA:0x800080ca
        1965000	       195	800002e4	4bb3b693	sltiu	x13,x7,1211	  x7:0x00000000 x13=0x00000001
        1975000	       196	800002e8	01aa79b3	and	x19,x20,x26	 x20:0x00000000 x26:0x800080d9 x19=0x00000000
        1985000	       197	800002ec	00000013	addi	x0,x0,0	  x0:0x00000000
        1995000	       198	800002f0	01fd12a3	sh	x31,5(x26)	 x26:0x800080d9 x31:0x00000000 PA:0x800080de
        2005000	       199	800002f4	4d45c213	xori	x4,x11,1236	 x11:0x80009f84  x4=0x80009b50
        2015000	       200	800002f8	ff0d08a3	sb	x16,-15(x26)	 x26:0x800080d9 x16:0x2c4cde64 PA:0x800080ca
        2025000	       201	800002fc	014d21a3	sw	x20,3(x26)	 x26:0x800080d9 x20:0x00000000 PA:0x800080dc
        2035000	       202	80000300	41995c13	srai	x24,x18,0x19	 x18:0xfffffa77 x24=0xffffffff
        2045000	       203	80000304	41198bb3	sub	x23,x19,x17	 x19:0x00000000 x17:0x00000000 x23=0x00000000
        2055000	       204	80000308	4064d013	srai	x0,x9,0x6	  x9:0x00000000
        2065000	       205	8000030c	01faabb3	slt	x23,x21,x31	 x21:0x00000000 x31:0x00000000 x23=0x00000000
        2075000	       206	80000310	9b0c7893	andi	x17,x24,-1616	 x24:0xffffffff x17=0xfffff9b0
        2085000	       207	80000314	08adf013	andi	x0,x27,138	 x27:0x00000000
        2095000	       208	80000318	ff1d0b83	lb	x23,-15(x26)	 x26:0x800080d9 x23=0x00000064 PA:0x800080ca
        2105000	       209	8000031c	fe3d0fa3	sb	x3,-1(x26)	 x26:0x800080d9  x3:0x00000000 PA:0x800080d8
        2115000	       210	80000320	00009117	auipc	x2,0x9	  x2=0x8000931c
        2125000	       211	80000324	c1310113	addi	x2,x2,-1005	  x2:0x8000931c  x2=0x80008f2f
        2135000	       212	80000328	00d566b3	or	x13,x10,x13	 x10:0x80008aa9 x13:0x00000001 x13=0x80008aa9
        2145000	       213	8000032c	00b51e33	sll	x28,x10,x11	 x10:0x80008aa9 x11:0x80009f84 x28=0x0008aa90
        2155000	       214	80000330	007116a3	sh	x7,13(x2)	  x2:0x80008f2f  x7:0x00000000 PA:0x80008f3c
        2165000	       215	80000334	009a8833	add	x16,x21,x9	 x21:0x00000000  x9:0x00000000 x16=0x00000000
        2175000	       216	80000338	41e35cb3	sra	x25,x6,x30	  x6:0x00000000 x30:0x80009fc4 x25=0x00000000
        2185000	       217	8000033c	014cdb93	srli	x23,x25,0x14	 x25:0x00000000 x23=0x00000000
        2195000	       218	80000340	01a107a3	sb	x26,15(x2)	  x2:0x80008f2f x26:0x800080d9 PA:0x80008f3e
        2205000	       219	80000344	00e75033	srl	x0,x14,x14	 x14:0x00000000 x14:0x00000000
        2215000	       220	80000348	00210823	sb	x2,16(x2)	  x2:0x80008f2f  x2:0x80008f2f PA:0x80008f3f
        2225000	       221	8000034c	00dc17b3	sll	x15,x24,x13	 x24:0xffffffff x13:0x80008aa9 x15=0xfffffe00
        2235000	       222	80000350	006b3a33	sltu	x20,x22,x6	 x22:0x00000000  x6:0x00000000 x20=0x00000000
        2245000	       223	80000354	ff414883	lbu	x17,-12(x2)	  x2:0x80008f2f x17=0x00000000 PA:0x80008f23
        2255000	       224	80000358	00210a83	lb	x21,2(x2)	  x2:0x80008f2f x21=0x00000000 PA:0x80008f31
        2265000	       225	8000035c	01c25b33	srl	x22,x4,x28	  x4:0x80009b50 x28:0x0008aa90 x22=0x00008000
        2275000	       226	80000360	ff311003	lh	x0,-13(x2)	  x2:0x80008f2f PA:0x80008f22
        2285000	       227	80000364	ffc14383	lbu	x7,-4(x2)	  x2:0x80008f2f  x7=0x00000000 PA:0x80008f2b
        2295000	       228	80000368	01f01b13	slli	x22,x0,0x1f	  x0:0x00000000 x22=0x00000000
        2305000	       229	8000036c	011441b3	xor	x3,x8,x17	  x8:0x00000000 x17:0x00000000  x3=0x00000000
        2315000	       230	80000370	ff810603	lb	x12,-8(x2)	  x2:0x80008f2f x12=0x00000000 PA:0x80008f27
        2325000	       231	80000374	01b10523	sb	x27,10(x2)	  x2:0x80008f2f x27:0x00000000 PA:0x80008f39
        2335000	       232	80000378	0ab07613	andi	x12,x0,171	  x0:0x00000000 x12=0x00000000
        2345000	       233	8000037c	01810123	sb	x24,2(x2)	  x2:0x80008f2f x24:0xffffffff PA:0x80008f31
        2355000	       234	80000380	ff310e23	sb	x19,-4(x2)	  x2:0x80008f2f x19:0x00000000 PA:0x80008f2b
        2365000	       235	80000384	01e10823	sb	x30,16(x2)	  x2:0x80008f2f x30:0x80009fc4 PA:0x80008f3f
        2375000	       236	80000388	8f11b613	sltiu	x12,x3,-1807	  x3:0x00000000 x12=0x00000001
        2385000	       237	8000038c	01ca31b3	sltu	x3,x20,x28	 x20:0x00000000 x28:0x0008aa90  x3=0x00000001
        2395000	       238	80000390	00510a83	lb	x21,5(x2)	  x2:0x80008f2f x21=0x00000000 PA:0x80008f34
        2405000	       239	80000394	004ca933	slt	x18,x25,x4	 x25:0x00000000  x4:0x80009b50 x18=0x00000000
        2415000	       240	80000398	fe210aa3	sb	x2,-11(x2)	  x2:0x80008f2f  x2:0x80008f2f PA:0x80008f24
        2425000	       241	8000039c	00000013	addi	x0,x0,0	  x0:0x00000000
        2435000	       242	800003a0	40b15033	sra	x0,x2,x11	  x2:0x80008f2f x11:0x80009f84
        2445000	       243	800003a4	00615c13	srli	x24,x2,0x6	  x2:0x80008f2f x24=0x0200023c
        2455000	       244	800003a8	ff210503	lb	x10,-14(x2)	  x2:0x80008f2f x10=0x00000000 PA:0x80008f21
        2465000	       245	800003ac	0102ec33	or	x24,x5,x16	  x5:0x00000000 x16:0x00000000 x24=0x00000000
        2475000	       246	800003b0	00715d83	lhu	x27,7(x2)	  x2:0x80008f2f x27=0x00000000 PA:0x80008f36
        2485000	       247	800003b4	01dd4a33	xor	x20,x26,x29	 x26:0x800080d9 x29:0x00000000 x20=0x800080d9
        2495000	       248	800003b8	40550cb3	sub	x25,x10,x5	 x10:0x00000000  x5:0x00000000 x25=0x00000000
        2505000	       249	800003bc	00a95c93	srli	x25,x18,0xa	 x18:0x00000000 x25=0x00000000
        2515000	       250	800003c0	4082dc33	sra	x24,x5,x8	  x5:0x00000000  x8:0x00000000 x24=0x00000000
        2525000	       251	800003c4	ffc14803	lbu	x16,-4(x2)	  x2:0x80008f2f x16=0x00000000 PA:0x80008f2b
        2535000	       252	800003c8	00009417	auipc	x8,0x9	  x8=0x800093c4
        2545000	       253	800003cc	bb940413	addi	x8,x8,-1095	  x8:0x800093c4  x8=0x80008f7d
        2555000	       254	800003d0	0088dd93	srli	x27,x17,0x8	 x17:0x00000000 x27=0x00000000
        2565000	       255	800003d4	da240d83	lb	x27,-606(x8)	  x8:0x80008f7d x27=0x00000000 PA:0x80008d1f
        2575000	       256	00000000	00000013	addi	x0,x0,0	  x0:0x00000000
        2585000	       257	800003d8	01b948b3	xor	x17,x18,x27	 x18:0x00000000 x27:0x00000000 x17=0x00000000
        2595000	       258	800003dc	c5640a23	sb	x22,-940(x8)	  x8:0x80008f7d x22:0x00000000 PA:0x80008bd1
        2605000	       259	800003e0	99e40383	lb	x7,-1634(x8)	  x8:0x80008f7d  x7=0x00000000 PA:0x8000891b
        2615000	       260	800003e4	fa044883	lbu	x17,-96(x8)	  x8:0x80008f7d x17=0x00000000 PA:0x80008f1d
        2625000	       261	800003e8	3b92cbb7	lui	x23,0x3b92c	 x23=0x3b92c000
        2635000	       262	800003ec	00930d33	add	x26,x6,x9	  x6:0x00000000  x9:0x00000000 x26=0x00000000
        2645000	       263	800003f0	c56407a3	sb	x22,-945(x8)	  x8:0x80008f7d x22:0x00000000 PA:0x80008bcc
        2655000	       264	800003f4	dbf45883	lhu	x17,-577(x8)	  x8:0x80008f7d x17=0x00000000 PA:0x80008d3c
        2665000	       265	800003f8	fec44603	lbu	x12,-20(x8)	  x8:0x80008f7d x12=0x00000000 PA:0x80008f69
        2675000	       266	800003fc	efc40c23	sb	x28,-264(x8)	  x8:0x80008f7d x28:0x0008aa90 PA:0x80008e75
        2685000	       267	80000400	f1544303	lbu	x6,-235(x8)	  x8:0x80008f7d  x6=0x00000000 PA:0x80008e92
        2695000	       268	80000404	012636b3	sltu	x13,x12,x18	 x12:0x00000000 x18:0x00000000 x13=0x00000000
        2705000	       269	80000408	94e40903	lb	x18,-1714(x8)	  x8:0x80008f7d x18=0x00000000 PA:0x800088cb
        2715000	       270	8000040c	93540e83	lb	x29,-1739(x8)	  x8:0x80008f7d x29=0x00000000 PA:0x800088b2
        2725000	       271	80000410	0000dc33	srl	x24,x1,x0	  x1:0x00000000  x0:0x00000000 x24=0x00000000
        2735000	       272	80000414	28ffa837	lui	x16,0x28ffa	 x16=0x28ffa000
        2745000	       273	80000418	40d2d333	sra	x6,x5,x13	  x5:0x00000000 x13:0x00000000  x6=0x00000000
        2755000	       274	8000041c	c3f40aa3	sb	x31,-971(x8)	  x8:0x80008f7d x31:0x00000000 PA:0x80008bb2
        2765000	       275	80000420	003818b3	sll	x17,x16,x3	 x16:0x28ffa000  x3:0x00000001 x17=0x51ff4000
        2775000	       276	80000424	d0c44183	lbu	x3,-756(x8)	  x8:0x80008f7d  x3=0x00000000 PA:0x80008c89
        2785000	       277	00000000	00000013	addi	x0,x0,0	  x0:0x00000000
        2795000	       278	80000428	a2341703	lh	x14,-1501(x8)	  x8:0x80008f7d x14=0x00000000 PA:0x800089a0
        2805000	       279	8000042c	85bf8813	addi	x16,x31,-1957	 x31:0x00000000 x16=0xfffff85b
        2815000	       280	80000430	e6640283	lb	x5,-410(x8)	  x8:0x80008f7d  x5=0x00000000 PA:0x80008de3
        2825000	       281	80000434	b5d415a3	sh	x29,-1205(x8)	  x8:0x80008f7d x29:0x00000000 PA:0x80008ac8
        2835000	       282	80000438	01b3b6b3	sltu	x13,x7,x27	  x7:0x00000000 x27:0x00000000 x13=0x00000000
        2845000	       283	8000043c	e0640f23	sb	x6,-482(x8)	  x8:0x80008f7d  x6:0x00000000 PA:0x80008d9b
        2855000	       284	80000440	2f45f993	andi	x19,x11,756	 x11:0x80009f84 x19=0x00000284
        2865000	       285	80000444	0040d933	srl	x18,x1,x4	  x1:0x00000000  x4:0x80009b50 x18=0x00000000
        2875000	       286	80000448	41da5ab3	sra	x21,x20,x29	 x20:0x800080d9 x29:0x00000000 x21=0x800080d9
        2885000	       287	8000044c	e77402a3	sb	x23,-411(x8)	  x8:0x80008f7d x23:0x3b92c000 PA:0x80008de2
        2895000	       288	80000450	410b8933	sub	x18,x23,x16	 x23:0x3b92c000 x16:0xfffff85b x18=0x3b92c7a5
        2905000	       289	80000454	ff040723	sb	x16,-18(x8)	  x8:0x80008f7d x16:0xfffff85b PA:0x80008f6b
        2915000	       290	80000458	cbc44203	lbu	x4,-836(x8)	  x8:0x80008f7d  x4=0x00000000 PA:0x80008c39
        2925000	       291	8000045c	00008317	auipc	x6,0x8	  x6=0x80008458
        2935000	       292	80000460	65730313	addi	x6,x6,1623	  x6:0x80008458  x6=0x80008aaf
        2945000	       293	80000464	fe532983	lw	x19,-27(x6)	  x6:0x80008aaf x19=0x00000000 PA:0x80008a94
        2955000	       294	80000468	fb230223	sb	x18,-92(x6)	  x6:0x80008aaf x18:0x3b92c7a5 PA:0x80008a53
        2965000	       295	8000046c	04430c83	lb	x25,68(x6)	  x6:0x80008aaf x25=0x00000000 PA:0x80008af3
        2975000	       296	80000470	8ba38493	addi	x9,x7,-1862	  x7:0x00000000  x9=0xfffff8ba
        2985000	       297	80000474	11fb6b93	ori	x23,x22,287	 x22:0x00000000 x23=0x0000011f
        2995000	       298	80000478	00b5f233	and	x4,x11,x11	 x11:0x80009f84 x11:0x80009f84  x4=0x80009f84
        3005000	       299	8000047c	f8030d23	sb	x0,-102(x6)	  x6:0x80008aaf  x0:0x00000000 PA:0x80008a49
        3015000	       300	80000480	012ca033	slt	x0,x25,x18	 x25:0x00000000 x18:0x3b92c7a5
        3025000	       301	80000484	f6730e23	sb	x7,-132(x6)	  x6:0x80008aaf  x7:0x00000000 PA:0x80008a2b
        3035000	       302	80000488	03bc6a93	ori	x21,x24,59	 x24:0x00000000 x21=0x0000003b
        3045000	       303	8000048c	60a5ea13	ori	x20,x11,1546	 x11:0x80009f84 x20=0x80009f8e
        3055000	       304	80000490	37d9c293	xori	x5,x19,893	 x19:0x00000000  x5=0x0000037d
        3065000	       305	80000494	02b30323	sb	x11,38(x6)	  x6:0x80008aaf x11:0x80009f84 PA:0x80008ad5
        3075000	       306	80000498	1feba2b7	lui	x5,0x1feba	  x5=0x1feba000
        3085000	       307	8000049c	80f28d37	lui	x26,0x80f28	 x26=0x80f28000
        3095000	       308	800004a0	19ce6c13	ori	x24,x28,412	 x28:0x0008aa90 x24=0x0008ab9c
        3105000	       309	800004a4	47d33793	sltiu	x15,x6,1149	  x6:0x80008aaf x15=0x00000000
        3115000	       310	800004a8	af774c93	xori	x25,x14,-1289	 x14:0x00000000 x25=0xfffffaf7
        3125000	       311	800004ac	0e630783	lb	x15,230(x6)	  x6:0x80008aaf x15=0x00000000 PA:0x80008b95
        3135000	       312	800004b0	f8734983	lbu	x19,-121(x6)	  x6:0x80008aaf x19=0x00000000 PA:0x80008a36
        3145000	       313	800004b4	014313a3	sh	x20,7(x6)	  x6:0x80008aaf x20:0x80009f8e PA:0x80008ab6
        3155000	       314	800004b8	00b30803	lb	x16,11(x6)	  x6:0x80008aaf x16=0x00000000 PA:0x80008aba
        3165000	       315	800004bc	00009117	auipc	x2,0x9	  x2=0x800094b8
        3175000	       316	800004c0	98910113	addi	x2,x2,-1655	  x2:0x800094b8  x2=0x80008e41
        3185000	       317	800004c4	a6410c03	lb	x24,-1436(x2)	  x2:0x80008e41 x24=0x00000000 PA:0x800088a5
        3195000	       318	800004c8	52d7bd93	sltiu	x27,x15,1325	 x15:0x00000000 x27=0x00000001
        3205000	       319	800004cc	e23115a3	sh	x3,-469(x2)	  x2:0x80008e41  x3:0x00000000 PA:0x80008c6c
        3215000	       320	800004d0	015cc8b3	xor	x17,x25,x21	 x25:0xfffffaf7 x21:0x0000003b x17=0xfffffacc
        3225000	       321	800004d4	ccd10ca3	sb	x13,-807(x2)	  x2:0x80008e41 x13:0x00000000 PA:0x80008b1a
        3235000	       322	800004d8	f4011da3	sh	x0,-165(x2)	  x2:0x80008e41  x0:0x00000000 PA:0x80008d9c
        3245000	       323	800004dc	00819013	slli	x0,x3,0x8	  x3:0x00000000
        3255000	       324	800004e0	ea014b03	lbu	x22,-352(x2)	  x2:0x80008e41 x22=0x00000000 PA:0x80008ce1
        3265000	       325	800004e4	fea102a3	sb	x10,-27(x2)	  x2:0x80008e41 x10:0x00000000 PA:0x80008e26
        3275000	       326	800004e8	f8312503	lw	x10,-125(x2)	  x2:0x80008e41 x10=0x00000000 PA:0x80008dc4
        3285000	       327	800004ec	eba10903	lb	x18,-326(x2)	  x2:0x80008e41 x18=0x00000000 PA:0x80008cfb
        3295000	       328	800004f0	41e081b3	sub	x3,x1,x30	  x1:0x00000000 x30:0x80009fc4  x3=0x7fff603c
        3305000	       329	800004f4	a5614403	lbu	x8,-1450(x2)	  x2:0x80008e41  x8=0x00000000 PA:0x80008897
        3315000	       330	800004f8	bd610523	sb	x22,-1078(x2)	  x2:0x80008e41 x22:0x00000000 PA:0x80008a0b
        3325000	       331	800004fc	fc110c03	lb	x24,-63(x2)	  x2:0x80008e41 x24=0x00000000 PA:0x80008e02
        3335000	       332	80000500	00000013	addi	x0,x0,0	  x0:0x00000000
        3345000	       333	80000504	01493cb3	sltu	x25,x18,x20	 x18:0x00000000 x20:0x80009f8e x25=0x00000001
        3355000	       334	80000508	50ad8c13	addi	x24,x27,1290	 x27:0x00000001 x24=0x0000050b
        3365000	       335	8000050c	ee197b93	andi	x23,x18,-287	 x18:0x00000000 x23=0x00000000
        3375000	       336	80000510	b7612da3	sw	x22,-1157(x2)	  x2:0x80008e41 x22:0x00000000 PA:0x800089bc
        3385000	       337	80000514	40e0d493	srai	x9,x1,0xe	  x1:0x00000000  x9=0x00000000
        3395000	       338	80000518	5beb1197	auipc	x3,0x5beb1	  x3=0xdbeb1514
        3405000	       339	8000051c	67368c93	addi	x25,x13,1651	 x13:0x00000000 x25=0x00000673
        3415000	       340	80000520	b7c10423	sb	x28,-1176(x2)	  x2:0x80008e41 x28:0x0008aa90 PA:0x800089a9
        3425000	       341	80000524	16f14303	lbu	x6,367(x2)	  x2:0x80008e41  x6=0x00000000 PA:0x80008fb0
        3435000	       342	80000528	41c88d33	sub	x26,x17,x28	 x17:0xfffffacc x28:0x0008aa90 x26=0xfff7503c
        3445000	       343	8000052c	e7515003	lhu	x0,-395(x2)	  x2:0x80008e41 PA:0x80008cb6
        3455000	       344	80000530	40b25e13	srai	x28,x4,0xb	  x4:0x80009f84 x28=0xfff00013
        3465000	       345	80000534	c1710123	sb	x23,-1022(x2)	  x2:0x80008e41 x23:0x00000000 PA:0x80008a43
        3475000	       346	80000538	00535eb3	srl	x29,x6,x5	  x6:0x00000000  x5:0x1feba000 x29=0x00000000
        3485000	       347	8000053c	01621c33	sll	x24,x4,x22	  x4:0x80009f84 x22:0x00000000 x24=0x80009f84
        3495000	       348	80000540	00441d93	slli	x27,x8,0x4	  x8:0x00000000 x27=0x00000000
        3505000	       349	80000544	9ed15203	lhu	x4,-1555(x2)	  x2:0x80008e41  x4=0x00000000 PA:0x8000882e
        3515000	       350	80000548	1acff217	auipc	x4,0x1acff	  x4=0x9acff544
        3525000	       351	8000054c	c1715903	lhu	x18,-1001(x2)	  x2:0x80008e41 x18=0x00000000 PA:0x80008a58
        3535000	       352	80000550	ed337513	andi	x10,x6,-301	  x6:0x00000000 x10=0x00000000
        3545000	       353	80000554	41ca5d13	srai	x26,x20,0x1c	 x20:0x80009f8e x26=0xfffffff8
        3555000	       354	80000558	b75af213	andi	x4,x21,-1163	 x21:0x0000003b  x4=0x00000031
        3565000	       355	8000055c	00000013	addi	x0,x0,0	  x0:0x00000000
        3575000	       356	80000560	01d50db3	add	x27,x10,x29	 x10:0x00000000 x29:0x00000000 x27=0x00000000
        3585000	       357	80000564	ad414483	lbu	x9,-1324(x2)	  x2:0x80008e41  x9=0x00000000 PA:0x80008915
        3595000	       358	00000000	00000013	addi	x0,x0,0	  x0:0x00000000
        3605000	       359	80000568	0097d733	srl	x14,x15,x9	 x15:0x00000000  x9:0x00000000 x14=0x00000000
        3615000	       360	8000056c	011790b3	sll	x1,x15,x17	 x15:0x00000000 x17:0xfffffacc  x1=0x00000000
        3625000	       361	80000570	10511703	lh	x14,261(x2)	  x2:0x80008e41 x14=0x00000000 PA:0x80008f46
        3635000	       362	80000574	55625337	lui	x6,0x55625	  x6=0x55625000
        3645000	       363	80000578	28000313	addi	x6,x0,640	  x0:0x00000000  x6=0x00000280
        3655000	       364	8000057c	b2610083	lb	x1,-1242(x2)	  x2:0x80008e41  x1=0x00000000 PA:0x80008967
        3665000	       365	80000580	00000013	addi	x0,x0,0	  x0:0x00000000
        3675000	       366	80000584	f9f08097	auipc	x1,0xf9f08	  x1=0x79f08580
        3685000	       367	80000588	004a8cb3	add	x25,x21,x4	 x21:0x0000003b  x4:0x00000031 x25=0x0000006c
        3695000	       368	8000058c	08d11b03	lh	x22,141(x2)	  x2:0x80008e41 x22=0x00000000 PA:0x80008ece
        3705000	       369	80000590	08d15703	lhu	x14,141(x2)	  x2:0x80008e41 x14=0x00000000 PA:0x80008ece
        3715000	       370	80000594	00008497	auipc	x9,0x8	  x9=0x80008590
        3725000	       371	80000598	f9d48493	addi	x9,x9,-99	  x9:0x80008590  x9=0x8000852d
        3735000	       372	8000059c	ffb49e03	lh	x28,-5(x9)	  x9:0x8000852d x28=0x00000000 PA:0x80008528
        3745000	       373	800005a0	18ca4993	xori	x19,x20,396	 x20:0x80009f8e x19=0x80009e02
        3755000	       374	800005a4	feb48823	sb	x11,-16(x9)	  x9:0x8000852d x11:0x80009f84 PA:0x8000851d
        3765000	       375	800005a8	0032a933	slt	x18,x5,x3	  x5:0x1feba000  x3:0xdbeb1514 x18=0x00000000
        3775000	       376	800005ac	00dd3d33	sltu	x26,x26,x13	 x26:0xfffffff8 x13:0x00000000 x26=0x00000000
        3785000	       377	800005b0	c2f79997	auipc	x19,0xc2f79	 x19=0x42f795ac
        3795000	       378	800005b4	ff848183	lb	x3,-8(x9)	  x9:0x8000852d  x3=0x00000000 PA:0x80008525
        3805000	       379	800005b8	fe449fa3	sh	x4,-1(x9)	  x9:0x8000852d  x4:0x00000031 PA:0x8000852c
        3815000	       380	800005bc	5c743917	auipc	x18,0x5c743	 x18=0xdc7435b8
        3825000	       381	800005c0	00c485a3	sb	x12,11(x9)	  x9:0x8000852d x12:0x00000000 PA:0x80008538
        3835000	       382	800005c4	77e13a13	sltiu	x20,x2,1918	  x2:0x80008e41 x20=0x00000000
        3845000	       383	800005c8	004493a3	sh	x4,7(x9)	  x9:0x8000852d  x4:0x00000031 PA:0x80008534
        3855000	       384	800005cc	ff54cd83	lbu	x27,-11(x9)	  x9:0x8000852d x27=0x00000000 PA:0x80008522
        3865000	       385	00000000	00000013	addi	x0,x0,0	  x0:0x00000000
        3875000	       386	800005d0	ffb48c23	sb	x27,-8(x9)	  x9:0x8000852d x27:0x00000000 PA:0x80008525
        3885000	       387	800005d4	00c48d03	lb	x26,12(x9)	  x9:0x8000852d x26=0x00000000 PA:0x80008539
        3895000	       388	800005d8	fe348a23	sb	x3,-12(x9)	  x9:0x8000852d  x3:0x00000000 PA:0x80008521
        3905000	       389	800005dc	00039013	slli	x0,x7,0x0	  x7:0x00000000
        3915000	       390	800005e0	ff948c83	lb	x25,-7(x9)	  x9:0x8000852d x25=0x00000000 PA:0x80008526
        3925000	       391	800005e4	5e656137	lui	x2,0x5e656	  x2=0x5e656000
        3935000	       392	800005e8	00949b03	lh	x22,9(x9)	  x9:0x8000852d x22=0x00000000 PA:0x80008536
        3945000	       393	800005ec	05bac393	xori	x7,x21,91	 x21:0x0000003b  x7=0x00000060
        3955000	       394	800005f0	00149703	lh	x14,1(x9)	  x9:0x8000852d x14=0x00000000 PA:0x8000852e
        3965000	       395	800005f4	ffe4c203	lbu	x4,-2(x9)	  x9:0x8000852d  x4=0x00000000 PA:0x8000852b
        3975000	       396	800005f8	fe8499a3	sh	x8,-13(x9)	  x9:0x8000852d  x8:0x00000000 PA:0x80008520
        3985000	       397	800005fc	00db6d33	or	x26,x22,x13	 x22:0x00000000 x13:0x00000000 x26=0x00000000
        3995000	       398	80000600	01048d03	lb	x26,16(x9)	  x9:0x8000852d x26=0x00000000 PA:0x8000853d
        4005000	       399	80000604	010a7633	and	x12,x20,x16	 x20:0x00000000 x16:0x00000000 x12=0x00000000
        4015000	       400	80000608	00000013	addi	x0,x0,0	  x0:0x00000000
        4025000	       401	8000060c	00e4cc83	lbu	x25,14(x9)	  x9:0x8000852d x25=0x00000000 PA:0x8000853b
        4035000	       402	80000610	f966d997	auipc	x19,0xf966d	 x19=0x7966d60c
        4045000	       403	80000614	017f1313	slli	x6,x30,0x17	 x30:0x80009fc4  x6=0xe2000000
        4055000	       404	80000618	0ad87b93	andi	x23,x16,173	 x16:0x00000000 x23=0x00000000
        4065000	       405	8000061c	00401733	sll	x14,x0,x4	  x0:0x00000000  x4:0x00000000 x14=0x00000000
        4075000	       406	80000620	ffa4cc03	lbu	x24,-6(x9)	  x9:0x8000852d x24=0x00000000 PA:0x80008527
        4085000	       407	80000624	0074c283	lbu	x5,7(x9)	  x9:0x8000852d  x5=0x00000031 PA:0x80008534
        4095000	       408	80000628	fe34aba3	sw	x3,-9(x9)	  x9:0x8000852d  x3:0x00000000 PA:0x80008524
        4105000	       409	8000062c	00248603	lb	x12,2(x9)	  x9:0x8000852d x12=0x00000000 PA:0x8000852f
        4115000	       410	80000630	01577033	and	x0,x14,x21	 x14:0x00000000 x21:0x0000003b
        4125000	       411	80000634	3ca891b7	lui	x3,0x3ca89	  x3=0x3ca89000
        4135000	       412	80000638	01048703	lb	x14,16(x9)	  x9:0x8000852d x14=0x00000000 PA:0x8000853d
        4145000	       413	8000063c	00c4cc83	lbu	x25,12(x9)	  x9:0x8000852d x25=0x00000000 PA:0x80008539
        4155000	       414	80000640	4147dc93	srai	x25,x15,0x14	 x15:0x00000000 x25=0x00000000
        4165000	       415	80000644	2db68893	addi	x17,x13,731	 x13:0x00000000 x17=0x000002db
        4175000	       416	80000648	0094c183	lbu	x3,9(x9)	  x9:0x8000852d  x3=0x00000000 PA:0x80008536
        4185000	       417	8000064c	ff2498a3	sh	x18,-15(x9)	  x9:0x8000852d x18:0xdc7435b8 PA:0x8000851e
        4195000	       418	80000650	ff048a03	lb	x20,-16(x9)	  x9:0x8000852d x20=0xffffff84 PA:0x8000851d
        4205000	       419	80000654	fe248ca3	sb	x2,-7(x9)	  x9:0x8000852d  x2:0x5e656000 PA:0x80008526
        4215000	       420	80000658	00a48203	lb	x4,10(x9)	  x9:0x8000852d  x4=0x00000000 PA:0x80008537
        4225000	       421	8000065c	00c48c83	lb	x25,12(x9)	  x9:0x8000852d x25=0x00000000 PA:0x80008539
        4235000	       422	80000660	007b8433	add	x8,x23,x7	 x23:0x00000000  x7:0x00000060  x8=0x00000060
        4245000	       423	80000664	950ef393	andi	x7,x29,-1712	 x29:0x00000000  x7=0x00000000
        4255000	       424	80000668	d25ce313	ori	x6,x25,-731	 x25:0x00000000  x6=0xfffffd25
        4265000	       425	8000066c	409689b3	sub	x19,x13,x9	 x13:0x00000000  x9:0x8000852d x19=0x7fff7ad3
        4275000	       426	80000670	fe849aa3	sh	x8,-11(x9)	  x9:0x8000852d  x8:0x00000060 PA:0x80008522
        4285000	       427	80000674	00008b97	auipc	x23,0x8	 x23=0x80008670
        4295000	       428	80000678	547b8b93	addi	x23,x23,1351	 x23:0x80008670 x23=0x80008bb7
        4305000	       429	8000067c	fefb80a3	sb	x15,-31(x23)	 x23:0x80008bb7 x15:0x00000000 PA:0x80008b98
        4315000	       430	80000680	040b8903	lb	x18,64(x23)	 x23:0x80008bb7 x18=0x00000000 PA:0x80008bf7
        4325000	       431	80000684	fdcb8083	lb	x1,-36(x23)	 x23:0x80008bb7  x1=0x00000000 PA:0x80008b93
        4335000	       432	80000688	000031b3	sltu	x3,x0,x0	  x0:0x00000000  x0:0x00000000  x3=0x00000000
        4345000	       433	8000068c	00961093	slli	x1,x12,0x9	 x12:0x00000000  x1=0x00000000
        4355000	       434	80000690	fe5b99a3	sh	x5,-13(x23)	 x23:0x80008bb7  x5:0x00000031 PA:0x80008baa
        4365000	       435	80000694	00d729b3	slt	x19,x14,x13	 x14:0x00000000 x13:0x00000000 x19=0x00000000
        4375000	       436	80000698	004b8c83	lb	x25,4(x23)	 x23:0x80008bb7 x25=0x00000000 PA:0x80008bbb
        4385000	       437	8000069c	013bc603	lbu	x12,19(x23)	 x23:0x80008bb7 x12=0x00000000 PA:0x80008bca
        4395000	       438	800006a0	fe6b8703	lb	x14,-26(x23)	 x23:0x80008bb7 x14=0x00000000 PA:0x80008b9d
        4405000	       439	800006a4	030b8723	sb	x16,46(x23)	 x23:0x80008bb7 x16:0x00000000 PA:0x80008be5
        4415000	       440	800006a8	fdbbc483	lbu	x9,-37(x23)	 x23:0x80008bb7  x9=0x00000000 PA:0x80008b92
        4425000	       441	800006ac	00000013	addi	x0,x0,0	  x0:0x00000000
        4435000	       442	800006b0	fe2bc803	lbu	x16,-30(x23)	 x23:0x80008bb7 x16=0x00000000 PA:0x80008b99
        4445000	       443	800006b4	026b8823	sb	x6,48(x23)	 x23:0x80008bb7  x6:0xfffffd25 PA:0x80008be7
        4455000	       444	800006b8	032bc003	lbu	x0,50(x23)	 x23:0x80008bb7 PA:0x80008be9
        4465000	       445	800006bc	00cb8623	sb	x12,12(x23)	 x23:0x80008bb7 x12:0x00000000 PA:0x80008bc3
        4475000	       446	800006c0	0144b2b3	sltu	x5,x9,x20	  x9:0x00000000 x20:0xffffff84  x5=0x00000001
        4485000	       447	800006c4	ebe3a293	slti	x5,x7,-322	  x7:0x00000000  x5=0x00000000
        4495000	       448	800006c8	ebc50c93	addi	x25,x10,-324	 x10:0x00000000 x25=0xfffffebc
        4505000	       449	800006cc	fe4bc603	lbu	x12,-28(x23)	 x23:0x80008bb7 x12=0x00000000 PA:0x80008b9b
        4515000	       450	800006d0	42468413	addi	x8,x13,1060	 x13:0x00000000  x8=0x00000424
        4525000	       451	800006d4	0122d1b3	srl	x3,x5,x18	  x5:0x00000000 x18:0x00000000  x3=0x00000000
        4535000	       452	800006d8	1480a193	slti	x3,x1,328	  x1:0x00000000  x3=0x00000001
        4545000	       453	800006dc	01cb9a13	slli	x20,x23,0x1c	 x23:0x80008bb7 x20=0x70000000
        4555000	       454	800006e0	00000013	addi	x0,x0,0	  x0:0x00000000
        4565000	       455	800006e4	404c5e33	sra	x28,x24,x4	 x24:0x00000000  x4:0x00000000 x28=0x00000000
        4575000	       456	800006e8	4043d633	sra	x12,x7,x4	  x7:0x00000000  x4:0x00000000 x12=0x00000000
        4585000	       457	800006ec	00000013	addi	x0,x0,0	  x0:0x00000000
        4595000	       458	800006f0	018b4cb3	xor	x25,x22,x24	 x22:0x00000000 x24:0x00000000 x25=0x00000000
        4605000	       459	800006f4	40e9d013	srai	x0,x19,0xe	 x19:0x00000000
        4615000	       460	800006f8	008071b3	and	x3,x0,x8	  x0:0x00000000  x8:0x00000424  x3=0x00000000
        4625000	       461	800006fc	fe6bc103	lbu	x2,-26(x23)	 x23:0x80008bb7  x2=0x00000000 PA:0x80008b9d
        4635000	       462	80000700	ff6b8c23	sb	x22,-8(x23)	 x23:0x80008bb7 x22:0x00000000 PA:0x80008baf
        4645000	       463	80000704	006b6e33	or	x28,x22,x6	 x22:0x00000000  x6:0xfffffd25 x28=0xfffffd25
        4655000	       464	80000708	fdeb91a3	sh	x30,-61(x23)	 x23:0x80008bb7 x30:0x80009fc4 PA:0x80008b7a
        4665000	       465	8000070c	fcfbaea3	sw	x15,-35(x23)	 x23:0x80008bb7 x15:0x00000000 PA:0x80008b94
        4675000	       466	80000710	c0bfc493	xori	x9,x31,-1013	 x31:0x00000000  x9=0xfffffc0b
        4685000	       467	80000714	027b9203	lh	x4,39(x23)	 x23:0x80008bb7  x4=0x00000000 PA:0x80008bde
        4695000	       468	80000718	fdeb8783	lb	x15,-34(x23)	 x23:0x80008bb7 x15=0x00000000 PA:0x80008b95
        4705000	       469	8000071c	fd7bd183	lhu	x3,-41(x23)	 x23:0x80008bb7  x3=0x00000000 PA:0x80008b8e
        4715000	       470	80000720	402a0433	sub	x8,x20,x2	 x20:0x70000000  x2:0x00000000  x8=0x70000000
        4725000	       471	80000724	03db8503	lb	x10,61(x23)	 x23:0x80008bb7 x10=0x00000000 PA:0x80008bf4
        4735000	       472	80000728	fd3b9ca3	sh	x19,-39(x23)	 x23:0x80008bb7 x19:0x00000000 PA:0x80008b90
        4745000	       473	8000072c	01f161b3	or	x3,x2,x31	  x2:0x00000000 x31:0x00000000  x3=0x00000000
        4755000	       474	80000730	031bd083	lhu	x1,49(x23)	 x23:0x80008bb7  x1=0x00000000 PA:0x80008be8
        4765000	       475	80000734	409f5333	sra	x6,x30,x9	 x30:0x80009fc4  x9:0xfffffc0b  x6=0xfff00013
        4775000	       476	80000738	fcab89a3	sb	x10,-45(x23)	 x23:0x80008bb7 x10:0x00000000 PA:0x80008b8a
        4785000	       477	8000073c	00000013	addi	x0,x0,0	  x0:0x00000000
        4795000	       478	80000740	015c4333	xor	x6,x24,x21	 x24:0x00000000 x21:0x0000003b  x6=0x0000003b
        4805000	       479	80000744	fd8b8903	lb	x18,-40(x23)	 x23:0x80008bb7 x18=0x00000000 PA:0x80008b8f
        4815000	       480	80000748	003bd983	lhu	x19,3(x23)	 x23:0x80008bb7 x19=0x00000000 PA:0x80008bba
        4825000	       481	8000074c	00008b97	auipc	x23,0x8	 x23=0x80008748
        4835000	       482	80000750	6eeb8b93	addi	x23,x23,1774	 x23:0x80008748 x23=0x80008e36
        4845000	       483	80000754	e9eb9623	sh	x30,-372(x23)	 x23:0x80008e36 x30:0x80009fc4 PA:0x80008cc2
        4855000	       484	80000758	cd2b8d83	lb	x27,-814(x23)	 x23:0x80008e36 x27=0x00000000 PA:0x80008b08
        4865000	       485	00000000	00000013	addi	x0,x0,0	  x0:0x00000000
        4875000	       486	8000075c	d9bb8683	lb	x13,-613(x23)	 x23:0x80008e36 x13=0x00000000 PA:0x80008bd1
        4885000	       487	80000760	01aab8b3	sltu	x17,x21,x26	 x21:0x0000003b x26:0x00000000 x17=0x00000000
        4895000	       488	80000764	ac8bd303	lhu	x6,-1336(x23)	 x23:0x80008e36  x6=0x00000000 PA:0x800088fe
        4905000	       489	80000768	3d28d717	auipc	x14,0x3d28d	 x14=0xbd28d764
        4915000	       490	8000076c	b25dc093	xori	x1,x27,-1243	 x27:0x00000000  x1=0xfffffb25
        4925000	       491	80000770	be9b8503	lb	x10,-1047(x23)	 x23:0x80008e36 x10=0x00000000 PA:0x80008a1f
        4935000	       492	80000774	065b8703	lb	x14,101(x23)	 x23:0x80008e36 x14=0x00000000 PA:0x80008e9b
        4945000	       493	80000778	00c67033	and	x0,x12,x12	 x12:0x00000000 x12:0x00000000
        4955000	       494	8000077c	a5db8603	lb	x12,-1443(x23)	 x23:0x80008e36 x12=0x00000000 PA:0x80008893
        4965000	       495	80000780	01e126b3	slt	x13,x2,x30	  x2:0x00000000 x30:0x80009fc4 x13=0x00000000
        4975000	       496	80000784	d08b9c83	lh	x25,-760(x23)	 x23:0x80008e36 x25=0x00000000 PA:0x80008b3e
        4985000	       497	80000788	2ef04393	xori	x7,x0,751	  x0:0x00000000  x7=0x000002ef
        4995000	       498	8000078c	000fd113	srli	x2,x31,0x0	 x31:0x00000000  x2=0x00000000
        5005000	       499	80000790	a04b9083	lh	x1,-1532(x23)	 x23:0x80008e36  x1=0x00000000 PA:0x8000883a
        5015000	       500	80000794	04fbc683	lbu	x13,79(x23)	 x23:0x80008e36 x13=0x00000000 PA:0x80008e85
        5025000	       501	80000798	cdcbdd83	lhu	x27,-804(x23)	 x23:0x80008e36 x27=0x00000000 PA:0x80008b12
        5035000	       502	8000079c	00ab8723	sb	x10,14(x23)	 x23:0x80008e36 x10:0x00000000 PA:0x80008e44
        5045000	       503	800007a0	00536633	or	x12,x6,x5	  x6:0x00000000  x5:0x00000000 x12=0x00000000
        5055000	       504	800007a4	a49b8023	sb	x9,-1472(x23)	 x23:0x80008e36  x9:0xfffffc0b PA:0x80008876
        5065000	       505	800007a8	bb8f4613	xori	x12,x30,-1096	 x30:0x80009fc4 x12=0x7fff647c
        5075000	       506	800007ac	d07b8603	lb	x12,-761(x23)	 x23:0x80008e36 x12=0x00000000 PA:0x80008b3d
        5085000	       507	800007b0	01ebda83	lhu	x21,30(x23)	 x23:0x80008e36 x21=0x00000000 PA:0x80008e54
        5095000	       508	800007b4	007f9193	slli	x3,x31,0x7	 x31:0x00000000  x3=0x00000000
        5105000	       509	800007b8	013f5a93	srli	x21,x30,0x13	 x30:0x80009fc4 x21=0x00001000
        5115000	       510	800007bc	b1db8e03	lb	x28,-1251(x23)	 x23:0x80008e36 x28=0x00000000 PA:0x80008953
        5125000	       511	800007c0	fc1ba323	sw	x1,-58(x23)	 x23:0x80008e36  x1:0x00000000 PA:0x80008dfc
        5135000	       512	800007c4	b78b9c03	lh	x24,-1160(x23)	 x23:0x80008e36 x24=0x00000000 PA:0x800089ae
        5145000	       513	800007c8	495dca93	xori	x21,x27,1173	 x27:0x00000000 x21=0x00000495
        5155000	       514	800007cc	0aab2237	lui	x4,0xaab2	  x4=0x0aab2000
        5165000	       515	800007d0	0193aeb3	slt	x29,x7,x25	  x7:0x000002ef x25:0x00000000 x29=0x00000000
        5175000	       516	800007d4	0130bc33	sltu	x24,x1,x19	  x1:0x00000000 x19:0x00000000 x24=0x00000000
        5185000	       517	800007d8	a3bf0e97	auipc	x29,0xa3bf0	 x29=0x23bf07d4
        5195000	       518	800007dc	00cf1b33	sll	x22,x30,x12	 x30:0x80009fc4 x12:0x00000000 x22=0x80009fc4
        5205000	       519	800007e0	ec18d837	lui	x16,0xec18d	 x16=0xec18d000
        5215000	       520	800007e4	01698633	add	x12,x19,x22	 x19:0x00000000 x22:0x80009fc4 x12=0x80009fc4
        5225000	       521	800007e8	9f6b8fa3	sb	x22,-1537(x23)	 x23:0x80008e36 x22:0x80009fc4 PA:0x80008835
        5235000	       522	800007ec	00008997	auipc	x19,0x8	 x19=0x800087e8
        5245000	       523	800007f0	60a98993	addi	x19,x19,1546	 x19:0x800087e8 x19=0x80008df2
        5255000	       524	800007f4	00e9ab23	sw	x14,22(x19)	 x19:0x80008df2 x14:0x00000000 PA:0x80008e08
        5265000	       525	800007f8	fc39c503	lbu	x10,-61(x19)	 x19:0x80008df2 x10=0x00000000 PA:0x80008db5
        5275000	       526	800007fc	019cde33	srl	x28,x25,x25	 x25:0x00000000 x25:0x00000000 x28=0x00000000
        5285000	       527	80000800	feb9a123	sw	x11,-30(x19)	 x19:0x80008df2 x11:0x80009f84 PA:0x80008dd4
        5295000	       528	80000804	03098d03	lb	x26,48(x19)	 x19:0x80008df2 x26=0x00000000 PA:0x80008e22
        5305000	       529	80000808	4152d733	sra	x14,x5,x21	  x5:0x00000000 x21:0x00000495 x14=0x00000000
        5315000	       530	8000080c	0379c283	lbu	x5,55(x19)	 x19:0x80008df2  x5=0x00000000 PA:0x80008e29
        5325000	       531	80000810	00b9c903	lbu	x18,11(x19)	 x19:0x80008df2 x18=0x00000000 PA:0x80008dfd
        5335000	       532	80000814	5aede693	ori	x13,x27,1454	 x27:0x00000000 x13=0x000005ae
        5345000	       533	80000818	0279c883	lbu	x17,39(x19)	 x19:0x80008df2 x17=0x00000000 PA:0x80008e19
        5355000	       534	8000081c	ffa9db83	lhu	x23,-6(x19)	 x19:0x80008df2 x23=0x00000000 PA:0x80008dec
        5365000	       535	80000820	01698103	lb	x2,22(x19)	 x19:0x80008df2  x2=0x00000000 PA:0x80008e08
        5375000	       536	80000824	ffa98323	sb	x26,-26(x19)	 x19:0x80008df2 x26:0x00000000 PA:0x80008dd8
        5385000	       537	80000828	00000013	addi	x0,x0,0	  x0:0x00000000
        5395000	       538	8000082c	db054a13	xori	x20,x10,-592	 x10:0x00000000 x20=0xfffffdb0
        5405000	       539	80000830	00caddb3	srl	x27,x21,x12	 x21:0x00000495 x12:0x80009fc4 x27=0x00000049
        5415000	       540	80000834	fd098323	sb	x16,-58(x19)	 x19:0x80008df2 x16:0xec18d000 PA:0x80008db8
        5425000	       541	80000838	410b54b3	sra	x9,x22,x16	 x22:0x80009fc4 x16:0xec18d000  x9=0x80009fc4
        5435000	       542	8000083c	43144c13	xori	x24,x8,1073	  x8:0x70000000 x24=0x70000431
        5445000	       543	80000840	01b11713	slli	x14,x2,0x1b	  x2:0x00000000 x14=0x00000000
        5455000	       544	80000844	0083c333	xor	x6,x7,x8	  x7:0x000002ef  x8:0x70000000  x6=0x700002ef
        5465000	       545	80000848	0119cc03	lbu	x24,17(x19)	 x19:0x80008df2 x24=0x00000000 PA:0x80008e03
        5475000	       546	8000084c	00000013	addi	x0,x0,0	  x0:0x00000000
        5485000	       547	80000850	016db533	sltu	x10,x27,x22	 x27:0x00000049 x22:0x80009fc4 x10=0x00000001
        5495000	       548	80000854	01498c03	lb	x24,20(x19)	 x19:0x80008df2 x24=0x00000000 PA:0x80008e06
        5505000	       549	80000858	0239c603	lbu	x12,35(x19)	 x19:0x80008df2 x12=0x00000000 PA:0x80008e15
        5515000	       550	8000085c	8c6f6393	ori	x7,x30,-1850	 x30:0x80009fc4  x7=0xffffffc6
        5525000	       551	80000860	d3958e93	addi	x29,x11,-711	 x11:0x80009f84 x29=0x80009cbd
        5535000	       552	80000864	0152c0b3	xor	x1,x5,x21	  x5:0x00000000 x21:0x00000495  x1=0x00000495
        5545000	       553	80000868	ffc99e83	lh	x29,-4(x19)	 x19:0x80008df2 x29=0x00000000 PA:0x80008dee
        5555000	       554	8000086c	fd8981a3	sb	x24,-61(x19)	 x19:0x80008df2 x24:0x00000000 PA:0x80008db5
        5565000	       555	80000870	4eaceb13	ori	x22,x25,1258	 x25:0x00000000 x22=0x000004ea
        5575000	       556	80000874	037980a3	sb	x23,33(x19)	 x19:0x80008df2 x23:0x00000000 PA:0x80008e13
        5585000	       557	80000878	00e66633	or	x12,x12,x14	 x12:0x00000000 x14:0x00000000 x12=0x00000000
        5595000	       558	8000087c	fc598003	lb	x0,-59(x19)	 x19:0x80008df2 PA:0x80008db7
        5605000	       559	80000880	4122d493	srai	x9,x5,0x12	  x5:0x00000000  x9=0x00000000
        5615000	       560	80000884	0319c283	lbu	x5,49(x19)	 x19:0x80008df2  x5=0x00000000 PA:0x80008e23
        5625000	       561	80000888	02e9c183	lbu	x3,46(x19)	 x19:0x80008df2  x3=0x00000000 PA:0x80008e20
        5635000	       562	8000088c	bc5ff113	andi	x2,x31,-1083	 x31:0x00000000  x2=0x00000000
        5645000	       563	80000890	0090a6b3	slt	x13,x1,x9	  x1:0x00000495  x9:0x00000000 x13=0x00000000
        5655000	       564	80000894	fdd9c303	lbu	x6,-35(x19)	 x19:0x80008df2  x6=0x00000000 PA:0x80008dcf
        5665000	       565	80000898	ff4d2c97	auipc	x25,0xff4d2	 x25=0x7f4d2894
        5675000	       566	8000089c	fe899203	lh	x4,-24(x19)	 x19:0x80008df2  x4=0x00000000 PA:0x80008dda
        5685000	       567	800008a0	00399123	sh	x3,2(x19)	 x19:0x80008df2  x3:0x00000000 PA:0x80008df4
        5695000	       568	800008a4	41fddb33	sra	x22,x27,x31	 x27:0x00000049 x31:0x00000000 x22=0x00000049
        5705000	       569	800008a8	03c98b03	lb	x22,60(x19)	 x19:0x80008df2 x22=0x00000000 PA:0x80008e2e
        5715000	       570	800008ac	14f4b493	sltiu	x9,x9,335	  x9:0x00000000  x9=0x00000001
        5725000	       571	800008b0	e58f8313	addi	x6,x31,-424	 x31:0x00000000  x6=0xfffffe58
        5735000	       572	800008b4	01073133	sltu	x2,x14,x16	 x14:0x00000000 x16:0xec18d000  x2=0x00000001
        5745000	       573	800008b8	00686833	or	x16,x16,x6	 x16:0xec18d000  x6:0xfffffe58 x16=0xfffffe58
        5755000	       574	800008bc	fe79c283	lbu	x5,-25(x19)	 x19:0x80008df2  x5=0x00000000 PA:0x80008dd9
        5765000	       575	800008c0	ffa9dc03	lhu	x24,-6(x19)	 x19:0x80008df2 x24=0x00000000 PA:0x80008dec
        5775000	       576	800008c4	00008117	auipc	x2,0x8	  x2=0x800088c0
        5785000	       577	800008c8	98710113	addi	x2,x2,-1657	  x2:0x800088c0  x2=0x80008247
        5795000	       578	800008cc	03011ca3	sh	x16,57(x2)	  x2:0x80008247 x16:0xfffffe58 PA:0x80008280
        5805000	       579	800008d0	01826433	or	x8,x4,x24	  x4:0x00000000 x24:0x00000000  x8=0x00000000
        5815000	       580	800008d4	001488b3	add	x17,x9,x1	  x9:0x00000001  x1:0x00000495 x17=0x00000496
        5825000	       581	800008d8	00ba9413	slli	x8,x21,0xb	 x21:0x00000495  x8=0x0024a800
        5835000	       582	800008dc	fdf15603	lhu	x12,-33(x2)	  x2:0x80008247 x12=0x00000000 PA:0x80008226
        5845000	       583	00000000	00000013	addi	x0,x0,0	  x0:0x00000000
        5855000	       584	800008e0	00c14d83	lbu	x27,12(x2)	  x2:0x80008247 x27=0x00000000 PA:0x80008253
        5865000	       585	00000000	00000013	addi	x0,x0,0	  x0:0x00000000
        5875000	       586	800008e4	41bad993	srai	x19,x21,0x1b	 x21:0x00000495 x19=0x00000000
        5885000	       587	800008e8	02d14d03	lbu	x26,45(x2)	  x2:0x80008247 x26=0x00000000 PA:0x80008274
        5895000	       588	800008ec	016df233	and	x4,x27,x22	 x27:0x00000000 x22:0x00000000  x4=0x00000000
        5905000	       589	800008f0	01810323	sb	x24,6(x2)	  x2:0x80008247 x24:0x00000000 PA:0x8000824d
        5915000	       590	800008f4	00faacb3	slt	x25,x21,x15	 x21:0x00000495 x15:0x00000000 x25=0x00000000
        5925000	       591	800008f8	00189193	slli	x3,x17,0x1	 x17:0x00000496  x3=0x0000092c
        5935000	       592	800008fc	016ff333	and	x6,x31,x22	 x31:0x00000000 x22:0x00000000  x6=0x00000000
        5945000	       593	80000900	1c2fc3b7	lui	x7,0x1c2fc	  x7=0x1c2fc000
        5955000	       594	80000904	03010a03	lb	x20,48(x2)	  x2:0x80008247 x20=0x00000000 PA:0x80008277
        5965000	       595	80000908	fda104a3	sb	x26,-55(x2)	  x2:0x80008247 x26:0x00000000 PA:0x80008210
        5975000	       596	8000090c	04014c83	lbu	x25,64(x2)	  x2:0x80008247 x25=0x00000000 PA:0x80008287
        5985000	       597	80000910	188d4193	xori	x3,x26,392	 x26:0x00000000  x3=0x00000188
        5995000	       598	80000914	db0dc613	xori	x12,x27,-592	 x27:0x00000000 x12=0xfffffdb0
        6005000	       599	80000918	b6a07613	andi	x12,x0,-1174	  x0:0x00000000 x12=0x00000000
        6015000	       600	8000091c	01038bb3	add	x23,x7,x16	  x7:0x1c2fc000 x16:0xfffffe58 x23=0x1c2fbe58
        6025000	       601	80000920	bc72e913	ori	x18,x5,-1081	  x5:0x00000000 x18=0xfffffbc7
        6035000	       602	80000924	00515383	lhu	x7,5(x2)	  x2:0x80008247  x7=0x00000000 PA:0x8000824c
        6045000	       603	80000928	02114183	lbu	x3,33(x2)	  x2:0x80008247  x3=0x00000000 PA:0x80008268
        6055000	       604	8000092c	40f05313	srai	x6,x0,0xf	  x0:0x00000000  x6=0x00000000
        6065000	       605	80000930	fce10283	lb	x5,-50(x2)	  x2:0x80008247  x5=0x00000000 PA:0x80008215
        6075000	       606	80000934	b616be93	sltiu	x29,x13,-1183	 x13:0x00000000 x29=0x00000001
        6085000	       607	80000938	8003e417	auipc	x8,0x8003e	  x8=0x0003e934
        6095000	       608	8000093c	02915983	lhu	x19,41(x2)	  x2:0x80008247 x19=0x00000000 PA:0x80008270
        6105000	       609	80000940	00a0ad33	slt	x26,x1,x10	  x1:0x00000495 x10:0x00000001 x26=0x00000000
        6115000	       610	80000944	009a9d93	slli	x27,x21,0x9	 x21:0x00000495 x27=0x00092a00
        6125000	       611	80000948	f0f52793	slti	x15,x10,-241	 x10:0x00000001 x15=0x00000000
        6135000	       612	8000094c	04010a03	lb	x20,64(x2)	  x2:0x80008247 x20=0x00000000 PA:0x80008287
        6145000	       613	80000950	02014c83	lbu	x25,32(x2)	  x2:0x80008247 x25=0x00000000 PA:0x80008267
        6155000	       614	80000954	00f05a93	srli	x21,x0,0xf	  x0:0x00000000 x21=0x00000000
        6165000	       615	80000958	209ae213	ori	x4,x21,521	 x21:0x00000000  x4=0x00000209
        6175000	       616	8000095c	00000013	addi	x0,x0,0	  x0:0x00000000
        6185000	       617	80000960	fec14c03	lbu	x24,-20(x2)	  x2:0x80008247 x24=0x00000000 PA:0x80008233
        6195000	       618	80000964	005a90b3	sll	x1,x21,x5	 x21:0x00000000  x5:0x00000000  x1=0x00000000
        6205000	       619	80000968	e9902837	lui	x16,0xe9902	 x16=0xe9902000
        6215000	       620	8000096c	00845eb3	srl	x29,x8,x8	  x8:0x0003e934  x8:0x0003e934 x29=0x00000000
        6225000	       621	80000970	0199e2b3	or	x5,x19,x25	 x19:0x00000000 x25:0x00000000  x5=0x00000000
        6235000	       622	80000974	b0f3c413	xori	x8,x7,-1265	  x7:0x00000000  x8=0xfffffb0f
        6245000	       623	80000978	015a1833	sll	x16,x20,x21	 x20:0x00000000 x21:0x00000000 x16=0x00000000
        6255000	       624	8000097c	417cde13	srai	x28,x25,0x17	 x25:0x00000000 x28=0x00000000
        6265000	       625	80000980	00e10e83	lb	x29,14(x2)	  x2:0x80008247 x29=0x00000000 PA:0x80008255
        6275000	       626	80000984	00008717	auipc	x14,0x8	 x14=0x80008980
        6285000	       627	80000988	f3570713	addi	x14,x14,-203	 x14:0x80008980 x14=0x800088b5
        6295000	       628	8000098c	771b6813	ori	x16,x22,1905	 x22:0x00000000 x16=0x00000771
        6305000	       629	80000990	b4c469b7	lui	x19,0xb4c46	 x19=0xb4c46000
        6315000	       630	80000994	00c70483	lb	x9,12(x14)	 x14:0x800088b5  x9=0x00000000 PA:0x800088c1
        6325000	       631	80000998	c3c46e13	ori	x28,x8,-964	  x8:0xfffffb0f x28=0xffffff3f
        6335000	       632	8000099c	c3f24313	xori	x6,x4,-961	  x4:0x00000209  x6=0xfffffe36
        6345000	       633	800009a0	00000013	addi	x0,x0,0	  x0:0x00000000
        6355000	       634	800009a4	00d07333	and	x6,x0,x13	  x0:0x00000000 x13:0x00000000  x6=0x00000000
        6365000	       635	800009a8	00574b83	lbu	x23,5(x14)	 x14:0x800088b5 x23=0x00000000 PA:0x800088ba
        6375000	       636	800009ac	00d70a03	lb	x20,13(x14)	 x14:0x800088b5 x20=0x00000000 PA:0x800088c2
        6385000	       637	800009b0	011703a3	sb	x17,7(x14)	 x14:0x800088b5 x17:0x00000496 PA:0x800088bc
        6395000	       638	800009b4	00171c83	lh	x25,1(x14)	 x14:0x800088b5 x25=0x00000000 PA:0x800088b6
        6405000	       639	800009b8	ff470c03	lb	x24,-12(x14)	 x14:0x800088b5 x24=0x00000000 PA:0x800088a9
        6415000	       640	800009bc	ff071da3	sh	x16,-5(x14)	 x14:0x800088b5 x16:0x00000771 PA:0x800088b0
        6425000	       641	800009c0	80534893	xori	x17,x6,-2043	  x6:0x00000000 x17=0xfffff805
        6435000	       642	800009c4	d2044293	xori	x5,x8,-736	  x8:0xfffffb0f  x5=0x0000062f
        6445000	       643	800009c8	00e74e03	lbu	x28,14(x14)	 x14:0x800088b5 x28=0x00000000 PA:0x800088c3
        6455000	       644	00000000	00000013	addi	x0,x0,0	  x0:0x00000000
        6465000	       645	800009cc	017e5d13	srli	x26,x28,0x17	 x28:0x00000000 x26=0x00000000
        6475000	       646	800009d0	0fc5ba13	sltiu	x20,x11,252	 x11:0x80009f84 x20=0x00000000
        6485000	       647	800009d4	00d75503	lhu	x10,13(x14)	 x14:0x800088b5 x10=0x00000000 PA:0x800088c2
        6495000	       648	800009d8	00e705a3	sb	x14,11(x14)	 x14:0x800088b5 x14:0x800088b5 PA:0x800088c0
        6505000	       649	800009dc	01059013	slli	x0,x11,0x10	 x11:0x80009f84
        6515000	       650	800009e0	00ae82b3	add	x5,x29,x10	 x29:0x00000000 x10:0x00000000  x5=0x00000000
        6525000	       651	800009e4	00d74383	lbu	x7,13(x14)	 x14:0x800088b5  x7=0x00000000 PA:0x800088c2
        6535000	       652	800009e8	0014d213	srli	x4,x9,0x1	  x9:0x00000000  x4=0x00000000
        6545000	       653	800009ec	fe370823	sb	x3,-16(x14)	 x14:0x800088b5  x3:0x00000000 PA:0x800088a5
        6555000	       654	800009f0	ffe74b03	lbu	x22,-2(x14)	 x14:0x800088b5 x22=0x00000000 PA:0x800088b3
        6565000	       655	800009f4	ffe74803	lbu	x16,-2(x14)	 x14:0x800088b5 x16=0x00000000 PA:0x800088b3
        6575000	       656	800009f8	01ae58b3	srl	x17,x28,x26	 x28:0x00000000 x26:0x00000000 x17=0x00000000
        6585000	       657	800009fc	00372303	lw	x6,3(x14)	 x14:0x800088b5  x6=0x00000000 PA:0x800088b8
        6595000	       658	80000a00	ff975783	lhu	x15,-7(x14)	 x14:0x800088b5 x15=0x00000000 PA:0x800088ae
        6605000	       659	80000a04	01139ab3	sll	x21,x7,x17	  x7:0x00000000 x17:0x00000000 x21=0x00000000
        6615000	       660	80000a08	ff775003	lhu	x0,-9(x14)	 x14:0x800088b5 PA:0x800088ac
        6625000	       661	80000a0c	00d70323	sb	x13,6(x14)	 x14:0x800088b5 x13:0x00000000 PA:0x800088bb
        6635000	       662	80000a10	004b3b33	sltu	x22,x22,x4	 x22:0x00000000  x4:0x00000000 x22=0x00000000
        6645000	       663	80000a14	01485613	srli	x12,x16,0x14	 x16:0x00000000 x12=0x00000000
        6655000	       664	80000a18	5eca2bb7	lui	x23,0x5eca2	 x23=0x5eca2000
        6665000	       665	80000a1c	ff371283	lh	x5,-13(x14)	 x14:0x800088b5  x5=0x00000000 PA:0x800088a8
        6675000	       666	80000a20	40bc56b3	sra	x13,x24,x11	 x24:0x00000000 x11:0x80009f84 x13=0x00000000
        6685000	       667	80000a24	ffd74e03	lbu	x28,-3(x14)	 x14:0x800088b5 x28=0x00000000 PA:0x800088b2
        6695000	       668	80000a28	00774903	lbu	x18,7(x14)	 x14:0x800088b5 x18=0x00000096 PA:0x800088bc
        6705000	       669	80000a2c	ff375683	lhu	x13,-13(x14)	 x14:0x800088b5 x13=0x00000000 PA:0x800088a8
        6715000	       670	80000a30	00008917	auipc	x18,0x8	 x18=0x80008a2c
        6725000	       671	80000a34	15090913	addi	x18,x18,336	 x18:0x80008a2c x18=0x80008b7c
        6735000	       672	80000a38	412900b3	sub	x1,x18,x18	 x18:0x80008b7c x18:0x80008b7c  x1=0x00000000
        6745000	       673	80000a3c	407ddb93	srai	x23,x27,0x7	 x27:0x00092a00 x23=0x00001254
        6755000	       674	80000a40	efc91e83	lh	x29,-260(x18)	 x18:0x80008b7c x29=0x00000000 PA:0x80008a78
        6765000	       675	80000a44	d8a95b03	lhu	x22,-630(x18)	 x18:0x80008b7c x22=0x00000000 PA:0x80008906
        6775000	       676	80000a48	e9e901a3	sb	x30,-381(x18)	 x18:0x80008b7c x30:0x80009fc4 PA:0x800089ff
        6785000	       677	80000a4c	fe790d23	sb	x7,-6(x18)	 x18:0x80008b7c  x7:0x00000000 PA:0x80008b76
        6795000	       678	80000a50	11c91683	lh	x13,284(x18)	 x18:0x80008b7c x13=0x00000000 PA:0x80008c98
        6805000	       679	80000a54	d6495303	lhu	x6,-668(x18)	 x18:0x80008b7c  x6=0x00000000 PA:0x800088e0
        6815000	       680	80000a58	16d94c03	lbu	x24,365(x18)	 x18:0x80008b7c x24=0x00000000 PA:0x80008ce9
        6825000	       681	80000a5c	4097d533	sra	x10,x15,x9	 x15:0x00000000  x9:0x00000000 x10=0x00000000
        6835000	       682	80000a60	7d81ca37	lui	x20,0x7d81c	 x20=0x7d81c000
        6845000	       683	80000a64	f80908a3	sb	x0,-111(x18)	 x18:0x80008b7c  x0:0x00000000 PA:0x80008b0d
        6855000	       684	80000a68	1e794383	lbu	x7,487(x18)	 x18:0x80008b7c  x7=0x00000000 PA:0x80008d63
        6865000	       685	80000a6c	00652b33	slt	x22,x10,x6	 x10:0x00000000  x6:0x00000000 x22=0x00000000
        6875000	       686	80000a70	e1090d03	lb	x26,-496(x18)	 x18:0x80008b7c x26=0x00000000 PA:0x8000898c
        6885000	       687	80000a74	74a1e193	ori	x3,x3,1866	  x3:0x00000000  x3=0x0000074a
        6895000	       688	80000a78	016b4ab3	xor	x21,x22,x22	 x22:0x00000000 x22:0x00000000 x21=0x00000000
        6905000	       689	80000a7c	e5f909a3	sb	x31,-429(x18)	 x18:0x80008b7c x31:0x00000000 PA:0x800089cf
        6915000	       690	80000a80	3f594b83	lbu	x23,1013(x18)	 x18:0x80008b7c x23=0x00000000 PA:0x80008f71
        6925000	       691	80000a84	3b895483	lhu	x9,952(x18)	 x18:0x80008b7c  x9=0x00000000 PA:0x80008f34
        6935000	       692	80000a88	0123e0b3	or	x1,x7,x18	  x7:0x00000000 x18:0x80008b7c  x1=0x80008b7c
        6945000	       693	80000a8c	77627313	andi	x6,x4,1910	  x4:0x00000000  x6=0x00000000
        6955000	       694	80000a90	09090e23	sb	x16,156(x18)	 x18:0x80008b7c x16:0x00000000 PA:0x80008c18
        6965000	       695	80000a94	01012433	slt	x8,x2,x16	  x2:0x80008247 x16:0x00000000  x8=0x00000001
        6975000	       696	80000a98	404a8533	sub	x10,x21,x4	 x21:0x00000000  x4:0x00000000 x10=0x00000000
        6985000	       697	80000a9c	fc794383	lbu	x7,-57(x18)	 x18:0x80008b7c  x7=0x00000000 PA:0x80008b43
        6995000	       698	80000aa0	e8090423	sb	x0,-376(x18)	 x18:0x80008b7c  x0:0x00000000 PA:0x80008a04
        7005000	       699	80000aa4	d8158d93	addi	x27,x11,-639	 x11:0x80009f84 x27=0x80009d05
        7015000	       700	80000aa8	34c907a3	sb	x12,847(x18)	 x18:0x80008b7c x12:0x00000000 PA:0x80008ecb
        7025000	       701	80000aac	c14d1d97	auipc	x27,0xc14d1	 x27=0x414d1aa8
        7035000	       702	80000ab0	004dfbb3	and	x23,x27,x4	 x27:0x414d1aa8  x4:0x00000000 x23=0x00000000
        7045000	       703	80000ab4	d4b90623	sb	x11,-692(x18)	 x18:0x80008b7c x11:0x80009f84 PA:0x800088c8
        7055000	       704	80000ab8	fed94803	lbu	x16,-19(x18)	 x18:0x80008b7c x16=0x00000000 PA:0x80008b69
        7065000	       705	80000abc	00df36b3	sltu	x13,x30,x13	 x30:0x80009fc4 x13:0x00000000 x13=0x00000000
        7075000	       706	80000ac0	cbb94083	lbu	x1,-837(x18)	 x18:0x80008b7c  x1=0x00000000 PA:0x80008837
        7085000	       707	80000ac4	fd690303	lb	x6,-42(x18)	 x18:0x80008b7c  x6=0x00000000 PA:0x80008b52
        7095000	       708	80000ac8	002cf9b3	and	x19,x25,x2	 x25:0x00000000  x2:0x80008247 x19=0x00000000
        7105000	       709	80000acc	44e90c23	sb	x14,1112(x18)	 x18:0x80008b7c x14:0x800088b5 PA:0x80008fd4
        7115000	       710	80000ad0	41175d93	srai	x27,x14,0x11	 x14:0x800088b5 x27=0xffffc000
        7125000	       711	80000ad4	2a891503	lh	x10,680(x18)	 x18:0x80008b7c x10=0x00000000 PA:0x80008e24
        7135000	       712	80000ad8	00000013	addi	x0,x0,0	  x0:0x00000000
        7145000	       713	80000adc	22c6a737	lui	x14,0x22c6a	 x14=0x22c6a000
        7155000	       714	80000ae0	0c390183	lb	x3,195(x18)	 x18:0x80008b7c  x3=0x00000000 PA:0x80008c3f
        7165000	       715	80000ae4	01490c83	lb	x25,20(x18)	 x18:0x80008b7c x25=0x00000000 PA:0x80008b90
        7175000	       716	80000ae8	01eab033	sltu	x0,x21,x30	 x21:0x00000000 x30:0x80009fc4
        7185000	       717	80000aec	3c790983	lb	x19,967(x18)	 x18:0x80008b7c x19=0x00000000 PA:0x80008f43
        7195000	       718	80000af0	06f58eb7	lui	x29,0x6f58	 x29=0x06f58000
        7205000	       719	80000af4	03001263	bne	x0,x16,80000b18	  x0:0x00000000 x16:0x00000000
        7215000	       720	80000af8	00eaa633	slt	x12,x21,x14	 x21:0x00000000 x14:0x22c6a000 x12=0x00000001
        7225000	       721	80000afc	400bd8b3	sra	x17,x23,x0	 x23:0x00000000  x0:0x00000000 x17=0x00000000
        7235000	       722	80000b00	017f98b3	sll	x17,x31,x23	 x31:0x00000000 x23:0x00000000 x17=0x00000000
        7245000	       723	80000b04	e56a7c13	andi	x24,x20,-426	 x20:0x7d81c000 x24=0x7d81c000
        7255000	       724	80000b08	eee54537	lui	x10,0xeee54	 x10=0xeee54000
        7265000	       725	80000b0c	27118913	addi	x18,x3,625	  x3:0x00000000 x18=0x00000271
        7275000	       726	80000b10	01a1e2b3	or	x5,x3,x26	  x3:0x00000000 x26:0x00000000  x5=0x00000000
        7285000	       727	80000b14	00405333	srl	x6,x0,x4	  x0:0x00000000  x4:0x00000000  x6=0x00000000
        7295000	       728	80000b18	6c807b13	andi	x22,x0,1736	  x0:0x00000000 x22=0x00000000
        7305000	       729	80000b1c	a9bf6213	ori	x4,x30,-1381	 x30:0x80009fc4  x4=0xffffffdf
        7315000	       730	80000b20	00005413	srli	x8,x0,0x0	  x0:0x00000000  x8=0x00000000
        7325000	       731	80000b24	00e45263	bge	x8,x14,80000b28	  x8:0x00000000 x14:0x22c6a000
        7335000	       732	80000b28	00baa433	slt	x8,x21,x11	 x21:0x00000000 x11:0x80009f84  x8=0x00000000
        7345000	       733	80000b2c	0045cdb3	xor	x27,x11,x4	 x11:0x80009f84  x4:0xffffffdf x27=0x7fff605b
        7355000	       734	80000b30	04eee663	bltu	x29,x14,80000b7c	 x29:0x06f58000 x14:0x22c6a000
        7365000	       735	00000000	00000013	addi	x0,x0,0	  x0:0x00000000
        7375000	       736	80000b78	00000013	addi	x0,x0,0	  x0:0x00000000
        7385000	       737	80000b7c	413a0c33	sub	x24,x20,x19	 x20:0x7d81c000 x19:0x00000000 x24=0x7d81c000
        7395000	       738	80000b80	01204c33	xor	x24,x0,x18	  x0:0x00000000 x18:0x00000271 x24=0x00000271
        7405000	       739	80000b84	00bd1d93	slli	x27,x26,0xb	 x26:0x00000000 x27=0x00000000
        7415000	       740	80000b88	013ed713	srli	x14,x29,0x13	 x29:0x06f58000 x14=0x000000de
        7425000	       741	80000b8c	672874b7	lui	x9,0x67287	  x9=0x67287000
        7435000	       742	80000b90	00da68b3	or	x17,x20,x13	 x20:0x7d81c000 x13:0x00000000 x17=0x7d81c000
        7445000	       743	80000b94	d84c7493	andi	x9,x24,-636	 x24:0x00000271  x9=0x00000000
        7455000	       744	80000b98	9df5e037	lui	x0,0x9df5e	
        7465000	       745	80000b9c	0358c063	blt	x17,x21,80000bbc	 x17:0x7d81c000 x21:0x00000000
        7475000	       746	80000ba0	01b19c63	bne	x3,x27,80000bb8	  x3:0x00000000 x27:0x00000000
        7485000	       747	80000ba4	00773ab3	sltu	x21,x14,x7	 x14:0x000000de  x7:0x00000000 x21=0x00000000
        7495000	       748	80000ba8	b01a5897	auipc	x17,0xb01a5	 x17=0x301a5ba4
        7505000	       749	80000bac	045ef063	bgeu	x29,x5,80000bec	 x29:0x06f58000  x5:0x00000000
        7515000	       750	00000000	00000013	addi	x0,x0,0	  x0:0x00000000
        7525000	       751	80000be8	00000013	addi	x0,x0,0	  x0:0x00000000
        7535000	       752	80000bec	402dd233	sra	x4,x27,x2	 x27:0x00000000  x2:0x80008247  x4=0x00000000
        7545000	       753	80000bf0	00888433	add	x8,x17,x8	 x17:0x301a5ba4  x8:0x00000000  x8=0x301a5ba4
        7555000	       754	80000bf4	00000013	addi	x0,x0,0	  x0:0x00000000
        7565000	       755	80000bf8	01219c33	sll	x24,x3,x18	  x3:0x00000000 x18:0x00000271 x24=0x00000000
        7575000	       756	80000bfc	41aa5db3	sra	x27,x20,x26	 x20:0x7d81c000 x26:0x00000000 x27=0x7d81c000
        7585000	       757	80000c00	054bc863	blt	x23,x20,80000c50	 x23:0x00000000 x20:0x7d81c000
        7595000	       758	00000000	00000013	addi	x0,x0,0	  x0:0x00000000
        7605000	       759	80000c4c	00000013	addi	x0,x0,0	  x0:0x00000000
        7615000	       760	80000c50	01e75813	srli	x16,x14,0x1e	 x14:0x000000de x16=0x00000000
        7625000	       761	80000c54	4081da93	srai	x21,x3,0x8	  x3:0x00000000 x21=0x00000000
        7635000	       762	80000c58	92ffea13	ori	x20,x31,-1745	 x31:0x00000000 x20=0xfffff92f
        7645000	       763	80000c5c	7410f513	andi	x10,x1,1857	  x1:0x00000000 x10=0x00000000
        7655000	       764	80000c60	009b8263	beq	x23,x9,80000c64	 x23:0x00000000  x9:0x00000000
        7665000	       765	00000000	00000013	addi	x0,x0,0	  x0:0x00000000
        7675000	       766	80000c60	00000013	addi	x0,x0,0	  x0:0x00000000
        7685000	       767	80000c64	a770c093	xori	x1,x1,-1417	  x1:0x00000000  x1=0xfffffa77
        7695000	       768	80000c68	6af9be13	sltiu	x28,x19,1711	 x19:0x00000000 x28=0x00000001
        7705000	       769	80000c6c	004a2d33	slt	x26,x20,x4	 x20:0xfffff92f  x4:0x00000000 x26=0x00000001
        7715000	       770	80000c70	001c9233	sll	x4,x25,x1	 x25:0x00000000  x1:0xfffffa77  x4=0x00000000
        7725000	       771	80000c74	3139e713	ori	x14,x19,787	 x19:0x00000000 x14=0x00000313
        7735000	       772	80000c78	00b27533	and	x10,x4,x11	  x4:0x00000000 x11:0x80009f84 x10=0x00000000
        7745000	       773	80000c7c	415400b3	sub	x1,x8,x21	  x8:0x301a5ba4 x21:0x00000000  x1=0x301a5ba4
        7755000	       774	80000c80	02641a63	bne	x8,x6,80000cb4	  x8:0x301a5ba4  x6:0x00000000
        7765000	       775	00000000	00000013	addi	x0,x0,0	  x0:0x00000000
        7775000	       776	80000cb0	00000013	addi	x0,x0,0	  x0:0x00000000
        7785000	       777	80000cb4	01335113	srli	x2,x6,0x13	  x6:0x00000000  x2=0x00000000
        7795000	       778	80000cb8	05f68863	beq	x13,x31,80000d08	 x13:0x00000000 x31:0x00000000
        7805000	       779	00000000	00000013	addi	x0,x0,0	  x0:0x00000000
        7815000	       780	80000d04	00000013	addi	x0,x0,0	  x0:0x00000000
        7825000	       781	80000d08	053cc197	auipc	x3,0x53cc	  x3=0x853ccd04
        7835000	       782	80000d0c	b74a4d17	auipc	x26,0xb74a4	 x26=0x374a4d08
        7845000	       783	80000d10	00e0c3b3	xor	x7,x1,x14	  x1:0x301a5ba4 x14:0x00000313  x7=0x301a58b7
        7855000	       784	80000d14	01265a13	srli	x20,x12,0x12	 x12:0x00000001 x20=0x00000000
        7865000	       785	80000d18	b3c761b7	lui	x3,0xb3c76	  x3=0xb3c76000
        7875000	       786	80000d1c	414ed033	sra	x0,x29,x20	 x29:0x06f58000 x20:0x00000000
        7885000	       787	80000d20	03267663	bgeu	x12,x18,80000d4c	 x12:0x00000001 x18:0x00000271
        7895000	       788	80000d24	40dd8933	sub	x18,x27,x13	 x27:0x7d81c000 x13:0x00000000 x18=0x7d81c000
        7905000	       789	80000d28	416953b3	sra	x7,x18,x22	 x18:0x7d81c000 x22:0x00000000  x7=0x7d81c000
        7915000	       790	80000d2c	10fc4613	xori	x12,x24,271	 x24:0x00000000 x12=0x0000010f
        7925000	       791	80000d30	0153dd33	srl	x26,x7,x21	  x7:0x7d81c000 x21:0x00000000 x26=0x7d81c000
        7935000	       792	80000d34	4a5c8993	addi	x19,x25,1189	 x25:0x00000000 x19=0x000004a5
        7945000	       793	80000d38	03f5dc63	bge	x11,x31,80000d70	 x11:0x80009f84 x31:0x00000000
        7955000	       794	80000d3c	00065c93	srli	x25,x12,0x0	 x12:0x0000010f x25=0x0000010f
        7965000	       795	80000d40	02ae8663	beq	x29,x10,80000d6c	 x29:0x06f58000 x10:0x00000000
        7975000	       796	80000d44	00000013	addi	x0,x0,0	  x0:0x00000000
        7985000	       797	80000d48	045c6263	bltu	x24,x5,80000d8c	 x24:0x00000000  x5:0x00000000
        7995000	       798	80000d4c	9048f213	andi	x4,x17,-1788	 x17:0x301a5ba4  x4=0x301a5904
        8005000	       799	80000d50	8d143913	sltiu	x18,x8,-1839	  x8:0x301a5ba4 x18=0x00000001
        8015000	       800	80000d54	015b1913	slli	x18,x22,0x15	 x22:0x00000000 x18=0x00000000
        8025000	       801	80000d58	017f1813	slli	x16,x30,0x17	 x30:0x80009fc4 x16=0xe2000000
        8035000	       802	80000d5c	63d7c193	xori	x3,x15,1597	 x15:0x00000000  x3=0x0000063d
        8045000	       803	80000d60	01bc71b3	and	x3,x24,x27	 x24:0x00000000 x27:0x7d81c000  x3=0x00000000
        8055000	       804	80000d64	01105c33	srl	x24,x0,x17	  x0:0x00000000 x17:0x301a5ba4 x24=0x00000000
        8065000	       805	80000d68	003e2cb3	slt	x25,x28,x3	 x28:0x00000001  x3:0x00000000 x25=0x00000000
        8075000	       806	80000d6c	00000013	addi	x0,x0,0	  x0:0x00000000
        8085000	       807	80000d70	05b34863	blt	x6,x27,80000dc0	  x6:0x00000000 x27:0x7d81c000
        8095000	       808	00000000	00000013	addi	x0,x0,0	  x0:0x00000000
        8105000	       809	80000dbc	00000013	addi	x0,x0,0	  x0:0x00000000
        8115000	       810	80000dc0	058a0863	beq	x20,x24,80000e10	 x20:0x00000000 x24:0x00000000
        8125000	       811	00000000	00000013	addi	x0,x0,0	  x0:0x00000000
        8135000	       812	80000e0c	00000013	addi	x0,x0,0	  x0:0x00000000
        8145000	       813	80000e10	01dec663	blt	x29,x29,80000e1c	 x29:0x06f58000 x29:0x06f58000
        8155000	       814	80000e14	40f95c13	srai	x24,x18,0xf	 x18:0x00000000 x24=0x00000000
        8165000	       815	80000e18	0e898913	addi	x18,x19,232	 x19:0x000004a5 x18=0x0000058d
        8175000	       816	80000e1c	001839b3	sltu	x19,x16,x1	 x16:0xe2000000  x1:0x301a5ba4 x19=0x00000000
        8185000	       817	80000e20	40218033	sub	x0,x3,x2	  x3:0x00000000  x2:0x00000000
        8195000	       818	80000e24	dbeaf113	andi	x2,x21,-578	 x21:0x00000000  x2=0x00000000
        8205000	       819	80000e28	eb418a37	lui	x20,0xeb418	 x20=0xeb418000
        8215000	       820	80000e2c	00fc8c33	add	x24,x25,x15	 x25:0x00000000 x15:0x00000000 x24=0x00000000
        8225000	       821	80000e30	416f80b3	sub	x1,x31,x22	 x31:0x00000000 x22:0x00000000  x1=0x00000000
        8235000	       822	80000e34	00d72eb3	slt	x29,x14,x13	 x14:0x00000313 x13:0x00000000 x29=0x00000000
        8245000	       823	80000e38	019eab33	slt	x22,x29,x25	 x29:0x00000000 x25:0x00000000 x22=0x00000000
        8255000	       824	80000e3c	0047d633	srl	x12,x15,x4	 x15:0x00000000  x4:0x301a5904 x12=0x00000000
        8265000	       825	80000e40	00144833	xor	x16,x8,x1	  x8:0x301a5ba4  x1:0x00000000 x16=0x301a5ba4
        8275000	       826	80000e44	02d1f263	bgeu	x3,x13,80000e68	  x3:0x00000000 x13:0x00000000
        8285000	       827	00000000	00000013	addi	x0,x0,0	  x0:0x00000000
        8295000	       828	80000e64	00000013	addi	x0,x0,0	  x0:0x00000000
        8305000	       829	80000e68	011d8733	add	x14,x27,x17	 x27:0x7d81c000 x17:0x301a5ba4 x14=0xad9c1ba4
        8315000	       830	80000e6c	017f82b3	add	x5,x31,x23	 x31:0x00000000 x23:0x00000000  x5=0x00000000
        8325000	       831	80000e70	c68fc8b7	lui	x17,0xc68fc	 x17=0xc68fc000
        8335000	       832	80000e74	04561263	bne	x12,x5,80000eb8	 x12:0x00000000  x5:0x00000000
        8345000	       833	80000e78	00000013	addi	x0,x0,0	  x0:0x00000000
        8355000	       834	80000e7c	0b246ab7	lui	x21,0xb246	 x21=0x0b246000
        8365000	       835	80000e80	abe87b93	andi	x23,x16,-1346	 x16:0x301a5ba4 x23=0x301a5aa4
        8375000	       836	80000e84	001d36b3	sltu	x13,x26,x1	 x26:0x7d81c000  x1:0x00000000 x13=0x00000000
        8385000	       837	80000e88	96118037	lui	x0,0x96118	
        8395000	       838	80000e8c	028a5c63	bge	x20,x8,80000ec4	 x20:0xeb418000  x8:0x301a5ba4
        8405000	       839	80000e90	34c0abb7	lui	x23,0x34c0a	 x23=0x34c0a000
        8415000	       840	80000e94	00039633	sll	x12,x7,x0	  x7:0x7d81c000  x0:0x00000000 x12=0x7d81c000
        8425000	       841	80000e98	00360a33	add	x20,x12,x3	 x12:0x7d81c000  x3:0x00000000 x20=0x7d81c000
        8435000	       842	80000e9c	0178bcb3	sltu	x25,x17,x23	 x17:0xc68fc000 x23:0x34c0a000 x25=0x00000000
        8445000	       843	80000ea0	02499663	bne	x19,x4,80000ecc	 x19:0x00000000  x4:0x301a5904
        8455000	       844	00000000	00000013	addi	x0,x0,0	  x0:0x00000000
        8465000	       845	80000ec8	00000013	addi	x0,x0,0	  x0:0x00000000
        8475000	       846	80000ecc	00b49d13	slli	x26,x9,0xb	  x9:0x00000000 x26=0x00000000
        8485000	       847	80000ed0	40975613	srai	x12,x14,0x9	 x14:0xad9c1ba4 x12=0xffd6ce0d
        8495000	       848	80000ed4	3bd6d737	lui	x14,0x3bd6d	 x14=0x3bd6d000
        8505000	       849	80000ed8	01ee0b33	add	x22,x28,x30	 x28:0x00000001 x30:0x80009fc4 x22=0x80009fc5
        8515000	       850	80000edc	01211713	slli	x14,x2,0x12	  x2:0x00000000 x14=0x00000000
        8525000	       851	80000ee0	0229ea63	bltu	x19,x2,80000f14	 x19:0x00000000  x2:0x00000000
        8535000	       852	80000ee4	007b4433	xor	x8,x22,x7	 x22:0x80009fc5  x7:0x7d81c000  x8=0xfd815fc5
        8545000	       853	80000ee8	02b3e313	ori	x6,x7,43	  x7:0x7d81c000  x6=0x7d81c02b
        8555000	       854	80000eec	00f942b3	xor	x5,x18,x15	 x18:0x0000058d x15:0x00000000  x5=0x0000058d
        8565000	       855	80000ef0	415cd933	sra	x18,x25,x21	 x25:0x00000000 x21:0x0b246000 x18=0x00000000
        8575000	       856	80000ef4	00eb3a33	sltu	x20,x22,x14	 x22:0x80009fc5 x14:0x00000000 x20=0x00000000
        8585000	       857	80000ef8	40dcdab3	sra	x21,x25,x13	 x25:0x00000000 x13:0x00000000 x21=0x00000000
        8595000	       858	80000efc	00c4f633	and	x12,x9,x12	  x9:0x00000000 x12:0xffd6ce0d x12=0x00000000
        8605000	       859	80000f00	a3cf0493	addi	x9,x30,-1476	 x30:0x80009fc4  x9=0x80009a00
        8615000	       860	80000f04	f525cd93	xori	x27,x11,-174	 x11:0x80009f84 x27=0x7fff60d6
        8625000	       861	80000f08	03dbc463	blt	x23,x29,80000f30	 x23:0x34c0a000 x29:0x00000000
        8635000	       862	80000f0c	ad134997	auipc	x19,0xad134	 x19=0x2d134f08
        8645000	       863	80000f10	018933b3	sltu	x7,x18,x24	 x18:0x00000000 x24:0x00000000  x7=0x00000000
        8655000	       864	80000f14	9f7f8c13	addi	x24,x31,-1545	 x31:0x00000000 x24=0xfffff9f7
        8665000	       865	80000f18	01134833	xor	x16,x6,x17	  x6:0x7d81c02b x17:0xc68fc000 x16=0xbb0e002b
        8675000	       866	80000f1c	00489c93	slli	x25,x17,0x4	 x17:0xc68fc000 x25=0x68fc0000
        8685000	       867	80000f20	00641263	bne	x8,x6,80000f24	  x8:0xfd815fc5  x6:0x7d81c02b
        8695000	       868	00000000	00000013	addi	x0,x0,0	  x0:0x00000000
        8705000	       869	80000f20	00000013	addi	x0,x0,0	  x0:0x00000000
        8715000	       870	80000f24	01377c63	bgeu	x14,x19,80000f3c	 x14:0x00000000 x19:0x2d134f08
        8725000	       871	80000f28	11c32693	slti	x13,x6,284	  x6:0x7d81c02b x13=0x00000000
        8735000	       872	80000f2c	0161dd13	srli	x26,x3,0x16	  x3:0x00000000 x26=0x00000000
        8745000	       873	80000f30	00000013	addi	x0,x0,0	  x0:0x00000000
        8755000	       874	80000f34	015f03b3	add	x7,x30,x21	 x30:0x80009fc4 x21:0x00000000  x7=0x80009fc4
        8765000	       875	80000f38	4865e893	ori	x17,x11,1158	 x11:0x80009f84 x17=0x80009f86
        8775000	       876	80000f3c	00342eb3	slt	x29,x8,x3	  x8:0xfd815fc5  x3:0x00000000 x29=0x00000001
        8785000	       877	80000f40	ea70f913	andi	x18,x1,-345	  x1:0x00000000 x18=0x00000000
        8795000	       878	80000f44	0122feb3	and	x29,x5,x18	  x5:0x0000058d x18:0x00000000 x29=0x00000000
        8805000	       879	80000f48	00ccd633	srl	x12,x25,x12	 x25:0x68fc0000 x12:0x00000000 x12=0x68fc0000
        8815000	       880	80000f4c	40785e33	sra	x28,x16,x7	 x16:0xbb0e002b  x7:0x80009fc4 x28=0xfbb0e002
        8825000	       881	80000f50	3ab92493	slti	x9,x18,939	 x18:0x00000000  x9=0x00000001
        8835000	       882	80000f54	01e94733	xor	x14,x18,x30	 x18:0x00000000 x30:0x80009fc4 x14=0x80009fc4
        8845000	       883	80000f58	008b9633	sll	x12,x23,x8	 x23:0x34c0a000  x8:0xfd815fc5 x12=0x98140000
        8855000	       884	80000f5c	000f0433	add	x8,x30,x0	 x30:0x80009fc4  x0:0x00000000  x8=0x80009fc4
        8865000	       885	80000f60	e5ee7d97	auipc	x27,0xe5ee7	 x27=0x65ee7f5c
        8875000	       886	80000f64	62b6a397	auipc	x7,0x62b6a	  x7=0xe2b6af60
        8885000	       887	80000f68	0c1f0a13	addi	x20,x30,193	 x30:0x80009fc4 x20=0x8000a085
        8895000	       888	80000f6c	018b1013	slli	x0,x22,0x18	 x22:0x80009fc5
        8905000	       889	80000f70	346b0093	addi	x1,x22,838	 x22:0x80009fc5  x1=0x8000a30b
        8915000	       890	80000f74	528c3693	sltiu	x13,x24,1320	 x24:0xfffff9f7 x13=0x00000000
        8925000	       891	80000f78	02df4063	blt	x30,x13,80000f98	 x30:0x80009fc4 x13:0x00000000
        8935000	       892	00000000	00000013	addi	x0,x0,0	  x0:0x00000000
        8945000	       893	80000f94	00000013	addi	x0,x0,0	  x0:0x00000000
        8955000	       894	80000f98	5645c193	xori	x3,x11,1380	 x11:0x80009f84  x3=0x80009ae0
        8965000	       895	80000f9c	00000013	addi	x0,x0,0	  x0:0x00000000
        8975000	       896	80000fa0	99300293	addi	x5,x0,-1645	  x0:0x00000000  x5=0xfffff993
        8985000	       897	80000fa4	00000013	addi	x0,x0,0	  x0:0x00000000
        8995000	       898	80000fa8	407c5933	sra	x18,x24,x7	 x24:0xfffff9f7  x7:0xe2b6af60 x18=0xfffff9f7
        9005000	       899	80000fac	00360e63	beq	x12,x3,80000fc8	 x12:0x98140000  x3:0x80009ae0
        9015000	       900	80000fb0	01d9c033	xor	x0,x19,x29	 x19:0x2d134f08 x29:0x00000000
        9025000	       901	80000fb4	402a8033	sub	x0,x21,x2	 x21:0x00000000  x2:0x00000000
        9035000	       902	80000fb8	000d0e63	beq	x26,x0,80000fd4	 x26:0x00000000  x0:0x00000000
        9045000	       903	00000000	00000013	addi	x0,x0,0	  x0:0x00000000
        9055000	       904	80000fd0	00000013	addi	x0,x0,0	  x0:0x00000000
        9065000	       905	80000fd4	005c90b3	sll	x1,x25,x5	 x25:0x68fc0000  x5:0xfffff993  x1=0x00000000
        9075000	       906	80000fd8	5e69b137	lui	x2,0x5e69b	  x2=0x5e69b000
        9085000	       907	80000fdc	01449db3	sll	x27,x9,x20	  x9:0x00000001 x20:0x8000a085 x27=0x00000020
        9095000	       908	80000fe0	010d7133	and	x2,x26,x16	 x26:0x00000000 x16:0xbb0e002b  x2=0x00000000
        9105000	       909	80000fe4	b7f7ad17	auipc	x26,0xb7f7a	 x26=0x37f7afe0
        9115000	       910	80000fe8	4132dbb3	sra	x23,x5,x19	  x5:0xfffff993 x19:0x2d134f08 x23=0xfffffff9
        9125000	       911	80000fec	68b72813	slti	x16,x14,1675	 x14:0x80009fc4 x16=0x00000001
        9135000	       912	80000ff0	003db333	sltu	x6,x27,x3	 x27:0x00000020  x3:0x80009ae0  x6=0x00000001
        9145000	       913	80000ff4	14423893	sltiu	x17,x4,324	  x4:0x301a5904 x17=0x00000000
        9155000	       914	80000ff8	00b0d733	srl	x14,x1,x11	  x1:0x00000000 x11:0x80009f84 x14=0x00000000
        9165000	       915	80000ffc	402e80b3	sub	x1,x29,x2	 x29:0x00000000  x2:0x00000000  x1=0x00000000
        9175000	       916	80001000	03a4c063	blt	x9,x26,80001020	  x9:0x00000001 x26:0x37f7afe0
        9185000	       917	00000000	00000013	addi	x0,x0,0	  x0:0x00000000
        9195000	       918	8000101c	00000013	addi	x0,x0,0	  x0:0x00000000
        9205000	       919	80001020	008aa9b3	slt	x19,x21,x8	 x21:0x00000000  x8:0x80009fc4 x19=0x00000000
        9215000	       920	80001024	01482433	slt	x8,x16,x20	 x16:0x00000001 x20:0x8000a085  x8=0x00000000
        9225000	       921	80001028	021d8a63	beq	x27,x1,8000105c	 x27:0x00000020  x1:0x00000000
        9235000	       922	8000102c	01dde933	or	x18,x27,x29	 x27:0x00000020 x29:0x00000000 x18=0x00000020
        9245000	       923	80001030	000bf733	and	x14,x23,x0	 x23:0xfffffff9  x0:0x00000000 x14=0x00000000
        9255000	       924	80001034	ba6a3c93	sltiu	x25,x20,-1114	 x20:0x8000a085 x25=0x00000001
        9265000	       925	80001038	0338c663	blt	x17,x19,80001064	 x17:0x00000000 x19:0x00000000
        9275000	       926	8000103c	01711c37	lui	x24,0x1711	 x24=0x01711000
        9285000	       927	80001040	0150ca63	blt	x1,x21,80001054	  x1:0x00000000 x21:0x00000000
        9295000	       928	80001044	a81af293	andi	x5,x21,-1407	 x21:0x00000000  x5=0x00000000
        9305000	       929	80001048	00000013	addi	x0,x0,0	  x0:0x00000000
        9315000	       930	8000104c	051c7263	bgeu	x24,x17,80001090	 x24:0x01711000 x17:0x00000000
        9325000	       931	00000000	00000013	addi	x0,x0,0	  x0:0x00000000
        9335000	       932	8000108c	00000013	addi	x0,x0,0	  x0:0x00000000
        9345000	       933	80001090	40360433	sub	x8,x12,x3	 x12:0x98140000  x3:0x80009ae0  x8=0x18136520
        9355000	       934	80001094	01c1b2b3	sltu	x5,x3,x28	  x3:0x80009ae0 x28:0xfbb0e002  x5=0x00000001
        9365000	       935	80001098	41e983b3	sub	x7,x19,x30	 x19:0x00000000 x30:0x80009fc4  x7=0x7fff603c
        9375000	       936	8000109c	41775493	srai	x9,x14,0x17	 x14:0x00000000  x9=0x00000000
        9385000	       937	800010a0	011571b3	and	x3,x10,x17	 x10:0x00000000 x17:0x00000000  x3=0x00000000
        9395000	       938	800010a4	41415893	srai	x17,x2,0x14	  x2:0x00000000 x17=0x00000000
        9405000	       939	800010a8	4a3df217	auipc	x4,0x4a3df	  x4=0xca3e00a4
        9415000	       940	800010ac	403ed6b3	sra	x13,x29,x3	 x29:0x00000000  x3:0x00000000 x13=0x00000000
        9425000	       941	800010b0	00820663	beq	x4,x8,800010bc	  x4:0xca3e00a4  x8:0x18136520
        9435000	       942	800010b4	01fb68b3	or	x17,x22,x31	 x22:0x80009fc5 x31:0x00000000 x17=0x80009fc5
        9445000	       943	800010b8	003114b3	sll	x9,x2,x3	  x2:0x00000000  x3:0x00000000  x9=0x00000000
        9455000	       944	800010bc	eefba913	slti	x18,x23,-273	 x23:0xfffffff9 x18=0x00000000
        9465000	       945	800010c0	0121b2b3	sltu	x5,x3,x18	  x3:0x00000000 x18:0x00000000  x5=0x00000000
        9475000	       946	800010c4	4069d313	srai	x6,x19,0x6	 x19:0x00000000  x6=0x00000000
        9485000	       947	800010c8	009e40b3	xor	x1,x28,x9	 x28:0xfbb0e002  x9:0x00000000  x1=0xfbb0e002
        9495000	       948	800010cc	00bd8233	add	x4,x27,x11	 x27:0x00000020 x11:0x80009f84  x4=0x80009fa4
        9505000	       949	800010d0	00cbe433	or	x8,x23,x12	 x23:0xfffffff9 x12:0x98140000  x8=0xfffffff9
        9515000	       950	800010d4	00000013	addi	x0,x0,0	  x0:0x00000000
        9525000	       951	800010d8	04e3f263	bgeu	x7,x14,8000111c	  x7:0x7fff603c x14:0x00000000
        9535000	       952	00000000	00000013	addi	x0,x0,0	  x0:0x00000000
        9545000	       953	80001118	00000013	addi	x0,x0,0	  x0:0x00000000
        9555000	       954	8000111c	17b22093	slti	x1,x4,379	  x4:0x80009fa4  x1=0x00000001
        9565000	       955	80001120	50d92113	slti	x2,x18,1293	 x18:0x00000000  x2=0x00000001
        9575000	       956	80001124	002c9433	sll	x8,x25,x2	 x25:0x00000001  x2:0x00000001  x8=0x00000002
        9585000	       957	80001128	01071e33	sll	x28,x14,x16	 x14:0x00000000 x16:0x00000001 x28=0x00000000
        9595000	       958	8000112c	0157ebb3	or	x23,x15,x21	 x15:0x00000000 x21:0x00000000 x23=0x00000000
        9605000	       959	80001130	00cefdb3	and	x27,x29,x12	 x29:0x00000000 x12:0x98140000 x27=0x00000000
        9615000	       960	80001134	b1877413	andi	x8,x14,-1256	 x14:0x00000000  x8=0x00000000
        9625000	       961	80001138	889c9797	auipc	x15,0x889c9	 x15=0x089ca134
        9635000	       962	8000113c	2dc0e693	ori	x13,x1,732	  x1:0x00000001 x13=0x000002dd
        9645000	       963	80001140	019d1013	slli	x0,x26,0x19	 x26:0x37f7afe0
        9655000	       964	80001144	311d3a97	auipc	x21,0x311d3	 x21=0xb11d4140
        9665000	       965	80001148	01f60263	beq	x12,x31,8000114c	 x12:0x98140000 x31:0x00000000
        9675000	       966	8000114c	2e65a093	slti	x1,x11,742	 x11:0x80009f84  x1=0x00000001
        9685000	       967	80001150	00aa7c63	bgeu	x20,x10,80001168	 x20:0x8000a085 x10:0x00000000
        9695000	       968	00000000	00000013	addi	x0,x0,0	  x0:0x00000000
        9705000	       969	80001164	00000013	addi	x0,x0,0	  x0:0x00000000
        9715000	       970	80001168	00fc6333	or	x6,x24,x15	 x24:0x01711000 x15:0x089ca134  x6=0x09fdb134
        9725000	       971	8000116c	c0bad6b7	lui	x13,0xc0bad	 x13=0xc0bad000
        9735000	       972	80001170	001216b3	sll	x13,x4,x1	  x4:0x80009fa4  x1:0x00000001 x13=0x00013f48
        9745000	       973	80001174	0040cab3	xor	x21,x1,x4	  x1:0x00000001  x4:0x80009fa4 x21=0x80009fa5
        9755000	       974	80001178	0195cc33	xor	x24,x11,x25	 x11:0x80009f84 x25:0x00000001 x24=0x80009f85
        9765000	       975	8000117c	017df263	bgeu	x27,x23,80001180	 x27:0x00000000 x23:0x00000000
        9775000	       976	00000000	00000013	addi	x0,x0,0	  x0:0x00000000
        9785000	       977	8000117c	00000013	addi	x0,x0,0	  x0:0x00000000
        9795000	       978	80001180	40b8dab3	sra	x21,x17,x11	 x17:0x80009fc5 x11:0x80009f84 x21=0xf80009fc
        9805000	       979	80001184	006fbbb3	sltu	x23,x31,x6	 x31:0x00000000  x6:0x09fdb134 x23=0x00000001
        9815000	       980	80001188	c3fc7893	andi	x17,x24,-961	 x24:0x80009f85 x17=0x80009c05
        9825000	       981	8000118c	e448fc93	andi	x25,x17,-444	 x17:0x80009c05 x25=0x80009c04
        9835000	       982	80001190	04761863	bne	x12,x7,800011e0	 x12:0x98140000  x7:0x7fff603c
        9845000	       983	00000000	00000013	addi	x0,x0,0	  x0:0x00000000
        9855000	       984	800011dc	00000013	addi	x0,x0,0	  x0:0x00000000
        9865000	       985	800011e0	4059d733	sra	x14,x19,x5	 x19:0x00000000  x5:0x00000000 x14=0x00000000
        9875000	       986	800011e4	014a1093	slli	x1,x20,0x14	 x20:0x8000a085  x1=0x08500000
        9885000	       987	800011e8	356ccb93	xori	x23,x25,854	 x25:0x80009c04 x23=0x80009f52
        9895000	       988	800011ec	02445463	bge	x8,x4,80001214	  x8:0x00000000  x4:0x80009fa4
        9905000	       989	00000000	00000013	addi	x0,x0,0	  x0:0x00000000
        9915000	       990	80001210	00000013	addi	x0,x0,0	  x0:0x00000000
        9925000	       991	80001214	3a3e3c13	sltiu	x24,x28,931	 x28:0x00000000 x24=0x00000001
        9935000	       992	80001218	a492ec13	ori	x24,x5,-1463	  x5:0x00000000 x24=0xfffffa49
        9945000	       993	8000121c	3bb44513	xori	x10,x8,955	  x8:0x00000000 x10=0x000003bb
        9955000	       994	80001220	05c70063	beq	x14,x28,80001260	 x14:0x00000000 x28:0x00000000
        9965000	       995	00000000	00000013	addi	x0,x0,0	  x0:0x00000000
        9975000	       996	8000125c	00000013	addi	x0,x0,0	  x0:0x00000000
        9985000	       997	80001260	2e4dc417	auipc	x8,0x2e4dc	  x8=0xae4dd25c
        9995000	       998	80001264	41a5de13	srai	x28,x11,0x1a	 x11:0x80009f84 x28=0xffffffe0
       10005000	       999	80001268	2503da37	lui	x20,0x2503d	 x20=0x2503d000
       10015000	      1000	8000126c	01a2a733	slt	x14,x5,x26	  x5:0x00000000 x26:0x37f7afe0 x14=0x00000001
       10025000	      1001	80001270	01c28cb3	add	x25,x5,x28	  x5:0x00000000 x28:0xffffffe0 x25=0xffffffe0
       10035000	      1002	80001274	01cecc63	blt	x29,x28,8000128c	 x29:0x00000000 x28:0xffffffe0
       10045000	      1003	80001278	232d6213	ori	x4,x26,562	 x26:0x37f7afe0  x4=0x37f7aff2
       10055000	      1004	8000127c	01d72c33	slt	x24,x14,x29	 x14:0x00000001 x29:0x00000000 x24=0x00000000
       10065000	      1005	80001280	0340e463	bltu	x1,x20,800012a8	  x1:0x08500000 x20:0x2503d000
       10075000	      1006	00000000	00000013	addi	x0,x0,0	  x0:0x00000000
       10085000	      1007	800012a4	00000013	addi	x0,x0,0	  x0:0x00000000
       10095000	      1008	800012a8	0c2f7c63	bgeu	x30,x2,80001380	 x30:0x80009fc4  x2:0x00000001
       10105000	      1009	00000000	00000013	addi	x0,x0,0	  x0:0x00000000
       10115000	      1010	8000137c	00000013	addi	x0,x0,0	  x0:0x00000000
       10125000	      1011	80001380	01c91d13	slli	x26,x18,0x1c	 x18:0x00000000 x26=0x00000000
       10135000	      1012	80001384	015e24b3	slt	x9,x28,x21	 x28:0xffffffe0 x21:0xf80009fc  x9=0x00000000
       10145000	      1013	80001388	015cd993	srli	x19,x25,0x15	 x25:0xffffffe0 x19=0x000007ff
       10155000	      1014	8000138c	0102c333	xor	x6,x5,x16	  x5:0x00000000 x16:0x00000001  x6=0x00000001
       10165000	      1015	80001390	01cb6333	or	x6,x22,x28	 x22:0x80009fc5 x28:0xffffffe0  x6=0xffffffe5
       10175000	      1016	80001394	02985063	bge	x16,x9,800013b4	 x16:0x00000001  x9:0x00000000
       10185000	      1017	00000000	00000013	addi	x0,x0,0	  x0:0x00000000
       10195000	      1018	800013b0	00000013	addi	x0,x0,0	  x0:0x00000000
       10205000	      1019	800013b4	01bb9433	sll	x8,x23,x27	 x23:0x80009f52 x27:0x00000000  x8=0x80009f52
       10215000	      1020	800013b8	0160d333	srl	x6,x1,x22	  x1:0x08500000 x22:0x80009fc5  x6=0x00428000
       10225000	      1021	800013bc	00000013	addi	x0,x0,0	  x0:0x00000000
       10235000	      1022	800013c0	0409f863	bgeu	x19,x0,80001410	 x19:0x000007ff  x0:0x00000000
       10245000	      1023	00000000	00000013	addi	x0,x0,0	  x0:0x00000000
       10255000	      1024	8000140c	00000013	addi	x0,x0,0	  x0:0x00000000
       10265000	      1025	80001410	64fa8093	addi	x1,x21,1615	 x21:0xf80009fc  x1=0xf800104b
       10275000	      1026	80001414	00323233	sltu	x4,x4,x3	  x4:0x37f7aff2  x3:0x00000000  x4=0x00000000
       10285000	      1027	80001418	01309663	bne	x1,x19,80001424	  x1:0xf800104b x19:0x000007ff
       10295000	      1028	00000000	00000013	addi	x0,x0,0	  x0:0x00000000
       10305000	      1029	80001420	00000013	addi	x0,x0,0	  x0:0x00000000
       10315000	      1030	80001424	53bfb393	sltiu	x7,x31,1339	 x31:0x00000000  x7=0x00000001
       10325000	      1031	80001428	03dc1263	bne	x24,x29,8000144c	 x24:0x00000000 x29:0x00000000
       10335000	      1032	8000142c	000b1433	sll	x8,x22,x0	 x22:0x80009fc5  x0:0x00000000  x8=0x80009fc5
       10345000	      1033	80001430	017792b3	sll	x5,x15,x23	 x15:0x089ca134 x23:0x80009f52  x5=0x84d00000
       10355000	      1034	80001434	41af01b3	sub	x3,x30,x26	 x30:0x80009fc4 x26:0x00000000  x3=0x80009fc4
       10365000	      1035	80001438	633bb993	sltiu	x19,x23,1587	 x23:0x80009f52 x19=0x00000000
       10375000	      1036	8000143c	00000013	addi	x0,x0,0	  x0:0x00000000
       10385000	      1037	80001440	00a66c63	bltu	x12,x10,80001458	 x12:0x98140000 x10:0x000003bb
       10395000	      1038	80001444	38fb4737	lui	x14,0x38fb4	 x14=0x38fb4000
       10405000	      1039	80001448	00e94e63	blt	x18,x14,80001464	 x18:0x00000000 x14:0x38fb4000
       10415000	      1040	00000000	00000013	addi	x0,x0,0	  x0:0x00000000
       10425000	      1041	80001460	00000013	addi	x0,x0,0	  x0:0x00000000
       10435000	      1042	80001464	019d3e13	sltiu	x28,x26,25	 x26:0x00000000 x28=0x00000001
       10445000	      1043	80001468	00be4eb3	xor	x29,x28,x11	 x28:0x00000001 x11:0x80009f84 x29=0x80009f85
       10455000	      1044	8000146c	011dbb33	sltu	x22,x27,x17	 x27:0x00000000 x17:0x80009c05 x22=0x00000001
       10465000	      1045	80001470	824a8513	addi	x10,x21,-2012	 x21:0xf80009fc x10=0xf8000220
       10475000	      1046	80001474	0029c9b3	xor	x19,x19,x2	 x19:0x00000000  x2:0x00000001 x19=0x00000001
       10485000	      1047	80001478	41d4dc33	sra	x24,x9,x29	  x9:0x00000000 x29:0x80009f85 x24=0x00000000
       10495000	      1048	8000147c	4073d7b3	sra	x15,x7,x7	  x7:0x00000001  x7:0x00000001 x15=0x00000000
       10505000	      1049	80001480	007263b3	or	x7,x4,x7	  x4:0x00000000  x7:0x00000001  x7=0x00000001
       10515000	      1050	80001484	01f049b3	xor	x19,x0,x31	  x0:0x00000000 x31:0x00000000 x19=0x00000000
       10525000	      1051	80001488	005b0c33	add	x24,x22,x5	 x22:0x00000001  x5:0x84d00000 x24=0x84d00001
       10535000	      1052	8000148c	00d08333	add	x6,x1,x13	  x1:0xf800104b x13:0x00013f48  x6=0xf8014f93
       10545000	      1053	80001490	2d737a93	andi	x21,x6,727	  x6:0xf8014f93 x21=0x00000293
       10555000	      1054	80001494	a77c8693	addi	x13,x25,-1417	 x25:0xffffffe0 x13=0xfffffa57
       10565000	      1055	80001498	0191d793	srli	x15,x3,0x19	  x3:0x80009fc4 x15=0x00000040
       10575000	      1056	8000149c	00000013	addi	x0,x0,0	  x0:0x00000000
       10585000	      1057	800014a0	01fce133	or	x2,x25,x31	 x25:0xffffffe0 x31:0x00000000  x2=0xffffffe0
       10595000	      1058	800014a4	b4196c13	ori	x24,x18,-1215	 x18:0x00000000 x24=0xfffffb41
       10605000	      1059	800014a8	01f98233	add	x4,x19,x31	 x19:0x00000000 x31:0x00000000  x4=0x00000000
       10615000	      1060	800014ac	00007297	auipc	x5,0x7	  x5=0x800084a8
       10625000	      1061	800014b0	4d728293	addi	x5,x5,1239	  x5:0x800084a8  x5=0x8000897f
       10635000	      1062	800014b4	4bf2d903	lhu	x18,1215(x5)	  x5:0x8000897f x18=0x00000000 PA:0x80008e3e
       10645000	      1063	800014b8	25028983	lb	x19,592(x5)	  x5:0x8000897f x19=0x00000000 PA:0x80008bcf
       10655000	      1064	800014bc	a12a7a97	auipc	x21,0xa12a7	 x21=0x212a84b8
       10665000	      1065	800014c0	e2760e93	addi	x29,x12,-473	 x12:0x98140000 x29=0x9813fe27
       10675000	      1066	800014c4	ea70bb93	sltiu	x23,x1,-345	  x1:0xf800104b x23=0x00000001
       10685000	      1067	800014c8	00ac5893	srli	x17,x24,0xa	 x24:0xfffffb41 x17=0x003ffffe
       10695000	      1068	800014cc	27b68793	addi	x15,x13,635	 x13:0xfffffa57 x15=0xfffffcd2
       10705000	      1069	800014d0	f04293a3	sh	x4,-249(x5)	  x5:0x8000897f  x4:0x00000000 PA:0x80008886
       10715000	      1070	800014d4	16528123	sb	x5,354(x5)	  x5:0x8000897f  x5:0x8000897f PA:0x80008ae1
       10725000	      1071	800014d8	00717313	andi	x6,x2,7	  x2:0xffffffe0  x6=0x00000000
       10735000	      1072	800014dc	3c7291a3	sh	x7,963(x5)	  x5:0x8000897f  x7:0x00000001 PA:0x80008d42
       10745000	      1073	800014e0	70b0ac93	slti	x25,x1,1803	  x1:0xf800104b x25=0x00000001
       10755000	      1074	800014e4	45e2c703	lbu	x14,1118(x5)	  x5:0x8000897f x14=0x00000000 PA:0x80008ddd
       10765000	      1075	800014e8	6fdd2613	slti	x12,x26,1789	 x26:0x00000000 x12=0x00000001
       10775000	      1076	800014ec	4672dc03	lhu	x24,1127(x5)	  x5:0x8000897f x24=0x00000000 PA:0x80008de6
       10785000	      1077	800014f0	5a31ce93	xori	x29,x3,1443	  x3:0x80009fc4 x29=0x80009a67
       10795000	      1078	800014f4	05e28223	sb	x30,68(x5)	  x5:0x8000897f x30:0x80009fc4 PA:0x800089c3
       10805000	      1079	800014f8	018f4db3	xor	x27,x30,x24	 x30:0x80009fc4 x24:0x00000000 x27=0x80009fc4
       10815000	      1080	800014fc	fb429aa3	sh	x20,-75(x5)	  x5:0x8000897f x20:0x2503d000 PA:0x80008934
       10825000	      1081	80001500	4131d393	srai	x7,x3,0x13	  x3:0x80009fc4  x7=0xfffff000
       10835000	      1082	80001504	01091db3	sll	x27,x18,x16	 x18:0x00000000 x16:0x00000001 x27=0x00000000
       10845000	      1083	80001508	1cc94c13	xori	x24,x18,460	 x18:0x00000000 x24=0x000001cc
       10855000	      1084	8000150c	00929d33	sll	x26,x5,x9	  x5:0x8000897f  x9:0x00000000 x26=0x8000897f
       10865000	      1085	80001510	e8acf413	andi	x8,x25,-374	 x25:0x00000001  x8=0x00000000
       10875000	      1086	80001514	cedf2413	slti	x8,x30,-787	 x30:0x80009fc4  x8=0x00000001
       10885000	      1087	80001518	0f227c93	andi	x25,x4,242	  x4:0x00000000 x25=0x00000000
       10895000	      1088	8000151c	e0f16093	ori	x1,x2,-497	  x2:0xffffffe0  x1=0xffffffef
       10905000	      1089	80001520	9a212993	slti	x19,x2,-1630	  x2:0xffffffe0 x19=0x00000000
       10915000	      1090	80001524	4132d633	sra	x12,x5,x19	  x5:0x8000897f x19:0x00000000 x12=0x8000897f
       10925000	      1091	80001528	1f928b83	lb	x23,505(x5)	  x5:0x8000897f x23=0x00000000 PA:0x80008b78
       10935000	      1092	8000152c	0114e733	or	x14,x9,x17	  x9:0x00000000 x17:0x003ffffe x14=0x003ffffe
       10945000	      1093	80001530	5cf2aaa3	sw	x15,1493(x5)	  x5:0x8000897f x15:0xfffffcd2 PA:0x80008f54
       10955000	      1094	80001534	418283a3	sb	x24,1031(x5)	  x5:0x8000897f x24:0x000001cc PA:0x80008d86
       10965000	      1095	80001538	00dc0d33	add	x26,x24,x13	 x24:0x000001cc x13:0xfffffa57 x26=0xfffffc23
       10975000	      1096	8000153c	00742cb3	slt	x25,x8,x7	  x8:0x00000001  x7:0xfffff000 x25=0x00000000
       10985000	      1097	80001540	8fd0b893	sltiu	x17,x1,-1795	  x1:0xffffffef x17=0x00000000
       10995000	      1098	80001544	e25f2893	slti	x17,x30,-475	 x30:0x80009fc4 x17=0x00000001
       11005000	      1099	80001548	00000013	addi	x0,x0,0	  x0:0x00000000
       11015000	      1100	8000154c	0da28103	lb	x2,218(x5)	  x5:0x8000897f  x2=0x00000000 PA:0x80008a59
       11025000	      1101	80001550	5a7297a3	sh	x7,1455(x5)	  x5:0x8000897f  x7:0xfffff000 PA:0x80008f2e
       11035000	      1102	80001554	2de28803	lb	x16,734(x5)	  x5:0x8000897f x16=0x00000000 PA:0x80008c5d
       11045000	      1103	80001558	a5964a93	xori	x21,x12,-1447	 x12:0x8000897f x21=0x7fff7326
       11055000	      1104	8000155c	1892da03	lhu	x20,393(x5)	  x5:0x8000897f x20=0x00000000 PA:0x80008b08
       11065000	      1105	80001560	00835a33	srl	x20,x6,x8	  x6:0x00000000  x8:0x00000001 x20=0x00000000
       11075000	      1106	80001564	00796433	or	x8,x18,x7	 x18:0x00000000  x7:0xfffff000  x8=0xfffff000
       11085000	      1107	80001568	01785c93	srli	x25,x16,0x17	 x16:0x00000000 x25=0x00000000
       11095000	      1108	8000156c	0e928f23	sb	x9,254(x5)	  x5:0x8000897f  x9:0x00000000 PA:0x80008a7d
       11105000	      1109	80001570	1392c483	lbu	x9,313(x5)	  x5:0x8000897f  x9=0x00000000 PA:0x80008ab8
       11115000	      1110	80001574	9756ae17	auipc	x28,0x9756a	 x28=0x1756b570
       11125000	      1111	80001578	007e9833	sll	x16,x29,x7	 x29:0x80009a67  x7:0xfffff000 x16=0x80009a67
       11135000	      1112	8000157c	70138d93	addi	x27,x7,1793	  x7:0xfffff000 x27=0xfffff701
       11145000	      1113	80001580	0126d3b3	srl	x7,x13,x18	 x13:0xfffffa57 x18:0x00000000  x7=0xfffffa57
       11155000	      1114	80001584	02021063	bne	x4,x0,800015a4	  x4:0x00000000  x0:0x00000000
       11165000	      1115	80001588	000e5c13	srli	x24,x28,0x0	 x28:0x1756b570 x24=0x1756b570
       11175000	      1116	8000158c	13a87013	andi	x0,x16,314	 x16:0x80009a67
       11185000	      1117	80001590	02bee663	bltu	x29,x11,800015bc	 x29:0x80009a67 x11:0x80009f84
       11195000	      1118	00000000	00000013	addi	x0,x0,0	  x0:0x00000000
       11205000	      1119	800015b8	00000013	addi	x0,x0,0	  x0:0x00000000
       11215000	      1120	800015bc	6de0c393	xori	x7,x1,1758	  x1:0xffffffef  x7=0xfffff931
       11225000	      1121	800015c0	01e6acb3	slt	x25,x13,x30	 x13:0xfffffa57 x30:0x80009fc4 x25=0x00000000
       11235000	      1122	800015c4	c317bc93	sltiu	x25,x15,-975	 x15:0xfffffcd2 x25=0x00000000
       11245000	      1123	800015c8	003bee33	or	x28,x23,x3	 x23:0x00000000  x3:0x80009fc4 x28=0x80009fc4
       11255000	      1124	800015cc	017f5e13	srli	x28,x30,0x17	 x30:0x80009fc4 x28=0x00000100
       11265000	      1125	800015d0	013d6733	or	x14,x26,x19	 x26:0xfffffc23 x19:0x00000000 x14=0xfffffc23
       11275000	      1126	800015d4	8c207793	andi	x15,x0,-1854	  x0:0x00000000 x15=0x00000000
       11285000	      1127	800015d8	41e706b3	sub	x13,x14,x30	 x14:0xfffffc23 x30:0x80009fc4 x13=0x7fff5c5f
       11295000	      1128	800015dc	01c8da13	srli	x20,x17,0x1c	 x17:0x00000001 x20=0x00000000
       11305000	      1129	800015e0	0109f463	bgeu	x19,x16,800015e8	 x19:0x00000000 x16:0x80009a67
       11315000	      1130	800015e4	01418e63	beq	x3,x20,80001600	  x3:0x80009fc4 x20:0x00000000
       11325000	      1131	800015e8	09025063	bge	x4,x16,80001668	  x4:0x00000000 x16:0x80009a67
       11335000	      1132	00000000	00000013	addi	x0,x0,0	  x0:0x00000000
       11345000	      1133	80001664	00000013	addi	x0,x0,0	  x0:0x00000000
       11355000	      1134	80001668	6502cb13	xori	x22,x5,1616	  x5:0x8000897f x22=0x80008f2f
       11365000	      1135	8000166c	004c2133	slt	x2,x24,x4	 x24:0x1756b570  x4:0x00000000  x2=0x00000000
       11375000	      1136	80001670	14f93b93	sltiu	x23,x18,335	 x18:0x00000000 x23=0x00000001
       11385000	      1137	80001674	409dd6b3	sra	x13,x27,x9	 x27:0xfffff701  x9:0x00000000 x13=0xfffff701
       11395000	      1138	80001678	f5e3be93	sltiu	x29,x7,-162	  x7:0xfffff931 x29=0x00000001
       11405000	      1139	8000167c	0127d993	srli	x19,x15,0x12	 x15:0x00000000 x19=0x00000000
       11415000	      1140	80001680	4082d793	srai	x15,x5,0x8	  x5:0x8000897f x15=0xff800089
       11425000	      1141	80001684	41e35613	srai	x12,x6,0x1e	  x6:0x00000000 x12=0x00000000
       11435000	      1142	80001688	0150f6b3	and	x13,x1,x21	  x1:0xffffffef x21:0x7fff7326 x13=0x7fff7326
       11445000	      1143	8000168c	00db8ab3	add	x21,x23,x13	 x23:0x00000001 x13:0x7fff7326 x21=0x7fff7327
       11455000	      1144	80001690	40f15993	srai	x19,x2,0xf	  x2:0x00000000 x19=0x00000000
       11465000	      1145	80001694	627cfa13	andi	x20,x25,1575	 x25:0x00000000 x20=0x00000000
       11475000	      1146	80001698	40b05cb3	sra	x25,x0,x11	  x0:0x00000000 x11:0x80009f84 x25=0x00000000
       11485000	      1147	8000169c	ddf27013	andi	x0,x4,-545	  x4:0x00000000
       11495000	      1148	800016a0	01b0d693	srli	x13,x1,0x1b	  x1:0xffffffef x13=0x0000001f
       11505000	      1149	800016a4	c2ecbdb7	lui	x27,0xc2ecb	 x27=0xc2ecb000
       11515000	      1150	800016a8	0057d033	srl	x0,x15,x5	 x15:0xff800089  x5:0x8000897f
       11525000	      1151	800016ac	0134cc63	blt	x9,x19,800016c4	  x9:0x00000000 x19:0x00000000
       11535000	      1152	800016b0	015130b3	sltu	x1,x2,x21	  x2:0x00000000 x21:0x7fff7327  x1=0x00000001
       11545000	      1153	800016b4	005d18b3	sll	x17,x26,x5	 x26:0xfffffc23  x5:0x8000897f x17=0x80000000
       11555000	      1154	800016b8	01317463	bgeu	x2,x19,800016c0	  x2:0x00000000 x19:0x00000000
       11565000	      1155	00000000	00000013	addi	x0,x0,0	  x0:0x00000000
       11575000	      1156	800016bc	00000013	addi	x0,x0,0	  x0:0x00000000
       11585000	      1157	800016c0	f5eb8637	lui	x12,0xf5eb8	 x12=0xf5eb8000
       11595000	      1158	800016c4	41c1d993	srai	x19,x3,0x1c	  x3:0x80009fc4 x19=0xfffffff8
       11605000	      1159	800016c8	40b3e413	ori	x8,x7,1035	  x7:0xfffff931  x8=0xfffffd3b
       11615000	      1160	800016cc	01ff72b3	and	x5,x30,x31	 x30:0x80009fc4 x31:0x00000000  x5=0x00000000
       11625000	      1161	800016d0	00000013	addi	x0,x0,0	  x0:0x00000000
       11635000	      1162	800016d4	01a372b3	and	x5,x6,x26	  x6:0x00000000 x26:0xfffffc23  x5=0x00000000
       11645000	      1163	800016d8	41765813	srai	x16,x12,0x17	 x12:0xf5eb8000 x16=0xffffffeb
       11655000	      1164	800016dc	00178663	beq	x15,x1,800016e8	 x15:0xff800089  x1:0x00000001
       11665000	      1165	800016e0	03197063	bgeu	x18,x17,80001700	 x18:0x00000000 x17:0x80000000
       11675000	      1166	800016e4	1fe00a13	addi	x20,x0,510	  x0:0x00000000 x20=0x000001fe
       11685000	      1167	800016e8	01c42a33	slt	x20,x8,x28	  x8:0xfffffd3b x28:0x00000100 x20=0x00000001
       11695000	      1168	800016ec	00aaccb3	xor	x25,x21,x10	 x21:0x7fff7327 x10:0xf8000220 x25=0x87ff7107
       11705000	      1169	800016f0	f7b10317	auipc	x6,0xf7b10	  x6=0x77b116ec
       11715000	      1170	800016f4	2f36ac93	slti	x25,x13,755	 x13:0x0000001f x25=0x00000001
       11725000	      1171	800016f8	025ec663	blt	x29,x5,80001724	 x29:0x00000001  x5:0x00000000
       11735000	      1172	800016fc	8e536613	ori	x12,x6,-1819	  x6:0x77b116ec x12=0xfffffeed
       11745000	      1173	80001700	86c83413	sltiu	x8,x16,-1940	 x16:0xffffffeb  x8=0x00000000
       11755000	      1174	80001704	044c0663	beq	x24,x4,80001750	 x24:0x1756b570  x4:0x00000000
       11765000	      1175	80001708	00950333	add	x6,x10,x9	 x10:0xf8000220  x9:0x00000000  x6=0xf8000220
       11775000	      1176	8000170c	022af063	bgeu	x21,x2,8000172c	 x21:0x7fff7327  x2:0x00000000
       11785000	      1177	00000000	00000013	addi	x0,x0,0	  x0:0x00000000
       11795000	      1178	80001728	00000013	addi	x0,x0,0	  x0:0x00000000
       11805000	      1179	8000172c	00c8e033	or	x0,x17,x12	 x17:0x80000000 x12:0xfffffeed
       11815000	      1180	80001730	00435833	srl	x16,x6,x4	  x6:0xf8000220  x4:0x00000000 x16=0xf8000220
       11825000	      1181	80001734	53550437	lui	x8,0x53550	  x8=0x53550000
       11835000	      1182	80001738	014a92b3	sll	x5,x21,x20	 x21:0x7fff7327 x20:0x00000001  x5=0xfffee64e
       11845000	      1183	8000173c	03d26c63	bltu	x4,x29,80001774	  x4:0x00000000 x29:0x00000001
       11855000	      1184	00000000	00000013	addi	x0,x0,0	  x0:0x00000000
       11865000	      1185	80001770	00000013	addi	x0,x0,0	  x0:0x00000000
       11875000	      1186	80001774	0192c133	xor	x2,x5,x25	  x5:0xfffee64e x25:0x00000001  x2=0xfffee64f
       11885000	      1187	80001778	0c1192b7	lui	x5,0xc119	  x5=0x0c119000
       11895000	      1188	8000177c	02f30463	beq	x6,x15,800017a4	  x6:0xf8000220 x15:0xff800089
       11905000	      1189	80001780	00cfd193	srli	x3,x31,0xc	 x31:0x00000000  x3=0x00000000
       11915000	      1190	80001784	baa42817	auipc	x16,0xbaa42	 x16=0x3aa43780
       11925000	      1191	80001788	cd977717	auipc	x14,0xcd977	 x14=0x4d978784
       11935000	      1192	8000178c	037b9a63	bne	x23,x23,800017c0	 x23:0x00000001 x23:0x00000001
       11945000	      1193	80001790	00cb4c63	blt	x22,x12,800017a8	 x22:0x80008f2f x12:0xfffffeed
       11955000	      1194	00000000	00000013	addi	x0,x0,0	  x0:0x00000000
       11965000	      1195	800017a4	00000013	addi	x0,x0,0	  x0:0x00000000
       11975000	      1196	800017a8	00314c63	blt	x2,x3,800017c0	  x2:0xfffee64f  x3:0x00000000
       11985000	      1197	00000000	00000013	addi	x0,x0,0	  x0:0x00000000
       11995000	      1198	800017bc	00000013	addi	x0,x0,0	  x0:0x00000000
       12005000	      1199	800017c0	003d2a33	slt	x20,x26,x3	 x26:0xfffffc23  x3:0x00000000 x20=0x00000001
       12015000	      1200	800017c4	1f72e113	ori	x2,x5,503	  x5:0x0c119000  x2=0x0c1191f7
       12025000	      1201	800017c8	40590933	sub	x18,x18,x5	 x18:0x00000000  x5:0x0c119000 x18=0xf3ee7000
       12035000	      1202	800017cc	01780033	add	x0,x16,x23	 x16:0x3aa43780 x23:0x00000001
       12045000	      1203	800017d0	4160d913	srai	x18,x1,0x16	  x1:0x00000001 x18=0x00000000
       12055000	      1204	800017d4	01850733	add	x14,x10,x24	 x10:0xf8000220 x24:0x1756b570 x14=0x0f56b790
       12065000	      1205	800017d8	003c50b3	srl	x1,x24,x3	 x24:0x1756b570  x3:0x00000000  x1=0x1756b570
       12075000	      1206	800017dc	45667813	andi	x16,x12,1110	 x12:0xfffffeed x16=0x00000444
       12085000	      1207	800017e0	00a3c263	blt	x7,x10,800017e4	  x7:0xfffff931 x10:0xf8000220
       12095000	      1208	800017e4	018bd6b3	srl	x13,x23,x24	 x23:0x00000001 x24:0x1756b570 x13=0x00000000
       12105000	      1209	800017e8	e2d44013	xori	x0,x8,-467	  x8:0x53550000
       12115000	      1210	800017ec	00f70833	add	x16,x14,x15	 x14:0x0f56b790 x15:0xff800089 x16=0x0ed6b819
       12125000	      1211	800017f0	3e69f693	andi	x13,x19,998	 x19:0xfffffff8 x13=0x000003e0
       12135000	      1212	800017f4	02454663	blt	x10,x4,80001820	 x10:0xf8000220  x4:0x00000000
       12145000	      1213	00000000	00000013	addi	x0,x0,0	  x0:0x00000000
       12155000	      1214	8000181c	00000013	addi	x0,x0,0	  x0:0x00000000
       12165000	      1215	80001820	00c1d613	srli	x12,x3,0xc	  x3:0x00000000 x12=0x00000000
       12175000	      1216	80001824	4036d833	sra	x16,x13,x3	 x13:0x000003e0  x3:0x00000000 x16=0x000003e0
       12185000	      1217	80001828	29680213	addi	x4,x16,662	 x16:0x000003e0  x4=0x00000676
       12195000	      1218	8000182c	008800b3	add	x1,x16,x8	 x16:0x000003e0  x8:0x53550000  x1=0x535503e0
       12205000	      1219	80001830	b7c0b313	sltiu	x6,x1,-1156	  x1:0x535503e0  x6=0x00000001
       12215000	      1220	80001834	de004c93	xori	x25,x0,-544	  x0:0x00000000 x25=0xfffffde0
       12225000	      1221	80001838	0fda7263	bgeu	x20,x29,8000191c	 x20:0x00000001 x29:0x00000001
       12235000	      1222	00000000	00000013	addi	x0,x0,0	  x0:0x00000000
       12245000	      1223	80001918	00000013	addi	x0,x0,0	  x0:0x00000000
       12255000	      1224	8000191c	5e27c013	xori	x0,x15,1506	 x15:0xff800089
       12265000	      1225	80001920	01dbb7b3	sltu	x15,x23,x29	 x23:0x00000001 x29:0x00000001 x15=0x00000000
       12275000	      1226	80001924	00000013	addi	x0,x0,0	  x0:0x00000000
       12285000	      1227	80001928	4003dbb3	sra	x23,x7,x0	  x7:0xfffff931  x0:0x00000000 x23=0xfffff931
       12295000	      1228	8000192c	009c8663	beq	x25,x9,80001938	 x25:0xfffffde0  x9:0x00000000
       12305000	      1229	80001930	0502d663	bge	x5,x16,8000197c	  x5:0x0c119000 x16:0x000003e0
       12315000	      1230	00000000	00000013	addi	x0,x0,0	  x0:0x00000000
       12325000	      1231	80001978	00000013	addi	x0,x0,0	  x0:0x00000000
       12335000	      1232	8000197c	880ec6b7	lui	x13,0x880ec	 x13=0x880ec000
       12345000	      1233	80001980	00be2533	slt	x10,x28,x11	 x28:0x00000100 x11:0x80009f84 x10=0x00000000
       12355000	      1234	80001984	0096da63	bge	x13,x9,80001998	 x13:0x880ec000  x9:0x00000000
       12365000	      1235	80001988	00939263	bne	x7,x9,8000198c	  x7:0xfffff931  x9:0x00000000
       12375000	      1236	00000000	00000013	addi	x0,x0,0	  x0:0x00000000
       12385000	      1237	80001988	00000013	addi	x0,x0,0	  x0:0x00000000
       12395000	      1238	8000198c	001466b3	or	x13,x8,x1	  x8:0x53550000  x1:0x535503e0 x13=0x535503e0
       12405000	      1239	80001990	400c87b3	sub	x15,x25,x0	 x25:0xfffffde0  x0:0x00000000 x15=0xfffffde0
       12415000	      1240	80001994	e52cc993	xori	x19,x25,-430	 x25:0xfffffde0 x19=0x000003b2
       12425000	      1241	80001998	04d6d863	bge	x13,x13,800019e8	 x13:0x535503e0 x13:0x535503e0
       12435000	      1242	00000000	00000013	addi	x0,x0,0	  x0:0x00000000
       12445000	      1243	800019e4	00000013	addi	x0,x0,0	  x0:0x00000000
       12455000	      1244	800019e8	e7156393	ori	x7,x10,-399	 x10:0x00000000  x7=0xfffffe71
       12465000	      1245	800019ec	73697e13	andi	x28,x18,1846	 x18:0x00000000 x28=0x00000000
       12475000	      1246	800019f0	031f0263	beq	x30,x17,80001a14	 x30:0x80009fc4 x17:0x80000000
       12485000	      1247	800019f4	02715c63	bge	x2,x7,80001a2c	  x2:0x0c1191f7  x7:0xfffffe71
       12495000	      1248	00000000	00000013	addi	x0,x0,0	  x0:0x00000000
       12505000	      1249	80001a28	00000013	addi	x0,x0,0	  x0:0x00000000
       12515000	      1250	80001a2c	402552b3	sra	x5,x10,x2	 x10:0x00000000  x2:0x0c1191f7  x5=0x00000000
       12525000	      1251	80001a30	01a4a7b3	slt	x15,x9,x26	  x9:0x00000000 x26:0xfffffc23 x15=0x00000000
       12535000	      1252	80001a34	e725f637	lui	x12,0xe725f	 x12=0xe725f000
       12545000	      1253	80001a38	011dd793	srli	x15,x27,0x11	 x27:0xc2ecb000 x15=0x00006176
       12555000	      1254	80001a3c	00fb7bb3	and	x23,x22,x15	 x22:0x80008f2f x15:0x00006176 x23=0x00000126
       12565000	      1255	80001a40	40cf81b3	sub	x3,x31,x12	 x31:0x00000000 x12:0xe725f000  x3=0x18da1000
       12575000	      1256	80001a44	812f7113	andi	x2,x30,-2030	 x30:0x80009fc4  x2=0x80009800
       12585000	      1257	80001a48	007d8e63	beq	x27,x7,80001a64	 x27:0xc2ecb000  x7:0xfffffe71
       12595000	      1258	80001a4c	07fe9d37	lui	x26,0x7fe9	 x26=0x07fe9000
       12605000	      1259	80001a50	e4772693	slti	x13,x14,-441	 x14:0x0f56b790 x13=0x00000000
       12615000	      1260	80001a54	009b7663	bgeu	x22,x9,80001a60	 x22:0x80008f2f  x9:0x00000000
       12625000	      1261	00000000	00000013	addi	x0,x0,0	  x0:0x00000000
       12635000	      1262	80001a5c	00000013	addi	x0,x0,0	  x0:0x00000000
       12645000	      1263	80001a60	d7542393	slti	x7,x8,-651	  x8:0x53550000  x7=0x00000000
       12655000	      1264	80001a64	e23fb693	sltiu	x13,x31,-477	 x31:0x00000000 x13=0x00000001
       12665000	      1265	80001a68	fce6f213	andi	x4,x13,-50	 x13:0x00000001  x4=0x00000000
       12675000	      1266	80001a6c	5f3aed13	ori	x26,x21,1523	 x21:0x7fff7327 x26=0x7fff77f7
       12685000	      1267	80001a70	41988233	sub	x4,x17,x25	 x17:0x80000000 x25:0xfffffde0  x4=0x80000220
       12695000	      1268	80001a74	f6b2ae13	slti	x28,x5,-149	  x5:0x00000000 x28=0x00000000
       12705000	      1269	80001a78	01dae233	or	x4,x21,x29	 x21:0x7fff7327 x29:0x00000001  x4=0x7fff7327
       12715000	      1270	80001a7c	04e8f263	bgeu	x17,x14,80001ac0	 x17:0x80000000 x14:0x0f56b790
       12725000	      1271	00000000	00000013	addi	x0,x0,0	  x0:0x00000000
       12735000	      1272	80001abc	00000013	addi	x0,x0,0	  x0:0x00000000
       12745000	      1273	80001ac0	01dc6e63	bltu	x24,x29,80001adc	 x24:0x1756b570 x29:0x00000001
       12755000	      1274	80001ac4	00c433b3	sltu	x7,x8,x12	  x8:0x53550000 x12:0xe725f000  x7=0x00000001
       12765000	      1275	80001ac8	d37c6313	ori	x6,x24,-713	 x24:0x1756b570  x6=0xfffffd77
       12775000	      1276	80001acc	01d5d1b3	srl	x3,x11,x29	 x11:0x80009f84 x29:0x00000001  x3=0x40004fc2
       12785000	      1277	80001ad0	40e008b3	sub	x17,x0,x14	  x0:0x00000000 x14:0x0f56b790 x17=0xf0a94870
       12795000	      1278	80001ad4	01ad5b33	srl	x22,x26,x26	 x26:0x7fff77f7 x26:0x7fff77f7 x22=0x000000ff
       12805000	      1279	80001ad8	00e16e63	bltu	x2,x14,80001af4	  x2:0x80009800 x14:0x0f56b790
       12815000	      1280	80001adc	002bedb3	or	x27,x23,x2	 x23:0x00000126  x2:0x80009800 x27=0x80009926
       12825000	      1281	80001ae0	4c0deb93	ori	x23,x27,1216	 x27:0x80009926 x23=0x80009de6
       12835000	      1282	80001ae4	00e716b3	sll	x13,x14,x14	 x14:0x0f56b790 x14:0x0f56b790 x13=0xb7900000
       12845000	      1283	80001ae8	41fd8d33	sub	x26,x27,x31	 x27:0x80009926 x31:0x00000000 x26=0x80009926
       12855000	      1284	80001aec	41a05e33	sra	x28,x0,x26	  x0:0x00000000 x26:0x80009926 x28=0x00000000
       12865000	      1285	80001af0	01720333	add	x6,x4,x23	  x4:0x7fff7327 x23:0x80009de6  x6=0x0000110d
       12875000	      1286	80001af4	0058a9b3	slt	x19,x17,x5	 x17:0xf0a94870  x5:0x00000000 x19=0x00000001
       12885000	      1287	80001af8	cad1ca93	xori	x21,x3,-851	  x3:0x40004fc2 x21=0xbfffb36f
       12895000	      1288	80001afc	009c5b13	srli	x22,x24,0x9	 x24:0x1756b570 x22=0x000bab5a
       12905000	      1289	80001b00	0092b2b3	sltu	x5,x5,x9	  x5:0x00000000  x9:0x00000000  x5=0x00000000
       12915000	      1290	80001b04	9bf3bd13	sltiu	x26,x7,-1601	  x7:0x00000001 x26=0x00000001
       12925000	      1291	80001b08	f4dd2b93	slti	x23,x26,-179	 x26:0x00000001 x23=0x00000000
       12935000	      1292	80001b0c	00ea1313	slli	x6,x20,0xe	 x20:0x00000001  x6=0x00004000
       12945000	      1293	80001b10	00d30463	beq	x6,x13,80001b18	  x6:0x00004000 x13:0xb7900000
       12955000	      1294	80001b14	cf6d4793	xori	x15,x26,-778	 x26:0x00000001 x15=0xfffffcf7
       12965000	      1295	80001b18	01f3ceb3	xor	x29,x7,x31	  x7:0x00000001 x31:0x00000000 x29=0x00000001
       12975000	      1296	80001b1c	0058fc63	bgeu	x17,x5,80001b34	 x17:0xf0a94870  x5:0x00000000
       12985000	      1297	00000000	00000013	addi	x0,x0,0	  x0:0x00000000
       12995000	      1298	80001b30	00000013	addi	x0,x0,0	  x0:0x00000000
       13005000	      1299	80001b34	00714263	blt	x2,x7,80001b38	  x2:0x80009800  x7:0x00000001
       13015000	      1300	00000000	00000013	addi	x0,x0,0	  x0:0x00000000
       13025000	      1301	80001b34	00000013	addi	x0,x0,0	  x0:0x00000000
       13035000	      1302	80001b38	7bf89317	auipc	x6,0x7bf89	  x6=0xfbf8ab34
       13045000	      1303	80001b3c	00da8263	beq	x21,x13,80001b40	 x21:0xbfffb36f x13:0xb7900000
       13055000	      1304	80001b40	a9643c13	sltiu	x24,x8,-1386	  x8:0x53550000 x24=0x00000001
       13065000	      1305	80001b44	41735d13	srai	x26,x6,0x17	  x6:0xfbf8ab34 x26=0xfffffff7
       13075000	      1306	80001b48	55749a97	auipc	x21,0x55749	 x21=0xd574ab44
       13085000	      1307	80001b4c	35e6b297	auipc	x5,0x35e6b	  x5=0xb5e6cb48
       13095000	      1308	80001b50	41cb8d33	sub	x26,x23,x28	 x23:0x00000000 x28:0x00000000 x26=0x00000000
       13105000	      1309	80001b54	7bbd7d13	andi	x26,x26,1979	 x26:0x00000000 x26=0x00000000
       13115000	      1310	80001b58	01ca7633	and	x12,x20,x28	 x20:0x00000001 x28:0x00000000 x12=0x00000000
       13125000	      1311	80001b5c	0173b3b3	sltu	x7,x7,x23	  x7:0x00000001 x23:0x00000000  x7=0x00000000
       13135000	      1312	80001b60	01539eb3	sll	x29,x7,x21	  x7:0x00000000 x21:0xd574ab44 x29=0x00000000
       13145000	      1313	80001b64	e9e2c293	xori	x5,x5,-354	  x5:0xb5e6cb48  x5=0x4a1935d6
       13155000	      1314	80001b68	00b61133	sll	x2,x12,x11	 x12:0x00000000 x11:0x80009f84  x2=0x00000000
       13165000	      1315	80001b6c	0056cc33	xor	x24,x13,x5	 x13:0xb7900000  x5:0x4a1935d6 x24=0xfd8935d6
       13175000	      1316	80001b70	018b5a63	bge	x22,x24,80001b84	 x22:0x000bab5a x24:0xfd8935d6
       13185000	      1317	00000000	00000013	addi	x0,x0,0	  x0:0x00000000
       13195000	      1318	80001b80	00000013	addi	x0,x0,0	  x0:0x00000000
       13205000	      1319	80001b84	034c7c63	bgeu	x24,x20,80001bbc	 x24:0xfd8935d6 x20:0x00000001
       13215000	      1320	00000000	00000013	addi	x0,x0,0	  x0:0x00000000
       13225000	      1321	80001bb8	00000013	addi	x0,x0,0	  x0:0x00000000
       13235000	      1322	80001bbc	02215663	bge	x2,x2,80001be8	  x2:0x00000000  x2:0x00000000
       13245000	      1323	00000000	00000013	addi	x0,x0,0	  x0:0x00000000
       13255000	      1324	80001be4	00000013	addi	x0,x0,0	  x0:0x00000000
       13265000	      1325	80001be8	a0386913	ori	x18,x16,-1533	 x16:0x000003e0 x18=0xfffffbe3
       13275000	      1326	80001bec	008dc833	xor	x16,x27,x8	 x27:0x80009926  x8:0x53550000 x16=0xd3559926
       13285000	      1327	80001bf0	018306b3	add	x13,x6,x24	  x6:0xfbf8ab34 x24:0xfd8935d6 x13=0xf981e10a
       13295000	      1328	80001bf4	402ad413	srai	x8,x21,0x2	 x21:0xd574ab44  x8=0xf55d2ad1
       13305000	      1329	80001bf8	cf9c1117	auipc	x2,0xcf9c1	  x2=0x4f9c2bf4
       13315000	      1330	80001bfc	0323e263	bltu	x7,x18,80001c20	  x7:0x00000000 x18:0xfffffbe3
       13325000	      1331	00000000	00000013	addi	x0,x0,0	  x0:0x00000000
       13335000	      1332	80001c1c	00000013	addi	x0,x0,0	  x0:0x00000000
       13345000	      1333	80001c20	00778c63	beq	x15,x7,80001c38	 x15:0xfffffcf7  x7:0x00000000
       13355000	      1334	80001c24	008fe263	bltu	x31,x8,80001c28	 x31:0x00000000  x8:0xf55d2ad1
       13365000	      1335	00000000	00000013	addi	x0,x0,0	  x0:0x00000000
       13375000	      1336	80001c24	00000013	addi	x0,x0,0	  x0:0x00000000
       13385000	      1337	80001c28	006d9cb3	sll	x25,x27,x6	 x27:0x80009926  x6:0xfbf8ab34 x25=0x92600000
       13395000	      1338	80001c2c	3ba7b393	sltiu	x7,x15,954	 x15:0xfffffcf7  x7=0x00000000
       13405000	      1339	80001c30	00d1ea63	bltu	x3,x13,80001c44	  x3:0x40004fc2 x13:0xf981e10a
       13415000	      1340	00000000	00000013	addi	x0,x0,0	  x0:0x00000000
       13425000	      1341	80001c40	00000013	addi	x0,x0,0	  x0:0x00000000
       13435000	      1342	80001c44	02d77063	bgeu	x14,x13,80001c64	 x14:0x0f56b790 x13:0xf981e10a
       13445000	      1343	80001c48	05fb0263	beq	x22,x31,80001c8c	 x22:0x000bab5a x31:0x00000000
       13455000	      1344	80001c4c	02695063	bge	x18,x6,80001c6c	 x18:0xfffffbe3  x6:0xfbf8ab34
       13465000	      1345	00000000	00000013	addi	x0,x0,0	  x0:0x00000000
       13475000	      1346	80001c68	00000013	addi	x0,x0,0	  x0:0x00000000
       13485000	      1347	80001c6c	00b2d3b3	srl	x7,x5,x11	  x5:0x4a1935d6 x11:0x80009f84  x7=0x04a1935d
       13495000	      1348	80001c70	408b5093	srai	x1,x22,0x8	 x22:0x000bab5a  x1=0x00000bab
       13505000	      1349	80001c74	01884d93	xori	x27,x16,24	 x16:0xd3559926 x27=0xd355993e
       13515000	      1350	80001c78	8437b437	lui	x8,0x8437b	  x8=0x8437b000
       13525000	      1351	80001c7c	86950e93	addi	x29,x10,-1943	 x10:0x00000000 x29=0xfffff869
       13535000	      1352	80001c80	0251ca63	blt	x3,x5,80001cb4	  x3:0x40004fc2  x5:0x4a1935d6
       13545000	      1353	00000000	00000013	addi	x0,x0,0	  x0:0x00000000
       13555000	      1354	80001cb0	00000013	addi	x0,x0,0	  x0:0x00000000
       13565000	      1355	80001cb4	01d38cb3	add	x25,x7,x29	  x7:0x04a1935d x29:0xfffff869 x25=0x04a18bc6
       13575000	      1356	80001cb8	b4d6a417	auipc	x8,0xb4d6a	  x8=0x34d6bcb4
       13585000	      1357	80001cbc	0112f533	and	x10,x5,x17	  x5:0x4a1935d6 x17:0xf0a94870 x10=0x40090050
       13595000	      1358	80001cc0	01737033	and	x0,x6,x23	  x6:0xfbf8ab34 x23:0x00000000
       13605000	      1359	80001cc4	cefbfa13	andi	x20,x23,-785	 x23:0x00000000 x20=0x00000000
       13615000	      1360	80001cc8	e5f0ea13	ori	x20,x1,-417	  x1:0x00000bab x20=0xffffffff
       13625000	      1361	80001ccc	01d38db3	add	x27,x7,x29	  x7:0x04a1935d x29:0xfffff869 x27=0x04a18bc6
       13635000	      1362	80001cd0	ffc81c37	lui	x24,0xffc81	 x24=0xffc81000
       13645000	      1363	80001cd4	01829663	bne	x5,x24,80001ce0	  x5:0x4a1935d6 x24:0xffc81000
       13655000	      1364	00000000	00000013	addi	x0,x0,0	  x0:0x00000000
       13665000	      1365	80001cdc	00000013	addi	x0,x0,0	  x0:0x00000000
       13675000	      1366	80001ce0	00000013	addi	x0,x0,0	  x0:0x00000000
       13685000	      1367	80001ce4	f242e113	ori	x2,x5,-220	  x5:0x4a1935d6  x2=0xfffffff6
       13695000	      1368	80001ce8	4ebafa93	andi	x21,x21,1259	 x21:0xd574ab44 x21=0x00000040
       13705000	      1369	80001cec	01162c33	slt	x24,x12,x17	 x12:0x00000000 x17:0xf0a94870 x24=0x00000000
       13715000	      1370	80001cf0	01d977b3	and	x15,x18,x29	 x18:0xfffffbe3 x29:0xfffff869 x15=0xfffff861
       13725000	      1371	80001cf4	f882b113	sltiu	x2,x5,-120	  x5:0x4a1935d6  x2=0x00000001
       13735000	      1372	80001cf8	41bad633	sra	x12,x21,x27	 x21:0x00000040 x27:0x04a18bc6 x12=0x00000001
       13745000	      1373	80001cfc	00109c63	bne	x1,x1,80001d14	  x1:0x00000bab  x1:0x00000bab
       13755000	      1374	80001d00	00f4a2b3	slt	x5,x9,x15	  x9:0x00000000 x15:0xfffff861  x5=0x00000000
       13765000	      1375	80001d04	00a31113	slli	x2,x6,0xa	  x6:0xfbf8ab34  x2=0xe2acd000
       13775000	      1376	80001d08	9d5eec13	ori	x24,x29,-1579	 x29:0xfffff869 x24=0xfffff9fd
       13785000	      1377	80001d0c	002d9e63	bne	x27,x2,80001d28	 x27:0x04a18bc6  x2:0xe2acd000
       13795000	      1378	00000000	00000013	addi	x0,x0,0	  x0:0x00000000
       13805000	      1379	80001d24	00000013	addi	x0,x0,0	  x0:0x00000000
       13815000	      1380	80001d28	05797863	bgeu	x18,x23,80001d78	 x18:0xfffffbe3 x23:0x00000000
       13825000	      1381	00000000	00000013	addi	x0,x0,0	  x0:0x00000000
       13835000	      1382	80001d74	00000013	addi	x0,x0,0	  x0:0x00000000
       13845000	      1383	80001d78	03fdf263	bgeu	x27,x31,80001d9c	 x27:0x04a18bc6 x31:0x00000000
       13855000	      1384	00000000	00000013	addi	x0,x0,0	  x0:0x00000000
       13865000	      1385	80001d98	00000013	addi	x0,x0,0	  x0:0x00000000
       13875000	      1386	80001d9c	008ce7b3	or	x15,x25,x8	 x25:0x04a18bc6  x8:0x34d6bcb4 x15=0x34f7bff6
       13885000	      1387	80001da0	409d8933	sub	x18,x27,x9	 x27:0x04a18bc6  x9:0x00000000 x18=0x04a18bc6
       13895000	      1388	80001da4	00dd4263	blt	x26,x13,80001da8	 x26:0x00000000 x13:0xf981e10a
       13905000	      1389	80001da8	017fa4b3	slt	x9,x31,x23	 x31:0x00000000 x23:0x00000000  x9=0x00000000
       13915000	      1390	80001dac	01869413	slli	x8,x13,0x18	 x13:0xf981e10a  x8=0x0a000000
       13925000	      1391	80001db0	0046a533	slt	x10,x13,x4	 x13:0xf981e10a  x4:0x7fff7327 x10=0x00000001
       13935000	      1392	80001db4	0143edb3	or	x27,x7,x20	  x7:0x04a1935d x20:0xffffffff x27=0xffffffff
       13945000	      1393	80001db8	8d8ce497	auipc	x9,0x8d8ce	  x9=0x0d8cfdb4
       13955000	      1394	80001dbc	024a4463	blt	x20,x4,80001de4	 x20:0xffffffff  x4:0x7fff7327
       13965000	      1395	00000000	00000013	addi	x0,x0,0	  x0:0x00000000
       13975000	      1396	80001de0	00000013	addi	x0,x0,0	  x0:0x00000000
       13985000	      1397	80001de4	541a6613	ori	x12,x20,1345	 x20:0xffffffff x12=0xffffffff
       13995000	      1398	80001de8	5effad13	slti	x26,x31,1519	 x31:0x00000000 x26=0x00000001
       14005000	      1399	80001dec	9286a313	slti	x6,x13,-1752	 x13:0xf981e10a  x6=0x00000001
       14015000	      1400	80001df0	019e6b33	or	x22,x28,x25	 x28:0x00000000 x25:0x04a18bc6 x22=0x04a18bc6
       14025000	      1401	80001df4	00f0c3b3	xor	x7,x1,x15	  x1:0x00000bab x15:0x34f7bff6  x7=0x34f7b45d
       14035000	      1402	80001df8	011c7733	and	x14,x24,x17	 x24:0xfffff9fd x17:0xf0a94870 x14=0xf0a94870
       14045000	      1403	80001dfc	03a85063	bge	x16,x26,80001e1c	 x16:0xd3559926 x26:0x00000001
       14055000	      1404	80001e00	012c9c33	sll	x24,x25,x18	 x25:0x04a18bc6 x18:0x04a18bc6 x24=0x2862f180
       14065000	      1405	80001e04	00000013	addi	x0,x0,0	  x0:0x00000000
       14075000	      1406	80001e08	0197d833	srl	x16,x15,x25	 x15:0x34f7bff6 x25:0x04a18bc6 x16=0x00d3deff
       14085000	      1407	80001e0c	da9a3413	sltiu	x8,x20,-599	 x20:0xffffffff  x8=0x00000000
       14095000	      1408	80001e10	01299b33	sll	x22,x19,x18	 x19:0x00000001 x18:0x04a18bc6 x22=0x00000040
       14105000	      1409	80001e14	00bd7133	and	x2,x26,x11	 x26:0x00000001 x11:0x80009f84  x2=0x00000000
       14115000	      1410	80001e18	01dd0033	add	x0,x26,x29	 x26:0x00000001 x29:0xfffff869
       14125000	      1411	80001e1c	414e5b33	sra	x22,x28,x20	 x28:0x00000000 x20:0xffffffff x22=0x00000000
       14135000	      1412	80001e20	2947a013	slti	x0,x15,660	 x15:0x34f7bff6
       14145000	      1413	80001e24	013d6c63	bltu	x26,x19,80001e3c	 x26:0x00000001 x19:0x00000001
       14155000	      1414	80001e28	05d14863	blt	x2,x29,80001e78	  x2:0x00000000 x29:0xfffff869
       14165000	      1415	80001e2c	403cd733	sra	x14,x25,x3	 x25:0x04a18bc6  x3:0x40004fc2 x14=0x012862f1
       14175000	      1416	80001e30	40330333	sub	x6,x6,x3	  x6:0x00000001  x3:0x40004fc2  x6=0xbfffb03f
       14185000	      1417	80001e34	00839463	bne	x7,x8,80001e3c	  x7:0x34f7b45d  x8:0x00000000
       14195000	      1418	00000000	00000013	addi	x0,x0,0	  x0:0x00000000
       14205000	      1419	80001e38	00000013	addi	x0,x0,0	  x0:0x00000000
       14215000	      1420	80001e3c	0049b8b3	sltu	x17,x19,x4	 x19:0x00000001  x4:0x7fff7327 x17=0x00000001
       14225000	      1421	80001e40	0080f933	and	x18,x1,x8	  x1:0x00000bab  x8:0x00000000 x18=0x00000000
       14235000	      1422	80001e44	00ab6e63	bltu	x22,x10,80001e60	 x22:0x00000000 x10:0x00000001
       14245000	      1423	00000000	00000013	addi	x0,x0,0	  x0:0x00000000
       14255000	      1424	80001e5c	00000013	addi	x0,x0,0	  x0:0x00000000
       14265000	      1425	80001e60	001ed513	srli	x10,x29,0x1	 x29:0xfffff869 x10=0x7ffffc34
       14275000	      1426	80001e64	003e7663	bgeu	x28,x3,80001e70	 x28:0x00000000  x3:0x40004fc2
       14285000	      1427	80001e68	412b8933	sub	x18,x23,x18	 x23:0x00000000 x18:0x00000000 x18=0x00000000
       14295000	      1428	80001e6c	1270cd13	xori	x26,x1,295	  x1:0x00000bab x26=0x00000a8c
       14305000	      1429	80001e70	002c73b3	and	x7,x24,x2	 x24:0x2862f180  x2:0x00000000  x7=0x00000000
       14315000	      1430	80001e74	2e4c4613	xori	x12,x24,740	 x24:0x2862f180 x12=0x2862f364
       14325000	      1431	80001e78	05e65863	bge	x12,x30,80001ec8	 x12:0x2862f364 x30:0x80009fc4
       14335000	      1432	00000000	00000013	addi	x0,x0,0	  x0:0x00000000
       14345000	      1433	80001ec4	00000013	addi	x0,x0,0	  x0:0x00000000
       14355000	      1434	80001ec8	02a5cc63	blt	x11,x10,80001f00	 x11:0x80009f84 x10:0x7ffffc34
       14365000	      1435	00000000	00000013	addi	x0,x0,0	  x0:0x00000000
       14375000	      1436	80001efc	00000013	addi	x0,x0,0	  x0:0x00000000
       14385000	      1437	80001f00	01bc9193	slli	x3,x25,0x1b	 x25:0x04a18bc6  x3=0x30000000
       14395000	      1438	80001f04	41fdd793	srai	x15,x27,0x1f	 x27:0xffffffff x15=0xffffffff
       14405000	      1439	80001f08	00bc7b33	and	x22,x24,x11	 x24:0x2862f180 x11:0x80009f84 x22=0x00009180
       14415000	      1440	80001f0c	405f8e33	sub	x28,x31,x5	 x31:0x00000000  x5:0x00000000 x28=0x00000000
       14425000	      1441	80001f10	00029a63	bne	x5,x0,80001f24	  x5:0x00000000  x0:0x00000000
       14435000	      1442	80001f14	006f7933	and	x18,x30,x6	 x30:0x80009fc4  x6:0xbfffb03f x18=0x80009004
       14445000	      1443	80001f18	05def863	bgeu	x29,x29,80001f68	 x29:0xfffff869 x29:0xfffff869
       14455000	      1444	00000000	00000013	addi	x0,x0,0	  x0:0x00000000
       14465000	      1445	80001f64	00000013	addi	x0,x0,0	  x0:0x00000000
       14475000	      1446	80001f68	f13c0493	addi	x9,x24,-237	 x24:0x2862f180  x9=0x2862f093
       14485000	      1447	80001f6c	012d24b3	slt	x9,x26,x18	 x26:0x00000a8c x18:0x80009004  x9=0x00000000
       14495000	      1448	80001f70	015e37b3	sltu	x15,x28,x21	 x28:0x00000000 x21:0x00000040 x15=0x00000001
       14505000	      1449	80001f74	0144b833	sltu	x16,x9,x20	  x9:0x00000000 x20:0xffffffff x16=0x00000001
       14515000	      1450	80001f78	00535313	srli	x6,x6,0x5	  x6:0xbfffb03f  x6=0x05fffd81
       14525000	      1451	80001f7c	02891063	bne	x18,x8,80001f9c	 x18:0x80009004  x8:0x00000000
       14535000	      1452	00000000	00000013	addi	x0,x0,0	  x0:0x00000000
       14545000	      1453	80001f98	00000013	addi	x0,x0,0	  x0:0x00000000
       14555000	      1454	80001f9c	00c85613	srli	x12,x16,0xc	 x16:0x00000001 x12=0x00000000
       14565000	      1455	80001fa0	00631e33	sll	x28,x6,x6	  x6:0x05fffd81  x6:0x05fffd81 x28=0x0bfffb02
       14575000	      1456	80001fa4	05eb0263	beq	x22,x30,80001fe8	 x22:0x00009180 x30:0x80009fc4
       14585000	      1457	80001fa8	09c98413	addi	x8,x19,156	 x19:0x00000001  x8=0x0000009d
       14595000	      1458	80001fac	00012333	slt	x6,x2,x0	  x2:0x00000000  x0:0x00000000  x6=0x00000000
       14605000	      1459	80001fb0	01911313	slli	x6,x2,0x19	  x2:0x00000000  x6=0x00000000
       14615000	      1460	80001fb4	ed92bc93	sltiu	x25,x5,-295	  x5:0x00000000 x25=0x00000001
       14625000	      1461	80001fb8	011286b3	add	x13,x5,x17	  x5:0x00000000 x17:0x00000001 x13=0x00000001
       14635000	      1462	80001fbc	74184713	xori	x14,x16,1857	 x16:0x00000001 x14=0x00000740
       14645000	      1463	80001fc0	0083d113	srli	x2,x7,0x8	  x7:0x00000000  x2=0x00000000
       14655000	      1464	80001fc4	02c9d663	bge	x19,x12,80001ff0	 x19:0x00000001 x12:0x00000000
       14665000	      1465	00000000	00000013	addi	x0,x0,0	  x0:0x00000000
       14675000	      1466	80001fec	00000013	addi	x0,x0,0	  x0:0x00000000
       14685000	      1467	80001ff0	00729463	bne	x5,x7,80001ff8	  x5:0x00000000  x7:0x00000000
       14695000	      1468	80001ff4	2ae36113	ori	x2,x6,686	  x6:0x00000000  x2=0x000002ae
       14705000	      1469	80001ff8	413a56b3	sra	x13,x20,x19	 x20:0xffffffff x19:0x00000001 x13=0xffffffff
       14715000	      1470	80001ffc	00369513	slli	x10,x13,0x3	 x13:0xffffffff x10=0xfffffff8
       14725000	      1471	80002000	016c5a63	bge	x24,x22,80002014	 x24:0x2862f180 x22:0x00009180
       14735000	      1472	00000000	00000013	addi	x0,x0,0	  x0:0x00000000
       14745000	      1473	80002010	00000013	addi	x0,x0,0	  x0:0x00000000
       14755000	      1474	80002014	416f83b3	sub	x7,x31,x22	 x31:0x00000000 x22:0x00009180  x7=0xffff6e80
       14765000	      1475	80002018	40f0d613	srai	x12,x1,0xf	  x1:0x00000bab x12=0x00000000
       14775000	      1476	8000201c	00234c63	blt	x6,x2,80002034	  x6:0x00000000  x2:0x000002ae
       14785000	      1477	00000000	00000013	addi	x0,x0,0	  x0:0x00000000
       14795000	      1478	80002030	00000013	addi	x0,x0,0	  x0:0x00000000
       14805000	      1479	80002034	00e5ebb3	or	x23,x11,x14	 x11:0x80009f84 x14:0x00000740 x23=0x80009fc4
       14815000	      1480	80002038	d1268493	addi	x9,x13,-750	 x13:0xffffffff  x9=0xfffffd11
       14825000	      1481	8000203c	8934fa13	andi	x20,x9,-1901	  x9:0xfffffd11 x20=0xfffff811
       14835000	      1482	80002040	7190a397	auipc	x7,0x7190a	  x7=0xf190c03c
       14845000	      1483	80002044	03b44263	blt	x8,x27,80002068	  x8:0x0000009d x27:0xffffffff
       14855000	      1484	80002048	41075433	sra	x8,x14,x16	 x14:0x00000740 x16:0x00000001  x8=0x000003a0
       14865000	      1485	8000204c	016ae133	or	x2,x21,x22	 x21:0x00000040 x22:0x00009180  x2=0x000091c0
       14875000	      1486	80002050	41840e33	sub	x28,x8,x24	  x8:0x000003a0 x24:0x2862f180 x28=0xd79d1220
       14885000	      1487	80002054	00c97733	and	x14,x18,x12	 x18:0x80009004 x12:0x00000000 x14=0x00000000
       14895000	      1488	80002058	00121093	slli	x1,x4,0x1	  x4:0x7fff7327  x1=0xfffee64e
       14905000	      1489	8000205c	00d95533	srl	x10,x18,x13	 x18:0x80009004 x13:0xffffffff x10=0x00000001
       14915000	      1490	80002060	00568c63	beq	x13,x5,80002078	 x13:0xffffffff  x5:0x00000000
       14925000	      1491	80002064	cf7e3e93	sltiu	x29,x28,-777	 x28:0xd79d1220 x29=0x00000001
       14935000	      1492	80002068	9bff3513	sltiu	x10,x30,-1601	 x30:0x80009fc4 x10=0x00000001
       14945000	      1493	8000206c	03514063	blt	x2,x21,8000208c	  x2:0x000091c0 x21:0x00000040
       14955000	      1494	80002070	9915a513	slti	x10,x11,-1647	 x11:0x80009f84 x10=0x00000001
       14965000	      1495	80002074	0067bab3	sltu	x21,x15,x6	 x15:0x00000001  x6:0x00000000 x21=0x00000000
       14975000	      1496	80002078	015d76b3	and	x13,x26,x21	 x26:0x00000a8c x21:0x00000000 x13=0x00000000
       14985000	      1497	8000207c	6fcfc813	xori	x16,x31,1788	 x31:0x00000000 x16=0x000006fc
       14995000	      1498	80002080	00919213	slli	x4,x3,0x9	  x3:0x30000000  x4=0x00000000
       15005000	      1499	80002084	01995a93	srli	x21,x18,0x19	 x18:0x80009004 x21=0x00000040
       15015000	      1500	80002088	03ca9a63	bne	x21,x28,800020bc	 x21:0x00000040 x28:0xd79d1220
       15025000	      1501	00000000	00000013	addi	x0,x0,0	  x0:0x00000000
       15035000	      1502	800020b8	00000013	addi	x0,x0,0	  x0:0x00000000
       15045000	      1503	800020bc	0044d933	srl	x18,x9,x4	  x9:0xfffffd11  x4:0x00000000 x18=0xfffffd11
       15055000	      1504	800020c0	00b9c463	blt	x19,x11,800020c8	 x19:0x00000001 x11:0x80009f84
       15065000	      1505	800020c4	b84ae693	ori	x13,x21,-1148	 x21:0x00000040 x13=0xfffffbc4
       15075000	      1506	800020c8	879c7217	auipc	x4,0x879c7	  x4=0x079c90c4
       15085000	      1507	800020cc	01473533	sltu	x10,x14,x20	 x14:0x00000000 x20:0xfffff811 x10=0x00000001
       15095000	      1508	800020d0	1b023b93	sltiu	x23,x4,432	  x4:0x079c90c4 x23=0x00000000
       15105000	      1509	800020d4	01f1d713	srli	x14,x3,0x1f	  x3:0x30000000 x14=0x00000000
       15115000	      1510	800020d8	6238a713	slti	x14,x17,1571	 x17:0x00000001 x14=0x00000001
       15125000	      1511	800020dc	0188ccb3	xor	x25,x17,x24	 x17:0x00000001 x24:0x2862f180 x25=0x2862f181
       15135000	      1512	800020e0	21475117	auipc	x2,0x21475	  x2=0xa14770dc
       15145000	      1513	800020e4	cd4fbd13	sltiu	x26,x31,-812	 x31:0x00000000 x26=0x00000001
       15155000	      1514	800020e8	002570b3	and	x1,x10,x2	 x10:0x00000001  x2:0xa14770dc  x1=0x00000000
       15165000	      1515	800020ec	03006a63	bltu	x0,x16,80002120	  x0:0x00000000 x16:0x000006fc
       15175000	      1516	00000000	00000013	addi	x0,x0,0	  x0:0x00000000
       15185000	      1517	8000211c	00000013	addi	x0,x0,0	  x0:0x00000000
       15195000	      1518	80002120	407c88b3	sub	x17,x25,x7	 x25:0x2862f181  x7:0xf190c03c x17=0x36d23145
       15205000	      1519	80002124	40a65813	srai	x16,x12,0xa	 x12:0x00000000 x16=0x00000000
       15215000	      1520	80002128	0179f493	andi	x9,x19,23	 x19:0x00000001  x9=0x00000001
       15225000	      1521	8000212c	01112d33	slt	x26,x2,x17	  x2:0xa14770dc x17:0x36d23145 x26=0x00000001
       15235000	      1522	80002130	01f6f663	bgeu	x13,x31,8000213c	 x13:0xfffffbc4 x31:0x00000000
       15245000	      1523	00000000	00000013	addi	x0,x0,0	  x0:0x00000000
       15255000	      1524	80002138	00000013	addi	x0,x0,0	  x0:0x00000000
       15265000	      1525	8000213c	406b8cb3	sub	x25,x23,x6	 x23:0x00000000  x6:0x00000000 x25=0x00000000
       15275000	      1526	80002140	a0f68693	addi	x13,x13,-1521	 x13:0xfffffbc4 x13=0xfffff5d3
       15285000	      1527	80002144	00000013	addi	x0,x0,0	  x0:0x00000000
       15295000	      1528	80002148	f24beb93	ori	x23,x23,-220	 x23:0x00000000 x23=0xffffff24
       15305000	      1529	8000214c	40938133	sub	x2,x7,x9	  x7:0xf190c03c  x9:0x00000001  x2=0xf190c03b
       15315000	      1530	80002150	03a11063	bne	x2,x26,80002170	  x2:0xf190c03b x26:0x00000001
       15325000	      1531	00000000	00000013	addi	x0,x0,0	  x0:0x00000000
       15335000	      1532	8000216c	00000013	addi	x0,x0,0	  x0:0x00000000
       15345000	      1533	80002170	01347663	bgeu	x8,x19,8000217c	  x8:0x000003a0 x19:0x00000001
       15355000	      1534	00000000	00000013	addi	x0,x0,0	  x0:0x00000000
       15365000	      1535	80002178	00000013	addi	x0,x0,0	  x0:0x00000000
       15375000	      1536	8000217c	01b1ca63	blt	x3,x27,80002190	  x3:0x30000000 x27:0xffffffff
       15385000	      1537	80002180	00000013	addi	x0,x0,0	  x0:0x00000000
       15395000	      1538	80002184	c0d8e813	ori	x16,x17,-1011	 x17:0x36d23145 x16=0xfffffd4d
       15405000	      1539	80002188	00721e33	sll	x28,x4,x7	  x4:0x079c90c4  x7:0xf190c03c x28=0x40000000
       15415000	      1540	8000218c	86293313	sltiu	x6,x18,-1950	 x18:0xfffffd11  x6=0x00000000
       15425000	      1541	80002190	01bdbc33	sltu	x24,x27,x27	 x27:0xffffffff x27:0xffffffff x24=0x00000000
       15435000	      1542	80002194	d1538897	auipc	x17,0xd1538	 x17=0x5153a190
       15445000	      1543	80002198	03c87c63	bgeu	x16,x28,800021d0	 x16:0xfffffd4d x28:0x40000000
       15455000	      1544	00000000	00000013	addi	x0,x0,0	  x0:0x00000000
       15465000	      1545	800021cc	00000013	addi	x0,x0,0	  x0:0x00000000
       15475000	      1546	800021d0	00cf5493	srli	x9,x30,0xc	 x30:0x80009fc4  x9=0x00080009
       15485000	      1547	800021d4	40ff51b3	sra	x3,x30,x15	 x30:0x80009fc4 x15:0x00000001  x3=0xc0004fe2
       15495000	      1548	800021d8	02647463	bgeu	x8,x6,80002200	  x8:0x000003a0  x6:0x00000000
       15505000	      1549	00000000	00000013	addi	x0,x0,0	  x0:0x00000000
       15515000	      1550	800021fc	00000013	addi	x0,x0,0	  x0:0x00000000
       15525000	      1551	80002200	01b11813	slli	x16,x2,0x1b	  x2:0xf190c03b x16=0xd8000000
       15535000	      1552	80002204	0183f0b3	and	x1,x7,x24	  x7:0xf190c03c x24:0x00000000  x1=0x00000000
       15545000	      1553	80002208	01a15bb3	srl	x23,x2,x26	  x2:0xf190c03b x26:0x00000001 x23=0x78c8601d
       15555000	      1554	8000220c	01dcf533	and	x10,x25,x29	 x25:0x00000000 x29:0x00000001 x10=0x00000000
       15565000	      1555	80002210	02d16663	bltu	x2,x13,8000223c	  x2:0xf190c03b x13:0xfffff5d3
       15575000	      1556	00000000	00000013	addi	x0,x0,0	  x0:0x00000000
       15585000	      1557	80002238	00000013	addi	x0,x0,0	  x0:0x00000000
       15595000	      1558	8000223c	02394c63	blt	x18,x3,80002274	 x18:0xfffffd11  x3:0xc0004fe2
       15605000	      1559	80002240	02c05463	bge	x0,x12,80002268	  x0:0x00000000 x12:0x00000000
       15615000	      1560	00000000	00000013	addi	x0,x0,0	  x0:0x00000000
       15625000	      1561	80002264	00000013	addi	x0,x0,0	  x0:0x00000000
       15635000	      1562	80002268	00a25413	srli	x8,x4,0xa	  x4:0x079c90c4  x8=0x0001e724
       15645000	      1563	8000226c	54925617	auipc	x12,0x54925	 x12=0xd4927268
       15655000	      1564	80002270	e9109637	lui	x12,0xe9109	 x12=0xe9109000
       15665000	      1565	80002274	00000013	addi	x0,x0,0	  x0:0x00000000
       15675000	      1566	80002278	406e59b3	sra	x19,x28,x6	 x28:0x40000000  x6:0x00000000 x19=0x40000000
       15685000	      1567	8000227c	ae82a513	slti	x10,x5,-1304	  x5:0x00000000 x10=0x00000000
       15695000	      1568	80002280	018efbb3	and	x23,x29,x24	 x29:0x00000001 x24:0x00000000 x23=0x00000000
       15705000	      1569	80002284	00f60433	add	x8,x12,x15	 x12:0xe9109000 x15:0x00000001  x8=0xe9109001
       15715000	      1570	80002288	01bbf4b3	and	x9,x23,x27	 x23:0x00000000 x27:0xffffffff  x9=0x00000000
       15725000	      1571	8000228c	00c13733	sltu	x14,x2,x12	  x2:0xf190c03b x12:0xe9109000 x14=0x00000000
       15735000	      1572	80002290	00215693	srli	x13,x2,0x2	  x2:0xf190c03b x13=0x3c64300e
       15745000	      1573	80002294	00000013	addi	x0,x0,0	  x0:0x00000000
       15755000	      1574	80002298	0115beb3	sltu	x29,x11,x17	 x11:0x80009f84 x17:0x5153a190 x29=0x00000000
       15765000	      1575	8000229c	01d4c333	xor	x6,x9,x29	  x9:0x00000000 x29:0x00000000  x6=0x00000000
       15775000	      1576	800022a0	4199d413	srai	x8,x19,0x19	 x19:0x40000000  x8=0x00000020
       15785000	      1577	800022a4	01207a63	bgeu	x0,x18,800022b8	  x0:0x00000000 x18:0xfffffd11
       15795000	      1578	800022a8	00316733	or	x14,x2,x3	  x2:0xf190c03b  x3:0xc0004fe2 x14=0xf190cffb
       15805000	      1579	800022ac	79fef297	auipc	x5,0x79fef	  x5=0xf9ff12a8
       15815000	      1580	800022b0	0013d013	srli	x0,x7,0x1	  x7:0xf190c03c
       15825000	      1581	800022b4	2c23a113	slti	x2,x7,706	  x7:0xf190c03c  x2=0x00000001
       15835000	      1582	800022b8	0ca2c993	xori	x19,x5,202	  x5:0xf9ff12a8 x19=0xf9ff1262
       15845000	      1583	800022bc	00000013	addi	x0,x0,0	  x0:0x00000000
       15855000	      1584	800022c0	05711063	bne	x2,x23,80002300	  x2:0x00000001 x23:0x00000000
       15865000	      1585	00000000	00000013	addi	x0,x0,0	  x0:0x00000000
       15875000	      1586	800022fc	00000013	addi	x0,x0,0	  x0:0x00000000
       15885000	      1587	80002300	05edd663	bge	x27,x30,8000234c	 x27:0xffffffff x30:0x80009fc4
       15895000	      1588	00000000	00000013	addi	x0,x0,0	  x0:0x00000000
       15905000	      1589	80002348	00000013	addi	x0,x0,0	  x0:0x00000000
       15915000	      1590	8000234c	00a1c4b3	xor	x9,x3,x10	  x3:0xc0004fe2 x10:0x00000000  x9=0xc0004fe2
       15925000	      1591	80002350	000d9c33	sll	x24,x27,x0	 x27:0xffffffff  x0:0x00000000 x24=0xffffffff
       15935000	      1592	80002354	04862493	slti	x9,x12,72	 x12:0xe9109000  x9=0x00000001
       15945000	      1593	80002358	00dfc433	xor	x8,x31,x13	 x31:0x00000000 x13:0x3c64300e  x8=0x3c64300e
       15955000	      1594	8000235c	00c75c93	srli	x25,x14,0xc	 x14:0xf190cffb x25=0x000f190c
       15965000	      1595	80002360	01065a13	srli	x20,x12,0x10	 x12:0xe9109000 x20=0x0000e910
       15975000	      1596	80002364	65703d93	sltiu	x27,x0,1623	  x0:0x00000000 x27=0x00000001
       15985000	      1597	80002368	0026ee63	bltu	x13,x2,80002384	 x13:0x3c64300e  x2:0x00000001
       15995000	      1598	8000236c	ee274793	xori	x15,x14,-286	 x14:0xf190cffb x15=0x0e6f3119
       16005000	      1599	80002370	d7a86c93	ori	x25,x16,-646	 x16:0xd8000000 x25=0xfffffd7a
       16015000	      1600	80002374	005129b3	slt	x19,x2,x5	  x2:0x00000001  x5:0xf9ff12a8 x19=0x00000000
       16025000	      1601	80002378	05194263	blt	x18,x17,800023bc	 x18:0xfffffd11 x17:0x5153a190
       16035000	      1602	00000000	00000013	addi	x0,x0,0	  x0:0x00000000
       16045000	      1603	800023b8	00000013	addi	x0,x0,0	  x0:0x00000000
       16055000	      1604	800023bc	00e14133	xor	x2,x2,x14	  x2:0x00000001 x14:0xf190cffb  x2=0xf190cffa
       16065000	      1605	800023c0	04115663	bge	x2,x1,8000240c	  x2:0xf190cffa  x1:0x00000000
       16075000	      1606	800023c4	046b1063	bne	x22,x6,80002404	 x22:0x00009180  x6:0x00000000
       16085000	      1607	00000000	00000013	addi	x0,x0,0	  x0:0x00000000
       16095000	      1608	80002400	00000013	addi	x0,x0,0	  x0:0x00000000
       16105000	      1609	80002404	60e18193	addi	x3,x3,1550	  x3:0xc0004fe2  x3=0xc00055f0
       16115000	      1610	80002408	004553b3	srl	x7,x10,x4	 x10:0x00000000  x4:0x079c90c4  x7=0x00000000
       16125000	      1611	8000240c	05c77863	bgeu	x14,x28,8000245c	 x14:0xf190cffb x28:0x40000000
       16135000	      1612	00000000	00000013	addi	x0,x0,0	  x0:0x00000000
       16145000	      1613	80002458	00000013	addi	x0,x0,0	  x0:0x00000000
       16155000	      1614	8000245c	2065eb93	ori	x23,x11,518	 x11:0x80009f84 x23=0x80009f86
       16165000	      1615	80002460	01719633	sll	x12,x3,x23	  x3:0xc00055f0 x23:0x80009f86 x12=0x00157c00
       16175000	      1616	80002464	02d06063	bltu	x0,x13,80002484	  x0:0x00000000 x13:0x3c64300e
       16185000	      1617	00000000	00000013	addi	x0,x0,0	  x0:0x00000000
       16195000	      1618	80002480	00000013	addi	x0,x0,0	  x0:0x00000000
       16205000	      1619	80002484	04628263	beq	x5,x6,800024c8	  x5:0xf9ff12a8  x6:0x00000000
       16215000	      1620	80002488	41e3d3b3	sra	x7,x7,x30	  x7:0x00000000 x30:0x80009fc4  x7=0x00000000
       16225000	      1621	8000248c	f064a513	slti	x10,x9,-250	  x9:0x00000001 x10=0x00000000
       16235000	      1622	80002490	41f65233	sra	x4,x12,x31	 x12:0x00157c00 x31:0x00000000  x4=0x00157c00
       16245000	      1623	80002494	0044c3b3	xor	x7,x9,x4	  x9:0x00000001  x4:0x00157c00  x7=0x00157c01
       16255000	      1624	80002498	00000013	addi	x0,x0,0	  x0:0x00000000
       16265000	      1625	8000249c	9f087e93	andi	x29,x16,-1552	 x16:0xd8000000 x29=0xd8000000
       16275000	      1626	800024a0	043b6b13	ori	x22,x22,67	 x22:0x00009180 x22=0x000091c3
       16285000	      1627	800024a4	2ac94737	lui	x14,0x2ac94	 x14=0x2ac94000
       16295000	      1628	800024a8	414bda13	srai	x20,x23,0x14	 x23:0x80009f86 x20=0xfffff800
       16305000	      1629	800024ac	055a8863	beq	x21,x21,800024fc	 x21:0x00000040 x21:0x00000040
       16315000	      1630	00000000	00000013	addi	x0,x0,0	  x0:0x00000000
       16325000	      1631	800024f8	00000013	addi	x0,x0,0	  x0:0x00000000
       16335000	      1632	800024fc	01b0d263	bge	x1,x27,80002500	  x1:0x00000000 x27:0x00000001
       16345000	      1633	80002500	0b2afe13	andi	x28,x21,178	 x21:0x00000040 x28=0x00000000
       16355000	      1634	80002504	01f7ee33	or	x28,x15,x31	 x15:0x0e6f3119 x31:0x00000000 x28=0x0e6f3119
       16365000	      1635	80002508	ae907993	andi	x19,x0,-1303	  x0:0x00000000 x19=0x00000000
       16375000	      1636	8000250c	0014d633	srl	x12,x9,x1	  x9:0x00000001  x1:0x00000000 x12=0x00000001
       16385000	      1637	80002510	036bd663	bge	x23,x22,8000253c	 x23:0x80009f86 x22:0x000091c3
       16395000	      1638	80002514	01ecd463	bge	x25,x30,8000251c	 x25:0xfffffd7a x30:0x80009fc4
       16405000	      1639	00000000	00000013	addi	x0,x0,0	  x0:0x00000000
       16415000	      1640	80002518	00000013	addi	x0,x0,0	  x0:0x00000000
       16425000	      1641	8000251c	00000013	addi	x0,x0,0	  x0:0x00000000
       16435000	      1642	80002520	015ed933	srl	x18,x29,x21	 x29:0xd8000000 x21:0x00000040 x18=0xd8000000
       16445000	      1643	80002524	41865313	srai	x6,x12,0x18	 x12:0x00000001  x6=0x00000000
       16455000	      1644	80002528	0172d1b3	srl	x3,x5,x23	  x5:0xf9ff12a8 x23:0x80009f86  x3=0x03e7fc4a
       16465000	      1645	8000252c	fdddc893	xori	x17,x27,-35	 x27:0x00000001 x17=0xffffffdc
       16475000	      1646	80002530	c4624c13	xori	x24,x4,-954	  x4:0x00157c00 x24=0xffea8046
       16485000	      1647	80002534	0395e663	bltu	x11,x25,80002560	 x11:0x80009f84 x25:0xfffffd7a
       16495000	      1648	00000000	00000013	addi	x0,x0,0	  x0:0x00000000
       16505000	      1649	8000255c	00000013	addi	x0,x0,0	  x0:0x00000000
       16515000	      1650	80002560	f53e2c93	slti	x25,x28,-173	 x28:0x0e6f3119 x25=0x00000000
       16525000	      1651	80002564	014e7433	and	x8,x28,x20	 x28:0x0e6f3119 x20:0xfffff800  x8=0x0e6f3000
       16535000	      1652	80002568	001a7833	and	x16,x20,x1	 x20:0xfffff800  x1:0x00000000 x16=0x00000000
       16545000	      1653	8000256c	f5df97b7	lui	x15,0xf5df9	 x15=0xf5df9000
       16555000	      1654	80002570	00b55193	srli	x3,x10,0xb	 x10:0x00000000  x3=0x00000000
       16565000	      1655	80002574	6bfa94b7	lui	x9,0x6bfa9	  x9=0x6bfa9000
       16575000	      1656	80002578	01422ab3	slt	x21,x4,x20	  x4:0x00157c00 x20:0xfffff800 x21=0x00000000
       16585000	      1657	8000257c	4dd68b93	addi	x23,x13,1245	 x13:0x3c64300e x23=0x3c6434eb
       16595000	      1658	80002580	41d45313	srai	x6,x8,0x1d	  x8:0x0e6f3000  x6=0x00000000
       16605000	      1659	80002584	016f7263	bgeu	x30,x22,80002588	 x30:0x80009fc4 x22:0x000091c3
       16615000	      1660	00000000	00000013	addi	x0,x0,0	  x0:0x00000000
       16625000	      1661	80002584	00000013	addi	x0,x0,0	  x0:0x00000000
       16635000	      1662	80002588	00f14eb3	xor	x29,x2,x15	  x2:0xf190cffa x15:0xf5df9000 x29=0x044f5ffa
       16645000	      1663	8000258c	0016f8b3	and	x17,x13,x1	 x13:0x3c64300e  x1:0x00000000 x17=0x00000000
       16655000	      1664	80002590	0198de63	bge	x17,x25,800025ac	 x17:0x00000000 x25:0x00000000
       16665000	      1665	00000000	00000013	addi	x0,x0,0	  x0:0x00000000
       16675000	      1666	800025a8	00000013	addi	x0,x0,0	  x0:0x00000000
       16685000	      1667	800025ac	b61bcd93	xori	x27,x23,-1183	 x23:0x3c6434eb x27=0xc39bcf8a
       16695000	      1668	800025b0	01591e33	sll	x28,x18,x21	 x18:0xd8000000 x21:0x00000000 x28=0xd8000000
       16705000	      1669	800025b4	00e8feb3	and	x29,x17,x14	 x17:0x00000000 x14:0x2ac94000 x29=0x00000000
       16715000	      1670	800025b8	05574263	blt	x14,x21,800025fc	 x14:0x2ac94000 x21:0x00000000
       16725000	      1671	800025bc	016ec463	blt	x29,x22,800025c4	 x29:0x00000000 x22:0x000091c3
       16735000	      1672	00000000	00000013	addi	x0,x0,0	  x0:0x00000000
       16745000	      1673	800025c0	00000013	addi	x0,x0,0	  x0:0x00000000
       16755000	      1674	800025c4	417ed213	srai	x4,x29,0x17	 x29:0x00000000  x4=0x00000000
       16765000	      1675	800025c8	f5ad6793	ori	x15,x26,-166	 x26:0x00000001 x15=0xffffff5b
       16775000	      1676	800025cc	0334fc63	bgeu	x9,x19,80002604	  x9:0x6bfa9000 x19:0x00000000
       16785000	      1677	00000000	00000013	addi	x0,x0,0	  x0:0x00000000
       16795000	      1678	80002600	00000013	addi	x0,x0,0	  x0:0x00000000
       16805000	      1679	80002604	03d1d463	bge	x3,x29,8000262c	  x3:0x00000000 x29:0x00000000
       16815000	      1680	00000000	00000013	addi	x0,x0,0	  x0:0x00000000
       16825000	      1681	80002628	00000013	addi	x0,x0,0	  x0:0x00000000
       16835000	      1682	8000262c	876873b7	lui	x7,0x87687	  x7=0x87687000
       16845000	      1683	80002630	00436633	or	x12,x6,x4	  x6:0x00000000  x4:0x00000000 x12=0x00000000
       16855000	      1684	80002634	010b1a33	sll	x20,x22,x16	 x22:0x000091c3 x16:0x00000000 x20=0x000091c3
       16865000	      1685	80002638	417fdcb3	sra	x25,x31,x23	 x31:0x00000000 x23:0x3c6434eb x25=0x00000000
       16875000	      1686	8000263c	02067063	bgeu	x12,x0,8000265c	 x12:0x00000000  x0:0x00000000
       16885000	      1687	00000000	00000013	addi	x0,x0,0	  x0:0x00000000
       16895000	      1688	80002658	00000013	addi	x0,x0,0	  x0:0x00000000
       16905000	      1689	8000265c	34ba6717	auipc	x14,0x34ba6	 x14=0xb4ba8658
       16915000	      1690	80002660	00504a63	blt	x0,x5,80002674	  x0:0x00000000  x5:0xf9ff12a8
       16925000	      1691	80002664	02b4c663	blt	x9,x11,80002690	  x9:0x6bfa9000 x11:0x80009f84
       16935000	      1692	80002668	0114d713	srli	x14,x9,0x11	  x9:0x6bfa9000 x14=0x000035fd
       16945000	      1693	8000266c	01ea1b93	slli	x23,x20,0x1e	 x20:0x000091c3 x23=0xc0000000
       16955000	      1694	80002670	40ac52b3	sra	x5,x24,x10	 x24:0xffea8046 x10:0x00000000  x5=0xffea8046
       16965000	      1695	80002674	016a3e33	sltu	x28,x20,x22	 x20:0x000091c3 x22:0x000091c3 x28=0x00000000
       16975000	      1696	80002678	0040b0b3	sltu	x1,x1,x4	  x1:0x00000000  x4:0x00000000  x1=0x00000000
       16985000	      1697	8000267c	007b5eb3	srl	x29,x22,x7	 x22:0x000091c3  x7:0x87687000 x29=0x000091c3
       16995000	      1698	80002680	114efc93	andi	x25,x29,276	 x29:0x000091c3 x25=0x00000100
       17005000	      1699	80002684	8f3f8793	addi	x15,x31,-1805	 x31:0x00000000 x15=0xfffff8f3
       17015000	      1700	80002688	011361b3	or	x3,x6,x17	  x6:0x00000000 x17:0x00000000  x3=0x00000000
       17025000	      1701	8000268c	01ff5033	srl	x0,x30,x31	 x30:0x80009fc4 x31:0x00000000
       17035000	      1702	80002690	12cc8713	addi	x14,x25,300	 x25:0x00000100 x14=0x0000022c
       17045000	      1703	80002694	00311693	slli	x13,x2,0x3	  x2:0xf190cffa x13=0x8c867fd0
       17055000	      1704	80002698	41975e93	srai	x29,x14,0x19	 x14:0x0000022c x29=0x00000000
       17065000	      1705	8000269c	01a2a033	slt	x0,x5,x26	  x5:0xffea8046 x26:0x00000001
       17075000	      1706	800026a0	27ac0e13	addi	x28,x24,634	 x24:0xffea8046 x28=0xffea82c0
       17085000	      1707	800026a4	00000013	addi	x0,x0,0	  x0:0x00000000
       17095000	      1708	800026a8	00ed3b33	sltu	x22,x26,x14	 x26:0x00000001 x14:0x0000022c x22=0x00000001
       17105000	      1709	800026ac	01cea533	slt	x10,x29,x28	 x29:0x00000000 x28:0xffea82c0 x10=0x00000000
       17115000	      1710	800026b0	01df9263	bne	x31,x29,800026b4	 x31:0x00000000 x29:0x00000000
       17125000	      1711	800026b4	322c3913	sltiu	x18,x24,802	 x24:0xffea8046 x18=0x00000000
       17135000	      1712	800026b8	33bc4c13	xori	x24,x24,827	 x24:0xffea8046 x24=0xffea837d
       17145000	      1713	800026bc	01839c63	bne	x7,x24,800026d4	  x7:0x87687000 x24:0xffea837d
       17155000	      1714	00000000	00000013	addi	x0,x0,0	  x0:0x00000000
       17165000	      1715	800026d0	00000013	addi	x0,x0,0	  x0:0x00000000
       17175000	      1716	800026d4	027dfc63	bgeu	x27,x7,8000270c	 x27:0xc39bcf8a  x7:0x87687000
       17185000	      1717	00000000	00000013	addi	x0,x0,0	  x0:0x00000000
       17195000	      1718	80002708	00000013	addi	x0,x0,0	  x0:0x00000000
       17205000	      1719	8000270c	010acc63	blt	x21,x16,80002724	 x21:0x00000000 x16:0x00000000
       17215000	      1720	80002710	039a4663	blt	x20,x25,8000273c	 x20:0x000091c3 x25:0x00000100
       17225000	      1721	80002714	01ab8533	add	x10,x23,x26	 x23:0xc0000000 x26:0x00000001 x10=0xc0000001
       17235000	      1722	80002718	017b5093	srli	x1,x22,0x17	 x22:0x00000001  x1=0x00000000
       17245000	      1723	8000271c	9ddb6c13	ori	x24,x22,-1571	 x22:0x00000001 x24=0xfffff9dd
       17255000	      1724	80002720	01ba92b3	sll	x5,x21,x27	 x21:0x00000000 x27:0xc39bcf8a  x5=0x00000000
       17265000	      1725	80002724	f231e993	ori	x19,x3,-221	  x3:0x00000000 x19=0xffffff23
       17275000	      1726	80002728	41d1d133	sra	x2,x3,x29	  x3:0x00000000 x29:0x00000000  x2=0x00000000
       17285000	      1727	8000272c	40145c93	srai	x25,x8,0x1	  x8:0x0e6f3000 x25=0x07379800
       17295000	      1728	80002730	00bc6663	bltu	x24,x11,8000273c	 x24:0xfffff9dd x11:0x80009f84
       17305000	      1729	80002734	004d11b3	sll	x3,x26,x4	 x26:0x00000001  x4:0x00000000  x3=0x00000001
       17315000	      1730	80002738	017b27b3	slt	x15,x22,x23	 x22:0x00000001 x23:0xc0000000 x15=0x00000000
       17325000	      1731	8000273c	005b6663	bltu	x22,x5,80002748	 x22:0x00000001  x5:0x00000000
       17335000	      1732	80002740	0000db93	srli	x23,x1,0x0	  x1:0x00000000 x23=0x00000000
       17345000	      1733	80002744	01305c93	srli	x25,x0,0x13	  x0:0x00000000 x25=0x00000000
       17355000	      1734	80002748	04624863	blt	x4,x6,80002798	  x4:0x00000000  x6:0x00000000
       17365000	      1735	8000274c	41245233	sra	x4,x8,x18	  x8:0x0e6f3000 x18:0x00000000  x4=0x0e6f3000
       17375000	      1736	80002750	00cb6933	or	x18,x22,x12	 x22:0x00000001 x12:0x00000000 x18=0x00000001
       17385000	      1737	80002754	025fec63	bltu	x31,x5,8000278c	 x31:0x00000000  x5:0x00000000
       17395000	      1738	80002758	001f9013	slli	x0,x31,0x1	 x31:0x00000000
       17405000	      1739	8000275c	00a9d9b3	srl	x19,x19,x10	 x19:0xffffff23 x10:0xc0000001 x19=0x7fffff91
       17415000	      1740	80002760	00000013	addi	x0,x0,0	  x0:0x00000000
       17425000	      1741	80002764	caf96137	lui	x2,0xcaf96	  x2=0xcaf96000
       17435000	      1742	80002768	008819b3	sll	x19,x16,x8	 x16:0x00000000  x8:0x0e6f3000 x19=0x00000000
       17445000	      1743	8000276c	00959663	bne	x11,x9,80002778	 x11:0x80009f84  x9:0x6bfa9000
       17455000	      1744	00000000	00000013	addi	x0,x0,0	  x0:0x00000000
       17465000	      1745	80002774	00000013	addi	x0,x0,0	  x0:0x00000000
       17475000	      1746	80002778	0546d263	bge	x13,x20,800027bc	 x13:0x8c867fd0 x20:0x000091c3
       17485000	      1747	8000277c	7ff1c413	xori	x8,x3,2047	  x3:0x00000001  x8=0x000007fe
       17495000	      1748	80002780	408b5db3	sra	x27,x22,x8	 x22:0x00000001  x8:0x000007fe x27=0x00000000
       17505000	      1749	80002784	4be6f393	andi	x7,x13,1214	 x13:0x8c867fd0  x7=0x00000490
       17515000	      1750	80002788	0e4e3997	auipc	x19,0xe4e3	 x19=0x8e4e5784
       17525000	      1751	8000278c	5cd4bb93	sltiu	x23,x9,1485	  x9:0x6bfa9000 x23=0x00000000
       17535000	      1752	80002790	016c9a63	bne	x25,x22,800027a4	 x25:0x00000000 x22:0x00000001
       17545000	      1753	00000000	00000013	addi	x0,x0,0	  x0:0x00000000
       17555000	      1754	800027a0	00000013	addi	x0,x0,0	  x0:0x00000000
       17565000	      1755	800027a4	20076813	ori	x16,x14,512	 x14:0x0000022c x16=0x0000022c
       17575000	      1756	800027a8	00dd71b3	and	x3,x26,x13	 x26:0x00000001 x13:0x8c867fd0  x3=0x00000000
       17585000	      1757	800027ac	0041ec33	or	x24,x3,x4	  x3:0x00000000  x4:0x0e6f3000 x24=0x0e6f3000
       17595000	      1758	800027b0	742b3893	sltiu	x17,x22,1858	 x22:0x00000001 x17=0x00000001
       17605000	      1759	800027b4	014894b3	sll	x9,x17,x20	 x17:0x00000001 x20:0x000091c3  x9=0x00000008
       17615000	      1760	800027b8	00a1d093	srli	x1,x3,0xa	  x3:0x00000000  x1=0x00000000
       17625000	      1761	800027bc	009e5c63	bge	x28,x9,800027d4	 x28:0xffea82c0  x9:0x00000008
       17635000	      1762	800027c0	a05a2737	lui	x14,0xa05a2	 x14=0xa05a2000
       17645000	      1763	800027c4	988f0b37	lui	x22,0x988f0	 x22=0x988f0000
       17655000	      1764	800027c8	04744663	blt	x8,x7,80002814	  x8:0x000007fe  x7:0x00000490
       17665000	      1765	800027cc	00245d33	srl	x26,x8,x2	  x8:0x000007fe  x2:0xcaf96000 x26=0x000007fe
       17675000	      1766	800027d0	01cba033	slt	x0,x23,x28	 x23:0x00000000 x28:0xffea82c0
       17685000	      1767	800027d4	013747b3	xor	x15,x14,x19	 x14:0xa05a2000 x19:0x8e4e5784 x15=0x2e147784
       17695000	      1768	800027d8	004d46b3	xor	x13,x26,x4	 x26:0x000007fe  x4:0x0e6f3000 x13=0x0e6f37fe
       17705000	      1769	800027dc	00000013	addi	x0,x0,0	  x0:0x00000000
       17715000	      1770	800027e0	03874463	blt	x14,x24,80002808	 x14:0xa05a2000 x24:0x0e6f3000
       17725000	      1771	00000000	00000013	addi	x0,x0,0	  x0:0x00000000
       17735000	      1772	80002804	00000013	addi	x0,x0,0	  x0:0x00000000
       17745000	      1773	80002808	00156a63	bltu	x10,x1,8000281c	 x10:0xc0000001  x1:0x00000000
       17755000	      1774	8000280c	00d54db3	xor	x27,x10,x13	 x10:0xc0000001 x13:0x0e6f37fe x27=0xce6f37ff
       17765000	      1775	80002810	017db033	sltu	x0,x27,x23	 x27:0xce6f37ff x23:0x00000000
       17775000	      1776	80002814	9a1b53b7	lui	x7,0x9a1b5	  x7=0x9a1b5000
       17785000	      1777	80002818	e5bf6b13	ori	x22,x30,-421	 x30:0x80009fc4 x22=0xffffffdf
       17795000	      1778	8000281c	04bc1863	bne	x24,x11,8000286c	 x24:0x0e6f3000 x11:0x80009f84
       17805000	      1779	00000000	00000013	addi	x0,x0,0	  x0:0x00000000
       17815000	      1780	80002868	00000013	addi	x0,x0,0	  x0:0x00000000
       17825000	      1781	8000286c	4adafab7	lui	x21,0x4adaf	 x21=0x4adaf000
       17835000	      1782	80002870	4133d633	sra	x12,x7,x19	  x7:0x9a1b5000 x19:0x8e4e5784 x12=0xf9a1b500
       17845000	      1783	80002874	0355e463	bltu	x11,x21,8000289c	 x11:0x80009f84 x21:0x4adaf000
       17855000	      1784	80002878	40a687b3	sub	x15,x13,x10	 x13:0x0e6f37fe x10:0xc0000001 x15=0x4e6f37fd
       17865000	      1785	8000287c	00179e13	slli	x28,x15,0x1	 x15:0x4e6f37fd x28=0x9cde6ffa
       17875000	      1786	80002880	015e5393	srli	x7,x28,0x15	 x28:0x9cde6ffa  x7=0x000004e6
       17885000	      1787	80002884	033e4663	blt	x28,x19,800028b0	 x28:0x9cde6ffa x19:0x8e4e5784
       17895000	      1788	80002888	f0b00e13	addi	x28,x0,-245	  x0:0x00000000 x28=0xffffff0b
       17905000	      1789	8000288c	00e13e33	sltu	x28,x2,x14	  x2:0xcaf96000 x14:0xa05a2000 x28=0x00000000
       17915000	      1790	80002890	05766863	bltu	x12,x23,800028e0	 x12:0xf9a1b500 x23:0x00000000
       17925000	      1791	80002894	41b1d8b3	sra	x17,x3,x27	  x3:0x00000000 x27:0xce6f37ff x17=0x00000000
       17935000	      1792	80002898	00000013	addi	x0,x0,0	  x0:0x00000000
       17945000	      1793	8000289c	000c5513	srli	x10,x24,0x0	 x24:0x0e6f3000 x10=0x0e6f3000
       17955000	      1794	800028a0	0220c063	blt	x1,x2,800028c0	  x1:0x00000000  x2:0xcaf96000
       17965000	      1795	800028a4	01f0a033	slt	x0,x1,x31	  x1:0x00000000 x31:0x00000000
       17975000	      1796	800028a8	91cc6213	ori	x4,x24,-1764	 x24:0x0e6f3000  x4=0xfffff91c
       17985000	      1797	800028ac	b79c4a93	xori	x21,x24,-1159	 x24:0x0e6f3000 x21=0xf190cb79
       17995000	      1798	800028b0	40430133	sub	x2,x6,x4	  x6:0x00000000  x4:0xfffff91c  x2=0x000006e4
       18005000	      1799	800028b4	408583b3	sub	x7,x11,x8	 x11:0x80009f84  x8:0x000007fe  x7=0x80009786
       18015000	      1800	800028b8	03b38063	beq	x7,x27,800028d8	  x7:0x80009786 x27:0xce6f37ff
       18025000	      1801	800028bc	00a60263	beq	x12,x10,800028c0	 x12:0xf9a1b500 x10:0x0e6f3000
       18035000	      1802	800028c0	9a450713	addi	x14,x10,-1628	 x10:0x0e6f3000 x14=0x0e6f29a4
       18045000	      1803	800028c4	005ac533	xor	x10,x21,x5	 x21:0xf190cb79  x5:0x00000000 x10=0xf190cb79
       18055000	      1804	800028c8	41655233	sra	x4,x10,x22	 x10:0xf190cb79 x22:0xffffffdf  x4=0xffffffff
       18065000	      1805	800028cc	e77df917	auipc	x18,0xe77df	 x18=0x677e18c8
       18075000	      1806	800028d0	01d2c263	blt	x5,x29,800028d4	  x5:0x00000000 x29:0x00000000
       18085000	      1807	800028d4	85c58097	auipc	x1,0x85c58	  x1=0x05c5a8d0
       18095000	      1808	800028d8	6ff94b13	xori	x22,x18,1791	 x18:0x677e18c8 x22=0x677e1e37
       18105000	      1809	800028dc	01dd9537	lui	x10,0x1dd9	 x10=0x01dd9000
       18115000	      1810	800028e0	00ba0463	beq	x20,x11,800028e8	 x20:0x000091c3 x11:0x80009f84
       18125000	      1811	800028e4	02499263	bne	x19,x4,80002908	 x19:0x8e4e5784  x4:0xffffffff
       18135000	      1812	00000000	00000013	addi	x0,x0,0	  x0:0x00000000
       18145000	      1813	80002904	00000013	addi	x0,x0,0	  x0:0x00000000
       18155000	      1814	80002908	12e0f517	auipc	x10,0x12e0f	 x10=0x92e11904
       18165000	      1815	8000290c	40400c33	sub	x24,x0,x4	  x0:0x00000000  x4:0xffffffff x24=0x00000001
       18175000	      1816	80002910	02794a63	blt	x18,x7,80002944	 x18:0x677e18c8  x7:0x80009786
       18185000	      1817	80002914	0551f063	bgeu	x3,x21,80002954	  x3:0x00000000 x21:0xf190cb79
       18195000	      1818	80002918	008d39b3	sltu	x19,x26,x8	 x26:0x000007fe  x8:0x000007fe x19=0x00000000
       18205000	      1819	8000291c	6f362b13	slti	x22,x12,1779	 x12:0xf9a1b500 x22=0x00000001
       18215000	      1820	80002920	4189d9b3	sra	x19,x19,x24	 x19:0x00000000 x24:0x00000001 x19=0x00000000
       18225000	      1821	80002924	409cd513	srai	x10,x25,0x9	 x25:0x00000000 x10=0x00000000
       18235000	      1822	80002928	004172b3	and	x5,x2,x4	  x2:0x000006e4  x4:0xffffffff  x5=0x000006e4
       18245000	      1823	8000292c	40020633	sub	x12,x4,x0	  x4:0xffffffff  x0:0x00000000 x12=0xffffffff
       18255000	      1824	80002930	95babb13	sltiu	x22,x21,-1701	 x21:0xf190cb79 x22=0x00000001
       18265000	      1825	80002934	00e71c33	sll	x24,x14,x14	 x14:0x0e6f29a4 x14:0x0e6f29a4 x24=0xe6f29a40
       18275000	      1826	80002938	016ccc63	blt	x25,x22,80002950	 x25:0x00000000 x22:0x00000001
       18285000	      1827	00000000	00000013	addi	x0,x0,0	  x0:0x00000000
       18295000	      1828	8000294c	00000013	addi	x0,x0,0	  x0:0x00000000
       18305000	      1829	80002950	018f6633	or	x12,x30,x24	 x30:0x80009fc4 x24:0xe6f29a40 x12=0xe6f29fc4
       18315000	      1830	80002954	41bc51b3	sra	x3,x24,x27	 x24:0xe6f29a40 x27:0xce6f37ff  x3=0xffffffff
       18325000	      1831	80002958	41d082b3	sub	x5,x1,x29	  x1:0x05c5a8d0 x29:0x00000000  x5=0x05c5a8d0
       18335000	      1832	8000295c	cbfc0a13	addi	x20,x24,-833	 x24:0xe6f29a40 x20=0xe6f296ff
       18345000	      1833	80002960	009e6c63	bltu	x28,x9,80002978	 x28:0x00000000  x9:0x00000008
       18355000	      1834	00000000	00000013	addi	x0,x0,0	  x0:0x00000000
       18365000	      1835	80002974	00000013	addi	x0,x0,0	  x0:0x00000000
       18375000	      1836	80002978	00000013	addi	x0,x0,0	  x0:0x00000000
       18385000	      1837	8000297c	00000013	addi	x0,x0,0	  x0:0x00000000
       18395000	      1838	80002980	01d90663	beq	x18,x29,8000298c	 x18:0x677e18c8 x29:0x00000000
       18405000	      1839	80002984	95612d13	slti	x26,x2,-1706	  x2:0x000006e4 x26=0x00000000
       18415000	      1840	80002988	012a1263	bne	x20,x18,8000298c	 x20:0xe6f296ff x18:0x677e18c8
       18425000	      1841	00000000	00000013	addi	x0,x0,0	  x0:0x00000000
       18435000	      1842	80002988	00000013	addi	x0,x0,0	  x0:0x00000000
       18445000	      1843	8000298c	038e4a63	blt	x28,x24,800029c0	 x28:0x00000000 x24:0xe6f29a40
       18455000	      1844	80002990	41c38d33	sub	x26,x7,x28	  x7:0x80009786 x28:0x00000000 x26=0x80009786
       18465000	      1845	80002994	e9e9ac13	slti	x24,x19,-354	 x19:0x00000000 x24=0x00000000
       18475000	      1846	80002998	04085863	bge	x16,x0,800029e8	 x16:0x0000022c  x0:0x00000000
       18485000	      1847	00000000	00000013	addi	x0,x0,0	  x0:0x00000000
       18495000	      1848	800029e4	00000013	addi	x0,x0,0	  x0:0x00000000
       18505000	      1849	800029e8	014d6433	or	x8,x26,x20	 x26:0x80009786 x20:0xe6f296ff  x8=0xe6f297ff
       18515000	      1850	800029ec	82ea0313	addi	x6,x20,-2002	 x20:0xe6f296ff  x6=0xe6f28f2d
       18525000	      1851	800029f0	4e18c137	lui	x2,0x4e18c	  x2=0x4e18c000
       18535000	      1852	800029f4	79b29517	auipc	x10,0x79b29	 x10=0xf9b2b9f0
       18545000	      1853	800029f8	00ad29b3	slt	x19,x26,x10	 x26:0x80009786 x10:0xf9b2b9f0 x19=0x00000001
       18555000	      1854	800029fc	001f9913	slli	x18,x31,0x1	 x31:0x00000000 x18=0x00000000
       18565000	      1855	80002a00	00c121b3	slt	x3,x2,x12	  x2:0x4e18c000 x12:0xe6f29fc4  x3=0x00000000
       18575000	      1856	80002a04	02978663	beq	x15,x9,80002a30	 x15:0x4e6f37fd  x9:0x00000008
       18585000	      1857	80002a08	428b3c37	lui	x24,0x428b3	 x24=0x428b3000
       18595000	      1858	80002a0c	ed832193	slti	x3,x6,-296	  x6:0xe6f28f2d  x3=0x00000001
       18605000	      1859	80002a10	00b007b3	add	x15,x0,x11	  x0:0x00000000 x11:0x80009f84 x15=0x80009f84
       18615000	      1860	80002a14	c1816413	ori	x8,x2,-1000	  x2:0x4e18c000  x8=0xfffffc18
       18625000	      1861	80002a18	40b65033	sra	x0,x12,x11	 x12:0xe6f29fc4 x11:0x80009f84
       18635000	      1862	80002a1c	0024f333	and	x6,x9,x2	  x9:0x00000008  x2:0x4e18c000  x6=0x00000000
       18645000	      1863	80002a20	095fde37	lui	x28,0x95fd	 x28=0x095fd000
       18655000	      1864	80002a24	e29a3693	sltiu	x13,x20,-471	 x20:0xe6f296ff x13=0x00000001
       18665000	      1865	80002a28	9b4fa213	slti	x4,x31,-1612	 x31:0x00000000  x4=0x00000000
       18675000	      1866	80002a2c	01fef3b3	and	x7,x29,x31	 x29:0x00000000 x31:0x00000000  x7=0x00000000
       18685000	      1867	80002a30	042be663	bltu	x23,x2,80002a7c	 x23:0x00000000  x2:0x4e18c000
       18695000	      1868	00000000	00000013	addi	x0,x0,0	  x0:0x00000000
       18705000	      1869	80002a78	00000013	addi	x0,x0,0	  x0:0x00000000
       18715000	      1870	80002a7c	f2cfec93	ori	x25,x31,-212	 x31:0x00000000 x25=0xffffff2c
       18725000	      1871	80002a80	b74e4993	xori	x19,x28,-1164	 x28:0x095fd000 x19=0xf6a02b74
       18735000	      1872	80002a84	00d85c63	bge	x16,x13,80002a9c	 x16:0x0000022c x13:0x00000001
       18745000	      1873	00000000	00000013	addi	x0,x0,0	  x0:0x00000000
       18755000	      1874	80002a98	00000013	addi	x0,x0,0	  x0:0x00000000
       18765000	      1875	80002a9c	014e1d93	slli	x27,x28,0x14	 x28:0x095fd000 x27=0x00000000
       18775000	      1876	80002aa0	40f55b33	sra	x22,x10,x15	 x10:0xf9b2b9f0 x15:0x80009f84 x22=0xff9b2b9f
       18785000	      1877	80002aa4	01950c63	beq	x10,x25,80002abc	 x10:0xf9b2b9f0 x25:0xffffff2c
       18795000	      1878	80002aa8	01ef3333	sltu	x6,x30,x30	 x30:0x80009fc4 x30:0x80009fc4  x6=0x00000000
       18805000	      1879	80002aac	00000013	addi	x0,x0,0	  x0:0x00000000
       18815000	      1880	80002ab0	01f7a333	slt	x6,x15,x31	 x15:0x80009f84 x31:0x00000000  x6=0x00000001
       18825000	      1881	80002ab4	01264e13	xori	x28,x12,18	 x12:0xe6f29fc4 x28=0xe6f29fd6
       18835000	      1882	80002ab8	05935863	bge	x6,x25,80002b08	  x6:0x00000001 x25:0xffffff2c
       18845000	      1883	00000000	00000013	addi	x0,x0,0	  x0:0x00000000
       18855000	      1884	80002b04	00000013	addi	x0,x0,0	  x0:0x00000000
       18865000	      1885	80002b08	00447eb3	and	x29,x8,x4	  x8:0xfffffc18  x4:0x00000000 x29=0x00000000
       18875000	      1886	80002b0c	00bdf0b3	and	x1,x27,x11	 x27:0x00000000 x11:0x80009f84  x1=0x00000000
       18885000	      1887	80002b10	5e852313	slti	x6,x10,1512	 x10:0xf9b2b9f0  x6=0x00000001
       18895000	      1888	80002b14	00ec8cb3	add	x25,x25,x14	 x25:0xffffff2c x14:0x0e6f29a4 x25=0x0e6f28d0
       18905000	      1889	80002b18	0278d463	bge	x17,x7,80002b40	 x17:0x00000000  x7:0x00000000
       18915000	      1890	00000000	00000013	addi	x0,x0,0	  x0:0x00000000
       18925000	      1891	80002b3c	00000013	addi	x0,x0,0	  x0:0x00000000
       18935000	      1892	80002b40	0107ac33	slt	x24,x15,x16	 x15:0x80009f84 x16:0x0000022c x24=0x00000001
       18945000	      1893	80002b44	001822b3	slt	x5,x16,x1	 x16:0x0000022c  x1:0x00000000  x5=0x00000000
       18955000	      1894	80002b48	00881663	bne	x16,x8,80002b54	 x16:0x0000022c  x8:0xfffffc18
       18965000	      1895	00000000	00000013	addi	x0,x0,0	  x0:0x00000000
       18975000	      1896	80002b50	00000013	addi	x0,x0,0	  x0:0x00000000
       18985000	      1897	80002b54	00421233	sll	x4,x4,x4	  x4:0x00000000  x4:0x00000000  x4=0x00000000
       18995000	      1898	80002b58	01f4b233	sltu	x4,x9,x31	  x9:0x00000008 x31:0x00000000  x4=0x00000000
       19005000	      1899	80002b5c	40ead7b3	sra	x15,x21,x14	 x21:0xf190cb79 x14:0x0e6f29a4 x15=0xff190cb7
       19015000	      1900	80002b60	017bfc63	bgeu	x23,x23,80002b78	 x23:0x00000000 x23:0x00000000
       19025000	      1901	00000000	00000013	addi	x0,x0,0	  x0:0x00000000
       19035000	      1902	80002b74	00000013	addi	x0,x0,0	  x0:0x00000000
       19045000	      1903	80002b78	006312b3	sll	x5,x6,x6	  x6:0x00000001  x6:0x00000001  x5=0x00000002
       19055000	      1904	80002b7c	7ced0293	addi	x5,x26,1998	 x26:0x80009786  x5=0x80009f54
       19065000	      1905	80002b80	41f15313	srai	x6,x2,0x1f	  x2:0x4e18c000  x6=0x00000000
       19075000	      1906	80002b84	46aebc93	sltiu	x25,x29,1130	 x29:0x00000000 x25=0x00000001
       19085000	      1907	80002b88	018d29b3	slt	x19,x26,x24	 x26:0x80009786 x24:0x00000001 x19=0x00000001
       19095000	      1908	80002b8c	00b5dcb3	srl	x25,x11,x11	 x11:0x80009f84 x11:0x80009f84 x25=0x080009f8
       19105000	      1909	80002b90	01aee263	bltu	x29,x26,80002b94	 x29:0x00000000 x26:0x80009786
       19115000	      1910	00000000	00000013	addi	x0,x0,0	  x0:0x00000000
       19125000	      1911	80002b90	00000013	addi	x0,x0,0	  x0:0x00000000
       19135000	      1912	80002b94	01819333	sll	x6,x3,x24	  x3:0x00000001 x24:0x00000001  x6=0x00000002
       19145000	      1913	80002b98	01d95e33	srl	x28,x18,x29	 x18:0x00000000 x29:0x00000000 x28=0x00000000
       19155000	      1914	80002b9c	055cf063	bgeu	x25,x21,80002bdc	 x25:0x080009f8 x21:0xf190cb79
       19165000	      1915	80002ba0	0006c1b3	xor	x3,x13,x0	 x13:0x00000001  x0:0x00000000  x3=0x00000001
       19175000	      1916	80002ba4	bab68113	addi	x2,x13,-1109	 x13:0x00000001  x2=0xfffffbac
       19185000	      1917	80002ba8	f7148e93	addi	x29,x9,-143	  x9:0x00000008 x29=0xffffff79
       19195000	      1918	80002bac	0122bd33	sltu	x26,x5,x18	  x5:0x80009f54 x18:0x00000000 x26=0x00000000
       19205000	      1919	80002bb0	27609517	auipc	x10,0x27609	 x10=0xa760bbac
       19215000	      1920	80002bb4	80c86e93	ori	x29,x16,-2036	 x16:0x0000022c x29=0xfffffa2c
       19225000	      1921	80002bb8	76ad0797	auipc	x15,0x76ad0	 x15=0xf6ad2bb4
       19235000	      1922	80002bbc	687e8c93	addi	x25,x29,1671	 x29:0xfffffa2c x25=0x000000b3
       19245000	      1923	80002bc0	01ccc133	xor	x2,x25,x28	 x25:0x000000b3 x28:0x00000000  x2=0x000000b3
       19255000	      1924	80002bc4	00574463	blt	x14,x5,80002bcc	 x14:0x0e6f29a4  x5:0x80009f54
       19265000	      1925	80002bc8	00ebee63	bltu	x23,x14,80002be4	 x23:0x00000000 x14:0x0e6f29a4
       19275000	      1926	00000000	00000013	addi	x0,x0,0	  x0:0x00000000
       19285000	      1927	80002be0	00000013	addi	x0,x0,0	  x0:0x00000000
       19295000	      1928	80002be4	201ba693	slti	x13,x23,513	 x23:0x00000000 x13=0x00000001
       19305000	      1929	80002be8	00e74e63	blt	x14,x14,80002c04	 x14:0x0e6f29a4 x14:0x0e6f29a4
       19315000	      1930	80002bec	05a97863	bgeu	x18,x26,80002c3c	 x18:0x00000000 x26:0x00000000
       19325000	      1931	00000000	00000013	addi	x0,x0,0	  x0:0x00000000
       19335000	      1932	80002c38	00000013	addi	x0,x0,0	  x0:0x00000000
       19345000	      1933	80002c3c	41495993	srai	x19,x18,0x14	 x18:0x00000000 x19=0x00000000
       19355000	      1934	80002c40	01d78633	add	x12,x15,x29	 x15:0xf6ad2bb4 x29:0xfffffa2c x12=0xf6ad25e0
       19365000	      1935	80002c44	033cec63	bltu	x25,x19,80002c7c	 x25:0x000000b3 x19:0x00000000
       19375000	      1936	80002c48	00f07133	and	x2,x0,x15	  x0:0x00000000 x15:0xf6ad2bb4  x2=0x00000000
       19385000	      1937	80002c4c	00bbe7b3	or	x15,x23,x11	 x23:0x00000000 x11:0x80009f84 x15=0x80009f84
       19395000	      1938	80002c50	047f5263	bge	x30,x7,80002c94	 x30:0x80009fc4  x7:0x00000000
       19405000	      1939	80002c54	00bb0c63	beq	x22,x11,80002c6c	 x22:0xff9b2b9f x11:0x80009f84
       19415000	      1940	80002c58	035b6063	bltu	x22,x21,80002c78	 x22:0xff9b2b9f x21:0xf190cb79
       19425000	      1941	80002c5c	01a9eeb3	or	x29,x19,x26	 x19:0x00000000 x26:0x00000000 x29=0x00000000
       19435000	      1942	80002c60	008d5a13	srli	x20,x26,0x8	 x26:0x00000000 x20=0x00000000
       19445000	      1943	80002c64	01a41c63	bne	x8,x26,80002c7c	  x8:0xfffffc18 x26:0x00000000
       19455000	      1944	00000000	00000013	addi	x0,x0,0	  x0:0x00000000
       19465000	      1945	80002c78	00000013	addi	x0,x0,0	  x0:0x00000000
       19475000	      1946	80002c7c	4ef0c813	xori	x16,x1,1263	  x1:0x00000000 x16=0x000004ef
       19485000	      1947	80002c80	6119ed13	ori	x26,x19,1553	 x19:0x00000000 x26=0x00000611
       19495000	      1948	80002c84	0298f463	bgeu	x17,x9,80002cac	 x17:0x00000000  x9:0x00000008
       19505000	      1949	80002c88	056f0263	beq	x30,x22,80002ccc	 x30:0x80009fc4 x22:0xff9b2b9f
       19515000	      1950	80002c8c	01f5d693	srli	x13,x11,0x1f	 x11:0x80009f84 x13=0x00000001
       19525000	      1951	80002c90	00b52633	slt	x12,x10,x11	 x10:0xa760bbac x11:0x80009f84 x12=0x00000000
       19535000	      1952	80002c94	01560263	beq	x12,x21,80002c98	 x12:0x00000000 x21:0xf190cb79
       19545000	      1953	80002c98	f1778113	addi	x2,x15,-233	 x15:0x80009f84  x2=0x80009e9b
       19555000	      1954	80002c9c	00afdb13	srli	x22,x31,0xa	 x31:0x00000000 x22=0x00000000
       19565000	      1955	80002ca0	00449c63	bne	x9,x4,80002cb8	  x9:0x00000008  x4:0x00000000
       19575000	      1956	00000000	00000013	addi	x0,x0,0	  x0:0x00000000
       19585000	      1957	80002cb4	00000013	addi	x0,x0,0	  x0:0x00000000
       19595000	      1958	80002cb8	005327b3	slt	x15,x6,x5	  x6:0x00000002  x5:0x80009f54 x15=0x00000000
       19605000	      1959	80002cbc	03287a63	bgeu	x16,x18,80002cf0	 x16:0x000004ef x18:0x00000000
       19615000	      1960	00000000	00000013	addi	x0,x0,0	  x0:0x00000000
       19625000	      1961	80002cec	00000013	addi	x0,x0,0	  x0:0x00000000
       19635000	      1962	80002cf0	00771933	sll	x18,x14,x7	 x14:0x0e6f29a4  x7:0x00000000 x18=0x0e6f29a4
       19645000	      1963	80002cf4	02279663	bne	x15,x2,80002d20	 x15:0x00000000  x2:0x80009e9b
       19655000	      1964	00000000	00000013	addi	x0,x0,0	  x0:0x00000000
       19665000	      1965	80002d1c	00000013	addi	x0,x0,0	  x0:0x00000000
       19675000	      1966	80002d20	40055793	srai	x15,x10,0x0	 x10:0xa760bbac x15=0xa760bbac
       19685000	      1967	80002d24	00007933	and	x18,x0,x0	  x0:0x00000000  x0:0x00000000 x18=0x00000000
       19695000	      1968	80002d28	0002ee33	or	x28,x5,x0	  x5:0x80009f54  x0:0x00000000 x28=0x80009f54
       19705000	      1969	80002d2c	00e11113	slli	x2,x2,0xe	  x2:0x80009e9b  x2=0x27a6c000
       19715000	      1970	80002d30	01e41d33	sll	x26,x8,x30	  x8:0xfffffc18 x30:0x80009fc4 x26=0xffffc180
       19725000	      1971	80002d34	b6798017	auipc	x0,0xb6798	
       19735000	      1972	80002d38	006b18b3	sll	x17,x22,x6	 x22:0x00000000  x6:0x00000002 x17=0x00000000
       19745000	      1973	80002d3c	65427d93	andi	x27,x4,1620	  x4:0x00000000 x27=0x00000000
       19755000	      1974	80002d40	00000013	addi	x0,x0,0	  x0:0x00000000
       19765000	      1975	80002d44	00bcdeb3	srl	x29,x25,x11	 x25:0x000000b3 x11:0x80009f84 x29=0x0000000b
       19775000	      1976	80002d48	01d87133	and	x2,x16,x29	 x16:0x000004ef x29:0x0000000b  x2=0x0000000b
       19785000	      1977	80002d4c	8f21de17	auipc	x28,0x8f21d	 x28=0x0f21fd48
       19795000	      1978	80002d50	6279e293	ori	x5,x19,1575	 x19:0x00000000  x5=0x00000627
       19805000	      1979	80002d54	00140a63	beq	x8,x1,80002d68	  x8:0xfffffc18  x1:0x00000000
       19815000	      1980	80002d58	039c9263	bne	x25,x25,80002d7c	 x25:0x000000b3 x25:0x000000b3
       19825000	      1981	80002d5c	02b37063	bgeu	x6,x11,80002d7c	  x6:0x00000002 x11:0x80009f84
       19835000	      1982	80002d60	0323c463	blt	x7,x18,80002d88	  x7:0x00000000 x18:0x00000000
       19845000	      1983	80002d64	e67c6193	ori	x3,x24,-409	 x24:0x00000001  x3=0xfffffe67
       19855000	      1984	80002d68	e5b72893	slti	x17,x14,-421	 x14:0x0e6f29a4 x17=0x00000000
       19865000	      1985	80002d6c	01c87233	and	x4,x16,x28	 x16:0x000004ef x28:0x0f21fd48  x4=0x00000448
       19875000	      1986	80002d70	141a2837	lui	x16,0x141a2	 x16=0x141a2000
       19885000	      1987	80002d74	01cbee63	bltu	x23,x28,80002d90	 x23:0x00000000 x28:0x0f21fd48
       19895000	      1988	00000000	00000013	addi	x0,x0,0	  x0:0x00000000
       19905000	      1989	80002d8c	00000013	addi	x0,x0,0	  x0:0x00000000
       19915000	      1990	80002d90	41a48333	sub	x6,x9,x26	  x9:0x00000008 x26:0xffffc180  x6=0x00003e88
       19925000	      1991	80002d94	0078eab3	or	x21,x17,x7	 x17:0x00000000  x7:0x00000000 x21=0x00000000
       19935000	      1992	80002d98	05436263	bltu	x6,x20,80002ddc	  x6:0x00003e88 x20:0x00000000
       19945000	      1993	80002d9c	0023aab3	slt	x21,x7,x2	  x7:0x00000000  x2:0x0000000b x21=0x00000001
       19955000	      1994	80002da0	013d5e13	srli	x28,x26,0x13	 x26:0xffffc180 x28=0x00001fff
       19965000	      1995	80002da4	00b18833	add	x16,x3,x11	  x3:0xfffffe67 x11:0x80009f84 x16=0x80009deb
       19975000	      1996	80002da8	04114063	blt	x2,x1,80002de8	  x2:0x0000000b  x1:0x00000000
       19985000	      1997	80002dac	8f359737	lui	x14,0x8f359	 x14=0x8f359000
       19995000	      1998	80002db0	673cb893	sltiu	x17,x25,1651	 x25:0x000000b3 x17=0x00000001
       20005000	      1999	80002db4	006e40b3	xor	x1,x28,x6	 x28:0x00001fff  x6:0x00003e88  x1=0x00002177
       20015000	      2000	80002db8	005df463	bgeu	x27,x5,80002dc0	 x27:0x00000000  x5:0x00000627
       20025000	      2001	80002dbc	600f5c37	lui	x24,0x600f5	 x24=0x600f5000
       20035000	      2002	80002dc0	0584d263	bge	x9,x24,80002e04	  x9:0x00000008 x24:0x600f5000
       20045000	      2003	80002dc4	00f0b433	sltu	x8,x1,x15	  x1:0x00002177 x15:0xa760bbac  x8=0x00000001
       20055000	      2004	80002dc8	007e10b3	sll	x1,x28,x7	 x28:0x00001fff  x7:0x00000000  x1=0x00001fff
       20065000	      2005	80002dcc	016d0663	beq	x26,x22,80002dd8	 x26:0xffffc180 x22:0x00000000
       20075000	      2006	80002dd0	024f5c63	bge	x30,x4,80002e08	 x30:0x80009fc4  x4:0x00000448
       20085000	      2007	80002dd4	9713f197	auipc	x3,0x9713f	  x3=0x17141dd0
       20095000	      2008	80002dd8	006b3eb3	sltu	x29,x22,x6	 x22:0x00000000  x6:0x00003e88 x29=0x00000001
       20105000	      2009	80002ddc	00e1ce63	blt	x3,x14,80002df8	  x3:0x17141dd0 x14:0x8f359000
       20115000	      2010	80002de0	01ebc263	blt	x23,x30,80002de4	 x23:0x00000000 x30:0x80009fc4
       20125000	      2011	80002de4	00000013	addi	x0,x0,0	  x0:0x00000000
       20135000	      2012	80002de8	00ac9263	bne	x25,x10,80002dec	 x25:0x000000b3 x10:0xa760bbac
       20145000	      2013	00000000	00000013	addi	x0,x0,0	  x0:0x00000000
       20155000	      2014	80002de8	00000013	addi	x0,x0,0	  x0:0x00000000
       20165000	      2015	80002dec	69200c13	addi	x24,x0,1682	  x0:0x00000000 x24=0x00000692
       20175000	      2016	80002df0	0120d6b3	srl	x13,x1,x18	  x1:0x00001fff x18:0x00000000 x13=0x00001fff
       20185000	      2017	80002df4	00eb0a33	add	x20,x22,x14	 x22:0x00000000 x14:0x8f359000 x20=0x8f359000
       20195000	      2018	80002df8	40505193	srai	x3,x0,0x5	  x0:0x00000000  x3=0x00000000
       20205000	      2019	80002dfc	5cdcb613	sltiu	x12,x25,1485	 x25:0x000000b3 x12=0x00000001
       20215000	      2020	80002e00	034be463	bltu	x23,x20,80002e28	 x23:0x00000000 x20:0x8f359000
       20225000	      2021	00000000	00000013	addi	x0,x0,0	  x0:0x00000000
       20235000	      2022	80002e24	00000013	addi	x0,x0,0	  x0:0x00000000
       20245000	      2023	80002e28	00501e93	slli	x29,x0,0x5	  x0:0x00000000 x29=0x00000000
       20255000	      2024	80002e2c	4b10c193	xori	x3,x1,1201	  x1:0x00001fff  x3=0x00001b4e
       20265000	      2025	80002e30	41b253b3	sra	x7,x4,x27	  x4:0x00000448 x27:0x00000000  x7=0x00000448
       20275000	      2026	80002e34	016c5b13	srli	x22,x24,0x16	 x24:0x00000692 x22=0x00000000
       20285000	      2027	80002e38	00000013	addi	x0,x0,0	  x0:0x00000000
       20295000	      2028	80002e3c	411ad313	srai	x6,x21,0x11	 x21:0x00000001  x6=0x00000000
       20305000	      2029	80002e40	01f9fc63	bgeu	x19,x31,80002e58	 x19:0x00000000 x31:0x00000000
       20315000	      2030	00000000	00000013	addi	x0,x0,0	  x0:0x00000000
       20325000	      2031	80002e54	00000013	addi	x0,x0,0	  x0:0x00000000
       20335000	      2032	80002e58	00f6d313	srli	x6,x13,0xf	 x13:0x00001fff  x6=0x00000000
       20345000	      2033	80002e5c	a8278d17	auipc	x26,0xa8278	 x26=0x2827ae58
       20355000	      2034	80002e60	41b158b3	sra	x17,x2,x27	  x2:0x0000000b x27:0x00000000 x17=0x0000000b
       20365000	      2035	80002e64	7e0b3c93	sltiu	x25,x22,2016	 x22:0x00000000 x25=0x00000001
       20375000	      2036	80002e68	7fab8e17	auipc	x28,0x7fab8	 x28=0xffabae64
       20385000	      2037	80002e6c	b809b293	sltiu	x5,x19,-1152	 x19:0x00000000  x5=0x00000001
       20395000	      2038	80002e70	001003b3	add	x7,x0,x1	  x0:0x00000000  x1:0x00001fff  x7=0x00001fff
       20405000	      2039	80002e74	014f7d33	and	x26,x30,x20	 x30:0x80009fc4 x20:0x8f359000 x26=0x80009000
       20415000	      2040	80002e78	078e7b13	andi	x22,x28,120	 x28:0xffabae64 x22=0x00000060
       20425000	      2041	80002e7c	00000013	addi	x0,x0,0	  x0:0x00000000
       20435000	      2042	80002e80	01b0ae33	slt	x28,x1,x27	  x1:0x00001fff x27:0x00000000 x28=0x00000000
       20445000	      2043	80002e84	202a3193	sltiu	x3,x20,514	 x20:0x8f359000  x3=0x00000000
       20455000	      2044	80002e88	01e59d93	slli	x27,x11,0x1e	 x11:0x80009f84 x27=0x00000000
       20465000	      2045	80002e8c	0462e863	bltu	x5,x6,80002edc	  x5:0x00000001  x6:0x00000000
       20475000	      2046	80002e90	01b02033	slt	x0,x0,x27	  x0:0x00000000 x27:0x00000000
       20485000	      2047	80002e94	01e05d33	srl	x26,x0,x30	  x0:0x00000000 x30:0x80009fc4 x26=0x00000000
       20495000	      2048	80002e98	414adc33	sra	x24,x21,x20	 x21:0x00000001 x20:0x8f359000 x24=0x00000001
       20505000	      2049	80002e9c	00fb7cb3	and	x25,x22,x15	 x22:0x00000060 x15:0xa760bbac x25=0x00000020
       20515000	      2050	80002ea0	01c6e8b3	or	x17,x13,x28	 x13:0x00001fff x28:0x00000000 x17=0x00001fff
       20525000	      2051	80002ea4	01911c63	bne	x2,x25,80002ebc	  x2:0x0000000b x25:0x00000020
       20535000	      2052	00000000	00000013	addi	x0,x0,0	  x0:0x00000000
       20545000	      2053	80002eb8	00000013	addi	x0,x0,0	  x0:0x00000000
       20555000	      2054	80002ebc	6d1e46b7	lui	x13,0x6d1e4	 x13=0x6d1e4000
       20565000	      2055	80002ec0	00000013	addi	x0,x0,0	  x0:0x00000000
       20575000	      2056	80002ec4	40a551b3	sra	x3,x10,x10	 x10:0xa760bbac x10:0xa760bbac  x3=0xfffa760b
       20585000	      2057	80002ec8	00c2f833	and	x16,x5,x12	  x5:0x00000001 x12:0x00000001 x16=0x00000001
       20595000	      2058	80002ecc	40e288b3	sub	x17,x5,x14	  x5:0x00000001 x14:0x8f359000 x17=0x70ca7001
       20605000	      2059	80002ed0	00403d33	sltu	x26,x0,x4	  x0:0x00000000  x4:0x00000448 x26=0x00000001
       20615000	      2060	80002ed4	0143dc63	bge	x7,x20,80002eec	  x7:0x00001fff x20:0x8f359000
       20625000	      2061	00000000	00000013	addi	x0,x0,0	  x0:0x00000000
       20635000	      2062	80002ee8	00000013	addi	x0,x0,0	  x0:0x00000000
       20645000	      2063	80002eec	0181ac33	slt	x24,x3,x24	  x3:0xfffa760b x24:0x00000001 x24=0x00000001
       20655000	      2064	80002ef0	0a996093	ori	x1,x18,169	 x18:0x00000000  x1=0x000000a9
       20665000	      2065	80002ef4	015966b3	or	x13,x18,x21	 x18:0x00000000 x21:0x00000001 x13=0x00000001
       20675000	      2066	80002ef8	01027a63	bgeu	x4,x16,80002f0c	  x4:0x00000448 x16:0x00000001
       20685000	      2067	00000000	00000013	addi	x0,x0,0	  x0:0x00000000
       20695000	      2068	80002f08	00000013	addi	x0,x0,0	  x0:0x00000000
       20705000	      2069	80002f0c	03367a63	bgeu	x12,x19,80002f40	 x12:0x00000001 x19:0x00000000
       20715000	      2070	00000000	00000013	addi	x0,x0,0	  x0:0x00000000
       20725000	      2071	80002f3c	00000013	addi	x0,x0,0	  x0:0x00000000
       20735000	      2072	80002f40	52836893	ori	x17,x6,1320	  x6:0x00000000 x17=0x00000528
       20745000	      2073	80002f44	039d4063	blt	x26,x25,80002f64	 x26:0x00000001 x25:0x00000020
       20755000	      2074	00000000	00000013	addi	x0,x0,0	  x0:0x00000000
       20765000	      2075	80002f60	00000013	addi	x0,x0,0	  x0:0x00000000
       20775000	      2076	80002f64	00000013	addi	x0,x0,0	  x0:0x00000000
       20785000	      2077	80002f68	010186b3	add	x13,x3,x16	  x3:0xfffa760b x16:0x00000001 x13=0xfffa760c
       20795000	      2078	80002f6c	00c98263	beq	x19,x12,80002f70	 x19:0x00000000 x12:0x00000001
       20805000	      2079	80002f70	77613793	sltiu	x15,x2,1910	  x2:0x0000000b x15=0x00000001
       20815000	      2080	80002f74	9c48a713	slti	x14,x17,-1596	 x17:0x00000528 x14=0x00000000
       20825000	      2081	80002f78	012334b3	sltu	x9,x6,x18	  x6:0x00000000 x18:0x00000000  x9=0x00000000
       20835000	      2082	80002f7c	3df58313	addi	x6,x11,991	 x11:0x80009f84  x6=0x8000a363
       20845000	      2083	80002f80	05a9d863	bge	x19,x26,80002fd0	 x19:0x00000000 x26:0x00000001
       20855000	      2084	80002f84	00dbb8b3	sltu	x17,x23,x13	 x23:0x00000000 x13:0xfffa760c x17=0x00000001
       20865000	      2085	80002f88	439ef493	andi	x9,x29,1081	 x29:0x00000000  x9=0x00000000
       20875000	      2086	80002f8c	0500e863	bltu	x1,x16,80002fdc	  x1:0x000000a9 x16:0x00000001
       20885000	      2087	80002f90	01709493	slli	x9,x1,0x17	  x1:0x000000a9  x9=0x54800000
       20895000	      2088	80002f94	00d0f7b3	and	x15,x1,x13	  x1:0x000000a9 x13:0xfffa760c x15=0x00000008
       20905000	      2089	80002f98	a3d4b213	sltiu	x4,x9,-1475	  x9:0x54800000  x4=0x00000001
       20915000	      2090	80002f9c	01f4b9b3	sltu	x19,x9,x31	  x9:0x54800000 x31:0x00000000 x19=0x00000000
       20925000	      2091	80002fa0	008447b3	xor	x15,x8,x8	  x8:0x00000001  x8:0x00000001 x15=0x00000000
       20935000	      2092	80002fa4	01435b93	srli	x23,x6,0x14	  x6:0x8000a363 x23=0x00000800
       20945000	      2093	80002fa8	0083c6b3	xor	x13,x7,x8	  x7:0x00001fff  x8:0x00000001 x13=0x00001ffe
       20955000	      2094	80002fac	01c8bc33	sltu	x24,x17,x28	 x17:0x00000001 x28:0x00000000 x24=0x00000000
       20965000	      2095	80002fb0	01ec8933	add	x18,x25,x30	 x25:0x00000020 x30:0x80009fc4 x18=0x80009fe4
       20975000	      2096	80002fb4	01c50293	addi	x5,x10,28	 x10:0xa760bbac  x5=0xa760bbc8
       20985000	      2097	80002fb8	0060dd13	srli	x26,x1,0x6	  x1:0x000000a9 x26=0x00000002
       20995000	      2098	80002fbc	26fe0e93	addi	x29,x28,623	 x28:0x00000000 x29=0x0000026f
       21005000	      2099	80002fc0	7d254613	xori	x12,x10,2002	 x10:0xa760bbac x12=0xa760bc7e
       21015000	      2100	80002fc4	40e48c33	sub	x24,x9,x14	  x9:0x54800000 x14:0x00000000 x24=0x54800000
       21025000	      2101	80002fc8	01c2deb3	srl	x29,x5,x28	  x5:0xa760bbc8 x28:0x00000000 x29=0xa760bbc8
       21035000	      2102	80002fcc	005a03b3	add	x7,x20,x5	 x20:0x8f359000  x5:0xa760bbc8  x7=0x36964bc8
       21045000	      2103	80002fd0	4f4c0013	addi	x0,x24,1268	 x24:0x54800000
       21055000	      2104	80002fd4	4172d9b3	sra	x19,x5,x23	  x5:0xa760bbc8 x23:0x00000800 x19=0xa760bbc8
       21065000	      2105	80002fd8	008d9433	sll	x8,x27,x8	 x27:0x00000000  x8:0x00000001  x8=0x00000000
       21075000	      2106	80002fdc	00182933	slt	x18,x16,x1	 x16:0x00000001  x1:0x000000a9 x18=0x00000001
       21085000	      2107	80002fe0	0100ec63	bltu	x1,x16,80002ff8	  x1:0x000000a9 x16:0x00000001
       21095000	      2108	80002fe4	01bcce63	blt	x25,x27,80003000	 x25:0x00000020 x27:0x00000000
       21105000	      2109	80002fe8	00000013	addi	x0,x0,0	  x0:0x00000000
       21115000	      2110	80002fec	3175b813	sltiu	x16,x11,791	 x11:0x80009f84 x16=0x00000000
       21125000	      2111	80002ff0	02021263	bne	x4,x0,80003014	  x4:0x00000001  x0:0x00000000
       21135000	      2112	00000000	00000013	addi	x0,x0,0	  x0:0x00000000
       21145000	      2113	80003010	00000013	addi	x0,x0,0	  x0:0x00000000
       21155000	      2114	80003014	41dd5693	srai	x13,x26,0x1d	 x26:0x00000002 x13=0x00000000
       21165000	      2115	80003018	aff63e93	sltiu	x29,x12,-1281	 x12:0xa760bc7e x29=0x00000001
       21175000	      2116	8000301c	00b87633	and	x12,x16,x11	 x16:0x00000000 x11:0x80009f84 x12=0x00000000
       21185000	      2117	80003020	01350263	beq	x10,x19,80003024	 x10:0xa760bbac x19:0xa760bbc8
       21195000	      2118	80003024	01218463	beq	x3,x18,8000302c	  x3:0xfffa760b x18:0x00000001
       21205000	      2119	80003028	4032d733	sra	x14,x5,x3	  x5:0xa760bbc8  x3:0xfffa760b x14=0xfff4ec17
       21215000	      2120	8000302c	01cdbe33	sltu	x28,x27,x28	 x27:0x00000000 x28:0x00000000 x28=0x00000000
       21225000	      2121	80003030	01075193	srli	x3,x14,0x10	 x14:0xfff4ec17  x3=0x0000fff4
       21235000	      2122	80003034	00d4d793	srli	x15,x9,0xd	  x9:0x54800000 x15=0x0002a400
       21245000	      2123	80003038	baa2aa37	lui	x20,0xbaa2a	 x20=0xbaa2a000
       21255000	      2124	8000303c	a20ff917	auipc	x18,0xa20ff	 x18=0x22102038
       21265000	      2125	80003040	00f00eb3	add	x29,x0,x15	  x0:0x00000000 x15:0x0002a400 x29=0x0002a400
       21275000	      2126	80003044	01067c63	bgeu	x12,x16,8000305c	 x12:0x00000000 x16:0x00000000
       21285000	      2127	00000000	00000013	addi	x0,x0,0	  x0:0x00000000
       21295000	      2128	80003058	00000013	addi	x0,x0,0	  x0:0x00000000
       21305000	      2129	8000305c	05a85063	bge	x16,x26,8000309c	 x16:0x00000000 x26:0x00000002
       21315000	      2130	80003060	051f5263	bge	x30,x17,800030a4	 x30:0x80009fc4 x17:0x00000001
       21325000	      2131	80003064	159fb7b7	lui	x15,0x159fb	 x15=0x159fb000
       21335000	      2132	80003068	02fb8463	beq	x23,x15,80003090	 x23:0x00000800 x15:0x159fb000
       21345000	      2133	8000306c	d818b413	sltiu	x8,x17,-639	 x17:0x00000001  x8=0x00000001
       21355000	      2134	80003070	01f971b3	and	x3,x18,x31	 x18:0x22102038 x31:0x00000000  x3=0x00000000
       21365000	      2135	80003074	008f1a93	slli	x21,x30,0x8	 x30:0x80009fc4 x21=0x009fc400
       21375000	      2136	80003078	185953b7	lui	x7,0x18595	  x7=0x18595000
       21385000	      2137	8000307c	dddd8313	addi	x6,x27,-547	 x27:0x00000000  x6=0xfffffddd
       21395000	      2138	80003080	f87d5097	auipc	x1,0xf87d5	  x1=0x787d807c
       21405000	      2139	80003084	046e6263	bltu	x28,x6,800030c8	 x28:0x00000000  x6:0xfffffddd
       21415000	      2140	00000000	00000013	addi	x0,x0,0	  x0:0x00000000
       21425000	      2141	800030c4	00000013	addi	x0,x0,0	  x0:0x00000000
       21435000	      2142	800030c8	078d2a93	slti	x21,x26,120	 x26:0x00000002 x21=0x00000001
       21445000	      2143	800030cc	00000013	addi	x0,x0,0	  x0:0x00000000
       21455000	      2144	800030d0	01dafcb3	and	x25,x21,x29	 x21:0x00000001 x29:0x0002a400 x25=0x00000000
       21465000	      2145	800030d4	00006d17	auipc	x26,0x6	 x26=0x800090d0
       21475000	      2146	800030d8	a0dd0d13	addi	x26,x26,-1523	 x26:0x800090d0 x26=0x80008add
       21485000	      2147	800030dc	ffad0b03	lb	x22,-6(x26)	 x26:0x80008add x22=0x00000000 PA:0x80008ad7
       21495000	      2148	800030e0	ffdd0483	lb	x9,-3(x26)	 x26:0x80008add  x9=0x00000000 PA:0x80008ada
       21505000	      2149	800030e4	ba612817	auipc	x16,0xba612	 x16=0x3a6150e0
       21515000	      2150	800030e8	00ad4e03	lbu	x28,10(x26)	 x26:0x80008add x28=0x00000000 PA:0x80008ae7
       21525000	      2151	800030ec	c55d9897	auipc	x17,0xc55d9	 x17=0x455dc0e8
       21535000	      2152	800030f0	ff0d4603	lbu	x12,-16(x26)	 x26:0x80008add x12=0x00000000 PA:0x80008acd
       21545000	      2153	800030f4	dcfbb993	sltiu	x19,x23,-561	 x23:0x00000800 x19=0x00000001
       21555000	      2154	800030f8	018d23a3	sw	x24,7(x26)	 x26:0x80008add x24:0x54800000 PA:0x80008ae4
       21565000	      2155	800030fc	00fe1013	slli	x0,x28,0xf	 x28:0x00000000
       21575000	      2156	80003100	268d0e93	addi	x29,x26,616	 x26:0x80008add x29=0x80008d45
       21585000	      2157	80003104	01845e13	srli	x28,x8,0x18	  x8:0x00000001 x28=0x00000000
       21595000	      2158	80003108	4138d793	srai	x15,x17,0x13	 x17:0x455dc0e8 x15=0x000008ab
       21605000	      2159	8000310c	00000013	addi	x0,x0,0	  x0:0x00000000
       21615000	      2160	80003110	00960433	add	x8,x12,x9	 x12:0x00000000  x9:0x00000000  x8=0x00000000
       21625000	      2161	80003114	013ac733	xor	x14,x21,x19	 x21:0x00000001 x19:0x00000001 x14=0x00000000
       21635000	      2162	80003118	5b9c6693	ori	x13,x24,1465	 x24:0x54800000 x13=0x548005b9
       21645000	      2163	8000311c	01fb4833	xor	x16,x22,x31	 x22:0x00000000 x31:0x00000000 x16=0x00000000
       21655000	      2164	80003120	e1623713	sltiu	x14,x4,-490	  x4:0x00000001 x14=0x00000001
       21665000	      2165	80003124	fffd4103	lbu	x2,-1(x26)	 x26:0x80008add  x2=0x00000000 PA:0x80008adc
       21675000	      2166	80003128	00f25ab3	srl	x21,x4,x15	  x4:0x00000001 x15:0x000008ab x21=0x00000000
       21685000	      2167	8000312c	00cb9b33	sll	x22,x23,x12	 x23:0x00000800 x12:0x00000000 x22=0x00000800
       21695000	      2168	80003130	01d16133	or	x2,x2,x29	  x2:0x00000000 x29:0x80008d45  x2=0x80008d45
       21705000	      2169	80003134	7696dc97	auipc	x25,0x7696d	 x25=0xf6970130
       21715000	      2170	80003138	00000013	addi	x0,x0,0	  x0:0x00000000
       21725000	      2171	8000313c	009d5c03	lhu	x24,9(x26)	 x26:0x80008add x24=0x00005480 PA:0x80008ae6
       21735000	      2172	80003140	01b60eb3	add	x29,x12,x27	 x12:0x00000000 x27:0x00000000 x29=0x00000000
       21745000	      2173	80003144	40485a93	srai	x21,x16,0x4	 x16:0x00000000 x21=0x00000000
       21755000	      2174	80003148	fe0d0aa3	sb	x0,-11(x26)	 x26:0x80008add  x0:0x00000000 PA:0x80008ad2
       21765000	      2175	8000314c	a99c9397	auipc	x7,0xa99c9	  x7=0x299cc148
       21775000	      2176	80003150	00dd4a83	lbu	x21,13(x26)	 x26:0x80008add x21=0x00000000 PA:0x80008aea
       21785000	      2177	80003154	1f653997	auipc	x19,0x1f653	 x19=0x9f656150
       21795000	      2178	80003158	bfd6b493	sltiu	x9,x13,-1027	 x13:0x548005b9  x9=0x00000001
       21805000	      2179	8000315c	001583b3	add	x7,x11,x1	 x11:0x80009f84  x1:0x787d807c  x7=0xf87e2000
       21815000	      2180	80003160	009d4783	lbu	x15,9(x26)	 x26:0x80008add x15=0x00000080 PA:0x80008ae6
       21825000	      2181	80003164	ff7d5e83	lhu	x29,-9(x26)	 x26:0x80008add x29=0x00008400 PA:0x80008ad4
       21835000	      2182	80003168	010d4603	lbu	x12,16(x26)	 x26:0x80008add x12=0x00000000 PA:0x80008aed
       21845000	      2183	8000316c	70593c13	sltiu	x24,x18,1797	 x18:0x22102038 x24=0x00000000
       21855000	      2184	80003170	006d0203	lb	x4,6(x26)	 x26:0x80008add  x4=0x00000000 PA:0x80008ae3
       21865000	      2185	80003174	01848cb3	add	x25,x9,x24	  x9:0x00000001 x24:0x00000000 x25=0x00000001
       21875000	      2186	80003178	95a3c393	xori	x7,x7,-1702	  x7:0xf87e2000  x7=0x0781d95a
       21885000	      2187	8000317c	014d25a3	sw	x20,11(x26)	 x26:0x80008add x20:0xbaa2a000 PA:0x80008ae8
       21895000	      2188	80003180	40f78233	sub	x4,x15,x15	 x15:0x00000080 x15:0x00000080  x4=0x00000000
       21905000	      2189	80003184	00ca5793	srli	x15,x20,0xc	 x20:0xbaa2a000 x15=0x000baa2a
       21915000	      2190	80003188	00cd4183	lbu	x3,12(x26)	 x26:0x80008add  x3=0x000000a0 PA:0x80008ae9
       21925000	      2191	8000318c	001d0823	sb	x1,16(x26)	 x26:0x80008add  x1:0x787d807c PA:0x80008aed
       21935000	      2192	80003190	d1b17913	andi	x18,x2,-741	  x2:0x80008d45 x18=0x80008d01
       21945000	      2193	80003194	01ef1db3	sll	x27,x30,x30	 x30:0x80009fc4 x30:0x80009fc4 x27=0x0009fc40
       21955000	      2194	80003198	0629c617	auipc	x12,0x629c	 x12=0x8629f194
       21965000	      2195	8000319c	00000f97	auipc	x31,0x0	 x31=0x80003198
       21975000	      2196	800031a0	00cf8f93	addi	x31,x31,12	 x31:0x80003198 x31=0x800031a4
       21985000	      2197	800031a4	000f8067	jalr	x0,x31,0	 x31:0x800031a4
       21995000	      2198	00000000	00000013	addi	x0,x0,0	  x0:0x00000000
       22005000	      2199	800031a4	00000013	addi	x0,x0,0	  x0:0x00000000
       22015000	      2200	800031a8	00100193	addi	x3,x0,1	  x0:0x00000000  x3=0x00000001
       22025000	      2201	800031ac	00000073	ecall	
       22035000	      2202	800031b0	01a56d33	or	x26,x10,x26	 x10:0xa760bbac x26:0x80008add x26=0xa760bbfd
