		Time			Cycle	PC		Insn	Decoded instruction	Register and memory contents
          65000	         5	80000004	00000293	addi	x5,x0,0	  x0:0x00000000  x5=0x00000000
          75000	         6	80000008	00000313	addi	x6,x0,0	  x0:0x00000000  x6=0x00000000
          85000	         7	8000000c	00628263	beq	x5,x6,80000010	  x5:0x00000000  x6:0x00000000
          95000	         8	00000000	00000013	addi	x0,x0,0	  x0:0x00000000
         105000	         9	8000000c	00000013	addi	x0,x0,0	  x0:0x00000000
         115000	        10	80000010	00000617	auipc	x12,0x0	 x12=0x8000000c
         125000	        11	80000014	00c60613	addi	x12,x12,12	 x12:0x8000000c x12=0x80000018
         135000	        12	80000018	00060067	jalr	x0,x12,0	 x12:0x80000018
         145000	        13	00000000	00000013	addi	x0,x0,0	  x0:0x00000000
         155000	        14	80000018	00000013	addi	x0,x0,0	  x0:0x00000000
         165000	        15	8000001c	40000537	lui	x10,0x40000	 x10=0x40000000
         175000	        16	80000020	10050513	addi	x10,x10,256	 x10:0x40000000 x10=0x40000100
         185000	        17	80000024	00000013	addi	x0,x0,0	  x0:0x00000000
         195000	        18	80000028	0000a697	auipc	x13,0xa	 x13=0x8000a024
         205000	        19	8000002c	fa068693	addi	x13,x13,-96	 x13:0x8000a024 x13=0x80009fc4
         215000	        20	80000030	00007517	auipc	x10,0x7	 x10=0x8000702c
         225000	        21	80000034	bdc50513	addi	x10,x10,-1060	 x10:0x8000702c x10=0x80006c08
         235000	        22	80000038	00056513	ori	x10,x10,0	 x10:0x80006c08 x10=0x80006c08
         245000	        23	8000003c	00000013	addi	x0,x0,0	  x0:0x00000000
         255000	        24	80000040	00000517	auipc	x10,0x0	 x10=0x8000003c
         265000	        25	80000044	02050513	addi	x10,x10,32	 x10:0x8000003c x10=0x8000005c
         275000	        26	80000048	00000013	addi	x0,x0,0	  x0:0x00000000
         285000	        27	8000004c	00000013	addi	x0,x0,0	  x0:0x00000000
         295000	        28	80000050	00002537	lui	x10,0x2	 x10=0x00002000
         305000	        29	80000054	80050513	addi	x10,x10,-2048	 x10:0x00002000 x10=0x00001800
         315000	        30	80000058	00000013	addi	x0,x0,0	  x0:0x00000000
         325000	        31	8000005c	00000013	addi	x0,x0,0	  x0:0x00000000
         335000	        32	80000060	80000037	lui	x0,0x80000	
         345000	        33	80000064	00000013	addi	x0,x0,0	  x0:0x00000000
         355000	        34	80000068	fbb520b7	lui	x1,0xfbb52	  x1=0xfbb52000
         365000	        35	8000006c	06108093	addi	x1,x1,97	  x1:0xfbb52000  x1=0xfbb52061
         375000	        36	80000070	00000113	addi	x2,x0,0	  x0:0x00000000  x2=0x00000000
         385000	        37	80000074	00100193	addi	x3,x0,1	  x0:0x00000000  x3=0x00000001
         395000	        38	80000078	00000213	addi	x4,x0,0	  x0:0x00000000  x4=0x00000000
         405000	        39	8000007c	f38bf2b7	lui	x5,0xf38bf	  x5=0xf38bf000
         415000	        40	80000080	c4128293	addi	x5,x5,-959	  x5:0xf38bf000  x5=0xf38bec41
         425000	        41	80000084	5224c337	lui	x6,0x5224c	  x6=0x5224c000
         435000	        42	80000088	da130313	addi	x6,x6,-607	  x6:0x5224c000  x6=0x5224bda1
         445000	        43	8000008c	800003b7	lui	x7,0x80000	  x7=0x80000000
         455000	        44	80000090	f7c5a437	lui	x8,0xf7c5a	  x8=0xf7c5a000
         465000	        45	80000094	13640413	addi	x8,x8,310	  x8:0xf7c5a000  x8=0xf7c5a136
         475000	        46	80000098	800004b7	lui	x9,0x80000	  x9=0x80000000
         485000	        47	8000009c	80000537	lui	x10,0x80000	 x10=0x80000000
         495000	        48	800000a0	800005b7	lui	x11,0x80000	 x11=0x80000000
         505000	        49	800000a4	4c223637	lui	x12,0x4c223	 x12=0x4c223000
         515000	        50	800000a8	31860613	addi	x12,x12,792	 x12:0x4c223000 x12=0x4c223318
         525000	        51	800000ac	00f00713	addi	x14,x0,15	  x0:0x00000000 x14=0x0000000f
         535000	        52	800000b0	f33b97b7	lui	x15,0xf33b9	 x15=0xf33b9000
         545000	        53	800000b4	e1c78793	addi	x15,x15,-484	 x15:0xf33b9000 x15=0xf33b8e1c
         555000	        54	800000b8	fd977837	lui	x16,0xfd977	 x16=0xfd977000
         565000	        55	800000bc	45580813	addi	x16,x16,1109	 x16:0xfd977000 x16=0xfd977455
         575000	        56	800000c0	fefce8b7	lui	x17,0xfefce	 x17=0xfefce000
         585000	        57	800000c4	faa88893	addi	x17,x17,-86	 x17:0xfefce000 x17=0xfefcdfaa
         595000	        58	800000c8	f1aa2937	lui	x18,0xf1aa2	 x18=0xf1aa2000
         605000	        59	800000cc	88e90913	addi	x18,x18,-1906	 x18:0xf1aa2000 x18=0xf1aa188e
         615000	        60	800000d0	00000993	addi	x19,x0,0	  x0:0x00000000 x19=0x00000000
         625000	        61	800000d4	b5c2ba37	lui	x20,0xb5c2b	 x20=0xb5c2b000
         635000	        62	800000d8	654a0a13	addi	x20,x20,1620	 x20:0xb5c2b000 x20=0xb5c2b654
         645000	        63	800000dc	80000ab7	lui	x21,0x80000	 x21=0x80000000
         655000	        64	800000e0	00200b13	addi	x22,x0,2	  x0:0x00000000 x22=0x00000002
         665000	        65	800000e4	00000c13	addi	x24,x0,0	  x0:0x00000000 x24=0x00000000
         675000	        66	800000e8	fe1eecb7	lui	x25,0xfe1ee	 x25=0xfe1ee000
         685000	        67	800000ec	298c8c93	addi	x25,x25,664	 x25:0xfe1ee000 x25=0xfe1ee298
         695000	        68	800000f0	f68ffd37	lui	x26,0xf68ff	 x26=0xf68ff000
         705000	        69	800000f4	4fbd0d13	addi	x26,x26,1275	 x26:0xf68ff000 x26=0xf68ff4fb
         715000	        70	800000f8	00600d93	addi	x27,x0,6	  x0:0x00000000 x27=0x00000006
         725000	        71	800000fc	00d00e13	addi	x28,x0,13	  x0:0x00000000 x28=0x0000000d
         735000	        72	80000100	00600e93	addi	x29,x0,6	  x0:0x00000000 x29=0x00000006
         745000	        73	80000104	00000f13	addi	x30,x0,0	  x0:0x00000000 x30=0x00000000
         755000	        74	80000108	00000f93	addi	x31,x0,0	  x0:0x00000000 x31=0x00000000
         765000	        75	8000010c	0000ab97	auipc	x23,0xa	 x23=0x8000a108
         775000	        76	80000110	e7cb8b93	addi	x23,x23,-388	 x23:0x8000a108 x23=0x80009f84
         785000	        77	80000114	00008117	auipc	x2,0x8	  x2=0x80008110
         795000	        78	80000118	27b10113	addi	x2,x2,635	  x2:0x80008110  x2=0x8000838b
         805000	        79	8000011c	01153833	sltu	x16,x10,x17	 x10:0x80000000 x17:0xfefcdfaa x16=0x00000001
         815000	        80	80000120	01f120a3	sw	x31,1(x2)	  x2:0x8000838b x31:0x00000000 PA:0x8000838c
         825000	        81	80000124	003915b3	sll	x11,x18,x3	 x18:0xf1aa188e  x3:0x00000001 x11=0xe354311c
         835000	        82	80000128	ff010483	lb	x9,-16(x2)	  x2:0x8000838b  x9=0xffffff92 PA:0x8000837b
         845000	        83	8000012c	ffc14583	lbu	x11,-4(x2)	  x2:0x8000838b x11=0x000000de PA:0x80008387
         855000	        84	80000130	40a28a33	sub	x20,x5,x10	  x5:0xf38bec41 x10:0x80000000 x20=0x738bec41
         865000	        85	80000134	ff214283	lbu	x5,-14(x2)	  x2:0x8000838b  x5=0x0000005d PA:0x8000837d
         875000	        86	80000138	01c81793	slli	x15,x16,0x1c	 x16:0x00000001 x15=0x10000000
         885000	        87	8000013c	00000013	addi	x0,x0,0	  x0:0x00000000
         895000	        88	80000140	2246cf97	auipc	x31,0x2246c	 x31=0xa246c13c
         905000	        89	80000144	005c9c33	sll	x24,x25,x5	 x25:0xfe1ee298  x5:0x0000005d x24=0x00000000
         915000	        90	80000148	00115803	lhu	x16,1(x2)	  x2:0x8000838b x16=0x00000000 PA:0x8000838c
         925000	        91	8000014c	41c55493	srai	x9,x10,0x1c	 x10:0x80000000  x9=0xfffffff8
         935000	        92	80000150	c88f7513	andi	x10,x30,-888	 x30:0x00000000 x10=0x00000000
         945000	        93	80000154	49b84f13	xori	x30,x16,1179	 x16:0x00000000 x30=0x0000049b
         955000	        94	80000158	014d6e33	or	x28,x26,x20	 x26:0xf68ff4fb x20:0x738bec41 x28=0xf78ffcfb
         965000	        95	8000015c	e1e03593	sltiu	x11,x0,-482	  x0:0x00000000 x11=0x00000001
         975000	        96	80000160	ffe10b23	sb	x30,-10(x2)	  x2:0x8000838b x30:0x0000049b PA:0x80008381
         985000	        97	80000164	23ab1ab7	lui	x21,0x23ab1	 x21=0x23ab1000
         995000	        98	80000168	fec11ea3	sh	x12,-3(x2)	  x2:0x8000838b x12:0x4c223318 PA:0x80008388
        1005000	        99	8000016c	1148ca13	xori	x20,x17,276	 x17:0xfefcdfaa x20=0xfefcdebe
        1015000	       100	80000170	01708733	add	x14,x1,x23	  x1:0xfbb52061 x23:0x80009f84 x14=0x7bb5bfe5
        1025000	       101	80000174	00414283	lbu	x5,4(x2)	  x2:0x8000838b  x5=0x00000000 PA:0x8000838f
        1035000	       102	80000178	00210583	lb	x11,2(x2)	  x2:0x8000838b x11=0x00000000 PA:0x8000838d
        1045000	       103	8000017c	00d10b03	lb	x22,13(x2)	  x2:0x8000838b x22=0x00000000 PA:0x80008398
        1055000	       104	00000000	00000013	addi	x0,x0,0	  x0:0x00000000
        1065000	       105	80000180	ff614303	lbu	x6,-10(x2)	  x2:0x8000838b  x6=0x0000009b PA:0x80008381
        1075000	       106	80000184	003102a3	sb	x3,5(x2)	  x2:0x8000838b  x3:0x00000001 PA:0x80008390
        1085000	       107	80000188	00346533	or	x10,x8,x3	  x8:0xf7c5a136  x3:0x00000001 x10=0xf7c5a137
        1095000	       108	8000018c	1bc46593	ori	x11,x8,444	  x8:0xf7c5a136 x11=0xf7c5a1be
        1105000	       109	80000190	7e454037	lui	x0,0x7e454	
        1115000	       110	80000194	00810703	lb	x14,8(x2)	  x2:0x8000838b x14=0x0000003d PA:0x80008393
        1125000	       111	80000198	ff811fa3	sh	x24,-1(x2)	  x2:0x8000838b x24:0x00000000 PA:0x8000838a
        1135000	       112	8000019c	803d3293	sltiu	x5,x26,-2045	 x26:0xf68ff4fb  x5=0x00000001
        1145000	       113	800001a0	4014d433	sra	x8,x9,x1	  x9:0xfffffff8  x1:0xfbb52061  x8=0xfffffffc
        1155000	       114	800001a4	00f11503	lh	x10,15(x2)	  x2:0x8000838b x10=0xffffcb6f PA:0x8000839a
        1165000	       115	800001a8	018f7d33	and	x26,x30,x24	 x30:0x0000049b x24:0x00000000 x26=0x00000000
        1175000	       116	800001ac	1cad7213	andi	x4,x26,458	 x26:0x00000000  x4=0x00000000
        1185000	       117	800001b0	40930333	sub	x6,x6,x9	  x6:0x0000009b  x9:0xfffffff8  x6=0x000000a3
        1195000	       118	800001b4	fff15783	lhu	x15,-1(x2)	  x2:0x8000838b x15=0x00000000 PA:0x8000838a
        1205000	       119	800001b8	ffe10983	lb	x19,-2(x2)	  x2:0x8000838b x19=0x00000033 PA:0x80008389
        1215000	       120	800001bc	41e55db3	sra	x27,x10,x30	 x10:0xffffcb6f x30:0x0000049b x27=0xffffffff
        1225000	       121	800001c0	00d15283	lhu	x5,13(x2)	  x2:0x8000838b  x5=0x00002700 PA:0x80008398
        1235000	       122	800001c4	40e78fb3	sub	x31,x15,x14	 x15:0x00000000 x14:0x0000003d x31=0xffffffc3
        1245000	       123	800001c8	fe1128a3	sw	x1,-15(x2)	  x2:0x8000838b  x1:0xfbb52061 PA:0x8000837c
        1255000	       124	800001cc	fe710f23	sb	x7,-2(x2)	  x2:0x8000838b  x7:0x80000000 PA:0x80008389
        1265000	       125	800001d0	ff112383	lw	x7,-15(x2)	  x2:0x8000838b  x7=0xfbb52061 PA:0x8000837c
        1275000	       126	800001d4	00008997	auipc	x19,0x8	 x19=0x800081d0
        1285000	       127	800001d8	05798993	addi	x19,x19,87	 x19:0x800081d0 x19=0x80008227
        1295000	       128	800001dc	00000013	addi	x0,x0,0	  x0:0x00000000
        1305000	       129	800001e0	00000013	addi	x0,x0,0	  x0:0x00000000
        1315000	       130	800001e4	01998123	sb	x25,2(x19)	 x19:0x80008227 x25:0xfe1ee298 PA:0x80008229
        1325000	       131	800001e8	ffc9cd03	lbu	x26,-4(x19)	 x19:0x80008227 x26=0x000000d1 PA:0x80008223
        1335000	       132	800001ec	01741893	slli	x17,x8,0x17	  x8:0xfffffffc x17=0xfe000000
        1345000	       133	800001f0	00c98d03	lb	x26,12(x19)	 x19:0x80008227 x26=0xffffffd8 PA:0x80008233
        1355000	       134	800001f4	01e982a3	sb	x30,5(x19)	 x19:0x80008227 x30:0x0000049b PA:0x8000822c
        1365000	       135	800001f8	9b0fc013	xori	x0,x31,-1616	 x31:0xffffffc3
        1375000	       136	800001fc	ff99dd83	lhu	x27,-7(x19)	 x19:0x80008227 x27=0x00009786 PA:0x80008220
        1385000	       137	80000200	ff399103	lh	x2,-13(x19)	 x19:0x80008227  x2=0xffff8043 PA:0x8000821a
        1395000	       138	80000204	ff09c103	lbu	x2,-16(x19)	 x19:0x80008227  x2=0x00000044 PA:0x80008217
        1405000	       139	80000208	40a55f13	srai	x30,x10,0xa	 x10:0xffffcb6f x30=0xfffffff2
        1415000	       140	8000020c	fff99d03	lh	x26,-1(x19)	 x19:0x80008227 x26=0xffff97e2 PA:0x80008226
        1425000	       141	80000210	257c6113	ori	x2,x24,599	 x24:0x00000000  x2=0x00000257
        1435000	       142	80000214	00c6f5b3	and	x11,x13,x12	 x13:0x80009fc4 x12:0x4c223318 x11=0x00001300
        1445000	       143	80000218	00d9ca03	lbu	x20,13(x19)	 x19:0x80008227 x20=0x000000e1 PA:0x80008234
        1455000	       144	8000021c	00b40ab3	add	x21,x8,x11	  x8:0xfffffffc x11:0x00001300 x21=0x000012fc
        1465000	       145	80000220	00000013	addi	x0,x0,0	  x0:0x00000000
        1475000	       146	80000224	41808433	sub	x8,x1,x24	  x1:0xfbb52061 x24:0x00000000  x8=0xfbb52061
        1485000	       147	80000228	006404b3	add	x9,x8,x6	  x8:0xfbb52061  x6:0x000000a3  x9=0xfbb52104
        1495000	       148	8000022c	00d3e133	or	x2,x7,x13	  x7:0xfbb52061 x13:0x80009fc4  x2=0xfbb5bfe5
        1505000	       149	80000230	401f8cb3	sub	x25,x31,x1	 x31:0xffffffc3  x1:0xfbb52061 x25=0x044adf62
        1515000	       150	80000234	51611fb7	lui	x31,0x51611	 x31=0x51611000
        1525000	       151	80000238	00b98f03	lb	x30,11(x19)	 x19:0x80008227 x30=0x0000007b PA:0x80008232
        1535000	       152	8000023c	00c82133	slt	x2,x16,x12	 x16:0x00000000 x12:0x4c223318  x2=0x00000001
        1545000	       153	80000240	41515e93	srai	x29,x2,0x15	  x2:0x00000001 x29=0x00000000
        1555000	       154	80000244	018208b3	add	x17,x4,x24	  x4:0x00000000 x24:0x00000000 x17=0x00000000
        1565000	       155	80000248	00000013	addi	x0,x0,0	  x0:0x00000000
        1575000	       156	8000024c	ff09ca83	lbu	x21,-16(x19)	 x19:0x80008227 x21=0x00000044 PA:0x80008217
        1585000	       157	80000250	00a980a3	sb	x10,1(x19)	 x19:0x80008227 x10:0xffffcb6f PA:0x80008228
        1595000	       158	80000254	01f7dd33	srl	x26,x15,x31	 x15:0x00000000 x31:0x51611000 x26=0x00000000
        1605000	       159	80000258	63497d93	andi	x27,x18,1588	 x18:0xf1aa188e x27=0x00000004
        1615000	       160	8000025c	008038b3	sltu	x17,x0,x8	  x0:0x00000000  x8:0xfbb52061 x17=0x00000001
        1625000	       161	80000260	00599903	lh	x18,5(x19)	 x19:0x80008227 x18=0xffffc29b PA:0x8000822c
        1635000	       162	80000264	ff898f83	lb	x31,-8(x19)	 x19:0x80008227 x31=0xffffffdd PA:0x8000821f
        1645000	       163	00000000	00000013	addi	x0,x0,0	  x0:0x00000000
        1655000	       164	80000268	fff9cd83	lbu	x27,-1(x19)	 x19:0x80008227 x27=0x000000e2 PA:0x80008226
        1665000	       165	8000026c	40470a33	sub	x20,x14,x4	 x14:0x0000003d  x4:0x00000000 x20=0x0000003d
        1675000	       166	80000270	ff59d583	lhu	x11,-11(x19)	 x19:0x80008227 x11=0x00009a35 PA:0x8000821c
        1685000	       167	80000274	00e9c203	lbu	x4,14(x19)	 x19:0x80008227  x4=0x000000ea PA:0x80008235
        1695000	       168	80000278	00008297	auipc	x5,0x8	  x5=0x80008274
        1705000	       169	8000027c	fd128293	addi	x5,x5,-47	  x5:0x80008274  x5=0x80008245
        1715000	       170	80000280	3e828703	lb	x14,1000(x5)	  x5:0x80008245 x14=0xffffffa1 PA:0x8000862d
        1725000	       171	80000284	f2c2c183	lbu	x3,-212(x5)	  x5:0x80008245  x3=0x00000051 PA:0x80008171
        1735000	       172	80000288	47c28d83	lb	x27,1148(x5)	  x5:0x80008245 x27=0x0000004b PA:0x800086c1
        1745000	       173	8000028c	f0c50b13	addi	x22,x10,-244	 x10:0xffffcb6f x22=0xffffca7b
        1755000	       174	80000290	0cb2a9a3	sw	x11,211(x5)	  x5:0x80008245 x11:0x00009a35 PA:0x80008318
        1765000	       175	80000294	c939f993	andi	x19,x19,-877	 x19:0x80008227 x19=0x80008003
        1775000	       176	80000298	2e42c383	lbu	x7,740(x5)	  x5:0x80008245  x7=0x00000016 PA:0x80008529
        1785000	       177	8000029c	eb028d03	lb	x26,-336(x5)	  x5:0x80008245 x26=0xfffffff9 PA:0x800080f5
        1795000	       178	800002a0	01489ab3	sll	x21,x17,x20	 x17:0x00000001 x20:0x0000003d x21=0x20000000
        1805000	       179	800002a4	1432ce03	lbu	x28,323(x5)	  x5:0x80008245 x28=0x00000018 PA:0x80008388
        1815000	       180	800002a8	404ad093	srai	x1,x21,0x4	 x21:0x20000000  x1=0x02000000
        1825000	       181	800002ac	4e329d83	lh	x27,1251(x5)	  x5:0x80008245 x27=0xffff917f PA:0x80008728
        1835000	       182	800002b0	82407213	andi	x4,x0,-2012	  x0:0x00000000  x4=0x00000000
        1845000	       183	800002b4	5102cb37	lui	x22,0x5102c	 x22=0x5102c000
        1855000	       184	800002b8	41f75c93	srai	x25,x14,0x1f	 x14:0xffffffa1 x25=0xffffffff
        1865000	       185	800002bc	597293a3	sh	x23,1415(x5)	  x5:0x80008245 x23:0x80009f84 PA:0x800087cc
        1875000	       186	800002c0	42c28923	sb	x12,1074(x5)	  x5:0x80008245 x12:0x4c223318 PA:0x80008677
        1885000	       187	800002c4	00de69b3	or	x19,x28,x13	 x28:0x00000018 x13:0x80009fc4 x19=0x80009fdc
        1895000	       188	800002c8	cadf7893	andi	x17,x30,-851	 x30:0x0000007b x17=0x00000029
        1905000	       189	800002cc	41ef5133	sra	x2,x30,x30	 x30:0x0000007b x30:0x0000007b  x2=0x00000000
        1915000	       190	800002d0	14328623	sb	x3,332(x5)	  x5:0x80008245  x3:0x00000051 PA:0x80008391
        1925000	       191	800002d4	46e2cf83	lbu	x31,1134(x5)	  x5:0x80008245 x31=0x0000002c PA:0x800086b3
        1935000	       192	800002d8	36d294a3	sh	x13,873(x5)	  x5:0x80008245 x13:0x80009fc4 PA:0x800085ae
        1945000	       193	800002dc	f0728a23	sb	x7,-236(x5)	  x5:0x80008245  x7:0x00000016 PA:0x80008159
        1955000	       194	800002e0	e4a2c503	lbu	x10,-438(x5)	  x5:0x80008245 x10=0x000000b6 PA:0x8000808f
        1965000	       195	800002e4	e67291a3	sh	x7,-413(x5)	  x5:0x80008245  x7:0x00000016 PA:0x800080a8
        1975000	       196	800002e8	24278a93	addi	x21,x15,578	 x15:0x00000000 x21=0x00000242
        1985000	       197	800002ec	10128423	sb	x1,264(x5)	  x5:0x80008245  x1:0x02000000 PA:0x8000834d
        1995000	       198	800002f0	eea2cc83	lbu	x25,-278(x5)	  x5:0x80008245 x25=0x000000af PA:0x8000812f
        2005000	       199	800002f4	40c28e03	lb	x28,1036(x5)	  x5:0x80008245 x28=0xffffffb8 PA:0x80008651
        2015000	       200	800002f8	40d9d933	sra	x18,x19,x13	 x19:0x80009fdc x13:0x80009fc4 x18=0xf80009fd
        2025000	       201	800002fc	ecb2c483	lbu	x9,-309(x5)	  x5:0x80008245  x9=0x00000001 PA:0x80008110
        2035000	       202	80000300	e752c903	lbu	x18,-395(x5)	  x5:0x80008245 x18=0x00000061 PA:0x800080ba
        2045000	       203	80000304	8e810b13	addi	x22,x2,-1816	  x2:0x00000000 x22=0xfffff8e8
        2055000	       204	80000308	01356b33	or	x22,x10,x19	 x10:0x000000b6 x19:0x80009fdc x22=0x80009ffe
        2065000	       205	8000030c	00f29003	lh	x0,15(x5)	  x5:0x80008245 PA:0x80008254
        2075000	       206	80000310	e838ba93	sltiu	x21,x17,-381	 x17:0x00000029 x21=0x00000001
        2085000	       207	80000314	42228303	lb	x6,1058(x5)	  x5:0x80008245  x6=0x00000068 PA:0x80008667
        2095000	       208	80000318	2472afa3	sw	x7,607(x5)	  x5:0x80008245  x7:0x00000016 PA:0x800084a4
        2105000	       209	8000031c	01b9d233	srl	x4,x19,x27	 x19:0x80009fdc x27:0xffff917f  x4=0x00000001
        2115000	       210	80000320	0efc0813	addi	x16,x24,239	 x24:0x00000000 x16=0x000000ef
        2125000	       211	80000324	0178a2b3	slt	x5,x17,x23	 x17:0x00000029 x23:0x80009f84  x5=0x00000000
        2135000	       212	80000328	05966063	bltu	x12,x25,80000368	 x12:0x4c223318 x25:0x000000af
        2145000	       213	8000032c	01645eb3	srl	x29,x8,x22	  x8:0xfbb52061 x22:0x80009ffe x29=0x00000003
        2155000	       214	80000330	4027d433	sra	x8,x15,x2	 x15:0x00000000  x2:0x00000000  x8=0x00000000
        2165000	       215	80000334	5442c993	xori	x19,x5,1348	  x5:0x00000000 x19=0x00000544
        2175000	       216	80000338	05ac9663	bne	x25,x26,80000384	 x25:0x000000af x26:0xfffffff9
        2185000	       217	00000000	00000013	addi	x0,x0,0	  x0:0x00000000
        2195000	       218	80000380	00000013	addi	x0,x0,0	  x0:0x00000000
        2205000	       219	80000384	01239d33	sll	x26,x7,x18	  x7:0x00000016 x18:0x00000061 x26=0x0000002c
        2215000	       220	80000388	006e1fb3	sll	x31,x28,x6	 x28:0xffffffb8  x6:0x00000068 x31=0xffffb800
        2225000	       221	8000038c	01ee2c33	slt	x24,x28,x30	 x28:0xffffffb8 x30:0x0000007b x24=0x00000001
        2235000	       222	80000390	00000013	addi	x0,x0,0	  x0:0x00000000
        2245000	       223	80000394	285b7e13	andi	x28,x22,645	 x22:0x80009ffe x28=0x00000284
        2255000	       224	80000398	03006263	bltu	x0,x16,800003bc	  x0:0x00000000 x16:0x000000ef
        2265000	       225	00000000	00000013	addi	x0,x0,0	  x0:0x00000000
        2275000	       226	800003b8	00000013	addi	x0,x0,0	  x0:0x00000000
        2285000	       227	800003bc	c5c3ce93	xori	x29,x7,-932	  x7:0x00000016 x29=0xfffffc4a
        2295000	       228	800003c0	00d741b3	xor	x3,x14,x13	 x14:0xffffffa1 x13:0x80009fc4  x3=0x7fff6065
        2305000	       229	800003c4	04698463	beq	x19,x6,8000040c	 x19:0x00000544  x6:0x00000068
        2315000	       230	800003c8	00a0ea63	bltu	x1,x10,800003dc	  x1:0x02000000 x10:0x000000b6
        2325000	       231	800003cc	01139e93	slli	x29,x7,0x11	  x7:0x00000016 x29=0x002c0000
        2335000	       232	800003d0	00532f33	slt	x30,x6,x5	  x6:0x00000068  x5:0x00000000 x30=0x00000000
        2345000	       233	800003d4	00000013	addi	x0,x0,0	  x0:0x00000000
        2355000	       234	800003d8	01887d33	and	x26,x16,x24	 x16:0x000000ef x24:0x00000001 x26=0x00000001
        2365000	       235	800003dc	002af1b3	and	x3,x21,x2	 x21:0x00000001  x2:0x00000000  x3=0x00000000
        2375000	       236	800003e0	b703b717	auipc	x14,0xb703b	 x14=0x3703b3dc
        2385000	       237	800003e4	00f393b3	sll	x7,x7,x15	  x7:0x00000016 x15:0x00000000  x7=0x00000016
        2395000	       238	800003e8	028dce63	blt	x27,x8,80000424	 x27:0xffff917f  x8:0x00000000
        2405000	       239	00000000	00000013	addi	x0,x0,0	  x0:0x00000000
        2415000	       240	80000420	00000013	addi	x0,x0,0	  x0:0x00000000
        2425000	       241	80000424	03261663	bne	x12,x18,80000450	 x12:0x4c223318 x18:0x00000061
        2435000	       242	00000000	00000013	addi	x0,x0,0	  x0:0x00000000
        2445000	       243	8000044c	00000013	addi	x0,x0,0	  x0:0x00000000
        2455000	       244	80000450	77b86c97	auipc	x25,0x77b86	 x25=0xf7b8644c
        2465000	       245	80000454	07597863	bgeu	x18,x21,800004c4	 x18:0x00000061 x21:0x00000001
        2475000	       246	00000000	00000013	addi	x0,x0,0	  x0:0x00000000
        2485000	       247	800004c0	00000013	addi	x0,x0,0	  x0:0x00000000
        2495000	       248	800004c4	23b84137	lui	x2,0x23b84	  x2=0x23b84000
        2505000	       249	800004c8	016be463	bltu	x23,x22,800004d0	 x23:0x80009f84 x22:0x80009ffe
        2515000	       250	00000000	00000013	addi	x0,x0,0	  x0:0x00000000
        2525000	       251	800004cc	00000013	addi	x0,x0,0	  x0:0x00000000
        2535000	       252	800004d0	931ae893	ori	x17,x21,-1743	 x21:0x00000001 x17=0xfffff931
        2545000	       253	800004d4	531f8a13	addi	x20,x31,1329	 x31:0xffffb800 x20=0xffffbd31
        2555000	       254	800004d8	00831a33	sll	x20,x6,x8	  x6:0x00000068  x8:0x00000000 x20=0x00000068
        2565000	       255	800004dc	01d83733	sltu	x14,x16,x29	 x16:0x000000ef x29:0x002c0000 x14=0x00000001
        2575000	       256	800004e0	7c3a6f13	ori	x30,x20,1987	 x20:0x00000068 x30=0x000007eb
        2585000	       257	800004e4	0258d263	bge	x17,x5,80000508	 x17:0xfffff931  x5:0x00000000
        2595000	       258	800004e8	14d33897	auipc	x17,0x14d33	 x17=0x94d334e4
        2605000	       259	800004ec	00979893	slli	x17,x15,0x9	 x15:0x00000000 x17=0x00000000
        2615000	       260	800004f0	69f7fc13	andi	x24,x15,1695	 x15:0x00000000 x24=0x00000000
        2625000	       261	800004f4	05658863	beq	x11,x22,80000544	 x11:0x00009a35 x22:0x80009ffe
        2635000	       262	800004f8	40dc5fb3	sra	x31,x24,x13	 x24:0x00000000 x13:0x80009fc4 x31=0x00000000
        2645000	       263	800004fc	03405c63	bge	x0,x20,80000534	  x0:0x00000000 x20:0x00000068
        2655000	       264	80000500	014cc5b3	xor	x11,x25,x20	 x25:0xf7b8644c x20:0x00000068 x11=0xf7b86424
        2665000	       265	80000504	012d9213	slli	x4,x27,0x12	 x27:0xffff917f  x4=0x45fc0000
        2675000	       266	80000508	029ace63	blt	x21,x9,80000544	 x21:0x00000001  x9:0x00000001
        2685000	       267	8000050c	01c255b3	srl	x11,x4,x28	  x4:0x45fc0000 x28:0x00000284 x11=0x045fc000
        2695000	       268	80000510	03e54663	blt	x10,x30,8000053c	 x10:0x000000b6 x30:0x000007eb
        2705000	       269	00000000	00000013	addi	x0,x0,0	  x0:0x00000000
        2715000	       270	80000538	00000013	addi	x0,x0,0	  x0:0x00000000
        2725000	       271	8000053c	f2658993	addi	x19,x11,-218	 x11:0x045fc000 x19=0x045fbf26
        2735000	       272	80000540	01f478b3	and	x17,x8,x31	  x8:0x00000000 x31:0x00000000 x17=0x00000000
        2745000	       273	80000544	0007c933	xor	x18,x15,x0	 x15:0x00000000  x0:0x00000000 x18=0x00000000
        2755000	       274	80000548	00f8d433	srl	x8,x17,x15	 x17:0x00000000 x15:0x00000000  x8=0x00000000
        2765000	       275	8000054c	016d4a63	blt	x26,x22,80000560	 x26:0x00000001 x22:0x80009ffe
        2775000	       276	80000550	04fed063	bge	x29,x15,80000590	 x29:0x002c0000 x15:0x00000000
        2785000	       277	00000000	00000013	addi	x0,x0,0	  x0:0x00000000
        2795000	       278	8000058c	00000013	addi	x0,x0,0	  x0:0x00000000
        2805000	       279	80000590	05a1f863	bgeu	x3,x26,800005e0	  x3:0x00000000 x26:0x00000001
        2815000	       280	80000594	c787c893	xori	x17,x15,-904	 x15:0x00000000 x17=0xfffffc78
        2825000	       281	80000598	016fc833	xor	x16,x31,x22	 x31:0x00000000 x22:0x80009ffe x16=0x80009ffe
        2835000	       282	8000059c	028b4263	blt	x22,x8,800005c0	 x22:0x80009ffe  x8:0x00000000
        2845000	       283	00000000	00000013	addi	x0,x0,0	  x0:0x00000000
        2855000	       284	800005bc	00000013	addi	x0,x0,0	  x0:0x00000000
        2865000	       285	800005c0	00fb0a63	beq	x22,x15,800005d4	 x22:0x80009ffe x15:0x00000000
        2875000	       286	800005c4	00379433	sll	x8,x15,x3	 x15:0x00000000  x3:0x00000000  x8=0x00000000
        2885000	       287	800005c8	00af6133	or	x2,x30,x10	 x30:0x000007eb x10:0x000000b6  x2=0x000007ff
        2895000	       288	800005cc	9755cd93	xori	x27,x11,-1675	 x11:0x045fc000 x27=0xfba03975
        2905000	       289	800005d0	413b5ab3	sra	x21,x22,x19	 x22:0x80009ffe x19:0x045fbf26 x21=0xfe00027f
        2915000	       290	800005d4	05629063	bne	x5,x22,80000614	  x5:0x00000000 x22:0x80009ffe
        2925000	       291	00000000	00000013	addi	x0,x0,0	  x0:0x00000000
        2935000	       292	80000610	00000013	addi	x0,x0,0	  x0:0x00000000
        2945000	       293	80000614	f00a7e13	andi	x28,x20,-256	 x20:0x00000068 x28=0x00000000
        2955000	       294	80000618	ed5df293	andi	x5,x27,-299	 x27:0xfba03975  x5=0xfba03855
        2965000	       295	8000061c	00000013	addi	x0,x0,0	  x0:0x00000000
        2975000	       296	80000620	0137d933	srl	x18,x15,x19	 x15:0x00000000 x19:0x045fbf26 x18=0x00000000
        2985000	       297	80000624	00a0ec63	bltu	x1,x10,8000063c	  x1:0x02000000 x10:0x000000b6
        2995000	       298	80000628	03237063	bgeu	x6,x18,80000648	  x6:0x00000068 x18:0x00000000
        3005000	       299	00000000	00000013	addi	x0,x0,0	  x0:0x00000000
        3015000	       300	80000644	00000013	addi	x0,x0,0	  x0:0x00000000
        3025000	       301	80000648	b06a7293	andi	x5,x20,-1274	 x20:0x00000068  x5=0x00000000
        3035000	       302	8000064c	00189db3	sll	x27,x17,x1	 x17:0xfffffc78  x1:0x02000000 x27=0xfffffc78
        3045000	       303	80000650	41dadeb3	sra	x29,x21,x29	 x21:0xfe00027f x29:0x002c0000 x29=0xfe00027f
        3055000	       304	80000654	21f6af93	slti	x31,x13,543	 x13:0x80009fc4 x31=0x00000001
        3065000	       305	80000658	00a3ec63	bltu	x7,x10,80000670	  x7:0x00000016 x10:0x000000b6
        3075000	       306	00000000	00000013	addi	x0,x0,0	  x0:0x00000000
        3085000	       307	8000066c	00000013	addi	x0,x0,0	  x0:0x00000000
        3095000	       308	80000670	0148c833	xor	x16,x17,x20	 x17:0xfffffc78 x20:0x00000068 x16=0xfffffc10
        3105000	       309	80000674	0b0b8b17	auipc	x22,0xb0b8	 x22=0x8b0b8670
        3115000	       310	80000678	417088b3	sub	x17,x1,x23	  x1:0x02000000 x23:0x80009f84 x17=0x81ff607c
        3125000	       311	8000067c	00000013	addi	x0,x0,0	  x0:0x00000000
        3135000	       312	80000680	00000013	addi	x0,x0,0	  x0:0x00000000
        3145000	       313	80000684	40d288b3	sub	x17,x5,x13	  x5:0x00000000 x13:0x80009fc4 x17=0x7fff603c
        3155000	       314	80000688	81eb0d13	addi	x26,x22,-2018	 x22:0x8b0b8670 x26=0x8b0b7e8e
        3165000	       315	8000068c	417ede93	srai	x29,x29,0x17	 x29:0xfe00027f x29=0xfffffffc
        3175000	       316	80000690	055d5463	bge	x26,x21,800006d8	 x26:0x8b0b7e8e x21:0xfe00027f
        3185000	       317	80000694	c5434513	xori	x10,x6,-940	  x6:0x00000068 x10=0xfffffc3c
        3195000	       318	80000698	03731663	bne	x6,x23,800006c4	  x6:0x00000068 x23:0x80009f84
        3205000	       319	00000000	00000013	addi	x0,x0,0	  x0:0x00000000
        3215000	       320	800006c0	00000013	addi	x0,x0,0	  x0:0x00000000
        3225000	       321	800006c4	05169663	bne	x13,x17,80000710	 x13:0x80009fc4 x17:0x7fff603c
        3235000	       322	00000000	00000013	addi	x0,x0,0	  x0:0x00000000
        3245000	       323	8000070c	00000013	addi	x0,x0,0	  x0:0x00000000
        3255000	       324	80000710	9edff917	auipc	x18,0x9edff	 x18=0x1edff70c
        3265000	       325	80000714	31b96a13	ori	x20,x18,795	 x18:0x1edff70c x20=0x1edff71f
        3275000	       326	80000718	f02bef13	ori	x30,x23,-254	 x23:0x80009f84 x30=0xffffff86
        3285000	       327	8000071c	80538313	addi	x6,x7,-2043	  x7:0x00000016  x6=0xfffff81b
        3295000	       328	80000720	01011f93	slli	x31,x2,0x10	  x2:0x000007ff x31=0x07ff0000
        3305000	       329	80000724	0170fab3	and	x21,x1,x23	  x1:0x02000000 x23:0x80009f84 x21=0x00000000
        3315000	       330	80000728	be23ec13	ori	x24,x7,-1054	  x7:0x00000016 x24=0xfffffbf6
        3325000	       331	8000072c	01ffcd33	xor	x26,x31,x31	 x31:0x07ff0000 x31:0x07ff0000 x26=0x00000000
        3335000	       332	80000730	01425c93	srli	x25,x4,0x14	  x4:0x45fc0000 x25=0x0000045f
        3345000	       333	80000734	04c7d863	bge	x15,x12,80000784	 x15:0x00000000 x12:0x4c223318
        3355000	       334	80000738	02c31663	bne	x6,x12,80000764	  x6:0xfffff81b x12:0x4c223318
        3365000	       335	00000000	00000013	addi	x0,x0,0	  x0:0x00000000
        3375000	       336	80000760	00000013	addi	x0,x0,0	  x0:0x00000000
        3385000	       337	80000764	13a53a13	sltiu	x20,x10,314	 x10:0xfffffc3c x20=0x00000000
        3395000	       338	80000768	07914e63	blt	x2,x25,800007e4	  x2:0x000007ff x25:0x0000045f
        3405000	       339	8000076c	40bf5313	srai	x6,x30,0xb	 x30:0xffffff86  x6=0xffffffff
        3415000	       340	80000770	01c77733	and	x14,x14,x28	 x14:0x00000001 x28:0x00000000 x14=0x00000000
        3425000	       341	80000774	68b2e893	ori	x17,x5,1675	  x5:0x00000000 x17=0x0000068b
        3435000	       342	80000778	a6cfa493	slti	x9,x31,-1428	 x31:0x07ff0000  x9=0x00000000
        3445000	       343	8000077c	0107d833	srl	x16,x15,x16	 x15:0x00000000 x16:0xfffffc10 x16=0x00000000
        3455000	       344	80000780	012af533	and	x10,x21,x18	 x21:0x00000000 x18:0x1edff70c x10=0x00000000
        3465000	       345	80000784	06df1463	bne	x30,x13,800007ec	 x30:0xffffff86 x13:0x80009fc4
        3475000	       346	00000000	00000013	addi	x0,x0,0	  x0:0x00000000
        3485000	       347	800007e8	00000013	addi	x0,x0,0	  x0:0x00000000
        3495000	       348	800007ec	f815a113	slti	x2,x11,-127	 x11:0x045fc000  x2=0x00000000
        3505000	       349	800007f0	04d40063	beq	x8,x13,80000830	  x8:0x00000000 x13:0x80009fc4
        3515000	       350	800007f4	04ef9663	bne	x31,x14,80000840	 x31:0x07ff0000 x14:0x00000000
        3525000	       351	00000000	00000013	addi	x0,x0,0	  x0:0x00000000
        3535000	       352	8000083c	00000013	addi	x0,x0,0	  x0:0x00000000
        3545000	       353	80000840	ae4e6393	ori	x7,x28,-1308	 x28:0x00000000  x7=0xfffffae4
        3555000	       354	80000844	82fb6413	ori	x8,x22,-2001	 x22:0x8b0b8670  x8=0xfffffe7f
        3565000	       355	80000848	79608593	addi	x11,x1,1942	  x1:0x02000000 x11=0x02000796
        3575000	       356	8000084c	004f3a33	sltu	x20,x30,x4	 x30:0xffffff86  x4:0x45fc0000 x20=0x00000000
        3585000	       357	80000850	4067da93	srai	x21,x15,0x6	 x15:0x00000000 x21=0x00000000
        3595000	       358	80000854	01a2de13	srli	x28,x5,0x1a	  x5:0x00000000 x28=0x00000000
        3605000	       359	80000858	019ed893	srli	x17,x29,0x19	 x29:0xfffffffc x17=0x0000007f
        3615000	       360	8000085c	04909063	bne	x1,x9,8000089c	  x1:0x02000000  x9:0x00000000
        3625000	       361	00000000	00000013	addi	x0,x0,0	  x0:0x00000000
        3635000	       362	80000898	00000013	addi	x0,x0,0	  x0:0x00000000
        3645000	       363	8000089c	1b3bd917	auipc	x18,0x1b3bd	 x18=0x9b3bd898
        3655000	       364	800008a0	2ae36d93	ori	x27,x6,686	  x6:0xffffffff x27=0xffffffff
        3665000	       365	800008a4	01d8d793	srli	x15,x17,0x1d	 x17:0x0000007f x15=0x00000000
        3675000	       366	800008a8	d6ea2c13	slti	x24,x20,-658	 x20:0x00000000 x24=0x00000000
        3685000	       367	800008ac	00000013	addi	x0,x0,0	  x0:0x00000000
        3695000	       368	800008b0	41255593	srai	x11,x10,0x12	 x10:0x00000000 x11=0x00000000
        3705000	       369	800008b4	00e36263	bltu	x6,x14,800008b8	  x6:0xffffffff x14:0x00000000
        3715000	       370	800008b8	7661c193	xori	x3,x3,1894	  x3:0x00000000  x3=0x00000766
        3725000	       371	800008bc	2a8c4913	xori	x18,x24,680	 x24:0x00000000 x18=0x000002a8
        3735000	       372	800008c0	413b5833	sra	x16,x22,x19	 x22:0x8b0b8670 x19:0x045fbf26 x16=0xfe2c2e19
        3745000	       373	800008c4	00fced33	or	x26,x25,x15	 x25:0x0000045f x15:0x00000000 x26=0x0000045f
        3755000	       374	800008c8	00d727b3	slt	x15,x14,x13	 x14:0x00000000 x13:0x80009fc4 x15=0x00000000
        3765000	       375	800008cc	a32dc193	xori	x3,x27,-1486	 x27:0xffffffff  x3=0x000005cd
        3775000	       376	800008d0	b5750413	addi	x8,x10,-1193	 x10:0x00000000  x8=0xfffffb57
        3785000	       377	800008d4	f7ebc193	xori	x3,x23,-130	 x23:0x80009f84  x3=0x7fff60fa
        3795000	       378	800008d8	0a8dcb13	xori	x22,x27,168	 x27:0xffffffff x22=0xffffff57
        3805000	       379	800008dc	042a9863	bne	x21,x2,8000092c	 x21:0x00000000  x2:0x00000000
        3815000	       380	800008e0	2e627eb7	lui	x29,0x2e627	 x29=0x2e627000
        3825000	       381	800008e4	41fe8f33	sub	x30,x29,x31	 x29:0x2e627000 x31:0x07ff0000 x30=0x26637000
        3835000	       382	800008e8	00e95713	srli	x14,x18,0xe	 x18:0x000002a8 x14=0x00000000
        3845000	       383	800008ec	009a5833	srl	x16,x20,x9	 x20:0x00000000  x9:0x00000000 x16=0x00000000
        3855000	       384	800008f0	00d08eb3	add	x29,x1,x13	  x1:0x02000000 x13:0x80009fc4 x29=0x82009fc4
        3865000	       385	800008f4	003ef133	and	x2,x29,x3	 x29:0x82009fc4  x3:0x7fff60fa  x2=0x020000c0
        3875000	       386	800008f8	e9b30993	addi	x19,x6,-357	  x6:0xffffffff x19=0xfffffe9a
        3885000	       387	800008fc	009c1eb3	sll	x29,x24,x9	 x24:0x00000000  x9:0x00000000 x29=0x00000000
        3895000	       388	80000900	028a0663	beq	x20,x8,8000092c	 x20:0x00000000  x8:0xfffffb57
        3905000	       389	80000904	00e8cc33	xor	x24,x17,x14	 x17:0x0000007f x14:0x00000000 x24=0x0000007f
        3915000	       390	80000908	9ef63493	sltiu	x9,x12,-1553	 x12:0x4c223318  x9=0x00000001
        3925000	       391	8000090c	cc367f93	andi	x31,x12,-829	 x12:0x4c223318 x31=0x4c223000
        3935000	       392	80000910	01f59533	sll	x10,x11,x31	 x11:0x00000000 x31:0x4c223000 x10=0x00000000
        3945000	       393	80000914	015be133	or	x2,x23,x21	 x23:0x80009f84 x21:0x00000000  x2=0x80009f84
        3955000	       394	80000918	01476663	bltu	x14,x20,80000924	 x14:0x00000000 x20:0x00000000
        3965000	       395	8000091c	025bf263	bgeu	x23,x5,80000940	 x23:0x80009f84  x5:0x00000000
        3975000	       396	00000000	00000013	addi	x0,x0,0	  x0:0x00000000
        3985000	       397	8000093c	00000013	addi	x0,x0,0	  x0:0x00000000
        3995000	       398	80000940	001cca63	blt	x25,x1,80000954	 x25:0x0000045f  x1:0x02000000
        4005000	       399	00000000	00000013	addi	x0,x0,0	  x0:0x00000000
        4015000	       400	80000950	00000013	addi	x0,x0,0	  x0:0x00000000
        4025000	       401	80000954	01c2e8b3	or	x17,x5,x28	  x5:0x00000000 x28:0x00000000 x17=0x00000000
        4035000	       402	80000958	00008117	auipc	x2,0x8	  x2=0x80008954
        4045000	       403	8000095c	dfc10113	addi	x2,x2,-516	  x2:0x80008954  x2=0x80008750
        4055000	       404	80000960	011be4b3	or	x9,x23,x17	 x23:0x80009f84 x17:0x00000000  x9=0x80009f84
        4065000	       405	80000964	009c91b3	sll	x3,x25,x9	 x25:0x0000045f  x9:0x80009f84  x3=0x000045f0
        4075000	       406	80000968	0014d293	srli	x5,x9,0x1	  x9:0x80009f84  x5=0x40004fc2
        4085000	       407	8000096c	002102a3	sb	x2,5(x2)	  x2:0x80008750  x2:0x80008750 PA:0x80008755
        4095000	       408	80000970	0188b7b3	sltu	x15,x17,x24	 x17:0x00000000 x24:0x0000007f x15=0x00000001
        4105000	       409	80000974	ff412f83	lw	x31,-12(x2)	  x2:0x80008750 x31=0x72a9822d PA:0x80008744
        4115000	       410	80000978	0130ae33	slt	x28,x1,x19	  x1:0x02000000 x19:0xfffffe9a x28=0x00000000
        4125000	       411	8000097c	b0990493	addi	x9,x18,-1271	 x18:0x000002a8  x9=0xfffffdb1
        4135000	       412	80000980	4f697313	andi	x6,x18,1270	 x18:0x000002a8  x6=0x000000a0
        4145000	       413	80000984	00c11823	sh	x12,16(x2)	  x2:0x80008750 x12:0x4c223318 PA:0x80008760
        4155000	       414	80000988	0065f8b3	and	x17,x11,x6	 x11:0x00000000  x6:0x000000a0 x17=0x00000000
        4165000	       415	8000098c	fd114f83	lbu	x31,-47(x2)	  x2:0x80008750 x31=0x00000051 PA:0x80008721
        4175000	       416	80000990	012c85b3	add	x11,x25,x18	 x25:0x0000045f x18:0x000002a8 x11=0x00000707
        4185000	       417	80000994	005cd9b3	srl	x19,x25,x5	 x25:0x0000045f  x5:0x40004fc2 x19=0x00000117
        4195000	       418	80000998	fd914383	lbu	x7,-39(x2)	  x2:0x80008750  x7=0x00000091 PA:0x80008729
        4205000	       419	00000000	00000013	addi	x0,x0,0	  x0:0x00000000
        4215000	       420	8000099c	03d38993	addi	x19,x7,61	  x7:0x00000091 x19=0x000000ce
        4225000	       421	800009a0	015ac533	xor	x10,x21,x21	 x21:0x00000000 x21:0x00000000 x10=0x00000000
        4235000	       422	800009a4	01a477b3	and	x15,x8,x26	  x8:0xfffffb57 x26:0x0000045f x15=0x00000057
        4245000	       423	800009a8	704e2f13	slti	x30,x28,1796	 x28:0x00000000 x30=0x00000001
        4255000	       424	800009ac	fe610c03	lb	x24,-26(x2)	  x2:0x80008750 x24=0xffffffaa PA:0x80008736
        4265000	       425	800009b0	41195593	srai	x11,x18,0x11	 x18:0x000002a8 x11=0x00000000
        4275000	       426	800009b4	48aceb37	lui	x22,0x48ace	 x22=0x48ace000
        4285000	       427	800009b8	01d623b3	slt	x7,x12,x29	 x12:0x4c223318 x29:0x00000000  x7=0x00000000
        4295000	       428	800009bc	403c07b3	sub	x15,x24,x3	 x24:0xffffffaa  x3:0x000045f0 x15=0xffffb9ba
        4305000	       429	800009c0	02111a23	sh	x1,52(x2)	  x2:0x80008750  x1:0x02000000 PA:0x80008784
        4315000	       430	800009c4	add70417	auipc	x8,0xadd70	  x8=0x2dd709c0
        4325000	       431	800009c8	00e14003	lbu	x0,14(x2)	  x2:0x80008750 PA:0x8000875e
        4335000	       432	800009cc	03c12c03	lw	x24,60(x2)	  x2:0x80008750 x24=0x0efa2c76 PA:0x8000878c
        4345000	       433	800009d0	01b10203	lb	x4,27(x2)	  x2:0x80008750  x4=0xffffffb7 PA:0x8000876b
        4355000	       434	800009d4	08c6c313	xori	x6,x13,140	 x13:0x80009fc4  x6=0x80009f48
        4365000	       435	800009d8	00d474b3	and	x9,x8,x13	  x8:0x2dd709c0 x13:0x80009fc4  x9=0x000009c0
        4375000	       436	800009dc	28412193	slti	x3,x2,644	  x2:0x80008750  x3=0x00000001
        4385000	       437	800009e0	01d106a3	sb	x29,13(x2)	  x2:0x80008750 x29:0x00000000 PA:0x8000875d
        4395000	       438	800009e4	fcd14903	lbu	x18,-51(x2)	  x2:0x80008750 x18=0x000000d6 PA:0x8000871d
        4405000	       439	800009e8	fe110d03	lb	x26,-31(x2)	  x2:0x80008750 x26=0x0000007b PA:0x80008731
        4415000	       440	800009ec	01910da3	sb	x25,27(x2)	  x2:0x80008750 x25:0x0000045f PA:0x8000876b
        4425000	       441	800009f0	fc2101a3	sb	x2,-61(x2)	  x2:0x80008750  x2:0x80008750 PA:0x80008713
        4435000	       442	800009f4	00000013	addi	x0,x0,0	  x0:0x00000000
        4445000	       443	800009f8	01214003	lbu	x0,18(x2)	  x2:0x80008750 PA:0x80008762
        4455000	       444	800009fc	017de4b3	or	x9,x27,x23	 x27:0xffffffff x23:0x80009f84  x9=0xffffffff
        4465000	       445	80000a00	fc012403	lw	x8,-64(x2)	  x2:0x80008750  x8=0x50f8e32f PA:0x80008710
        4475000	       446	80000a04	c77dc317	auipc	x6,0xc77dc	  x6=0x477dca00
        4485000	       447	80000a08	02410783	lb	x15,36(x2)	  x2:0x80008750 x15=0x0000001c PA:0x80008774
        4495000	       448	80000a0c	5f01c8b7	lui	x17,0x5f01c	 x17=0x5f01c000
        4505000	       449	80000a10	004450b3	srl	x1,x8,x4	  x8:0x50f8e32f  x4:0xffffffb7  x1=0x000000a1
        4515000	       450	80000a14	fce14283	lbu	x5,-50(x2)	  x2:0x80008750  x5=0x000000c6 PA:0x8000871e
        4525000	       451	80000a18	01938f33	add	x30,x7,x25	  x7:0x00000000 x25:0x0000045f x30=0x0000045f
        4535000	       452	80000a1c	8d51b113	sltiu	x2,x3,-1835	  x3:0x00000001  x2=0x00000001
        4545000	       453	80000a20	003a5c93	srli	x25,x20,0x3	 x20:0x00000000 x25=0x00000000
        4555000	       454	80000a24	00000013	addi	x0,x0,0	  x0:0x00000000
        4565000	       455	80000a28	03470663	beq	x14,x20,80000a54	 x14:0x00000000 x20:0x00000000
        4575000	       456	00000000	00000013	addi	x0,x0,0	  x0:0x00000000
        4585000	       457	80000a50	00000013	addi	x0,x0,0	  x0:0x00000000
        4595000	       458	80000a54	010ee733	or	x14,x29,x16	 x29:0x00000000 x16:0x00000000 x14=0x00000000
        4605000	       459	80000a58	00000013	addi	x0,x0,0	  x0:0x00000000
        4615000	       460	80000a5c	057a5463	bge	x20,x23,80000aa4	 x20:0x00000000 x23:0x80009f84
        4625000	       461	00000000	00000013	addi	x0,x0,0	  x0:0x00000000
        4635000	       462	80000aa0	00000013	addi	x0,x0,0	  x0:0x00000000
        4645000	       463	80000aa4	00000013	addi	x0,x0,0	  x0:0x00000000
        4655000	       464	80000aa8	0df54193	xori	x3,x10,223	 x10:0x00000000  x3=0x000000df
        4665000	       465	80000aac	e2997a93	andi	x21,x18,-471	 x18:0x000000d6 x21=0x00000000
        4675000	       466	80000ab0	03338e63	beq	x7,x19,80000aec	  x7:0x00000000 x19:0x000000ce
        4685000	       467	80000ab4	40005c93	srai	x25,x0,0x0	  x0:0x00000000 x25=0x00000000
        4695000	       468	80000ab8	0012b4b3	sltu	x9,x5,x1	  x5:0x000000c6  x1:0x000000a1  x9=0x00000000
        4705000	       469	80000abc	05854863	blt	x10,x24,80000b0c	 x10:0x00000000 x24:0x0efa2c76
        4715000	       470	00000000	00000013	addi	x0,x0,0	  x0:0x00000000
        4725000	       471	80000b08	00000013	addi	x0,x0,0	  x0:0x00000000
        4735000	       472	80000b0c	5c20e097	auipc	x1,0x5c20e	  x1=0xdc20eb08
        4745000	       473	80000b10	04e14063	blt	x2,x14,80000b50	  x2:0x00000001 x14:0x00000000
        4755000	       474	80000b14	91d7ce13	xori	x28,x15,-1763	 x15:0x0000001c x28=0xfffff901
        4765000	       475	80000b18	bb70cc13	xori	x24,x1,-1097	  x1:0xdc20eb08 x24=0x23df10bf
        4775000	       476	80000b1c	002fe333	or	x6,x31,x2	 x31:0x00000051  x2:0x00000001  x6=0x00000051
        4785000	       477	80000b20	40b65c13	srai	x24,x12,0xb	 x12:0x4c223318 x24=0x00098446
        4795000	       478	80000b24	9dc5a393	slti	x7,x11,-1572	 x11:0x00000000  x7=0x00000000
        4805000	       479	80000b28	01411b13	slli	x22,x2,0x14	  x2:0x00000001 x22=0x00100000
        4815000	       480	80000b2c	00cbe533	or	x10,x23,x12	 x23:0x80009f84 x12:0x4c223318 x10=0xcc22bf9c
        4825000	       481	80000b30	008520b3	slt	x1,x10,x8	 x10:0xcc22bf9c  x8:0x50f8e32f  x1=0x00000001
        4835000	       482	80000b34	01065c63	bge	x12,x16,80000b4c	 x12:0x4c223318 x16:0x00000000
        4845000	       483	00000000	00000013	addi	x0,x0,0	  x0:0x00000000
        4855000	       484	80000b48	00000013	addi	x0,x0,0	  x0:0x00000000
        4865000	       485	80000b4c	057f1863	bne	x30,x23,80000b9c	 x30:0x0000045f x23:0x80009f84
        4875000	       486	00000000	00000013	addi	x0,x0,0	  x0:0x00000000
        4885000	       487	80000b98	00000013	addi	x0,x0,0	  x0:0x00000000
        4895000	       488	80000b9c	f98d4e97	auipc	x29,0xf98d4	 x29=0x798d4b98
        4905000	       489	80000ba0	05484063	blt	x16,x20,80000be0	 x16:0x00000000 x20:0x00000000
        4915000	       490	80000ba4	48d72493	slti	x9,x14,1165	 x14:0x00000000  x9=0x00000001
        4925000	       491	80000ba8	01625913	srli	x18,x4,0x16	  x4:0xffffffb7 x18=0x000003ff
        4935000	       492	80000bac	00fafe33	and	x28,x21,x15	 x21:0x00000000 x15:0x0000001c x28=0x00000000
        4945000	       493	80000bb0	015d6333	or	x6,x26,x21	 x26:0x0000007b x21:0x00000000  x6=0x0000007b
        4955000	       494	80000bb4	026f9263	bne	x31,x6,80000bd8	 x31:0x00000051  x6:0x0000007b
        4965000	       495	00000000	00000013	addi	x0,x0,0	  x0:0x00000000
        4975000	       496	80000bd4	00000013	addi	x0,x0,0	  x0:0x00000000
        4985000	       497	80000bd8	b574e493	ori	x9,x9,-1193	  x9:0x00000001  x9=0xfffffb57
        4995000	       498	80000bdc	0136ffb3	and	x31,x13,x19	 x13:0x80009fc4 x19:0x000000ce x31=0x000000c4
        5005000	       499	80000be0	00d99413	slli	x8,x19,0xd	 x19:0x000000ce  x8=0x0019c000
        5015000	       500	80000be4	248f4737	lui	x14,0x248f4	 x14=0x248f4000
        5025000	       501	80000be8	0133fa33	and	x20,x7,x19	  x7:0x00000000 x19:0x000000ce x20=0x00000000
        5035000	       502	80000bec	419e5ab3	sra	x21,x28,x25	 x28:0x00000000 x25:0x00000000 x21=0x00000000
        5045000	       503	80000bf0	08a35063	bge	x6,x10,80000c70	  x6:0x0000007b x10:0xcc22bf9c
        5055000	       504	00000000	00000013	addi	x0,x0,0	  x0:0x00000000
        5065000	       505	80000c6c	00000013	addi	x0,x0,0	  x0:0x00000000
        5075000	       506	80000c70	408c5313	srai	x6,x24,0x8	 x24:0x00098446  x6=0x00000984
        5085000	       507	80000c74	00fbfe33	and	x28,x23,x15	 x23:0x80009f84 x15:0x0000001c x28=0x00000004
        5095000	       508	80000c78	02968e63	beq	x13,x9,80000cb4	 x13:0x80009fc4  x9:0xfffffb57
        5105000	       509	80000c7c	007bb833	sltu	x16,x23,x7	 x23:0x80009f84  x7:0x00000000 x16=0x00000000
        5115000	       510	80000c80	014b5ab3	srl	x21,x22,x20	 x22:0x00100000 x20:0x00000000 x21=0x00100000
        5125000	       511	80000c84	00535d13	srli	x26,x6,0x5	  x6:0x00000984 x26=0x0000004c
        5135000	       512	80000c88	00de2d33	slt	x26,x28,x13	 x28:0x00000004 x13:0x80009fc4 x26=0x00000000
        5145000	       513	80000c8c	bf20a893	slti	x17,x1,-1038	  x1:0x00000001 x17=0x00000000
        5155000	       514	80000c90	006c02b3	add	x5,x24,x6	 x24:0x00098446  x6:0x00000984  x5=0x00098dca
        5165000	       515	80000c94	00ccda93	srli	x21,x25,0xc	 x25:0x00000000 x21=0x00000000
        5175000	       516	80000c98	020c6663	bltu	x24,x0,80000cc4	 x24:0x00098446  x0:0x00000000
        5185000	       517	80000c9c	40725113	srai	x2,x4,0x7	  x4:0xffffffb7  x2=0xffffffff
        5195000	       518	80000ca0	406383b3	sub	x7,x7,x6	  x7:0x00000000  x6:0x00000984  x7=0xfffff67c
        5205000	       519	80000ca4	40efd9b3	sra	x19,x31,x14	 x31:0x000000c4 x14:0x248f4000 x19=0x000000c4
        5215000	       520	80000ca8	0064ba33	sltu	x20,x9,x6	  x9:0xfffffb57  x6:0x00000984 x20=0x00000000
        5225000	       521	80000cac	00000013	addi	x0,x0,0	  x0:0x00000000
        5235000	       522	80000cb0	0137deb3	srl	x29,x15,x19	 x15:0x0000001c x19:0x000000c4 x29=0x00000001
        5245000	       523	80000cb4	01b65933	srl	x18,x12,x27	 x12:0x4c223318 x27:0xffffffff x18=0x00000000
        5255000	       524	80000cb8	5fec2593	slti	x11,x24,1534	 x24:0x00098446 x11=0x00000000
        5265000	       525	80000cbc	00826233	or	x4,x4,x8	  x4:0xffffffb7  x8:0x0019c000  x4=0xffffffb7
        5275000	       526	80000cc0	daeb8217	auipc	x4,0xdaeb8	  x4=0x5aeb8cbc
        5285000	       527	80000cc4	d375d797	auipc	x15,0xd375d	 x15=0x5375dcc0
        5295000	       528	80000cc8	008c49b3	xor	x19,x24,x8	 x24:0x00098446  x8:0x0019c000 x19=0x00104446
        5305000	       529	80000ccc	d1f40a93	addi	x21,x8,-737	  x8:0x0019c000 x21=0x0019bd1f
        5315000	       530	80000cd0	01b37d33	and	x26,x6,x27	  x6:0x00000984 x27:0xffffffff x26=0x00000984
        5325000	       531	80000cd4	01ed0eb3	add	x29,x26,x30	 x26:0x00000984 x30:0x0000045f x29=0x00000de3
        5335000	       532	80000cd8	406b5893	srai	x17,x22,0x6	 x22:0x00100000 x17=0x00004000
        5345000	       533	80000cdc	c8e98e13	addi	x28,x19,-882	 x19:0x00104446 x28=0x001040d4
        5355000	       534	80000ce0	411ed0b3	sra	x1,x29,x17	 x29:0x00000de3 x17:0x00004000  x1=0x00000de3
        5365000	       535	80000ce4	006204b3	add	x9,x4,x6	  x4:0x5aeb8cbc  x6:0x00000984  x9=0x5aeb9640
        5375000	       536	80000ce8	015430b3	sltu	x1,x8,x21	  x8:0x0019c000 x21:0x0019bd1f  x1=0x00000000
        5385000	       537	80000cec	9f4f3e13	sltiu	x28,x30,-1548	 x30:0x0000045f x28=0x00000001
        5395000	       538	80000cf0	b6a4ba13	sltiu	x20,x9,-1174	  x9:0x5aeb9640 x20=0x00000001
        5405000	       539	80000cf4	d5618093	addi	x1,x3,-682	  x3:0x000000df  x1=0xfffffe35
        5415000	       540	80000cf8	94522c97	auipc	x25,0x94522	 x25=0x14522cf4
        5425000	       541	80000cfc	56c84893	xori	x17,x16,1388	 x16:0x00000000 x17=0x0000056c
        5435000	       542	80000d00	af2b6113	ori	x2,x22,-1294	 x22:0x00100000  x2=0xfffffaf2
        5445000	       543	80000d04	8dfad997	auipc	x19,0x8dfad	 x19=0x0dfadd00
        5455000	       544	80000d08	409fd893	srai	x17,x31,0x9	 x31:0x000000c4 x17=0x00000000
        5465000	       545	80000d0c	ee641397	auipc	x7,0xee641	  x7=0x6e641d08
        5475000	       546	80000d10	00a4e663	bltu	x9,x10,80000d1c	  x9:0x5aeb9640 x10:0xcc22bf9c
        5485000	       547	00000000	00000013	addi	x0,x0,0	  x0:0x00000000
        5495000	       548	80000d18	00000013	addi	x0,x0,0	  x0:0x00000000
        5505000	       549	80000d1c	03d2e263	bltu	x5,x29,80000d40	  x5:0x00098dca x29:0x00000de3
        5515000	       550	80000d20	02b98063	beq	x19,x11,80000d40	 x19:0x0dfadd00 x11:0x00000000
        5525000	       551	80000d24	006ce5b3	or	x11,x25,x6	 x25:0x14522cf4  x6:0x00000984 x11=0x14522df4
        5535000	       552	80000d28	8b687313	andi	x6,x16,-1866	 x16:0x00000000  x6=0x00000000
        5545000	       553	80000d2c	01c1cab3	xor	x21,x3,x28	  x3:0x000000df x28:0x00000001 x21=0x000000de
        5555000	       554	80000d30	f8c8a4b7	lui	x9,0xf8c8a	  x9=0xf8c8a000
        5565000	       555	80000d34	01b3f663	bgeu	x7,x27,80000d40	  x7:0x6e641d08 x27:0xffffffff
        5575000	       556	80000d38	b3f0af93	slti	x31,x1,-1217	  x1:0xfffffe35 x31=0x00000000
        5585000	       557	80000d3c	00ec6233	or	x4,x24,x14	 x24:0x00098446 x14:0x248f4000  x4=0x248fc446
        5595000	       558	80000d40	003fb8b3	sltu	x17,x31,x3	 x31:0x00000000  x3:0x000000df x17=0x00000001
        5605000	       559	80000d44	00000617	auipc	x12,0x0	 x12=0x80000d40
        5615000	       560	80000d48	00c60613	addi	x12,x12,12	 x12:0x80000d40 x12=0x80000d4c
        5625000	       561	80000d4c	00060067	jalr	x0,x12,0	 x12:0x80000d4c
        5635000	       562	00000000	00000013	addi	x0,x0,0	  x0:0x00000000
        5645000	       563	80000d4c	00000013	addi	x0,x0,0	  x0:0x00000000
        5655000	       564	80000d50	00100193	addi	x3,x0,1	  x0:0x00000000  x3=0x00000001
        5665000	       565	80000d54	00000073	ecall	
        5675000	       566	80000d58	008873b3	and	x7,x16,x8	 x16:0x00000000  x8:0x0019c000  x7=0x00000000
