		Time			Cycle	PC		Insn	Decoded instruction	Register and memory contents
          65000	         5	80000004	00000293	addi	x5,x0,0	  x0:0x00000000  x5=0x00000000
          75000	         6	80000008	00000313	addi	x6,x0,0	  x0:0x00000000  x6=0x00000000
          85000	         7	8000000c	00628263	beq	x5,x6,80000010	  x5:0x00000000  x6:0x00000000
          95000	         8	00000000	00000013	addi	x0,x0,0	  x0:0x00000000
         105000	         9	8000000c	00000013	addi	x0,x0,0	  x0:0x00000000
         115000	        10	80000010	00000117	auipc	x2,0x0	  x2=0x8000000c
         125000	        11	80000014	00c10113	addi	x2,x2,12	  x2:0x8000000c  x2=0x80000018
         135000	        12	80000018	00010067	jalr	x0,x2,0	  x2:0x80000018
         145000	        13	00000000	00000013	addi	x0,x0,0	  x0:0x00000000
         155000	        14	80000018	00000013	addi	x0,x0,0	  x0:0x00000000
         165000	        15	8000001c	40000bb7	lui	x23,0x40000	 x23=0x40000000
         175000	        16	80000020	100b8b93	addi	x23,x23,256	 x23:0x40000000 x23=0x40000100
         185000	        17	80000024	00000013	addi	x0,x0,0	  x0:0x00000000
         195000	        18	80000028	0000ac17	auipc	x24,0xa	 x24=0x8000a024
         205000	        19	8000002c	fa0c0c13	addi	x24,x24,-96	 x24:0x8000a024 x24=0x80009fc4
         215000	        20	80000030	00007b97	auipc	x23,0x7	 x23=0x8000702c
         225000	        21	80000034	684b8b93	addi	x23,x23,1668	 x23:0x8000702c x23=0x800076b0
         235000	        22	80000038	001beb93	ori	x23,x23,1	 x23:0x800076b0 x23=0x800076b1
         245000	        23	8000003c	00000013	addi	x0,x0,0	  x0:0x00000000
         255000	        24	80000040	00000b97	auipc	x23,0x0	 x23=0x8000003c
         265000	        25	80000044	020b8b93	addi	x23,x23,32	 x23:0x8000003c x23=0x8000005c
         275000	        26	80000048	00000013	addi	x0,x0,0	  x0:0x00000000
         285000	        27	8000004c	00000013	addi	x0,x0,0	  x0:0x00000000
         295000	        28	80000050	00002bb7	lui	x23,0x2	 x23=0x00002000
         305000	        29	80000054	800b8b93	addi	x23,x23,-2048	 x23:0x00002000 x23=0x00001800
         315000	        30	80000058	00000013	addi	x0,x0,0	  x0:0x00000000
         325000	        31	8000005c	00000013	addi	x0,x0,0	  x0:0x00000000
         335000	        32	80000060	f287f037	lui	x0,0xf287f	
         345000	        33	80000064	8fb00013	addi	x0,x0,-1797	  x0:0x00000000
         355000	        34	80000068	43ae40b7	lui	x1,0x43ae4	  x1=0x43ae4000
         365000	        35	8000006c	5b808093	addi	x1,x1,1464	  x1:0x43ae4000  x1=0x43ae45b8
         375000	        36	80000070	f1dbd137	lui	x2,0xf1dbd	  x2=0xf1dbd000
         385000	        37	80000074	80110113	addi	x2,x2,-2047	  x2:0xf1dbd000  x2=0xf1dbc801
         395000	        38	80000078	9e6d21b7	lui	x3,0x9e6d2	  x3=0x9e6d2000
         405000	        39	8000007c	79218193	addi	x3,x3,1938	  x3:0x9e6d2000  x3=0x9e6d2792
         415000	        40	80000080	eb806237	lui	x4,0xeb806	  x4=0xeb806000
         425000	        41	80000084	c8620213	addi	x4,x4,-890	  x4:0xeb806000  x4=0xeb805c86
         435000	        42	80000088	00000293	addi	x5,x0,0	  x0:0x00000000  x5=0x00000000
         445000	        43	8000008c	00000313	addi	x6,x0,0	  x0:0x00000000  x6=0x00000000
         455000	        44	80000090	ee8073b7	lui	x7,0xee807	  x7=0xee807000
         465000	        45	80000094	f1738393	addi	x7,x7,-233	  x7:0xee807000  x7=0xee806f17
         475000	        46	80000098	00a00413	addi	x8,x0,10	  x0:0x00000000  x8=0x0000000a
         485000	        47	8000009c	fbcb44b7	lui	x9,0xfbcb4	  x9=0xfbcb4000
         495000	        48	800000a0	5ec48493	addi	x9,x9,1516	  x9:0xfbcb4000  x9=0xfbcb45ec
         505000	        49	800000a4	00000513	addi	x10,x0,0	  x0:0x00000000 x10=0x00000000
         515000	        50	800000a8	79f835b7	lui	x11,0x79f83	 x11=0x79f83000
         525000	        51	800000ac	6af58593	addi	x11,x11,1711	 x11:0x79f83000 x11=0x79f836af
         535000	        52	800000b0	f1ea8637	lui	x12,0xf1ea8	 x12=0xf1ea8000
         545000	        53	800000b4	2a360613	addi	x12,x12,675	 x12:0xf1ea8000 x12=0xf1ea82a3
         555000	        54	800000b8	00c00693	addi	x13,x0,12	  x0:0x00000000 x13=0x0000000c
         565000	        55	800000bc	00200713	addi	x14,x0,2	  x0:0x00000000 x14=0x00000002
         575000	        56	800000c0	00000813	addi	x16,x0,0	  x0:0x00000000 x16=0x00000000
         585000	        57	800000c4	e96d78b7	lui	x17,0xe96d7	 x17=0xe96d7000
         595000	        58	800000c8	19688893	addi	x17,x17,406	 x17:0xe96d7000 x17=0xe96d7196
         605000	        59	800000cc	00000913	addi	x18,x0,0	  x0:0x00000000 x18=0x00000000
         615000	        60	800000d0	00b00993	addi	x19,x0,11	  x0:0x00000000 x19=0x0000000b
         625000	        61	800000d4	80000a37	lui	x20,0x80000	 x20=0x80000000
         635000	        62	800000d8	fdca2ab7	lui	x21,0xfdca2	 x21=0xfdca2000
         645000	        63	800000dc	5f8a8a93	addi	x21,x21,1528	 x21:0xfdca2000 x21=0xfdca25f8
         655000	        64	800000e0	00100b13	addi	x22,x0,1	  x0:0x00000000 x22=0x00000001
         665000	        65	800000e4	f0952bb7	lui	x23,0xf0952	 x23=0xf0952000
         675000	        66	800000e8	a9bb8b93	addi	x23,x23,-1381	 x23:0xf0952000 x23=0xf0951a9b
         685000	        67	800000ec	00000c93	addi	x25,x0,0	  x0:0x00000000 x25=0x00000000
         695000	        68	800000f0	00000d13	addi	x26,x0,0	  x0:0x00000000 x26=0x00000000
         705000	        69	800000f4	f9dc3db7	lui	x27,0xf9dc3	 x27=0xf9dc3000
         715000	        70	800000f8	8b9d8d93	addi	x27,x27,-1863	 x27:0xf9dc3000 x27=0xf9dc28b9
         725000	        71	800000fc	24cc2e37	lui	x28,0x24cc2	 x28=0x24cc2000
         735000	        72	80000100	2d9e0e13	addi	x28,x28,729	 x28:0x24cc2000 x28=0x24cc22d9
         745000	        73	80000104	6aac3eb7	lui	x29,0x6aac3	 x29=0x6aac3000
         755000	        74	80000108	e0be8e93	addi	x29,x29,-501	 x29:0x6aac3000 x29=0x6aac2e0b
         765000	        75	8000010c	00000f13	addi	x30,x0,0	  x0:0x00000000 x30=0x00000000
         775000	        76	80000110	fefacfb7	lui	x31,0xfefac	 x31=0xfefac000
         785000	        77	80000114	97ef8f93	addi	x31,x31,-1666	 x31:0xfefac000 x31=0xfefab97e
         795000	        78	80000118	0000a797	auipc	x15,0xa	 x15=0x8000a114
         805000	        79	8000011c	e7078793	addi	x15,x15,-400	 x15:0x8000a114 x15=0x80009f84
         815000	        80	80000120	00008717	auipc	x14,0x8	 x14=0x8000811c
         825000	        81	80000124	17f70713	addi	x14,x14,383	 x14:0x8000811c x14=0x8000829b
         835000	        82	80000128	00270983	lb	x19,2(x14)	 x14:0x8000829b x19=0x00000056 PA:0x8000829d
         845000	        83	8000012c	00a83bb3	sltu	x23,x16,x10	 x16:0x00000000 x10:0x00000000 x23=0x00000000
         855000	        84	80000130	01670e23	sb	x22,28(x14)	 x14:0x8000829b x22:0x00000001 PA:0x800082b7
         865000	        85	80000134	000589b3	add	x19,x11,x0	 x11:0x79f836af  x0:0x00000000 x19=0x79f836af
         875000	        86	80000138	64123b93	sltiu	x23,x4,1601	  x4:0xeb805c86 x23=0x00000000
         885000	        87	8000013c	01a74d83	lbu	x27,26(x14)	 x14:0x8000829b x27=0x0000006e PA:0x800082b5
         895000	        88	80000140	005716a3	sh	x5,13(x14)	 x14:0x8000829b  x5:0x00000000 PA:0x800082a8
         905000	        89	80000144	27512a93	slti	x21,x2,629	  x2:0xf1dbc801 x21=0x00000001
         915000	        90	80000148	01c70623	sb	x28,12(x14)	 x14:0x8000829b x28:0x24cc22d9 PA:0x800082a7
         925000	        91	8000014c	ebb76393	ori	x7,x14,-325	 x14:0x8000829b  x7=0xfffffebb
         935000	        92	80000150	0182d513	srli	x10,x5,0x18	  x5:0x00000000 x10=0x00000000
         945000	        93	80000154	01e90333	add	x6,x18,x30	 x18:0x00000000 x30:0x00000000  x6=0x00000000
         955000	        94	80000158	01daf4b3	and	x9,x21,x29	 x21:0x00000001 x29:0x6aac2e0b  x9=0x00000001
         965000	        95	8000015c	02f70aa3	sb	x15,53(x14)	 x14:0x8000829b x15:0x80009f84 PA:0x800082d0
         975000	        96	80000160	4140d333	sra	x6,x1,x20	  x1:0x43ae45b8 x20:0x80000000  x6=0x43ae45b8
         985000	        97	80000164	02070123	sb	x0,34(x14)	 x14:0x8000829b  x0:0x00000000 PA:0x800082bd
         995000	        98	80000168	d6910ab7	lui	x21,0xd6910	 x21=0xd6910000
        1005000	        99	8000016c	0047cf33	xor	x30,x15,x4	 x15:0x80009f84  x4:0xeb805c86 x30=0x6b80c302
        1015000	       100	80000170	00270d83	lb	x27,2(x14)	 x14:0x8000829b x27=0x00000056 PA:0x8000829d
        1025000	       101	80000174	3f7fc097	auipc	x1,0x3f7fc	  x1=0xbf7fc170
        1035000	       102	80000178	65323f13	sltiu	x30,x4,1619	  x4:0xeb805c86 x30=0x00000000
        1045000	       103	8000017c	ff271ca3	sh	x18,-7(x14)	 x14:0x8000829b x18:0x00000000 PA:0x80008294
        1055000	       104	80000180	4004db93	srai	x23,x9,0x0	  x9:0x00000001 x23=0x00000001
        1065000	       105	80000184	00674f83	lbu	x31,6(x14)	 x14:0x8000829b x31=0x0000005a PA:0x800082a1
        1075000	       106	80000188	00c834b3	sltu	x9,x16,x12	 x16:0x00000000 x12:0xf1ea82a3  x9=0x00000001
        1085000	       107	8000018c	02d75c83	lhu	x25,45(x14)	 x14:0x8000829b x25=0x00008283 PA:0x800082c8
        1095000	       108	80000190	ffa74583	lbu	x11,-6(x14)	 x14:0x8000829b x11=0x00000000 PA:0x80008295
        1105000	       109	80000194	65f34913	xori	x18,x6,1631	  x6:0x43ae45b8 x18=0x43ae43e7
        1115000	       110	80000198	01274f03	lbu	x30,18(x14)	 x14:0x8000829b x30=0x00000066 PA:0x800082ad
        1125000	       111	8000019c	40225b33	sra	x22,x4,x2	  x4:0xeb805c86  x2:0xf1dbc801 x22=0xf5c02e43
        1135000	       112	800001a0	41518cb3	sub	x25,x3,x21	  x3:0x9e6d2792 x21:0xd6910000 x25=0xc7dc2792
        1145000	       113	800001a4	02270983	lb	x19,34(x14)	 x14:0x8000829b x19=0x00000000 PA:0x800082bd
        1155000	       114	800001a8	40308f33	sub	x30,x1,x3	  x1:0xbf7fc170  x3:0x9e6d2792 x30=0x211299de
        1165000	       115	800001ac	00d70a23	sb	x13,20(x14)	 x14:0x8000829b x13:0x0000000c PA:0x800082af
        1175000	       116	800001b0	00000013	addi	x0,x0,0	  x0:0x00000000
        1185000	       117	800001b4	fd270b03	lb	x22,-46(x14)	 x14:0x8000829b x22=0x00000026 PA:0x8000826d
        1195000	       118	800001b8	003ba1b3	slt	x3,x23,x3	 x23:0x00000001  x3:0x9e6d2792  x3=0x00000000
        1205000	       119	800001bc	00760fb3	add	x31,x12,x7	 x12:0xf1ea82a3  x7:0xfffffebb x31=0xf1ea815e
        1215000	       120	800001c0	fc570da3	sb	x5,-37(x14)	 x14:0x8000829b  x5:0x00000000 PA:0x80008276
        1225000	       121	800001c4	03874a03	lbu	x20,56(x14)	 x14:0x8000829b x20=0x00000088 PA:0x800082d3
        1235000	       122	800001c8	fed75b83	lhu	x23,-19(x14)	 x14:0x8000829b x23=0x00004243 PA:0x80008288
        1245000	       123	800001cc	00b6c033	xor	x0,x13,x11	 x13:0x0000000c x11:0x00000000
        1255000	       124	800001d0	fe170023	sb	x1,-32(x14)	 x14:0x8000829b  x1:0xbf7fc170 PA:0x8000827b
        1265000	       125	800001d4	d733db17	auipc	x22,0xd733d	 x22=0x5733d1d0
        1275000	       126	800001d8	1e2c3f13	sltiu	x30,x24,482	 x24:0x80009fc4 x30=0x00000000
        1285000	       127	800001dc	005822b3	slt	x5,x16,x5	 x16:0x00000000  x5:0x00000000  x5=0x00000000
        1295000	       128	800001e0	40ac8d33	sub	x26,x25,x10	 x25:0xc7dc2792 x10:0x00000000 x26=0xc7dc2792
        1305000	       129	800001e4	fff71a03	lh	x20,-1(x14)	 x14:0x8000829b x20=0x00005051 PA:0x8000829a
        1315000	       130	800001e8	48d04593	xori	x11,x0,1165	  x0:0x00000000 x11=0x0000048d
        1325000	       131	800001ec	02771083	lh	x1,39(x14)	 x14:0x8000829b  x1=0x00007879 PA:0x800082c2
        1335000	       132	800001f0	fc874083	lbu	x1,-56(x14)	 x14:0x8000829b  x1=0x00000018 PA:0x80008263
        1345000	       133	800001f4	012ff933	and	x18,x31,x18	 x31:0xf1ea815e x18:0x43ae43e7 x18=0x41aa0146
        1355000	       134	800001f8	063a8c63	beq	x21,x3,80000270	 x21:0xd6910000  x3:0x00000000
        1365000	       135	800001fc	6231e097	auipc	x1,0x6231e	  x1=0xe231e1f8
        1375000	       136	80000200	05d8fe63	bgeu	x17,x29,8000025c	 x17:0xe96d7196 x29:0x6aac2e0b
        1385000	       137	00000000	00000013	addi	x0,x0,0	  x0:0x00000000
        1395000	       138	80000258	00000013	addi	x0,x0,0	  x0:0x00000000
        1405000	       139	8000025c	025ad263	bge	x21,x5,80000280	 x21:0xd6910000  x5:0x00000000
        1415000	       140	80000260	8ac4a513	slti	x10,x9,-1876	  x9:0x00000001 x10=0x00000000
        1425000	       141	80000264	00171663	bne	x14,x1,80000270	 x14:0x8000829b  x1:0xe231e1f8
        1435000	       142	00000000	00000013	addi	x0,x0,0	  x0:0x00000000
        1445000	       143	8000026c	00000013	addi	x0,x0,0	  x0:0x00000000
        1455000	       144	80000270	027dd463	bge	x27,x7,80000298	 x27:0x00000056  x7:0xfffffebb
        1465000	       145	00000000	00000013	addi	x0,x0,0	  x0:0x00000000
        1475000	       146	80000294	00000013	addi	x0,x0,0	  x0:0x00000000
        1485000	       147	80000298	0136e5b3	or	x11,x13,x19	 x13:0x0000000c x19:0x00000000 x11=0x0000000c
        1495000	       148	8000029c	012a2a33	slt	x20,x20,x18	 x20:0x00005051 x18:0x41aa0146 x20=0x00000001
        1505000	       149	800002a0	01087433	and	x8,x16,x16	 x16:0x00000000 x16:0x00000000  x8=0x00000000
        1515000	       150	800002a4	003a5cb3	srl	x25,x20,x3	 x20:0x00000001  x3:0x00000000 x25=0x00000001
        1525000	       151	800002a8	3c148193	addi	x3,x9,961	  x9:0x00000001  x3=0x000003c2
        1535000	       152	800002ac	01b59eb3	sll	x29,x11,x27	 x11:0x0000000c x27:0x00000056 x29=0x03000000
        1545000	       153	800002b0	01a47433	and	x8,x8,x26	  x8:0x00000000 x26:0xc7dc2792  x8=0x00000000
        1555000	       154	800002b4	38917f13	andi	x30,x2,905	  x2:0xf1dbc801 x30=0x00000001
        1565000	       155	800002b8	0076df33	srl	x30,x13,x7	 x13:0x0000000c  x7:0xfffffebb x30=0x00000000
        1575000	       156	800002bc	022c1c63	bne	x24,x2,800002f4	 x24:0x80009fc4  x2:0xf1dbc801
        1585000	       157	00000000	00000013	addi	x0,x0,0	  x0:0x00000000
        1595000	       158	800002f0	00000013	addi	x0,x0,0	  x0:0x00000000
        1605000	       159	800002f4	04ee1063	bne	x28,x14,80000334	 x28:0x24cc22d9 x14:0x8000829b
        1615000	       160	00000000	00000013	addi	x0,x0,0	  x0:0x00000000
        1625000	       161	80000330	00000013	addi	x0,x0,0	  x0:0x00000000
        1635000	       162	80000334	01b25f93	srli	x31,x4,0x1b	  x4:0xeb805c86 x31=0x0000001d
        1645000	       163	80000338	009f6533	or	x10,x30,x9	 x30:0x00000000  x9:0x00000001 x10=0x00000001
        1655000	       164	8000033c	41fd0033	sub	x0,x26,x31	 x26:0xc7dc2792 x31:0x0000001d
        1665000	       165	80000340	47997893	andi	x17,x18,1145	 x18:0x41aa0146 x17=0x00000040
        1675000	       166	80000344	01aab0b3	sltu	x1,x21,x26	 x21:0xd6910000 x26:0xc7dc2792  x1=0x00000000
        1685000	       167	80000348	00000117	auipc	x2,0x0	  x2=0x80000344
        1695000	       168	8000034c	00c10113	addi	x2,x2,12	  x2:0x80000344  x2=0x80000350
        1705000	       169	80000350	00010067	jalr	x0,x2,0	  x2:0x80000350
        1715000	       170	00000000	00000013	addi	x0,x0,0	  x0:0x00000000
        1725000	       171	80000350	00000013	addi	x0,x0,0	  x0:0x00000000
        1735000	       172	80000354	00100193	addi	x3,x0,1	  x0:0x00000000  x3=0x00000001
        1745000	       173	80000358	00000073	ecall	
        1755000	       174	8000035c	fcc78793	addi	x15,x15,-52	 x15:0x80009f84 x15=0x80009f50
