		Time			Cycle	PC		Insn	Decoded instruction	Register and memory contents
          65000	         5	80000004	00000293	addi	x5,x0,0	  x0:0x00000000  x5=0x00000000
          75000	         6	80000008	00000313	addi	x6,x0,0	  x0:0x00000000  x6=0x00000000
          85000	         7	8000000c	00628263	beq	x5,x6,80000010	  x5:0x00000000  x6:0x00000000
          95000	         8	00000000	00000013	addi	x0,x0,0	  x0:0x00000000
         105000	         9	8000000c	00000013	addi	x0,x0,0	  x0:0x00000000
         115000	        10	80000010	00000697	auipc	x13,0x0	 x13=0x8000000c
         125000	        11	80000014	00c68693	addi	x13,x13,12	 x13:0x8000000c x13=0x80000018
         135000	        12	80000018	00068067	jalr	x0,x13,0	 x13:0x80000018
         145000	        13	00000000	00000013	addi	x0,x0,0	  x0:0x00000000
         155000	        14	80000018	00000013	addi	x0,x0,0	  x0:0x00000000
         165000	        15	8000001c	40000937	lui	x18,0x40000	 x18=0x40000000
         175000	        16	80000020	10090913	addi	x18,x18,256	 x18:0x40000000 x18=0x40000100
         185000	        17	80000024	00000013	addi	x0,x0,0	  x0:0x00000000
         195000	        18	80000028	0000a797	auipc	x15,0xa	 x15=0x8000a024
         205000	        19	8000002c	fa078793	addi	x15,x15,-96	 x15:0x8000a024 x15=0x80009fc4
         215000	        20	80000030	00007917	auipc	x18,0x7	 x18=0x8000702c
         225000	        21	80000034	b6890913	addi	x18,x18,-1176	 x18:0x8000702c x18=0x80006b94
         235000	        22	80000038	00096913	ori	x18,x18,0	 x18:0x80006b94 x18=0x80006b94
         245000	        23	8000003c	00000013	addi	x0,x0,0	  x0:0x00000000
         255000	        24	80000040	00000917	auipc	x18,0x0	 x18=0x8000003c
         265000	        25	80000044	02090913	addi	x18,x18,32	 x18:0x8000003c x18=0x8000005c
         275000	        26	80000048	00000013	addi	x0,x0,0	  x0:0x00000000
         285000	        27	8000004c	00000013	addi	x0,x0,0	  x0:0x00000000
         295000	        28	80000050	00002937	lui	x18,0x2	 x18=0x00002000
         305000	        29	80000054	80090913	addi	x18,x18,-2048	 x18:0x00002000 x18=0x00001800
         315000	        30	80000058	00000013	addi	x0,x0,0	  x0:0x00000000
         325000	        31	8000005c	00000013	addi	x0,x0,0	  x0:0x00000000
         335000	        32	80000060	fe9ab037	lui	x0,0xfe9ab	
         345000	        33	80000064	bd300013	addi	x0,x0,-1069	  x0:0x00000000
         355000	        34	80000068	374fa0b7	lui	x1,0x374fa	  x1=0x374fa000
         365000	        35	8000006c	5cd08093	addi	x1,x1,1485	  x1:0x374fa000  x1=0x374fa5cd
         375000	        36	80000070	80000137	lui	x2,0x80000	  x2=0x80000000
         385000	        37	80000074	800001b7	lui	x3,0x80000	  x3=0x80000000
         395000	        38	80000078	2799d237	lui	x4,0x2799d	  x4=0x2799d000
         405000	        39	8000007c	19120213	addi	x4,x4,401	  x4:0x2799d000  x4=0x2799d191
         415000	        40	80000080	ff0e52b7	lui	x5,0xff0e5	  x5=0xff0e5000
         425000	        41	80000084	c9228293	addi	x5,x5,-878	  x5:0xff0e5000  x5=0xff0e4c92
         435000	        42	80000088	fb769337	lui	x6,0xfb769	  x6=0xfb769000
         445000	        43	8000008c	3cb30313	addi	x6,x6,971	  x6:0xfb769000  x6=0xfb7693cb
         455000	        44	80000090	f2f44437	lui	x8,0xf2f44	  x8=0xf2f44000
         465000	        45	80000094	c8f40413	addi	x8,x8,-881	  x8:0xf2f44000  x8=0xf2f43c8f
         475000	        46	80000098	00000493	addi	x9,x0,0	  x0:0x00000000  x9=0x00000000
         485000	        47	8000009c	00000513	addi	x10,x0,0	  x0:0x00000000 x10=0x00000000
         495000	        48	800000a0	00000593	addi	x11,x0,0	  x0:0x00000000 x11=0x00000000
         505000	        49	800000a4	00000613	addi	x12,x0,0	  x0:0x00000000 x12=0x00000000
         515000	        50	800000a8	800006b7	lui	x13,0x80000	 x13=0x80000000
         525000	        51	800000ac	f6ef7737	lui	x14,0xf6ef7	 x14=0xf6ef7000
         535000	        52	800000b0	37e70713	addi	x14,x14,894	 x14:0xf6ef7000 x14=0xf6ef737e
         545000	        53	800000b4	d8ed3837	lui	x16,0xd8ed3	 x16=0xd8ed3000
         555000	        54	800000b8	46780813	addi	x16,x16,1127	 x16:0xd8ed3000 x16=0xd8ed3467
         565000	        55	800000bc	f53628b7	lui	x17,0xf5362	 x17=0xf5362000
         575000	        56	800000c0	6b088893	addi	x17,x17,1712	 x17:0xf5362000 x17=0xf53626b0
         585000	        57	800000c4	00000913	addi	x18,x0,0	  x0:0x00000000 x18=0x00000000
         595000	        58	800000c8	800009b7	lui	x19,0x80000	 x19=0x80000000
         605000	        59	800000cc	f24e7a37	lui	x20,0xf24e7	 x20=0xf24e7000
         615000	        60	800000d0	ab9a0a13	addi	x20,x20,-1351	 x20:0xf24e7000 x20=0xf24e6ab9
         625000	        61	800000d4	80000ab7	lui	x21,0x80000	 x21=0x80000000
         635000	        62	800000d8	f8610b37	lui	x22,0xf8610	 x22=0xf8610000
         645000	        63	800000dc	ee9b0b13	addi	x22,x22,-279	 x22:0xf8610000 x22=0xf860fee9
         655000	        64	800000e0	00e00b93	addi	x23,x0,14	  x0:0x00000000 x23=0x0000000e
         665000	        65	800000e4	fcacdc37	lui	x24,0xfcacd	 x24=0xfcacd000
         675000	        66	800000e8	12ec0c13	addi	x24,x24,302	 x24:0xfcacd000 x24=0xfcacd12e
         685000	        67	800000ec	6a5f6cb7	lui	x25,0x6a5f6	 x25=0x6a5f6000
         695000	        68	800000f0	880c8c93	addi	x25,x25,-1920	 x25:0x6a5f6000 x25=0x6a5f5880
         705000	        69	800000f4	80000d37	lui	x26,0x80000	 x26=0x80000000
         715000	        70	800000f8	f427fdb7	lui	x27,0xf427f	 x27=0xf427f000
         725000	        71	800000fc	cf4d8d93	addi	x27,x27,-780	 x27:0xf427f000 x27=0xf427ecf4
         735000	        72	80000100	00000e13	addi	x28,x0,0	  x0:0x00000000 x28=0x00000000
         745000	        73	80000104	00200e93	addi	x29,x0,2	  x0:0x00000000 x29=0x00000002
         755000	        74	80000108	00800f13	addi	x30,x0,8	  x0:0x00000000 x30=0x00000008
         765000	        75	8000010c	3c49bfb7	lui	x31,0x3c49b	 x31=0x3c49b000
         775000	        76	80000110	dedf8f93	addi	x31,x31,-531	 x31:0x3c49b000 x31=0x3c49aded
         785000	        77	80000114	0000a397	auipc	x7,0xa	  x7=0x8000a110
         795000	        78	80000118	e7438393	addi	x7,x7,-396	  x7:0x8000a110  x7=0x80009f84
         805000	        79	8000011c	00003c17	auipc	x24,0x3	 x24=0x80003118
         815000	        80	80000120	224c0c13	addi	x24,x24,548	 x24:0x80003118 x24=0x8000333c
         825000	        81	80000124	01245b13	srli	x22,x8,0x12	  x8:0xf2f43c8f x22=0x00003cbd
         835000	        82	80000128	003769b3	or	x19,x14,x3	 x14:0xf6ef737e  x3:0x80000000 x19=0xf6ef737e
         845000	        83	8000012c	40705a33	sra	x20,x0,x7	  x0:0x00000000  x7:0x80009f84 x20=0x00000000
         855000	        84	80000130	00021013	slli	x0,x4,0x0	  x4:0x2799d191
         865000	        85	80000134	405681b3	sub	x3,x13,x5	 x13:0x80000000  x5:0xff0e4c92  x3=0x80f1b36e
         875000	        86	80000138	00f6abb3	slt	x23,x13,x15	 x13:0x80000000 x15:0x80009fc4 x23=0x00000001
         885000	        87	8000013c	e32c0c13	addi	x24,x24,-462	 x24:0x8000333c x24=0x8000316e
         895000	        88	80000140	0037f4b3	and	x9,x15,x3	 x15:0x80009fc4  x3:0x80f1b36e  x9=0x80009344
         905000	        89	80000144	1cfc00e7	jalr	x1,x24,463	 x24:0x8000316e  x1=0x80000144
         915000	        90	00000000	00000013	addi	x0,x0,0	  x0:0x00000000
         925000	        91	8000333c	00000013	addi	x0,x0,0	  x0:0x00000000
         935000	        92	80003340	01cc7633	and	x12,x24,x28	 x24:0x8000316e x28:0x00000000 x12=0x00000000
         945000	        93	80003344	00fde263	bltu	x27,x15,80003348	 x27:0xf427ecf4 x15:0x80009fc4
         955000	        94	80003348	fd438393	addi	x7,x7,-44	  x7:0x80009f84  x7=0x80009f58
         965000	        95	8000334c	01ec1313	slli	x6,x24,0x1e	 x24:0x8000316e  x6=0x80000000
         975000	        96	80003350	003f5513	srli	x10,x30,0x3	 x30:0x00000008 x10=0x00000001
         985000	        97	80003354	0013a223	sw	x1,4(x7)	  x7:0x80009f58  x1:0x80000144 PA:0x80009f5c
         995000	        98	80003358	30ac2237	lui	x4,0x30ac2	  x4=0x30ac2000
        1005000	        99	8000335c	00f8b2b3	sltu	x5,x17,x15	 x17:0xf53626b0 x15:0x80009fc4  x5=0x00000000
        1015000	       100	80003360	e4cf2413	slti	x8,x30,-436	 x30:0x00000008  x8=0x00000000
        1025000	       101	80003364	00006f97	auipc	x31,0x6	 x31=0x80009360
        1035000	       102	80003368	c0cf8f93	addi	x31,x31,-1012	 x31:0x80009360 x31=0x80008f6c
        1045000	       103	8000336c	f33fa823	sw	x19,-208(x31)	 x31:0x80008f6c x19:0xf6ef737e PA:0x80008e9c
        1055000	       104	80003370	25e7f713	andi	x14,x15,606	 x15:0x80009fc4 x14=0x00000244
        1065000	       105	80003374	6e72eb13	ori	x22,x5,1767	  x5:0x00000000 x22=0x000006e7
        1075000	       106	80003378	000452b3	srl	x5,x8,x0	  x8:0x00000000  x0:0x00000000  x5=0x00000000
        1085000	       107	8000337c	012a7c33	and	x24,x20,x18	 x20:0x00000000 x18:0x00000000 x24=0x00000000
        1095000	       108	80003380	01ac1c93	slli	x25,x24,0x1a	 x24:0x00000000 x25=0x00000000
        1105000	       109	80003384	0166ecb3	or	x25,x13,x22	 x13:0x80000000 x22:0x000006e7 x25=0x800006e7
        1115000	       110	80003388	fe8f8823	sb	x8,-16(x31)	 x31:0x80008f6c  x8:0x00000000 PA:0x80008f5c
        1125000	       111	8000338c	dc7cf193	andi	x3,x25,-569	 x25:0x800006e7  x3=0x800004c7
        1135000	       112	80003390	f54f8183	lb	x3,-172(x31)	 x31:0x80008f6c  x3=0xffffffab PA:0x80008ec0
        1145000	       113	80003394	01394a33	xor	x20,x18,x19	 x18:0x00000000 x19:0xf6ef737e x20=0xf6ef737e
        1155000	       114	80003398	fd1f8d83	lb	x27,-47(x31)	 x31:0x80008f6c x27=0x00000026 PA:0x80008f3d
        1165000	       115	8000339c	00a6dc33	srl	x24,x13,x10	 x13:0x80000000 x10:0x00000001 x24=0x40000000
        1175000	       116	800033a0	01b3e133	or	x2,x7,x27	  x7:0x80009f58 x27:0x00000026  x2=0x80009f7e
        1185000	       117	800033a4	017f8823	sb	x23,16(x31)	 x31:0x80008f6c x23:0x00000001 PA:0x80008f7c
        1195000	       118	800033a8	0251b813	sltiu	x16,x3,37	  x3:0xffffffab x16=0x00000000
        1205000	       119	800033ac	052fda83	lhu	x21,82(x31)	 x31:0x80008f6c x21=0x0000a4a5 PA:0x80008fbe
        1215000	       120	800033b0	fe6fdd83	lhu	x27,-26(x31)	 x31:0x80008f6c x27=0x00003839 PA:0x80008f52
        1225000	       121	800033b4	4d703893	sltiu	x17,x0,1239	  x0:0x00000000 x17=0x00000001
        1235000	       122	800033b8	015df733	and	x14,x27,x21	 x27:0x00003839 x21:0x0000a4a5 x14=0x00002021
        1245000	       123	800033bc	ffcf8223	sb	x28,-28(x31)	 x31:0x80008f6c x28:0x00000000 PA:0x80008f50
        1255000	       124	800033c0	a6ede493	ori	x9,x27,-1426	 x27:0x00003839  x9=0xfffffa7f
        1265000	       125	800033c4	fecfc003	lbu	x0,-20(x31)	 x31:0x80008f6c PA:0x80008f58
        1275000	       126	800033c8	006dd533	srl	x10,x27,x6	 x27:0x00003839  x6:0x80000000 x10=0x00003839
        1285000	       127	800033cc	040fa703	lw	x14,64(x31)	 x31:0x80008f6c x14=0x94959697 PA:0x80008fac
        1295000	       128	800033d0	00000013	addi	x0,x0,0	  x0:0x00000000
        1305000	       129	800033d4	01e35a33	srl	x20,x6,x30	  x6:0x80000000 x30:0x00000008 x20=0x00800000
        1315000	       130	800033d8	f39f8d83	lb	x27,-199(x31)	 x31:0x80008f6c x27=0xffffff8e PA:0x80008ea5
        1325000	       131	800033dc	f9ef8aa3	sb	x30,-107(x31)	 x31:0x80008f6c x30:0x00000008 PA:0x80008f01
        1335000	       132	800033e0	01efa223	sw	x30,4(x31)	 x31:0x80008f6c x30:0x00000008 PA:0x80008f70
        1345000	       133	800033e4	010d5db3	srl	x27,x26,x16	 x26:0x80000000 x16:0x00000000 x27=0x80000000
        1355000	       134	800033e8	003c9613	slli	x12,x25,0x3	 x25:0x800006e7 x12=0x00003738
        1365000	       135	800033ec	ff2f9623	sh	x18,-20(x31)	 x31:0x80008f6c x18:0x00000000 PA:0x80008f58
        1375000	       136	800033f0	058f8423	sb	x24,72(x31)	 x31:0x80008f6c x24:0x40000000 PA:0x80008fb4
        1385000	       137	800033f4	007d5db3	srl	x27,x26,x7	 x26:0x80000000  x7:0x80009f58 x27=0x00000080
        1395000	       138	800033f8	00000013	addi	x0,x0,0	  x0:0x00000000
        1405000	       139	800033fc	012fc003	lbu	x0,18(x31)	 x31:0x80008f6c PA:0x80008f7e
        1415000	       140	80003400	00005617	auipc	x12,0x5	 x12=0x800083fc
        1425000	       141	80003404	58b60613	addi	x12,x12,1419	 x12:0x800083fc x12=0x80008987
        1435000	       142	80003408	cbc7ff93	andi	x31,x15,-836	 x15:0x80009fc4 x31=0x80009c84
        1445000	       143	8000340c	09f64703	lbu	x14,159(x12)	 x12:0x80008987 x14=0x0000000d PA:0x80008a26
        1455000	       144	80003410	f6d61a03	lh	x20,-147(x12)	 x12:0x80008987 x20=0xffffdedf PA:0x800088f4
        1465000	       145	80003414	007f0933	add	x18,x30,x7	 x30:0x00000008  x7:0x80009f58 x18=0x80009f60
        1475000	       146	80003418	ee14d197	auipc	x3,0xee14d	  x3=0x6e150414
        1485000	       147	8000341c	8d2d8093	addi	x1,x27,-1838	 x27:0x00000080  x1=0xfffff952
        1495000	       148	80003420	f90be813	ori	x16,x23,-112	 x23:0x00000001 x16=0xffffff91
        1505000	       149	80003424	31429d37	lui	x26,0x31429	 x26=0x31429000
        1515000	       150	80003428	6958cd93	xori	x27,x17,1685	 x17:0x00000001 x27=0x00000694
        1525000	       151	8000342c	a5d03193	sltiu	x3,x0,-1443	  x0:0x00000000  x3=0x00000001
        1535000	       152	80003430	07460503	lb	x10,116(x12)	 x12:0x80008987 x10=0xffffffe0 PA:0x800089fb
        1545000	       153	80003434	01d27d33	and	x26,x4,x29	  x4:0x30ac2000 x29:0x00000002 x26=0x00000000
        1555000	       154	80003438	0ea64103	lbu	x2,234(x12)	 x12:0x80008987  x2=0x0000005a PA:0x80008a71
        1565000	       155	8000343c	00460903	lb	x18,4(x12)	 x12:0x80008987 x18=0x00000070 PA:0x8000898b
        1575000	       156	80003440	fd064103	lbu	x2,-48(x12)	 x12:0x80008987  x2=0x0000003c PA:0x80008957
        1585000	       157	80003444	f0f60103	lb	x2,-241(x12)	 x12:0x80008987  x2=0x0000007d PA:0x80008896
        1595000	       158	80003448	06a60e23	sb	x10,124(x12)	 x12:0x80008987 x10:0xffffffe0 PA:0x80008a03
        1605000	       159	8000344c	0b761983	lh	x19,183(x12)	 x12:0x80008987 x19=0x00002425 PA:0x80008a3e
        1615000	       160	80003450	f3860203	lb	x4,-200(x12)	 x12:0x80008987  x4=0xffffffa4 PA:0x800088bf
        1625000	       161	80003454	f7760e03	lb	x28,-137(x12)	 x12:0x80008987 x28=0xffffffe5 PA:0x800088fe
        1635000	       162	80003458	55236a13	ori	x20,x6,1362	  x6:0x80000000 x20=0x80000552
        1645000	       163	8000345c	00460f83	lb	x31,4(x12)	 x12:0x80008987 x31=0x00000070 PA:0x8000898b
        1655000	       164	80003460	0c361203	lh	x4,195(x12)	 x12:0x80008987  x4=0x00003031 PA:0x80008a4a
        1665000	       165	80003464	72394b93	xori	x23,x18,1827	 x18:0x00000070 x23=0x00000753
        1675000	       166	80003468	00c35a13	srli	x20,x6,0xc	  x6:0x80000000 x20=0x00080000
        1685000	       167	8000346c	fc460323	sb	x4,-58(x12)	 x12:0x80008987  x4:0x00003031 PA:0x8000894d
        1695000	       168	80003470	0a164183	lbu	x3,161(x12)	 x12:0x80008987  x3=0x00000013 PA:0x80008a28
        1705000	       169	80003474	00005317	auipc	x6,0x5	  x6=0x80008470
        1715000	       170	80003478	68630313	addi	x6,x6,1670	  x6:0x80008470  x6=0x80008af6
        1725000	       171	8000347c	00e869b3	or	x19,x16,x14	 x16:0xffffff91 x14:0x0000000d x19=0xffffff9d
        1735000	       172	80003480	30631323	sh	x6,774(x6)	  x6:0x80008af6  x6:0x80008af6 PA:0x80008dfc
        1745000	       173	80003484	41e35e33	sra	x28,x6,x30	  x6:0x80008af6 x30:0x00000008 x28=0xff80008a
        1755000	       174	80003488	00000013	addi	x0,x0,0	  x0:0x00000000
        1765000	       175	8000348c	ecc34803	lbu	x16,-308(x6)	  x6:0x80008af6 x16=0x000000a9 PA:0x800089c2
        1775000	       176	80003490	005c1cb3	sll	x25,x24,x5	 x24:0x40000000  x5:0x00000000 x25=0x40000000
        1785000	       177	80003494	c3762513	slti	x10,x12,-969	 x12:0x80008987 x10=0x00000001
        1795000	       178	80003498	f7530a83	lb	x21,-139(x6)	  x6:0x80008af6 x21=0x00000050 PA:0x80008a6b
        1805000	       179	8000349c	a0506813	ori	x16,x0,-1531	  x0:0x00000000 x16=0xfffffa05
        1815000	       180	800034a0	3f534b03	lbu	x22,1013(x6)	  x6:0x80008af6 x22=0x000000d0 PA:0x80008eeb
        1825000	       181	800034a4	40940d33	sub	x26,x8,x9	  x8:0x00000000  x9:0xfffffa7f x26=0x00000581
        1835000	       182	800034a8	d6230d83	lb	x27,-670(x6)	  x6:0x80008af6 x27=0x00000043 PA:0x80008858
        1845000	       183	800034ac	419e51b3	sra	x3,x28,x25	 x28:0xff80008a x25:0x40000000  x3=0xff80008a
        1855000	       184	800034b0	2a130603	lb	x12,673(x6)	  x6:0x80008af6 x12=0x0000007c PA:0x80008d97
        1865000	       185	800034b4	04d30603	lb	x12,77(x6)	  x6:0x80008af6 x12=0x00000028 PA:0x80008b43
        1875000	       186	800034b8	3df34b83	lbu	x23,991(x6)	  x6:0x80008af6 x23=0x000000be PA:0x80008ed5
        1885000	       187	800034bc	fe9305a3	sb	x9,-21(x6)	  x6:0x80008af6  x9:0xfffffa7f PA:0x80008ae1
        1895000	       188	800034c0	d3334f83	lbu	x31,-717(x6)	  x6:0x80008af6 x31=0x00000012 PA:0x80008829
        1905000	       189	800034c4	01656f33	or	x30,x10,x22	 x10:0x00000001 x22:0x000000d0 x30=0x000000d1
        1915000	       190	800034c8	fa530803	lb	x16,-91(x6)	  x6:0x80008af6 x16=0xffffff80 PA:0x80008a9b
        1925000	       191	800034cc	41d25493	srai	x9,x4,0x1d	  x4:0x00003031  x9=0x00000000
        1935000	       192	800034d0	611952b7	lui	x5,0x61195	  x5=0x61195000
        1945000	       193	800034d4	ee8018b7	lui	x17,0xee801	 x17=0xee801000
        1955000	       194	800034d8	40708bb3	sub	x23,x1,x7	  x1:0xfffff952  x7:0x80009f58 x23=0x7fff59fa
        1965000	       195	800034dc	32562e93	slti	x29,x12,805	 x12:0x00000028 x29=0x00000001
        1975000	       196	800034e0	14afc893	xori	x17,x31,330	 x31:0x00000012 x17=0x00000158
        1985000	       197	800034e4	00fc7533	and	x10,x24,x15	 x24:0x40000000 x15:0x80009fc4 x10=0x00000000
        1995000	       198	800034e8	00595a13	srli	x20,x18,0x5	 x18:0x00000070 x20=0x00000003
        2005000	       199	800034ec	dee34503	lbu	x10,-530(x6)	  x6:0x80008af6 x10=0x000000cf PA:0x800088e4
        2015000	       200	800034f0	fb631583	lh	x11,-74(x6)	  x6:0x80008af6 x11=0xffff9697 PA:0x80008aac
        2025000	       201	800034f4	34f34103	lbu	x2,847(x6)	  x6:0x80008af6  x2=0x0000002e PA:0x80008e45
        2035000	       202	800034f8	36b34503	lbu	x10,875(x6)	  x6:0x80008af6 x10=0x0000004a PA:0x80008e61
        2045000	       203	00000000	00000013	addi	x0,x0,0	  x0:0x00000000
        2055000	       204	800034fc	40aa5a13	srai	x20,x20,0xa	 x20:0x00000003 x20=0x00000000
        2065000	       205	80003500	002be733	or	x14,x23,x2	 x23:0x7fff59fa  x2:0x0000002e x14=0x7fff59fe
        2075000	       206	80003504	3ea30003	lb	x0,1002(x6)	  x6:0x80008af6 PA:0x80008ee0
        2085000	       207	80003508	417e5d93	srai	x27,x28,0x17	 x28:0xff80008a x27=0xffffffff
        2095000	       208	8000350c	0ab34003	lbu	x0,171(x6)	  x6:0x80008af6 PA:0x80008ba1
        2105000	       209	80003510	f4330d03	lb	x26,-189(x6)	  x6:0x80008af6 x26=0x00000022 PA:0x80008a39
        2115000	       210	80003514	22f34283	lbu	x5,559(x6)	  x6:0x80008af6  x5=0x0000000e PA:0x80008d25
        2125000	       211	80003518	00000013	addi	x0,x0,0	  x0:0x00000000
        2135000	       212	8000351c	dd534e03	lbu	x28,-555(x6)	  x6:0x80008af6 x28=0x000000b0 PA:0x800088cb
        2145000	       213	80003520	dbf30d83	lb	x27,-577(x6)	  x6:0x80008af6 x27=0xffffff9e PA:0x800088b5
        2155000	       214	80003524	6ffd2d93	slti	x27,x26,1791	 x26:0x00000022 x27=0x00000001
        2165000	       215	80003528	4dd303a3	sb	x29,1223(x6)	  x6:0x80008af6 x29:0x00000001 PA:0x80008fbd
        2175000	       216	8000352c	9e1fcf13	xori	x30,x31,-1567	 x31:0x00000012 x30=0xfffff9f3
        2185000	       217	80003530	408288b3	sub	x17,x5,x8	  x5:0x0000000e  x8:0x00000000 x17=0x0000000e
        2195000	       218	80003534	4909b513	sltiu	x10,x19,1168	 x19:0xffffff9d x10=0x00000000
        2205000	       219	80003538	b6a10293	addi	x5,x2,-1174	  x2:0x0000002e  x5=0xfffffb98
        2215000	       220	8000353c	4a130c83	lb	x25,1185(x6)	  x6:0x80008af6 x25=0x0000007c PA:0x80008f97
        2225000	       221	80003540	07e31083	lh	x1,126(x6)	  x6:0x80008af6  x1=0x00005e5f PA:0x80008b74
        2235000	       222	80003544	4bd30ca3	sb	x29,1209(x6)	  x6:0x80008af6 x29:0x00000001 PA:0x80008faf
        2245000	       223	80003548	017d1e33	sll	x28,x26,x23	 x26:0x00000022 x23:0x7fff59fa x28=0x88000000
        2255000	       224	8000354c	1d630e83	lb	x29,470(x6)	  x6:0x80008af6 x29=0xffffffb7 PA:0x80008ccc
        2265000	       225	80003550	45a30623	sb	x26,1100(x6)	  x6:0x80008af6 x26:0x00000022 PA:0x80008f42
        2275000	       226	80003554	00005e97	auipc	x29,0x5	 x29=0x80008550
        2285000	       227	80003558	650e8e93	addi	x29,x29,1616	 x29:0x80008550 x29=0x80008ba0
        2295000	       228	8000355c	41a75ab3	sra	x21,x14,x26	 x14:0x7fff59fe x26:0x00000022 x21=0x1fffd67f
        2305000	       229	80003560	421e82a3	sb	x1,1061(x29)	 x29:0x80008ba0  x1:0x00005e5f PA:0x80008fc5
        2315000	       230	80003564	d4ebba93	sltiu	x21,x23,-690	 x23:0x7fff59fa x21=0x00000001
        2325000	       231	80003568	03bec703	lbu	x14,59(x29)	 x29:0x80008ba0 x14=0x000000c0 PA:0x80008bdb
        2335000	       232	8000356c	e3be8303	lb	x6,-453(x29)	 x29:0x80008ba0  x6=0xffffffc0 PA:0x800089db
        2345000	       233	80003570	41fb5cb3	sra	x25,x22,x31	 x22:0x000000d0 x31:0x00000012 x25=0x00000000
        2355000	       234	80003574	4bba5f17	auipc	x30,0x4bba5	 x30=0xcbba8570
        2365000	       235	80003578	00000013	addi	x0,x0,0	  x0:0x00000000
        2375000	       236	8000357c	3748f013	andi	x0,x17,884	 x17:0x0000000e
        2385000	       237	80003580	3d7eca03	lbu	x20,983(x29)	 x29:0x80008ba0 x20=0x0000005c PA:0x80008f77
        2395000	       238	80003584	e0433493	sltiu	x9,x6,-508	  x6:0xffffffc0  x9=0x00000000
        2405000	       239	80003588	dcda2d93	slti	x27,x20,-563	 x20:0x0000005c x27=0x00000000
        2415000	       240	8000358c	00000013	addi	x0,x0,0	  x0:0x00000000
        2425000	       241	80003590	41ccdb93	srai	x23,x25,0x1c	 x25:0x00000000 x23=0x00000000
        2435000	       242	80003594	00000013	addi	x0,x0,0	  x0:0x00000000
        2445000	       243	80003598	1ca7ee13	ori	x28,x15,458	 x15:0x80009fc4 x28=0x80009fce
        2455000	       244	8000359c	01fa7fb3	and	x31,x20,x31	 x20:0x0000005c x31:0x00000012 x31=0x00000010
        2465000	       245	800035a0	40fd8033	sub	x0,x27,x15	 x27:0x00000000 x15:0x80009fc4
        2475000	       246	800035a4	f044e913	ori	x18,x9,-252	  x9:0x00000000 x18=0xffffff04
        2485000	       247	800035a8	d2e8cf13	xori	x30,x17,-722	 x17:0x0000000e x30=0xfffffd20
        2495000	       248	800035ac	40cc02b3	sub	x5,x24,x12	 x24:0x40000000 x12:0x00000028  x5=0x3fffffd8
        2505000	       249	800035b0	41da5133	sra	x2,x20,x29	 x20:0x0000005c x29:0x80008ba0  x2=0x0000005c
        2515000	       250	800035b4	a291e093	ori	x1,x3,-1495	  x3:0xff80008a  x1=0xfffffaab
        2525000	       251	800035b8	d85e8403	lb	x8,-635(x29)	 x29:0x80008ba0  x8=0x0000000e PA:0x80008925
        2535000	       252	800035bc	00000013	addi	x0,x0,0	  x0:0x00000000
        2545000	       253	800035c0	01988533	add	x10,x17,x25	 x17:0x0000000e x25:0x00000000 x10=0x0000000e
        2555000	       254	800035c4	00ea9cb3	sll	x25,x21,x14	 x21:0x00000001 x14:0x000000c0 x25=0x00000001
        2565000	       255	800035c8	4138ddb3	sra	x27,x17,x19	 x17:0x0000000e x19:0xffffff9d x27=0x00000000
        2575000	       256	800035cc	00f49533	sll	x10,x9,x15	  x9:0x00000000 x15:0x80009fc4 x10=0x00000000
        2585000	       257	800035d0	d42ec303	lbu	x6,-702(x29)	 x29:0x80008ba0  x6=0x000000c9 PA:0x800088e2
        2595000	       258	800035d4	43ec4b93	xori	x23,x24,1086	 x24:0x40000000 x23=0x4000043e
        2605000	       259	800035d8	13eeda83	lhu	x21,318(x29)	 x29:0x80008ba0 x21=0x0000c4c5 PA:0x80008cde
        2615000	       260	800035dc	007fa093	slti	x1,x31,7	 x31:0x00000010  x1=0x00000000
        2625000	       261	800035e0	f19e9223	sh	x25,-252(x29)	 x29:0x80008ba0 x25:0x00000001 PA:0x80008aa4
        2635000	       262	800035e4	000ea503	lw	x10,0(x29)	 x29:0x80008ba0 x10=0x88898a8b PA:0x80008ba0
        2645000	       263	800035e8	e6274f13	xori	x30,x14,-414	 x14:0x000000c0 x30=0xfffffea2
        2655000	       264	800035ec	9e3bbf93	sltiu	x31,x23,-1565	 x23:0x4000043e x31=0x00000001
        2665000	       265	800035f0	3d7e8fa3	sb	x23,991(x29)	 x29:0x80008ba0 x23:0x4000043e PA:0x80008f7f
        2675000	       266	800035f4	07de8fa3	sb	x29,127(x29)	 x29:0x80008ba0 x29:0x80008ba0 PA:0x80008c1f
        2685000	       267	800035f8	eb9e8f83	lb	x31,-327(x29)	 x29:0x80008ba0 x31=0x00000042 PA:0x80008a59
        2695000	       268	800035fc	1e6ed583	lhu	x11,486(x29)	 x29:0x80008ba0 x11=0x00006c6d PA:0x80008d86
        2705000	       269	80003600	00000013	addi	x0,x0,0	  x0:0x00000000
        2715000	       270	80003604	00430663	beq	x6,x4,80003610	  x6:0x000000c9  x4:0x00003031
        2725000	       271	80003608	05e95263	bge	x18,x30,8000364c	 x18:0xffffff04 x30:0xfffffea2
        2735000	       272	00000000	00000013	addi	x0,x0,0	  x0:0x00000000
        2745000	       273	80003648	00000013	addi	x0,x0,0	  x0:0x00000000
        2755000	       274	8000364c	4f540f93	addi	x31,x8,1269	  x8:0x0000000e x31=0x00000503
        2765000	       275	80003650	004749b3	xor	x19,x14,x4	 x14:0x000000c0  x4:0x00003031 x19=0x000030f1
        2775000	       276	80003654	61cbb313	sltiu	x6,x23,1564	 x23:0x4000043e  x6=0x00000000
        2785000	       277	80003658	00000013	addi	x0,x0,0	  x0:0x00000000
        2795000	       278	8000365c	018532b3	sltu	x5,x10,x24	 x10:0x88898a8b x24:0x40000000  x5=0x00000000
        2805000	       279	80003660	010efe63	bgeu	x29,x16,8000367c	 x29:0x80008ba0 x16:0xffffff80
        2815000	       280	80003664	009bb5b3	sltu	x11,x23,x9	 x23:0x4000043e  x9:0x00000000 x11=0x00000000
        2825000	       281	80003668	01818cb3	add	x25,x3,x24	  x3:0xff80008a x24:0x40000000 x25=0x3f80008a
        2835000	       282	8000366c	40f36537	lui	x10,0x40f36	 x10=0x40f36000
        2845000	       283	80003670	00b65233	srl	x4,x12,x11	 x12:0x00000028 x11:0x00000000  x4=0x00000028
        2855000	       284	80003674	d8817197	auipc	x3,0xd8817	  x3=0x5881a670
        2865000	       285	80003678	fba8b013	sltiu	x0,x17,-70	 x17:0x0000000e
        2875000	       286	8000367c	aa7ded93	ori	x27,x27,-1369	 x27:0x00000000 x27=0xfffffaa7
        2885000	       287	80003680	40b20cb3	sub	x25,x4,x11	  x4:0x00000028 x11:0x00000000 x25=0x00000028
        2895000	       288	80003684	c6e58a13	addi	x20,x11,-914	 x11:0x00000000 x20=0xfffffc6e
        2905000	       289	80003688	005ffb33	and	x22,x31,x5	 x31:0x00000503  x5:0x00000000 x22=0x00000000
        2915000	       290	8000368c	01567933	and	x18,x12,x21	 x12:0x00000028 x21:0x0000c4c5 x18=0x00000000
        2925000	       291	80003690	0135c833	xor	x16,x11,x19	 x11:0x00000000 x19:0x000030f1 x16=0x000030f1
        2935000	       292	80003694	01044433	xor	x8,x8,x16	  x8:0x0000000e x16:0x000030f1  x8=0x000030ff
        2945000	       293	80003698	908c6fb7	lui	x31,0x908c6	 x31=0x908c6000
        2955000	       294	8000369c	e621f193	andi	x3,x3,-414	  x3:0x5881a670  x3=0x5881a660
        2965000	       295	800036a0	016a2db3	slt	x27,x20,x22	 x20:0xfffffc6e x22:0x00000000 x27=0x00000001
        2975000	       296	800036a4	02314063	blt	x2,x3,800036c4	  x2:0x0000005c  x3:0x5881a660
        2985000	       297	00000000	00000013	addi	x0,x0,0	  x0:0x00000000
        2995000	       298	800036c0	00000013	addi	x0,x0,0	  x0:0x00000000
        3005000	       299	800036c4	40c78d33	sub	x26,x15,x12	 x15:0x80009fc4 x12:0x00000028 x26=0x80009f9c
        3015000	       300	800036c8	002b0c33	add	x24,x22,x2	 x22:0x00000000  x2:0x0000005c x24=0x0000005c
        3025000	       301	800036cc	b5f2c593	xori	x11,x5,-1185	  x5:0x00000000 x11=0xfffffb5f
        3035000	       302	800036d0	c079c293	xori	x5,x19,-1017	 x19:0x000030f1  x5=0xffffccf6
        3045000	       303	800036d4	41555233	sra	x4,x10,x21	 x10:0x40f36000 x21:0x0000c4c5  x4=0x02079b00
        3055000	       304	800036d8	a7078b93	addi	x23,x15,-1424	 x15:0x80009fc4 x23=0x80009a34
        3065000	       305	800036dc	a11b4c93	xori	x25,x22,-1519	 x22:0x00000000 x25=0xfffffa11
        3075000	       306	800036e0	01671193	slli	x3,x14,0x16	 x14:0x000000c0  x3=0x30000000
        3085000	       307	800036e4	bad1cd13	xori	x26,x3,-1107	  x3:0x30000000 x26=0xcffffbad
        3095000	       308	800036e8	b22fb513	sltiu	x10,x31,-1246	 x31:0x908c6000 x10=0x00000001
        3105000	       309	800036ec	41f05813	srai	x16,x0,0x1f	  x0:0x00000000 x16=0x00000000
        3115000	       310	800036f0	0186c833	xor	x16,x13,x24	 x13:0x80000000 x24:0x0000005c x16=0x8000005c
        3125000	       311	800036f4	05108663	beq	x1,x17,80003740	  x1:0x00000000 x17:0x0000000e
        3135000	       312	800036f8	012f5833	srl	x16,x30,x18	 x30:0xfffffea2 x18:0x00000000 x16=0xfffffea2
        3145000	       313	800036fc	f7ff0993	addi	x19,x30,-129	 x30:0xfffffea2 x19=0xfffffe21
        3155000	       314	80003700	0047b033	sltu	x0,x15,x4	 x15:0x80009fc4  x4:0x02079b00
        3165000	       315	80003704	0138f0b3	and	x1,x17,x19	 x17:0x0000000e x19:0xfffffe21  x1=0x00000000
        3175000	       316	80003708	0537d263	bge	x15,x19,8000374c	 x15:0x80009fc4 x19:0xfffffe21
        3185000	       317	8000370c	0198fa33	and	x20,x17,x25	 x17:0x0000000e x25:0xfffffa11 x20=0x00000000
        3195000	       318	80003710	40ceda13	srai	x20,x29,0xc	 x29:0x80008ba0 x20=0xfff80008
        3205000	       319	80003714	00000013	addi	x0,x0,0	  x0:0x00000000
        3215000	       320	80003718	01790833	add	x16,x18,x23	 x18:0x00000000 x23:0x80009a34 x16=0x80009a34
        3225000	       321	8000371c	007c6eb3	or	x29,x24,x7	 x24:0x0000005c  x7:0x80009f58 x29=0x80009f5c
        3235000	       322	80003720	bd742513	slti	x10,x8,-1065	  x8:0x000030ff x10=0x00000000
        3245000	       323	80003724	005d2c33	slt	x24,x26,x5	 x26:0xcffffbad  x5:0xffffccf6 x24=0x00000001
        3255000	       324	80003728	0190e433	or	x8,x1,x25	  x1:0x00000000 x25:0xfffffa11  x8=0xfffffa11
        3265000	       325	8000372c	5a610a13	addi	x20,x2,1446	  x2:0x0000005c x20=0x00000602
        3275000	       326	80003730	03629a63	bne	x5,x22,80003764	  x5:0xffffccf6 x22:0x00000000
        3285000	       327	00000000	00000013	addi	x0,x0,0	  x0:0x00000000
        3295000	       328	80003760	00000013	addi	x0,x0,0	  x0:0x00000000
        3305000	       329	80003764	40c15f93	srai	x31,x2,0xc	  x2:0x0000005c x31=0x00000000
        3315000	       330	80003768	00a959b3	srl	x19,x18,x10	 x18:0x00000000 x10:0x00000000 x19=0x00000000
        3325000	       331	8000376c	01f71713	slli	x14,x14,0x1f	 x14:0x000000c0 x14=0x00000000
        3335000	       332	80003770	035d7113	andi	x2,x26,53	 x26:0xcffffbad  x2=0x00000025
        3345000	       333	80003774	01cbd2b3	srl	x5,x23,x28	 x23:0x80009a34 x28:0x80009fce  x5=0x00020002
        3355000	       334	80003778	00dd5713	srli	x14,x26,0xd	 x26:0xcffffbad x14=0x00067fff
        3365000	       335	8000377c	0192c663	blt	x5,x25,80003788	  x5:0x00020002 x25:0xfffffa11
        3375000	       336	80003780	00afd493	srli	x9,x31,0xa	 x31:0x00000000  x9=0x00000000
        3385000	       337	80003784	00e77e33	and	x28,x14,x14	 x14:0x00067fff x14:0x00067fff x28=0x00067fff
        3395000	       338	80003788	01f59433	sll	x8,x11,x31	 x11:0xfffffb5f x31:0x00000000  x8=0xfffffb5f
        3405000	       339	8000378c	4102db33	sra	x22,x5,x16	  x5:0x00020002 x16:0x80009a34 x22=0x00000000
        3415000	       340	80003790	006a4433	xor	x8,x20,x6	 x20:0x00000602  x6:0x00000000  x8=0x00000602
        3425000	       341	80003794	3aa06937	lui	x18,0x3aa06	 x18=0x3aa06000
        3435000	       342	80003798	00f82eb3	slt	x29,x16,x15	 x16:0x80009a34 x15:0x80009fc4 x29=0x00000001
        3445000	       343	8000379c	f1ecd4b7	lui	x9,0xf1ecd	  x9=0xf1ecd000
        3455000	       344	800037a0	02c84463	blt	x16,x12,800037c8	 x16:0x80009a34 x12:0x00000028
        3465000	       345	00000000	00000013	addi	x0,x0,0	  x0:0x00000000
        3475000	       346	800037c4	00000013	addi	x0,x0,0	  x0:0x00000000
        3485000	       347	800037c8	01c86d33	or	x26,x16,x28	 x16:0x80009a34 x28:0x00067fff x26=0x8006ffff
        3495000	       348	800037cc	14a2f213	andi	x4,x5,330	  x5:0x00020002  x4=0x00000002
        3505000	       349	800037d0	01629b33	sll	x22,x5,x22	  x5:0x00020002 x22:0x00000000 x22=0x00020002
        3515000	       350	800037d4	0159c463	blt	x19,x21,800037dc	 x19:0x00000000 x21:0x0000c4c5
        3525000	       351	00000000	00000013	addi	x0,x0,0	  x0:0x00000000
        3535000	       352	800037d8	00000013	addi	x0,x0,0	  x0:0x00000000
        3545000	       353	800037dc	41f85cb3	sra	x25,x16,x31	 x16:0x80009a34 x31:0x00000000 x25=0x80009a34
        3555000	       354	800037e0	40458b33	sub	x22,x11,x4	 x11:0xfffffb5f  x4:0x00000002 x22=0xfffffb5d
        3565000	       355	800037e4	0411c663	blt	x3,x1,80003830	  x3:0x30000000  x1:0x00000000
        3575000	       356	800037e8	04201663	bne	x0,x2,80003834	  x0:0x00000000  x2:0x00000025
        3585000	       357	00000000	00000013	addi	x0,x0,0	  x0:0x00000000
        3595000	       358	80003830	00000013	addi	x0,x0,0	  x0:0x00000000
        3605000	       359	80003834	cbc19d97	auipc	x27,0xcbc19	 x27=0x4bc1c830
        3615000	       360	80003838	01dd8a63	beq	x27,x29,8000384c	 x27:0x4bc1c830 x29:0x00000001
        3625000	       361	8000383c	00000013	addi	x0,x0,0	  x0:0x00000000
        3635000	       362	80003840	0295fa63	bgeu	x11,x9,80003874	 x11:0xfffffb5f  x9:0xf1ecd000
        3645000	       363	00000000	00000013	addi	x0,x0,0	  x0:0x00000000
        3655000	       364	80003870	00000013	addi	x0,x0,0	  x0:0x00000000
        3665000	       365	80003874	02c1ee63	bltu	x3,x12,800038b0	  x3:0x30000000 x12:0x00000028
        3675000	       366	80003878	01133ab3	sltu	x21,x6,x17	  x6:0x00000000 x17:0x0000000e x21=0x00000001
        3685000	       367	8000387c	00997463	bgeu	x18,x9,80003884	 x18:0x3aa06000  x9:0xf1ecd000
        3695000	       368	80003880	ab644113	xori	x2,x8,-1354	  x8:0x00000602  x2=0xfffffcb4
        3705000	       369	80003884	6854a437	lui	x8,0x6854a	  x8=0x6854a000
        3715000	       370	80003888	d0462613	slti	x12,x12,-764	 x12:0x00000028 x12=0x00000000
        3725000	       371	8000388c	010d4fb3	xor	x31,x26,x16	 x26:0x8006ffff x16:0x80009a34 x31=0x000665cb
        3735000	       372	80003890	4192d093	srai	x1,x5,0x19	  x5:0x00020002  x1=0x00000000
        3745000	       373	80003894	8e770e93	addi	x29,x14,-1817	 x14:0x00067fff x29=0x000678e6
        3755000	       374	80003898	00a69b13	slli	x22,x13,0xa	 x13:0x80000000 x22=0x00000000
        3765000	       375	8000389c	00000013	addi	x0,x0,0	  x0:0x00000000
        3775000	       376	800038a0	00311c33	sll	x24,x2,x3	  x2:0xfffffcb4  x3:0x30000000 x24=0xfffffcb4
        3785000	       377	800038a4	008c5033	srl	x0,x24,x8	 x24:0xfffffcb4  x8:0x6854a000
        3795000	       378	800038a8	df5d0293	addi	x5,x26,-523	 x26:0x8006ffff  x5=0x8006fdf4
        3805000	       379	800038ac	01247233	and	x4,x8,x18	  x8:0x6854a000 x18:0x3aa06000  x4=0x28002000
        3815000	       380	800038b0	8fb7fc17	auipc	x24,0x8fb7f	 x24=0x0fb828ac
        3825000	       381	800038b4	47287017	auipc	x0,0x47287	
        3835000	       382	800038b8	cf25ba13	sltiu	x20,x11,-782	 x11:0xfffffb5f x20=0x00000001
        3845000	       383	800038bc	40b60933	sub	x18,x12,x11	 x12:0x00000000 x11:0xfffffb5f x18=0x000004a1
        3855000	       384	800038c0	40805db3	sra	x27,x0,x8	  x0:0x00000000  x8:0x6854a000 x27=0x00000000
        3865000	       385	800038c4	049e6263	bltu	x28,x9,80003908	 x28:0x00067fff  x9:0xf1ecd000
        3875000	       386	00000000	00000013	addi	x0,x0,0	  x0:0x00000000
        3885000	       387	80003904	00000013	addi	x0,x0,0	  x0:0x00000000
        3895000	       388	80003908	02698063	beq	x19,x6,80003928	 x19:0x00000000  x6:0x00000000
        3905000	       389	00000000	00000013	addi	x0,x0,0	  x0:0x00000000
        3915000	       390	80003924	00000013	addi	x0,x0,0	  x0:0x00000000
        3925000	       391	80003928	2707bc93	sltiu	x25,x15,624	 x15:0x80009fc4 x25=0x00000000
        3935000	       392	8000392c	00092733	slt	x14,x18,x0	 x18:0x000004a1  x0:0x00000000 x14=0x00000000
        3945000	       393	80003930	03cb5463	bge	x22,x28,80003958	 x22:0x00000000 x28:0x00067fff
        3955000	       394	80003934	00139093	slli	x1,x7,0x1	  x7:0x80009f58  x1=0x00013eb0
        3965000	       395	80003938	01aa1433	sll	x8,x20,x26	 x20:0x00000001 x26:0x8006ffff  x8=0x80000000
        3975000	       396	8000393c	0087a0b3	slt	x1,x15,x8	 x15:0x80009fc4  x8:0x80000000  x1=0x00000000
        3985000	       397	80003940	03ab5a63	bge	x22,x26,80003974	 x22:0x00000000 x26:0x8006ffff
        3995000	       398	00000000	00000013	addi	x0,x0,0	  x0:0x00000000
        4005000	       399	80003970	00000013	addi	x0,x0,0	  x0:0x00000000
        4015000	       400	80003974	00000013	addi	x0,x0,0	  x0:0x00000000
        4025000	       401	80003978	018fe263	bltu	x31,x24,8000397c	 x31:0x000665cb x24:0x0fb828ac
        4035000	       402	00000000	00000013	addi	x0,x0,0	  x0:0x00000000
        4045000	       403	80003978	00000013	addi	x0,x0,0	  x0:0x00000000
        4055000	       404	8000397c	00000013	addi	x0,x0,0	  x0:0x00000000
        4065000	       405	80003980	01a2e5b3	or	x11,x5,x26	  x5:0x8006fdf4 x26:0x8006ffff x11=0x8006ffff
        4075000	       406	80003984	93c52193	slti	x3,x10,-1732	 x10:0x00000000  x3=0x00000000
        4085000	       407	80003988	0129dd93	srli	x27,x19,0x12	 x19:0x00000000 x27=0x00000000
        4095000	       408	8000398c	00b13833	sltu	x16,x2,x11	  x2:0xfffffcb4 x11:0x8006ffff x16=0x00000000
        4105000	       409	80003990	bfbbb9b7	lui	x19,0xbfbbb	 x19=0xbfbbb000
        4115000	       410	80003994	024e6063	bltu	x28,x4,800039b4	 x28:0x00067fff  x4:0x28002000
        4125000	       411	00000000	00000013	addi	x0,x0,0	  x0:0x00000000
        4135000	       412	800039b0	00000013	addi	x0,x0,0	  x0:0x00000000
        4145000	       413	800039b4	d0887213	andi	x4,x16,-760	 x16:0x00000000  x4=0x00000000
        4155000	       414	800039b8	00ea8e63	beq	x21,x14,800039d4	 x21:0x00000001 x14:0x00000000
        4165000	       415	800039bc	011ea733	slt	x14,x29,x17	 x29:0x000678e6 x17:0x0000000e x14=0x00000000
        4175000	       416	800039c0	cbeffc17	auipc	x24,0xcbeff	 x24=0x4bf029bc
        4185000	       417	800039c4	db544f13	xori	x30,x8,-587	  x8:0x80000000 x30=0x7ffffdb5
        4195000	       418	800039c8	001dca63	blt	x27,x1,800039dc	 x27:0x00000000  x1:0x00000000
        4205000	       419	800039cc	305ebf13	sltiu	x30,x29,773	 x29:0x000678e6 x30=0x00000000
        4215000	       420	800039d0	003d0e63	beq	x26,x3,800039ec	 x26:0x8006ffff  x3:0x00000000
        4225000	       421	800039d4	018b1893	slli	x17,x22,0x18	 x22:0x00000000 x17=0x00000000
        4235000	       422	800039d8	002bffb3	and	x31,x23,x2	 x23:0x80009a34  x2:0xfffffcb4 x31=0x80009834
        4245000	       423	800039dc	010afc63	bgeu	x21,x16,800039f4	 x21:0x00000001 x16:0x00000000
        4255000	       424	00000000	00000013	addi	x0,x0,0	  x0:0x00000000
        4265000	       425	800039f0	00000013	addi	x0,x0,0	  x0:0x00000000
        4275000	       426	800039f4	cc1e4713	xori	x14,x28,-831	 x28:0x00067fff x14=0xfff9833e
        4285000	       427	800039f8	01586c33	or	x24,x16,x21	 x16:0x00000000 x21:0x00000001 x24=0x00000001
        4295000	       428	800039fc	03404e63	blt	x0,x20,80003a38	  x0:0x00000000 x20:0x00000001
        4305000	       429	00000000	00000013	addi	x0,x0,0	  x0:0x00000000
        4315000	       430	80003a34	00000013	addi	x0,x0,0	  x0:0x00000000
        4325000	       431	80003a38	01e4c5b3	xor	x11,x9,x30	  x9:0xf1ecd000 x30:0x00000000 x11=0xf1ecd000
        4335000	       432	80003a3c	00831b33	sll	x22,x6,x8	  x6:0x00000000  x8:0x80000000 x22=0x00000000
        4345000	       433	80003a40	004d1333	sll	x6,x26,x4	 x26:0x8006ffff  x4:0x00000000  x6=0x8006ffff
        4355000	       434	80003a44	41a5d2b3	sra	x5,x11,x26	 x11:0xf1ecd000 x26:0x8006ffff  x5=0xffffffff
        4365000	       435	80003a48	40325b33	sra	x22,x4,x3	  x4:0x00000000  x3:0x00000000 x22=0x00000000
        4375000	       436	80003a4c	01502033	slt	x0,x0,x21	  x0:0x00000000 x21:0x00000001
        4385000	       437	80003a50	01c4c263	blt	x9,x28,80003a54	  x9:0xf1ecd000 x28:0x00067fff
        4395000	       438	00000000	00000013	addi	x0,x0,0	  x0:0x00000000
        4405000	       439	80003a50	00000013	addi	x0,x0,0	  x0:0x00000000
        4415000	       440	80003a54	4110da93	srai	x21,x1,0x11	  x1:0x00000000 x21=0x00000000
        4425000	       441	80003a58	40f4dd13	srai	x26,x9,0xf	  x9:0xf1ecd000 x26=0xffffe3d9
        4435000	       442	80003a5c	416ada93	srai	x21,x21,0x16	 x21:0x00000000 x21=0x00000000
        4445000	       443	80003a60	55afe013	ori	x0,x31,1370	 x31:0x80009834
        4455000	       444	80003a64	00e19d33	sll	x26,x3,x14	  x3:0x00000000 x14:0xfff9833e x26=0x00000000
        4465000	       445	80003a68	410c0ab3	sub	x21,x24,x16	 x24:0x00000001 x16:0x00000000 x21=0x00000001
        4475000	       446	80003a6c	6f6d6a13	ori	x20,x26,1782	 x26:0x00000000 x20=0x000006f6
        4485000	       447	80003a70	0588f263	bgeu	x17,x24,80003ab4	 x17:0x00000000 x24:0x00000001
        4495000	       448	80003a74	024f7c63	bgeu	x30,x4,80003aac	 x30:0x00000000  x4:0x00000000
        4505000	       449	00000000	00000013	addi	x0,x0,0	  x0:0x00000000
        4515000	       450	80003aa8	00000013	addi	x0,x0,0	  x0:0x00000000
        4525000	       451	80003aac	01fc5c33	srl	x24,x24,x31	 x24:0x00000001 x31:0x80009834 x24=0x00000000
        4535000	       452	80003ab0	4144d433	sra	x8,x9,x20	  x9:0xf1ecd000 x20:0x000006f6  x8=0xffffffc7
        4545000	       453	80003ab4	05aaf863	bgeu	x21,x26,80003b04	 x21:0x00000001 x26:0x00000000
        4555000	       454	00000000	00000013	addi	x0,x0,0	  x0:0x00000000
        4565000	       455	80003b00	00000013	addi	x0,x0,0	  x0:0x00000000
        4575000	       456	80003b04	1462c193	xori	x3,x5,326	  x5:0xffffffff  x3=0xfffffeb9
        4585000	       457	80003b08	01946eb3	or	x29,x8,x25	  x8:0xffffffc7 x25:0x00000000 x29=0xffffffc7
        4595000	       458	80003b0c	04e74663	blt	x14,x14,80003b58	 x14:0xfff9833e x14:0xfff9833e
        4605000	       459	80003b10	05b1d663	bge	x3,x27,80003b5c	  x3:0xfffffeb9 x27:0x00000000
        4615000	       460	80003b14	839b4613	xori	x12,x22,-1991	 x22:0x00000000 x12=0xfffff839
        4625000	       461	80003b18	0104df33	srl	x30,x9,x16	  x9:0xf1ecd000 x16:0x00000000 x30=0xf1ecd000
        4635000	       462	80003b1c	77de4513	xori	x10,x28,1917	 x28:0x00067fff x10=0x00067882
        4645000	       463	80003b20	00000013	addi	x0,x0,0	  x0:0x00000000
        4655000	       464	80003b24	01981e63	bne	x16,x25,80003b40	 x16:0x00000000 x25:0x00000000
        4665000	       465	80003b28	6556bb13	sltiu	x22,x13,1621	 x13:0x80000000 x22=0x00000000
        4675000	       466	80003b2c	01388433	add	x8,x17,x19	 x17:0x00000000 x19:0xbfbbb000  x8=0xbfbbb000
        4685000	       467	80003b30	027cfe63	bgeu	x25,x7,80003b6c	 x25:0x00000000  x7:0x80009f58
        4695000	       468	80003b34	410a0633	sub	x12,x20,x16	 x20:0x000006f6 x16:0x00000000 x12=0x000006f6
        4705000	       469	80003b38	033bdc63	bge	x23,x19,80003b70	 x23:0x80009a34 x19:0xbfbbb000
        4715000	       470	80003b3c	01281eb3	sll	x29,x16,x18	 x16:0x00000000 x18:0x000004a1 x29=0x00000000
        4725000	       471	80003b40	40c50b33	sub	x22,x10,x12	 x10:0x00067882 x12:0x000006f6 x22=0x0006718c
        4735000	       472	80003b44	65517993	andi	x19,x2,1621	  x2:0xfffffcb4 x19=0x00000414
        4745000	       473	80003b48	01299f93	slli	x31,x19,0x12	 x19:0x00000414 x31=0x10500000
        4755000	       474	80003b4c	3a11e593	ori	x11,x3,929	  x3:0xfffffeb9 x11=0xffffffb9
        4765000	       475	80003b50	006a74b3	and	x9,x20,x6	 x20:0x000006f6  x6:0x8006ffff  x9=0x000006f6
        4775000	       476	80003b54	e406c413	xori	x8,x13,-448	 x13:0x80000000  x8=0x7ffffe40
        4785000	       477	80003b58	00bf9913	slli	x18,x31,0xb	 x31:0x10500000 x18=0x80000000
        4795000	       478	80003b5c	00645633	srl	x12,x8,x6	  x8:0x7ffffe40  x6:0x8006ffff x12=0x00000000
        4805000	       479	80003b60	00d14b33	xor	x22,x2,x13	  x2:0xfffffcb4 x13:0x80000000 x22=0x7ffffcb4
        4815000	       480	80003b64	016ba333	slt	x6,x23,x22	 x23:0x80009a34 x22:0x7ffffcb4  x6=0x00000001
        4825000	       481	80003b68	00000013	addi	x0,x0,0	  x0:0x00000000
        4835000	       482	80003b6c	18ef0cb7	lui	x25,0x18ef0	 x25=0x18ef0000
        4845000	       483	80003b70	5f3e0a13	addi	x20,x28,1523	 x28:0x00067fff x20=0x000685f2
        4855000	       484	80003b74	01a1c333	xor	x6,x3,x26	  x3:0xfffffeb9 x26:0x00000000  x6=0xfffffeb9
        4865000	       485	80003b78	013be633	or	x12,x23,x19	 x23:0x80009a34 x19:0x00000414 x12=0x80009e34
        4875000	       486	80003b7c	a1ed4893	xori	x17,x26,-1506	 x26:0x00000000 x17=0xfffffa1e
        4885000	       487	80003b80	0105de63	bge	x11,x16,80003b9c	 x11:0xffffffb9 x16:0x00000000
        4895000	       488	80003b84	4044d993	srai	x19,x9,0x4	  x9:0x000006f6 x19=0x0000006f
        4905000	       489	80003b88	02870a63	beq	x14,x8,80003bbc	 x14:0xfff9833e  x8:0x7ffffe40
        4915000	       490	80003b8c	016e7333	and	x6,x28,x22	 x28:0x00067fff x22:0x7ffffcb4  x6=0x00067cb4
        4925000	       491	80003b90	00000013	addi	x0,x0,0	  x0:0x00000000
        4935000	       492	80003b94	01084263	blt	x16,x16,80003b98	 x16:0x00000000 x16:0x00000000
        4945000	       493	80003b98	05aef863	bgeu	x29,x26,80003be8	 x29:0x00000000 x26:0x00000000
        4955000	       494	00000000	00000013	addi	x0,x0,0	  x0:0x00000000
        4965000	       495	80003be4	00000013	addi	x0,x0,0	  x0:0x00000000
        4975000	       496	80003be8	7ea26c97	auipc	x25,0x7ea26	 x25=0xfea29be4
        4985000	       497	80003bec	015acab3	xor	x21,x21,x21	 x21:0x00000001 x21:0x00000001 x21=0x00000000
        4995000	       498	80003bf0	d0e62c93	slti	x25,x12,-754	 x12:0x80009e34 x25=0x00000001
        5005000	       499	80003bf4	f59afc13	andi	x24,x21,-167	 x21:0x00000000 x24=0x00000000
        5015000	       500	80003bf8	01701733	sll	x14,x0,x23	  x0:0x00000000 x23:0x80009a34 x14=0x00000000
        5025000	       501	80003bfc	0017d533	srl	x10,x15,x1	 x15:0x80009fc4  x1:0x00000000 x10=0x80009fc4
        5035000	       502	80003c00	01c08c63	beq	x1,x28,80003c18	  x1:0x00000000 x28:0x00067fff
        5045000	       503	80003c04	4011dbb3	sra	x23,x3,x1	  x3:0xfffffeb9  x1:0x00000000 x23=0xfffffeb9
        5055000	       504	80003c08	4096d893	srai	x17,x13,0x9	 x13:0x80000000 x17=0xffc00000
        5065000	       505	80003c0c	03766463	bltu	x12,x23,80003c34	 x12:0x80009e34 x23:0xfffffeb9
        5075000	       506	00000000	00000013	addi	x0,x0,0	  x0:0x00000000
        5085000	       507	80003c30	00000013	addi	x0,x0,0	  x0:0x00000000
        5095000	       508	80003c34	4ba73613	sltiu	x12,x14,1210	 x14:0x00000000 x12=0x00000001
        5105000	       509	80003c38	00000013	addi	x0,x0,0	  x0:0x00000000
        5115000	       510	80003c3c	00000013	addi	x0,x0,0	  x0:0x00000000
        5125000	       511	80003c40	f98de493	ori	x9,x27,-104	 x27:0x00000000  x9=0xffffff98
        5135000	       512	80003c44	41855bb3	sra	x23,x10,x24	 x10:0x80009fc4 x24:0x00000000 x23=0x80009fc4
        5145000	       513	80003c48	01759663	bne	x11,x23,80003c54	 x11:0xffffffb9 x23:0x80009fc4
        5155000	       514	00000000	00000013	addi	x0,x0,0	  x0:0x00000000
        5165000	       515	80003c50	00000013	addi	x0,x0,0	  x0:0x00000000
        5175000	       516	80003c54	faadfb93	andi	x23,x27,-86	 x27:0x00000000 x23=0x00000000
        5185000	       517	80003c58	4ddb4713	xori	x14,x22,1245	 x22:0x7ffffcb4 x14=0x7ffff869
        5195000	       518	80003c5c	0247c063	blt	x15,x4,80003c7c	 x15:0x80009fc4  x4:0x00000000
        5205000	       519	00000000	00000013	addi	x0,x0,0	  x0:0x00000000
        5215000	       520	80003c78	00000013	addi	x0,x0,0	  x0:0x00000000
        5225000	       521	80003c7c	012d1333	sll	x6,x26,x18	 x26:0x00000000 x18:0x80000000  x6=0x00000000
        5235000	       522	80003c80	40b25b93	srai	x23,x4,0xb	  x4:0x00000000 x23=0x00000000
        5245000	       523	80003c84	009be5b3	or	x11,x23,x9	 x23:0x00000000  x9:0xffffff98 x11=0xffffff98
        5255000	       524	80003c88	89918913	addi	x18,x3,-1895	  x3:0xfffffeb9 x18=0xfffff752
        5265000	       525	80003c8c	012de0b3	or	x1,x27,x18	 x27:0x00000000 x18:0xfffff752  x1=0xfffff752
        5275000	       526	80003c90	006355b3	srl	x11,x6,x6	  x6:0x00000000  x6:0x00000000 x11=0x00000000
        5285000	       527	80003c94	01d85eb3	srl	x29,x16,x29	 x16:0x00000000 x29:0x00000000 x29=0x00000000
        5295000	       528	80003c98	0066c4b3	xor	x9,x13,x6	 x13:0x80000000  x6:0x00000000  x9=0x80000000
        5305000	       529	80003c9c	010e0663	beq	x28,x16,80003ca8	 x28:0x00067fff x16:0x00000000
        5315000	       530	80003ca0	e5f00e37	lui	x28,0xe5f00	 x28=0xe5f00000
        5325000	       531	80003ca4	05180893	addi	x17,x16,81	 x16:0x00000000 x17=0x00000051
        5335000	       532	80003ca8	016910b3	sll	x1,x18,x22	 x18:0xfffff752 x22:0x7ffffcb4  x1=0x75200000
        5345000	       533	80003cac	40c7d913	srai	x18,x15,0xc	 x15:0x80009fc4 x18=0xfff80009
        5355000	       534	80003cb0	008f9fb3	sll	x31,x31,x8	 x31:0x10500000  x8:0x7ffffe40 x31=0x10500000
        5365000	       535	80003cb4	001d0d33	add	x26,x26,x1	 x26:0x00000000  x1:0x75200000 x26=0x75200000
        5375000	       536	80003cb8	ba309e37	lui	x28,0xba309	 x28=0xba309000
        5385000	       537	80003cbc	5fc5b013	sltiu	x0,x11,1532	 x11:0x00000000
        5395000	       538	80003cc0	5cc58897	auipc	x17,0x5cc58	 x17=0xdcc5bcbc
        5405000	       539	80003cc4	018cb033	sltu	x0,x25,x24	 x25:0x00000001 x24:0x00000000
        5415000	       540	80003cc8	0372fa63	bgeu	x5,x23,80003cfc	  x5:0xffffffff x23:0x00000000
        5425000	       541	00000000	00000013	addi	x0,x0,0	  x0:0x00000000
        5435000	       542	80003cf8	00000013	addi	x0,x0,0	  x0:0x00000000
        5445000	       543	80003cfc	dfd6e193	ori	x3,x13,-515	 x13:0x80000000  x3=0xfffffdfd
        5455000	       544	80003d00	01f8da93	srli	x21,x17,0x1f	 x17:0xdcc5bcbc x21=0x00000001
        5465000	       545	80003d04	01c3df13	srli	x30,x7,0x1c	  x7:0x80009f58 x30=0x00000008
        5475000	       546	80003d08	007955b3	srl	x11,x18,x7	 x18:0xfff80009  x7:0x80009f58 x11=0x000000ff
        5485000	       547	80003d0c	0142f8b3	and	x17,x5,x20	  x5:0xffffffff x20:0x000685f2 x17=0x000685f2
        5495000	       548	80003d10	41f3f017	auipc	x0,0x41f3f	
        5505000	       549	80003d14	00000013	addi	x0,x0,0	  x0:0x00000000
        5515000	       550	80003d18	40688f33	sub	x30,x17,x6	 x17:0x000685f2  x6:0x00000000 x30=0x000685f2
        5525000	       551	80003d1c	013e9713	slli	x14,x29,0x13	 x29:0x00000000 x14=0x00000000
        5535000	       552	80003d20	01025263	bge	x4,x16,80003d24	  x4:0x00000000 x16:0x00000000
        5545000	       553	00000000	00000013	addi	x0,x0,0	  x0:0x00000000
        5555000	       554	80003d20	00000013	addi	x0,x0,0	  x0:0x00000000
        5565000	       555	80003d24	014e32b3	sltu	x5,x28,x20	 x28:0xba309000 x20:0x000685f2  x5=0x00000000
        5575000	       556	80003d28	03b50c63	beq	x10,x27,80003d60	 x10:0x80009fc4 x27:0x00000000
        5585000	       557	80003d2c	e65e2e13	slti	x28,x28,-411	 x28:0xba309000 x28=0x00000001
        5595000	       558	80003d30	012864b3	or	x9,x16,x18	 x16:0x00000000 x18:0xfff80009  x9=0xfff80009
        5605000	       559	80003d34	01845993	srli	x19,x8,0x18	  x8:0x7ffffe40 x19=0x0000007f
        5615000	       560	80003d38	0107cab3	xor	x21,x15,x16	 x15:0x80009fc4 x16:0x00000000 x21=0x80009fc4
        5625000	       561	80003d3c	058b7663	bgeu	x22,x24,80003d88	 x22:0x7ffffcb4 x24:0x00000000
        5635000	       562	00000000	00000013	addi	x0,x0,0	  x0:0x00000000
        5645000	       563	80003d84	00000013	addi	x0,x0,0	  x0:0x00000000
        5655000	       564	80003d88	00877263	bgeu	x14,x8,80003d8c	 x14:0x00000000  x8:0x7ffffe40
        5665000	       565	80003d8c	035d0063	beq	x26,x21,80003dac	 x26:0x75200000 x21:0x80009fc4
        5675000	       566	80003d90	b5ccf413	andi	x8,x25,-1188	 x25:0x00000001  x8=0x00000000
        5685000	       567	80003d94	e7df8d93	addi	x27,x31,-387	 x31:0x10500000 x27=0x104ffe7d
        5695000	       568	80003d98	68b3fa13	andi	x20,x7,1675	  x7:0x80009f58 x20=0x00000608
        5705000	       569	80003d9c	004cc263	blt	x25,x4,80003da0	 x25:0x00000001  x4:0x00000000
        5715000	       570	80003da0	0132ffb3	and	x31,x5,x19	  x5:0x00000000 x19:0x0000007f x31=0x00000000
        5725000	       571	80003da4	f500f537	lui	x10,0xf500f	 x10=0xf500f000
        5735000	       572	80003da8	01edd113	srli	x2,x27,0x1e	 x27:0x104ffe7d  x2=0x00000000
        5745000	       573	80003dac	012b5493	srli	x9,x22,0x12	 x22:0x7ffffcb4  x9=0x00001fff
        5755000	       574	80003db0	012da0b3	slt	x1,x27,x18	 x27:0x104ffe7d x18:0xfff80009  x1=0x00000000
        5765000	       575	80003db4	6cb73893	sltiu	x17,x14,1739	 x14:0x00000000 x17=0x00000001
        5775000	       576	80003db8	01727db3	and	x27,x4,x23	  x4:0x00000000 x23:0x00000000 x27=0x00000000
        5785000	       577	80003dbc	006f7033	and	x0,x30,x6	 x30:0x000685f2  x6:0x00000000
        5795000	       578	80003dc0	05054663	blt	x10,x16,80003e0c	 x10:0xf500f000 x16:0x00000000
        5805000	       579	00000000	00000013	addi	x0,x0,0	  x0:0x00000000
        5815000	       580	80003e08	00000013	addi	x0,x0,0	  x0:0x00000000
        5825000	       581	80003e0c	04235863	bge	x6,x2,80003e5c	  x6:0x00000000  x2:0x00000000
        5835000	       582	00000000	00000013	addi	x0,x0,0	  x0:0x00000000
        5845000	       583	80003e58	00000013	addi	x0,x0,0	  x0:0x00000000
        5855000	       584	80003e5c	00be8fb3	add	x31,x29,x11	 x29:0x00000000 x11:0x000000ff x31=0x000000ff
        5865000	       585	80003e60	00a601b3	add	x3,x12,x10	 x12:0x00000001 x10:0xf500f000  x3=0xf500f001
        5875000	       586	80003e64	b2920e13	addi	x28,x4,-1239	  x4:0x00000000 x28=0xfffffb29
        5885000	       587	80003e68	026a7e63	bgeu	x20,x6,80003ea4	 x20:0x00000608  x6:0x00000000
        5895000	       588	00000000	00000013	addi	x0,x0,0	  x0:0x00000000
        5905000	       589	80003ea0	00000013	addi	x0,x0,0	  x0:0x00000000
        5915000	       590	80003ea4	662cca13	xori	x20,x25,1634	 x25:0x00000001 x20=0x00000663
        5925000	       591	80003ea8	8bef2093	slti	x1,x30,-1858	 x30:0x000685f2  x1=0x00000000
        5935000	       592	80003eac	49ab5997	auipc	x19,0x49ab5	 x19=0xc9ab8ea8
        5945000	       593	80003eb0	00845213	srli	x4,x8,0x8	  x8:0x00000000  x4=0x00000000
        5955000	       594	80003eb4	0107e263	bltu	x15,x16,80003eb8	 x15:0x80009fc4 x16:0x00000000
        5965000	       595	80003eb8	00334663	blt	x6,x3,80003ec4	  x6:0x00000000  x3:0xf500f001
        5975000	       596	80003ebc	00df6e63	bltu	x30,x13,80003ed8	 x30:0x000685f2 x13:0x80000000
        5985000	       597	00000000	00000013	addi	x0,x0,0	  x0:0x00000000
        5995000	       598	80003ed4	00000013	addi	x0,x0,0	  x0:0x00000000
        6005000	       599	80003ed8	014d9a63	bne	x27,x20,80003eec	 x27:0x00000000 x20:0x00000663
        6015000	       600	00000000	00000013	addi	x0,x0,0	  x0:0x00000000
        6025000	       601	80003ee8	00000013	addi	x0,x0,0	  x0:0x00000000
        6035000	       602	80003eec	01127333	and	x6,x4,x17	  x4:0x00000000 x17:0x00000001  x6=0x00000000
        6045000	       603	80003ef0	41b88233	sub	x4,x17,x27	 x17:0x00000001 x27:0x00000000  x4=0x00000001
        6055000	       604	80003ef4	f0486a13	ori	x20,x16,-252	 x16:0x00000000 x20=0xffffff04
        6065000	       605	80003ef8	0150bf33	sltu	x30,x1,x21	  x1:0x00000000 x21:0x80009fc4 x30=0x00000001
        6075000	       606	80003efc	01545933	srl	x18,x8,x21	  x8:0x00000000 x21:0x80009fc4 x18=0x00000000
        6085000	       607	80003f00	01759d33	sll	x26,x11,x23	 x11:0x000000ff x23:0x00000000 x26=0x000000ff
        6095000	       608	80003f04	0051b8b3	sltu	x17,x3,x5	  x3:0xf500f001  x5:0x00000000 x17=0x00000000
        6105000	       609	80003f08	01c9e9b3	or	x19,x19,x28	 x19:0xc9ab8ea8 x28:0xfffffb29 x19=0xffffffa9
        6115000	       610	80003f0c	40e65833	sra	x16,x12,x14	 x12:0x00000001 x14:0x00000000 x16=0x00000001
        6125000	       611	80003f10	0197e263	bltu	x15,x25,80003f14	 x15:0x80009fc4 x25:0x00000001
        6135000	       612	80003f14	4197d733	sra	x14,x15,x25	 x15:0x80009fc4 x25:0x00000001 x14=0xc0004fe2
        6145000	       613	80003f18	8d473a37	lui	x20,0x8d473	 x20=0x8d473000
        6155000	       614	80003f1c	0032ef33	or	x30,x5,x3	  x5:0x00000000  x3:0xf500f001 x30=0xf500f001
        6165000	       615	80003f20	984c3e93	sltiu	x29,x24,-1660	 x24:0x00000000 x29=0x00000001
        6175000	       616	80003f24	01aa0463	beq	x20,x26,80003f2c	 x20:0x8d473000 x26:0x000000ff
        6185000	       617	80003f28	30e7b293	sltiu	x5,x15,782	 x15:0x80009fc4  x5=0x00000000
        6195000	       618	80003f2c	0045ca63	blt	x11,x4,80003f40	 x11:0x000000ff  x4:0x00000001
        6205000	       619	80003f30	406d5d33	sra	x26,x26,x6	 x26:0x000000ff  x6:0x00000000 x26=0x000000ff
        6215000	       620	80003f34	40e1db33	sra	x22,x3,x14	  x3:0xf500f001 x14:0xc0004fe2 x22=0xfd403c00
        6225000	       621	80003f38	0069b233	sltu	x4,x19,x6	 x19:0xffffffa9  x6:0x00000000  x4=0x00000000
        6235000	       622	80003f3c	01278263	beq	x15,x18,80003f40	 x15:0x80009fc4 x18:0x00000000
        6245000	       623	80003f40	ea3c2913	slti	x18,x24,-349	 x24:0x00000000 x18=0x00000000
        6255000	       624	80003f44	01c14033	xor	x0,x2,x28	  x2:0x00000000 x28:0xfffffb29
        6265000	       625	80003f48	01857433	and	x8,x10,x24	 x10:0xf500f000 x24:0x00000000  x8=0x00000000
        6275000	       626	80003f4c	0043a083	lw	x1,4(x7)	  x7:0x80009f58  x1=0x80000144 PA:0x80009f5c
        6285000	       627	80003f50	40bfd433	sra	x8,x31,x11	 x31:0x000000ff x11:0x000000ff  x8=0x00000000
        6295000	       628	80003f54	3075f513	andi	x10,x11,775	 x11:0x000000ff x10=0x00000007
        6305000	       629	80003f58	40a75993	srai	x19,x14,0xa	 x14:0xc0004fe2 x19=0xfff00013
        6315000	       630	80003f5c	02c38393	addi	x7,x7,44	  x7:0x80009f58  x7=0x80009f84
        6325000	       631	80003f60	ca317013	andi	x0,x2,-861	  x2:0x00000000
        6335000	       632	80003f64	00108d13	addi	x26,x1,1	  x1:0x80000144 x26=0x80000145
        6345000	       633	80003f68	000d0d67	jalr	x26,x26,0	 x26:0x80000145 x26=0x80003f68
        6355000	       634	00000000	00000013	addi	x0,x0,0	  x0:0x00000000
        6365000	       635	80000144	00000013	addi	x0,x0,0	  x0:0x00000000
        6375000	       636	80000148	00004597	auipc	x11,0x4	 x11=0x80004144
        6385000	       637	8000014c	e2458593	addi	x11,x11,-476	 x11:0x80004144 x11=0x80003f68
        6395000	       638	80000150	665c6013	ori	x0,x24,1637	 x24:0x00000000
        6405000	       639	80000154	1dd58593	addi	x11,x11,477	 x11:0x80003f68 x11=0x80004145
        6415000	       640	80000158	b607db97	auipc	x23,0xb607d	 x23=0x3607d154
        6425000	       641	8000015c	01754eb3	xor	x29,x10,x23	 x10:0x00000007 x23:0x3607d154 x29=0x3607d153
        6435000	       642	80000160	00000013	addi	x0,x0,0	  x0:0x00000000
        6445000	       643	80000164	01fdeab3	or	x21,x27,x31	 x27:0x00000000 x31:0x000000ff x21=0x000000ff
        6455000	       644	80000168	4013db13	srai	x22,x7,0x1	  x7:0x80009f84 x22=0xc0004fc2
        6465000	       645	8000016c	01cbbeb3	sltu	x29,x23,x28	 x23:0x3607d154 x28:0xfffffb29 x29=0x00000001
        6475000	       646	80000170	5b991a97	auipc	x21,0x5b991	 x21=0xdb99116c
        6485000	       647	80000174	01724463	blt	x4,x23,8000017c	  x4:0x00000000 x23:0x3607d154
        6495000	       648	00000000	00000013	addi	x0,x0,0	  x0:0x00000000
        6505000	       649	80000178	00000013	addi	x0,x0,0	  x0:0x00000000
        6515000	       650	8000017c	e24580e7	jalr	x1,x11,-476	 x11:0x80004145  x1=0x8000017c
        6525000	       651	00000000	00000013	addi	x0,x0,0	  x0:0x00000000
        6535000	       652	80003f68	00000013	addi	x0,x0,0	  x0:0x00000000
        6545000	       653	80003f6c	92bf7493	andi	x9,x30,-1749	 x30:0xf500f001  x9=0xf500f001
        6555000	       654	80003f70	00c0f463	bgeu	x1,x12,80003f78	  x1:0x8000017c x12:0x00000001
        6565000	       655	00000000	00000013	addi	x0,x0,0	  x0:0x00000000
        6575000	       656	80003f74	00000013	addi	x0,x0,0	  x0:0x00000000
        6585000	       657	80003f78	fd838393	addi	x7,x7,-40	  x7:0x80009f84  x7=0x80009f5c
        6595000	       658	80003f7c	007e1933	sll	x18,x28,x7	 x28:0xfffffb29  x7:0x80009f5c x18=0x90000000
        6605000	       659	80003f80	00764f33	xor	x30,x12,x7	 x12:0x00000001  x7:0x80009f5c x30=0x80009f5d
        6615000	       660	80003f84	007d5f33	srl	x30,x26,x7	 x26:0x80003f68  x7:0x80009f5c x30=0x00000008
        6625000	       661	80003f88	cf0aec93	ori	x25,x21,-784	 x21:0xdb99116c x25=0xfffffdfc
        6635000	       662	80003f8c	01c4b133	sltu	x2,x9,x28	  x9:0xf500f001 x28:0xfffffb29  x2=0x00000001
        6645000	       663	80003f90	d9a06493	ori	x9,x0,-614	  x0:0x00000000  x9=0xfffffd9a
        6655000	       664	80003f94	0013a223	sw	x1,4(x7)	  x7:0x80009f5c  x1:0x8000017c PA:0x80009f60
        6665000	       665	80003f98	a54a4893	xori	x17,x20,-1452	 x20:0x8d473000 x17=0x72b8ca54
        6675000	       666	80003f9c	00004117	auipc	x2,0x4	  x2=0x80007f98
        6685000	       667	80003fa0	74d10113	addi	x2,x2,1869	  x2:0x80007f98  x2=0x800086e5
        6695000	       668	80003fa4	efa8c097	auipc	x1,0xefa8c	  x1=0x6fa8ffa0
        6705000	       669	80003fa8	fd110f03	lb	x30,-47(x2)	  x2:0x800086e5 x30=0x0000006d PA:0x800086b6
        6715000	       670	80003fac	d66abd93	sltiu	x27,x21,-666	 x21:0xdb99116c x27=0x00000001
        6725000	       671	80003fb0	ff514803	lbu	x16,-11(x2)	  x2:0x800086e5 x16=0x00000091 PA:0x800086da
        6735000	       672	80003fb4	b0da4213	xori	x4,x20,-1267	 x20:0x8d473000  x4=0x72b8cb0d
        6745000	       673	80003fb8	ffa14a03	lbu	x20,-6(x2)	  x2:0x800086e5 x20=0x00000094 PA:0x800086df
        6755000	       674	80003fbc	fce10323	sb	x14,-58(x2)	  x2:0x800086e5 x14:0xc0004fe2 PA:0x800086ab
        6765000	       675	80003fc0	02710f23	sb	x7,62(x2)	  x2:0x800086e5  x7:0x80009f5c PA:0x80008723
        6775000	       676	80003fc4	00a89593	slli	x11,x17,0xa	 x17:0x72b8ca54 x11=0xe3295000
        6785000	       677	80003fc8	023114a3	sh	x3,41(x2)	  x2:0x800086e5  x3:0xf500f001 PA:0x8000870e
        6795000	       678	80003fcc	03914503	lbu	x10,57(x2)	  x2:0x800086e5 x10=0x000000d5 PA:0x8000871e
        6805000	       679	80003fd0	fd814203	lbu	x4,-40(x2)	  x2:0x800086e5  x4=0x00000076 PA:0x800086bd
        6815000	       680	80003fd4	412ed313	srai	x6,x29,0x12	 x29:0x00000001  x6=0x00000000
        6825000	       681	80003fd8	fce10c23	sb	x14,-40(x2)	  x2:0x800086e5 x14:0xc0004fe2 PA:0x800086bd
        6835000	       682	80003fdc	ffd14703	lbu	x14,-3(x2)	  x2:0x800086e5 x14=0x00000099 PA:0x800086e2
        6845000	       683	80003fe0	016c9713	slli	x14,x25,0x16	 x25:0xfffffdfc x14=0x7f000000
        6855000	       684	80003fe4	02e14e83	lbu	x29,46(x2)	  x2:0x800086e5 x29=0x000000c8 PA:0x80008713
        6865000	       685	80003fe8	9f1fce93	xori	x29,x31,-1551	 x31:0x000000ff x29=0xfffff90e
        6875000	       686	80003fec	00714c83	lbu	x25,7(x2)	  x2:0x800086e5 x25=0x000000a7 PA:0x800086ec
        6885000	       687	80003ff0	01454533	xor	x10,x10,x20	 x10:0x000000d5 x20:0x00000094 x10=0x00000041
        6895000	       688	80003ff4	fd314583	lbu	x11,-45(x2)	  x2:0x800086e5 x11=0x00000073 PA:0x800086b8
        6905000	       689	80003ff8	013a0233	add	x4,x20,x19	 x20:0x00000094 x19:0xfff00013  x4=0xfff000a7
        6915000	       690	80003ffc	fdf10523	sb	x31,-54(x2)	  x2:0x800086e5 x31:0x000000ff PA:0x800086af
        6925000	       691	80004000	feb10d23	sb	x11,-6(x2)	  x2:0x800086e5 x11:0x00000073 PA:0x800086df
        6935000	       692	80004004	00810903	lb	x18,8(x2)	  x2:0x800086e5 x18=0xffffffa6 PA:0x800086ed
        6945000	       693	80004008	0137f333	and	x6,x15,x19	 x15:0x80009fc4 x19:0xfff00013  x6=0x80000000
        6955000	       694	8000400c	fc915e03	lhu	x28,-55(x2)	  x2:0x800086e5 x28=0x0000ff65 PA:0x800086ae
        6965000	       695	80004010	01acebb3	or	x23,x25,x26	 x25:0x000000a7 x26:0x80003f68 x23=0x80003fef
        6975000	       696	80004014	fdc10603	lb	x12,-36(x2)	  x2:0x800086e5 x12=0x0000007a PA:0x800086c1
        6985000	       697	80004018	037110a3	sh	x23,33(x2)	  x2:0x800086e5 x23:0x80003fef PA:0x80008706
        6995000	       698	8000401c	00004117	auipc	x2,0x4	  x2=0x80008018
        7005000	       699	80004020	7ff10113	addi	x2,x2,2047	  x2:0x80008018  x2=0x80008817
        7015000	       700	80004024	fe715583	lhu	x11,-25(x2)	  x2:0x80008817 x11=0x0000b4b5 PA:0x800087fe
        7025000	       701	00000000	00000013	addi	x0,x0,0	  x0:0x00000000
        7035000	       702	80004028	fcb10583	lb	x11,-53(x2)	  x2:0x80008817 x11=0xffffff99 PA:0x800087e2
        7045000	       703	8000402c	005ebbb3	sltu	x23,x29,x5	 x29:0xfffff90e  x5:0x00000000 x23=0x00000000
        7055000	       704	80004030	a0e76993	ori	x19,x14,-1522	 x14:0x7f000000 x19=0xfffffa0e
        7065000	       705	80004034	fec10483	lb	x9,-20(x2)	  x2:0x80008817  x9=0xffffffb8 PA:0x80008803
        7075000	       706	00000000	00000013	addi	x0,x0,0	  x0:0x00000000
        7085000	       707	80004038	68a4e013	ori	x0,x9,1674	  x9:0xffffffb8
        7095000	       708	8000403c	ffa10c03	lb	x24,-6(x2)	  x2:0x80008817 x24=0xffffffca PA:0x80008811
        7105000	       709	80004040	fda109a3	sb	x26,-45(x2)	  x2:0x80008817 x26:0x80003f68 PA:0x800087ea
        7115000	       710	80004044	fcb10823	sb	x11,-48(x2)	  x2:0x80008817 x11:0xffffff99 PA:0x800087e7
        7125000	       711	80004048	007d9e13	slli	x28,x27,0x7	 x27:0x00000001 x28=0x00000080
        7135000	       712	8000404c	41a85533	sra	x10,x16,x26	 x16:0x00000091 x26:0x80003f68 x10=0x00000000
        7145000	       713	80004050	00a924b3	slt	x9,x18,x10	 x18:0xffffffa6 x10:0x00000000  x9=0x00000001
        7155000	       714	80004054	0012b8b3	sltu	x17,x5,x1	  x5:0x00000000  x1:0x6fa8ffa0 x17=0x00000001
        7165000	       715	80004058	8fc26437	lui	x8,0x8fc26	  x8=0x8fc26000
        7175000	       716	8000405c	00f2dd33	srl	x26,x5,x15	  x5:0x00000000 x15:0x80009fc4 x26=0x00000000
        7185000	       717	80004060	004c1933	sll	x18,x24,x4	 x24:0xffffffca  x4:0xfff000a7 x18=0xffffe500
        7195000	       718	80004064	01af44b3	xor	x9,x30,x26	 x30:0x0000006d x26:0x00000000  x9=0x0000006d
        7205000	       719	80004068	7bf34637	lui	x12,0x7bf34	 x12=0x7bf34000
        7215000	       720	8000406c	0097e633	or	x12,x15,x9	 x15:0x80009fc4  x9:0x0000006d x12=0x80009fed
        7225000	       721	80004070	fe710c23	sb	x7,-8(x2)	  x2:0x80008817  x7:0x80009f5c PA:0x8000880f
        7235000	       722	80004074	1337ea93	ori	x21,x15,307	 x15:0x80009fc4 x21=0x80009ff7
        7245000	       723	80004078	fd715483	lhu	x9,-41(x2)	  x2:0x80008817  x9=0x0000a4a5 PA:0x800087ee
        7255000	       724	8000407c	41fd0bb3	sub	x23,x26,x31	 x26:0x00000000 x31:0x000000ff x23=0xffffff01
        7265000	       725	80004080	007185b3	add	x11,x3,x7	  x3:0xf500f001  x7:0x80009f5c x11=0x75018f5d
        7275000	       726	80004084	008959b3	srl	x19,x18,x8	 x18:0xffffe500  x8:0x8fc26000 x19=0xffffe500
        7285000	       727	80004088	ff610123	sb	x22,-30(x2)	  x2:0x80008817 x22:0xc0004fc2 PA:0x800087f9
        7295000	       728	8000408c	012b5f93	srli	x31,x22,0x12	 x22:0xc0004fc2 x31=0x00003000
        7305000	       729	80004090	0fa2a213	slti	x4,x5,250	  x5:0x00000000  x4=0x00000001
        7315000	       730	80004094	4104d893	srai	x17,x9,0x10	  x9:0x0000a4a5 x17=0x00000000
        7325000	       731	80004098	fce14503	lbu	x10,-50(x2)	  x2:0x80008817 x10=0x0000009e PA:0x800087e5
        7335000	       732	8000409c	000ad933	srl	x18,x21,x0	 x21:0x80009ff7  x0:0x00000000 x18=0x80009ff7
        7345000	       733	800040a0	092cc513	xori	x10,x25,146	 x25:0x000000a7 x10=0x00000035
        7355000	       734	800040a4	20ec0093	addi	x1,x24,526	 x24:0xffffffca  x1=0x000001d8
        7365000	       735	800040a8	01b61cb3	sll	x25,x12,x27	 x12:0x80009fed x27:0x00000001 x25=0x00013fda
        7375000	       736	800040ac	fc710923	sb	x7,-46(x2)	  x2:0x80008817  x7:0x80009f5c PA:0x800087e9
        7385000	       737	800040b0	5f406313	ori	x6,x0,1524	  x0:0x00000000  x6=0x000005f4
        7395000	       738	800040b4	fed12483	lw	x9,-19(x2)	  x2:0x80008817  x9=0xbcbdbebf PA:0x80008804
        7405000	       739	800040b8	00be4db3	xor	x27,x28,x11	 x28:0x00000080 x11:0x75018f5d x27=0x75018fdd
        7415000	       740	800040bc	ffe10183	lb	x3,-2(x2)	  x2:0x80008817  x3=0xffffffce PA:0x80008815
        7425000	       741	800040c0	a5843d93	sltiu	x27,x8,-1448	  x8:0x8fc26000 x27=0x00000001
        7435000	       742	800040c4	fc311e03	lh	x28,-61(x2)	  x2:0x80008817 x28=0xffff9091 PA:0x800087da
        7445000	       743	800040c8	f6066a13	ori	x20,x12,-160	 x12:0x80009fed x20=0xffffffed
        7455000	       744	800040cc	00be8eb3	add	x29,x29,x11	 x29:0xfffff90e x11:0x75018f5d x29=0x7501886b
        7465000	       745	800040d0	402edb33	sra	x22,x29,x2	 x29:0x7501886b  x2:0x80008817 x22=0x000000ea
        7475000	       746	800040d4	ff014603	lbu	x12,-16(x2)	  x2:0x80008817 x12=0x000000bc PA:0x80008807
        7485000	       747	800040d8	00005117	auipc	x2,0x5	  x2=0x800090d4
        7495000	       748	800040dc	87810113	addi	x2,x2,-1928	  x2:0x800090d4  x2=0x8000894c
        7505000	       749	800040e0	40248db3	sub	x27,x9,x2	  x9:0xbcbdbebf  x2:0x8000894c x27=0x3cbd3573
        7515000	       750	800040e4	41775b13	srai	x22,x14,0x17	 x14:0x7f000000 x22=0x000000fe
        7525000	       751	800040e8	11714f03	lbu	x30,279(x2)	  x2:0x8000894c x30=0x00000048 PA:0x80008a63
        7535000	       752	800040ec	f2aa6e93	ori	x29,x20,-214	 x20:0xffffffed x29=0xffffffef
        7545000	       753	800040f0	5f714303	lbu	x6,1527(x2)	  x2:0x8000894c  x6=0x00000028 PA:0x80008f43
        7555000	       754	800040f4	f0211403	lh	x8,-254(x2)	  x2:0x8000894c  x8=0x00003435 PA:0x8000884e
        7565000	       755	800040f8	902de713	ori	x14,x27,-1790	 x27:0x3cbd3573 x14=0xfffffd73
        7575000	       756	800040fc	06e15d03	lhu	x26,110(x2)	  x2:0x8000894c x26=0x0000a0a1 PA:0x800089ba
        7585000	       757	80004100	10415483	lhu	x9,260(x2)	  x2:0x8000894c  x9=0x00003a3b PA:0x80008a50
        7595000	       758	80004104	f51104a3	sb	x17,-183(x2)	  x2:0x8000894c x17:0x00000000 PA:0x80008895
        7605000	       759	80004108	5b710083	lb	x1,1463(x2)	  x2:0x8000894c  x1=0xffffffe8 PA:0x80008f03
        7615000	       760	8000410c	017f8433	add	x8,x31,x23	 x31:0x00003000 x23:0xffffff01  x8=0x00002f01
        7625000	       761	80004110	001500b3	add	x1,x10,x1	 x10:0x00000035  x1:0xffffffe8  x1=0x0000001d
        7635000	       762	80004114	01b39813	slli	x16,x7,0x1b	  x7:0x80009f5c x16=0xe0000000
        7645000	       763	80004118	43612e23	sw	x22,1084(x2)	  x2:0x8000894c x22:0x000000fe PA:0x80008d88
        7655000	       764	8000411c	01b8da13	srli	x20,x17,0x1b	 x17:0x00000000 x20=0x00000000
        7665000	       765	80004120	01c3d893	srli	x17,x7,0x1c	  x7:0x80009f5c x17=0x00000008
        7675000	       766	80004124	62110983	lb	x19,1569(x2)	  x2:0x8000894c x19=0x00000056 PA:0x80008f6d
        7685000	       767	80004128	58215303	lhu	x6,1410(x2)	  x2:0x8000894c  x6=0x0000b4b5 PA:0x80008ece
        7695000	       768	8000412c	a167fd93	andi	x27,x15,-1514	 x15:0x80009fc4 x27=0x80009a04
        7705000	       769	80004130	d177c893	xori	x17,x15,-745	 x15:0x80009fc4 x17=0x7fff62d3
        7715000	       770	80004134	f3010da3	sb	x16,-197(x2)	  x2:0x8000894c x16:0xe0000000 PA:0x80008887
        7725000	       771	80004138	1ce10fa3	sb	x14,479(x2)	  x2:0x8000894c x14:0xfffffd73 PA:0x80008b2b
        7735000	       772	8000413c	f7e08e93	addi	x29,x1,-130	  x1:0x0000001d x29=0xffffff9b
        7745000	       773	80004140	02910da3	sb	x9,59(x2)	  x2:0x8000894c  x9:0x00003a3b PA:0x80008987
        7755000	       774	80004144	05810b23	sb	x24,86(x2)	  x2:0x8000894c x24:0xffffffca PA:0x800089a2
        7765000	       775	80004148	26014a83	lbu	x21,608(x2)	  x2:0x8000894c x21=0x00000097 PA:0x80008bac
        7775000	       776	8000414c	005284b3	add	x9,x5,x5	  x5:0x00000000  x5:0x00000000  x9=0x00000000
        7785000	       777	80004150	002c14b3	sll	x9,x24,x2	 x24:0xffffffca  x2:0x8000894c  x9=0xfffca000
        7795000	       778	80004154	1c514a03	lbu	x20,453(x2)	  x2:0x8000894c x20=0x000000fa PA:0x80008b11
        7805000	       779	80004158	34914483	lbu	x9,841(x2)	  x2:0x8000894c  x9=0x0000007e PA:0x80008c95
        7815000	       780	8000415c	4cb14d03	lbu	x26,1227(x2)	  x2:0x8000894c x26=0x000000fc PA:0x80008e17
        7825000	       781	80004160	0018b5b3	sltu	x11,x17,x1	 x17:0x7fff62d3  x1:0x0000001d x11=0x00000000
        7835000	       782	80004164	2d620b13	addi	x22,x4,726	  x4:0x00000001 x22=0x000002d7
        7845000	       783	80004168	33e10fa3	sb	x30,831(x2)	  x2:0x8000894c x30:0x00000048 PA:0x80008c8b
        7855000	       784	8000416c	ee9df413	andi	x8,x27,-279	 x27:0x80009a04  x8=0x80009a00
        7865000	       785	80004170	40725513	srai	x10,x4,0x7	  x4:0x00000001 x10=0x00000000
        7875000	       786	80004174	2db84f93	xori	x31,x16,731	 x16:0xe0000000 x31=0xe00002db
        7885000	       787	80004178	fc69ee97	auipc	x29,0xfc69e	 x29=0x7c6a2174
        7895000	       788	8000417c	f7210b03	lb	x22,-142(x2)	  x2:0x8000894c x22=0xffffffa5 PA:0x800088be
        7905000	       789	80004180	01b05313	srli	x6,x0,0x1b	  x0:0x00000000  x6=0x00000000
        7915000	       790	80004184	01af2eb3	slt	x29,x30,x26	 x30:0x00000048 x26:0x000000fc x29=0x00000001
        7925000	       791	80004188	f2a11f23	sh	x10,-194(x2)	  x2:0x8000894c x10:0x00000000 PA:0x8000888a
        7935000	       792	8000418c	00004217	auipc	x4,0x4	  x4=0x80008188
        7945000	       793	80004190	4cc20213	addi	x4,x4,1228	  x4:0x80008188  x4=0x80008654
        7955000	       794	80004194	d520f813	andi	x16,x1,-686	  x1:0x0000001d x16=0x00000010
        7965000	       795	80004198	00bd8933	add	x18,x27,x11	 x27:0x80009a04 x11:0x00000000 x18=0x80009a04
        7975000	       796	8000419c	40585493	srai	x9,x16,0x5	 x16:0x00000010  x9=0x00000000
        7985000	       797	800041a0	2ec94b13	xori	x22,x18,748	 x18:0x80009a04 x22=0x800098e8
        7995000	       798	800041a4	0e422103	lw	x2,228(x4)	  x4:0x80008654  x2=0xf0f1f2f3 PA:0x80008738
        8005000	       799	800041a8	b5820603	lb	x12,-1192(x4)	  x4:0x80008654 x12=0x00000067 PA:0x800081ac
        8015000	       800	800041ac	ed924703	lbu	x14,-295(x4)	  x4:0x80008654 x14=0x000000e6 PA:0x8000852d
        8025000	       801	800041b0	00000013	addi	x0,x0,0	  x0:0x00000000
        8035000	       802	800041b4	01e20323	sb	x30,6(x4)	  x4:0x80008654 x30:0x00000048 PA:0x8000865a
        8045000	       803	800041b8	00000013	addi	x0,x0,0	  x0:0x00000000
        8055000	       804	800041bc	018caa33	slt	x20,x25,x24	 x25:0x00013fda x24:0xffffffca x20=0x00000000
        8065000	       805	800041c0	dee21103	lh	x2,-530(x4)	  x4:0x80008654  x2=0xfffff8f9 PA:0x80008442
        8075000	       806	800041c4	a8625283	lhu	x5,-1402(x4)	  x4:0x80008654  x5=0x00009091 PA:0x800080da
        8085000	       807	800041c8	01a71713	slli	x14,x14,0x1a	 x14:0x000000e6 x14=0x98000000
        8095000	       808	800041cc	00bfd313	srli	x6,x31,0xb	 x31:0xe00002db  x6=0x001c0000
        8105000	       809	800041d0	00000013	addi	x0,x0,0	  x0:0x00000000
        8115000	       810	800041d4	c8221903	lh	x18,-894(x4)	  x4:0x80008654 x18=0xffff8c8d PA:0x800082d6
        8125000	       811	800041d8	c0b24583	lbu	x11,-1013(x4)	  x4:0x80008654 x11=0x00000014 PA:0x8000825f
        8135000	       812	800041dc	f7022503	lw	x10,-144(x4)	  x4:0x80008654 x10=0x7c7d7e7f PA:0x800085c4
        8145000	       813	800041e0	0097fd33	and	x26,x15,x9	 x15:0x80009fc4  x9:0x00000000 x26=0x00000000
        8155000	       814	800041e4	16621623	sh	x6,364(x4)	  x4:0x80008654  x6:0x001c0000 PA:0x800087c0
        8165000	       815	800041e8	000720b3	slt	x1,x14,x0	 x14:0x98000000  x0:0x00000000  x1=0x00000001
        8175000	       816	800041ec	00b63733	sltu	x14,x12,x11	 x12:0x00000067 x11:0x00000014 x14=0x00000000
        8185000	       817	800041f0	c0c40293	addi	x5,x8,-1012	  x8:0x80009a00  x5=0x8000960c
        8195000	       818	800041f4	c9324003	lbu	x0,-877(x4)	  x4:0x80008654 PA:0x800082e7
        8205000	       819	800041f8	012208a3	sb	x18,17(x4)	  x4:0x80008654 x18:0xffff8c8d PA:0x80008665
        8215000	       820	800041fc	ab022623	sw	x16,-1364(x4)	  x4:0x80008654 x16:0x00000010 PA:0x80008100
        8225000	       821	80004200	ffd24f03	lbu	x30,-3(x4)	  x4:0x80008654 x30=0x0000000a PA:0x80008651
        8235000	       822	80004204	0098efb3	or	x31,x17,x9	 x17:0x7fff62d3  x9:0x00000000 x31=0x7fff62d3
        8245000	       823	80004208	2ec5df97	auipc	x31,0x2ec5d	 x31=0xaec61204
        8255000	       824	8000420c	0e524603	lbu	x12,229(x4)	  x4:0x80008654 x12=0x000000f2 PA:0x80008739
        8265000	       825	80004210	0140b133	sltu	x2,x1,x20	  x1:0x00000001 x20:0x00000000  x2=0x00000000
        8275000	       826	80004214	d6d20823	sb	x13,-656(x4)	  x4:0x80008654 x13:0x80000000 PA:0x800083c4
        8285000	       827	80004218	b9b24883	lbu	x17,-1125(x4)	  x4:0x80008654 x17=0x000000a4 PA:0x800081ef
        8295000	       828	8000421c	00005817	auipc	x16,0x5	 x16=0x80009218
        8305000	       829	80004220	c4f80813	addi	x16,x16,-945	 x16:0x80009218 x16=0x80008e67
        8315000	       830	80004224	fe380c23	sb	x3,-8(x16)	 x16:0x80008e67  x3:0xffffffce PA:0x80008e5f
        8325000	       831	80004228	255e4a93	xori	x21,x28,597	 x28:0xffff9091 x21=0xffff92c4
        8335000	       832	8000422c	ff581883	lh	x17,-11(x16)	 x16:0x80008e67 x17=0x00004647 PA:0x80008e5c
        8345000	       833	80004230	009b1c93	slli	x25,x22,0x9	 x22:0x800098e8 x25=0x0131d000
        8355000	       834	80004234	ceb4a913	slti	x18,x9,-789	  x9:0x00000000 x18=0x00000000
        8365000	       835	80004238	7974cc93	xori	x25,x9,1943	  x9:0x00000000 x25=0x00000797
        8375000	       836	8000423c	fe3809a3	sb	x3,-13(x16)	 x16:0x80008e67  x3:0xffffffce PA:0x80008e5a
        8385000	       837	80004240	c65a4f13	xori	x30,x20,-923	 x20:0x00000000 x30=0xfffffc65
        8395000	       838	80004244	fd9f6493	ori	x9,x30,-39	 x30:0xfffffc65  x9=0xfffffffd
        8405000	       839	80004248	00582a83	lw	x21,5(x16)	 x16:0x80008e67 x21=0x54555657 PA:0x80008e6c
        8415000	       840	8000424c	cc13b093	sltiu	x1,x7,-831	  x7:0x80009f5c  x1=0x00000001
        8425000	       841	80004250	41d9d433	sra	x8,x19,x29	 x19:0x00000056 x29:0x00000001  x8=0x0000002b
        8435000	       842	80004254	0029ae33	slt	x28,x19,x2	 x19:0x00000056  x2:0x00000000 x28=0x00000000
        8445000	       843	80004258	00180203	lb	x4,1(x16)	 x16:0x80008e67  x4=0x00000053 PA:0x80008e68
        8455000	       844	8000425c	00680003	lb	x0,6(x16)	 x16:0x80008e67 PA:0x80008e6d
        8465000	       845	80004260	ff880703	lb	x14,-8(x16)	 x16:0x80008e67 x14=0xffffffce PA:0x80008e5f
        8475000	       846	00000000	00000013	addi	x0,x0,0	  x0:0x00000000
        8485000	       847	80004264	00e30bb3	add	x23,x6,x14	  x6:0x001c0000 x14:0xffffffce x23=0x001bffce
        8495000	       848	80004268	6f358fb7	lui	x31,0x6f358	 x31=0x6f358000
        8505000	       849	8000426c	018541b3	xor	x3,x10,x24	 x10:0x7c7d7e7f x24:0xffffffca  x3=0x838281b5
        8515000	       850	80004270	00b7c233	xor	x4,x15,x11	 x15:0x80009fc4 x11:0x00000014  x4=0x80009fd0
        8525000	       851	80004274	01d39013	slli	x0,x7,0x1d	  x7:0x80009f5c
        8535000	       852	80004278	9443ca93	xori	x21,x7,-1724	  x7:0x80009f5c x21=0x7fff6618
        8545000	       853	8000427c	5ea06213	ori	x4,x0,1514	  x0:0x00000000  x4=0x000005ea
        8555000	       854	80004280	00680123	sb	x6,2(x16)	 x16:0x80008e67  x6:0x001c0000 PA:0x80008e69
        8565000	       855	80004284	00182403	lw	x8,1(x16)	 x16:0x80008e67  x8=0x50510053 PA:0x80008e68
        8575000	       856	80004288	00c80483	lb	x9,12(x16)	 x16:0x80008e67  x9=0x00000058 PA:0x80008e73
        8585000	       857	8000428c	0137aab3	slt	x21,x15,x19	 x15:0x80009fc4 x19:0x00000056 x21=0x00000001
        8595000	       858	80004290	01be3b33	sltu	x22,x28,x27	 x28:0x00000000 x27:0x80009a04 x22=0x00000001
        8605000	       859	80004294	415e0733	sub	x14,x28,x21	 x28:0x00000000 x21:0x00000001 x14=0xffffffff
        8615000	       860	80004298	dd08bf93	sltiu	x31,x17,-560	 x17:0x00004647 x31=0x00000001
        8625000	       861	8000429c	29c224b7	lui	x9,0x29c22	  x9=0x29c22000
        8635000	       862	800042a0	ff080c03	lb	x24,-16(x16)	 x16:0x80008e67 x24=0x0000003c PA:0x80008e57
        8645000	       863	800042a4	00004117	auipc	x2,0x4	  x2=0x800082a0
        8655000	       864	800042a8	2ff10113	addi	x2,x2,767	  x2:0x800082a0  x2=0x8000859f
        8665000	       865	800042ac	ec210b83	lb	x23,-318(x2)	  x2:0x8000859f x23=0x0000001a PA:0x80008461
        8675000	       866	800042b0	deb10523	sb	x11,-534(x2)	  x2:0x8000859f x11:0x00000014 PA:0x80008389
        8685000	       867	800042b4	f0914983	lbu	x19,-247(x2)	  x2:0x8000859f x19=0x00000063 PA:0x800084a8
        8695000	       868	800042b8	dce14603	lbu	x12,-562(x2)	  x2:0x8000859f x12=0x00000026 PA:0x8000836d
        8705000	       869	800042bc	bd014b83	lbu	x23,-1072(x2)	  x2:0x8000859f x23=0x00000024 PA:0x8000816f
        8715000	       870	800042c0	26e12aa3	sw	x14,629(x2)	  x2:0x8000859f x14:0xffffffff PA:0x80008814
        8725000	       871	800042c4	b5d14e83	lbu	x29,-1187(x2)	  x2:0x8000859f x29=0x000000b7 PA:0x800080fc
        8735000	       872	800042c8	9d2e7bb7	lui	x23,0x9d2e7	 x23=0x9d2e7000
        8745000	       873	800042cc	b7d11a03	lh	x20,-1155(x2)	  x2:0x8000859f x20=0xffffd6d7 PA:0x8000811c
        8755000	       874	800042d0	1a810e03	lb	x28,424(x2)	  x2:0x8000859f x28=0xfffffffc PA:0x80008747
        8765000	       875	800042d4	ffb10ea3	sb	x27,-3(x2)	  x2:0x8000859f x27:0x80009a04 PA:0x8000859c
        8775000	       876	800042d8	0a6124a3	sw	x6,169(x2)	  x2:0x8000859f  x6:0x001c0000 PA:0x80008648
        8785000	       877	800042dc	40300a33	sub	x20,x0,x3	  x0:0x00000000  x3:0x838281b5 x20=0x7c7d7e4b
        8795000	       878	800042e0	3c335597	auipc	x11,0x3c335	 x11=0xbc3392dc
        8805000	       879	800042e4	e9f102a3	sb	x31,-379(x2)	  x2:0x8000859f x31:0x00000001 PA:0x80008424
        8815000	       880	800042e8	40895913	srai	x18,x18,0x8	 x18:0x00000000 x18=0x00000000
        8825000	       881	800042ec	f5010703	lb	x14,-176(x2)	  x2:0x8000859f x14=0xffffffa4 PA:0x800084ef
        8835000	       882	800042f0	0a014903	lbu	x18,160(x2)	  x2:0x8000859f x18=0x000000f4 PA:0x8000863f
        8845000	       883	800042f4	b217fd13	andi	x26,x15,-1247	 x15:0x80009fc4 x26=0x80009b00
        8855000	       884	800042f8	d1014503	lbu	x10,-752(x2)	  x2:0x8000859f x10=0x00000064 PA:0x800082af
        8865000	       885	800042fc	dd7b8913	addi	x18,x23,-553	 x23:0x9d2e7000 x18=0x9d2e6dd7
        8875000	       886	80004300	70377337	lui	x6,0x70377	  x6=0x70377000
        8885000	       887	80004304	00da2eb3	slt	x29,x20,x13	 x20:0x7c7d7e4b x13:0x80000000 x29=0x00000000
        8895000	       888	80004308	43262993	slti	x19,x12,1074	 x12:0x00000026 x19=0x00000001
        8905000	       889	8000430c	fd310923	sb	x19,-46(x2)	  x2:0x8000859f x19:0x00000001 PA:0x80008571
        8915000	       890	80004310	cbe10403	lb	x8,-834(x2)	  x2:0x8000859f  x8=0x00000016 PA:0x8000825d
        8925000	       891	80004314	00cffd33	and	x26,x31,x12	 x31:0x00000001 x12:0x00000026 x26=0x00000000
        8935000	       892	80004318	23114603	lbu	x12,561(x2)	  x2:0x8000859f x12=0x0000008b PA:0x800087d0
        8945000	       893	8000431c	012b1f93	slli	x31,x22,0x12	 x22:0x00000001 x31=0x00040000
        8955000	       894	80004320	01502933	slt	x18,x0,x21	  x0:0x00000000 x21:0x00000001 x18=0x00000001
        8965000	       895	80004324	cf414b83	lbu	x23,-780(x2)	  x2:0x8000859f x23=0x00000048 PA:0x80008293
        8975000	       896	80004328	3f82f613	andi	x12,x5,1016	  x5:0x8000960c x12=0x00000208
        8985000	       897	8000432c	1ba10203	lb	x4,442(x2)	  x2:0x8000859f  x4=0x00000012 PA:0x80008759
        8995000	       898	80004330	a3a2e313	ori	x6,x5,-1478	  x5:0x8000960c  x6=0xfffffe3e
        9005000	       899	80004334	006d0233	add	x4,x26,x6	 x26:0x00000000  x6:0xfffffe3e  x4=0xfffffe3e
        9015000	       900	80004338	1c210d83	lb	x27,450(x2)	  x2:0x8000859f x27=0x0000001a PA:0x80008761
        9025000	       901	8000433c	0194d733	srl	x14,x9,x25	  x9:0x29c22000 x25:0x00000797 x14=0x00000053
        9035000	       902	80004340	d1310f23	sb	x19,-738(x2)	  x2:0x8000859f x19:0x00000001 PA:0x800082bd
        9045000	       903	80004344	d3414403	lbu	x8,-716(x2)	  x2:0x8000859f  x8=0x00000088 PA:0x800082d3
        9055000	       904	80004348	0008ed33	or	x26,x17,x0	 x17:0x00004647  x0:0x00000000 x26=0x00004647
        9065000	       905	8000434c	d3510023	sb	x21,-736(x2)	  x2:0x8000859f x21:0x00000001 PA:0x800082bf
        9075000	       906	80004350	c7210403	lb	x8,-910(x2)	  x2:0x8000859f  x8=0xffffffca PA:0x80008211
        9085000	       907	80004354	004940b3	xor	x1,x18,x4	 x18:0x00000001  x4:0xfffffe3e  x1=0xfffffe3f
        9095000	       908	80004358	05010d03	lb	x26,80(x2)	  x2:0x8000859f x26=0xffffffa4 PA:0x800085ef
        9105000	       909	8000435c	d1311a83	lh	x21,-749(x2)	  x2:0x8000859f x21=0x00006869 PA:0x800082b2
        9115000	       910	80004360	00462bb3	slt	x23,x12,x4	 x12:0x00000208  x4:0xfffffe3e x23=0x00000000
        9125000	       911	80004364	f3b106a3	sb	x27,-211(x2)	  x2:0x8000859f x27:0x0000001a PA:0x800084cc
        9135000	       912	80004368	04310523	sb	x3,74(x2)	  x2:0x8000859f  x3:0x838281b5 PA:0x800085e9
        9145000	       913	8000436c	00005117	auipc	x2,0x5	  x2=0x80009368
        9155000	       914	80004370	b5010113	addi	x2,x2,-1200	  x2:0x80009368  x2=0x80008eb8
        9165000	       915	80004374	01551513	slli	x10,x10,0x15	 x10:0x00000064 x10=0x0c800000
        9175000	       916	80004378	ac611323	sh	x6,-1338(x2)	  x2:0x80008eb8  x6:0xfffffe3e PA:0x8000897e
        9185000	       917	8000437c	013a08b3	add	x17,x20,x19	 x20:0x7c7d7e4b x19:0x00000001 x17=0x7c7d7e4c
        9195000	       918	80004380	cdf93a93	sltiu	x21,x18,-801	 x18:0x00000001 x21=0x00000001
        9205000	       919	80004384	06510ba3	sb	x5,119(x2)	  x2:0x80008eb8  x5:0x8000960c PA:0x80008f2f
        9215000	       920	80004388	006b1533	sll	x10,x22,x6	 x22:0x00000001  x6:0xfffffe3e x10=0x40000000
        9225000	       921	8000438c	00f51d33	sll	x26,x10,x15	 x10:0x40000000 x15:0x80009fc4 x26=0x00000000
        9235000	       922	80004390	cbf10483	lb	x9,-833(x2)	  x2:0x80008eb8  x9=0x0000005c PA:0x80008b77
        9245000	       923	80004394	06b14303	lbu	x6,107(x2)	  x2:0x80008eb8  x6=0x00000008 PA:0x80008f23
        9255000	       924	00000000	00000013	addi	x0,x0,0	  x0:0x00000000
        9265000	       925	80004398	40620833	sub	x16,x4,x6	  x4:0xfffffe3e  x6:0x00000008 x16=0xfffffe36
        9275000	       926	8000439c	d2610a03	lb	x20,-730(x2)	  x2:0x80008eb8 x20=0xffffffc5 PA:0x80008bde
        9285000	       927	800043a0	2b01bb13	sltiu	x22,x3,688	  x3:0x838281b5 x22=0x00000000
        9295000	       928	800043a4	00b7c633	xor	x12,x15,x11	 x15:0x80009fc4 x11:0xbc3392dc x12=0x3c330d18
        9305000	       929	800043a8	5a5a7e93	andi	x29,x20,1445	 x20:0xffffffc5 x29=0x00000585
        9315000	       930	800043ac	01a28733	add	x14,x5,x26	  x5:0x8000960c x26:0x00000000 x14=0x8000960c
        9325000	       931	800043b0	c73102a3	sb	x19,-923(x2)	  x2:0x80008eb8 x19:0x00000001 PA:0x80008b1d
        9335000	       932	800043b4	97f12623	sw	x31,-1684(x2)	  x2:0x80008eb8 x31:0x00040000 PA:0x80008824
        9345000	       933	800043b8	00000013	addi	x0,x0,0	  x0:0x00000000
        9355000	       934	800043bc	02811223	sh	x8,36(x2)	  x2:0x80008eb8  x8:0xffffffca PA:0x80008edc
        9365000	       935	800043c0	0b011c83	lh	x25,176(x2)	  x2:0x80008eb8 x25=0x00005253 PA:0x80008f68
        9375000	       936	800043c4	0b0e0193	addi	x3,x28,176	 x28:0xfffffffc  x3=0x000000ac
        9385000	       937	800043c8	40175cb3	sra	x25,x14,x1	 x14:0x8000960c  x1:0xfffffe3f x25=0xffffffff
        9395000	       938	800043cc	e0c10a83	lb	x21,-500(x2)	  x2:0x80008eb8 x21=0xffffffaf PA:0x80008cc4
        9405000	       939	800043d0	b36103a3	sb	x22,-1241(x2)	  x2:0x80008eb8 x22:0x00000000 PA:0x800089df
        9415000	       940	800043d4	06f10fa3	sb	x15,127(x2)	  x2:0x80008eb8 x15:0x80009fc4 PA:0x80008f37
        9425000	       941	800043d8	e4710c83	lb	x25,-441(x2)	  x2:0x80008eb8 x25=0xffffffe4 PA:0x80008cff
        9435000	       942	800043dc	32d12f13	slti	x30,x2,813	  x2:0x80008eb8 x30=0x00000001
        9445000	       943	800043e0	b8114603	lbu	x12,-1151(x2)	  x2:0x80008eb8 x12=0x00000022 PA:0x80008a39
        9455000	       944	800043e4	dd510603	lb	x12,-555(x2)	  x2:0x80008eb8 x12=0x00000076 PA:0x80008c8d
        9465000	       945	800043e8	00005617	auipc	x12,0x5	 x12=0x800093e4
        9475000	       946	800043ec	84560613	addi	x12,x12,-1979	 x12:0x800093e4 x12=0x80008c29
        9485000	       947	800043f0	00a60923	sb	x10,18(x12)	 x12:0x80008c29 x10:0x40000000 PA:0x80008c3b
        9495000	       948	800043f4	00000013	addi	x0,x0,0	  x0:0x00000000
        9505000	       949	800043f8	66070413	addi	x8,x14,1632	 x14:0x8000960c  x8=0x80009c6c
        9515000	       950	800043fc	01460303	lb	x6,20(x12)	 x12:0x80008c29  x6=0x00000026 PA:0x80008c3d
        9525000	       951	80004400	02764c03	lbu	x24,39(x12)	 x12:0x80008c29 x24=0x0000003b PA:0x80008c50
        9535000	       952	80004404	01bbfd33	and	x26,x23,x27	 x23:0x00000000 x27:0x0000001a x26=0x00000000
        9545000	       953	80004408	fdf62a03	lw	x20,-33(x12)	 x12:0x80008c29 x20=0xf0f1f2f3 PA:0x80008c08
        9555000	       954	8000440c	03b62083	lw	x1,59(x12)	 x12:0x80008c29  x1=0x4c4d4e4f PA:0x80008c64
        9565000	       955	80004410	01645033	srl	x0,x8,x22	  x8:0x80009c6c x22:0x00000000
        9575000	       956	80004414	03264103	lbu	x2,50(x12)	 x12:0x80008c29  x2=0x00000040 PA:0x80008c5b
        9585000	       957	80004418	1a363b93	sltiu	x23,x12,419	 x12:0x80008c29 x23=0x00000000
        9595000	       958	8000441c	003f5c93	srli	x25,x30,0x3	 x30:0x00000001 x25=0x00000000
        9605000	       959	80004420	00aa14b3	sll	x9,x20,x10	 x20:0xf0f1f2f3 x10:0x40000000  x9=0xf0f1f2f3
        9615000	       960	80004424	01c60d83	lb	x27,28(x12)	 x12:0x80008c29 x27=0x0000002e PA:0x80008c45
        9625000	       961	80004428	da56a817	auipc	x16,0xda56a	 x16=0x5a56e424
        9635000	       962	8000442c	00b64803	lbu	x16,11(x12)	 x12:0x80008c29 x16=0x0000001f PA:0x80008c34
        9645000	       963	80004430	01e60623	sb	x30,12(x12)	 x12:0x80008c29 x30:0x00000001 PA:0x80008c35
        9655000	       964	80004434	7a09ff13	andi	x30,x19,1952	 x19:0x00000001 x30=0x00000000
        9665000	       965	80004438	00078c33	add	x24,x15,x0	 x15:0x80009fc4  x0:0x00000000 x24=0x80009fc4
        9675000	       966	8000443c	0081a333	slt	x6,x3,x8	  x3:0x000000ac  x8:0x80009c6c  x6=0x00000000
        9685000	       967	80004440	00464a03	lbu	x20,4(x12)	 x12:0x80008c29 x20=0x00000016 PA:0x80008c2d
        9695000	       968	80004444	3f3b6d13	ori	x26,x22,1011	 x22:0x00000000 x26=0x000003f3
        9705000	       969	80004448	fe860a83	lb	x21,-24(x12)	 x12:0x80008c29 x21=0xfffffffa PA:0x80008c11
        9715000	       970	8000444c	02762e83	lw	x29,39(x12)	 x12:0x80008c29 x29=0x38393a3b PA:0x80008c50
        9725000	       971	80004450	01181a93	slli	x21,x16,0x11	 x16:0x0000001f x21=0x003e0000
        9735000	       972	80004454	f3f1ac93	slti	x25,x3,-193	  x3:0x000000ac x25=0x00000000
        9745000	       973	80004458	ffd65883	lhu	x17,-3(x12)	 x12:0x80008c29 x17=0x00000c0d PA:0x80008c26
        9755000	       974	8000445c	40b10ab3	sub	x21,x2,x11	  x2:0x00000040 x11:0xbc3392dc x21=0x43cc6d64
        9765000	       975	80004460	ff6609a3	sb	x22,-13(x12)	 x12:0x80008c29 x22:0x00000000 PA:0x80008c1c
        9775000	       976	80004464	019395b3	sll	x11,x7,x25	  x7:0x80009f5c x25:0x00000000 x11=0x80009f5c
        9785000	       977	80004468	77aa3713	sltiu	x14,x20,1914	 x20:0x00000016 x14=0x00000001
        9795000	       978	8000446c	561fcc97	auipc	x25,0x561fc	 x25=0xd6200468
        9805000	       979	80004470	01e399b3	sll	x19,x7,x30	  x7:0x80009f5c x30:0x00000000 x19=0x80009f5c
        9815000	       980	80004474	dc23b937	lui	x18,0xdc23b	 x18=0xdc23b000
        9825000	       981	80004478	5d038513	addi	x10,x7,1488	  x7:0x80009f5c x10=0x8000a52c
        9835000	       982	8000447c	fca60583	lb	x11,-54(x12)	 x12:0x80008c29 x11=0xffffffd8 PA:0x80008bf3
        9845000	       983	80004480	206e0d37	lui	x26,0x206e0	 x26=0x206e0000
        9855000	       984	80004484	001cf233	and	x4,x25,x1	 x25:0xd6200468  x1:0x4c4d4e4f  x4=0x44000448
        9865000	       985	80004488	fb568e93	addi	x29,x13,-75	 x13:0x80000000 x29=0x7fffffb5
        9875000	       986	8000448c	967f7c13	andi	x24,x30,-1689	 x30:0x00000000 x24=0x00000000
        9885000	       987	80004490	fd360283	lb	x5,-45(x12)	 x12:0x80008c29  x5=0xffffffe7 PA:0x80008bfc
        9895000	       988	80004494	01535493	srli	x9,x6,0x15	  x6:0x00000000  x9=0x00000000
        9905000	       989	80004498	40a85313	srai	x6,x16,0xa	 x16:0x0000001f  x6=0x00000000
        9915000	       990	8000449c	41c95c33	sra	x24,x18,x28	 x18:0xdc23b000 x28:0xfffffffc x24=0xfffffffd
        9925000	       991	800044a0	fe260823	sb	x2,-16(x12)	 x12:0x80008c29  x2:0x00000040 PA:0x80008c19
        9935000	       992	800044a4	00004597	auipc	x11,0x4	 x11=0x800084a0
        9945000	       993	800044a8	5e558593	addi	x11,x11,1509	 x11:0x800084a0 x11=0x80008a85
        9955000	       994	800044ac	41d20d33	sub	x26,x4,x29	  x4:0x44000448 x29:0x7fffffb5 x26=0xc4000493
        9965000	       995	800044b0	011592a3	sh	x17,5(x11)	 x11:0x80008a85 x17:0x00000c0d PA:0x80008a8a
        9975000	       996	800044b4	2db912b7	lui	x5,0x2db91	  x5=0x2db91000
        9985000	       997	800044b8	0055d883	lhu	x17,5(x11)	 x11:0x80008a85 x17=0x00000c0d PA:0x80008a8a
        9995000	       998	800044bc	a32f8c93	addi	x25,x31,-1486	 x31:0x00040000 x25=0x0003fa32
       10005000	       999	800044c0	1bddf893	andi	x17,x27,445	 x27:0x0000002e x17=0x0000002c
       10015000	      1000	800044c4	ffd5d703	lhu	x14,-3(x11)	 x11:0x80008a85 x14=0x00006869 PA:0x80008a82
       10025000	      1001	800044c8	061cee93	ori	x29,x25,97	 x25:0x0003fa32 x29=0x0003fa73
       10035000	      1002	800044cc	fef59aa3	sh	x15,-11(x11)	 x11:0x80008a85 x15:0x80009fc4 PA:0x80008a7a
       10045000	      1003	800044d0	00058883	lb	x17,0(x11)	 x11:0x80008a85 x17=0x0000006e PA:0x80008a85
       10055000	      1004	800044d4	00b5d603	lhu	x12,11(x11)	 x11:0x80008a85 x12=0x00007a7b PA:0x80008a90
       10065000	      1005	800044d8	feb58c23	sb	x11,-8(x11)	 x11:0x80008a85 x11:0x80008a85 PA:0x80008a7d
       10075000	      1006	800044dc	01841893	slli	x17,x8,0x18	  x8:0x80009c6c x17=0x6c000000
       10085000	      1007	800044e0	00000013	addi	x0,x0,0	  x0:0x00000000
       10095000	      1008	800044e4	410f5c33	sra	x24,x30,x16	 x30:0x00000000 x16:0x0000001f x24=0x00000000
       10105000	      1009	800044e8	ef4eb613	sltiu	x12,x29,-268	 x29:0x0003fa73 x12=0x00000001
       10115000	      1010	800044ec	015d5f93	srli	x31,x26,0x15	 x26:0xc4000493 x31=0x00000620
       10125000	      1011	800044f0	41c9da33	sra	x20,x19,x28	 x19:0x80009f5c x28:0xfffffffc x20=0xfffffff8
       10135000	      1012	800044f4	fe658f23	sb	x6,-2(x11)	 x11:0x80008a85  x6:0x00000000 PA:0x80008a83
       10145000	      1013	800044f8	61937e13	andi	x28,x6,1561	  x6:0x00000000 x28=0x00000000
       10155000	      1014	800044fc	ff258b83	lb	x23,-14(x11)	 x11:0x80008a85 x23=0x0000005c PA:0x80008a77
       10165000	      1015	80004500	ff459ea3	sh	x20,-3(x11)	 x11:0x80008a85 x20:0xfffffff8 PA:0x80008a82
       10175000	      1016	80004504	00558b83	lb	x23,5(x11)	 x11:0x80008a85 x23=0x0000000d PA:0x80008a8a
       10185000	      1017	80004508	00b07133	and	x2,x0,x11	  x0:0x00000000 x11:0x80008a85  x2=0x00000000
       10195000	      1018	8000450c	0005c283	lbu	x5,0(x11)	 x11:0x80008a85  x5=0x0000006e PA:0x80008a85
       10205000	      1019	80004510	00a5c283	lbu	x5,10(x11)	 x11:0x80008a85  x5=0x00000074 PA:0x80008a8f
       10215000	      1020	80004514	00004117	auipc	x2,0x4	  x2=0x80008510
       10225000	      1021	80004518	6d010113	addi	x2,x2,1744	  x2:0x80008510  x2=0x80008be0
       10235000	      1022	8000451c	410fdcb3	sra	x25,x31,x16	 x31:0x00000620 x16:0x0000001f x25=0x00000000
       10245000	      1023	80004520	36138313	addi	x6,x7,865	  x7:0x80009f5c  x6=0x8000a2bd
       10255000	      1024	80004524	015329b3	slt	x19,x6,x21	  x6:0x8000a2bd x21:0x43cc6d64 x19=0x00000001
       10265000	      1025	80004528	01d11223	sh	x29,4(x2)	  x2:0x80008be0 x29:0x0003fa73 PA:0x80008be4
       10275000	      1026	8000452c	00211c03	lh	x24,2(x2)	  x2:0x80008be0 x24=0xffffc8c9 PA:0x80008be2
       10285000	      1027	80004530	00b95033	srl	x0,x18,x11	 x18:0xdc23b000 x11:0x80008a85
       10295000	      1028	80004534	00f0d913	srli	x18,x1,0xf	  x1:0x4c4d4e4f x18=0x0000989a
       10305000	      1029	80004538	00215003	lhu	x0,2(x2)	  x2:0x80008be0 PA:0x80008be2
       10315000	      1030	8000453c	01511023	sh	x21,0(x2)	  x2:0x80008be0 x21:0x43cc6d64 PA:0x80008be0
       10325000	      1031	80004540	ffb10e03	lb	x28,-5(x2)	  x2:0x80008be0 x28=0xffffffc0 PA:0x80008bdb
       10335000	      1032	80004544	ff78cf13	xori	x30,x17,-9	 x17:0x6c000000 x30=0x93fffff7
       10345000	      1033	80004548	8e3ebd13	sltiu	x26,x29,-1821	 x29:0x0003fa73 x26=0x00000001
       10355000	      1034	8000454c	00a14703	lbu	x14,10(x2)	  x2:0x80008be0 x14=0x000000d1 PA:0x80008bea
       10365000	      1035	80004550	fe310923	sb	x3,-14(x2)	  x2:0x80008be0  x3:0x000000ac PA:0x80008bd2
       10375000	      1036	80004554	00011b83	lh	x23,0(x2)	  x2:0x80008be0 x23=0x00006d64 PA:0x80008be0
       10385000	      1037	80004558	ff215e03	lhu	x28,-14(x2)	  x2:0x80008be0 x28=0x0000b8ac PA:0x80008bd2
       10395000	      1038	00000000	00000013	addi	x0,x0,0	  x0:0x00000000
       10405000	      1039	8000455c	a62e6b97	auipc	x23,0xa62e6	 x23=0x262ea558
       10415000	      1040	80004560	ffd14603	lbu	x12,-3(x2)	  x2:0x80008be0 x12=0x000000c6 PA:0x80008bdd
       10425000	      1041	80004564	014107a3	sb	x20,15(x2)	  x2:0x80008be0 x20:0xfffffff8 PA:0x80008bef
       10435000	      1042	80004568	00812f03	lw	x30,8(x2)	  x2:0x80008be0 x30=0xd0d1d2d3 PA:0x80008be8
       10445000	      1043	8000456c	00811a03	lh	x20,8(x2)	  x2:0x80008be0 x20=0xffffd2d3 PA:0x80008be8
       10455000	      1044	80004570	00415603	lhu	x12,4(x2)	  x2:0x80008be0 x12=0x0000fa73 PA:0x80008be4
       10465000	      1045	80004574	01015283	lhu	x5,16(x2)	  x2:0x80008be0  x5=0x0000dadb PA:0x80008bf0
       10475000	      1046	80004578	00659b93	slli	x23,x11,0x6	 x11:0x80008a85 x23=0x0022a140
       10485000	      1047	8000457c	ff211a23	sh	x18,-12(x2)	  x2:0x80008be0 x18:0x0000989a PA:0x80008bd4
       10495000	      1048	80004580	05db3e13	sltiu	x28,x22,93	 x22:0x00000000 x28=0x00000001
       10505000	      1049	80004584	ffa12a23	sw	x26,-12(x2)	  x2:0x80008be0 x26:0x00000001 PA:0x80008bd4
       10515000	      1050	80004588	3059ff93	andi	x31,x19,773	 x19:0x00000001 x31=0x00000001
       10525000	      1051	8000458c	00812d83	lw	x27,8(x2)	  x2:0x80008be0 x27=0xd0d1d2d3 PA:0x80008be8
       10535000	      1052	80004590	a07e0213	addi	x4,x28,-1529	 x28:0x00000001  x4=0xfffffa08
       10545000	      1053	80004594	dcbd2d13	slti	x26,x26,-565	 x26:0x00000001 x26=0x00000000
       10555000	      1054	80004598	00a14b03	lbu	x22,10(x2)	  x2:0x80008be0 x22=0x000000d1 PA:0x80008bea
       10565000	      1055	8000459c	83aa2217	auipc	x4,0x83aa2	  x4=0x03aa6598
       10575000	      1056	800045a0	016ca8b3	slt	x17,x25,x22	 x25:0x00000000 x22:0x000000d1 x17=0x00000001
       10585000	      1057	800045a4	ff611823	sh	x22,-16(x2)	  x2:0x80008be0 x22:0x000000d1 PA:0x80008bd0
       10595000	      1058	800045a8	40c58f33	sub	x30,x11,x12	 x11:0x80008a85 x12:0x0000fa73 x30=0x7fff9012
       10605000	      1059	800045ac	01969913	slli	x18,x13,0x19	 x13:0x80000000 x18=0x00000000
       10615000	      1060	800045b0	00e14803	lbu	x16,14(x2)	  x2:0x80008be0 x16=0x000000d5 PA:0x80008bee
       10625000	      1061	800045b4	00a101a3	sb	x10,3(x2)	  x2:0x80008be0 x10:0x8000a52c PA:0x80008be3
       10635000	      1062	800045b8	00e10b83	lb	x23,14(x2)	  x2:0x80008be0 x23=0xffffffd5 PA:0x80008bee
       10645000	      1063	800045bc	00d14483	lbu	x9,13(x2)	  x2:0x80008be0  x9=0x000000d6 PA:0x80008bed
       10655000	      1064	800045c0	ff314183	lbu	x3,-13(x2)	  x2:0x80008be0  x3=0x000000b8 PA:0x80008bd3
       10665000	      1065	800045c4	c3cd0293	addi	x5,x26,-964	 x26:0x00000000  x5=0xfffffc3c
       10675000	      1066	800045c8	01f10323	sb	x31,6(x2)	  x2:0x80008be0 x31:0x00000001 PA:0x80008be6
       10685000	      1067	800045cc	fdd481b7	lui	x3,0xfdd48	  x3=0xfdd48000
       10695000	      1068	800045d0	00645633	srl	x12,x8,x6	  x8:0x80009c6c  x6:0x8000a2bd x12=0x00000004
       10705000	      1069	800045d4	01faa233	slt	x4,x21,x31	 x21:0x43cc6d64 x31:0x00000001  x4=0x00000000
       10715000	      1070	800045d8	fe7109a3	sb	x7,-13(x2)	  x2:0x80008be0  x7:0x80009f5c PA:0x80008bd3
       10725000	      1071	800045dc	41145093	srai	x1,x8,0x11	  x8:0x80009c6c  x1=0xffffc000
       10735000	      1072	800045e0	0071ab33	slt	x22,x3,x7	  x3:0xfdd48000  x7:0x80009f5c x22=0x00000000
       10745000	      1073	800045e4	ffd14303	lbu	x6,-3(x2)	  x2:0x80008be0  x6=0x000000c6 PA:0x80008bdd
       10755000	      1074	800045e8	00f14e83	lbu	x29,15(x2)	  x2:0x80008be0 x29=0x000000f8 PA:0x80008bef
       10765000	      1075	00000000	00000013	addi	x0,x0,0	  x0:0x00000000
       10775000	      1076	800045ec	31ce8613	addi	x12,x29,796	 x29:0x000000f8 x12=0x00000414
       10785000	      1077	800045f0	41a45233	sra	x4,x8,x26	  x8:0x80009c6c x26:0x00000000  x4=0x80009c6c
       10795000	      1078	800045f4	0032beb3	sltu	x29,x5,x3	  x5:0xfffffc3c  x3:0xfdd48000 x29=0x00000000
       10805000	      1079	800045f8	00f14083	lbu	x1,15(x2)	  x2:0x80008be0  x1=0x000000f8 PA:0x80008bef
       10815000	      1080	800045fc	00004417	auipc	x8,0x4	  x8=0x800085f8
       10825000	      1081	80004600	5f740413	addi	x8,x8,1527	  x8:0x800085f8  x8=0x80008bef
       10835000	      1082	80004604	2e7415a3	sh	x7,747(x8)	  x8:0x80008bef  x7:0x80009f5c PA:0x80008eda
       10845000	      1083	80004608	084cd497	auipc	x9,0x84cd	  x9=0x884d1604
       10855000	      1084	8000460c	00000013	addi	x0,x0,0	  x0:0x00000000
       10865000	      1085	80004610	06640d83	lb	x27,102(x8)	  x8:0x80008bef x27=0x0000003e PA:0x80008c55
       10875000	      1086	80004614	2fc44583	lbu	x11,764(x8)	  x8:0x80008bef x11=0x000000d0 PA:0x80008eeb
       10885000	      1087	80004618	b50e2813	slti	x16,x28,-1200	 x28:0x00000001 x16=0x00000000
       10895000	      1088	8000461c	0087c033	xor	x0,x15,x8	 x15:0x80009fc4  x8:0x80008bef
       10905000	      1089	80004620	01152f33	slt	x30,x10,x17	 x10:0x8000a52c x17:0x00000001 x30=0x00000001
       10915000	      1090	80004624	1b444703	lbu	x14,436(x8)	  x8:0x80008bef x14=0x00000088 PA:0x80008da3
       10925000	      1091	80004628	e3f40a23	sb	x31,-460(x8)	  x8:0x80008bef x31:0x00000001 PA:0x80008a23
       10935000	      1092	8000462c	ea940183	lb	x3,-343(x8)	  x8:0x80008bef  x3=0xffffff83 PA:0x80008a98
       10945000	      1093	80004630	da540823	sb	x5,-592(x8)	  x8:0x80008bef  x5:0xfffffc3c PA:0x8000899f
       10955000	      1094	80004634	41070cb3	sub	x25,x14,x16	 x14:0x00000088 x16:0x00000000 x25=0x00000088
       10965000	      1095	80004638	cb48fa13	andi	x20,x17,-844	 x17:0x00000001 x20=0x00000000
       10975000	      1096	8000463c	28145f03	lhu	x30,641(x8)	  x8:0x80008bef x30=0x00005a5b PA:0x80008e70
       10985000	      1097	80004640	00913fb3	sltu	x31,x2,x9	  x2:0x80008be0  x9:0x884d1604 x31=0x00000001
       10995000	      1098	80004644	11440983	lb	x19,276(x8)	  x8:0x80008bef x19=0xffffffe8 PA:0x80008d03
       11005000	      1099	80004648	fd444483	lbu	x9,-44(x8)	  x8:0x80008bef  x9=0x000000a8 PA:0x80008bc3
       11015000	      1100	8000464c	5db64913	xori	x18,x12,1499	 x12:0x00000414 x18=0x000001cf
       11025000	      1101	80004650	05542483	lw	x9,85(x8)	  x8:0x80008bef  x9=0x2c2d2e2f PA:0x80008c44
       11035000	      1102	80004654	41a20fb3	sub	x31,x4,x26	  x4:0x80009c6c x26:0x00000000 x31=0x80009c6c
       11045000	      1103	80004658	a4203c93	sltiu	x25,x0,-1470	  x0:0x00000000 x25=0x00000001
       11055000	      1104	8000465c	d7144483	lbu	x9,-655(x8)	  x8:0x80008bef  x9=0x0000004b PA:0x80008960
       11065000	      1105	80004660	0c740823	sb	x7,208(x8)	  x8:0x80008bef  x7:0x80009f5c PA:0x80008cbf
       11075000	      1106	80004664	312a7f93	andi	x31,x20,786	 x20:0x00000000 x31=0x00000000
       11085000	      1107	80004668	15140803	lb	x16,337(x8)	  x8:0x80008bef x16=0x0000002b PA:0x80008d40
       11095000	      1108	8000466c	bea08a13	addi	x20,x1,-1046	  x1:0x000000f8 x20=0xfffffce2
       11105000	      1109	80004670	bcfffb93	andi	x23,x31,-1073	 x31:0x00000000 x23=0x00000000
       11115000	      1110	80004674	33640e23	sb	x22,828(x8)	  x8:0x80008bef x22:0x00000000 PA:0x80008f2b
       11125000	      1111	80004678	e4840ba3	sb	x8,-425(x8)	  x8:0x80008bef  x8:0x80008bef PA:0x80008a46
       11135000	      1112	8000467c	3b638cb7	lui	x25,0x3b638	 x25=0x3b638000
       11145000	      1113	80004680	4032d5b3	sra	x11,x5,x3	  x5:0xfffffc3c  x3:0xffffff83 x11=0xffffff87
       11155000	      1114	80004684	ecb45e03	lhu	x28,-309(x8)	  x8:0x80008bef x28=0x0000a0a1 PA:0x80008aba
       11165000	      1115	80004688	004b9613	slli	x12,x23,0x4	 x23:0x00000000 x12=0x00000000
       11175000	      1116	8000468c	ed644803	lbu	x16,-298(x8)	  x8:0x80008bef x16=0x000000ae PA:0x80008ac5
       11185000	      1117	80004690	00004217	auipc	x4,0x4	  x4=0x8000868c
       11195000	      1118	80004694	5a320213	addi	x4,x4,1443	  x4:0x8000868c  x4=0x80008c2f
       11205000	      1119	80004698	ff720d23	sb	x23,-6(x4)	  x4:0x80008c2f x23:0x00000000 PA:0x80008c29
       11215000	      1120	8000469c	464bfb13	andi	x22,x23,1124	 x23:0x00000000 x22=0x00000000
       11225000	      1121	800046a0	02720483	lb	x9,39(x4)	  x4:0x80008c2f  x9=0x0000003d PA:0x80008c56
       11235000	      1122	800046a4	2eadf113	andi	x2,x27,746	 x27:0x0000003e  x2=0x0000002a
       11245000	      1123	800046a8	00000013	addi	x0,x0,0	  x0:0x00000000
       11255000	      1124	800046ac	029210a3	sh	x9,33(x4)	  x4:0x80008c2f  x9:0x0000003d PA:0x80008c50
       11265000	      1125	800046b0	f9477917	auipc	x18,0xf9477	 x18=0x7947b6ac
       11275000	      1126	800046b4	fc320f03	lb	x30,-61(x4)	  x4:0x80008c2f x30=0xffffffd9 PA:0x80008bf2
       11285000	      1127	800046b8	00759493	slli	x9,x11,0x7	 x11:0xffffff87  x9=0xffffc380
       11295000	      1128	800046bc	e19d5337	lui	x6,0xe19d5	  x6=0xe19d5000
       11305000	      1129	800046c0	fc621fa3	sh	x6,-33(x4)	  x4:0x80008c2f  x6:0xe19d5000 PA:0x80008c0e
       11315000	      1130	800046c4	00e862b3	or	x5,x16,x14	 x16:0x000000ae x14:0x00000088  x5=0x000000ae
       11325000	      1131	800046c8	01d203a3	sb	x29,7(x4)	  x4:0x80008c2f x29:0x00000000 PA:0x80008c36
       11335000	      1132	800046cc	01098933	add	x18,x19,x16	 x19:0xffffffe8 x16:0x000000ae x18=0x00000096
       11345000	      1133	800046d0	40ab5493	srai	x9,x22,0xa	 x22:0x00000000  x9=0x00000000
       11355000	      1134	800046d4	00bafd33	and	x26,x21,x11	 x21:0x43cc6d64 x11:0xffffff87 x26=0x43cc6d04
       11365000	      1135	800046d8	01120ca3	sb	x17,25(x4)	  x4:0x80008c2f x17:0x00000001 PA:0x80008c48
       11375000	      1136	800046dc	03925a83	lhu	x21,57(x4)	  x4:0x80008c2f x21=0x00005253 PA:0x80008c68
       11385000	      1137	800046e0	00e28a33	add	x20,x5,x14	  x5:0x000000ae x14:0x00000088 x20=0x00000136
       11395000	      1138	800046e4	00000013	addi	x0,x0,0	  x0:0x00000000
       11405000	      1139	800046e8	69152993	slti	x19,x10,1681	 x10:0x8000a52c x19=0x00000001
       11415000	      1140	800046ec	01687733	and	x14,x16,x22	 x16:0x000000ae x22:0x00000000 x14=0x00000000
       11425000	      1141	800046f0	000574b3	and	x9,x10,x0	 x10:0x8000a52c  x0:0x00000000  x9=0x00000000
       11435000	      1142	800046f4	fe824e83	lbu	x29,-24(x4)	  x4:0x80008c2f x29=0x000000fc PA:0x80008c17
       11445000	      1143	800046f8	ff720ba3	sb	x23,-9(x4)	  x4:0x80008c2f x23:0x00000000 PA:0x80008c26
       11455000	      1144	800046fc	03424403	lbu	x8,52(x4)	  x4:0x80008c2f  x8=0x00000048 PA:0x80008c63
       11465000	      1145	80004700	fef20403	lb	x8,-17(x4)	  x4:0x80008c2f  x8=0x00000005 PA:0x80008c1e
       11475000	      1146	00000000	00000013	addi	x0,x0,0	  x0:0x00000000
       11485000	      1147	80004704	4cc42117	auipc	x2,0x4cc42	  x2=0xccc46700
       11495000	      1148	80004708	00e20503	lb	x10,14(x4)	  x4:0x80008c2f x10=0x00000026 PA:0x80008c3d
       11505000	      1149	8000470c	40dbd593	srai	x11,x23,0xd	 x23:0x00000000 x11=0x00000000
       11515000	      1150	80004710	0011af33	slt	x30,x3,x1	  x3:0xffffff83  x1:0x000000f8 x30=0x00000001
       11525000	      1151	80004714	ffc20583	lb	x11,-4(x4)	  x4:0x80008c2f x11=0x00000010 PA:0x80008c2b
       11535000	      1152	80004718	fea24a03	lbu	x20,-22(x4)	  x4:0x80008c2f x20=0x00000040 PA:0x80008c19
       11545000	      1153	00000000	00000013	addi	x0,x0,0	  x0:0x00000000
       11555000	      1154	8000471c	01420183	lb	x3,20(x4)	  x4:0x80008c2f  x3=0x00000028 PA:0x80008c43
       11565000	      1155	80004720	41f7d0b3	sra	x1,x15,x31	 x15:0x80009fc4 x31:0x00000000  x1=0x80009fc4
       11575000	      1156	80004724	00e38fb3	add	x31,x7,x14	  x7:0x80009f5c x14:0x00000000 x31=0x80009f5c
       11585000	      1157	80004728	40078cb3	sub	x25,x15,x0	 x15:0x80009fc4  x0:0x00000000 x25=0x80009fc4
       11595000	      1158	8000472c	0058a833	slt	x16,x17,x5	 x17:0x00000001  x5:0x000000ae x16=0x00000001
       11605000	      1159	80004730	02e20aa3	sb	x14,53(x4)	  x4:0x80008c2f x14:0x00000000 PA:0x80008c64
       11615000	      1160	80004734	01122603	lw	x12,17(x4)	  x4:0x80008c2f x12=0x28292a2b PA:0x80008c40
       11625000	      1161	80004738	fc820903	lb	x18,-56(x4)	  x4:0x80008c2f x18=0xffffffdc PA:0x80008bf7
       11635000	      1162	8000473c	fe324b03	lbu	x22,-29(x4)	  x4:0x80008c2f x22=0x000000f9 PA:0x80008c12
       11645000	      1163	80004740	00320c83	lb	x25,3(x4)	  x4:0x80008c2f x25=0x00000019 PA:0x80008c32
       11655000	      1164	80004744	00004c17	auipc	x24,0x4	 x24=0x80008740
       11665000	      1165	80004748	06cc0c13	addi	x24,x24,108	 x24:0x80008740 x24=0x800087ac
       11675000	      1166	8000474c	001c0903	lb	x18,1(x24)	 x24:0x800087ac x18=0x00000066 PA:0x800087ad
       11685000	      1167	80004750	006c1a83	lh	x21,6(x24)	 x24:0x800087ac x21=0x00006869 PA:0x800087b2
       11695000	      1168	80004754	41825fb3	sra	x31,x4,x24	  x4:0x80008c2f x24:0x800087ac x31=0xfff80008
       11705000	      1169	80004758	41c4d533	sra	x10,x9,x28	  x9:0x00000000 x28:0x0000a0a1 x10=0x00000000
       11715000	      1170	8000475c	0151cab3	xor	x21,x3,x21	  x3:0x00000028 x21:0x00006869 x21=0x00006841
       11725000	      1171	80004760	017c0303	lb	x6,23(x24)	 x24:0x800087ac  x6=0x00000078 PA:0x800087c3
       11735000	      1172	80004764	023c4e83	lbu	x29,35(x24)	 x24:0x800087ac x29=0x00000084 PA:0x800087cf
       11745000	      1173	80004768	a0762193	slti	x3,x12,-1529	 x12:0x28292a2b  x3=0x00000000
       11755000	      1174	8000476c	fdbc4d83	lbu	x27,-37(x24)	 x24:0x800087ac x27=0x0000003c PA:0x80008787
       11765000	      1175	00000000	00000013	addi	x0,x0,0	  x0:0x00000000
       11775000	      1176	80004770	406d8ab3	sub	x21,x27,x6	 x27:0x0000003c  x6:0x00000078 x21=0xffffffc4
       11785000	      1177	80004774	47050097	auipc	x1,0x47050	  x1=0xc7054770
       11795000	      1178	80004778	030c4883	lbu	x17,48(x24)	 x24:0x800087ac x17=0x00000097 PA:0x800087dc
       11805000	      1179	8000477c	00dc1223	sh	x13,4(x24)	 x24:0x800087ac x13:0x80000000 PA:0x800087b0
       11815000	      1180	80004780	01d67733	and	x14,x12,x29	 x12:0x28292a2b x29:0x00000084 x14=0x00000000
       11825000	      1181	80004784	00000013	addi	x0,x0,0	  x0:0x00000000
       11835000	      1182	80004788	fd7c1923	sh	x23,-46(x24)	 x24:0x800087ac x23:0x00000000 PA:0x8000877e
       11845000	      1183	8000478c	01a6fdb3	and	x27,x13,x26	 x13:0x80000000 x26:0x43cc6d04 x27=0x00000000
       11855000	      1184	80004790	fdfc4b03	lbu	x22,-33(x24)	 x24:0x800087ac x22=0x00000040 PA:0x8000878b
       11865000	      1185	80004794	febc0903	lb	x18,-21(x24)	 x24:0x800087ac x18=0x0000004c PA:0x80008797
       11875000	      1186	80004798	00065333	srl	x6,x12,x0	 x12:0x28292a2b  x0:0x00000000  x6=0x28292a2b
       11885000	      1187	8000479c	f8833d93	sltiu	x27,x6,-120	  x6:0x28292a2b x27=0x00000001
       11895000	      1188	800047a0	00271b33	sll	x22,x14,x2	 x14:0x00000000  x2:0xccc46700 x22=0x00000000
       11905000	      1189	800047a4	008c0b03	lb	x22,8(x24)	 x24:0x800087ac x22=0x0000006f PA:0x800087b4
       11915000	      1190	800047a8	00309493	slli	x9,x1,0x3	  x1:0xc7054770  x9=0x382a3b80
       11925000	      1191	800047ac	75b5fe93	andi	x29,x11,1883	 x11:0x00000010 x29=0x00000010
       11935000	      1192	800047b0	008edd33	srl	x26,x29,x8	 x29:0x00000010  x8:0x00000005 x26=0x00000000
       11945000	      1193	800047b4	00789b93	slli	x23,x17,0x7	 x17:0x00000097 x23=0x00004b80
       11955000	      1194	800047b8	ff9c4303	lbu	x6,-7(x24)	 x24:0x800087ac  x6=0x0000005e PA:0x800087a5
       11965000	      1195	800047bc	0174a933	slt	x18,x9,x23	  x9:0x382a3b80 x23:0x00004b80 x18=0x00000000
       11975000	      1196	800047c0	fe8c0083	lb	x1,-24(x24)	 x24:0x800087ac  x1=0x0000004f PA:0x80008794
       11985000	      1197	800047c4	003c4b03	lbu	x22,3(x24)	 x24:0x800087ac x22=0x00000064 PA:0x800087af
       11995000	      1198	800047c8	004c4e83	lbu	x29,4(x24)	 x24:0x800087ac x29=0x00000000 PA:0x800087b0
       12005000	      1199	00000000	00000013	addi	x0,x0,0	  x0:0x00000000
       12015000	      1200	800047cc	009e89b3	add	x19,x29,x9	 x29:0x00000000  x9:0x382a3b80 x19=0x382a3b80
       12025000	      1201	800047d0	fd2c0d23	sb	x18,-38(x24)	 x24:0x800087ac x18:0x00000000 PA:0x80008786
       12035000	      1202	800047d4	a7858d13	addi	x26,x11,-1416	 x11:0x00000010 x26=0xfffffa88
       12045000	      1203	800047d8	0122d8b3	srl	x17,x5,x18	  x5:0x000000ae x18:0x00000000 x17=0x000000ae
       12055000	      1204	800047dc	fecc1083	lh	x1,-20(x24)	 x24:0x800087ac  x1=0x00005253 PA:0x80008798
       12065000	      1205	800047e0	a6046813	ori	x16,x8,-1440	  x8:0x00000005 x16=0xfffffa65
       12075000	      1206	800047e4	fcfc0103	lb	x2,-49(x24)	 x24:0x800087ac  x2=0x00000030 PA:0x8000877b
       12085000	      1207	800047e8	41c280b3	sub	x1,x5,x28	  x5:0x000000ae x28:0x0000a0a1  x1=0xffff600d
       12095000	      1208	800047ec	008c0883	lb	x17,8(x24)	 x24:0x800087ac x17=0x0000006f PA:0x800087b4
       12105000	      1209	800047f0	017f1513	slli	x10,x30,0x17	 x30:0x00000001 x10=0x00800000
       12115000	      1210	800047f4	004f15b3	sll	x11,x30,x4	 x30:0x00000001  x4:0x80008c2f x11=0x00008000
       12125000	      1211	800047f8	058f0463	beq	x30,x24,80004840	 x30:0x00000001 x24:0x800087ac
       12135000	      1212	800047fc	006f5493	srli	x9,x30,0x6	 x30:0x00000001  x9=0x00000000
       12145000	      1213	80004800	017134b3	sltu	x9,x2,x23	  x2:0x00000030 x23:0x00004b80  x9=0x00000001
       12155000	      1214	80004804	03caf863	bgeu	x21,x28,80004834	 x21:0xffffffc4 x28:0x0000a0a1
       12165000	      1215	00000000	00000013	addi	x0,x0,0	  x0:0x00000000
       12175000	      1216	80004830	00000013	addi	x0,x0,0	  x0:0x00000000
       12185000	      1217	80004834	01c79a33	sll	x20,x15,x28	 x15:0x80009fc4 x28:0x0000a0a1 x20=0x00013f88
       12195000	      1218	80004838	00f0cc33	xor	x24,x1,x15	  x1:0xffff600d x15:0x80009fc4 x24=0x7fffffc9
       12205000	      1219	8000483c	da412893	slti	x17,x2,-604	  x2:0x00000030 x17=0x00000000
       12215000	      1220	80004840	016f5533	srl	x10,x30,x22	 x30:0x00000001 x22:0x00000064 x10=0x00000000
       12225000	      1221	80004844	41d45913	srai	x18,x8,0x1d	  x8:0x00000005 x18=0x00000000
       12235000	      1222	80004848	00c15db3	srl	x27,x2,x12	  x2:0x00000030 x12:0x28292a2b x27=0x00000000
       12245000	      1223	8000484c	01555b93	srli	x23,x10,0x15	 x10:0x00000000 x23=0x00000000
       12255000	      1224	80004850	05095263	bge	x18,x16,80004894	 x18:0x00000000 x16:0xfffffa65
       12265000	      1225	00000000	00000013	addi	x0,x0,0	  x0:0x00000000
       12275000	      1226	80004890	00000013	addi	x0,x0,0	  x0:0x00000000
       12285000	      1227	80004894	155a5417	auipc	x8,0x155a5	  x8=0x955a9890
       12295000	      1228	80004898	018e1933	sll	x18,x28,x24	 x28:0x0000a0a1 x24:0x7fffffc9 x18=0x01414200
       12305000	      1229	8000489c	00000013	addi	x0,x0,0	  x0:0x00000000
       12315000	      1230	800048a0	01155193	srli	x3,x10,0x11	 x10:0x00000000  x3=0x00000000
       12325000	      1231	800048a4	010ffd33	and	x26,x31,x16	 x31:0xfff80008 x16:0xfffffa65 x26=0xfff80000
       12335000	      1232	800048a8	00971d93	slli	x27,x14,0x9	 x14:0x00000000 x27=0x00000000
       12345000	      1233	800048ac	408a0d33	sub	x26,x20,x8	 x20:0x00013f88  x8:0x955a9890 x26=0x6aa6a6f8
       12355000	      1234	800048b0	0f63b893	sltiu	x17,x7,246	  x7:0x80009f5c x17=0x00000000
       12365000	      1235	800048b4	40cfdc13	srai	x24,x31,0xc	 x31:0xfff80008 x24=0xffffff80
       12375000	      1236	800048b8	0465c863	blt	x11,x6,80004908	 x11:0x00008000  x6:0x0000005e
       12385000	      1237	800048bc	00cf8e33	add	x28,x31,x12	 x31:0xfff80008 x12:0x28292a2b x28=0x28212a33
       12395000	      1238	800048c0	41da5313	srai	x6,x20,0x1d	 x20:0x00013f88  x6=0x00000000
       12405000	      1239	800048c4	8d7e4493	xori	x9,x28,-1833	 x28:0x28212a33  x9=0xd7ded2e4
       12415000	      1240	800048c8	01ec1e33	sll	x28,x24,x30	 x24:0xffffff80 x30:0x00000001 x28=0xffffff00
       12425000	      1241	800048cc	02e10663	beq	x2,x14,800048f8	  x2:0x00000030 x14:0x00000000
       12435000	      1242	800048d0	41f45eb3	sra	x29,x8,x31	  x8:0x955a9890 x31:0xfff80008 x29=0xff955a98
       12445000	      1243	800048d4	0379c863	blt	x19,x23,80004904	 x19:0x382a3b80 x23:0x00000000
       12455000	      1244	800048d8	007f8a33	add	x20,x31,x7	 x31:0xfff80008  x7:0x80009f5c x20=0x7ff89f64
       12465000	      1245	800048dc	0572d263	bge	x5,x23,80004920	  x5:0x000000ae x23:0x00000000
       12475000	      1246	00000000	00000013	addi	x0,x0,0	  x0:0x00000000
       12485000	      1247	8000491c	00000013	addi	x0,x0,0	  x0:0x00000000
       12495000	      1248	80004920	01f2dd33	srl	x26,x5,x31	  x5:0x000000ae x31:0xfff80008 x26=0x00000000
       12505000	      1249	80004924	017a9313	slli	x6,x21,0x17	 x21:0xffffffc4  x6=0xe2000000
       12515000	      1250	80004928	41a451b3	sra	x3,x8,x26	  x8:0x955a9890 x26:0x00000000  x3=0x955a9890
       12525000	      1251	8000492c	c9cc8893	addi	x17,x25,-868	 x25:0x00000019 x17=0xfffffcb5
       12535000	      1252	80004930	020f8e63	beq	x31,x0,8000496c	 x31:0xfff80008  x0:0x00000000
       12545000	      1253	80004934	01d6d033	srl	x0,x13,x29	 x13:0x80000000 x29:0xff955a98
       12555000	      1254	80004938	013511b3	sll	x3,x10,x19	 x10:0x00000000 x19:0x382a3b80  x3=0x00000000
       12565000	      1255	8000493c	04b2d263	bge	x5,x11,80004980	  x5:0x000000ae x11:0x00008000
       12575000	      1256	80004940	01978133	add	x2,x15,x25	 x15:0x80009fc4 x25:0x00000019  x2=0x80009fdd
       12585000	      1257	80004944	01950463	beq	x10,x25,8000494c	 x10:0x00000000 x25:0x00000019
       12595000	      1258	80004948	009f9663	bne	x31,x9,80004954	 x31:0xfff80008  x9:0xd7ded2e4
       12605000	      1259	00000000	00000013	addi	x0,x0,0	  x0:0x00000000
       12615000	      1260	80004950	00000013	addi	x0,x0,0	  x0:0x00000000
       12625000	      1261	80004954	019cd263	bge	x25,x25,80004958	 x25:0x00000019 x25:0x00000019
       12635000	      1262	00000000	00000013	addi	x0,x0,0	  x0:0x00000000
       12645000	      1263	80004954	00000013	addi	x0,x0,0	  x0:0x00000000
       12655000	      1264	80004958	0029b0b3	sltu	x1,x19,x2	 x19:0x382a3b80  x2:0x80009fdd  x1=0x00000001
       12665000	      1265	8000495c	052af863	bgeu	x21,x18,800049ac	 x21:0xffffffc4 x18:0x01414200
       12675000	      1266	00000000	00000013	addi	x0,x0,0	  x0:0x00000000
       12685000	      1267	800049a8	00000013	addi	x0,x0,0	  x0:0x00000000
       12695000	      1268	800049ac	01386663	bltu	x16,x19,800049b8	 x16:0xfffffa65 x19:0x382a3b80
       12705000	      1269	800049b0	03f9fa63	bgeu	x19,x31,800049e4	 x19:0x382a3b80 x31:0xfff80008
       12715000	      1270	800049b4	006d1813	slli	x16,x26,0x6	 x26:0x00000000 x16=0x00000000
       12725000	      1271	800049b8	01976d33	or	x26,x14,x25	 x14:0x00000000 x25:0x00000019 x26=0x00000019
       12735000	      1272	800049bc	00a87663	bgeu	x16,x10,800049c8	 x16:0x00000000 x10:0x00000000
       12745000	      1273	00000000	00000013	addi	x0,x0,0	  x0:0x00000000
       12755000	      1274	800049c4	00000013	addi	x0,x0,0	  x0:0x00000000
       12765000	      1275	800049c8	4164c213	xori	x4,x9,1046	  x9:0xd7ded2e4  x4=0xd7ded6f2
       12775000	      1276	800049cc	03d02493	slti	x9,x0,61	  x0:0x00000000  x9=0x00000001
       12785000	      1277	800049d0	01ee0e33	add	x28,x28,x30	 x28:0xffffff00 x30:0x00000001 x28=0xffffff01
       12795000	      1278	800049d4	0110f233	and	x4,x1,x17	  x1:0x00000001 x17:0xfffffcb5  x4=0x00000001
       12805000	      1279	800049d8	00786663	bltu	x16,x7,800049e4	 x16:0x00000000  x7:0x80009f5c
       12815000	      1280	00000000	00000013	addi	x0,x0,0	  x0:0x00000000
       12825000	      1281	800049e0	00000013	addi	x0,x0,0	  x0:0x00000000
       12835000	      1282	800049e4	40e65ab3	sra	x21,x12,x14	 x12:0x28292a2b x14:0x00000000 x21=0x28292a2b
       12845000	      1283	800049e8	71038513	addi	x10,x7,1808	  x7:0x80009f5c x10=0x8000a66c
       12855000	      1284	800049ec	01532eb3	slt	x29,x6,x21	  x6:0xe2000000 x21:0x28292a2b x29=0x00000001
       12865000	      1285	800049f0	885f3413	sltiu	x8,x30,-1915	 x30:0x00000001  x8=0x00000001
       12875000	      1286	800049f4	01524933	xor	x18,x4,x21	  x4:0x00000001 x21:0x28292a2b x18=0x28292a2a
       12885000	      1287	800049f8	0a527813	andi	x16,x4,165	  x4:0x00000001 x16=0x00000001
       12895000	      1288	800049fc	40030fb3	sub	x31,x6,x0	  x6:0xe2000000  x0:0x00000000 x31=0xe2000000
       12905000	      1289	80004a00	0194de63	bge	x9,x25,80004a1c	  x9:0x00000001 x25:0x00000019
       12915000	      1290	80004a04	001bd113	srli	x2,x23,0x1	 x23:0x00000000  x2=0x00000000
       12925000	      1291	80004a08	4022d613	srai	x12,x5,0x2	  x5:0x000000ae x12=0x0000002b
       12935000	      1292	80004a0c	01166863	bltu	x12,x17,80004a1c	 x12:0x0000002b x17:0xfffffcb5
       12945000	      1293	00000000	00000013	addi	x0,x0,0	  x0:0x00000000
       12955000	      1294	80004a18	00000013	addi	x0,x0,0	  x0:0x00000000
       12965000	      1295	80004a1c	00bc1d93	slli	x27,x24,0xb	 x24:0xffffff80 x27=0xfffc0000
       12975000	      1296	80004a20	9d0129b7	lui	x19,0x9d012	 x19=0x9d012000
       12985000	      1297	80004a24	01b6cd33	xor	x26,x13,x27	 x13:0x80000000 x27:0xfffc0000 x26=0x7ffc0000
       12995000	      1298	80004a28	205b2593	slti	x11,x22,517	 x22:0x00000064 x11=0x00000001
       13005000	      1299	80004a2c	03ae6263	bltu	x28,x26,80004a50	 x28:0xffffff01 x26:0x7ffc0000
       13015000	      1300	80004a30	01480db3	add	x27,x16,x20	 x16:0x00000001 x20:0x7ff89f64 x27=0x7ff89f65
       13025000	      1301	80004a34	93771b17	auipc	x22,0x93771	 x22=0x13775a30
       13035000	      1302	80004a38	01447463	bgeu	x8,x20,80004a40	  x8:0x00000001 x20:0x7ff89f64
       13045000	      1303	80004a3c	014dbd33	sltu	x26,x27,x20	 x27:0x7ff89f65 x20:0x7ff89f64 x26=0x00000000
       13055000	      1304	80004a40	0117a933	slt	x18,x15,x17	 x15:0x80009fc4 x17:0xfffffcb5 x18=0x00000001
       13065000	      1305	80004a44	40ab81b3	sub	x3,x23,x10	 x23:0x00000000 x10:0x8000a66c  x3=0x7fff5994
       13075000	      1306	80004a48	0013f8b3	and	x17,x7,x1	  x7:0x80009f5c  x1:0x00000001 x17=0x00000000
       13085000	      1307	80004a4c	90eef617	auipc	x12,0x90eef	 x12=0x10ef3a48
       13095000	      1308	80004a50	40b15d33	sra	x26,x2,x11	  x2:0x00000000 x11:0x00000001 x26=0x00000000
       13105000	      1309	80004a54	0429e263	bltu	x19,x2,80004a98	 x19:0x9d012000  x2:0x00000000
       13115000	      1310	80004a58	05dd0463	beq	x26,x29,80004aa0	 x26:0x00000000 x29:0x00000001
       13125000	      1311	80004a5c	408add33	sra	x26,x21,x8	 x21:0x28292a2b  x8:0x00000001 x26=0x14149515
       13135000	      1312	80004a60	ebd06e93	ori	x29,x0,-323	  x0:0x00000000 x29=0xfffffebd
       13145000	      1313	80004a64	d3c16313	ori	x6,x2,-708	  x2:0x00000000  x6=0xfffffd3c
       13155000	      1314	80004a68	01415463	bge	x2,x20,80004a70	  x2:0x00000000 x20:0x7ff89f64
       13165000	      1315	80004a6c	0162af33	slt	x30,x5,x22	  x5:0x000000ae x22:0x13775a30 x30=0x00000001
       13175000	      1316	80004a70	a9f04593	xori	x11,x0,-1377	  x0:0x00000000 x11=0xfffffa9f
       13185000	      1317	80004a74	0128a033	slt	x0,x17,x18	 x17:0x00000000 x18:0x00000001
       13195000	      1318	80004a78	04291263	bne	x18,x2,80004abc	 x18:0x00000001  x2:0x00000000
       13205000	      1319	00000000	00000013	addi	x0,x0,0	  x0:0x00000000
       13215000	      1320	80004ab8	00000013	addi	x0,x0,0	  x0:0x00000000
       13225000	      1321	80004abc	2f152813	slti	x16,x10,753	 x10:0x8000a66c x16=0x00000001
       13235000	      1322	80004ac0	016d6b33	or	x22,x26,x22	 x26:0x14149515 x22:0x13775a30 x22=0x1777df35
       13245000	      1323	80004ac4	00e11b13	slli	x22,x2,0xe	  x2:0x00000000 x22=0x00000000
       13255000	      1324	80004ac8	f9182813	slti	x16,x16,-111	 x16:0x00000001 x16=0x00000000
       13265000	      1325	80004acc	00ba5893	srli	x17,x20,0xb	 x20:0x7ff89f64 x17=0x000fff13
       13275000	      1326	80004ad0	00000013	addi	x0,x0,0	  x0:0x00000000
       13285000	      1327	80004ad4	b3c7fc93	andi	x25,x15,-1220	 x15:0x80009fc4 x25=0x80009b04
       13295000	      1328	80004ad8	005c6733	or	x14,x24,x5	 x24:0xffffff80  x5:0x000000ae x14=0xffffffae
       13305000	      1329	80004adc	01826f33	or	x30,x4,x24	  x4:0x00000001 x24:0xffffff80 x30=0xffffff81
       13315000	      1330	80004ae0	05911263	bne	x2,x25,80004b24	  x2:0x00000000 x25:0x80009b04
       13325000	      1331	00000000	00000013	addi	x0,x0,0	  x0:0x00000000
       13335000	      1332	80004b20	00000013	addi	x0,x0,0	  x0:0x00000000
       13345000	      1333	80004b24	043c4263	blt	x24,x3,80004b68	 x24:0xffffff80  x3:0x7fff5994
       13355000	      1334	00000000	00000013	addi	x0,x0,0	  x0:0x00000000
       13365000	      1335	80004b64	00000013	addi	x0,x0,0	  x0:0x00000000
       13375000	      1336	80004b68	f815af93	slti	x31,x11,-127	 x11:0xfffffa9f x31=0x00000001
       13385000	      1337	80004b6c	686cd0b7	lui	x1,0x686cd	  x1=0x686cd000
       13395000	      1338	80004b70	029c7a63	bgeu	x24,x9,80004ba4	 x24:0xffffff80  x9:0x00000001
       13405000	      1339	00000000	00000013	addi	x0,x0,0	  x0:0x00000000
       13415000	      1340	80004ba0	00000013	addi	x0,x0,0	  x0:0x00000000
       13425000	      1341	80004ba4	416fd893	srai	x17,x31,0x16	 x31:0x00000001 x17=0x00000000
       13435000	      1342	80004ba8	03c31263	bne	x6,x28,80004bcc	  x6:0xfffffd3c x28:0xffffff01
       13445000	      1343	00000000	00000013	addi	x0,x0,0	  x0:0x00000000
       13455000	      1344	80004bc8	00000013	addi	x0,x0,0	  x0:0x00000000
       13465000	      1345	80004bcc	416a5e33	sra	x28,x20,x22	 x20:0x7ff89f64 x22:0x00000000 x28=0x7ff89f64
       13475000	      1346	80004bd0	0175adb3	slt	x27,x11,x23	 x11:0xfffffa9f x23:0x00000000 x27=0x00000001
       13485000	      1347	80004bd4	001c3d33	sltu	x26,x24,x1	 x24:0xffffff80  x1:0x686cd000 x26=0x00000000
       13495000	      1348	80004bd8	01078533	add	x10,x15,x16	 x15:0x80009fc4 x16:0x00000000 x10=0x80009fc4
       13505000	      1349	80004bdc	01c56d33	or	x26,x10,x28	 x10:0x80009fc4 x28:0x7ff89f64 x26=0xfff89fe4
       13515000	      1350	80004be0	52da4f13	xori	x30,x20,1325	 x20:0x7ff89f64 x30=0x7ff89a49
       13525000	      1351	80004be4	02776c63	bltu	x14,x7,80004c1c	 x14:0xffffffae  x7:0x80009f5c
       13535000	      1352	80004be8	85cb7a13	andi	x20,x22,-1956	 x22:0x00000000 x20=0x00000000
       13545000	      1353	80004bec	9e926a13	ori	x20,x4,-1559	  x4:0x00000001 x20=0xfffff9e9
       13555000	      1354	80004bf0	03605e63	bge	x0,x22,80004c2c	  x0:0x00000000 x22:0x00000000
       13565000	      1355	00000000	00000013	addi	x0,x0,0	  x0:0x00000000
       13575000	      1356	80004c28	00000013	addi	x0,x0,0	  x0:0x00000000
       13585000	      1357	80004c2c	00761a63	bne	x12,x7,80004c40	 x12:0x10ef3a48  x7:0x80009f5c
       13595000	      1358	00000000	00000013	addi	x0,x0,0	  x0:0x00000000
       13605000	      1359	80004c3c	00000013	addi	x0,x0,0	  x0:0x00000000
       13615000	      1360	80004c40	039a0863	beq	x20,x25,80004c70	 x20:0xfffff9e9 x25:0x80009b04
       13625000	      1361	80004c44	4649fc13	andi	x24,x19,1124	 x19:0x9d012000 x24=0x00000000
       13635000	      1362	80004c48	00107033	and	x0,x0,x1	  x0:0x00000000  x1:0x686cd000
       13645000	      1363	80004c4c	41beda93	srai	x21,x29,0x1b	 x29:0xfffffebd x21=0xffffffff
       13655000	      1364	80004c50	41a0d133	sra	x2,x1,x26	  x1:0x686cd000 x26:0xfff89fe4  x2=0x0686cd00
       13665000	      1365	80004c54	40ba7f93	andi	x31,x20,1035	 x20:0xfffff9e9 x31=0x00000009
       13675000	      1366	80004c58	40a8d293	srai	x5,x17,0xa	 x17:0x00000000  x5=0x00000000
       13685000	      1367	80004c5c	02e3f663	bgeu	x7,x14,80004c88	  x7:0x80009f5c x14:0xffffffae
       13695000	      1368	80004c60	14d23d93	sltiu	x27,x4,333	  x4:0x00000001 x27=0x00000001
       13705000	      1369	80004c64	01926133	or	x2,x4,x25	  x4:0x00000001 x25:0x80009b04  x2=0x80009b05
       13715000	      1370	80004c68	0082df33	srl	x30,x5,x8	  x5:0x00000000  x8:0x00000001 x30=0x00000000
       13725000	      1371	80004c6c	08fa3fb7	lui	x31,0x8fa3	 x31=0x08fa3000
       13735000	      1372	80004c70	228bc093	xori	x1,x23,552	 x23:0x00000000  x1=0x00000228
       13745000	      1373	80004c74	01129413	slli	x8,x5,0x11	  x5:0x00000000  x8=0x00000000
       13755000	      1374	80004c78	00545c13	srli	x24,x8,0x5	  x8:0x00000000 x24=0x00000000
       13765000	      1375	80004c7c	04a31463	bne	x6,x10,80004cc4	  x6:0xfffffd3c x10:0x80009fc4
       13775000	      1376	00000000	00000013	addi	x0,x0,0	  x0:0x00000000
       13785000	      1377	80004cc0	00000013	addi	x0,x0,0	  x0:0x00000000
       13795000	      1378	80004cc4	4031d993	srai	x19,x3,0x3	  x3:0x7fff5994 x19=0x0fffeb32
       13805000	      1379	80004cc8	00ec5e93	srli	x29,x24,0xe	 x24:0x00000000 x29=0x00000000
       13815000	      1380	80004ccc	015f9e13	slli	x28,x31,0x15	 x31:0x08fa3000 x28=0x00000000
       13825000	      1381	80004cd0	0183cd33	xor	x26,x7,x24	  x7:0x80009f5c x24:0x00000000 x26=0x80009f5c
       13835000	      1382	80004cd4	0237dc63	bge	x15,x3,80004d0c	 x15:0x80009fc4  x3:0x7fff5994
       13845000	      1383	80004cd8	03daea63	bltu	x21,x29,80004d0c	 x21:0xffffffff x29:0x00000000
       13855000	      1384	80004cdc	00c39d93	slli	x27,x7,0xc	  x7:0x80009f5c x27=0x09f5c000
       13865000	      1385	80004ce0	032e8863	beq	x29,x18,80004d10	 x29:0x00000000 x18:0x00000001
       13875000	      1386	80004ce4	002c40b3	xor	x1,x24,x2	 x24:0x00000000  x2:0x80009b05  x1=0x80009b05
       13885000	      1387	80004ce8	01060833	add	x16,x12,x16	 x12:0x10ef3a48 x16:0x00000000 x16=0x10ef3a48
       13895000	      1388	80004cec	019eedb3	or	x27,x29,x25	 x29:0x00000000 x25:0x80009b04 x27=0x80009b04
       13905000	      1389	80004cf0	176f0a93	addi	x21,x30,374	 x30:0x00000000 x21=0x00000176
       13915000	      1390	80004cf4	01625113	srli	x2,x4,0x16	  x4:0x00000001  x2=0x00000000
       13925000	      1391	80004cf8	0066d2b3	srl	x5,x13,x6	 x13:0x80000000  x6:0xfffffd3c  x5=0x00000008
       13935000	      1392	80004cfc	0179d263	bge	x19,x23,80004d00	 x19:0x0fffeb32 x23:0x00000000
       13945000	      1393	00000000	00000013	addi	x0,x0,0	  x0:0x00000000
       13955000	      1394	80004cfc	00000013	addi	x0,x0,0	  x0:0x00000000
       13965000	      1395	80004d00	03cd8897	auipc	x17,0x3cd8	 x17=0x83cdccfc
       13975000	      1396	80004d04	413001b3	sub	x3,x0,x19	  x0:0x00000000 x19:0x0fffeb32  x3=0xf00014ce
       13985000	      1397	80004d08	01038cb3	add	x25,x7,x16	  x7:0x80009f5c x16:0x10ef3a48 x25=0x90efd9a4
       13995000	      1398	80004d0c	00000013	addi	x0,x0,0	  x0:0x00000000
       14005000	      1399	80004d10	00aee433	or	x8,x29,x10	 x29:0x00000000 x10:0x80009fc4  x8=0x80009fc4
       14015000	      1400	80004d14	03dd7863	bgeu	x26,x29,80004d44	 x26:0x80009f5c x29:0x00000000
       14025000	      1401	00000000	00000013	addi	x0,x0,0	  x0:0x00000000
       14035000	      1402	80004d40	00000013	addi	x0,x0,0	  x0:0x00000000
       14045000	      1403	80004d44	00b3c233	xor	x4,x7,x11	  x7:0x80009f5c x11:0xfffffa9f  x4=0x7fff65c3
       14055000	      1404	80004d48	014eee33	or	x28,x29,x20	 x29:0x00000000 x20:0xfffff9e9 x28=0xfffff9e9
       14065000	      1405	80004d4c	0001fc63	bgeu	x3,x0,80004d64	  x3:0xf00014ce  x0:0x00000000
       14075000	      1406	00000000	00000013	addi	x0,x0,0	  x0:0x00000000
       14085000	      1407	80004d60	00000013	addi	x0,x0,0	  x0:0x00000000
       14095000	      1408	80004d64	47d2af13	slti	x30,x5,1149	  x5:0x00000008 x30=0x00000001
       14105000	      1409	80004d68	00ede133	or	x2,x27,x14	 x27:0x80009b04 x14:0xffffffae  x2=0xffffffae
       14115000	      1410	80004d6c	63759f97	auipc	x31,0x63759	 x31=0xe375dd68
       14125000	      1411	80004d70	0015a8b3	slt	x17,x11,x1	 x11:0xfffffa9f  x1:0x80009b05 x17=0x00000000
       14135000	      1412	80004d74	07c07a93	andi	x21,x0,124	  x0:0x00000000 x21=0x00000000
       14145000	      1413	80004d78	01de4cb3	xor	x25,x28,x29	 x28:0xfffff9e9 x29:0x00000000 x25=0xfffff9e9
       14155000	      1414	80004d7c	00768c33	add	x24,x13,x7	 x13:0x80000000  x7:0x80009f5c x24=0x00009f5c
       14165000	      1415	80004d80	bfa83637	lui	x12,0xbfa83	 x12=0xbfa83000
       14175000	      1416	80004d84	3936e513	ori	x10,x13,915	 x13:0x80000000 x10=0x80000393
       14185000	      1417	80004d88	00eb2733	slt	x14,x22,x14	 x22:0x00000000 x14:0xffffffae x14=0x00000000
       14195000	      1418	80004d8c	00ec4133	xor	x2,x24,x14	 x24:0x00009f5c x14:0x00000000  x2=0x00009f5c
       14205000	      1419	80004d90	40065233	sra	x4,x12,x0	 x12:0xbfa83000  x0:0x00000000  x4=0xbfa83000
       14215000	      1420	80004d94	0019f663	bgeu	x19,x1,80004da0	 x19:0x0fffeb32  x1:0x80009b05
       14225000	      1421	80004d98	facdae97	auipc	x29,0xfacda	 x29=0x7acded94
       14235000	      1422	80004d9c	a182ef93	ori	x31,x5,-1512	  x5:0x00000008 x31=0xfffffa18
       14245000	      1423	80004da0	f4f2f293	andi	x5,x5,-177	  x5:0x00000008  x5=0x00000008
       14255000	      1424	80004da4	039c6263	bltu	x24,x25,80004dc8	 x24:0x00009f5c x25:0xfffff9e9
       14265000	      1425	00000000	00000013	addi	x0,x0,0	  x0:0x00000000
       14275000	      1426	80004dc4	00000013	addi	x0,x0,0	  x0:0x00000000
       14285000	      1427	80004dc8	64a54817	auipc	x16,0x64a54	 x16=0xe4a58dc4
       14295000	      1428	80004dcc	673eb093	sltiu	x1,x29,1651	 x29:0x7acded94  x1=0x00000000
       14305000	      1429	80004dd0	04707263	bgeu	x0,x7,80004e14	  x0:0x00000000  x7:0x80009f5c
       14315000	      1430	80004dd4	bd8c9517	auipc	x10,0xbd8c9	 x10=0x3d8cddd0
       14325000	      1431	80004dd8	0033b133	sltu	x2,x7,x3	  x7:0x80009f5c  x3:0xf00014ce  x2=0x00000001
       14335000	      1432	80004ddc	40005c13	srai	x24,x0,0x0	  x0:0x00000000 x24=0x00000000
       14345000	      1433	80004de0	4bc16d13	ori	x26,x2,1212	  x2:0x00000001 x26=0x000004bd
       14355000	      1434	80004de4	002bd533	srl	x10,x23,x2	 x23:0x00000000  x2:0x00000001 x10=0x00000000
       14365000	      1435	80004de8	34497713	andi	x14,x18,836	 x18:0x00000001 x14=0x00000000
       14375000	      1436	80004dec	40a7d293	srai	x5,x15,0xa	 x15:0x80009fc4  x5=0xffe00027
       14385000	      1437	80004df0	9846c997	auipc	x19,0x9846c	 x19=0x18470dec
       14395000	      1438	80004df4	0071fe33	and	x28,x3,x7	  x3:0xf00014ce  x7:0x80009f5c x28=0x8000144c
       14405000	      1439	80004df8	01af5463	bge	x30,x26,80004e00	 x30:0x00000001 x26:0x000004bd
       14415000	      1440	80004dfc	01366db3	or	x27,x12,x19	 x12:0xbfa83000 x19:0x18470dec x27=0xbfef3dec
       14425000	      1441	80004e00	01809733	sll	x14,x1,x24	  x1:0x00000000 x24:0x00000000 x14=0x00000000
       14435000	      1442	80004e04	005de833	or	x16,x27,x5	 x27:0xbfef3dec  x5:0xffe00027 x16=0xffef3def
       14445000	      1443	80004e08	851c6013	ori	x0,x24,-1967	 x24:0x00000000
       14455000	      1444	80004e0c	a03e9317	auipc	x6,0xa03e9	  x6=0x203ede08
       14465000	      1445	80004e10	03b34663	blt	x6,x27,80004e3c	  x6:0x203ede08 x27:0xbfef3dec
       14475000	      1446	80004e14	419dd833	sra	x16,x27,x25	 x27:0xbfef3dec x25:0xfffff9e9 x16=0xffdff79e
       14485000	      1447	80004e18	010e08b3	add	x17,x28,x16	 x28:0x8000144c x16:0xffdff79e x17=0x7fe00bea
       14495000	      1448	80004e1c	01d490b3	sll	x1,x9,x29	  x9:0x00000001 x29:0x7acded94  x1=0x00100000
       14505000	      1449	80004e20	41d58433	sub	x8,x11,x29	 x11:0xfffffa9f x29:0x7acded94  x8=0x85320d0b
       14515000	      1450	80004e24	0058e863	bltu	x17,x5,80004e34	 x17:0x7fe00bea  x5:0xffe00027
       14525000	      1451	00000000	00000013	addi	x0,x0,0	  x0:0x00000000
       14535000	      1452	80004e30	00000013	addi	x0,x0,0	  x0:0x00000000
       14545000	      1453	80004e34	016e9c93	slli	x25,x29,0x16	 x29:0x7acded94 x25=0x65000000
       14555000	      1454	80004e38	4178dc33	sra	x24,x17,x23	 x17:0x7fe00bea x23:0x00000000 x24=0x7fe00bea
       14565000	      1455	80004e3c	40320433	sub	x8,x4,x3	  x4:0xbfa83000  x3:0xf00014ce  x8=0xcfa81b32
       14575000	      1456	80004e40	01caf2b3	and	x5,x21,x28	 x21:0x00000000 x28:0x8000144c  x5=0x00000000
       14585000	      1457	80004e44	0019b0b3	sltu	x1,x19,x1	 x19:0x18470dec  x1:0x00100000  x1=0x00000000
       14595000	      1458	80004e48	41f2d193	srai	x3,x5,0x1f	  x5:0x00000000  x3=0x00000000
       14605000	      1459	80004e4c	652f6913	ori	x18,x30,1618	 x30:0x00000001 x18=0x00000653
       14615000	      1460	80004e50	00a2f1b3	and	x3,x5,x10	  x5:0x00000000 x10:0x00000000  x3=0x00000000
       14625000	      1461	80004e54	00b67eb3	and	x29,x12,x11	 x12:0xbfa83000 x11:0xfffffa9f x29=0xbfa83000
       14635000	      1462	80004e58	006e3ab3	sltu	x21,x28,x6	 x28:0x8000144c  x6:0x203ede08 x21=0x00000000
       14645000	      1463	80004e5c	41d050b3	sra	x1,x0,x29	  x0:0x00000000 x29:0xbfa83000  x1=0x00000000
       14655000	      1464	80004e60	a0836b13	ori	x22,x6,-1528	  x6:0x203ede08 x22=0xfffffe08
       14665000	      1465	80004e64	e2f74137	lui	x2,0xe2f74	  x2=0xe2f74000
       14675000	      1466	80004e68	403e5e13	srai	x28,x28,0x3	 x28:0x8000144c x28=0xf0000289
       14685000	      1467	80004e6c	01cc24b3	slt	x9,x24,x28	 x24:0x7fe00bea x28:0xf0000289  x9=0x00000000
       14695000	      1468	80004e70	a498ed97	auipc	x27,0xa498e	 x27=0x24992e6c
       14705000	      1469	80004e74	00055613	srli	x12,x10,0x0	 x10:0x00000000 x12=0x00000000
       14715000	      1470	80004e78	41dad033	sra	x0,x21,x29	 x21:0x00000000 x29:0xbfa83000
       14725000	      1471	80004e7c	00932333	slt	x6,x6,x9	  x6:0x203ede08  x9:0x00000000  x6=0x00000000
       14735000	      1472	80004e80	89687513	andi	x10,x16,-1898	 x16:0xffdff79e x10=0xffdff096
       14745000	      1473	80004e84	01ef9413	slli	x8,x31,0x1e	 x31:0xfffffa18  x8=0x00000000
       14755000	      1474	80004e88	01154633	xor	x12,x10,x17	 x10:0xffdff096 x17:0x7fe00bea x12=0x803ffb7c
       14765000	      1475	80004e8c	bfb5c913	xori	x18,x11,-1029	 x11:0xfffffa9f x18=0x00000164
       14775000	      1476	80004e90	04196263	bltu	x18,x1,80004ed4	 x18:0x00000164  x1:0x00000000
       14785000	      1477	80004e94	cca62c13	slti	x24,x12,-822	 x12:0x803ffb7c x24=0x00000001
       14795000	      1478	80004e98	00774463	blt	x14,x7,80004ea0	 x14:0x00000000  x7:0x80009f5c
       14805000	      1479	80004e9c	00ec4a33	xor	x20,x24,x14	 x24:0x00000001 x14:0x00000000 x20=0x00000001
       14815000	      1480	80004ea0	7563ac13	slti	x24,x7,1878	  x7:0x80009f5c x24=0x00000001
       14825000	      1481	80004ea4	01edc1b3	xor	x3,x27,x30	 x27:0x24992e6c x30:0x00000001  x3=0x24992e6d
       14835000	      1482	80004ea8	00df1833	sll	x16,x30,x13	 x30:0x00000001 x13:0x80000000 x16=0x00000001
       14845000	      1483	80004eac	b84d3613	sltiu	x12,x26,-1148	 x26:0x000004bd x12=0x00000001
       14855000	      1484	80004eb0	02918c63	beq	x3,x9,80004ee8	  x3:0x24992e6d  x9:0x00000000
       14865000	      1485	80004eb4	00d790b3	sll	x1,x15,x13	 x15:0x80009fc4 x13:0x80000000  x1=0x80009fc4
       14875000	      1486	80004eb8	d7694f13	xori	x30,x18,-650	 x18:0x00000164 x30=0xfffffc12
       14885000	      1487	80004ebc	fc0d2d13	slti	x26,x26,-64	 x26:0x000004bd x26=0x00000000
       14895000	      1488	80004ec0	0010dc93	srli	x25,x1,0x1	  x1:0x80009fc4 x25=0x40004fe2
       14905000	      1489	80004ec4	004ba5b3	slt	x11,x23,x4	 x23:0x00000000  x4:0xbfa83000 x11=0x00000000
       14915000	      1490	80004ec8	db3c0113	addi	x2,x24,-589	 x24:0x00000001  x2=0xfffffdb4
       14925000	      1491	80004ecc	eb159b37	lui	x22,0xeb159	 x22=0xeb159000
       14935000	      1492	80004ed0	0016e663	bltu	x13,x1,80004edc	 x13:0x80000000  x1:0x80009fc4
       14945000	      1493	00000000	00000013	addi	x0,x0,0	  x0:0x00000000
       14955000	      1494	80004ed8	00000013	addi	x0,x0,0	  x0:0x00000000
       14965000	      1495	80004edc	407d5113	srai	x2,x26,0x7	 x26:0x00000000  x2=0x00000000
       14975000	      1496	80004ee0	41e2d713	srai	x14,x5,0x1e	  x5:0x00000000 x14=0x00000000
       14985000	      1497	80004ee4	031cc263	blt	x25,x17,80004f08	 x25:0x40004fe2 x17:0x7fe00bea
       14995000	      1498	00000000	00000013	addi	x0,x0,0	  x0:0x00000000
       15005000	      1499	80004f04	00000013	addi	x0,x0,0	  x0:0x00000000
       15015000	      1500	80004f08	405d5333	sra	x6,x26,x5	 x26:0x00000000  x5:0x00000000  x6=0x00000000
       15025000	      1501	80004f0c	00f61f33	sll	x30,x12,x15	 x12:0x00000001 x15:0x80009fc4 x30=0x00000010
       15035000	      1502	80004f10	03ffc863	blt	x31,x31,80004f40	 x31:0xfffffa18 x31:0xfffffa18
       15045000	      1503	80004f14	055dd863	bge	x27,x21,80004f64	 x27:0x24992e6c x21:0x00000000
       15055000	      1504	00000000	00000013	addi	x0,x0,0	  x0:0x00000000
       15065000	      1505	80004f60	00000013	addi	x0,x0,0	  x0:0x00000000
       15075000	      1506	80004f64	40195a13	srai	x20,x18,0x1	 x18:0x00000164 x20=0x000000b2
       15085000	      1507	80004f68	0013db13	srli	x22,x7,0x1	  x7:0x80009f5c x22=0x40004fae
       15095000	      1508	80004f6c	004de0b3	or	x1,x27,x4	 x27:0x24992e6c  x4:0xbfa83000  x1=0xbfb93e6c
       15105000	      1509	80004f70	00af4ab3	xor	x21,x30,x10	 x30:0x00000010 x10:0xffdff096 x21=0xffdff086
       15115000	      1510	80004f74	64853e93	sltiu	x29,x10,1608	 x10:0xffdff096 x29=0x00000000
       15125000	      1511	80004f78	22a400b7	lui	x1,0x22a40	  x1=0x22a40000
       15135000	      1512	80004f7c	5b25b593	sltiu	x11,x11,1458	 x11:0x00000000 x11=0x00000001
       15145000	      1513	80004f80	022a5a63	bge	x20,x2,80004fb4	 x20:0x000000b2  x2:0x00000000
       15155000	      1514	00000000	00000013	addi	x0,x0,0	  x0:0x00000000
       15165000	      1515	80004fb0	00000013	addi	x0,x0,0	  x0:0x00000000
       15175000	      1516	80004fb4	05ec1263	bne	x24,x30,80004ff8	 x24:0x00000001 x30:0x00000010
       15185000	      1517	00000000	00000013	addi	x0,x0,0	  x0:0x00000000
       15195000	      1518	80004ff4	00000013	addi	x0,x0,0	  x0:0x00000000
       15205000	      1519	80004ff8	02725863	bge	x4,x7,80005028	  x4:0xbfa83000  x7:0x80009f5c
       15215000	      1520	00000000	00000013	addi	x0,x0,0	  x0:0x00000000
       15225000	      1521	80005024	00000013	addi	x0,x0,0	  x0:0x00000000
       15235000	      1522	80005028	419ddbb3	sra	x23,x27,x25	 x27:0x24992e6c x25:0x40004fe2 x23=0x09264b9b
       15245000	      1523	8000502c	4078db93	srai	x23,x17,0x7	 x17:0x7fe00bea x23=0x00ffc017
       15255000	      1524	80005030	41665a33	sra	x20,x12,x22	 x12:0x00000001 x22:0x40004fae x20=0x00000000
       15265000	      1525	80005034	f4c12b13	slti	x22,x2,-180	  x2:0x00000000 x22=0x00000000
       15275000	      1526	80005038	01813333	sltu	x6,x2,x24	  x2:0x00000000 x24:0x00000001  x6=0x00000001
       15285000	      1527	8000503c	00d87733	and	x14,x16,x13	 x16:0x00000001 x13:0x80000000 x14=0x00000000
       15295000	      1528	80005040	01a28eb3	add	x29,x5,x26	  x5:0x00000000 x26:0x00000000 x29=0x00000000
       15305000	      1529	80005044	012da2b3	slt	x5,x27,x18	 x27:0x24992e6c x18:0x00000164  x5=0x00000000
       15315000	      1530	80005048	40558f33	sub	x30,x11,x5	 x11:0x00000001  x5:0x00000000 x30=0x00000001
       15325000	      1531	8000504c	01cb91b3	sll	x3,x23,x28	 x23:0x00ffc017 x28:0xf0000289  x3=0xff802e00
       15335000	      1532	80005050	a9e34213	xori	x4,x6,-1378	  x6:0x00000001  x4=0xfffffa9f
       15345000	      1533	80005054	5c7d5637	lui	x12,0x5c7d5	 x12=0x5c7d5000
       15355000	      1534	80005058	01a1deb3	srl	x29,x3,x26	  x3:0xff802e00 x26:0x00000000 x29=0xff802e00
       15365000	      1535	8000505c	1e8ea813	slti	x16,x29,488	 x29:0xff802e00 x16=0x00000001
       15375000	      1536	80005060	014609b3	add	x19,x12,x20	 x12:0x5c7d5000 x20:0x00000000 x19=0x5c7d5000
       15385000	      1537	80005064	ca257d13	andi	x26,x10,-862	 x10:0xffdff096 x26=0xffdff082
       15395000	      1538	80005068	00addc93	srli	x25,x27,0xa	 x27:0x24992e6c x25=0x0009264b
       15405000	      1539	8000506c	bdfc4617	auipc	x12,0xbdfc4	 x12=0x3dfc9068
       15415000	      1540	80005070	00581a13	slli	x20,x16,0x5	 x16:0x00000001 x20=0x00000020
       15425000	      1541	80005074	7c70e813	ori	x16,x1,1991	  x1:0x22a40000 x16=0x22a407c7
       15435000	      1542	80005078	01d93b33	sltu	x22,x18,x29	 x18:0x00000164 x29:0xff802e00 x22=0x00000001
       15445000	      1543	8000507c	00000013	addi	x0,x0,0	  x0:0x00000000
       15455000	      1544	80005080	2ac7fa93	andi	x21,x15,684	 x15:0x80009fc4 x21=0x00000284
       15465000	      1545	80005084	00508033	add	x0,x1,x5	  x1:0x22a40000  x5:0x00000000
       15475000	      1546	80005088	40c05833	sra	x16,x0,x12	  x0:0x00000000 x12:0x3dfc9068 x16=0x00000000
       15485000	      1547	8000508c	01165a93	srli	x21,x12,0x11	 x12:0x3dfc9068 x21=0x00001efe
       15495000	      1548	80005090	40cc5d33	sra	x26,x24,x12	 x24:0x00000001 x12:0x3dfc9068 x26=0x00000000
       15505000	      1549	80005094	007c1663	bne	x24,x7,800050a0	 x24:0x00000001  x7:0x80009f5c
       15515000	      1550	00000000	00000013	addi	x0,x0,0	  x0:0x00000000
       15525000	      1551	8000509c	00000013	addi	x0,x0,0	  x0:0x00000000
       15535000	      1552	800050a0	00a1b433	sltu	x8,x3,x10	  x3:0xff802e00 x10:0xffdff096  x8=0x00000001
       15545000	      1553	800050a4	25e1e013	ori	x0,x3,606	  x3:0xff802e00
       15555000	      1554	800050a8	03137663	bgeu	x6,x17,800050d4	  x6:0x00000001 x17:0x7fe00bea
       15565000	      1555	800050ac	01a35e13	srli	x28,x6,0x1a	  x6:0x00000001 x28=0x00000000
       15575000	      1556	800050b0	0227ee63	bltu	x15,x2,800050ec	 x15:0x80009fc4  x2:0x00000000
       15585000	      1557	800050b4	43de6eb7	lui	x29,0x43de6	 x29=0x43de6000
       15595000	      1558	800050b8	01ef8a63	beq	x31,x30,800050cc	 x31:0xfffffa18 x30:0x00000001
       15605000	      1559	800050bc	00000013	addi	x0,x0,0	  x0:0x00000000
       15615000	      1560	800050c0	02d4c263	blt	x9,x13,800050e4	  x9:0x00000000 x13:0x80000000
       15625000	      1561	800050c4	29502993	slti	x19,x0,661	  x0:0x00000000 x19=0x00000001
       15635000	      1562	800050c8	903bf893	andi	x17,x23,-1789	 x23:0x00ffc017 x17=0x00ffc003
       15645000	      1563	800050cc	69c0af97	auipc	x31,0x69c0a	 x31=0xe9c0f0c8
       15655000	      1564	800050d0	a8d4f097	auipc	x1,0xa8d4f	  x1=0x28d540cc
       15665000	      1565	800050d4	4981f893	andi	x17,x3,1176	  x3:0xff802e00 x17=0x00000400
       15675000	      1566	800050d8	0171bc33	sltu	x24,x3,x23	  x3:0xff802e00 x23:0x00ffc017 x24=0x00000000
       15685000	      1567	800050dc	01996663	bltu	x18,x25,800050e8	 x18:0x00000164 x25:0x0009264b
       15695000	      1568	00000000	00000013	addi	x0,x0,0	  x0:0x00000000
       15705000	      1569	800050e4	00000013	addi	x0,x0,0	  x0:0x00000000
       15715000	      1570	800050e8	00f459b3	srl	x19,x8,x15	  x8:0x00000001 x15:0x80009fc4 x19=0x00000000
       15725000	      1571	800050ec	0e875e97	auipc	x29,0xe875	 x29=0x8e87a0e8
       15735000	      1572	800050f0	d74d3013	sltiu	x0,x26,-652	 x26:0x00000000
       15745000	      1573	800050f4	0210c263	blt	x1,x1,80005118	  x1:0x28d540cc  x1:0x28d540cc
       15755000	      1574	800050f8	40d75333	sra	x6,x14,x13	 x14:0x00000000 x13:0x80000000  x6=0x00000000
       15765000	      1575	800050fc	db0b3293	sltiu	x5,x22,-592	 x22:0x00000001  x5=0x00000001
       15775000	      1576	80005100	00b65c93	srli	x25,x12,0xb	 x12:0x3dfc9068 x25=0x0007bf92
       15785000	      1577	80005104	bed42893	slti	x17,x8,-1043	  x8:0x00000001 x17=0x00000000
       15795000	      1578	80005108	01b7ab33	slt	x22,x15,x27	 x15:0x80009fc4 x27:0x24992e6c x22=0x00000001
       15805000	      1579	8000510c	429ff493	andi	x9,x31,1065	 x31:0xe9c0f0c8  x9=0x00000008
       15815000	      1580	80005110	00790463	beq	x18,x7,80005118	 x18:0x00000164  x7:0x80009f5c
       15825000	      1581	80005114	00330ab3	add	x21,x6,x3	  x6:0x00000000  x3:0xff802e00 x21=0xff802e00
       15835000	      1582	80005118	01dd3733	sltu	x14,x26,x29	 x26:0x00000000 x29:0x8e87a0e8 x14=0x00000001
       15845000	      1583	8000511c	831b2537	lui	x10,0x831b2	 x10=0x831b2000
       15855000	      1584	80005120	01be9663	bne	x29,x27,8000512c	 x29:0x8e87a0e8 x27:0x24992e6c
       15865000	      1585	00000000	00000013	addi	x0,x0,0	  x0:0x00000000
       15875000	      1586	80005128	00000013	addi	x0,x0,0	  x0:0x00000000
       15885000	      1587	8000512c	4083d413	srai	x8,x7,0x8	  x7:0x80009f5c  x8=0xff80009f
       15895000	      1588	80005130	43bbb093	sltiu	x1,x23,1083	 x23:0x00ffc017  x1=0x00000000
       15905000	      1589	80005134	44d44713	xori	x14,x8,1101	  x8:0xff80009f x14=0xff8004d2
       15915000	      1590	80005138	1bba95b7	lui	x11,0x1bba9	 x11=0x1bba9000
       15925000	      1591	8000513c	41bcdf33	sra	x30,x25,x27	 x25:0x0007bf92 x27:0x24992e6c x30=0x0000007b
       15935000	      1592	80005140	0565d263	bge	x11,x22,80005184	 x11:0x1bba9000 x22:0x00000001
       15945000	      1593	00000000	00000013	addi	x0,x0,0	  x0:0x00000000
       15955000	      1594	80005180	00000013	addi	x0,x0,0	  x0:0x00000000
       15965000	      1595	80005184	cfe28713	addi	x14,x5,-770	  x5:0x00000001 x14=0xfffffcff
       15975000	      1596	80005188	eb4ed617	auipc	x12,0xeb4ed	 x12=0x6b4f2184
       15985000	      1597	8000518c	40eada33	sra	x20,x21,x14	 x21:0xff802e00 x14:0xfffffcff x20=0xffffffff
       15995000	      1598	80005190	04f55263	bge	x10,x15,800051d4	 x10:0x831b2000 x15:0x80009fc4
       16005000	      1599	00000000	00000013	addi	x0,x0,0	  x0:0x00000000
       16015000	      1600	800051d0	00000013	addi	x0,x0,0	  x0:0x00000000
       16025000	      1601	800051d4	411e02b3	sub	x5,x28,x17	 x28:0x00000000 x17:0x00000000  x5=0x00000000
       16035000	      1602	800051d8	48577c93	andi	x25,x14,1157	 x14:0xfffffcff x25=0x00000485
       16045000	      1603	800051dc	018a6cb3	or	x25,x20,x24	 x20:0xffffffff x24:0x00000000 x25=0xffffffff
       16055000	      1604	800051e0	7daac593	xori	x11,x21,2010	 x21:0xff802e00 x11=0xff8029da
       16065000	      1605	800051e4	01cdc133	xor	x2,x27,x28	 x27:0x24992e6c x28:0x00000000  x2=0x24992e6c
       16075000	      1606	800051e8	41858bb3	sub	x23,x11,x24	 x11:0xff8029da x24:0x00000000 x23=0xff8029da
       16085000	      1607	800051ec	40fa5013	srai	x0,x20,0xf	 x20:0xffffffff
       16095000	      1608	800051f0	0011d663	bge	x3,x1,800051fc	  x3:0xff802e00  x1:0x00000000
       16105000	      1609	800051f4	4179dc33	sra	x24,x19,x23	 x19:0x00000000 x23:0xff8029da x24=0x00000000
       16115000	      1610	800051f8	d7272313	slti	x6,x14,-654	 x14:0xfffffcff  x6=0x00000001
       16125000	      1611	800051fc	0033d593	srli	x11,x7,0x3	  x7:0x80009f5c x11=0x100013eb
       16135000	      1612	80005200	039bfc63	bgeu	x23,x25,80005238	 x23:0xff8029da x25:0xffffffff
       16145000	      1613	80005204	00000013	addi	x0,x0,0	  x0:0x00000000
       16155000	      1614	80005208	40705ab3	sra	x21,x0,x7	  x0:0x00000000  x7:0x80009f5c x21=0x00000000
       16165000	      1615	8000520c	6282c497	auipc	x9,0x6282c	  x9=0xe2831208
       16175000	      1616	80005210	43feba13	sltiu	x20,x29,1087	 x29:0x8e87a0e8 x20=0x00000000
       16185000	      1617	80005214	4041d193	srai	x3,x3,0x4	  x3:0xff802e00  x3=0xfff802e0
       16195000	      1618	80005218	40eb5b93	srai	x23,x22,0xe	 x22:0x00000001 x23=0x00000000
       16205000	      1619	8000521c	e8647017	auipc	x0,0xe8647	
       16215000	      1620	80005220	1af98213	addi	x4,x19,431	 x19:0x00000000  x4=0x000001af
       16225000	      1621	80005224	01528d33	add	x26,x5,x21	  x5:0x00000000 x21:0x00000000 x26=0x00000000
       16235000	      1622	80005228	40635013	srai	x0,x6,0x6	  x6:0x00000001
       16245000	      1623	8000522c	04105263	bge	x0,x1,80005270	  x0:0x00000000  x1:0x00000000
       16255000	      1624	00000000	00000013	addi	x0,x0,0	  x0:0x00000000
       16265000	      1625	8000526c	00000013	addi	x0,x0,0	  x0:0x00000000
       16275000	      1626	80005270	00000013	addi	x0,x0,0	  x0:0x00000000
       16285000	      1627	80005274	01b5dc33	srl	x24,x11,x27	 x11:0x100013eb x27:0x24992e6c x24=0x00010001
       16295000	      1628	80005278	f84f0f93	addi	x31,x30,-124	 x30:0x0000007b x31=0xffffffff
       16305000	      1629	8000527c	01c99933	sll	x18,x19,x28	 x19:0x00000000 x28:0x00000000 x18=0x00000000
       16315000	      1630	80005280	8e2d0493	addi	x9,x26,-1822	 x26:0x00000000  x9=0xfffff8e2
       16325000	      1631	80005284	000f1233	sll	x4,x30,x0	 x30:0x0000007b  x0:0x00000000  x4=0x0000007b
       16335000	      1632	80005288	fbe4ee13	ori	x28,x9,-66	  x9:0xfffff8e2 x28=0xfffffffe
       16345000	      1633	8000528c	018fd2b3	srl	x5,x31,x24	 x31:0xffffffff x24:0x00010001  x5=0x7fffffff
       16355000	      1634	80005290	017d6463	bltu	x26,x23,80005298	 x26:0x00000000 x23:0x00000000
       16365000	      1635	80005294	95c84893	xori	x17,x16,-1700	 x16:0x00000000 x17=0xfffff95c
       16375000	      1636	80005298	0112a0b3	slt	x1,x5,x17	  x5:0x7fffffff x17:0xfffff95c  x1=0x00000000
       16385000	      1637	8000529c	4136d5b3	sra	x11,x13,x19	 x13:0x80000000 x19:0x00000000 x11=0x80000000
       16395000	      1638	800052a0	00ce3333	sltu	x6,x28,x12	 x28:0xfffffffe x12:0x6b4f2184  x6=0x00000000
       16405000	      1639	800052a4	a8e86893	ori	x17,x16,-1394	 x16:0x00000000 x17=0xfffffa8e
       16415000	      1640	800052a8	01f4fe63	bgeu	x9,x31,800052c4	  x9:0xfffff8e2 x31:0xffffffff
       16425000	      1641	800052ac	019e8733	add	x14,x29,x25	 x29:0x8e87a0e8 x25:0xffffffff x14=0x8e87a0e7
       16435000	      1642	800052b0	001d2cb3	slt	x25,x26,x1	 x26:0x00000000  x1:0x00000000 x25=0x00000000
       16445000	      1643	800052b4	0324c663	blt	x9,x18,800052e0	  x9:0xfffff8e2 x18:0x00000000
       16455000	      1644	00000000	00000013	addi	x0,x0,0	  x0:0x00000000
       16465000	      1645	800052dc	00000013	addi	x0,x0,0	  x0:0x00000000
       16475000	      1646	800052e0	019a4b33	xor	x22,x20,x25	 x20:0x00000000 x25:0x00000000 x22=0x00000000
       16485000	      1647	800052e4	008d6263	bltu	x26,x8,800052e8	 x26:0x00000000  x8:0xff80009f
       16495000	      1648	00000000	00000013	addi	x0,x0,0	  x0:0x00000000
       16505000	      1649	800052e4	00000013	addi	x0,x0,0	  x0:0x00000000
       16515000	      1650	800052e8	41b35013	srai	x0,x6,0x1b	  x6:0x00000000
       16525000	      1651	800052ec	012c8033	add	x0,x25,x18	 x25:0x00000000 x18:0x00000000
       16535000	      1652	800052f0	40a58db3	sub	x27,x11,x10	 x11:0x80000000 x10:0x831b2000 x27=0xfce4e000
       16545000	      1653	800052f4	410dd513	srai	x10,x27,0x10	 x27:0xfce4e000 x10=0xfffffce4
       16555000	      1654	800052f8	0010b733	sltu	x14,x1,x1	  x1:0x00000000  x1:0x00000000 x14=0x00000000
       16565000	      1655	800052fc	404802b3	sub	x5,x16,x4	 x16:0x00000000  x4:0x0000007b  x5=0xffffff85
       16575000	      1656	80005300	01bd21b3	slt	x3,x26,x27	 x26:0x00000000 x27:0xfce4e000  x3=0x00000000
       16585000	      1657	80005304	02a35863	bge	x6,x10,80005334	  x6:0x00000000 x10:0xfffffce4
       16595000	      1658	00000000	00000013	addi	x0,x0,0	  x0:0x00000000
       16605000	      1659	80005330	00000013	addi	x0,x0,0	  x0:0x00000000
       16615000	      1660	80005334	006c1033	sll	x0,x24,x6	 x24:0x00010001  x6:0x00000000
       16625000	      1661	80005338	057f8263	beq	x31,x23,8000537c	 x31:0xffffffff x23:0x00000000
       16635000	      1662	8000533c	4062dc13	srai	x24,x5,0x6	  x5:0xffffff85 x24=0xfffffffe
       16645000	      1663	80005340	013f6db3	or	x27,x30,x19	 x30:0x0000007b x19:0x00000000 x27=0x0000007b
       16655000	      1664	80005344	4ce2fd13	andi	x26,x5,1230	  x5:0xffffff85 x26=0x00000484
       16665000	      1665	80005348	0105f863	bgeu	x11,x16,80005358	 x11:0x80000000 x16:0x00000000
       16675000	      1666	00000000	00000013	addi	x0,x0,0	  x0:0x00000000
       16685000	      1667	80005354	00000013	addi	x0,x0,0	  x0:0x00000000
       16695000	      1668	80005358	6dce7c93	andi	x25,x28,1756	 x28:0xfffffffe x25=0x000006dc
       16705000	      1669	8000535c	058b9463	bne	x23,x24,800053a4	 x23:0x00000000 x24:0xfffffffe
       16715000	      1670	00000000	00000013	addi	x0,x0,0	  x0:0x00000000
       16725000	      1671	800053a0	00000013	addi	x0,x0,0	  x0:0x00000000
       16735000	      1672	800053a4	00d072b3	and	x5,x0,x13	  x0:0x00000000 x13:0x80000000  x5=0x00000000
       16745000	      1673	800053a8	00000013	addi	x0,x0,0	  x0:0x00000000
       16755000	      1674	800053ac	03ea5863	bge	x20,x30,800053dc	 x20:0x00000000 x30:0x0000007b
       16765000	      1675	800053b0	1a98f413	andi	x8,x17,425	 x17:0xfffffa8e  x8=0x00000088
       16775000	      1676	800053b4	01546cb3	or	x25,x8,x21	  x8:0x00000088 x21:0x00000000 x25=0x00000088
       16785000	      1677	800053b8	050df263	bgeu	x27,x16,800053fc	 x27:0x0000007b x16:0x00000000
       16795000	      1678	00000000	00000013	addi	x0,x0,0	  x0:0x00000000
       16805000	      1679	800053f8	00000013	addi	x0,x0,0	  x0:0x00000000
       16815000	      1680	800053fc	01fa1813	slli	x16,x20,0x1f	 x20:0x00000000 x16=0x00000000
       16825000	      1681	80005400	03f58663	beq	x11,x31,8000542c	 x11:0x80000000 x31:0xffffffff
       16835000	      1682	80005404	01525e63	bge	x4,x21,80005420	  x4:0x0000007b x21:0x00000000
       16845000	      1683	00000000	00000013	addi	x0,x0,0	  x0:0x00000000
       16855000	      1684	8000541c	00000013	addi	x0,x0,0	  x0:0x00000000
       16865000	      1685	80005420	006bcb33	xor	x22,x23,x6	 x23:0x00000000  x6:0x00000000 x22=0x00000000
       16875000	      1686	80005424	00e38633	add	x12,x7,x14	  x7:0x80009f5c x14:0x00000000 x12=0x80009f5c
       16885000	      1687	80005428	2a6be993	ori	x19,x23,678	 x23:0x00000000 x19=0x000002a6
       16895000	      1688	8000542c	408ada93	srai	x21,x21,0x8	 x21:0x00000000 x21=0x00000000
       16905000	      1689	80005430	01dc55b3	srl	x11,x24,x29	 x24:0xfffffffe x29:0x8e87a0e8 x11=0x00ffffff
       16915000	      1690	80005434	018234b3	sltu	x9,x4,x24	  x4:0x0000007b x24:0xfffffffe  x9=0x00000001
       16925000	      1691	80005438	00000013	addi	x0,x0,0	  x0:0x00000000
       16935000	      1692	8000543c	01a1be33	sltu	x28,x3,x26	  x3:0x00000000 x26:0x00000484 x28=0x00000001
       16945000	      1693	80005440	401dddb3	sra	x27,x27,x1	 x27:0x0000007b  x1:0x00000000 x27=0x0000007b
       16955000	      1694	80005444	03f7e263	bltu	x15,x31,80005468	 x15:0x80009fc4 x31:0xffffffff
       16965000	      1695	00000000	00000013	addi	x0,x0,0	  x0:0x00000000
       16975000	      1696	80005464	00000013	addi	x0,x0,0	  x0:0x00000000
       16985000	      1697	80005468	f8c58e13	addi	x28,x11,-116	 x11:0x00ffffff x28=0x00ffff8b
       16995000	      1698	8000546c	027ac863	blt	x21,x7,8000549c	 x21:0x00000000  x7:0x80009f5c
       17005000	      1699	80005470	01c69fb3	sll	x31,x13,x28	 x13:0x80000000 x28:0x00ffff8b x31=0x00000000
       17015000	      1700	80005474	00c8d293	srli	x5,x17,0xc	 x17:0xfffffa8e  x5=0x000fffff
       17025000	      1701	80005478	01e9da63	bge	x19,x30,8000548c	 x19:0x000002a6 x30:0x0000007b
       17035000	      1702	00000000	00000013	addi	x0,x0,0	  x0:0x00000000
       17045000	      1703	80005488	00000013	addi	x0,x0,0	  x0:0x00000000
       17055000	      1704	8000548c	8617ff13	andi	x30,x15,-1951	 x15:0x80009fc4 x30=0x80009840
       17065000	      1705	80005490	9df6fb13	andi	x22,x13,-1569	 x13:0x80000000 x22=0x80000000
       17075000	      1706	80005494	00989863	bne	x17,x9,800054a4	 x17:0xfffffa8e  x9:0x00000001
       17085000	      1707	00000000	00000013	addi	x0,x0,0	  x0:0x00000000
       17095000	      1708	800054a0	00000013	addi	x0,x0,0	  x0:0x00000000
       17105000	      1709	800054a4	996e3c13	sltiu	x24,x28,-1642	 x28:0x00ffff8b x24=0x00000001
       17115000	      1710	800054a8	cd522313	slti	x6,x4,-811	  x4:0x0000007b  x6=0x00000000
       17125000	      1711	800054ac	405551b3	sra	x3,x10,x5	 x10:0xfffffce4  x5:0x000fffff  x3=0xffffffff
       17135000	      1712	800054b0	00681113	slli	x2,x16,0x6	 x16:0x00000000  x2=0x00000000
       17145000	      1713	800054b4	646a3293	sltiu	x5,x20,1606	 x20:0x00000000  x5=0x00000001
       17155000	      1714	800054b8	98f04337	lui	x6,0x98f04	  x6=0x98f04000
       17165000	      1715	800054bc	41d1d233	sra	x4,x3,x29	  x3:0xffffffff x29:0x8e87a0e8  x4=0xffffffff
       17175000	      1716	800054c0	016532b3	sltu	x5,x10,x22	 x10:0xfffffce4 x22:0x80000000  x5=0x00000000
       17185000	      1717	800054c4	01213033	sltu	x0,x2,x18	  x2:0x00000000 x18:0x00000000
       17195000	      1718	800054c8	015ba433	slt	x8,x23,x21	 x23:0x00000000 x21:0x00000000  x8=0x00000000
       17205000	      1719	800054cc	05cf3413	sltiu	x8,x30,92	 x30:0x80009840  x8=0x00000000
       17215000	      1720	800054d0	6373ac13	slti	x24,x7,1591	  x7:0x80009f5c x24=0x00000001
       17225000	      1721	800054d4	000175b3	and	x11,x2,x0	  x2:0x00000000  x0:0x00000000 x11=0x00000000
       17235000	      1722	800054d8	2b198017	auipc	x0,0x2b198	
       17245000	      1723	800054dc	05211263	bne	x2,x18,80005520	  x2:0x00000000 x18:0x00000000
       17255000	      1724	800054e0	01541f93	slli	x31,x8,0x15	  x8:0x00000000 x31=0x00000000
       17265000	      1725	800054e4	40f85e13	srai	x28,x16,0xf	 x16:0x00000000 x28=0x00000000
       17275000	      1726	800054e8	004598b3	sll	x17,x11,x4	 x11:0x00000000  x4:0xffffffff x17=0x00000000
       17285000	      1727	800054ec	009af663	bgeu	x21,x9,800054f8	 x21:0x00000000  x9:0x00000001
       17295000	      1728	800054f0	01f21d93	slli	x27,x4,0x1f	  x4:0xffffffff x27=0x80000000
       17305000	      1729	800054f4	40c0d913	srai	x18,x1,0xc	  x1:0x00000000 x18=0x00000000
       17315000	      1730	800054f8	160da817	auipc	x16,0x160da	 x16=0x960df4f4
       17325000	      1731	800054fc	04620463	beq	x4,x6,80005544	  x4:0xffffffff  x6:0x98f04000
       17335000	      1732	80005500	5f2baf93	slti	x31,x23,1522	 x23:0x00000000 x31=0x00000001
       17345000	      1733	80005504	41635c13	srai	x24,x6,0x16	  x6:0x98f04000 x24=0xfffffe63
       17355000	      1734	80005508	014a70b3	and	x1,x20,x20	 x20:0x00000000 x20:0x00000000  x1=0x00000000
       17365000	      1735	8000550c	31dd3593	sltiu	x11,x26,797	 x26:0x00000484 x11=0x00000000
       17375000	      1736	80005510	05c47463	bgeu	x8,x28,80005558	  x8:0x00000000 x28:0x00000000
       17385000	      1737	00000000	00000013	addi	x0,x0,0	  x0:0x00000000
       17395000	      1738	80005554	00000013	addi	x0,x0,0	  x0:0x00000000
       17405000	      1739	80005558	bd098ab7	lui	x21,0xbd098	 x21=0xbd098000
       17415000	      1740	8000555c	df047213	andi	x4,x8,-528	  x8:0x00000000  x4=0x00000000
       17425000	      1741	80005560	5bc28713	addi	x14,x5,1468	  x5:0x00000000 x14=0x000005bc
       17435000	      1742	80005564	00f96463	bltu	x18,x15,8000556c	 x18:0x00000000 x15:0x80009fc4
       17445000	      1743	00000000	00000013	addi	x0,x0,0	  x0:0x00000000
       17455000	      1744	80005568	00000013	addi	x0,x0,0	  x0:0x00000000
       17465000	      1745	8000556c	df10f113	andi	x2,x1,-527	  x1:0x00000000  x2=0x00000000
       17475000	      1746	80005570	11b52813	slti	x16,x10,283	 x10:0xfffffce4 x16=0x00000001
       17485000	      1747	80005574	016842b3	xor	x5,x16,x22	 x16:0x00000001 x22:0x80000000  x5=0x80000001
       17495000	      1748	80005578	1e0e4a93	xori	x21,x28,480	 x28:0x00000000 x21=0x000001e0
       17505000	      1749	8000557c	01895eb3	srl	x29,x18,x24	 x18:0x00000000 x24:0xfffffe63 x29=0x00000000
       17515000	      1750	80005580	004348b3	xor	x17,x6,x4	  x6:0x98f04000  x4:0x00000000 x17=0x98f04000
       17525000	      1751	80005584	0128fab3	and	x21,x17,x18	 x17:0x98f04000 x18:0x00000000 x21=0x00000000
       17535000	      1752	80005588	411452b3	sra	x5,x8,x17	  x8:0x00000000 x17:0x98f04000  x5=0x00000000
       17545000	      1753	8000558c	022a7663	bgeu	x20,x2,800055b8	 x20:0x00000000  x2:0x00000000
       17555000	      1754	00000000	00000013	addi	x0,x0,0	  x0:0x00000000
       17565000	      1755	800055b4	00000013	addi	x0,x0,0	  x0:0x00000000
       17575000	      1756	800055b8	0066e633	or	x12,x13,x6	 x13:0x80000000  x6:0x98f04000 x12=0x98f04000
       17585000	      1757	800055bc	04915863	bge	x2,x9,8000560c	  x2:0x00000000  x9:0x00000001
       17595000	      1758	800055c0	555e9a37	lui	x20,0x555e9	 x20=0x555e9000
       17605000	      1759	800055c4	478d4b93	xori	x23,x26,1144	 x26:0x00000484 x23=0x000000fc
       17615000	      1760	800055c8	02434c63	blt	x6,x4,80005600	  x6:0x98f04000  x4:0x00000000
       17625000	      1761	00000000	00000013	addi	x0,x0,0	  x0:0x00000000
       17635000	      1762	800055fc	00000013	addi	x0,x0,0	  x0:0x00000000
       17645000	      1763	80005600	000b30b3	sltu	x1,x22,x0	 x22:0x80000000  x0:0x00000000  x1=0x00000000
       17655000	      1764	80005604	0233f863	bgeu	x7,x3,80005634	  x7:0x80009f5c  x3:0xffffffff
       17665000	      1765	80005608	01fa6263	bltu	x20,x31,8000560c	 x20:0x555e9000 x31:0x00000001
       17675000	      1766	8000560c	0077be33	sltu	x28,x15,x7	 x15:0x80009fc4  x7:0x80009f5c x28=0x00000000
       17685000	      1767	80005610	013b3733	sltu	x14,x22,x19	 x22:0x80000000 x19:0x000002a6 x14=0x00000000
       17695000	      1768	80005614	4a48f493	andi	x9,x17,1188	 x17:0x98f04000  x9=0x00000000
       17705000	      1769	80005618	03ef1e63	bne	x30,x30,80005654	 x30:0x80009840 x30:0x80009840
       17715000	      1770	8000561c	39453413	sltiu	x8,x10,916	 x10:0xfffffce4  x8=0x00000000
       17725000	      1771	80005620	00e342b3	xor	x5,x6,x14	  x6:0x98f04000 x14:0x00000000  x5=0x98f04000
       17735000	      1772	80005624	016dde13	srli	x28,x27,0x16	 x27:0x80000000 x28=0x00000200
       17745000	      1773	80005628	01265c33	srl	x24,x12,x18	 x12:0x98f04000 x18:0x00000000 x24=0x98f04000
       17755000	      1774	8000562c	40775db3	sra	x27,x14,x7	 x14:0x00000000  x7:0x80009f5c x27=0x00000000
       17765000	      1775	80005630	012d9613	slli	x12,x27,0x12	 x27:0x00000000 x12=0x00000000
       17775000	      1776	80005634	0188f0b3	and	x1,x17,x24	 x17:0x98f04000 x24:0x98f04000  x1=0x98f04000
       17785000	      1777	80005638	056d4263	blt	x26,x22,8000567c	 x26:0x00000484 x22:0x80000000
       17795000	      1778	8000563c	fd2eb913	sltiu	x18,x29,-46	 x29:0x00000000 x18=0x00000001
       17805000	      1779	80005640	3bb17113	andi	x2,x2,955	  x2:0x00000000  x2=0x00000000
       17815000	      1780	80005644	11384893	xori	x17,x16,275	 x16:0x00000001 x17=0x00000112
       17825000	      1781	80005648	042d6263	bltu	x26,x2,8000568c	 x26:0x00000484  x2:0x00000000
       17835000	      1782	8000564c	f7e12293	slti	x5,x2,-130	  x2:0x00000000  x5=0x00000000
       17845000	      1783	80005650	00cc9a93	slli	x21,x25,0xc	 x25:0x00000088 x21=0x00088000
       17855000	      1784	80005654	03fb8c63	beq	x23,x31,8000568c	 x23:0x000000fc x31:0x00000001
       17865000	      1785	80005658	413a81b3	sub	x3,x21,x19	 x21:0x00088000 x19:0x000002a6  x3=0x00087d5a
       17875000	      1786	8000565c	41dd54b3	sra	x9,x26,x29	 x26:0x00000484 x29:0x00000000  x9=0x00000484
       17885000	      1787	80005660	01893d33	sltu	x26,x18,x24	 x18:0x00000001 x24:0x98f04000 x26=0x00000001
       17895000	      1788	80005664	411f5513	srai	x10,x30,0x11	 x30:0x80009840 x10=0xffffc000
       17905000	      1789	80005668	0042a933	slt	x18,x5,x4	  x5:0x00000000  x4:0x00000000 x18=0x00000000
       17915000	      1790	8000566c	005f0b33	add	x22,x30,x5	 x30:0x80009840  x5:0x00000000 x22=0x80009840
       17925000	      1791	80005670	01477663	bgeu	x14,x20,8000567c	 x14:0x00000000 x20:0x555e9000
       17935000	      1792	80005674	81b06993	ori	x19,x0,-2021	  x0:0x00000000 x19=0xfffff81b
       17945000	      1793	80005678	6fab09b7	lui	x19,0x6fab0	 x19=0x6fab0000
       17955000	      1794	8000567c	00165113	srli	x2,x12,0x1	 x12:0x00000000  x2=0x00000000
       17965000	      1795	80005680	52650017	auipc	x0,0x52650	
       17975000	      1796	80005684	18450437	lui	x8,0x18450	  x8=0x18450000
       17985000	      1797	80005688	0234dc63	bge	x9,x3,800056c0	  x9:0x00000484  x3:0x00087d5a
       17995000	      1798	8000568c	05845263	bge	x8,x24,800056d0	  x8:0x18450000 x24:0x98f04000
       18005000	      1799	00000000	00000013	addi	x0,x0,0	  x0:0x00000000
       18015000	      1800	800056cc	00000013	addi	x0,x0,0	  x0:0x00000000
       18025000	      1801	800056d0	01fa1013	slli	x0,x20,0x1f	 x20:0x555e9000
       18035000	      1802	800056d4	00c89f93	slli	x31,x17,0xc	 x17:0x00000112 x31=0x00112000
       18045000	      1803	800056d8	00003d17	auipc	x26,0x3	 x26=0x800086d4
       18055000	      1804	800056dc	f97d0d13	addi	x26,x26,-105	 x26:0x800086d4 x26=0x8000866b
       18065000	      1805	800056e0	064d0a03	lb	x20,100(x26)	 x26:0x8000866b x20=0xffffff84 PA:0x800086cf
       18075000	      1806	800056e4	0e5d1003	lh	x0,229(x26)	 x26:0x8000866b PA:0x80008750
       18085000	      1807	800056e8	7feed2b7	lui	x5,0x7feed	  x5=0x7feed000
       18095000	      1808	800056ec	0020f633	and	x12,x1,x2	  x1:0x98f04000  x2:0x00000000 x12=0x00000000
       18105000	      1809	800056f0	83bcb713	sltiu	x14,x25,-1989	 x25:0x00000088 x14=0x00000001
       18115000	      1810	800056f4	0c8d4d83	lbu	x27,200(x26)	 x26:0x8000866b x27=0x000000e8 PA:0x80008733
       18125000	      1811	800056f8	4063d733	sra	x14,x7,x6	  x7:0x80009f5c  x6:0x98f04000 x14=0x80009f5c
       18135000	      1812	800056fc	0f3d1f83	lh	x31,243(x26)	 x26:0x8000866b x31=0x00001415 PA:0x8000875e
       18145000	      1813	80005700	01dbdf13	srli	x30,x23,0x1d	 x23:0x000000fc x30=0x00000000
       18155000	      1814	80005704	fe1d0d23	sb	x1,-6(x26)	 x26:0x8000866b  x1:0x98f04000 PA:0x80008665
       18165000	      1815	80005708	00d705b3	add	x11,x14,x13	 x14:0x80009f5c x13:0x80000000 x11=0x00009f5c
       18175000	      1816	8000570c	00a4d533	srl	x10,x9,x10	  x9:0x00000484 x10:0xffffc000 x10=0x00000484
       18185000	      1817	80005710	01d2b0b3	sltu	x1,x5,x29	  x5:0x7feed000 x29:0x00000000  x1=0x00000000
       18195000	      1818	80005714	f4cd1ba3	sh	x12,-169(x26)	 x26:0x8000866b x12:0x00000000 PA:0x800085c2
       18205000	      1819	80005718	00ff5a13	srli	x20,x30,0xf	 x30:0x00000000 x20=0x00000000
       18215000	      1820	8000571c	009d4983	lbu	x19,9(x26)	 x26:0x8000866b x19=0x0000002f PA:0x80008674
       18225000	      1821	80005720	abfd4637	lui	x12,0xabfd4	 x12=0xabfd4000
       18235000	      1822	80005724	f42d0203	lb	x4,-190(x26)	 x26:0x8000866b  x4=0x00000066 PA:0x800085ad
       18245000	      1823	80005728	00dd0aa3	sb	x13,21(x26)	 x26:0x8000866b x13:0x80000000 PA:0x80008680
       18255000	      1824	8000572c	0fcd0e23	sb	x28,252(x26)	 x26:0x8000866b x28:0x00000200 PA:0x80008767
       18265000	      1825	80005730	0bcd4983	lbu	x19,188(x26)	 x26:0x8000866b x19=0x000000dc PA:0x80008727
       18275000	      1826	80005734	0a3d0183	lb	x3,163(x26)	 x26:0x8000866b  x3=0x00000001 PA:0x8000870e
       18285000	      1827	80005738	09ad0283	lb	x5,154(x26)	 x26:0x8000866b  x5=0xffffffbe PA:0x80008705
       18295000	      1828	8000573c	f98d0c83	lb	x25,-104(x26)	 x26:0x8000866b x25=0xffffffb8 PA:0x80008603
       18305000	      1829	80005740	74d22613	slti	x12,x4,1869	  x4:0x00000066 x12=0x00000001
       18315000	      1830	80005744	035d5703	lhu	x14,53(x26)	 x26:0x8000866b x14=0x00005a5b PA:0x800086a0
       18325000	      1831	80005748	002fd033	srl	x0,x31,x2	 x31:0x00001415  x2:0x00000000
       18335000	      1832	8000574c	086d07a3	sb	x6,143(x26)	 x26:0x8000866b  x6:0x98f04000 PA:0x800086fa
       18345000	      1833	80005750	f5bd19a3	sh	x27,-173(x26)	 x26:0x8000866b x27:0x000000e8 PA:0x800085be
       18355000	      1834	80005754	94db7a13	andi	x20,x22,-1715	 x22:0x80009840 x20=0x80009840
       18365000	      1835	80005758	00a4bb33	sltu	x22,x9,x10	  x9:0x00000484 x10:0x00000484 x22=0x00000000
       18375000	      1836	8000575c	043d1f83	lh	x31,67(x26)	 x26:0x8000866b x31=0xffffff65 PA:0x800086ae
       18385000	      1837	80005760	012ad833	srl	x16,x21,x18	 x21:0x00088000 x18:0x00000000 x16=0x00088000
       18395000	      1838	80005764	fe7d08a3	sb	x7,-15(x26)	 x26:0x8000866b  x7:0x80009f5c PA:0x8000865c
       18405000	      1839	80005768	0097cf33	xor	x30,x15,x9	 x15:0x80009fc4  x9:0x00000484 x30=0x80009b40
       18415000	      1840	8000576c	f6bd0f83	lb	x31,-149(x26)	 x26:0x8000866b x31=0xffffff8d PA:0x800085d6
       18425000	      1841	80005770	01e47233	and	x4,x8,x30	  x8:0x18450000 x30:0x80009b40  x4=0x00000000
       18435000	      1842	80005774	019e3133	sltu	x2,x28,x25	 x28:0x00000200 x25:0xffffffb8  x2=0x00000001
       18445000	      1843	80005778	008d1813	slli	x16,x26,0x8	 x26:0x8000866b x16=0x00866b00
       18455000	      1844	8000577c	1ea3a813	slti	x16,x7,490	  x7:0x80009f5c x16=0x00000001
       18465000	      1845	80005780	085d4a03	lbu	x20,133(x26)	 x26:0x8000866b x20=0x000000ab PA:0x800086f0
       18475000	      1846	80005784	069d0c83	lb	x25,105(x26)	 x26:0x8000866b x25=0xffffff8f PA:0x800086d4
       18485000	      1847	80005788	085d1d83	lh	x27,133(x26)	 x26:0x8000866b x27=0xffffaaab PA:0x800086f0
       18495000	      1848	8000578c	009774b3	and	x9,x14,x9	 x14:0x00005a5b  x9:0x00000484  x9=0x00000000
       18505000	      1849	80005790	f79d0a23	sb	x25,-140(x26)	 x26:0x8000866b x25:0xffffff8f PA:0x800085df
       18515000	      1850	80005794	0ea80b13	addi	x22,x16,234	 x16:0x00000001 x22=0x000000eb
       18525000	      1851	80005798	fa5d1983	lh	x19,-91(x26)	 x26:0x8000866b x19=0xffffcacb PA:0x80008610
       18535000	      1852	8000579c	01962eb3	slt	x29,x12,x25	 x12:0x00000001 x25:0xffffff8f x29=0x00000000
       18545000	      1853	800057a0	0cfd01a3	sb	x15,195(x26)	 x26:0x8000866b x15:0x80009fc4 PA:0x8000872e
       18555000	      1854	800057a4	04a70463	beq	x14,x10,800057ec	 x14:0x00005a5b x10:0x00000484
       18565000	      1855	800057a8	01325663	bge	x4,x19,800057b4	  x4:0x00000000 x19:0xffffcacb
       18575000	      1856	00000000	00000013	addi	x0,x0,0	  x0:0x00000000
       18585000	      1857	800057b0	00000013	addi	x0,x0,0	  x0:0x00000000
       18595000	      1858	800057b4	01cd25b3	slt	x11,x26,x28	 x26:0x8000866b x28:0x00000200 x11=0x00000001
       18605000	      1859	800057b8	0115f463	bgeu	x11,x17,800057c0	 x11:0x00000001 x17:0x00000112
       18615000	      1860	800057bc	0137b033	sltu	x0,x15,x19	 x15:0x80009fc4 x19:0xffffcacb
       18625000	      1861	800057c0	47343a93	sltiu	x21,x8,1139	  x8:0x18450000 x21=0x00000000
       18635000	      1862	800057c4	02f60a63	beq	x12,x15,800057f8	 x12:0x00000001 x15:0x80009fc4
       18645000	      1863	800057c8	016eb933	sltu	x18,x29,x22	 x29:0x00000000 x22:0x000000eb x18=0x00000001
       18655000	      1864	800057cc	493b3213	sltiu	x4,x22,1171	 x22:0x000000eb  x4=0x00000001
       18665000	      1865	800057d0	011255b3	srl	x11,x4,x17	  x4:0x00000001 x17:0x00000112 x11=0x00000000
       18675000	      1866	800057d4	00ee22b3	slt	x5,x28,x14	 x28:0x00000200 x14:0x00005a5b  x5=0x00000001
       18685000	      1867	800057d8	e9f6cb93	xori	x23,x13,-353	 x13:0x80000000 x23=0x7ffffe9f
       18695000	      1868	800057dc	3ff4c513	xori	x10,x9,1023	  x9:0x00000000 x10=0x000003ff
       18705000	      1869	800057e0	7c664417	auipc	x8,0x7c664	  x8=0xfc6697dc
       18715000	      1870	800057e4	010092b3	sll	x5,x1,x16	  x1:0x00000000 x16:0x00000001  x5=0x00000000
       18725000	      1871	800057e8	006add13	srli	x26,x21,0x6	 x21:0x00000000 x26=0x00000000
       18735000	      1872	800057ec	00dd9e63	bne	x27,x13,80005808	 x27:0xffffaaab x13:0x80000000
       18745000	      1873	00000000	00000013	addi	x0,x0,0	  x0:0x00000000
       18755000	      1874	80005804	00000013	addi	x0,x0,0	  x0:0x00000000
       18765000	      1875	80005808	04c8e263	bltu	x17,x12,8000584c	 x17:0x00000112 x12:0x00000001
       18775000	      1876	8000580c	7fd86513	ori	x10,x16,2045	 x16:0x00000001 x10=0x000007fd
       18785000	      1877	80005810	0482f263	bgeu	x5,x8,80005854	  x5:0x00000000  x8:0xfc6697dc
       18795000	      1878	80005814	bbbdf113	andi	x2,x27,-1093	 x27:0xffffaaab  x2=0xffffaaab
       18805000	      1879	80005818	3f38f493	andi	x9,x17,1011	 x17:0x00000112  x9=0x00000112
       18815000	      1880	8000581c	ba246093	ori	x1,x8,-1118	  x8:0xfc6697dc  x1=0xfffffffe
       18825000	      1881	80005820	0146bd33	sltu	x26,x13,x20	 x13:0x80000000 x20:0x000000ab x26=0x00000000
       18835000	      1882	80005824	00e61eb3	sll	x29,x12,x14	 x12:0x00000001 x14:0x00005a5b x29=0x08000000
       18845000	      1883	80005828	015aea63	bltu	x21,x21,8000583c	 x21:0x00000000 x21:0x00000000
       18855000	      1884	8000582c	3312b493	sltiu	x9,x5,817	  x5:0x00000000  x9=0x00000001
       18865000	      1885	80005830	01df92b3	sll	x5,x31,x29	 x31:0xffffff8d x29:0x08000000  x5=0xffffff8d
       18875000	      1886	80005834	6b367893	andi	x17,x12,1715	 x12:0x00000001 x17=0x00000001
       18885000	      1887	80005838	c9746013	ori	x0,x8,-873	  x8:0xfc6697dc
       18895000	      1888	8000583c	020c9663	bne	x25,x0,80005868	 x25:0xffffff8f  x0:0x00000000
       18905000	      1889	00000000	00000013	addi	x0,x0,0	  x0:0x00000000
       18915000	      1890	80005864	00000013	addi	x0,x0,0	  x0:0x00000000
       18925000	      1891	80005868	01871493	slli	x9,x14,0x18	 x14:0x00005a5b  x9=0x5b000000
       18935000	      1892	8000586c	40e1d8b3	sra	x17,x3,x14	  x3:0x00000001 x14:0x00005a5b x17=0x00000000
       18945000	      1893	80005870	03026863	bltu	x4,x16,800058a0	  x4:0x00000001 x16:0x00000001
       18955000	      1894	80005874	00f9db13	srli	x22,x19,0xf	 x19:0xffffcacb x22=0x0001ffff
       18965000	      1895	80005878	bdcc2d13	slti	x26,x24,-1060	 x24:0x98f04000 x26=0x00000001
       18975000	      1896	8000587c	3f8ce293	ori	x5,x25,1016	 x25:0xffffff8f  x5=0xffffffff
       18985000	      1897	80005880	00cbd663	bge	x23,x12,8000588c	 x23:0x7ffffe9f x12:0x00000001
       18995000	      1898	00000000	00000013	addi	x0,x0,0	  x0:0x00000000
       19005000	      1899	80005888	00000013	addi	x0,x0,0	  x0:0x00000000
       19015000	      1900	8000588c	20bd3517	auipc	x10,0x20bd3	 x10=0xa0bd8888
       19025000	      1901	80005890	b7fd7f13	andi	x30,x26,-1153	 x26:0x00000001 x30=0x00000001
       19035000	      1902	80005894	00b69263	bne	x13,x11,80005898	 x13:0x80000000 x11:0x00000000
       19045000	      1903	00000000	00000013	addi	x0,x0,0	  x0:0x00000000
       19055000	      1904	80005894	00000013	addi	x0,x0,0	  x0:0x00000000
       19065000	      1905	80005898	40788c33	sub	x24,x17,x7	 x17:0x00000000  x7:0x80009f5c x24=0x7fff60a4
       19075000	      1906	8000589c	c2b37013	andi	x0,x6,-981	  x6:0x98f04000
       19085000	      1907	800058a0	83764613	xori	x12,x12,-1993	 x12:0x00000001 x12=0xfffff836
       19095000	      1908	800058a4	75f2fc37	lui	x24,0x75f2f	 x24=0x75f2f000
       19105000	      1909	800058a8	95a68293	addi	x5,x13,-1702	 x13:0x80000000  x5=0x7ffff95a
       19115000	      1910	800058ac	00f719b3	sll	x19,x14,x15	 x14:0x00005a5b x15:0x80009fc4 x19=0x0005a5b0
       19125000	      1911	800058b0	003eddb3	srl	x27,x29,x3	 x29:0x08000000  x3:0x00000001 x27=0x04000000
       19135000	      1912	800058b4	011cec63	bltu	x25,x17,800058cc	 x25:0xffffff8f x17:0x00000000
       19145000	      1913	800058b8	00158863	beq	x11,x1,800058c8	 x11:0x00000000  x1:0xfffffffe
       19155000	      1914	800058bc	df8afa97	auipc	x21,0xdf8af	 x21=0x5f8b48b8
       19165000	      1915	800058c0	6d0d8f13	addi	x30,x27,1744	 x27:0x04000000 x30=0x040006d0
       19175000	      1916	800058c4	01114b33	xor	x22,x2,x17	  x2:0xffffaaab x17:0x00000000 x22=0xffffaaab
       19185000	      1917	800058c8	00000013	addi	x0,x0,0	  x0:0x00000000
       19195000	      1918	800058cc	00da62b3	or	x5,x20,x13	 x20:0x000000ab x13:0x80000000  x5=0x800000ab
       19205000	      1919	800058d0	008d04b3	add	x9,x26,x8	 x26:0x00000001  x8:0xfc6697dc  x9=0xfc6697dd
       19215000	      1920	800058d4	00000013	addi	x0,x0,0	  x0:0x00000000
       19225000	      1921	800058d8	00fe5613	srli	x12,x28,0xf	 x28:0x00000200 x12=0x00000000
       19235000	      1922	800058dc	aa146093	ori	x1,x8,-1375	  x8:0xfc6697dc  x1=0xfffffffd
       19245000	      1923	800058e0	4adec513	xori	x10,x29,1197	 x29:0x08000000 x10=0x080004ad
       19255000	      1924	800058e4	049bd863	bge	x23,x9,80005934	 x23:0x7ffffe9f  x9:0xfc6697dd
       19265000	      1925	00000000	00000013	addi	x0,x0,0	  x0:0x00000000
       19275000	      1926	80005930	00000013	addi	x0,x0,0	  x0:0x00000000
       19285000	      1927	80005934	017c0663	beq	x24,x23,80005940	 x24:0x75f2f000 x23:0x7ffffe9f
       19295000	      1928	80005938	02b44a63	blt	x8,x11,8000596c	  x8:0xfc6697dc x11:0x00000000
       19305000	      1929	00000000	00000013	addi	x0,x0,0	  x0:0x00000000
       19315000	      1930	80005968	00000013	addi	x0,x0,0	  x0:0x00000000
       19325000	      1931	8000596c	005acbb3	xor	x23,x21,x5	 x21:0x5f8b48b8  x5:0x800000ab x23=0xdf8b4813
       19335000	      1932	80005970	52354713	xori	x14,x10,1315	 x10:0x080004ad x14=0x0800018e
       19345000	      1933	80005974	0145aab3	slt	x21,x11,x20	 x11:0x00000000 x20:0x000000ab x21=0x00000001
       19355000	      1934	80005978	18546093	ori	x1,x8,389	  x8:0xfc6697dc  x1=0xfc6697dd
       19365000	      1935	8000597c	01175f33	srl	x30,x14,x17	 x14:0x0800018e x17:0x00000000 x30=0x0800018e
       19375000	      1936	80005980	a9b88e97	auipc	x29,0xa9b88	 x29=0x29b8d97c
       19385000	      1937	80005984	024b4db7	lui	x27,0x24b4	 x27=0x024b4000
       19395000	      1938	80005988	41b35d93	srai	x27,x6,0x1b	  x6:0x98f04000 x27=0xfffffff3
       19405000	      1939	8000598c	40cd08b3	sub	x17,x26,x12	 x26:0x00000001 x12:0x00000000 x17=0x00000001
       19415000	      1940	80005990	015db433	sltu	x8,x27,x21	 x27:0xfffffff3 x21:0x00000001  x8=0x00000000
       19425000	      1941	80005994	00075713	srli	x14,x14,0x0	 x14:0x0800018e x14=0x0800018e
       19435000	      1942	80005998	01db8533	add	x10,x23,x29	 x23:0xdf8b4813 x29:0x29b8d97c x10=0x0944218f
       19445000	      1943	8000599c	04674863	blt	x14,x6,800059ec	 x14:0x0800018e  x6:0x98f04000
       19455000	      1944	800059a0	00000013	addi	x0,x0,0	  x0:0x00000000
       19465000	      1945	800059a4	41648bb3	sub	x23,x9,x22	  x9:0xfc6697dd x22:0xffffaaab x23=0xfc66ed32
       19475000	      1946	800059a8	00ed8863	beq	x27,x14,800059b8	 x27:0xfffffff3 x14:0x0800018e
       19485000	      1947	800059ac	0221e863	bltu	x3,x2,800059dc	  x3:0x00000001  x2:0xffffaaab
       19495000	      1948	00000000	00000013	addi	x0,x0,0	  x0:0x00000000
       19505000	      1949	800059d8	00000013	addi	x0,x0,0	  x0:0x00000000
       19515000	      1950	800059dc	01ca2eb3	slt	x29,x20,x28	 x20:0x000000ab x28:0x00000200 x29=0x00000001
       19525000	      1951	800059e0	01f632b3	sltu	x5,x12,x31	 x12:0x00000000 x31:0xffffff8d  x5=0x00000001
       19535000	      1952	800059e4	001300b3	add	x1,x6,x1	  x6:0x98f04000  x1:0xfc6697dd  x1=0x9556d7dd
       19545000	      1953	800059e8	41a05eb3	sra	x29,x0,x26	  x0:0x00000000 x26:0x00000001 x29=0x00000000
       19555000	      1954	800059ec	d270b593	sltiu	x11,x1,-729	  x1:0x9556d7dd x11=0x00000001
       19565000	      1955	800059f0	3ec53013	sltiu	x0,x10,1004	 x10:0x0944218f
       19575000	      1956	800059f4	0204e863	bltu	x9,x0,80005a24	  x9:0xfc6697dd  x0:0x00000000
       19585000	      1957	800059f8	01835313	srli	x6,x6,0x18	  x6:0x98f04000  x6=0x00000098
       19595000	      1958	800059fc	411e82b3	sub	x5,x29,x17	 x29:0x00000000 x17:0x00000001  x5=0xffffffff
       19605000	      1959	80005a00	40e3d893	srai	x17,x7,0xe	  x7:0x80009f5c x17=0xfffe0002
       19615000	      1960	80005a04	011958b3	srl	x17,x18,x17	 x18:0x00000001 x17:0xfffe0002 x17=0x00000000
       19625000	      1961	80005a08	c9d62d93	slti	x27,x12,-867	 x12:0x00000000 x27=0x00000000
       19635000	      1962	80005a0c	00000013	addi	x0,x0,0	  x0:0x00000000
       19645000	      1963	80005a10	00f01c93	slli	x25,x0,0xf	  x0:0x00000000 x25=0x00000000
       19655000	      1964	80005a14	04f96263	bltu	x18,x15,80005a58	 x18:0x00000001 x15:0x80009fc4
       19665000	      1965	00000000	00000013	addi	x0,x0,0	  x0:0x00000000
       19675000	      1966	80005a54	00000013	addi	x0,x0,0	  x0:0x00000000
       19685000	      1967	80005a58	400059b3	sra	x19,x0,x0	  x0:0x00000000  x0:0x00000000 x19=0x00000000
       19695000	      1968	80005a5c	d70c8c13	addi	x24,x25,-656	 x25:0x00000000 x24=0xfffffd70
       19705000	      1969	80005a60	023f9263	bne	x31,x3,80005a84	 x31:0xffffff8d  x3:0x00000001
       19715000	      1970	00000000	00000013	addi	x0,x0,0	  x0:0x00000000
       19725000	      1971	80005a80	00000013	addi	x0,x0,0	  x0:0x00000000
       19735000	      1972	80005a84	01a192b3	sll	x5,x3,x26	  x3:0x00000001 x26:0x00000001  x5=0x00000002
       19745000	      1973	80005a88	00535d33	srl	x26,x6,x5	  x6:0x00000098  x5:0x00000002 x26=0x00000026
       19755000	      1974	80005a8c	00e6d033	srl	x0,x13,x14	 x13:0x80000000 x14:0x0800018e
       19765000	      1975	80005a90	2a78f593	andi	x11,x17,679	 x17:0x00000000 x11=0x00000000
       19775000	      1976	80005a94	5e740097	auipc	x1,0x5e740	  x1=0xde745a90
       19785000	      1977	80005a98	05b61263	bne	x12,x27,80005adc	 x12:0x00000000 x27:0x00000000
       19795000	      1978	80005a9c	137dc513	xori	x10,x27,311	 x27:0x00000000 x10=0x00000137
       19805000	      1979	80005aa0	9ed12513	slti	x10,x2,-1555	  x2:0xffffaaab x10=0x00000001
       19815000	      1980	80005aa4	05e1e463	bltu	x3,x30,80005aec	  x3:0x00000001 x30:0x0800018e
       19825000	      1981	00000000	00000013	addi	x0,x0,0	  x0:0x00000000
       19835000	      1982	80005ae8	00000013	addi	x0,x0,0	  x0:0x00000000
       19845000	      1983	80005aec	00367fb3	and	x31,x12,x3	 x12:0x00000000  x3:0x00000001 x31=0x00000000
       19855000	      1984	80005af0	015a8263	beq	x21,x21,80005af4	 x21:0x00000001 x21:0x00000001
       19865000	      1985	00000000	00000013	addi	x0,x0,0	  x0:0x00000000
       19875000	      1986	80005af0	00000013	addi	x0,x0,0	  x0:0x00000000
       19885000	      1987	80005af4	00179a63	bne	x15,x1,80005b08	 x15:0x80009fc4  x1:0xde745a90
       19895000	      1988	00000000	00000013	addi	x0,x0,0	  x0:0x00000000
       19905000	      1989	80005b04	00000013	addi	x0,x0,0	  x0:0x00000000
       19915000	      1990	80005b08	1154cf93	xori	x31,x9,277	  x9:0xfc6697dd x31=0xfc6696c8
       19925000	      1991	80005b0c	01416233	or	x4,x2,x20	  x2:0xffffaaab x20:0x000000ab  x4=0xffffaaab
       19935000	      1992	80005b10	00000013	addi	x0,x0,0	  x0:0x00000000
       19945000	      1993	80005b14	05d44263	blt	x8,x29,80005b58	  x8:0x00000000 x29:0x00000000
       19955000	      1994	80005b18	03174663	blt	x14,x17,80005b44	 x14:0x0800018e x17:0x00000000
       19965000	      1995	80005b1c	00a83a33	sltu	x20,x16,x10	 x16:0x00000001 x10:0x00000001 x20=0x00000000
       19975000	      1996	80005b20	419bdeb3	sra	x29,x23,x25	 x23:0xfc66ed32 x25:0x00000000 x29=0xfc66ed32
       19985000	      1997	80005b24	00d455b3	srl	x11,x8,x13	  x8:0x00000000 x13:0x80000000 x11=0x00000000
       19995000	      1998	80005b28	00396f33	or	x30,x18,x3	 x18:0x00000001  x3:0x00000001 x30=0x00000001
       20005000	      1999	80005b2c	0333fe63	bgeu	x7,x19,80005b68	  x7:0x80009f5c x19:0x00000000
       20015000	      2000	00000000	00000013	addi	x0,x0,0	  x0:0x00000000
       20025000	      2001	80005b64	00000013	addi	x0,x0,0	  x0:0x00000000
       20035000	      2002	80005b68	00000013	addi	x0,x0,0	  x0:0x00000000
       20045000	      2003	80005b6c	019bd663	bge	x23,x25,80005b78	 x23:0xfc66ed32 x25:0x00000000
       20055000	      2004	80005b70	09ad4013	xori	x0,x26,154	 x26:0x00000026
       20065000	      2005	80005b74	004ccbb3	xor	x23,x25,x4	 x25:0x00000000  x4:0xffffaaab x23=0xffffaaab
       20075000	      2006	80005b78	00000013	addi	x0,x0,0	  x0:0x00000000
       20085000	      2007	80005b7c	0577f863	bgeu	x15,x23,80005bcc	 x15:0x80009fc4 x23:0xffffaaab
       20095000	      2008	80005b80	a04c4813	xori	x16,x24,-1532	 x24:0xfffffd70 x16=0x00000774
       20105000	      2009	80005b84	40c854b3	sra	x9,x16,x12	 x16:0x00000774 x12:0x00000000  x9=0x00000774
       20115000	      2010	80005b88	00f1a533	slt	x10,x3,x15	  x3:0x00000001 x15:0x80009fc4 x10=0x00000000
       20125000	      2011	80005b8c	01a59e93	slli	x29,x11,0x1a	 x11:0x00000000 x29=0x00000000
       20135000	      2012	80005b90	03841c63	bne	x8,x24,80005bc8	  x8:0x00000000 x24:0xfffffd70
       20145000	      2013	00000000	00000013	addi	x0,x0,0	  x0:0x00000000
       20155000	      2014	80005bc4	00000013	addi	x0,x0,0	  x0:0x00000000
       20165000	      2015	80005bc8	00a80c63	beq	x16,x10,80005be0	 x16:0x00000774 x10:0x00000000
       20175000	      2016	80005bcc	1ac5cd17	auipc	x26,0x1ac5c	 x26=0x9ac61bc8
       20185000	      2017	80005bd0	402f5893	srai	x17,x30,0x2	 x30:0x00000001 x17=0x00000000
       20195000	      2018	80005bd4	69c67a97	auipc	x21,0x69c67	 x21=0xe9c6cbd0
       20205000	      2019	80005bd8	011e9133	sll	x2,x29,x17	 x29:0x00000000 x17:0x00000000  x2=0x00000000
       20215000	      2020	80005bdc	01f92333	slt	x6,x18,x31	 x18:0x00000001 x31:0xfc6696c8  x6=0x00000000
       20225000	      2021	80005be0	5fb83193	sltiu	x3,x16,1531	 x16:0x00000774  x3=0x00000000
       20235000	      2022	80005be4	00b9ce33	xor	x28,x19,x11	 x19:0x00000000 x11:0x00000000 x28=0x00000000
       20245000	      2023	80005be8	f75fbf13	sltiu	x30,x31,-139	 x31:0xfc6696c8 x30=0x00000001
       20255000	      2024	80005bec	01f791b3	sll	x3,x15,x31	 x15:0x80009fc4 x31:0xfc6696c8  x3=0x009fc400
       20265000	      2025	80005bf0	008a0633	add	x12,x20,x8	 x20:0x00000000  x8:0x00000000 x12=0x00000000
       20275000	      2026	80005bf4	01b51eb3	sll	x29,x10,x27	 x10:0x00000000 x27:0x00000000 x29=0x00000000
       20285000	      2027	80005bf8	03444863	blt	x8,x20,80005c28	  x8:0x00000000 x20:0x00000000
       20295000	      2028	80005bfc	01231263	bne	x6,x18,80005c00	  x6:0x00000000 x18:0x00000001
       20305000	      2029	00000000	00000013	addi	x0,x0,0	  x0:0x00000000
       20315000	      2030	80005bfc	00000013	addi	x0,x0,0	  x0:0x00000000
       20325000	      2031	80005c00	077fb093	sltiu	x1,x31,119	 x31:0xfc6696c8  x1=0x00000000
       20335000	      2032	80005c04	01bfc863	blt	x31,x27,80005c14	 x31:0xfc6696c8 x27:0x00000000
       20345000	      2033	00000000	00000013	addi	x0,x0,0	  x0:0x00000000
       20355000	      2034	80005c10	00000013	addi	x0,x0,0	  x0:0x00000000
       20365000	      2035	80005c14	015100b3	add	x1,x2,x21	  x2:0x00000000 x21:0xe9c6cbd0  x1=0xe9c6cbd0
       20375000	      2036	80005c18	01c54e63	blt	x10,x28,80005c34	 x10:0x00000000 x28:0x00000000
       20385000	      2037	80005c1c	01cd2033	slt	x0,x26,x28	 x26:0x9ac61bc8 x28:0x00000000
       20395000	      2038	80005c20	2085ea93	ori	x21,x11,520	 x11:0x00000000 x21=0x00000208
       20405000	      2039	80005c24	7d510097	auipc	x1,0x7d510	  x1=0xfd515c20
       20415000	      2040	80005c28	01f5ea63	bltu	x11,x31,80005c3c	 x11:0x00000000 x31:0xfc6696c8
       20425000	      2041	00000000	00000013	addi	x0,x0,0	  x0:0x00000000
       20435000	      2042	80005c38	00000013	addi	x0,x0,0	  x0:0x00000000
       20445000	      2043	80005c3c	ead34297	auipc	x5,0xead34	  x5=0x6ad39c38
       20455000	      2044	80005c40	00456663	bltu	x10,x4,80005c4c	 x10:0x00000000  x4:0xffffaaab
       20465000	      2045	00000000	00000013	addi	x0,x0,0	  x0:0x00000000
       20475000	      2046	80005c48	00000013	addi	x0,x0,0	  x0:0x00000000
       20485000	      2047	80005c4c	42710893	addi	x17,x2,1063	  x2:0x00000000 x17=0x00000427
       20495000	      2048	80005c50	02329e63	bne	x5,x3,80005c8c	  x5:0x6ad39c38  x3:0x009fc400
       20505000	      2049	00000000	00000013	addi	x0,x0,0	  x0:0x00000000
       20515000	      2050	80005c88	00000013	addi	x0,x0,0	  x0:0x00000000
       20525000	      2051	80005c8c	00600463	beq	x0,x6,80005c94	  x0:0x00000000  x6:0x00000000
       20535000	      2052	00000000	00000013	addi	x0,x0,0	  x0:0x00000000
       20545000	      2053	80005c90	00000013	addi	x0,x0,0	  x0:0x00000000
       20555000	      2054	80005c94	49a22293	slti	x5,x4,1178	  x4:0xffffaaab  x5=0x00000001
       20565000	      2055	80005c98	01291c13	slli	x24,x18,0x12	 x18:0x00000001 x24=0x00040000
       20575000	      2056	80005c9c	0468e463	bltu	x17,x6,80005ce4	 x17:0x00000427  x6:0x00000000
       20585000	      2057	80005ca0	012b1e13	slli	x28,x22,0x12	 x22:0xffffaaab x28=0xaaac0000
       20595000	      2058	80005ca4	5d793497	auipc	x9,0x5d793	  x9=0xdd798ca0
       20605000	      2059	80005ca8	4065d913	srai	x18,x11,0x6	 x11:0x00000000 x18=0x00000000
       20615000	      2060	80005cac	01c3d833	srl	x16,x7,x28	  x7:0x80009f5c x28:0xaaac0000 x16=0x80009f5c
       20625000	      2061	80005cb0	40c0d633	sra	x12,x1,x12	  x1:0xfd515c20 x12:0x00000000 x12=0xfd515c20
       20635000	      2062	80005cb4	edc1f213	andi	x4,x3,-292	  x3:0x009fc400  x4=0x009fc400
       20645000	      2063	80005cb8	01b168b3	or	x17,x2,x27	  x2:0x00000000 x27:0x00000000 x17=0x00000000
       20655000	      2064	80005cbc	03d30c63	beq	x6,x29,80005cf4	  x6:0x00000000 x29:0x00000000
       20665000	      2065	00000000	00000013	addi	x0,x0,0	  x0:0x00000000
       20675000	      2066	80005cf0	00000013	addi	x0,x0,0	  x0:0x00000000
       20685000	      2067	80005cf4	403c04b3	sub	x9,x24,x3	 x24:0x00040000  x3:0x009fc400  x9=0xff643c00
       20695000	      2068	80005cf8	41900d33	sub	x26,x0,x25	  x0:0x00000000 x25:0x00000000 x26=0x00000000
       20705000	      2069	80005cfc	048c1263	bne	x24,x8,80005d40	 x24:0x00040000  x8:0x00000000
       20715000	      2070	00000000	00000013	addi	x0,x0,0	  x0:0x00000000
       20725000	      2071	80005d3c	00000013	addi	x0,x0,0	  x0:0x00000000
       20735000	      2072	80005d40	01aac013	xori	x0,x21,26	 x21:0x00000208
       20745000	      2073	80005d44	403d0fb3	sub	x31,x26,x3	 x26:0x00000000  x3:0x009fc400 x31=0xff603c00
       20755000	      2074	80005d48	41e38eb3	sub	x29,x7,x30	  x7:0x80009f5c x30:0x00000001 x29=0x80009f5b
       20765000	      2075	80005d4c	26b44213	xori	x4,x8,619	  x8:0x00000000  x4=0x0000026b
       20775000	      2076	80005d50	41215e93	srai	x29,x2,0x12	  x2:0x00000000 x29=0x00000000
       20785000	      2077	80005d54	abb18c93	addi	x25,x3,-1349	  x3:0x009fc400 x25=0x009fbebb
       20795000	      2078	80005d58	00cedfb3	srl	x31,x29,x12	 x29:0x00000000 x12:0xfd515c20 x31=0x00000000
       20805000	      2079	80005d5c	01155293	srli	x5,x10,0x11	 x10:0x00000000  x5=0x00000000
       20815000	      2080	80005d60	01251f93	slli	x31,x10,0x12	 x10:0x00000000 x31=0x00000000
       20825000	      2081	80005d64	1dfe7b17	auipc	x22,0x1dfe7	 x22=0x9dfecd60
       20835000	      2082	80005d68	0369d863	bge	x19,x22,80005d98	 x19:0x00000000 x22:0x9dfecd60
       20845000	      2083	00000000	00000013	addi	x0,x0,0	  x0:0x00000000
       20855000	      2084	80005d94	00000013	addi	x0,x0,0	  x0:0x00000000
       20865000	      2085	80005d98	002d14b3	sll	x9,x26,x2	 x26:0x00000000  x2:0x00000000  x9=0x00000000
       20875000	      2086	80005d9c	01c78eb3	add	x29,x15,x28	 x15:0x80009fc4 x28:0xaaac0000 x29=0x2aac9fc4
       20885000	      2087	80005da0	001d3133	sltu	x2,x26,x1	 x26:0x00000000  x1:0xfd515c20  x2=0x00000001
       20895000	      2088	80005da4	30d62613	slti	x12,x12,781	 x12:0xfd515c20 x12=0x00000001
       20905000	      2089	80005da8	8400ae13	slti	x28,x1,-1984	  x1:0xfd515c20 x28=0x00000001
       20915000	      2090	80005dac	05af5097	auipc	x1,0x5af5	  x1=0x85afada8
       20925000	      2091	80005db0	01f91c63	bne	x18,x31,80005dc8	 x18:0x00000000 x31:0x00000000
       20935000	      2092	80005db4	6017e513	ori	x10,x15,1537	 x15:0x80009fc4 x10=0x80009fc5
       20945000	      2093	80005db8	01209b93	slli	x23,x1,0x12	  x1:0x85afada8 x23=0xb6a00000
       20955000	      2094	80005dbc	001c5113	srli	x2,x24,0x1	 x24:0x00040000  x2=0x00020000
       20965000	      2095	80005dc0	041ff263	bgeu	x31,x1,80005e04	 x31:0x00000000  x1:0x85afada8
       20975000	      2096	80005dc4	00000013	addi	x0,x0,0	  x0:0x00000000
       20985000	      2097	80005dc8	0334c663	blt	x9,x19,80005df4	  x9:0x00000000 x19:0x00000000
       20995000	      2098	80005dcc	e7738113	addi	x2,x7,-393	  x7:0x80009f5c  x2=0x80009dd3
       21005000	      2099	80005dd0	41c85c93	srai	x25,x16,0x1c	 x16:0x80009f5c x25=0xfffffff8
       21015000	      2100	80005dd4	05c01863	bne	x0,x28,80005e24	  x0:0x00000000 x28:0x00000001
       21025000	      2101	00000000	00000013	addi	x0,x0,0	  x0:0x00000000
       21035000	      2102	80005e20	00000013	addi	x0,x0,0	  x0:0x00000000
       21045000	      2103	80005e24	3df07f13	andi	x30,x0,991	  x0:0x00000000 x30=0x00000000
       21055000	      2104	80005e28	00000013	addi	x0,x0,0	  x0:0x00000000
       21065000	      2105	80005e2c	00aeb9b3	sltu	x19,x29,x10	 x29:0x2aac9fc4 x10:0x80009fc5 x19=0x00000001
       21075000	      2106	80005e30	008345b3	xor	x11,x6,x8	  x6:0x00000000  x8:0x00000000 x11=0x00000000
       21085000	      2107	80005e34	00584263	blt	x16,x5,80005e38	 x16:0x80009f5c  x5:0x00000000
       21095000	      2108	00000000	00000013	addi	x0,x0,0	  x0:0x00000000
       21105000	      2109	80005e34	00000013	addi	x0,x0,0	  x0:0x00000000
       21115000	      2110	80005e38	b62dac93	slti	x25,x27,-1182	 x27:0x00000000 x25=0x00000000
       21125000	      2111	80005e3c	16114197	auipc	x3,0x16114	  x3=0x96119e38
       21135000	      2112	80005e40	00d65f93	srli	x31,x12,0xd	 x12:0x00000001 x31=0x00000000
       21145000	      2113	80005e44	009a8463	beq	x21,x9,80005e4c	 x21:0x00000208  x9:0x00000000
       21155000	      2114	80005e48	014d7233	and	x4,x26,x20	 x26:0x00000000 x20:0x00000000  x4=0x00000000
       21165000	      2115	80005e4c	1f82a917	auipc	x18,0x1f82a	 x18=0x9f82fe48
       21175000	      2116	80005e50	79b0be13	sltiu	x28,x1,1947	  x1:0x85afada8 x28=0x00000000
       21185000	      2117	80005e54	00000013	addi	x0,x0,0	  x0:0x00000000
       21195000	      2118	80005e58	0065e133	or	x2,x11,x6	 x11:0x00000000  x6:0x00000000  x2=0x00000000
       21205000	      2119	80005e5c	04cf7263	bgeu	x30,x12,80005ea0	 x30:0x00000000 x12:0x00000001
       21215000	      2120	80005e60	009b1813	slli	x16,x22,0x9	 x22:0x9dfecd60 x16=0xfd9ac000
       21225000	      2121	80005e64	63f76713	ori	x14,x14,1599	 x14:0x0800018e x14=0x080007bf
       21235000	      2122	80005e68	00061b13	slli	x22,x12,0x0	 x12:0x00000001 x22=0x00000001
       21245000	      2123	80005e6c	00400e63	beq	x0,x4,80005e88	  x0:0x00000000  x4:0x00000000
       21255000	      2124	00000000	00000013	addi	x0,x0,0	  x0:0x00000000
       21265000	      2125	80005e84	00000013	addi	x0,x0,0	  x0:0x00000000
       21275000	      2126	80005e88	006a7663	bgeu	x20,x6,80005e94	 x20:0x00000000  x6:0x00000000
       21285000	      2127	00000000	00000013	addi	x0,x0,0	  x0:0x00000000
       21295000	      2128	80005e90	00000013	addi	x0,x0,0	  x0:0x00000000
       21305000	      2129	80005e94	00839663	bne	x7,x8,80005ea0	  x7:0x80009f5c  x8:0x00000000
       21315000	      2130	00000000	00000013	addi	x0,x0,0	  x0:0x00000000
       21325000	      2131	80005e9c	00000013	addi	x0,x0,0	  x0:0x00000000
       21335000	      2132	80005ea0	104ae913	ori	x18,x21,260	 x21:0x00000208 x18=0x0000030c
       21345000	      2133	80005ea4	c3d92813	slti	x16,x18,-963	 x18:0x0000030c x16=0x00000000
       21355000	      2134	80005ea8	0016aeb3	slt	x29,x13,x1	 x13:0x80000000  x1:0x85afada8 x29=0x00000001
       21365000	      2135	80005eac	04174263	blt	x14,x1,80005ef0	 x14:0x080007bf  x1:0x85afada8
       21375000	      2136	80005eb0	41e10bb3	sub	x23,x2,x30	  x2:0x00000000 x30:0x00000000 x23=0x00000000
       21385000	      2137	80005eb4	a250b593	sltiu	x11,x1,-1499	  x1:0x85afada8 x11=0x00000001
       21395000	      2138	80005eb8	40388cb3	sub	x25,x17,x3	 x17:0x00000000  x3:0x96119e38 x25=0x69ee61c8
       21405000	      2139	80005ebc	40d4d493	srai	x9,x9,0xd	  x9:0x00000000  x9=0x00000000
       21415000	      2140	80005ec0	b2474313	xori	x6,x14,-1244	 x14:0x080007bf  x6=0xf7fffc9b
       21425000	      2141	80005ec4	00000013	addi	x0,x0,0	  x0:0x00000000
       21435000	      2142	80005ec8	533f8413	addi	x8,x31,1331	 x31:0x00000000  x8=0x00000533
       21445000	      2143	80005ecc	0ff34b13	xori	x22,x6,255	  x6:0xf7fffc9b x22=0xf7fffc64
       21455000	      2144	80005ed0	f3157413	andi	x8,x10,-207	 x10:0x80009fc5  x8=0x80009f01
       21465000	      2145	80005ed4	4f489437	lui	x8,0x4f489	  x8=0x4f489000
       21475000	      2146	80005ed8	0010d993	srli	x19,x1,0x1	  x1:0x85afada8 x19=0x42d7d6d4
       21485000	      2147	80005edc	02268e63	beq	x13,x2,80005f18	 x13:0x80000000  x2:0x00000000
       21495000	      2148	80005ee0	05516463	bltu	x2,x21,80005f28	  x2:0x00000000 x21:0x00000208
       21505000	      2149	00000000	00000013	addi	x0,x0,0	  x0:0x00000000
       21515000	      2150	80005f24	00000013	addi	x0,x0,0	  x0:0x00000000
       21525000	      2151	80005f28	00cd7663	bgeu	x26,x12,80005f34	 x26:0x00000000 x12:0x00000001
       21535000	      2152	80005f2c	0061ed33	or	x26,x3,x6	  x3:0x96119e38  x6:0xf7fffc9b x26=0xf7fffebb
       21545000	      2153	80005f30	545cc113	xori	x2,x25,1349	 x25:0x69ee61c8  x2=0x69ee648d
       21555000	      2154	80005f34	01f09e93	slli	x29,x1,0x1f	  x1:0x85afada8 x29=0x00000000
       21565000	      2155	80005f38	00355863	bge	x10,x3,80005f48	 x10:0x80009fc5  x3:0x96119e38
       21575000	      2156	80005f3c	40e95093	srai	x1,x18,0xe	 x18:0x0000030c  x1=0x00000000
       21585000	      2157	80005f40	40b58633	sub	x12,x11,x11	 x11:0x00000001 x11:0x00000001 x12=0x00000000
       21595000	      2158	80005f44	4092d133	sra	x2,x5,x9	  x5:0x00000000  x9:0x00000000  x2=0x00000000
       21605000	      2159	80005f48	00905933	srl	x18,x0,x9	  x0:0x00000000  x9:0x00000000 x18=0x00000000
       21615000	      2160	80005f4c	01232833	slt	x16,x6,x18	  x6:0xf7fffc9b x18:0x00000000 x16=0x00000001
       21625000	      2161	80005f50	00035b93	srli	x23,x6,0x0	  x6:0xf7fffc9b x23=0xf7fffc9b
       21635000	      2162	80005f54	03359663	bne	x11,x19,80005f80	 x11:0x00000001 x19:0x42d7d6d4
       21645000	      2163	00000000	00000013	addi	x0,x0,0	  x0:0x00000000
       21655000	      2164	80005f7c	00000013	addi	x0,x0,0	  x0:0x00000000
       21665000	      2165	80005f80	d544cb93	xori	x23,x9,-684	  x9:0x00000000 x23=0xfffffd54
       21675000	      2166	80005f84	026bcc63	blt	x23,x6,80005fbc	 x23:0xfffffd54  x6:0xf7fffc9b
       21685000	      2167	80005f88	003dd513	srli	x10,x27,0x3	 x27:0x00000000 x10=0x00000000
       21695000	      2168	80005f8c	e39b8193	addi	x3,x23,-455	 x23:0xfffffd54  x3=0xfffffb8d
       21705000	      2169	80005f90	04a9c863	blt	x19,x10,80005fe0	 x19:0x42d7d6d4 x10:0x00000000
       21715000	      2170	80005f94	0467c263	blt	x15,x6,80005fd8	 x15:0x80009fc4  x6:0xf7fffc9b
       21725000	      2171	00000000	00000013	addi	x0,x0,0	  x0:0x00000000
       21735000	      2172	80005fd4	00000013	addi	x0,x0,0	  x0:0x00000000
       21745000	      2173	80005fd8	4167d013	srai	x0,x15,0x16	 x15:0x80009fc4
       21755000	      2174	80005fdc	01609993	slli	x19,x1,0x16	  x1:0x00000000 x19=0x00000000
       21765000	      2175	80005fe0	013814b3	sll	x9,x16,x19	 x16:0x00000001 x19:0x00000000  x9=0x00000001
       21775000	      2176	80005fe4	9dbae313	ori	x6,x21,-1573	 x21:0x00000208  x6=0xfffffbdb
       21785000	      2177	80005fe8	88cc0497	auipc	x9,0x88cc0	  x9=0x08cc5fe4
       21795000	      2178	80005fec	0381de63	bge	x3,x24,80006028	  x3:0xfffffb8d x24:0x00040000
       21805000	      2179	80005ff0	4026df33	sra	x30,x13,x2	 x13:0x80000000  x2:0x00000000 x30=0x80000000
       21815000	      2180	80005ff4	40a88633	sub	x12,x17,x10	 x17:0x00000000 x10:0x00000000 x12=0x00000000
       21825000	      2181	80005ff8	df78ca93	xori	x21,x17,-521	 x17:0x00000000 x21=0xfffffdf7
       21835000	      2182	80005ffc	5b912a13	slti	x20,x2,1465	  x2:0x00000000 x20=0x00000001
       21845000	      2183	80006000	05171463	bne	x14,x17,80006048	 x14:0x080007bf x17:0x00000000
       21855000	      2184	00000000	00000013	addi	x0,x0,0	  x0:0x00000000
       21865000	      2185	80006044	00000013	addi	x0,x0,0	  x0:0x00000000
       21875000	      2186	80006048	01c0ce33	xor	x28,x1,x28	  x1:0x00000000 x28:0x00000000 x28=0x00000000
       21885000	      2187	8000604c	040e9263	bne	x29,x0,80006090	 x29:0x00000000  x0:0x00000000
       21895000	      2188	80006050	31f0de17	auipc	x28,0x31f0d	 x28=0xb1f1304c
       21905000	      2189	80006054	009888b3	add	x17,x17,x9	 x17:0x00000000  x9:0x08cc5fe4 x17=0x08cc5fe4
       21915000	      2190	80006058	007ca0b3	slt	x1,x25,x7	 x25:0x69ee61c8  x7:0x80009f5c  x1=0x00000000
       21925000	      2191	8000605c	013b8a63	beq	x23,x19,80006070	 x23:0xfffffd54 x19:0x00000000
       21935000	      2192	80006060	01be54b3	srl	x9,x28,x27	 x28:0xb1f1304c x27:0x00000000  x9=0xb1f1304c
       21945000	      2193	80006064	00b800b3	add	x1,x16,x11	 x16:0x00000001 x11:0x00000001  x1=0x00000002
       21955000	      2194	80006068	9ccd6593	ori	x11,x26,-1588	 x26:0xf7fffebb x11=0xffffffff
       21965000	      2195	8000606c	01901c63	bne	x0,x25,80006084	  x0:0x00000000 x25:0x69ee61c8
       21975000	      2196	00000000	00000013	addi	x0,x0,0	  x0:0x00000000
       21985000	      2197	80006080	00000013	addi	x0,x0,0	  x0:0x00000000
       21995000	      2198	80006084	4106dc13	srai	x24,x13,0x10	 x13:0x80000000 x24=0xffff8000
       22005000	      2199	80006088	009f6f33	or	x30,x30,x9	 x30:0x80000000  x9:0xb1f1304c x30=0xb1f1304c
       22015000	      2200	8000608c	00b228b3	slt	x17,x4,x11	  x4:0x00000000 x11:0xffffffff x17=0x00000000
       22025000	      2201	80006090	419f5a33	sra	x20,x30,x25	 x30:0xb1f1304c x25:0x69ee61c8 x20=0xffb1f130
       22035000	      2202	80006094	019aecb3	or	x25,x21,x25	 x21:0xfffffdf7 x25:0x69ee61c8 x25=0xfffffdff
       22045000	      2203	80006098	01a5c433	xor	x8,x11,x26	 x11:0xffffffff x26:0xf7fffebb  x8=0x08000144
       22055000	      2204	8000609c	417fd8b3	sra	x17,x31,x23	 x31:0x00000000 x23:0xfffffd54 x17=0x00000000
       22065000	      2205	800060a0	00c5d663	bge	x11,x12,800060ac	 x11:0xffffffff x12:0x00000000
       22075000	      2206	800060a4	00000013	addi	x0,x0,0	  x0:0x00000000
       22085000	      2207	800060a8	9d3f0d93	addi	x27,x30,-1581	 x30:0xb1f1304c x27=0xb1f12a1f
       22095000	      2208	800060ac	4acfe117	auipc	x2,0x4acfe	  x2=0xcad040a8
       22105000	      2209	800060b0	01a275b3	and	x11,x4,x26	  x4:0x00000000 x26:0xf7fffebb x11=0x00000000
       22115000	      2210	800060b4	416102b3	sub	x5,x2,x22	  x2:0xcad040a8 x22:0xf7fffc64  x5=0xd2d04444
       22125000	      2211	800060b8	9e529897	auipc	x17,0x9e529	 x17=0x1e52f0b4
       22135000	      2212	800060bc	a431ef93	ori	x31,x3,-1469	  x3:0xfffffb8d x31=0xfffffbcf
       22145000	      2213	800060c0	00c06663	bltu	x0,x12,800060cc	  x0:0x00000000 x12:0x00000000
       22155000	      2214	800060c4	019deb33	or	x22,x27,x25	 x27:0xb1f12a1f x25:0xfffffdff x22=0xffffffff
       22165000	      2215	800060c8	f833c893	xori	x17,x7,-125	  x7:0x80009f5c x17=0x7fff60df
       22175000	      2216	800060cc	84f20617	auipc	x12,0x84f20	 x12=0x04f260c8
       22185000	      2217	800060d0	00067db3	and	x27,x12,x0	 x12:0x04f260c8  x0:0x00000000 x27=0x00000000
       22195000	      2218	800060d4	00000013	addi	x0,x0,0	  x0:0x00000000
       22205000	      2219	800060d8	55c83713	sltiu	x14,x16,1372	 x16:0x00000001 x14=0x00000001
       22215000	      2220	800060dc	2c9bed13	ori	x26,x23,713	 x23:0xfffffd54 x26=0xffffffdd
       22225000	      2221	800060e0	016e9a33	sll	x20,x29,x22	 x29:0x00000000 x22:0xffffffff x20=0x00000000
       22235000	      2222	800060e4	00d40eb3	add	x29,x8,x13	  x8:0x08000144 x13:0x80000000 x29=0x88000144
       22245000	      2223	800060e8	88328f13	addi	x30,x5,-1917	  x5:0xd2d04444 x30=0xd2d03cc7
       22255000	      2224	800060ec	f1932213	slti	x4,x6,-231	  x6:0xfffffbdb  x4=0x00000001
       22265000	      2225	800060f0	01541bb3	sll	x23,x8,x21	  x8:0x08000144 x21:0xfffffdf7 x23=0xa2000000
       22275000	      2226	800060f4	00422733	slt	x14,x4,x4	  x4:0x00000001  x4:0x00000001 x14=0x00000000
       22285000	      2227	800060f8	004d7463	bgeu	x26,x4,80006100	 x26:0xffffffdd  x4:0x00000001
       22295000	      2228	00000000	00000013	addi	x0,x0,0	  x0:0x00000000
       22305000	      2229	800060fc	00000013	addi	x0,x0,0	  x0:0x00000000
       22315000	      2230	80006100	2f737217	auipc	x4,0x2f737	  x4=0xaf73d0fc
       22325000	      2231	80006104	004d8b33	add	x22,x27,x4	 x27:0x00000000  x4:0xaf73d0fc x22=0xaf73d0fc
       22335000	      2232	80006108	81cb51b7	lui	x3,0x81cb5	  x3=0x81cb5000
       22345000	      2233	8000610c	003ecab3	xor	x21,x29,x3	 x29:0x88000144  x3:0x81cb5000 x21=0x09cb5144
       22355000	      2234	80006110	01f51c33	sll	x24,x10,x31	 x10:0x00000000 x31:0xfffffbcf x24=0x00000000
       22365000	      2235	80006114	1e72a9b7	lui	x19,0x1e72a	 x19=0x1e72a000
       22375000	      2236	80006118	0080dc13	srli	x24,x1,0x8	  x1:0x00000002 x24=0x00000000
       22385000	      2237	8000611c	02630863	beq	x6,x6,8000614c	  x6:0xfffffbdb  x6:0xfffffbdb
       22395000	      2238	00000000	00000013	addi	x0,x0,0	  x0:0x00000000
       22405000	      2239	80006148	00000013	addi	x0,x0,0	  x0:0x00000000
       22415000	      2240	8000614c	01c0dbb3	srl	x23,x1,x28	  x1:0x00000002 x28:0xb1f1304c x23=0x00000000
       22425000	      2241	80006150	81812213	slti	x4,x2,-2024	  x2:0xcad040a8  x4=0x00000001
       22435000	      2242	80006154	000232b3	sltu	x5,x4,x0	  x4:0x00000001  x0:0x00000000  x5=0x00000000
       22445000	      2243	80006158	a4bcbf93	sltiu	x31,x25,-1461	 x25:0xfffffdff x31=0x00000000
       22455000	      2244	8000615c	01b33fb3	sltu	x31,x6,x27	  x6:0xfffffbdb x27:0x00000000 x31=0x00000000
       22465000	      2245	80006160	bf704493	xori	x9,x0,-1033	  x0:0x00000000  x9=0xfffffbf7
       22475000	      2246	80006164	4042d433	sra	x8,x5,x4	  x5:0x00000000  x4:0x00000001  x8=0x00000000
       22485000	      2247	80006168	00641633	sll	x12,x8,x6	  x8:0x00000000  x6:0xfffffbdb x12=0x00000000
       22495000	      2248	8000616c	41645713	srai	x14,x8,0x16	  x8:0x00000000 x14=0x00000000
       22505000	      2249	80006170	405d8bb3	sub	x23,x27,x5	 x27:0x00000000  x5:0x00000000 x23=0x00000000
       22515000	      2250	80006174	99616913	ori	x18,x2,-1642	  x2:0xcad040a8 x18=0xfffff9be
       22525000	      2251	80006178	aefdc713	xori	x14,x27,-1297	 x27:0x00000000 x14=0xfffffaef
       22535000	      2252	8000617c	9ec00213	addi	x4,x0,-1556	  x0:0x00000000  x4=0xfffff9ec
       22545000	      2253	80006180	029d7613	andi	x12,x26,41	 x26:0xffffffdd x12=0x00000009
       22555000	      2254	80006184	00453cb3	sltu	x25,x10,x4	 x10:0x00000000  x4:0xfffff9ec x25=0x00000001
       22565000	      2255	80006188	beb38913	addi	x18,x7,-1045	  x7:0x80009f5c x18=0x80009b47
       22575000	      2256	8000618c	40178eb3	sub	x29,x15,x1	 x15:0x80009fc4  x1:0x00000002 x29=0x80009fc2
       22585000	      2257	80006190	2b53beb7	lui	x29,0x2b53b	 x29=0x2b53b000
       22595000	      2258	80006194	0393da63	bge	x7,x25,800061c8	  x7:0x80009f5c x25:0x00000001
       22605000	      2259	80006198	e0ac8c13	addi	x24,x25,-502	 x25:0x00000001 x24=0xfffffe0b
       22615000	      2260	8000619c	00dd2eb3	slt	x29,x26,x13	 x26:0xffffffdd x13:0x80000000 x29=0x00000000
       22625000	      2261	800061a0	03259c63	bne	x11,x18,800061d8	 x11:0x00000000 x18:0x80009b47
       22635000	      2262	00000000	00000013	addi	x0,x0,0	  x0:0x00000000
       22645000	      2263	800061d4	00000013	addi	x0,x0,0	  x0:0x00000000
       22655000	      2264	800061d8	4d29d237	lui	x4,0x4d29d	  x4=0x4d29d000
       22665000	      2265	800061dc	111a7863	bgeu	x20,x17,800062ec	 x20:0x00000000 x17:0x7fff60df
       22675000	      2266	800061e0	00000013	addi	x0,x0,0	  x0:0x00000000
       22685000	      2267	800061e4	412e5633	sra	x12,x28,x18	 x28:0xb1f1304c x18:0x80009b47 x12=0xff63e260
       22695000	      2268	800061e8	00124a33	xor	x20,x4,x1	  x4:0x4d29d000  x1:0x00000002 x20=0x4d29d002
       22705000	      2269	800061ec	012c5733	srl	x14,x24,x18	 x24:0xfffffe0b x18:0x80009b47 x14=0x01fffffc
       22715000	      2270	800061f0	40625cb3	sra	x25,x4,x6	  x4:0x4d29d000  x6:0xfffffbdb x25=0x00000009
       22725000	      2271	800061f4	e23b8297	auipc	x5,0xe23b8	  x5=0x623be1f0
       22735000	      2272	800061f8	00002497	auipc	x9,0x2	  x9=0x800081f4
       22745000	      2273	800061fc	1b848493	addi	x9,x9,440	  x9:0x800081f4  x9=0x800083ac
       22755000	      2274	80006200	ff95ae37	lui	x28,0xff95a	 x28=0xff95a000
       22765000	      2275	80006204	059480a3	sb	x25,65(x9)	  x9:0x800083ac x25:0x00000009 PA:0x800083ed
       22775000	      2276	80006208	f114c703	lbu	x14,-239(x9)	  x9:0x800083ac x14=0x00000001 PA:0x800082bd
       22785000	      2277	8000620c	75b7a813	slti	x16,x15,1883	 x15:0x80009fc4 x16=0x00000001
       22795000	      2278	80006210	0b2484a3	sb	x18,169(x9)	  x9:0x800083ac x18:0x80009b47 PA:0x80008455
       22805000	      2279	80006214	0f24d983	lhu	x19,242(x9)	  x9:0x800083ac x19=0x00005455 PA:0x8000849e
       22815000	      2280	80006218	00251c93	slli	x25,x10,0x2	 x10:0x00000000 x25=0x00000000
       22825000	      2281	8000621c	0c249823	sh	x2,208(x9)	  x9:0x800083ac  x2:0xcad040a8 PA:0x8000847c
       22835000	      2282	80006220	5160a713	slti	x14,x1,1302	  x1:0x00000002 x14=0x00000001
       22845000	      2283	80006224	00d0bb33	sltu	x22,x1,x13	  x1:0x00000002 x13:0x80000000 x22=0x00000001
       22855000	      2284	80006228	f7448ea3	sb	x20,-131(x9)	  x9:0x800083ac x20:0x4d29d002 PA:0x80008329
       22865000	      2285	8000622c	f2b48803	lb	x16,-213(x9)	  x9:0x800083ac x16=0xffffff8c PA:0x800082d7
       22875000	      2286	80006230	0e248803	lb	x16,226(x9)	  x9:0x800083ac x16=0x00000045 PA:0x8000848e
       22885000	      2287	80006234	f3d48b83	lb	x23,-195(x9)	  x9:0x800083ac x23=0xffffffa2 PA:0x800082e9
       22895000	      2288	80006238	a6caee13	ori	x28,x21,-1428	 x21:0x09cb5144 x28=0xfffffb6c
       22905000	      2289	8000623c	0ad70893	addi	x17,x14,173	 x14:0x00000001 x17=0x000000ae
       22915000	      2290	80006240	fbf4cd83	lbu	x27,-65(x9)	  x9:0x800083ac x27=0x00000020 PA:0x8000836b
       22925000	      2291	80006244	00000013	addi	x0,x0,0	  x0:0x00000000
       22935000	      2292	80006248	04148503	lb	x10,65(x9)	  x9:0x800083ac x10=0x00000009 PA:0x800083ed
       22945000	      2293	8000624c	f2948903	lb	x18,-215(x9)	  x9:0x800083ac x18=0xffffff8e PA:0x800082d5
       22955000	      2294	80006250	f7c49b03	lh	x22,-132(x9)	  x9:0x800083ac x22=0x000002e3 PA:0x80008328
       22965000	      2295	80006254	f5f4c703	lbu	x14,-161(x9)	  x9:0x800083ac x14=0x000000c0 PA:0x8000830b
       22975000	      2296	80006258	00d4dd33	srl	x26,x9,x13	  x9:0x800083ac x13:0x80000000 x26=0x800083ac
       22985000	      2297	8000625c	9ac7ee37	lui	x28,0x9ac7e	 x28=0x9ac7e000
       22995000	      2298	80006260	405bdbb3	sra	x23,x23,x5	 x23:0xffffffa2  x5:0x623be1f0 x23=0xffffffff
       23005000	      2299	80006264	409d5013	srai	x0,x26,0x9	 x26:0x800083ac
       23015000	      2300	80006268	0ae4d283	lhu	x5,174(x9)	  x9:0x800083ac  x5=0x00001011 PA:0x8000845a
       23025000	      2301	8000626c	fd348403	lb	x8,-45(x9)	  x9:0x800083ac  x8=0x00000034 PA:0x8000837f
       23035000	      2302	00000000	00000013	addi	x0,x0,0	  x0:0x00000000
       23045000	      2303	80006270	00b42133	slt	x2,x8,x11	  x8:0x00000034 x11:0x00000000  x2=0x00000000
       23055000	      2304	80006274	03348203	lb	x4,51(x9)	  x9:0x800083ac  x4=0xffffff94 PA:0x800083df
       23065000	      2305	80006278	01e2dd33	srl	x26,x5,x30	  x5:0x00001011 x30:0xd2d03cc7 x26=0x00000020
       23075000	      2306	8000627c	9c89e013	ori	x0,x19,-1592	 x19:0x00005455
       23085000	      2307	80006280	0284a603	lw	x12,40(x9)	  x9:0x800083ac x12=0x8c8d8e8f PA:0x800083d4
       23095000	      2308	80006284	01680f33	add	x30,x16,x22	 x16:0x00000045 x22:0x000002e3 x30=0x00000328
       23105000	      2309	80006288	03849803	lh	x16,56(x9)	  x9:0x800083ac x16=0xffff9e9f PA:0x800083e4
       23115000	      2310	8000628c	07b49e23	sh	x27,124(x9)	  x9:0x800083ac x27:0x00000020 PA:0x80008428
       23125000	      2311	80006290	28a0cc93	xori	x25,x1,650	  x1:0x00000002 x25=0x00000288
       23135000	      2312	80006294	f1549c23	sh	x21,-232(x9)	  x9:0x800083ac x21:0x09cb5144 PA:0x800082c4
       23145000	      2313	80006298	ffb4c903	lbu	x18,-5(x9)	  x9:0x800083ac x18=0x0000005c PA:0x800083a7
       23155000	      2314	8000629c	02d4cc03	lbu	x24,45(x9)	  x9:0x800083ac x24=0x00000092 PA:0x800083d9
       23165000	      2315	800062a0	f0449883	lh	x17,-252(x9)	  x9:0x800083ac x17=0x00006a6b PA:0x800082b0
       23175000	      2316	800062a4	01a74633	xor	x12,x14,x26	 x14:0x000000c0 x26:0x00000020 x12=0x000000e0
       23185000	      2317	800062a8	00000013	addi	x0,x0,0	  x0:0x00000000
       23195000	      2318	800062ac	01d59f13	slli	x30,x11,0x1d	 x11:0x00000000 x30=0x00000000
       23205000	      2319	800062b0	00f48003	lb	x0,15(x9)	  x9:0x800083ac PA:0x800083bb
       23215000	      2320	800062b4	0c74c583	lbu	x11,199(x9)	  x9:0x800083ac x11=0x00000028 PA:0x80008473
       23225000	      2321	800062b8	40245a33	sra	x20,x8,x2	  x8:0x00000034  x2:0x00000000 x20=0x00000034
       23235000	      2322	800062bc	40e3d213	srai	x4,x7,0xe	  x7:0x80009f5c  x4=0xfffe0002
       23245000	      2323	800062c0	00739d93	slli	x27,x7,0x7	  x7:0x80009f5c x27=0x004fae00
       23255000	      2324	800062c4	0146f133	and	x2,x13,x20	 x13:0x80000000 x20:0x00000034  x2=0x00000000
       23265000	      2325	800062c8	f1948f03	lb	x30,-231(x9)	  x9:0x800083ac x30=0x00000051 PA:0x800082c5
       23275000	      2326	800062cc	09248d83	lb	x27,146(x9)	  x9:0x800083ac x27=0xfffffff5 PA:0x8000843e
       23285000	      2327	800062d0	f834ca83	lbu	x21,-125(x9)	  x9:0x800083ac x21=0x000000e4 PA:0x8000832f
       23295000	      2328	800062d4	f0548b83	lb	x23,-251(x9)	  x9:0x800083ac x23=0x0000006a PA:0x800082b1
       23305000	      2329	800062d8	00d344b3	xor	x9,x6,x13	  x6:0xfffffbdb x13:0x80000000  x9=0x7ffffbdb
       23315000	      2330	800062dc	073d4293	xori	x5,x26,115	 x26:0x00000020  x5=0x00000053
       23325000	      2331	800062e0	4487b913	sltiu	x18,x15,1096	 x15:0x80009fc4 x18=0x00000000
       23335000	      2332	800062e4	00259633	sll	x12,x11,x2	 x11:0x00000028  x2:0x00000000 x12=0x00000028
       23345000	      2333	800062e8	5f2eeb37	lui	x22,0x5f2ee	 x22=0x5f2ee000
       23355000	      2334	800062ec	002a1533	sll	x10,x20,x2	 x20:0x00000034  x2:0x00000000 x10=0x00000034
       23365000	      2335	800062f0	001dbbb3	sltu	x23,x27,x1	 x27:0xfffffff5  x1:0x00000002 x23=0x00000000
       23375000	      2336	800062f4	c737f813	andi	x16,x15,-909	 x15:0x80009fc4 x16=0x80009c40
       23385000	      2337	800062f8	00299663	bne	x19,x2,80006304	 x19:0x00005455  x2:0x00000000
       23395000	      2338	00000000	00000013	addi	x0,x0,0	  x0:0x00000000
       23405000	      2339	80006300	00000013	addi	x0,x0,0	  x0:0x00000000
       23415000	      2340	80006304	05cbc263	blt	x23,x28,80006348	 x23:0x00000000 x28:0x9ac7e000
       23425000	      2341	80006308	032c6263	bltu	x24,x18,8000632c	 x24:0x00000092 x18:0x00000000
       23435000	      2342	8000630c	014bd533	srl	x10,x23,x20	 x23:0x00000000 x20:0x00000034 x10=0x00000000
       23445000	      2343	80006310	005ab333	sltu	x6,x21,x5	 x21:0x000000e4  x5:0x00000053  x6=0x00000000
       23455000	      2344	80006314	002e7e63	bgeu	x28,x2,80006330	 x28:0x9ac7e000  x2:0x00000000
       23465000	      2345	00000000	00000013	addi	x0,x0,0	  x0:0x00000000
       23475000	      2346	8000632c	00000013	addi	x0,x0,0	  x0:0x00000000
       23485000	      2347	80006330	0172c2b3	xor	x5,x5,x23	  x5:0x00000053 x23:0x00000000  x5=0x00000053
       23495000	      2348	80006334	40835d93	srai	x27,x6,0x8	  x6:0x00000000 x27=0x00000000
       23505000	      2349	80006338	b22c4e13	xori	x28,x24,-1246	 x24:0x00000092 x28=0xfffffbb0
       23515000	      2350	8000633c	40e15b13	srai	x22,x2,0xe	  x2:0x00000000 x22=0x00000000
       23525000	      2351	80006340	431cc713	xori	x14,x25,1073	 x25:0x00000288 x14=0x000006b9
       23535000	      2352	80006344	64eb6817	auipc	x16,0x64eb6	 x16=0xe4ebc340
       23545000	      2353	80006348	00000013	addi	x0,x0,0	  x0:0x00000000
       23555000	      2354	8000634c	018d9863	bne	x27,x24,8000635c	 x27:0x00000000 x24:0x00000092
       23565000	      2355	00000000	00000013	addi	x0,x0,0	  x0:0x00000000
       23575000	      2356	80006358	00000013	addi	x0,x0,0	  x0:0x00000000
       23585000	      2357	8000635c	0077ca33	xor	x20,x15,x7	 x15:0x80009fc4  x7:0x80009f5c x20=0x00000098
       23595000	      2358	80006360	21b2c193	xori	x3,x5,539	  x5:0x00000053  x3=0x00000248
       23605000	      2359	80006364	00000013	addi	x0,x0,0	  x0:0x00000000
       23615000	      2360	80006368	012f9263	bne	x31,x18,8000636c	 x31:0x00000000 x18:0x00000000
       23625000	      2361	8000636c	01c51c13	slli	x24,x10,0x1c	 x10:0x00000000 x24=0x00000000
       23635000	      2362	80006370	035fcc63	blt	x31,x21,800063a8	 x31:0x00000000 x21:0x000000e4
       23645000	      2363	00000000	00000013	addi	x0,x0,0	  x0:0x00000000
       23655000	      2364	800063a4	00000013	addi	x0,x0,0	  x0:0x00000000
       23665000	      2365	800063a8	3a783713	sltiu	x14,x16,935	 x16:0xe4ebc340 x14=0x00000000
       23675000	      2366	800063ac	0839b313	sltiu	x6,x19,131	 x19:0x00005455  x6=0x00000000
       23685000	      2367	800063b0	81df0137	lui	x2,0x81df0	  x2=0x81df0000
       23695000	      2368	800063b4	00e64933	xor	x18,x12,x14	 x12:0x00000028 x14:0x00000000 x18=0x00000028
       23705000	      2369	800063b8	4187d433	sra	x8,x15,x24	 x15:0x80009fc4 x24:0x00000000  x8=0x80009fc4
       23715000	      2370	800063bc	01fb1a93	slli	x21,x22,0x1f	 x22:0x00000000 x21=0x00000000
       23725000	      2371	800063c0	40268fb3	sub	x31,x13,x2	 x13:0x80000000  x2:0x81df0000 x31=0xfe210000
       23735000	      2372	800063c4	0014b433	sltu	x8,x9,x1	  x9:0x7ffffbdb  x1:0x00000002  x8=0x00000000
       23745000	      2373	800063c8	41098533	sub	x10,x19,x16	 x19:0x00005455 x16:0xe4ebc340 x10=0x1b149115
       23755000	      2374	800063cc	0153b5b3	sltu	x11,x7,x21	  x7:0x80009f5c x21:0x00000000 x11=0x00000000
       23765000	      2375	800063d0	9df63e13	sltiu	x28,x12,-1569	 x12:0x00000028 x28=0x00000001
       23775000	      2376	800063d4	00000013	addi	x0,x0,0	  x0:0x00000000
       23785000	      2377	800063d8	8e84ba93	sltiu	x21,x9,-1816	  x9:0x7ffffbdb x21=0x00000001
       23795000	      2378	800063dc	01bb4e63	blt	x22,x27,800063f8	 x22:0x00000000 x27:0x00000000
       23805000	      2379	800063e0	00dbbcb3	sltu	x25,x23,x13	 x23:0x00000000 x13:0x80000000 x25=0x00000001
       23815000	      2380	800063e4	00abd093	srli	x1,x23,0xa	 x23:0x00000000  x1=0x00000000
       23825000	      2381	800063e8	02d24c63	blt	x4,x13,80006420	  x4:0xfffe0002 x13:0x80000000
       23835000	      2382	800063ec	0273c263	blt	x7,x7,80006410	  x7:0x80009f5c  x7:0x80009f5c
       23845000	      2383	800063f0	6394e013	ori	x0,x9,1593	  x9:0x7ffffbdb
       23855000	      2384	800063f4	40b35733	sra	x14,x6,x11	  x6:0x00000000 x11:0x00000000 x14=0x00000000
       23865000	      2385	800063f8	40345333	sra	x6,x8,x3	  x8:0x00000000  x3:0x00000248  x6=0x00000000
       23875000	      2386	800063fc	01ddcab3	xor	x21,x27,x29	 x27:0x00000000 x29:0x00000000 x21=0x00000000
       23885000	      2387	80006400	04c61463	bne	x12,x12,80006448	 x12:0x00000028 x12:0x00000028
       23895000	      2388	80006404	402cdf93	srai	x31,x25,0x2	 x25:0x00000001 x31=0x00000000
       23905000	      2389	80006408	40a30db3	sub	x27,x6,x10	  x6:0x00000000 x10:0x1b149115 x27=0xe4eb6eeb
       23915000	      2390	8000640c	006e3bb3	sltu	x23,x28,x6	 x28:0x00000001  x6:0x00000000 x23=0x00000000
       23925000	      2391	80006410	011ad813	srli	x16,x21,0x11	 x21:0x00000000 x16=0x00000000
       23935000	      2392	80006414	016a1b33	sll	x22,x20,x22	 x20:0x00000098 x22:0x00000000 x22=0x00000098
       23945000	      2393	80006418	047a4263	blt	x20,x7,8000645c	 x20:0x00000098  x7:0x80009f5c
       23955000	      2394	8000641c	050d9263	bne	x27,x16,80006460	 x27:0xe4eb6eeb x16:0x00000000
       23965000	      2395	00000000	00000013	addi	x0,x0,0	  x0:0x00000000
       23975000	      2396	8000645c	00000013	addi	x0,x0,0	  x0:0x00000000
       23985000	      2397	80006460	00eb22b3	slt	x5,x22,x14	 x22:0x00000098 x14:0x00000000  x5=0x00000000
       23995000	      2398	80006464	26800a13	addi	x20,x0,616	  x0:0x00000000 x20=0x00000268
       24005000	      2399	80006468	00ec0263	beq	x24,x14,8000646c	 x24:0x00000000 x14:0x00000000
       24015000	      2400	00000000	00000013	addi	x0,x0,0	  x0:0x00000000
       24025000	      2401	80006468	00000013	addi	x0,x0,0	  x0:0x00000000
       24035000	      2402	8000646c	01493b33	sltu	x22,x18,x20	 x18:0x00000028 x20:0x00000268 x22=0x00000001
       24045000	      2403	80006470	0358e263	bltu	x17,x21,80006494	 x17:0x00006a6b x21:0x00000000
       24055000	      2404	80006474	00dc9e13	slli	x28,x25,0xd	 x25:0x00000001 x28=0x00002000
       24065000	      2405	80006478	ff44c493	xori	x9,x9,-12	  x9:0x7ffffbdb  x9=0x8000042f
       24075000	      2406	8000647c	011322b3	slt	x5,x6,x17	  x6:0x00000000 x17:0x00006a6b  x5=0x00000001
       24085000	      2407	80006480	006a7863	bgeu	x20,x6,80006490	 x20:0x00000268  x6:0x00000000
       24095000	      2408	00000000	00000013	addi	x0,x0,0	  x0:0x00000000
       24105000	      2409	8000648c	00000013	addi	x0,x0,0	  x0:0x00000000
       24115000	      2410	80006490	05b87463	bgeu	x16,x27,800064d8	 x16:0x00000000 x27:0xe4eb6eeb
       24125000	      2411	80006494	00000013	addi	x0,x0,0	  x0:0x00000000
       24135000	      2412	80006498	01f604b3	add	x9,x12,x31	 x12:0x00000028 x31:0x00000000  x9=0x00000028
       24145000	      2413	8000649c	0441f263	bgeu	x3,x4,800064e0	  x3:0x00000248  x4:0xfffe0002
       24155000	      2414	800064a0	a6387b93	andi	x23,x16,-1437	 x16:0x00000000 x23=0x00000000
       24165000	      2415	800064a4	00000013	addi	x0,x0,0	  x0:0x00000000
       24175000	      2416	800064a8	01bde1b3	or	x3,x27,x27	 x27:0xe4eb6eeb x27:0xe4eb6eeb  x3=0xe4eb6eeb
       24185000	      2417	800064ac	e0f6be13	sltiu	x28,x13,-497	 x13:0x80000000 x28=0x00000001
       24195000	      2418	800064b0	00000013	addi	x0,x0,0	  x0:0x00000000
       24205000	      2419	800064b4	10572993	slti	x19,x14,261	 x14:0x00000000 x19=0x00000001
       24215000	      2420	800064b8	01201d33	sll	x26,x0,x18	  x0:0x00000000 x18:0x00000028 x26=0x00000000
       24225000	      2421	800064bc	d27a8c13	addi	x24,x21,-729	 x21:0x00000000 x24=0xfffffd27
       24235000	      2422	800064c0	004b5533	srl	x10,x22,x4	 x22:0x00000001  x4:0xfffe0002 x10=0x00000000
       24245000	      2423	800064c4	00000013	addi	x0,x0,0	  x0:0x00000000
       24255000	      2424	800064c8	015f10b3	sll	x1,x30,x21	 x30:0x00000051 x21:0x00000000  x1=0x00000051
       24265000	      2425	800064cc	024fc863	blt	x31,x4,800064fc	 x31:0x00000000  x4:0xfffe0002
       24275000	      2426	800064d0	01357663	bgeu	x10,x19,800064dc	 x10:0x00000000 x19:0x00000001
       24285000	      2427	800064d4	3cf92893	slti	x17,x18,975	 x18:0x00000028 x17=0x00000001
       24295000	      2428	800064d8	0fdc0e13	addi	x28,x24,253	 x24:0xfffffd27 x28=0xfffffe24
       24305000	      2429	800064dc	01615b33	srl	x22,x2,x22	  x2:0x81df0000 x22:0x00000001 x22=0x40ef8000
       24315000	      2430	800064e0	00a020b3	slt	x1,x0,x10	  x0:0x00000000 x10:0x00000000  x1=0x00000000
       24325000	      2431	800064e4	011d7533	and	x10,x26,x17	 x26:0x00000000 x17:0x00000001 x10=0x00000000
       24335000	      2432	800064e8	4546c013	xori	x0,x13,1108	 x13:0x80000000
       24345000	      2433	800064ec	01c5d9b3	srl	x19,x11,x28	 x11:0x00000000 x28:0xfffffe24 x19=0x00000000
       24355000	      2434	800064f0	8dbaf497	auipc	x9,0x8dbaf	  x9=0x0dbb54ec
       24365000	      2435	800064f4	7cad7b93	andi	x23,x26,1994	 x26:0x00000000 x23=0x00000000
       24375000	      2436	800064f8	f5a9ba17	auipc	x20,0xf5a9b	 x20=0x75aa14f4
       24385000	      2437	800064fc	00000013	addi	x0,x0,0	  x0:0x00000000
       24395000	      2438	80006500	41026fb7	lui	x31,0x41026	 x31=0x41026000
       24405000	      2439	80006504	0117dc33	srl	x24,x15,x17	 x15:0x80009fc4 x17:0x00000001 x24=0x40004fe2
       24415000	      2440	80006508	03bf5e63	bge	x30,x27,80006544	 x30:0x00000051 x27:0xe4eb6eeb
       24425000	      2441	00000000	00000013	addi	x0,x0,0	  x0:0x00000000
       24435000	      2442	80006540	00000013	addi	x0,x0,0	  x0:0x00000000
       24445000	      2443	80006544	3a9722b7	lui	x5,0x3a972	  x5=0x3a972000
       24455000	      2444	80006548	011dd2b3	srl	x5,x27,x17	 x27:0xe4eb6eeb x17:0x00000001  x5=0x7275b775
       24465000	      2445	8000654c	0290e663	bltu	x1,x9,80006578	  x1:0x00000000  x9:0x0dbb54ec
       24475000	      2446	00000000	00000013	addi	x0,x0,0	  x0:0x00000000
       24485000	      2447	80006574	00000013	addi	x0,x0,0	  x0:0x00000000
       24495000	      2448	80006578	7a710a13	addi	x20,x2,1959	  x2:0x81df0000 x20=0x81df07a7
       24505000	      2449	8000657c	af4d4813	xori	x16,x26,-1292	 x26:0x00000000 x16=0xfffffaf4
       24515000	      2450	80006580	00257233	and	x4,x10,x2	 x10:0x00000000  x2:0x81df0000  x4=0x00000000
       24525000	      2451	80006584	0244fa63	bgeu	x9,x4,800065b8	  x9:0x0dbb54ec  x4:0x00000000
       24535000	      2452	00000000	00000013	addi	x0,x0,0	  x0:0x00000000
       24545000	      2453	800065b4	00000013	addi	x0,x0,0	  x0:0x00000000
       24555000	      2454	800065b8	05f2c263	blt	x5,x31,800065fc	  x5:0x7275b775 x31:0x41026000
       24565000	      2455	800065bc	00539f13	slli	x30,x7,0x5	  x7:0x80009f5c x30=0x0013eb80
       24575000	      2456	800065c0	e97fce13	xori	x28,x31,-361	 x31:0x41026000 x28=0xbefd9e97
       24585000	      2457	800065c4	403a8b33	sub	x22,x21,x3	 x21:0x00000000  x3:0xe4eb6eeb x22=0x1b149115
       24595000	      2458	800065c8	01279663	bne	x15,x18,800065d4	 x15:0x80009fc4 x18:0x00000028
       24605000	      2459	00000000	00000013	addi	x0,x0,0	  x0:0x00000000
       24615000	      2460	800065d0	00000013	addi	x0,x0,0	  x0:0x00000000
       24625000	      2461	800065d4	00675213	srli	x4,x14,0x6	 x14:0x00000000  x4=0x00000000
       24635000	      2462	800065d8	00d2fa33	and	x20,x5,x13	  x5:0x7275b775 x13:0x80000000 x20=0x00000000
       24645000	      2463	800065dc	028cd863	bge	x25,x8,8000660c	 x25:0x00000001  x8:0x00000000
       24655000	      2464	00000000	00000013	addi	x0,x0,0	  x0:0x00000000
       24665000	      2465	80006608	00000013	addi	x0,x0,0	  x0:0x00000000
       24675000	      2466	8000660c	6e73a993	slti	x19,x7,1767	  x7:0x80009f5c x19=0x00000001
       24685000	      2467	80006610	01c60c33	add	x24,x12,x28	 x12:0x00000028 x28:0xbefd9e97 x24=0xbefd9ebf
       24695000	      2468	80006614	41f30f33	sub	x30,x6,x31	  x6:0x00000000 x31:0x41026000 x30=0xbefda000
       24705000	      2469	80006618	41850433	sub	x8,x10,x24	 x10:0x00000000 x24:0xbefd9ebf  x8=0x41026141
       24715000	      2470	8000661c	012f9eb3	sll	x29,x31,x18	 x31:0x41026000 x18:0x00000028 x29=0x02600000
       24725000	      2471	80006620	91cca837	lui	x16,0x91cca	 x16=0x91cca000
       24735000	      2472	80006624	41065833	sra	x16,x12,x16	 x12:0x00000028 x16:0x91cca000 x16=0x00000028
       24745000	      2473	80006628	03357c63	bgeu	x10,x19,80006660	 x10:0x00000000 x19:0x00000001
       24755000	      2474	8000662c	9b6c7d93	andi	x27,x24,-1610	 x24:0xbefd9ebf x27=0xbefd98b6
       24765000	      2475	80006630	0100b033	sltu	x0,x1,x16	  x1:0x00000000 x16:0x00000028
       24775000	      2476	80006634	008c5293	srli	x5,x24,0x8	 x24:0xbefd9ebf  x5=0x00befd9e
       24785000	      2477	80006638	40f55613	srai	x12,x10,0xf	 x10:0x00000000 x12=0x00000000
       24795000	      2478	8000663c	00ff6bb3	or	x23,x30,x15	 x30:0xbefda000 x15:0x80009fc4 x23=0xbefdbfc4
       24805000	      2479	80006640	00000013	addi	x0,x0,0	  x0:0x00000000
       24815000	      2480	80006644	05a2e263	bltu	x5,x26,80006688	  x5:0x00befd9e x26:0x00000000
       24825000	      2481	80006648	0073fd33	and	x26,x7,x7	  x7:0x80009f5c  x7:0x80009f5c x26=0x80009f5c
       24835000	      2482	8000664c	00b29413	slli	x8,x5,0xb	  x5:0x00befd9e  x8=0xf7ecf000
       24845000	      2483	80006650	40a3d533	sra	x10,x7,x10	  x7:0x80009f5c x10:0x00000000 x10=0x80009f5c
       24855000	      2484	80006654	003a39b3	sltu	x19,x20,x3	 x20:0x00000000  x3:0xe4eb6eeb x19=0x00000001
       24865000	      2485	80006658	01ff5193	srli	x3,x30,0x1f	 x30:0xbefda000  x3=0x00000001
       24875000	      2486	8000665c	a356ee13	ori	x28,x13,-1483	 x13:0x80000000 x28=0xfffffa35
       24885000	      2487	80006660	360a0f17	auipc	x30,0x360a0	 x30=0xb60a665c
       24895000	      2488	80006664	01e69193	slli	x3,x13,0x1e	 x13:0x80000000  x3=0x00000000
       24905000	      2489	80006668	00000013	addi	x0,x0,0	  x0:0x00000000
       24915000	      2490	8000666c	29f2b937	lui	x18,0x29f2b	 x18=0x29f2b000
       24925000	      2491	80006670	01ba4633	xor	x12,x20,x27	 x20:0x00000000 x27:0xbefd98b6 x12=0xbefd98b6
       24935000	      2492	80006674	00ab5633	srl	x12,x22,x10	 x22:0x1b149115 x10:0x80009f5c x12=0x00000001
       24945000	      2493	80006678	00c56f33	or	x30,x10,x12	 x10:0x80009f5c x12:0x00000001 x30=0x80009f5d
       24955000	      2494	8000667c	00e6f663	bgeu	x13,x14,80006688	 x13:0x80000000 x14:0x00000000
       24965000	      2495	00000000	00000013	addi	x0,x0,0	  x0:0x00000000
       24975000	      2496	80006684	00000013	addi	x0,x0,0	  x0:0x00000000
       24985000	      2497	80006688	3876b617	auipc	x12,0x3876b	 x12=0xb8771684
       24995000	      2498	8000668c	40118033	sub	x0,x3,x1	  x3:0x00000000  x1:0x00000000
       25005000	      2499	80006690	0197d413	srli	x8,x15,0x19	 x15:0x80009fc4  x8=0x00000040
       25015000	      2500	80006694	41d05733	sra	x14,x0,x29	  x0:0x00000000 x29:0x02600000 x14=0x00000000
       25025000	      2501	80006698	efb50713	addi	x14,x10,-261	 x10:0x80009f5c x14=0x80009e57
       25035000	      2502	8000669c	00000013	addi	x0,x0,0	  x0:0x00000000
       25045000	      2503	800066a0	407a5d13	srai	x26,x20,0x7	 x20:0x00000000 x26=0x00000000
       25055000	      2504	800066a4	01da5593	srli	x11,x20,0x1d	 x20:0x00000000 x11=0x00000000
       25065000	      2505	800066a8	00000013	addi	x0,x0,0	  x0:0x00000000
       25075000	      2506	800066ac	00856a33	or	x20,x10,x8	 x10:0x80009f5c  x8:0x00000040 x20=0x80009f5c
       25085000	      2507	800066b0	cd6d8e13	addi	x28,x27,-810	 x27:0xbefd98b6 x28=0xbefd958c
       25095000	      2508	800066b4	00231613	slli	x12,x6,0x2	  x6:0x00000000 x12=0x00000000
       25105000	      2509	800066b8	09a08213	addi	x4,x1,154	  x1:0x00000000  x4=0x0000009a
       25115000	      2510	800066bc	00c10733	add	x14,x2,x12	  x2:0x81df0000 x12:0x00000000 x14=0x81df0000
       25125000	      2511	800066c0	04505263	bge	x0,x5,80006704	  x0:0x00000000  x5:0x00befd9e
       25135000	      2512	800066c4	005c4333	xor	x6,x24,x5	 x24:0xbefd9ebf  x5:0x00befd9e  x6=0xbe436321
       25145000	      2513	800066c8	00000013	addi	x0,x0,0	  x0:0x00000000
       25155000	      2514	800066cc	00420033	add	x0,x4,x4	  x4:0x0000009a  x4:0x0000009a
       25165000	      2515	800066d0	008a1bb3	sll	x23,x20,x8	 x20:0x80009f5c  x8:0x00000040 x23=0x80009f5c
       25175000	      2516	800066d4	3bf60813	addi	x16,x12,959	 x12:0x00000000 x16=0x000003bf
       25185000	      2517	800066d8	972e7337	lui	x6,0x972e7	  x6=0x972e7000
       25195000	      2518	800066dc	0126dc13	srli	x24,x13,0x12	 x13:0x80000000 x24=0x00002000
       25205000	      2519	800066e0	0300c263	blt	x1,x16,80006704	  x1:0x00000000 x16:0x000003bf
       25215000	      2520	00000000	00000013	addi	x0,x0,0	  x0:0x00000000
       25225000	      2521	80006700	00000013	addi	x0,x0,0	  x0:0x00000000
       25235000	      2522	80006704	038eec63	bltu	x29,x24,8000673c	 x29:0x02600000 x24:0x00002000
       25245000	      2523	80006708	00db2c33	slt	x24,x22,x13	 x22:0x1b149115 x13:0x80000000 x24=0x00000000
       25255000	      2524	8000670c	00128463	beq	x5,x1,80006714	  x5:0x00befd9e  x1:0x00000000
       25265000	      2525	80006710	00cc6933	or	x18,x24,x12	 x24:0x00000000 x12:0x00000000 x18=0x00000000
       25275000	      2526	80006714	002df4b3	and	x9,x27,x2	 x27:0xbefd98b6  x2:0x81df0000  x9=0x80dd0000
       25285000	      2527	80006718	3b83a613	slti	x12,x7,952	  x7:0x80009f5c x12=0x00000001
       25295000	      2528	8000671c	012f7033	and	x0,x30,x18	 x30:0x80009f5d x18:0x00000000
       25305000	      2529	80006720	043d5263	bge	x26,x3,80006764	 x26:0x00000000  x3:0x00000000
       25315000	      2530	00000000	00000013	addi	x0,x0,0	  x0:0x00000000
       25325000	      2531	80006760	00000013	addi	x0,x0,0	  x0:0x00000000
       25335000	      2532	80006764	40488f37	lui	x30,0x40488	 x30=0x40488000
       25345000	      2533	80006768	81287893	andi	x17,x16,-2030	 x16:0x000003bf x17=0x00000012
       25355000	      2534	8000676c	01ed1913	slli	x18,x26,0x1e	 x26:0x00000000 x18=0x00000000
       25365000	      2535	80006770	594f8f97	auipc	x31,0x594f8	 x31=0xd94fe76c
       25375000	      2536	80006774	7cfc4313	xori	x6,x24,1999	 x24:0x00000000  x6=0x000007cf
       25385000	      2537	80006778	0133f1b3	and	x3,x7,x19	  x7:0x80009f5c x19:0x00000001  x3=0x00000000
       25395000	      2538	8000677c	40eed233	sra	x4,x29,x14	 x29:0x02600000 x14:0x81df0000  x4=0x02600000
       25405000	      2539	80006780	56396f13	ori	x30,x18,1379	 x18:0x00000000 x30=0x00000563
       25415000	      2540	80006784	01b30733	add	x14,x6,x27	  x6:0x000007cf x27:0xbefd98b6 x14=0xbefda085
       25425000	      2541	80006788	018d7d33	and	x26,x26,x24	 x26:0x00000000 x24:0x00000000 x26=0x00000000
       25435000	      2542	8000678c	02475e63	bge	x14,x4,800067c8	 x14:0xbefda085  x4:0x02600000
       25445000	      2543	80006790	03bf4663	blt	x30,x27,800067bc	 x30:0x00000563 x27:0xbefd98b6
       25455000	      2544	80006794	7d6da713	slti	x14,x27,2006	 x27:0xbefd98b6 x14=0x00000001
       25465000	      2545	80006798	00ad9813	slli	x16,x27,0xa	 x27:0xbefd98b6 x16=0xf662d800
       25475000	      2546	8000679c	04111863	bne	x2,x1,800067ec	  x2:0x81df0000  x1:0x00000000
       25485000	      2547	00000000	00000013	addi	x0,x0,0	  x0:0x00000000
       25495000	      2548	800067e8	00000013	addi	x0,x0,0	  x0:0x00000000
       25505000	      2549	800067ec	028ff263	bgeu	x31,x8,80006810	 x31:0xd94fe76c  x8:0x00000040
       25515000	      2550	00000000	00000013	addi	x0,x0,0	  x0:0x00000000
       25525000	      2551	8000680c	00000013	addi	x0,x0,0	  x0:0x00000000
       25535000	      2552	80006810	00000013	addi	x0,x0,0	  x0:0x00000000
       25545000	      2553	80006814	000f8663	beq	x31,x0,80006820	 x31:0xd94fe76c  x0:0x00000000
       25555000	      2554	80006818	52823513	sltiu	x10,x4,1320	  x4:0x02600000 x10=0x00000000
       25565000	      2555	8000681c	015f91b3	sll	x3,x31,x21	 x31:0xd94fe76c x21:0x00000000  x3=0xd94fe76c
       25575000	      2556	80006820	045bd263	bge	x23,x5,80006864	 x23:0x80009f5c  x5:0x00befd9e
       25585000	      2557	80006824	057de463	bltu	x27,x23,8000686c	 x27:0xbefd98b6 x23:0x80009f5c
       25595000	      2558	80006828	27436e17	auipc	x28,0x27436	 x28=0xa743c824
       25605000	      2559	8000682c	41745eb3	sra	x29,x8,x23	  x8:0x00000040 x23:0x80009f5c x29=0x00000000
       25615000	      2560	80006830	36ed9e97	auipc	x29,0x36ed9	 x29=0xb6edf82c
       25625000	      2561	80006834	010f9193	slli	x3,x31,0x10	 x31:0xd94fe76c  x3=0xe76c0000
       25635000	      2562	80006838	41bc5093	srai	x1,x24,0x1b	 x24:0x00000000  x1=0x00000000
       25645000	      2563	8000683c	01dc54b3	srl	x9,x24,x29	 x24:0x00000000 x29:0xb6edf82c  x9=0x00000000
       25655000	      2564	80006840	01cd3d33	sltu	x26,x26,x28	 x26:0x00000000 x28:0xa743c824 x26=0x00000001
       25665000	      2565	80006844	007a5663	bge	x20,x7,80006850	 x20:0x80009f5c  x7:0x80009f5c
       25675000	      2566	00000000	00000013	addi	x0,x0,0	  x0:0x00000000
       25685000	      2567	8000684c	00000013	addi	x0,x0,0	  x0:0x00000000
       25695000	      2568	80006850	003a0533	add	x10,x20,x3	 x20:0x80009f5c  x3:0xe76c0000 x10=0x676c9f5c
       25705000	      2569	80006854	0120df33	srl	x30,x1,x18	  x1:0x00000000 x18:0x00000000 x30=0x00000000
       25715000	      2570	80006858	b7daeb13	ori	x22,x21,-1155	 x21:0x00000000 x22=0xfffffb7d
       25725000	      2571	8000685c	4180da13	srai	x20,x1,0x18	  x1:0x00000000 x20=0x00000000
       25735000	      2572	80006860	410c8333	sub	x6,x25,x16	 x25:0x00000001 x16:0xf662d800  x6=0x099d2801
       25745000	      2573	80006864	03681263	bne	x16,x22,80006888	 x16:0xf662d800 x22:0xfffffb7d
       25755000	      2574	00000000	00000013	addi	x0,x0,0	  x0:0x00000000
       25765000	      2575	80006884	00000013	addi	x0,x0,0	  x0:0x00000000
       25775000	      2576	80006888	00d664b3	or	x9,x12,x13	 x12:0x00000001 x13:0x80000000  x9=0x80000001
       25785000	      2577	8000688c	05157263	bgeu	x10,x17,800068d0	 x10:0x676c9f5c x17:0x00000012
       25795000	      2578	00000000	00000013	addi	x0,x0,0	  x0:0x00000000
       25805000	      2579	800068cc	00000013	addi	x0,x0,0	  x0:0x00000000
       25815000	      2580	800068d0	019ff463	bgeu	x31,x25,800068d8	 x31:0xd94fe76c x25:0x00000001
       25825000	      2581	00000000	00000013	addi	x0,x0,0	  x0:0x00000000
       25835000	      2582	800068d4	00000013	addi	x0,x0,0	  x0:0x00000000
       25845000	      2583	800068d8	b028a413	slti	x8,x17,-1278	 x17:0x00000012  x8=0x00000000
       25855000	      2584	800068dc	01821913	slli	x18,x4,0x18	  x4:0x02600000 x18=0x00000000
       25865000	      2585	800068e0	03f45863	bge	x8,x31,80006910	  x8:0x00000000 x31:0xd94fe76c
       25875000	      2586	00000000	00000013	addi	x0,x0,0	  x0:0x00000000
       25885000	      2587	8000690c	00000013	addi	x0,x0,0	  x0:0x00000000
       25895000	      2588	80006910	01716bb3	or	x23,x2,x23	  x2:0x81df0000 x23:0x80009f5c x23=0x81df9f5c
       25905000	      2589	80006914	411a0d33	sub	x26,x20,x17	 x20:0x00000000 x17:0x00000012 x26=0xffffffee
       25915000	      2590	80006918	17b6ef93	ori	x31,x13,379	 x13:0x80000000 x31=0x8000017b
       25925000	      2591	8000691c	41b80633	sub	x12,x16,x27	 x16:0xf662d800 x27:0xbefd98b6 x12=0x37653f4a
       25935000	      2592	80006920	0261e663	bltu	x3,x6,8000694c	  x3:0xe76c0000  x6:0x099d2801
       25945000	      2593	80006924	b07e4d93	xori	x27,x28,-1273	 x28:0xa743c824 x27=0x58bc3323
       25955000	      2594	80006928	b4ad7a93	andi	x21,x26,-1206	 x26:0xffffffee x21=0xfffffb4a
       25965000	      2595	8000692c	01d0fe63	bgeu	x1,x29,80006948	  x1:0x00000000 x29:0xb6edf82c
       25975000	      2596	80006930	41d18eb3	sub	x29,x3,x29	  x3:0xe76c0000 x29:0xb6edf82c x29=0x307e07d4
       25985000	      2597	80006934	259c4193	xori	x3,x24,601	 x24:0x00000000  x3=0x00000259
       25995000	      2598	80006938	01379b33	sll	x22,x15,x19	 x15:0x80009fc4 x19:0x00000001 x22=0x00013f88
       26005000	      2599	8000693c	005a1263	bne	x20,x5,80006940	 x20:0x00000000  x5:0x00befd9e
       26015000	      2600	00000000	00000013	addi	x0,x0,0	  x0:0x00000000
       26025000	      2601	8000693c	00000013	addi	x0,x0,0	  x0:0x00000000
       26035000	      2602	80006940	01a5e663	bltu	x11,x26,8000694c	 x11:0x00000000 x26:0xffffffee
       26045000	      2603	00000000	00000013	addi	x0,x0,0	  x0:0x00000000
       26055000	      2604	80006948	00000013	addi	x0,x0,0	  x0:0x00000000
       26065000	      2605	8000694c	32382b13	slti	x22,x16,803	 x16:0xf662d800 x22=0x00000001
       26075000	      2606	80006950	41e95d33	sra	x26,x18,x30	 x18:0x00000000 x30:0x00000000 x26=0x00000000
       26085000	      2607	80006954	00000013	addi	x0,x0,0	  x0:0x00000000
       26095000	      2608	80006958	20e0e617	auipc	x12,0x20e0e	 x12=0xa0e14954
       26105000	      2609	8000695c	f3458493	addi	x9,x11,-204	 x11:0x00000000  x9=0xffffff34
       26115000	      2610	80006960	015d5893	srli	x17,x26,0x15	 x26:0x00000000 x17=0x00000000
       26125000	      2611	80006964	00c4aa33	slt	x20,x9,x12	  x9:0xffffff34 x12:0xa0e14954 x20=0x00000000
       26135000	      2612	80006968	01713433	sltu	x8,x2,x23	  x2:0x81df0000 x23:0x81df9f5c  x8=0x00000001
       26145000	      2613	8000696c	00000013	addi	x0,x0,0	  x0:0x00000000
       26155000	      2614	80006970	000f82b3	add	x5,x31,x0	 x31:0x8000017b  x0:0x00000000  x5=0x8000017b
       26165000	      2615	80006974	9ef04b93	xori	x23,x0,-1553	  x0:0x00000000 x23=0xfffff9ef
       26175000	      2616	80006978	00f90c33	add	x24,x18,x15	 x18:0x00000000 x15:0x80009fc4 x24=0x80009fc4
       26185000	      2617	8000697c	015e1913	slli	x18,x28,0x15	 x28:0xa743c824 x18=0x04800000
       26195000	      2618	80006980	407b5bb3	sra	x23,x22,x7	 x22:0x00000001  x7:0x80009f5c x23=0x00000000
       26205000	      2619	80006984	1162a493	slti	x9,x5,278	  x5:0x8000017b  x9=0x00000001
       26215000	      2620	80006988	00002597	auipc	x11,0x2	 x11=0x80008984
       26225000	      2621	8000698c	3d758593	addi	x11,x11,983	 x11:0x80008984 x11=0x80008d5b
       26235000	      2622	80006990	4047db93	srai	x23,x15,0x4	 x15:0x80009fc4 x23=0xf80009fc
       26245000	      2623	80006994	ff05c003	lbu	x0,-16(x11)	 x11:0x80008d5b PA:0x80008d4b
       26255000	      2624	80006998	00000013	addi	x0,x0,0	  x0:0x00000000
       26265000	      2625	8000699c	4158dd33	sra	x26,x17,x21	 x17:0x00000000 x21:0xfffffb4a x26=0x00000000
       26275000	      2626	800069a0	01059493	slli	x9,x11,0x10	 x11:0x80008d5b  x9=0x8d5b0000
       26285000	      2627	800069a4	0075ca03	lbu	x20,7(x11)	 x11:0x80008d5b x20=0x00000049 PA:0x80008d62
       26295000	      2628	800069a8	00c58903	lb	x18,12(x11)	 x11:0x80008d5b x18=0x0000004c PA:0x80008d67
       26305000	      2629	800069ac	ff55c203	lbu	x4,-11(x11)	 x11:0x80008d5b  x4=0x0000003b PA:0x80008d50
       26315000	      2630	800069b0	00759983	lh	x19,7(x11)	 x11:0x80008d5b x19=0x00004849 PA:0x80008d62
       26325000	      2631	800069b4	00959283	lh	x5,9(x11)	 x11:0x80008d5b  x5=0x00004e4f PA:0x80008d64
       26335000	      2632	800069b8	f7968e93	addi	x29,x13,-135	 x13:0x80000000 x29=0x7fffff79
       26345000	      2633	800069bc	0105c403	lbu	x8,16(x11)	 x11:0x80008d5b  x8=0x00000050 PA:0x80008d6b
       26355000	      2634	800069c0	01298ab3	add	x21,x19,x18	 x19:0x00004849 x18:0x0000004c x21=0x00004895
       26365000	      2635	800069c4	bce76613	ori	x12,x14,-1074	 x14:0x00000001 x12=0xfffffbcf
       26375000	      2636	800069c8	6205fd17	auipc	x26,0x6205f	 x26=0xe20659c4
       26385000	      2637	800069cc	01e1f4b3	and	x9,x3,x30	  x3:0x00000259 x30:0x00000000  x9=0x00000000
       26395000	      2638	800069d0	00d58d83	lb	x27,13(x11)	 x11:0x80008d5b x27=0x00000053 PA:0x80008d68
       26405000	      2639	00000000	00000013	addi	x0,x0,0	  x0:0x00000000
       26415000	      2640	800069d4	01b580a3	sb	x27,1(x11)	 x11:0x80008d5b x27:0x00000053 PA:0x80008d5c
       26425000	      2641	800069d8	ffb5d603	lhu	x12,-5(x11)	 x11:0x80008d5b x12=0x00003c3d PA:0x80008d56
       26435000	      2642	800069dc	ff35c703	lbu	x14,-13(x11)	 x11:0x80008d5b x14=0x00000035 PA:0x80008d4e
       26445000	      2643	800069e0	00b581a3	sb	x11,3(x11)	 x11:0x80008d5b x11:0x80008d5b PA:0x80008d5e
       26455000	      2644	800069e4	00458f03	lb	x30,4(x11)	 x11:0x80008d5b x30=0x00000044 PA:0x80008d5f
       26465000	      2645	800069e8	3838f613	andi	x12,x17,899	 x17:0x00000000 x12=0x00000000
       26475000	      2646	800069ec	ce584437	lui	x8,0xce584	  x8=0xce584000
       26485000	      2647	800069f0	00191513	slli	x10,x18,0x1	 x18:0x0000004c x10=0x00000098
       26495000	      2648	800069f4	416d8033	sub	x0,x27,x22	 x27:0x00000053 x22:0x00000001
       26505000	      2649	800069f8	01268db3	add	x27,x13,x18	 x13:0x80000000 x18:0x0000004c x27=0x8000004c
       26515000	      2650	800069fc	00558823	sb	x5,16(x11)	 x11:0x80008d5b  x5:0x00004e4f PA:0x80008d6b
       26525000	      2651	80006a00	01e05093	srli	x1,x0,0x1e	  x0:0x00000000  x1=0x00000000
       26535000	      2652	80006a04	fff5cd03	lbu	x26,-1(x11)	 x11:0x80008d5b x26=0x00000041 PA:0x80008d5a
       26545000	      2653	80006a08	ff35ce03	lbu	x28,-13(x11)	 x11:0x80008d5b x28=0x00000035 PA:0x80008d4e
       26555000	      2654	80006a0c	00f59183	lh	x3,15(x11)	 x11:0x80008d5b  x3=0x00004f51 PA:0x80008d6a
       26565000	      2655	80006a10	41575a33	sra	x20,x14,x21	 x14:0x00000035 x21:0x00004895 x20=0x00000000
       26575000	      2656	80006a14	41155a93	srai	x21,x10,0x11	 x10:0x00000098 x21=0x00000000
       26585000	      2657	80006a18	c79470b7	lui	x1,0xc7947	  x1=0xc7947000
       26595000	      2658	80006a1c	ff25cf03	lbu	x30,-14(x11)	 x11:0x80008d5b x30=0x00000036 PA:0x80008d4d
       26605000	      2659	80006a20	00e5a2a3	sw	x14,5(x11)	 x11:0x80008d5b x14:0x00000035 PA:0x80008d60
       26615000	      2660	80006a24	ffb58e03	lb	x28,-5(x11)	 x11:0x80008d5b x28=0x0000003d PA:0x80008d56
       26625000	      2661	80006a28	00acde33	srl	x28,x25,x10	 x25:0x00000001 x10:0x00000098 x28=0x00000000
       26635000	      2662	80006a2c	00058283	lb	x5,0(x11)	 x11:0x80008d5b  x5=0x00000040 PA:0x80008d5b
       26645000	      2663	80006a30	41a08433	sub	x8,x1,x26	  x1:0xc7947000 x26:0x00000041  x8=0xc7946fbf
       26655000	      2664	80006a34	01358723	sb	x19,14(x11)	 x11:0x80008d5b x19:0x00004849 PA:0x80008d69
       26665000	      2665	80006a38	7ea2edb7	lui	x27,0x7ea2e	 x27=0x7ea2e000
       26675000	      2666	80006a3c	ffb58c23	sb	x27,-8(x11)	 x11:0x80008d5b x27:0x7ea2e000 PA:0x80008d53
       26685000	      2667	80006a40	01a2eeb3	or	x29,x5,x26	  x5:0x00000040 x26:0x00000041 x29=0x00000041
       26695000	      2668	80006a44	003e8fb3	add	x31,x29,x3	 x29:0x00000041  x3:0x00004f51 x31=0x00004f92
       26705000	      2669	80006a48	41690933	sub	x18,x18,x22	 x18:0x0000004c x22:0x00000001 x18=0x0000004b
       26715000	      2670	80006a4c	0089d713	srli	x14,x19,0x8	 x19:0x00004849 x14=0x00000048
       26725000	      2671	80006a50	00000013	addi	x0,x0,0	  x0:0x00000000
       26735000	      2672	80006a54	ff759283	lh	x5,-9(x11)	 x11:0x80008d5b  x5=0x00000039 PA:0x80008d52
       26745000	      2673	80006a58	00ef7633	and	x12,x30,x14	 x30:0x00000036 x14:0x00000048 x12=0x00000000
       26755000	      2674	80006a5c	00058c03	lb	x24,0(x11)	 x11:0x80008d5b x24=0x00000040 PA:0x80008d5b
       26765000	      2675	80006a60	00aa1ab3	sll	x21,x20,x10	 x20:0x00000000 x10:0x00000098 x21=0x00000000
       26775000	      2676	80006a64	00eb54b3	srl	x9,x22,x14	 x22:0x00000001 x14:0x00000048  x9=0x00000000
       26785000	      2677	80006a68	1b88e313	ori	x6,x17,440	 x17:0x00000000  x6=0x000001b8
       26795000	      2678	80006a6c	017eb1b3	sltu	x3,x29,x23	 x29:0x00000041 x23:0xf80009fc  x3=0x00000001
       26805000	      2679	80006a70	41475d33	sra	x26,x14,x20	 x14:0x00000048 x20:0x00000000 x26=0x00000048
       26815000	      2680	80006a74	00700a63	beq	x0,x7,80006a88	  x0:0x00000000  x7:0x80009f5c
       26825000	      2681	80006a78	0dcf6913	ori	x18,x30,220	 x30:0x00000036 x18=0x000000fe
       26835000	      2682	80006a7c	402f0bb3	sub	x23,x30,x2	 x30:0x00000036  x2:0x81df0000 x23=0x7e210036
       26845000	      2683	80006a80	03354663	blt	x10,x19,80006aac	 x10:0x00000098 x19:0x00004849
       26855000	      2684	00000000	00000013	addi	x0,x0,0	  x0:0x00000000
       26865000	      2685	80006aa8	00000013	addi	x0,x0,0	  x0:0x00000000
       26875000	      2686	80006aac	1da46713	ori	x14,x8,474	  x8:0xc7946fbf x14=0xc7946fff
       26885000	      2687	80006ab0	03920c63	beq	x4,x25,80006ae8	  x4:0x0000003b x25:0x00000001
       26895000	      2688	80006ab4	e741eb93	ori	x23,x3,-396	  x3:0x00000001 x23=0xfffffe75
       26905000	      2689	80006ab8	00000013	addi	x0,x0,0	  x0:0x00000000
       26915000	      2690	80006abc	0163ab33	slt	x22,x7,x22	  x7:0x80009f5c x22:0x00000001 x22=0x00000001
       26925000	      2691	80006ac0	017b0663	beq	x22,x23,80006acc	 x22:0x00000001 x23:0xfffffe75
       26935000	      2692	80006ac4	f518cc13	xori	x24,x17,-175	 x17:0x00000000 x24=0xffffff51
       26945000	      2693	80006ac8	045a9263	bne	x21,x5,80006b0c	 x21:0x00000000  x5:0x00000039
       26955000	      2694	00000000	00000013	addi	x0,x0,0	  x0:0x00000000
       26965000	      2695	80006b08	00000013	addi	x0,x0,0	  x0:0x00000000
       26975000	      2696	80006b0c	02676e63	bltu	x14,x6,80006b48	 x14:0xc7946fff  x6:0x000001b8
       26985000	      2697	80006b10	01bd2db3	slt	x27,x26,x27	 x26:0x00000048 x27:0x7ea2e000 x27=0x00000001
       26995000	      2698	80006b14	000ec633	xor	x12,x29,x0	 x29:0x00000041  x0:0x00000000 x12=0x00000041
       27005000	      2699	80006b18	da2c7193	andi	x3,x24,-606	 x24:0xffffff51  x3=0xfffffd00
       27015000	      2700	80006b1c	01881293	slli	x5,x16,0x18	 x16:0xf662d800  x5=0x00000000
       27025000	      2701	80006b20	056f4063	blt	x30,x22,80006b60	 x30:0x00000036 x22:0x00000001
       27035000	      2702	80006b24	015c4033	xor	x0,x24,x21	 x24:0xffffff51 x21:0x00000000
       27045000	      2703	80006b28	41e10233	sub	x4,x2,x30	  x2:0x81df0000 x30:0x00000036  x4=0x81deffca
       27055000	      2704	80006b2c	00446233	or	x4,x8,x4	  x8:0xc7946fbf  x4:0x81deffca  x4=0xc7deffff
       27065000	      2705	80006b30	41b3dab3	sra	x21,x7,x27	  x7:0x80009f5c x27:0x00000001 x21=0xc0004fae
       27075000	      2706	80006b34	01a77863	bgeu	x14,x26,80006b44	 x14:0xc7946fff x26:0x00000048
       27085000	      2707	00000000	00000013	addi	x0,x0,0	  x0:0x00000000
       27095000	      2708	80006b40	00000013	addi	x0,x0,0	  x0:0x00000000
       27105000	      2709	80006b44	01257e63	bgeu	x10,x18,80006b60	 x10:0x00000098 x18:0x000000fe
       27115000	      2710	80006b48	00710c63	beq	x2,x7,80006b60	  x2:0x81df0000  x7:0x80009f5c
       27125000	      2711	80006b4c	01d5f733	and	x14,x11,x29	 x11:0x80008d5b x29:0x00000041 x14=0x00000041
       27135000	      2712	80006b50	8e473e93	sltiu	x29,x14,-1820	 x14:0x00000041 x29=0x00000001
       27145000	      2713	80006b54	535f6117	auipc	x2,0x535f6	  x2=0xd35fcb50
       27155000	      2714	80006b58	2a7a6213	ori	x4,x20,679	 x20:0x00000000  x4=0x000002a7
       27165000	      2715	80006b5c	0023d0b3	srl	x1,x7,x2	  x7:0x80009f5c  x2:0xd35fcb50  x1=0x00008000
       27175000	      2716	80006b60	019d5233	srl	x4,x26,x25	 x26:0x00000048 x25:0x00000001  x4=0x00000024
       27185000	      2717	80006b64	0043a083	lw	x1,4(x7)	  x7:0x80009f5c  x1=0x8000017c PA:0x80009f60
       27195000	      2718	80006b68	00b588b3	add	x17,x11,x11	 x11:0x80008d5b x11:0x80008d5b x17=0x00011ab6
       27205000	      2719	80006b6c	0105afb3	slt	x31,x11,x16	 x11:0x80008d5b x16:0xf662d800 x31=0x00000001
       27215000	      2720	80006b70	00000013	addi	x0,x0,0	  x0:0x00000000
       27225000	      2721	80006b74	4150d9b3	sra	x19,x1,x21	  x1:0x8000017c x21:0xc0004fae x19=0xfffe0000
       27235000	      2722	80006b78	02838393	addi	x7,x7,40	  x7:0x80009f5c  x7=0x80009f84
       27245000	      2723	80006b7c	01861cb3	sll	x25,x12,x24	 x12:0x00000041 x24:0xffffff51 x25=0x00820000
       27255000	      2724	80006b80	00008f93	addi	x31,x1,0	  x1:0x8000017c x31=0x8000017c
       27265000	      2725	80006b84	000f8fe7	jalr	x31,x31,0	 x31:0x8000017c x31=0x80006b84
       27275000	      2726	00000000	00000013	addi	x0,x0,0	  x0:0x00000000
       27285000	      2727	8000017c	00000013	addi	x0,x0,0	  x0:0x00000000
       27295000	      2728	80000180	01a43733	sltu	x14,x8,x26	  x8:0xc7946fbf x26:0x00000048 x14=0x00000000
       27305000	      2729	80000184	99247c93	andi	x25,x8,-1646	  x8:0xc7946fbf x25=0xc7946992
       27315000	      2730	80000188	00cad733	srl	x14,x21,x12	 x21:0xc0004fae x12:0x00000041 x14=0x600027d7
       27325000	      2731	8000018c	17c22613	slti	x12,x4,380	  x4:0x00000024 x12=0x00000001
       27335000	      2732	80000190	00000297	auipc	x5,0x0	  x5=0x8000018c
       27345000	      2733	80000194	53428293	addi	x5,x5,1332	  x5:0x8000018c  x5=0x800006c0
       27355000	      2734	80000198	40c08e33	sub	x28,x1,x12	  x1:0x8000017c x12:0x00000001 x28=0x8000017b
       27365000	      2735	8000019c	003c9833	sll	x16,x25,x3	 x25:0xc7946992  x3:0xfffffd00 x16=0xc7946992
       27375000	      2736	800001a0	b3b8c993	xori	x19,x17,-1221	 x17:0x00011ab6 x19=0xfffee18d
       27385000	      2737	800001a4	01fb3633	sltu	x12,x22,x31	 x22:0x00000001 x31:0x80006b84 x12=0x00000001
       27395000	      2738	800001a8	f3e28293	addi	x5,x5,-194	  x5:0x800006c0  x5=0x800005fe
       27405000	      2739	800001ac	16b76513	ori	x10,x14,363	 x14:0x600027d7 x10=0x600027ff
       27415000	      2740	800001b0	003cc233	xor	x4,x25,x3	 x25:0xc7946992  x3:0xfffffd00  x4=0x386b9492
       27425000	      2741	800001b4	0c2280e7	jalr	x1,x5,194	  x5:0x800005fe  x1=0x800001b4
       27435000	      2742	00000000	00000013	addi	x0,x0,0	  x0:0x00000000
       27445000	      2743	800006c0	00000013	addi	x0,x0,0	  x0:0x00000000
       27455000	      2744	800006c4	01825133	srl	x2,x4,x24	  x4:0x386b9492 x24:0xffffff51  x2=0x00001c35
       27465000	      2745	800006c8	40f6d613	srai	x12,x13,0xf	 x13:0x80000000 x12=0xffff0000
       27475000	      2746	800006cc	0112f433	and	x8,x5,x17	  x5:0x800005fe x17:0x00011ab6  x8=0x000000b6
       27485000	      2747	800006d0	fc838393	addi	x7,x7,-56	  x7:0x80009f84  x7=0x80009f4c
       27495000	      2748	800006d4	0013a223	sw	x1,4(x7)	  x7:0x80009f4c  x1:0x800001b4 PA:0x80009f50
       27505000	      2749	800006d8	561b0813	addi	x16,x22,1377	 x22:0x00000001 x16=0x00000562
       27515000	      2750	800006dc	41510333	sub	x6,x2,x21	  x2:0x00001c35 x21:0xc0004fae  x6=0x3fffcc87
       27525000	      2751	800006e0	02b66063	bltu	x12,x11,80000700	 x12:0xffff0000 x11:0x80008d5b
       27535000	      2752	800006e4	01295e93	srli	x29,x18,0x12	 x18:0x000000fe x29=0x00000000
       27545000	      2753	800006e8	03e80d93	addi	x27,x16,62	 x16:0x00000562 x27=0x000005a0
       27555000	      2754	800006ec	038d5463	bge	x26,x24,80000714	 x26:0x00000048 x24:0xffffff51
       27565000	      2755	00000000	00000013	addi	x0,x0,0	  x0:0x00000000
       27575000	      2756	80000710	00000013	addi	x0,x0,0	  x0:0x00000000
       27585000	      2757	80000714	01005d13	srli	x26,x0,0x10	  x0:0x00000000 x26=0x00000000
       27595000	      2758	80000718	0043a083	lw	x1,4(x7)	  x7:0x80009f4c  x1=0x800001b4 PA:0x80009f50
       27605000	      2759	8000071c	9e42b913	sltiu	x18,x5,-1564	  x5:0x800005fe x18=0x00000001
       27615000	      2760	80000720	411b5593	srai	x11,x22,0x11	 x22:0x00000001 x11=0x00000000
       27625000	      2761	80000724	03838393	addi	x7,x7,56	  x7:0x80009f4c  x7=0x80009f84
       27635000	      2762	80000728	00a39b13	slli	x22,x7,0xa	  x7:0x80009f84 x22=0x027e1000
       27645000	      2763	8000072c	48f8f293	andi	x5,x17,1167	 x17:0x00011ab6  x5=0x00000086
       27655000	      2764	80000730	4033d933	sra	x18,x7,x3	  x7:0x80009f84  x3:0xfffffd00 x18=0x80009f84
       27665000	      2765	80000734	00108593	addi	x11,x1,1	  x1:0x800001b4 x11=0x800001b5
       27675000	      2766	80000738	000585e7	jalr	x11,x11,0	 x11:0x800001b5 x11=0x80000738
       27685000	      2767	00000000	00000013	addi	x0,x0,0	  x0:0x00000000
       27695000	      2768	800001b4	00000013	addi	x0,x0,0	  x0:0x00000000
       27705000	      2769	800001b8	5d860e93	addi	x29,x12,1496	 x12:0xffff0000 x29=0xffff05d8
       27715000	      2770	800001bc	410f5113	srai	x2,x30,0x10	 x30:0x00000036  x2=0x00000000
       27725000	      2771	800001c0	2ff71837	lui	x16,0x2ff71	 x16=0x2ff71000
       27735000	      2772	800001c4	00000717	auipc	x14,0x0	 x14=0x800001c0
       27745000	      2773	800001c8	50070713	addi	x14,x14,1280	 x14:0x800001c0 x14=0x800006c0
       27755000	      2774	800001cc	c4084d17	auipc	x26,0xc4084	 x26=0x440841c8
       27765000	      2775	800001d0	3e87e493	ori	x9,x15,1000	 x15:0x80009fc4  x9=0x80009fec
       27775000	      2776	800001d4	010a1f93	slli	x31,x20,0x10	 x20:0x00000000 x31=0x00000000
       27785000	      2777	800001d8	c7470713	addi	x14,x14,-908	 x14:0x800006c0 x14=0x80000334
       27795000	      2778	800001dc	4b4ce113	ori	x2,x25,1204	 x25:0xc7946992  x2=0xc7946db6
       27805000	      2779	800001e0	ac1a7913	andi	x18,x20,-1343	 x20:0x00000000 x18=0x00000000
       27815000	      2780	800001e4	7d77c113	xori	x2,x15,2007	 x15:0x80009fc4  x2=0x80009813
       27825000	      2781	800001e8	38c700e7	jalr	x1,x14,908	 x14:0x80000334  x1=0x800001e8
       27835000	      2782	00000000	00000013	addi	x0,x0,0	  x0:0x00000000
       27845000	      2783	800006c0	00000013	addi	x0,x0,0	  x0:0x00000000
       27855000	      2784	800006c4	01825133	srl	x2,x4,x24	  x4:0x386b9492 x24:0xffffff51  x2=0x00001c35
       27865000	      2785	800006c8	40f6d613	srai	x12,x13,0xf	 x13:0x80000000 x12=0xffff0000
       27875000	      2786	800006cc	0112f433	and	x8,x5,x17	  x5:0x00000086 x17:0x00011ab6  x8=0x00000086
       27885000	      2787	800006d0	fc838393	addi	x7,x7,-56	  x7:0x80009f84  x7=0x80009f4c
       27895000	      2788	800006d4	0013a223	sw	x1,4(x7)	  x7:0x80009f4c  x1:0x800001e8 PA:0x80009f50
       27905000	      2789	800006d8	561b0813	addi	x16,x22,1377	 x22:0x027e1000 x16=0x027e1561
       27915000	      2790	800006dc	41510333	sub	x6,x2,x21	  x2:0x00001c35 x21:0xc0004fae  x6=0x3fffcc87
       27925000	      2791	800006e0	02b66063	bltu	x12,x11,80000700	 x12:0xffff0000 x11:0x80000738
       27935000	      2792	800006e4	01295e93	srli	x29,x18,0x12	 x18:0x00000000 x29=0x00000000
       27945000	      2793	800006e8	03e80d93	addi	x27,x16,62	 x16:0x027e1561 x27=0x027e159f
       27955000	      2794	800006ec	038d5463	bge	x26,x24,80000714	 x26:0x440841c8 x24:0xffffff51
       27965000	      2795	00000000	00000013	addi	x0,x0,0	  x0:0x00000000
       27975000	      2796	80000710	00000013	addi	x0,x0,0	  x0:0x00000000
       27985000	      2797	80000714	01005d13	srli	x26,x0,0x10	  x0:0x00000000 x26=0x00000000
       27995000	      2798	80000718	0043a083	lw	x1,4(x7)	  x7:0x80009f4c  x1=0x800001e8 PA:0x80009f50
       28005000	      2799	8000071c	9e42b913	sltiu	x18,x5,-1564	  x5:0x00000086 x18=0x00000001
       28015000	      2800	80000720	411b5593	srai	x11,x22,0x11	 x22:0x027e1000 x11=0x0000013f
       28025000	      2801	80000724	03838393	addi	x7,x7,56	  x7:0x80009f4c  x7=0x80009f84
       28035000	      2802	80000728	00a39b13	slli	x22,x7,0xa	  x7:0x80009f84 x22=0x027e1000
       28045000	      2803	8000072c	48f8f293	andi	x5,x17,1167	 x17:0x00011ab6  x5=0x00000086
       28055000	      2804	80000730	4033d933	sra	x18,x7,x3	  x7:0x80009f84  x3:0xfffffd00 x18=0x80009f84
       28065000	      2805	80000734	00108593	addi	x11,x1,1	  x1:0x800001e8 x11=0x800001e9
       28075000	      2806	80000738	000585e7	jalr	x11,x11,0	 x11:0x800001e9 x11=0x80000738
       28085000	      2807	00000000	00000013	addi	x0,x0,0	  x0:0x00000000
       28095000	      2808	800001e8	00000013	addi	x0,x0,0	  x0:0x00000000
       28105000	      2809	800001ec	00009297	auipc	x5,0x9	  x5=0x800091e8
       28115000	      2810	800001f0	a3e28293	addi	x5,x5,-1474	  x5:0x800091e8  x5=0x80008c26
       28125000	      2811	800001f4	cf762413	slti	x8,x12,-777	 x12:0xffff0000  x8=0x00000001
       28135000	      2812	800001f8	40828fb3	sub	x31,x5,x8	  x5:0x80008c26  x8:0x00000001 x31=0x80008c25
       28145000	      2813	800001fc	2822a323	sw	x2,646(x5)	  x5:0x80008c26  x2:0x00001c35 PA:0x80008eac
       28155000	      2814	80000200	22478213	addi	x4,x15,548	 x15:0x80009fc4  x4=0x8000a1e8
       28165000	      2815	80000204	014b2ab7	lui	x21,0x14b2	 x21=0x014b2000
       28175000	      2816	80000208	d2d2c883	lbu	x17,-723(x5)	  x5:0x80008c26 x17=0x00000038 PA:0x80008953
       28185000	      2817	8000020c	2eb2cb03	lbu	x22,747(x5)	  x5:0x80008c26 x22=0x000000fa PA:0x80008f11
       28195000	      2818	80000210	c7a29403	lh	x8,-902(x5)	  x5:0x80008c26  x8=0xffff8a8b PA:0x800088a0
       28205000	      2819	80000214	29029603	lh	x12,656(x5)	  x5:0x80008c26 x12=0xffff9c9d PA:0x80008eb6
       28215000	      2820	80000218	0156fcb3	and	x25,x13,x21	 x13:0x80000000 x21:0x014b2000 x25=0x00000000
       28225000	      2821	8000021c	00d1d613	srli	x12,x3,0xd	  x3:0xfffffd00 x12=0x0007ffff
       28235000	      2822	80000220	34f283a3	sb	x15,839(x5)	  x5:0x80008c26 x15:0x80009fc4 PA:0x80008f6d
       28245000	      2823	80000224	4a1b8e37	lui	x28,0x4a1b8	 x28=0x4a1b8000
       28255000	      2824	80000228	5a998d13	addi	x26,x19,1449	 x19:0xfffee18d x26=0xfffee736
       28265000	      2825	8000022c	d3628a23	sb	x22,-716(x5)	  x5:0x80008c26 x22:0x000000fa PA:0x8000895a
       28275000	      2826	80000230	46f53713	sltiu	x14,x10,1135	 x10:0x600027ff x14=0x00000000
       28285000	      2827	80000234	34028e83	lb	x29,832(x5)	  x5:0x80008c26 x29=0x0000004d PA:0x80008f66
       28295000	      2828	80000238	1d72e493	ori	x9,x5,471	  x5:0x80008c26  x9=0x80008df7
       28305000	      2829	8000023c	d8029f03	lh	x30,-640(x5)	  x5:0x80008c26 x30=0xffff8c8d PA:0x800089a6
       28315000	      2830	80000240	f0628523	sb	x6,-246(x5)	  x5:0x80008c26  x6:0x3fffcc87 PA:0x80008b30
       28325000	      2831	80000244	3ae28a03	lb	x20,942(x5)	  x5:0x80008c26 x20=0xffffffbf PA:0x80008fd4
       28335000	      2832	80000248	0d84fb93	andi	x23,x9,216	  x9:0x80008df7 x23=0x000000d0
       28345000	      2833	8000024c	36228aa3	sb	x2,885(x5)	  x5:0x80008c26  x2:0x00001c35 PA:0x80008f9b
       28355000	      2834	80000250	efc282a3	sb	x28,-283(x5)	  x5:0x80008c26 x28:0x4a1b8000 PA:0x80008b0b
       28365000	      2835	80000254	f6528f03	lb	x30,-155(x5)	  x5:0x80008c26 x30=0x00000070 PA:0x80008b8b
       28375000	      2836	80000258	32e3f413	andi	x8,x7,814	  x7:0x80009f84  x8=0x00000304
       28385000	      2837	8000025c	11328b83	lb	x23,275(x5)	  x5:0x80008c26 x23=0x00000022 PA:0x80008d39
       28395000	      2838	80000260	33028183	lb	x3,816(x5)	  x5:0x80008c26  x3=0x0000003d PA:0x80008f56
       28405000	      2839	80000264	cd028623	sb	x16,-820(x5)	  x5:0x80008c26 x16:0x027e1561 PA:0x800088f2
       28415000	      2840	80000268	19828723	sb	x24,398(x5)	  x5:0x80008c26 x24:0xffffff51 PA:0x80008db4
       28425000	      2841	8000026c	69303a93	sltiu	x21,x0,1683	  x0:0x00000000 x21=0x00000001
       28435000	      2842	80000270	fff28183	lb	x3,-1(x5)	  x5:0x80008c26  x3=0x0000000e PA:0x80008c25
       28445000	      2843	80000274	30f2ca03	lbu	x20,783(x5)	  x5:0x80008c26 x20=0x0000001e PA:0x80008f35
       28455000	      2844	80000278	f8028d03	lb	x26,-128(x5)	  x5:0x80008c26 x26=0xffffff8d PA:0x80008ba6
       28465000	      2845	8000027c	a4d76813	ori	x16,x14,-1459	 x14:0x00000000 x16=0xfffffa4d
       28475000	      2846	80000280	01eade13	srli	x28,x21,0x1e	 x21:0x00000001 x28=0x00000000
       28485000	      2847	80000284	4b19f113	andi	x2,x19,1201	 x19:0xfffee18d  x2=0x00000081
       28495000	      2848	80000288	f6022e93	slti	x29,x4,-160	  x4:0x8000a1e8 x29=0x00000001
       28505000	      2849	8000028c	0062ca33	xor	x20,x5,x6	  x5:0x80008c26  x6:0x3fffcc87 x20=0xbfff40a1
       28515000	      2850	80000290	00861913	slli	x18,x12,0x8	 x12:0x0007ffff x18=0x07ffff00
       28525000	      2851	80000294	036d9063	bne	x27,x22,800002b4	 x27:0x027e159f x22:0x000000fa
       28535000	      2852	00000000	00000013	addi	x0,x0,0	  x0:0x00000000
       28545000	      2853	800002b0	00000013	addi	x0,x0,0	  x0:0x00000000
       28555000	      2854	800002b4	04ff4e63	blt	x30,x15,80000310	 x30:0x00000070 x15:0x80009fc4
       28565000	      2855	800002b8	06f46a63	bltu	x8,x15,8000032c	  x8:0x00000304 x15:0x80009fc4
       28575000	      2856	00000000	00000013	addi	x0,x0,0	  x0:0x00000000
       28585000	      2857	80000328	00000013	addi	x0,x0,0	  x0:0x00000000
       28595000	      2858	8000032c	17fef193	andi	x3,x29,383	 x29:0x00000001  x3=0x00000001
       28605000	      2859	80000330	01909113	slli	x2,x1,0x19	  x1:0x800001e8  x2=0xd0000000
       28615000	      2860	80000334	00cc9e93	slli	x29,x25,0xc	 x25:0x00000000 x29=0x00000000
       28625000	      2861	80000338	01e07463	bgeu	x0,x30,80000340	  x0:0x00000000 x30:0x00000070
       28635000	      2862	8000033c	00eb7d33	and	x26,x22,x14	 x22:0x000000fa x14:0x00000000 x26=0x00000000
       28645000	      2863	80000340	0083fcb3	and	x25,x7,x8	  x7:0x80009f84  x8:0x00000304 x25=0x00000304
       28655000	      2864	80000344	00c45093	srli	x1,x8,0xc	  x8:0x00000304  x1=0x00000000
       28665000	      2865	80000348	0255d463	bge	x11,x5,80000370	 x11:0x80000738  x5:0x80008c26
       28675000	      2866	8000034c	401cdcb3	sra	x25,x25,x1	 x25:0x00000304  x1:0x00000000 x25=0x00000304
       28685000	      2867	80000350	8532a637	lui	x12,0x8532a	 x12=0x8532a000
       28695000	      2868	80000354	2c4f4993	xori	x19,x30,708	 x30:0x00000070 x19=0x000002b4
       28705000	      2869	80000358	a1e24913	xori	x18,x4,-1506	  x4:0x8000a1e8 x18=0x7fff5bf6
       28715000	      2870	8000035c	01e08bb3	add	x23,x1,x30	  x1:0x00000000 x30:0x00000070 x23=0x00000070
       28725000	      2871	80000360	41100033	sub	x0,x0,x17	  x0:0x00000000 x17:0x00000038
       28735000	      2872	80000364	00f29463	bne	x5,x15,8000036c	  x5:0x80008c26 x15:0x80009fc4
       28745000	      2873	00000000	00000013	addi	x0,x0,0	  x0:0x00000000
       28755000	      2874	80000368	00000013	addi	x0,x0,0	  x0:0x00000000
       28765000	      2875	8000036c	045cf863	bgeu	x25,x5,800003bc	 x25:0x00000304  x5:0x80008c26
       28775000	      2876	80000370	01cb0fb3	add	x31,x22,x28	 x22:0x000000fa x28:0x00000000 x31=0x000000fa
       28785000	      2877	80000374	7a592237	lui	x4,0x7a592	  x4=0x7a592000
       28795000	      2878	80000378	0177ddb3	srl	x27,x15,x23	 x15:0x80009fc4 x23:0x00000070 x27=0x00008000
       28805000	      2879	8000037c	03c31a63	bne	x6,x28,800003b0	  x6:0x3fffcc87 x28:0x00000000
       28815000	      2880	00000000	00000013	addi	x0,x0,0	  x0:0x00000000
       28825000	      2881	800003ac	00000013	addi	x0,x0,0	  x0:0x00000000
       28835000	      2882	800003b0	007e3533	sltu	x10,x28,x7	 x28:0x00000000  x7:0x80009f84 x10=0x00000001
       28845000	      2883	800003b4	01e1d433	srl	x8,x3,x30	  x3:0x00000001 x30:0x00000070  x8=0x00000000
       28855000	      2884	800003b8	b785b2b7	lui	x5,0xb785b	  x5=0xb785b000
       28865000	      2885	800003bc	abc74617	auipc	x12,0xabc74	 x12=0x2bc743b8
       28875000	      2886	800003c0	01855db3	srl	x27,x10,x24	 x10:0x00000001 x24:0xffffff51 x27=0x00000000
       28885000	      2887	800003c4	004d8c63	beq	x27,x4,800003dc	 x27:0x00000000  x4:0x7a592000
       28895000	      2888	800003c8	0281d263	bge	x3,x8,800003ec	  x3:0x00000001  x8:0x00000000
       28905000	      2889	00000000	00000013	addi	x0,x0,0	  x0:0x00000000
       28915000	      2890	800003e8	00000013	addi	x0,x0,0	  x0:0x00000000
       28925000	      2891	800003ec	015f65b3	or	x11,x30,x21	 x30:0x00000070 x21:0x00000001 x11=0x00000071
       28935000	      2892	800003f0	00000697	auipc	x13,0x0	 x13=0x800003ec
       28945000	      2893	800003f4	00c68693	addi	x13,x13,12	 x13:0x800003ec x13=0x800003f8
       28955000	      2894	800003f8	00068067	jalr	x0,x13,0	 x13:0x800003f8
       28965000	      2895	00000000	00000013	addi	x0,x0,0	  x0:0x00000000
       28975000	      2896	800003f8	00000013	addi	x0,x0,0	  x0:0x00000000
       28985000	      2897	800003fc	00100193	addi	x3,x0,1	  x0:0x00000000  x3=0x00000001
       28995000	      2898	80000400	00000073	ecall	
       29005000	      2899	80000404	93fa7013	andi	x0,x20,-1729	 x20:0xbfff40a1
