		Time			Cycle	PC		Insn	Decoded instruction	Register and memory contents
          65000	         5	80000004	00000293	addi	x5,x0,0	  x0:0x00000000  x5=0x00000000
          75000	         6	80000008	00000313	addi	x6,x0,0	  x0:0x00000000  x6=0x00000000
          85000	         7	8000000c	00628263	beq	x5,x6,80000010	  x5:0x00000000  x6:0x00000000
          95000	         8	00000000	00000013	addi	x0,x0,0	  x0:0x00000000
         105000	         9	8000000c	00000013	addi	x0,x0,0	  x0:0x00000000
         115000	        10	80000010	00000297	auipc	x5,0x0	  x5=0x8000000c
         125000	        11	80000014	00c28293	addi	x5,x5,12	  x5:0x8000000c  x5=0x80000018
         135000	        12	80000018	00028067	jalr	x0,x5,0	  x5:0x80000018
         145000	        13	00000000	00000013	addi	x0,x0,0	  x0:0x00000000
         155000	        14	80000018	00000013	addi	x0,x0,0	  x0:0x00000000
         165000	        15	8000001c	40000f37	lui	x30,0x40000	 x30=0x40000000
         175000	        16	80000020	100f0f13	addi	x30,x30,256	 x30:0x40000000 x30=0x40000100
         185000	        17	80000024	00000013	addi	x0,x0,0	  x0:0x00000000
         195000	        18	80000028	0000a597	auipc	x11,0xa	 x11=0x8000a024
         205000	        19	8000002c	fa058593	addi	x11,x11,-96	 x11:0x8000a024 x11=0x80009fc4
         215000	        20	80000030	00007f17	auipc	x30,0x7	 x30=0x8000702c
         225000	        21	80000034	c08f0f13	addi	x30,x30,-1016	 x30:0x8000702c x30=0x80006c34
         235000	        22	80000038	000f6f13	ori	x30,x30,0	 x30:0x80006c34 x30=0x80006c34
         245000	        23	8000003c	00000013	addi	x0,x0,0	  x0:0x00000000
         255000	        24	80000040	00000f17	auipc	x30,0x0	 x30=0x8000003c
         265000	        25	80000044	020f0f13	addi	x30,x30,32	 x30:0x8000003c x30=0x8000005c
         275000	        26	80000048	00000013	addi	x0,x0,0	  x0:0x00000000
         285000	        27	8000004c	00000013	addi	x0,x0,0	  x0:0x00000000
         295000	        28	80000050	00002f37	lui	x30,0x2	 x30=0x00002000
         305000	        29	80000054	800f0f13	addi	x30,x30,-2048	 x30:0x00002000 x30=0x00001800
         315000	        30	80000058	00000013	addi	x0,x0,0	  x0:0x00000000
         325000	        31	8000005c	00000013	addi	x0,x0,0	  x0:0x00000000
         335000	        32	80000060	4cc7e037	lui	x0,0x4cc7e	
         345000	        33	80000064	7f100013	addi	x0,x0,2033	  x0:0x00000000
         355000	        34	80000068	fe3da0b7	lui	x1,0xfe3da	  x1=0xfe3da000
         365000	        35	8000006c	17e08093	addi	x1,x1,382	  x1:0xfe3da000  x1=0xfe3da17e
         375000	        36	80000070	82d5d137	lui	x2,0x82d5d	  x2=0x82d5d000
         385000	        37	80000074	10b10113	addi	x2,x2,267	  x2:0x82d5d000  x2=0x82d5d10b
         395000	        38	80000078	00600193	addi	x3,x0,6	  x0:0x00000000  x3=0x00000006
         405000	        39	8000007c	00000213	addi	x4,x0,0	  x0:0x00000000  x4=0x00000000
         415000	        40	80000080	f6fd82b7	lui	x5,0xf6fd8	  x5=0xf6fd8000
         425000	        41	80000084	f6d28293	addi	x5,x5,-147	  x5:0xf6fd8000  x5=0xf6fd7f6d
         435000	        42	80000088	00000313	addi	x6,x0,0	  x0:0x00000000  x6=0x00000000
         445000	        43	8000008c	00000393	addi	x7,x0,0	  x0:0x00000000  x7=0x00000000
         455000	        44	80000090	00500413	addi	x8,x0,5	  x0:0x00000000  x8=0x00000005
         465000	        45	80000094	00b00493	addi	x9,x0,11	  x0:0x00000000  x9=0x0000000b
         475000	        46	80000098	00000513	addi	x10,x0,0	  x0:0x00000000 x10=0x00000000
         485000	        47	8000009c	80000637	lui	x12,0x80000	 x12=0x80000000
         495000	        48	800000a0	f7e236b7	lui	x13,0xf7e23	 x13=0xf7e23000
         505000	        49	800000a4	19f68693	addi	x13,x13,415	 x13:0xf7e23000 x13=0xf7e2319f
         515000	        50	800000a8	f10ce737	lui	x14,0xf10ce	 x14=0xf10ce000
         525000	        51	800000ac	cf870713	addi	x14,x14,-776	 x14:0xf10ce000 x14=0xf10cdcf8
         535000	        52	800000b0	d4e307b7	lui	x15,0xd4e30	 x15=0xd4e30000
         545000	        53	800000b4	09378793	addi	x15,x15,147	 x15:0xd4e30000 x15=0xd4e30093
         555000	        54	800000b8	00600813	addi	x16,x0,6	  x0:0x00000000 x16=0x00000006
         565000	        55	800000bc	00200893	addi	x17,x0,2	  x0:0x00000000 x17=0x00000002
         575000	        56	800000c0	a2dbd9b7	lui	x19,0xa2dbd	 x19=0xa2dbd000
         585000	        57	800000c4	8ca98993	addi	x19,x19,-1846	 x19:0xa2dbd000 x19=0xa2dbc8ca
         595000	        58	800000c8	00000a13	addi	x20,x0,0	  x0:0x00000000 x20=0x00000000
         605000	        59	800000cc	a6ca4ab7	lui	x21,0xa6ca4	 x21=0xa6ca4000
         615000	        60	800000d0	68fa8a93	addi	x21,x21,1679	 x21:0xa6ca4000 x21=0xa6ca468f
         625000	        61	800000d4	00000b13	addi	x22,x0,0	  x0:0x00000000 x22=0x00000000
         635000	        62	800000d8	8c519bb7	lui	x23,0x8c519	 x23=0x8c519000
         645000	        63	800000dc	ad6b8b93	addi	x23,x23,-1322	 x23:0x8c519000 x23=0x8c518ad6
         655000	        64	800000e0	7679dc37	lui	x24,0x7679d	 x24=0x7679d000
         665000	        65	800000e4	13ac0c13	addi	x24,x24,314	 x24:0x7679d000 x24=0x7679d13a
         675000	        66	800000e8	17f1ecb7	lui	x25,0x17f1e	 x25=0x17f1e000
         685000	        67	800000ec	7e1c8c93	addi	x25,x25,2017	 x25:0x17f1e000 x25=0x17f1e7e1
         695000	        68	800000f0	80000d37	lui	x26,0x80000	 x26=0x80000000
         705000	        69	800000f4	00000d93	addi	x27,x0,0	  x0:0x00000000 x27=0x00000000
         715000	        70	800000f8	00000e13	addi	x28,x0,0	  x0:0x00000000 x28=0x00000000
         725000	        71	800000fc	00500e93	addi	x29,x0,5	  x0:0x00000000 x29=0x00000005
         735000	        72	80000100	00d00f13	addi	x30,x0,13	  x0:0x00000000 x30=0x0000000d
         745000	        73	80000104	00000f93	addi	x31,x0,0	  x0:0x00000000 x31=0x00000000
         755000	        74	80000108	0000a917	auipc	x18,0xa	 x18=0x8000a104
         765000	        75	8000010c	e8090913	addi	x18,x18,-384	 x18:0x8000a104 x18=0x80009f84
         775000	        76	80000110	00009797	auipc	x15,0x9	 x15=0x8000910c
         785000	        77	80000114	95f78793	addi	x15,x15,-1697	 x15:0x8000910c x15=0x80008a6b
         795000	        78	80000118	4bf7d303	lhu	x6,1215(x15)	 x15:0x80008a6b  x6=0x0000fd94 PA:0x80008f2a
         805000	        79	00000000	00000013	addi	x0,x0,0	  x0:0x00000000
         815000	        80	8000011c	46679ca3	sh	x6,1145(x15)	 x15:0x80008a6b  x6:0x0000fd94 PA:0x80008ee4
         825000	        81	80000120	00d38ab3	add	x21,x7,x13	  x7:0x00000000 x13:0xf7e2319f x21=0xf7e2319f
         835000	        82	80000124	019f4eb3	xor	x29,x30,x25	 x30:0x0000000d x25:0x17f1e7e1 x29=0x17f1e7ec
         845000	        83	80000128	69a44313	xori	x6,x8,1690	  x8:0x00000005  x6=0x0000069f
         855000	        84	8000012c	25b7c083	lbu	x1,603(x15)	 x15:0x80008a6b  x1=0x00000061 PA:0x80008cc6
         865000	        85	80000130	49d7d103	lhu	x2,1181(x15)	 x15:0x80008a6b  x2=0x00000e57 PA:0x80008f08
         875000	        86	80000134	383bb693	sltiu	x13,x23,899	 x23:0x8c518ad6 x13=0x00000000
         885000	        87	80000138	f7b79e03	lh	x28,-133(x15)	 x15:0x80008a6b x28=0x000025e1 PA:0x800089e6
         895000	        88	8000013c	47f7cc83	lbu	x25,1151(x15)	 x15:0x80008a6b x25=0x000000aa PA:0x80008eea
         905000	        89	80000140	8745ef13	ori	x30,x11,-1932	 x11:0x80009fc4 x30=0xfffffff4
         915000	        90	80000144	01859a33	sll	x20,x11,x24	 x11:0x80009fc4 x24:0x7679d13a x20=0x10000000
         925000	        91	80000148	dd878083	lb	x1,-552(x15)	 x15:0x80008a6b  x1=0x00000013 PA:0x80008843
         935000	        92	8000014c	0126a133	slt	x2,x13,x18	 x13:0x00000000 x18:0x80009f84  x2=0x00000000
         945000	        93	80000150	46379a83	lh	x21,1123(x15)	 x15:0x80008a6b x21=0xffffe1ae PA:0x80008ece
         955000	        94	80000154	76cfdf37	lui	x30,0x76cfd	 x30=0x76cfd000
         965000	        95	80000158	30978f83	lb	x31,777(x15)	 x15:0x80008a6b x31=0x00000053 PA:0x80008d74
         975000	        96	8000015c	004e9133	sll	x2,x29,x4	 x29:0x17f1e7ec  x4:0x00000000  x2=0x17f1e7ec
         985000	        97	80000160	ea778483	lb	x9,-345(x15)	 x15:0x80008a6b  x9=0x00000072 PA:0x80008912
         995000	        98	80000164	01ff0a33	add	x20,x30,x31	 x30:0x76cfd000 x31:0x00000053 x20=0x76cfd053
        1005000	        99	80000168	393789a3	sb	x19,915(x15)	 x15:0x80008a6b x19:0xa2dbc8ca PA:0x80008dfe
        1015000	       100	8000016c	f007cd83	lbu	x27,-256(x15)	 x15:0x80008a6b x27=0x00000040 PA:0x8000896b
        1025000	       101	80000170	09a78623	sb	x26,140(x15)	 x15:0x80008a6b x26:0x80000000 PA:0x80008af7
        1035000	       102	80000174	1e57a8a3	sw	x5,497(x15)	 x15:0x80008a6b  x5:0xf6fd7f6d PA:0x80008c5c
        1045000	       103	80000178	00e7d193	srli	x3,x15,0xe	 x15:0x80008a6b  x3=0x00020002
        1055000	       104	8000017c	017e1e93	slli	x29,x28,0x17	 x28:0x000025e1 x29=0xf0800000
        1065000	       105	80000180	0327cf83	lbu	x31,50(x15)	 x15:0x80008a6b x31=0x00000032 PA:0x80008a9d
        1075000	       106	80000184	f8978823	sb	x9,-112(x15)	 x15:0x80008a6b  x9:0x00000072 PA:0x800089fb
        1085000	       107	80000188	1887c603	lbu	x12,392(x15)	 x15:0x80008a6b x12=0x000000ab PA:0x80008bf3
        1095000	       108	8000018c	30179603	lh	x12,769(x15)	 x15:0x80008a6b x12=0x0000451a PA:0x80008d6c
        1105000	       109	80000190	1f07c403	lbu	x8,496(x15)	 x15:0x80008a6b  x8=0x00000070 PA:0x80008c5b
        1115000	       110	80000194	2b37d403	lhu	x8,691(x15)	 x15:0x80008a6b  x8=0x0000aab9 PA:0x80008d1e
        1125000	       111	80000198	07478b83	lb	x23,116(x15)	 x15:0x80008a6b x23=0x00000057 PA:0x80008adf
        1135000	       112	8000019c	8e574393	xori	x7,x14,-1819	 x14:0xf10cdcf8  x7=0x0ef3241d
        1145000	       113	800001a0	0f878123	sb	x24,226(x15)	 x15:0x80008a6b x24:0x7679d13a PA:0x80008b4d
        1155000	       114	800001a4	21378c23	sb	x19,536(x15)	 x15:0x80008a6b x19:0xa2dbc8ca PA:0x80008c83
        1165000	       115	800001a8	0131b033	sltu	x0,x3,x19	  x3:0x00020002 x19:0xa2dbc8ca
        1175000	       116	800001ac	12d78323	sb	x13,294(x15)	 x15:0x80008a6b x13:0x00000000 PA:0x80008b91
        1185000	       117	800001b0	0817aa03	lw	x20,129(x15)	 x15:0x80008a6b x20=0xf6b1ca36 PA:0x80008aec
        1195000	       118	800001b4	2e57c883	lbu	x17,741(x15)	 x15:0x80008a6b x17=0x0000005a PA:0x80008d50
        1205000	       119	800001b8	002b6c33	or	x24,x22,x2	 x22:0x00000000  x2:0x17f1e7ec x24=0x17f1e7ec
        1215000	       120	800001bc	00000013	addi	x0,x0,0	  x0:0x00000000
        1225000	       121	800001c0	3d904493	xori	x9,x0,985	  x0:0x00000000  x9=0x000003d9
        1235000	       122	800001c4	01effdb3	and	x27,x31,x30	 x31:0x00000032 x30:0x76cfd000 x27=0x00000000
        1245000	       123	800001c8	007a9bb3	sll	x23,x21,x7	 x21:0xffffe1ae  x7:0x0ef3241d x23=0xc0000000
        1255000	       124	800001cc	00854db3	xor	x27,x10,x8	 x10:0x00000000  x8:0x0000aab9 x27=0x0000aab9
        1265000	       125	800001d0	ae690013	addi	x0,x18,-1306	 x18:0x80009f84
        1275000	       126	800001d4	edd7a483	lw	x9,-291(x15)	 x15:0x80008a6b  x9=0x05c10575 PA:0x80008948
        1285000	       127	800001d8	1e679ba3	sh	x6,503(x15)	 x15:0x80008a6b  x6:0x0000069f PA:0x80008c62
        1295000	       128	800001dc	3a478803	lb	x16,932(x15)	 x15:0x80008a6b x16=0xffffffe4 PA:0x80008e0f
        1305000	       129	800001e0	152efc13	andi	x24,x29,338	 x29:0xf0800000 x24=0x00000000
        1315000	       130	800001e4	d58ce893	ori	x17,x25,-680	 x25:0x000000aa x17=0xfffffdfa
        1325000	       131	800001e8	4b078403	lb	x8,1200(x15)	 x15:0x80008a6b  x8=0x0000000d PA:0x80008f1b
        1335000	       132	800001ec	dd36e813	ori	x16,x13,-557	 x13:0x00000000 x16=0xfffffdd3
        1345000	       133	800001f0	005a34b3	sltu	x9,x20,x5	 x20:0xf6b1ca36  x5:0xf6fd7f6d  x9=0x00000001
        1355000	       134	800001f4	019be633	or	x12,x23,x25	 x23:0xc0000000 x25:0x000000aa x12=0xc00000aa
        1365000	       135	800001f8	e7183893	sltiu	x17,x16,-399	 x16:0xfffffdd3 x17=0x00000001
        1375000	       136	800001fc	6156c093	xori	x1,x13,1557	 x13:0x00000000  x1=0x00000615
        1385000	       137	80000200	40b0d793	srai	x15,x1,0xb	  x1:0x00000615 x15=0x00000000
        1395000	       138	80000204	41b357b3	sra	x15,x6,x27	  x6:0x0000069f x27:0x0000aab9 x15=0x00000000
        1405000	       139	80000208	028afa63	bgeu	x21,x8,8000023c	 x21:0xffffe1ae  x8:0x0000000d
        1415000	       140	00000000	00000013	addi	x0,x0,0	  x0:0x00000000
        1425000	       141	80000238	00000013	addi	x0,x0,0	  x0:0x00000000
        1435000	       142	8000023c	8297c693	xori	x13,x15,-2007	 x15:0x00000000 x13=0xfffff829
        1445000	       143	80000240	05c40e63	beq	x8,x28,8000029c	  x8:0x0000000d x28:0x000025e1
        1455000	       144	80000244	0573ee63	bltu	x7,x23,800002a0	  x7:0x0ef3241d x23:0xc0000000
        1465000	       145	00000000	00000013	addi	x0,x0,0	  x0:0x00000000
        1475000	       146	8000029c	00000013	addi	x0,x0,0	  x0:0x00000000
        1485000	       147	800002a0	406e5193	srai	x3,x28,0x6	 x28:0x000025e1  x3=0x00000097
        1495000	       148	800002a4	b0967e37	lui	x28,0xb0967	 x28=0xb0967000
        1505000	       149	800002a8	00452033	slt	x0,x10,x4	 x10:0x00000000  x4:0x00000000
        1515000	       150	800002ac	01d57a33	and	x20,x10,x29	 x10:0x00000000 x29:0xf0800000 x20=0x00000000
        1525000	       151	800002b0	01179333	sll	x6,x15,x17	 x15:0x00000000 x17:0x00000001  x6=0x00000000
        1535000	       152	800002b4	00e960b3	or	x1,x18,x14	 x18:0x80009f84 x14:0xf10cdcf8  x1=0xf10cdffc
        1545000	       153	800002b8	01b05093	srli	x1,x0,0x1b	  x0:0x00000000  x1=0x00000000
        1555000	       154	800002bc	017e1e63	bne	x28,x23,800002d8	 x28:0xb0967000 x23:0xc0000000
        1565000	       155	00000000	00000013	addi	x0,x0,0	  x0:0x00000000
        1575000	       156	800002d4	00000013	addi	x0,x0,0	  x0:0x00000000
        1585000	       157	800002d8	0093c663	blt	x7,x9,800002e4	  x7:0x0ef3241d  x9:0x00000001
        1595000	       158	800002dc	06d9c663	blt	x19,x13,80000348	 x19:0xa2dbc8ca x13:0xfffff829
        1605000	       159	00000000	00000013	addi	x0,x0,0	  x0:0x00000000
        1615000	       160	80000344	00000013	addi	x0,x0,0	  x0:0x00000000
        1625000	       161	80000348	00385a93	srli	x21,x16,0x3	 x16:0xfffffdd3 x21=0x1fffffba
        1635000	       162	8000034c	00000297	auipc	x5,0x0	  x5=0x80000348
        1645000	       163	80000350	00c28293	addi	x5,x5,12	  x5:0x80000348  x5=0x80000354
        1655000	       164	80000354	00028067	jalr	x0,x5,0	  x5:0x80000354
        1665000	       165	00000000	00000013	addi	x0,x0,0	  x0:0x00000000
        1675000	       166	80000354	00000013	addi	x0,x0,0	  x0:0x00000000
        1685000	       167	80000358	00100193	addi	x3,x0,1	  x0:0x00000000  x3=0x00000001
        1695000	       168	8000035c	00000073	ecall	
        1705000	       169	80000360	00771263	bne	x14,x7,80000364	 x14:0xf10cdcf8  x7:0x0ef3241d
