		Time			Cycle	PC		Insn	Decoded instruction	Register and memory contents
          65000	         5	80000004	00000293	addi	x5,x0,0	  x0:0x00000000  x5=0x00000000
          75000	         6	80000008	00000313	addi	x6,x0,0	  x0:0x00000000  x6=0x00000000
          85000	         7	8000000c	00628263	beq	x5,x6,80000010	  x5:0x00000000  x6:0x00000000
          95000	         8	00000000	00000013	addi	x0,x0,0	  x0:0x00000000
         105000	         9	8000000c	00000013	addi	x0,x0,0	  x0:0x00000000
         115000	        10	80000010	00000d17	auipc	x26,0x0	 x26=0x8000000c
         125000	        11	80000014	00cd0d13	addi	x26,x26,12	 x26:0x8000000c x26=0x80000018
         135000	        12	80000018	000d0067	jalr	x0,x26,0	 x26:0x80000018
         145000	        13	00000000	00000013	addi	x0,x0,0	  x0:0x00000000
         155000	        14	80000018	00000013	addi	x0,x0,0	  x0:0x00000000
         165000	        15	8000001c	40000237	lui	x4,0x40000	  x4=0x40000000
         175000	        16	80000020	10020213	addi	x4,x4,256	  x4:0x40000000  x4=0x40000100
         185000	        17	80000024	00000013	addi	x0,x0,0	  x0:0x00000000
         195000	        18	80000028	0000a997	auipc	x19,0xa	 x19=0x8000a024
         205000	        19	8000002c	fa098993	addi	x19,x19,-96	 x19:0x8000a024 x19=0x80009fc4
         215000	        20	80000030	00007217	auipc	x4,0x7	  x4=0x8000702c
         225000	        21	80000034	96020213	addi	x4,x4,-1696	  x4:0x8000702c  x4=0x8000698c
         235000	        22	80000038	00026213	ori	x4,x4,0	  x4:0x8000698c  x4=0x8000698c
         245000	        23	8000003c	00000013	addi	x0,x0,0	  x0:0x00000000
         255000	        24	80000040	00000217	auipc	x4,0x0	  x4=0x8000003c
         265000	        25	80000044	02020213	addi	x4,x4,32	  x4:0x8000003c  x4=0x8000005c
         275000	        26	80000048	00000013	addi	x0,x0,0	  x0:0x00000000
         285000	        27	8000004c	00000013	addi	x0,x0,0	  x0:0x00000000
         295000	        28	80000050	00002237	lui	x4,0x2	  x4=0x00002000
         305000	        29	80000054	80020213	addi	x4,x4,-2048	  x4:0x00002000  x4=0x00001800
         315000	        30	80000058	00000013	addi	x0,x0,0	  x0:0x00000000
         325000	        31	8000005c	00000013	addi	x0,x0,0	  x0:0x00000000
         335000	        32	80000060	80000037	lui	x0,0x80000	
         345000	        33	80000064	00000013	addi	x0,x0,0	  x0:0x00000000
         355000	        34	80000068	800000b7	lui	x1,0x80000	  x1=0x80000000
         365000	        35	8000006c	00000113	addi	x2,x0,0	  x0:0x00000000  x2=0x00000000
         375000	        36	80000070	800001b7	lui	x3,0x80000	  x3=0x80000000
         385000	        37	80000074	9afe8237	lui	x4,0x9afe8	  x4=0x9afe8000
         395000	        38	80000078	55c20213	addi	x4,x4,1372	  x4:0x9afe8000  x4=0x9afe855c
         405000	        39	8000007c	00300293	addi	x5,x0,3	  x0:0x00000000  x5=0x00000003
         415000	        40	80000080	00000313	addi	x6,x0,0	  x0:0x00000000  x6=0x00000000
         425000	        41	80000084	ad15e3b7	lui	x7,0xad15e	  x7=0xad15e000
         435000	        42	80000088	ceb38393	addi	x7,x7,-789	  x7:0xad15e000  x7=0xad15dceb
         445000	        43	8000008c	fb3ec437	lui	x8,0xfb3ec	  x8=0xfb3ec000
         455000	        44	80000090	f9640413	addi	x8,x8,-106	  x8:0xfb3ec000  x8=0xfb3ebf96
         465000	        45	80000094	800004b7	lui	x9,0x80000	  x9=0x80000000
         475000	        46	80000098	80000537	lui	x10,0x80000	 x10=0x80000000
         485000	        47	8000009c	de25d5b7	lui	x11,0xde25d	 x11=0xde25d000
         495000	        48	800000a0	a7b58593	addi	x11,x11,-1413	 x11:0xde25d000 x11=0xde25ca7b
         505000	        49	800000a4	f18de6b7	lui	x13,0xf18de	 x13=0xf18de000
         515000	        50	800000a8	bd068693	addi	x13,x13,-1072	 x13:0xf18de000 x13=0xf18ddbd0
         525000	        51	800000ac	80000737	lui	x14,0x80000	 x14=0x80000000
         535000	        52	800000b0	00000793	addi	x15,x0,0	  x0:0x00000000 x15=0x00000000
         545000	        53	800000b4	80000837	lui	x16,0x80000	 x16=0x80000000
         555000	        54	800000b8	00b00893	addi	x17,x0,11	  x0:0x00000000 x17=0x0000000b
         565000	        55	800000bc	80000937	lui	x18,0x80000	 x18=0x80000000
         575000	        56	800000c0	00000a13	addi	x20,x0,0	  x0:0x00000000 x20=0x00000000
         585000	        57	800000c4	00000a93	addi	x21,x0,0	  x0:0x00000000 x21=0x00000000
         595000	        58	800000c8	80000b37	lui	x22,0x80000	 x22=0x80000000
         605000	        59	800000cc	f2657bb7	lui	x23,0xf2657	 x23=0xf2657000
         615000	        60	800000d0	db3b8b93	addi	x23,x23,-589	 x23:0xf2657000 x23=0xf2656db3
         625000	        61	800000d4	00000c13	addi	x24,x0,0	  x0:0x00000000 x24=0x00000000
         635000	        62	800000d8	00d00c93	addi	x25,x0,13	  x0:0x00000000 x25=0x0000000d
         645000	        63	800000dc	00000d13	addi	x26,x0,0	  x0:0x00000000 x26=0x00000000
         655000	        64	800000e0	f93dbdb7	lui	x27,0xf93db	 x27=0xf93db000
         665000	        65	800000e4	421d8d93	addi	x27,x27,1057	 x27:0xf93db000 x27=0xf93db421
         675000	        66	800000e8	00000e13	addi	x28,x0,0	  x0:0x00000000 x28=0x00000000
         685000	        67	800000ec	00a00e93	addi	x29,x0,10	  x0:0x00000000 x29=0x0000000a
         695000	        68	800000f0	00c00f13	addi	x30,x0,12	  x0:0x00000000 x30=0x0000000c
         705000	        69	800000f4	00000f93	addi	x31,x0,0	  x0:0x00000000 x31=0x00000000
         715000	        70	800000f8	0000a617	auipc	x12,0xa	 x12=0x8000a0f4
         725000	        71	800000fc	e9060613	addi	x12,x12,-368	 x12:0x8000a0f4 x12=0x80009f84
         735000	        72	80000100	00009f97	auipc	x31,0x9	 x31=0x800090fc
         745000	        73	80000104	9bbf8f93	addi	x31,x31,-1605	 x31:0x800090fc x31=0x80008ab7
         755000	        74	80000108	00efc503	lbu	x10,14(x31)	 x31:0x80008ab7 x10=0x00000000 PA:0x80008ac5
         765000	        75	8000010c	8a078c13	addi	x24,x15,-1888	 x15:0x00000000 x24=0xfffff8a0
         775000	        76	80000110	009e6db3	or	x27,x28,x9	 x28:0x00000000  x9:0x80000000 x27=0x80000000
         785000	        77	80000114	00784333	xor	x6,x16,x7	 x16:0x80000000  x7:0xad15dceb  x6=0x2d15dceb
         795000	        78	80000118	016f8123	sb	x22,2(x31)	 x31:0x80008ab7 x22:0x80000000 PA:0x80008ab9
         805000	        79	8000011c	e5592217	auipc	x4,0xe5592	  x4=0x65592118
         815000	        80	80000120	009be2b3	or	x5,x23,x9	 x23:0xf2656db3  x9:0x80000000  x5=0xf2656db3
         825000	        81	80000124	40490c33	sub	x24,x18,x4	 x18:0x80000000  x4:0x65592118 x24=0x1aa6dee8
         835000	        82	80000128	ff1faf03	lw	x30,-15(x31)	 x31:0x80008ab7 x30=0x00000000 PA:0x80008aa8
         845000	        83	8000012c	ff4f8803	lb	x16,-12(x31)	 x31:0x80008ab7 x16=0x00000000 PA:0x80008aab
         855000	        84	80000130	00015333	srl	x6,x2,x0	  x2:0x00000000  x0:0x00000000  x6=0x00000000
         865000	        85	80000134	01af81a3	sb	x26,3(x31)	 x31:0x80008ab7 x26:0x00000000 PA:0x80008aba
         875000	        86	80000138	002f8c03	lb	x24,2(x31)	 x31:0x80008ab7 x24=0x00000000 PA:0x80008ab9
         885000	        87	8000013c	005ca333	slt	x6,x25,x5	 x25:0x0000000d  x5:0xf2656db3  x6=0x00000000
         895000	        88	80000140	005f9c83	lh	x25,5(x31)	 x31:0x80008ab7 x25=0x00000000 PA:0x80008abc
         905000	        89	80000144	006fd593	srli	x11,x31,0x6	 x31:0x80008ab7 x11=0x0200022a
         915000	        90	80000148	408b06b3	sub	x13,x22,x8	 x22:0x80000000  x8:0xfb3ebf96 x13=0x84c1406a
         925000	        91	8000014c	01e3c8b3	xor	x17,x7,x30	  x7:0xad15dceb x30:0x00000000 x17=0xad15dceb
         935000	        92	80000150	ffff9183	lh	x3,-1(x31)	 x31:0x80008ab7  x3=0x00000000 PA:0x80008ab6
         945000	        93	80000154	00cf8823	sb	x12,16(x31)	 x31:0x80008ab7 x12:0x80009f84 PA:0x80008ac7
         955000	        94	80000158	da69ad93	slti	x27,x19,-602	 x19:0x80009fc4 x27=0x00000001
         965000	        95	8000015c	ff4f8903	lb	x18,-12(x31)	 x31:0x80008ab7 x18=0x00000000 PA:0x80008aab
         975000	        96	80000160	feaf99a3	sh	x10,-13(x31)	 x31:0x80008ab7 x10:0x00000000 PA:0x80008aaa
         985000	        97	80000164	f3b1ba93	sltiu	x21,x3,-197	  x3:0x00000000 x21=0x00000001
         995000	        98	80000168	001f8623	sb	x1,12(x31)	 x31:0x80008ab7  x1:0x80000000 PA:0x80008ac3
        1005000	        99	8000016c	ff9fdd83	lhu	x27,-7(x31)	 x31:0x80008ab7 x27=0x00000000 PA:0x80008ab0
        1015000	       100	80000170	ff8f8483	lb	x9,-8(x31)	 x31:0x80008ab7  x9=0x00000000 PA:0x80008aaf
        1025000	       101	80000174	417edd93	srai	x27,x29,0x17	 x29:0x0000000a x27=0x00000000
        1035000	       102	80000178	01bf8523	sb	x27,10(x31)	 x31:0x80008ab7 x27:0x00000000 PA:0x80008ac1
        1045000	       103	8000017c	5a167b17	auipc	x22,0x5a167	 x22=0xda167178
        1055000	       104	80000180	006f8803	lb	x16,6(x31)	 x31:0x80008ab7 x16=0x00000000 PA:0x80008abd
        1065000	       105	80000184	ff7fd003	lhu	x0,-9(x31)	 x31:0x80008ab7 PA:0x80008aae
        1075000	       106	80000188	002564b3	or	x9,x10,x2	 x10:0x00000000  x2:0x00000000  x9=0x00000000
        1085000	       107	8000018c	010fc083	lbu	x1,16(x31)	 x31:0x80008ab7  x1=0x00000084 PA:0x80008ac7
        1095000	       108	80000190	ff5f8283	lb	x5,-11(x31)	 x31:0x80008ab7  x5=0x00000000 PA:0x80008aac
        1105000	       109	80000194	00000013	addi	x0,x0,0	  x0:0x00000000
        1115000	       110	80000198	01b127b3	slt	x15,x2,x27	  x2:0x00000000 x27:0x00000000 x15=0x00000000
        1125000	       111	8000019c	006aa7b3	slt	x15,x21,x6	 x21:0x00000001  x6:0x00000000 x15=0x00000000
        1135000	       112	800001a0	005fce83	lbu	x29,5(x31)	 x31:0x80008ab7 x29=0x00000000 PA:0x80008abc
        1145000	       113	800001a4	735cf397	auipc	x7,0x735cf	  x7=0xf35cf1a0
        1155000	       114	800001a8	fe7f8a23	sb	x7,-12(x31)	 x31:0x80008ab7  x7:0xf35cf1a0 PA:0x80008aab
        1165000	       115	800001ac	7e614097	auipc	x1,0x7e614	  x1=0xfe6141a8
        1175000	       116	800001b0	dd843317	auipc	x6,0xdd843	  x6=0x5d8431ac
        1185000	       117	800001b4	ff1fc203	lbu	x4,-15(x31)	 x31:0x80008ab7  x4=0x00000000 PA:0x80008aa8
        1195000	       118	800001b8	41f48833	sub	x16,x9,x31	  x9:0x00000000 x31:0x80008ab7 x16=0x7fff7549
        1205000	       119	800001bc	81e2bb93	sltiu	x23,x5,-2018	  x5:0x00000000 x23=0x00000001
        1215000	       120	800001c0	ffafaca3	sw	x26,-7(x31)	 x31:0x80008ab7 x26:0x00000000 PA:0x80008ab0
        1225000	       121	800001c4	a71e6b13	ori	x22,x28,-1423	 x28:0x00000000 x22=0xfffffa71
        1235000	       122	800001c8	27227f13	andi	x30,x4,626	  x4:0x00000000 x30=0x00000000
        1245000	       123	800001cc	40be5493	srai	x9,x28,0xb	 x28:0x00000000  x9=0x00000000
        1255000	       124	800001d0	018cef33	or	x30,x25,x24	 x25:0x00000000 x24:0x00000000 x30=0x00000000
        1265000	       125	800001d4	05c87063	bgeu	x16,x28,80000214	 x16:0x7fff7549 x28:0x00000000
        1275000	       126	00000000	00000013	addi	x0,x0,0	  x0:0x00000000
        1285000	       127	80000210	00000013	addi	x0,x0,0	  x0:0x00000000
        1295000	       128	80000214	05f35663	bge	x6,x31,80000260	  x6:0x5d8431ac x31:0x80008ab7
        1305000	       129	00000000	00000013	addi	x0,x0,0	  x0:0x00000000
        1315000	       130	8000025c	00000013	addi	x0,x0,0	  x0:0x00000000
        1325000	       131	80000260	04314263	blt	x2,x3,800002a4	  x2:0x00000000  x3:0x00000000
        1335000	       132	80000264	017acab3	xor	x21,x21,x23	 x21:0x00000001 x23:0x00000001 x21=0x00000000
        1345000	       133	80000268	41b7d933	sra	x18,x15,x27	 x15:0x00000000 x27:0x00000000 x18=0x00000000
        1355000	       134	8000026c	0198f7b3	and	x15,x17,x25	 x17:0xad15dceb x25:0x00000000 x15=0x00000000
        1365000	       135	80000270	02068e63	beq	x13,x0,800002ac	 x13:0x84c1406a  x0:0x00000000
        1375000	       136	80000274	019abbb3	sltu	x23,x21,x25	 x21:0x00000000 x25:0x00000000 x23=0x00000000
        1385000	       137	80000278	41d752b3	sra	x5,x14,x29	 x14:0x80000000 x29:0x00000000  x5=0x80000000
        1395000	       138	8000027c	00e55333	srl	x6,x10,x14	 x10:0x00000000 x14:0x80000000  x6=0x00000000
        1405000	       139	80000280	401f55b3	sra	x11,x30,x1	 x30:0x00000000  x1:0xfe6141a8 x11=0x00000000
        1415000	       140	80000284	e22dcf93	xori	x31,x27,-478	 x27:0x00000000 x31=0xfffffe22
        1425000	       141	80000288	41f45c93	srai	x25,x8,0x1f	  x8:0xfb3ebf96 x25=0xffffffff
        1435000	       142	8000028c	f1002193	slti	x3,x0,-240	  x0:0x00000000  x3=0x00000000
        1445000	       143	80000290	00eb5893	srli	x17,x22,0xe	 x22:0xfffffa71 x17=0x0003ffff
        1455000	       144	80000294	55a20d93	addi	x27,x4,1370	  x4:0x00000000 x27=0x0000055a
        1465000	       145	80000298	41858333	sub	x6,x11,x24	 x11:0x00000000 x24:0x00000000  x6=0x00000000
        1475000	       146	8000029c	08551063	bne	x10,x5,8000031c	 x10:0x00000000  x5:0x80000000
        1485000	       147	00000000	00000013	addi	x0,x0,0	  x0:0x00000000
        1495000	       148	80000318	00000013	addi	x0,x0,0	  x0:0x00000000
        1505000	       149	8000031c	01dac533	xor	x10,x21,x29	 x21:0x00000000 x29:0x00000000 x10=0x00000000
        1515000	       150	80000320	009ebab3	sltu	x21,x29,x9	 x29:0x00000000  x9:0x00000000 x21=0x00000000
        1525000	       151	80000324	10310493	addi	x9,x2,259	  x2:0x00000000  x9=0x00000103
        1535000	       152	80000328	b49bef93	ori	x31,x23,-1207	 x23:0x00000000 x31=0xfffffb49
        1545000	       153	8000032c	02d4f263	bgeu	x9,x13,80000350	  x9:0x00000103 x13:0x84c1406a
        1555000	       154	80000330	00a9fdb3	and	x27,x19,x10	 x19:0x80009fc4 x10:0x00000000 x27=0x00000000
        1565000	       155	80000334	015b7a63	bgeu	x22,x21,80000348	 x22:0xfffffa71 x21:0x00000000
        1575000	       156	00000000	00000013	addi	x0,x0,0	  x0:0x00000000
        1585000	       157	80000344	00000013	addi	x0,x0,0	  x0:0x00000000
        1595000	       158	80000348	5c2a3313	sltiu	x6,x20,1474	 x20:0x00000000  x6=0x00000001
        1605000	       159	8000034c	b986ee13	ori	x28,x13,-1128	 x13:0x84c1406a x28=0xfffffbfa
        1615000	       160	80000350	01ca01b3	add	x3,x20,x28	 x20:0x00000000 x28:0xfffffbfa  x3=0xfffffbfa
        1625000	       161	80000354	01b04bb3	xor	x23,x0,x27	  x0:0x00000000 x27:0x00000000 x23=0x00000000
        1635000	       162	80000358	00000013	addi	x0,x0,0	  x0:0x00000000
        1645000	       163	8000035c	003026b3	slt	x13,x0,x3	  x0:0x00000000  x3:0xfffffbfa x13=0x00000000
        1655000	       164	80000360	05bec663	blt	x29,x27,800003ac	 x29:0x00000000 x27:0x00000000
        1665000	       165	80000364	f6afbe37	lui	x28,0xf6afb	 x28=0xf6afb000
        1675000	       166	80000368	c3856713	ori	x14,x10,-968	 x10:0x00000000 x14=0xfffffc38
        1685000	       167	8000036c	0138b5b3	sltu	x11,x17,x19	 x17:0x0003ffff x19:0x80009fc4 x11=0x00000001
        1695000	       168	80000370	0043db13	srli	x22,x7,0x4	  x7:0xf35cf1a0 x22=0x0f35cf1a
        1705000	       169	80000374	01ade133	or	x2,x27,x26	 x27:0x00000000 x26:0x00000000  x2=0x00000000
        1715000	       170	80000378	028bde63	bge	x23,x8,800003b4	 x23:0x00000000  x8:0xfb3ebf96
        1725000	       171	00000000	00000013	addi	x0,x0,0	  x0:0x00000000
        1735000	       172	800003b0	00000013	addi	x0,x0,0	  x0:0x00000000
        1745000	       173	800003b4	01c19733	sll	x14,x3,x28	  x3:0xfffffbfa x28:0xf6afb000 x14=0xfffffbfa
        1755000	       174	800003b8	03904863	blt	x0,x25,800003e8	  x0:0x00000000 x25:0xffffffff
        1765000	       175	800003bc	0412c063	blt	x5,x1,800003fc	  x5:0x80000000  x1:0xfe6141a8
        1775000	       176	00000000	00000013	addi	x0,x0,0	  x0:0x00000000
        1785000	       177	800003f8	00000013	addi	x0,x0,0	  x0:0x00000000
        1795000	       178	800003fc	21e9fb93	andi	x23,x19,542	 x19:0x80009fc4 x23=0x00000204
        1805000	       179	80000400	022e0663	beq	x28,x2,8000042c	 x28:0xf6afb000  x2:0x00000000
        1815000	       180	80000404	8d2f0593	addi	x11,x30,-1838	 x30:0x00000000 x11=0xfffff8d2
        1825000	       181	80000408	014c4333	xor	x6,x24,x20	 x24:0x00000000 x20:0x00000000  x6=0x00000000
        1835000	       182	8000040c	022a0263	beq	x20,x2,80000430	 x20:0x00000000  x2:0x00000000
        1845000	       183	00000000	00000013	addi	x0,x0,0	  x0:0x00000000
        1855000	       184	8000042c	00000013	addi	x0,x0,0	  x0:0x00000000
        1865000	       185	80000430	1801ac93	slti	x25,x3,384	  x3:0xfffffbfa x25=0x00000001
        1875000	       186	80000434	01cee863	bltu	x29,x28,80000444	 x29:0x00000000 x28:0xf6afb000
        1885000	       187	00000000	00000013	addi	x0,x0,0	  x0:0x00000000
        1895000	       188	80000440	00000013	addi	x0,x0,0	  x0:0x00000000
        1905000	       189	80000444	be0ea413	slti	x8,x29,-1056	 x29:0x00000000  x8=0x00000000
        1915000	       190	80000448	0107ccb3	xor	x25,x15,x16	 x15:0x00000000 x16:0x7fff7549 x25=0x7fff7549
        1925000	       191	8000044c	016e5f33	srl	x30,x28,x22	 x28:0xf6afb000 x22:0x0f35cf1a x30=0x0000003d
        1935000	       192	80000450	0227ce63	blt	x15,x2,8000048c	 x15:0x00000000  x2:0x00000000
        1945000	       193	80000454	048a6263	bltu	x20,x8,80000498	 x20:0x00000000  x8:0x00000000
        1955000	       194	80000458	015cb333	sltu	x6,x25,x21	 x25:0x7fff7549 x21:0x00000000  x6=0x00000000
        1965000	       195	8000045c	00c9af33	slt	x30,x19,x12	 x19:0x80009fc4 x12:0x80009f84 x30=0x00000000
        1975000	       196	80000460	afa00893	addi	x17,x0,-1286	  x0:0x00000000 x17=0xfffffafa
        1985000	       197	80000464	03910a63	beq	x2,x25,80000498	  x2:0x00000000 x25:0x7fff7549
        1995000	       198	80000468	c07de713	ori	x14,x27,-1017	 x27:0x00000000 x14=0xfffffc07
        2005000	       199	8000046c	4123da33	sra	x20,x7,x18	  x7:0xf35cf1a0 x18:0x00000000 x20=0xf35cf1a0
        2015000	       200	80000470	ca850b13	addi	x22,x10,-856	 x10:0x00000000 x22=0xfffffca8
        2025000	       201	80000474	0114ae33	slt	x28,x9,x17	  x9:0x00000103 x17:0xfffffafa x28=0x00000000
        2035000	       202	80000478	53da7a93	andi	x21,x20,1341	 x20:0xf35cf1a0 x21=0x00000120
        2045000	       203	8000047c	041e8663	beq	x29,x1,800004c8	 x29:0x00000000  x1:0xfe6141a8
        2055000	       204	80000480	01a61463	bne	x12,x26,80000488	 x12:0x80009f84 x26:0x00000000
        2065000	       205	00000000	00000013	addi	x0,x0,0	  x0:0x00000000
        2075000	       206	80000484	00000013	addi	x0,x0,0	  x0:0x00000000
        2085000	       207	80000488	00d76263	bltu	x14,x13,8000048c	 x14:0xfffffc07 x13:0x00000000
        2095000	       208	8000048c	69d0a393	slti	x7,x1,1693	  x1:0xfe6141a8  x7=0x00000001
        2105000	       209	80000490	015fe533	or	x10,x31,x21	 x31:0xfffffb49 x21:0x00000120 x10=0xfffffb69
        2115000	       210	80000494	004f32b3	sltu	x5,x30,x4	 x30:0x00000000  x4:0x00000000  x5=0x00000000
        2125000	       211	80000498	01ed6933	or	x18,x26,x30	 x26:0x00000000 x30:0x00000000 x18=0x00000000
        2135000	       212	8000049c	41dbdcb3	sra	x25,x23,x29	 x23:0x00000204 x29:0x00000000 x25=0x00000204
        2145000	       213	800004a0	0564d063	bge	x9,x22,800004e0	  x9:0x00000103 x22:0xfffffca8
        2155000	       214	00000000	00000013	addi	x0,x0,0	  x0:0x00000000
        2165000	       215	800004dc	00000013	addi	x0,x0,0	  x0:0x00000000
        2175000	       216	800004e0	00466eb3	or	x29,x12,x4	 x12:0x80009f84  x4:0x00000000 x29=0x80009f84
        2185000	       217	800004e4	012db0b3	sltu	x1,x27,x18	 x27:0x00000000 x18:0x00000000  x1=0x00000000
        2195000	       218	800004e8	7fb39e17	auipc	x28,0x7fb39	 x28=0xffb394e4
        2205000	       219	800004ec	40cd84b3	sub	x9,x27,x12	 x27:0x00000000 x12:0x80009f84  x9=0x7fff607c
        2215000	       220	800004f0	41870db3	sub	x27,x14,x24	 x14:0xfffffc07 x24:0x00000000 x27=0xfffffc07
        2225000	       221	800004f4	00786c63	bltu	x16,x7,8000050c	 x16:0x7fff7549  x7:0x00000001
        2235000	       222	800004f8	03c94e63	blt	x18,x28,80000534	 x18:0x00000000 x28:0xffb394e4
        2245000	       223	800004fc	da7efd93	andi	x27,x29,-601	 x29:0x80009f84 x27=0x80009d84
        2255000	       224	80000500	cac76693	ori	x13,x14,-852	 x14:0xfffffc07 x13=0xfffffcaf
        2265000	       225	80000504	015d97b3	sll	x15,x27,x21	 x27:0x80009d84 x21:0x00000120 x15=0x80009d84
        2275000	       226	80000508	00f60b33	add	x22,x12,x15	 x12:0x80009f84 x15:0x80009d84 x22=0x00013d08
        2285000	       227	8000050c	41c656b3	sra	x13,x12,x28	 x12:0x80009f84 x28:0xffb394e4 x13=0xf80009f8
        2295000	       228	80000510	3690eb17	auipc	x22,0x3690e	 x22=0xb690e50c
        2305000	       229	80000514	01265a63	bge	x12,x18,80000528	 x12:0x80009f84 x18:0x00000000
        2315000	       230	80000518	00d75db3	srl	x27,x14,x13	 x14:0xfffffc07 x13:0xf80009f8 x27=0x000000ff
        2325000	       231	8000051c	4d960b13	addi	x22,x12,1241	 x12:0x80009f84 x22=0x8000a45d
        2335000	       232	80000520	04001663	bne	x0,x0,8000056c	  x0:0x00000000  x0:0x00000000
        2345000	       233	80000524	0002b5b3	sltu	x11,x5,x0	  x5:0x00000000  x0:0x00000000 x11=0x00000000
        2355000	       234	80000528	00fd9193	slli	x3,x27,0xf	 x27:0x000000ff  x3=0x007f8000
        2365000	       235	8000052c	3e5f7a13	andi	x20,x30,997	 x30:0x00000000 x20=0x00000000
        2375000	       236	80000530	401b5f93	srai	x31,x22,0x1	 x22:0x8000a45d x31=0xc000522e
        2385000	       237	80000534	00000013	addi	x0,x0,0	  x0:0x00000000
        2395000	       238	80000538	0087de63	bge	x15,x8,80000554	 x15:0x80009d84  x8:0x00000000
        2405000	       239	8000053c	03346a63	bltu	x8,x19,80000570	  x8:0x00000000 x19:0x80009fc4
        2415000	       240	00000000	00000013	addi	x0,x0,0	  x0:0x00000000
        2425000	       241	8000056c	00000013	addi	x0,x0,0	  x0:0x00000000
        2435000	       242	80000570	0054a533	slt	x10,x9,x5	  x9:0x7fff607c  x5:0x00000000 x10=0x00000000
        2445000	       243	80000574	00ad2233	slt	x4,x26,x10	 x26:0x00000000 x10:0x00000000  x4=0x00000000
        2455000	       244	80000578	00e5dc63	bge	x11,x14,80000590	 x11:0x00000000 x14:0xfffffc07
        2465000	       245	00000000	00000013	addi	x0,x0,0	  x0:0x00000000
        2475000	       246	8000058c	00000013	addi	x0,x0,0	  x0:0x00000000
        2485000	       247	80000590	01cc0b33	add	x22,x24,x28	 x24:0x00000000 x28:0xffb394e4 x22=0xffb394e4
        2495000	       248	80000594	0181dfb3	srl	x31,x3,x24	  x3:0x007f8000 x24:0x00000000 x31=0x007f8000
        2505000	       249	80000598	01a51513	slli	x10,x10,0x1a	 x10:0x00000000 x10=0x00000000
        2515000	       250	8000059c	cea13a93	sltiu	x21,x2,-790	  x2:0x00000000 x21=0x00000001
        2525000	       251	800005a0	0022c533	xor	x10,x5,x2	  x5:0x00000000  x2:0x00000000 x10=0x00000000
        2535000	       252	800005a4	21e12e93	slti	x29,x2,542	  x2:0x00000000 x29=0x00000001
        2545000	       253	800005a8	40cbd913	srai	x18,x23,0xc	 x23:0x00000204 x18=0x00000000
        2555000	       254	800005ac	cb8d2c37	lui	x24,0xcb8d2	 x24=0xcb8d2000
        2565000	       255	800005b0	9ad84593	xori	x11,x16,-1619	 x16:0x7fff7549 x11=0x80008ce4
        2575000	       256	800005b4	00c3ceb3	xor	x29,x7,x12	  x7:0x00000001 x12:0x80009f84 x29=0x80009f85
        2585000	       257	800005b8	01f1c263	blt	x3,x31,800005bc	  x3:0x007f8000 x31:0x007f8000
        2595000	       258	800005bc	410307b3	sub	x15,x6,x16	  x6:0x00000000 x16:0x7fff7549 x15=0x80008ab7
        2605000	       259	800005c0	56429517	auipc	x10,0x56429	 x10=0xd64295bc
        2615000	       260	800005c4	c43a0013	addi	x0,x20,-957	 x20:0x00000000
        2625000	       261	800005c8	03108a63	beq	x1,x17,800005fc	  x1:0x00000000 x17:0xfffffafa
        2635000	       262	800005cc	404958b3	sra	x17,x18,x4	 x18:0x00000000  x4:0x00000000 x17=0x00000000
        2645000	       263	800005d0	02f06463	bltu	x0,x15,800005f8	  x0:0x00000000 x15:0x80008ab7
        2655000	       264	00000000	00000013	addi	x0,x0,0	  x0:0x00000000
        2665000	       265	800005f4	00000013	addi	x0,x0,0	  x0:0x00000000
        2675000	       266	800005f8	67a56413	ori	x8,x10,1658	 x10:0xd64295bc  x8=0xd64297fe
        2685000	       267	800005fc	0cc37063	bgeu	x6,x12,800006bc	  x6:0x00000000 x12:0x80009f84
        2695000	       268	80000600	0a1fee63	bltu	x31,x1,800006bc	 x31:0x007f8000  x1:0x00000000
        2705000	       269	80000604	19ee2b13	slti	x22,x28,414	 x28:0xffb394e4 x22=0x00000001
        2715000	       270	80000608	3fd03c93	sltiu	x25,x0,1021	  x0:0x00000000 x25=0x00000001
        2725000	       271	8000060c	0ccec063	blt	x29,x12,800006cc	 x29:0x80009f85 x12:0x80009f84
        2735000	       272	80000610	010a85b3	add	x11,x21,x16	 x21:0x00000001 x16:0x7fff7549 x11=0x7fff754a
        2745000	       273	80000614	0bbbda63	bge	x23,x27,800006c8	 x23:0x00000204 x27:0x000000ff
        2755000	       274	00000000	00000013	addi	x0,x0,0	  x0:0x00000000
        2765000	       275	800006c4	00000013	addi	x0,x0,0	  x0:0x00000000
        2775000	       276	800006c8	00c27e63	bgeu	x4,x12,800006e4	  x4:0x00000000 x12:0x80009f84
        2785000	       277	800006cc	8952b893	sltiu	x17,x5,-1899	  x5:0x00000000 x17=0x00000001
        2795000	       278	800006d0	38ce0893	addi	x17,x28,908	 x28:0xffb394e4 x17=0xffb39870
        2805000	       279	800006d4	0109b2b3	sltu	x5,x19,x16	 x19:0x80009fc4 x16:0x7fff7549  x5=0x00000000
        2815000	       280	800006d8	04e6f063	bgeu	x13,x14,80000718	 x13:0xf80009f8 x14:0xfffffc07
        2825000	       281	800006dc	016924b3	slt	x9,x18,x22	 x18:0x00000000 x22:0x00000001  x9=0x00000001
        2835000	       282	800006e0	003eca63	blt	x29,x3,800006f4	 x29:0x80009f85  x3:0x007f8000
        2845000	       283	00000000	00000013	addi	x0,x0,0	  x0:0x00000000
        2855000	       284	800006f0	00000013	addi	x0,x0,0	  x0:0x00000000
        2865000	       285	800006f4	099d7013	andi	x0,x26,153	 x26:0x00000000
        2875000	       286	800006f8	41a28233	sub	x4,x5,x26	  x5:0x00000000 x26:0x00000000  x4=0x00000000
        2885000	       287	800006fc	009bea63	bltu	x23,x9,80000710	 x23:0x00000204  x9:0x00000001
        2895000	       288	80000700	00000013	addi	x0,x0,0	  x0:0x00000000
        2905000	       289	80000704	534ecf17	auipc	x30,0x534ec	 x30=0xd34ec700
        2915000	       290	80000708	01c894b3	sll	x9,x17,x28	 x17:0xffb39870 x28:0xffb394e4  x9=0xfb398700
        2925000	       291	8000070c	014c5533	srl	x10,x24,x20	 x24:0xcb8d2000 x20:0x00000000 x10=0xcb8d2000
        2935000	       292	80000710	43d7b893	sltiu	x17,x15,1085	 x15:0x80008ab7 x17=0x00000000
        2945000	       293	80000714	92a13413	sltiu	x8,x2,-1750	  x2:0x00000000  x8=0x00000001
        2955000	       294	80000718	55d66e93	ori	x29,x12,1373	 x12:0x80009f84 x29=0x80009fdd
        2965000	       295	8000071c	01939b13	slli	x22,x7,0x19	  x7:0x00000001 x22=0x02000000
        2975000	       296	80000720	00000013	addi	x0,x0,0	  x0:0x00000000
        2985000	       297	80000724	00e128b3	slt	x17,x2,x14	  x2:0x00000000 x14:0xfffffc07 x17=0x00000000
        2995000	       298	80000728	0be07f13	andi	x30,x0,190	  x0:0x00000000 x30=0x00000000
        3005000	       299	8000072c	bdc65297	auipc	x5,0xbdc65	  x5=0x3dc65728
        3015000	       300	80000730	01c1ca33	xor	x20,x3,x28	  x3:0x007f8000 x28:0xffb394e4 x20=0xffcc14e4
        3025000	       301	80000734	028f0e63	beq	x30,x8,80000770	 x30:0x00000000  x8:0x00000001
        3035000	       302	80000738	01753f33	sltu	x30,x10,x23	 x10:0xcb8d2000 x23:0x00000204 x30=0x00000000
        3045000	       303	8000073c	e4754e13	xori	x28,x10,-441	 x10:0xcb8d2000 x28=0x3472de47
        3055000	       304	80000740	014e5b93	srli	x23,x28,0x14	 x28:0x3472de47 x23=0x00000347
        3065000	       305	80000744	019b01b3	add	x3,x22,x25	 x22:0x02000000 x25:0x00000001  x3=0x02000001
        3075000	       306	80000748	010c7b33	and	x22,x24,x16	 x24:0xcb8d2000 x16:0x7fff7549 x22=0x4b8d2000
        3085000	       307	8000074c	c91f6b93	ori	x23,x30,-879	 x30:0x00000000 x23=0xfffffc91
        3095000	       308	80000750	0151a1b3	slt	x3,x3,x21	  x3:0x02000001 x21:0x00000001  x3=0x00000000
        3105000	       309	80000754	00c82db3	slt	x27,x16,x12	 x16:0x7fff7549 x12:0x80009f84 x27=0x00000000
        3115000	       310	80000758	00000013	addi	x0,x0,0	  x0:0x00000000
        3125000	       311	8000075c	41768733	sub	x14,x13,x23	 x13:0xf80009f8 x23:0xfffffc91 x14=0xf8000d67
        3135000	       312	80000760	ffe56713	ori	x14,x10,-2	 x10:0xcb8d2000 x14=0xfffffffe
        3145000	       313	80000764	41893d93	sltiu	x27,x18,1048	 x18:0x00000000 x27=0x00000001
        3155000	       314	80000768	10abcd93	xori	x27,x23,266	 x23:0xfffffc91 x27=0xfffffd9b
        3165000	       315	8000076c	012058b3	srl	x17,x0,x18	  x0:0x00000000 x18:0x00000000 x17=0x00000000
        3175000	       316	80000770	0047cdb3	xor	x27,x15,x4	 x15:0x80008ab7  x4:0x00000000 x27=0x80008ab7
        3185000	       317	80000774	000124b3	slt	x9,x2,x0	  x2:0x00000000  x0:0x00000000  x9=0x00000000
        3195000	       318	80000778	030c5263	bge	x24,x16,8000079c	 x24:0xcb8d2000 x16:0x7fff7549
        3205000	       319	8000077c	40eb0f33	sub	x30,x22,x14	 x22:0x4b8d2000 x14:0xfffffffe x30=0x4b8d2002
        3215000	       320	80000780	01c7cf33	xor	x30,x15,x28	 x15:0x80008ab7 x28:0x3472de47 x30=0xb47254f0
        3225000	       321	80000784	01b35bb3	srl	x23,x6,x27	  x6:0x00000000 x27:0x80008ab7 x23=0x00000000
        3235000	       322	80000788	01759493	slli	x9,x11,0x17	 x11:0x7fff754a  x9=0xa5000000
        3245000	       323	8000078c	01fd1c93	slli	x25,x26,0x1f	 x26:0x00000000 x25=0x00000000
        3255000	       324	80000790	02295a63	bge	x18,x2,800007c4	 x18:0x00000000  x2:0x00000000
        3265000	       325	00000000	00000013	addi	x0,x0,0	  x0:0x00000000
        3275000	       326	800007c0	00000013	addi	x0,x0,0	  x0:0x00000000
        3285000	       327	800007c4	404d5433	sra	x8,x26,x4	 x26:0x00000000  x4:0x00000000  x8=0x00000000
        3295000	       328	800007c8	01f78463	beq	x15,x31,800007d0	 x15:0x80008ab7 x31:0x007f8000
        3305000	       329	800007cc	00b45a13	srli	x20,x8,0xb	  x8:0x00000000 x20=0x00000000
        3315000	       330	800007d0	c43dffb7	lui	x31,0xc43df	 x31=0xc43df000
        3325000	       331	800007d4	01f21393	slli	x7,x4,0x1f	  x4:0x00000000  x7=0x00000000
        3335000	       332	800007d8	0d6e5a63	bge	x28,x22,800008ac	 x28:0x3472de47 x22:0x4b8d2000
        3345000	       333	800007dc	0191feb3	and	x29,x3,x25	  x3:0x00000000 x25:0x00000000 x29=0x00000000
        3355000	       334	800007e0	006ab233	sltu	x4,x21,x6	 x21:0x00000001  x6:0x00000000  x4=0x00000000
        3365000	       335	800007e4	0dfe5e63	bge	x28,x31,800008c0	 x28:0x3472de47 x31:0xc43df000
        3375000	       336	00000000	00000013	addi	x0,x0,0	  x0:0x00000000
        3385000	       337	800008bc	00000013	addi	x0,x0,0	  x0:0x00000000
        3395000	       338	800008c0	00000013	addi	x0,x0,0	  x0:0x00000000
        3405000	       339	800008c4	f58ecf93	xori	x31,x29,-168	 x29:0x00000000 x31=0xffffff58
        3415000	       340	800008c8	008a9eb3	sll	x29,x21,x8	 x21:0x00000001  x8:0x00000000 x29=0x00000001
        3425000	       341	800008cc	40305093	srai	x1,x0,0x3	  x0:0x00000000  x1=0x00000000
        3435000	       342	800008d0	013a8ab3	add	x21,x21,x19	 x21:0x00000001 x19:0x80009fc4 x21=0x80009fc5
        3445000	       343	800008d4	013b2233	slt	x4,x22,x19	 x22:0x4b8d2000 x19:0x80009fc4  x4=0x00000000
        3455000	       344	800008d8	4131de13	srai	x28,x3,0x13	  x3:0x00000000 x28=0x00000000
        3465000	       345	800008dc	403dd333	sra	x6,x27,x3	 x27:0x80008ab7  x3:0x00000000  x6=0x80008ab7
        3475000	       346	800008e0	0055f463	bgeu	x11,x5,800008e8	 x11:0x7fff754a  x5:0x3dc65728
        3485000	       347	00000000	00000013	addi	x0,x0,0	  x0:0x00000000
        3495000	       348	800008e4	00000013	addi	x0,x0,0	  x0:0x00000000
        3505000	       349	800008e8	f1028513	addi	x10,x5,-240	  x5:0x3dc65728 x10=0x3dc65638
        3515000	       350	800008ec	00f9b333	sltu	x6,x19,x15	 x19:0x80009fc4 x15:0x80008ab7  x6=0x00000000
        3525000	       351	800008f0	011ac4b3	xor	x9,x21,x17	 x21:0x80009fc5 x17:0x00000000  x9=0x80009fc5
        3535000	       352	800008f4	04d25663	bge	x4,x13,80000940	  x4:0x00000000 x13:0xf80009f8
        3545000	       353	00000000	00000013	addi	x0,x0,0	  x0:0x00000000
        3555000	       354	8000093c	00000013	addi	x0,x0,0	  x0:0x00000000
        3565000	       355	80000940	031f4463	blt	x30,x17,80000968	 x30:0xb47254f0 x17:0x00000000
        3575000	       356	00000000	00000013	addi	x0,x0,0	  x0:0x00000000
        3585000	       357	80000964	00000013	addi	x0,x0,0	  x0:0x00000000
        3595000	       358	80000968	001267b3	or	x15,x4,x1	  x4:0x00000000  x1:0x00000000 x15=0x00000000
        3605000	       359	8000096c	40b75f13	srai	x30,x14,0xb	 x14:0xfffffffe x30=0xffffffff
        3615000	       360	80000970	407d8233	sub	x4,x27,x7	 x27:0x80008ab7  x7:0x00000000  x4=0x80008ab7
        3625000	       361	80000974	0069e263	bltu	x19,x6,80000978	 x19:0x80009fc4  x6:0x00000000
        3635000	       362	80000978	d7878293	addi	x5,x15,-648	 x15:0x00000000  x5=0xfffffd78
        3645000	       363	8000097c	00555293	srli	x5,x10,0x5	 x10:0x3dc65638  x5=0x01ee32b1
        3655000	       364	80000980	40c25293	srai	x5,x4,0xc	  x4:0x80008ab7  x5=0xfff80008
        3665000	       365	80000984	6c267693	andi	x13,x12,1730	 x12:0x80009f84 x13=0x00000680
        3675000	       366	80000988	b2708697	auipc	x13,0xb2708	 x13=0x32708984
        3685000	       367	8000098c	411cdeb3	sra	x29,x25,x17	 x25:0x00000000 x17:0x00000000 x29=0x00000000
        3695000	       368	80000990	a6fb8893	addi	x17,x23,-1425	 x23:0x00000000 x17=0xfffffa6f
        3705000	       369	80000994	ed1c6f93	ori	x31,x24,-303	 x24:0xcb8d2000 x31=0xfffffed1
        3715000	       370	80000998	8fbd8593	addi	x11,x27,-1797	 x27:0x80008ab7 x11=0x800083b2
        3725000	       371	8000099c	f9d38493	addi	x9,x7,-99	  x7:0x00000000  x9=0xffffff9d
        3735000	       372	800009a0	02b85863	bge	x16,x11,800009d0	 x16:0x7fff7549 x11:0x800083b2
        3745000	       373	00000000	00000013	addi	x0,x0,0	  x0:0x00000000
        3755000	       374	800009cc	00000013	addi	x0,x0,0	  x0:0x00000000
        3765000	       375	800009d0	01d4c533	xor	x10,x9,x29	  x9:0xffffff9d x29:0x00000000 x10=0xffffff9d
        3775000	       376	800009d4	20caeb13	ori	x22,x21,524	 x21:0x80009fc5 x22=0x80009fcd
        3785000	       377	800009d8	67745217	auipc	x4,0x67745	  x4=0xe77459d4
        3795000	       378	800009dc	00e28a33	add	x20,x5,x14	  x5:0xfff80008 x14:0xfffffffe x20=0xfff80006
        3805000	       379	800009e0	01786663	bltu	x16,x23,800009ec	 x16:0x7fff7549 x23:0x00000000
        3815000	       380	800009e4	697f4b13	xori	x22,x30,1687	 x30:0xffffffff x22=0xfffff968
        3825000	       381	800009e8	8e138f93	addi	x31,x7,-1823	  x7:0x00000000 x31=0xfffff8e1
        3835000	       382	800009ec	0012cb33	xor	x22,x5,x1	  x5:0xfff80008  x1:0x00000000 x22=0xfff80008
        3845000	       383	800009f0	01ccfbb3	and	x23,x25,x28	 x25:0x00000000 x28:0x00000000 x23=0x00000000
        3855000	       384	800009f4	00008117	auipc	x2,0x8	  x2=0x800089f0
        3865000	       385	800009f8	30c10113	addi	x2,x2,780	  x2:0x800089f0  x2=0x80008cfc
        3875000	       386	800009fc	28d97193	andi	x3,x18,653	 x18:0x00000000  x3=0x00000000
        3885000	       387	80000a00	ff610d83	lb	x27,-10(x2)	  x2:0x80008cfc x27=0x00000000 PA:0x80008cf2
        3895000	       388	80000a04	b79ce393	ori	x7,x25,-1159	 x25:0x00000000  x7=0xfffffb79
        3905000	       389	80000a08	40a4d813	srai	x16,x9,0xa	  x9:0xffffff9d x16=0xffffffff
        3915000	       390	80000a0c	f3610f83	lb	x31,-202(x2)	  x2:0x80008cfc x31=0x00000000 PA:0x80008c32
        3925000	       391	80000a10	00710ea3	sb	x7,29(x2)	  x2:0x80008cfc  x7:0xfffffb79 PA:0x80008d19
        3935000	       392	80000a14	94804513	xori	x10,x0,-1720	  x0:0x00000000 x10=0xfffff948
        3945000	       393	80000a18	04314a03	lbu	x20,67(x2)	  x2:0x80008cfc x20=0x00000000 PA:0x80008d3f
        3955000	       394	80000a1c	00203933	sltu	x18,x0,x2	  x0:0x00000000  x2:0x80008cfc x18=0x00000001
        3965000	       395	80000a20	0055c2b3	xor	x5,x11,x5	 x11:0x800083b2  x5:0xfff80008  x5=0x7ff883ba
        3975000	       396	80000a24	00c35f13	srli	x30,x6,0xc	  x6:0x00000000 x30=0x00000000
        3985000	       397	80000a28	f4a10303	lb	x6,-182(x2)	  x2:0x80008cfc  x6=0x00000000 PA:0x80008c46
        3995000	       398	80000a2c	05011123	sh	x16,66(x2)	  x2:0x80008cfc x16:0xffffffff PA:0x80008d3e
        4005000	       399	80000a30	016e32b3	sltu	x5,x28,x22	 x28:0x00000000 x22:0xfff80008  x5=0x00000001
        4015000	       400	80000a34	40095693	srai	x13,x18,0x0	 x18:0x00000001 x13=0x00000001
        4025000	       401	80000a38	fcb10783	lb	x15,-53(x2)	  x2:0x80008cfc x15=0x00000000 PA:0x80008cc7
        4035000	       402	80000a3c	00110ea3	sb	x1,29(x2)	  x2:0x80008cfc  x1:0x00000000 PA:0x80008d19
        4045000	       403	80000a40	397d8913	addi	x18,x27,919	 x27:0x00000000 x18=0x00000397
        4055000	       404	80000a44	408f0933	sub	x18,x30,x8	 x30:0x00000000  x8:0x00000000 x18=0x00000000
        4065000	       405	80000a48	e9aeed93	ori	x27,x29,-358	 x29:0x00000000 x27=0xfffffe9a
        4075000	       406	80000a4c	fa012a03	lw	x20,-96(x2)	  x2:0x80008cfc x20=0x00000000 PA:0x80008c9c
        4085000	       407	80000a50	3521e893	ori	x17,x3,850	  x3:0x00000000 x17=0x00000352
        4095000	       408	80000a54	01551ab3	sll	x21,x10,x21	 x10:0xfffff948 x21:0x80009fc5 x21=0xffff2900
        4105000	       409	80000a58	4036df93	srai	x31,x13,0x3	 x13:0x00000001 x31=0x00000000
        4115000	       410	80000a5c	01cd5293	srli	x5,x26,0x1c	 x26:0x00000000  x5=0x00000000
        4125000	       411	80000a60	ff41a093	slti	x1,x3,-12	  x3:0x00000000  x1=0x00000000
        4135000	       412	80000a64	19bab893	sltiu	x17,x21,411	 x21:0xffff2900 x17=0x00000000
        4145000	       413	80000a68	048105a3	sb	x8,75(x2)	  x2:0x80008cfc  x8:0x00000000 PA:0x80008d47
        4155000	       414	80000a6c	00ae9533	sll	x10,x29,x10	 x29:0x00000000 x10:0xfffff948 x10=0x00000000
        4165000	       415	80000a70	363db813	sltiu	x16,x27,867	 x27:0xfffffe9a x16=0x00000000
        4175000	       416	80000a74	02075263	bge	x14,x0,80000a98	 x14:0xfffffffe  x0:0x00000000
        4185000	       417	80000a78	00908463	beq	x1,x9,80000a80	  x1:0x00000000  x9:0xffffff9d
        4195000	       418	80000a7c	00927c63	bgeu	x4,x9,80000a94	  x4:0xe77459d4  x9:0xffffff9d
        4205000	       419	80000a80	4106d713	srai	x14,x13,0x10	 x13:0x00000001 x14=0x00000000
        4215000	       420	80000a84	00e22eb3	slt	x29,x4,x14	  x4:0xe77459d4 x14:0x00000000 x29=0x00000001
        4225000	       421	80000a88	4bfb8693	addi	x13,x23,1215	 x23:0x00000000 x13=0x000004bf
        4235000	       422	80000a8c	008e2433	slt	x8,x28,x8	 x28:0x00000000  x8:0x00000000  x8=0x00000000
        4245000	       423	80000a90	e17a8f13	addi	x30,x21,-489	 x21:0xffff2900 x30=0xffff2717
        4255000	       424	80000a94	5e929a97	auipc	x21,0x5e929	 x21=0xde929a90
        4265000	       425	80000a98	022bdc63	bge	x23,x2,80000ad0	 x23:0x00000000  x2:0x80008cfc
        4275000	       426	00000000	00000013	addi	x0,x0,0	  x0:0x00000000
        4285000	       427	80000acc	00000013	addi	x0,x0,0	  x0:0x00000000
        4295000	       428	80000ad0	98034493	xori	x9,x6,-1664	  x6:0x00000000  x9=0xfffff980
        4305000	       429	80000ad4	75e02f93	slti	x31,x0,1886	  x0:0x00000000 x31=0x00000001
        4315000	       430	80000ad8	00ef0033	add	x0,x30,x14	 x30:0xffff2717 x14:0x00000000
        4325000	       431	80000adc	00bf8733	add	x14,x31,x11	 x31:0x00000001 x11:0x800083b2 x14=0x800083b3
        4335000	       432	80000ae0	00cc9c63	bne	x25,x12,80000af8	 x25:0x00000000 x12:0x80009f84
        4345000	       433	00000000	00000013	addi	x0,x0,0	  x0:0x00000000
        4355000	       434	80000af4	00000013	addi	x0,x0,0	  x0:0x00000000
        4365000	       435	80000af8	052ad863	bge	x21,x18,80000b48	 x21:0xde929a90 x18:0x00000000
        4375000	       436	80000afc	4c1c6793	ori	x15,x24,1217	 x24:0xcb8d2000 x15=0xcb8d24c1
        4385000	       437	80000b00	0116b7b3	sltu	x15,x13,x17	 x13:0x000004bf x17:0x00000000 x15=0x00000000
        4395000	       438	80000b04	71533513	sltiu	x10,x6,1813	  x6:0x00000000 x10=0x00000001
        4405000	       439	80000b08	000dd393	srli	x7,x27,0x0	 x27:0xfffffe9a  x7=0xfffffe9a
        4415000	       440	80000b0c	59e73f13	sltiu	x30,x14,1438	 x14:0x800083b3 x30=0x00000000
        4425000	       441	80000b10	40045413	srai	x8,x8,0x0	  x8:0x00000000  x8=0x00000000
        4435000	       442	80000b14	1d94c213	xori	x4,x9,473	  x9:0xfffff980  x4=0xfffff859
        4445000	       443	80000b18	690a3517	auipc	x10,0x690a3	 x10=0xe90a3b14
        4455000	       444	80000b1c	01685733	srl	x14,x16,x22	 x16:0x00000000 x22:0xfff80008 x14=0x00000000
        4465000	       445	80000b20	eb127b93	andi	x23,x4,-335	  x4:0xfffff859 x23=0xfffff811
        4475000	       446	80000b24	000e60b3	or	x1,x28,x0	 x28:0x00000000  x0:0x00000000  x1=0x00000000
        4485000	       447	80000b28	782631b7	lui	x3,0x78263	  x3=0x78263000
        4495000	       448	80000b2c	011bf863	bgeu	x23,x17,80000b3c	 x23:0xfffff811 x17:0x00000000
        4505000	       449	00000000	00000013	addi	x0,x0,0	  x0:0x00000000
        4515000	       450	80000b38	00000013	addi	x0,x0,0	  x0:0x00000000
        4525000	       451	80000b3c	01cdca63	blt	x27,x28,80000b50	 x27:0xfffffe9a x28:0x00000000
        4535000	       452	00000000	00000013	addi	x0,x0,0	  x0:0x00000000
        4545000	       453	80000b4c	00000013	addi	x0,x0,0	  x0:0x00000000
        4555000	       454	80000b50	01d3f433	and	x8,x7,x29	  x7:0xfffffe9a x29:0x00000001  x8=0x00000000
        4565000	       455	80000b54	02ed6e63	bltu	x26,x14,80000b90	 x26:0x00000000 x14:0x00000000
        4575000	       456	80000b58	4056d533	sra	x10,x13,x5	 x13:0x000004bf  x5:0x00000000 x10=0x000004bf
        4585000	       457	80000b5c	21486a17	auipc	x20,0x21486	 x20=0xa1486b58
        4595000	       458	80000b60	014a58b3	srl	x17,x20,x20	 x20:0xa1486b58 x20:0xa1486b58 x17=0x000000a1
        4605000	       459	80000b64	007bfc63	bgeu	x23,x7,80000b7c	 x23:0xfffff811  x7:0xfffffe9a
        4615000	       460	80000b68	00000013	addi	x0,x0,0	  x0:0x00000000
        4625000	       461	80000b6c	00b5ea63	bltu	x11,x11,80000b80	 x11:0x800083b2 x11:0x800083b2
        4635000	       462	80000b70	a91b8793	addi	x15,x23,-1391	 x23:0xfffff811 x15=0xfffff2a2
        4645000	       463	80000b74	011b0b33	add	x22,x22,x17	 x22:0xfff80008 x17:0x000000a1 x22=0xfff800a9
        4655000	       464	80000b78	01b48833	add	x16,x9,x27	  x9:0xfffff980 x27:0xfffffe9a x16=0xfffff81a
        4665000	       465	80000b7c	00d4d0b3	srl	x1,x9,x13	  x9:0xfffff980 x13:0x000004bf  x1=0x00000001
        4675000	       466	80000b80	002eacb3	slt	x25,x29,x2	 x29:0x00000001  x2:0x80008cfc x25=0x00000000
        4685000	       467	80000b84	41a6de13	srai	x28,x13,0x1a	 x13:0x000004bf x28=0x00000000
        4695000	       468	80000b88	41ae88b3	sub	x17,x29,x26	 x29:0x00000001 x26:0x00000000 x17=0x00000001
        4705000	       469	80000b8c	005c0ab3	add	x21,x24,x5	 x24:0xcb8d2000  x5:0x00000000 x21=0xcb8d2000
        4715000	       470	80000b90	01714c63	blt	x2,x23,80000ba8	  x2:0x80008cfc x23:0xfffff811
        4725000	       471	00000000	00000013	addi	x0,x0,0	  x0:0x00000000
        4735000	       472	80000ba4	00000013	addi	x0,x0,0	  x0:0x00000000
        4745000	       473	80000ba8	01f25a93	srli	x21,x4,0x1f	  x4:0xfffff859 x21=0x00000001
        4755000	       474	80000bac	04d69063	bne	x13,x13,80000bec	 x13:0x000004bf x13:0x000004bf
        4765000	       475	80000bb0	0126ba33	sltu	x20,x13,x18	 x13:0x000004bf x18:0x00000000 x20=0x00000000
        4775000	       476	80000bb4	037a8863	beq	x21,x23,80000be4	 x21:0x00000001 x23:0xfffff811
        4785000	       477	80000bb8	988a6693	ori	x13,x20,-1656	 x20:0x00000000 x13=0xfffff988
        4795000	       478	80000bbc	014356b3	srl	x13,x6,x20	  x6:0x00000000 x20:0x00000000 x13=0x00000000
        4805000	       479	80000bc0	011118b3	sll	x17,x2,x17	  x2:0x80008cfc x17:0x00000001 x17=0x000119f8
        4815000	       480	80000bc4	04511063	bne	x2,x5,80000c04	  x2:0x80008cfc  x5:0x00000000
        4825000	       481	00000000	00000013	addi	x0,x0,0	  x0:0x00000000
        4835000	       482	80000c00	00000013	addi	x0,x0,0	  x0:0x00000000
        4845000	       483	80000c04	03130663	beq	x6,x17,80000c30	  x6:0x00000000 x17:0x000119f8
        4855000	       484	80000c08	b8e02193	slti	x3,x0,-1138	  x0:0x00000000  x3=0x00000000
        4865000	       485	80000c0c	00000013	addi	x0,x0,0	  x0:0x00000000
        4875000	       486	80000c10	02a70a63	beq	x14,x10,80000c44	 x14:0x00000000 x10:0x000004bf
        4885000	       487	80000c14	413d8a33	sub	x20,x27,x19	 x27:0xfffffe9a x19:0x80009fc4 x20=0x7fff5ed6
        4895000	       488	80000c18	000e7263	bgeu	x28,x0,80000c1c	 x28:0x00000000  x0:0x00000000
        4905000	       489	00000000	00000013	addi	x0,x0,0	  x0:0x00000000
        4915000	       490	80000c18	00000013	addi	x0,x0,0	  x0:0x00000000
        4925000	       491	80000c1c	03cb8463	beq	x23,x28,80000c44	 x23:0xfffff811 x28:0x00000000
        4935000	       492	80000c20	01e90463	beq	x18,x30,80000c28	 x18:0x00000000 x30:0x00000000
        4945000	       493	00000000	00000013	addi	x0,x0,0	  x0:0x00000000
        4955000	       494	80000c24	00000013	addi	x0,x0,0	  x0:0x00000000
        4965000	       495	80000c28	02dcd263	bge	x25,x13,80000c4c	 x25:0x00000000 x13:0x00000000
        4975000	       496	00000000	00000013	addi	x0,x0,0	  x0:0x00000000
        4985000	       497	80000c48	00000013	addi	x0,x0,0	  x0:0x00000000
        4995000	       498	80000c4c	04eed837	lui	x16,0x4eed	 x16=0x04eed000
        5005000	       499	80000c50	fb763d93	sltiu	x27,x12,-73	 x12:0x80009f84 x27=0x00000001
        5015000	       500	80000c54	b13e7297	auipc	x5,0xb13e7	  x5=0x313e7c50
        5025000	       501	80000c58	518f6393	ori	x7,x30,1304	 x30:0x00000000  x7=0x00000518
        5035000	       502	80000c5c	2e59ed93	ori	x27,x19,741	 x19:0x80009fc4 x27=0x80009fe5
        5045000	       503	80000c60	d47e4593	xori	x11,x28,-697	 x28:0x00000000 x11=0xfffffd47
        5055000	       504	80000c64	68a7e513	ori	x10,x15,1674	 x15:0xfffff2a2 x10=0xfffff6aa
        5065000	       505	80000c68	0492e863	bltu	x5,x9,80000cb8	  x5:0x313e7c50  x9:0xfffff980
        5075000	       506	00000000	00000013	addi	x0,x0,0	  x0:0x00000000
        5085000	       507	80000cb4	00000013	addi	x0,x0,0	  x0:0x00000000
        5095000	       508	80000cb8	3f068793	addi	x15,x13,1008	 x13:0x00000000 x15=0x000003f0
        5105000	       509	80000cbc	019fec33	or	x24,x31,x25	 x31:0x00000001 x25:0x00000000 x24=0x00000001
        5115000	       510	80000cc0	002267b3	or	x15,x4,x2	  x4:0xfffff859  x2:0x80008cfc x15=0xfffffcfd
        5125000	       511	80000cc4	40ddd333	sra	x6,x27,x13	 x27:0x80009fe5 x13:0x00000000  x6=0x80009fe5
        5135000	       512	80000cc8	00000013	addi	x0,x0,0	  x0:0x00000000
        5145000	       513	80000ccc	1de4f413	andi	x8,x9,478	  x9:0xfffff980  x8=0x00000180
        5155000	       514	80000cd0	001d5133	srl	x2,x26,x1	 x26:0x00000000  x1:0x00000001  x2=0x00000000
        5165000	       515	80000cd4	0184db93	srli	x23,x9,0x18	  x9:0xfffff980 x23=0x000000ff
        5175000	       516	80000cd8	41490fb3	sub	x31,x18,x20	 x18:0x00000000 x20:0x7fff5ed6 x31=0x8000a12a
        5185000	       517	80000cdc	00297e33	and	x28,x18,x2	 x18:0x00000000  x2:0x00000000 x28=0x00000000
        5195000	       518	80000ce0	00008117	auipc	x2,0x8	  x2=0x80008cdc
        5205000	       519	80000ce4	9c910113	addi	x2,x2,-1591	  x2:0x80008cdc  x2=0x800086a5
        5215000	       520	80000ce8	bb0cfe13	andi	x28,x25,-1104	 x25:0x00000000 x28=0x00000000
        5225000	       521	80000cec	f6e14c83	lbu	x25,-146(x2)	  x2:0x800086a5 x25=0x00000000 PA:0x80008613
        5235000	       522	80000cf0	0b014083	lbu	x1,176(x2)	  x2:0x800086a5  x1=0x00000000 PA:0x80008755
        5245000	       523	80000cf4	01e64733	xor	x14,x12,x30	 x12:0x80009f84 x30:0x00000000 x14=0x80009f84
        5255000	       524	80000cf8	07d10a03	lb	x20,125(x2)	  x2:0x800086a5 x20=0x00000000 PA:0x80008722
        5265000	       525	80000cfc	41820a33	sub	x20,x4,x24	  x4:0xfffff859 x24:0x00000001 x20=0xfffff858
        5275000	       526	80000d00	00ff56b3	srl	x13,x30,x15	 x30:0x00000000 x15:0xfffffcfd x13=0x00000000
        5285000	       527	80000d04	41c486b3	sub	x13,x9,x28	  x9:0xfffff980 x28:0x00000000 x13=0xfffff980
        5295000	       528	80000d08	fc714783	lbu	x15,-57(x2)	  x2:0x800086a5 x15=0x00000000 PA:0x8000866c
        5305000	       529	80000d0c	0a010283	lb	x5,160(x2)	  x2:0x800086a5  x5=0x00000000 PA:0x80008745
        5315000	       530	80000d10	06414283	lbu	x5,100(x2)	  x2:0x800086a5  x5=0x00000000 PA:0x80008709
        5325000	       531	80000d14	f2911503	lh	x10,-215(x2)	  x2:0x800086a5 x10=0x00000000 PA:0x800085ce
        5335000	       532	80000d18	00000013	addi	x0,x0,0	  x0:0x00000000
        5345000	       533	80000d1c	7bbcc393	xori	x7,x25,1979	 x25:0x00000000  x7=0x000007bb
        5355000	       534	80000d20	4072d713	srai	x14,x5,0x7	  x5:0x00000000 x14=0x00000000
        5365000	       535	80000d24	b7ecae13	slti	x28,x25,-1154	 x25:0x00000000 x28=0x00000000
        5375000	       536	80000d28	006110a3	sh	x6,1(x2)	  x2:0x800086a5  x6:0x80009fe5 PA:0x800086a6
        5385000	       537	80000d2c	01514e83	lbu	x29,21(x2)	  x2:0x800086a5 x29=0x00000000 PA:0x800086ba
        5395000	       538	80000d30	63c1bc93	sltiu	x25,x3,1596	  x3:0x00000000 x25=0x00000001
        5405000	       539	80000d34	f5f12903	lw	x18,-161(x2)	  x2:0x800086a5 x18=0x00000000 PA:0x80008604
        5415000	       540	80000d38	eafe4917	auipc	x18,0xeafe4	 x18=0x6afe4d34
        5425000	       541	80000d3c	01771e13	slli	x28,x14,0x17	 x14:0x00000000 x28=0x00000000
        5435000	       542	80000d40	01dbf3b3	and	x7,x23,x29	 x23:0x000000ff x29:0x00000000  x7=0x00000000
        5445000	       543	80000d44	014b5813	srli	x16,x22,0x14	 x22:0xfff800a9 x16=0x00000fff
        5455000	       544	80000d48	019f3cb3	sltu	x25,x30,x25	 x30:0x00000000 x25:0x00000001 x25=0x00000001
        5465000	       545	80000d4c	03711c83	lh	x25,55(x2)	  x2:0x800086a5 x25=0x00000000 PA:0x800086dc
        5475000	       546	80000d50	f52104a3	sb	x18,-183(x2)	  x2:0x800086a5 x18:0x6afe4d34 PA:0x800085ee
        5485000	       547	80000d54	ed256593	ori	x11,x10,-302	 x10:0x00000000 x11=0xfffffed2
        5495000	       548	80000d58	0fc10b03	lb	x22,252(x2)	  x2:0x800086a5 x22=0x00000000 PA:0x800087a1
        5505000	       549	80000d5c	04a14083	lbu	x1,74(x2)	  x2:0x800086a5  x1=0x00000000 PA:0x800086ef
        5515000	       550	80000d60	01f01c33	sll	x24,x0,x31	  x0:0x00000000 x31:0x8000a12a x24=0x00000000
        5525000	       551	80000d64	00f25db3	srl	x27,x4,x15	  x4:0xfffff859 x15:0x00000000 x27=0xfffff859
        5535000	       552	80000d68	00451c13	slli	x24,x10,0x4	 x10:0x00000000 x24=0x00000000
        5545000	       553	80000d6c	01abf833	and	x16,x23,x26	 x23:0x000000ff x26:0x00000000 x16=0x00000000
        5555000	       554	80000d70	01055213	srli	x4,x10,0x10	 x10:0x00000000  x4=0x00000000
        5565000	       555	80000d74	f4e14483	lbu	x9,-178(x2)	  x2:0x800086a5  x9=0x00000000 PA:0x800085f3
        5575000	       556	80000d78	5077c6b7	lui	x13,0x5077c	 x13=0x5077c000
        5585000	       557	80000d7c	9adafc13	andi	x24,x21,-1619	 x21:0x00000001 x24=0x00000001
        5595000	       558	80000d80	01310223	sb	x19,4(x2)	  x2:0x800086a5 x19:0x80009fc4 PA:0x800086a9
        5605000	       559	80000d84	ac2fed93	ori	x27,x31,-1342	 x31:0x8000a12a x27=0xfffffbea
        5615000	       560	80000d88	012b9e33	sll	x28,x23,x18	 x23:0x000000ff x18:0x6afe4d34 x28=0x0ff00000
        5625000	       561	80000d8c	4580fb93	andi	x23,x1,1112	  x1:0x00000000 x23=0x00000000
        5635000	       562	80000d90	09412da3	sw	x20,155(x2)	  x2:0x800086a5 x20:0xfffff858 PA:0x80008740
        5645000	       563	80000d94	fc010123	sb	x0,-62(x2)	  x2:0x800086a5  x0:0x00000000 PA:0x80008667
        5655000	       564	80000d98	9e077d93	andi	x27,x14,-1568	 x14:0x00000000 x27=0x00000000
        5665000	       565	80000d9c	40ec5a33	sra	x20,x24,x14	 x24:0x00000001 x14:0x00000000 x20=0x00000001
        5675000	       566	80000da0	00810883	lb	x17,8(x2)	  x2:0x800086a5 x17=0x00000000 PA:0x800086ad
        5685000	       567	80000da4	f0b12403	lw	x8,-245(x2)	  x2:0x800086a5  x8=0x00000000 PA:0x800085b0
        5695000	       568	80000da8	ca436313	ori	x6,x6,-860	  x6:0x80009fe5  x6=0xffffffe5
        5705000	       569	80000dac	04880b93	addi	x23,x16,72	 x16:0x00000000 x23=0x00000048
        5715000	       570	80000db0	0db10f03	lb	x30,219(x2)	  x2:0x800086a5 x30=0x00000000 PA:0x80008780
        5725000	       571	80000db4	018ce663	bltu	x25,x24,80000dc0	 x25:0x00000000 x24:0x00000001
        5735000	       572	00000000	00000013	addi	x0,x0,0	  x0:0x00000000
        5745000	       573	80000dbc	00000013	addi	x0,x0,0	  x0:0x00000000
        5755000	       574	80000dc0	014a9b33	sll	x22,x21,x20	 x21:0x00000001 x20:0x00000001 x22=0x00000002
        5765000	       575	80000dc4	f045a297	auipc	x5,0xf045a	  x5=0x7045adc0
        5775000	       576	80000dc8	e1789bb7	lui	x23,0xe1789	 x23=0xe1789000
        5785000	       577	80000dcc	e5d06093	ori	x1,x0,-419	  x0:0x00000000  x1=0xfffffe5d
        5795000	       578	80000dd0	00ba9ab3	sll	x21,x21,x11	 x21:0x00000001 x11:0xfffffed2 x21=0x00040000
        5805000	       579	80000dd4	b2f37713	andi	x14,x6,-1233	  x6:0xffffffe5 x14=0xfffffb25
        5815000	       580	80000dd8	01753033	sltu	x0,x10,x23	 x10:0x00000000 x23:0xe1789000
        5825000	       581	80000ddc	70573137	lui	x2,0x70573	  x2=0x70573000
        5835000	       582	80000de0	01f91133	sll	x2,x18,x31	 x18:0x6afe4d34 x31:0x8000a12a  x2=0xf934d000
        5845000	       583	80000de4	018fde93	srli	x29,x31,0x18	 x31:0x8000a12a x29=0x00000080
        5855000	       584	80000de8	3df32a93	slti	x21,x6,991	  x6:0xffffffe5 x21=0x00000001
        5865000	       585	80000dec	ef9c3793	sltiu	x15,x24,-263	 x24:0x00000001 x15=0x00000001
        5875000	       586	80000df0	22716193	ori	x3,x2,551	  x2:0xf934d000  x3=0xf934d227
        5885000	       587	80000df4	6342bb93	sltiu	x23,x5,1588	  x5:0x7045adc0 x23=0x00000000
        5895000	       588	80000df8	01bbf3b3	and	x7,x23,x27	 x23:0x00000000 x27:0x00000000  x7=0x00000000
        5905000	       589	80000dfc	50996c93	ori	x25,x18,1289	 x18:0x6afe4d34 x25=0x6afe4d3d
        5915000	       590	80000e00	02cef263	bgeu	x29,x12,80000e24	 x29:0x00000080 x12:0x80009f84
        5925000	       591	80000e04	0561f063	bgeu	x3,x22,80000e44	  x3:0xf934d227 x22:0x00000002
        5935000	       592	00000000	00000013	addi	x0,x0,0	  x0:0x00000000
        5945000	       593	80000e40	00000013	addi	x0,x0,0	  x0:0x00000000
        5955000	       594	80000e44	001e6a33	or	x20,x28,x1	 x28:0x0ff00000  x1:0xfffffe5d x20=0xfffffe5d
        5965000	       595	80000e48	01784533	xor	x10,x16,x23	 x16:0x00000000 x23:0x00000000 x10=0x00000000
        5975000	       596	80000e4c	035f7293	andi	x5,x30,53	 x30:0x00000000  x5=0x00000000
        5985000	       597	80000e50	398db713	sltiu	x14,x27,920	 x27:0x00000000 x14=0x00000001
        5995000	       598	80000e54	3359c313	xori	x6,x19,821	 x19:0x80009fc4  x6=0x80009cf1
        6005000	       599	80000e58	27013e93	sltiu	x29,x2,624	  x2:0xf934d000 x29=0x00000000
        6015000	       600	80000e5c	05a7e663	bltu	x15,x26,80000ea8	 x15:0x00000001 x26:0x00000000
        6025000	       601	80000e60	41bb5b93	srai	x23,x22,0x1b	 x22:0x00000002 x23=0x00000000
        6035000	       602	80000e64	01c25a13	srli	x20,x4,0x1c	  x4:0x00000000 x20=0x00000000
        6045000	       603	80000e68	0557e063	bltu	x15,x21,80000ea8	 x15:0x00000001 x21:0x00000001
        6055000	       604	80000e6c	01f17c63	bgeu	x2,x31,80000e84	  x2:0xf934d000 x31:0x8000a12a
        6065000	       605	00000000	00000013	addi	x0,x0,0	  x0:0x00000000
        6075000	       606	80000e80	00000013	addi	x0,x0,0	  x0:0x00000000
        6085000	       607	80000e84	0048e5b3	or	x11,x17,x4	 x17:0x00000000  x4:0x00000000 x11=0x00000000
        6095000	       608	80000e88	b1832a13	slti	x20,x6,-1256	  x6:0x80009cf1 x20=0x00000001
        6105000	       609	80000e8c	01f573b3	and	x7,x10,x31	 x10:0x00000000 x31:0x8000a12a  x7=0x00000000
        6115000	       610	80000e90	01b19cb3	sll	x25,x3,x27	  x3:0xf934d227 x27:0x00000000 x25=0xf934d227
        6125000	       611	80000e94	74caf813	andi	x16,x21,1868	 x21:0x00000001 x16=0x00000000
        6135000	       612	80000e98	0174acb3	slt	x25,x9,x23	  x9:0x00000000 x23:0x00000000 x25=0x00000000
        6145000	       613	80000e9c	03cbe863	bltu	x23,x28,80000ecc	 x23:0x00000000 x28:0x0ff00000
        6155000	       614	00000000	00000013	addi	x0,x0,0	  x0:0x00000000
        6165000	       615	80000ec8	00000013	addi	x0,x0,0	  x0:0x00000000
        6175000	       616	80000ecc	44108893	addi	x17,x1,1089	  x1:0xfffffe5d x17=0x0000029e
        6185000	       617	80000ed0	41b1d013	srai	x0,x3,0x1b	  x3:0xf934d227
        6195000	       618	80000ed4	00e25693	srli	x13,x4,0xe	  x4:0x00000000 x13=0x00000000
        6205000	       619	80000ed8	7f64fc13	andi	x24,x9,2038	  x9:0x00000000 x24=0x00000000
        6215000	       620	80000edc	013a1293	slli	x5,x20,0x13	 x20:0x00000001  x5=0x00080000
        6225000	       621	80000ee0	04775663	bge	x14,x7,80000f2c	 x14:0x00000001  x7:0x00000000
        6235000	       622	00000000	00000013	addi	x0,x0,0	  x0:0x00000000
        6245000	       623	80000f28	00000013	addi	x0,x0,0	  x0:0x00000000
        6255000	       624	80000f2c	00000013	addi	x0,x0,0	  x0:0x00000000
        6265000	       625	80000f30	4041d833	sra	x16,x3,x4	  x3:0xf934d227  x4:0x00000000 x16=0xf934d227
        6275000	       626	80000f34	00d35663	bge	x6,x13,80000f40	  x6:0x80009cf1 x13:0x00000000
        6285000	       627	80000f38	01520eb3	add	x29,x4,x21	  x4:0x00000000 x21:0x00000001 x29=0x00000001
        6295000	       628	80000f3c	3ca2ee13	ori	x28,x5,970	  x5:0x00080000 x28=0x000803ca
        6305000	       629	80000f40	00000013	addi	x0,x0,0	  x0:0x00000000
        6315000	       630	80000f44	0127f3b3	and	x7,x15,x18	 x15:0x00000001 x18:0x6afe4d34  x7=0x00000000
        6325000	       631	80000f48	00bc6663	bltu	x24,x11,80000f54	 x24:0x00000000 x11:0x00000000
        6335000	       632	80000f4c	88246293	ori	x5,x8,-1918	  x8:0x00000000  x5=0xfffff882
        6345000	       633	80000f50	aab00093	addi	x1,x0,-1365	  x0:0x00000000  x1=0xfffffaab
        6355000	       634	80000f54	0357de63	bge	x15,x21,80000f90	 x15:0x00000001 x21:0x00000001
        6365000	       635	00000000	00000013	addi	x0,x0,0	  x0:0x00000000
        6375000	       636	80000f8c	00000013	addi	x0,x0,0	  x0:0x00000000
        6385000	       637	80000f90	0a1b6813	ori	x16,x22,161	 x22:0x00000002 x16=0x000000a3
        6395000	       638	80000f94	4e61c0b7	lui	x1,0x4e61c	  x1=0x4e61c000
        6405000	       639	80000f98	00829813	slli	x16,x5,0x8	  x5:0xfffff882 x16=0xfff88200
        6415000	       640	80000f9c	00000013	addi	x0,x0,0	  x0:0x00000000
        6425000	       641	80000fa0	40838bb3	sub	x23,x7,x8	  x7:0x00000000  x8:0x00000000 x23=0x00000000
        6435000	       642	80000fa4	1436a193	slti	x3,x13,323	 x13:0x00000000  x3=0x00000001
        6445000	       643	80000fa8	00000013	addi	x0,x0,0	  x0:0x00000000
        6455000	       644	80000fac	99ae8b13	addi	x22,x29,-1638	 x29:0x00000001 x22=0xfffff99b
        6465000	       645	80000fb0	41025693	srai	x13,x4,0x10	  x4:0x00000000 x13=0x00000000
        6475000	       646	80000fb4	b774b113	sltiu	x2,x9,-1161	  x9:0x00000000  x2=0x00000001
        6485000	       647	80000fb8	01eadc33	srl	x24,x21,x30	 x21:0x00000001 x30:0x00000000 x24=0x00000001
        6495000	       648	80000fbc	00ba6c63	bltu	x20,x11,80000fd4	 x20:0x00000001 x11:0x00000000
        6505000	       649	80000fc0	00000013	addi	x0,x0,0	  x0:0x00000000
        6515000	       650	80000fc4	01a31213	slli	x4,x6,0x1a	  x6:0x80009cf1  x4=0xc4000000
        6525000	       651	80000fc8	003bacb3	slt	x25,x23,x3	 x23:0x00000000  x3:0x00000001 x25=0x00000001
        6535000	       652	80000fcc	91eea713	slti	x14,x29,-1762	 x29:0x00000001 x14=0x00000000
        6545000	       653	80000fd0	77d3b393	sltiu	x7,x7,1917	  x7:0x00000000  x7=0x00000001
        6555000	       654	80000fd4	0b46b497	auipc	x9,0xb46b	  x9=0x8b46bfd0
        6565000	       655	80000fd8	00000d17	auipc	x26,0x0	 x26=0x80000fd4
        6575000	       656	80000fdc	00cd0d13	addi	x26,x26,12	 x26:0x80000fd4 x26=0x80000fe0
        6585000	       657	80000fe0	000d0067	jalr	x0,x26,0	 x26:0x80000fe0
        6595000	       658	00000000	00000013	addi	x0,x0,0	  x0:0x00000000
        6605000	       659	80000fe0	00000013	addi	x0,x0,0	  x0:0x00000000
        6615000	       660	80000fe4	00100193	addi	x3,x0,1	  x0:0x00000000  x3=0x00000001
        6625000	       661	80000fe8	00000073	ecall	
        6635000	       662	80000fec	00bc4463	blt	x24,x11,80000ff4	 x24:0x00000001 x11:0x00000000
