		Time			Cycle	PC		Insn	Decoded instruction	Register and memory contents
          65000	         5	80000004	00000293	addi	x5,x0,0	  x0:0x00000000  x5=0x00000000
          75000	         6	80000008	00000313	addi	x6,x0,0	  x0:0x00000000  x6=0x00000000
          85000	         7	8000000c	00628263	beq	x5,x6,80000010	  x5:0x00000000  x6:0x00000000
          95000	         8	00000000	00000013	addi	x0,x0,0	  x0:0x00000000
         105000	         9	8000000c	00000013	addi	x0,x0,0	  x0:0x00000000
         115000	        10	80000010	00000a17	auipc	x20,0x0	 x20=0x8000000c
         125000	        11	80000014	00ca0a13	addi	x20,x20,12	 x20:0x8000000c x20=0x80000018
         135000	        12	80000018	000a0067	jalr	x0,x20,0	 x20:0x80000018
         145000	        13	00000000	00000013	addi	x0,x0,0	  x0:0x00000000
         155000	        14	80000018	00000013	addi	x0,x0,0	  x0:0x00000000
         165000	        15	8000001c	40000fb7	lui	x31,0x40000	 x31=0x40000000
         175000	        16	80000020	100f8f93	addi	x31,x31,256	 x31:0x40000000 x31=0x40000100
         185000	        17	80000024	00000013	addi	x0,x0,0	  x0:0x00000000
         195000	        18	80000028	0000a897	auipc	x17,0xa	 x17=0x8000a024
         205000	        19	8000002c	fa088893	addi	x17,x17,-96	 x17:0x8000a024 x17=0x80009fc4
         215000	        20	80000030	00007f97	auipc	x31,0x7	 x31=0x8000702c
         225000	        21	80000034	c7cf8f93	addi	x31,x31,-900	 x31:0x8000702c x31=0x80006ca8
         235000	        22	80000038	000fef93	ori	x31,x31,0	 x31:0x80006ca8 x31=0x80006ca8
         245000	        23	8000003c	00000013	addi	x0,x0,0	  x0:0x00000000
         255000	        24	80000040	00000f97	auipc	x31,0x0	 x31=0x8000003c
         265000	        25	80000044	020f8f93	addi	x31,x31,32	 x31:0x8000003c x31=0x8000005c
         275000	        26	80000048	00000013	addi	x0,x0,0	  x0:0x00000000
         285000	        27	8000004c	00000013	addi	x0,x0,0	  x0:0x00000000
         295000	        28	80000050	00002fb7	lui	x31,0x2	 x31=0x00002000
         305000	        29	80000054	800f8f93	addi	x31,x31,-2048	 x31:0x00002000 x31=0x00001800
         315000	        30	80000058	00000013	addi	x0,x0,0	  x0:0x00000000
         325000	        31	8000005c	00000013	addi	x0,x0,0	  x0:0x00000000
         335000	        32	80000060	00100013	addi	x0,x0,1	  x0:0x00000000
         345000	        33	80000064	00c00093	addi	x1,x0,12	  x0:0x00000000  x1=0x0000000c
         355000	        34	80000068	80000137	lui	x2,0x80000	  x2=0x80000000
         365000	        35	8000006c	800001b7	lui	x3,0x80000	  x3=0x80000000
         375000	        36	80000070	00000213	addi	x4,x0,0	  x0:0x00000000  x4=0x00000000
         385000	        37	80000074	b13912b7	lui	x5,0xb1391	  x5=0xb1391000
         395000	        38	80000078	d2928293	addi	x5,x5,-727	  x5:0xb1391000  x5=0xb1390d29
         405000	        39	8000007c	946b5337	lui	x6,0x946b5	  x6=0x946b5000
         415000	        40	80000080	20430313	addi	x6,x6,516	  x6:0x946b5000  x6=0x946b5204
         425000	        41	80000084	00300393	addi	x7,x0,3	  x0:0x00000000  x7=0x00000003
         435000	        42	80000088	00000413	addi	x8,x0,0	  x0:0x00000000  x8=0x00000000
         445000	        43	8000008c	800004b7	lui	x9,0x80000	  x9=0x80000000
         455000	        44	80000090	7922d537	lui	x10,0x7922d	 x10=0x7922d000
         465000	        45	80000094	9ee50513	addi	x10,x10,-1554	 x10:0x7922d000 x10=0x7922c9ee
         475000	        46	80000098	f89865b7	lui	x11,0xf8986	 x11=0xf8986000
         485000	        47	8000009c	8fb58593	addi	x11,x11,-1797	 x11:0xf8986000 x11=0xf89858fb
         495000	        48	800000a0	00000613	addi	x12,x0,0	  x0:0x00000000 x12=0x00000000
         505000	        49	800000a4	ef6886b7	lui	x13,0xef688	 x13=0xef688000
         515000	        50	800000a8	c8168693	addi	x13,x13,-895	 x13:0xef688000 x13=0xef687c81
         525000	        51	800000ac	00300713	addi	x14,x0,3	  x0:0x00000000 x14=0x00000003
         535000	        52	800000b0	00e00793	addi	x15,x0,14	  x0:0x00000000 x15=0x0000000e
         545000	        53	800000b4	80000837	lui	x16,0x80000	 x16=0x80000000
         555000	        54	800000b8	800009b7	lui	x19,0x80000	 x19=0x80000000
         565000	        55	800000bc	00000a13	addi	x20,x0,0	  x0:0x00000000 x20=0x00000000
         575000	        56	800000c0	00400a93	addi	x21,x0,4	  x0:0x00000000 x21=0x00000004
         585000	        57	800000c4	00b00b13	addi	x22,x0,11	  x0:0x00000000 x22=0x0000000b
         595000	        58	800000c8	80000bb7	lui	x23,0x80000	 x23=0x80000000
         605000	        59	800000cc	f25bec37	lui	x24,0xf25be	 x24=0xf25be000
         615000	        60	800000d0	2a5c0c13	addi	x24,x24,677	 x24:0xf25be000 x24=0xf25be2a5
         625000	        61	800000d4	00b00c93	addi	x25,x0,11	  x0:0x00000000 x25=0x0000000b
         635000	        62	800000d8	00100d13	addi	x26,x0,1	  x0:0x00000000 x26=0x00000001
         645000	        63	800000dc	00600d93	addi	x27,x0,6	  x0:0x00000000 x27=0x00000006
         655000	        64	800000e0	0e8d0e37	lui	x28,0xe8d0	 x28=0x0e8d0000
         665000	        65	800000e4	173e0e13	addi	x28,x28,371	 x28:0x0e8d0000 x28=0x0e8d0173
         675000	        66	800000e8	80000eb7	lui	x29,0x80000	 x29=0x80000000
         685000	        67	800000ec	00900f13	addi	x30,x0,9	  x0:0x00000000 x30=0x00000009
         695000	        68	800000f0	80000fb7	lui	x31,0x80000	 x31=0x80000000
         705000	        69	800000f4	0000a917	auipc	x18,0xa	 x18=0x8000a0f0
         715000	        70	800000f8	e9490913	addi	x18,x18,-364	 x18:0x8000a0f0 x18=0x80009f84
         725000	        71	800000fc	05a66c37	lui	x24,0x5a66	 x24=0x05a66000
         735000	        72	80000100	00004f97	auipc	x31,0x4	 x31=0x800040fc
         745000	        73	80000104	b1cf8f93	addi	x31,x31,-1252	 x31:0x800040fc x31=0x80003c18
         755000	        74	80000108	f80f8f93	addi	x31,x31,-128	 x31:0x80003c18 x31=0x80003b98
         765000	        75	8000010c	00621413	slli	x8,x4,0x6	  x4:0x00000000  x8=0x00000000
         775000	        76	80000110	008fb133	sltu	x2,x31,x8	 x31:0x80003b98  x8:0x00000000  x2=0x00000000
         785000	        77	80000114	0cedf493	andi	x9,x27,206	 x27:0x00000006  x9=0x00000006
         795000	        78	80000118	016de463	bltu	x27,x22,80000120	 x27:0x00000006 x22:0x0000000b
         805000	        79	00000000	00000013	addi	x0,x0,0	  x0:0x00000000
         815000	        80	8000011c	00000013	addi	x0,x0,0	  x0:0x00000000
         825000	        81	80000120	081f8267	jalr	x4,x31,129	 x31:0x80003b98  x4=0x80000120
         835000	        82	00000000	00000013	addi	x0,x0,0	  x0:0x00000000
         845000	        83	80003c18	00000013	addi	x0,x0,0	  x0:0x00000000
         855000	        84	80003c1c	03fd7b13	andi	x22,x26,63	 x26:0x00000001 x22=0x00000001
         865000	        85	80003c20	41968833	sub	x16,x13,x25	 x13:0xef687c81 x25:0x0000000b x16=0xef687c76
         875000	        86	80003c24	03a48993	addi	x19,x9,58	  x9:0x00000006 x19=0x00000040
         885000	        87	80003c28	00d2e263	bltu	x5,x13,80003c2c	  x5:0xb1390d29 x13:0xef687c81
         895000	        88	00000000	00000013	addi	x0,x0,0	  x0:0x00000000
         905000	        89	80003c28	00000013	addi	x0,x0,0	  x0:0x00000000
         915000	        90	80003c2c	ff090913	addi	x18,x18,-16	 x18:0x80009f84 x18=0x80009f74
         925000	        91	80003c30	01197b33	and	x22,x18,x17	 x18:0x80009f74 x17:0x80009fc4 x22=0x80009f44
         935000	        92	80003c34	00492223	sw	x4,4(x18)	 x18:0x80009f74  x4:0x80000120 PA:0x80009f78
         945000	        93	80003c38	0020f633	and	x12,x1,x2	  x1:0x0000000c  x2:0x00000000 x12=0x00000000
         955000	        94	80003c3c	00005c97	auipc	x25,0x5	 x25=0x80008c38
         965000	        95	80003c40	b39c8c93	addi	x25,x25,-1223	 x25:0x80008c38 x25=0x80008771
         975000	        96	80003c44	01025713	srli	x14,x4,0x10	  x4:0x80000120 x14=0x00008000
         985000	        97	80003c48	d48c8a23	sb	x8,-684(x25)	 x25:0x80008771  x8:0x00000000 PA:0x800084c5
         995000	        98	80003c4c	41525d13	srai	x26,x4,0x15	  x4:0x80000120 x26=0xfffffc00
        1005000	        99	80003c50	e1aefc37	lui	x24,0xe1aef	 x24=0xe1aef000
        1015000	       100	80003c54	b7dcc683	lbu	x13,-1155(x25)	 x25:0x80008771 x13=0x00000000 PA:0x800082ee
        1025000	       101	80003c58	d32c8b03	lb	x22,-718(x25)	 x25:0x80008771 x22=0x00000000 PA:0x800084a3
        1035000	       102	80003c5c	011bef33	or	x30,x23,x17	 x23:0x80000000 x17:0x80009fc4 x30=0x80009fc4
        1045000	       103	80003c60	ad42f493	andi	x9,x5,-1324	  x5:0xb1390d29  x9=0xb1390800
        1055000	       104	80003c64	00225493	srli	x9,x4,0x2	  x4:0x80000120  x9=0x20000048
        1065000	       105	80003c68	016defb3	or	x31,x27,x22	 x27:0x00000006 x22:0x00000000 x31=0x00000006
        1075000	       106	80003c6c	addc8023	sb	x29,-1344(x25)	 x25:0x80008771 x29:0x80000000 PA:0x80008231
        1085000	       107	80003c70	914c8423	sb	x20,-1784(x25)	 x25:0x80008771 x20:0x00000000 PA:0x80008079
        1095000	       108	80003c74	40b58d33	sub	x26,x11,x11	 x11:0xf89858fb x11:0xf89858fb x26=0x00000000
        1105000	       109	80003c78	798c0a93	addi	x21,x24,1944	 x24:0xe1aef000 x21=0xe1aef798
        1115000	       110	80003c7c	b7ccc783	lbu	x15,-1156(x25)	 x25:0x80008771 x15=0x00000000 PA:0x800082ed
        1125000	       111	80003c80	419f8533	sub	x10,x31,x25	 x31:0x00000006 x25:0x80008771 x10=0x7fff7895
        1135000	       112	80003c84	983cc503	lbu	x10,-1661(x25)	 x25:0x80008771 x10=0x00000000 PA:0x800080f4
        1145000	       113	80003c88	01c3b633	sltu	x12,x7,x28	  x7:0x00000003 x28:0x0e8d0173 x12=0x00000001
        1155000	       114	80003c8c	c43ca3a3	sw	x3,-953(x25)	 x25:0x80008771  x3:0x80000000 PA:0x800083b8
        1165000	       115	80003c90	419752b3	sra	x5,x14,x25	 x14:0x00008000 x25:0x80008771  x5=0x00000000
        1175000	       116	80003c94	a4d6ce93	xori	x29,x13,-1459	 x13:0x00000000 x29=0xfffffa4d
        1185000	       117	80003c98	d8fa2193	slti	x3,x20,-625	 x20:0x00000000  x3=0x00000000
        1195000	       118	80003c9c	01422e33	slt	x28,x4,x20	  x4:0x80000120 x20:0x00000000 x28=0x00000001
        1205000	       119	80003ca0	a12ccb83	lbu	x23,-1518(x25)	 x25:0x80008771 x23=0x00000000 PA:0x80008183
        1215000	       120	00000000	00000013	addi	x0,x0,0	  x0:0x00000000
        1225000	       121	80003ca4	f1773b93	sltiu	x23,x14,-233	 x14:0x00008000 x23=0x00000001
        1235000	       122	80003ca8	baf8a713	slti	x14,x17,-1105	 x17:0x80009fc4 x14=0x00000001
        1245000	       123	80003cac	3a834f13	xori	x30,x6,936	  x6:0x946b5204 x30=0x946b51ac
        1255000	       124	80003cb0	01ed47b3	xor	x15,x26,x30	 x26:0x00000000 x30:0x946b51ac x15=0x946b51ac
        1265000	       125	80003cb4	01b1c733	xor	x14,x3,x27	  x3:0x00000000 x27:0x00000006 x14=0x00000006
        1275000	       126	80003cb8	01a95d33	srl	x26,x18,x26	 x18:0x80009f74 x26:0x00000000 x26=0x80009f74
        1285000	       127	80003cbc	60af3813	sltiu	x16,x30,1546	 x30:0x946b51ac x16=0x00000000
        1295000	       128	80003cc0	ceb9be93	sltiu	x29,x19,-789	 x19:0x00000040 x29=0x00000001
        1305000	       129	80003cc4	01675f13	srli	x30,x14,0x16	 x14:0x00000006 x30=0x00000000
        1315000	       130	80003cc8	fd9c9783	lh	x15,-39(x25)	 x25:0x80008771 x15=0x00000000 PA:0x8000874a
        1325000	       131	80003ccc	00004117	auipc	x2,0x4	  x2=0x80007cc8
        1335000	       132	80003cd0	3e210113	addi	x2,x2,994	  x2:0x80007cc8  x2=0x800080aa
        1345000	       133	80003cd4	29310203	lb	x4,659(x2)	  x2:0x800080aa  x4=0x00000000 PA:0x8000833d
        1355000	       134	80003cd8	dcf2bf13	sltiu	x30,x5,-561	  x5:0x00000000 x30=0x00000001
        1365000	       135	80003cdc	0014a5b3	slt	x11,x9,x1	  x9:0x20000048  x1:0x0000000c x11=0x00000000
        1375000	       136	80003ce0	415f5ab3	sra	x21,x30,x21	 x30:0x00000001 x21:0xe1aef798 x21=0x00000000
        1385000	       137	80003ce4	a53bed13	ori	x26,x23,-1453	 x23:0x00000001 x26=0xfffffa53
        1395000	       138	80003ce8	29814803	lbu	x16,664(x2)	  x2:0x800080aa x16=0x00000000 PA:0x80008342
        1405000	       139	80003cec	8c54c537	lui	x10,0x8c54c	 x10=0x8c54c000
        1415000	       140	80003cf0	14d10803	lb	x16,333(x2)	  x2:0x800080aa x16=0x00000000 PA:0x800081f7
        1425000	       141	80003cf4	76610603	lb	x12,1894(x2)	  x2:0x800080aa x12=0x00000000 PA:0x80008810
        1435000	       142	80003cf8	6ab2d9b7	lui	x19,0x6ab2d	 x19=0x6ab2d000
        1445000	       143	80003cfc	2ed14f83	lbu	x31,749(x2)	  x2:0x800080aa x31=0x00000000 PA:0x80008397
        1455000	       144	80003d00	1c714283	lbu	x5,455(x2)	  x2:0x800080aa  x5=0x00000000 PA:0x80008271
        1465000	       145	80003d04	5ce14203	lbu	x4,1486(x2)	  x2:0x800080aa  x4=0x00000000 PA:0x80008678
        1475000	       146	80003d08	0e011823	sh	x0,240(x2)	  x2:0x800080aa  x0:0x00000000 PA:0x8000819a
        1485000	       147	80003d0c	33615e03	lhu	x28,822(x2)	  x2:0x800080aa x28=0x00000000 PA:0x800083e0
        1495000	       148	80003d10	e84fdb37	lui	x22,0xe84fd	 x22=0xe84fd000
        1505000	       149	80003d14	1b015c03	lhu	x24,432(x2)	  x2:0x800080aa x24=0x00000000 PA:0x8000825a
        1515000	       150	80003d18	55211183	lh	x3,1362(x2)	  x2:0x800080aa  x3=0x00000000 PA:0x800085fc
        1525000	       151	80003d1c	0a710603	lb	x12,167(x2)	  x2:0x800080aa x12=0x00000000 PA:0x80008151
        1535000	       152	80003d20	18814e03	lbu	x28,392(x2)	  x2:0x800080aa x28=0x00000000 PA:0x80008232
        1545000	       153	80003d24	50310c03	lb	x24,1283(x2)	  x2:0x800080aa x24=0x00000000 PA:0x800085ad
        1555000	       154	80003d28	0172e1b3	or	x3,x5,x23	  x5:0x00000000 x23:0x00000001  x3=0x00000001
        1565000	       155	80003d2c	42e14d03	lbu	x26,1070(x2)	  x2:0x800080aa x26=0x00000000 PA:0x800084d8
        1575000	       156	80003d30	05612723	sw	x22,78(x2)	  x2:0x800080aa x22:0xe84fd000 PA:0x800080f8
        1585000	       157	80003d34	29b11123	sh	x27,642(x2)	  x2:0x800080aa x27:0x00000006 PA:0x8000832c
        1595000	       158	80003d38	8409c437	lui	x8,0x8409c	  x8=0x8409c000
        1605000	       159	80003d3c	75015003	lhu	x0,1872(x2)	  x2:0x800080aa PA:0x800087fa
        1615000	       160	80003d40	01a7d7b3	srl	x15,x15,x26	 x15:0x00000000 x26:0x00000000 x15=0x00000000
        1625000	       161	80003d44	65e10223	sb	x30,1604(x2)	  x2:0x800080aa x30:0x00000001 PA:0x800086ee
        1635000	       162	80003d48	25611983	lh	x19,598(x2)	  x2:0x800080aa x19=0x00000000 PA:0x80008300
        1645000	       163	80003d4c	75810f03	lb	x30,1880(x2)	  x2:0x800080aa x30=0x00000000 PA:0x80008802
        1655000	       164	80003d50	01b33fb3	sltu	x31,x6,x27	  x6:0x946b5204 x27:0x00000006 x31=0x00000000
        1665000	       165	80003d54	6e414483	lbu	x9,1764(x2)	  x2:0x800080aa  x9=0x00000000 PA:0x8000878e
        1675000	       166	80003d58	45815c83	lhu	x25,1112(x2)	  x2:0x800080aa x25=0x00000000 PA:0x80008502
        1685000	       167	80003d5c	46a11623	sh	x10,1132(x2)	  x2:0x800080aa x10:0x8c54c000 PA:0x80008516
        1695000	       168	80003d60	07914803	lbu	x16,121(x2)	  x2:0x800080aa x16=0x00000000 PA:0x80008123
        1705000	       169	80003d64	01c7c533	xor	x10,x15,x28	 x15:0x00000000 x28:0x00000000 x10=0x00000000
        1715000	       170	80003d68	5fc10c23	sb	x28,1528(x2)	  x2:0x800080aa x28:0x00000000 PA:0x800086a2
        1725000	       171	80003d6c	00004117	auipc	x2,0x4	  x2=0x80007d68
        1735000	       172	80003d70	77710113	addi	x2,x2,1911	  x2:0x80007d68  x2=0x800084df
        1745000	       173	80003d74	fe311fa3	sh	x3,-1(x2)	  x2:0x800084df  x3:0x00000001 PA:0x800084de
        1755000	       174	80003d78	87b53093	sltiu	x1,x10,-1925	 x10:0x00000000  x1=0x00000001
        1765000	       175	80003d7c	ffd10823	sb	x29,-16(x2)	  x2:0x800084df x29:0x00000001 PA:0x800084cf
        1775000	       176	80003d80	fe710b83	lb	x23,-25(x2)	  x2:0x800084df x23=0x00000000 PA:0x800084c6
        1785000	       177	80003d84	01e10a83	lb	x21,30(x2)	  x2:0x800084df x21=0x00000000 PA:0x800084fd
        1795000	       178	80003d88	01e10f83	lb	x31,30(x2)	  x2:0x800084df x31=0x00000000 PA:0x800084fd
        1805000	       179	80003d8c	fe010423	sb	x0,-24(x2)	  x2:0x800084df  x0:0x00000000 PA:0x800084c7
        1815000	       180	80003d90	00000013	addi	x0,x0,0	  x0:0x00000000
        1825000	       181	80003d94	40785093	srai	x1,x16,0x7	 x16:0x00000000  x1=0x00000000
        1835000	       182	80003d98	00000013	addi	x0,x0,0	  x0:0x00000000
        1845000	       183	80003d9c	bd8e2037	lui	x0,0xbd8e2	
        1855000	       184	80003da0	fc014403	lbu	x8,-64(x2)	  x2:0x800084df  x8=0x00000000 PA:0x8000849f
        1865000	       185	80003da4	fc7107a3	sb	x7,-49(x2)	  x2:0x800084df  x7:0x00000003 PA:0x800084ae
        1875000	       186	80003da8	0cdcc093	xori	x1,x25,205	 x25:0x00000000  x1=0x000000cd
        1885000	       187	80003dac	0061fe33	and	x28,x3,x6	  x3:0x00000001  x6:0x946b5204 x28=0x00000000
        1895000	       188	80003db0	015c9eb3	sll	x29,x25,x21	 x25:0x00000000 x21:0x00000000 x29=0x00000000
        1905000	       189	80003db4	c2cf6313	ori	x6,x30,-980	 x30:0x00000000  x6=0xfffffc2c
        1915000	       190	80003db8	01b026b3	slt	x13,x0,x27	  x0:0x00000000 x27:0x00000006 x13=0x00000001
        1925000	       191	80003dbc	005fcf33	xor	x30,x31,x5	 x31:0x00000000  x5:0x00000000 x30=0x00000000
        1935000	       192	80003dc0	00eaf233	and	x4,x21,x14	 x21:0x00000000 x14:0x00000006  x4=0x00000000
        1945000	       193	80003dc4	019850b3	srl	x1,x16,x25	 x16:0x00000000 x25:0x00000000  x1=0x00000000
        1955000	       194	80003dc8	02514e83	lbu	x29,37(x2)	  x2:0x800084df x29=0x00000000 PA:0x80008504
        1965000	       195	80003dcc	02810c23	sb	x8,56(x2)	  x2:0x800084df  x8:0x00000000 PA:0x80008517
        1975000	       196	80003dd0	01814083	lbu	x1,24(x2)	  x2:0x800084df  x1=0x00000000 PA:0x800084f7
        1985000	       197	80003dd4	fca10d03	lb	x26,-54(x2)	  x2:0x800084df x26=0x00000000 PA:0x800084a9
        1995000	       198	80003dd8	00189f93	slli	x31,x17,0x1	 x17:0x80009fc4 x31=0x00013f88
        2005000	       199	80003ddc	fda14403	lbu	x8,-38(x2)	  x2:0x800084df  x8=0x00000000 PA:0x800084b9
        2015000	       200	80003de0	4184d233	sra	x4,x9,x24	  x9:0x00000000 x24:0x00000000  x4=0x00000000
        2025000	       201	80003de4	4193d213	srai	x4,x7,0x19	  x7:0x00000003  x4=0x00000000
        2035000	       202	80003de8	00cd8033	add	x0,x27,x12	 x27:0x00000006 x12:0x00000000
        2045000	       203	80003dec	01c10703	lb	x14,28(x2)	  x2:0x800084df x14=0x00000000 PA:0x800084fb
        2055000	       204	80003df0	01010523	sb	x16,10(x2)	  x2:0x800084df x16:0x00000000 PA:0x800084e9
        2065000	       205	80003df4	01faa1b3	slt	x3,x21,x31	 x21:0x00000000 x31:0x00013f88  x3=0x00000001
        2075000	       206	80003df8	fdd10423	sb	x29,-56(x2)	  x2:0x800084df x29:0x00000000 PA:0x800084a7
        2085000	       207	80003dfc	9fa7ed97	auipc	x27,0x9fa7e	 x27=0x1fa81df8
        2095000	       208	80003e00	94716313	ori	x6,x2,-1721	  x2:0x800084df  x6=0xfffffddf
        2105000	       209	80003e04	54e26a93	ori	x21,x4,1358	  x4:0x00000000 x21=0x0000054e
        2115000	       210	80003e08	004a0f33	add	x30,x20,x4	 x20:0x00000000  x4:0x00000000 x30=0x00000000
        2125000	       211	80003e0c	00ff8ab3	add	x21,x31,x15	 x31:0x00013f88 x15:0x00000000 x21=0x00013f88
        2135000	       212	80003e10	fcb14003	lbu	x0,-53(x2)	  x2:0x800084df PA:0x800084aa
        2145000	       213	80003e14	ff010d83	lb	x27,-16(x2)	  x2:0x800084df x27=0x00000001 PA:0x800084cf
        2155000	       214	80003e18	03d11703	lh	x14,61(x2)	  x2:0x800084df x14=0x00000000 PA:0x8000851c
        2165000	       215	00000000	00000013	addi	x0,x0,0	  x0:0x00000000
        2175000	       216	80003e1c	97070813	addi	x16,x14,-1680	 x14:0x00000000 x16=0xfffff970
        2185000	       217	80003e20	01f14783	lbu	x15,31(x2)	  x2:0x800084df x15=0x00000000 PA:0x800084fe
        2195000	       218	80003e24	0055eab3	or	x21,x11,x5	 x11:0x00000000  x5:0x00000000 x21=0x00000000
        2205000	       219	80003e28	018ad693	srli	x13,x21,0x18	 x21:0x00000000 x13=0x00000000
        2215000	       220	80003e2c	fe810d23	sb	x8,-6(x2)	  x2:0x800084df  x8:0x00000000 PA:0x800084d9
        2225000	       221	80003e30	00004f97	auipc	x31,0x4	 x31=0x80007e2c
        2235000	       222	80003e34	3b7f8f93	addi	x31,x31,951	 x31:0x80007e2c x31=0x800081e3
        2245000	       223	80003e38	00afca83	lbu	x21,10(x31)	 x31:0x800081e3 x21=0x00000000 PA:0x800081ed
        2255000	       224	80003e3c	005d9013	slli	x0,x27,0x5	 x27:0x00000001
        2265000	       225	80003e40	00360233	add	x4,x12,x3	 x12:0x00000000  x3:0x00000001  x4=0x00000001
        2275000	       226	80003e44	012e3033	sltu	x0,x28,x18	 x28:0x00000000 x18:0x80009f74
        2285000	       227	80003e48	000c3eb3	sltu	x29,x24,x0	 x24:0x00000000  x0:0x00000000 x29=0x00000000
        2295000	       228	80003e4c	406e51b3	sra	x3,x28,x6	 x28:0x00000000  x6:0xfffffddf  x3=0x00000000
        2305000	       229	80003e50	005d4bb3	xor	x23,x26,x5	 x26:0x00000000  x5:0x00000000 x23=0x00000000
        2315000	       230	80003e54	01af80a3	sb	x26,1(x31)	 x31:0x800081e3 x26:0x00000000 PA:0x800081e4
        2325000	       231	80003e58	00ef8383	lb	x7,14(x31)	 x31:0x800081e3  x7=0x00000000 PA:0x800081f1
        2335000	       232	80003e5c	feff8aa3	sb	x15,-11(x31)	 x31:0x800081e3 x15:0x00000000 PA:0x800081d8
        2345000	       233	80003e60	8cd050b7	lui	x1,0x8cd05	  x1=0x8cd05000
        2355000	       234	80003e64	01566533	or	x10,x12,x21	 x12:0x00000000 x21:0x00000000 x10=0x00000000
        2365000	       235	80003e68	c7b6edb7	lui	x27,0xc7b6e	 x27=0xc7b6e000
        2375000	       236	80003e6c	7347fe37	lui	x28,0x7347f	 x28=0x7347f000
        2385000	       237	80003e70	409850b3	sra	x1,x16,x9	 x16:0xfffff970  x9:0x00000000  x1=0xfffff970
        2395000	       238	80003e74	ff0f8c83	lb	x25,-16(x31)	 x31:0x800081e3 x25=0x00000000 PA:0x800081d3
        2405000	       239	80003e78	00c940b3	xor	x1,x18,x12	 x18:0x80009f74 x12:0x00000000  x1=0x80009f74
        2415000	       240	80003e7c	000f8623	sb	x0,12(x31)	 x31:0x800081e3  x0:0x00000000 PA:0x800081ef
        2425000	       241	80003e80	ffdf9fa3	sh	x29,-1(x31)	 x31:0x800081e3 x29:0x00000000 PA:0x800081e2
        2435000	       242	80003e84	00cf82a3	sb	x12,5(x31)	 x31:0x800081e3 x12:0x00000000 PA:0x800081e8
        2445000	       243	80003e88	a6458313	addi	x6,x11,-1436	 x11:0x00000000  x6=0xfffffa64
        2455000	       244	80003e8c	01aa53b3	srl	x7,x20,x26	 x20:0x00000000 x26:0x00000000  x7=0x00000000
        2465000	       245	80003e90	006127b3	slt	x15,x2,x6	  x2:0x800084df  x6:0xfffffa64 x15=0x00000001
        2475000	       246	80003e94	00afc703	lbu	x14,10(x31)	 x31:0x800081e3 x14=0x00000000 PA:0x800081ed
        2485000	       247	80003e98	01d819b3	sll	x19,x16,x29	 x16:0xfffff970 x29:0x00000000 x19=0xfffff970
        2495000	       248	80003e9c	00dfd283	lhu	x5,13(x31)	 x31:0x800081e3  x5=0x00000000 PA:0x800081f0
        2505000	       249	80003ea0	ff9fd603	lhu	x12,-7(x31)	 x31:0x800081e3 x12=0x00000000 PA:0x800081dc
        2515000	       250	80003ea4	40f35093	srai	x1,x6,0xf	  x6:0xfffffa64  x1=0xffffffff
        2525000	       251	80003ea8	007a39b3	sltu	x19,x20,x7	 x20:0x00000000  x7:0x00000000 x19=0x00000000
        2535000	       252	80003eac	ff9fca83	lbu	x21,-7(x31)	 x31:0x800081e3 x21=0x00000000 PA:0x800081dc
        2545000	       253	80003eb0	00efc503	lbu	x10,14(x31)	 x31:0x800081e3 x10=0x00000000 PA:0x800081f1
        2555000	       254	80003eb4	edcf4d93	xori	x27,x30,-292	 x30:0x00000000 x27=0xfffffedc
        2565000	       255	80003eb8	0158acb3	slt	x25,x17,x21	 x17:0x80009fc4 x21:0x00000000 x25=0x00000001
        2575000	       256	80003ebc	06994b93	xori	x23,x18,105	 x18:0x80009f74 x23=0x80009f1d
        2585000	       257	80003ec0	ff0f8183	lb	x3,-16(x31)	 x31:0x800081e3  x3=0x00000000 PA:0x800081d3
        2595000	       258	80003ec4	01506e33	or	x28,x0,x21	  x0:0x00000000 x21:0x00000000 x28=0x00000000
        2605000	       259	80003ec8	febf8923	sb	x11,-14(x31)	 x31:0x800081e3 x11:0x00000000 PA:0x800081d5
        2615000	       260	80003ecc	008f8c83	lb	x25,8(x31)	 x31:0x800081e3 x25=0x00000000 PA:0x800081eb
        2625000	       261	80003ed0	01fb4733	xor	x14,x22,x31	 x22:0xe84fd000 x31:0x800081e3 x14=0x684f51e3
        2635000	       262	80003ed4	000fc603	lbu	x12,0(x31)	 x31:0x800081e3 x12=0x00000000 PA:0x800081e3
        2645000	       263	80003ed8	00ef1613	slli	x12,x30,0xe	 x30:0x00000000 x12=0x00000000
        2655000	       264	80003edc	010af433	and	x8,x21,x16	 x21:0x00000000 x16:0xfffff970  x8=0x00000000
        2665000	       265	80003ee0	00580333	add	x6,x16,x5	 x16:0xfffff970  x5:0x00000000  x6=0xfffff970
        2675000	       266	80003ee4	11966f13	ori	x30,x12,281	 x12:0x00000000 x30=0x00000119
        2685000	       267	80003ee8	ff3f9703	lh	x14,-13(x31)	 x31:0x800081e3 x14=0x00000000 PA:0x800081d6
        2695000	       268	80003eec	009f9583	lh	x11,9(x31)	 x31:0x800081e3 x11=0x00000000 PA:0x800081ec
        2705000	       269	00000000	00000013	addi	x0,x0,0	  x0:0x00000000
        2715000	       270	80003ef0	00bfcf03	lbu	x30,11(x31)	 x31:0x800081e3 x30=0x00000000 PA:0x800081ee
        2725000	       271	80003ef4	00005117	auipc	x2,0x5	  x2=0x80008ef0
        2735000	       272	80003ef8	f2410113	addi	x2,x2,-220	  x2:0x80008ef0  x2=0x80008e14
        2745000	       273	80003efc	4103d613	srai	x12,x7,0x10	  x7:0x00000000 x12=0x00000000
        2755000	       274	80003f00	c69fe713	ori	x14,x31,-919	 x31:0x800081e3 x14=0xfffffdeb
        2765000	       275	80003f04	002d9193	slli	x3,x27,0x2	 x27:0xfffffedc  x3=0xfffffb70
        2775000	       276	80003f08	82d80293	addi	x5,x16,-2003	 x16:0xfffff970  x5=0xfffff19d
        2785000	       277	80003f0c	37af9317	auipc	x6,0x37af9	  x6=0xb7afcf08
        2795000	       278	80003f10	f8615c03	lhu	x24,-122(x2)	  x2:0x80008e14 x24=0x00000000 PA:0x80008d9a
        2805000	       279	80003f14	013b30b3	sltu	x1,x22,x19	 x22:0xe84fd000 x19:0x00000000  x1=0x00000000
        2815000	       280	80003f18	fd614203	lbu	x4,-42(x2)	  x2:0x80008e14  x4=0x00000000 PA:0x80008dea
        2825000	       281	80003f1c	0e114f03	lbu	x30,225(x2)	  x2:0x80008e14 x30=0x00000000 PA:0x80008ef5
        2835000	       282	80003f20	f3414483	lbu	x9,-204(x2)	  x2:0x80008e14  x9=0x00000000 PA:0x80008d48
        2845000	       283	80003f24	09c15983	lhu	x19,156(x2)	  x2:0x80008e14 x19=0x00000000 PA:0x80008eb0
        2855000	       284	80003f28	0f710c03	lb	x24,247(x2)	  x2:0x80008e14 x24=0x00000000 PA:0x80008f0b
        2865000	       285	80003f2c	faf10383	lb	x7,-81(x2)	  x2:0x80008e14  x7=0x00000000 PA:0x80008dc3
        2875000	       286	80003f30	40960d33	sub	x26,x12,x9	 x12:0x00000000  x9:0x00000000 x26=0x00000000
        2885000	       287	80003f34	fea15703	lhu	x14,-22(x2)	  x2:0x80008e14 x14=0x00000000 PA:0x80008dfe
        2895000	       288	80003f38	01861b13	slli	x22,x12,0x18	 x12:0x00000000 x22=0x00000000
        2905000	       289	80003f3c	dca3ab17	auipc	x22,0xdca3a	 x22=0x5ca3df38
        2915000	       290	80003f40	401fd5b3	sra	x11,x31,x1	 x31:0x800081e3  x1:0x00000000 x11=0x800081e3
        2925000	       291	80003f44	3ea552b7	lui	x5,0x3ea55	  x5=0x3ea55000
        2935000	       292	80003f48	08e10783	lb	x15,142(x2)	  x2:0x80008e14 x15=0x00000000 PA:0x80008ea2
        2945000	       293	80003f4c	01b14d83	lbu	x27,27(x2)	  x2:0x80008e14 x27=0x00000000 PA:0x80008e2f
        2955000	       294	80003f50	0d211123	sh	x18,194(x2)	  x2:0x80008e14 x18:0x80009f74 PA:0x80008ed6
        2965000	       295	80003f54	006c7cb3	and	x25,x24,x6	 x24:0x00000000  x6:0xb7afcf08 x25=0x00000000
        2975000	       296	80003f58	017104a3	sb	x23,9(x2)	  x2:0x80008e14 x23:0x80009f1d PA:0x80008e1d
        2985000	       297	80003f5c	0b714d83	lbu	x27,183(x2)	  x2:0x80008e14 x27=0x00000000 PA:0x80008ecb
        2995000	       298	80003f60	0141a4b3	slt	x9,x3,x20	  x3:0xfffffb70 x20:0x00000000  x9=0x00000001
        3005000	       299	80003f64	0e414183	lbu	x3,228(x2)	  x2:0x80008e14  x3=0x00000000 PA:0x80008ef8
        3015000	       300	80003f68	00549e13	slli	x28,x9,0x5	  x9:0x00000001 x28=0x00000020
        3025000	       301	80003f6c	fb9da993	slti	x19,x27,-71	 x27:0x00000000 x19=0x00000000
        3035000	       302	80003f70	0042ee33	or	x28,x5,x4	  x5:0x3ea55000  x4:0x00000000 x28=0x3ea55000
        3045000	       303	80003f74	cc6c4d93	xori	x27,x24,-826	 x24:0x00000000 x27=0xfffffcc6
        3055000	       304	80003f78	08d14b83	lbu	x23,141(x2)	  x2:0x80008e14 x23=0x00000000 PA:0x80008ea1
        3065000	       305	80003f7c	40c88633	sub	x12,x17,x12	 x17:0x80009fc4 x12:0x00000000 x12=0x80009fc4
        3075000	       306	80003f80	01b10583	lb	x11,27(x2)	  x2:0x80008e14 x11=0x00000000 PA:0x80008e2f
        3085000	       307	80003f84	02211403	lh	x8,34(x2)	  x2:0x80008e14  x8=0x00000000 PA:0x80008e36
        3095000	       308	80003f88	452eac93	slti	x25,x29,1106	 x29:0x00000000 x25=0x00000001
        3105000	       309	80003f8c	ff710ea3	sb	x23,-3(x2)	  x2:0x80008e14 x23:0x00000000 PA:0x80008e11
        3115000	       310	80003f90	40090f33	sub	x30,x18,x0	 x18:0x80009f74  x0:0x00000000 x30=0x80009f74
        3125000	       311	80003f94	f6d14c83	lbu	x25,-147(x2)	  x2:0x80008e14 x25=0x00000000 PA:0x80008d81
        3135000	       312	80003f98	0eb10983	lb	x19,235(x2)	  x2:0x80008e14 x19=0x00000000 PA:0x80008eff
        3145000	       313	80003f9c	07411b03	lh	x22,116(x2)	  x2:0x80008e14 x22=0x00000000 PA:0x80008e88
        3155000	       314	80003fa0	ff510483	lb	x9,-11(x2)	  x2:0x80008e14  x9=0x00000000 PA:0x80008e09
        3165000	       315	80003fa4	0156a033	slt	x0,x13,x21	 x13:0x00000000 x21:0x00000000
        3175000	       316	80003fa8	001d3c33	sltu	x24,x26,x1	 x26:0x00000000  x1:0x00000000 x24=0x00000000
        3185000	       317	80003fac	01fd9733	sll	x14,x27,x31	 x27:0xfffffcc6 x31:0x800081e3 x14=0xffffe630
        3195000	       318	80003fb0	0e210183	lb	x3,226(x2)	  x2:0x80008e14  x3=0x00000000 PA:0x80008ef6
        3205000	       319	80003fb4	00005617	auipc	x12,0x5	 x12=0x80008fb0
        3215000	       320	80003fb8	b1860613	addi	x12,x12,-1256	 x12:0x80008fb0 x12=0x80008ac8
        3225000	       321	80003fbc	ffd60f23	sb	x29,-2(x12)	 x12:0x80008ac8 x29:0x00000000 PA:0x80008ac6
        3235000	       322	80003fc0	01bc0333	add	x6,x24,x27	 x24:0x00000000 x27:0xfffffcc6  x6=0xfffffcc6
        3245000	       323	80003fc4	ff465f83	lhu	x31,-12(x12)	 x12:0x80008ac8 x31=0x00000000 PA:0x80008abc
        3255000	       324	80003fc8	ffa62c23	sw	x26,-8(x12)	 x12:0x80008ac8 x26:0x00000000 PA:0x80008ac0
        3265000	       325	80003fcc	fec60da3	sb	x12,-5(x12)	 x12:0x80008ac8 x12:0x80008ac8 PA:0x80008ac3
        3275000	       326	80003fd0	00f62623	sw	x15,12(x12)	 x12:0x80008ac8 x15:0x00000000 PA:0x80008ad4
        3285000	       327	80003fd4	01960223	sb	x25,4(x12)	 x12:0x80008ac8 x25:0x00000000 PA:0x80008acc
        3295000	       328	80003fd8	00d60083	lb	x1,13(x12)	 x12:0x80008ac8  x1=0x00000000 PA:0x80008ad5
        3305000	       329	80003fdc	ffc62b83	lw	x23,-4(x12)	 x12:0x80008ac8 x23=0x00000000 PA:0x80008ac4
        3315000	       330	80003fe0	ff461783	lh	x15,-12(x12)	 x12:0x80008ac8 x15=0x00000000 PA:0x80008abc
        3325000	       331	80003fe4	01922333	slt	x6,x4,x25	  x4:0x00000000 x25:0x00000000  x6=0x00000000
        3335000	       332	80003fe8	00e812b3	sll	x5,x16,x14	 x16:0xfffff970 x14:0xffffe630  x5=0xf9700000
        3345000	       333	80003fec	ffd64783	lbu	x15,-3(x12)	 x12:0x80008ac8 x15=0x00000000 PA:0x80008ac5
        3355000	       334	80003ff0	40cfd433	sra	x8,x31,x12	 x31:0x00000000 x12:0x80008ac8  x8=0x00000000
        3365000	       335	80003ff4	01934fb3	xor	x31,x6,x25	  x6:0x00000000 x25:0x00000000 x31=0x00000000
        3375000	       336	80003ff8	014d0ab3	add	x21,x26,x20	 x26:0x00000000 x20:0x00000000 x21=0x00000000
        3385000	       337	80003ffc	ffb60ea3	sb	x27,-3(x12)	 x12:0x80008ac8 x27:0xfffffcc6 PA:0x80008ac5
        3395000	       338	80004000	00d60183	lb	x3,13(x12)	 x12:0x80008ac8  x3=0x00000000 PA:0x80008ad5
        3405000	       339	80004004	cc4365b7	lui	x11,0xcc436	 x11=0xcc436000
        3415000	       340	80004008	ff560003	lb	x0,-11(x12)	 x12:0x80008ac8 PA:0x80008abd
        3425000	       341	8000400c	ffb60483	lb	x9,-5(x12)	 x12:0x80008ac8  x9=0xffffffc8 PA:0x80008ac3
        3435000	       342	80004010	00660a83	lb	x21,6(x12)	 x12:0x80008ac8 x21=0x00000000 PA:0x80008ace
        3445000	       343	80004014	ffb60e83	lb	x29,-5(x12)	 x12:0x80008ac8 x29=0xffffffc8 PA:0x80008ac3
        3455000	       344	80004018	00b60e03	lb	x28,11(x12)	 x12:0x80008ac8 x28=0x00000000 PA:0x80008ad3
        3465000	       345	8000401c	ffe61c83	lh	x25,-2(x12)	 x12:0x80008ac8 x25=0x00000000 PA:0x80008ac6
        3475000	       346	80004020	7f180097	auipc	x1,0x7f180	  x1=0xff18401c
        3485000	       347	80004024	85316413	ori	x8,x2,-1965	  x2:0x80008e14  x8=0xfffffe57
        3495000	       348	80004028	0163dfb3	srl	x31,x7,x22	  x7:0x00000000 x22:0x00000000 x31=0x00000000
        3505000	       349	8000402c	ff560d03	lb	x26,-11(x12)	 x12:0x80008ac8 x26=0x00000000 PA:0x80008abd
        3515000	       350	80004030	ff160f23	sb	x17,-2(x12)	 x12:0x80008ac8 x17:0x80009fc4 PA:0x80008ac6
        3525000	       351	80004034	01860723	sb	x24,14(x12)	 x12:0x80008ac8 x24:0x00000000 PA:0x80008ad6
        3535000	       352	80004038	411786b3	sub	x13,x15,x17	 x15:0x00000000 x17:0x80009fc4 x13=0x7fff603c
        3545000	       353	8000403c	00ebb133	sltu	x2,x23,x14	 x23:0x00000000 x14:0xffffe630  x2=0x00000001
        3555000	       354	80004040	00264d83	lbu	x27,2(x12)	 x12:0x80008ac8 x27=0x00000000 PA:0x80008aca
        3565000	       355	80004044	0052d233	srl	x4,x5,x5	  x5:0xf9700000  x5:0xf9700000  x4=0xf9700000
        3575000	       356	80004048	00d64c83	lbu	x25,13(x12)	 x12:0x80008ac8 x25=0x00000000 PA:0x80008ad5
        3585000	       357	8000404c	fee61b23	sh	x14,-10(x12)	 x12:0x80008ac8 x14:0xffffe630 PA:0x80008abe
        3595000	       358	80004050	40fa5013	srai	x0,x20,0xf	 x20:0x00000000
        3605000	       359	80004054	281ead13	slti	x26,x29,641	 x29:0xffffffc8 x26=0x00000001
        3615000	       360	80004058	4121d713	srai	x14,x3,0x12	  x3:0x00000000 x14=0x00000000
        3625000	       361	8000405c	ffa64f03	lbu	x30,-6(x12)	 x12:0x80008ac8 x30=0x00000000 PA:0x80008ac2
        3635000	       362	80004060	01185533	srl	x10,x16,x17	 x16:0xfffff970 x17:0x80009fc4 x10=0x0fffff97
        3645000	       363	80004064	00064303	lbu	x6,0(x12)	 x12:0x80008ac8  x6=0x00000000 PA:0x80008ac8
        3655000	       364	80004068	00004397	auipc	x7,0x4	  x7=0x80008064
        3665000	       365	8000406c	7ab38393	addi	x7,x7,1963	  x7:0x80008064  x7=0x8000880f
        3675000	       366	80004070	fef39683	lh	x13,-17(x7)	  x7:0x8000880f x13=0x00000000 PA:0x800087fe
        3685000	       367	80004074	0023ce03	lbu	x28,2(x7)	  x7:0x8000880f x28=0x00000000 PA:0x80008811
        3695000	       368	80004078	fc43cf03	lbu	x30,-60(x7)	  x7:0x8000880f x30=0x00000000 PA:0x800087d3
        3705000	       369	8000407c	0073c403	lbu	x8,7(x7)	  x7:0x8000880f  x8=0x00000000 PA:0x80008816
        3715000	       370	00000000	00000013	addi	x0,x0,0	  x0:0x00000000
        3725000	       371	80004080	f7043097	auipc	x1,0xf7043	  x1=0x7704707c
        3735000	       372	80004084	01f38323	sb	x31,6(x7)	  x7:0x8000880f x31:0x00000000 PA:0x80008815
        3745000	       373	80004088	fff38623	sb	x31,-20(x7)	  x7:0x8000880f x31:0x00000000 PA:0x800087fb
        3755000	       374	8000408c	fdd38b23	sb	x29,-42(x7)	  x7:0x8000880f x29:0xffffffc8 PA:0x800087e5
        3765000	       375	80004090	0043c983	lbu	x19,4(x7)	  x7:0x8000880f x19=0x00000000 PA:0x80008813
        3775000	       376	80004094	fd138b23	sb	x17,-42(x7)	  x7:0x8000880f x17:0x80009fc4 PA:0x800087e5
        3785000	       377	80004098	002191b3	sll	x3,x3,x2	  x3:0x00000000  x2:0x00000001  x3=0x00000000
        3795000	       378	8000409c	fed38423	sb	x13,-24(x7)	  x7:0x8000880f x13:0x00000000 PA:0x800087f7
        3805000	       379	800040a0	409c8ab3	sub	x21,x25,x9	 x25:0x00000000  x9:0xffffffc8 x21=0x00000038
        3815000	       380	800040a4	01662ab3	slt	x21,x12,x22	 x12:0x80008ac8 x22:0x00000000 x21=0x00000001
        3825000	       381	800040a8	00a1b7b3	sltu	x15,x3,x10	  x3:0x00000000 x10:0x0fffff97 x15=0x00000001
        3835000	       382	800040ac	fea3a4a3	sw	x10,-23(x7)	  x7:0x8000880f x10:0x0fffff97 PA:0x800087f8
        3845000	       383	800040b0	aea77693	andi	x13,x14,-1302	 x14:0x00000000 x13=0x00000000
        3855000	       384	800040b4	41715e93	srai	x29,x2,0x17	  x2:0x00000001 x29=0x00000000
        3865000	       385	800040b8	952f2b97	auipc	x23,0x952f2	 x23=0x152f60b4
        3875000	       386	800040bc	1b2d6513	ori	x10,x26,434	 x26:0x00000001 x10=0x000001b3
        3885000	       387	800040c0	a8570213	addi	x4,x14,-1403	 x14:0x00000000  x4=0xfffffa85
        3895000	       388	800040c4	00438503	lb	x10,4(x7)	  x7:0x8000880f x10=0x00000000 PA:0x80008813
        3905000	       389	800040c8	fdd3c103	lbu	x2,-35(x7)	  x7:0x8000880f  x2=0x00000000 PA:0x800087ec
        3915000	       390	800040cc	401a5c93	srai	x25,x20,0x1	 x20:0x00000000 x25=0x00000000
        3925000	       391	800040d0	fd8394a3	sh	x24,-55(x7)	  x7:0x8000880f x24:0x00000000 PA:0x800087d8
        3935000	       392	800040d4	ff238203	lb	x4,-14(x7)	  x7:0x8000880f  x4=0x00000000 PA:0x80008801
        3945000	       393	800040d8	00004697	auipc	x13,0x4	 x13=0x800080d4
        3955000	       394	800040dc	fd568693	addi	x13,x13,-43	 x13:0x800080d4 x13=0x800080a9
        3965000	       395	800040e0	ff26c703	lbu	x14,-14(x13)	 x13:0x800080a9 x14=0x00000000 PA:0x8000809b
        3975000	       396	800040e4	00f45013	srli	x0,x8,0xf	  x8:0x00000000
        3985000	       397	800040e8	0069f9b3	and	x19,x19,x6	 x19:0x00000000  x6:0x00000000 x19=0x00000000
        3995000	       398	800040ec	2cab0c13	addi	x24,x22,714	 x22:0x00000000 x24=0x000002ca
        4005000	       399	800040f0	416e52b3	sra	x5,x28,x22	 x28:0x00000000 x22:0x00000000  x5=0x00000000
        4015000	       400	800040f4	00b69003	lh	x0,11(x13)	 x13:0x800080a9 PA:0x800080b4
        4025000	       401	800040f8	41c7d433	sra	x8,x15,x28	 x15:0x00000001 x28:0x00000000  x8=0x00000001
        4035000	       402	800040fc	ff969083	lh	x1,-7(x13)	 x13:0x800080a9  x1=0x00000000 PA:0x800080a2
        4045000	       403	80004100	00668223	sb	x6,4(x13)	 x13:0x800080a9  x6:0x00000000 PA:0x800080ad
        4055000	       404	80004104	0140f1b3	and	x3,x1,x20	  x1:0x00000000 x20:0x00000000  x3=0x00000000
        4065000	       405	80004108	0149c533	xor	x10,x19,x20	 x19:0x00000000 x20:0x00000000 x10=0x00000000
        4075000	       406	8000410c	0056c203	lbu	x4,5(x13)	 x13:0x800080a9  x4=0x00000000 PA:0x800080ae
        4085000	       407	80004110	9751c613	xori	x12,x3,-1675	  x3:0x00000000 x12=0xfffff975
        4095000	       408	80004114	01c68623	sb	x28,12(x13)	 x13:0x800080a9 x28:0x00000000 PA:0x800080b5
        4105000	       409	80004118	40865433	sra	x8,x12,x8	 x12:0xfffff975  x8:0x00000001  x8=0xfffffcba
        4115000	       410	8000411c	0076c703	lbu	x14,7(x13)	 x13:0x800080a9 x14=0x00000000 PA:0x800080b0
        4125000	       411	80004120	007685a3	sb	x7,11(x13)	 x13:0x800080a9  x7:0x8000880f PA:0x800080b4
        4135000	       412	80004124	ff168b03	lb	x22,-15(x13)	 x13:0x800080a9 x22=0x00000000 PA:0x8000809a
        4145000	       413	80004128	01398cb3	add	x25,x19,x19	 x19:0x00000000 x19:0x00000000 x25=0x00000000
        4155000	       414	8000412c	ffe6aba3	sw	x30,-9(x13)	 x13:0x800080a9 x30:0x00000000 PA:0x800080a0
        4165000	       415	80004130	5b3a0593	addi	x11,x20,1459	 x20:0x00000000 x11=0x000005b3
        4175000	       416	80004134	ffa6cd83	lbu	x27,-6(x13)	 x13:0x800080a9 x27=0x00000000 PA:0x800080a3
        4185000	       417	80004138	ff06cc83	lbu	x25,-16(x13)	 x13:0x800080a9 x25=0x00000000 PA:0x80008099
        4195000	       418	8000413c	c64e8c93	addi	x25,x29,-924	 x29:0x00000000 x25=0xfffffc64
        4205000	       419	80004140	00000013	addi	x0,x0,0	  x0:0x00000000
        4215000	       420	80004144	00068003	lb	x0,0(x13)	 x13:0x800080a9 PA:0x800080a9
        4225000	       421	80004148	00f6d183	lhu	x3,15(x13)	 x13:0x800080a9  x3=0x00000000 PA:0x800080b8
        4235000	       422	8000414c	09c5bc17	auipc	x24,0x9c5b	 x24=0x89c5f148
        4245000	       423	80004150	ff76d803	lhu	x16,-9(x13)	 x13:0x800080a9 x16=0x00000000 PA:0x800080a0
        4255000	       424	80004154	00d68323	sb	x13,6(x13)	 x13:0x800080a9 x13:0x800080a9 PA:0x800080af
        4265000	       425	80004158	014bb333	sltu	x6,x23,x20	 x23:0x152f60b4 x20:0x00000000  x6=0x00000000
        4275000	       426	8000415c	00ad9f13	slli	x30,x27,0xa	 x27:0x00000000 x30=0x00000000
        4285000	       427	80004160	ff96cc83	lbu	x25,-7(x13)	 x13:0x800080a9 x25=0x00000000 PA:0x800080a2
        4295000	       428	80004164	0026c203	lbu	x4,2(x13)	 x13:0x800080a9  x4=0x00000000 PA:0x800080ab
        4305000	       429	80004168	00271113	slli	x2,x14,0x2	 x14:0x00000000  x2=0x00000000
        4315000	       430	8000416c	00068b83	lb	x23,0(x13)	 x13:0x800080a9 x23=0x00000000 PA:0x800080a9
        4325000	       431	80004170	007d5813	srli	x16,x26,0x7	 x26:0x00000001 x16=0x00000000
        4335000	       432	80004174	3971bfb7	lui	x31,0x3971b	 x31=0x3971b000
        4345000	       433	80004178	503abc93	sltiu	x25,x21,1283	 x21:0x00000001 x25=0x00000001
        4355000	       434	8000417c	00068823	sb	x0,16(x13)	 x13:0x800080a9  x0:0x00000000 PA:0x800080b9
        4365000	       435	80004180	9741e593	ori	x11,x3,-1676	  x3:0x00000000 x11=0xfffff974
        4375000	       436	80004184	786bc4b7	lui	x9,0x786bc	  x9=0x786bc000
        4385000	       437	80004188	41529c97	auipc	x25,0x41529	 x25=0xc152d184
        4395000	       438	8000418c	16f4ac13	slti	x24,x9,367	  x9:0x786bc000 x24=0x00000000
        4405000	       439	80004190	ffa6c283	lbu	x5,-6(x13)	 x13:0x800080a9  x5=0x00000000 PA:0x800080a3
        4415000	       440	80004194	5f656813	ori	x16,x10,1526	 x10:0x00000000 x16=0x000005f6
        4425000	       441	80004198	00000013	addi	x0,x0,0	  x0:0x00000000
        4435000	       442	8000419c	ffa68383	lb	x7,-6(x13)	 x13:0x800080a9  x7=0x00000000 PA:0x800080a3
        4445000	       443	800041a0	00c68b83	lb	x23,12(x13)	 x13:0x800080a9 x23=0x00000000 PA:0x800080b5
        4455000	       444	800041a4	ffb68c23	sb	x27,-8(x13)	 x13:0x800080a9 x27:0x00000000 PA:0x800080a1
        4465000	       445	800041a8	ff96d383	lhu	x7,-7(x13)	 x13:0x800080a9  x7=0x00000000 PA:0x800080a2
        4475000	       446	800041ac	015afdb3	and	x27,x21,x21	 x21:0x00000001 x21:0x00000001 x27=0x00000001
        4485000	       447	800041b0	4090dfb3	sra	x31,x1,x9	  x1:0x00000000  x9:0x786bc000 x31=0x00000000
        4495000	       448	800041b4	0026ce03	lbu	x28,2(x13)	 x13:0x800080a9 x28=0x00000000 PA:0x800080ab
        4505000	       449	800041b8	00eb7fb3	and	x31,x22,x14	 x22:0x00000000 x14:0x00000000 x31=0x00000000
        4515000	       450	800041bc	ff168003	lb	x0,-15(x13)	 x13:0x800080a9 PA:0x8000809a
        4525000	       451	800041c0	00004117	auipc	x2,0x4	  x2=0x800081bc
        4535000	       452	800041c4	f4810113	addi	x2,x2,-184	  x2:0x800081bc  x2=0x80008104
        4545000	       453	800041c8	01993233	sltu	x4,x18,x25	 x18:0x80009f74 x25:0xc152d184  x4=0x00000001
        4555000	       454	800041cc	00810323	sb	x8,6(x2)	  x2:0x80008104  x8:0xfffffcba PA:0x8000810a
        4565000	       455	800041d0	ff010283	lb	x5,-16(x2)	  x2:0x80008104  x5=0x00000000 PA:0x800080f4
        4575000	       456	800041d4	bbe30c93	addi	x25,x6,-1090	  x6:0x00000000 x25=0xfffffbbe
        4585000	       457	800041d8	00e11523	sh	x14,10(x2)	  x2:0x80008104 x14:0x00000000 PA:0x8000810e
        4595000	       458	800041dc	00d14383	lbu	x7,13(x2)	  x2:0x80008104  x7=0x00000000 PA:0x80008111
        4605000	       459	800041e0	00c10c03	lb	x24,12(x2)	  x2:0x80008104 x24=0x00000000 PA:0x80008110
        4615000	       460	800041e4	ffb10ba3	sb	x27,-9(x2)	  x2:0x80008104 x27:0x00000001 PA:0x800080fb
        4625000	       461	800041e8	ff514c83	lbu	x25,-11(x2)	  x2:0x80008104 x25=0x000000d0 PA:0x800080f9
        4635000	       462	800041ec	00000013	addi	x0,x0,0	  x0:0x00000000
        4645000	       463	800041f0	4c761037	lui	x0,0x4c761	
        4655000	       464	800041f4	00e0db33	srl	x22,x1,x14	  x1:0x00000000 x14:0x00000000 x22=0x00000000
        4665000	       465	800041f8	01b11223	sh	x27,4(x2)	  x2:0x80008104 x27:0x00000001 PA:0x80008108
        4675000	       466	800041fc	01f453b3	srl	x7,x8,x31	  x8:0xfffffcba x31:0x00000000  x7=0xfffffcba
        4685000	       467	80004200	ff110003	lb	x0,-15(x2)	  x2:0x80008104 PA:0x800080f5
        4695000	       468	80004204	003166b3	or	x13,x2,x3	  x2:0x80008104  x3:0x00000000 x13=0x80008104
        4705000	       469	80004208	ff812a83	lw	x21,-8(x2)	  x2:0x80008104 x21=0x00000000 PA:0x800080fc
        4715000	       470	8000420c	01e44333	xor	x6,x8,x30	  x8:0xfffffcba x30:0x00000000  x6=0xfffffcba
        4725000	       471	80004210	62147c97	auipc	x25,0x62147	 x25=0xe214b20c
        4735000	       472	80004214	fee10aa3	sb	x14,-11(x2)	  x2:0x80008104 x14:0x00000000 PA:0x800080f9
        4745000	       473	80004218	00f10e83	lb	x29,15(x2)	  x2:0x80008104 x29=0x00000000 PA:0x80008113
        4755000	       474	8000421c	9b1f6013	ori	x0,x30,-1615	 x30:0x00000000
        4765000	       475	80004220	01212423	sw	x18,8(x2)	  x2:0x80008104 x18:0x80009f74 PA:0x8000810c
        4775000	       476	80004224	00f10783	lb	x15,15(x2)	  x2:0x80008104 x15=0x00000000 PA:0x80008113
        4785000	       477	80004228	ff114d03	lbu	x26,-15(x2)	  x2:0x80008104 x26=0x00000000 PA:0x800080f5
        4795000	       478	8000422c	01436033	or	x0,x6,x20	  x6:0xfffffcba x20:0x00000000
        4805000	       479	80004230	fe811a23	sh	x8,-12(x2)	  x2:0x80008104  x8:0xfffffcba PA:0x800080f8
        4815000	       480	80004234	00110483	lb	x9,1(x2)	  x2:0x80008104  x9=0x00000000 PA:0x80008105
        4825000	       481	80004238	ff914583	lbu	x11,-7(x2)	  x2:0x80008104 x11=0x00000000 PA:0x800080fd
        4835000	       482	8000423c	00005817	auipc	x16,0x5	 x16=0x80009238
        4845000	       483	80004240	91c80813	addi	x16,x16,-1764	 x16:0x80009238 x16=0x80008b54
        4855000	       484	80004244	00000013	addi	x0,x0,0	  x0:0x00000000
        4865000	       485	80004248	01180b03	lb	x22,17(x16)	 x16:0x80008b54 x22=0x00000000 PA:0x80008b65
        4875000	       486	8000424c	00000013	addi	x0,x0,0	  x0:0x00000000
        4885000	       487	80004250	012e8bb3	add	x23,x29,x18	 x29:0x00000000 x18:0x80009f74 x23=0x80009f74
        4895000	       488	80004254	00a47133	and	x2,x8,x10	  x8:0xfffffcba x10:0x00000000  x2=0x00000000
        4905000	       489	80004258	0066c233	xor	x4,x13,x6	 x13:0x80008104  x6:0xfffffcba  x4=0x7fff7dbe
        4915000	       490	8000425c	00984783	lbu	x15,9(x16)	 x16:0x80008b54 x15=0x00000000 PA:0x80008b5d
        4925000	       491	80004260	405f0233	sub	x4,x30,x5	 x30:0x00000000  x5:0x00000000  x4=0x00000000
        4935000	       492	80004264	01f08f33	add	x30,x1,x31	  x1:0x00000000 x31:0x00000000 x30=0x00000000
        4945000	       493	80004268	02681423	sh	x6,40(x16)	 x16:0x80008b54  x6:0xfffffcba PA:0x80008b7c
        4955000	       494	8000426c	0197e733	or	x14,x15,x25	 x15:0x00000000 x25:0xe214b20c x14=0xe214b20c
        4965000	       495	80004270	2d89e993	ori	x19,x19,728	 x19:0x00000000 x19=0x000002d8
        4975000	       496	80004274	03a3ce13	xori	x28,x7,58	  x7:0xfffffcba x28=0xfffffc80
        4985000	       497	80004278	93387693	andi	x13,x16,-1741	 x16:0x80008b54 x13=0x80008910
        4995000	       498	8000427c	00f36533	or	x10,x6,x15	  x6:0xfffffcba x15:0x00000000 x10=0xfffffcba
        5005000	       499	80004280	b6f53b93	sltiu	x23,x10,-1169	 x10:0xfffffcba x23=0x00000000
        5015000	       500	80004284	01198133	add	x2,x19,x17	 x19:0x000002d8 x17:0x80009fc4  x2=0x8000a29c
        5025000	       501	80004288	fc384303	lbu	x6,-61(x16)	 x16:0x80008b54  x6=0x00000000 PA:0x80008b17
        5035000	       502	8000428c	fc180923	sb	x1,-46(x16)	 x16:0x80008b54  x1:0x00000000 PA:0x80008b26
        5045000	       503	80004290	00f804a3	sb	x15,9(x16)	 x16:0x80008b54 x15:0x00000000 PA:0x80008b5d
        5055000	       504	80004294	40ce5cb3	sra	x25,x28,x12	 x28:0xfffffc80 x12:0xfffff975 x25=0xffffffff
        5065000	       505	80004298	b20244b7	lui	x9,0xb2024	  x9=0xb2024000
        5075000	       506	8000429c	cf340213	addi	x4,x8,-781	  x8:0xfffffcba  x4=0xfffff9ad
        5085000	       507	800042a0	fc480d23	sb	x4,-38(x16)	 x16:0x80008b54  x4:0xfffff9ad PA:0x80008b2e
        5095000	       508	800042a4	02382c23	sw	x3,56(x16)	 x16:0x80008b54  x3:0x00000000 PA:0x80008b8c
        5105000	       509	800042a8	3081c993	xori	x19,x3,776	  x3:0x00000000 x19=0x00000308
        5115000	       510	800042ac	01a5bc33	sltu	x24,x11,x26	 x11:0x00000000 x26:0x00000000 x24=0x00000000
        5125000	       511	800042b0	b3dc0093	addi	x1,x24,-1219	 x24:0x00000000  x1=0xfffffb3d
        5135000	       512	800042b4	03a84983	lbu	x19,58(x16)	 x16:0x80008b54 x19=0x00000000 PA:0x80008b8e
        5145000	       513	800042b8	016ea4b3	slt	x9,x29,x22	 x29:0x00000000 x22:0x00000000  x9=0x00000000
        5155000	       514	800042bc	00141293	slli	x5,x8,0x1	  x8:0xfffffcba  x5=0xfffff974
        5165000	       515	800042c0	03d80123	sb	x29,34(x16)	 x16:0x80008b54 x29:0x00000000 PA:0x80008b76
        5175000	       516	800042c4	44af2617	auipc	x12,0x44af2	 x12=0xc4af62c0
        5185000	       517	800042c8	fd180003	lb	x0,-47(x16)	 x16:0x80008b54 PA:0x80008b25
        5195000	       518	800042cc	01df8333	add	x6,x31,x29	 x31:0x00000000 x29:0x00000000  x6=0x00000000
        5205000	       519	800042d0	002df033	and	x0,x27,x2	 x27:0x00000001  x2:0x8000a29c
        5215000	       520	800042d4	015f8fb3	add	x31,x31,x21	 x31:0x00000000 x21:0x00000000 x31=0x00000000
        5225000	       521	800042d8	00b1a2b3	slt	x5,x3,x11	  x3:0x00000000 x11:0x00000000  x5=0x00000000
        5235000	       522	800042dc	01b84183	lbu	x3,27(x16)	 x16:0x80008b54  x3=0x00000000 PA:0x80008b6f
        5245000	       523	800042e0	00004697	auipc	x13,0x4	 x13=0x800082dc
        5255000	       524	800042e4	31868693	addi	x13,x13,792	 x13:0x800082dc x13=0x800085f4
        5265000	       525	800042e8	fdd6cb83	lbu	x23,-35(x13)	 x13:0x800085f4 x23=0x00000000 PA:0x800085d1
        5275000	       526	800042ec	02e6c603	lbu	x12,46(x13)	 x13:0x800085f4 x12=0x00000000 PA:0x80008622
        5285000	       527	800042f0	00d6c983	lbu	x19,13(x13)	 x13:0x800085f4 x19=0x00000000 PA:0x80008601
        5295000	       528	800042f4	002d5733	srl	x14,x26,x2	 x26:0x00000000  x2:0x8000a29c x14=0x00000000
        5305000	       529	800042f8	02b68da3	sb	x11,59(x13)	 x13:0x800085f4 x11:0x00000000 PA:0x8000862f
        5315000	       530	800042fc	24aee7b7	lui	x15,0x24aee	 x15=0x24aee000
        5325000	       531	80004300	0046adb3	slt	x27,x13,x4	 x13:0x800085f4  x4:0xfffff9ad x27=0x00000001
        5335000	       532	80004304	014fb433	sltu	x8,x31,x20	 x31:0x00000000 x20:0x00000000  x8=0x00000000
        5345000	       533	80004308	00c69d03	lh	x26,12(x13)	 x13:0x800085f4 x26=0x00000000 PA:0x80008600
        5355000	       534	8000430c	01f4ceb3	xor	x29,x9,x31	  x9:0x00000000 x31:0x00000000 x29=0x00000000
        5365000	       535	80004310	ce4c6f13	ori	x30,x24,-796	 x24:0x00000000 x30=0xfffffce4
        5375000	       536	80004314	01e68aa3	sb	x30,21(x13)	 x13:0x800085f4 x30:0xfffffce4 PA:0x80008609
        5385000	       537	80004318	fdc6d603	lhu	x12,-36(x13)	 x13:0x800085f4 x12=0x00000000 PA:0x800085d0
        5395000	       538	8000431c	01e1e4b3	or	x9,x3,x30	  x3:0x00000000 x30:0xfffffce4  x9=0xfffffce4
        5405000	       539	80004320	402dd393	srai	x7,x27,0x2	 x27:0x00000001  x7=0x00000000
        5415000	       540	80004324	03d68d23	sb	x29,58(x13)	 x13:0x800085f4 x29:0x00000000 PA:0x8000862e
        5425000	       541	80004328	2e5cf513	andi	x10,x25,741	 x25:0xffffffff x10=0x000002e5
        5435000	       542	8000432c	fe76cb03	lbu	x22,-25(x13)	 x13:0x800085f4 x22=0x00000000 PA:0x800085db
        5445000	       543	80004330	169f8193	addi	x3,x31,361	 x31:0x00000000  x3=0x00000169
        5455000	       544	80004334	03669e83	lh	x29,54(x13)	 x13:0x800085f4 x29=0x00000000 PA:0x8000862a
        5465000	       545	80004338	fcc6c703	lbu	x14,-52(x13)	 x13:0x800085f4 x14=0x00000000 PA:0x800085c0
        5475000	       546	8000433c	86012313	slti	x6,x2,-1952	  x2:0x8000a29c  x6=0x00000001
        5485000	       547	80004340	4093df13	srai	x30,x7,0x9	  x7:0x00000000 x30=0x00000000
        5495000	       548	80004344	05e61a97	auipc	x21,0x5e61	 x21=0x85e65340
        5505000	       549	80004348	018ec2b3	xor	x5,x29,x24	 x29:0x00000000 x24:0x00000000  x5=0x00000000
        5515000	       550	8000434c	00000013	addi	x0,x0,0	  x0:0x00000000
        5525000	       551	80004350	00a56cb3	or	x25,x10,x10	 x10:0x000002e5 x10:0x000002e5 x25=0x000002e5
        5535000	       552	80004354	013d23b3	slt	x7,x26,x19	 x26:0x00000000 x19:0x00000000  x7=0x00000000
        5545000	       553	80004358	fd068603	lb	x12,-48(x13)	 x13:0x800085f4 x12=0x00000000 PA:0x800085c4
        5555000	       554	8000435c	01041f33	sll	x30,x8,x16	  x8:0x00000000 x16:0x80008b54 x30=0x00000000
        5565000	       555	80004360	00d0eb33	or	x22,x1,x13	  x1:0xfffffb3d x13:0x800085f4 x22=0xfffffffd
        5575000	       556	80004364	01968f03	lb	x30,25(x13)	 x13:0x800085f4 x30=0x00000000 PA:0x8000860d
        5585000	       557	00000000	00000013	addi	x0,x0,0	  x0:0x00000000
        5595000	       558	80004368	fde69d83	lh	x27,-34(x13)	 x13:0x800085f4 x27=0x00000000 PA:0x800085d2
        5605000	       559	8000436c	00c6a103	lw	x2,12(x13)	 x13:0x800085f4  x2=0x00000000 PA:0x80008600
        5615000	       560	80004370	01fbc3b3	xor	x7,x23,x31	 x23:0x00000000 x31:0x00000000  x7=0x00000000
        5625000	       561	80004374	00369b23	sh	x3,22(x13)	 x13:0x800085f4  x3:0x00000169 PA:0x8000860a
        5635000	       562	80004378	0051d1b3	srl	x3,x3,x5	  x3:0x00000169  x5:0x00000000  x3=0x00000169
        5645000	       563	8000437c	413100b3	sub	x1,x2,x19	  x2:0x00000000 x19:0x00000000  x1=0x00000000
        5655000	       564	80004380	03568403	lb	x8,53(x13)	 x13:0x800085f4  x8=0x00000000 PA:0x80008629
        5665000	       565	80004384	41a2d833	sra	x16,x5,x26	  x5:0x00000000 x26:0x00000000 x16=0x00000000
        5675000	       566	80004388	016519b3	sll	x19,x10,x22	 x10:0x000002e5 x22:0xfffffffd x19=0xa0000000
        5685000	       567	8000438c	00255713	srli	x14,x10,0x2	 x10:0x000002e5 x14=0x000000b9
        5695000	       568	80004390	6a198593	addi	x11,x19,1697	 x19:0xa0000000 x11=0xa00006a1
        5705000	       569	80004394	01f6c003	lbu	x0,31(x13)	 x13:0x800085f4 PA:0x80008613
        5715000	       570	80004398	01d68ca3	sb	x29,25(x13)	 x13:0x800085f4 x29:0x00000000 PA:0x8000860d
        5725000	       571	8000439c	03bf7463	bgeu	x30,x27,800043c4	 x30:0x00000000 x27:0x00000000
        5735000	       572	00000000	00000013	addi	x0,x0,0	  x0:0x00000000
        5745000	       573	800043c0	00000013	addi	x0,x0,0	  x0:0x00000000
        5755000	       574	800043c4	411ddb13	srai	x22,x27,0x11	 x27:0x00000000 x22=0x00000000
        5765000	       575	800043c8	08b44263	blt	x8,x11,8000444c	  x8:0x00000000 x11:0xa00006a1
        5775000	       576	800043cc	0a3c9063	bne	x25,x3,8000446c	 x25:0x000002e5  x3:0x00000169
        5785000	       577	00000000	00000013	addi	x0,x0,0	  x0:0x00000000
        5795000	       578	80004468	00000013	addi	x0,x0,0	  x0:0x00000000
        5805000	       579	8000446c	035b6a63	bltu	x22,x21,800044a0	 x22:0x00000000 x21:0x85e65340
        5815000	       580	00000000	00000013	addi	x0,x0,0	  x0:0x00000000
        5825000	       581	8000449c	00000013	addi	x0,x0,0	  x0:0x00000000
        5835000	       582	800044a0	41887413	andi	x8,x16,1048	 x16:0x00000000  x8=0x00000000
        5845000	       583	800044a4	0186d3b3	srl	x7,x13,x24	 x13:0x800085f4 x24:0x00000000  x7=0x800085f4
        5855000	       584	800044a8	8c067a93	andi	x21,x12,-1856	 x12:0x00000000 x21=0x00000000
        5865000	       585	800044ac	70277813	andi	x16,x14,1794	 x14:0x000000b9 x16=0x00000000
        5875000	       586	800044b0	a052e693	ori	x13,x5,-1531	  x5:0x00000000 x13=0xfffffa05
        5885000	       587	800044b4	01c1d213	srli	x4,x3,0x1c	  x3:0x00000169  x4=0x00000000
        5895000	       588	800044b8	00bb1133	sll	x2,x22,x11	 x22:0x00000000 x11:0xa00006a1  x2=0x00000000
        5905000	       589	800044bc	5c740693	addi	x13,x8,1479	  x8:0x00000000 x13=0x000005c7
        5915000	       590	800044c0	00067463	bgeu	x12,x0,800044c8	 x12:0x00000000  x0:0x00000000
        5925000	       591	00000000	00000013	addi	x0,x0,0	  x0:0x00000000
        5935000	       592	800044c4	00000013	addi	x0,x0,0	  x0:0x00000000
        5945000	       593	800044c8	01e19863	bne	x3,x30,800044d8	  x3:0x00000169 x30:0x00000000
        5955000	       594	00000000	00000013	addi	x0,x0,0	  x0:0x00000000
        5965000	       595	800044d4	00000013	addi	x0,x0,0	  x0:0x00000000
        5975000	       596	800044d8	01758263	beq	x11,x23,800044dc	 x11:0xa00006a1 x23:0x00000000
        5985000	       597	800044dc	c771cd93	xori	x27,x3,-905	  x3:0x00000169 x27=0xfffffd1e
        5995000	       598	800044e0	005e1633	sll	x12,x28,x5	 x28:0xfffffc80  x5:0x00000000 x12=0xfffffc80
        6005000	       599	800044e4	c1ec9c97	auipc	x25,0xc1ec9	 x25=0x41ecd4e0
        6015000	       600	800044e8	00000013	addi	x0,x0,0	  x0:0x00000000
        6025000	       601	800044ec	a74cb393	sltiu	x7,x25,-1420	 x25:0x41ecd4e0  x7=0x00000001
        6035000	       602	800044f0	168aa013	slti	x0,x21,360	 x21:0x00000000
        6045000	       603	800044f4	34034313	xori	x6,x6,832	  x6:0x00000001  x6=0x00000341
        6055000	       604	800044f8	00a8ec63	bltu	x17,x10,80004510	 x17:0x80009fc4 x10:0x000002e5
        6065000	       605	800044fc	636f3817	auipc	x16,0x636f3	 x16=0xe36f74f8
        6075000	       606	80004500	0171d733	srl	x14,x3,x23	  x3:0x00000169 x23:0x00000000 x14=0x00000169
        6085000	       607	80004504	ae963617	auipc	x12,0xae963	 x12=0x2e967500
        6095000	       608	80004508	01b29033	sll	x0,x5,x27	  x5:0x00000000 x27:0xfffffd1e
        6105000	       609	8000450c	05939663	bne	x7,x25,80004558	  x7:0x00000001 x25:0x41ecd4e0
        6115000	       610	00000000	00000013	addi	x0,x0,0	  x0:0x00000000
        6125000	       611	80004554	00000013	addi	x0,x0,0	  x0:0x00000000
        6135000	       612	80004558	c949e637	lui	x12,0xc949e	 x12=0xc949e000
        6145000	       613	8000455c	07009263	bne	x1,x16,800045c0	  x1:0x00000000 x16:0xe36f74f8
        6155000	       614	00000000	00000013	addi	x0,x0,0	  x0:0x00000000
        6165000	       615	800045bc	00000013	addi	x0,x0,0	  x0:0x00000000
        6175000	       616	800045c0	0000f2b3	and	x5,x1,x0	  x1:0x00000000  x0:0x00000000  x5=0x00000000
        6185000	       617	800045c4	2c334093	xori	x1,x6,707	  x6:0x00000341  x1=0x00000182
        6195000	       618	800045c8	01b19a93	slli	x21,x3,0x1b	  x3:0x00000169 x21=0x48000000
        6205000	       619	800045cc	4da8aab7	lui	x21,0x4da8a	 x21=0x4da8a000
        6215000	       620	800045d0	37482e17	auipc	x28,0x37482	 x28=0xb74865cc
        6225000	       621	800045d4	01f67a63	bgeu	x12,x31,800045e8	 x12:0xc949e000 x31:0x00000000
        6235000	       622	00000000	00000013	addi	x0,x0,0	  x0:0x00000000
        6245000	       623	800045e4	00000013	addi	x0,x0,0	  x0:0x00000000
        6255000	       624	800045e8	8ce13693	sltiu	x13,x2,-1842	  x2:0x00000000 x13=0x00000001
        6265000	       625	800045ec	003e6f33	or	x30,x28,x3	 x28:0xb74865cc  x3:0x00000169 x30=0xb74865ed
        6275000	       626	800045f0	003acc33	xor	x24,x21,x3	 x21:0x4da8a000  x3:0x00000169 x24=0x4da8a169
        6285000	       627	800045f4	fa7090b7	lui	x1,0xfa709	  x1=0xfa709000
        6295000	       628	800045f8	d3dd76b7	lui	x13,0xd3dd7	 x13=0xd3dd7000
        6305000	       629	800045fc	01923ab3	sltu	x21,x4,x25	  x4:0x00000000 x25:0x41ecd4e0 x21=0x00000001
        6315000	       630	80004600	00ac1793	slli	x15,x24,0xa	 x24:0x4da8a169 x15=0xa285a400
        6325000	       631	80004604	40790db3	sub	x27,x18,x7	 x18:0x80009f74  x7:0x00000001 x27=0x80009f73
        6335000	       632	80004608	005d9733	sll	x14,x27,x5	 x27:0x80009f73  x5:0x00000000 x14=0x80009f73
        6345000	       633	8000460c	a2fc3293	sltiu	x5,x24,-1489	 x24:0x4da8a169  x5=0x00000001
        6355000	       634	80004610	00f062b3	or	x5,x0,x15	  x0:0x00000000 x15:0xa285a400  x5=0xa285a400
        6365000	       635	80004614	02d0f263	bgeu	x1,x13,80004638	  x1:0xfa709000 x13:0xd3dd7000
        6375000	       636	00000000	00000013	addi	x0,x0,0	  x0:0x00000000
        6385000	       637	80004634	00000013	addi	x0,x0,0	  x0:0x00000000
        6395000	       638	80004638	d044a993	slti	x19,x9,-764	  x9:0xfffffce4 x19=0x00000001
        6405000	       639	8000463c	017f3133	sltu	x2,x30,x23	 x30:0xb74865ed x23:0x00000000  x2=0x00000000
        6415000	       640	80004640	012cd3b3	srl	x7,x25,x18	 x25:0x41ecd4e0 x18:0x80009f74  x7=0x0000041e
        6425000	       641	80004644	0065e5b3	or	x11,x11,x6	 x11:0xa00006a1  x6:0x00000341 x11=0xa00007e1
        6435000	       642	80004648	01c06d33	or	x26,x0,x28	  x0:0x00000000 x28:0xb74865cc x26=0xb74865cc
        6445000	       643	8000464c	07f1bd17	auipc	x26,0x7f1b	 x26=0x87f1f648
        6455000	       644	80004650	9210ec97	auipc	x25,0x9210e	 x25=0x1211264c
        6465000	       645	80004654	159aa613	slti	x12,x21,345	 x21:0x00000001 x12=0x00000001
        6475000	       646	80004658	00000013	addi	x0,x0,0	  x0:0x00000000
        6485000	       647	8000465c	3f524713	xori	x14,x4,1013	  x4:0x00000000 x14=0x000003f5
        6495000	       648	80004660	016bfab3	and	x21,x23,x22	 x23:0x00000000 x22:0x00000000 x21=0x00000000
        6505000	       649	80004664	415bdc93	srai	x25,x23,0x15	 x23:0x00000000 x25=0x00000000
        6515000	       650	80004668	00eae263	bltu	x21,x14,8000466c	 x21:0x00000000 x14:0x000003f5
        6525000	       651	00000000	00000013	addi	x0,x0,0	  x0:0x00000000
        6535000	       652	80004668	00000013	addi	x0,x0,0	  x0:0x00000000
        6545000	       653	8000466c	cb033093	sltiu	x1,x6,-848	  x6:0x00000341  x1=0x00000001
        6555000	       654	80004670	01ea7733	and	x14,x20,x30	 x20:0x00000000 x30:0xb74865ed x14=0x00000000
        6565000	       655	80004674	4114db93	srai	x23,x9,0x11	  x9:0xfffffce4 x23=0xffffffff
        6575000	       656	80004678	00ed21b3	slt	x3,x26,x14	 x26:0x87f1f648 x14:0x00000000  x3=0x00000001
        6585000	       657	8000467c	00ff15b3	sll	x11,x30,x15	 x30:0xb74865ed x15:0xa285a400 x11=0xb74865ed
        6595000	       658	80004680	8e13d2b7	lui	x5,0x8e13d	  x5=0x8e13d000
        6605000	       659	80004684	442a3793	sltiu	x15,x20,1090	 x20:0x00000000 x15=0x00000001
        6615000	       660	80004688	03786263	bltu	x16,x23,800046ac	 x16:0xe36f74f8 x23:0xffffffff
        6625000	       661	00000000	00000013	addi	x0,x0,0	  x0:0x00000000
        6635000	       662	800046a8	00000013	addi	x0,x0,0	  x0:0x00000000
        6645000	       663	800046ac	7101c713	xori	x14,x3,1808	  x3:0x00000001 x14=0x00000711
        6655000	       664	800046b0	00268c63	beq	x13,x2,800046c8	 x13:0xd3dd7000  x2:0x00000000
        6665000	       665	800046b4	019e8633	add	x12,x29,x25	 x29:0x00000000 x25:0x00000000 x12=0x00000000
        6675000	       666	800046b8	0157beb3	sltu	x29,x15,x21	 x15:0x00000001 x21:0x00000000 x29=0x00000000
        6685000	       667	800046bc	031ec463	blt	x29,x17,800046e4	 x29:0x00000000 x17:0x80009fc4
        6695000	       668	800046c0	05aa6863	bltu	x20,x26,80004710	 x20:0x00000000 x26:0x87f1f648
        6705000	       669	00000000	00000013	addi	x0,x0,0	  x0:0x00000000
        6715000	       670	8000470c	00000013	addi	x0,x0,0	  x0:0x00000000
        6725000	       671	80004710	4009d333	sra	x6,x19,x0	 x19:0x00000001  x0:0x00000000  x6=0x00000001
        6735000	       672	80004714	02b9ca63	blt	x19,x11,80004748	 x19:0x00000001 x11:0xb74865ed
        6745000	       673	80004718	000a9fb3	sll	x31,x21,x0	 x21:0x00000000  x0:0x00000000 x31=0x00000000
        6755000	       674	8000471c	594a7397	auipc	x7,0x594a7	  x7=0xd94ab718
        6765000	       675	80004720	3b3bd137	lui	x2,0x3b3bd	  x2=0x3b3bd000
        6775000	       676	80004724	2e660313	addi	x6,x12,742	 x12:0x00000000  x6=0x000002e6
        6785000	       677	80004728	03ead863	bge	x21,x30,80004758	 x21:0x00000000 x30:0xb74865ed
        6795000	       678	00000000	00000013	addi	x0,x0,0	  x0:0x00000000
        6805000	       679	80004754	00000013	addi	x0,x0,0	  x0:0x00000000
        6815000	       680	80004758	4078d5b3	sra	x11,x17,x7	 x17:0x80009fc4  x7:0xd94ab718 x11=0xffffff80
        6825000	       681	8000475c	f1a18437	lui	x8,0xf1a18	  x8=0xf1a18000
        6835000	       682	80004760	c98ce9b7	lui	x19,0xc98ce	 x19=0xc98ce000
        6845000	       683	80004764	00b65693	srli	x13,x12,0xb	 x12:0x00000000 x13=0x00000000
        6855000	       684	80004768	04549663	bne	x9,x5,800047b4	  x9:0xfffffce4  x5:0x8e13d000
        6865000	       685	00000000	00000013	addi	x0,x0,0	  x0:0x00000000
        6875000	       686	800047b0	00000013	addi	x0,x0,0	  x0:0x00000000
        6885000	       687	800047b4	05d38463	beq	x7,x29,800047fc	  x7:0xd94ab718 x29:0x00000000
        6895000	       688	800047b8	01fbb6b3	sltu	x13,x23,x31	 x23:0xffffffff x31:0x00000000 x13=0x00000000
        6905000	       689	800047bc	03baf263	bgeu	x21,x27,800047e0	 x21:0x00000000 x27:0x80009f73
        6915000	       690	800047c0	b7b4b513	sltiu	x10,x9,-1157	  x9:0xfffffce4 x10=0x00000000
        6925000	       691	800047c4	01baef33	or	x30,x21,x27	 x21:0x00000000 x27:0x80009f73 x30=0x80009f73
        6935000	       692	800047c8	a5584497	auipc	x9,0xa5584	  x9=0x255887c4
        6945000	       693	800047cc	00f40033	add	x0,x8,x15	  x8:0xf1a18000 x15:0x00000001
        6955000	       694	800047d0	ae90ce93	xori	x29,x1,-1303	  x1:0x00000001 x29=0xfffffae8
        6965000	       695	800047d4	00df5b93	srli	x23,x30,0xd	 x30:0x80009f73 x23=0x00040004
        6975000	       696	800047d8	41b7d633	sra	x12,x15,x27	 x15:0x00000001 x27:0x80009f73 x12=0x00000000
        6985000	       697	800047dc	01c21233	sll	x4,x4,x28	  x4:0x00000000 x28:0xb74865cc  x4=0x00000000
        6995000	       698	800047e0	02d3de63	bge	x7,x13,8000481c	  x7:0xd94ab718 x13:0x00000000
        7005000	       699	800047e4	4125d233	sra	x4,x11,x18	 x11:0xffffff80 x18:0x80009f74  x4=0xffffffff
        7015000	       700	800047e8	00115c33	srl	x24,x2,x1	  x2:0x3b3bd000  x1:0x00000001 x24=0x1d9de800
        7025000	       701	800047ec	02f04663	blt	x0,x15,80004818	  x0:0x00000000 x15:0x00000001
        7035000	       702	00000000	00000013	addi	x0,x0,0	  x0:0x00000000
        7045000	       703	80004814	00000013	addi	x0,x0,0	  x0:0x00000000
        7055000	       704	80004818	03064863	blt	x12,x16,80004848	 x12:0x00000000 x16:0xe36f74f8
        7065000	       705	8000481c	0569f063	bgeu	x19,x22,8000485c	 x19:0xc98ce000 x22:0x00000000
        7075000	       706	00000000	00000013	addi	x0,x0,0	  x0:0x00000000
        7085000	       707	80004858	00000013	addi	x0,x0,0	  x0:0x00000000
        7095000	       708	8000485c	01e38263	beq	x7,x30,80004860	  x7:0xd94ab718 x30:0x80009f73
        7105000	       709	80004860	401bdb93	srai	x23,x23,0x1	 x23:0x00040004 x23=0x00020002
        7115000	       710	80004864	0202ca63	blt	x5,x0,80004898	  x5:0x8e13d000  x0:0x00000000
        7125000	       711	00000000	00000013	addi	x0,x0,0	  x0:0x00000000
        7135000	       712	80004894	00000013	addi	x0,x0,0	  x0:0x00000000
        7145000	       713	80004898	015f46b3	xor	x13,x30,x21	 x30:0x80009f73 x21:0x00000000 x13=0x80009f73
        7155000	       714	8000489c	41db0f33	sub	x30,x22,x29	 x22:0x00000000 x29:0xfffffae8 x30=0x00000518
        7165000	       715	800048a0	03c57263	bgeu	x10,x28,800048c4	 x10:0x00000000 x28:0xb74865cc
        7175000	       716	800048a4	00a1bb33	sltu	x22,x3,x10	  x3:0x00000001 x10:0x00000000 x22=0x00000000
        7185000	       717	800048a8	04d3e463	bltu	x7,x13,800048f0	  x7:0xd94ab718 x13:0x80009f73
        7195000	       718	800048ac	40b18533	sub	x10,x3,x11	  x3:0x00000001 x11:0xffffff80 x10=0x00000081
        7205000	       719	800048b0	01b13333	sltu	x6,x2,x27	  x2:0x3b3bd000 x27:0x80009f73  x6=0x00000001
        7215000	       720	800048b4	01703733	sltu	x14,x0,x23	  x0:0x00000000 x23:0x00020002 x14=0x00000001
        7225000	       721	800048b8	4040d093	srai	x1,x1,0x4	  x1:0x00000001  x1=0x00000000
        7235000	       722	800048bc	e0c4c993	xori	x19,x9,-500	  x9:0x255887c4 x19=0xdaa779c8
        7245000	       723	800048c0	02dc1463	bne	x24,x13,800048e8	 x24:0x1d9de800 x13:0x80009f73
        7255000	       724	00000000	00000013	addi	x0,x0,0	  x0:0x00000000
        7265000	       725	800048e4	00000013	addi	x0,x0,0	  x0:0x00000000
        7275000	       726	800048e8	0416c263	blt	x13,x1,8000492c	 x13:0x80009f73  x1:0x00000000
        7285000	       727	00000000	00000013	addi	x0,x0,0	  x0:0x00000000
        7295000	       728	80004928	00000013	addi	x0,x0,0	  x0:0x00000000
        7305000	       729	8000492c	00295093	srli	x1,x18,0x2	 x18:0x80009f74  x1=0x200027dd
        7315000	       730	80004930	00000013	addi	x0,x0,0	  x0:0x00000000
        7325000	       731	80004934	01039a93	slli	x21,x7,0x10	  x7:0xd94ab718 x21=0xb7180000
        7335000	       732	80004938	00ab1613	slli	x12,x22,0xa	 x22:0x00000000 x12=0x00000000
        7345000	       733	8000493c	01731213	slli	x4,x6,0x17	  x6:0x00000001  x4=0x00800000
        7355000	       734	80004940	be2d0a93	addi	x21,x26,-1054	 x26:0x87f1f648 x21=0x87f1f22a
        7365000	       735	80004944	013f70b3	and	x1,x30,x19	 x30:0x00000518 x19:0xdaa779c8  x1=0x00000108
        7375000	       736	80004948	01e804b3	add	x9,x16,x30	 x16:0xe36f74f8 x30:0x00000518  x9=0xe36f7a10
        7385000	       737	8000494c	00114c63	blt	x2,x1,80004964	  x2:0x3b3bd000  x1:0x00000108
        7395000	       738	80004950	032b9863	bne	x23,x18,80004980	 x23:0x00020002 x18:0x80009f74
        7405000	       739	00000000	00000013	addi	x0,x0,0	  x0:0x00000000
        7415000	       740	8000497c	00000013	addi	x0,x0,0	  x0:0x00000000
        7425000	       741	80004980	002bcf33	xor	x30,x23,x2	 x23:0x00020002  x2:0x3b3bd000 x30=0x3b39d002
        7435000	       742	80004984	00a19793	slli	x15,x3,0xa	  x3:0x00000001 x15=0x00000400
        7445000	       743	80004988	eebf8f37	lui	x30,0xeebf8	 x30=0xeebf8000
        7455000	       744	8000498c	414dd4b3	sra	x9,x27,x20	 x27:0x80009f73 x20:0x00000000  x9=0x80009f73
        7465000	       745	80004990	7648ed17	auipc	x26,0x7648e	 x26=0xf649298c
        7475000	       746	80004994	5d564c93	xori	x25,x12,1493	 x12:0x00000000 x25=0x000005d5
        7485000	       747	80004998	41fe82b3	sub	x5,x29,x31	 x29:0xfffffae8 x31:0x00000000  x5=0xfffffae8
        7495000	       748	8000499c	006675b3	and	x11,x12,x6	 x12:0x00000000  x6:0x00000001 x11=0x00000000
        7505000	       749	800049a0	0855ddb7	lui	x27,0x855d	 x27=0x0855d000
        7515000	       750	800049a4	7967f213	andi	x4,x15,1942	 x15:0x00000400  x4=0x00000400
        7525000	       751	800049a8	e1aeee17	auipc	x28,0xe1aee	 x28=0x61af29a4
        7535000	       752	800049ac	011d9733	sll	x14,x27,x17	 x27:0x0855d000 x17:0x80009fc4 x14=0x855d0000
        7545000	       753	800049b0	0153c5b3	xor	x11,x7,x21	  x7:0xd94ab718 x21:0x87f1f22a x11=0x5ebb4532
        7555000	       754	800049b4	00f51993	slli	x19,x10,0xf	 x10:0x00000081 x19=0x00408000
        7565000	       755	800049b8	0247d463	bge	x15,x4,800049e0	 x15:0x00000400  x4:0x00000400
        7575000	       756	00000000	00000013	addi	x0,x0,0	  x0:0x00000000
        7585000	       757	800049dc	00000013	addi	x0,x0,0	  x0:0x00000000
        7595000	       758	800049e0	625e3c93	sltiu	x25,x28,1573	 x28:0x61af29a4 x25=0x00000000
        7605000	       759	800049e4	a2446513	ori	x10,x8,-1500	  x8:0xf1a18000 x10=0xfffffa24
        7615000	       760	800049e8	52b88193	addi	x3,x17,1323	 x17:0x80009fc4  x3=0x8000a4ef
        7625000	       761	800049ec	b3dba813	slti	x16,x23,-1219	 x23:0x00020002 x16=0x00000000
        7635000	       762	800049f0	004cc863	blt	x25,x4,80004a00	 x25:0x00000000  x4:0x00000400
        7645000	       763	00000000	00000013	addi	x0,x0,0	  x0:0x00000000
        7655000	       764	800049fc	00000013	addi	x0,x0,0	  x0:0x00000000
        7665000	       765	80004a00	01289193	slli	x3,x17,0x12	 x17:0x80009fc4  x3=0x7f100000
        7675000	       766	80004a04	00da1a93	slli	x21,x20,0xd	 x20:0x00000000 x21=0x00000000
        7685000	       767	80004a08	01866eb3	or	x29,x12,x24	 x12:0x00000000 x24:0x1d9de800 x29=0x1d9de800
        7695000	       768	80004a0c	010c89b3	add	x19,x25,x16	 x25:0x00000000 x16:0x00000000 x19=0x00000000
        7705000	       769	80004a10	01cef433	and	x8,x29,x28	 x29:0x1d9de800 x28:0x61af29a4  x8=0x018d2800
        7715000	       770	80004a14	03acca63	blt	x25,x26,80004a48	 x25:0x00000000 x26:0xf649298c
        7725000	       771	80004a18	0569f663	bgeu	x19,x22,80004a64	 x19:0x00000000 x22:0x00000000
        7735000	       772	00000000	00000013	addi	x0,x0,0	  x0:0x00000000
        7745000	       773	80004a60	00000013	addi	x0,x0,0	  x0:0x00000000
        7755000	       774	80004a64	00fb9733	sll	x14,x23,x15	 x23:0x00020002 x15:0x00000400 x14=0x00020002
        7765000	       775	80004a68	40fc8f33	sub	x30,x25,x15	 x25:0x00000000 x15:0x00000400 x30=0xfffffc00
        7775000	       776	80004a6c	01ee35b3	sltu	x11,x28,x30	 x28:0x61af29a4 x30:0xfffffc00 x11=0x00000001
        7785000	       777	80004a70	00ca0fb3	add	x31,x20,x12	 x20:0x00000000 x12:0x00000000 x31=0x00000000
        7795000	       778	80004a74	007c6c33	or	x24,x24,x7	 x24:0x1d9de800  x7:0xd94ab718 x24=0xdddfff18
        7805000	       779	80004a78	00000013	addi	x0,x0,0	  x0:0x00000000
        7815000	       780	80004a7c	9e6a36b7	lui	x13,0x9e6a3	 x13=0x9e6a3000
        7825000	       781	80004a80	00b45393	srli	x7,x8,0xb	  x8:0x018d2800  x7=0x000031a5
        7835000	       782	80004a84	01d076b3	and	x13,x0,x29	  x0:0x00000000 x29:0x1d9de800 x13=0x00000000
        7845000	       783	80004a88	00cd1863	bne	x26,x12,80004a98	 x26:0xf649298c x12:0x00000000
        7855000	       784	00000000	00000013	addi	x0,x0,0	  x0:0x00000000
        7865000	       785	80004a94	00000013	addi	x0,x0,0	  x0:0x00000000
        7875000	       786	80004a98	013fdf13	srli	x30,x31,0x13	 x31:0x00000000 x30=0x00000000
        7885000	       787	80004a9c	00934a63	blt	x6,x9,80004ab0	  x6:0x00000001  x9:0x80009f73
        7895000	       788	80004aa0	b19c3793	sltiu	x15,x24,-1255	 x24:0xdddfff18 x15=0x00000001
        7905000	       789	80004aa4	00c71e33	sll	x28,x14,x12	 x14:0x00020002 x12:0x00000000 x28=0x00020002
        7915000	       790	80004aa8	050d1463	bne	x26,x16,80004af0	 x26:0xf649298c x16:0x00000000
        7925000	       791	00000000	00000013	addi	x0,x0,0	  x0:0x00000000
        7935000	       792	80004aec	00000013	addi	x0,x0,0	  x0:0x00000000
        7945000	       793	80004af0	45476e13	ori	x28,x14,1108	 x14:0x00020002 x28=0x00020456
        7955000	       794	80004af4	0526a613	slti	x12,x13,82	 x13:0x00000000 x12=0x00000001
        7965000	       795	80004af8	00445433	srl	x8,x8,x4	  x8:0x018d2800  x4:0x00000400  x8=0x018d2800
        7975000	       796	80004afc	03f54463	blt	x10,x31,80004b24	 x10:0xfffffa24 x31:0x00000000
        7985000	       797	00000000	00000013	addi	x0,x0,0	  x0:0x00000000
        7995000	       798	80004b20	00000013	addi	x0,x0,0	  x0:0x00000000
        8005000	       799	80004b24	01799393	slli	x7,x19,0x17	 x19:0x00000000  x7=0x00000000
        8015000	       800	80004b28	407486b3	sub	x13,x9,x7	  x9:0x80009f73  x7:0x00000000 x13=0x80009f73
        8025000	       801	80004b2c	022fea63	bltu	x31,x2,80004b60	 x31:0x00000000  x2:0x3b3bd000
        8035000	       802	00000000	00000013	addi	x0,x0,0	  x0:0x00000000
        8045000	       803	80004b5c	00000013	addi	x0,x0,0	  x0:0x00000000
        8055000	       804	80004b60	18123a93	sltiu	x21,x4,385	  x4:0x00000400 x21=0x00000000
        8065000	       805	80004b64	41e983b3	sub	x7,x19,x30	 x19:0x00000000 x30:0x00000000  x7=0x00000000
        8075000	       806	80004b68	01575233	srl	x4,x14,x21	 x14:0x00020002 x21:0x00000000  x4=0x00020002
        8085000	       807	80004b6c	01778db3	add	x27,x15,x23	 x15:0x00000001 x23:0x00020002 x27=0x00020003
        8095000	       808	80004b70	007614b3	sll	x9,x12,x7	 x12:0x00000001  x7:0x00000000  x9=0x00000001
        8105000	       809	80004b74	00545f13	srli	x30,x8,0x5	  x8:0x018d2800 x30=0x000c6940
        8115000	       810	80004b78	40e05ab3	sra	x21,x0,x14	  x0:0x00000000 x14:0x00020002 x21=0x00000000
        8125000	       811	80004b7c	00000013	addi	x0,x0,0	  x0:0x00000000
        8135000	       812	80004b80	04dae463	bltu	x21,x13,80004bc8	 x21:0x00000000 x13:0x80009f73
        8145000	       813	00000000	00000013	addi	x0,x0,0	  x0:0x00000000
        8155000	       814	80004bc4	00000013	addi	x0,x0,0	  x0:0x00000000
        8165000	       815	80004bc8	03d3f063	bgeu	x7,x29,80004be8	  x7:0x00000000 x29:0x1d9de800
        8175000	       816	80004bcc	df0e2d93	slti	x27,x28,-528	 x28:0x00020456 x27=0x00000000
        8185000	       817	80004bd0	75726e93	ori	x29,x4,1879	  x4:0x00020002 x29=0x00020757
        8195000	       818	80004bd4	013985b3	add	x11,x19,x19	 x19:0x00000000 x19:0x00000000 x11=0x00000000
        8205000	       819	80004bd8	001ff633	and	x12,x31,x1	 x31:0x00000000  x1:0x00000108 x12=0x00000000
        8215000	       820	80004bdc	006d87b3	add	x15,x27,x6	 x27:0x00000000  x6:0x00000001 x15=0x00000001
        8225000	       821	80004be0	018b7633	and	x12,x22,x24	 x22:0x00000000 x24:0xdddfff18 x12=0x00000000
        8235000	       822	80004be4	87bbceb7	lui	x29,0x87bbc	 x29=0x87bbc000
        8245000	       823	80004be8	01154233	xor	x4,x10,x17	 x10:0xfffffa24 x17:0x80009fc4  x4=0x7fff65e0
        8255000	       824	80004bec	016705b3	add	x11,x14,x22	 x14:0x00020002 x22:0x00000000 x11=0x00020002
        8265000	       825	80004bf0	01250263	beq	x10,x18,80004bf4	 x10:0xfffffa24 x18:0x80009f74
        8275000	       826	80004bf4	010220b3	slt	x1,x4,x16	  x4:0x7fff65e0 x16:0x00000000  x1=0x00000000
        8285000	       827	80004bf8	10417c63	bgeu	x2,x4,80004d10	  x2:0x3b3bd000  x4:0x7fff65e0
        8295000	       828	80004bfc	01a6c533	xor	x10,x13,x26	 x13:0x80009f73 x26:0xf649298c x10=0x7649b6ff
        8305000	       829	80004c00	002cd793	srli	x15,x25,0x2	 x25:0x00000000 x15=0x00000000
        8315000	       830	80004c04	a97c6f13	ori	x30,x24,-1385	 x24:0xdddfff18 x30=0xffffff9f
        8325000	       831	80004c08	00943633	sltu	x12,x8,x9	  x8:0x018d2800  x9:0x00000001 x12=0x00000000
        8335000	       832	80004c0c	40985633	sra	x12,x16,x9	 x16:0x00000000  x9:0x00000001 x12=0x00000000
        8345000	       833	80004c10	016483b3	add	x7,x9,x22	  x9:0x00000001 x22:0x00000000  x7=0x00000001
        8355000	       834	80004c14	10f1fc63	bgeu	x3,x15,80004d2c	  x3:0x7f100000 x15:0x00000000
        8365000	       835	00000000	00000013	addi	x0,x0,0	  x0:0x00000000
        8375000	       836	80004d28	00000013	addi	x0,x0,0	  x0:0x00000000
        8385000	       837	80004d2c	02a55863	bge	x10,x10,80004d5c	 x10:0x7649b6ff x10:0x7649b6ff
        8395000	       838	00000000	00000013	addi	x0,x0,0	  x0:0x00000000
        8405000	       839	80004d58	00000013	addi	x0,x0,0	  x0:0x00000000
        8415000	       840	80004d5c	eebdf493	andi	x9,x27,-277	 x27:0x00000000  x9=0x00000000
        8425000	       841	80004d60	6eea3513	sltiu	x10,x20,1774	 x20:0x00000000 x10=0x00000001
        8435000	       842	80004d64	4088dd93	srai	x27,x17,0x8	 x17:0x80009fc4 x27=0xff80009f
        8445000	       843	80004d68	007009b3	add	x19,x0,x7	  x0:0x00000000  x7:0x00000001 x19=0x00000001
        8455000	       844	80004d6c	4164d093	srai	x1,x9,0x16	  x9:0x00000000  x1=0x00000000
        8465000	       845	80004d70	2ef4a793	slti	x15,x9,751	  x9:0x00000000 x15=0x00000001
        8475000	       846	80004d74	03ed2193	slti	x3,x26,62	 x26:0xf649298c  x3=0x00000001
        8485000	       847	80004d78	010419b3	sll	x19,x8,x16	  x8:0x018d2800 x16:0x00000000 x19=0x018d2800
        8495000	       848	80004d7c	02a00263	beq	x0,x10,80004da0	  x0:0x00000000 x10:0x00000001
        8505000	       849	80004d80	00000013	addi	x0,x0,0	  x0:0x00000000
        8515000	       850	80004d84	01c95813	srli	x16,x18,0x1c	 x18:0x80009f74 x16=0x00000008
        8525000	       851	80004d88	00000013	addi	x0,x0,0	  x0:0x00000000
        8535000	       852	80004d8c	011c63b3	or	x7,x24,x17	 x24:0xdddfff18 x17:0x80009fc4  x7=0xdddfffdc
        8545000	       853	80004d90	010763b3	or	x7,x14,x16	 x14:0x00020002 x16:0x00000008  x7=0x0002000a
        8555000	       854	80004d94	058a9063	bne	x21,x24,80004dd4	 x21:0x00000000 x24:0xdddfff18
        8565000	       855	00000000	00000013	addi	x0,x0,0	  x0:0x00000000
        8575000	       856	80004dd0	00000013	addi	x0,x0,0	  x0:0x00000000
        8585000	       857	80004dd4	039f5863	bge	x30,x25,80004e04	 x30:0xffffff9f x25:0x00000000
        8595000	       858	80004dd8	409f0833	sub	x16,x30,x9	 x30:0xffffff9f  x9:0x00000000 x16=0xffffff9f
        8605000	       859	80004ddc	4059d133	sra	x2,x19,x5	 x19:0x018d2800  x5:0xfffffae8  x2=0x00018d28
        8615000	       860	80004de0	78140113	addi	x2,x8,1921	  x8:0x018d2800  x2=0x018d2f81
        8625000	       861	80004de4	9cafe793	ori	x15,x31,-1590	 x31:0x00000000 x15=0xfffff9ca
        8635000	       862	80004de8	017f7633	and	x12,x30,x23	 x30:0xffffff9f x23:0x00020002 x12=0x00020002
        8645000	       863	80004dec	0096fdb3	and	x27,x13,x9	 x13:0x80009f73  x9:0x00000000 x27=0x00000000
        8655000	       864	80004df0	1ade2b13	slti	x22,x28,429	 x28:0x00020456 x22=0x00000000
        8665000	       865	80004df4	01e4a0b3	slt	x1,x9,x30	  x9:0x00000000 x30:0xffffff9f  x1=0x00000000
        8675000	       866	80004df8	c597fe37	lui	x28,0xc597f	 x28=0xc597f000
        8685000	       867	80004dfc	00bb5463	bge	x22,x11,80004e04	 x22:0x00000000 x11:0x00020002
        8695000	       868	80004e00	d620cc13	xori	x24,x1,-670	  x1:0x00000000 x24=0xfffffd62
        8705000	       869	80004e04	010e5263	bge	x28,x16,80004e08	 x28:0xc597f000 x16:0xffffff9f
        8715000	       870	80004e08	fa450193	addi	x3,x10,-92	 x10:0x00000001  x3=0xffffffa5
        8725000	       871	80004e0c	0127a433	slt	x8,x15,x18	 x15:0xfffff9ca x18:0x80009f74  x8=0x00000000
        8735000	       872	80004e10	7633af93	slti	x31,x7,1891	  x7:0x0002000a x31=0x00000000
        8745000	       873	80004e14	e689bf93	sltiu	x31,x19,-408	 x19:0x018d2800 x31=0x00000001
        8755000	       874	80004e18	4003d693	srai	x13,x7,0x0	  x7:0x0002000a x13=0x0002000a
        8765000	       875	80004e1c	0057c4b3	xor	x9,x15,x5	 x15:0xfffff9ca  x5:0xfffffae8  x9=0x00000322
        8775000	       876	80004e20	05796463	bltu	x18,x23,80004e68	 x18:0x80009f74 x23:0x00020002
        8785000	       877	80004e24	01bde263	bltu	x27,x27,80004e28	 x27:0x00000000 x27:0x00000000
        8795000	       878	80004e28	00626c33	or	x24,x4,x6	  x4:0x7fff65e0  x6:0x00000001 x24=0x7fff65e1
        8805000	       879	80004e2c	01010db3	add	x27,x2,x16	  x2:0x018d2f81 x16:0xffffff9f x27=0x018d2f20
        8815000	       880	80004e30	6f777813	andi	x16,x14,1783	 x14:0x00020002 x16=0x00000002
        8825000	       881	80004e34	00b2d213	srli	x4,x5,0xb	  x5:0xfffffae8  x4=0x001fffff
        8835000	       882	80004e38	f80da393	slti	x7,x27,-128	 x27:0x018d2f20  x7=0x00000000
        8845000	       883	80004e3c	04b3d463	bge	x7,x11,80004e84	  x7:0x00000000 x11:0x00020002
        8855000	       884	80004e40	022e0063	beq	x28,x2,80004e60	 x28:0xc597f000  x2:0x018d2f81
        8865000	       885	80004e44	0137acb3	slt	x25,x15,x19	 x15:0xfffff9ca x19:0x018d2800 x25=0x00000001
        8875000	       886	80004e48	08158793	addi	x15,x11,129	 x11:0x00020002 x15=0x00020083
        8885000	       887	80004e4c	01a23c33	sltu	x24,x4,x26	  x4:0x001fffff x26:0xf649298c x24=0x00000001
        8895000	       888	80004e50	008280b3	add	x1,x5,x8	  x5:0xfffffae8  x8:0x00000000  x1=0xfffffae8
        8905000	       889	80004e54	02c39e63	bne	x7,x12,80004e90	  x7:0x00000000 x12:0x00020002
        8915000	       890	00000000	00000013	addi	x0,x0,0	  x0:0x00000000
        8925000	       891	80004e8c	00000013	addi	x0,x0,0	  x0:0x00000000
        8935000	       892	80004e90	0021f263	bgeu	x3,x2,80004e94	  x3:0xffffffa5  x2:0x018d2f81
        8945000	       893	00000000	00000013	addi	x0,x0,0	  x0:0x00000000
        8955000	       894	80004e90	00000013	addi	x0,x0,0	  x0:0x00000000
        8965000	       895	80004e94	05154463	blt	x10,x17,80004edc	 x10:0x00000001 x17:0x80009fc4
        8975000	       896	80004e98	014ae3b3	or	x7,x21,x20	 x21:0x00000000 x20:0x00000000  x7=0x00000000
        8985000	       897	80004e9c	0259c263	blt	x19,x5,80004ec0	 x19:0x018d2800  x5:0xfffffae8
        8995000	       898	80004ea0	5a224e93	xori	x29,x4,1442	  x4:0x001fffff x29=0x001ffa5d
        9005000	       899	80004ea4	01275193	srli	x3,x14,0x12	 x14:0x00020002  x3=0x00000000
        9015000	       900	80004ea8	415e0433	sub	x8,x28,x21	 x28:0xc597f000 x21:0x00000000  x8=0xc597f000
        9025000	       901	80004eac	03270c63	beq	x14,x18,80004ee4	 x14:0x00020002 x18:0x80009f74
        9035000	       902	80004eb0	41c10133	sub	x2,x2,x28	  x2:0x018d2f81 x28:0xc597f000  x2=0x3bf53f81
        9045000	       903	80004eb4	04764663	blt	x12,x7,80004f00	 x12:0x00020002  x7:0x00000000
        9055000	       904	80004eb8	40875d33	sra	x26,x14,x8	 x14:0x00020002  x8:0xc597f000 x26=0x00020002
        9065000	       905	80004ebc	00774e33	xor	x28,x14,x7	 x14:0x00020002  x7:0x00000000 x28=0x00020002
        9075000	       906	80004ec0	0001b633	sltu	x12,x3,x0	  x3:0x00000000  x0:0x00000000 x12=0x00000000
        9085000	       907	80004ec4	01d36863	bltu	x6,x29,80004ed4	  x6:0x00000001 x29:0x001ffa5d
        9095000	       908	00000000	00000013	addi	x0,x0,0	  x0:0x00000000
        9105000	       909	80004ed0	00000013	addi	x0,x0,0	  x0:0x00000000
        9115000	       910	80004ed4	2dc4cd37	lui	x26,0x2dc4c	 x26=0x2dc4c000
        9125000	       911	80004ed8	01d03f33	sltu	x30,x0,x29	  x0:0x00000000 x29:0x001ffa5d x30=0x00000001
        9135000	       912	80004edc	002a4b33	xor	x22,x20,x2	 x20:0x00000000  x2:0x3bf53f81 x22=0x3bf53f81
        9145000	       913	80004ee0	05328863	beq	x5,x19,80004f30	  x5:0xfffffae8 x19:0x018d2800
        9155000	       914	80004ee4	0029eab3	or	x21,x19,x2	 x19:0x018d2800  x2:0x3bf53f81 x21=0x3bfd3f81
        9165000	       915	80004ee8	05815263	bge	x2,x24,80004f2c	  x2:0x3bf53f81 x24:0x00000001
        9175000	       916	00000000	00000013	addi	x0,x0,0	  x0:0x00000000
        9185000	       917	80004f28	00000013	addi	x0,x0,0	  x0:0x00000000
        9195000	       918	80004f2c	5dd4e493	ori	x9,x9,1501	  x9:0x00000322  x9=0x000007ff
        9205000	       919	80004f30	d83ad397	auipc	x7,0xd83ad	  x7=0x583b1f2c
        9215000	       920	80004f34	00458233	add	x4,x11,x4	 x11:0x00020002  x4:0x001fffff  x4=0x00220001
        9225000	       921	80004f38	00207263	bgeu	x0,x2,80004f3c	  x0:0x00000000  x2:0x3bf53f81
        9235000	       922	80004f3c	403dd013	srai	x0,x27,0x3	 x27:0x018d2f20
        9245000	       923	80004f40	8c678993	addi	x19,x15,-1850	 x15:0x00020083 x19=0x0001f949
        9255000	       924	80004f44	39744e93	xori	x29,x8,919	  x8:0xc597f000 x29=0xc597f397
        9265000	       925	80004f48	22a78813	addi	x16,x15,554	 x15:0x00020083 x16=0x000202ad
        9275000	       926	80004f4c	b8ca8013	addi	x0,x21,-1140	 x21:0x3bfd3f81
        9285000	       927	80004f50	27cea693	slti	x13,x29,636	 x29:0xc597f397 x13=0x00000001
        9295000	       928	80004f54	02f1d863	bge	x3,x15,80004f84	  x3:0x00000000 x15:0x00020083
        9305000	       929	80004f58	000c1093	slli	x1,x24,0x0	 x24:0x00000001  x1=0x00000001
        9315000	       930	80004f5c	01b97f33	and	x30,x18,x27	 x18:0x80009f74 x27:0x018d2f20 x30=0x00000f20
        9325000	       931	80004f60	001c5013	srli	x0,x24,0x1	 x24:0x00000001
        9335000	       932	80004f64	00158863	beq	x11,x1,80004f74	 x11:0x00020002  x1:0x00000001
        9345000	       933	80004f68	016fc863	blt	x31,x22,80004f78	 x31:0x00000001 x22:0x3bf53f81
        9355000	       934	00000000	00000013	addi	x0,x0,0	  x0:0x00000000
        9365000	       935	80004f74	00000013	addi	x0,x0,0	  x0:0x00000000
        9375000	       936	80004f78	048af663	bgeu	x21,x8,80004fc4	 x21:0x3bfd3f81  x8:0xc597f000
        9385000	       937	80004f7c	01e01e13	slli	x28,x0,0x1e	  x0:0x00000000 x28=0x00000000
        9395000	       938	80004f80	02d85263	bge	x16,x13,80004fa4	 x16:0x000202ad x13:0x00000001
        9405000	       939	00000000	00000013	addi	x0,x0,0	  x0:0x00000000
        9415000	       940	80004fa0	00000013	addi	x0,x0,0	  x0:0x00000000
        9425000	       941	80004fa4	0102d1b3	srl	x3,x5,x16	  x5:0xfffffae8 x16:0x000202ad  x3=0x0007ffff
        9435000	       942	80004fa8	0165b033	sltu	x0,x11,x22	 x11:0x00020002 x22:0x3bf53f81
        9445000	       943	80004fac	d6846cb7	lui	x25,0xd6846	 x25=0xd6846000
        9455000	       944	80004fb0	408bd3b3	sra	x7,x23,x8	 x23:0x00020002  x8:0xc597f000  x7=0x00020002
        9465000	       945	80004fb4	00000013	addi	x0,x0,0	  x0:0x00000000
        9475000	       946	80004fb8	05685863	bge	x16,x22,80005008	 x16:0x000202ad x22:0x3bf53f81
        9485000	       947	80004fbc	017c19b3	sll	x19,x24,x23	 x24:0x00000001 x23:0x00020002 x19=0x00000004
        9495000	       948	80004fc0	017edfb3	srl	x31,x29,x23	 x29:0xc597f397 x23:0x00020002 x31=0x3165fce5
        9505000	       949	80004fc4	41c68c33	sub	x24,x13,x28	 x13:0x00000001 x28:0x00000000 x24=0x00000001
        9515000	       950	80004fc8	0125d193	srli	x3,x11,0x12	 x11:0x00020002  x3=0x00000000
        9525000	       951	80004fcc	40c081b3	sub	x3,x1,x12	  x1:0x00000001 x12:0x00000000  x3=0x00000001
        9535000	       952	80004fd0	01c35293	srli	x5,x6,0x1c	  x6:0x00000001  x5=0x00000000
        9545000	       953	80004fd4	40038233	sub	x4,x7,x0	  x7:0x00020002  x0:0x00000000  x4=0x00020002
        9555000	       954	80004fd8	4127dd13	srai	x26,x15,0x12	 x15:0x00020083 x26=0x00000000
        9565000	       955	80004fdc	03aadc63	bge	x21,x26,80005014	 x21:0x3bfd3f81 x26:0x00000000
        9575000	       956	00000000	00000013	addi	x0,x0,0	  x0:0x00000000
        9585000	       957	80005010	00000013	addi	x0,x0,0	  x0:0x00000000
        9595000	       958	80005014	03d6c463	blt	x13,x29,8000503c	 x13:0x00000001 x29:0xc597f397
        9605000	       959	80005018	0108d713	srli	x14,x17,0x10	 x17:0x80009fc4 x14=0x00008000
        9615000	       960	8000501c	01691533	sll	x10,x18,x22	 x18:0x80009f74 x22:0x3bf53f81 x10=0x00013ee8
        9625000	       961	80005020	02010e63	beq	x2,x0,8000505c	  x2:0x3bf53f81  x0:0x00000000
        9635000	       962	80005024	02377663	bgeu	x14,x3,80005050	 x14:0x00008000  x3:0x00000001
        9645000	       963	00000000	00000013	addi	x0,x0,0	  x0:0x00000000
        9655000	       964	8000504c	00000013	addi	x0,x0,0	  x0:0x00000000
        9665000	       965	80005050	03ef0863	beq	x30,x30,80005080	 x30:0x00000f20 x30:0x00000f20
        9675000	       966	00000000	00000013	addi	x0,x0,0	  x0:0x00000000
        9685000	       967	8000507c	00000013	addi	x0,x0,0	  x0:0x00000000
        9695000	       968	80005080	db350393	addi	x7,x10,-589	 x10:0x00013ee8  x7=0x00013c9b
        9705000	       969	80005084	00000013	addi	x0,x0,0	  x0:0x00000000
        9715000	       970	80005088	00e25d93	srli	x27,x4,0xe	  x4:0x00020002 x27=0x00000008
        9725000	       971	8000508c	00793833	sltu	x16,x18,x7	 x18:0x80009f74  x7:0x00013c9b x16=0x00000000
        9735000	       972	80005090	00c29c13	slli	x24,x5,0xc	  x5:0x00000000 x24=0x00000000
        9745000	       973	80005094	00000013	addi	x0,x0,0	  x0:0x00000000
        9755000	       974	80005098	01d70a63	beq	x14,x29,800050ac	 x14:0x00008000 x29:0xc597f397
        9765000	       975	8000509c	016dd413	srli	x8,x27,0x16	 x27:0x00000008  x8=0x00000000
        9775000	       976	800050a0	00fb9e33	sll	x28,x23,x15	 x23:0x00020002 x15:0x00020083 x28=0x00100010
        9785000	       977	800050a4	b8cd4193	xori	x3,x26,-1140	 x26:0x00000000  x3=0xfffffb8c
        9795000	       978	800050a8	01b3d313	srli	x6,x7,0x1b	  x7:0x00013c9b  x6=0x00000000
        9805000	       979	800050ac	00000013	addi	x0,x0,0	  x0:0x00000000
        9815000	       980	800050b0	02105863	bge	x0,x1,800050e0	  x0:0x00000000  x1:0x00000001
        9825000	       981	800050b4	40ce0ab3	sub	x21,x28,x12	 x28:0x00100010 x12:0x00000000 x21=0x00100010
        9835000	       982	800050b8	46aabd93	sltiu	x27,x21,1130	 x21:0x00100010 x27=0x00000000
        9845000	       983	800050bc	01a41213	slli	x4,x8,0x1a	  x8:0x00000000  x4=0x00000000
        9855000	       984	800050c0	01b80833	add	x16,x16,x27	 x16:0x00000000 x27:0x00000000 x16=0x00000000
        9865000	       985	800050c4	41ad0fb3	sub	x31,x26,x26	 x26:0x00000000 x26:0x00000000 x31=0x00000000
        9875000	       986	800050c8	2c825737	lui	x14,0x2c825	 x14=0x2c825000
        9885000	       987	800050cc	76f30613	addi	x12,x6,1903	  x6:0x00000000 x12=0x0000076f
        9895000	       988	800050d0	0130eeb3	or	x29,x1,x19	  x1:0x00000001 x19:0x00000004 x29=0x00000005
        9905000	       989	800050d4	00fa73b3	and	x7,x20,x15	 x20:0x00000000 x15:0x00020083  x7=0x00000000
        9915000	       990	800050d8	ad442797	auipc	x15,0xad442	 x15=0x2d4470d4
        9925000	       991	800050dc	053b6663	bltu	x22,x19,80005128	 x22:0x3bf53f81 x19:0x00000004
        9935000	       992	800050e0	05d2f463	bgeu	x5,x29,80005128	  x5:0x00000000 x29:0x00000005
        9945000	       993	800050e4	cf127e13	andi	x28,x4,-783	  x4:0x00000000 x28=0x00000000
        9955000	       994	800050e8	47702413	slti	x8,x0,1143	  x0:0x00000000  x8=0x00000001
        9965000	       995	800050ec	0115dc63	bge	x11,x17,80005104	 x11:0x00020002 x17:0x80009fc4
        9975000	       996	00000000	00000013	addi	x0,x0,0	  x0:0x00000000
        9985000	       997	80005100	00000013	addi	x0,x0,0	  x0:0x00000000
        9995000	       998	80005104	41960033	sub	x0,x12,x25	 x12:0x0000076f x25:0xd6846000
       10005000	       999	80005108	05c65463	bge	x12,x28,80005150	 x12:0x0000076f x28:0x00000000
       10015000	      1000	00000000	00000013	addi	x0,x0,0	  x0:0x00000000
       10025000	      1001	8000514c	00000013	addi	x0,x0,0	  x0:0x00000000
       10035000	      1002	80005150	01edbcb3	sltu	x25,x27,x30	 x27:0x00000000 x30:0x00000f20 x25=0x00000001
       10045000	      1003	80005154	91502093	slti	x1,x0,-1771	  x0:0x00000000  x1=0x00000000
       10055000	      1004	80005158	fc8ef013	andi	x0,x29,-56	 x29:0x00000005
       10065000	      1005	8000515c	40aa56b3	sra	x13,x20,x10	 x20:0x00000000 x10:0x00013ee8 x13=0x00000000
       10075000	      1006	80005160	00649813	slli	x16,x9,0x6	  x9:0x000007ff x16=0x0001ffc0
       10085000	      1007	80005164	f2d5b413	sltiu	x8,x11,-211	 x11:0x00020002  x8=0x00000001
       10095000	      1008	80005168	03ba8663	beq	x21,x27,80005194	 x21:0x00100010 x27:0x00000000
       10105000	      1009	8000516c	438b0193	addi	x3,x22,1080	 x22:0x3bf53f81  x3=0x3bf543b9
       10115000	      1010	80005170	01949c93	slli	x25,x9,0x19	  x9:0x000007ff x25=0xfe000000
       10125000	      1011	80005174	cde93d13	sltiu	x26,x18,-802	 x18:0x80009f74 x26=0x00000001
       10135000	      1012	80005178	00000013	addi	x0,x0,0	  x0:0x00000000
       10145000	      1013	8000517c	03510a63	beq	x2,x21,800051b0	  x2:0x3bf53f81 x21:0x00100010
       10155000	      1014	80005180	402cd713	srai	x14,x25,0x2	 x25:0xfe000000 x14=0xff800000
       10165000	      1015	80005184	382a2493	slti	x9,x20,898	 x20:0x00000000  x9=0x00000001
       10175000	      1016	80005188	40d4d493	srai	x9,x9,0xd	  x9:0x00000001  x9=0x00000000
       10185000	      1017	8000518c	aa632d13	slti	x26,x6,-1370	  x6:0x00000000 x26=0x00000000
       10195000	      1018	80005190	02875463	bge	x14,x8,800051b8	 x14:0xff800000  x8:0x00000001
       10205000	      1019	80005194	03587d13	andi	x26,x16,53	 x16:0x0001ffc0 x26=0x00000000
       10215000	      1020	80005198	04f41263	bne	x8,x15,800051dc	  x8:0x00000001 x15:0x2d4470d4
       10225000	      1021	00000000	00000013	addi	x0,x0,0	  x0:0x00000000
       10235000	      1022	800051d8	00000013	addi	x0,x0,0	  x0:0x00000000
       10245000	      1023	800051dc	02a28263	beq	x5,x10,80005200	  x5:0x00000000 x10:0x00013ee8
       10255000	      1024	800051e0	00d921b3	slt	x3,x18,x13	 x18:0x80009f74 x13:0x00000000  x3=0x00000001
       10265000	      1025	800051e4	01ab09b3	add	x19,x22,x26	 x22:0x3bf53f81 x26:0x00000000 x19=0x3bf53f81
       10275000	      1026	800051e8	01ff0733	add	x14,x30,x31	 x30:0x00000f20 x31:0x00000000 x14=0x00000f20
       10285000	      1027	800051ec	033dc593	xori	x11,x27,51	 x27:0x00000000 x11=0x00000033
       10295000	      1028	800051f0	00b11863	bne	x2,x11,80005200	  x2:0x3bf53f81 x11:0x00000033
       10305000	      1029	00000000	00000013	addi	x0,x0,0	  x0:0x00000000
       10315000	      1030	800051fc	00000013	addi	x0,x0,0	  x0:0x00000000
       10325000	      1031	80005200	f9d5f013	andi	x0,x11,-99	 x11:0x00000033
       10335000	      1032	80005204	2861cc13	xori	x24,x3,646	  x3:0x00000001 x24=0x00000287
       10345000	      1033	80005208	00798a63	beq	x19,x7,8000521c	 x19:0x3bf53f81  x7:0x00000000
       10355000	      1034	8000520c	011d7c63	bgeu	x26,x17,80005224	 x26:0x00000000 x17:0x80009fc4
       10365000	      1035	80005210	00f992b3	sll	x5,x19,x15	 x19:0x3bf53f81 x15:0x2d4470d4  x5=0xf8100000
       10375000	      1036	80005214	00bbb3b3	sltu	x7,x23,x11	 x23:0x00020002 x11:0x00000033  x7=0x00000000
       10385000	      1037	80005218	94578813	addi	x16,x15,-1723	 x15:0x2d4470d4 x16=0x2d446a19
       10395000	      1038	8000521c	00f24633	xor	x12,x4,x15	  x4:0x00000000 x15:0x2d4470d4 x12=0x2d4470d4
       10405000	      1039	80005220	406cdeb3	sra	x29,x25,x6	 x25:0xfe000000  x6:0x00000000 x29=0xfe000000
       10415000	      1040	80005224	01def7b3	and	x15,x29,x29	 x29:0xfe000000 x29:0xfe000000 x15=0xfe000000
       10425000	      1041	80005228	0062aab3	slt	x21,x5,x6	  x5:0xf8100000  x6:0x00000000 x21=0x00000001
       10435000	      1042	8000522c	03be9863	bne	x29,x27,8000525c	 x29:0xfe000000 x27:0x00000000
       10445000	      1043	00000000	00000013	addi	x0,x0,0	  x0:0x00000000
       10455000	      1044	80005258	00000013	addi	x0,x0,0	  x0:0x00000000
       10465000	      1045	8000525c	0143f133	and	x2,x7,x20	  x7:0x00000000 x20:0x00000000  x2=0x00000000
       10475000	      1046	80005260	f89f8b37	lui	x22,0xf89f8	 x22=0xf89f8000
       10485000	      1047	80005264	004ef0b3	and	x1,x29,x4	 x29:0xfe000000  x4:0x00000000  x1=0x00000000
       10495000	      1048	80005268	016a4bb3	xor	x23,x20,x22	 x20:0x00000000 x22:0xf89f8000 x23=0xf89f8000
       10505000	      1049	8000526c	005e16b3	sll	x13,x28,x5	 x28:0x00000000  x5:0xf8100000 x13=0x00000000
       10515000	      1050	80005270	012f8233	add	x4,x31,x18	 x31:0x00000000 x18:0x80009f74  x4=0x80009f74
       10525000	      1051	80005274	01e164b3	or	x9,x2,x30	  x2:0x00000000 x30:0x00000f20  x9=0x00000f20
       10535000	      1052	80005278	0544d463	bge	x9,x20,800052c0	  x9:0x00000f20 x20:0x00000000
       10545000	      1053	00000000	00000013	addi	x0,x0,0	  x0:0x00000000
       10555000	      1054	800052bc	00000013	addi	x0,x0,0	  x0:0x00000000
       10565000	      1055	800052c0	5a2fee13	ori	x28,x31,1442	 x31:0x00000000 x28=0x000005a2
       10575000	      1056	800052c4	0454c463	blt	x9,x5,8000530c	  x9:0x00000f20  x5:0xf8100000
       10585000	      1057	800052c8	01e2deb3	srl	x29,x5,x30	  x5:0xf8100000 x30:0x00000f20 x29=0xf8100000
       10595000	      1058	800052cc	90a70013	addi	x0,x14,-1782	 x14:0x00000f20
       10605000	      1059	800052d0	8f213cb7	lui	x25,0x8f213	 x25=0x8f213000
       10615000	      1060	800052d4	6d0ea213	slti	x4,x29,1744	 x29:0xf8100000  x4=0x00000001
       10625000	      1061	800052d8	41a10513	addi	x10,x2,1050	  x2:0x00000000 x10=0x0000041a
       10635000	      1062	800052dc	0505d063	bge	x11,x16,8000531c	 x11:0x00000033 x16:0x2d446a19
       10645000	      1063	800052e0	019d87b3	add	x15,x27,x25	 x27:0x00000000 x25:0x8f213000 x15=0x8f213000
       10655000	      1064	800052e4	01ad0863	beq	x26,x26,800052f4	 x26:0x00000000 x26:0x00000000
       10665000	      1065	00000000	00000013	addi	x0,x0,0	  x0:0x00000000
       10675000	      1066	800052f0	00000013	addi	x0,x0,0	  x0:0x00000000
       10685000	      1067	800052f4	003b7263	bgeu	x22,x3,800052f8	 x22:0xf89f8000  x3:0x00000001
       10695000	      1068	00000000	00000013	addi	x0,x0,0	  x0:0x00000000
       10705000	      1069	800052f4	00000013	addi	x0,x0,0	  x0:0x00000000
       10715000	      1070	800052f8	cca72593	slti	x11,x14,-822	 x14:0x00000f20 x11=0x00000000
       10725000	      1071	800052fc	abc37993	andi	x19,x6,-1348	  x6:0x00000000 x19=0x00000000
       10735000	      1072	80005300	5b6cc493	xori	x9,x25,1462	 x25:0x8f213000  x9=0x8f2135b6
       10745000	      1073	80005304	00000013	addi	x0,x0,0	  x0:0x00000000
       10755000	      1074	80005308	00000013	addi	x0,x0,0	  x0:0x00000000
       10765000	      1075	8000530c	40995ab3	sra	x21,x18,x9	 x18:0x80009f74  x9:0x8f2135b6 x21=0xfffffe00
       10775000	      1076	80005310	05b2d463	bge	x5,x27,80005358	  x5:0xf8100000 x27:0x00000000
       10785000	      1077	80005314	016b1793	slli	x15,x22,0x16	 x22:0xf89f8000 x15=0x00000000
       10795000	      1078	80005318	00a88233	add	x4,x17,x10	 x17:0x80009fc4 x10:0x0000041a  x4=0x8000a3de
       10805000	      1079	8000531c	00932db3	slt	x27,x6,x9	  x6:0x00000000  x9:0x8f2135b6 x27=0x00000000
       10815000	      1080	80005320	01821793	slli	x15,x4,0x18	  x4:0x8000a3de x15=0xde000000
       10825000	      1081	80005324	e7f9b993	sltiu	x19,x19,-385	 x19:0x00000000 x19=0x00000001
       10835000	      1082	80005328	014094b3	sll	x9,x1,x20	  x1:0x00000000 x20:0x00000000  x9=0x00000000
       10845000	      1083	8000532c	016abd33	sltu	x26,x21,x22	 x21:0xfffffe00 x22:0xf89f8000 x26=0x00000000
       10855000	      1084	80005330	001b4333	xor	x6,x22,x1	 x22:0xf89f8000  x1:0x00000000  x6=0xf89f8000
       10865000	      1085	80005334	0133e2b3	or	x5,x7,x19	  x7:0x00000000 x19:0x00000001  x5=0x00000001
       10875000	      1086	80005338	dee47b13	andi	x22,x8,-530	  x8:0x00000001 x22=0x00000000
       10885000	      1087	8000533c	1b9acf93	xori	x31,x21,441	 x21:0xfffffe00 x31=0xffffffb9
       10895000	      1088	80005340	6471c013	xori	x0,x3,1607	  x3:0x00000001
       10905000	      1089	80005344	40b002b3	sub	x5,x0,x11	  x0:0x00000000 x11:0x00000000  x5=0x00000000
       10915000	      1090	80005348	00ae22b3	slt	x5,x28,x10	 x28:0x000005a2 x10:0x0000041a  x5=0x00000000
       10925000	      1091	8000534c	00000013	addi	x0,x0,0	  x0:0x00000000
       10935000	      1092	80005350	01b5cab3	xor	x21,x11,x27	 x11:0x00000000 x27:0x00000000 x21=0x00000000
       10945000	      1093	80005354	01c19093	slli	x1,x3,0x1c	  x3:0x00000001  x1=0x10000000
       10955000	      1094	80005358	da7f6f13	ori	x30,x30,-601	 x30:0x00000f20 x30=0xffffffa7
       10965000	      1095	8000535c	033a9a63	bne	x21,x19,80005390	 x21:0x00000000 x19:0x00000001
       10975000	      1096	00000000	00000013	addi	x0,x0,0	  x0:0x00000000
       10985000	      1097	8000538c	00000013	addi	x0,x0,0	  x0:0x00000000
       10995000	      1098	80005390	40e4deb3	sra	x29,x9,x14	  x9:0x00000000 x14:0x00000f20 x29=0x00000000
       11005000	      1099	80005394	03716e63	bltu	x2,x23,800053d0	  x2:0x00000000 x23:0xf89f8000
       11015000	      1100	00000000	00000013	addi	x0,x0,0	  x0:0x00000000
       11025000	      1101	800053cc	00000013	addi	x0,x0,0	  x0:0x00000000
       11035000	      1102	800053d0	80a3bd93	sltiu	x27,x7,-2038	  x7:0x00000000 x27=0x00000001
       11045000	      1103	800053d4	01056263	bltu	x10,x16,800053d8	 x10:0x0000041a x16:0x2d446a19
       11055000	      1104	00000000	00000013	addi	x0,x0,0	  x0:0x00000000
       11065000	      1105	800053d4	00000013	addi	x0,x0,0	  x0:0x00000000
       11075000	      1106	800053d8	018fd9b3	srl	x19,x31,x24	 x31:0xffffffb9 x24:0x00000287 x19=0x01ffffff
       11085000	      1107	800053dc	01192cb3	slt	x25,x18,x17	 x18:0x80009f74 x17:0x80009fc4 x25=0x00000001
       11095000	      1108	800053e0	99350693	addi	x13,x10,-1645	 x10:0x0000041a x13=0xfffffdad
       11105000	      1109	800053e4	042a0463	beq	x20,x2,8000542c	 x20:0x00000000  x2:0x00000000
       11115000	      1110	00000000	00000013	addi	x0,x0,0	  x0:0x00000000
       11125000	      1111	80005428	00000013	addi	x0,x0,0	  x0:0x00000000
       11135000	      1112	8000542c	0d7cbf93	sltiu	x31,x25,215	 x25:0x00000001 x31=0x00000001
       11145000	      1113	80005430	0553d463	bge	x7,x21,80005478	  x7:0x00000000 x21:0x00000000
       11155000	      1114	00000000	00000013	addi	x0,x0,0	  x0:0x00000000
       11165000	      1115	80005474	00000013	addi	x0,x0,0	  x0:0x00000000
       11175000	      1116	80005478	00d546b3	xor	x13,x10,x13	 x10:0x0000041a x13:0xfffffdad x13=0xfffff9b7
       11185000	      1117	8000547c	db547993	andi	x19,x8,-587	  x8:0x00000001 x19=0x00000001
       11195000	      1118	80005480	0120d733	srl	x14,x1,x18	  x1:0x10000000 x18:0x80009f74 x14=0x00000100
       11205000	      1119	80005484	002b1313	slli	x6,x22,0x2	 x22:0x00000000  x6=0x00000000
       11215000	      1120	80005488	00a7cd33	xor	x26,x15,x10	 x15:0xde000000 x10:0x0000041a x26=0xde00041a
       11225000	      1121	8000548c	04940663	beq	x8,x9,800054d8	  x8:0x00000001  x9:0x00000000
       11235000	      1122	80005490	00ad50b3	srl	x1,x26,x10	 x26:0xde00041a x10:0x0000041a  x1=0x00000037
       11245000	      1123	80005494	00000013	addi	x0,x0,0	  x0:0x00000000
       11255000	      1124	80005498	388b6b93	ori	x23,x22,904	 x22:0x00000000 x23=0x00000388
       11265000	      1125	8000549c	01fff1b3	and	x3,x31,x31	 x31:0x00000001 x31:0x00000001  x3=0x00000001
       11275000	      1126	800054a0	005c1213	slli	x4,x24,0x5	 x24:0x00000287  x4=0x000050e0
       11285000	      1127	800054a4	00aa55b3	srl	x11,x20,x10	 x20:0x00000000 x10:0x0000041a x11=0x00000000
       11295000	      1128	800054a8	8c26c113	xori	x2,x13,-1854	 x13:0xfffff9b7  x2=0x00000175
       11305000	      1129	800054ac	c9f72213	slti	x4,x14,-865	 x14:0x00000100  x4=0x00000000
       11315000	      1130	800054b0	bf6bfc93	andi	x25,x23,-1034	 x23:0x00000388 x25=0x00000380
       11325000	      1131	800054b4	7667a213	slti	x4,x15,1894	 x15:0xde000000  x4=0x00000001
       11335000	      1132	800054b8	01e49e33	sll	x28,x9,x30	  x9:0x00000000 x30:0xffffffa7 x28=0x00000000
       11345000	      1133	800054bc	01794733	xor	x14,x18,x23	 x18:0x80009f74 x23:0x00000388 x14=0x80009cfc
       11355000	      1134	800054c0	013b0733	add	x14,x22,x19	 x22:0x00000000 x19:0x00000001 x14=0x00000001
       11365000	      1135	800054c4	0061ac33	slt	x24,x3,x6	  x3:0x00000001  x6:0x00000000 x24=0x00000000
       11375000	      1136	800054c8	40c9d013	srai	x0,x19,0xc	 x19:0x00000001
       11385000	      1137	800054cc	03eb1e63	bne	x22,x30,80005508	 x22:0x00000000 x30:0xffffffa7
       11395000	      1138	00000000	00000013	addi	x0,x0,0	  x0:0x00000000
       11405000	      1139	80005504	00000013	addi	x0,x0,0	  x0:0x00000000
       11415000	      1140	80005508	00000013	addi	x0,x0,0	  x0:0x00000000
       11425000	      1141	8000550c	01369d33	sll	x26,x13,x19	 x13:0xfffff9b7 x19:0x00000001 x26=0xfffff36e
       11435000	      1142	80005510	00ab5593	srli	x11,x22,0xa	 x22:0x00000000 x11=0x00000000
       11445000	      1143	80005514	02fd1263	bne	x26,x15,80005538	 x26:0xfffff36e x15:0xde000000
       11455000	      1144	00000000	00000013	addi	x0,x0,0	  x0:0x00000000
       11465000	      1145	80005534	00000013	addi	x0,x0,0	  x0:0x00000000
       11475000	      1146	80005538	01246a63	bltu	x8,x18,8000554c	  x8:0x00000001 x18:0x80009f74
       11485000	      1147	00000000	00000013	addi	x0,x0,0	  x0:0x00000000
       11495000	      1148	80005548	00000013	addi	x0,x0,0	  x0:0x00000000
       11505000	      1149	8000554c	20b0be13	sltiu	x28,x1,523	  x1:0x00000037 x28=0x00000001
       11515000	      1150	80005550	0239f063	bgeu	x19,x3,80005570	 x19:0x00000001  x3:0x00000001
       11525000	      1151	00000000	00000013	addi	x0,x0,0	  x0:0x00000000
       11535000	      1152	8000556c	00000013	addi	x0,x0,0	  x0:0x00000000
       11545000	      1153	80005570	0363f463	bgeu	x7,x22,80005598	  x7:0x00000000 x22:0x00000000
       11555000	      1154	00000000	00000013	addi	x0,x0,0	  x0:0x00000000
       11565000	      1155	80005594	00000013	addi	x0,x0,0	  x0:0x00000000
       11575000	      1156	80005598	40da8733	sub	x14,x21,x13	 x21:0x00000000 x13:0xfffff9b7 x14=0x00000649
       11585000	      1157	8000559c	01b861b3	or	x3,x16,x27	 x16:0x2d446a19 x27:0x00000001  x3=0x2d446a19
       11595000	      1158	800055a0	01cd8c33	add	x24,x27,x28	 x27:0x00000001 x28:0x00000001 x24=0x00000002
       11605000	      1159	800055a4	4c544413	xori	x8,x8,1221	  x8:0x00000001  x8=0x000004c4
       11615000	      1160	800055a8	00159263	bne	x11,x1,800055ac	 x11:0x00000000  x1:0x00000037
       11625000	      1161	00000000	00000013	addi	x0,x0,0	  x0:0x00000000
       11635000	      1162	800055a8	00000013	addi	x0,x0,0	  x0:0x00000000
       11645000	      1163	800055ac	00f94eb3	xor	x29,x18,x15	 x18:0x80009f74 x15:0xde000000 x29=0x5e009f74
       11655000	      1164	800055b0	007a9a63	bne	x21,x7,800055c4	 x21:0x00000000  x7:0x00000000
       11665000	      1165	800055b4	00408c63	beq	x1,x4,800055cc	  x1:0x00000037  x4:0x00000001
       11675000	      1166	800055b8	4155dc93	srai	x25,x11,0x15	 x11:0x00000000 x25=0x00000000
       11685000	      1167	800055bc	018694b3	sll	x9,x13,x24	 x13:0xfffff9b7 x24:0x00000002  x9=0xffffe6dc
       11695000	      1168	800055c0	017734b3	sltu	x9,x14,x23	 x14:0x00000649 x23:0x00000388  x9=0x00000000
       11705000	      1169	800055c4	01226eb3	or	x29,x4,x18	  x4:0x00000001 x18:0x80009f74 x29=0x80009f75
       11715000	      1170	800055c8	03394263	blt	x18,x19,800055ec	 x18:0x80009f74 x19:0x00000001
       11725000	      1171	00000000	00000013	addi	x0,x0,0	  x0:0x00000000
       11735000	      1172	800055e8	00000013	addi	x0,x0,0	  x0:0x00000000
       11745000	      1173	800055ec	240001b7	lui	x3,0x24000	  x3=0x24000000
       11755000	      1174	800055f0	005cde93	srli	x29,x25,0x5	 x25:0x00000000 x29=0x00000000
       11765000	      1175	800055f4	01b5ab33	slt	x22,x11,x27	 x11:0x00000000 x27:0x00000001 x22=0x00000001
       11775000	      1176	800055f8	021fec63	bltu	x31,x1,80005630	 x31:0x00000001  x1:0x00000037
       11785000	      1177	00000000	00000013	addi	x0,x0,0	  x0:0x00000000
       11795000	      1178	8000562c	00000013	addi	x0,x0,0	  x0:0x00000000
       11805000	      1179	80005630	09aeeb93	ori	x23,x29,154	 x29:0x00000000 x23=0x0000009a
       11815000	      1180	80005634	d2df7b13	andi	x22,x30,-723	 x30:0xffffffa7 x22=0xfffffd25
       11825000	      1181	80005638	4045d293	srai	x5,x11,0x4	 x11:0x00000000  x5=0x00000000
       11835000	      1182	8000563c	0194e863	bltu	x9,x25,8000564c	  x9:0x00000000 x25:0x00000000
       11845000	      1183	80005640	40bb0ab3	sub	x21,x22,x11	 x22:0xfffffd25 x11:0x00000000 x21=0xfffffd25
       11855000	      1184	80005644	01555213	srli	x4,x10,0x15	 x10:0x0000041a  x4=0x00000000
       11865000	      1185	80005648	6ac48093	addi	x1,x9,1708	  x9:0x00000000  x1=0x000006ac
       11875000	      1186	8000564c	017a2133	slt	x2,x20,x23	 x20:0x00000000 x23:0x0000009a  x2=0x00000001
       11885000	      1187	80005650	53874c93	xori	x25,x14,1336	 x14:0x00000649 x25=0x00000371
       11895000	      1188	80005654	03f06863	bltu	x0,x31,80005684	  x0:0x00000000 x31:0x00000001
       11905000	      1189	00000000	00000013	addi	x0,x0,0	  x0:0x00000000
       11915000	      1190	80005680	00000013	addi	x0,x0,0	  x0:0x00000000
       11925000	      1191	80005684	711df713	andi	x14,x27,1809	 x27:0x00000001 x14=0x00000001
       11935000	      1192	80005688	d32b4613	xori	x12,x22,-718	 x22:0xfffffd25 x12=0x00000017
       11945000	      1193	8000568c	ed91f493	andi	x9,x3,-295	  x3:0x24000000  x9=0x24000000
       11955000	      1194	80005690	4dde8697	auipc	x13,0x4dde8	 x13=0xcdded68c
       11965000	      1195	80005694	02d2e863	bltu	x5,x13,800056c4	  x5:0x00000000 x13:0xcdded68c
       11975000	      1196	00000000	00000013	addi	x0,x0,0	  x0:0x00000000
       11985000	      1197	800056c0	00000013	addi	x0,x0,0	  x0:0x00000000
       11995000	      1198	800056c4	418286b3	sub	x13,x5,x24	  x5:0x00000000 x24:0x00000002 x13=0xfffffffe
       12005000	      1199	800056c8	fbdb0c13	addi	x24,x22,-67	 x22:0xfffffd25 x24=0xfffffce2
       12015000	      1200	800056cc	053df263	bgeu	x27,x19,80005710	 x27:0x00000001 x19:0x00000001
       12025000	      1201	00000000	00000013	addi	x0,x0,0	  x0:0x00000000
       12035000	      1202	8000570c	00000013	addi	x0,x0,0	  x0:0x00000000
       12045000	      1203	80005710	001407b3	add	x15,x8,x1	  x8:0x000004c4  x1:0x000006ac x15=0x00000b70
       12055000	      1204	80005714	015a3cb3	sltu	x25,x20,x21	 x20:0x00000000 x21:0xfffffd25 x25=0x00000001
       12065000	      1205	80005718	0072fdb3	and	x27,x5,x7	  x5:0x00000000  x7:0x00000000 x27=0x00000000
       12075000	      1206	8000571c	d8c96b13	ori	x22,x18,-628	 x18:0x80009f74 x22=0xfffffffc
       12085000	      1207	80005720	012cb6b3	sltu	x13,x25,x18	 x25:0x00000001 x18:0x80009f74 x13=0x00000001
       12095000	      1208	80005724	c81d6cb7	lui	x25,0xc81d6	 x25=0xc81d6000
       12105000	      1209	80005728	5a3a7313	andi	x6,x20,1443	 x20:0x00000000  x6=0x00000000
       12115000	      1210	8000572c	03659663	bne	x11,x22,80005758	 x11:0x00000000 x22:0xfffffffc
       12125000	      1211	00000000	00000013	addi	x0,x0,0	  x0:0x00000000
       12135000	      1212	80005754	00000013	addi	x0,x0,0	  x0:0x00000000
       12145000	      1213	80005758	03b71863	bne	x14,x27,80005788	 x14:0x00000001 x27:0x00000000
       12155000	      1214	00000000	00000013	addi	x0,x0,0	  x0:0x00000000
       12165000	      1215	80005784	00000013	addi	x0,x0,0	  x0:0x00000000
       12175000	      1216	80005788	41aed393	srai	x7,x29,0x1a	 x29:0x00000000  x7=0x00000000
       12185000	      1217	8000578c	001440b3	xor	x1,x8,x1	  x8:0x000004c4  x1:0x000006ac  x1=0x00000268
       12195000	      1218	80005790	00cd9413	slli	x8,x27,0xc	 x27:0x00000000  x8=0x00000000
       12205000	      1219	80005794	00f7b0b3	sltu	x1,x15,x15	 x15:0x00000b70 x15:0x00000b70  x1=0x00000000
       12215000	      1220	80005798	eea37d93	andi	x27,x6,-278	  x6:0x00000000 x27=0x00000000
       12225000	      1221	8000579c	040d8863	beq	x27,x0,800057ec	 x27:0x00000000  x0:0x00000000
       12235000	      1222	00000000	00000013	addi	x0,x0,0	  x0:0x00000000
       12245000	      1223	800057e8	00000013	addi	x0,x0,0	  x0:0x00000000
       12255000	      1224	800057ec	7a64ff93	andi	x31,x9,1958	  x9:0x24000000 x31=0x00000000
       12265000	      1225	800057f0	031b7263	bgeu	x22,x17,80005814	 x22:0xfffffffc x17:0x80009fc4
       12275000	      1226	00000000	00000013	addi	x0,x0,0	  x0:0x00000000
       12285000	      1227	80005810	00000013	addi	x0,x0,0	  x0:0x00000000
       12295000	      1228	80005814	c5760793	addi	x15,x12,-937	 x12:0x00000017 x15=0xfffffc6e
       12305000	      1229	80005818	04546463	bltu	x8,x5,80005860	  x8:0x00000000  x5:0x00000000
       12315000	      1230	8000581c	0098eb33	or	x22,x17,x9	 x17:0x80009fc4  x9:0x24000000 x22=0xa4009fc4
       12325000	      1231	80005820	41cbdfb3	sra	x31,x23,x28	 x23:0x0000009a x28:0x00000001 x31=0x0000004d
       12335000	      1232	80005824	002bd0b3	srl	x1,x23,x2	 x23:0x0000009a  x2:0x00000001  x1=0x0000004d
       12345000	      1233	80005828	01fa0863	beq	x20,x31,80005838	 x20:0x00000000 x31:0x0000004d
       12355000	      1234	8000582c	0154e263	bltu	x9,x21,80005830	  x9:0x24000000 x21:0xfffffd25
       12365000	      1235	00000000	00000013	addi	x0,x0,0	  x0:0x00000000
       12375000	      1236	8000582c	00000013	addi	x0,x0,0	  x0:0x00000000
       12385000	      1237	80005830	025c8063	beq	x25,x5,80005850	 x25:0xc81d6000  x5:0x00000000
       12395000	      1238	80005834	00c45493	srli	x9,x8,0xc	  x8:0x00000000  x9=0x00000000
       12405000	      1239	80005838	00f00f33	add	x30,x0,x15	  x0:0x00000000 x15:0xfffffc6e x30=0xfffffc6e
       12415000	      1240	8000583c	00000013	addi	x0,x0,0	  x0:0x00000000
       12425000	      1241	80005840	01064f33	xor	x30,x12,x16	 x12:0x00000017 x16:0x2d446a19 x30=0x2d446a0e
       12435000	      1242	80005844	00e773b3	and	x7,x14,x14	 x14:0x00000001 x14:0x00000001  x7=0x00000001
       12445000	      1243	80005848	8e012113	slti	x2,x2,-1824	  x2:0x00000001  x2=0x00000000
       12455000	      1244	8000584c	00b327b3	slt	x15,x6,x11	  x6:0x00000000 x11:0x00000000 x15=0x00000000
       12465000	      1245	80005850	41e55833	sra	x16,x10,x30	 x10:0x0000041a x30:0x2d446a0e x16=0x00000000
       12475000	      1246	80005854	ecd9a237	lui	x4,0xecd9a	  x4=0xecd9a000
       12485000	      1247	80005858	002299b3	sll	x19,x5,x2	  x5:0x00000000  x2:0x00000000 x19=0x00000000
       12495000	      1248	8000585c	00c37433	and	x8,x6,x12	  x6:0x00000000 x12:0x00000017  x8=0x00000000
       12505000	      1249	80005860	0b8d9663	bne	x27,x24,8000590c	 x27:0x00000000 x24:0xfffffce2
       12515000	      1250	00000000	00000013	addi	x0,x0,0	  x0:0x00000000
       12525000	      1251	80005908	00000013	addi	x0,x0,0	  x0:0x00000000
       12535000	      1252	8000590c	15bc8db7	lui	x27,0x15bc8	 x27=0x15bc8000
       12545000	      1253	80005910	00537bb3	and	x23,x6,x5	  x6:0x00000000  x5:0x00000000 x23=0x00000000
       12555000	      1254	80005914	001f36b3	sltu	x13,x30,x1	 x30:0x2d446a0e  x1:0x0000004d x13=0x00000000
       12565000	      1255	80005918	01629b33	sll	x22,x5,x22	  x5:0x00000000 x22:0xa4009fc4 x22=0x00000000
       12575000	      1256	8000591c	cb13ac93	slti	x25,x7,-847	  x7:0x00000001 x25=0x00000000
       12585000	      1257	80005920	00b387b3	add	x15,x7,x11	  x7:0x00000001 x11:0x00000000 x15=0x00000001
       12595000	      1258	80005924	0010cb33	xor	x22,x1,x1	  x1:0x0000004d  x1:0x0000004d x22=0x00000000
       12605000	      1259	80005928	bf54ae13	slti	x28,x9,-1035	  x9:0x00000000 x28=0x00000000
       12615000	      1260	8000592c	03cf4863	blt	x30,x28,8000595c	 x30:0x2d446a0e x28:0x00000000
       12625000	      1261	80005930	b479c713	xori	x14,x19,-1209	 x19:0x00000000 x14=0xfffffb47
       12635000	      1262	80005934	003c93b3	sll	x7,x25,x3	 x25:0x00000000  x3:0x24000000  x7=0x00000000
       12645000	      1263	80005938	403d5b93	srai	x23,x26,0x3	 x26:0xfffff36e x23=0xfffffe6d
       12655000	      1264	8000593c	0153bbb3	sltu	x23,x7,x21	  x7:0x00000000 x21:0xfffffd25 x23=0x00000001
       12665000	      1265	80005940	00738433	add	x8,x7,x7	  x7:0x00000000  x7:0x00000000  x8=0x00000000
       12675000	      1266	80005944	408a8cb3	sub	x25,x21,x8	 x21:0xfffffd25  x8:0x00000000 x25=0xfffffd25
       12685000	      1267	80005948	10870c13	addi	x24,x14,264	 x14:0xfffffb47 x24=0xfffffc4f
       12695000	      1268	8000594c	019dc463	blt	x27,x25,80005954	 x27:0x15bc8000 x25:0xfffffd25
       12705000	      1269	80005950	004b97b3	sll	x15,x23,x4	 x23:0x00000001  x4:0xecd9a000 x15=0x00000001
       12715000	      1270	80005954	00a9f863	bgeu	x19,x10,80005964	 x19:0x00000000 x10:0x0000041a
       12725000	      1271	80005958	00737233	and	x4,x6,x7	  x6:0x00000000  x7:0x00000000  x4=0x00000000
       12735000	      1272	8000595c	01fe7c63	bgeu	x28,x31,80005974	 x28:0x00000000 x31:0x0000004d
       12745000	      1273	80005960	01e36033	or	x0,x6,x30	  x6:0x00000000 x30:0x2d446a0e
       12755000	      1274	80005964	00cd9133	sll	x2,x27,x12	 x27:0x15bc8000 x12:0x00000017  x2=0x00000000
       12765000	      1275	80005968	96854f93	xori	x31,x10,-1688	 x10:0x0000041a x31=0xfffffd72
       12775000	      1276	8000596c	2ad48313	addi	x6,x9,685	  x9:0x00000000  x6=0x000002ad
       12785000	      1277	80005970	005bd813	srli	x16,x23,0x5	 x23:0x00000001 x16=0x00000000
       12795000	      1278	80005974	403c0e33	sub	x28,x24,x3	 x24:0xfffffc4f  x3:0x24000000 x28=0xdbfffc4f
       12805000	      1279	80005978	d3054f17	auipc	x30,0xd3054	 x30=0x53059974
       12815000	      1280	8000597c	018d6a63	bltu	x26,x24,80005990	 x26:0xfffff36e x24:0xfffffc4f
       12825000	      1281	00000000	00000013	addi	x0,x0,0	  x0:0x00000000
       12835000	      1282	8000598c	00000013	addi	x0,x0,0	  x0:0x00000000
       12845000	      1283	80005990	017c5b13	srli	x22,x24,0x17	 x24:0xfffffc4f x22=0x000001ff
       12855000	      1284	80005994	337a0093	addi	x1,x20,823	 x20:0x00000000  x1=0x00000337
       12865000	      1285	80005998	414a0833	sub	x16,x20,x20	 x20:0x00000000 x20:0x00000000 x16=0x00000000
       12875000	      1286	8000599c	537cb293	sltiu	x5,x25,1335	 x25:0xfffffd25  x5=0x00000000
       12885000	      1287	800059a0	01b6bab3	sltu	x21,x13,x27	 x13:0x00000000 x27:0x15bc8000 x21=0x00000001
       12895000	      1288	800059a4	fdb1d617	auipc	x12,0xfdb1d	 x12=0x7db229a0
       12905000	      1289	800059a8	017552b3	srl	x5,x10,x23	 x10:0x0000041a x23:0x00000001  x5=0x0000020d
       12915000	      1290	800059ac	7dce4e93	xori	x29,x28,2012	 x28:0xdbfffc4f x29=0xdbfffb93
       12925000	      1291	800059b0	d3600b17	auipc	x22,0xd3600	 x22=0x536059ac
       12935000	      1292	800059b4	0016a233	slt	x4,x13,x1	 x13:0x00000000  x1:0x00000337  x4=0x00000001
       12945000	      1293	800059b8	b9fc0413	addi	x8,x24,-1121	 x24:0xfffffc4f  x8=0xfffff7ee
       12955000	      1294	800059bc	03de7863	bgeu	x28,x29,800059ec	 x28:0xdbfffc4f x29:0xdbfffb93
       12965000	      1295	00000000	00000013	addi	x0,x0,0	  x0:0x00000000
       12975000	      1296	800059e8	00000013	addi	x0,x0,0	  x0:0x00000000
       12985000	      1297	800059ec	05367663	bgeu	x12,x19,80005a38	 x12:0x7db229a0 x19:0x00000000
       12995000	      1298	00000000	00000013	addi	x0,x0,0	  x0:0x00000000
       13005000	      1299	80005a34	00000013	addi	x0,x0,0	  x0:0x00000000
       13015000	      1300	80005a38	e063f993	andi	x19,x7,-506	  x7:0x00000000 x19=0x00000000
       13025000	      1301	80005a3c	02ff5863	bge	x30,x15,80005a6c	 x30:0x53059974 x15:0x00000001
       13035000	      1302	00000000	00000013	addi	x0,x0,0	  x0:0x00000000
       13045000	      1303	80005a68	00000013	addi	x0,x0,0	  x0:0x00000000
       13055000	      1304	80005a6c	ebbdb113	sltiu	x2,x27,-325	 x27:0x15bc8000  x2=0x00000001
       13065000	      1305	80005a70	00000013	addi	x0,x0,0	  x0:0x00000000
       13075000	      1306	80005a74	633ded13	ori	x26,x27,1587	 x27:0x15bc8000 x26=0x15bc8633
       13085000	      1307	80005a78	02824263	blt	x4,x8,80005a9c	  x4:0x00000001  x8:0xfffff7ee
       13095000	      1308	80005a7c	04fc1463	bne	x24,x15,80005ac4	 x24:0xfffffc4f x15:0x00000001
       13105000	      1309	00000000	00000013	addi	x0,x0,0	  x0:0x00000000
       13115000	      1310	80005ac0	00000013	addi	x0,x0,0	  x0:0x00000000
       13125000	      1311	80005ac4	0000d493	srli	x9,x1,0x0	  x1:0x00000337  x9=0x00000337
       13135000	      1312	80005ac8	00000013	addi	x0,x0,0	  x0:0x00000000
       13145000	      1313	80005acc	4068d7b3	sra	x15,x17,x6	 x17:0x80009fc4  x6:0x000002ad x15=0xfffc0004
       13155000	      1314	80005ad0	400bd533	sra	x10,x23,x0	 x23:0x00000001  x0:0x00000000 x10=0x00000001
       13165000	      1315	80005ad4	897d4413	xori	x8,x26,-1897	 x26:0x15bc8633  x8=0xea437ea4
       13175000	      1316	80005ad8	c506bc13	sltiu	x24,x13,-944	 x13:0x00000000 x24=0x00000001
       13185000	      1317	80005adc	01917ab3	and	x21,x2,x25	  x2:0x00000001 x25:0xfffffd25 x21=0x00000001
       13195000	      1318	80005ae0	00f591b3	sll	x3,x11,x15	 x11:0x00000000 x15:0xfffc0004  x3=0x00000000
       13205000	      1319	80005ae4	00000013	addi	x0,x0,0	  x0:0x00000000
       13215000	      1320	80005ae8	1bd06293	ori	x5,x0,445	  x0:0x00000000  x5=0x000001bd
       13225000	      1321	80005aec	40ff52b3	sra	x5,x30,x15	 x30:0x53059974 x15:0xfffc0004  x5=0x05305997
       13235000	      1322	80005af0	7bd37213	andi	x4,x6,1981	  x6:0x000002ad  x4=0x000002ad
       13245000	      1323	80005af4	0565a113	slti	x2,x11,86	 x11:0x00000000  x2=0x00000001
       13255000	      1324	80005af8	004516b3	sll	x13,x10,x4	 x10:0x00000001  x4:0x000002ad x13=0x00002000
       13265000	      1325	80005afc	05094993	xori	x19,x18,80	 x18:0x80009f74 x19=0x80009f24
       13275000	      1326	80005b00	5d6d0e13	addi	x28,x26,1494	 x26:0x15bc8633 x28=0x15bc8c09
       13285000	      1327	80005b04	bd599997	auipc	x19,0xbd599	 x19=0x3d59eb00
       13295000	      1328	80005b08	03be7a63	bgeu	x28,x27,80005b3c	 x28:0x15bc8c09 x27:0x15bc8000
       13305000	      1329	00000000	00000013	addi	x0,x0,0	  x0:0x00000000
       13315000	      1330	80005b38	00000013	addi	x0,x0,0	  x0:0x00000000
       13325000	      1331	80005b3c	6f32a293	slti	x5,x5,1779	  x5:0x05305997  x5=0x00000000
       13335000	      1332	80005b40	3e1a6f13	ori	x30,x20,993	 x20:0x00000000 x30=0x000003e1
       13345000	      1333	80005b44	011d65b3	or	x11,x26,x17	 x26:0x15bc8633 x17:0x80009fc4 x11=0x95bc9ff7
       13355000	      1334	80005b48	01a526b3	slt	x13,x10,x26	 x10:0x00000001 x26:0x15bc8633 x13=0x00000001
       13365000	      1335	80005b4c	00bbdc93	srli	x25,x23,0xb	 x23:0x00000001 x25=0x00000000
       13375000	      1336	80005b50	035b4063	blt	x22,x21,80005b70	 x22:0x536059ac x21:0x00000001
       13385000	      1337	80005b54	00c99263	bne	x19,x12,80005b58	 x19:0x3d59eb00 x12:0x7db229a0
       13395000	      1338	00000000	00000013	addi	x0,x0,0	  x0:0x00000000
       13405000	      1339	80005b54	00000013	addi	x0,x0,0	  x0:0x00000000
       13415000	      1340	80005b58	01f69693	slli	x13,x13,0x1f	 x13:0x00000001 x13=0x80000000
       13425000	      1341	80005b5c	05739663	bne	x7,x23,80005ba8	  x7:0x00000000 x23:0x00000001
       13435000	      1342	00000000	00000013	addi	x0,x0,0	  x0:0x00000000
       13445000	      1343	80005ba4	00000013	addi	x0,x0,0	  x0:0x00000000
       13455000	      1344	80005ba8	0027f533	and	x10,x15,x2	 x15:0xfffc0004  x2:0x00000001 x10=0x00000000
       13465000	      1345	80005bac	013fd313	srli	x6,x31,0x13	 x31:0xfffffd72  x6=0x00001fff
       13475000	      1346	80005bb0	01bcbb33	sltu	x22,x25,x27	 x25:0x00000000 x27:0x15bc8000 x22=0x00000001
       13485000	      1347	80005bb4	009f4eb3	xor	x29,x30,x9	 x30:0x000003e1  x9:0x00000337 x29=0x000000d6
       13495000	      1348	80005bb8	008280b3	add	x1,x5,x8	  x5:0x00000000  x8:0xea437ea4  x1=0xea437ea4
       13505000	      1349	80005bbc	10b1c617	auipc	x12,0x10b1c	 x12=0x90b21bb8
       13515000	      1350	80005bc0	09176e63	bltu	x14,x17,80005c5c	 x14:0xfffffb47 x17:0x80009fc4
       13525000	      1351	80005bc4	c3972613	slti	x12,x14,-967	 x14:0xfffffb47 x12=0x00000001
       13535000	      1352	80005bc8	00002b97	auipc	x23,0x2	 x23=0x80007bc4
       13545000	      1353	80005bcc	526b8b93	addi	x23,x23,1318	 x23:0x80007bc4 x23=0x800080ea
       13555000	      1354	80005bd0	ffabc983	lbu	x19,-6(x23)	 x23:0x800080ea x19=0x00000000 PA:0x800080e4
       13565000	      1355	80005bd4	41d4d993	srai	x19,x9,0x1d	  x9:0x00000337 x19=0x00000000
       13575000	      1356	80005bd8	eb5a4493	xori	x9,x20,-331	 x20:0x00000000  x9=0xfffffeb5
       13585000	      1357	80005bdc	41010233	sub	x4,x2,x16	  x2:0x00000001 x16:0x00000000  x4=0x00000001
       13595000	      1358	80005be0	ffeba603	lw	x12,-2(x23)	 x23:0x800080ea x12=0x00000000 PA:0x800080e8
       13605000	      1359	80005be4	00bb8983	lb	x19,11(x23)	 x23:0x800080ea x19=0x00000000 PA:0x800080f5
       13615000	      1360	80005be8	2d56a113	slti	x2,x13,725	 x13:0x80000000  x2=0x00000001
       13625000	      1361	80005bec	00dbc603	lbu	x12,13(x23)	 x23:0x800080ea x12=0x00000000 PA:0x800080f7
       13635000	      1362	80005bf0	00ac3133	sltu	x2,x24,x10	 x24:0x00000001 x10:0x00000000  x2=0x00000000
       13645000	      1363	80005bf4	008bdc83	lhu	x25,8(x23)	 x23:0x800080ea x25=0x00000000 PA:0x800080f2
       13655000	      1364	80005bf8	00ebca83	lbu	x21,14(x23)	 x23:0x800080ea x21=0x000000ba PA:0x800080f8
       13665000	      1365	80005bfc	00000013	addi	x0,x0,0	  x0:0x00000000
       13675000	      1366	80005c00	fefbab23	sw	x15,-10(x23)	 x23:0x800080ea x15:0xfffc0004 PA:0x800080e0
       13685000	      1367	80005c04	00aba303	lw	x6,10(x23)	 x23:0x800080ea  x6=0x00000000 PA:0x800080f4
       13695000	      1368	80005c08	ff6b9603	lh	x12,-10(x23)	 x23:0x800080ea x12=0x00000004 PA:0x800080e0
       13705000	      1369	80005c0c	01789c93	slli	x25,x17,0x17	 x17:0x80009fc4 x25=0xe2000000
       13715000	      1370	80005c10	003bc583	lbu	x11,3(x23)	 x23:0x800080ea x11=0x00000000 PA:0x800080ed
       13725000	      1371	80005c14	007bfb33	and	x22,x23,x7	 x23:0x800080ea  x7:0x00000000 x22=0x00000000
       13735000	      1372	80005c18	fe5b8ba3	sb	x5,-9(x23)	 x23:0x800080ea  x5:0x00000000 PA:0x800080e1
       13745000	      1373	80005c1c	8be00013	addi	x0,x0,-1858	  x0:0x00000000
       13755000	      1374	80005c20	4056dfb3	sra	x31,x13,x5	 x13:0x80000000  x5:0x00000000 x31=0x80000000
       13765000	      1375	80005c24	41b28f33	sub	x30,x5,x27	  x5:0x00000000 x27:0x15bc8000 x30=0xea438000
       13775000	      1376	80005c28	48730e13	addi	x28,x6,1159	  x6:0x00000000 x28=0x00000487
       13785000	      1377	80005c2c	00aba583	lw	x11,10(x23)	 x23:0x800080ea x11=0x00000000 PA:0x800080f4
       13795000	      1378	80005c30	01cc26b3	slt	x13,x24,x28	 x24:0x00000001 x28:0x00000487 x13=0x00000001
       13805000	      1379	80005c34	ff2bc283	lbu	x5,-14(x23)	 x23:0x800080ea  x5=0x00000000 PA:0x800080dc
       13815000	      1380	80005c38	5ab63093	sltiu	x1,x12,1451	 x12:0x00000004  x1=0x00000001
       13825000	      1381	80005c3c	007b83a3	sb	x7,7(x23)	 x23:0x800080ea  x7:0x00000000 PA:0x800080f1
       13835000	      1382	80005c40	003b8483	lb	x9,3(x23)	 x23:0x800080ea  x9=0x00000000 PA:0x800080ed
       13845000	      1383	80005c44	00fbcc83	lbu	x25,15(x23)	 x23:0x800080ea x25=0x000000fc PA:0x800080f9
       13855000	      1384	80005c48	e0de6f93	ori	x31,x28,-499	 x28:0x00000487 x31=0xfffffe8f
       13865000	      1385	80005c4c	00fbc783	lbu	x15,15(x23)	 x23:0x800080ea x15=0x000000fc PA:0x800080f9
       13875000	      1386	80005c50	015ba323	sw	x21,6(x23)	 x23:0x800080ea x21:0x000000ba PA:0x800080f0
       13885000	      1387	80005c54	006b8263	beq	x23,x6,80005c58	 x23:0x800080ea  x6:0x00000000
       13895000	      1388	80005c58	000e64b3	or	x9,x28,x0	 x28:0x00000487  x0:0x00000000  x9=0x00000487
       13905000	      1389	80005c5c	00000013	addi	x0,x0,0	  x0:0x00000000
       13915000	      1390	80005c60	05278863	beq	x15,x18,80005cb0	 x15:0x000000fc x18:0x80009f74
       13925000	      1391	80005c64	01c7a833	slt	x16,x15,x28	 x15:0x000000fc x28:0x00000487 x16=0x00000001
       13935000	      1392	80005c68	00000013	addi	x0,x0,0	  x0:0x00000000
       13945000	      1393	80005c6c	020d9263	bne	x27,x0,80005c90	 x27:0x15bc8000  x0:0x00000000
       13955000	      1394	00000000	00000013	addi	x0,x0,0	  x0:0x00000000
       13965000	      1395	80005c8c	00000013	addi	x0,x0,0	  x0:0x00000000
       13975000	      1396	80005c90	00235c63	bge	x6,x2,80005ca8	  x6:0x00000000  x2:0x00000000
       13985000	      1397	00000000	00000013	addi	x0,x0,0	  x0:0x00000000
       13995000	      1398	80005ca4	00000013	addi	x0,x0,0	  x0:0x00000000
       14005000	      1399	80005ca8	035c1663	bne	x24,x21,80005cd4	 x24:0x00000001 x21:0x000000ba
       14015000	      1400	00000000	00000013	addi	x0,x0,0	  x0:0x00000000
       14025000	      1401	80005cd0	00000013	addi	x0,x0,0	  x0:0x00000000
       14035000	      1402	80005cd4	03db9263	bne	x23,x29,80005cf8	 x23:0x800080ea x29:0x000000d6
       14045000	      1403	00000000	00000013	addi	x0,x0,0	  x0:0x00000000
       14055000	      1404	80005cf4	00000013	addi	x0,x0,0	  x0:0x00000000
       14065000	      1405	80005cf8	6daff393	andi	x7,x31,1754	 x31:0xfffffe8f  x7=0x0000068a
       14075000	      1406	80005cfc	fa809297	auipc	x5,0xfa809	  x5=0x7a80ecf8
       14085000	      1407	80005d00	50973617	auipc	x12,0x50973	 x12=0xd0978cfc
       14095000	      1408	80005d04	62afe737	lui	x14,0x62afe	 x14=0x62afe000
       14105000	      1409	80005d08	77c62493	slti	x9,x12,1916	 x12:0xd0978cfc  x9=0x00000001
       14115000	      1410	80005d0c	01e85c33	srl	x24,x16,x30	 x16:0x00000001 x30:0xea438000 x24=0x00000001
       14125000	      1411	80005d10	02e6ce63	blt	x13,x14,80005d4c	 x13:0x00000001 x14:0x62afe000
       14135000	      1412	00000000	00000013	addi	x0,x0,0	  x0:0x00000000
       14145000	      1413	80005d48	00000013	addi	x0,x0,0	  x0:0x00000000
       14155000	      1414	80005d4c	016426b3	slt	x13,x8,x22	  x8:0xea437ea4 x22:0x00000000 x13=0x00000001
       14165000	      1415	80005d50	00000013	addi	x0,x0,0	  x0:0x00000000
       14175000	      1416	80005d54	00664ab3	xor	x21,x12,x6	 x12:0xd0978cfc  x6:0x00000000 x21=0xd0978cfc
       14185000	      1417	80005d58	01284863	blt	x16,x18,80005d68	 x16:0x00000001 x18:0x80009f74
       14195000	      1418	80005d5c	012631b3	sltu	x3,x12,x18	 x12:0xd0978cfc x18:0x80009f74  x3=0x00000000
       14205000	      1419	80005d60	ec481c37	lui	x24,0xec481	 x24=0xec481000
       14215000	      1420	80005d64	9ca8aa93	slti	x21,x17,-1590	 x17:0x80009fc4 x21=0x00000001
       14225000	      1421	80005d68	01715ab3	srl	x21,x2,x23	  x2:0x00000000 x23:0x800080ea x21=0x00000000
       14235000	      1422	80005d6c	40415d13	srai	x26,x2,0x4	  x2:0x00000000 x26=0x00000000
       14245000	      1423	80005d70	cf867f17	auipc	x30,0xcf867	 x30=0x4f86cd6c
       14255000	      1424	80005d74	0476f463	bgeu	x13,x7,80005dbc	 x13:0x00000001  x7:0x0000068a
       14265000	      1425	80005d78	40225fb3	sra	x31,x4,x2	  x4:0x00000001  x2:0x00000000 x31=0x00000001
       14275000	      1426	80005d7c	01dde4b3	or	x9,x27,x29	 x27:0x15bc8000 x29:0x000000d6  x9=0x15bc80d6
       14285000	      1427	80005d80	ac785997	auipc	x19,0xac785	 x19=0x2c78ad7c
       14295000	      1428	80005d84	30662b13	slti	x22,x12,774	 x12:0xd0978cfc x22=0x00000001
       14305000	      1429	80005d88	4e8f8c13	addi	x24,x31,1256	 x31:0x00000001 x24=0x000004e9
       14315000	      1430	80005d8c	01574533	xor	x10,x14,x21	 x14:0x62afe000 x21:0x00000000 x10=0x62afe000
       14325000	      1431	80005d90	047f9263	bne	x31,x7,80005dd4	 x31:0x00000001  x7:0x0000068a
       14335000	      1432	00000000	00000013	addi	x0,x0,0	  x0:0x00000000
       14345000	      1433	80005dd0	00000013	addi	x0,x0,0	  x0:0x00000000
       14355000	      1434	80005dd4	011e47b3	xor	x15,x28,x17	 x28:0x00000487 x17:0x80009fc4 x15=0x80009b43
       14365000	      1435	80005dd8	05a51263	bne	x10,x26,80005e1c	 x10:0x62afe000 x26:0x00000000
       14375000	      1436	00000000	00000013	addi	x0,x0,0	  x0:0x00000000
       14385000	      1437	80005e18	00000013	addi	x0,x0,0	  x0:0x00000000
       14395000	      1438	80005e1c	018dc263	blt	x27,x24,80005e20	 x27:0x15bc8000 x24:0x000004e9
       14405000	      1439	80005e20	00d22b33	slt	x22,x4,x13	  x4:0x00000001 x13:0x00000001 x22=0x00000000
       14415000	      1440	80005e24	bf3d3a93	sltiu	x21,x26,-1037	 x26:0x00000000 x21=0x00000001
       14425000	      1441	80005e28	01995533	srl	x10,x18,x25	 x18:0x80009f74 x25:0x000000fc x10=0x00000008
       14435000	      1442	80005e2c	00000013	addi	x0,x0,0	  x0:0x00000000
       14445000	      1443	80005e30	0074d263	bge	x9,x7,80005e34	  x9:0x15bc80d6  x7:0x0000068a
       14455000	      1444	00000000	00000013	addi	x0,x0,0	  x0:0x00000000
       14465000	      1445	80005e30	00000013	addi	x0,x0,0	  x0:0x00000000
       14475000	      1446	80005e34	00000013	addi	x0,x0,0	  x0:0x00000000
       14485000	      1447	80005e38	3bcf4d93	xori	x27,x30,956	 x30:0x4f86cd6c x27=0x4f86ced0
       14495000	      1448	80005e3c	2db42613	slti	x12,x8,731	  x8:0xea437ea4 x12=0x00000001
       14505000	      1449	80005e40	00a76eb3	or	x29,x14,x10	 x14:0x62afe000 x10:0x00000008 x29=0x62afe008
       14515000	      1450	80005e44	41add293	srai	x5,x27,0x1a	 x27:0x4f86ced0  x5=0x00000013
       14525000	      1451	80005e48	406581b3	sub	x3,x11,x6	 x11:0x00000000  x6:0x00000000  x3=0x00000000
       14535000	      1452	80005e4c	5892e013	ori	x0,x5,1417	  x5:0x00000013
       14545000	      1453	80005e50	ebe73d93	sltiu	x27,x14,-322	 x14:0x62afe000 x27=0x00000001
       14555000	      1454	80005e54	00251033	sll	x0,x10,x2	 x10:0x00000008  x2:0x00000000
       14565000	      1455	80005e58	014386b3	add	x13,x7,x20	  x7:0x0000068a x20:0x00000000 x13=0x0000068a
       14575000	      1456	80005e5c	01629533	sll	x10,x5,x22	  x5:0x00000013 x22:0x00000000 x10=0x00000013
       14585000	      1457	80005e60	05bebb93	sltiu	x23,x29,91	 x29:0x62afe008 x23=0x00000000
       14595000	      1458	80005e64	01cbdc33	srl	x24,x23,x28	 x23:0x00000000 x28:0x00000487 x24=0x00000000
       14605000	      1459	80005e68	00b321b3	slt	x3,x6,x11	  x6:0x00000000 x11:0x00000000  x3=0x00000000
       14615000	      1460	80005e6c	022e7663	bgeu	x28,x2,80005e98	 x28:0x00000487  x2:0x00000000
       14625000	      1461	00000000	00000013	addi	x0,x0,0	  x0:0x00000000
       14635000	      1462	80005e94	00000013	addi	x0,x0,0	  x0:0x00000000
       14645000	      1463	80005e98	19f83513	sltiu	x10,x16,415	 x16:0x00000001 x10=0x00000001
       14655000	      1464	80005e9c	002f8fb3	add	x31,x31,x2	 x31:0x00000001  x2:0x00000000 x31=0x00000001
       14665000	      1465	80005ea0	0667a213	slti	x4,x15,102	 x15:0x80009b43  x4=0x00000001
       14675000	      1466	80005ea4	955a6493	ori	x9,x20,-1707	 x20:0x00000000  x9=0xfffff955
       14685000	      1467	80005ea8	00000013	addi	x0,x0,0	  x0:0x00000000
       14695000	      1468	80005eac	011ad993	srli	x19,x21,0x11	 x21:0x00000001 x19=0x00000000
       14705000	      1469	80005eb0	01550b33	add	x22,x10,x21	 x10:0x00000001 x21:0x00000001 x22=0x00000002
       14715000	      1470	80005eb4	01d1ee33	or	x28,x3,x29	  x3:0x00000000 x29:0x62afe008 x28=0x62afe008
       14725000	      1471	80005eb8	91ebce97	auipc	x29,0x91ebc	 x29=0x11ec1eb4
       14735000	      1472	80005ebc	00e794b3	sll	x9,x15,x14	 x15:0x80009b43 x14:0x62afe000  x9=0x80009b43
       14745000	      1473	80005ec0	01493833	sltu	x16,x18,x20	 x18:0x80009f74 x20:0x00000000 x16=0x00000000
       14755000	      1474	80005ec4	d6f67b93	andi	x23,x12,-657	 x12:0x00000001 x23=0x00000001
       14765000	      1475	80005ec8	411304b3	sub	x9,x6,x17	  x6:0x00000000 x17:0x80009fc4  x9=0x7fff603c
       14775000	      1476	80005ecc	0438e863	bltu	x17,x3,80005f1c	 x17:0x80009fc4  x3:0x00000000
       14785000	      1477	80005ed0	00c5f6b3	and	x13,x11,x12	 x11:0x00000000 x12:0x00000001 x13=0x00000000
       14795000	      1478	80005ed4	03666863	bltu	x12,x22,80005f04	 x12:0x00000001 x22:0x00000002
       14805000	      1479	00000000	00000013	addi	x0,x0,0	  x0:0x00000000
       14815000	      1480	80005f00	00000013	addi	x0,x0,0	  x0:0x00000000
       14825000	      1481	80005f04	df88ae93	slti	x29,x17,-520	 x17:0x80009fc4 x29=0x00000001
       14835000	      1482	80005f08	0073c7b3	xor	x15,x7,x7	  x7:0x0000068a  x7:0x0000068a x15=0x00000000
       14845000	      1483	80005f0c	41c80733	sub	x14,x16,x28	 x16:0x00000000 x28:0x62afe008 x14=0x9d501ff8
       14855000	      1484	80005f10	41fa52b3	sra	x5,x20,x31	 x20:0x00000000 x31:0x00000001  x5=0x00000000
       14865000	      1485	80005f14	00d9d263	bge	x19,x13,80005f18	 x19:0x00000000 x13:0x00000000
       14875000	      1486	00000000	00000013	addi	x0,x0,0	  x0:0x00000000
       14885000	      1487	80005f14	00000013	addi	x0,x0,0	  x0:0x00000000
       14895000	      1488	80005f18	51307517	auipc	x10,0x51307	 x10=0xd130cf14
       14905000	      1489	80005f1c	007e5863	bge	x28,x7,80005f2c	 x28:0x62afe008  x7:0x0000068a
       14915000	      1490	00000000	00000013	addi	x0,x0,0	  x0:0x00000000
       14925000	      1491	80005f28	00000013	addi	x0,x0,0	  x0:0x00000000
       14935000	      1492	80005f2c	00fa0533	add	x10,x20,x15	 x20:0x00000000 x15:0x00000000 x10=0x00000000
       14945000	      1493	80005f30	015f1993	slli	x19,x30,0x15	 x30:0x4f86cd6c x19=0xad800000
       14955000	      1494	80005f34	05118593	addi	x11,x3,81	  x3:0x00000000 x11=0x00000051
       14965000	      1495	80005f38	7e8af397	auipc	x7,0x7e8af	  x7=0xfe8b4f34
       14975000	      1496	80005f3c	d020c193	xori	x3,x1,-766	  x1:0x00000001  x3=0xfffffd03
       14985000	      1497	80005f40	01ad05b3	add	x11,x26,x26	 x26:0x00000000 x26:0x00000000 x11=0x00000000
       14995000	      1498	80005f44	0394f263	bgeu	x9,x25,80005f68	  x9:0x7fff603c x25:0x000000fc
       15005000	      1499	00000000	00000013	addi	x0,x0,0	  x0:0x00000000
       15015000	      1500	80005f64	00000013	addi	x0,x0,0	  x0:0x00000000
       15025000	      1501	80005f68	fc977f13	andi	x30,x14,-55	 x14:0x9d501ff8 x30=0x9d501fc8
       15035000	      1502	80005f6c	4113dc33	sra	x24,x7,x17	  x7:0xfe8b4f34 x17:0x80009fc4 x24=0xffe8b4f3
       15045000	      1503	80005f70	7260f2b7	lui	x5,0x7260f	  x5=0x7260f000
       15055000	      1504	80005f74	71743393	sltiu	x7,x8,1815	  x8:0xea437ea4  x7=0x00000000
       15065000	      1505	80005f78	66ef2e13	slti	x28,x30,1646	 x30:0x9d501fc8 x28=0x00000001
       15075000	      1506	80005f7c	00ee55b3	srl	x11,x28,x14	 x28:0x00000001 x14:0x9d501ff8 x11=0x00000000
       15085000	      1507	80005f80	03d91863	bne	x18,x29,80005fb0	 x18:0x80009f74 x29:0x00000001
       15095000	      1508	00000000	00000013	addi	x0,x0,0	  x0:0x00000000
       15105000	      1509	80005fac	00000013	addi	x0,x0,0	  x0:0x00000000
       15115000	      1510	80005fb0	ac091d17	auipc	x26,0xac091	 x26=0x2c096fac
       15125000	      1511	80005fb4	4149df33	sra	x30,x19,x20	 x19:0xad800000 x20:0x00000000 x30=0xad800000
       15135000	      1512	80005fb8	0486f463	bgeu	x13,x8,80006000	 x13:0x00000000  x8:0xea437ea4
       15145000	      1513	80005fbc	dddbe213	ori	x4,x23,-547	 x23:0x00000001  x4=0xfffffddd
       15155000	      1514	80005fc0	030c6463	bltu	x24,x16,80005fe8	 x24:0xffe8b4f3 x16:0x00000000
       15165000	      1515	80005fc4	01b9eb33	or	x22,x19,x27	 x19:0xad800000 x27:0x00000001 x22=0xad800001
       15175000	      1516	80005fc8	04655263	bge	x10,x6,8000600c	 x10:0x00000000  x6:0x00000000
       15185000	      1517	00000000	00000013	addi	x0,x0,0	  x0:0x00000000
       15195000	      1518	80006008	00000013	addi	x0,x0,0	  x0:0x00000000
       15205000	      1519	8000600c	01beb233	sltu	x4,x29,x27	 x29:0x00000001 x27:0x00000001  x4=0x00000000
       15215000	      1520	80006010	ca138993	addi	x19,x7,-863	  x7:0x00000000 x19=0xfffffca1
       15225000	      1521	80006014	00e12333	slt	x6,x2,x14	  x2:0x00000000 x14:0x9d501ff8  x6=0x00000000
       15235000	      1522	80006018	04447063	bgeu	x8,x4,80006058	  x8:0xea437ea4  x4:0x00000000
       15245000	      1523	00000000	00000013	addi	x0,x0,0	  x0:0x00000000
       15255000	      1524	80006054	00000013	addi	x0,x0,0	  x0:0x00000000
       15265000	      1525	80006058	28e72d93	slti	x27,x14,654	 x14:0x9d501ff8 x27=0x00000001
       15275000	      1526	8000605c	40685133	sra	x2,x16,x6	 x16:0x00000000  x6:0x00000000  x2=0x00000000
       15285000	      1527	80006060	01a52b33	slt	x22,x10,x26	 x10:0x00000000 x26:0x2c096fac x22=0x00000001
       15295000	      1528	80006064	012220b3	slt	x1,x4,x18	  x4:0x00000000 x18:0x80009f74  x1=0x00000000
       15305000	      1529	80006068	018c9c33	sll	x24,x25,x24	 x25:0x000000fc x24:0xffe8b4f3 x24=0x07e00000
       15315000	      1530	8000606c	006c1ab3	sll	x21,x24,x6	 x24:0x07e00000  x6:0x00000000 x21=0x07e00000
       15325000	      1531	80006070	bdb53b93	sltiu	x23,x10,-1061	 x10:0x00000000 x23=0x00000001
       15335000	      1532	80006074	01906263	bltu	x0,x25,80006078	  x0:0x00000000 x25:0x000000fc
       15345000	      1533	00000000	00000013	addi	x0,x0,0	  x0:0x00000000
       15355000	      1534	80006074	00000013	addi	x0,x0,0	  x0:0x00000000
       15365000	      1535	80006078	833a0213	addi	x4,x20,-1997	 x20:0x00000000  x4=0xfffff833
       15375000	      1536	8000607c	01b26c33	or	x24,x4,x27	  x4:0xfffff833 x27:0x00000001 x24=0xfffff833
       15385000	      1537	80006080	4360ff97	auipc	x31,0x4360f	 x31=0xc361507c
       15395000	      1538	80006084	013af233	and	x4,x21,x19	 x21:0x07e00000 x19:0xfffffca1  x4=0x07e00000
       15405000	      1539	80006088	03c26863	bltu	x4,x28,800060b8	  x4:0x07e00000 x28:0x00000001
       15415000	      1540	8000608c	026ae863	bltu	x21,x6,800060bc	 x21:0x07e00000  x6:0x00000000
       15425000	      1541	80006090	d6553013	sltiu	x0,x10,-667	 x10:0x00000000
       15435000	      1542	80006094	0014cab3	xor	x21,x9,x1	  x9:0x7fff603c  x1:0x00000000 x21=0x7fff603c
       15445000	      1543	80006098	055a9463	bne	x21,x21,800060e0	 x21:0x7fff603c x21:0x7fff603c
       15455000	      1544	8000609c	0295fe63	bgeu	x11,x9,800060d8	 x11:0x00000000  x9:0x7fff603c
       15465000	      1545	800060a0	409b5533	sra	x10,x22,x9	 x22:0x00000001  x9:0x7fff603c x10=0x00000000
       15475000	      1546	800060a4	ece62e13	slti	x28,x12,-306	 x12:0x00000001 x28=0x00000000
       15485000	      1547	800060a8	00000013	addi	x0,x0,0	  x0:0x00000000
       15495000	      1548	800060ac	013827b3	slt	x15,x16,x19	 x16:0x00000000 x19:0xfffffca1 x15=0x00000000
       15505000	      1549	800060b0	40d701b3	sub	x3,x14,x13	 x14:0x9d501ff8 x13:0x00000000  x3=0x9d501ff8
       15515000	      1550	800060b4	03455263	bge	x10,x20,800060d8	 x10:0x00000000 x20:0x00000000
       15525000	      1551	00000000	00000013	addi	x0,x0,0	  x0:0x00000000
       15535000	      1552	800060d4	00000013	addi	x0,x0,0	  x0:0x00000000
       15545000	      1553	800060d8	04ef0463	beq	x30,x14,80006120	 x30:0xad800000 x14:0x9d501ff8
       15555000	      1554	800060dc	002c95b3	sll	x11,x25,x2	 x25:0x000000fc  x2:0x00000000 x11=0x000000fc
       15565000	      1555	800060e0	d261f213	andi	x4,x3,-730	  x3:0x9d501ff8  x4=0x9d501d20
       15575000	      1556	800060e4	03a55c97	auipc	x25,0x3a55	 x25=0x83a5b0e0
       15585000	      1557	800060e8	0909a093	slti	x1,x19,144	 x19:0xfffffca1  x1=0x00000001
       15595000	      1558	800060ec	409581b3	sub	x3,x11,x9	 x11:0x000000fc  x9:0x7fff603c  x3=0x8000a0c0
       15605000	      1559	800060f0	01fdf1b3	and	x3,x27,x31	 x27:0x00000001 x31:0xc361507c  x3=0x00000000
       15615000	      1560	800060f4	015be4b3	or	x9,x23,x21	 x23:0x00000001 x21:0x7fff603c  x9=0x7fff603d
       15625000	      1561	800060f8	0060eab3	or	x21,x1,x6	  x1:0x00000001  x6:0x00000000 x21=0x00000001
       15635000	      1562	800060fc	00000013	addi	x0,x0,0	  x0:0x00000000
       15645000	      1563	80006100	a5008113	addi	x2,x1,-1456	  x1:0x00000001  x2=0xfffffa51
       15655000	      1564	80006104	eaa26e13	ori	x28,x4,-342	  x4:0x9d501d20 x28=0xffffffaa
       15665000	      1565	80006108	5bb24493	xori	x9,x4,1467	  x4:0x9d501d20  x9=0x9d50189b
       15675000	      1566	8000610c	effdc093	xori	x1,x27,-257	 x27:0x00000001  x1=0xfffffefe
       15685000	      1567	80006110	00000013	addi	x0,x0,0	  x0:0x00000000
       15695000	      1568	80006114	19a11d97	auipc	x27,0x19a11	 x27=0x99a17110
       15705000	      1569	80006118	030e8a63	beq	x29,x16,8000614c	 x29:0x00000001 x16:0x00000000
       15715000	      1570	8000611c	41938433	sub	x8,x7,x25	  x7:0x00000000 x25:0x83a5b0e0  x8=0x7c5a4f20
       15725000	      1571	80006120	0239c863	blt	x19,x3,80006150	 x19:0xfffffca1  x3:0x00000000
       15735000	      1572	00000000	00000013	addi	x0,x0,0	  x0:0x00000000
       15745000	      1573	8000614c	00000013	addi	x0,x0,0	  x0:0x00000000
       15755000	      1574	80006150	9bf8bd93	sltiu	x27,x17,-1601	 x17:0x80009fc4 x27=0x00000001
       15765000	      1575	80006154	400e5733	sra	x14,x28,x0	 x28:0xffffffaa  x0:0x00000000 x14=0xffffffaa
       15775000	      1576	80006158	00991f13	slli	x30,x18,0x9	 x18:0x80009f74 x30=0x013ee800
       15785000	      1577	8000615c	017899b3	sll	x19,x17,x23	 x17:0x80009fc4 x23:0x00000001 x19=0x00013f88
       15795000	      1578	80006160	2450bf13	sltiu	x30,x1,581	  x1:0xfffffefe x30=0x00000000
       15805000	      1579	80006164	01aa5263	bge	x20,x26,80006168	 x20:0x00000000 x26:0x2c096fac
       15815000	      1580	80006168	b3dc7493	andi	x9,x24,-1219	 x24:0xfffff833  x9=0xfffff831
       15825000	      1581	8000616c	01268fb3	add	x31,x13,x18	 x13:0x00000000 x18:0x80009f74 x31=0x80009f74
       15835000	      1582	80006170	04485663	bge	x16,x4,800061bc	 x16:0x00000000  x4:0x9d501d20
       15845000	      1583	00000000	00000013	addi	x0,x0,0	  x0:0x00000000
       15855000	      1584	800061b8	00000013	addi	x0,x0,0	  x0:0x00000000
       15865000	      1585	800061bc	9303b413	sltiu	x8,x7,-1744	  x7:0x00000000  x8=0x00000001
       15875000	      1586	800061c0	00c3a9b3	slt	x19,x7,x12	  x7:0x00000000 x12:0x00000001 x19=0x00000001
       15885000	      1587	800061c4	01c57c33	and	x24,x10,x28	 x10:0x00000000 x28:0xffffffaa x24=0x00000000
       15895000	      1588	800061c8	01925633	srl	x12,x4,x25	  x4:0x9d501d20 x25:0x83a5b0e0 x12=0x9d501d20
       15905000	      1589	800061cc	00e86033	or	x0,x16,x14	 x16:0x00000000 x14:0xffffffaa
       15915000	      1590	800061d0	01eb4c33	xor	x24,x22,x30	 x22:0x00000001 x30:0x00000000 x24=0x00000001
       15925000	      1591	800061d4	01ee8eb3	add	x29,x29,x30	 x29:0x00000001 x30:0x00000000 x29=0x00000001
       15935000	      1592	800061d8	d3aa6537	lui	x10,0xd3aa6	 x10=0xd3aa6000
       15945000	      1593	800061dc	00a973b3	and	x7,x18,x10	 x18:0x80009f74 x10:0xd3aa6000  x7=0x80000000
       15955000	      1594	800061e0	00919493	slli	x9,x3,0x9	  x3:0x00000000  x9=0x00000000
       15965000	      1595	800061e4	00980263	beq	x16,x9,800061e8	 x16:0x00000000  x9:0x00000000
       15975000	      1596	00000000	00000013	addi	x0,x0,0	  x0:0x00000000
       15985000	      1597	800061e4	00000013	addi	x0,x0,0	  x0:0x00000000
       15995000	      1598	800061e8	416fde13	srai	x28,x31,0x16	 x31:0x80009f74 x28=0xfffffe00
       16005000	      1599	800061ec	1002ef13	ori	x30,x5,256	  x5:0x7260f000 x30=0x7260f100
       16015000	      1600	800061f0	01781fb3	sll	x31,x16,x23	 x16:0x00000000 x23:0x00000001 x31=0x00000000
       16025000	      1601	800061f4	408fdab3	sra	x21,x31,x8	 x31:0x00000000  x8:0x00000001 x21=0x00000000
       16035000	      1602	800061f8	018444b3	xor	x9,x8,x24	  x8:0x00000001 x24:0x00000001  x9=0x00000000
       16045000	      1603	800061fc	01b5d9b3	srl	x19,x11,x27	 x11:0x000000fc x27:0x00000001 x19=0x0000007e
       16055000	      1604	80006200	019915b3	sll	x11,x18,x25	 x18:0x80009f74 x25:0x83a5b0e0 x11=0x80009f74
       16065000	      1605	80006204	01cfa133	slt	x2,x31,x28	 x31:0x00000000 x28:0xfffffe00  x2=0x00000000
       16075000	      1606	80006208	8371a813	slti	x16,x3,-1993	  x3:0x00000000 x16=0x00000000
       16085000	      1607	8000620c	414957b3	sra	x15,x18,x20	 x18:0x80009f74 x20:0x00000000 x15=0x80009f74
       16095000	      1608	80006210	b60d4b13	xori	x22,x26,-1184	 x26:0x2c096fac x22=0xd3f694cc
       16105000	      1609	80006214	02fcca63	blt	x25,x15,80006248	 x25:0x83a5b0e0 x15:0x80009f74
       16115000	      1610	80006218	00ec91b3	sll	x3,x25,x14	 x25:0x83a5b0e0 x14:0xffffffaa  x3=0x96c38000
       16125000	      1611	8000621c	0092b633	sltu	x12,x5,x9	  x5:0x7260f000  x9:0x00000000 x12=0x00000000
       16135000	      1612	80006220	408a5e93	srai	x29,x20,0x8	 x20:0x00000000 x29=0x00000000
       16145000	      1613	80006224	00000013	addi	x0,x0,0	  x0:0x00000000
       16155000	      1614	80006228	963e6517	auipc	x10,0x963e6	 x10=0x163ec224
       16165000	      1615	8000622c	cf41b013	sltiu	x0,x3,-780	  x3:0x96c38000
       16175000	      1616	80006230	009d2cb3	slt	x25,x26,x9	 x26:0x2c096fac  x9:0x00000000 x25=0x00000000
       16185000	      1617	80006234	14048413	addi	x8,x9,320	  x9:0x00000000  x8=0x00000140
       16195000	      1618	80006238	415f00b3	sub	x1,x30,x21	 x30:0x7260f100 x21:0x00000000  x1=0x7260f100
       16205000	      1619	8000623c	00000013	addi	x0,x0,0	  x0:0x00000000
       16215000	      1620	80006240	406a8733	sub	x14,x21,x6	 x21:0x00000000  x6:0x00000000 x14=0x00000000
       16225000	      1621	80006244	00e09eb3	sll	x29,x1,x14	  x1:0x7260f100 x14:0x00000000 x29=0x7260f100
       16235000	      1622	80006248	0056b0b3	sltu	x1,x13,x5	 x13:0x00000000  x5:0x7260f000  x1=0x00000001
       16245000	      1623	8000624c	05b94463	blt	x18,x27,80006294	 x18:0x80009f74 x27:0x00000001
       16255000	      1624	00000000	00000013	addi	x0,x0,0	  x0:0x00000000
       16265000	      1625	80006290	00000013	addi	x0,x0,0	  x0:0x00000000
       16275000	      1626	80006294	00680333	add	x6,x16,x6	 x16:0x00000000  x6:0x00000000  x6=0x00000000
       16285000	      1627	80006298	4167d513	srai	x10,x15,0x16	 x15:0x80009f74 x10=0xfffffe00
       16295000	      1628	8000629c	03cf4e63	blt	x30,x28,800062d8	 x30:0x7260f100 x28:0xfffffe00
       16305000	      1629	800062a0	01130033	add	x0,x6,x17	  x6:0x00000000 x17:0x80009fc4
       16315000	      1630	800062a4	310c3b97	auipc	x23,0x310c3	 x23=0xb10c92a0
       16325000	      1631	800062a8	017330b3	sltu	x1,x6,x23	  x6:0x00000000 x23:0xb10c92a0  x1=0x00000001
       16335000	      1632	800062ac	7aa14013	xori	x0,x2,1962	  x2:0x00000000
       16345000	      1633	800062b0	00000013	addi	x0,x0,0	  x0:0x00000000
       16355000	      1634	800062b4	411d0733	sub	x14,x26,x17	 x26:0x2c096fac x17:0x80009fc4 x14=0xac08cfe8
       16365000	      1635	800062b8	009471b3	and	x3,x8,x9	  x8:0x00000140  x9:0x00000000  x3=0x00000000
       16375000	      1636	800062bc	00000013	addi	x0,x0,0	  x0:0x00000000
       16385000	      1637	800062c0	00547f33	and	x30,x8,x5	  x8:0x00000140  x5:0x7260f000 x30=0x00000000
       16395000	      1638	800062c4	41420b33	sub	x22,x4,x20	  x4:0x9d501d20 x20:0x00000000 x22=0x9d501d20
       16405000	      1639	800062c8	00ef0cb3	add	x25,x30,x14	 x30:0x00000000 x14:0xac08cfe8 x25=0xac08cfe8
       16415000	      1640	800062cc	41840733	sub	x14,x8,x24	  x8:0x00000140 x24:0x00000001 x14=0x0000013f
       16425000	      1641	800062d0	64765717	auipc	x14,0x64765	 x14=0xe476b2cc
       16435000	      1642	800062d4	418b86b3	sub	x13,x23,x24	 x23:0xb10c92a0 x24:0x00000001 x13=0xb10c929f
       16445000	      1643	800062d8	003a3833	sltu	x16,x20,x3	 x20:0x00000000  x3:0x00000000 x16=0x00000000
       16455000	      1644	800062dc	010b6863	bltu	x22,x16,800062ec	 x22:0x9d501d20 x16:0x00000000
       16465000	      1645	800062e0	0380c863	blt	x1,x24,80006310	  x1:0x00000001 x24:0x00000001
       16475000	      1646	800062e4	03059863	bne	x11,x16,80006314	 x11:0x80009f74 x16:0x00000000
       16485000	      1647	00000000	00000013	addi	x0,x0,0	  x0:0x00000000
       16495000	      1648	80006310	00000013	addi	x0,x0,0	  x0:0x00000000
       16505000	      1649	80006314	41945413	srai	x8,x8,0x19	  x8:0x00000140  x8=0x00000000
       16515000	      1650	80006318	71c3be17	auipc	x28,0x71c3b	 x28=0xf1c41314
       16525000	      1651	8000631c	e077b613	sltiu	x12,x15,-505	 x15:0x80009f74 x12=0x00000001
       16535000	      1652	80006320	b7986793	ori	x15,x16,-1159	 x16:0x00000000 x15=0xfffffb79
       16545000	      1653	80006324	fcf42013	slti	x0,x8,-49	  x8:0x00000000
       16555000	      1654	80006328	41b55813	srai	x16,x10,0x1b	 x10:0xfffffe00 x16=0xffffffff
       16565000	      1655	8000632c	3901af93	slti	x31,x3,912	  x3:0x00000000 x31=0x00000001
       16575000	      1656	80006330	40958633	sub	x12,x11,x9	 x11:0x80009f74  x9:0x00000000 x12=0x80009f74
       16585000	      1657	80006334	15128593	addi	x11,x5,337	  x5:0x7260f000 x11=0x7260f151
       16595000	      1658	80006338	cffe2213	slti	x4,x28,-769	 x28:0xf1c41314  x4=0x00000001
       16605000	      1659	8000633c	413f85b3	sub	x11,x31,x19	 x31:0x00000001 x19:0x0000007e x11=0xffffff83
       16615000	      1660	80006340	033b4263	blt	x22,x19,80006364	 x22:0x9d501d20 x19:0x0000007e
       16625000	      1661	00000000	00000013	addi	x0,x0,0	  x0:0x00000000
       16635000	      1662	80006360	00000013	addi	x0,x0,0	  x0:0x00000000
       16645000	      1663	80006364	259371b7	lui	x3,0x25937	  x3=0x25937000
       16655000	      1664	80006368	71e53f13	sltiu	x30,x10,1822	 x10:0xfffffe00 x30=0x00000000
       16665000	      1665	8000636c	a499e113	ori	x2,x19,-1463	 x19:0x0000007e  x2=0xfffffa7f
       16675000	      1666	80006370	001e9b93	slli	x23,x29,0x1	 x29:0x7260f100 x23=0xe4c1e200
       16685000	      1667	80006374	4cbcf593	andi	x11,x25,1227	 x25:0xac08cfe8 x11=0x000004c8
       16695000	      1668	80006378	01dea3b3	slt	x7,x29,x29	 x29:0x7260f100 x29:0x7260f100  x7=0x00000000
       16705000	      1669	8000637c	0113c463	blt	x7,x17,80006384	  x7:0x00000000 x17:0x80009fc4
       16715000	      1670	80006380	01ffac33	slt	x24,x31,x31	 x31:0x00000001 x31:0x00000001 x24=0x00000000
       16725000	      1671	80006384	0744ba93	sltiu	x21,x9,116	  x9:0x00000000 x21=0x00000001
       16735000	      1672	80006388	005bc7b3	xor	x15,x23,x5	 x23:0xe4c1e200  x5:0x7260f000 x15=0x96a11200
       16745000	      1673	8000638c	03667263	bgeu	x12,x22,800063b0	 x12:0x80009f74 x22:0x9d501d20
       16755000	      1674	80006390	e392f813	andi	x16,x5,-455	  x5:0x7260f000 x16=0x7260f000
       16765000	      1675	80006394	5734f313	andi	x6,x9,1395	  x9:0x00000000  x6=0x00000000
       16775000	      1676	80006398	012640b3	xor	x1,x12,x18	 x12:0x80009f74 x18:0x80009f74  x1=0x00000000
       16785000	      1677	8000639c	01463eb3	sltu	x29,x12,x20	 x12:0x80009f74 x20:0x00000000 x29=0x00000000
       16795000	      1678	800063a0	00060cb3	add	x25,x12,x0	 x12:0x80009f74  x0:0x00000000 x25=0x80009f74
       16805000	      1679	800063a4	90be4613	xori	x12,x28,-1781	 x28:0xf1c41314 x12=0x0e3bea1f
       16815000	      1680	800063a8	402005b3	sub	x11,x0,x2	  x0:0x00000000  x2:0xfffffa7f x11=0x00000581
       16825000	      1681	800063ac	002e0263	beq	x28,x2,800063b0	 x28:0xf1c41314  x2:0xfffffa7f
       16835000	      1682	800063b0	9506fc93	andi	x25,x13,-1712	 x13:0xb10c929f x25=0xb10c9010
       16845000	      1683	800063b4	41205993	srai	x19,x0,0x12	  x0:0x00000000 x19=0x00000000
       16855000	      1684	800063b8	00492203	lw	x4,4(x18)	 x18:0x80009f74  x4=0x80000120 PA:0x80009f78
       16865000	      1685	800063bc	0d138d13	addi	x26,x7,209	  x7:0x00000000 x26=0x000000d1
       16875000	      1686	800063c0	40565393	srai	x7,x12,0x5	 x12:0x0e3bea1f  x7=0x0071df50
       16885000	      1687	800063c4	b7fdae13	slti	x28,x27,-1153	 x27:0x00000001 x28=0x00000000
       16895000	      1688	800063c8	3ae3cf13	xori	x30,x7,942	  x7:0x0071df50 x30=0x0071dcfe
       16905000	      1689	800063cc	72c42113	slti	x2,x8,1836	  x8:0x00000000  x2=0x00000001
       16915000	      1690	800063d0	01090913	addi	x18,x18,16	 x18:0x80009f74 x18=0x80009f84
       16925000	      1691	800063d4	4082d293	srai	x5,x5,0x8	  x5:0x7260f000  x5=0x007260f0
       16935000	      1692	800063d8	41655093	srai	x1,x10,0x16	 x10:0xfffffe00  x1=0xffffffff
       16945000	      1693	800063dc	016d1033	sll	x0,x26,x22	 x26:0x000000d1 x22:0x9d501d20
       16955000	      1694	800063e0	00020b93	addi	x23,x4,0	  x4:0x80000120 x23=0x80000120
       16965000	      1695	800063e4	000b8be7	jalr	x23,x23,0	 x23:0x80000120 x23=0x800063e4
       16975000	      1696	00000000	00000013	addi	x0,x0,0	  x0:0x00000000
       16985000	      1697	80000120	00000013	addi	x0,x0,0	  x0:0x00000000
       16995000	      1698	80000124	00e1a233	slt	x4,x3,x14	  x3:0x25937000 x14:0xe476b2cc  x4=0x00000000
       17005000	      1699	80000128	00006b97	auipc	x23,0x6	 x23=0x80006124
       17015000	      1700	8000012c	2c0b8b93	addi	x23,x23,704	 x23:0x80006124 x23=0x800063e4
       17025000	      1701	80000130	0924ce13	xori	x28,x9,146	  x9:0x00000000 x28=0x00000092
       17035000	      1702	80000134	004abc33	sltu	x24,x21,x4	 x21:0x00000001  x4:0x00000000 x24=0x00000000
       17045000	      1703	80000138	0ec9c993	xori	x19,x19,236	 x19:0x00000000 x19=0x000000ec
       17055000	      1704	8000013c	c50b8b93	addi	x23,x23,-944	 x23:0x800063e4 x23=0x80006034
       17065000	      1705	80000140	92594493	xori	x9,x18,-1755	 x18:0x80009f84  x9=0x7fff66a1
       17075000	      1706	80000144	00da5463	bge	x20,x13,8000014c	 x20:0x00000000 x13:0xb10c929f
       17085000	      1707	00000000	00000013	addi	x0,x0,0	  x0:0x00000000
       17095000	      1708	80000148	00000013	addi	x0,x0,0	  x0:0x00000000
       17105000	      1709	8000014c	3b1b8267	jalr	x4,x23,945	 x23:0x80006034  x4=0x8000014c
       17115000	      1710	00000000	00000013	addi	x0,x0,0	  x0:0x00000000
       17125000	      1711	800063e4	00000013	addi	x0,x0,0	  x0:0x00000000
       17135000	      1712	800063e8	02d15263	bge	x2,x13,8000640c	  x2:0x00000001 x13:0xb10c929f
       17145000	      1713	00000000	00000013	addi	x0,x0,0	  x0:0x00000000
       17155000	      1714	80006408	00000013	addi	x0,x0,0	  x0:0x00000000
       17165000	      1715	8000640c	fc490913	addi	x18,x18,-60	 x18:0x80009f84 x18=0x80009f48
       17175000	      1716	80006410	00492223	sw	x4,4(x18)	 x18:0x80009f48  x4:0x8000014c PA:0x80009f4c
       17185000	      1717	80006414	4f696093	ori	x1,x18,1270	 x18:0x80009f48  x1=0x80009ffe
       17195000	      1718	80006418	00002117	auipc	x2,0x2	  x2=0x80008414
       17205000	      1719	8000641c	ed610113	addi	x2,x2,-298	  x2:0x80008414  x2=0x800082ea
       17215000	      1720	80006420	ff010383	lb	x7,-16(x2)	  x2:0x800082ea  x7=0x00000000 PA:0x800082da
       17225000	      1721	80006424	00576033	or	x0,x14,x5	 x14:0xe476b2cc  x5:0x007260f0
       17235000	      1722	80006428	f3f10603	lb	x12,-193(x2)	  x2:0x800082ea x12=0x00000000 PA:0x80008229
       17245000	      1723	8000642c	00adf533	and	x10,x27,x10	 x27:0x00000001 x10:0xfffffe00 x10=0x00000000
       17255000	      1724	80006430	00121b93	slli	x23,x4,0x1	  x4:0x8000014c x23=0x00000298
       17265000	      1725	80006434	0179cbb3	xor	x23,x19,x23	 x19:0x000000ec x23:0x00000298 x23=0x00000274
       17275000	      1726	80006438	e56b8037	lui	x0,0xe56b8	
       17285000	      1727	8000643c	00efcf33	xor	x30,x31,x14	 x31:0x00000001 x14:0xe476b2cc x30=0xe476b2cd
       17295000	      1728	80006440	f2e10aa3	sb	x14,-203(x2)	  x2:0x800082ea x14:0xe476b2cc PA:0x8000821f
       17305000	      1729	80006444	00f2d093	srli	x1,x5,0xf	  x5:0x007260f0  x1=0x000000e4
       17315000	      1730	80006448	0a5102a3	sb	x5,165(x2)	  x2:0x800082ea  x5:0x007260f0 PA:0x8000838f
       17325000	      1731	8000644c	0f7f3e93	sltiu	x29,x30,247	 x30:0xe476b2cd x29=0x00000000
       17335000	      1732	80006450	13a3c813	xori	x16,x7,314	  x7:0x00000000 x16=0x0000013a
       17345000	      1733	80006454	009f57b3	srl	x15,x30,x9	 x30:0xe476b2cd  x9:0x7fff66a1 x15=0x723b5966
       17355000	      1734	80006458	04a10f03	lb	x30,74(x2)	  x2:0x800082ea x30=0x00000000 PA:0x80008334
       17365000	      1735	8000645c	03511123	sh	x21,34(x2)	  x2:0x800082ea x21:0x00000001 PA:0x8000830c
       17375000	      1736	80006460	0e310623	sb	x3,236(x2)	  x2:0x800082ea  x3:0x25937000 PA:0x800083d6
       17385000	      1737	80006464	01b18c33	add	x24,x3,x27	  x3:0x25937000 x27:0x00000001 x24=0x25937001
       17395000	      1738	80006468	01110083	lb	x1,17(x2)	  x2:0x800082ea  x1=0x00000000 PA:0x800082fb
       17405000	      1739	8000646c	ecb8beb7	lui	x29,0xecb8b	 x29=0xecb8b000
       17415000	      1740	80006470	13e18b13	addi	x22,x3,318	  x3:0x25937000 x22=0x2593713e
       17425000	      1741	80006474	feb10c83	lb	x25,-21(x2)	  x2:0x800082ea x25=0x00000000 PA:0x800082d5
       17435000	      1742	80006478	d100f293	andi	x5,x1,-752	  x1:0x00000000  x5=0x00000000
       17445000	      1743	8000647c	fdf10ca3	sb	x31,-39(x2)	  x2:0x800082ea x31:0x00000001 PA:0x800082c3
       17455000	      1744	80006480	00806533	or	x10,x0,x8	  x0:0x00000000  x8:0x00000000 x10=0x00000000
       17465000	      1745	80006484	01bde7b3	or	x15,x27,x27	 x27:0x00000001 x27:0x00000001 x15=0x00000001
       17475000	      1746	80006488	0f414d03	lbu	x26,244(x2)	  x2:0x800082ea x26=0x00000000 PA:0x800083de
       17485000	      1747	8000648c	f7411223	sh	x20,-156(x2)	  x2:0x800082ea x20:0x00000000 PA:0x8000824e
       17495000	      1748	80006490	00e10d23	sb	x14,26(x2)	  x2:0x800082ea x14:0xe476b2cc PA:0x80008304
       17505000	      1749	80006494	f4611403	lh	x8,-186(x2)	  x2:0x800082ea  x8=0x00000000 PA:0x80008230
       17515000	      1750	80006498	00000013	addi	x0,x0,0	  x0:0x00000000
       17525000	      1751	8000649c	01746ab3	or	x21,x8,x23	  x8:0x00000000 x23:0x00000274 x21=0x00000274
       17535000	      1752	800064a0	b8e52213	slti	x4,x10,-1138	 x10:0x00000000  x4=0x00000000
       17545000	      1753	800064a4	00b996b3	sll	x13,x19,x11	 x19:0x000000ec x11:0x00000581 x13=0x000001d8
       17555000	      1754	800064a8	fc910983	lb	x19,-55(x2)	  x2:0x800082ea x19=0x00000000 PA:0x800082b3
       17565000	      1755	800064ac	152fb193	sltiu	x3,x31,338	 x31:0x00000001  x3=0x00000001
       17575000	      1756	800064b0	41925b93	srai	x23,x4,0x19	  x4:0x00000000 x23=0x00000000
       17585000	      1757	800064b4	06510d03	lb	x26,101(x2)	  x2:0x800082ea x26=0x00000000 PA:0x8000834f
       17595000	      1758	800064b8	f1610ca3	sb	x22,-231(x2)	  x2:0x800082ea x22:0x2593713e PA:0x80008203
       17605000	      1759	800064bc	00c827b3	slt	x15,x16,x12	 x16:0x0000013a x12:0x00000000 x15=0x00000000
       17615000	      1760	800064c0	fea15b03	lhu	x22,-22(x2)	  x2:0x800082ea x22=0x00000000 PA:0x800082d4
       17625000	      1761	800064c4	01718e33	add	x28,x3,x23	  x3:0x00000001 x23:0x00000000 x28=0x00000001
       17635000	      1762	800064c8	013f16b3	sll	x13,x30,x19	 x30:0x00000000 x19:0x00000000 x13=0x00000000
       17645000	      1763	800064cc	1c332a93	slti	x21,x6,451	  x6:0x00000000 x21=0x00000001
       17655000	      1764	800064d0	3ccd3c93	sltiu	x25,x26,972	 x26:0x00000000 x25=0x00000001
       17665000	      1765	800064d4	d07c4e13	xori	x28,x24,-761	 x24:0x25937001 x28=0xda6c8d06
       17675000	      1766	800064d8	01415e03	lhu	x28,20(x2)	  x2:0x800082ea x28=0x00000000 PA:0x800082fe
       17685000	      1767	00000000	00000013	addi	x0,x0,0	  x0:0x00000000
       17695000	      1768	800064dc	01c10ca3	sb	x28,25(x2)	  x2:0x800082ea x28:0x00000000 PA:0x80008303
       17705000	      1769	800064e0	00b19a93	slli	x21,x3,0xb	  x3:0x00000001 x21=0x00000800
       17715000	      1770	800064e4	f0e10383	lb	x7,-242(x2)	  x2:0x800082ea  x7=0x00000000 PA:0x800081f8
       17725000	      1771	800064e8	00002c17	auipc	x24,0x2	 x24=0x800084e4
       17735000	      1772	800064ec	654c0c13	addi	x24,x24,1620	 x24:0x800084e4 x24=0x80008b38
       17745000	      1773	800064f0	0117a9b3	slt	x19,x15,x17	 x15:0x00000000 x17:0x80009fc4 x19=0x00000000
       17755000	      1774	800064f4	014c2d03	lw	x26,20(x24)	 x24:0x80008b38 x26=0x00000000 PA:0x80008b4c
       17765000	      1775	800064f8	002715b3	sll	x11,x14,x2	 x14:0xe476b2cc  x2:0x800082ea x11=0xdacb3000
       17775000	      1776	800064fc	00000013	addi	x0,x0,0	  x0:0x00000000
       17785000	      1777	80006500	40e68d33	sub	x26,x13,x14	 x13:0x00000000 x14:0xe476b2cc x26=0x1b894d34
       17795000	      1778	80006504	fe0c1703	lh	x14,-32(x24)	 x24:0x80008b38 x14=0x00000000 PA:0x80008b18
       17805000	      1779	80006508	fd1c0703	lb	x14,-47(x24)	 x24:0x80008b38 x14=0x00000000 PA:0x80008b09
       17815000	      1780	8000650c	00b562b3	or	x5,x10,x11	 x10:0x00000000 x11:0xdacb3000  x5=0xdacb3000
       17825000	      1781	80006510	01ac0823	sb	x26,16(x24)	 x24:0x80008b38 x26:0x1b894d34 PA:0x80008b48
       17835000	      1782	80006514	417c5db3	sra	x27,x24,x23	 x24:0x80008b38 x23:0x00000000 x27=0x80008b38
       17845000	      1783	80006518	964fb697	auipc	x13,0x964fb	 x13=0x16501514
       17855000	      1784	8000651c	b4820693	addi	x13,x4,-1208	  x4:0x00000000 x13=0xfffffb48
       17865000	      1785	80006520	40828e33	sub	x28,x5,x8	  x5:0xdacb3000  x8:0x00000000 x28=0xdacb3000
       17875000	      1786	80006524	fffc4983	lbu	x19,-1(x24)	 x24:0x80008b38 x19=0x00000000 PA:0x80008b37
       17885000	      1787	80006528	ff7c4103	lbu	x2,-9(x24)	 x24:0x80008b38  x2=0x00000000 PA:0x80008b2f
       17895000	      1788	8000652c	019c4f83	lbu	x31,25(x24)	 x24:0x80008b38 x31=0x00000000 PA:0x80008b51
       17905000	      1789	80006530	031c4803	lbu	x16,49(x24)	 x24:0x80008b38 x16=0x00000000 PA:0x80008b69
       17915000	      1790	80006534	012c1d83	lh	x27,18(x24)	 x24:0x80008b38 x27=0x00000000 PA:0x80008b4a
       17925000	      1791	80006538	0024d533	srl	x10,x9,x2	  x9:0x7fff66a1  x2:0x00000000 x10=0x7fff66a1
       17935000	      1792	8000653c	fc7c1623	sh	x7,-52(x24)	 x24:0x80008b38  x7:0x00000000 PA:0x80008b04
       17945000	      1793	80006540	70328413	addi	x8,x5,1795	  x5:0xdacb3000  x8=0xdacb3703
       17955000	      1794	80006544	020c1683	lh	x13,32(x24)	 x24:0x80008b38 x13=0x00000000 PA:0x80008b58
       17965000	      1795	80006548	01789733	sll	x14,x17,x23	 x17:0x80009fc4 x23:0x00000000 x14=0x80009fc4
       17975000	      1796	8000654c	ff1c1923	sh	x17,-14(x24)	 x24:0x80008b38 x17:0x80009fc4 PA:0x80008b2a
       17985000	      1797	80006550	fe3c0683	lb	x13,-29(x24)	 x24:0x80008b38 x13=0x00000000 PA:0x80008b1b
       17995000	      1798	80006554	ff8c4583	lbu	x11,-8(x24)	 x24:0x80008b38 x11=0x00000000 PA:0x80008b30
       18005000	      1799	80006558	fc0c05a3	sb	x0,-53(x24)	 x24:0x80008b38  x0:0x00000000 PA:0x80008b03
       18015000	      1800	8000655c	149de813	ori	x16,x27,329	 x27:0x00000000 x16=0x00000149
       18025000	      1801	80006560	78906113	ori	x2,x0,1929	  x0:0x00000000  x2=0x00000789
       18035000	      1802	80006564	030c4f83	lbu	x31,48(x24)	 x24:0x80008b38 x31=0x00000000 PA:0x80008b68
       18045000	      1803	00000000	00000013	addi	x0,x0,0	  x0:0x00000000
       18055000	      1804	80006568	dbf9e013	ori	x0,x19,-577	 x19:0x00000000
       18065000	      1805	8000656c	009a9213	slli	x4,x21,0x9	 x21:0x00000800  x4=0x00100000
       18075000	      1806	80006570	12b24e37	lui	x28,0x12b24	 x28=0x12b24000
       18085000	      1807	80006574	40db55b3	sra	x11,x22,x13	 x22:0x00000000 x13:0x00000000 x11=0x00000000
       18095000	      1808	80006578	fdfc04a3	sb	x31,-55(x24)	 x24:0x80008b38 x31:0x00000000 PA:0x80008b01
       18105000	      1809	8000657c	b933aa93	slti	x21,x7,-1133	  x7:0x00000000 x21=0x00000000
       18115000	      1810	80006580	a2fc4a93	xori	x21,x24,-1489	 x24:0x80008b38 x21=0x7fff7117
       18125000	      1811	80006584	fd2c1e03	lh	x28,-46(x24)	 x24:0x80008b38 x28=0x00000000 PA:0x80008b0a
       18135000	      1812	80006588	ff1c4803	lbu	x16,-15(x24)	 x24:0x80008b38 x16=0x00000000 PA:0x80008b29
       18145000	      1813	8000658c	4782ae13	slti	x28,x5,1144	  x5:0xdacb3000 x28=0x00000001
       18155000	      1814	80006590	03bc0803	lb	x16,59(x24)	 x24:0x80008b38 x16=0x00000000 PA:0x80008b73
       18165000	      1815	80006594	014550b3	srl	x1,x10,x20	 x10:0x7fff66a1 x20:0x00000000  x1=0x7fff66a1
       18175000	      1816	80006598	40505593	srai	x11,x0,0x5	  x0:0x00000000 x11=0x00000000
       18185000	      1817	8000659c	025c4803	lbu	x16,37(x24)	 x24:0x80008b38 x16=0x00000000 PA:0x80008b5d
       18195000	      1818	800065a0	011d7ab3	and	x21,x26,x17	 x26:0x1b894d34 x17:0x80009fc4 x21=0x00000d04
       18205000	      1819	800065a4	7fb4ea93	ori	x21,x9,2043	  x9:0x7fff66a1 x21=0x7fff67fb
       18215000	      1820	800065a8	3bc2ef93	ori	x31,x5,956	  x5:0xdacb3000 x31=0xdacb33bc
       18225000	      1821	800065ac	01539cb3	sll	x25,x7,x21	  x7:0x00000000 x21:0x7fff67fb x25=0x00000000
       18235000	      1822	800065b0	02fc1023	sh	x15,32(x24)	 x24:0x80008b38 x15:0x00000000 PA:0x80008b58
       18245000	      1823	800065b4	41cb5fb3	sra	x31,x22,x28	 x22:0x00000000 x28:0x00000001 x31=0x00000000
       18255000	      1824	800065b8	ff6c0983	lb	x19,-10(x24)	 x24:0x80008b38 x19=0xffffffad PA:0x80008b2e
       18265000	      1825	800065bc	fc7c0583	lb	x11,-57(x24)	 x24:0x80008b38 x11=0x00000000 PA:0x80008aff
       18275000	      1826	800065c0	0e11c113	xori	x2,x3,225	  x3:0x00000001  x2=0x000000e0
       18285000	      1827	800065c4	fcec5103	lhu	x2,-50(x24)	 x24:0x80008b38  x2=0x00000000 PA:0x80008b06
       18295000	      1828	800065c8	4053d613	srai	x12,x7,0x5	  x7:0x00000000 x12=0x00000000
       18305000	      1829	800065cc	792f0293	addi	x5,x30,1938	 x30:0x00000000  x5=0x00000792
       18315000	      1830	800065d0	900a3293	sltiu	x5,x20,-1792	 x20:0x00000000  x5=0x00000001
       18325000	      1831	800065d4	00aef4b3	and	x9,x29,x10	 x29:0xecb8b000 x10:0x7fff66a1  x9=0x6cb82000
       18335000	      1832	800065d8	411c52b3	sra	x5,x24,x17	 x24:0x80008b38 x17:0x80009fc4  x5=0xf80008b3
       18345000	      1833	800065dc	20474c93	xori	x25,x14,516	 x14:0x80009fc4 x25=0x80009dc0
       18355000	      1834	800065e0	010c6433	or	x8,x24,x16	 x24:0x80008b38 x16:0x00000000  x8=0x80008b38
       18365000	      1835	800065e4	017ddc93	srli	x25,x27,0x17	 x27:0x00000000 x25=0x00000000
       18375000	      1836	800065e8	00b2efb3	or	x31,x5,x11	  x5:0xf80008b3 x11:0x00000000 x31=0xf80008b3
       18385000	      1837	800065ec	00dde033	or	x0,x27,x13	 x27:0x00000000 x13:0x00000000
       18395000	      1838	800065f0	03a6c463	blt	x13,x26,80006618	 x13:0x00000000 x26:0x1b894d34
       18405000	      1839	00000000	00000013	addi	x0,x0,0	  x0:0x00000000
       18415000	      1840	80006614	00000013	addi	x0,x0,0	  x0:0x00000000
       18425000	      1841	80006618	01d85613	srli	x12,x16,0x1d	 x16:0x00000000 x12=0x00000000
       18435000	      1842	8000661c	00940fb3	add	x31,x8,x9	  x8:0x80008b38  x9:0x6cb82000 x31=0xecb8ab38
       18445000	      1843	80006620	00000013	addi	x0,x0,0	  x0:0x00000000
       18455000	      1844	80006624	d3cbe513	ori	x10,x23,-708	 x23:0x00000000 x10=0xfffffd3c
       18465000	      1845	80006628	003a6d33	or	x26,x20,x3	 x20:0x00000000  x3:0x00000001 x26=0x00000001
       18475000	      1846	8000662c	043f4863	blt	x30,x3,8000667c	 x30:0x00000000  x3:0x00000001
       18485000	      1847	00000000	00000013	addi	x0,x0,0	  x0:0x00000000
       18495000	      1848	80006678	00000013	addi	x0,x0,0	  x0:0x00000000
       18505000	      1849	8000667c	007f2ab3	slt	x21,x30,x7	 x30:0x00000000  x7:0x00000000 x21=0x00000000
       18515000	      1850	80006680	0066d633	srl	x12,x13,x6	 x13:0x00000000  x6:0x00000000 x12=0x00000000
       18525000	      1851	80006684	0026c533	xor	x10,x13,x2	 x13:0x00000000  x2:0x00000000 x10=0x00000000
       18535000	      1852	80006688	005a05b3	add	x11,x20,x5	 x20:0x00000000  x5:0xf80008b3 x11=0xf80008b3
       18545000	      1853	8000668c	03364c63	blt	x12,x19,800066c4	 x12:0x00000000 x19:0xffffffad
       18555000	      1854	80006690	41b75633	sra	x12,x14,x27	 x14:0x80009fc4 x27:0x00000000 x12=0x80009fc4
       18565000	      1855	80006694	edf0b093	sltiu	x1,x1,-289	  x1:0x7fff66a1  x1=0x00000001
       18575000	      1856	80006698	00e14c63	blt	x2,x14,800066b0	  x2:0x00000000 x14:0x80009fc4
       18585000	      1857	8000669c	01dc11b3	sll	x3,x24,x29	 x24:0x80008b38 x29:0xecb8b000  x3=0x80008b38
       18595000	      1858	800066a0	00246e63	bltu	x8,x2,800066bc	  x8:0x80008b38  x2:0x00000000
       18605000	      1859	800066a4	0024a833	slt	x16,x9,x2	  x9:0x6cb82000  x2:0x00000000 x16=0x00000000
       18615000	      1860	800066a8	fd370293	addi	x5,x14,-45	 x14:0x80009fc4  x5=0x80009f97
       18625000	      1861	800066ac	12054193	xori	x3,x10,288	 x10:0x00000000  x3=0x00000120
       18635000	      1862	800066b0	00c4e333	or	x6,x9,x12	  x9:0x6cb82000 x12:0x80009fc4  x6=0xecb8bfc4
       18645000	      1863	800066b4	9b923a93	sltiu	x21,x4,-1607	  x4:0x00100000 x21=0x00000001
       18655000	      1864	800066b8	f107f313	andi	x6,x15,-240	 x15:0x00000000  x6=0x00000000
       18665000	      1865	800066bc	005f5333	srl	x6,x30,x5	 x30:0x00000000  x5:0x80009f97  x6=0x00000000
       18675000	      1866	800066c0	018bacb3	slt	x25,x23,x24	 x23:0x00000000 x24:0x80008b38 x25=0x00000000
       18685000	      1867	800066c4	5efd3513	sltiu	x10,x26,1519	 x26:0x00000001 x10=0x00000001
       18695000	      1868	800066c8	40060b33	sub	x22,x12,x0	 x12:0x80009fc4  x0:0x00000000 x22=0x80009fc4
       18705000	      1869	800066cc	0136fe33	and	x28,x13,x19	 x13:0x00000000 x19:0xffffffad x28=0x00000000
       18715000	      1870	800066d0	05c67463	bgeu	x12,x28,80006718	 x12:0x80009fc4 x28:0x00000000
       18725000	      1871	00000000	00000013	addi	x0,x0,0	  x0:0x00000000
       18735000	      1872	80006714	00000013	addi	x0,x0,0	  x0:0x00000000
       18745000	      1873	80006718	021f8063	beq	x31,x1,80006738	 x31:0xecb8ab38  x1:0x00000001
       18755000	      1874	8000671c	67c04a93	xori	x21,x0,1660	  x0:0x00000000 x21=0x0000067c
       18765000	      1875	80006720	57ce0e17	auipc	x28,0x57ce0	 x28=0xd7ce671c
       18775000	      1876	80006724	01da39b3	sltu	x19,x20,x29	 x20:0x00000000 x29:0xecb8b000 x19=0x00000001
       18785000	      1877	80006728	2e308c93	addi	x25,x1,739	  x1:0x00000001 x25=0x000002e4
       18795000	      1878	8000672c	0478f863	bgeu	x17,x7,8000677c	 x17:0x80009fc4  x7:0x00000000
       18805000	      1879	00000000	00000013	addi	x0,x0,0	  x0:0x00000000
       18815000	      1880	80006778	00000013	addi	x0,x0,0	  x0:0x00000000
       18825000	      1881	8000677c	019fe663	bltu	x31,x25,80006788	 x31:0xecb8ab38 x25:0x000002e4
       18835000	      1882	80006780	0478d463	bge	x17,x7,800067c8	 x17:0x80009fc4  x7:0x00000000
       18845000	      1883	80006784	c8210c93	addi	x25,x2,-894	  x2:0x00000000 x25=0xfffffc82
       18855000	      1884	80006788	9ade6b93	ori	x23,x28,-1619	 x28:0xd7ce671c x23=0xffffffbd
       18865000	      1885	8000678c	5969a813	slti	x16,x19,1430	 x19:0x00000001 x16=0x00000001
       18875000	      1886	80006790	41cd0433	sub	x8,x26,x28	 x26:0x00000001 x28:0xd7ce671c  x8=0x283198e5
       18885000	      1887	80006794	0124cab3	xor	x21,x9,x18	  x9:0x6cb82000 x18:0x80009f48 x21=0xecb8bf48
       18895000	      1888	80006798	4bfffb93	andi	x23,x31,1215	 x31:0xecb8ab38 x23=0x00000038
       18905000	      1889	8000679c	019c1a63	bne	x24,x25,800067b0	 x24:0x80008b38 x25:0xfffffc82
       18915000	      1890	00000000	00000013	addi	x0,x0,0	  x0:0x00000000
       18925000	      1891	800067ac	00000013	addi	x0,x0,0	  x0:0x00000000
       18935000	      1892	800067b0	00c5e433	or	x8,x11,x12	 x11:0xf80008b3 x12:0x80009fc4  x8=0xf8009ff7
       18945000	      1893	800067b4	7a77ec93	ori	x25,x15,1959	 x15:0x00000000 x25=0x000007a7
       18955000	      1894	800067b8	c5d30713	addi	x14,x6,-931	  x6:0x00000000 x14=0xfffffc5d
       18965000	      1895	800067bc	00000013	addi	x0,x0,0	  x0:0x00000000
       18975000	      1896	800067c0	056d8463	beq	x27,x22,80006808	 x27:0x00000000 x22:0x80009fc4
       18985000	      1897	800067c4	0098dd13	srli	x26,x17,0x9	 x17:0x80009fc4 x26=0x0040004f
       18995000	      1898	800067c8	a3d00393	addi	x7,x0,-1475	  x0:0x00000000  x7=0xfffffa3d
       19005000	      1899	800067cc	f70f2e13	slti	x28,x30,-144	 x30:0x00000000 x28=0x00000000
       19015000	      1900	800067d0	40ed0e33	sub	x28,x26,x14	 x26:0x0040004f x14:0xfffffc5d x28=0x004003f2
       19025000	      1901	800067d4	0322b093	sltiu	x1,x5,50	  x5:0x80009f97  x1=0x00000000
       19035000	      1902	800067d8	01746533	or	x10,x8,x23	  x8:0xf8009ff7 x23:0x00000038 x10=0xf8009fff
       19045000	      1903	800067dc	003b1393	slli	x7,x22,0x3	 x22:0x80009fc4  x7=0x0004fe20
       19055000	      1904	800067e0	00000013	addi	x0,x0,0	  x0:0x00000000
       19065000	      1905	800067e4	004ee833	or	x16,x29,x4	 x29:0xecb8b000  x4:0x00100000 x16=0xecb8b000
       19075000	      1906	800067e8	d7e6f613	andi	x12,x13,-642	 x13:0x00000000 x12=0x00000000
       19085000	      1907	800067ec	50aa2013	slti	x0,x20,1290	 x20:0x00000000
       19095000	      1908	800067f0	003b9fb3	sll	x31,x23,x3	 x23:0x00000038  x3:0x00000120 x31=0x00000038
       19105000	      1909	800067f4	02184463	blt	x16,x1,8000681c	 x16:0xecb8b000  x1:0x00000000
       19115000	      1910	00000000	00000013	addi	x0,x0,0	  x0:0x00000000
       19125000	      1911	80006818	00000013	addi	x0,x0,0	  x0:0x00000000
       19135000	      1912	8000681c	00fdddb3	srl	x27,x27,x15	 x27:0x00000000 x15:0x00000000 x27=0x00000000
       19145000	      1913	80006820	8519e593	ori	x11,x19,-1967	 x19:0x00000001 x11=0xfffff851
       19155000	      1914	80006824	0142f9b3	and	x19,x5,x20	  x5:0x80009f97 x20:0x00000000 x19=0x00000000
       19165000	      1915	80006828	002735b3	sltu	x11,x14,x2	 x14:0xfffffc5d  x2:0x00000000 x11=0x00000000
       19175000	      1916	8000682c	01fc9c63	bne	x25,x31,80006844	 x25:0x000007a7 x31:0x00000038
       19185000	      1917	00000000	00000013	addi	x0,x0,0	  x0:0x00000000
       19195000	      1918	80006840	00000013	addi	x0,x0,0	  x0:0x00000000
       19205000	      1919	80006844	039b9063	bne	x23,x25,80006864	 x23:0x00000038 x25:0x000007a7
       19215000	      1920	00000000	00000013	addi	x0,x0,0	  x0:0x00000000
       19225000	      1921	80006860	00000013	addi	x0,x0,0	  x0:0x00000000
       19235000	      1922	80006864	42b00793	addi	x15,x0,1067	  x0:0x00000000 x15=0x0000042b
       19245000	      1923	80006868	0161ec33	or	x24,x3,x22	  x3:0x00000120 x22:0x80009fc4 x24=0x80009fe4
       19255000	      1924	8000686c	1d14e513	ori	x10,x9,465	  x9:0x6cb82000 x10=0x6cb821d1
       19265000	      1925	80006870	d6294613	xori	x12,x18,-670	 x18:0x80009f48 x12=0x7fff622a
       19275000	      1926	80006874	1dcff017	auipc	x0,0x1dcff	
       19285000	      1927	80006878	0038c833	xor	x16,x17,x3	 x17:0x80009fc4  x3:0x00000120 x16=0x80009ee4
       19295000	      1928	8000687c	00e35293	srli	x5,x6,0xe	  x6:0x00000000  x5=0x00000000
       19305000	      1929	80006880	2264b693	sltiu	x13,x9,550	  x9:0x6cb82000 x13=0x00000000
       19315000	      1930	80006884	010aed33	or	x26,x21,x16	 x21:0xecb8bf48 x16:0x80009ee4 x26=0xecb8bfec
       19325000	      1931	80006888	00ea0863	beq	x20,x14,80006898	 x20:0x00000000 x14:0xfffffc5d
       19335000	      1932	8000688c	41fb59b3	sra	x19,x22,x31	 x22:0x80009fc4 x31:0x00000038 x19=0xffffff80
       19345000	      1933	80006890	00761d13	slli	x26,x12,0x7	 x12:0x7fff622a x26=0xffb11500
       19355000	      1934	80006894	416ade93	srai	x29,x21,0x16	 x21:0xecb8bf48 x29=0xffffffb2
       19365000	      1935	80006898	00000013	addi	x0,x0,0	  x0:0x00000000
       19375000	      1936	8000689c	004db133	sltu	x2,x27,x4	 x27:0x00000000  x4:0x00100000  x2=0x00000001
       19385000	      1937	800068a0	01767c63	bgeu	x12,x23,800068b8	 x12:0x7fff622a x23:0x00000038
       19395000	      1938	00000000	00000013	addi	x0,x0,0	  x0:0x00000000
       19405000	      1939	800068b4	00000013	addi	x0,x0,0	  x0:0x00000000
       19415000	      1940	800068b8	03fd8063	beq	x27,x31,800068d8	 x27:0x00000000 x31:0x00000038
       19425000	      1941	800068bc	7baa5c37	lui	x24,0x7baa5	 x24=0x7baa5000
       19435000	      1942	800068c0	53eca7b7	lui	x15,0x53eca	 x15=0x53eca000
       19445000	      1943	800068c4	00000013	addi	x0,x0,0	  x0:0x00000000
       19455000	      1944	800068c8	ac8e4513	xori	x10,x28,-1336	 x28:0x004003f2 x10=0xffbff93a
       19465000	      1945	800068cc	0786c063	blt	x13,x24,8000692c	 x13:0x00000000 x24:0x7baa5000
       19475000	      1946	00000000	00000013	addi	x0,x0,0	  x0:0x00000000
       19485000	      1947	80006928	00000013	addi	x0,x0,0	  x0:0x00000000
       19495000	      1948	8000692c	41c3de93	srai	x29,x7,0x1c	  x7:0x0004fe20 x29=0x00000000
       19505000	      1949	80006930	01d79f33	sll	x30,x15,x29	 x15:0x53eca000 x29:0x00000000 x30=0x53eca000
       19515000	      1950	80006934	009c5c63	bge	x24,x9,8000694c	 x24:0x7baa5000  x9:0x6cb82000
       19525000	      1951	00000000	00000013	addi	x0,x0,0	  x0:0x00000000
       19535000	      1952	80006948	00000013	addi	x0,x0,0	  x0:0x00000000
       19545000	      1953	8000694c	01615463	bge	x2,x22,80006954	  x2:0x00000001 x22:0x80009fc4
       19555000	      1954	00000000	00000013	addi	x0,x0,0	  x0:0x00000000
       19565000	      1955	80006950	00000013	addi	x0,x0,0	  x0:0x00000000
       19575000	      1956	80006954	0113ea63	bltu	x7,x17,80006968	  x7:0x0004fe20 x17:0x80009fc4
       19585000	      1957	00000000	00000013	addi	x0,x0,0	  x0:0x00000000
       19595000	      1958	80006964	00000013	addi	x0,x0,0	  x0:0x00000000
       19605000	      1959	80006968	41bbd7b3	sra	x15,x23,x27	 x23:0x00000038 x27:0x00000000 x15=0x00000038
       19615000	      1960	8000696c	587f0a93	addi	x21,x30,1415	 x30:0x53eca000 x21=0x53eca587
       19625000	      1961	80006970	154da013	slti	x0,x27,340	 x27:0x00000000
       19635000	      1962	80006974	b4512393	slti	x7,x2,-1211	  x2:0x00000001  x7=0x00000000
       19645000	      1963	80006978	01414833	xor	x16,x2,x20	  x2:0x00000001 x20:0x00000000 x16=0x00000001
       19655000	      1964	8000697c	01004333	xor	x6,x0,x16	  x0:0x00000000 x16:0x00000001  x6=0x00000001
       19665000	      1965	80006980	e3aaa3b7	lui	x7,0xe3aaa	  x7=0xe3aaa000
       19675000	      1966	80006984	00db6e33	or	x28,x22,x13	 x22:0x80009fc4 x13:0x00000000 x28=0x80009fc4
       19685000	      1967	80006988	0136dcb3	srl	x25,x13,x19	 x13:0x00000000 x19:0xffffff80 x25=0x00000000
       19695000	      1968	8000698c	41b805b3	sub	x11,x16,x27	 x16:0x00000001 x27:0x00000000 x11=0x00000001
       19705000	      1969	80006990	030d7063	bgeu	x26,x16,800069b0	 x26:0xffb11500 x16:0x00000001
       19715000	      1970	00000000	00000013	addi	x0,x0,0	  x0:0x00000000
       19725000	      1971	800069ac	00000013	addi	x0,x0,0	  x0:0x00000000
       19735000	      1972	800069b0	01a22f33	slt	x30,x4,x26	  x4:0x00100000 x26:0xffb11500 x30=0x00000000
       19745000	      1973	800069b4	00000013	addi	x0,x0,0	  x0:0x00000000
       19755000	      1974	800069b8	0592e463	bltu	x5,x25,80006a00	  x5:0x00000000 x25:0x00000000
       19765000	      1975	800069bc	77872013	slti	x0,x14,1912	 x14:0xfffffc5d
       19775000	      1976	800069c0	017c1293	slli	x5,x24,0x17	 x24:0x7baa5000  x5=0x00000000
       19785000	      1977	800069c4	00c39633	sll	x12,x7,x12	  x7:0xe3aaa000 x12:0x7fff622a x12=0xaa800000
       19795000	      1978	800069c8	88468d13	addi	x26,x13,-1916	 x13:0x00000000 x26=0xfffff884
       19805000	      1979	800069cc	1e2b2c13	slti	x24,x22,482	 x22:0x80009fc4 x24=0x00000001
       19815000	      1980	800069d0	01a24833	xor	x16,x4,x26	  x4:0x00100000 x26:0xfffff884 x16=0xffeff884
       19825000	      1981	800069d4	00c0fd33	and	x26,x1,x12	  x1:0x00000000 x12:0xaa800000 x26=0x00000000
       19835000	      1982	800069d8	e4c4ef93	ori	x31,x9,-436	  x9:0x6cb82000 x31=0xfffffe4c
       19845000	      1983	800069dc	968eba93	sltiu	x21,x29,-1688	 x29:0x00000000 x21=0x00000001
       19855000	      1984	800069e0	0318f463	bgeu	x17,x17,80006a08	 x17:0x80009fc4 x17:0x80009fc4
       19865000	      1985	00000000	00000013	addi	x0,x0,0	  x0:0x00000000
       19875000	      1986	80006a04	00000013	addi	x0,x0,0	  x0:0x00000000
       19885000	      1987	80006a08	40cddb33	sra	x22,x27,x12	 x27:0x00000000 x12:0xaa800000 x22=0x00000000
       19895000	      1988	80006a0c	aee6be93	sltiu	x29,x13,-1298	 x13:0x00000000 x29=0x00000001
       19905000	      1989	80006a10	01861233	sll	x4,x12,x24	 x12:0xaa800000 x24:0x00000001  x4=0x55000000
       19915000	      1990	80006a14	41e75593	srai	x11,x14,0x1e	 x14:0xfffffc5d x11=0xffffffff
       19925000	      1991	80006a18	4f67ac13	slti	x24,x15,1270	 x15:0x00000038 x24=0x00000001
       19935000	      1992	80006a1c	00d45463	bge	x8,x13,80006a24	  x8:0xf8009ff7 x13:0x00000000
       19945000	      1993	80006a20	00875733	srl	x14,x14,x8	 x14:0xfffffc5d  x8:0xf8009ff7 x14=0x000001ff
       19955000	      1994	80006a24	0039e6b3	or	x13,x19,x3	 x19:0xffffff80  x3:0x00000120 x13=0xffffffa0
       19965000	      1995	80006a28	01999733	sll	x14,x19,x25	 x19:0xffffff80 x25:0x00000000 x14=0xffffff80
       19975000	      1996	80006a2c	0191db33	srl	x22,x3,x25	  x3:0x00000120 x25:0x00000000 x22=0x00000120
       19985000	      1997	80006a30	04f58463	beq	x11,x15,80006a78	 x11:0xffffffff x15:0x00000038
       19995000	      1998	80006a34	001c4233	xor	x4,x24,x1	 x24:0x00000001  x1:0x00000000  x4=0x00000001
       20005000	      1999	80006a38	059bd663	bge	x23,x25,80006a84	 x23:0x00000038 x25:0x00000000
       20015000	      2000	00000000	00000013	addi	x0,x0,0	  x0:0x00000000
       20025000	      2001	80006a80	00000013	addi	x0,x0,0	  x0:0x00000000
       20035000	      2002	80006a84	00bbc663	blt	x23,x11,80006a90	 x23:0x00000038 x11:0xffffffff
       20045000	      2003	80006a88	f4bd0093	addi	x1,x26,-181	 x26:0x00000000  x1=0xffffff4b
       20055000	      2004	80006a8c	7922be13	sltiu	x28,x5,1938	  x5:0x00000000 x28=0x00000001
       20065000	      2005	80006a90	0066bbb3	sltu	x23,x13,x6	 x13:0xffffffa0  x6:0x00000001 x23=0x00000000
       20075000	      2006	80006a94	00618033	add	x0,x3,x6	  x3:0x00000120  x6:0x00000001
       20085000	      2007	80006a98	37cda317	auipc	x6,0x37cda	  x6=0xb7ce0a94
       20095000	      2008	80006a9c	419481b3	sub	x3,x9,x25	  x9:0x6cb82000 x25:0x00000000  x3=0x6cb82000
       20105000	      2009	80006aa0	7db86e13	ori	x28,x16,2011	 x16:0xffeff884 x28=0xffefffdf
       20115000	      2010	80006aa4	83693b13	sltiu	x22,x18,-1994	 x18:0x80009f48 x22=0x00000001
       20125000	      2011	80006aa8	ab98b813	sltiu	x16,x17,-1351	 x17:0x80009fc4 x16=0x00000001
       20135000	      2012	80006aac	02db4063	blt	x22,x13,80006acc	 x22:0x00000001 x13:0xffffffa0
       20145000	      2013	80006ab0	40cbd693	srai	x13,x23,0xc	 x23:0x00000000 x13=0x00000000
       20155000	      2014	80006ab4	9f5d3693	sltiu	x13,x26,-1547	 x26:0x00000000 x13=0x00000001
       20165000	      2015	80006ab8	03410463	beq	x2,x20,80006ae0	  x2:0x00000001 x20:0x00000000
       20175000	      2016	80006abc	11914a93	xori	x21,x2,281	  x2:0x00000001 x21=0x00000118
       20185000	      2017	80006ac0	01e9b533	sltu	x10,x19,x30	 x19:0xffffff80 x30:0x00000000 x10=0x00000000
       20195000	      2018	80006ac4	edd45097	auipc	x1,0xedd45	  x1=0x6dd4bac0
       20205000	      2019	80006ac8	01b61463	bne	x12,x27,80006ad0	 x12:0xaa800000 x27:0x00000000
       20215000	      2020	00000000	00000013	addi	x0,x0,0	  x0:0x00000000
       20225000	      2021	80006acc	00000013	addi	x0,x0,0	  x0:0x00000000
       20235000	      2022	80006ad0	00638833	add	x16,x7,x6	  x7:0xe3aaa000  x6:0xb7ce0a94 x16=0x9b78aa94
       20245000	      2023	80006ad4	00654433	xor	x8,x10,x6	 x10:0x00000000  x6:0xb7ce0a94  x8=0xb7ce0a94
       20255000	      2024	80006ad8	01202eb3	slt	x29,x0,x18	  x0:0x00000000 x18:0x80009f48 x29=0x00000000
       20265000	      2025	80006adc	00107c33	and	x24,x0,x1	  x0:0x00000000  x1:0x6dd4bac0 x24=0x00000000
       20275000	      2026	80006ae0	0e9ff213	andi	x4,x31,233	 x31:0xfffffe4c  x4=0x00000048
       20285000	      2027	80006ae4	01f06a63	bltu	x0,x31,80006af8	  x0:0x00000000 x31:0xfffffe4c
       20295000	      2028	00000000	00000013	addi	x0,x0,0	  x0:0x00000000
       20305000	      2029	80006af4	00000013	addi	x0,x0,0	  x0:0x00000000
       20315000	      2030	80006af8	01c91833	sll	x16,x18,x28	 x18:0x80009f48 x28:0xffefffdf x16=0x00000000
       20325000	      2031	80006afc	0192e533	or	x10,x5,x25	  x5:0x00000000 x25:0x00000000 x10=0x00000000
       20335000	      2032	80006b00	5cc39b97	auipc	x23,0x5cc39	 x23=0xdcc3fafc
       20345000	      2033	80006b04	020d5463	bge	x26,x0,80006b2c	 x26:0x00000000  x0:0x00000000
       20355000	      2034	00000000	00000013	addi	x0,x0,0	  x0:0x00000000
       20365000	      2035	80006b28	00000013	addi	x0,x0,0	  x0:0x00000000
       20375000	      2036	80006b2c	016773b3	and	x7,x14,x22	 x14:0xffffff80 x22:0x00000001  x7=0x00000000
       20385000	      2037	80006b30	001f72b3	and	x5,x30,x1	 x30:0x00000000  x1:0x6dd4bac0  x5=0x00000000
       20395000	      2038	80006b34	0050deb3	srl	x29,x1,x5	  x1:0x6dd4bac0  x5:0x00000000 x29=0x6dd4bac0
       20405000	      2039	80006b38	03e99463	bne	x19,x30,80006b60	 x19:0xffffff80 x30:0x00000000
       20415000	      2040	00000000	00000013	addi	x0,x0,0	  x0:0x00000000
       20425000	      2041	80006b5c	00000013	addi	x0,x0,0	  x0:0x00000000
       20435000	      2042	80006b60	60b3bb17	auipc	x22,0x60b3b	 x22=0xe0b41b5c
       20445000	      2043	80006b64	000c4863	blt	x24,x0,80006b74	 x24:0x00000000  x0:0x00000000
       20455000	      2044	80006b68	8e9d7693	andi	x13,x26,-1815	 x26:0x00000000 x13=0x00000000
       20465000	      2045	80006b6c	00875ab3	srl	x21,x14,x8	 x14:0xffffff80  x8:0xb7ce0a94 x21=0x00000fff
       20475000	      2046	80006b70	018e20b3	slt	x1,x28,x24	 x28:0xffefffdf x24:0x00000000  x1=0x00000001
       20485000	      2047	80006b74	b39f0d13	addi	x26,x30,-1223	 x30:0x00000000 x26=0xfffffb39
       20495000	      2048	80006b78	0010c133	xor	x2,x1,x1	  x1:0x00000001  x1:0x00000001  x2=0x00000000
       20505000	      2049	80006b7c	c4042e13	slti	x28,x8,-960	  x8:0xb7ce0a94 x28=0x00000001
       20515000	      2050	80006b80	00492203	lw	x4,4(x18)	 x18:0x80009f48  x4=0x8000014c PA:0x80009f4c
       20525000	      2051	80006b84	1c9e5eb7	lui	x29,0x1c9e5	 x29=0x1c9e5000
       20535000	      2052	80006b88	9f02e313	ori	x6,x5,-1552	  x5:0x00000000  x6=0xfffff9f0
       20545000	      2053	80006b8c	03c90913	addi	x18,x18,60	 x18:0x80009f48 x18=0x80009f84
       20555000	      2054	80006b90	00a3a633	slt	x12,x7,x10	  x7:0x00000000 x10:0x00000000 x12=0x00000000
       20565000	      2055	80006b94	00020993	addi	x19,x4,0	  x4:0x8000014c x19=0x8000014c
       20575000	      2056	80006b98	000989e7	jalr	x19,x19,0	 x19:0x8000014c x19=0x80006b98
       20585000	      2057	00000000	00000013	addi	x0,x0,0	  x0:0x00000000
       20595000	      2058	8000014c	00000013	addi	x0,x0,0	  x0:0x00000000
       20605000	      2059	80000150	29cceb13	ori	x22,x25,668	 x25:0x00000000 x22=0x0000029c
       20615000	      2060	80000154	5330b7b7	lui	x15,0x5330b	 x15=0x5330b000
       20625000	      2061	80000158	00003f97	auipc	x31,0x3	 x31=0x80003154
       20635000	      2062	8000015c	904f8f93	addi	x31,x31,-1788	 x31:0x80003154 x31=0x80002a58
       20645000	      2063	80000160	01583533	sltu	x10,x16,x21	 x16:0x00000000 x21:0x00000fff x10=0x00000001
       20655000	      2064	80000164	e7ff8f93	addi	x31,x31,-385	 x31:0x80002a58 x31=0x800028d7
       20665000	      2065	80000168	00b33333	sltu	x6,x6,x11	  x6:0xfffff9f0 x11:0xffffffff  x6=0x00000001
       20675000	      2066	8000016c	d52ef997	auipc	x19,0xd52ef	 x19=0x552ef168
       20685000	      2067	80000170	78540413	addi	x8,x8,1925	  x8:0xb7ce0a94  x8=0xb7ce1219
       20695000	      2068	80000174	00f00633	add	x12,x0,x15	  x0:0x00000000 x15:0x5330b000 x12=0x5330b000
       20705000	      2069	80000178	181f8267	jalr	x4,x31,385	 x31:0x800028d7  x4=0x80000178
       20715000	      2070	00000000	00000013	addi	x0,x0,0	  x0:0x00000000
       20725000	      2071	80002a58	00000013	addi	x0,x0,0	  x0:0x00000000
       20735000	      2072	80002a5c	f66084b7	lui	x9,0xf6608	  x9=0xf6608000
       20745000	      2073	80002a60	011271b3	and	x3,x4,x17	  x4:0x80000178 x17:0x80009fc4  x3=0x80000140
       20755000	      2074	80002a64	00690c63	beq	x18,x6,80002a7c	 x18:0x80009f84  x6:0x00000001
       20765000	      2075	80002a68	006db733	sltu	x14,x27,x6	 x27:0x00000000  x6:0x00000001 x14=0x00000001
       20775000	      2076	80002a6c	0159dfb3	srl	x31,x19,x21	 x19:0x552ef168 x21:0x00000fff x31=0x00000000
       20785000	      2077	80002a70	00000013	addi	x0,x0,0	  x0:0x00000000
       20795000	      2078	80002a74	0116bab3	sltu	x21,x13,x17	 x13:0x00000000 x17:0x80009fc4 x21=0x00000001
       20805000	      2079	80002a78	00a29e13	slli	x28,x5,0xa	  x5:0x00000000 x28=0x00000000
       20815000	      2080	80002a7c	fdc90913	addi	x18,x18,-36	 x18:0x80009f84 x18=0x80009f60
       20825000	      2081	80002a80	00492223	sw	x4,4(x18)	 x18:0x80009f60  x4:0x80000178 PA:0x80009f64
       20835000	      2082	80002a84	00000013	addi	x0,x0,0	  x0:0x00000000
       20845000	      2083	80002a88	01abf6b3	and	x13,x23,x26	 x23:0xdcc3fafc x26:0xfffffb39 x13=0xdcc3fa38
       20855000	      2084	80002a8c	0081d193	srli	x3,x3,0x8	  x3:0x80000140  x3=0x00800001
       20865000	      2085	80002a90	00f9c033	xor	x0,x19,x15	 x19:0x552ef168 x15:0x5330b000
       20875000	      2086	80002a94	01ee0eb3	add	x29,x28,x30	 x28:0x00000000 x30:0x00000000 x29=0x00000000
       20885000	      2087	80002a98	00fca033	slt	x0,x25,x15	 x25:0x00000000 x15:0x5330b000
       20895000	      2088	80002a9c	016bb133	sltu	x2,x23,x22	 x23:0xdcc3fafc x22:0x0000029c  x2=0x00000000
       20905000	      2089	80002aa0	004601b3	add	x3,x12,x4	 x12:0x5330b000  x4:0x80000178  x3=0xd330b178
       20915000	      2090	80002aa4	22d1e097	auipc	x1,0x22d1e	  x1=0xa2d20aa0
       20925000	      2091	80002aa8	00000597	auipc	x11,0x0	 x11=0x80002aa4
       20935000	      2092	80002aac	be858593	addi	x11,x11,-1048	 x11:0x80002aa4 x11=0x8000268c
       20945000	      2093	80002ab0	01f754b3	srl	x9,x14,x31	 x14:0x00000001 x31:0x00000000  x9=0x00000001
       20955000	      2094	80002ab4	a2a85717	auipc	x14,0xa2a85	 x14=0x22a87ab0
       20965000	      2095	80002ab8	429e6437	lui	x8,0x429e6	  x8=0x429e6000
       20975000	      2096	80002abc	23958593	addi	x11,x11,569	 x11:0x8000268c x11=0x800028c5
       20985000	      2097	80002ac0	fd6b4313	xori	x6,x22,-42	 x22:0x0000029c  x6=0xfffffd4a
       20995000	      2098	80002ac4	dc858267	jalr	x4,x11,-568	 x11:0x800028c5  x4=0x80002ac4
       21005000	      2099	00000000	00000013	addi	x0,x0,0	  x0:0x00000000
       21015000	      2100	8000268c	00000013	addi	x0,x0,0	  x0:0x00000000
       21025000	      2101	80002690	00a5ad33	slt	x26,x11,x10	 x11:0x800028c5 x10:0x00000001 x26=0x00000001
       21035000	      2102	80002694	ff490913	addi	x18,x18,-12	 x18:0x80009f60 x18=0x80009f54
       21045000	      2103	80002698	00492223	sw	x4,4(x18)	 x18:0x80009f54  x4:0x80002ac4 PA:0x80009f58
       21055000	      2104	8000269c	274a8a93	addi	x21,x21,628	 x21:0x00000001 x21=0x00000275
       21065000	      2105	800026a0	c07c2d13	slti	x26,x24,-1017	 x24:0x00000000 x26=0x00000000
       21075000	      2106	800026a4	006d1e33	sll	x28,x26,x6	 x26:0x00000000  x6:0xfffffd4a x28=0x00000000
       21085000	      2107	800026a8	41498433	sub	x8,x19,x20	 x19:0x552ef168 x20:0x00000000  x8=0x552ef168
       21095000	      2108	800026ac	001e8633	add	x12,x29,x1	 x29:0x00000000  x1:0xa2d20aa0 x12=0xa2d20aa0
       21105000	      2109	800026b0	3c803c93	sltiu	x25,x0,968	  x0:0x00000000 x25=0x00000001
       21115000	      2110	800026b4	3288f513	andi	x10,x17,808	 x17:0x80009fc4 x10=0x00000300
       21125000	      2111	800026b8	407ad433	sra	x8,x21,x7	 x21:0x00000275  x7:0x00000000  x8=0x00000275
       21135000	      2112	800026bc	010e2bb3	slt	x23,x28,x16	 x28:0x00000000 x16:0x00000000 x23=0x00000000
       21145000	      2113	800026c0	e943e193	ori	x3,x7,-364	  x7:0x00000000  x3=0xfffffe94
       21155000	      2114	800026c4	0e60bd93	sltiu	x27,x1,230	  x1:0xa2d20aa0 x27=0x00000000
       21165000	      2115	800026c8	01a6abb3	slt	x23,x13,x26	 x13:0xdcc3fa38 x26:0x00000000 x23=0x00000001
       21175000	      2116	800026cc	01130333	add	x6,x6,x17	  x6:0xfffffd4a x17:0x80009fc4  x6=0x80009d0e
       21185000	      2117	800026d0	40ad8cb3	sub	x25,x27,x10	 x27:0x00000000 x10:0x00000300 x25=0xfffffd00
       21195000	      2118	800026d4	7b3ce993	ori	x19,x25,1971	 x25:0xfffffd00 x19=0xffffffb3
       21205000	      2119	800026d8	c11fd26f	jal	x4,800026d8	  x4=0x800026d8
       21215000	      2120	00000000	00000013	addi	x0,x0,0	  x0:0x00000000
       21225000	      2121	800002e4	00000013	addi	x0,x0,0	  x0:0x00000000
       21235000	      2122	800002e8	fe890913	addi	x18,x18,-24	 x18:0x80009f54 x18=0x80009f3c
       21245000	      2123	800002ec	00492223	sw	x4,4(x18)	 x18:0x80009f3c  x4:0x800026d8 PA:0x80009f40
       21255000	      2124	800002f0	01ac65b3	or	x11,x24,x26	 x24:0x00000000 x26:0x00000000 x11=0x00000000
       21265000	      2125	800002f4	01f63093	sltiu	x1,x12,31	 x12:0xa2d20aa0  x1=0x00000000
       21275000	      2126	800002f8	f7432593	slti	x11,x6,-140	  x6:0x80009d0e x11=0x00000001
       21285000	      2127	800002fc	40c85613	srai	x12,x16,0xc	 x16:0x00000000 x12=0x00000000
       21295000	      2128	80000300	00cba833	slt	x16,x23,x12	 x23:0x00000001 x12:0x00000000 x16=0x00000000
       21305000	      2129	80000304	02786863	bltu	x16,x7,80000334	 x16:0x00000000  x7:0x00000000
       21315000	      2130	80000308	005d1863	bne	x26,x5,80000318	 x26:0x00000000  x5:0x00000000
       21325000	      2131	8000030c	9f8f8693	addi	x13,x31,-1544	 x31:0x00000000 x13=0xfffff9f8
       21335000	      2132	80000310	281c0e37	lui	x28,0x281c0	 x28=0x281c0000
       21345000	      2133	80000314	e752f497	auipc	x9,0xe752f	  x9=0x6752f310
       21355000	      2134	80000318	ca9ccd13	xori	x26,x25,-855	 x25:0xfffffd00 x26=0x000001a9
       21365000	      2135	8000031c	352ba9b7	lui	x19,0x352ba	 x19=0x352ba000
       21375000	      2136	80000320	0154c263	blt	x9,x21,80000324	  x9:0x6752f310 x21:0x00000275
       21385000	      2137	80000324	04a04463	blt	x0,x10,8000036c	  x0:0x00000000 x10:0x00000300
       21395000	      2138	00000000	00000013	addi	x0,x0,0	  x0:0x00000000
       21405000	      2139	80000368	00000013	addi	x0,x0,0	  x0:0x00000000
       21415000	      2140	8000036c	9db0e217	auipc	x4,0x9db0e	  x4=0x1db0e368
       21425000	      2141	80000370	001e6cb3	or	x25,x28,x1	 x28:0x281c0000  x1:0x00000000 x25=0x281c0000
       21435000	      2142	80000374	06bc3393	sltiu	x7,x24,107	 x24:0x00000000  x7=0x00000001
       21445000	      2143	80000378	6d0dafb7	lui	x31,0x6d0da	 x31=0x6d0da000
       21455000	      2144	8000037c	04c9e463	bltu	x19,x12,800003c4	 x19:0x352ba000 x12:0x00000000
       21465000	      2145	80000380	00c747b3	xor	x15,x14,x12	 x14:0x22a87ab0 x12:0x00000000 x15=0x22a87ab0
       21475000	      2146	80000384	01e214b3	sll	x9,x4,x30	  x4:0x1db0e368 x30:0x00000000  x9=0x1db0e368
       21485000	      2147	80000388	058c5663	bge	x24,x24,800003d4	 x24:0x00000000 x24:0x00000000
       21495000	      2148	00000000	00000013	addi	x0,x0,0	  x0:0x00000000
       21505000	      2149	800003d0	00000013	addi	x0,x0,0	  x0:0x00000000
       21515000	      2150	800003d4	00edd463	bge	x27,x14,800003dc	 x27:0x00000000 x14:0x22a87ab0
       21525000	      2151	800003d8	29293537	lui	x10,0x29293	 x10=0x29293000
       21535000	      2152	800003dc	01ea1cb3	sll	x25,x20,x30	 x20:0x00000000 x30:0x00000000 x25=0x00000000
       21545000	      2153	800003e0	7fdd3b93	sltiu	x23,x26,2045	 x26:0x000001a9 x23=0x00000001
       21555000	      2154	800003e4	029e1263	bne	x28,x9,80000408	 x28:0x281c0000  x9:0x1db0e368
       21565000	      2155	00000000	00000013	addi	x0,x0,0	  x0:0x00000000
       21575000	      2156	80000404	00000013	addi	x0,x0,0	  x0:0x00000000
       21585000	      2157	80000408	0051c1b3	xor	x3,x3,x5	  x3:0xfffffe94  x5:0x00000000  x3=0xfffffe94
       21595000	      2158	8000040c	5774b413	sltiu	x8,x9,1399	  x9:0x1db0e368  x8=0x00000000
       21605000	      2159	80000410	015a6733	or	x14,x20,x21	 x20:0x00000000 x21:0x00000275 x14=0x00000275
       21615000	      2160	80000414	4176a193	slti	x3,x13,1047	 x13:0xfffff9f8  x3=0x00000001
       21625000	      2161	80000418	00492203	lw	x4,4(x18)	 x18:0x80009f3c  x4=0x800026d8 PA:0x80009f40
       21635000	      2162	8000041c	01ef1813	slli	x16,x30,0x1e	 x30:0x00000000 x16=0x00000000
       21645000	      2163	80000420	5e32ec13	ori	x24,x5,1507	  x5:0x00000000 x24=0x000005e3
       21655000	      2164	80000424	3a5de393	ori	x7,x27,933	 x27:0x00000000  x7=0x000003a5
       21665000	      2165	80000428	01890913	addi	x18,x18,24	 x18:0x80009f3c x18=0x80009f54
       21675000	      2166	8000042c	013d6533	or	x10,x26,x19	 x26:0x000001a9 x19:0x352ba000 x10=0x352ba1a9
       21685000	      2167	80000430	01d04f33	xor	x30,x0,x29	  x0:0x00000000 x29:0x00000000 x30=0x00000000
       21695000	      2168	80000434	9e31ad93	slti	x27,x3,-1565	  x3:0x00000001 x27=0x00000000
       21705000	      2169	80000438	00020593	addi	x11,x4,0	  x4:0x800026d8 x11=0x800026d8
       21715000	      2170	8000043c	000585e7	jalr	x11,x11,0	 x11:0x800026d8 x11=0x8000043c
       21725000	      2171	00000000	00000013	addi	x0,x0,0	  x0:0x00000000
       21735000	      2172	800026d8	00000013	addi	x0,x0,0	  x0:0x00000000
       21745000	      2173	800026dc	00000013	addi	x0,x0,0	  x0:0x00000000
       21755000	      2174	800026e0	40eed833	sra	x16,x29,x14	 x29:0x00000000 x14:0x00000275 x16=0x00000000
       21765000	      2175	800026e4	0049e7b3	or	x15,x19,x4	 x19:0x352ba000  x4:0x800026d8 x15=0xb52ba6d8
       21775000	      2176	800026e8	01bc8533	add	x10,x25,x27	 x25:0x00000000 x27:0x00000000 x10=0x00000000
       21785000	      2177	800026ec	0122d593	srli	x11,x5,0x12	  x5:0x00000000 x11=0x00000000
       21795000	      2178	800026f0	016870b3	and	x1,x16,x22	 x16:0x00000000 x22:0x0000029c  x1=0x00000000
       21805000	      2179	800026f4	018ce663	bltu	x25,x24,80002700	 x25:0x00000000 x24:0x000005e3
       21815000	      2180	00000000	00000013	addi	x0,x0,0	  x0:0x00000000
       21825000	      2181	800026fc	00000013	addi	x0,x0,0	  x0:0x00000000
       21835000	      2182	80002700	17ef6513	ori	x10,x30,382	 x30:0x00000000 x10=0x0000017e
       21845000	      2183	80002704	4048d233	sra	x4,x17,x4	 x17:0x80009fc4  x4:0x800026d8  x4=0xffffff80
       21855000	      2184	80002708	400087b3	sub	x15,x1,x0	  x1:0x00000000  x0:0x00000000 x15=0x00000000
       21865000	      2185	8000270c	004e50b3	srl	x1,x28,x4	 x28:0x281c0000  x4:0xffffff80  x1=0x281c0000
       21875000	      2186	80002710	418c0cb3	sub	x25,x24,x24	 x24:0x000005e3 x24:0x000005e3 x25=0x00000000
       21885000	      2187	80002714	a1507693	andi	x13,x0,-1515	  x0:0x00000000 x13=0x00000000
       21895000	      2188	80002718	41bf0733	sub	x14,x30,x27	 x30:0x00000000 x27:0x00000000 x14=0x00000000
       21905000	      2189	8000271c	00171c33	sll	x24,x14,x1	 x14:0x00000000  x1:0x281c0000 x24=0x00000000
       21915000	      2190	80002720	411a0fb3	sub	x31,x20,x17	 x20:0x00000000 x17:0x80009fc4 x31=0x7fff603c
       21925000	      2191	80002724	179cfb93	andi	x23,x25,377	 x25:0x00000000 x23=0x00000000
       21935000	      2192	80002728	001f8cb3	add	x25,x31,x1	 x31:0x7fff603c  x1:0x281c0000 x25=0xa81b603c
       21945000	      2193	8000272c	01afe7b3	or	x15,x31,x26	 x31:0x7fff603c x26:0x000001a9 x15=0x7fff61bd
       21955000	      2194	80002730	00ef53b3	srl	x7,x30,x14	 x30:0x00000000 x14:0x00000000  x7=0x00000000
       21965000	      2195	80002734	00831713	slli	x14,x6,0x8	  x6:0x80009d0e x14=0x009d0e00
       21975000	      2196	80002738	00ca8133	add	x2,x21,x12	 x21:0x00000275 x12:0x00000000  x2=0x00000275
       21985000	      2197	8000273c	56f47613	andi	x12,x8,1391	  x8:0x00000000 x12=0x00000000
       21995000	      2198	80002740	00492203	lw	x4,4(x18)	 x18:0x80009f54  x4=0x80002ac4 PA:0x80009f58
       22005000	      2199	80002744	00000013	addi	x0,x0,0	  x0:0x00000000
       22015000	      2200	80002748	00c90913	addi	x18,x18,12	 x18:0x80009f54 x18=0x80009f60
       22025000	      2201	8000274c	aec3bf13	sltiu	x30,x7,-1300	  x7:0x00000000 x30=0x00000001
       22035000	      2202	80002750	002e4f33	xor	x30,x28,x2	 x28:0x281c0000  x2:0x00000275 x30=0x281c0275
       22045000	      2203	80002754	4bb32e13	slti	x28,x6,1211	  x6:0x80009d0e x28=0x00000001
       22055000	      2204	80002758	00120713	addi	x14,x4,1	  x4:0x80002ac4 x14=0x80002ac5
       22065000	      2205	8000275c	00070767	jalr	x14,x14,0	 x14:0x80002ac5 x14=0x8000275c
       22075000	      2206	00000000	00000013	addi	x0,x0,0	  x0:0x00000000
       22085000	      2207	80002ac4	00000013	addi	x0,x0,0	  x0:0x00000000
       22095000	      2208	80002ac8	010efb33	and	x22,x29,x16	 x29:0x00000000 x16:0x00000000 x22=0x00000000
       22105000	      2209	80002acc	00000297	auipc	x5,0x0	  x5=0x80002ac8
       22115000	      2210	80002ad0	c9428293	addi	x5,x5,-876	  x5:0x80002ac8  x5=0x8000275c
       22125000	      2211	80002ad4	00576233	or	x4,x14,x5	 x14:0x8000275c  x5:0x8000275c  x4=0x8000275c
       22135000	      2212	80002ad8	2e828293	addi	x5,x5,744	  x5:0x8000275c  x5=0x80002a44
       22145000	      2213	80002adc	01b29833	sll	x16,x5,x27	  x5:0x80002a44 x27:0x00000000 x16=0x80002a44
       22155000	      2214	80002ae0	01934cb3	xor	x25,x6,x25	  x6:0x80009d0e x25:0xa81b603c x25=0x281bfd32
       22165000	      2215	80002ae4	00000013	addi	x0,x0,0	  x0:0x00000000
       22175000	      2216	80002ae8	d1828267	jalr	x4,x5,-744	  x5:0x80002a44  x4=0x80002ae8
       22185000	      2217	00000000	00000013	addi	x0,x0,0	  x0:0x00000000
       22195000	      2218	8000275c	00000013	addi	x0,x0,0	  x0:0x00000000
       22205000	      2219	80002760	00be0863	beq	x28,x11,80002770	 x28:0x00000001 x11:0x00000000
       22215000	      2220	80002764	00ae04b3	add	x9,x28,x10	 x28:0x00000001 x10:0x0000017e  x9=0x0000017f
       22225000	      2221	80002768	008da133	slt	x2,x27,x8	 x27:0x00000000  x8:0x00000000  x2=0x00000000
       22235000	      2222	8000276c	ac1b3e93	sltiu	x29,x22,-1343	 x22:0x00000000 x29=0x00000001
       22245000	      2223	80002770	fc490913	addi	x18,x18,-60	 x18:0x80009f60 x18=0x80009f24
       22255000	      2224	80002774	01d9c433	xor	x8,x19,x29	 x19:0x352ba000 x29:0x00000001  x8=0x352ba001
       22265000	      2225	80002778	00492223	sw	x4,4(x18)	 x18:0x80009f24  x4:0x80002ae8 PA:0x80009f28
       22275000	      2226	8000277c	0094b5b3	sltu	x11,x9,x9	  x9:0x0000017f  x9:0x0000017f x11=0x00000000
       22285000	      2227	80002780	a1504a93	xori	x21,x0,-1515	  x0:0x00000000 x21=0xfffffa15
       22295000	      2228	80002784	eba8a113	slti	x2,x17,-326	 x17:0x80009fc4  x2=0x00000001
       22305000	      2229	80002788	01d6ed33	or	x26,x13,x29	 x13:0x00000000 x29:0x00000001 x26=0x00000001
       22315000	      2230	8000278c	f3eb4313	xori	x6,x22,-194	 x22:0x00000000  x6=0xffffff3e
       22325000	      2231	80002790	001f29b3	slt	x19,x30,x1	 x30:0x281c0275  x1:0x281c0000 x19=0x00000000
       22335000	      2232	80002794	01ef77b3	and	x15,x30,x30	 x30:0x281c0275 x30:0x281c0275 x15=0x281c0275
       22345000	      2233	80002798	7210c217	auipc	x4,0x7210c	  x4=0xf210e794
       22355000	      2234	8000279c	00f65113	srli	x2,x12,0xf	 x12:0x00000000  x2=0x00000000
       22365000	      2235	800027a0	741fe313	ori	x6,x31,1857	 x31:0x7fff603c  x6=0x7fff677d
       22375000	      2236	800027a4	400ad1b3	sra	x3,x21,x0	 x21:0xfffffa15  x0:0x00000000  x3=0xfffffa15
       22385000	      2237	800027a8	0043d463	bge	x7,x4,800027b0	  x7:0x00000000  x4:0xf210e794
       22395000	      2238	00000000	00000013	addi	x0,x0,0	  x0:0x00000000
       22405000	      2239	800027ac	00000013	addi	x0,x0,0	  x0:0x00000000
       22415000	      2240	800027b0	fe0e4837	lui	x16,0xfe0e4	 x16=0xfe0e4000
       22425000	      2241	800027b4	00eb35b3	sltu	x11,x22,x14	 x22:0x00000000 x14:0x8000275c x11=0x00000001
       22435000	      2242	800027b8	3fb22a93	slti	x21,x4,1019	  x4:0xf210e794 x21=0x00000001
       22445000	      2243	800027bc	003c7c13	andi	x24,x24,3	 x24:0x00000000 x24=0x00000000
       22455000	      2244	800027c0	b6d50d13	addi	x26,x10,-1171	 x10:0x0000017e x26=0xfffffceb
       22465000	      2245	800027c4	9e7cba93	sltiu	x21,x25,-1561	 x25:0x281bfd32 x21=0x00000001
       22475000	      2246	800027c8	055c6063	bltu	x24,x21,80002808	 x24:0x00000000 x21:0x00000001
       22485000	      2247	00000000	00000013	addi	x0,x0,0	  x0:0x00000000
       22495000	      2248	80002804	00000013	addi	x0,x0,0	  x0:0x00000000
       22505000	      2249	80002808	0135d3b3	srl	x7,x11,x19	 x11:0x00000001 x19:0x00000000  x7=0x00000001
       22515000	      2250	8000280c	005ad263	bge	x21,x5,80002810	 x21:0x00000001  x5:0x80002a44
       22525000	      2251	00000000	00000013	addi	x0,x0,0	  x0:0x00000000
       22535000	      2252	8000280c	00000013	addi	x0,x0,0	  x0:0x00000000
       22545000	      2253	80002810	087fcc63	blt	x31,x7,800028a8	 x31:0x7fff603c  x7:0x00000001
       22555000	      2254	80002814	0f153b13	sltiu	x22,x10,241	 x10:0x0000017e x22=0x00000000
       22565000	      2255	80002818	402c06b3	sub	x13,x24,x2	 x24:0x00000000  x2:0x00000000 x13=0x00000000
       22575000	      2256	8000281c	00006117	auipc	x2,0x6	  x2=0x80008818
       22585000	      2257	80002820	d8910113	addi	x2,x2,-631	  x2:0x80008818  x2=0x800085a1
       22595000	      2258	80002824	ffc14983	lbu	x19,-4(x2)	  x2:0x800085a1 x19=0x00000000 PA:0x8000859d
       22605000	      2259	80002828	dba13813	sltiu	x16,x2,-582	  x2:0x800085a1 x16=0x00000001
       22615000	      2260	8000282c	01919cb3	sll	x25,x3,x25	  x3:0xfffffa15 x25:0x281bfd32 x25=0xe8540000
       22625000	      2261	80002830	01693cb3	sltu	x25,x18,x22	 x18:0x80009f24 x22:0x00000000 x25=0x00000000
       22635000	      2262	80002834	fe911c03	lh	x24,-23(x2)	  x2:0x800085a1 x24=0x00000000 PA:0x8000858a
       22645000	      2263	80002838	5db17693	andi	x13,x2,1499	  x2:0x800085a1 x13=0x00000581
       22655000	      2264	8000283c	405c5493	srai	x9,x24,0x5	 x24:0x00000000  x9=0x00000000
       22665000	      2265	80002840	2e3dfc93	andi	x25,x27,739	 x27:0x00000000 x25=0x00000000
       22675000	      2266	80002844	01b14603	lbu	x12,27(x2)	  x2:0x800085a1 x12=0x00000000 PA:0x800085bc
       22685000	      2267	80002848	fd312083	lw	x1,-45(x2)	  x2:0x800085a1  x1=0x00000000 PA:0x80008574
       22695000	      2268	8000284c	fe010003	lb	x0,-32(x2)	  x2:0x800085a1 PA:0x80008581
       22705000	      2269	80002850	00c101b3	add	x3,x2,x12	  x2:0x800085a1 x12:0x00000000  x3=0x800085a1
       22715000	      2270	80002854	40c65e33	sra	x28,x12,x12	 x12:0x00000000 x12:0x00000000 x28=0x00000000
       22725000	      2271	80002858	298a8793	addi	x15,x21,664	 x21:0x00000001 x15=0x00000299
       22735000	      2272	8000285c	4bbfdbb7	lui	x23,0x4bbfd	 x23=0x4bbfd000
       22745000	      2273	80002860	01f15f83	lhu	x31,31(x2)	  x2:0x800085a1 x31=0x00000000 PA:0x800085c0
       22755000	      2274	80002864	83bc7f17	auipc	x30,0x83bc7	 x30=0x03bc9860
       22765000	      2275	80002868	fd111783	lh	x15,-47(x2)	  x2:0x800085a1 x15=0x00000000 PA:0x80008572
       22775000	      2276	8000286c	03314283	lbu	x5,51(x2)	  x2:0x800085a1  x5=0x00000000 PA:0x800085d4
       22785000	      2277	80002870	ffa127a3	sw	x26,-17(x2)	  x2:0x800085a1 x26:0xfffffceb PA:0x80008590
       22795000	      2278	80002874	00189093	slli	x1,x17,0x1	 x17:0x80009fc4  x1=0x00013f88
       22805000	      2279	80002878	03714703	lbu	x14,55(x2)	  x2:0x800085a1 x14=0x00000000 PA:0x800085d8
       22815000	      2280	8000287c	01ef1d13	slli	x26,x30,0x1e	 x30:0x03bc9860 x26=0x00000000
       22825000	      2281	80002880	01910c83	lb	x25,25(x2)	  x2:0x800085a1 x25=0x00000000 PA:0x800085ba
       22835000	      2282	80002884	03d10383	lb	x7,61(x2)	  x2:0x800085a1  x7=0x00000000 PA:0x800085de
       22845000	      2283	80002888	fc414783	lbu	x15,-60(x2)	  x2:0x800085a1 x15=0x00000000 PA:0x80008565
       22855000	      2284	00000000	00000013	addi	x0,x0,0	  x0:0x00000000
       22865000	      2285	8000288c	00f1dd33	srl	x26,x3,x15	  x3:0x800085a1 x15:0x00000000 x26=0x800085a1
       22875000	      2286	80002890	fc210b83	lb	x23,-62(x2)	  x2:0x800085a1 x23=0x00000000 PA:0x80008563
       22885000	      2287	80002894	fee102a3	sb	x14,-27(x2)	  x2:0x800085a1 x14:0x00000000 PA:0x80008586
       22895000	      2288	80002898	4054d993	srai	x19,x9,0x5	  x9:0x00000000 x19=0x00000000
       22905000	      2289	8000289c	fabe4613	xori	x12,x28,-85	 x28:0x00000000 x12=0xffffffab
       22915000	      2290	800028a0	fe310023	sb	x3,-32(x2)	  x2:0x800085a1  x3:0x800085a1 PA:0x80008581
       22925000	      2291	800028a4	f9eecf93	xori	x31,x29,-98	 x29:0x00000001 x31=0xffffff9f
       22935000	      2292	800028a8	019f8e33	add	x28,x31,x25	 x31:0xffffff9f x25:0x00000000 x28=0xffffff9f
       22945000	      2293	800028ac	cec00193	addi	x3,x0,-788	  x0:0x00000000  x3=0xfffffcec
       22955000	      2294	800028b0	521da593	slti	x11,x27,1313	 x27:0x00000000 x11=0x00000001
       22965000	      2295	800028b4	0066d113	srli	x2,x13,0x6	 x13:0x00000581  x2=0x00000016
       22975000	      2296	800028b8	00a61e33	sll	x28,x12,x10	 x12:0xffffffab x10:0x0000017e x28=0xc0000000
       22985000	      2297	800028bc	00ac4263	blt	x24,x10,800028c0	 x24:0x00000000 x10:0x0000017e
       22995000	      2298	00000000	00000013	addi	x0,x0,0	  x0:0x00000000
       23005000	      2299	800028bc	00000013	addi	x0,x0,0	  x0:0x00000000
       23015000	      2300	800028c0	017666b3	or	x13,x12,x23	 x12:0xffffffab x23:0x00000000 x13=0xffffffab
       23025000	      2301	800028c4	417c5213	srai	x4,x24,0x17	 x24:0x00000000  x4=0x00000000
       23035000	      2302	800028c8	01d9c4b3	xor	x9,x19,x29	 x19:0x00000000 x29:0x00000001  x9=0x00000001
       23045000	      2303	800028cc	016159b3	srl	x19,x2,x22	  x2:0x00000016 x22:0x00000000 x19=0x00000016
       23055000	      2304	800028d0	01cf1d13	slli	x26,x30,0x1c	 x30:0x03bc9860 x26=0x00000000
       23065000	      2305	800028d4	5ac5a413	slti	x8,x11,1452	 x11:0x00000001  x8=0x00000001
       23075000	      2306	800028d8	3ed00e13	addi	x28,x0,1005	  x0:0x00000000 x28=0x000003ed
       23085000	      2307	800028dc	00138e33	add	x28,x7,x1	  x7:0x00000000  x1:0x00013f88 x28=0x00013f88
       23095000	      2308	800028e0	01201bb3	sll	x23,x0,x18	  x0:0x00000000 x18:0x80009f24 x23=0x00000000
       23105000	      2309	800028e4	ed897b13	andi	x22,x18,-296	 x18:0x80009f24 x22=0x80009e00
       23115000	      2310	800028e8	009f9f13	slli	x30,x31,0x9	 x31:0xffffff9f x30=0xffff3e00
       23125000	      2311	800028ec	1140ee93	ori	x29,x1,276	  x1:0x00013f88 x29=0x00013f9c
       23135000	      2312	800028f0	e62a6717	auipc	x14,0xe62a6	 x14=0x662a88ec
       23145000	      2313	800028f4	00bb9c63	bne	x23,x11,8000290c	 x23:0x00000000 x11:0x00000001
       23155000	      2314	00000000	00000013	addi	x0,x0,0	  x0:0x00000000
       23165000	      2315	80002908	00000013	addi	x0,x0,0	  x0:0x00000000
       23175000	      2316	8000290c	415702b3	sub	x5,x14,x21	 x14:0x662a88ec x21:0x00000001  x5=0x662a88eb
       23185000	      2317	80002910	00000013	addi	x0,x0,0	  x0:0x00000000
       23195000	      2318	80002914	015fce63	blt	x31,x21,80002930	 x31:0xffffff9f x21:0x00000001
       23205000	      2319	00000000	00000013	addi	x0,x0,0	  x0:0x00000000
       23215000	      2320	8000292c	00000013	addi	x0,x0,0	  x0:0x00000000
       23225000	      2321	80002930	019cad33	slt	x26,x25,x25	 x25:0x00000000 x25:0x00000000 x26=0x00000000
       23235000	      2322	80002934	006dd533	srl	x10,x27,x6	 x27:0x00000000  x6:0x7fff677d x10=0x00000000
       23245000	      2323	80002938	82c12193	slti	x3,x2,-2004	  x2:0x00000016  x3=0x00000000
       23255000	      2324	8000293c	8c2d4393	xori	x7,x26,-1854	 x26:0x00000000  x7=0xfffff8c2
       23265000	      2325	80002940	019b9033	sll	x0,x23,x25	 x23:0x00000000 x25:0x00000000
       23275000	      2326	80002944	b56fb613	sltiu	x12,x31,-1194	 x31:0xffffff9f x12=0x00000000
       23285000	      2327	80002948	005ab733	sltu	x14,x21,x5	 x21:0x00000001  x5:0x662a88eb x14=0x00000001
       23295000	      2328	8000294c	6afc0613	addi	x12,x24,1711	 x24:0x00000000 x12=0x000006af
       23305000	      2329	80002950	01e69c63	bne	x13,x30,80002968	 x13:0xffffffab x30:0xffff3e00
       23315000	      2330	00000000	00000013	addi	x0,x0,0	  x0:0x00000000
       23325000	      2331	80002964	00000013	addi	x0,x0,0	  x0:0x00000000
       23335000	      2332	80002968	008ea633	slt	x12,x29,x8	 x29:0x00013f9c  x8:0x00000001 x12=0x00000000
       23345000	      2333	8000296c	0162dc63	bge	x5,x22,80002984	  x5:0x662a88eb x22:0x80009e00
       23355000	      2334	00000000	00000013	addi	x0,x0,0	  x0:0x00000000
       23365000	      2335	80002980	00000013	addi	x0,x0,0	  x0:0x00000000
       23375000	      2336	80002984	00583cb3	sltu	x25,x16,x5	 x16:0x00000001  x5:0x662a88eb x25=0x00000001
       23385000	      2337	80002988	01c94db3	xor	x27,x18,x28	 x18:0x80009f24 x28:0x00013f88 x27=0x8001a0ac
       23395000	      2338	8000298c	01c3d393	srli	x7,x7,0x1c	  x7:0xfffff8c2  x7=0x0000000f
       23405000	      2339	80002990	008e7663	bgeu	x28,x8,8000299c	 x28:0x00013f88  x8:0x00000001
       23415000	      2340	00000000	00000013	addi	x0,x0,0	  x0:0x00000000
       23425000	      2341	80002998	00000013	addi	x0,x0,0	  x0:0x00000000
       23435000	      2342	8000299c	043d4463	blt	x26,x3,800029e4	 x26:0x00000000  x3:0x00000000
       23445000	      2343	800029a0	01984ab3	xor	x21,x16,x25	 x16:0x00000001 x25:0x00000001 x21=0x00000000
       23455000	      2344	800029a4	007c8633	add	x12,x25,x7	 x25:0x00000001  x7:0x0000000f x12=0x00000010
       23465000	      2345	800029a8	014fc033	xor	x0,x31,x20	 x31:0xffffff9f x20:0x00000000
       23475000	      2346	800029ac	796c0813	addi	x16,x24,1942	 x24:0x00000000 x16=0x00000796
       23485000	      2347	800029b0	006d7333	and	x6,x26,x6	 x26:0x00000000  x6:0x7fff677d  x6=0x00000000
       23495000	      2348	800029b4	04a75463	bge	x14,x10,800029fc	 x14:0x00000001 x10:0x00000000
       23505000	      2349	00000000	00000013	addi	x0,x0,0	  x0:0x00000000
       23515000	      2350	800029f8	00000013	addi	x0,x0,0	  x0:0x00000000
       23525000	      2351	800029fc	00ffe733	or	x14,x31,x15	 x31:0xffffff9f x15:0x00000000 x14=0xffffff9f
       23535000	      2352	80002a00	76a6cf93	xori	x31,x13,1898	 x13:0xffffffab x31=0xfffff8c1
       23545000	      2353	80002a04	01faf233	and	x4,x21,x31	 x21:0x00000000 x31:0xfffff8c1  x4=0x00000000
       23555000	      2354	80002a08	022fe063	bltu	x31,x2,80002a28	 x31:0xfffff8c1  x2:0x00000016
       23565000	      2355	80002a0c	91c40797	auipc	x15,0x91c40	 x15=0x11c42a08
       23575000	      2356	80002a10	407e02b3	sub	x5,x28,x7	 x28:0x00013f88  x7:0x0000000f  x5=0x00013f79
       23585000	      2357	80002a14	86477693	andi	x13,x14,-1948	 x14:0xffffff9f x13=0xfffff804
       23595000	      2358	80002a18	00eaf9b3	and	x19,x21,x14	 x21:0x00000000 x14:0xffffff9f x19=0x00000000
       23605000	      2359	80002a1c	00000013	addi	x0,x0,0	  x0:0x00000000
       23615000	      2360	80002a20	005c1863	bne	x24,x5,80002a30	 x24:0x00000000  x5:0x00013f79
       23625000	      2361	00000000	00000013	addi	x0,x0,0	  x0:0x00000000
       23635000	      2362	80002a2c	00000013	addi	x0,x0,0	  x0:0x00000000
       23645000	      2363	80002a30	e9238613	addi	x12,x7,-366	  x7:0x0000000f x12=0xfffffea1
       23655000	      2364	80002a34	ea0d3837	lui	x16,0xea0d3	 x16=0xea0d3000
       23665000	      2365	80002a38	41a98f33	sub	x30,x19,x26	 x19:0x00000000 x26:0x00000000 x30=0x00000000
       23675000	      2366	80002a3c	00492203	lw	x4,4(x18)	 x18:0x80009f24  x4=0x80002ae8 PA:0x80009f28
       23685000	      2367	80002a40	03c90913	addi	x18,x18,60	 x18:0x80009f24 x18=0x80009f60
       23695000	      2368	80002a44	01fa6533	or	x10,x20,x31	 x20:0x00000000 x31:0xfffff8c1 x10=0xfffff8c1
       23705000	      2369	80002a48	40af5b33	sra	x22,x30,x10	 x30:0x00000000 x10:0xfffff8c1 x22=0x00000000
       23715000	      2370	80002a4c	008a0533	add	x10,x20,x8	 x20:0x00000000  x8:0x00000001 x10=0x00000001
       23725000	      2371	80002a50	01df5ab7	lui	x21,0x1df5	 x21=0x01df5000
       23735000	      2372	80002a54	00020e93	addi	x29,x4,0	  x4:0x80002ae8 x29=0x80002ae8
       23745000	      2373	80002a58	000e8ee7	jalr	x29,x29,0	 x29:0x80002ae8 x29=0x80002a58
       23755000	      2374	00000000	00000013	addi	x0,x0,0	  x0:0x00000000
       23765000	      2375	80002ae8	00000013	addi	x0,x0,0	  x0:0x00000000
       23775000	      2376	80002aec	b827c793	xori	x15,x15,-1150	 x15:0x11c42a08 x15=0xee3bd18a
       23785000	      2377	80002af0	00c3da63	bge	x7,x12,80002b04	  x7:0x0000000f x12:0xfffffea1
       23795000	      2378	00000000	00000013	addi	x0,x0,0	  x0:0x00000000
       23805000	      2379	80002b00	00000013	addi	x0,x0,0	  x0:0x00000000
       23815000	      2380	80002b04	00adfab3	and	x21,x27,x10	 x27:0x8001a0ac x10:0x00000001 x21=0x00000000
       23825000	      2381	80002b08	00e75433	srl	x8,x14,x14	 x14:0xffffff9f x14:0xffffff9f  x8=0x00000001
       23835000	      2382	80002b0c	b68b2793	slti	x15,x22,-1176	 x22:0x00000000 x15=0x00000000
       23845000	      2383	80002b10	41980233	sub	x4,x16,x25	 x16:0xea0d3000 x25:0x00000001  x4=0xea0d2fff
       23855000	      2384	80002b14	01839593	slli	x11,x7,0x18	  x7:0x0000000f x11=0x0f000000
       23865000	      2385	80002b18	01ea8c33	add	x24,x21,x30	 x21:0x00000000 x30:0x00000000 x24=0x00000000
       23875000	      2386	80002b1c	01971513	slli	x10,x14,0x19	 x14:0xffffff9f x10=0x3e000000
       23885000	      2387	80002b20	0177ebb3	or	x23,x15,x23	 x15:0x00000000 x23:0x00000000 x23=0x00000000
       23895000	      2388	80002b24	01f10263	beq	x2,x31,80002b28	  x2:0x00000016 x31:0xfffff8c1
       23905000	      2389	80002b28	01eb1833	sll	x16,x22,x30	 x22:0x00000000 x30:0x00000000 x16=0x00000000
       23915000	      2390	80002b2c	00000013	addi	x0,x0,0	  x0:0x00000000
       23925000	      2391	80002b30	007cd463	bge	x25,x7,80002b38	 x25:0x00000001  x7:0x0000000f
       23935000	      2392	80002b34	41295b93	srai	x23,x18,0x12	 x18:0x80009f60 x23=0xffffe000
       23945000	      2393	80002b38	f750ca93	xori	x21,x1,-139	  x1:0x00013f88 x21=0xfffec0fd
       23955000	      2394	80002b3c	009251b3	srl	x3,x4,x9	  x4:0xea0d2fff  x9:0x00000001  x3=0x750697ff
       23965000	      2395	80002b40	00492203	lw	x4,4(x18)	 x18:0x80009f60  x4=0x80000178 PA:0x80009f64
       23975000	      2396	80002b44	6caba1b7	lui	x3,0x6caba	  x3=0x6caba000
       23985000	      2397	80002b48	41e85c33	sra	x24,x16,x30	 x16:0x00000000 x30:0x00000000 x24=0x00000000
       23995000	      2398	80002b4c	02490913	addi	x18,x18,36	 x18:0x80009f60 x18=0x80009f84
       24005000	      2399	80002b50	788bae93	slti	x29,x23,1928	 x23:0xffffe000 x29=0x00000001
       24015000	      2400	80002b54	012d8db3	add	x27,x27,x18	 x27:0x8001a0ac x18:0x80009f84 x27=0x00024030
       24025000	      2401	80002b58	01e3fab3	and	x21,x7,x30	  x7:0x0000000f x30:0x00000000 x21=0x00000000
       24035000	      2402	80002b5c	47c70b93	addi	x23,x14,1148	 x14:0xffffff9f x23=0x0000041b
       24045000	      2403	80002b60	4a41c413	xori	x8,x3,1188	  x3:0x6caba000  x8=0x6caba4a4
       24055000	      2404	80002b64	00020593	addi	x11,x4,0	  x4:0x80000178 x11=0x80000178
       24065000	      2405	80002b68	000585e7	jalr	x11,x11,0	 x11:0x80000178 x11=0x80002b68
       24075000	      2406	00000000	00000013	addi	x0,x0,0	  x0:0x00000000
       24085000	      2407	80000178	00000013	addi	x0,x0,0	  x0:0x00000000
       24095000	      2408	8000017c	c1b52f13	slti	x30,x10,-997	 x10:0x3e000000 x30=0x00000000
       24105000	      2409	80000180	beb88c93	addi	x25,x17,-1045	 x17:0x80009fc4 x25=0x80009baf
       24115000	      2410	80000184	c2eecc37	lui	x24,0xc2eec	 x24=0xc2eec000
       24125000	      2411	80000188	00003b17	auipc	x22,0x3	 x22=0x80003184
       24135000	      2412	8000018c	9e4b0b13	addi	x22,x22,-1564	 x22:0x80003184 x22=0x80002b68
       24145000	      2413	80000190	004c52b3	srl	x5,x24,x4	 x24:0xc2eec000  x4:0x80000178  x5=0x000000c2
       24155000	      2414	80000194	38c47fb7	lui	x31,0x38c47	 x31=0x38c47000
       24165000	      2415	80000198	c33b0b13	addi	x22,x22,-973	 x22:0x80002b68 x22=0x8000279b
       24175000	      2416	8000019c	3df64197	auipc	x3,0x3df64	  x3=0xbdf64198
       24185000	      2417	800001a0	3ceb0267	jalr	x4,x22,974	 x22:0x8000279b  x4=0x800001a0
       24195000	      2418	00000000	00000013	addi	x0,x0,0	  x0:0x00000000
       24205000	      2419	80002b68	00000013	addi	x0,x0,0	  x0:0x00000000
       24215000	      2420	80002b6c	004c0863	beq	x24,x4,80002b7c	 x24:0xc2eec000  x4:0x800001a0
       24225000	      2421	80002b70	0049b7b3	sltu	x15,x19,x4	 x19:0x00000000  x4:0x800001a0 x15=0x00000001
       24235000	      2422	80002b74	0082ff33	and	x30,x5,x8	  x5:0x000000c2  x8:0x6caba4a4 x30=0x00000080
       24245000	      2423	80002b78	405dd093	srai	x1,x27,0x5	 x27:0x00024030  x1=0x00001201
       24255000	      2424	80002b7c	fc490913	addi	x18,x18,-60	 x18:0x80009f84 x18=0x80009f48
       24265000	      2425	80002b80	00492223	sw	x4,4(x18)	 x18:0x80009f48  x4:0x800001a0 PA:0x80009f4c
       24275000	      2426	80002b84	b7162193	slti	x3,x12,-1167	 x12:0xfffffea1  x3=0x00000000
       24285000	      2427	80002b88	00006497	auipc	x9,0x6	  x9=0x80008b84
       24295000	      2428	80002b8c	39748493	addi	x9,x9,919	  x9:0x80008b84  x9=0x80008f1b
       24305000	      2429	80002b90	0b74cd03	lbu	x26,183(x9)	  x9:0x80008f1b x26=0x00000000 PA:0x80008fd2
       24315000	      2430	80002b94	02448f03	lb	x30,36(x9)	  x9:0x80008f1b x30=0x00000000 PA:0x80008f3f
       24325000	      2431	80002b98	01db2db3	slt	x27,x22,x29	 x22:0x8000279b x29:0x00000001 x27=0x00000001
       24335000	      2432	80002b9c	f6c48e23	sb	x12,-132(x9)	  x9:0x80008f1b x12:0xfffffea1 PA:0x80008e97
       24345000	      2433	80002ba0	014d1f33	sll	x30,x26,x20	 x26:0x00000000 x20:0x00000000 x30=0x00000000
       24355000	      2434	80002ba4	ca3f7f13	andi	x30,x30,-861	 x30:0x00000000 x30=0x00000000
       24365000	      2435	80002ba8	c6ae7513	andi	x10,x28,-918	 x28:0x00013f88 x10=0x00013c08
       24375000	      2436	80002bac	413c0f33	sub	x30,x24,x19	 x24:0xc2eec000 x19:0x00000000 x30=0xc2eec000
       24385000	      2437	80002bb0	fc5495a3	sh	x5,-53(x9)	  x9:0x80008f1b  x5:0x000000c2 PA:0x80008ee6
       24395000	      2438	80002bb4	01e22233	slt	x4,x4,x30	  x4:0x800001a0 x30:0xc2eec000  x4=0x00000001
       24405000	      2439	80002bb8	007ac0b3	xor	x1,x21,x7	 x21:0x00000000  x7:0x0000000f  x1=0x0000000f
       24415000	      2440	80002bbc	0162dc13	srli	x24,x5,0x16	  x5:0x000000c2 x24=0x00000000
       24425000	      2441	80002bc0	012a7c33	and	x24,x20,x18	 x20:0x00000000 x18:0x80009f48 x24=0x00000000
       24435000	      2442	80002bc4	f5d4d403	lhu	x8,-163(x9)	  x9:0x80008f1b  x8=0x00000000 PA:0x80008e78
       24445000	      2443	80002bc8	f4c499a3	sh	x12,-173(x9)	  x9:0x80008f1b x12:0xfffffea1 PA:0x80008e6e
       24455000	      2444	80002bcc	0101a333	slt	x6,x3,x16	  x3:0x00000000 x16:0x00000000  x6=0x00000000
       24465000	      2445	80002bd0	20ebc613	xori	x12,x23,526	 x23:0x0000041b x12=0x00000615
       24475000	      2446	80002bd4	00c49713	slli	x14,x9,0xc	  x9:0x80008f1b x14=0x08f1b000
       24485000	      2447	80002bd8	01f11033	sll	x0,x2,x31	  x2:0x00000016 x31:0x38c47000
       24495000	      2448	80002bdc	f114dd03	lhu	x26,-239(x9)	  x9:0x80008f1b x26=0x00000000 PA:0x80008e2c
       24505000	      2449	00000000	00000013	addi	x0,x0,0	  x0:0x00000000
       24515000	      2450	80002be0	69ed6537	lui	x10,0x69ed6	 x10=0x69ed6000
       24525000	      2451	80002be4	40a95c33	sra	x24,x18,x10	 x18:0x80009f48 x10:0x69ed6000 x24=0x80009f48
       24535000	      2452	80002be8	00000013	addi	x0,x0,0	  x0:0x00000000
       24545000	      2453	80002bec	f22486a3	sb	x2,-211(x9)	  x9:0x80008f1b  x2:0x00000016 PA:0x80008e48
       24555000	      2454	80002bf0	12c1fab7	lui	x21,0x12c1f	 x21=0x12c1f000
       24565000	      2455	80002bf4	4137d693	srai	x13,x15,0x13	 x15:0x00000001 x13=0x00000000
       24575000	      2456	80002bf8	f1048ca3	sb	x16,-231(x9)	  x9:0x80008f1b x16:0x00000000 PA:0x80008e34
       24585000	      2457	80002bfc	f3a4c303	lbu	x6,-198(x9)	  x9:0x80008f1b  x6=0x00000000 PA:0x80008e55
       24595000	      2458	80002c00	412182b3	sub	x5,x3,x18	  x3:0x00000000 x18:0x80009f48  x5=0x7fff60b8
       24605000	      2459	80002c04	0097a7b3	slt	x15,x15,x9	 x15:0x00000001  x9:0x80008f1b x15=0x00000000
       24615000	      2460	80002c08	7a8d9517	auipc	x10,0x7a8d9	 x10=0xfa8dbc04
       24625000	      2461	80002c0c	0143f2b3	and	x5,x7,x20	  x7:0x0000000f x20:0x00000000  x5=0x00000000
       24635000	      2462	80002c10	0a44c683	lbu	x13,164(x9)	  x9:0x80008f1b x13=0x00000000 PA:0x80008fbf
       24645000	      2463	80002c14	00275513	srli	x10,x14,0x2	 x14:0x08f1b000 x10=0x023c6c00
       24655000	      2464	80002c18	f3b491a3	sh	x27,-221(x9)	  x9:0x80008f1b x27:0x00000001 PA:0x80008e3e
       24665000	      2465	80002c1c	00006a97	auipc	x21,0x6	 x21=0x80008c18
       24675000	      2466	80002c20	9dda8a93	addi	x21,x21,-1571	 x21:0x80008c18 x21=0x800085f5
       24685000	      2467	80002c24	00aa8123	sb	x10,2(x21)	 x21:0x800085f5 x10:0x023c6c00 PA:0x800085f7
       24695000	      2468	80002c28	00ca8c03	lb	x24,12(x21)	 x21:0x800085f5 x24=0x00000000 PA:0x80008601
       24705000	      2469	80002c2c	014a8623	sb	x20,12(x21)	 x21:0x800085f5 x20:0x00000000 PA:0x80008601
       24715000	      2470	80002c30	41365c93	srai	x25,x12,0x13	 x12:0x00000615 x25=0x00000000
       24725000	      2471	80002c34	008acd83	lbu	x27,8(x21)	 x21:0x800085f5 x27=0x00000000 PA:0x800085fd
       24735000	      2472	80002c38	00545b33	srl	x22,x8,x5	  x8:0x00000000  x5:0x00000000 x22=0x00000000
       24745000	      2473	80002c3c	00000013	addi	x0,x0,0	  x0:0x00000000
       24755000	      2474	80002c40	ffda9b83	lh	x23,-3(x21)	 x21:0x800085f5 x23=0x00000000 PA:0x800085f2
       24765000	      2475	80002c44	34333813	sltiu	x16,x6,835	  x6:0x00000000 x16=0x00000001
       24775000	      2476	80002c48	00aacf03	lbu	x30,10(x21)	 x21:0x800085f5 x30=0x00000000 PA:0x800085ff
       24785000	      2477	80002c4c	008acc83	lbu	x25,8(x21)	 x21:0x800085f5 x25=0x00000000 PA:0x800085fd
       24795000	      2478	80002c50	00dad603	lhu	x12,13(x21)	 x21:0x800085f5 x12=0x00000000 PA:0x80008602
       24805000	      2479	80002c54	00000013	addi	x0,x0,0	  x0:0x00000000
       24815000	      2480	80002c58	ea2e4693	xori	x13,x28,-350	 x28:0x00013f88 x13=0xfffec12a
       24825000	      2481	80002c5c	ff2a9ea3	sh	x18,-3(x21)	 x21:0x800085f5 x18:0x80009f48 PA:0x800085f2
       24835000	      2482	80002c60	de7e9717	auipc	x14,0xde7e9	 x14=0x5e7ebc5c
       24845000	      2483	80002c64	01aa97a3	sh	x26,15(x21)	 x21:0x800085f5 x26:0x00000000 PA:0x80008604
       24855000	      2484	80002c68	fe5a8d23	sb	x5,-6(x21)	 x21:0x800085f5  x5:0x00000000 PA:0x800085ef
       24865000	      2485	80002c6c	005aa1a3	sw	x5,3(x21)	 x21:0x800085f5  x5:0x00000000 PA:0x800085f8
       24875000	      2486	80002c70	018ddf33	srl	x30,x27,x24	 x27:0x00000000 x24:0x00000000 x30=0x00000000
       24885000	      2487	80002c74	fffa9383	lh	x7,-1(x21)	 x21:0x800085f5  x7=0x00000000 PA:0x800085f4
       24895000	      2488	80002c78	005d1f13	slli	x30,x26,0x5	 x26:0x00000000 x30=0x00000000
       24905000	      2489	80002c7c	001acd83	lbu	x27,1(x21)	 x21:0x800085f5 x27=0x00000000 PA:0x800085f6
       24915000	      2490	80002c80	014c40b3	xor	x1,x24,x20	 x24:0x00000000 x20:0x00000000  x1=0x00000000
       24925000	      2491	80002c84	002ac983	lbu	x19,2(x21)	 x21:0x800085f5 x19=0x00000000 PA:0x800085f7
       24935000	      2492	80002c88	01baa3a3	sw	x27,7(x21)	 x21:0x800085f5 x27:0x00000000 PA:0x800085fc
       24945000	      2493	80002c8c	00bad003	lhu	x0,11(x21)	 x21:0x800085f5 PA:0x80008600
       24955000	      2494	80002c90	009a9f03	lh	x30,9(x21)	 x21:0x800085f5 x30=0x00000000 PA:0x800085fe
       24965000	      2495	80002c94	008a8783	lb	x15,8(x21)	 x21:0x800085f5 x15=0x00000000 PA:0x800085fd
       24975000	      2496	80002c98	95b0cd13	xori	x26,x1,-1701	  x1:0x00000000 x26=0xfffff95b
       24985000	      2497	80002c9c	017ead33	slt	x26,x29,x23	 x29:0x00000001 x23:0x00000000 x26=0x00000000
       24995000	      2498	80002ca0	eb523113	sltiu	x2,x4,-331	  x4:0x00000001  x2=0x00000001
       25005000	      2499	80002ca4	a8c24793	xori	x15,x4,-1396	  x4:0x00000001 x15=0xfffffa8d
       25015000	      2500	80002ca8	01aa8623	sb	x26,12(x21)	 x21:0x800085f5 x26:0x00000000 PA:0x80008601
       25025000	      2501	80002cac	00006117	auipc	x2,0x6	  x2=0x80008ca8
       25035000	      2502	80002cb0	e5910113	addi	x2,x2,-423	  x2:0x80008ca8  x2=0x80008b01
       25045000	      2503	80002cb4	a9d54e93	xori	x29,x10,-1379	 x10:0x023c6c00 x29=0xfdc3969d
       25055000	      2504	80002cb8	4b851097	auipc	x1,0x4b851	  x1=0xcb853cb4
       25065000	      2505	80002cbc	9adce293	ori	x5,x25,-1619	 x25:0x00000000  x5=0xfffff9ad
       25075000	      2506	80002cc0	00e10b83	lb	x23,14(x2)	  x2:0x80008b01 x23=0x00000000 PA:0x80008b0f
       25085000	      2507	80002cc4	40e65bb3	sra	x23,x12,x14	 x12:0x00000000 x14:0x5e7ebc5c x23=0x00000000
       25095000	      2508	80002cc8	ff114003	lbu	x0,-15(x2)	  x2:0x80008b01 PA:0x80008af2
       25105000	      2509	80002ccc	ff210d03	lb	x26,-14(x2)	  x2:0x80008b01 x26=0x00000000 PA:0x80008af3
       25115000	      2510	80002cd0	00810583	lb	x11,8(x2)	  x2:0x80008b01 x11=0x00000000 PA:0x80008b09
       25125000	      2511	80002cd4	01343db3	sltu	x27,x8,x19	  x8:0x00000000 x19:0x00000000 x27=0x00000000
       25135000	      2512	80002cd8	40170033	sub	x0,x14,x1	 x14:0x5e7ebc5c  x1:0xcb853cb4
       25145000	      2513	80002cdc	01717fb3	and	x31,x2,x23	  x2:0x80008b01 x23:0x00000000 x31=0x00000000
       25155000	      2514	80002ce0	ffe10603	lb	x12,-2(x2)	  x2:0x80008b01 x12=0x00000000 PA:0x80008aff
       25165000	      2515	80002ce4	00055c33	srl	x24,x10,x0	 x10:0x023c6c00  x0:0x00000000 x24=0x023c6c00
       25175000	      2516	80002ce8	00110c83	lb	x25,1(x2)	  x2:0x80008b01 x25=0x00000000 PA:0x80008b02
       25185000	      2517	80002cec	99c93793	sltiu	x15,x18,-1636	 x18:0x80009f48 x15=0x00000001
       25195000	      2518	80002cf0	00b1eeb3	or	x29,x3,x11	  x3:0x00000000 x11:0x00000000 x29=0x00000000
       25205000	      2519	80002cf4	01c810b3	sll	x1,x16,x28	 x16:0x00000001 x28:0x00013f88  x1=0x00000100
       25215000	      2520	80002cf8	fe410d23	sb	x4,-6(x2)	  x2:0x80008b01  x4:0x00000001 PA:0x80008afb
       25225000	      2521	80002cfc	01d860b3	or	x1,x16,x29	 x16:0x00000001 x29:0x00000000  x1=0x00000001
       25235000	      2522	80002d00	00d512b3	sll	x5,x10,x13	 x10:0x023c6c00 x13:0xfffec12a  x5=0xf1b00000
       25245000	      2523	80002d04	00710323	sb	x7,6(x2)	  x2:0x80008b01  x7:0x00000000 PA:0x80008b07
       25255000	      2524	80002d08	116cb593	sltiu	x11,x25,278	 x25:0x00000000 x11=0x00000001
       25265000	      2525	80002d0c	ffd15c83	lhu	x25,-3(x2)	  x2:0x80008b01 x25=0x00000000 PA:0x80008afe
       25275000	      2526	80002d10	01699233	sll	x4,x19,x22	 x19:0x00000000 x22:0x00000000  x4=0x00000000
       25285000	      2527	80002d14	007bb2b3	sltu	x5,x23,x7	 x23:0x00000000  x7:0x00000000  x5=0x00000000
       25295000	      2528	80002d18	00e10c03	lb	x24,14(x2)	  x2:0x80008b01 x24=0x00000000 PA:0x80008b0f
       25305000	      2529	80002d1c	fed11fa3	sh	x13,-1(x2)	  x2:0x80008b01 x13:0xfffec12a PA:0x80008b00
       25315000	      2530	80002d20	ff514483	lbu	x9,-11(x2)	  x2:0x80008b01  x9=0x00000000 PA:0x80008af6
       25325000	      2531	80002d24	01010323	sb	x16,6(x2)	  x2:0x80008b01 x16:0x00000001 PA:0x80008b07
       25335000	      2532	80002d28	ffb11ba3	sh	x27,-9(x2)	  x2:0x80008b01 x27:0x00000000 PA:0x80008af8
       25345000	      2533	80002d2c	41680833	sub	x16,x16,x22	 x16:0x00000001 x22:0x00000000 x16=0x00000001
       25355000	      2534	80002d30	01d8d233	srl	x4,x17,x29	 x17:0x80009fc4 x29:0x00000000  x4=0x80009fc4
       25365000	      2535	80002d34	fec11ca3	sh	x12,-7(x2)	  x2:0x80008b01 x12:0x00000000 PA:0x80008afa
       25375000	      2536	80002d38	c3af0a97	auipc	x21,0xc3af0	 x21=0x43af2d34
       25385000	      2537	80002d3c	ff810003	lb	x0,-8(x2)	  x2:0x80008b01 PA:0x80008af9
       25395000	      2538	80002d40	00000013	addi	x0,x0,0	  x0:0x00000000
       25405000	      2539	80002d44	ff210983	lb	x19,-14(x2)	  x2:0x80008b01 x19=0x00000000 PA:0x80008af3
       25415000	      2540	80002d48	00810d83	lb	x27,8(x2)	  x2:0x80008b01 x27=0x00000000 PA:0x80008b09
       25425000	      2541	80002d4c	402d5233	sra	x4,x26,x2	 x26:0x00000000  x2:0x80008b01  x4=0x00000000
       25435000	      2542	80002d50	ff712303	lw	x6,-9(x2)	  x2:0x80008b01  x6=0x00000000 PA:0x80008af8
       25445000	      2543	80002d54	00005117	auipc	x2,0x5	  x2=0x80007d50
       25455000	      2544	80002d58	50010113	addi	x2,x2,1280	  x2:0x80007d50  x2=0x80008250
       25465000	      2545	80002d5c	01c10123	sb	x28,2(x2)	  x2:0x80008250 x28:0x00013f88 PA:0x80008252
       25475000	      2546	80002d60	011104a3	sb	x17,9(x2)	  x2:0x80008250 x17:0x80009fc4 PA:0x80008259
       25485000	      2547	80002d64	00610383	lb	x7,6(x2)	  x2:0x80008250  x7=0x00000000 PA:0x80008256
       25495000	      2548	00000000	00000013	addi	x0,x0,0	  x0:0x00000000
       25505000	      2549	80002d68	00710403	lb	x8,7(x2)	  x2:0x80008250  x8=0x00000000 PA:0x80008257
       25515000	      2550	80002d6c	ffd108a3	sb	x29,-15(x2)	  x2:0x80008250 x29:0x00000000 PA:0x80008241
       25525000	      2551	80002d70	64b12093	slti	x1,x2,1611	  x2:0x80008250  x1=0x00000001
       25535000	      2552	80002d74	01675393	srli	x7,x14,0x16	 x14:0x5e7ebc5c  x7=0x00000179
       25545000	      2553	80002d78	9a8ee593	ori	x11,x29,-1624	 x29:0x00000000 x11=0xfffff9a8
       25555000	      2554	80002d7c	009104a3	sb	x9,9(x2)	  x2:0x80008250  x9:0x00000000 PA:0x80008259
       25565000	      2555	80002d80	ca584e93	xori	x29,x16,-859	 x16:0x00000001 x29=0xfffffca4
       25575000	      2556	80002d84	00f14603	lbu	x12,15(x2)	  x2:0x80008250 x12=0x00000000 PA:0x8000825f
       25585000	      2557	80002d88	01a105a3	sb	x26,11(x2)	  x2:0x80008250 x26:0x00000000 PA:0x8000825b
       25595000	      2558	80002d8c	01a106a3	sb	x26,13(x2)	  x2:0x80008250 x26:0x00000000 PA:0x8000825d
       25605000	      2559	80002d90	01964fb3	xor	x31,x12,x25	 x12:0x00000000 x25:0x00000000 x31=0x00000000
       25615000	      2560	80002d94	fe510aa3	sb	x5,-11(x2)	  x2:0x80008250  x5:0x00000000 PA:0x80008245
       25625000	      2561	80002d98	00610003	lb	x0,6(x2)	  x2:0x80008250 PA:0x80008256
       25635000	      2562	80002d9c	ffe10483	lb	x9,-2(x2)	  x2:0x80008250  x9=0x00000000 PA:0x8000824e
       25645000	      2563	80002da0	43644713	xori	x14,x8,1078	  x8:0x00000000 x14=0x00000436
       25655000	      2564	80002da4	009acb33	xor	x22,x21,x9	 x21:0x43af2d34  x9:0x00000000 x22=0x43af2d34
       25665000	      2565	80002da8	00114403	lbu	x8,1(x2)	  x2:0x80008250  x8=0x00000000 PA:0x80008251
       25675000	      2566	80002dac	00e10283	lb	x5,14(x2)	  x2:0x80008250  x5=0x00000000 PA:0x8000825e
       25685000	      2567	80002db0	c5f7ec13	ori	x24,x15,-929	 x15:0x00000001 x24=0xfffffc5f
       25695000	      2568	80002db4	01ee5a93	srli	x21,x28,0x1e	 x28:0x00013f88 x21=0x00000000
       25705000	      2569	80002db8	00b14c83	lbu	x25,11(x2)	  x2:0x80008250 x25=0x00000000 PA:0x8000825b
       25715000	      2570	80002dbc	fe210b23	sb	x2,-10(x2)	  x2:0x80008250  x2:0x80008250 PA:0x80008246
       25725000	      2571	80002dc0	00b10d83	lb	x27,11(x2)	  x2:0x80008250 x27=0x00000000 PA:0x8000825b
       25735000	      2572	80002dc4	d8d74817	auipc	x16,0xd8d74	 x16=0x58d76dc0
       25745000	      2573	80002dc8	ff110303	lb	x6,-15(x2)	  x2:0x80008250  x6=0x00000000 PA:0x80008241
       25755000	      2574	80002dcc	00414203	lbu	x4,4(x2)	  x2:0x80008250  x4=0x00000000 PA:0x80008254
       25765000	      2575	80002dd0	00511323	sh	x5,6(x2)	  x2:0x80008250  x5:0x00000000 PA:0x80008256
       25775000	      2576	80002dd4	fe810d23	sb	x8,-6(x2)	  x2:0x80008250  x8:0x00000000 PA:0x8000824a
       25785000	      2577	80002dd8	a19c3c13	sltiu	x24,x24,-1511	 x24:0xfffffc5f x24=0x00000000
       25795000	      2578	80002ddc	01dea5b3	slt	x11,x29,x29	 x29:0xfffffca4 x29:0xfffffca4 x11=0x00000000
       25805000	      2579	80002de0	00410e83	lb	x29,4(x2)	  x2:0x80008250 x29=0x00000000 PA:0x80008254
       25815000	      2580	80002de4	05fad063	bge	x21,x31,80002e24	 x21:0x00000000 x31:0x00000000
       25825000	      2581	00000000	00000013	addi	x0,x0,0	  x0:0x00000000
       25835000	      2582	80002e20	00000013	addi	x0,x0,0	  x0:0x00000000
       25845000	      2583	80002e24	018bb813	sltiu	x16,x23,24	 x23:0x00000000 x16=0x00000001
       25855000	      2584	80002e28	00a08263	beq	x1,x10,80002e2c	  x1:0x00000001 x10:0x023c6c00
       25865000	      2585	80002e2c	405d0bb3	sub	x23,x26,x5	 x26:0x00000000  x5:0x00000000 x23=0x00000000
       25875000	      2586	80002e30	41a55413	srai	x8,x10,0x1a	 x10:0x023c6c00  x8=0x00000000
       25885000	      2587	80002e34	00930cb3	add	x25,x6,x9	  x6:0x00000000  x9:0x00000000 x25=0x00000000
       25895000	      2588	80002e38	40908033	sub	x0,x1,x9	  x1:0x00000001  x9:0x00000000
       25905000	      2589	80002e3c	ca95c6b7	lui	x13,0xca95c	 x13=0xca95c000
       25915000	      2590	80002e40	41a48cb3	sub	x25,x9,x26	  x9:0x00000000 x26:0x00000000 x25=0x00000000
       25925000	      2591	80002e44	08aa3213	sltiu	x4,x20,138	 x20:0x00000000  x4=0x00000001
       25935000	      2592	80002e48	023e8063	beq	x29,x3,80002e68	 x29:0x00000000  x3:0x00000000
       25945000	      2593	00000000	00000013	addi	x0,x0,0	  x0:0x00000000
       25955000	      2594	80002e64	00000013	addi	x0,x0,0	  x0:0x00000000
       25965000	      2595	80002e68	01d81613	slli	x12,x16,0x1d	 x16:0x00000001 x12=0x20000000
       25975000	      2596	80002e6c	04f38863	beq	x7,x15,80002ebc	  x7:0x00000179 x15:0x00000001
       25985000	      2597	80002e70	01998663	beq	x19,x25,80002e7c	 x19:0x00000000 x25:0x00000000
       25995000	      2598	00000000	00000013	addi	x0,x0,0	  x0:0x00000000
       26005000	      2599	80002e78	00000013	addi	x0,x0,0	  x0:0x00000000
       26015000	      2600	80002e7c	008f5263	bge	x30,x8,80002e80	 x30:0x00000000  x8:0x00000000
       26025000	      2601	00000000	00000013	addi	x0,x0,0	  x0:0x00000000
       26035000	      2602	80002e7c	00000013	addi	x0,x0,0	  x0:0x00000000
       26045000	      2603	80002e80	008e0ab3	add	x21,x28,x8	 x28:0x00013f88  x8:0x00000000 x21=0x00013f88
       26055000	      2604	80002e84	0aea2593	slti	x11,x20,174	 x20:0x00000000 x11=0x00000001
       26065000	      2605	80002e88	01925db3	srl	x27,x4,x25	  x4:0x00000001 x25:0x00000000 x27=0x00000001
       26075000	      2606	80002e8c	004cdab3	srl	x21,x25,x4	 x25:0x00000000  x4:0x00000001 x21=0x00000000
       26085000	      2607	80002e90	6ecd8693	addi	x13,x27,1772	 x27:0x00000001 x13=0x000006ed
       26095000	      2608	80002e94	01397c63	bgeu	x18,x19,80002eac	 x18:0x80009f48 x19:0x00000000
       26105000	      2609	00000000	00000013	addi	x0,x0,0	  x0:0x00000000
       26115000	      2610	80002ea8	00000013	addi	x0,x0,0	  x0:0x00000000
       26125000	      2611	80002eac	019eb733	sltu	x14,x29,x25	 x29:0x00000000 x25:0x00000000 x14=0x00000000
       26135000	      2612	80002eb0	4089d993	srai	x19,x19,0x8	 x19:0x00000000 x19=0x00000000
       26145000	      2613	80002eb4	015e1863	bne	x28,x21,80002ec4	 x28:0x00013f88 x21:0x00000000
       26155000	      2614	00000000	00000013	addi	x0,x0,0	  x0:0x00000000
       26165000	      2615	80002ec0	00000013	addi	x0,x0,0	  x0:0x00000000
       26175000	      2616	80002ec4	00b147b3	xor	x15,x2,x11	  x2:0x80008250 x11:0x00000001 x15=0x80008251
       26185000	      2617	80002ec8	48ca2313	slti	x6,x20,1164	 x20:0x00000000  x6=0x00000001
       26195000	      2618	80002ecc	3095e513	ori	x10,x11,777	 x11:0x00000001 x10=0x00000309
       26205000	      2619	80002ed0	0089e033	or	x0,x19,x8	 x19:0x00000000  x8:0x00000000
       26215000	      2620	80002ed4	40aa8ab3	sub	x21,x21,x10	 x21:0x00000000 x10:0x00000309 x21=0xfffffcf7
       26225000	      2621	80002ed8	ac760813	addi	x16,x12,-1337	 x12:0x20000000 x16=0x1ffffac7
       26235000	      2622	80002edc	02795e63	bge	x18,x7,80002f18	 x18:0x80009f48  x7:0x00000179
       26245000	      2623	80002ee0	0452e263	bltu	x5,x5,80002f24	  x5:0x00000000  x5:0x00000000
       26255000	      2624	80002ee4	e2796a93	ori	x21,x18,-473	 x18:0x80009f48 x21=0xffffff6f
       26265000	      2625	80002ee8	00c067b3	or	x15,x0,x12	  x0:0x00000000 x12:0x20000000 x15=0x20000000
       26275000	      2626	80002eec	01ca5f33	srl	x30,x20,x28	 x20:0x00000000 x28:0x00013f88 x30=0x00000000
       26285000	      2627	80002ef0	00d112b3	sll	x5,x2,x13	  x2:0x80008250 x13:0x000006ed  x5=0x104a0000
       26295000	      2628	80002ef4	91ccfa93	andi	x21,x25,-1764	 x25:0x00000000 x21=0x00000000
       26305000	      2629	80002ef8	87c7e993	ori	x19,x15,-1924	 x15:0x20000000 x19=0xfffff87c
       26315000	      2630	80002efc	011c32b3	sltu	x5,x24,x17	 x24:0x00000000 x17:0x80009fc4  x5=0x00000001
       26325000	      2631	80002f00	017c5e63	bge	x24,x23,80002f1c	 x24:0x00000000 x23:0x00000000
       26335000	      2632	00000000	00000013	addi	x0,x0,0	  x0:0x00000000
       26345000	      2633	80002f18	00000013	addi	x0,x0,0	  x0:0x00000000
       26355000	      2634	80002f1c	0466c063	blt	x13,x6,80002f5c	 x13:0x000006ed  x6:0x00000001
       26365000	      2635	80002f20	011e5693	srli	x13,x28,0x11	 x28:0x00013f88 x13=0x00000000
       26375000	      2636	80002f24	002e5033	srl	x0,x28,x2	 x28:0x00013f88  x2:0x80008250
       26385000	      2637	80002f28	00470e63	beq	x14,x4,80002f44	 x14:0x00000000  x4:0x00000001
       26395000	      2638	80002f2c	00de2533	slt	x10,x28,x13	 x28:0x00013f88 x13:0x00000000 x10=0x00000000
       26405000	      2639	80002f30	010b01b3	add	x3,x22,x16	 x22:0x43af2d34 x16:0x1ffffac7  x3=0x63af27fb
       26415000	      2640	80002f34	002549b3	xor	x19,x10,x2	 x10:0x00000000  x2:0x80008250 x19=0x80008250
       26425000	      2641	80002f38	01eeed33	or	x26,x29,x30	 x29:0x00000000 x30:0x00000000 x26=0x00000000
       26435000	      2642	80002f3c	00e06ab3	or	x21,x0,x14	  x0:0x00000000 x14:0x00000000 x21=0x00000000
       26445000	      2643	80002f40	745bef13	ori	x30,x23,1861	 x23:0x00000000 x30=0x00000745
       26455000	      2644	80002f44	00000013	addi	x0,x0,0	  x0:0x00000000
       26465000	      2645	80002f48	f82e95b7	lui	x11,0xf82e9	 x11=0xf82e9000
       26475000	      2646	80002f4c	04938063	beq	x7,x9,80002f8c	  x7:0x00000179  x9:0x00000000
       26485000	      2647	80002f50	00e61413	slli	x8,x12,0xe	 x12:0x20000000  x8=0x00000000
       26495000	      2648	80002f54	ef5e8793	addi	x15,x29,-267	 x29:0x00000000 x15=0xfffffef5
       26505000	      2649	80002f58	0261c863	blt	x3,x6,80002f88	  x3:0x63af27fb  x6:0x00000001
       26515000	      2650	80002f5c	01f91ab3	sll	x21,x18,x31	 x18:0x80009f48 x31:0x00000000 x21=0x80009f48
       26525000	      2651	80002f60	011d5f13	srli	x30,x26,0x11	 x26:0x00000000 x30=0x00000000
       26535000	      2652	80002f64	e0cfbb93	sltiu	x23,x31,-500	 x31:0x00000000 x23=0x00000001
       26545000	      2653	80002f68	3b96ec97	auipc	x25,0x3b96e	 x25=0xbb970f64
       26555000	      2654	80002f6c	00656863	bltu	x10,x6,80002f7c	 x10:0x00000000  x6:0x00000001
       26565000	      2655	00000000	00000013	addi	x0,x0,0	  x0:0x00000000
       26575000	      2656	80002f78	00000013	addi	x0,x0,0	  x0:0x00000000
       26585000	      2657	80002f7c	01e09c93	slli	x25,x1,0x1e	  x1:0x00000001 x25=0x40000000
       26595000	      2658	80002f80	42b7a413	slti	x8,x15,1067	 x15:0xfffffef5  x8=0x00000001
       26605000	      2659	80002f84	b9023613	sltiu	x12,x4,-1136	  x4:0x00000001 x12=0x00000001
       26615000	      2660	80002f88	9476cd13	xori	x26,x13,-1721	 x13:0x00000000 x26=0xfffff947
       26625000	      2661	80002f8c	01b2cd33	xor	x26,x5,x27	  x5:0x00000001 x27:0x00000001 x26=0x00000000
       26635000	      2662	80002f90	0445f263	bgeu	x11,x4,80002fd4	 x11:0xf82e9000  x4:0x00000001
       26645000	      2663	00000000	00000013	addi	x0,x0,0	  x0:0x00000000
       26655000	      2664	80002fd0	00000013	addi	x0,x0,0	  x0:0x00000000
       26665000	      2665	80002fd4	653d7517	auipc	x10,0x653d7	 x10=0xe53d9fd0
       26675000	      2666	80002fd8	00b38663	beq	x7,x11,80002fe4	  x7:0x00000179 x11:0xf82e9000
       26685000	      2667	80002fdc	003213b3	sll	x7,x4,x3	  x4:0x00000001  x3:0x63af27fb  x7=0x08000000
       26695000	      2668	80002fe0	0060dc93	srli	x25,x1,0x6	  x1:0x00000001 x25=0x00000000
       26705000	      2669	80002fe4	01b09d93	slli	x27,x1,0x1b	  x1:0x00000001 x27=0x08000000
       26715000	      2670	80002fe8	b4b6de37	lui	x28,0xb4b6d	 x28=0xb4b6d000
       26725000	      2671	80002fec	14268837	lui	x16,0x14268	 x16=0x14268000
       26735000	      2672	80002ff0	0080d813	srli	x16,x1,0x8	  x1:0x00000001 x16=0x00000000
       26745000	      2673	80002ff4	00000013	addi	x0,x0,0	  x0:0x00000000
       26755000	      2674	80002ff8	616b7e13	andi	x28,x22,1558	 x22:0x43af2d34 x28=0x00000414
       26765000	      2675	80002ffc	40df8e33	sub	x28,x31,x13	 x31:0x00000000 x13:0x00000000 x28=0x00000000
       26775000	      2676	80003000	4142d733	sra	x14,x5,x20	  x5:0x00000001 x20:0x00000000 x14=0x00000001
       26785000	      2677	80003004	008a10b3	sll	x1,x20,x8	 x20:0x00000000  x8:0x00000001  x1=0x00000000
       26795000	      2678	80003008	00a0d213	srli	x4,x1,0xa	  x1:0x00000000  x4=0x00000000
       26805000	      2679	8000300c	00e6b833	sltu	x16,x13,x14	 x13:0x00000000 x14:0x00000001 x16=0x00000001
       26815000	      2680	80003010	e1087293	andi	x5,x16,-496	 x16:0x00000001  x5=0x00000000
       26825000	      2681	80003014	1d93bc97	auipc	x25,0x1d93b	 x25=0x9d93e010
       26835000	      2682	80003018	005155b3	srl	x11,x2,x5	  x2:0x80008250  x5:0x00000000 x11=0x80008250
       26845000	      2683	8000301c	05c1f263	bgeu	x3,x28,80003060	  x3:0x63af27fb x28:0x00000000
       26855000	      2684	00000000	00000013	addi	x0,x0,0	  x0:0x00000000
       26865000	      2685	8000305c	00000013	addi	x0,x0,0	  x0:0x00000000
       26875000	      2686	80003060	00d54fb3	xor	x31,x10,x13	 x10:0xe53d9fd0 x13:0x00000000 x31=0xe53d9fd0
       26885000	      2687	80003064	7b487193	andi	x3,x16,1972	 x16:0x00000001  x3=0x00000000
       26895000	      2688	80003068	197a7293	andi	x5,x20,407	 x20:0x00000000  x5=0x00000000
       26905000	      2689	8000306c	114d4863	blt	x26,x20,8000317c	 x26:0x00000000 x20:0x00000000
       26915000	      2690	80003070	01cb7633	and	x12,x22,x28	 x22:0x43af2d34 x28:0x00000000 x12=0x00000000
       26925000	      2691	80003074	00d69433	sll	x8,x13,x13	 x13:0x00000000 x13:0x00000000  x8=0x00000000
       26935000	      2692	80003078	0219e493	ori	x9,x19,33	 x19:0x80008250  x9=0x80008271
       26945000	      2693	8000307c	0005d193	srli	x3,x11,0x0	 x11:0x80008250  x3=0x80008250
       26955000	      2694	80003080	00006f17	auipc	x30,0x6	 x30=0x8000907c
       26965000	      2695	80003084	824f0f13	addi	x30,x30,-2012	 x30:0x8000907c x30=0x800088a0
       26975000	      2696	80003088	0e8f1823	sh	x8,240(x30)	 x30:0x800088a0  x8:0x00000000 PA:0x80008990
       26985000	      2697	8000308c	ff537993	andi	x19,x6,-11	  x6:0x00000001 x19=0x00000001
       26995000	      2698	80003090	0b4f04a3	sb	x20,169(x30)	 x30:0x800088a0 x20:0x00000000 PA:0x80008949
       27005000	      2699	80003094	0daf1723	sh	x26,206(x30)	 x30:0x800088a0 x26:0x00000000 PA:0x8000896e
       27015000	      2700	80003098	00792b33	slt	x22,x18,x7	 x18:0x80009f48  x7:0x08000000 x22=0x00000001
       27025000	      2701	8000309c	00bf9d33	sll	x26,x31,x11	 x31:0xe53d9fd0 x11:0x80008250 x26=0x9fd00000
       27035000	      2702	800030a0	00093613	sltiu	x12,x18,0	 x18:0x80009f48 x12=0x00000000
       27045000	      2703	800030a4	00a15eb3	srl	x29,x2,x10	  x2:0x80008250 x10:0xe53d9fd0 x29=0x00008000
       27055000	      2704	800030a8	0c8f0f23	sb	x8,222(x30)	 x30:0x800088a0  x8:0x00000000 PA:0x8000897e
       27065000	      2705	800030ac	f9ef1603	lh	x12,-98(x30)	 x30:0x800088a0 x12=0x00000000 PA:0x8000883e
       27075000	      2706	800030b0	fcaf1203	lh	x4,-54(x30)	 x30:0x800088a0  x4=0x00000000 PA:0x8000886a
       27085000	      2707	800030b4	00cf5983	lhu	x19,12(x30)	 x30:0x800088a0 x19=0x00000000 PA:0x800088ac
       27095000	      2708	800030b8	f81f0503	lb	x10,-127(x30)	 x30:0x800088a0 x10=0x00000000 PA:0x80008821
       27105000	      2709	800030bc	002f1003	lh	x0,2(x30)	 x30:0x800088a0 PA:0x800088a2
       27115000	      2710	800030c0	4085d113	srai	x2,x11,0x8	 x11:0x80008250  x2=0xff800082
       27125000	      2711	800030c4	00adc0b3	xor	x1,x27,x10	 x27:0x08000000 x10:0x00000000  x1=0x08000000
       27135000	      2712	800030c8	f8af1a83	lh	x21,-118(x30)	 x30:0x800088a0 x21=0x00000000 PA:0x8000882a
       27145000	      2713	800030cc	a677b7b7	lui	x15,0xa677b	 x15=0xa677b000
       27155000	      2714	800030d0	fc3f4183	lbu	x3,-61(x30)	 x30:0x800088a0  x3=0x00000000 PA:0x80008863
       27165000	      2715	800030d4	00ec4333	xor	x6,x24,x14	 x24:0x00000000 x14:0x00000001  x6=0x00000001
       27175000	      2716	800030d8	d7682413	slti	x8,x16,-650	 x16:0x00000001  x8=0x00000000
       27185000	      2717	800030dc	fd2f03a3	sb	x18,-57(x30)	 x30:0x800088a0 x18:0x80009f48 PA:0x80008867
       27195000	      2718	800030e0	f8ef5c03	lhu	x24,-114(x30)	 x30:0x800088a0 x24=0x00000000 PA:0x8000882e
       27205000	      2719	800030e4	00000013	addi	x0,x0,0	  x0:0x00000000
       27215000	      2720	800030e8	1d91b793	sltiu	x15,x3,473	  x3:0x00000000 x15=0x00000001
       27225000	      2721	800030ec	00cf4383	lbu	x7,12(x30)	 x30:0x800088a0  x7=0x00000000 PA:0x800088ac
       27235000	      2722	800030f0	0b2f0b03	lb	x22,178(x30)	 x30:0x800088a0 x22=0x00000000 PA:0x80008952
       27245000	      2723	800030f4	f71f0ca3	sb	x17,-135(x30)	 x30:0x800088a0 x17:0x80009fc4 PA:0x80008819
       27255000	      2724	800030f8	95faa997	auipc	x19,0x95faa	 x19=0x15fad0f4
       27265000	      2725	800030fc	fecf5683	lhu	x13,-20(x30)	 x30:0x800088a0 x13=0x00000000 PA:0x8000888c
       27275000	      2726	80003100	00faa233	slt	x4,x21,x15	 x21:0x00000000 x15:0x00000001  x4=0x00000001
       27285000	      2727	80003104	0f6f5383	lhu	x7,246(x30)	 x30:0x800088a0  x7=0x00000000 PA:0x80008996
       27295000	      2728	80003108	00d6a3b3	slt	x7,x13,x13	 x13:0x00000000 x13:0x00000000  x7=0x00000000
       27305000	      2729	8000310c	092f1f83	lh	x31,146(x30)	 x30:0x800088a0 x31=0x00000000 PA:0x80008932
       27315000	      2730	80003110	070f1323	sh	x16,102(x30)	 x30:0x800088a0 x16:0x00000001 PA:0x80008906
       27325000	      2731	80003114	41e2de13	srai	x28,x5,0x1e	  x5:0x00000000 x28=0x00000000
       27335000	      2732	80003118	01ef4a83	lbu	x21,30(x30)	 x30:0x800088a0 x21=0x00000000 PA:0x800088be
       27345000	      2733	8000311c	418cd233	sra	x4,x25,x24	 x25:0x9d93e010 x24:0x00000000  x4=0x9d93e010
       27355000	      2734	80003120	011f01b3	add	x3,x30,x17	 x30:0x800088a0 x17:0x80009fc4  x3=0x00012864
       27365000	      2735	80003124	f76f2e23	sw	x22,-132(x30)	 x30:0x800088a0 x22:0x00000000 PA:0x8000881c
       27375000	      2736	80003128	006b3633	sltu	x12,x22,x6	 x22:0x00000000  x6:0x00000001 x12=0x00000001
       27385000	      2737	8000312c	00e7acb3	slt	x25,x15,x14	 x15:0x00000001 x14:0x00000001 x25=0x00000000
       27395000	      2738	80003130	07bf4103	lbu	x2,123(x30)	 x30:0x800088a0  x2=0x00000000 PA:0x8000891b
       27405000	      2739	80003134	03bf0e03	lb	x28,59(x30)	 x30:0x800088a0 x28=0x00000000 PA:0x800088db
       27415000	      2740	80003138	00000013	addi	x0,x0,0	  x0:0x00000000
       27425000	      2741	8000313c	019c2cb3	slt	x25,x24,x25	 x24:0x00000000 x25:0x00000000 x25=0x00000000
       27435000	      2742	80003140	0c9f07a3	sb	x9,207(x30)	 x30:0x800088a0  x9:0x80008271 PA:0x8000896f
       27445000	      2743	80003144	0c3f0483	lb	x9,195(x30)	 x30:0x800088a0  x9=0x00000000 PA:0x80008963
       27455000	      2744	80003148	044f0c23	sb	x4,88(x30)	 x30:0x800088a0  x4:0x9d93e010 PA:0x800088f8
       27465000	      2745	8000314c	0def0e03	lb	x28,222(x30)	 x30:0x800088a0 x28=0x00000000 PA:0x8000897e
       27475000	      2746	80003150	06ef5a83	lhu	x21,110(x30)	 x30:0x800088a0 x21=0x00000000 PA:0x8000890e
       27485000	      2747	80003154	00000013	addi	x0,x0,0	  x0:0x00000000
       27495000	      2748	80003158	7a8ba613	slti	x12,x23,1960	 x23:0x00000001 x12=0x00000001
       27505000	      2749	8000315c	b7b96593	ori	x11,x18,-1157	 x18:0x80009f48 x11=0xffffff7b
       27515000	      2750	80003160	00000013	addi	x0,x0,0	  x0:0x00000000
       27525000	      2751	80003164	8789a137	lui	x2,0x8789a	  x2=0x8789a000
       27535000	      2752	80003168	001a9093	slli	x1,x21,0x1	 x21:0x00000000  x1=0x00000000
       27545000	      2753	8000316c	00e28863	beq	x5,x14,8000317c	  x5:0x00000000 x14:0x00000001
       27555000	      2754	80003170	006050b3	srl	x1,x0,x6	  x0:0x00000000  x6:0x00000001  x1=0x00000000
       27565000	      2755	80003174	003ed813	srli	x16,x29,0x3	 x29:0x00008000 x16=0x00001000
       27575000	      2756	80003178	0171dcb3	srl	x25,x3,x23	  x3:0x00012864 x23:0x00000001 x25=0x00009432
       27585000	      2757	8000317c	41b1dbb3	sra	x23,x3,x27	  x3:0x00012864 x27:0x08000000 x23=0x00012864
       27595000	      2758	80003180	c6fa2537	lui	x10,0xc6fa2	 x10=0xc6fa2000
       27605000	      2759	80003184	00f19593	slli	x11,x3,0xf	  x3:0x00012864 x11=0x94320000
       27615000	      2760	80003188	e83a3513	sltiu	x10,x20,-381	 x20:0x00000000 x10=0x00000001
       27625000	      2761	8000318c	0498f263	bgeu	x17,x9,800031d0	 x17:0x80009fc4  x9:0x00000000
       27635000	      2762	00000000	00000013	addi	x0,x0,0	  x0:0x00000000
       27645000	      2763	800031cc	00000013	addi	x0,x0,0	  x0:0x00000000
       27655000	      2764	800031d0	0192ee63	bltu	x5,x25,800031ec	  x5:0x00000000 x25:0x00009432
       27665000	      2765	00000000	00000013	addi	x0,x0,0	  x0:0x00000000
       27675000	      2766	800031e8	00000013	addi	x0,x0,0	  x0:0x00000000
       27685000	      2767	800031ec	a554c593	xori	x11,x9,-1451	  x9:0x00000000 x11=0xfffffa55
       27695000	      2768	800031f0	00bc2c33	slt	x24,x24,x11	 x24:0x00000000 x11:0xfffffa55 x24=0x00000000
       27705000	      2769	800031f4	008a5393	srli	x7,x20,0x8	 x20:0x00000000  x7=0x00000000
       27715000	      2770	800031f8	2feef313	andi	x6,x29,766	 x29:0x00008000  x6=0x00000000
       27725000	      2771	800031fc	0118e7b3	or	x15,x17,x17	 x17:0x80009fc4 x17:0x80009fc4 x15=0x80009fc4
       27735000	      2772	80003200	3fc97b13	andi	x22,x18,1020	 x18:0x80009f48 x22=0x00000348
       27745000	      2773	80003204	00265593	srli	x11,x12,0x2	 x12:0x00000001 x11=0x00000000
       27755000	      2774	80003208	05a7d063	bge	x15,x26,80003248	 x15:0x80009fc4 x26:0x9fd00000
       27765000	      2775	8000320c	02cee863	bltu	x29,x12,8000323c	 x29:0x00008000 x12:0x00000001
       27775000	      2776	80003210	c3137e13	andi	x28,x6,-975	  x6:0x00000000 x28=0x00000000
       27785000	      2777	80003214	00b72cb3	slt	x25,x14,x11	 x14:0x00000001 x11:0x00000000 x25=0x00000000
       27795000	      2778	80003218	01e84cb3	xor	x25,x16,x30	 x16:0x00001000 x30:0x800088a0 x25=0x800098a0
       27805000	      2779	8000321c	02b4ec63	bltu	x9,x11,80003254	  x9:0x00000000 x11:0x00000000
       27815000	      2780	80003220	41cbdd33	sra	x26,x23,x28	 x23:0x00012864 x28:0x00000000 x26=0x00012864
       27825000	      2781	80003224	018a1333	sll	x6,x20,x24	 x20:0x00000000 x24:0x00000000  x6=0x00000000
       27835000	      2782	80003228	006a5f33	srl	x30,x20,x6	 x20:0x00000000  x6:0x00000000 x30=0x00000000
       27845000	      2783	8000322c	00fb0bb3	add	x23,x22,x15	 x22:0x00000348 x15:0x80009fc4 x23=0x8000a30c
       27855000	      2784	80003230	4192d233	sra	x4,x5,x25	  x5:0x00000000 x25:0x800098a0  x4=0x00000000
       27865000	      2785	80003234	01cd66b3	or	x13,x26,x28	 x26:0x00012864 x28:0x00000000 x13=0x00012864
       27875000	      2786	80003238	012845b3	xor	x11,x16,x18	 x16:0x00001000 x18:0x80009f48 x11=0x80008f48
       27885000	      2787	8000323c	01671433	sll	x8,x14,x22	 x14:0x00000001 x22:0x00000348  x8=0x00000100
       27895000	      2788	80003240	03d91e63	bne	x18,x29,8000327c	 x18:0x80009f48 x29:0x00008000
       27905000	      2789	00000000	00000013	addi	x0,x0,0	  x0:0x00000000
       27915000	      2790	80003278	00000013	addi	x0,x0,0	  x0:0x00000000
       27925000	      2791	8000327c	0009e1b3	or	x3,x19,x0	 x19:0x15fad0f4  x0:0x00000000  x3=0x15fad0f4
       27935000	      2792	80003280	01f65b13	srli	x22,x12,0x1f	 x12:0x00000001 x22=0x00000000
       27945000	      2793	80003284	00b4de33	srl	x28,x9,x11	  x9:0x00000000 x11:0x80008f48 x28=0x00000000
       27955000	      2794	80003288	36c4b597	auipc	x11,0x36c4b	 x11=0xb6c4e284
       27965000	      2795	8000328c	4bda4713	xori	x14,x20,1213	 x20:0x00000000 x14=0x000004bd
       27975000	      2796	80003290	89d6bb93	sltiu	x23,x13,-1891	 x13:0x00012864 x23=0x00000001
       27985000	      2797	80003294	f39b8c13	addi	x24,x23,-199	 x23:0x00000001 x24=0xffffff3a
       27995000	      2798	80003298	40f701b3	sub	x3,x14,x15	 x14:0x000004bd x15:0x80009fc4  x3=0x7fff64f9
       28005000	      2799	8000329c	041c1863	bne	x24,x1,800032ec	 x24:0xffffff3a  x1:0x00000000
       28015000	      2800	00000000	00000013	addi	x0,x0,0	  x0:0x00000000
       28025000	      2801	800032e8	00000013	addi	x0,x0,0	  x0:0x00000000
       28035000	      2802	800032ec	01a7bab3	sltu	x21,x15,x26	 x15:0x80009fc4 x26:0x00012864 x21=0x00000000
       28045000	      2803	800032f0	015d9863	bne	x27,x21,80003300	 x27:0x08000000 x21:0x00000000
       28055000	      2804	00000000	00000013	addi	x0,x0,0	  x0:0x00000000
       28065000	      2805	800032fc	00000013	addi	x0,x0,0	  x0:0x00000000
       28075000	      2806	80003300	00bd32b3	sltu	x5,x26,x11	 x26:0x00012864 x11:0xb6c4e284  x5=0x00000001
       28085000	      2807	80003304	01301533	sll	x10,x0,x19	  x0:0x00000000 x19:0x15fad0f4 x10=0x00000000
       28095000	      2808	80003308	01675733	srl	x14,x14,x22	 x14:0x000004bd x22:0x00000000 x14=0x000004bd
       28105000	      2809	8000330c	4019dd13	srai	x26,x19,0x1	 x19:0x15fad0f4 x26=0x0afd687a
       28115000	      2810	80003310	41d8d493	srai	x9,x17,0x1d	 x17:0x80009fc4  x9=0xfffffffc
       28125000	      2811	80003314	40790ab3	sub	x21,x18,x7	 x18:0x80009f48  x7:0x00000000 x21=0x80009f48
       28135000	      2812	80003318	fdc71ab7	lui	x21,0xfdc71	 x21=0xfdc71000
       28145000	      2813	8000331c	4148dab3	sra	x21,x17,x20	 x17:0x80009fc4 x20:0x00000000 x21=0x80009fc4
       28155000	      2814	80003320	00f4b0b3	sltu	x1,x9,x15	  x9:0xfffffffc x15:0x80009fc4  x1=0x00000000
       28165000	      2815	80003324	0051e3b3	or	x7,x3,x5	  x3:0x7fff64f9  x5:0x00000001  x7=0x7fff64f9
       28175000	      2816	80003328	00000013	addi	x0,x0,0	  x0:0x00000000
       28185000	      2817	8000332c	0bc78d93	addi	x27,x15,188	 x15:0x80009fc4 x27=0x8000a080
       28195000	      2818	80003330	00b01413	slli	x8,x0,0xb	  x0:0x00000000  x8=0x00000000
       28205000	      2819	80003334	02834a63	blt	x6,x8,80003368	  x6:0x00000000  x8:0x00000000
       28215000	      2820	80003338	005a7133	and	x2,x20,x5	 x20:0x00000000  x5:0x00000001  x2=0x00000000
       28225000	      2821	8000333c	03bac663	blt	x21,x27,80003368	 x21:0x80009fc4 x27:0x8000a080
       28235000	      2822	00000000	00000013	addi	x0,x0,0	  x0:0x00000000
       28245000	      2823	80003364	00000013	addi	x0,x0,0	  x0:0x00000000
       28255000	      2824	80003368	ff56e393	ori	x7,x13,-11	 x13:0x00012864  x7=0xfffffff5
       28265000	      2825	8000336c	002f0133	add	x2,x30,x2	 x30:0x00000000  x2:0x00000000  x2=0x00000000
       28275000	      2826	80003370	01718233	add	x4,x3,x23	  x3:0x7fff64f9 x23:0x00000001  x4=0x7fff64fa
       28285000	      2827	80003374	01081793	slli	x15,x16,0x10	 x16:0x00001000 x15=0x10000000
       28295000	      2828	80003378	d97af293	andi	x5,x21,-617	 x21:0x80009fc4  x5=0x80009d84
       28305000	      2829	8000337c	00fee6b3	or	x13,x29,x15	 x29:0x00008000 x15:0x10000000 x13=0x10008000
       28315000	      2830	80003380	56e58413	addi	x8,x11,1390	 x11:0xb6c4e284  x8=0xb6c4e7f2
       28325000	      2831	80003384	00f78863	beq	x15,x15,80003394	 x15:0x10000000 x15:0x10000000
       28335000	      2832	00000000	00000013	addi	x0,x0,0	  x0:0x00000000
       28345000	      2833	80003390	00000013	addi	x0,x0,0	  x0:0x00000000
       28355000	      2834	80003394	c8170793	addi	x15,x14,-895	 x14:0x000004bd x15=0x0000013e
       28365000	      2835	80003398	e9a18693	addi	x13,x3,-358	  x3:0x7fff64f9 x13=0x7fff6393
       28375000	      2836	8000339c	011c02b3	add	x5,x24,x17	 x24:0xffffff3a x17:0x80009fc4  x5=0x80009efe
       28385000	      2837	800033a0	df88c997	auipc	x19,0xdf88c	 x19=0x5f88f39c
       28395000	      2838	800033a4	019215b3	sll	x11,x4,x25	  x4:0x7fff64fa x25:0x800098a0 x11=0x7fff64fa
       28405000	      2839	800033a8	40a6d013	srai	x0,x13,0xa	 x13:0x7fff6393
       28415000	      2840	800033ac	00eacdb3	xor	x27,x21,x14	 x21:0x80009fc4 x14:0x000004bd x27=0x80009b79
       28425000	      2841	800033b0	b367fb37	lui	x22,0xb367f	 x22=0xb367f000
       28435000	      2842	800033b4	01eaf9b3	and	x19,x21,x30	 x21:0x80009fc4 x30:0x00000000 x19=0x00000000
       28445000	      2843	800033b8	009371b3	and	x3,x6,x9	  x6:0x00000000  x9:0xfffffffc  x3=0x00000000
       28455000	      2844	800033bc	01d29bb3	sll	x23,x5,x29	  x5:0x80009efe x29:0x00008000 x23=0x80009efe
       28465000	      2845	800033c0	00c5de33	srl	x28,x11,x12	 x11:0x7fff64fa x12:0x00000001 x28=0x3fffb27d
       28475000	      2846	800033c4	5ca0c993	xori	x19,x1,1482	  x1:0x00000000 x19=0x000005ca
       28485000	      2847	800033c8	40e28bb3	sub	x23,x5,x14	  x5:0x80009efe x14:0x000004bd x23=0x80009a41
       28495000	      2848	800033cc	41cb00b3	sub	x1,x22,x28	 x22:0xb367f000 x28:0x3fffb27d  x1=0x73683d83
       28505000	      2849	800033d0	0040ee63	bltu	x1,x4,800033ec	  x1:0x73683d83  x4:0x7fff64fa
       28515000	      2850	00000000	00000013	addi	x0,x0,0	  x0:0x00000000
       28525000	      2851	800033e8	00000013	addi	x0,x0,0	  x0:0x00000000
       28535000	      2852	800033ec	00000013	addi	x0,x0,0	  x0:0x00000000
       28545000	      2853	800033f0	0131e863	bltu	x3,x19,80003400	  x3:0x00000000 x19:0x000005ca
       28555000	      2854	00000000	00000013	addi	x0,x0,0	  x0:0x00000000
       28565000	      2855	800033fc	00000013	addi	x0,x0,0	  x0:0x00000000
       28575000	      2856	80003400	417e87b3	sub	x15,x29,x23	 x29:0x00008000 x23:0x80009a41 x15=0x7fffe5bf
       28585000	      2857	80003404	00f01633	sll	x12,x0,x15	  x0:0x00000000 x15:0x7fffe5bf x12=0x00000000
       28595000	      2858	80003408	abf3f693	andi	x13,x7,-1345	  x7:0xfffffff5 x13=0xfffffab5
       28605000	      2859	8000340c	041ef063	bgeu	x29,x1,8000344c	 x29:0x00008000  x1:0x73683d83
       28615000	      2860	80003410	15f92e93	slti	x29,x18,351	 x18:0x80009f48 x29=0x00000001
       28625000	      2861	80003414	0416d063	bge	x13,x1,80003454	 x13:0xfffffab5  x1:0x73683d83
       28635000	      2862	80003418	00000013	addi	x0,x0,0	  x0:0x00000000
       28645000	      2863	8000341c	03221c63	bne	x4,x18,80003454	  x4:0x7fff64fa x18:0x80009f48
       28655000	      2864	00000000	00000013	addi	x0,x0,0	  x0:0x00000000
       28665000	      2865	80003450	00000013	addi	x0,x0,0	  x0:0x00000000
       28675000	      2866	80003454	013f1033	sll	x0,x30,x19	 x30:0x00000000 x19:0x000005ca
       28685000	      2867	80003458	00d0c663	blt	x1,x13,80003464	  x1:0x73683d83 x13:0xfffffab5
       28695000	      2868	8000345c	01d06863	bltu	x0,x29,8000346c	  x0:0x00000000 x29:0x00000001
       28705000	      2869	00000000	00000013	addi	x0,x0,0	  x0:0x00000000
       28715000	      2870	80003468	00000013	addi	x0,x0,0	  x0:0x00000000
       28725000	      2871	8000346c	01e085b3	add	x11,x1,x30	  x1:0x73683d83 x30:0x00000000 x11=0x73683d83
       28735000	      2872	80003470	413e5d33	sra	x26,x28,x19	 x28:0x3fffb27d x19:0x000005ca x26=0x000fffec
       28745000	      2873	80003474	00c74f33	xor	x30,x14,x12	 x14:0x000004bd x12:0x00000000 x30=0x000004bd
       28755000	      2874	80003478	02039663	bne	x7,x0,800034a4	  x7:0xfffffff5  x0:0x00000000
       28765000	      2875	00000000	00000013	addi	x0,x0,0	  x0:0x00000000
       28775000	      2876	800034a0	00000013	addi	x0,x0,0	  x0:0x00000000
       28785000	      2877	800034a4	2e69d037	lui	x0,0x2e69d	
       28795000	      2878	800034a8	019d45b3	xor	x11,x26,x25	 x26:0x000fffec x25:0x800098a0 x11=0x800f674c
       28805000	      2879	800034ac	05356863	bltu	x10,x19,800034fc	 x10:0x00000000 x19:0x000005ca
       28815000	      2880	00000000	00000013	addi	x0,x0,0	  x0:0x00000000
       28825000	      2881	800034f8	00000013	addi	x0,x0,0	  x0:0x00000000
       28835000	      2882	800034fc	00b70263	beq	x14,x11,80003500	 x14:0x000004bd x11:0x800f674c
       28845000	      2883	80003500	0123de63	bge	x7,x18,8000351c	  x7:0xfffffff5 x18:0x80009f48
       28855000	      2884	00000000	00000013	addi	x0,x0,0	  x0:0x00000000
       28865000	      2885	80003518	00000013	addi	x0,x0,0	  x0:0x00000000
       28875000	      2886	8000351c	00a41e93	slli	x29,x8,0xa	  x8:0xb6c4e7f2 x29=0x139fc800
       28885000	      2887	80003520	7831c7b7	lui	x15,0x7831c	 x15=0x7831c000
       28895000	      2888	80003524	00683b33	sltu	x22,x16,x6	 x16:0x00001000  x6:0x00000000 x22=0x00000000
       28905000	      2889	80003528	01a9c133	xor	x2,x19,x26	 x19:0x000005ca x26:0x000fffec  x2=0x000ffa26
       28915000	      2890	8000352c	00000013	addi	x0,x0,0	  x0:0x00000000
       28925000	      2891	80003530	00e49c63	bne	x9,x14,80003548	  x9:0xfffffffc x14:0x000004bd
       28935000	      2892	00000000	00000013	addi	x0,x0,0	  x0:0x00000000
       28945000	      2893	80003544	00000013	addi	x0,x0,0	  x0:0x00000000
       28955000	      2894	80003548	406bdb33	sra	x22,x23,x6	 x23:0x80009a41  x6:0x00000000 x22=0x80009a41
       28965000	      2895	8000354c	047de263	bltu	x27,x7,80003590	 x27:0x80009b79  x7:0xfffffff5
       28975000	      2896	00000000	00000013	addi	x0,x0,0	  x0:0x00000000
       28985000	      2897	8000358c	00000013	addi	x0,x0,0	  x0:0x00000000
       28995000	      2898	80003590	4029d333	sra	x6,x19,x2	 x19:0x000005ca  x2:0x000ffa26  x6=0x00000017
       29005000	      2899	80003594	00dd49b3	xor	x19,x26,x13	 x26:0x000fffec x13:0xfffffab5 x19=0xfff00559
       29015000	      2900	80003598	01c06833	or	x16,x0,x28	  x0:0x00000000 x28:0x3fffb27d x16=0x3fffb27d
       29025000	      2901	8000359c	52b5c713	xori	x14,x11,1323	 x11:0x800f674c x14=0x800f6267
       29035000	      2902	800035a0	00000013	addi	x0,x0,0	  x0:0x00000000
       29045000	      2903	800035a4	419dd6b3	sra	x13,x27,x25	 x27:0x80009b79 x25:0x800098a0 x13=0x80009b79
       29055000	      2904	800035a8	cc2db493	sltiu	x9,x27,-830	 x27:0x80009b79  x9=0x00000001
       29065000	      2905	800035ac	01ef4133	xor	x2,x30,x30	 x30:0x000004bd x30:0x000004bd  x2=0x00000000
       29075000	      2906	800035b0	e707e213	ori	x4,x15,-400	 x15:0x7831c000  x4=0xfffffe70
       29085000	      2907	800035b4	ef5b6f13	ori	x30,x22,-267	 x22:0x80009a41 x30=0xfffffef5
       29095000	      2908	800035b8	40255d13	srai	x26,x10,0x2	 x10:0x00000000 x26=0x00000000
       29105000	      2909	800035bc	0059dbb3	srl	x23,x19,x5	 x19:0xfff00559  x5:0x80009efe x23=0x00000003
       29115000	      2910	800035c0	597d3f13	sltiu	x30,x26,1431	 x26:0x00000000 x30=0x00000001
       29125000	      2911	800035c4	0131c863	blt	x3,x19,800035d4	  x3:0x00000000 x19:0xfff00559
       29135000	      2912	800035c8	5430c113	xori	x2,x1,1347	  x1:0x73683d83  x2=0x736838c0
       29145000	      2913	800035cc	03907e63	bgeu	x0,x25,80003608	  x0:0x00000000 x25:0x800098a0
       29155000	      2914	800035d0	02ae0663	beq	x28,x10,800035fc	 x28:0x3fffb27d x10:0x00000000
       29165000	      2915	800035d4	6192ad13	slti	x26,x5,1561	  x5:0x80009efe x26=0x00000001
       29175000	      2916	800035d8	00acd233	srl	x4,x25,x10	 x25:0x800098a0 x10:0x00000000  x4=0x800098a0
       29185000	      2917	800035dc	410c83b3	sub	x7,x25,x16	 x25:0x800098a0 x16:0x3fffb27d  x7=0x4000e623
       29195000	      2918	800035e0	55cfe693	ori	x13,x31,1372	 x31:0x00000000 x13=0x0000055c
       29205000	      2919	800035e4	01c2c0b3	xor	x1,x5,x28	  x5:0x80009efe x28:0x3fffb27d  x1=0xbfff2c83
       29215000	      2920	800035e8	f6764d13	xori	x26,x12,-153	 x12:0x00000000 x26=0xffffff67
       29225000	      2921	800035ec	1e7f6e97	auipc	x29,0x1e7f6	 x29=0x9e7f95e8
       29235000	      2922	800035f0	0078e863	bltu	x17,x7,80003600	 x17:0x80009fc4  x7:0x4000e623
       29245000	      2923	800035f4	0012ac33	slt	x24,x5,x1	  x5:0x80009efe  x1:0xbfff2c83 x24=0x00000001
       29255000	      2924	800035f8	40f685b3	sub	x11,x13,x15	 x13:0x0000055c x15:0x7831c000 x11=0x87ce455c
       29265000	      2925	800035fc	01a71833	sll	x16,x14,x26	 x14:0x800f6267 x26:0xffffff67 x16=0x07b13380
       29275000	      2926	80003600	020cf863	bgeu	x25,x0,80003630	 x25:0x800098a0  x0:0x00000000
       29285000	      2927	00000000	00000013	addi	x0,x0,0	  x0:0x00000000
       29295000	      2928	8000362c	00000013	addi	x0,x0,0	  x0:0x00000000
       29305000	      2929	80003630	0044a2b3	slt	x5,x9,x4	  x9:0x00000001  x4:0x800098a0  x5=0x00000000
       29315000	      2930	80003634	05087263	bgeu	x16,x16,80003678	 x16:0x07b13380 x16:0x07b13380
       29325000	      2931	00000000	00000013	addi	x0,x0,0	  x0:0x00000000
       29335000	      2932	80003674	00000013	addi	x0,x0,0	  x0:0x00000000
       29345000	      2933	80003678	00965033	srl	x0,x12,x9	 x12:0x00000000  x9:0x00000001
       29355000	      2934	8000367c	0164ec63	bltu	x9,x22,80003694	  x9:0x00000001 x22:0x80009a41
       29365000	      2935	00000000	00000013	addi	x0,x0,0	  x0:0x00000000
       29375000	      2936	80003690	00000013	addi	x0,x0,0	  x0:0x00000000
       29385000	      2937	80003694	003f2533	slt	x10,x30,x3	 x30:0x00000001  x3:0x00000000 x10=0x00000000
       29395000	      2938	80003698	81d70013	addi	x0,x14,-2019	 x14:0x800f6267
       29405000	      2939	8000369c	52a13017	auipc	x0,0x52a13	
       29415000	      2940	800036a0	e91cf5b7	lui	x11,0xe91cf	 x11=0xe91cf000
       29425000	      2941	800036a4	c30ef493	andi	x9,x29,-976	 x29:0x9e7f95e8  x9=0x9e7f9420
       29435000	      2942	800036a8	01715b93	srli	x23,x2,0x17	  x2:0x736838c0 x23=0x000000e6
       29445000	      2943	800036ac	05575263	bge	x14,x21,800036f0	 x14:0x800f6267 x21:0x80009fc4
       29455000	      2944	00000000	00000013	addi	x0,x0,0	  x0:0x00000000
       29465000	      2945	800036ec	00000013	addi	x0,x0,0	  x0:0x00000000
       29475000	      2946	800036f0	94370b13	addi	x22,x14,-1725	 x14:0x800f6267 x22=0x800f5baa
       29485000	      2947	800036f4	44e0f7b7	lui	x15,0x44e0f	 x15=0x44e0f000
       29495000	      2948	800036f8	00af2333	slt	x6,x30,x10	 x30:0x00000001 x10:0x00000000  x6=0x00000000
       29505000	      2949	800036fc	40a78b33	sub	x22,x15,x10	 x15:0x44e0f000 x10:0x00000000 x22=0x44e0f000
       29515000	      2950	80003700	00864a63	blt	x12,x8,80003714	 x12:0x00000000  x8:0xb6c4e7f2
       29525000	      2951	80003704	0414d063	bge	x9,x1,80003744	  x9:0x9e7f9420  x1:0xbfff2c83
       29535000	      2952	80003708	2ac554b7	lui	x9,0x2ac55	  x9=0x2ac55000
       29545000	      2953	8000370c	b379fb97	auipc	x23,0xb379f	 x23=0x337a2708
       29555000	      2954	80003710	03826e63	bltu	x4,x24,8000374c	  x4:0x800098a0 x24:0x00000001
       29565000	      2955	80003714	a8cf3d37	lui	x26,0xa8cf3	 x26=0xa8cf3000
       29575000	      2956	80003718	2b613e13	sltiu	x28,x2,694	  x2:0x736838c0 x28=0x00000000
       29585000	      2957	8000371c	00000013	addi	x0,x0,0	  x0:0x00000000
       29595000	      2958	80003720	019e9263	bne	x29,x25,80003724	 x29:0x9e7f95e8 x25:0x800098a0
       29605000	      2959	00000000	00000013	addi	x0,x0,0	  x0:0x00000000
       29615000	      2960	80003720	00000013	addi	x0,x0,0	  x0:0x00000000
       29625000	      2961	80003724	41ab81b3	sub	x3,x23,x26	 x23:0x337a2708 x26:0xa8cf3000  x3=0x8aaaf708
       29635000	      2962	80003728	01182e33	slt	x28,x16,x17	 x16:0x07b13380 x17:0x80009fc4 x28=0x00000000
       29645000	      2963	8000372c	20068813	addi	x16,x13,512	 x13:0x0000055c x16=0x0000075c
       29655000	      2964	80003730	db6c0b93	addi	x23,x24,-586	 x24:0x00000001 x23=0xfffffdb7
       29665000	      2965	80003734	04036063	bltu	x6,x0,80003774	  x6:0x00000000  x0:0x00000000
       29675000	      2966	80003738	49878ab7	lui	x21,0x49878	 x21=0x49878000
       29685000	      2967	8000373c	008dfe33	and	x28,x27,x8	 x27:0x80009b79  x8:0xb6c4e7f2 x28=0x80008370
       29695000	      2968	80003740	044d8263	beq	x27,x4,80003784	 x27:0x80009b79  x4:0x800098a0
       29705000	      2969	80003744	01089e63	bne	x17,x16,80003760	 x17:0x80009fc4 x16:0x0000075c
       29715000	      2970	00000000	00000013	addi	x0,x0,0	  x0:0x00000000
       29725000	      2971	8000375c	00000013	addi	x0,x0,0	  x0:0x00000000
       29735000	      2972	80003760	0b950f93	addi	x31,x10,185	 x10:0x00000000 x31=0x000000b9
       29745000	      2973	80003764	a4a5da97	auipc	x21,0xa4a5d	 x21=0x24a60760
       29755000	      2974	80003768	0507d063	bge	x15,x16,800037a8	 x15:0x44e0f000 x16:0x0000075c
       29765000	      2975	00000000	00000013	addi	x0,x0,0	  x0:0x00000000
       29775000	      2976	800037a4	00000013	addi	x0,x0,0	  x0:0x00000000
       29785000	      2977	800037a8	022c0063	beq	x24,x2,800037c8	 x24:0x00000001  x2:0x736838c0
       29795000	      2978	800037ac	02976e63	bltu	x14,x9,800037e8	 x14:0x800f6267  x9:0x2ac55000
       29805000	      2979	800037b0	17575b17	auipc	x22,0x17575	 x22=0x975787ac
       29815000	      2980	800037b4	001be3b3	or	x7,x23,x1	 x23:0xfffffdb7  x1:0xbfff2c83  x7=0xfffffdb7
       29825000	      2981	800037b8	023a8e63	beq	x21,x3,800037f4	 x21:0x24a60760  x3:0x8aaaf708
       29835000	      2982	800037bc	0020c9b3	xor	x19,x1,x2	  x1:0xbfff2c83  x2:0x736838c0 x19=0xcc971443
       29845000	      2983	800037c0	01701c63	bne	x0,x23,800037d8	  x0:0x00000000 x23:0xfffffdb7
       29855000	      2984	00000000	00000013	addi	x0,x0,0	  x0:0x00000000
       29865000	      2985	800037d4	00000013	addi	x0,x0,0	  x0:0x00000000
       29875000	      2986	800037d8	02fe4663	blt	x28,x15,80003804	 x28:0x80008370 x15:0x44e0f000
       29885000	      2987	00000000	00000013	addi	x0,x0,0	  x0:0x00000000
       29895000	      2988	80003800	00000013	addi	x0,x0,0	  x0:0x00000000
       29905000	      2989	80003804	007f8263	beq	x31,x7,80003808	 x31:0x000000b9  x7:0xfffffdb7
       29915000	      2990	80003808	418bd213	srai	x4,x23,0x18	 x23:0xfffffdb7  x4=0xffffffff
       29925000	      2991	8000380c	003fa2b3	slt	x5,x31,x3	 x31:0x000000b9  x3:0x8aaaf708  x5=0x00000000
       29935000	      2992	80003810	762c6013	ori	x0,x24,1890	 x24:0x00000001
       29945000	      2993	80003814	014571b3	and	x3,x10,x20	 x10:0x00000000 x20:0x00000000  x3=0x00000000
       29955000	      2994	80003818	27ba7793	andi	x15,x20,635	 x20:0x00000000 x15=0x00000000
       29965000	      2995	8000381c	40620333	sub	x6,x4,x6	  x4:0xffffffff  x6:0x00000000  x6=0xffffffff
       29975000	      2996	80003820	7275ffb7	lui	x31,0x7275f	 x31=0x7275f000
       29985000	      2997	80003824	4050db33	sra	x22,x1,x5	  x1:0xbfff2c83  x5:0x00000000 x22=0xbfff2c83
       29995000	      2998	80003828	f5f6a713	slti	x14,x13,-161	 x13:0x0000055c x14=0x00000000
       30005000	      2999	8000382c	0190e513	ori	x10,x1,25	  x1:0xbfff2c83 x10=0xbfff2c9b
       30015000	      3000	80003830	000a5cb3	srl	x25,x20,x0	 x20:0x00000000  x0:0x00000000 x25=0x00000000
       30025000	      3001	80003834	01d29b93	slli	x23,x5,0x1d	  x5:0x00000000 x23=0x00000000
       30035000	      3002	80003838	40f909b3	sub	x19,x18,x15	 x18:0x80009f48 x15:0x00000000 x19=0x80009f48
       30045000	      3003	8000383c	055ef263	bgeu	x29,x21,80003880	 x29:0x9e7f95e8 x21:0x24a60760
       30055000	      3004	00000000	00000013	addi	x0,x0,0	  x0:0x00000000
       30065000	      3005	8000387c	00000013	addi	x0,x0,0	  x0:0x00000000
       30075000	      3006	80003880	00e7e433	or	x8,x15,x14	 x15:0x00000000 x14:0x00000000  x8=0x00000000
       30085000	      3007	80003884	00fc3333	sltu	x6,x24,x15	 x24:0x00000001 x15:0x00000000  x6=0x00000000
       30095000	      3008	80003888	4d7b5637	lui	x12,0x4d7b5	 x12=0x4d7b5000
       30105000	      3009	8000388c	e40da413	slti	x8,x27,-448	 x27:0x80009b79  x8=0x00000001
       30115000	      3010	80003890	7bc3c293	xori	x5,x7,1980	  x7:0xfffffdb7  x5=0xfffffa0b
       30125000	      3011	80003894	b1292413	slti	x8,x18,-1262	 x18:0x80009f48  x8=0x00000001
       30135000	      3012	80003898	015f0bb3	add	x23,x30,x21	 x30:0x00000001 x21:0x24a60760 x23=0x24a60761
       30145000	      3013	8000389c	006d4863	blt	x26,x6,800038ac	 x26:0xa8cf3000  x6:0x00000000
       30155000	      3014	00000000	00000013	addi	x0,x0,0	  x0:0x00000000
       30165000	      3015	800038a8	00000013	addi	x0,x0,0	  x0:0x00000000
       30175000	      3016	800038ac	01f54db3	xor	x27,x10,x31	 x10:0xbfff2c9b x31:0x7275f000 x27=0xcd8adc9b
       30185000	      3017	800038b0	c3f3a713	slti	x14,x7,-961	  x7:0xfffffdb7 x14=0x00000000
       30195000	      3018	800038b4	05811063	bne	x2,x24,800038f4	  x2:0x736838c0 x24:0x00000001
       30205000	      3019	00000000	00000013	addi	x0,x0,0	  x0:0x00000000
       30215000	      3020	800038f0	00000013	addi	x0,x0,0	  x0:0x00000000
       30225000	      3021	800038f4	c2eab793	sltiu	x15,x21,-978	 x21:0x24a60760 x15=0x00000001
       30235000	      3022	800038f8	00ff5f13	srli	x30,x30,0xf	 x30:0x00000001 x30=0x00000000
       30245000	      3023	800038fc	006ab3b3	sltu	x7,x21,x6	 x21:0x24a60760  x6:0x00000000  x7=0x00000000
       30255000	      3024	80003900	00d3c863	blt	x7,x13,80003910	  x7:0x00000000 x13:0x0000055c
       30265000	      3025	00000000	00000013	addi	x0,x0,0	  x0:0x00000000
       30275000	      3026	8000390c	00000013	addi	x0,x0,0	  x0:0x00000000
       30285000	      3027	80003910	03329e63	bne	x5,x19,8000394c	  x5:0xfffffa0b x19:0x80009f48
       30295000	      3028	00000000	00000013	addi	x0,x0,0	  x0:0x00000000
       30305000	      3029	80003948	00000013	addi	x0,x0,0	  x0:0x00000000
       30315000	      3030	8000394c	00d10263	beq	x2,x13,80003950	  x2:0x736838c0 x13:0x0000055c
       30325000	      3031	80003950	90ffdb17	auipc	x22,0x90ffd	 x22=0x1100094c
       30335000	      3032	80003954	0177a6b3	slt	x13,x15,x23	 x15:0x00000001 x23:0x24a60761 x13=0x00000001
       30345000	      3033	80003958	00a91093	slli	x1,x18,0xa	 x18:0x80009f48  x1=0x027d2000
       30355000	      3034	8000395c	37c4a713	slti	x14,x9,892	  x9:0x2ac55000 x14=0x00000000
       30365000	      3035	80003960	011a9d13	slli	x26,x21,0x11	 x21:0x24a60760 x26=0x0ec00000
       30375000	      3036	80003964	012cdd33	srl	x26,x25,x18	 x25:0x00000000 x18:0x80009f48 x26=0x00000000
       30385000	      3037	80003968	75ecf393	andi	x7,x25,1886	 x25:0x00000000  x7=0x00000000
       30395000	      3038	8000396c	0069e1b3	or	x3,x19,x6	 x19:0x80009f48  x6:0x00000000  x3=0x80009f48
       30405000	      3039	80003970	017179b3	and	x19,x2,x23	  x2:0x736838c0 x23:0x24a60761 x19=0x20200040
       30415000	      3040	80003974	004422b3	slt	x5,x8,x4	  x8:0x00000001  x4:0xffffffff  x5=0x00000000
       30425000	      3041	80003978	00b0fcb3	and	x25,x1,x11	  x1:0x027d2000 x11:0xe91cf000 x25=0x001c2000
       30435000	      3042	8000397c	dd37e197	auipc	x3,0xdd37e	  x3=0x5d381978
       30445000	      3043	80003980	00e822b3	slt	x5,x16,x14	 x16:0x0000075c x14:0x00000000  x5=0x00000000
       30455000	      3044	80003984	0163e133	or	x2,x7,x22	  x7:0x00000000 x22:0x1100094c  x2=0x1100094c
       30465000	      3045	80003988	9f43ab17	auipc	x22,0x9f43a	 x22=0x1f43d984
       30475000	      3046	8000398c	0157ce33	xor	x28,x15,x21	 x15:0x00000001 x21:0x24a60760 x28=0x24a60761
       30485000	      3047	80003990	001c17b3	sll	x15,x24,x1	 x24:0x00000001  x1:0x027d2000 x15=0x00000001
       30495000	      3048	80003994	00018733	add	x14,x3,x0	  x3:0x5d381978  x0:0x00000000 x14=0x5d381978
       30505000	      3049	80003998	00b48e63	beq	x9,x11,800039b4	  x9:0x2ac55000 x11:0xe91cf000
       30515000	      3050	8000399c	00fee833	or	x16,x29,x15	 x29:0x9e7f95e8 x15:0x00000001 x16=0x9e7f95e9
       30525000	      3051	800039a0	00030c33	add	x24,x6,x0	  x6:0x00000000  x0:0x00000000 x24=0x00000000
       30535000	      3052	800039a4	015f03b3	add	x7,x30,x21	 x30:0x00000000 x21:0x24a60760  x7=0x24a60760
       30545000	      3053	800039a8	01672f33	slt	x30,x14,x22	 x14:0x5d381978 x22:0x1f43d984 x30=0x00000000
       30555000	      3054	800039ac	0069e3b3	or	x7,x19,x6	 x19:0x20200040  x6:0x00000000  x7=0x20200040
       30565000	      3055	800039b0	01f15393	srli	x7,x2,0x1f	  x2:0x1100094c  x7=0x00000000
       30575000	      3056	800039b4	41ddd833	sra	x16,x27,x29	 x27:0xcd8adc9b x29:0x9e7f95e8 x16=0xffcd8adc
       30585000	      3057	800039b8	0f6ac713	xori	x14,x21,246	 x21:0x24a60760 x14=0x24a60796
       30595000	      3058	800039bc	0062f733	and	x14,x5,x6	  x5:0x00000000  x6:0x00000000 x14=0x00000000
       30605000	      3059	800039c0	00e78cb3	add	x25,x15,x14	 x15:0x00000001 x14:0x00000000 x25=0x00000001
       30615000	      3060	800039c4	01595793	srli	x15,x18,0x15	 x18:0x80009f48 x15=0x00000400
       30625000	      3061	800039c8	0435c263	blt	x11,x3,80003a0c	 x11:0xe91cf000  x3:0x5d381978
       30635000	      3062	00000000	00000013	addi	x0,x0,0	  x0:0x00000000
       30645000	      3063	80003a08	00000013	addi	x0,x0,0	  x0:0x00000000
       30655000	      3064	80003a0c	1393e113	ori	x2,x7,313	  x7:0x00000000  x2=0x00000139
       30665000	      3065	80003a10	0041d433	srl	x8,x3,x4	  x3:0x5d381978  x4:0xffffffff  x8=0x00000000
       30675000	      3066	80003a14	03200863	beq	x0,x18,80003a44	  x0:0x00000000 x18:0x80009f48
       30685000	      3067	80003a18	0149b013	sltiu	x0,x19,20	 x19:0x20200040
       30695000	      3068	80003a1c	012825b3	slt	x11,x16,x18	 x16:0xffcd8adc x18:0x80009f48 x11=0x00000000
       30705000	      3069	80003a20	012cc533	xor	x10,x25,x18	 x25:0x00000001 x18:0x80009f48 x10=0x80009f49
       30715000	      3070	80003a24	03effc63	bgeu	x31,x30,80003a5c	 x31:0x7275f000 x30:0x00000000
       30725000	      3071	00000000	00000013	addi	x0,x0,0	  x0:0x00000000
       30735000	      3072	80003a58	00000013	addi	x0,x0,0	  x0:0x00000000
       30745000	      3073	80003a5c	40b9dfb3	sra	x31,x19,x11	 x19:0x20200040 x11:0x00000000 x31=0x20200040
       30755000	      3074	80003a60	01b081b3	add	x3,x1,x27	  x1:0x027d2000 x27:0xcd8adc9b  x3=0xd007fc9b
       30765000	      3075	80003a64	01b99593	slli	x11,x19,0x1b	 x19:0x20200040 x11=0x00000000
       30775000	      3076	80003a68	01190db3	add	x27,x18,x17	 x18:0x80009f48 x17:0x80009fc4 x27=0x00013f0c
       30785000	      3077	80003a6c	41055313	srai	x6,x10,0x10	 x10:0x80009f49  x6=0xffff8000
       30795000	      3078	80003a70	40248ab3	sub	x21,x9,x2	  x9:0x2ac55000  x2:0x00000139 x21=0x2ac54ec7
       30805000	      3079	80003a74	00e411b3	sll	x3,x8,x14	  x8:0x00000000 x14:0x00000000  x3=0x00000000
       30815000	      3080	80003a78	0e094c63	blt	x18,x0,80003b70	 x18:0x80009f48  x0:0x00000000
       30825000	      3081	00000000	00000013	addi	x0,x0,0	  x0:0x00000000
       30835000	      3082	80003b6c	00000013	addi	x0,x0,0	  x0:0x00000000
       30845000	      3083	80003b70	00f4bd33	sltu	x26,x9,x15	  x9:0x2ac55000 x15:0x00000400 x26=0x00000000
       30855000	      3084	80003b74	cf5569b7	lui	x19,0xcf556	 x19=0xcf556000
       30865000	      3085	80003b78	0180b5b3	sltu	x11,x1,x24	  x1:0x027d2000 x24:0x00000000 x11=0x00000000
       30875000	      3086	80003b7c	01415663	bge	x2,x20,80003b88	  x2:0x00000139 x20:0x00000000
       30885000	      3087	00000000	00000013	addi	x0,x0,0	  x0:0x00000000
       30895000	      3088	80003b84	00000013	addi	x0,x0,0	  x0:0x00000000
       30905000	      3089	80003b88	6e990f93	addi	x31,x18,1769	 x18:0x80009f48 x31=0x8000a631
       30915000	      3090	80003b8c	41c106b3	sub	x13,x2,x28	  x2:0x00000139 x28:0x24a60761 x13=0xdb59f9d8
       30925000	      3091	80003b90	a6e197b7	lui	x15,0xa6e19	 x15=0xa6e19000
       30935000	      3092	80003b94	410d5833	sra	x16,x26,x16	 x26:0x00000000 x16:0xffcd8adc x16=0x00000000
       30945000	      3093	80003b98	04c56493	ori	x9,x10,76	 x10:0x80009f49  x9=0x80009f4d
       30955000	      3094	80003b9c	01278fb3	add	x31,x15,x18	 x15:0xa6e19000 x18:0x80009f48 x31=0x26e22f48
       30965000	      3095	80003ba0	00338ab3	add	x21,x7,x3	  x7:0x00000000  x3:0x00000000 x21=0x00000000
       30975000	      3096	80003ba4	3c664513	xori	x10,x12,966	 x12:0x4d7b5000 x10=0x4d7b53c6
       30985000	      3097	80003ba8	01e77863	bgeu	x14,x30,80003bb8	 x14:0x00000000 x30:0x00000000
       30995000	      3098	00000000	00000013	addi	x0,x0,0	  x0:0x00000000
       31005000	      3099	80003bb4	00000013	addi	x0,x0,0	  x0:0x00000000
       31015000	      3100	80003bb8	9c43e737	lui	x14,0x9c43e	 x14=0x9c43e000
       31025000	      3101	80003bbc	00ee12b3	sll	x5,x28,x14	 x28:0x24a60761 x14:0x9c43e000  x5=0x24a60761
       31035000	      3102	80003bc0	02025c63	bge	x4,x0,80003bf8	  x4:0xffffffff  x0:0x00000000
       31045000	      3103	80003bc4	00db63b3	or	x7,x22,x13	 x22:0x1f43d984 x13:0xdb59f9d8  x7=0xdf5bf9dc
       31055000	      3104	80003bc8	03268863	beq	x13,x18,80003bf8	 x13:0xdb59f9d8 x18:0x80009f48
       31065000	      3105	80003bcc	40508bb3	sub	x23,x1,x5	  x1:0x027d2000  x5:0x24a60761 x23=0xddd7189f
       31075000	      3106	80003bd0	00588733	add	x14,x17,x5	 x17:0x80009fc4  x5:0x24a60761 x14=0xa4a6a725
       31085000	      3107	80003bd4	01f446b3	xor	x13,x8,x31	  x8:0x00000000 x31:0x26e22f48 x13=0x26e22f48
       31095000	      3108	80003bd8	0338d063	bge	x17,x19,80003bf8	 x17:0x80009fc4 x19:0xcf556000
       31105000	      3109	80003bdc	014c5eb3	srl	x29,x24,x20	 x24:0x00000000 x20:0x00000000 x29=0x00000000
       31115000	      3110	80003be0	00afcbb3	xor	x23,x31,x10	 x31:0x26e22f48 x10:0x4d7b53c6 x23=0x6b997c8e
       31125000	      3111	80003be4	010ffbb3	and	x23,x31,x16	 x31:0x26e22f48 x16:0x00000000 x23=0x00000000
       31135000	      3112	80003be8	ef22b613	sltiu	x12,x5,-270	  x5:0x24a60761 x12=0x00000001
       31145000	      3113	80003bec	a1adf013	andi	x0,x27,-1510	 x27:0x00013f0c
       31155000	      3114	80003bf0	4327a997	auipc	x19,0x4327a	 x19=0xc327dbec
       31165000	      3115	80003bf4	01905263	bge	x0,x25,80003bf8	  x0:0x00000000 x25:0x00000001
       31175000	      3116	80003bf8	7da3a593	slti	x11,x7,2010	  x7:0xdf5bf9dc x11=0x00000001
       31185000	      3117	80003bfc	00492203	lw	x4,4(x18)	 x18:0x80009f48  x4=0x800001a0 PA:0x80009f4c
       31195000	      3118	80003c00	410b5f93	srai	x31,x22,0x10	 x22:0x1f43d984 x31=0x00001f43
       31205000	      3119	80003c04	b0a05417	auipc	x8,0xb0a05	  x8=0x30a08c00
       31215000	      3120	80003c08	744aad13	slti	x26,x21,1860	 x21:0x00000000 x26=0x00000001
       31225000	      3121	80003c0c	03c90913	addi	x18,x18,60	 x18:0x80009f48 x18=0x80009f84
       31235000	      3122	80003c10	ec1a4b13	xori	x22,x20,-319	 x20:0x00000000 x22=0xfffffec1
       31245000	      3123	80003c14	00120c93	addi	x25,x4,1	  x4:0x800001a0 x25=0x800001a1
       31255000	      3124	80003c18	000c8ce7	jalr	x25,x25,0	 x25:0x800001a1 x25=0x80003c18
       31265000	      3125	00000000	00000013	addi	x0,x0,0	  x0:0x00000000
       31275000	      3126	800001a0	00000013	addi	x0,x0,0	  x0:0x00000000
       31285000	      3127	800001a4	00007c97	auipc	x25,0x7	 x25=0x800071a0
       31295000	      3128	800001a8	9f8c8c93	addi	x25,x25,-1544	 x25:0x800071a0 x25=0x80006b98
       31305000	      3129	800001ac	007e2c33	slt	x24,x28,x7	 x28:0x24a60761  x7:0xdf5bf9dc x24=0x00000000
       31315000	      3130	800001b0	e4dace93	xori	x29,x21,-435	 x21:0x00000000 x29=0xfffffe4d
       31325000	      3131	800001b4	0008c833	xor	x16,x17,x0	 x17:0x80009fc4  x0:0x00000000 x16=0x80009fc4
       31335000	      3132	800001b8	ede32d13	slti	x26,x6,-290	  x6:0xffff8000 x26=0x00000001
       31345000	      3133	800001bc	406d83b3	sub	x7,x27,x6	 x27:0x00013f0c  x6:0xffff8000  x7=0x0001bf0c
       31355000	      3134	800001c0	01760ab3	add	x21,x12,x23	 x12:0x00000001 x23:0x00000000 x21=0x00000001
       31365000	      3135	800001c4	40d402b3	sub	x5,x8,x13	  x8:0x30a08c00 x13:0x26e22f48  x5=0x09be5cb8
       31375000	      3136	800001c8	00a926b3	slt	x13,x18,x10	 x18:0x80009f84 x10:0x4d7b53c6 x13=0x00000001
       31385000	      3137	800001cc	229c8c93	addi	x25,x25,553	 x25:0x80006b98 x25=0x80006dc1
       31395000	      3138	800001d0	01a81463	bne	x16,x26,800001d8	 x16:0x80009fc4 x26:0x00000001
       31405000	      3139	00000000	00000013	addi	x0,x0,0	  x0:0x00000000
       31415000	      3140	800001d4	00000013	addi	x0,x0,0	  x0:0x00000000
       31425000	      3141	800001d8	dd7c8267	jalr	x4,x25,-553	 x25:0x80006dc1  x4=0x800001d8
       31435000	      3142	00000000	00000013	addi	x0,x0,0	  x0:0x00000000
       31445000	      3143	80006b98	00000013	addi	x0,x0,0	  x0:0x00000000
       31455000	      3144	80006b9c	fc090913	addi	x18,x18,-64	 x18:0x80009f84 x18=0x80009f44
       31465000	      3145	80006ba0	406adbb3	sra	x23,x21,x6	 x21:0x00000001  x6:0xffff8000 x23=0x00000001
       31475000	      3146	80006ba4	13a8f193	andi	x3,x17,314	 x17:0x80009fc4  x3=0x00000100
       31485000	      3147	80006ba8	00492223	sw	x4,4(x18)	 x18:0x80009f44  x4:0x800001d8 PA:0x80009f48
       31495000	      3148	80006bac	d4fdf117	auipc	x2,0xd4fdf	  x2=0x54fe5ba8
       31505000	      3149	80006bb0	411c5e13	srai	x28,x24,0x11	 x24:0x00000000 x28=0x00000000
       31515000	      3150	80006bb4	01f2a633	slt	x12,x5,x31	  x5:0x09be5cb8 x31:0x00001f43 x12=0x00000000
       31525000	      3151	80006bb8	01c51c33	sll	x24,x10,x28	 x10:0x4d7b53c6 x28:0x00000000 x24=0x4d7b53c6
       31535000	      3152	80006bbc	00f95e63	bge	x18,x15,80006bd8	 x18:0x80009f44 x15:0xa6e19000
       31545000	      3153	80006bc0	003d74b3	and	x9,x26,x3	 x26:0x00000001  x3:0x00000100  x9=0x00000000
       31555000	      3154	80006bc4	00cc8733	add	x14,x25,x12	 x25:0x80006dc1 x12:0x00000000 x14=0x80006dc1
       31565000	      3155	80006bc8	0b284613	xori	x12,x16,178	 x16:0x80009fc4 x12=0x80009f76
       31575000	      3156	80006bcc	00000013	addi	x0,x0,0	  x0:0x00000000
       31585000	      3157	80006bd0	00f200b3	add	x1,x4,x15	  x4:0x800001d8 x15:0xa6e19000  x1=0x26e191d8
       31595000	      3158	80006bd4	415453b3	sra	x7,x8,x21	  x8:0x30a08c00 x21:0x00000001  x7=0x18504600
       31605000	      3159	80006bd8	02184e63	blt	x16,x1,80006c14	 x16:0x80009fc4  x1:0x26e191d8
       31615000	      3160	00000000	00000013	addi	x0,x0,0	  x0:0x00000000
       31625000	      3161	80006c10	00000013	addi	x0,x0,0	  x0:0x00000000
       31635000	      3162	80006c14	011f72b3	and	x5,x30,x17	 x30:0x00000000 x17:0x80009fc4  x5=0x00000000
       31645000	      3163	80006c18	00620133	add	x2,x4,x6	  x4:0x800001d8  x6:0xffff8000  x2=0x7fff81d8
       31655000	      3164	80006c1c	0147bcb3	sltu	x25,x15,x20	 x15:0xa6e19000 x20:0x00000000 x25=0x00000000
       31665000	      3165	80006c20	096cf2b7	lui	x5,0x96cf	  x5=0x096cf000
       31675000	      3166	80006c24	04087263	bgeu	x16,x0,80006c68	 x16:0x80009fc4  x0:0x00000000
       31685000	      3167	00000000	00000013	addi	x0,x0,0	  x0:0x00000000
       31695000	      3168	80006c64	00000013	addi	x0,x0,0	  x0:0x00000000
       31705000	      3169	80006c68	eeb7c713	xori	x14,x15,-277	 x15:0xa6e19000 x14=0x591e6eeb
       31715000	      3170	80006c6c	00000013	addi	x0,x0,0	  x0:0x00000000
       31725000	      3171	80006c70	d8747fb7	lui	x31,0xd8747	 x31=0xd8747000
       31735000	      3172	80006c74	11d14613	xori	x12,x2,285	  x2:0x7fff81d8 x12=0x7fff80c5
       31745000	      3173	80006c78	00492203	lw	x4,4(x18)	 x18:0x80009f44  x4=0x800001d8 PA:0x80009f48
       31755000	      3174	80006c7c	01bb12b3	sll	x5,x22,x27	 x22:0xfffffec1 x27:0x00013f0c  x5=0xffec1000
       31765000	      3175	80006c80	04090913	addi	x18,x18,64	 x18:0x80009f44 x18=0x80009f84
       31775000	      3176	80006c84	01fac433	xor	x8,x21,x31	 x21:0x00000001 x31:0xd8747000  x8=0xd8747001
       31785000	      3177	80006c88	007813b3	sll	x7,x16,x7	 x16:0x80009fc4  x7:0x18504600  x7=0x80009fc4
       31795000	      3178	80006c8c	015ea333	slt	x6,x29,x21	 x29:0xfffffe4d x21:0x00000001  x6=0x00000001
       31805000	      3179	80006c90	004f2eb3	slt	x29,x30,x4	 x30:0x00000000  x4:0x800001d8 x29=0x00000000
       31815000	      3180	80006c94	00020d13	addi	x26,x4,0	  x4:0x800001d8 x26=0x800001d8
       31825000	      3181	80006c98	000d0d67	jalr	x26,x26,0	 x26:0x800001d8 x26=0x80006c98
       31835000	      3182	00000000	00000013	addi	x0,x0,0	  x0:0x00000000
       31845000	      3183	800001d8	00000013	addi	x0,x0,0	  x0:0x00000000
       31855000	      3184	800001dc	00008117	auipc	x2,0x8	  x2=0x800081d8
       31865000	      3185	800001e0	08510113	addi	x2,x2,133	  x2:0x800081d8  x2=0x8000825d
       31875000	      3186	800001e4	40b58f33	sub	x30,x11,x11	 x11:0x00000001 x11:0x00000001 x30=0x00000000
       31885000	      3187	800001e8	1ba10803	lb	x16,442(x2)	  x2:0x8000825d x16=0x00000000 PA:0x80008417
       31895000	      3188	800001ec	00841093	slli	x1,x8,0x8	  x8:0xd8747001  x1=0x74700100
       31905000	      3189	800001f0	00755c33	srl	x24,x10,x7	 x10:0x4d7b53c6  x7:0x80009fc4 x24=0x04d7b53c
       31915000	      3190	800001f4	01ee1313	slli	x6,x28,0x1e	 x28:0x00000000  x6=0x00000000
       31925000	      3191	800001f8	2ef50293	addi	x5,x10,751	 x10:0x4d7b53c6  x5=0x4d7b56b5
       31935000	      3192	800001fc	57a14383	lbu	x7,1402(x2)	  x2:0x8000825d  x7=0x00000000 PA:0x800087d7
       31945000	      3193	80000200	014eb6b3	sltu	x13,x29,x20	 x29:0x00000000 x20:0x00000000 x13=0x00000000
       31955000	      3194	80000204	410ed813	srai	x16,x29,0x10	 x29:0x00000000 x16=0x00000000
       31965000	      3195	80000208	00333633	sltu	x12,x6,x3	  x6:0x00000000  x3:0x00000100 x12=0x00000001
       31975000	      3196	8000020c	0043c233	xor	x4,x7,x4	  x7:0x00000000  x4:0x800001d8  x4=0x800001d8
       31985000	      3197	80000210	1c511183	lh	x3,453(x2)	  x2:0x8000825d  x3=0x00000000 PA:0x80008422
       31995000	      3198	80000214	00950b33	add	x22,x10,x9	 x10:0x4d7b53c6  x9:0x00000000 x22=0x4d7b53c6
       32005000	      3199	80000218	0b292493	slti	x9,x18,178	 x18:0x80009f84  x9=0x00000001
       32015000	      3200	8000021c	82606c93	ori	x25,x0,-2010	  x0:0x00000000 x25=0xfffff826
       32025000	      3201	80000220	355dbd13	sltiu	x26,x27,853	 x27:0x00013f0c x26=0x00000000
       32035000	      3202	80000224	28810523	sb	x8,650(x2)	  x2:0x8000825d  x8:0xd8747001 PA:0x800084e7
       32045000	      3203	80000228	37f2a313	slti	x6,x5,895	  x5:0x4d7b56b5  x6=0x00000000
       32055000	      3204	8000022c	00000013	addi	x0,x0,0	  x0:0x00000000
       32065000	      3205	80000230	8026b593	sltiu	x11,x13,-2046	 x13:0x00000000 x11=0x00000001
       32075000	      3206	80000234	22411aa3	sh	x4,565(x2)	  x2:0x8000825d  x4:0x800001d8 PA:0x80008492
       32085000	      3207	80000238	00f0a5b3	slt	x11,x1,x15	  x1:0x74700100 x15:0xa6e19000 x11=0x00000000
       32095000	      3208	8000023c	e0d11183	lh	x3,-499(x2)	  x2:0x8000825d  x3=0x00000000 PA:0x8000806a
       32105000	      3209	80000240	01b89c13	slli	x24,x17,0x1b	 x17:0x80009fc4 x24=0x20000000
       32115000	      3210	80000244	f3ed4593	xori	x11,x26,-194	 x26:0x00000000 x11=0xffffff3e
       32125000	      3211	80000248	d9cfad97	auipc	x27,0xd9cfa	 x27=0x59cfa244
       32135000	      3212	8000024c	26b118a3	sh	x11,625(x2)	  x2:0x8000825d x11:0xffffff3e PA:0x800084ce
       32145000	      3213	80000250	01145033	srl	x0,x8,x17	  x8:0xd8747001 x17:0x80009fc4
       32155000	      3214	80000254	49610383	lb	x7,1174(x2)	  x2:0x8000825d  x7=0x00000000 PA:0x800086f3
       32165000	      3215	80000258	00000013	addi	x0,x0,0	  x0:0x00000000
       32175000	      3216	8000025c	29d15603	lhu	x12,669(x2)	  x2:0x8000825d x12=0x00000000 PA:0x800084fa
       32185000	      3217	80000260	40a9d693	srai	x13,x19,0xa	 x19:0xc327dbec x13=0xfff0c9f6
       32195000	      3218	80000264	1c410b03	lb	x22,452(x2)	  x2:0x8000825d x22=0x00000000 PA:0x80008421
       32205000	      3219	80000268	01d74eb3	xor	x29,x14,x29	 x14:0x591e6eeb x29:0x00000000 x29=0x591e6eeb
       32215000	      3220	8000026c	50b10a83	lb	x21,1291(x2)	  x2:0x8000825d x21=0x00000000 PA:0x80008768
       32225000	      3221	80000270	00000013	addi	x0,x0,0	  x0:0x00000000
       32235000	      3222	80000274	418d03b3	sub	x7,x26,x24	 x26:0x00000000 x24:0x20000000  x7=0xe0000000
       32245000	      3223	80000278	e8285637	lui	x12,0xe8285	 x12=0xe8285000
       32255000	      3224	8000027c	4bb14983	lbu	x19,1211(x2)	  x2:0x8000825d x19=0x00000000 PA:0x80008718
       32265000	      3225	80000280	0181cfb3	xor	x31,x3,x24	  x3:0x00000000 x24:0x20000000 x31=0x20000000
       32275000	      3226	80000284	01035613	srli	x12,x6,0x10	  x6:0x00000000 x12=0x00000000
       32285000	      3227	80000288	bff40813	addi	x16,x8,-1025	  x8:0xd8747001 x16=0xd8746c00
       32295000	      3228	8000028c	05e8c263	blt	x17,x30,800002d0	 x17:0x80009fc4 x30:0x00000000
       32305000	      3229	00000000	00000013	addi	x0,x0,0	  x0:0x00000000
       32315000	      3230	800002cc	00000013	addi	x0,x0,0	  x0:0x00000000
       32325000	      3231	800002d0	88f12213	slti	x4,x2,-1905	  x2:0x8000825d  x4=0x00000001
       32335000	      3232	800002d4	00000a17	auipc	x20,0x0	 x20=0x800002d0
       32345000	      3233	800002d8	00ca0a13	addi	x20,x20,12	 x20:0x800002d0 x20=0x800002dc
       32355000	      3234	800002dc	000a0067	jalr	x0,x20,0	 x20:0x800002dc
       32365000	      3235	00000000	00000013	addi	x0,x0,0	  x0:0x00000000
       32375000	      3236	800002dc	00000013	addi	x0,x0,0	  x0:0x00000000
       32385000	      3237	800002e0	00100193	addi	x3,x0,1	  x0:0x00000000  x3=0x00000001
       32395000	      3238	800002e4	00000073	ecall	
       32405000	      3239	800002e8	fe890913	addi	x18,x18,-24	 x18:0x80009f84 x18=0x80009f6c
