		Time			Cycle	PC		Insn	Decoded instruction	Register and memory contents
          65000	         5	80000004	00000293	addi	x5,x0,0	  x0:0x00000000  x5=0x00000000
          75000	         6	80000008	00000313	addi	x6,x0,0	  x0:0x00000000  x6=0x00000000
          85000	         7	8000000c	00628263	beq	x5,x6,80000010	  x5:0x00000000  x6:0x00000000
          95000	         8	00000000	00000013	addi	x0,x0,0	  x0:0x00000000
         105000	         9	8000000c	00000013	addi	x0,x0,0	  x0:0x00000000
         115000	        10	80000010	00000c97	auipc	x25,0x0	 x25=0x8000000c
         125000	        11	80000014	00cc8c93	addi	x25,x25,12	 x25:0x8000000c x25=0x80000018
         135000	        12	80000018	000c8067	jalr	x0,x25,0	 x25:0x80000018
         145000	        13	00000000	00000013	addi	x0,x0,0	  x0:0x00000000
         155000	        14	80000018	00000013	addi	x0,x0,0	  x0:0x00000000
         165000	        15	8000001c	40000ab7	lui	x21,0x40000	 x21=0x40000000
         175000	        16	80000020	100a8a93	addi	x21,x21,256	 x21:0x40000000 x21=0x40000100
         185000	        17	80000024	00000013	addi	x0,x0,0	  x0:0x00000000
         195000	        18	80000028	0000a397	auipc	x7,0xa	  x7=0x8000a024
         205000	        19	8000002c	fa038393	addi	x7,x7,-96	  x7:0x8000a024  x7=0x80009fc4
         215000	        20	80000030	00007a97	auipc	x21,0x7	 x21=0x8000702c
         225000	        21	80000034	404a8a93	addi	x21,x21,1028	 x21:0x8000702c x21=0x80007430
         235000	        22	80000038	001aea93	ori	x21,x21,1	 x21:0x80007430 x21=0x80007431
         245000	        23	8000003c	00000013	addi	x0,x0,0	  x0:0x00000000
         255000	        24	80000040	00000a97	auipc	x21,0x0	 x21=0x8000003c
         265000	        25	80000044	020a8a93	addi	x21,x21,32	 x21:0x8000003c x21=0x8000005c
         275000	        26	80000048	00000013	addi	x0,x0,0	  x0:0x00000000
         285000	        27	8000004c	00000013	addi	x0,x0,0	  x0:0x00000000
         295000	        28	80000050	00002ab7	lui	x21,0x2	 x21=0x00002000
         305000	        29	80000054	800a8a93	addi	x21,x21,-2048	 x21:0x00002000 x21=0x00001800
         315000	        30	80000058	00000013	addi	x0,x0,0	  x0:0x00000000
         325000	        31	8000005c	00000013	addi	x0,x0,0	  x0:0x00000000
         335000	        32	80000060	80000037	lui	x0,0x80000	
         345000	        33	80000064	00000013	addi	x0,x0,0	  x0:0x00000000
         355000	        34	80000068	f97800b7	lui	x1,0xf9780	  x1=0xf9780000
         365000	        35	8000006c	2a908093	addi	x1,x1,681	  x1:0xf9780000  x1=0xf97802a9
         375000	        36	80000070	00000113	addi	x2,x0,0	  x0:0x00000000  x2=0x00000000
         385000	        37	80000074	00000193	addi	x3,x0,0	  x0:0x00000000  x3=0x00000000
         395000	        38	80000078	9d9cb2b7	lui	x5,0x9d9cb	  x5=0x9d9cb000
         405000	        39	8000007c	e0f28293	addi	x5,x5,-497	  x5:0x9d9cb000  x5=0x9d9cae0f
         415000	        40	80000080	00000313	addi	x6,x0,0	  x0:0x00000000  x6=0x00000000
         425000	        41	80000084	80000437	lui	x8,0x80000	  x8=0x80000000
         435000	        42	80000088	e40774b7	lui	x9,0xe4077	  x9=0xe4077000
         445000	        43	8000008c	5b548493	addi	x9,x9,1461	  x9:0xe4077000  x9=0xe40775b5
         455000	        44	80000090	00000513	addi	x10,x0,0	  x0:0x00000000 x10=0x00000000
         465000	        45	80000094	5f4025b7	lui	x11,0x5f402	 x11=0x5f402000
         475000	        46	80000098	30b58593	addi	x11,x11,779	 x11:0x5f402000 x11=0x5f40230b
         485000	        47	8000009c	00f00613	addi	x12,x0,15	  x0:0x00000000 x12=0x0000000f
         495000	        48	800000a0	800006b7	lui	x13,0x80000	 x13=0x80000000
         505000	        49	800000a4	1f343737	lui	x14,0x1f343	 x14=0x1f343000
         515000	        50	800000a8	c3770713	addi	x14,x14,-969	 x14:0x1f343000 x14=0x1f342c37
         525000	        51	800000ac	800007b7	lui	x15,0x80000	 x15=0x80000000
         535000	        52	800000b0	00000813	addi	x16,x0,0	  x0:0x00000000 x16=0x00000000
         545000	        53	800000b4	00e00893	addi	x17,x0,14	  x0:0x00000000 x17=0x0000000e
         555000	        54	800000b8	00700913	addi	x18,x0,7	  x0:0x00000000 x18=0x00000007
         565000	        55	800000bc	800009b7	lui	x19,0x80000	 x19=0x80000000
         575000	        56	800000c0	f6503a37	lui	x20,0xf6503	 x20=0xf6503000
         585000	        57	800000c4	bcda0a13	addi	x20,x20,-1075	 x20:0xf6503000 x20=0xf6502bcd
         595000	        58	800000c8	00e00a93	addi	x21,x0,14	  x0:0x00000000 x21=0x0000000e
         605000	        59	800000cc	fed85b37	lui	x22,0xfed85	 x22=0xfed85000
         615000	        60	800000d0	741b0b13	addi	x22,x22,1857	 x22:0xfed85000 x22=0xfed85741
         625000	        61	800000d4	80000bb7	lui	x23,0x80000	 x23=0x80000000
         635000	        62	800000d8	00000c13	addi	x24,x0,0	  x0:0x00000000 x24=0x00000000
         645000	        63	800000dc	2e791cb7	lui	x25,0x2e791	 x25=0x2e791000
         655000	        64	800000e0	c74c8c93	addi	x25,x25,-908	 x25:0x2e791000 x25=0x2e790c74
         665000	        65	800000e4	df8e9d37	lui	x26,0xdf8e9	 x26=0xdf8e9000
         675000	        66	800000e8	2f8d0d13	addi	x26,x26,760	 x26:0xdf8e9000 x26=0xdf8e92f8
         685000	        67	800000ec	80000db7	lui	x27,0x80000	 x27=0x80000000
         695000	        68	800000f0	90365e37	lui	x28,0x90365	 x28=0x90365000
         705000	        69	800000f4	6dde0e13	addi	x28,x28,1757	 x28:0x90365000 x28=0x903656dd
         715000	        70	800000f8	00000e93	addi	x29,x0,0	  x0:0x00000000 x29=0x00000000
         725000	        71	800000fc	fd6e2f37	lui	x30,0xfd6e2	 x30=0xfd6e2000
         735000	        72	80000100	634f0f13	addi	x30,x30,1588	 x30:0xfd6e2000 x30=0xfd6e2634
         745000	        73	80000104	ffe2afb7	lui	x31,0xffe2a	 x31=0xffe2a000
         755000	        74	80000108	977f8f93	addi	x31,x31,-1673	 x31:0xffe2a000 x31=0xffe29977
         765000	        75	8000010c	0000a217	auipc	x4,0xa	  x4=0x8000a108
         775000	        76	80000110	e7c20213	addi	x4,x4,-388	  x4:0x8000a108  x4=0x80009f84
         785000	        77	80000114	502f3a93	sltiu	x21,x30,1282	 x30:0xfd6e2634 x21=0x00000000
         795000	        78	80000118	00006797	auipc	x15,0x6	 x15=0x80006114
         805000	        79	8000011c	84c78793	addi	x15,x15,-1972	 x15:0x80006114 x15=0x80005960
         815000	        80	80000120	faf78793	addi	x15,x15,-81	 x15:0x80005960 x15=0x8000590f
         825000	        81	80000124	9c41ae93	slti	x29,x3,-1596	  x3:0x00000000 x29=0x00000000
         835000	        82	80000128	00fc6333	or	x6,x24,x15	 x24:0x00000000 x15:0x8000590f  x6=0x8000590f
         845000	        83	8000012c	010285b3	add	x11,x5,x16	  x5:0x9d9cae0f x16:0x00000000 x11=0x9d9cae0f
         855000	        84	80000130	01d5c463	blt	x11,x29,80000138	 x11:0x9d9cae0f x29:0x00000000
         865000	        85	00000000	00000013	addi	x0,x0,0	  x0:0x00000000
         875000	        86	80000134	00000013	addi	x0,x0,0	  x0:0x00000000
         885000	        87	80000138	05178367	jalr	x6,x15,81	 x15:0x8000590f  x6=0x80000138
         895000	        88	00000000	00000013	addi	x0,x0,0	  x0:0x00000000
         905000	        89	80005960	00000013	addi	x0,x0,0	  x0:0x00000000
         915000	        90	80005964	40c8d913	srai	x18,x17,0xc	 x17:0x0000000e x18=0x00000000
         925000	        91	80005968	010f5d93	srli	x27,x30,0x10	 x30:0xfd6e2634 x27=0x0000fd6e
         935000	        92	8000596c	015b4463	blt	x22,x21,80005974	 x22:0xfed85741 x21:0x00000000
         945000	        93	00000000	00000013	addi	x0,x0,0	  x0:0x00000000
         955000	        94	80005970	00000013	addi	x0,x0,0	  x0:0x00000000
         965000	        95	80005974	ff820213	addi	x4,x4,-8	  x4:0x80009f84  x4=0x80009f7c
         975000	        96	80005978	7f353713	sltiu	x14,x10,2035	 x10:0x00000000 x14=0x00000001
         985000	        97	8000597c	00622223	sw	x6,4(x4)	  x4:0x80009f7c  x6:0x80000138 PA:0x80009f80
         995000	        98	80005980	f0123037	lui	x0,0xf0123	
        1005000	        99	80005984	01f9be33	sltu	x28,x19,x31	 x19:0x80000000 x31:0xffe29977 x28=0x00000001
        1015000	       100	80005988	4a496537	lui	x10,0x4a496	 x10=0x4a496000
        1025000	       101	8000598c	00071e63	bne	x14,x0,800059a8	 x14:0x00000001  x0:0x00000000
        1035000	       102	00000000	00000013	addi	x0,x0,0	  x0:0x00000000
        1045000	       103	800059a4	00000013	addi	x0,x0,0	  x0:0x00000000
        1055000	       104	800059a8	ba9fa36f	jal	x6,800059a8	  x6=0x800059a8
        1065000	       105	00000000	00000013	addi	x0,x0,0	  x0:0x00000000
        1075000	       106	8000054c	00000013	addi	x0,x0,0	  x0:0x00000000
        1085000	       107	80000550	01f64533	xor	x10,x12,x31	 x12:0x0000000f x31:0xffe29977 x10=0xffe29978
        1095000	       108	80000554	016a6b33	or	x22,x20,x22	 x20:0xf6502bcd x22:0xfed85741 x22=0xfed87fcd
        1105000	       109	80000558	d486af93	slti	x31,x13,-696	 x13:0x80000000 x31=0x00000001
        1115000	       110	8000055c	fdc20213	addi	x4,x4,-36	  x4:0x80009f7c  x4=0x80009f58
        1125000	       111	80000560	00622223	sw	x6,4(x4)	  x4:0x80009f58  x6:0x800059a8 PA:0x80009f5c
        1135000	       112	80000564	68d50117	auipc	x2,0x68d50	  x2=0xe8d50560
        1145000	       113	80000568	00e69613	slli	x12,x13,0xe	 x13:0x80000000 x12=0x00000000
        1155000	       114	8000056c	00005897	auipc	x17,0x5	 x17=0x80005568
        1165000	       115	80000570	62488893	addi	x17,x17,1572	 x17:0x80005568 x17=0x80005b8c
        1175000	       116	80000574	0bf88893	addi	x17,x17,191	 x17:0x80005b8c x17=0x80005c4b
        1185000	       117	80000578	bac20413	addi	x8,x4,-1108	  x4:0x80009f58  x8=0x80009b04
        1195000	       118	8000057c	011b6863	bltu	x22,x17,8000058c	 x22:0xfed87fcd x17:0x80005c4b
        1205000	       119	80000580	85510813	addi	x16,x2,-1963	  x2:0xe8d50560 x16=0xe8d4fdb5
        1215000	       120	80000584	400a5e33	sra	x28,x20,x0	 x20:0xf6502bcd  x0:0x00000000 x28=0xf6502bcd
        1225000	       121	80000588	9a10fc17	auipc	x24,0x9a10f	 x24=0x1a10f584
        1235000	       122	8000058c	f4188367	jalr	x6,x17,-191	 x17:0x80005c4b  x6=0x8000058c
        1245000	       123	00000000	00000013	addi	x0,x0,0	  x0:0x00000000
        1255000	       124	80005b8c	00000013	addi	x0,x0,0	  x0:0x00000000
        1265000	       125	80005b90	40fedeb3	sra	x29,x29,x15	 x29:0x00000000 x15:0x8000590f x29=0x00000000
        1275000	       126	80005b94	0083a0b3	slt	x1,x7,x8	  x7:0x80009fc4  x8:0x80009b04  x1=0x00000000
        1285000	       127	80005b98	fdc20213	addi	x4,x4,-36	  x4:0x80009f58  x4=0x80009f34
        1295000	       128	80005b9c	4108db13	srai	x22,x17,0x10	 x17:0x80005c4b x22=0xffff8000
        1305000	       129	80005ba0	fd03b713	sltiu	x14,x7,-48	  x7:0x80009fc4 x14=0x00000001
        1315000	       130	80005ba4	139be993	ori	x19,x23,313	 x23:0x80000000 x19=0x80000139
        1325000	       131	80005ba8	e7576f93	ori	x31,x14,-395	 x14:0x00000001 x31=0xfffffe75
        1335000	       132	80005bac	00f69113	slli	x2,x13,0xf	 x13:0x80000000  x2=0x00000000
        1345000	       133	80005bb0	de0cbc13	sltiu	x24,x25,-544	 x25:0x2e790c74 x24=0x00000001
        1355000	       134	80005bb4	00622223	sw	x6,4(x4)	  x4:0x80009f34  x6:0x8000058c PA:0x80009f38
        1365000	       135	80005bb8	00085c13	srli	x24,x16,0x0	 x16:0xe8d4fdb5 x24=0xe8d4fdb5
        1375000	       136	80005bbc	00591f93	slli	x31,x18,0x5	 x18:0x00000000 x31=0x00000000
        1385000	       137	80005bc0	ed2de813	ori	x16,x27,-302	 x27:0x0000fd6e x16=0xfffffffe
        1395000	       138	80005bc4	41015db3	sra	x27,x2,x16	  x2:0x00000000 x16:0xfffffffe x27=0x00000000
        1405000	       139	80005bc8	006f9c63	bne	x31,x6,80005be0	 x31:0x00000000  x6:0x8000058c
        1415000	       140	00000000	00000013	addi	x0,x0,0	  x0:0x00000000
        1425000	       141	80005bdc	00000013	addi	x0,x0,0	  x0:0x00000000
        1435000	       142	80005be0	00675863	bge	x14,x6,80005bf0	 x14:0x00000001  x6:0x8000058c
        1445000	       143	00000000	00000013	addi	x0,x0,0	  x0:0x00000000
        1455000	       144	80005bec	00000013	addi	x0,x0,0	  x0:0x00000000
        1465000	       145	80005bf0	e7eff893	andi	x17,x31,-386	 x31:0x00000000 x17=0x00000000
        1475000	       146	80005bf4	00701b93	slli	x23,x0,0x7	  x0:0x00000000 x23=0x00000000
        1485000	       147	80005bf8	bf5caf13	slti	x30,x25,-1035	 x25:0x2e790c74 x30=0x00000000
        1495000	       148	80005bfc	41f0d6b3	sra	x13,x1,x31	  x1:0x00000000 x31:0x00000000 x13=0x00000000
        1505000	       149	80005c00	01649913	slli	x18,x9,0x16	  x9:0xe40775b5 x18=0x6d400000
        1515000	       150	80005c04	41e05293	srai	x5,x0,0x1e	  x0:0x00000000  x5=0x00000000
        1525000	       151	80005c08	00000013	addi	x0,x0,0	  x0:0x00000000
        1535000	       152	80005c0c	25f37c13	andi	x24,x6,607	  x6:0x8000058c x24=0x0000000c
        1545000	       153	80005c10	b87f4013	xori	x0,x30,-1145	 x30:0x00000000
        1555000	       154	80005c14	03ba5663	bge	x20,x27,80005c40	 x20:0xf6502bcd x27:0x00000000
        1565000	       155	80005c18	00c91b33	sll	x22,x18,x12	 x18:0x6d400000 x12:0x00000000 x22=0x6d400000
        1575000	       156	80005c1c	00d4a8b3	slt	x17,x9,x13	  x9:0xe40775b5 x13:0x00000000 x17=0x00000001
        1585000	       157	80005c20	8bd8e013	ori	x0,x17,-1859	 x17:0x00000001
        1595000	       158	80005c24	1025be93	sltiu	x29,x11,258	 x11:0x9d9cae0f x29=0x00000000
        1605000	       159	80005c28	01fad793	srli	x15,x21,0x1f	 x21:0x00000000 x15=0x00000000
        1615000	       160	80005c2c	8c31eeb7	lui	x29,0x8c31e	 x29=0x8c31e000
        1625000	       161	80005c30	37ea0093	addi	x1,x20,894	 x20:0xf6502bcd  x1=0xf6502f4b
        1635000	       162	80005c34	05c6d263	bge	x13,x28,80005c78	 x13:0x00000000 x28:0xf6502bcd
        1645000	       163	00000000	00000013	addi	x0,x0,0	  x0:0x00000000
        1655000	       164	80005c74	00000013	addi	x0,x0,0	  x0:0x00000000
        1665000	       165	80005c78	00fc5013	srli	x0,x24,0xf	 x24:0x0000000c
        1675000	       166	80005c7c	018ebeb3	sltu	x29,x29,x24	 x29:0x8c31e000 x24:0x0000000c x29=0x00000000
        1685000	       167	80005c80	2c9d8e17	auipc	x28,0x2c9d8	 x28=0xac9ddc7c
        1695000	       168	80005c84	00422303	lw	x6,4(x4)	  x4:0x80009f34  x6=0x8000058c PA:0x80009f38
        1705000	       169	80005c88	018bfab3	and	x21,x23,x24	 x23:0x00000000 x24:0x0000000c x21=0x00000000
        1715000	       170	80005c8c	16ef4793	xori	x15,x30,366	 x30:0x00000000 x15=0x0000016e
        1725000	       171	80005c90	02420213	addi	x4,x4,36	  x4:0x80009f34  x4=0x80009f58
        1735000	       172	80005c94	41a602b3	sub	x5,x12,x26	 x12:0x00000000 x26:0xdf8e92f8  x5=0x20716d08
        1745000	       173	80005c98	01981513	slli	x10,x16,0x19	 x16:0xfffffffe x10=0xfc000000
        1755000	       174	80005c9c	047a2f93	slti	x31,x20,71	 x20:0xf6502bcd x31=0x00000001
        1765000	       175	80005ca0	0083ba33	sltu	x20,x7,x8	  x7:0x80009fc4  x8:0x80009b04 x20=0x00000000
        1775000	       176	80005ca4	1709f737	lui	x14,0x1709f	 x14=0x1709f000
        1785000	       177	80005ca8	00130c13	addi	x24,x6,1	  x6:0x8000058c x24=0x8000058d
        1795000	       178	80005cac	000c0c67	jalr	x24,x24,0	 x24:0x8000058d x24=0x80005cac
        1805000	       179	00000000	00000013	addi	x0,x0,0	  x0:0x00000000
        1815000	       180	8000058c	00000013	addi	x0,x0,0	  x0:0x00000000
        1825000	       181	80000590	00008317	auipc	x6,0x8	  x6=0x8000858c
        1835000	       182	80000594	49130313	addi	x6,x6,1169	  x6:0x8000858c  x6=0x80008a1d
        1845000	       183	80000598	fdb32c03	lw	x24,-37(x6)	  x6:0x80008a1d x24=0x593a281d PA:0x800089f8
        1855000	       184	8000059c	00131103	lh	x2,1(x6)	  x6:0x80008a1d  x2=0xffff9064 PA:0x80008a1e
        1865000	       185	800005a0	02b35603	lhu	x12,43(x6)	  x6:0x80008a1d x12=0x0000f3c8 PA:0x80008a48
        1875000	       186	800005a4	00789e13	slli	x28,x17,0x7	 x17:0x00000001 x28=0x00000080
        1885000	       187	800005a8	fc7ab997	auipc	x19,0xfc7ab	 x19=0x7c7ab5a4
        1895000	       188	800005ac	01f41a93	slli	x21,x8,0x1f	  x8:0x80009b04 x21=0x00000000
        1905000	       189	800005b0	0166ddb3	srl	x27,x13,x22	 x13:0x00000000 x22:0x6d400000 x27=0x00000000
        1915000	       190	800005b4	02234583	lbu	x11,34(x6)	  x6:0x80008a1d x11=0x000000b7 PA:0x80008a3f
        1925000	       191	800005b8	01260e33	add	x28,x12,x18	 x12:0x0000f3c8 x18:0x6d400000 x28=0x6d40f3c8
        1935000	       192	800005bc	fed34503	lbu	x10,-19(x6)	  x6:0x80008a1d x10=0x00000040 PA:0x80008a0a
        1945000	       193	800005c0	02731503	lh	x10,39(x6)	  x6:0x80008a1d x10=0xffffb6d3 PA:0x80008a44
        1955000	       194	800005c4	fe3308a3	sb	x3,-15(x6)	  x6:0x80008a1d  x3:0x00000000 PA:0x80008a0e
        1965000	       195	800005c8	856b0013	addi	x0,x22,-1962	 x22:0x6d400000
        1975000	       196	800005cc	03135183	lhu	x3,49(x6)	  x6:0x80008a1d  x3=0x00002ac8 PA:0x80008a4e
        1985000	       197	800005d0	e9e8c893	xori	x17,x17,-354	 x17:0x00000001 x17=0xfffffe9f
        1995000	       198	800005d4	40550db3	sub	x27,x10,x5	 x10:0xffffb6d3  x5:0x20716d08 x27=0xdf8e49cb
        2005000	       199	800005d8	fc530723	sb	x5,-50(x6)	  x6:0x80008a1d  x5:0x20716d08 PA:0x800089eb
        2015000	       200	800005dc	fe230d03	lb	x26,-30(x6)	  x6:0x80008a1d x26=0x0000001c PA:0x800089ff
        2025000	       201	800005e0	ff734f83	lbu	x31,-9(x6)	  x6:0x80008a1d x31=0x000000c3 PA:0x80008a14
        2035000	       202	800005e4	fd131b03	lh	x22,-47(x6)	  x6:0x80008a1d x22=0xffff9e0c PA:0x800089ee
        2045000	       203	800005e8	022306a3	sb	x2,45(x6)	  x6:0x80008a1d  x2:0xffff9064 PA:0x80008a4a
        2055000	       204	800005ec	015289b3	add	x19,x5,x21	  x5:0x20716d08 x21:0x00000000 x19=0x20716d08
        2065000	       205	800005f0	b11c4c13	xori	x24,x24,-1263	 x24:0x593a281d x24=0xa6c5d30c
        2075000	       206	800005f4	fc75b193	sltiu	x3,x11,-57	 x11:0x000000b7  x3=0x00000001
        2085000	       207	800005f8	01f31f03	lh	x30,31(x6)	  x6:0x80008a1d x30=0x000018e3 PA:0x80008a3c
        2095000	       208	800005fc	00000013	addi	x0,x0,0	  x0:0x00000000
        2105000	       209	80000600	03134083	lbu	x1,49(x6)	  x6:0x80008a1d  x1=0x000000c8 PA:0x80008a4e
        2115000	       210	80000604	fce30c03	lb	x24,-50(x6)	  x6:0x80008a1d x24=0x00000008 PA:0x800089eb
        2125000	       211	80000608	fe131aa3	sh	x1,-11(x6)	  x6:0x80008a1d  x1:0x000000c8 PA:0x80008a12
        2135000	       212	8000060c	40f556b3	sra	x13,x10,x15	 x10:0xffffb6d3 x15:0x0000016e x13=0xfffffffe
        2145000	       213	80000610	858b8c13	addi	x24,x23,-1960	 x23:0x00000000 x24=0xfffff858
        2155000	       214	80000614	04f506b7	lui	x13,0x4f50	 x13=0x04f50000
        2165000	       215	80000618	02a34183	lbu	x3,42(x6)	  x6:0x80008a1d  x3=0x000000ea PA:0x80008a47
        2175000	       216	8000061c	008768b3	or	x17,x14,x8	 x14:0x1709f000  x8:0x80009b04 x17=0x9709fb04
        2185000	       217	80000620	019267b3	or	x15,x4,x25	  x4:0x80009f58 x25:0x2e790c74 x15=0xae799f7c
        2195000	       218	80000624	0080f1b3	and	x3,x1,x8	  x1:0x000000c8  x8:0x80009b04  x3=0x00000000
        2205000	       219	80000628	01e62bb3	slt	x23,x12,x30	 x12:0x0000f3c8 x30:0x000018e3 x23=0x00000000
        2215000	       220	8000062c	99604893	xori	x17,x0,-1642	  x0:0x00000000 x17=0xfffff996
        2225000	       221	80000630	00338eb3	add	x29,x7,x3	  x7:0x80009fc4  x3:0x00000000 x29=0x80009fc4
        2235000	       222	80000634	00000013	addi	x0,x0,0	  x0:0x00000000
        2245000	       223	80000638	9d814d13	xori	x26,x2,-1576	  x2:0xffff9064 x26=0x000069bc
        2255000	       224	8000063c	02460063	beq	x12,x4,8000065c	 x12:0x0000f3c8  x4:0x80009f58
        2265000	       225	80000640	06068663	beq	x13,x0,800006ac	 x13:0x04f50000  x0:0x00000000
        2275000	       226	80000644	000534b3	sltu	x9,x10,x0	 x10:0xffffb6d3  x0:0x00000000  x9=0x00000000
        2285000	       227	80000648	00000013	addi	x0,x0,0	  x0:0x00000000
        2295000	       228	8000064c	0019d693	srli	x13,x19,0x1	 x19:0x20716d08 x13=0x1038b684
        2305000	       229	80000650	01c83533	sltu	x10,x16,x28	 x16:0xfffffffe x28:0x6d40f3c8 x10=0x00000000
        2315000	       230	80000654	00f85433	srl	x8,x16,x15	 x16:0xfffffffe x15:0xae799f7c  x8=0x0000000f
        2325000	       231	80000658	014c4733	xor	x14,x24,x20	 x24:0xfffff858 x20:0x00000000 x14=0xfffff858
        2335000	       232	8000065c	3400b713	sltiu	x14,x1,832	  x1:0x000000c8 x14=0x00000001
        2345000	       233	80000660	410f8b33	sub	x22,x31,x16	 x31:0x000000c3 x16:0xfffffffe x22=0x000000c5
        2355000	       234	80000664	012602b3	add	x5,x12,x18	 x12:0x0000f3c8 x18:0x6d400000  x5=0x6d40f3c8
        2365000	       235	80000668	05be1663	bne	x28,x27,800006b4	 x28:0x6d40f3c8 x27:0xdf8e49cb
        2375000	       236	00000000	00000013	addi	x0,x0,0	  x0:0x00000000
        2385000	       237	800006b0	00000013	addi	x0,x0,0	  x0:0x00000000
        2395000	       238	800006b4	00fc0ab3	add	x21,x24,x15	 x24:0xfffff858 x15:0xae799f7c x21=0xae7997d4
        2405000	       239	800006b8	00506833	or	x16,x0,x5	  x0:0x00000000  x5:0x6d40f3c8 x16=0x6d40f3c8
        2415000	       240	800006bc	00a29d33	sll	x26,x5,x10	  x5:0x6d40f3c8 x10:0x00000000 x26=0x6d40f3c8
        2425000	       241	800006c0	406ed933	sra	x18,x29,x6	 x29:0x80009fc4  x6:0x80008a1d x18=0xfffffffc
        2435000	       242	800006c4	00000013	addi	x0,x0,0	  x0:0x00000000
        2445000	       243	800006c8	01eeb833	sltu	x16,x29,x30	 x29:0x80009fc4 x30:0x000018e3 x16=0x00000000
        2455000	       244	800006cc	01916333	or	x6,x2,x25	  x2:0xffff9064 x25:0x2e790c74  x6=0xffff9c74
        2465000	       245	800006d0	0026d113	srli	x2,x13,0x2	 x13:0x1038b684  x2=0x040e2da1
        2475000	       246	800006d4	03d41463	bne	x8,x29,800006fc	  x8:0x0000000f x29:0x80009fc4
        2485000	       247	00000000	00000013	addi	x0,x0,0	  x0:0x00000000
        2495000	       248	800006f8	00000013	addi	x0,x0,0	  x0:0x00000000
        2505000	       249	800006fc	00000013	addi	x0,x0,0	  x0:0x00000000
        2515000	       250	80000700	88e46b13	ori	x22,x8,-1906	  x8:0x0000000f x22=0xfffff88f
        2525000	       251	80000704	467f7193	andi	x3,x30,1127	 x30:0x000018e3  x3=0x00000063
        2535000	       252	80000708	ea1d2693	slti	x13,x26,-351	 x26:0x6d40f3c8 x13=0x00000000
        2545000	       253	8000070c	02ffdc63	bge	x31,x15,80000744	 x31:0x000000c3 x15:0xae799f7c
        2555000	       254	00000000	00000013	addi	x0,x0,0	  x0:0x00000000
        2565000	       255	80000740	00000013	addi	x0,x0,0	  x0:0x00000000
        2575000	       256	80000744	2c089a37	lui	x20,0x2c089	 x20=0x2c089000
        2585000	       257	80000748	05fe4463	blt	x28,x31,80000790	 x28:0x6d40f3c8 x31:0x000000c3
        2595000	       258	8000074c	00c602b3	add	x5,x12,x12	 x12:0x0000f3c8 x12:0x0000f3c8  x5=0x0001e790
        2605000	       259	80000750	0164c6b3	xor	x13,x9,x22	  x9:0x00000000 x22:0xfffff88f x13=0xfffff88f
        2615000	       260	80000754	445b4093	xori	x1,x22,1093	 x22:0xfffff88f  x1=0xfffffcca
        2625000	       261	80000758	045c9263	bne	x25,x5,8000079c	 x25:0x2e790c74  x5:0x0001e790
        2635000	       262	00000000	00000013	addi	x0,x0,0	  x0:0x00000000
        2645000	       263	80000798	00000013	addi	x0,x0,0	  x0:0x00000000
        2655000	       264	8000079c	011dca63	blt	x27,x17,800007b0	 x27:0xdf8e49cb x17:0xfffff996
        2665000	       265	00000000	00000013	addi	x0,x0,0	  x0:0x00000000
        2675000	       266	800007ac	00000013	addi	x0,x0,0	  x0:0x00000000
        2685000	       267	800007b0	00000013	addi	x0,x0,0	  x0:0x00000000
        2695000	       268	800007b4	01155333	srl	x6,x10,x17	 x10:0x00000000 x17:0xfffff996  x6=0x00000000
        2705000	       269	800007b8	001298b3	sll	x17,x5,x1	  x5:0x0001e790  x1:0xfffffcca x17=0x079e4000
        2715000	       270	800007bc	00000013	addi	x0,x0,0	  x0:0x00000000
        2725000	       271	800007c0	0840e263	bltu	x1,x4,80000844	  x1:0xfffffcca  x4:0x80009f58
        2735000	       272	800007c4	03d0ce63	blt	x1,x29,80000800	  x1:0xfffffcca x29:0x80009fc4
        2745000	       273	800007c8	0156b933	sltu	x18,x13,x21	 x13:0xfffff88f x21:0xae7997d4 x18=0x00000000
        2755000	       274	800007cc	0322e263	bltu	x5,x18,800007f0	  x5:0x0001e790 x18:0x00000000
        2765000	       275	800007d0	00fc3533	sltu	x10,x24,x15	 x24:0xfffff858 x15:0xae799f7c x10=0x00000000
        2775000	       276	800007d4	e7c5ae13	slti	x28,x11,-388	 x11:0x000000b7 x28=0x00000000
        2785000	       277	800007d8	fb96a513	slti	x10,x13,-71	 x13:0xfffff88f x10=0x00000001
        2795000	       278	800007dc	00759f33	sll	x30,x11,x7	 x11:0x000000b7  x7:0x80009fc4 x30=0x00000b70
        2805000	       279	800007e0	1456d663	bge	x13,x5,8000092c	 x13:0xfffff88f  x5:0x0001e790
        2815000	       280	800007e4	070d0463	beq	x26,x16,8000084c	 x26:0x6d40f3c8 x16:0x00000000
        2825000	       281	800007e8	018a16b3	sll	x13,x20,x24	 x20:0x2c089000 x24:0xfffff858 x13=0x00000000
        2835000	       282	800007ec	292b8093	addi	x1,x23,658	 x23:0x00000000  x1=0x00000292
        2845000	       283	800007f0	01dce5b3	or	x11,x25,x29	 x25:0x2e790c74 x29:0x80009fc4 x11=0xae799ff4
        2855000	       284	800007f4	000f1463	bne	x30,x0,800007fc	 x30:0x00000b70  x0:0x00000000
        2865000	       285	00000000	00000013	addi	x0,x0,0	  x0:0x00000000
        2875000	       286	800007f8	00000013	addi	x0,x0,0	  x0:0x00000000
        2885000	       287	800007fc	158db0b7	lui	x1,0x158db	  x1=0x158db000
        2895000	       288	80000800	0139ad33	slt	x26,x19,x19	 x19:0x20716d08 x19:0x20716d08 x26=0x00000000
        2905000	       289	80000804	00000117	auipc	x2,0x0	  x2=0x80000800
        2915000	       290	80000808	b6410113	addi	x2,x2,-1180	  x2:0x80000800  x2=0x80000364
        2925000	       291	8000080c	017fc9b3	xor	x19,x31,x23	 x31:0x000000c3 x23:0x00000000 x19=0x000000c3
        2935000	       292	80000810	014cd7b3	srl	x15,x25,x20	 x25:0x2e790c74 x20:0x2c089000 x15=0x2e790c74
        2945000	       293	80000814	412a8bb3	sub	x23,x21,x18	 x21:0xae7997d4 x18:0x00000000 x23=0xae7997d4
        2955000	       294	80000818	40b3d193	srai	x3,x7,0xb	  x7:0x80009fc4  x3=0xfff00013
        2965000	       295	8000081c	00f4e633	or	x12,x9,x15	  x9:0x00000000 x15:0x2e790c74 x12=0x2e790c74
        2975000	       296	80000820	eb110113	addi	x2,x2,-335	  x2:0x80000364  x2=0x80000215
        2985000	       297	80000824	01bb74b3	and	x9,x22,x27	 x22:0xfffff88f x27:0xdf8e49cb  x9=0xdf8e488b
        2995000	       298	80000828	01dd9863	bne	x27,x29,80000838	 x27:0xdf8e49cb x29:0x80009fc4
        3005000	       299	00000000	00000013	addi	x0,x0,0	  x0:0x00000000
        3015000	       300	80000834	00000013	addi	x0,x0,0	  x0:0x00000000
        3025000	       301	80000838	14f10367	jalr	x6,x2,335	  x2:0x80000215  x6=0x80000838
        3035000	       302	00000000	00000013	addi	x0,x0,0	  x0:0x00000000
        3045000	       303	80000364	00000013	addi	x0,x0,0	  x0:0x00000000
        3055000	       304	80000368	fe820213	addi	x4,x4,-24	  x4:0x80009f58  x4=0x80009f40
        3065000	       305	8000036c	01441a93	slli	x21,x8,0x14	  x8:0x0000000f x21=0x00f00000
        3075000	       306	80000370	00622223	sw	x6,4(x4)	  x4:0x80009f40  x6:0x80000838 PA:0x80009f44
        3085000	       307	80000374	8f120413	addi	x8,x4,-1807	  x4:0x80009f40  x8=0x80009831
        3095000	       308	80000378	00000013	addi	x0,x0,0	  x0:0x00000000
        3105000	       309	8000037c	018fca63	blt	x31,x24,80000390	 x31:0x000000c3 x24:0xfffff858
        3115000	       310	80000380	007d7833	and	x16,x26,x7	 x26:0x00000000  x7:0x80009fc4 x16=0x00000000
        3125000	       311	80000384	aa39a693	slti	x13,x19,-1373	 x19:0x000000c3 x13=0x00000000
        3135000	       312	80000388	01238e33	add	x28,x7,x18	  x7:0x80009fc4 x18:0x00000000 x28=0x80009fc4
        3145000	       313	8000038c	017c1033	sll	x0,x24,x23	 x24:0xfffff858 x23:0xae7997d4
        3155000	       314	80000390	01eb00b3	add	x1,x22,x30	 x22:0xfffff88f x30:0x00000b70  x1=0x000003ff
        3165000	       315	80000394	027a9463	bne	x21,x7,800003bc	 x21:0x00f00000  x7:0x80009fc4
        3175000	       316	00000000	00000013	addi	x0,x0,0	  x0:0x00000000
        3185000	       317	800003b8	00000013	addi	x0,x0,0	  x0:0x00000000
        3195000	       318	800003bc	0442f063	bgeu	x5,x4,800003fc	  x5:0x0001e790  x4:0x80009f40
        3205000	       319	800003c0	006cfdb3	and	x27,x25,x6	 x25:0x2e790c74  x6:0x80000838 x27=0x00000830
        3215000	       320	800003c4	05f58063	beq	x11,x31,80000404	 x11:0xae799ff4 x31:0x000000c3
        3225000	       321	800003c8	01f1f133	and	x2,x3,x31	  x3:0xfff00013 x31:0x000000c3  x2=0x00000003
        3235000	       322	800003cc	01c5d263	bge	x11,x28,800003d0	 x11:0xae799ff4 x28:0x80009fc4
        3245000	       323	00000000	00000013	addi	x0,x0,0	  x0:0x00000000
        3255000	       324	800003cc	00000013	addi	x0,x0,0	  x0:0x00000000
        3265000	       325	800003d0	00000013	addi	x0,x0,0	  x0:0x00000000
        3275000	       326	800003d4	40975b33	sra	x22,x14,x9	 x14:0x00000001  x9:0xdf8e488b x22=0x00000000
        3285000	       327	800003d8	00000013	addi	x0,x0,0	  x0:0x00000000
        3295000	       328	800003dc	00dab0b3	sltu	x1,x21,x13	 x21:0x00f00000 x13:0x00000000  x1=0x00000000
        3305000	       329	800003e0	4043d2b3	sra	x5,x7,x4	  x7:0x80009fc4  x4:0x80009f40  x5=0x80009fc4
        3315000	       330	800003e4	751d4013	xori	x0,x26,1873	 x26:0x00000000
        3325000	       331	800003e8	401c0d33	sub	x26,x24,x1	 x24:0xfffff858  x1:0x00000000 x26=0xfffff858
        3335000	       332	800003ec	017bf533	and	x10,x23,x23	 x23:0xae7997d4 x23:0xae7997d4 x10=0xae7997d4
        3345000	       333	800003f0	414bd193	srai	x3,x23,0x14	 x23:0xae7997d4  x3=0xfffffae7
        3355000	       334	800003f4	bb2c6693	ori	x13,x24,-1102	 x24:0xfffff858 x13=0xfffffbfa
        3365000	       335	800003f8	0594e863	bltu	x9,x25,80000448	  x9:0xdf8e488b x25:0x2e790c74
        3375000	       336	800003fc	00bcc6b3	xor	x13,x25,x11	 x25:0x2e790c74 x11:0xae799ff4 x13=0x80009380
        3385000	       337	80000400	00c59a33	sll	x20,x11,x12	 x11:0xae799ff4 x12:0x2e790c74 x20=0xff400000
        3395000	       338	80000404	6a177913	andi	x18,x14,1697	 x14:0x00000001 x18=0x00000001
        3405000	       339	80000408	009d4b33	xor	x22,x26,x9	 x26:0xfffff858  x9:0xdf8e488b x22=0x2071b0d3
        3415000	       340	8000040c	2ce8b113	sltiu	x2,x17,718	 x17:0x079e4000  x2=0x00000000
        3425000	       341	80000410	b5c8a713	slti	x14,x17,-1188	 x17:0x079e4000 x14=0x00000000
        3435000	       342	80000414	013810b3	sll	x1,x16,x19	 x16:0x00000000 x19:0x000000c3  x1=0x00000000
        3445000	       343	80000418	05799863	bne	x19,x23,80000468	 x19:0x000000c3 x23:0xae7997d4
        3455000	       344	00000000	00000013	addi	x0,x0,0	  x0:0x00000000
        3465000	       345	80000464	00000013	addi	x0,x0,0	  x0:0x00000000
        3475000	       346	80000468	015778b3	and	x17,x14,x21	 x14:0x00000000 x21:0x00f00000 x17=0x00000000
        3485000	       347	8000046c	6bab7293	andi	x5,x22,1722	 x22:0x2071b0d3  x5=0x00000092
        3495000	       348	80000470	7df18b17	auipc	x22,0x7df18	 x22=0xfdf1846c
        3505000	       349	80000474	39930493	addi	x9,x6,921	  x6:0x80000838  x9=0x80000bd1
        3515000	       350	80000478	00000013	addi	x0,x0,0	  x0:0x00000000
        3525000	       351	8000047c	2b21ec13	ori	x24,x3,690	  x3:0xfffffae7 x24=0xfffffaf7
        3535000	       352	80000480	01a564b3	or	x9,x10,x26	 x10:0xae7997d4 x26:0xfffff858  x9=0xffffffdc
        3545000	       353	80000484	01cd1b33	sll	x22,x26,x28	 x26:0xfffff858 x28:0x80009fc4 x22=0xffff8580
        3555000	       354	80000488	00000013	addi	x0,x0,0	  x0:0x00000000
        3565000	       355	8000048c	012dd863	bge	x27,x18,8000049c	 x27:0x00000830 x18:0x00000001
        3575000	       356	00000000	00000013	addi	x0,x0,0	  x0:0x00000000
        3585000	       357	80000498	00000013	addi	x0,x0,0	  x0:0x00000000
        3595000	       358	8000049c	01f18a33	add	x20,x3,x31	  x3:0xfffffae7 x31:0x000000c3 x20=0xfffffbaa
        3605000	       359	800004a0	03327063	bgeu	x4,x19,800004c0	  x4:0x80009f40 x19:0x000000c3
        3615000	       360	00000000	00000013	addi	x0,x0,0	  x0:0x00000000
        3625000	       361	800004bc	00000013	addi	x0,x0,0	  x0:0x00000000
        3635000	       362	800004c0	ca44ba13	sltiu	x20,x9,-860	  x9:0xffffffdc x20=0x00000000
        3645000	       363	800004c4	004f1493	slli	x9,x30,0x4	 x30:0x00000b70  x9=0x0000b700
        3655000	       364	800004c8	8027af17	auipc	x30,0x8027a	 x30=0x0027a4c4
        3665000	       365	800004cc	016a35b3	sltu	x11,x20,x22	 x20:0x00000000 x22:0xffff8580 x11=0x00000001
        3675000	       366	800004d0	013b1a13	slli	x20,x22,0x13	 x22:0xffff8580 x20=0x2c000000
        3685000	       367	800004d4	00a7ffb3	and	x31,x15,x10	 x15:0x2e790c74 x10:0xae7997d4 x31=0x2e790454
        3695000	       368	800004d8	0176a733	slt	x14,x13,x23	 x13:0x80009380 x23:0xae7997d4 x14=0x00000001
        3705000	       369	800004dc	7e1d2c13	slti	x24,x26,2017	 x26:0xfffff858 x24=0x00000001
        3715000	       370	800004e0	9b7fc113	xori	x2,x31,-1609	 x31:0x2e790454  x2=0xd186fde3
        3725000	       371	800004e4	012dfe33	and	x28,x27,x18	 x27:0x00000830 x18:0x00000001 x28=0x00000000
        3735000	       372	800004e8	00b3de63	bge	x7,x11,80000504	  x7:0x80009fc4 x11:0x00000001
        3745000	       373	800004ec	fdf0e413	ori	x8,x1,-33	  x1:0x00000000  x8=0xffffffdf
        3755000	       374	800004f0	fe08dd37	lui	x26,0xfe08d	 x26=0xfe08d000
        3765000	       375	800004f4	05cabe13	sltiu	x28,x21,92	 x21:0x00f00000 x28=0x00000000
        3775000	       376	800004f8	019b1193	slli	x3,x22,0x19	 x22:0xffff8580  x3=0x00000000
        3785000	       377	800004fc	026902b7	lui	x5,0x2690	  x5=0x02690000
        3795000	       378	80000500	5263f037	lui	x0,0x5263f	
        3805000	       379	80000504	017209b3	add	x19,x4,x23	  x4:0x80009f40 x23:0xae7997d4 x19=0x2e7a3714
        3815000	       380	80000508	066d2f37	lui	x30,0x66d2	 x30=0x066d2000
        3825000	       381	8000050c	0f23beb7	lui	x29,0xf23b	 x29=0x0f23b000
        3835000	       382	80000510	59763e13	sltiu	x28,x12,1431	 x12:0x2e790c74 x28=0x00000000
        3845000	       383	80000514	0062c7b3	xor	x15,x5,x6	  x5:0x02690000  x6:0x80000838 x15=0x82690838
        3855000	       384	80000518	00be4863	blt	x28,x11,80000528	 x28:0x00000000 x11:0x00000001
        3865000	       385	00000000	00000013	addi	x0,x0,0	  x0:0x00000000
        3875000	       386	80000524	00000013	addi	x0,x0,0	  x0:0x00000000
        3885000	       387	80000528	00f97bb3	and	x23,x18,x15	 x18:0x00000001 x15:0x82690838 x23=0x00000000
        3895000	       388	8000052c	00799813	slli	x16,x19,0x7	 x19:0x2e7a3714 x16=0x3d1b8a00
        3905000	       389	80000530	00422303	lw	x6,4(x4)	  x4:0x80009f40  x6=0x80000838 PA:0x80009f44
        3915000	       390	80000534	018520b3	slt	x1,x10,x24	 x10:0xae7997d4 x24:0x00000001  x1=0x00000001
        3925000	       391	80000538	01945093	srli	x1,x8,0x19	  x8:0xffffffdf  x1=0x0000007f
        3935000	       392	8000053c	01820213	addi	x4,x4,24	  x4:0x80009f40  x4=0x80009f58
        3945000	       393	80000540	f86a5b37	lui	x22,0xf86a5	 x22=0xf86a5000
        3955000	       394	80000544	40b95db3	sra	x27,x18,x11	 x18:0x00000001 x11:0x00000001 x27=0x00000000
        3965000	       395	80000548	00030d13	addi	x26,x6,0	  x6:0x80000838 x26=0x80000838
        3975000	       396	8000054c	000d0d67	jalr	x26,x26,0	 x26:0x80000838 x26=0x8000054c
        3985000	       397	00000000	00000013	addi	x0,x0,0	  x0:0x00000000
        3995000	       398	80000838	00000013	addi	x0,x0,0	  x0:0x00000000
        4005000	       399	8000083c	01585e63	bge	x16,x21,80000858	 x16:0x3d1b8a00 x21:0x00f00000
        4015000	       400	00000000	00000013	addi	x0,x0,0	  x0:0x00000000
        4025000	       401	80000854	00000013	addi	x0,x0,0	  x0:0x00000000
        4035000	       402	80000858	46fbf613	andi	x12,x23,1135	 x23:0x00000000 x12=0x00000000
        4045000	       403	8000085c	00008117	auipc	x2,0x8	  x2=0x80008858
        4055000	       404	80000860	40c10113	addi	x2,x2,1036	  x2:0x80008858  x2=0x80008c64
        4065000	       405	80000864	fc0101a3	sb	x0,-61(x2)	  x2:0x80008c64  x0:0x00000000 PA:0x80008c27
        4075000	       406	80000868	fc211403	lh	x8,-62(x2)	  x2:0x80008c64  x8=0x000000b3 PA:0x80008c26
        4085000	       407	8000086c	00f1a633	slt	x12,x3,x15	  x3:0x00000000 x15:0x82690838 x12=0x00000000
        4095000	       408	80000870	41635793	srai	x15,x6,0x16	  x6:0x80000838 x15=0xfffffe00
        4105000	       409	80000874	74f2cf93	xori	x31,x5,1871	  x5:0x02690000 x31=0x0269074f
        4115000	       410	80000878	01e81c33	sll	x24,x16,x30	 x16:0x3d1b8a00 x30:0x066d2000 x24=0x3d1b8a00
        4125000	       411	8000087c	33037437	lui	x8,0x33037	  x8=0x33037000
        4135000	       412	80000880	00019fb3	sll	x31,x3,x0	  x3:0x00000000  x0:0x00000000 x31=0x00000000
        4145000	       413	80000884	03f10483	lb	x9,63(x2)	  x2:0x80008c64  x9=0x0000000f PA:0x80008ca3
        4155000	       414	80000888	02a10703	lb	x14,42(x2)	  x2:0x80008c64 x14=0x00000015 PA:0x80008c8e
        4165000	       415	8000088c	01411f83	lh	x31,20(x2)	  x2:0x80008c64 x31=0xffffd012 PA:0x80008c78
        4175000	       416	80000890	8349b297	auipc	x5,0x8349b	  x5=0x0349b88c
        4185000	       417	80000894	4f7f7f13	andi	x30,x30,1271	 x30:0x066d2000 x30=0x00000000
        4195000	       418	80000898	00000013	addi	x0,x0,0	  x0:0x00000000
        4205000	       419	8000089c	fcd10c03	lb	x24,-51(x2)	  x2:0x80008c64 x24=0xffffffe1 PA:0x80008c31
        4215000	       420	800008a0	41d25633	sra	x12,x4,x29	  x4:0x80009f58 x29:0x0f23b000 x12=0x80009f58
        4225000	       421	800008a4	02514083	lbu	x1,37(x2)	  x2:0x80008c64  x1=0x00000035 PA:0x80008c89
        4235000	       422	800008a8	01ca5913	srli	x18,x20,0x1c	 x20:0x2c000000 x18=0x00000002
        4245000	       423	800008ac	fee10023	sb	x14,-32(x2)	  x2:0x80008c64 x14:0x00000015 PA:0x80008c44
        4255000	       424	800008b0	fe211823	sh	x2,-16(x2)	  x2:0x80008c64  x2:0x80008c64 PA:0x80008c54
        4265000	       425	800008b4	417d57b3	sra	x15,x26,x23	 x26:0x8000054c x23:0x00000000 x15=0x8000054c
        4275000	       426	800008b8	00510a03	lb	x20,5(x2)	  x2:0x80008c64 x20=0x0000007c PA:0x80008c69
        4285000	       427	800008bc	fe114683	lbu	x13,-31(x2)	  x2:0x80008c64 x13=0x00000005 PA:0x80008c45
        4295000	       428	800008c0	0028df13	srli	x30,x17,0x2	 x17:0x00000000 x30=0x00000000
        4305000	       429	800008c4	02a14603	lbu	x12,42(x2)	  x2:0x80008c64 x12=0x00000015 PA:0x80008c8e
        4315000	       430	800008c8	01210b23	sb	x18,22(x2)	  x2:0x80008c64 x18:0x00000002 PA:0x80008c7a
        4325000	       431	800008cc	fc811403	lh	x8,-56(x2)	  x2:0x80008c64  x8=0xffff895b PA:0x80008c2c
        4335000	       432	800008d0	005a5033	srl	x0,x20,x5	 x20:0x0000007c  x5:0x0349b88c
        4345000	       433	800008d4	fe814e83	lbu	x29,-24(x2)	  x2:0x80008c64 x29=0x000000e6 PA:0x80008c4c
        4355000	       434	800008d8	02011a03	lh	x20,32(x2)	  x2:0x80008c64 x20=0xffff98b7 PA:0x80008c84
        4365000	       435	800008dc	40765913	srai	x18,x12,0x7	 x12:0x00000015 x18=0x00000000
        4375000	       436	800008e0	82db3d97	auipc	x27,0x82db3	 x27=0x02db38dc
        4385000	       437	800008e4	415c5f13	srai	x30,x24,0x15	 x24:0xffffffe1 x30=0xffffffff
        4395000	       438	800008e8	02d10483	lb	x9,45(x2)	  x2:0x80008c64  x9=0x0000007b PA:0x80008c91
        4405000	       439	800008ec	00d5d313	srli	x6,x11,0xd	 x11:0x00000001  x6=0x00000000
        4415000	       440	800008f0	03b10783	lb	x15,59(x2)	  x2:0x80008c64 x15=0xffffffaf PA:0x80008c9f
        4425000	       441	800008f4	02b10223	sb	x11,36(x2)	  x2:0x80008c64 x11:0x00000001 PA:0x80008c88
        4435000	       442	800008f8	dde04a93	xori	x21,x0,-546	  x0:0x00000000 x21=0xfffffdde
        4445000	       443	800008fc	019b2433	slt	x8,x22,x25	 x22:0xf86a5000 x25:0x2e790c74  x8=0x00000001
        4455000	       444	80000900	004d0433	add	x8,x26,x4	 x26:0x8000054c  x4:0x80009f58  x8=0x0000a4a4
        4465000	       445	80000904	41e856b3	sra	x13,x16,x30	 x16:0x3d1b8a00 x30:0xffffffff x13=0x00000000
        4475000	       446	80000908	03e10423	sb	x30,40(x2)	  x2:0x80008c64 x30:0xffffffff PA:0x80008c8c
        4485000	       447	8000090c	ffe10a23	sb	x30,-12(x2)	  x2:0x80008c64 x30:0xffffffff PA:0x80008c58
        4495000	       448	80000910	019637b3	sltu	x15,x12,x25	 x12:0x00000015 x25:0x2e790c74 x15=0x00000001
        4505000	       449	80000914	0152b0b3	sltu	x1,x5,x21	  x5:0x0349b88c x21:0xfffffdde  x1=0x00000001
        4515000	       450	80000918	fc914183	lbu	x3,-55(x2)	  x2:0x80008c64  x3=0x00000089 PA:0x80008c2d
        4525000	       451	8000091c	011f4a33	xor	x20,x30,x17	 x30:0xffffffff x17:0x00000000 x20=0xffffffff
        4535000	       452	80000920	fe011083	lh	x1,-32(x2)	  x2:0x80008c64  x1=0x00000515 PA:0x80008c44
        4545000	       453	80000924	000109a3	sb	x0,19(x2)	  x2:0x80008c64  x0:0x00000000 PA:0x80008c77
        4555000	       454	80000928	00000013	addi	x0,x0,0	  x0:0x00000000
        4565000	       455	8000092c	9d2e1e37	lui	x28,0x9d2e1	 x28=0x9d2e1000
        4575000	       456	80000930	00e7bfb3	sltu	x31,x15,x14	 x15:0x00000001 x14:0x00000015 x31=0x00000001
        4585000	       457	80000934	40288f33	sub	x30,x17,x2	 x17:0x00000000  x2:0x80008c64 x30=0x7fff739c
        4595000	       458	80000938	06fe8593	addi	x11,x29,111	 x29:0x000000e6 x11=0x00000155
        4605000	       459	8000093c	01f012b3	sll	x5,x0,x31	  x0:0x00000000 x31:0x00000001  x5=0x00000000
        4615000	       460	80000940	00e3fab3	and	x21,x7,x14	  x7:0x80009fc4 x14:0x00000015 x21=0x00000004
        4625000	       461	80000944	402bdb13	srai	x22,x23,0x2	 x23:0x00000000 x22=0x00000000
        4635000	       462	80000948	00c76ab3	or	x21,x14,x12	 x14:0x00000015 x12:0x00000015 x21=0x00000015
        4645000	       463	8000094c	02000663	beq	x0,x0,80000978	  x0:0x00000000  x0:0x00000000
        4655000	       464	00000000	00000013	addi	x0,x0,0	  x0:0x00000000
        4665000	       465	80000974	00000013	addi	x0,x0,0	  x0:0x00000000
        4675000	       466	80000978	b09f3a13	sltiu	x20,x30,-1271	 x30:0x7fff739c x20=0x00000001
        4685000	       467	8000097c	4a0ef513	andi	x10,x29,1184	 x29:0x000000e6 x10=0x000000a0
        4695000	       468	80000980	00195eb3	srl	x29,x18,x1	 x18:0x00000000  x1:0x00000515 x29=0x00000000
        4705000	       469	80000984	d3a1ee93	ori	x29,x3,-710	  x3:0x00000089 x29=0xfffffdbb
        4715000	       470	80000988	3e76c693	xori	x13,x13,999	 x13:0x00000000 x13=0x000003e7
        4725000	       471	8000098c	0341a597	auipc	x11,0x341a	 x11=0x8341a988
        4735000	       472	80000990	41565133	sra	x2,x12,x21	 x12:0x00000015 x21:0x00000015  x2=0x00000000
        4745000	       473	80000994	aab0e493	ori	x9,x1,-1365	  x1:0x00000515  x9=0xffffffbf
        4755000	       474	80000998	00505eb3	srl	x29,x0,x5	  x0:0x00000000  x5:0x00000000 x29=0x00000000
        4765000	       475	8000099c	99a5b093	sltiu	x1,x11,-1638	 x11:0x8341a988  x1=0x00000001
        4775000	       476	800009a0	04551663	bne	x10,x5,800009ec	 x10:0x000000a0  x5:0x00000000
        4785000	       477	00000000	00000013	addi	x0,x0,0	  x0:0x00000000
        4795000	       478	800009e8	00000013	addi	x0,x0,0	  x0:0x00000000
        4805000	       479	800009ec	00000013	addi	x0,x0,0	  x0:0x00000000
        4815000	       480	800009f0	bb46b793	sltiu	x15,x13,-1100	 x13:0x000003e7 x15=0x00000001
        4825000	       481	800009f4	01bba1b3	slt	x3,x23,x27	 x23:0x00000000 x27:0x02db38dc  x3=0x00000001
        4835000	       482	800009f8	0034a9b3	slt	x19,x9,x3	  x9:0xffffffbf  x3:0x00000001 x19=0x00000001
        4845000	       483	800009fc	000a36b3	sltu	x13,x20,x0	 x20:0x00000001  x0:0x00000000 x13=0x00000000
        4855000	       484	80000a00	00000013	addi	x0,x0,0	  x0:0x00000000
        4865000	       485	80000a04	01acc663	blt	x25,x26,80000a10	 x25:0x2e790c74 x26:0x8000054c
        4875000	       486	80000a08	f5d86493	ori	x9,x16,-163	 x16:0x3d1b8a00  x9=0xffffff5d
        4885000	       487	80000a0c	00fb9533	sll	x10,x23,x15	 x23:0x00000000 x15:0x00000001 x10=0x00000000
        4895000	       488	80000a10	0377d663	bge	x15,x23,80000a3c	 x15:0x00000001 x23:0x00000000
        4905000	       489	00000000	00000013	addi	x0,x0,0	  x0:0x00000000
        4915000	       490	80000a38	00000013	addi	x0,x0,0	  x0:0x00000000
        4925000	       491	80000a3c	5a89b413	sltiu	x8,x19,1448	 x19:0x00000001  x8=0x00000001
        4935000	       492	80000a40	0b0b7e63	bgeu	x22,x16,80000afc	 x22:0x00000000 x16:0x3d1b8a00
        4945000	       493	80000a44	00008e97	auipc	x29,0x8	 x29=0x80008a40
        4955000	       494	80000a48	55ce8e93	addi	x29,x29,1372	 x29:0x80008a40 x29=0x80008f9c
        4965000	       495	80000a4c	ffae80a3	sb	x26,-31(x29)	 x29:0x80008f9c x26:0x8000054c PA:0x80008f7d
        4975000	       496	80000a50	f8ae8723	sb	x10,-114(x29)	 x29:0x80008f9c x10:0x00000000 PA:0x80008f2a
        4985000	       497	80000a54	46408f93	addi	x31,x1,1124	  x1:0x00000001 x31=0x00000465
        4995000	       498	80000a58	00f4d4b3	srl	x9,x9,x15	  x9:0xffffff5d x15:0x00000001  x9=0x7fffffae
        5005000	       499	80000a5c	032ede03	lhu	x28,50(x29)	 x29:0x80008f9c x28=0x00001eec PA:0x80008fce
        5015000	       500	80000a60	00660e33	add	x28,x12,x6	 x12:0x00000015  x6:0x00000000 x28=0x00000015
        5025000	       501	80000a64	007e4a33	xor	x20,x28,x7	 x28:0x00000015  x7:0x80009fc4 x20=0x80009fd1
        5035000	       502	80000a68	00753833	sltu	x16,x10,x7	 x10:0x00000000  x7:0x80009fc4 x16=0x00000001
        5045000	       503	80000a6c	02ce9903	lh	x18,44(x29)	 x29:0x80008f9c x18=0xffff819c PA:0x80008fc8
        5055000	       504	80000a70	1bd22193	slti	x3,x4,445	  x4:0x80009f58  x3=0x00000001
        5065000	       505	80000a74	a5b54497	auipc	x9,0xa5b54	  x9=0x25b54a70
        5075000	       506	80000a78	034ec483	lbu	x9,52(x29)	 x29:0x80008f9c  x9=0x000000b0 PA:0x80008fd0
        5085000	       507	80000a7c	f1ee81a3	sb	x30,-253(x29)	 x29:0x80008f9c x30:0x7fff739c PA:0x80008e9f
        5095000	       508	80000a80	fb6e86a3	sb	x22,-83(x29)	 x29:0x80008f9c x22:0x00000000 PA:0x80008f49
        5105000	       509	80000a84	25dd6093	ori	x1,x26,605	 x26:0x8000054c  x1=0x8000075d
        5115000	       510	80000a88	f74e9c03	lh	x24,-140(x29)	 x29:0x80008f9c x24=0x000062cf PA:0x80008f10
        5125000	       511	80000a8c	000ec403	lbu	x8,0(x29)	 x29:0x80008f9c  x8=0x00000057 PA:0x80008f9c
        5135000	       512	80000a90	41cc5433	sra	x8,x24,x28	 x24:0x000062cf x28:0x00000015  x8=0x00000000
        5145000	       513	80000a94	eca3f493	andi	x9,x7,-310	  x7:0x80009fc4  x9=0x80009ec0
        5155000	       514	80000a98	00845433	srl	x8,x8,x8	  x8:0x00000000  x8:0x00000000  x8=0x00000000
        5165000	       515	80000a9c	028e9603	lh	x12,40(x29)	 x29:0x80008f9c x12=0xfffff169 PA:0x80008fc4
        5175000	       516	80000aa0	674fe937	lui	x18,0x674fe	 x18=0x674fe000
        5185000	       517	80000aa4	00fe8c03	lb	x24,15(x29)	 x29:0x80008f9c x24=0xffffffa4 PA:0x80008fab
        5195000	       518	80000aa8	fc9e8183	lb	x3,-55(x29)	 x29:0x80008f9c  x3=0xffffff88 PA:0x80008f65
        5205000	       519	80000aac	038edb03	lhu	x22,56(x29)	 x29:0x80008f9c x22=0x000023f1 PA:0x80008fd4
        5215000	       520	80000ab0	f00e8103	lb	x2,-256(x29)	 x29:0x80008f9c  x2=0xffffffd1 PA:0x80008e9c
        5225000	       521	80000ab4	fd6e8a23	sb	x22,-44(x29)	 x29:0x80008f9c x22:0x000023f1 PA:0x80008f70
        5235000	       522	80000ab8	00de8b83	lb	x23,13(x29)	 x29:0x80008f9c x23=0x00000016 PA:0x80008fa9
        5245000	       523	80000abc	f19e8003	lb	x0,-231(x29)	 x29:0x80008f9c PA:0x80008eb5
        5255000	       524	80000ac0	19ede113	ori	x2,x27,414	 x27:0x02db38dc  x2=0x02db39de
        5265000	       525	80000ac4	f1deca83	lbu	x21,-227(x29)	 x29:0x80008f9c x21=0x00000033 PA:0x80008eb9
        5275000	       526	80000ac8	65244013	xori	x0,x8,1618	  x8:0x00000000
        5285000	       527	80000acc	043e8683	lb	x13,67(x29)	 x29:0x80008f9c x13=0xffffffbd PA:0x80008fdf
        5295000	       528	80000ad0	01997333	and	x6,x18,x25	 x18:0x674fe000 x25:0x2e790c74  x6=0x26490000
        5305000	       529	80000ad4	f82ec883	lbu	x17,-126(x29)	 x29:0x80008f9c x17=0x000000b2 PA:0x80008f1e
        5315000	       530	80000ad8	03970a63	beq	x14,x25,80000b0c	 x14:0x00000015 x25:0x2e790c74
        5325000	       531	80000adc	00eb7733	and	x14,x22,x14	 x22:0x000023f1 x14:0x00000015 x14=0x00000011
        5335000	       532	80000ae0	015c3433	sltu	x8,x24,x21	 x24:0xffffffa4 x21:0x00000033  x8=0x00000000
        5345000	       533	80000ae4	4037d7b3	sra	x15,x15,x3	 x15:0x00000001  x3:0xffffff88 x15=0x00000000
        5355000	       534	80000ae8	2d2aba13	sltiu	x20,x21,722	 x21:0x00000033 x20=0x00000001
        5365000	       535	80000aec	01b1d013	srli	x0,x3,0x1b	  x3:0xffffff88
        5375000	       536	80000af0	02055863	bge	x10,x0,80000b20	 x10:0x00000000  x0:0x00000000
        5385000	       537	00000000	00000013	addi	x0,x0,0	  x0:0x00000000
        5395000	       538	80000b1c	00000013	addi	x0,x0,0	  x0:0x00000000
        5405000	       539	80000b20	01d369b3	or	x19,x6,x29	  x6:0x26490000 x29:0x80008f9c x19=0xa6498f9c
        5415000	       540	80000b24	cef32e93	slti	x29,x6,-785	  x6:0x26490000 x29=0x00000000
        5425000	       541	80000b28	41d20033	sub	x0,x4,x29	  x4:0x80009f58 x29:0x00000000
        5435000	       542	80000b2c	a6933b93	sltiu	x23,x6,-1431	  x6:0x26490000 x23=0x00000001
        5445000	       543	80000b30	dfdc4793	xori	x15,x24,-515	 x24:0xffffffa4 x15=0x00000259
        5455000	       544	80000b34	02366263	bltu	x12,x3,80000b58	 x12:0xfffff169  x3:0xffffff88
        5465000	       545	00000000	00000013	addi	x0,x0,0	  x0:0x00000000
        5475000	       546	80000b54	00000013	addi	x0,x0,0	  x0:0x00000000
        5485000	       547	80000b58	0123fc33	and	x24,x7,x18	  x7:0x80009fc4 x18:0x674fe000 x24=0x00008000
        5495000	       548	80000b5c	60daf7b7	lui	x15,0x60daf	 x15=0x60daf000
        5505000	       549	80000b60	54be8c13	addi	x24,x29,1355	 x29:0x00000000 x24=0x0000054b
        5515000	       550	80000b64	41525133	sra	x2,x4,x21	  x4:0x80009f58 x21:0x00000033  x2=0xfffff000
        5525000	       551	80000b68	01089e63	bne	x17,x16,80000b84	 x17:0x000000b2 x16:0x00000001
        5535000	       552	00000000	00000013	addi	x0,x0,0	  x0:0x00000000
        5545000	       553	80000b80	00000013	addi	x0,x0,0	  x0:0x00000000
        5555000	       554	80000b84	6942eb13	ori	x22,x5,1684	  x5:0x00000000 x22=0x00000694
        5565000	       555	80000b88	014595b3	sll	x11,x11,x20	 x11:0x8341a988 x20:0x00000001 x11=0x06835310
        5575000	       556	80000b8c	02e54463	blt	x10,x14,80000bb4	 x10:0x00000000 x14:0x00000011
        5585000	       557	00000000	00000013	addi	x0,x0,0	  x0:0x00000000
        5595000	       558	80000bb0	00000013	addi	x0,x0,0	  x0:0x00000000
        5605000	       559	80000bb4	67d18a13	addi	x20,x3,1661	  x3:0xffffff88 x20=0x00000605
        5615000	       560	80000bb8	04c8b613	sltiu	x12,x17,76	 x17:0x000000b2 x12=0x00000000
        5625000	       561	80000bbc	d9e0eb13	ori	x22,x1,-610	  x1:0x8000075d x22=0xffffffdf
        5635000	       562	80000bc0	07b5c263	blt	x11,x27,80000c24	 x11:0x06835310 x27:0x02db38dc
        5645000	       563	80000bc4	00035413	srli	x8,x6,0x0	  x6:0x26490000  x8=0x26490000
        5655000	       564	80000bc8	06f66063	bltu	x12,x15,80000c28	 x12:0x00000000 x15:0x60daf000
        5665000	       565	00000000	00000013	addi	x0,x0,0	  x0:0x00000000
        5675000	       566	80000c24	00000013	addi	x0,x0,0	  x0:0x00000000
        5685000	       567	80000c28	02bb9063	bne	x23,x11,80000c48	 x23:0x00000001 x11:0x06835310
        5695000	       568	00000000	00000013	addi	x0,x0,0	  x0:0x00000000
        5705000	       569	80000c44	00000013	addi	x0,x0,0	  x0:0x00000000
        5715000	       570	80000c48	6df24117	auipc	x2,0x6df24	  x2=0xedf24c44
        5725000	       571	80000c4c	0101dd33	srl	x26,x3,x16	  x3:0xffffff88 x16:0x00000001 x26=0x7fffffc4
        5735000	       572	80000c50	977a4a93	xori	x21,x20,-1673	 x20:0x00000605 x21=0xffffff72
        5745000	       573	80000c54	04c3f463	bgeu	x7,x12,80000c9c	  x7:0x80009fc4 x12:0x00000000
        5755000	       574	00000000	00000013	addi	x0,x0,0	  x0:0x00000000
        5765000	       575	80000c98	00000013	addi	x0,x0,0	  x0:0x00000000
        5775000	       576	80000c9c	01326fb3	or	x31,x4,x19	  x4:0x80009f58 x19:0xa6498f9c x31=0xa6499fdc
        5785000	       577	80000ca0	41b8d4b3	sra	x9,x17,x27	 x17:0x000000b2 x27:0x02db38dc  x9=0x00000000
        5795000	       578	80000ca4	01449663	bne	x9,x20,80000cb0	  x9:0x00000000 x20:0x00000605
        5805000	       579	00000000	00000013	addi	x0,x0,0	  x0:0x00000000
        5815000	       580	80000cac	00000013	addi	x0,x0,0	  x0:0x00000000
        5825000	       581	80000cb0	47218c37	lui	x24,0x47218	 x24=0x47218000
        5835000	       582	80000cb4	d87f47b7	lui	x15,0xd87f4	 x15=0xd87f4000
        5845000	       583	80000cb8	50c44313	xori	x6,x8,1292	  x8:0x26490000  x6=0x2649050c
        5855000	       584	80000cbc	cafb8f13	addi	x30,x23,-849	 x23:0x00000001 x30=0xfffffcb0
        5865000	       585	80000cc0	89c14b13	xori	x22,x2,-1892	  x2:0xedf24c44 x22=0x120db4d8
        5875000	       586	80000cc4	c7ebf093	andi	x1,x23,-898	 x23:0x00000001  x1=0x00000000
        5885000	       587	80000cc8	014d55b3	srl	x11,x26,x20	 x26:0x7fffffc4 x20:0x00000605 x11=0x03fffffe
        5895000	       588	80000ccc	02647e63	bgeu	x8,x6,80000d08	  x8:0x26490000  x6:0x2649050c
        5905000	       589	80000cd0	e2c60d13	addi	x26,x12,-468	 x12:0x00000000 x26=0xfffffe2c
        5915000	       590	80000cd4	002b2733	slt	x14,x22,x2	 x22:0x120db4d8  x2:0xedf24c44 x14=0x00000000
        5925000	       591	80000cd8	039a5663	bge	x20,x25,80000d04	 x20:0x00000605 x25:0x2e790c74
        5935000	       592	80000cdc	b8277093	andi	x1,x14,-1150	 x14:0x00000000  x1=0x00000000
        5945000	       593	80000ce0	01c4aa33	slt	x20,x9,x28	  x9:0x00000000 x28:0x00000015 x20=0x00000001
        5955000	       594	80000ce4	01a69b13	slli	x22,x13,0x1a	 x13:0xffffffbd x22=0xf4000000
        5965000	       595	80000ce8	01f8d313	srli	x6,x17,0x1f	 x17:0x000000b2  x6=0x00000000
        5975000	       596	80000cec	7e6a8e93	addi	x29,x21,2022	 x21:0xffffff72 x29=0x00000758
        5985000	       597	80000cf0	0198aeb3	slt	x29,x17,x25	 x17:0x000000b2 x25:0x2e790c74 x29=0x00000001
        5995000	       598	80000cf4	d2315437	lui	x8,0xd2315	  x8=0xd2315000
        6005000	       599	80000cf8	05f94663	blt	x18,x31,80000d44	 x18:0x674fe000 x31:0xa6499fdc
        6015000	       600	80000cfc	013264b3	or	x9,x4,x19	  x4:0x80009f58 x19:0xa6498f9c  x9=0xa6499fdc
        6025000	       601	80000d00	01ce26b3	slt	x13,x28,x28	 x28:0x00000015 x28:0x00000015 x13=0x00000000
        6035000	       602	80000d04	744dc113	xori	x2,x27,1860	 x27:0x02db38dc  x2=0x02db3f98
        6045000	       603	80000d08	008218b3	sll	x17,x4,x8	  x4:0x80009f58  x8:0xd2315000 x17=0x80009f58
        6055000	       604	80000d0c	0297f263	bgeu	x15,x9,80000d30	 x15:0xd87f4000  x9:0xa6499fdc
        6065000	       605	00000000	00000013	addi	x0,x0,0	  x0:0x00000000
        6075000	       606	80000d2c	00000013	addi	x0,x0,0	  x0:0x00000000
        6085000	       607	80000d30	8d8f65b7	lui	x11,0x8d8f6	 x11=0x8d8f6000
        6095000	       608	80000d34	98368613	addi	x12,x13,-1661	 x13:0x00000000 x12=0xfffff983
        6105000	       609	80000d38	0090bf33	sltu	x30,x1,x9	  x1:0x00000000  x9:0xa6499fdc x30=0x00000001
        6115000	       610	80000d3c	02135c63	bge	x6,x1,80000d74	  x6:0x00000000  x1:0x00000000
        6125000	       611	00000000	00000013	addi	x0,x0,0	  x0:0x00000000
        6135000	       612	80000d70	00000013	addi	x0,x0,0	  x0:0x00000000
        6145000	       613	80000d74	00f52133	slt	x2,x10,x15	 x10:0x00000000 x15:0xd87f4000  x2=0x00000000
        6155000	       614	80000d78	04a88663	beq	x17,x10,80000dc4	 x17:0x80009f58 x10:0x00000000
        6165000	       615	80000d7c	00ba6133	or	x2,x20,x11	 x20:0x00000001 x11:0x8d8f6000  x2=0x8d8f6001
        6175000	       616	80000d80	41555513	srai	x10,x10,0x15	 x10:0x00000000 x10=0x00000000
        6185000	       617	80000d84	418001b3	sub	x3,x0,x24	  x0:0x00000000 x24:0x47218000  x3=0xb8de8000
        6195000	       618	80000d88	00f10463	beq	x2,x15,80000d90	  x2:0x8d8f6001 x15:0xd87f4000
        6205000	       619	80000d8c	028fe463	bltu	x31,x8,80000db4	 x31:0xa6499fdc  x8:0xd2315000
        6215000	       620	00000000	00000013	addi	x0,x0,0	  x0:0x00000000
        6225000	       621	80000db0	00000013	addi	x0,x0,0	  x0:0x00000000
        6235000	       622	80000db4	01ba58b3	srl	x17,x20,x27	 x20:0x00000001 x27:0x02db38dc x17=0x00000000
        6245000	       623	80000db8	00048ab3	add	x21,x9,x0	  x9:0xa6499fdc  x0:0x00000000 x21=0xa6499fdc
        6255000	       624	80000dbc	01485b13	srli	x22,x16,0x14	 x16:0x00000001 x22=0x00000000
        6265000	       625	80000dc0	04986263	bltu	x16,x9,80000e04	 x16:0x00000001  x9:0xa6499fdc
        6275000	       626	00000000	00000013	addi	x0,x0,0	  x0:0x00000000
        6285000	       627	80000e00	00000013	addi	x0,x0,0	  x0:0x00000000
        6295000	       628	80000e04	415dda93	srai	x21,x27,0x15	 x27:0x02db38dc x21=0x00000016
        6305000	       629	80000e08	00d76e63	bltu	x14,x13,80000e24	 x14:0x00000000 x13:0x00000000
        6315000	       630	80000e0c	00000013	addi	x0,x0,0	  x0:0x00000000
        6325000	       631	80000e10	01af8eb3	add	x29,x31,x26	 x31:0xa6499fdc x26:0xfffffe2c x29=0xa6499e08
        6335000	       632	80000e14	40a0de93	srai	x29,x1,0xa	  x1:0x00000000 x29=0x00000000
        6345000	       633	80000e18	05480463	beq	x16,x20,80000e60	 x16:0x00000001 x20:0x00000001
        6355000	       634	00000000	00000013	addi	x0,x0,0	  x0:0x00000000
        6365000	       635	80000e5c	00000013	addi	x0,x0,0	  x0:0x00000000
        6375000	       636	80000e60	41c18933	sub	x18,x3,x28	  x3:0xb8de8000 x28:0x00000015 x18=0xb8de7feb
        6385000	       637	80000e64	01cd4a33	xor	x20,x26,x28	 x26:0xfffffe2c x28:0x00000015 x20=0xfffffe39
        6395000	       638	80000e68	18433293	sltiu	x5,x6,388	  x6:0x00000000  x5=0x00000001
        6405000	       639	80000e6c	402b5f33	sra	x30,x22,x2	 x22:0x00000000  x2:0x8d8f6001 x30=0x00000000
        6415000	       640	80000e70	0014beb3	sltu	x29,x9,x1	  x9:0xa6499fdc  x1:0x00000000 x29=0x00000000
        6425000	       641	80000e74	5b2d2b93	slti	x23,x26,1458	 x26:0xfffffe2c x23=0x00000001
        6435000	       642	80000e78	00511463	bne	x2,x5,80000e80	  x2:0x8d8f6001  x5:0x00000001
        6445000	       643	00000000	00000013	addi	x0,x0,0	  x0:0x00000000
        6455000	       644	80000e7c	00000013	addi	x0,x0,0	  x0:0x00000000
        6465000	       645	80000e80	00000013	addi	x0,x0,0	  x0:0x00000000
        6475000	       646	80000e84	9aefa993	slti	x19,x31,-1618	 x31:0xa6499fdc x19=0x00000001
        6485000	       647	80000e88	37b96313	ori	x6,x18,891	 x18:0xb8de7feb  x6=0xb8de7ffb
        6495000	       648	80000e8c	5bfcb893	sltiu	x17,x25,1471	 x25:0x2e790c74 x17=0x00000000
        6505000	       649	80000e90	00cdcc33	xor	x24,x27,x12	 x27:0x02db38dc x12:0xfffff983 x24=0xfd24c15f
        6515000	       650	80000e94	01985e63	bge	x16,x25,80000eb0	 x16:0x00000001 x25:0x2e790c74
        6525000	       651	80000e98	00139033	sll	x0,x7,x1	  x7:0x80009fc4  x1:0x00000000
        6535000	       652	80000e9c	0145ec33	or	x24,x11,x20	 x11:0x8d8f6000 x20:0xfffffe39 x24=0xfffffe39
        6545000	       653	80000ea0	00cc2f33	slt	x30,x24,x12	 x24:0xfffffe39 x12:0xfffff983 x30=0x00000000
        6555000	       654	80000ea4	c12b9c17	auipc	x24,0xc12b9	 x24=0x412b9ea0
        6565000	       655	80000ea8	007e6463	bltu	x28,x7,80000eb0	 x28:0x00000015  x7:0x80009fc4
        6575000	       656	00000000	00000013	addi	x0,x0,0	  x0:0x00000000
        6585000	       657	80000eac	00000013	addi	x0,x0,0	  x0:0x00000000
        6595000	       658	80000eb0	01c6f633	and	x12,x13,x28	 x13:0x00000000 x28:0x00000015 x12=0x00000000
        6605000	       659	80000eb4	06c62913	slti	x18,x12,108	 x12:0x00000000 x18=0x00000001
        6615000	       660	80000eb8	002165b3	or	x11,x2,x2	  x2:0x8d8f6001  x2:0x8d8f6001 x11=0x8d8f6001
        6625000	       661	80000ebc	0e33b293	sltiu	x5,x7,227	  x7:0x80009fc4  x5=0x00000000
        6635000	       662	80000ec0	00422303	lw	x6,4(x4)	  x4:0x80009f58  x6=0x800059a8 PA:0x80009f5c
        6645000	       663	80000ec4	008a1293	slli	x5,x20,0x8	 x20:0xfffffe39  x5=0xfffe3900
        6655000	       664	80000ec8	40a10a33	sub	x20,x2,x10	  x2:0x8d8f6001 x10:0x00000000 x20=0x8d8f6001
        6665000	       665	80000ecc	008dfbb3	and	x23,x27,x8	 x27:0x02db38dc  x8:0xd2315000 x23=0x02111000
        6675000	       666	80000ed0	4058df13	srai	x30,x17,0x5	 x17:0x00000000 x30=0x00000000
        6685000	       667	80000ed4	00c75c13	srli	x24,x14,0xc	 x14:0x00000000 x24=0x00000000
        6695000	       668	80000ed8	010771b3	and	x3,x14,x16	 x14:0x00000000 x16:0x00000001  x3=0x00000000
        6705000	       669	80000edc	02420213	addi	x4,x4,36	  x4:0x80009f58  x4=0x80009f7c
        6715000	       670	80000ee0	f75a2e13	slti	x28,x20,-139	 x20:0x8d8f6001 x28=0x00000001
        6725000	       671	80000ee4	00130913	addi	x18,x6,1	  x6:0x800059a8 x18=0x800059a9
        6735000	       672	80000ee8	00090967	jalr	x18,x18,0	 x18:0x800059a9 x18=0x80000ee8
        6745000	       673	00000000	00000013	addi	x0,x0,0	  x0:0x00000000
        6755000	       674	800059a8	00000013	addi	x0,x0,0	  x0:0x00000000
        6765000	       675	800059ac	00be0263	beq	x28,x11,800059b0	 x28:0x00000001 x11:0x8d8f6001
        6775000	       676	800059b0	01be1263	bne	x28,x27,800059b4	 x28:0x00000001 x27:0x02db38dc
        6785000	       677	00000000	00000013	addi	x0,x0,0	  x0:0x00000000
        6795000	       678	800059b0	00000013	addi	x0,x0,0	  x0:0x00000000
        6805000	       679	800059b4	01538db3	add	x27,x7,x21	  x7:0x80009fc4 x21:0x00000016 x27=0x80009fda
        6815000	       680	800059b8	02146e63	bltu	x8,x1,800059f4	  x8:0xd2315000  x1:0x00000000
        6825000	       681	800059bc	028a0a63	beq	x20,x8,800059f0	 x20:0x8d8f6001  x8:0xd2315000
        6835000	       682	800059c0	01175e13	srli	x28,x14,0x11	 x14:0x00000000 x28=0x00000000
        6845000	       683	800059c4	91267613	andi	x12,x12,-1774	 x12:0x00000000 x12=0x00000000
        6855000	       684	800059c8	417b5d33	sra	x26,x22,x23	 x22:0x00000000 x23:0x02111000 x26=0x00000000
        6865000	       685	800059cc	41c3d933	sra	x18,x7,x28	  x7:0x80009fc4 x28:0x00000000 x18=0x80009fc4
        6875000	       686	800059d0	41dc82b3	sub	x5,x25,x29	 x25:0x2e790c74 x29:0x00000000  x5=0x2e790c74
        6885000	       687	800059d4	118bb193	sltiu	x3,x23,280	 x23:0x02111000  x3=0x00000000
        6895000	       688	800059d8	86dbc193	xori	x3,x23,-1939	 x23:0x02111000  x3=0xfdeee86d
        6905000	       689	800059dc	01950663	beq	x10,x25,800059e8	 x10:0x00000000 x25:0x2e790c74
        6915000	       690	800059e0	05897863	bgeu	x18,x24,80005a30	 x18:0x80009fc4 x24:0x00000000
        6925000	       691	00000000	00000013	addi	x0,x0,0	  x0:0x00000000
        6935000	       692	80005a2c	00000013	addi	x0,x0,0	  x0:0x00000000
        6945000	       693	80005a30	03007c63	bgeu	x0,x16,80005a68	  x0:0x00000000 x16:0x00000001
        6955000	       694	80005a34	c176cf17	auipc	x30,0xc176c	 x30=0x41771a30
        6965000	       695	80005a38	00a00733	add	x14,x0,x10	  x0:0x00000000 x10:0x00000000 x14=0x00000000
        6975000	       696	80005a3c	6de0d097	auipc	x1,0x6de0d	  x1=0xede12a38
        6985000	       697	80005a40	018e7133	and	x2,x28,x24	 x28:0x00000000 x24:0x00000000  x2=0x00000000
        6995000	       698	80005a44	04c54063	blt	x10,x12,80005a84	 x10:0x00000000 x12:0x00000000
        7005000	       699	80005a48	01a10733	add	x14,x2,x26	  x2:0x00000000 x26:0x00000000 x14=0x00000000
        7015000	       700	80005a4c	40b05a13	srai	x20,x0,0xb	  x0:0x00000000 x20=0x00000000
        7025000	       701	80005a50	f1c3b693	sltiu	x13,x7,-228	  x7:0x80009fc4 x13=0x00000001
        7035000	       702	80005a54	81543813	sltiu	x16,x8,-2027	  x8:0xd2315000 x16=0x00000001
        7045000	       703	80005a58	750f6c13	ori	x24,x30,1872	 x30:0x41771a30 x24=0x41771f70
        7055000	       704	80005a5c	c6dce493	ori	x9,x25,-915	 x25:0x2e790c74  x9=0xfffffc7d
        7065000	       705	80005a60	cde93f13	sltiu	x30,x18,-802	 x18:0x80009fc4 x30=0x00000001
        7075000	       706	80005a64	01356463	bltu	x10,x19,80005a6c	 x10:0x00000000 x19:0x00000001
        7085000	       707	00000000	00000013	addi	x0,x0,0	  x0:0x00000000
        7095000	       708	80005a68	00000013	addi	x0,x0,0	  x0:0x00000000
        7105000	       709	80005a6c	03ee7063	bgeu	x28,x30,80005a8c	 x28:0x00000000 x30:0x00000001
        7115000	       710	80005a70	019e9893	slli	x17,x29,0x19	 x29:0x00000000 x17=0x00000000
        7125000	       711	80005a74	57d13417	auipc	x8,0x57d13	  x8=0xd7d18a70
        7135000	       712	80005a78	011a27b3	slt	x15,x20,x17	 x20:0x00000000 x17:0x00000000 x15=0x00000000
        7145000	       713	80005a7c	00000013	addi	x0,x0,0	  x0:0x00000000
        7155000	       714	80005a80	030a8463	beq	x21,x16,80005aa8	 x21:0x00000016 x16:0x00000001
        7165000	       715	80005a84	00d5cc63	blt	x11,x13,80005a9c	 x11:0x8d8f6001 x13:0x00000001
        7175000	       716	00000000	00000013	addi	x0,x0,0	  x0:0x00000000
        7185000	       717	80005a98	00000013	addi	x0,x0,0	  x0:0x00000000
        7195000	       718	80005a9c	01514fb3	xor	x31,x2,x21	  x2:0x00000000 x21:0x00000016 x31=0x00000016
        7205000	       719	80005aa0	403cdb33	sra	x22,x25,x3	 x25:0x2e790c74  x3:0xfdeee86d x22=0x000173c8
        7215000	       720	80005aa4	003ba8b3	slt	x17,x23,x3	 x23:0x02111000  x3:0xfdeee86d x17=0x00000000
        7225000	       721	80005aa8	00433ab3	sltu	x21,x6,x4	  x6:0x800059a8  x4:0x80009f7c x21=0x00000001
        7235000	       722	80005aac	0076d313	srli	x6,x13,0x7	 x13:0x00000001  x6=0x00000000
        7245000	       723	80005ab0	0064beb3	sltu	x29,x9,x6	  x9:0xfffffc7d  x6:0x00000000 x29=0x00000000
        7255000	       724	80005ab4	00cda0b3	slt	x1,x27,x12	 x27:0x80009fda x12:0x00000000  x1=0x00000001
        7265000	       725	80005ab8	01730d33	add	x26,x6,x23	  x6:0x00000000 x23:0x02111000 x26=0x02111000
        7275000	       726	80005abc	058c6f17	auipc	x30,0x58c6	 x30=0x858cbab8
        7285000	       727	80005ac0	00f20663	beq	x4,x15,80005acc	  x4:0x80009f7c x15:0x00000000
        7295000	       728	80005ac4	41f48733	sub	x14,x9,x31	  x9:0xfffffc7d x31:0x00000016 x14=0xfffffc67
        7305000	       729	80005ac8	02db1863	bne	x22,x13,80005af8	 x22:0x000173c8 x13:0x00000001
        7315000	       730	00000000	00000013	addi	x0,x0,0	  x0:0x00000000
        7325000	       731	80005af4	00000013	addi	x0,x0,0	  x0:0x00000000
        7335000	       732	80005af8	05026463	bltu	x4,x16,80005b40	  x4:0x80009f7c x16:0x00000001
        7345000	       733	80005afc	417bdb93	srai	x23,x23,0x17	 x23:0x02111000 x23=0x00000004
        7355000	       734	80005b00	01c59493	slli	x9,x11,0x1c	 x11:0x8d8f6001  x9=0x10000000
        7365000	       735	80005b04	416fd713	srai	x14,x31,0x16	 x31:0x00000016 x14=0x00000000
        7375000	       736	80005b08	02435063	bge	x6,x4,80005b28	  x6:0x00000000  x4:0x80009f7c
        7385000	       737	00000000	00000013	addi	x0,x0,0	  x0:0x00000000
        7395000	       738	80005b24	00000013	addi	x0,x0,0	  x0:0x00000000
        7405000	       739	80005b28	397a94b7	lui	x9,0x397a9	  x9=0x397a9000
        7415000	       740	80005b2c	01ed7433	and	x8,x26,x30	 x26:0x02111000 x30:0x858cbab8  x8=0x00001000
        7425000	       741	80005b30	0070c9b3	xor	x19,x1,x7	  x1:0x00000001  x7:0x80009fc4 x19=0x80009fc5
        7435000	       742	80005b34	9a98ef13	ori	x30,x17,-1623	 x17:0x00000000 x30=0xfffff9a9
        7445000	       743	80005b38	40a00033	sub	x0,x0,x10	  x0:0x00000000 x10:0x00000000
        7455000	       744	80005b3c	00964733	xor	x14,x12,x9	 x12:0x00000000  x9:0x397a9000 x14=0x397a9000
        7465000	       745	80005b40	003f5113	srli	x2,x30,0x3	 x30:0xfffff9a9  x2=0x1fffff35
        7475000	       746	80005b44	901e9eb7	lui	x29,0x901e9	 x29=0x901e9000
        7485000	       747	80005b48	45d30593	addi	x11,x6,1117	  x6:0x00000000 x11=0x0000045d
        7495000	       748	80005b4c	009f09b3	add	x19,x30,x9	 x30:0xfffff9a9  x9:0x397a9000 x19=0x397a89a9
        7505000	       749	80005b50	bd293093	sltiu	x1,x18,-1070	 x18:0x80009fc4  x1=0x00000001
        7515000	       750	80005b54	40990837	lui	x16,0x40990	 x16=0x40990000
        7525000	       751	80005b58	015fd5b3	srl	x11,x31,x21	 x31:0x00000016 x21:0x00000001 x11=0x0000000b
        7535000	       752	80005b5c	00ae9463	bne	x29,x10,80005b64	 x29:0x901e9000 x10:0x00000000
        7545000	       753	00000000	00000013	addi	x0,x0,0	  x0:0x00000000
        7555000	       754	80005b60	00000013	addi	x0,x0,0	  x0:0x00000000
        7565000	       755	80005b64	04f98293	addi	x5,x19,79	 x19:0x397a89a9  x5=0x397a89f8
        7575000	       756	80005b68	009b70b3	and	x1,x22,x9	 x22:0x000173c8  x9:0x397a9000  x1=0x00001000
        7585000	       757	80005b6c	d7738193	addi	x3,x7,-649	  x7:0x80009fc4  x3=0x80009d3b
        7595000	       758	80005b70	00422303	lw	x6,4(x4)	  x4:0x80009f7c  x6=0x80000138 PA:0x80009f80
        7605000	       759	80005b74	fd3d3b13	sltiu	x22,x26,-45	 x26:0x02111000 x22=0x00000001
        7615000	       760	80005b78	00820213	addi	x4,x4,8	  x4:0x80009f7c  x4=0x80009f84
        7625000	       761	80005b7c	78884a93	xori	x21,x16,1928	 x16:0x40990000 x21=0x40990788
        7635000	       762	80005b80	016ad433	srl	x8,x21,x22	 x21:0x40990788 x22:0x00000001  x8=0x204c83c4
        7645000	       763	80005b84	861e4513	xori	x10,x28,-1951	 x28:0x00000000 x10=0xfffff861
        7655000	       764	80005b88	00030613	addi	x12,x6,0	  x6:0x80000138 x12=0x80000138
        7665000	       765	80005b8c	00060667	jalr	x12,x12,0	 x12:0x80000138 x12=0x80005b8c
        7675000	       766	00000000	00000013	addi	x0,x0,0	  x0:0x00000000
        7685000	       767	80000138	00000013	addi	x0,x0,0	  x0:0x00000000
        7695000	       768	8000013c	e0314897	auipc	x17,0xe0314	 x17=0x60314138
        7705000	       769	80000140	41240e33	sub	x28,x8,x18	  x8:0x204c83c4 x18:0x80009fc4 x28=0xa04be400
        7715000	       770	80000144	01961593	slli	x11,x12,0x19	 x12:0x80005b8c x11=0x18000000
        7725000	       771	80000148	00001417	auipc	x8,0x1	  x8=0x80001144
        7735000	       772	8000014c	e2c40413	addi	x8,x8,-468	  x8:0x80001144  x8=0x80000f70
        7745000	       773	80000150	39a40413	addi	x8,x8,922	  x8:0x80000f70  x8=0x8000130a
        7755000	       774	80000154	17abb593	sltiu	x11,x23,378	 x23:0x00000004 x11=0x00000001
        7765000	       775	80000158	0153fa63	bgeu	x7,x21,8000016c	  x7:0x80009fc4 x21:0x40990788
        7775000	       776	00000000	00000013	addi	x0,x0,0	  x0:0x00000000
        7785000	       777	80000168	00000013	addi	x0,x0,0	  x0:0x00000000
        7795000	       778	8000016c	c6640367	jalr	x6,x8,-922	  x8:0x8000130a  x6=0x8000016c
        7805000	       779	00000000	00000013	addi	x0,x0,0	  x0:0x00000000
        7815000	       780	80000f70	00000013	addi	x0,x0,0	  x0:0x00000000
        7825000	       781	80000f74	00360463	beq	x12,x3,80000f7c	 x12:0x80005b8c  x3:0x80009d3b
        7835000	       782	80000f78	411f0f33	sub	x30,x30,x17	 x30:0xfffff9a9 x17:0x60314138 x30=0x9fceb871
        7845000	       783	80000f7c	fcc20213	addi	x4,x4,-52	  x4:0x80009f84  x4=0x80009f50
        7855000	       784	80000f80	00622223	sw	x6,4(x4)	  x4:0x80009f50  x6:0x8000016c PA:0x80009f54
        7865000	       785	80000f84	01eac833	xor	x16,x21,x30	 x21:0x40990788 x30:0x9fceb871 x16=0xdf57bff9
        7875000	       786	80000f88	00901133	sll	x2,x0,x9	  x0:0x00000000  x9:0x397a9000  x2=0x00000000
        7885000	       787	80000f8c	01f7d093	srli	x1,x15,0x1f	 x15:0x00000000  x1=0x00000000
        7895000	       788	80000f90	01fad833	srl	x16,x21,x31	 x21:0x40990788 x31:0x00000016 x16=0x00000102
        7905000	       789	80000f94	00005c17	auipc	x24,0x5	 x24=0x80005f90
        7915000	       790	80000f98	898c0c13	addi	x24,x24,-1896	 x24:0x80005f90 x24=0x80005828
        7925000	       791	80000f9c	b41fb613	sltiu	x12,x31,-1215	 x31:0x00000016 x12=0x00000001
        7935000	       792	80000fa0	30783b93	sltiu	x23,x16,775	 x16:0x00000102 x23=0x00000001
        7945000	       793	80000fa4	011a2133	slt	x2,x20,x17	 x20:0x00000000 x17:0x60314138  x2=0x00000001
        7955000	       794	80000fa8	910d72b7	lui	x5,0x910d7	  x5=0x910d7000
        7965000	       795	80000fac	13ec0c13	addi	x24,x24,318	 x24:0x80005828 x24=0x80005966
        7975000	       796	80000fb0	00000013	addi	x0,x0,0	  x0:0x00000000
        7985000	       797	80000fb4	40eb5713	srai	x14,x22,0xe	 x22:0x00000001 x14=0x00000000
        7995000	       798	80000fb8	ec2c0367	jalr	x6,x24,-318	 x24:0x80005966  x6=0x80000fb8
        8005000	       799	00000000	00000013	addi	x0,x0,0	  x0:0x00000000
        8015000	       800	80005828	00000013	addi	x0,x0,0	  x0:0x00000000
        8025000	       801	8000582c	0142fdb3	and	x27,x5,x20	  x5:0x910d7000 x20:0x00000000 x27=0x00000000
        8035000	       802	80005830	26ce4c13	xori	x24,x28,620	 x28:0xa04be400 x24=0xa04be66c
        8045000	       803	80005834	ff020213	addi	x4,x4,-16	  x4:0x80009f50  x4=0x80009f40
        8055000	       804	80005838	00622223	sw	x6,4(x4)	  x4:0x80009f40  x6:0x80000fb8 PA:0x80009f44
        8065000	       805	8000583c	672a8793	addi	x15,x21,1650	 x21:0x40990788 x15=0x40990dfa
        8075000	       806	80005840	0031fb33	and	x22,x3,x3	  x3:0x80009d3b  x3:0x80009d3b x22=0x80009d3b
        8085000	       807	80005844	41f18a33	sub	x20,x3,x31	  x3:0x80009d3b x31:0x00000016 x20=0x80009d25
        8095000	       808	80005848	01944633	xor	x12,x8,x25	  x8:0x8000130a x25:0x2e790c74 x12=0xae791f7e
        8105000	       809	8000584c	007db1b3	sltu	x3,x27,x7	 x27:0x00000000  x7:0x80009fc4  x3=0x00000001
        8115000	       810	80005850	41565f93	srai	x31,x12,0x15	 x12:0xae791f7e x31=0xfffffd73
        8125000	       811	80005854	00000013	addi	x0,x0,0	  x0:0x00000000
        8135000	       812	80005858	01c97733	and	x14,x18,x28	 x18:0x80009fc4 x28:0xa04be400 x14=0x80008400
        8145000	       813	8000585c	ffffb997	auipc	x19,0xffffb	 x19=0x80000858
        8155000	       814	80005860	69098993	addi	x19,x19,1680	 x19:0x80000858 x19=0x80000ee8
        8165000	       815	80005864	d8498993	addi	x19,x19,-636	 x19:0x80000ee8 x19=0x80000c6c
        8175000	       816	80005868	41190c33	sub	x24,x18,x17	 x18:0x80009fc4 x17:0x60314138 x24=0x1fcf5e8c
        8185000	       817	8000586c	41f456b3	sra	x13,x8,x31	  x8:0x8000130a x31:0xfffffd73 x13=0xfffff000
        8195000	       818	80005870	27c98367	jalr	x6,x19,636	 x19:0x80000c6c  x6=0x80005870
        8205000	       819	00000000	00000013	addi	x0,x0,0	  x0:0x00000000
        8215000	       820	80000ee8	00000013	addi	x0,x0,0	  x0:0x00000000
        8225000	       821	80000eec	01125eb3	srl	x29,x4,x17	  x4:0x80009f40 x17:0x60314138 x29=0x00000080
        8235000	       822	80000ef0	fc020213	addi	x4,x4,-64	  x4:0x80009f40  x4=0x80009f00
        8245000	       823	80000ef4	0067e1b3	or	x3,x15,x6	 x15:0x40990dfa  x6:0x80005870  x3=0xc0995dfa
        8255000	       824	80000ef8	00622223	sw	x6,4(x4)	  x4:0x80009f00  x6:0x80005870 PA:0x80009f04
        8265000	       825	80000efc	013bd913	srli	x18,x23,0x13	 x23:0x00000001 x18=0x00000000
        8275000	       826	80000f00	00b8b8b3	sltu	x17,x17,x11	 x17:0x60314138 x11:0x00000001 x17=0x00000000
        8285000	       827	80000f04	005d6033	or	x0,x26,x5	 x26:0x02111000  x5:0x910d7000
        8295000	       828	80000f08	014035b3	sltu	x11,x0,x20	  x0:0x00000000 x20:0x80009d25 x11=0x00000001
        8305000	       829	80000f0c	407e3713	sltiu	x14,x28,1031	 x28:0xa04be400 x14=0x00000000
        8315000	       830	80000f10	40845133	sra	x2,x8,x8	  x8:0x8000130a  x8:0x8000130a  x2=0xffe00004
        8325000	       831	80000f14	02304463	blt	x0,x3,80000f3c	  x0:0x00000000  x3:0xc0995dfa
        8335000	       832	80000f18	00905463	bge	x0,x9,80000f20	  x0:0x00000000  x9:0x397a9000
        8345000	       833	80000f1c	00b17633	and	x12,x2,x11	  x2:0xffe00004 x11:0x00000001 x12=0x00000000
        8355000	       834	80000f20	019391b3	sll	x3,x7,x25	  x7:0x80009fc4 x25:0x2e790c74  x3=0xfc400000
        8365000	       835	80000f24	01a936b3	sltu	x13,x18,x26	 x18:0x00000000 x26:0x02111000 x13=0x00000001
        8375000	       836	80000f28	013392b3	sll	x5,x7,x19	  x7:0x80009fc4 x19:0x80000c6c  x5=0x09fc4000
        8385000	       837	80000f2c	00d20a33	add	x20,x4,x13	  x4:0x80009f00 x13:0x00000001 x20=0x80009f01
        8395000	       838	80000f30	418c5593	srai	x11,x24,0x18	 x24:0x1fcf5e8c x11=0x0000001f
        8405000	       839	80000f34	01d30463	beq	x6,x29,80000f3c	  x6:0x80005870 x29:0x00000080
        8415000	       840	80000f38	01998bb3	add	x23,x19,x25	 x19:0x80000c6c x25:0x2e790c74 x23=0xae7918e0
        8425000	       841	80000f3c	14f4b093	sltiu	x1,x9,335	  x9:0x397a9000  x1=0x00000000
        8435000	       842	80000f40	00000013	addi	x0,x0,0	  x0:0x00000000
        8445000	       843	80000f44	00422303	lw	x6,4(x4)	  x4:0x80009f00  x6=0x80005870 PA:0x80009f04
        8455000	       844	80000f48	9c7c0e37	lui	x28,0x9c7c0	 x28=0x9c7c0000
        8465000	       845	80000f4c	00c46633	or	x12,x8,x12	  x8:0x8000130a x12:0x00000000 x12=0x8000130a
        8475000	       846	80000f50	04020213	addi	x4,x4,64	  x4:0x80009f00  x4=0x80009f40
        8485000	       847	80000f54	926c0e17	auipc	x28,0x926c0	 x28=0x126c0f50
        8495000	       848	80000f58	dad07813	andi	x16,x0,-595	  x0:0x00000000 x16=0x00000000
        8505000	       849	80000f5c	9f6af0b7	lui	x1,0x9f6af	  x1=0x9f6af000
        8515000	       850	80000f60	014f1e13	slli	x28,x30,0x14	 x30:0x9fceb871 x28=0x87100000
        8525000	       851	80000f64	00000013	addi	x0,x0,0	  x0:0x00000000
        8535000	       852	80000f68	a05db737	lui	x14,0xa05db	 x14=0xa05db000
        8545000	       853	80000f6c	00130e13	addi	x28,x6,1	  x6:0x80005870 x28=0x80005871
        8555000	       854	80000f70	000e0e67	jalr	x28,x28,0	 x28:0x80005871 x28=0x80000f70
        8565000	       855	00000000	00000013	addi	x0,x0,0	  x0:0x00000000
        8575000	       856	80005870	00000013	addi	x0,x0,0	  x0:0x00000000
        8585000	       857	80005874	008999b3	sll	x19,x19,x8	 x19:0x80000c6c  x8:0x8000130a x19=0x0031b000
        8595000	       858	80005878	7dd0ed13	ori	x26,x1,2013	  x1:0x9f6af000 x26=0x9f6af7dd
        8605000	       859	8000587c	008e2d33	slt	x26,x28,x8	 x28:0x80000f70  x8:0x8000130a x26=0x00000001
        8615000	       860	80005880	87360d13	addi	x26,x12,-1933	 x12:0x8000130a x26=0x80000b7d
        8625000	       861	80005884	40345833	sra	x16,x8,x3	  x8:0x8000130a  x3:0xfc400000 x16=0x8000130a
        8635000	       862	80005888	05f38063	beq	x7,x31,800058c8	  x7:0x80009fc4 x31:0xfffffd73
        8645000	       863	8000588c	ca56f917	auipc	x18,0xca56f	 x18=0x4a574888
        8655000	       864	80005890	a68dca93	xori	x21,x27,-1432	 x27:0x00000000 x21=0xfffffa68
        8665000	       865	80005894	017f9f33	sll	x30,x31,x23	 x31:0xfffffd73 x23:0xae7918e0 x30=0xfffffd73
        8675000	       866	80005898	40335c13	srai	x24,x6,0x3	  x6:0x80005870 x24=0xf0000b0e
        8685000	       867	8000589c	0003d733	srl	x14,x7,x0	  x7:0x80009fc4  x0:0x00000000 x14=0x80009fc4
        8695000	       868	800058a0	40585e93	srai	x29,x16,0x5	 x16:0x8000130a x29=0xfc000098
        8705000	       869	800058a4	01aab1b3	sltu	x3,x21,x26	 x21:0xfffffa68 x26:0x80000b7d  x3=0x00000000
        8715000	       870	800058a8	67e7f493	andi	x9,x15,1662	 x15:0x40990dfa  x9=0x0000047a
        8725000	       871	800058ac	408e5333	sra	x6,x28,x8	 x28:0x80000f70  x8:0x8000130a  x6=0xffe00003
        8735000	       872	800058b0	01901633	sll	x12,x0,x25	  x0:0x00000000 x25:0x2e790c74 x12=0x00000000
        8745000	       873	800058b4	016941b3	xor	x3,x18,x22	 x18:0x4a574888 x22:0x80009d3b  x3=0xca57d5b3
        8755000	       874	800058b8	016ac033	xor	x0,x21,x22	 x21:0xfffffa68 x22:0x80009d3b
        8765000	       875	800058bc	01512033	slt	x0,x2,x21	  x2:0xffe00004 x21:0xfffffa68
        8775000	       876	800058c0	00000013	addi	x0,x0,0	  x0:0x00000000
        8785000	       877	800058c4	01cc55b3	srl	x11,x24,x28	 x24:0xf0000b0e x28:0x80000f70 x11=0x0000f000
        8795000	       878	800058c8	46c89997	auipc	x19,0x46c89	 x19=0xc6c8e8c4
        8805000	       879	800058cc	01a1f663	bgeu	x3,x26,800058d8	  x3:0xca57d5b3 x26:0x80000b7d
        8815000	       880	00000000	00000013	addi	x0,x0,0	  x0:0x00000000
        8825000	       881	800058d4	00000013	addi	x0,x0,0	  x0:0x00000000
        8835000	       882	800058d8	0121fc13	andi	x24,x3,18	  x3:0xca57d5b3 x24=0x00000012
        8845000	       883	800058dc	2d0cc813	xori	x16,x25,720	 x25:0x2e790c74 x16=0x2e790ea4
        8855000	       884	800058e0	364a3293	sltiu	x5,x20,868	 x20:0x80009f01  x5=0x00000000
        8865000	       885	800058e4	00d8eb33	or	x22,x17,x13	 x17:0x00000000 x13:0x00000001 x22=0x00000001
        8875000	       886	800058e8	01d0d633	srl	x12,x1,x29	  x1:0x9f6af000 x29:0xfc000098 x12=0x0000009f
        8885000	       887	800058ec	8985ff17	auipc	x30,0x8985f	 x30=0x098648e8
        8895000	       888	800058f0	1e935817	auipc	x16,0x1e935	 x16=0x9e93a8ec
        8905000	       889	800058f4	41c2d113	srai	x2,x5,0x1c	  x5:0x00000000  x2=0x00000000
        8915000	       890	800058f8	01d6d693	srli	x13,x13,0x1d	 x13:0x00000001 x13=0x00000000
        8925000	       891	800058fc	0ed76713	ori	x14,x14,237	 x14:0x80009fc4 x14=0x80009fed
        8935000	       892	80005900	5c36f493	andi	x9,x13,1475	 x13:0x00000000  x9=0x00000000
        8945000	       893	80005904	010e7a33	and	x20,x28,x16	 x28:0x80000f70 x16:0x9e93a8ec x20=0x80000860
        8955000	       894	80005908	a7c1cf93	xori	x31,x3,-1412	  x3:0xca57d5b3 x31=0x35a82fcf
        8965000	       895	8000590c	40627a93	andi	x21,x4,1030	  x4:0x80009f40 x21=0x00000400
        8975000	       896	80005910	01e01593	slli	x11,x0,0x1e	  x0:0x00000000 x11=0x00000000
        8985000	       897	80005914	3a316893	ori	x17,x2,931	  x2:0x00000000 x17=0x000003a3
        8995000	       898	80005918	01d61d33	sll	x26,x12,x29	 x12:0x0000009f x29:0xfc000098 x26=0x9f000000
        9005000	       899	8000591c	19b7b793	sltiu	x15,x15,411	 x15:0x40990dfa x15=0x00000000
        9015000	       900	80005920	40a656b3	sra	x13,x12,x10	 x12:0x0000009f x10:0xfffff861 x13=0x0000004f
        9025000	       901	80005924	02521063	bne	x4,x5,80005944	  x4:0x80009f40  x5:0x00000000
        9035000	       902	00000000	00000013	addi	x0,x0,0	  x0:0x00000000
        9045000	       903	80005940	00000013	addi	x0,x0,0	  x0:0x00000000
        9055000	       904	80005944	0189aa33	slt	x20,x19,x24	 x19:0xc6c8e8c4 x24:0x00000012 x20=0x00000001
        9065000	       905	80005948	4006d633	sra	x12,x13,x0	 x13:0x0000004f  x0:0x00000000 x12=0x0000004f
        9075000	       906	8000594c	00422303	lw	x6,4(x4)	  x4:0x80009f40  x6=0x80000fb8 PA:0x80009f44
        9085000	       907	80005950	01020213	addi	x4,x4,16	  x4:0x80009f40  x4=0x80009f50
        9095000	       908	80005954	86e9af97	auipc	x31,0x86e9a	 x31=0x06e9f950
        9105000	       909	80005958	00457e33	and	x28,x10,x4	 x10:0xfffff861  x4:0x80009f50 x28=0x80009840
        9115000	       910	8000595c	00030113	addi	x2,x6,0	  x6:0x80000fb8  x2=0x80000fb8
        9125000	       911	80005960	00010167	jalr	x2,x2,0	  x2:0x80000fb8  x2=0x80005960
        9135000	       912	00000000	00000013	addi	x0,x0,0	  x0:0x00000000
        9145000	       913	80000fb8	00000013	addi	x0,x0,0	  x0:0x00000000
        9155000	       914	80000fbc	40145d33	sra	x26,x8,x1	  x8:0x8000130a  x1:0x9f6af000 x26=0x8000130a
        9165000	       915	80000fc0	0127adb3	slt	x27,x15,x18	 x15:0x00000000 x18:0x4a574888 x27=0x00000001
        9175000	       916	80000fc4	00901a93	slli	x21,x0,0x9	  x0:0x00000000 x21=0x00000000
        9185000	       917	80000fc8	48ebbf93	sltiu	x31,x23,1166	 x23:0xae7918e0 x31=0x00000000
        9195000	       918	80000fcc	01f28db3	add	x27,x5,x31	  x5:0x00000000 x31:0x00000000 x27=0x00000000
        9205000	       919	80000fd0	be00e593	ori	x11,x1,-1056	  x1:0x9f6af000 x11=0xfffffbe0
        9215000	       920	80000fd4	d7cff36f	jal	x6,80000fd4	  x6=0x80000fd4
        9225000	       921	00000000	00000013	addi	x0,x0,0	  x0:0x00000000
        9235000	       922	8000054c	00000013	addi	x0,x0,0	  x0:0x00000000
        9245000	       923	80000550	01f64533	xor	x10,x12,x31	 x12:0x0000004f x31:0x00000000 x10=0x0000004f
        9255000	       924	80000554	016a6b33	or	x22,x20,x22	 x20:0x00000001 x22:0x00000001 x22=0x00000001
        9265000	       925	80000558	d486af93	slti	x31,x13,-696	 x13:0x0000004f x31=0x00000000
        9275000	       926	8000055c	fdc20213	addi	x4,x4,-36	  x4:0x80009f50  x4=0x80009f2c
        9285000	       927	80000560	00622223	sw	x6,4(x4)	  x4:0x80009f2c  x6:0x80000fd4 PA:0x80009f30
        9295000	       928	80000564	68d50117	auipc	x2,0x68d50	  x2=0xe8d50560
        9305000	       929	80000568	00e69613	slli	x12,x13,0xe	 x13:0x0000004f x12=0x0013c000
        9315000	       930	8000056c	00005897	auipc	x17,0x5	 x17=0x80005568
        9325000	       931	80000570	62488893	addi	x17,x17,1572	 x17:0x80005568 x17=0x80005b8c
        9335000	       932	80000574	0bf88893	addi	x17,x17,191	 x17:0x80005b8c x17=0x80005c4b
        9345000	       933	80000578	bac20413	addi	x8,x4,-1108	  x4:0x80009f2c  x8=0x80009ad8
        9355000	       934	8000057c	011b6863	bltu	x22,x17,8000058c	 x22:0x00000001 x17:0x80005c4b
        9365000	       935	00000000	00000013	addi	x0,x0,0	  x0:0x00000000
        9375000	       936	80000588	00000013	addi	x0,x0,0	  x0:0x00000000
        9385000	       937	8000058c	f4188367	jalr	x6,x17,-191	 x17:0x80005c4b  x6=0x8000058c
        9395000	       938	00000000	00000013	addi	x0,x0,0	  x0:0x00000000
        9405000	       939	80005b8c	00000013	addi	x0,x0,0	  x0:0x00000000
        9415000	       940	80005b90	40fedeb3	sra	x29,x29,x15	 x29:0xfc000098 x15:0x00000000 x29=0xfc000098
        9425000	       941	80005b94	0083a0b3	slt	x1,x7,x8	  x7:0x80009fc4  x8:0x80009ad8  x1=0x00000000
        9435000	       942	80005b98	fdc20213	addi	x4,x4,-36	  x4:0x80009f2c  x4=0x80009f08
        9445000	       943	80005b9c	4108db13	srai	x22,x17,0x10	 x17:0x80005c4b x22=0xffff8000
        9455000	       944	80005ba0	fd03b713	sltiu	x14,x7,-48	  x7:0x80009fc4 x14=0x00000001
        9465000	       945	80005ba4	139be993	ori	x19,x23,313	 x23:0xae7918e0 x19=0xae7919f9
        9475000	       946	80005ba8	e7576f93	ori	x31,x14,-395	 x14:0x00000001 x31=0xfffffe75
        9485000	       947	80005bac	00f69113	slli	x2,x13,0xf	 x13:0x0000004f  x2=0x00278000
        9495000	       948	80005bb0	de0cbc13	sltiu	x24,x25,-544	 x25:0x2e790c74 x24=0x00000001
        9505000	       949	80005bb4	00622223	sw	x6,4(x4)	  x4:0x80009f08  x6:0x8000058c PA:0x80009f0c
        9515000	       950	80005bb8	00085c13	srli	x24,x16,0x0	 x16:0x9e93a8ec x24=0x9e93a8ec
        9525000	       951	80005bbc	00591f93	slli	x31,x18,0x5	 x18:0x4a574888 x31=0x4ae91100
        9535000	       952	80005bc0	ed2de813	ori	x16,x27,-302	 x27:0x00000000 x16=0xfffffed2
        9545000	       953	80005bc4	41015db3	sra	x27,x2,x16	  x2:0x00278000 x16:0xfffffed2 x27=0x00000009
        9555000	       954	80005bc8	006f9c63	bne	x31,x6,80005be0	 x31:0x4ae91100  x6:0x8000058c
        9565000	       955	00000000	00000013	addi	x0,x0,0	  x0:0x00000000
        9575000	       956	80005bdc	00000013	addi	x0,x0,0	  x0:0x00000000
        9585000	       957	80005be0	00675863	bge	x14,x6,80005bf0	 x14:0x00000001  x6:0x8000058c
        9595000	       958	00000000	00000013	addi	x0,x0,0	  x0:0x00000000
        9605000	       959	80005bec	00000013	addi	x0,x0,0	  x0:0x00000000
        9615000	       960	80005bf0	e7eff893	andi	x17,x31,-386	 x31:0x4ae91100 x17=0x4ae91000
        9625000	       961	80005bf4	00701b93	slli	x23,x0,0x7	  x0:0x00000000 x23=0x00000000
        9635000	       962	80005bf8	bf5caf13	slti	x30,x25,-1035	 x25:0x2e790c74 x30=0x00000000
        9645000	       963	80005bfc	41f0d6b3	sra	x13,x1,x31	  x1:0x00000000 x31:0x4ae91100 x13=0x00000000
        9655000	       964	80005c00	01649913	slli	x18,x9,0x16	  x9:0x00000000 x18=0x00000000
        9665000	       965	80005c04	41e05293	srai	x5,x0,0x1e	  x0:0x00000000  x5=0x00000000
        9675000	       966	80005c08	00000013	addi	x0,x0,0	  x0:0x00000000
        9685000	       967	80005c0c	25f37c13	andi	x24,x6,607	  x6:0x8000058c x24=0x0000000c
        9695000	       968	80005c10	b87f4013	xori	x0,x30,-1145	 x30:0x00000000
        9705000	       969	80005c14	03ba5663	bge	x20,x27,80005c40	 x20:0x00000001 x27:0x00000009
        9715000	       970	80005c18	00c91b33	sll	x22,x18,x12	 x18:0x00000000 x12:0x0013c000 x22=0x00000000
        9725000	       971	80005c1c	00d4a8b3	slt	x17,x9,x13	  x9:0x00000000 x13:0x00000000 x17=0x00000000
        9735000	       972	80005c20	8bd8e013	ori	x0,x17,-1859	 x17:0x00000000
        9745000	       973	80005c24	1025be93	sltiu	x29,x11,258	 x11:0xfffffbe0 x29=0x00000000
        9755000	       974	80005c28	01fad793	srli	x15,x21,0x1f	 x21:0x00000000 x15=0x00000000
        9765000	       975	80005c2c	8c31eeb7	lui	x29,0x8c31e	 x29=0x8c31e000
        9775000	       976	80005c30	37ea0093	addi	x1,x20,894	 x20:0x00000001  x1=0x0000037f
        9785000	       977	80005c34	05c6d263	bge	x13,x28,80005c78	 x13:0x00000000 x28:0x80009840
        9795000	       978	00000000	00000013	addi	x0,x0,0	  x0:0x00000000
        9805000	       979	80005c74	00000013	addi	x0,x0,0	  x0:0x00000000
        9815000	       980	80005c78	00fc5013	srli	x0,x24,0xf	 x24:0x0000000c
        9825000	       981	80005c7c	018ebeb3	sltu	x29,x29,x24	 x29:0x8c31e000 x24:0x0000000c x29=0x00000000
        9835000	       982	80005c80	2c9d8e17	auipc	x28,0x2c9d8	 x28=0xac9ddc7c
        9845000	       983	80005c84	00422303	lw	x6,4(x4)	  x4:0x80009f08  x6=0x8000058c PA:0x80009f0c
        9855000	       984	80005c88	018bfab3	and	x21,x23,x24	 x23:0x00000000 x24:0x0000000c x21=0x00000000
        9865000	       985	80005c8c	16ef4793	xori	x15,x30,366	 x30:0x00000000 x15=0x0000016e
        9875000	       986	80005c90	02420213	addi	x4,x4,36	  x4:0x80009f08  x4=0x80009f2c
        9885000	       987	80005c94	41a602b3	sub	x5,x12,x26	 x12:0x0013c000 x26:0x8000130a  x5=0x8013acf6
        9895000	       988	80005c98	01981513	slli	x10,x16,0x19	 x16:0xfffffed2 x10=0xa4000000
        9905000	       989	80005c9c	047a2f93	slti	x31,x20,71	 x20:0x00000001 x31=0x00000001
        9915000	       990	80005ca0	0083ba33	sltu	x20,x7,x8	  x7:0x80009fc4  x8:0x80009ad8 x20=0x00000000
        9925000	       991	80005ca4	1709f737	lui	x14,0x1709f	 x14=0x1709f000
        9935000	       992	80005ca8	00130c13	addi	x24,x6,1	  x6:0x8000058c x24=0x8000058d
        9945000	       993	80005cac	000c0c67	jalr	x24,x24,0	 x24:0x8000058d x24=0x80005cac
        9955000	       994	00000000	00000013	addi	x0,x0,0	  x0:0x00000000
        9965000	       995	8000058c	00000013	addi	x0,x0,0	  x0:0x00000000
        9975000	       996	80000590	00008317	auipc	x6,0x8	  x6=0x8000858c
        9985000	       997	80000594	49130313	addi	x6,x6,1169	  x6:0x8000858c  x6=0x80008a1d
        9995000	       998	80000598	fdb32c03	lw	x24,-37(x6)	  x6:0x80008a1d x24=0x593a281d PA:0x800089f8
       10005000	       999	8000059c	00131103	lh	x2,1(x6)	  x6:0x80008a1d  x2=0xffff9064 PA:0x80008a1e
       10015000	      1000	800005a0	02b35603	lhu	x12,43(x6)	  x6:0x80008a1d x12=0x0000f3c8 PA:0x80008a48
       10025000	      1001	800005a4	00789e13	slli	x28,x17,0x7	 x17:0x00000000 x28=0x00000000
       10035000	      1002	800005a8	fc7ab997	auipc	x19,0xfc7ab	 x19=0x7c7ab5a4
       10045000	      1003	800005ac	01f41a93	slli	x21,x8,0x1f	  x8:0x80009ad8 x21=0x00000000
       10055000	      1004	800005b0	0166ddb3	srl	x27,x13,x22	 x13:0x00000000 x22:0x00000000 x27=0x00000000
       10065000	      1005	800005b4	02234583	lbu	x11,34(x6)	  x6:0x80008a1d x11=0x000000b7 PA:0x80008a3f
       10075000	      1006	800005b8	01260e33	add	x28,x12,x18	 x12:0x0000f3c8 x18:0x00000000 x28=0x0000f3c8
       10085000	      1007	800005bc	fed34503	lbu	x10,-19(x6)	  x6:0x80008a1d x10=0x00000040 PA:0x80008a0a
       10095000	      1008	800005c0	02731503	lh	x10,39(x6)	  x6:0x80008a1d x10=0xffffb6d3 PA:0x80008a44
       10105000	      1009	800005c4	fe3308a3	sb	x3,-15(x6)	  x6:0x80008a1d  x3:0xca57d5b3 PA:0x80008a0e
       10115000	      1010	800005c8	856b0013	addi	x0,x22,-1962	 x22:0x00000000
       10125000	      1011	800005cc	03135183	lhu	x3,49(x6)	  x6:0x80008a1d  x3=0x00002ac8 PA:0x80008a4e
       10135000	      1012	800005d0	e9e8c893	xori	x17,x17,-354	 x17:0x00000000 x17=0xfffffe9e
       10145000	      1013	800005d4	40550db3	sub	x27,x10,x5	 x10:0xffffb6d3  x5:0x8013acf6 x27=0x7fec09dd
       10155000	      1014	800005d8	fc530723	sb	x5,-50(x6)	  x6:0x80008a1d  x5:0x8013acf6 PA:0x800089eb
       10165000	      1015	800005dc	fe230d03	lb	x26,-30(x6)	  x6:0x80008a1d x26=0x0000001c PA:0x800089ff
       10175000	      1016	800005e0	ff734f83	lbu	x31,-9(x6)	  x6:0x80008a1d x31=0x000000c3 PA:0x80008a14
       10185000	      1017	800005e4	fd131b03	lh	x22,-47(x6)	  x6:0x80008a1d x22=0xffff9e0c PA:0x800089ee
       10195000	      1018	800005e8	022306a3	sb	x2,45(x6)	  x6:0x80008a1d  x2:0xffff9064 PA:0x80008a4a
       10205000	      1019	800005ec	015289b3	add	x19,x5,x21	  x5:0x8013acf6 x21:0x00000000 x19=0x8013acf6
       10215000	      1020	800005f0	b11c4c13	xori	x24,x24,-1263	 x24:0x593a281d x24=0xa6c5d30c
       10225000	      1021	800005f4	fc75b193	sltiu	x3,x11,-57	 x11:0x000000b7  x3=0x00000001
       10235000	      1022	800005f8	01f31f03	lh	x30,31(x6)	  x6:0x80008a1d x30=0x000018e3 PA:0x80008a3c
       10245000	      1023	800005fc	00000013	addi	x0,x0,0	  x0:0x00000000
       10255000	      1024	80000600	03134083	lbu	x1,49(x6)	  x6:0x80008a1d  x1=0x000000c8 PA:0x80008a4e
       10265000	      1025	80000604	fce30c03	lb	x24,-50(x6)	  x6:0x80008a1d x24=0xfffffff6 PA:0x800089eb
       10275000	      1026	80000608	fe131aa3	sh	x1,-11(x6)	  x6:0x80008a1d  x1:0x000000c8 PA:0x80008a12
       10285000	      1027	8000060c	40f556b3	sra	x13,x10,x15	 x10:0xffffb6d3 x15:0x0000016e x13=0xfffffffe
       10295000	      1028	80000610	858b8c13	addi	x24,x23,-1960	 x23:0x00000000 x24=0xfffff858
       10305000	      1029	80000614	04f506b7	lui	x13,0x4f50	 x13=0x04f50000
       10315000	      1030	80000618	02a34183	lbu	x3,42(x6)	  x6:0x80008a1d  x3=0x000000ea PA:0x80008a47
       10325000	      1031	8000061c	008768b3	or	x17,x14,x8	 x14:0x1709f000  x8:0x80009ad8 x17=0x9709fad8
       10335000	      1032	80000620	019267b3	or	x15,x4,x25	  x4:0x80009f2c x25:0x2e790c74 x15=0xae799f7c
       10345000	      1033	80000624	0080f1b3	and	x3,x1,x8	  x1:0x000000c8  x8:0x80009ad8  x3=0x000000c8
       10355000	      1034	80000628	01e62bb3	slt	x23,x12,x30	 x12:0x0000f3c8 x30:0x000018e3 x23=0x00000000
       10365000	      1035	8000062c	99604893	xori	x17,x0,-1642	  x0:0x00000000 x17=0xfffff996
       10375000	      1036	80000630	00338eb3	add	x29,x7,x3	  x7:0x80009fc4  x3:0x000000c8 x29=0x8000a08c
       10385000	      1037	80000634	00000013	addi	x0,x0,0	  x0:0x00000000
       10395000	      1038	80000638	9d814d13	xori	x26,x2,-1576	  x2:0xffff9064 x26=0x000069bc
       10405000	      1039	8000063c	02460063	beq	x12,x4,8000065c	 x12:0x0000f3c8  x4:0x80009f2c
       10415000	      1040	80000640	06068663	beq	x13,x0,800006ac	 x13:0x04f50000  x0:0x00000000
       10425000	      1041	80000644	000534b3	sltu	x9,x10,x0	 x10:0xffffb6d3  x0:0x00000000  x9=0x00000000
       10435000	      1042	80000648	00000013	addi	x0,x0,0	  x0:0x00000000
       10445000	      1043	8000064c	0019d693	srli	x13,x19,0x1	 x19:0x8013acf6 x13=0x4009d67b
       10455000	      1044	80000650	01c83533	sltu	x10,x16,x28	 x16:0xfffffed2 x28:0x0000f3c8 x10=0x00000000
       10465000	      1045	80000654	00f85433	srl	x8,x16,x15	 x16:0xfffffed2 x15:0xae799f7c  x8=0x0000000f
       10475000	      1046	80000658	014c4733	xor	x14,x24,x20	 x24:0xfffff858 x20:0x00000000 x14=0xfffff858
       10485000	      1047	8000065c	3400b713	sltiu	x14,x1,832	  x1:0x000000c8 x14=0x00000001
       10495000	      1048	80000660	410f8b33	sub	x22,x31,x16	 x31:0x000000c3 x16:0xfffffed2 x22=0x000001f1
       10505000	      1049	80000664	012602b3	add	x5,x12,x18	 x12:0x0000f3c8 x18:0x00000000  x5=0x0000f3c8
       10515000	      1050	80000668	05be1663	bne	x28,x27,800006b4	 x28:0x0000f3c8 x27:0x7fec09dd
       10525000	      1051	00000000	00000013	addi	x0,x0,0	  x0:0x00000000
       10535000	      1052	800006b0	00000013	addi	x0,x0,0	  x0:0x00000000
       10545000	      1053	800006b4	00fc0ab3	add	x21,x24,x15	 x24:0xfffff858 x15:0xae799f7c x21=0xae7997d4
       10555000	      1054	800006b8	00506833	or	x16,x0,x5	  x0:0x00000000  x5:0x0000f3c8 x16=0x0000f3c8
       10565000	      1055	800006bc	00a29d33	sll	x26,x5,x10	  x5:0x0000f3c8 x10:0x00000000 x26=0x0000f3c8
       10575000	      1056	800006c0	406ed933	sra	x18,x29,x6	 x29:0x8000a08c  x6:0x80008a1d x18=0xfffffffc
       10585000	      1057	800006c4	00000013	addi	x0,x0,0	  x0:0x00000000
       10595000	      1058	800006c8	01eeb833	sltu	x16,x29,x30	 x29:0x8000a08c x30:0x000018e3 x16=0x00000000
       10605000	      1059	800006cc	01916333	or	x6,x2,x25	  x2:0xffff9064 x25:0x2e790c74  x6=0xffff9c74
       10615000	      1060	800006d0	0026d113	srli	x2,x13,0x2	 x13:0x4009d67b  x2=0x1002759e
       10625000	      1061	800006d4	03d41463	bne	x8,x29,800006fc	  x8:0x0000000f x29:0x8000a08c
       10635000	      1062	00000000	00000013	addi	x0,x0,0	  x0:0x00000000
       10645000	      1063	800006f8	00000013	addi	x0,x0,0	  x0:0x00000000
       10655000	      1064	800006fc	00000013	addi	x0,x0,0	  x0:0x00000000
       10665000	      1065	80000700	88e46b13	ori	x22,x8,-1906	  x8:0x0000000f x22=0xfffff88f
       10675000	      1066	80000704	467f7193	andi	x3,x30,1127	 x30:0x000018e3  x3=0x00000063
       10685000	      1067	80000708	ea1d2693	slti	x13,x26,-351	 x26:0x0000f3c8 x13=0x00000000
       10695000	      1068	8000070c	02ffdc63	bge	x31,x15,80000744	 x31:0x000000c3 x15:0xae799f7c
       10705000	      1069	00000000	00000013	addi	x0,x0,0	  x0:0x00000000
       10715000	      1070	80000740	00000013	addi	x0,x0,0	  x0:0x00000000
       10725000	      1071	80000744	2c089a37	lui	x20,0x2c089	 x20=0x2c089000
       10735000	      1072	80000748	05fe4463	blt	x28,x31,80000790	 x28:0x0000f3c8 x31:0x000000c3
       10745000	      1073	8000074c	00c602b3	add	x5,x12,x12	 x12:0x0000f3c8 x12:0x0000f3c8  x5=0x0001e790
       10755000	      1074	80000750	0164c6b3	xor	x13,x9,x22	  x9:0x00000000 x22:0xfffff88f x13=0xfffff88f
       10765000	      1075	80000754	445b4093	xori	x1,x22,1093	 x22:0xfffff88f  x1=0xfffffcca
       10775000	      1076	80000758	045c9263	bne	x25,x5,8000079c	 x25:0x2e790c74  x5:0x0001e790
       10785000	      1077	00000000	00000013	addi	x0,x0,0	  x0:0x00000000
       10795000	      1078	80000798	00000013	addi	x0,x0,0	  x0:0x00000000
       10805000	      1079	8000079c	011dca63	blt	x27,x17,800007b0	 x27:0x7fec09dd x17:0xfffff996
       10815000	      1080	800007a0	00000013	addi	x0,x0,0	  x0:0x00000000
       10825000	      1081	800007a4	4026d0b3	sra	x1,x13,x2	 x13:0xfffff88f  x2:0x1002759e  x1=0xffffffff
       10835000	      1082	800007a8	04cef663	bgeu	x29,x12,800007f4	 x29:0x8000a08c x12:0x0000f3c8
       10845000	      1083	00000000	00000013	addi	x0,x0,0	  x0:0x00000000
       10855000	      1084	800007f0	00000013	addi	x0,x0,0	  x0:0x00000000
       10865000	      1085	800007f4	000f1463	bne	x30,x0,800007fc	 x30:0x000018e3  x0:0x00000000
       10875000	      1086	00000000	00000013	addi	x0,x0,0	  x0:0x00000000
       10885000	      1087	800007f8	00000013	addi	x0,x0,0	  x0:0x00000000
       10895000	      1088	800007fc	158db0b7	lui	x1,0x158db	  x1=0x158db000
       10905000	      1089	80000800	0139ad33	slt	x26,x19,x19	 x19:0x8013acf6 x19:0x8013acf6 x26=0x00000000
       10915000	      1090	80000804	00000117	auipc	x2,0x0	  x2=0x80000800
       10925000	      1091	80000808	b6410113	addi	x2,x2,-1180	  x2:0x80000800  x2=0x80000364
       10935000	      1092	8000080c	017fc9b3	xor	x19,x31,x23	 x31:0x000000c3 x23:0x00000000 x19=0x000000c3
       10945000	      1093	80000810	014cd7b3	srl	x15,x25,x20	 x25:0x2e790c74 x20:0x2c089000 x15=0x2e790c74
       10955000	      1094	80000814	412a8bb3	sub	x23,x21,x18	 x21:0xae7997d4 x18:0xfffffffc x23=0xae7997d8
       10965000	      1095	80000818	40b3d193	srai	x3,x7,0xb	  x7:0x80009fc4  x3=0xfff00013
       10975000	      1096	8000081c	00f4e633	or	x12,x9,x15	  x9:0x00000000 x15:0x2e790c74 x12=0x2e790c74
       10985000	      1097	80000820	eb110113	addi	x2,x2,-335	  x2:0x80000364  x2=0x80000215
       10995000	      1098	80000824	01bb74b3	and	x9,x22,x27	 x22:0xfffff88f x27:0x7fec09dd  x9=0x7fec088d
       11005000	      1099	80000828	01dd9863	bne	x27,x29,80000838	 x27:0x7fec09dd x29:0x8000a08c
       11015000	      1100	00000000	00000013	addi	x0,x0,0	  x0:0x00000000
       11025000	      1101	80000834	00000013	addi	x0,x0,0	  x0:0x00000000
       11035000	      1102	80000838	14f10367	jalr	x6,x2,335	  x2:0x80000215  x6=0x80000838
       11045000	      1103	00000000	00000013	addi	x0,x0,0	  x0:0x00000000
       11055000	      1104	80000364	00000013	addi	x0,x0,0	  x0:0x00000000
       11065000	      1105	80000368	fe820213	addi	x4,x4,-24	  x4:0x80009f2c  x4=0x80009f14
       11075000	      1106	8000036c	01441a93	slli	x21,x8,0x14	  x8:0x0000000f x21=0x00f00000
       11085000	      1107	80000370	00622223	sw	x6,4(x4)	  x4:0x80009f14  x6:0x80000838 PA:0x80009f18
       11095000	      1108	80000374	8f120413	addi	x8,x4,-1807	  x4:0x80009f14  x8=0x80009805
       11105000	      1109	80000378	00000013	addi	x0,x0,0	  x0:0x00000000
       11115000	      1110	8000037c	018fca63	blt	x31,x24,80000390	 x31:0x000000c3 x24:0xfffff858
       11125000	      1111	80000380	007d7833	and	x16,x26,x7	 x26:0x00000000  x7:0x80009fc4 x16=0x00000000
       11135000	      1112	80000384	aa39a693	slti	x13,x19,-1373	 x19:0x000000c3 x13=0x00000000
       11145000	      1113	80000388	01238e33	add	x28,x7,x18	  x7:0x80009fc4 x18:0xfffffffc x28=0x80009fc0
       11155000	      1114	8000038c	017c1033	sll	x0,x24,x23	 x24:0xfffff858 x23:0xae7997d8
       11165000	      1115	80000390	01eb00b3	add	x1,x22,x30	 x22:0xfffff88f x30:0x000018e3  x1=0x00001172
       11175000	      1116	80000394	027a9463	bne	x21,x7,800003bc	 x21:0x00f00000  x7:0x80009fc4
       11185000	      1117	00000000	00000013	addi	x0,x0,0	  x0:0x00000000
       11195000	      1118	800003b8	00000013	addi	x0,x0,0	  x0:0x00000000
       11205000	      1119	800003bc	0442f063	bgeu	x5,x4,800003fc	  x5:0x0001e790  x4:0x80009f14
       11215000	      1120	800003c0	006cfdb3	and	x27,x25,x6	 x25:0x2e790c74  x6:0x80000838 x27=0x00000830
       11225000	      1121	800003c4	05f58063	beq	x11,x31,80000404	 x11:0x000000b7 x31:0x000000c3
       11235000	      1122	800003c8	01f1f133	and	x2,x3,x31	  x3:0xfff00013 x31:0x000000c3  x2=0x00000003
       11245000	      1123	800003cc	01c5d263	bge	x11,x28,800003d0	 x11:0x000000b7 x28:0x80009fc0
       11255000	      1124	00000000	00000013	addi	x0,x0,0	  x0:0x00000000
       11265000	      1125	800003cc	00000013	addi	x0,x0,0	  x0:0x00000000
       11275000	      1126	800003d0	00000013	addi	x0,x0,0	  x0:0x00000000
       11285000	      1127	800003d4	40975b33	sra	x22,x14,x9	 x14:0x00000001  x9:0x7fec088d x22=0x00000000
       11295000	      1128	800003d8	00000013	addi	x0,x0,0	  x0:0x00000000
       11305000	      1129	800003dc	00dab0b3	sltu	x1,x21,x13	 x21:0x00f00000 x13:0x00000000  x1=0x00000000
       11315000	      1130	800003e0	4043d2b3	sra	x5,x7,x4	  x7:0x80009fc4  x4:0x80009f14  x5=0xfffff800
       11325000	      1131	800003e4	751d4013	xori	x0,x26,1873	 x26:0x00000000
       11335000	      1132	800003e8	401c0d33	sub	x26,x24,x1	 x24:0xfffff858  x1:0x00000000 x26=0xfffff858
       11345000	      1133	800003ec	017bf533	and	x10,x23,x23	 x23:0xae7997d8 x23:0xae7997d8 x10=0xae7997d8
       11355000	      1134	800003f0	414bd193	srai	x3,x23,0x14	 x23:0xae7997d8  x3=0xfffffae7
       11365000	      1135	800003f4	bb2c6693	ori	x13,x24,-1102	 x24:0xfffff858 x13=0xfffffbfa
       11375000	      1136	800003f8	0594e863	bltu	x9,x25,80000448	  x9:0x7fec088d x25:0x2e790c74
       11385000	      1137	800003fc	00bcc6b3	xor	x13,x25,x11	 x25:0x2e790c74 x11:0x000000b7 x13=0x2e790cc3
       11395000	      1138	80000400	00c59a33	sll	x20,x11,x12	 x11:0x000000b7 x12:0x2e790c74 x20=0x0b700000
       11405000	      1139	80000404	6a177913	andi	x18,x14,1697	 x14:0x00000001 x18=0x00000001
       11415000	      1140	80000408	009d4b33	xor	x22,x26,x9	 x26:0xfffff858  x9:0x7fec088d x22=0x8013f0d5
       11425000	      1141	8000040c	2ce8b113	sltiu	x2,x17,718	 x17:0xfffff996  x2=0x00000000
       11435000	      1142	80000410	b5c8a713	slti	x14,x17,-1188	 x17:0xfffff996 x14=0x00000001
       11445000	      1143	80000414	013810b3	sll	x1,x16,x19	 x16:0x00000000 x19:0x000000c3  x1=0x00000000
       11455000	      1144	80000418	05799863	bne	x19,x23,80000468	 x19:0x000000c3 x23:0xae7997d8
       11465000	      1145	00000000	00000013	addi	x0,x0,0	  x0:0x00000000
       11475000	      1146	80000464	00000013	addi	x0,x0,0	  x0:0x00000000
       11485000	      1147	80000468	015778b3	and	x17,x14,x21	 x14:0x00000001 x21:0x00f00000 x17=0x00000000
       11495000	      1148	8000046c	6bab7293	andi	x5,x22,1722	 x22:0x8013f0d5  x5=0x00000090
       11505000	      1149	80000470	7df18b17	auipc	x22,0x7df18	 x22=0xfdf1846c
       11515000	      1150	80000474	39930493	addi	x9,x6,921	  x6:0x80000838  x9=0x80000bd1
       11525000	      1151	80000478	00000013	addi	x0,x0,0	  x0:0x00000000
       11535000	      1152	8000047c	2b21ec13	ori	x24,x3,690	  x3:0xfffffae7 x24=0xfffffaf7
       11545000	      1153	80000480	01a564b3	or	x9,x10,x26	 x10:0xae7997d8 x26:0xfffff858  x9=0xffffffd8
       11555000	      1154	80000484	01cd1b33	sll	x22,x26,x28	 x26:0xfffff858 x28:0x80009fc0 x22=0xfffff858
       11565000	      1155	80000488	00000013	addi	x0,x0,0	  x0:0x00000000
       11575000	      1156	8000048c	012dd863	bge	x27,x18,8000049c	 x27:0x00000830 x18:0x00000001
       11585000	      1157	00000000	00000013	addi	x0,x0,0	  x0:0x00000000
       11595000	      1158	80000498	00000013	addi	x0,x0,0	  x0:0x00000000
       11605000	      1159	8000049c	01f18a33	add	x20,x3,x31	  x3:0xfffffae7 x31:0x000000c3 x20=0xfffffbaa
       11615000	      1160	800004a0	03327063	bgeu	x4,x19,800004c0	  x4:0x80009f14 x19:0x000000c3
       11625000	      1161	00000000	00000013	addi	x0,x0,0	  x0:0x00000000
       11635000	      1162	800004bc	00000013	addi	x0,x0,0	  x0:0x00000000
       11645000	      1163	800004c0	ca44ba13	sltiu	x20,x9,-860	  x9:0xffffffd8 x20=0x00000000
       11655000	      1164	800004c4	004f1493	slli	x9,x30,0x4	 x30:0x000018e3  x9=0x00018e30
       11665000	      1165	800004c8	8027af17	auipc	x30,0x8027a	 x30=0x0027a4c4
       11675000	      1166	800004cc	016a35b3	sltu	x11,x20,x22	 x20:0x00000000 x22:0xfffff858 x11=0x00000001
       11685000	      1167	800004d0	013b1a13	slli	x20,x22,0x13	 x22:0xfffff858 x20=0xc2c00000
       11695000	      1168	800004d4	00a7ffb3	and	x31,x15,x10	 x15:0x2e790c74 x10:0xae7997d8 x31=0x2e790450
       11705000	      1169	800004d8	0176a733	slt	x14,x13,x23	 x13:0x2e790cc3 x23:0xae7997d8 x14=0x00000000
       11715000	      1170	800004dc	7e1d2c13	slti	x24,x26,2017	 x26:0xfffff858 x24=0x00000001
       11725000	      1171	800004e0	9b7fc113	xori	x2,x31,-1609	 x31:0x2e790450  x2=0xd186fde7
       11735000	      1172	800004e4	012dfe33	and	x28,x27,x18	 x27:0x00000830 x18:0x00000001 x28=0x00000000
       11745000	      1173	800004e8	00b3de63	bge	x7,x11,80000504	  x7:0x80009fc4 x11:0x00000001
       11755000	      1174	800004ec	fdf0e413	ori	x8,x1,-33	  x1:0x00000000  x8=0xffffffdf
       11765000	      1175	800004f0	fe08dd37	lui	x26,0xfe08d	 x26=0xfe08d000
       11775000	      1176	800004f4	05cabe13	sltiu	x28,x21,92	 x21:0x00f00000 x28=0x00000000
       11785000	      1177	800004f8	019b1193	slli	x3,x22,0x19	 x22:0xfffff858  x3=0xb0000000
       11795000	      1178	800004fc	026902b7	lui	x5,0x2690	  x5=0x02690000
       11805000	      1179	80000500	5263f037	lui	x0,0x5263f	
       11815000	      1180	80000504	017209b3	add	x19,x4,x23	  x4:0x80009f14 x23:0xae7997d8 x19=0x2e7a36ec
       11825000	      1181	80000508	066d2f37	lui	x30,0x66d2	 x30=0x066d2000
       11835000	      1182	8000050c	0f23beb7	lui	x29,0xf23b	 x29=0x0f23b000
       11845000	      1183	80000510	59763e13	sltiu	x28,x12,1431	 x12:0x2e790c74 x28=0x00000000
       11855000	      1184	80000514	0062c7b3	xor	x15,x5,x6	  x5:0x02690000  x6:0x80000838 x15=0x82690838
       11865000	      1185	80000518	00be4863	blt	x28,x11,80000528	 x28:0x00000000 x11:0x00000001
       11875000	      1186	00000000	00000013	addi	x0,x0,0	  x0:0x00000000
       11885000	      1187	80000524	00000013	addi	x0,x0,0	  x0:0x00000000
       11895000	      1188	80000528	00f97bb3	and	x23,x18,x15	 x18:0x00000001 x15:0x82690838 x23=0x00000000
       11905000	      1189	8000052c	00799813	slli	x16,x19,0x7	 x19:0x2e7a36ec x16=0x3d1b7600
       11915000	      1190	80000530	00422303	lw	x6,4(x4)	  x4:0x80009f14  x6=0x80000838 PA:0x80009f18
       11925000	      1191	80000534	018520b3	slt	x1,x10,x24	 x10:0xae7997d8 x24:0x00000001  x1=0x00000001
       11935000	      1192	80000538	01945093	srli	x1,x8,0x19	  x8:0xffffffdf  x1=0x0000007f
       11945000	      1193	8000053c	01820213	addi	x4,x4,24	  x4:0x80009f14  x4=0x80009f2c
       11955000	      1194	80000540	f86a5b37	lui	x22,0xf86a5	 x22=0xf86a5000
       11965000	      1195	80000544	40b95db3	sra	x27,x18,x11	 x18:0x00000001 x11:0x00000001 x27=0x00000000
       11975000	      1196	80000548	00030d13	addi	x26,x6,0	  x6:0x80000838 x26=0x80000838
       11985000	      1197	8000054c	000d0d67	jalr	x26,x26,0	 x26:0x80000838 x26=0x8000054c
       11995000	      1198	00000000	00000013	addi	x0,x0,0	  x0:0x00000000
       12005000	      1199	80000838	00000013	addi	x0,x0,0	  x0:0x00000000
       12015000	      1200	8000083c	01585e63	bge	x16,x21,80000858	 x16:0x3d1b7600 x21:0x00f00000
       12025000	      1201	00000000	00000013	addi	x0,x0,0	  x0:0x00000000
       12035000	      1202	80000854	00000013	addi	x0,x0,0	  x0:0x00000000
       12045000	      1203	80000858	46fbf613	andi	x12,x23,1135	 x23:0x00000000 x12=0x00000000
       12055000	      1204	8000085c	00008117	auipc	x2,0x8	  x2=0x80008858
       12065000	      1205	80000860	40c10113	addi	x2,x2,1036	  x2:0x80008858  x2=0x80008c64
       12075000	      1206	80000864	fc0101a3	sb	x0,-61(x2)	  x2:0x80008c64  x0:0x00000000 PA:0x80008c27
       12085000	      1207	80000868	fc211403	lh	x8,-62(x2)	  x2:0x80008c64  x8=0x000000b3 PA:0x80008c26
       12095000	      1208	8000086c	00f1a633	slt	x12,x3,x15	  x3:0xb0000000 x15:0x82690838 x12=0x00000000
       12105000	      1209	80000870	41635793	srai	x15,x6,0x16	  x6:0x80000838 x15=0xfffffe00
       12115000	      1210	80000874	74f2cf93	xori	x31,x5,1871	  x5:0x02690000 x31=0x0269074f
       12125000	      1211	80000878	01e81c33	sll	x24,x16,x30	 x16:0x3d1b7600 x30:0x066d2000 x24=0x3d1b7600
       12135000	      1212	8000087c	33037437	lui	x8,0x33037	  x8=0x33037000
       12145000	      1213	80000880	00019fb3	sll	x31,x3,x0	  x3:0xb0000000  x0:0x00000000 x31=0xb0000000
       12155000	      1214	80000884	03f10483	lb	x9,63(x2)	  x2:0x80008c64  x9=0x0000000f PA:0x80008ca3
       12165000	      1215	80000888	02a10703	lb	x14,42(x2)	  x2:0x80008c64 x14=0x00000015 PA:0x80008c8e
       12175000	      1216	8000088c	01411f83	lh	x31,20(x2)	  x2:0x80008c64 x31=0xffffd012 PA:0x80008c78
       12185000	      1217	80000890	8349b297	auipc	x5,0x8349b	  x5=0x0349b88c
       12195000	      1218	80000894	4f7f7f13	andi	x30,x30,1271	 x30:0x066d2000 x30=0x00000000
       12205000	      1219	80000898	00000013	addi	x0,x0,0	  x0:0x00000000
       12215000	      1220	8000089c	fcd10c03	lb	x24,-51(x2)	  x2:0x80008c64 x24=0xffffffe1 PA:0x80008c31
       12225000	      1221	800008a0	41d25633	sra	x12,x4,x29	  x4:0x80009f2c x29:0x0f23b000 x12=0x80009f2c
       12235000	      1222	800008a4	02514083	lbu	x1,37(x2)	  x2:0x80008c64  x1=0x00000035 PA:0x80008c89
       12245000	      1223	800008a8	01ca5913	srli	x18,x20,0x1c	 x20:0xc2c00000 x18=0x0000000c
       12255000	      1224	800008ac	fee10023	sb	x14,-32(x2)	  x2:0x80008c64 x14:0x00000015 PA:0x80008c44
       12265000	      1225	800008b0	fe211823	sh	x2,-16(x2)	  x2:0x80008c64  x2:0x80008c64 PA:0x80008c54
       12275000	      1226	800008b4	417d57b3	sra	x15,x26,x23	 x26:0x8000054c x23:0x00000000 x15=0x8000054c
       12285000	      1227	800008b8	00510a03	lb	x20,5(x2)	  x2:0x80008c64 x20=0x0000007c PA:0x80008c69
       12295000	      1228	800008bc	fe114683	lbu	x13,-31(x2)	  x2:0x80008c64 x13=0x00000005 PA:0x80008c45
       12305000	      1229	800008c0	0028df13	srli	x30,x17,0x2	 x17:0x00000000 x30=0x00000000
       12315000	      1230	800008c4	02a14603	lbu	x12,42(x2)	  x2:0x80008c64 x12=0x00000015 PA:0x80008c8e
       12325000	      1231	800008c8	01210b23	sb	x18,22(x2)	  x2:0x80008c64 x18:0x0000000c PA:0x80008c7a
       12335000	      1232	800008cc	fc811403	lh	x8,-56(x2)	  x2:0x80008c64  x8=0xffff895b PA:0x80008c2c
       12345000	      1233	800008d0	005a5033	srl	x0,x20,x5	 x20:0x0000007c  x5:0x0349b88c
       12355000	      1234	800008d4	fe814e83	lbu	x29,-24(x2)	  x2:0x80008c64 x29=0x000000e6 PA:0x80008c4c
       12365000	      1235	800008d8	02011a03	lh	x20,32(x2)	  x2:0x80008c64 x20=0xffff98b7 PA:0x80008c84
       12375000	      1236	800008dc	40765913	srai	x18,x12,0x7	 x12:0x00000015 x18=0x00000000
       12385000	      1237	800008e0	82db3d97	auipc	x27,0x82db3	 x27=0x02db38dc
       12395000	      1238	800008e4	415c5f13	srai	x30,x24,0x15	 x24:0xffffffe1 x30=0xffffffff
       12405000	      1239	800008e8	02d10483	lb	x9,45(x2)	  x2:0x80008c64  x9=0x0000007b PA:0x80008c91
       12415000	      1240	800008ec	00d5d313	srli	x6,x11,0xd	 x11:0x00000001  x6=0x00000000
       12425000	      1241	800008f0	03b10783	lb	x15,59(x2)	  x2:0x80008c64 x15=0xffffffaf PA:0x80008c9f
       12435000	      1242	800008f4	02b10223	sb	x11,36(x2)	  x2:0x80008c64 x11:0x00000001 PA:0x80008c88
       12445000	      1243	800008f8	dde04a93	xori	x21,x0,-546	  x0:0x00000000 x21=0xfffffdde
       12455000	      1244	800008fc	019b2433	slt	x8,x22,x25	 x22:0xf86a5000 x25:0x2e790c74  x8=0x00000001
       12465000	      1245	80000900	004d0433	add	x8,x26,x4	 x26:0x8000054c  x4:0x80009f2c  x8=0x0000a478
       12475000	      1246	80000904	41e856b3	sra	x13,x16,x30	 x16:0x3d1b7600 x30:0xffffffff x13=0x00000000
       12485000	      1247	80000908	03e10423	sb	x30,40(x2)	  x2:0x80008c64 x30:0xffffffff PA:0x80008c8c
       12495000	      1248	8000090c	ffe10a23	sb	x30,-12(x2)	  x2:0x80008c64 x30:0xffffffff PA:0x80008c58
       12505000	      1249	80000910	019637b3	sltu	x15,x12,x25	 x12:0x00000015 x25:0x2e790c74 x15=0x00000001
       12515000	      1250	80000914	0152b0b3	sltu	x1,x5,x21	  x5:0x0349b88c x21:0xfffffdde  x1=0x00000001
       12525000	      1251	80000918	fc914183	lbu	x3,-55(x2)	  x2:0x80008c64  x3=0x00000089 PA:0x80008c2d
       12535000	      1252	8000091c	011f4a33	xor	x20,x30,x17	 x30:0xffffffff x17:0x00000000 x20=0xffffffff
       12545000	      1253	80000920	fe011083	lh	x1,-32(x2)	  x2:0x80008c64  x1=0x00000515 PA:0x80008c44
       12555000	      1254	80000924	000109a3	sb	x0,19(x2)	  x2:0x80008c64  x0:0x00000000 PA:0x80008c77
       12565000	      1255	80000928	00000013	addi	x0,x0,0	  x0:0x00000000
       12575000	      1256	8000092c	9d2e1e37	lui	x28,0x9d2e1	 x28=0x9d2e1000
       12585000	      1257	80000930	00e7bfb3	sltu	x31,x15,x14	 x15:0x00000001 x14:0x00000015 x31=0x00000001
       12595000	      1258	80000934	40288f33	sub	x30,x17,x2	 x17:0x00000000  x2:0x80008c64 x30=0x7fff739c
       12605000	      1259	80000938	06fe8593	addi	x11,x29,111	 x29:0x000000e6 x11=0x00000155
       12615000	      1260	8000093c	01f012b3	sll	x5,x0,x31	  x0:0x00000000 x31:0x00000001  x5=0x00000000
       12625000	      1261	80000940	00e3fab3	and	x21,x7,x14	  x7:0x80009fc4 x14:0x00000015 x21=0x00000004
       12635000	      1262	80000944	402bdb13	srai	x22,x23,0x2	 x23:0x00000000 x22=0x00000000
       12645000	      1263	80000948	00c76ab3	or	x21,x14,x12	 x14:0x00000015 x12:0x00000015 x21=0x00000015
       12655000	      1264	8000094c	02000663	beq	x0,x0,80000978	  x0:0x00000000  x0:0x00000000
       12665000	      1265	00000000	00000013	addi	x0,x0,0	  x0:0x00000000
       12675000	      1266	80000974	00000013	addi	x0,x0,0	  x0:0x00000000
       12685000	      1267	80000978	b09f3a13	sltiu	x20,x30,-1271	 x30:0x7fff739c x20=0x00000001
       12695000	      1268	8000097c	4a0ef513	andi	x10,x29,1184	 x29:0x000000e6 x10=0x000000a0
       12705000	      1269	80000980	00195eb3	srl	x29,x18,x1	 x18:0x00000000  x1:0x00000515 x29=0x00000000
       12715000	      1270	80000984	d3a1ee93	ori	x29,x3,-710	  x3:0x00000089 x29=0xfffffdbb
       12725000	      1271	80000988	3e76c693	xori	x13,x13,999	 x13:0x00000000 x13=0x000003e7
       12735000	      1272	8000098c	0341a597	auipc	x11,0x341a	 x11=0x8341a988
       12745000	      1273	80000990	41565133	sra	x2,x12,x21	 x12:0x00000015 x21:0x00000015  x2=0x00000000
       12755000	      1274	80000994	aab0e493	ori	x9,x1,-1365	  x1:0x00000515  x9=0xffffffbf
       12765000	      1275	80000998	00505eb3	srl	x29,x0,x5	  x0:0x00000000  x5:0x00000000 x29=0x00000000
       12775000	      1276	8000099c	99a5b093	sltiu	x1,x11,-1638	 x11:0x8341a988  x1=0x00000001
       12785000	      1277	800009a0	04551663	bne	x10,x5,800009ec	 x10:0x000000a0  x5:0x00000000
       12795000	      1278	00000000	00000013	addi	x0,x0,0	  x0:0x00000000
       12805000	      1279	800009e8	00000013	addi	x0,x0,0	  x0:0x00000000
       12815000	      1280	800009ec	00000013	addi	x0,x0,0	  x0:0x00000000
       12825000	      1281	800009f0	bb46b793	sltiu	x15,x13,-1100	 x13:0x000003e7 x15=0x00000001
       12835000	      1282	800009f4	01bba1b3	slt	x3,x23,x27	 x23:0x00000000 x27:0x02db38dc  x3=0x00000001
       12845000	      1283	800009f8	0034a9b3	slt	x19,x9,x3	  x9:0xffffffbf  x3:0x00000001 x19=0x00000001
       12855000	      1284	800009fc	000a36b3	sltu	x13,x20,x0	 x20:0x00000001  x0:0x00000000 x13=0x00000000
       12865000	      1285	80000a00	00000013	addi	x0,x0,0	  x0:0x00000000
       12875000	      1286	80000a04	01acc663	blt	x25,x26,80000a10	 x25:0x2e790c74 x26:0x8000054c
       12885000	      1287	80000a08	f5d86493	ori	x9,x16,-163	 x16:0x3d1b7600  x9=0xffffff5d
       12895000	      1288	80000a0c	00fb9533	sll	x10,x23,x15	 x23:0x00000000 x15:0x00000001 x10=0x00000000
       12905000	      1289	80000a10	0377d663	bge	x15,x23,80000a3c	 x15:0x00000001 x23:0x00000000
       12915000	      1290	00000000	00000013	addi	x0,x0,0	  x0:0x00000000
       12925000	      1291	80000a38	00000013	addi	x0,x0,0	  x0:0x00000000
       12935000	      1292	80000a3c	5a89b413	sltiu	x8,x19,1448	 x19:0x00000001  x8=0x00000001
       12945000	      1293	80000a40	0b0b7e63	bgeu	x22,x16,80000afc	 x22:0x00000000 x16:0x3d1b7600
       12955000	      1294	80000a44	00008e97	auipc	x29,0x8	 x29=0x80008a40
       12965000	      1295	80000a48	55ce8e93	addi	x29,x29,1372	 x29:0x80008a40 x29=0x80008f9c
       12975000	      1296	80000a4c	ffae80a3	sb	x26,-31(x29)	 x29:0x80008f9c x26:0x8000054c PA:0x80008f7d
       12985000	      1297	80000a50	f8ae8723	sb	x10,-114(x29)	 x29:0x80008f9c x10:0x00000000 PA:0x80008f2a
       12995000	      1298	80000a54	46408f93	addi	x31,x1,1124	  x1:0x00000001 x31=0x00000465
       13005000	      1299	80000a58	00f4d4b3	srl	x9,x9,x15	  x9:0xffffff5d x15:0x00000001  x9=0x7fffffae
       13015000	      1300	80000a5c	032ede03	lhu	x28,50(x29)	 x29:0x80008f9c x28=0x00001eec PA:0x80008fce
       13025000	      1301	80000a60	00660e33	add	x28,x12,x6	 x12:0x00000015  x6:0x00000000 x28=0x00000015
       13035000	      1302	80000a64	007e4a33	xor	x20,x28,x7	 x28:0x00000015  x7:0x80009fc4 x20=0x80009fd1
       13045000	      1303	80000a68	00753833	sltu	x16,x10,x7	 x10:0x00000000  x7:0x80009fc4 x16=0x00000001
       13055000	      1304	80000a6c	02ce9903	lh	x18,44(x29)	 x29:0x80008f9c x18=0xffff819c PA:0x80008fc8
       13065000	      1305	80000a70	1bd22193	slti	x3,x4,445	  x4:0x80009f2c  x3=0x00000001
       13075000	      1306	80000a74	a5b54497	auipc	x9,0xa5b54	  x9=0x25b54a70
       13085000	      1307	80000a78	034ec483	lbu	x9,52(x29)	 x29:0x80008f9c  x9=0x000000b0 PA:0x80008fd0
       13095000	      1308	80000a7c	f1ee81a3	sb	x30,-253(x29)	 x29:0x80008f9c x30:0x7fff739c PA:0x80008e9f
       13105000	      1309	80000a80	fb6e86a3	sb	x22,-83(x29)	 x29:0x80008f9c x22:0x00000000 PA:0x80008f49
       13115000	      1310	80000a84	25dd6093	ori	x1,x26,605	 x26:0x8000054c  x1=0x8000075d
       13125000	      1311	80000a88	f74e9c03	lh	x24,-140(x29)	 x29:0x80008f9c x24=0x000062cf PA:0x80008f10
       13135000	      1312	80000a8c	000ec403	lbu	x8,0(x29)	 x29:0x80008f9c  x8=0x00000057 PA:0x80008f9c
       13145000	      1313	80000a90	41cc5433	sra	x8,x24,x28	 x24:0x000062cf x28:0x00000015  x8=0x00000000
       13155000	      1314	80000a94	eca3f493	andi	x9,x7,-310	  x7:0x80009fc4  x9=0x80009ec0
       13165000	      1315	80000a98	00845433	srl	x8,x8,x8	  x8:0x00000000  x8:0x00000000  x8=0x00000000
       13175000	      1316	80000a9c	028e9603	lh	x12,40(x29)	 x29:0x80008f9c x12=0xfffff169 PA:0x80008fc4
       13185000	      1317	80000aa0	674fe937	lui	x18,0x674fe	 x18=0x674fe000
       13195000	      1318	80000aa4	00fe8c03	lb	x24,15(x29)	 x29:0x80008f9c x24=0xffffffa4 PA:0x80008fab
       13205000	      1319	80000aa8	fc9e8183	lb	x3,-55(x29)	 x29:0x80008f9c  x3=0xffffff88 PA:0x80008f65
       13215000	      1320	80000aac	038edb03	lhu	x22,56(x29)	 x29:0x80008f9c x22=0x000023f1 PA:0x80008fd4
       13225000	      1321	80000ab0	f00e8103	lb	x2,-256(x29)	 x29:0x80008f9c  x2=0xffffffd1 PA:0x80008e9c
       13235000	      1322	80000ab4	fd6e8a23	sb	x22,-44(x29)	 x29:0x80008f9c x22:0x000023f1 PA:0x80008f70
       13245000	      1323	80000ab8	00de8b83	lb	x23,13(x29)	 x29:0x80008f9c x23=0x00000016 PA:0x80008fa9
       13255000	      1324	80000abc	f19e8003	lb	x0,-231(x29)	 x29:0x80008f9c PA:0x80008eb5
       13265000	      1325	80000ac0	19ede113	ori	x2,x27,414	 x27:0x02db38dc  x2=0x02db39de
       13275000	      1326	80000ac4	f1deca83	lbu	x21,-227(x29)	 x29:0x80008f9c x21=0x00000033 PA:0x80008eb9
       13285000	      1327	80000ac8	65244013	xori	x0,x8,1618	  x8:0x00000000
       13295000	      1328	80000acc	043e8683	lb	x13,67(x29)	 x29:0x80008f9c x13=0xffffffbd PA:0x80008fdf
       13305000	      1329	80000ad0	01997333	and	x6,x18,x25	 x18:0x674fe000 x25:0x2e790c74  x6=0x26490000
       13315000	      1330	80000ad4	f82ec883	lbu	x17,-126(x29)	 x29:0x80008f9c x17=0x000000b2 PA:0x80008f1e
       13325000	      1331	80000ad8	03970a63	beq	x14,x25,80000b0c	 x14:0x00000015 x25:0x2e790c74
       13335000	      1332	80000adc	00eb7733	and	x14,x22,x14	 x22:0x000023f1 x14:0x00000015 x14=0x00000011
       13345000	      1333	80000ae0	015c3433	sltu	x8,x24,x21	 x24:0xffffffa4 x21:0x00000033  x8=0x00000000
       13355000	      1334	80000ae4	4037d7b3	sra	x15,x15,x3	 x15:0x00000001  x3:0xffffff88 x15=0x00000000
       13365000	      1335	80000ae8	2d2aba13	sltiu	x20,x21,722	 x21:0x00000033 x20=0x00000001
       13375000	      1336	80000aec	01b1d013	srli	x0,x3,0x1b	  x3:0xffffff88
       13385000	      1337	80000af0	02055863	bge	x10,x0,80000b20	 x10:0x00000000  x0:0x00000000
       13395000	      1338	00000000	00000013	addi	x0,x0,0	  x0:0x00000000
       13405000	      1339	80000b1c	00000013	addi	x0,x0,0	  x0:0x00000000
       13415000	      1340	80000b20	01d369b3	or	x19,x6,x29	  x6:0x26490000 x29:0x80008f9c x19=0xa6498f9c
       13425000	      1341	80000b24	cef32e93	slti	x29,x6,-785	  x6:0x26490000 x29=0x00000000
       13435000	      1342	80000b28	41d20033	sub	x0,x4,x29	  x4:0x80009f2c x29:0x00000000
       13445000	      1343	80000b2c	a6933b93	sltiu	x23,x6,-1431	  x6:0x26490000 x23=0x00000001
       13455000	      1344	80000b30	dfdc4793	xori	x15,x24,-515	 x24:0xffffffa4 x15=0x00000259
       13465000	      1345	80000b34	02366263	bltu	x12,x3,80000b58	 x12:0xfffff169  x3:0xffffff88
       13475000	      1346	00000000	00000013	addi	x0,x0,0	  x0:0x00000000
       13485000	      1347	80000b54	00000013	addi	x0,x0,0	  x0:0x00000000
       13495000	      1348	80000b58	0123fc33	and	x24,x7,x18	  x7:0x80009fc4 x18:0x674fe000 x24=0x00008000
       13505000	      1349	80000b5c	60daf7b7	lui	x15,0x60daf	 x15=0x60daf000
       13515000	      1350	80000b60	54be8c13	addi	x24,x29,1355	 x29:0x00000000 x24=0x0000054b
       13525000	      1351	80000b64	41525133	sra	x2,x4,x21	  x4:0x80009f2c x21:0x00000033  x2=0xfffff000
       13535000	      1352	80000b68	01089e63	bne	x17,x16,80000b84	 x17:0x000000b2 x16:0x00000001
       13545000	      1353	00000000	00000013	addi	x0,x0,0	  x0:0x00000000
       13555000	      1354	80000b80	00000013	addi	x0,x0,0	  x0:0x00000000
       13565000	      1355	80000b84	6942eb13	ori	x22,x5,1684	  x5:0x00000000 x22=0x00000694
       13575000	      1356	80000b88	014595b3	sll	x11,x11,x20	 x11:0x8341a988 x20:0x00000001 x11=0x06835310
       13585000	      1357	80000b8c	02e54463	blt	x10,x14,80000bb4	 x10:0x00000000 x14:0x00000011
       13595000	      1358	00000000	00000013	addi	x0,x0,0	  x0:0x00000000
       13605000	      1359	80000bb0	00000013	addi	x0,x0,0	  x0:0x00000000
       13615000	      1360	80000bb4	67d18a13	addi	x20,x3,1661	  x3:0xffffff88 x20=0x00000605
       13625000	      1361	80000bb8	04c8b613	sltiu	x12,x17,76	 x17:0x000000b2 x12=0x00000000
       13635000	      1362	80000bbc	d9e0eb13	ori	x22,x1,-610	  x1:0x8000075d x22=0xffffffdf
       13645000	      1363	80000bc0	07b5c263	blt	x11,x27,80000c24	 x11:0x06835310 x27:0x02db38dc
       13655000	      1364	80000bc4	00035413	srli	x8,x6,0x0	  x6:0x26490000  x8=0x26490000
       13665000	      1365	80000bc8	06f66063	bltu	x12,x15,80000c28	 x12:0x00000000 x15:0x60daf000
       13675000	      1366	00000000	00000013	addi	x0,x0,0	  x0:0x00000000
       13685000	      1367	80000c24	00000013	addi	x0,x0,0	  x0:0x00000000
       13695000	      1368	80000c28	02bb9063	bne	x23,x11,80000c48	 x23:0x00000001 x11:0x06835310
       13705000	      1369	00000000	00000013	addi	x0,x0,0	  x0:0x00000000
       13715000	      1370	80000c44	00000013	addi	x0,x0,0	  x0:0x00000000
       13725000	      1371	80000c48	6df24117	auipc	x2,0x6df24	  x2=0xedf24c44
       13735000	      1372	80000c4c	0101dd33	srl	x26,x3,x16	  x3:0xffffff88 x16:0x00000001 x26=0x7fffffc4
       13745000	      1373	80000c50	977a4a93	xori	x21,x20,-1673	 x20:0x00000605 x21=0xffffff72
       13755000	      1374	80000c54	04c3f463	bgeu	x7,x12,80000c9c	  x7:0x80009fc4 x12:0x00000000
       13765000	      1375	00000000	00000013	addi	x0,x0,0	  x0:0x00000000
       13775000	      1376	80000c98	00000013	addi	x0,x0,0	  x0:0x00000000
       13785000	      1377	80000c9c	01326fb3	or	x31,x4,x19	  x4:0x80009f2c x19:0xa6498f9c x31=0xa6499fbc
       13795000	      1378	80000ca0	41b8d4b3	sra	x9,x17,x27	 x17:0x000000b2 x27:0x02db38dc  x9=0x00000000
       13805000	      1379	80000ca4	01449663	bne	x9,x20,80000cb0	  x9:0x00000000 x20:0x00000605
       13815000	      1380	00000000	00000013	addi	x0,x0,0	  x0:0x00000000
       13825000	      1381	80000cac	00000013	addi	x0,x0,0	  x0:0x00000000
       13835000	      1382	80000cb0	47218c37	lui	x24,0x47218	 x24=0x47218000
       13845000	      1383	80000cb4	d87f47b7	lui	x15,0xd87f4	 x15=0xd87f4000
       13855000	      1384	80000cb8	50c44313	xori	x6,x8,1292	  x8:0x26490000  x6=0x2649050c
       13865000	      1385	80000cbc	cafb8f13	addi	x30,x23,-849	 x23:0x00000001 x30=0xfffffcb0
       13875000	      1386	80000cc0	89c14b13	xori	x22,x2,-1892	  x2:0xedf24c44 x22=0x120db4d8
       13885000	      1387	80000cc4	c7ebf093	andi	x1,x23,-898	 x23:0x00000001  x1=0x00000000
       13895000	      1388	80000cc8	014d55b3	srl	x11,x26,x20	 x26:0x7fffffc4 x20:0x00000605 x11=0x03fffffe
       13905000	      1389	80000ccc	02647e63	bgeu	x8,x6,80000d08	  x8:0x26490000  x6:0x2649050c
       13915000	      1390	80000cd0	e2c60d13	addi	x26,x12,-468	 x12:0x00000000 x26=0xfffffe2c
       13925000	      1391	80000cd4	002b2733	slt	x14,x22,x2	 x22:0x120db4d8  x2:0xedf24c44 x14=0x00000000
       13935000	      1392	80000cd8	039a5663	bge	x20,x25,80000d04	 x20:0x00000605 x25:0x2e790c74
       13945000	      1393	80000cdc	b8277093	andi	x1,x14,-1150	 x14:0x00000000  x1=0x00000000
       13955000	      1394	80000ce0	01c4aa33	slt	x20,x9,x28	  x9:0x00000000 x28:0x00000015 x20=0x00000001
       13965000	      1395	80000ce4	01a69b13	slli	x22,x13,0x1a	 x13:0xffffffbd x22=0xf4000000
       13975000	      1396	80000ce8	01f8d313	srli	x6,x17,0x1f	 x17:0x000000b2  x6=0x00000000
       13985000	      1397	80000cec	7e6a8e93	addi	x29,x21,2022	 x21:0xffffff72 x29=0x00000758
       13995000	      1398	80000cf0	0198aeb3	slt	x29,x17,x25	 x17:0x000000b2 x25:0x2e790c74 x29=0x00000001
       14005000	      1399	80000cf4	d2315437	lui	x8,0xd2315	  x8=0xd2315000
       14015000	      1400	80000cf8	05f94663	blt	x18,x31,80000d44	 x18:0x674fe000 x31:0xa6499fbc
       14025000	      1401	80000cfc	013264b3	or	x9,x4,x19	  x4:0x80009f2c x19:0xa6498f9c  x9=0xa6499fbc
       14035000	      1402	80000d00	01ce26b3	slt	x13,x28,x28	 x28:0x00000015 x28:0x00000015 x13=0x00000000
       14045000	      1403	80000d04	744dc113	xori	x2,x27,1860	 x27:0x02db38dc  x2=0x02db3f98
       14055000	      1404	80000d08	008218b3	sll	x17,x4,x8	  x4:0x80009f2c  x8:0xd2315000 x17=0x80009f2c
       14065000	      1405	80000d0c	0297f263	bgeu	x15,x9,80000d30	 x15:0xd87f4000  x9:0xa6499fbc
       14075000	      1406	00000000	00000013	addi	x0,x0,0	  x0:0x00000000
       14085000	      1407	80000d2c	00000013	addi	x0,x0,0	  x0:0x00000000
       14095000	      1408	80000d30	8d8f65b7	lui	x11,0x8d8f6	 x11=0x8d8f6000
       14105000	      1409	80000d34	98368613	addi	x12,x13,-1661	 x13:0x00000000 x12=0xfffff983
       14115000	      1410	80000d38	0090bf33	sltu	x30,x1,x9	  x1:0x00000000  x9:0xa6499fbc x30=0x00000001
       14125000	      1411	80000d3c	02135c63	bge	x6,x1,80000d74	  x6:0x00000000  x1:0x00000000
       14135000	      1412	00000000	00000013	addi	x0,x0,0	  x0:0x00000000
       14145000	      1413	80000d70	00000013	addi	x0,x0,0	  x0:0x00000000
       14155000	      1414	80000d74	00f52133	slt	x2,x10,x15	 x10:0x00000000 x15:0xd87f4000  x2=0x00000000
       14165000	      1415	80000d78	04a88663	beq	x17,x10,80000dc4	 x17:0x80009f2c x10:0x00000000
       14175000	      1416	80000d7c	00ba6133	or	x2,x20,x11	 x20:0x00000001 x11:0x8d8f6000  x2=0x8d8f6001
       14185000	      1417	80000d80	41555513	srai	x10,x10,0x15	 x10:0x00000000 x10=0x00000000
       14195000	      1418	80000d84	418001b3	sub	x3,x0,x24	  x0:0x00000000 x24:0x47218000  x3=0xb8de8000
       14205000	      1419	80000d88	00f10463	beq	x2,x15,80000d90	  x2:0x8d8f6001 x15:0xd87f4000
       14215000	      1420	80000d8c	028fe463	bltu	x31,x8,80000db4	 x31:0xa6499fbc  x8:0xd2315000
       14225000	      1421	00000000	00000013	addi	x0,x0,0	  x0:0x00000000
       14235000	      1422	80000db0	00000013	addi	x0,x0,0	  x0:0x00000000
       14245000	      1423	80000db4	01ba58b3	srl	x17,x20,x27	 x20:0x00000001 x27:0x02db38dc x17=0x00000000
       14255000	      1424	80000db8	00048ab3	add	x21,x9,x0	  x9:0xa6499fbc  x0:0x00000000 x21=0xa6499fbc
       14265000	      1425	80000dbc	01485b13	srli	x22,x16,0x14	 x16:0x00000001 x22=0x00000000
       14275000	      1426	80000dc0	04986263	bltu	x16,x9,80000e04	 x16:0x00000001  x9:0xa6499fbc
       14285000	      1427	00000000	00000013	addi	x0,x0,0	  x0:0x00000000
       14295000	      1428	80000e00	00000013	addi	x0,x0,0	  x0:0x00000000
       14305000	      1429	80000e04	415dda93	srai	x21,x27,0x15	 x27:0x02db38dc x21=0x00000016
       14315000	      1430	80000e08	00d76e63	bltu	x14,x13,80000e24	 x14:0x00000000 x13:0x00000000
       14325000	      1431	80000e0c	00000013	addi	x0,x0,0	  x0:0x00000000
       14335000	      1432	80000e10	01af8eb3	add	x29,x31,x26	 x31:0xa6499fbc x26:0xfffffe2c x29=0xa6499de8
       14345000	      1433	80000e14	40a0de93	srai	x29,x1,0xa	  x1:0x00000000 x29=0x00000000
       14355000	      1434	80000e18	05480463	beq	x16,x20,80000e60	 x16:0x00000001 x20:0x00000001
       14365000	      1435	00000000	00000013	addi	x0,x0,0	  x0:0x00000000
       14375000	      1436	80000e5c	00000013	addi	x0,x0,0	  x0:0x00000000
       14385000	      1437	80000e60	41c18933	sub	x18,x3,x28	  x3:0xb8de8000 x28:0x00000015 x18=0xb8de7feb
       14395000	      1438	80000e64	01cd4a33	xor	x20,x26,x28	 x26:0xfffffe2c x28:0x00000015 x20=0xfffffe39
       14405000	      1439	80000e68	18433293	sltiu	x5,x6,388	  x6:0x00000000  x5=0x00000001
       14415000	      1440	80000e6c	402b5f33	sra	x30,x22,x2	 x22:0x00000000  x2:0x8d8f6001 x30=0x00000000
       14425000	      1441	80000e70	0014beb3	sltu	x29,x9,x1	  x9:0xa6499fbc  x1:0x00000000 x29=0x00000000
       14435000	      1442	80000e74	5b2d2b93	slti	x23,x26,1458	 x26:0xfffffe2c x23=0x00000001
       14445000	      1443	80000e78	00511463	bne	x2,x5,80000e80	  x2:0x8d8f6001  x5:0x00000001
       14455000	      1444	00000000	00000013	addi	x0,x0,0	  x0:0x00000000
       14465000	      1445	80000e7c	00000013	addi	x0,x0,0	  x0:0x00000000
       14475000	      1446	80000e80	00000013	addi	x0,x0,0	  x0:0x00000000
       14485000	      1447	80000e84	9aefa993	slti	x19,x31,-1618	 x31:0xa6499fbc x19=0x00000001
       14495000	      1448	80000e88	37b96313	ori	x6,x18,891	 x18:0xb8de7feb  x6=0xb8de7ffb
       14505000	      1449	80000e8c	5bfcb893	sltiu	x17,x25,1471	 x25:0x2e790c74 x17=0x00000000
       14515000	      1450	80000e90	00cdcc33	xor	x24,x27,x12	 x27:0x02db38dc x12:0xfffff983 x24=0xfd24c15f
       14525000	      1451	80000e94	01985e63	bge	x16,x25,80000eb0	 x16:0x00000001 x25:0x2e790c74
       14535000	      1452	80000e98	00139033	sll	x0,x7,x1	  x7:0x80009fc4  x1:0x00000000
       14545000	      1453	80000e9c	0145ec33	or	x24,x11,x20	 x11:0x8d8f6000 x20:0xfffffe39 x24=0xfffffe39
       14555000	      1454	80000ea0	00cc2f33	slt	x30,x24,x12	 x24:0xfffffe39 x12:0xfffff983 x30=0x00000000
       14565000	      1455	80000ea4	c12b9c17	auipc	x24,0xc12b9	 x24=0x412b9ea0
       14575000	      1456	80000ea8	007e6463	bltu	x28,x7,80000eb0	 x28:0x00000015  x7:0x80009fc4
       14585000	      1457	00000000	00000013	addi	x0,x0,0	  x0:0x00000000
       14595000	      1458	80000eac	00000013	addi	x0,x0,0	  x0:0x00000000
       14605000	      1459	80000eb0	01c6f633	and	x12,x13,x28	 x13:0x00000000 x28:0x00000015 x12=0x00000000
       14615000	      1460	80000eb4	06c62913	slti	x18,x12,108	 x12:0x00000000 x18=0x00000001
       14625000	      1461	80000eb8	002165b3	or	x11,x2,x2	  x2:0x8d8f6001  x2:0x8d8f6001 x11=0x8d8f6001
       14635000	      1462	80000ebc	0e33b293	sltiu	x5,x7,227	  x7:0x80009fc4  x5=0x00000000
       14645000	      1463	80000ec0	00422303	lw	x6,4(x4)	  x4:0x80009f2c  x6=0x80000fd4 PA:0x80009f30
       14655000	      1464	80000ec4	008a1293	slli	x5,x20,0x8	 x20:0xfffffe39  x5=0xfffe3900
       14665000	      1465	80000ec8	40a10a33	sub	x20,x2,x10	  x2:0x8d8f6001 x10:0x00000000 x20=0x8d8f6001
       14675000	      1466	80000ecc	008dfbb3	and	x23,x27,x8	 x27:0x02db38dc  x8:0xd2315000 x23=0x02111000
       14685000	      1467	80000ed0	4058df13	srai	x30,x17,0x5	 x17:0x00000000 x30=0x00000000
       14695000	      1468	80000ed4	00c75c13	srli	x24,x14,0xc	 x14:0x00000000 x24=0x00000000
       14705000	      1469	80000ed8	010771b3	and	x3,x14,x16	 x14:0x00000000 x16:0x00000001  x3=0x00000000
       14715000	      1470	80000edc	02420213	addi	x4,x4,36	  x4:0x80009f2c  x4=0x80009f50
       14725000	      1471	80000ee0	f75a2e13	slti	x28,x20,-139	 x20:0x8d8f6001 x28=0x00000001
       14735000	      1472	80000ee4	00130913	addi	x18,x6,1	  x6:0x80000fd4 x18=0x80000fd5
       14745000	      1473	80000ee8	00090967	jalr	x18,x18,0	 x18:0x80000fd5 x18=0x80000ee8
       14755000	      1474	00000000	00000013	addi	x0,x0,0	  x0:0x00000000
       14765000	      1475	80000fd4	00000013	addi	x0,x0,0	  x0:0x00000000
       14775000	      1476	80000fd8	01a9cd33	xor	x26,x19,x26	 x19:0x00000001 x26:0xfffffe2c x26=0xfffffe2d
       14785000	      1477	80000fdc	00795513	srli	x10,x18,0x7	 x18:0x80000ee8 x10=0x0100001d
       14795000	      1478	80000fe0	01e1d093	srli	x1,x3,0x1e	  x3:0x00000000  x1=0x00000000
       14805000	      1479	80000fe4	01c19e33	sll	x28,x3,x28	  x3:0x00000000 x28:0x00000001 x28=0x00000000
       14815000	      1480	80000fe8	00e04733	xor	x14,x0,x14	  x0:0x00000000 x14:0x00000000 x14=0x00000000
       14825000	      1481	80000fec	005bd863	bge	x23,x5,80000ffc	 x23:0x02111000  x5:0xfffe3900
       14835000	      1482	00000000	00000013	addi	x0,x0,0	  x0:0x00000000
       14845000	      1483	80000ff8	00000013	addi	x0,x0,0	  x0:0x00000000
       14855000	      1484	80000ffc	003dfdb3	and	x27,x27,x3	 x27:0x02db38dc  x3:0x00000000 x27=0x00000000
       14865000	      1485	80001000	01b43833	sltu	x16,x8,x27	  x8:0xd2315000 x27:0x00000000 x16=0x00000000
       14875000	      1486	80001004	00000013	addi	x0,x0,0	  x0:0x00000000
       14885000	      1487	80001008	00422303	lw	x6,4(x4)	  x4:0x80009f50  x6=0x8000016c PA:0x80009f54
       14895000	      1488	8000100c	0020c2b3	xor	x5,x1,x2	  x1:0x00000000  x2:0x8d8f6001  x5=0x8d8f6001
       14905000	      1489	80001010	03420213	addi	x4,x4,52	  x4:0x80009f50  x4=0x80009f84
       14915000	      1490	80001014	012ecd33	xor	x26,x29,x18	 x29:0x00000000 x18:0x80000ee8 x26=0x80000ee8
       14925000	      1491	80001018	003ff933	and	x18,x31,x3	 x31:0xa6499fbc  x3:0x00000000 x18=0x00000000
       14935000	      1492	8000101c	b6e48597	auipc	x11,0xb6e48	 x11=0x36e49018
       14945000	      1493	80001020	00f6dbb3	srl	x23,x13,x15	 x13:0x00000000 x15:0xd87f4000 x23=0x00000000
       14955000	      1494	80001024	00030513	addi	x10,x6,0	  x6:0x8000016c x10=0x8000016c
       14965000	      1495	80001028	00050567	jalr	x10,x10,0	 x10:0x8000016c x10=0x80001028
       14975000	      1496	00000000	00000013	addi	x0,x0,0	  x0:0x00000000
       14985000	      1497	8000016c	00000013	addi	x0,x0,0	  x0:0x00000000
       14995000	      1498	80000170	00009797	auipc	x15,0x9	 x15=0x8000916c
       15005000	      1499	80000174	cc178793	addi	x15,x15,-831	 x15:0x8000916c x15=0x80008e2d
       15015000	      1500	80000178	03a78f83	lb	x31,58(x15)	 x15:0x80008e2d x31=0x0000006b PA:0x80008e67
       15025000	      1501	8000017c	002e5d33	srl	x26,x28,x2	 x28:0x00000000  x2:0x8d8f6001 x26=0x00000000
       15035000	      1502	80000180	00cbf133	and	x2,x23,x12	 x23:0x00000000 x12:0x00000000  x2=0x00000000
       15045000	      1503	80000184	0114dc13	srli	x24,x9,0x11	  x9:0xa6499fbc x24=0x00005324
       15055000	      1504	80000188	009834b3	sltu	x9,x16,x9	 x16:0x00000000  x9:0xa6499fbc  x9=0x00000001
       15065000	      1505	8000018c	df47a413	slti	x8,x15,-524	 x15:0x80008e2d  x8=0x00000001
       15075000	      1506	80000190	01f59b33	sll	x22,x11,x31	 x11:0x36e49018 x31:0x0000006b x22=0x2480c000
       15085000	      1507	80000194	bd26ed93	ori	x27,x13,-1070	 x13:0x00000000 x27=0xfffffbd2
       15095000	      1508	80000198	d7741817	auipc	x16,0xd7741	 x16=0x57741194
       15105000	      1509	8000019c	fc278023	sb	x2,-64(x15)	 x15:0x80008e2d  x2:0x00000000 PA:0x80008ded
       15115000	      1510	800001a0	016f52b3	srl	x5,x30,x22	 x30:0x00000000 x22:0x2480c000  x5=0x00000000
       15125000	      1511	800001a4	ffc78923	sb	x28,-14(x15)	 x15:0x80008e2d x28:0x00000000 PA:0x80008e1f
       15135000	      1512	800001a8	0147c483	lbu	x9,20(x15)	 x15:0x80008e2d  x9=0x0000004f PA:0x80008e41
       15145000	      1513	800001ac	008c5a13	srli	x20,x24,0x8	 x24:0x00005324 x20=0x00000053
       15155000	      1514	800001b0	0067e133	or	x2,x15,x6	 x15:0x80008e2d  x6:0x8000016c  x2=0x80008f6d
       15165000	      1515	800001b4	af2ebd13	sltiu	x26,x29,-1294	 x29:0x00000000 x26=0x00000001
       15175000	      1516	800001b8	00d78623	sb	x13,12(x15)	 x15:0x80008e2d x13:0x00000000 PA:0x80008e39
       15185000	      1517	800001bc	01709593	slli	x11,x1,0x17	  x1:0x00000000 x11=0x00000000
       15195000	      1518	800001c0	01e429b3	slt	x19,x8,x30	  x8:0x00000001 x30:0x00000000 x19=0x00000000
       15205000	      1519	800001c4	02578623	sb	x5,44(x15)	 x15:0x80008e2d  x5:0x00000000 PA:0x80008e59
       15215000	      1520	800001c8	00df9a13	slli	x20,x31,0xd	 x31:0x0000006b x20=0x000d6000
       15225000	      1521	800001cc	00c44033	xor	x0,x8,x12	  x8:0x00000001 x12:0x00000000
       15235000	      1522	800001d0	41155293	srai	x5,x10,0x11	 x10:0x80001028  x5=0xffffc000
       15245000	      1523	800001d4	02f78023	sb	x15,32(x15)	 x15:0x80008e2d x15:0x80008e2d PA:0x80008e4d
       15255000	      1524	800001d8	15e82513	slti	x10,x16,350	 x16:0x57741194 x10=0x00000000
       15265000	      1525	800001dc	012e9e33	sll	x28,x29,x18	 x29:0x00000000 x18:0x00000000 x28=0x00000000
       15275000	      1526	800001e0	002d34b3	sltu	x9,x26,x2	 x26:0x00000001  x2:0x80008f6d  x9=0x00000001
       15285000	      1527	800001e4	0ac0aa93	slti	x21,x1,172	  x1:0x00000000 x21=0x00000001
       15295000	      1528	800001e8	02d7d483	lhu	x9,45(x15)	 x15:0x80008e2d  x9=0x0000a98f PA:0x80008e5a
       15305000	      1529	800001ec	ff678883	lb	x17,-10(x15)	 x15:0x80008e2d x17=0x0000005c PA:0x80008e23
       15315000	      1530	800001f0	fcd78723	sb	x13,-50(x15)	 x15:0x80008e2d x13:0x00000000 PA:0x80008dfb
       15325000	      1531	800001f4	00e17c33	and	x24,x2,x14	  x2:0x80008f6d x14:0x00000000 x24=0x00000000
       15335000	      1532	800001f8	019fdfb3	srl	x31,x31,x25	 x31:0x0000006b x25:0x2e790c74 x31=0x00000000
       15345000	      1533	800001fc	01d78803	lb	x16,29(x15)	 x15:0x80008e2d x16=0x00000069 PA:0x80008e4a
       15355000	      1534	80000200	06fc3813	sltiu	x16,x24,111	 x24:0x00000000 x16=0x00000001
       15365000	      1535	80000204	0087cb83	lbu	x23,8(x15)	 x15:0x80008e2d x23=0x00000071 PA:0x80008e35
       15375000	      1536	80000208	01c63fb3	sltu	x31,x12,x28	 x12:0x00000000 x28:0x00000000 x31=0x00000000
       15385000	      1537	8000020c	ea148e13	addi	x28,x9,-351	  x9:0x0000a98f x28=0x0000a830
       15395000	      1538	80000210	3b3c0c17	auipc	x24,0x3b3c0	 x24=0xbb3c020c
       15405000	      1539	80000214	413056b3	sra	x13,x0,x19	  x0:0x00000000 x19:0x00000000 x13=0x00000000
       15415000	      1540	80000218	41ef5833	sra	x16,x30,x30	 x30:0x00000000 x30:0x00000000 x16=0x00000000
       15425000	      1541	8000021c	00006197	auipc	x3,0x6	  x3=0x80006218
       15435000	      1542	80000220	a9418193	addi	x3,x3,-1388	  x3:0x80006218  x3=0x80005cac
       15445000	      1543	80000224	fb92cd13	xori	x26,x5,-71	  x5:0xffffc000 x26=0x00003fb9
       15455000	      1544	80000228	00418193	addi	x3,x3,4	  x3:0x80005cac  x3=0x80005cb0
       15465000	      1545	8000022c	010fd493	srli	x9,x31,0x10	 x31:0x00000000  x9=0x00000000
       15475000	      1546	80000230	4077d813	srai	x16,x15,0x7	 x15:0x80008e2d x16=0xff00011c
       15485000	      1547	80000234	019ab033	sltu	x0,x21,x25	 x21:0x00000001 x25:0x2e790c74
       15495000	      1548	80000238	ffc18367	jalr	x6,x3,-4	  x3:0x80005cb0  x6=0x80000238
       15505000	      1549	00000000	00000013	addi	x0,x0,0	  x0:0x00000000
       15515000	      1550	80005cac	00000013	addi	x0,x0,0	  x0:0x00000000
       15525000	      1551	80005cb0	00c41bb3	sll	x23,x8,x12	  x8:0x00000001 x12:0x00000000 x23=0x00000001
       15535000	      1552	80005cb4	d2cfbf93	sltiu	x31,x31,-724	 x31:0x00000000 x31=0x00000001
       15545000	      1553	80005cb8	007e1113	slli	x2,x28,0x7	 x28:0x0000a830  x2=0x00541800
       15555000	      1554	80005cbc	009b6263	bltu	x22,x9,80005cc0	 x22:0x2480c000  x9:0x00000000
       15565000	      1555	80005cc0	fec20213	addi	x4,x4,-20	  x4:0x80009f84  x4=0x80009f70
       15575000	      1556	80005cc4	002ce033	or	x0,x25,x2	 x25:0x2e790c74  x2:0x00541800
       15585000	      1557	80005cc8	00622223	sw	x6,4(x4)	  x4:0x80009f70  x6:0x80000238 PA:0x80009f74
       15595000	      1558	80005ccc	cd6c8513	addi	x10,x25,-810	 x25:0x2e790c74 x10=0x2e79094a
       15605000	      1559	80005cd0	17de3f13	sltiu	x30,x28,381	 x28:0x0000a830 x30=0x00000000
       15615000	      1560	80005cd4	77b27193	andi	x3,x4,1915	  x4:0x80009f70  x3=0x00000770
       15625000	      1561	80005cd8	004f5c33	srl	x24,x30,x4	 x30:0x00000000  x4:0x80009f70 x24=0x00000000
       15635000	      1562	80005cdc	00002497	auipc	x9,0x2	  x9=0x80007cd8
       15645000	      1563	80005ce0	4e348493	addi	x9,x9,1251	  x9:0x80007cd8  x9=0x800081bb
       15655000	      1564	80005ce4	403e5db3	sra	x27,x28,x3	 x28:0x0000a830  x3:0x00000770 x27=0x00000000
       15665000	      1565	80005ce8	00c48903	lb	x18,12(x9)	  x9:0x800081bb x18=0xffffffef PA:0x800081c7
       15675000	      1566	80005cec	00000013	addi	x0,x0,0	  x0:0x00000000
       15685000	      1567	80005cf0	41195733	sra	x14,x18,x17	 x18:0xffffffef x17:0x0000005c x14=0xffffffff
       15695000	      1568	80005cf4	f2cc4993	xori	x19,x24,-212	 x24:0x00000000 x19=0xffffff2c
       15705000	      1569	80005cf8	e5f4e313	ori	x6,x9,-417	  x9:0x800081bb  x6=0xffffffff
       15715000	      1570	80005cfc	ff54da83	lhu	x21,-11(x9)	  x9:0x800081bb x21=0x000051b0 PA:0x800081b0
       15725000	      1571	80005d00	fe748f23	sb	x7,-2(x9)	  x9:0x800081bb  x7:0x80009fc4 PA:0x800081b9
       15735000	      1572	80005d04	7e96e013	ori	x0,x13,2025	 x13:0x00000000
       15745000	      1573	80005d08	00b825b3	slt	x11,x16,x11	 x16:0xff00011c x11:0x00000000 x11=0x00000001
       15755000	      1574	80005d0c	01b0cbb3	xor	x23,x1,x27	  x1:0x00000000 x27:0x00000000 x23=0x00000000
       15765000	      1575	80005d10	0084cb03	lbu	x22,8(x9)	  x9:0x800081bb x22=0x00000035 PA:0x800081c3
       15775000	      1576	80005d14	4010ddb3	sra	x27,x1,x1	  x1:0x00000000  x1:0x00000000 x27=0x00000000
       15785000	      1577	80005d18	ff14d583	lhu	x11,-15(x9)	  x9:0x800081bb x11=0x0000cba2 PA:0x800081ac
       15795000	      1578	80005d1c	0024c283	lbu	x5,2(x9)	  x9:0x800081bb  x5=0x000000af PA:0x800081bd
       15805000	      1579	80005d20	fff4df83	lhu	x31,-1(x9)	  x9:0x800081bb x31=0x00005edf PA:0x800081ba
       15815000	      1580	80005d24	00149703	lh	x14,1(x9)	  x9:0x800081bb x14=0xffffafa2 PA:0x800081bc
       15825000	      1581	80005d28	ffb4ce03	lbu	x28,-5(x9)	  x9:0x800081bb x28=0x000000da PA:0x800081b6
       15835000	      1582	80005d2c	00a48e03	lb	x28,10(x9)	  x9:0x800081bb x28=0xffffffae PA:0x800081c5
       15845000	      1583	80005d30	0044c103	lbu	x2,4(x9)	  x9:0x800081bb  x2=0x000000dd PA:0x800081bf
       15855000	      1584	80005d34	00d49a83	lh	x21,13(x9)	  x9:0x800081bb x21=0x0000693e PA:0x800081c8
       15865000	      1585	80005d38	fe948c23	sb	x9,-8(x9)	  x9:0x800081bb  x9:0x800081bb PA:0x800081b3
       15875000	      1586	80005d3c	012cc8b3	xor	x17,x25,x18	 x25:0x2e790c74 x18:0xffffffef x17=0xd186f39b
       15885000	      1587	80005d40	00000013	addi	x0,x0,0	  x0:0x00000000
       15895000	      1588	80005d44	0084cd03	lbu	x26,8(x9)	  x9:0x800081bb x26=0x00000035 PA:0x800081c3
       15905000	      1589	80005d48	ffb49003	lh	x0,-5(x9)	  x9:0x800081bb PA:0x800081b6
       15915000	      1590	80005d4c	ffb48803	lb	x16,-5(x9)	  x9:0x800081bb x16=0xffffffda PA:0x800081b6
       15925000	      1591	80005d50	ffa4c183	lbu	x3,-6(x9)	  x9:0x800081bb  x3=0x000000df PA:0x800081b5
       15935000	      1592	80005d54	56b66613	ori	x12,x12,1387	 x12:0x00000000 x12=0x0000056b
       15945000	      1593	80005d58	5e956893	ori	x17,x10,1513	 x10:0x2e79094a x17=0x2e790deb
       15955000	      1594	80005d5c	fe248a23	sb	x2,-12(x9)	  x9:0x800081bb  x2:0x000000dd PA:0x800081af
       15965000	      1595	80005d60	ffe4c503	lbu	x10,-2(x9)	  x9:0x800081bb x10=0x000000c4 PA:0x800081b9
       15975000	      1596	80005d64	4b670593	addi	x11,x14,1206	 x14:0xffffafa2 x11=0xffffb458
       15985000	      1597	80005d68	ffc48ba3	sb	x28,-9(x9)	  x9:0x800081bb x28:0xffffffae PA:0x800081b2
       15995000	      1598	80005d6c	a895aab7	lui	x21,0xa895a	 x21=0xa895a000
       16005000	      1599	80005d70	fff4c883	lbu	x17,-1(x9)	  x9:0x800081bb x17=0x000000df PA:0x800081ba
       16015000	      1600	80005d74	0094a503	lw	x10,9(x9)	  x9:0x800081bb x10=0xefdaae63 PA:0x800081c4
       16025000	      1601	80005d78	00003597	auipc	x11,0x3	 x11=0x80008d74
       16035000	      1602	80005d7c	1bd58593	addi	x11,x11,445	 x11:0x80008d74 x11=0x80008f31
       16045000	      1603	80005d80	0025c983	lbu	x19,2(x11)	 x11:0x80008f31 x19=0x00000058 PA:0x80008f33
       16055000	      1604	80005d84	40fe8433	sub	x8,x29,x15	 x29:0x00000000 x15:0x80008e2d  x8=0x7fff71d3
       16065000	      1605	80005d88	a224a197	auipc	x3,0xa224a	  x3=0x2224fd84
       16075000	      1606	80005d8c	00000013	addi	x0,x0,0	  x0:0x00000000
       16085000	      1607	80005d90	ffc5c003	lbu	x0,-4(x11)	 x11:0x80008f31 PA:0x80008f2d
       16095000	      1608	80005d94	01758023	sb	x23,0(x11)	 x11:0x80008f31 x23:0x00000000 PA:0x80008f31
       16105000	      1609	80005d98	b52e8513	addi	x10,x29,-1198	 x29:0x00000000 x10=0xfffffb52
       16115000	      1610	80005d9c	ff95c703	lbu	x14,-7(x11)	 x11:0x80008f31 x14=0x00000000 PA:0x80008f2a
       16125000	      1611	80005da0	01c58823	sb	x28,16(x11)	 x11:0x80008f31 x28:0xffffffae PA:0x80008f41
       16135000	      1612	80005da4	ffd5ca83	lbu	x21,-3(x11)	 x11:0x80008f31 x21=0x0000006d PA:0x80008f2e
       16145000	      1613	80005da8	ff25cd83	lbu	x27,-14(x11)	 x11:0x80008f31 x27=0x00000062 PA:0x80008f23
       16155000	      1614	80005dac	00e591a3	sh	x14,3(x11)	 x11:0x80008f31 x14:0x00000000 PA:0x80008f34
       16165000	      1615	80005db0	009580a3	sb	x9,1(x11)	 x11:0x80008f31  x9:0x800081bb PA:0x80008f32
       16175000	      1616	80005db4	012597a3	sh	x18,15(x11)	 x11:0x80008f31 x18:0xffffffef PA:0x80008f40
       16185000	      1617	80005db8	ff85c703	lbu	x14,-8(x11)	 x11:0x80008f31 x14=0x0000001b PA:0x80008f29
       16195000	      1618	80005dbc	00d58083	lb	x1,13(x11)	 x11:0x80008f31  x1=0x00000060 PA:0x80008f3e
       16205000	      1619	80005dc0	0045c983	lbu	x19,4(x11)	 x11:0x80008f31 x19=0x00000000 PA:0x80008f35
       16215000	      1620	80005dc4	ff85c903	lbu	x18,-8(x11)	 x11:0x80008f31 x18=0x0000001b PA:0x80008f29
       16225000	      1621	80005dc8	76a72b97	auipc	x23,0x76a72	 x23=0xf6a77dc4
       16235000	      1622	80005dcc	0192dc33	srl	x24,x5,x25	  x5:0x000000af x25:0x2e790c74 x24=0x00000000
       16245000	      1623	80005dd0	376fc017	auipc	x0,0x376fc	
       16255000	      1624	80005dd4	ffe5c303	lbu	x6,-2(x11)	 x11:0x80008f31  x6=0x00000089 PA:0x80008f2f
       16265000	      1625	80005dd8	00e5ca03	lbu	x20,14(x11)	 x11:0x80008f31 x20=0x000000f6 PA:0x80008f3f
       16275000	      1626	80005ddc	4cc9cb93	xori	x23,x19,1228	 x19:0x00000000 x23=0x000004cc
       16285000	      1627	80005de0	00000013	addi	x0,x0,0	  x0:0x00000000
       16295000	      1628	80005de4	b945c637	lui	x12,0xb945c	 x12=0xb945c000
       16305000	      1629	80005de8	01b55893	srli	x17,x10,0x1b	 x10:0xfffffb52 x17=0x0000001f
       16315000	      1630	80005dec	008009b3	add	x19,x0,x8	  x0:0x00000000  x8:0x7fff71d3 x19=0x7fff71d3
       16325000	      1631	80005df0	00a5cf03	lbu	x30,10(x11)	 x11:0x80008f31 x30=0x0000007d PA:0x80008f3b
       16335000	      1632	80005df4	00b59f03	lh	x30,11(x11)	 x11:0x80008f31 x30=0xffff997e PA:0x80008f3c
       16345000	      1633	80005df8	01d58023	sb	x29,0(x11)	 x11:0x80008f31 x29:0x00000000 PA:0x80008f31
       16355000	      1634	80005dfc	ffc59aa3	sh	x28,-11(x11)	 x11:0x80008f31 x28:0xffffffae PA:0x80008f26
       16365000	      1635	80005e00	00b5df03	lhu	x30,11(x11)	 x11:0x80008f31 x30=0x0000997e PA:0x80008f3c
       16375000	      1636	80005e04	00158123	sb	x1,2(x11)	 x11:0x80008f31  x1:0x00000060 PA:0x80008f33
       16385000	      1637	80005e08	ffa58b23	sb	x26,-10(x11)	 x11:0x80008f31 x26:0x00000035 PA:0x80008f27
       16395000	      1638	80005e0c	00159003	lh	x0,1(x11)	 x11:0x80008f31 PA:0x80008f32
       16405000	      1639	80005e10	0055cf03	lbu	x30,5(x11)	 x11:0x80008f31 x30=0x0000004e PA:0x80008f36
       16415000	      1640	80005e14	809bc613	xori	x12,x23,-2039	 x23:0x000004cc x12=0xfffffcc5
       16425000	      1641	80005e18	867ae197	auipc	x3,0x867ae	  x3=0x067b3e14
       16435000	      1642	80005e1c	01a11193	slli	x3,x2,0x1a	  x2:0x000000dd  x3=0x74000000
       16445000	      1643	80005e20	01b592a3	sh	x27,5(x11)	 x11:0x80008f31 x27:0x00000062 PA:0x80008f36
       16455000	      1644	80005e24	004caf33	slt	x30,x25,x4	 x25:0x2e790c74  x4:0x80009f70 x30=0x00000000
       16465000	      1645	80005e28	ff15d503	lhu	x10,-15(x11)	 x11:0x80008f31 x10=0x0000622c PA:0x80008f22
       16475000	      1646	80005e2c	00f5da03	lhu	x20,15(x11)	 x11:0x80008f31 x20=0x0000ffef PA:0x80008f40
       16485000	      1647	80005e30	ffe5c703	lbu	x14,-2(x11)	 x11:0x80008f31 x14=0x00000089 PA:0x80008f2f
       16495000	      1648	80005e34	00358503	lb	x10,3(x11)	 x11:0x80008f31 x10=0x00000000 PA:0x80008f34
       16505000	      1649	80005e38	00002a17	auipc	x20,0x2	 x20=0x80007e34
       16515000	      1650	80005e3c	522a0a13	addi	x20,x20,1314	 x20:0x80007e34 x20=0x80008356
       16525000	      1651	80005e40	f4ba4f03	lbu	x30,-181(x20)	 x20:0x80008356 x30=0x00000082 PA:0x800082a1
       16535000	      1652	80005e44	00000013	addi	x0,x0,0	  x0:0x00000000
       16545000	      1653	80005e48	0fba1623	sh	x27,236(x20)	 x20:0x80008356 x27:0x00000062 PA:0x80008442
       16555000	      1654	80005e4c	40b65f33	sra	x30,x12,x11	 x12:0xfffffcc5 x11:0x80008f31 x30=0xffffffff
       16565000	      1655	80005e50	00f976b3	and	x13,x18,x15	 x18:0x0000001b x15:0x80008e2d x13=0x00000009
       16575000	      1656	80005e54	f25a0e03	lb	x28,-219(x20)	 x20:0x80008356 x28=0xffffffab PA:0x8000827b
       16585000	      1657	80005e58	fc1a00a3	sb	x1,-63(x20)	 x20:0x80008356  x1:0x00000060 PA:0x80008317
       16595000	      1658	80005e5c	01f79093	slli	x1,x15,0x1f	 x15:0x80008e2d  x1=0x80000000
       16605000	      1659	80005e60	805f0013	addi	x0,x30,-2043	 x30:0xffffffff
       16615000	      1660	80005e64	f03a0603	lb	x12,-253(x20)	 x20:0x80008356 x12=0x00000029 PA:0x80008259
       16625000	      1661	80005e68	01999c33	sll	x24,x19,x25	 x19:0x7fff71d3 x25:0x2e790c74 x24=0x1d300000
       16635000	      1662	80005e6c	01454633	xor	x12,x10,x20	 x10:0x00000000 x20:0x80008356 x12=0x80008356
       16645000	      1663	80005e70	f38a5903	lhu	x18,-200(x20)	 x20:0x80008356 x18=0x00002c23 PA:0x8000828e
       16655000	      1664	80005e74	0162e633	or	x12,x5,x22	  x5:0x000000af x22:0x00000035 x12=0x000000bf
       16665000	      1665	80005e78	003d5993	srli	x19,x26,0x3	 x26:0x00000035 x19=0x00000006
       16675000	      1666	80005e7c	0d1a4783	lbu	x15,209(x20)	 x20:0x80008356 x15=0x0000008f PA:0x80008427
       16685000	      1667	80005e80	fdfa0b03	lb	x22,-33(x20)	 x20:0x80008356 x22=0x00000068 PA:0x80008335
       16695000	      1668	80005e84	01c1d833	srl	x16,x3,x28	  x3:0x74000000 x28:0xffffffab x16=0x000e8000
       16705000	      1669	80005e88	fbfa0b03	lb	x22,-65(x20)	 x20:0x80008356 x22=0x00000079 PA:0x80008315
       16715000	      1670	80005e8c	01d8c333	xor	x6,x17,x29	 x17:0x0000001f x29:0x00000000  x6=0x0000001f
       16725000	      1671	80005e90	009090b3	sll	x1,x1,x9	  x1:0x80000000  x9:0x800081bb  x1=0x00000000
       16735000	      1672	80005e94	87e7ed13	ori	x26,x15,-1922	 x15:0x0000008f x26=0xfffff8ff
       16745000	      1673	80005e98	fa0a5983	lhu	x19,-96(x20)	 x20:0x80008356 x19=0x00000fbf PA:0x800082f6
       16755000	      1674	80005e9c	00e87d33	and	x26,x16,x14	 x16:0x000e8000 x14:0x00000089 x26=0x00000000
       16765000	      1675	80005ea0	0153a333	slt	x6,x7,x21	  x7:0x80009fc4 x21:0x0000006d  x6=0x00000001
       16775000	      1676	80005ea4	29bb2193	slti	x3,x22,667	 x22:0x00000079  x3=0x00000001
       16785000	      1677	80005ea8	01cc7133	and	x2,x24,x28	 x24:0x1d300000 x28:0xffffffab  x2=0x1d300000
       16795000	      1678	80005eac	91ffc313	xori	x6,x31,-1761	 x31:0x00005edf  x6=0xffffa7c0
       16805000	      1679	80005eb0	00d74333	xor	x6,x14,x13	 x14:0x00000089 x13:0x00000009  x6=0x00000080
       16815000	      1680	80005eb4	040a0aa3	sb	x0,85(x20)	 x20:0x80008356  x0:0x00000000 PA:0x800083ab
       16825000	      1681	80005eb8	012caa13	slti	x20,x25,18	 x25:0x2e790c74 x20=0x00000000
       16835000	      1682	80005ebc	05910463	beq	x2,x25,80005f04	  x2:0x1d300000 x25:0x2e790c74
       16845000	      1683	80005ec0	034a0863	beq	x20,x20,80005ef0	 x20:0x00000000 x20:0x00000000
       16855000	      1684	00000000	00000013	addi	x0,x0,0	  x0:0x00000000
       16865000	      1685	80005eec	00000013	addi	x0,x0,0	  x0:0x00000000
       16875000	      1686	80005ef0	0477e463	bltu	x15,x7,80005f38	 x15:0x0000008f  x7:0x80009fc4
       16885000	      1687	00000000	00000013	addi	x0,x0,0	  x0:0x00000000
       16895000	      1688	80005f34	00000013	addi	x0,x0,0	  x0:0x00000000
       16905000	      1689	80005f38	00e71263	bne	x14,x14,80005f3c	 x14:0x00000089 x14:0x00000089
       16915000	      1690	80005f3c	df0d6717	auipc	x14,0xdf0d6	 x14=0x5f0dbf38
       16925000	      1691	80005f40	00bf8633	add	x12,x31,x11	 x31:0x00005edf x11:0x80008f31 x12=0x8000ee10
       16935000	      1692	80005f44	a271f613	andi	x12,x3,-1497	  x3:0x00000001 x12=0x00000001
       16945000	      1693	80005f48	01abf433	and	x8,x23,x26	 x23:0x000004cc x26:0x00000000  x8=0x00000000
       16955000	      1694	80005f4c	0dc6e263	bltu	x13,x28,80006010	 x13:0x00000009 x28:0xffffffab
       16965000	      1695	00000000	00000013	addi	x0,x0,0	  x0:0x00000000
       16975000	      1696	8000600c	00000013	addi	x0,x0,0	  x0:0x00000000
       16985000	      1697	80006010	01f9c7b3	xor	x15,x19,x31	 x19:0x00000fbf x31:0x00005edf x15=0x00005160
       16995000	      1698	80006014	008cc1b3	xor	x3,x25,x8	 x25:0x2e790c74  x8:0x00000000  x3=0x2e790c74
       17005000	      1699	80006018	008f9733	sll	x14,x31,x8	 x31:0x00005edf  x8:0x00000000 x14=0x00005edf
       17015000	      1700	8000601c	418a0633	sub	x12,x20,x24	 x20:0x00000000 x24:0x1d300000 x12=0xe2d00000
       17025000	      1701	80006020	01d38133	add	x2,x7,x29	  x7:0x80009fc4 x29:0x00000000  x2=0x80009fc4
       17035000	      1702	80006024	014ce133	or	x2,x25,x20	 x25:0x2e790c74 x20:0x00000000  x2=0x2e790c74
       17045000	      1703	80006028	17373293	sltiu	x5,x14,371	 x14:0x00005edf  x5=0x00000000
       17055000	      1704	8000602c	01dd6f33	or	x30,x26,x29	 x26:0x00000000 x29:0x00000000 x30=0x00000000
       17065000	      1705	80006030	401b8b33	sub	x22,x23,x1	 x23:0x000004cc  x1:0x00000000 x22=0x000004cc
       17075000	      1706	80006034	0156fd33	and	x26,x13,x21	 x13:0x00000009 x21:0x0000006d x26=0x00000009
       17085000	      1707	80006038	00344033	xor	x0,x8,x3	  x8:0x00000000  x3:0x2e790c74
       17095000	      1708	8000603c	f392a737	lui	x14,0xf392a	 x14=0xf392a000
       17105000	      1709	80006040	01c6dab3	srl	x21,x13,x28	 x13:0x00000009 x28:0xffffffab x21=0x00000000
       17115000	      1710	80006044	014fda63	bge	x31,x20,80006058	 x31:0x00005edf x20:0x00000000
       17125000	      1711	00000000	00000013	addi	x0,x0,0	  x0:0x00000000
       17135000	      1712	80006054	00000013	addi	x0,x0,0	  x0:0x00000000
       17145000	      1713	80006058	00000013	addi	x0,x0,0	  x0:0x00000000
       17155000	      1714	8000605c	41945193	srai	x3,x8,0x19	  x8:0x00000000  x3=0x00000000
       17165000	      1715	80006060	409fd033	sra	x0,x31,x9	 x31:0x00005edf  x9:0x800081bb
       17175000	      1716	80006064	03faec63	bltu	x21,x31,8000609c	 x21:0x00000000 x31:0x00005edf
       17185000	      1717	00000000	00000013	addi	x0,x0,0	  x0:0x00000000
       17195000	      1718	80006098	00000013	addi	x0,x0,0	  x0:0x00000000
       17205000	      1719	8000609c	41195b93	srai	x23,x18,0x11	 x18:0x00002c23 x23=0x00000000
       17215000	      1720	800060a0	01408733	add	x14,x1,x20	  x1:0x00000000 x20:0x00000000 x14=0x00000000
       17225000	      1721	800060a4	41825f33	sra	x30,x4,x24	  x4:0x80009f70 x24:0x1d300000 x30=0x80009f70
       17235000	      1722	800060a8	51ad7413	andi	x8,x26,1306	 x26:0x00000009  x8=0x00000008
       17245000	      1723	800060ac	0187e463	bltu	x15,x24,800060b4	 x15:0x00005160 x24:0x1d300000
       17255000	      1724	00000000	00000013	addi	x0,x0,0	  x0:0x00000000
       17265000	      1725	800060b0	00000013	addi	x0,x0,0	  x0:0x00000000
       17275000	      1726	800060b4	00641e33	sll	x28,x8,x6	  x8:0x00000008  x6:0x00000080 x28=0x00000008
       17285000	      1727	800060b8	41f95d33	sra	x26,x18,x31	 x18:0x00002c23 x31:0x00005edf x26=0x00000000
       17295000	      1728	800060bc	0129d863	bge	x19,x18,800060cc	 x19:0x00000fbf x18:0x00002c23
       17305000	      1729	800060c0	aa465497	auipc	x9,0xaa465	  x9=0x2a46b0bc
       17315000	      1730	800060c4	99ce7413	andi	x8,x28,-1636	 x28:0x00000008  x8=0x00000008
       17325000	      1731	800060c8	e028e413	ori	x8,x17,-510	 x17:0x0000001f  x8=0xfffffe1f
       17335000	      1732	800060cc	41d85893	srai	x17,x16,0x1d	 x16:0x000e8000 x17=0x00000000
       17345000	      1733	800060d0	db8bc693	xori	x13,x23,-584	 x23:0x00000000 x13=0xfffffdb8
       17355000	      1734	800060d4	01e51e63	bne	x10,x30,800060f0	 x10:0x00000000 x30:0x80009f70
       17365000	      1735	00000000	00000013	addi	x0,x0,0	  x0:0x00000000
       17375000	      1736	800060ec	00000013	addi	x0,x0,0	  x0:0x00000000
       17385000	      1737	800060f0	41b55013	srai	x0,x10,0x1b	 x10:0x00000000
       17395000	      1738	800060f4	40975193	srai	x3,x14,0x9	 x14:0x00000000  x3=0x00000000
       17405000	      1739	800060f8	0067c8b3	xor	x17,x15,x6	 x15:0x00005160  x6:0x00000080 x17=0x000051e0
       17415000	      1740	800060fc	40f20fb3	sub	x31,x4,x15	  x4:0x80009f70 x15:0x00005160 x31=0x80004e10
       17425000	      1741	80006100	001a6e63	bltu	x20,x1,8000611c	 x20:0x00000000  x1:0x00000000
       17435000	      1742	80006104	080de093	ori	x1,x27,128	 x27:0x00000062  x1=0x000000e2
       17445000	      1743	80006108	03e68663	beq	x13,x30,80006134	 x13:0xfffffdb8 x30:0x80009f70
       17455000	      1744	8000610c	01195a63	bge	x18,x17,80006120	 x18:0x00002c23 x17:0x000051e0
       17465000	      1745	80006110	012c4433	xor	x8,x24,x18	 x24:0x1d300000 x18:0x00002c23  x8=0x1d302c23
       17475000	      1746	80006114	00000013	addi	x0,x0,0	  x0:0x00000000
       17485000	      1747	80006118	a9574413	xori	x8,x14,-1387	 x14:0x00000000  x8=0xfffffa95
       17495000	      1748	8000611c	021dd663	bge	x27,x1,80006148	 x27:0x00000062  x1:0x000000e2
       17505000	      1749	80006120	01005a33	srl	x20,x0,x16	  x0:0x00000000 x16:0x000e8000 x20=0x00000000
       17515000	      1750	80006124	41430bb3	sub	x23,x6,x20	  x6:0x00000080 x20:0x00000000 x23=0x00000080
       17525000	      1751	80006128	56877793	andi	x15,x14,1384	 x14:0x00000000 x15=0x00000000
       17535000	      1752	8000612c	00259fb3	sll	x31,x11,x2	 x11:0x80008f31  x2:0x2e790c74 x31=0xf3100000
       17545000	      1753	80006130	00000013	addi	x0,x0,0	  x0:0x00000000
       17555000	      1754	80006134	0114ab33	slt	x22,x9,x17	  x9:0x2a46b0bc x17:0x000051e0 x22=0x00000000
       17565000	      1755	80006138	408e5013	srai	x0,x28,0x8	 x28:0x00000008
       17575000	      1756	8000613c	007d2633	slt	x12,x26,x7	 x26:0x00000000  x7:0x80009fc4 x12=0x00000000
       17585000	      1757	80006140	01f46a33	or	x20,x8,x31	  x8:0xfffffa95 x31:0xf3100000 x20=0xfffffa95
       17595000	      1758	80006144	01e41113	slli	x2,x8,0x1e	  x8:0xfffffa95  x2=0x40000000
       17605000	      1759	80006148	00131db3	sll	x27,x6,x1	  x6:0x00000080  x1:0x000000e2 x27=0x00000200
       17615000	      1760	8000614c	01544b33	xor	x22,x8,x21	  x8:0xfffffa95 x21:0x00000000 x22=0xfffffa95
       17625000	      1761	80006150	f8023993	sltiu	x19,x4,-128	  x4:0x80009f70 x19=0x00000001
       17635000	      1762	80006154	407d82b3	sub	x5,x27,x7	 x27:0x00000200  x7:0x80009fc4  x5=0x7fff623c
       17645000	      1763	80006158	0006d893	srli	x17,x13,0x0	 x13:0xfffffdb8 x17=0xfffffdb8
       17655000	      1764	8000615c	00afa633	slt	x12,x31,x10	 x31:0xf3100000 x10:0x00000000 x12=0x00000001
       17665000	      1765	80006160	00de22b3	slt	x5,x28,x13	 x28:0x00000008 x13:0xfffffdb8  x5=0x00000000
       17675000	      1766	80006164	018ef933	and	x18,x29,x24	 x29:0x00000000 x24:0x1d300000 x18=0x00000000
       17685000	      1767	80006168	0e996797	auipc	x15,0xe996	 x15=0x8e99c164
       17695000	      1768	8000616c	174bb893	sltiu	x17,x23,372	 x23:0x00000080 x17=0x00000001
       17705000	      1769	80006170	005bd013	srli	x0,x23,0x5	 x23:0x00000080
       17715000	      1770	80006174	04829063	bne	x5,x8,800061b4	  x5:0x00000000  x8:0xfffffa95
       17725000	      1771	00000000	00000013	addi	x0,x0,0	  x0:0x00000000
       17735000	      1772	800061b0	00000013	addi	x0,x0,0	  x0:0x00000000
       17745000	      1773	800061b4	002596b3	sll	x13,x11,x2	 x11:0x80008f31  x2:0x40000000 x13=0x80008f31
       17755000	      1774	800061b8	01d20fb3	add	x31,x4,x29	  x4:0x80009f70 x29:0x00000000 x31=0x80009f70
       17765000	      1775	800061bc	6394e293	ori	x5,x9,1593	  x9:0x2a46b0bc  x5=0x2a46b6bd
       17775000	      1776	800061c0	40855d33	sra	x26,x10,x8	 x10:0x00000000  x8:0xfffffa95 x26=0x00000000
       17785000	      1777	800061c4	009c82b3	add	x5,x25,x9	 x25:0x2e790c74  x9:0x2a46b0bc  x5=0x58bfbd30
       17795000	      1778	800061c8	7060f493	andi	x9,x1,1798	  x1:0x000000e2  x9=0x00000002
       17805000	      1779	800061cc	017e2fb3	slt	x31,x28,x23	 x28:0x00000008 x23:0x00000080 x31=0x00000001
       17815000	      1780	800061d0	74adbdb7	lui	x27,0x74adb	 x27=0x74adb000
       17825000	      1781	800061d4	013311b3	sll	x3,x6,x19	  x6:0x00000080 x19:0x00000001  x3=0x00000100
       17835000	      1782	800061d8	003fd1b3	srl	x3,x31,x3	 x31:0x00000001  x3:0x00000100  x3=0x00000001
       17845000	      1783	800061dc	412a0533	sub	x10,x20,x18	 x20:0xfffffa95 x18:0x00000000 x10=0xfffffa95
       17855000	      1784	800061e0	ef02f013	andi	x0,x5,-272	  x5:0x58bfbd30
       17865000	      1785	800061e4	95e30813	addi	x16,x6,-1698	  x6:0x00000080 x16=0xfffff9de
       17875000	      1786	800061e8	02f68c63	beq	x13,x15,80006220	 x13:0x80008f31 x15:0x8e99c164
       17885000	      1787	800061ec	01823eb3	sltu	x29,x4,x24	  x4:0x80009f70 x24:0x1d300000 x29=0x00000000
       17895000	      1788	800061f0	01d6ea63	bltu	x13,x29,80006204	 x13:0x80008f31 x29:0x00000000
       17905000	      1789	800061f4	01fc9713	slli	x14,x25,0x1f	 x25:0x2e790c74 x14=0x00000000
       17915000	      1790	800061f8	00a57533	and	x10,x10,x10	 x10:0xfffffa95 x10:0xfffffa95 x10=0xfffffa95
       17925000	      1791	800061fc	2325ed93	ori	x27,x11,562	 x11:0x80008f31 x27=0x80008f33
       17935000	      1792	80006200	01114c33	xor	x24,x2,x17	  x2:0x40000000 x17:0x00000001 x24=0x40000001
       17945000	      1793	80006204	43cb3837	lui	x16,0x43cb3	 x16=0x43cb3000
       17955000	      1794	80006208	a94db813	sltiu	x16,x27,-1388	 x27:0x80008f33 x16=0x00000001
       17965000	      1795	8000620c	03617063	bgeu	x2,x22,8000622c	  x2:0x40000000 x22:0xfffffa95
       17975000	      1796	80006210	41c65893	srai	x17,x12,0x1c	 x12:0x00000001 x17=0x00000000
       17985000	      1797	80006214	3f0d7613	andi	x12,x26,1008	 x26:0x00000000 x12=0x00000000
       17995000	      1798	80006218	9624e313	ori	x6,x9,-1694	  x9:0x00000002  x6=0xfffff962
       18005000	      1799	8000621c	016dd113	srli	x2,x27,0x16	 x27:0x80008f33  x2=0x00000200
       18015000	      1800	80006220	020e7063	bgeu	x28,x0,80006240	 x28:0x00000008  x0:0x00000000
       18025000	      1801	00000000	00000013	addi	x0,x0,0	  x0:0x00000000
       18035000	      1802	8000623c	00000013	addi	x0,x0,0	  x0:0x00000000
       18045000	      1803	80006240	00965d93	srli	x27,x12,0x9	 x12:0x00000000 x27=0x00000000
       18055000	      1804	80006244	a164e893	ori	x17,x9,-1514	  x9:0x00000002 x17=0xfffffa16
       18065000	      1805	80006248	4adc7917	auipc	x18,0x4adc7	 x18=0xcadcd244
       18075000	      1806	8000624c	00fdc0b3	xor	x1,x27,x15	 x27:0x00000000 x15:0x8e99c164  x1=0x8e99c164
       18085000	      1807	80006250	0285f663	bgeu	x11,x8,8000627c	 x11:0x80008f31  x8:0xfffffa95
       18095000	      1808	80006254	40168833	sub	x16,x13,x1	 x13:0x80008f31  x1:0x8e99c164 x16=0xf166cdcd
       18105000	      1809	80006258	b9983593	sltiu	x11,x16,-1127	 x16:0xf166cdcd x11=0x00000001
       18115000	      1810	8000625c	56d2a613	slti	x12,x5,1389	  x5:0x58bfbd30 x12=0x00000000
       18125000	      1811	80006260	ca55fe13	andi	x28,x11,-859	 x11:0x00000001 x28=0x00000001
       18135000	      1812	80006264	53fd2b13	slti	x22,x26,1343	 x26:0x00000000 x22=0x00000001
       18145000	      1813	80006268	d32c3837	lui	x16,0xd32c3	 x16=0xd32c3000
       18155000	      1814	8000626c	01e70533	add	x10,x14,x30	 x14:0x00000000 x30:0x80009f70 x10=0x80009f70
       18165000	      1815	80006270	018a17b3	sll	x15,x20,x24	 x20:0xfffffa95 x24:0x40000001 x15=0xfffff52a
       18175000	      1816	80006274	c838e593	ori	x11,x17,-893	 x17:0xfffffa16 x11=0xfffffe97
       18185000	      1817	80006278	96f36d37	lui	x26,0x96f36	 x26=0x96f36000
       18195000	      1818	8000627c	00b75993	srli	x19,x14,0xb	 x14:0x00000000 x19=0x00000000
       18205000	      1819	80006280	01ea1113	slli	x2,x20,0x1e	 x20:0xfffffa95  x2=0x40000000
       18215000	      1820	80006284	40e1de13	srai	x28,x3,0xe	  x3:0x00000001 x28=0x00000000
       18225000	      1821	80006288	00858263	beq	x11,x8,8000628c	 x11:0xfffffe97  x8:0xfffffa95
       18235000	      1822	8000628c	04f78863	beq	x15,x15,800062dc	 x15:0xfffff52a x15:0xfffff52a
       18245000	      1823	00000000	00000013	addi	x0,x0,0	  x0:0x00000000
       18255000	      1824	800062d8	00000013	addi	x0,x0,0	  x0:0x00000000
       18265000	      1825	800062dc	00544e63	blt	x8,x5,800062f8	  x8:0xfffffa95  x5:0x58bfbd30
       18275000	      1826	00000000	00000013	addi	x0,x0,0	  x0:0x00000000
       18285000	      1827	800062f4	00000013	addi	x0,x0,0	  x0:0x00000000
       18295000	      1828	800062f8	01a98733	add	x14,x19,x26	 x19:0x00000000 x26:0x96f36000 x14=0x96f36000
       18305000	      1829	800062fc	0304e863	bltu	x9,x16,8000632c	  x9:0x00000002 x16:0xd32c3000
       18315000	      1830	00000000	00000013	addi	x0,x0,0	  x0:0x00000000
       18325000	      1831	80006328	00000013	addi	x0,x0,0	  x0:0x00000000
       18335000	      1832	8000632c	012f7263	bgeu	x30,x18,80006330	 x30:0x80009f70 x18:0xcadcd244
       18345000	      1833	80006330	41848433	sub	x8,x9,x24	  x9:0x00000002 x24:0x40000001  x8=0xc0000001
       18355000	      1834	80006334	af7ec413	xori	x8,x29,-1289	 x29:0x00000000  x8=0xfffffaf7
       18365000	      1835	80006338	01660333	add	x6,x12,x22	 x12:0x00000000 x22:0x00000001  x6=0x00000001
       18375000	      1836	8000633c	05491e97	auipc	x29,0x5491	 x29=0x85497338
       18385000	      1837	80006340	1c4c99b7	lui	x19,0x1c4c9	 x19=0x1c4c9000
       18395000	      1838	80006344	e2f78693	addi	x13,x15,-465	 x15:0xfffff52a x13=0xfffff359
       18405000	      1839	80006348	03fd8463	beq	x27,x31,80006370	 x27:0x00000000 x31:0x00000001
       18415000	      1840	8000634c	01af5f33	srl	x30,x30,x26	 x30:0x80009f70 x26:0x96f36000 x30=0x80009f70
       18425000	      1841	80006350	c60a8093	addi	x1,x21,-928	 x21:0x00000000  x1=0xfffffc60
       18435000	      1842	80006354	401cdf13	srai	x30,x25,0x1	 x25:0x2e790c74 x30=0x173c863a
       18445000	      1843	80006358	41d3d6b3	sra	x13,x7,x29	  x7:0x80009fc4 x29:0x85497338 x13=0xffffff80
       18455000	      1844	8000635c	40280933	sub	x18,x16,x2	 x16:0xd32c3000  x2:0x40000000 x18=0x932c3000
       18465000	      1845	80006360	408d5333	sra	x6,x26,x8	 x26:0x96f36000  x8:0xfffffaf7  x6=0xffffff2d
       18475000	      1846	80006364	2851a613	slti	x12,x3,645	  x3:0x00000001 x12=0x00000001
       18485000	      1847	80006368	01d71ab3	sll	x21,x14,x29	 x14:0x96f36000 x29:0x85497338 x21=0x00000000
       18495000	      1848	8000636c	415754b3	sra	x9,x14,x21	 x14:0x96f36000 x21:0x00000000  x9=0x96f36000
       18505000	      1849	80006370	b2e47c13	andi	x24,x8,-1234	  x8:0xfffffaf7 x24=0xfffffa26
       18515000	      1850	80006374	5a86ad93	slti	x27,x13,1448	 x13:0xffffff80 x27=0x00000001
       18525000	      1851	80006378	df372c13	slti	x24,x14,-525	 x14:0x96f36000 x24=0x00000001
       18535000	      1852	8000637c	00299bb3	sll	x23,x19,x2	 x19:0x1c4c9000  x2:0x40000000 x23=0x1c4c9000
       18545000	      1853	80006380	027d6063	bltu	x26,x7,800063a0	 x26:0x96f36000  x7:0x80009fc4
       18555000	      1854	80006384	34d04c13	xori	x24,x0,845	  x0:0x00000000 x24=0x0000034d
       18565000	      1855	80006388	0165a533	slt	x10,x11,x22	 x11:0xfffffe97 x22:0x00000001 x10=0x00000001
       18575000	      1856	8000638c	74a93093	sltiu	x1,x18,1866	 x18:0x932c3000  x1=0x00000000
       18585000	      1857	80006390	54f66f17	auipc	x30,0x54f66	 x30=0xd4f6c38c
       18595000	      1858	80006394	41d1dd93	srai	x27,x3,0x1d	  x3:0x00000001 x27=0x00000000
       18605000	      1859	80006398	41f782b3	sub	x5,x15,x31	 x15:0xfffff52a x31:0x00000001  x5=0xfffff529
       18615000	      1860	8000639c	01091833	sll	x16,x18,x16	 x18:0x932c3000 x16:0xd32c3000 x16=0x932c3000
       18625000	      1861	800063a0	0057a333	slt	x6,x15,x5	 x15:0xfffff52a  x5:0xfffff529  x6=0x00000000
       18635000	      1862	800063a4	00000013	addi	x0,x0,0	  x0:0x00000000
       18645000	      1863	800063a8	01bf8833	add	x16,x31,x27	 x31:0x00000001 x27:0x00000000 x16=0x00000001
       18655000	      1864	800063ac	41925d33	sra	x26,x4,x25	  x4:0x80009f70 x25:0x2e790c74 x26=0xfffff800
       18665000	      1865	800063b0	c25d0693	addi	x13,x26,-987	 x26:0xfffff800 x13=0xfffff425
       18675000	      1866	800063b4	024b9663	bne	x23,x4,800063e0	 x23:0x1c4c9000  x4:0x80009f70
       18685000	      1867	00000000	00000013	addi	x0,x0,0	  x0:0x00000000
       18695000	      1868	800063dc	00000013	addi	x0,x0,0	  x0:0x00000000
       18705000	      1869	800063e0	05d38863	beq	x7,x29,80006430	  x7:0x80009fc4 x29:0x85497338
       18715000	      1870	800063e4	03e68863	beq	x13,x30,80006414	 x13:0xfffff425 x30:0xd4f6c38c
       18725000	      1871	800063e8	0248e863	bltu	x17,x4,80006418	 x17:0xfffffa16  x4:0x80009f70
       18735000	      1872	800063ec	013e1933	sll	x18,x28,x19	 x28:0x00000000 x19:0x1c4c9000 x18=0x00000000
       18745000	      1873	800063f0	016f0eb3	add	x29,x30,x22	 x30:0xd4f6c38c x22:0x00000001 x29=0xd4f6c38d
       18755000	      1874	800063f4	56ae8193	addi	x3,x29,1386	 x29:0xd4f6c38d  x3=0xd4f6c8f7
       18765000	      1875	800063f8	011d77b3	and	x15,x26,x17	 x26:0xfffff800 x17:0xfffffa16 x15=0xfffff800
       18775000	      1876	800063fc	c2e68f37	lui	x30,0xc2e68	 x30=0xc2e68000
       18785000	      1877	80006400	409dde13	srai	x28,x27,0x9	 x27:0x00000000 x28=0x00000000
       18795000	      1878	80006404	01203d33	sltu	x26,x0,x18	  x0:0x00000000 x18:0x00000000 x26=0x00000000
       18805000	      1879	80006408	00fc8a33	add	x20,x25,x15	 x25:0x2e790c74 x15:0xfffff800 x20=0x2e790474
       18815000	      1880	8000640c	4740a113	slti	x2,x1,1140	  x1:0x00000000  x2=0x00000001
       18825000	      1881	80006410	18a2c417	auipc	x8,0x18a2c	  x8=0x98a3240c
       18835000	      1882	80006414	00b96b33	or	x22,x18,x11	 x18:0x00000000 x11:0xfffffe97 x22=0xfffffe97
       18845000	      1883	80006418	00000013	addi	x0,x0,0	  x0:0x00000000
       18855000	      1884	8000641c	008c67b3	or	x15,x24,x8	 x24:0x0000034d  x8:0x98a3240c x15=0x98a3274d
       18865000	      1885	80006420	9574f817	auipc	x16,0x9574f	 x16=0x1575541c
       18875000	      1886	80006424	85e3a813	slti	x16,x7,-1954	  x7:0x80009fc4 x16=0x00000001
       18885000	      1887	80006428	010d5193	srli	x3,x26,0x10	 x26:0x00000000  x3=0x00000000
       18895000	      1888	8000642c	01ac8633	add	x12,x25,x26	 x25:0x2e790c74 x26:0x00000000 x12=0x2e790c74
       18905000	      1889	80006430	00162fb3	slt	x31,x12,x1	 x12:0x2e790c74  x1:0x00000000 x31=0x00000000
       18915000	      1890	80006434	00a0bc33	sltu	x24,x1,x10	  x1:0x00000000 x10:0x00000001 x24=0x00000001
       18925000	      1891	80006438	00e0ab33	slt	x22,x1,x14	  x1:0x00000000 x14:0x96f36000 x22=0x00000000
       18935000	      1892	8000643c	03778063	beq	x15,x23,8000645c	 x15:0x98a3274d x23:0x1c4c9000
       18945000	      1893	80006440	00ec4433	xor	x8,x24,x14	 x24:0x00000001 x14:0x96f36000  x8=0x96f36001
       18955000	      1894	80006444	0231f663	bgeu	x3,x3,80006470	  x3:0x00000000  x3:0x00000000
       18965000	      1895	00000000	00000013	addi	x0,x0,0	  x0:0x00000000
       18975000	      1896	8000646c	00000013	addi	x0,x0,0	  x0:0x00000000
       18985000	      1897	80006470	0eb3cd93	xori	x27,x7,235	  x7:0x80009fc4 x27=0x80009f2f
       18995000	      1898	80006474	2a3aaa93	slti	x21,x21,675	 x21:0x00000000 x21=0x00000001
       19005000	      1899	80006478	0592e863	bltu	x5,x25,800064c8	  x5:0xfffff529 x25:0x2e790c74
       19015000	      1900	8000647c	401b8333	sub	x6,x23,x1	 x23:0x1c4c9000  x1:0x00000000  x6=0x1c4c9000
       19025000	      1901	80006480	03cadc63	bge	x21,x28,800064b8	 x21:0x00000001 x28:0x00000000
       19035000	      1902	00000000	00000013	addi	x0,x0,0	  x0:0x00000000
       19045000	      1903	800064b4	00000013	addi	x0,x0,0	  x0:0x00000000
       19055000	      1904	800064b8	97de4513	xori	x10,x28,-1667	 x28:0x00000000 x10=0xfffff97d
       19065000	      1905	800064bc	403dd4b3	sra	x9,x27,x3	 x27:0x80009f2f  x3:0x00000000  x9=0x80009f2f
       19075000	      1906	800064c0	05e95863	bge	x18,x30,80006510	 x18:0x00000000 x30:0xc2e68000
       19085000	      1907	00000000	00000013	addi	x0,x0,0	  x0:0x00000000
       19095000	      1908	8000650c	00000013	addi	x0,x0,0	  x0:0x00000000
       19105000	      1909	80006510	01a30263	beq	x6,x26,80006514	  x6:0x1c4c9000 x26:0x00000000
       19115000	      1910	80006514	5b419497	auipc	x9,0x5b419	  x9=0xdb41f510
       19125000	      1911	80006518	c7db6693	ori	x13,x22,-899	 x22:0x00000000 x13=0xfffffc7d
       19135000	      1912	8000651c	010570b3	and	x1,x10,x16	 x10:0xfffff97d x16:0x00000001  x1=0x00000001
       19145000	      1913	80006520	c14e1337	lui	x6,0xc14e1	  x6=0xc14e1000
       19155000	      1914	80006524	01a5d9b3	srl	x19,x11,x26	 x11:0xfffffe97 x26:0x00000000 x19=0xfffffe97
       19165000	      1915	80006528	00f03b33	sltu	x22,x0,x15	  x0:0x00000000 x15:0x98a3274d x22=0x00000001
       19175000	      1916	8000652c	01278c63	beq	x15,x18,80006544	 x15:0x98a3274d x18:0x00000000
       19185000	      1917	80006530	00000013	addi	x0,x0,0	  x0:0x00000000
       19195000	      1918	80006534	007a8f33	add	x30,x21,x7	 x21:0x00000001  x7:0x80009fc4 x30=0x80009fc5
       19205000	      1919	80006538	e0c10093	addi	x1,x2,-500	  x2:0x00000001  x1=0xfffffe0d
       19215000	      1920	8000653c	0294d063	bge	x9,x9,8000655c	  x9:0xdb41f510  x9:0xdb41f510
       19225000	      1921	00000000	00000013	addi	x0,x0,0	  x0:0x00000000
       19235000	      1922	80006558	00000013	addi	x0,x0,0	  x0:0x00000000
       19245000	      1923	8000655c	00901bb3	sll	x23,x0,x9	  x0:0x00000000  x9:0xdb41f510 x23=0x00000000
       19255000	      1924	80006560	01fd41b3	xor	x3,x26,x31	 x26:0x00000000 x31:0x00000000  x3=0x00000000
       19265000	      1925	80006564	0079a333	slt	x6,x19,x7	 x19:0xfffffe97  x7:0x80009fc4  x6=0x00000000
       19275000	      1926	80006568	00000013	addi	x0,x0,0	  x0:0x00000000
       19285000	      1927	8000656c	406a5b33	sra	x22,x20,x6	 x20:0x2e790474  x6:0x00000000 x22=0x2e790474
       19295000	      1928	80006570	352b3837	lui	x16,0x352b3	 x16=0x352b3000
       19305000	      1929	80006574	00076933	or	x18,x14,x0	 x14:0x96f36000  x0:0x00000000 x18=0x96f36000
       19315000	      1930	80006578	03249c63	bne	x9,x18,800065b0	  x9:0xdb41f510 x18:0x96f36000
       19325000	      1931	00000000	00000013	addi	x0,x0,0	  x0:0x00000000
       19335000	      1932	800065ac	00000013	addi	x0,x0,0	  x0:0x00000000
       19345000	      1933	800065b0	40c25493	srai	x9,x4,0xc	  x4:0x80009f70  x9=0xfff80009
       19355000	      1934	800065b4	415c8833	sub	x16,x25,x21	 x25:0x2e790c74 x21:0x00000001 x16=0x2e790c73
       19365000	      1935	800065b8	44216513	ori	x10,x2,1090	  x2:0x00000001 x10=0x00000443
       19375000	      1936	800065bc	01c45b13	srli	x22,x8,0x1c	  x8:0x96f36001 x22=0x00000009
       19385000	      1937	800065c0	009a0ab3	add	x21,x20,x9	 x20:0x2e790474  x9:0xfff80009 x21=0x2e71047d
       19395000	      1938	800065c4	2dc7ee37	lui	x28,0x2dc7e	 x28=0x2dc7e000
       19405000	      1939	800065c8	40c65633	sra	x12,x12,x12	 x12:0x2e790c74 x12:0x2e790c74 x12=0x000002e7
       19415000	      1940	800065cc	c5417b13	andi	x22,x2,-940	  x2:0x00000001 x22=0x00000000
       19425000	      1941	800065d0	10608e13	addi	x28,x1,262	  x1:0xfffffe0d x28=0xffffff13
       19435000	      1942	800065d4	4010da93	srai	x21,x1,0x1	  x1:0xfffffe0d x21=0xffffff06
       19445000	      1943	800065d8	0147e9b3	or	x19,x15,x20	 x15:0x98a3274d x20:0x2e790474 x19=0xbefb277d
       19455000	      1944	800065dc	b4a3c493	xori	x9,x7,-1206	  x7:0x80009fc4  x9=0x7fff648e
       19465000	      1945	800065e0	01dc9693	slli	x13,x25,0x1d	 x25:0x2e790c74 x13=0x80000000
       19475000	      1946	800065e4	56824a93	xori	x21,x4,1384	  x4:0x80009f70 x21=0x80009a18
       19485000	      1947	800065e8	e82ccb93	xori	x23,x25,-382	 x25:0x2e790c74 x23=0xd186f2f6
       19495000	      1948	800065ec	0015f463	bgeu	x11,x1,800065f4	 x11:0xfffffe97  x1:0xfffffe0d
       19505000	      1949	00000000	00000013	addi	x0,x0,0	  x0:0x00000000
       19515000	      1950	800065f0	00000013	addi	x0,x0,0	  x0:0x00000000
       19525000	      1951	800065f4	29544493	xori	x9,x8,661	  x8:0x96f36001  x9=0x96f36294
       19535000	      1952	800065f8	01709813	slli	x16,x1,0x17	  x1:0xfffffe0d x16=0x06800000
       19545000	      1953	800065fc	0cd14437	lui	x8,0xcd14	  x8=0x0cd14000
       19555000	      1954	80006600	b8cad937	lui	x18,0xb8cad	 x18=0xb8cad000
       19565000	      1955	80006604	8a797493	andi	x9,x18,-1881	 x18:0xb8cad000  x9=0xb8cad000
       19575000	      1956	80006608	01037c33	and	x24,x6,x16	  x6:0x00000000 x16:0x06800000 x24=0x00000000
       19585000	      1957	8000660c	00000013	addi	x0,x0,0	  x0:0x00000000
       19595000	      1958	80006610	03c2e663	bltu	x5,x28,8000663c	  x5:0xfffff529 x28:0xffffff13
       19605000	      1959	00000000	00000013	addi	x0,x0,0	  x0:0x00000000
       19615000	      1960	80006638	00000013	addi	x0,x0,0	  x0:0x00000000
       19625000	      1961	8000663c	2f280713	addi	x14,x16,754	 x16:0x06800000 x14=0x068002f2
       19635000	      1962	80006640	01e8b4b3	sltu	x9,x17,x30	 x17:0xfffffa16 x30:0x80009fc5  x9=0x00000000
       19645000	      1963	80006644	bd3c4f13	xori	x30,x24,-1069	 x24:0x00000000 x30=0xfffffbd3
       19655000	      1964	80006648	50df4593	xori	x11,x30,1293	 x30:0xfffffbd3 x11=0xfffffede
       19665000	      1965	8000664c	32e3e517	auipc	x10,0x32e3e	 x10=0xb2e44648
       19675000	      1966	80006650	04bf4063	blt	x30,x11,80006690	 x30:0xfffffbd3 x11:0xfffffede
       19685000	      1967	00000000	00000013	addi	x0,x0,0	  x0:0x00000000
       19695000	      1968	8000668c	00000013	addi	x0,x0,0	  x0:0x00000000
       19705000	      1969	80006690	083c9997	auipc	x19,0x83c9	 x19=0x883cf68c
       19715000	      1970	80006694	dda0f613	andi	x12,x1,-550	  x1:0xfffffe0d x12=0xfffffc08
       19725000	      1971	80006698	40f9d333	sra	x6,x19,x15	 x19:0x883cf68c x15:0x98a3274d  x6=0xfffc41e7
       19735000	      1972	8000669c	9d091f17	auipc	x30,0x9d091	 x30=0x1d097698
       19745000	      1973	800066a0	b8b7e893	ori	x17,x15,-1141	 x15:0x98a3274d x17=0xffffffcf
       19755000	      1974	800066a4	00bada93	srli	x21,x21,0xb	 x21:0x80009a18 x21=0x00100013
       19765000	      1975	800066a8	16806793	ori	x15,x0,360	  x0:0x00000000 x15=0x00000168
       19775000	      1976	800066ac	005f6e33	or	x28,x30,x5	 x30:0x1d097698  x5:0xfffff529 x28=0xfffff7b9
       19785000	      1977	800066b0	0171f663	bgeu	x3,x23,800066bc	  x3:0x00000000 x23:0xd186f2f6
       19795000	      1978	800066b4	280cb113	sltiu	x2,x25,640	 x25:0x2e790c74  x2=0x00000000
       19805000	      1979	800066b8	019fa433	slt	x8,x31,x25	 x31:0x00000000 x25:0x2e790c74  x8=0x00000001
       19815000	      1980	800066bc	40910fb3	sub	x31,x2,x9	  x2:0x00000000  x9:0x00000000 x31=0x00000000
       19825000	      1981	800066c0	007a2933	slt	x18,x20,x7	 x20:0x2e790474  x7:0x80009fc4 x18=0x00000000
       19835000	      1982	800066c4	19d4e017	auipc	x0,0x19d4e	
       19845000	      1983	800066c8	005c0133	add	x2,x24,x5	 x24:0x00000000  x5:0xfffff529  x2=0xfffff529
       19855000	      1984	800066cc	0387c463	blt	x15,x24,800066f4	 x15:0x00000168 x24:0x00000000
       19865000	      1985	800066d0	415bde33	sra	x28,x23,x21	 x23:0xd186f2f6 x21:0x00100013 x28=0xfffffa30
       19875000	      1986	800066d4	00b99093	slli	x1,x19,0xb	 x19:0x883cf68c  x1=0xe7b46000
       19885000	      1987	800066d8	41768e93	addi	x29,x13,1047	 x13:0x80000000 x29=0x80000417
       19895000	      1988	800066dc	accaf013	andi	x0,x21,-1332	 x21:0x00100013
       19905000	      1989	800066e0	001b04b3	add	x9,x22,x1	 x22:0x00000000  x1:0xe7b46000  x9=0xe7b46000
       19915000	      1990	800066e4	c80b0d37	lui	x26,0xc80b0	 x26=0xc80b0000
       19925000	      1991	800066e8	00000013	addi	x0,x0,0	  x0:0x00000000
       19935000	      1992	800066ec	00000013	addi	x0,x0,0	  x0:0x00000000
       19945000	      1993	800066f0	0077d133	srl	x2,x15,x7	 x15:0x00000168  x7:0x80009fc4  x2=0x00000016
       19955000	      1994	800066f4	0dcf1663	bne	x30,x28,800067c0	 x30:0x1d097698 x28:0xfffffa30
       19965000	      1995	00000000	00000013	addi	x0,x0,0	  x0:0x00000000
       19975000	      1996	800067bc	00000013	addi	x0,x0,0	  x0:0x00000000
       19985000	      1997	800067c0	78b62513	slti	x10,x12,1931	 x12:0xfffffc08 x10=0x00000001
       19995000	      1998	800067c4	01776833	or	x16,x14,x23	 x14:0x068002f2 x23:0xd186f2f6 x16=0xd786f2f6
       20005000	      1999	800067c8	019b54b3	srl	x9,x22,x25	 x22:0x00000000 x25:0x2e790c74  x9=0x00000000
       20015000	      2000	800067cc	0025d493	srli	x9,x11,0x2	 x11:0xfffffede  x9=0x3fffffb7
       20025000	      2001	800067d0	4ee33813	sltiu	x16,x6,1262	  x6:0xfffc41e7 x16=0x00000000
       20035000	      2002	800067d4	01135533	srl	x10,x6,x17	  x6:0xfffc41e7 x17:0xffffffcf x10=0x0001fff8
       20045000	      2003	800067d8	016378b3	and	x17,x6,x22	  x6:0xfffc41e7 x22:0x00000000 x17=0x00000000
       20055000	      2004	800067dc	00c47033	and	x0,x8,x12	  x8:0x00000001 x12:0xfffffc08
       20065000	      2005	800067e0	01745f93	srli	x31,x8,0x17	  x8:0x00000001 x31=0x00000000
       20075000	      2006	800067e4	53a9a293	slti	x5,x19,1338	 x19:0x883cf68c  x5=0x00000001
       20085000	      2007	800067e8	0166e5b3	or	x11,x13,x22	 x13:0x80000000 x22:0x00000000 x11=0x80000000
       20095000	      2008	800067ec	02ac8663	beq	x25,x10,80006818	 x25:0x2e790c74 x10:0x0001fff8
       20105000	      2009	800067f0	786e6993	ori	x19,x28,1926	 x28:0xfffffa30 x19=0xffffffb6
       20115000	      2010	800067f4	00a1adb3	slt	x27,x3,x10	  x3:0x00000000 x10:0x0001fff8 x27=0x00000001
       20125000	      2011	800067f8	85514f13	xori	x30,x2,-1963	  x2:0x00000016 x30=0xfffff843
       20135000	      2012	800067fc	05370863	beq	x14,x19,8000684c	 x14:0x068002f2 x19:0xffffffb6
       20145000	      2013	80006800	31a8be93	sltiu	x29,x17,794	 x17:0x00000000 x29=0x00000001
       20155000	      2014	80006804	001cadb3	slt	x27,x25,x1	 x25:0x2e790c74  x1:0xe7b46000 x27=0x00000000
       20165000	      2015	80006808	eba20b93	addi	x23,x4,-326	  x4:0x80009f70 x23=0x80009e2a
       20175000	      2016	8000680c	00f7deb3	srl	x29,x15,x15	 x15:0x00000168 x15:0x00000168 x29=0x00000001
       20185000	      2017	80006810	0199a333	slt	x6,x19,x25	 x19:0xffffffb6 x25:0x2e790c74  x6=0x00000001
       20195000	      2018	80006814	0122c9b3	xor	x19,x5,x18	  x5:0x00000001 x18:0x00000000 x19=0x00000001
       20205000	      2019	80006818	6d5ade97	auipc	x29,0x6d5ad	 x29=0xed5b3814
       20215000	      2020	8000681c	03829c63	bne	x5,x24,80006854	  x5:0x00000001 x24:0x00000000
       20225000	      2021	00000000	00000013	addi	x0,x0,0	  x0:0x00000000
       20235000	      2022	80006850	00000013	addi	x0,x0,0	  x0:0x00000000
       20245000	      2023	80006854	018ef1b3	and	x3,x29,x24	 x29:0xed5b3814 x24:0x00000000  x3=0x00000000
       20255000	      2024	80006858	418788b3	sub	x17,x15,x24	 x15:0x00000168 x24:0x00000000 x17=0x00000168
       20265000	      2025	8000685c	404b8db3	sub	x27,x23,x4	 x23:0x80009e2a  x4:0x80009f70 x27=0xfffffeba
       20275000	      2026	80006860	4db1ae93	slti	x29,x3,1243	  x3:0x00000000 x29=0x00000001
       20285000	      2027	80006864	01572f33	slt	x30,x14,x21	 x14:0x068002f2 x21:0x00100013 x30=0x00000000
       20295000	      2028	80006868	00c71d93	slli	x27,x14,0xc	 x14:0x068002f2 x27=0x002f2000
       20305000	      2029	8000686c	018efe63	bgeu	x29,x24,80006888	 x29:0x00000001 x24:0x00000000
       20315000	      2030	00000000	00000013	addi	x0,x0,0	  x0:0x00000000
       20325000	      2031	80006884	00000013	addi	x0,x0,0	  x0:0x00000000
       20335000	      2032	80006888	418089b3	sub	x19,x1,x24	  x1:0xe7b46000 x24:0x00000000 x19=0xe7b46000
       20345000	      2033	8000688c	016f1a93	slli	x21,x30,0x16	 x30:0x00000000 x21=0x00000000
       20355000	      2034	80006890	40ee5b93	srai	x23,x28,0xe	 x28:0xfffffa30 x23=0xffffffff
       20365000	      2035	80006894	02efe063	bltu	x31,x14,800068b4	 x31:0x00000000 x14:0x068002f2
       20375000	      2036	00000000	00000013	addi	x0,x0,0	  x0:0x00000000
       20385000	      2037	800068b0	00000013	addi	x0,x0,0	  x0:0x00000000
       20395000	      2038	800068b4	726af193	andi	x3,x21,1830	 x21:0x00000000  x3=0x00000000
       20405000	      2039	800068b8	42d58497	auipc	x9,0x42d58	  x9=0xc2d5e8b4
       20415000	      2040	800068bc	65deefb7	lui	x31,0x65dee	 x31=0x65dee000
       20425000	      2041	800068c0	e1ad2f93	slti	x31,x26,-486	 x26:0xc80b0000 x31=0x00000001
       20435000	      2042	800068c4	465525b7	lui	x11,0x46552	 x11=0x46552000
       20445000	      2043	800068c8	7724c1b7	lui	x3,0x7724c	  x3=0x7724c000
       20455000	      2044	800068cc	ba49f613	andi	x12,x19,-1116	 x19:0xe7b46000 x12=0xe7b46000
       20465000	      2045	800068d0	40120c33	sub	x24,x4,x1	  x4:0x80009f70  x1:0xe7b46000 x24=0x984c3f70
       20475000	      2046	800068d4	008f3733	sltu	x14,x30,x8	 x30:0x00000000  x8:0x00000001 x14=0x00000001
       20485000	      2047	800068d8	3efbf013	andi	x0,x23,1007	 x23:0xffffffff
       20495000	      2048	800068dc	00000013	addi	x0,x0,0	  x0:0x00000000
       20505000	      2049	800068e0	00000013	addi	x0,x0,0	  x0:0x00000000
       20515000	      2050	800068e4	01f88db3	add	x27,x17,x31	 x17:0x00000168 x31:0x00000001 x27=0x00000169
       20525000	      2051	800068e8	046be063	bltu	x23,x6,80006928	 x23:0xffffffff  x6:0x00000001
       20535000	      2052	800068ec	0053d833	srl	x16,x7,x5	  x7:0x80009fc4  x5:0x00000001 x16=0x40004fe2
       20545000	      2053	800068f0	4907f913	andi	x18,x15,1168	 x15:0x00000168 x18=0x00000000
       20555000	      2054	800068f4	00000013	addi	x0,x0,0	  x0:0x00000000
       20565000	      2055	800068f8	03ae1063	bne	x28,x26,80006918	 x28:0xfffffa30 x26:0xc80b0000
       20575000	      2056	00000000	00000013	addi	x0,x0,0	  x0:0x00000000
       20585000	      2057	80006914	00000013	addi	x0,x0,0	  x0:0x00000000
       20595000	      2058	80006918	00148263	beq	x9,x1,8000691c	  x9:0xc2d5e8b4  x1:0xe7b46000
       20605000	      2059	8000691c	001697b3	sll	x15,x13,x1	 x13:0x80000000  x1:0xe7b46000 x15=0x80000000
       20615000	      2060	80006920	2a407f97	auipc	x31,0x2a407	 x31=0xaa40d91c
       20625000	      2061	80006924	a807b593	sltiu	x11,x15,-1408	 x15:0x80000000 x11=0x00000001
       20635000	      2062	80006928	e2218e13	addi	x28,x3,-478	  x3:0x7724c000 x28=0x7724be22
       20645000	      2063	8000692c	00ec08b3	add	x17,x24,x14	 x24:0x984c3f70 x14:0x00000001 x17=0x984c3f71
       20655000	      2064	80006930	d0370013	addi	x0,x14,-765	 x14:0x00000001
       20665000	      2065	80006934	460baf13	slti	x30,x23,1120	 x23:0xffffffff x30=0x00000001
       20675000	      2066	80006938	00000013	addi	x0,x0,0	  x0:0x00000000
       20685000	      2067	8000693c	01d70733	add	x14,x14,x29	 x14:0x00000001 x29:0x00000001 x14=0x00000002
       20695000	      2068	80006940	00999c63	bne	x19,x9,80006958	 x19:0xe7b46000  x9:0xc2d5e8b4
       20705000	      2069	00000000	00000013	addi	x0,x0,0	  x0:0x00000000
       20715000	      2070	80006954	00000013	addi	x0,x0,0	  x0:0x00000000
       20725000	      2071	80006958	01329a63	bne	x5,x19,8000696c	  x5:0x00000001 x19:0xe7b46000
       20735000	      2072	00000000	00000013	addi	x0,x0,0	  x0:0x00000000
       20745000	      2073	80006968	00000013	addi	x0,x0,0	  x0:0x00000000
       20755000	      2074	8000696c	405d5113	srai	x2,x26,0x5	 x26:0xc80b0000  x2=0xfe405800
       20765000	      2075	80006970	00000013	addi	x0,x0,0	  x0:0x00000000
       20775000	      2076	80006974	52e06293	ori	x5,x0,1326	  x0:0x00000000  x5=0x0000052e
       20785000	      2077	80006978	00000013	addi	x0,x0,0	  x0:0x00000000
       20795000	      2078	8000697c	02bcd063	bge	x25,x11,8000699c	 x25:0x2e790c74 x11:0x00000001
       20805000	      2079	00000000	00000013	addi	x0,x0,0	  x0:0x00000000
       20815000	      2080	80006998	00000013	addi	x0,x0,0	  x0:0x00000000
       20825000	      2081	8000699c	001900b3	add	x1,x18,x1	 x18:0x00000000  x1:0xe7b46000  x1=0xe7b46000
       20835000	      2082	800069a0	00df05b3	add	x11,x30,x13	 x30:0x00000001 x13:0x80000000 x11=0x80000001
       20845000	      2083	800069a4	00539eb3	sll	x29,x7,x5	  x7:0x80009fc4  x5:0x0000052e x29=0x27f10000
       20855000	      2084	800069a8	73548593	addi	x11,x9,1845	  x9:0xc2d5e8b4 x11=0xc2d5efe9
       20865000	      2085	800069ac	d9a33d13	sltiu	x26,x6,-614	  x6:0x00000001 x26=0x00000001
       20875000	      2086	800069b0	031f1c63	bne	x30,x17,800069e8	 x30:0x00000001 x17:0x984c3f71
       20885000	      2087	00000000	00000013	addi	x0,x0,0	  x0:0x00000000
       20895000	      2088	800069e4	00000013	addi	x0,x0,0	  x0:0x00000000
       20905000	      2089	800069e8	3b078313	addi	x6,x15,944	 x15:0x80000000  x6=0x800003b0
       20915000	      2090	800069ec	002af263	bgeu	x21,x2,800069f0	 x21:0x00000000  x2:0xfe405800
       20925000	      2091	800069f0	d8b4ef13	ori	x30,x9,-629	  x9:0xc2d5e8b4 x30=0xfffffdbf
       20935000	      2092	800069f4	00b777b3	and	x15,x14,x11	 x14:0x00000002 x11:0xc2d5efe9 x15=0x00000000
       20945000	      2093	800069f8	848dc893	xori	x17,x27,-1976	 x27:0x00000169 x17=0xfffff921
       20955000	      2094	800069fc	018d0933	add	x18,x26,x24	 x26:0x00000001 x24:0x984c3f70 x18=0x984c3f71
       20965000	      2095	80006a00	012bdab3	srl	x21,x23,x18	 x23:0xffffffff x18:0x984c3f71 x21=0x00007fff
       20975000	      2096	80006a04	01e01d93	slli	x27,x0,0x1e	  x0:0x00000000 x27=0x00000000
       20985000	      2097	80006a08	05204263	blt	x0,x18,80006a4c	  x0:0x00000000 x18:0x984c3f71
       20995000	      2098	80006a0c	0fa4fd13	andi	x26,x9,250	  x9:0xc2d5e8b4 x26=0x000000b0
       21005000	      2099	80006a10	db7a2b13	slti	x22,x20,-585	 x20:0x2e790474 x22=0x00000000
       21015000	      2100	80006a14	417dd613	srai	x12,x27,0x17	 x27:0x00000000 x12=0x00000000
       21025000	      2101	80006a18	04db5863	bge	x22,x13,80006a68	 x22:0x00000000 x13:0x80000000
       21035000	      2102	00000000	00000013	addi	x0,x0,0	  x0:0x00000000
       21045000	      2103	80006a64	00000013	addi	x0,x0,0	  x0:0x00000000
       21055000	      2104	80006a68	00bd8eb3	add	x29,x27,x11	 x27:0x00000000 x11:0xc2d5efe9 x29=0xc2d5efe9
       21065000	      2105	80006a6c	3e4fef93	ori	x31,x31,996	 x31:0xaa40d91c x31=0xaa40dbfc
       21075000	      2106	80006a70	404352b3	sra	x5,x6,x4	  x6:0x800003b0  x4:0x80009f70  x5=0xffff8000
       21085000	      2107	80006a74	5ed5bb93	sltiu	x23,x11,1517	 x11:0xc2d5efe9 x23=0x00000000
       21095000	      2108	80006a78	01520a63	beq	x4,x21,80006a8c	  x4:0x80009f70 x21:0x00007fff
       21105000	      2109	80006a7c	010b7c63	bgeu	x22,x16,80006a94	 x22:0x00000000 x16:0x40004fe2
       21115000	      2110	80006a80	01bea333	slt	x6,x29,x27	 x29:0xc2d5efe9 x27:0x00000000  x6=0x00000001
       21125000	      2111	80006a84	ba694d93	xori	x27,x18,-1114	 x18:0x984c3f71 x27=0x67b3c4d7
       21135000	      2112	80006a88	00e29663	bne	x5,x14,80006a94	  x5:0xffff8000 x14:0x00000002
       21145000	      2113	00000000	00000013	addi	x0,x0,0	  x0:0x00000000
       21155000	      2114	80006a90	00000013	addi	x0,x0,0	  x0:0x00000000
       21165000	      2115	80006a94	407ed413	srai	x8,x29,0x7	 x29:0xc2d5efe9  x8=0xff85abdf
       21175000	      2116	80006a98	00422303	lw	x6,4(x4)	  x4:0x80009f70  x6=0x80000238 PA:0x80009f74
       21185000	      2117	80006a9c	41cfdeb3	sra	x29,x31,x28	 x31:0xaa40dbfc x28:0x7724be22 x29=0xea9036ff
       21195000	      2118	80006aa0	43686a93	ori	x21,x16,1078	 x16:0x40004fe2 x21=0x40004ff6
       21205000	      2119	80006aa4	01420213	addi	x4,x4,20	  x4:0x80009f70  x4=0x80009f84
       21215000	      2120	80006aa8	009ce7b3	or	x15,x25,x9	 x25:0x2e790c74  x9:0xc2d5e8b4 x15=0xeefdecf4
       21225000	      2121	80006aac	30094a93	xori	x21,x18,768	 x18:0x984c3f71 x21=0x984c3c71
       21235000	      2122	80006ab0	abe67e93	andi	x29,x12,-1346	 x12:0x00000000 x29=0x00000000
       21245000	      2123	80006ab4	00130993	addi	x19,x6,1	  x6:0x80000238 x19=0x80000239
       21255000	      2124	80006ab8	000989e7	jalr	x19,x19,0	 x19:0x80000239 x19=0x80006ab8
       21265000	      2125	00000000	00000013	addi	x0,x0,0	  x0:0x00000000
       21275000	      2126	80000238	00000013	addi	x0,x0,0	  x0:0x00000000
       21285000	      2127	8000023c	4b5d6b93	ori	x23,x26,1205	 x26:0x000000b0 x23=0x000004b5
       21295000	      2128	80000240	01bc8a63	beq	x25,x27,80000254	 x25:0x2e790c74 x27:0x67b3c4d7
       21305000	      2129	80000244	bf63e693	ori	x13,x7,-1034	  x7:0x80009fc4 x13=0xfffffff6
       21315000	      2130	80000248	01c015b3	sll	x11,x0,x28	  x0:0x00000000 x28:0x7724be22 x11=0x00000000
       21325000	      2131	8000024c	01825593	srli	x11,x4,0x18	  x4:0x80009f84 x11=0x00000080
       21335000	      2132	80000250	01720263	beq	x4,x23,80000254	  x4:0x80009f84 x23:0x000004b5
       21345000	      2133	80000254	e22ee493	ori	x9,x29,-478	 x29:0x00000000  x9=0xfffffe22
       21355000	      2134	80000258	00000c97	auipc	x25,0x0	 x25=0x80000254
       21365000	      2135	8000025c	00cc8c93	addi	x25,x25,12	 x25:0x80000254 x25=0x80000260
       21375000	      2136	80000260	000c8067	jalr	x0,x25,0	 x25:0x80000260
       21385000	      2137	00000000	00000013	addi	x0,x0,0	  x0:0x00000000
       21395000	      2138	80000260	00000013	addi	x0,x0,0	  x0:0x00000000
       21405000	      2139	80000264	00100193	addi	x3,x0,1	  x0:0x00000000  x3=0x00000001
       21415000	      2140	80000268	00000073	ecall	
       21425000	      2141	8000026c	fd420213	addi	x4,x4,-44	  x4:0x80009f84  x4=0x80009f58
