		Time			Cycle	PC		Insn	Decoded instruction	Register and memory contents
          65000	         5	80000004	00000293	addi	x5,x0,0	  x0:0x00000000  x5=0x00000000
          75000	         6	80000008	00000313	addi	x6,x0,0	  x0:0x00000000  x6=0x00000000
          85000	         7	8000000c	00628263	beq	x5,x6,80000010	  x5:0x00000000  x6:0x00000000
          95000	         8	00000000	00000013	addi	x0,x0,0	  x0:0x00000000
         105000	         9	8000000c	00000013	addi	x0,x0,0	  x0:0x00000000
         115000	        10	80000010	00000097	auipc	x1,0x0	  x1=0x8000000c
         125000	        11	80000014	00c08093	addi	x1,x1,12	  x1:0x8000000c  x1=0x80000018
         135000	        12	80000018	00008067	jalr	x0,x1,0	  x1:0x80000018
         145000	        13	00000000	00000013	addi	x0,x0,0	  x0:0x00000000
         155000	        14	80000018	00000013	addi	x0,x0,0	  x0:0x00000000
         165000	        15	8000001c	40000a37	lui	x20,0x40000	 x20=0x40000000
         175000	        16	80000020	100a0a13	addi	x20,x20,256	 x20:0x40000000 x20=0x40000100
         185000	        17	80000024	00000013	addi	x0,x0,0	  x0:0x00000000
         195000	        18	80000028	0000a117	auipc	x2,0xa	  x2=0x8000a024
         205000	        19	8000002c	fa010113	addi	x2,x2,-96	  x2:0x8000a024  x2=0x80009fc4
         215000	        20	80000030	00007a17	auipc	x20,0x7	 x20=0x8000702c
         225000	        21	80000034	5f4a0a13	addi	x20,x20,1524	 x20:0x8000702c x20=0x80007620
         235000	        22	80000038	001a6a13	ori	x20,x20,1	 x20:0x80007620 x20=0x80007621
         245000	        23	8000003c	00000013	addi	x0,x0,0	  x0:0x00000000
         255000	        24	80000040	00000a17	auipc	x20,0x0	 x20=0x8000003c
         265000	        25	80000044	020a0a13	addi	x20,x20,32	 x20:0x8000003c x20=0x8000005c
         275000	        26	80000048	00000013	addi	x0,x0,0	  x0:0x00000000
         285000	        27	8000004c	00000013	addi	x0,x0,0	  x0:0x00000000
         295000	        28	80000050	00002a37	lui	x20,0x2	 x20=0x00002000
         305000	        29	80000054	800a0a13	addi	x20,x20,-2048	 x20:0x00002000 x20=0x00001800
         315000	        30	80000058	00000013	addi	x0,x0,0	  x0:0x00000000
         325000	        31	8000005c	00000013	addi	x0,x0,0	  x0:0x00000000
         335000	        32	80000060	da612037	lui	x0,0xda612	
         345000	        33	80000064	f6800013	addi	x0,x0,-152	  x0:0x00000000
         355000	        34	80000068	09e6a0b7	lui	x1,0x9e6a	  x1=0x09e6a000
         365000	        35	8000006c	06108093	addi	x1,x1,97	  x1:0x09e6a000  x1=0x09e6a061
         375000	        36	80000070	00000193	addi	x3,x0,0	  x0:0x00000000  x3=0x00000000
         385000	        37	80000074	00c00213	addi	x4,x0,12	  x0:0x00000000  x4=0x0000000c
         395000	        38	80000078	800002b7	lui	x5,0x80000	  x5=0x80000000
         405000	        39	8000007c	00100313	addi	x6,x0,1	  x0:0x00000000  x6=0x00000001
         415000	        40	80000080	00600393	addi	x7,x0,6	  x0:0x00000000  x7=0x00000006
         425000	        41	80000084	1865a437	lui	x8,0x1865a	  x8=0x1865a000
         435000	        42	80000088	29a40413	addi	x8,x8,666	  x8:0x1865a000  x8=0x1865a29a
         445000	        43	8000008c	fe3294b7	lui	x9,0xfe329	  x9=0xfe329000
         455000	        44	80000090	8b848493	addi	x9,x9,-1864	  x9:0xfe329000  x9=0xfe3288b8
         465000	        45	80000094	00e00513	addi	x10,x0,14	  x0:0x00000000 x10=0x0000000e
         475000	        46	80000098	00000593	addi	x11,x0,0	  x0:0x00000000 x11=0x00000000
         485000	        47	8000009c	00a00613	addi	x12,x0,10	  x0:0x00000000 x12=0x0000000a
         495000	        48	800000a0	f436d6b7	lui	x13,0xf436d	 x13=0xf436d000
         505000	        49	800000a4	aac68693	addi	x13,x13,-1364	 x13:0xf436d000 x13=0xf436caac
         515000	        50	800000a8	234d8737	lui	x14,0x234d8	 x14=0x234d8000
         525000	        51	800000ac	cce70713	addi	x14,x14,-818	 x14:0x234d8000 x14=0x234d7cce
         535000	        52	800000b0	00e00793	addi	x15,x0,14	  x0:0x00000000 x15=0x0000000e
         545000	        53	800000b4	ed049837	lui	x16,0xed049	 x16=0xed049000
         555000	        54	800000b8	ae380813	addi	x16,x16,-1309	 x16:0xed049000 x16=0xed048ae3
         565000	        55	800000bc	fee3f8b7	lui	x17,0xfee3f	 x17=0xfee3f000
         575000	        56	800000c0	30e88893	addi	x17,x17,782	 x17:0xfee3f000 x17=0xfee3f30e
         585000	        57	800000c4	00700913	addi	x18,x0,7	  x0:0x00000000 x18=0x00000007
         595000	        58	800000c8	00000993	addi	x19,x0,0	  x0:0x00000000 x19=0x00000000
         605000	        59	800000cc	00000a13	addi	x20,x0,0	  x0:0x00000000 x20=0x00000000
         615000	        60	800000d0	f12cdab7	lui	x21,0xf12cd	 x21=0xf12cd000
         625000	        61	800000d4	344a8a93	addi	x21,x21,836	 x21:0xf12cd000 x21=0xf12cd344
         635000	        62	800000d8	00e00b13	addi	x22,x0,14	  x0:0x00000000 x22=0x0000000e
         645000	        63	800000dc	00000c13	addi	x24,x0,0	  x0:0x00000000 x24=0x00000000
         655000	        64	800000e0	00f00c93	addi	x25,x0,15	  x0:0x00000000 x25=0x0000000f
         665000	        65	800000e4	f53ebd37	lui	x26,0xf53eb	 x26=0xf53eb000
         675000	        66	800000e8	0acd0d13	addi	x26,x26,172	 x26:0xf53eb000 x26=0xf53eb0ac
         685000	        67	800000ec	80000db7	lui	x27,0x80000	 x27=0x80000000
         695000	        68	800000f0	00000e13	addi	x28,x0,0	  x0:0x00000000 x28=0x00000000
         705000	        69	800000f4	fa367eb7	lui	x29,0xfa367	 x29=0xfa367000
         715000	        70	800000f8	f3ee8e93	addi	x29,x29,-194	 x29:0xfa367000 x29=0xfa366f3e
         725000	        71	800000fc	00400f13	addi	x30,x0,4	  x0:0x00000000 x30=0x00000004
         735000	        72	80000100	80000fb7	lui	x31,0x80000	 x31=0x80000000
         745000	        73	80000104	0000ab97	auipc	x23,0xa	 x23=0x8000a100
         755000	        74	80000108	e84b8b93	addi	x23,x23,-380	 x23:0x8000a100 x23=0x80009f84
         765000	        75	8000010c	00009297	auipc	x5,0x9	  x5=0x80009108
         775000	        76	80000110	93f28293	addi	x5,x5,-1729	  x5:0x80009108  x5=0x80008a47
         785000	        77	80000114	00260333	add	x6,x12,x2	 x12:0x0000000a  x2:0x80009fc4  x6=0x80009fce
         795000	        78	80000118	00000013	addi	x0,x0,0	  x0:0x00000000
         805000	        79	8000011c	01b2cc03	lbu	x24,27(x5)	  x5:0x80008a47 x24=0x00000049 PA:0x80008a62
         815000	        80	80000120	fcb29e03	lh	x28,-53(x5)	  x5:0x80008a47 x28=0xfffff8f9 PA:0x80008a12
         825000	        81	80000124	a514a413	slti	x8,x9,-1455	  x9:0xfe3288b8  x8=0x00000001
         835000	        82	80000128	0372de83	lhu	x29,55(x5)	  x5:0x80008a47 x29=0x00006465 PA:0x80008a7e
         845000	        83	8000012c	0332c703	lbu	x14,51(x5)	  x5:0x80008a47 x14=0x00000061 PA:0x80008a7a
         855000	        84	80000130	409b8233	sub	x4,x23,x9	 x23:0x80009f84  x9:0xfe3288b8  x4=0x81ce16cc
         865000	        85	80000134	00328903	lb	x18,3(x5)	  x5:0x80008a47 x18=0x00000031 PA:0x80008a4a
         875000	        86	80000138	02e2cf03	lbu	x30,46(x5)	  x5:0x80008a47 x30=0x0000005e PA:0x80008a75
         885000	        87	8000013c	f3423b13	sltiu	x22,x4,-204	  x4:0x81ce16cc x22=0x00000001
         895000	        88	80000140	03628403	lb	x8,54(x5)	  x5:0x80008a47  x8=0x00000066 PA:0x80008a7d
         905000	        89	80000144	0062c403	lbu	x8,6(x5)	  x5:0x80008a47  x8=0x00000036 PA:0x80008a4d
         915000	        90	80000148	01d71cb3	sll	x25,x14,x29	 x14:0x00000061 x29:0x00006465 x25=0x00000c20
         925000	        91	8000014c	defc8913	addi	x18,x25,-529	 x25:0x00000c20 x18=0x00000a0f
         935000	        92	80000150	01928a23	sb	x25,20(x5)	  x5:0x80008a47 x25:0x00000c20 PA:0x80008a5b
         945000	        93	80000154	00419e13	slli	x28,x3,0x4	  x3:0x00000000 x28=0x00000000
         955000	        94	80000158	0102ce03	lbu	x28,16(x5)	  x5:0x80008a47 x28=0x0000003c PA:0x80008a57
         965000	        95	8000015c	154b2593	slti	x11,x22,340	 x22:0x00000001 x11=0x00000001
         975000	        96	80000160	0182ce03	lbu	x28,24(x5)	  x5:0x80008a47 x28=0x00000044 PA:0x80008a5f
         985000	        97	80000164	58350b13	addi	x22,x10,1411	 x10:0x0000000e x22=0x00000591
         995000	        98	80000168	0282c603	lbu	x12,40(x5)	  x5:0x80008a47 x12=0x00000054 PA:0x80008a6f
        1005000	        99	8000016c	00445a33	srl	x20,x8,x4	  x8:0x00000036  x4:0x81ce16cc x20=0x00000000
        1015000	       100	80000170	01d2ae03	lw	x28,29(x5)	  x5:0x80008a47 x28=0x4c4d4e4f PA:0x80008a64
        1025000	       101	80000174	03d280a3	sb	x29,33(x5)	  x5:0x80008a47 x29:0x00006465 PA:0x80008a68
        1035000	       102	80000178	00d2a883	lw	x17,13(x5)	  x5:0x80008a47 x17=0x3c3d3e3f PA:0x80008a54
        1045000	       103	8000017c	00009217	auipc	x4,0x9	  x4=0x80009178
        1055000	       104	80000180	83820213	addi	x4,x4,-1992	  x4:0x80009178  x4=0x800089b0
        1065000	       105	80000184	00d7b7b3	sltu	x15,x15,x13	 x15:0x0000000e x13:0xf436caac x15=0x00000001
        1075000	       106	80000188	0c320f83	lb	x31,195(x4)	  x4:0x800089b0 x31=0x00000058 PA:0x80008a73
        1085000	       107	8000018c	01bdb833	sltu	x16,x27,x27	 x27:0x80000000 x27:0x80000000 x16=0x00000000
        1095000	       108	80000190	000b21b3	slt	x3,x22,x0	 x22:0x00000591  x0:0x00000000  x3=0x00000000
        1105000	       109	80000194	07d20e03	lb	x28,125(x4)	  x4:0x800089b0 x28=0x00000016 PA:0x80008a2d
        1115000	       110	80000198	f20201a3	sb	x0,-221(x4)	  x4:0x800089b0  x0:0x00000000 PA:0x800088d3
        1125000	       111	8000019c	0119bfb3	sltu	x31,x19,x17	 x19:0x00000000 x17:0x3c3d3e3f x31=0x00000001
        1135000	       112	800001a0	40b38033	sub	x0,x7,x11	  x7:0x00000006 x11:0x00000001
        1145000	       113	800001a4	01d53333	sltu	x6,x10,x29	 x10:0x0000000e x29:0x00006465  x6=0x00000001
        1155000	       114	800001a8	5c0da737	lui	x14,0x5c0da	 x14=0x5c0da000
        1165000	       115	800001ac	41a753b3	sra	x7,x14,x26	 x14:0x5c0da000 x26:0xf53eb0ac  x7=0x0005c0da
        1175000	       116	800001b0	41438e33	sub	x28,x7,x20	  x7:0x0005c0da x20:0x00000000 x28=0x0005c0da
        1185000	       117	800001b4	0a920283	lb	x5,169(x4)	  x4:0x800089b0  x5=0x00000042 PA:0x80008a59
        1195000	       118	800001b8	03c20ea3	sb	x28,61(x4)	  x4:0x800089b0 x28:0x0005c0da PA:0x800089ed
        1205000	       119	800001bc	fab202a3	sb	x11,-91(x4)	  x4:0x800089b0 x11:0x00000001 PA:0x80008955
        1215000	       120	800001c0	0ba25803	lhu	x16,186(x4)	  x4:0x800089b0 x16=0x00005051 PA:0x80008a6a
        1225000	       121	800001c4	08621d03	lh	x26,134(x4)	  x4:0x800089b0 x26=0x00001c1d PA:0x80008a36
        1235000	       122	800001c8	f9720ba3	sb	x23,-105(x4)	  x4:0x800089b0 x23:0x80009f84 PA:0x80008947
        1245000	       123	800001cc	0d025483	lhu	x9,208(x4)	  x4:0x800089b0  x9=0x00006a6b PA:0x80008a80
        1255000	       124	800001d0	01045293	srli	x5,x8,0x10	  x8:0x00000036  x5=0x00000000
        1265000	       125	800001d4	006cf933	and	x18,x25,x6	 x25:0x00000c20  x6:0x00000001 x18=0x00000000
        1275000	       126	800001d8	0164d313	srli	x6,x9,0x16	  x9:0x00006a6b  x6=0x00000000
        1285000	       127	800001dc	00997733	and	x14,x18,x9	 x18:0x00000000  x9:0x00006a6b x14=0x00000000
        1295000	       128	800001e0	e7f66a13	ori	x20,x12,-385	 x12:0x00000054 x20=0xfffffe7f
        1305000	       129	800001e4	01620923	sb	x22,18(x4)	  x4:0x800089b0 x22:0x00000591 PA:0x800089c2
        1315000	       130	800001e8	00000013	addi	x0,x0,0	  x0:0x00000000
        1325000	       131	800001ec	00000013	addi	x0,x0,0	  x0:0x00000000
        1335000	       132	800001f0	f1e200a3	sb	x30,-255(x4)	  x4:0x800089b0 x30:0x0000005e PA:0x800088b1
        1345000	       133	800001f4	4194d933	sra	x18,x9,x25	  x9:0x00006a6b x25:0x00000c20 x18=0x00006a6b
        1355000	       134	800001f8	0f724c03	lbu	x24,247(x4)	  x4:0x800089b0 x24=0x0000008c PA:0x80008aa7
        1365000	       135	800001fc	0013cc33	xor	x24,x7,x1	  x7:0x0005c0da  x1:0x09e6a061 x24=0x09e360bb
        1375000	       136	80000200	00b99f13	slli	x30,x19,0xb	 x19:0x00000000 x30=0x00000000
        1385000	       137	80000204	0bf20283	lb	x5,191(x4)	  x4:0x800089b0  x5=0x00000054 PA:0x80008a6f
        1395000	       138	80000208	01c9f333	and	x6,x19,x28	 x19:0x00000000 x28:0x0005c0da  x6=0x00000000
        1405000	       139	8000020c	8d7d4a93	xori	x21,x26,-1833	 x26:0x00001c1d x21=0xffffe4ca
        1415000	       140	80000210	0a120e83	lb	x29,161(x4)	  x4:0x800089b0 x29=0x0000003a PA:0x80008a51
        1425000	       141	80000214	0a421323	sh	x4,166(x4)	  x4:0x800089b0  x4:0x800089b0 PA:0x80008a56
        1435000	       142	80000218	04d20603	lb	x12,77(x4)	  x4:0x800089b0 x12=0xffffffe6 PA:0x800089fd
        1445000	       143	8000021c	00008897	auipc	x17,0x8	 x17=0x80008218
        1455000	       144	80000220	38f88893	addi	x17,x17,911	 x17:0x80008218 x17=0x800085a7
        1465000	       145	80000224	01657d33	and	x26,x10,x22	 x10:0x0000000e x22:0x00000591 x26=0x00000000
        1475000	       146	80000228	e6bec493	xori	x9,x29,-405	 x29:0x0000003a  x9=0xfffffe51
        1485000	       147	8000022c	fed8a903	lw	x18,-19(x17)	 x17:0x800085a7 x18=0x4c4d4e4f PA:0x80008594
        1495000	       148	80000230	0fc88f03	lb	x30,252(x17)	 x17:0x800085a7 x30=0x00000058 PA:0x800086a3
        1505000	       149	80000234	0056df33	srl	x30,x13,x5	 x13:0xf436caac  x5:0x00000054 x30=0x00000f43
        1515000	       150	80000238	f15895a3	sh	x21,-245(x17)	 x17:0x800085a7 x21:0xffffe4ca PA:0x800084b2
        1525000	       151	8000023c	fb18a503	lw	x10,-79(x17)	 x17:0x800085a7 x10=0x10111213 PA:0x80008558
        1535000	       152	80000240	a241f993	andi	x19,x3,-1500	  x3:0x00000000 x19=0x00000000
        1545000	       153	80000244	07688223	sb	x22,100(x17)	 x17:0x800085a7 x22:0x00000591 PA:0x8000860b
        1555000	       154	80000248	d6dd44b7	lui	x9,0xd6dd4	  x9=0xd6dd4000
        1565000	       155	8000024c	01b8d483	lhu	x9,27(x17)	 x17:0x800085a7  x9=0x00007879 PA:0x800085c2
        1575000	       156	80000250	f008c603	lbu	x12,-256(x17)	 x17:0x800085a7 x12=0x0000005c PA:0x800084a7
        1585000	       157	80000254	f4888703	lb	x14,-184(x17)	 x17:0x800085a7 x14=0xffffffa4 PA:0x800084ef
        1595000	       158	80000258	07c88323	sb	x28,102(x17)	 x17:0x800085a7 x28:0x0005c0da PA:0x8000860d
        1605000	       159	8000025c	00141d33	sll	x26,x8,x1	  x8:0x00000036  x1:0x09e6a061 x26=0x0000006c
        1615000	       160	80000260	011a2f33	slt	x30,x20,x17	 x20:0xfffffe7f x17:0x800085a7 x30=0x00000000
        1625000	       161	80000264	003f34b3	sltu	x9,x30,x3	 x30:0x00000000  x3:0x00000000  x9=0x00000000
        1635000	       162	80000268	f5b8da83	lhu	x21,-165(x17)	 x17:0x800085a7 x21=0x0000b8b9 PA:0x80008502
        1645000	       163	8000026c	03188523	sb	x17,42(x17)	 x17:0x800085a7 x17:0x800085a7 PA:0x800085d1
        1655000	       164	80000270	f4088803	lb	x16,-192(x17)	 x17:0x800085a7 x16=0xffffff9c PA:0x800084e7
        1665000	       165	80000274	0e788423	sb	x7,232(x17)	 x17:0x800085a7  x7:0x0005c0da PA:0x8000868f
        1675000	       166	80000278	80e42713	slti	x14,x8,-2034	  x8:0x00000036 x14=0x00000000
        1685000	       167	8000027c	f908cc03	lbu	x24,-112(x17)	 x17:0x800085a7 x24=0x000000ec PA:0x80008537
        1695000	       168	80000280	f868cc83	lbu	x25,-122(x17)	 x17:0x800085a7 x25=0x000000e6 PA:0x8000852d
        1705000	       169	80000284	0ea88823	sb	x10,240(x17)	 x17:0x800085a7 x10:0x10111213 PA:0x80008697
        1715000	       170	80000288	01d8a183	lw	x3,29(x17)	 x17:0x800085a7  x3=0x7c7d7e7f PA:0x800085c4
        1725000	       171	8000028c	fca8aca3	sw	x10,-39(x17)	 x17:0x800085a7 x10:0x10111213 PA:0x80008580
        1735000	       172	80000290	05f89fa3	sh	x31,95(x17)	 x17:0x800085a7 x31:0x00000001 PA:0x80008606
        1745000	       173	80000294	085d8c17	auipc	x24,0x85d8	 x24=0x885d8290
        1755000	       174	80000298	f6a88023	sb	x10,-160(x17)	 x17:0x800085a7 x10:0x10111213 PA:0x80008507
        1765000	       175	8000029c	00008e17	auipc	x28,0x8	 x28=0x80008298
        1775000	       176	800002a0	e7ae0e13	addi	x28,x28,-390	 x28:0x80008298 x28=0x80008112
        1785000	       177	800002a4	2f0e1023	sh	x16,736(x28)	 x28:0x80008112 x16:0xffffff9c PA:0x800083f2
        1795000	       178	800002a8	3481ef37	lui	x30,0x3481e	 x30=0x3481e000
        1805000	       179	800002ac	7c22b5b7	lui	x11,0x7c22b	 x11=0x7c22b000
        1815000	       180	800002b0	2c6e2723	sw	x6,718(x28)	 x28:0x80008112  x6:0x00000000 PA:0x800083e0
        1825000	       181	800002b4	1ffe4783	lbu	x15,511(x28)	 x28:0x80008112 x15=0x000000ca PA:0x80008311
        1835000	       182	00000000	00000013	addi	x0,x0,0	  x0:0x00000000
        1845000	       183	800002b8	10fe0783	lb	x15,271(x28)	 x28:0x80008112 x15=0xffffffda PA:0x80008221
        1855000	       184	800002bc	256e4603	lbu	x12,598(x28)	 x28:0x80008112 x12=0x00000023 PA:0x80008368
        1865000	       185	800002c0	422e1323	sh	x2,1062(x28)	 x28:0x80008112  x2:0x80009fc4 PA:0x80008538
        1875000	       186	800002c4	01f40eb3	add	x29,x8,x31	  x8:0x00000036 x31:0x00000001 x29=0x00000037
        1885000	       187	800002c8	415555b3	sra	x11,x10,x21	 x10:0x10111213 x21:0x0000b8b9 x11=0x00000008
        1895000	       188	800002cc	6a7e4803	lbu	x16,1703(x28)	 x28:0x80008112 x16=0x00000072 PA:0x800087b9
        1905000	       189	800002d0	441e0903	lb	x18,1089(x28)	 x28:0x80008112 x18=0x00000008 PA:0x80008553
        1915000	       190	800002d4	1a4e1a03	lh	x20,420(x28)	 x28:0x80008112 x20=0x00006c6d PA:0x800082b6
        1925000	       191	800002d8	8b9ecc93	xori	x25,x29,-1863	 x29:0x00000037 x25=0xfffff88e
        1935000	       192	800002dc	11de03a3	sb	x29,263(x28)	 x28:0x80008112 x29:0x00000037 PA:0x80008219
        1945000	       193	800002e0	69ae03a3	sb	x26,1671(x28)	 x28:0x80008112 x26:0x0000006c PA:0x80008799
        1955000	       194	800002e4	18ee1e23	sh	x14,412(x28)	 x28:0x80008112 x14:0x00000000 PA:0x800082ae
        1965000	       195	800002e8	00680d33	add	x26,x16,x6	 x16:0x00000072  x6:0x00000000 x26=0x00000072
        1975000	       196	800002ec	413904b3	sub	x9,x18,x19	 x18:0x00000008 x19:0x00000000  x9=0x00000008
        1985000	       197	800002f0	00862433	slt	x8,x12,x8	 x12:0x00000023  x8:0x00000036  x8=0x00000001
        1995000	       198	800002f4	2e6e02a3	sb	x6,741(x28)	 x28:0x80008112  x6:0x00000000 PA:0x800083f7
        2005000	       199	800002f8	009f41b3	xor	x3,x30,x9	 x30:0x3481e000  x9:0x00000008  x3=0x3481e008
        2015000	       200	800002fc	410d0833	sub	x16,x26,x16	 x26:0x00000072 x16:0x00000072 x16=0x00000000
        2025000	       201	80000300	5a7e0483	lb	x9,1447(x28)	 x28:0x80008112  x9=0x00000072 PA:0x800086b9
        2035000	       202	80000304	6c2e2803	lw	x16,1730(x28)	 x28:0x80008112 x16=0x8c8d8e8f PA:0x800087d4
        2045000	       203	80000308	1d8e0783	lb	x15,472(x28)	 x28:0x80008112 x15=0xffffffa1 PA:0x800082ea
        2055000	       204	8000030c	b23d6f13	ori	x30,x26,-1245	 x26:0x00000072 x30=0xfffffb73
        2065000	       205	80000310	310e4d03	lbu	x26,784(x28)	 x28:0x80008112 x26=0x000000d9 PA:0x80008422
        2075000	       206	80000314	40c7dc33	sra	x24,x15,x12	 x15:0xffffffa1 x12:0x00000023 x24=0xfffffff4
        2085000	       207	80000318	152e1023	sh	x18,320(x28)	 x28:0x80008112 x18:0x00000008 PA:0x80008252
        2095000	       208	8000031c	1d4e5403	lhu	x8,468(x28)	 x28:0x80008112  x8=0x00009c9d PA:0x800082e6
        2105000	       209	80000320	3fde03a3	sb	x29,999(x28)	 x28:0x80008112 x29:0x00000037 PA:0x800084f9
        2115000	       210	80000324	412edb33	sra	x22,x29,x18	 x29:0x00000037 x18:0x00000008 x22=0x00000000
        2125000	       211	80000328	74606913	ori	x18,x0,1862	  x0:0x00000000 x18=0x00000746
        2135000	       212	8000032c	fe9a3f93	sltiu	x31,x20,-23	 x20:0x00006c6d x31=0x00000001
        2145000	       213	80000330	564e5983	lhu	x19,1380(x28)	 x28:0x80008112 x19=0x00002c2d PA:0x80008676
        2155000	       214	80000334	6b7e4403	lbu	x8,1719(x28)	 x28:0x80008112  x8=0x00000082 PA:0x800087c9
        2165000	       215	80000338	00000013	addi	x0,x0,0	  x0:0x00000000
        2175000	       216	8000033c	670e5b03	lhu	x22,1648(x28)	 x28:0x80008112 x22=0x00003839 PA:0x80008782
        2185000	       217	80000340	1cbe0e83	lb	x29,459(x28)	 x28:0x80008112 x29=0xffffff96 PA:0x800082dd
        2195000	       218	80000344	003e59b3	srl	x19,x28,x3	 x28:0x80008112  x3:0x3481e008 x19=0x00800081
        2205000	       219	80000348	01394833	xor	x16,x18,x19	 x18:0x00000746 x19:0x00800081 x16=0x008007c7
        2215000	       220	8000034c	1d3e4a83	lbu	x21,467(x28)	 x28:0x80008112 x21=0x0000009e PA:0x800082e5
        2225000	       221	00000000	00000013	addi	x0,x0,0	  x0:0x00000000
        2235000	       222	80000350	01590533	add	x10,x18,x21	 x18:0x00000746 x21:0x0000009e x10=0x000007e4
        2245000	       223	80000354	28ee0d03	lb	x26,654(x28)	 x28:0x80008112 x26=0x0000005b PA:0x800083a0
        2255000	       224	80000358	00008997	auipc	x19,0x8	 x19=0x80008354
        2265000	       225	8000035c	eeb98993	addi	x19,x19,-277	 x19:0x80008354 x19=0x8000823f
        2275000	       226	80000360	0099a6a3	sw	x9,13(x19)	 x19:0x8000823f  x9:0x00000072 PA:0x8000824c
        2285000	       227	80000364	ff59c203	lbu	x4,-11(x19)	 x19:0x8000823f  x4=0x000000ef PA:0x80008234
        2295000	       228	80000368	0069ca03	lbu	x20,6(x19)	 x19:0x8000823f x20=0x000000fe PA:0x80008245
        2305000	       229	8000036c	ffa98203	lb	x4,-6(x19)	 x19:0x8000823f  x4=0xfffffff2 PA:0x80008239
        2315000	       230	80000370	62b7f897	auipc	x17,0x62b7f	 x17=0xe2b7f36c
        2325000	       231	80000374	ffd9c183	lbu	x3,-3(x19)	 x19:0x8000823f  x3=0x000000f7 PA:0x8000823c
        2335000	       232	80000378	0079d203	lhu	x4,7(x19)	 x19:0x8000823f  x4=0x0000fcfd PA:0x80008246
        2345000	       233	8000037c	fe298ea3	sb	x2,-3(x19)	 x19:0x8000823f  x2:0x80009fc4 PA:0x8000823c
        2355000	       234	80000380	280ce917	auipc	x18,0x280ce	 x18=0xa80ce37c
        2365000	       235	80000384	ffb98503	lb	x10,-5(x19)	 x19:0x8000823f x10=0xfffffff1 PA:0x8000823a
        2375000	       236	80000388	ffc98883	lb	x17,-4(x19)	 x19:0x8000823f x17=0xfffffff0 PA:0x8000823b
        2385000	       237	8000038c	00e98503	lb	x10,14(x19)	 x19:0x8000823f x10=0x00000000 PA:0x8000824d
        2395000	       238	80000390	010637b3	sltu	x15,x12,x16	 x12:0x00000023 x16:0x008007c7 x15=0x00000001
        2405000	       239	80000394	40228233	sub	x4,x5,x2	  x5:0x00000054  x2:0x80009fc4  x4=0x7fff6090
        2415000	       240	80000398	00d67cb3	and	x25,x12,x13	 x12:0x00000023 x13:0xf436caac x25=0x00000020
        2425000	       241	8000039c	00599d83	lh	x27,5(x19)	 x19:0x8000823f x27=0xfffffeff PA:0x80008244
        2435000	       242	800003a0	01235033	srl	x0,x6,x18	  x6:0x00000000 x18:0xa80ce37c
        2445000	       243	800003a4	ff1999a3	sh	x17,-13(x19)	 x19:0x8000823f x17:0xfffffff0 PA:0x80008232
        2455000	       244	800003a8	ff799583	lh	x11,-9(x19)	 x19:0x8000823f x11=0xffffeced PA:0x80008236
        2465000	       245	800003ac	0069ce03	lbu	x28,6(x19)	 x19:0x8000823f x28=0x000000fe PA:0x80008245
        2475000	       246	800003b0	00e981a3	sb	x14,3(x19)	 x19:0x8000823f x14:0x00000000 PA:0x80008242
        2485000	       247	800003b4	01be0933	add	x18,x28,x27	 x28:0x000000fe x27:0xfffffeff x18=0xfffffffd
        2495000	       248	800003b8	ff59c903	lbu	x18,-11(x19)	 x19:0x8000823f x18=0x000000ef PA:0x80008234
        2505000	       249	800003bc	01ef7f33	and	x30,x30,x30	 x30:0xfffffb73 x30:0xfffffb73 x30=0xfffffb73
        2515000	       250	800003c0	6fc17493	andi	x9,x2,1788	  x2:0x80009fc4  x9=0x000006c4
        2525000	       251	800003c4	008b5013	srli	x0,x22,0x8	 x22:0x00003839
        2535000	       252	800003c8	570cce93	xori	x29,x25,1392	 x25:0x00000020 x29=0x00000550
        2545000	       253	800003cc	40e9db13	srai	x22,x19,0xe	 x19:0x8000823f x22=0xfffe0002
        2555000	       254	800003d0	00d9aa03	lw	x20,13(x19)	 x19:0x8000823f x20=0x00000072 PA:0x8000824c
        2565000	       255	800003d4	00000013	addi	x0,x0,0	  x0:0x00000000
        2575000	       256	800003d8	407e8833	sub	x16,x29,x7	 x29:0x00000550  x7:0x0005c0da x16=0xfffa4476
        2585000	       257	800003dc	01a997a3	sh	x26,15(x19)	 x19:0x8000823f x26:0x0000005b PA:0x8000824e
        2595000	       258	800003e0	d61ae393	ori	x7,x21,-671	 x21:0x0000009e  x7=0xfffffdff
        2605000	       259	800003e4	0103c913	xori	x18,x7,16	  x7:0xfffffdff x18=0xfffffdef
        2615000	       260	800003e8	ffc9c203	lbu	x4,-4(x19)	 x19:0x8000823f  x4=0x000000f0 PA:0x8000823b
        2625000	       261	800003ec	00f9cd03	lbu	x26,15(x19)	 x19:0x8000823f x26=0x0000005b PA:0x8000824e
        2635000	       262	800003f0	00000013	addi	x0,x0,0	  x0:0x00000000
        2645000	       263	800003f4	00898703	lb	x14,8(x19)	 x19:0x8000823f x14=0xfffffffc PA:0x80008247
        2655000	       264	00000000	00000013	addi	x0,x0,0	  x0:0x00000000
        2665000	       265	800003f8	00e58833	add	x16,x11,x14	 x11:0xffffeced x14:0xfffffffc x16=0xffffece9
        2675000	       266	800003fc	00398523	sb	x3,10(x19)	 x19:0x8000823f  x3:0x000000f7 PA:0x80008249
        2685000	       267	80000400	00d99f83	lh	x31,13(x19)	 x19:0x8000823f x31=0x00000072 PA:0x8000824c
        2695000	       268	80000404	582e3713	sltiu	x14,x28,1410	 x28:0x000000fe x14=0x00000001
        2705000	       269	80000408	01698723	sb	x22,14(x19)	 x19:0x8000823f x22:0xfffe0002 PA:0x8000824d
        2715000	       270	8000040c	ff798b03	lb	x22,-9(x19)	 x19:0x8000823f x22=0xffffffed PA:0x80008236
        2725000	       271	80000410	00000013	addi	x0,x0,0	  x0:0x00000000
        2735000	       272	80000414	ff19aea3	sw	x17,-3(x19)	 x19:0x8000823f x17:0xfffffff0 PA:0x8000823c
        2745000	       273	80000418	ff99d303	lhu	x6,-7(x19)	 x19:0x8000823f  x6=0x0000f2f3 PA:0x80008238
        2755000	       274	8000041c	005ecdb3	xor	x27,x29,x5	 x29:0x00000550  x5:0x00000054 x27=0x00000504
        2765000	       275	80000420	ff998303	lb	x6,-7(x19)	 x19:0x8000823f  x6=0xfffffff3 PA:0x80008238
        2775000	       276	80000424	013993a3	sh	x19,7(x19)	 x19:0x8000823f x19:0x8000823f PA:0x80008246
        2785000	       277	80000428	01606c33	or	x24,x0,x22	  x0:0x00000000 x22:0xffffffed x24=0xffffffed
        2795000	       278	8000042c	ff09c003	lbu	x0,-16(x19)	 x19:0x8000823f PA:0x8000822f
        2805000	       279	80000430	00008797	auipc	x15,0x8	 x15=0x8000842c
        2815000	       280	80000434	5bb78793	addi	x15,x15,1467	 x15:0x8000842c x15=0x800089e7
        2825000	       281	80000438	4c572393	slti	x7,x14,1221	 x14:0x00000001  x7=0x00000001
        2835000	       282	8000043c	40be5f13	srai	x30,x28,0xb	 x28:0x000000fe x30=0x00000000
        2845000	       283	80000440	01def017	auipc	x0,0x1def	
        2855000	       284	80000444	ff878d83	lb	x27,-8(x15)	 x15:0x800089e7 x27=0xffffffc4 PA:0x800089df
        2865000	       285	80000448	41f78ab3	sub	x21,x15,x31	 x15:0x800089e7 x31:0x00000072 x21=0x80008975
        2875000	       286	8000044c	01478623	sb	x20,12(x15)	 x15:0x800089e7 x20:0x00000072 PA:0x800089f3
        2885000	       287	80000450	ffb78003	lb	x0,-5(x15)	 x15:0x800089e7 PA:0x800089e2
        2895000	       288	80000454	ff37d603	lhu	x12,-13(x15)	 x15:0x800089e7 x12=0x0000c0c1 PA:0x800089da
        2905000	       289	00000000	00000013	addi	x0,x0,0	  x0:0x00000000
        2915000	       290	80000458	00c78883	lb	x17,12(x15)	 x15:0x800089e7 x17=0x00000072 PA:0x800089f3
        2925000	       291	8000045c	00a78383	lb	x7,10(x15)	 x15:0x800089e7  x7=0xffffffda PA:0x800089f1
        2935000	       292	80000460	013715b3	sll	x11,x14,x19	 x14:0x00000001 x19:0x8000823f x11=0x80000000
        2945000	       293	80000464	ff97da83	lhu	x21,-7(x15)	 x15:0x800089e7 x21=0x0000cacb PA:0x800089e0
        2955000	       294	80000468	ae747b13	andi	x22,x8,-1305	  x8:0x00000082 x22=0x00000082
        2965000	       295	8000046c	00f7d283	lhu	x5,15(x15)	 x15:0x800089e7  x5=0x0000dcdd PA:0x800089f6
        2975000	       296	80000470	ff778703	lb	x14,-9(x15)	 x15:0x800089e7 x14=0xffffffc5 PA:0x800089de
        2985000	       297	00000000	00000013	addi	x0,x0,0	  x0:0x00000000
        2995000	       298	80000474	00277033	and	x0,x14,x2	 x14:0xffffffc5  x2:0x80009fc4
        3005000	       299	80000478	ffd7d683	lhu	x13,-3(x15)	 x15:0x800089e7 x13=0x0000cecf PA:0x800089e4
        3015000	       300	8000047c	405cd633	sra	x12,x25,x5	 x25:0x00000020  x5:0x0000dcdd x12=0x00000000
        3025000	       301	80000480	ff57d903	lhu	x18,-11(x15)	 x15:0x800089e7 x18=0x0000c6c7 PA:0x800089dc
        3035000	       302	80000484	00f7d803	lhu	x16,15(x15)	 x15:0x800089e7 x16=0x0000dcdd PA:0x800089f6
        3045000	       303	80000488	fed788a3	sb	x13,-15(x15)	 x15:0x800089e7 x13:0x0000cecf PA:0x800089d8
        3055000	       304	8000048c	408354b3	sra	x9,x6,x8	  x6:0xfffffff3  x8:0x00000082  x9=0xfffffffc
        3065000	       305	80000490	ff678d23	sb	x22,-6(x15)	 x15:0x800089e7 x22:0x00000082 PA:0x800089e1
        3075000	       306	80000494	ffe78823	sb	x30,-16(x15)	 x15:0x800089e7 x30:0x00000000 PA:0x800089d7
        3085000	       307	80000498	01b07633	and	x12,x0,x27	  x0:0x00000000 x27:0xffffffc4 x12=0x00000000
        3095000	       308	8000049c	fff79aa3	sh	x31,-11(x15)	 x15:0x800089e7 x31:0x00000072 PA:0x800089dc
        3105000	       309	800004a0	0017c703	lbu	x14,1(x15)	 x15:0x800089e7 x14=0x000000d3 PA:0x800089e8
        3115000	       310	800004a4	ff278f83	lb	x31,-14(x15)	 x15:0x800089e7 x31=0xffffffc2 PA:0x800089d9
        3125000	       311	800004a8	0057ad03	lw	x26,5(x15)	 x15:0x800089e7 x26=0xd4d5dad7 PA:0x800089ec
        3135000	       312	800004ac	00b7ca03	lbu	x20,11(x15)	 x15:0x800089e7 x20=0x000000d9 PA:0x800089f2
        3145000	       313	800004b0	26ace697	auipc	x13,0x26ace	 x13=0xa6ace4ac
        3155000	       314	800004b4	ff978a23	sb	x25,-12(x15)	 x15:0x800089e7 x25:0x00000020 PA:0x800089db
        3165000	       315	800004b8	ff579b03	lh	x22,-11(x15)	 x15:0x800089e7 x22=0x00000072 PA:0x800089dc
        3175000	       316	800004bc	406a8333	sub	x6,x21,x6	 x21:0x0000cacb  x6:0xfffffff3  x6=0x0000cad8
        3185000	       317	800004c0	41d10233	sub	x4,x2,x29	  x2:0x80009fc4 x29:0x00000550  x4=0x80009a74
        3195000	       318	800004c4	22b82e93	slti	x29,x16,555	 x16:0x0000dcdd x29=0x00000000
        3205000	       319	800004c8	00567633	and	x12,x12,x5	 x12:0x00000000  x5:0x0000dcdd x12=0x00000000
        3215000	       320	800004cc	ffa7ca03	lbu	x20,-6(x15)	 x15:0x800089e7 x20=0x00000082 PA:0x800089e1
        3225000	       321	800004d0	f233a293	slti	x5,x7,-221	  x7:0xffffffda  x5=0x00000000
        3235000	       322	800004d4	ffc78403	lb	x8,-4(x15)	 x15:0x800089e7  x8=0xffffffc8 PA:0x800089e3
        3245000	       323	800004d8	01f78823	sb	x31,16(x15)	 x15:0x800089e7 x31:0xffffffc2 PA:0x800089f7
        3255000	       324	800004dc	00a783a3	sb	x10,7(x15)	 x15:0x800089e7 x10:0x00000000 PA:0x800089ee
        3265000	       325	800004e0	ff87ca83	lbu	x21,-8(x15)	 x15:0x800089e7 x21=0x000000c4 PA:0x800089df
        3275000	       326	800004e4	00008997	auipc	x19,0x8	 x19=0x800084e0
        3285000	       327	800004e8	d6898993	addi	x19,x19,-664	 x19:0x800084e0 x19=0x80008248
        3295000	       328	800004ec	4c59ac23	sw	x5,1240(x19)	 x19:0x80008248  x5:0x00000000 PA:0x80008720
        3305000	       329	800004f0	4012d933	sra	x18,x5,x1	  x5:0x00000000  x1:0x09e6a061 x18=0x00000000
        3315000	       330	800004f4	50f98a03	lb	x20,1295(x19)	 x19:0x80008248 x20=0x0000000c PA:0x80008757
        3325000	       331	800004f8	39e99723	sh	x30,910(x19)	 x19:0x80008248 x30:0x00000000 PA:0x800085d6
        3335000	       332	800004fc	025a7e13	andi	x28,x20,37	 x20:0x0000000c x28=0x00000004
        3345000	       333	80000500	b03a7e93	andi	x29,x20,-1277	 x20:0x0000000c x29=0x00000000
        3355000	       334	80000504	000905b3	add	x11,x18,x0	 x18:0x00000000  x0:0x00000000 x11=0x00000000
        3365000	       335	80000508	0d49d303	lhu	x6,212(x19)	 x19:0x80008248  x6=0x0000d6d7 PA:0x8000831c
        3375000	       336	8000050c	2b199323	sh	x17,678(x19)	 x19:0x80008248 x17:0x00000072 PA:0x800084ee
        3385000	       337	80000510	1e699003	lh	x0,486(x19)	 x19:0x80008248 PA:0x8000842e
        3395000	       338	80000514	19498ba3	sb	x20,407(x19)	 x19:0x80008248 x20:0x0000000c PA:0x800083df
        3405000	       339	80000518	e8899d03	lh	x26,-376(x19)	 x19:0x80008248 x26=0xffff8a8b PA:0x800080d0
        3415000	       340	8000051c	16398ca3	sb	x3,377(x19)	 x19:0x80008248  x3:0x000000f7 PA:0x800083c1
        3425000	       341	80000520	a5e9a193	slti	x3,x19,-1442	 x19:0x80008248  x3=0x00000001
        3435000	       342	80000524	e0d9cb03	lbu	x22,-499(x19)	 x19:0x80008248 x22=0x0000000e PA:0x80008055
        3445000	       343	80000528	01b40cb3	add	x25,x8,x27	  x8:0xffffffc8 x27:0xffffffc4 x25=0xffffff8c
        3455000	       344	8000052c	24298da3	sb	x2,603(x19)	 x19:0x80008248  x2:0x80009fc4 PA:0x800084a3
        3465000	       345	80000530	06398923	sb	x3,114(x19)	 x19:0x80008248  x3:0x00000001 PA:0x800082ba
        3475000	       346	80000534	5a398d03	lb	x26,1443(x19)	 x19:0x80008248 x26=0xffffffa0 PA:0x800087eb
        3485000	       347	80000538	521db893	sltiu	x17,x27,1313	 x27:0xffffffc4 x17=0x00000000
        3495000	       348	8000053c	7067ec17	auipc	x24,0x7067e	 x24=0xf067e538
        3505000	       349	80000540	30c98a23	sb	x12,788(x19)	 x19:0x80008248 x12:0x00000000 PA:0x8000855c
        3515000	       350	80000544	01226f33	or	x30,x4,x18	  x4:0x80009a74 x18:0x00000000 x30=0x80009a74
        3525000	       351	80000548	ead9c583	lbu	x11,-339(x19)	 x19:0x80008248 x11=0x000000ae PA:0x800080f5
        3535000	       352	8000054c	5839c903	lbu	x18,1411(x19)	 x19:0x80008248 x18=0x00000080 PA:0x800087cb
        3545000	       353	80000550	01aa7a33	and	x20,x20,x26	 x20:0x0000000c x26:0xffffffa0 x20=0x00000000
        3555000	       354	80000554	407dd833	sra	x16,x27,x7	 x27:0xffffffc4  x7:0xffffffda x16=0xffffffff
        3565000	       355	80000558	008d9413	slli	x8,x27,0x8	 x27:0xffffffc4  x8=0xffffc400
        3575000	       356	8000055c	014d6633	or	x12,x26,x20	 x26:0xffffffa0 x20:0x00000000 x12=0xffffffa0
        3585000	       357	80000560	1ac9d303	lhu	x6,428(x19)	 x19:0x80008248  x6=0x0000aeaf PA:0x800083f4
        3595000	       358	80000564	4be982a3	sb	x30,1189(x19)	 x19:0x80008248 x30:0x80009a74 PA:0x800086ed
        3605000	       359	80000568	54c99603	lh	x12,1356(x19)	 x19:0x80008248 x12=0x00004e4f PA:0x80008794
        3615000	       360	8000056c	f5298803	lb	x16,-174(x19)	 x19:0x80008248 x16=0x00000051 PA:0x8000819a
        3625000	       361	80000570	0157ca33	xor	x20,x15,x21	 x15:0x800089e7 x21:0x000000c4 x20=0x80008923
        3635000	       362	80000574	2089ca83	lbu	x21,520(x19)	 x19:0x80008248 x21=0x0000000b PA:0x80008450
        3645000	       363	80000578	33d9c803	lbu	x16,829(x19)	 x19:0x80008248 x16=0x0000003e PA:0x80008585
        3655000	       364	8000057c	3849c783	lbu	x15,900(x19)	 x19:0x80008248 x15=0x00000087 PA:0x800085cc
        3665000	       365	80000580	011fd593	srli	x11,x31,0x11	 x31:0xffffffc2 x11=0x00007fff
        3675000	       366	80000584	00000013	addi	x0,x0,0	  x0:0x00000000
        3685000	       367	80000588	5189c903	lbu	x18,1304(x19)	 x19:0x80008248 x18=0x0000001b PA:0x80008760
        3695000	       368	8000058c	001cc1b3	xor	x3,x25,x1	 x25:0xffffff8c  x1:0x09e6a061  x3=0xf6195fed
        3705000	       369	80000590	3089d303	lhu	x6,776(x19)	 x19:0x80008248  x6=0x00000a0b PA:0x80008550
        3715000	       370	80000594	00008617	auipc	x12,0x8	 x12=0x80008590
        3725000	       371	80000598	48760613	addi	x12,x12,1159	 x12:0x80008590 x12=0x80008a17
        3735000	       372	8000059c	41700d33	sub	x26,x0,x23	  x0:0x00000000 x23:0x80009f84 x26=0x7fff607c
        3745000	       373	800005a0	8c524a13	xori	x20,x4,-1851	  x4:0x80009a74 x20=0x7fff62b1
        3755000	       374	800005a4	fe961ea3	sh	x9,-3(x12)	 x12:0x80008a17  x9:0xfffffffc PA:0x80008a14
        3765000	       375	800005a8	40a08a33	sub	x20,x1,x10	  x1:0x09e6a061 x10:0x00000000 x20=0x09e6a061
        3775000	       376	800005ac	01160623	sb	x17,12(x12)	 x12:0x80008a17 x17:0x00000000 PA:0x80008a23
        3785000	       377	800005b0	00b69693	slli	x13,x13,0xb	 x13:0xa6ace4ac x13=0x67256000
        3795000	       378	800005b4	413b8333	sub	x6,x23,x19	 x23:0x80009f84 x19:0x80008248  x6=0x00001d3c
        3805000	       379	800005b8	010adf93	srli	x31,x21,0x10	 x21:0x0000000b x31=0x00000000
        3815000	       380	800005bc	ffd60483	lb	x9,-3(x12)	 x12:0x80008a17  x9=0xfffffffc PA:0x80008a14
        3825000	       381	800005c0	00864403	lbu	x8,8(x12)	 x12:0x80008a17  x8=0x00000004 PA:0x80008a1f
        3835000	       382	800005c4	ffb64303	lbu	x6,-5(x12)	 x12:0x80008a17  x6=0x000000f9 PA:0x80008a12
        3845000	       383	800005c8	0141e1b3	or	x3,x3,x20	  x3:0xf6195fed x20:0x09e6a061  x3=0xffffffed
        3855000	       384	800005cc	00260a03	lb	x20,2(x12)	 x12:0x80008a17 x20=0x00000002 PA:0x80008a19
        3865000	       385	800005d0	f18f8217	auipc	x4,0xf18f8	  x4=0x718f85cc
        3875000	       386	800005d4	01d2d4b3	srl	x9,x5,x29	  x5:0x00000000 x29:0x00000000  x9=0x00000000
        3885000	       387	800005d8	ff160283	lb	x5,-15(x12)	 x12:0x80008a17  x5=0xfffffff3 PA:0x80008a08
        3895000	       388	800005dc	00664d83	lbu	x27,6(x12)	 x12:0x80008a17 x27=0x00000006 PA:0x80008a1d
        3905000	       389	800005e0	410b8033	sub	x0,x23,x16	 x23:0x80009f84 x16:0x0000003e
        3915000	       390	800005e4	00e659b3	srl	x19,x12,x14	 x12:0x80008a17 x14:0x000000d3 x19=0x00001000
        3925000	       391	800005e8	00260e03	lb	x28,2(x12)	 x12:0x80008a17 x28=0x00000002 PA:0x80008a19
        3935000	       392	00000000	00000013	addi	x0,x0,0	  x0:0x00000000
        3945000	       393	800005ec	01ca3f33	sltu	x30,x20,x28	 x20:0x00000002 x28:0x00000002 x30=0x00000000
        3955000	       394	800005f0	91937c17	auipc	x24,0x91937	 x24=0x119375ec
        3965000	       395	800005f4	012614a3	sh	x18,9(x12)	 x12:0x80008a17 x18:0x0000001b PA:0x80008a20
        3975000	       396	800005f8	01309893	slli	x17,x1,0x13	  x1:0x09e6a061 x17=0x03080000
        3985000	       397	800005fc	ffe64503	lbu	x10,-2(x12)	 x12:0x80008a17 x10=0x000000ff PA:0x80008a15
        3995000	       398	80000600	002cbfb3	sltu	x31,x25,x2	 x25:0xffffff8c  x2:0x80009fc4 x31=0x00000000
        4005000	       399	80000604	01b75a93	srli	x21,x14,0x1b	 x14:0x000000d3 x21=0x00000000
        4015000	       400	80000608	40665433	sra	x8,x12,x6	 x12:0x80008a17  x6:0x000000f9  x8=0xffffffc0
        4025000	       401	8000060c	0170a6b3	slt	x13,x1,x23	  x1:0x09e6a061 x23:0x80009f84 x13=0x00000000
        4035000	       402	80000610	00365d83	lhu	x27,3(x12)	 x12:0x80008a17 x27=0x00000001 PA:0x80008a1a
        4045000	       403	80000614	51c707b7	lui	x15,0x51c70	 x15=0x51c70000
        4055000	       404	80000618	fe460f23	sb	x4,-2(x12)	 x12:0x80008a17  x4:0x718f85cc PA:0x80008a15
        4065000	       405	8000061c	00682733	slt	x14,x16,x6	 x16:0x0000003e  x6:0x000000f9 x14=0x00000001
        4075000	       406	80000620	9187a013	slti	x0,x15,-1768	 x15:0x51c70000
        4085000	       407	80000624	ff064883	lbu	x17,-16(x12)	 x12:0x80008a17 x17=0x000000ec PA:0x80008a07
        4095000	       408	80000628	00008c17	auipc	x24,0x8	 x24=0x80008624
        4105000	       409	8000062c	7d3c0c13	addi	x24,x24,2003	 x24:0x80008624 x24=0x80008df7
        4115000	       410	80000630	ffdc1503	lh	x10,-3(x24)	 x24:0x80008df7 x10=0xffffdedf PA:0x80008df4
        4125000	       411	80000634	00f25713	srli	x14,x4,0xf	  x4:0x718f85cc x14=0x0000e31f
        4135000	       412	80000638	ff0c4383	lbu	x7,-16(x24)	 x24:0x80008df7  x7=0x000000cc PA:0x80008de7
        4145000	       413	8000063c	ff1c0283	lb	x5,-15(x24)	 x24:0x80008df7  x5=0xffffffd3 PA:0x80008de8
        4155000	       414	80000640	9346f913	andi	x18,x13,-1740	 x13:0x00000000 x18=0x00000000
        4165000	       415	80000644	00000013	addi	x0,x0,0	  x0:0x00000000
        4175000	       416	80000648	41c3dd93	srai	x27,x7,0x1c	  x7:0x000000cc x27=0x00000000
        4185000	       417	8000064c	00000013	addi	x0,x0,0	  x0:0x00000000
        4195000	       418	80000650	01058333	add	x6,x11,x16	 x11:0x00007fff x16:0x0000003e  x6=0x0000803d
        4205000	       419	80000654	ff4c0e83	lb	x29,-12(x24)	 x24:0x80008df7 x29=0xffffffd0 PA:0x80008deb
        4215000	       420	80000658	009c5e83	lhu	x29,9(x24)	 x24:0x80008df7 x29=0x0000eaeb PA:0x80008e00
        4225000	       421	8000065c	40050533	sub	x10,x10,x0	 x10:0xffffdedf  x0:0x00000000 x10=0xffffdedf
        4235000	       422	80000660	ff5c4883	lbu	x17,-11(x24)	 x24:0x80008df7 x17=0x000000d7 PA:0x80008dec
        4245000	       423	80000664	ffbc5303	lhu	x6,-5(x24)	 x24:0x80008df7  x6=0x0000d8d9 PA:0x80008df2
        4255000	       424	80000668	00a2d913	srli	x18,x5,0xa	  x5:0xffffffd3 x18=0x003fffff
        4265000	       425	8000066c	011cf6b3	and	x13,x25,x17	 x25:0xffffff8c x17:0x000000d7 x13=0x00000084
        4275000	       426	80000670	00000013	addi	x0,x0,0	  x0:0x00000000
        4285000	       427	80000674	002c4d83	lbu	x27,2(x24)	 x24:0x80008df7 x27=0x000000e2 PA:0x80008df9
        4295000	       428	80000678	012c07a3	sb	x18,15(x24)	 x24:0x80008df7 x18:0x003fffff PA:0x80008e06
        4305000	       429	8000067c	00d756b3	srl	x13,x14,x13	 x14:0x0000e31f x13:0x00000084 x13=0x00000e31
        4315000	       430	80000680	ff6c4d83	lbu	x27,-10(x24)	 x24:0x80008df7 x27=0x000000d6 PA:0x80008ded
        4325000	       431	80000684	fe7c08a3	sb	x7,-15(x24)	 x24:0x80008df7  x7:0x000000cc PA:0x80008de8
        4335000	       432	80000688	98db3193	sltiu	x3,x22,-1651	 x22:0x0000000e  x3=0x00000001
        4345000	       433	8000068c	00fc0f03	lb	x30,15(x24)	 x24:0x80008df7 x30=0xffffffff PA:0x80008e06
        4355000	       434	80000690	001c1403	lh	x8,1(x24)	 x24:0x80008df7  x8=0xffffe2e3 PA:0x80008df8
        4365000	       435	80000694	00cc0503	lb	x10,12(x24)	 x24:0x80008df7 x10=0xffffffe8 PA:0x80008e03
        4375000	       436	80000698	efde7593	andi	x11,x28,-259	 x28:0x00000002 x11=0x00000000
        4385000	       437	8000069c	00fc0803	lb	x16,15(x24)	 x24:0x80008df7 x16=0xffffffff PA:0x80008e06
        4395000	       438	800006a0	fecc0d23	sb	x12,-6(x24)	 x24:0x80008df7 x12:0x80008a17 PA:0x80008df1
        4405000	       439	800006a4	01159693	slli	x13,x11,0x11	 x11:0x00000000 x13=0x00000000
        4415000	       440	800006a8	00ac0183	lb	x3,10(x24)	 x24:0x80008df7  x3=0xffffffea PA:0x80008e01
        4425000	       441	800006ac	00cc0703	lb	x14,12(x24)	 x24:0x80008df7 x14=0xffffffe8 PA:0x80008e03
        4435000	       442	800006b0	010c17a3	sh	x16,15(x24)	 x24:0x80008df7 x16:0xffffffff PA:0x80008e06
        4445000	       443	800006b4	00ec4403	lbu	x8,14(x24)	 x24:0x80008df7  x8=0x000000ee PA:0x80008e05
        4455000	       444	800006b8	ffdc5503	lhu	x10,-3(x24)	 x24:0x80008df7 x10=0x0000dedf PA:0x80008df4
        4465000	       445	800006bc	00009e17	auipc	x28,0x9	 x28=0x800096b8
        4475000	       446	800006c0	8f5e0e13	addi	x28,x28,-1803	 x28:0x800096b8 x28=0x80008fad
        4485000	       447	800006c4	ff1e1f03	lh	x30,-15(x28)	 x28:0x80008fad x30=0xffff8485 PA:0x80008f9e
        4495000	       448	800006c8	00de1503	lh	x10,13(x28)	 x28:0x80008fad x10=0xffffa0a1 PA:0x80008fba
        4505000	       449	800006cc	018e00a3	sb	x24,1(x28)	 x28:0x80008fad x24:0x80008df7 PA:0x80008fae
        4515000	       450	800006d0	00d416b3	sll	x13,x8,x13	  x8:0x000000ee x13:0x00000000 x13=0x000000ee
        4525000	       451	800006d4	46a4fb13	andi	x22,x9,1130	  x9:0x00000000 x22=0x00000000
        4535000	       452	800006d8	00fe2983	lw	x19,15(x28)	 x28:0x80008fad x19=0xa4a5a6a7 PA:0x80008fbc
        4545000	       453	800006dc	41765013	srai	x0,x12,0x17	 x12:0x80008a17
        4555000	       454	800006e0	01959c93	slli	x25,x11,0x19	 x11:0x00000000 x25=0x00000000
        4565000	       455	800006e4	00df4a33	xor	x20,x30,x13	 x30:0xffff8485 x13:0x000000ee x20=0xffff846b
        4575000	       456	800006e8	ffde0703	lb	x14,-3(x28)	 x28:0x80008fad x14=0xffffff91 PA:0x80008faa
        4585000	       457	800006ec	00421033	sll	x0,x4,x4	  x4:0x718f85cc  x4:0x718f85cc
        4595000	       458	800006f0	ff1e29a3	sw	x17,-13(x28)	 x28:0x80008fad x17:0x000000d7 PA:0x80008fa0
        4605000	       459	800006f4	41378ab3	sub	x21,x15,x19	 x15:0x51c70000 x19:0xa4a5a6a7 x21=0xad215959
        4615000	       460	800006f8	009e07a3	sb	x9,15(x28)	 x28:0x80008fad  x9:0x00000000 PA:0x80008fbc
        4625000	       461	800006fc	00000013	addi	x0,x0,0	  x0:0x00000000
        4635000	       462	80000700	01695c93	srli	x25,x18,0x16	 x18:0x003fffff x25=0x00000000
        4645000	       463	80000704	009e1783	lh	x15,9(x28)	 x28:0x80008fad x15=0xffff9c9d PA:0x80008fb6
        4655000	       464	80000708	00ee0003	lb	x0,14(x28)	 x28:0x80008fad PA:0x80008fbb
        4665000	       465	8000070c	01b38533	add	x10,x7,x27	  x7:0x000000cc x27:0x000000d6 x10=0x000001a2
        4675000	       466	80000710	014e00a3	sb	x20,1(x28)	 x28:0x80008fad x20:0xffff846b PA:0x80008fae
        4685000	       467	80000714	012e0423	sb	x18,8(x28)	 x28:0x80008fad x18:0x003fffff PA:0x80008fb5
        4695000	       468	80000718	010e4503	lbu	x10,16(x28)	 x28:0x80008fad x10=0x000000a6 PA:0x80008fbd
        4705000	       469	8000071c	007e0783	lb	x15,7(x28)	 x28:0x80008fad x15=0xffffff9f PA:0x80008fb4
        4715000	       470	80000720	002705b3	add	x11,x14,x2	 x14:0xffffff91  x2:0x80009fc4 x11=0x80009f55
        4725000	       471	80000724	ffae4503	lbu	x10,-6(x28)	 x28:0x80008fad x10=0x0000008c PA:0x80008fa7
        4735000	       472	80000728	bbbf3213	sltiu	x4,x30,-1093	 x30:0xffff8485  x4=0x00000001
        4745000	       473	8000072c	ffde5183	lhu	x3,-3(x28)	 x28:0x80008fad  x3=0x00009091 PA:0x80008faa
        4755000	       474	80000730	ff3e0c83	lb	x25,-13(x28)	 x28:0x80008fad x25=0xffffffd7 PA:0x80008fa0
        4765000	       475	80000734	014e0023	sb	x20,0(x28)	 x28:0x80008fad x20:0xffff846b PA:0x80008fad
        4775000	       476	80000738	00008617	auipc	x12,0x8	 x12=0x80008734
        4785000	       477	8000073c	d0e60613	addi	x12,x12,-754	 x12:0x80008734 x12=0x80008442
        4795000	       478	80000740	00260aa3	sb	x2,21(x12)	 x12:0x80008442  x2:0x80009fc4 PA:0x80008457
        4805000	       479	80000744	00262a83	lw	x21,2(x12)	 x12:0x80008442 x21=0xfcfdfeff PA:0x80008444
        4815000	       480	80000748	01960f83	lb	x31,25(x12)	 x12:0x80008442 x31=0x00000010 PA:0x8000845b
        4825000	       481	8000074c	34c20793	addi	x15,x4,844	  x4:0x00000001 x15=0x0000034d
        4835000	       482	80000750	fe762323	sw	x7,-26(x12)	 x12:0x80008442  x7:0x000000cc PA:0x80008428
        4845000	       483	80000754	fd465403	lhu	x8,-44(x12)	 x12:0x80008442  x8=0x0000cccd PA:0x80008416
        4855000	       484	80000758	01805193	srli	x3,x0,0x18	  x0:0x00000000  x3=0x00000000
        4865000	       485	8000075c	002527b3	slt	x15,x10,x2	 x10:0x0000008c  x2:0x80009fc4 x15=0x00000000
        4875000	       486	80000760	00a60c83	lb	x25,10(x12)	 x12:0x80008442 x25=0x00000007 PA:0x8000844c
        4885000	       487	80000764	00b60c23	sb	x11,24(x12)	 x12:0x80008442 x11:0x80009f55 PA:0x8000845a
        4895000	       488	80000768	00000013	addi	x0,x0,0	  x0:0x00000000
        4905000	       489	8000076c	011a58b3	srl	x17,x20,x17	 x20:0xffff846b x17:0x000000d7 x17=0x000001ff
        4915000	       490	80000770	011796b3	sll	x13,x15,x17	 x15:0x00000000 x17:0x000001ff x13=0x00000000
        4925000	       491	80000774	016677b3	and	x15,x12,x22	 x12:0x80008442 x22:0x00000000 x15=0x00000000
        4935000	       492	80000778	035606a3	sb	x21,45(x12)	 x12:0x80008442 x21:0xfcfdfeff PA:0x8000846f
        4945000	       493	8000077c	00f787b3	add	x15,x15,x15	 x15:0x00000000 x15:0x00000000 x15=0x00000000
        4955000	       494	80000780	00000013	addi	x0,x0,0	  x0:0x00000000
        4965000	       495	80000784	bfd71537	lui	x10,0xbfd71	 x10=0xbfd71000
        4975000	       496	80000788	ff662723	sw	x22,-18(x12)	 x12:0x80008442 x22:0x00000000 PA:0x80008430
        4985000	       497	8000078c	00000013	addi	x0,x0,0	  x0:0x00000000
        4995000	       498	80000790	0132bdb3	sltu	x27,x5,x19	  x5:0xffffffd3 x19:0xa4a5a6a7 x27=0x00000000
        5005000	       499	80000794	befa8713	addi	x14,x21,-1041	 x21:0xfcfdfeff x14=0xfcfdfaee
        5015000	       500	80000798	02c60aa3	sb	x12,53(x12)	 x12:0x80008442 x12:0x80008442 PA:0x80008477
        5025000	       501	8000079c	fe564c03	lbu	x24,-27(x12)	 x12:0x80008442 x24=0x000000dc PA:0x80008427
        5035000	       502	800007a0	002d1493	slli	x9,x26,0x2	 x26:0x7fff607c  x9=0xfffd81f0
        5045000	       503	800007a4	01e62d83	lw	x27,30(x12)	 x12:0x80008442 x27=0x18191a1b PA:0x80008460
        5055000	       504	800007a8	4f96b693	sltiu	x13,x13,1273	 x13:0x00000000 x13=0x00000001
        5065000	       505	800007ac	fd860a03	lb	x20,-40(x12)	 x12:0x80008442 x20=0xffffffd1 PA:0x8000841a
        5075000	       506	800007b0	031607a3	sb	x17,47(x12)	 x12:0x80008442 x17:0x000001ff PA:0x80008471
        5085000	       507	800007b4	03661203	lh	x4,54(x12)	 x12:0x80008442  x4=0x00003233 PA:0x80008478
        5095000	       508	800007b8	00839a33	sll	x20,x7,x8	  x7:0x000000cc  x8:0x0000cccd x20=0x00198000
        5105000	       509	800007bc	1e4b8b13	addi	x22,x23,484	 x23:0x80009f84 x22=0x8000a168
        5115000	       510	800007c0	fc661b03	lh	x22,-58(x12)	 x12:0x80008442 x22=0xffffc2c3 PA:0x80008408
        5125000	       511	800007c4	01e60d03	lb	x26,30(x12)	 x12:0x80008442 x26=0x0000001b PA:0x80008460
        5135000	       512	800007c8	ff6609a3	sb	x22,-13(x12)	 x12:0x80008442 x22:0xffffc2c3 PA:0x80008435
        5145000	       513	800007cc	2fe9f693	andi	x13,x19,766	 x19:0xa4a5a6a7 x13=0x000002a6
        5155000	       514	800007d0	8cbcc693	xori	x13,x25,-1845	 x25:0x00000007 x13=0xfffff8cc
        5165000	       515	800007d4	ff061b23	sh	x16,-10(x12)	 x12:0x80008442 x16:0xffffffff PA:0x80008438
        5175000	       516	800007d8	033601a3	sb	x19,35(x12)	 x12:0x80008442 x19:0xa4a5a6a7 PA:0x80008465
        5185000	       517	800007dc	01960223	sb	x25,4(x12)	 x12:0x80008442 x25:0x00000007 PA:0x80008446
        5195000	       518	800007e0	79234c37	lui	x24,0x79234	 x24=0x79234000
        5205000	       519	800007e4	fda64f03	lbu	x30,-38(x12)	 x12:0x80008442 x30=0x000000d7 PA:0x8000841c
        5215000	       520	800007e8	fc564983	lbu	x19,-59(x12)	 x12:0x80008442 x19=0x000000bc PA:0x80008407
        5225000	       521	800007ec	00008897	auipc	x17,0x8	 x17=0x800087e8
        5235000	       522	800007f0	11588893	addi	x17,x17,277	 x17:0x800087e8 x17=0x800088fd
        5245000	       523	800007f4	13f46b13	ori	x22,x8,319	  x8:0x0000cccd x22=0x0000cdff
        5255000	       524	800007f8	00de8db3	add	x27,x29,x13	 x29:0x0000eaeb x13:0xfffff8cc x27=0x0000e3b7
        5265000	       525	800007fc	00c95c93	srli	x25,x18,0xc	 x18:0x003fffff x25=0x000003ff
        5275000	       526	80000800	01b49ab3	sll	x21,x9,x27	  x9:0xfffd81f0 x27:0x0000e3b7 x21=0xf8000000
        5285000	       527	80000804	019cc2b3	xor	x5,x25,x25	 x25:0x000003ff x25:0x000003ff  x5=0x00000000
        5295000	       528	80000808	0073d213	srli	x4,x7,0x7	  x7:0x000000cc  x4=0x00000001
        5305000	       529	8000080c	01e8d213	srli	x4,x17,0x1e	 x17:0x800088fd  x4=0x00000002
        5315000	       530	80000810	00861013	slli	x0,x12,0x8	 x12:0x80008442
        5325000	       531	80000814	00ce5ab3	srl	x21,x28,x12	 x28:0x80008fad x12:0x80008442 x21=0x200023eb
        5335000	       532	80000818	03d8c603	lbu	x12,61(x17)	 x17:0x800088fd x12=0x00000021 PA:0x8000893a
        5345000	       533	8000081c	51ddc917	auipc	x18,0x51ddc	 x18=0xd1ddc818
        5355000	       534	80000820	03288223	sb	x18,36(x17)	 x17:0x800088fd x18:0xd1ddc818 PA:0x80008921
        5365000	       535	80000824	89dc1197	auipc	x3,0x89dc1	  x3=0x09dc1820
        5375000	       536	80000828	e1fa6d93	ori	x27,x20,-481	 x20:0x00198000 x27=0xfffffe1f
        5385000	       537	8000082c	0118d703	lhu	x14,17(x17)	 x17:0x800088fd x14=0x0000f4f5 PA:0x8000890e
        5395000	       538	80000830	03288f83	lb	x31,50(x17)	 x17:0x800088fd x31=0x00000014 PA:0x8000892f
        5405000	       539	80000834	287dcf13	xori	x30,x27,647	 x27:0xfffffe1f x30=0xfffffc98
        5415000	       540	80000838	40de5013	srai	x0,x28,0xd	 x28:0x80008fad
        5425000	       541	8000083c	00000013	addi	x0,x0,0	  x0:0x00000000
        5435000	       542	80000840	00000013	addi	x0,x0,0	  x0:0x00000000
        5445000	       543	80000844	e2407a93	andi	x21,x0,-476	  x0:0x00000000 x21=0x00000000
        5455000	       544	80000848	a57de013	ori	x0,x27,-1449	 x27:0xfffffe1f
        5465000	       545	8000084c	fc68c203	lbu	x4,-58(x17)	 x17:0x800088fd  x4=0x000000a8 PA:0x800088c3
        5475000	       546	80000850	4083dfb3	sra	x31,x7,x8	  x7:0x000000cc  x8:0x0000cccd x31=0x00000000
        5485000	       547	80000854	007ad293	srli	x5,x21,0x7	 x21:0x00000000  x5=0x00000000
        5495000	       548	80000858	00000013	addi	x0,x0,0	  x0:0x00000000
        5505000	       549	8000085c	01fa1fb3	sll	x31,x20,x31	 x20:0x00198000 x31:0x00000000 x31=0x00198000
        5515000	       550	80000860	fdc88a23	sb	x28,-44(x17)	 x17:0x800088fd x28:0x80008fad PA:0x800088d1
        5525000	       551	80000864	011e9933	sll	x18,x29,x17	 x29:0x0000eaeb x17:0x800088fd x18=0x60000000
        5535000	       552	80000868	33a53817	auipc	x16,0x33a53	 x16=0xb3a53864
        5545000	       553	8000086c	40b8df93	srai	x31,x17,0xb	 x17:0x800088fd x31=0xfff00011
        5555000	       554	80000870	2643ac13	slti	x24,x7,612	  x7:0x000000cc x24=0x00000001
        5565000	       555	80000874	0218c183	lbu	x3,33(x17)	 x17:0x800088fd  x3=0x00000005 PA:0x8000891e
        5575000	       556	80000878	07a62e13	slti	x28,x12,122	 x12:0x00000021 x28=0x00000001
        5585000	       557	8000087c	fd18c283	lbu	x5,-47(x17)	 x17:0x800088fd  x5=0x000000b5 PA:0x800088ce
        5595000	       558	80000880	fc2cb813	sltiu	x16,x25,-62	 x25:0x000003ff x16=0x00000001
        5605000	       559	80000884	03188a03	lb	x20,49(x17)	 x17:0x800088fd x20=0x00000015 PA:0x8000892e
        5615000	       560	80000888	03d8d003	lhu	x0,61(x17)	 x17:0x800088fd PA:0x8000893a
        5625000	       561	8000088c	0072ccb3	xor	x25,x5,x7	  x5:0x000000b5  x7:0x000000cc x25=0x00000079
        5635000	       562	80000890	fcf88123	sb	x15,-62(x17)	 x17:0x800088fd x15:0x00000000 PA:0x800088bf
        5645000	       563	80000894	00008997	auipc	x19,0x8	 x19=0x80008890
        5655000	       564	80000898	e4398993	addi	x19,x19,-445	 x19:0x80008890 x19=0x800086d3
        5665000	       565	8000089c	09b0c693	xori	x13,x1,155	  x1:0x09e6a061 x13=0x09e6a0fa
        5675000	       566	800008a0	db498623	sb	x20,-596(x19)	 x19:0x800086d3 x20:0x00000015 PA:0x8000847f
        5685000	       567	800008a4	006f2f33	slt	x30,x30,x6	 x30:0xfffffc98  x6:0x0000d8d9 x30=0x00000001
        5695000	       568	800008a8	29bbfd13	andi	x26,x23,667	 x23:0x80009f84 x26=0x00000280
        5705000	       569	800008ac	006168b3	or	x17,x2,x6	  x2:0x80009fc4  x6:0x0000d8d9 x17=0x8000dfdd
        5715000	       570	800008b0	e7c98d03	lb	x26,-388(x19)	 x19:0x800086d3 x26=0x00000004 PA:0x8000854f
        5725000	       571	800008b4	06d9c683	lbu	x13,109(x19)	 x19:0x800086d3 x13=0x000000fb PA:0x80008740
        5735000	       572	800008b8	ff09c883	lbu	x17,-16(x19)	 x19:0x800086d3 x17=0x00000078 PA:0x800086c3
        5745000	       573	800008bc	01eb2433	slt	x8,x22,x30	 x22:0x0000cdff x30:0x00000001  x8=0x00000000
        5755000	       574	800008c0	fed98883	lb	x17,-19(x19)	 x19:0x800086d3 x17=0x0000007b PA:0x800086c0
        5765000	       575	800008c4	dd898323	sb	x24,-570(x19)	 x19:0x800086d3 x24:0x00000001 PA:0x80008499
        5775000	       576	800008c8	a0399e83	lh	x29,-1533(x19)	 x19:0x800086d3 x29=0xffff8c8d PA:0x800080d6
        5785000	       577	800008cc	00000013	addi	x0,x0,0	  x0:0x00000000
        5795000	       578	800008d0	f1f98003	lb	x0,-225(x19)	 x19:0x800086d3 PA:0x800085f2
        5805000	       579	800008d4	e3599b03	lh	x22,-459(x19)	 x19:0x800086d3 x22=0xffffc2c3 PA:0x80008508
        5815000	       580	800008d8	b5f9db03	lhu	x22,-1185(x19)	 x19:0x800086d3 x22=0x0000fff0 PA:0x80008232
        5825000	       581	800008dc	0170e8b3	or	x17,x1,x23	  x1:0x09e6a061 x23:0x80009f84 x17=0x89e6bfe5
        5835000	       582	800008e0	b759a183	lw	x3,-1163(x19)	 x19:0x800086d3  x3=0x0001f703 PA:0x80008248
        5845000	       583	800008e4	dee9c703	lbu	x14,-530(x19)	 x19:0x800086d3 x14=0x0000007a PA:0x800084c1
        5855000	       584	800008e8	f7d9df83	lhu	x31,-131(x19)	 x19:0x800086d3 x31=0x00000a0b PA:0x80008650
        5865000	       585	800008ec	00f65433	srl	x8,x12,x15	 x12:0x00000021 x15:0x00000000  x8=0x00000021
        5875000	       586	800008f0	405cd2b3	sra	x5,x25,x5	 x25:0x00000079  x5:0x000000b5  x5=0x00000000
        5885000	       587	800008f4	ad898123	sb	x24,-1342(x19)	 x19:0x800086d3 x24:0x00000001 PA:0x80008195
        5895000	       588	800008f8	10398483	lb	x9,259(x19)	 x19:0x800086d3  x9=0xffffff8d PA:0x800087d6
        5905000	       589	800008fc	8fa0f293	andi	x5,x1,-1798	  x1:0x09e6a061  x5=0x09e6a060
        5915000	       590	80000900	e5898a83	lb	x21,-424(x19)	 x19:0x800086d3 x21=0xffffffe0 PA:0x8000852b
        5925000	       591	80000904	d429c403	lbu	x8,-702(x19)	 x19:0x800086d3  x8=0x000000ce PA:0x80008415
        5935000	       592	80000908	b7799d83	lh	x27,-1161(x19)	 x19:0x800086d3 x27=0x00000001 PA:0x8000824a
        5945000	       593	8000090c	ee399d03	lh	x26,-285(x19)	 x19:0x800086d3 x26=0x00006c6d PA:0x800085b6
        5955000	       594	80000910	c6e983a3	sb	x14,-921(x19)	 x19:0x800086d3 x14:0x0000007a PA:0x8000833a
        5965000	       595	80000914	ebf0fd13	andi	x26,x1,-321	  x1:0x09e6a061 x26=0x09e6a021
        5975000	       596	80000918	40f3d9b3	sra	x19,x7,x15	  x7:0x000000cc x15:0x00000000 x19=0x000000cc
        5985000	       597	8000091c	042d4263	blt	x26,x2,80000960	 x26:0x09e6a021  x2:0x80009fc4
        5995000	       598	80000920	49ea2f93	slti	x31,x20,1182	 x20:0x00000015 x31=0x00000001
        6005000	       599	80000924	014c1533	sll	x10,x24,x20	 x24:0x00000001 x20:0x00000015 x10=0x00200000
        6015000	       600	80000928	00b751b3	srl	x3,x14,x11	 x14:0x0000007a x11:0x80009f55  x3=0x00000000
        6025000	       601	8000092c	82fe3d13	sltiu	x26,x28,-2001	 x28:0x00000001 x26=0x00000001
        6035000	       602	80000930	b3532793	slti	x15,x6,-1227	  x6:0x0000d8d9 x15=0x00000000
        6045000	       603	80000934	00551a33	sll	x20,x10,x5	 x10:0x00200000  x5:0x09e6a060 x20=0x00200000
        6055000	       604	80000938	01055d33	srl	x26,x10,x16	 x10:0x00200000 x16:0x00000001 x26=0x00100000
        6065000	       605	8000093c	0042d333	srl	x6,x5,x4	  x5:0x09e6a060  x4:0x000000a8  x6=0x0009e6a0
        6075000	       606	80000940	00000013	addi	x0,x0,0	  x0:0x00000000
        6085000	       607	80000944	01a63eb3	sltu	x29,x12,x26	 x12:0x00000021 x26:0x00100000 x29=0x00000001
        6095000	       608	80000948	21755637	lui	x12,0x21755	 x12=0x21755000
        6105000	       609	8000094c	0174f463	bgeu	x9,x23,80000954	  x9:0xffffff8d x23:0x80009f84
        6115000	       610	00000000	00000013	addi	x0,x0,0	  x0:0x00000000
        6125000	       611	80000950	00000013	addi	x0,x0,0	  x0:0x00000000
        6135000	       612	80000954	1f432a93	slti	x21,x6,500	  x6:0x0009e6a0 x21=0x00000000
        6145000	       613	80000958	01eb1533	sll	x10,x22,x30	 x22:0x0000fff0 x30:0x00000001 x10=0x0001ffe0
        6155000	       614	8000095c	00000013	addi	x0,x0,0	  x0:0x00000000
        6165000	       615	80000960	00000013	addi	x0,x0,0	  x0:0x00000000
        6175000	       616	80000964	015945b3	xor	x11,x18,x21	 x18:0x60000000 x21:0x00000000 x11=0x60000000
        6185000	       617	80000968	00000013	addi	x0,x0,0	  x0:0x00000000
        6195000	       618	8000096c	0067b5b3	sltu	x11,x15,x6	 x15:0x00000000  x6:0x0009e6a0 x11=0x00000001
        6205000	       619	80000970	41dfd413	srai	x8,x31,0x1d	 x31:0x00000001  x8=0x00000000
        6215000	       620	80000974	eb5b4a17	auipc	x20,0xeb5b4	 x20=0x6b5b4970
        6225000	       621	80000978	96cc4d93	xori	x27,x24,-1684	 x24:0x00000001 x27=0xfffff96d
        6235000	       622	8000097c	00fa6663	bltu	x20,x15,80000988	 x20:0x6b5b4970 x15:0x00000000
        6245000	       623	80000980	0020b633	sltu	x12,x1,x2	  x1:0x09e6a061  x2:0x80009fc4 x12=0x00000001
        6255000	       624	80000984	011102b3	add	x5,x2,x17	  x2:0x80009fc4 x17:0x89e6bfe5  x5=0x09e75fa9
        6265000	       625	80000988	e69eec13	ori	x24,x29,-407	 x29:0x00000001 x24=0xfffffe69
        6275000	       626	8000098c	00008a97	auipc	x21,0x8	 x21=0x80008988
        6285000	       627	80000990	c8ca8a93	addi	x21,x21,-884	 x21:0x80008988 x21=0x80008614
        6295000	       628	80000994	ff1ac203	lbu	x4,-15(x21)	 x21:0x80008614  x4=0x000000be PA:0x80008605
        6305000	       629	80000998	007acc83	lbu	x25,7(x21)	 x21:0x80008614 x25=0x000000d0 PA:0x8000861b
        6315000	       630	8000099c	000b93b3	sll	x7,x23,x0	 x23:0x80009f84  x0:0x00000000  x7=0x80009f84
        6325000	       631	800009a0	01e25413	srli	x8,x4,0x1e	  x4:0x000000be  x8=0x00000000
        6335000	       632	800009a4	014a84a3	sb	x20,9(x21)	 x21:0x80008614 x20:0x6b5b4970 PA:0x8000861d
        6345000	       633	800009a8	00000013	addi	x0,x0,0	  x0:0x00000000
        6355000	       634	800009ac	a2613713	sltiu	x14,x2,-1498	  x2:0x80009fc4 x14=0x00000001
        6365000	       635	800009b0	ffaa9503	lh	x10,-6(x21)	 x21:0x80008614 x10=0xffffc4c5 PA:0x8000860e
        6375000	       636	800009b4	415587b3	sub	x15,x11,x21	 x11:0x00000001 x21:0x80008614 x15=0x7fff79ed
        6385000	       637	800009b8	ff2ad883	lhu	x17,-14(x21)	 x21:0x80008614 x17=0x00000001 PA:0x80008606
        6395000	       638	800009bc	16fdfe13	andi	x28,x27,367	 x27:0xfffff96d x28=0x0000016d
        6405000	       639	800009c0	ff4aa823	sw	x20,-16(x21)	 x21:0x80008614 x20:0x6b5b4970 PA:0x80008604
        6415000	       640	800009c4	001a80a3	sb	x1,1(x21)	 x21:0x80008614  x1:0x09e6a061 PA:0x80008615
        6425000	       641	800009c8	ff3ac283	lbu	x5,-13(x21)	 x21:0x80008614  x5=0x0000006b PA:0x80008607
        6435000	       642	800009cc	46c3bd13	sltiu	x26,x7,1132	  x7:0x80009f84 x26=0x00000000
        6445000	       643	800009d0	5f82eeb7	lui	x29,0x5f82e	 x29=0x5f82e000
        6455000	       644	800009d4	00000013	addi	x0,x0,0	  x0:0x00000000
        6465000	       645	800009d8	41d107b3	sub	x15,x2,x29	  x2:0x80009fc4 x29:0x5f82e000 x15=0x207dbfc4
        6475000	       646	800009dc	41f6d733	sra	x14,x13,x31	 x13:0x000000fb x31:0x00000001 x14=0x0000007d
        6485000	       647	800009e0	00ead383	lhu	x7,14(x21)	 x21:0x80008614  x7=0x0000d8d9 PA:0x80008622
        6495000	       648	800009e4	ff4a8903	lb	x18,-12(x21)	 x21:0x80008614 x18=0xffffffc3 PA:0x80008608
        6505000	       649	800009e8	53965537	lui	x10,0x53965	 x10=0x53965000
        6515000	       650	800009ec	005a83a3	sb	x5,7(x21)	 x21:0x80008614  x5:0x0000006b PA:0x8000861b
        6525000	       651	800009f0	c9dcc713	xori	x14,x25,-867	 x25:0x000000d0 x14=0xfffffc4d
        6535000	       652	800009f4	ffdaca03	lbu	x20,-3(x21)	 x21:0x80008614 x20=0x000000ca PA:0x80008611
        6545000	       653	800009f8	8002b493	sltiu	x9,x5,-2048	  x5:0x0000006b  x9=0x00000001
        6555000	       654	800009fc	01117f33	and	x30,x2,x17	  x2:0x80009fc4 x17:0x00000001 x30=0x00000000
        6565000	       655	80000a00	ff0aa803	lw	x16,-16(x21)	 x21:0x80008614 x16=0x6b5b4970 PA:0x80008604
        6575000	       656	80000a04	a1530993	addi	x19,x6,-1515	  x6:0x0009e6a0 x19=0x0009e0b5
        6585000	       657	80000a08	010aa883	lw	x17,16(x21)	 x21:0x80008614 x17=0xdcdddedf PA:0x80008624
        6595000	       658	80000a0c	07a4e593	ori	x11,x9,122	  x9:0x00000001 x11=0x0000007b
        6605000	       659	80000a10	005a9423	sh	x5,8(x21)	 x21:0x80008614  x5:0x0000006b PA:0x8000861c
        6615000	       660	80000a14	ffba8203	lb	x4,-5(x21)	 x21:0x80008614  x4=0xffffffc4 PA:0x8000860f
        6625000	       661	80000a18	010adf83	lhu	x31,16(x21)	 x21:0x80008614 x31=0x0000dedf PA:0x80008624
        6635000	       662	80000a1c	015a8423	sb	x21,8(x21)	 x21:0x80008614 x21:0x80008614 PA:0x8000861c
        6645000	       663	80000a20	ffead803	lhu	x16,-2(x21)	 x21:0x80008614 x16=0x0000c8c9 PA:0x80008612
        6655000	       664	80000a24	feea8ca3	sb	x14,-7(x21)	 x21:0x80008614 x14:0xfffffc4d PA:0x8000860d
        6665000	       665	80000a28	01d6feb3	and	x29,x13,x29	 x13:0x000000fb x29:0x5f82e000 x29=0x00000000
        6675000	       666	80000a2c	ffcade83	lhu	x29,-4(x21)	 x21:0x80008614 x29=0x0000cacb PA:0x80008610
        6685000	       667	80000a30	0134dc13	srli	x24,x9,0x13	  x9:0x00000001 x24=0x00000000
        6695000	       668	80000a34	9a308893	addi	x17,x1,-1629	  x1:0x09e6a061 x17=0x09e69a04
        6705000	       669	80000a38	fffa8a03	lb	x20,-1(x21)	 x21:0x80008614 x20=0xffffffc8 PA:0x80008613
        6715000	       670	80000a3c	fe4a9a23	sh	x4,-12(x21)	 x21:0x80008614  x4:0xffffffc4 PA:0x80008608
        6725000	       671	80000a40	3aae6213	ori	x4,x28,938	 x28:0x0000016d  x4=0x000003ef
        6735000	       672	80000a44	002add03	lhu	x26,2(x21)	 x21:0x80008614 x26=0x0000cccd PA:0x80008616
        6745000	       673	80000a48	4121d8b3	sra	x17,x3,x18	  x3:0x00000000 x18:0xffffffc3 x17=0x00000000
        6755000	       674	80000a4c	ff3acf03	lbu	x30,-13(x21)	 x21:0x80008614 x30=0x0000006b PA:0x80008607
        6765000	       675	80000a50	00ca86a3	sb	x12,13(x21)	 x21:0x80008614 x12:0x00000001 PA:0x80008621
        6775000	       676	80000a54	015b0a33	add	x20,x22,x21	 x22:0x0000fff0 x21:0x80008614 x20=0x80018604
        6785000	       677	80000a58	edefb013	sltiu	x0,x31,-290	 x31:0x0000dedf
        6795000	       678	80000a5c	00aa9e03	lh	x28,10(x21)	 x21:0x80008614 x28=0xffffd4d5 PA:0x8000861e
        6805000	       679	80000a60	00ab6533	or	x10,x22,x10	 x22:0x0000fff0 x10:0x53965000 x10=0x5396fff0
        6815000	       680	80000a64	41b2d513	srai	x10,x5,0x1b	  x5:0x0000006b x10=0x00000000
        6825000	       681	80000a68	7cfe7313	andi	x6,x28,1999	 x28:0xffffd4d5  x6=0x000004c5
        6835000	       682	80000a6c	00fb9233	sll	x4,x23,x15	 x23:0x80009f84 x15:0x207dbfc4  x4=0x0009f840
        6845000	       683	80000a70	002f4663	blt	x30,x2,80000a7c	 x30:0x0000006b  x2:0x80009fc4
        6855000	       684	80000a74	7de63793	sltiu	x15,x12,2014	 x12:0x00000001 x15=0x00000001
        6865000	       685	80000a78	00ebdc33	srl	x24,x23,x14	 x23:0x80009f84 x14:0xfffffc4d x24=0x00040004
        6875000	       686	80000a7c	033f8663	beq	x31,x19,80000aa8	 x31:0x0000dedf x19:0x0009e0b5
        6885000	       687	80000a80	41c486b3	sub	x13,x9,x28	  x9:0x00000001 x28:0xffffd4d5 x13=0x00002b2c
        6895000	       688	80000a84	00000013	addi	x0,x0,0	  x0:0x00000000
        6905000	       689	80000a88	715cb993	sltiu	x19,x25,1813	 x25:0x000000d0 x19=0x00000001
        6915000	       690	80000a8c	1d38a693	slti	x13,x17,467	 x17:0x00000000 x13=0x00000001
        6925000	       691	80000a90	fc6c8993	addi	x19,x25,-58	 x25:0x000000d0 x19=0x00000096
        6935000	       692	80000a94	057fd863	bge	x31,x23,80000ae4	 x31:0x0000dedf x23:0x80009f84
        6945000	       693	00000000	00000013	addi	x0,x0,0	  x0:0x00000000
        6955000	       694	80000ae0	00000013	addi	x0,x0,0	  x0:0x00000000
        6965000	       695	80000ae4	27cf2013	slti	x0,x30,636	 x30:0x0000006b
        6975000	       696	80000ae8	00000013	addi	x0,x0,0	  x0:0x00000000
        6985000	       697	80000aec	005f5e63	bge	x30,x5,80000b08	 x30:0x0000006b  x5:0x0000006b
        6995000	       698	00000000	00000013	addi	x0,x0,0	  x0:0x00000000
        7005000	       699	80000b04	00000013	addi	x0,x0,0	  x0:0x00000000
        7015000	       700	80000b08	01eecc63	blt	x29,x30,80000b20	 x29:0x0000cacb x30:0x0000006b
        7025000	       701	80000b0c	23827397	auipc	x7,0x23827	  x7=0xa3827b08
        7035000	       702	80000b10	6ecffa93	andi	x21,x31,1772	 x31:0x0000dedf x21=0x000006cc
        7045000	       703	80000b14	03e74c63	blt	x14,x30,80000b4c	 x14:0xfffffc4d x30:0x0000006b
        7055000	       704	00000000	00000013	addi	x0,x0,0	  x0:0x00000000
        7065000	       705	80000b48	00000013	addi	x0,x0,0	  x0:0x00000000
        7075000	       706	80000b4c	03e9ce63	blt	x19,x30,80000b88	 x19:0x00000096 x30:0x0000006b
        7085000	       707	80000b50	00ac1c33	sll	x24,x24,x10	 x24:0x00040004 x10:0x00000000 x24=0x00040004
        7095000	       708	80000b54	01495693	srli	x13,x18,0x14	 x18:0xffffffc3 x13=0x00000fff
        7105000	       709	80000b58	7b8c0413	addi	x8,x24,1976	 x24:0x00040004  x8=0x000407bc
        7115000	       710	80000b5c	03b76063	bltu	x14,x27,80000b7c	 x14:0xfffffc4d x27:0xfffff96d
        7125000	       711	80000b60	0a042e13	slti	x28,x8,160	  x8:0x000407bc x28=0x00000000
        7135000	       712	80000b64	012a9933	sll	x18,x21,x18	 x21:0x000006cc x18:0xffffffc3 x18=0x00003660
        7145000	       713	80000b68	00af4ab3	xor	x21,x30,x10	 x30:0x0000006b x10:0x00000000 x21=0x0000006b
        7155000	       714	80000b6c	004e2633	slt	x12,x28,x4	 x28:0x00000000  x4:0x0009f840 x12=0x00000001
        7165000	       715	80000b70	00339793	slli	x15,x7,0x3	  x7:0xa3827b08 x15=0x1c13d840
        7175000	       716	80000b74	66a13913	sltiu	x18,x2,1642	  x2:0x80009fc4 x18=0x00000000
        7185000	       717	80000b78	002e5ab3	srl	x21,x28,x2	 x28:0x00000000  x2:0x80009fc4 x21=0x00000000
        7195000	       718	80000b7c	01580663	beq	x16,x21,80000b88	 x16:0x0000c8c9 x21:0x00000000
        7205000	       719	80000b80	02c4fe63	bgeu	x9,x12,80000bbc	  x9:0x00000001 x12:0x00000001
        7215000	       720	00000000	00000013	addi	x0,x0,0	  x0:0x00000000
        7225000	       721	80000bb8	00000013	addi	x0,x0,0	  x0:0x00000000
        7235000	       722	80000bbc	0048d633	srl	x12,x17,x4	 x17:0x00000000  x4:0x0009f840 x12=0x00000000
        7245000	       723	80000bc0	0125ca33	xor	x20,x11,x18	 x11:0x0000007b x18:0x00000000 x20=0x0000007b
        7255000	       724	80000bc4	149be9b7	lui	x19,0x149be	 x19=0x149be000
        7265000	       725	80000bc8	ce253e93	sltiu	x29,x10,-798	 x10:0x00000000 x29=0x00000001
        7275000	       726	80000bcc	01f37b33	and	x22,x6,x31	  x6:0x000004c5 x31:0x0000dedf x22=0x000004c5
        7285000	       727	80000bd0	002509b3	add	x19,x10,x2	 x10:0x00000000  x2:0x80009fc4 x19=0x80009fc4
        7295000	       728	80000bd4	013203b3	add	x7,x4,x19	  x4:0x0009f840 x19:0x80009fc4  x7=0x800a9804
        7305000	       729	80000bd8	01a9ec63	bltu	x19,x26,80000bf0	 x19:0x80009fc4 x26:0x0000cccd
        7315000	       730	80000bdc	46fa6c93	ori	x25,x20,1135	 x20:0x0000007b x25=0x0000047f
        7325000	       731	80000be0	f5658e37	lui	x28,0xf5658	 x28=0xf5658000
        7335000	       732	80000be4	00000013	addi	x0,x0,0	  x0:0x00000000
        7345000	       733	80000be8	40570e33	sub	x28,x14,x5	 x14:0xfffffc4d  x5:0x0000006b x28=0xfffffbe2
        7355000	       734	80000bec	018c11b3	sll	x3,x24,x24	 x24:0x00040004 x24:0x00040004  x3=0x00400040
        7365000	       735	80000bf0	91c68593	addi	x11,x13,-1764	 x13:0x00000fff x11=0x0000091b
        7375000	       736	80000bf4	0013d913	srli	x18,x7,0x1	  x7:0x800a9804 x18=0x40054c02
        7385000	       737	80000bf8	8cc0eb13	ori	x22,x1,-1844	  x1:0x09e6a061 x22=0xfffff8ed
        7395000	       738	80000bfc	689eb917	auipc	x18,0x689eb	 x18=0xe89ebbf8
        7405000	       739	80000c00	00000013	addi	x0,x0,0	  x0:0x00000000
        7415000	       740	80000c04	40cf04b3	sub	x9,x30,x12	 x30:0x0000006b x12:0x00000000  x9=0x0000006b
        7425000	       741	80000c08	00f64fb3	xor	x31,x12,x15	 x12:0x00000000 x15:0x1c13d840 x31=0x1c13d840
        7435000	       742	80000c0c	03cbf463	bgeu	x23,x28,80000c34	 x23:0x80009f84 x28:0xfffffbe2
        7445000	       743	80000c10	00d305b3	add	x11,x6,x13	  x6:0x000004c5 x13:0x00000fff x11=0x000014c4
        7455000	       744	80000c14	01519233	sll	x4,x3,x21	  x3:0x00400040 x21:0x00000000  x4=0x00400040
        7465000	       745	80000c18	96786693	ori	x13,x16,-1689	 x16:0x0000c8c9 x13=0xfffff9ef
        7475000	       746	80000c1c	b7517a37	lui	x20,0xb7517	 x20=0xb7517000
        7485000	       747	80000c20	00de1e33	sll	x28,x28,x13	 x28:0xfffffbe2 x13:0xfffff9ef x28=0xfdf10000
        7495000	       748	80000c24	00d7a6b3	slt	x13,x15,x13	 x15:0x1c13d840 x13:0xfffff9ef x13=0x00000000
        7505000	       749	80000c28	4130d813	srai	x16,x1,0x13	  x1:0x09e6a061 x16=0x0000013c
        7515000	       750	80000c2c	00fb6663	bltu	x22,x15,80000c38	 x22:0xfffff8ed x15:0x1c13d840
        7525000	       751	80000c30	b0b0fe93	andi	x29,x1,-1269	  x1:0x09e6a061 x29=0x09e6a001
        7535000	       752	80000c34	9c3e04b7	lui	x9,0x9c3e0	  x9=0x9c3e0000
        7545000	       753	80000c38	00d2a633	slt	x12,x5,x13	  x5:0x0000006b x13:0x00000000 x12=0x00000000
        7555000	       754	80000c3c	005a1633	sll	x12,x20,x5	 x20:0xb7517000  x5:0x0000006b x12=0x8b800000
        7565000	       755	80000c40	00b7bcb3	sltu	x25,x15,x11	 x15:0x1c13d840 x11:0x000014c4 x25=0x00000000
        7575000	       756	80000c44	00f626b3	slt	x13,x12,x15	 x12:0x8b800000 x15:0x1c13d840 x13=0x00000001
        7585000	       757	80000c48	40825f33	sra	x30,x4,x8	  x4:0x00400040  x8:0x000407bc x30=0x00000000
        7595000	       758	80000c4c	03d0de63	bge	x1,x29,80000c88	  x1:0x09e6a061 x29:0x09e6a001
        7605000	       759	00000000	00000013	addi	x0,x0,0	  x0:0x00000000
        7615000	       760	80000c84	00000013	addi	x0,x0,0	  x0:0x00000000
        7625000	       761	80000c88	00881463	bne	x16,x8,80000c90	 x16:0x0000013c  x8:0x000407bc
        7635000	       762	00000000	00000013	addi	x0,x0,0	  x0:0x00000000
        7645000	       763	80000c8c	00000013	addi	x0,x0,0	  x0:0x00000000
        7655000	       764	80000c90	01048a63	beq	x9,x16,80000ca4	  x9:0x9c3e0000 x16:0x0000013c
        7665000	       765	80000c94	019bd933	srl	x18,x23,x25	 x23:0x80009f84 x25:0x00000000 x18=0x80009f84
        7675000	       766	80000c98	03351a63	bne	x10,x19,80000ccc	 x10:0x00000000 x19:0x80009fc4
        7685000	       767	00000000	00000013	addi	x0,x0,0	  x0:0x00000000
        7695000	       768	80000cc8	00000013	addi	x0,x0,0	  x0:0x00000000
        7705000	       769	80000ccc	03f99063	bne	x19,x31,80000cec	 x19:0x80009fc4 x31:0x1c13d840
        7715000	       770	00000000	00000013	addi	x0,x0,0	  x0:0x00000000
        7725000	       771	80000ce8	00000013	addi	x0,x0,0	  x0:0x00000000
        7735000	       772	80000cec	00c689b3	add	x19,x13,x12	 x13:0x00000001 x12:0x8b800000 x19=0x8b800001
        7745000	       773	80000cf0	005fa633	slt	x12,x31,x5	 x31:0x1c13d840  x5:0x0000006b x12=0x00000000
        7755000	       774	80000cf4	00e1d663	bge	x3,x14,80000d00	  x3:0x00400040 x14:0xfffffc4d
        7765000	       775	00000000	00000013	addi	x0,x0,0	  x0:0x00000000
        7775000	       776	80000cfc	00000013	addi	x0,x0,0	  x0:0x00000000
        7785000	       777	80000d00	b544d917	auipc	x18,0xb544d	 x18=0x3544dcfc
        7795000	       778	80000d04	010efc63	bgeu	x29,x16,80000d1c	 x29:0x09e6a001 x16:0x0000013c
        7805000	       779	00000000	00000013	addi	x0,x0,0	  x0:0x00000000
        7815000	       780	80000d18	00000013	addi	x0,x0,0	  x0:0x00000000
        7825000	       781	80000d1c	040ff463	bgeu	x31,x0,80000d64	 x31:0x1c13d840  x0:0x00000000
        7835000	       782	00000000	00000013	addi	x0,x0,0	  x0:0x00000000
        7845000	       783	80000d60	00000013	addi	x0,x0,0	  x0:0x00000000
        7855000	       784	80000d64	006e1c13	slli	x24,x28,0x6	 x28:0xfdf10000 x24=0x7c400000
        7865000	       785	80000d68	00ee9e33	sll	x28,x29,x14	 x29:0x09e6a001 x14:0xfffffc4d x28=0xd4002000
        7875000	       786	80000d6c	2952c213	xori	x4,x5,661	  x5:0x0000006b  x4=0x000002fe
        7885000	       787	80000d70	02dff863	bgeu	x31,x13,80000da0	 x31:0x1c13d840 x13:0x00000001
        7895000	       788	00000000	00000013	addi	x0,x0,0	  x0:0x00000000
        7905000	       789	80000d9c	00000013	addi	x0,x0,0	  x0:0x00000000
        7915000	       790	80000da0	401958b3	sra	x17,x18,x1	 x18:0x3544dcfc  x1:0x09e6a061 x17=0x1aa26e7e
        7925000	       791	80000da4	00b526b3	slt	x13,x10,x11	 x10:0x00000000 x11:0x000014c4 x13=0x00000001
        7935000	       792	80000da8	4065dd93	srai	x27,x11,0x6	 x11:0x000014c4 x27=0x00000053
        7945000	       793	80000dac	40b1d813	srai	x16,x3,0xb	  x3:0x00400040 x16=0x00000800
        7955000	       794	80000db0	ea096313	ori	x6,x18,-352	 x18:0x3544dcfc  x6=0xfffffefc
        7965000	       795	80000db4	00000013	addi	x0,x0,0	  x0:0x00000000
        7975000	       796	80000db8	00946c33	or	x24,x8,x9	  x8:0x000407bc  x9:0x9c3e0000 x24=0x9c3e07bc
        7985000	       797	80000dbc	41a704b3	sub	x9,x14,x26	 x14:0xfffffc4d x26:0x0000cccd  x9=0xffff2f80
        7995000	       798	80000dc0	2fc44a13	xori	x20,x8,764	  x8:0x000407bc x20=0x00040540
        8005000	       799	80000dc4	006f62b3	or	x5,x30,x6	 x30:0x00000000  x6:0xfffffefc  x5=0xfffffefc
        8015000	       800	80000dc8	001e5193	srli	x3,x28,0x1	 x28:0xd4002000  x3=0x6a001000
        8025000	       801	80000dcc	00a56ab3	or	x21,x10,x10	 x10:0x00000000 x10:0x00000000 x21=0x00000000
        8035000	       802	80000dd0	00090863	beq	x18,x0,80000de0	 x18:0x3544dcfc  x0:0x00000000
        8045000	       803	80000dd4	02dfcc63	blt	x31,x13,80000e0c	 x31:0x1c13d840 x13:0x00000001
        8055000	       804	80000dd8	00c85793	srli	x15,x16,0xc	 x16:0x00000800 x15=0x00000000
        8065000	       805	80000ddc	00c80663	beq	x16,x12,80000de8	 x16:0x00000800 x12:0x00000000
        8075000	       806	80000de0	00e98eb3	add	x29,x19,x14	 x19:0x8b800001 x14:0xfffffc4d x29=0x8b7ffc4e
        8085000	       807	80000de4	01b66b33	or	x22,x12,x27	 x12:0x00000000 x27:0x00000053 x22=0x00000053
        8095000	       808	80000de8	128f7793	andi	x15,x30,296	 x30:0x00000000 x15=0x00000000
        8105000	       809	80000dec	4045d513	srai	x10,x11,0x4	 x11:0x000014c4 x10=0x0000014c
        8115000	       810	80000df0	0158d193	srli	x3,x17,0x15	 x17:0x1aa26e7e  x3=0x000000d5
        8125000	       811	80000df4	009a9833	sll	x16,x21,x9	 x21:0x00000000  x9:0xffff2f80 x16=0x00000000
        8135000	       812	80000df8	5b2c0437	lui	x8,0x5b2c0	  x8=0x5b2c0000
        8145000	       813	80000dfc	3f1db213	sltiu	x4,x27,1009	 x27:0x00000053  x4=0x00000001
        8155000	       814	80000e00	4e34b793	sltiu	x15,x9,1251	  x9:0xffff2f80 x15=0x00000000
        8165000	       815	80000e04	01f95893	srli	x17,x18,0x1f	 x18:0x3544dcfc x17=0x00000000
        8175000	       816	80000e08	03c1fe63	bgeu	x3,x28,80000e44	  x3:0x000000d5 x28:0xd4002000
        8185000	       817	80000e0c	00edefb3	or	x31,x27,x14	 x27:0x00000053 x14:0xfffffc4d x31=0xfffffc5f
        8195000	       818	80000e10	6289e017	auipc	x0,0x6289e	
        8205000	       819	80000e14	02d70463	beq	x14,x13,80000e3c	 x14:0xfffffc4d x13:0x00000001
        8215000	       820	80000e18	d24a0413	addi	x8,x20,-732	 x20:0x00040540  x8=0x00040264
        8225000	       821	80000e1c	0142fc33	and	x24,x5,x20	  x5:0xfffffefc x20:0x00040540 x24=0x00040440
        8235000	       822	80000e20	bd377a93	andi	x21,x14,-1069	 x14:0xfffffc4d x21=0xfffff841
        8245000	       823	80000e24	405587b3	sub	x15,x11,x5	 x11:0x000014c4  x5:0xfffffefc x15=0x000015c8
        8255000	       824	80000e28	008a6433	or	x8,x20,x8	 x20:0x00040540  x8:0x00040264  x8=0x00040764
        8265000	       825	80000e2c	02341e63	bne	x8,x3,80000e68	  x8:0x00040764  x3:0x000000d5
        8275000	       826	00000000	00000013	addi	x0,x0,0	  x0:0x00000000
        8285000	       827	80000e64	00000013	addi	x0,x0,0	  x0:0x00000000
        8295000	       828	80000e68	00a71633	sll	x12,x14,x10	 x14:0xfffffc4d x10:0x0000014c x12=0xffc4d000
        8305000	       829	80000e6c	70442293	slti	x5,x8,1796	  x8:0x00040764  x5=0x00000000
        8315000	       830	80000e70	00000013	addi	x0,x0,0	  x0:0x00000000
        8325000	       831	80000e74	01a68a33	add	x20,x13,x26	 x13:0x00000001 x26:0x0000cccd x20=0x0000ccce
        8335000	       832	80000e78	41915f93	srai	x31,x2,0x19	  x2:0x80009fc4 x31=0xffffffc0
        8345000	       833	80000e7c	016339b3	sltu	x19,x6,x22	  x6:0xfffffefc x22:0x00000053 x19=0x00000000
        8355000	       834	80000e80	014c9eb3	sll	x29,x25,x20	 x25:0x00000000 x20:0x0000ccce x29=0x00000000
        8365000	       835	80000e84	00c96db3	or	x27,x18,x12	 x18:0x3544dcfc x12:0xffc4d000 x27=0xffc4dcfc
        8375000	       836	80000e88	0314c663	blt	x9,x17,80000eb4	  x9:0xffff2f80 x17:0x00000000
        8385000	       837	00000000	00000013	addi	x0,x0,0	  x0:0x00000000
        8395000	       838	80000eb0	00000013	addi	x0,x0,0	  x0:0x00000000
        8405000	       839	80000eb4	038a8263	beq	x21,x24,80000ed8	 x21:0xfffff841 x24:0x00040440
        8415000	       840	80000eb8	00147663	bgeu	x8,x1,80000ec4	  x8:0x00040764  x1:0x09e6a061
        8425000	       841	80000ebc	01ced013	srli	x0,x29,0x1c	 x29:0x00000000
        8435000	       842	80000ec0	31122813	slti	x16,x4,785	  x4:0x00000001 x16=0x00000001
        8445000	       843	80000ec4	024be263	bltu	x23,x4,80000ee8	 x23:0x80009f84  x4:0x00000001
        8455000	       844	80000ec8	032d7e63	bgeu	x26,x18,80000f04	 x26:0x0000cccd x18:0x3544dcfc
        8465000	       845	80000ecc	00000013	addi	x0,x0,0	  x0:0x00000000
        8475000	       846	80000ed0	01f8b5b3	sltu	x11,x17,x31	 x17:0x00000000 x31:0xffffffc0 x11=0x00000001
        8485000	       847	80000ed4	00000013	addi	x0,x0,0	  x0:0x00000000
        8495000	       848	80000ed8	a5250393	addi	x7,x10,-1454	 x10:0x0000014c  x7=0xfffffb9e
        8505000	       849	80000edc	9300a793	slti	x15,x1,-1744	  x1:0x09e6a061 x15=0x00000000
        8515000	       850	80000ee0	41d65e93	srai	x29,x12,0x1d	 x12:0xffc4d000 x29=0xffffffff
        8525000	       851	80000ee4	01f51c63	bne	x10,x31,80000efc	 x10:0x0000014c x31:0xffffffc0
        8535000	       852	00000000	00000013	addi	x0,x0,0	  x0:0x00000000
        8545000	       853	80000ef8	00000013	addi	x0,x0,0	  x0:0x00000000
        8555000	       854	80000efc	60ad3913	sltiu	x18,x26,1546	 x26:0x0000cccd x18=0x00000000
        8565000	       855	80000f00	046f7013	andi	x0,x30,70	 x30:0x00000000
        8575000	       856	80000f04	01c1c1b3	xor	x3,x3,x28	  x3:0x000000d5 x28:0xd4002000  x3=0xd40020d5
        8585000	       857	80000f08	02e19c63	bne	x3,x14,80000f40	  x3:0xd40020d5 x14:0xfffffc4d
        8595000	       858	00000000	00000013	addi	x0,x0,0	  x0:0x00000000
        8605000	       859	80000f3c	00000013	addi	x0,x0,0	  x0:0x00000000
        8615000	       860	80000f40	008103b3	add	x7,x2,x8	  x2:0x80009fc4  x8:0x00040764  x7=0x8004a728
        8625000	       861	80000f44	01361863	bne	x12,x19,80000f54	 x12:0xffc4d000 x19:0x00000000
        8635000	       862	00000000	00000013	addi	x0,x0,0	  x0:0x00000000
        8645000	       863	80000f50	00000013	addi	x0,x0,0	  x0:0x00000000
        8655000	       864	80000f54	204638b7	lui	x17,0x20463	 x17=0x20463000
        8665000	       865	80000f58	8faaa6b7	lui	x13,0x8faaa	 x13=0x8faaa000
        8675000	       866	80000f5c	7c597793	andi	x15,x18,1989	 x18:0x00000000 x15=0x00000000
        8685000	       867	80000f60	0126d9b3	srl	x19,x13,x18	 x13:0x8faaa000 x18:0x00000000 x19=0x8faaa000
        8695000	       868	80000f64	01a099b3	sll	x19,x1,x26	  x1:0x09e6a061 x26:0x0000cccd x19=0xd40c2000
        8705000	       869	80000f68	01dbd593	srli	x11,x23,0x1d	 x23:0x80009f84 x11=0x00000004
        8715000	       870	80000f6c	fc9f6293	ori	x5,x30,-55	 x30:0x00000000  x5=0xffffffc9
        8725000	       871	80000f70	55354493	xori	x9,x10,1363	 x10:0x0000014c  x9=0x0000041f
        8735000	       872	80000f74	01f91ab3	sll	x21,x18,x31	 x18:0x00000000 x31:0xffffffc0 x21=0x00000000
        8745000	       873	80000f78	01365a63	bge	x12,x19,80000f8c	 x12:0xffc4d000 x19:0xd40c2000
        8755000	       874	00000000	00000013	addi	x0,x0,0	  x0:0x00000000
        8765000	       875	80000f88	00000013	addi	x0,x0,0	  x0:0x00000000
        8775000	       876	80000f8c	01b96663	bltu	x18,x27,80000f98	 x18:0x00000000 x27:0xffc4dcfc
        8785000	       877	00000000	00000013	addi	x0,x0,0	  x0:0x00000000
        8795000	       878	80000f94	00000013	addi	x0,x0,0	  x0:0x00000000
        8805000	       879	80000f98	00dbd713	srli	x14,x23,0xd	 x23:0x80009f84 x14=0x00040004
        8815000	       880	80000f9c	d4194213	xori	x4,x18,-703	 x18:0x00000000  x4=0xfffffd41
        8825000	       881	80000fa0	016d6e63	bltu	x26,x22,80000fbc	 x26:0x0000cccd x22:0x00000053
        8835000	       882	80000fa4	0188fab3	and	x21,x17,x24	 x17:0x20463000 x24:0x00040440 x21=0x00040000
        8845000	       883	80000fa8	00000013	addi	x0,x0,0	  x0:0x00000000
        8855000	       884	80000fac	58e981b7	lui	x3,0x58e98	  x3=0x58e98000
        8865000	       885	80000fb0	01080033	add	x0,x16,x16	 x16:0x00000001 x16:0x00000001
        8875000	       886	80000fb4	021df863	bgeu	x27,x1,80000fe4	 x27:0xffc4dcfc  x1:0x09e6a061
        8885000	       887	00000000	00000013	addi	x0,x0,0	  x0:0x00000000
        8895000	       888	80000fe0	00000013	addi	x0,x0,0	  x0:0x00000000
        8905000	       889	80000fe4	01c8f8b3	and	x17,x17,x28	 x17:0x20463000 x28:0xd4002000 x17=0x00002000
        8915000	       890	80000fe8	00a08c63	beq	x1,x10,80001000	  x1:0x09e6a061 x10:0x0000014c
        8925000	       891	80000fec	00831c33	sll	x24,x6,x8	  x6:0xfffffefc  x8:0x00040764 x24=0xffffefc0
        8935000	       892	80000ff0	15039cb7	lui	x25,0x15039	 x25=0x15039000
        8945000	       893	80000ff4	40e95613	srai	x12,x18,0xe	 x18:0x00000000 x12=0x00000000
        8955000	       894	80000ff8	01f41793	slli	x15,x8,0x1f	  x8:0x00040764 x15=0x00000000
        8965000	       895	80000ffc	039a6663	bltu	x20,x25,80001028	 x20:0x0000ccce x25:0x15039000
        8975000	       896	00000000	00000013	addi	x0,x0,0	  x0:0x00000000
        8985000	       897	80001024	00000013	addi	x0,x0,0	  x0:0x00000000
        8995000	       898	80001028	01e4a6b3	slt	x13,x9,x30	  x9:0x0000041f x30:0x00000000 x13=0x00000000
        9005000	       899	8000102c	019b0f33	add	x30,x22,x25	 x22:0x00000053 x25:0x15039000 x30=0x15039053
        9015000	       900	80001030	01b3d613	srli	x12,x7,0x1b	  x7:0x8004a728 x12=0x00000010
        9025000	       901	80001034	01b60433	add	x8,x12,x27	 x12:0x00000010 x27:0xffc4dcfc  x8=0xffc4dd0c
        9035000	       902	80001038	e8a90893	addi	x17,x18,-374	 x18:0x00000000 x17=0xfffffe8a
        9045000	       903	8000103c	a4626e97	auipc	x29,0xa4626	 x29=0x24627038
        9055000	       904	80001040	02505063	bge	x0,x5,80001060	  x0:0x00000000  x5:0xffffffc9
        9065000	       905	00000000	00000013	addi	x0,x0,0	  x0:0x00000000
        9075000	       906	8000105c	00000013	addi	x0,x0,0	  x0:0x00000000
        9085000	       907	80001060	c5cc6d13	ori	x26,x24,-932	 x24:0xffffefc0 x26=0xffffffdc
        9095000	       908	80001064	9901ce13	xori	x28,x3,-1648	  x3:0x58e98000 x28=0xa7167990
        9105000	       909	80001068	0244e863	bltu	x9,x4,80001098	  x9:0x0000041f  x4:0xfffffd41
        9115000	       910	00000000	00000013	addi	x0,x0,0	  x0:0x00000000
        9125000	       911	80001094	00000013	addi	x0,x0,0	  x0:0x00000000
        9135000	       912	80001098	00cd3db3	sltu	x27,x26,x12	 x26:0xffffffdc x12:0x00000010 x27=0x00000000
        9145000	       913	8000109c	004014b3	sll	x9,x0,x4	  x0:0x00000000  x4:0xfffffd41  x9=0x00000000
        9155000	       914	800010a0	03e30a63	beq	x6,x30,800010d4	  x6:0xfffffefc x30:0x15039053
        9165000	       915	800010a4	025e9463	bne	x29,x5,800010cc	 x29:0x24627038  x5:0xffffffc9
        9175000	       916	00000000	00000013	addi	x0,x0,0	  x0:0x00000000
        9185000	       917	800010c8	00000013	addi	x0,x0,0	  x0:0x00000000
        9195000	       918	800010cc	00330cb3	add	x25,x6,x3	  x6:0xfffffefc  x3:0x58e98000 x25=0x58e97efc
        9205000	       919	800010d0	00a0fc63	bgeu	x1,x10,800010e8	  x1:0x09e6a061 x10:0x0000014c
        9215000	       920	00000000	00000013	addi	x0,x0,0	  x0:0x00000000
        9225000	       921	800010e4	00000013	addi	x0,x0,0	  x0:0x00000000
        9235000	       922	800010e8	001e76b3	and	x13,x28,x1	 x28:0xa7167990  x1:0x09e6a061 x13=0x01062000
        9245000	       923	800010ec	020a5e63	bge	x20,x0,80001128	 x20:0x0000ccce  x0:0x00000000
        9255000	       924	00000000	00000013	addi	x0,x0,0	  x0:0x00000000
        9265000	       925	80001124	00000013	addi	x0,x0,0	  x0:0x00000000
        9275000	       926	80001128	02ac5463	bge	x24,x10,80001150	 x24:0xffffefc0 x10:0x0000014c
        9285000	       927	8000112c	01597db3	and	x27,x18,x21	 x18:0x00000000 x21:0x00040000 x27=0x00000000
        9295000	       928	80001130	00ab68b3	or	x17,x22,x10	 x22:0x00000053 x10:0x0000014c x17=0x0000015f
        9305000	       929	80001134	0c647193	andi	x3,x8,198	  x8:0xffc4dd0c  x3=0x00000004
        9315000	       930	80001138	00a70463	beq	x14,x10,80001140	 x14:0x00040004 x10:0x0000014c
        9325000	       931	8000113c	01a47233	and	x4,x8,x26	  x8:0xffc4dd0c x26:0xffffffdc  x4=0xffc4dd0c
        9335000	       932	80001140	c5d7c937	lui	x18,0xc5d7c	 x18=0xc5d7c000
        9345000	       933	80001144	73cbe2b7	lui	x5,0x73cbe	  x5=0x73cbe000
        9355000	       934	80001148	0090e333	or	x6,x1,x9	  x1:0x09e6a061  x9:0x00000000  x6=0x09e6a061
        9365000	       935	8000114c	35817793	andi	x15,x2,856	  x2:0x80009fc4 x15=0x00000340
        9375000	       936	80001150	40a0d393	srai	x7,x1,0xa	  x1:0x09e6a061  x7=0x000279a8
        9385000	       937	80001154	68d7a413	slti	x8,x15,1677	 x15:0x00000340  x8=0x00000001
        9395000	       938	80001158	00ad7663	bgeu	x26,x10,80001164	 x26:0xffffffdc x10:0x0000014c
        9405000	       939	00000000	00000013	addi	x0,x0,0	  x0:0x00000000
        9415000	       940	80001160	00000013	addi	x0,x0,0	  x0:0x00000000
        9425000	       941	80001164	00ef7533	and	x10,x30,x14	 x30:0x15039053 x14:0x00040004 x10=0x00000000
        9435000	       942	80001168	00721713	slli	x14,x4,0x7	  x4:0xffc4dd0c x14=0xe26e8600
        9445000	       943	8000116c	00a74863	blt	x14,x10,8000117c	 x14:0xe26e8600 x10:0x00000000
        9455000	       944	00000000	00000013	addi	x0,x0,0	  x0:0x00000000
        9465000	       945	80001178	00000013	addi	x0,x0,0	  x0:0x00000000
        9475000	       946	8000117c	7c4e4d13	xori	x26,x28,1988	 x28:0xa7167990 x26=0xa7167e54
        9485000	       947	80001180	418989b3	sub	x19,x19,x24	 x19:0xd40c2000 x24:0xffffefc0 x19=0xd40c3040
        9495000	       948	80001184	009b5033	srl	x0,x22,x9	 x22:0x00000053  x9:0x00000000
        9505000	       949	80001188	00b57933	and	x18,x10,x11	 x10:0x00000000 x11:0x00000004 x18=0x00000000
        9515000	       950	8000118c	41e95993	srai	x19,x18,0x1e	 x18:0x00000000 x19=0x00000000
        9525000	       951	80001190	41a05313	srai	x6,x0,0x1a	  x0:0x00000000  x6=0x00000000
        9535000	       952	80001194	013a9293	slli	x5,x21,0x13	 x21:0x00040000  x5=0x00000000
        9545000	       953	80001198	00c74a33	xor	x20,x14,x12	 x14:0xe26e8600 x12:0x00000010 x20=0xe26e8610
        9555000	       954	8000119c	014388b3	add	x17,x7,x20	  x7:0x000279a8 x20:0xe26e8610 x17=0xe270ffb8
        9565000	       955	800011a0	00439f13	slli	x30,x7,0x4	  x7:0x000279a8 x30=0x00279a80
        9575000	       956	800011a4	0178da63	bge	x17,x23,800011b8	 x17:0xe270ffb8 x23:0x80009f84
        9585000	       957	00000000	00000013	addi	x0,x0,0	  x0:0x00000000
        9595000	       958	800011b4	00000013	addi	x0,x0,0	  x0:0x00000000
        9605000	       959	800011b8	b82de513	ori	x10,x27,-1150	 x27:0x00000000 x10=0xfffffb82
        9615000	       960	800011bc	03f29663	bne	x5,x31,800011e8	  x5:0x00000000 x31:0xffffffc0
        9625000	       961	00000000	00000013	addi	x0,x0,0	  x0:0x00000000
        9635000	       962	800011e4	00000013	addi	x0,x0,0	  x0:0x00000000
        9645000	       963	800011e8	02c2c063	blt	x5,x12,80001208	  x5:0x00000000 x12:0x00000010
        9655000	       964	00000000	00000013	addi	x0,x0,0	  x0:0x00000000
        9665000	       965	80001204	00000013	addi	x0,x0,0	  x0:0x00000000
        9675000	       966	80001208	40715913	srai	x18,x2,0x7	  x2:0x80009fc4 x18=0xff00013f
        9685000	       967	8000120c	4079d293	srai	x5,x19,0x7	 x19:0x00000000  x5=0x00000000
        9695000	       968	80001210	018958b3	srl	x17,x18,x24	 x18:0xff00013f x24:0xffffefc0 x17=0xff00013f
        9705000	       969	80001214	11b55863	bge	x10,x27,80001324	 x10:0xfffffb82 x27:0x00000000
        9715000	       970	80001218	00fafb33	and	x22,x21,x15	 x21:0x00040000 x15:0x00000340 x22=0x00000000
        9725000	       971	8000121c	af5d2293	slti	x5,x26,-1291	 x26:0xa7167e54  x5=0x00000001
        9735000	       972	80001220	01521b33	sll	x22,x4,x21	  x4:0xffc4dd0c x21:0x00040000 x22=0xffc4dd0c
        9745000	       973	80001224	f20afd93	andi	x27,x21,-224	 x21:0x00040000 x27=0x00040000
        9755000	       974	80001228	414884b3	sub	x9,x17,x20	 x17:0xff00013f x20:0xe26e8610  x9=0x1c917b2f
        9765000	       975	8000122c	666ce193	ori	x3,x25,1638	 x25:0x58e97efc  x3=0x58e97efe
        9775000	       976	80001230	00007317	auipc	x6,0x7	  x6=0x8000822c
        9785000	       977	80001234	6f230313	addi	x6,x6,1778	  x6:0x8000822c  x6=0x8000891e
        9795000	       978	80001238	0b134403	lbu	x8,177(x6)	  x6:0x8000891e  x8=0x000000b4 PA:0x800089cf
        9805000	       979	8000123c	0a630f83	lb	x31,166(x6)	  x6:0x8000891e x31=0xffffffaf PA:0x800089c4
        9815000	       980	80001240	0a432323	sw	x4,166(x6)	  x6:0x8000891e  x4:0xffc4dd0c PA:0x800089c4
        9825000	       981	80001244	41416d13	ori	x26,x2,1044	  x2:0x80009fc4 x26=0x80009fd4
        9835000	       982	80001248	01ad59b3	srl	x19,x26,x26	 x26:0x80009fd4 x26:0x80009fd4 x19=0x00000800
        9845000	       983	8000124c	f3235d83	lhu	x27,-206(x6)	  x6:0x8000891e x27=0x00003a3b PA:0x80008850
        9855000	       984	80001250	f5e32523	sw	x30,-182(x6)	  x6:0x8000891e x30:0x00279a80 PA:0x80008868
        9865000	       985	80001254	8d1f0537	lui	x10,0x8d1f0	 x10=0x8d1f0000
        9875000	       986	80001258	4111df33	sra	x30,x3,x17	  x3:0x58e97efe x17:0xff00013f x30=0x00000000
        9885000	       987	8000125c	00000013	addi	x0,x0,0	  x0:0x00000000
        9895000	       988	80001260	f2431923	sh	x4,-206(x6)	  x6:0x8000891e  x4:0xffc4dd0c PA:0x80008850
        9905000	       989	80001264	412ad9b3	sra	x19,x21,x18	 x21:0x00040000 x18:0xff00013f x19=0x00000000
        9915000	       990	80001268	0ce32123	sw	x14,194(x6)	  x6:0x8000891e x14:0xe26e8600 PA:0x800089e0
        9925000	       991	8000126c	0a930483	lb	x9,169(x6)	  x6:0x8000891e  x9=0xffffffff PA:0x800089c7
        9935000	       992	80001270	f44f3e93	sltiu	x29,x30,-188	 x30:0x00000000 x29=0x00000001
        9945000	       993	80001274	417d57b3	sra	x15,x26,x23	 x26:0x80009fd4 x23:0x80009f84 x15=0xf80009fd
        9955000	       994	80001278	0135d513	srli	x10,x11,0x13	 x11:0x00000004 x10=0x00000000
        9965000	       995	8000127c	00198533	add	x10,x19,x1	 x19:0x00000000  x1:0x09e6a061 x10=0x09e6a061
        9975000	       996	80001280	01635b03	lhu	x22,22(x6)	  x6:0x8000891e x22=0x00001e1f PA:0x80008934
        9985000	       997	80001284	f6c301a3	sb	x12,-157(x6)	  x6:0x8000891e x12:0x00000010 PA:0x80008881
        9995000	       998	80001288	f9f34503	lbu	x10,-97(x6)	  x6:0x8000891e x10=0x000000a6 PA:0x800088bd
       10005000	       999	8000128c	ff530e23	sb	x21,-4(x6)	  x6:0x8000891e x21:0x00040000 PA:0x8000891a
       10015000	      1000	80001290	f4c35883	lhu	x17,-180(x6)	  x6:0x8000891e x17=0x00000027 PA:0x8000886a
       10025000	      1001	80001294	00845733	srl	x14,x8,x8	  x8:0x000000b4  x8:0x000000b4 x14=0x00000000
       10035000	      1002	80001298	f5530923	sb	x21,-174(x6)	  x6:0x8000891e x21:0x00040000 PA:0x80008870
       10045000	      1003	8000129c	41660533	sub	x10,x12,x22	 x12:0x00000010 x22:0x00001e1f x10=0xffffe1f1
       10055000	      1004	800012a0	0cd34203	lbu	x4,205(x6)	  x6:0x8000891e  x4=0x000000d0 PA:0x800089eb
       10065000	      1005	800012a4	01734c03	lbu	x24,23(x6)	  x6:0x8000891e x24=0x0000001e PA:0x80008935
       10075000	      1006	800012a8	5e294537	lui	x10,0x5e294	 x10=0x5e294000
       10085000	      1007	800012ac	0469bc93	sltiu	x25,x19,70	 x19:0x00000000 x25=0x00000001
       10095000	      1008	800012b0	e742fb13	andi	x22,x5,-396	  x5:0x00000001 x22=0x00000000
       10105000	      1009	800012b4	0052ce33	xor	x28,x5,x5	  x5:0x00000001  x5:0x00000001 x28=0x00000000
       10115000	      1010	800012b8	01fb6833	or	x16,x22,x31	 x22:0x00000000 x31:0xffffffaf x16=0xffffffaf
       10125000	      1011	800012bc	00001693	slli	x13,x0,0x0	  x0:0x00000000 x13=0x00000000
       10135000	      1012	800012c0	0ad31d23	sh	x13,186(x6)	  x6:0x8000891e x13:0x00000000 PA:0x800089d8
       10145000	      1013	800012c4	40990cb3	sub	x25,x18,x9	 x18:0xff00013f  x9:0xffffffff x25=0xff000140
       10155000	      1014	800012c8	04030b23	sb	x0,86(x6)	  x6:0x8000891e  x0:0x00000000 PA:0x80008974
       10165000	      1015	800012cc	02f31623	sh	x15,44(x6)	  x6:0x8000891e x15:0xf80009fd PA:0x8000894a
       10175000	      1016	800012d0	4052d4b3	sra	x9,x5,x5	  x5:0x00000001  x5:0x00000001  x9=0x00000000
       10185000	      1017	800012d4	31cda393	slti	x7,x27,796	 x27:0x00003a3b  x7=0x00000000
       10195000	      1018	800012d8	06430e03	lb	x28,100(x6)	  x6:0x8000891e x28=0x00000069 PA:0x80008982
       10205000	      1019	800012dc	fb930383	lb	x7,-71(x6)	  x6:0x8000891e  x7=0xffffffbc PA:0x800088d7
       10215000	      1020	800012e0	b70c1537	lui	x10,0xb70c1	 x10=0xb70c1000
       10225000	      1021	800012e4	33793993	sltiu	x19,x18,823	 x18:0xff00013f x19=0x00000000
       10235000	      1022	800012e8	fe031583	lh	x11,-32(x6)	  x6:0x8000891e x11=0xffffe4e5 PA:0x800088fe
       10245000	      1023	800012ec	0bd30903	lb	x18,189(x6)	  x6:0x8000891e x18=0x00000020 PA:0x800089db
       10255000	      1024	800012f0	fef30603	lb	x12,-17(x6)	  x6:0x8000891e x12=0xfffffff6 PA:0x8000890d
       10265000	      1025	800012f4	fee300a3	sb	x14,-31(x6)	  x6:0x8000891e x14:0x00000000 PA:0x800088ff
       10275000	      1026	800012f8	00000013	addi	x0,x0,0	  x0:0x00000000
       10285000	      1027	800012fc	00933733	sltu	x14,x6,x9	  x6:0x8000891e  x9:0x00000000 x14=0x00000000
       10295000	      1028	80001300	01ead813	srli	x16,x21,0x1e	 x21:0x00040000 x16=0x00000000
       10305000	      1029	80001304	fdb301a3	sb	x27,-61(x6)	  x6:0x8000891e x27:0x00003a3b PA:0x800088e1
       10315000	      1030	80001308	2601e893	ori	x17,x3,608	  x3:0x58e97efe x17=0x58e97efe
       10325000	      1031	8000130c	01834703	lbu	x14,24(x6)	  x6:0x8000891e x14=0x0000001d PA:0x80008936
       10335000	      1032	80001310	fac31703	lh	x14,-84(x6)	  x6:0x8000891e x14=0xffffb0b1 PA:0x800088ca
       10345000	      1033	80001314	bca94193	xori	x3,x18,-1078	 x18:0x00000020  x3=0xfffffbea
       10355000	      1034	80001318	ffe30323	sb	x30,-26(x6)	  x6:0x8000891e x30:0x00000000 PA:0x80008904
       10365000	      1035	8000131c	41a4ba93	sltiu	x21,x9,1050	  x9:0x00000000 x21=0x00000001
       10375000	      1036	80001320	09930f03	lb	x30,153(x6)	  x6:0x8000891e x30=0xffffff9c PA:0x800089b7
       10385000	      1037	80001324	f93dce93	xori	x29,x27,-109	 x27:0x00003a3b x29=0xffffc5a8
       10395000	      1038	80001328	a6e1cf13	xori	x30,x3,-1426	  x3:0xfffffbea x30=0x00000184
       10405000	      1039	8000132c	bc2f2013	slti	x0,x30,-1086	 x30:0x00000184
       10415000	      1040	80001330	dd8b6713	ori	x14,x22,-552	 x22:0x00000000 x14=0xfffffdd8
       10425000	      1041	80001334	41ccde13	srai	x28,x25,0x1c	 x25:0xff000140 x28=0xffffffff
       10435000	      1042	80001338	00000013	addi	x0,x0,0	  x0:0x00000000
       10445000	      1043	8000133c	419fd213	srai	x4,x31,0x19	 x31:0xffffffaf  x4=0xffffffff
       10455000	      1044	80001340	7ca32513	slti	x10,x6,1994	  x6:0x8000891e x10=0x00000001
       10465000	      1045	80001344	01775793	srli	x15,x14,0x17	 x14:0xfffffdd8 x15=0x000001ff
       10475000	      1046	80001348	00358633	add	x12,x11,x3	 x11:0xffffe4e5  x3:0xfffffbea x12=0xffffe0cf
       10485000	      1047	8000134c	02665263	bge	x12,x6,80001370	 x12:0xffffe0cf  x6:0x8000891e
       10495000	      1048	00000000	00000013	addi	x0,x0,0	  x0:0x00000000
       10505000	      1049	8000136c	00000013	addi	x0,x0,0	  x0:0x00000000
       10515000	      1050	80001370	01fb4233	xor	x4,x22,x31	 x22:0x00000000 x31:0xffffffaf  x4=0xffffffaf
       10525000	      1051	80001374	12b13f93	sltiu	x31,x2,299	  x2:0x80009fc4 x31=0x00000000
       10535000	      1052	80001378	2b243793	sltiu	x15,x8,690	  x8:0x000000b4 x15=0x00000001
       10545000	      1053	8000137c	01512ab3	slt	x21,x2,x21	  x2:0x80009fc4 x21:0x00000001 x21=0x00000001
       10555000	      1054	80001380	01628663	beq	x5,x22,8000138c	  x5:0x00000001 x22:0x00000000
       10565000	      1055	80001384	01680c33	add	x24,x16,x22	 x16:0x00000000 x22:0x00000000 x24=0x00000000
       10575000	      1056	80001388	002a7863	bgeu	x20,x2,80001398	 x20:0xe26e8610  x2:0x80009fc4
       10585000	      1057	00000000	00000013	addi	x0,x0,0	  x0:0x00000000
       10595000	      1058	80001394	00000013	addi	x0,x0,0	  x0:0x00000000
       10605000	      1059	80001398	f64fcc93	xori	x25,x31,-156	 x31:0x00000000 x25=0xffffff64
       10615000	      1060	8000139c	9007a037	lui	x0,0x9007a	
       10625000	      1061	800013a0	00ba4f33	xor	x30,x20,x11	 x20:0xe26e8610 x11:0xffffe4e5 x30=0x1d9162f5
       10635000	      1062	800013a4	00101f93	slli	x31,x0,0x1	  x0:0x00000000 x31=0x00000000
       10645000	      1063	800013a8	0175b033	sltu	x0,x11,x23	 x11:0xffffe4e5 x23:0x80009f84
       10655000	      1064	800013ac	01799f33	sll	x30,x19,x23	 x19:0x00000000 x23:0x80009f84 x30=0x00000000
       10665000	      1065	800013b0	054f5463	bge	x30,x20,800013f8	 x30:0x00000000 x20:0xe26e8610
       10675000	      1066	00000000	00000013	addi	x0,x0,0	  x0:0x00000000
       10685000	      1067	800013f4	00000013	addi	x0,x0,0	  x0:0x00000000
       10695000	      1068	800013f8	3ba28e93	addi	x29,x5,954	  x5:0x00000001 x29=0x000003bb
       10705000	      1069	800013fc	01ff8663	beq	x31,x31,80001408	 x31:0x00000000 x31:0x00000000
       10715000	      1070	00000000	00000013	addi	x0,x0,0	  x0:0x00000000
       10725000	      1071	80001404	00000013	addi	x0,x0,0	  x0:0x00000000
       10735000	      1072	80001408	3d641cb7	lui	x25,0x3d641	 x25=0x3d641000
       10745000	      1073	8000140c	af4b2a93	slti	x21,x22,-1292	 x22:0x00000000 x21=0x00000000
       10755000	      1074	80001410	0045dc93	srli	x25,x11,0x4	 x11:0xffffe4e5 x25=0x0ffffe4e
       10765000	      1075	80001414	ad58c313	xori	x6,x17,-1323	 x17:0x58e97efe  x6=0xa716842b
       10775000	      1076	80001418	00731713	slli	x14,x6,0x7	  x6:0xa716842b x14=0x8b421580
       10785000	      1077	8000141c	008d8fb3	add	x31,x27,x8	 x27:0x00003a3b  x8:0x000000b4 x31=0x00003aef
       10795000	      1078	80001420	00cad433	srl	x8,x21,x12	 x21:0x00000000 x12:0xffffe0cf  x8=0x00000000
       10805000	      1079	80001424	13866e37	lui	x28,0x13866	 x28=0x13866000
       10815000	      1080	80001428	01f55693	srli	x13,x10,0x1f	 x10:0x00000001 x13=0x00000000
       10825000	      1081	8000142c	4090f413	andi	x8,x1,1033	  x1:0x09e6a061  x8=0x00000001
       10835000	      1082	80001430	41985313	srai	x6,x16,0x19	 x16:0x00000000  x6=0x00000000
       10845000	      1083	80001434	40a303b3	sub	x7,x6,x10	  x6:0x00000000 x10:0x00000001  x7=0xffffffff
       10855000	      1084	80001438	0046ecb3	or	x25,x13,x4	 x13:0x00000000  x4:0xffffffaf x25=0xffffffaf
       10865000	      1085	8000143c	22be3493	sltiu	x9,x28,555	 x28:0x13866000  x9=0x00000000
       10875000	      1086	80001440	96982493	slti	x9,x16,-1687	 x16:0x00000000  x9=0x00000000
       10885000	      1087	80001444	01ecdd33	srl	x26,x25,x30	 x25:0xffffffaf x30:0x00000000 x26=0xffffffaf
       10895000	      1088	80001448	01ade533	or	x10,x27,x26	 x27:0x00003a3b x26:0xffffffaf x10=0xffffffbf
       10905000	      1089	8000144c	00a323b3	slt	x7,x6,x10	  x6:0x00000000 x10:0xffffffbf  x7=0x00000000
       10915000	      1090	80001450	03ebd863	bge	x23,x30,80001480	 x23:0x80009f84 x30:0x00000000
       10925000	      1091	80001454	03f86863	bltu	x16,x31,80001484	 x16:0x00000000 x31:0x00003aef
       10935000	      1092	00000000	00000013	addi	x0,x0,0	  x0:0x00000000
       10945000	      1093	80001480	00000013	addi	x0,x0,0	  x0:0x00000000
       10955000	      1094	80001484	05825263	bge	x4,x24,800014c8	  x4:0xffffffaf x24:0x00000000
       10965000	      1095	80001488	0163d8b3	srl	x17,x7,x22	  x7:0x00000000 x22:0x00000000 x17=0x00000000
       10975000	      1096	8000148c	00c4fc63	bgeu	x9,x12,800014a4	  x9:0x00000000 x12:0xffffe0cf
       10985000	      1097	80001490	0130f5b3	and	x11,x1,x19	  x1:0x09e6a061 x19:0x00000000 x11=0x00000000
       10995000	      1098	80001494	40f05a33	sra	x20,x0,x15	  x0:0x00000000 x15:0x00000001 x20=0x00000000
       11005000	      1099	80001498	00c5e5b3	or	x11,x11,x12	 x11:0x00000000 x12:0xffffe0cf x11=0xffffe0cf
       11015000	      1100	8000149c	00a1ffb3	and	x31,x3,x10	  x3:0xfffffbea x10:0xffffffbf x31=0xfffffbaa
       11025000	      1101	800014a0	004f9c33	sll	x24,x31,x4	 x31:0xfffffbaa  x4:0xffffffaf x24=0xfdd50000
       11035000	      1102	800014a4	017325b3	slt	x11,x6,x23	  x6:0x00000000 x23:0x80009f84 x11=0x00000000
       11045000	      1103	800014a8	00c05333	srl	x6,x0,x12	  x0:0x00000000 x12:0xffffe0cf  x6=0x00000000
       11055000	      1104	800014ac	41e8d033	sra	x0,x17,x30	 x17:0x00000000 x30:0x00000000
       11065000	      1105	800014b0	002ace33	xor	x28,x21,x2	 x21:0x00000000  x2:0x80009fc4 x28=0x80009fc4
       11075000	      1106	800014b4	00039993	slli	x19,x7,0x0	  x7:0x00000000 x19=0x00000000
       11085000	      1107	800014b8	40e409b3	sub	x19,x8,x14	  x8:0x00000001 x14:0x8b421580 x19=0x74bdea81
       11095000	      1108	800014bc	006fc6b3	xor	x13,x31,x6	 x31:0xfffffbaa  x6:0x00000000 x13=0xfffffbaa
       11105000	      1109	800014c0	0122d813	srli	x16,x5,0x12	  x5:0x00000001 x16=0x00000000
       11115000	      1110	800014c4	00000013	addi	x0,x0,0	  x0:0x00000000
       11125000	      1111	800014c8	030fe663	bltu	x31,x16,800014f4	 x31:0xfffffbaa x16:0x00000000
       11135000	      1112	800014cc	023e7e63	bgeu	x28,x3,80001508	 x28:0x80009fc4  x3:0xfffffbea
       11145000	      1113	800014d0	008d8ab3	add	x21,x27,x8	 x27:0x00003a3b  x8:0x00000001 x21=0x00003a3c
       11155000	      1114	800014d4	008ed793	srli	x15,x29,0x8	 x29:0x000003bb x15=0x00000003
       11165000	      1115	800014d8	03260c63	beq	x12,x18,80001510	 x12:0xffffe0cf x18:0x00000020
       11175000	      1116	800014dc	00331833	sll	x16,x6,x3	  x6:0x00000000  x3:0xfffffbea x16=0x00000000
       11185000	      1117	800014e0	4841cd93	xori	x27,x3,1156	  x3:0xfffffbea x27=0xffffff6e
       11195000	      1118	800014e4	a380a793	slti	x15,x1,-1480	  x1:0x09e6a061 x15=0x00000000
       11205000	      1119	800014e8	f851f593	andi	x11,x3,-123	  x3:0xfffffbea x11=0xfffffb80
       11215000	      1120	800014ec	01979fb3	sll	x31,x15,x25	 x15:0x00000000 x25:0xffffffaf x31=0x00000000
       11225000	      1121	800014f0	00401663	bne	x0,x4,800014fc	  x0:0x00000000  x4:0xffffffaf
       11235000	      1122	00000000	00000013	addi	x0,x0,0	  x0:0x00000000
       11245000	      1123	800014f8	00000013	addi	x0,x0,0	  x0:0x00000000
       11255000	      1124	800014fc	40475293	srai	x5,x14,0x4	 x14:0x8b421580  x5=0xf8b42158
       11265000	      1125	80001500	4f1fffb7	lui	x31,0x4f1ff	 x31=0x4f1ff000
       11275000	      1126	80001504	00a39c63	bne	x7,x10,8000151c	  x7:0x00000000 x10:0xffffffbf
       11285000	      1127	00000000	00000013	addi	x0,x0,0	  x0:0x00000000
       11295000	      1128	80001518	00000013	addi	x0,x0,0	  x0:0x00000000
       11305000	      1129	8000151c	90524c93	xori	x25,x4,-1787	  x4:0xffffffaf x25=0x000006aa
       11315000	      1130	80001520	54587993	andi	x19,x16,1349	 x16:0x00000000 x19=0x00000000
       11325000	      1131	80001524	ef49a937	lui	x18,0xef49a	 x18=0xef49a000
       11335000	      1132	80001528	02d49663	bne	x9,x13,80001554	  x9:0x00000000 x13:0xfffffbaa
       11345000	      1133	00000000	00000013	addi	x0,x0,0	  x0:0x00000000
       11355000	      1134	80001550	00000013	addi	x0,x0,0	  x0:0x00000000
       11365000	      1135	80001554	0091c463	blt	x3,x9,8000155c	  x3:0xfffffbea  x9:0x00000000
       11375000	      1136	00000000	00000013	addi	x0,x0,0	  x0:0x00000000
       11385000	      1137	80001558	00000013	addi	x0,x0,0	  x0:0x00000000
       11395000	      1138	8000155c	0155a633	slt	x12,x11,x21	 x11:0xfffffb80 x21:0x00003a3c x12=0x00000001
       11405000	      1139	80001560	0141f2b3	and	x5,x3,x20	  x3:0xfffffbea x20:0x00000000  x5=0x00000000
       11415000	      1140	80001564	12187e13	andi	x28,x16,289	 x16:0x00000000 x28=0x00000000
       11425000	      1141	80001568	011ef833	and	x16,x29,x17	 x29:0x000003bb x17:0x00000000 x16=0x00000000
       11435000	      1142	8000156c	015fd4b3	srl	x9,x31,x21	 x31:0x4f1ff000 x21:0x00003a3c  x9=0x00000004
       11445000	      1143	80001570	00000013	addi	x0,x0,0	  x0:0x00000000
       11455000	      1144	80001574	03518a63	beq	x3,x21,800015a8	  x3:0xfffffbea x21:0x00003a3c
       11465000	      1145	80001578	7e02bb13	sltiu	x22,x5,2016	  x5:0x00000000 x22=0x00000001
       11475000	      1146	8000157c	01a78663	beq	x15,x26,80001588	 x15:0x00000000 x26:0xffffffaf
       11485000	      1147	80001580	6f9ae413	ori	x8,x21,1785	 x21:0x00003a3c  x8=0x00003efd
       11495000	      1148	80001584	013e7733	and	x14,x28,x19	 x28:0x00000000 x19:0x00000000 x14=0x00000000
       11505000	      1149	80001588	01830233	add	x4,x6,x24	  x6:0x00000000 x24:0xfdd50000  x4=0xfdd50000
       11515000	      1150	8000158c	6d5b8f13	addi	x30,x23,1749	 x23:0x80009f84 x30=0x8000a659
       11525000	      1151	80001590	0183af33	slt	x30,x7,x24	  x7:0x00000000 x24:0xfdd50000 x30=0x00000000
       11535000	      1152	80001594	047039b7	lui	x19,0x4703	 x19=0x04703000
       11545000	      1153	80001598	f1f2b393	sltiu	x7,x5,-225	  x5:0x00000000  x7=0x00000001
       11555000	      1154	8000159c	dcb68993	addi	x19,x13,-565	 x13:0xfffffbaa x19=0xfffff975
       11565000	      1155	800015a0	00000013	addi	x0,x0,0	  x0:0x00000000
       11575000	      1156	800015a4	04cce463	bltu	x25,x12,800015ec	 x25:0x000006aa x12:0x00000001
       11585000	      1157	800015a8	01bbe6b3	or	x13,x23,x27	 x23:0x80009f84 x27:0xffffff6e x13=0xffffffee
       11595000	      1158	800015ac	b0940ab7	lui	x21,0xb0940	 x21=0xb0940000
       11605000	      1159	800015b0	00000013	addi	x0,x0,0	  x0:0x00000000
       11615000	      1160	800015b4	0358fe63	bgeu	x17,x21,800015f0	 x17:0x00000000 x21:0xb0940000
       11625000	      1161	800015b8	b0250613	addi	x12,x10,-1278	 x10:0xffffffbf x12=0xfffffac1
       11635000	      1162	800015bc	00000013	addi	x0,x0,0	  x0:0x00000000
       11645000	      1163	800015c0	03b68463	beq	x13,x27,800015e8	 x13:0xffffffee x27:0xffffff6e
       11655000	      1164	800015c4	de2e8913	addi	x18,x29,-542	 x29:0x000003bb x18=0x0000019d
       11665000	      1165	800015c8	00c7ffb3	and	x31,x15,x12	 x15:0x00000000 x12:0xfffffac1 x31=0x00000000
       11675000	      1166	800015cc	01a882b3	add	x5,x17,x26	 x17:0x00000000 x26:0xffffffaf  x5=0xffffffaf
       11685000	      1167	800015d0	01624533	xor	x10,x4,x22	  x4:0xfdd50000 x22:0x00000001 x10=0xfdd50001
       11695000	      1168	800015d4	ed2d3393	sltiu	x7,x26,-302	 x26:0xffffffaf  x7=0x00000000
       11705000	      1169	800015d8	01e6d333	srl	x6,x13,x30	 x13:0xffffffee x30:0x00000000  x6=0xffffffee
       11715000	      1170	800015dc	057c8863	beq	x25,x23,8000162c	 x25:0x000006aa x23:0x80009f84
       11725000	      1171	800015e0	01dad463	bge	x21,x29,800015e8	 x21:0xb0940000 x29:0x000003bb
       11735000	      1172	800015e4	03361263	bne	x12,x19,80001608	 x12:0xfffffac1 x19:0xfffff975
       11745000	      1173	00000000	00000013	addi	x0,x0,0	  x0:0x00000000
       11755000	      1174	80001604	00000013	addi	x0,x0,0	  x0:0x00000000
       11765000	      1175	80001608	00000013	addi	x0,x0,0	  x0:0x00000000
       11775000	      1176	8000160c	02adfe63	bgeu	x27,x10,80001648	 x27:0xffffff6e x10:0xfdd50001
       11785000	      1177	00000000	00000013	addi	x0,x0,0	  x0:0x00000000
       11795000	      1178	80001644	00000013	addi	x0,x0,0	  x0:0x00000000
       11805000	      1179	80001648	58d6a917	auipc	x18,0x58d6a	 x18=0xd8d6b644
       11815000	      1180	8000164c	012c9f93	slli	x31,x25,0x12	 x25:0x000006aa x31=0x1aa80000
       11825000	      1181	80001650	010ae663	bltu	x21,x16,8000165c	 x21:0xb0940000 x16:0x00000000
       11835000	      1182	80001654	0108e833	or	x16,x17,x16	 x17:0x00000000 x16:0x00000000 x16=0x00000000
       11845000	      1183	80001658	0182bf33	sltu	x30,x5,x24	  x5:0xffffffaf x24:0xfdd50000 x30=0x00000000
       11855000	      1184	8000165c	4063dc93	srai	x25,x7,0x6	  x7:0x00000000 x25=0x00000000
       11865000	      1185	80001660	4c73ea93	ori	x21,x7,1223	  x7:0x00000000 x21=0x000004c7
       11875000	      1186	80001664	00eb1eb3	sll	x29,x22,x14	 x22:0x00000001 x14:0x00000000 x29=0x00000001
       11885000	      1187	80001668	019cf463	bgeu	x25,x25,80001670	 x25:0x00000000 x25:0x00000000
       11895000	      1188	00000000	00000013	addi	x0,x0,0	  x0:0x00000000
       11905000	      1189	8000166c	00000013	addi	x0,x0,0	  x0:0x00000000
       11915000	      1190	80001670	013c02b3	add	x5,x24,x19	 x24:0xfdd50000 x19:0xfffff975  x5=0xfdd4f975
       11925000	      1191	80001674	aa6f0793	addi	x15,x30,-1370	 x30:0x00000000 x15=0xfffffaa6
       11935000	      1192	80001678	0b76e663	bltu	x13,x23,80001724	 x13:0xffffffee x23:0x80009f84
       11945000	      1193	8000167c	00498033	add	x0,x19,x4	 x19:0xfffff975  x4:0xfdd50000
       11955000	      1194	80001680	01de8333	add	x6,x29,x29	 x29:0x00000001 x29:0x00000001  x6=0x00000002
       11965000	      1195	80001684	00007297	auipc	x5,0x7	  x5=0x80008680
       11975000	      1196	80001688	6be28293	addi	x5,x5,1726	  x5:0x80008680  x5=0x80008d3e
       11985000	      1197	8000168c	c4078c17	auipc	x24,0xc4078	 x24=0x44079688
       11995000	      1198	80001690	0116ecb3	or	x25,x13,x17	 x13:0xffffffee x17:0x00000000 x25=0xffffffee
       12005000	      1199	80001694	f8e87637	lui	x12,0xf8e87	 x12=0xf8e87000
       12015000	      1200	80001698	018286a3	sb	x24,13(x5)	  x5:0x80008d3e x24:0x44079688 PA:0x80008d4b
       12025000	      1201	8000169c	40e10c33	sub	x24,x2,x14	  x2:0x80009fc4 x14:0x00000000 x24=0x80009fc4
       12035000	      1202	800016a0	406cd513	srai	x10,x25,0x6	 x25:0xffffffee x10=0xffffffff
       12045000	      1203	800016a4	c59282a3	sb	x25,-955(x5)	  x5:0x80008d3e x25:0xffffffee PA:0x80008983
       12055000	      1204	800016a8	1b132d93	slti	x27,x6,433	  x6:0x00000002 x27=0x00000001
       12065000	      1205	800016ac	fb62ab03	lw	x22,-74(x5)	  x5:0x80008d3e x22=0xdcdddedf PA:0x80008cf4
       12075000	      1206	800016b0	00000013	addi	x0,x0,0	  x0:0x00000000
       12085000	      1207	800016b4	72ed6193	ori	x3,x26,1838	 x26:0xffffffaf  x3=0xffffffaf
       12095000	      1208	800016b8	00ea6233	or	x4,x20,x14	 x20:0x00000000 x14:0x00000000  x4=0x00000000
       12105000	      1209	800016bc	f212a723	sw	x1,-210(x5)	  x5:0x80008d3e  x1:0x09e6a061 PA:0x80008c6c
       12115000	      1210	800016c0	f3328a23	sb	x19,-204(x5)	  x5:0x80008d3e x19:0xfffff975 PA:0x80008c72
       12125000	      1211	800016c4	c4a2c903	lbu	x18,-950(x5)	  x5:0x80008d3e x18=0x00000073 PA:0x80008988
       12135000	      1212	800016c8	e3329a23	sh	x19,-460(x5)	  x5:0x80008d3e x19:0xfffff975 PA:0x80008b72
       12145000	      1213	800016cc	2282ad23	sw	x8,570(x5)	  x5:0x80008d3e  x8:0x00003efd PA:0x80008f78
       12155000	      1214	800016d0	01541633	sll	x12,x8,x21	  x8:0x00003efd x21:0x000004c7 x12=0x001f7e80
       12165000	      1215	800016d4	0e429223	sh	x4,228(x5)	  x5:0x80008d3e  x4:0x00000000 PA:0x80008e22
       12175000	      1216	800016d8	018ded33	or	x26,x27,x24	 x27:0x00000001 x24:0x80009fc4 x26=0x80009fc5
       12185000	      1217	800016dc	7d8e7a93	andi	x21,x28,2008	 x28:0x00000000 x21=0x00000000
       12195000	      1218	800016e0	0015dfb3	srl	x31,x11,x1	 x11:0xfffffb80  x1:0x09e6a061 x31=0x7ffffdc0
       12205000	      1219	800016e4	c4c28fa3	sb	x12,-929(x5)	  x5:0x80008d3e x12:0x001f7e80 PA:0x8000899d
       12215000	      1220	800016e8	11329023	sh	x19,256(x5)	  x5:0x80008d3e x19:0xfffff975 PA:0x80008e3e
       12225000	      1221	800016ec	0060e333	or	x6,x1,x6	  x1:0x09e6a061  x6:0x00000002  x6=0x09e6a063
       12235000	      1222	800016f0	c01283a3	sb	x1,-1017(x5)	  x5:0x80008d3e  x1:0x09e6a061 PA:0x80008945
       12245000	      1223	800016f4	f542df83	lhu	x31,-172(x5)	  x5:0x80008d3e x31=0x00007879 PA:0x80008c92
       12255000	      1224	800016f8	05528f83	lb	x31,85(x5)	  x5:0x80008d3e x31=0x00000078 PA:0x80008d93
       12265000	      1225	800016fc	f97b2e13	slti	x28,x22,-105	 x22:0xdcdddedf x28=0x00000001
       12275000	      1226	80001700	40a85a33	sra	x20,x16,x10	 x16:0x00000000 x10:0xffffffff x20=0x00000000
       12285000	      1227	80001704	00500fb3	add	x31,x0,x5	  x0:0x00000000  x5:0x80008d3e x31=0x80008d3e
       12295000	      1228	80001708	4049da93	srai	x21,x19,0x4	 x19:0xfffff975 x21=0xffffff97
       12305000	      1229	8000170c	00001693	slli	x13,x0,0x0	  x0:0x00000000 x13=0x00000000
       12315000	      1230	80001710	403552b3	sra	x5,x10,x3	 x10:0xffffffff  x3:0xffffffaf  x5=0xffffffff
       12325000	      1231	80001714	d0c73517	auipc	x10,0xd0c73	 x10=0x50c74710
       12335000	      1232	80001718	01c635b3	sltu	x11,x12,x28	 x12:0x001f7e80 x28:0x00000001 x11=0x00000000
       12345000	      1233	8000171c	005edb33	srl	x22,x29,x5	 x29:0x00000001  x5:0xffffffff x22=0x00000000
       12355000	      1234	80001720	028b8863	beq	x23,x8,80001750	 x23:0x80009f84  x8:0x00003efd
       12365000	      1235	80001724	3c1ff7b7	lui	x15,0x3c1ff	 x15=0x3c1ff000
       12375000	      1236	80001728	00f83a33	sltu	x20,x16,x15	 x16:0x00000000 x15:0x3c1ff000 x20=0x00000001
       12385000	      1237	8000172c	9d500513	addi	x10,x0,-1579	  x0:0x00000000 x10=0xfffff9d5
       12395000	      1238	80001730	4035d313	srai	x6,x11,0x3	 x11:0x00000000  x6=0x00000000
       12405000	      1239	80001734	003b9213	slli	x4,x23,0x3	 x23:0x80009f84  x4=0x0004fc20
       12415000	      1240	80001738	40c5dc93	srai	x25,x11,0xc	 x11:0x00000000 x25=0x00000000
       12425000	      1241	8000173c	404dde13	srai	x28,x27,0x4	 x27:0x00000001 x28=0x00000000
       12435000	      1242	80001740	00f71633	sll	x12,x14,x15	 x14:0x00000000 x15:0x3c1ff000 x12=0x00000000
       12445000	      1243	80001744	d2b36c17	auipc	x24,0xd2b36	 x24=0x52b37740
       12455000	      1244	80001748	41335533	sra	x10,x6,x19	  x6:0x00000000 x19:0xfffff975 x10=0x00000000
       12465000	      1245	8000174c	8605fd13	andi	x26,x11,-1952	 x11:0x00000000 x26=0x00000000
       12475000	      1246	80001750	9c01e417	auipc	x8,0x9c01e	  x8=0x1c01f74c
       12485000	      1247	80001754	00000013	addi	x0,x0,0	  x0:0x00000000
       12495000	      1248	80001758	009dc333	xor	x6,x27,x9	 x27:0x00000001  x9:0x00000004  x6=0x00000005
       12505000	      1249	8000175c	03178e63	beq	x15,x17,80001798	 x15:0x3c1ff000 x17:0x00000000
       12515000	      1250	80001760	40280533	sub	x10,x16,x2	 x16:0x00000000  x2:0x80009fc4 x10=0x7fff603c
       12525000	      1251	80001764	00d921b3	slt	x3,x18,x13	 x18:0x00000073 x13:0x00000000  x3=0x00000000
       12535000	      1252	80001768	c7013013	sltiu	x0,x2,-912	  x2:0x80009fc4
       12545000	      1253	8000176c	009ca433	slt	x8,x25,x9	 x25:0x00000000  x9:0x00000004  x8=0x00000001
       12555000	      1254	80001770	007644b3	xor	x9,x12,x7	 x12:0x00000000  x7:0x00000000  x9=0x00000000
       12565000	      1255	80001774	00861033	sll	x0,x12,x8	 x12:0x00000000  x8:0x00000001
       12575000	      1256	80001778	0051b533	sltu	x10,x3,x5	  x3:0x00000000  x5:0xffffffff x10=0x00000001
       12585000	      1257	8000177c	01fac833	xor	x16,x21,x31	 x21:0xffffff97 x31:0x80008d3e x16=0x7fff72a9
       12595000	      1258	80001780	ba9ec893	xori	x17,x29,-1111	 x29:0x00000001 x17=0xfffffba8
       12605000	      1259	80001784	0098b6b3	sltu	x13,x17,x9	 x17:0xfffffba8  x9:0x00000000 x13=0x00000000
       12615000	      1260	80001788	001766b3	or	x13,x14,x1	 x14:0x00000000  x1:0x09e6a061 x13=0x09e6a061
       12625000	      1261	8000178c	01ae6233	or	x4,x28,x26	 x28:0x00000000 x26:0x00000000  x4=0x00000000
       12635000	      1262	80001790	00719e63	bne	x3,x7,800017ac	  x3:0x00000000  x7:0x00000000
       12645000	      1263	80001794	03468c63	beq	x13,x20,800017cc	 x13:0x09e6a061 x20:0x00000001
       12655000	      1264	80001798	011a6033	or	x0,x20,x17	 x20:0x00000001 x17:0xfffffba8
       12665000	      1265	8000179c	401c5f33	sra	x30,x24,x1	 x24:0x52b37740  x1:0x09e6a061 x30=0x2959bba0
       12675000	      1266	800017a0	a6a52997	auipc	x19,0xa6a52	 x19=0x26a5379c
       12685000	      1267	800017a4	03a3d663	bge	x7,x26,800017d0	  x7:0x00000000 x26:0x00000000
       12695000	      1268	00000000	00000013	addi	x0,x0,0	  x0:0x00000000
       12705000	      1269	800017cc	00000013	addi	x0,x0,0	  x0:0x00000000
       12715000	      1270	800017d0	007f9c93	slli	x25,x31,0x7	 x31:0x80008d3e x25=0x00469f00
       12725000	      1271	800017d4	00b70863	beq	x14,x11,800017e4	 x14:0x00000000 x11:0x00000000
       12735000	      1272	00000000	00000013	addi	x0,x0,0	  x0:0x00000000
       12745000	      1273	800017e0	00000013	addi	x0,x0,0	  x0:0x00000000
       12755000	      1274	800017e4	00000013	addi	x0,x0,0	  x0:0x00000000
       12765000	      1275	800017e8	01e2d733	srl	x14,x5,x30	  x5:0xffffffff x30:0x2959bba0 x14=0xffffffff
       12775000	      1276	800017ec	014d2f33	slt	x30,x26,x20	 x26:0x00000000 x20:0x00000001 x30=0x00000001
       12785000	      1277	800017f0	00681e33	sll	x28,x16,x6	 x16:0x7fff72a9  x6:0x00000005 x28=0xffee5520
       12795000	      1278	800017f4	f08eb593	sltiu	x11,x29,-248	 x29:0x00000001 x11=0x00000001
       12805000	      1279	800017f8	41efd613	srai	x12,x31,0x1e	 x31:0x80008d3e x12=0xfffffffe
       12815000	      1280	800017fc	004d11b3	sll	x3,x26,x4	 x26:0x00000000  x4:0x00000000  x3=0x00000000
       12825000	      1281	80001800	407608b3	sub	x17,x12,x7	 x12:0xfffffffe  x7:0x00000000 x17=0xfffffffe
       12835000	      1282	80001804	015473b3	and	x7,x8,x21	  x8:0x00000001 x21:0xffffff97  x7=0x00000001
       12845000	      1283	80001808	00af8d33	add	x26,x31,x10	 x31:0x80008d3e x10:0x00000001 x26=0x80008d3f
       12855000	      1284	8000180c	3f046013	ori	x0,x8,1008	  x8:0x00000001
       12865000	      1285	80001810	00289c13	slli	x24,x17,0x2	 x17:0xfffffffe x24=0xfffffff8
       12875000	      1286	80001814	015a9d13	slli	x26,x21,0x15	 x21:0xffffff97 x26=0xf2e00000
       12885000	      1287	80001818	011ccc63	blt	x25,x17,80001830	 x25:0x00469f00 x17:0xfffffffe
       12895000	      1288	8000181c	01421d93	slli	x27,x4,0x14	  x4:0x00000000 x27=0x00000000
       12905000	      1289	80001820	021b5263	bge	x22,x1,80001844	 x22:0x00000000  x1:0x09e6a061
       12915000	      1290	80001824	01d44b33	xor	x22,x8,x29	  x8:0x00000001 x29:0x00000001 x22=0x00000000
       12925000	      1291	80001828	0474d863	bge	x9,x7,80001878	  x9:0x00000000  x7:0x00000001
       12935000	      1292	8000182c	01516f33	or	x30,x2,x21	  x2:0x80009fc4 x21:0xffffff97 x30=0xffffffd7
       12945000	      1293	80001830	00b70663	beq	x14,x11,8000183c	 x14:0xffffffff x11:0x00000001
       12955000	      1294	80001834	6098ed13	ori	x26,x17,1545	 x17:0xfffffffe x26=0xffffffff
       12965000	      1295	80001838	03c04063	blt	x0,x28,80001858	  x0:0x00000000 x28:0xffee5520
       12975000	      1296	8000183c	406084b3	sub	x9,x1,x6	  x1:0x09e6a061  x6:0x00000005  x9=0x09e6a05c
       12985000	      1297	80001840	002c9693	slli	x13,x25,0x2	 x25:0x00469f00 x13=0x011a7c00
       12995000	      1298	80001844	aa4a5917	auipc	x18,0xaa4a5	 x18=0x2a4a6840
       13005000	      1299	80001848	00f2c2b3	xor	x5,x5,x15	  x5:0xffffffff x15:0x3c1ff000  x5=0xc3e00fff
       13015000	      1300	8000184c	41dc5913	srai	x18,x24,0x1d	 x24:0xfffffff8 x18=0xffffffff
       13025000	      1301	80001850	0014f3b3	and	x7,x9,x1	  x9:0x09e6a05c  x1:0x09e6a061  x7=0x09e6a040
       13035000	      1302	80001854	40c45233	sra	x4,x8,x12	  x8:0x00000001 x12:0xfffffffe  x4=0x00000000
       13045000	      1303	80001858	0159e933	or	x18,x19,x21	 x19:0x26a5379c x21:0xffffff97 x18=0xffffff9f
       13055000	      1304	8000185c	3c9eee93	ori	x29,x29,969	 x29:0x00000001 x29=0x000003c9
       13065000	      1305	80001860	02015463	bge	x2,x0,80001888	  x2:0x80009fc4  x0:0x00000000
       13075000	      1306	80001864	07410663	beq	x2,x20,800018d0	  x2:0x80009fc4 x20:0x00000001
       13085000	      1307	80001868	017892b3	sll	x5,x17,x23	 x17:0xfffffffe x23:0x80009f84  x5=0xffffffe0
       13095000	      1308	8000186c	416a02b3	sub	x5,x20,x22	 x20:0x00000001 x22:0x00000000  x5=0x00000001
       13105000	      1309	80001870	dcf7fe93	andi	x29,x15,-561	 x15:0x3c1ff000 x29=0x3c1ff000
       13115000	      1310	80001874	0694f863	bgeu	x9,x9,800018e4	  x9:0x09e6a05c  x9:0x09e6a05c
       13125000	      1311	00000000	00000013	addi	x0,x0,0	  x0:0x00000000
       13135000	      1312	800018e0	00000013	addi	x0,x0,0	  x0:0x00000000
       13145000	      1313	800018e4	005a61b3	or	x3,x20,x5	 x20:0x00000001  x5:0x00000001  x3=0x00000001
       13155000	      1314	800018e8	0125e4b3	or	x9,x11,x18	 x11:0x00000001 x18:0xffffff9f  x9=0xffffff9f
       13165000	      1315	800018ec	922d4a93	xori	x21,x26,-1758	 x26:0xffffffff x21=0x000006dd
       13175000	      1316	800018f0	00589533	sll	x10,x17,x5	 x17:0xfffffffe  x5:0x00000001 x10=0xfffffffc
       13185000	      1317	800018f4	f6c4e693	ori	x13,x9,-148	  x9:0xffffff9f x13=0xffffffff
       13195000	      1318	800018f8	44d98397	auipc	x7,0x44d98	  x7=0xc4d998f4
       13205000	      1319	800018fc	03e0d663	bge	x1,x30,80001928	  x1:0x09e6a061 x30:0xffffffd7
       13215000	      1320	00000000	00000013	addi	x0,x0,0	  x0:0x00000000
       13225000	      1321	80001924	00000013	addi	x0,x0,0	  x0:0x00000000
       13235000	      1322	80001928	b0b06897	auipc	x17,0xb0b06	 x17=0x30b07924
       13245000	      1323	8000192c	4d360c13	addi	x24,x12,1235	 x12:0xfffffffe x24=0x000004d1
       13255000	      1324	80001930	0039d2b3	srl	x5,x19,x3	 x19:0x26a5379c  x3:0x00000001  x5=0x13529bce
       13265000	      1325	80001934	021df063	bgeu	x27,x1,80001954	 x27:0x00000000  x1:0x09e6a061
       13275000	      1326	80001938	412c8233	sub	x4,x25,x18	 x25:0x00469f00 x18:0xffffff9f  x4=0x00469f61
       13285000	      1327	8000193c	01199f13	slli	x30,x19,0x11	 x19:0x26a5379c x30=0x6f380000
       13295000	      1328	80001940	e49b0337	lui	x6,0xe49b0	  x6=0xe49b0000
       13305000	      1329	80001944	d9652793	slti	x15,x10,-618	 x10:0xfffffffc x15=0x00000000
       13315000	      1330	80001948	00a362b3	or	x5,x6,x10	  x6:0xe49b0000 x10:0xfffffffc  x5=0xfffffffc
       13325000	      1331	8000194c	003d8033	add	x0,x27,x3	 x27:0x00000000  x3:0x00000001
       13335000	      1332	80001950	fd0a2713	slti	x14,x20,-48	 x20:0x00000001 x14=0x00000000
       13345000	      1333	80001954	019aec63	bltu	x21,x25,8000196c	 x21:0x000006dd x25:0x00469f00
       13355000	      1334	00000000	00000013	addi	x0,x0,0	  x0:0x00000000
       13365000	      1335	80001968	00000013	addi	x0,x0,0	  x0:0x00000000
       13375000	      1336	8000196c	06ca6263	bltu	x20,x12,800019d0	 x20:0x00000001 x12:0xfffffffe
       13385000	      1337	00000000	00000013	addi	x0,x0,0	  x0:0x00000000
       13395000	      1338	800019cc	00000013	addi	x0,x0,0	  x0:0x00000000
       13405000	      1339	800019d0	01d20633	add	x12,x4,x29	  x4:0x00469f61 x29:0x3c1ff000 x12=0x3c668f61
       13415000	      1340	800019d4	04b0f863	bgeu	x1,x11,80001a24	  x1:0x09e6a061 x11:0x00000001
       13425000	      1341	00000000	00000013	addi	x0,x0,0	  x0:0x00000000
       13435000	      1342	80001a20	00000013	addi	x0,x0,0	  x0:0x00000000
       13445000	      1343	80001a24	00c37d33	and	x26,x6,x12	  x6:0xe49b0000 x12:0x3c668f61 x26=0x24020000
       13455000	      1344	80001a28	00457fb3	and	x31,x10,x4	 x10:0xfffffffc  x4:0x00469f61 x31=0x00469f60
       13465000	      1345	80001a2c	01c9ceb3	xor	x29,x19,x28	 x19:0x26a5379c x28:0xffee5520 x29=0xd94b62bc
       13475000	      1346	80001a30	01b74833	xor	x16,x14,x27	 x14:0x00000000 x27:0x00000000 x16=0x00000000
       13485000	      1347	80001a34	011b78b3	and	x17,x22,x17	 x22:0x00000000 x17:0x30b07924 x17=0x00000000
       13495000	      1348	80001a38	415f07b3	sub	x15,x30,x21	 x30:0x6f380000 x21:0x000006dd x15=0x6f37f923
       13505000	      1349	80001a3c	cbbc8f93	addi	x31,x25,-837	 x25:0x00469f00 x31=0x00469bbb
       13515000	      1350	80001a40	15a1c713	xori	x14,x3,346	  x3:0x00000001 x14=0x0000015b
       13525000	      1351	80001a44	f262a397	auipc	x7,0xf262a	  x7=0x7262ba40
       13535000	      1352	80001a48	00508933	add	x18,x1,x5	  x1:0x09e6a061  x5:0xfffffffc x18=0x09e6a05d
       13545000	      1353	80001a4c	0176d9b3	srl	x19,x13,x23	 x13:0xffffffff x23:0x80009f84 x19=0x0fffffff
       13555000	      1354	80001a50	01641993	slli	x19,x8,0x16	  x8:0x00000001 x19=0x00400000
       13565000	      1355	80001a54	017704b3	add	x9,x14,x23	 x14:0x0000015b x23:0x80009f84  x9=0x8000a0df
       13575000	      1356	80001a58	3bc4c597	auipc	x11,0x3bc4c	 x11=0xbbc4da54
       13585000	      1357	80001a5c	688836b7	lui	x13,0x68883	 x13=0x68883000
       13595000	      1358	80001a60	014a1eb3	sll	x29,x20,x20	 x20:0x00000001 x20:0x00000001 x29=0x00000002
       13605000	      1359	80001a64	014a4663	blt	x20,x20,80001a70	 x20:0x00000001 x20:0x00000001
       13615000	      1360	80001a68	02b9ca63	blt	x19,x11,80001a9c	 x19:0x00400000 x11:0xbbc4da54
       13625000	      1361	80001a6c	00e06033	or	x0,x0,x14	  x0:0x00000000 x14:0x0000015b
       13635000	      1362	80001a70	00000013	addi	x0,x0,0	  x0:0x00000000
       13645000	      1363	80001a74	e0018437	lui	x8,0xe0018	  x8=0xe0018000
       13655000	      1364	80001a78	023b7263	bgeu	x22,x3,80001a9c	 x22:0x00000000  x3:0x00000001
       13665000	      1365	80001a7c	00ab01b3	add	x3,x22,x10	 x22:0x00000000 x10:0xfffffffc  x3=0xfffffffc
       13675000	      1366	80001a80	00e129b3	slt	x19,x2,x14	  x2:0x80009fc4 x14:0x0000015b x19=0x00000001
       13685000	      1367	80001a84	41f2d333	sra	x6,x5,x31	  x5:0xfffffffc x31:0x00469bbb  x6=0xffffffff
       13695000	      1368	80001a88	01fcdd33	srl	x26,x25,x31	 x25:0x00469f00 x31:0x00469bbb x26=0x00000000
       13705000	      1369	80001a8c	01f8d613	srli	x12,x17,0x1f	 x17:0x00000000 x12=0x00000000
       13715000	      1370	80001a90	994af793	andi	x15,x21,-1644	 x21:0x000006dd x15=0x00000094
       13725000	      1371	80001a94	01d51863	bne	x10,x29,80001aa4	 x10:0xfffffffc x29:0x00000002
       13735000	      1372	00000000	00000013	addi	x0,x0,0	  x0:0x00000000
       13745000	      1373	80001aa0	00000013	addi	x0,x0,0	  x0:0x00000000
       13755000	      1374	80001aa4	489c6793	ori	x15,x24,1161	 x24:0x000004d1 x15=0x000004d9
       13765000	      1375	80001aa8	02cf4c63	blt	x30,x12,80001ae0	 x30:0x6f380000 x12:0x00000000
       13775000	      1376	80001aac	00000013	addi	x0,x0,0	  x0:0x00000000
       13785000	      1377	80001ab0	00000013	addi	x0,x0,0	  x0:0x00000000
       13795000	      1378	80001ab4	40500cb3	sub	x25,x0,x5	  x0:0x00000000  x5:0xfffffffc x25=0x00000004
       13805000	      1379	80001ab8	00105293	srli	x5,x0,0x1	  x0:0x00000000  x5=0x00000000
       13815000	      1380	80001abc	e13ce817	auipc	x16,0xe13ce	 x16=0x613cfab8
       13825000	      1381	80001ac0	01d3fc63	bgeu	x7,x29,80001ad8	  x7:0x7262ba40 x29:0x00000002
       13835000	      1382	00000000	00000013	addi	x0,x0,0	  x0:0x00000000
       13845000	      1383	80001ad4	00000013	addi	x0,x0,0	  x0:0x00000000
       13855000	      1384	80001ad8	006f7833	and	x16,x30,x6	 x30:0x6f380000  x6:0xffffffff x16=0x6f380000
       13865000	      1385	80001adc	41d685b3	sub	x11,x13,x29	 x13:0x68883000 x29:0x00000002 x11=0x68882ffe
       13875000	      1386	80001ae0	00031c93	slli	x25,x6,0x0	  x6:0xffffffff x25=0xffffffff
       13885000	      1387	80001ae4	00000013	addi	x0,x0,0	  x0:0x00000000
       13895000	      1388	80001ae8	006a9463	bne	x21,x6,80001af0	 x21:0x000006dd  x6:0xffffffff
       13905000	      1389	00000000	00000013	addi	x0,x0,0	  x0:0x00000000
       13915000	      1390	80001aec	00000013	addi	x0,x0,0	  x0:0x00000000
       13925000	      1391	80001af0	013c06b3	add	x13,x24,x19	 x24:0x000004d1 x19:0x00000001 x13=0x000004d2
       13935000	      1392	80001af4	0035b733	sltu	x14,x11,x3	 x11:0x68882ffe  x3:0xfffffffc x14=0x00000001
       13945000	      1393	80001af8	01389663	bne	x17,x19,80001b04	 x17:0x00000000 x19:0x00000001
       13955000	      1394	00000000	00000013	addi	x0,x0,0	  x0:0x00000000
       13965000	      1395	80001b00	00000013	addi	x0,x0,0	  x0:0x00000000
       13975000	      1396	80001b04	dadd2a93	slti	x21,x26,-595	 x26:0x00000000 x21=0x00000000
       13985000	      1397	80001b08	317ec797	auipc	x15,0x317ec	 x15=0xb17edb04
       13995000	      1398	80001b0c	017ebf33	sltu	x30,x29,x23	 x29:0x00000002 x23:0x80009f84 x30=0x00000001
       14005000	      1399	80001b10	02fb0f17	auipc	x30,0x2fb0	 x30=0x82fb1b0c
       14015000	      1400	80001b14	0109dab3	srl	x21,x19,x16	 x19:0x00000001 x16:0x6f380000 x21=0x00000001
       14025000	      1401	80001b18	40a40c33	sub	x24,x8,x10	  x8:0xe0018000 x10:0xfffffffc x24=0xe0018004
       14035000	      1402	80001b1c	6beae213	ori	x4,x21,1726	 x21:0x00000001  x4=0x000006bf
       14045000	      1403	80001b20	03437e63	bgeu	x6,x20,80001b5c	  x6:0xffffffff x20:0x00000001
       14055000	      1404	00000000	00000013	addi	x0,x0,0	  x0:0x00000000
       14065000	      1405	80001b58	00000013	addi	x0,x0,0	  x0:0x00000000
       14075000	      1406	80001b5c	02854e63	blt	x10,x8,80001b98	 x10:0xfffffffc  x8:0xe0018000
       14085000	      1407	80001b60	179f6a13	ori	x20,x30,377	 x30:0x82fb1b0c x20=0x82fb1b7d
       14095000	      1408	80001b64	603c7013	andi	x0,x24,1539	 x24:0xe0018004
       14105000	      1409	80001b68	0f405263	bge	x0,x20,80001c4c	  x0:0x00000000 x20:0x82fb1b7d
       14115000	      1410	00000000	00000013	addi	x0,x0,0	  x0:0x00000000
       14125000	      1411	80001c48	00000013	addi	x0,x0,0	  x0:0x00000000
       14135000	      1412	80001c4c	42aaaf93	slti	x31,x21,1066	 x21:0x00000001 x31=0x00000001
       14145000	      1413	80001c50	352a6d93	ori	x27,x20,850	 x20:0x82fb1b7d x27=0x82fb1b7f
       14155000	      1414	80001c54	0194dcb3	srl	x25,x9,x25	  x9:0x8000a0df x25:0xffffffff x25=0x00000001
       14165000	      1415	80001c58	ede66993	ori	x19,x12,-290	 x12:0x00000000 x19=0xfffffede
       14175000	      1416	80001c5c	0019f3b3	and	x7,x19,x1	 x19:0xfffffede  x1:0x09e6a061  x7=0x09e6a040
       14185000	      1417	80001c60	006d6463	bltu	x26,x6,80001c68	 x26:0x00000000  x6:0xffffffff
       14195000	      1418	00000000	00000013	addi	x0,x0,0	  x0:0x00000000
       14205000	      1419	80001c64	00000013	addi	x0,x0,0	  x0:0x00000000
       14215000	      1420	80001c68	0118e4b3	or	x9,x17,x17	 x17:0x00000000 x17:0x00000000  x9=0x00000000
       14225000	      1421	80001c6c	24632613	slti	x12,x6,582	  x6:0xffffffff x12=0x00000001
       14235000	      1422	80001c70	02d44263	blt	x8,x13,80001c94	  x8:0xe0018000 x13:0x000004d2
       14245000	      1423	00000000	00000013	addi	x0,x0,0	  x0:0x00000000
       14255000	      1424	80001c90	00000013	addi	x0,x0,0	  x0:0x00000000
       14265000	      1425	80001c94	1e7365b7	lui	x11,0x1e736	 x11=0x1e736000
       14275000	      1426	80001c98	0043ec63	bltu	x7,x4,80001cb0	  x7:0x09e6a040  x4:0x000006bf
       14285000	      1427	80001c9c	0321f263	bgeu	x3,x18,80001cc0	  x3:0xfffffffc x18:0x09e6a05d
       14295000	      1428	00000000	00000013	addi	x0,x0,0	  x0:0x00000000
       14305000	      1429	80001cbc	00000013	addi	x0,x0,0	  x0:0x00000000
       14315000	      1430	80001cc0	02a85e63	bge	x16,x10,80001cfc	 x16:0x6f380000 x10:0xfffffffc
       14325000	      1431	00000000	00000013	addi	x0,x0,0	  x0:0x00000000
       14335000	      1432	80001cf8	00000013	addi	x0,x0,0	  x0:0x00000000
       14345000	      1433	80001cfc	01df91b3	sll	x3,x31,x29	 x31:0x00000001 x29:0x00000002  x3=0x00000004
       14355000	      1434	80001d00	d574ec93	ori	x25,x9,-681	  x9:0x00000000 x25=0xfffffd57
       14365000	      1435	80001d04	01fd8833	add	x16,x27,x31	 x27:0x82fb1b7f x31:0x00000001 x16=0x82fb1b80
       14375000	      1436	80001d08	f3e62893	slti	x17,x12,-194	 x12:0x00000001 x17=0x00000000
       14385000	      1437	80001d0c	ab98b037	lui	x0,0xab98b	
       14395000	      1438	80001d10	848ec917	auipc	x18,0x848ec	 x18=0x048edd0c
       14405000	      1439	80001d14	00ff8663	beq	x31,x15,80001d20	 x31:0x00000001 x15:0xb17edb04
       14415000	      1440	80001d18	017b75b3	and	x11,x22,x23	 x22:0x00000000 x23:0x80009f84 x11=0x00000000
       14425000	      1441	80001d1c	0187ba33	sltu	x20,x15,x24	 x15:0xb17edb04 x24:0xe0018004 x20=0x00000001
       14435000	      1442	80001d20	00967663	bgeu	x12,x9,80001d2c	 x12:0x00000001  x9:0x00000000
       14445000	      1443	00000000	00000013	addi	x0,x0,0	  x0:0x00000000
       14455000	      1444	80001d28	00000013	addi	x0,x0,0	  x0:0x00000000
       14465000	      1445	80001d2c	6f4d4a13	xori	x20,x26,1780	 x26:0x00000000 x20=0x000006f4
       14475000	      1446	80001d30	167bf493	andi	x9,x23,359	 x23:0x80009f84  x9=0x00000104
       14485000	      1447	80001d34	01896833	or	x16,x18,x24	 x18:0x048edd0c x24:0xe0018004 x16=0xe48fdd0c
       14495000	      1448	80001d38	00140db3	add	x27,x8,x1	  x8:0xe0018000  x1:0x09e6a061 x27=0xe9e82061
       14505000	      1449	80001d3c	011e8833	add	x16,x29,x17	 x29:0x00000002 x17:0x00000000 x16=0x00000002
       14515000	      1450	80001d40	005f5d33	srl	x26,x30,x5	 x30:0x82fb1b0c  x5:0x00000000 x26=0x82fb1b0c
       14525000	      1451	80001d44	02469c63	bne	x13,x4,80001d7c	 x13:0x000004d2  x4:0x000006bf
       14535000	      1452	00000000	00000013	addi	x0,x0,0	  x0:0x00000000
       14545000	      1453	80001d78	00000013	addi	x0,x0,0	  x0:0x00000000
       14555000	      1454	80001d7c	02cb4863	blt	x22,x12,80001dac	 x22:0x00000000 x12:0x00000001
       14565000	      1455	00000000	00000013	addi	x0,x0,0	  x0:0x00000000
       14575000	      1456	80001da8	00000013	addi	x0,x0,0	  x0:0x00000000
       14585000	      1457	80001dac	41ae5513	srai	x10,x28,0x1a	 x28:0xffee5520 x10=0xffffffff
       14595000	      1458	80001db0	b3cc3613	sltiu	x12,x24,-1220	 x24:0xe0018004 x12=0x00000001
       14605000	      1459	80001db4	015b1793	slli	x15,x22,0x15	 x22:0x00000000 x15=0x00000000
       14615000	      1460	80001db8	3a767693	andi	x13,x12,935	 x12:0x00000001 x13=0x00000001
       14625000	      1461	80001dbc	405b5233	sra	x4,x22,x5	 x22:0x00000000  x5:0x00000000  x4=0x00000000
       14635000	      1462	80001dc0	00048033	add	x0,x9,x0	  x9:0x00000104  x0:0x00000000
       14645000	      1463	80001dc4	296fca93	xori	x21,x31,662	 x31:0x00000001 x21=0x00000297
       14655000	      1464	80001dc8	c9882513	slti	x10,x16,-872	 x16:0x00000002 x10=0x00000000
       14665000	      1465	80001dcc	01c95193	srli	x3,x18,0x1c	 x18:0x048edd0c  x3=0x00000000
       14675000	      1466	80001dd0	921a6f13	ori	x30,x20,-1759	 x20:0x000006f4 x30=0xfffffff5
       14685000	      1467	80001dd4	00bc1513	slli	x10,x24,0xb	 x24:0xe0018004 x10=0x0c002000
       14695000	      1468	80001dd8	ab4cb793	sltiu	x15,x25,-1356	 x25:0xfffffd57 x15=0x00000000
       14705000	      1469	80001ddc	0e7a9337	lui	x6,0xe7a9	  x6=0x0e7a9000
       14715000	      1470	80001de0	0110c933	xor	x18,x1,x17	  x1:0x09e6a061 x17:0x00000000 x18=0x09e6a061
       14725000	      1471	80001de4	005882b3	add	x5,x17,x5	 x17:0x00000000  x5:0x00000000  x5=0x00000000
       14735000	      1472	80001de8	00e2f863	bgeu	x5,x14,80001df8	  x5:0x00000000 x14:0x00000001
       14745000	      1473	80001dec	01a34233	xor	x4,x6,x26	  x6:0x0e7a9000 x26:0x82fb1b0c  x4=0x8c818b0c
       14755000	      1474	80001df0	7f8336b7	lui	x13,0x7f833	 x13=0x7f833000
       14765000	      1475	80001df4	91adf813	andi	x16,x27,-1766	 x27:0xe9e82061 x16=0xe9e82000
       14775000	      1476	80001df8	14592f17	auipc	x30,0x14592	 x30=0x94593df4
       14785000	      1477	80001dfc	c9658193	addi	x3,x11,-874	 x11:0x00000000  x3=0xfffffc96
       14795000	      1478	80001e00	621c3013	sltiu	x0,x24,1569	 x24:0xe0018004
       14805000	      1479	80001e04	00000013	addi	x0,x0,0	  x0:0x00000000
       14815000	      1480	80001e08	00a91663	bne	x18,x10,80001e14	 x18:0x09e6a061 x10:0x0c002000
       14825000	      1481	00000000	00000013	addi	x0,x0,0	  x0:0x00000000
       14835000	      1482	80001e10	00000013	addi	x0,x0,0	  x0:0x00000000
       14845000	      1483	80001e14	00e81e93	slli	x29,x16,0xe	 x16:0xe9e82000 x29=0x08000000
       14855000	      1484	80001e18	01cff833	and	x16,x31,x28	 x31:0x00000001 x28:0xffee5520 x16=0x00000000
       14865000	      1485	80001e1c	0106ae33	slt	x28,x13,x16	 x13:0x7f833000 x16:0x00000000 x28=0x00000000
       14875000	      1486	80001e20	7869f213	andi	x4,x19,1926	 x19:0xfffffede  x4=0x00000686
       14885000	      1487	80001e24	93f78713	addi	x14,x15,-1729	 x15:0x00000000 x14=0xfffff93f
       14895000	      1488	80001e28	003d3a33	sltu	x20,x26,x3	 x26:0x82fb1b0c  x3:0xfffffc96 x20=0x00000001
       14905000	      1489	80001e2c	5b89a517	auipc	x10,0x5b89a	 x10=0xdb89be28
       14915000	      1490	80001e30	01b541b3	xor	x3,x10,x27	 x10:0xdb89be28 x27:0xe9e82061  x3=0x32619e49
       14925000	      1491	80001e34	00000013	addi	x0,x0,0	  x0:0x00000000
       14935000	      1492	80001e38	0032afb3	slt	x31,x5,x3	  x5:0x00000000  x3:0x32619e49 x31=0x00000001
       14945000	      1493	80001e3c	00622933	slt	x18,x4,x6	  x4:0x00000686  x6:0x0e7a9000 x18=0x00000001
       14955000	      1494	80001e40	bc61b213	sltiu	x4,x3,-1082	  x3:0x32619e49  x4=0x00000001
       14965000	      1495	80001e44	0f6c5863	bge	x24,x22,80001f34	 x24:0xe0018004 x22:0x00000000
       14975000	      1496	80001e48	a1c19d37	lui	x26,0xa1c19	 x26=0xa1c19000
       14985000	      1497	80001e4c	1a998d13	addi	x26,x19,425	 x19:0xfffffede x26=0x00000087
       14995000	      1498	80001e50	af3f2493	slti	x9,x30,-1293	 x30:0x94593df4  x9=0x00000001
       15005000	      1499	80001e54	00a46633	or	x12,x8,x10	  x8:0xe0018000 x10:0xdb89be28 x12=0xfb89be28
       15015000	      1500	80001e58	0c377c63	bgeu	x14,x3,80001f30	 x14:0xfffff93f  x3:0x32619e49
       15025000	      1501	00000000	00000013	addi	x0,x0,0	  x0:0x00000000
       15035000	      1502	80001f2c	00000013	addi	x0,x0,0	  x0:0x00000000
       15045000	      1503	80001f30	01efd6b3	srl	x13,x31,x30	 x31:0x00000001 x30:0x94593df4 x13=0x00000000
       15055000	      1504	80001f34	377c7993	andi	x19,x24,887	 x24:0xe0018004 x19=0x00000004
       15065000	      1505	80001f38	00002ab3	slt	x21,x0,x0	  x0:0x00000000  x0:0x00000000 x21=0x00000000
       15075000	      1506	80001f3c	02f21663	bne	x4,x15,80001f68	  x4:0x00000001 x15:0x00000000
       15085000	      1507	00000000	00000013	addi	x0,x0,0	  x0:0x00000000
       15095000	      1508	80001f64	00000013	addi	x0,x0,0	  x0:0x00000000
       15105000	      1509	80001f68	491e8513	addi	x10,x29,1169	 x29:0x08000000 x10=0x08000491
       15115000	      1510	80001f6c	004b4e63	blt	x22,x4,80001f88	 x22:0x00000000  x4:0x00000001
       15125000	      1511	00000000	00000013	addi	x0,x0,0	  x0:0x00000000
       15135000	      1512	80001f84	00000013	addi	x0,x0,0	  x0:0x00000000
       15145000	      1513	80001f88	a541a317	auipc	x6,0xa541a	  x6=0x2541bf84
       15155000	      1514	80001f8c	96e42913	slti	x18,x8,-1682	  x8:0xe0018000 x18=0x00000001
       15165000	      1515	80001f90	01f7d7b3	srl	x15,x15,x31	 x15:0x00000000 x31:0x00000001 x15=0x00000000
       15175000	      1516	80001f94	0586e863	bltu	x13,x24,80001fe4	 x13:0x00000000 x24:0xe0018004
       15185000	      1517	00000000	00000013	addi	x0,x0,0	  x0:0x00000000
       15195000	      1518	80001fe0	00000013	addi	x0,x0,0	  x0:0x00000000
       15205000	      1519	80001fe4	03b9ec63	bltu	x19,x27,8000201c	 x19:0x00000004 x27:0xe9e82061
       15215000	      1520	00000000	00000013	addi	x0,x0,0	  x0:0x00000000
       15225000	      1521	80002018	00000013	addi	x0,x0,0	  x0:0x00000000
       15235000	      1522	8000201c	009c87b3	add	x15,x25,x9	 x25:0xfffffd57  x9:0x00000001 x15=0xfffffd58
       15245000	      1523	80002020	01262eb3	slt	x29,x12,x18	 x12:0xfb89be28 x18:0x00000001 x29=0x00000001
       15255000	      1524	80002024	36d46213	ori	x4,x8,877	  x8:0xe0018000  x4=0xe001836d
       15265000	      1525	80002028	40de83b3	sub	x7,x29,x13	 x29:0x00000001 x13:0x00000000  x7=0x00000001
       15275000	      1526	8000202c	00bf92b3	sll	x5,x31,x11	 x31:0x00000001 x11:0x00000000  x5=0x00000001
       15285000	      1527	80002030	8580a393	slti	x7,x1,-1960	  x1:0x09e6a061  x7=0x00000000
       15295000	      1528	80002034	0049dcb3	srl	x25,x19,x4	 x19:0x00000004  x4:0xe001836d x25=0x00000000
       15305000	      1529	80002038	022ace63	blt	x21,x2,80002074	 x21:0x00000000  x2:0x80009fc4
       15315000	      1530	8000203c	01249f93	slli	x31,x9,0x12	  x9:0x00000001 x31=0x00040000
       15325000	      1531	80002040	01717033	and	x0,x2,x23	  x2:0x80009fc4 x23:0x80009f84
       15335000	      1532	80002044	010c4933	xor	x18,x24,x16	 x24:0xe0018004 x16:0x00000000 x18=0xe0018004
       15345000	      1533	80002048	03554463	blt	x10,x21,80002070	 x10:0x08000491 x21:0x00000000
       15355000	      1534	8000204c	64533a93	sltiu	x21,x6,1605	  x6:0x2541bf84 x21=0x00000000
       15365000	      1535	80002050	03e0f263	bgeu	x1,x30,80002074	  x1:0x09e6a061 x30:0x94593df4
       15375000	      1536	80002054	0229da63	bge	x19,x2,80002088	 x19:0x00000004  x2:0x80009fc4
       15385000	      1537	00000000	00000013	addi	x0,x0,0	  x0:0x00000000
       15395000	      1538	80002084	00000013	addi	x0,x0,0	  x0:0x00000000
       15405000	      1539	80002088	00000013	addi	x0,x0,0	  x0:0x00000000
       15415000	      1540	8000208c	fd875e37	lui	x28,0xfd875	 x28=0xfd875000
       15425000	      1541	80002090	01f59e63	bne	x11,x31,800020ac	 x11:0x00000000 x31:0x00040000
       15435000	      1542	00000000	00000013	addi	x0,x0,0	  x0:0x00000000
       15445000	      1543	800020a8	00000013	addi	x0,x0,0	  x0:0x00000000
       15455000	      1544	800020ac	00573db3	sltu	x27,x14,x5	 x14:0xfffff93f  x5:0x00000001 x27=0x00000000
       15465000	      1545	800020b0	00000013	addi	x0,x0,0	  x0:0x00000000
       15475000	      1546	800020b4	01166fb3	or	x31,x12,x17	 x12:0xfb89be28 x17:0x00000000 x31=0xfb89be28
       15485000	      1547	800020b8	00beaf33	slt	x30,x29,x11	 x29:0x00000001 x11:0x00000000 x30=0x00000000
       15495000	      1548	800020bc	00e79863	bne	x15,x14,800020cc	 x15:0xfffffd58 x14:0xfffff93f
       15505000	      1549	00000000	00000013	addi	x0,x0,0	  x0:0x00000000
       15515000	      1550	800020c8	00000013	addi	x0,x0,0	  x0:0x00000000
       15525000	      1551	800020cc	9b00a393	slti	x7,x1,-1616	  x1:0x09e6a061  x7=0x00000000
       15535000	      1552	800020d0	2a754613	xori	x12,x10,679	 x10:0x08000491 x12=0x08000636
       15545000	      1553	800020d4	00000013	addi	x0,x0,0	  x0:0x00000000
       15555000	      1554	800020d8	0270d863	bge	x1,x7,80002108	  x1:0x09e6a061  x7:0x00000000
       15565000	      1555	00000000	00000013	addi	x0,x0,0	  x0:0x00000000
       15575000	      1556	80002104	00000013	addi	x0,x0,0	  x0:0x00000000
       15585000	      1557	80002108	04850463	beq	x10,x8,80002150	 x10:0x08000491  x8:0xe0018000
       15595000	      1558	8000210c	01575b33	srl	x22,x14,x21	 x14:0xfffff93f x21:0x00000000 x22=0xfffff93f
       15605000	      1559	80002110	00000013	addi	x0,x0,0	  x0:0x00000000
       15615000	      1560	80002114	01e5e1b3	or	x3,x11,x30	 x11:0x00000000 x30:0x00000000  x3=0x00000000
       15625000	      1561	80002118	512a2793	slti	x15,x20,1298	 x20:0x00000001 x15=0x00000001
       15635000	      1562	8000211c	014f1233	sll	x4,x30,x20	 x30:0x00000000 x20:0x00000001  x4=0x00000000
       15645000	      1563	80002120	0048b533	sltu	x10,x17,x4	 x17:0x00000000  x4:0x00000000 x10=0x00000000
       15655000	      1564	80002124	013d9513	slli	x10,x27,0x13	 x27:0x00000000 x10=0x00000000
       15665000	      1565	80002128	00a56833	or	x16,x10,x10	 x10:0x00000000 x10:0x00000000 x16=0x00000000
       15675000	      1566	8000212c	0420f263	bgeu	x1,x2,80002170	  x1:0x09e6a061  x2:0x80009fc4
       15685000	      1567	80002130	01ad0c63	beq	x26,x26,80002148	 x26:0x00000087 x26:0x00000087
       15695000	      1568	00000000	00000013	addi	x0,x0,0	  x0:0x00000000
       15705000	      1569	80002144	00000013	addi	x0,x0,0	  x0:0x00000000
       15715000	      1570	80002148	03ff7263	bgeu	x30,x31,8000216c	 x30:0x00000000 x31:0xfb89be28
       15725000	      1571	8000214c	406fda13	srai	x20,x31,0x6	 x31:0xfb89be28 x20=0xffee26f8
       15735000	      1572	80002150	001bf4b3	and	x9,x23,x1	 x23:0x80009f84  x1:0x09e6a061  x9=0x00008000
       15745000	      1573	80002154	00d55b13	srli	x22,x10,0xd	 x10:0x00000000 x22=0x00000000
       15755000	      1574	80002158	cf91b013	sltiu	x0,x3,-775	  x3:0x00000000
       15765000	      1575	8000215c	01601c93	slli	x25,x0,0x16	  x0:0x00000000 x25=0x00000000
       15775000	      1576	80002160	02e16a63	bltu	x2,x14,80002194	  x2:0x80009fc4 x14:0xfffff93f
       15785000	      1577	00000000	00000013	addi	x0,x0,0	  x0:0x00000000
       15795000	      1578	80002190	00000013	addi	x0,x0,0	  x0:0x00000000
       15805000	      1579	80002194	01da64b3	or	x9,x20,x29	 x20:0xffee26f8 x29:0x00000001  x9=0xffee26f9
       15815000	      1580	80002198	01dd8833	add	x16,x27,x29	 x27:0x00000000 x29:0x00000001 x16=0x00000001
       15825000	      1581	8000219c	41d581b3	sub	x3,x11,x29	 x11:0x00000000 x29:0x00000001  x3=0xffffffff
       15835000	      1582	800021a0	6ae65997	auipc	x19,0x6ae65	 x19=0xeae6719c
       15845000	      1583	800021a4	09fc2d93	slti	x27,x24,159	 x24:0xe0018004 x27=0x00000001
       15855000	      1584	800021a8	00061d33	sll	x26,x12,x0	 x12:0x08000636  x0:0x00000000 x26=0x08000636
       15865000	      1585	800021ac	01870463	beq	x14,x24,800021b4	 x14:0xfffff93f x24:0xe0018004
       15875000	      1586	800021b0	04bfe6b7	lui	x13,0x4bfe	 x13=0x04bfe000
       15885000	      1587	800021b4	400259b3	sra	x19,x4,x0	  x4:0x00000000  x0:0x00000000 x19=0x00000000
       15895000	      1588	800021b8	0093ae33	slt	x28,x7,x9	  x7:0x00000000  x9:0xffee26f9 x28=0x00000000
       15905000	      1589	800021bc	41475493	srai	x9,x14,0x14	 x14:0xfffff93f  x9=0xffffffff
       15915000	      1590	800021c0	e00de893	ori	x17,x27,-512	 x27:0x00000001 x17=0xfffffe01
       15925000	      1591	800021c4	006da4b3	slt	x9,x27,x6	 x27:0x00000001  x6:0x2541bf84  x9=0x00000001
       15935000	      1592	800021c8	d3a94613	xori	x12,x18,-710	 x18:0xe0018004 x12=0x1ffe7d3e
       15945000	      1593	800021cc	000d9d33	sll	x26,x27,x0	 x27:0x00000001  x0:0x00000000 x26=0x00000001
       15955000	      1594	800021d0	2a11b313	sltiu	x6,x3,673	  x3:0xffffffff  x6=0x00000000
       15965000	      1595	800021d4	0094e6b3	or	x13,x9,x9	  x9:0x00000001  x9:0x00000001 x13=0x00000001
       15975000	      1596	800021d8	002b7663	bgeu	x22,x2,800021e4	 x22:0x00000000  x2:0x80009fc4
       15985000	      1597	800021dc	01825c33	srl	x24,x4,x24	  x4:0x00000000 x24:0xe0018004 x24=0x00000000
       15995000	      1598	800021e0	01d39393	slli	x7,x7,0x1d	  x7:0x00000000  x7=0x00000000
       16005000	      1599	800021e4	01e15863	bge	x2,x30,800021f4	  x2:0x80009fc4 x30:0x00000000
       16015000	      1600	800021e8	00c0d3b3	srl	x7,x1,x12	  x1:0x09e6a061 x12:0x1ffe7d3e  x7=0x00000000
       16025000	      1601	800021ec	00c14663	blt	x2,x12,800021f8	  x2:0x80009fc4 x12:0x1ffe7d3e
       16035000	      1602	00000000	00000013	addi	x0,x0,0	  x0:0x00000000
       16045000	      1603	800021f4	00000013	addi	x0,x0,0	  x0:0x00000000
       16055000	      1604	800021f8	8d9e4513	xori	x10,x28,-1831	 x28:0x00000000 x10=0xfffff8d9
       16065000	      1605	800021fc	2b0a4997	auipc	x19,0x2b0a4	 x19=0xab0a61f8
       16075000	      1606	80002200	eb003a93	sltiu	x21,x0,-336	  x0:0x00000000 x21=0x00000001
       16085000	      1607	80002204	01159f13	slli	x30,x11,0x11	 x11:0x00000000 x30=0x00000000
       16095000	      1608	80002208	4b9c2293	slti	x5,x24,1209	 x24:0x00000000  x5=0x00000001
       16105000	      1609	8000220c	4150d8b3	sra	x17,x1,x21	  x1:0x09e6a061 x21:0x00000001 x17=0x04f35030
       16115000	      1610	80002210	01f1e463	bltu	x3,x31,80002218	  x3:0xffffffff x31:0xfb89be28
       16125000	      1611	80002214	03e44463	blt	x8,x30,8000223c	  x8:0xe0018000 x30:0x00000000
       16135000	      1612	00000000	00000013	addi	x0,x0,0	  x0:0x00000000
       16145000	      1613	80002238	00000013	addi	x0,x0,0	  x0:0x00000000
       16155000	      1614	8000223c	f107f893	andi	x17,x15,-240	 x15:0x00000001 x17=0x00000000
       16165000	      1615	80002240	404b88b3	sub	x17,x23,x4	 x23:0x80009f84  x4:0x00000000 x17=0x80009f84
       16175000	      1616	80002244	01d39ab3	sll	x21,x7,x29	  x7:0x00000000 x29:0x00000001 x21=0x00000000
       16185000	      1617	80002248	8c184f13	xori	x30,x16,-1855	 x16:0x00000001 x30=0xfffff8c0
       16195000	      1618	8000224c	41e1d5b3	sra	x11,x3,x30	  x3:0xffffffff x30:0xfffff8c0 x11=0xffffffff
       16205000	      1619	80002250	02bc0e63	beq	x24,x11,8000228c	 x24:0x00000000 x11:0xffffffff
       16215000	      1620	80002254	00f7e033	or	x0,x15,x15	 x15:0x00000001 x15:0x00000001
       16225000	      1621	80002258	00430eb3	add	x29,x6,x4	  x6:0x00000000  x4:0x00000000 x29=0x00000000
       16235000	      1622	8000225c	01b9a633	slt	x12,x19,x27	 x19:0xab0a61f8 x27:0x00000001 x12=0x00000001
       16245000	      1623	80002260	02ab0863	beq	x22,x10,80002290	 x22:0x00000000 x10:0xfffff8d9
       16255000	      1624	80002264	41b1df93	srai	x31,x3,0x1b	  x3:0xffffffff x31=0xffffffff
       16265000	      1625	80002268	03ead263	bge	x21,x30,8000228c	 x21:0x00000000 x30:0xfffff8c0
       16275000	      1626	00000000	00000013	addi	x0,x0,0	  x0:0x00000000
       16285000	      1627	80002288	00000013	addi	x0,x0,0	  x0:0x00000000
       16295000	      1628	8000228c	3505f913	andi	x18,x11,848	 x11:0xffffffff x18=0x00000350
       16305000	      1629	80002290	03a0fe63	bgeu	x1,x26,800022cc	  x1:0x09e6a061 x26:0x00000001
       16315000	      1630	00000000	00000013	addi	x0,x0,0	  x0:0x00000000
       16325000	      1631	800022c8	00000013	addi	x0,x0,0	  x0:0x00000000
       16335000	      1632	800022cc	0029a233	slt	x4,x19,x2	 x19:0xab0a61f8  x2:0x80009fc4  x4=0x00000000
       16345000	      1633	800022d0	010df033	and	x0,x27,x16	 x27:0x00000001 x16:0x00000001
       16355000	      1634	800022d4	cfc7ff93	andi	x31,x15,-772	 x15:0x00000001 x31=0x00000000
       16365000	      1635	800022d8	005258b3	srl	x17,x4,x5	  x4:0x00000000  x5:0x00000001 x17=0x00000000
       16375000	      1636	800022dc	b04bb893	sltiu	x17,x23,-1276	 x23:0x80009f84 x17=0x00000001
       16385000	      1637	800022e0	1c362317	auipc	x6,0x1c362	  x6=0x9c3642dc
       16395000	      1638	800022e4	00000013	addi	x0,x0,0	  x0:0x00000000
       16405000	      1639	800022e8	408ad713	srai	x14,x21,0x8	 x21:0x00000000 x14=0x00000000
       16415000	      1640	800022ec	011ce663	bltu	x25,x17,800022f8	 x25:0x00000000 x17:0x00000001
       16425000	      1641	00000000	00000013	addi	x0,x0,0	  x0:0x00000000
       16435000	      1642	800022f4	00000013	addi	x0,x0,0	  x0:0x00000000
       16445000	      1643	800022f8	00000013	addi	x0,x0,0	  x0:0x00000000
       16455000	      1644	800022fc	01acd433	srl	x8,x25,x26	 x25:0x00000000 x26:0x00000001  x8=0x00000000
       16465000	      1645	80002300	011d8633	add	x12,x27,x17	 x27:0x00000001 x17:0x00000001 x12=0x00000002
       16475000	      1646	80002304	2125e717	auipc	x14,0x2125e	 x14=0xa1260300
       16485000	      1647	80002308	9e3afe13	andi	x28,x21,-1565	 x21:0x00000000 x28=0x00000000
       16495000	      1648	8000230c	02274e63	blt	x14,x2,80002348	 x14:0xa1260300  x2:0x80009fc4
       16505000	      1649	80002310	01837863	bgeu	x6,x24,80002320	  x6:0x9c3642dc x24:0x00000000
       16515000	      1650	00000000	00000013	addi	x0,x0,0	  x0:0x00000000
       16525000	      1651	8000231c	00000013	addi	x0,x0,0	  x0:0x00000000
       16535000	      1652	80002320	20052e13	slti	x28,x10,512	 x10:0xfffff8d9 x28=0x00000001
       16545000	      1653	80002324	4540bd13	sltiu	x26,x1,1108	  x1:0x09e6a061 x26=0x00000000
       16555000	      1654	80002328	4b758f13	addi	x30,x11,1207	 x11:0xffffffff x30=0x000004b6
       16565000	      1655	8000232c	9e9abc17	auipc	x24,0x9e9ab	 x24=0x1e9ad328
       16575000	      1656	80002330	962e8513	addi	x10,x29,-1694	 x29:0x00000000 x10=0xfffff962
       16585000	      1657	80002334	0221e063	bltu	x3,x2,80002354	  x3:0xffffffff  x2:0x80009fc4
       16595000	      1658	80002338	4097d833	sra	x16,x15,x9	 x15:0x00000001  x9:0x00000001 x16=0x00000000
       16605000	      1659	8000233c	9adef213	andi	x4,x29,-1619	 x29:0x00000000  x4=0x00000000
       16615000	      1660	80002340	9f071517	auipc	x10,0x9f071	 x10=0x1f07333c
       16625000	      1661	80002344	03724a63	blt	x4,x23,80002378	  x4:0x00000000 x23:0x80009f84
       16635000	      1662	80002348	01cd1893	slli	x17,x26,0x1c	 x26:0x00000000 x17=0x00000000
       16645000	      1663	8000234c	d5896813	ori	x16,x18,-680	 x18:0x00000350 x16=0xffffff58
       16655000	      1664	80002350	05117263	bgeu	x2,x17,80002394	  x2:0x80009fc4 x17:0x00000000
       16665000	      1665	00000000	00000013	addi	x0,x0,0	  x0:0x00000000
       16675000	      1666	80002390	00000013	addi	x0,x0,0	  x0:0x00000000
       16685000	      1667	80002394	6891b017	auipc	x0,0x6891b	
       16695000	      1668	80002398	00b20233	add	x4,x4,x11	  x4:0x00000000 x11:0xffffffff  x4=0xffffffff
       16705000	      1669	8000239c	010754b3	srl	x9,x14,x16	 x14:0xa1260300 x16:0xffffff58  x9=0x000000a1
       16715000	      1670	800023a0	4cd6e893	ori	x17,x13,1229	 x13:0x00000001 x17=0x000004cd
       16725000	      1671	800023a4	00473733	sltu	x14,x14,x4	 x14:0xa1260300  x4:0xffffffff x14=0x00000001
       16735000	      1672	800023a8	002b2e33	slt	x28,x22,x2	 x22:0x00000000  x2:0x80009fc4 x28=0x00000000
       16745000	      1673	800023ac	0204cc63	blt	x9,x0,800023e4	  x9:0x000000a1  x0:0x00000000
       16755000	      1674	800023b0	00000013	addi	x0,x0,0	  x0:0x00000000
       16765000	      1675	800023b4	7b77a193	slti	x3,x15,1975	 x15:0x00000001  x3=0x00000001
       16775000	      1676	800023b8	00835413	srli	x8,x6,0x8	  x6:0x9c3642dc  x8=0x009c3642
       16785000	      1677	800023bc	00000013	addi	x0,x0,0	  x0:0x00000000
       16795000	      1678	800023c0	7d25b693	sltiu	x13,x11,2002	 x11:0xffffffff x13=0x00000000
       16805000	      1679	800023c4	00e59433	sll	x8,x11,x14	 x11:0xffffffff x14:0x00000001  x8=0xfffffffe
       16815000	      1680	800023c8	0093d713	srli	x14,x7,0x9	  x7:0x00000000 x14=0x00000000
       16825000	      1681	800023cc	019f31b3	sltu	x3,x30,x25	 x30:0x000004b6 x25:0x00000000  x3=0x00000000
       16835000	      1682	800023d0	005e9f93	slli	x31,x29,0x5	 x29:0x00000000 x31=0x00000000
       16845000	      1683	800023d4	7434fa93	andi	x21,x9,1859	  x9:0x000000a1 x21=0x00000001
       16855000	      1684	800023d8	01670eb3	add	x29,x14,x22	 x14:0x00000000 x22:0x00000000 x29=0x00000000
       16865000	      1685	800023dc	400d8c33	sub	x24,x27,x0	 x27:0x00000001  x0:0x00000000 x24=0x00000001
       16875000	      1686	800023e0	40728433	sub	x8,x5,x7	  x5:0x00000001  x7:0x00000000  x8=0x00000001
       16885000	      1687	800023e4	6b046637	lui	x12,0x6b046	 x12=0x6b046000
       16895000	      1688	800023e8	0bfae017	auipc	x0,0xbfae	
       16905000	      1689	800023ec	03059663	bne	x11,x16,80002418	 x11:0xffffffff x16:0xffffff58
       16915000	      1690	00000000	00000013	addi	x0,x0,0	  x0:0x00000000
       16925000	      1691	80002414	00000013	addi	x0,x0,0	  x0:0x00000000
       16935000	      1692	80002418	00fa4663	blt	x20,x15,80002424	 x20:0xffee26f8 x15:0x00000001
       16945000	      1693	00000000	00000013	addi	x0,x0,0	  x0:0x00000000
       16955000	      1694	80002420	00000013	addi	x0,x0,0	  x0:0x00000000
       16965000	      1695	80002424	012eca63	blt	x29,x18,80002438	 x29:0x00000000 x18:0x00000350
       16975000	      1696	00000000	00000013	addi	x0,x0,0	  x0:0x00000000
       16985000	      1697	80002434	00000013	addi	x0,x0,0	  x0:0x00000000
       16995000	      1698	80002438	012c9193	slli	x3,x25,0x12	 x25:0x00000000  x3=0x00000000
       17005000	      1699	8000243c	0097d1b3	srl	x3,x15,x9	 x15:0x00000001  x9:0x000000a1  x3=0x00000000
       17015000	      1700	80002440	054f5863	bge	x30,x20,80002490	 x30:0x000004b6 x20:0xffee26f8
       17025000	      1701	00000000	00000013	addi	x0,x0,0	  x0:0x00000000
       17035000	      1702	8000248c	00000013	addi	x0,x0,0	  x0:0x00000000
       17045000	      1703	80002490	ab503b13	sltiu	x22,x0,-1355	  x0:0x00000000 x22=0x00000001
       17055000	      1704	80002494	01371663	bne	x14,x19,800024a0	 x14:0x00000000 x19:0xab0a61f8
       17065000	      1705	00000000	00000013	addi	x0,x0,0	  x0:0x00000000
       17075000	      1706	8000249c	00000013	addi	x0,x0,0	  x0:0x00000000
       17085000	      1707	800024a0	012bfa33	and	x20,x23,x18	 x23:0x80009f84 x18:0x00000350 x20=0x00000300
       17095000	      1708	800024a4	005b7d33	and	x26,x22,x5	 x22:0x00000001  x5:0x00000001 x26=0x00000001
       17105000	      1709	800024a8	00861993	slli	x19,x12,0x8	 x12:0x6b046000 x19=0x04600000
       17115000	      1710	800024ac	47483d93	sltiu	x27,x16,1140	 x16:0xffffff58 x27=0x00000000
       17125000	      1711	800024b0	00685933	srl	x18,x16,x6	 x16:0xffffff58  x6:0x9c3642dc x18=0x0000000f
       17135000	      1712	800024b4	003f7d33	and	x26,x30,x3	 x30:0x000004b6  x3:0x00000000 x26=0x00000000
       17145000	      1713	800024b8	015139b3	sltu	x19,x2,x21	  x2:0x80009fc4 x21:0x00000001 x19=0x00000000
       17155000	      1714	800024bc	c0da3917	auipc	x18,0xc0da3	 x18=0x40da54b8
       17165000	      1715	800024c0	01fe31b3	sltu	x3,x28,x31	 x28:0x00000000 x31:0x00000000  x3=0x00000000
       17175000	      1716	800024c4	5196a897	auipc	x17,0x5196a	 x17=0xd196c4c0
       17185000	      1717	800024c8	405008b3	sub	x17,x0,x5	  x0:0x00000000  x5:0x00000001 x17=0xffffffff
       17195000	      1718	800024cc	006cfb33	and	x22,x25,x6	 x25:0x00000000  x6:0x9c3642dc x22=0x00000000
       17205000	      1719	800024d0	6956dc97	auipc	x25,0x6956d	 x25=0xe956f4cc
       17215000	      1720	800024d4	0056e9b3	or	x19,x13,x5	 x13:0x00000000  x5:0x00000001 x19=0x00000001
       17225000	      1721	800024d8	0324ea63	bltu	x9,x18,8000250c	  x9:0x000000a1 x18:0x40da54b8
       17235000	      1722	00000000	00000013	addi	x0,x0,0	  x0:0x00000000
       17245000	      1723	80002508	00000013	addi	x0,x0,0	  x0:0x00000000
       17255000	      1724	8000250c	2f5e8493	addi	x9,x29,757	 x29:0x00000000  x9=0x000002f5
       17265000	      1725	80002510	00775713	srli	x14,x14,0x7	 x14:0x00000000 x14=0x00000000
       17275000	      1726	80002514	01f59a93	slli	x21,x11,0x1f	 x11:0xffffffff x21=0x80000000
       17285000	      1727	80002518	afd01017	auipc	x0,0xafd01	
       17295000	      1728	8000251c	00ba9893	slli	x17,x21,0xb	 x21:0x80000000 x17=0x00000000
       17305000	      1729	80002520	1c4ea213	slti	x4,x29,452	 x29:0x00000000  x4=0x00000001
       17315000	      1730	80002524	01f37c33	and	x24,x6,x31	  x6:0x9c3642dc x31:0x00000000 x24=0x00000000
       17325000	      1731	80002528	00c29013	slli	x0,x5,0xc	  x5:0x00000001
       17335000	      1732	8000252c	fb670313	addi	x6,x14,-74	 x14:0x00000000  x6=0xffffffb6
       17345000	      1733	80002530	40b98a33	sub	x20,x19,x11	 x19:0x00000001 x11:0xffffffff x20=0x00000002
       17355000	      1734	80002534	6e3a6e93	ori	x29,x20,1763	 x20:0x00000002 x29=0x000006e3
       17365000	      1735	80002538	7f483393	sltiu	x7,x16,2036	 x16:0xffffff58  x7=0x00000000
       17375000	      1736	8000253c	6a190313	addi	x6,x18,1697	 x18:0x40da54b8  x6=0x40da5b59
       17385000	      1737	80002540	0559a213	slti	x4,x19,85	 x19:0x00000001  x4=0x00000001
       17395000	      1738	80002544	038f6863	bltu	x30,x24,80002574	 x30:0x000004b6 x24:0x00000000
       17405000	      1739	80002548	01914cb3	xor	x25,x2,x25	  x2:0x80009fc4 x25:0xe956f4cc x25=0x69566b08
       17415000	      1740	8000254c	b0efbc13	sltiu	x24,x31,-1266	 x31:0x00000000 x24=0x00000001
       17425000	      1741	80002550	00000013	addi	x0,x0,0	  x0:0x00000000
       17435000	      1742	80002554	012d9413	slli	x8,x27,0x12	 x27:0x00000000  x8=0x00000000
       17445000	      1743	80002558	01ce7b33	and	x22,x28,x28	 x28:0x00000000 x28:0x00000000 x22=0x00000000
       17455000	      1744	8000255c	01290833	add	x16,x18,x18	 x18:0x40da54b8 x18:0x40da54b8 x16=0x81b4a970
       17465000	      1745	80002560	00521f93	slli	x31,x4,0x5	  x4:0x00000001 x31=0x00000020
       17475000	      1746	80002564	010e9393	slli	x7,x29,0x10	 x29:0x000006e3  x7=0x06e30000
       17485000	      1747	80002568	361107b7	lui	x15,0x36110	 x15=0x36110000
       17495000	      1748	8000256c	0159b533	sltu	x10,x19,x21	 x19:0x00000001 x21:0x80000000 x10=0x00000001
       17505000	      1749	80002570	01f13b33	sltu	x22,x2,x31	  x2:0x80009fc4 x31:0x00000020 x22=0x00000000
       17515000	      1750	80002574	02528e63	beq	x5,x5,800025b0	  x5:0x00000001  x5:0x00000001
       17525000	      1751	00000000	00000013	addi	x0,x0,0	  x0:0x00000000
       17535000	      1752	800025ac	00000013	addi	x0,x0,0	  x0:0x00000000
       17545000	      1753	800025b0	a6a5b993	sltiu	x19,x11,-1430	 x11:0xffffffff x19=0x00000000
       17555000	      1754	800025b4	609e4f93	xori	x31,x28,1545	 x28:0x00000000 x31=0x00000609
       17565000	      1755	800025b8	01abacb3	slt	x25,x23,x26	 x23:0x80009f84 x26:0x00000000 x25=0x00000001
       17575000	      1756	800025bc	41cf58b3	sra	x17,x30,x28	 x30:0x000004b6 x28:0x00000000 x17=0x000004b6
       17585000	      1757	800025c0	01b4a533	slt	x10,x9,x27	  x9:0x000002f5 x27:0x00000000 x10=0x00000000
       17595000	      1758	800025c4	031df063	bgeu	x27,x17,800025e4	 x27:0x00000000 x17:0x000004b6
       17605000	      1759	800025c8	f5415d97	auipc	x27,0xf5415	 x27=0x754175c4
       17615000	      1760	800025cc	00566233	or	x4,x12,x5	 x12:0x6b046000  x5:0x00000001  x4=0x6b046001
       17625000	      1761	800025d0	01b1f663	bgeu	x3,x27,800025dc	  x3:0x00000000 x27:0x754175c4
       17635000	      1762	800025d4	40bdde33	sra	x28,x27,x11	 x27:0x754175c4 x11:0xffffffff x28=0x00000000
       17645000	      1763	800025d8	e9f93317	auipc	x6,0xe9f93	  x6=0x69f955d4
       17655000	      1764	800025dc	011684b3	add	x9,x13,x17	 x13:0x00000000 x17:0x000004b6  x9=0x000004b6
       17665000	      1765	800025e0	00000013	addi	x0,x0,0	  x0:0x00000000
       17675000	      1766	800025e4	96867393	andi	x7,x12,-1688	 x12:0x6b046000  x7=0x6b046000
       17685000	      1767	800025e8	d1178393	addi	x7,x15,-751	 x15:0x36110000  x7=0x3610fd11
       17695000	      1768	800025ec	39409837	lui	x16,0x39409	 x16=0x39409000
       17705000	      1769	800025f0	585c6e93	ori	x29,x24,1413	 x24:0x00000001 x29=0x00000585
       17715000	      1770	800025f4	01b35663	bge	x6,x27,80002600	  x6:0x69f955d4 x27:0x754175c4
       17725000	      1771	800025f8	012cf4b3	and	x9,x25,x18	 x25:0x00000001 x18:0x40da54b8  x9=0x00000000
       17735000	      1772	800025fc	00000013	addi	x0,x0,0	  x0:0x00000000
       17745000	      1773	80002600	00ea9013	slli	x0,x21,0xe	 x21:0x80000000
       17755000	      1774	80002604	00cbd933	srl	x18,x23,x12	 x23:0x80009f84 x12:0x6b046000 x18=0x80009f84
       17765000	      1775	80002608	94528a93	addi	x21,x5,-1723	  x5:0x00000001 x21=0xfffff946
       17775000	      1776	8000260c	02735c63	bge	x6,x7,80002644	  x6:0x69f955d4  x7:0x3610fd11
       17785000	      1777	00000000	00000013	addi	x0,x0,0	  x0:0x00000000
       17795000	      1778	80002640	00000013	addi	x0,x0,0	  x0:0x00000000
       17805000	      1779	80002644	00f14e33	xor	x28,x2,x15	  x2:0x80009fc4 x15:0x36110000 x28=0xb6119fc4
       17815000	      1780	80002648	2124e297	auipc	x5,0x2124e	  x5=0xa1250644
       17825000	      1781	8000264c	01088463	beq	x17,x16,80002654	 x17:0x000004b6 x16:0x39409000
       17835000	      1782	80002650	00401393	slli	x7,x0,0x4	  x0:0x00000000  x7=0x00000000
       17845000	      1783	80002654	035ec263	blt	x29,x21,80002678	 x29:0x00000585 x21:0xfffff946
       17855000	      1784	80002658	01ccd4b3	srl	x9,x25,x28	 x25:0x00000001 x28:0xb6119fc4  x9=0x00000000
       17865000	      1785	8000265c	903e0513	addi	x10,x28,-1789	 x28:0xb6119fc4 x10=0xb61198c7
       17875000	      1786	80002660	03fd0663	beq	x26,x31,8000268c	 x26:0x00000000 x31:0x00000609
       17885000	      1787	80002664	000f1db3	sll	x27,x30,x0	 x30:0x000004b6  x0:0x00000000 x27=0x000004b6
       17895000	      1788	80002668	1b4556b7	lui	x13,0x1b455	 x13=0x1b455000
       17905000	      1789	8000266c	01917433	and	x8,x2,x25	  x2:0x80009fc4 x25:0x00000001  x8=0x00000000
       17915000	      1790	80002670	01c01d93	slli	x27,x0,0x1c	  x0:0x00000000 x27=0x00000000
       17925000	      1791	80002674	02cbde63	bge	x23,x12,800026b0	 x23:0x80009f84 x12:0x6b046000
       17935000	      1792	80002678	40878833	sub	x16,x15,x8	 x15:0x36110000  x8:0x00000000 x16=0x36110000
       17945000	      1793	8000267c	01835e63	bge	x6,x24,80002698	  x6:0x69f955d4 x24:0x00000001
       17955000	      1794	00000000	00000013	addi	x0,x0,0	  x0:0x00000000
       17965000	      1795	80002694	00000013	addi	x0,x0,0	  x0:0x00000000
       17975000	      1796	80002698	dcd5fa13	andi	x20,x11,-563	 x11:0xffffffff x20=0xfffffdcd
       17985000	      1797	8000269c	001e9c63	bne	x29,x1,800026b4	 x29:0x00000585  x1:0x09e6a061
       17995000	      1798	00000000	00000013	addi	x0,x0,0	  x0:0x00000000
       18005000	      1799	800026b0	00000013	addi	x0,x0,0	  x0:0x00000000
       18015000	      1800	800026b4	6718d897	auipc	x17,0x6718d	 x17=0xe718f6b0
       18025000	      1801	800026b8	00b5d493	srli	x9,x11,0xb	 x11:0xffffffff  x9=0x001fffff
       18035000	      1802	800026bc	31f32393	slti	x7,x6,799	  x6:0x69f955d4  x7=0x00000000
       18045000	      1803	800026c0	fe19b493	sltiu	x9,x19,-31	 x19:0x00000000  x9=0x00000001
       18055000	      1804	800026c4	00259ab3	sll	x21,x11,x2	 x11:0xffffffff  x2:0x80009fc4 x21=0xfffffff0
       18065000	      1805	800026c8	03444c63	blt	x8,x20,80002700	  x8:0x00000000 x20:0xfffffdcd
       18075000	      1806	800026cc	04638863	beq	x7,x6,8000271c	  x7:0x00000000  x6:0x69f955d4
       18085000	      1807	800026d0	00c67633	and	x12,x12,x12	 x12:0x6b046000 x12:0x6b046000 x12=0x6b046000
       18095000	      1808	800026d4	4080d493	srai	x9,x1,0x8	  x1:0x09e6a061  x9=0x0009e6a0
       18105000	      1809	800026d8	01c05c33	srl	x24,x0,x28	  x0:0x00000000 x28:0xb6119fc4 x24=0x00000000
       18115000	      1810	800026dc	01f21f13	slli	x30,x4,0x1f	  x4:0x6b046001 x30=0x80000000
       18125000	      1811	800026e0	006b0463	beq	x22,x6,800026e8	 x22:0x00000000  x6:0x69f955d4
       18135000	      1812	800026e4	01a45513	srli	x10,x8,0x1a	  x8:0x00000000 x10=0x00000000
       18145000	      1813	800026e8	86f6b013	sltiu	x0,x13,-1937	 x13:0x1b455000
       18155000	      1814	800026ec	00a491b3	sll	x3,x9,x10	  x9:0x0009e6a0 x10:0x00000000  x3=0x0009e6a0
       18165000	      1815	800026f0	01f7c7b3	xor	x15,x15,x31	 x15:0x36110000 x31:0x00000609 x15=0x36110609
       18175000	      1816	800026f4	01895833	srl	x16,x18,x24	 x18:0x80009f84 x24:0x00000000 x16=0x80009f84
       18185000	      1817	800026f8	01a71433	sll	x8,x14,x26	 x14:0x00000000 x26:0x00000000  x8=0x00000000
       18195000	      1818	800026fc	00b39d13	slli	x26,x7,0xb	  x7:0x00000000 x26=0x00000000
       18205000	      1819	80002700	0111c863	blt	x3,x17,80002710	  x3:0x0009e6a0 x17:0xe718f6b0
       18215000	      1820	80002704	c56ce693	ori	x13,x25,-938	 x25:0x00000001 x13=0xfffffc57
       18225000	      1821	80002708	8dfb7693	andi	x13,x22,-1825	 x22:0x00000000 x13=0x00000000
       18235000	      1822	8000270c	dbe30f13	addi	x30,x6,-578	  x6:0x69f955d4 x30=0x69f95392
       18245000	      1823	80002710	e7fd3393	sltiu	x7,x26,-385	 x26:0x00000000  x7=0x00000001
       18255000	      1824	80002714	92d96893	ori	x17,x18,-1747	 x18:0x80009f84 x17=0xffffffad
       18265000	      1825	80002718	010d9613	slli	x12,x27,0x10	 x27:0x00000000 x12=0x00000000
       18275000	      1826	8000271c	41a854b3	sra	x9,x16,x26	 x16:0x80009f84 x26:0x00000000  x9=0x80009f84
       18285000	      1827	80002720	01e258b3	srl	x17,x4,x30	  x4:0x6b046001 x30:0x69f95392 x17=0x00001ac1
       18295000	      1828	80002724	01df5a63	bge	x30,x29,80002738	 x30:0x69f95392 x29:0x00000585
       18305000	      1829	00000000	00000013	addi	x0,x0,0	  x0:0x00000000
       18315000	      1830	80002734	00000013	addi	x0,x0,0	  x0:0x00000000
       18325000	      1831	80002738	00bf6c63	bltu	x30,x11,80002750	 x30:0x69f95392 x11:0xffffffff
       18335000	      1832	00000000	00000013	addi	x0,x0,0	  x0:0x00000000
       18345000	      1833	8000274c	00000013	addi	x0,x0,0	  x0:0x00000000
       18355000	      1834	80002750	419f01b3	sub	x3,x30,x25	 x30:0x69f95392 x25:0x00000001  x3=0x69f95391
       18365000	      1835	80002754	011931b3	sltu	x3,x18,x17	 x18:0x80009f84 x17:0x00001ac1  x3=0x00000000
       18375000	      1836	80002758	00506e63	bltu	x0,x5,80002774	  x0:0x00000000  x5:0xa1250644
       18385000	      1837	00000000	00000013	addi	x0,x0,0	  x0:0x00000000
       18395000	      1838	80002770	00000013	addi	x0,x0,0	  x0:0x00000000
       18405000	      1839	80002774	419c0233	sub	x4,x24,x25	 x24:0x00000000 x25:0x00000001  x4=0xffffffff
       18415000	      1840	80002778	b87689b7	lui	x19,0xb8768	 x19=0xb8768000
       18425000	      1841	8000277c	019c33b3	sltu	x7,x24,x25	 x24:0x00000000 x25:0x00000001  x7=0x00000001
       18435000	      1842	80002780	0162a833	slt	x16,x5,x22	  x5:0xa1250644 x22:0x00000000 x16=0x00000001
       18445000	      1843	80002784	016cca33	xor	x20,x25,x22	 x25:0x00000001 x22:0x00000000 x20=0x00000001
       18455000	      1844	80002788	01829933	sll	x18,x5,x24	  x5:0xa1250644 x24:0x00000000 x18=0xa1250644
       18465000	      1845	8000278c	402d0533	sub	x10,x26,x2	 x26:0x00000000  x2:0x80009fc4 x10=0x7fff603c
       18475000	      1846	80002790	011c51b3	srl	x3,x24,x17	 x24:0x00000000 x17:0x00001ac1  x3=0x00000000
       18485000	      1847	80002794	0d0a6493	ori	x9,x20,208	 x20:0x00000001  x9=0x000000d1
       18495000	      1848	80002798	000334b3	sltu	x9,x6,x0	  x6:0x69f955d4  x0:0x00000000  x9=0x00000000
       18505000	      1849	8000279c	56ff7e37	lui	x28,0x56ff7	 x28=0x56ff7000
       18515000	      1850	800027a0	fed18493	addi	x9,x3,-19	  x3:0x00000000  x9=0xffffffed
       18525000	      1851	800027a4	8533c693	xori	x13,x7,-1965	  x7:0x00000001 x13=0xfffff852
       18535000	      1852	800027a8	002f2d33	slt	x26,x30,x2	 x30:0x69f95392  x2:0x80009fc4 x26=0x00000000
       18545000	      1853	800027ac	409b5933	sra	x18,x22,x9	 x22:0x00000000  x9:0xffffffed x18=0x00000000
       18555000	      1854	800027b0	018c9333	sll	x6,x25,x24	 x25:0x00000001 x24:0x00000000  x6=0x00000001
       18565000	      1855	800027b4	02f60263	beq	x12,x15,800027d8	 x12:0x00000000 x15:0x36110609
       18575000	      1856	800027b8	767d22b7	lui	x5,0x767d2	  x5=0x767d2000
       18585000	      1857	800027bc	01edc1b3	xor	x3,x27,x30	 x27:0x00000000 x30:0x69f95392  x3=0x69f95392
       18595000	      1858	800027c0	4035d533	sra	x10,x11,x3	 x11:0xffffffff  x3:0x69f95392 x10=0xffffffff
       18605000	      1859	800027c4	00a92033	slt	x0,x18,x10	 x18:0x00000000 x10:0xffffffff
       18615000	      1860	800027c8	03a10863	beq	x2,x26,800027f8	  x2:0x80009fc4 x26:0x00000000
       18625000	      1861	800027cc	011a7663	bgeu	x20,x17,800027d8	 x20:0x00000001 x17:0x00001ac1
       18635000	      1862	800027d0	e1938393	addi	x7,x7,-487	  x7:0x00000001  x7=0xfffffe1a
       18645000	      1863	800027d4	9a808193	addi	x3,x1,-1624	  x1:0x09e6a061  x3=0x09e69a09
       18655000	      1864	800027d8	11a10c93	addi	x25,x2,282	  x2:0x80009fc4 x25=0x8000a0de
       18665000	      1865	800027dc	40ab88b3	sub	x17,x23,x10	 x23:0x80009f84 x10:0xffffffff x17=0x80009f85
       18675000	      1866	800027e0	0109b5b3	sltu	x11,x19,x16	 x19:0xb8768000 x16:0x00000001 x11=0x00000000
       18685000	      1867	800027e4	015a5e13	srli	x28,x20,0x15	 x20:0x00000001 x28=0x00000000
       18695000	      1868	800027e8	02f7c263	blt	x15,x15,8000280c	 x15:0x36110609 x15:0x36110609
       18705000	      1869	800027ec	4044dfb3	sra	x31,x9,x4	  x9:0xffffffed  x4:0xffffffff x31=0xffffffff
       18715000	      1870	800027f0	01d74663	blt	x14,x29,800027fc	 x14:0x00000000 x29:0x00000585
       18725000	      1871	00000000	00000013	addi	x0,x0,0	  x0:0x00000000
       18735000	      1872	800027f8	00000013	addi	x0,x0,0	  x0:0x00000000
       18745000	      1873	800027fc	00554463	blt	x10,x5,80002804	 x10:0xffffffff  x5:0x767d2000
       18755000	      1874	00000000	00000013	addi	x0,x0,0	  x0:0x00000000
       18765000	      1875	80002800	00000013	addi	x0,x0,0	  x0:0x00000000
       18775000	      1876	80002804	014cbe33	sltu	x28,x25,x20	 x25:0x8000a0de x20:0x00000001 x28=0x00000000
       18785000	      1877	80002808	002ea7b3	slt	x15,x29,x2	 x29:0x00000585  x2:0x80009fc4 x15=0x00000000
       18795000	      1878	8000280c	0136fa33	and	x20,x13,x19	 x13:0xfffff852 x19:0xb8768000 x20=0xb8768000
       18805000	      1879	80002810	006de433	or	x8,x27,x6	 x27:0x00000000  x6:0x00000001  x8=0x00000001
       18815000	      1880	80002814	435aaa93	slti	x21,x21,1077	 x21:0xfffffff0 x21=0x00000001
       18825000	      1881	80002818	41450533	sub	x10,x10,x20	 x10:0xffffffff x20:0xb8768000 x10=0x47897fff
       18835000	      1882	8000281c	ef8bea93	ori	x21,x23,-264	 x23:0x80009f84 x21=0xfffffffc
       18845000	      1883	80002820	034c5863	bge	x24,x20,80002850	 x24:0x00000000 x20:0xb8768000
       18855000	      1884	00000000	00000013	addi	x0,x0,0	  x0:0x00000000
       18865000	      1885	8000284c	00000013	addi	x0,x0,0	  x0:0x00000000
       18875000	      1886	80002850	01749663	bne	x9,x23,8000285c	  x9:0xffffffed x23:0x80009f84
       18885000	      1887	00000000	00000013	addi	x0,x0,0	  x0:0x00000000
       18895000	      1888	80002858	00000013	addi	x0,x0,0	  x0:0x00000000
       18905000	      1889	8000285c	01c5ee33	or	x28,x11,x28	 x11:0x00000000 x28:0x00000000 x28=0x00000000
       18915000	      1890	80002860	0112d663	bge	x5,x17,8000286c	  x5:0x767d2000 x17:0x80009f85
       18925000	      1891	00000000	00000013	addi	x0,x0,0	  x0:0x00000000
       18935000	      1892	80002868	00000013	addi	x0,x0,0	  x0:0x00000000
       18945000	      1893	8000286c	6f0e2013	slti	x0,x28,1776	 x28:0x00000000
       18955000	      1894	80002870	40a0d033	sra	x0,x1,x10	  x1:0x09e6a061 x10:0x47897fff
       18965000	      1895	80002874	024d5463	bge	x26,x4,8000289c	 x26:0x00000000  x4:0xffffffff
       18975000	      1896	00000000	00000013	addi	x0,x0,0	  x0:0x00000000
       18985000	      1897	80002898	00000013	addi	x0,x0,0	  x0:0x00000000
       18995000	      1898	8000289c	01159413	slli	x8,x11,0x11	 x11:0x00000000  x8=0x00000000
       19005000	      1899	800028a0	02687e63	bgeu	x16,x6,800028dc	 x16:0x00000001  x6:0x00000001
       19015000	      1900	00000000	00000013	addi	x0,x0,0	  x0:0x00000000
       19025000	      1901	800028d8	00000013	addi	x0,x0,0	  x0:0x00000000
       19035000	      1902	800028dc	61a7b613	sltiu	x12,x15,1562	 x15:0x00000000 x12=0x00000001
       19045000	      1903	800028e0	03e4e663	bltu	x9,x30,8000290c	  x9:0xffffffed x30:0x69f95392
       19055000	      1904	800028e4	00000013	addi	x0,x0,0	  x0:0x00000000
       19065000	      1905	800028e8	039f5c63	bge	x30,x25,80002920	 x30:0x69f95392 x25:0x8000a0de
       19075000	      1906	00000000	00000013	addi	x0,x0,0	  x0:0x00000000
       19085000	      1907	8000291c	00000013	addi	x0,x0,0	  x0:0x00000000
       19095000	      1908	80002920	02f1c663	blt	x3,x15,8000294c	  x3:0x09e69a09 x15:0x00000000
       19105000	      1909	80002924	043c7263	bgeu	x24,x3,80002968	 x24:0x00000000  x3:0x09e69a09
       19115000	      1910	80002928	40ea0b33	sub	x22,x20,x14	 x20:0xb8768000 x14:0x00000000 x22=0xb8768000
       19125000	      1911	8000292c	008bda93	srli	x21,x23,0x8	 x23:0x80009f84 x21=0x0080009f
       19135000	      1912	80002930	00330c63	beq	x6,x3,80002948	  x6:0x00000001  x3:0x09e69a09
       19145000	      1913	80002934	01a12ab3	slt	x21,x2,x26	  x2:0x80009fc4 x26:0x00000000 x21=0x00000001
       19155000	      1914	80002938	0065b333	sltu	x6,x11,x6	 x11:0x00000000  x6:0x00000001  x6=0x00000001
       19165000	      1915	8000293c	02b97c93	andi	x25,x18,43	 x18:0x00000000 x25=0x00000000
       19175000	      1916	80002940	017ff4b3	and	x9,x31,x23	 x31:0xffffffff x23:0x80009f84  x9=0x80009f84
       19185000	      1917	80002944	8174cf13	xori	x30,x9,-2025	  x9:0x80009f84 x30=0x7fff6793
       19195000	      1918	80002948	c3683213	sltiu	x4,x16,-970	 x16:0x00000001  x4=0x00000001
       19205000	      1919	8000294c	4131d833	sra	x16,x3,x19	  x3:0x09e69a09 x19:0xb8768000 x16=0x09e69a09
       19215000	      1920	80002950	6e9f2513	slti	x10,x30,1769	 x30:0x7fff6793 x10=0x00000000
       19225000	      1921	80002954	019a0ab3	add	x21,x20,x25	 x20:0xb8768000 x25:0x00000000 x21=0xb8768000
       19235000	      1922	80002958	2f4442b7	lui	x5,0x2f444	  x5=0x2f444000
       19245000	      1923	8000295c	00000013	addi	x0,x0,0	  x0:0x00000000
       19255000	      1924	80002960	39a738b7	lui	x17,0x39a73	 x17=0x39a73000
       19265000	      1925	80002964	03d44663	blt	x8,x29,80002990	  x8:0x00000000 x29:0x00000585
       19275000	      1926	00000000	00000013	addi	x0,x0,0	  x0:0x00000000
       19285000	      1927	8000298c	00000013	addi	x0,x0,0	  x0:0x00000000
       19295000	      1928	80002990	0556c463	blt	x13,x21,800029d8	 x13:0xfffff852 x21:0xb8768000
       19305000	      1929	80002994	01351713	slli	x14,x10,0x13	 x10:0x00000000 x14=0x00000000
       19315000	      1930	80002998	00821eb3	sll	x29,x4,x8	  x4:0x00000001  x8:0x00000000 x29=0x00000001
       19325000	      1931	8000299c	02b3f863	bgeu	x7,x11,800029cc	  x7:0xfffffe1a x11:0x00000000
       19335000	      1932	00000000	00000013	addi	x0,x0,0	  x0:0x00000000
       19345000	      1933	800029c8	00000013	addi	x0,x0,0	  x0:0x00000000
       19355000	      1934	800029cc	01257b33	and	x22,x10,x18	 x10:0x00000000 x18:0x00000000 x22=0x00000000
       19365000	      1935	800029d0	003581b3	add	x3,x11,x3	 x11:0x00000000  x3:0x09e69a09  x3=0x09e69a09
       19375000	      1936	800029d4	4bdd9f17	auipc	x30,0x4bdd9	 x30=0xcbddb9d0
       19385000	      1937	800029d8	47b1bc93	sltiu	x25,x3,1147	  x3:0x09e69a09 x25=0x00000000
       19395000	      1938	800029dc	d62c6cb7	lui	x25,0xd62c6	 x25=0xd62c6000
       19405000	      1939	800029e0	02788263	beq	x17,x7,80002a04	 x17:0x39a73000  x7:0xfffffe1a
       19415000	      1940	800029e4	3aa3b213	sltiu	x4,x7,938	  x7:0xfffffe1a  x4=0x00000000
       19425000	      1941	800029e8	00e5d293	srli	x5,x11,0xe	 x11:0x00000000  x5=0x00000000
       19435000	      1942	800029ec	00061893	slli	x17,x12,0x0	 x12:0x00000001 x17=0x00000001
       19445000	      1943	800029f0	025c6a63	bltu	x24,x5,80002a24	 x24:0x00000000  x5:0x00000000
       19455000	      1944	800029f4	003f5f33	srl	x30,x30,x3	 x30:0xcbddb9d0  x3:0x09e69a09 x30=0x0065eedc
       19465000	      1945	800029f8	3b5f0313	addi	x6,x30,949	 x30:0x0065eedc  x6=0x0065f291
       19475000	      1946	800029fc	03da4e63	blt	x20,x29,80002a38	 x20:0xb8768000 x29:0x00000001
       19485000	      1947	00000000	00000013	addi	x0,x0,0	  x0:0x00000000
       19495000	      1948	80002a34	00000013	addi	x0,x0,0	  x0:0x00000000
       19505000	      1949	80002a38	dd73ff93	andi	x31,x7,-553	  x7:0xfffffe1a x31=0xfffffc12
       19515000	      1950	80002a3c	00730833	add	x16,x6,x7	  x6:0x0065f291  x7:0xfffffe1a x16=0x0065f0ab
       19525000	      1951	80002a40	00c97c63	bgeu	x18,x12,80002a58	 x18:0x00000000 x12:0x00000001
       19535000	      1952	80002a44	0011e663	bltu	x3,x1,80002a50	  x3:0x09e69a09  x1:0x09e6a061
       19545000	      1953	00000000	00000013	addi	x0,x0,0	  x0:0x00000000
       19555000	      1954	80002a4c	00000013	addi	x0,x0,0	  x0:0x00000000
       19565000	      1955	80002a50	be012793	slti	x15,x2,-1056	  x2:0x80009fc4 x15=0x00000001
       19575000	      1956	80002a54	0063aeb3	slt	x29,x7,x6	  x7:0xfffffe1a  x6:0x0065f291 x29=0x00000001
       19585000	      1957	80002a58	01a36fb3	or	x31,x6,x26	  x6:0x0065f291 x26:0x00000000 x31=0x0065f291
       19595000	      1958	80002a5c	00339393	slli	x7,x7,0x3	  x7:0xfffffe1a  x7=0xfffff0d0
       19605000	      1959	80002a60	01176433	or	x8,x14,x17	 x14:0x00000000 x17:0x00000001  x8=0x00000001
       19615000	      1960	80002a64	016c1193	slli	x3,x24,0x16	 x24:0x00000000  x3=0x00000000
       19625000	      1961	80002a68	00dc8eb3	add	x29,x25,x13	 x25:0xd62c6000 x13:0xfffff852 x29=0xd62c5852
       19635000	      1962	80002a6c	d267cc17	auipc	x24,0xd267c	 x24=0x5267ea68
       19645000	      1963	80002a70	03777063	bgeu	x14,x23,80002a90	 x14:0x00000000 x23:0x80009f84
       19655000	      1964	80002a74	025e8e63	beq	x29,x5,80002ab0	 x29:0xd62c5852  x5:0x00000000
       19665000	      1965	80002a78	00000013	addi	x0,x0,0	  x0:0x00000000
       19675000	      1966	80002a7c	01ad72b3	and	x5,x26,x26	 x26:0x00000000 x26:0x00000000  x5=0x00000000
       19685000	      1967	80002a80	01e21833	sll	x16,x4,x30	  x4:0x00000000 x30:0x0065eedc x16=0x00000000
       19695000	      1968	80002a84	021c8e63	beq	x25,x1,80002ac0	 x25:0xd62c6000  x1:0x09e6a061
       19705000	      1969	80002a88	ee5b3793	sltiu	x15,x22,-283	 x22:0x00000000 x15=0x00000001
       19715000	      1970	80002a8c	008f7f33	and	x30,x30,x8	 x30:0x0065eedc  x8:0x00000001 x30=0x00000000
       19725000	      1971	80002a90	418d5c13	srai	x24,x26,0x18	 x26:0x00000000 x24=0x00000000
       19735000	      1972	80002a94	416486b3	sub	x13,x9,x22	  x9:0x80009f84 x22:0x00000000 x13=0x80009f84
       19745000	      1973	80002a98	0131b3b3	sltu	x7,x3,x19	  x3:0x00000000 x19:0xb8768000  x7=0x00000001
       19755000	      1974	80002a9c	002e5463	bge	x28,x2,80002aa4	 x28:0x00000000  x2:0x80009fc4
       19765000	      1975	00000000	00000013	addi	x0,x0,0	  x0:0x00000000
       19775000	      1976	80002aa0	00000013	addi	x0,x0,0	  x0:0x00000000
       19785000	      1977	80002aa4	1a814693	xori	x13,x2,424	  x2:0x80009fc4 x13=0x80009e6c
       19795000	      1978	80002aa8	002c4663	blt	x24,x2,80002ab4	 x24:0x00000000  x2:0x80009fc4
       19805000	      1979	80002aac	016bfdb3	and	x27,x23,x22	 x23:0x80009f84 x22:0x00000000 x27=0x00000000
       19815000	      1980	80002ab0	01c38033	add	x0,x7,x28	  x7:0x00000001 x28:0x00000000
       19825000	      1981	80002ab4	680e2313	slti	x6,x28,1664	 x28:0x00000000  x6=0x00000001
       19835000	      1982	80002ab8	00e58e63	beq	x11,x14,80002ad4	 x11:0x00000000 x14:0x00000000
       19845000	      1983	00000000	00000013	addi	x0,x0,0	  x0:0x00000000
       19855000	      1984	80002ad0	00000013	addi	x0,x0,0	  x0:0x00000000
       19865000	      1985	80002ad4	01ef8ab3	add	x21,x31,x30	 x31:0x0065f291 x30:0x00000000 x21=0x0065f291
       19875000	      1986	80002ad8	00270b33	add	x22,x14,x2	 x14:0x00000000  x2:0x80009fc4 x22=0x80009fc4
       19885000	      1987	80002adc	00fccf33	xor	x30,x25,x15	 x25:0xd62c6000 x15:0x00000001 x30=0xd62c6001
       19895000	      1988	80002ae0	eafd1db7	lui	x27,0xeafd1	 x27=0xeafd1000
       19905000	      1989	80002ae4	01861663	bne	x12,x24,80002af0	 x12:0x00000001 x24:0x00000000
       19915000	      1990	00000000	00000013	addi	x0,x0,0	  x0:0x00000000
       19925000	      1991	80002aec	00000013	addi	x0,x0,0	  x0:0x00000000
       19935000	      1992	80002af0	d478f693	andi	x13,x17,-697	 x17:0x00000001 x13=0x00000001
       19945000	      1993	80002af4	8b3c9e97	auipc	x29,0x8b3c9	 x29=0x0b3cbaf0
       19955000	      1994	80002af8	c3c86413	ori	x8,x16,-964	 x16:0x00000000  x8=0xfffffc3c
       19965000	      1995	80002afc	736f2e97	auipc	x29,0x736f2	 x29=0xf36f4af8
       19975000	      1996	80002b00	01c29013	slli	x0,x5,0x1c	  x5:0x00000000
       19985000	      1997	80002b04	1275fd93	andi	x27,x11,295	 x11:0x00000000 x27=0x00000000
       19995000	      1998	80002b08	001e1d93	slli	x27,x28,0x1	 x28:0x00000000 x27=0x00000000
       20005000	      1999	80002b0c	c4d3ab13	slti	x22,x7,-947	  x7:0x00000001 x22=0x00000000
       20015000	      2000	80002b10	032f9c63	bne	x31,x18,80002b48	 x31:0x0065f291 x18:0x00000000
       20025000	      2001	00000000	00000013	addi	x0,x0,0	  x0:0x00000000
       20035000	      2002	80002b44	00000013	addi	x0,x0,0	  x0:0x00000000
       20045000	      2003	80002b48	01d19633	sll	x12,x3,x29	  x3:0x00000000 x29:0xf36f4af8 x12=0x00000000
       20055000	      2004	80002b4c	01b60433	add	x8,x12,x27	 x12:0x00000000 x27:0x00000000  x8=0x00000000
       20065000	      2005	80002b50	27fbf913	andi	x18,x23,639	 x23:0x80009f84 x18=0x00000204
       20075000	      2006	80002b54	008a3533	sltu	x10,x20,x8	 x20:0xb8768000  x8:0x00000000 x10=0x00000000
       20085000	      2007	80002b58	01bf4663	blt	x30,x27,80002b64	 x30:0xd62c6001 x27:0x00000000
       20095000	      2008	00000000	00000013	addi	x0,x0,0	  x0:0x00000000
       20105000	      2009	80002b60	00000013	addi	x0,x0,0	  x0:0x00000000
       20115000	      2010	80002b64	01e71a33	sll	x20,x14,x30	 x14:0x00000000 x30:0xd62c6001 x20=0x00000000
       20125000	      2011	80002b68	032bc663	blt	x23,x18,80002b94	 x23:0x80009f84 x18:0x00000204
       20135000	      2012	00000000	00000013	addi	x0,x0,0	  x0:0x00000000
       20145000	      2013	80002b90	00000013	addi	x0,x0,0	  x0:0x00000000
       20155000	      2014	80002b94	00000013	addi	x0,x0,0	  x0:0x00000000
       20165000	      2015	80002b98	02f7d263	bge	x15,x15,80002bbc	 x15:0x00000001 x15:0x00000001
       20175000	      2016	00000000	00000013	addi	x0,x0,0	  x0:0x00000000
       20185000	      2017	80002bb8	00000013	addi	x0,x0,0	  x0:0x00000000
       20195000	      2018	80002bbc	01b74933	xor	x18,x14,x27	 x14:0x00000000 x27:0x00000000 x18=0x00000000
       20205000	      2019	80002bc0	31298e13	addi	x28,x19,786	 x19:0xb8768000 x28=0xb8768312
       20215000	      2020	80002bc4	015bd293	srli	x5,x23,0x15	 x23:0x80009f84  x5=0x00000400
       20225000	      2021	80002bc8	97f0e713	ori	x14,x1,-1665	  x1:0x09e6a061 x14=0xfffff97f
       20235000	      2022	80002bcc	00bf4f33	xor	x30,x30,x11	 x30:0xd62c6001 x11:0x00000000 x30=0xd62c6001
       20245000	      2023	80002bd0	faa3ff93	andi	x31,x7,-86	  x7:0x00000001 x31=0x00000000
       20255000	      2024	80002bd4	41070db3	sub	x27,x14,x16	 x14:0xfffff97f x16:0x00000000 x27=0xfffff97f
       20265000	      2025	80002bd8	953a8c13	addi	x24,x21,-1709	 x21:0x0065f291 x24=0x0065ebe4
       20275000	      2026	80002bdc	00fa8433	add	x8,x21,x15	 x21:0x0065f291 x15:0x00000001  x8=0x0065f292
       20285000	      2027	80002be0	01896463	bltu	x18,x24,80002be8	 x18:0x00000000 x24:0x0065ebe4
       20295000	      2028	00000000	00000013	addi	x0,x0,0	  x0:0x00000000
       20305000	      2029	80002be4	00000013	addi	x0,x0,0	  x0:0x00000000
       20315000	      2030	80002be8	01fb1463	bne	x22,x31,80002bf0	 x22:0x00000000 x31:0x00000000
       20325000	      2031	80002bec	2190f993	andi	x19,x1,537	  x1:0x09e6a061 x19=0x00000001
       20335000	      2032	80002bf0	41705793	srai	x15,x0,0x17	  x0:0x00000000 x15=0x00000000
       20345000	      2033	80002bf4	00539d13	slli	x26,x7,0x5	  x7:0x00000001 x26=0x00000020
       20355000	      2034	80002bf8	00a95e63	bge	x18,x10,80002c14	 x18:0x00000000 x10:0x00000000
       20365000	      2035	00000000	00000013	addi	x0,x0,0	  x0:0x00000000
       20375000	      2036	80002c10	00000013	addi	x0,x0,0	  x0:0x00000000
       20385000	      2037	80002c14	01d9e233	or	x4,x19,x29	 x19:0x00000001 x29:0xf36f4af8  x4=0xf36f4af9
       20395000	      2038	80002c18	006f8c63	beq	x31,x6,80002c30	 x31:0x00000000  x6:0x00000001
       20405000	      2039	80002c1c	031d7463	bgeu	x26,x17,80002c44	 x26:0x00000020 x17:0x00000001
       20415000	      2040	00000000	00000013	addi	x0,x0,0	  x0:0x00000000
       20425000	      2041	80002c40	00000013	addi	x0,x0,0	  x0:0x00000000
       20435000	      2042	80002c44	03586e63	bltu	x16,x21,80002c80	 x16:0x00000000 x21:0x0065f291
       20445000	      2043	00000000	00000013	addi	x0,x0,0	  x0:0x00000000
       20455000	      2044	80002c7c	00000013	addi	x0,x0,0	  x0:0x00000000
       20465000	      2045	80002c80	90da0593	addi	x11,x20,-1779	 x20:0x00000000 x11=0xfffff90d
       20475000	      2046	80002c84	fd2da993	slti	x19,x27,-46	 x27:0xfffff97f x19=0x00000001
       20485000	      2047	80002c88	010702b3	add	x5,x14,x16	 x14:0xfffff97f x16:0x00000000  x5=0xfffff97f
       20495000	      2048	80002c8c	271986b7	lui	x13,0x27198	 x13=0x27198000
       20505000	      2049	80002c90	01395a33	srl	x20,x18,x19	 x18:0x00000000 x19:0x00000001 x20=0x00000000
       20515000	      2050	80002c94	01fbec63	bltu	x23,x31,80002cac	 x23:0x80009f84 x31:0x00000000
       20525000	      2051	80002c98	015e5a13	srli	x20,x28,0x15	 x28:0xb8768312 x20=0x000005c3
       20535000	      2052	80002c9c	024d7263	bgeu	x26,x4,80002cc0	 x26:0x00000020  x4:0xf36f4af9
       20545000	      2053	80002ca0	14dd8b13	addi	x22,x27,333	 x27:0xfffff97f x22=0xfffffacc
       20555000	      2054	80002ca4	01a0d893	srli	x17,x1,0x1a	  x1:0x09e6a061 x17=0x00000002
       20565000	      2055	80002ca8	00699493	slli	x9,x19,0x6	 x19:0x00000001  x9=0x00000040
       20575000	      2056	80002cac	02287a63	bgeu	x16,x2,80002ce0	 x16:0x00000000  x2:0x80009fc4
       20585000	      2057	80002cb0	00d7adb3	slt	x27,x15,x13	 x15:0x00000000 x13:0x27198000 x27=0x00000001
       20595000	      2058	80002cb4	02615663	bge	x2,x6,80002ce0	  x2:0x80009fc4  x6:0x00000001
       20605000	      2059	80002cb8	03294863	blt	x18,x18,80002ce8	 x18:0x00000000 x18:0x00000000
       20615000	      2060	80002cbc	8a694393	xori	x7,x18,-1882	 x18:0x00000000  x7=0xfffff8a6
       20625000	      2061	80002cc0	02436c63	bltu	x6,x4,80002cf8	  x6:0x00000001  x4:0xf36f4af9
       20635000	      2062	00000000	00000013	addi	x0,x0,0	  x0:0x00000000
       20645000	      2063	80002cf4	00000013	addi	x0,x0,0	  x0:0x00000000
       20655000	      2064	80002cf8	02988863	beq	x17,x9,80002d28	 x17:0x00000002  x9:0x00000040
       20665000	      2065	80002cfc	7f6f3893	sltiu	x17,x30,2038	 x30:0xd62c6001 x17=0x00000000
       20675000	      2066	80002d00	41f75833	sra	x16,x14,x31	 x14:0xfffff97f x31:0x00000000 x16=0xfffff97f
       20685000	      2067	80002d04	f5168917	auipc	x18,0xf5168	 x18=0x7516ad00
       20695000	      2068	80002d08	05d95463	bge	x18,x29,80002d50	 x18:0x7516ad00 x29:0xf36f4af8
       20705000	      2069	00000000	00000013	addi	x0,x0,0	  x0:0x00000000
       20715000	      2070	80002d4c	00000013	addi	x0,x0,0	  x0:0x00000000
       20725000	      2071	80002d50	008c24b3	slt	x9,x24,x8	 x24:0x0065ebe4  x8:0x0065f292  x9=0x00000001
       20735000	      2072	80002d54	97f00313	addi	x6,x0,-1665	  x0:0x00000000  x6=0xfffff97f
       20745000	      2073	80002d58	00281a63	bne	x16,x2,80002d6c	 x16:0xfffff97f  x2:0x80009fc4
       20755000	      2074	00000000	00000013	addi	x0,x0,0	  x0:0x00000000
       20765000	      2075	80002d68	00000013	addi	x0,x0,0	  x0:0x00000000
       20775000	      2076	80002d6c	00c66cb3	or	x25,x12,x12	 x12:0x00000000 x12:0x00000000 x25=0x00000000
       20785000	      2077	80002d70	6005b297	auipc	x5,0x6005b	  x5=0xe005dd6c
       20795000	      2078	80002d74	c76e6f93	ori	x31,x28,-906	 x28:0xb8768312 x31=0xffffff76
       20805000	      2079	80002d78	418a87b3	sub	x15,x21,x24	 x21:0x0065f291 x24:0x0065ebe4 x15=0x000006ad
       20815000	      2080	80002d7c	d987b993	sltiu	x19,x15,-616	 x15:0x000006ad x19=0x00000001
       20825000	      2081	80002d80	02201063	bne	x0,x2,80002da0	  x0:0x00000000  x2:0x80009fc4
       20835000	      2082	00000000	00000013	addi	x0,x0,0	  x0:0x00000000
       20845000	      2083	80002d9c	00000013	addi	x0,x0,0	  x0:0x00000000
       20855000	      2084	80002da0	415a0233	sub	x4,x20,x21	 x20:0x000005c3 x21:0x0065f291  x4=0xff9a1332
       20865000	      2085	80002da4	016b82b3	add	x5,x23,x22	 x23:0x80009f84 x22:0xfffffacc  x5=0x80009a50
       20875000	      2086	80002da8	e7a9c893	xori	x17,x19,-390	 x19:0x00000001 x17=0xfffffe7b
       20885000	      2087	80002dac	403ed5b3	sra	x11,x29,x3	 x29:0xf36f4af8  x3:0x00000000 x11=0xf36f4af8
       20895000	      2088	80002db0	01aca333	slt	x6,x25,x26	 x25:0x00000000 x26:0x00000020  x6=0x00000001
       20905000	      2089	80002db4	12050c37	lui	x24,0x12050	 x24=0x12050000
       20915000	      2090	80002db8	41c188b3	sub	x17,x3,x28	  x3:0x00000000 x28:0xb8768312 x17=0x47897cee
       20925000	      2091	80002dbc	00447663	bgeu	x8,x4,80002dc8	  x8:0x0065f292  x4:0xff9a1332
       20935000	      2092	80002dc0	ee848017	auipc	x0,0xee848	
       20945000	      2093	80002dc4	0106ec33	or	x24,x13,x16	 x13:0x27198000 x16:0xfffff97f x24=0xfffff97f
       20955000	      2094	80002dc8	a69f4513	xori	x10,x30,-1431	 x30:0xd62c6001 x10=0x29d39a68
       20965000	      2095	80002dcc	01307733	and	x14,x0,x19	  x0:0x00000000 x19:0x00000001 x14=0x00000000
       20975000	      2096	80002dd0	61d27e93	andi	x29,x4,1565	  x4:0xff9a1332 x29=0x00000210
       20985000	      2097	80002dd4	e976ec93	ori	x25,x13,-361	 x13:0x27198000 x25=0xfffffe97
       20995000	      2098	80002dd8	00cfa233	slt	x4,x31,x12	 x31:0xffffff76 x12:0x00000000  x4=0x00000001
       21005000	      2099	80002ddc	40ea8b33	sub	x22,x21,x14	 x21:0x0065f291 x14:0x00000000 x22=0x0065f291
       21015000	      2100	80002de0	0041afb3	slt	x31,x3,x4	  x3:0x00000000  x4:0x00000001 x31=0x00000001
       21025000	      2101	80002de4	4eba4a93	xori	x21,x20,1259	 x20:0x000005c3 x21=0x00000128
       21035000	      2102	80002de8	cf3d5c97	auipc	x25,0xcf3d5	 x25=0x4f3d7de4
       21045000	      2103	80002dec	00779213	slli	x4,x15,0x7	 x15:0x000006ad  x4=0x00035680
       21055000	      2104	80002df0	03e5c863	blt	x11,x30,80002e20	 x11:0xf36f4af8 x30:0xd62c6001
       21065000	      2105	80002df4	01265b33	srl	x22,x12,x18	 x12:0x00000000 x18:0x7516ad00 x22=0x00000000
       21075000	      2106	80002df8	409107b3	sub	x15,x2,x9	  x2:0x80009fc4  x9:0x00000001 x15=0x80009fc3
       21085000	      2107	80002dfc	40915ab3	sra	x21,x2,x9	  x2:0x80009fc4  x9:0x00000001 x21=0xc0004fe2
       21095000	      2108	80002e00	33664493	xori	x9,x12,822	 x12:0x00000000  x9=0x00000336
       21105000	      2109	80002e04	00fd9633	sll	x12,x27,x15	 x27:0x00000001 x15:0x80009fc3 x12=0x00000008
       21115000	      2110	80002e08	9babb197	auipc	x3,0x9babb	  x3=0x1babde04
       21125000	      2111	80002e0c	b332f693	andi	x13,x5,-1229	  x5:0x80009a50 x13=0x80009a10
       21135000	      2112	80002e10	01f59793	slli	x15,x11,0x1f	 x11:0xf36f4af8 x15=0x00000000
       21145000	      2113	80002e14	00dad633	srl	x12,x21,x13	 x21:0xc0004fe2 x13:0x80009a10 x12=0x0000c000
       21155000	      2114	80002e18	406fd913	srai	x18,x31,0x6	 x31:0x00000001 x18=0x00000000
       21165000	      2115	80002e1c	01dfa613	slti	x12,x31,29	 x31:0x00000001 x12=0x00000001
       21175000	      2116	80002e20	0020cb33	xor	x22,x1,x2	  x1:0x09e6a061  x2:0x80009fc4 x22=0x89e63fa5
       21185000	      2117	80002e24	dc193193	sltiu	x3,x18,-575	 x18:0x00000000  x3=0x00000001
       21195000	      2118	80002e28	01db6cb3	or	x25,x22,x29	 x22:0x89e63fa5 x29:0x00000210 x25=0x89e63fb5
       21205000	      2119	80002e2c	6687a613	slti	x12,x15,1640	 x15:0x00000000 x12=0x00000001
       21215000	      2120	80002e30	53ce4a93	xori	x21,x28,1340	 x28:0xb8768312 x21=0xb876862e
       21225000	      2121	80002e34	023e1263	bne	x28,x3,80002e58	 x28:0xb8768312  x3:0x00000001
       21235000	      2122	00000000	00000013	addi	x0,x0,0	  x0:0x00000000
       21245000	      2123	80002e54	00000013	addi	x0,x0,0	  x0:0x00000000
       21255000	      2124	80002e58	41da5293	srai	x5,x20,0x1d	 x20:0x000005c3  x5=0x00000000
       21265000	      2125	80002e5c	015714b3	sll	x9,x14,x21	 x14:0x00000000 x21:0xb876862e  x9=0x00000000
       21275000	      2126	80002e60	f74487b7	lui	x15,0xf7448	 x15=0xf7448000
       21285000	      2127	80002e64	866da3b7	lui	x7,0x866da	  x7=0x866da000
       21295000	      2128	80002e68	bd1de813	ori	x16,x27,-1071	 x27:0x00000001 x16=0xfffffbd1
       21305000	      2129	80002e6c	009e0eb3	add	x29,x28,x9	 x28:0xb8768312  x9:0x00000000 x29=0xb8768312
       21315000	      2130	80002e70	206903b7	lui	x7,0x20690	  x7=0x20690000
       21325000	      2131	80002e74	9211ca13	xori	x20,x3,-1759	  x3:0x00000001 x20=0xfffff920
       21335000	      2132	80002e78	01f50ab3	add	x21,x10,x31	 x10:0x29d39a68 x31:0x00000001 x21=0x29d39a69
       21345000	      2133	80002e7c	02d69663	bne	x13,x13,80002ea8	 x13:0x80009a10 x13:0x80009a10
       21355000	      2134	80002e80	019e39b3	sltu	x19,x28,x25	 x28:0xb8768312 x25:0x89e63fb5 x19=0x00000000
       21365000	      2135	80002e84	049af263	bgeu	x21,x9,80002ec8	 x21:0x29d39a69  x9:0x00000000
       21375000	      2136	00000000	00000013	addi	x0,x0,0	  x0:0x00000000
       21385000	      2137	80002ec4	00000013	addi	x0,x0,0	  x0:0x00000000
       21395000	      2138	80002ec8	04b20863	beq	x4,x11,80002f18	  x4:0x00035680 x11:0xf36f4af8
       21405000	      2139	80002ecc	000bbf33	sltu	x30,x23,x0	 x23:0x80009f84  x0:0x00000000 x30=0x00000000
       21415000	      2140	80002ed0	61838813	addi	x16,x7,1560	  x7:0x20690000 x16=0x20690618
       21425000	      2141	80002ed4	01921733	sll	x14,x4,x25	  x4:0x00035680 x25:0x89e63fb5 x14=0xd0000000
       21435000	      2142	80002ed8	053a0463	beq	x20,x19,80002f20	 x20:0xfffff920 x19:0x00000000
       21445000	      2143	80002edc	01fd4c63	blt	x26,x31,80002ef4	 x26:0x00000020 x31:0x00000001
       21455000	      2144	80002ee0	01b4e5b3	or	x11,x9,x27	  x9:0x00000000 x27:0x00000001 x11=0x00000001
       21465000	      2145	80002ee4	01c63633	sltu	x12,x12,x28	 x12:0x00000001 x28:0xb8768312 x12=0x00000001
       21475000	      2146	80002ee8	41f5d433	sra	x8,x11,x31	 x11:0x00000001 x31:0x00000001  x8=0x00000000
       21485000	      2147	80002eec	00280c63	beq	x16,x2,80002f04	 x16:0x20690618  x2:0x80009fc4
       21495000	      2148	80002ef0	01d08cb3	add	x25,x1,x29	  x1:0x09e6a061 x29:0xb8768312 x25=0xc25d2373
       21505000	      2149	80002ef4	0093f7b3	and	x15,x7,x9	  x7:0x20690000  x9:0x00000000 x15=0x00000000
       21515000	      2150	80002ef8	00000013	addi	x0,x0,0	  x0:0x00000000
       21525000	      2151	80002efc	01ff6933	or	x18,x30,x31	 x30:0x00000000 x31:0x00000001 x18=0x00000001
       21535000	      2152	80002f00	00000013	addi	x0,x0,0	  x0:0x00000000
       21545000	      2153	80002f04	41558db3	sub	x27,x11,x21	 x11:0x00000001 x21:0x29d39a69 x27=0xd62c6598
       21555000	      2154	80002f08	03935863	bge	x6,x25,80002f38	  x6:0x00000001 x25:0xc25d2373
       21565000	      2155	00000000	00000013	addi	x0,x0,0	  x0:0x00000000
       21575000	      2156	80002f34	00000013	addi	x0,x0,0	  x0:0x00000000
       21585000	      2157	80002f38	01037463	bgeu	x6,x16,80002f40	  x6:0x00000001 x16:0x20690618
       21595000	      2158	80002f3c	41fade93	srai	x29,x21,0x1f	 x21:0x29d39a69 x29=0x00000000
       21605000	      2159	80002f40	00adda33	srl	x20,x27,x10	 x27:0xd62c6598 x10:0x29d39a68 x20=0x00d62c65
       21615000	      2160	80002f44	000e3533	sltu	x10,x28,x0	 x28:0xb8768312  x0:0x00000000 x10=0x00000000
       21625000	      2161	80002f48	00c41e63	bne	x8,x12,80002f64	  x8:0x00000000 x12:0x00000001
       21635000	      2162	00000000	00000013	addi	x0,x0,0	  x0:0x00000000
       21645000	      2163	80002f60	00000013	addi	x0,x0,0	  x0:0x00000000
       21655000	      2164	80002f64	0385cc63	blt	x11,x24,80002f9c	 x11:0x00000001 x24:0xfffff97f
       21665000	      2165	80002f68	1f097393	andi	x7,x18,496	 x18:0x00000001  x7=0x00000000
       21675000	      2166	80002f6c	01e21d13	slli	x26,x4,0x1e	  x4:0x00035680 x26=0x00000000
       21685000	      2167	80002f70	0032c933	xor	x18,x5,x3	  x5:0x00000000  x3:0x00000001 x18=0x00000001
       21695000	      2168	80002f74	2881fc13	andi	x24,x3,648	  x3:0x00000001 x24=0x00000000
       21705000	      2169	80002f78	028fe263	bltu	x31,x8,80002f9c	 x31:0x00000001  x8:0x00000000
       21715000	      2170	80002f7c	002c7663	bgeu	x24,x2,80002f88	 x24:0x00000000  x2:0x80009fc4
       21725000	      2171	80002f80	01dbd933	srl	x18,x23,x29	 x23:0x80009f84 x29:0x00000000 x18=0x80009f84
       21735000	      2172	80002f84	01981863	bne	x16,x25,80002f94	 x16:0x20690618 x25:0xc25d2373
       21745000	      2173	00000000	00000013	addi	x0,x0,0	  x0:0x00000000
       21755000	      2174	80002f90	00000013	addi	x0,x0,0	  x0:0x00000000
       21765000	      2175	80002f94	001f9db3	sll	x27,x31,x1	 x31:0x00000001  x1:0x09e6a061 x27=0x00000002
       21775000	      2176	80002f98	0036e463	bltu	x13,x3,80002fa0	 x13:0x80009a10  x3:0x00000001
       21785000	      2177	80002f9c	00671933	sll	x18,x14,x6	 x14:0xd0000000  x6:0x00000001 x18=0xa0000000
       21795000	      2178	80002fa0	03d20e63	beq	x4,x29,80002fdc	  x4:0x00035680 x29:0x00000000
       21805000	      2179	80002fa4	01f8d793	srli	x15,x17,0x1f	 x17:0x47897cee x15=0x00000000
       21815000	      2180	80002fa8	004c9f13	slli	x30,x25,0x4	 x25:0xc25d2373 x30=0x25d23730
       21825000	      2181	80002fac	01948463	beq	x9,x25,80002fb4	  x9:0x00000000 x25:0xc25d2373
       21835000	      2182	80002fb0	160a6f13	ori	x30,x20,352	 x20:0x00d62c65 x30=0x00d62d65
       21845000	      2183	80002fb4	a25ea293	slti	x5,x29,-1499	 x29:0x00000000  x5=0x00000000
       21855000	      2184	80002fb8	cc4e7713	andi	x14,x28,-828	 x28:0xb8768312 x14=0xb8768000
       21865000	      2185	80002fbc	02bcd663	bge	x25,x11,80002fe8	 x25:0xc25d2373 x11:0x00000001
       21875000	      2186	80002fc0	00f398b3	sll	x17,x7,x15	  x7:0x00000000 x15:0x00000000 x17=0x00000000
       21885000	      2187	80002fc4	00903c33	sltu	x24,x0,x9	  x0:0x00000000  x9:0x00000000 x24=0x00000000
       21895000	      2188	80002fc8	c9fce237	lui	x4,0xc9fce	  x4=0xc9fce000
       21905000	      2189	80002fcc	413306b3	sub	x13,x6,x19	  x6:0x00000001 x19:0x00000000 x13=0x00000001
       21915000	      2190	80002fd0	00455d33	srl	x26,x10,x4	 x10:0x00000000  x4:0xc9fce000 x26=0x00000000
       21925000	      2191	80002fd4	b393bb13	sltiu	x22,x7,-1223	  x7:0x00000000 x22=0x00000001
       21935000	      2192	80002fd8	01bd0833	add	x16,x26,x27	 x26:0x00000000 x27:0x00000002 x16=0x00000002
       21945000	      2193	80002fdc	01eac5b3	xor	x11,x21,x30	 x21:0x29d39a69 x30:0x00d62d65 x11=0x2905b70c
       21955000	      2194	80002fe0	009e5663	bge	x28,x9,80002fec	 x28:0xb8768312  x9:0x00000000
       21965000	      2195	80002fe4	04659263	bne	x11,x6,80003028	 x11:0x2905b70c  x6:0x00000001
       21975000	      2196	00000000	00000013	addi	x0,x0,0	  x0:0x00000000
       21985000	      2197	80003024	00000013	addi	x0,x0,0	  x0:0x00000000
       21995000	      2198	80003028	02b2c463	blt	x5,x11,80003050	  x5:0x00000000 x11:0x2905b70c
       22005000	      2199	00000000	00000013	addi	x0,x0,0	  x0:0x00000000
       22015000	      2200	8000304c	00000013	addi	x0,x0,0	  x0:0x00000000
       22025000	      2201	80003050	bc41b493	sltiu	x9,x3,-1084	  x3:0x00000001  x9=0x00000001
       22035000	      2202	80003054	00000097	auipc	x1,0x0	  x1=0x80003050
       22045000	      2203	80003058	00c08093	addi	x1,x1,12	  x1:0x80003050  x1=0x8000305c
       22055000	      2204	8000305c	00008067	jalr	x0,x1,0	  x1:0x8000305c
       22065000	      2205	00000000	00000013	addi	x0,x0,0	  x0:0x00000000
       22075000	      2206	8000305c	00000013	addi	x0,x0,0	  x0:0x00000000
       22085000	      2207	80003060	00100193	addi	x3,x0,1	  x0:0x00000000  x3=0x00000001
       22095000	      2208	80003064	00000073	ecall	
       22105000	      2209	80003068	008fa9b3	slt	x19,x31,x8	 x31:0x00000001  x8:0x00000000 x19=0x00000000
