		Time			Cycle	PC		Insn	Decoded instruction	Register and memory contents
          65000	         5	80000004	00000293	addi	x5,x0,0	  x0:0x00000000  x5=0x00000000
          75000	         6	80000008	00000313	addi	x6,x0,0	  x0:0x00000000  x6=0x00000000
          85000	         7	8000000c	00628263	beq	x5,x6,80000010	  x5:0x00000000  x6:0x00000000
          95000	         8	00000000	00000013	addi	x0,x0,0	  x0:0x00000000
         105000	         9	8000000c	00000013	addi	x0,x0,0	  x0:0x00000000
         115000	        10	80000010	00000697	auipc	x13,0x0	 x13=0x8000000c
         125000	        11	80000014	00c68693	addi	x13,x13,12	 x13:0x8000000c x13=0x80000018
         135000	        12	80000018	00068067	jalr	x0,x13,0	 x13:0x80000018
         145000	        13	00000000	00000013	addi	x0,x0,0	  x0:0x00000000
         155000	        14	80000018	00000013	addi	x0,x0,0	  x0:0x00000000
         165000	        15	8000001c	40000237	lui	x4,0x40000	  x4=0x40000000
         175000	        16	80000020	10020213	addi	x4,x4,256	  x4:0x40000000  x4=0x40000100
         185000	        17	80000024	00000013	addi	x0,x0,0	  x0:0x00000000
         195000	        18	80000028	0000af17	auipc	x30,0xa	 x30=0x8000a024
         205000	        19	8000002c	fa0f0f13	addi	x30,x30,-96	 x30:0x8000a024 x30=0x80009fc4
         215000	        20	80000030	00007217	auipc	x4,0x7	  x4=0x8000702c
         225000	        21	80000034	c0420213	addi	x4,x4,-1020	  x4:0x8000702c  x4=0x80006c30
         235000	        22	80000038	00026213	ori	x4,x4,0	  x4:0x80006c30  x4=0x80006c30
         245000	        23	8000003c	00000013	addi	x0,x0,0	  x0:0x00000000
         255000	        24	80000040	00000217	auipc	x4,0x0	  x4=0x8000003c
         265000	        25	80000044	02020213	addi	x4,x4,32	  x4:0x8000003c  x4=0x8000005c
         275000	        26	80000048	00000013	addi	x0,x0,0	  x0:0x00000000
         285000	        27	8000004c	00000013	addi	x0,x0,0	  x0:0x00000000
         295000	        28	80000050	00002237	lui	x4,0x2	  x4=0x00002000
         305000	        29	80000054	80020213	addi	x4,x4,-2048	  x4:0x00002000  x4=0x00001800
         315000	        30	80000058	00000013	addi	x0,x0,0	  x0:0x00000000
         325000	        31	8000005c	00000013	addi	x0,x0,0	  x0:0x00000000
         335000	        32	80000060	00700013	addi	x0,x0,7	  x0:0x00000000
         345000	        33	80000064	800000b7	lui	x1,0x80000	  x1=0x80000000
         355000	        34	80000068	00f00113	addi	x2,x0,15	  x0:0x00000000  x2=0x0000000f
         365000	        35	8000006c	00b00193	addi	x3,x0,11	  x0:0x00000000  x3=0x0000000b
         375000	        36	80000070	80000237	lui	x4,0x80000	  x4=0x80000000
         385000	        37	80000074	00e00293	addi	x5,x0,14	  x0:0x00000000  x5=0x0000000e
         395000	        38	80000078	00000313	addi	x6,x0,0	  x0:0x00000000  x6=0x00000000
         405000	        39	8000007c	00000393	addi	x7,x0,0	  x0:0x00000000  x7=0x00000000
         415000	        40	80000080	80000437	lui	x8,0x80000	  x8=0x80000000
         425000	        41	80000084	fd98d4b7	lui	x9,0xfd98d	  x9=0xfd98d000
         435000	        42	80000088	15948493	addi	x9,x9,345	  x9:0xfd98d000  x9=0xfd98d159
         445000	        43	8000008c	fe3b2537	lui	x10,0xfe3b2	 x10=0xfe3b2000
         455000	        44	80000090	65150513	addi	x10,x10,1617	 x10:0xfe3b2000 x10=0xfe3b2651
         465000	        45	80000094	800005b7	lui	x11,0x80000	 x11=0x80000000
         475000	        46	80000098	fbe14637	lui	x12,0xfbe14	 x12=0xfbe14000
         485000	        47	8000009c	71360613	addi	x12,x12,1811	 x12:0xfbe14000 x12=0xfbe14713
         495000	        48	800000a0	f61b86b7	lui	x13,0xf61b8	 x13=0xf61b8000
         505000	        49	800000a4	ae568693	addi	x13,x13,-1307	 x13:0xf61b8000 x13=0xf61b7ae5
         515000	        50	800000a8	f162e737	lui	x14,0xf162e	 x14=0xf162e000
         525000	        51	800000ac	56b70713	addi	x14,x14,1387	 x14:0xf162e000 x14=0xf162e56b
         535000	        52	800000b0	00b00813	addi	x16,x0,11	  x0:0x00000000 x16=0x0000000b
         545000	        53	800000b4	541f88b7	lui	x17,0x541f8	 x17=0x541f8000
         555000	        54	800000b8	42f88893	addi	x17,x17,1071	 x17:0x541f8000 x17=0x541f842f
         565000	        55	800000bc	00000913	addi	x18,x0,0	  x0:0x00000000 x18=0x00000000
         575000	        56	800000c0	800009b7	lui	x19,0x80000	 x19=0x80000000
         585000	        57	800000c4	81d24a37	lui	x20,0x81d24	 x20=0x81d24000
         595000	        58	800000c8	9a8a0a13	addi	x20,x20,-1624	 x20:0x81d24000 x20=0x81d239a8
         605000	        59	800000cc	fc64cab7	lui	x21,0xfc64c	 x21=0xfc64c000
         615000	        60	800000d0	f56a8a93	addi	x21,x21,-170	 x21:0xfc64c000 x21=0xfc64bf56
         625000	        61	800000d4	00300b13	addi	x22,x0,3	  x0:0x00000000 x22=0x00000003
         635000	        62	800000d8	00000b93	addi	x23,x0,0	  x0:0x00000000 x23=0x00000000
         645000	        63	800000dc	f128dc37	lui	x24,0xf128d	 x24=0xf128d000
         655000	        64	800000e0	38ac0c13	addi	x24,x24,906	 x24:0xf128d000 x24=0xf128d38a
         665000	        65	800000e4	00900c93	addi	x25,x0,9	  x0:0x00000000 x25=0x00000009
         675000	        66	800000e8	f9bc2d37	lui	x26,0xf9bc2	 x26=0xf9bc2000
         685000	        67	800000ec	a02d0d13	addi	x26,x26,-1534	 x26:0xf9bc2000 x26=0xf9bc1a02
         695000	        68	800000f0	80000db7	lui	x27,0x80000	 x27=0x80000000
         705000	        69	800000f4	1e53de37	lui	x28,0x1e53d	 x28=0x1e53d000
         715000	        70	800000f8	2e8e0e13	addi	x28,x28,744	 x28:0x1e53d000 x28=0x1e53d2e8
         725000	        71	800000fc	00100e93	addi	x29,x0,1	  x0:0x00000000 x29=0x00000001
         735000	        72	80000100	f5ac7fb7	lui	x31,0xf5ac7	 x31=0xf5ac7000
         745000	        73	80000104	037f8f93	addi	x31,x31,55	 x31:0xf5ac7000 x31=0xf5ac7037
         755000	        74	80000108	0000a797	auipc	x15,0xa	 x15=0x8000a104
         765000	        75	8000010c	e8078793	addi	x15,x15,-384	 x15:0x8000a104 x15=0x80009f84
         775000	        76	80000110	00009297	auipc	x5,0x9	  x5=0x8000910c
         785000	        77	80000114	94f28293	addi	x5,x5,-1713	  x5:0x8000910c  x5=0x80008a5b
         795000	        78	80000118	ff82a8a3	sw	x24,-15(x5)	  x5:0x80008a5b x24:0xf128d38a PA:0x80008a4c
         805000	        79	8000011c	01043033	sltu	x0,x8,x16	  x8:0x80000000 x16:0x0000000b
         815000	        80	80000120	01828023	sb	x24,0(x5)	  x5:0x80008a5b x24:0xf128d38a PA:0x80008a5b
         825000	        81	80000124	00b28203	lb	x4,11(x5)	  x5:0x80008a5b  x4=0x0000004d PA:0x80008a66
         835000	        82	80000128	0132de33	srl	x28,x5,x19	  x5:0x80008a5b x19:0x80000000 x28=0x80008a5b
         845000	        83	8000012c	75b10bb7	lui	x23,0x75b10	 x23=0x75b10000
         855000	        84	80000130	00146333	or	x6,x8,x1	  x8:0x80000000  x1:0x80000000  x6=0x80000000
         865000	        85	80000134	dc526c97	auipc	x25,0xdc526	 x25=0x5c526130
         875000	        86	80000138	01d8cbb3	xor	x23,x17,x29	 x17:0x541f842f x29:0x00000001 x23=0x541f842e
         885000	        87	8000013c	0185a433	slt	x8,x11,x24	 x11:0x80000000 x24:0xf128d38a  x8=0x00000001
         895000	        88	80000140	ff228e03	lb	x28,-14(x5)	  x5:0x80008a5b x28=0xffffffd3 PA:0x80008a4d
         905000	        89	80000144	eb34a597	auipc	x11,0xeb34a	 x11=0x6b34a140
         915000	        90	80000148	00129603	lh	x12,1(x5)	  x5:0x80008a5b x12=0x00004647 PA:0x80008a5c
         925000	        91	8000014c	01f14433	xor	x8,x2,x31	  x2:0x0000000f x31:0xf5ac7037  x8=0xf5ac7038
         935000	        92	80000150	0cc66497	auipc	x9,0xcc66	  x9=0x8cc6614c
         945000	        93	80000154	ff12da03	lhu	x20,-15(x5)	  x5:0x80008a5b x20=0x0000d38a PA:0x80008a4c
         955000	        94	80000158	feb2a8a3	sw	x11,-15(x5)	  x5:0x80008a5b x11:0x6b34a140 PA:0x80008a4c
         965000	        95	8000015c	00428b83	lb	x23,4(x5)	  x5:0x80008a5b x23=0x00000044 PA:0x80008a5f
         975000	        96	80000160	ff828e23	sb	x24,-4(x5)	  x5:0x80008a5b x24:0xf128d38a PA:0x80008a57
         985000	        97	80000164	00828003	lb	x0,8(x5)	  x5:0x80008a5b PA:0x80008a63
         995000	        98	80000168	4138db33	sra	x22,x17,x19	 x17:0x541f842f x19:0x80000000 x22=0x541f842f
        1005000	        99	8000016c	012eceb3	xor	x29,x29,x18	 x29:0x00000001 x18:0x00000000 x29=0x00000001
        1015000	       100	80000170	01a28323	sb	x26,6(x5)	  x5:0x80008a5b x26:0xf9bc1a02 PA:0x80008a61
        1025000	       101	80000174	00481eb3	sll	x29,x16,x4	 x16:0x0000000b  x4:0x0000004d x29=0x00016000
        1035000	       102	80000178	00499333	sll	x6,x19,x4	 x19:0x80000000  x4:0x0000004d  x6=0x00000000
        1045000	       103	8000017c	01b0f8b3	and	x17,x1,x27	  x1:0x80000000 x27:0x80000000 x17=0x80000000
        1055000	       104	80000180	0181b4b3	sltu	x9,x3,x24	  x3:0x0000000b x24:0xf128d38a  x9=0x00000001
        1065000	       105	80000184	418c50b3	sra	x1,x24,x24	 x24:0xf128d38a x24:0xf128d38a  x1=0xfffc4a34
        1075000	       106	80000188	be3d6c93	ori	x25,x26,-1053	 x26:0xf9bc1a02 x25=0xfffffbe3
        1085000	       107	8000018c	414e0333	sub	x6,x28,x20	 x28:0xffffffd3 x20:0x0000d38a  x6=0xffff2c49
        1095000	       108	80000190	ff328e83	lb	x29,-13(x5)	  x5:0x80008a5b x29=0x00000034 PA:0x80008a4e
        1105000	       109	80000194	012b0c33	add	x24,x22,x18	 x22:0x541f842f x18:0x00000000 x24=0x541f842f
        1115000	       110	80000198	00b28503	lb	x10,11(x5)	  x5:0x80008a5b x10=0x0000004d PA:0x80008a66
        1125000	       111	8000019c	a8fd6893	ori	x17,x26,-1393	 x26:0xf9bc1a02 x17=0xfffffa8f
        1135000	       112	800001a0	001eec33	or	x24,x29,x1	 x29:0x00000034  x1:0xfffc4a34 x24=0xfffc4a34
        1145000	       113	800001a4	00fc1a93	slli	x21,x24,0xf	 x24:0xfffc4a34 x21=0x251a0000
        1155000	       114	800001a8	0ace0013	addi	x0,x28,172	 x28:0xffffffd3
        1165000	       115	800001ac	00428423	sb	x4,8(x5)	  x5:0x80008a5b  x4:0x0000004d PA:0x80008a63
        1175000	       116	800001b0	0057bd33	sltu	x26,x15,x5	 x15:0x80009f84  x5:0x80008a5b x26=0x00000000
        1185000	       117	800001b4	ff028d03	lb	x26,-16(x5)	  x5:0x80008a5b x26=0x00000030 PA:0x80008a4b
        1195000	       118	800001b8	416e5813	srai	x16,x28,0x16	 x28:0xffffffd3 x16=0xffffffff
        1205000	       119	800001bc	64ff7413	andi	x8,x30,1615	 x30:0x80009fc4  x8=0x00000644
        1215000	       120	800001c0	01b0edb3	or	x27,x1,x27	  x1:0xfffc4a34 x27:0x80000000 x27=0xfffc4a34
        1225000	       121	800001c4	dc9f3893	sltiu	x17,x30,-567	 x30:0x80009fc4 x17=0x00000001
        1235000	       122	800001c8	03f63213	sltiu	x4,x12,63	 x12:0x00004647  x4=0x00000000
        1245000	       123	800001cc	410e0033	sub	x0,x28,x16	 x28:0xffffffd3 x16:0xffffffff
        1255000	       124	800001d0	014bf3b3	and	x7,x23,x20	 x23:0x00000044 x20:0x0000d38a  x7=0x00000000
        1265000	       125	800001d4	017d9b13	slli	x22,x27,0x17	 x27:0xfffc4a34 x22=0x1a000000
        1275000	       126	800001d8	00715bb3	srl	x23,x2,x7	  x2:0x0000000f  x7:0x00000000 x23=0x0000000f
        1285000	       127	800001dc	3f4aa093	slti	x1,x21,1012	 x21:0x251a0000  x1=0x00000000
        1295000	       128	800001e0	40ddd933	sra	x18,x27,x13	 x27:0xfffc4a34 x13:0xf61b7ae5 x18=0xffffe251
        1305000	       129	800001e4	ccf48d13	addi	x26,x9,-817	  x9:0x00000001 x26=0xfffffcd0
        1315000	       130	800001e8	01fce333	or	x6,x25,x31	 x25:0xfffffbe3 x31:0xf5ac7037  x6=0xfffffbf7
        1325000	       131	800001ec	3d8a4093	xori	x1,x20,984	 x20:0x0000d38a  x1=0x0000d052
        1335000	       132	800001f0	05971063	bne	x14,x25,80000230	 x14:0xf162e56b x25:0xfffffbe3
        1345000	       133	00000000	00000013	addi	x0,x0,0	  x0:0x00000000
        1355000	       134	8000022c	00000013	addi	x0,x0,0	  x0:0x00000000
        1365000	       135	80000230	5f4bfe93	andi	x29,x23,1524	 x23:0x0000000f x29=0x00000004
        1375000	       136	80000234	00fd2333	slt	x6,x26,x15	 x26:0xfffffcd0 x15:0x80009f84  x6=0x00000000
        1385000	       137	80000238	407f5d33	sra	x26,x30,x7	 x30:0x80009fc4  x7:0x00000000 x26=0x80009fc4
        1395000	       138	8000023c	01e023b3	slt	x7,x0,x30	  x0:0x00000000 x30:0x80009fc4  x7=0x00000000
        1405000	       139	80000240	414fd013	srai	x0,x31,0x14	 x31:0xf5ac7037
        1415000	       140	80000244	05b3dc63	bge	x7,x27,8000029c	  x7:0x00000000 x27:0xfffc4a34
        1425000	       141	00000000	00000013	addi	x0,x0,0	  x0:0x00000000
        1435000	       142	80000298	00000013	addi	x0,x0,0	  x0:0x00000000
        1445000	       143	8000029c	8b5eea17	auipc	x20,0x8b5ee	 x20=0x0b5ee298
        1455000	       144	800002a0	035dd063	bge	x27,x21,800002c0	 x27:0xfffc4a34 x21:0x251a0000
        1465000	       145	800002a4	01470933	add	x18,x14,x20	 x14:0xf162e56b x20:0x0b5ee298 x18=0xfcc1c803
        1475000	       146	800002a8	01127c63	bgeu	x4,x17,800002c0	  x4:0x00000000 x17:0x00000001
        1485000	       147	800002ac	00a7c333	xor	x6,x15,x10	 x15:0x80009f84 x10:0x0000004d  x6=0x80009fc9
        1495000	       148	800002b0	00a7c863	blt	x15,x10,800002c0	 x15:0x80009f84 x10:0x0000004d
        1505000	       149	00000000	00000013	addi	x0,x0,0	  x0:0x00000000
        1515000	       150	800002bc	00000013	addi	x0,x0,0	  x0:0x00000000
        1525000	       151	800002c0	35b1e493	ori	x9,x3,859	  x3:0x0000000b  x9=0x0000035b
        1535000	       152	800002c4	00000697	auipc	x13,0x0	 x13=0x800002c0
        1545000	       153	800002c8	00c68693	addi	x13,x13,12	 x13:0x800002c0 x13=0x800002cc
        1555000	       154	800002cc	00068067	jalr	x0,x13,0	 x13:0x800002cc
        1565000	       155	00000000	00000013	addi	x0,x0,0	  x0:0x00000000
        1575000	       156	800002cc	00000013	addi	x0,x0,0	  x0:0x00000000
        1585000	       157	800002d0	00100193	addi	x3,x0,1	  x0:0x00000000  x3=0x00000001
        1595000	       158	800002d4	00000073	ecall	
        1605000	       159	800002d8	00fd0663	beq	x26,x15,800002e4	 x26:0x80009fc4 x15:0x80009f84
