		Time			Cycle	PC		Insn	Decoded instruction	Register and memory contents
          65000	         5	80000004	00000293	addi	x5,x0,0	  x0:0x00000000  x5=0x00000000
          75000	         6	80000008	00000313	addi	x6,x0,0	  x0:0x00000000  x6=0x00000000
          85000	         7	8000000c	00628263	beq	x5,x6,80000010	  x5:0x00000000  x6:0x00000000
          95000	         8	00000000	00000013	addi	x0,x0,0	  x0:0x00000000
         105000	         9	8000000c	00000013	addi	x0,x0,0	  x0:0x00000000
         115000	        10	80000010	00000997	auipc	x19,0x0	 x19=0x8000000c
         125000	        11	80000014	00c98993	addi	x19,x19,12	 x19:0x8000000c x19=0x80000018
         135000	        12	80000018	00098067	jalr	x0,x19,0	 x19:0x80000018
         145000	        13	00000000	00000013	addi	x0,x0,0	  x0:0x00000000
         155000	        14	80000018	00000013	addi	x0,x0,0	  x0:0x00000000
         165000	        15	8000001c	40000fb7	lui	x31,0x40000	 x31=0x40000000
         175000	        16	80000020	100f8f93	addi	x31,x31,256	 x31:0x40000000 x31=0x40000100
         185000	        17	80000024	00000013	addi	x0,x0,0	  x0:0x00000000
         195000	        18	80000028	0000ad97	auipc	x27,0xa	 x27=0x8000a024
         205000	        19	8000002c	fa0d8d93	addi	x27,x27,-96	 x27:0x8000a024 x27=0x80009fc4
         215000	        20	80000030	00007f97	auipc	x31,0x7	 x31=0x8000702c
         225000	        21	80000034	4c4f8f93	addi	x31,x31,1220	 x31:0x8000702c x31=0x800074f0
         235000	        22	80000038	001fef93	ori	x31,x31,1	 x31:0x800074f0 x31=0x800074f1
         245000	        23	8000003c	00000013	addi	x0,x0,0	  x0:0x00000000
         255000	        24	80000040	00000f97	auipc	x31,0x0	 x31=0x8000003c
         265000	        25	80000044	020f8f93	addi	x31,x31,32	 x31:0x8000003c x31=0x8000005c
         275000	        26	80000048	00000013	addi	x0,x0,0	  x0:0x00000000
         285000	        27	8000004c	00000013	addi	x0,x0,0	  x0:0x00000000
         295000	        28	80000050	00002fb7	lui	x31,0x2	 x31=0x00002000
         305000	        29	80000054	800f8f93	addi	x31,x31,-2048	 x31:0x00002000 x31=0x00001800
         315000	        30	80000058	00000013	addi	x0,x0,0	  x0:0x00000000
         325000	        31	8000005c	00000013	addi	x0,x0,0	  x0:0x00000000
         335000	        32	80000060	00000013	addi	x0,x0,0	  x0:0x00000000
         345000	        33	80000064	800000b7	lui	x1,0x80000	  x1=0x80000000
         355000	        34	80000068	00600113	addi	x2,x0,6	  x0:0x00000000  x2=0x00000006
         365000	        35	8000006c	00000193	addi	x3,x0,0	  x0:0x00000000  x3=0x00000000
         375000	        36	80000070	fc090237	lui	x4,0xfc090	  x4=0xfc090000
         385000	        37	80000074	52d20213	addi	x4,x4,1325	  x4:0xfc090000  x4=0xfc09052d
         395000	        38	80000078	fcdaa2b7	lui	x5,0xfcdaa	  x5=0xfcdaa000
         405000	        39	8000007c	6a928293	addi	x5,x5,1705	  x5:0xfcdaa000  x5=0xfcdaa6a9
         415000	        40	80000080	f79c5337	lui	x6,0xf79c5	  x6=0xf79c5000
         425000	        41	80000084	f1c30313	addi	x6,x6,-228	  x6:0xf79c5000  x6=0xf79c4f1c
         435000	        42	80000088	00900393	addi	x7,x0,9	  x0:0x00000000  x7=0x00000009
         445000	        43	8000008c	00a00413	addi	x8,x0,10	  x0:0x00000000  x8=0x0000000a
         455000	        44	80000090	00000493	addi	x9,x0,0	  x0:0x00000000  x9=0x00000000
         465000	        45	80000094	ff9ef537	lui	x10,0xff9ef	 x10=0xff9ef000
         475000	        46	80000098	79a50513	addi	x10,x10,1946	 x10:0xff9ef000 x10=0xff9ef79a
         485000	        47	8000009c	00000593	addi	x11,x0,0	  x0:0x00000000 x11=0x00000000
         495000	        48	800000a0	00000613	addi	x12,x0,0	  x0:0x00000000 x12=0x00000000
         505000	        49	800000a4	ff72d6b7	lui	x13,0xff72d	 x13=0xff72d000
         515000	        50	800000a8	6c968693	addi	x13,x13,1737	 x13:0xff72d000 x13=0xff72d6c9
         525000	        51	800000ac	00600793	addi	x15,x0,6	  x0:0x00000000 x15=0x00000006
         535000	        52	800000b0	00000813	addi	x16,x0,0	  x0:0x00000000 x16=0x00000000
         545000	        53	800000b4	f72058b7	lui	x17,0xf7205	 x17=0xf7205000
         555000	        54	800000b8	a9588893	addi	x17,x17,-1387	 x17:0xf7205000 x17=0xf7204a95
         565000	        55	800000bc	00c00913	addi	x18,x0,12	  x0:0x00000000 x18=0x0000000c
         575000	        56	800000c0	f44dd9b7	lui	x19,0xf44dd	 x19=0xf44dd000
         585000	        57	800000c4	e1498993	addi	x19,x19,-492	 x19:0xf44dd000 x19=0xf44dce14
         595000	        58	800000c8	00900a13	addi	x20,x0,9	  x0:0x00000000 x20=0x00000009
         605000	        59	800000cc	00000a93	addi	x21,x0,0	  x0:0x00000000 x21=0x00000000
         615000	        60	800000d0	00000b13	addi	x22,x0,0	  x0:0x00000000 x22=0x00000000
         625000	        61	800000d4	a2837bb7	lui	x23,0xa2837	 x23=0xa2837000
         635000	        62	800000d8	f28b8b93	addi	x23,x23,-216	 x23:0xa2837000 x23=0xa2836f28
         645000	        63	800000dc	00700c13	addi	x24,x0,7	  x0:0x00000000 x24=0x00000007
         655000	        64	800000e0	80000cb7	lui	x25,0x80000	 x25=0x80000000
         665000	        65	800000e4	08337d37	lui	x26,0x8337	 x26=0x08337000
         675000	        66	800000e8	ecfd0d13	addi	x26,x26,-305	 x26:0x08337000 x26=0x08336ecf
         685000	        67	800000ec	f3c80e37	lui	x28,0xf3c80	 x28=0xf3c80000
         695000	        68	800000f0	e62e0e13	addi	x28,x28,-414	 x28:0xf3c80000 x28=0xf3c7fe62
         705000	        69	800000f4	224e7eb7	lui	x29,0x224e7	 x29=0x224e7000
         715000	        70	800000f8	93ce8e93	addi	x29,x29,-1732	 x29:0x224e7000 x29=0x224e693c
         725000	        71	800000fc	00000f13	addi	x30,x0,0	  x0:0x00000000 x30=0x00000000
         735000	        72	80000100	00000f93	addi	x31,x0,0	  x0:0x00000000 x31=0x00000000
         745000	        73	80000104	0000a717	auipc	x14,0xa	 x14=0x8000a100
         755000	        74	80000108	e8470713	addi	x14,x14,-380	 x14:0x8000a100 x14=0x80009f84
         765000	        75	8000010c	00008d17	auipc	x26,0x8	 x26=0x80008108
         775000	        76	80000110	000d0d13	addi	x26,x26,0	 x26:0x80008108 x26=0x80008108
         785000	        77	80000114	07b1a813	slti	x16,x3,123	  x3:0x00000000 x16=0x00000001
         795000	        78	80000118	203d4103	lbu	x2,515(x26)	 x26:0x80008108  x2=0x00000000 PA:0x8000830b
         805000	        79	8000011c	34cd2823	sw	x12,848(x26)	 x26:0x80008108 x12:0x00000000 PA:0x80008458
         815000	        80	80000120	01aaff33	and	x30,x21,x26	 x21:0x00000000 x26:0x80008108 x30=0x00000000
         825000	        81	80000124	452d0b23	sb	x18,1110(x26)	 x26:0x80008108 x18:0x0000000c PA:0x8000855e
         835000	        82	80000128	2ebd0483	lb	x9,747(x26)	 x26:0x80008108  x9=0x00000000 PA:0x800083f3
         845000	        83	8000012c	5bfd2423	sw	x31,1448(x26)	 x26:0x80008108 x31:0x00000000 PA:0x800086b0
         855000	        84	80000130	00fece33	xor	x28,x29,x15	 x29:0x224e693c x15:0x00000006 x28=0x224e693a
         865000	        85	80000134	43547313	andi	x6,x8,1077	  x8:0x0000000a  x6=0x00000000
         875000	        86	80000138	704d4303	lbu	x6,1796(x26)	 x26:0x80008108  x6=0x00000000 PA:0x8000880c
         885000	        87	8000013c	0099f633	and	x12,x19,x9	 x19:0xf44dce14  x9:0x00000000 x12=0x00000000
         895000	        88	80000140	601d0aa3	sb	x1,1557(x26)	 x26:0x80008108  x1:0x80000000 PA:0x8000871d
         905000	        89	80000144	fff2a013	slti	x0,x5,-1	  x5:0xfcdaa6a9
         915000	        90	80000148	0b9d4183	lbu	x3,185(x26)	 x26:0x80008108  x3=0x00000000 PA:0x800081c1
         925000	        91	8000014c	2aad0fa3	sb	x10,703(x26)	 x26:0x80008108 x10:0xff9ef79a PA:0x800083c7
         935000	        92	80000150	4acd5b83	lhu	x23,1196(x26)	 x26:0x80008108 x23=0x00000000 PA:0x800085b4
         945000	        93	80000154	011f4333	xor	x6,x30,x17	 x30:0x00000000 x17:0xf7204a95  x6=0xf7204a95
         955000	        94	80000158	008822b3	slt	x5,x16,x8	 x16:0x00000001  x8:0x0000000a  x5=0x00000001
         965000	        95	8000015c	414d8833	sub	x16,x27,x20	 x27:0x80009fc4 x20:0x00000009 x16=0x80009fbb
         975000	        96	80000160	0d996293	ori	x5,x18,217	 x18:0x0000000c  x5=0x000000dd
         985000	        97	80000164	688d4503	lbu	x10,1672(x26)	 x26:0x80008108 x10=0x00000000 PA:0x80008790
         995000	        98	80000168	525d0183	lb	x3,1317(x26)	 x26:0x80008108  x3=0x00000000 PA:0x8000862d
        1005000	        99	8000016c	066d0083	lb	x1,102(x26)	 x26:0x80008108  x1=0x00000000 PA:0x8000816e
        1015000	       100	80000170	1fad1c03	lh	x24,506(x26)	 x26:0x80008108 x24=0x00000000 PA:0x80008302
        1025000	       101	80000174	00008f97	auipc	x31,0x8	 x31=0x80008170
        1035000	       102	80000178	172f8f93	addi	x31,x31,370	 x31:0x80008170 x31=0x800082e2
        1045000	       103	8000017c	cea70f13	addi	x30,x14,-790	 x14:0x80009f84 x30=0x80009c6e
        1055000	       104	80000180	d0367013	andi	x0,x12,-765	 x12:0x00000000
        1065000	       105	80000184	e251e193	ori	x3,x3,-475	  x3:0x00000000  x3=0xfffffe25
        1075000	       106	80000188	b9c13593	sltiu	x11,x2,-1124	  x2:0x00000000 x11=0x00000001
        1085000	       107	8000018c	b99b7a13	andi	x20,x22,-1127	 x22:0x00000000 x20=0x00000000
        1095000	       108	80000190	f8dfc583	lbu	x11,-115(x31)	 x31:0x800082e2 x11=0x00000000 PA:0x8000826f
        1105000	       109	80000194	3a66b913	sltiu	x18,x13,934	 x13:0xff72d6c9 x18=0x00000000
        1115000	       110	80000198	41c9d293	srai	x5,x19,0x1c	 x19:0xf44dce14  x5=0xffffffff
        1125000	       111	8000019c	00000013	addi	x0,x0,0	  x0:0x00000000
        1135000	       112	800001a0	07df8e83	lb	x29,125(x31)	 x31:0x800082e2 x29=0x00000000 PA:0x8000835f
        1145000	       113	800001a4	f8dfc483	lbu	x9,-115(x31)	 x31:0x800082e2  x9=0x00000000 PA:0x8000826f
        1155000	       114	800001a8	0a2f9683	lh	x13,162(x31)	 x31:0x800082e2 x13=0x00000000 PA:0x80008384
        1165000	       115	800001ac	f15fce03	lbu	x28,-235(x31)	 x31:0x800082e2 x28=0x00000000 PA:0x800081f7
        1175000	       116	800001b0	57a9b093	sltiu	x1,x19,1402	 x19:0xf44dce14  x1=0x00000000
        1185000	       117	800001b4	40b25633	sra	x12,x4,x11	  x4:0xfc09052d x11:0x00000000 x12=0xfc09052d
        1195000	       118	800001b8	8535b493	sltiu	x9,x11,-1965	 x11:0x00000000  x9=0x00000001
        1205000	       119	800001bc	068f80a3	sb	x8,97(x31)	 x31:0x800082e2  x8:0x0000000a PA:0x80008343
        1215000	       120	800001c0	01934bb3	xor	x23,x6,x25	  x6:0xf7204a95 x25:0x80000000 x23=0x77204a95
        1225000	       121	800001c4	7038f793	andi	x15,x17,1795	 x17:0xf7204a95 x15=0x00000201
        1235000	       122	800001c8	5ea56313	ori	x6,x10,1514	 x10:0x00000000  x6=0x000005ea
        1245000	       123	800001cc	00d6ac33	slt	x24,x13,x13	 x13:0x00000000 x13:0x00000000 x24=0x00000000
        1255000	       124	800001d0	00a015b3	sll	x11,x0,x10	  x0:0x00000000 x10:0x00000000 x11=0x00000000
        1265000	       125	800001d4	1159fd13	andi	x26,x19,277	 x19:0xf44dce14 x26=0x00000014
        1275000	       126	800001d8	005c2633	slt	x12,x24,x5	 x24:0x00000000  x5:0xffffffff x12=0x00000000
        1285000	       127	800001dc	40bbde13	srai	x28,x23,0xb	 x23:0x77204a95 x28=0x000ee409
        1295000	       128	800001e0	41208333	sub	x6,x1,x18	  x1:0x00000000 x18:0x00000000  x6=0x00000000
        1305000	       129	800001e4	6b00a813	slti	x16,x1,1712	  x1:0x00000000 x16=0x00000001
        1315000	       130	800001e8	ffdfce83	lbu	x29,-3(x31)	 x31:0x800082e2 x29=0x00000000 PA:0x800082df
        1325000	       131	800001ec	02cfc383	lbu	x7,44(x31)	 x31:0x800082e2  x7=0x00000000 PA:0x8000830e
        1335000	       132	800001f0	01667ab3	and	x21,x12,x22	 x12:0x00000000 x22:0x00000000 x21=0x00000000
        1345000	       133	800001f4	0fefd403	lhu	x8,254(x31)	 x31:0x800082e2  x8=0x00000000 PA:0x800083e0
        1355000	       134	800001f8	084fc213	xori	x4,x31,132	 x31:0x800082e2  x4=0x80008266
        1365000	       135	800001fc	75424a93	xori	x21,x4,1876	  x4:0x80008266 x21=0x80008532
        1375000	       136	80000200	00740a33	add	x20,x8,x7	  x8:0x00000000  x7:0x00000000 x20=0x00000000
        1385000	       137	80000204	0def88a3	sb	x30,209(x31)	 x31:0x800082e2 x30:0x80009c6e PA:0x800083b3
        1395000	       138	80000208	061f8aa3	sb	x1,117(x31)	 x31:0x800082e2  x1:0x00000000 PA:0x80008357
        1405000	       139	8000020c	014e5893	srli	x17,x28,0x14	 x28:0x000ee409 x17=0x00000000
        1415000	       140	80000210	8be04213	xori	x4,x0,-1858	  x0:0x00000000  x4=0xfffff8be
        1425000	       141	80000214	fc6f9403	lh	x8,-58(x31)	 x31:0x800082e2  x8=0x00000000 PA:0x800082a8
        1435000	       142	80000218	00008597	auipc	x11,0x8	 x11=0x80008214
        1445000	       143	8000021c	6b458593	addi	x11,x11,1716	 x11:0x80008214 x11=0x800088c8
        1455000	       144	80000220	31f5cd03	lbu	x26,799(x11)	 x11:0x800088c8 x26=0x00000000 PA:0x80008be7
        1465000	       145	80000224	00000013	addi	x0,x0,0	  x0:0x00000000
        1475000	       146	80000228	01da14b3	sll	x9,x20,x29	 x20:0x00000000 x29:0x00000000  x9=0x00000000
        1485000	       147	8000022c	016f9b93	slli	x23,x31,0x16	 x31:0x800082e2 x23=0xb8800000
        1495000	       148	80000230	004bde33	srl	x28,x23,x4	 x23:0xb8800000  x4:0xfffff8be x28=0x00000002
        1505000	       149	80000234	33758f03	lb	x30,823(x11)	 x11:0x800088c8 x30=0x00000000 PA:0x80008bff
        1515000	       150	80000238	013e5933	srl	x18,x28,x19	 x28:0x00000002 x19:0xf44dce14 x18=0x00000000
        1525000	       151	8000023c	00000013	addi	x0,x0,0	  x0:0x00000000
        1535000	       152	80000240	10e4c393	xori	x7,x9,270	  x9:0x00000000  x7=0x0000010e
        1545000	       153	80000244	003ad833	srl	x16,x21,x3	 x21:0x80008532  x3:0xfffffe25 x16=0x04000429
        1555000	       154	80000248	40a15b33	sra	x22,x2,x10	  x2:0x00000000 x10:0x00000000 x22=0x00000000
        1565000	       155	8000024c	00351533	sll	x10,x10,x3	 x10:0x00000000  x3:0xfffffe25 x10=0x00000000
        1575000	       156	80000250	3fd5cd03	lbu	x26,1021(x11)	 x11:0x800088c8 x26=0x00000000 PA:0x80008cc5
        1585000	       157	80000254	50a58903	lb	x18,1290(x11)	 x11:0x800088c8 x18=0x00000000 PA:0x80008dd2
        1595000	       158	80000258	40275333	sra	x6,x14,x2	 x14:0x80009f84  x2:0x00000000  x6=0x80009f84
        1605000	       159	8000025c	47e59023	sh	x30,1120(x11)	 x11:0x800088c8 x30:0x00000000 PA:0x80008d28
        1615000	       160	80000260	00c78cb3	add	x25,x15,x12	 x15:0x00000201 x12:0x00000000 x25=0x00000201
        1625000	       161	80000264	00ef23b3	slt	x7,x30,x14	 x30:0x00000000 x14:0x80009f84  x7=0x00000000
        1635000	       162	80000268	7045df83	lhu	x31,1796(x11)	 x11:0x800088c8 x31=0x00000000 PA:0x80008fcc
        1645000	       163	00000000	00000013	addi	x0,x0,0	  x0:0x00000000
        1655000	       164	8000026c	23f5ce03	lbu	x28,575(x11)	 x11:0x800088c8 x28=0x00000000 PA:0x80008b07
        1665000	       165	80000270	b9213613	sltiu	x12,x2,-1134	  x2:0x00000000 x12=0x00000001
        1675000	       166	80000274	6ad59b23	sh	x13,1718(x11)	 x11:0x800088c8 x13:0x00000000 PA:0x80008f7e
        1685000	       167	80000278	17d5c603	lbu	x12,381(x11)	 x11:0x800088c8 x12=0x00000000 PA:0x80008a45
        1695000	       168	8000027c	37bae113	ori	x2,x21,891	 x21:0x80008532  x2=0x8000877b
        1705000	       169	80000280	1235cf83	lbu	x31,291(x11)	 x11:0x800088c8 x31=0x00000000 PA:0x800089eb
        1715000	       170	80000284	aeeec693	xori	x13,x29,-1298	 x29:0x00000000 x13=0xfffffaee
        1725000	       171	80000288	01b09013	slli	x0,x1,0x1b	  x1:0x00000000
        1735000	       172	8000028c	30b58c23	sb	x11,792(x11)	 x11:0x800088c8 x11:0x800088c8 PA:0x80008be0
        1745000	       173	80000290	00000013	addi	x0,x0,0	  x0:0x00000000
        1755000	       174	80000294	41955813	srai	x16,x10,0x19	 x10:0x00000000 x16=0x00000000
        1765000	       175	80000298	e7493393	sltiu	x7,x18,-396	 x18:0x00000000  x7=0x00000001
        1775000	       176	8000029c	f495f497	auipc	x9,0xf495f	  x9=0x7495f298
        1785000	       177	800002a0	31f58823	sb	x31,784(x11)	 x11:0x800088c8 x31:0x00000000 PA:0x80008bd8
        1795000	       178	800002a4	00008a97	auipc	x21,0x8	 x21=0x800082a0
        1805000	       179	800002a8	613a8a93	addi	x21,x21,1555	 x21:0x800082a0 x21=0x800088b3
        1815000	       180	800002ac	00000013	addi	x0,x0,0	  x0:0x00000000
        1825000	       181	800002b0	41570433	sub	x8,x14,x21	 x14:0x80009f84 x21:0x800088b3  x8=0x000016d1
        1835000	       182	800002b4	0ecaa0a3	sw	x12,225(x21)	 x21:0x800088b3 x12:0x00000000 PA:0x80008994
        1845000	       183	800002b8	b1140693	addi	x13,x8,-1263	  x8:0x000016d1 x13=0x000011e2
        1855000	       184	800002bc	2f1b0013	addi	x0,x22,753	 x22:0x00000000
        1865000	       185	800002c0	41f8dcb3	sra	x25,x17,x31	 x17:0x00000000 x31:0x00000000 x25=0x00000000
        1875000	       186	800002c4	06ea86a3	sb	x14,109(x21)	 x21:0x800088b3 x14:0x80009f84 PA:0x80008920
        1885000	       187	800002c8	ffea8183	lb	x3,-2(x21)	 x21:0x800088b3  x3=0x00000000 PA:0x800088b1
        1895000	       188	800002cc	0efa8783	lb	x15,239(x21)	 x21:0x800088b3 x15=0x00000000 PA:0x800089a2
        1905000	       189	800002d0	069ad783	lhu	x15,105(x21)	 x21:0x800088b3 x15=0x00000000 PA:0x8000891c
        1915000	       190	800002d4	008acb83	lbu	x23,8(x21)	 x21:0x800088b3 x23=0x00000000 PA:0x800088bb
        1925000	       191	800002d8	f67a9e83	lh	x29,-153(x21)	 x21:0x800088b3 x29=0x00000000 PA:0x8000881a
        1935000	       192	800002dc	0d2a8283	lb	x5,210(x21)	 x21:0x800088b3  x5=0x00000000 PA:0x80008985
        1945000	       193	800002e0	406f8c33	sub	x24,x31,x6	 x31:0x00000000  x6:0x80009f84 x24=0x7fff607c
        1955000	       194	800002e4	097a8723	sb	x23,142(x21)	 x21:0x800088b3 x23:0x00000000 PA:0x80008941
        1965000	       195	800002e8	02ba9f83	lh	x31,43(x21)	 x21:0x800088b3 x31=0x00000000 PA:0x800088de
        1975000	       196	800002ec	013af3b3	and	x7,x21,x19	 x21:0x800088b3 x19:0xf44dce14  x7=0x80008810
        1985000	       197	800002f0	00940d33	add	x26,x8,x9	  x8:0x000016d1  x9:0x7495f298 x26=0x74960969
        1995000	       198	800002f4	f95ad903	lhu	x18,-107(x21)	 x21:0x800088b3 x18=0x00000000 PA:0x80008848
        2005000	       199	800002f8	069ac403	lbu	x8,105(x21)	 x21:0x800088b3  x8=0x00000000 PA:0x8000891c
        2015000	       200	800002fc	01af4e33	xor	x28,x30,x26	 x30:0x00000000 x26:0x74960969 x28=0x74960969
        2025000	       201	80000300	0157acb3	slt	x25,x15,x21	 x15:0x00000000 x21:0x800088b3 x25=0x00000000
        2035000	       202	80000304	058acb83	lbu	x23,88(x21)	 x21:0x800088b3 x23=0x00000000 PA:0x8000890b
        2045000	       203	80000308	26170e93	addi	x29,x14,609	 x14:0x80009f84 x29=0x8000a1e5
        2055000	       204	8000030c	0247f313	andi	x6,x15,36	 x15:0x00000000  x6=0x00000000
        2065000	       205	80000310	65e48113	addi	x2,x9,1630	  x9:0x7495f298  x2=0x7495f8f6
        2075000	       206	80000314	00000013	addi	x0,x0,0	  x0:0x00000000
        2085000	       207	80000318	e426c793	xori	x15,x13,-446	 x13:0x000011e2 x15=0xffffefa0
        2095000	       208	8000031c	0b4a8e03	lb	x28,180(x21)	 x21:0x800088b3 x28=0x00000000 PA:0x80008967
        2105000	       209	80000320	01962933	slt	x18,x12,x25	 x12:0x00000000 x25:0x00000000 x18=0x00000000
        2115000	       210	80000324	f68ac483	lbu	x9,-152(x21)	 x21:0x800088b3  x9=0x00000000 PA:0x8000881b
        2125000	       211	80000328	0d3a8083	lb	x1,211(x21)	 x21:0x800088b3  x1=0x00000000 PA:0x80008986
        2135000	       212	8000032c	0c3ac283	lbu	x5,195(x21)	 x21:0x800088b3  x5=0x00000000 PA:0x80008976
        2145000	       213	80000330	f94a8903	lb	x18,-108(x21)	 x21:0x800088b3 x18=0x00000000 PA:0x80008847
        2155000	       214	00000000	00000013	addi	x0,x0,0	  x0:0x00000000
        2165000	       215	80000334	4124d893	srai	x17,x9,0x12	  x9:0x00000000 x17=0x00000000
        2175000	       216	80000338	082a8683	lb	x13,130(x21)	 x21:0x800088b3 x13=0x00000000 PA:0x80008935
        2185000	       217	8000033c	011288b3	add	x17,x5,x17	  x5:0x00000000 x17:0x00000000 x17=0x00000000
        2195000	       218	80000340	08aa8683	lb	x13,138(x21)	 x21:0x800088b3 x13=0x00000000 PA:0x8000893d
        2205000	       219	00000000	00000013	addi	x0,x0,0	  x0:0x00000000
        2215000	       220	80000344	00d302b3	add	x5,x6,x13	  x6:0x00000000 x13:0x00000000  x5=0x00000000
        2225000	       221	80000348	f89adc83	lhu	x25,-119(x21)	 x21:0x800088b3 x25=0x00000000 PA:0x8000883c
        2235000	       222	8000034c	feaa8723	sb	x10,-18(x21)	 x21:0x800088b3 x10:0x00000000 PA:0x800088a1
        2245000	       223	80000350	005ee263	bltu	x29,x5,80000354	 x29:0x8000a1e5  x5:0x00000000
        2255000	       224	80000354	00dd55b3	srl	x11,x26,x13	 x26:0x74960969 x13:0x00000000 x11=0x74960969
        2265000	       225	80000358	409c8e33	sub	x28,x25,x9	 x25:0x00000000  x9:0x00000000 x28=0x00000000
        2275000	       226	8000035c	77539137	lui	x2,0x77539	  x2=0x77539000
        2285000	       227	80000360	4100de33	sra	x28,x1,x16	  x1:0x00000000 x16:0x00000000 x28=0x00000000
        2295000	       228	80000364	01af1293	slli	x5,x30,0x1a	 x30:0x00000000  x5=0x00000000
        2305000	       229	80000368	632ae913	ori	x18,x21,1586	 x21:0x800088b3 x18=0x80008eb3
        2315000	       230	8000036c	01ba1213	slli	x4,x20,0x1b	 x20:0x00000000  x4=0x00000000
        2325000	       231	80000370	4e383a93	sltiu	x21,x16,1251	 x16:0x00000000 x21=0x00000001
        2335000	       232	80000374	00221133	sll	x2,x4,x2	  x4:0x00000000  x2:0x77539000  x2=0x00000000
        2345000	       233	80000378	01319b13	slli	x22,x3,0x13	  x3:0x00000000 x22=0x00000000
        2355000	       234	8000037c	00310663	beq	x2,x3,80000388	  x2:0x00000000  x3:0x00000000
        2365000	       235	00000000	00000013	addi	x0,x0,0	  x0:0x00000000
        2375000	       236	80000384	00000013	addi	x0,x0,0	  x0:0x00000000
        2385000	       237	80000388	c5b04937	lui	x18,0xc5b04	 x18=0xc5b04000
        2395000	       238	8000038c	40a40eb3	sub	x29,x8,x10	  x8:0x00000000 x10:0x00000000 x29=0x00000000
        2405000	       239	80000390	024e7463	bgeu	x28,x4,800003b8	 x28:0x00000000  x4:0x00000000
        2415000	       240	00000000	00000013	addi	x0,x0,0	  x0:0x00000000
        2425000	       241	800003b4	00000013	addi	x0,x0,0	  x0:0x00000000
        2435000	       242	800003b8	8c897c93	andi	x25,x18,-1848	 x18:0xc5b04000 x25=0xc5b04000
        2445000	       243	800003bc	00c95b33	srl	x22,x18,x12	 x18:0xc5b04000 x12:0x00000000 x22=0xc5b04000
        2455000	       244	800003c0	03f71e63	bne	x14,x31,800003fc	 x14:0x80009f84 x31:0x00000000
        2465000	       245	00000000	00000013	addi	x0,x0,0	  x0:0x00000000
        2475000	       246	800003f8	00000013	addi	x0,x0,0	  x0:0x00000000
        2485000	       247	800003fc	00465eb3	srl	x29,x12,x4	 x12:0x00000000  x4:0x00000000 x29=0x00000000
        2495000	       248	80000400	83c50113	addi	x2,x10,-1988	 x10:0x00000000  x2=0xfffff83c
        2505000	       249	80000404	6d3f4d13	xori	x26,x30,1747	 x30:0x00000000 x26=0x000006d3
        2515000	       250	80000408	20e79f17	auipc	x30,0x20e79	 x30=0xa0e79404
        2525000	       251	8000040c	0499f863	bgeu	x19,x9,8000045c	 x19:0xf44dce14  x9:0x00000000
        2535000	       252	00000000	00000013	addi	x0,x0,0	  x0:0x00000000
        2545000	       253	80000458	00000013	addi	x0,x0,0	  x0:0x00000000
        2555000	       254	8000045c	0026e933	or	x18,x13,x2	 x13:0x00000000  x2:0xfffff83c x18=0xfffff83c
        2565000	       255	80000460	026b4863	blt	x22,x6,80000490	 x22:0xc5b04000  x6:0x00000000
        2575000	       256	00000000	00000013	addi	x0,x0,0	  x0:0x00000000
        2585000	       257	8000048c	00000013	addi	x0,x0,0	  x0:0x00000000
        2595000	       258	80000490	04bd1263	bne	x26,x11,800004d4	 x26:0x000006d3 x11:0x74960969
        2605000	       259	00000000	00000013	addi	x0,x0,0	  x0:0x00000000
        2615000	       260	800004d0	00000013	addi	x0,x0,0	  x0:0x00000000
        2625000	       261	800004d4	a75ccb93	xori	x23,x25,-1419	 x25:0xc5b04000 x23=0x3a4fba75
        2635000	       262	800004d8	005da1b3	slt	x3,x27,x5	 x27:0x80009fc4  x5:0x00000000  x3=0x00000001
        2645000	       263	800004dc	00d003b3	add	x7,x0,x13	  x0:0x00000000 x13:0x00000000  x7=0x00000000
        2655000	       264	800004e0	0135a433	slt	x8,x11,x19	 x11:0x74960969 x19:0xf44dce14  x8=0x00000000
        2665000	       265	800004e4	bdf81c37	lui	x24,0xbdf81	 x24=0xbdf81000
        2675000	       266	800004e8	0129bb33	sltu	x22,x19,x18	 x19:0xf44dce14 x18:0xfffff83c x22=0x00000001
        2685000	       267	800004ec	a1d47393	andi	x7,x8,-1507	  x8:0x00000000  x7=0x00000000
        2695000	       268	800004f0	042e7063	bgeu	x28,x2,80000530	 x28:0x00000000  x2:0xfffff83c
        2705000	       269	800004f4	41195f33	sra	x30,x18,x17	 x18:0xfffff83c x17:0x00000000 x30=0xfffff83c
        2715000	       270	800004f8	7e1a4f13	xori	x30,x20,2017	 x20:0x00000000 x30=0x000007e1
        2725000	       271	800004fc	b5e26613	ori	x12,x4,-1186	  x4:0x00000000 x12=0xfffffb5e
        2735000	       272	80000500	1502aa93	slti	x21,x5,336	  x5:0x00000000 x21=0x00000001
        2745000	       273	80000504	0038d2b3	srl	x5,x17,x3	 x17:0x00000000  x3:0x00000001  x5=0x00000000
        2755000	       274	80000508	250c4393	xori	x7,x24,592	 x24:0xbdf81000  x7=0xbdf81250
        2765000	       275	8000050c	05ace063	bltu	x25,x26,8000054c	 x25:0xc5b04000 x26:0x000006d3
        2775000	       276	80000510	0429c663	blt	x19,x2,8000055c	 x19:0xf44dce14  x2:0xfffff83c
        2785000	       277	00000000	00000013	addi	x0,x0,0	  x0:0x00000000
        2795000	       278	80000558	00000013	addi	x0,x0,0	  x0:0x00000000
        2805000	       279	8000055c	05729663	bne	x5,x23,800005a8	  x5:0x00000000 x23:0x3a4fba75
        2815000	       280	00000000	00000013	addi	x0,x0,0	  x0:0x00000000
        2825000	       281	800005a4	00000013	addi	x0,x0,0	  x0:0x00000000
        2835000	       282	800005a8	00be2633	slt	x12,x28,x11	 x28:0x00000000 x11:0x74960969 x12=0x00000001
        2845000	       283	800005ac	37bf4f93	xori	x31,x30,891	 x30:0x000007e1 x31=0x0000049a
        2855000	       284	800005b0	02197863	bgeu	x18,x1,800005e0	 x18:0xfffff83c  x1:0x00000000
        2865000	       285	00000000	00000013	addi	x0,x0,0	  x0:0x00000000
        2875000	       286	800005dc	00000013	addi	x0,x0,0	  x0:0x00000000
        2885000	       287	800005e0	41525433	sra	x8,x4,x21	  x4:0x00000000 x21:0x00000001  x8=0x00000000
        2895000	       288	800005e4	00aed313	srli	x6,x29,0xa	 x29:0x00000000  x6=0x00000000
        2905000	       289	800005e8	00000013	addi	x0,x0,0	  x0:0x00000000
        2915000	       290	800005ec	002ddb93	srli	x23,x27,0x2	 x27:0x80009fc4 x23=0x200027f1
        2925000	       291	800005f0	b6736813	ori	x16,x6,-1177	  x6:0x00000000 x16=0xfffffb67
        2935000	       292	800005f4	411f04b3	sub	x9,x30,x17	 x30:0x000007e1 x17:0x00000000  x9=0x000007e1
        2945000	       293	800005f8	8d851f97	auipc	x31,0x8d851	 x31=0x0d8515f4
        2955000	       294	800005fc	05544663	blt	x8,x21,80000648	  x8:0x00000000 x21:0x00000001
        2965000	       295	00000000	00000013	addi	x0,x0,0	  x0:0x00000000
        2975000	       296	80000644	00000013	addi	x0,x0,0	  x0:0x00000000
        2985000	       297	80000648	02484463	blt	x16,x4,80000670	 x16:0xfffffb67  x4:0x00000000
        2995000	       298	00000000	00000013	addi	x0,x0,0	  x0:0x00000000
        3005000	       299	8000066c	00000013	addi	x0,x0,0	  x0:0x00000000
        3015000	       300	80000670	012e5833	srl	x16,x28,x18	 x28:0x00000000 x18:0xfffff83c x16=0x00000000
        3025000	       301	80000674	0140de63	bge	x1,x20,80000690	  x1:0x00000000 x20:0x00000000
        3035000	       302	00000000	00000013	addi	x0,x0,0	  x0:0x00000000
        3045000	       303	8000068c	00000013	addi	x0,x0,0	  x0:0x00000000
        3055000	       304	80000690	007c1f93	slli	x31,x24,0x7	 x24:0xbdf81000 x31=0xfc080000
        3065000	       305	80000694	63c03a13	sltiu	x20,x0,1596	  x0:0x00000000 x20=0x00000001
        3075000	       306	80000698	9def0813	addi	x16,x30,-1570	 x30:0x000007e1 x16=0x000001bf
        3085000	       307	8000069c	00000013	addi	x0,x0,0	  x0:0x00000000
        3095000	       308	800006a0	01206933	or	x18,x0,x18	  x0:0x00000000 x18:0xfffff83c x18=0xfffff83c
        3105000	       309	800006a4	41ce0eb3	sub	x29,x28,x28	 x28:0x00000000 x28:0x00000000 x29=0x00000000
        3115000	       310	800006a8	d4223d13	sltiu	x26,x4,-702	  x4:0x00000000 x26=0x00000001
        3125000	       311	800006ac	01fbac33	slt	x24,x23,x31	 x23:0x200027f1 x31:0xfc080000 x24=0x00000000
        3135000	       312	800006b0	00000013	addi	x0,x0,0	  x0:0x00000000
        3145000	       313	800006b4	05ea1463	bne	x20,x30,800006fc	 x20:0x00000001 x30:0x000007e1
        3155000	       314	00000000	00000013	addi	x0,x0,0	  x0:0x00000000
        3165000	       315	800006f8	00000013	addi	x0,x0,0	  x0:0x00000000
        3175000	       316	800006fc	e06cf113	andi	x2,x25,-506	 x25:0xc5b04000  x2=0xc5b04000
        3185000	       317	80000700	00639a33	sll	x20,x7,x6	  x7:0xbdf81250  x6:0x00000000 x20=0xbdf81250
        3195000	       318	80000704	ba968f13	addi	x30,x13,-1111	 x13:0x00000000 x30=0xfffffba9
        3205000	       319	80000708	004f9333	sll	x6,x31,x4	 x31:0xfc080000  x4:0x00000000  x6=0xfc080000
        3215000	       320	8000070c	007c8ab3	add	x21,x25,x7	 x25:0xc5b04000  x7:0xbdf81250 x21=0x83a85250
        3225000	       321	80000710	7ba9a013	slti	x0,x19,1978	 x19:0xf44dce14
        3235000	       322	80000714	a0958a13	addi	x20,x11,-1527	 x11:0x74960969 x20=0x74960372
        3245000	       323	80000718	41aad233	sra	x4,x21,x26	 x21:0x83a85250 x26:0x00000001  x4=0xc1d42928
        3255000	       324	8000071c	8fc3b813	sltiu	x16,x7,-1796	  x7:0xbdf81250 x16=0x00000001
        3265000	       325	80000720	40a00333	sub	x6,x0,x10	  x0:0x00000000 x10:0x00000000  x6=0x00000000
        3275000	       326	80000724	01f51663	bne	x10,x31,80000730	 x10:0x00000000 x31:0xfc080000
        3285000	       327	00000000	00000013	addi	x0,x0,0	  x0:0x00000000
        3295000	       328	8000072c	00000013	addi	x0,x0,0	  x0:0x00000000
        3305000	       329	80000730	232fde97	auipc	x29,0x232fd	 x29=0xa32fd72c
        3315000	       330	80000734	03259463	bne	x11,x18,8000075c	 x11:0x74960969 x18:0xfffff83c
        3325000	       331	00000000	00000013	addi	x0,x0,0	  x0:0x00000000
        3335000	       332	80000758	00000013	addi	x0,x0,0	  x0:0x00000000
        3345000	       333	8000075c	01ff8fb3	add	x31,x31,x31	 x31:0xfc080000 x31:0xfc080000 x31=0xf8100000
        3355000	       334	80000760	d6f9e793	ori	x15,x19,-657	 x19:0xf44dce14 x15=0xffffff7f
        3365000	       335	80000764	92777493	andi	x9,x14,-1753	 x14:0x80009f84  x9=0x80009904
        3375000	       336	80000768	01a6c263	blt	x13,x26,8000076c	 x13:0x00000000 x26:0x00000001
        3385000	       337	00000000	00000013	addi	x0,x0,0	  x0:0x00000000
        3395000	       338	80000768	00000013	addi	x0,x0,0	  x0:0x00000000
        3405000	       339	8000076c	05998663	beq	x19,x25,800007b8	 x19:0xf44dce14 x25:0xc5b04000
        3415000	       340	80000770	05478863	beq	x15,x20,800007c0	 x15:0xffffff7f x20:0x74960372
        3425000	       341	80000774	36f02613	slti	x12,x0,879	  x0:0x00000000 x12=0x00000001
        3435000	       342	80000778	c8997093	andi	x1,x18,-887	 x18:0xfffff83c  x1=0xfffff808
        3445000	       343	8000077c	018272b3	and	x5,x4,x24	  x4:0xc1d42928 x24:0x00000000  x5=0x00000000
        3455000	       344	80000780	f9697f93	andi	x31,x18,-106	 x18:0xfffff83c x31=0xfffff814
        3465000	       345	80000784	02c8c863	blt	x17,x12,800007b4	 x17:0x00000000 x12:0x00000001
        3475000	       346	00000000	00000013	addi	x0,x0,0	  x0:0x00000000
        3485000	       347	800007b0	00000013	addi	x0,x0,0	  x0:0x00000000
        3495000	       348	800007b4	5782bc13	sltiu	x24,x5,1400	  x5:0x00000000 x24=0x00000001
        3505000	       349	800007b8	c49d3193	sltiu	x3,x26,-951	 x26:0x00000001  x3=0x00000001
        3515000	       350	800007bc	84cb2293	slti	x5,x22,-1972	 x22:0x00000001  x5=0x00000000
        3525000	       351	800007c0	04bec663	blt	x29,x11,8000080c	 x29:0xa32fd72c x11:0x74960969
        3535000	       352	00000000	00000013	addi	x0,x0,0	  x0:0x00000000
        3545000	       353	80000808	00000013	addi	x0,x0,0	  x0:0x00000000
        3555000	       354	8000080c	00f5a933	slt	x18,x11,x15	 x11:0x74960969 x15:0xffffff7f x18=0x00000000
        3565000	       355	80000810	0a038063	beq	x7,x0,800008b0	  x7:0xbdf81250  x0:0x00000000
        3575000	       356	80000814	040c7063	bgeu	x24,x0,80000854	 x24:0x00000001  x0:0x00000000
        3585000	       357	00000000	00000013	addi	x0,x0,0	  x0:0x00000000
        3595000	       358	80000850	00000013	addi	x0,x0,0	  x0:0x00000000
        3605000	       359	80000854	01776b33	or	x22,x14,x23	 x14:0x80009f84 x23:0x200027f1 x22=0xa000bff5
        3615000	       360	80000858	001d96b3	sll	x13,x27,x1	 x27:0x80009fc4  x1:0xfffff808 x13=0x009fc400
        3625000	       361	8000085c	084d1263	bne	x26,x4,800008e0	 x26:0x00000001  x4:0xc1d42928
        3635000	       362	00000000	00000013	addi	x0,x0,0	  x0:0x00000000
        3645000	       363	800008dc	00000013	addi	x0,x0,0	  x0:0x00000000
        3655000	       364	800008e0	003f01b3	add	x3,x30,x3	 x30:0xfffffba9  x3:0x00000001  x3=0xfffffbaa
        3665000	       365	800008e4	a3744613	xori	x12,x8,-1481	  x8:0x00000000 x12=0xfffffa37
        3675000	       366	800008e8	72e08937	lui	x18,0x72e08	 x18=0x72e08000
        3685000	       367	800008ec	01d98233	add	x4,x19,x29	 x19:0xf44dce14 x29:0xa32fd72c  x4=0x977da540
        3695000	       368	800008f0	01d11133	sll	x2,x2,x29	  x2:0xc5b04000 x29:0xa32fd72c  x2=0x04000000
        3705000	       369	800008f4	045cc263	blt	x25,x5,80000938	 x25:0xc5b04000  x5:0x00000000
        3715000	       370	00000000	00000013	addi	x0,x0,0	  x0:0x00000000
        3725000	       371	80000934	00000013	addi	x0,x0,0	  x0:0x00000000
        3735000	       372	80000938	411a8eb3	sub	x29,x21,x17	 x21:0x83a85250 x17:0x00000000 x29=0x83a85250
        3745000	       373	8000093c	017c2f33	slt	x30,x24,x23	 x24:0x00000001 x23:0x200027f1 x30=0x00000001
        3755000	       374	80000940	011dbe33	sltu	x28,x27,x17	 x27:0x80009fc4 x17:0x00000000 x28=0x00000000
        3765000	       375	80000944	01e9ed33	or	x26,x19,x30	 x19:0xf44dce14 x30:0x00000001 x26=0xf44dce15
        3775000	       376	80000948	c845af13	slti	x30,x11,-892	 x11:0x74960969 x30=0x00000000
        3785000	       377	8000094c	00000013	addi	x0,x0,0	  x0:0x00000000
        3795000	       378	80000950	0401d663	bge	x3,x0,8000099c	  x3:0xfffffbaa  x0:0x00000000
        3805000	       379	80000954	f4000f13	addi	x30,x0,-192	  x0:0x00000000 x30=0xffffff40
        3815000	       380	80000958	041b8063	beq	x23,x1,80000998	 x23:0x200027f1  x1:0xfffff808
        3825000	       381	8000095c	00568fb3	add	x31,x13,x5	 x13:0x009fc400  x5:0x00000000 x31=0x009fc400
        3835000	       382	80000960	034a4863	blt	x20,x20,80000990	 x20:0x74960372 x20:0x74960372
        3845000	       383	80000964	f66c7f93	andi	x31,x24,-154	 x24:0x00000001 x31=0x00000000
        3855000	       384	80000968	00000013	addi	x0,x0,0	  x0:0x00000000
        3865000	       385	8000096c	00de5e63	bge	x28,x13,80000988	 x28:0x00000000 x13:0x009fc400
        3875000	       386	80000970	00115b93	srli	x23,x2,0x1	  x2:0x04000000 x23=0x02000000
        3885000	       387	80000974	03994063	blt	x18,x25,80000994	 x18:0x72e08000 x25:0xc5b04000
        3895000	       388	80000978	00b6b933	sltu	x18,x13,x11	 x13:0x009fc400 x11:0x74960969 x18=0x00000001
        3905000	       389	8000097c	042ff063	bgeu	x31,x2,800009bc	 x31:0x00000000  x2:0x04000000
        3915000	       390	80000980	013b5f93	srli	x31,x22,0x13	 x22:0xa000bff5 x31=0x00001400
        3925000	       391	80000984	04e40463	beq	x8,x14,800009cc	  x8:0x00000000 x14:0x80009f84
        3935000	       392	80000988	40848cb3	sub	x25,x9,x8	  x9:0x80009904  x8:0x00000000 x25=0x80009904
        3945000	       393	8000098c	7bf1cc13	xori	x24,x3,1983	  x3:0xfffffbaa x24=0xfffffc15
        3955000	       394	80000990	21766793	ori	x15,x12,535	 x12:0xfffffa37 x15=0xfffffa37
        3965000	       395	80000994	013e5c63	bge	x28,x19,800009ac	 x28:0x00000000 x19:0xf44dce14
        3975000	       396	00000000	00000013	addi	x0,x0,0	  x0:0x00000000
        3985000	       397	800009a8	00000013	addi	x0,x0,0	  x0:0x00000000
        3995000	       398	800009ac	37f03937	lui	x18,0x37f03	 x18=0x37f03000
        4005000	       399	800009b0	4110d3b3	sra	x7,x1,x17	  x1:0xfffff808 x17:0x00000000  x7=0xfffff808
        4015000	       400	800009b4	01759613	slli	x12,x11,0x17	 x11:0x74960969 x12=0xb4800000
        4025000	       401	800009b8	231a6f93	ori	x31,x20,561	 x20:0x74960372 x31=0x74960373
        4035000	       402	800009bc	5e973e13	sltiu	x28,x14,1513	 x14:0x80009f84 x28=0x00000000
        4045000	       403	800009c0	4066d233	sra	x4,x13,x6	 x13:0x009fc400  x6:0x00000000  x4=0x009fc400
        4055000	       404	800009c4	9bf91f17	auipc	x30,0x9bf91	 x30=0x1bf919c0
        4065000	       405	800009c8	024a8463	beq	x21,x4,800009f0	 x21:0x83a85250  x4:0x009fc400
        4075000	       406	800009cc	41360d33	sub	x26,x12,x19	 x12:0xb4800000 x19:0xf44dce14 x26=0xc03231ec
        4085000	       407	800009d0	e454ee13	ori	x28,x9,-443	  x9:0x80009904 x28=0xffffff45
        4095000	       408	800009d4	001bd863	bge	x23,x1,800009e4	 x23:0x02000000  x1:0xfffff808
        4105000	       409	00000000	00000013	addi	x0,x0,0	  x0:0x00000000
        4115000	       410	800009e0	00000013	addi	x0,x0,0	  x0:0x00000000
        4125000	       411	800009e4	002301b3	add	x3,x6,x2	  x6:0x00000000  x2:0x04000000  x3=0x04000000
        4135000	       412	800009e8	52acb313	sltiu	x6,x25,1322	 x25:0x80009904  x6=0x00000000
        4145000	       413	800009ec	00f8d593	srli	x11,x17,0xf	 x17:0x00000000 x11=0x00000000
        4155000	       414	800009f0	41085513	srai	x10,x16,0x10	 x16:0x00000001 x10=0x00000000
        4165000	       415	800009f4	0162d6b3	srl	x13,x5,x22	  x5:0x00000000 x22:0xa000bff5 x13=0x00000000
        4175000	       416	800009f8	00765093	srli	x1,x12,0x7	 x12:0xb4800000  x1=0x01690000
        4185000	       417	800009fc	f4d7aa93	slti	x21,x15,-179	 x15:0xfffffa37 x21=0x00000001
        4195000	       418	80000a00	00b810b3	sll	x1,x16,x11	 x16:0x00000001 x11:0x00000000  x1=0x00000001
        4205000	       419	80000a04	c35c8813	addi	x16,x25,-971	 x25:0x80009904 x16=0x80009539
        4215000	       420	80000a08	41fb5b33	sra	x22,x22,x31	 x22:0xa000bff5 x31:0x74960373 x22=0xfffff400
        4225000	       421	80000a0c	00981893	slli	x17,x16,0x9	 x16:0x80009539 x17=0x012a7200
        4235000	       422	80000a10	018520b3	slt	x1,x10,x24	 x10:0x00000000 x24:0xfffffc15  x1=0x00000000
        4245000	       423	80000a14	9b114793	xori	x15,x2,-1615	  x2:0x04000000 x15=0xfbfff9b1
        4255000	       424	80000a18	00b7fa63	bgeu	x15,x11,80000a2c	 x15:0xfbfff9b1 x11:0x00000000
        4265000	       425	00000000	00000013	addi	x0,x0,0	  x0:0x00000000
        4275000	       426	80000a28	00000013	addi	x0,x0,0	  x0:0x00000000
        4285000	       427	80000a2c	01e973b3	and	x7,x18,x30	 x18:0x37f03000 x30:0x1bf919c0  x7=0x13f01000
        4295000	       428	80000a30	01b75433	srl	x8,x14,x27	 x14:0x80009f84 x27:0x80009fc4  x8=0x080009f8
        4305000	       429	80000a34	01d6c433	xor	x8,x13,x29	 x13:0x00000000 x29:0x83a85250  x8=0x83a85250
        4315000	       430	80000a38	011c1593	slli	x11,x24,0x11	 x24:0xfffffc15 x11=0xf82a0000
        4325000	       431	80000a3c	cef43093	sltiu	x1,x8,-785	  x8:0x83a85250  x1=0x00000001
        4335000	       432	80000a40	01210a63	beq	x2,x18,80000a54	  x2:0x04000000 x18:0x37f03000
        4345000	       433	80000a44	1172e213	ori	x4,x5,279	  x5:0x00000000  x4=0x00000117
        4355000	       434	80000a48	01359593	slli	x11,x11,0x13	 x11:0xf82a0000 x11=0x00000000
        4365000	       435	80000a4c	00f44833	xor	x16,x8,x15	  x8:0x83a85250 x15:0xfbfff9b1 x16=0x7857abe1
        4375000	       436	80000a50	00ced0b3	srl	x1,x29,x12	 x29:0x83a85250 x12:0xb4800000  x1=0x83a85250
        4385000	       437	80000a54	f1293f97	auipc	x31,0xf1293	 x31=0x71293a50
        4395000	       438	80000a58	000a2233	slt	x4,x20,x0	 x20:0x74960372  x0:0x00000000  x4=0x00000000
        4405000	       439	80000a5c	01df3d33	sltu	x26,x30,x29	 x30:0x1bf919c0 x29:0x83a85250 x26=0x00000001
        4415000	       440	80000a60	e1cdc517	auipc	x10,0xe1cdc	 x10=0x61cdca5c
        4425000	       441	80000a64	00bb5533	srl	x10,x22,x11	 x22:0xfffff400 x11:0x00000000 x10=0xfffff400
        4435000	       442	80000a68	01b1e433	or	x8,x3,x27	  x3:0x04000000 x27:0x80009fc4  x8=0x84009fc4
        4445000	       443	80000a6c	00000013	addi	x0,x0,0	  x0:0x00000000
        4455000	       444	80000a70	bb416113	ori	x2,x2,-1100	  x2:0x04000000  x2=0xfffffbb4
        4465000	       445	80000a74	6e72ec17	auipc	x24,0x6e72e	 x24=0xee72ea70
        4475000	       446	80000a78	016e5233	srl	x4,x28,x22	 x28:0xffffff45 x22:0xfffff400  x4=0xffffff45
        4485000	       447	80000a7c	7a48fe93	andi	x29,x17,1956	 x17:0x012a7200 x29=0x00000200
        4495000	       448	80000a80	01831413	slli	x8,x6,0x18	  x6:0x00000000  x8=0x00000000
        4505000	       449	80000a84	00000013	addi	x0,x0,0	  x0:0x00000000
        4515000	       450	80000a88	00a8e233	or	x4,x17,x10	 x17:0x012a7200 x10:0xfffff400  x4=0xfffff600
        4525000	       451	80000a8c	e4b46797	auipc	x15,0xe4b46	 x15=0x64b46a88
        4535000	       452	80000a90	037fe463	bltu	x31,x23,80000ab8	 x31:0x71293a50 x23:0x02000000
        4545000	       453	80000a94	40265633	sra	x12,x12,x2	 x12:0xb4800000  x2:0xfffffbb4 x12=0xfffffb48
        4555000	       454	80000a98	11221b17	auipc	x22,0x11221	 x22=0x91221a94
        4565000	       455	80000a9c	01d00bb3	add	x23,x0,x29	  x0:0x00000000 x29:0x00000200 x23=0x00000200
        4575000	       456	80000aa0	411c58b3	sra	x17,x24,x17	 x24:0xee72ea70 x17:0x012a7200 x17=0xee72ea70
        4585000	       457	80000aa4	04307263	bgeu	x0,x3,80000ae8	  x0:0x00000000  x3:0x04000000
        4595000	       458	80000aa8	0148ba33	sltu	x20,x17,x20	 x17:0xee72ea70 x20:0x74960372 x20=0x00000000
        4605000	       459	80000aac	8f3f7893	andi	x17,x30,-1805	 x30:0x1bf919c0 x17=0x1bf918c0
        4615000	       460	80000ab0	01ae70b3	and	x1,x28,x26	 x28:0xffffff45 x26:0x00000001  x1=0x00000001
        4625000	       461	80000ab4	0058af33	slt	x30,x17,x5	 x17:0x1bf918c0  x5:0x00000000 x30=0x00000000
        4635000	       462	80000ab8	01bfc933	xor	x18,x31,x27	 x31:0x71293a50 x27:0x80009fc4 x18=0xf129a594
        4645000	       463	80000abc	01d273b3	and	x7,x4,x29	  x4:0xfffff600 x29:0x00000200  x7=0x00000200
        4655000	       464	80000ac0	01b45813	srli	x16,x8,0x1b	  x8:0x00000000 x16=0x00000000
        4665000	       465	80000ac4	01df3fb3	sltu	x31,x30,x29	 x30:0x00000000 x29:0x00000200 x31=0x00000001
        4675000	       466	80000ac8	d1bbc813	xori	x16,x23,-741	 x23:0x00000200 x16=0xffffff1b
        4685000	       467	80000acc	00ebb533	sltu	x10,x23,x14	 x23:0x00000200 x14:0x80009f84 x10=0x00000001
        4695000	       468	80000ad0	01d51133	sll	x2,x10,x29	 x10:0x00000001 x29:0x00000200  x2=0x00000001
        4705000	       469	80000ad4	b1bac493	xori	x9,x21,-1253	 x21:0x00000001  x9=0xfffffb1a
        4715000	       470	80000ad8	006bd213	srli	x4,x23,0x6	 x23:0x00000200  x4=0x00000008
        4725000	       471	80000adc	2052cb17	auipc	x22,0x2052c	 x22=0xa052cad8
        4735000	       472	80000ae0	04f80663	beq	x16,x15,80000b2c	 x16:0xffffff1b x15:0x64b46a88
        4745000	       473	80000ae4	6bfbc813	xori	x16,x23,1727	 x23:0x00000200 x16=0x000004bf
        4755000	       474	80000ae8	05e77463	bgeu	x14,x30,80000b30	 x14:0x80009f84 x30:0x00000000
        4765000	       475	00000000	00000013	addi	x0,x0,0	  x0:0x00000000
        4775000	       476	80000b2c	00000013	addi	x0,x0,0	  x0:0x00000000
        4785000	       477	80000b30	005727b3	slt	x15,x14,x5	 x14:0x80009f84  x5:0x00000000 x15=0x00000001
        4795000	       478	80000b34	c33bf793	andi	x15,x23,-973	 x23:0x00000200 x15=0x00000000
        4805000	       479	80000b38	01247633	and	x12,x8,x18	  x8:0x00000000 x18:0xf129a594 x12=0x00000000
        4815000	       480	80000b3c	01a0d863	bge	x1,x26,80000b4c	  x1:0x00000001 x26:0x00000001
        4825000	       481	00000000	00000013	addi	x0,x0,0	  x0:0x00000000
        4835000	       482	80000b48	00000013	addi	x0,x0,0	  x0:0x00000000
        4845000	       483	80000b4c	04157463	bgeu	x10,x1,80000b94	 x10:0x00000001  x1:0x00000001
        4855000	       484	00000000	00000013	addi	x0,x0,0	  x0:0x00000000
        4865000	       485	80000b90	00000013	addi	x0,x0,0	  x0:0x00000000
        4875000	       486	80000b94	01386e63	bltu	x16,x19,80000bb0	 x16:0x000004bf x19:0xf44dce14
        4885000	       487	00000000	00000013	addi	x0,x0,0	  x0:0x00000000
        4895000	       488	80000bac	00000013	addi	x0,x0,0	  x0:0x00000000
        4905000	       489	80000bb0	00c4f4b3	and	x9,x9,x12	  x9:0xfffffb1a x12:0x00000000  x9=0x00000000
        4915000	       490	80000bb4	01ff56b3	srl	x13,x30,x31	 x30:0x00000000 x31:0x00000001 x13=0x00000000
        4925000	       491	80000bb8	036b9063	bne	x23,x22,80000bd8	 x23:0x00000200 x22:0xa052cad8
        4935000	       492	00000000	00000013	addi	x0,x0,0	  x0:0x00000000
        4945000	       493	80000bd4	00000013	addi	x0,x0,0	  x0:0x00000000
        4955000	       494	80000bd8	01a15833	srl	x16,x2,x26	  x2:0x00000001 x26:0x00000001 x16=0x00000000
        4965000	       495	80000bdc	015556b3	srl	x13,x10,x21	 x10:0x00000001 x21:0x00000001 x13=0x00000000
        4975000	       496	80000be0	4027d093	srai	x1,x15,0x2	 x15:0x00000000  x1=0x00000000
        4985000	       497	80000be4	00720c63	beq	x4,x7,80000bfc	  x4:0x00000008  x7:0x00000200
        4995000	       498	80000be8	9cc9b293	sltiu	x5,x19,-1588	 x19:0xf44dce14  x5=0x00000001
        5005000	       499	80000bec	01d87663	bgeu	x16,x29,80000bf8	 x16:0x00000000 x29:0x00000200
        5015000	       500	80000bf0	00fed893	srli	x17,x29,0xf	 x29:0x00000200 x17=0x00000000
        5025000	       501	80000bf4	05e04063	blt	x0,x30,80000c34	  x0:0x00000000 x30:0x00000000
        5035000	       502	80000bf8	41058533	sub	x10,x11,x16	 x11:0x00000000 x16:0x00000000 x10=0x00000000
        5045000	       503	80000bfc	41140cb3	sub	x25,x8,x17	  x8:0x00000000 x17:0x00000000 x25=0x00000000
        5055000	       504	80000c00	05141063	bne	x8,x17,80000c40	  x8:0x00000000 x17:0x00000000
        5065000	       505	80000c04	0327ce63	blt	x15,x18,80000c40	 x15:0x00000000 x18:0xf129a594
        5075000	       506	80000c08	015f5e93	srli	x29,x30,0x15	 x30:0x00000000 x29=0x00000000
        5085000	       507	80000c0c	00e65c33	srl	x24,x12,x14	 x12:0x00000000 x14:0x80009f84 x24=0x00000000
        5095000	       508	80000c10	02dfe863	bltu	x31,x13,80000c40	 x31:0x00000001 x13:0x00000000
        5105000	       509	80000c14	00a4d8b3	srl	x17,x9,x10	  x9:0x00000000 x10:0x00000000 x17=0x00000000
        5115000	       510	80000c18	03fb4463	blt	x22,x31,80000c40	 x22:0xa052cad8 x31:0x00000001
        5125000	       511	00000000	00000013	addi	x0,x0,0	  x0:0x00000000
        5135000	       512	80000c3c	00000013	addi	x0,x0,0	  x0:0x00000000
        5145000	       513	80000c40	00000013	addi	x0,x0,0	  x0:0x00000000
        5155000	       514	80000c44	00000997	auipc	x19,0x0	 x19=0x80000c40
        5165000	       515	80000c48	00c98993	addi	x19,x19,12	 x19:0x80000c40 x19=0x80000c4c
        5175000	       516	80000c4c	00098067	jalr	x0,x19,0	 x19:0x80000c4c
        5185000	       517	00000000	00000013	addi	x0,x0,0	  x0:0x00000000
        5195000	       518	80000c4c	00000013	addi	x0,x0,0	  x0:0x00000000
        5205000	       519	80000c50	00100193	addi	x3,x0,1	  x0:0x00000000  x3=0x00000001
        5215000	       520	80000c54	00000073	ecall	
        5225000	       521	80000c58	00159833	sll	x16,x11,x1	 x11:0x00000000  x1:0x00000000 x16=0x00000000
