		Time			Cycle	PC		Insn	Decoded instruction	Register and memory contents
          65000	         5	80000004	00000293	addi	x5,x0,0	  x0:0x00000000  x5=0x00000000
          75000	         6	80000008	00000313	addi	x6,x0,0	  x0:0x00000000  x6=0x00000000
          85000	         7	8000000c	00628263	beq	x5,x6,80000010	  x5:0x00000000  x6:0x00000000
          95000	         8	00000000	00000013	addi	x0,x0,0	  x0:0x00000000
         105000	         9	8000000c	00000013	addi	x0,x0,0	  x0:0x00000000
         115000	        10	80000010	00000b97	auipc	x23,0x0	 x23=0x8000000c
         125000	        11	80000014	00cb8b93	addi	x23,x23,12	 x23:0x8000000c x23=0x80000018
         135000	        12	80000018	000b8067	jalr	x0,x23,0	 x23:0x80000018
         145000	        13	00000000	00000013	addi	x0,x0,0	  x0:0x00000000
         155000	        14	80000018	00000013	addi	x0,x0,0	  x0:0x00000000
         165000	        15	8000001c	40000337	lui	x6,0x40000	  x6=0x40000000
         175000	        16	80000020	10030313	addi	x6,x6,256	  x6:0x40000000  x6=0x40000100
         185000	        17	80000024	00000013	addi	x0,x0,0	  x0:0x00000000
         195000	        18	80000028	0000ab17	auipc	x22,0xa	 x22=0x8000a024
         205000	        19	8000002c	fa0b0b13	addi	x22,x22,-96	 x22:0x8000a024 x22=0x80009fc4
         215000	        20	80000030	00007317	auipc	x6,0x7	  x6=0x8000702c
         225000	        21	80000034	c9830313	addi	x6,x6,-872	  x6:0x8000702c  x6=0x80006cc4
         235000	        22	80000038	00036313	ori	x6,x6,0	  x6:0x80006cc4  x6=0x80006cc4
         245000	        23	8000003c	00000013	addi	x0,x0,0	  x0:0x00000000
         255000	        24	80000040	00000317	auipc	x6,0x0	  x6=0x8000003c
         265000	        25	80000044	02030313	addi	x6,x6,32	  x6:0x8000003c  x6=0x8000005c
         275000	        26	80000048	00000013	addi	x0,x0,0	  x0:0x00000000
         285000	        27	8000004c	00000013	addi	x0,x0,0	  x0:0x00000000
         295000	        28	80000050	00002337	lui	x6,0x2	  x6=0x00002000
         305000	        29	80000054	80030313	addi	x6,x6,-2048	  x6:0x00002000  x6=0x00001800
         315000	        30	80000058	00000013	addi	x0,x0,0	  x0:0x00000000
         325000	        31	8000005c	00000013	addi	x0,x0,0	  x0:0x00000000
         335000	        32	80000060	80000037	lui	x0,0x80000	
         345000	        33	80000064	00000013	addi	x0,x0,0	  x0:0x00000000
         355000	        34	80000068	800000b7	lui	x1,0x80000	  x1=0x80000000
         365000	        35	8000006c	80000137	lui	x2,0x80000	  x2=0x80000000
         375000	        36	80000070	c6d2f1b7	lui	x3,0xc6d2f	  x3=0xc6d2f000
         385000	        37	80000074	32818193	addi	x3,x3,808	  x3:0xc6d2f000  x3=0xc6d2f328
         395000	        38	80000078	d6fa4237	lui	x4,0xd6fa4	  x4=0xd6fa4000
         405000	        39	8000007c	9fe20213	addi	x4,x4,-1538	  x4:0xd6fa4000  x4=0xd6fa39fe
         415000	        40	80000080	00a00293	addi	x5,x0,10	  x0:0x00000000  x5=0x0000000a
         425000	        41	80000084	78ee7337	lui	x6,0x78ee7	  x6=0x78ee7000
         435000	        42	80000088	d4f30313	addi	x6,x6,-689	  x6:0x78ee7000  x6=0x78ee6d4f
         445000	        43	8000008c	31b8b3b7	lui	x7,0x31b8b	  x7=0x31b8b000
         455000	        44	80000090	e9a38393	addi	x7,x7,-358	  x7:0x31b8b000  x7=0x31b8ae9a
         465000	        45	80000094	00600413	addi	x8,x0,6	  x0:0x00000000  x8=0x00000006
         475000	        46	80000098	800004b7	lui	x9,0x80000	  x9=0x80000000
         485000	        47	8000009c	80000537	lui	x10,0x80000	 x10=0x80000000
         495000	        48	800000a0	00000593	addi	x11,x0,0	  x0:0x00000000 x11=0x00000000
         505000	        49	800000a4	f23fb637	lui	x12,0xf23fb	 x12=0xf23fb000
         515000	        50	800000a8	18160613	addi	x12,x12,385	 x12:0xf23fb000 x12=0xf23fb181
         525000	        51	800000ac	fb7e56b7	lui	x13,0xfb7e5	 x13=0xfb7e5000
         535000	        52	800000b0	ded68693	addi	x13,x13,-531	 x13:0xfb7e5000 x13=0xfb7e4ded
         545000	        53	800000b4	00400713	addi	x14,x0,4	  x0:0x00000000 x14=0x00000004
         555000	        54	800000b8	00600813	addi	x16,x0,6	  x0:0x00000000 x16=0x00000006
         565000	        55	800000bc	00000893	addi	x17,x0,0	  x0:0x00000000 x17=0x00000000
         575000	        56	800000c0	00000913	addi	x18,x0,0	  x0:0x00000000 x18=0x00000000
         585000	        57	800000c4	800009b7	lui	x19,0x80000	 x19=0x80000000
         595000	        58	800000c8	00800a13	addi	x20,x0,8	  x0:0x00000000 x20=0x00000008
         605000	        59	800000cc	00000a93	addi	x21,x0,0	  x0:0x00000000 x21=0x00000000
         615000	        60	800000d0	80000bb7	lui	x23,0x80000	 x23=0x80000000
         625000	        61	800000d4	80000c37	lui	x24,0x80000	 x24=0x80000000
         635000	        62	800000d8	00300c93	addi	x25,x0,3	  x0:0x00000000 x25=0x00000003
         645000	        63	800000dc	00200d13	addi	x26,x0,2	  x0:0x00000000 x26=0x00000002
         655000	        64	800000e0	00600d93	addi	x27,x0,6	  x0:0x00000000 x27=0x00000006
         665000	        65	800000e4	80000e37	lui	x28,0x80000	 x28=0x80000000
         675000	        66	800000e8	00000e93	addi	x29,x0,0	  x0:0x00000000 x29=0x00000000
         685000	        67	800000ec	f03cef37	lui	x30,0xf03ce	 x30=0xf03ce000
         695000	        68	800000f0	710f0f13	addi	x30,x30,1808	 x30:0xf03ce000 x30=0xf03ce710
         705000	        69	800000f4	00200f93	addi	x31,x0,2	  x0:0x00000000 x31=0x00000002
         715000	        70	800000f8	0000a797	auipc	x15,0xa	 x15=0x8000a0f4
         725000	        71	800000fc	e9078793	addi	x15,x15,-368	 x15:0x8000a0f4 x15=0x80009f84
         735000	        72	80000100	00009297	auipc	x5,0x9	  x5=0x800090fc
         745000	        73	80000104	9a528293	addi	x5,x5,-1627	  x5:0x800090fc  x5=0x80008aa1
         755000	        74	80000108	40e7da33	sra	x20,x15,x14	 x15:0x80009f84 x14:0x00000004 x20=0xf80009f8
         765000	        75	8000010c	717c3eb7	lui	x29,0x717c3	 x29=0x717c3000
         775000	        76	80000110	0082ccb3	xor	x25,x5,x8	  x5:0x80008aa1  x8:0x00000006 x25=0x80008aa7
         785000	        77	80000114	0102c703	lbu	x14,16(x5)	  x5:0x80008aa1 x14=0x0000009a PA:0x80008ab1
         795000	        78	80000118	ff928683	lb	x13,-7(x5)	  x5:0x80008aa1 x13=0xffffff81 PA:0x80008a9a
         805000	        79	8000011c	ff228b23	sb	x18,-10(x5)	  x5:0x80008aa1 x18:0x00000000 PA:0x80008a97
         815000	        80	80000120	0012c103	lbu	x2,1(x5)	  x5:0x80008aa1  x2=0x00000089 PA:0x80008aa2
         825000	        81	80000124	fce2c803	lbu	x16,-50(x5)	  x5:0x80008aa1 x16=0x00000054 PA:0x80008a6f
         835000	        82	80000128	41b55693	srai	x13,x10,0x1b	 x10:0x80000000 x13=0xfffffff0
         845000	        83	8000012c	fdd28483	lb	x9,-35(x5)	  x5:0x80008aa1  x9=0x00000065 PA:0x80008a7e
         855000	        84	80000130	fed29903	lh	x18,-19(x5)	  x5:0x80008aa1 x18=0x00007475 PA:0x80008a8e
         865000	        85	80000134	0166b5b3	sltu	x11,x13,x22	 x13:0xfffffff0 x22:0x80009fc4 x11=0x00000000
         875000	        86	80000138	fd729403	lh	x8,-41(x5)	  x5:0x80008aa1  x8=0x00006263 PA:0x80008a78
         885000	        87	8000013c	01929983	lh	x19,25(x5)	  x5:0x80008aa1 x19=0xffffa0a1 PA:0x80008aba
         895000	        88	80000140	015294a3	sh	x21,9(x5)	  x5:0x80008aa1 x21:0x00000000 PA:0x80008aaa
         905000	        89	80000144	03228223	sb	x18,36(x5)	  x5:0x80008aa1 x18:0x00007475 PA:0x80008ac5
         915000	        90	80000148	fea28403	lb	x8,-22(x5)	  x5:0x80008aa1  x8=0x00000070 PA:0x80008a8b
         925000	        91	8000014c	6d067f93	andi	x31,x12,1744	 x12:0xf23fb181 x31=0x00000080
         935000	        92	80000150	0059c433	xor	x8,x19,x5	 x19:0xffffa0a1  x5:0x80008aa1  x8=0x7fff2a00
         945000	        93	80000154	03129c03	lh	x24,49(x5)	  x5:0x80008aa1 x24=0xffffb8b9 PA:0x80008ad2
         955000	        94	80000158	00369c13	slli	x24,x13,0x3	 x13:0xfffffff0 x24=0xffffff80
         965000	        95	8000015c	00c28023	sb	x12,0(x5)	  x5:0x80008aa1 x12:0xf23fb181 PA:0x80008aa1
         975000	        96	80000160	ffb2c603	lbu	x12,-5(x5)	  x5:0x80008aa1 x12=0x00000087 PA:0x80008a9c
         985000	        97	80000164	00f28923	sb	x15,18(x5)	  x5:0x80008aa1 x15:0x80009f84 PA:0x80008ab3
         995000	        98	80000168	00228123	sb	x2,2(x5)	  x5:0x80008aa1  x2:0x00000089 PA:0x80008aa3
        1005000	        99	8000016c	bda94d37	lui	x26,0xbda94	 x26=0xbda94000
        1015000	       100	80000170	00144893	xori	x17,x8,1	  x8:0x7fff2a00 x17=0x7fff2a01
        1025000	       101	80000174	00329403	lh	x8,3(x5)	  x5:0x80008aa1  x8=0xffff8e8f PA:0x80008aa4
        1035000	       102	80000178	02328aa3	sb	x3,53(x5)	  x5:0x80008aa1  x3:0xc6d2f328 PA:0x80008ad6
        1045000	       103	8000017c	fdb2ac03	lw	x24,-37(x5)	  x5:0x80008aa1 x24=0x64656667 PA:0x80008a7c
        1055000	       104	80000180	01b2a903	lw	x18,27(x5)	  x5:0x80008aa1 x18=0xa4a5a6a7 PA:0x80008abc
        1065000	       105	80000184	006d7cb3	and	x25,x26,x6	 x26:0xbda94000  x6:0x78ee6d4f x25=0x38a84000
        1075000	       106	80000188	0002a3a3	sw	x0,7(x5)	  x5:0x80008aa1  x0:0x00000000 PA:0x80008aa8
        1085000	       107	8000018c	66048993	addi	x19,x9,1632	  x9:0x00000065 x19=0x000006c5
        1095000	       108	80000190	16e33893	sltiu	x17,x6,366	  x6:0x78ee6d4f x17=0x00000000
        1105000	       109	80000194	fe528523	sb	x5,-22(x5)	  x5:0x80008aa1  x5:0x80008aa1 PA:0x80008a8b
        1115000	       110	80000198	03329e03	lh	x28,51(x5)	  x5:0x80008aa1 x28=0xffffbebf PA:0x80008ad4
        1125000	       111	8000019c	fd92d983	lhu	x19,-39(x5)	  x5:0x80008aa1 x19=0x00006061 PA:0x80008a7a
        1135000	       112	800001a0	02529183	lh	x3,37(x5)	  x5:0x80008aa1  x3=0xffffacad PA:0x80008ac6
        1145000	       113	800001a4	0145ea33	or	x20,x11,x20	 x11:0x00000000 x20:0xf80009f8 x20=0xf80009f8
        1155000	       114	800001a8	00e286a3	sb	x14,13(x5)	  x5:0x80008aa1 x14:0x0000009a PA:0x80008aae
        1165000	       115	800001ac	0172d133	srl	x2,x5,x23	  x5:0x80008aa1 x23:0x80000000  x2=0x80008aa1
        1175000	       116	800001b0	41cad833	sra	x16,x21,x28	 x21:0x00000000 x28:0xffffbebf x16=0x00000000
        1185000	       117	800001b4	01928133	add	x2,x5,x25	  x5:0x80008aa1 x25:0x38a84000  x2=0xb8a8caa1
        1195000	       118	800001b8	02d2c883	lbu	x17,45(x5)	  x5:0x80008aa1 x17=0x000000b5 PA:0x80008ace
        1205000	       119	800001bc	f6f27013	andi	x0,x4,-145	  x4:0xd6fa39fe
        1215000	       120	800001c0	02f28203	lb	x4,47(x5)	  x5:0x80008aa1  x4=0xffffffbb PA:0x80008ad0
        1225000	       121	800001c4	00009f17	auipc	x30,0x9	 x30=0x800091c0
        1235000	       122	800001c8	d17f0f13	addi	x30,x30,-745	 x30:0x800091c0 x30=0x80008ed7
        1245000	       123	800001cc	fe6f0b23	sb	x6,-10(x30)	 x30:0x80008ed7  x6:0x78ee6d4f PA:0x80008ecd
        1255000	       124	800001d0	0105afb3	slt	x31,x11,x16	 x11:0x00000000 x16:0x00000000 x31=0x00000000
        1265000	       125	800001d4	1b00e713	ori	x14,x1,432	  x1:0x80000000 x14=0x800001b0
        1275000	       126	800001d8	00eed093	srli	x1,x29,0xe	 x29:0x717c3000  x1=0x0001c5f0
        1285000	       127	800001dc	000f4e83	lbu	x29,0(x30)	 x30:0x80008ed7 x29=0x000000bc PA:0x80008ed7
        1295000	       128	800001e0	007f0123	sb	x7,2(x30)	 x30:0x80008ed7  x7:0x31b8ae9a PA:0x80008ed9
        1305000	       129	800001e4	0080a9b3	slt	x19,x1,x8	  x1:0x0001c5f0  x8:0xffff8e8f x19=0x00000000
        1315000	       130	800001e8	00000013	addi	x0,x0,0	  x0:0x00000000
        1325000	       131	800001ec	00ef4903	lbu	x18,14(x30)	 x30:0x80008ed7 x18=0x000000ce PA:0x80008ee5
        1335000	       132	800001f0	40e98633	sub	x12,x19,x14	 x19:0x00000000 x14:0x800001b0 x12=0x7ffffe50
        1345000	       133	800001f4	ff5f1583	lh	x11,-11(x30)	 x30:0x80008ed7 x11=0x00004fb7 PA:0x80008ecc
        1355000	       134	800001f8	ee247137	lui	x2,0xee247	  x2=0xee247000
        1365000	       135	800001fc	008f4283	lbu	x5,8(x30)	 x30:0x80008ed7  x5=0x000000c4 PA:0x80008edf
        1375000	       136	80000200	ffef4303	lbu	x6,-2(x30)	 x30:0x80008ed7  x6=0x000000be PA:0x80008ed5
        1385000	       137	80000204	00000013	addi	x0,x0,0	  x0:0x00000000
        1395000	       138	80000208	ff5f0ba3	sb	x21,-9(x30)	 x30:0x80008ed7 x21:0x00000000 PA:0x80008ece
        1405000	       139	8000020c	00bf4a83	lbu	x21,11(x30)	 x30:0x80008ed7 x21=0x000000c9 PA:0x80008ee2
        1415000	       140	80000210	9bcbec37	lui	x24,0x9bcbe	 x24=0x9bcbe000
        1425000	       141	80000214	fe4f0923	sb	x4,-14(x30)	 x30:0x80008ed7  x4:0xffffffbb PA:0x80008ec9
        1435000	       142	80000218	fe7f1fa3	sh	x7,-1(x30)	 x30:0x80008ed7  x7:0x31b8ae9a PA:0x80008ed6
        1445000	       143	8000021c	23ec2817	auipc	x16,0x23ec2	 x16=0xa3ec2218
        1455000	       144	80000220	010f0403	lb	x8,16(x30)	 x30:0x80008ed7  x8=0xffffffcc PA:0x80008ee7
        1465000	       145	80000224	ff5f5383	lhu	x7,-11(x30)	 x30:0x80008ed7  x7=0x00004fb7 PA:0x80008ecc
        1475000	       146	80000228	417c5e93	srai	x29,x24,0x17	 x24:0x9bcbe000 x29=0xffffff37
        1485000	       147	8000022c	405c01b3	sub	x3,x24,x5	 x24:0x9bcbe000  x5:0x000000c4  x3=0x9bcbdf3c
        1495000	       148	80000230	63de7893	andi	x17,x28,1597	 x28:0xffffbebf x17=0x0000063d
        1505000	       149	80000234	403c58b3	sra	x17,x24,x3	 x24:0x9bcbe000  x3:0x9bcbdf3c x17=0xfffffff9
        1515000	       150	80000238	ff2f4703	lbu	x14,-14(x30)	 x30:0x80008ed7 x14=0x000000bb PA:0x80008ec9
        1525000	       151	8000023c	008f0d03	lb	x26,8(x30)	 x30:0x80008ed7 x26=0xffffffc4 PA:0x80008edf
        1535000	       152	80000240	413e82b3	sub	x5,x29,x19	 x29:0xffffff37 x19:0x00000000  x5=0xffffff37
        1545000	       153	80000244	00ff5f83	lhu	x31,15(x30)	 x30:0x80008ed7 x31=0x0000cccd PA:0x80008ee6
        1555000	       154	80000248	011f0123	sb	x17,2(x30)	 x30:0x80008ed7 x17:0xfffffff9 PA:0x80008ed9
        1565000	       155	8000024c	00ef0203	lb	x4,14(x30)	 x30:0x80008ed7  x4=0xffffffce PA:0x80008ee5
        1575000	       156	80000250	008f0f83	lb	x31,8(x30)	 x30:0x80008ed7 x31=0xffffffc4 PA:0x80008edf
        1585000	       157	80000254	ff3f0823	sb	x19,-16(x30)	 x30:0x80008ed7 x19:0x00000000 PA:0x80008ec7
        1595000	       158	80000258	00000013	addi	x0,x0,0	  x0:0x00000000
        1605000	       159	8000025c	00cf4683	lbu	x13,12(x30)	 x30:0x80008ed7 x13=0x000000c8 PA:0x80008ee3
        1615000	       160	80000260	40a55733	sra	x14,x10,x10	 x10:0x80000000 x10:0x80000000 x14=0x80000000
        1625000	       161	80000264	002364b3	or	x9,x6,x2	  x6:0x000000be  x2:0xee247000  x9=0xee2470be
        1635000	       162	80000268	1d848137	lui	x2,0x1d848	  x2=0x1d848000
        1645000	       163	8000026c	5aa93513	sltiu	x10,x18,1450	 x18:0x000000ce x10=0x00000001
        1655000	       164	80000270	fe0f0e23	sb	x0,-4(x30)	 x30:0x80008ed7  x0:0x00000000 PA:0x80008ed3
        1665000	       165	80000274	003f0983	lb	x19,3(x30)	 x30:0x80008ed7 x19=0xffffffc1 PA:0x80008eda
        1675000	       166	80000278	68f67193	andi	x3,x12,1679	 x12:0x7ffffe50  x3=0x00000600
        1685000	       167	8000027c	006c3933	sltu	x18,x24,x6	 x24:0x9bcbe000  x6:0x000000be x18=0x00000000
        1695000	       168	80000280	00a6bdb3	sltu	x27,x13,x10	 x13:0x000000c8 x10:0x00000001 x27=0x00000000
        1705000	       169	80000284	00cf4c83	lbu	x25,12(x30)	 x30:0x80008ed7 x25=0x000000c8 PA:0x80008ee3
        1715000	       170	80000288	ff7f1ea3	sh	x23,-3(x30)	 x30:0x80008ed7 x23:0x80000000 PA:0x80008ed4
        1725000	       171	8000028c	ff4f0103	lb	x2,-12(x30)	 x30:0x80008ed7  x2=0xffffffb0 PA:0x80008ecb
        1735000	       172	80000290	00528933	add	x18,x5,x5	  x5:0xffffff37  x5:0xffffff37 x18=0xfffffe6e
        1745000	       173	80000294	00ff4103	lbu	x2,15(x30)	 x30:0x80008ed7  x2=0x000000cd PA:0x80008ee6
        1755000	       174	80000298	00008117	auipc	x2,0x8	  x2=0x80008294
        1765000	       175	8000029c	65810113	addi	x2,x2,1624	  x2:0x80008294  x2=0x800088ec
        1775000	       176	800002a0	ce87f8b7	lui	x17,0xce87f	 x17=0xce87f000
        1785000	       177	800002a4	00714e03	lbu	x28,7(x2)	  x2:0x800088ec x28=0x000000d8 PA:0x800088f3
        1795000	       178	800002a8	02e10983	lb	x19,46(x2)	  x2:0x800088ec x19=0x00000001 PA:0x8000891a
        1805000	       179	800002ac	00714083	lbu	x1,7(x2)	  x2:0x800088ec  x1=0x000000d8 PA:0x800088f3
        1815000	       180	800002b0	01251333	sll	x6,x10,x18	 x10:0x00000001 x18:0xfffffe6e  x6=0x00004000
        1825000	       181	800002b4	02415703	lhu	x14,36(x2)	  x2:0x800088ec x14=0x0000fafb PA:0x80008910
        1835000	       182	800002b8	bcc1e613	ori	x12,x3,-1076	  x3:0x00000600 x12=0xffffffcc
        1845000	       183	800002bc	01711123	sh	x23,2(x2)	  x2:0x800088ec x23:0x80000000 PA:0x800088ee
        1855000	       184	800002c0	e3ad0693	addi	x13,x26,-454	 x26:0xffffffc4 x13=0xfffffdfe
        1865000	       185	800002c4	01110703	lb	x14,17(x2)	  x2:0x800088ec x14=0xffffffe6 PA:0x800088fd
        1875000	       186	800002c8	03114183	lbu	x3,49(x2)	  x2:0x800088ec  x3=0x00000006 PA:0x8000891d
        1885000	       187	800002cc	00000013	addi	x0,x0,0	  x0:0x00000000
        1895000	       188	800002d0	00000013	addi	x0,x0,0	  x0:0x00000000
        1905000	       189	800002d4	02412703	lw	x14,36(x2)	  x2:0x800088ec x14=0xf8f9fafb PA:0x80008910
        1915000	       190	800002d8	00893733	sltu	x14,x18,x8	 x18:0xfffffe6e  x8:0xffffffcc x14=0x00000001
        1925000	       191	800002dc	01bd4533	xor	x10,x26,x27	 x26:0xffffffc4 x27:0x00000000 x10=0xffffffc4
        1935000	       192	800002e0	00000013	addi	x0,x0,0	  x0:0x00000000
        1945000	       193	800002e4	002516b3	sll	x13,x10,x2	 x10:0xffffffc4  x2:0x800088ec x13=0xfffc4000
        1955000	       194	800002e8	41af5913	srai	x18,x30,0x1a	 x30:0x80008ed7 x18=0xffffffe0
        1965000	       195	800002ec	ff914c03	lbu	x24,-7(x2)	  x2:0x800088ec x24=0x000000ce PA:0x800088e5
        1975000	       196	800002f0	406e05b3	sub	x11,x28,x6	 x28:0x000000d8  x6:0x00004000 x11=0xffffc0d8
        1985000	       197	800002f4	00000013	addi	x0,x0,0	  x0:0x00000000
        1995000	       198	800002f8	40920533	sub	x10,x4,x9	  x4:0xffffffce  x9:0xee2470be x10=0x11db8f10
        2005000	       199	800002fc	03215a83	lhu	x21,50(x2)	  x2:0x800088ec x21=0x00000405 PA:0x8000891e
        2015000	       200	80000300	7edd2513	slti	x10,x26,2029	 x26:0xffffffc4 x10=0x00000001
        2025000	       201	80000304	009daab3	slt	x21,x27,x9	 x27:0x00000000  x9:0xee2470be x21=0x00000000
        2035000	       202	80000308	4142da93	srai	x21,x5,0x14	  x5:0xffffff37 x21=0xffffffff
        2045000	       203	8000030c	fe310183	lb	x3,-29(x2)	  x2:0x800088ec  x3=0xffffffb4 PA:0x800088cf
        2055000	       204	80000310	21047a93	andi	x21,x8,528	  x8:0xffffffcc x21=0x00000200
        2065000	       205	80000314	b984fe93	andi	x29,x9,-1128	  x9:0xee2470be x29=0xee247098
        2075000	       206	80000318	017ffc33	and	x24,x31,x23	 x31:0xffffffc4 x23:0x80000000 x24=0x80000000
        2085000	       207	8000031c	01cf4833	xor	x16,x30,x28	 x30:0x80008ed7 x28:0x000000d8 x16=0x80008e0f
        2095000	       208	80000320	028106a3	sb	x8,45(x2)	  x2:0x800088ec  x8:0xffffffcc PA:0x80008919
        2105000	       209	80000324	00f14f83	lbu	x31,15(x2)	  x2:0x800088ec x31=0x000000e0 PA:0x800088fb
        2115000	       210	80000328	003d0833	add	x16,x26,x3	 x26:0xffffffc4  x3:0xffffffb4 x16=0xffffff78
        2125000	       211	8000032c	6c55ef13	ori	x30,x11,1733	 x11:0xffffc0d8 x30=0xffffc6dd
        2135000	       212	80000330	fd812a83	lw	x21,-40(x2)	  x2:0x800088ec x21=0xacadaeaf PA:0x800088c4
        2145000	       213	80000334	ff910883	lb	x17,-7(x2)	  x2:0x800088ec x17=0xffffffce PA:0x800088e5
        2155000	       214	80000338	0086d6b3	srl	x13,x13,x8	 x13:0xfffc4000  x8:0xffffffcc x13=0x000fffc4
        2165000	       215	8000033c	01114983	lbu	x19,17(x2)	  x2:0x800088ec x19=0x000000e6 PA:0x800088fd
        2175000	       216	80000340	02d14283	lbu	x5,45(x2)	  x2:0x800088ec  x5=0x000000cc PA:0x80008919
        2185000	       217	80000344	01fd1733	sll	x14,x26,x31	 x26:0xffffffc4 x31:0x000000e0 x14=0xffffffc4
        2195000	       218	80000348	03011603	lh	x12,48(x2)	  x2:0x800088ec x12=0x00000607 PA:0x8000891c
        2205000	       219	8000034c	05659663	bne	x11,x22,80000398	 x11:0xffffc0d8 x22:0x80009fc4
        2215000	       220	00000000	00000013	addi	x0,x0,0	  x0:0x00000000
        2225000	       221	80000394	00000013	addi	x0,x0,0	  x0:0x00000000
        2235000	       222	80000398	d0ce6393	ori	x7,x28,-756	 x28:0x000000d8  x7=0xfffffddc
        2245000	       223	8000039c	031b9c63	bne	x23,x17,800003d4	 x23:0x80000000 x17:0xffffffce
        2255000	       224	00000000	00000013	addi	x0,x0,0	  x0:0x00000000
        2265000	       225	800003d0	00000013	addi	x0,x0,0	  x0:0x00000000
        2275000	       226	800003d4	03401063	bne	x0,x20,800003f4	  x0:0x00000000 x20:0xf80009f8
        2285000	       227	00000000	00000013	addi	x0,x0,0	  x0:0x00000000
        2295000	       228	800003f0	00000013	addi	x0,x0,0	  x0:0x00000000
        2305000	       229	800003f4	01f9f5b3	and	x11,x19,x31	 x19:0x000000e6 x31:0x000000e0 x11=0x000000e0
        2315000	       230	800003f8	012182b3	add	x5,x3,x18	  x3:0xffffffb4 x18:0xffffffe0  x5=0xffffff94
        2325000	       231	800003fc	0183f463	bgeu	x7,x24,80000404	  x7:0xfffffddc x24:0x80000000
        2335000	       232	00000000	00000013	addi	x0,x0,0	  x0:0x00000000
        2345000	       233	80000400	00000013	addi	x0,x0,0	  x0:0x00000000
        2355000	       234	80000404	9f29c113	xori	x2,x19,-1550	 x19:0x000000e6  x2=0xfffff914
        2365000	       235	80000408	64794e93	xori	x29,x18,1607	 x18:0xffffffe0 x29=0xfffff9a7
        2375000	       236	8000040c	4162d3b3	sra	x7,x5,x22	  x5:0xffffff94 x22:0x80009fc4  x7=0xfffffff9
        2385000	       237	80000410	af404d13	xori	x26,x0,-1292	  x0:0x00000000 x26=0xfffffaf4
        2395000	       238	80000414	4309f893	andi	x17,x19,1072	 x19:0x000000e6 x17=0x00000020
        2405000	       239	80000418	6646a193	slti	x3,x13,1636	 x13:0x000fffc4  x3=0x00000000
        2415000	       240	8000041c	01ecd613	srli	x12,x25,0x1e	 x25:0x000000c8 x12=0x00000000
        2425000	       241	80000420	41195a93	srai	x21,x18,0x11	 x18:0xffffffe0 x21=0xffffffff
        2435000	       242	80000424	d269aa93	slti	x21,x19,-730	 x19:0x000000e6 x21=0x00000000
        2445000	       243	80000428	06c99263	bne	x19,x12,8000048c	 x19:0x000000e6 x12:0x00000000
        2455000	       244	00000000	00000013	addi	x0,x0,0	  x0:0x00000000
        2465000	       245	80000488	00000013	addi	x0,x0,0	  x0:0x00000000
        2475000	       246	8000048c	40775db3	sra	x27,x14,x7	 x14:0xffffffc4  x7:0xfffffff9 x27=0xffffffff
        2485000	       247	80000490	0125d333	srl	x6,x11,x18	 x11:0x000000e0 x18:0xffffffe0  x6=0x000000e0
        2495000	       248	80000494	ea0a4893	xori	x17,x20,-352	 x20:0xf80009f8 x17=0x07fff758
        2505000	       249	80000498	f1107c13	andi	x24,x0,-239	  x0:0x00000000 x24=0x00000000
        2515000	       250	8000049c	0172adb3	slt	x27,x5,x23	  x5:0xffffff94 x23:0x80000000 x27=0x00000000
        2525000	       251	800004a0	2bc6b897	auipc	x17,0x2bc6b	 x17=0xabc6b49c
        2535000	       252	800004a4	02357063	bgeu	x10,x3,800004c4	 x10:0x00000001  x3:0x00000000
        2545000	       253	00000000	00000013	addi	x0,x0,0	  x0:0x00000000
        2555000	       254	800004c0	00000013	addi	x0,x0,0	  x0:0x00000000
        2565000	       255	800004c4	00e1da13	srli	x20,x3,0xe	  x3:0x00000000 x20=0x00000000
        2575000	       256	800004c8	01d9e1b3	or	x3,x19,x29	 x19:0x000000e6 x29:0xfffff9a7  x3=0xfffff9e7
        2585000	       257	800004cc	40ddddb3	sra	x27,x27,x13	 x27:0x00000000 x13:0x000fffc4 x27=0x00000000
        2595000	       258	800004d0	324e4d93	xori	x27,x28,804	 x28:0x000000d8 x27=0x000003fc
        2605000	       259	800004d4	0375d463	bge	x11,x23,800004fc	 x11:0x000000e0 x23:0x80000000
        2615000	       260	00000000	00000013	addi	x0,x0,0	  x0:0x00000000
        2625000	       261	800004f8	00000013	addi	x0,x0,0	  x0:0x00000000
        2635000	       262	800004fc	01dad933	srl	x18,x21,x29	 x21:0x00000000 x29:0xfffff9a7 x18=0x00000000
        2645000	       263	80000500	01499463	bne	x19,x20,80000508	 x19:0x000000e6 x20:0x00000000
        2655000	       264	00000000	00000013	addi	x0,x0,0	  x0:0x00000000
        2665000	       265	80000504	00000013	addi	x0,x0,0	  x0:0x00000000
        2675000	       266	80000508	000424b3	slt	x9,x8,x0	  x8:0xffffffcc  x0:0x00000000  x9=0x00000001
        2685000	       267	8000050c	01dfb133	sltu	x2,x31,x29	 x31:0x000000e0 x29:0xfffff9a7  x2=0x00000001
        2695000	       268	80000510	01815013	srli	x0,x2,0x18	  x2:0x00000001
        2705000	       269	80000514	00000013	addi	x0,x0,0	  x0:0x00000000
        2715000	       270	80000518	e72ae613	ori	x12,x21,-398	 x21:0x00000000 x12=0xfffffe72
        2725000	       271	8000051c	00000013	addi	x0,x0,0	  x0:0x00000000
        2735000	       272	80000520	01fe6db3	or	x27,x28,x31	 x28:0x000000d8 x31:0x000000e0 x27=0x000000f8
        2745000	       273	80000524	03689a63	bne	x17,x22,80000558	 x17:0xabc6b49c x22:0x80009fc4
        2755000	       274	00000000	00000013	addi	x0,x0,0	  x0:0x00000000
        2765000	       275	80000554	00000013	addi	x0,x0,0	  x0:0x00000000
        2775000	       276	80000558	c0aa3493	sltiu	x9,x20,-1014	 x20:0x00000000  x9=0x00000001
        2785000	       277	8000055c	00f48263	beq	x9,x15,80000560	  x9:0x00000001 x15:0x80009f84
        2795000	       278	80000560	4c7a4393	xori	x7,x20,1223	 x20:0x00000000  x7=0x000004c7
        2805000	       279	80000564	00fb4933	xor	x18,x22,x15	 x22:0x80009fc4 x15:0x80009f84 x18=0x00000040
        2815000	       280	80000568	2b27fc13	andi	x24,x15,690	 x15:0x80009f84 x24=0x00000280
        2825000	       281	8000056c	02346463	bltu	x8,x3,80000594	  x8:0xffffffcc  x3:0xfffff9e7
        2835000	       282	80000570	01643ab3	sltu	x21,x8,x22	  x8:0xffffffcc x22:0x80009fc4 x21=0x00000000
        2845000	       283	80000574	43aa5e97	auipc	x29,0x43aa5	 x29=0xc3aa5570
        2855000	       284	80000578	2315b993	sltiu	x19,x11,561	 x11:0x000000e0 x19=0x00000001
        2865000	       285	8000057c	006769b3	or	x19,x14,x6	 x14:0xffffffc4  x6:0x000000e0 x19=0xffffffe4
        2875000	       286	80000580	40910eb3	sub	x29,x2,x9	  x2:0x00000001  x9:0x00000001 x29=0x00000000
        2885000	       287	80000584	007bd233	srl	x4,x23,x7	 x23:0x80000000  x7:0x000004c7  x4=0x01000000
        2895000	       288	80000588	40a75433	sra	x8,x14,x10	 x14:0xffffffc4 x10:0x00000001  x8=0xffffffe2
        2905000	       289	8000058c	446e2f13	slti	x30,x28,1094	 x28:0x000000d8 x30=0x00000001
        2915000	       290	80000590	0c5f4293	xori	x5,x30,197	 x30:0x00000001  x5=0x000000c4
        2925000	       291	80000594	bfb17993	andi	x19,x2,-1029	  x2:0x00000001 x19=0x00000001
        2935000	       292	80000598	00aec3b3	xor	x7,x29,x10	 x29:0x00000000 x10:0x00000001  x7=0x00000001
        2945000	       293	8000059c	00000013	addi	x0,x0,0	  x0:0x00000000
        2955000	       294	800005a0	8fe90193	addi	x3,x18,-1794	 x18:0x00000040  x3=0xfffff93e
        2965000	       295	800005a4	dfc56d93	ori	x27,x10,-516	 x10:0x00000001 x27=0xfffffdfd
        2975000	       296	800005a8	019ba833	slt	x16,x23,x25	 x23:0x80000000 x25:0x000000c8 x16=0x00000001
        2985000	       297	800005ac	04a6d063	bge	x13,x10,800005ec	 x13:0x000fffc4 x10:0x00000001
        2995000	       298	00000000	00000013	addi	x0,x0,0	  x0:0x00000000
        3005000	       299	800005e8	00000013	addi	x0,x0,0	  x0:0x00000000
        3015000	       300	800005ec	319e0f17	auipc	x30,0x319e0	 x30=0xb19e05e8
        3025000	       301	800005f0	cd952617	auipc	x12,0xcd952	 x12=0x4d9525ec
        3035000	       302	800005f4	408e5c13	srai	x24,x28,0x8	 x28:0x000000d8 x24=0x00000000
        3045000	       303	800005f8	8e3de6b7	lui	x13,0x8e3de	 x13=0x8e3de000
        3055000	       304	800005fc	01ff9f17	auipc	x30,0x1ff9	 x30=0x81ff95f8
        3065000	       305	80000600	0000d613	srli	x12,x1,0x0	  x1:0x000000d8 x12=0x000000d8
        3075000	       306	80000604	02d36a63	bltu	x6,x13,80000638	  x6:0x000000e0 x13:0x8e3de000
        3085000	       307	00000000	00000013	addi	x0,x0,0	  x0:0x00000000
        3095000	       308	80000634	00000013	addi	x0,x0,0	  x0:0x00000000
        3105000	       309	80000638	03ff4063	blt	x30,x31,80000658	 x30:0x81ff95f8 x31:0x000000e0
        3115000	       310	00000000	00000013	addi	x0,x0,0	  x0:0x00000000
        3125000	       311	80000654	00000013	addi	x0,x0,0	  x0:0x00000000
        3135000	       312	80000658	00000013	addi	x0,x0,0	  x0:0x00000000
        3145000	       313	8000065c	016e4ab3	xor	x21,x28,x22	 x28:0x000000d8 x22:0x80009fc4 x21=0x80009f1c
        3155000	       314	80000660	000b1f33	sll	x30,x22,x0	 x22:0x80009fc4  x0:0x00000000 x30=0x80009fc4
        3165000	       315	80000664	cd455e17	auipc	x28,0xcd455	 x28=0x4d455660
        3175000	       316	80000668	43a60d37	lui	x26,0x43a60	 x26=0x43a60000
        3185000	       317	8000066c	04fd5063	bge	x26,x15,800006ac	 x26:0x43a60000 x15:0x80009f84
        3195000	       318	00000000	00000013	addi	x0,x0,0	  x0:0x00000000
        3205000	       319	800006a8	00000013	addi	x0,x0,0	  x0:0x00000000
        3215000	       320	800006ac	01385ab3	srl	x21,x16,x19	 x16:0x00000001 x19:0x00000001 x21=0x00000000
        3225000	       321	800006b0	00407e33	and	x28,x0,x4	  x0:0x00000000  x4:0x01000000 x28=0x00000000
        3235000	       322	800006b4	01683f33	sltu	x30,x16,x22	 x16:0x00000001 x22:0x80009fc4 x30=0x00000001
        3245000	       323	800006b8	670e3513	sltiu	x10,x28,1648	 x28:0x00000000 x10=0x00000001
        3255000	       324	800006bc	01d2c1b3	xor	x3,x5,x29	  x5:0x000000c4 x29:0x00000000  x3=0x000000c4
        3265000	       325	800006c0	05696263	bltu	x18,x22,80000704	 x18:0x00000040 x22:0x80009fc4
        3275000	       326	00000000	00000013	addi	x0,x0,0	  x0:0x00000000
        3285000	       327	80000700	00000013	addi	x0,x0,0	  x0:0x00000000
        3295000	       328	80000704	00027633	and	x12,x4,x0	  x4:0x01000000  x0:0x00000000 x12=0x00000000
        3305000	       329	80000708	01e1e5b3	or	x11,x3,x30	  x3:0x000000c4 x30:0x00000001 x11=0x000000c5
        3315000	       330	8000070c	00d39a13	slli	x20,x7,0xd	  x7:0x00000001 x20=0x00002000
        3325000	       331	80000710	01b93d33	sltu	x26,x18,x27	 x18:0x00000040 x27:0xfffffdfd x26=0x00000001
        3335000	       332	80000714	03e2dc63	bge	x5,x30,8000074c	  x5:0x000000c4 x30:0x00000001
        3345000	       333	00000000	00000013	addi	x0,x0,0	  x0:0x00000000
        3355000	       334	80000748	00000013	addi	x0,x0,0	  x0:0x00000000
        3365000	       335	8000074c	012d08b3	add	x17,x26,x18	 x26:0x00000001 x18:0x00000040 x17=0x00000041
        3375000	       336	80000750	00557533	and	x10,x10,x5	 x10:0x00000001  x5:0x000000c4 x10=0x00000000
        3385000	       337	80000754	01091463	bne	x18,x16,8000075c	 x18:0x00000040 x16:0x00000001
        3395000	       338	00000000	00000013	addi	x0,x0,0	  x0:0x00000000
        3405000	       339	80000758	00000013	addi	x0,x0,0	  x0:0x00000000
        3415000	       340	8000075c	3d256293	ori	x5,x10,978	 x10:0x00000000  x5=0x000003d2
        3425000	       341	80000760	790d3893	sltiu	x17,x26,1936	 x26:0x00000001 x17=0x00000001
        3435000	       342	80000764	01c73733	sltu	x14,x14,x28	 x14:0xffffffc4 x28:0x00000000 x14=0x00000000
        3445000	       343	80000768	9b18c513	xori	x10,x17,-1615	 x17:0x00000001 x10=0xfffff9b0
        3455000	       344	8000076c	00cdb633	sltu	x12,x27,x12	 x27:0xfffffdfd x12:0x00000000 x12=0x00000000
        3465000	       345	80000770	03c5d663	bge	x11,x28,8000079c	 x11:0x000000c5 x28:0x00000000
        3475000	       346	00000000	00000013	addi	x0,x0,0	  x0:0x00000000
        3485000	       347	80000798	00000013	addi	x0,x0,0	  x0:0x00000000
        3495000	       348	8000079c	0112f533	and	x10,x5,x17	  x5:0x000003d2 x17:0x00000001 x10=0x00000000
        3505000	       349	800007a0	03065263	bge	x12,x16,800007c4	 x12:0x00000000 x16:0x00000001
        3515000	       350	800007a4	00000013	addi	x0,x0,0	  x0:0x00000000
        3525000	       351	800007a8	02e1d263	bge	x3,x14,800007cc	  x3:0x000000c4 x14:0x00000000
        3535000	       352	00000000	00000013	addi	x0,x0,0	  x0:0x00000000
        3545000	       353	800007c8	00000013	addi	x0,x0,0	  x0:0x00000000
        3555000	       354	800007cc	41ef5f93	srai	x31,x30,0x1e	 x30:0x00000001 x31=0x00000000
        3565000	       355	800007d0	008dbcb3	sltu	x25,x27,x8	 x27:0xfffffdfd  x8:0xffffffe2 x25=0x00000001
        3575000	       356	800007d4	01c30a33	add	x20,x6,x28	  x6:0x000000e0 x28:0x00000000 x20=0x000000e0
        3585000	       357	800007d8	00b40d33	add	x26,x8,x11	  x8:0xffffffe2 x11:0x000000c5 x26=0x000000a7
        3595000	       358	800007dc	daf54897	auipc	x17,0xdaf54	 x17=0x5af547d8
        3605000	       359	800007e0	84412a13	slti	x20,x2,-1980	  x2:0x00000001 x20=0x00000000
        3615000	       360	800007e4	a10c1e17	auipc	x28,0xa10c1	 x28=0x210c17e0
        3625000	       361	800007e8	00000013	addi	x0,x0,0	  x0:0x00000000
        3635000	       362	800007ec	f99e4517	auipc	x10,0xf99e4	 x10=0x799e47e8
        3645000	       363	800007f0	01ca8eb3	add	x29,x21,x28	 x21:0x00000000 x28:0x210c17e0 x29=0x210c17e0
        3655000	       364	800007f4	40748433	sub	x8,x9,x7	  x9:0x00000001  x7:0x00000001  x8=0x00000000
        3665000	       365	800007f8	0126bcb3	sltu	x25,x13,x18	 x13:0x8e3de000 x18:0x00000040 x25=0x00000000
        3675000	       366	800007fc	01349213	slli	x4,x9,0x13	  x9:0x00000001  x4=0x00080000
        3685000	       367	80000800	015de8b3	or	x17,x27,x21	 x27:0xfffffdfd x21:0x00000000 x17=0xfffffdfd
        3695000	       368	80000804	d922c113	xori	x2,x5,-622	  x5:0x000003d2  x2=0xfffffe40
        3705000	       369	80000808	f6f99617	auipc	x12,0xf6f99	 x12=0x76f99804
        3715000	       370	8000080c	9e9bc837	lui	x16,0x9e9bc	 x16=0x9e9bc000
        3725000	       371	80000810	03316263	bltu	x2,x19,80000834	  x2:0xfffffe40 x19:0x00000001
        3735000	       372	80000814	03f21a63	bne	x4,x31,80000848	  x4:0x00080000 x31:0x00000000
        3745000	       373	00000000	00000013	addi	x0,x0,0	  x0:0x00000000
        3755000	       374	80000844	00000013	addi	x0,x0,0	  x0:0x00000000
        3765000	       375	80000848	0277d463	bge	x15,x7,80000870	 x15:0x80009f84  x7:0x00000001
        3775000	       376	8000084c	470aa593	slti	x11,x21,1136	 x21:0x00000000 x11=0x00000001
        3785000	       377	80000850	016e9263	bne	x29,x22,80000854	 x29:0x210c17e0 x22:0x80009fc4
        3795000	       378	00000000	00000013	addi	x0,x0,0	  x0:0x00000000
        3805000	       379	80000850	00000013	addi	x0,x0,0	  x0:0x00000000
        3815000	       380	80000854	00655a13	srli	x20,x10,0x6	 x10:0x799e47e8 x20=0x01e6791f
        3825000	       381	80000858	0385d463	bge	x11,x24,80000880	 x11:0x00000001 x24:0x00000000
        3835000	       382	00000000	00000013	addi	x0,x0,0	  x0:0x00000000
        3845000	       383	8000087c	00000013	addi	x0,x0,0	  x0:0x00000000
        3855000	       384	80000880	0046b033	sltu	x0,x13,x4	 x13:0x8e3de000  x4:0x00080000
        3865000	       385	80000884	03c71c63	bne	x14,x28,800008bc	 x14:0x00000000 x28:0x210c17e0
        3875000	       386	00000000	00000013	addi	x0,x0,0	  x0:0x00000000
        3885000	       387	800008b8	00000013	addi	x0,x0,0	  x0:0x00000000
        3895000	       388	800008bc	016642b3	xor	x5,x12,x22	 x12:0x76f99804 x22:0x80009fc4  x5=0xf6f907c0
        3905000	       389	800008c0	e087b693	sltiu	x13,x15,-504	 x15:0x80009f84 x13=0x00000001
        3915000	       390	800008c4	40498c97	auipc	x25,0x40498	 x25=0xc04988c0
        3925000	       391	800008c8	fc6d6813	ori	x16,x26,-58	 x26:0x000000a7 x16=0xffffffe7
        3935000	       392	800008cc	04e79063	bne	x15,x14,8000090c	 x15:0x80009f84 x14:0x00000000
        3945000	       393	00000000	00000013	addi	x0,x0,0	  x0:0x00000000
        3955000	       394	80000908	00000013	addi	x0,x0,0	  x0:0x00000000
        3965000	       395	8000090c	ad4e3c13	sltiu	x24,x28,-1324	 x28:0x210c17e0 x24=0x00000001
        3975000	       396	80000910	e91b4113	xori	x2,x22,-367	 x22:0x80009fc4  x2=0x7fff6155
        3985000	       397	80000914	001ddab3	srl	x21,x27,x1	 x27:0xfffffdfd  x1:0x000000d8 x21=0x000000ff
        3995000	       398	80000918	020df063	bgeu	x27,x0,80000938	 x27:0xfffffdfd  x0:0x00000000
        4005000	       399	00000000	00000013	addi	x0,x0,0	  x0:0x00000000
        4015000	       400	80000934	00000013	addi	x0,x0,0	  x0:0x00000000
        4025000	       401	80000938	00c9d913	srli	x18,x19,0xc	 x19:0x00000001 x18=0x00000000
        4035000	       402	8000093c	a84aee93	ori	x29,x21,-1404	 x21:0x000000ff x29=0xfffffaff
        4045000	       403	80000940	40f85c33	sra	x24,x16,x15	 x16:0xffffffe7 x15:0x80009f84 x24=0xfffffffe
        4055000	       404	80000944	d21d4893	xori	x17,x26,-735	 x26:0x000000a7 x17=0xfffffd86
        4065000	       405	80000948	d3afd837	lui	x16,0xd3afd	 x16=0xd3afd000
        4075000	       406	8000094c	d25ae893	ori	x17,x21,-731	 x21:0x000000ff x17=0xfffffdff
        4085000	       407	80000950	a3dfbe93	sltiu	x29,x31,-1475	 x31:0x00000000 x29=0x00000001
        4095000	       408	80000954	01555633	srl	x12,x10,x21	 x10:0x799e47e8 x21:0x000000ff x12=0x00000000
        4105000	       409	80000958	00a14fb3	xor	x31,x2,x10	  x2:0x7fff6155 x10:0x799e47e8 x31=0x066126bd
        4115000	       410	8000095c	cd8eb513	sltiu	x10,x29,-808	 x29:0x00000001 x10=0x00000001
        4125000	       411	80000960	403cd233	sra	x4,x25,x3	 x25:0xc04988c0  x3:0x000000c4  x4=0xfc04988c
        4135000	       412	80000964	f8b1e493	ori	x9,x3,-117	  x3:0x000000c4  x9=0xffffffcf
        4145000	       413	80000968	017176b3	and	x13,x2,x23	  x2:0x7fff6155 x23:0x80000000 x13=0x00000000
        4155000	       414	8000096c	003cd913	srli	x18,x25,0x3	 x25:0xc04988c0 x18=0x18093118
        4165000	       415	80000970	03cff063	bgeu	x31,x28,80000990	 x31:0x066126bd x28:0x210c17e0
        4175000	       416	80000974	003b1c93	slli	x25,x22,0x3	 x22:0x80009fc4 x25=0x0004fe20
        4185000	       417	80000978	01fc3033	sltu	x0,x24,x31	 x24:0xfffffffe x31:0x066126bd
        4195000	       418	8000097c	02469a63	bne	x13,x4,800009b0	 x13:0x00000000  x4:0xfc04988c
        4205000	       419	00000000	00000013	addi	x0,x0,0	  x0:0x00000000
        4215000	       420	800009ac	00000013	addi	x0,x0,0	  x0:0x00000000
        4225000	       421	800009b0	01c49eb3	sll	x29,x9,x28	  x9:0xffffffcf x28:0x210c17e0 x29=0xffffffcf
        4235000	       422	800009b4	18500713	addi	x14,x0,389	  x0:0x00000000 x14=0x00000185
        4245000	       423	800009b8	01d101b3	add	x3,x2,x29	  x2:0x7fff6155 x29:0xffffffcf  x3=0x7fff6124
        4255000	       424	800009bc	01157c33	and	x24,x10,x17	 x10:0x00000001 x17:0xfffffdff x24=0x00000001
        4265000	       425	800009c0	8426a017	auipc	x0,0x8426a	
        4275000	       426	800009c4	a02f3837	lui	x16,0xa02f3	 x16=0xa02f3000
        4285000	       427	800009c8	0197d913	srli	x18,x15,0x19	 x15:0x80009f84 x18=0x00000040
        4295000	       428	800009cc	95ebae13	slti	x28,x23,-1698	 x23:0x80000000 x28=0x00000001
        4305000	       429	800009d0	048a9263	bne	x21,x8,80000a14	 x21:0x000000ff  x8:0x00000000
        4315000	       430	00000000	00000013	addi	x0,x0,0	  x0:0x00000000
        4325000	       431	80000a10	00000013	addi	x0,x0,0	  x0:0x00000000
        4335000	       432	80000a14	04c49663	bne	x9,x12,80000a60	  x9:0xffffffcf x12:0x00000000
        4345000	       433	00000000	00000013	addi	x0,x0,0	  x0:0x00000000
        4355000	       434	80000a5c	00000013	addi	x0,x0,0	  x0:0x00000000
        4365000	       435	80000a60	008cf033	and	x0,x25,x8	 x25:0x0004fe20  x8:0x00000000
        4375000	       436	80000a64	4102d393	srai	x7,x5,0x10	  x5:0xf6f907c0  x7=0xfffff6f9
        4385000	       437	80000a68	00000013	addi	x0,x0,0	  x0:0x00000000
        4395000	       438	80000a6c	5cf0c597	auipc	x11,0x5cf0c	 x11=0xdcf0ca68
        4405000	       439	80000a70	377f8a13	addi	x20,x31,887	 x31:0x066126bd x20=0x06612a34
        4415000	       440	80000a74	03d27063	bgeu	x4,x29,80000a94	  x4:0xfc04988c x29:0xffffffcf
        4425000	       441	80000a78	065bf093	andi	x1,x23,101	 x23:0x80000000  x1=0x00000000
        4435000	       442	80000a7c	00aa2fb3	slt	x31,x20,x10	 x20:0x06612a34 x10:0x00000001 x31=0x00000000
        4445000	       443	80000a80	00001533	sll	x10,x0,x0	  x0:0x00000000  x0:0x00000000 x10=0x00000000
        4455000	       444	80000a84	00000013	addi	x0,x0,0	  x0:0x00000000
        4465000	       445	80000a88	004ea6b3	slt	x13,x29,x4	 x29:0xffffffcf  x4:0xfc04988c x13=0x00000000
        4475000	       446	80000a8c	41800d33	sub	x26,x0,x24	  x0:0x00000000 x24:0x00000001 x26=0xffffffff
        4485000	       447	80000a90	013f21b3	slt	x3,x30,x19	 x30:0x00000001 x19:0x00000001  x3=0x00000000
        4495000	       448	80000a94	01efda63	bge	x31,x30,80000aa8	 x31:0x00000000 x30:0x00000001
        4505000	       449	80000a98	77c69037	lui	x0,0x77c69	
        4515000	       450	80000a9c	01efa2b3	slt	x5,x31,x30	 x31:0x00000000 x30:0x00000001  x5=0x00000001
        4525000	       451	80000aa0	d4314593	xori	x11,x2,-701	  x2:0x7fff6155 x11=0x80009c16
        4535000	       452	80000aa4	00f39733	sll	x14,x7,x15	  x7:0xfffff6f9 x15:0x80009f84 x14=0xffff6f90
        4545000	       453	80000aa8	0093bd33	sltu	x26,x7,x9	  x7:0xfffff6f9  x9:0xffffffcf x26=0x00000001
        4555000	       454	80000aac	9ae4b513	sltiu	x10,x9,-1618	  x9:0xffffffcf x10=0x00000000
        4565000	       455	80000ab0	03071063	bne	x14,x16,80000ad0	 x14:0xffff6f90 x16:0xa02f3000
        4575000	       456	00000000	00000013	addi	x0,x0,0	  x0:0x00000000
        4585000	       457	80000acc	00000013	addi	x0,x0,0	  x0:0x00000000
        4595000	       458	80000ad0	97f96f13	ori	x30,x18,-1665	 x18:0x00000040 x30=0xfffff97f
        4605000	       459	80000ad4	01aaff33	and	x30,x21,x26	 x21:0x000000ff x26:0x00000001 x30=0x00000001
        4615000	       460	80000ad8	03d1fc63	bgeu	x3,x29,80000b10	  x3:0x00000000 x29:0xffffffcf
        4625000	       461	80000adc	ca4f8e13	addi	x28,x31,-860	 x31:0x00000000 x28=0xfffffca4
        4635000	       462	80000ae0	1a40cf93	xori	x31,x1,420	  x1:0x00000000 x31=0x000001a4
        4645000	       463	80000ae4	00cbe1b3	or	x3,x23,x12	 x23:0x80000000 x12:0x00000000  x3=0x80000000
        4655000	       464	80000ae8	4c464a93	xori	x21,x12,1220	 x12:0x00000000 x21=0x000004c4
        4665000	       465	80000aec	011fc633	xor	x12,x31,x17	 x31:0x000001a4 x17:0xfffffdff x12=0xfffffc5b
        4675000	       466	80000af0	00000013	addi	x0,x0,0	  x0:0x00000000
        4685000	       467	80000af4	03d81c63	bne	x16,x29,80000b2c	 x16:0xa02f3000 x29:0xffffffcf
        4695000	       468	00000000	00000013	addi	x0,x0,0	  x0:0x00000000
        4705000	       469	80000b28	00000013	addi	x0,x0,0	  x0:0x00000000
        4715000	       470	80000b2c	26d44c93	xori	x25,x8,621	  x8:0x00000000 x25=0x0000026d
        4725000	       471	80000b30	008c6733	or	x14,x24,x8	 x24:0x00000001  x8:0x00000000 x14=0x00000001
        4735000	       472	80000b34	4067d4b3	sra	x9,x15,x6	 x15:0x80009f84  x6:0x000000e0  x9=0x80009f84
        4745000	       473	80000b38	00116c33	or	x24,x2,x1	  x2:0x7fff6155  x1:0x00000000 x24=0x7fff6155
        4755000	       474	80000b3c	01f3ad33	slt	x26,x7,x31	  x7:0xfffff6f9 x31:0x000001a4 x26=0x00000001
        4765000	       475	80000b40	a1c70913	addi	x18,x14,-1508	 x14:0x00000001 x18=0xfffffa1d
        4775000	       476	80000b44	00008117	auipc	x2,0x8	  x2=0x80008b40
        4785000	       477	80000b48	87810113	addi	x2,x2,-1928	  x2:0x80008b40  x2=0x800083b8
        4795000	       478	80000b4c	00e71f17	auipc	x30,0xe71	 x30=0x80e71b48
        4805000	       479	80000b50	ff611903	lh	x18,-10(x2)	  x2:0x800083b8 x18=0x00006465 PA:0x800083ae
        4815000	       480	80000b54	01110f33	add	x30,x2,x17	  x2:0x800083b8 x17:0xfffffdff x30=0x800081b7
        4825000	       481	80000b58	02714303	lbu	x6,39(x2)	  x2:0x800083b8  x6=0x00000094 PA:0x800083df
        4835000	       482	80000b5c	ff714c03	lbu	x24,-9(x2)	  x2:0x800083b8 x24=0x00000064 PA:0x800083af
        4845000	       483	00000000	00000013	addi	x0,x0,0	  x0:0x00000000
        4855000	       484	80000b60	01811983	lh	x19,24(x2)	  x2:0x800083b8 x19=0xffff8a8b PA:0x800083d0
        4865000	       485	80000b64	41263593	sltiu	x11,x12,1042	 x12:0xfffffc5b x11=0x00000000
        4875000	       486	80000b68	fe2102a3	sb	x2,-27(x2)	  x2:0x800083b8  x2:0x800083b8 PA:0x8000839d
        4885000	       487	80000b6c	0139a4b3	slt	x9,x19,x19	 x19:0xffff8a8b x19:0xffff8a8b  x9=0x00000000
        4895000	       488	80000b70	5b2ba493	slti	x9,x23,1458	 x23:0x80000000  x9=0x00000001
        4905000	       489	80000b74	005109a3	sb	x5,19(x2)	  x2:0x800083b8  x5:0x00000001 PA:0x800083cb
        4915000	       490	80000b78	15ba8c97	auipc	x25,0x15ba8	 x25=0x95ba8b74
        4925000	       491	80000b7c	00488c33	add	x24,x17,x4	 x17:0xfffffdff  x4:0xfc04988c x24=0xfc04968b
        4935000	       492	80000b80	02211503	lh	x10,34(x2)	  x2:0x800083b8 x10=0xffff9091 PA:0x800083da
        4945000	       493	80000b84	03914e83	lbu	x29,57(x2)	  x2:0x800083b8 x29=0x000000aa PA:0x800083f1
        4955000	       494	80000b88	1a30a013	slti	x0,x1,419	  x1:0x00000000
        4965000	       495	80000b8c	ffc14203	lbu	x4,-4(x2)	  x2:0x800083b8  x4=0x0000006f PA:0x800083b4
        4975000	       496	80000b90	ff710883	lb	x17,-9(x2)	  x2:0x800083b8 x17=0x00000064 PA:0x800083af
        4985000	       497	80000b94	13f26493	ori	x9,x4,319	  x4:0x0000006f  x9=0x0000017f
        4995000	       498	80000b98	00668e33	add	x28,x13,x6	 x13:0x00000000  x6:0x00000094 x28=0x00000094
        5005000	       499	80000b9c	8377f293	andi	x5,x15,-1993	 x15:0x80009f84  x5=0x80009804
        5015000	       500	80000ba0	fde15203	lhu	x4,-34(x2)	  x2:0x800083b8  x4=0x00004c4d PA:0x80008396
        5025000	       501	80000ba4	412a5a33	sra	x20,x20,x18	 x20:0x06612a34 x18:0x00006465 x20=0x00330951
        5035000	       502	80000ba8	00ca5533	srl	x10,x20,x12	 x20:0x00330951 x12:0xfffffc5b x10=0x00000000
        5045000	       503	80000bac	4266fdb7	lui	x27,0x4266f	 x27=0x4266f000
        5055000	       504	80000bb0	fc910883	lb	x17,-55(x2)	  x2:0x800083b8 x17=0x0000003a PA:0x80008381
        5065000	       505	80000bb4	00d85193	srli	x3,x16,0xd	 x16:0xa02f3000  x3=0x00050179
        5075000	       506	80000bb8	417906b3	sub	x13,x18,x23	 x18:0x00006465 x23:0x80000000 x13=0x80006465
        5085000	       507	80000bbc	9f412393	slti	x7,x2,-1548	  x2:0x800083b8  x7=0x00000001
        5095000	       508	80000bc0	fcc11123	sh	x12,-62(x2)	  x2:0x800083b8 x12:0xfffffc5b PA:0x8000837a
        5105000	       509	80000bc4	6000fc13	andi	x24,x1,1536	  x1:0x00000000 x24=0x00000000
        5115000	       510	80000bc8	fcf10d03	lb	x26,-49(x2)	  x2:0x800083b8 x26=0x0000003c PA:0x80008387
        5125000	       511	80000bcc	00be5e33	srl	x28,x28,x11	 x28:0x00000094 x11:0x00000000 x28=0x00000094
        5135000	       512	80000bd0	00610583	lb	x11,6(x2)	  x2:0x800083b8 x11=0x00000075 PA:0x800083be
        5145000	       513	80000bd4	03810583	lb	x11,56(x2)	  x2:0x800083b8 x11=0xffffffab PA:0x800083f0
        5155000	       514	80000bd8	01b10da3	sb	x27,27(x2)	  x2:0x800083b8 x27:0x4266f000 PA:0x800083d3
        5165000	       515	80000bdc	fed14483	lbu	x9,-19(x2)	  x2:0x800083b8  x9=0x0000005e PA:0x800083a5
        5175000	       516	80000be0	03f14a83	lbu	x21,63(x2)	  x2:0x800083b8 x21=0x000000ac PA:0x800083f7
        5185000	       517	80000be4	419edeb3	sra	x29,x29,x25	 x29:0x000000aa x25:0x95ba8b74 x29=0x00000000
        5195000	       518	80000be8	89104f93	xori	x31,x0,-1903	  x0:0x00000000 x31=0xfffff891
        5205000	       519	80000bec	ff412583	lw	x11,-12(x2)	  x2:0x800083b8 x11=0x64656667 PA:0x800083ac
        5215000	       520	80000bf0	ce5dca93	xori	x21,x27,-795	 x27:0x4266f000 x21=0xbd990ce5
        5225000	       521	80000bf4	00185d33	srl	x26,x16,x1	 x16:0xa02f3000  x1:0x00000000 x26=0xa02f3000
        5235000	       522	80000bf8	01411223	sh	x20,4(x2)	  x2:0x800083b8 x20:0x00330951 PA:0x800083bc
        5245000	       523	80000bfc	fde11683	lh	x13,-34(x2)	  x2:0x800083b8 x13=0x00004c4d PA:0x80008396
        5255000	       524	80000c00	022107a3	sb	x2,47(x2)	  x2:0x800083b8  x2:0x800083b8 PA:0x800083e7
        5265000	       525	80000c04	331ab913	sltiu	x18,x21,817	 x21:0xbd990ce5 x18=0x00000000
        5275000	       526	80000c08	02c14a03	lbu	x20,44(x2)	  x2:0x800083b8 x20=0x0000009f PA:0x800083e4
        5285000	       527	80000c0c	02b10ba3	sb	x11,55(x2)	  x2:0x800083b8 x11:0x64656667 PA:0x800083ef
        5295000	       528	80000c10	ff910a23	sb	x25,-12(x2)	  x2:0x800083b8 x25:0x95ba8b74 PA:0x800083ac
        5305000	       529	80000c14	02ad9863	bne	x27,x10,80000c44	 x27:0x4266f000 x10:0x00000000
        5315000	       530	00000000	00000013	addi	x0,x0,0	  x0:0x00000000
        5325000	       531	80000c40	00000013	addi	x0,x0,0	  x0:0x00000000
        5335000	       532	80000c44	330aa237	lui	x4,0x330aa	  x4=0x330aa000
        5345000	       533	80000c48	0334e263	bltu	x9,x19,80000c6c	  x9:0x0000005e x19:0xffff8a8b
        5355000	       534	00000000	00000013	addi	x0,x0,0	  x0:0x00000000
        5365000	       535	80000c68	00000013	addi	x0,x0,0	  x0:0x00000000
        5375000	       536	80000c6c	02f69463	bne	x13,x15,80000c94	 x13:0x00004c4d x15:0x80009f84
        5385000	       537	00000000	00000013	addi	x0,x0,0	  x0:0x00000000
        5395000	       538	80000c90	00000013	addi	x0,x0,0	  x0:0x00000000
        5405000	       539	80000c94	4f976e13	ori	x28,x14,1273	 x14:0x00000001 x28=0x000004f9
        5415000	       540	80000c98	01c72233	slt	x4,x14,x28	 x14:0x00000001 x28:0x000004f9  x4=0x00000001
        5425000	       541	80000c9c	01ef2733	slt	x14,x30,x30	 x30:0x800081b7 x30:0x800081b7 x14=0x00000000
        5435000	       542	80000ca0	65a5f693	andi	x13,x11,1626	 x11:0x64656667 x13=0x00000642
        5445000	       543	80000ca4	02518463	beq	x3,x5,80000ccc	  x3:0x00050179  x5:0x80009804
        5455000	       544	80000ca8	013981b3	add	x3,x19,x19	 x19:0xffff8a8b x19:0xffff8a8b  x3=0xffff1516
        5465000	       545	80000cac	012721b3	slt	x3,x14,x18	 x14:0x00000000 x18:0x00000000  x3=0x00000000
        5475000	       546	80000cb0	0218f463	bgeu	x17,x1,80000cd8	 x17:0x0000003a  x1:0x00000000
        5485000	       547	00000000	00000013	addi	x0,x0,0	  x0:0x00000000
        5495000	       548	80000cd4	00000013	addi	x0,x0,0	  x0:0x00000000
        5505000	       549	80000cd8	004729b3	slt	x19,x14,x4	 x14:0x00000000  x4:0x00000001 x19=0x00000001
        5515000	       550	80000cdc	35843493	sltiu	x9,x8,856	  x8:0x00000000  x9=0x00000001
        5525000	       551	80000ce0	00000013	addi	x0,x0,0	  x0:0x00000000
        5535000	       552	80000ce4	00ac3933	sltu	x18,x24,x10	 x24:0x00000000 x10:0x00000000 x18=0x00000000
        5545000	       553	80000ce8	565bfd37	lui	x26,0x565bf	 x26=0x565bf000
        5555000	       554	80000cec	016d88b3	add	x17,x27,x22	 x27:0x4266f000 x22:0x80009fc4 x17=0xc2678fc4
        5565000	       555	80000cf0	fdda7913	andi	x18,x20,-35	 x20:0x0000009f x18=0x0000009d
        5575000	       556	80000cf4	68884d13	xori	x26,x16,1672	 x16:0xa02f3000 x26=0xa02f3688
        5585000	       557	80000cf8	01661f93	slli	x31,x12,0x16	 x12:0xfffffc5b x31=0x16c00000
        5595000	       558	80000cfc	1718ea93	ori	x21,x17,369	 x17:0xc2678fc4 x21=0xc2678ff5
        5605000	       559	80000d00	01131593	slli	x11,x6,0x11	  x6:0x00000094 x11=0x01280000
        5615000	       560	80000d04	027e1a63	bne	x28,x7,80000d38	 x28:0x000004f9  x7:0x00000001
        5625000	       561	00000000	00000013	addi	x0,x0,0	  x0:0x00000000
        5635000	       562	80000d34	00000013	addi	x0,x0,0	  x0:0x00000000
        5645000	       563	80000d38	014cd6b3	srl	x13,x25,x20	 x25:0x95ba8b74 x20:0x0000009f x13=0x00000001
        5655000	       564	80000d3c	00000b97	auipc	x23,0x0	 x23=0x80000d38
        5665000	       565	80000d40	00cb8b93	addi	x23,x23,12	 x23:0x80000d38 x23=0x80000d44
        5675000	       566	80000d44	000b8067	jalr	x0,x23,0	 x23:0x80000d44
        5685000	       567	00000000	00000013	addi	x0,x0,0	  x0:0x00000000
        5695000	       568	80000d44	00000013	addi	x0,x0,0	  x0:0x00000000
        5705000	       569	80000d48	00100193	addi	x3,x0,1	  x0:0x00000000  x3=0x00000001
        5715000	       570	80000d4c	00000073	ecall	
        5725000	       571	80000d50	fc478793	addi	x15,x15,-60	 x15:0x80009f84 x15=0x80009f48
