		Time			Cycle	PC		Insn	Decoded instruction	Register and memory contents
          65000	         5	80000004	00000293	addi	x5,x0,0	  x0:0x00000000  x5=0x00000000
          75000	         6	80000008	00000313	addi	x6,x0,0	  x0:0x00000000  x6=0x00000000
          85000	         7	8000000c	00628263	beq	x5,x6,80000010	  x5:0x00000000  x6:0x00000000
          95000	         8	00000000	00000013	addi	x0,x0,0	  x0:0x00000000
         105000	         9	8000000c	00000013	addi	x0,x0,0	  x0:0x00000000
         115000	        10	80000010	00000797	auipc	x15,0x0	 x15=0x8000000c
         125000	        11	80000014	00c78793	addi	x15,x15,12	 x15:0x8000000c x15=0x80000018
         135000	        12	80000018	00078067	jalr	x0,x15,0	 x15:0x80000018
         145000	        13	00000000	00000013	addi	x0,x0,0	  x0:0x00000000
         155000	        14	80000018	00000013	addi	x0,x0,0	  x0:0x00000000
         165000	        15	8000001c	40000137	lui	x2,0x40000	  x2=0x40000000
         175000	        16	80000020	10010113	addi	x2,x2,256	  x2:0x40000000  x2=0x40000100
         185000	        17	80000024	00000013	addi	x0,x0,0	  x0:0x00000000
         195000	        18	80000028	0000a997	auipc	x19,0xa	 x19=0x8000a024
         205000	        19	8000002c	fa098993	addi	x19,x19,-96	 x19:0x8000a024 x19=0x80009fc4
         215000	        20	80000030	00007117	auipc	x2,0x7	  x2=0x8000702c
         225000	        21	80000034	b0010113	addi	x2,x2,-1280	  x2:0x8000702c  x2=0x80006b2c
         235000	        22	80000038	00016113	ori	x2,x2,0	  x2:0x80006b2c  x2=0x80006b2c
         245000	        23	8000003c	00000013	addi	x0,x0,0	  x0:0x00000000
         255000	        24	80000040	00000117	auipc	x2,0x0	  x2=0x8000003c
         265000	        25	80000044	02010113	addi	x2,x2,32	  x2:0x8000003c  x2=0x8000005c
         275000	        26	80000048	00000013	addi	x0,x0,0	  x0:0x00000000
         285000	        27	8000004c	00000013	addi	x0,x0,0	  x0:0x00000000
         295000	        28	80000050	00002137	lui	x2,0x2	  x2=0x00002000
         305000	        29	80000054	80010113	addi	x2,x2,-2048	  x2:0x00002000  x2=0x00001800
         315000	        30	80000058	00000013	addi	x0,x0,0	  x0:0x00000000
         325000	        31	8000005c	00000013	addi	x0,x0,0	  x0:0x00000000
         335000	        32	80000060	f4961037	lui	x0,0xf4961	
         345000	        33	80000064	81200013	addi	x0,x0,-2030	  x0:0x00000000
         355000	        34	80000068	fe6420b7	lui	x1,0xfe642	  x1=0xfe642000
         365000	        35	8000006c	f7208093	addi	x1,x1,-142	  x1:0xfe642000  x1=0xfe641f72
         375000	        36	80000070	00300113	addi	x2,x0,3	  x0:0x00000000  x2=0x00000003
         385000	        37	80000074	c9b641b7	lui	x3,0xc9b64	  x3=0xc9b64000
         395000	        38	80000078	93918193	addi	x3,x3,-1735	  x3:0xc9b64000  x3=0xc9b63939
         405000	        39	8000007c	00000213	addi	x4,x0,0	  x0:0x00000000  x4=0x00000000
         415000	        40	80000080	00000293	addi	x5,x0,0	  x0:0x00000000  x5=0x00000000
         425000	        41	80000084	f35aa337	lui	x6,0xf35aa	  x6=0xf35aa000
         435000	        42	80000088	db330313	addi	x6,x6,-589	  x6:0xf35aa000  x6=0xf35a9db3
         445000	        43	8000008c	00400393	addi	x7,x0,4	  x0:0x00000000  x7=0x00000004
         455000	        44	80000090	00700413	addi	x8,x0,7	  x0:0x00000000  x8=0x00000007
         465000	        45	80000094	00000493	addi	x9,x0,0	  x0:0x00000000  x9=0x00000000
         475000	        46	80000098	80000537	lui	x10,0x80000	 x10=0x80000000
         485000	        47	8000009c	00000593	addi	x11,x0,0	  x0:0x00000000 x11=0x00000000
         495000	        48	800000a0	00500613	addi	x12,x0,5	  x0:0x00000000 x12=0x00000005
         505000	        49	800000a4	800006b7	lui	x13,0x80000	 x13=0x80000000
         515000	        50	800000a8	b633e737	lui	x14,0xb633e	 x14=0xb633e000
         525000	        51	800000ac	e0370713	addi	x14,x14,-509	 x14:0xb633e000 x14=0xb633de03
         535000	        52	800000b0	00e00793	addi	x15,x0,14	  x0:0x00000000 x15=0x0000000e
         545000	        53	800000b4	00000813	addi	x16,x0,0	  x0:0x00000000 x16=0x00000000
         555000	        54	800000b8	f09268b7	lui	x17,0xf0926	 x17=0xf0926000
         565000	        55	800000bc	eb788893	addi	x17,x17,-329	 x17:0xf0926000 x17=0xf0925eb7
         575000	        56	800000c0	7194e937	lui	x18,0x7194e	 x18=0x7194e000
         585000	        57	800000c4	d3b90913	addi	x18,x18,-709	 x18:0x7194e000 x18=0x7194dd3b
         595000	        58	800000c8	fe962a37	lui	x20,0xfe962	 x20=0xfe962000
         605000	        59	800000cc	66ca0a13	addi	x20,x20,1644	 x20:0xfe962000 x20=0xfe96266c
         615000	        60	800000d0	00000a93	addi	x21,x0,0	  x0:0x00000000 x21=0x00000000
         625000	        61	800000d4	80000b37	lui	x22,0x80000	 x22=0x80000000
         635000	        62	800000d8	f349bbb7	lui	x23,0xf349b	 x23=0xf349b000
         645000	        63	800000dc	eb6b8b93	addi	x23,x23,-330	 x23:0xf349b000 x23=0xf349aeb6
         655000	        64	800000e0	80000c37	lui	x24,0x80000	 x24=0x80000000
         665000	        65	800000e4	41f2fcb7	lui	x25,0x41f2f	 x25=0x41f2f000
         675000	        66	800000e8	d78c8c93	addi	x25,x25,-648	 x25:0x41f2f000 x25=0x41f2ed78
         685000	        67	800000ec	80000d37	lui	x26,0x80000	 x26=0x80000000
         695000	        68	800000f0	f12a2db7	lui	x27,0xf12a2	 x27=0xf12a2000
         705000	        69	800000f4	a01d8d93	addi	x27,x27,-1535	 x27:0xf12a2000 x27=0xf12a1a01
         715000	        70	800000f8	80000e37	lui	x28,0x80000	 x28=0x80000000
         725000	        71	800000fc	80000f37	lui	x30,0x80000	 x30=0x80000000
         735000	        72	80000100	f0bb0fb7	lui	x31,0xf0bb0	 x31=0xf0bb0000
         745000	        73	80000104	22df8f93	addi	x31,x31,557	 x31:0xf0bb0000 x31=0xf0bb022d
         755000	        74	80000108	0000ae97	auipc	x29,0xa	 x29=0x8000a104
         765000	        75	8000010c	e80e8e93	addi	x29,x29,-384	 x29:0x8000a104 x29=0x80009f84
         775000	        76	80000110	00008117	auipc	x2,0x8	  x2=0x8000810c
         785000	        77	80000114	35710113	addi	x2,x2,855	  x2:0x8000810c  x2=0x80008463
         795000	        78	80000118	230b4d13	xori	x26,x22,560	 x22:0x80000000 x26=0x80000230
         805000	        79	8000011c	2e115d03	lhu	x26,737(x2)	  x2:0x80008463 x26=0x0000c4e8 PA:0x80008744
         815000	        80	80000120	9844ec13	ori	x24,x9,-1660	  x9:0x00000000 x24=0xfffff984
         825000	        81	80000124	3b315203	lhu	x4,947(x2)	  x2:0x80008463  x4=0x000025dc PA:0x80008816
         835000	        82	80000128	28010083	lb	x1,640(x2)	  x2:0x80008463  x1=0x0000004e PA:0x800086e3
         845000	        83	8000012c	e8414703	lbu	x14,-380(x2)	  x2:0x80008463 x14=0x00000086 PA:0x800082e7
         855000	        84	80000130	40a85f13	srai	x30,x16,0xa	 x16:0x00000000 x30=0x00000000
         865000	        85	80000134	01bcfcb3	and	x25,x25,x27	 x25:0x41f2ed78 x27:0xf12a1a01 x25=0x41220800
         875000	        86	80000138	09f10483	lb	x9,159(x2)	  x2:0x80008463  x9=0xffffff8f PA:0x80008502
         885000	        87	8000013c	eaa10423	sb	x10,-344(x2)	  x2:0x80008463 x10:0x80000000 PA:0x8000830b
         895000	        88	80000140	c53101a3	sb	x19,-957(x2)	  x2:0x80008463 x19:0x80009fc4 PA:0x800080a6
         905000	        89	80000144	c9a14403	lbu	x8,-870(x2)	  x2:0x80008463  x8=0x00000038 PA:0x800080fd
         915000	        90	80000148	18c84a93	xori	x21,x16,396	 x16:0x00000000 x21=0x0000018c
         925000	        91	8000014c	e3e14403	lbu	x8,-450(x2)	  x2:0x80008463  x8=0x000000d7 PA:0x800082a1
         935000	        92	80000150	002ca533	slt	x10,x25,x2	 x25:0x41220800  x2:0x80008463 x10=0x00000000
         945000	        93	80000154	e0d10f83	lb	x31,-499(x2)	  x2:0x80008463 x31=0xfffffff6 PA:0x80008270
         955000	        94	80000158	3ad10303	lb	x6,941(x2)	  x2:0x80008463  x6=0xfffffff8 PA:0x80008810
         965000	        95	8000015c	cef10283	lb	x5,-785(x2)	  x2:0x80008463  x5=0xffffff87 PA:0x80008152
         975000	        96	80000160	3a810703	lb	x14,936(x2)	  x2:0x80008463 x14=0xffffffc0 PA:0x8000880b
         985000	        97	80000164	07510903	lb	x18,117(x2)	  x2:0x80008463 x18=0xffffff9a PA:0x800084d8
         995000	        98	80000168	c2b14a83	lbu	x21,-981(x2)	  x2:0x80008463 x21=0x000000ea PA:0x8000808e
        1005000	        99	8000016c	32410503	lb	x10,804(x2)	  x2:0x80008463 x10=0xffffffac PA:0x80008787
        1015000	       100	80000170	1b0117a3	sh	x16,431(x2)	  x2:0x80008463 x16:0x00000000 PA:0x80008612
        1025000	       101	80000174	01e12c33	slt	x24,x2,x30	  x2:0x80008463 x30:0x00000000 x24=0x00000001
        1035000	       102	80000178	134104a3	sb	x20,297(x2)	  x2:0x80008463 x20:0xfe96266c PA:0x8000858c
        1045000	       103	8000017c	f5d14383	lbu	x7,-163(x2)	  x2:0x80008463  x7=0x00000012 PA:0x800083c0
        1055000	       104	80000180	2eb43f17	auipc	x30,0x2eb43	 x30=0xaeb4317c
        1065000	       105	80000184	e5f10a03	lb	x20,-417(x2)	  x2:0x80008463 x20=0x00000063 PA:0x800082c2
        1075000	       106	80000188	f3912383	lw	x7,-199(x2)	  x2:0x80008463  x7=0x2826cdc8 PA:0x8000839c
        1085000	       107	8000018c	fe314883	lbu	x17,-29(x2)	  x2:0x80008463 x17=0x00000046 PA:0x80008446
        1095000	       108	80000190	f5714383	lbu	x7,-169(x2)	  x2:0x80008463  x7=0x00000029 PA:0x800083ba
        1105000	       109	80000194	30010d03	lb	x26,768(x2)	  x2:0x80008463 x26=0x0000000a PA:0x80008763
        1115000	       110	80000198	004ace33	xor	x28,x21,x4	 x21:0x000000ea  x4:0x000025dc x28=0x00002536
        1125000	       111	8000019c	1bf11d03	lh	x26,447(x2)	  x2:0x80008463 x26=0x000005fd PA:0x80008622
        1135000	       112	800001a0	19b11303	lh	x6,411(x2)	  x2:0x80008463  x6=0xffff8034 PA:0x800085fe
        1145000	       113	800001a4	16810923	sb	x8,370(x2)	  x2:0x80008463  x8:0x000000d7 PA:0x800085d5
        1155000	       114	800001a8	53387213	andi	x4,x16,1331	 x16:0x00000000  x4=0x00000000
        1165000	       115	800001ac	1b610a23	sb	x22,436(x2)	  x2:0x80008463 x22:0x80000000 PA:0x80008617
        1175000	       116	800001b0	00009517	auipc	x10,0x9	 x10=0x800091ac
        1185000	       117	800001b4	87f50513	addi	x10,x10,-1921	 x10:0x800091ac x10=0x80008a2b
        1195000	       118	800001b8	0c2c8b13	addi	x22,x25,194	 x25:0x41220800 x22=0x412208c2
        1205000	       119	800001bc	fd650d03	lb	x26,-42(x10)	 x10:0x80008a2b x26=0xffffffc5 PA:0x80008a01
        1215000	       120	800001c0	ffd50303	lb	x6,-3(x10)	 x10:0x80008a2b  x6=0xfffffff0 PA:0x80008a28
        1225000	       121	800001c4	03c54b83	lbu	x23,60(x10)	 x10:0x80008a2b x23=0x0000009c PA:0x80008a67
        1235000	       122	00000000	00000013	addi	x0,x0,0	  x0:0x00000000
        1245000	       123	800001c8	fd755183	lhu	x3,-41(x10)	 x10:0x80008a2b  x3=0x00000602 PA:0x80008a02
        1255000	       124	800001cc	fd850d83	lb	x27,-40(x10)	 x10:0x80008a2b x27=0x00000006 PA:0x80008a03
        1265000	       125	800001d0	05050023	sb	x16,64(x10)	 x10:0x80008a2b x16:0x00000000 PA:0x80008a6b
        1275000	       126	800001d4	ceb24293	xori	x5,x4,-789	  x4:0x00000000  x5=0xfffffceb
        1285000	       127	800001d8	fd650a23	sb	x22,-44(x10)	 x10:0x80008a2b x22:0x412208c2 PA:0x800089ff
        1295000	       128	800001dc	01185733	srl	x14,x16,x17	 x16:0x00000000 x17:0x00000046 x14=0x00000000
        1305000	       129	800001e0	fdb511a3	sh	x27,-61(x10)	 x10:0x80008a2b x27:0x00000006 PA:0x800089ee
        1315000	       130	800001e4	998ccf93	xori	x31,x25,-1640	 x25:0x41220800 x31=0xbeddf198
        1325000	       131	800001e8	a4b284b7	lui	x9,0xa4b28	  x9=0xa4b28000
        1335000	       132	800001ec	010822b3	slt	x5,x16,x16	 x16:0x00000000 x16:0x00000000  x5=0x00000000
        1345000	       133	800001f0	85f81937	lui	x18,0x85f81	 x18=0x85f81000
        1355000	       134	800001f4	02254603	lbu	x12,34(x10)	 x10:0x80008a2b x12=0x0000006f PA:0x80008a4d
        1365000	       135	800001f8	866deb93	ori	x23,x27,-1946	 x27:0x00000006 x23=0xfffff866
        1375000	       136	800001fc	00c50c23	sb	x12,24(x10)	 x10:0x80008a2b x12:0x0000006f PA:0x80008a43
        1385000	       137	80000200	fe155083	lhu	x1,-31(x10)	 x10:0x80008a2b  x1=0x000024ca PA:0x80008a0c
        1395000	       138	80000204	00054c83	lbu	x25,0(x10)	 x10:0x80008a2b x25=0x00000025 PA:0x80008a2b
        1405000	       139	80000208	01d54183	lbu	x3,29(x10)	 x10:0x80008a2b  x3=0x0000006a PA:0x80008a48
        1415000	       140	00000000	00000013	addi	x0,x0,0	  x0:0x00000000
        1425000	       141	8000020c	003b20b3	slt	x1,x22,x3	 x22:0x412208c2  x3:0x0000006a  x1=0x00000000
        1435000	       142	80000210	01050b03	lb	x22,16(x10)	 x10:0x80008a2b x22=0x00000078 PA:0x80008a3b
        1445000	       143	80000214	012d0033	add	x0,x26,x18	 x26:0xffffffc5 x18:0x85f81000
        1455000	       144	80000218	03c509a3	sb	x28,51(x10)	 x10:0x80008a2b x28:0x00002536 PA:0x80008a5e
        1465000	       145	8000021c	aa007813	andi	x16,x0,-1376	  x0:0x00000000 x16=0x00000000
        1475000	       146	80000220	54ddb593	sltiu	x11,x27,1357	 x27:0x00000006 x11=0x00000001
        1485000	       147	80000224	00854a83	lbu	x21,8(x10)	 x10:0x80008a2b x21=0x00000052 PA:0x80008a33
        1495000	       148	80000228	40565933	sra	x18,x12,x5	 x12:0x0000006f  x5:0x00000000 x18=0x0000006f
        1505000	       149	8000022c	0066bc33	sltu	x24,x13,x6	 x13:0x80000000  x6:0xfffffff0 x24=0x00000001
        1515000	       150	80000230	02450903	lb	x18,36(x10)	 x10:0x80008a2b x18=0x00000048 PA:0x80008a4f
        1525000	       151	80000234	02f51883	lh	x17,47(x10)	 x10:0x80008a2b x17=0x0000258b PA:0x80008a5a
        1535000	       152	80000238	41f3d633	sra	x12,x7,x31	  x7:0x00000029 x31:0xbeddf198 x12=0x00000000
        1545000	       153	8000023c	fdd50083	lb	x1,-35(x10)	 x10:0x80008a2b  x1=0xffffffcd PA:0x80008a08
        1555000	       154	80000240	00000013	addi	x0,x0,0	  x0:0x00000000
        1565000	       155	80000244	fdc50003	lb	x0,-36(x10)	 x10:0x80008a2b PA:0x80008a07
        1575000	       156	80000248	3650b913	sltiu	x18,x1,869	  x1:0xffffffcd x18=0x00000000
        1585000	       157	8000024c	fff51183	lh	x3,-1(x10)	 x10:0x80008a2b  x3=0x00002588 PA:0x80008a2a
        1595000	       158	80000250	02f55283	lhu	x5,47(x10)	 x10:0x80008a2b  x5=0x0000258b PA:0x80008a5a
        1605000	       159	80000254	fee50203	lb	x4,-18(x10)	 x10:0x80008a2b  x4=0x00000036 PA:0x80008a19
        1615000	       160	80000258	00009117	auipc	x2,0x9	  x2=0x80009254
        1625000	       161	8000025c	c4910113	addi	x2,x2,-951	  x2:0x80009254  x2=0x80008e9d
        1635000	       162	80000260	fc110023	sb	x1,-64(x2)	  x2:0x80008e9d  x1:0xffffffcd PA:0x80008e5d
        1645000	       163	80000264	f7712403	lw	x8,-137(x2)	  x2:0x80008e9d  x8=0xae087503 PA:0x80008e14
        1655000	       164	80000268	02c10723	sb	x12,46(x2)	  x2:0x80008e9d x12:0x00000000 PA:0x80008ecb
        1665000	       165	8000026c	ffb15303	lhu	x6,-5(x2)	  x2:0x80008e9d  x6=0x00006633 PA:0x80008e98
        1675000	       166	80000270	0fe14803	lbu	x16,254(x2)	  x2:0x80008e9d x16=0x00000025 PA:0x80008f9b
        1685000	       167	80000274	03d11283	lh	x5,61(x2)	  x2:0x80008e9d  x5=0xffffdbd0 PA:0x80008eda
        1695000	       168	80000278	0f210123	sb	x18,226(x2)	  x2:0x80008e9d x18:0x00000000 PA:0x80008f7f
        1705000	       169	8000027c	a0856f17	auipc	x30,0xa0856	 x30=0x20856278
        1715000	       170	80000280	c5673093	sltiu	x1,x14,-938	 x14:0x00000000  x1=0x00000001
        1725000	       171	80000284	f8d10823	sb	x13,-112(x2)	  x2:0x80008e9d x13:0x80000000 PA:0x80008e2d
        1735000	       172	80000288	004dd593	srli	x11,x27,0x4	 x27:0x00000006 x11=0x00000000
        1745000	       173	8000028c	fdd10483	lb	x9,-35(x2)	  x2:0x80008e9d  x9=0x0000007e PA:0x80008e7a
        1755000	       174	80000290	f7010f03	lb	x30,-144(x2)	  x2:0x80008e9d x30=0xffffffe2 PA:0x80008e0d
        1765000	       175	80000294	04b10a23	sb	x11,84(x2)	  x2:0x80008e9d x11:0x00000000 PA:0x80008ef1
        1775000	       176	80000298	01f6a6b3	slt	x13,x13,x31	 x13:0x80000000 x31:0xbeddf198 x13=0x00000001
        1785000	       177	8000029c	0092a933	slt	x18,x5,x9	  x5:0xffffdbd0  x9:0x0000007e x18=0x00000001
        1795000	       178	800002a0	02410603	lb	x12,36(x2)	  x2:0x80008e9d x12=0x00000024 PA:0x80008ec1
        1805000	       179	800002a4	011c8933	add	x18,x25,x17	 x25:0x00000025 x17:0x0000258b x18=0x000025b0
        1815000	       180	800002a8	00df2533	slt	x10,x30,x13	 x30:0xffffffe2 x13:0x00000001 x10=0x00000001
        1825000	       181	800002ac	0137de33	srl	x28,x15,x19	 x15:0x0000000e x19:0x80009fc4 x28=0x00000000
        1835000	       182	800002b0	410d8d33	sub	x26,x27,x16	 x27:0x00000006 x16:0x00000025 x26=0xffffffe1
        1845000	       183	800002b4	003e0ab3	add	x21,x28,x3	 x28:0x00000000  x3:0x00002588 x21=0x00002588
        1855000	       184	800002b8	fc410b03	lb	x22,-60(x2)	  x2:0x80008e9d x22=0xffffffee PA:0x80008e61
        1865000	       185	800002bc	f6e10683	lb	x13,-146(x2)	  x2:0x80008e9d x13=0xffffffe5 PA:0x80008e0b
        1875000	       186	800002c0	07810f83	lb	x31,120(x2)	  x2:0x80008e9d x31=0xffffffa9 PA:0x80008f15
        1885000	       187	800002c4	00f19013	slli	x0,x3,0xf	  x3:0x00002588
        1895000	       188	800002c8	ff314683	lbu	x13,-13(x2)	  x2:0x80008e9d x13=0x000000a5 PA:0x80008e90
        1905000	       189	800002cc	07ed5bb7	lui	x23,0x7ed5	 x23=0x07ed5000
        1915000	       190	800002d0	009a5093	srli	x1,x20,0x9	 x20:0x00000063  x1=0x00000000
        1925000	       191	800002d4	d54e0213	addi	x4,x28,-684	 x28:0x00000000  x4=0xfffffd54
        1935000	       192	800002d8	00d2f333	and	x6,x5,x13	  x5:0xffffdbd0 x13:0x000000a5  x6=0x00000080
        1945000	       193	800002dc	00ee9613	slli	x12,x29,0xe	 x29:0x80009f84 x12=0x27e10000
        1955000	       194	800002e0	01943533	sltu	x10,x8,x25	  x8:0xae087503 x25:0x00000025 x10=0x00000000
        1965000	       195	800002e4	00edf033	and	x0,x27,x14	 x27:0x00000006 x14:0x00000000
        1975000	       196	800002e8	f8e14d03	lbu	x26,-114(x2)	  x2:0x80008e9d x26=0x00000084 PA:0x80008e2b
        1985000	       197	800002ec	0e010523	sb	x0,234(x2)	  x2:0x80008e9d  x0:0x00000000 PA:0x80008f87
        1995000	       198	800002f0	40d7de13	srai	x28,x15,0xd	 x15:0x0000000e x28=0x00000000
        2005000	       199	800002f4	f9d10b03	lb	x22,-99(x2)	  x2:0x80008e9d x22=0x0000000b PA:0x80008e3a
        2015000	       200	800002f8	0ca11fa3	sh	x10,223(x2)	  x2:0x80008e9d x10:0x00000000 PA:0x80008f7c
        2025000	       201	800002fc	9568bd93	sltiu	x27,x17,-1706	 x17:0x0000258b x27=0x00000001
        2035000	       202	80000300	07514083	lbu	x1,117(x2)	  x2:0x80008e9d  x1=0x00000067 PA:0x80008f12
        2045000	       203	80000304	f3210603	lb	x12,-206(x2)	  x2:0x80008e9d x12=0xffffff90 PA:0x80008dcf
        2055000	       204	80000308	00008c17	auipc	x24,0x8	 x24=0x80008304
        2065000	       205	8000030c	266c0c13	addi	x24,x24,614	 x24:0x80008304 x24=0x8000856a
        2075000	       206	80000310	0062e433	or	x8,x5,x6	  x5:0xffffdbd0  x6:0x00000080  x8=0xffffdbd0
        2085000	       207	80000314	fe3c0103	lb	x2,-29(x24)	 x24:0x8000856a  x2=0x00000068 PA:0x8000854d
        2095000	       208	80000318	00cd1d33	sll	x26,x26,x12	 x26:0x00000084 x12:0xffffff90 x26=0x00840000
        2105000	       209	8000031c	fd1c0183	lb	x3,-47(x24)	 x24:0x8000856a  x3=0xffffff81 PA:0x8000853b
        2115000	       210	80000320	018c1583	lh	x11,24(x24)	 x24:0x8000856a x11=0x00007dc3 PA:0x80008582
        2125000	       211	80000324	fffc0e03	lb	x28,-1(x24)	 x24:0x8000856a x28=0xffffffab PA:0x80008569
        2135000	       212	80000328	021c4d83	lbu	x27,33(x24)	 x24:0x8000856a x27=0x0000009c PA:0x8000858b
        2145000	       213	8000032c	013f53b3	srl	x7,x30,x19	 x30:0xffffffe2 x19:0x80009fc4  x7=0x0ffffffe
        2155000	       214	80000330	01dc80b3	add	x1,x25,x29	 x25:0x00000025 x29:0x80009f84  x1=0x80009fa9
        2165000	       215	80000334	fd0c4f03	lbu	x30,-48(x24)	 x24:0x8000856a x30=0x0000003c PA:0x8000853a
        2175000	       216	80000338	00000013	addi	x0,x0,0	  x0:0x00000000
        2185000	       217	8000033c	00f91833	sll	x16,x18,x15	 x18:0x000025b0 x15:0x0000000e x16=0x096c0000
        2195000	       218	80000340	63d14db7	lui	x27,0x63d14	 x27=0x63d14000
        2205000	       219	80000344	00426833	or	x16,x4,x4	  x4:0xfffffd54  x4:0xfffffd54 x16=0xfffffd54
        2215000	       220	80000348	0076d013	srli	x0,x13,0x7	 x13:0x000000a5
        2225000	       221	8000034c	406f83b3	sub	x7,x31,x6	 x31:0xffffffa9  x6:0x00000080  x7=0xffffff29
        2235000	       222	80000350	00229533	sll	x10,x5,x2	  x5:0xffffdbd0  x2:0x00000068 x10=0xffdbd000
        2245000	       223	80000354	011c4183	lbu	x3,17(x24)	 x24:0x8000856a  x3=0x00000040 PA:0x8000857b
        2255000	       224	80000358	fe2c07a3	sb	x2,-17(x24)	 x24:0x8000856a  x2:0x00000068 PA:0x80008559
        2265000	       225	8000035c	ff1c4f83	lbu	x31,-15(x24)	 x24:0x8000856a x31=0x00000020 PA:0x8000855b
        2275000	       226	80000360	007e08b3	add	x17,x28,x7	 x28:0xffffffab  x7:0xffffff29 x17=0xfffffed4
        2285000	       227	80000364	00115613	srli	x12,x2,0x1	  x2:0x00000068 x12=0x00000034
        2295000	       228	80000368	feec2083	lw	x1,-18(x24)	 x24:0x8000856a  x1=0x20b5680a PA:0x80008558
        2305000	       229	8000036c	017fd593	srli	x11,x31,0x17	 x31:0x00000020 x11=0x00000000
        2315000	       230	80000370	01fc00a3	sb	x31,1(x24)	 x24:0x8000856a x31:0x00000020 PA:0x8000856b
        2325000	       231	80000374	00eb75b3	and	x11,x22,x14	 x22:0x0000000b x14:0x00000000 x11=0x00000000
        2335000	       232	80000378	011d03b3	add	x7,x26,x17	 x26:0x00840000 x17:0xfffffed4  x7=0x0083fed4
        2345000	       233	8000037c	00fc4503	lbu	x10,15(x24)	 x24:0x8000856a x10=0x00000066 PA:0x80008579
        2355000	       234	80000380	ff3c4103	lbu	x2,-13(x24)	 x24:0x8000856a  x2=0x0000009f PA:0x8000855d
        2365000	       235	80000384	fd1c2f23	sw	x17,-34(x24)	 x24:0x8000856a x17:0xfffffed4 PA:0x80008548
        2375000	       236	80000388	fd8c5703	lhu	x14,-40(x24)	 x24:0x8000856a x14=0x0000db19 PA:0x80008542
        2385000	       237	8000038c	01ea5393	srli	x7,x20,0x1e	 x20:0x00000063  x7=0x00000000
        2395000	       238	80000390	01fc0683	lb	x13,31(x24)	 x24:0x8000856a x13=0x00000023 PA:0x80008589
        2405000	       239	80000394	013c0403	lb	x8,19(x24)	 x24:0x8000856a  x8=0x0000000e PA:0x8000857d
        2415000	       240	80000398	bf4bc513	xori	x10,x23,-1036	 x23:0x07ed5000 x10=0xf812abf4
        2425000	       241	8000039c	03fc05a3	sb	x31,43(x24)	 x24:0x8000856a x31:0x00000020 PA:0x80008595
        2435000	       242	800003a0	feb14293	xori	x5,x2,-21	  x2:0x0000009f  x5=0xffffff74
        2445000	       243	800003a4	fdbc0f83	lb	x31,-37(x24)	 x24:0x8000856a x31=0xffffff9e PA:0x80008545
        2455000	       244	800003a8	00789a93	slli	x21,x17,0x7	 x17:0xfffffed4 x21=0xffff6a00
        2465000	       245	800003ac	01bc0903	lb	x18,27(x24)	 x24:0x8000856a x18=0xffffffcc PA:0x80008585
        2475000	       246	800003b0	4002d393	srai	x7,x5,0x0	  x5:0xffffff74  x7=0xffffff74
        2485000	       247	800003b4	00aa93b3	sll	x7,x21,x10	 x21:0xffff6a00 x10:0xf812abf4  x7=0xa0000000
        2495000	       248	800003b8	01c15693	srli	x13,x2,0x1c	  x2:0x0000009f x13=0x00000000
        2505000	       249	800003bc	fcdc4803	lbu	x16,-51(x24)	 x24:0x8000856a x16=0x0000000f PA:0x80008537
        2515000	       250	800003c0	023c1f23	sh	x3,62(x24)	 x24:0x8000856a  x3:0x00000040 PA:0x800085a8
        2525000	       251	800003c4	006c1623	sh	x6,12(x24)	 x24:0x8000856a  x6:0x00000080 PA:0x80008576
        2535000	       252	800003c8	00b7bfb3	sltu	x31,x15,x11	 x15:0x0000000e x11:0x00000000 x31=0x00000000
        2545000	       253	800003cc	01485733	srl	x14,x16,x20	 x16:0x0000000f x20:0x00000063 x14=0x00000001
        2555000	       254	800003d0	00448133	add	x2,x9,x4	  x9:0x0000007e  x4:0xfffffd54  x2=0xfffffdd2
        2565000	       255	800003d4	002c1d23	sh	x2,26(x24)	 x24:0x8000856a  x2:0xfffffdd2 PA:0x80008584
        2575000	       256	800003d8	fc0c1f83	lh	x31,-64(x24)	 x24:0x8000856a x31=0xffffe24d PA:0x8000852a
        2585000	       257	800003dc	00009117	auipc	x2,0x9	  x2=0x800093d8
        2595000	       258	800003e0	9f010113	addi	x2,x2,-1552	  x2:0x800093d8  x2=0x80008dc8
        2605000	       259	800003e4	718ba613	slti	x12,x23,1816	 x23:0x07ed5000 x12=0x00000000
        2615000	       260	800003e8	ff914083	lbu	x1,-7(x2)	  x2:0x80008dc8  x1=0x00000030 PA:0x80008dc1
        2625000	       261	800003ec	c3b6f693	andi	x13,x13,-965	 x13:0x00000000 x13=0x00000000
        2635000	       262	800003f0	0190a333	slt	x6,x1,x25	  x1:0x00000030 x25:0x00000025  x6=0x00000000
        2645000	       263	800003f4	3c284013	xori	x0,x16,962	 x16:0x0000000f
        2655000	       264	800003f8	d2bec093	xori	x1,x29,-725	 x29:0x80009f84  x1=0x7fff62af
        2665000	       265	800003fc	40bc00b3	sub	x1,x24,x11	 x24:0x8000856a x11:0x00000000  x1=0x8000856a
        2675000	       266	80000400	017de033	or	x0,x27,x23	 x27:0x63d14000 x23:0x07ed5000
        2685000	       267	80000404	41998433	sub	x8,x19,x25	 x19:0x80009fc4 x25:0x00000025  x8=0x80009f9f
        2695000	       268	80000408	00910823	sb	x9,16(x2)	  x2:0x80008dc8  x9:0x0000007e PA:0x80008dd8
        2705000	       269	8000040c	fff10683	lb	x13,-1(x2)	  x2:0x80008dc8 x13=0xffffffc9 PA:0x80008dc7
        2715000	       270	80000410	ffe10f03	lb	x30,-2(x2)	  x2:0x80008dc8 x30=0xffffffea PA:0x80008dc6
        2725000	       271	80000414	9aee7a13	andi	x20,x28,-1618	 x28:0xffffffab x20=0xfffff9aa
        2735000	       272	80000418	00e15d03	lhu	x26,14(x2)	  x2:0x80008dc8 x26=0x00005c4a PA:0x80008dd6
        2745000	       273	8000041c	00bad913	srli	x18,x21,0xb	 x21:0xffff6a00 x18=0x001fffed
        2755000	       274	80000420	00999393	slli	x7,x19,0x9	 x19:0x80009fc4  x7=0x013f8800
        2765000	       275	80000424	01ae72b3	and	x5,x28,x26	 x28:0xffffffab x26:0x00005c4a  x5=0x00005c0a
        2775000	       276	80000428	ffd12e23	sw	x29,-4(x2)	  x2:0x80008dc8 x29:0x80009f84 PA:0x80008dc4
        2785000	       277	8000042c	4021d233	sra	x4,x3,x2	  x3:0x00000040  x2:0x80008dc8  x4=0x00000000
        2795000	       278	80000430	ff012e23	sw	x16,-4(x2)	  x2:0x80008dc8 x16:0x0000000f PA:0x80008dc4
        2805000	       279	80000434	0bf6b593	sltiu	x11,x13,191	 x13:0xffffffc9 x11=0x00000000
        2815000	       280	80000438	013924b3	slt	x9,x18,x19	 x18:0x001fffed x19:0x80009fc4  x9=0x00000000
        2825000	       281	8000043c	01e15913	srli	x18,x2,0x1e	  x2:0x80008dc8 x18=0x00000002
        2835000	       282	80000440	ff914b83	lbu	x23,-7(x2)	  x2:0x80008dc8 x23=0x00000030 PA:0x80008dc1
        2845000	       283	80000444	0673c013	xori	x0,x7,103	  x7:0x013f8800
        2855000	       284	80000448	017e9393	slli	x7,x29,0x17	 x29:0x80009f84  x7=0xc2000000
        2865000	       285	8000044c	ffd14303	lbu	x6,-3(x2)	  x2:0x80008dc8  x6=0x00000000 PA:0x80008dc5
        2875000	       286	80000450	c8ac7813	andi	x16,x24,-886	 x24:0x8000856a x16=0x8000840a
        2885000	       287	80000454	41475db3	sra	x27,x14,x20	 x14:0x00000001 x20:0xfffff9aa x27=0x00000000
        2895000	       288	80000458	ff211b23	sh	x18,-10(x2)	  x2:0x80008dc8 x18:0x00000002 PA:0x80008dbe
        2905000	       289	8000045c	00710203	lb	x4,7(x2)	  x2:0x80008dc8  x4=0xffffff90 PA:0x80008dcf
        2915000	       290	80000460	01c074b3	and	x9,x0,x28	  x0:0x00000000 x28:0xffffffab  x9=0x00000000
        2925000	       291	80000464	77a6e613	ori	x12,x13,1914	 x13:0xffffffc9 x12=0xfffffffb
        2935000	       292	80000468	ff510fa3	sb	x21,-1(x2)	  x2:0x80008dc8 x21:0xffff6a00 PA:0x80008dc7
        2945000	       293	8000046c	5bce0a37	lui	x20,0x5bce0	 x20=0x5bce0000
        2955000	       294	80000470	413183b3	sub	x7,x3,x19	  x3:0x00000040 x19:0x80009fc4  x7=0x7fff607c
        2965000	       295	80000474	4b13e613	ori	x12,x7,1201	  x7:0x7fff607c x12=0x7fff64fd
        2975000	       296	80000478	049e5663	bge	x28,x9,800004c4	 x28:0xffffffab  x9:0x00000000
        2985000	       297	8000047c	04331463	bne	x6,x3,800004c4	  x6:0x00000000  x3:0x00000040
        2995000	       298	00000000	00000013	addi	x0,x0,0	  x0:0x00000000
        3005000	       299	800004c0	00000013	addi	x0,x0,0	  x0:0x00000000
        3015000	       300	800004c4	03b58263	beq	x11,x27,800004e8	 x11:0x00000000 x27:0x00000000
        3025000	       301	00000000	00000013	addi	x0,x0,0	  x0:0x00000000
        3035000	       302	800004e4	00000013	addi	x0,x0,0	  x0:0x00000000
        3045000	       303	800004e8	e456af17	auipc	x30,0xe456a	 x30=0x6456a4e4
        3055000	       304	800004ec	009c54b3	srl	x9,x24,x9	 x24:0x8000856a  x9:0x00000000  x9=0x8000856a
        3065000	       305	800004f0	022b9863	bne	x23,x2,80000520	 x23:0x00000030  x2:0x80008dc8
        3075000	       306	00000000	00000013	addi	x0,x0,0	  x0:0x00000000
        3085000	       307	8000051c	00000013	addi	x0,x0,0	  x0:0x00000000
        3095000	       308	80000520	04494663	blt	x18,x4,8000056c	 x18:0x00000002  x4:0xffffff90
        3105000	       309	80000524	00ff5a63	bge	x30,x15,80000538	 x30:0x6456a4e4 x15:0x0000000e
        3115000	       310	00000000	00000013	addi	x0,x0,0	  x0:0x00000000
        3125000	       311	80000534	00000013	addi	x0,x0,0	  x0:0x00000000
        3135000	       312	80000538	dd01a2b7	lui	x5,0xdd01a	  x5=0xdd01a000
        3145000	       313	8000053c	bf4c8493	addi	x9,x25,-1036	 x25:0x00000025  x9=0xfffffc19
        3155000	       314	80000540	2b42dbb7	lui	x23,0x2b42d	 x23=0x2b42d000
        3165000	       315	80000544	905dbd13	sltiu	x26,x27,-1787	 x27:0x00000000 x26=0x00000001
        3175000	       316	80000548	133bf193	andi	x3,x23,307	 x23:0x2b42d000  x3=0x00000000
        3185000	       317	8000054c	216a6417	auipc	x8,0x216a6	  x8=0xa16a6548
        3195000	       318	80000550	029e4e63	blt	x28,x9,8000058c	 x28:0xffffffab  x9:0xfffffc19
        3205000	       319	80000554	05ac6063	bltu	x24,x26,80000594	 x24:0x8000856a x26:0x00000001
        3215000	       320	80000558	0042c333	xor	x6,x5,x4	  x5:0xdd01a000  x4:0xffffff90  x6=0x22fe5f90
        3225000	       321	8000055c	04b49463	bne	x9,x11,800005a4	  x9:0xfffffc19 x11:0x00000000
        3235000	       322	00000000	00000013	addi	x0,x0,0	  x0:0x00000000
        3245000	       323	800005a0	00000013	addi	x0,x0,0	  x0:0x00000000
        3255000	       324	800005a4	86f2ec93	ori	x25,x5,-1937	  x5:0xdd01a000 x25=0xfffff86f
        3265000	       325	800005a8	30a36c93	ori	x25,x6,778	  x6:0x22fe5f90 x25=0x22fe5f9a
        3275000	       326	800005ac	00412033	slt	x0,x2,x4	  x2:0x80008dc8  x4:0xffffff90
        3285000	       327	800005b0	01de10b3	sll	x1,x28,x29	 x28:0xffffffab x29:0x80009f84  x1=0xfffffab0
        3295000	       328	800005b4	06821863	bne	x4,x8,80000624	  x4:0xffffff90  x8:0xa16a6548
        3305000	       329	00000000	00000013	addi	x0,x0,0	  x0:0x00000000
        3315000	       330	80000620	00000013	addi	x0,x0,0	  x0:0x00000000
        3325000	       331	80000624	0c481063	bne	x16,x4,800006e4	 x16:0x8000840a  x4:0xffffff90
        3335000	       332	00000000	00000013	addi	x0,x0,0	  x0:0x00000000
        3345000	       333	800006e0	00000013	addi	x0,x0,0	  x0:0x00000000
        3355000	       334	800006e4	b0d18b37	lui	x22,0xb0d18	 x22=0xb0d18000
        3365000	       335	800006e8	91307d13	andi	x26,x0,-1773	  x0:0x00000000 x26=0x00000000
        3375000	       336	800006ec	00b4b8b3	sltu	x17,x9,x11	  x9:0xfffffc19 x11:0x00000000 x17=0x00000000
        3385000	       337	800006f0	01e19db3	sll	x27,x3,x30	  x3:0x00000000 x30:0x6456a4e4 x27=0x00000000
        3395000	       338	800006f4	8bd08b17	auipc	x22,0x8bd08	 x22=0x0bd086f0
        3405000	       339	800006f8	00d65393	srli	x7,x12,0xd	 x12:0x7fff64fd  x7=0x0003fffb
        3415000	       340	800006fc	b6d2fa93	andi	x21,x5,-1171	  x5:0xdd01a000 x21=0xdd01a000
        3425000	       341	80000700	01555e13	srli	x28,x10,0x15	 x10:0xf812abf4 x28=0x000007c0
        3435000	       342	80000704	10392d93	slti	x27,x18,259	 x18:0x00000002 x27=0x00000001
        3445000	       343	80000708	e0812213	slti	x4,x2,-504	  x2:0x80008dc8  x4=0x00000001
        3455000	       344	8000070c	2d13e837	lui	x16,0x2d13e	 x16=0x2d13e000
        3465000	       345	80000710	00000013	addi	x0,x0,0	  x0:0x00000000
        3475000	       346	80000714	91bcdd97	auipc	x27,0x91bcd	 x27=0x11bcd710
        3485000	       347	80000718	40fcd133	sra	x2,x25,x15	 x25:0x22fe5f9a x15:0x0000000e  x2=0x00008bf9
        3495000	       348	8000071c	417e5f13	srai	x30,x28,0x17	 x28:0x000007c0 x30=0x00000000
        3505000	       349	80000720	4081d633	sra	x12,x3,x8	  x3:0x00000000  x8:0xa16a6548 x12=0x00000000
        3515000	       350	80000724	e79b2837	lui	x16,0xe79b2	 x16=0xe79b2000
        3525000	       351	80000728	8fc4cc93	xori	x25,x9,-1796	  x9:0xfffffc19 x25=0x000004e5
        3535000	       352	8000072c	9fad7213	andi	x4,x26,-1542	 x26:0x00000000  x4=0x00000000
        3545000	       353	80000730	00cd66b3	or	x13,x26,x12	 x26:0x00000000 x12:0x00000000 x13=0x00000000
        3555000	       354	80000734	04ce6463	bltu	x28,x12,8000077c	 x28:0x000007c0 x12:0x00000000
        3565000	       355	80000738	08487813	andi	x16,x16,132	 x16:0xe79b2000 x16=0x00000000
        3575000	       356	8000073c	d755b193	sltiu	x3,x11,-651	 x11:0x00000000  x3=0x00000001
        3585000	       357	80000740	334f0317	auipc	x6,0x334f0	  x6=0xb34f073c
        3595000	       358	80000744	08b07293	andi	x5,x0,139	  x0:0x00000000  x5=0x00000000
        3605000	       359	80000748	03716b13	ori	x22,x2,55	  x2:0x00008bf9 x22=0x00008bff
        3615000	       360	8000074c	03a34e63	blt	x6,x26,80000788	  x6:0xb34f073c x26:0x00000000
        3625000	       361	00000000	00000013	addi	x0,x0,0	  x0:0x00000000
        3635000	       362	80000784	00000013	addi	x0,x0,0	  x0:0x00000000
        3645000	       363	80000788	01cffe63	bgeu	x31,x28,800007a4	 x31:0xffffe24d x28:0x000007c0
        3655000	       364	00000000	00000013	addi	x0,x0,0	  x0:0x00000000
        3665000	       365	800007a0	00000013	addi	x0,x0,0	  x0:0x00000000
        3675000	       366	800007a4	01be4f93	xori	x31,x28,27	 x28:0x000007c0 x31=0x000007db
        3685000	       367	800007a8	00f0d8b3	srl	x17,x1,x15	  x1:0xfffffab0 x15:0x0000000e x17=0x0003ffff
        3695000	       368	800007ac	009d2833	slt	x16,x26,x9	 x26:0x00000000  x9:0xfffffc19 x16=0x00000000
        3705000	       369	800007b0	00a9ffb3	and	x31,x19,x10	 x19:0x80009fc4 x10:0xf812abf4 x31=0x80008bc4
        3715000	       370	800007b4	009978b3	and	x17,x18,x9	 x18:0x00000002  x9:0xfffffc19 x17=0x00000000
        3725000	       371	800007b8	006b8e33	add	x28,x23,x6	 x23:0x2b42d000  x6:0xb34f073c x28=0xde91d73c
        3735000	       372	800007bc	40a156b3	sra	x13,x2,x10	  x2:0x00008bf9 x10:0xf812abf4 x13=0x00000000
        3745000	       373	800007c0	001a28b3	slt	x17,x20,x1	 x20:0x5bce0000  x1:0xfffffab0 x17=0x00000000
        3755000	       374	800007c4	00000013	addi	x0,x0,0	  x0:0x00000000
        3765000	       375	800007c8	4056db13	srai	x22,x13,0x5	 x13:0x00000000 x22=0x00000000
        3775000	       376	800007cc	0063de13	srli	x28,x7,0x6	  x7:0x0003fffb x28=0x00000fff
        3785000	       377	800007d0	86f78837	lui	x16,0x86f78	 x16=0x86f78000
        3795000	       378	800007d4	da162b93	slti	x23,x12,-607	 x12:0x00000000 x23=0x00000000
        3805000	       379	800007d8	6214f637	lui	x12,0x6214f	 x12=0x6214f000
        3815000	       380	800007dc	40f60fb3	sub	x31,x12,x15	 x12:0x6214f000 x15:0x0000000e x31=0x6214eff2
        3825000	       381	800007e0	019f6233	or	x4,x30,x25	 x30:0x00000000 x25:0x000004e5  x4=0x000004e5
        3835000	       382	800007e4	408e5013	srai	x0,x28,0x8	 x28:0x00000fff
        3845000	       383	800007e8	ffe1f393	andi	x7,x3,-2	  x3:0x00000001  x7=0x00000000
        3855000	       384	800007ec	51690d13	addi	x26,x18,1302	 x18:0x00000002 x26=0x00000518
        3865000	       385	800007f0	01a39033	sll	x0,x7,x26	  x7:0x00000000 x26:0x00000518
        3875000	       386	800007f4	01a43a33	sltu	x20,x8,x26	  x8:0xa16a6548 x26:0x00000518 x20=0x00000000
        3885000	       387	800007f8	00bd62b3	or	x5,x26,x11	 x26:0x00000518 x11:0x00000000  x5=0x00000518
        3895000	       388	800007fc	40b88a33	sub	x20,x17,x11	 x17:0x00000000 x11:0x00000000 x20=0x00000000
        3905000	       389	80000800	0172b133	sltu	x2,x5,x23	  x5:0x00000518 x23:0x00000000  x2=0x00000000
        3915000	       390	80000804	0250f863	bgeu	x1,x5,80000834	  x1:0xfffffab0  x5:0x00000518
        3925000	       391	00000000	00000013	addi	x0,x0,0	  x0:0x00000000
        3935000	       392	80000830	00000013	addi	x0,x0,0	  x0:0x00000000
        3945000	       393	80000834	3b0d1a37	lui	x20,0x3b0d1	 x20=0x3b0d1000
        3955000	       394	80000838	00aa6a63	bltu	x20,x10,8000084c	 x20:0x3b0d1000 x10:0xf812abf4
        3965000	       395	00000000	00000013	addi	x0,x0,0	  x0:0x00000000
        3975000	       396	80000848	00000013	addi	x0,x0,0	  x0:0x00000000
        3985000	       397	8000084c	0113e3b3	or	x7,x7,x17	  x7:0x00000000 x17:0x00000000  x7=0x00000000
        3995000	       398	80000850	01081833	sll	x16,x16,x16	 x16:0x86f78000 x16:0x86f78000 x16=0x86f78000
        4005000	       399	80000854	41afd213	srai	x4,x31,0x1a	 x31:0x6214eff2  x4=0x00000018
        4015000	       400	80000858	01a07833	and	x16,x0,x26	  x0:0x00000000 x26:0x00000518 x16=0x00000000
        4025000	       401	8000085c	c02f2293	slti	x5,x30,-1022	 x30:0x00000000  x5=0x00000000
        4035000	       402	80000860	00006b33	or	x22,x0,x0	  x0:0x00000000  x0:0x00000000 x22=0x00000000
        4045000	       403	80000864	00c918b3	sll	x17,x18,x12	 x18:0x00000002 x12:0x6214f000 x17=0x00000002
        4055000	       404	80000868	018e62b3	or	x5,x28,x24	 x28:0x00000fff x24:0x8000856a  x5=0x80008fff
        4065000	       405	8000086c	403fd493	srai	x9,x31,0x3	 x31:0x6214eff2  x9=0x0c429dfe
        4075000	       406	80000870	407e05b3	sub	x11,x28,x7	 x28:0x00000fff  x7:0x00000000 x11=0x00000fff
        4085000	       407	80000874	25ed7613	andi	x12,x26,606	 x26:0x00000518 x12=0x00000018
        4095000	       408	80000878	05635063	bge	x6,x22,800008b8	  x6:0xb34f073c x22:0x00000000
        4105000	       409	8000087c	03a78063	beq	x15,x26,8000089c	 x15:0x0000000e x26:0x00000518
        4115000	       410	80000880	41775bb3	sra	x23,x14,x23	 x14:0x00000001 x23:0x00000000 x23=0x00000001
        4125000	       411	80000884	419981b3	sub	x3,x19,x25	 x19:0x80009fc4 x25:0x000004e5  x3=0x80009adf
        4135000	       412	80000888	00000013	addi	x0,x0,0	  x0:0x00000000
        4145000	       413	8000088c	0564d463	bge	x9,x22,800008d4	  x9:0x0c429dfe x22:0x00000000
        4155000	       414	00000000	00000013	addi	x0,x0,0	  x0:0x00000000
        4165000	       415	800008d0	00000013	addi	x0,x0,0	  x0:0x00000000
        4175000	       416	800008d4	0235f263	bgeu	x11,x3,800008f8	 x11:0x00000fff  x3:0x80009adf
        4185000	       417	800008d8	0280ce63	blt	x1,x8,80000914	  x1:0xfffffab0  x8:0xa16a6548
        4195000	       418	800008dc	05335663	bge	x6,x19,80000928	  x6:0xb34f073c x19:0x80009fc4
        4205000	       419	00000000	00000013	addi	x0,x0,0	  x0:0x00000000
        4215000	       420	80000924	00000013	addi	x0,x0,0	  x0:0x00000000
        4225000	       421	80000928	00000013	addi	x0,x0,0	  x0:0x00000000
        4235000	       422	8000092c	04c34263	blt	x6,x12,80000970	  x6:0xb34f073c x12:0x00000018
        4245000	       423	00000000	00000013	addi	x0,x0,0	  x0:0x00000000
        4255000	       424	8000096c	00000013	addi	x0,x0,0	  x0:0x00000000
        4265000	       425	80000970	46d0ea93	ori	x21,x1,1133	  x1:0xfffffab0 x21=0xfffffefd
        4275000	       426	80000974	01a4cd33	xor	x26,x9,x26	  x9:0x0c429dfe x26:0x00000518 x26=0x0c4298e6
        4285000	       427	80000978	417f8a33	sub	x20,x31,x23	 x31:0x6214eff2 x23:0x00000001 x20=0x6214eff1
        4295000	       428	8000097c	00af9433	sll	x8,x31,x10	 x31:0x6214eff2 x10:0xf812abf4  x8=0xff200000
        4305000	       429	80000980	03576863	bltu	x14,x21,800009b0	 x14:0x00000001 x21:0xfffffefd
        4315000	       430	00000000	00000013	addi	x0,x0,0	  x0:0x00000000
        4325000	       431	800009ac	00000013	addi	x0,x0,0	  x0:0x00000000
        4335000	       432	800009b0	06f06663	bltu	x0,x15,80000a1c	  x0:0x00000000 x15:0x0000000e
        4345000	       433	00000000	00000013	addi	x0,x0,0	  x0:0x00000000
        4355000	       434	80000a18	00000013	addi	x0,x0,0	  x0:0x00000000
        4365000	       435	80000a1c	0023d413	srli	x8,x7,0x2	  x7:0x00000000  x8=0x00000000
        4375000	       436	80000a20	5dd54293	xori	x5,x10,1501	 x10:0xf812abf4  x5=0xf812ae29
        4385000	       437	80000a24	00000013	addi	x0,x0,0	  x0:0x00000000
        4395000	       438	80000a28	012b80b3	add	x1,x23,x18	 x23:0x00000001 x18:0x00000002  x1=0x00000003
        4405000	       439	80000a2c	9c228e13	addi	x28,x5,-1598	  x5:0xf812ae29 x28=0xf812a7eb
        4415000	       440	80000a30	0013d0b3	srl	x1,x7,x1	  x7:0x00000000  x1:0x00000003  x1=0x00000000
        4425000	       441	80000a34	00ffc433	xor	x8,x31,x15	 x31:0x6214eff2 x15:0x0000000e  x8=0x6214effc
        4435000	       442	80000a38	4057d2b3	sra	x5,x15,x5	 x15:0x0000000e  x5:0xf812ae29  x5=0x00000000
        4445000	       443	80000a3c	861b3113	sltiu	x2,x22,-1951	 x22:0x00000000  x2=0x00000001
        4455000	       444	80000a40	03379063	bne	x15,x19,80000a60	 x15:0x0000000e x19:0x80009fc4
        4465000	       445	00000000	00000013	addi	x0,x0,0	  x0:0x00000000
        4475000	       446	80000a5c	00000013	addi	x0,x0,0	  x0:0x00000000
        4485000	       447	80000a60	01ec1c93	slli	x25,x24,0x1e	 x24:0x8000856a x25=0x80000000
        4495000	       448	80000a64	eb786b13	ori	x22,x16,-329	 x16:0x00000000 x22=0xfffffeb7
        4505000	       449	80000a68	04099463	bne	x19,x0,80000ab0	 x19:0x80009fc4  x0:0x00000000
        4515000	       450	00000000	00000013	addi	x0,x0,0	  x0:0x00000000
        4525000	       451	80000aac	00000013	addi	x0,x0,0	  x0:0x00000000
        4535000	       452	80000ab0	d6a51b97	auipc	x23,0xd6a51	 x23=0x56a51aac
        4545000	       453	80000ab4	d3bb8f93	addi	x31,x23,-709	 x23:0x56a51aac x31=0x56a517e7
        4555000	       454	80000ab8	042fd463	bge	x31,x2,80000b00	 x31:0x56a517e7  x2:0x00000001
        4565000	       455	00000000	00000013	addi	x0,x0,0	  x0:0x00000000
        4575000	       456	80000afc	00000013	addi	x0,x0,0	  x0:0x00000000
        4585000	       457	80000b00	41c8d613	srai	x12,x17,0x1c	 x17:0x00000002 x12=0x00000000
        4595000	       458	80000b04	1c818313	addi	x6,x3,456	  x3:0x80009adf  x6=0x80009ca7
        4605000	       459	80000b08	7837e593	ori	x11,x15,1923	 x15:0x0000000e x11=0x0000078f
        4615000	       460	80000b0c	40555613	srai	x12,x10,0x5	 x10:0xf812abf4 x12=0xffc0955f
        4625000	       461	80000b10	009fcab3	xor	x21,x31,x9	 x31:0x56a517e7  x9:0x0c429dfe x21=0x5ae78a19
        4635000	       462	80000b14	01aa3f33	sltu	x30,x20,x26	 x20:0x6214eff1 x26:0x0c4298e6 x30=0x00000000
        4645000	       463	80000b18	e5c32e37	lui	x28,0xe5c32	 x28=0xe5c32000
        4655000	       464	80000b1c	90b8cf93	xori	x31,x17,-1781	 x17:0x00000002 x31=0xfffff909
        4665000	       465	80000b20	0002db13	srli	x22,x5,0x0	  x5:0x00000000 x22=0x00000000
        4675000	       466	80000b24	db11b613	sltiu	x12,x3,-591	  x3:0x80009adf x12=0x00000001
        4685000	       467	80000b28	04db1463	bne	x22,x13,80000b70	 x22:0x00000000 x13:0x00000000
        4695000	       468	80000b2c	00d11c93	slli	x25,x2,0xd	  x2:0x00000001 x25=0x00002000
        4705000	       469	80000b30	028de263	bltu	x27,x8,80000b54	 x27:0x11bcd710  x8:0x6214effc
        4715000	       470	00000000	00000013	addi	x0,x0,0	  x0:0x00000000
        4725000	       471	80000b50	00000013	addi	x0,x0,0	  x0:0x00000000
        4735000	       472	80000b54	04e5f463	bgeu	x11,x14,80000b9c	 x11:0x0000078f x14:0x00000001
        4745000	       473	00000000	00000013	addi	x0,x0,0	  x0:0x00000000
        4755000	       474	80000b98	00000013	addi	x0,x0,0	  x0:0x00000000
        4765000	       475	80000b9c	015c5093	srli	x1,x24,0x15	 x24:0x8000856a  x1=0x00000400
        4775000	       476	80000ba0	40950ab3	sub	x21,x10,x9	 x10:0xf812abf4  x9:0x0c429dfe x21=0xebd00df6
        4785000	       477	80000ba4	b08e4713	xori	x14,x28,-1272	 x28:0xe5c32000 x14=0x1a3cdb08
        4795000	       478	80000ba8	c8caf937	lui	x18,0xc8caf	 x18=0xc8caf000
        4805000	       479	80000bac	015cd633	srl	x12,x25,x21	 x25:0x00002000 x21:0xebd00df6 x12=0x00000000
        4815000	       480	80000bb0	05085663	bge	x16,x16,80000bfc	 x16:0x00000000 x16:0x00000000
        4825000	       481	00000000	00000013	addi	x0,x0,0	  x0:0x00000000
        4835000	       482	80000bf8	00000013	addi	x0,x0,0	  x0:0x00000000
        4845000	       483	80000bfc	01ed4633	xor	x12,x26,x30	 x26:0x0c4298e6 x30:0x00000000 x12=0x0c4298e6
        4855000	       484	80000c00	004d1033	sll	x0,x26,x4	 x26:0x0c4298e6  x4:0x00000018
        4865000	       485	80000c04	00000013	addi	x0,x0,0	  x0:0x00000000
        4875000	       486	80000c08	01665a33	srl	x20,x12,x22	 x12:0x0c4298e6 x22:0x00000000 x20=0x0c4298e6
        4885000	       487	80000c0c	19f7fb93	andi	x23,x15,415	 x15:0x0000000e x23=0x0000000e
        4895000	       488	80000c10	d633f1b7	lui	x3,0xd633f	  x3=0xd633f000
        4905000	       489	80000c14	cab4ad13	slti	x26,x9,-853	  x9:0x0c429dfe x26=0x00000000
        4915000	       490	80000c18	80334713	xori	x14,x6,-2045	  x6:0x80009ca7 x14=0x7fff64a4
        4925000	       491	80000c1c	0041dd13	srli	x26,x3,0x4	  x3:0xd633f000 x26=0x0d633f00
        4935000	       492	80000c20	04761863	bne	x12,x7,80000c70	 x12:0x0c4298e6  x7:0x00000000
        4945000	       493	00000000	00000013	addi	x0,x0,0	  x0:0x00000000
        4955000	       494	80000c6c	00000013	addi	x0,x0,0	  x0:0x00000000
        4965000	       495	80000c70	96d76393	ori	x7,x14,-1683	 x14:0x7fff64a4  x7=0xfffffded
        4975000	       496	80000c74	93eb0c13	addi	x24,x22,-1730	 x22:0x00000000 x24=0xfffff93e
        4985000	       497	80000c78	02e48663	beq	x9,x14,80000ca4	  x9:0x0c429dfe x14:0x7fff64a4
        4995000	       498	80000c7c	7c4a4313	xori	x6,x20,1988	 x20:0x0c4298e6  x6=0x0c429f22
        5005000	       499	80000c80	b6328c93	addi	x25,x5,-1181	  x5:0x00000000 x25=0xfffffb63
        5015000	       500	80000c84	41778ab3	sub	x21,x15,x23	 x15:0x0000000e x23:0x0000000e x21=0x00000000
        5025000	       501	80000c88	ed145e37	lui	x28,0xed145	 x28=0xed145000
        5035000	       502	80000c8c	033bc863	blt	x23,x19,80000cbc	 x23:0x0000000e x19:0x80009fc4
        5045000	       503	80000c90	05646663	bltu	x8,x22,80000cdc	  x8:0x6214effc x22:0x00000000
        5055000	       504	80000c94	ef9c6613	ori	x12,x24,-263	 x24:0xfffff93e x12=0xffffffff
        5065000	       505	80000c98	01dc1233	sll	x4,x24,x29	 x24:0xfffff93e x29:0x80009f84  x4=0xffff93e0
        5075000	       506	80000c9c	0085c263	blt	x11,x8,80000ca0	 x11:0x0000078f  x8:0x6214effc
        5085000	       507	00000000	00000013	addi	x0,x0,0	  x0:0x00000000
        5095000	       508	80000c9c	00000013	addi	x0,x0,0	  x0:0x00000000
        5105000	       509	80000ca0	f144e4b7	lui	x9,0xf144e	  x9=0xf144e000
        5115000	       510	80000ca4	002b9213	slli	x4,x23,0x2	 x23:0x0000000e  x4=0x00000038
        5125000	       511	80000ca8	0056bc33	sltu	x24,x13,x5	 x13:0x00000000  x5:0x00000000 x24=0x00000000
        5135000	       512	80000cac	0063dcb3	srl	x25,x7,x6	  x7:0xfffffded  x6:0x0c429f22 x25=0x3fffff7b
        5145000	       513	80000cb0	002bfa63	bgeu	x23,x2,80000cc4	 x23:0x0000000e  x2:0x00000001
        5155000	       514	00000000	00000013	addi	x0,x0,0	  x0:0x00000000
        5165000	       515	80000cc0	00000013	addi	x0,x0,0	  x0:0x00000000
        5175000	       516	80000cc4	00e0b2b3	sltu	x5,x1,x14	  x1:0x00000400 x14:0x7fff64a4  x5=0x00000001
        5185000	       517	80000cc8	0139f1b3	and	x3,x19,x19	 x19:0x80009fc4 x19:0x80009fc4  x3=0x80009fc4
        5195000	       518	80000ccc	404f5b93	srai	x23,x30,0x4	 x30:0x00000000 x23=0x00000000
        5205000	       519	80000cd0	01b21bb3	sll	x23,x4,x27	  x4:0x00000038 x27:0x11bcd710 x23=0x00380000
        5215000	       520	80000cd4	40d25bb3	sra	x23,x4,x13	  x4:0x00000038 x13:0x00000000 x23=0x00000038
        5225000	       521	80000cd8	b958ce13	xori	x28,x17,-1131	 x17:0x00000002 x28=0xfffffb97
        5235000	       522	80000cdc	00cbd893	srli	x17,x23,0xc	 x23:0x00000038 x17=0x00000000
        5245000	       523	80000ce0	00000013	addi	x0,x0,0	  x0:0x00000000
        5255000	       524	80000ce4	01489a33	sll	x20,x17,x20	 x17:0x00000000 x20:0x0c4298e6 x20=0x00000000
        5265000	       525	80000ce8	00345e63	bge	x8,x3,80000d04	  x8:0x6214effc  x3:0x80009fc4
        5275000	       526	00000000	00000013	addi	x0,x0,0	  x0:0x00000000
        5285000	       527	80000d00	00000013	addi	x0,x0,0	  x0:0x00000000
        5295000	       528	80000d04	1a8b3037	lui	x0,0x1a8b3	
        5305000	       529	80000d08	01877433	and	x8,x14,x24	 x14:0x7fff64a4 x24:0x00000000  x8=0x00000000
        5315000	       530	80000d0c	00b61c63	bne	x12,x11,80000d24	 x12:0xffffffff x11:0x0000078f
        5325000	       531	00000000	00000013	addi	x0,x0,0	  x0:0x00000000
        5335000	       532	80000d20	00000013	addi	x0,x0,0	  x0:0x00000000
        5345000	       533	80000d24	ec128413	addi	x8,x5,-319	  x5:0x00000001  x8=0xfffffec2
        5355000	       534	80000d28	00830bb3	add	x23,x6,x8	  x6:0x0c429f22  x8:0xfffffec2 x23=0x0c429de4
        5365000	       535	80000d2c	78d87a93	andi	x21,x16,1933	 x16:0x00000000 x21=0x00000000
        5375000	       536	80000d30	2ca2f113	andi	x2,x5,714	  x5:0x00000001  x2=0x00000000
        5385000	       537	80000d34	403d0633	sub	x12,x26,x3	 x26:0x0d633f00  x3:0x80009fc4 x12=0x8d629f3c
        5395000	       538	80000d38	00000013	addi	x0,x0,0	  x0:0x00000000
        5405000	       539	80000d3c	01699493	slli	x9,x19,0x16	 x19:0x80009fc4  x9=0xf1000000
        5415000	       540	80000d40	00eae3b3	or	x7,x21,x14	 x21:0x00000000 x14:0x7fff64a4  x7=0x7fff64a4
        5425000	       541	80000d44	1a3f2f93	slti	x31,x30,419	 x30:0x00000000 x31=0x00000001
        5435000	       542	80000d48	008103b3	add	x7,x2,x8	  x2:0x00000000  x8:0xfffffec2  x7=0xfffffec2
        5445000	       543	80000d4c	007a7633	and	x12,x20,x7	 x20:0x00000000  x7:0xfffffec2 x12=0x00000000
        5455000	       544	80000d50	0050e233	or	x4,x1,x5	  x1:0x00000400  x5:0x00000001  x4=0x00000401
        5465000	       545	80000d54	e665b093	sltiu	x1,x11,-410	 x11:0x0000078f  x1=0x00000001
        5475000	       546	80000d58	01781c63	bne	x16,x23,80000d70	 x16:0x00000000 x23:0x0c429de4
        5485000	       547	00000000	00000013	addi	x0,x0,0	  x0:0x00000000
        5495000	       548	80000d6c	00000013	addi	x0,x0,0	  x0:0x00000000
        5505000	       549	80000d70	bf114093	xori	x1,x2,-1039	  x2:0x00000000  x1=0xfffffbf1
        5515000	       550	80000d74	40eb83b3	sub	x7,x23,x14	 x23:0x0c429de4 x14:0x7fff64a4  x7=0x8c433940
        5525000	       551	80000d78	015ad333	srl	x6,x21,x21	 x21:0x00000000 x21:0x00000000  x6=0x00000000
        5535000	       552	80000d7c	40255733	sra	x14,x10,x2	 x10:0xf812abf4  x2:0x00000000 x14=0xf812abf4
        5545000	       553	80000d80	00ff0fb3	add	x31,x30,x15	 x30:0x00000000 x15:0x0000000e x31=0x0000000e
        5555000	       554	80000d84	4013dc33	sra	x24,x7,x1	  x7:0x8c433940  x1:0xfffffbf1 x24=0xffffc621
        5565000	       555	80000d88	00b753b3	srl	x7,x14,x11	 x14:0xf812abf4 x11:0x0000078f  x7=0x0001f025
        5575000	       556	80000d8c	03e17663	bgeu	x2,x30,80000db8	  x2:0x00000000 x30:0x00000000
        5585000	       557	00000000	00000013	addi	x0,x0,0	  x0:0x00000000
        5595000	       558	80000db4	00000013	addi	x0,x0,0	  x0:0x00000000
        5605000	       559	80000db8	00476463	bltu	x14,x4,80000dc0	 x14:0xf812abf4  x4:0x00000401
        5615000	       560	80000dbc	050d7663	bgeu	x26,x16,80000e08	 x26:0x0d633f00 x16:0x00000000
        5625000	       561	00000000	00000013	addi	x0,x0,0	  x0:0x00000000
        5635000	       562	80000e04	00000013	addi	x0,x0,0	  x0:0x00000000
        5645000	       563	80000e08	1caa2b93	slti	x23,x20,458	 x20:0x00000000 x23=0x00000001
        5655000	       564	80000e0c	0146d893	srli	x17,x13,0x14	 x13:0x00000000 x17=0x00000000
        5665000	       565	80000e10	01ce65b3	or	x11,x28,x28	 x28:0xfffffb97 x28:0xfffffb97 x11=0xfffffb97
        5675000	       566	80000e14	2f250e37	lui	x28,0x2f250	 x28=0x2f250000
        5685000	       567	80000e18	2c87c293	xori	x5,x15,712	 x15:0x0000000e  x5=0x000002c6
        5695000	       568	80000e1c	0bc2c513	xori	x10,x5,188	  x5:0x000002c6 x10=0x0000027a
        5705000	       569	80000e20	e10efc93	andi	x25,x29,-496	 x29:0x80009f84 x25=0x80009e00
        5715000	       570	80000e24	40aad8b3	sra	x17,x21,x10	 x21:0x00000000 x10:0x0000027a x17=0x00000000
        5725000	       571	80000e28	04834263	blt	x6,x8,80000e6c	  x6:0x00000000  x8:0xfffffec2
        5735000	       572	80000e2c	419d8833	sub	x16,x27,x25	 x27:0x11bcd710 x25:0x80009e00 x16=0x91bc3910
        5745000	       573	80000e30	05d1f463	bgeu	x3,x29,80000e78	  x3:0x80009fc4 x29:0x80009f84
        5755000	       574	00000000	00000013	addi	x0,x0,0	  x0:0x00000000
        5765000	       575	80000e74	00000013	addi	x0,x0,0	  x0:0x00000000
        5775000	       576	80000e78	042bd063	bge	x23,x2,80000eb8	 x23:0x00000001  x2:0x00000000
        5785000	       577	00000000	00000013	addi	x0,x0,0	  x0:0x00000000
        5795000	       578	80000eb4	00000013	addi	x0,x0,0	  x0:0x00000000
        5805000	       579	80000eb8	419e5133	sra	x2,x28,x25	 x28:0x2f250000 x25:0x80009e00  x2=0x2f250000
        5815000	       580	80000ebc	01547c63	bgeu	x8,x21,80000ed4	  x8:0xfffffec2 x21:0x00000000
        5825000	       581	00000000	00000013	addi	x0,x0,0	  x0:0x00000000
        5835000	       582	80000ed0	00000013	addi	x0,x0,0	  x0:0x00000000
        5845000	       583	80000ed4	62ff8593	addi	x11,x31,1583	 x31:0x0000000e x11=0x0000063d
        5855000	       584	80000ed8	03358e63	beq	x11,x19,80000f14	 x11:0x0000063d x19:0x80009fc4
        5865000	       585	80000edc	007f3933	sltu	x18,x30,x7	 x30:0x00000000  x7:0x0001f025 x18=0x00000001
        5875000	       586	80000ee0	02a37e63	bgeu	x6,x10,80000f1c	  x6:0x00000000 x10:0x0000027a
        5885000	       587	80000ee4	010f8bb3	add	x23,x31,x16	 x31:0x0000000e x16:0x91bc3910 x23=0x91bc391e
        5895000	       588	80000ee8	00405bb3	srl	x23,x0,x4	  x0:0x00000000  x4:0x00000401 x23=0x00000000
        5905000	       589	80000eec	01dd95b3	sll	x11,x27,x29	 x27:0x11bcd710 x29:0x80009f84 x11=0x1bcd7100
        5915000	       590	80000ef0	05bdd663	bge	x27,x27,80000f3c	 x27:0x11bcd710 x27:0x11bcd710
        5925000	       591	00000000	00000013	addi	x0,x0,0	  x0:0x00000000
        5935000	       592	80000f38	00000013	addi	x0,x0,0	  x0:0x00000000
        5945000	       593	80000f3c	046fd863	bge	x31,x6,80000f8c	 x31:0x0000000e  x6:0x00000000
        5955000	       594	00000000	00000013	addi	x0,x0,0	  x0:0x00000000
        5965000	       595	80000f88	00000013	addi	x0,x0,0	  x0:0x00000000
        5975000	       596	80000f8c	019a1233	sll	x4,x20,x25	 x20:0x00000000 x25:0x80009e00  x4=0x00000000
        5985000	       597	80000f90	00590333	add	x6,x18,x5	 x18:0x00000001  x5:0x000002c6  x6=0x000002c7
        5995000	       598	80000f94	28e7b313	sltiu	x6,x15,654	 x15:0x0000000e  x6=0x00000001
        6005000	       599	80000f98	012a0733	add	x14,x20,x18	 x20:0x00000000 x18:0x00000001 x14=0x00000001
        6015000	       600	80000f9c	00ec58b3	srl	x17,x24,x14	 x24:0xffffc621 x14:0x00000001 x17=0x7fffe310
        6025000	       601	80000fa0	00a32933	slt	x18,x6,x10	  x6:0x00000001 x10:0x0000027a x18=0x00000001
        6035000	       602	80000fa4	058ac463	blt	x21,x24,80000fec	 x21:0x00000000 x24:0xffffc621
        6045000	       603	80000fa8	00ab6463	bltu	x22,x10,80000fb0	 x22:0x00000000 x10:0x0000027a
        6055000	       604	00000000	00000013	addi	x0,x0,0	  x0:0x00000000
        6065000	       605	80000fac	00000013	addi	x0,x0,0	  x0:0x00000000
        6075000	       606	80000fb0	ca478493	addi	x9,x15,-860	 x15:0x0000000e  x9=0xfffffcb2
        6085000	       607	80000fb4	03ff1863	bne	x30,x31,80000fe4	 x30:0x00000000 x31:0x0000000e
        6095000	       608	00000000	00000013	addi	x0,x0,0	  x0:0x00000000
        6105000	       609	80000fe0	00000013	addi	x0,x0,0	  x0:0x00000000
        6115000	       610	80000fe4	aa560b93	addi	x23,x12,-1371	 x12:0x00000000 x23=0xfffffaa5
        6125000	       611	80000fe8	135f8c63	beq	x31,x21,80001120	 x31:0x0000000e x21:0x00000000
        6135000	       612	80000fec	4b8cc513	xori	x10,x25,1208	 x25:0x80009e00 x10=0x80009ab8
        6145000	       613	80000ff0	0163fa33	and	x20,x7,x22	  x7:0x0001f025 x22:0x00000000 x20=0x00000000
        6155000	       614	80000ff4	111dee13	ori	x28,x27,273	 x27:0x11bcd710 x28=0x11bcd711
        6165000	       615	80000ff8	c2f1f613	andi	x12,x3,-977	  x3:0x80009fc4 x12=0x80009c04
        6175000	       616	80000ffc	10d30263	beq	x6,x13,80001100	  x6:0x00000001 x13:0x00000000
        6185000	       617	80001000	00008917	auipc	x18,0x8	 x18=0x80008ffc
        6195000	       618	80001004	c8290913	addi	x18,x18,-894	 x18:0x80008ffc x18=0x80008c7e
        6205000	       619	80001008	3854be13	sltiu	x28,x9,901	  x9:0xfffffcb2 x28=0x00000000
        6215000	       620	8000100c	0134ab33	slt	x22,x9,x19	  x9:0xfffffcb2 x19:0x80009fc4 x22=0x00000000
        6225000	       621	80001010	00e39433	sll	x8,x7,x14	  x7:0x0001f025 x14:0x00000001  x8=0x0003e04a
        6235000	       622	80001014	fd894683	lbu	x13,-40(x18)	 x18:0x80008c7e x13=0x000000f7 PA:0x80008c56
        6245000	       623	80001018	00000013	addi	x0,x0,0	  x0:0x00000000
        6255000	       624	8000101c	fc895583	lhu	x11,-56(x18)	 x18:0x80008c7e x11=0x000046fb PA:0x80008c46
        6265000	       625	80001020	00125413	srli	x8,x4,0x1	  x4:0x00000000  x8=0x00000000
        6275000	       626	80001024	6e2be813	ori	x16,x23,1762	 x23:0xfffffaa5 x16=0xfffffee7
        6285000	       627	80001028	fd994283	lbu	x5,-39(x18)	 x18:0x80008c7e  x5=0x00000075 PA:0x80008c57
        6295000	       628	8000102c	fc6903a3	sb	x6,-57(x18)	 x18:0x80008c7e  x6:0x00000001 PA:0x80008c45
        6305000	       629	80001030	01694483	lbu	x9,22(x18)	 x18:0x80008c7e  x9=0x00000098 PA:0x80008c94
        6315000	       630	00000000	00000013	addi	x0,x0,0	  x0:0x00000000
        6325000	       631	80001034	bce4c093	xori	x1,x9,-1074	  x9:0x00000098  x1=0xfffffb56
        6335000	       632	80001038	fcc94e03	lbu	x28,-52(x18)	 x18:0x80008c7e x28=0x000000a2 PA:0x80008c4a
        6345000	       633	8000103c	02490e23	sb	x4,60(x18)	 x18:0x80008c7e  x4:0x00000000 PA:0x80008cba
        6355000	       634	80001040	0ad0a493	slti	x9,x1,173	  x1:0xfffffb56  x9=0x00000001
        6365000	       635	80001044	02191323	sh	x1,38(x18)	 x18:0x80008c7e  x1:0xfffffb56 PA:0x80008ca4
        6375000	       636	80001048	fed90a03	lb	x20,-19(x18)	 x18:0x80008c7e x20=0x00000005 PA:0x80008c6b
        6385000	       637	8000104c	41d05a13	srai	x20,x0,0x1d	  x0:0x00000000 x20=0x00000000
        6395000	       638	80001050	40335533	sra	x10,x6,x3	  x6:0x00000001  x3:0x80009fc4 x10=0x00000000
        6405000	       639	80001054	005a1893	slli	x17,x20,0x5	 x20:0x00000000 x17=0x00000000
        6415000	       640	80001058	fd5909a3	sb	x21,-45(x18)	 x18:0x80008c7e x21:0x00000000 PA:0x80008c51
        6425000	       641	8000105c	00292803	lw	x16,2(x18)	 x18:0x80008c7e x16=0x19c8b713 PA:0x80008c80
        6435000	       642	80001060	fcb90da3	sb	x11,-37(x18)	 x18:0x80008c7e x11:0x000046fb PA:0x80008c59
        6445000	       643	80001064	03891d03	lh	x26,56(x18)	 x18:0x80008c7e x26=0xffffb526 PA:0x80008cb6
        6455000	       644	80001068	ff594603	lbu	x12,-11(x18)	 x18:0x80008c7e x12=0x00000056 PA:0x80008c73
        6465000	       645	8000106c	fdf94d83	lbu	x27,-33(x18)	 x18:0x80008c7e x27=0x000000a8 PA:0x80008c5d
        6475000	       646	80001070	62bf0d93	addi	x27,x30,1579	 x30:0x00000000 x27=0x0000062b
        6485000	       647	80001074	41298233	sub	x4,x19,x18	 x19:0x80009fc4 x18:0x80008c7e  x4=0x00001346
        6495000	       648	80001078	025907a3	sb	x5,47(x18)	 x18:0x80008c7e  x5:0x00000075 PA:0x80008cad
        6505000	       649	8000107c	01e9f733	and	x14,x19,x30	 x19:0x80009fc4 x30:0x00000000 x14=0x00000000
        6515000	       650	80001080	00d37f33	and	x30,x6,x13	  x6:0x00000001 x13:0x000000f7 x30=0x00000001
        6525000	       651	80001084	0187de33	srl	x28,x15,x24	 x15:0x0000000e x24:0xffffc621 x28=0x00000007
        6535000	       652	80001088	03991823	sh	x25,48(x18)	 x18:0x80008c7e x25:0x80009e00 PA:0x80008cae
        6545000	       653	8000108c	fd294483	lbu	x9,-46(x18)	 x18:0x80008c7e  x9=0x000000e1 PA:0x80008c50
        6555000	       654	80001090	02392923	sw	x3,50(x18)	 x18:0x80008c7e  x3:0x80009fc4 PA:0x80008cb0
        6565000	       655	80001094	413b0a33	sub	x20,x22,x19	 x22:0x00000000 x19:0x80009fc4 x20=0x7fff603c
        6575000	       656	80001098	da176813	ori	x16,x14,-607	 x14:0x00000000 x16=0xfffffda1
        6585000	       657	8000109c	ffb94003	lbu	x0,-5(x18)	 x18:0x80008c7e PA:0x80008c79
        6595000	       658	800010a0	3abd8d93	addi	x27,x27,939	 x27:0x0000062b x27=0x000009d6
        6605000	       659	800010a4	03691483	lh	x9,54(x18)	 x18:0x80008c7e  x9=0x00000e5a PA:0x80008cb4
        6615000	       660	800010a8	40b28f33	sub	x30,x5,x11	  x5:0x00000075 x11:0x000046fb x30=0xffffb97a
        6625000	       661	800010ac	00a024b3	slt	x9,x0,x10	  x0:0x00000000 x10:0x00000000  x9=0x00000000
        6635000	       662	800010b0	0f38d537	lui	x10,0xf38d	 x10=0x0f38d000
        6645000	       663	800010b4	fdf94703	lbu	x14,-33(x18)	 x18:0x80008c7e x14=0x000000a8 PA:0x80008c5d
        6655000	       664	800010b8	41e6d6b3	sra	x13,x13,x30	 x13:0x000000f7 x30:0xffffb97a x13=0x00000000
        6665000	       665	800010bc	02d90da3	sb	x13,59(x18)	 x18:0x80008c7e x13:0x00000000 PA:0x80008cb9
        6675000	       666	800010c0	00584433	xor	x8,x16,x5	 x16:0xfffffda1  x5:0x00000075  x8=0xfffffdd4
        6685000	       667	800010c4	404605b3	sub	x11,x12,x4	 x12:0x00000056  x4:0x00001346 x11=0xffffed10
        6695000	       668	800010c8	fc790f83	lb	x31,-57(x18)	 x18:0x80008c7e x31=0x00000001 PA:0x80008c45
        6705000	       669	800010cc	01baa333	slt	x6,x21,x27	 x21:0x00000000 x27:0x000009d6  x6=0x00000001
        6715000	       670	800010d0	1caf0893	addi	x17,x30,458	 x30:0xffffb97a x17=0xffffbb44
        6725000	       671	800010d4	01592d23	sw	x21,26(x18)	 x18:0x80008c7e x21:0x00000000 PA:0x80008c98
        6735000	       672	800010d8	fd394183	lbu	x3,-45(x18)	 x18:0x80008c7e  x3=0x00000000 PA:0x80008c51
        6745000	       673	800010dc	fe590d03	lb	x26,-27(x18)	 x18:0x80008c7e x26=0x00000060 PA:0x80008c63
        6755000	       674	800010e0	00590d03	lb	x26,5(x18)	 x18:0x80008c7e x26=0x00000019 PA:0x80008c83
        6765000	       675	800010e4	00d85b33	srl	x22,x16,x13	 x16:0xfffffda1 x13:0x00000000 x22=0xfffffda1
        6775000	       676	800010e8	00091483	lh	x9,0(x18)	 x18:0x80008c7e  x9=0x0000227b PA:0x80008c7e
        6785000	       677	800010ec	40425833	sra	x16,x4,x4	  x4:0x00001346  x4:0x00001346 x16=0x0000004d
        6795000	       678	800010f0	b7003813	sltiu	x16,x0,-1168	  x0:0x00000000 x16=0x00000001
        6805000	       679	800010f4	01a27ab3	and	x21,x4,x26	  x4:0x00001346 x26:0x00000019 x21=0x00000000
        6815000	       680	800010f8	cb4e2913	slti	x18,x28,-844	 x28:0x00000007 x18=0x00000000
        6825000	       681	800010fc	01f8c133	xor	x2,x17,x31	 x17:0xffffbb44 x31:0x00000001  x2=0xffffbb45
        6835000	       682	80001100	019a1933	sll	x18,x20,x25	 x20:0x7fff603c x25:0x80009e00 x18=0x7fff603c
        6845000	       683	80001104	4180dab3	sra	x21,x1,x24	  x1:0xfffffb56 x24:0xffffc621 x21=0xfffffdab
        6855000	       684	80001108	03d80863	beq	x16,x29,80001138	 x16:0x00000001 x29:0x80009f84
        6865000	       685	8000110c	005574b3	and	x9,x10,x5	 x10:0x0f38d000  x5:0x00000075  x9=0x00000000
        6875000	       686	80001110	a4def813	andi	x16,x29,-1459	 x29:0x80009f84 x16=0x80009a04
        6885000	       687	80001114	24d82b37	lui	x22,0x24d82	 x22=0x24d82000
        6895000	       688	80001118	026ee663	bltu	x29,x6,80001144	 x29:0x80009f84  x6:0x00000001
        6905000	       689	8000111c	01595893	srli	x17,x18,0x15	 x18:0x7fff603c x17=0x000003ff
        6915000	       690	80001120	5cdee117	auipc	x2,0x5cdee	  x2=0xdcdef11c
        6925000	       691	80001124	842000b7	lui	x1,0x84200	  x1=0x84200000
        6935000	       692	80001128	4050d213	srai	x4,x1,0x5	  x1:0x84200000  x4=0xfc210000
        6945000	       693	8000112c	5d0df693	andi	x13,x27,1488	 x27:0x000009d6 x13=0x000001d0
        6955000	       694	80001130	00000013	addi	x0,x0,0	  x0:0x00000000
        6965000	       695	80001134	d4a98413	addi	x8,x19,-694	 x19:0x80009fc4  x8=0x80009d0e
        6975000	       696	80001138	00fbed33	or	x26,x23,x15	 x23:0xfffffaa5 x15:0x0000000e x26=0xfffffaaf
        6985000	       697	8000113c	a5262513	slti	x10,x12,-1454	 x12:0x00000056 x10=0x00000000
        6995000	       698	80001140	c0ea6b13	ori	x22,x20,-1010	 x20:0x7fff603c x22=0xfffffc3e
        7005000	       699	80001144	40838533	sub	x10,x7,x8	  x7:0x0001f025  x8:0x80009d0e x10=0x80015317
        7015000	       700	80001148	4c70ef93	ori	x31,x1,1223	  x1:0x84200000 x31=0x842004c7
        7025000	       701	8000114c	00435913	srli	x18,x6,0x4	  x6:0x00000001 x18=0x00000000
        7035000	       702	80001150	01b65893	srli	x17,x12,0x1b	 x12:0x00000056 x17=0x00000000
        7045000	       703	80001154	41198833	sub	x16,x19,x17	 x19:0x80009fc4 x17:0x00000000 x16=0x80009fc4
        7055000	       704	80001158	403d8b33	sub	x22,x27,x3	 x27:0x000009d6  x3:0x00000000 x22=0x000009d6
        7065000	       705	8000115c	01045f33	srl	x30,x8,x16	  x8:0x80009d0e x16:0x80009fc4 x30=0x080009d0
        7075000	       706	80001160	81ff3613	sltiu	x12,x30,-2017	 x30:0x080009d0 x12=0x00000001
        7085000	       707	80001164	f65ce713	ori	x14,x25,-155	 x25:0x80009e00 x14=0xffffff65
        7095000	       708	80001168	015091b3	sll	x3,x1,x21	  x1:0x84200000 x21:0xfffffdab  x3=0x00000000
        7105000	       709	8000116c	8a7f7293	andi	x5,x30,-1881	 x30:0x080009d0  x5=0x08000880
        7115000	       710	80001170	37a7e093	ori	x1,x15,890	 x15:0x0000000e  x1=0x0000037e
        7125000	       711	80001174	01e2ce63	blt	x5,x30,80001190	  x5:0x08000880 x30:0x080009d0
        7135000	       712	00000000	00000013	addi	x0,x0,0	  x0:0x00000000
        7145000	       713	8000118c	00000013	addi	x0,x0,0	  x0:0x00000000
        7155000	       714	80001190	00000013	addi	x0,x0,0	  x0:0x00000000
        7165000	       715	80001194	bef3e193	ori	x3,x7,-1041	  x7:0x0001f025  x3=0xfffffbef
        7175000	       716	80001198	e2fb7713	andi	x14,x22,-465	 x22:0x000009d6 x14=0x00000806
        7185000	       717	8000119c	2c462613	slti	x12,x12,708	 x12:0x00000001 x12=0x00000001
        7195000	       718	800011a0	004b5a33	srl	x20,x22,x4	 x22:0x000009d6  x4:0xfc210000 x20=0x000009d6
        7205000	       719	800011a4	00000013	addi	x0,x0,0	  x0:0x00000000
        7215000	       720	800011a8	00e27b33	and	x22,x4,x14	  x4:0xfc210000 x14:0x00000806 x22=0x00000000
        7225000	       721	800011ac	00895db3	srl	x27,x18,x8	 x18:0x00000000  x8:0x80009d0e x27=0x00000000
        7235000	       722	800011b0	00edff33	and	x30,x27,x14	 x27:0x00000000 x14:0x00000806 x30=0x00000000
        7245000	       723	800011b4	40bd08b3	sub	x17,x26,x11	 x26:0xfffffaaf x11:0xffffed10 x17=0x00000d9f
        7255000	       724	800011b8	5d317517	auipc	x10,0x5d317	 x10=0xdd3181b4
        7265000	       725	800011bc	00cf9d33	sll	x26,x31,x12	 x31:0x842004c7 x12:0x00000001 x26=0x0840098e
        7275000	       726	800011c0	026cde63	bge	x25,x6,800011fc	 x25:0x80009e00  x6:0x00000001
        7285000	       727	800011c4	00c8c3b3	xor	x7,x17,x12	 x17:0x00000d9f x12:0x00000001  x7=0x00000d9e
        7295000	       728	800011c8	41095593	srai	x11,x18,0x10	 x18:0x00000000 x11=0x00000000
        7305000	       729	800011cc	406e5393	srai	x7,x28,0x6	 x28:0x00000007  x7=0x00000000
        7315000	       730	800011d0	13e9e493	ori	x9,x19,318	 x19:0x80009fc4  x9=0x80009ffe
        7325000	       731	800011d4	40fddbb3	sra	x23,x27,x15	 x27:0x00000000 x15:0x0000000e x23=0x00000000
        7335000	       732	800011d8	0562c263	blt	x5,x22,8000121c	  x5:0x08000880 x22:0x00000000
        7345000	       733	800011dc	018f5bb3	srl	x23,x30,x24	 x30:0x00000000 x24:0xffffc621 x23=0x00000000
        7355000	       734	800011e0	05715063	bge	x2,x23,80001220	  x2:0xdcdef11c x23:0x00000000
        7365000	       735	800011e4	006a9813	slli	x16,x21,0x6	 x21:0xfffffdab x16=0xffff6ac0
        7375000	       736	800011e8	0096d713	srli	x14,x13,0x9	 x13:0x000001d0 x14=0x00000000
        7385000	       737	800011ec	03e01663	bne	x0,x30,80001218	  x0:0x00000000 x30:0x00000000
        7395000	       738	800011f0	00b6ebb3	or	x23,x13,x11	 x13:0x000001d0 x11:0x00000000 x23=0x000001d0
        7405000	       739	800011f4	001b35b3	sltu	x11,x22,x1	 x22:0x00000000  x1:0x0000037e x11=0x00000001
        7415000	       740	800011f8	4004d1b3	sra	x3,x9,x0	  x9:0x80009ffe  x0:0x00000000  x3=0x80009ffe
        7425000	       741	800011fc	00b06463	bltu	x0,x11,80001204	  x0:0x00000000 x11:0x00000001
        7435000	       742	00000000	00000013	addi	x0,x0,0	  x0:0x00000000
        7445000	       743	80001200	00000013	addi	x0,x0,0	  x0:0x00000000
        7455000	       744	80001204	016a1233	sll	x4,x20,x22	 x20:0x000009d6 x22:0x00000000  x4=0x000009d6
        7465000	       745	80001208	00000013	addi	x0,x0,0	  x0:0x00000000
        7475000	       746	8000120c	00e73333	sltu	x6,x14,x14	 x14:0x00000000 x14:0x00000000  x6=0x00000000
        7485000	       747	80001210	20984d13	xori	x26,x16,521	 x16:0xffff6ac0 x26=0xffff68c9
        7495000	       748	80001214	07ce6c63	bltu	x28,x28,8000128c	 x28:0x00000007 x28:0x00000007
        7505000	       749	80001218	8415f493	andi	x9,x11,-1983	 x11:0x00000001  x9=0x00000001
        7515000	       750	8000121c	550fadb7	lui	x27,0x550fa	 x27=0x550fa000
        7525000	       751	80001220	41278833	sub	x16,x15,x18	 x15:0x0000000e x18:0x00000000 x16=0x0000000e
        7535000	       752	80001224	06d1ce63	blt	x3,x13,800012a0	  x3:0x80009ffe x13:0x000001d0
        7545000	       753	00000000	00000013	addi	x0,x0,0	  x0:0x00000000
        7555000	       754	8000129c	00000013	addi	x0,x0,0	  x0:0x00000000
        7565000	       755	800012a0	0096e233	or	x4,x13,x9	 x13:0x000001d0  x9:0x00000001  x4=0x000001d1
        7575000	       756	800012a4	03688263	beq	x17,x22,800012c8	 x17:0x00000d9f x22:0x00000000
        7585000	       757	800012a8	0128d233	srl	x4,x17,x18	 x17:0x00000d9f x18:0x00000000  x4=0x00000d9f
        7595000	       758	800012ac	008811b3	sll	x3,x16,x8	 x16:0x0000000e  x8:0x80009d0e  x3=0x00038000
        7605000	       759	800012b0	01985a63	bge	x16,x25,800012c4	 x16:0x0000000e x25:0x80009e00
        7615000	       760	00000000	00000013	addi	x0,x0,0	  x0:0x00000000
        7625000	       761	800012c0	00000013	addi	x0,x0,0	  x0:0x00000000
        7635000	       762	800012c4	040d0063	beq	x26,x0,80001304	 x26:0xffff68c9  x0:0x00000000
        7645000	       763	800012c8	3acf3313	sltiu	x6,x30,940	 x30:0x00000000  x6=0x00000001
        7655000	       764	800012cc	42164b13	xori	x22,x12,1057	 x12:0x00000001 x22=0x00000420
        7665000	       765	800012d0	01fa0b33	add	x22,x20,x31	 x20:0x000009d6 x31:0x842004c7 x22=0x84200e9d
        7675000	       766	800012d4	05200463	beq	x0,x18,8000131c	  x0:0x00000000 x18:0x00000000
        7685000	       767	00000000	00000013	addi	x0,x0,0	  x0:0x00000000
        7695000	       768	80001318	00000013	addi	x0,x0,0	  x0:0x00000000
        7705000	       769	8000131c	02e4de63	bge	x9,x14,80001358	  x9:0x00000001 x14:0x00000000
        7715000	       770	00000000	00000013	addi	x0,x0,0	  x0:0x00000000
        7725000	       771	80001354	00000013	addi	x0,x0,0	  x0:0x00000000
        7735000	       772	80001358	05d06263	bltu	x0,x29,8000139c	  x0:0x00000000 x29:0x80009f84
        7745000	       773	00000000	00000013	addi	x0,x0,0	  x0:0x00000000
        7755000	       774	80001398	00000013	addi	x0,x0,0	  x0:0x00000000
        7765000	       775	8000139c	9c6e0713	addi	x14,x28,-1594	 x28:0x00000007 x14=0xfffff9cd
        7775000	       776	800013a0	01f20d33	add	x26,x4,x31	  x4:0x00000d9f x31:0x842004c7 x26=0x84201266
        7785000	       777	800013a4	01e92a33	slt	x20,x18,x30	 x18:0x00000000 x30:0x00000000 x20=0x00000000
        7795000	       778	800013a8	00000013	addi	x0,x0,0	  x0:0x00000000
        7805000	       779	800013ac	1f7ccf93	xori	x31,x25,503	 x25:0x80009e00 x31=0x80009ff7
        7815000	       780	800013b0	00000013	addi	x0,x0,0	  x0:0x00000000
        7825000	       781	800013b4	01069b33	sll	x22,x13,x16	 x13:0x000001d0 x16:0x0000000e x22=0x00740000
        7835000	       782	800013b8	03786663	bltu	x16,x23,800013e4	 x16:0x0000000e x23:0x000001d0
        7845000	       783	00000000	00000013	addi	x0,x0,0	  x0:0x00000000
        7855000	       784	800013e0	00000013	addi	x0,x0,0	  x0:0x00000000
        7865000	       785	800013e4	c3b4a413	slti	x8,x9,-965	  x9:0x00000001  x8=0x00000000
        7875000	       786	800013e8	007263b3	or	x7,x4,x7	  x4:0x00000d9f  x7:0x00000000  x7=0x00000d9f
        7885000	       787	800013ec	20955a17	auipc	x20,0x20955	 x20=0xa09563e8
        7895000	       788	800013f0	c888f093	andi	x1,x17,-888	 x17:0x00000d9f  x1=0x00000c88
        7905000	       789	800013f4	00824a63	blt	x4,x8,80001408	  x4:0x00000d9f  x8:0x00000000
        7915000	       790	800013f8	0636aa13	slti	x20,x13,99	 x13:0x000001d0 x20=0x00000000
        7925000	       791	800013fc	012bce33	xor	x28,x23,x18	 x23:0x000001d0 x18:0x00000000 x28=0x000001d0
        7935000	       792	80001400	41358fb3	sub	x31,x11,x19	 x11:0x00000001 x19:0x80009fc4 x31=0x7fff603d
        7945000	       793	80001404	014f6fb3	or	x31,x30,x20	 x30:0x00000000 x20:0x00000000 x31=0x00000000
        7955000	       794	80001408	00d233b3	sltu	x7,x4,x13	  x4:0x00000d9f x13:0x000001d0  x7=0x00000000
        7965000	       795	8000140c	0038a233	slt	x4,x17,x3	 x17:0x00000d9f  x3:0x00038000  x4=0x00000001
        7975000	       796	80001410	0077ea63	bltu	x15,x7,80001424	 x15:0x0000000e  x7:0x00000000
        7985000	       797	80001414	00000013	addi	x0,x0,0	  x0:0x00000000
        7995000	       798	80001418	40155c13	srai	x24,x10,0x1	 x10:0xdd3181b4 x24=0xee98c0da
        8005000	       799	8000141c	01d04463	blt	x0,x29,80001424	  x0:0x00000000 x29:0x80009f84
        8015000	       800	80001420	009858b3	srl	x17,x16,x9	 x16:0x0000000e  x9:0x00000001 x17=0x00000007
        8025000	       801	80001424	0141c933	xor	x18,x3,x20	  x3:0x00038000 x20:0x00000000 x18=0x00038000
        8035000	       802	80001428	00000797	auipc	x15,0x0	 x15=0x80001424
        8045000	       803	8000142c	00c78793	addi	x15,x15,12	 x15:0x80001424 x15=0x80001430
        8055000	       804	80001430	00078067	jalr	x0,x15,0	 x15:0x80001430
        8065000	       805	00000000	00000013	addi	x0,x0,0	  x0:0x00000000
        8075000	       806	80001430	00000013	addi	x0,x0,0	  x0:0x00000000
        8085000	       807	80001434	00100193	addi	x3,x0,1	  x0:0x00000000  x3=0x00000001
        8095000	       808	80001438	00000073	ecall	
        8105000	       809	8000143c	53996093	ori	x1,x18,1337	 x18:0x00038000  x1=0x00038539
