		Time			Cycle	PC		Insn	Decoded instruction	Register and memory contents
          65000	         5	80000004	00000293	addi	x5,x0,0	  x0:0x00000000  x5=0x00000000
          75000	         6	80000008	00000313	addi	x6,x0,0	  x0:0x00000000  x6=0x00000000
          85000	         7	8000000c	00628263	beq	x5,x6,80000010	  x5:0x00000000  x6:0x00000000
          95000	         8	00000000	00000013	addi	x0,x0,0	  x0:0x00000000
         105000	         9	8000000c	00000013	addi	x0,x0,0	  x0:0x00000000
         115000	        10	80000010	00000f97	auipc	x31,0x0	 x31=0x8000000c
         125000	        11	80000014	00cf8f93	addi	x31,x31,12	 x31:0x8000000c x31=0x80000018
         135000	        12	80000018	000f8067	jalr	x0,x31,0	 x31:0x80000018
         145000	        13	00000000	00000013	addi	x0,x0,0	  x0:0x00000000
         155000	        14	80000018	00000013	addi	x0,x0,0	  x0:0x00000000
         165000	        15	8000001c	40000cb7	lui	x25,0x40000	 x25=0x40000000
         175000	        16	80000020	100c8c93	addi	x25,x25,256	 x25:0x40000000 x25=0x40000100
         185000	        17	80000024	00000013	addi	x0,x0,0	  x0:0x00000000
         195000	        18	80000028	0000a517	auipc	x10,0xa	 x10=0x8000a024
         205000	        19	8000002c	fa050513	addi	x10,x10,-96	 x10:0x8000a024 x10=0x80009fc4
         215000	        20	80000030	00007c97	auipc	x25,0x7	 x25=0x8000702c
         225000	        21	80000034	bacc8c93	addi	x25,x25,-1108	 x25:0x8000702c x25=0x80006bd8
         235000	        22	80000038	000cec93	ori	x25,x25,0	 x25:0x80006bd8 x25=0x80006bd8
         245000	        23	8000003c	00000013	addi	x0,x0,0	  x0:0x00000000
         255000	        24	80000040	00000c97	auipc	x25,0x0	 x25=0x8000003c
         265000	        25	80000044	020c8c93	addi	x25,x25,32	 x25:0x8000003c x25=0x8000005c
         275000	        26	80000048	00000013	addi	x0,x0,0	  x0:0x00000000
         285000	        27	8000004c	00000013	addi	x0,x0,0	  x0:0x00000000
         295000	        28	80000050	00002cb7	lui	x25,0x2	 x25=0x00002000
         305000	        29	80000054	800c8c93	addi	x25,x25,-2048	 x25:0x00002000 x25=0x00001800
         315000	        30	80000058	00000013	addi	x0,x0,0	  x0:0x00000000
         325000	        31	8000005c	00000013	addi	x0,x0,0	  x0:0x00000000
         335000	        32	80000060	e6c56037	lui	x0,0xe6c56	
         345000	        33	80000064	5d000013	addi	x0,x0,1488	  x0:0x00000000
         355000	        34	80000068	d32170b7	lui	x1,0xd3217	  x1=0xd3217000
         365000	        35	8000006c	b1608093	addi	x1,x1,-1258	  x1:0xd3217000  x1=0xd3216b16
         375000	        36	80000070	00000113	addi	x2,x0,0	  x0:0x00000000  x2=0x00000000
         385000	        37	80000074	800001b7	lui	x3,0x80000	  x3=0x80000000
         395000	        38	80000078	80000237	lui	x4,0x80000	  x4=0x80000000
         405000	        39	8000007c	00500293	addi	x5,x0,5	  x0:0x00000000  x5=0x00000005
         415000	        40	80000080	80000337	lui	x6,0x80000	  x6=0x80000000
         425000	        41	80000084	00200393	addi	x7,x0,2	  x0:0x00000000  x7=0x00000002
         435000	        42	80000088	80000437	lui	x8,0x80000	  x8=0x80000000
         445000	        43	8000008c	36f2c4b7	lui	x9,0x36f2c	  x9=0x36f2c000
         455000	        44	80000090	74548493	addi	x9,x9,1861	  x9:0x36f2c000  x9=0x36f2c745
         465000	        45	80000094	ff2835b7	lui	x11,0xff283	 x11=0xff283000
         475000	        46	80000098	87e58593	addi	x11,x11,-1922	 x11:0xff283000 x11=0xff28287e
         485000	        47	8000009c	886e9637	lui	x12,0x886e9	 x12=0x886e9000
         495000	        48	800000a0	da660613	addi	x12,x12,-602	 x12:0x886e9000 x12=0x886e8da6
         505000	        49	800000a4	800006b7	lui	x13,0x80000	 x13=0x80000000
         515000	        50	800000a8	80000737	lui	x14,0x80000	 x14=0x80000000
         525000	        51	800000ac	f6e6e7b7	lui	x15,0xf6e6e	 x15=0xf6e6e000
         535000	        52	800000b0	67d78793	addi	x15,x15,1661	 x15:0xf6e6e000 x15=0xf6e6e67d
         545000	        53	800000b4	00000813	addi	x16,x0,0	  x0:0x00000000 x16=0x00000000
         555000	        54	800000b8	800008b7	lui	x17,0x80000	 x17=0x80000000
         565000	        55	800000bc	80000937	lui	x18,0x80000	 x18=0x80000000
         575000	        56	800000c0	f34fda37	lui	x20,0xf34fd	 x20=0xf34fd000
         585000	        57	800000c4	652a0a13	addi	x20,x20,1618	 x20:0xf34fd000 x20=0xf34fd652
         595000	        58	800000c8	00300a93	addi	x21,x0,3	  x0:0x00000000 x21=0x00000003
         605000	        59	800000cc	00300b13	addi	x22,x0,3	  x0:0x00000000 x22=0x00000003
         615000	        60	800000d0	00000b93	addi	x23,x0,0	  x0:0x00000000 x23=0x00000000
         625000	        61	800000d4	0403ec37	lui	x24,0x403e	 x24=0x0403e000
         635000	        62	800000d8	3dcc0c13	addi	x24,x24,988	 x24:0x0403e000 x24=0x0403e3dc
         645000	        63	800000dc	a0a31cb7	lui	x25,0xa0a31	 x25=0xa0a31000
         655000	        64	800000e0	207c8c93	addi	x25,x25,519	 x25:0xa0a31000 x25=0xa0a31207
         665000	        65	800000e4	00000d13	addi	x26,x0,0	  x0:0x00000000 x26=0x00000000
         675000	        66	800000e8	00000d93	addi	x27,x0,0	  x0:0x00000000 x27=0x00000000
         685000	        67	800000ec	80000e37	lui	x28,0x80000	 x28=0x80000000
         695000	        68	800000f0	80000eb7	lui	x29,0x80000	 x29=0x80000000
         705000	        69	800000f4	f28fcf37	lui	x30,0xf28fc	 x30=0xf28fc000
         715000	        70	800000f8	fc9f0f13	addi	x30,x30,-55	 x30:0xf28fc000 x30=0xf28fbfc9
         725000	        71	800000fc	f55d8fb7	lui	x31,0xf55d8	 x31=0xf55d8000
         735000	        72	80000100	238f8f93	addi	x31,x31,568	 x31:0xf55d8000 x31=0xf55d8238
         745000	        73	80000104	0000a997	auipc	x19,0xa	 x19=0x8000a100
         755000	        74	80000108	e8498993	addi	x19,x19,-380	 x19:0x8000a100 x19=0x80009f84
         765000	        75	8000010c	00008717	auipc	x14,0x8	 x14=0x80008108
         775000	        76	80000110	40570713	addi	x14,x14,1029	 x14:0x80008108 x14=0x8000850d
         785000	        77	80000114	0088ee33	or	x28,x17,x8	 x17:0x80000000  x8:0x80000000 x28=0x80000000
         795000	        78	80000118	fef70c23	sb	x15,-8(x14)	 x14:0x8000850d x15:0xf6e6e67d PA:0x80008505
         805000	        79	8000011c	00f70523	sb	x15,10(x14)	 x14:0x8000850d x15:0xf6e6e67d PA:0x80008517
         815000	        80	80000120	00270e83	lb	x29,2(x14)	 x14:0x8000850d x29=0x00000000 PA:0x8000850f
         825000	        81	80000124	001700a3	sb	x1,1(x14)	 x14:0x8000850d  x1:0xd3216b16 PA:0x8000850e
         835000	        82	80000128	01d1ac33	slt	x24,x3,x29	  x3:0x80000000 x29:0x00000000 x24=0x00000001
         845000	        83	8000012c	fe970ea3	sb	x9,-3(x14)	 x14:0x8000850d  x9:0x36f2c745 PA:0x8000850a
         855000	        84	80000130	01e860b3	or	x1,x16,x30	 x16:0x00000000 x30:0xf28fbfc9  x1=0xf28fbfc9
         865000	        85	80000134	0179fb33	and	x22,x19,x23	 x19:0x80009f84 x23:0x00000000 x22=0x00000000
         875000	        86	80000138	8d0771b7	lui	x3,0x8d077	  x3=0x8d077000
         885000	        87	8000013c	ff974603	lbu	x12,-7(x14)	 x14:0x8000850d x12=0x00000000 PA:0x80008506
         895000	        88	80000140	fe4708a3	sb	x4,-15(x14)	 x14:0x8000850d  x4:0x80000000 PA:0x800084fe
         905000	        89	80000144	ff372383	lw	x7,-13(x14)	 x14:0x8000850d  x7=0x00000000 PA:0x80008500
         915000	        90	80000148	00974583	lbu	x11,9(x14)	 x14:0x8000850d x11=0x00000000 PA:0x80008516
         925000	        91	8000014c	0154da13	srli	x20,x9,0x15	  x9:0x36f2c745 x20=0x000001b7
         935000	        92	80000150	00a70d03	lb	x26,10(x14)	 x14:0x8000850d x26=0x0000007d PA:0x80008517
         945000	        93	80000154	ff575903	lhu	x18,-11(x14)	 x14:0x8000850d x18=0x00000000 PA:0x80008502
         955000	        94	00000000	00000013	addi	x0,x0,0	  x0:0x00000000
         965000	        95	80000158	ff274483	lbu	x9,-14(x14)	 x14:0x8000850d  x9=0x00000000 PA:0x800084ff
         975000	        96	8000015c	8efa7c13	andi	x24,x20,-1809	 x20:0x000001b7 x24=0x000000a7
         985000	        97	80000160	00474c83	lbu	x25,4(x14)	 x14:0x8000850d x25=0x00000000 PA:0x80008511
         995000	        98	80000164	01f70623	sb	x31,12(x14)	 x14:0x8000850d x31:0xf55d8238 PA:0x80008519
        1005000	        99	80000168	b4b8ba13	sltiu	x20,x17,-1205	 x17:0x80000000 x20=0x00000001
        1015000	       100	8000016c	019b3133	sltu	x2,x22,x25	 x22:0x00000000 x25:0x00000000  x2=0x00000000
        1025000	       101	80000170	ff974883	lbu	x17,-7(x14)	 x14:0x8000850d x17=0x00000000 PA:0x80008506
        1035000	       102	80000174	fee70923	sb	x14,-14(x14)	 x14:0x8000850d x14:0x8000850d PA:0x800084ff
        1045000	       103	80000178	71f22b93	slti	x23,x4,1823	  x4:0x80000000 x23=0x00000001
        1055000	       104	8000017c	01ccdf13	srli	x30,x25,0x1c	 x25:0x00000000 x30=0x00000000
        1065000	       105	80000180	ffc70ea3	sb	x28,-3(x14)	 x14:0x8000850d x28:0x80000000 PA:0x8000850a
        1075000	       106	80000184	f3ba1697	auipc	x13,0xf3ba1	 x13=0x73ba1180
        1085000	       107	80000188	ff775903	lhu	x18,-9(x14)	 x14:0x8000850d x18=0x00007d00 PA:0x80008504
        1095000	       108	8000018c	ff370823	sb	x19,-16(x14)	 x14:0x8000850d x19:0x80009f84 PA:0x800084fd
        1105000	       109	80000190	ffa70923	sb	x26,-14(x14)	 x14:0x8000850d x26:0x0000007d PA:0x800084ff
        1115000	       110	80000194	00a3fcb3	and	x25,x7,x10	  x7:0x00000000 x10:0x80009fc4 x25=0x00000000
        1125000	       111	80000198	ff870383	lb	x7,-8(x14)	 x14:0x8000850d  x7=0x0000007d PA:0x80008505
        1135000	       112	8000019c	00de86b3	add	x13,x29,x13	 x29:0x00000000 x13:0x73ba1180 x13=0x73ba1180
        1145000	       113	800001a0	00d70723	sb	x13,14(x14)	 x14:0x8000850d x13:0x73ba1180 PA:0x8000851b
        1155000	       114	800001a4	00009117	auipc	x2,0x9	  x2=0x800091a0
        1165000	       115	800001a8	b3810113	addi	x2,x2,-1224	  x2:0x800091a0  x2=0x80008cd8
        1175000	       116	800001ac	f1714583	lbu	x11,-233(x2)	  x2:0x80008cd8 x11=0x00000000 PA:0x80008bef
        1185000	       117	800001b0	f8914303	lbu	x6,-119(x2)	  x2:0x80008cd8  x6=0x00000000 PA:0x80008c61
        1195000	       118	800001b4	ba310003	lb	x0,-1117(x2)	  x2:0x80008cd8 PA:0x8000887b
        1205000	       119	800001b8	d7a10903	lb	x18,-646(x2)	  x2:0x80008cd8 x18=0x00000000 PA:0x80008a52
        1215000	       120	800001bc	0a722a93	slti	x21,x4,167	  x4:0x80000000 x21=0x00000001
        1225000	       121	800001c0	00622a33	slt	x20,x4,x6	  x4:0x80000000  x6:0x00000000 x20=0x00000001
        1235000	       122	800001c4	f1f104a3	sb	x31,-247(x2)	  x2:0x80008cd8 x31:0xf55d8238 PA:0x80008be1
        1245000	       123	800001c8	b8511123	sh	x5,-1150(x2)	  x2:0x80008cd8  x5:0x00000005 PA:0x8000885a
        1255000	       124	800001cc	1c214f03	lbu	x30,450(x2)	  x2:0x80008cd8 x30=0x00000000 PA:0x80008e9a
        1265000	       125	800001d0	1b210fa3	sb	x18,447(x2)	  x2:0x80008cd8 x18:0x00000000 PA:0x80008e97
        1275000	       126	800001d4	16314703	lbu	x14,355(x2)	  x2:0x80008cd8 x14=0x00000000 PA:0x80008e3b
        1285000	       127	800001d8	be012c83	lw	x25,-1056(x2)	  x2:0x80008cd8 x25=0x00000000 PA:0x800088b8
        1295000	       128	800001dc	41dbd193	srai	x3,x23,0x1d	 x23:0x00000001  x3=0x00000000
        1305000	       129	800001e0	01d445b3	xor	x11,x8,x29	  x8:0x80000000 x29:0x00000000 x11=0x80000000
        1315000	       130	800001e4	dd411c83	lh	x25,-556(x2)	  x2:0x80008cd8 x25=0x00000000 PA:0x80008aac
        1325000	       131	800001e8	016d1833	sll	x16,x26,x22	 x26:0x0000007d x22:0x00000000 x16=0x0000007d
        1335000	       132	800001ec	bf710a03	lb	x20,-1033(x2)	  x2:0x80008cd8 x20=0x00000000 PA:0x800088cf
        1345000	       133	800001f0	00f32033	slt	x0,x6,x15	  x6:0x00000000 x15:0xf6e6e67d
        1355000	       134	800001f4	ebf14603	lbu	x12,-321(x2)	  x2:0x80008cd8 x12=0x00000000 PA:0x80008b97
        1365000	       135	800001f8	d7811383	lh	x7,-648(x2)	  x2:0x80008cd8  x7=0x00000000 PA:0x80008a50
        1375000	       136	800001fc	2a611d23	sh	x6,698(x2)	  x2:0x80008cd8  x6:0x00000000 PA:0x80008f92
        1385000	       137	80000200	01665193	srli	x3,x12,0x16	 x12:0x00000000  x3=0x00000000
        1395000	       138	80000204	edb14003	lbu	x0,-293(x2)	  x2:0x80008cd8 PA:0x80008bb3
        1405000	       139	80000208	00e0cbb3	xor	x23,x1,x14	  x1:0xf28fbfc9 x14:0x00000000 x23=0xf28fbfc9
        1415000	       140	8000020c	c3910c03	lb	x24,-967(x2)	  x2:0x80008cd8 x24=0x00000000 PA:0x80008911
        1425000	       141	80000210	ebf14203	lbu	x4,-321(x2)	  x2:0x80008cd8  x4=0x00000000 PA:0x80008b97
        1435000	       142	80000214	d5b11323	sh	x27,-698(x2)	  x2:0x80008cd8 x27:0x00000000 PA:0x80008a1e
        1445000	       143	80000218	017ab333	sltu	x6,x21,x23	 x21:0x00000001 x23:0xf28fbfc9  x6=0x00000001
        1455000	       144	8000021c	23214e83	lbu	x29,562(x2)	  x2:0x80008cd8 x29=0x00000000 PA:0x80008f0a
        1465000	       145	80000220	0ff14003	lbu	x0,255(x2)	  x2:0x80008cd8 PA:0x80008dd7
        1475000	       146	80000224	01403c33	sltu	x24,x0,x20	  x0:0x00000000 x20:0x00000000 x24=0x00000000
        1485000	       147	80000228	03811783	lh	x15,56(x2)	  x2:0x80008cd8 x15=0x00000000 PA:0x80008d10
        1495000	       148	8000022c	1fe15403	lhu	x8,510(x2)	  x2:0x80008cd8  x8=0x00000000 PA:0x80008ed6
        1505000	       149	80000230	22615283	lhu	x5,550(x2)	  x2:0x80008cd8  x5=0x00000000 PA:0x80008efe
        1515000	       150	80000234	0b211223	sh	x18,164(x2)	  x2:0x80008cd8 x18:0x00000000 PA:0x80008d7c
        1525000	       151	80000238	f60104a3	sb	x0,-151(x2)	  x2:0x80008cd8  x0:0x00000000 PA:0x80008c41
        1535000	       152	8000023c	2a211403	lh	x8,674(x2)	  x2:0x80008cd8  x8=0x00000000 PA:0x80008f7a
        1545000	       153	00000000	00000013	addi	x0,x0,0	  x0:0x00000000
        1555000	       154	80000240	28814903	lbu	x18,648(x2)	  x2:0x80008cd8 x18=0x00000000 PA:0x80008f60
        1565000	       155	80000244	f2b10403	lb	x8,-213(x2)	  x2:0x80008cd8  x8=0x00000000 PA:0x80008c03
        1575000	       156	80000248	00009117	auipc	x2,0x9	  x2=0x80009244
        1585000	       157	8000024c	a3010113	addi	x2,x2,-1488	  x2:0x80009244  x2=0x80008c74
        1595000	       158	80000250	41448d33	sub	x26,x9,x20	  x9:0x00000000 x20:0x00000000 x26=0x00000000
        1605000	       159	80000254	c70108a3	sb	x16,-911(x2)	  x2:0x80008c74 x16:0x0000007d PA:0x800088e5
        1615000	       160	80000258	f6011b23	sh	x0,-138(x2)	  x2:0x80008c74  x0:0x00000000 PA:0x80008bea
        1625000	       161	8000025c	0b2103a3	sb	x18,167(x2)	  x2:0x80008c74 x18:0x00000000 PA:0x80008d1b
        1635000	       162	80000260	c1211703	lh	x14,-1006(x2)	  x2:0x80008c74 x14=0x00000000 PA:0x80008886
        1645000	       163	80000264	019f7033	and	x0,x30,x25	 x30:0x00000000 x25:0x00000000
        1655000	       164	80000268	01e104a3	sb	x30,9(x2)	  x2:0x80008c74 x30:0x00000000 PA:0x80008c7d
        1665000	       165	8000026c	f7a105a3	sb	x26,-149(x2)	  x2:0x80008c74 x26:0x00000000 PA:0x80008bdf
        1675000	       166	80000270	0028aa33	slt	x20,x17,x2	 x17:0x00000000  x2:0x80008c74 x20=0x00000000
        1685000	       167	80000274	e3b10c03	lb	x24,-453(x2)	  x2:0x80008c74 x24=0x00000000 PA:0x80008aaf
        1695000	       168	80000278	30610d23	sb	x6,794(x2)	  x2:0x80008c74  x6:0x00000001 PA:0x80008f8e
        1705000	       169	8000027c	fa412403	lw	x8,-92(x2)	  x2:0x80008c74  x8=0x00000000 PA:0x80008c18
        1715000	       170	80000280	f2615f03	lhu	x30,-218(x2)	  x2:0x80008c74 x30=0x00000000 PA:0x80008b9a
        1725000	       171	80000284	e2611223	sh	x6,-476(x2)	  x2:0x80008c74  x6:0x00000001 PA:0x80008a98
        1735000	       172	80000288	c56b0e93	addi	x29,x22,-938	 x22:0x00000000 x29=0xfffffc56
        1745000	       173	8000028c	e5911623	sh	x25,-436(x2)	  x2:0x80008c74 x25:0x00000000 PA:0x80008ac0
        1755000	       174	80000290	00401b13	slli	x22,x0,0x4	  x0:0x00000000 x22=0x00000000
        1765000	       175	80000294	e3314c83	lbu	x25,-461(x2)	  x2:0x80008c74 x25=0x00000000 PA:0x80008aa7
        1775000	       176	80000298	ccc10283	lb	x5,-820(x2)	  x2:0x80008c74  x5=0x00000000 PA:0x80008940
        1785000	       177	8000029c	53f90293	addi	x5,x18,1343	 x18:0x00000000  x5=0x0000053f
        1795000	       178	800002a0	13410e83	lb	x29,308(x2)	  x2:0x80008c74 x29=0x00000000 PA:0x80008da8
        1805000	       179	800002a4	bcd14d83	lbu	x27,-1075(x2)	  x2:0x80008c74 x27=0x00000000 PA:0x80008841
        1815000	       180	800002a8	cdd10383	lb	x7,-803(x2)	  x2:0x80008c74  x7=0x00000000 PA:0x80008951
        1825000	       181	00000000	00000013	addi	x0,x0,0	  x0:0x00000000
        1835000	       182	800002ac	007b9193	slli	x3,x23,0x7	 x23:0xf28fbfc9  x3=0x47dfe480
        1845000	       183	800002b0	01619413	slli	x8,x3,0x16	  x3:0x47dfe480  x8=0x20000000
        1855000	       184	800002b4	01455093	srli	x1,x10,0x14	 x10:0x80009fc4  x1=0x00000800
        1865000	       185	800002b8	d2714d83	lbu	x27,-729(x2)	  x2:0x80008c74 x27=0x00000000 PA:0x8000899b
        1875000	       186	800002bc	dd910783	lb	x15,-551(x2)	  x2:0x80008c74 x15=0x00000000 PA:0x80008a4d
        1885000	       187	800002c0	8bde7193	andi	x3,x28,-1859	 x28:0x80000000  x3=0x80000000
        1895000	       188	800002c4	01361f13	slli	x30,x12,0x13	 x12:0x00000000 x30=0x00000000
        1905000	       189	800002c8	ef811d03	lh	x26,-264(x2)	  x2:0x80008c74 x26=0x00000000 PA:0x80008b6c
        1915000	       190	800002cc	fa811523	sh	x8,-86(x2)	  x2:0x80008c74  x8:0x20000000 PA:0x80008c1e
        1925000	       191	800002d0	014016b3	sll	x13,x0,x20	  x0:0x00000000 x20:0x00000000 x13=0x00000000
        1935000	       192	800002d4	21015d83	lhu	x27,528(x2)	  x2:0x80008c74 x27=0x00000000 PA:0x80008e84
        1945000	       193	800002d8	6b04e013	ori	x0,x9,1712	  x9:0x00000000
        1955000	       194	800002dc	01b651b3	srl	x3,x12,x27	 x12:0x00000000 x27:0x00000000  x3=0x00000000
        1965000	       195	800002e0	1ba10123	sb	x26,418(x2)	  x2:0x80008c74 x26:0x00000000 PA:0x80008e16
        1975000	       196	800002e4	d7510903	lb	x18,-651(x2)	  x2:0x80008c74 x18=0x00000000 PA:0x800089e9
        1985000	       197	800002e8	015692b3	sll	x5,x13,x21	 x13:0x00000000 x21:0x00000001  x5=0x00000000
        1995000	       198	800002ec	bbc107a3	sb	x28,-1105(x2)	  x2:0x80008c74 x28:0x80000000 PA:0x80008823
        2005000	       199	800002f0	f7114e83	lbu	x29,-143(x2)	  x2:0x80008c74 x29=0x00000000 PA:0x80008be5
        2015000	       200	800002f4	f7410f03	lb	x30,-140(x2)	  x2:0x80008c74 x30=0x00000000 PA:0x80008be8
        2025000	       201	800002f8	00008117	auipc	x2,0x8	  x2=0x800082f4
        2035000	       202	800002fc	4ec10113	addi	x2,x2,1260	  x2:0x800082f4  x2=0x800087e0
        2045000	       203	80000300	00245e13	srli	x28,x8,0x2	  x8:0x20000000 x28=0x08000000
        2055000	       204	80000304	fdd10023	sb	x29,-64(x2)	  x2:0x800087e0 x29:0x00000000 PA:0x800087a0
        2065000	       205	80000308	02411a83	lh	x21,36(x2)	  x2:0x800087e0 x21=0x00000000 PA:0x80008804
        2075000	       206	8000030c	41c453b3	sra	x7,x8,x28	  x8:0x20000000 x28:0x08000000  x7=0x20000000
        2085000	       207	80000310	41f8dc93	srai	x25,x17,0x1f	 x17:0x00000000 x25=0x00000000
        2095000	       208	80000314	00614403	lbu	x8,6(x2)	  x2:0x800087e0  x8=0x00000000 PA:0x800087e6
        2105000	       209	80000318	fd714c83	lbu	x25,-41(x2)	  x2:0x800087e0 x25=0x00000000 PA:0x800087b7
        2115000	       210	8000031c	fca10023	sb	x10,-64(x2)	  x2:0x800087e0 x10:0x80009fc4 PA:0x800087a0
        2125000	       211	80000320	01ac5e93	srli	x29,x24,0x1a	 x24:0x00000000 x29=0x00000000
        2135000	       212	80000324	559d3813	sltiu	x16,x26,1369	 x26:0x00000000 x16=0x00000001
        2145000	       213	80000328	ff310383	lb	x7,-13(x2)	  x2:0x800087e0  x7=0x00000000 PA:0x800087d3
        2155000	       214	8000032c	00465433	srl	x8,x12,x4	 x12:0x00000000  x4:0x00000000  x8=0x00000000
        2165000	       215	80000330	00d14c83	lbu	x25,13(x2)	  x2:0x800087e0 x25=0x00000000 PA:0x800087ed
        2175000	       216	80000334	00815883	lhu	x17,8(x2)	  x2:0x800087e0 x17=0x00000000 PA:0x800087e8
        2185000	       217	80000338	01bf2933	slt	x18,x30,x27	 x30:0x00000000 x27:0x00000000 x18=0x00000000
        2195000	       218	8000033c	fd012683	lw	x13,-48(x2)	  x2:0x800087e0 x13=0x00000000 PA:0x800087b0
        2205000	       219	80000340	ffe10aa3	sb	x30,-11(x2)	  x2:0x800087e0 x30:0x00000000 PA:0x800087d5
        2215000	       220	80000344	014794b3	sll	x9,x15,x20	 x15:0x00000000 x20:0x00000000  x9=0x00000000
        2225000	       221	80000348	01f007b3	add	x15,x0,x31	  x0:0x00000000 x31:0xf55d8238 x15=0xf55d8238
        2235000	       222	8000034c	003ff2b3	and	x5,x31,x3	 x31:0xf55d8238  x3:0x00000000  x5=0x00000000
        2245000	       223	80000350	fdb14f03	lbu	x30,-37(x2)	  x2:0x800087e0 x30=0x00000000 PA:0x800087bb
        2255000	       224	80000354	40cada13	srai	x20,x21,0xc	 x21:0x00000000 x20=0x00000000
        2265000	       225	80000358	ffd11823	sh	x29,-16(x2)	  x2:0x800087e0 x29:0x00000000 PA:0x800087d0
        2275000	       226	8000035c	fdd10a03	lb	x20,-35(x2)	  x2:0x800087e0 x20=0x00000000 PA:0x800087bd
        2285000	       227	80000360	fd510da3	sb	x21,-37(x2)	  x2:0x800087e0 x21:0x00000000 PA:0x800087bb
        2295000	       228	80000364	89228c13	addi	x24,x5,-1902	  x5:0x00000000 x24=0xfffff892
        2305000	       229	80000368	fa7c6a93	ori	x21,x24,-89	 x24:0xfffff892 x21=0xffffffb7
        2315000	       230	8000036c	fd214783	lbu	x15,-46(x2)	  x2:0x800087e0 x15=0x00000000 PA:0x800087b2
        2325000	       231	80000370	01e22ab3	slt	x21,x4,x30	  x4:0x00000000 x30:0x00000000 x21=0x00000000
        2335000	       232	80000374	fea12e23	sw	x10,-4(x2)	  x2:0x800087e0 x10:0x80009fc4 PA:0x800087dc
        2345000	       233	80000378	ff811583	lh	x11,-8(x2)	  x2:0x800087e0 x11=0x00000000 PA:0x800087d8
        2355000	       234	8000037c	00cd2333	slt	x6,x26,x12	 x26:0x00000000 x12:0x00000000  x6=0x00000000
        2365000	       235	80000380	fc910003	lb	x0,-55(x2)	  x2:0x800087e0 PA:0x800087a9
        2375000	       236	80000384	fd810aa3	sb	x24,-43(x2)	  x2:0x800087e0 x24:0xfffff892 PA:0x800087b5
        2385000	       237	80000388	ebaef413	andi	x8,x29,-326	 x29:0x00000000  x8=0x00000000
        2395000	       238	8000038c	fed14683	lbu	x13,-19(x2)	  x2:0x800087e0 x13=0x00000000 PA:0x800087cd
        2405000	       239	80000390	00008117	auipc	x2,0x8	  x2=0x8000838c
        2415000	       240	80000394	7c010113	addi	x2,x2,1984	  x2:0x8000838c  x2=0x80008b4c
        2425000	       241	80000398	41314a03	lbu	x20,1043(x2)	  x2:0x80008b4c x20=0x00000000 PA:0x80008f5f
        2435000	       242	8000039c	01c31013	slli	x0,x6,0x1c	  x6:0x00000000
        2445000	       243	800003a0	15215d03	lhu	x26,338(x2)	  x2:0x80008b4c x26=0x00000000 PA:0x80008c9e
        2455000	       244	800003a4	eac11623	sh	x12,-340(x2)	  x2:0x80008b4c x12:0x00000000 PA:0x800089f8
        2465000	       245	800003a8	011d08b3	add	x17,x26,x17	 x26:0x00000000 x17:0x00000000 x17=0x00000000
        2475000	       246	800003ac	f1514a83	lbu	x21,-235(x2)	  x2:0x80008b4c x21=0x00000000 PA:0x80008a61
        2485000	       247	800003b0	09614883	lbu	x17,150(x2)	  x2:0x80008b4c x17=0x00000000 PA:0x80008be2
        2495000	       248	800003b4	0049e233	or	x4,x19,x4	 x19:0x80009f84  x4:0x00000000  x4=0x80009f84
        2505000	       249	800003b8	b8c9e913	ori	x18,x19,-1140	 x19:0x80009f84 x18=0xffffff8c
        2515000	       250	800003bc	032c2eb7	lui	x29,0x32c2	 x29=0x032c2000
        2525000	       251	800003c0	00000013	addi	x0,x0,0	  x0:0x00000000
        2535000	       252	800003c4	d3610a83	lb	x21,-714(x2)	  x2:0x80008b4c x21=0x00000000 PA:0x80008882
        2545000	       253	800003c8	e0556693	ori	x13,x10,-507	 x10:0x80009fc4 x13=0xffffffc5
        2555000	       254	800003cc	48510a83	lb	x21,1157(x2)	  x2:0x80008b4c x21=0x00000000 PA:0x80008fd1
        2565000	       255	800003d0	fe114403	lbu	x8,-31(x2)	  x2:0x80008b4c  x8=0x00000000 PA:0x80008b2d
        2575000	       256	800003d4	dca11603	lh	x12,-566(x2)	  x2:0x80008b4c x12=0x00000000 PA:0x80008916
        2585000	       257	800003d8	eadba493	slti	x9,x23,-339	 x23:0xf28fbfc9  x9=0x00000001
        2595000	       258	800003dc	00fe4b33	xor	x22,x28,x15	 x28:0x08000000 x15:0x00000000 x22=0x08000000
        2605000	       259	800003e0	0ec12083	lw	x1,236(x2)	  x2:0x80008b4c  x1=0x00000000 PA:0x80008c38
        2615000	       260	800003e4	45210a83	lb	x21,1106(x2)	  x2:0x80008b4c x21=0x00000000 PA:0x80008f9e
        2625000	       261	800003e8	40028b33	sub	x22,x5,x0	  x5:0x00000000  x0:0x00000000 x22=0x00000000
        2635000	       262	800003ec	e2714703	lbu	x14,-473(x2)	  x2:0x80008b4c x14=0x00000000 PA:0x80008973
        2645000	       263	800003f0	f9012e03	lw	x28,-112(x2)	  x2:0x80008b4c x28=0x00000000 PA:0x80008adc
        2655000	       264	800003f4	05a10783	lb	x15,90(x2)	  x2:0x80008b4c x15=0x00000000 PA:0x80008ba6
        2665000	       265	800003f8	00b534b3	sltu	x9,x10,x11	 x10:0x80009fc4 x11:0x00000000  x9=0x00000000
        2675000	       266	800003fc	9d534a93	xori	x21,x6,-1579	  x6:0x00000000 x21=0xfffff9d5
        2685000	       267	80000400	31ae3713	sltiu	x14,x28,794	 x28:0x00000000 x14=0x00000001
        2695000	       268	80000404	490c4313	xori	x6,x24,1168	 x24:0xfffff892  x6=0xfffffc02
        2705000	       269	80000408	487109a3	sb	x7,1171(x2)	  x2:0x80008b4c  x7:0x00000000 PA:0x80008fdf
        2715000	       270	8000040c	d3f14603	lbu	x12,-705(x2)	  x2:0x80008b4c x12=0x00000000 PA:0x8000888b
        2725000	       271	80000410	4191d193	srai	x3,x3,0x19	  x3:0x00000000  x3=0x00000000
        2735000	       272	80000414	0181d913	srli	x18,x3,0x18	  x3:0x00000000 x18=0x00000000
        2745000	       273	80000418	f3b10ca3	sb	x27,-199(x2)	  x2:0x80008b4c x27:0x00000000 PA:0x80008a85
        2755000	       274	8000041c	e0812b83	lw	x23,-504(x2)	  x2:0x80008b4c x23=0x00000000 PA:0x80008954
        2765000	       275	80000420	ede15a03	lhu	x20,-290(x2)	  x2:0x80008b4c x20=0x00000000 PA:0x80008a2a
        2775000	       276	80000424	523bdbb7	lui	x23,0x523bd	 x23=0x523bd000
        2785000	       277	80000428	e063fc93	andi	x25,x7,-506	  x7:0x00000000 x25=0x00000000
        2795000	       278	8000042c	0fc10903	lb	x18,252(x2)	  x2:0x80008b4c x18=0x00000000 PA:0x80008c48
        2805000	       279	00000000	00000013	addi	x0,x0,0	  x0:0x00000000
        2815000	       280	80000430	41995833	sra	x16,x18,x25	 x18:0x00000000 x25:0x00000000 x16=0x00000000
        2825000	       281	80000434	00938d33	add	x26,x7,x9	  x7:0x00000000  x9:0x00000000 x26=0x00000000
        2835000	       282	80000438	4111d8b3	sra	x17,x3,x17	  x3:0x00000000 x17:0x00000000 x17=0x00000000
        2845000	       283	8000043c	55992893	slti	x17,x18,1369	 x18:0x00000000 x17=0x00000001
        2855000	       284	80000440	c9fe1b97	auipc	x23,0xc9fe1	 x23=0x49fe143c
        2865000	       285	80000444	48266a13	ori	x20,x12,1154	 x12:0x00000000 x20=0x00000482
        2875000	       286	80000448	ed310003	lb	x0,-301(x2)	  x2:0x80008b4c PA:0x80008a1f
        2885000	       287	8000044c	f2210ea3	sb	x2,-195(x2)	  x2:0x80008b4c  x2:0x80008b4c PA:0x80008a89
        2895000	       288	80000450	00008217	auipc	x4,0x8	  x4=0x8000844c
        2905000	       289	80000454	79b20213	addi	x4,x4,1947	  x4:0x8000844c  x4=0x80008be7
        2915000	       290	80000458	fca20023	sb	x10,-64(x4)	  x4:0x80008be7 x10:0x80009fc4 PA:0x80008ba7
        2925000	       291	8000045c	40620a33	sub	x20,x4,x6	  x4:0x80008be7  x6:0xfffffc02 x20=0x80008fe5
        2935000	       292	80000460	1b620323	sb	x22,422(x4)	  x4:0x80008be7 x22:0x00000000 PA:0x80008d8d
        2945000	       293	80000464	3dc20083	lb	x1,988(x4)	  x4:0x80008be7  x1=0x00000000 PA:0x80008fc3
        2955000	       294	80000468	c3324303	lbu	x6,-973(x4)	  x4:0x80008be7  x6=0x00000000 PA:0x8000881a
        2965000	       295	8000046c	019a9633	sll	x12,x21,x25	 x21:0xfffff9d5 x25:0x00000000 x12=0xfffff9d5
        2975000	       296	80000470	13f25b03	lhu	x22,319(x4)	  x4:0x80008be7 x22=0x00000000 PA:0x80008d26
        2985000	       297	80000474	002fd913	srli	x18,x31,0x2	 x31:0xf55d8238 x18=0x3d57608e
        2995000	       298	80000478	40fa8ab3	sub	x21,x21,x15	 x21:0xfffff9d5 x15:0x00000000 x21=0xfffff9d5
        3005000	       299	8000047c	40d706b3	sub	x13,x14,x13	 x14:0x00000001 x13:0xffffffc5 x13=0x0000003c
        3015000	       300	80000480	e7524a03	lbu	x20,-395(x4)	  x4:0x80008be7 x20=0x00000000 PA:0x80008a5c
        3025000	       301	80000484	29724f03	lbu	x30,663(x4)	  x4:0x80008be7 x30=0x00000000 PA:0x80008e7e
        3035000	       302	80000488	1a520ea3	sb	x5,445(x4)	  x4:0x80008be7  x5:0x00000000 PA:0x80008da4
        3045000	       303	8000048c	18120683	lb	x13,385(x4)	  x4:0x80008be7 x13=0x00000000 PA:0x80008d68
        3055000	       304	80000490	416b0e33	sub	x28,x22,x22	 x22:0x00000000 x22:0x00000000 x28=0x00000000
        3065000	       305	80000494	40fdd493	srai	x9,x27,0xf	 x27:0x00000000  x9=0x00000000
        3075000	       306	80000498	00eb94b3	sll	x9,x23,x14	 x23:0x49fe143c x14:0x00000001  x9=0x93fc2878
        3085000	       307	8000049c	3bb21003	lh	x0,955(x4)	  x4:0x80008be7 PA:0x80008fa2
        3095000	       308	800004a0	00fe0c33	add	x24,x28,x15	 x28:0x00000000 x15:0x00000000 x24=0x00000000
        3105000	       309	800004a4	00dcf3b3	and	x7,x25,x13	 x25:0x00000000 x13:0x00000000  x7=0x00000000
        3115000	       310	800004a8	5b30ee37	lui	x28,0x5b30e	 x28=0x5b30e000
        3125000	       311	800004ac	003adc93	srli	x25,x21,0x3	 x21:0xfffff9d5 x25=0x1fffff3a
        3135000	       312	800004b0	0ff200a3	sb	x31,225(x4)	  x4:0x80008be7 x31:0xf55d8238 PA:0x80008cc8
        3145000	       313	800004b4	29c24103	lbu	x2,668(x4)	  x4:0x80008be7  x2=0x00000000 PA:0x80008e83
        3155000	       314	800004b8	0b786893	ori	x17,x16,183	 x16:0x00000000 x17=0x000000b7
        3165000	       315	800004bc	dae24b83	lbu	x23,-594(x4)	  x4:0x80008be7 x23=0x00000000 PA:0x80008995
        3175000	       316	800004c0	8c5e2b13	slti	x22,x28,-1851	 x28:0x5b30e000 x22=0x00000000
        3185000	       317	800004c4	d0324383	lbu	x7,-765(x4)	  x4:0x80008be7  x7=0x00000000 PA:0x800088ea
        3195000	       318	800004c8	0094abb3	slt	x23,x9,x9	  x9:0x93fc2878  x9:0x93fc2878 x23=0x00000000
        3205000	       319	800004cc	14332a37	lui	x20,0x14332	 x20=0x14332000
        3215000	       320	800004d0	d6120583	lb	x11,-671(x4)	  x4:0x80008be7 x11=0x00000000 PA:0x80008948
        3225000	       321	800004d4	005666b3	or	x13,x12,x5	 x12:0xfffff9d5  x5:0x00000000 x13=0xfffff9d5
        3235000	       322	800004d8	168211a3	sh	x8,355(x4)	  x4:0x80008be7  x8:0x00000000 PA:0x80008d4a
        3245000	       323	800004dc	10921b83	lh	x23,265(x4)	  x4:0x80008be7 x23=0x00000000 PA:0x80008cf0
        3255000	       324	800004e0	19320c03	lb	x24,403(x4)	  x4:0x80008be7 x24=0x00000000 PA:0x80008d7a
        3265000	       325	800004e4	16924b83	lbu	x23,361(x4)	  x4:0x80008be7 x23=0x00000000 PA:0x80008d50
        3275000	       326	800004e8	cc420583	lb	x11,-828(x4)	  x4:0x80008be7 x11=0x00000000 PA:0x800088ab
        3285000	       327	800004ec	00009117	auipc	x2,0x9	  x2=0x800094e8
        3295000	       328	800004f0	a1a10113	addi	x2,x2,-1510	  x2:0x800094e8  x2=0x80008f02
        3305000	       329	800004f4	013dbcb3	sltu	x25,x27,x19	 x27:0x00000000 x19:0x80009f84 x25=0x00000001
        3315000	       330	800004f8	fac101a3	sb	x12,-93(x2)	  x2:0x80008f02 x12:0xfffff9d5 PA:0x80008ea5
        3325000	       331	800004fc	72bc0c13	addi	x24,x24,1835	 x24:0x00000000 x24=0x0000072b
        3335000	       332	80000500	01c0ed33	or	x26,x1,x28	  x1:0x00000000 x28:0x5b30e000 x26=0x5b30e000
        3345000	       333	80000504	000b23b3	slt	x7,x22,x0	 x22:0x00000000  x0:0x00000000  x7=0x00000000
        3355000	       334	80000508	41b4db93	srai	x23,x9,0x1b	  x9:0x93fc2878 x23=0xfffffff2
        3365000	       335	8000050c	004358b3	srl	x17,x6,x4	  x6:0x00000000  x4:0x80008be7 x17=0x00000000
        3375000	       336	80000510	02411b23	sh	x4,54(x2)	  x2:0x80008f02  x4:0x80008be7 PA:0x80008f38
        3385000	       337	80000514	fa714d03	lbu	x26,-89(x2)	  x2:0x80008f02 x26=0x00000000 PA:0x80008ea9
        3395000	       338	80000518	aabfa213	slti	x4,x31,-1365	 x31:0xf55d8238  x4=0x00000001
        3405000	       339	8000051c	003c5793	srli	x15,x24,0x3	 x24:0x0000072b x15=0x000000e5
        3415000	       340	80000520	00415a93	srli	x21,x2,0x4	  x2:0x80008f02 x21=0x080008f0
        3425000	       341	80000524	0031d733	srl	x14,x3,x3	  x3:0x00000000  x3:0x00000000 x14=0x00000000
        3435000	       342	80000528	0176a0b3	slt	x1,x13,x23	 x13:0xfffff9d5 x23:0xfffffff2  x1=0x00000001
        3445000	       343	8000052c	f0a12783	lw	x15,-246(x2)	  x2:0x80008f02 x15=0x00000000 PA:0x80008e0c
        3455000	       344	80000530	fcc14403	lbu	x8,-52(x2)	  x2:0x80008f02  x8=0x00000000 PA:0x80008ece
        3465000	       345	80000534	fa614d03	lbu	x26,-90(x2)	  x2:0x80008f02 x26=0x00000000 PA:0x80008ea8
        3475000	       346	80000538	f6610403	lb	x8,-154(x2)	  x2:0x80008f02  x8=0x00000000 PA:0x80008e68
        3485000	       347	8000053c	009ede13	srli	x28,x29,0x9	 x29:0x032c2000 x28=0x00019610
        3495000	       348	80000540	868dba13	sltiu	x20,x27,-1944	 x27:0x00000000 x20=0x00000001
        3505000	       349	80000544	01a75eb3	srl	x29,x14,x26	 x14:0x00000000 x26:0x00000000 x29=0x00000000
        3515000	       350	80000548	f49b4313	xori	x6,x22,-183	 x22:0x00000000  x6=0xffffff49
        3525000	       351	8000054c	5cf8c413	xori	x8,x17,1487	 x17:0x00000000  x8=0x000005cf
        3535000	       352	80000550	f8714b83	lbu	x23,-121(x2)	  x2:0x80008f02 x23=0x00000000 PA:0x80008e89
        3545000	       353	80000554	fbd11623	sh	x29,-84(x2)	  x2:0x80008f02 x29:0x00000000 PA:0x80008eae
        3555000	       354	80000558	017d5cb3	srl	x25,x26,x23	 x26:0x00000000 x23:0x00000000 x25=0x00000000
        3565000	       355	8000055c	c9650d13	addi	x26,x10,-874	 x10:0x80009fc4 x26=0x80009c5a
        3575000	       356	80000560	00d07e33	and	x28,x0,x13	  x0:0x00000000 x13:0xfffff9d5 x28=0x00000000
        3585000	       357	80000564	01de70b3	and	x1,x28,x29	 x28:0x00000000 x29:0x00000000  x1=0x00000000
        3595000	       358	80000568	ac168b93	addi	x23,x13,-1343	 x13:0xfffff9d5 x23=0xfffff496
        3605000	       359	8000056c	80728d93	addi	x27,x5,-2041	  x5:0x00000000 x27=0xfffff807
        3615000	       360	80000570	fd510d83	lb	x27,-43(x2)	  x2:0x80008f02 x27=0x00000000 PA:0x80008ed7
        3625000	       361	80000574	010cc833	xor	x16,x25,x16	 x25:0x00000000 x16:0x00000000 x16=0x00000000
        3635000	       362	80000578	68c67d17	auipc	x26,0x68c67	 x26=0xe8c67574
        3645000	       363	8000057c	40b30733	sub	x14,x6,x11	  x6:0xffffff49 x11:0x00000000 x14=0xffffff49
        3655000	       364	80000580	00e7a2b3	slt	x5,x15,x14	 x15:0x00000000 x14:0xffffff49  x5=0x00000000
        3665000	       365	80000584	fff10a83	lb	x21,-1(x2)	  x2:0x80008f02 x21=0x00000000 PA:0x80008f01
        3675000	       366	80000588	f7710683	lb	x13,-137(x2)	  x2:0x80008f02 x13=0x00000000 PA:0x80008e79
        3685000	       367	8000058c	00008117	auipc	x2,0x8	  x2=0x80008588
        3695000	       368	80000590	2ff10113	addi	x2,x2,767	  x2:0x80008588  x2=0x80008887
        3705000	       369	80000594	06814483	lbu	x9,104(x2)	  x2:0x80008887  x9=0x00000000 PA:0x800088ef
        3715000	       370	80000598	01c10383	lb	x7,28(x2)	  x2:0x80008887  x7=0x00000000 PA:0x800088a3
        3725000	       371	8000059c	05e10883	lb	x17,94(x2)	  x2:0x80008887 x17=0x0000007d PA:0x800088e5
        3735000	       372	800005a0	060124a3	sw	x0,105(x2)	  x2:0x80008887  x0:0x00000000 PA:0x800088f0
        3745000	       373	800005a4	003e88b3	add	x17,x29,x3	 x29:0x00000000  x3:0x00000000 x17=0x00000000
        3755000	       374	800005a8	41a2d2b3	sra	x5,x5,x26	  x5:0x00000000 x26:0xe8c67574  x5=0x00000000
        3765000	       375	800005ac	00000013	addi	x0,x0,0	  x0:0x00000000
        3775000	       376	800005b0	405f5bb3	sra	x23,x30,x5	 x30:0x00000000  x5:0x00000000 x23=0x00000000
        3785000	       377	800005b4	65fbed93	ori	x27,x23,1631	 x23:0x00000000 x27=0x0000065f
        3795000	       378	800005b8	0b311083	lh	x1,179(x2)	  x2:0x80008887  x1=0x00000000 PA:0x8000893a
        3805000	       379	800005bc	0b510603	lb	x12,181(x2)	  x2:0x80008887 x12=0x00000000 PA:0x8000893c
        3815000	       380	800005c0	40b58db3	sub	x27,x11,x11	 x11:0x00000000 x11:0x00000000 x27=0x00000000
        3825000	       381	800005c4	06bab313	sltiu	x6,x21,107	 x21:0x00000000  x6=0x00000001
        3835000	       382	800005c8	010042b3	xor	x5,x0,x16	  x0:0x00000000 x16:0x00000000  x5=0x00000000
        3845000	       383	800005cc	01a6bab3	sltu	x21,x13,x26	 x13:0x00000000 x26:0xe8c67574 x21=0x00000001
        3855000	       384	800005d0	0c014703	lbu	x14,192(x2)	  x2:0x80008887 x14=0x00000000 PA:0x80008947
        3865000	       385	800005d4	0094bf33	sltu	x30,x9,x9	  x9:0x00000000  x9:0x00000000 x30=0x00000000
        3875000	       386	800005d8	fad14003	lbu	x0,-83(x2)	  x2:0x80008887 PA:0x80008834
        3885000	       387	800005dc	0111de33	srl	x28,x3,x17	  x3:0x00000000 x17:0x00000000 x28=0x00000000
        3895000	       388	800005e0	08d104a3	sb	x13,137(x2)	  x2:0x80008887 x13:0x00000000 PA:0x80008910
        3905000	       389	800005e4	0083c833	xor	x16,x7,x8	  x7:0x00000000  x8:0x000005cf x16=0x000005cf
        3915000	       390	800005e8	40005793	srai	x15,x0,0x0	  x0:0x00000000 x15=0x00000000
        3925000	       391	800005ec	0d1102a3	sb	x17,197(x2)	  x2:0x80008887 x17:0x00000000 PA:0x8000894c
        3935000	       392	800005f0	27abca13	xori	x20,x23,634	 x23:0x00000000 x20=0x0000027a
        3945000	       393	800005f4	016bbab3	sltu	x21,x23,x22	 x23:0x00000000 x22:0x00000000 x21=0x00000000
        3955000	       394	800005f8	00000013	addi	x0,x0,0	  x0:0x00000000
        3965000	       395	800005fc	401e5c13	srai	x24,x28,0x1	 x28:0x00000000 x24=0x00000000
        3975000	       396	80000600	04510323	sb	x5,70(x2)	  x2:0x80008887  x5:0x00000000 PA:0x800088cd
        3985000	       397	80000604	01770833	add	x16,x14,x23	 x14:0x00000000 x23:0x00000000 x16=0x00000000
        3995000	       398	80000608	f97128a3	sw	x23,-111(x2)	  x2:0x80008887 x23:0x00000000 PA:0x80008818
        4005000	       399	8000060c	c4617013	andi	x0,x2,-954	  x2:0x80008887
        4015000	       400	80000610	d1220593	addi	x11,x4,-750	  x4:0x00000001 x11=0xfffffd13
        4025000	       401	80000614	0f311fa3	sh	x19,255(x2)	  x2:0x80008887 x19:0x80009f84 PA:0x80008986
        4035000	       402	80000618	0fa14903	lbu	x18,250(x2)	  x2:0x80008887 x18=0x00000000 PA:0x80008981
        4045000	       403	8000061c	00008217	auipc	x4,0x8	  x4=0x80008618
        4055000	       404	80000620	b7320213	addi	x4,x4,-1165	  x4:0x80008618  x4=0x8000818b
        4065000	       405	80000624	fec20423	sb	x12,-24(x4)	  x4:0x8000818b x12:0x00000000 PA:0x80008173
        4075000	       406	80000628	03320a03	lb	x20,51(x4)	  x4:0x8000818b x20=0x00000000 PA:0x800081be
        4085000	       407	8000062c	02c20083	lb	x1,44(x4)	  x4:0x8000818b  x1=0x00000000 PA:0x800081b7
        4095000	       408	80000630	3aa7a393	slti	x7,x15,938	 x15:0x00000000  x7=0x00000001
        4105000	       409	80000634	00d20fa3	sb	x13,31(x4)	  x4:0x8000818b x13:0x00000000 PA:0x800081aa
        4115000	       410	80000638	fec20183	lb	x3,-20(x4)	  x4:0x8000818b  x3=0x00000000 PA:0x80008177
        4125000	       411	8000063c	fc420ba3	sb	x4,-41(x4)	  x4:0x8000818b  x4:0x8000818b PA:0x80008162
        4135000	       412	80000640	02c20723	sb	x12,46(x4)	  x4:0x8000818b x12:0x00000000 PA:0x800081b9
        4145000	       413	80000644	0198b2b3	sltu	x5,x17,x25	 x17:0x00000000 x25:0x00000000  x5=0x00000000
        4155000	       414	80000648	fda24d83	lbu	x27,-38(x4)	  x4:0x8000818b x27=0x00000000 PA:0x80008165
        4165000	       415	8000064c	00e383b3	add	x7,x7,x14	  x7:0x00000001 x14:0x00000000  x7=0x00000001
        4175000	       416	80000650	fd620a03	lb	x20,-42(x4)	  x4:0x8000818b x20=0x00000000 PA:0x80008161
        4185000	       417	80000654	00220b83	lb	x23,2(x4)	  x4:0x8000818b x23=0x00000000 PA:0x8000818d
        4195000	       418	80000658	fd124d03	lbu	x26,-47(x4)	  x4:0x8000818b x26=0x00000000 PA:0x8000815c
        4205000	       419	8000065c	01c20a23	sb	x28,20(x4)	  x4:0x8000818b x28:0x00000000 PA:0x8000819f
        4215000	       420	80000660	2361fa13	andi	x20,x3,566	  x3:0x00000000 x20=0x00000000
        4225000	       421	80000664	004d83b3	add	x7,x27,x4	 x27:0x00000000  x4:0x8000818b  x7=0x8000818b
        4235000	       422	80000668	006ad713	srli	x14,x21,0x6	 x21:0x00000000 x14=0x00000000
        4245000	       423	8000066c	fdf20803	lb	x16,-33(x4)	  x4:0x8000818b x16=0x00000000 PA:0x8000816a
        4255000	       424	80000670	00000013	addi	x0,x0,0	  x0:0x00000000
        4265000	       425	80000674	00e8c8b3	xor	x17,x17,x14	 x17:0x00000000 x14:0x00000000 x17=0x00000000
        4275000	       426	80000678	00000013	addi	x0,x0,0	  x0:0x00000000
        4285000	       427	8000067c	00a24903	lbu	x18,10(x4)	  x4:0x8000818b x18=0x00000000 PA:0x80008195
        4295000	       428	80000680	013f0833	add	x16,x30,x19	 x30:0x00000000 x19:0x80009f84 x16=0x80009f84
        4305000	       429	80000684	00924103	lbu	x2,9(x4)	  x4:0x8000818b  x2=0x00000000 PA:0x80008194
        4315000	       430	80000688	01820723	sb	x24,14(x4)	  x4:0x8000818b x24:0x00000000 PA:0x80008199
        4325000	       431	8000068c	ff020403	lb	x8,-16(x4)	  x4:0x8000818b  x8=0x00000000 PA:0x8000817b
        4335000	       432	80000690	00d20523	sb	x13,10(x4)	  x4:0x8000818b x13:0x00000000 PA:0x80008195
        4345000	       433	80000694	01624183	lbu	x3,22(x4)	  x4:0x8000818b  x3=0x00000000 PA:0x800081a1
        4355000	       434	80000698	02725d83	lhu	x27,39(x4)	  x4:0x8000818b x27=0x00000000 PA:0x800081b2
        4365000	       435	8000069c	03925083	lhu	x1,57(x4)	  x4:0x8000818b  x1=0x00000000 PA:0x800081c4
        4375000	       436	800006a0	fd420c83	lb	x25,-44(x4)	  x4:0x8000818b x25=0x00000000 PA:0x8000815f
        4385000	       437	800006a4	fdd22083	lw	x1,-35(x4)	  x4:0x8000818b  x1=0x00000000 PA:0x80008168
        4395000	       438	800006a8	fd720923	sb	x23,-46(x4)	  x4:0x8000818b x23:0x00000000 PA:0x8000815d
        4405000	       439	800006ac	00ec1133	sll	x2,x24,x14	 x24:0x00000000 x14:0x00000000  x2=0x00000000
        4415000	       440	800006b0	00e24b83	lbu	x23,14(x4)	  x4:0x8000818b x23=0x00000000 PA:0x80008199
        4425000	       441	800006b4	fe522c03	lw	x24,-27(x4)	  x4:0x8000818b x24=0x00000000 PA:0x80008170
        4435000	       442	800006b8	02020d23	sb	x0,58(x4)	  x4:0x8000818b  x0:0x00000000 PA:0x800081c5
        4445000	       443	800006bc	00008717	auipc	x14,0x8	 x14=0x800086b8
        4455000	       444	800006c0	11170713	addi	x14,x14,273	 x14:0x800086b8 x14=0x800087c9
        4465000	       445	800006c4	ee20feb7	lui	x29,0xee20f	 x29=0xee20f000
        4475000	       446	800006c8	001c8133	add	x2,x25,x1	 x25:0x00000000  x1:0x00000000  x2=0x00000000
        4485000	       447	800006cc	01321e13	slli	x28,x4,0x13	  x4:0x8000818b x28=0x0c580000
        4495000	       448	800006d0	daf717a3	sh	x15,-593(x14)	 x14:0x800087c9 x15:0x00000000 PA:0x80008578
        4505000	       449	800006d4	01268f33	add	x30,x13,x18	 x13:0x00000000 x18:0x00000000 x30=0x00000000
        4515000	       450	800006d8	b0670523	sb	x6,-1270(x14)	 x14:0x800087c9  x6:0x00000001 PA:0x800082d3
        4525000	       451	800006dc	19b97d93	andi	x27,x18,411	 x18:0x00000000 x27=0x00000000
        4535000	       452	800006e0	004ccbb3	xor	x23,x25,x4	 x25:0x00000000  x4:0x8000818b x23=0x8000818b
        4545000	       453	800006e4	01a20cb3	add	x25,x4,x26	  x4:0x8000818b x26:0x00000000 x25=0x8000818b
        4555000	       454	800006e8	b5a70e23	sb	x26,-1188(x14)	 x14:0x800087c9 x26:0x00000000 PA:0x80008325
        4565000	       455	800006ec	e4b72203	lw	x4,-437(x14)	 x14:0x800087c9  x4=0x00000000 PA:0x80008614
        4575000	       456	800006f0	ae175e83	lhu	x29,-1311(x14)	 x14:0x800087c9 x29=0x00000000 PA:0x800082aa
        4585000	       457	800006f4	00b0d233	srl	x4,x1,x11	  x1:0x00000000 x11:0xfffffd13  x4=0x00000000
        4595000	       458	800006f8	fe770f23	sb	x7,-2(x14)	 x14:0x800087c9  x7:0x8000818b PA:0x800087c7
        4605000	       459	800006fc	955701a3	sb	x21,-1725(x14)	 x14:0x800087c9 x21:0x00000000 PA:0x8000810c
        4615000	       460	80000700	b813e913	ori	x18,x7,-1151	  x7:0x8000818b x18=0xfffffb8b
        4625000	       461	80000704	b5c52793	slti	x15,x10,-1188	 x10:0x80009fc4 x15=0x00000001
        4635000	       462	80000708	e71704a3	sb	x17,-407(x14)	 x14:0x800087c9 x17:0x00000000 PA:0x80008632
        4645000	       463	8000070c	9c874b03	lbu	x22,-1592(x14)	 x14:0x800087c9 x22=0x00000000 PA:0x80008191
        4655000	       464	80000710	6869a313	slti	x6,x19,1670	 x19:0x80009f84  x6=0x00000001
        4665000	       465	80000714	f22cf337	lui	x6,0xf22cf	  x6=0xf22cf000
        4675000	       466	80000718	d7670aa3	sb	x22,-651(x14)	 x14:0x800087c9 x22:0x00000000 PA:0x8000853e
        4685000	       467	8000071c	d5170723	sb	x17,-690(x14)	 x14:0x800087c9 x17:0x00000000 PA:0x80008517
        4695000	       468	80000720	a3470a23	sb	x20,-1484(x14)	 x14:0x800087c9 x20:0x00000000 PA:0x800081fd
        4705000	       469	80000724	01af77b3	and	x15,x30,x26	 x30:0x00000000 x26:0x00000000 x15=0x00000000
        4715000	       470	80000728	007ad4b3	srl	x9,x21,x7	 x21:0x00000000  x7:0x8000818b  x9=0x00000000
        4725000	       471	8000072c	00d46eb3	or	x29,x8,x13	  x8:0x00000000 x13:0x00000000 x29=0x00000000
        4735000	       472	80000730	01a05e13	srli	x28,x0,0x1a	  x0:0x00000000 x28=0x00000000
        4745000	       473	80000734	02ab1a63	bne	x22,x10,80000768	 x22:0x00000000 x10:0x80009fc4
        4755000	       474	00000000	00000013	addi	x0,x0,0	  x0:0x00000000
        4765000	       475	80000764	00000013	addi	x0,x0,0	  x0:0x00000000
        4775000	       476	80000768	0169acb3	slt	x25,x19,x22	 x19:0x80009f84 x22:0x00000000 x25=0x00000001
        4785000	       477	8000076c	01884db3	xor	x27,x16,x24	 x16:0x80009f84 x24:0x00000000 x27=0x80009f84
        4795000	       478	80000770	b7e7ac13	slti	x24,x15,-1154	 x15:0x00000000 x24=0x00000000
        4805000	       479	80000774	40f58633	sub	x12,x11,x15	 x11:0xfffffd13 x15:0x00000000 x12=0xfffffd13
        4815000	       480	80000778	1a014393	xori	x7,x2,416	  x2:0x00000000  x7=0x000001a0
        4825000	       481	8000077c	01309863	bne	x1,x19,8000078c	  x1:0x00000000 x19:0x80009f84
        4835000	       482	00000000	00000013	addi	x0,x0,0	  x0:0x00000000
        4845000	       483	80000788	00000013	addi	x0,x0,0	  x0:0x00000000
        4855000	       484	8000078c	9d72b913	sltiu	x18,x5,-1577	  x5:0x00000000 x18=0x00000001
        4865000	       485	80000790	05eae863	bltu	x21,x30,800007e0	 x21:0x00000000 x30:0x00000000
        4875000	       486	80000794	70b7eb93	ori	x23,x15,1803	 x15:0x00000000 x23=0x0000070b
        4885000	       487	80000798	52f1ed13	ori	x26,x3,1327	  x3:0x00000000 x26=0x0000052f
        4895000	       488	8000079c	01b02433	slt	x8,x0,x27	  x0:0x00000000 x27:0x80009f84  x8=0x00000000
        4905000	       489	800007a0	00485033	srl	x0,x16,x4	 x16:0x80009f84  x4:0x00000000
        4915000	       490	800007a4	3cad2d97	auipc	x27,0x3cad2	 x27=0xbcad27a0
        4925000	       491	800007a8	0148bd33	sltu	x26,x17,x20	 x17:0x00000000 x20:0x00000000 x26=0x00000000
        4935000	       492	800007ac	02e16263	bltu	x2,x14,800007d0	  x2:0x00000000 x14:0x800087c9
        4945000	       493	00000000	00000013	addi	x0,x0,0	  x0:0x00000000
        4955000	       494	800007cc	00000013	addi	x0,x0,0	  x0:0x00000000
        4965000	       495	800007d0	00000013	addi	x0,x0,0	  x0:0x00000000
        4975000	       496	800007d4	6e6bbe13	sltiu	x28,x23,1766	 x23:0x0000070b x28=0x00000000
        4985000	       497	800007d8	01a92b33	slt	x22,x18,x26	 x18:0x00000001 x26:0x00000000 x22=0x00000000
        4995000	       498	800007dc	01b88463	beq	x17,x27,800007e4	 x17:0x00000000 x27:0xbcad27a0
        5005000	       499	800007e0	0345e063	bltu	x11,x20,80000800	 x11:0xfffffd13 x20:0x00000000
        5015000	       500	800007e4	68c57d13	andi	x26,x10,1676	 x10:0x80009fc4 x26=0x00000684
        5025000	       501	800007e8	6125a337	lui	x6,0x6125a	  x6=0x6125a000
        5035000	       502	800007ec	ebf74d13	xori	x26,x14,-321	 x14:0x800087c9 x26=0x7fff7976
        5045000	       503	800007f0	2c4fc013	xori	x0,x31,708	 x31:0xf55d8238
        5055000	       504	800007f4	8f0eb417	auipc	x8,0x8f0eb	  x8=0x0f0eb7f0
        5065000	       505	800007f8	40985613	srai	x12,x16,0x9	 x16:0x80009f84 x12=0xffc0004f
        5075000	       506	800007fc	001a9693	slli	x13,x21,0x1	 x21:0x00000000 x13=0x00000000
        5085000	       507	80000800	00000013	addi	x0,x0,0	  x0:0x00000000
        5095000	       508	80000804	c49ef093	andi	x1,x29,-951	 x29:0x00000000  x1=0x00000000
        5105000	       509	80000808	018b1e33	sll	x28,x22,x24	 x22:0x00000000 x24:0x00000000 x28=0x00000000
        5115000	       510	8000080c	2615ce97	auipc	x29,0x2615c	 x29=0xa615c808
        5125000	       511	80000810	53ecfb93	andi	x23,x25,1342	 x25:0x00000001 x23=0x00000000
        5135000	       512	80000814	00ea97b3	sll	x15,x21,x14	 x21:0x00000000 x14:0x800087c9 x15=0x00000000
        5145000	       513	80000818	01259e63	bne	x11,x18,80000834	 x11:0xfffffd13 x18:0x00000001
        5155000	       514	00000000	00000013	addi	x0,x0,0	  x0:0x00000000
        5165000	       515	80000830	00000013	addi	x0,x0,0	  x0:0x00000000
        5175000	       516	80000834	00e18b33	add	x22,x3,x14	  x3:0x00000000 x14:0x800087c9 x22=0x800087c9
        5185000	       517	80000838	03751863	bne	x10,x23,80000868	 x10:0x80009fc4 x23:0x00000000
        5195000	       518	00000000	00000013	addi	x0,x0,0	  x0:0x00000000
        5205000	       519	80000864	00000013	addi	x0,x0,0	  x0:0x00000000
        5215000	       520	80000868	008f2433	slt	x8,x30,x8	 x30:0x00000000  x8:0x0f0eb7f0  x8=0x00000001
        5225000	       521	8000086c	05006063	bltu	x0,x16,800008ac	  x0:0x00000000 x16:0x80009f84
        5235000	       522	00000000	00000013	addi	x0,x0,0	  x0:0x00000000
        5245000	       523	800008a8	00000013	addi	x0,x0,0	  x0:0x00000000
        5255000	       524	800008ac	01e5dc93	srli	x25,x11,0x1e	 x11:0xfffffd13 x25=0x00000003
        5265000	       525	800008b0	bd88aa13	slti	x20,x17,-1064	 x17:0x00000000 x20=0x00000000
        5275000	       526	800008b4	40205db3	sra	x27,x0,x2	  x0:0x00000000  x2:0x00000000 x27=0x00000000
        5285000	       527	800008b8	002d0833	add	x16,x26,x2	 x26:0x7fff7976  x2:0x00000000 x16=0x7fff7976
        5295000	       528	800008bc	012cdc63	bge	x25,x18,800008d4	 x25:0x00000003 x18:0x00000001
        5305000	       529	00000000	00000013	addi	x0,x0,0	  x0:0x00000000
        5315000	       530	800008d0	00000013	addi	x0,x0,0	  x0:0x00000000
        5325000	       531	800008d4	40bbdd33	sra	x26,x23,x11	 x23:0x00000000 x11:0xfffffd13 x26=0x00000000
        5335000	       532	800008d8	86c26713	ori	x14,x4,-1940	  x4:0x00000000 x14=0xfffff86c
        5345000	       533	800008dc	00f9b6b3	sltu	x13,x19,x15	 x19:0x80009f84 x15:0x00000000 x13=0x00000000
        5355000	       534	800008e0	0051c333	xor	x6,x3,x5	  x3:0x00000000  x5:0x00000000  x6=0x00000000
        5365000	       535	800008e4	01a44e33	xor	x28,x8,x26	  x8:0x00000001 x26:0x00000000 x28=0x00000001
        5375000	       536	800008e8	0016e263	bltu	x13,x1,800008ec	 x13:0x00000000  x1:0x00000000
        5385000	       537	800008ec	05d7f063	bgeu	x15,x29,8000092c	 x15:0x00000000 x29:0xa615c808
        5395000	       538	800008f0	c0a00293	addi	x5,x0,-1014	  x0:0x00000000  x5=0xfffffc0a
        5405000	       539	800008f4	331b2693	slti	x13,x22,817	 x22:0x800087c9 x13=0x00000001
        5415000	       540	800008f8	021afc63	bgeu	x21,x1,80000930	 x21:0x00000000  x1:0x00000000
        5425000	       541	00000000	00000013	addi	x0,x0,0	  x0:0x00000000
        5435000	       542	8000092c	00000013	addi	x0,x0,0	  x0:0x00000000
        5445000	       543	80000930	029ee063	bltu	x29,x9,80000950	 x29:0xa615c808  x9:0x00000000
        5455000	       544	80000934	00000013	addi	x0,x0,0	  x0:0x00000000
        5465000	       545	80000938	01a732b3	sltu	x5,x14,x26	 x14:0xfffff86c x26:0x00000000  x5=0x00000000
        5475000	       546	8000093c	40998ab3	sub	x21,x19,x9	 x19:0x80009f84  x9:0x00000000 x21=0x80009f84
        5485000	       547	80000940	015aeb33	or	x22,x21,x21	 x21:0x80009f84 x21:0x80009f84 x22=0x80009f84
        5495000	       548	80000944	0465d063	bge	x11,x6,80000984	 x11:0xfffffd13  x6:0x00000000
        5505000	       549	80000948	017e3a93	sltiu	x21,x28,23	 x28:0x00000001 x21=0x00000001
        5515000	       550	8000094c	4bde4313	xori	x6,x28,1213	 x28:0x00000001  x6=0x000004bc
        5525000	       551	80000950	00854463	blt	x10,x8,80000958	 x10:0x80009fc4  x8:0x00000001
        5535000	       552	00000000	00000013	addi	x0,x0,0	  x0:0x00000000
        5545000	       553	80000954	00000013	addi	x0,x0,0	  x0:0x00000000
        5555000	       554	80000958	e640fb13	andi	x22,x1,-412	  x1:0x00000000 x22=0x00000000
        5565000	       555	8000095c	01025113	srli	x2,x4,0x10	  x4:0x00000000  x2=0x00000000
        5575000	       556	80000960	40da80b3	sub	x1,x21,x13	 x21:0x00000001 x13:0x00000001  x1=0x00000000
        5585000	       557	80000964	0067e033	or	x0,x15,x6	 x15:0x00000000  x6:0x000004bc
        5595000	       558	80000968	0083a8b3	slt	x17,x7,x8	  x7:0x000001a0  x8:0x00000001 x17=0x00000000
        5605000	       559	8000096c	f8c7a693	slti	x13,x15,-116	 x15:0x00000000 x13=0x00000000
        5615000	       560	80000970	013db733	sltu	x14,x27,x19	 x27:0x00000000 x19:0x80009f84 x14=0x00000001
        5625000	       561	80000974	412681b3	sub	x3,x13,x18	 x13:0x00000000 x18:0x00000001  x3=0xffffffff
        5635000	       562	80000978	04100863	beq	x0,x1,800009c8	  x0:0x00000000  x1:0x00000000
        5645000	       563	00000000	00000013	addi	x0,x0,0	  x0:0x00000000
        5655000	       564	800009c4	00000013	addi	x0,x0,0	  x0:0x00000000
        5665000	       565	800009c8	01469393	slli	x7,x13,0x14	 x13:0x00000000  x7=0x00000000
        5675000	       566	800009cc	01b32db3	slt	x27,x6,x27	  x6:0x000004bc x27:0x00000000 x27=0x00000000
        5685000	       567	800009d0	014f4c63	blt	x30,x20,800009e8	 x30:0x00000000 x20:0x00000000
        5695000	       568	800009d4	0225da63	bge	x11,x2,80000a08	 x11:0xfffffd13  x2:0x00000000
        5705000	       569	800009d8	41140633	sub	x12,x8,x17	  x8:0x00000001 x17:0x00000000 x12=0x00000001
        5715000	       570	800009dc	014c0c63	beq	x24,x20,800009f4	 x24:0x00000000 x20:0x00000000
        5725000	       571	00000000	00000013	addi	x0,x0,0	  x0:0x00000000
        5735000	       572	800009f0	00000013	addi	x0,x0,0	  x0:0x00000000
        5745000	       573	800009f4	00321233	sll	x4,x4,x3	  x4:0x00000000  x3:0xffffffff  x4=0x00000000
        5755000	       574	800009f8	b2a62d93	slti	x27,x12,-1238	 x12:0x00000001 x27=0x00000000
        5765000	       575	800009fc	012f1a63	bne	x30,x18,80000a10	 x30:0x00000000 x18:0x00000001
        5775000	       576	00000000	00000013	addi	x0,x0,0	  x0:0x00000000
        5785000	       577	80000a0c	00000013	addi	x0,x0,0	  x0:0x00000000
        5795000	       578	80000a10	00c466b3	or	x13,x8,x12	  x8:0x00000001 x12:0x00000001 x13=0x00000001
        5805000	       579	80000a14	00000013	addi	x0,x0,0	  x0:0x00000000
        5815000	       580	80000a18	00000013	addi	x0,x0,0	  x0:0x00000000
        5825000	       581	80000a1c	0126d113	srli	x2,x13,0x12	 x13:0x00000001  x2=0x00000000
        5835000	       582	80000a20	04ebc863	blt	x23,x14,80000a70	 x23:0x00000000 x14:0x00000001
        5845000	       583	00000000	00000013	addi	x0,x0,0	  x0:0x00000000
        5855000	       584	80000a6c	00000013	addi	x0,x0,0	  x0:0x00000000
        5865000	       585	80000a70	00f98bb3	add	x23,x19,x15	 x19:0x80009f84 x15:0x00000000 x23=0x80009f84
        5875000	       586	80000a74	5b75c013	xori	x0,x11,1463	 x11:0xfffffd13
        5885000	       587	80000a78	040c1063	bne	x24,x0,80000ab8	 x24:0x00000000  x0:0x00000000
        5895000	       588	80000a7c	e942e913	ori	x18,x5,-364	  x5:0x00000000 x18=0xfffffe94
        5905000	       589	80000a80	01325c13	srli	x24,x4,0x13	  x4:0x00000000 x24=0x00000000
        5915000	       590	80000a84	a1613637	lui	x12,0xa1613	 x12=0xa1613000
        5925000	       591	80000a88	9c07b417	auipc	x8,0x9c07b	  x8=0x1c07ba84
        5935000	       592	80000a8c	00000013	addi	x0,x0,0	  x0:0x00000000
        5945000	       593	80000a90	01cddc33	srl	x24,x27,x28	 x27:0x00000000 x28:0x00000001 x24=0x00000000
        5955000	       594	80000a94	119b8b93	addi	x23,x23,281	 x23:0x80009f84 x23=0x8000a09d
        5965000	       595	80000a98	41100eb3	sub	x29,x0,x17	  x0:0x00000000 x17:0x00000000 x29=0x00000000
        5975000	       596	80000a9c	04925063	bge	x4,x9,80000adc	  x4:0x00000000  x9:0x00000000
        5985000	       597	00000000	00000013	addi	x0,x0,0	  x0:0x00000000
        5995000	       598	80000ad8	00000013	addi	x0,x0,0	  x0:0x00000000
        6005000	       599	80000adc	02da6463	bltu	x20,x13,80000b04	 x20:0x00000000 x13:0x00000001
        6015000	       600	00000000	00000013	addi	x0,x0,0	  x0:0x00000000
        6025000	       601	80000b00	00000013	addi	x0,x0,0	  x0:0x00000000
        6035000	       602	80000b04	005c8833	add	x16,x25,x5	 x25:0x00000003  x5:0x00000000 x16=0x00000003
        6045000	       603	80000b08	3a253c13	sltiu	x24,x10,930	 x10:0x80009fc4 x24=0x00000000
        6055000	       604	80000b0c	00f23ab3	sltu	x21,x4,x15	  x4:0x00000000 x15:0x00000000 x21=0x00000000
        6065000	       605	80000b10	b46e3f13	sltiu	x30,x28,-1210	 x28:0x00000001 x30=0x00000001
        6075000	       606	80000b14	017e6133	or	x2,x28,x23	 x28:0x00000001 x23:0x8000a09d  x2=0x8000a09d
        6085000	       607	80000b18	a52b4613	xori	x12,x22,-1454	 x22:0x00000000 x12=0xfffffa52
        6095000	       608	80000b1c	8fcf4d13	xori	x26,x30,-1796	 x30:0x00000001 x26=0xfffff8fd
        6105000	       609	80000b20	035f5863	bge	x30,x21,80000b50	 x30:0x00000001 x21:0x00000000
        6115000	       610	00000000	00000013	addi	x0,x0,0	  x0:0x00000000
        6125000	       611	80000b4c	00000013	addi	x0,x0,0	  x0:0x00000000
        6135000	       612	80000b50	004d3433	sltu	x8,x26,x4	 x26:0xfffff8fd  x4:0x00000000  x8=0x00000000
        6145000	       613	80000b54	05f55863	bge	x10,x31,80000ba4	 x10:0x80009fc4 x31:0xf55d8238
        6155000	       614	80000b58	93873b97	auipc	x23,0x93873	 x23=0x13873b54
        6165000	       615	80000b5c	0065d433	srl	x8,x11,x6	 x11:0xfffffd13  x6:0x000004bc  x8=0x0000000f
        6175000	       616	80000b60	4060d333	sra	x6,x1,x6	  x1:0x00000000  x6:0x000004bc  x6=0x00000000
        6185000	       617	80000b64	00ab8cb3	add	x25,x23,x10	 x23:0x13873b54 x10:0x80009fc4 x25=0x9387db18
        6195000	       618	80000b68	008dfdb3	and	x27,x27,x8	 x27:0x00000000  x8:0x0000000f x27=0x00000000
        6205000	       619	80000b6c	40c8d433	sra	x8,x17,x12	 x17:0x00000000 x12:0xfffffa52  x8=0x00000000
        6215000	       620	80000b70	409dd793	srai	x15,x27,0x9	 x27:0x00000000 x15=0x00000000
        6225000	       621	80000b74	01dfb833	sltu	x16,x31,x29	 x31:0xf55d8238 x29:0x00000000 x16=0x00000000
        6235000	       622	80000b78	00598d33	add	x26,x19,x5	 x19:0x80009f84  x5:0x00000000 x26=0x80009f84
        6245000	       623	80000b7c	0f10fc13	andi	x24,x1,241	  x1:0x00000000 x24=0x00000000
        6255000	       624	80000b80	01be1893	slli	x17,x28,0x1b	 x28:0x00000001 x17=0x08000000
        6265000	       625	80000b84	f06b6a93	ori	x21,x22,-250	 x22:0x00000000 x21=0xffffff06
        6275000	       626	80000b88	00964c63	blt	x12,x9,80000ba0	 x12:0xfffffa52  x9:0x00000000
        6285000	       627	00000000	00000013	addi	x0,x0,0	  x0:0x00000000
        6295000	       628	80000b9c	00000013	addi	x0,x0,0	  x0:0x00000000
        6305000	       629	80000ba0	03bc6c63	bltu	x24,x27,80000bd8	 x24:0x00000000 x27:0x00000000
        6315000	       630	80000ba4	7fee6a13	ori	x20,x28,2046	 x28:0x00000001 x20=0x000007ff
        6325000	       631	80000ba8	052ad863	bge	x21,x18,80000bf8	 x21:0xffffff06 x18:0xfffffe94
        6335000	       632	00000000	00000013	addi	x0,x0,0	  x0:0x00000000
        6345000	       633	80000bf4	00000013	addi	x0,x0,0	  x0:0x00000000
        6355000	       634	80000bf8	00601d93	slli	x27,x0,0x6	  x0:0x00000000 x27=0x00000000
        6365000	       635	80000bfc	01012f33	slt	x30,x2,x16	  x2:0x8000a09d x16:0x00000000 x30=0x00000001
        6375000	       636	80000c00	029ffa63	bgeu	x31,x9,80000c34	 x31:0xf55d8238  x9:0x00000000
        6385000	       637	00000000	00000013	addi	x0,x0,0	  x0:0x00000000
        6395000	       638	80000c30	00000013	addi	x0,x0,0	  x0:0x00000000
        6405000	       639	80000c34	c01f3eb7	lui	x29,0xc01f3	 x29=0xc01f3000
        6415000	       640	80000c38	0187c3b3	xor	x7,x15,x24	 x15:0x00000000 x24:0x00000000  x7=0x00000000
        6425000	       641	80000c3c	c0a88313	addi	x6,x17,-1014	 x17:0x08000000  x6=0x07fffc0a
        6435000	       642	80000c40	006d6bb3	or	x23,x26,x6	 x26:0x80009f84  x6:0x07fffc0a x23=0x87ffff8e
        6445000	       643	80000c44	401a83b3	sub	x7,x21,x1	 x21:0xffffff06  x1:0x00000000  x7=0xffffff06
        6455000	       644	80000c48	f3adc293	xori	x5,x27,-198	 x27:0x00000000  x5=0xffffff3a
        6465000	       645	80000c4c	01233633	sltu	x12,x6,x18	  x6:0x07fffc0a x18:0xfffffe94 x12=0x00000001
        6475000	       646	80000c50	019b1d33	sll	x26,x22,x25	 x22:0x00000000 x25:0x9387db18 x26=0x00000000
        6485000	       647	80000c54	01035493	srli	x9,x6,0x10	  x6:0x07fffc0a  x9=0x000007ff
        6495000	       648	80000c58	00678863	beq	x15,x6,80000c68	 x15:0x00000000  x6:0x07fffc0a
        6505000	       649	80000c5c	cde98593	addi	x11,x19,-802	 x19:0x80009f84 x11=0x80009c62
        6515000	       650	80000c60	963dab13	slti	x22,x27,-1693	 x27:0x00000000 x22=0x00000000
        6525000	       651	80000c64	9f9da913	slti	x18,x27,-1543	 x27:0x00000000 x18=0x00000000
        6535000	       652	80000c68	01f40863	beq	x8,x31,80000c78	  x8:0x00000000 x31:0xf55d8238
        6545000	       653	80000c6c	01575033	srl	x0,x14,x21	 x14:0x00000001 x21:0xffffff06
        6555000	       654	80000c70	019deb33	or	x22,x27,x25	 x27:0x00000000 x25:0x9387db18 x22=0x9387db18
        6565000	       655	80000c74	00d68463	beq	x13,x13,80000c7c	 x13:0x00000001 x13:0x00000001
        6575000	       656	00000000	00000013	addi	x0,x0,0	  x0:0x00000000
        6585000	       657	80000c78	00000013	addi	x0,x0,0	  x0:0x00000000
        6595000	       658	80000c7c	404ad093	srai	x1,x21,0x4	 x21:0xffffff06  x1=0xfffffff0
        6605000	       659	80000c80	016e3833	sltu	x16,x28,x22	 x28:0x00000001 x22:0x9387db18 x16=0x00000001
        6615000	       660	80000c84	00269c93	slli	x25,x13,0x2	 x13:0x00000001 x25=0x00000004
        6625000	       661	80000c88	05107063	bgeu	x0,x17,80000cc8	  x0:0x00000000 x17:0x08000000
        6635000	       662	80000c8c	bf333393	sltiu	x7,x6,-1037	  x6:0x07fffc0a  x7=0x00000001
        6645000	       663	80000c90	00648a63	beq	x9,x6,80000ca4	  x9:0x000007ff  x6:0x07fffc0a
        6655000	       664	80000c94	acba8b93	addi	x23,x21,-1333	 x21:0xffffff06 x23=0xfffff9d1
        6665000	       665	80000c98	03e14263	blt	x2,x30,80000cbc	  x2:0x8000a09d x30:0x00000001
        6675000	       666	00000000	00000013	addi	x0,x0,0	  x0:0x00000000
        6685000	       667	80000cb8	00000013	addi	x0,x0,0	  x0:0x00000000
        6695000	       668	80000cbc	054e4063	blt	x28,x20,80000cfc	 x28:0x00000001 x20:0x000007ff
        6705000	       669	00000000	00000013	addi	x0,x0,0	  x0:0x00000000
        6715000	       670	80000cf8	00000013	addi	x0,x0,0	  x0:0x00000000
        6725000	       671	80000cfc	00000013	addi	x0,x0,0	  x0:0x00000000
        6735000	       672	80000d00	41cb8c33	sub	x24,x23,x28	 x23:0xfffff9d1 x28:0x00000001 x24=0xfffff9d0
        6745000	       673	80000d04	6c96a813	slti	x16,x13,1737	 x13:0x00000001 x16=0x00000001
        6755000	       674	80000d08	01bf9e13	slli	x28,x31,0x1b	 x31:0xf55d8238 x28=0xc0000000
        6765000	       675	80000d0c	003377b3	and	x15,x6,x3	  x6:0x07fffc0a  x3:0xffffffff x15=0x07fffc0a
        6775000	       676	80000d10	01a793b3	sll	x7,x15,x26	 x15:0x07fffc0a x26:0x00000000  x7=0x07fffc0a
        6785000	       677	80000d14	9c6a6113	ori	x2,x20,-1594	 x20:0x000007ff  x2=0xffffffff
        6795000	       678	80000d18	946ea713	slti	x14,x29,-1722	 x29:0xc01f3000 x14=0x00000001
        6805000	       679	80000d1c	01475233	srl	x4,x14,x20	 x14:0x00000001 x20:0x000007ff  x4=0x00000000
        6815000	       680	80000d20	0075aa33	slt	x20,x11,x7	 x11:0x80009c62  x7:0x07fffc0a x20=0x00000001
        6825000	       681	80000d24	035fe063	bltu	x31,x21,80000d44	 x31:0xf55d8238 x21:0xffffff06
        6835000	       682	00000000	00000013	addi	x0,x0,0	  x0:0x00000000
        6845000	       683	80000d40	00000013	addi	x0,x0,0	  x0:0x00000000
        6855000	       684	80000d44	410b8eb3	sub	x29,x23,x16	 x23:0xfffff9d1 x16:0x00000001 x29=0xfffff9d0
        6865000	       685	80000d48	557cca93	xori	x21,x25,1367	 x25:0x00000004 x21=0x00000553
        6875000	       686	80000d4c	85293393	sltiu	x7,x18,-1966	 x18:0x00000000  x7=0x00000001
        6885000	       687	80000d50	97bbe293	ori	x5,x23,-1669	 x23:0xfffff9d1  x5=0xfffff9fb
        6895000	       688	80000d54	404a58b3	sra	x17,x20,x4	 x20:0x00000001  x4:0x00000000 x17=0x00000001
        6905000	       689	80000d58	fd27fc13	andi	x24,x15,-46	 x15:0x07fffc0a x24=0x07fffc02
        6915000	       690	80000d5c	ffbac117	auipc	x2,0xffbac	  x2=0x7fbacd58
        6925000	       691	80000d60	019e1c63	bne	x28,x25,80000d78	 x28:0xc0000000 x25:0x00000004
        6935000	       692	00000000	00000013	addi	x0,x0,0	  x0:0x00000000
        6945000	       693	80000d74	00000013	addi	x0,x0,0	  x0:0x00000000
        6955000	       694	80000d78	00000013	addi	x0,x0,0	  x0:0x00000000
        6965000	       695	80000d7c	84223cb7	lui	x25,0x84223	 x25=0x84223000
        6975000	       696	80000d80	01f3fe33	and	x28,x7,x31	  x7:0x00000001 x31:0xf55d8238 x28=0x00000000
        6985000	       697	80000d84	030c5437	lui	x8,0x30c5	  x8=0x030c5000
        6995000	       698	80000d88	3f7a4293	xori	x5,x20,1015	 x20:0x00000001  x5=0x000003f6
        7005000	       699	80000d8c	40295233	sra	x4,x18,x2	 x18:0x00000000  x2:0x7fbacd58  x4=0x00000000
        7015000	       700	80000d90	01be77b3	and	x15,x28,x27	 x28:0x00000000 x27:0x00000000 x15=0x00000000
        7025000	       701	80000d94	011a1c93	slli	x25,x20,0x11	 x20:0x00000001 x25=0x00020000
        7035000	       702	80000d98	01009613	slli	x12,x1,0x10	  x1:0xfffffff0 x12=0xfff00000
        7045000	       703	80000d9c	03e3ed93	ori	x27,x7,62	  x7:0x00000001 x27=0x0000003f
        7055000	       704	80000da0	01458ab3	add	x21,x11,x20	 x11:0x80009c62 x20:0x00000001 x21=0x80009c63
        7065000	       705	80000da4	000ae933	or	x18,x21,x0	 x21:0x80009c63  x0:0x00000000 x18=0x80009c63
        7075000	       706	80000da8	00000013	addi	x0,x0,0	  x0:0x00000000
        7085000	       707	80000dac	29734d97	auipc	x27,0x29734	 x27=0xa9734da8
        7095000	       708	80000db0	6ff6b393	sltiu	x7,x13,1791	 x13:0x00000001  x7=0x00000001
        7105000	       709	80000db4	d937b813	sltiu	x16,x15,-621	 x15:0x00000000 x16=0x00000001
        7115000	       710	80000db8	011e9313	slli	x6,x29,0x11	 x29:0xfffff9d0  x6=0xf3a00000
        7125000	       711	80000dbc	01a8c633	xor	x12,x17,x26	 x17:0x00000001 x26:0x00000000 x12=0x00000001
        7135000	       712	80000dc0	0144cc63	blt	x9,x20,80000dd8	  x9:0x000007ff x20:0x00000001
        7145000	       713	80000dc4	00ed5313	srli	x6,x26,0xe	 x26:0x00000000  x6=0x00000000
        7155000	       714	80000dc8	0182e0b3	or	x1,x5,x24	  x5:0x000003f6 x24:0x07fffc02  x1=0x07fffff6
        7165000	       715	80000dcc	416ed893	srai	x17,x29,0x16	 x29:0xfffff9d0 x17=0xffffffff
        7175000	       716	80000dd0	a40bdcb7	lui	x25,0xa40bd	 x25=0xa40bd000
        7185000	       717	80000dd4	5593c717	auipc	x14,0x5593c	 x14=0xd593cdd0
        7195000	       718	80000dd8	0ab67b13	andi	x22,x12,171	 x12:0x00000001 x22=0x00000001
        7205000	       719	80000ddc	079f9663	bne	x31,x25,80000e48	 x31:0xf55d8238 x25:0xa40bd000
        7215000	       720	00000000	00000013	addi	x0,x0,0	  x0:0x00000000
        7225000	       721	80000e44	00000013	addi	x0,x0,0	  x0:0x00000000
        7235000	       722	80000e48	0178c863	blt	x17,x23,80000e58	 x17:0xffffffff x23:0xfffff9d1
        7245000	       723	80000e4c	01ae5b93	srli	x23,x28,0x1a	 x28:0x00000000 x23=0x00000000
        7255000	       724	80000e50	a39a8813	addi	x16,x21,-1479	 x21:0x80009c63 x16=0x8000969c
        7265000	       725	80000e54	0100fa63	bgeu	x1,x16,80000e68	  x1:0x07fffff6 x16:0x8000969c
        7275000	       726	80000e58	02269463	bne	x13,x2,80000e80	 x13:0x00000001  x2:0x7fbacd58
        7285000	       727	00000000	00000013	addi	x0,x0,0	  x0:0x00000000
        7295000	       728	80000e7c	00000013	addi	x0,x0,0	  x0:0x00000000
        7305000	       729	80000e80	00231c93	slli	x25,x6,0x2	  x6:0x00000000 x25=0x00000000
        7315000	       730	80000e84	0070a0b3	slt	x1,x1,x7	  x1:0x07fffff6  x7:0x00000001  x1=0x00000000
        7325000	       731	80000e88	01d25a93	srli	x21,x4,0x1d	  x4:0x00000000 x21=0x00000000
        7335000	       732	80000e8c	87b10593	addi	x11,x2,-1925	  x2:0x7fbacd58 x11=0x7fbac5d3
        7345000	       733	80000e90	40ee5713	srai	x14,x28,0xe	 x28:0x00000000 x14=0x00000000
        7355000	       734	80000e94	126eb437	lui	x8,0x126eb	  x8=0x126eb000
        7365000	       735	80000e98	796ef113	andi	x2,x29,1942	 x29:0xfffff9d0  x2=0x00000190
        7375000	       736	80000e9c	01407eb3	and	x29,x0,x20	  x0:0x00000000 x20:0x00000001 x29=0x00000000
        7385000	       737	80000ea0	5c5c7913	andi	x18,x24,1477	 x24:0x07fffc02 x18=0x00000400
        7395000	       738	80000ea4	020a9263	bne	x21,x0,80000ec8	 x21:0x00000000  x0:0x00000000
        7405000	       739	80000ea8	059bd063	bge	x23,x25,80000ee8	 x23:0x00000000 x25:0x00000000
        7415000	       740	00000000	00000013	addi	x0,x0,0	  x0:0x00000000
        7425000	       741	80000ee4	00000013	addi	x0,x0,0	  x0:0x00000000
        7435000	       742	80000ee8	00e0e3b3	or	x7,x1,x14	  x1:0x00000000 x14:0x00000000  x7=0x00000000
        7445000	       743	80000eec	01dfc833	xor	x16,x31,x29	 x31:0xf55d8238 x29:0x00000000 x16=0xf55d8238
        7455000	       744	80000ef0	0116f463	bgeu	x13,x17,80000ef8	 x13:0x00000001 x17:0xffffffff
        7465000	       745	80000ef4	014f1bb3	sll	x23,x30,x20	 x30:0x00000001 x20:0x00000001 x23=0x00000002
        7475000	       746	80000ef8	00000013	addi	x0,x0,0	  x0:0x00000000
        7485000	       747	80000efc	009205b3	add	x11,x4,x9	  x4:0x00000000  x9:0x000007ff x11=0x000007ff
        7495000	       748	80000f00	00000013	addi	x0,x0,0	  x0:0x00000000
        7505000	       749	80000f04	01c5d7b3	srl	x15,x11,x28	 x11:0x000007ff x28:0x00000000 x15=0x000007ff
        7515000	       750	80000f08	40498733	sub	x14,x19,x4	 x19:0x80009f84  x4:0x00000000 x14=0x80009f84
        7525000	       751	80000f0c	016f78b3	and	x17,x30,x22	 x30:0x00000001 x22:0x00000001 x17=0x00000001
        7535000	       752	80000f10	018b86b3	add	x13,x23,x24	 x23:0x00000002 x24:0x07fffc02 x13=0x07fffc04
        7545000	       753	80000f14	02511a63	bne	x2,x5,80000f48	  x2:0x00000190  x5:0x000003f6
        7555000	       754	00000000	00000013	addi	x0,x0,0	  x0:0x00000000
        7565000	       755	80000f44	00000013	addi	x0,x0,0	  x0:0x00000000
        7575000	       756	80000f48	0050b133	sltu	x2,x1,x5	  x1:0x00000000  x5:0x000003f6  x2=0x00000001
        7585000	       757	80000f4c	40d5d933	sra	x18,x11,x13	 x11:0x000007ff x13:0x07fffc04 x18=0x0000007f
        7595000	       758	80000f50	001f45b3	xor	x11,x30,x1	 x30:0x00000001  x1:0x00000000 x11=0x00000001
        7605000	       759	80000f54	00e9de13	srli	x28,x19,0xe	 x19:0x80009f84 x28=0x00020002
        7615000	       760	80000f58	00adebb3	or	x23,x27,x10	 x27:0xa9734da8 x10:0x80009fc4 x23=0xa973dfec
        7625000	       761	80000f5c	04137063	bgeu	x6,x1,80000f9c	  x6:0x00000000  x1:0x00000000
        7635000	       762	00000000	00000013	addi	x0,x0,0	  x0:0x00000000
        7645000	       763	80000f98	00000013	addi	x0,x0,0	  x0:0x00000000
        7655000	       764	80000f9c	017edc93	srli	x25,x29,0x17	 x29:0x00000000 x25=0x00000000
        7665000	       765	80000fa0	9a793d13	sltiu	x26,x18,-1625	 x18:0x0000007f x26=0x00000001
        7675000	       766	80000fa4	000102b3	add	x5,x2,x0	  x2:0x00000001  x0:0x00000000  x5=0x00000001
        7685000	       767	80000fa8	32ff3313	sltiu	x6,x30,815	 x30:0x00000001  x6=0x00000001
        7695000	       768	80000fac	04a80063	beq	x16,x10,80000fec	 x16:0xf55d8238 x10:0x80009fc4
        7705000	       769	80000fb0	006615b3	sll	x11,x12,x6	 x12:0x00000001  x6:0x00000001 x11=0x00000002
        7715000	       770	80000fb4	05104863	blt	x0,x17,80001004	  x0:0x00000000 x17:0x00000001
        7725000	       771	00000000	00000013	addi	x0,x0,0	  x0:0x00000000
        7735000	       772	80001000	00000013	addi	x0,x0,0	  x0:0x00000000
        7745000	       773	80001004	e7afbbb7	lui	x23,0xe7afb	 x23=0xe7afb000
        7755000	       774	80001008	40c3d4b3	sra	x9,x7,x12	  x7:0x00000000 x12:0x00000001  x9=0x00000000
        7765000	       775	8000100c	0353eb13	ori	x22,x7,53	  x7:0x00000000 x22=0x00000035
        7775000	       776	80001010	d7b33113	sltiu	x2,x6,-645	  x6:0x00000001  x2=0x00000001
        7785000	       777	80001014	c8507813	andi	x16,x0,-891	  x0:0x00000000 x16=0x00000000
        7795000	       778	80001018	07ef7063	bgeu	x30,x30,80001078	 x30:0x00000001 x30:0x00000001
        7805000	       779	00000000	00000013	addi	x0,x0,0	  x0:0x00000000
        7815000	       780	80001074	00000013	addi	x0,x0,0	  x0:0x00000000
        7825000	       781	80001078	00587e33	and	x28,x16,x5	 x16:0x00000000  x5:0x00000001 x28=0x00000000
        7835000	       782	8000107c	013d9e63	bne	x27,x19,80001098	 x27:0xa9734da8 x19:0x80009f84
        7845000	       783	00000000	00000013	addi	x0,x0,0	  x0:0x00000000
        7855000	       784	80001094	00000013	addi	x0,x0,0	  x0:0x00000000
        7865000	       785	80001098	8f2ba393	slti	x7,x23,-1806	 x23:0xe7afb000  x7=0x00000001
        7875000	       786	8000109c	0117b433	sltu	x8,x15,x17	 x15:0x000007ff x17:0x00000001  x8=0x00000000
        7885000	       787	800010a0	41325613	srai	x12,x4,0x13	  x4:0x00000000 x12=0x00000000
        7895000	       788	800010a4	f8f02b13	slti	x22,x0,-113	  x0:0x00000000 x22=0x00000000
        7905000	       789	800010a8	00000013	addi	x0,x0,0	  x0:0x00000000
        7915000	       790	800010ac	05274463	blt	x14,x18,800010f4	 x14:0x80009f84 x18:0x0000007f
        7925000	       791	00000000	00000013	addi	x0,x0,0	  x0:0x00000000
        7935000	       792	800010f0	00000013	addi	x0,x0,0	  x0:0x00000000
        7945000	       793	800010f4	011043b3	xor	x7,x0,x17	  x0:0x00000000 x17:0x00000001  x7=0x00000001
        7955000	       794	800010f8	408fd313	srai	x6,x31,0x8	 x31:0xf55d8238  x6=0xfff55d82
        7965000	       795	800010fc	00e81613	slli	x12,x16,0xe	 x16:0x00000000 x12=0x00000000
        7975000	       796	80001100	01fa1a93	slli	x21,x20,0x1f	 x20:0x00000001 x21=0x80000000
        7985000	       797	80001104	01b4c333	xor	x6,x9,x27	  x9:0x00000000 x27:0xa9734da8  x6=0xa9734da8
        7995000	       798	80001108	42d7a193	slti	x3,x15,1069	 x15:0x000007ff  x3=0x00000000
        8005000	       799	8000110c	22c5aa93	slti	x21,x11,556	 x11:0x00000002 x21=0x00000001
        8015000	       800	80001110	2d508917	auipc	x18,0x2d508	 x18=0xad50910c
        8025000	       801	80001114	41a85b33	sra	x22,x16,x26	 x16:0x00000000 x26:0x00000001 x22=0x00000000
        8035000	       802	80001118	02030063	beq	x6,x0,80001138	  x6:0xa9734da8  x0:0x00000000
        8045000	       803	8000111c	008f6333	or	x6,x30,x8	 x30:0x00000001  x8:0x00000000  x6=0x00000001
        8055000	       804	80001120	4145d133	sra	x2,x11,x20	 x11:0x00000002 x20:0x00000001  x2=0x00000001
        8065000	       805	80001124	40ea5b13	srai	x22,x20,0xe	 x20:0x00000001 x22=0x00000000
        8075000	       806	80001128	009e56b3	srl	x13,x28,x9	 x28:0x00000000  x9:0x00000000 x13=0x00000000
        8085000	       807	8000112c	f8bb3113	sltiu	x2,x22,-117	 x22:0x00000000  x2=0x00000001
        8095000	       808	80001130	000a5833	srl	x16,x20,x0	 x20:0x00000001  x0:0x00000000 x16=0x00000001
        8105000	       809	80001134	000ccc63	blt	x25,x0,8000114c	 x25:0x00000000  x0:0x00000000
        8115000	       810	80001138	033c4263	blt	x24,x19,8000115c	 x24:0x07fffc02 x19:0x80009f84
        8125000	       811	8000113c	04d71063	bne	x14,x13,8000117c	 x14:0x80009f84 x13:0x00000000
        8135000	       812	00000000	00000013	addi	x0,x0,0	  x0:0x00000000
        8145000	       813	80001178	00000013	addi	x0,x0,0	  x0:0x00000000
        8155000	       814	8000117c	01c66cb3	or	x25,x12,x28	 x12:0x00000000 x28:0x00000000 x25=0x00000000
        8165000	       815	80001180	00455b93	srli	x23,x10,0x4	 x10:0x80009fc4 x23=0x080009fc
        8175000	       816	80001184	77e363b7	lui	x7,0x77e36	  x7=0x77e36000
        8185000	       817	80001188	30d1a913	slti	x18,x3,781	  x3:0x00000000 x18=0x00000001
        8195000	       818	8000118c	01a68033	add	x0,x13,x26	 x13:0x00000000 x26:0x00000001
        8205000	       819	80001190	47eb8193	addi	x3,x23,1150	 x23:0x080009fc  x3=0x08000e7a
        8215000	       820	80001194	057bf063	bgeu	x23,x23,800011d4	 x23:0x080009fc x23:0x080009fc
        8225000	       821	00000000	00000013	addi	x0,x0,0	  x0:0x00000000
        8235000	       822	800011d0	00000013	addi	x0,x0,0	  x0:0x00000000
        8245000	       823	800011d4	4184f313	andi	x6,x9,1048	  x9:0x00000000  x6=0x00000000
        8255000	       824	800011d8	00b824b3	slt	x9,x16,x11	 x16:0x00000001 x11:0x00000002  x9=0x00000001
        8265000	       825	800011dc	08db7e63	bgeu	x22,x13,80001278	 x22:0x00000000 x13:0x00000000
        8275000	       826	00000000	00000013	addi	x0,x0,0	  x0:0x00000000
        8285000	       827	80001274	00000013	addi	x0,x0,0	  x0:0x00000000
        8295000	       828	80001278	019b0933	add	x18,x22,x25	 x22:0x00000000 x25:0x00000000 x18=0x00000000
        8305000	       829	8000127c	f0b34193	xori	x3,x6,-245	  x6:0x00000000  x3=0xffffff0b
        8315000	       830	80001280	41fd85b3	sub	x11,x27,x31	 x27:0xa9734da8 x31:0xf55d8238 x11=0xb415cb70
        8325000	       831	80001284	a0f4ff13	andi	x30,x9,-1521	  x9:0x00000001 x30=0x00000001
        8335000	       832	80001288	0506f463	bgeu	x13,x16,800012d0	 x13:0x00000000 x16:0x00000001
        8345000	       833	8000128c	003cb6b3	sltu	x13,x25,x3	 x25:0x00000000  x3:0xffffff0b x13=0x00000001
        8355000	       834	80001290	018990b3	sll	x1,x19,x24	 x19:0x80009f84 x24:0x07fffc02  x1=0x00027e10
        8365000	       835	80001294	011fd2b3	srl	x5,x31,x17	 x31:0xf55d8238 x17:0x00000001  x5=0x7aaec11c
        8375000	       836	80001298	1d19ef13	ori	x30,x19,465	 x19:0x80009f84 x30=0x80009fd5
        8385000	       837	8000129c	2d99c193	xori	x3,x19,729	 x19:0x80009f84  x3=0x80009d5d
        8395000	       838	800012a0	00000013	addi	x0,x0,0	  x0:0x00000000
        8405000	       839	800012a4	742c0b93	addi	x23,x24,1858	 x24:0x07fffc02 x23=0x08000344
        8415000	       840	800012a8	01cf1013	slli	x0,x30,0x1c	 x30:0x80009fd5
        8425000	       841	800012ac	019a1a63	bne	x20,x25,800012c0	 x20:0x00000001 x25:0x00000000
        8435000	       842	00000000	00000013	addi	x0,x0,0	  x0:0x00000000
        8445000	       843	800012bc	00000013	addi	x0,x0,0	  x0:0x00000000
        8455000	       844	800012c0	41c786b3	sub	x13,x15,x28	 x15:0x000007ff x28:0x00000000 x13=0x000007ff
        8465000	       845	800012c4	00f0cdb3	xor	x27,x1,x15	  x1:0x00027e10 x15:0x000007ff x27=0x000279ef
        8475000	       846	800012c8	024a8263	beq	x21,x4,800012ec	 x21:0x00000001  x4:0x00000000
        8485000	       847	800012cc	41b584b3	sub	x9,x11,x27	 x11:0xb415cb70 x27:0x000279ef  x9=0xb4135181
        8495000	       848	800012d0	05520863	beq	x4,x21,80001320	  x4:0x00000000 x21:0x00000001
        8505000	       849	800012d4	78abb697	auipc	x13,0x78abb	 x13=0xf8abc2d0
        8515000	       850	800012d8	00f1d463	bge	x3,x15,800012e0	  x3:0x80009d5d x15:0x000007ff
        8525000	       851	800012dc	04599063	bne	x19,x5,8000131c	 x19:0x80009f84  x5:0x7aaec11c
        8535000	       852	00000000	00000013	addi	x0,x0,0	  x0:0x00000000
        8545000	       853	80001318	00000013	addi	x0,x0,0	  x0:0x00000000
        8555000	       854	8000131c	0175ca63	blt	x11,x23,80001330	 x11:0xb415cb70 x23:0x08000344
        8565000	       855	00000000	00000013	addi	x0,x0,0	  x0:0x00000000
        8575000	       856	8000132c	00000013	addi	x0,x0,0	  x0:0x00000000
        8585000	       857	80001330	01724263	blt	x4,x23,80001334	  x4:0x00000000 x23:0x08000344
        8595000	       858	00000000	00000013	addi	x0,x0,0	  x0:0x00000000
        8605000	       859	80001330	00000013	addi	x0,x0,0	  x0:0x00000000
        8615000	       860	80001334	05e5c863	blt	x11,x30,80001384	 x11:0xb415cb70 x30:0x80009fd5
        8625000	       861	80001338	41dfd333	sra	x6,x31,x29	 x31:0xf55d8238 x29:0x00000000  x6=0xf55d8238
        8635000	       862	8000133c	004da433	slt	x8,x27,x4	 x27:0x000279ef  x4:0x00000000  x8=0x00000000
        8645000	       863	80001340	0171e2b3	or	x5,x3,x23	  x3:0x80009d5d x23:0x08000344  x5=0x88009f5d
        8655000	       864	80001344	7c829cb7	lui	x25,0x7c829	 x25=0x7c829000
        8665000	       865	80001348	7d20c293	xori	x5,x1,2002	  x1:0x00027e10  x5=0x000279c2
        8675000	       866	8000134c	40688433	sub	x8,x17,x6	 x17:0x00000001  x6:0xf55d8238  x8=0x0aa27dc9
        8685000	       867	80001350	0171dc63	bge	x3,x23,80001368	  x3:0x80009d5d x23:0x08000344
        8695000	       868	80001354	01821893	slli	x17,x4,0x18	  x4:0x00000000 x17=0x00000000
        8705000	       869	80001358	40ee86b3	sub	x13,x29,x14	 x29:0x00000000 x14:0x80009f84 x13=0x7fff607c
        8715000	       870	8000135c	415b0733	sub	x14,x22,x21	 x22:0x00000000 x21:0x00000001 x14=0xffffffff
        8725000	       871	80001360	011d6cb3	or	x25,x26,x17	 x26:0x00000001 x17:0x00000000 x25=0x00000001
        8735000	       872	80001364	404a5a13	srai	x20,x20,0x4	 x20:0x00000001 x20=0x00000000
        8745000	       873	80001368	878c8b93	addi	x23,x25,-1928	 x25:0x00000001 x23=0xfffff879
        8755000	       874	8000136c	007e2eb3	slt	x29,x28,x7	 x28:0x00000000  x7:0x77e36000 x29=0x00000001
        8765000	       875	80001370	01f2e333	or	x6,x5,x31	  x5:0x000279c2 x31:0xf55d8238  x6=0xf55ffbfa
        8775000	       876	80001374	60648e93	addi	x29,x9,1542	  x9:0xb4135181 x29=0xb4135787
        8785000	       877	80001378	f88c6393	ori	x7,x24,-120	 x24:0x07fffc02  x7=0xffffff8a
        8795000	       878	8000137c	00fac863	blt	x21,x15,8000138c	 x21:0x00000001 x15:0x000007ff
        8805000	       879	00000000	00000013	addi	x0,x0,0	  x0:0x00000000
        8815000	       880	80001388	00000013	addi	x0,x0,0	  x0:0x00000000
        8825000	       881	8000138c	1f766d93	ori	x27,x12,503	 x12:0x00000000 x27=0x000001f7
        8835000	       882	80001390	35b1f393	andi	x7,x3,859	  x3:0x80009d5d  x7=0x00000159
        8845000	       883	80001394	c0d0a893	slti	x17,x1,-1011	  x1:0x00027e10 x17=0x00000000
        8855000	       884	80001398	01459a13	slli	x20,x11,0x14	 x11:0xb415cb70 x20=0xb7000000
        8865000	       885	8000139c	045d4063	blt	x26,x5,800013dc	 x26:0x00000001  x5:0x000279c2
        8875000	       886	00000000	00000013	addi	x0,x0,0	  x0:0x00000000
        8885000	       887	800013d8	00000013	addi	x0,x0,0	  x0:0x00000000
        8895000	       888	800013dc	0128ddb3	srl	x27,x17,x18	 x17:0x00000000 x18:0x00000000 x27=0x00000000
        8905000	       889	800013e0	4edb0c13	addi	x24,x22,1261	 x22:0x00000000 x24=0x000004ed
        8915000	       890	800013e4	03d1eb13	ori	x22,x3,61	  x3:0x80009d5d x22=0x80009d7d
        8925000	       891	800013e8	05ca6863	bltu	x20,x28,80001438	 x20:0xb7000000 x28:0x00000000
        8935000	       892	800013ec	004be233	or	x4,x23,x4	 x23:0xfffff879  x4:0x00000000  x4=0xfffff879
        8945000	       893	800013f0	a5f2b593	sltiu	x11,x5,-1441	  x5:0x000279c2 x11=0x00000001
        8955000	       894	800013f4	41478cb3	sub	x25,x15,x20	 x15:0x000007ff x20:0xb7000000 x25=0x490007ff
        8965000	       895	800013f8	01c7ea63	bltu	x15,x28,8000140c	 x15:0x000007ff x28:0x00000000
        8975000	       896	800013fc	045a7b93	andi	x23,x20,69	 x20:0xb7000000 x23=0x00000000
        8985000	       897	80001400	02c86263	bltu	x16,x12,80001424	 x16:0x00000001 x12:0x00000000
        8995000	       898	80001404	5ce4c393	xori	x7,x9,1486	  x9:0xb4135181  x7=0xb413544f
        9005000	       899	80001408	0495f863	bgeu	x11,x9,80001458	 x11:0x00000001  x9:0xb4135181
        9015000	       900	8000140c	41d00b33	sub	x22,x0,x29	  x0:0x00000000 x29:0xb4135787 x22=0x4beca879
        9025000	       901	80001410	013441b3	xor	x3,x8,x19	  x8:0x0aa27dc9 x19:0x80009f84  x3=0x8aa2e24d
        9035000	       902	80001414	401b5833	sra	x16,x22,x1	 x22:0x4beca879  x1:0x00027e10 x16=0x00004bec
        9045000	       903	80001418	03fd4a63	blt	x26,x31,8000144c	 x26:0x00000001 x31:0xf55d8238
        9055000	       904	8000141c	01255ab3	srl	x21,x10,x18	 x10:0x80009fc4 x18:0x00000000 x21=0x80009fc4
        9065000	       905	80001420	01e18d33	add	x26,x3,x30	  x3:0x8aa2e24d x30:0x80009fd5 x26=0x0aa38222
        9075000	       906	80001424	41b1f093	andi	x1,x3,1051	  x3:0x8aa2e24d  x1=0x00000009
        9085000	       907	80001428	cb7cee93	ori	x29,x25,-841	 x25:0x490007ff x29=0xffffffff
        9095000	       908	8000142c	01385a63	bge	x16,x19,80001440	 x16:0x00004bec x19:0x80009f84
        9105000	       909	00000000	00000013	addi	x0,x0,0	  x0:0x00000000
        9115000	       910	8000143c	00000013	addi	x0,x0,0	  x0:0x00000000
        9125000	       911	80001440	419e5733	sra	x14,x28,x25	 x28:0x00000000 x25:0x490007ff x14=0x00000000
        9135000	       912	80001444	43fe0593	addi	x11,x28,1087	 x28:0x00000000 x11=0x0000043f
        9145000	       913	80001448	0186a033	slt	x0,x13,x24	 x13:0x7fff607c x24:0x000004ed
        9155000	       914	8000144c	008babb3	slt	x23,x23,x8	 x23:0x00000000  x8:0x0aa27dc9 x23=0x00000001
        9165000	       915	80001450	56614913	xori	x18,x2,1382	  x2:0x00000001 x18=0x00000567
        9175000	       916	80001454	00fc8bb3	add	x23,x25,x15	 x25:0x490007ff x15:0x000007ff x23=0x49000ffe
        9185000	       917	80001458	01349c63	bne	x9,x19,80001470	  x9:0xb4135181 x19:0x80009f84
        9195000	       918	00000000	00000013	addi	x0,x0,0	  x0:0x00000000
        9205000	       919	8000146c	00000013	addi	x0,x0,0	  x0:0x00000000
        9215000	       920	80001470	00195c63	bge	x18,x1,80001488	 x18:0x00000567  x1:0x00000009
        9225000	       921	00000000	00000013	addi	x0,x0,0	  x0:0x00000000
        9235000	       922	80001484	00000013	addi	x0,x0,0	  x0:0x00000000
        9245000	       923	80001488	0d5fd263	bge	x31,x21,8000154c	 x31:0xf55d8238 x21:0x80009fc4
        9255000	       924	00000000	00000013	addi	x0,x0,0	  x0:0x00000000
        9265000	       925	80001548	00000013	addi	x0,x0,0	  x0:0x00000000
        9275000	       926	8000154c	016576b3	and	x13,x10,x22	 x10:0x80009fc4 x22:0x4beca879 x13=0x00008840
        9285000	       927	80001550	0042ee33	or	x28,x5,x4	  x5:0x000279c2  x4:0xfffff879 x28=0xfffff9fb
        9295000	       928	80001554	9c7ee497	auipc	x9,0x9c7ee	  x9=0x1c7ef550
        9305000	       929	80001558	00d3b233	sltu	x4,x7,x13	  x7:0xb413544f x13:0x00008840  x4=0x00000000
        9315000	       930	8000155c	1168ed13	ori	x26,x17,278	 x17:0x00000000 x26=0x00000116
        9325000	       931	80001560	00edb4b3	sltu	x9,x27,x14	 x27:0x00000000 x14:0x00000000  x9=0x00000000
        9335000	       932	80001564	0061b133	sltu	x2,x3,x6	  x3:0x8aa2e24d  x6:0xf55ffbfa  x2=0x00000001
        9345000	       933	80001568	3fec8893	addi	x17,x25,1022	 x25:0x490007ff x17=0x49000bfd
        9355000	       934	8000156c	00315893	srli	x17,x2,0x3	  x2:0x00000001 x17=0x00000000
        9365000	       935	80001570	158b7a17	auipc	x20,0x158b7	 x20=0x958b856c
        9375000	       936	80001574	01c51d13	slli	x26,x10,0x1c	 x10:0x80009fc4 x26=0x40000000
        9385000	       937	80001578	00a8d263	bge	x17,x10,8000157c	 x17:0x00000000 x10:0x80009fc4
        9395000	       938	00000000	00000013	addi	x0,x0,0	  x0:0x00000000
        9405000	       939	80001578	00000013	addi	x0,x0,0	  x0:0x00000000
        9415000	       940	8000157c	41bc5293	srai	x5,x24,0x1b	 x24:0x000004ed  x5=0x00000000
        9425000	       941	80001580	413d5c33	sra	x24,x26,x19	 x26:0x40000000 x19:0x80009f84 x24=0x04000000
        9435000	       942	80001584	03c97863	bgeu	x18,x28,800015b4	 x18:0x00000567 x28:0xfffff9fb
        9445000	       943	80001588	0109f7b3	and	x15,x19,x16	 x19:0x80009f84 x16:0x00004bec x15=0x00000b84
        9455000	       944	8000158c	40b750b3	sra	x1,x14,x11	 x14:0x00000000 x11:0x0000043f  x1=0x00000000
        9465000	       945	80001590	40a75933	sra	x18,x14,x10	 x14:0x00000000 x10:0x80009fc4 x18=0x00000000
        9475000	       946	80001594	035ce463	bltu	x25,x21,800015bc	 x25:0x490007ff x21:0x80009fc4
        9485000	       947	00000000	00000013	addi	x0,x0,0	  x0:0x00000000
        9495000	       948	800015b8	00000013	addi	x0,x0,0	  x0:0x00000000
        9505000	       949	800015bc	17584d13	xori	x26,x16,373	 x16:0x00004bec x26=0x00004a99
        9515000	       950	800015c0	05089463	bne	x17,x16,80001608	 x17:0x00000000 x16:0x00004bec
        9525000	       951	00000000	00000013	addi	x0,x0,0	  x0:0x00000000
        9535000	       952	80001604	00000013	addi	x0,x0,0	  x0:0x00000000
        9545000	       953	80001608	00e95e93	srli	x29,x18,0xe	 x18:0x00000000 x29=0x00000000
        9555000	       954	8000160c	0104e6b3	or	x13,x9,x16	  x9:0x00000000 x16:0x00004bec x13=0x00004bec
        9565000	       955	80001610	00891113	slli	x2,x18,0x8	 x18:0x00000000  x2=0x00000000
        9575000	       956	80001614	00dfc863	blt	x31,x13,80001624	 x31:0xf55d8238 x13:0x00004bec
        9585000	       957	00000000	00000013	addi	x0,x0,0	  x0:0x00000000
        9595000	       958	80001620	00000013	addi	x0,x0,0	  x0:0x00000000
        9605000	       959	80001624	40cc5593	srai	x11,x24,0xc	 x24:0x04000000 x11=0x00004000
        9615000	       960	80001628	0198d693	srli	x13,x17,0x19	 x17:0x00000000 x13=0x00000000
        9625000	       961	8000162c	035fea63	bltu	x31,x21,80001660	 x31:0xf55d8238 x21:0x80009fc4
        9635000	       962	80001630	d020a237	lui	x4,0xd020a	  x4=0xd020a000
        9645000	       963	80001634	01bc7033	and	x0,x24,x27	 x24:0x04000000 x27:0x00000000
        9655000	       964	80001638	e408a793	slti	x15,x17,-448	 x17:0x00000000 x15=0x00000000
        9665000	       965	8000163c	7a5fe137	lui	x2,0x7a5fe	  x2=0x7a5fe000
        9675000	       966	80001640	04631063	bne	x6,x6,80001680	  x6:0xf55ffbfa  x6:0xf55ffbfa
        9685000	       967	80001644	00c2a8b3	slt	x17,x5,x12	  x5:0x00000000 x12:0x00000000 x17=0x00000000
        9695000	       968	80001648	01c033b3	sltu	x7,x0,x28	  x0:0x00000000 x28:0xfffff9fb  x7=0x00000001
        9705000	       969	8000164c	0140fab3	and	x21,x1,x20	  x1:0x00000000 x20:0x958b856c x21=0x00000000
        9715000	       970	80001650	fc860713	addi	x14,x12,-56	 x12:0x00000000 x14=0xffffffc8
        9725000	       971	80001654	05435063	bge	x6,x20,80001694	  x6:0xf55ffbfa x20:0x958b856c
        9735000	       972	00000000	00000013	addi	x0,x0,0	  x0:0x00000000
        9745000	       973	80001690	00000013	addi	x0,x0,0	  x0:0x00000000
        9755000	       974	80001694	0134d5b3	srl	x11,x9,x19	  x9:0x00000000 x19:0x80009f84 x11=0x00000000
        9765000	       975	80001698	00000013	addi	x0,x0,0	  x0:0x00000000
        9775000	       976	8000169c	03f27c63	bgeu	x4,x31,800016d4	  x4:0xd020a000 x31:0xf55d8238
        9785000	       977	800016a0	013da7b3	slt	x15,x27,x19	 x27:0x00000000 x19:0x80009f84 x15=0x00000000
        9795000	       978	800016a4	0197e463	bltu	x15,x25,800016ac	 x15:0x00000000 x25:0x490007ff
        9805000	       979	00000000	00000013	addi	x0,x0,0	  x0:0x00000000
        9815000	       980	800016a8	00000013	addi	x0,x0,0	  x0:0x00000000
        9825000	       981	800016ac	f04a3493	sltiu	x9,x20,-252	 x20:0x958b856c  x9=0x00000001
        9835000	       982	800016b0	00000013	addi	x0,x0,0	  x0:0x00000000
        9845000	       983	800016b4	3ebbcc93	xori	x25,x23,1003	 x23:0x49000ffe x25=0x49000c15
        9855000	       984	800016b8	0017b5b3	sltu	x11,x15,x1	 x15:0x00000000  x1:0x00000000 x11=0x00000000
        9865000	       985	800016bc	01716933	or	x18,x2,x23	  x2:0x7a5fe000 x23:0x49000ffe x18=0x7b5feffe
        9875000	       986	800016c0	52d33db7	lui	x27,0x52d33	 x27=0x52d33000
        9885000	       987	800016c4	05b41063	bne	x8,x27,80001704	  x8:0x0aa27dc9 x27:0x52d33000
        9895000	       988	00000000	00000013	addi	x0,x0,0	  x0:0x00000000
        9905000	       989	80001700	00000013	addi	x0,x0,0	  x0:0x00000000
        9915000	       990	80001704	401d5c33	sra	x24,x26,x1	 x26:0x00004a99  x1:0x00000000 x24=0x00004a99
        9925000	       991	80001708	41d85833	sra	x16,x16,x29	 x16:0x00004bec x29:0x00000000 x16=0x00004bec
        9935000	       992	8000170c	013fa1b3	slt	x3,x31,x19	 x31:0xf55d8238 x19:0x80009f84  x3=0x00000000
        9945000	       993	80001710	e998c713	xori	x14,x17,-359	 x17:0x00000000 x14=0xfffffe99
        9955000	       994	80001714	02689863	bne	x17,x6,80001744	 x17:0x00000000  x6:0xf55ffbfa
        9965000	       995	00000000	00000013	addi	x0,x0,0	  x0:0x00000000
        9975000	       996	80001740	00000013	addi	x0,x0,0	  x0:0x00000000
        9985000	       997	80001744	00c1cb33	xor	x22,x3,x12	  x3:0x00000000 x12:0x00000000 x22=0x00000000
        9995000	       998	80001748	006b43b3	xor	x7,x22,x6	 x22:0x00000000  x6:0xf55ffbfa  x7=0xf55ffbfa
       10005000	       999	8000174c	0189d033	srl	x0,x19,x24	 x19:0x80009f84 x24:0x00004a99
       10015000	      1000	80001750	013fa7b3	slt	x15,x31,x19	 x31:0xf55d8238 x19:0x80009f84 x15=0x00000000
       10025000	      1001	80001754	012097b3	sll	x15,x1,x18	  x1:0x00000000 x18:0x7b5feffe x15=0x00000000
       10035000	      1002	80001758	019adbb3	srl	x23,x21,x25	 x21:0x00000000 x25:0x49000c15 x23=0x00000000
       10045000	      1003	8000175c	019da633	slt	x12,x27,x25	 x27:0x52d33000 x25:0x49000c15 x12=0x00000000
       10055000	      1004	80001760	03bad263	bge	x21,x27,80001784	 x21:0x00000000 x27:0x52d33000
       10065000	      1005	80001764	01b78333	add	x6,x15,x27	 x15:0x00000000 x27:0x52d33000  x6=0x52d33000
       10075000	      1006	80001768	0092e3b3	or	x7,x5,x9	  x5:0x00000000  x9:0x00000001  x7=0x00000001
       10085000	      1007	8000176c	00990a63	beq	x18,x9,80001780	 x18:0x7b5feffe  x9:0x00000001
       10095000	      1008	80001770	418f8cb3	sub	x25,x31,x24	 x31:0xf55d8238 x24:0x00004a99 x25=0xf55d379f
       10105000	      1009	80001774	4006d8b3	sra	x17,x13,x0	 x13:0x00000000  x0:0x00000000 x17=0x00000000
       10115000	      1010	80001778	013e5863	bge	x28,x19,80001788	 x28:0xfffff9fb x19:0x80009f84
       10125000	      1011	00000000	00000013	addi	x0,x0,0	  x0:0x00000000
       10135000	      1012	80001784	00000013	addi	x0,x0,0	  x0:0x00000000
       10145000	      1013	80001788	7e3bf593	andi	x11,x23,2019	 x23:0x00000000 x11=0x00000000
       10155000	      1014	8000178c	bb797093	andi	x1,x18,-1097	 x18:0x7b5feffe  x1=0x7b5febb6
       10165000	      1015	80001790	0109be33	sltu	x28,x19,x16	 x19:0x80009f84 x16:0x00004bec x28=0x00000000
       10175000	      1016	80001794	00000013	addi	x0,x0,0	  x0:0x00000000
       10185000	      1017	80001798	b7168393	addi	x7,x13,-1167	 x13:0x00000000  x7=0xfffffb71
       10195000	      1018	8000179c	41aa82b3	sub	x5,x21,x26	 x21:0x00000000 x26:0x00004a99  x5=0xffffb567
       10205000	      1019	800017a0	010eb6b3	sltu	x13,x29,x16	 x29:0x00000000 x16:0x00004bec x13=0x00000001
       10215000	      1020	800017a4	010111b3	sll	x3,x2,x16	  x2:0x7a5fe000 x16:0x00004bec  x3=0xfe000000
       10225000	      1021	800017a8	004dde63	bge	x27,x4,800017c4	 x27:0x52d33000  x4:0xd020a000
       10235000	      1022	00000000	00000013	addi	x0,x0,0	  x0:0x00000000
       10245000	      1023	800017c0	00000013	addi	x0,x0,0	  x0:0x00000000
       10255000	      1024	800017c4	4198d813	srai	x16,x17,0x19	 x17:0x00000000 x16=0x00000000
       10265000	      1025	800017c8	017bd833	srl	x16,x23,x23	 x23:0x00000000 x23:0x00000000 x16=0x00000000
       10275000	      1026	800017cc	d7c84e13	xori	x28,x16,-644	 x16:0x00000000 x28=0xfffffd7c
       10285000	      1027	800017d0	65d8b613	sltiu	x12,x17,1629	 x17:0x00000000 x12=0x00000001
       10295000	      1028	800017d4	00610333	add	x6,x2,x6	  x2:0x7a5fe000  x6:0x52d33000  x6=0xcd331000
       10305000	      1029	800017d8	01c5c6b3	xor	x13,x11,x28	 x11:0x00000000 x28:0xfffffd7c x13=0xfffffd7c
       10315000	      1030	800017dc	824d7013	andi	x0,x26,-2012	 x26:0x00004a99
       10325000	      1031	800017e0	6c57c913	xori	x18,x15,1733	 x15:0x00000000 x18=0x000006c5
       10335000	      1032	800017e4	00461413	slli	x8,x12,0x4	 x12:0x00000001  x8=0x00000010
       10345000	      1033	800017e8	01846bb3	or	x23,x8,x24	  x8:0x00000010 x24:0x00004a99 x23=0x00004a99
       10355000	      1034	800017ec	3fdf4e13	xori	x28,x30,1021	 x30:0x80009fd5 x28=0x80009c28
       10365000	      1035	800017f0	c4512b93	slti	x23,x2,-955	  x2:0x7a5fe000 x23=0x00000000
       10375000	      1036	800017f4	22a0aa13	slti	x20,x1,554	  x1:0x7b5febb6 x20=0x00000000
       10385000	      1037	800017f8	001b1713	slli	x14,x22,0x1	 x22:0x00000000 x14=0x00000000
       10395000	      1038	800017fc	a723f713	andi	x14,x7,-1422	  x7:0xfffffb71 x14=0xfffffa70
       10405000	      1039	80001800	f0eb6793	ori	x15,x22,-242	 x22:0x00000000 x15=0xffffff0e
       10415000	      1040	80001804	000f0c63	beq	x30,x0,8000181c	 x30:0x80009fd5  x0:0x00000000
       10425000	      1041	80001808	00d15a13	srli	x20,x2,0xd	  x2:0x7a5fe000 x20=0x0003d2ff
       10435000	      1042	8000180c	400c5233	sra	x4,x24,x0	 x24:0x00004a99  x0:0x00000000  x4=0x00004a99
       10445000	      1043	80001810	40f0df13	srai	x30,x1,0xf	  x1:0x7b5febb6 x30=0x0000f6bf
       10455000	      1044	80001814	41375f33	sra	x30,x14,x19	 x14:0xfffffa70 x19:0x80009f84 x30=0xffffffa7
       10465000	      1045	80001818	053c8863	beq	x25,x19,80001868	 x25:0xf55d379f x19:0x80009f84
       10475000	      1046	8000181c	00fc0333	add	x6,x24,x15	 x24:0x00004a99 x15:0xffffff0e  x6=0x000049a7
       10485000	      1047	80001820	4071da93	srai	x21,x3,0x7	  x3:0xfe000000 x21=0xfffc0000
       10495000	      1048	80001824	76000b13	addi	x22,x0,1888	  x0:0x00000000 x22=0x00000760
       10505000	      1049	80001828	5334e313	ori	x6,x9,1331	  x9:0x00000001  x6=0x00000533
       10515000	      1050	8000182c	01b63933	sltu	x18,x12,x27	 x12:0x00000001 x27:0x52d33000 x18=0x00000001
       10525000	      1051	80001830	0120e863	bltu	x1,x18,80001840	  x1:0x7b5febb6 x18:0x00000001
       10535000	      1052	80001834	60bb6d93	ori	x27,x22,1547	 x22:0x00000760 x27=0x0000076b
       10545000	      1053	80001838	057c6063	bltu	x24,x23,80001878	 x24:0x00004a99 x23:0x00000000
       10555000	      1054	8000183c	08c53113	sltiu	x2,x10,140	 x10:0x80009fc4  x2=0x00000000
       10565000	      1055	80001840	017e46b3	xor	x13,x28,x23	 x28:0x80009c28 x23:0x00000000 x13=0x80009c28
       10575000	      1056	80001844	00ee9e13	slli	x28,x29,0xe	 x29:0x00000000 x28=0x00000000
       10585000	      1057	80001848	0111e3b3	or	x7,x3,x17	  x3:0xfe000000 x17:0x00000000  x7=0xfe000000
       10595000	      1058	8000184c	00e79263	bne	x15,x14,80001850	 x15:0xffffff0e x14:0xfffffa70
       10605000	      1059	00000000	00000013	addi	x0,x0,0	  x0:0x00000000
       10615000	      1060	8000184c	00000013	addi	x0,x0,0	  x0:0x00000000
       10625000	      1061	80001850	402c5a93	srai	x21,x24,0x2	 x24:0x00004a99 x21=0x000012a6
       10635000	      1062	80001854	00089613	slli	x12,x17,0x0	 x17:0x00000000 x12=0x00000000
       10645000	      1063	80001858	01d8e263	bltu	x17,x29,8000185c	 x17:0x00000000 x29:0x00000000
       10655000	      1064	8000185c	41ba06b3	sub	x13,x20,x27	 x20:0x0003d2ff x27:0x0000076b x13=0x0003cb94
       10665000	      1065	80001860	0141dc93	srli	x25,x3,0x14	  x3:0xfe000000 x25=0x00000fe0
       10675000	      1066	80001864	aca36b13	ori	x22,x6,-1334	  x6:0x00000533 x22=0xfffffffb
       10685000	      1067	80001868	6ef86b17	auipc	x22,0x6ef86	 x22=0xeef87864
       10695000	      1068	8000186c	00922d33	slt	x26,x4,x9	  x4:0x00004a99  x9:0x00000001 x26=0x00000000
       10705000	      1069	80001870	04cc5463	bge	x24,x12,800018b8	 x24:0x00004a99 x12:0x00000000
       10715000	      1070	00000000	00000013	addi	x0,x0,0	  x0:0x00000000
       10725000	      1071	800018b4	00000013	addi	x0,x0,0	  x0:0x00000000
       10735000	      1072	800018b8	05315863	bge	x2,x19,80001908	  x2:0x00000000 x19:0x80009f84
       10745000	      1073	00000000	00000013	addi	x0,x0,0	  x0:0x00000000
       10755000	      1074	80001904	00000013	addi	x0,x0,0	  x0:0x00000000
       10765000	      1075	80001908	1ca7e597	auipc	x11,0x1ca7e	 x11=0x9ca7f904
       10775000	      1076	8000190c	00818c63	beq	x3,x8,80001924	  x3:0xfe000000  x8:0x00000010
       10785000	      1077	80001910	41338b33	sub	x22,x7,x19	  x7:0xfe000000 x19:0x80009f84 x22=0x7dff607c
       10795000	      1078	80001914	011af463	bgeu	x21,x17,8000191c	 x21:0x000012a6 x17:0x00000000
       10805000	      1079	00000000	00000013	addi	x0,x0,0	  x0:0x00000000
       10815000	      1080	80001918	00000013	addi	x0,x0,0	  x0:0x00000000
       10825000	      1081	8000191c	00c9ad33	slt	x26,x19,x12	 x19:0x80009f84 x12:0x00000000 x26=0x00000001
       10835000	      1082	80001920	019f9863	bne	x31,x25,80001930	 x31:0xf55d8238 x25:0x00000fe0
       10845000	      1083	00000000	00000013	addi	x0,x0,0	  x0:0x00000000
       10855000	      1084	8000192c	00000013	addi	x0,x0,0	  x0:0x00000000
       10865000	      1085	80001930	00ae9b33	sll	x22,x29,x10	 x29:0x00000000 x10:0x80009fc4 x22=0x00000000
       10875000	      1086	80001934	01bfc3b3	xor	x7,x31,x27	 x31:0xf55d8238 x27:0x0000076b  x7=0xf55d8553
       10885000	      1087	80001938	045a9863	bne	x21,x5,80001988	 x21:0x000012a6  x5:0xffffb567
       10895000	      1088	00000000	00000013	addi	x0,x0,0	  x0:0x00000000
       10905000	      1089	80001984	00000013	addi	x0,x0,0	  x0:0x00000000
       10915000	      1090	80001988	413c6013	ori	x0,x24,1043	 x24:0x00004a99
       10925000	      1091	8000198c	2ba73013	sltiu	x0,x14,698	 x14:0xfffffa70
       10935000	      1092	80001990	704dda17	auipc	x20,0x704dd	 x20=0xf04de98c
       10945000	      1093	80001994	40f981b3	sub	x3,x19,x15	 x19:0x80009f84 x15:0xffffff0e  x3=0x8000a076
       10955000	      1094	80001998	0097f4b3	and	x9,x15,x9	 x15:0xffffff0e  x9:0x00000001  x9=0x00000000
       10965000	      1095	8000199c	b1a42213	slti	x4,x8,-1254	  x8:0x00000010  x4=0x00000000
       10975000	      1096	800019a0	4076dab3	sra	x21,x13,x7	 x13:0x0003cb94  x7:0xf55d8553 x21=0x00000000
       10985000	      1097	800019a4	00000013	addi	x0,x0,0	  x0:0x00000000
       10995000	      1098	800019a8	41bdd613	srai	x12,x27,0x1b	 x27:0x0000076b x12=0x00000000
       11005000	      1099	800019ac	011e9433	sll	x8,x29,x17	 x29:0x00000000 x17:0x00000000  x8=0x00000000
       11015000	      1100	800019b0	0134f263	bgeu	x9,x19,800019b4	  x9:0x00000000 x19:0x80009f84
       11025000	      1101	800019b4	05079063	bne	x15,x16,800019f4	 x15:0xffffff0e x16:0x00000000
       11035000	      1102	00000000	00000013	addi	x0,x0,0	  x0:0x00000000
       11045000	      1103	800019f0	00000013	addi	x0,x0,0	  x0:0x00000000
       11055000	      1104	800019f4	00000013	addi	x0,x0,0	  x0:0x00000000
       11065000	      1105	800019f8	01490a63	beq	x18,x20,80001a0c	 x18:0x00000001 x20:0xf04de98c
       11075000	      1106	800019fc	006fb8b3	sltu	x17,x31,x6	 x31:0xf55d8238  x6:0x00000533 x17=0x00000000
       11085000	      1107	80001a00	12f64317	auipc	x6,0x12f64	  x6=0x92f659fc
       11095000	      1108	80001a04	c83cfe97	auipc	x29,0xc83cf	 x29=0x483d0a00
       11105000	      1109	80001a08	0015ca33	xor	x20,x11,x1	 x11:0x9ca7f904  x1:0x7b5febb6 x20=0xe7f812b2
       11115000	      1110	80001a0c	4b493897	auipc	x17,0x4b493	 x17=0xcb494a08
       11125000	      1111	80001a10	00000013	addi	x0,x0,0	  x0:0x00000000
       11135000	      1112	80001a14	011e00b3	add	x1,x28,x17	 x28:0x00000000 x17:0xcb494a08  x1=0xcb494a08
       11145000	      1113	80001a18	00d4c1b3	xor	x3,x9,x13	  x9:0x00000000 x13:0x0003cb94  x3=0x0003cb94
       11155000	      1114	80001a1c	56b7b317	auipc	x6,0x56b7b	  x6=0xd6b7ca18
       11165000	      1115	80001a20	0144ee63	bltu	x9,x20,80001a3c	  x9:0x00000000 x20:0xe7f812b2
       11175000	      1116	00000000	00000013	addi	x0,x0,0	  x0:0x00000000
       11185000	      1117	80001a38	00000013	addi	x0,x0,0	  x0:0x00000000
       11195000	      1118	80001a3c	038d0263	beq	x26,x24,80001a60	 x26:0x00000001 x24:0x00004a99
       11205000	      1119	80001a40	02d34c63	blt	x6,x13,80001a78	  x6:0xd6b7ca18 x13:0x0003cb94
       11215000	      1120	00000000	00000013	addi	x0,x0,0	  x0:0x00000000
       11225000	      1121	80001a74	00000013	addi	x0,x0,0	  x0:0x00000000
       11235000	      1122	80001a78	05196063	bltu	x18,x17,80001ab8	 x18:0x00000001 x17:0xcb494a08
       11245000	      1123	00000000	00000013	addi	x0,x0,0	  x0:0x00000000
       11255000	      1124	80001ab4	00000013	addi	x0,x0,0	  x0:0x00000000
       11265000	      1125	80001ab8	008e58b3	srl	x17,x28,x8	 x28:0x00000000  x8:0x00000000 x17=0x00000000
       11275000	      1126	80001abc	00000013	addi	x0,x0,0	  x0:0x00000000
       11285000	      1127	80001ac0	01739ab3	sll	x21,x7,x23	  x7:0xf55d8553 x23:0x00000000 x21=0xf55d8553
       11295000	      1128	80001ac4	01cfe933	or	x18,x31,x28	 x31:0xf55d8238 x28:0x00000000 x18=0xf55d8238
       11305000	      1129	80001ac8	017da1b3	slt	x3,x27,x23	 x27:0x0000076b x23:0x00000000  x3=0x00000000
       11315000	      1130	80001acc	59808a93	addi	x21,x1,1432	  x1:0xcb494a08 x21=0xcb494fa0
       11325000	      1131	80001ad0	05e93493	sltiu	x9,x18,94	 x18:0xf55d8238  x9=0x00000000
       11335000	      1132	80001ad4	92514193	xori	x3,x2,-1755	  x2:0x00000000  x3=0xfffff925
       11345000	      1133	80001ad8	01eb4133	xor	x2,x22,x30	 x22:0x00000000 x30:0xffffffa7  x2=0xffffffa7
       11355000	      1134	80001adc	8e874313	xori	x6,x14,-1816	 x14:0xfffffa70  x6=0x00000298
       11365000	      1135	80001ae0	041c5063	bge	x24,x1,80001b20	 x24:0x00004a99  x1:0xcb494a08
       11375000	      1136	00000000	00000013	addi	x0,x0,0	  x0:0x00000000
       11385000	      1137	80001b1c	00000013	addi	x0,x0,0	  x0:0x00000000
       11395000	      1138	80001b20	00445193	srli	x3,x8,0x4	  x8:0x00000000  x3=0x00000000
       11405000	      1139	80001b24	fd82b193	sltiu	x3,x5,-40	  x5:0xffffb567  x3=0x00000001
       11415000	      1140	80001b28	05204863	blt	x0,x18,80001b78	  x0:0x00000000 x18:0xf55d8238
       11425000	      1141	80001b2c	02601863	bne	x0,x6,80001b5c	  x0:0x00000000  x6:0x00000298
       11435000	      1142	00000000	00000013	addi	x0,x0,0	  x0:0x00000000
       11445000	      1143	80001b58	00000013	addi	x0,x0,0	  x0:0x00000000
       11455000	      1144	80001b5c	018150b3	srl	x1,x2,x24	  x2:0xffffffa7 x24:0x00004a99  x1=0x0000007f
       11465000	      1145	80001b60	f37f2237	lui	x4,0xf37f2	  x4=0xf37f2000
       11475000	      1146	80001b64	04efc863	blt	x31,x14,80001bb4	 x31:0xf55d8238 x14:0xfffffa70
       11485000	      1147	00000000	00000013	addi	x0,x0,0	  x0:0x00000000
       11495000	      1148	80001bb0	00000013	addi	x0,x0,0	  x0:0x00000000
       11505000	      1149	80001bb4	00f356b3	srl	x13,x6,x15	  x6:0x00000298 x15:0xffffff0e x13=0x00000000
       11515000	      1150	80001bb8	38d7cd13	xori	x26,x15,909	 x15:0xffffff0e x26=0xfffffc83
       11525000	      1151	80001bbc	40875033	sra	x0,x14,x8	 x14:0xfffffa70  x8:0x00000000
       11535000	      1152	80001bc0	3b5ec613	xori	x12,x29,949	 x29:0x483d0a00 x12=0x483d09b5
       11545000	      1153	80001bc4	00b10863	beq	x2,x11,80001bd4	  x2:0xffffffa7 x11:0x9ca7f904
       11555000	      1154	80001bc8	a9a00a13	addi	x20,x0,-1382	  x0:0x00000000 x20=0xfffffa9a
       11565000	      1155	80001bcc	55c23193	sltiu	x3,x4,1372	  x4:0xf37f2000  x3=0x00000000
       11575000	      1156	80001bd0	c6394813	xori	x16,x18,-925	 x18:0xf55d8238 x16=0x0aa27e5b
       11585000	      1157	80001bd4	c3123113	sltiu	x2,x4,-975	  x4:0xf37f2000  x2=0x00000001
       11595000	      1158	80001bd8	406b8433	sub	x8,x23,x6	 x23:0x00000000  x6:0x00000298  x8=0xfffffd68
       11605000	      1159	80001bdc	40ef5d13	srai	x26,x30,0xe	 x30:0xffffffa7 x26=0xffffffff
       11615000	      1160	80001be0	0548c063	blt	x17,x20,80001c20	 x17:0x00000000 x20:0xfffffa9a
       11625000	      1161	80001be4	40765a33	sra	x20,x12,x7	 x12:0x483d09b5  x7:0xf55d8553 x20=0x00000907
       11635000	      1162	80001be8	19316c37	lui	x24,0x19316	 x24=0x19316000
       11645000	      1163	80001bec	f0b60a13	addi	x20,x12,-245	 x12:0x483d09b5 x20=0x483d08c0
       11655000	      1164	80001bf0	00bd4033	xor	x0,x26,x11	 x26:0xffffffff x11:0x9ca7f904
       11665000	      1165	80001bf4	00000013	addi	x0,x0,0	  x0:0x00000000
       11675000	      1166	80001bf8	05728063	beq	x5,x23,80001c38	  x5:0xffffb567 x23:0x00000000
       11685000	      1167	80001bfc	01149f13	slli	x30,x9,0x11	  x9:0x00000000 x30=0x00000000
       11695000	      1168	80001c00	40a85013	srai	x0,x16,0xa	 x16:0x0aa27e5b
       11705000	      1169	80001c04	40225193	srai	x3,x4,0x2	  x4:0xf37f2000  x3=0xfcdfc800
       11715000	      1170	80001c08	b26a7e93	andi	x29,x20,-1242	 x20:0x483d08c0 x29=0x483d0800
       11725000	      1171	80001c0c	40a45213	srai	x4,x8,0xa	  x8:0xfffffd68  x4=0xffffffff
       11735000	      1172	80001c10	01f69c33	sll	x24,x13,x31	 x13:0x00000000 x31:0xf55d8238 x24=0x00000000
       11745000	      1173	80001c14	01ed8bb3	add	x23,x27,x30	 x27:0x0000076b x30:0x00000000 x23=0x0000076b
       11755000	      1174	80001c18	0f8eaa93	slti	x21,x29,248	 x29:0x483d0800 x21=0x00000000
       11765000	      1175	80001c1c	ac236f13	ori	x30,x6,-1342	  x6:0x00000298 x30=0xfffffada
       11775000	      1176	80001c20	01971913	slli	x18,x14,0x19	 x14:0xfffffa70 x18=0xe0000000
       11785000	      1177	80001c24	fabc7013	andi	x0,x24,-85	 x24:0x00000000
       11795000	      1178	80001c28	01e58833	add	x16,x11,x30	 x11:0x9ca7f904 x30:0xfffffada x16=0x9ca7f3de
       11805000	      1179	80001c2c	2f764db7	lui	x27,0x2f764	 x27=0x2f764000
       11815000	      1180	80001c30	01fe5693	srli	x13,x28,0x1f	 x28:0x00000000 x13=0x00000000
       11825000	      1181	80001c34	42a20393	addi	x7,x4,1066	  x4:0xffffffff  x7=0x00000429
       11835000	      1182	80001c38	02ef6c63	bltu	x30,x14,80001c70	 x30:0xfffffada x14:0xfffffa70
       11845000	      1183	80001c3c	80804a13	xori	x20,x0,-2040	  x0:0x00000000 x20=0xfffff808
       11855000	      1184	80001c40	01404bb3	xor	x23,x0,x20	  x0:0x00000000 x20:0xfffff808 x23=0xfffff808
       11865000	      1185	80001c44	01e2fb33	and	x22,x5,x30	  x5:0xffffb567 x30:0xfffffada x22=0xffffb042
       11875000	      1186	80001c48	4071d413	srai	x8,x3,0x7	  x3:0xfcdfc800  x8=0xfff9bf90
       11885000	      1187	80001c4c	ed618013	addi	x0,x3,-298	  x3:0xfcdfc800
       11895000	      1188	80001c50	dd144417	auipc	x8,0xdd144	  x8=0x5d145c4c
       11905000	      1189	80001c54	00cef4b3	and	x9,x29,x12	 x29:0x483d0800 x12:0x483d09b5  x9=0x483d0800
       11915000	      1190	80001c58	01417463	bgeu	x2,x20,80001c60	  x2:0x00000001 x20:0xfffff808
       11925000	      1191	80001c5c	20b43937	lui	x18,0x20b43	 x18=0x20b43000
       11935000	      1192	80001c60	ec038e93	addi	x29,x7,-320	  x7:0x00000429 x29=0x000002e9
       11945000	      1193	80001c64	0163c0b3	xor	x1,x7,x22	  x7:0x00000429 x22:0xffffb042  x1=0xffffb46b
       11955000	      1194	80001c68	00fa7c33	and	x24,x20,x15	 x20:0xfffff808 x15:0xffffff0e x24=0xfffff808
       11965000	      1195	80001c6c	1827fe93	andi	x29,x15,386	 x15:0xffffff0e x29=0x00000102
       11975000	      1196	80001c70	54ffb693	sltiu	x13,x31,1359	 x31:0xf55d8238 x13=0x00000000
       11985000	      1197	80001c74	05547463	bgeu	x8,x21,80001cbc	  x8:0x5d145c4c x21:0x00000000
       11995000	      1198	00000000	00000013	addi	x0,x0,0	  x0:0x00000000
       12005000	      1199	80001cb8	00000013	addi	x0,x0,0	  x0:0x00000000
       12015000	      1200	80001cbc	54fc7c97	auipc	x25,0x54fc7	 x25=0xd4fc8cb8
       12025000	      1201	80001cc0	01e10233	add	x4,x2,x30	  x2:0x00000001 x30:0xfffffada  x4=0xfffffadb
       12035000	      1202	80001cc4	542f4813	xori	x16,x30,1346	 x30:0xfffffada x16=0xffffff98
       12045000	      1203	80001cc8	05bd8e63	beq	x27,x27,80001d24	 x27:0x2f764000 x27:0x2f764000
       12055000	      1204	00000000	00000013	addi	x0,x0,0	  x0:0x00000000
       12065000	      1205	80001d20	00000013	addi	x0,x0,0	  x0:0x00000000
       12075000	      1206	80001d24	0051e8b3	or	x17,x3,x5	  x3:0xfcdfc800  x5:0xffffb567 x17=0xfffffd67
       12085000	      1207	80001d28	02fc8063	beq	x25,x15,80001d48	 x25:0xd4fc8cb8 x15:0xffffff0e
       12095000	      1208	80001d2c	88b5ea93	ori	x21,x11,-1909	 x11:0x9ca7f904 x21=0xfffff98f
       12105000	      1209	80001d30	006793b3	sll	x7,x15,x6	 x15:0xffffff0e  x6:0x00000298  x7=0x0e000000
       12115000	      1210	80001d34	4579e413	ori	x8,x19,1111	 x19:0x80009f84  x8=0x80009fd7
       12125000	      1211	80001d38	40a08f33	sub	x30,x1,x10	  x1:0xffffb46b x10:0x80009fc4 x30=0x7fff14a7
       12135000	      1212	80001d3c	01ae8a63	beq	x29,x26,80001d50	 x29:0x00000102 x26:0xffffffff
       12145000	      1213	80001d40	00975913	srli	x18,x14,0x9	 x14:0xfffffa70 x18=0x007ffffd
       12155000	      1214	80001d44	7c0b6413	ori	x8,x22,1984	 x22:0xffffb042  x8=0xffffb7c2
       12165000	      1215	80001d48	00b5d863	bge	x11,x11,80001d58	 x11:0x9ca7f904 x11:0x9ca7f904
       12175000	      1216	00000000	00000013	addi	x0,x0,0	  x0:0x00000000
       12185000	      1217	80001d54	00000013	addi	x0,x0,0	  x0:0x00000000
       12195000	      1218	80001d58	62382893	slti	x17,x16,1571	 x16:0xffffff98 x17=0x00000001
       12205000	      1219	80001d5c	93c90c13	addi	x24,x18,-1732	 x18:0x007ffffd x24=0x007ff939
       12215000	      1220	80001d60	40cb0333	sub	x6,x22,x12	 x22:0xffffb042 x12:0x483d09b5  x6=0xb7c2a68d
       12225000	      1221	80001d64	ae9cf713	andi	x14,x25,-1303	 x25:0xd4fc8cb8 x14=0xd4fc88a8
       12235000	      1222	80001d68	40565e93	srai	x29,x12,0x5	 x12:0x483d09b5 x29=0x0241e84d
       12245000	      1223	80001d6c	00cefc63	bgeu	x29,x12,80001d84	 x29:0x0241e84d x12:0x483d09b5
       12255000	      1224	80001d70	01815313	srli	x6,x2,0x18	  x2:0x00000001  x6=0x00000000
       12265000	      1225	80001d74	00000013	addi	x0,x0,0	  x0:0x00000000
       12275000	      1226	80001d78	005c3633	sltu	x12,x24,x5	 x24:0x007ff939  x5:0xffffb567 x12=0x00000001
       12285000	      1227	80001d7c	0174e463	bltu	x9,x23,80001d84	  x9:0x483d0800 x23:0xfffff808
       12295000	      1228	00000000	00000013	addi	x0,x0,0	  x0:0x00000000
       12305000	      1229	80001d80	00000013	addi	x0,x0,0	  x0:0x00000000
       12315000	      1230	80001d84	01530d33	add	x26,x6,x21	  x6:0x00000000 x21:0xfffff98f x26=0xfffff98f
       12325000	      1231	80001d88	0517f063	bgeu	x15,x17,80001dc8	 x15:0xffffff0e x17:0x00000001
       12335000	      1232	00000000	00000013	addi	x0,x0,0	  x0:0x00000000
       12345000	      1233	80001dc4	00000013	addi	x0,x0,0	  x0:0x00000000
       12355000	      1234	80001dc8	01ede1b3	or	x3,x27,x30	 x27:0x2f764000 x30:0x7fff14a7  x3=0x7fff54a7
       12365000	      1235	80001dcc	00bf9093	slli	x1,x31,0xb	 x31:0xf55d8238  x1=0xec11c000
       12375000	      1236	80001dd0	2b7ba3b7	lui	x7,0x2b7ba	  x7=0x2b7ba000
       12385000	      1237	80001dd4	01882833	slt	x16,x16,x24	 x16:0xffffff98 x24:0x007ff939 x16=0x00000001
       12395000	      1238	80001dd8	01e61263	bne	x12,x30,80001ddc	 x12:0x00000001 x30:0x7fff14a7
       12405000	      1239	00000000	00000013	addi	x0,x0,0	  x0:0x00000000
       12415000	      1240	80001dd8	00000013	addi	x0,x0,0	  x0:0x00000000
       12425000	      1241	80001ddc	057c6063	bltu	x24,x23,80001e1c	 x24:0x007ff939 x23:0xfffff808
       12435000	      1242	00000000	00000013	addi	x0,x0,0	  x0:0x00000000
       12445000	      1243	80001e18	00000013	addi	x0,x0,0	  x0:0x00000000
       12455000	      1244	80001e1c	004addb3	srl	x27,x21,x4	 x21:0xfffff98f  x4:0xfffffadb x27=0x0000001f
       12465000	      1245	80001e20	40f68133	sub	x2,x13,x15	 x13:0x00000000 x15:0xffffff0e  x2=0x000000f2
       12475000	      1246	80001e24	9af10393	addi	x7,x2,-1617	  x2:0x000000f2  x7=0xfffffaa1
       12485000	      1247	80001e28	414151b3	sra	x3,x2,x20	  x2:0x000000f2 x20:0xfffff808  x3=0x00000000
       12495000	      1248	80001e2c	01722a33	slt	x20,x4,x23	  x4:0xfffffadb x23:0xfffff808 x20=0x00000000
       12505000	      1249	80001e30	13cbf213	andi	x4,x23,316	 x23:0xfffff808  x4=0x00000008
       12515000	      1250	80001e34	76f0a313	slti	x6,x1,1903	  x1:0xec11c000  x6=0x00000001
       12525000	      1251	80001e38	01d96863	bltu	x18,x29,80001e48	 x18:0x007ffffd x29:0x0241e84d
       12535000	      1252	00000000	00000013	addi	x0,x0,0	  x0:0x00000000
       12545000	      1253	80001e44	00000013	addi	x0,x0,0	  x0:0x00000000
       12555000	      1254	80001e48	005afd33	and	x26,x21,x5	 x21:0xfffff98f  x5:0xffffb567 x26=0xffffb107
       12565000	      1255	80001e4c	3defbc93	sltiu	x25,x31,990	 x31:0xf55d8238 x25=0x00000000
       12575000	      1256	80001e50	0169e733	or	x14,x19,x22	 x19:0x80009f84 x22:0xffffb042 x14=0xffffbfc6
       12585000	      1257	80001e54	00000013	addi	x0,x0,0	  x0:0x00000000
       12595000	      1258	80001e58	1d918a17	auipc	x20,0x1d918	 x20=0x9d919e54
       12605000	      1259	80001e5c	15044f13	xori	x30,x8,336	  x8:0xffffb7c2 x30=0xffffb692
       12615000	      1260	80001e60	024b8a63	beq	x23,x4,80001e94	 x23:0xfffff808  x4:0x00000008
       12625000	      1261	80001e64	f3873093	sltiu	x1,x14,-200	 x14:0xffffbfc6  x1=0x00000001
       12635000	      1262	80001e68	3d4ba593	slti	x11,x23,980	 x23:0xfffff808 x11=0x00000001
       12645000	      1263	80001e6c	01519c13	slli	x24,x3,0x15	  x3:0x00000000 x24=0x00000000
       12655000	      1264	80001e70	0598c063	blt	x17,x25,80001eb0	 x17:0x00000001 x25:0x00000000
       12665000	      1265	80001e74	1f363393	sltiu	x7,x12,499	 x12:0x00000001  x7=0x00000001
       12675000	      1266	80001e78	e4987413	andi	x8,x16,-439	 x16:0x00000001  x8=0x00000001
       12685000	      1267	80001e7c	0170f5b3	and	x11,x1,x23	  x1:0x00000001 x23:0xfffff808 x11=0x00000000
       12695000	      1268	80001e80	000a1d13	slli	x26,x20,0x0	 x20:0x9d919e54 x26=0x9d919e54
       12705000	      1269	80001e84	00000013	addi	x0,x0,0	  x0:0x00000000
       12715000	      1270	80001e88	00dc9013	slli	x0,x25,0xd	 x25:0x00000000
       12725000	      1271	80001e8c	411bd4b3	sra	x9,x23,x17	 x23:0xfffff808 x17:0x00000001  x9=0xfffffc04
       12735000	      1272	80001e90	036ec863	blt	x29,x22,80001ec0	 x29:0x0241e84d x22:0xffffb042
       12745000	      1273	80001e94	419f5ab3	sra	x21,x30,x25	 x30:0xffffb692 x25:0x00000000 x21=0xffffb692
       12755000	      1274	80001e98	007776b3	and	x13,x14,x7	 x14:0xffffbfc6  x7:0x00000001 x13=0x00000000
       12765000	      1275	80001e9c	83b56d93	ori	x27,x10,-1989	 x10:0x80009fc4 x27=0xffffffff
       12775000	      1276	80001ea0	016d0d33	add	x26,x26,x22	 x26:0x9d919e54 x22:0xffffb042 x26=0x9d914e96
       12785000	      1277	80001ea4	00000013	addi	x0,x0,0	  x0:0x00000000
       12795000	      1278	80001ea8	26634213	xori	x4,x6,614	  x6:0x00000001  x4=0x00000267
       12805000	      1279	80001eac	055d1863	bne	x26,x21,80001efc	 x26:0x9d914e96 x21:0xffffb692
       12815000	      1280	00000000	00000013	addi	x0,x0,0	  x0:0x00000000
       12825000	      1281	80001ef8	00000013	addi	x0,x0,0	  x0:0x00000000
       12835000	      1282	80001efc	03fcc863	blt	x25,x31,80001f2c	 x25:0x00000000 x31:0xf55d8238
       12845000	      1283	80001f00	01e75033	srl	x0,x14,x30	 x14:0xffffbfc6 x30:0xffffb692
       12855000	      1284	80001f04	01886863	bltu	x16,x24,80001f14	 x16:0x00000001 x24:0x00000000
       12865000	      1285	80001f08	7e85a393	slti	x7,x11,2024	 x11:0x00000000  x7=0x00000001
       12875000	      1286	80001f0c	01486cb3	or	x25,x16,x20	 x16:0x00000001 x20:0x9d919e54 x25=0x9d919e55
       12885000	      1287	80001f10	00069593	slli	x11,x13,0x0	 x13:0x00000000 x11=0x00000000
       12895000	      1288	80001f14	e2c22293	slti	x5,x4,-468	  x4:0x00000267  x5=0x00000000
       12905000	      1289	80001f18	0393e063	bltu	x7,x25,80001f38	  x7:0x00000001 x25:0x9d919e55
       12915000	      1290	00000000	00000013	addi	x0,x0,0	  x0:0x00000000
       12925000	      1291	80001f34	00000013	addi	x0,x0,0	  x0:0x00000000
       12935000	      1292	80001f38	01dd1033	sll	x0,x26,x29	 x26:0x9d914e96 x29:0x0241e84d
       12945000	      1293	80001f3c	35503137	lui	x2,0x35503	  x2=0x35503000
       12955000	      1294	80001f40	05fc4063	blt	x24,x31,80001f80	 x24:0x00000000 x31:0xf55d8238
       12965000	      1295	80001f44	00949bb3	sll	x23,x9,x9	  x9:0xfffffc04  x9:0xfffffc04 x23=0xffffc040
       12975000	      1296	80001f48	05a71863	bne	x14,x26,80001f98	 x14:0xffffbfc6 x26:0x9d914e96
       12985000	      1297	00000000	00000013	addi	x0,x0,0	  x0:0x00000000
       12995000	      1298	80001f94	00000013	addi	x0,x0,0	  x0:0x00000000
       13005000	      1299	80001f98	0316c063	blt	x13,x17,80001fb8	 x13:0x00000000 x17:0x00000001
       13015000	      1300	00000000	00000013	addi	x0,x0,0	  x0:0x00000000
       13025000	      1301	80001fb4	00000013	addi	x0,x0,0	  x0:0x00000000
       13035000	      1302	80001fb8	320c8f13	addi	x30,x25,800	 x25:0x9d919e55 x30=0x9d91a175
       13045000	      1303	80001fbc	915a0693	addi	x13,x20,-1771	 x20:0x9d919e54 x13=0x9d919769
       13055000	      1304	80001fc0	00980eb3	add	x29,x16,x9	 x16:0x00000001  x9:0xfffffc04 x29=0xfffffc05
       13065000	      1305	80001fc4	01b7d233	srl	x4,x15,x27	 x15:0xffffff0e x27:0xffffffff  x4=0x00000001
       13075000	      1306	80001fc8	ef6f8713	addi	x14,x31,-266	 x31:0xf55d8238 x14=0xf55d812e
       13085000	      1307	80001fcc	012afd33	and	x26,x21,x18	 x21:0xffffb692 x18:0x007ffffd x26=0x007fb690
       13095000	      1308	80001fd0	00f4d863	bge	x9,x15,80001fe0	  x9:0xfffffc04 x15:0xffffff0e
       13105000	      1309	80001fd4	06b0fc63	bgeu	x1,x11,8000204c	  x1:0x00000001 x11:0x00000000
       13115000	      1310	00000000	00000013	addi	x0,x0,0	  x0:0x00000000
       13125000	      1311	80002048	00000013	addi	x0,x0,0	  x0:0x00000000
       13135000	      1312	8000204c	403851b3	sra	x3,x16,x3	 x16:0x00000001  x3:0x00000000  x3=0x00000001
       13145000	      1313	80002050	679a8593	addi	x11,x21,1657	 x21:0xffffb692 x11=0xffffbd0b
       13155000	      1314	80002054	056f4063	blt	x30,x22,80002094	 x30:0x9d91a175 x22:0xffffb042
       13165000	      1315	00000000	00000013	addi	x0,x0,0	  x0:0x00000000
       13175000	      1316	80002090	00000013	addi	x0,x0,0	  x0:0x00000000
       13185000	      1317	80002094	0045c5b3	xor	x11,x11,x4	 x11:0xffffbd0b  x4:0x00000001 x11=0xffffbd0a
       13195000	      1318	80002098	00000013	addi	x0,x0,0	  x0:0x00000000
       13205000	      1319	8000209c	ca7fe8b7	lui	x17,0xca7fe	 x17=0xca7fe000
       13215000	      1320	800020a0	01921863	bne	x4,x25,800020b0	  x4:0x00000001 x25:0x9d919e55
       13225000	      1321	00000000	00000013	addi	x0,x0,0	  x0:0x00000000
       13235000	      1322	800020ac	00000013	addi	x0,x0,0	  x0:0x00000000
       13245000	      1323	800020b0	005c8db3	add	x27,x25,x5	 x25:0x9d919e55  x5:0x00000000 x27=0x9d919e55
       13255000	      1324	800020b4	00dff263	bgeu	x31,x13,800020b8	 x31:0xf55d8238 x13:0x9d919769
       13265000	      1325	00000000	00000013	addi	x0,x0,0	  x0:0x00000000
       13275000	      1326	800020b4	00000013	addi	x0,x0,0	  x0:0x00000000
       13285000	      1327	800020b8	01f502b3	add	x5,x10,x31	 x10:0x80009fc4 x31:0xf55d8238  x5=0x755e21fc
       13295000	      1328	800020bc	4107d813	srai	x16,x15,0x10	 x15:0xffffff0e x16=0xffffffff
       13305000	      1329	800020c0	019c0c63	beq	x24,x25,800020d8	 x24:0x00000000 x25:0x9d919e55
       13315000	      1330	800020c4	41130cb3	sub	x25,x6,x17	  x6:0x00000001 x17:0xca7fe000 x25=0x35802001
       13325000	      1331	800020c8	006ad913	srli	x18,x21,0x6	 x21:0xffffb692 x18=0x03fffeda
       13335000	      1332	800020cc	00fa0463	beq	x20,x15,800020d4	 x20:0x9d919e54 x15:0xffffff0e
       13345000	      1333	800020d0	3131e113	ori	x2,x3,787	  x3:0x00000001  x2=0x00000313
       13355000	      1334	800020d4	4094d813	srai	x16,x9,0x9	  x9:0xfffffc04 x16=0xfffffffe
       13365000	      1335	800020d8	00c71113	slli	x2,x14,0xc	 x14:0xf55d812e  x2=0xd812e000
       13375000	      1336	800020dc	00000f97	auipc	x31,0x0	 x31=0x800020d8
       13385000	      1337	800020e0	00cf8f93	addi	x31,x31,12	 x31:0x800020d8 x31=0x800020e4
       13395000	      1338	800020e4	000f8067	jalr	x0,x31,0	 x31:0x800020e4
       13405000	      1339	00000000	00000013	addi	x0,x0,0	  x0:0x00000000
       13415000	      1340	800020e4	00000013	addi	x0,x0,0	  x0:0x00000000
       13425000	      1341	800020e8	00100193	addi	x3,x0,1	  x0:0x00000000  x3=0x00000001
       13435000	      1342	800020ec	00000073	ecall	
       13445000	      1343	800020f0	00b21133	sll	x2,x4,x11	  x4:0x00000001 x11:0xffffbd0a  x2=0x00000400
