		Time			Cycle	PC		Insn	Decoded instruction	Register and memory contents
          65000	         5	80000004	00000293	addi	x5,x0,0	  x0:0x00000000  x5=0x00000000
          75000	         6	80000008	00000313	addi	x6,x0,0	  x0:0x00000000  x6=0x00000000
          85000	         7	8000000c	00628263	beq	x5,x6,80000010	  x5:0x00000000  x6:0x00000000
          95000	         8	00000000	00000013	addi	x0,x0,0	  x0:0x00000000
         105000	         9	8000000c	00000013	addi	x0,x0,0	  x0:0x00000000
         115000	        10	80000010	00000517	auipc	x10,0x0	 x10=0x8000000c
         125000	        11	80000014	00c50513	addi	x10,x10,12	 x10:0x8000000c x10=0x80000018
         135000	        12	80000018	00050067	jalr	x0,x10,0	 x10:0x80000018
         145000	        13	00000000	00000013	addi	x0,x0,0	  x0:0x00000000
         155000	        14	80000018	00000013	addi	x0,x0,0	  x0:0x00000000
         165000	        15	8000001c	40000cb7	lui	x25,0x40000	 x25=0x40000000
         175000	        16	80000020	100c8c93	addi	x25,x25,256	 x25:0x40000000 x25=0x40000100
         185000	        17	80000024	00000013	addi	x0,x0,0	  x0:0x00000000
         195000	        18	80000028	0000a717	auipc	x14,0xa	 x14=0x8000a024
         205000	        19	8000002c	fa070713	addi	x14,x14,-96	 x14:0x8000a024 x14=0x80009fc4
         215000	        20	80000030	00005c97	auipc	x25,0x5	 x25=0x8000502c
         225000	        21	80000034	fe4c8c93	addi	x25,x25,-28	 x25:0x8000502c x25=0x80005010
         235000	        22	80000038	001cec93	ori	x25,x25,1	 x25:0x80005010 x25=0x80005011
         245000	        23	8000003c	00000013	addi	x0,x0,0	  x0:0x00000000
         255000	        24	80000040	00000c97	auipc	x25,0x0	 x25=0x8000003c
         265000	        25	80000044	020c8c93	addi	x25,x25,32	 x25:0x8000003c x25=0x8000005c
         275000	        26	80000048	00000013	addi	x0,x0,0	  x0:0x00000000
         285000	        27	8000004c	00000013	addi	x0,x0,0	  x0:0x00000000
         295000	        28	80000050	00002cb7	lui	x25,0x2	 x25=0x00002000
         305000	        29	80000054	800c8c93	addi	x25,x25,-2048	 x25:0x00002000 x25=0x00001800
         315000	        30	80000058	00000013	addi	x0,x0,0	  x0:0x00000000
         325000	        31	8000005c	00000013	addi	x0,x0,0	  x0:0x00000000
         335000	        32	80000060	80000037	lui	x0,0x80000	
         345000	        33	80000064	00000013	addi	x0,x0,0	  x0:0x00000000
         355000	        34	80000068	70cea0b7	lui	x1,0x70cea	  x1=0x70cea000
         365000	        35	8000006c	ffb08093	addi	x1,x1,-5	  x1:0x70cea000  x1=0x70ce9ffb
         375000	        36	80000070	f3200137	lui	x2,0xf3200	  x2=0xf3200000
         385000	        37	80000074	6a610113	addi	x2,x2,1702	  x2:0xf3200000  x2=0xf32006a6
         395000	        38	80000078	00200193	addi	x3,x0,2	  x0:0x00000000  x3=0x00000002
         405000	        39	8000007c	00000213	addi	x4,x0,0	  x0:0x00000000  x4=0x00000000
         415000	        40	80000080	800002b7	lui	x5,0x80000	  x5=0x80000000
         425000	        41	80000084	800003b7	lui	x7,0x80000	  x7=0x80000000
         435000	        42	80000088	80000437	lui	x8,0x80000	  x8=0x80000000
         445000	        43	8000008c	00b00493	addi	x9,x0,11	  x0:0x00000000  x9=0x0000000b
         455000	        44	80000090	80000537	lui	x10,0x80000	 x10=0x80000000
         465000	        45	80000094	00f00593	addi	x11,x0,15	  x0:0x00000000 x11=0x0000000f
         475000	        46	80000098	9a6ca637	lui	x12,0x9a6ca	 x12=0x9a6ca000
         485000	        47	8000009c	1ca60613	addi	x12,x12,458	 x12:0x9a6ca000 x12=0x9a6ca1ca
         495000	        48	800000a0	00400693	addi	x13,x0,4	  x0:0x00000000 x13=0x00000004
         505000	        49	800000a4	800007b7	lui	x15,0x80000	 x15=0x80000000
         515000	        50	800000a8	80000837	lui	x16,0x80000	 x16=0x80000000
         525000	        51	800000ac	fac468b7	lui	x17,0xfac46	 x17=0xfac46000
         535000	        52	800000b0	81388893	addi	x17,x17,-2029	 x17:0xfac46000 x17=0xfac45813
         545000	        53	800000b4	00000913	addi	x18,x0,0	  x0:0x00000000 x18=0x00000000
         555000	        54	800000b8	800009b7	lui	x19,0x80000	 x19=0x80000000
         565000	        55	800000bc	00a00a13	addi	x20,x0,10	  x0:0x00000000 x20=0x0000000a
         575000	        56	800000c0	e37f3ab7	lui	x21,0xe37f3	 x21=0xe37f3000
         585000	        57	800000c4	988a8a93	addi	x21,x21,-1656	 x21:0xe37f3000 x21=0xe37f2988
         595000	        58	800000c8	00d00b13	addi	x22,x0,13	  x0:0x00000000 x22=0x0000000d
         605000	        59	800000cc	00000b93	addi	x23,x0,0	  x0:0x00000000 x23=0x00000000
         615000	        60	800000d0	00b00c13	addi	x24,x0,11	  x0:0x00000000 x24=0x0000000b
         625000	        61	800000d4	fd111cb7	lui	x25,0xfd111	 x25=0xfd111000
         635000	        62	800000d8	0fdc8c93	addi	x25,x25,253	 x25:0xfd111000 x25=0xfd1110fd
         645000	        63	800000dc	f4384d37	lui	x26,0xf4384	 x26=0xf4384000
         655000	        64	800000e0	fefd0d13	addi	x26,x26,-17	 x26:0xf4384000 x26=0xf4383fef
         665000	        65	800000e4	00000d93	addi	x27,x0,0	  x0:0x00000000 x27=0x00000000
         675000	        66	800000e8	80000e37	lui	x28,0x80000	 x28=0x80000000
         685000	        67	800000ec	f27d1eb7	lui	x29,0xf27d1	 x29=0xf27d1000
         695000	        68	800000f0	0f8e8e93	addi	x29,x29,248	 x29:0xf27d1000 x29=0xf27d10f8
         705000	        69	800000f4	00000f13	addi	x30,x0,0	  x0:0x00000000 x30=0x00000000
         715000	        70	800000f8	8e182fb7	lui	x31,0x8e182	 x31=0x8e182000
         725000	        71	800000fc	071f8f93	addi	x31,x31,113	 x31:0x8e182000 x31=0x8e182071
         735000	        72	80000100	0000a317	auipc	x6,0xa	  x6=0x8000a0fc
         745000	        73	80000104	e8830313	addi	x6,x6,-376	  x6:0x8000a0fc  x6=0x80009f84
         755000	        74	80000108	00c008ef	jal	x17,80000108	 x17=0x80000108
         765000	        75	00000000	00000013	addi	x0,x0,0	  x0:0x00000000
         775000	        76	80000110	00000013	addi	x0,x0,0	  x0:0x00000000
         785000	        77	80000114	014000ef	jal	x1,80000114	  x1=0x80000114
         795000	        78	00000000	00000013	addi	x0,x0,0	  x0:0x00000000
         805000	        79	80000124	00000013	addi	x0,x0,0	  x0:0x00000000
         815000	        80	80000128	008000ef	jal	x1,80000128	  x1=0x80000128
         825000	        81	00000000	00000013	addi	x0,x0,0	  x0:0x00000000
         835000	        82	8000012c	00000013	addi	x0,x0,0	  x0:0x00000000
         845000	        83	80000130	fedff0ef	jal	x1,80000130	  x1=0x80000130
         855000	        84	00000000	00000013	addi	x0,x0,0	  x0:0x00000000
         865000	        85	80000118	00000013	addi	x0,x0,0	  x0:0x00000000
         875000	        86	8000011c	01c000ef	jal	x1,8000011c	  x1=0x8000011c
         885000	        87	00000000	00000013	addi	x0,x0,0	  x0:0x00000000
         895000	        88	80000134	00000013	addi	x0,x0,0	  x0:0x00000000
         905000	        89	80000138	fedff0ef	jal	x1,80000138	  x1=0x80000138
         915000	        90	00000000	00000013	addi	x0,x0,0	  x0:0x00000000
         925000	        91	80000120	00000013	addi	x0,x0,0	  x0:0x00000000
         935000	        92	80000124	008000ef	jal	x1,80000124	  x1=0x80000124
         945000	        93	00000000	00000013	addi	x0,x0,0	  x0:0x00000000
         955000	        94	80000128	00000013	addi	x0,x0,0	  x0:0x00000000
         965000	        95	8000012c	fe1ffeef	jal	x29,8000012c	 x29=0x8000012c
         975000	        96	00000000	00000013	addi	x0,x0,0	  x0:0x00000000
         985000	        97	80000108	00000013	addi	x0,x0,0	  x0:0x00000000
         995000	        98	8000010c	004000ef	jal	x1,8000010c	  x1=0x8000010c
        1005000	        99	00000000	00000013	addi	x0,x0,0	  x0:0x00000000
        1015000	       100	8000010c	00000013	addi	x0,x0,0	  x0:0x00000000
        1025000	       101	80000110	024000ef	jal	x1,80000110	  x1=0x80000110
        1035000	       102	00000000	00000013	addi	x0,x0,0	  x0:0x00000000
        1045000	       103	80000130	00000013	addi	x0,x0,0	  x0:0x00000000
        1055000	       104	80000134	fedff2ef	jal	x5,80000134	  x5=0x80000134
        1065000	       105	00000000	00000013	addi	x0,x0,0	  x0:0x00000000
        1075000	       106	8000011c	00000013	addi	x0,x0,0	  x0:0x00000000
        1085000	       107	80000120	ff9ff0ef	jal	x1,80000120	  x1=0x80000120
        1095000	       108	00000000	00000013	addi	x0,x0,0	  x0:0x00000000
        1105000	       109	80000114	00000013	addi	x0,x0,0	  x0:0x00000000
        1115000	       110	80000118	024002ef	jal	x5,80000118	  x5=0x80000118
        1125000	       111	00000000	00000013	addi	x0,x0,0	  x0:0x00000000
        1135000	       112	80000138	00000013	addi	x0,x0,0	  x0:0x00000000
        1145000	       113	8000013c	00b01d33	sll	x26,x0,x11	  x0:0x00000000 x11:0x0000000f x26=0x00000000
        1155000	       114	80000140	014008ef	jal	x17,80000140	 x17=0x80000140
        1165000	       115	00000000	00000013	addi	x0,x0,0	  x0:0x00000000
        1175000	       116	80000150	00000013	addi	x0,x0,0	  x0:0x00000000
        1185000	       117	80000154	008000ef	jal	x1,80000154	  x1=0x80000154
        1195000	       118	00000000	00000013	addi	x0,x0,0	  x0:0x00000000
        1205000	       119	80000158	00000013	addi	x0,x0,0	  x0:0x00000000
        1215000	       120	8000015c	ffdff0ef	jal	x1,8000015c	  x1=0x8000015c
        1225000	       121	00000000	00000013	addi	x0,x0,0	  x0:0x00000000
        1235000	       122	80000154	00000013	addi	x0,x0,0	  x0:0x00000000
        1245000	       123	80000158	ff9ff0ef	jal	x1,80000158	  x1=0x80000158
        1255000	       124	00000000	00000013	addi	x0,x0,0	  x0:0x00000000
        1265000	       125	8000014c	00000013	addi	x0,x0,0	  x0:0x00000000
        1275000	       126	80000150	ff5ff0ef	jal	x1,80000150	  x1=0x80000150
        1285000	       127	00000000	00000013	addi	x0,x0,0	  x0:0x00000000
        1295000	       128	80000140	00000013	addi	x0,x0,0	  x0:0x00000000
        1305000	       129	80000144	034000ef	jal	x1,80000144	  x1=0x80000144
        1315000	       130	00000000	00000013	addi	x0,x0,0	  x0:0x00000000
        1325000	       131	80000174	00000013	addi	x0,x0,0	  x0:0x00000000
        1335000	       132	80000178	fe9ff0ef	jal	x1,80000178	  x1=0x80000178
        1345000	       133	00000000	00000013	addi	x0,x0,0	  x0:0x00000000
        1355000	       134	8000015c	00000013	addi	x0,x0,0	  x0:0x00000000
        1365000	       135	80000160	01c00f6f	jal	x30,80000160	 x30=0x80000160
        1375000	       136	00000000	00000013	addi	x0,x0,0	  x0:0x00000000
        1385000	       137	80000178	00000013	addi	x0,x0,0	  x0:0x00000000
        1395000	       138	8000017c	fcdfff6f	jal	x30,8000017c	 x30=0x8000017c
        1405000	       139	00000000	00000013	addi	x0,x0,0	  x0:0x00000000
        1415000	       140	80000144	00000013	addi	x0,x0,0	  x0:0x00000000
        1425000	       141	80000148	02c009ef	jal	x19,80000148	 x19=0x80000148
        1435000	       142	00000000	00000013	addi	x0,x0,0	  x0:0x00000000
        1445000	       143	80000170	00000013	addi	x0,x0,0	  x0:0x00000000
        1455000	       144	80000174	010000ef	jal	x1,80000174	  x1=0x80000174
        1465000	       145	00000000	00000013	addi	x0,x0,0	  x0:0x00000000
        1475000	       146	80000180	00000013	addi	x0,x0,0	  x0:0x00000000
        1485000	       147	80000184	fe9ff0ef	jal	x1,80000184	  x1=0x80000184
        1495000	       148	00000000	00000013	addi	x0,x0,0	  x0:0x00000000
        1505000	       149	80000168	00000013	addi	x0,x0,0	  x0:0x00000000
        1515000	       150	8000016c	004001ef	jal	x3,8000016c	  x3=0x8000016c
        1525000	       151	00000000	00000013	addi	x0,x0,0	  x0:0x00000000
        1535000	       152	8000016c	00000013	addi	x0,x0,0	  x0:0x00000000
        1545000	       153	80000170	ff9ff66f	jal	x12,80000170	 x12=0x80000170
        1555000	       154	00000000	00000013	addi	x0,x0,0	  x0:0x00000000
        1565000	       155	80000164	00000013	addi	x0,x0,0	  x0:0x00000000
        1575000	       156	80000168	fe5ffe6f	jal	x28,80000168	 x28=0x80000168
        1585000	       157	00000000	00000013	addi	x0,x0,0	  x0:0x00000000
        1595000	       158	80000148	00000013	addi	x0,x0,0	  x0:0x00000000
        1605000	       159	8000014c	018009ef	jal	x19,8000014c	 x19=0x8000014c
        1615000	       160	00000000	00000013	addi	x0,x0,0	  x0:0x00000000
        1625000	       161	80000160	00000013	addi	x0,x0,0	  x0:0x00000000
        1635000	       162	80000164	01c001ef	jal	x3,80000164	  x3=0x80000164
        1645000	       163	00000000	00000013	addi	x0,x0,0	  x0:0x00000000
        1655000	       164	8000017c	00000013	addi	x0,x0,0	  x0:0x00000000
        1665000	       165	80000180	008008ef	jal	x17,80000180	 x17=0x80000180
        1675000	       166	00000000	00000013	addi	x0,x0,0	  x0:0x00000000
        1685000	       167	80000184	00000013	addi	x0,x0,0	  x0:0x00000000
        1695000	       168	80000188	86c71e37	lui	x28,0x86c71	 x28=0x86c71000
        1705000	       169	8000018c	040008ef	jal	x17,8000018c	 x17=0x8000018c
        1715000	       170	00000000	00000013	addi	x0,x0,0	  x0:0x00000000
        1725000	       171	800001c8	00000013	addi	x0,x0,0	  x0:0x00000000
        1735000	       172	800001cc	ff1ff3ef	jal	x7,800001cc	  x7=0x800001cc
        1745000	       173	00000000	00000013	addi	x0,x0,0	  x0:0x00000000
        1755000	       174	800001b8	00000013	addi	x0,x0,0	  x0:0x00000000
        1765000	       175	800001bc	ff1fff6f	jal	x30,800001bc	 x30=0x800001bc
        1775000	       176	00000000	00000013	addi	x0,x0,0	  x0:0x00000000
        1785000	       177	800001a8	00000013	addi	x0,x0,0	  x0:0x00000000
        1795000	       178	800001ac	01c000ef	jal	x1,800001ac	  x1=0x800001ac
        1805000	       179	00000000	00000013	addi	x0,x0,0	  x0:0x00000000
        1815000	       180	800001c4	00000013	addi	x0,x0,0	  x0:0x00000000
        1825000	       181	800001c8	008000ef	jal	x1,800001c8	  x1=0x800001c8
        1835000	       182	00000000	00000013	addi	x0,x0,0	  x0:0x00000000
        1845000	       183	800001cc	00000013	addi	x0,x0,0	  x0:0x00000000
        1855000	       184	800001d0	fc5ff0ef	jal	x1,800001d0	  x1=0x800001d0
        1865000	       185	00000000	00000013	addi	x0,x0,0	  x0:0x00000000
        1875000	       186	80000190	00000013	addi	x0,x0,0	  x0:0x00000000
        1885000	       187	80000194	014001ef	jal	x3,80000194	  x3=0x80000194
        1895000	       188	00000000	00000013	addi	x0,x0,0	  x0:0x00000000
        1905000	       189	800001a4	00000013	addi	x0,x0,0	  x0:0x00000000
        1915000	       190	800001a8	ff5ff8ef	jal	x17,800001a8	 x17=0x800001a8
        1925000	       191	00000000	00000013	addi	x0,x0,0	  x0:0x00000000
        1935000	       192	80000198	00000013	addi	x0,x0,0	  x0:0x00000000
        1945000	       193	8000019c	008000ef	jal	x1,8000019c	  x1=0x8000019c
        1955000	       194	00000000	00000013	addi	x0,x0,0	  x0:0x00000000
        1965000	       195	800001a0	00000013	addi	x0,x0,0	  x0:0x00000000
        1975000	       196	800001a4	00c00fef	jal	x31,800001a4	 x31=0x800001a4
        1985000	       197	00000000	00000013	addi	x0,x0,0	  x0:0x00000000
        1995000	       198	800001ac	00000013	addi	x0,x0,0	  x0:0x00000000
        2005000	       199	800001b0	fe9ff0ef	jal	x1,800001b0	  x1=0x800001b0
        2015000	       200	00000000	00000013	addi	x0,x0,0	  x0:0x00000000
        2025000	       201	80000194	00000013	addi	x0,x0,0	  x0:0x00000000
        2035000	       202	80000198	ff9ff0ef	jal	x1,80000198	  x1=0x80000198
        2045000	       203	00000000	00000013	addi	x0,x0,0	  x0:0x00000000
        2055000	       204	8000018c	00000013	addi	x0,x0,0	  x0:0x00000000
        2065000	       205	80000190	034000ef	jal	x1,80000190	  x1=0x80000190
        2075000	       206	00000000	00000013	addi	x0,x0,0	  x0:0x00000000
        2085000	       207	800001c0	00000013	addi	x0,x0,0	  x0:0x00000000
        2095000	       208	800001c4	ff5ff0ef	jal	x1,800001c4	  x1=0x800001c4
        2105000	       209	00000000	00000013	addi	x0,x0,0	  x0:0x00000000
        2115000	       210	800001b4	00000013	addi	x0,x0,0	  x0:0x00000000
        2125000	       211	800001b8	ffdff2ef	jal	x5,800001b8	  x5=0x800001b8
        2135000	       212	00000000	00000013	addi	x0,x0,0	  x0:0x00000000
        2145000	       213	800001b0	00000013	addi	x0,x0,0	  x0:0x00000000
        2155000	       214	800001b4	fedffdef	jal	x27,800001b4	 x27=0x800001b4
        2165000	       215	00000000	00000013	addi	x0,x0,0	  x0:0x00000000
        2175000	       216	8000019c	00000013	addi	x0,x0,0	  x0:0x00000000
        2185000	       217	800001a0	020005ef	jal	x11,800001a0	 x11=0x800001a0
        2195000	       218	00000000	00000013	addi	x0,x0,0	  x0:0x00000000
        2205000	       219	800001bc	00000013	addi	x0,x0,0	  x0:0x00000000
        2215000	       220	800001c0	014000ef	jal	x1,800001c0	  x1=0x800001c0
        2225000	       221	00000000	00000013	addi	x0,x0,0	  x0:0x00000000
        2235000	       222	800001d0	00000013	addi	x0,x0,0	  x0:0x00000000
        2245000	       223	800001d4	00bcc933	xor	x18,x25,x11	 x25:0xfd1110fd x11:0x800001a0 x18=0x7d11115d
        2255000	       224	800001d8	03c008ef	jal	x17,800001d8	 x17=0x800001d8
        2265000	       225	00000000	00000013	addi	x0,x0,0	  x0:0x00000000
        2275000	       226	80000210	00000013	addi	x0,x0,0	  x0:0x00000000
        2285000	       227	80000214	fd9ff0ef	jal	x1,80000214	  x1=0x80000214
        2295000	       228	00000000	00000013	addi	x0,x0,0	  x0:0x00000000
        2305000	       229	800001e8	00000013	addi	x0,x0,0	  x0:0x00000000
        2315000	       230	800001ec	024000ef	jal	x1,800001ec	  x1=0x800001ec
        2325000	       231	00000000	00000013	addi	x0,x0,0	  x0:0x00000000
        2335000	       232	8000020c	00000013	addi	x0,x0,0	  x0:0x00000000
        2345000	       233	80000210	fd1ff0ef	jal	x1,80000210	  x1=0x80000210
        2355000	       234	00000000	00000013	addi	x0,x0,0	  x0:0x00000000
        2365000	       235	800001dc	00000013	addi	x0,x0,0	  x0:0x00000000
        2375000	       236	800001e0	020002ef	jal	x5,800001e0	  x5=0x800001e0
        2385000	       237	00000000	00000013	addi	x0,x0,0	  x0:0x00000000
        2395000	       238	800001fc	00000013	addi	x0,x0,0	  x0:0x00000000
        2405000	       239	80000200	00c000ef	jal	x1,80000200	  x1=0x80000200
        2415000	       240	00000000	00000013	addi	x0,x0,0	  x0:0x00000000
        2425000	       241	80000208	00000013	addi	x0,x0,0	  x0:0x00000000
        2435000	       242	8000020c	ff1ffdef	jal	x27,8000020c	 x27=0x8000020c
        2445000	       243	00000000	00000013	addi	x0,x0,0	  x0:0x00000000
        2455000	       244	800001f8	00000013	addi	x0,x0,0	  x0:0x00000000
        2465000	       245	800001fc	fe1ff86f	jal	x16,800001fc	 x16=0x800001fc
        2475000	       246	00000000	00000013	addi	x0,x0,0	  x0:0x00000000
        2485000	       247	800001d8	00000013	addi	x0,x0,0	  x0:0x00000000
        2495000	       248	800001dc	018000ef	jal	x1,800001dc	  x1=0x800001dc
        2505000	       249	00000000	00000013	addi	x0,x0,0	  x0:0x00000000
        2515000	       250	800001f0	00000013	addi	x0,x0,0	  x0:0x00000000
        2525000	       251	800001f4	014009ef	jal	x19,800001f4	 x19=0x800001f4
        2535000	       252	00000000	00000013	addi	x0,x0,0	  x0:0x00000000
        2545000	       253	80000204	00000013	addi	x0,x0,0	  x0:0x00000000
        2555000	       254	80000208	ff1ff0ef	jal	x1,80000208	  x1=0x80000208
        2565000	       255	00000000	00000013	addi	x0,x0,0	  x0:0x00000000
        2575000	       256	800001f4	00000013	addi	x0,x0,0	  x0:0x00000000
        2585000	       257	800001f8	ff1ff0ef	jal	x1,800001f8	  x1=0x800001f8
        2595000	       258	00000000	00000013	addi	x0,x0,0	  x0:0x00000000
        2605000	       259	800001e4	00000013	addi	x0,x0,0	  x0:0x00000000
        2615000	       260	800001e8	ffdff0ef	jal	x1,800001e8	  x1=0x800001e8
        2625000	       261	00000000	00000013	addi	x0,x0,0	  x0:0x00000000
        2635000	       262	800001e0	00000013	addi	x0,x0,0	  x0:0x00000000
        2645000	       263	800001e4	020000ef	jal	x1,800001e4	  x1=0x800001e4
        2655000	       264	00000000	00000013	addi	x0,x0,0	  x0:0x00000000
        2665000	       265	80000200	00000013	addi	x0,x0,0	  x0:0x00000000
        2675000	       266	80000204	fedff0ef	jal	x1,80000204	  x1=0x80000204
        2685000	       267	00000000	00000013	addi	x0,x0,0	  x0:0x00000000
        2695000	       268	800001ec	00000013	addi	x0,x0,0	  x0:0x00000000
        2705000	       269	800001f0	028002ef	jal	x5,800001f0	  x5=0x800001f0
        2715000	       270	00000000	00000013	addi	x0,x0,0	  x0:0x00000000
        2725000	       271	80000214	00000013	addi	x0,x0,0	  x0:0x00000000
        2735000	       272	80000218	105b6193	ori	x3,x22,261	 x22:0x0000000d  x3=0x0000010d
        2745000	       273	8000021c	014008ef	jal	x17,8000021c	 x17=0x8000021c
        2755000	       274	00000000	00000013	addi	x0,x0,0	  x0:0x00000000
        2765000	       275	8000022c	00000013	addi	x0,x0,0	  x0:0x00000000
        2775000	       276	80000230	01c000ef	jal	x1,80000230	  x1=0x80000230
        2785000	       277	00000000	00000013	addi	x0,x0,0	  x0:0x00000000
        2795000	       278	80000248	00000013	addi	x0,x0,0	  x0:0x00000000
        2805000	       279	8000024c	fe1ff0ef	jal	x1,8000024c	  x1=0x8000024c
        2815000	       280	00000000	00000013	addi	x0,x0,0	  x0:0x00000000
        2825000	       281	80000228	00000013	addi	x0,x0,0	  x0:0x00000000
        2835000	       282	8000022c	02800cef	jal	x25,8000022c	 x25=0x8000022c
        2845000	       283	00000000	00000013	addi	x0,x0,0	  x0:0x00000000
        2855000	       284	80000250	00000013	addi	x0,x0,0	  x0:0x00000000
        2865000	       285	80000254	fe9fff6f	jal	x30,80000254	 x30=0x80000254
        2875000	       286	00000000	00000013	addi	x0,x0,0	  x0:0x00000000
        2885000	       287	80000238	00000013	addi	x0,x0,0	  x0:0x00000000
        2895000	       288	8000023c	024000ef	jal	x1,8000023c	  x1=0x8000023c
        2905000	       289	00000000	00000013	addi	x0,x0,0	  x0:0x00000000
        2915000	       290	8000025c	00000013	addi	x0,x0,0	  x0:0x00000000
        2925000	       291	80000260	fe1ff0ef	jal	x1,80000260	  x1=0x80000260
        2935000	       292	00000000	00000013	addi	x0,x0,0	  x0:0x00000000
        2945000	       293	8000023c	00000013	addi	x0,x0,0	  x0:0x00000000
        2955000	       294	80000240	004000ef	jal	x1,80000240	  x1=0x80000240
        2965000	       295	00000000	00000013	addi	x0,x0,0	  x0:0x00000000
        2975000	       296	80000240	00000013	addi	x0,x0,0	  x0:0x00000000
        2985000	       297	80000244	01800f6f	jal	x30,80000244	 x30=0x80000244
        2995000	       298	00000000	00000013	addi	x0,x0,0	  x0:0x00000000
        3005000	       299	80000258	00000013	addi	x0,x0,0	  x0:0x00000000
        3015000	       300	8000025c	ffdff0ef	jal	x1,8000025c	  x1=0x8000025c
        3025000	       301	00000000	00000013	addi	x0,x0,0	  x0:0x00000000
        3035000	       302	80000254	00000013	addi	x0,x0,0	  x0:0x00000000
        3045000	       303	80000258	ff9ff0ef	jal	x1,80000258	  x1=0x80000258
        3055000	       304	00000000	00000013	addi	x0,x0,0	  x0:0x00000000
        3065000	       305	8000024c	00000013	addi	x0,x0,0	  x0:0x00000000
        3075000	       306	80000250	ff9ff0ef	jal	x1,80000250	  x1=0x80000250
        3085000	       307	00000000	00000013	addi	x0,x0,0	  x0:0x00000000
        3095000	       308	80000244	00000013	addi	x0,x0,0	  x0:0x00000000
        3105000	       309	80000248	fe1ffb6f	jal	x22,80000248	 x22=0x80000248
        3115000	       310	00000000	00000013	addi	x0,x0,0	  x0:0x00000000
        3125000	       311	80000224	00000013	addi	x0,x0,0	  x0:0x00000000
        3135000	       312	80000228	ffdff0ef	jal	x1,80000228	  x1=0x80000228
        3145000	       313	00000000	00000013	addi	x0,x0,0	  x0:0x00000000
        3155000	       314	80000220	00000013	addi	x0,x0,0	  x0:0x00000000
        3165000	       315	80000224	ffdff46f	jal	x8,80000224	  x8=0x80000224
        3175000	       316	00000000	00000013	addi	x0,x0,0	  x0:0x00000000
        3185000	       317	8000021c	00000013	addi	x0,x0,0	  x0:0x00000000
        3195000	       318	80000220	014000ef	jal	x1,80000220	  x1=0x80000220
        3205000	       319	00000000	00000013	addi	x0,x0,0	  x0:0x00000000
        3215000	       320	80000230	00000013	addi	x0,x0,0	  x0:0x00000000
        3225000	       321	80000234	004000ef	jal	x1,80000234	  x1=0x80000234
        3235000	       322	00000000	00000013	addi	x0,x0,0	  x0:0x00000000
        3245000	       323	80000234	00000013	addi	x0,x0,0	  x0:0x00000000
        3255000	       324	80000238	02c000ef	jal	x1,80000238	  x1=0x80000238
        3265000	       325	00000000	00000013	addi	x0,x0,0	  x0:0x00000000
        3275000	       326	80000260	00000013	addi	x0,x0,0	  x0:0x00000000
        3285000	       327	80000264	3035cc13	xori	x24,x11,771	 x11:0x800001a0 x24=0x800002a3
        3295000	       328	80000268	048008ef	jal	x17,80000268	 x17=0x80000268
        3305000	       329	00000000	00000013	addi	x0,x0,0	  x0:0x00000000
        3315000	       330	800002ac	00000013	addi	x0,x0,0	  x0:0x00000000
        3325000	       331	800002b0	00c000ef	jal	x1,800002b0	  x1=0x800002b0
        3335000	       332	00000000	00000013	addi	x0,x0,0	  x0:0x00000000
        3345000	       333	800002b8	00000013	addi	x0,x0,0	  x0:0x00000000
        3355000	       334	800002bc	ff9ff0ef	jal	x1,800002bc	  x1=0x800002bc
        3365000	       335	00000000	00000013	addi	x0,x0,0	  x0:0x00000000
        3375000	       336	800002b0	00000013	addi	x0,x0,0	  x0:0x00000000
        3385000	       337	800002b4	fd1ff0ef	jal	x1,800002b4	  x1=0x800002b4
        3395000	       338	00000000	00000013	addi	x0,x0,0	  x0:0x00000000
        3405000	       339	80000280	00000013	addi	x0,x0,0	  x0:0x00000000
        3415000	       340	80000284	018002ef	jal	x5,80000284	  x5=0x80000284
        3425000	       341	00000000	00000013	addi	x0,x0,0	  x0:0x00000000
        3435000	       342	80000298	00000013	addi	x0,x0,0	  x0:0x00000000
        3445000	       343	8000029c	02800fef	jal	x31,8000029c	 x31=0x8000029c
        3455000	       344	00000000	00000013	addi	x0,x0,0	  x0:0x00000000
        3465000	       345	800002c0	00000013	addi	x0,x0,0	  x0:0x00000000
        3475000	       346	800002c4	fe5ff0ef	jal	x1,800002c4	  x1=0x800002c4
        3485000	       347	00000000	00000013	addi	x0,x0,0	  x0:0x00000000
        3495000	       348	800002a4	00000013	addi	x0,x0,0	  x0:0x00000000
        3505000	       349	800002a8	fd9ff0ef	jal	x1,800002a8	  x1=0x800002a8
        3515000	       350	00000000	00000013	addi	x0,x0,0	  x0:0x00000000
        3525000	       351	8000027c	00000013	addi	x0,x0,0	  x0:0x00000000
        3535000	       352	80000280	ffdff0ef	jal	x1,80000280	  x1=0x80000280
        3545000	       353	00000000	00000013	addi	x0,x0,0	  x0:0x00000000
        3555000	       354	80000278	00000013	addi	x0,x0,0	  x0:0x00000000
        3565000	       355	8000027c	ff5ff9ef	jal	x19,8000027c	 x19=0x8000027c
        3575000	       356	00000000	00000013	addi	x0,x0,0	  x0:0x00000000
        3585000	       357	8000026c	00000013	addi	x0,x0,0	  x0:0x00000000
        3595000	       358	80000270	048000ef	jal	x1,80000270	  x1=0x80000270
        3605000	       359	00000000	00000013	addi	x0,x0,0	  x0:0x00000000
        3615000	       360	800002b4	00000013	addi	x0,x0,0	  x0:0x00000000
        3625000	       361	800002b8	fd5ff5ef	jal	x11,800002b8	 x11=0x800002b8
        3635000	       362	00000000	00000013	addi	x0,x0,0	  x0:0x00000000
        3645000	       363	80000288	00000013	addi	x0,x0,0	  x0:0x00000000
        3655000	       364	8000028c	034004ef	jal	x9,8000028c	  x9=0x8000028c
        3665000	       365	00000000	00000013	addi	x0,x0,0	  x0:0x00000000
        3675000	       366	800002bc	00000013	addi	x0,x0,0	  x0:0x00000000
        3685000	       367	800002c0	fe5ffdef	jal	x27,800002c0	 x27=0x800002c0
        3695000	       368	00000000	00000013	addi	x0,x0,0	  x0:0x00000000
        3705000	       369	800002a0	00000013	addi	x0,x0,0	  x0:0x00000000
        3715000	       370	800002a4	ffdff0ef	jal	x1,800002a4	  x1=0x800002a4
        3725000	       371	00000000	00000013	addi	x0,x0,0	  x0:0x00000000
        3735000	       372	8000029c	00000013	addi	x0,x0,0	  x0:0x00000000
        3745000	       373	800002a0	fd5ff1ef	jal	x3,800002a0	  x3=0x800002a0
        3755000	       374	00000000	00000013	addi	x0,x0,0	  x0:0x00000000
        3765000	       375	80000270	00000013	addi	x0,x0,0	  x0:0x00000000
        3775000	       376	80000274	01c00aef	jal	x21,80000274	 x21=0x80000274
        3785000	       377	00000000	00000013	addi	x0,x0,0	  x0:0x00000000
        3795000	       378	8000028c	00000013	addi	x0,x0,0	  x0:0x00000000
        3805000	       379	80000290	03800def	jal	x27,80000290	 x27=0x80000290
        3815000	       380	00000000	00000013	addi	x0,x0,0	  x0:0x00000000
        3825000	       381	800002c4	00000013	addi	x0,x0,0	  x0:0x00000000
        3835000	       382	800002c8	fcdffa6f	jal	x20,800002c8	 x20=0x800002c8
        3845000	       383	00000000	00000013	addi	x0,x0,0	  x0:0x00000000
        3855000	       384	80000290	00000013	addi	x0,x0,0	  x0:0x00000000
        3865000	       385	80000294	fd9ffc6f	jal	x24,80000294	 x24=0x80000294
        3875000	       386	00000000	00000013	addi	x0,x0,0	  x0:0x00000000
        3885000	       387	80000268	00000013	addi	x0,x0,0	  x0:0x00000000
        3895000	       388	8000026c	00c000ef	jal	x1,8000026c	  x1=0x8000026c
        3905000	       389	00000000	00000013	addi	x0,x0,0	  x0:0x00000000
        3915000	       390	80000274	00000013	addi	x0,x0,0	  x0:0x00000000
        3925000	       391	80000278	03400a6f	jal	x20,80000278	 x20=0x80000278
        3935000	       392	00000000	00000013	addi	x0,x0,0	  x0:0x00000000
        3945000	       393	800002a8	00000013	addi	x0,x0,0	  x0:0x00000000
        3955000	       394	800002ac	fddffa6f	jal	x20,800002ac	 x20=0x800002ac
        3965000	       395	00000000	00000013	addi	x0,x0,0	  x0:0x00000000
        3975000	       396	80000284	00000013	addi	x0,x0,0	  x0:0x00000000
        3985000	       397	80000288	044000ef	jal	x1,80000288	  x1=0x80000288
        3995000	       398	00000000	00000013	addi	x0,x0,0	  x0:0x00000000
        4005000	       399	800002c8	00000013	addi	x0,x0,0	  x0:0x00000000
        4015000	       400	800002cc	fcdff6ef	jal	x13,800002cc	 x13=0x800002cc
        4025000	       401	00000000	00000013	addi	x0,x0,0	  x0:0x00000000
        4035000	       402	80000294	00000013	addi	x0,x0,0	  x0:0x00000000
        4045000	       403	80000298	038000ef	jal	x1,80000298	  x1=0x80000298
        4055000	       404	00000000	00000013	addi	x0,x0,0	  x0:0x00000000
        4065000	       405	800002cc	00000013	addi	x0,x0,0	  x0:0x00000000
        4075000	       406	800002d0	00000013	addi	x0,x0,0	  x0:0x00000000
        4085000	       407	800002d4	004008ef	jal	x17,800002d4	 x17=0x800002d4
        4095000	       408	00000000	00000013	addi	x0,x0,0	  x0:0x00000000
        4105000	       409	800002d4	00000013	addi	x0,x0,0	  x0:0x00000000
        4115000	       410	800002d8	02c000ef	jal	x1,800002d8	  x1=0x800002d8
        4125000	       411	00000000	00000013	addi	x0,x0,0	  x0:0x00000000
        4135000	       412	80000300	00000013	addi	x0,x0,0	  x0:0x00000000
        4145000	       413	80000304	fedff0ef	jal	x1,80000304	  x1=0x80000304
        4155000	       414	00000000	00000013	addi	x0,x0,0	  x0:0x00000000
        4165000	       415	800002ec	00000013	addi	x0,x0,0	  x0:0x00000000
        4175000	       416	800002f0	018002ef	jal	x5,800002f0	  x5=0x800002f0
        4185000	       417	00000000	00000013	addi	x0,x0,0	  x0:0x00000000
        4195000	       418	80000304	00000013	addi	x0,x0,0	  x0:0x00000000
        4205000	       419	80000308	010000ef	jal	x1,80000308	  x1=0x80000308
        4215000	       420	00000000	00000013	addi	x0,x0,0	  x0:0x00000000
        4225000	       421	80000314	00000013	addi	x0,x0,0	  x0:0x00000000
        4235000	       422	80000318	fcdff2ef	jal	x5,80000318	  x5=0x80000318
        4245000	       423	00000000	00000013	addi	x0,x0,0	  x0:0x00000000
        4255000	       424	800002e0	00000013	addi	x0,x0,0	  x0:0x00000000
        4265000	       425	800002e4	ff9ff2ef	jal	x5,800002e4	  x5=0x800002e4
        4275000	       426	00000000	00000013	addi	x0,x0,0	  x0:0x00000000
        4285000	       427	800002d8	00000013	addi	x0,x0,0	  x0:0x00000000
        4295000	       428	800002dc	01c00d6f	jal	x26,800002dc	 x26=0x800002dc
        4305000	       429	00000000	00000013	addi	x0,x0,0	  x0:0x00000000
        4315000	       430	800002f4	00000013	addi	x0,x0,0	  x0:0x00000000
        4325000	       431	800002f8	0140016f	jal	x2,800002f8	  x2=0x800002f8
        4335000	       432	00000000	00000013	addi	x0,x0,0	  x0:0x00000000
        4345000	       433	80000308	00000013	addi	x0,x0,0	  x0:0x00000000
        4355000	       434	8000030c	ff1ff0ef	jal	x1,8000030c	  x1=0x8000030c
        4365000	       435	00000000	00000013	addi	x0,x0,0	  x0:0x00000000
        4375000	       436	800002f8	00000013	addi	x0,x0,0	  x0:0x00000000
        4385000	       437	800002fc	014000ef	jal	x1,800002fc	  x1=0x800002fc
        4395000	       438	00000000	00000013	addi	x0,x0,0	  x0:0x00000000
        4405000	       439	8000030c	00000013	addi	x0,x0,0	  x0:0x00000000
        4415000	       440	80000310	004001ef	jal	x3,80000310	  x3=0x80000310
        4425000	       441	00000000	00000013	addi	x0,x0,0	  x0:0x00000000
        4435000	       442	80000310	00000013	addi	x0,x0,0	  x0:0x00000000
        4445000	       443	80000314	fedffbef	jal	x23,80000314	 x23=0x80000314
        4455000	       444	00000000	00000013	addi	x0,x0,0	  x0:0x00000000
        4465000	       445	800002fc	00000013	addi	x0,x0,0	  x0:0x00000000
        4475000	       446	80000300	fe1ff5ef	jal	x11,80000300	 x11=0x80000300
        4485000	       447	00000000	00000013	addi	x0,x0,0	  x0:0x00000000
        4495000	       448	800002dc	00000013	addi	x0,x0,0	  x0:0x00000000
        4505000	       449	800002e0	008000ef	jal	x1,800002e0	  x1=0x800002e0
        4515000	       450	00000000	00000013	addi	x0,x0,0	  x0:0x00000000
        4525000	       451	800002e4	00000013	addi	x0,x0,0	  x0:0x00000000
        4535000	       452	800002e8	00c000ef	jal	x1,800002e8	  x1=0x800002e8
        4545000	       453	00000000	00000013	addi	x0,x0,0	  x0:0x00000000
        4555000	       454	800002f0	00000013	addi	x0,x0,0	  x0:0x00000000
        4565000	       455	800002f4	ff9fff6f	jal	x30,800002f4	 x30=0x800002f4
        4575000	       456	00000000	00000013	addi	x0,x0,0	  x0:0x00000000
        4585000	       457	800002e8	00000013	addi	x0,x0,0	  x0:0x00000000
        4595000	       458	800002ec	030000ef	jal	x1,800002ec	  x1=0x800002ec
        4605000	       459	00000000	00000013	addi	x0,x0,0	  x0:0x00000000
        4615000	       460	80000318	00000013	addi	x0,x0,0	  x0:0x00000000
        4625000	       461	8000031c	01e02c33	slt	x24,x0,x30	  x0:0x00000000 x30:0x800002f4 x24=0x00000000
        4635000	       462	80000320	01c008ef	jal	x17,80000320	 x17=0x80000320
        4645000	       463	00000000	00000013	addi	x0,x0,0	  x0:0x00000000
        4655000	       464	80000338	00000013	addi	x0,x0,0	  x0:0x00000000
        4665000	       465	8000033c	024000ef	jal	x1,8000033c	  x1=0x8000033c
        4675000	       466	00000000	00000013	addi	x0,x0,0	  x0:0x00000000
        4685000	       467	8000035c	00000013	addi	x0,x0,0	  x0:0x00000000
        4695000	       468	80000360	fc9ff0ef	jal	x1,80000360	  x1=0x80000360
        4705000	       469	00000000	00000013	addi	x0,x0,0	  x0:0x00000000
        4715000	       470	80000324	00000013	addi	x0,x0,0	  x0:0x00000000
        4725000	       471	80000328	03000f6f	jal	x30,80000328	 x30=0x80000328
        4735000	       472	00000000	00000013	addi	x0,x0,0	  x0:0x00000000
        4745000	       473	80000354	00000013	addi	x0,x0,0	  x0:0x00000000
        4755000	       474	80000358	024000ef	jal	x1,80000358	  x1=0x80000358
        4765000	       475	00000000	00000013	addi	x0,x0,0	  x0:0x00000000
        4775000	       476	80000378	00000013	addi	x0,x0,0	  x0:0x00000000
        4785000	       477	8000037c	fbdff0ef	jal	x1,8000037c	  x1=0x8000037c
        4795000	       478	00000000	00000013	addi	x0,x0,0	  x0:0x00000000
        4805000	       479	80000334	00000013	addi	x0,x0,0	  x0:0x00000000
        4815000	       480	80000338	048000ef	jal	x1,80000338	  x1=0x80000338
        4825000	       481	00000000	00000013	addi	x0,x0,0	  x0:0x00000000
        4835000	       482	8000037c	00000013	addi	x0,x0,0	  x0:0x00000000
        4845000	       483	80000380	ff9ff0ef	jal	x1,80000380	  x1=0x80000380
        4855000	       484	00000000	00000013	addi	x0,x0,0	  x0:0x00000000
        4865000	       485	80000374	00000013	addi	x0,x0,0	  x0:0x00000000
        4875000	       486	80000378	fd9ff26f	jal	x4,80000378	  x4=0x80000378
        4885000	       487	00000000	00000013	addi	x0,x0,0	  x0:0x00000000
        4895000	       488	8000034c	00000013	addi	x0,x0,0	  x0:0x00000000
        4905000	       489	80000350	00c000ef	jal	x1,80000350	  x1=0x80000350
        4915000	       490	00000000	00000013	addi	x0,x0,0	  x0:0x00000000
        4925000	       491	80000358	00000013	addi	x0,x0,0	  x0:0x00000000
        4935000	       492	8000035c	fd1ff0ef	jal	x1,8000035c	  x1=0x8000035c
        4945000	       493	00000000	00000013	addi	x0,x0,0	  x0:0x00000000
        4955000	       494	80000328	00000013	addi	x0,x0,0	  x0:0x00000000
        4965000	       495	8000032c	014000ef	jal	x1,8000032c	  x1=0x8000032c
        4975000	       496	00000000	00000013	addi	x0,x0,0	  x0:0x00000000
        4985000	       497	8000033c	00000013	addi	x0,x0,0	  x0:0x00000000
        4995000	       498	80000340	04c000ef	jal	x1,80000340	  x1=0x80000340
        5005000	       499	00000000	00000013	addi	x0,x0,0	  x0:0x00000000
        5015000	       500	80000388	00000013	addi	x0,x0,0	  x0:0x00000000
        5025000	       501	8000038c	fa9ffdef	jal	x27,8000038c	 x27=0x8000038c
        5035000	       502	00000000	00000013	addi	x0,x0,0	  x0:0x00000000
        5045000	       503	80000330	00000013	addi	x0,x0,0	  x0:0x00000000
        5055000	       504	80000334	03c000ef	jal	x1,80000334	  x1=0x80000334
        5065000	       505	00000000	00000013	addi	x0,x0,0	  x0:0x00000000
        5075000	       506	8000036c	00000013	addi	x0,x0,0	  x0:0x00000000
        5085000	       507	80000370	fddff0ef	jal	x1,80000370	  x1=0x80000370
        5095000	       508	00000000	00000013	addi	x0,x0,0	  x0:0x00000000
        5105000	       509	80000348	00000013	addi	x0,x0,0	  x0:0x00000000
        5115000	       510	8000034c	020008ef	jal	x17,8000034c	 x17=0x8000034c
        5125000	       511	00000000	00000013	addi	x0,x0,0	  x0:0x00000000
        5135000	       512	80000368	00000013	addi	x0,x0,0	  x0:0x00000000
        5145000	       513	8000036c	fc5ff0ef	jal	x1,8000036c	  x1=0x8000036c
        5155000	       514	00000000	00000013	addi	x0,x0,0	  x0:0x00000000
        5165000	       515	8000032c	00000013	addi	x0,x0,0	  x0:0x00000000
        5175000	       516	80000330	054000ef	jal	x1,80000330	  x1=0x80000330
        5185000	       517	00000000	00000013	addi	x0,x0,0	  x0:0x00000000
        5195000	       518	80000380	00000013	addi	x0,x0,0	  x0:0x00000000
        5205000	       519	80000384	fd1ff7ef	jal	x15,80000384	 x15=0x80000384
        5215000	       520	00000000	00000013	addi	x0,x0,0	  x0:0x00000000
        5225000	       521	80000350	00000013	addi	x0,x0,0	  x0:0x00000000
        5235000	       522	80000354	020007ef	jal	x15,80000354	 x15=0x80000354
        5245000	       523	00000000	00000013	addi	x0,x0,0	  x0:0x00000000
        5255000	       524	80000370	00000013	addi	x0,x0,0	  x0:0x00000000
        5265000	       525	80000374	014000ef	jal	x1,80000374	  x1=0x80000374
        5275000	       526	00000000	00000013	addi	x0,x0,0	  x0:0x00000000
        5285000	       527	80000384	00000013	addi	x0,x0,0	  x0:0x00000000
        5295000	       528	80000388	fc1ff0ef	jal	x1,80000388	  x1=0x80000388
        5305000	       529	00000000	00000013	addi	x0,x0,0	  x0:0x00000000
        5315000	       530	80000344	00000013	addi	x0,x0,0	  x0:0x00000000
        5325000	       531	80000348	fddff4ef	jal	x9,80000348	  x9=0x80000348
        5335000	       532	00000000	00000013	addi	x0,x0,0	  x0:0x00000000
        5345000	       533	80000320	00000013	addi	x0,x0,0	  x0:0x00000000
        5355000	       534	80000324	040000ef	jal	x1,80000324	  x1=0x80000324
        5365000	       535	00000000	00000013	addi	x0,x0,0	  x0:0x00000000
        5375000	       536	80000360	00000013	addi	x0,x0,0	  x0:0x00000000
        5385000	       537	80000364	004002ef	jal	x5,80000364	  x5=0x80000364
        5395000	       538	00000000	00000013	addi	x0,x0,0	  x0:0x00000000
        5405000	       539	80000364	00000013	addi	x0,x0,0	  x0:0x00000000
        5415000	       540	80000368	fddff0ef	jal	x1,80000368	  x1=0x80000368
        5425000	       541	00000000	00000013	addi	x0,x0,0	  x0:0x00000000
        5435000	       542	80000340	00000013	addi	x0,x0,0	  x0:0x00000000
        5445000	       543	80000344	04c00b6f	jal	x22,80000344	 x22=0x80000344
        5455000	       544	00000000	00000013	addi	x0,x0,0	  x0:0x00000000
        5465000	       545	8000038c	00000013	addi	x0,x0,0	  x0:0x00000000
        5475000	       546	80000390	3677fc13	andi	x24,x15,871	 x15:0x80000354 x24=0x00000344
        5485000	       547	80000394	008008ef	jal	x17,80000394	 x17=0x80000394
        5495000	       548	00000000	00000013	addi	x0,x0,0	  x0:0x00000000
        5505000	       549	80000398	00000013	addi	x0,x0,0	  x0:0x00000000
        5515000	       550	8000039c	02c000ef	jal	x1,8000039c	  x1=0x8000039c
        5525000	       551	00000000	00000013	addi	x0,x0,0	  x0:0x00000000
        5535000	       552	800003c4	00000013	addi	x0,x0,0	  x0:0x00000000
        5545000	       553	800003c8	02c0016f	jal	x2,800003c8	  x2=0x800003c8
        5555000	       554	00000000	00000013	addi	x0,x0,0	  x0:0x00000000
        5565000	       555	800003f0	00000013	addi	x0,x0,0	  x0:0x00000000
        5575000	       556	800003f4	010000ef	jal	x1,800003f4	  x1=0x800003f4
        5585000	       557	00000000	00000013	addi	x0,x0,0	  x0:0x00000000
        5595000	       558	80000400	00000013	addi	x0,x0,0	  x0:0x00000000
        5605000	       559	80000404	fbdffeef	jal	x29,80000404	 x29=0x80000404
        5615000	       560	00000000	00000013	addi	x0,x0,0	  x0:0x00000000
        5625000	       561	800003bc	00000013	addi	x0,x0,0	  x0:0x00000000
        5635000	       562	800003c0	fedff0ef	jal	x1,800003c0	  x1=0x800003c0
        5645000	       563	00000000	00000013	addi	x0,x0,0	  x0:0x00000000
        5655000	       564	800003a8	00000013	addi	x0,x0,0	  x0:0x00000000
        5665000	       565	800003ac	010005ef	jal	x11,800003ac	 x11=0x800003ac
        5675000	       566	00000000	00000013	addi	x0,x0,0	  x0:0x00000000
        5685000	       567	800003b8	00000013	addi	x0,x0,0	  x0:0x00000000
        5695000	       568	800003bc	ff5ff0ef	jal	x1,800003bc	  x1=0x800003bc
        5705000	       569	00000000	00000013	addi	x0,x0,0	  x0:0x00000000
        5715000	       570	800003ac	00000013	addi	x0,x0,0	  x0:0x00000000
        5725000	       571	800003b0	ff5ff0ef	jal	x1,800003b0	  x1=0x800003b0
        5735000	       572	00000000	00000013	addi	x0,x0,0	  x0:0x00000000
        5745000	       573	800003a0	00000013	addi	x0,x0,0	  x0:0x00000000
        5755000	       574	800003a4	040000ef	jal	x1,800003a4	  x1=0x800003a4
        5765000	       575	00000000	00000013	addi	x0,x0,0	  x0:0x00000000
        5775000	       576	800003e0	00000013	addi	x0,x0,0	  x0:0x00000000
        5785000	       577	800003e4	ffdff0ef	jal	x1,800003e4	  x1=0x800003e4
        5795000	       578	00000000	00000013	addi	x0,x0,0	  x0:0x00000000
        5805000	       579	800003dc	00000013	addi	x0,x0,0	  x0:0x00000000
        5815000	       580	800003e0	ff9ff0ef	jal	x1,800003e0	  x1=0x800003e0
        5825000	       581	00000000	00000013	addi	x0,x0,0	  x0:0x00000000
        5835000	       582	800003d4	00000013	addi	x0,x0,0	  x0:0x00000000
        5845000	       583	800003d8	020000ef	jal	x1,800003d8	  x1=0x800003d8
        5855000	       584	00000000	00000013	addi	x0,x0,0	  x0:0x00000000
        5865000	       585	800003f4	00000013	addi	x0,x0,0	  x0:0x00000000
        5875000	       586	800003f8	fd5ff2ef	jal	x5,800003f8	  x5=0x800003f8
        5885000	       587	00000000	00000013	addi	x0,x0,0	  x0:0x00000000
        5895000	       588	800003c8	00000013	addi	x0,x0,0	  x0:0x00000000
        5905000	       589	800003cc	024000ef	jal	x1,800003cc	  x1=0x800003cc
        5915000	       590	00000000	00000013	addi	x0,x0,0	  x0:0x00000000
        5925000	       591	800003ec	00000013	addi	x0,x0,0	  x0:0x00000000
        5935000	       592	800003f0	fedffb6f	jal	x22,800003f0	 x22=0x800003f0
        5945000	       593	00000000	00000013	addi	x0,x0,0	  x0:0x00000000
        5955000	       594	800003d8	00000013	addi	x0,x0,0	  x0:0x00000000
        5965000	       595	800003dc	fc5ff2ef	jal	x5,800003dc	  x5=0x800003dc
        5975000	       596	00000000	00000013	addi	x0,x0,0	  x0:0x00000000
        5985000	       597	8000039c	00000013	addi	x0,x0,0	  x0:0x00000000
        5995000	       598	800003a0	030000ef	jal	x1,800003a0	  x1=0x800003a0
        6005000	       599	00000000	00000013	addi	x0,x0,0	  x0:0x00000000
        6015000	       600	800003cc	00000013	addi	x0,x0,0	  x0:0x00000000
        6025000	       601	800003d0	02c000ef	jal	x1,800003d0	  x1=0x800003d0
        6035000	       602	00000000	00000013	addi	x0,x0,0	  x0:0x00000000
        6045000	       603	800003f8	00000013	addi	x0,x0,0	  x0:0x00000000
        6055000	       604	800003fc	f9dff0ef	jal	x1,800003fc	  x1=0x800003fc
        6065000	       605	00000000	00000013	addi	x0,x0,0	  x0:0x00000000
        6075000	       606	80000394	00000013	addi	x0,x0,0	  x0:0x00000000
        6085000	       607	80000398	03c000ef	jal	x1,80000398	  x1=0x80000398
        6095000	       608	00000000	00000013	addi	x0,x0,0	  x0:0x00000000
        6105000	       609	800003d0	00000013	addi	x0,x0,0	  x0:0x00000000
        6115000	       610	800003d4	02c00cef	jal	x25,800003d4	 x25=0x800003d4
        6125000	       611	00000000	00000013	addi	x0,x0,0	  x0:0x00000000
        6135000	       612	800003fc	00000013	addi	x0,x0,0	  x0:0x00000000
        6145000	       613	80000400	fc5ff1ef	jal	x3,80000400	  x3=0x80000400
        6155000	       614	00000000	00000013	addi	x0,x0,0	  x0:0x00000000
        6165000	       615	800003c0	00000013	addi	x0,x0,0	  x0:0x00000000
        6175000	       616	800003c4	02800e6f	jal	x28,800003c4	 x28=0x800003c4
        6185000	       617	00000000	00000013	addi	x0,x0,0	  x0:0x00000000
        6195000	       618	800003e8	00000013	addi	x0,x0,0	  x0:0x00000000
        6205000	       619	800003ec	fcdff0ef	jal	x1,800003ec	  x1=0x800003ec
        6215000	       620	00000000	00000013	addi	x0,x0,0	  x0:0x00000000
        6225000	       621	800003b4	00000013	addi	x0,x0,0	  x0:0x00000000
        6235000	       622	800003b8	030000ef	jal	x1,800003b8	  x1=0x800003b8
        6245000	       623	00000000	00000013	addi	x0,x0,0	  x0:0x00000000
        6255000	       624	800003e4	00000013	addi	x0,x0,0	  x0:0x00000000
        6265000	       625	800003e8	fc1ff16f	jal	x2,800003e8	  x2=0x800003e8
        6275000	       626	00000000	00000013	addi	x0,x0,0	  x0:0x00000000
        6285000	       627	800003a4	00000013	addi	x0,x0,0	  x0:0x00000000
        6295000	       628	800003a8	00c00f6f	jal	x30,800003a8	 x30=0x800003a8
        6305000	       629	00000000	00000013	addi	x0,x0,0	  x0:0x00000000
        6315000	       630	800003b0	00000013	addi	x0,x0,0	  x0:0x00000000
        6325000	       631	800003b4	054000ef	jal	x1,800003b4	  x1=0x800003b4
        6335000	       632	00000000	00000013	addi	x0,x0,0	  x0:0x00000000
        6345000	       633	80000404	00000013	addi	x0,x0,0	  x0:0x00000000
        6355000	       634	80000408	460bc493	xori	x9,x23,1120	 x23:0x80000314  x9=0x80000774
        6365000	       635	8000040c	020008ef	jal	x17,8000040c	 x17=0x8000040c
        6375000	       636	00000000	00000013	addi	x0,x0,0	  x0:0x00000000
        6385000	       637	80000428	00000013	addi	x0,x0,0	  x0:0x00000000
        6395000	       638	8000042c	004000ef	jal	x1,8000042c	  x1=0x8000042c
        6405000	       639	00000000	00000013	addi	x0,x0,0	  x0:0x00000000
        6415000	       640	8000042c	00000013	addi	x0,x0,0	  x0:0x00000000
        6425000	       641	80000430	030000ef	jal	x1,80000430	  x1=0x80000430
        6435000	       642	00000000	00000013	addi	x0,x0,0	  x0:0x00000000
        6445000	       643	8000045c	00000013	addi	x0,x0,0	  x0:0x00000000
        6455000	       644	80000460	014000ef	jal	x1,80000460	  x1=0x80000460
        6465000	       645	00000000	00000013	addi	x0,x0,0	  x0:0x00000000
        6475000	       646	80000470	00000013	addi	x0,x0,0	  x0:0x00000000
        6485000	       647	80000474	fd5ff0ef	jal	x1,80000474	  x1=0x80000474
        6495000	       648	00000000	00000013	addi	x0,x0,0	  x0:0x00000000
        6505000	       649	80000444	00000013	addi	x0,x0,0	  x0:0x00000000
        6515000	       650	80000448	00c000ef	jal	x1,80000448	  x1=0x80000448
        6525000	       651	00000000	00000013	addi	x0,x0,0	  x0:0x00000000
        6535000	       652	80000450	00000013	addi	x0,x0,0	  x0:0x00000000
        6545000	       653	80000454	fc5ff0ef	jal	x1,80000454	  x1=0x80000454
        6555000	       654	00000000	00000013	addi	x0,x0,0	  x0:0x00000000
        6565000	       655	80000414	00000013	addi	x0,x0,0	  x0:0x00000000
        6575000	       656	80000418	044000ef	jal	x1,80000418	  x1=0x80000418
        6585000	       657	00000000	00000013	addi	x0,x0,0	  x0:0x00000000
        6595000	       658	80000458	00000013	addi	x0,x0,0	  x0:0x00000000
        6605000	       659	8000045c	fb9ff0ef	jal	x1,8000045c	  x1=0x8000045c
        6615000	       660	00000000	00000013	addi	x0,x0,0	  x0:0x00000000
        6625000	       661	80000410	00000013	addi	x0,x0,0	  x0:0x00000000
        6635000	       662	80000414	014000ef	jal	x1,80000414	  x1=0x80000414
        6645000	       663	00000000	00000013	addi	x0,x0,0	  x0:0x00000000
        6655000	       664	80000424	00000013	addi	x0,x0,0	  x0:0x00000000
        6665000	       665	80000428	010000ef	jal	x1,80000428	  x1=0x80000428
        6675000	       666	00000000	00000013	addi	x0,x0,0	  x0:0x00000000
        6685000	       667	80000434	00000013	addi	x0,x0,0	  x0:0x00000000
        6695000	       668	80000438	004000ef	jal	x1,80000438	  x1=0x80000438
        6705000	       669	00000000	00000013	addi	x0,x0,0	  x0:0x00000000
        6715000	       670	80000438	00000013	addi	x0,x0,0	  x0:0x00000000
        6725000	       671	8000043c	010000ef	jal	x1,8000043c	  x1=0x8000043c
        6735000	       672	00000000	00000013	addi	x0,x0,0	  x0:0x00000000
        6745000	       673	80000448	00000013	addi	x0,x0,0	  x0:0x00000000
        6755000	       674	8000044c	0180046f	jal	x8,8000044c	  x8=0x8000044c
        6765000	       675	00000000	00000013	addi	x0,x0,0	  x0:0x00000000
        6775000	       676	80000460	00000013	addi	x0,x0,0	  x0:0x00000000
        6785000	       677	80000464	fedff0ef	jal	x1,80000464	  x1=0x80000464
        6795000	       678	00000000	00000013	addi	x0,x0,0	  x0:0x00000000
        6805000	       679	8000044c	00000013	addi	x0,x0,0	  x0:0x00000000
        6815000	       680	80000450	fc1ff2ef	jal	x5,80000450	  x5=0x80000450
        6825000	       681	00000000	00000013	addi	x0,x0,0	  x0:0x00000000
        6835000	       682	8000040c	00000013	addi	x0,x0,0	  x0:0x00000000
        6845000	       683	80000410	010000ef	jal	x1,80000410	  x1=0x80000410
        6855000	       684	00000000	00000013	addi	x0,x0,0	  x0:0x00000000
        6865000	       685	8000041c	00000013	addi	x0,x0,0	  x0:0x00000000
        6875000	       686	80000420	04800f6f	jal	x30,80000420	 x30=0x80000420
        6885000	       687	00000000	00000013	addi	x0,x0,0	  x0:0x00000000
        6895000	       688	80000464	00000013	addi	x0,x0,0	  x0:0x00000000
        6905000	       689	80000468	fcdff0ef	jal	x1,80000468	  x1=0x80000468
        6915000	       690	00000000	00000013	addi	x0,x0,0	  x0:0x00000000
        6925000	       691	80000430	00000013	addi	x0,x0,0	  x0:0x00000000
        6935000	       692	80000434	fe9ff0ef	jal	x1,80000434	  x1=0x80000434
        6945000	       693	00000000	00000013	addi	x0,x0,0	  x0:0x00000000
        6955000	       694	80000418	00000013	addi	x0,x0,0	  x0:0x00000000
        6965000	       695	8000041c	0080016f	jal	x2,8000041c	  x2=0x8000041c
        6975000	       696	00000000	00000013	addi	x0,x0,0	  x0:0x00000000
        6985000	       697	80000420	00000013	addi	x0,x0,0	  x0:0x00000000
        6995000	       698	80000424	04800a6f	jal	x20,80000424	 x20=0x80000424
        7005000	       699	00000000	00000013	addi	x0,x0,0	  x0:0x00000000
        7015000	       700	80000468	00000013	addi	x0,x0,0	  x0:0x00000000
        7025000	       701	8000046c	fd9ff0ef	jal	x1,8000046c	  x1=0x8000046c
        7035000	       702	00000000	00000013	addi	x0,x0,0	  x0:0x00000000
        7045000	       703	80000440	00000013	addi	x0,x0,0	  x0:0x00000000
        7055000	       704	80000444	014000ef	jal	x1,80000444	  x1=0x80000444
        7065000	       705	00000000	00000013	addi	x0,x0,0	  x0:0x00000000
        7075000	       706	80000454	00000013	addi	x0,x0,0	  x0:0x00000000
        7085000	       707	80000458	0180026f	jal	x4,80000458	  x4=0x80000458
        7095000	       708	00000000	00000013	addi	x0,x0,0	  x0:0x00000000
        7105000	       709	8000046c	00000013	addi	x0,x0,0	  x0:0x00000000
        7115000	       710	80000470	fd1ff0ef	jal	x1,80000470	  x1=0x80000470
        7125000	       711	00000000	00000013	addi	x0,x0,0	  x0:0x00000000
        7135000	       712	8000043c	00000013	addi	x0,x0,0	  x0:0x00000000
        7145000	       713	80000440	038009ef	jal	x19,80000440	 x19=0x80000440
        7155000	       714	00000000	00000013	addi	x0,x0,0	  x0:0x00000000
        7165000	       715	80000474	00000013	addi	x0,x0,0	  x0:0x00000000
        7175000	       716	80000478	b6e0fe13	andi	x28,x1,-1170	  x1:0x80000470 x28=0x80000060
        7185000	       717	8000047c	038008ef	jal	x17,8000047c	 x17=0x8000047c
        7195000	       718	00000000	00000013	addi	x0,x0,0	  x0:0x00000000
        7205000	       719	800004b0	00000013	addi	x0,x0,0	  x0:0x00000000
        7215000	       720	800004b4	fcdff66f	jal	x12,800004b4	 x12=0x800004b4
        7225000	       721	00000000	00000013	addi	x0,x0,0	  x0:0x00000000
        7235000	       722	8000047c	00000013	addi	x0,x0,0	  x0:0x00000000
        7245000	       723	80000480	010002ef	jal	x5,80000480	  x5=0x80000480
        7255000	       724	00000000	00000013	addi	x0,x0,0	  x0:0x00000000
        7265000	       725	8000048c	00000013	addi	x0,x0,0	  x0:0x00000000
        7275000	       726	80000490	ff9ff16f	jal	x2,80000490	  x2=0x80000490
        7285000	       727	00000000	00000013	addi	x0,x0,0	  x0:0x00000000
        7295000	       728	80000484	00000013	addi	x0,x0,0	  x0:0x00000000
        7305000	       729	80000488	024000ef	jal	x1,80000488	  x1=0x80000488
        7315000	       730	00000000	00000013	addi	x0,x0,0	  x0:0x00000000
        7325000	       731	800004a8	00000013	addi	x0,x0,0	  x0:0x00000000
        7335000	       732	800004ac	ff9ff0ef	jal	x1,800004ac	  x1=0x800004ac
        7345000	       733	00000000	00000013	addi	x0,x0,0	  x0:0x00000000
        7355000	       734	800004a0	00000013	addi	x0,x0,0	  x0:0x00000000
        7365000	       735	800004a4	fe9ff0ef	jal	x1,800004a4	  x1=0x800004a4
        7375000	       736	00000000	00000013	addi	x0,x0,0	  x0:0x00000000
        7385000	       737	80000488	00000013	addi	x0,x0,0	  x0:0x00000000
        7395000	       738	8000048c	010000ef	jal	x1,8000048c	  x1=0x8000048c
        7405000	       739	00000000	00000013	addi	x0,x0,0	  x0:0x00000000
        7415000	       740	80000498	00000013	addi	x0,x0,0	  x0:0x00000000
        7425000	       741	8000049c	01c000ef	jal	x1,8000049c	  x1=0x8000049c
        7435000	       742	00000000	00000013	addi	x0,x0,0	  x0:0x00000000
        7445000	       743	800004b4	00000013	addi	x0,x0,0	  x0:0x00000000
        7455000	       744	800004b8	fe9ff0ef	jal	x1,800004b8	  x1=0x800004b8
        7465000	       745	00000000	00000013	addi	x0,x0,0	  x0:0x00000000
        7475000	       746	8000049c	00000013	addi	x0,x0,0	  x0:0x00000000
        7485000	       747	800004a0	0200026f	jal	x4,800004a0	  x4=0x800004a0
        7495000	       748	00000000	00000013	addi	x0,x0,0	  x0:0x00000000
        7505000	       749	800004bc	00000013	addi	x0,x0,0	  x0:0x00000000
        7515000	       750	800004c0	fd9ff0ef	jal	x1,800004c0	  x1=0x800004c0
        7525000	       751	00000000	00000013	addi	x0,x0,0	  x0:0x00000000
        7535000	       752	80000494	00000013	addi	x0,x0,0	  x0:0x00000000
        7545000	       753	80000498	024000ef	jal	x1,80000498	  x1=0x80000498
        7555000	       754	00000000	00000013	addi	x0,x0,0	  x0:0x00000000
        7565000	       755	800004b8	00000013	addi	x0,x0,0	  x0:0x00000000
        7575000	       756	800004bc	fc9ff0ef	jal	x1,800004bc	  x1=0x800004bc
        7585000	       757	00000000	00000013	addi	x0,x0,0	  x0:0x00000000
        7595000	       758	80000480	00000013	addi	x0,x0,0	  x0:0x00000000
        7605000	       759	80000484	024000ef	jal	x1,80000484	  x1=0x80000484
        7615000	       760	00000000	00000013	addi	x0,x0,0	  x0:0x00000000
        7625000	       761	800004a4	00000013	addi	x0,x0,0	  x0:0x00000000
        7635000	       762	800004a8	fedff0ef	jal	x1,800004a8	  x1=0x800004a8
        7645000	       763	00000000	00000013	addi	x0,x0,0	  x0:0x00000000
        7655000	       764	80000490	00000013	addi	x0,x0,0	  x0:0x00000000
        7665000	       765	80000494	01c002ef	jal	x5,80000494	  x5=0x80000494
        7675000	       766	00000000	00000013	addi	x0,x0,0	  x0:0x00000000
        7685000	       767	800004ac	00000013	addi	x0,x0,0	  x0:0x00000000
        7695000	       768	800004b0	014000ef	jal	x1,800004b0	  x1=0x800004b0
        7705000	       769	00000000	00000013	addi	x0,x0,0	  x0:0x00000000
        7715000	       770	800004c0	00000013	addi	x0,x0,0	  x0:0x00000000
        7725000	       771	800004c4	01bbed33	or	x26,x23,x27	 x23:0x80000314 x27:0x8000038c x26=0x8000039c
        7735000	       772	800004c8	020008ef	jal	x17,800004c8	 x17=0x800004c8
        7745000	       773	00000000	00000013	addi	x0,x0,0	  x0:0x00000000
        7755000	       774	800004e4	00000013	addi	x0,x0,0	  x0:0x00000000
        7765000	       775	800004e8	028000ef	jal	x1,800004e8	  x1=0x800004e8
        7775000	       776	00000000	00000013	addi	x0,x0,0	  x0:0x00000000
        7785000	       777	8000050c	00000013	addi	x0,x0,0	  x0:0x00000000
        7795000	       778	80000510	fd1ff0ef	jal	x1,80000510	  x1=0x80000510
        7805000	       779	00000000	00000013	addi	x0,x0,0	  x0:0x00000000
        7815000	       780	800004dc	00000013	addi	x0,x0,0	  x0:0x00000000
        7825000	       781	800004e0	028000ef	jal	x1,800004e0	  x1=0x800004e0
        7835000	       782	00000000	00000013	addi	x0,x0,0	  x0:0x00000000
        7845000	       783	80000504	00000013	addi	x0,x0,0	  x0:0x00000000
        7855000	       784	80000508	ffdff2ef	jal	x5,80000508	  x5=0x80000508
        7865000	       785	00000000	00000013	addi	x0,x0,0	  x0:0x00000000
        7875000	       786	80000500	00000013	addi	x0,x0,0	  x0:0x00000000
        7885000	       787	80000504	02400fef	jal	x31,80000504	 x31=0x80000504
        7895000	       788	00000000	00000013	addi	x0,x0,0	  x0:0x00000000
        7905000	       789	80000524	00000013	addi	x0,x0,0	  x0:0x00000000
        7915000	       790	80000528	fe5ff0ef	jal	x1,80000528	  x1=0x80000528
        7925000	       791	00000000	00000013	addi	x0,x0,0	  x0:0x00000000
        7935000	       792	80000508	00000013	addi	x0,x0,0	  x0:0x00000000
        7945000	       793	8000050c	fe9ff0ef	jal	x1,8000050c	  x1=0x8000050c
        7955000	       794	00000000	00000013	addi	x0,x0,0	  x0:0x00000000
        7965000	       795	800004f0	00000013	addi	x0,x0,0	  x0:0x00000000
        7975000	       796	800004f4	00c000ef	jal	x1,800004f4	  x1=0x800004f4
        7985000	       797	00000000	00000013	addi	x0,x0,0	  x0:0x00000000
        7995000	       798	800004fc	00000013	addi	x0,x0,0	  x0:0x00000000
        8005000	       799	80000500	ffdff5ef	jal	x11,80000500	 x11=0x80000500
        8015000	       800	00000000	00000013	addi	x0,x0,0	  x0:0x00000000
        8025000	       801	800004f8	00000013	addi	x0,x0,0	  x0:0x00000000
        8035000	       802	800004fc	fd5ff0ef	jal	x1,800004fc	  x1=0x800004fc
        8045000	       803	00000000	00000013	addi	x0,x0,0	  x0:0x00000000
        8055000	       804	800004cc	00000013	addi	x0,x0,0	  x0:0x00000000
        8065000	       805	800004d0	ffdff0ef	jal	x1,800004d0	  x1=0x800004d0
        8075000	       806	00000000	00000013	addi	x0,x0,0	  x0:0x00000000
        8085000	       807	800004c8	00000013	addi	x0,x0,0	  x0:0x00000000
        8095000	       808	800004cc	048000ef	jal	x1,800004cc	  x1=0x800004cc
        8105000	       809	00000000	00000013	addi	x0,x0,0	  x0:0x00000000
        8115000	       810	80000510	00000013	addi	x0,x0,0	  x0:0x00000000
        8125000	       811	80000514	010000ef	jal	x1,80000514	  x1=0x80000514
        8135000	       812	00000000	00000013	addi	x0,x0,0	  x0:0x00000000
        8145000	       813	80000520	00000013	addi	x0,x0,0	  x0:0x00000000
        8155000	       814	80000524	ff5ff0ef	jal	x1,80000524	  x1=0x80000524
        8165000	       815	00000000	00000013	addi	x0,x0,0	  x0:0x00000000
        8175000	       816	80000514	00000013	addi	x0,x0,0	  x0:0x00000000
        8185000	       817	80000518	fc1ff0ef	jal	x1,80000518	  x1=0x80000518
        8195000	       818	00000000	00000013	addi	x0,x0,0	  x0:0x00000000
        8205000	       819	800004d4	00000013	addi	x0,x0,0	  x0:0x00000000
        8215000	       820	800004d8	020000ef	jal	x1,800004d8	  x1=0x800004d8
        8225000	       821	00000000	00000013	addi	x0,x0,0	  x0:0x00000000
        8235000	       822	800004f4	00000013	addi	x0,x0,0	  x0:0x00000000
        8245000	       823	800004f8	024000ef	jal	x1,800004f8	  x1=0x800004f8
        8255000	       824	00000000	00000013	addi	x0,x0,0	  x0:0x00000000
        8265000	       825	80000518	00000013	addi	x0,x0,0	  x0:0x00000000
        8275000	       826	8000051c	004002ef	jal	x5,8000051c	  x5=0x8000051c
        8285000	       827	00000000	00000013	addi	x0,x0,0	  x0:0x00000000
        8295000	       828	8000051c	00000013	addi	x0,x0,0	  x0:0x00000000
        8305000	       829	80000520	fd1ff0ef	jal	x1,80000520	  x1=0x80000520
        8315000	       830	00000000	00000013	addi	x0,x0,0	  x0:0x00000000
        8325000	       831	800004ec	00000013	addi	x0,x0,0	  x0:0x00000000
        8335000	       832	800004f0	fedff4ef	jal	x9,800004f0	  x9=0x800004f0
        8345000	       833	00000000	00000013	addi	x0,x0,0	  x0:0x00000000
        8355000	       834	800004d8	00000013	addi	x0,x0,0	  x0:0x00000000
        8365000	       835	800004dc	ff9ff0ef	jal	x1,800004dc	  x1=0x800004dc
        8375000	       836	00000000	00000013	addi	x0,x0,0	  x0:0x00000000
        8385000	       837	800004d0	00000013	addi	x0,x0,0	  x0:0x00000000
        8395000	       838	800004d4	018000ef	jal	x1,800004d4	  x1=0x800004d4
        8405000	       839	00000000	00000013	addi	x0,x0,0	  x0:0x00000000
        8415000	       840	800004e8	00000013	addi	x0,x0,0	  x0:0x00000000
        8425000	       841	800004ec	ff9ff0ef	jal	x1,800004ec	  x1=0x800004ec
        8435000	       842	00000000	00000013	addi	x0,x0,0	  x0:0x00000000
        8445000	       843	800004e0	00000013	addi	x0,x0,0	  x0:0x00000000
        8455000	       844	800004e4	048001ef	jal	x3,800004e4	  x3=0x800004e4
        8465000	       845	00000000	00000013	addi	x0,x0,0	  x0:0x00000000
        8475000	       846	80000528	00000013	addi	x0,x0,0	  x0:0x00000000
        8485000	       847	8000052c	003e9633	sll	x12,x29,x3	 x29:0x80000404  x3:0x800004e4 x12=0x00004040
        8495000	       848	80000530	048008ef	jal	x17,80000530	 x17=0x80000530
        8505000	       849	00000000	00000013	addi	x0,x0,0	  x0:0x00000000
        8515000	       850	80000574	00000013	addi	x0,x0,0	  x0:0x00000000
        8525000	       851	80000578	fe9ff0ef	jal	x1,80000578	  x1=0x80000578
        8535000	       852	00000000	00000013	addi	x0,x0,0	  x0:0x00000000
        8545000	       853	8000055c	00000013	addi	x0,x0,0	  x0:0x00000000
        8555000	       854	80000560	ff9ff0ef	jal	x1,80000560	  x1=0x80000560
        8565000	       855	00000000	00000013	addi	x0,x0,0	  x0:0x00000000
        8575000	       856	80000554	00000013	addi	x0,x0,0	  x0:0x00000000
        8585000	       857	80000558	010003ef	jal	x7,80000558	  x7=0x80000558
        8595000	       858	00000000	00000013	addi	x0,x0,0	  x0:0x00000000
        8605000	       859	80000564	00000013	addi	x0,x0,0	  x0:0x00000000
        8615000	       860	80000568	00400d6f	jal	x26,80000568	 x26=0x80000568
        8625000	       861	00000000	00000013	addi	x0,x0,0	  x0:0x00000000
        8635000	       862	80000568	00000013	addi	x0,x0,0	  x0:0x00000000
        8645000	       863	8000056c	010006ef	jal	x13,8000056c	 x13=0x8000056c
        8655000	       864	00000000	00000013	addi	x0,x0,0	  x0:0x00000000
        8665000	       865	80000578	00000013	addi	x0,x0,0	  x0:0x00000000
        8675000	       866	8000057c	008000ef	jal	x1,8000057c	  x1=0x8000057c
        8685000	       867	00000000	00000013	addi	x0,x0,0	  x0:0x00000000
        8695000	       868	80000580	00000013	addi	x0,x0,0	  x0:0x00000000
        8705000	       869	80000584	fcdff7ef	jal	x15,80000584	 x15=0x80000584
        8715000	       870	00000000	00000013	addi	x0,x0,0	  x0:0x00000000
        8725000	       871	8000054c	00000013	addi	x0,x0,0	  x0:0x00000000
        8735000	       872	80000550	00c000ef	jal	x1,80000550	  x1=0x80000550
        8745000	       873	00000000	00000013	addi	x0,x0,0	  x0:0x00000000
        8755000	       874	80000558	00000013	addi	x0,x0,0	  x0:0x00000000
        8765000	       875	8000055c	fd9ff0ef	jal	x1,8000055c	  x1=0x8000055c
        8775000	       876	00000000	00000013	addi	x0,x0,0	  x0:0x00000000
        8785000	       877	80000530	00000013	addi	x0,x0,0	  x0:0x00000000
        8795000	       878	80000534	014000ef	jal	x1,80000534	  x1=0x80000534
        8805000	       879	00000000	00000013	addi	x0,x0,0	  x0:0x00000000
        8815000	       880	80000544	00000013	addi	x0,x0,0	  x0:0x00000000
        8825000	       881	80000548	02c000ef	jal	x1,80000548	  x1=0x80000548
        8835000	       882	00000000	00000013	addi	x0,x0,0	  x0:0x00000000
        8845000	       883	80000570	00000013	addi	x0,x0,0	  x0:0x00000000
        8855000	       884	80000574	fd9ff0ef	jal	x1,80000574	  x1=0x80000574
        8865000	       885	00000000	00000013	addi	x0,x0,0	  x0:0x00000000
        8875000	       886	80000548	00000013	addi	x0,x0,0	  x0:0x00000000
        8885000	       887	8000054c	018001ef	jal	x3,8000054c	  x3=0x8000054c
        8895000	       888	00000000	00000013	addi	x0,x0,0	  x0:0x00000000
        8905000	       889	80000560	00000013	addi	x0,x0,0	  x0:0x00000000
        8915000	       890	80000564	fd9ff66f	jal	x12,80000564	 x12=0x80000564
        8925000	       891	00000000	00000013	addi	x0,x0,0	  x0:0x00000000
        8935000	       892	80000538	00000013	addi	x0,x0,0	  x0:0x00000000
        8945000	       893	8000053c	03400aef	jal	x21,8000053c	 x21=0x8000053c
        8955000	       894	00000000	00000013	addi	x0,x0,0	  x0:0x00000000
        8965000	       895	8000056c	00000013	addi	x0,x0,0	  x0:0x00000000
        8975000	       896	80000570	fc9ff2ef	jal	x5,80000570	  x5=0x80000570
        8985000	       897	00000000	00000013	addi	x0,x0,0	  x0:0x00000000
        8995000	       898	80000534	00000013	addi	x0,x0,0	  x0:0x00000000
        9005000	       899	80000538	054000ef	jal	x1,80000538	  x1=0x80000538
        9015000	       900	00000000	00000013	addi	x0,x0,0	  x0:0x00000000
        9025000	       901	80000588	00000013	addi	x0,x0,0	  x0:0x00000000
        9035000	       902	8000058c	ffdff0ef	jal	x1,8000058c	  x1=0x8000058c
        9045000	       903	00000000	00000013	addi	x0,x0,0	  x0:0x00000000
        9055000	       904	80000584	00000013	addi	x0,x0,0	  x0:0x00000000
        9065000	       905	80000588	ff9ff0ef	jal	x1,80000588	  x1=0x80000588
        9075000	       906	00000000	00000013	addi	x0,x0,0	  x0:0x00000000
        9085000	       907	8000057c	00000013	addi	x0,x0,0	  x0:0x00000000
        9095000	       908	80000580	fc1ff0ef	jal	x1,80000580	  x1=0x80000580
        9105000	       909	00000000	00000013	addi	x0,x0,0	  x0:0x00000000
        9115000	       910	8000053c	00000013	addi	x0,x0,0	  x0:0x00000000
        9125000	       911	80000540	014000ef	jal	x1,80000540	  x1=0x80000540
        9135000	       912	00000000	00000013	addi	x0,x0,0	  x0:0x00000000
        9145000	       913	80000550	00000013	addi	x0,x0,0	  x0:0x00000000
        9155000	       914	80000554	ff1ff0ef	jal	x1,80000554	  x1=0x80000554
        9165000	       915	00000000	00000013	addi	x0,x0,0	  x0:0x00000000
        9175000	       916	80000540	00000013	addi	x0,x0,0	  x0:0x00000000
        9185000	       917	80000544	04c000ef	jal	x1,80000544	  x1=0x80000544
        9195000	       918	00000000	00000013	addi	x0,x0,0	  x0:0x00000000
        9205000	       919	8000058c	00000013	addi	x0,x0,0	  x0:0x00000000
        9215000	       920	80000590	40800ab3	sub	x21,x0,x8	  x0:0x00000000  x8:0x8000044c x21=0x7ffffbb4
        9225000	       921	80000594	014008ef	jal	x17,80000594	 x17=0x80000594
        9235000	       922	00000000	00000013	addi	x0,x0,0	  x0:0x00000000
        9245000	       923	800005a4	00000013	addi	x0,x0,0	  x0:0x00000000
        9255000	       924	800005a8	04400fef	jal	x31,800005a8	 x31=0x800005a8
        9265000	       925	00000000	00000013	addi	x0,x0,0	  x0:0x00000000
        9275000	       926	800005e8	00000013	addi	x0,x0,0	  x0:0x00000000
        9285000	       927	800005ec	fd9ff2ef	jal	x5,800005ec	  x5=0x800005ec
        9295000	       928	00000000	00000013	addi	x0,x0,0	  x0:0x00000000
        9305000	       929	800005c0	00000013	addi	x0,x0,0	  x0:0x00000000
        9315000	       930	800005c4	fe9ff0ef	jal	x1,800005c4	  x1=0x800005c4
        9325000	       931	00000000	00000013	addi	x0,x0,0	  x0:0x00000000
        9335000	       932	800005a8	00000013	addi	x0,x0,0	  x0:0x00000000
        9345000	       933	800005ac	020000ef	jal	x1,800005ac	  x1=0x800005ac
        9355000	       934	00000000	00000013	addi	x0,x0,0	  x0:0x00000000
        9365000	       935	800005c8	00000013	addi	x0,x0,0	  x0:0x00000000
        9375000	       936	800005cc	fd9fffef	jal	x31,800005cc	 x31=0x800005cc
        9385000	       937	00000000	00000013	addi	x0,x0,0	  x0:0x00000000
        9395000	       938	800005a0	00000013	addi	x0,x0,0	  x0:0x00000000
        9405000	       939	800005a4	0500086f	jal	x16,800005a4	 x16=0x800005a4
        9415000	       940	00000000	00000013	addi	x0,x0,0	  x0:0x00000000
        9425000	       941	800005f0	00000013	addi	x0,x0,0	  x0:0x00000000
        9435000	       942	800005f4	008009ef	jal	x19,800005f4	 x19=0x800005f4
        9445000	       943	00000000	00000013	addi	x0,x0,0	  x0:0x00000000
        9455000	       944	800005f8	00000013	addi	x0,x0,0	  x0:0x00000000
        9465000	       945	800005fc	fe5ff0ef	jal	x1,800005fc	  x1=0x800005fc
        9475000	       946	00000000	00000013	addi	x0,x0,0	  x0:0x00000000
        9485000	       947	800005dc	00000013	addi	x0,x0,0	  x0:0x00000000
        9495000	       948	800005e0	004000ef	jal	x1,800005e0	  x1=0x800005e0
        9505000	       949	00000000	00000013	addi	x0,x0,0	  x0:0x00000000
        9515000	       950	800005e0	00000013	addi	x0,x0,0	  x0:0x00000000
        9525000	       951	800005e4	fd5ff0ef	jal	x1,800005e4	  x1=0x800005e4
        9535000	       952	00000000	00000013	addi	x0,x0,0	  x0:0x00000000
        9545000	       953	800005b4	00000013	addi	x0,x0,0	  x0:0x00000000
        9555000	       954	800005b8	ffdff0ef	jal	x1,800005b8	  x1=0x800005b8
        9565000	       955	00000000	00000013	addi	x0,x0,0	  x0:0x00000000
        9575000	       956	800005b0	00000013	addi	x0,x0,0	  x0:0x00000000
        9585000	       957	800005b4	0280066f	jal	x12,800005b4	 x12=0x800005b4
        9595000	       958	00000000	00000013	addi	x0,x0,0	  x0:0x00000000
        9605000	       959	800005d8	00000013	addi	x0,x0,0	  x0:0x00000000
        9615000	       960	800005dc	fd5ff0ef	jal	x1,800005dc	  x1=0x800005dc
        9625000	       961	00000000	00000013	addi	x0,x0,0	  x0:0x00000000
        9635000	       962	800005ac	00000013	addi	x0,x0,0	  x0:0x00000000
        9645000	       963	800005b0	038000ef	jal	x1,800005b0	  x1=0x800005b0
        9655000	       964	00000000	00000013	addi	x0,x0,0	  x0:0x00000000
        9665000	       965	800005e4	00000013	addi	x0,x0,0	  x0:0x00000000
        9675000	       966	800005e8	008000ef	jal	x1,800005e8	  x1=0x800005e8
        9685000	       967	00000000	00000013	addi	x0,x0,0	  x0:0x00000000
        9695000	       968	800005ec	00000013	addi	x0,x0,0	  x0:0x00000000
        9705000	       969	800005f0	fe5ff0ef	jal	x1,800005f0	  x1=0x800005f0
        9715000	       970	00000000	00000013	addi	x0,x0,0	  x0:0x00000000
        9725000	       971	800005d0	00000013	addi	x0,x0,0	  x0:0x00000000
        9735000	       972	800005d4	0240016f	jal	x2,800005d4	  x2=0x800005d4
        9745000	       973	00000000	00000013	addi	x0,x0,0	  x0:0x00000000
        9755000	       974	800005f4	00000013	addi	x0,x0,0	  x0:0x00000000
        9765000	       975	800005f8	fa1ff6ef	jal	x13,800005f8	 x13=0x800005f8
        9775000	       976	00000000	00000013	addi	x0,x0,0	  x0:0x00000000
        9785000	       977	80000594	00000013	addi	x0,x0,0	  x0:0x00000000
        9795000	       978	80000598	030000ef	jal	x1,80000598	  x1=0x80000598
        9805000	       979	00000000	00000013	addi	x0,x0,0	  x0:0x00000000
        9815000	       980	800005c4	00000013	addi	x0,x0,0	  x0:0x00000000
        9825000	       981	800005c8	fd5ff0ef	jal	x1,800005c8	  x1=0x800005c8
        9835000	       982	00000000	00000013	addi	x0,x0,0	  x0:0x00000000
        9845000	       983	80000598	00000013	addi	x0,x0,0	  x0:0x00000000
        9855000	       984	8000059c	024000ef	jal	x1,8000059c	  x1=0x8000059c
        9865000	       985	00000000	00000013	addi	x0,x0,0	  x0:0x00000000
        9875000	       986	800005bc	00000013	addi	x0,x0,0	  x0:0x00000000
        9885000	       987	800005c0	0180096f	jal	x18,800005c0	 x18=0x800005c0
        9895000	       988	00000000	00000013	addi	x0,x0,0	  x0:0x00000000
        9905000	       989	800005d4	00000013	addi	x0,x0,0	  x0:0x00000000
        9915000	       990	800005d8	fe5ff0ef	jal	x1,800005d8	  x1=0x800005d8
        9925000	       991	00000000	00000013	addi	x0,x0,0	  x0:0x00000000
        9935000	       992	800005b8	00000013	addi	x0,x0,0	  x0:0x00000000
        9945000	       993	800005bc	044000ef	jal	x1,800005bc	  x1=0x800005bc
        9955000	       994	00000000	00000013	addi	x0,x0,0	  x0:0x00000000
        9965000	       995	800005fc	00000013	addi	x0,x0,0	  x0:0x00000000
        9975000	       996	80000600	fd1ff0ef	jal	x1,80000600	  x1=0x80000600
        9985000	       997	00000000	00000013	addi	x0,x0,0	  x0:0x00000000
        9995000	       998	800005cc	00000013	addi	x0,x0,0	  x0:0x00000000
       10005000	       999	800005d0	fd1ff0ef	jal	x1,800005d0	  x1=0x800005d0
       10015000	      1000	00000000	00000013	addi	x0,x0,0	  x0:0x00000000
       10025000	      1001	8000059c	00000013	addi	x0,x0,0	  x0:0x00000000
       10035000	      1002	800005a0	064000ef	jal	x1,800005a0	  x1=0x800005a0
       10045000	      1003	00000000	00000013	addi	x0,x0,0	  x0:0x00000000
       10055000	      1004	80000600	00000013	addi	x0,x0,0	  x0:0x00000000
       10065000	      1005	80000604	00919193	slli	x3,x3,0x9	  x3:0x8000054c  x3=0x000a9800
       10075000	      1006	80000608	034008ef	jal	x17,80000608	 x17=0x80000608
       10085000	      1007	00000000	00000013	addi	x0,x0,0	  x0:0x00000000
       10095000	      1008	80000638	00000013	addi	x0,x0,0	  x0:0x00000000
       10105000	      1009	8000063c	fd5ff0ef	jal	x1,8000063c	  x1=0x8000063c
       10115000	      1010	00000000	00000013	addi	x0,x0,0	  x0:0x00000000
       10125000	      1011	8000060c	00000013	addi	x0,x0,0	  x0:0x00000000
       10135000	      1012	80000610	018001ef	jal	x3,80000610	  x3=0x80000610
       10145000	      1013	00000000	00000013	addi	x0,x0,0	  x0:0x00000000
       10155000	      1014	80000624	00000013	addi	x0,x0,0	  x0:0x00000000
       10165000	      1015	80000628	ff9ff0ef	jal	x1,80000628	  x1=0x80000628
       10175000	      1016	00000000	00000013	addi	x0,x0,0	  x0:0x00000000
       10185000	      1017	8000061c	00000013	addi	x0,x0,0	  x0:0x00000000
       10195000	      1018	80000620	018000ef	jal	x1,80000620	  x1=0x80000620
       10205000	      1019	00000000	00000013	addi	x0,x0,0	  x0:0x00000000
       10215000	      1020	80000634	00000013	addi	x0,x0,0	  x0:0x00000000
       10225000	      1021	80000638	ff5ff8ef	jal	x17,80000638	 x17=0x80000638
       10235000	      1022	00000000	00000013	addi	x0,x0,0	  x0:0x00000000
       10245000	      1023	80000628	00000013	addi	x0,x0,0	  x0:0x00000000
       10255000	      1024	8000062c	008000ef	jal	x1,8000062c	  x1=0x8000062c
       10265000	      1025	00000000	00000013	addi	x0,x0,0	  x0:0x00000000
       10275000	      1026	80000630	00000013	addi	x0,x0,0	  x0:0x00000000
       10285000	      1027	80000634	fe9ff0ef	jal	x1,80000634	  x1=0x80000634
       10295000	      1028	00000000	00000013	addi	x0,x0,0	  x0:0x00000000
       10305000	      1029	80000618	00000013	addi	x0,x0,0	  x0:0x00000000
       10315000	      1030	8000061c	ffdff0ef	jal	x1,8000061c	  x1=0x8000061c
       10325000	      1031	00000000	00000013	addi	x0,x0,0	  x0:0x00000000
       10335000	      1032	80000614	00000013	addi	x0,x0,0	  x0:0x00000000
       10345000	      1033	80000618	00c000ef	jal	x1,80000618	  x1=0x80000618
       10355000	      1034	00000000	00000013	addi	x0,x0,0	  x0:0x00000000
       10365000	      1035	80000620	00000013	addi	x0,x0,0	  x0:0x00000000
       10375000	      1036	80000624	ff1ffdef	jal	x27,80000624	 x27=0x80000624
       10385000	      1037	00000000	00000013	addi	x0,x0,0	  x0:0x00000000
       10395000	      1038	80000610	00000013	addi	x0,x0,0	  x0:0x00000000
       10405000	      1039	80000614	01c0066f	jal	x12,80000614	 x12=0x80000614
       10415000	      1040	00000000	00000013	addi	x0,x0,0	  x0:0x00000000
       10425000	      1041	8000062c	00000013	addi	x0,x0,0	  x0:0x00000000
       10435000	      1042	80000630	fddff0ef	jal	x1,80000630	  x1=0x80000630
       10445000	      1043	00000000	00000013	addi	x0,x0,0	  x0:0x00000000
       10455000	      1044	80000608	00000013	addi	x0,x0,0	  x0:0x00000000
       10465000	      1045	8000060c	034000ef	jal	x1,8000060c	  x1=0x8000060c
       10475000	      1046	00000000	00000013	addi	x0,x0,0	  x0:0x00000000
       10485000	      1047	8000063c	00000013	addi	x0,x0,0	  x0:0x00000000
       10495000	      1048	80000640	ec0b8893	addi	x17,x23,-320	 x23:0x80000314 x17=0x800001d4
       10505000	      1049	80000644	020008ef	jal	x17,80000644	 x17=0x80000644
       10515000	      1050	00000000	00000013	addi	x0,x0,0	  x0:0x00000000
       10525000	      1051	80000660	00000013	addi	x0,x0,0	  x0:0x00000000
       10535000	      1052	80000664	ff1ff26f	jal	x4,80000664	  x4=0x80000664
       10545000	      1053	00000000	00000013	addi	x0,x0,0	  x0:0x00000000
       10555000	      1054	80000650	00000013	addi	x0,x0,0	  x0:0x00000000
       10565000	      1055	80000654	004000ef	jal	x1,80000654	  x1=0x80000654
       10575000	      1056	00000000	00000013	addi	x0,x0,0	  x0:0x00000000
       10585000	      1057	80000654	00000013	addi	x0,x0,0	  x0:0x00000000
       10595000	      1058	80000658	014007ef	jal	x15,80000658	 x15=0x80000658
       10605000	      1059	00000000	00000013	addi	x0,x0,0	  x0:0x00000000
       10615000	      1060	80000668	00000013	addi	x0,x0,0	  x0:0x00000000
       10625000	      1061	8000066c	01800d6f	jal	x26,8000066c	 x26=0x8000066c
       10635000	      1062	00000000	00000013	addi	x0,x0,0	  x0:0x00000000
       10645000	      1063	80000680	00000013	addi	x0,x0,0	  x0:0x00000000
       10655000	      1064	80000684	fe5ff0ef	jal	x1,80000684	  x1=0x80000684
       10665000	      1065	00000000	00000013	addi	x0,x0,0	  x0:0x00000000
       10675000	      1066	80000664	00000013	addi	x0,x0,0	  x0:0x00000000
       10685000	      1067	80000668	ff5ff0ef	jal	x1,80000668	  x1=0x80000668
       10695000	      1068	00000000	00000013	addi	x0,x0,0	  x0:0x00000000
       10705000	      1069	80000658	00000013	addi	x0,x0,0	  x0:0x00000000
       10715000	      1070	8000065c	03c00c6f	jal	x24,8000065c	 x24=0x8000065c
       10725000	      1071	00000000	00000013	addi	x0,x0,0	  x0:0x00000000
       10735000	      1072	80000694	00000013	addi	x0,x0,0	  x0:0x00000000
       10745000	      1073	80000698	ff5ff16f	jal	x2,80000698	  x2=0x80000698
       10755000	      1074	00000000	00000013	addi	x0,x0,0	  x0:0x00000000
       10765000	      1075	80000688	00000013	addi	x0,x0,0	  x0:0x00000000
       10775000	      1076	8000068c	014000ef	jal	x1,8000068c	  x1=0x8000068c
       10785000	      1077	00000000	00000013	addi	x0,x0,0	  x0:0x00000000
       10795000	      1078	8000069c	00000013	addi	x0,x0,0	  x0:0x00000000
       10805000	      1079	800006a0	fe1ff0ef	jal	x1,800006a0	  x1=0x800006a0
       10815000	      1080	00000000	00000013	addi	x0,x0,0	  x0:0x00000000
       10825000	      1081	8000067c	00000013	addi	x0,x0,0	  x0:0x00000000
       10835000	      1082	80000680	ff5ff0ef	jal	x1,80000680	  x1=0x80000680
       10845000	      1083	00000000	00000013	addi	x0,x0,0	  x0:0x00000000
       10855000	      1084	80000670	00000013	addi	x0,x0,0	  x0:0x00000000
       10865000	      1085	80000674	008000ef	jal	x1,80000674	  x1=0x80000674
       10875000	      1086	00000000	00000013	addi	x0,x0,0	  x0:0x00000000
       10885000	      1087	80000678	00000013	addi	x0,x0,0	  x0:0x00000000
       10895000	      1088	8000067c	014000ef	jal	x1,8000067c	  x1=0x8000067c
       10905000	      1089	00000000	00000013	addi	x0,x0,0	  x0:0x00000000
       10915000	      1090	8000068c	00000013	addi	x0,x0,0	  x0:0x00000000
       10925000	      1091	80000690	fbdff0ef	jal	x1,80000690	  x1=0x80000690
       10935000	      1092	00000000	00000013	addi	x0,x0,0	  x0:0x00000000
       10945000	      1093	80000648	00000013	addi	x0,x0,0	  x0:0x00000000
       10955000	      1094	8000064c	014000ef	jal	x1,8000064c	  x1=0x8000064c
       10965000	      1095	00000000	00000013	addi	x0,x0,0	  x0:0x00000000
       10975000	      1096	8000065c	00000013	addi	x0,x0,0	  x0:0x00000000
       10985000	      1097	80000660	018000ef	jal	x1,80000660	  x1=0x80000660
       10995000	      1098	00000000	00000013	addi	x0,x0,0	  x0:0x00000000
       11005000	      1099	80000674	00000013	addi	x0,x0,0	  x0:0x00000000
       11015000	      1100	80000678	fd9ff66f	jal	x12,80000678	 x12=0x80000678
       11025000	      1101	00000000	00000013	addi	x0,x0,0	  x0:0x00000000
       11035000	      1102	8000064c	00000013	addi	x0,x0,0	  x0:0x00000000
       11045000	      1103	80000650	04c000ef	jal	x1,80000650	  x1=0x80000650
       11055000	      1104	00000000	00000013	addi	x0,x0,0	  x0:0x00000000
       11065000	      1105	80000698	00000013	addi	x0,x0,0	  x0:0x00000000
       11075000	      1106	8000069c	ff9ff2ef	jal	x5,8000069c	  x5=0x8000069c
       11085000	      1107	00000000	00000013	addi	x0,x0,0	  x0:0x00000000
       11095000	      1108	80000690	00000013	addi	x0,x0,0	  x0:0x00000000
       11105000	      1109	80000694	fddff5ef	jal	x11,80000694	 x11=0x80000694
       11115000	      1110	00000000	00000013	addi	x0,x0,0	  x0:0x00000000
       11125000	      1111	8000066c	00000013	addi	x0,x0,0	  x0:0x00000000
       11135000	      1112	80000670	01800aef	jal	x21,80000670	 x21=0x80000670
       11145000	      1113	00000000	00000013	addi	x0,x0,0	  x0:0x00000000
       11155000	      1114	80000684	00000013	addi	x0,x0,0	  x0:0x00000000
       11165000	      1115	80000688	fc1ff0ef	jal	x1,80000688	  x1=0x80000688
       11175000	      1116	00000000	00000013	addi	x0,x0,0	  x0:0x00000000
       11185000	      1117	80000644	00000013	addi	x0,x0,0	  x0:0x00000000
       11195000	      1118	80000648	05c002ef	jal	x5,80000648	  x5=0x80000648
       11205000	      1119	00000000	00000013	addi	x0,x0,0	  x0:0x00000000
       11215000	      1120	800006a0	00000013	addi	x0,x0,0	  x0:0x00000000
       11225000	      1121	800006a4	101fc997	auipc	x19,0x101fc	 x19=0x901fc6a0
       11235000	      1122	800006a8	054008ef	jal	x17,800006a8	 x17=0x800006a8
       11245000	      1123	00000000	00000013	addi	x0,x0,0	  x0:0x00000000
       11255000	      1124	800006f8	00000013	addi	x0,x0,0	  x0:0x00000000
       11265000	      1125	800006fc	ff1ff0ef	jal	x1,800006fc	  x1=0x800006fc
       11275000	      1126	00000000	00000013	addi	x0,x0,0	  x0:0x00000000
       11285000	      1127	800006e8	00000013	addi	x0,x0,0	  x0:0x00000000
       11295000	      1128	800006ec	fc5ff0ef	jal	x1,800006ec	  x1=0x800006ec
       11305000	      1129	00000000	00000013	addi	x0,x0,0	  x0:0x00000000
       11315000	      1130	800006ac	00000013	addi	x0,x0,0	  x0:0x00000000
       11325000	      1131	800006b0	018000ef	jal	x1,800006b0	  x1=0x800006b0
       11335000	      1132	00000000	00000013	addi	x0,x0,0	  x0:0x00000000
       11345000	      1133	800006c4	00000013	addi	x0,x0,0	  x0:0x00000000
       11355000	      1134	800006c8	04c000ef	jal	x1,800006c8	  x1=0x800006c8
       11365000	      1135	00000000	00000013	addi	x0,x0,0	  x0:0x00000000
       11375000	      1136	80000710	00000013	addi	x0,x0,0	  x0:0x00000000
       11385000	      1137	80000714	004001ef	jal	x3,80000714	  x3=0x80000714
       11395000	      1138	00000000	00000013	addi	x0,x0,0	  x0:0x00000000
       11405000	      1139	80000714	00000013	addi	x0,x0,0	  x0:0x00000000
       11415000	      1140	80000718	fa5ff16f	jal	x2,80000718	  x2=0x80000718
       11425000	      1141	00000000	00000013	addi	x0,x0,0	  x0:0x00000000
       11435000	      1142	800006b8	00000013	addi	x0,x0,0	  x0:0x00000000
       11445000	      1143	800006bc	018000ef	jal	x1,800006bc	  x1=0x800006bc
       11455000	      1144	00000000	00000013	addi	x0,x0,0	  x0:0x00000000
       11465000	      1145	800006d0	00000013	addi	x0,x0,0	  x0:0x00000000
       11475000	      1146	800006d4	fd9ffa6f	jal	x20,800006d4	 x20=0x800006d4
       11485000	      1147	00000000	00000013	addi	x0,x0,0	  x0:0x00000000
       11495000	      1148	800006a8	00000013	addi	x0,x0,0	  x0:0x00000000
       11505000	      1149	800006ac	048000ef	jal	x1,800006ac	  x1=0x800006ac
       11515000	      1150	00000000	00000013	addi	x0,x0,0	  x0:0x00000000
       11525000	      1151	800006f0	00000013	addi	x0,x0,0	  x0:0x00000000
       11535000	      1152	800006f4	fc1ff0ef	jal	x1,800006f4	  x1=0x800006f4
       11545000	      1153	00000000	00000013	addi	x0,x0,0	  x0:0x00000000
       11555000	      1154	800006b0	00000013	addi	x0,x0,0	  x0:0x00000000
       11565000	      1155	800006b4	05c0026f	jal	x4,800006b4	  x4=0x800006b4
       11575000	      1156	00000000	00000013	addi	x0,x0,0	  x0:0x00000000
       11585000	      1157	8000070c	00000013	addi	x0,x0,0	  x0:0x00000000
       11595000	      1158	80000710	fe9ff0ef	jal	x1,80000710	  x1=0x80000710
       11605000	      1159	00000000	00000013	addi	x0,x0,0	  x0:0x00000000
       11615000	      1160	800006f4	00000013	addi	x0,x0,0	  x0:0x00000000
       11625000	      1161	800006f8	ff9ff5ef	jal	x11,800006f8	 x11=0x800006f8
       11635000	      1162	00000000	00000013	addi	x0,x0,0	  x0:0x00000000
       11645000	      1163	800006ec	00000013	addi	x0,x0,0	  x0:0x00000000
       11655000	      1164	800006f0	fd5ff0ef	jal	x1,800006f0	  x1=0x800006f0
       11665000	      1165	00000000	00000013	addi	x0,x0,0	  x0:0x00000000
       11675000	      1166	800006c0	00000013	addi	x0,x0,0	  x0:0x00000000
       11685000	      1167	800006c4	03c007ef	jal	x15,800006c4	 x15=0x800006c4
       11695000	      1168	00000000	00000013	addi	x0,x0,0	  x0:0x00000000
       11705000	      1169	800006fc	00000013	addi	x0,x0,0	  x0:0x00000000
       11715000	      1170	80000700	fd9ff0ef	jal	x1,80000700	  x1=0x80000700
       11725000	      1171	00000000	00000013	addi	x0,x0,0	  x0:0x00000000
       11735000	      1172	800006d4	00000013	addi	x0,x0,0	  x0:0x00000000
       11745000	      1173	800006d8	fe1ff16f	jal	x2,800006d8	  x2=0x800006d8
       11755000	      1174	00000000	00000013	addi	x0,x0,0	  x0:0x00000000
       11765000	      1175	800006b4	00000013	addi	x0,x0,0	  x0:0x00000000
       11775000	      1176	800006b8	0300026f	jal	x4,800006b8	  x4=0x800006b8
       11785000	      1177	00000000	00000013	addi	x0,x0,0	  x0:0x00000000
       11795000	      1178	800006e4	00000013	addi	x0,x0,0	  x0:0x00000000
       11805000	      1179	800006e8	020000ef	jal	x1,800006e8	  x1=0x800006e8
       11815000	      1180	00000000	00000013	addi	x0,x0,0	  x0:0x00000000
       11825000	      1181	80000704	00000013	addi	x0,x0,0	  x0:0x00000000
       11835000	      1182	80000708	fd9ff0ef	jal	x1,80000708	  x1=0x80000708
       11845000	      1183	00000000	00000013	addi	x0,x0,0	  x0:0x00000000
       11855000	      1184	800006dc	00000013	addi	x0,x0,0	  x0:0x00000000
       11865000	      1185	800006e0	ff1ff0ef	jal	x1,800006e0	  x1=0x800006e0
       11875000	      1186	00000000	00000013	addi	x0,x0,0	  x0:0x00000000
       11885000	      1187	800006cc	00000013	addi	x0,x0,0	  x0:0x00000000
       11895000	      1188	800006d0	ffdff0ef	jal	x1,800006d0	  x1=0x800006d0
       11905000	      1189	00000000	00000013	addi	x0,x0,0	  x0:0x00000000
       11915000	      1190	800006c8	00000013	addi	x0,x0,0	  x0:0x00000000
       11925000	      1191	800006cc	050000ef	jal	x1,800006cc	  x1=0x800006cc
       11935000	      1192	00000000	00000013	addi	x0,x0,0	  x0:0x00000000
       11945000	      1193	80000718	00000013	addi	x0,x0,0	  x0:0x00000000
       11955000	      1194	8000071c	ff1ff0ef	jal	x1,8000071c	  x1=0x8000071c
       11965000	      1195	00000000	00000013	addi	x0,x0,0	  x0:0x00000000
       11975000	      1196	80000708	00000013	addi	x0,x0,0	  x0:0x00000000
       11985000	      1197	8000070c	fd9ff86f	jal	x16,8000070c	 x16=0x8000070c
       11995000	      1198	00000000	00000013	addi	x0,x0,0	  x0:0x00000000
       12005000	      1199	800006e0	00000013	addi	x0,x0,0	  x0:0x00000000
       12015000	      1200	800006e4	03c005ef	jal	x11,800006e4	 x11=0x800006e4
       12025000	      1201	00000000	00000013	addi	x0,x0,0	  x0:0x00000000
       12035000	      1202	8000071c	00000013	addi	x0,x0,0	  x0:0x00000000
       12045000	      1203	80000720	fa1fffef	jal	x31,80000720	 x31=0x80000720
       12055000	      1204	00000000	00000013	addi	x0,x0,0	  x0:0x00000000
       12065000	      1205	800006bc	00000013	addi	x0,x0,0	  x0:0x00000000
       12075000	      1206	800006c0	01c00c6f	jal	x24,800006c0	 x24=0x800006c0
       12085000	      1207	00000000	00000013	addi	x0,x0,0	  x0:0x00000000
       12095000	      1208	800006d8	00000013	addi	x0,x0,0	  x0:0x00000000
       12105000	      1209	800006dc	028000ef	jal	x1,800006dc	  x1=0x800006dc
       12115000	      1210	00000000	00000013	addi	x0,x0,0	  x0:0x00000000
       12125000	      1211	80000700	00000013	addi	x0,x0,0	  x0:0x00000000
       12135000	      1212	80000704	020000ef	jal	x1,80000704	  x1=0x80000704
       12145000	      1213	00000000	00000013	addi	x0,x0,0	  x0:0x00000000
       12155000	      1214	80000720	00000013	addi	x0,x0,0	  x0:0x00000000
       12165000	      1215	80000724	01eb4633	xor	x12,x22,x30	 x22:0x800003f0 x30:0x80000420 x12=0x000007d0
       12175000	      1216	80000728	01c008ef	jal	x17,80000728	 x17=0x80000728
       12185000	      1217	00000000	00000013	addi	x0,x0,0	  x0:0x00000000
       12195000	      1218	80000740	00000013	addi	x0,x0,0	  x0:0x00000000
       12205000	      1219	80000744	fedff0ef	jal	x1,80000744	  x1=0x80000744
       12215000	      1220	00000000	00000013	addi	x0,x0,0	  x0:0x00000000
       12225000	      1221	8000072c	00000013	addi	x0,x0,0	  x0:0x00000000
       12235000	      1222	80000730	004000ef	jal	x1,80000730	  x1=0x80000730
       12245000	      1223	00000000	00000013	addi	x0,x0,0	  x0:0x00000000
       12255000	      1224	80000730	00000013	addi	x0,x0,0	  x0:0x00000000
       12265000	      1225	80000734	03c000ef	jal	x1,80000734	  x1=0x80000734
       12275000	      1226	00000000	00000013	addi	x0,x0,0	  x0:0x00000000
       12285000	      1227	8000076c	00000013	addi	x0,x0,0	  x0:0x00000000
       12295000	      1228	80000770	010000ef	jal	x1,80000770	  x1=0x80000770
       12305000	      1229	00000000	00000013	addi	x0,x0,0	  x0:0x00000000
       12315000	      1230	8000077c	00000013	addi	x0,x0,0	  x0:0x00000000
       12325000	      1231	80000780	008000ef	jal	x1,80000780	  x1=0x80000780
       12335000	      1232	00000000	00000013	addi	x0,x0,0	  x0:0x00000000
       12345000	      1233	80000784	00000013	addi	x0,x0,0	  x0:0x00000000
       12355000	      1234	80000788	fb9ff96f	jal	x18,80000788	 x18=0x80000788
       12365000	      1235	00000000	00000013	addi	x0,x0,0	  x0:0x00000000
       12375000	      1236	8000073c	00000013	addi	x0,x0,0	  x0:0x00000000
       12385000	      1237	80000740	03c0016f	jal	x2,80000740	  x2=0x80000740
       12395000	      1238	00000000	00000013	addi	x0,x0,0	  x0:0x00000000
       12405000	      1239	80000778	00000013	addi	x0,x0,0	  x0:0x00000000
       12415000	      1240	8000077c	fe1ff0ef	jal	x1,8000077c	  x1=0x8000077c
       12425000	      1241	00000000	00000013	addi	x0,x0,0	  x0:0x00000000
       12435000	      1242	80000758	00000013	addi	x0,x0,0	  x0:0x00000000
       12445000	      1243	8000075c	018001ef	jal	x3,8000075c	  x3=0x8000075c
       12455000	      1244	00000000	00000013	addi	x0,x0,0	  x0:0x00000000
       12465000	      1245	80000770	00000013	addi	x0,x0,0	  x0:0x00000000
       12475000	      1246	80000774	fe1ff0ef	jal	x1,80000774	  x1=0x80000774
       12485000	      1247	00000000	00000013	addi	x0,x0,0	  x0:0x00000000
       12495000	      1248	80000750	00000013	addi	x0,x0,0	  x0:0x00000000
       12505000	      1249	80000754	fe5ff0ef	jal	x1,80000754	  x1=0x80000754
       12515000	      1250	00000000	00000013	addi	x0,x0,0	  x0:0x00000000
       12525000	      1251	80000734	00000013	addi	x0,x0,0	  x0:0x00000000
       12535000	      1252	80000738	028000ef	jal	x1,80000738	  x1=0x80000738
       12545000	      1253	00000000	00000013	addi	x0,x0,0	  x0:0x00000000
       12555000	      1254	8000075c	00000013	addi	x0,x0,0	  x0:0x00000000
       12565000	      1255	80000760	ff1ff0ef	jal	x1,80000760	  x1=0x80000760
       12575000	      1256	00000000	00000013	addi	x0,x0,0	  x0:0x00000000
       12585000	      1257	8000074c	00000013	addi	x0,x0,0	  x0:0x00000000
       12595000	      1258	80000750	01c000ef	jal	x1,80000750	  x1=0x80000750
       12605000	      1259	00000000	00000013	addi	x0,x0,0	  x0:0x00000000
       12615000	      1260	80000768	00000013	addi	x0,x0,0	  x0:0x00000000
       12625000	      1261	8000076c	ffdff0ef	jal	x1,8000076c	  x1=0x8000076c
       12635000	      1262	00000000	00000013	addi	x0,x0,0	  x0:0x00000000
       12645000	      1263	80000764	00000013	addi	x0,x0,0	  x0:0x00000000
       12655000	      1264	80000768	fd5ff2ef	jal	x5,80000768	  x5=0x80000768
       12665000	      1265	00000000	00000013	addi	x0,x0,0	  x0:0x00000000
       12675000	      1266	80000738	00000013	addi	x0,x0,0	  x0:0x00000000
       12685000	      1267	8000073c	01c000ef	jal	x1,8000073c	  x1=0x8000073c
       12695000	      1268	00000000	00000013	addi	x0,x0,0	  x0:0x00000000
       12705000	      1269	80000754	00000013	addi	x0,x0,0	  x0:0x00000000
       12715000	      1270	80000758	ff5ff0ef	jal	x1,80000758	  x1=0x80000758
       12725000	      1271	00000000	00000013	addi	x0,x0,0	  x0:0x00000000
       12735000	      1272	80000748	00000013	addi	x0,x0,0	  x0:0x00000000
       12745000	      1273	8000074c	038000ef	jal	x1,8000074c	  x1=0x8000074c
       12755000	      1274	00000000	00000013	addi	x0,x0,0	  x0:0x00000000
       12765000	      1275	80000780	00000013	addi	x0,x0,0	  x0:0x00000000
       12775000	      1276	80000784	fc5ffa6f	jal	x20,80000784	 x20=0x80000784
       12785000	      1277	00000000	00000013	addi	x0,x0,0	  x0:0x00000000
       12795000	      1278	80000744	00000013	addi	x0,x0,0	  x0:0x00000000
       12805000	      1279	80000748	01c000ef	jal	x1,80000748	  x1=0x80000748
       12815000	      1280	00000000	00000013	addi	x0,x0,0	  x0:0x00000000
       12825000	      1281	80000760	00000013	addi	x0,x0,0	  x0:0x00000000
       12835000	      1282	80000764	fc9ff0ef	jal	x1,80000764	  x1=0x80000764
       12845000	      1283	00000000	00000013	addi	x0,x0,0	  x0:0x00000000
       12855000	      1284	80000728	00000013	addi	x0,x0,0	  x0:0x00000000
       12865000	      1285	8000072c	04c000ef	jal	x1,8000072c	  x1=0x8000072c
       12875000	      1286	00000000	00000013	addi	x0,x0,0	  x0:0x00000000
       12885000	      1287	80000774	00000013	addi	x0,x0,0	  x0:0x00000000
       12895000	      1288	80000778	014006ef	jal	x13,80000778	 x13=0x80000778
       12905000	      1289	00000000	00000013	addi	x0,x0,0	  x0:0x00000000
       12915000	      1290	80000788	00000013	addi	x0,x0,0	  x0:0x00000000
       12925000	      1291	8000078c	00509f93	slli	x31,x1,0x5	  x1:0x8000072c x31=0x0000e580
       12935000	      1292	80000790	01ebde93	srli	x29,x23,0x1e	 x23:0x80000314 x29=0x00000002
       12945000	      1293	80000794	413905b3	sub	x11,x18,x19	 x18:0x80000788 x19:0x901fc6a0 x11=0xefe040e8
       12955000	      1294	80000798	01a2b433	sltu	x8,x5,x26	  x5:0x80000768 x26:0x8000066c  x8=0x00000000
       12965000	      1295	8000079c	41888a33	sub	x20,x17,x24	 x17:0x80000728 x24:0x800006c0 x20=0x00000068
       12975000	      1296	800007a0	032a8e93	addi	x29,x21,50	 x21:0x80000670 x29=0x800006a2
       12985000	      1297	800007a4	0065b133	sltu	x2,x11,x6	 x11:0xefe040e8  x6:0x80009f84  x2=0x00000000
       12995000	      1298	800007a8	01f5a413	slti	x8,x11,31	 x11:0xefe040e8  x8=0x00000001
       13005000	      1299	800007ac	02fe9e63	bne	x29,x15,800007e8	 x29:0x800006a2 x15:0x800006c4
       13015000	      1300	00000000	00000013	addi	x0,x0,0	  x0:0x00000000
       13025000	      1301	800007e4	00000013	addi	x0,x0,0	  x0:0x00000000
       13035000	      1302	800007e8	c6797993	andi	x19,x18,-921	 x18:0x80000788 x19=0x80000400
       13045000	      1303	800007ec	01c49093	slli	x1,x9,0x1c	  x9:0x800004f0  x1=0x00000000
       13055000	      1304	800007f0	00d924b3	slt	x9,x18,x13	 x18:0x80000788 x13:0x80000778  x9=0x00000000
       13065000	      1305	800007f4	013603b3	add	x7,x12,x19	 x12:0x000007d0 x19:0x80000400  x7=0x80000bd0
       13075000	      1306	800007f8	1c022d93	slti	x27,x4,448	  x4:0x800006b8 x27=0x00000001
       13085000	      1307	800007fc	56a72d13	slti	x26,x14,1386	 x14:0x80009fc4 x26=0x00000001
       13095000	      1308	80000800	00dc5863	bge	x24,x13,80000810	 x24:0x800006c0 x13:0x80000778
       13105000	      1309	80000804	41485a93	srai	x21,x16,0x14	 x16:0x8000070c x21=0xfffff800
       13115000	      1310	80000808	00b65213	srli	x4,x12,0xb	 x12:0x000007d0  x4=0x00000000
       13125000	      1311	8000080c	00e1d813	srli	x16,x3,0xe	  x3:0x8000075c x16=0x00020000
       13135000	      1312	80000810	0162c033	xor	x0,x5,x22	  x5:0x80000768 x22:0x800003f0
       13145000	      1313	80000814	d21c0a13	addi	x20,x24,-735	 x24:0x800006c0 x20=0x800003e1
       13155000	      1314	80000818	40c7d293	srai	x5,x15,0xc	 x15:0x800006c4  x5=0xfff80000
       13165000	      1315	8000081c	00000013	addi	x0,x0,0	  x0:0x00000000
       13175000	      1316	80000820	edbbe4b7	lui	x9,0xedbbe	  x9=0xedbbe000
       13185000	      1317	80000824	01ca1913	slli	x18,x20,0x1c	 x20:0x800003e1 x18=0x10000000
       13195000	      1318	80000828	00000013	addi	x0,x0,0	  x0:0x00000000
       13205000	      1319	8000082c	4048d7b3	sra	x15,x17,x4	 x17:0x80000728  x4:0x00000000 x15=0x80000728
       13215000	      1320	80000830	013cfb33	and	x22,x25,x19	 x25:0x800003d4 x19:0x80000400 x22=0x80000000
       13225000	      1321	80000834	01156663	bltu	x10,x17,80000840	 x10:0x80000000 x17:0x80000728
       13235000	      1322	00000000	00000013	addi	x0,x0,0	  x0:0x00000000
       13245000	      1323	8000083c	00000013	addi	x0,x0,0	  x0:0x00000000
       13255000	      1324	80000840	010c4663	blt	x24,x16,8000084c	 x24:0x800006c0 x16:0x00020000
       13265000	      1325	00000000	00000013	addi	x0,x0,0	  x0:0x00000000
       13275000	      1326	80000848	00000013	addi	x0,x0,0	  x0:0x00000000
       13285000	      1327	8000084c	01d90933	add	x18,x18,x29	 x18:0x10000000 x29:0x800006a2 x18=0x900006a2
       13295000	      1328	80000850	00dd1663	bne	x26,x13,8000085c	 x26:0x00000001 x13:0x80000778
       13305000	      1329	00000000	00000013	addi	x0,x0,0	  x0:0x00000000
       13315000	      1330	80000858	00000013	addi	x0,x0,0	  x0:0x00000000
       13325000	      1331	8000085c	cd9675b7	lui	x11,0xcd967	 x11=0xcd967000
       13335000	      1332	80000860	0257c663	blt	x15,x5,8000088c	 x15:0x80000728  x5:0xfff80000
       13345000	      1333	00000000	00000013	addi	x0,x0,0	  x0:0x00000000
       13355000	      1334	80000888	00000013	addi	x0,x0,0	  x0:0x00000000
       13365000	      1335	8000088c	032e8c63	beq	x29,x18,800008c4	 x29:0x800006a2 x18:0x900006a2
       13375000	      1336	80000890	01495393	srli	x7,x18,0x14	 x18:0x900006a2  x7=0x00000900
       13385000	      1337	80000894	41338033	sub	x0,x7,x19	  x7:0x00000900 x19:0x80000400
       13395000	      1338	80000898	06490d13	addi	x26,x18,100	 x18:0x900006a2 x26=0x90000706
       13405000	      1339	8000089c	04da0263	beq	x20,x13,800008e0	 x20:0x800003e1 x13:0x80000778
       13415000	      1340	800008a0	241a3e13	sltiu	x28,x20,577	 x20:0x800003e1 x28=0x00000000
       13425000	      1341	800008a4	001b2db3	slt	x27,x22,x1	 x22:0x80000000  x1:0x00000000 x27=0x00000001
       13435000	      1342	800008a8	01b7e863	bltu	x15,x27,800008b8	 x15:0x80000728 x27:0x00000001
       13445000	      1343	800008ac	01951bb3	sll	x23,x10,x25	 x10:0x80000000 x25:0x800003d4 x23=0x00000000
       13455000	      1344	800008b0	040c4863	blt	x24,x0,80000900	 x24:0x800006c0  x0:0x00000000
       13465000	      1345	00000000	00000013	addi	x0,x0,0	  x0:0x00000000
       13475000	      1346	800008fc	00000013	addi	x0,x0,0	  x0:0x00000000
       13485000	      1347	80000900	01341e33	sll	x28,x8,x19	  x8:0x00000001 x19:0x80000400 x28=0x00000001
       13495000	      1348	80000904	01d273b3	and	x7,x4,x29	  x4:0x00000000 x29:0x800006a2  x7=0x00000000
       13505000	      1349	80000908	40ff5d33	sra	x26,x30,x15	 x30:0x80000420 x15:0x80000728 x26=0xff800004
       13515000	      1350	8000090c	00f283b3	add	x7,x5,x15	  x5:0xfff80000 x15:0x80000728  x7=0x7ff80728
       13525000	      1351	80000910	01252d33	slt	x26,x10,x18	 x10:0x80000000 x18:0x900006a2 x26=0x00000001
       13535000	      1352	80000914	01e05a13	srli	x20,x0,0x1e	  x0:0x00000000 x20=0x00000000
       13545000	      1353	80000918	002c62b3	or	x5,x24,x2	 x24:0x800006c0  x2:0x00000000  x5=0x800006c0
       13555000	      1354	8000091c	bf1842b7	lui	x5,0xbf184	  x5=0xbf184000
       13565000	      1355	80000920	01e12db3	slt	x27,x2,x30	  x2:0x00000000 x30:0x80000420 x27=0x00000000
       13575000	      1356	80000924	e0d30e97	auipc	x29,0xe0d30	 x29=0x60d30920
       13585000	      1357	80000928	04ab7663	bgeu	x22,x10,80000974	 x22:0x80000000 x10:0x80000000
       13595000	      1358	00000000	00000013	addi	x0,x0,0	  x0:0x00000000
       13605000	      1359	80000970	00000013	addi	x0,x0,0	  x0:0x00000000
       13615000	      1360	80000974	001f1e13	slli	x28,x30,0x1	 x30:0x80000420 x28=0x00000840
       13625000	      1361	80000978	c980d237	lui	x4,0xc980d	  x4=0xc980d000
       13635000	      1362	8000097c	00000013	addi	x0,x0,0	  x0:0x00000000
       13645000	      1363	80000980	00739113	slli	x2,x7,0x7	  x7:0x7ff80728  x2=0xfc039400
       13655000	      1364	80000984	00d1fab3	and	x21,x3,x13	  x3:0x8000075c x13:0x80000778 x21=0x80000758
       13665000	      1365	80000988	40f185b3	sub	x11,x3,x15	  x3:0x8000075c x15:0x80000728 x11=0x00000034
       13675000	      1366	8000098c	41a35db3	sra	x27,x6,x26	  x6:0x80009f84 x26:0x00000001 x27=0xc0004fc2
       13685000	      1367	80000990	00835c33	srl	x24,x6,x8	  x6:0x80009f84  x8:0x00000001 x24=0x40004fc2
       13695000	      1368	80000994	0554f463	bgeu	x9,x21,800009dc	  x9:0xedbbe000 x21:0x80000758
       13705000	      1369	00000000	00000013	addi	x0,x0,0	  x0:0x00000000
       13715000	      1370	800009d8	00000013	addi	x0,x0,0	  x0:0x00000000
       13725000	      1371	800009dc	408b8033	sub	x0,x23,x8	 x23:0x00000000  x8:0x00000001
       13735000	      1372	800009e0	001bf3b3	and	x7,x23,x1	 x23:0x00000000  x1:0x00000000  x7=0x00000000
       13745000	      1373	800009e4	8ee8a613	slti	x12,x17,-1810	 x17:0x80000728 x12=0x00000001
       13755000	      1374	800009e8	01232fb3	slt	x31,x6,x18	  x6:0x80009f84 x18:0x900006a2 x31=0x00000001
       13765000	      1375	800009ec	05294663	blt	x18,x18,80000a38	 x18:0x900006a2 x18:0x900006a2
       13775000	      1376	800009f0	00126863	bltu	x4,x1,80000a00	  x4:0xc980d000  x1:0x00000000
       13785000	      1377	800009f4	01585c13	srli	x24,x16,0x15	 x16:0x00020000 x24=0x00000000
       13795000	      1378	800009f8	00ec21b3	slt	x3,x24,x14	 x24:0x00000000 x14:0x80009fc4  x3=0x00000000
       13805000	      1379	800009fc	003f2fb3	slt	x31,x30,x3	 x30:0x80000420  x3:0x00000000 x31=0x00000001
       13815000	      1380	80000a00	97bbf213	andi	x4,x23,-1669	 x23:0x00000000  x4=0x00000000
       13825000	      1381	80000a04	119e8a13	addi	x20,x29,281	 x29:0x60d30920 x20=0x60d30a39
       13835000	      1382	80000a08	00388c63	beq	x17,x3,80000a20	 x17:0x80000728  x3:0x00000000
       13845000	      1383	80000a0c	0063c2b3	xor	x5,x7,x6	  x7:0x00000000  x6:0x80009f84  x5=0x80009f84
       13855000	      1384	80000a10	17a2e8b7	lui	x17,0x17a2e	 x17=0x17a2e000
       13865000	      1385	80000a14	002b87b3	add	x15,x23,x2	 x23:0x00000000  x2:0xfc039400 x15=0xfc039400
       13875000	      1386	80000a18	001808b3	add	x17,x16,x1	 x16:0x00020000  x1:0x00000000 x17=0x00020000
       13885000	      1387	80000a1c	05935463	bge	x6,x25,80000a64	  x6:0x80009f84 x25:0x800003d4
       13895000	      1388	00000000	00000013	addi	x0,x0,0	  x0:0x00000000
       13905000	      1389	80000a60	00000013	addi	x0,x0,0	  x0:0x00000000
       13915000	      1390	80000a64	00d615b3	sll	x11,x12,x13	 x12:0x00000001 x13:0x80000778 x11=0x01000000
       13925000	      1391	80000a68	000be9b3	or	x19,x23,x0	 x23:0x00000000  x0:0x00000000 x19=0x00000000
       13935000	      1392	80000a6c	403104b3	sub	x9,x2,x3	  x2:0xfc039400  x3:0x00000000  x9=0xfc039400
       13945000	      1393	80000a70	01568eb3	add	x29,x13,x21	 x13:0x80000778 x21:0x80000758 x29=0x00000ed0
       13955000	      1394	80000a74	40965213	srai	x4,x12,0x9	 x12:0x00000001  x4=0x00000000
       13965000	      1395	80000a78	00415b13	srli	x22,x2,0x4	  x2:0xfc039400 x22=0x0fc03940
       13975000	      1396	80000a7c	01b95d13	srli	x26,x18,0x1b	 x18:0x900006a2 x26=0x00000012
       13985000	      1397	80000a80	3ce13e13	sltiu	x28,x2,974	  x2:0xfc039400 x28=0x00000000
       13995000	      1398	80000a84	00000013	addi	x0,x0,0	  x0:0x00000000
       14005000	      1399	80000a88	346d4793	xori	x15,x26,838	 x26:0x00000012 x15=0x00000354
       14015000	      1400	80000a8c	052f0663	beq	x30,x18,80000ad8	 x30:0x80000420 x18:0x900006a2
       14025000	      1401	80000a90	18013d93	sltiu	x27,x2,384	  x2:0xfc039400 x27=0x00000000
       14035000	      1402	80000a94	00cc3493	sltiu	x9,x24,12	 x24:0x00000000  x9=0x00000001
       14045000	      1403	80000a98	007e8833	add	x16,x29,x7	 x29:0x00000ed0  x7:0x00000000 x16=0x00000ed0
       14055000	      1404	80000a9c	014a07b3	add	x15,x20,x20	 x20:0x60d30a39 x20:0x60d30a39 x15=0xc1a61472
       14065000	      1405	80000aa0	dd163213	sltiu	x4,x12,-559	 x12:0x00000001  x4=0x00000001
       14075000	      1406	80000aa4	c0e76397	auipc	x7,0xc0e76	  x7=0x40e76aa0
       14085000	      1407	80000aa8	01aa9f13	slli	x30,x21,0x1a	 x21:0x80000758 x30=0x60000000
       14095000	      1408	80000aac	e55abe13	sltiu	x28,x21,-427	 x21:0x80000758 x28=0x00000001
       14105000	      1409	80000ab0	cbfec193	xori	x3,x29,-833	 x29:0x00000ed0  x3=0xfffff26f
       14115000	      1410	80000ab4	015a4933	xor	x18,x20,x21	 x20:0x60d30a39 x21:0x80000758 x18=0xe0d30d61
       14125000	      1411	80000ab8	007877b3	and	x15,x16,x7	 x16:0x00000ed0  x7:0x40e76aa0 x15=0x00000a80
       14135000	      1412	80000abc	03d59463	bne	x11,x29,80000ae4	 x11:0x01000000 x29:0x00000ed0
       14145000	      1413	00000000	00000013	addi	x0,x0,0	  x0:0x00000000
       14155000	      1414	80000ae0	00000013	addi	x0,x0,0	  x0:0x00000000
       14165000	      1415	80000ae4	05fa0e13	addi	x28,x20,95	 x20:0x60d30a39 x28=0x60d30a98
       14175000	      1416	80000ae8	b59c6437	lui	x8,0xb59c6	  x8=0xb59c6000
       14185000	      1417	80000aec	40ef5e93	srai	x29,x30,0xe	 x30:0x60000000 x29=0x00018000
       14195000	      1418	80000af0	00bc5393	srli	x7,x24,0xb	 x24:0x00000000  x7=0x00000000
       14205000	      1419	80000af4	010f5913	srli	x18,x30,0x10	 x30:0x60000000 x18=0x00006000
       14215000	      1420	80000af8	02786c63	bltu	x16,x7,80000b30	 x16:0x00000ed0  x7:0x00000000
       14225000	      1421	80000afc	b8a1fd13	andi	x26,x3,-1142	  x3:0xfffff26f x26=0xfffff20a
       14235000	      1422	80000b00	8333a213	slti	x4,x7,-1997	  x7:0x00000000  x4=0x00000000
       14245000	      1423	80000b04	cbe03413	sltiu	x8,x0,-834	  x0:0x00000000  x8=0x00000001
       14255000	      1424	80000b08	5f606913	ori	x18,x0,1526	  x0:0x00000000 x18=0x000005f6
       14265000	      1425	80000b0c	00632a33	slt	x20,x6,x6	  x6:0x80009f84  x6:0x80009f84 x20=0x00000000
       14275000	      1426	80000b10	40b486b3	sub	x13,x9,x11	  x9:0x00000001 x11:0x01000000 x13=0xff000001
       14285000	      1427	80000b14	0142d493	srli	x9,x5,0x14	  x5:0x80009f84  x9=0x00000800
       14295000	      1428	80000b18	00000013	addi	x0,x0,0	  x0:0x00000000
       14305000	      1429	80000b1c	41715293	srai	x5,x2,0x17	  x2:0xfc039400  x5=0xfffffff8
       14315000	      1430	80000b20	6d22a893	slti	x17,x5,1746	  x5:0xfffffff8 x17=0x00000001
       14325000	      1431	80000b24	be1f8993	addi	x19,x31,-1055	 x31:0x00000001 x19=0xfffffbe2
       14335000	      1432	80000b28	045be463	bltu	x23,x5,80000b70	 x23:0x00000000  x5:0xfffffff8
       14345000	      1433	00000000	00000013	addi	x0,x0,0	  x0:0x00000000
       14355000	      1434	80000b6c	00000013	addi	x0,x0,0	  x0:0x00000000
       14365000	      1435	80000b70	00b3df13	srli	x30,x7,0xb	  x7:0x00000000 x30=0x00000000
       14375000	      1436	80000b74	02adec63	bltu	x27,x10,80000bac	 x27:0x00000000 x10:0x80000000
       14385000	      1437	00000000	00000013	addi	x0,x0,0	  x0:0x00000000
       14395000	      1438	80000ba8	00000013	addi	x0,x0,0	  x0:0x00000000
       14405000	      1439	80000bac	372ccfb7	lui	x31,0x372cc	 x31=0x372cc000
       14415000	      1440	80000bb0	017fdfb3	srl	x31,x31,x23	 x31:0x372cc000 x23:0x00000000 x31=0x372cc000
       14425000	      1441	80000bb4	0073f4b3	and	x9,x7,x7	  x7:0x00000000  x7:0x00000000  x9=0x00000000
       14435000	      1442	80000bb8	02f6dc63	bge	x13,x15,80000bf0	 x13:0xff000001 x15:0x00000a80
       14445000	      1443	80000bbc	0182f1b3	and	x3,x5,x24	  x5:0xfffffff8 x24:0x00000000  x3=0x00000000
       14455000	      1444	80000bc0	01359b93	slli	x23,x11,0x13	 x11:0x01000000 x23=0x00000000
       14465000	      1445	80000bc4	0080c2b3	xor	x5,x1,x8	  x1:0x00000000  x8:0x00000001  x5=0x00000001
       14475000	      1446	80000bc8	02c68e63	beq	x13,x12,80000c04	 x13:0xff000001 x12:0x00000001
       14485000	      1447	80000bcc	01aa3ab3	sltu	x21,x20,x26	 x20:0x00000000 x26:0xfffff20a x21=0x00000001
       14495000	      1448	80000bd0	0116d433	srl	x8,x13,x17	 x13:0xff000001 x17:0x00000001  x8=0x7f800000
       14505000	      1449	80000bd4	00a4f1b3	and	x3,x9,x10	  x9:0x00000000 x10:0x80000000  x3=0x00000000
       14515000	      1450	80000bd8	05604263	blt	x0,x22,80000c1c	  x0:0x00000000 x22:0x0fc03940
       14525000	      1451	00000000	00000013	addi	x0,x0,0	  x0:0x00000000
       14535000	      1452	80000c18	00000013	addi	x0,x0,0	  x0:0x00000000
       14545000	      1453	80000c1c	40ffd2b3	sra	x5,x31,x15	 x31:0x372cc000 x15:0x00000a80  x5=0x372cc000
       14555000	      1454	80000c20	a2663397	auipc	x7,0xa2663	  x7=0x22663c1c
       14565000	      1455	80000c24	05a0f663	bgeu	x1,x26,80000c70	  x1:0x00000000 x26:0xfffff20a
       14575000	      1456	80000c28	01fc6233	or	x4,x24,x31	 x24:0x00000000 x31:0x372cc000  x4=0x372cc000
       14585000	      1457	80000c2c	00d57933	and	x18,x10,x13	 x10:0x80000000 x13:0xff000001 x18=0x80000000
       14595000	      1458	80000c30	1f1b6a13	ori	x20,x22,497	 x22:0x0fc03940 x20=0x0fc039f1
       14605000	      1459	80000c34	de2fca93	xori	x21,x31,-542	 x31:0x372cc000 x21=0xc8d33de2
       14615000	      1460	80000c38	017ddbb3	srl	x23,x27,x23	 x27:0x00000000 x23:0x00000000 x23=0x00000000
       14625000	      1461	80000c3c	415381b3	sub	x3,x7,x21	  x7:0x22663c1c x21:0xc8d33de2  x3=0x5992fe3a
       14635000	      1462	80000c40	01169663	bne	x13,x17,80000c4c	 x13:0xff000001 x17:0x00000001
       14645000	      1463	00000000	00000013	addi	x0,x0,0	  x0:0x00000000
       14655000	      1464	80000c48	00000013	addi	x0,x0,0	  x0:0x00000000
       14665000	      1465	80000c4c	62e7f413	andi	x8,x15,1582	 x15:0x00000a80  x8=0x00000200
       14675000	      1466	80000c50	c321a493	slti	x9,x3,-974	  x3:0x5992fe3a  x9=0x00000000
       14685000	      1467	80000c54	00d03433	sltu	x8,x0,x13	  x0:0x00000000 x13:0xff000001  x8=0x00000001
       14695000	      1468	80000c58	005a9933	sll	x18,x21,x5	 x21:0xc8d33de2  x5:0x372cc000 x18=0xc8d33de2
       14705000	      1469	80000c5c	00000013	addi	x0,x0,0	  x0:0x00000000
       14715000	      1470	80000c60	0013a9b3	slt	x19,x7,x1	  x7:0x22663c1c  x1:0x00000000 x19=0x00000000
       14725000	      1471	80000c64	4130d993	srai	x19,x1,0x13	  x1:0x00000000 x19=0x00000000
       14735000	      1472	80000c68	030bf463	bgeu	x23,x16,80000c90	 x23:0x00000000 x16:0x00000ed0
       14745000	      1473	80000c6c	00000013	addi	x0,x0,0	  x0:0x00000000
       14755000	      1474	80000c70	03084063	blt	x16,x16,80000c90	 x16:0x00000ed0 x16:0x00000ed0
       14765000	      1475	80000c74	0015d093	srli	x1,x11,0x1	 x11:0x01000000  x1=0x00800000
       14775000	      1476	80000c78	01abfcb3	and	x25,x23,x26	 x23:0x00000000 x26:0xfffff20a x25=0x00000000
       14785000	      1477	80000c7c	00000013	addi	x0,x0,0	  x0:0x00000000
       14795000	      1478	80000c80	415cdf93	srai	x31,x25,0x15	 x25:0x00000000 x31=0x00000000
       14805000	      1479	80000c84	c5653913	sltiu	x18,x10,-938	 x10:0x80000000 x18=0x00000001
       14815000	      1480	80000c88	411f5293	srai	x5,x30,0x11	 x30:0x00000000  x5=0x00000000
       14825000	      1481	80000c8c	039a5c63	bge	x20,x25,80000cc4	 x20:0x0fc039f1 x25:0x00000000
       14835000	      1482	00000000	00000013	addi	x0,x0,0	  x0:0x00000000
       14845000	      1483	80000cc0	00000013	addi	x0,x0,0	  x0:0x00000000
       14855000	      1484	80000cc4	90c34093	xori	x1,x6,-1780	  x6:0x80009f84  x1=0x7fff6688
       14865000	      1485	80000cc8	40ce5a33	sra	x20,x28,x12	 x28:0x60d30a98 x12:0x00000001 x20=0x3069854c
       14875000	      1486	80000ccc	005b1433	sll	x8,x22,x5	 x22:0x0fc03940  x5:0x00000000  x8=0x0fc03940
       14885000	      1487	80000cd0	01f40d33	add	x26,x8,x31	  x8:0x0fc03940 x31:0x00000000 x26=0x0fc03940
       14895000	      1488	80000cd4	42d26993	ori	x19,x4,1069	  x4:0x372cc000 x19=0x372cc42d
       14905000	      1489	80000cd8	00ed3bb3	sltu	x23,x26,x14	 x26:0x0fc03940 x14:0x80009fc4 x23=0x00000001
       14915000	      1490	80000cdc	01cf9e93	slli	x29,x31,0x1c	 x31:0x00000000 x29=0x00000000
       14925000	      1491	80000ce0	00fb38b3	sltu	x17,x22,x15	 x22:0x0fc03940 x15:0x00000a80 x17=0x00000000
       14935000	      1492	80000ce4	206aabb7	lui	x23,0x206aa	 x23=0x206aa000
       14945000	      1493	80000ce8	40b205b3	sub	x11,x4,x11	  x4:0x372cc000 x11:0x01000000 x11=0x362cc000
       14955000	      1494	80000cec	1c5c7613	andi	x12,x24,453	 x24:0x00000000 x12=0x00000000
       14965000	      1495	80000cf0	09a83213	sltiu	x4,x16,154	 x16:0x00000ed0  x4=0x00000000
       14975000	      1496	80000cf4	00d903b3	add	x7,x18,x13	 x18:0x00000001 x13:0xff000001  x7=0xff000002
       14985000	      1497	80000cf8	40865c93	srai	x25,x12,0x8	 x12:0x00000000 x25=0x00000000
       14995000	      1498	80000cfc	23af0193	addi	x3,x30,570	 x30:0x00000000  x3=0x0000023a
       15005000	      1499	80000d00	01c30633	add	x12,x6,x28	  x6:0x80009f84 x28:0x60d30a98 x12=0xe0d3aa1c
       15015000	      1500	80000d04	01c1b833	sltu	x16,x3,x28	  x3:0x0000023a x28:0x60d30a98 x16=0x00000001
       15025000	      1501	80000d08	006df863	bgeu	x27,x6,80000d18	 x27:0x00000000  x6:0x80009f84
       15035000	      1502	80000d0c	02284a63	blt	x16,x2,80000d40	 x16:0x00000001  x2:0xfc039400
       15045000	      1503	80000d10	011159b3	srl	x19,x2,x17	  x2:0xfc039400 x17:0x00000000 x19=0xfc039400
       15055000	      1504	80000d14	f13ae693	ori	x13,x21,-237	 x21:0xc8d33de2 x13=0xfffffff3
       15065000	      1505	80000d18	834ba397	auipc	x7,0x834ba	  x7=0x034bad14
       15075000	      1506	80000d1c	00f89eb3	sll	x29,x17,x15	 x17:0x00000000 x15:0x00000a80 x29=0x00000000
       15085000	      1507	80000d20	003ad8b3	srl	x17,x21,x3	 x21:0xc8d33de2  x3:0x0000023a x17=0x00000032
       15095000	      1508	80000d24	406a0433	sub	x8,x20,x6	 x20:0x3069854c  x6:0x80009f84  x8=0xb068e5c8
       15105000	      1509	80000d28	00000013	addi	x0,x0,0	  x0:0x00000000
       15115000	      1510	80000d2c	01348463	beq	x9,x19,80000d34	  x9:0x00000000 x19:0xfc039400
       15125000	      1511	80000d30	c76cdb17	auipc	x22,0xc76cd	 x22=0x476cdd2c
       15135000	      1512	80000d34	41598b33	sub	x22,x19,x21	 x19:0xfc039400 x21:0xc8d33de2 x22=0x3330561e
       15145000	      1513	80000d38	0099d7b3	srl	x15,x19,x9	 x19:0xfc039400  x9:0x00000000 x15=0xfc039400
       15155000	      1514	80000d3c	00fe57b3	srl	x15,x28,x15	 x28:0x60d30a98 x15:0xfc039400 x15=0x60d30a98
       15165000	      1515	80000d40	0c315263	bge	x2,x3,80000e04	  x2:0xfc039400  x3:0x0000023a
       15175000	      1516	80000d44	008008ef	jal	x17,80000d44	 x17=0x80000d44
       15185000	      1517	00000000	00000013	addi	x0,x0,0	  x0:0x00000000
       15195000	      1518	80000d48	00000013	addi	x0,x0,0	  x0:0x00000000
       15205000	      1519	80000d4c	05c000ef	jal	x1,80000d4c	  x1=0x80000d4c
       15215000	      1520	00000000	00000013	addi	x0,x0,0	  x0:0x00000000
       15225000	      1521	80000da4	00000013	addi	x0,x0,0	  x0:0x00000000
       15235000	      1522	80000da8	fc5ff16f	jal	x2,80000da8	  x2=0x80000da8
       15245000	      1523	00000000	00000013	addi	x0,x0,0	  x0:0x00000000
       15255000	      1524	80000d68	00000013	addi	x0,x0,0	  x0:0x00000000
       15265000	      1525	80000d6c	ffdff0ef	jal	x1,80000d6c	  x1=0x80000d6c
       15275000	      1526	00000000	00000013	addi	x0,x0,0	  x0:0x00000000
       15285000	      1527	80000d64	00000013	addi	x0,x0,0	  x0:0x00000000
       15295000	      1528	80000d68	04400d6f	jal	x26,80000d68	 x26=0x80000d68
       15305000	      1529	00000000	00000013	addi	x0,x0,0	  x0:0x00000000
       15315000	      1530	80000da8	00000013	addi	x0,x0,0	  x0:0x00000000
       15325000	      1531	80000dac	fedff0ef	jal	x1,80000dac	  x1=0x80000dac
       15335000	      1532	00000000	00000013	addi	x0,x0,0	  x0:0x00000000
       15345000	      1533	80000d94	00000013	addi	x0,x0,0	  x0:0x00000000
       15355000	      1534	80000d98	01c00fef	jal	x31,80000d98	 x31=0x80000d98
       15365000	      1535	00000000	00000013	addi	x0,x0,0	  x0:0x00000000
       15375000	      1536	80000db0	00000013	addi	x0,x0,0	  x0:0x00000000
       15385000	      1537	80000db4	fcdff86f	jal	x16,80000db4	 x16=0x80000db4
       15395000	      1538	00000000	00000013	addi	x0,x0,0	  x0:0x00000000
       15405000	      1539	80000d7c	00000013	addi	x0,x0,0	  x0:0x00000000
       15415000	      1540	80000d80	fe5ff9ef	jal	x19,80000d80	 x19=0x80000d80
       15425000	      1541	00000000	00000013	addi	x0,x0,0	  x0:0x00000000
       15435000	      1542	80000d60	00000013	addi	x0,x0,0	  x0:0x00000000
       15445000	      1543	80000d64	054000ef	jal	x1,80000d64	  x1=0x80000d64
       15455000	      1544	00000000	00000013	addi	x0,x0,0	  x0:0x00000000
       15465000	      1545	80000db4	00000013	addi	x0,x0,0	  x0:0x00000000
       15475000	      1546	80000db8	fc1ff2ef	jal	x5,80000db8	  x5=0x80000db8
       15485000	      1547	00000000	00000013	addi	x0,x0,0	  x0:0x00000000
       15495000	      1548	80000d74	00000013	addi	x0,x0,0	  x0:0x00000000
       15505000	      1549	80000d78	0440016f	jal	x2,80000d78	  x2=0x80000d78
       15515000	      1550	00000000	00000013	addi	x0,x0,0	  x0:0x00000000
       15525000	      1551	80000db8	00000013	addi	x0,x0,0	  x0:0x00000000
       15535000	      1552	80000dbc	fa1ff0ef	jal	x1,80000dbc	  x1=0x80000dbc
       15545000	      1553	00000000	00000013	addi	x0,x0,0	  x0:0x00000000
       15555000	      1554	80000d58	00000013	addi	x0,x0,0	  x0:0x00000000
       15565000	      1555	80000d5c	030000ef	jal	x1,80000d5c	  x1=0x80000d5c
       15575000	      1556	00000000	00000013	addi	x0,x0,0	  x0:0x00000000
       15585000	      1557	80000d88	00000013	addi	x0,x0,0	  x0:0x00000000
       15595000	      1558	80000d8c	00400aef	jal	x21,80000d8c	 x21=0x80000d8c
       15605000	      1559	00000000	00000013	addi	x0,x0,0	  x0:0x00000000
       15615000	      1560	80000d8c	00000013	addi	x0,x0,0	  x0:0x00000000
       15625000	      1561	80000d90	fe1ffd6f	jal	x26,80000d90	 x26=0x80000d90
       15635000	      1562	00000000	00000013	addi	x0,x0,0	  x0:0x00000000
       15645000	      1563	80000d6c	00000013	addi	x0,x0,0	  x0:0x00000000
       15655000	      1564	80000d70	fe5ff5ef	jal	x11,80000d70	 x11=0x80000d70
       15665000	      1565	00000000	00000013	addi	x0,x0,0	  x0:0x00000000
       15675000	      1566	80000d50	00000013	addi	x0,x0,0	  x0:0x00000000
       15685000	      1567	80000d54	020000ef	jal	x1,80000d54	  x1=0x80000d54
       15695000	      1568	00000000	00000013	addi	x0,x0,0	  x0:0x00000000
       15705000	      1569	80000d70	00000013	addi	x0,x0,0	  x0:0x00000000
       15715000	      1570	80000d74	010001ef	jal	x3,80000d74	  x3=0x80000d74
       15725000	      1571	00000000	00000013	addi	x0,x0,0	  x0:0x00000000
       15735000	      1572	80000d80	00000013	addi	x0,x0,0	  x0:0x00000000
       15745000	      1573	80000d84	004000ef	jal	x1,80000d84	  x1=0x80000d84
       15755000	      1574	00000000	00000013	addi	x0,x0,0	  x0:0x00000000
       15765000	      1575	80000d84	00000013	addi	x0,x0,0	  x0:0x00000000
       15775000	      1576	80000d88	fd9ffb6f	jal	x22,80000d88	 x22=0x80000d88
       15785000	      1577	00000000	00000013	addi	x0,x0,0	  x0:0x00000000
       15795000	      1578	80000d5c	00000013	addi	x0,x0,0	  x0:0x00000000
       15805000	      1579	80000d60	050000ef	jal	x1,80000d60	  x1=0x80000d60
       15815000	      1580	00000000	00000013	addi	x0,x0,0	  x0:0x00000000
       15825000	      1581	80000dac	00000013	addi	x0,x0,0	  x0:0x00000000
       15835000	      1582	80000db0	ff1ff0ef	jal	x1,80000db0	  x1=0x80000db0
       15845000	      1583	00000000	00000013	addi	x0,x0,0	  x0:0x00000000
       15855000	      1584	80000d9c	00000013	addi	x0,x0,0	  x0:0x00000000
       15865000	      1585	80000da0	fa9ff0ef	jal	x1,80000da0	  x1=0x80000da0
       15875000	      1586	00000000	00000013	addi	x0,x0,0	  x0:0x00000000
       15885000	      1587	80000d44	00000013	addi	x0,x0,0	  x0:0x00000000
       15895000	      1588	80000d48	05c000ef	jal	x1,80000d48	  x1=0x80000d48
       15905000	      1589	00000000	00000013	addi	x0,x0,0	  x0:0x00000000
       15915000	      1590	80000da0	00000013	addi	x0,x0,0	  x0:0x00000000
       15925000	      1591	80000da4	ff1ff0ef	jal	x1,80000da4	  x1=0x80000da4
       15935000	      1592	00000000	00000013	addi	x0,x0,0	  x0:0x00000000
       15945000	      1593	80000d90	00000013	addi	x0,x0,0	  x0:0x00000000
       15955000	      1594	80000d94	fbdff0ef	jal	x1,80000d94	  x1=0x80000d94
       15965000	      1595	00000000	00000013	addi	x0,x0,0	  x0:0x00000000
       15975000	      1596	80000d4c	00000013	addi	x0,x0,0	  x0:0x00000000
       15985000	      1597	80000d50	04c000ef	jal	x1,80000d50	  x1=0x80000d50
       15995000	      1598	00000000	00000013	addi	x0,x0,0	  x0:0x00000000
       16005000	      1599	80000d98	00000013	addi	x0,x0,0	  x0:0x00000000
       16015000	      1600	80000d9c	fe1ffe6f	jal	x28,80000d9c	 x28=0x80000d9c
       16025000	      1601	00000000	00000013	addi	x0,x0,0	  x0:0x00000000
       16035000	      1602	80000d78	00000013	addi	x0,x0,0	  x0:0x00000000
       16045000	      1603	80000d7c	fddff16f	jal	x2,80000d7c	  x2=0x80000d7c
       16055000	      1604	00000000	00000013	addi	x0,x0,0	  x0:0x00000000
       16065000	      1605	80000d54	00000013	addi	x0,x0,0	  x0:0x00000000
       16075000	      1606	80000d58	068006ef	jal	x13,80000d58	 x13=0x80000d58
       16085000	      1607	00000000	00000013	addi	x0,x0,0	  x0:0x00000000
       16095000	      1608	80000dbc	00000013	addi	x0,x0,0	  x0:0x00000000
       16105000	      1609	80000dc0	01b83433	sltu	x8,x16,x27	 x16:0x80000db4 x27:0x00000000  x8=0x00000000
       16115000	      1610	80000dc4	40355db3	sra	x27,x10,x3	 x10:0x80000000  x3:0x80000d74 x27=0xfffff800
       16125000	      1611	80000dc8	24b63e93	sltiu	x29,x12,587	 x12:0xe0d3aa1c x29=0x00000000
       16135000	      1612	80000dcc	00f3eb33	or	x22,x7,x15	  x7:0x034bad14 x15:0x60d30a98 x22=0x63dbaf9c
       16145000	      1613	80000dd0	4094d193	srai	x3,x9,0x9	  x9:0x00000000  x3=0x00000000
       16155000	      1614	80000dd4	00ce4fb3	xor	x31,x28,x12	 x28:0x80000d9c x12:0xe0d3aa1c x31=0x60d3a780
       16165000	      1615	80000dd8	01767bb3	and	x23,x12,x23	 x12:0xe0d3aa1c x23:0x206aa000 x23=0x2042a000
       16175000	      1616	80000ddc	005d0663	beq	x26,x5,80000de8	 x26:0x80000d90  x5:0x80000db8
       16185000	      1617	80000de0	01001ab3	sll	x21,x0,x16	  x0:0x00000000 x16:0x80000db4 x21=0x00000000
       16195000	      1618	80000de4	0045af33	slt	x30,x11,x4	 x11:0x80000d70  x4:0x00000000 x30=0x00000001
       16205000	      1619	80000de8	04c8d663	bge	x17,x12,80000e34	 x17:0x80000d44 x12:0xe0d3aa1c
       16215000	      1620	80000dec	02ddfa63	bgeu	x27,x13,80000e20	 x27:0xfffff800 x13:0x80000d58
       16225000	      1621	00000000	00000013	addi	x0,x0,0	  x0:0x00000000
       16235000	      1622	80000e1c	00000013	addi	x0,x0,0	  x0:0x00000000
       16245000	      1623	80000e20	0021c6b3	xor	x13,x3,x2	  x3:0x00000000  x2:0x80000d7c x13=0x80000d7c
       16255000	      1624	80000e24	01ea4a33	xor	x20,x20,x30	 x20:0x3069854c x30:0x00000001 x20=0x3069854d
       16265000	      1625	80000e28	01004863	blt	x0,x16,80000e38	  x0:0x00000000 x16:0x80000db4
       16275000	      1626	80000e2c	01190fb3	add	x31,x18,x17	 x18:0x00000001 x17:0x80000d44 x31=0x80000d45
       16285000	      1627	80000e30	0027fe33	and	x28,x15,x2	 x15:0x60d30a98  x2:0x80000d7c x28=0x00000818
       16295000	      1628	80000e34	017efd33	and	x26,x29,x23	 x29:0x00000000 x23:0x2042a000 x26=0x00000000
       16305000	      1629	80000e38	03110e63	beq	x2,x17,80000e74	  x2:0x80000d7c x17:0x80000d44
       16315000	      1630	80000e3c	0043d4b3	srl	x9,x7,x4	  x7:0x034bad14  x4:0x00000000  x9=0x034bad14
       16325000	      1631	80000e40	05a88663	beq	x17,x26,80000e8c	 x17:0x80000d44 x26:0x00000000
       16335000	      1632	80000e44	00bc2133	slt	x2,x24,x11	 x24:0x00000000 x11:0x80000d70  x2=0x00000000
       16345000	      1633	80000e48	02ede463	bltu	x27,x14,80000e70	 x27:0xfffff800 x14:0x80009fc4
       16355000	      1634	80000e4c	015709b3	add	x19,x14,x21	 x14:0x80009fc4 x21:0x00000000 x19=0x80009fc4
       16365000	      1635	80000e50	02b28e63	beq	x5,x11,80000e8c	  x5:0x80000db8 x11:0x80000d70
       16375000	      1636	80000e54	0484d463	bge	x9,x8,80000e9c	  x9:0x034bad14  x8:0x00000000
       16385000	      1637	00000000	00000013	addi	x0,x0,0	  x0:0x00000000
       16395000	      1638	80000e98	00000013	addi	x0,x0,0	  x0:0x00000000
       16405000	      1639	80000e9c	01a0b2b3	sltu	x5,x1,x26	  x1:0x80000d50 x26:0x00000000  x5=0x00000000
       16415000	      1640	80000ea0	05d31663	bne	x6,x29,80000eec	  x6:0x80009f84 x29:0x00000000
       16425000	      1641	00000000	00000013	addi	x0,x0,0	  x0:0x00000000
       16435000	      1642	80000ee8	00000013	addi	x0,x0,0	  x0:0x00000000
       16445000	      1643	80000eec	0063f4b3	and	x9,x7,x6	  x7:0x034bad14  x6:0x80009f84  x9=0x00008d04
       16455000	      1644	80000ef0	043c6463	bltu	x24,x3,80000f38	 x24:0x00000000  x3:0x00000000
       16465000	      1645	80000ef4	00fcea33	or	x20,x25,x15	 x25:0x00000000 x15:0x60d30a98 x20=0x60d30a98
       16475000	      1646	80000ef8	cdd9c113	xori	x2,x19,-803	 x19:0x80009fc4  x2=0x7fff6319
       16485000	      1647	80000efc	012b6263	bltu	x22,x18,80000f00	 x22:0x63dbaf9c x18:0x00000001
       16495000	      1648	80000f00	5ced8013	addi	x0,x27,1486	 x27:0xfffff800
       16505000	      1649	80000f04	00000013	addi	x0,x0,0	  x0:0x00000000
       16515000	      1650	80000f08	31e44693	xori	x13,x8,798	  x8:0x00000000 x13=0x0000031e
       16525000	      1651	80000f0c	41220ab3	sub	x21,x4,x18	  x4:0x00000000 x18:0x00000001 x21=0xffffffff
       16535000	      1652	80000f10	00c963b3	or	x7,x18,x12	 x18:0x00000001 x12:0xe0d3aa1c  x7=0xe0d3aa1d
       16545000	      1653	80000f14	05d0c663	blt	x1,x29,80000f60	  x1:0x80000d50 x29:0x00000000
       16555000	      1654	00000000	00000013	addi	x0,x0,0	  x0:0x00000000
       16565000	      1655	80000f5c	00000013	addi	x0,x0,0	  x0:0x00000000
       16575000	      1656	80000f60	00d4bcb3	sltu	x25,x9,x13	  x9:0x00008d04 x13:0x0000031e x25=0x00000000
       16585000	      1657	80000f64	00de4233	xor	x4,x28,x13	 x28:0x00000818 x13:0x0000031e  x4=0x00000b06
       16595000	      1658	80000f68	009c3f33	sltu	x30,x24,x9	 x24:0x00000000  x9:0x00008d04 x30=0x00000001
       16605000	      1659	80000f6c	024f6c63	bltu	x30,x4,80000fa4	 x30:0x00000001  x4:0x00000b06
       16615000	      1660	00000000	00000013	addi	x0,x0,0	  x0:0x00000000
       16625000	      1661	80000fa0	00000013	addi	x0,x0,0	  x0:0x00000000
       16635000	      1662	80000fa4	00000013	addi	x0,x0,0	  x0:0x00000000
       16645000	      1663	80000fa8	0068df13	srli	x30,x17,0x6	 x17:0x80000d44 x30=0x02000035
       16655000	      1664	80000fac	03e0f063	bgeu	x1,x30,80000fcc	  x1:0x80000d50 x30:0x02000035
       16665000	      1665	00000000	00000013	addi	x0,x0,0	  x0:0x00000000
       16675000	      1666	80000fc8	00000013	addi	x0,x0,0	  x0:0x00000000
       16685000	      1667	80000fcc	0182e2b3	or	x5,x5,x24	  x5:0x00000000 x24:0x00000000  x5=0x00000000
       16695000	      1668	80000fd0	01f94933	xor	x18,x18,x31	 x18:0x00000001 x31:0x80000d45 x18=0x80000d44
       16705000	      1669	80000fd4	00fd1e93	slli	x29,x26,0xf	 x26:0x00000000 x29=0x00000000
       16715000	      1670	80000fd8	01751d93	slli	x27,x10,0x17	 x10:0x80000000 x27=0x00000000
       16725000	      1671	80000fdc	05ff8463	beq	x31,x31,80001024	 x31:0x80000d45 x31:0x80000d45
       16735000	      1672	00000000	00000013	addi	x0,x0,0	  x0:0x00000000
       16745000	      1673	80001020	00000013	addi	x0,x0,0	  x0:0x00000000
       16755000	      1674	80001024	017b9a33	sll	x20,x23,x23	 x23:0x2042a000 x23:0x2042a000 x20=0x2042a000
       16765000	      1675	80001028	00000013	addi	x0,x0,0	  x0:0x00000000
       16775000	      1676	8000102c	a5eb9a37	lui	x20,0xa5eb9	 x20=0xa5eb9000
       16785000	      1677	80001030	038008ef	jal	x17,80001030	 x17=0x80001030
       16795000	      1678	00000000	00000013	addi	x0,x0,0	  x0:0x00000000
       16805000	      1679	80001064	00000013	addi	x0,x0,0	  x0:0x00000000
       16815000	      1680	80001068	fe5ff0ef	jal	x1,80001068	  x1=0x80001068
       16825000	      1681	00000000	00000013	addi	x0,x0,0	  x0:0x00000000
       16835000	      1682	80001048	00000013	addi	x0,x0,0	  x0:0x00000000
       16845000	      1683	8000104c	004000ef	jal	x1,8000104c	  x1=0x8000104c
       16855000	      1684	00000000	00000013	addi	x0,x0,0	  x0:0x00000000
       16865000	      1685	8000104c	00000013	addi	x0,x0,0	  x0:0x00000000
       16875000	      1686	80001050	008000ef	jal	x1,80001050	  x1=0x80001050
       16885000	      1687	00000000	00000013	addi	x0,x0,0	  x0:0x00000000
       16895000	      1688	80001054	00000013	addi	x0,x0,0	  x0:0x00000000
       16905000	      1689	80001058	01c000ef	jal	x1,80001058	  x1=0x80001058
       16915000	      1690	00000000	00000013	addi	x0,x0,0	  x0:0x00000000
       16925000	      1691	80001070	00000013	addi	x0,x0,0	  x0:0x00000000
       16935000	      1692	80001074	ff9ff6ef	jal	x13,80001074	 x13=0x80001074
       16945000	      1693	00000000	00000013	addi	x0,x0,0	  x0:0x00000000
       16955000	      1694	80001068	00000013	addi	x0,x0,0	  x0:0x00000000
       16965000	      1695	8000106c	fd1ff0ef	jal	x1,8000106c	  x1=0x8000106c
       16975000	      1696	00000000	00000013	addi	x0,x0,0	  x0:0x00000000
       16985000	      1697	80001038	00000013	addi	x0,x0,0	  x0:0x00000000
       16995000	      1698	8000103c	008000ef	jal	x1,8000103c	  x1=0x8000103c
       17005000	      1699	00000000	00000013	addi	x0,x0,0	  x0:0x00000000
       17015000	      1700	80001040	00000013	addi	x0,x0,0	  x0:0x00000000
       17025000	      1701	80001044	ff5ff86f	jal	x16,80001044	 x16=0x80001044
       17035000	      1702	00000000	00000013	addi	x0,x0,0	  x0:0x00000000
       17045000	      1703	80001034	00000013	addi	x0,x0,0	  x0:0x00000000
       17055000	      1704	80001038	010005ef	jal	x11,80001038	 x11=0x80001038
       17065000	      1705	00000000	00000013	addi	x0,x0,0	  x0:0x00000000
       17075000	      1706	80001044	00000013	addi	x0,x0,0	  x0:0x00000000
       17085000	      1707	80001048	01c00def	jal	x27,80001048	 x27=0x80001048
       17095000	      1708	00000000	00000013	addi	x0,x0,0	  x0:0x00000000
       17105000	      1709	80001060	00000013	addi	x0,x0,0	  x0:0x00000000
       17115000	      1710	80001064	fd1ff0ef	jal	x1,80001064	  x1=0x80001064
       17125000	      1711	00000000	00000013	addi	x0,x0,0	  x0:0x00000000
       17135000	      1712	80001030	00000013	addi	x0,x0,0	  x0:0x00000000
       17145000	      1713	80001034	028000ef	jal	x1,80001034	  x1=0x80001034
       17155000	      1714	00000000	00000013	addi	x0,x0,0	  x0:0x00000000
       17165000	      1715	80001058	00000013	addi	x0,x0,0	  x0:0x00000000
       17175000	      1716	8000105c	ff9fffef	jal	x31,8000105c	 x31=0x8000105c
       17185000	      1717	00000000	00000013	addi	x0,x0,0	  x0:0x00000000
       17195000	      1718	80001050	00000013	addi	x0,x0,0	  x0:0x00000000
       17205000	      1719	80001054	fedff0ef	jal	x1,80001054	  x1=0x80001054
       17215000	      1720	00000000	00000013	addi	x0,x0,0	  x0:0x00000000
       17225000	      1721	8000103c	00000013	addi	x0,x0,0	  x0:0x00000000
       17235000	      1722	80001040	020000ef	jal	x1,80001040	  x1=0x80001040
       17245000	      1723	00000000	00000013	addi	x0,x0,0	  x0:0x00000000
       17255000	      1724	8000105c	00000013	addi	x0,x0,0	  x0:0x00000000
       17265000	      1725	80001060	0100096f	jal	x18,80001060	 x18=0x80001060
       17275000	      1726	00000000	00000013	addi	x0,x0,0	  x0:0x00000000
       17285000	      1727	8000106c	00000013	addi	x0,x0,0	  x0:0x00000000
       17295000	      1728	80001070	008000ef	jal	x1,80001070	  x1=0x80001070
       17305000	      1729	00000000	00000013	addi	x0,x0,0	  x0:0x00000000
       17315000	      1730	80001074	00000013	addi	x0,x0,0	  x0:0x00000000
       17325000	      1731	80001078	017a83b3	add	x7,x21,x23	 x21:0xffffffff x23:0x2042a000  x7=0x20429fff
       17335000	      1732	8000107c	0ba90263	beq	x18,x26,80001120	 x18:0x80001060 x26:0x00000000
       17345000	      1733	80001080	040008ef	jal	x17,80001080	 x17=0x80001080
       17355000	      1734	00000000	00000013	addi	x0,x0,0	  x0:0x00000000
       17365000	      1735	800010bc	00000013	addi	x0,x0,0	  x0:0x00000000
       17375000	      1736	800010c0	00c000ef	jal	x1,800010c0	  x1=0x800010c0
       17385000	      1737	00000000	00000013	addi	x0,x0,0	  x0:0x00000000
       17395000	      1738	800010c8	00000013	addi	x0,x0,0	  x0:0x00000000
       17405000	      1739	800010cc	fe9ff3ef	jal	x7,800010cc	  x7=0x800010cc
       17415000	      1740	00000000	00000013	addi	x0,x0,0	  x0:0x00000000
       17425000	      1741	800010b0	00000013	addi	x0,x0,0	  x0:0x00000000
       17435000	      1742	800010b4	fd5ffd6f	jal	x26,800010b4	 x26=0x800010b4
       17445000	      1743	00000000	00000013	addi	x0,x0,0	  x0:0x00000000
       17455000	      1744	80001084	00000013	addi	x0,x0,0	  x0:0x00000000
       17465000	      1745	80001088	014007ef	jal	x15,80001088	 x15=0x80001088
       17475000	      1746	00000000	00000013	addi	x0,x0,0	  x0:0x00000000
       17485000	      1747	80001098	00000013	addi	x0,x0,0	  x0:0x00000000
       17495000	      1748	8000109c	008000ef	jal	x1,8000109c	  x1=0x8000109c
       17505000	      1749	00000000	00000013	addi	x0,x0,0	  x0:0x00000000
       17515000	      1750	800010a0	00000013	addi	x0,x0,0	  x0:0x00000000
       17525000	      1751	800010a4	fe9ff0ef	jal	x1,800010a4	  x1=0x800010a4
       17535000	      1752	00000000	00000013	addi	x0,x0,0	  x0:0x00000000
       17545000	      1753	80001088	00000013	addi	x0,x0,0	  x0:0x00000000
       17555000	      1754	8000108c	030000ef	jal	x1,8000108c	  x1=0x8000108c
       17565000	      1755	00000000	00000013	addi	x0,x0,0	  x0:0x00000000
       17575000	      1756	800010b8	00000013	addi	x0,x0,0	  x0:0x00000000
       17585000	      1757	800010bc	018000ef	jal	x1,800010bc	  x1=0x800010bc
       17595000	      1758	00000000	00000013	addi	x0,x0,0	  x0:0x00000000
       17605000	      1759	800010d0	00000013	addi	x0,x0,0	  x0:0x00000000
       17615000	      1760	800010d4	fb1ff0ef	jal	x1,800010d4	  x1=0x800010d4
       17625000	      1761	00000000	00000013	addi	x0,x0,0	  x0:0x00000000
       17635000	      1762	80001080	00000013	addi	x0,x0,0	  x0:0x00000000
       17645000	      1763	80001084	01c00bef	jal	x23,80001084	 x23=0x80001084
       17655000	      1764	00000000	00000013	addi	x0,x0,0	  x0:0x00000000
       17665000	      1765	8000109c	00000013	addi	x0,x0,0	  x0:0x00000000
       17675000	      1766	800010a0	01800b6f	jal	x22,800010a0	 x22=0x800010a0
       17685000	      1767	00000000	00000013	addi	x0,x0,0	  x0:0x00000000
       17695000	      1768	800010b4	00000013	addi	x0,x0,0	  x0:0x00000000
       17705000	      1769	800010b8	fddff0ef	jal	x1,800010b8	  x1=0x800010b8
       17715000	      1770	00000000	00000013	addi	x0,x0,0	  x0:0x00000000
       17725000	      1771	80001090	00000013	addi	x0,x0,0	  x0:0x00000000
       17735000	      1772	80001094	030000ef	jal	x1,80001094	  x1=0x80001094
       17745000	      1773	00000000	00000013	addi	x0,x0,0	  x0:0x00000000
       17755000	      1774	800010c0	00000013	addi	x0,x0,0	  x0:0x00000000
       17765000	      1775	800010c4	fedff0ef	jal	x1,800010c4	  x1=0x800010c4
       17775000	      1776	00000000	00000013	addi	x0,x0,0	  x0:0x00000000
       17785000	      1777	800010ac	00000013	addi	x0,x0,0	  x0:0x00000000
       17795000	      1778	800010b0	0200026f	jal	x4,800010b0	  x4=0x800010b0
       17805000	      1779	00000000	00000013	addi	x0,x0,0	  x0:0x00000000
       17815000	      1780	800010cc	00000013	addi	x0,x0,0	  x0:0x00000000
       17825000	      1781	800010d0	fd9fff6f	jal	x30,800010d0	 x30=0x800010d0
       17835000	      1782	00000000	00000013	addi	x0,x0,0	  x0:0x00000000
       17845000	      1783	800010a4	00000013	addi	x0,x0,0	  x0:0x00000000
       17855000	      1784	800010a8	020000ef	jal	x1,800010a8	  x1=0x800010a8
       17865000	      1785	00000000	00000013	addi	x0,x0,0	  x0:0x00000000
       17875000	      1786	800010c4	00000013	addi	x0,x0,0	  x0:0x00000000
       17885000	      1787	800010c8	fd1ff0ef	jal	x1,800010c8	  x1=0x800010c8
       17895000	      1788	00000000	00000013	addi	x0,x0,0	  x0:0x00000000
       17905000	      1789	80001094	00000013	addi	x0,x0,0	  x0:0x00000000
       17915000	      1790	80001098	014000ef	jal	x1,80001098	  x1=0x80001098
       17925000	      1791	00000000	00000013	addi	x0,x0,0	  x0:0x00000000
       17935000	      1792	800010a8	00000013	addi	x0,x0,0	  x0:0x00000000
       17945000	      1793	800010ac	fe5ff0ef	jal	x1,800010ac	  x1=0x800010ac
       17955000	      1794	00000000	00000013	addi	x0,x0,0	  x0:0x00000000
       17965000	      1795	8000108c	00000013	addi	x0,x0,0	  x0:0x00000000
       17975000	      1796	80001090	048000ef	jal	x1,80001090	  x1=0x80001090
       17985000	      1797	00000000	00000013	addi	x0,x0,0	  x0:0x00000000
       17995000	      1798	800010d4	00000013	addi	x0,x0,0	  x0:0x00000000
       18005000	      1799	800010d8	004000ef	jal	x1,800010d8	  x1=0x800010d8
       18015000	      1800	00000000	00000013	addi	x0,x0,0	  x0:0x00000000
       18025000	      1801	800010d8	00000013	addi	x0,x0,0	  x0:0x00000000
       18035000	      1802	800010dc	006fda93	srli	x21,x31,0x6	 x31:0x8000105c x21=0x02000041
       18045000	      1803	800010e0	8f298a13	addi	x20,x19,-1806	 x19:0x80009fc4 x20=0x800098b6
       18055000	      1804	800010e4	013b3e33	sltu	x28,x22,x19	 x22:0x800010a0 x19:0x80009fc4 x28=0x00000001
       18065000	      1805	800010e8	1ce34a93	xori	x21,x6,462	  x6:0x80009f84 x21=0x80009e4a
       18075000	      1806	800010ec	6c74e413	ori	x8,x9,1735	  x9:0x00008d04  x8=0x00008fc7
       18085000	      1807	800010f0	01ee9413	slli	x8,x29,0x1e	 x29:0x00000000  x8=0x00000000
       18095000	      1808	800010f4	09ca6913	ori	x18,x20,156	 x20:0x800098b6 x18=0x800098be
       18105000	      1809	800010f8	3b3cf893	andi	x17,x25,947	 x25:0x00000000 x17=0x00000000
       18115000	      1810	800010fc	24217393	andi	x7,x2,578	  x2:0x7fff6319  x7=0x00000200
       18125000	      1811	80001100	003886b3	add	x13,x17,x3	 x17:0x00000000  x3:0x00000000 x13=0x00000000
       18135000	      1812	80001104	01640463	beq	x8,x22,8000110c	  x8:0x00000000 x22:0x800010a0
       18145000	      1813	80001108	009f52b3	srl	x5,x30,x9	 x30:0x800010d0  x9:0x00008d04  x5=0x0800010d
       18155000	      1814	8000110c	019e8663	beq	x29,x25,80001118	 x29:0x00000000 x25:0x00000000
       18165000	      1815	00000000	00000013	addi	x0,x0,0	  x0:0x00000000
       18175000	      1816	80001114	00000013	addi	x0,x0,0	  x0:0x00000000
       18185000	      1817	80001118	01764db3	xor	x27,x12,x23	 x12:0xe0d3aa1c x23:0x80001084 x27=0x60d3ba98
       18195000	      1818	8000111c	0099c033	xor	x0,x19,x9	 x19:0x80009fc4  x9:0x00008d04
       18205000	      1819	80001120	bab3f917	auipc	x18,0xbab3f	 x18=0x3ab4011c
       18215000	      1820	80001124	0076bd33	sltu	x26,x13,x7	 x13:0x00000000  x7:0x00000200 x26=0x00000001
       18225000	      1821	80001128	007c9e93	slli	x29,x25,0x7	 x25:0x00000000 x29=0x00000000
       18235000	      1822	8000112c	00976ab3	or	x21,x14,x9	 x14:0x80009fc4  x9:0x00008d04 x21=0x80009fc4
       18245000	      1823	80001130	7905ad93	slti	x27,x11,1936	 x11:0x80001038 x27=0x00000001
       18255000	      1824	80001134	05967463	bgeu	x12,x25,8000117c	 x12:0xe0d3aa1c x25:0x00000000
       18265000	      1825	00000000	00000013	addi	x0,x0,0	  x0:0x00000000
       18275000	      1826	80001178	00000013	addi	x0,x0,0	  x0:0x00000000
       18285000	      1827	8000117c	00fbf3b3	and	x7,x23,x15	 x23:0x80001084 x15:0x80001088  x7=0x80001080
       18295000	      1828	80001180	000e7bb3	and	x23,x28,x0	 x28:0x00000001  x0:0x00000000 x23=0x00000000
       18305000	      1829	80001184	01d385b3	add	x11,x7,x29	  x7:0x80001080 x29:0x00000000 x11=0x80001080
       18315000	      1830	80001188	97b42c13	slti	x24,x8,-1669	  x8:0x00000000 x24=0x00000000
       18325000	      1831	8000118c	bad14013	xori	x0,x2,-1107	  x2:0x7fff6319
       18335000	      1832	80001190	019c1013	slli	x0,x24,0x19	 x24:0x00000000
       18345000	      1833	80001194	05187663	bgeu	x16,x17,800011e0	 x16:0x80001044 x17:0x00000000
       18355000	      1834	00000000	00000013	addi	x0,x0,0	  x0:0x00000000
       18365000	      1835	800011dc	00000013	addi	x0,x0,0	  x0:0x00000000
       18375000	      1836	800011e0	00542db3	slt	x27,x8,x5	  x8:0x00000000  x5:0x0800010d x27=0x00000001
       18385000	      1837	800011e4	c97544b7	lui	x9,0xc9754	  x9=0xc9754000
       18395000	      1838	800011e8	00cc28b3	slt	x17,x24,x12	 x24:0x00000000 x12:0xe0d3aa1c x17=0x00000000
       18405000	      1839	800011ec	f137e093	ori	x1,x15,-237	 x15:0x80001088  x1=0xffffff9b
       18415000	      1840	800011f0	01e5b633	sltu	x12,x11,x30	 x11:0x80001080 x30:0x800010d0 x12=0x00000001
       18425000	      1841	800011f4	410e0d33	sub	x26,x28,x16	 x28:0x00000001 x16:0x80001044 x26=0x7fffefbd
       18435000	      1842	800011f8	20e4bf93	sltiu	x31,x9,526	  x9:0xc9754000 x31=0x00000000
       18445000	      1843	800011fc	014e75b3	and	x11,x28,x20	 x28:0x00000001 x20:0x800098b6 x11=0x00000000
       18455000	      1844	80001200	41fe0f33	sub	x30,x28,x31	 x28:0x00000001 x31:0x00000000 x30=0x00000001
       18465000	      1845	80001204	edb1ae93	slti	x29,x3,-293	  x3:0x00000000 x29=0x00000000
       18475000	      1846	80001208	00fe4cb3	xor	x25,x28,x15	 x28:0x00000001 x15:0x80001088 x25=0x80001089
       18485000	      1847	8000120c	006c0c63	beq	x24,x6,80001224	 x24:0x00000000  x6:0x80009f84
       18495000	      1848	80001210	00565933	srl	x18,x12,x5	 x12:0x00000001  x5:0x0800010d x18=0x00000000
       18505000	      1849	80001214	63e30913	addi	x18,x6,1598	  x6:0x80009f84 x18=0x8000a5c2
       18515000	      1850	80001218	05ae4063	blt	x28,x26,80001258	 x28:0x00000001 x26:0x7fffefbd
       18525000	      1851	00000000	00000013	addi	x0,x0,0	  x0:0x00000000
       18535000	      1852	80001254	00000013	addi	x0,x0,0	  x0:0x00000000
       18545000	      1853	80001258	91cfe613	ori	x12,x31,-1764	 x31:0x00000000 x12=0xfffff91c
       18555000	      1854	8000125c	81e98093	addi	x1,x19,-2018	 x19:0x80009fc4  x1=0x800097e2
       18565000	      1855	80001260	03775e63	bge	x14,x23,8000129c	 x14:0x80009fc4 x23:0x00000000
       18575000	      1856	80001264	f10c05b7	lui	x11,0xf10c0	 x11=0xf10c0000
       18585000	      1857	80001268	0004e6b3	or	x13,x9,x0	  x9:0xc9754000  x0:0x00000000 x13=0xc9754000
       18595000	      1858	8000126c	0038c133	xor	x2,x17,x3	 x17:0x00000000  x3:0x00000000  x2=0x00000000
       18605000	      1859	80001270	41e9dd33	sra	x26,x19,x30	 x19:0x80009fc4 x30:0x00000001 x26=0xc0004fe2
       18615000	      1860	80001274	02380463	beq	x16,x3,8000129c	 x16:0x80001044  x3:0x00000000
       18625000	      1861	80001278	41d25c13	srai	x24,x4,0x1d	  x4:0x800010b0 x24=0xfffffffc
       18635000	      1862	8000127c	5bba8fb7	lui	x31,0x5bba8	 x31=0x5bba8000
       18645000	      1863	80001280	40968ab3	sub	x21,x13,x9	 x13:0xc9754000  x9:0xc9754000 x21=0x00000000
       18655000	      1864	80001284	00000013	addi	x0,x0,0	  x0:0x00000000
       18665000	      1865	80001288	40ee8033	sub	x0,x29,x14	 x29:0x00000000 x14:0x80009fc4
       18675000	      1866	8000128c	0057bc33	sltu	x24,x15,x5	 x15:0x80001088  x5:0x0800010d x24=0x00000000
       18685000	      1867	80001290	002eb5b3	sltu	x11,x29,x2	 x29:0x00000000  x2:0x00000000 x11=0x00000000
       18695000	      1868	80001294	01926db3	or	x27,x4,x25	  x4:0x800010b0 x25:0x80001089 x27=0x800010b9
       18705000	      1869	80001298	00c38263	beq	x7,x12,8000129c	  x7:0x80001080 x12:0xfffff91c
       18715000	      1870	8000129c	00fda233	slt	x4,x27,x15	 x27:0x800010b9 x15:0x80001088  x4=0x00000000
       18725000	      1871	800012a0	001b75b3	and	x11,x22,x1	 x22:0x800010a0  x1:0x800097e2 x11=0x800010a0
       18735000	      1872	800012a4	00bbe663	bltu	x23,x11,800012b0	 x23:0x00000000 x11:0x800010a0
       18745000	      1873	00000000	00000013	addi	x0,x0,0	  x0:0x00000000
       18755000	      1874	800012ac	00000013	addi	x0,x0,0	  x0:0x00000000
       18765000	      1875	800012b0	04c05863	bge	x0,x12,80001300	  x0:0x00000000 x12:0xfffff91c
       18775000	      1876	00000000	00000013	addi	x0,x0,0	  x0:0x00000000
       18785000	      1877	800012fc	00000013	addi	x0,x0,0	  x0:0x00000000
       18795000	      1878	80001300	00000013	addi	x0,x0,0	  x0:0x00000000
       18805000	      1879	80001304	a3014c13	xori	x24,x2,-1488	  x2:0x00000000 x24=0xfffffa30
       18815000	      1880	80001308	0e524c93	xori	x25,x4,229	  x4:0x00000000 x25=0x000000e5
       18825000	      1881	8000130c	0488c663	blt	x17,x8,80001358	 x17:0x00000000  x8:0x00000000
       18835000	      1882	80001310	017e28b3	slt	x17,x28,x23	 x28:0x00000001 x23:0x00000000 x17=0x00000000
       18845000	      1883	80001314	00ae9913	slli	x18,x29,0xa	 x29:0x00000000 x18=0x00000000
       18855000	      1884	80001318	00867d33	and	x26,x12,x8	 x12:0xfffff91c  x8:0x00000000 x26=0x00000000
       18865000	      1885	8000131c	0103f463	bgeu	x7,x16,80001324	  x7:0x80001080 x16:0x80001044
       18875000	      1886	00000000	00000013	addi	x0,x0,0	  x0:0x00000000
       18885000	      1887	80001320	00000013	addi	x0,x0,0	  x0:0x00000000
       18895000	      1888	80001324	0323dc63	bge	x7,x18,8000135c	  x7:0x80001080 x18:0x00000000
       18905000	      1889	80001328	415b8633	sub	x12,x23,x21	 x23:0x00000000 x21:0x00000000 x12=0x00000000
       18915000	      1890	8000132c	00045693	srli	x13,x8,0x0	  x8:0x00000000 x13=0x00000000
       18925000	      1891	80001330	020d1063	bne	x26,x0,80001350	 x26:0x00000000  x0:0x00000000
       18935000	      1892	80001334	0008fcb3	and	x25,x17,x0	 x17:0x00000000  x0:0x00000000 x25=0x00000000
       18945000	      1893	80001338	006e48b3	xor	x17,x28,x6	 x28:0x00000001  x6:0x80009f84 x17=0x80009f85
       18955000	      1894	8000133c	014cd6b3	srl	x13,x25,x20	 x25:0x00000000 x20:0x800098b6 x13=0x00000000
       18965000	      1895	80001340	01efdeb3	srl	x29,x31,x30	 x31:0x5bba8000 x30:0x00000001 x29=0x2ddd4000
       18975000	      1896	80001344	008c0eb3	add	x29,x24,x8	 x24:0xfffffa30  x8:0x00000000 x29=0xfffffa30
       18985000	      1897	80001348	01e40db3	add	x27,x8,x30	  x8:0x00000000 x30:0x00000001 x27=0x00000001
       18995000	      1898	8000134c	10182037	lui	x0,0x10182	
       19005000	      1899	80001350	098d5263	bge	x26,x24,800013d4	 x26:0x00000000 x24:0xfffffa30
       19015000	      1900	00000000	00000013	addi	x0,x0,0	  x0:0x00000000
       19025000	      1901	800013d0	00000013	addi	x0,x0,0	  x0:0x00000000
       19035000	      1902	800013d4	00b90863	beq	x18,x11,800013e4	 x18:0x00000000 x11:0x800010a0
       19045000	      1903	800013d8	007f8cb3	add	x25,x31,x7	 x31:0x5bba8000  x7:0x80001080 x25=0xdbba9080
       19055000	      1904	800013dc	2193fc13	andi	x24,x7,537	  x7:0x80001080 x24=0x00000000
       19065000	      1905	800013e0	04299463	bne	x19,x2,80001428	 x19:0x80009fc4  x2:0x00000000
       19075000	      1906	00000000	00000013	addi	x0,x0,0	  x0:0x00000000
       19085000	      1907	80001424	00000013	addi	x0,x0,0	  x0:0x00000000
       19095000	      1908	80001428	007549b3	xor	x19,x10,x7	 x10:0x80000000  x7:0x80001080 x19=0x00001080
       19105000	      1909	8000142c	9b4e4e13	xori	x28,x28,-1612	 x28:0x00000001 x28=0xfffff9b5
       19115000	      1910	80001430	00add593	srli	x11,x27,0xa	 x27:0x00000001 x11=0x00000000
       19125000	      1911	80001434	01e568b3	or	x17,x10,x30	 x10:0x80000000 x30:0x00000001 x17=0x80000001
       19135000	      1912	80001438	40e28a13	addi	x20,x5,1038	  x5:0x0800010d x20=0x0800051b
       19145000	      1913	8000143c	41710433	sub	x8,x2,x23	  x2:0x00000000 x23:0x00000000  x8=0x00000000
       19155000	      1914	80001440	01211cb3	sll	x25,x2,x18	  x2:0x00000000 x18:0x00000000 x25=0x00000000
       19165000	      1915	80001444	03f8fa63	bgeu	x17,x31,80001478	 x17:0x80000001 x31:0x5bba8000
       19175000	      1916	00000000	00000013	addi	x0,x0,0	  x0:0x00000000
       19185000	      1917	80001474	00000013	addi	x0,x0,0	  x0:0x00000000
       19195000	      1918	80001478	00625863	bge	x4,x6,80001488	  x4:0x00000000  x6:0x80009f84
       19205000	      1919	00000000	00000013	addi	x0,x0,0	  x0:0x00000000
       19215000	      1920	80001484	00000013	addi	x0,x0,0	  x0:0x00000000
       19225000	      1921	80001488	006fae33	slt	x28,x31,x6	 x31:0x5bba8000  x6:0x80009f84 x28=0x00000000
       19235000	      1922	8000148c	43b75b97	auipc	x23,0x43b75	 x23=0xc3b76488
       19245000	      1923	80001490	6e3dc593	xori	x11,x27,1763	 x27:0x00000001 x11=0x000006e2
       19255000	      1924	80001494	016248b3	xor	x17,x4,x22	  x4:0x00000000 x22:0x800010a0 x17=0x800010a0
       19265000	      1925	80001498	41d78cb3	sub	x25,x15,x29	 x15:0x80001088 x29:0xfffffa30 x25=0x80001658
       19275000	      1926	8000149c	0255ee63	bltu	x11,x5,800014d8	 x11:0x000006e2  x5:0x0800010d
       19285000	      1927	00000000	00000013	addi	x0,x0,0	  x0:0x00000000
       19295000	      1928	800014d4	00000013	addi	x0,x0,0	  x0:0x00000000
       19305000	      1929	800014d8	009b9113	slli	x2,x23,0x9	 x23:0xc3b76488  x2=0x6ec91000
       19315000	      1930	800014dc	015795b3	sll	x11,x15,x21	 x15:0x80001088 x21:0x00000000 x11=0x80001088
       19325000	      1931	800014e0	04591463	bne	x18,x5,80001528	 x18:0x00000000  x5:0x0800010d
       19335000	      1932	00000000	00000013	addi	x0,x0,0	  x0:0x00000000
       19345000	      1933	80001524	00000013	addi	x0,x0,0	  x0:0x00000000
       19355000	      1934	80001528	414e0bb3	sub	x23,x28,x20	 x28:0x00000000 x20:0x0800051b x23=0xf7fffae5
       19365000	      1935	8000152c	018a33b3	sltu	x7,x20,x24	 x20:0x0800051b x24:0x00000000  x7=0x00000000
       19375000	      1936	80001530	7d260913	addi	x18,x12,2002	 x12:0x00000000 x18=0x000007d2
       19385000	      1937	80001534	04aac863	blt	x21,x10,80001584	 x21:0x00000000 x10:0x80000000
       19395000	      1938	80001538	113c7d93	andi	x27,x24,275	 x24:0x00000000 x27=0x00000000
       19405000	      1939	8000153c	00127263	bgeu	x4,x1,80001540	  x4:0x00000000  x1:0x800097e2
       19415000	      1940	80001540	0147da13	srli	x20,x15,0x14	 x15:0x80001088 x20=0x00000800
       19425000	      1941	80001544	d9c1a113	slti	x2,x3,-612	  x3:0x00000000  x2=0x00000000
       19435000	      1942	80001548	ae908c13	addi	x24,x1,-1303	  x1:0x800097e2 x24=0x800092cb
       19445000	      1943	8000154c	002eb633	sltu	x12,x29,x2	 x29:0xfffffa30  x2:0x00000000 x12=0x00000000
       19455000	      1944	80001550	4e002693	slti	x13,x0,1248	  x0:0x00000000 x13=0x00000001
       19465000	      1945	80001554	f6963593	sltiu	x11,x12,-151	 x12:0x00000000 x11=0x00000001
       19475000	      1946	80001558	4134db93	srai	x23,x9,0x13	  x9:0xc9754000 x23=0xfffff92e
       19485000	      1947	8000155c	01051893	slli	x17,x10,0x10	 x10:0x80000000 x17=0x00000000
       19495000	      1948	80001560	009f1db3	sll	x27,x30,x9	 x30:0x00000001  x9:0xc9754000 x27=0x00000001
       19505000	      1949	80001564	a4be6813	ori	x16,x28,-1461	 x28:0x00000000 x16=0xfffffa4b
       19515000	      1950	80001568	00679f33	sll	x30,x15,x6	 x15:0x80001088  x6:0x80009f84 x30=0x00010880
       19525000	      1951	8000156c	007c8233	add	x4,x25,x7	 x25:0x80001658  x7:0x00000000  x4=0x80001658
       19535000	      1952	80001570	01df6bb3	or	x23,x30,x29	 x30:0x00010880 x29:0xfffffa30 x23=0xfffffab0
       19545000	      1953	80001574	128bab17	auipc	x22,0x128ba	 x22=0x928bb570
       19555000	      1954	80001578	1ff8f997	auipc	x19,0x1ff8f	 x19=0x9ff90574
       19565000	      1955	8000157c	00c66033	or	x0,x12,x12	 x12:0x00000000 x12:0x00000000
       19575000	      1956	80001580	41d402b3	sub	x5,x8,x29	  x8:0x00000000 x29:0xfffffa30  x5=0x000005d0
       19585000	      1957	80001584	038f0c63	beq	x30,x24,800015bc	 x30:0x00010880 x24:0x800092cb
       19595000	      1958	80001588	4037dcb3	sra	x25,x15,x3	 x15:0x80001088  x3:0x00000000 x25=0x80001088
       19605000	      1959	8000158c	d2c97c13	andi	x24,x18,-724	 x18:0x000007d2 x24=0x00000500
       19615000	      1960	80001590	016aaeb3	slt	x29,x21,x22	 x21:0x00000000 x22:0x928bb570 x29=0x00000000
       19625000	      1961	80001594	40e68db3	sub	x27,x13,x14	 x13:0x00000001 x14:0x80009fc4 x27=0x7fff603d
       19635000	      1962	80001598	015473b3	and	x7,x8,x21	  x8:0x00000000 x21:0x00000000  x7=0x00000000
       19645000	      1963	8000159c	00000013	addi	x0,x0,0	  x0:0x00000000
       19655000	      1964	800015a0	41cf01b3	sub	x3,x30,x28	 x30:0x00010880 x28:0x00000000  x3=0x00010880
       19665000	      1965	800015a4	8bd86613	ori	x12,x16,-1859	 x16:0xfffffa4b x12=0xfffffaff
       19675000	      1966	800015a8	00c14db3	xor	x27,x2,x12	  x2:0x00000000 x12:0xfffffaff x27=0xfffffaff
       19685000	      1967	800015ac	02f85a63	bge	x16,x15,800015e0	 x16:0xfffffa4b x15:0x80001088
       19695000	      1968	00000000	00000013	addi	x0,x0,0	  x0:0x00000000
       19705000	      1969	800015dc	00000013	addi	x0,x0,0	  x0:0x00000000
       19715000	      1970	800015e0	004b19b3	sll	x19,x22,x4	 x22:0x928bb570  x4:0x80001658 x19=0x70000000
       19725000	      1971	800015e4	00a8ceb3	xor	x29,x17,x10	 x17:0x00000000 x10:0x80000000 x29=0x80000000
       19735000	      1972	800015e8	05493bb7	lui	x23,0x5493	 x23=0x05493000
       19745000	      1973	800015ec	3989c113	xori	x2,x19,920	 x19:0x70000000  x2=0x70000398
       19755000	      1974	800015f0	00e5f233	and	x4,x11,x14	 x11:0x00000001 x14:0x80009fc4  x4=0x00000000
       19765000	      1975	800015f4	01b7fdb3	and	x27,x15,x27	 x15:0x80001088 x27:0xfffffaff x27=0x80001088
       19775000	      1976	800015f8	00cf2133	slt	x2,x30,x12	 x30:0x00010880 x12:0xfffffaff  x2=0x00000000
       19785000	      1977	800015fc	0502c063	blt	x5,x16,8000163c	  x5:0x000005d0 x16:0xfffffa4b
       19795000	      1978	80001600	2267b637	lui	x12,0x2267b	 x12=0x2267b000
       19805000	      1979	80001604	00000013	addi	x0,x0,0	  x0:0x00000000
       19815000	      1980	80001608	32d4a693	slti	x13,x9,813	  x9:0xc9754000 x13=0x00000001
       19825000	      1981	8000160c	011e5d13	srli	x26,x28,0x11	 x28:0x00000000 x26=0x00000000
       19835000	      1982	80001610	400edd13	srai	x26,x29,0x0	 x29:0x80000000 x26=0x80000000
       19845000	      1983	80001614	00000013	addi	x0,x0,0	  x0:0x00000000
       19855000	      1984	80001618	00c42a33	slt	x20,x8,x12	  x8:0x00000000 x12:0x2267b000 x20=0x00000001
       19865000	      1985	8000161c	02818e63	beq	x3,x8,80001658	  x3:0x00010880  x8:0x00000000
       19875000	      1986	80001620	00ed7863	bgeu	x26,x14,80001630	 x26:0x80000000 x14:0x80009fc4
       19885000	      1987	80001624	ebbffd13	andi	x26,x31,-325	 x31:0x5bba8000 x26=0x5bba8000
       19895000	      1988	80001628	e4cecf93	xori	x31,x29,-436	 x29:0x80000000 x31=0x7ffffe4c
       19905000	      1989	8000162c	00000013	addi	x0,x0,0	  x0:0x00000000
       19915000	      1990	80001630	003c4263	blt	x24,x3,80001634	 x24:0x00000500  x3:0x00010880
       19925000	      1991	00000000	00000013	addi	x0,x0,0	  x0:0x00000000
       19935000	      1992	80001630	00000013	addi	x0,x0,0	  x0:0x00000000
       19945000	      1993	80001634	010281b3	add	x3,x5,x16	  x5:0x000005d0 x16:0xfffffa4b  x3=0x0000001b
       19955000	      1994	80001638	03756463	bltu	x10,x23,80001660	 x10:0x80000000 x23:0x05493000
       19965000	      1995	8000163c	012223b3	slt	x7,x4,x18	  x4:0x00000000 x18:0x000007d2  x7=0x00000001
       19975000	      1996	80001640	003b1593	slli	x11,x22,0x3	 x22:0x928bb570 x11=0x945dab80
       19985000	      1997	80001644	33054413	xori	x8,x10,816	 x10:0x80000000  x8=0x80000330
       19995000	      1998	80001648	00095213	srli	x4,x18,0x0	 x18:0x000007d2  x4=0x000007d2
       20005000	      1999	8000164c	00349833	sll	x16,x9,x3	  x9:0xc9754000  x3:0x0000001b x16=0x00000000
       20015000	      2000	80001650	32dd14b7	lui	x9,0x32dd1	  x9=0x32dd1000
       20025000	      2001	80001654	e9ae4913	xori	x18,x28,-358	 x28:0x00000000 x18=0xfffffe9a
       20035000	      2002	80001658	0133d693	srli	x13,x7,0x13	  x7:0x00000001 x13=0x00000000
       20045000	      2003	8000165c	40ab5413	srai	x8,x22,0xa	 x22:0x928bb570  x8=0xffe4a2ed
       20055000	      2004	80001660	00d39bb3	sll	x23,x7,x13	  x7:0x00000001 x13:0x00000000 x23=0x00000001
       20065000	      2005	80001664	00bc6233	or	x4,x24,x11	 x24:0x00000500 x11:0x945dab80  x4=0x945daf80
       20075000	      2006	80001668	0b624617	auipc	x12,0xb624	 x12=0x8b625664
       20085000	      2007	8000166c	01a01c33	sll	x24,x0,x26	  x0:0x00000000 x26:0x5bba8000 x24=0x00000000
       20095000	      2008	80001670	4205b817	auipc	x16,0x4205b	 x16=0xc205c66c
       20105000	      2009	80001674	00281663	bne	x16,x2,80001680	 x16:0xc205c66c  x2:0x00000000
       20115000	      2010	00000000	00000013	addi	x0,x0,0	  x0:0x00000000
       20125000	      2011	8000167c	00000013	addi	x0,x0,0	  x0:0x00000000
       20135000	      2012	80001680	41ef01b3	sub	x3,x30,x30	 x30:0x00010880 x30:0x00010880  x3=0x00000000
       20145000	      2013	80001684	00000013	addi	x0,x0,0	  x0:0x00000000
       20155000	      2014	80001688	406706b3	sub	x13,x14,x6	 x14:0x80009fc4  x6:0x80009f84 x13=0x00000040
       20165000	      2015	8000168c	028008ef	jal	x17,8000168c	 x17=0x8000168c
       20175000	      2016	00000000	00000013	addi	x0,x0,0	  x0:0x00000000
       20185000	      2017	800016b0	00000013	addi	x0,x0,0	  x0:0x00000000
       20195000	      2018	800016b4	fe1ff0ef	jal	x1,800016b4	  x1=0x800016b4
       20205000	      2019	00000000	00000013	addi	x0,x0,0	  x0:0x00000000
       20215000	      2020	80001690	00000013	addi	x0,x0,0	  x0:0x00000000
       20225000	      2021	80001694	038006ef	jal	x13,80001694	 x13=0x80001694
       20235000	      2022	00000000	00000013	addi	x0,x0,0	  x0:0x00000000
       20245000	      2023	800016c8	00000013	addi	x0,x0,0	  x0:0x00000000
       20255000	      2024	800016cc	004000ef	jal	x1,800016cc	  x1=0x800016cc
       20265000	      2025	00000000	00000013	addi	x0,x0,0	  x0:0x00000000
       20275000	      2026	800016cc	00000013	addi	x0,x0,0	  x0:0x00000000
       20285000	      2027	800016d0	0080016f	jal	x2,800016d0	  x2=0x800016d0
       20295000	      2028	00000000	00000013	addi	x0,x0,0	  x0:0x00000000
       20305000	      2029	800016d4	00000013	addi	x0,x0,0	  x0:0x00000000
       20315000	      2030	800016d8	fd9ff1ef	jal	x3,800016d8	  x3=0x800016d8
       20325000	      2031	00000000	00000013	addi	x0,x0,0	  x0:0x00000000
       20335000	      2032	800016ac	00000013	addi	x0,x0,0	  x0:0x00000000
       20345000	      2033	800016b0	ffdff0ef	jal	x1,800016b0	  x1=0x800016b0
       20355000	      2034	00000000	00000013	addi	x0,x0,0	  x0:0x00000000
       20365000	      2035	800016a8	00000013	addi	x0,x0,0	  x0:0x00000000
       20375000	      2036	800016ac	034000ef	jal	x1,800016ac	  x1=0x800016ac
       20385000	      2037	00000000	00000013	addi	x0,x0,0	  x0:0x00000000
       20395000	      2038	800016dc	00000013	addi	x0,x0,0	  x0:0x00000000
       20405000	      2039	800016e0	fc5ff0ef	jal	x1,800016e0	  x1=0x800016e0
       20415000	      2040	00000000	00000013	addi	x0,x0,0	  x0:0x00000000
       20425000	      2041	800016a0	00000013	addi	x0,x0,0	  x0:0x00000000
       20435000	      2042	800016a4	ff5ff2ef	jal	x5,800016a4	  x5=0x800016a4
       20445000	      2043	00000000	00000013	addi	x0,x0,0	  x0:0x00000000
       20455000	      2044	80001694	00000013	addi	x0,x0,0	  x0:0x00000000
       20465000	      2045	80001698	044000ef	jal	x1,80001698	  x1=0x80001698
       20475000	      2046	00000000	00000013	addi	x0,x0,0	  x0:0x00000000
       20485000	      2047	800016d8	00000013	addi	x0,x0,0	  x0:0x00000000
       20495000	      2048	800016dc	fe9ff0ef	jal	x1,800016dc	  x1=0x800016dc
       20505000	      2049	00000000	00000013	addi	x0,x0,0	  x0:0x00000000
       20515000	      2050	800016c0	00000013	addi	x0,x0,0	  x0:0x00000000
       20525000	      2051	800016c4	fe5ff8ef	jal	x17,800016c4	 x17=0x800016c4
       20535000	      2052	00000000	00000013	addi	x0,x0,0	  x0:0x00000000
       20545000	      2053	800016a4	00000013	addi	x0,x0,0	  x0:0x00000000
       20555000	      2054	800016a8	014000ef	jal	x1,800016a8	  x1=0x800016a8
       20565000	      2055	00000000	00000013	addi	x0,x0,0	  x0:0x00000000
       20575000	      2056	800016b8	00000013	addi	x0,x0,0	  x0:0x00000000
       20585000	      2057	800016bc	018000ef	jal	x1,800016bc	  x1=0x800016bc
       20595000	      2058	00000000	00000013	addi	x0,x0,0	  x0:0x00000000
       20605000	      2059	800016d0	00000013	addi	x0,x0,0	  x0:0x00000000
       20615000	      2060	800016d4	fc9ff0ef	jal	x1,800016d4	  x1=0x800016d4
       20625000	      2061	00000000	00000013	addi	x0,x0,0	  x0:0x00000000
       20635000	      2062	80001698	00000013	addi	x0,x0,0	  x0:0x00000000
       20645000	      2063	8000169c	004002ef	jal	x5,8000169c	  x5=0x8000169c
       20655000	      2064	00000000	00000013	addi	x0,x0,0	  x0:0x00000000
       20665000	      2065	8000169c	00000013	addi	x0,x0,0	  x0:0x00000000
       20675000	      2066	800016a0	0280026f	jal	x4,800016a0	  x4=0x800016a0
       20685000	      2067	00000000	00000013	addi	x0,x0,0	  x0:0x00000000
       20695000	      2068	800016c4	00000013	addi	x0,x0,0	  x0:0x00000000
       20705000	      2069	800016c8	ff1ff4ef	jal	x9,800016c8	  x9=0x800016c8
       20715000	      2070	00000000	00000013	addi	x0,x0,0	  x0:0x00000000
       20725000	      2071	800016b4	00000013	addi	x0,x0,0	  x0:0x00000000
       20735000	      2072	800016b8	02c00eef	jal	x29,800016b8	 x29=0x800016b8
       20745000	      2073	00000000	00000013	addi	x0,x0,0	  x0:0x00000000
       20755000	      2074	800016e0	00000013	addi	x0,x0,0	  x0:0x00000000
       20765000	      2075	800016e4	fddff0ef	jal	x1,800016e4	  x1=0x800016e4
       20775000	      2076	00000000	00000013	addi	x0,x0,0	  x0:0x00000000
       20785000	      2077	800016bc	00000013	addi	x0,x0,0	  x0:0x00000000
       20795000	      2078	800016c0	fd1ff6ef	jal	x13,800016c0	 x13=0x800016c0
       20805000	      2079	00000000	00000013	addi	x0,x0,0	  x0:0x00000000
       20815000	      2080	8000168c	00000013	addi	x0,x0,0	  x0:0x00000000
       20825000	      2081	80001690	058000ef	jal	x1,80001690	  x1=0x80001690
       20835000	      2082	00000000	00000013	addi	x0,x0,0	  x0:0x00000000
       20845000	      2083	800016e4	00000013	addi	x0,x0,0	  x0:0x00000000
       20855000	      2084	800016e8	014e5393	srli	x7,x28,0x14	 x28:0x00000000  x7=0x00000000
       20865000	      2085	800016ec	0008d613	srli	x12,x17,0x0	 x17:0x800016c4 x12=0x800016c4
       20875000	      2086	800016f0	61283013	sltiu	x0,x16,1554	 x16:0xc205c66c
       20885000	      2087	800016f4	41cddc33	sra	x24,x27,x28	 x27:0x80001088 x28:0x00000000 x24=0x80001088
       20895000	      2088	800016f8	a8844213	xori	x4,x8,-1400	  x8:0xffe4a2ed  x4=0x001b5865
       20905000	      2089	800016fc	00a6e663	bltu	x13,x10,80001708	 x13:0x800016c0 x10:0x80000000
       20915000	      2090	80001700	0160d933	srl	x18,x1,x22	  x1:0x80001690 x22:0x928bb570 x18=0x00008000
       20925000	      2091	80001704	3cf74813	xori	x16,x14,975	 x14:0x80009fc4 x16=0x80009c0b
       20935000	      2092	80001708	7e247a93	andi	x21,x8,2018	  x8:0xffe4a2ed x21=0x000002e0
       20945000	      2093	8000170c	41c4d813	srai	x16,x9,0x1c	  x9:0x800016c8 x16=0xfffffff8
       20955000	      2094	80001710	01fe6d33	or	x26,x28,x31	 x28:0x00000000 x31:0x7ffffe4c x26=0x7ffffe4c
       20965000	      2095	80001714	baba4893	xori	x17,x20,-1109	 x20:0x00000001 x17=0xfffffbaa
       20975000	      2096	80001718	41490a33	sub	x20,x18,x20	 x18:0x00008000 x20:0x00000001 x20=0x00007fff
       20985000	      2097	8000171c	40475a13	srai	x20,x14,0x4	 x14:0x80009fc4 x20=0xf80009fc
       20995000	      2098	80001720	009c0463	beq	x24,x9,80001728	 x24:0x80001088  x9:0x800016c8
       21005000	      2099	80001724	03c0f663	bgeu	x1,x28,80001750	  x1:0x80001690 x28:0x00000000
       21015000	      2100	00000000	00000013	addi	x0,x0,0	  x0:0x00000000
       21025000	      2101	8000174c	00000013	addi	x0,x0,0	  x0:0x00000000
       21035000	      2102	80001750	056e7ab7	lui	x21,0x56e7	 x21=0x056e7000
       21045000	      2103	80001754	00011f13	slli	x30,x2,0x0	  x2:0x800016d0 x30=0x800016d0
       21055000	      2104	80001758	29d39b37	lui	x22,0x29d39	 x22=0x29d39000
       21065000	      2105	8000175c	e4192c13	slti	x24,x18,-447	 x18:0x00008000 x24=0x00000000
       21075000	      2106	80001760	0474e663	bltu	x9,x7,800017ac	  x9:0x800016c8  x7:0x00000000
       21085000	      2107	80001764	009e7663	bgeu	x28,x9,80001770	 x28:0x00000000  x9:0x800016c8
       21095000	      2108	80001768	00b47863	bgeu	x8,x11,80001778	  x8:0xffe4a2ed x11:0x945dab80
       21105000	      2109	00000000	00000013	addi	x0,x0,0	  x0:0x00000000
       21115000	      2110	80001774	00000013	addi	x0,x0,0	  x0:0x00000000
       21125000	      2111	80001778	417003b3	sub	x7,x0,x23	  x0:0x00000000 x23:0x00000001  x7=0xffffffff
       21135000	      2112	8000177c	00af5193	srli	x3,x30,0xa	 x30:0x800016d0  x3=0x00200005
       21145000	      2113	80001780	00af4e33	xor	x28,x30,x10	 x30:0x800016d0 x10:0x80000000 x28=0x000016d0
       21155000	      2114	80001784	00a25c63	bge	x4,x10,8000179c	  x4:0x001b5865 x10:0x80000000
       21165000	      2115	00000000	00000013	addi	x0,x0,0	  x0:0x00000000
       21175000	      2116	80001798	00000013	addi	x0,x0,0	  x0:0x00000000
       21185000	      2117	8000179c	01042833	slt	x16,x8,x16	  x8:0xffe4a2ed x16:0xfffffff8 x16=0x00000001
       21195000	      2118	800017a0	047e8663	beq	x29,x7,800017ec	 x29:0x800016b8  x7:0xffffffff
       21205000	      2119	800017a4	03188e63	beq	x17,x17,800017e0	 x17:0xfffffbaa x17:0xfffffbaa
       21215000	      2120	00000000	00000013	addi	x0,x0,0	  x0:0x00000000
       21225000	      2121	800017dc	00000013	addi	x0,x0,0	  x0:0x00000000
       21235000	      2122	800017e0	01949fb3	sll	x31,x9,x25	  x9:0x800016c8 x25:0x80001088 x31=0x0016c800
       21245000	      2123	800017e4	40805c93	srai	x25,x0,0x8	  x0:0x00000000 x25=0x00000000
       21255000	      2124	800017e8	01f875b3	and	x11,x16,x31	 x16:0x00000001 x31:0x0016c800 x11=0x00000000
       21265000	      2125	800017ec	40708633	sub	x12,x1,x7	  x1:0x80001690  x7:0xffffffff x12=0x80001691
       21275000	      2126	800017f0	006cde13	srli	x28,x25,0x6	 x25:0x00000000 x28=0x00000000
       21285000	      2127	800017f4	a1c8a813	slti	x16,x17,-1508	 x17:0xfffffbaa x16=0x00000000
       21295000	      2128	800017f8	048d8463	beq	x27,x8,80001840	 x27:0x80001088  x8:0xffe4a2ed
       21305000	      2129	800017fc	01210033	add	x0,x2,x18	  x2:0x800016d0 x18:0x00008000
       21315000	      2130	80001800	170cb7b7	lui	x15,0x170cb	 x15=0x170cb000
       21325000	      2131	80001804	c5358c93	addi	x25,x11,-941	 x11:0x00000000 x25=0xfffffc53
       21335000	      2132	80001808	400702b3	sub	x5,x14,x0	 x14:0x80009fc4  x0:0x00000000  x5=0x80009fc4
       21345000	      2133	8000180c	963baeb7	lui	x29,0x963ba	 x29=0x963ba000
       21355000	      2134	80001810	01346263	bltu	x8,x19,80001814	  x8:0xffe4a2ed x19:0x70000000
       21365000	      2135	80001814	002c74b3	and	x9,x24,x2	 x24:0x00000000  x2:0x800016d0  x9=0x00000000
       21375000	      2136	80001818	01ae03b3	add	x7,x28,x26	 x28:0x00000000 x26:0x7ffffe4c  x7=0x7ffffe4c
       21385000	      2137	8000181c	00d10e33	add	x28,x2,x13	  x2:0x800016d0 x13:0x800016c0 x28=0x00002d90
       21395000	      2138	80001820	ea1d7d93	andi	x27,x26,-351	 x26:0x7ffffe4c x27=0x7ffffe00
       21405000	      2139	80001824	00495813	srli	x16,x18,0x4	 x18:0x00008000 x16=0x00000800
       21415000	      2140	80001828	40345a13	srai	x20,x8,0x3	  x8:0xffe4a2ed x20=0xfffc945d
       21425000	      2141	8000182c	048fd463	bge	x31,x8,80001874	 x31:0x0016c800  x8:0xffe4a2ed
       21435000	      2142	00000000	00000013	addi	x0,x0,0	  x0:0x00000000
       21445000	      2143	80001870	00000013	addi	x0,x0,0	  x0:0x00000000
       21455000	      2144	80001874	400f8bb3	sub	x23,x31,x0	 x31:0x0016c800  x0:0x00000000 x23=0x0016c800
       21465000	      2145	80001878	418d8133	sub	x2,x27,x24	 x27:0x7ffffe00 x24:0x00000000  x2=0x7ffffe00
       21475000	      2146	8000187c	01151893	slli	x17,x10,0x11	 x10:0x80000000 x17=0x00000000
       21485000	      2147	80001880	0be8c463	blt	x17,x30,80001928	 x17:0x00000000 x30:0x800016d0
       21495000	      2148	80001884	03c008ef	jal	x17,80001884	 x17=0x80001884
       21505000	      2149	00000000	00000013	addi	x0,x0,0	  x0:0x00000000
       21515000	      2150	800018bc	00000013	addi	x0,x0,0	  x0:0x00000000
       21525000	      2151	800018c0	010007ef	jal	x15,800018c0	 x15=0x800018c0
       21535000	      2152	00000000	00000013	addi	x0,x0,0	  x0:0x00000000
       21545000	      2153	800018cc	00000013	addi	x0,x0,0	  x0:0x00000000
       21555000	      2154	800018d0	fe5ff1ef	jal	x3,800018d0	  x3=0x800018d0
       21565000	      2155	00000000	00000013	addi	x0,x0,0	  x0:0x00000000
       21575000	      2156	800018b0	00000013	addi	x0,x0,0	  x0:0x00000000
       21585000	      2157	800018b4	0200016f	jal	x2,800018b4	  x2=0x800018b4
       21595000	      2158	00000000	00000013	addi	x0,x0,0	  x0:0x00000000
       21605000	      2159	800018d0	00000013	addi	x0,x0,0	  x0:0x00000000
       21615000	      2160	800018d4	fb5ff0ef	jal	x1,800018d4	  x1=0x800018d4
       21625000	      2161	00000000	00000013	addi	x0,x0,0	  x0:0x00000000
       21635000	      2162	80001884	00000013	addi	x0,x0,0	  x0:0x00000000
       21645000	      2163	80001888	040000ef	jal	x1,80001888	  x1=0x80001888
       21655000	      2164	00000000	00000013	addi	x0,x0,0	  x0:0x00000000
       21665000	      2165	800018c4	00000013	addi	x0,x0,0	  x0:0x00000000
       21675000	      2166	800018c8	fd9ff0ef	jal	x1,800018c8	  x1=0x800018c8
       21685000	      2167	00000000	00000013	addi	x0,x0,0	  x0:0x00000000
       21695000	      2168	8000189c	00000013	addi	x0,x0,0	  x0:0x00000000
       21705000	      2169	800018a0	038001ef	jal	x3,800018a0	  x3=0x800018a0
       21715000	      2170	00000000	00000013	addi	x0,x0,0	  x0:0x00000000
       21725000	      2171	800018d4	00000013	addi	x0,x0,0	  x0:0x00000000
       21735000	      2172	800018d8	fe1ff7ef	jal	x15,800018d8	 x15=0x800018d8
       21745000	      2173	00000000	00000013	addi	x0,x0,0	  x0:0x00000000
       21755000	      2174	800018b4	00000013	addi	x0,x0,0	  x0:0x00000000
       21765000	      2175	800018b8	fe5ff2ef	jal	x5,800018b8	  x5=0x800018b8
       21775000	      2176	00000000	00000013	addi	x0,x0,0	  x0:0x00000000
       21785000	      2177	80001898	00000013	addi	x0,x0,0	  x0:0x00000000
       21795000	      2178	8000189c	010007ef	jal	x15,8000189c	 x15=0x8000189c
       21805000	      2179	00000000	00000013	addi	x0,x0,0	  x0:0x00000000
       21815000	      2180	800018a8	00000013	addi	x0,x0,0	  x0:0x00000000
       21825000	      2181	800018ac	fedff0ef	jal	x1,800018ac	  x1=0x800018ac
       21835000	      2182	00000000	00000013	addi	x0,x0,0	  x0:0x00000000
       21845000	      2183	80001894	00000013	addi	x0,x0,0	  x0:0x00000000
       21855000	      2184	80001898	ff5ffeef	jal	x29,80001898	 x29=0x80001898
       21865000	      2185	00000000	00000013	addi	x0,x0,0	  x0:0x00000000
       21875000	      2186	80001888	00000013	addi	x0,x0,0	  x0:0x00000000
       21885000	      2187	8000188c	018000ef	jal	x1,8000188c	  x1=0x8000188c
       21895000	      2188	00000000	00000013	addi	x0,x0,0	  x0:0x00000000
       21905000	      2189	800018a0	00000013	addi	x0,x0,0	  x0:0x00000000
       21915000	      2190	800018a4	03c000ef	jal	x1,800018a4	  x1=0x800018a4
       21925000	      2191	00000000	00000013	addi	x0,x0,0	  x0:0x00000000
       21935000	      2192	800018dc	00000013	addi	x0,x0,0	  x0:0x00000000
       21945000	      2193	800018e0	fc9ff0ef	jal	x1,800018e0	  x1=0x800018e0
       21955000	      2194	00000000	00000013	addi	x0,x0,0	  x0:0x00000000
       21965000	      2195	800018a4	00000013	addi	x0,x0,0	  x0:0x00000000
       21975000	      2196	800018a8	034000ef	jal	x1,800018a8	  x1=0x800018a8
       21985000	      2197	00000000	00000013	addi	x0,x0,0	  x0:0x00000000
       21995000	      2198	800018d8	00000013	addi	x0,x0,0	  x0:0x00000000
       22005000	      2199	800018dc	fe9ff0ef	jal	x1,800018dc	  x1=0x800018dc
       22015000	      2200	00000000	00000013	addi	x0,x0,0	  x0:0x00000000
       22025000	      2201	800018c0	00000013	addi	x0,x0,0	  x0:0x00000000
       22035000	      2202	800018c4	fedff0ef	jal	x1,800018c4	  x1=0x800018c4
       22045000	      2203	00000000	00000013	addi	x0,x0,0	  x0:0x00000000
       22055000	      2204	800018ac	00000013	addi	x0,x0,0	  x0:0x00000000
       22065000	      2205	800018b0	01c004ef	jal	x9,800018b0	  x9=0x800018b0
       22075000	      2206	00000000	00000013	addi	x0,x0,0	  x0:0x00000000
       22085000	      2207	800018c8	00000013	addi	x0,x0,0	  x0:0x00000000
       22095000	      2208	800018cc	fc9ff2ef	jal	x5,800018cc	  x5=0x800018cc
       22105000	      2209	00000000	00000013	addi	x0,x0,0	  x0:0x00000000
       22115000	      2210	80001890	00000013	addi	x0,x0,0	  x0:0x00000000
       22125000	      2211	80001894	02800fef	jal	x31,80001894	 x31=0x80001894
       22135000	      2212	00000000	00000013	addi	x0,x0,0	  x0:0x00000000
       22145000	      2213	800018b8	00000013	addi	x0,x0,0	  x0:0x00000000
       22155000	      2214	800018bc	fd5ffdef	jal	x27,800018bc	 x27=0x800018bc
       22165000	      2215	00000000	00000013	addi	x0,x0,0	  x0:0x00000000
       22175000	      2216	8000188c	00000013	addi	x0,x0,0	  x0:0x00000000
       22185000	      2217	80001890	05400a6f	jal	x20,80001890	 x20=0x80001890
       22195000	      2218	00000000	00000013	addi	x0,x0,0	  x0:0x00000000
       22205000	      2219	800018e0	00000013	addi	x0,x0,0	  x0:0x00000000
       22215000	      2220	800018e4	8471f593	andi	x11,x3,-1977	  x3:0x800018a0 x11=0x80001800
       22225000	      2221	800018e8	01760c63	beq	x12,x23,80001900	 x12:0x80001691 x23:0x0016c800
       22235000	      2222	800018ec	0139fab3	and	x21,x19,x19	 x19:0x70000000 x19:0x70000000 x21=0x70000000
       22245000	      2223	800018f0	00000013	addi	x0,x0,0	  x0:0x00000000
       22255000	      2224	800018f4	00000013	addi	x0,x0,0	  x0:0x00000000
       22265000	      2225	800018f8	00dadc13	srli	x24,x21,0xd	 x21:0x70000000 x24=0x00038000
       22275000	      2226	800018fc	41c25633	sra	x12,x4,x28	  x4:0x001b5865 x28:0x00002d90 x12=0x0000001b
       22285000	      2227	80001900	00a0e863	bltu	x1,x10,80001910	  x1:0x800018c4 x10:0x80000000
       22295000	      2228	80001904	03d6ec63	bltu	x13,x29,8000193c	 x13:0x800016c0 x29:0x80001898
       22305000	      2229	00000000	00000013	addi	x0,x0,0	  x0:0x00000000
       22315000	      2230	80001938	00000013	addi	x0,x0,0	  x0:0x00000000
       22325000	      2231	8000193c	60b9fb13	andi	x22,x19,1547	 x19:0x70000000 x22=0x00000000
       22335000	      2232	80001940	011587b3	add	x15,x11,x17	 x11:0x80001800 x17:0x80001884 x15=0x00003084
       22345000	      2233	80001944	033c7663	bgeu	x24,x19,80001970	 x24:0x00038000 x19:0x70000000
       22355000	      2234	80001948	00000013	addi	x0,x0,0	  x0:0x00000000
       22365000	      2235	8000194c	616a0493	addi	x9,x20,1558	 x20:0x80001890  x9=0x80001ea6
       22375000	      2236	80001950	40f7dd93	srai	x27,x15,0xf	 x15:0x00003084 x27=0x00000000
       22385000	      2237	80001954	00c16fb3	or	x31,x2,x12	  x2:0x800018b4 x12:0x0000001b x31=0x800018bf
       22395000	      2238	80001958	4160db33	sra	x22,x1,x22	  x1:0x800018c4 x22:0x00000000 x22=0x800018c4
       22405000	      2239	8000195c	3394cd13	xori	x26,x9,825	  x9:0x80001ea6 x26=0x80001d9f
       22415000	      2240	80001960	6c968613	addi	x12,x13,1737	 x13:0x800016c0 x12=0x80001d89
       22425000	      2241	80001964	04248663	beq	x9,x2,800019b0	  x9:0x80001ea6  x2:0x800018b4
       22435000	      2242	80001968	836ca6b7	lui	x13,0x836ca	 x13=0x836ca000
       22445000	      2243	8000196c	400689b3	sub	x19,x13,x0	 x13:0x836ca000  x0:0x00000000 x19=0x836ca000
       22455000	      2244	80001970	017d0f33	add	x30,x26,x23	 x26:0x80001d9f x23:0x0016c800 x30=0x8016e59f
       22465000	      2245	80001974	005c1933	sll	x18,x24,x5	 x24:0x00038000  x5:0x800018cc x18=0x38000000
       22475000	      2246	80001978	01180f33	add	x30,x16,x17	 x16:0x00000800 x17:0x80001884 x30=0x80002084
       22485000	      2247	8000197c	00000013	addi	x0,x0,0	  x0:0x00000000
       22495000	      2248	80001980	019ed593	srli	x11,x29,0x19	 x29:0x80001898 x11=0x00000040
       22505000	      2249	80001984	005572b3	and	x5,x10,x5	 x10:0x80000000  x5:0x800018cc  x5=0x80000000
       22515000	      2250	80001988	f9073b37	lui	x22,0xf9073	 x22=0xf9073000
       22525000	      2251	8000198c	e9dcb213	sltiu	x4,x25,-355	 x25:0xfffffc53  x4=0x00000001
       22535000	      2252	80001990	05da5063	bge	x20,x29,800019d0	 x20:0x80001890 x29:0x80001898
       22545000	      2253	80001994	003f9e33	sll	x28,x31,x3	 x31:0x800018bf  x3:0x800018a0 x28=0x800018bf
       22555000	      2254	80001998	41430c33	sub	x24,x6,x20	  x6:0x80009f84 x20:0x80001890 x24=0x000086f4
       22565000	      2255	8000199c	0035abb3	slt	x23,x11,x3	 x11:0x00000040  x3:0x800018a0 x23=0x00000000
       22575000	      2256	800019a0	411b5833	sra	x16,x22,x17	 x22:0xf9073000 x17:0x80001884 x16=0xff907300
       22585000	      2257	800019a4	009c8833	add	x16,x25,x9	 x25:0xfffffc53  x9:0x80001ea6 x16=0x80001af9
       22595000	      2258	800019a8	00307933	and	x18,x0,x3	  x0:0x00000000  x3:0x800018a0 x18=0x00000000
       22605000	      2259	800019ac	05598663	beq	x19,x21,800019f8	 x19:0x836ca000 x21:0x70000000
       22615000	      2260	800019b0	9c0c8993	addi	x19,x25,-1600	 x25:0xfffffc53 x19=0xfffff613
       22625000	      2261	800019b4	015a8eb3	add	x29,x21,x21	 x21:0x70000000 x21:0x70000000 x29=0xe0000000
       22635000	      2262	800019b8	00cf5b93	srli	x23,x30,0xc	 x30:0x80002084 x23=0x00080002
       22645000	      2263	800019bc	670d4137	lui	x2,0x670d4	  x2=0x670d4000
       22655000	      2264	800019c0	00000013	addi	x0,x0,0	  x0:0x00000000
       22665000	      2265	800019c4	077f8f13	addi	x30,x31,119	 x31:0x800018bf x30=0x80001936
       22675000	      2266	800019c8	cf995417	auipc	x8,0xcf995	  x8=0x4f9969c4
       22685000	      2267	800019cc	01136133	or	x2,x6,x17	  x6:0x80009f84 x17:0x80001884  x2=0x80009f84
       22695000	      2268	800019d0	4003d893	srai	x17,x7,0x0	  x7:0x7ffffe4c x17=0x7ffffe4c
       22705000	      2269	800019d4	40f25893	srai	x17,x4,0xf	  x4:0x00000001 x17=0x00000000
       22715000	      2270	800019d8	0006c1b3	xor	x3,x13,x0	 x13:0x836ca000  x0:0x00000000  x3=0x836ca000
       22725000	      2271	800019dc	01494f33	xor	x30,x18,x20	 x18:0x00000000 x20:0x80001890 x30=0x80001890
       22735000	      2272	800019e0	00a21863	bne	x4,x10,800019f0	  x4:0x00000001 x10:0x80000000
       22745000	      2273	00000000	00000013	addi	x0,x0,0	  x0:0x00000000
       22755000	      2274	800019ec	00000013	addi	x0,x0,0	  x0:0x00000000
       22765000	      2275	800019f0	00fdc833	xor	x16,x27,x15	 x27:0x00000000 x15:0x00003084 x16=0x00003084
       22775000	      2276	800019f4	008d5293	srli	x5,x26,0x8	 x26:0x80001d9f  x5=0x0080001d
       22785000	      2277	800019f8	010de8b3	or	x17,x27,x16	 x27:0x00000000 x16:0x00003084 x17=0x00003084
       22795000	      2278	800019fc	00145833	srl	x16,x8,x1	  x8:0x4f9969c4  x1:0x800018c4 x16=0x04f9969c
       22805000	      2279	80001a00	00e39193	slli	x3,x7,0xe	  x7:0x7ffffe4c  x3=0xff930000
       22815000	      2280	80001a04	41b05a33	sra	x20,x0,x27	  x0:0x00000000 x27:0x00000000 x20=0x00000000
       22825000	      2281	80001a08	036f0463	beq	x30,x22,80001a30	 x30:0x80001890 x22:0xf9073000
       22835000	      2282	80001a0c	91496f93	ori	x31,x18,-1772	 x18:0x00000000 x31=0xfffff914
       22845000	      2283	80001a10	002f5e33	srl	x28,x30,x2	 x30:0x80001890  x2:0x80009f84 x28=0x08000189
       22855000	      2284	80001a14	01e86233	or	x4,x16,x30	 x16:0x04f9969c x30:0x80001890  x4=0x84f99e9c
       22865000	      2285	80001a18	84c5c193	xori	x3,x11,-1972	 x11:0x00000040  x3=0xfffff80c
       22875000	      2286	80001a1c	267d3793	sltiu	x15,x26,615	 x26:0x80001d9f x15=0x00000000
       22885000	      2287	80001a20	5475d2b7	lui	x5,0x5475d	  x5=0x5475d000
       22895000	      2288	80001a24	0367c063	blt	x15,x22,80001a44	 x15:0x00000000 x22:0xf9073000
       22905000	      2289	80001a28	004bf4b3	and	x9,x23,x4	 x23:0x00080002  x4:0x84f99e9c  x9=0x00080000
       22915000	      2290	80001a2c	a6dc8693	addi	x13,x25,-1427	 x25:0xfffffc53 x13=0xfffff6c0
       22925000	      2291	80001a30	1af07913	andi	x18,x0,431	  x0:0x00000000 x18=0x00000000
       22935000	      2292	80001a34	001928b3	slt	x17,x18,x1	 x18:0x00000000  x1:0x800018c4 x17=0x00000000
       22945000	      2293	80001a38	017dbf17	auipc	x30,0x17db	 x30=0x817dca34
       22955000	      2294	80001a3c	40c45013	srai	x0,x8,0xc	  x8:0x4f9969c4
       22965000	      2295	80001a40	03fc6c63	bltu	x24,x31,80001a78	 x24:0x000086f4 x31:0xfffff914
       22975000	      2296	00000000	00000013	addi	x0,x0,0	  x0:0x00000000
       22985000	      2297	80001a74	00000013	addi	x0,x0,0	  x0:0x00000000
       22995000	      2298	80001a78	00000013	addi	x0,x0,0	  x0:0x00000000
       23005000	      2299	80001a7c	00ef5793	srli	x15,x30,0xe	 x30:0x817dca34 x15=0x000205f7
       23015000	      2300	80001a80	00405bb3	srl	x23,x0,x4	  x0:0x00000000  x4:0x84f99e9c x23=0x00000000
       23025000	      2301	80001a84	00000013	addi	x0,x0,0	  x0:0x00000000
       23035000	      2302	80001a88	0181d093	srli	x1,x3,0x18	  x3:0xfffff80c  x1=0x000000ff
       23045000	      2303	80001a8c	0559d863	bge	x19,x21,80001adc	 x19:0xfffff613 x21:0x70000000
       23055000	      2304	80001a90	41b15a93	srai	x21,x2,0x1b	  x2:0x80009f84 x21=0xfffffff0
       23065000	      2305	80001a94	01e14663	blt	x2,x30,80001aa0	  x2:0x80009f84 x30:0x817dca34
       23075000	      2306	00000000	00000013	addi	x0,x0,0	  x0:0x00000000
       23085000	      2307	80001a9c	00000013	addi	x0,x0,0	  x0:0x00000000
       23095000	      2308	80001aa0	6e764d13	xori	x26,x12,1767	 x12:0x80001d89 x26=0x80001b6e
       23105000	      2309	80001aa4	1e1a4993	xori	x19,x20,481	 x20:0x00000000 x19=0x000001e1
       23115000	      2310	80001aa8	0108cab3	xor	x21,x17,x16	 x17:0x00000000 x16:0x04f9969c x21=0x04f9969c
       23125000	      2311	80001aac	03d56a63	bltu	x10,x29,80001ae0	 x10:0x80000000 x29:0xe0000000
       23135000	      2312	00000000	00000013	addi	x0,x0,0	  x0:0x00000000
       23145000	      2313	80001adc	00000013	addi	x0,x0,0	  x0:0x00000000
       23155000	      2314	80001ae0	6517c113	xori	x2,x15,1617	 x15:0x000205f7  x2=0x000203a6
       23165000	      2315	80001ae4	a8c4e913	ori	x18,x9,-1396	  x9:0x00080000 x18=0xfffffa8c
       23175000	      2316	80001ae8	03837c63	bgeu	x6,x24,80001b20	  x6:0x80009f84 x24:0x000086f4
       23185000	      2317	00000000	00000013	addi	x0,x0,0	  x0:0x00000000
       23195000	      2318	80001b1c	00000013	addi	x0,x0,0	  x0:0x00000000
       23205000	      2319	80001b20	d44a2693	slti	x13,x20,-700	 x20:0x00000000 x13=0x00000000
       23215000	      2320	80001b24	000516b3	sll	x13,x10,x0	 x10:0x80000000  x0:0x00000000 x13=0x80000000
       23225000	      2321	80001b28	07dc0c63	beq	x24,x29,80001ba0	 x24:0x000086f4 x29:0xe0000000
       23235000	      2322	80001b2c	00e5ff33	and	x30,x11,x14	 x11:0x00000040 x14:0x80009fc4 x30=0x00000040
       23245000	      2323	80001b30	00a6e033	or	x0,x13,x10	 x13:0x80000000 x10:0x80000000
       23255000	      2324	80001b34	09aa8263	beq	x21,x26,80001bb8	 x21:0x04f9969c x26:0x80001b6e
       23265000	      2325	80001b38	c4ce3637	lui	x12,0xc4ce3	 x12=0xc4ce3000
       23275000	      2326	80001b3c	aa53d037	lui	x0,0xaa53d	
       23285000	      2327	80001b40	9ac70c93	addi	x25,x14,-1620	 x14:0x80009fc4 x25=0x80009970
       23295000	      2328	80001b44	9a430893	addi	x17,x6,-1628	  x6:0x80009f84 x17=0x80009928
       23305000	      2329	80001b48	001bfc33	and	x24,x23,x1	 x23:0x00000000  x1:0x000000ff x24=0x00000000
       23315000	      2330	80001b4c	004008ef	jal	x17,80001b4c	 x17=0x80001b4c
       23325000	      2331	00000000	00000013	addi	x0,x0,0	  x0:0x00000000
       23335000	      2332	80001b4c	00000013	addi	x0,x0,0	  x0:0x00000000
       23345000	      2333	80001b50	018000ef	jal	x1,80001b50	  x1=0x80001b50
       23355000	      2334	00000000	00000013	addi	x0,x0,0	  x0:0x00000000
       23365000	      2335	80001b64	00000013	addi	x0,x0,0	  x0:0x00000000
       23375000	      2336	80001b68	ffdff8ef	jal	x17,80001b68	 x17=0x80001b68
       23385000	      2337	00000000	00000013	addi	x0,x0,0	  x0:0x00000000
       23395000	      2338	80001b60	00000013	addi	x0,x0,0	  x0:0x00000000
       23405000	      2339	80001b64	ffdff3ef	jal	x7,80001b64	  x7=0x80001b64
       23415000	      2340	00000000	00000013	addi	x0,x0,0	  x0:0x00000000
       23425000	      2341	80001b5c	00000013	addi	x0,x0,0	  x0:0x00000000
       23435000	      2342	80001b60	ffdff0ef	jal	x1,80001b60	  x1=0x80001b60
       23445000	      2343	00000000	00000013	addi	x0,x0,0	  x0:0x00000000
       23455000	      2344	80001b58	00000013	addi	x0,x0,0	  x0:0x00000000
       23465000	      2345	80001b5c	ffdff2ef	jal	x5,80001b5c	  x5=0x80001b5c
       23475000	      2346	00000000	00000013	addi	x0,x0,0	  x0:0x00000000
       23485000	      2347	80001b54	00000013	addi	x0,x0,0	  x0:0x00000000
       23495000	      2348	80001b58	020000ef	jal	x1,80001b58	  x1=0x80001b58
       23505000	      2349	00000000	00000013	addi	x0,x0,0	  x0:0x00000000
       23515000	      2350	80001b74	00000013	addi	x0,x0,0	  x0:0x00000000
       23525000	      2351	80001b78	fddff96f	jal	x18,80001b78	 x18=0x80001b78
       23535000	      2352	00000000	00000013	addi	x0,x0,0	  x0:0x00000000
       23545000	      2353	80001b50	00000013	addi	x0,x0,0	  x0:0x00000000
       23555000	      2354	80001b54	02000f6f	jal	x30,80001b54	 x30=0x80001b54
       23565000	      2355	00000000	00000013	addi	x0,x0,0	  x0:0x00000000
       23575000	      2356	80001b70	00000013	addi	x0,x0,0	  x0:0x00000000
       23585000	      2357	80001b74	ffdff26f	jal	x4,80001b74	  x4=0x80001b74
       23595000	      2358	00000000	00000013	addi	x0,x0,0	  x0:0x00000000
       23605000	      2359	80001b6c	00000013	addi	x0,x0,0	  x0:0x00000000
       23615000	      2360	80001b70	ffdff0ef	jal	x1,80001b70	  x1=0x80001b70
       23625000	      2361	00000000	00000013	addi	x0,x0,0	  x0:0x00000000
       23635000	      2362	80001b68	00000013	addi	x0,x0,0	  x0:0x00000000
       23645000	      2363	80001b6c	0100016f	jal	x2,80001b6c	  x2=0x80001b6c
       23655000	      2364	00000000	00000013	addi	x0,x0,0	  x0:0x00000000
       23665000	      2365	80001b78	00000013	addi	x0,x0,0	  x0:0x00000000
       23675000	      2366	80001b7c	004000ef	jal	x1,80001b7c	  x1=0x80001b7c
       23685000	      2367	00000000	00000013	addi	x0,x0,0	  x0:0x00000000
       23695000	      2368	80001b7c	00000013	addi	x0,x0,0	  x0:0x00000000
       23705000	      2369	80001b80	40d48133	sub	x2,x9,x13	  x9:0x00080000 x13:0x80000000  x2=0x80080000
       23715000	      2370	80001b84	00000013	addi	x0,x0,0	  x0:0x00000000
       23725000	      2371	80001b88	00ebc7b3	xor	x15,x23,x14	 x23:0x00000000 x14:0x80009fc4 x15=0x80009fc4
       23735000	      2372	80001b8c	01eb8cb3	add	x25,x23,x30	 x23:0x00000000 x30:0x80001b54 x25=0x80001b54
       23745000	      2373	80001b90	009173b3	and	x7,x2,x9	  x2:0x80080000  x9:0x00080000  x7=0x00080000
       23755000	      2374	80001b94	008799b3	sll	x19,x15,x8	 x15:0x80009fc4  x8:0x4f9969c4 x19=0x0009fc40
       23765000	      2375	80001b98	8f78b893	sltiu	x17,x17,-1801	 x17:0x80001b68 x17=0x00000001
       23775000	      2376	80001b9c	007ceb33	or	x22,x25,x7	 x25:0x80001b54  x7:0x00080000 x22=0x80081b54
       23785000	      2377	80001ba0	03777a63	bgeu	x14,x23,80001bd4	 x14:0x80009fc4 x23:0x00000000
       23795000	      2378	00000000	00000013	addi	x0,x0,0	  x0:0x00000000
       23805000	      2379	80001bd0	00000013	addi	x0,x0,0	  x0:0x00000000
       23815000	      2380	80001bd4	02870463	beq	x14,x8,80001bfc	 x14:0x80009fc4  x8:0x4f9969c4
       23825000	      2381	80001bd8	001a6663	bltu	x20,x1,80001be4	 x20:0x00000000  x1:0x80001b7c
       23835000	      2382	00000000	00000013	addi	x0,x0,0	  x0:0x00000000
       23845000	      2383	80001be0	00000013	addi	x0,x0,0	  x0:0x00000000
       23855000	      2384	80001be4	0234ce63	blt	x9,x3,80001c20	  x9:0x00080000  x3:0xfffff80c
       23865000	      2385	80001be8	00000013	addi	x0,x0,0	  x0:0x00000000
       23875000	      2386	80001bec	03a75e63	bge	x14,x26,80001c28	 x14:0x80009fc4 x26:0x80001b6e
       23885000	      2387	00000000	00000013	addi	x0,x0,0	  x0:0x00000000
       23895000	      2388	80001c24	00000013	addi	x0,x0,0	  x0:0x00000000
       23905000	      2389	80001c28	0254f663	bgeu	x9,x5,80001c54	  x9:0x00080000  x5:0x80001b5c
       23915000	      2390	80001c2c	008373b3	and	x7,x6,x8	  x6:0x80009f84  x8:0x4f9969c4  x7=0x00000984
       23925000	      2391	80001c30	00000013	addi	x0,x0,0	  x0:0x00000000
       23935000	      2392	80001c34	c9e8e593	ori	x11,x17,-866	 x17:0x00000001 x11=0xfffffc9f
       23945000	      2393	80001c38	0206ea63	bltu	x13,x0,80001c6c	 x13:0x80000000  x0:0x00000000
       23955000	      2394	80001c3c	7fc5e613	ori	x12,x11,2044	 x11:0xfffffc9f x12=0xffffffff
       23965000	      2395	80001c40	00d4fa33	and	x20,x9,x13	  x9:0x00080000 x13:0x80000000 x20=0x00000000
       23975000	      2396	80001c44	407d0033	sub	x0,x26,x7	 x26:0x80001b6e  x7:0x00000984
       23985000	      2397	80001c48	76897813	andi	x16,x18,1896	 x18:0x80001b78 x16=0x00000368
       23995000	      2398	80001c4c	76444f13	xori	x30,x8,1892	  x8:0x4f9969c4 x30=0x4f996ea0
       24005000	      2399	80001c50	04dd4463	blt	x26,x13,80001c98	 x26:0x80001b6e x13:0x80000000
       24015000	      2400	80001c54	01c35863	bge	x6,x28,80001c64	  x6:0x80009f84 x28:0x08000189
       24025000	      2401	80001c58	05b6e463	bltu	x13,x27,80001ca0	 x13:0x80000000 x27:0x00000000
       24035000	      2402	80001c5c	03915063	bge	x2,x25,80001c7c	  x2:0x80080000 x25:0x80001b54
       24045000	      2403	00000000	00000013	addi	x0,x0,0	  x0:0x00000000
       24055000	      2404	80001c78	00000013	addi	x0,x0,0	  x0:0x00000000
       24065000	      2405	80001c7c	01e45493	srli	x9,x8,0x1e	  x8:0x4f9969c4  x9=0x00000001
       24075000	      2406	80001c80	00034eb3	xor	x29,x6,x0	  x6:0x80009f84  x0:0x00000000 x29=0x80009f84
       24085000	      2407	80001c84	0184f263	bgeu	x9,x24,80001c88	  x9:0x00000001 x24:0x00000000
       24095000	      2408	00000000	00000013	addi	x0,x0,0	  x0:0x00000000
       24105000	      2409	80001c84	00000013	addi	x0,x0,0	  x0:0x00000000
       24115000	      2410	80001c88	50d87913	andi	x18,x16,1293	 x16:0x00000368 x18=0x00000108
       24125000	      2411	80001c8c	01f19d93	slli	x27,x3,0x1f	  x3:0xfffff80c x27=0x00000000
       24135000	      2412	80001c90	0028d293	srli	x5,x17,0x2	 x17:0x00000001  x5=0x00000000
       24145000	      2413	80001c94	001295b3	sll	x11,x5,x1	  x5:0x00000000  x1:0x80001b7c x11=0x00000000
       24155000	      2414	80001c98	40cdde13	srai	x28,x27,0xc	 x27:0x00000000 x28=0x00000000
       24165000	      2415	80001c9c	ad3cb813	sltiu	x16,x25,-1325	 x25:0x80001b54 x16=0x00000001
       24175000	      2416	80001ca0	028e8463	beq	x29,x8,80001cc8	 x29:0x80009f84  x8:0x4f9969c4
       24185000	      2417	80001ca4	046b0063	beq	x22,x6,80001ce4	 x22:0x80081b54  x6:0x80009f84
       24195000	      2418	80001ca8	0492c663	blt	x5,x9,80001cf4	  x5:0x00000000  x9:0x00000001
       24205000	      2419	00000000	00000013	addi	x0,x0,0	  x0:0x00000000
       24215000	      2420	80001cf0	00000013	addi	x0,x0,0	  x0:0x00000000
       24225000	      2421	80001cf4	00937263	bgeu	x6,x9,80001cf8	  x6:0x80009f84  x9:0x00000001
       24235000	      2422	00000000	00000013	addi	x0,x0,0	  x0:0x00000000
       24245000	      2423	80001cf4	00000013	addi	x0,x0,0	  x0:0x00000000
       24255000	      2424	80001cf8	040f5663	bge	x30,x0,80001d44	 x30:0x4f996ea0  x0:0x00000000
       24265000	      2425	00000000	00000013	addi	x0,x0,0	  x0:0x00000000
       24275000	      2426	80001d40	00000013	addi	x0,x0,0	  x0:0x00000000
       24285000	      2427	80001d44	a07a5297	auipc	x5,0xa07a5	  x5=0x207a6d40
       24295000	      2428	80001d48	38c2db37	lui	x22,0x38c2d	 x22=0x38c2d000
       24305000	      2429	80001d4c	01f7c233	xor	x4,x15,x31	 x15:0x80009fc4 x31:0xfffff914  x4=0x7fff66d0
       24315000	      2430	80001d50	01598bb3	add	x23,x19,x21	 x19:0x0009fc40 x21:0x04f9969c x23=0x050392dc
       24325000	      2431	80001d54	00d68033	add	x0,x13,x13	 x13:0x80000000 x13:0x80000000
       24335000	      2432	80001d58	0073a6b3	slt	x13,x7,x7	  x7:0x00000984  x7:0x00000984 x13=0x00000000
       24345000	      2433	80001d5c	002c5913	srli	x18,x24,0x2	 x24:0x00000000 x18=0x00000000
       24355000	      2434	80001d60	014901b3	add	x3,x18,x20	 x18:0x00000000 x20:0x00000000  x3=0x00000000
       24365000	      2435	80001d64	404c5eb3	sra	x29,x24,x4	 x24:0x00000000  x4:0x7fff66d0 x29=0x00000000
       24375000	      2436	80001d68	0086de13	srli	x28,x13,0x8	 x13:0x00000000 x28=0x00000000
       24385000	      2437	80001d6c	6c02eb93	ori	x23,x5,1728	  x5:0x207a6d40 x23=0x207a6fc0
       24395000	      2438	80001d70	25f4c213	xori	x4,x9,607	  x9:0x00000001  x4=0x0000025e
       24405000	      2439	80001d74	01a9efb3	or	x31,x19,x26	 x19:0x0009fc40 x26:0x80001b6e x31=0x8009ff6e
       24415000	      2440	80001d78	00415893	srli	x17,x2,0x4	  x2:0x80080000 x17=0x08008000
       24425000	      2441	80001d7c	001d7d33	and	x26,x26,x1	 x26:0x80001b6e  x1:0x80001b7c x26=0x80001b6c
       24435000	      2442	80001d80	00d06c33	or	x24,x0,x13	  x0:0x00000000 x13:0x00000000 x24=0x00000000
       24445000	      2443	80001d84	e4b03393	sltiu	x7,x0,-437	  x0:0x00000000  x7=0x00000001
       24455000	      2444	80001d88	012788b3	add	x17,x15,x18	 x15:0x80009fc4 x18:0x00000000 x17=0x80009fc4
       24465000	      2445	80001d8c	00c82a33	slt	x20,x16,x12	 x16:0x00000001 x12:0xffffffff x20=0x00000000
       24475000	      2446	80001d90	007d5f33	srl	x30,x26,x7	 x26:0x80001b6c  x7:0x00000001 x30=0x40000db6
       24485000	      2447	80001d94	4f55b393	sltiu	x7,x11,1269	 x11:0x00000000  x7=0x00000001
       24495000	      2448	80001d98	00b1f0b3	and	x1,x3,x11	  x3:0x00000000 x11:0x00000000  x1=0x00000000
       24505000	      2449	80001d9c	98f7bb13	sltiu	x22,x15,-1649	 x15:0x80009fc4 x22=0x00000001
       24515000	      2450	80001da0	07225663	bge	x4,x18,80001e0c	  x4:0x0000025e x18:0x00000000
       24525000	      2451	00000000	00000013	addi	x0,x0,0	  x0:0x00000000
       24535000	      2452	80001e08	00000013	addi	x0,x0,0	  x0:0x00000000
       24545000	      2453	80001e0c	017310b3	sll	x1,x6,x23	  x6:0x80009f84 x23:0x207a6fc0  x1=0x80009f84
       24555000	      2454	80001e10	02988c63	beq	x17,x9,80001e48	 x17:0x80009fc4  x9:0x00000001
       24565000	      2455	80001e14	01b3d113	srli	x2,x7,0x1b	  x7:0x00000001  x2=0x00000000
       24575000	      2456	80001e18	47c5aa13	slti	x20,x11,1148	 x11:0x00000000 x20=0x00000001
       24585000	      2457	80001e1c	a3f3a613	slti	x12,x7,-1473	  x7:0x00000001 x12=0x00000000
       24595000	      2458	80001e20	0066c863	blt	x13,x6,80001e30	 x13:0x00000000  x6:0x80009f84
       24605000	      2459	80001e24	4f808913	addi	x18,x1,1272	  x1:0x80009f84 x18=0x8000a47c
       24615000	      2460	80001e28	01939eb3	sll	x29,x7,x25	  x7:0x00000001 x25:0x80001b54 x29=0x00100000
       24625000	      2461	80001e2c	fb0541b7	lui	x3,0xfb054	  x3=0xfb054000
       24635000	      2462	80001e30	020a9063	bne	x21,x0,80001e50	 x21:0x04f9969c  x0:0x00000000
       24645000	      2463	00000000	00000013	addi	x0,x0,0	  x0:0x00000000
       24655000	      2464	80001e4c	00000013	addi	x0,x0,0	  x0:0x00000000
       24665000	      2465	80001e50	6cf53a97	auipc	x21,0x6cf53	 x21=0xecf54e4c
       24675000	      2466	80001e54	04018863	beq	x3,x0,80001ea4	  x3:0xfb054000  x0:0x00000000
       24685000	      2467	80001e58	417e56b3	sra	x13,x28,x23	 x28:0x00000000 x23:0x207a6fc0 x13=0x00000000
       24695000	      2468	80001e5c	006a5033	srl	x0,x20,x6	 x20:0x00000001  x6:0x80009f84
       24705000	      2469	80001e60	01dfb2b3	sltu	x5,x31,x29	 x31:0x8009ff6e x29:0x00100000  x5=0x00000000
       24715000	      2470	80001e64	0281c663	blt	x3,x8,80001e90	  x3:0xfb054000  x8:0x4f9969c4
       24725000	      2471	00000000	00000013	addi	x0,x0,0	  x0:0x00000000
       24735000	      2472	80001e8c	00000013	addi	x0,x0,0	  x0:0x00000000
       24745000	      2473	80001e90	01555c13	srli	x24,x10,0x15	 x10:0x80000000 x24=0x00000400
       24755000	      2474	80001e94	52245a97	auipc	x21,0x52245	 x21=0xd2246e90
       24765000	      2475	80001e98	00f6b9b3	sltu	x19,x13,x15	 x13:0x00000000 x15:0x80009fc4 x19=0x00000001
       24775000	      2476	80001e9c	01d51893	slli	x17,x10,0x1d	 x10:0x80000000 x17=0x00000000
       24785000	      2477	80001ea0	ea984213	xori	x4,x16,-343	 x16:0x00000001  x4=0xfffffea8
       24795000	      2478	80001ea4	0064e863	bltu	x9,x6,80001eb4	  x9:0x00000001  x6:0x80009f84
       24805000	      2479	00000000	00000013	addi	x0,x0,0	  x0:0x00000000
       24815000	      2480	80001eb0	00000013	addi	x0,x0,0	  x0:0x00000000
       24825000	      2481	80001eb4	0124c663	blt	x9,x18,80001ec0	  x9:0x00000001 x18:0x8000a47c
       24835000	      2482	80001eb8	abfe4793	xori	x15,x28,-1345	 x28:0x00000000 x15=0xfffffabf
       24845000	      2483	80001ebc	01948db3	add	x27,x9,x25	  x9:0x00000001 x25:0x80001b54 x27=0x80001b55
       24855000	      2484	80001ec0	00de1213	slli	x4,x28,0xd	 x28:0x00000000  x4=0x00000000
       24865000	      2485	80001ec4	02818463	beq	x3,x8,80001eec	  x3:0xfb054000  x8:0x4f9969c4
       24875000	      2486	80001ec8	6acc8193	addi	x3,x25,1708	 x25:0x80001b54  x3=0x80002200
       24885000	      2487	80001ecc	0032c633	xor	x12,x5,x3	  x5:0x00000000  x3:0x80002200 x12=0x80002200
       24895000	      2488	80001ed0	00ea95b3	sll	x11,x21,x14	 x21:0xd2246e90 x14:0x80009fc4 x11=0x2246e900
       24905000	      2489	80001ed4	0036c433	xor	x8,x13,x3	 x13:0x00000000  x3:0x80002200  x8=0x80002200
       24915000	      2490	80001ed8	44eae913	ori	x18,x21,1102	 x21:0xd2246e90 x18=0xd2246ede
       24925000	      2491	80001edc	01696d33	or	x26,x18,x22	 x18:0xd2246ede x22:0x00000001 x26=0xd2246edf
       24935000	      2492	80001ee0	00ec5c13	srli	x24,x24,0xe	 x24:0x00000400 x24=0x00000000
       24945000	      2493	80001ee4	1becca13	xori	x20,x25,446	 x25:0x80001b54 x20=0x80001aea
       24955000	      2494	80001ee8	000b1233	sll	x4,x22,x0	 x22:0x00000001  x0:0x00000000  x4=0x00000001
       24965000	      2495	80001eec	006446b3	xor	x13,x8,x6	  x8:0x80002200  x6:0x80009f84 x13=0x0000bd84
       24975000	      2496	80001ef0	07d01663	bne	x0,x29,80001f5c	  x0:0x00000000 x29:0x00100000
       24985000	      2497	00000000	00000013	addi	x0,x0,0	  x0:0x00000000
       24995000	      2498	80001f58	00000013	addi	x0,x0,0	  x0:0x00000000
       25005000	      2499	80001f5c	dd89ef93	ori	x31,x19,-552	 x19:0x00000001 x31=0xfffffdd9
       25015000	      2500	80001f60	00000013	addi	x0,x0,0	  x0:0x00000000
       25025000	      2501	80001f64	cac737b7	lui	x15,0xcac73	 x15=0xcac73000
       25035000	      2502	80001f68	02ef8e63	beq	x31,x14,80001fa4	 x31:0xfffffdd9 x14:0x80009fc4
       25045000	      2503	80001f6c	fe138093	addi	x1,x7,-31	  x7:0x00000001  x1=0xffffffe2
       25055000	      2504	80001f70	02dbc663	blt	x23,x13,80001f9c	 x23:0x207a6fc0 x13:0x0000bd84
       25065000	      2505	80001f74	0192c663	blt	x5,x25,80001f80	  x5:0x00000000 x25:0x80001b54
       25075000	      2506	80001f78	41770eb3	sub	x29,x14,x23	 x14:0x80009fc4 x23:0x207a6fc0 x29=0x5f863004
       25085000	      2507	80001f7c	012f03b3	add	x7,x30,x18	 x30:0x40000db6 x18:0xd2246ede  x7=0x12247c94
       25095000	      2508	80001f80	017127b3	slt	x15,x2,x23	  x2:0x00000000 x23:0x207a6fc0 x15=0x00000001
       25105000	      2509	80001f84	02fbde63	bge	x23,x15,80001fc0	 x23:0x207a6fc0 x15:0x00000001
       25115000	      2510	00000000	00000013	addi	x0,x0,0	  x0:0x00000000
       25125000	      2511	80001fbc	00000013	addi	x0,x0,0	  x0:0x00000000
       25135000	      2512	80001fc0	03d09a63	bne	x1,x29,80001ff4	  x1:0xffffffe2 x29:0x5f863004
       25145000	      2513	00000000	00000013	addi	x0,x0,0	  x0:0x00000000
       25155000	      2514	80001ff0	00000013	addi	x0,x0,0	  x0:0x00000000
       25165000	      2515	80001ff4	0003a6b3	slt	x13,x7,x0	  x7:0x12247c94  x0:0x00000000 x13=0x00000000
       25175000	      2516	80001ff8	007c5433	srl	x8,x24,x7	 x24:0x00000000  x7:0x12247c94  x8=0x00000000
       25185000	      2517	80001ffc	01945ab3	srl	x21,x8,x25	  x8:0x00000000 x25:0x80001b54 x21=0x00000000
       25195000	      2518	80002000	416fd413	srai	x8,x31,0x16	 x31:0xfffffdd9  x8=0xffffffff
       25205000	      2519	80002004	c2b80993	addi	x19,x16,-981	 x16:0x00000001 x19=0xfffffc2c
       25215000	      2520	80002008	016872b3	and	x5,x16,x22	 x16:0x00000001 x22:0x00000001  x5=0x00000001
       25225000	      2521	8000200c	cfc40213	addi	x4,x8,-772	  x8:0xffffffff  x4=0xfffffcfb
       25235000	      2522	80002010	41310c33	sub	x24,x2,x19	  x2:0x00000000 x19:0xfffffc2c x24=0x000003d4
       25245000	      2523	80002014	00000013	addi	x0,x0,0	  x0:0x00000000
       25255000	      2524	80002018	1f0fe013	ori	x0,x31,496	 x31:0xfffffdd9
       25265000	      2525	8000201c	05a3f663	bgeu	x7,x26,80002068	  x7:0x12247c94 x26:0xd2246edf
       25275000	      2526	80002020	92a71217	auipc	x4,0x92a71	  x4=0x12a7301c
       25285000	      2527	80002024	01e843b3	xor	x7,x16,x30	 x16:0x00000001 x30:0x40000db6  x7=0x40000db7
       25295000	      2528	80002028	00233433	sltu	x8,x6,x2	  x6:0x80009f84  x2:0x00000000  x8=0x00000000
       25305000	      2529	8000202c	3a05f837	lui	x16,0x3a05f	 x16=0x3a05f000
       25315000	      2530	80002030	0195d433	srl	x8,x11,x25	 x11:0x2246e900 x25:0x80001b54  x8=0x00000224
       25325000	      2531	80002034	056c1663	bne	x24,x22,80002080	 x24:0x000003d4 x22:0x00000001
       25335000	      2532	00000000	00000013	addi	x0,x0,0	  x0:0x00000000
       25345000	      2533	8000207c	00000013	addi	x0,x0,0	  x0:0x00000000
       25355000	      2534	80002080	886e62b7	lui	x5,0x886e6	  x5=0x886e6000
       25365000	      2535	80002084	00000013	addi	x0,x0,0	  x0:0x00000000
       25375000	      2536	80002088	01799663	bne	x19,x23,80002094	 x19:0xfffffc2c x23:0x207a6fc0
       25385000	      2537	00000000	00000013	addi	x0,x0,0	  x0:0x00000000
       25395000	      2538	80002090	00000013	addi	x0,x0,0	  x0:0x00000000
       25405000	      2539	80002094	d2d50e13	addi	x28,x10,-723	 x10:0x80000000 x28=0x7ffffd2d
       25415000	      2540	80002098	0236f063	bgeu	x13,x3,800020b8	 x13:0x00000000  x3:0x80002200
       25425000	      2541	8000209c	cc8f3c13	sltiu	x24,x30,-824	 x30:0x40000db6 x24=0x00000001
       25435000	      2542	800020a0	41bddfb3	sra	x31,x27,x27	 x27:0x80001b55 x27:0x80001b55 x31=0xfffffc00
       25445000	      2543	800020a4	40fada93	srai	x21,x21,0xf	 x21:0x00000000 x21=0x00000000
       25455000	      2544	800020a8	0098d4b3	srl	x9,x17,x9	 x17:0x00000000  x9:0x00000001  x9=0x00000000
       25465000	      2545	800020ac	41a05f33	sra	x30,x0,x26	  x0:0x00000000 x26:0xd2246edf x30=0x00000000
       25475000	      2546	800020b0	414a84b3	sub	x9,x21,x20	 x21:0x00000000 x20:0x80001aea  x9=0x7fffe516
       25485000	      2547	800020b4	01286263	bltu	x16,x18,800020b8	 x16:0x3a05f000 x18:0xd2246ede
       25495000	      2548	00000000	00000013	addi	x0,x0,0	  x0:0x00000000
       25505000	      2549	800020b4	00000013	addi	x0,x0,0	  x0:0x00000000
       25515000	      2550	800020b8	007974b3	and	x9,x18,x7	 x18:0xd2246ede  x7:0x40000db7  x9=0x40000c96
       25525000	      2551	800020bc	00549eb3	sll	x29,x9,x5	  x9:0x40000c96  x5:0x886e6000 x29=0x40000c96
       25535000	      2552	800020c0	03147463	bgeu	x8,x17,800020e8	  x8:0x00000224 x17:0x00000000
       25545000	      2553	00000000	00000013	addi	x0,x0,0	  x0:0x00000000
       25555000	      2554	800020e4	00000013	addi	x0,x0,0	  x0:0x00000000
       25565000	      2555	800020e8	000532b3	sltu	x5,x10,x0	 x10:0x80000000  x0:0x00000000  x5=0x00000000
       25575000	      2556	800020ec	028008ef	jal	x17,800020ec	 x17=0x800020ec
       25585000	      2557	00000000	00000013	addi	x0,x0,0	  x0:0x00000000
       25595000	      2558	80002110	00000013	addi	x0,x0,0	  x0:0x00000000
       25605000	      2559	80002114	fe9ff0ef	jal	x1,80002114	  x1=0x80002114
       25615000	      2560	00000000	00000013	addi	x0,x0,0	  x0:0x00000000
       25625000	      2561	800020f8	00000013	addi	x0,x0,0	  x0:0x00000000
       25635000	      2562	800020fc	00c000ef	jal	x1,800020fc	  x1=0x800020fc
       25645000	      2563	00000000	00000013	addi	x0,x0,0	  x0:0x00000000
       25655000	      2564	80002104	00000013	addi	x0,x0,0	  x0:0x00000000
       25665000	      2565	80002108	fe9ff0ef	jal	x1,80002108	  x1=0x80002108
       25675000	      2566	00000000	00000013	addi	x0,x0,0	  x0:0x00000000
       25685000	      2567	800020ec	00000013	addi	x0,x0,0	  x0:0x00000000
       25695000	      2568	800020f0	008000ef	jal	x1,800020f0	  x1=0x800020f0
       25705000	      2569	00000000	00000013	addi	x0,x0,0	  x0:0x00000000
       25715000	      2570	800020f4	00000013	addi	x0,x0,0	  x0:0x00000000
       25725000	      2571	800020f8	008000ef	jal	x1,800020f8	  x1=0x800020f8
       25735000	      2572	00000000	00000013	addi	x0,x0,0	  x0:0x00000000
       25745000	      2573	800020fc	00000013	addi	x0,x0,0	  x0:0x00000000
       25755000	      2574	80002100	ff5ff0ef	jal	x1,80002100	  x1=0x80002100
       25765000	      2575	00000000	00000013	addi	x0,x0,0	  x0:0x00000000
       25775000	      2576	800020f0	00000013	addi	x0,x0,0	  x0:0x00000000
       25785000	      2577	800020f4	010000ef	jal	x1,800020f4	  x1=0x800020f4
       25795000	      2578	00000000	00000013	addi	x0,x0,0	  x0:0x00000000
       25805000	      2579	80002100	00000013	addi	x0,x0,0	  x0:0x00000000
       25815000	      2580	80002104	008000ef	jal	x1,80002104	  x1=0x80002104
       25825000	      2581	00000000	00000013	addi	x0,x0,0	  x0:0x00000000
       25835000	      2582	80002108	00000013	addi	x0,x0,0	  x0:0x00000000
       25845000	      2583	8000210c	004000ef	jal	x1,8000210c	  x1=0x8000210c
       25855000	      2584	00000000	00000013	addi	x0,x0,0	  x0:0x00000000
       25865000	      2585	8000210c	00000013	addi	x0,x0,0	  x0:0x00000000
       25875000	      2586	80002110	008000ef	jal	x1,80002110	  x1=0x80002110
       25885000	      2587	00000000	00000013	addi	x0,x0,0	  x0:0x00000000
       25895000	      2588	80002114	00000013	addi	x0,x0,0	  x0:0x00000000
       25905000	      2589	80002118	90acc913	xori	x18,x25,-1782	 x25:0x80001b54 x18=0x7fffe25e
       25915000	      2590	8000211c	d45c8793	addi	x15,x25,-699	 x25:0x80001b54 x15=0x80001899
       25925000	      2591	80002120	01d20db3	add	x27,x4,x29	  x4:0x12a7301c x29:0x40000c96 x27=0x52a73cb2
       25935000	      2592	80002124	01029413	slli	x8,x5,0x10	  x5:0x00000000  x8=0x00000000
       25945000	      2593	80002128	a6f6cdb7	lui	x27,0xa6f6c	 x27=0xa6f6c000
       25955000	      2594	8000212c	a0018613	addi	x12,x3,-1536	  x3:0x80002200 x12=0x80001c00
       25965000	      2595	80002130	00000013	addi	x0,x0,0	  x0:0x00000000
       25975000	      2596	80002134	4cde8113	addi	x2,x29,1229	 x29:0x40000c96  x2=0x40001163
       25985000	      2597	80002138	dc1d0913	addi	x18,x26,-575	 x26:0xd2246edf x18=0xd2246ca0
       25995000	      2598	8000213c	036de263	bltu	x27,x22,80002160	 x27:0xa6f6c000 x22:0x00000001
       26005000	      2599	80002140	40ffd913	srai	x18,x31,0xf	 x31:0xfffffc00 x18=0xffffffff
       26015000	      2600	80002144	01182e33	slt	x28,x16,x17	 x16:0x3a05f000 x17:0x800020ec x28=0x00000000
       26025000	      2601	80002148	00c7dc63	bge	x15,x12,80002160	 x15:0x80001899 x12:0x80001c00
       26035000	      2602	8000214c	00d1f233	and	x4,x3,x13	  x3:0x80002200 x13:0x00000000  x4=0x00000000
       26045000	      2603	80002150	440e0413	addi	x8,x28,1088	 x28:0x00000000  x8=0x00000440
       26055000	      2604	80002154	00000013	addi	x0,x0,0	  x0:0x00000000
       26065000	      2605	80002158	014e1db3	sll	x27,x28,x20	 x28:0x00000000 x20:0x80001aea x27=0x00000000
       26075000	      2606	8000215c	40925e93	srai	x29,x4,0x9	  x4:0x00000000 x29=0x00000000
       26085000	      2607	80002160	0177cfb3	xor	x31,x15,x23	 x15:0x80001899 x23:0x207a6fc0 x31=0xa07a7759
       26095000	      2608	80002164	00000517	auipc	x10,0x0	 x10=0x80002160
       26105000	      2609	80002168	00c50513	addi	x10,x10,12	 x10:0x80002160 x10=0x8000216c
       26115000	      2610	8000216c	00050067	jalr	x0,x10,0	 x10:0x8000216c
       26125000	      2611	00000000	00000013	addi	x0,x0,0	  x0:0x00000000
       26135000	      2612	8000216c	00000013	addi	x0,x0,0	  x0:0x00000000
       26145000	      2613	80002170	00100193	addi	x3,x0,1	  x0:0x00000000  x3=0x00000001
       26155000	      2614	80002174	00000073	ecall	
       26165000	      2615	80002178	ff430313	addi	x6,x6,-12	  x6:0x80009f84  x6=0x80009f78
