		Time			Cycle	PC		Insn	Decoded instruction	Register and memory contents
          65000	         5	80000004	00000293	addi	x5,x0,0	  x0:0x00000000  x5=0x00000000
          75000	         6	80000008	00000313	addi	x6,x0,0	  x0:0x00000000  x6=0x00000000
          85000	         7	8000000c	00628263	beq	x5,x6,80000010	  x5:0x00000000  x6:0x00000000
          95000	         8	00000000	00000013	addi	x0,x0,0	  x0:0x00000000
         105000	         9	8000000c	00000013	addi	x0,x0,0	  x0:0x00000000
         115000	        10	80000010	00000c17	auipc	x24,0x0	 x24=0x8000000c
         125000	        11	80000014	00cc0c13	addi	x24,x24,12	 x24:0x8000000c x24=0x80000018
         135000	        12	80000018	000c0067	jalr	x0,x24,0	 x24:0x80000018
         145000	        13	00000000	00000013	addi	x0,x0,0	  x0:0x00000000
         155000	        14	80000018	00000013	addi	x0,x0,0	  x0:0x00000000
         165000	        15	8000001c	40000837	lui	x16,0x40000	 x16=0x40000000
         175000	        16	80000020	10080813	addi	x16,x16,256	 x16:0x40000000 x16=0x40000100
         185000	        17	80000024	00000013	addi	x0,x0,0	  x0:0x00000000
         195000	        18	80000028	0000a617	auipc	x12,0xa	 x12=0x8000a024
         205000	        19	8000002c	fa060613	addi	x12,x12,-96	 x12:0x8000a024 x12=0x80009fc4
         215000	        20	80000030	00004817	auipc	x16,0x4	 x16=0x8000402c
         225000	        21	80000034	71080813	addi	x16,x16,1808	 x16:0x8000402c x16=0x8000473c
         235000	        22	80000038	00086813	ori	x16,x16,0	 x16:0x8000473c x16=0x8000473c
         245000	        23	8000003c	00000013	addi	x0,x0,0	  x0:0x00000000
         255000	        24	80000040	00000817	auipc	x16,0x0	 x16=0x8000003c
         265000	        25	80000044	02080813	addi	x16,x16,32	 x16:0x8000003c x16=0x8000005c
         275000	        26	80000048	00000013	addi	x0,x0,0	  x0:0x00000000
         285000	        27	8000004c	00000013	addi	x0,x0,0	  x0:0x00000000
         295000	        28	80000050	00002837	lui	x16,0x2	 x16=0x00002000
         305000	        29	80000054	80080813	addi	x16,x16,-2048	 x16:0x00002000 x16=0x00001800
         315000	        30	80000058	00000013	addi	x0,x0,0	  x0:0x00000000
         325000	        31	8000005c	00000013	addi	x0,x0,0	  x0:0x00000000
         335000	        32	80000060	9a1c8037	lui	x0,0x9a1c8	
         345000	        33	80000064	e9900013	addi	x0,x0,-359	  x0:0x00000000
         355000	        34	80000068	0c2a00b7	lui	x1,0xc2a0	  x1=0x0c2a0000
         365000	        35	8000006c	16608093	addi	x1,x1,358	  x1:0x0c2a0000  x1=0x0c2a0166
         375000	        36	80000070	fb7ce137	lui	x2,0xfb7ce	  x2=0xfb7ce000
         385000	        37	80000074	fac10113	addi	x2,x2,-84	  x2:0xfb7ce000  x2=0xfb7cdfac
         395000	        38	80000078	00f00193	addi	x3,x0,15	  x0:0x00000000  x3=0x0000000f
         405000	        39	8000007c	00000213	addi	x4,x0,0	  x0:0x00000000  x4=0x00000000
         415000	        40	80000080	f40be2b7	lui	x5,0xf40be	  x5=0xf40be000
         425000	        41	80000084	e0328293	addi	x5,x5,-509	  x5:0xf40be000  x5=0xf40bde03
         435000	        42	80000088	f5f71337	lui	x6,0xf5f71	  x6=0xf5f71000
         445000	        43	8000008c	96030313	addi	x6,x6,-1696	  x6:0xf5f71000  x6=0xf5f70960
         455000	        44	80000090	800003b7	lui	x7,0x80000	  x7=0x80000000
         465000	        45	80000094	24764437	lui	x8,0x24764	  x8=0x24764000
         475000	        46	80000098	05140413	addi	x8,x8,81	  x8:0x24764000  x8=0x24764051
         485000	        47	8000009c	84c574b7	lui	x9,0x84c57	  x9=0x84c57000
         495000	        48	800000a0	80b48493	addi	x9,x9,-2037	  x9:0x84c57000  x9=0x84c5680b
         505000	        49	800000a4	00000513	addi	x10,x0,0	  x0:0x00000000 x10=0x00000000
         515000	        50	800000a8	800005b7	lui	x11,0x80000	 x11=0x80000000
         525000	        51	800000ac	800006b7	lui	x13,0x80000	 x13=0x80000000
         535000	        52	800000b0	00d00713	addi	x14,x0,13	  x0:0x00000000 x14=0x0000000d
         545000	        53	800000b4	fa9707b7	lui	x15,0xfa970	 x15=0xfa970000
         555000	        54	800000b8	d4078793	addi	x15,x15,-704	 x15:0xfa970000 x15=0xfa96fd40
         565000	        55	800000bc	80000837	lui	x16,0x80000	 x16=0x80000000
         575000	        56	800000c0	800008b7	lui	x17,0x80000	 x17=0x80000000
         585000	        57	800000c4	567b5937	lui	x18,0x567b5	 x18=0x567b5000
         595000	        58	800000c8	32690913	addi	x18,x18,806	 x18:0x567b5000 x18=0x567b5326
         605000	        59	800000cc	f66479b7	lui	x19,0xf6647	 x19=0xf6647000
         615000	        60	800000d0	28398993	addi	x19,x19,643	 x19:0xf6647000 x19=0xf6647283
         625000	        61	800000d4	a9e3ca37	lui	x20,0xa9e3c	 x20=0xa9e3c000
         635000	        62	800000d8	9d7a0a13	addi	x20,x20,-1577	 x20:0xa9e3c000 x20=0xa9e3b9d7
         645000	        63	800000dc	80000ab7	lui	x21,0x80000	 x21=0x80000000
         655000	        64	800000e0	47d1eb37	lui	x22,0x47d1e	 x22=0x47d1e000
         665000	        65	800000e4	4b3b0b13	addi	x22,x22,1203	 x22:0x47d1e000 x22=0x47d1e4b3
         675000	        66	800000e8	00000c13	addi	x24,x0,0	  x0:0x00000000 x24=0x00000000
         685000	        67	800000ec	80000cb7	lui	x25,0x80000	 x25=0x80000000
         695000	        68	800000f0	00a00d13	addi	x26,x0,10	  x0:0x00000000 x26=0x0000000a
         705000	        69	800000f4	80b8ddb7	lui	x27,0x80b8d	 x27=0x80b8d000
         715000	        70	800000f8	209d8d93	addi	x27,x27,521	 x27:0x80b8d000 x27=0x80b8d209
         725000	        71	800000fc	00000e13	addi	x28,x0,0	  x0:0x00000000 x28=0x00000000
         735000	        72	80000100	fb616eb7	lui	x29,0xfb616	 x29=0xfb616000
         745000	        73	80000104	b52e8e93	addi	x29,x29,-1198	 x29:0xfb616000 x29=0xfb615b52
         755000	        74	80000108	f1223f37	lui	x30,0xf1223	 x30=0xf1223000
         765000	        75	8000010c	6ddf0f13	addi	x30,x30,1757	 x30:0xf1223000 x30=0xf12236dd
         775000	        76	80000110	fe407fb7	lui	x31,0xfe407	 x31=0xfe407000
         785000	        77	80000114	6d7f8f93	addi	x31,x31,1751	 x31:0xfe407000 x31=0xfe4076d7
         795000	        78	80000118	0000ab97	auipc	x23,0xa	 x23=0x8000a114
         805000	        79	8000011c	e70b8b93	addi	x23,x23,-400	 x23:0x8000a114 x23=0x80009f84
         815000	        80	80000120	00000597	auipc	x11,0x0	 x11=0x8000011c
         825000	        81	80000124	42858593	addi	x11,x11,1064	 x11:0x8000011c x11=0x80000544
         835000	        82	80000128	007ed1b3	srl	x3,x29,x7	 x29:0xfb615b52  x7:0x80000000  x3=0xfb615b52
         845000	        83	8000012c	7b79a313	slti	x6,x19,1975	 x19:0xf6647283  x6=0x00000001
         855000	        84	80000130	0069d993	srli	x19,x19,0x6	 x19:0xf6647283 x19=0x03d991ca
         865000	        85	80000134	019e9313	slli	x6,x29,0x19	 x29:0xfb615b52  x6=0xa4000000
         875000	        86	80000138	004d2233	slt	x4,x26,x4	 x26:0x0000000a  x4:0x00000000  x4=0x00000000
         885000	        87	8000013c	ef358593	addi	x11,x11,-269	 x11:0x80000544 x11=0x80000437
         895000	        88	80000140	63562d13	slti	x26,x12,1589	 x12:0x80009fc4 x26=0x00000001
         905000	        89	80000144	10e58367	jalr	x6,x11,270	 x11:0x80000437  x6=0x80000144
         915000	        90	00000000	00000013	addi	x0,x0,0	  x0:0x00000000
         925000	        91	80000544	00000013	addi	x0,x0,0	  x0:0x00000000
         935000	        92	80000548	aaeebb13	sltiu	x22,x29,-1362	 x29:0xfb615b52 x22=0x00000001
         945000	        93	8000054c	00790b33	add	x22,x18,x7	 x18:0x567b5326  x7:0x80000000 x22=0xd67b5326
         955000	        94	80000550	00f914b3	sll	x9,x18,x15	 x18:0x567b5326 x15:0xfa96fd40  x9=0x567b5326
         965000	        95	80000554	00000013	addi	x0,x0,0	  x0:0x00000000
         975000	        96	80000558	00c86463	bltu	x16,x12,80000560	 x16:0x80000000 x12:0x80009fc4
         985000	        97	00000000	00000013	addi	x0,x0,0	  x0:0x00000000
         995000	        98	8000055c	00000013	addi	x0,x0,0	  x0:0x00000000
        1005000	        99	80000560	fccb8b93	addi	x23,x23,-52	 x23:0x80009f84 x23=0x80009f50
        1015000	       100	80000564	00efd093	srli	x1,x31,0xe	 x31:0xfe4076d7  x1=0x0003f901
        1025000	       101	80000568	00000013	addi	x0,x0,0	  x0:0x00000000
        1035000	       102	8000056c	006ba223	sw	x6,4(x23)	 x23:0x80009f50  x6:0x80000144 PA:0x80009f54
        1045000	       103	80000570	b5c5cd93	xori	x27,x11,-1188	 x11:0x80000437 x27=0x7fffff6b
        1055000	       104	80000574	00cc82b3	add	x5,x25,x12	 x25:0x80000000 x12:0x80009fc4  x5=0x00009fc4
        1065000	       105	80000578	0180036f	jal	x6,80000578	  x6=0x80000578
        1075000	       106	00000000	00000013	addi	x0,x0,0	  x0:0x00000000
        1085000	       107	8000058c	00000013	addi	x0,x0,0	  x0:0x00000000
        1095000	       108	80000590	018000ef	jal	x1,80000590	  x1=0x80000590
        1105000	       109	00000000	00000013	addi	x0,x0,0	  x0:0x00000000
        1115000	       110	800005a4	00000013	addi	x0,x0,0	  x0:0x00000000
        1125000	       111	800005a8	ff5ff0ef	jal	x1,800005a8	  x1=0x800005a8
        1135000	       112	00000000	00000013	addi	x0,x0,0	  x0:0x00000000
        1145000	       113	80000598	00000013	addi	x0,x0,0	  x0:0x00000000
        1155000	       114	8000059c	008000ef	jal	x1,8000059c	  x1=0x8000059c
        1165000	       115	00000000	00000013	addi	x0,x0,0	  x0:0x00000000
        1175000	       116	800005a0	00000013	addi	x0,x0,0	  x0:0x00000000
        1185000	       117	800005a4	ff5ff0ef	jal	x1,800005a4	  x1=0x800005a4
        1195000	       118	00000000	00000013	addi	x0,x0,0	  x0:0x00000000
        1205000	       119	80000594	00000013	addi	x0,x0,0	  x0:0x00000000
        1215000	       120	80000598	ffdff0ef	jal	x1,80000598	  x1=0x80000598
        1225000	       121	00000000	00000013	addi	x0,x0,0	  x0:0x00000000
        1235000	       122	80000590	00000013	addi	x0,x0,0	  x0:0x00000000
        1245000	       123	80000594	0180036f	jal	x6,80000594	  x6=0x80000594
        1255000	       124	00000000	00000013	addi	x0,x0,0	  x0:0x00000000
        1265000	       125	800005a8	00000013	addi	x0,x0,0	  x0:0x00000000
        1275000	       126	800005ac	fd5ffaef	jal	x21,800005ac	 x21=0x800005ac
        1285000	       127	00000000	00000013	addi	x0,x0,0	  x0:0x00000000
        1295000	       128	8000057c	00000013	addi	x0,x0,0	  x0:0x00000000
        1305000	       129	80000580	004000ef	jal	x1,80000580	  x1=0x80000580
        1315000	       130	00000000	00000013	addi	x0,x0,0	  x0:0x00000000
        1325000	       131	80000580	00000013	addi	x0,x0,0	  x0:0x00000000
        1335000	       132	80000584	01c0036f	jal	x6,80000584	  x6=0x80000584
        1345000	       133	00000000	00000013	addi	x0,x0,0	  x0:0x00000000
        1355000	       134	8000059c	00000013	addi	x0,x0,0	  x0:0x00000000
        1365000	       135	800005a0	fddffe6f	jal	x28,800005a0	 x28=0x800005a0
        1375000	       136	00000000	00000013	addi	x0,x0,0	  x0:0x00000000
        1385000	       137	80000578	00000013	addi	x0,x0,0	  x0:0x00000000
        1395000	       138	8000057c	01000d6f	jal	x26,8000057c	 x26=0x8000057c
        1405000	       139	00000000	00000013	addi	x0,x0,0	  x0:0x00000000
        1415000	       140	80000588	00000013	addi	x0,x0,0	  x0:0x00000000
        1425000	       141	8000058c	ffdff36f	jal	x6,8000058c	  x6=0x8000058c
        1435000	       142	00000000	00000013	addi	x0,x0,0	  x0:0x00000000
        1445000	       143	80000584	00000013	addi	x0,x0,0	  x0:0x00000000
        1455000	       144	80000588	0280036f	jal	x6,80000588	  x6=0x80000588
        1465000	       145	00000000	00000013	addi	x0,x0,0	  x0:0x00000000
        1475000	       146	800005ac	00000013	addi	x0,x0,0	  x0:0x00000000
        1485000	       147	800005b0	004b05b3	add	x11,x22,x4	 x22:0xd67b5326  x4:0x00000000 x11=0xd67b5326
        1495000	       148	800005b4	0280036f	jal	x6,800005b4	  x6=0x800005b4
        1505000	       149	00000000	00000013	addi	x0,x0,0	  x0:0x00000000
        1515000	       150	800005d8	00000013	addi	x0,x0,0	  x0:0x00000000
        1525000	       151	800005dc	004000ef	jal	x1,800005dc	  x1=0x800005dc
        1535000	       152	00000000	00000013	addi	x0,x0,0	  x0:0x00000000
        1545000	       153	800005dc	00000013	addi	x0,x0,0	  x0:0x00000000
        1555000	       154	800005e0	fd9ff26f	jal	x4,800005e0	  x4=0x800005e0
        1565000	       155	00000000	00000013	addi	x0,x0,0	  x0:0x00000000
        1575000	       156	800005b4	00000013	addi	x0,x0,0	  x0:0x00000000
        1585000	       157	800005b8	01800def	jal	x27,800005b8	 x27=0x800005b8
        1595000	       158	00000000	00000013	addi	x0,x0,0	  x0:0x00000000
        1605000	       159	800005cc	00000013	addi	x0,x0,0	  x0:0x00000000
        1615000	       160	800005d0	ff1ff36f	jal	x6,800005d0	  x6=0x800005d0
        1625000	       161	00000000	00000013	addi	x0,x0,0	  x0:0x00000000
        1635000	       162	800005bc	00000013	addi	x0,x0,0	  x0:0x00000000
        1645000	       163	800005c0	0280096f	jal	x18,800005c0	 x18=0x800005c0
        1655000	       164	00000000	00000013	addi	x0,x0,0	  x0:0x00000000
        1665000	       165	800005e4	00000013	addi	x0,x0,0	  x0:0x00000000
        1675000	       166	800005e8	0180016f	jal	x2,800005e8	  x2=0x800005e8
        1685000	       167	00000000	00000013	addi	x0,x0,0	  x0:0x00000000
        1695000	       168	800005fc	00000013	addi	x0,x0,0	  x0:0x00000000
        1705000	       169	80000600	ff9ff9ef	jal	x19,80000600	 x19=0x80000600
        1715000	       170	00000000	00000013	addi	x0,x0,0	  x0:0x00000000
        1725000	       171	800005f4	00000013	addi	x0,x0,0	  x0:0x00000000
        1735000	       172	800005f8	fd1ff0ef	jal	x1,800005f8	  x1=0x800005f8
        1745000	       173	00000000	00000013	addi	x0,x0,0	  x0:0x00000000
        1755000	       174	800005c4	00000013	addi	x0,x0,0	  x0:0x00000000
        1765000	       175	800005c8	010000ef	jal	x1,800005c8	  x1=0x800005c8
        1775000	       176	00000000	00000013	addi	x0,x0,0	  x0:0x00000000
        1785000	       177	800005d4	00000013	addi	x0,x0,0	  x0:0x00000000
        1795000	       178	800005d8	0240036f	jal	x6,800005d8	  x6=0x800005d8
        1805000	       179	00000000	00000013	addi	x0,x0,0	  x0:0x00000000
        1815000	       180	800005f8	00000013	addi	x0,x0,0	  x0:0x00000000
        1825000	       181	800005fc	ff9ff56f	jal	x10,800005fc	 x10=0x800005fc
        1835000	       182	00000000	00000013	addi	x0,x0,0	  x0:0x00000000
        1845000	       183	800005f0	00000013	addi	x0,x0,0	  x0:0x00000000
        1855000	       184	800005f4	fd1ff26f	jal	x4,800005f4	  x4=0x800005f4
        1865000	       185	00000000	00000013	addi	x0,x0,0	  x0:0x00000000
        1875000	       186	800005c0	00000013	addi	x0,x0,0	  x0:0x00000000
        1885000	       187	800005c4	040000ef	jal	x1,800005c4	  x1=0x800005c4
        1895000	       188	00000000	00000013	addi	x0,x0,0	  x0:0x00000000
        1905000	       189	80000600	00000013	addi	x0,x0,0	  x0:0x00000000
        1915000	       190	80000604	004000ef	jal	x1,80000604	  x1=0x80000604
        1925000	       191	00000000	00000013	addi	x0,x0,0	  x0:0x00000000
        1935000	       192	80000604	00000013	addi	x0,x0,0	  x0:0x00000000
        1945000	       193	80000608	fe5ff0ef	jal	x1,80000608	  x1=0x80000608
        1955000	       194	00000000	00000013	addi	x0,x0,0	  x0:0x00000000
        1965000	       195	800005e8	00000013	addi	x0,x0,0	  x0:0x00000000
        1975000	       196	800005ec	ff9ff0ef	jal	x1,800005ec	  x1=0x800005ec
        1985000	       197	00000000	00000013	addi	x0,x0,0	  x0:0x00000000
        1995000	       198	800005e0	00000013	addi	x0,x0,0	  x0:0x00000000
        2005000	       199	800005e4	00c000ef	jal	x1,800005e4	  x1=0x800005e4
        2015000	       200	00000000	00000013	addi	x0,x0,0	  x0:0x00000000
        2025000	       201	800005ec	00000013	addi	x0,x0,0	  x0:0x00000000
        2035000	       202	800005f0	fe5ff36f	jal	x6,800005f0	  x6=0x800005f0
        2045000	       203	00000000	00000013	addi	x0,x0,0	  x0:0x00000000
        2055000	       204	800005d0	00000013	addi	x0,x0,0	  x0:0x00000000
        2065000	       205	800005d4	fe9ff36f	jal	x6,800005d4	  x6=0x800005d4
        2075000	       206	00000000	00000013	addi	x0,x0,0	  x0:0x00000000
        2085000	       207	800005b8	00000013	addi	x0,x0,0	  x0:0x00000000
        2095000	       208	800005bc	010004ef	jal	x9,800005bc	  x9=0x800005bc
        2105000	       209	00000000	00000013	addi	x0,x0,0	  x0:0x00000000
        2115000	       210	800005c8	00000013	addi	x0,x0,0	  x0:0x00000000
        2125000	       211	800005cc	040000ef	jal	x1,800005cc	  x1=0x800005cc
        2135000	       212	00000000	00000013	addi	x0,x0,0	  x0:0x00000000
        2145000	       213	80000608	00000013	addi	x0,x0,0	  x0:0x00000000
        2155000	       214	8000060c	411a7c93	andi	x25,x20,1041	 x20:0xa9e3b9d7 x25=0x00000011
        2165000	       215	80000610	0240036f	jal	x6,80000610	  x6=0x80000610
        2175000	       216	00000000	00000013	addi	x0,x0,0	  x0:0x00000000
        2185000	       217	80000630	00000013	addi	x0,x0,0	  x0:0x00000000
        2195000	       218	80000634	0340076f	jal	x14,80000634	 x14=0x80000634
        2205000	       219	00000000	00000013	addi	x0,x0,0	  x0:0x00000000
        2215000	       220	80000664	00000013	addi	x0,x0,0	  x0:0x00000000
        2225000	       221	80000668	fd5ff0ef	jal	x1,80000668	  x1=0x80000668
        2235000	       222	00000000	00000013	addi	x0,x0,0	  x0:0x00000000
        2245000	       223	80000638	00000013	addi	x0,x0,0	  x0:0x00000000
        2255000	       224	8000063c	04c000ef	jal	x1,8000063c	  x1=0x8000063c
        2265000	       225	00000000	00000013	addi	x0,x0,0	  x0:0x00000000
        2275000	       226	80000684	00000013	addi	x0,x0,0	  x0:0x00000000
        2285000	       227	80000688	fedff0ef	jal	x1,80000688	  x1=0x80000688
        2295000	       228	00000000	00000013	addi	x0,x0,0	  x0:0x00000000
        2305000	       229	80000670	00000013	addi	x0,x0,0	  x0:0x00000000
        2315000	       230	80000674	fa9ff36f	jal	x6,80000674	  x6=0x80000674
        2325000	       231	00000000	00000013	addi	x0,x0,0	  x0:0x00000000
        2335000	       232	80000618	00000013	addi	x0,x0,0	  x0:0x00000000
        2345000	       233	8000061c	0240036f	jal	x6,8000061c	  x6=0x8000061c
        2355000	       234	00000000	00000013	addi	x0,x0,0	  x0:0x00000000
        2365000	       235	8000063c	00000013	addi	x0,x0,0	  x0:0x00000000
        2375000	       236	80000640	04000b6f	jal	x22,80000640	 x22=0x80000640
        2385000	       237	00000000	00000013	addi	x0,x0,0	  x0:0x00000000
        2395000	       238	8000067c	00000013	addi	x0,x0,0	  x0:0x00000000
        2405000	       239	80000680	ffdff36f	jal	x6,80000680	  x6=0x80000680
        2415000	       240	00000000	00000013	addi	x0,x0,0	  x0:0x00000000
        2425000	       241	80000678	00000013	addi	x0,x0,0	  x0:0x00000000
        2435000	       242	8000067c	fa5ff9ef	jal	x19,8000067c	 x19=0x8000067c
        2445000	       243	00000000	00000013	addi	x0,x0,0	  x0:0x00000000
        2455000	       244	8000061c	00000013	addi	x0,x0,0	  x0:0x00000000
        2465000	       245	80000620	ff5ff3ef	jal	x7,80000620	  x7=0x80000620
        2475000	       246	00000000	00000013	addi	x0,x0,0	  x0:0x00000000
        2485000	       247	80000610	00000013	addi	x0,x0,0	  x0:0x00000000
        2495000	       248	80000614	024000ef	jal	x1,80000614	  x1=0x80000614
        2505000	       249	00000000	00000013	addi	x0,x0,0	  x0:0x00000000
        2515000	       250	80000634	00000013	addi	x0,x0,0	  x0:0x00000000
        2525000	       251	80000638	fedff16f	jal	x2,80000638	  x2=0x80000638
        2535000	       252	00000000	00000013	addi	x0,x0,0	  x0:0x00000000
        2545000	       253	80000620	00000013	addi	x0,x0,0	  x0:0x00000000
        2555000	       254	80000624	054000ef	jal	x1,80000624	  x1=0x80000624
        2565000	       255	00000000	00000013	addi	x0,x0,0	  x0:0x00000000
        2575000	       256	80000674	00000013	addi	x0,x0,0	  x0:0x00000000
        2585000	       257	80000678	fedff0ef	jal	x1,80000678	  x1=0x80000678
        2595000	       258	00000000	00000013	addi	x0,x0,0	  x0:0x00000000
        2605000	       259	80000660	00000013	addi	x0,x0,0	  x0:0x00000000
        2615000	       260	80000664	fe1ff0ef	jal	x1,80000664	  x1=0x80000664
        2625000	       261	00000000	00000013	addi	x0,x0,0	  x0:0x00000000
        2635000	       262	80000640	00000013	addi	x0,x0,0	  x0:0x00000000
        2645000	       263	80000644	fe9ff0ef	jal	x1,80000644	  x1=0x80000644
        2655000	       264	00000000	00000013	addi	x0,x0,0	  x0:0x00000000
        2665000	       265	80000628	00000013	addi	x0,x0,0	  x0:0x00000000
        2675000	       266	8000062c	fedff0ef	jal	x1,8000062c	  x1=0x8000062c
        2685000	       267	00000000	00000013	addi	x0,x0,0	  x0:0x00000000
        2695000	       268	80000614	00000013	addi	x0,x0,0	  x0:0x00000000
        2705000	       269	80000618	0180036f	jal	x6,80000618	  x6=0x80000618
        2715000	       270	00000000	00000013	addi	x0,x0,0	  x0:0x00000000
        2725000	       271	8000062c	00000013	addi	x0,x0,0	  x0:0x00000000
        2735000	       272	80000630	028006ef	jal	x13,80000630	 x13=0x80000630
        2745000	       273	00000000	00000013	addi	x0,x0,0	  x0:0x00000000
        2755000	       274	80000654	00000013	addi	x0,x0,0	  x0:0x00000000
        2765000	       275	80000658	008004ef	jal	x9,80000658	  x9=0x80000658
        2775000	       276	00000000	00000013	addi	x0,x0,0	  x0:0x00000000
        2785000	       277	8000065c	00000013	addi	x0,x0,0	  x0:0x00000000
        2795000	       278	80000660	fc9ff0ef	jal	x1,80000660	  x1=0x80000660
        2805000	       279	00000000	00000013	addi	x0,x0,0	  x0:0x00000000
        2815000	       280	80000624	00000013	addi	x0,x0,0	  x0:0x00000000
        2825000	       281	80000628	028002ef	jal	x5,80000628	  x5=0x80000628
        2835000	       282	00000000	00000013	addi	x0,x0,0	  x0:0x00000000
        2845000	       283	8000064c	00000013	addi	x0,x0,0	  x0:0x00000000
        2855000	       284	80000650	004000ef	jal	x1,80000650	  x1=0x80000650
        2865000	       285	00000000	00000013	addi	x0,x0,0	  x0:0x00000000
        2875000	       286	80000650	00000013	addi	x0,x0,0	  x0:0x00000000
        2885000	       287	80000654	ff9ff0ef	jal	x1,80000654	  x1=0x80000654
        2895000	       288	00000000	00000013	addi	x0,x0,0	  x0:0x00000000
        2905000	       289	80000648	00000013	addi	x0,x0,0	  x0:0x00000000
        2915000	       290	8000064c	01000def	jal	x27,8000064c	 x27=0x8000064c
        2925000	       291	00000000	00000013	addi	x0,x0,0	  x0:0x00000000
        2935000	       292	80000658	00000013	addi	x0,x0,0	  x0:0x00000000
        2945000	       293	8000065c	010000ef	jal	x1,8000065c	  x1=0x8000065c
        2955000	       294	00000000	00000013	addi	x0,x0,0	  x0:0x00000000
        2965000	       295	80000668	00000013	addi	x0,x0,0	  x0:0x00000000
        2975000	       296	8000066c	004000ef	jal	x1,8000066c	  x1=0x8000066c
        2985000	       297	00000000	00000013	addi	x0,x0,0	  x0:0x00000000
        2995000	       298	8000066c	00000013	addi	x0,x0,0	  x0:0x00000000
        3005000	       299	80000670	014001ef	jal	x3,80000670	  x3=0x80000670
        3015000	       300	00000000	00000013	addi	x0,x0,0	  x0:0x00000000
        3025000	       301	80000680	00000013	addi	x0,x0,0	  x0:0x00000000
        3035000	       302	80000684	fc5ff2ef	jal	x5,80000684	  x5=0x80000684
        3045000	       303	00000000	00000013	addi	x0,x0,0	  x0:0x00000000
        3055000	       304	80000644	00000013	addi	x0,x0,0	  x0:0x00000000
        3065000	       305	80000648	044000ef	jal	x1,80000648	  x1=0x80000648
        3075000	       306	00000000	00000013	addi	x0,x0,0	  x0:0x00000000
        3085000	       307	80000688	00000013	addi	x0,x0,0	  x0:0x00000000
        3095000	       308	8000068c	004f9a13	slli	x20,x31,0x4	 x31:0xfe4076d7 x20=0xe4076d70
        3105000	       309	80000690	0500036f	jal	x6,80000690	  x6=0x80000690
        3115000	       310	00000000	00000013	addi	x0,x0,0	  x0:0x00000000
        3125000	       311	800006dc	00000013	addi	x0,x0,0	  x0:0x00000000
        3135000	       312	800006e0	fe1ff0ef	jal	x1,800006e0	  x1=0x800006e0
        3145000	       313	00000000	00000013	addi	x0,x0,0	  x0:0x00000000
        3155000	       314	800006bc	00000013	addi	x0,x0,0	  x0:0x00000000
        3165000	       315	800006c0	fd9ff36f	jal	x6,800006c0	  x6=0x800006c0
        3175000	       316	00000000	00000013	addi	x0,x0,0	  x0:0x00000000
        3185000	       317	80000694	00000013	addi	x0,x0,0	  x0:0x00000000
        3195000	       318	80000698	04c000ef	jal	x1,80000698	  x1=0x80000698
        3205000	       319	00000000	00000013	addi	x0,x0,0	  x0:0x00000000
        3215000	       320	800006e0	00000013	addi	x0,x0,0	  x0:0x00000000
        3225000	       321	800006e4	ff9ff0ef	jal	x1,800006e4	  x1=0x800006e4
        3235000	       322	00000000	00000013	addi	x0,x0,0	  x0:0x00000000
        3245000	       323	800006d8	00000013	addi	x0,x0,0	  x0:0x00000000
        3255000	       324	800006dc	fd9ff86f	jal	x16,800006dc	 x16=0x800006dc
        3265000	       325	00000000	00000013	addi	x0,x0,0	  x0:0x00000000
        3275000	       326	800006b0	00000013	addi	x0,x0,0	  x0:0x00000000
        3285000	       327	800006b4	004000ef	jal	x1,800006b4	  x1=0x800006b4
        3295000	       328	00000000	00000013	addi	x0,x0,0	  x0:0x00000000
        3305000	       329	800006b4	00000013	addi	x0,x0,0	  x0:0x00000000
        3315000	       330	800006b8	fe5ff36f	jal	x6,800006b8	  x6=0x800006b8
        3325000	       331	00000000	00000013	addi	x0,x0,0	  x0:0x00000000
        3335000	       332	80000698	00000013	addi	x0,x0,0	  x0:0x00000000
        3345000	       333	8000069c	0300046f	jal	x8,8000069c	  x8=0x8000069c
        3355000	       334	00000000	00000013	addi	x0,x0,0	  x0:0x00000000
        3365000	       335	800006c8	00000013	addi	x0,x0,0	  x0:0x00000000
        3375000	       336	800006cc	ff9ff36f	jal	x6,800006cc	  x6=0x800006cc
        3385000	       337	00000000	00000013	addi	x0,x0,0	  x0:0x00000000
        3395000	       338	800006c0	00000013	addi	x0,x0,0	  x0:0x00000000
        3405000	       339	800006c4	014000ef	jal	x1,800006c4	  x1=0x800006c4
        3415000	       340	00000000	00000013	addi	x0,x0,0	  x0:0x00000000
        3425000	       341	800006d4	00000013	addi	x0,x0,0	  x0:0x00000000
        3435000	       342	800006d8	fd1ff36f	jal	x6,800006d8	  x6=0x800006d8
        3445000	       343	00000000	00000013	addi	x0,x0,0	  x0:0x00000000
        3455000	       344	800006a4	00000013	addi	x0,x0,0	  x0:0x00000000
        3465000	       345	800006a8	028001ef	jal	x3,800006a8	  x3=0x800006a8
        3475000	       346	00000000	00000013	addi	x0,x0,0	  x0:0x00000000
        3485000	       347	800006cc	00000013	addi	x0,x0,0	  x0:0x00000000
        3495000	       348	800006d0	004000ef	jal	x1,800006d0	  x1=0x800006d0
        3505000	       349	00000000	00000013	addi	x0,x0,0	  x0:0x00000000
        3515000	       350	800006d0	00000013	addi	x0,x0,0	  x0:0x00000000
        3525000	       351	800006d4	fd9ff0ef	jal	x1,800006d4	  x1=0x800006d4
        3535000	       352	00000000	00000013	addi	x0,x0,0	  x0:0x00000000
        3545000	       353	800006a8	00000013	addi	x0,x0,0	  x0:0x00000000
        3555000	       354	800006ac	004002ef	jal	x5,800006ac	  x5=0x800006ac
        3565000	       355	00000000	00000013	addi	x0,x0,0	  x0:0x00000000
        3575000	       356	800006ac	00000013	addi	x0,x0,0	  x0:0x00000000
        3585000	       357	800006b0	018000ef	jal	x1,800006b0	  x1=0x800006b0
        3595000	       358	00000000	00000013	addi	x0,x0,0	  x0:0x00000000
        3605000	       359	800006c4	00000013	addi	x0,x0,0	  x0:0x00000000
        3615000	       360	800006c8	fcdff0ef	jal	x1,800006c8	  x1=0x800006c8
        3625000	       361	00000000	00000013	addi	x0,x0,0	  x0:0x00000000
        3635000	       362	80000690	00000013	addi	x0,x0,0	  x0:0x00000000
        3645000	       363	80000694	010000ef	jal	x1,80000694	  x1=0x80000694
        3655000	       364	00000000	00000013	addi	x0,x0,0	  x0:0x00000000
        3665000	       365	800006a0	00000013	addi	x0,x0,0	  x0:0x00000000
        3675000	       366	800006a4	0440056f	jal	x10,800006a4	 x10=0x800006a4
        3685000	       367	00000000	00000013	addi	x0,x0,0	  x0:0x00000000
        3695000	       368	800006e4	00000013	addi	x0,x0,0	  x0:0x00000000
        3705000	       369	800006e8	fb9ff0ef	jal	x1,800006e8	  x1=0x800006e8
        3715000	       370	00000000	00000013	addi	x0,x0,0	  x0:0x00000000
        3725000	       371	8000069c	00000013	addi	x0,x0,0	  x0:0x00000000
        3735000	       372	800006a0	01c0026f	jal	x4,800006a0	  x4=0x800006a0
        3745000	       373	00000000	00000013	addi	x0,x0,0	  x0:0x00000000
        3755000	       374	800006b8	00000013	addi	x0,x0,0	  x0:0x00000000
        3765000	       375	800006bc	030000ef	jal	x1,800006bc	  x1=0x800006bc
        3775000	       376	00000000	00000013	addi	x0,x0,0	  x0:0x00000000
        3785000	       377	800006e8	00000013	addi	x0,x0,0	  x0:0x00000000
        3795000	       378	800006ec	00000013	addi	x0,x0,0	  x0:0x00000000
        3805000	       379	800006f0	0200036f	jal	x6,800006f0	  x6=0x800006f0
        3815000	       380	00000000	00000013	addi	x0,x0,0	  x0:0x00000000
        3825000	       381	8000070c	00000013	addi	x0,x0,0	  x0:0x00000000
        3835000	       382	80000710	ff9ff36f	jal	x6,80000710	  x6=0x80000710
        3845000	       383	00000000	00000013	addi	x0,x0,0	  x0:0x00000000
        3855000	       384	80000704	00000013	addi	x0,x0,0	  x0:0x00000000
        3865000	       385	80000708	01c00def	jal	x27,80000708	 x27=0x80000708
        3875000	       386	00000000	00000013	addi	x0,x0,0	  x0:0x00000000
        3885000	       387	80000720	00000013	addi	x0,x0,0	  x0:0x00000000
        3895000	       388	80000724	004000ef	jal	x1,80000724	  x1=0x80000724
        3905000	       389	00000000	00000013	addi	x0,x0,0	  x0:0x00000000
        3915000	       390	80000724	00000013	addi	x0,x0,0	  x0:0x00000000
        3925000	       391	80000728	ff9ff0ef	jal	x1,80000728	  x1=0x80000728
        3935000	       392	00000000	00000013	addi	x0,x0,0	  x0:0x00000000
        3945000	       393	8000071c	00000013	addi	x0,x0,0	  x0:0x00000000
        3955000	       394	80000720	0140016f	jal	x2,80000720	  x2=0x80000720
        3965000	       395	00000000	00000013	addi	x0,x0,0	  x0:0x00000000
        3975000	       396	80000730	00000013	addi	x0,x0,0	  x0:0x00000000
        3985000	       397	80000734	010000ef	jal	x1,80000734	  x1=0x80000734
        3995000	       398	00000000	00000013	addi	x0,x0,0	  x0:0x00000000
        4005000	       399	80000740	00000013	addi	x0,x0,0	  x0:0x00000000
        4015000	       400	80000744	fc1ffdef	jal	x27,80000744	 x27=0x80000744
        4025000	       401	00000000	00000013	addi	x0,x0,0	  x0:0x00000000
        4035000	       402	80000700	00000013	addi	x0,x0,0	  x0:0x00000000
        4045000	       403	80000704	028000ef	jal	x1,80000704	  x1=0x80000704
        4055000	       404	00000000	00000013	addi	x0,x0,0	  x0:0x00000000
        4065000	       405	80000728	00000013	addi	x0,x0,0	  x0:0x00000000
        4075000	       406	8000072c	fc9ff26f	jal	x4,8000072c	  x4=0x8000072c
        4085000	       407	00000000	00000013	addi	x0,x0,0	  x0:0x00000000
        4095000	       408	800006f0	00000013	addi	x0,x0,0	  x0:0x00000000
        4105000	       409	800006f4	03c000ef	jal	x1,800006f4	  x1=0x800006f4
        4115000	       410	00000000	00000013	addi	x0,x0,0	  x0:0x00000000
        4125000	       411	8000072c	00000013	addi	x0,x0,0	  x0:0x00000000
        4135000	       412	80000730	0200036f	jal	x6,80000730	  x6=0x80000730
        4145000	       413	00000000	00000013	addi	x0,x0,0	  x0:0x00000000
        4155000	       414	8000074c	00000013	addi	x0,x0,0	  x0:0x00000000
        4165000	       415	80000750	fc9ff36f	jal	x6,80000750	  x6=0x80000750
        4175000	       416	00000000	00000013	addi	x0,x0,0	  x0:0x00000000
        4185000	       417	80000714	00000013	addi	x0,x0,0	  x0:0x00000000
        4195000	       418	80000718	ff5ffcef	jal	x25,80000718	 x25=0x80000718
        4205000	       419	00000000	00000013	addi	x0,x0,0	  x0:0x00000000
        4215000	       420	80000708	00000013	addi	x0,x0,0	  x0:0x00000000
        4225000	       421	8000070c	00800b6f	jal	x22,8000070c	 x22=0x8000070c
        4235000	       422	00000000	00000013	addi	x0,x0,0	  x0:0x00000000
        4245000	       423	80000710	00000013	addi	x0,x0,0	  x0:0x00000000
        4255000	       424	80000714	038000ef	jal	x1,80000714	  x1=0x80000714
        4265000	       425	00000000	00000013	addi	x0,x0,0	  x0:0x00000000
        4275000	       426	80000748	00000013	addi	x0,x0,0	  x0:0x00000000
        4285000	       427	8000074c	fadff0ef	jal	x1,8000074c	  x1=0x8000074c
        4295000	       428	00000000	00000013	addi	x0,x0,0	  x0:0x00000000
        4305000	       429	800006f4	00000013	addi	x0,x0,0	  x0:0x00000000
        4315000	       430	800006f8	00800a6f	jal	x20,800006f8	 x20=0x800006f8
        4325000	       431	00000000	00000013	addi	x0,x0,0	  x0:0x00000000
        4335000	       432	800006fc	00000013	addi	x0,x0,0	  x0:0x00000000
        4345000	       433	80000700	03c00f6f	jal	x30,80000700	 x30=0x80000700
        4355000	       434	00000000	00000013	addi	x0,x0,0	  x0:0x00000000
        4365000	       435	80000738	00000013	addi	x0,x0,0	  x0:0x00000000
        4375000	       436	8000073c	004002ef	jal	x5,8000073c	  x5=0x8000073c
        4385000	       437	00000000	00000013	addi	x0,x0,0	  x0:0x00000000
        4395000	       438	8000073c	00000013	addi	x0,x0,0	  x0:0x00000000
        4405000	       439	80000740	ff9fffef	jal	x31,80000740	 x31=0x80000740
        4415000	       440	00000000	00000013	addi	x0,x0,0	  x0:0x00000000
        4425000	       441	80000734	00000013	addi	x0,x0,0	  x0:0x00000000
        4435000	       442	80000738	01c0036f	jal	x6,80000738	  x6=0x80000738
        4445000	       443	00000000	00000013	addi	x0,x0,0	  x0:0x00000000
        4455000	       444	80000750	00000013	addi	x0,x0,0	  x0:0x00000000
        4465000	       445	80000754	fa9ff0ef	jal	x1,80000754	  x1=0x80000754
        4475000	       446	00000000	00000013	addi	x0,x0,0	  x0:0x00000000
        4485000	       447	800006f8	00000013	addi	x0,x0,0	  x0:0x00000000
        4495000	       448	800006fc	020000ef	jal	x1,800006fc	  x1=0x800006fc
        4505000	       449	00000000	00000013	addi	x0,x0,0	  x0:0x00000000
        4515000	       450	80000718	00000013	addi	x0,x0,0	  x0:0x00000000
        4525000	       451	8000071c	02c0036f	jal	x6,8000071c	  x6=0x8000071c
        4535000	       452	00000000	00000013	addi	x0,x0,0	  x0:0x00000000
        4545000	       453	80000744	00000013	addi	x0,x0,0	  x0:0x00000000
        4555000	       454	80000748	010000ef	jal	x1,80000748	  x1=0x80000748
        4565000	       455	00000000	00000013	addi	x0,x0,0	  x0:0x00000000
        4575000	       456	80000754	00000013	addi	x0,x0,0	  x0:0x00000000
        4585000	       457	80000758	008c9a33	sll	x20,x25,x8	 x25:0x80000718  x8:0x8000069c x20=0x80000000
        4595000	       458	8000075c	0380036f	jal	x6,8000075c	  x6=0x8000075c
        4605000	       459	00000000	00000013	addi	x0,x0,0	  x0:0x00000000
        4615000	       460	80000790	00000013	addi	x0,x0,0	  x0:0x00000000
        4625000	       461	80000794	01c000ef	jal	x1,80000794	  x1=0x80000794
        4635000	       462	00000000	00000013	addi	x0,x0,0	  x0:0x00000000
        4645000	       463	800007ac	00000013	addi	x0,x0,0	  x0:0x00000000
        4655000	       464	800007b0	fbdff86f	jal	x16,800007b0	 x16=0x800007b0
        4665000	       465	00000000	00000013	addi	x0,x0,0	  x0:0x00000000
        4675000	       466	80000768	00000013	addi	x0,x0,0	  x0:0x00000000
        4685000	       467	8000076c	008000ef	jal	x1,8000076c	  x1=0x8000076c
        4695000	       468	00000000	00000013	addi	x0,x0,0	  x0:0x00000000
        4705000	       469	80000770	00000013	addi	x0,x0,0	  x0:0x00000000
        4715000	       470	80000774	040000ef	jal	x1,80000774	  x1=0x80000774
        4725000	       471	00000000	00000013	addi	x0,x0,0	  x0:0x00000000
        4735000	       472	800007b0	00000013	addi	x0,x0,0	  x0:0x00000000
        4745000	       473	800007b4	fb1ff0ef	jal	x1,800007b4	  x1=0x800007b4
        4755000	       474	00000000	00000013	addi	x0,x0,0	  x0:0x00000000
        4765000	       475	80000760	00000013	addi	x0,x0,0	  x0:0x00000000
        4775000	       476	80000764	00c000ef	jal	x1,80000764	  x1=0x80000764
        4785000	       477	00000000	00000013	addi	x0,x0,0	  x0:0x00000000
        4795000	       478	8000076c	00000013	addi	x0,x0,0	  x0:0x00000000
        4805000	       479	80000770	03c0036f	jal	x6,80000770	  x6=0x80000770
        4815000	       480	00000000	00000013	addi	x0,x0,0	  x0:0x00000000
        4825000	       481	800007a8	00000013	addi	x0,x0,0	  x0:0x00000000
        4835000	       482	800007ac	fcdff0ef	jal	x1,800007ac	  x1=0x800007ac
        4845000	       483	00000000	00000013	addi	x0,x0,0	  x0:0x00000000
        4855000	       484	80000774	00000013	addi	x0,x0,0	  x0:0x00000000
        4865000	       485	80000778	0580036f	jal	x6,80000778	  x6=0x80000778
        4875000	       486	00000000	00000013	addi	x0,x0,0	  x0:0x00000000
        4885000	       487	800007cc	00000013	addi	x0,x0,0	  x0:0x00000000
        4895000	       488	800007d0	ff5ff0ef	jal	x1,800007d0	  x1=0x800007d0
        4905000	       489	00000000	00000013	addi	x0,x0,0	  x0:0x00000000
        4915000	       490	800007c0	00000013	addi	x0,x0,0	  x0:0x00000000
        4925000	       491	800007c4	f9dff0ef	jal	x1,800007c4	  x1=0x800007c4
        4935000	       492	00000000	00000013	addi	x0,x0,0	  x0:0x00000000
        4945000	       493	8000075c	00000013	addi	x0,x0,0	  x0:0x00000000
        4955000	       494	80000760	0240036f	jal	x6,80000760	  x6=0x80000760
        4965000	       495	00000000	00000013	addi	x0,x0,0	  x0:0x00000000
        4975000	       496	80000780	00000013	addi	x0,x0,0	  x0:0x00000000
        4985000	       497	80000784	00c000ef	jal	x1,80000784	  x1=0x80000784
        4995000	       498	00000000	00000013	addi	x0,x0,0	  x0:0x00000000
        5005000	       499	8000078c	00000013	addi	x0,x0,0	  x0:0x00000000
        5015000	       500	80000790	ff9ff0ef	jal	x1,80000790	  x1=0x80000790
        5025000	       501	00000000	00000013	addi	x0,x0,0	  x0:0x00000000
        5035000	       502	80000784	00000013	addi	x0,x0,0	  x0:0x00000000
        5045000	       503	80000788	0340036f	jal	x6,80000788	  x6=0x80000788
        5055000	       504	00000000	00000013	addi	x0,x0,0	  x0:0x00000000
        5065000	       505	800007b8	00000013	addi	x0,x0,0	  x0:0x00000000
        5075000	       506	800007bc	fddff86f	jal	x16,800007bc	 x16=0x800007bc
        5085000	       507	00000000	00000013	addi	x0,x0,0	  x0:0x00000000
        5095000	       508	80000794	00000013	addi	x0,x0,0	  x0:0x00000000
        5105000	       509	80000798	fe5ff0ef	jal	x1,80000798	  x1=0x80000798
        5115000	       510	00000000	00000013	addi	x0,x0,0	  x0:0x00000000
        5125000	       511	80000778	00000013	addi	x0,x0,0	  x0:0x00000000
        5135000	       512	8000077c	02400d6f	jal	x26,8000077c	 x26=0x8000077c
        5145000	       513	00000000	00000013	addi	x0,x0,0	  x0:0x00000000
        5155000	       514	8000079c	00000013	addi	x0,x0,0	  x0:0x00000000
        5165000	       515	800007a0	0280046f	jal	x8,800007a0	  x8=0x800007a0
        5175000	       516	00000000	00000013	addi	x0,x0,0	  x0:0x00000000
        5185000	       517	800007c4	00000013	addi	x0,x0,0	  x0:0x00000000
        5195000	       518	800007c8	ff1ff0ef	jal	x1,800007c8	  x1=0x800007c8
        5205000	       519	00000000	00000013	addi	x0,x0,0	  x0:0x00000000
        5215000	       520	800007b4	00000013	addi	x0,x0,0	  x0:0x00000000
        5225000	       521	800007b8	ff1fffef	jal	x31,800007b8	 x31=0x800007b8
        5235000	       522	00000000	00000013	addi	x0,x0,0	  x0:0x00000000
        5245000	       523	800007a4	00000013	addi	x0,x0,0	  x0:0x00000000
        5255000	       524	800007a8	fc1ff8ef	jal	x17,800007a8	 x17=0x800007a8
        5265000	       525	00000000	00000013	addi	x0,x0,0	  x0:0x00000000
        5275000	       526	80000764	00000013	addi	x0,x0,0	  x0:0x00000000
        5285000	       527	80000768	05800f6f	jal	x30,80000768	 x30=0x80000768
        5295000	       528	00000000	00000013	addi	x0,x0,0	  x0:0x00000000
        5305000	       529	800007bc	00000013	addi	x0,x0,0	  x0:0x00000000
        5315000	       530	800007c0	fc1fffef	jal	x31,800007c0	 x31=0x800007c0
        5325000	       531	00000000	00000013	addi	x0,x0,0	  x0:0x00000000
        5335000	       532	8000077c	00000013	addi	x0,x0,0	  x0:0x00000000
        5345000	       533	80000780	00c0036f	jal	x6,80000780	  x6=0x80000780
        5355000	       534	00000000	00000013	addi	x0,x0,0	  x0:0x00000000
        5365000	       535	80000788	00000013	addi	x0,x0,0	  x0:0x00000000
        5375000	       536	8000078c	01000cef	jal	x25,8000078c	 x25=0x8000078c
        5385000	       537	00000000	00000013	addi	x0,x0,0	  x0:0x00000000
        5395000	       538	80000798	00000013	addi	x0,x0,0	  x0:0x00000000
        5405000	       539	8000079c	030000ef	jal	x1,8000079c	  x1=0x8000079c
        5415000	       540	00000000	00000013	addi	x0,x0,0	  x0:0x00000000
        5425000	       541	800007c8	00000013	addi	x0,x0,0	  x0:0x00000000
        5435000	       542	800007cc	fd9ff0ef	jal	x1,800007cc	  x1=0x800007cc
        5445000	       543	00000000	00000013	addi	x0,x0,0	  x0:0x00000000
        5455000	       544	800007a0	00000013	addi	x0,x0,0	  x0:0x00000000
        5465000	       545	800007a4	030000ef	jal	x1,800007a4	  x1=0x800007a4
        5475000	       546	00000000	00000013	addi	x0,x0,0	  x0:0x00000000
        5485000	       547	800007d0	00000013	addi	x0,x0,0	  x0:0x00000000
        5495000	       548	800007d4	01b979b3	and	x19,x18,x27	 x18:0x800005c0 x27:0x80000744 x19=0x80000540
        5505000	       549	800007d8	0340036f	jal	x6,800007d8	  x6=0x800007d8
        5515000	       550	00000000	00000013	addi	x0,x0,0	  x0:0x00000000
        5525000	       551	80000808	00000013	addi	x0,x0,0	  x0:0x00000000
        5535000	       552	8000080c	fe1ff0ef	jal	x1,8000080c	  x1=0x8000080c
        5545000	       553	00000000	00000013	addi	x0,x0,0	  x0:0x00000000
        5555000	       554	800007e8	00000013	addi	x0,x0,0	  x0:0x00000000
        5565000	       555	800007ec	ff1ff36f	jal	x6,800007ec	  x6=0x800007ec
        5575000	       556	00000000	00000013	addi	x0,x0,0	  x0:0x00000000
        5585000	       557	800007d8	00000013	addi	x0,x0,0	  x0:0x00000000
        5595000	       558	800007dc	008000ef	jal	x1,800007dc	  x1=0x800007dc
        5605000	       559	00000000	00000013	addi	x0,x0,0	  x0:0x00000000
        5615000	       560	800007e0	00000013	addi	x0,x0,0	  x0:0x00000000
        5625000	       561	800007e4	02c000ef	jal	x1,800007e4	  x1=0x800007e4
        5635000	       562	00000000	00000013	addi	x0,x0,0	  x0:0x00000000
        5645000	       563	8000080c	00000013	addi	x0,x0,0	  x0:0x00000000
        5655000	       564	80000810	fd9ff0ef	jal	x1,80000810	  x1=0x80000810
        5665000	       565	00000000	00000013	addi	x0,x0,0	  x0:0x00000000
        5675000	       566	800007e4	00000013	addi	x0,x0,0	  x0:0x00000000
        5685000	       567	800007e8	010000ef	jal	x1,800007e8	  x1=0x800007e8
        5695000	       568	00000000	00000013	addi	x0,x0,0	  x0:0x00000000
        5705000	       569	800007f4	00000013	addi	x0,x0,0	  x0:0x00000000
        5715000	       570	800007f8	00800f6f	jal	x30,800007f8	 x30=0x800007f8
        5725000	       571	00000000	00000013	addi	x0,x0,0	  x0:0x00000000
        5735000	       572	800007fc	00000013	addi	x0,x0,0	  x0:0x00000000
        5745000	       573	80000800	004000ef	jal	x1,80000800	  x1=0x80000800
        5755000	       574	00000000	00000013	addi	x0,x0,0	  x0:0x00000000
        5765000	       575	80000800	00000013	addi	x0,x0,0	  x0:0x00000000
        5775000	       576	80000804	ff9ff0ef	jal	x1,80000804	  x1=0x80000804
        5785000	       577	00000000	00000013	addi	x0,x0,0	  x0:0x00000000
        5795000	       578	800007f8	00000013	addi	x0,x0,0	  x0:0x00000000
        5805000	       579	800007fc	ff5ffb6f	jal	x22,800007fc	 x22=0x800007fc
        5815000	       580	00000000	00000013	addi	x0,x0,0	  x0:0x00000000
        5825000	       581	800007ec	00000013	addi	x0,x0,0	  x0:0x00000000
        5835000	       582	800007f0	ff1ff36f	jal	x6,800007f0	  x6=0x800007f0
        5845000	       583	00000000	00000013	addi	x0,x0,0	  x0:0x00000000
        5855000	       584	800007dc	00000013	addi	x0,x0,0	  x0:0x00000000
        5865000	       585	800007e0	0280026f	jal	x4,800007e0	  x4=0x800007e0
        5875000	       586	00000000	00000013	addi	x0,x0,0	  x0:0x00000000
        5885000	       587	80000804	00000013	addi	x0,x0,0	  x0:0x00000000
        5895000	       588	80000808	fedff0ef	jal	x1,80000808	  x1=0x80000808
        5905000	       589	00000000	00000013	addi	x0,x0,0	  x0:0x00000000
        5915000	       590	800007f0	00000013	addi	x0,x0,0	  x0:0x00000000
        5925000	       591	800007f4	0200036f	jal	x6,800007f4	  x6=0x800007f4
        5935000	       592	00000000	00000013	addi	x0,x0,0	  x0:0x00000000
        5945000	       593	80000810	00000013	addi	x0,x0,0	  x0:0x00000000
        5955000	       594	80000814	00395a93	srli	x21,x18,0x3	 x18:0x800005c0 x21=0x100000b8
        5965000	       595	80000818	7cdaa993	slti	x19,x21,1997	 x21:0x100000b8 x19=0x00000000
        5975000	       596	8000081c	704e0693	addi	x13,x28,1796	 x28:0x800005a0 x13=0x80000ca4
        5985000	       597	80000820	40938333	sub	x6,x7,x9	  x7:0x80000620  x9:0x80000658  x6=0xffffffc8
        5995000	       598	80000824	0151b033	sltu	x0,x3,x21	  x3:0x800006a8 x21:0x100000b8
        6005000	       599	80000828	6ab83d93	sltiu	x27,x16,1707	 x16:0x800007bc x27=0x00000000
        6015000	       600	8000082c	01f55cb3	srl	x25,x10,x31	 x10:0x800006a4 x31:0x800007c0 x25=0x800006a4
        6025000	       601	80000830	00000013	addi	x0,x0,0	  x0:0x00000000
        6035000	       602	80000834	18130493	addi	x9,x6,385	  x6:0xffffffc8  x9=0x00000149
        6045000	       603	80000838	04649463	bne	x9,x6,80000880	  x9:0x00000149  x6:0xffffffc8
        6055000	       604	00000000	00000013	addi	x0,x0,0	  x0:0x00000000
        6065000	       605	8000087c	00000013	addi	x0,x0,0	  x0:0x00000000
        6075000	       606	80000880	a5ca4213	xori	x4,x20,-1444	 x20:0x80000000  x4=0x7ffffa5c
        6085000	       607	80000884	5f470313	addi	x6,x14,1524	 x14:0x80000634  x6=0x80000c28
        6095000	       608	80000888	40595d13	srai	x26,x18,0x5	 x18:0x800005c0 x26=0xfc00002e
        6105000	       609	8000088c	00dee3b3	or	x7,x29,x13	 x29:0xfb615b52 x13:0x80000ca4  x7=0xfb615ff6
        6115000	       610	80000890	13417513	andi	x10,x2,308	  x2:0x80000720 x10=0x00000120
        6125000	       611	80000894	007909b3	add	x19,x18,x7	 x18:0x800005c0  x7:0xfb615ff6 x19=0x7b6165b6
        6135000	       612	80000898	013f71b3	and	x3,x30,x19	 x30:0x800007f8 x19:0x7b6165b6  x3=0x000005b0
        6145000	       613	8000089c	010f0b33	add	x22,x30,x16	 x30:0x800007f8 x16:0x800007bc x22=0x00000fb4
        6155000	       614	800008a0	029b8263	beq	x23,x9,800008c4	 x23:0x80009f50  x9:0x00000149
        6165000	       615	800008a4	032dd863	bge	x27,x18,800008d4	 x27:0x00000000 x18:0x800005c0
        6175000	       616	00000000	00000013	addi	x0,x0,0	  x0:0x00000000
        6185000	       617	800008d0	00000013	addi	x0,x0,0	  x0:0x00000000
        6195000	       618	800008d4	222f18b7	lui	x17,0x222f1	 x17=0x222f1000
        6205000	       619	800008d8	00000013	addi	x0,x0,0	  x0:0x00000000
        6215000	       620	800008dc	40d8d293	srai	x5,x17,0xd	 x17:0x222f1000  x5=0x00011178
        6225000	       621	800008e0	00000013	addi	x0,x0,0	  x0:0x00000000
        6235000	       622	800008e4	bebf6097	auipc	x1,0xbebf6	  x1=0x3ebf68e0
        6245000	       623	800008e8	011204b3	add	x9,x4,x17	  x4:0x7ffffa5c x17:0x222f1000  x9=0xa22f0a5c
        6255000	       624	800008ec	1c8d2693	slti	x13,x26,456	 x26:0xfc00002e x13=0x00000001
        6265000	       625	800008f0	44487093	andi	x1,x16,1092	 x16:0x800007bc  x1=0x00000404
        6275000	       626	800008f4	b88bf593	andi	x11,x23,-1144	 x23:0x80009f50 x11=0x80009b00
        6285000	       627	800008f8	3c5c7e97	auipc	x29,0x3c5c7	 x29=0xbc5c78f4
        6295000	       628	800008fc	00c02fb3	slt	x31,x0,x12	  x0:0x00000000 x12:0x80009fc4 x31=0x00000000
        6305000	       629	80000900	c89fb913	sltiu	x18,x31,-887	 x31:0x00000000 x18=0x00000001
        6315000	       630	80000904	06657063	bgeu	x10,x6,80000964	 x10:0x00000120  x6:0x80000c28
        6325000	       631	80000908	00b12133	slt	x2,x2,x11	  x2:0x80000720 x11:0x80009b00  x2=0x00000001
        6335000	       632	8000090c	01229933	sll	x18,x5,x18	  x5:0x00011178 x18:0x00000001 x18=0x000222f0
        6345000	       633	80000910	01469133	sll	x2,x13,x20	 x13:0x00000001 x20:0x80000000  x2=0x00000001
        6355000	       634	80000914	0180036f	jal	x6,80000914	  x6=0x80000914
        6365000	       635	00000000	00000013	addi	x0,x0,0	  x0:0x00000000
        6375000	       636	80000928	00000013	addi	x0,x0,0	  x0:0x00000000
        6385000	       637	8000092c	ff5ff0ef	jal	x1,8000092c	  x1=0x8000092c
        6395000	       638	00000000	00000013	addi	x0,x0,0	  x0:0x00000000
        6405000	       639	8000091c	00000013	addi	x0,x0,0	  x0:0x00000000
        6415000	       640	80000920	014000ef	jal	x1,80000920	  x1=0x80000920
        6425000	       641	00000000	00000013	addi	x0,x0,0	  x0:0x00000000
        6435000	       642	80000930	00000013	addi	x0,x0,0	  x0:0x00000000
        6445000	       643	80000934	ffdff0ef	jal	x1,80000934	  x1=0x80000934
        6455000	       644	00000000	00000013	addi	x0,x0,0	  x0:0x00000000
        6465000	       645	8000092c	00000013	addi	x0,x0,0	  x0:0x00000000
        6475000	       646	80000930	ff9ff0ef	jal	x1,80000930	  x1=0x80000930
        6485000	       647	00000000	00000013	addi	x0,x0,0	  x0:0x00000000
        6495000	       648	80000924	00000013	addi	x0,x0,0	  x0:0x00000000
        6505000	       649	80000928	ff1ff36f	jal	x6,80000928	  x6=0x80000928
        6515000	       650	00000000	00000013	addi	x0,x0,0	  x0:0x00000000
        6525000	       651	80000914	00000013	addi	x0,x0,0	  x0:0x00000000
        6535000	       652	80000918	024000ef	jal	x1,80000918	  x1=0x80000918
        6545000	       653	00000000	00000013	addi	x0,x0,0	  x0:0x00000000
        6555000	       654	80000938	00000013	addi	x0,x0,0	  x0:0x00000000
        6565000	       655	8000093c	fe9ff0ef	jal	x1,8000093c	  x1=0x8000093c
        6575000	       656	00000000	00000013	addi	x0,x0,0	  x0:0x00000000
        6585000	       657	80000920	00000013	addi	x0,x0,0	  x0:0x00000000
        6595000	       658	80000924	014000ef	jal	x1,80000924	  x1=0x80000924
        6605000	       659	00000000	00000013	addi	x0,x0,0	  x0:0x00000000
        6615000	       660	80000934	00000013	addi	x0,x0,0	  x0:0x00000000
        6625000	       661	80000938	fe5ffdef	jal	x27,80000938	 x27=0x80000938
        6635000	       662	00000000	00000013	addi	x0,x0,0	  x0:0x00000000
        6645000	       663	80000918	00000013	addi	x0,x0,0	  x0:0x00000000
        6655000	       664	8000091c	024000ef	jal	x1,8000091c	  x1=0x8000091c
        6665000	       665	00000000	00000013	addi	x0,x0,0	  x0:0x00000000
        6675000	       666	8000093c	00000013	addi	x0,x0,0	  x0:0x00000000
        6685000	       667	80000940	009d2f33	slt	x30,x26,x9	 x26:0xfc00002e  x9:0xa22f0a5c x30=0x00000000
        6695000	       668	80000944	0147de13	srli	x28,x15,0x14	 x15:0xfa96fd40 x28=0x00000fa9
        6705000	       669	80000948	4189d0b3	sra	x1,x19,x24	 x19:0x7b6165b6 x24:0x00000000  x1=0x7b6165b6
        6715000	       670	8000094c	f3a9e713	ori	x14,x19,-198	 x19:0x7b6165b6 x14=0xffffffbe
        6725000	       671	80000950	030c1863	bne	x24,x16,80000980	 x24:0x00000000 x16:0x800007bc
        6735000	       672	00000000	00000013	addi	x0,x0,0	  x0:0x00000000
        6745000	       673	8000097c	00000013	addi	x0,x0,0	  x0:0x00000000
        6755000	       674	80000980	00125393	srli	x7,x4,0x1	  x4:0x7ffffa5c  x7=0x3ffffd2e
        6765000	       675	80000984	04835663	bge	x6,x8,800009d0	  x6:0x80000928  x8:0x800007a0
        6775000	       676	00000000	00000013	addi	x0,x0,0	  x0:0x00000000
        6785000	       677	800009cc	00000013	addi	x0,x0,0	  x0:0x00000000
        6795000	       678	800009d0	3e16ea13	ori	x20,x13,993	 x13:0x00000001 x20=0x000003e1
        6805000	       679	800009d4	0340036f	jal	x6,800009d4	  x6=0x800009d4
        6815000	       680	00000000	00000013	addi	x0,x0,0	  x0:0x00000000
        6825000	       681	80000a04	00000013	addi	x0,x0,0	  x0:0x00000000
        6835000	       682	80000a08	0040036f	jal	x6,80000a08	  x6=0x80000a08
        6845000	       683	00000000	00000013	addi	x0,x0,0	  x0:0x00000000
        6855000	       684	80000a08	00000013	addi	x0,x0,0	  x0:0x00000000
        6865000	       685	80000a0c	01c0036f	jal	x6,80000a0c	  x6=0x80000a0c
        6875000	       686	00000000	00000013	addi	x0,x0,0	  x0:0x00000000
        6885000	       687	80000a24	00000013	addi	x0,x0,0	  x0:0x00000000
        6895000	       688	80000a28	fd1ff4ef	jal	x9,80000a28	  x9=0x80000a28
        6905000	       689	00000000	00000013	addi	x0,x0,0	  x0:0x00000000
        6915000	       690	800009f4	00000013	addi	x0,x0,0	  x0:0x00000000
        6925000	       691	800009f8	ffdff46f	jal	x8,800009f8	  x8=0x800009f8
        6935000	       692	00000000	00000013	addi	x0,x0,0	  x0:0x00000000
        6945000	       693	800009f0	00000013	addi	x0,x0,0	  x0:0x00000000
        6955000	       694	800009f4	fe5ff0ef	jal	x1,800009f4	  x1=0x800009f4
        6965000	       695	00000000	00000013	addi	x0,x0,0	  x0:0x00000000
        6975000	       696	800009d4	00000013	addi	x0,x0,0	  x0:0x00000000
        6985000	       697	800009d8	038000ef	jal	x1,800009d8	  x1=0x800009d8
        6995000	       698	00000000	00000013	addi	x0,x0,0	  x0:0x00000000
        7005000	       699	80000a0c	00000013	addi	x0,x0,0	  x0:0x00000000
        7015000	       700	80000a10	fd9ff0ef	jal	x1,80000a10	  x1=0x80000a10
        7025000	       701	00000000	00000013	addi	x0,x0,0	  x0:0x00000000
        7035000	       702	800009e4	00000013	addi	x0,x0,0	  x0:0x00000000
        7045000	       703	800009e8	034000ef	jal	x1,800009e8	  x1=0x800009e8
        7055000	       704	00000000	00000013	addi	x0,x0,0	  x0:0x00000000
        7065000	       705	80000a18	00000013	addi	x0,x0,0	  x0:0x00000000
        7075000	       706	80000a1c	fd5ff2ef	jal	x5,80000a1c	  x5=0x80000a1c
        7085000	       707	00000000	00000013	addi	x0,x0,0	  x0:0x00000000
        7095000	       708	800009ec	00000013	addi	x0,x0,0	  x0:0x00000000
        7105000	       709	800009f0	ff1ff0ef	jal	x1,800009f0	  x1=0x800009f0
        7115000	       710	00000000	00000013	addi	x0,x0,0	  x0:0x00000000
        7125000	       711	800009dc	00000013	addi	x0,x0,0	  x0:0x00000000
        7135000	       712	800009e0	0240026f	jal	x4,800009e0	  x4=0x800009e0
        7145000	       713	00000000	00000013	addi	x0,x0,0	  x0:0x00000000
        7155000	       714	80000a00	00000013	addi	x0,x0,0	  x0:0x00000000
        7165000	       715	80000a04	fe9ff36f	jal	x6,80000a04	  x6=0x80000a04
        7175000	       716	00000000	00000013	addi	x0,x0,0	  x0:0x00000000
        7185000	       717	800009e8	00000013	addi	x0,x0,0	  x0:0x00000000
        7195000	       718	800009ec	0100036f	jal	x6,800009ec	  x6=0x800009ec
        7205000	       719	00000000	00000013	addi	x0,x0,0	  x0:0x00000000
        7215000	       720	800009f8	00000013	addi	x0,x0,0	  x0:0x00000000
        7225000	       721	800009fc	fe9ff56f	jal	x10,800009fc	 x10=0x800009fc
        7235000	       722	00000000	00000013	addi	x0,x0,0	  x0:0x00000000
        7245000	       723	800009e0	00000013	addi	x0,x0,0	  x0:0x00000000
        7255000	       724	800009e4	030002ef	jal	x5,800009e4	  x5=0x800009e4
        7265000	       725	00000000	00000013	addi	x0,x0,0	  x0:0x00000000
        7275000	       726	80000a10	00000013	addi	x0,x0,0	  x0:0x00000000
        7285000	       727	80000a14	010000ef	jal	x1,80000a14	  x1=0x80000a14
        7295000	       728	00000000	00000013	addi	x0,x0,0	  x0:0x00000000
        7305000	       729	80000a20	00000013	addi	x0,x0,0	  x0:0x00000000
        7315000	       730	80000a24	008000ef	jal	x1,80000a24	  x1=0x80000a24
        7325000	       731	00000000	00000013	addi	x0,x0,0	  x0:0x00000000
        7335000	       732	80000a28	00000013	addi	x0,x0,0	  x0:0x00000000
        7345000	       733	80000a2c	ff5ff0ef	jal	x1,80000a2c	  x1=0x80000a2c
        7355000	       734	00000000	00000013	addi	x0,x0,0	  x0:0x00000000
        7365000	       735	80000a1c	00000013	addi	x0,x0,0	  x0:0x00000000
        7375000	       736	80000a20	ff9ff36f	jal	x6,80000a20	  x6=0x80000a20
        7385000	       737	00000000	00000013	addi	x0,x0,0	  x0:0x00000000
        7395000	       738	80000a14	00000013	addi	x0,x0,0	  x0:0x00000000
        7405000	       739	80000a18	fe9ff0ef	jal	x1,80000a18	  x1=0x80000a18
        7415000	       740	00000000	00000013	addi	x0,x0,0	  x0:0x00000000
        7425000	       741	800009fc	00000013	addi	x0,x0,0	  x0:0x00000000
        7435000	       742	80000a00	fddff36f	jal	x6,80000a00	  x6=0x80000a00
        7445000	       743	00000000	00000013	addi	x0,x0,0	  x0:0x00000000
        7455000	       744	800009d8	00000013	addi	x0,x0,0	  x0:0x00000000
        7465000	       745	800009dc	054006ef	jal	x13,800009dc	 x13=0x800009dc
        7475000	       746	00000000	00000013	addi	x0,x0,0	  x0:0x00000000
        7485000	       747	80000a2c	00000013	addi	x0,x0,0	  x0:0x00000000
        7495000	       748	80000a30	418ad193	srai	x3,x21,0x18	 x21:0x100000b8  x3=0x00000010
        7505000	       749	80000a34	5d720313	addi	x6,x4,1495	  x4:0x800009e0  x6=0x80000fb7
        7515000	       750	80000a38	04f91063	bne	x18,x15,80000a78	 x18:0x000222f0 x15:0xfa96fd40
        7525000	       751	00000000	00000013	addi	x0,x0,0	  x0:0x00000000
        7535000	       752	80000a74	00000013	addi	x0,x0,0	  x0:0x00000000
        7545000	       753	80000a78	deeb6593	ori	x11,x22,-530	 x22:0x00000fb4 x11=0xfffffffe
        7555000	       754	80000a7c	00854333	xor	x6,x10,x8	 x10:0x800009fc  x8:0x800009f8  x6=0x00000004
        7565000	       755	80000a80	b14dbf13	sltiu	x30,x27,-1260	 x27:0x80000938 x30=0x00000001
        7575000	       756	80000a84	00fb69b3	or	x19,x22,x15	 x22:0x00000fb4 x15:0xfa96fd40 x19=0xfa96fff4
        7585000	       757	80000a88	03744063	blt	x8,x23,80000aa8	  x8:0x800009f8 x23:0x80009f50
        7595000	       758	00000000	00000013	addi	x0,x0,0	  x0:0x00000000
        7605000	       759	80000aa4	00000013	addi	x0,x0,0	  x0:0x00000000
        7615000	       760	80000aa8	0198ea63	bltu	x17,x25,80000abc	 x17:0x222f1000 x25:0x800006a4
        7625000	       761	00000000	00000013	addi	x0,x0,0	  x0:0x00000000
        7635000	       762	80000ab8	00000013	addi	x0,x0,0	  x0:0x00000000
        7645000	       763	80000abc	01db4fb3	xor	x31,x22,x29	 x22:0x00000fb4 x29:0xbc5c78f4 x31=0xbc5c7740
        7655000	       764	80000ac0	039d4a63	blt	x26,x25,80000af4	 x26:0xfc00002e x25:0x800006a4
        7665000	       765	80000ac4	00000013	addi	x0,x0,0	  x0:0x00000000
        7675000	       766	80000ac8	01e89833	sll	x16,x17,x30	 x17:0x222f1000 x30:0x00000001 x16=0x445e2000
        7685000	       767	80000acc	00f8c733	xor	x14,x17,x15	 x17:0x222f1000 x15:0xfa96fd40 x14=0xd8b9ed40
        7695000	       768	80000ad0	004f5a33	srl	x20,x30,x4	 x30:0x00000001  x4:0x800009e0 x20=0x00000001
        7705000	       769	80000ad4	01cc09b3	add	x19,x24,x28	 x24:0x00000000 x28:0x00000fa9 x19=0x00000fa9
        7715000	       770	80000ad8	01059c63	bne	x11,x16,80000af0	 x11:0xfffffffe x16:0x445e2000
        7725000	       771	00000000	00000013	addi	x0,x0,0	  x0:0x00000000
        7735000	       772	80000aec	00000013	addi	x0,x0,0	  x0:0x00000000
        7745000	       773	80000af0	04a49263	bne	x9,x10,80000b34	  x9:0x80000a28 x10:0x800009fc
        7755000	       774	00000000	00000013	addi	x0,x0,0	  x0:0x00000000
        7765000	       775	80000b30	00000013	addi	x0,x0,0	  x0:0x00000000
        7775000	       776	80000b34	011d5993	srli	x19,x26,0x11	 x26:0xfc00002e x19=0x00007e00
        7785000	       777	80000b38	01a9f0b3	and	x1,x19,x26	 x19:0x00007e00 x26:0xfc00002e  x1=0x00000000
        7795000	       778	80000b3c	03eb7263	bgeu	x22,x30,80000b60	 x22:0x00000fb4 x30:0x00000001
        7805000	       779	00000000	00000013	addi	x0,x0,0	  x0:0x00000000
        7815000	       780	80000b5c	00000013	addi	x0,x0,0	  x0:0x00000000
        7825000	       781	80000b60	01f77f33	and	x30,x14,x31	 x14:0xd8b9ed40 x31:0xbc5c7740 x30=0x98186540
        7835000	       782	80000b64	0161deb3	srl	x29,x3,x22	  x3:0x00000010 x22:0x00000fb4 x29=0x00000000
        7845000	       783	80000b68	41e6d493	srai	x9,x13,0x1e	 x13:0x800009dc  x9=0xfffffffe
        7855000	       784	80000b6c	01007533	and	x10,x0,x16	  x0:0x00000000 x16:0x445e2000 x10=0x00000000
        7865000	       785	80000b70	009547b3	xor	x15,x10,x9	 x10:0x00000000  x9:0xfffffffe x15=0xfffffffe
        7875000	       786	80000b74	408706b3	sub	x13,x14,x8	 x14:0xd8b9ed40  x8:0x800009f8 x13=0x58b9e348
        7885000	       787	80000b78	9fa16197	auipc	x3,0x9fa16	  x3=0x1fa16b74
        7895000	       788	80000b7c	f3058313	addi	x6,x11,-208	 x11:0xfffffffe  x6=0xffffff2e
        7905000	       789	80000b80	01c21cb3	sll	x25,x4,x28	  x4:0x800009e0 x28:0x00000fa9 x25=0x0013c000
        7915000	       790	80000b84	0020a9b3	slt	x19,x1,x2	  x1:0x00000000  x2:0x00000001 x19=0x00000001
        7925000	       791	80000b88	00000013	addi	x0,x0,0	  x0:0x00000000
        7935000	       792	80000b8c	3ae4e413	ori	x8,x9,942	  x9:0xfffffffe  x8=0xfffffffe
        7945000	       793	80000b90	0024d113	srli	x2,x9,0x2	  x9:0xfffffffe  x2=0x3fffffff
        7955000	       794	80000b94	0188f3b3	and	x7,x17,x24	 x17:0x222f1000 x24:0x00000000  x7=0x00000000
        7965000	       795	80000b98	cab4c693	xori	x13,x9,-853	  x9:0xfffffffe x13=0x00000355
        7975000	       796	80000b9c	b286c493	xori	x9,x13,-1240	 x13:0x00000355  x9=0xfffff87d
        7985000	       797	80000ba0	816ff493	andi	x9,x31,-2026	 x31:0xbc5c7740  x9=0xbc5c7000
        7995000	       798	80000ba4	00df1db3	sll	x27,x30,x13	 x30:0x98186540 x13:0x00000355 x27=0xa8000000
        8005000	       799	80000ba8	04e59663	bne	x11,x14,80000bf4	 x11:0xfffffffe x14:0xd8b9ed40
        8015000	       800	00000000	00000013	addi	x0,x0,0	  x0:0x00000000
        8025000	       801	80000bf0	00000013	addi	x0,x0,0	  x0:0x00000000
        8035000	       802	80000bf4	d9c04093	xori	x1,x0,-612	  x0:0x00000000  x1=0xfffffd9c
        8045000	       803	80000bf8	01a3c033	xor	x0,x7,x26	  x7:0x00000000 x26:0xfc00002e
        8055000	       804	80000bfc	0044d193	srli	x3,x9,0x4	  x9:0xbc5c7000  x3=0x0bc5c700
        8065000	       805	80000c00	57f26593	ori	x11,x4,1407	  x4:0x800009e0 x11=0x80000dff
        8075000	       806	80000c04	40110b33	sub	x22,x2,x1	  x2:0x3fffffff  x1:0xfffffd9c x22=0x40000263
        8085000	       807	80000c08	00d0f4b3	and	x9,x1,x13	  x1:0xfffffd9c x13:0x00000355  x9=0x00000114
        8095000	       808	80000c0c	01682b33	slt	x22,x16,x22	 x16:0x445e2000 x22:0x40000263 x22=0x00000000
        8105000	       809	80000c10	11521337	lui	x6,0x11521	  x6=0x11521000
        8115000	       810	80000c14	c8797993	andi	x19,x18,-889	 x18:0x000222f0 x19=0x00022080
        8125000	       811	80000c18	02cf4863	blt	x30,x12,80000c48	 x30:0x98186540 x12:0x80009fc4
        8135000	       812	80000c1c	0014cf33	xor	x30,x9,x1	  x9:0x00000114  x1:0xfffffd9c x30=0xfffffc88
        8145000	       813	80000c20	7d2e6093	ori	x1,x28,2002	 x28:0x00000fa9  x1=0x00000ffb
        8155000	       814	80000c24	01fc4f33	xor	x30,x24,x31	 x24:0x00000000 x31:0xbc5c7740 x30=0xbc5c7740
        8165000	       815	80000c28	c6b4b893	sltiu	x17,x9,-917	  x9:0x00000114 x17=0x00000001
        8175000	       816	80000c2c	27ff3893	sltiu	x17,x30,639	 x30:0xbc5c7740 x17=0x00000000
        8185000	       817	80000c30	042b5463	bge	x22,x2,80000c78	 x22:0x00000000  x2:0x3fffffff
        8195000	       818	80000c34	005c9733	sll	x14,x25,x5	 x25:0x0013c000  x5:0x800009e4 x14=0x013c0000
        8205000	       819	80000c38	04d19063	bne	x3,x13,80000c78	  x3:0x0bc5c700 x13:0x00000355
        8215000	       820	00000000	00000013	addi	x0,x0,0	  x0:0x00000000
        8225000	       821	80000c74	00000013	addi	x0,x0,0	  x0:0x00000000
        8235000	       822	80000c78	00779733	sll	x14,x15,x7	 x15:0xfffffffe  x7:0x00000000 x14=0xfffffffe
        8245000	       823	80000c7c	020c5863	bge	x24,x0,80000cac	 x24:0x00000000  x0:0x00000000
        8255000	       824	00000000	00000013	addi	x0,x0,0	  x0:0x00000000
        8265000	       825	80000ca8	00000013	addi	x0,x0,0	  x0:0x00000000
        8275000	       826	80000cac	01cadc63	bge	x21,x28,80000cc4	 x21:0x100000b8 x28:0x00000fa9
        8285000	       827	00000000	00000013	addi	x0,x0,0	  x0:0x00000000
        8295000	       828	80000cc0	00000013	addi	x0,x0,0	  x0:0x00000000
        8305000	       829	80000cc4	001116b3	sll	x13,x2,x1	  x2:0x3fffffff  x1:0x00000ffb x13=0xf8000000
        8315000	       830	80000cc8	015638b3	sltu	x17,x12,x21	 x12:0x80009fc4 x21:0x100000b8 x17=0x00000000
        8325000	       831	80000ccc	843ae113	ori	x2,x21,-1981	 x21:0x100000b8  x2=0xfffff8fb
        8335000	       832	80000cd0	405d0d33	sub	x26,x26,x5	 x26:0xfc00002e  x5:0x800009e4 x26=0x7bfff64a
        8345000	       833	80000cd4	0562e063	bltu	x5,x22,80000d14	  x5:0x800009e4 x22:0x00000000
        8355000	       834	80000cd8	00000013	addi	x0,x0,0	  x0:0x00000000
        8365000	       835	80000cdc	04374863	blt	x14,x3,80000d2c	 x14:0xfffffffe  x3:0x0bc5c700
        8375000	       836	00000000	00000013	addi	x0,x0,0	  x0:0x00000000
        8385000	       837	80000d28	00000013	addi	x0,x0,0	  x0:0x00000000
        8395000	       838	80000d2c	009375b3	and	x11,x6,x9	  x6:0x11521000  x9:0x00000114 x11=0x00000000
        8405000	       839	80000d30	009fda63	bge	x31,x9,80000d44	 x31:0xbc5c7740  x9:0x00000114
        8415000	       840	80000d34	b17bb893	sltiu	x17,x23,-1257	 x23:0x80009f50 x17=0x00000001
        8425000	       841	80000d38	0515f463	bgeu	x11,x17,80000d80	 x11:0x00000000 x17:0x00000001
        8435000	       842	80000d3c	011f0e63	beq	x30,x17,80000d58	 x30:0xbc5c7740 x17:0x00000001
        8445000	       843	80000d40	044a9263	bne	x21,x4,80000d84	 x21:0x100000b8  x4:0x800009e0
        8455000	       844	00000000	00000013	addi	x0,x0,0	  x0:0x00000000
        8465000	       845	80000d80	00000013	addi	x0,x0,0	  x0:0x00000000
        8475000	       846	80000d84	03598263	beq	x19,x21,80000da8	 x19:0x00022080 x21:0x100000b8
        8485000	       847	80000d88	015055b3	srl	x11,x0,x21	  x0:0x00000000 x21:0x100000b8 x11=0x00000000
        8495000	       848	80000d8c	0745ad93	slti	x27,x11,116	 x11:0x00000000 x27=0x00000001
        8505000	       849	80000d90	80c58713	addi	x14,x11,-2036	 x11:0x00000000 x14=0xfffff80c
        8515000	       850	80000d94	41625433	sra	x8,x4,x22	  x4:0x800009e0 x22:0x00000000  x8=0x800009e0
        8525000	       851	80000d98	05766863	bltu	x12,x23,80000de8	 x12:0x80009fc4 x23:0x80009f50
        8535000	       852	80000d9c	04ec0663	beq	x24,x14,80000de8	 x24:0x00000000 x14:0xfffff80c
        8545000	       853	80000da0	05df4463	blt	x30,x29,80000de8	 x30:0xbc5c7740 x29:0x00000000
        8555000	       854	00000000	00000013	addi	x0,x0,0	  x0:0x00000000
        8565000	       855	80000de4	00000013	addi	x0,x0,0	  x0:0x00000000
        8575000	       856	80000de8	4675b013	sltiu	x0,x11,1127	 x11:0x00000000
        8585000	       857	80000dec	01e19ab3	sll	x21,x3,x30	  x3:0x0bc5c700 x30:0xbc5c7740 x21=0x0bc5c700
        8595000	       858	80000df0	0565e063	bltu	x11,x22,80000e30	 x11:0x00000000 x22:0x00000000
        8605000	       859	80000df4	000c0b33	add	x22,x24,x0	 x24:0x00000000  x0:0x00000000 x22=0x00000000
        8615000	       860	80000df8	a4a8c313	xori	x6,x17,-1462	 x17:0x00000001  x6=0xfffffa4b
        8625000	       861	80000dfc	0053c1b3	xor	x3,x7,x5	  x7:0x00000000  x5:0x800009e4  x3=0x800009e4
        8635000	       862	80000e00	005a5a63	bge	x20,x5,80000e14	 x20:0x00000001  x5:0x800009e4
        8645000	       863	00000000	00000013	addi	x0,x0,0	  x0:0x00000000
        8655000	       864	80000e10	00000013	addi	x0,x0,0	  x0:0x00000000
        8665000	       865	80000e14	01316463	bltu	x2,x19,80000e1c	  x2:0xfffff8fb x19:0x00022080
        8675000	       866	80000e18	418680b3	sub	x1,x13,x24	 x13:0xf8000000 x24:0x00000000  x1=0xf8000000
        8685000	       867	80000e1c	052ef063	bgeu	x29,x18,80000e5c	 x29:0x00000000 x18:0x000222f0
        8695000	       868	80000e20	016feab3	or	x21,x31,x22	 x31:0xbc5c7740 x22:0x00000000 x21=0xbc5c7740
        8705000	       869	80000e24	03f6c863	blt	x13,x31,80000e54	 x13:0xf8000000 x31:0xbc5c7740
        8715000	       870	80000e28	00df1e33	sll	x28,x30,x13	 x30:0xbc5c7740 x13:0xf8000000 x28=0xbc5c7740
        8725000	       871	80000e2c	006cf933	and	x18,x25,x6	 x25:0x0013c000  x6:0xfffffa4b x18=0x0013c000
        8735000	       872	80000e30	01b1fdb3	and	x27,x3,x27	  x3:0x800009e4 x27:0x00000001 x27=0x00000000
        8745000	       873	80000e34	0a881a63	bne	x16,x8,80000ee8	 x16:0x445e2000  x8:0x800009e0
        8755000	       874	00000000	00000013	addi	x0,x0,0	  x0:0x00000000
        8765000	       875	80000ee4	00000013	addi	x0,x0,0	  x0:0x00000000
        8775000	       876	80000ee8	01cfd213	srli	x4,x31,0x1c	 x31:0xbc5c7740  x4=0x0000000b
        8785000	       877	80000eec	413a08b3	sub	x17,x20,x19	 x20:0x00000001 x19:0x00022080 x17=0xfffddf81
        8795000	       878	80000ef0	00449293	slli	x5,x9,0x4	  x9:0x00000114  x5=0x00001140
        8805000	       879	80000ef4	01571c63	bne	x14,x21,80000f0c	 x14:0xfffff80c x21:0xbc5c7740
        8815000	       880	00000000	00000013	addi	x0,x0,0	  x0:0x00000000
        8825000	       881	80000f08	00000013	addi	x0,x0,0	  x0:0x00000000
        8835000	       882	80000f0c	00c14cb3	xor	x25,x2,x12	  x2:0xfffff8fb x12:0x80009fc4 x25=0x7fff673f
        8845000	       883	80000f10	cd1fba93	sltiu	x21,x31,-815	 x31:0xbc5c7740 x21=0x00000001
        8855000	       884	80000f14	004c5b13	srli	x22,x24,0x4	 x24:0x00000000 x22=0x00000000
        8865000	       885	80000f18	1e24e593	ori	x11,x9,482	  x9:0x00000114 x11=0x000001f6
        8875000	       886	80000f1c	017d1093	slli	x1,x26,0x17	 x26:0x7bfff64a  x1=0x25000000
        8885000	       887	80000f20	05fe7463	bgeu	x28,x31,80000f68	 x28:0xbc5c7740 x31:0xbc5c7740
        8895000	       888	00000000	00000013	addi	x0,x0,0	  x0:0x00000000
        8905000	       889	80000f64	00000013	addi	x0,x0,0	  x0:0x00000000
        8915000	       890	80000f68	90500093	addi	x1,x0,-1787	  x0:0x00000000  x1=0xfffff905
        8925000	       891	80000f6c	007b1333	sll	x6,x22,x7	 x22:0x00000000  x7:0x00000000  x6=0x00000000
        8935000	       892	80000f70	00197e33	and	x28,x18,x1	 x18:0x0013c000  x1:0xfffff905 x28=0x0013c000
        8945000	       893	80000f74	07089a63	bne	x17,x16,80000fe8	 x17:0xfffddf81 x16:0x445e2000
        8955000	       894	00000000	00000013	addi	x0,x0,0	  x0:0x00000000
        8965000	       895	80000fe4	00000013	addi	x0,x0,0	  x0:0x00000000
        8975000	       896	80000fe8	00dc33b3	sltu	x7,x24,x13	 x24:0x00000000 x13:0xf8000000  x7=0x00000001
        8985000	       897	80000fec	082ffa63	bgeu	x31,x2,80001080	 x31:0xbc5c7740  x2:0xfffff8fb
        8995000	       898	80000ff0	18d96393	ori	x7,x18,397	 x18:0x0013c000  x7=0x0013c18d
        9005000	       899	80000ff4	40d851b3	sra	x3,x16,x13	 x16:0x445e2000 x13:0xf8000000  x3=0x445e2000
        9015000	       900	80000ff8	ce080a93	addi	x21,x16,-800	 x16:0x445e2000 x21=0x445e1ce0
        9025000	       901	80000ffc	0a37de63	bge	x15,x3,800010b8	 x15:0xfffffffe  x3:0x445e2000
        9035000	       902	80001000	861eae13	slti	x28,x29,-1951	 x29:0x00000000 x28=0x00000000
        9045000	       903	80001004	0540036f	jal	x6,80001004	  x6=0x80001004
        9055000	       904	00000000	00000013	addi	x0,x0,0	  x0:0x00000000
        9065000	       905	80001054	00000013	addi	x0,x0,0	  x0:0x00000000
        9075000	       906	80001058	ff1ff36f	jal	x6,80001058	  x6=0x80001058
        9085000	       907	00000000	00000013	addi	x0,x0,0	  x0:0x00000000
        9095000	       908	80001044	00000013	addi	x0,x0,0	  x0:0x00000000
        9105000	       909	80001048	014000ef	jal	x1,80001048	  x1=0x80001048
        9115000	       910	00000000	00000013	addi	x0,x0,0	  x0:0x00000000
        9125000	       911	80001058	00000013	addi	x0,x0,0	  x0:0x00000000
        9135000	       912	8000105c	fadff36f	jal	x6,8000105c	  x6=0x8000105c
        9145000	       913	00000000	00000013	addi	x0,x0,0	  x0:0x00000000
        9155000	       914	80001004	00000013	addi	x0,x0,0	  x0:0x00000000
        9165000	       915	80001008	03c0026f	jal	x4,80001008	  x4=0x80001008
        9175000	       916	00000000	00000013	addi	x0,x0,0	  x0:0x00000000
        9185000	       917	80001040	00000013	addi	x0,x0,0	  x0:0x00000000
        9195000	       918	80001044	fe9ff0ef	jal	x1,80001044	  x1=0x80001044
        9205000	       919	00000000	00000013	addi	x0,x0,0	  x0:0x00000000
        9215000	       920	80001028	00000013	addi	x0,x0,0	  x0:0x00000000
        9225000	       921	8000102c	fe1ff46f	jal	x8,8000102c	  x8=0x8000102c
        9235000	       922	00000000	00000013	addi	x0,x0,0	  x0:0x00000000
        9245000	       923	80001008	00000013	addi	x0,x0,0	  x0:0x00000000
        9255000	       924	8000100c	054000ef	jal	x1,8000100c	  x1=0x8000100c
        9265000	       925	00000000	00000013	addi	x0,x0,0	  x0:0x00000000
        9275000	       926	8000105c	00000013	addi	x0,x0,0	  x0:0x00000000
        9285000	       927	80001060	fedff0ef	jal	x1,80001060	  x1=0x80001060
        9295000	       928	00000000	00000013	addi	x0,x0,0	  x0:0x00000000
        9305000	       929	80001048	00000013	addi	x0,x0,0	  x0:0x00000000
        9315000	       930	8000104c	fe9ff86f	jal	x16,8000104c	 x16=0x8000104c
        9325000	       931	00000000	00000013	addi	x0,x0,0	  x0:0x00000000
        9335000	       932	80001030	00000013	addi	x0,x0,0	  x0:0x00000000
        9345000	       933	80001034	fe5ff0ef	jal	x1,80001034	  x1=0x80001034
        9355000	       934	00000000	00000013	addi	x0,x0,0	  x0:0x00000000
        9365000	       935	80001014	00000013	addi	x0,x0,0	  x0:0x00000000
        9375000	       936	80001018	008000ef	jal	x1,80001018	  x1=0x80001018
        9385000	       937	00000000	00000013	addi	x0,x0,0	  x0:0x00000000
        9395000	       938	8000101c	00000013	addi	x0,x0,0	  x0:0x00000000
        9405000	       939	80001020	030001ef	jal	x3,80001020	  x3=0x80001020
        9415000	       940	00000000	00000013	addi	x0,x0,0	  x0:0x00000000
        9425000	       941	8000104c	00000013	addi	x0,x0,0	  x0:0x00000000
        9435000	       942	80001050	fedff0ef	jal	x1,80001050	  x1=0x80001050
        9445000	       943	00000000	00000013	addi	x0,x0,0	  x0:0x00000000
        9455000	       944	80001038	00000013	addi	x0,x0,0	  x0:0x00000000
        9465000	       945	8000103c	fd5ffa6f	jal	x20,8000103c	 x20=0x8000103c
        9475000	       946	00000000	00000013	addi	x0,x0,0	  x0:0x00000000
        9485000	       947	8000100c	00000013	addi	x0,x0,0	  x0:0x00000000
        9495000	       948	80001010	018002ef	jal	x5,80001010	  x5=0x80001010
        9505000	       949	00000000	00000013	addi	x0,x0,0	  x0:0x00000000
        9515000	       950	80001024	00000013	addi	x0,x0,0	  x0:0x00000000
        9525000	       951	80001028	ffdff36f	jal	x6,80001028	  x6=0x80001028
        9535000	       952	00000000	00000013	addi	x0,x0,0	  x0:0x00000000
        9545000	       953	80001020	00000013	addi	x0,x0,0	  x0:0x00000000
        9555000	       954	80001024	048000ef	jal	x1,80001024	  x1=0x80001024
        9565000	       955	00000000	00000013	addi	x0,x0,0	  x0:0x00000000
        9575000	       956	80001068	00000013	addi	x0,x0,0	  x0:0x00000000
        9585000	       957	8000106c	fc5ff0ef	jal	x1,8000106c	  x1=0x8000106c
        9595000	       958	00000000	00000013	addi	x0,x0,0	  x0:0x00000000
        9605000	       959	8000102c	00000013	addi	x0,x0,0	  x0:0x00000000
        9615000	       960	80001030	fe5ff26f	jal	x4,80001030	  x4=0x80001030
        9625000	       961	00000000	00000013	addi	x0,x0,0	  x0:0x00000000
        9635000	       962	80001010	00000013	addi	x0,x0,0	  x0:0x00000000
        9645000	       963	80001014	0240036f	jal	x6,80001014	  x6=0x80001014
        9655000	       964	00000000	00000013	addi	x0,x0,0	  x0:0x00000000
        9665000	       965	80001034	00000013	addi	x0,x0,0	  x0:0x00000000
        9675000	       966	80001038	fe5ff0ef	jal	x1,80001038	  x1=0x80001038
        9685000	       967	00000000	00000013	addi	x0,x0,0	  x0:0x00000000
        9695000	       968	80001018	00000013	addi	x0,x0,0	  x0:0x00000000
        9705000	       969	8000101c	0240036f	jal	x6,8000101c	  x6=0x8000101c
        9715000	       970	00000000	00000013	addi	x0,x0,0	  x0:0x00000000
        9725000	       971	8000103c	00000013	addi	x0,x0,0	  x0:0x00000000
        9735000	       972	80001040	028000ef	jal	x1,80001040	  x1=0x80001040
        9745000	       973	00000000	00000013	addi	x0,x0,0	  x0:0x00000000
        9755000	       974	80001064	00000013	addi	x0,x0,0	  x0:0x00000000
        9765000	       975	80001068	ffdff2ef	jal	x5,80001068	  x5=0x80001068
        9775000	       976	00000000	00000013	addi	x0,x0,0	  x0:0x00000000
        9785000	       977	80001060	00000013	addi	x0,x0,0	  x0:0x00000000
        9795000	       978	80001064	ff1ff16f	jal	x2,80001064	  x2=0x80001064
        9805000	       979	00000000	00000013	addi	x0,x0,0	  x0:0x00000000
        9815000	       980	80001050	00000013	addi	x0,x0,0	  x0:0x00000000
        9825000	       981	80001054	01c000ef	jal	x1,80001054	  x1=0x80001054
        9835000	       982	00000000	00000013	addi	x0,x0,0	  x0:0x00000000
        9845000	       983	8000106c	00000013	addi	x0,x0,0	  x0:0x00000000
        9855000	       984	80001070	004004ef	jal	x9,80001070	  x9=0x80001070
        9865000	       985	00000000	00000013	addi	x0,x0,0	  x0:0x00000000
        9875000	       986	80001070	00000013	addi	x0,x0,0	  x0:0x00000000
        9885000	       987	80001074	00445d13	srli	x26,x8,0x4	  x8:0x8000102c x26=0x08000102
        9895000	       988	80001078	04c71663	bne	x14,x12,800010c4	 x14:0xfffff80c x12:0x80009fc4
        9905000	       989	00000000	00000013	addi	x0,x0,0	  x0:0x00000000
        9915000	       990	800010c0	00000013	addi	x0,x0,0	  x0:0x00000000
        9925000	       991	800010c4	04188463	beq	x17,x1,8000110c	 x17:0xfffddf81  x1:0x80001054
        9935000	       992	800010c8	52f8ef13	ori	x30,x17,1327	 x17:0xfffddf81 x30=0xfffddfaf
        9945000	       993	800010cc	4111d693	srai	x13,x3,0x11	  x3:0x80001020 x13=0xffffc000
        9955000	       994	800010d0	004c93b3	sll	x7,x25,x4	 x25:0x7fff673f  x4:0x80001030  x7=0x673f0000
        9965000	       995	800010d4	c3578197	auipc	x3,0xc3578	  x3=0x435790d0
        9975000	       996	800010d8	00129d13	slli	x26,x5,0x1	  x5:0x80001068 x26=0x000020d0
        9985000	       997	800010dc	01017c63	bgeu	x2,x16,800010f4	  x2:0x80001064 x16:0x8000104c
        9995000	       998	00000000	00000013	addi	x0,x0,0	  x0:0x00000000
       10005000	       999	800010f0	00000013	addi	x0,x0,0	  x0:0x00000000
       10015000	      1000	800010f4	15c68c93	addi	x25,x13,348	 x13:0xffffc000 x25=0xffffc15c
       10025000	      1001	800010f8	0087b4b3	sltu	x9,x15,x8	 x15:0xfffffffe  x8:0x8000102c  x9=0x00000000
       10035000	      1002	800010fc	015e1533	sll	x10,x28,x21	 x28:0x00000000 x21:0x445e1ce0 x10=0x00000000
       10045000	      1003	80001100	01741eb3	sll	x29,x8,x23	  x8:0x8000102c x23:0x80009f50 x29=0x102c0000
       10055000	      1004	80001104	9ec17f13	andi	x30,x2,-1556	  x2:0x80001064 x30=0x80001064
       10065000	      1005	80001108	c00f3a93	sltiu	x21,x30,-1024	 x30:0x80001064 x21=0x00000001
       10075000	      1006	8000110c	003782b3	add	x5,x15,x3	 x15:0xfffffffe  x3:0x435790d0  x5=0x435790ce
       10085000	      1007	80001110	016911b3	sll	x3,x18,x22	 x18:0x0013c000 x22:0x00000000  x3=0x0013c000
       10095000	      1008	80001114	f39ec893	xori	x17,x29,-199	 x29:0x102c0000 x17=0xefd3ff39
       10105000	      1009	80001118	e7588d13	addi	x26,x17,-395	 x17:0xefd3ff39 x26=0xefd3fdae
       10115000	      1010	8000111c	41f15913	srai	x18,x2,0x1f	  x2:0x80001064 x18=0xffffffff
       10125000	      1011	80001120	00000013	addi	x0,x0,0	  x0:0x00000000
       10135000	      1012	80001124	2efc0937	lui	x18,0x2efc0	 x18=0x2efc0000
       10145000	      1013	80001128	a7b0e337	lui	x6,0xa7b0e	  x6=0xa7b0e000
       10155000	      1014	8000112c	90e69f97	auipc	x31,0x90e69	 x31=0x10e6a128
       10165000	      1015	80001130	05980063	beq	x16,x25,80001170	 x16:0x8000104c x25:0xffffc15c
       10175000	      1016	80001134	d63aba13	sltiu	x20,x21,-669	 x21:0x00000001 x20=0x00000001
       10185000	      1017	80001138	a5320293	addi	x5,x4,-1453	  x4:0x80001030  x5=0x80000a83
       10195000	      1018	8000113c	01315733	srl	x14,x2,x19	  x2:0x80001064 x19:0x00022080 x14=0x80001064
       10205000	      1019	80001140	01f49433	sll	x8,x9,x31	  x9:0x00000000 x31:0x10e6a128  x8=0x00000000
       10215000	      1020	80001144	c292c293	xori	x5,x5,-983	  x5:0x80000a83  x5=0x7ffff6aa
       10225000	      1021	80001148	cc276f93	ori	x31,x14,-830	 x14:0x80001064 x31=0xfffffce6
       10235000	      1022	8000114c	01fa9393	slli	x7,x21,0x1f	 x21:0x00000001  x7=0x80000000
       10245000	      1023	80001150	3d5f8793	addi	x15,x31,981	 x31:0xfffffce6 x15=0x000000bb
       10255000	      1024	80001154	01839513	slli	x10,x7,0x18	  x7:0x80000000 x10=0x00000000
       10265000	      1025	80001158	00e0d433	srl	x8,x1,x14	  x1:0x80001054 x14:0x80001064  x8=0x08000105
       10275000	      1026	8000115c	04305663	bge	x0,x3,800011a8	  x0:0x00000000  x3:0x0013c000
       10285000	      1027	80001160	4096d7b3	sra	x15,x13,x9	 x13:0xffffc000  x9:0x00000000 x15=0xffffc000
       10295000	      1028	80001164	00f59813	slli	x16,x11,0xf	 x11:0x000001f6 x16=0x00fb0000
       10305000	      1029	80001168	0059da63	bge	x19,x5,8000117c	 x19:0x00022080  x5:0x7ffff6aa
       10315000	      1030	8000116c	01442233	slt	x4,x8,x20	  x8:0x08000105 x20:0x00000001  x4=0x00000000
       10325000	      1031	80001170	f778e413	ori	x8,x17,-137	 x17:0xefd3ff39  x8=0xffffff7f
       10335000	      1032	80001174	bfeaae13	slti	x28,x21,-1026	 x21:0x00000001 x28=0x00000000
       10345000	      1033	80001178	009ecf33	xor	x30,x29,x9	 x29:0x102c0000  x9:0x00000000 x30=0x102c0000
       10355000	      1034	8000117c	40c805b3	sub	x11,x16,x12	 x16:0x00fb0000 x12:0x80009fc4 x11=0x80fa603c
       10365000	      1035	80001180	01600e33	add	x28,x0,x22	  x0:0x00000000 x22:0x00000000 x28=0x00000000
       10375000	      1036	80001184	00000013	addi	x0,x0,0	  x0:0x00000000
       10385000	      1037	80001188	02420863	beq	x4,x4,800011b8	  x4:0x00000000  x4:0x00000000
       10395000	      1038	00000000	00000013	addi	x0,x0,0	  x0:0x00000000
       10405000	      1039	800011b4	00000013	addi	x0,x0,0	  x0:0x00000000
       10415000	      1040	800011b8	01fe6463	bltu	x28,x31,800011c0	 x28:0x00000000 x31:0xfffffce6
       10425000	      1041	00000000	00000013	addi	x0,x0,0	  x0:0x00000000
       10435000	      1042	800011bc	00000013	addi	x0,x0,0	  x0:0x00000000
       10445000	      1043	800011c0	4012d293	srai	x5,x5,0x1	  x5:0x7ffff6aa  x5=0x3ffffb55
       10455000	      1044	800011c4	01459db3	sll	x27,x11,x20	 x11:0x80fa603c x20:0x00000001 x27=0x01f4c078
       10465000	      1045	800011c8	019f5513	srli	x10,x30,0x19	 x30:0x102c0000 x10=0x00000008
       10475000	      1046	800011cc	00eb3833	sltu	x16,x22,x14	 x22:0x00000000 x14:0x80001064 x16=0x00000001
       10485000	      1047	800011d0	007889b3	add	x19,x17,x7	 x17:0xefd3ff39  x7:0x80000000 x19=0x6fd3ff39
       10495000	      1048	800011d4	00314b33	xor	x22,x2,x3	  x2:0x80001064  x3:0x0013c000 x22=0x8013d064
       10505000	      1049	800011d8	013fd0b3	srl	x1,x31,x19	 x31:0xfffffce6 x19:0x6fd3ff39  x1=0x0000007f
       10515000	      1050	800011dc	4086d533	sra	x10,x13,x8	 x13:0xffffc000  x8:0xffffff7f x10=0xffffffff
       10525000	      1051	800011e0	00000013	addi	x0,x0,0	  x0:0x00000000
       10535000	      1052	800011e4	00c2d193	srli	x3,x5,0xc	  x5:0x3ffffb55  x3=0x0003ffff
       10545000	      1053	800011e8	01a5da63	bge	x11,x26,800011fc	 x11:0x80fa603c x26:0xefd3fdae
       10555000	      1054	800011ec	001de463	bltu	x27,x1,800011f4	 x27:0x01f4c078  x1:0x0000007f
       10565000	      1055	800011f0	010fc233	xor	x4,x31,x16	 x31:0xfffffce6 x16:0x00000001  x4=0xfffffce7
       10575000	      1056	800011f4	26c0f793	andi	x15,x1,620	  x1:0x0000007f x15=0x0000006c
       10585000	      1057	800011f8	41d807b3	sub	x15,x16,x29	 x16:0x00000001 x29:0x102c0000 x15=0xefd40001
       10595000	      1058	800011fc	01d93013	sltiu	x0,x18,29	 x18:0x2efc0000
       10605000	      1059	80001200	00ca5493	srli	x9,x20,0xc	 x20:0x00000001  x9=0x00000000
       10615000	      1060	80001204	01d04933	xor	x18,x0,x29	  x0:0x00000000 x29:0x102c0000 x18=0x102c0000
       10625000	      1061	80001208	00dcbcb3	sltu	x25,x25,x13	 x25:0xffffc15c x13:0xffffc000 x25=0x00000000
       10635000	      1062	8000120c	f7463813	sltiu	x16,x12,-140	 x12:0x80009fc4 x16=0x00000001
       10645000	      1063	80001210	009a49b3	xor	x19,x20,x9	 x20:0x00000001  x9:0x00000000 x19=0x00000001
       10655000	      1064	80001214	040e1463	bne	x28,x0,8000125c	 x28:0x00000000  x0:0x00000000
       10665000	      1065	80001218	010d2833	slt	x16,x26,x16	 x26:0xefd3fdae x16:0x00000001 x16=0x00000001
       10675000	      1066	8000121c	414f0533	sub	x10,x30,x20	 x30:0x102c0000 x20:0x00000001 x10=0x102bffff
       10685000	      1067	80001220	e992c893	xori	x17,x5,-359	  x5:0x3ffffb55 x17=0xc00005cc
       10695000	      1068	80001224	0065ce63	blt	x11,x6,80001240	 x11:0x80fa603c  x6:0xa7b0e000
       10705000	      1069	00000000	00000013	addi	x0,x0,0	  x0:0x00000000
       10715000	      1070	8000123c	00000013	addi	x0,x0,0	  x0:0x00000000
       10725000	      1071	80001240	414cda33	sra	x20,x25,x20	 x25:0x00000000 x20:0x00000001 x20=0x00000000
       10735000	      1072	80001244	4f345917	auipc	x18,0x4f345	 x18=0xcf346240
       10745000	      1073	80001248	df092113	slti	x2,x18,-528	 x18:0xcf346240  x2=0x00000001
       10755000	      1074	8000124c	c85c7213	andi	x4,x24,-891	 x24:0x00000000  x4=0x00000000
       10765000	      1075	80001250	a3372417	auipc	x8,0xa3372	  x8=0x2337324c
       10775000	      1076	80001254	0202ea63	bltu	x5,x0,80001288	  x5:0x3ffffb55  x0:0x00000000
       10785000	      1077	80001258	004ef8b3	and	x17,x29,x4	 x29:0x102c0000  x4:0x00000000 x17=0x00000000
       10795000	      1078	8000125c	2e2f0993	addi	x19,x30,738	 x30:0x102c0000 x19=0x102c02e2
       10805000	      1079	80001260	017358b3	srl	x17,x6,x23	  x6:0xa7b0e000 x23:0x80009f50 x17=0x0000a7b0
       10815000	      1080	80001264	89aa86b7	lui	x13,0x89aa8	 x13=0x89aa8000
       10825000	      1081	80001268	40dd52b3	sra	x5,x26,x13	 x26:0xefd3fdae x13:0x89aa8000  x5=0xefd3fdae
       10835000	      1082	8000126c	00669f33	sll	x30,x13,x6	 x13:0x89aa8000  x6:0xa7b0e000 x30=0x89aa8000
       10845000	      1083	80001270	005eec63	bltu	x29,x5,80001288	 x29:0x102c0000  x5:0xefd3fdae
       10855000	      1084	00000000	00000013	addi	x0,x0,0	  x0:0x00000000
       10865000	      1085	80001284	00000013	addi	x0,x0,0	  x0:0x00000000
       10875000	      1086	80001288	016f5993	srli	x19,x30,0x16	 x30:0x89aa8000 x19=0x00000226
       10885000	      1087	8000128c	01ae30b3	sltu	x1,x28,x26	 x28:0x00000000 x26:0xefd3fdae  x1=0x00000001
       10895000	      1088	80001290	3e53a593	slti	x11,x7,997	  x7:0x80000000 x11=0x00000001
       10905000	      1089	80001294	40e05d33	sra	x26,x0,x14	  x0:0x00000000 x14:0x80001064 x26=0x00000000
       10915000	      1090	80001298	41668033	sub	x0,x13,x22	 x13:0x89aa8000 x22:0x8013d064
       10925000	      1091	8000129c	329df993	andi	x19,x27,809	 x27:0x01f4c078 x19=0x00000028
       10935000	      1092	800012a0	017a3d33	sltu	x26,x20,x23	 x20:0x00000000 x23:0x80009f50 x26=0x00000001
       10945000	      1093	800012a4	8738c693	xori	x13,x17,-1933	 x17:0x0000a7b0 x13=0xffff5fc3
       10955000	      1094	800012a8	b6b24137	lui	x2,0xb6b24	  x2=0xb6b24000
       10965000	      1095	800012ac	400d58b3	sra	x17,x26,x0	 x26:0x00000001  x0:0x00000000 x17=0x00000001
       10975000	      1096	800012b0	f88a6013	ori	x0,x20,-120	 x20:0x00000000
       10985000	      1097	800012b4	01e9b833	sltu	x16,x19,x30	 x19:0x00000028 x30:0x89aa8000 x16=0x00000001
       10995000	      1098	800012b8	c070cd93	xori	x27,x1,-1017	  x1:0x00000001 x27=0xfffffc06
       11005000	      1099	800012bc	29ce6a93	ori	x21,x28,668	 x28:0x00000000 x21=0x0000029c
       11015000	      1100	800012c0	0091e7b3	or	x15,x3,x9	  x3:0x0003ffff  x9:0x00000000 x15=0x0003ffff
       11025000	      1101	800012c4	4191d533	sra	x10,x3,x25	  x3:0x0003ffff x25:0x00000000 x10=0x0003ffff
       11035000	      1102	800012c8	c5843393	sltiu	x7,x8,-936	  x8:0x2337324c  x7=0x00000001
       11045000	      1103	800012cc	013a21b3	slt	x3,x20,x19	 x20:0x00000000 x19:0x00000028  x3=0x00000001
       11055000	      1104	800012d0	0480036f	jal	x6,800012d0	  x6=0x800012d0
       11065000	      1105	00000000	00000013	addi	x0,x0,0	  x0:0x00000000
       11075000	      1106	80001314	00000013	addi	x0,x0,0	  x0:0x00000000
       11085000	      1107	80001318	ffdff26f	jal	x4,80001318	  x4=0x80001318
       11095000	      1108	00000000	00000013	addi	x0,x0,0	  x0:0x00000000
       11105000	      1109	80001310	00000013	addi	x0,x0,0	  x0:0x00000000
       11115000	      1110	80001314	fd9ff36f	jal	x6,80001314	  x6=0x80001314
       11125000	      1111	00000000	00000013	addi	x0,x0,0	  x0:0x00000000
       11135000	      1112	800012e8	00000013	addi	x0,x0,0	  x0:0x00000000
       11145000	      1113	800012ec	034005ef	jal	x11,800012ec	 x11=0x800012ec
       11155000	      1114	00000000	00000013	addi	x0,x0,0	  x0:0x00000000
       11165000	      1115	8000131c	00000013	addi	x0,x0,0	  x0:0x00000000
       11175000	      1116	80001320	fd1ff36f	jal	x6,80001320	  x6=0x80001320
       11185000	      1117	00000000	00000013	addi	x0,x0,0	  x0:0x00000000
       11195000	      1118	800012ec	00000013	addi	x0,x0,0	  x0:0x00000000
       11205000	      1119	800012f0	01c000ef	jal	x1,800012f0	  x1=0x800012f0
       11215000	      1120	00000000	00000013	addi	x0,x0,0	  x0:0x00000000
       11225000	      1121	80001308	00000013	addi	x0,x0,0	  x0:0x00000000
       11235000	      1122	8000130c	fedff0ef	jal	x1,8000130c	  x1=0x8000130c
       11245000	      1123	00000000	00000013	addi	x0,x0,0	  x0:0x00000000
       11255000	      1124	800012f4	00000013	addi	x0,x0,0	  x0:0x00000000
       11265000	      1125	800012f8	004000ef	jal	x1,800012f8	  x1=0x800012f8
       11275000	      1126	00000000	00000013	addi	x0,x0,0	  x0:0x00000000
       11285000	      1127	800012f8	00000013	addi	x0,x0,0	  x0:0x00000000
       11295000	      1128	800012fc	008000ef	jal	x1,800012fc	  x1=0x800012fc
       11305000	      1129	00000000	00000013	addi	x0,x0,0	  x0:0x00000000
       11315000	      1130	80001300	00000013	addi	x0,x0,0	  x0:0x00000000
       11325000	      1131	80001304	00c0036f	jal	x6,80001304	  x6=0x80001304
       11335000	      1132	00000000	00000013	addi	x0,x0,0	  x0:0x00000000
       11345000	      1133	8000130c	00000013	addi	x0,x0,0	  x0:0x00000000
       11355000	      1134	80001310	ff1ff0ef	jal	x1,80001310	  x1=0x80001310
       11365000	      1135	00000000	00000013	addi	x0,x0,0	  x0:0x00000000
       11375000	      1136	800012fc	00000013	addi	x0,x0,0	  x0:0x00000000
       11385000	      1137	80001300	fd9ff0ef	jal	x1,80001300	  x1=0x80001300
       11395000	      1138	00000000	00000013	addi	x0,x0,0	  x0:0x00000000
       11405000	      1139	800012d4	00000013	addi	x0,x0,0	  x0:0x00000000
       11415000	      1140	800012d8	00c000ef	jal	x1,800012d8	  x1=0x800012d8
       11425000	      1141	00000000	00000013	addi	x0,x0,0	  x0:0x00000000
       11435000	      1142	800012e0	00000013	addi	x0,x0,0	  x0:0x00000000
       11445000	      1143	800012e4	ff1ff0ef	jal	x1,800012e4	  x1=0x800012e4
       11455000	      1144	00000000	00000013	addi	x0,x0,0	  x0:0x00000000
       11465000	      1145	800012d0	00000013	addi	x0,x0,0	  x0:0x00000000
       11475000	      1146	800012d4	014002ef	jal	x5,800012d4	  x5=0x800012d4
       11485000	      1147	00000000	00000013	addi	x0,x0,0	  x0:0x00000000
       11495000	      1148	800012e4	00000013	addi	x0,x0,0	  x0:0x00000000
       11505000	      1149	800012e8	02000d6f	jal	x26,800012e8	 x26=0x800012e8
       11515000	      1150	00000000	00000013	addi	x0,x0,0	  x0:0x00000000
       11525000	      1151	80001304	00000013	addi	x0,x0,0	  x0:0x00000000
       11535000	      1152	80001308	fd5ff0ef	jal	x1,80001308	  x1=0x80001308
       11545000	      1153	00000000	00000013	addi	x0,x0,0	  x0:0x00000000
       11555000	      1154	800012d8	00000013	addi	x0,x0,0	  x0:0x00000000
       11565000	      1155	800012dc	004000ef	jal	x1,800012dc	  x1=0x800012dc
       11575000	      1156	00000000	00000013	addi	x0,x0,0	  x0:0x00000000
       11585000	      1157	800012dc	00000013	addi	x0,x0,0	  x0:0x00000000
       11595000	      1158	800012e0	0140036f	jal	x6,800012e0	  x6=0x800012e0
       11605000	      1159	00000000	00000013	addi	x0,x0,0	  x0:0x00000000
       11615000	      1160	800012f0	00000013	addi	x0,x0,0	  x0:0x00000000
       11625000	      1161	800012f4	028000ef	jal	x1,800012f4	  x1=0x800012f4
       11635000	      1162	00000000	00000013	addi	x0,x0,0	  x0:0x00000000
       11645000	      1163	80001318	00000013	addi	x0,x0,0	  x0:0x00000000
       11655000	      1164	8000131c	00800aef	jal	x21,8000131c	 x21=0x8000131c
       11665000	      1165	00000000	00000013	addi	x0,x0,0	  x0:0x00000000
       11675000	      1166	80001320	00000013	addi	x0,x0,0	  x0:0x00000000
       11685000	      1167	80001324	004637b3	sltu	x15,x12,x4	 x12:0x80009fc4  x4:0x80001318 x15=0x00000000
       11695000	      1168	80001328	003939b3	sltu	x19,x18,x3	 x18:0xcf346240  x3:0x00000001 x19=0x00000000
       11705000	      1169	8000132c	003dd193	srli	x3,x27,0x3	 x27:0xfffffc06  x3=0x1fffff80
       11715000	      1170	80001330	298503b7	lui	x7,0x29850	  x7=0x29850000
       11725000	      1171	80001334	006fc5b3	xor	x11,x31,x6	 x31:0xfffffce6  x6:0x800012e0 x11=0x7fffee06
       11735000	      1172	80001338	01d6c2b3	xor	x5,x13,x29	 x13:0xffff5fc3 x29:0x102c0000  x5=0xefd35fc3
       11745000	      1173	8000133c	00000013	addi	x0,x0,0	  x0:0x00000000
       11755000	      1174	80001340	daf5bf13	sltiu	x30,x11,-593	 x11:0x7fffee06 x30=0x00000001
       11765000	      1175	80001344	4855f513	andi	x10,x11,1157	 x11:0x7fffee06 x10=0x00000404
       11775000	      1176	80001348	01f4c9b3	xor	x19,x9,x31	  x9:0x00000000 x31:0xfffffce6 x19=0xfffffce6
       11785000	      1177	8000134c	05901463	bne	x0,x25,80001394	  x0:0x00000000 x25:0x00000000
       11795000	      1178	80001350	05258863	beq	x11,x18,800013a0	 x11:0x7fffee06 x18:0xcf346240
       11805000	      1179	80001354	1441fe13	andi	x28,x3,324	  x3:0x1fffff80 x28=0x00000100
       11815000	      1180	80001358	5e097a13	andi	x20,x18,1504	 x18:0xcf346240 x20=0x00000040
       11825000	      1181	8000135c	16af2193	slti	x3,x30,362	 x30:0x00000001  x3=0x00000001
       11835000	      1182	80001360	41325733	sra	x14,x4,x19	  x4:0x80001318 x19:0xfffffce6 x14=0xfe00004c
       11845000	      1183	80001364	0445f663	bgeu	x11,x4,800013b0	 x11:0x7fffee06  x4:0x80001318
       11855000	      1184	80001368	86bc3313	sltiu	x6,x24,-1941	 x24:0x00000000  x6=0x00000001
       11865000	      1185	8000136c	02995863	bge	x18,x9,8000139c	 x18:0xcf346240  x9:0x00000000
       11875000	      1186	80001370	35b9a793	slti	x15,x19,859	 x19:0xfffffce6 x15=0x00000001
       11885000	      1187	80001374	01a8e463	bltu	x17,x26,8000137c	 x17:0x00000001 x26:0x800012e8
       11895000	      1188	00000000	00000013	addi	x0,x0,0	  x0:0x00000000
       11905000	      1189	80001378	00000013	addi	x0,x0,0	  x0:0x00000000
       11915000	      1190	8000137c	ece7ba13	sltiu	x20,x15,-306	 x15:0x00000001 x20=0x00000001
       11925000	      1191	80001380	01ee7033	and	x0,x28,x30	 x28:0x00000100 x30:0x00000001
       11935000	      1192	80001384	1c118113	addi	x2,x3,449	  x3:0x00000001  x2=0x000001c2
       11945000	      1193	80001388	01be20b3	slt	x1,x28,x27	 x28:0x00000100 x27:0xfffffc06  x1=0x00000000
       11955000	      1194	8000138c	4056dfb3	sra	x31,x13,x5	 x13:0xffff5fc3  x5:0xefd35fc3 x31=0xffffebf8
       11965000	      1195	80001390	721bf013	andi	x0,x23,1825	 x23:0x80009f50
       11975000	      1196	80001394	a2f5fd93	andi	x27,x11,-1489	 x11:0x7fffee06 x27=0x7fffea06
       11985000	      1197	80001398	00eac5b3	xor	x11,x21,x14	 x21:0x8000131c x14:0xfe00004c x11=0x7e001350
       11995000	      1198	8000139c	04930463	beq	x6,x9,800013e4	  x6:0x00000001  x9:0x00000000
       12005000	      1199	800013a0	017600b3	add	x1,x12,x23	 x12:0x80009fc4 x23:0x80009f50  x1=0x00013f14
       12015000	      1200	800013a4	0017d293	srli	x5,x15,0x1	 x15:0x00000001  x5=0x00000000
       12025000	      1201	800013a8	996e2eb7	lui	x29,0x996e2	 x29=0x996e2000
       12035000	      1202	800013ac	04f78063	beq	x15,x15,800013ec	 x15:0x00000001 x15:0x00000001
       12045000	      1203	00000000	00000013	addi	x0,x0,0	  x0:0x00000000
       12055000	      1204	800013e8	00000013	addi	x0,x0,0	  x0:0x00000000
       12065000	      1205	800013ec	03c4e863	bltu	x9,x28,8000141c	  x9:0x00000000 x28:0x00000100
       12075000	      1206	00000000	00000013	addi	x0,x0,0	  x0:0x00000000
       12085000	      1207	80001418	00000013	addi	x0,x0,0	  x0:0x00000000
       12095000	      1208	8000141c	00d65db3	srl	x27,x12,x13	 x12:0x80009fc4 x13:0xffff5fc3 x27=0x100013f8
       12105000	      1209	80001420	00deaa37	lui	x20,0xdea	 x20=0x00dea000
       12115000	      1210	80001424	01b5b5b3	sltu	x11,x11,x27	 x11:0x7e001350 x27:0x100013f8 x11=0x00000000
       12125000	      1211	80001428	002b28b3	slt	x17,x22,x2	 x22:0x8013d064  x2:0x000001c2 x17=0x00000001
       12135000	      1212	8000142c	00000013	addi	x0,x0,0	  x0:0x00000000
       12145000	      1213	80001430	051f7463	bgeu	x30,x17,80001478	 x30:0x00000001 x17:0x00000001
       12155000	      1214	00000000	00000013	addi	x0,x0,0	  x0:0x00000000
       12165000	      1215	80001474	00000013	addi	x0,x0,0	  x0:0x00000000
       12175000	      1216	80001478	01186e63	bltu	x16,x17,80001494	 x16:0x00000001 x17:0x00000001
       12185000	      1217	8000147c	01c144b3	xor	x9,x2,x28	  x2:0x000001c2 x28:0x00000100  x9=0x000000c2
       12195000	      1218	80001480	002e1093	slli	x1,x28,0x2	 x28:0x00000100  x1=0x00000400
       12205000	      1219	80001484	405cd833	sra	x16,x25,x5	 x25:0x00000000  x5:0x00000000 x16=0x00000000
       12215000	      1220	80001488	03875263	bge	x14,x24,800014ac	 x14:0xfe00004c x24:0x00000000
       12225000	      1221	8000148c	00c051b3	srl	x3,x0,x12	  x0:0x00000000 x12:0x80009fc4  x3=0x00000000
       12235000	      1222	80001490	01e19713	slli	x14,x3,0x1e	  x3:0x00000000 x14=0x00000000
       12245000	      1223	80001494	022ec063	blt	x29,x2,800014b4	 x29:0x996e2000  x2:0x000001c2
       12255000	      1224	00000000	00000013	addi	x0,x0,0	  x0:0x00000000
       12265000	      1225	800014b0	00000013	addi	x0,x0,0	  x0:0x00000000
       12275000	      1226	800014b4	845a3a93	sltiu	x21,x20,-1979	 x20:0x00dea000 x21=0x00000001
       12285000	      1227	800014b8	004ba303	lw	x6,4(x23)	 x23:0x80009f50  x6=0x80000144 PA:0x80009f54
       12295000	      1228	00000000	00000013	addi	x0,x0,0	  x0:0x00000000
       12305000	      1229	800014bc	006bad33	slt	x26,x23,x6	 x23:0x80009f50  x6:0x80000144 x26=0x00000000
       12315000	      1230	800014c0	01661f33	sll	x30,x12,x22	 x12:0x80009fc4 x22:0x8013d064 x30=0x0009fc40
       12325000	      1231	800014c4	41a1db33	sra	x22,x3,x26	  x3:0x00000000 x26:0x00000000 x22=0x00000000
       12335000	      1232	800014c8	0012f033	and	x0,x5,x1	  x5:0x00000000  x1:0x00000400
       12345000	      1233	800014cc	0012f5b3	and	x11,x5,x1	  x5:0x00000000  x1:0x00000400 x11=0x00000000
       12355000	      1234	800014d0	006c5093	srli	x1,x24,0x6	 x24:0x00000000  x1=0x00000000
       12365000	      1235	800014d4	40dbd093	srai	x1,x23,0xd	 x23:0x80009f50  x1=0xfffc0004
       12375000	      1236	800014d8	01f42cb3	slt	x25,x8,x31	  x8:0x2337324c x31:0xffffebf8 x25=0x00000000
       12385000	      1237	800014dc	034b8b93	addi	x23,x23,52	 x23:0x80009f50 x23=0x80009f84
       12395000	      1238	800014e0	00e956b3	srl	x13,x18,x14	 x18:0xcf346240 x14:0x00000000 x13=0xcf346240
       12405000	      1239	800014e4	00030193	addi	x3,x6,0	  x6:0x80000144  x3=0x80000144
       12415000	      1240	800014e8	000181e7	jalr	x3,x3,0	  x3:0x80000144  x3=0x800014e8
       12425000	      1241	00000000	00000013	addi	x0,x0,0	  x0:0x00000000
       12435000	      1242	80000144	00000013	addi	x0,x0,0	  x0:0x00000000
       12445000	      1243	80000148	0300036f	jal	x6,80000148	  x6=0x80000148
       12455000	      1244	00000000	00000013	addi	x0,x0,0	  x0:0x00000000
       12465000	      1245	80000174	00000013	addi	x0,x0,0	  x0:0x00000000
       12475000	      1246	80000178	fd5ff0ef	jal	x1,80000178	  x1=0x80000178
       12485000	      1247	00000000	00000013	addi	x0,x0,0	  x0:0x00000000
       12495000	      1248	80000148	00000013	addi	x0,x0,0	  x0:0x00000000
       12505000	      1249	8000014c	04c000ef	jal	x1,8000014c	  x1=0x8000014c
       12515000	      1250	00000000	00000013	addi	x0,x0,0	  x0:0x00000000
       12525000	      1251	80000194	00000013	addi	x0,x0,0	  x0:0x00000000
       12535000	      1252	80000198	fedff0ef	jal	x1,80000198	  x1=0x80000198
       12545000	      1253	00000000	00000013	addi	x0,x0,0	  x0:0x00000000
       12555000	      1254	80000180	00000013	addi	x0,x0,0	  x0:0x00000000
       12565000	      1255	80000184	fd5ff0ef	jal	x1,80000184	  x1=0x80000184
       12575000	      1256	00000000	00000013	addi	x0,x0,0	  x0:0x00000000
       12585000	      1257	80000154	00000013	addi	x0,x0,0	  x0:0x00000000
       12595000	      1258	80000158	0280036f	jal	x6,80000158	  x6=0x80000158
       12605000	      1259	00000000	00000013	addi	x0,x0,0	  x0:0x00000000
       12615000	      1260	8000017c	00000013	addi	x0,x0,0	  x0:0x00000000
       12625000	      1261	80000180	01c002ef	jal	x5,80000180	  x5=0x80000180
       12635000	      1262	00000000	00000013	addi	x0,x0,0	  x0:0x00000000
       12645000	      1263	80000198	00000013	addi	x0,x0,0	  x0:0x00000000
       12655000	      1264	8000019c	fcdff0ef	jal	x1,8000019c	  x1=0x8000019c
       12665000	      1265	00000000	00000013	addi	x0,x0,0	  x0:0x00000000
       12675000	      1266	80000164	00000013	addi	x0,x0,0	  x0:0x00000000
       12685000	      1267	80000168	ffdff2ef	jal	x5,80000168	  x5=0x80000168
       12695000	      1268	00000000	00000013	addi	x0,x0,0	  x0:0x00000000
       12705000	      1269	80000160	00000013	addi	x0,x0,0	  x0:0x00000000
       12715000	      1270	80000164	024000ef	jal	x1,80000164	  x1=0x80000164
       12725000	      1271	00000000	00000013	addi	x0,x0,0	  x0:0x00000000
       12735000	      1272	80000184	00000013	addi	x0,x0,0	  x0:0x00000000
       12745000	      1273	80000188	fe9ffeef	jal	x29,80000188	 x29=0x80000188
       12755000	      1274	00000000	00000013	addi	x0,x0,0	  x0:0x00000000
       12765000	      1275	8000016c	00000013	addi	x0,x0,0	  x0:0x00000000
       12775000	      1276	80000170	0200036f	jal	x6,80000170	  x6=0x80000170
       12785000	      1277	00000000	00000013	addi	x0,x0,0	  x0:0x00000000
       12795000	      1278	8000018c	00000013	addi	x0,x0,0	  x0:0x00000000
       12805000	      1279	80000190	fd1ff0ef	jal	x1,80000190	  x1=0x80000190
       12815000	      1280	00000000	00000013	addi	x0,x0,0	  x0:0x00000000
       12825000	      1281	8000015c	00000013	addi	x0,x0,0	  x0:0x00000000
       12835000	      1282	80000160	00c0026f	jal	x4,80000160	  x4=0x80000160
       12845000	      1283	00000000	00000013	addi	x0,x0,0	  x0:0x00000000
       12855000	      1284	80000168	00000013	addi	x0,x0,0	  x0:0x00000000
       12865000	      1285	8000016c	0100036f	jal	x6,8000016c	  x6=0x8000016c
       12875000	      1286	00000000	00000013	addi	x0,x0,0	  x0:0x00000000
       12885000	      1287	80000178	00000013	addi	x0,x0,0	  x0:0x00000000
       12895000	      1288	8000017c	018000ef	jal	x1,8000017c	  x1=0x8000017c
       12905000	      1289	00000000	00000013	addi	x0,x0,0	  x0:0x00000000
       12915000	      1290	80000190	00000013	addi	x0,x0,0	  x0:0x00000000
       12925000	      1291	80000194	fc1ff0ef	jal	x1,80000194	  x1=0x80000194
       12935000	      1292	00000000	00000013	addi	x0,x0,0	  x0:0x00000000
       12945000	      1293	80000150	00000013	addi	x0,x0,0	  x0:0x00000000
       12955000	      1294	80000154	008000ef	jal	x1,80000154	  x1=0x80000154
       12965000	      1295	00000000	00000013	addi	x0,x0,0	  x0:0x00000000
       12975000	      1296	80000158	00000013	addi	x0,x0,0	  x0:0x00000000
       12985000	      1297	8000015c	0440036f	jal	x6,8000015c	  x6=0x8000015c
       12995000	      1298	00000000	00000013	addi	x0,x0,0	  x0:0x00000000
       13005000	      1299	8000019c	00000013	addi	x0,x0,0	  x0:0x00000000
       13015000	      1300	800001a0	fb1ffe6f	jal	x28,800001a0	 x28=0x800001a0
       13025000	      1301	00000000	00000013	addi	x0,x0,0	  x0:0x00000000
       13035000	      1302	8000014c	00000013	addi	x0,x0,0	  x0:0x00000000
       13045000	      1303	80000150	024005ef	jal	x11,80000150	 x11=0x80000150
       13055000	      1304	00000000	00000013	addi	x0,x0,0	  x0:0x00000000
       13065000	      1305	80000170	00000013	addi	x0,x0,0	  x0:0x00000000
       13075000	      1306	80000174	0180036f	jal	x6,80000174	  x6=0x80000174
       13085000	      1307	00000000	00000013	addi	x0,x0,0	  x0:0x00000000
       13095000	      1308	80000188	00000013	addi	x0,x0,0	  x0:0x00000000
       13105000	      1309	8000018c	018000ef	jal	x1,8000018c	  x1=0x8000018c
       13115000	      1310	00000000	00000013	addi	x0,x0,0	  x0:0x00000000
       13125000	      1311	800001a0	00000013	addi	x0,x0,0	  x0:0x00000000
       13135000	      1312	800001a4	00e446b3	xor	x13,x8,x14	  x8:0x2337324c x14:0x00000000 x13=0x2337324c
       13145000	      1313	800001a8	00c6f333	and	x6,x13,x12	 x13:0x2337324c x12:0x80009fc4  x6=0x00001244
       13155000	      1314	800001ac	01763ab3	sltu	x21,x12,x23	 x12:0x80009fc4 x23:0x80009f84 x21=0x00000000
       13165000	      1315	800001b0	68034713	xori	x14,x6,1664	  x6:0x00001244 x14=0x000014c4
       13175000	      1316	800001b4	006d7663	bgeu	x26,x6,800001c0	 x26:0x00000000  x6:0x00001244
       13185000	      1317	800001b8	405f00b3	sub	x1,x30,x5	 x30:0x0009fc40  x5:0x80000168  x1=0x8009fad8
       13195000	      1318	800001bc	019588b3	add	x17,x11,x25	 x11:0x80000150 x25:0x00000000 x17=0x80000150
       13205000	      1319	800001c0	576fed93	ori	x27,x31,1398	 x31:0xffffebf8 x27=0xffffeffe
       13215000	      1320	800001c4	011ec433	xor	x8,x29,x17	 x29:0x80000188 x17:0x80000150  x8=0x000000d8
       13225000	      1321	800001c8	00a240b3	xor	x1,x4,x10	  x4:0x80000160 x10:0x00000404  x1=0x80000564
       13235000	      1322	800001cc	00b3d8b3	srl	x17,x7,x11	  x7:0x29850000 x11:0x80000150 x17=0x00002985
       13245000	      1323	800001d0	03f9ec63	bltu	x19,x31,80000208	 x19:0xfffffce6 x31:0xffffebf8
       13255000	      1324	800001d4	cbb3fc93	andi	x25,x7,-837	  x7:0x29850000 x25=0x29850000
       13265000	      1325	800001d8	599c0a13	addi	x20,x24,1433	 x24:0x00000000 x20=0x00000599
       13275000	      1326	800001dc	00908833	add	x16,x1,x9	  x1:0x80000564  x9:0x000000c2 x16=0x80000626
       13285000	      1327	800001e0	01c82733	slt	x14,x16,x28	 x16:0x80000626 x28:0x800001a0 x14=0x00000000
       13295000	      1328	800001e4	8e438d93	addi	x27,x7,-1820	  x7:0x29850000 x27=0x2984f8e4
       13305000	      1329	800001e8	00bdba33	sltu	x20,x27,x11	 x27:0x2984f8e4 x11:0x80000150 x20=0x00000001
       13315000	      1330	800001ec	014774b3	and	x9,x14,x20	 x14:0x00000000 x20:0x00000001  x9=0x00000000
       13325000	      1331	800001f0	a9a1a693	slti	x13,x3,-1382	  x3:0x800014e8 x13=0x00000001
       13335000	      1332	800001f4	fc5f8c93	addi	x25,x31,-59	 x31:0xffffebf8 x25=0xffffebbd
       13345000	      1333	800001f8	005b4fb3	xor	x31,x22,x5	 x22:0x00000000  x5:0x80000168 x31=0x80000168
       13355000	      1334	800001fc	047f7063	bgeu	x30,x7,8000023c	 x30:0x0009fc40  x7:0x29850000
       13365000	      1335	80000200	039bde63	bge	x23,x25,8000023c	 x23:0x80009f84 x25:0xffffebbd
       13375000	      1336	80000204	00029693	slli	x13,x5,0x0	  x5:0x80000168 x13=0x80000168
       13385000	      1337	80000208	024c8a63	beq	x25,x4,8000023c	 x25:0xffffebbd  x4:0x80000160
       13395000	      1338	8000020c	747ac793	xori	x15,x21,1863	 x21:0x00000000 x15=0x00000747
       13405000	      1339	80000210	01393e33	sltu	x28,x18,x19	 x18:0xcf346240 x19:0xfffffce6 x28=0x00000001
       13415000	      1340	80000214	00002317	auipc	x6,0x2	  x6=0x80002210
       13425000	      1341	80000218	5fc30313	addi	x6,x6,1532	  x6:0x80002210  x6=0x8000280c
       13435000	      1342	8000021c	406602b3	sub	x5,x12,x6	 x12:0x80009fc4  x6:0x8000280c  x5=0x000077b8
       13445000	      1343	80000220	34c30313	addi	x6,x6,844	  x6:0x8000280c  x6=0x80002b58
       13455000	      1344	80000224	256bc813	xori	x16,x23,598	 x23:0x80009f84 x16=0x80009dd2
       13465000	      1345	80000228	4090d093	srai	x1,x1,0x9	  x1:0x80000564  x1=0xffc00002
       13475000	      1346	8000022c	00000013	addi	x0,x0,0	  x0:0x00000000
       13485000	      1347	80000230	2a597693	andi	x13,x18,677	 x18:0xcf346240 x13=0x00000200
       13495000	      1348	80000234	01cca1b3	slt	x3,x25,x28	 x25:0xffffebbd x28:0x00000001  x3=0x00000001
       13505000	      1349	80000238	cb430367	jalr	x6,x6,-844	  x6:0x80002b58  x6=0x80000238
       13515000	      1350	00000000	00000013	addi	x0,x0,0	  x0:0x00000000
       13525000	      1351	8000280c	00000013	addi	x0,x0,0	  x0:0x00000000
       13535000	      1352	80002810	0199e463	bltu	x19,x25,80002818	 x19:0xfffffce6 x25:0xffffebbd
       13545000	      1353	80002814	4029de93	srai	x29,x19,0x2	 x19:0xfffffce6 x29=0xffffff39
       13555000	      1354	80002818	fecb8b93	addi	x23,x23,-20	 x23:0x80009f84 x23=0x80009f70
       13565000	      1355	8000281c	005dd693	srli	x13,x27,0x5	 x27:0x2984f8e4 x13=0x014c27c7
       13575000	      1356	80002820	006ba223	sw	x6,4(x23)	 x23:0x80009f70  x6:0x80000238 PA:0x80009f74
       13585000	      1357	80002824	0076ce33	xor	x28,x13,x7	 x13:0x014c27c7  x7:0x29850000 x28=0x28c927c7
       13595000	      1358	80002828	01b5d793	srli	x15,x11,0x1b	 x11:0x80000150 x15=0x00000010
       13605000	      1359	8000282c	01e2ffb3	and	x31,x5,x30	  x5:0x000077b8 x30:0x0009fc40 x31=0x00007400
       13615000	      1360	80002830	00000717	auipc	x14,0x0	 x14=0x8000282c
       13625000	      1361	80002834	0d470713	addi	x14,x14,212	 x14:0x8000282c x14=0x80002900
       13635000	      1362	80002838	f3b9e493	ori	x9,x19,-197	 x19:0xfffffce6  x9=0xffffffff
       13645000	      1363	8000283c	da28e293	ori	x5,x17,-606	 x17:0x00002985  x5=0xfffffda7
       13655000	      1364	80002840	cec41a97	auipc	x21,0xcec41	 x21=0x4ec4383c
       13665000	      1365	80002844	dfcd3793	sltiu	x15,x26,-516	 x26:0x00000000 x15=0x00000001
       13675000	      1366	80002848	09070713	addi	x14,x14,144	 x14:0x80002900 x14=0x80002990
       13685000	      1367	8000284c	00b36663	bltu	x6,x11,80002858	  x6:0x80000238 x11:0x80000150
       13695000	      1368	80002850	002dbfb3	sltu	x31,x27,x2	 x27:0x2984f8e4  x2:0x000001c2 x31=0x00000000
       13705000	      1369	80002854	00000013	addi	x0,x0,0	  x0:0x00000000
       13715000	      1370	80002858	f7070367	jalr	x6,x14,-144	 x14:0x80002990  x6=0x80002858
       13725000	      1371	00000000	00000013	addi	x0,x0,0	  x0:0x00000000
       13735000	      1372	80002900	00000013	addi	x0,x0,0	  x0:0x00000000
       13745000	      1373	80002904	01f15863	bge	x2,x31,80002914	  x2:0x000001c2 x31:0x00000000
       13755000	      1374	00000000	00000013	addi	x0,x0,0	  x0:0x00000000
       13765000	      1375	80002910	00000013	addi	x0,x0,0	  x0:0x00000000
       13775000	      1376	80002914	ff4b8b93	addi	x23,x23,-12	 x23:0x80009f70 x23=0x80009f64
       13785000	      1377	80002918	006ba223	sw	x6,4(x23)	 x23:0x80009f64  x6:0x80002858 PA:0x80009f68
       13795000	      1378	8000291c	40ccdc93	srai	x25,x25,0xc	 x25:0xffffebbd x25=0xfffffffe
       13805000	      1379	80002920	0042ca33	xor	x20,x5,x4	  x5:0xfffffda7  x4:0x80000160 x20=0x7ffffcc7
       13815000	      1380	80002924	81af7c93	andi	x25,x30,-2022	 x30:0x0009fc40 x25=0x0009f800
       13825000	      1381	80002928	012e8833	add	x16,x29,x18	 x29:0xffffff39 x18:0xcf346240 x16=0xcf346179
       13835000	      1382	8000292c	0440036f	jal	x6,8000292c	  x6=0x8000292c
       13845000	      1383	00000000	00000013	addi	x0,x0,0	  x0:0x00000000
       13855000	      1384	8000296c	00000013	addi	x0,x0,0	  x0:0x00000000
       13865000	      1385	80002970	fc9ff16f	jal	x2,80002970	  x2=0x80002970
       13875000	      1386	00000000	00000013	addi	x0,x0,0	  x0:0x00000000
       13885000	      1387	80002934	00000013	addi	x0,x0,0	  x0:0x00000000
       13895000	      1388	80002938	040000ef	jal	x1,80002938	  x1=0x80002938
       13905000	      1389	00000000	00000013	addi	x0,x0,0	  x0:0x00000000
       13915000	      1390	80002974	00000013	addi	x0,x0,0	  x0:0x00000000
       13925000	      1391	80002978	004000ef	jal	x1,80002978	  x1=0x80002978
       13935000	      1392	00000000	00000013	addi	x0,x0,0	  x0:0x00000000
       13945000	      1393	80002978	00000013	addi	x0,x0,0	  x0:0x00000000
       13955000	      1394	8000297c	fb9ff1ef	jal	x3,8000297c	  x3=0x8000297c
       13965000	      1395	00000000	00000013	addi	x0,x0,0	  x0:0x00000000
       13975000	      1396	80002930	00000013	addi	x0,x0,0	  x0:0x00000000
       13985000	      1397	80002934	0100036f	jal	x6,80002934	  x6=0x80002934
       13995000	      1398	00000000	00000013	addi	x0,x0,0	  x0:0x00000000
       14005000	      1399	80002940	00000013	addi	x0,x0,0	  x0:0x00000000
       14015000	      1400	80002944	fedffcef	jal	x25,80002944	 x25=0x80002944
       14025000	      1401	00000000	00000013	addi	x0,x0,0	  x0:0x00000000
       14035000	      1402	8000292c	00000013	addi	x0,x0,0	  x0:0x00000000
       14045000	      1403	80002930	03000e6f	jal	x28,80002930	 x28=0x80002930
       14055000	      1404	00000000	00000013	addi	x0,x0,0	  x0:0x00000000
       14065000	      1405	8000295c	00000013	addi	x0,x0,0	  x0:0x00000000
       14075000	      1406	80002960	ffdffaef	jal	x21,80002960	 x21=0x80002960
       14085000	      1407	00000000	00000013	addi	x0,x0,0	  x0:0x00000000
       14095000	      1408	80002958	00000013	addi	x0,x0,0	  x0:0x00000000
       14105000	      1409	8000295c	0180036f	jal	x6,8000295c	  x6=0x8000295c
       14115000	      1410	00000000	00000013	addi	x0,x0,0	  x0:0x00000000
       14125000	      1411	80002970	00000013	addi	x0,x0,0	  x0:0x00000000
       14135000	      1412	80002974	00c000ef	jal	x1,80002974	  x1=0x80002974
       14145000	      1413	00000000	00000013	addi	x0,x0,0	  x0:0x00000000
       14155000	      1414	8000297c	00000013	addi	x0,x0,0	  x0:0x00000000
       14165000	      1415	80002980	fc9ff36f	jal	x6,80002980	  x6=0x80002980
       14175000	      1416	00000000	00000013	addi	x0,x0,0	  x0:0x00000000
       14185000	      1417	80002944	00000013	addi	x0,x0,0	  x0:0x00000000
       14195000	      1418	80002948	ff9ff0ef	jal	x1,80002948	  x1=0x80002948
       14205000	      1419	00000000	00000013	addi	x0,x0,0	  x0:0x00000000
       14215000	      1420	8000293c	00000013	addi	x0,x0,0	  x0:0x00000000
       14225000	      1421	80002940	028000ef	jal	x1,80002940	  x1=0x80002940
       14235000	      1422	00000000	00000013	addi	x0,x0,0	  x0:0x00000000
       14245000	      1423	80002964	00000013	addi	x0,x0,0	  x0:0x00000000
       14255000	      1424	80002968	00400e6f	jal	x28,80002968	 x28=0x80002968
       14265000	      1425	00000000	00000013	addi	x0,x0,0	  x0:0x00000000
       14275000	      1426	80002968	00000013	addi	x0,x0,0	  x0:0x00000000
       14285000	      1427	8000296c	fedff26f	jal	x4,8000296c	  x4=0x8000296c
       14295000	      1428	00000000	00000013	addi	x0,x0,0	  x0:0x00000000
       14305000	      1429	80002954	00000013	addi	x0,x0,0	  x0:0x00000000
       14315000	      1430	80002958	ff9ff46f	jal	x8,80002958	  x8=0x80002958
       14325000	      1431	00000000	00000013	addi	x0,x0,0	  x0:0x00000000
       14335000	      1432	8000294c	00000013	addi	x0,x0,0	  x0:0x00000000
       14345000	      1433	80002950	0040036f	jal	x6,80002950	  x6=0x80002950
       14355000	      1434	00000000	00000013	addi	x0,x0,0	  x0:0x00000000
       14365000	      1435	80002950	00000013	addi	x0,x0,0	  x0:0x00000000
       14375000	      1436	80002954	fe9ff2ef	jal	x5,80002954	  x5=0x80002954
       14385000	      1437	00000000	00000013	addi	x0,x0,0	  x0:0x00000000
       14395000	      1438	80002938	00000013	addi	x0,x0,0	  x0:0x00000000
       14405000	      1439	8000293c	02800a6f	jal	x20,8000293c	 x20=0x8000293c
       14415000	      1440	00000000	00000013	addi	x0,x0,0	  x0:0x00000000
       14425000	      1441	80002960	00000013	addi	x0,x0,0	  x0:0x00000000
       14435000	      1442	80002964	fe9ff36f	jal	x6,80002964	  x6=0x80002964
       14445000	      1443	00000000	00000013	addi	x0,x0,0	  x0:0x00000000
       14455000	      1444	80002948	00000013	addi	x0,x0,0	  x0:0x00000000
       14465000	      1445	8000294c	0380036f	jal	x6,8000294c	  x6=0x8000294c
       14475000	      1446	00000000	00000013	addi	x0,x0,0	  x0:0x00000000
       14485000	      1447	80002980	00000013	addi	x0,x0,0	  x0:0x00000000
       14495000	      1448	80002984	00def233	and	x4,x29,x13	 x29:0xffffff39 x13:0x014c27c7  x4=0x014c2701
       14505000	      1449	80002988	0340036f	jal	x6,80002988	  x6=0x80002988
       14515000	      1450	00000000	00000013	addi	x0,x0,0	  x0:0x00000000
       14525000	      1451	800029b8	00000013	addi	x0,x0,0	  x0:0x00000000
       14535000	      1452	800029bc	014000ef	jal	x1,800029bc	  x1=0x800029bc
       14545000	      1453	00000000	00000013	addi	x0,x0,0	  x0:0x00000000
       14555000	      1454	800029cc	00000013	addi	x0,x0,0	  x0:0x00000000
       14565000	      1455	800029d0	ff1ffaef	jal	x21,800029d0	 x21=0x800029d0
       14575000	      1456	00000000	00000013	addi	x0,x0,0	  x0:0x00000000
       14585000	      1457	800029bc	00000013	addi	x0,x0,0	  x0:0x00000000
       14595000	      1458	800029c0	fe9ff0ef	jal	x1,800029c0	  x1=0x800029c0
       14605000	      1459	00000000	00000013	addi	x0,x0,0	  x0:0x00000000
       14615000	      1460	800029a4	00000013	addi	x0,x0,0	  x0:0x00000000
       14625000	      1461	800029a8	030008ef	jal	x17,800029a8	 x17=0x800029a8
       14635000	      1462	00000000	00000013	addi	x0,x0,0	  x0:0x00000000
       14645000	      1463	800029d4	00000013	addi	x0,x0,0	  x0:0x00000000
       14655000	      1464	800029d8	fbdff2ef	jal	x5,800029d8	  x5=0x800029d8
       14665000	      1465	00000000	00000013	addi	x0,x0,0	  x0:0x00000000
       14675000	      1466	80002990	00000013	addi	x0,x0,0	  x0:0x00000000
       14685000	      1467	80002994	050000ef	jal	x1,80002994	  x1=0x80002994
       14695000	      1468	00000000	00000013	addi	x0,x0,0	  x0:0x00000000
       14705000	      1469	800029e0	00000013	addi	x0,x0,0	  x0:0x00000000
       14715000	      1470	800029e4	fd1ff36f	jal	x6,800029e4	  x6=0x800029e4
       14725000	      1471	00000000	00000013	addi	x0,x0,0	  x0:0x00000000
       14735000	      1472	800029b0	00000013	addi	x0,x0,0	  x0:0x00000000
       14745000	      1473	800029b4	01800def	jal	x27,800029b4	 x27=0x800029b4
       14755000	      1474	00000000	00000013	addi	x0,x0,0	  x0:0x00000000
       14765000	      1475	800029c8	00000013	addi	x0,x0,0	  x0:0x00000000
       14775000	      1476	800029cc	0140036f	jal	x6,800029cc	  x6=0x800029cc
       14785000	      1477	00000000	00000013	addi	x0,x0,0	  x0:0x00000000
       14795000	      1478	800029dc	00000013	addi	x0,x0,0	  x0:0x00000000
       14805000	      1479	800029e0	fc5ff36f	jal	x6,800029e0	  x6=0x800029e0
       14815000	      1480	00000000	00000013	addi	x0,x0,0	  x0:0x00000000
       14825000	      1481	800029a0	00000013	addi	x0,x0,0	  x0:0x00000000
       14835000	      1482	800029a4	038000ef	jal	x1,800029a4	  x1=0x800029a4
       14845000	      1483	00000000	00000013	addi	x0,x0,0	  x0:0x00000000
       14855000	      1484	800029d8	00000013	addi	x0,x0,0	  x0:0x00000000
       14865000	      1485	800029dc	fb5ff36f	jal	x6,800029dc	  x6=0x800029dc
       14875000	      1486	00000000	00000013	addi	x0,x0,0	  x0:0x00000000
       14885000	      1487	8000298c	00000013	addi	x0,x0,0	  x0:0x00000000
       14895000	      1488	80002990	02000def	jal	x27,80002990	 x27=0x80002990
       14905000	      1489	00000000	00000013	addi	x0,x0,0	  x0:0x00000000
       14915000	      1490	800029ac	00000013	addi	x0,x0,0	  x0:0x00000000
       14925000	      1491	800029b0	fe9ff36f	jal	x6,800029b0	  x6=0x800029b0
       14935000	      1492	00000000	00000013	addi	x0,x0,0	  x0:0x00000000
       14945000	      1493	80002994	00000013	addi	x0,x0,0	  x0:0x00000000
       14955000	      1494	80002998	008000ef	jal	x1,80002998	  x1=0x80002998
       14965000	      1495	00000000	00000013	addi	x0,x0,0	  x0:0x00000000
       14975000	      1496	8000299c	00000013	addi	x0,x0,0	  x0:0x00000000
       14985000	      1497	800029a0	048000ef	jal	x1,800029a0	  x1=0x800029a0
       14995000	      1498	00000000	00000013	addi	x0,x0,0	  x0:0x00000000
       15005000	      1499	800029e4	00000013	addi	x0,x0,0	  x0:0x00000000
       15015000	      1500	800029e8	fa5ff2ef	jal	x5,800029e8	  x5=0x800029e8
       15025000	      1501	00000000	00000013	addi	x0,x0,0	  x0:0x00000000
       15035000	      1502	80002988	00000013	addi	x0,x0,0	  x0:0x00000000
       15045000	      1503	8000298c	0100056f	jal	x10,8000298c	 x10=0x8000298c
       15055000	      1504	00000000	00000013	addi	x0,x0,0	  x0:0x00000000
       15065000	      1505	80002998	00000013	addi	x0,x0,0	  x0:0x00000000
       15075000	      1506	8000299c	038000ef	jal	x1,8000299c	  x1=0x8000299c
       15085000	      1507	00000000	00000013	addi	x0,x0,0	  x0:0x00000000
       15095000	      1508	800029d0	00000013	addi	x0,x0,0	  x0:0x00000000
       15105000	      1509	800029d4	01c000ef	jal	x1,800029d4	  x1=0x800029d4
       15115000	      1510	00000000	00000013	addi	x0,x0,0	  x0:0x00000000
       15125000	      1511	800029ec	00000013	addi	x0,x0,0	  x0:0x00000000
       15135000	      1512	800029f0	ffdff0ef	jal	x1,800029f0	  x1=0x800029f0
       15145000	      1513	00000000	00000013	addi	x0,x0,0	  x0:0x00000000
       15155000	      1514	800029e8	00000013	addi	x0,x0,0	  x0:0x00000000
       15165000	      1515	800029ec	fcdff0ef	jal	x1,800029ec	  x1=0x800029ec
       15175000	      1516	00000000	00000013	addi	x0,x0,0	  x0:0x00000000
       15185000	      1517	800029b4	00000013	addi	x0,x0,0	  x0:0x00000000
       15195000	      1518	800029b8	00c000ef	jal	x1,800029b8	  x1=0x800029b8
       15205000	      1519	00000000	00000013	addi	x0,x0,0	  x0:0x00000000
       15215000	      1520	800029c0	00000013	addi	x0,x0,0	  x0:0x00000000
       15225000	      1521	800029c4	fe9ff0ef	jal	x1,800029c4	  x1=0x800029c4
       15235000	      1522	00000000	00000013	addi	x0,x0,0	  x0:0x00000000
       15245000	      1523	800029a8	00000013	addi	x0,x0,0	  x0:0x00000000
       15255000	      1524	800029ac	01c00d6f	jal	x26,800029ac	 x26=0x800029ac
       15265000	      1525	00000000	00000013	addi	x0,x0,0	  x0:0x00000000
       15275000	      1526	800029c4	00000013	addi	x0,x0,0	  x0:0x00000000
       15285000	      1527	800029c8	02c0036f	jal	x6,800029c8	  x6=0x800029c8
       15295000	      1528	00000000	00000013	addi	x0,x0,0	  x0:0x00000000
       15305000	      1529	800029f0	00000013	addi	x0,x0,0	  x0:0x00000000
       15315000	      1530	800029f4	41b90eb3	sub	x29,x18,x27	 x18:0xcf346240 x27:0x80002990 x29=0x4f3438b0
       15325000	      1531	800029f8	0080036f	jal	x6,800029f8	  x6=0x800029f8
       15335000	      1532	00000000	00000013	addi	x0,x0,0	  x0:0x00000000
       15345000	      1533	800029fc	00000013	addi	x0,x0,0	  x0:0x00000000
       15355000	      1534	80002a00	008006ef	jal	x13,80002a00	 x13=0x80002a00
       15365000	      1535	00000000	00000013	addi	x0,x0,0	  x0:0x00000000
       15375000	      1536	80002a04	00000013	addi	x0,x0,0	  x0:0x00000000
       15385000	      1537	80002a08	01000def	jal	x27,80002a08	 x27=0x80002a08
       15395000	      1538	00000000	00000013	addi	x0,x0,0	  x0:0x00000000
       15405000	      1539	80002a14	00000013	addi	x0,x0,0	  x0:0x00000000
       15415000	      1540	80002a18	004000ef	jal	x1,80002a18	  x1=0x80002a18
       15425000	      1541	00000000	00000013	addi	x0,x0,0	  x0:0x00000000
       15435000	      1542	80002a18	00000013	addi	x0,x0,0	  x0:0x00000000
       15445000	      1543	80002a1c	00c000ef	jal	x1,80002a1c	  x1=0x80002a1c
       15455000	      1544	00000000	00000013	addi	x0,x0,0	  x0:0x00000000
       15465000	      1545	80002a24	00000013	addi	x0,x0,0	  x0:0x00000000
       15475000	      1546	80002a28	ff9ff0ef	jal	x1,80002a28	  x1=0x80002a28
       15485000	      1547	00000000	00000013	addi	x0,x0,0	  x0:0x00000000
       15495000	      1548	80002a1c	00000013	addi	x0,x0,0	  x0:0x00000000
       15505000	      1549	80002a20	fe5fff6f	jal	x30,80002a20	 x30=0x80002a20
       15515000	      1550	00000000	00000013	addi	x0,x0,0	  x0:0x00000000
       15525000	      1551	80002a00	00000013	addi	x0,x0,0	  x0:0x00000000
       15535000	      1552	80002a04	010000ef	jal	x1,80002a04	  x1=0x80002a04
       15545000	      1553	00000000	00000013	addi	x0,x0,0	  x0:0x00000000
       15555000	      1554	80002a10	00000013	addi	x0,x0,0	  x0:0x00000000
       15565000	      1555	80002a14	0100056f	jal	x10,80002a14	 x10=0x80002a14
       15575000	      1556	00000000	00000013	addi	x0,x0,0	  x0:0x00000000
       15585000	      1557	80002a20	00000013	addi	x0,x0,0	  x0:0x00000000
       15595000	      1558	80002a24	fd9ff0ef	jal	x1,80002a24	  x1=0x80002a24
       15605000	      1559	00000000	00000013	addi	x0,x0,0	  x0:0x00000000
       15615000	      1560	800029f8	00000013	addi	x0,x0,0	  x0:0x00000000
       15625000	      1561	800029fc	010000ef	jal	x1,800029fc	  x1=0x800029fc
       15635000	      1562	00000000	00000013	addi	x0,x0,0	  x0:0x00000000
       15645000	      1563	80002a08	00000013	addi	x0,x0,0	  x0:0x00000000
       15655000	      1564	80002a0c	004000ef	jal	x1,80002a0c	  x1=0x80002a0c
       15665000	      1565	00000000	00000013	addi	x0,x0,0	  x0:0x00000000
       15675000	      1566	80002a0c	00000013	addi	x0,x0,0	  x0:0x00000000
       15685000	      1567	80002a10	01c0036f	jal	x6,80002a10	  x6=0x80002a10
       15695000	      1568	00000000	00000013	addi	x0,x0,0	  x0:0x00000000
       15705000	      1569	80002a28	00000013	addi	x0,x0,0	  x0:0x00000000
       15715000	      1570	80002a2c	41d089b3	sub	x19,x1,x29	  x1:0x80002a0c x29:0x4f3438b0 x19=0x30cbf15c
       15725000	      1571	80002a30	0080036f	jal	x6,80002a30	  x6=0x80002a30
       15735000	      1572	00000000	00000013	addi	x0,x0,0	  x0:0x00000000
       15745000	      1573	80002a34	00000013	addi	x0,x0,0	  x0:0x00000000
       15755000	      1574	80002a38	008000ef	jal	x1,80002a38	  x1=0x80002a38
       15765000	      1575	00000000	00000013	addi	x0,x0,0	  x0:0x00000000
       15775000	      1576	80002a3c	00000013	addi	x0,x0,0	  x0:0x00000000
       15785000	      1577	80002a40	038000ef	jal	x1,80002a40	  x1=0x80002a40
       15795000	      1578	00000000	00000013	addi	x0,x0,0	  x0:0x00000000
       15805000	      1579	80002a74	00000013	addi	x0,x0,0	  x0:0x00000000
       15815000	      1580	80002a78	fd9ff0ef	jal	x1,80002a78	  x1=0x80002a78
       15825000	      1581	00000000	00000013	addi	x0,x0,0	  x0:0x00000000
       15835000	      1582	80002a4c	00000013	addi	x0,x0,0	  x0:0x00000000
       15845000	      1583	80002a50	014000ef	jal	x1,80002a50	  x1=0x80002a50
       15855000	      1584	00000000	00000013	addi	x0,x0,0	  x0:0x00000000
       15865000	      1585	80002a60	00000013	addi	x0,x0,0	  x0:0x00000000
       15875000	      1586	80002a64	010005ef	jal	x11,80002a64	 x11=0x80002a64
       15885000	      1587	00000000	00000013	addi	x0,x0,0	  x0:0x00000000
       15895000	      1588	80002a70	00000013	addi	x0,x0,0	  x0:0x00000000
       15905000	      1589	80002a74	ff9ff26f	jal	x4,80002a74	  x4=0x80002a74
       15915000	      1590	00000000	00000013	addi	x0,x0,0	  x0:0x00000000
       15925000	      1591	80002a68	00000013	addi	x0,x0,0	  x0:0x00000000
       15935000	      1592	80002a6c	fc9ffcef	jal	x25,80002a6c	 x25=0x80002a6c
       15945000	      1593	00000000	00000013	addi	x0,x0,0	  x0:0x00000000
       15955000	      1594	80002a30	00000013	addi	x0,x0,0	  x0:0x00000000
       15965000	      1595	80002a34	014000ef	jal	x1,80002a34	  x1=0x80002a34
       15975000	      1596	00000000	00000013	addi	x0,x0,0	  x0:0x00000000
       15985000	      1597	80002a44	00000013	addi	x0,x0,0	  x0:0x00000000
       15995000	      1598	80002a48	ff5ff2ef	jal	x5,80002a48	  x5=0x80002a48
       16005000	      1599	00000000	00000013	addi	x0,x0,0	  x0:0x00000000
       16015000	      1600	80002a38	00000013	addi	x0,x0,0	  x0:0x00000000
       16025000	      1601	80002a3c	02400a6f	jal	x20,80002a3c	 x20=0x80002a3c
       16035000	      1602	00000000	00000013	addi	x0,x0,0	  x0:0x00000000
       16045000	      1603	80002a5c	00000013	addi	x0,x0,0	  x0:0x00000000
       16055000	      1604	80002a60	ffdffdef	jal	x27,80002a60	 x27=0x80002a60
       16065000	      1605	00000000	00000013	addi	x0,x0,0	  x0:0x00000000
       16075000	      1606	80002a58	00000013	addi	x0,x0,0	  x0:0x00000000
       16085000	      1607	80002a5c	fe9ff0ef	jal	x1,80002a5c	  x1=0x80002a5c
       16095000	      1608	00000000	00000013	addi	x0,x0,0	  x0:0x00000000
       16105000	      1609	80002a40	00000013	addi	x0,x0,0	  x0:0x00000000
       16115000	      1610	80002a44	0080036f	jal	x6,80002a44	  x6=0x80002a44
       16125000	      1611	00000000	00000013	addi	x0,x0,0	  x0:0x00000000
       16135000	      1612	80002a48	00000013	addi	x0,x0,0	  x0:0x00000000
       16145000	      1613	80002a4c	0080036f	jal	x6,80002a4c	  x6=0x80002a4c
       16155000	      1614	00000000	00000013	addi	x0,x0,0	  x0:0x00000000
       16165000	      1615	80002a50	00000013	addi	x0,x0,0	  x0:0x00000000
       16175000	      1616	80002a54	0140036f	jal	x6,80002a54	  x6=0x80002a54
       16185000	      1617	00000000	00000013	addi	x0,x0,0	  x0:0x00000000
       16195000	      1618	80002a64	00000013	addi	x0,x0,0	  x0:0x00000000
       16205000	      1619	80002a68	008000ef	jal	x1,80002a68	  x1=0x80002a68
       16215000	      1620	00000000	00000013	addi	x0,x0,0	  x0:0x00000000
       16225000	      1621	80002a6c	00000013	addi	x0,x0,0	  x0:0x00000000
       16235000	      1622	80002a70	00c006ef	jal	x13,80002a70	 x13=0x80002a70
       16245000	      1623	00000000	00000013	addi	x0,x0,0	  x0:0x00000000
       16255000	      1624	80002a78	00000013	addi	x0,x0,0	  x0:0x00000000
       16265000	      1625	80002a7c	fddff26f	jal	x4,80002a7c	  x4=0x80002a7c
       16275000	      1626	00000000	00000013	addi	x0,x0,0	  x0:0x00000000
       16285000	      1627	80002a54	00000013	addi	x0,x0,0	  x0:0x00000000
       16295000	      1628	80002a58	028000ef	jal	x1,80002a58	  x1=0x80002a58
       16305000	      1629	00000000	00000013	addi	x0,x0,0	  x0:0x00000000
       16315000	      1630	80002a7c	00000013	addi	x0,x0,0	  x0:0x00000000
       16325000	      1631	80002a80	008fc0b3	xor	x1,x31,x8	 x31:0x00000000  x8:0x80002958  x1=0x80002958
       16335000	      1632	80002a84	0280036f	jal	x6,80002a84	  x6=0x80002a84
       16345000	      1633	00000000	00000013	addi	x0,x0,0	  x0:0x00000000
       16355000	      1634	80002aa8	00000013	addi	x0,x0,0	  x0:0x00000000
       16365000	      1635	80002aac	02c000ef	jal	x1,80002aac	  x1=0x80002aac
       16375000	      1636	00000000	00000013	addi	x0,x0,0	  x0:0x00000000
       16385000	      1637	80002ad4	00000013	addi	x0,x0,0	  x0:0x00000000
       16395000	      1638	80002ad8	fbdff36f	jal	x6,80002ad8	  x6=0x80002ad8
       16405000	      1639	00000000	00000013	addi	x0,x0,0	  x0:0x00000000
       16415000	      1640	80002a90	00000013	addi	x0,x0,0	  x0:0x00000000
       16425000	      1641	80002a94	004000ef	jal	x1,80002a94	  x1=0x80002a94
       16435000	      1642	00000000	00000013	addi	x0,x0,0	  x0:0x00000000
       16445000	      1643	80002a94	00000013	addi	x0,x0,0	  x0:0x00000000
       16455000	      1644	80002a98	044001ef	jal	x3,80002a98	  x3=0x80002a98
       16465000	      1645	00000000	00000013	addi	x0,x0,0	  x0:0x00000000
       16475000	      1646	80002ad8	00000013	addi	x0,x0,0	  x0:0x00000000
       16485000	      1647	80002adc	0100036f	jal	x6,80002adc	  x6=0x80002adc
       16495000	      1648	00000000	00000013	addi	x0,x0,0	  x0:0x00000000
       16505000	      1649	80002ae8	00000013	addi	x0,x0,0	  x0:0x00000000
       16515000	      1650	80002aec	fe9ff2ef	jal	x5,80002aec	  x5=0x80002aec
       16525000	      1651	00000000	00000013	addi	x0,x0,0	  x0:0x00000000
       16535000	      1652	80002ad0	00000013	addi	x0,x0,0	  x0:0x00000000
       16545000	      1653	80002ad4	fe1ff26f	jal	x4,80002ad4	  x4=0x80002ad4
       16555000	      1654	00000000	00000013	addi	x0,x0,0	  x0:0x00000000
       16565000	      1655	80002ab0	00000013	addi	x0,x0,0	  x0:0x00000000
       16575000	      1656	80002ab4	030000ef	jal	x1,80002ab4	  x1=0x80002ab4
       16585000	      1657	00000000	00000013	addi	x0,x0,0	  x0:0x00000000
       16595000	      1658	80002ae0	00000013	addi	x0,x0,0	  x0:0x00000000
       16605000	      1659	80002ae4	fa9ff0ef	jal	x1,80002ae4	  x1=0x80002ae4
       16615000	      1660	00000000	00000013	addi	x0,x0,0	  x0:0x00000000
       16625000	      1661	80002a88	00000013	addi	x0,x0,0	  x0:0x00000000
       16635000	      1662	80002a8c	044000ef	jal	x1,80002a8c	  x1=0x80002a8c
       16645000	      1663	00000000	00000013	addi	x0,x0,0	  x0:0x00000000
       16655000	      1664	80002acc	00000013	addi	x0,x0,0	  x0:0x00000000
       16665000	      1665	80002ad0	0100016f	jal	x2,80002ad0	  x2=0x80002ad0
       16675000	      1666	00000000	00000013	addi	x0,x0,0	  x0:0x00000000
       16685000	      1667	80002adc	00000013	addi	x0,x0,0	  x0:0x00000000
       16695000	      1668	80002ae0	fe9ff0ef	jal	x1,80002ae0	  x1=0x80002ae0
       16705000	      1669	00000000	00000013	addi	x0,x0,0	  x0:0x00000000
       16715000	      1670	80002ac4	00000013	addi	x0,x0,0	  x0:0x00000000
       16725000	      1671	80002ac8	020000ef	jal	x1,80002ac8	  x1=0x80002ac8
       16735000	      1672	00000000	00000013	addi	x0,x0,0	  x0:0x00000000
       16745000	      1673	80002ae4	00000013	addi	x0,x0,0	  x0:0x00000000
       16755000	      1674	80002ae8	fd5ff4ef	jal	x9,80002ae8	  x9=0x80002ae8
       16765000	      1675	00000000	00000013	addi	x0,x0,0	  x0:0x00000000
       16775000	      1676	80002ab8	00000013	addi	x0,x0,0	  x0:0x00000000
       16785000	      1677	80002abc	fe5ff36f	jal	x6,80002abc	  x6=0x80002abc
       16795000	      1678	00000000	00000013	addi	x0,x0,0	  x0:0x00000000
       16805000	      1679	80002a9c	00000013	addi	x0,x0,0	  x0:0x00000000
       16815000	      1680	80002aa0	004005ef	jal	x11,80002aa0	 x11=0x80002aa0
       16825000	      1681	00000000	00000013	addi	x0,x0,0	  x0:0x00000000
       16835000	      1682	80002aa0	00000013	addi	x0,x0,0	  x0:0x00000000
       16845000	      1683	80002aa4	004000ef	jal	x1,80002aa4	  x1=0x80002aa4
       16855000	      1684	00000000	00000013	addi	x0,x0,0	  x0:0x00000000
       16865000	      1685	80002aa4	00000013	addi	x0,x0,0	  x0:0x00000000
       16875000	      1686	80002aa8	048000ef	jal	x1,80002aa8	  x1=0x80002aa8
       16885000	      1687	00000000	00000013	addi	x0,x0,0	  x0:0x00000000
       16895000	      1688	80002aec	00000013	addi	x0,x0,0	  x0:0x00000000
       16905000	      1689	80002af0	f99ff36f	jal	x6,80002af0	  x6=0x80002af0
       16915000	      1690	00000000	00000013	addi	x0,x0,0	  x0:0x00000000
       16925000	      1691	80002a84	00000013	addi	x0,x0,0	  x0:0x00000000
       16935000	      1692	80002a88	008000ef	jal	x1,80002a88	  x1=0x80002a88
       16945000	      1693	00000000	00000013	addi	x0,x0,0	  x0:0x00000000
       16955000	      1694	80002a8c	00000013	addi	x0,x0,0	  x0:0x00000000
       16965000	      1695	80002a90	00c002ef	jal	x5,80002a90	  x5=0x80002a90
       16975000	      1696	00000000	00000013	addi	x0,x0,0	  x0:0x00000000
       16985000	      1697	80002a98	00000013	addi	x0,x0,0	  x0:0x00000000
       16995000	      1698	80002a9c	014000ef	jal	x1,80002a9c	  x1=0x80002a9c
       17005000	      1699	00000000	00000013	addi	x0,x0,0	  x0:0x00000000
       17015000	      1700	80002aac	00000013	addi	x0,x0,0	  x0:0x00000000
       17025000	      1701	80002ab0	01c0026f	jal	x4,80002ab0	  x4=0x80002ab0
       17035000	      1702	00000000	00000013	addi	x0,x0,0	  x0:0x00000000
       17045000	      1703	80002ac8	00000013	addi	x0,x0,0	  x0:0x00000000
       17055000	      1704	80002acc	fedff0ef	jal	x1,80002acc	  x1=0x80002acc
       17065000	      1705	00000000	00000013	addi	x0,x0,0	  x0:0x00000000
       17075000	      1706	80002ab4	00000013	addi	x0,x0,0	  x0:0x00000000
       17085000	      1707	80002ab8	008000ef	jal	x1,80002ab8	  x1=0x80002ab8
       17095000	      1708	00000000	00000013	addi	x0,x0,0	  x0:0x00000000
       17105000	      1709	80002abc	00000013	addi	x0,x0,0	  x0:0x00000000
       17115000	      1710	80002ac0	004000ef	jal	x1,80002ac0	  x1=0x80002ac0
       17125000	      1711	00000000	00000013	addi	x0,x0,0	  x0:0x00000000
       17135000	      1712	80002ac0	00000013	addi	x0,x0,0	  x0:0x00000000
       17145000	      1713	80002ac4	030000ef	jal	x1,80002ac4	  x1=0x80002ac4
       17155000	      1714	00000000	00000013	addi	x0,x0,0	  x0:0x00000000
       17165000	      1715	80002af0	00000013	addi	x0,x0,0	  x0:0x00000000
       17175000	      1716	80002af4	0107f2b3	and	x5,x15,x16	 x15:0x00000001 x16:0xcf346179  x5=0x00000001
       17185000	      1717	80002af8	0680036f	jal	x6,80002af8	  x6=0x80002af8
       17195000	      1718	00000000	00000013	addi	x0,x0,0	  x0:0x00000000
       17205000	      1719	80002b5c	00000013	addi	x0,x0,0	  x0:0x00000000
       17215000	      1720	80002b60	ff1ff0ef	jal	x1,80002b60	  x1=0x80002b60
       17225000	      1721	00000000	00000013	addi	x0,x0,0	  x0:0x00000000
       17235000	      1722	80002b4c	00000013	addi	x0,x0,0	  x0:0x00000000
       17245000	      1723	80002b50	fd1ff0ef	jal	x1,80002b50	  x1=0x80002b50
       17255000	      1724	00000000	00000013	addi	x0,x0,0	  x0:0x00000000
       17265000	      1725	80002b1c	00000013	addi	x0,x0,0	  x0:0x00000000
       17275000	      1726	80002b20	02c0036f	jal	x6,80002b20	  x6=0x80002b20
       17285000	      1727	00000000	00000013	addi	x0,x0,0	  x0:0x00000000
       17295000	      1728	80002b48	00000013	addi	x0,x0,0	  x0:0x00000000
       17305000	      1729	80002b4c	fd1ffd6f	jal	x26,80002b4c	 x26=0x80002b4c
       17315000	      1730	00000000	00000013	addi	x0,x0,0	  x0:0x00000000
       17325000	      1731	80002b18	00000013	addi	x0,x0,0	  x0:0x00000000
       17335000	      1732	80002b1c	008000ef	jal	x1,80002b1c	  x1=0x80002b1c
       17345000	      1733	00000000	00000013	addi	x0,x0,0	  x0:0x00000000
       17355000	      1734	80002b20	00000013	addi	x0,x0,0	  x0:0x00000000
       17365000	      1735	80002b24	038000ef	jal	x1,80002b24	  x1=0x80002b24
       17375000	      1736	00000000	00000013	addi	x0,x0,0	  x0:0x00000000
       17385000	      1737	80002b58	00000013	addi	x0,x0,0	  x0:0x00000000
       17395000	      1738	80002b5c	fe1ff0ef	jal	x1,80002b5c	  x1=0x80002b5c
       17405000	      1739	00000000	00000013	addi	x0,x0,0	  x0:0x00000000
       17415000	      1740	80002b38	00000013	addi	x0,x0,0	  x0:0x00000000
       17425000	      1741	80002b3c	00c0036f	jal	x6,80002b3c	  x6=0x80002b3c
       17435000	      1742	00000000	00000013	addi	x0,x0,0	  x0:0x00000000
       17445000	      1743	80002b44	00000013	addi	x0,x0,0	  x0:0x00000000
       17455000	      1744	80002b48	ff9fff6f	jal	x30,80002b48	 x30=0x80002b48
       17465000	      1745	00000000	00000013	addi	x0,x0,0	  x0:0x00000000
       17475000	      1746	80002b3c	00000013	addi	x0,x0,0	  x0:0x00000000
       17485000	      1747	80002b40	ff9ff0ef	jal	x1,80002b40	  x1=0x80002b40
       17495000	      1748	00000000	00000013	addi	x0,x0,0	  x0:0x00000000
       17505000	      1749	80002b34	00000013	addi	x0,x0,0	  x0:0x00000000
       17515000	      1750	80002b38	ffdff4ef	jal	x9,80002b38	  x9=0x80002b38
       17525000	      1751	00000000	00000013	addi	x0,x0,0	  x0:0x00000000
       17535000	      1752	80002b30	00000013	addi	x0,x0,0	  x0:0x00000000
       17545000	      1753	80002b34	fd5ff0ef	jal	x1,80002b34	  x1=0x80002b34
       17555000	      1754	00000000	00000013	addi	x0,x0,0	  x0:0x00000000
       17565000	      1755	80002b04	00000013	addi	x0,x0,0	  x0:0x00000000
       17575000	      1756	80002b08	064000ef	jal	x1,80002b08	  x1=0x80002b08
       17585000	      1757	00000000	00000013	addi	x0,x0,0	  x0:0x00000000
       17595000	      1758	80002b68	00000013	addi	x0,x0,0	  x0:0x00000000
       17605000	      1759	80002b6c	ffdff0ef	jal	x1,80002b6c	  x1=0x80002b6c
       17615000	      1760	00000000	00000013	addi	x0,x0,0	  x0:0x00000000
       17625000	      1761	80002b64	00000013	addi	x0,x0,0	  x0:0x00000000
       17635000	      1762	80002b68	fadffeef	jal	x29,80002b68	 x29=0x80002b68
       17645000	      1763	00000000	00000013	addi	x0,x0,0	  x0:0x00000000
       17655000	      1764	80002b10	00000013	addi	x0,x0,0	  x0:0x00000000
       17665000	      1765	80002b14	ffdff36f	jal	x6,80002b14	  x6=0x80002b14
       17675000	      1766	00000000	00000013	addi	x0,x0,0	  x0:0x00000000
       17685000	      1767	80002b0c	00000013	addi	x0,x0,0	  x0:0x00000000
       17695000	      1768	80002b10	018000ef	jal	x1,80002b10	  x1=0x80002b10
       17705000	      1769	00000000	00000013	addi	x0,x0,0	  x0:0x00000000
       17715000	      1770	80002b24	00000013	addi	x0,x0,0	  x0:0x00000000
       17725000	      1771	80002b28	00400eef	jal	x29,80002b28	 x29=0x80002b28
       17735000	      1772	00000000	00000013	addi	x0,x0,0	  x0:0x00000000
       17745000	      1773	80002b28	00000013	addi	x0,x0,0	  x0:0x00000000
       17755000	      1774	80002b2c	02800a6f	jal	x20,80002b2c	 x20=0x80002b2c
       17765000	      1775	00000000	00000013	addi	x0,x0,0	  x0:0x00000000
       17775000	      1776	80002b50	00000013	addi	x0,x0,0	  x0:0x00000000
       17785000	      1777	80002b54	010000ef	jal	x1,80002b54	  x1=0x80002b54
       17795000	      1778	00000000	00000013	addi	x0,x0,0	  x0:0x00000000
       17805000	      1779	80002b60	00000013	addi	x0,x0,0	  x0:0x00000000
       17815000	      1780	80002b64	fa1ff0ef	jal	x1,80002b64	  x1=0x80002b64
       17825000	      1781	00000000	00000013	addi	x0,x0,0	  x0:0x00000000
       17835000	      1782	80002b00	00000013	addi	x0,x0,0	  x0:0x00000000
       17845000	      1783	80002b04	014000ef	jal	x1,80002b04	  x1=0x80002b04
       17855000	      1784	00000000	00000013	addi	x0,x0,0	  x0:0x00000000
       17865000	      1785	80002b14	00000013	addi	x0,x0,0	  x0:0x00000000
       17875000	      1786	80002b18	ff5ff2ef	jal	x5,80002b18	  x5=0x80002b18
       17885000	      1787	00000000	00000013	addi	x0,x0,0	  x0:0x00000000
       17895000	      1788	80002b08	00000013	addi	x0,x0,0	  x0:0x00000000
       17905000	      1789	80002b0c	ff1ff3ef	jal	x7,80002b0c	  x7=0x80002b0c
       17915000	      1790	00000000	00000013	addi	x0,x0,0	  x0:0x00000000
       17925000	      1791	80002af8	00000013	addi	x0,x0,0	  x0:0x00000000
       17935000	      1792	80002afc	0480046f	jal	x8,80002afc	  x8=0x80002afc
       17945000	      1793	00000000	00000013	addi	x0,x0,0	  x0:0x00000000
       17955000	      1794	80002b40	00000013	addi	x0,x0,0	  x0:0x00000000
       17965000	      1795	80002b44	0140086f	jal	x16,80002b44	 x16=0x80002b44
       17975000	      1796	00000000	00000013	addi	x0,x0,0	  x0:0x00000000
       17985000	      1797	80002b54	00000013	addi	x0,x0,0	  x0:0x00000000
       17995000	      1798	80002b58	fa9ff0ef	jal	x1,80002b58	  x1=0x80002b58
       18005000	      1799	00000000	00000013	addi	x0,x0,0	  x0:0x00000000
       18015000	      1800	80002afc	00000013	addi	x0,x0,0	  x0:0x00000000
       18025000	      1801	80002b00	070000ef	jal	x1,80002b00	  x1=0x80002b00
       18035000	      1802	00000000	00000013	addi	x0,x0,0	  x0:0x00000000
       18045000	      1803	80002b6c	00000013	addi	x0,x0,0	  x0:0x00000000
       18055000	      1804	80002b70	fc1ff2ef	jal	x5,80002b70	  x5=0x80002b70
       18065000	      1805	00000000	00000013	addi	x0,x0,0	  x0:0x00000000
       18075000	      1806	80002b2c	00000013	addi	x0,x0,0	  x0:0x00000000
       18085000	      1807	80002b30	044000ef	jal	x1,80002b30	  x1=0x80002b30
       18095000	      1808	00000000	00000013	addi	x0,x0,0	  x0:0x00000000
       18105000	      1809	80002b70	00000013	addi	x0,x0,0	  x0:0x00000000
       18115000	      1810	80002b74	9d63c717	auipc	x14,0x9d63c	 x14=0x1d63eb70
       18125000	      1811	80002b78	0400036f	jal	x6,80002b78	  x6=0x80002b78
       18135000	      1812	00000000	00000013	addi	x0,x0,0	  x0:0x00000000
       18145000	      1813	80002bb4	00000013	addi	x0,x0,0	  x0:0x00000000
       18155000	      1814	80002bb8	fd1ff36f	jal	x6,80002bb8	  x6=0x80002bb8
       18165000	      1815	00000000	00000013	addi	x0,x0,0	  x0:0x00000000
       18175000	      1816	80002b84	00000013	addi	x0,x0,0	  x0:0x00000000
       18185000	      1817	80002b88	00c0036f	jal	x6,80002b88	  x6=0x80002b88
       18195000	      1818	00000000	00000013	addi	x0,x0,0	  x0:0x00000000
       18205000	      1819	80002b90	00000013	addi	x0,x0,0	  x0:0x00000000
       18215000	      1820	80002b94	028000ef	jal	x1,80002b94	  x1=0x80002b94
       18225000	      1821	00000000	00000013	addi	x0,x0,0	  x0:0x00000000
       18235000	      1822	80002bb8	00000013	addi	x0,x0,0	  x0:0x00000000
       18245000	      1823	80002bbc	008000ef	jal	x1,80002bbc	  x1=0x80002bbc
       18255000	      1824	00000000	00000013	addi	x0,x0,0	  x0:0x00000000
       18265000	      1825	80002bc0	00000013	addi	x0,x0,0	  x0:0x00000000
       18275000	      1826	80002bc4	fc9ff76f	jal	x14,80002bc4	 x14=0x80002bc4
       18285000	      1827	00000000	00000013	addi	x0,x0,0	  x0:0x00000000
       18295000	      1828	80002b88	00000013	addi	x0,x0,0	  x0:0x00000000
       18305000	      1829	80002b8c	018001ef	jal	x3,80002b8c	  x3=0x80002b8c
       18315000	      1830	00000000	00000013	addi	x0,x0,0	  x0:0x00000000
       18325000	      1831	80002ba0	00000013	addi	x0,x0,0	  x0:0x00000000
       18335000	      1832	80002ba4	024000ef	jal	x1,80002ba4	  x1=0x80002ba4
       18345000	      1833	00000000	00000013	addi	x0,x0,0	  x0:0x00000000
       18355000	      1834	80002bc4	00000013	addi	x0,x0,0	  x0:0x00000000
       18365000	      1835	80002bc8	fc9ff0ef	jal	x1,80002bc8	  x1=0x80002bc8
       18375000	      1836	00000000	00000013	addi	x0,x0,0	  x0:0x00000000
       18385000	      1837	80002b8c	00000013	addi	x0,x0,0	  x0:0x00000000
       18395000	      1838	80002b90	0180036f	jal	x6,80002b90	  x6=0x80002b90
       18405000	      1839	00000000	00000013	addi	x0,x0,0	  x0:0x00000000
       18415000	      1840	80002ba4	00000013	addi	x0,x0,0	  x0:0x00000000
       18425000	      1841	80002ba8	ff9ff26f	jal	x4,80002ba8	  x4=0x80002ba8
       18435000	      1842	00000000	00000013	addi	x0,x0,0	  x0:0x00000000
       18445000	      1843	80002b9c	00000013	addi	x0,x0,0	  x0:0x00000000
       18455000	      1844	80002ba0	fe5ff0ef	jal	x1,80002ba0	  x1=0x80002ba0
       18465000	      1845	00000000	00000013	addi	x0,x0,0	  x0:0x00000000
       18475000	      1846	80002b80	00000013	addi	x0,x0,0	  x0:0x00000000
       18485000	      1847	80002b84	03c0036f	jal	x6,80002b84	  x6=0x80002b84
       18495000	      1848	00000000	00000013	addi	x0,x0,0	  x0:0x00000000
       18505000	      1849	80002bbc	00000013	addi	x0,x0,0	  x0:0x00000000
       18515000	      1850	80002bc0	fddff0ef	jal	x1,80002bc0	  x1=0x80002bc0
       18525000	      1851	00000000	00000013	addi	x0,x0,0	  x0:0x00000000
       18535000	      1852	80002b98	00000013	addi	x0,x0,0	  x0:0x00000000
       18545000	      1853	80002b9c	0140036f	jal	x6,80002b9c	  x6=0x80002b9c
       18555000	      1854	00000000	00000013	addi	x0,x0,0	  x0:0x00000000
       18565000	      1855	80002bac	00000013	addi	x0,x0,0	  x0:0x00000000
       18575000	      1856	80002bb0	004009ef	jal	x19,80002bb0	 x19=0x80002bb0
       18585000	      1857	00000000	00000013	addi	x0,x0,0	  x0:0x00000000
       18595000	      1858	80002bb0	00000013	addi	x0,x0,0	  x0:0x00000000
       18605000	      1859	80002bb4	ff9ff0ef	jal	x1,80002bb4	  x1=0x80002bb4
       18615000	      1860	00000000	00000013	addi	x0,x0,0	  x0:0x00000000
       18625000	      1861	80002ba8	00000013	addi	x0,x0,0	  x0:0x00000000
       18635000	      1862	80002bac	fd1ff9ef	jal	x19,80002bac	 x19=0x80002bac
       18645000	      1863	00000000	00000013	addi	x0,x0,0	  x0:0x00000000
       18655000	      1864	80002b78	00000013	addi	x0,x0,0	  x0:0x00000000
       18665000	      1865	80002b7c	00400b6f	jal	x22,80002b7c	 x22=0x80002b7c
       18675000	      1866	00000000	00000013	addi	x0,x0,0	  x0:0x00000000
       18685000	      1867	80002b7c	00000013	addi	x0,x0,0	  x0:0x00000000
       18695000	      1868	80002b80	018000ef	jal	x1,80002b80	  x1=0x80002b80
       18705000	      1869	00000000	00000013	addi	x0,x0,0	  x0:0x00000000
       18715000	      1870	80002b94	00000013	addi	x0,x0,0	  x0:0x00000000
       18725000	      1871	80002b98	034000ef	jal	x1,80002b98	  x1=0x80002b98
       18735000	      1872	00000000	00000013	addi	x0,x0,0	  x0:0x00000000
       18745000	      1873	80002bc8	00000013	addi	x0,x0,0	  x0:0x00000000
       18755000	      1874	80002bcc	9c11fe93	andi	x29,x3,-1599	  x3:0x80002b8c x29=0x80002980
       18765000	      1875	80002bd0	0200036f	jal	x6,80002bd0	  x6=0x80002bd0
       18775000	      1876	00000000	00000013	addi	x0,x0,0	  x0:0x00000000
       18785000	      1877	80002bec	00000013	addi	x0,x0,0	  x0:0x00000000
       18795000	      1878	80002bf0	0040016f	jal	x2,80002bf0	  x2=0x80002bf0
       18805000	      1879	00000000	00000013	addi	x0,x0,0	  x0:0x00000000
       18815000	      1880	80002bf0	00000013	addi	x0,x0,0	  x0:0x00000000
       18825000	      1881	80002bf4	fedff36f	jal	x6,80002bf4	  x6=0x80002bf4
       18835000	      1882	00000000	00000013	addi	x0,x0,0	  x0:0x00000000
       18845000	      1883	80002bdc	00000013	addi	x0,x0,0	  x0:0x00000000
       18855000	      1884	80002be0	024000ef	jal	x1,80002be0	  x1=0x80002be0
       18865000	      1885	00000000	00000013	addi	x0,x0,0	  x0:0x00000000
       18875000	      1886	80002c00	00000013	addi	x0,x0,0	  x0:0x00000000
       18885000	      1887	80002c04	fe5ff0ef	jal	x1,80002c04	  x1=0x80002c04
       18895000	      1888	00000000	00000013	addi	x0,x0,0	  x0:0x00000000
       18905000	      1889	80002be4	00000013	addi	x0,x0,0	  x0:0x00000000
       18915000	      1890	80002be8	fedff0ef	jal	x1,80002be8	  x1=0x80002be8
       18925000	      1891	00000000	00000013	addi	x0,x0,0	  x0:0x00000000
       18935000	      1892	80002bd0	00000013	addi	x0,x0,0	  x0:0x00000000
       18945000	      1893	80002bd4	010000ef	jal	x1,80002bd4	  x1=0x80002bd4
       18955000	      1894	00000000	00000013	addi	x0,x0,0	  x0:0x00000000
       18965000	      1895	80002be0	00000013	addi	x0,x0,0	  x0:0x00000000
       18975000	      1896	80002be4	ff9ff26f	jal	x4,80002be4	  x4=0x80002be4
       18985000	      1897	00000000	00000013	addi	x0,x0,0	  x0:0x00000000
       18995000	      1898	80002bd8	00000013	addi	x0,x0,0	  x0:0x00000000
       19005000	      1899	80002bdc	024000ef	jal	x1,80002bdc	  x1=0x80002bdc
       19015000	      1900	00000000	00000013	addi	x0,x0,0	  x0:0x00000000
       19025000	      1901	80002bfc	00000013	addi	x0,x0,0	  x0:0x00000000
       19035000	      1902	80002c00	0080026f	jal	x4,80002c00	  x4=0x80002c00
       19045000	      1903	00000000	00000013	addi	x0,x0,0	  x0:0x00000000
       19055000	      1904	80002c04	00000013	addi	x0,x0,0	  x0:0x00000000
       19065000	      1905	80002c08	ff5ff0ef	jal	x1,80002c08	  x1=0x80002c08
       19075000	      1906	00000000	00000013	addi	x0,x0,0	  x0:0x00000000
       19085000	      1907	80002bf8	00000013	addi	x0,x0,0	  x0:0x00000000
       19095000	      1908	80002bfc	0100036f	jal	x6,80002bfc	  x6=0x80002bfc
       19105000	      1909	00000000	00000013	addi	x0,x0,0	  x0:0x00000000
       19115000	      1910	80002c08	00000013	addi	x0,x0,0	  x0:0x00000000
       19125000	      1911	80002c0c	fcdff0ef	jal	x1,80002c0c	  x1=0x80002c0c
       19135000	      1912	00000000	00000013	addi	x0,x0,0	  x0:0x00000000
       19145000	      1913	80002bd4	00000013	addi	x0,x0,0	  x0:0x00000000
       19155000	      1914	80002bd8	020004ef	jal	x9,80002bd8	  x9=0x80002bd8
       19165000	      1915	00000000	00000013	addi	x0,x0,0	  x0:0x00000000
       19175000	      1916	80002bf4	00000013	addi	x0,x0,0	  x0:0x00000000
       19185000	      1917	80002bf8	ff5ffa6f	jal	x20,80002bf8	 x20=0x80002bf8
       19195000	      1918	00000000	00000013	addi	x0,x0,0	  x0:0x00000000
       19205000	      1919	80002be8	00000013	addi	x0,x0,0	  x0:0x00000000
       19215000	      1920	80002bec	0240026f	jal	x4,80002bec	  x4=0x80002bec
       19225000	      1921	00000000	00000013	addi	x0,x0,0	  x0:0x00000000
       19235000	      1922	80002c0c	00000013	addi	x0,x0,0	  x0:0x00000000
       19245000	      1923	80002c10	2ca43293	sltiu	x5,x8,714	  x8:0x80002afc  x5=0x00000000
       19255000	      1924	80002c14	0080036f	jal	x6,80002c14	  x6=0x80002c14
       19265000	      1925	00000000	00000013	addi	x0,x0,0	  x0:0x00000000
       19275000	      1926	80002c18	00000013	addi	x0,x0,0	  x0:0x00000000
       19285000	      1927	80002c1c	03800d6f	jal	x26,80002c1c	 x26=0x80002c1c
       19295000	      1928	00000000	00000013	addi	x0,x0,0	  x0:0x00000000
       19305000	      1929	80002c50	00000013	addi	x0,x0,0	  x0:0x00000000
       19315000	      1930	80002c54	fe9ff0ef	jal	x1,80002c54	  x1=0x80002c54
       19325000	      1931	00000000	00000013	addi	x0,x0,0	  x0:0x00000000
       19335000	      1932	80002c38	00000013	addi	x0,x0,0	  x0:0x00000000
       19345000	      1933	80002c3c	fddff0ef	jal	x1,80002c3c	  x1=0x80002c3c
       19355000	      1934	00000000	00000013	addi	x0,x0,0	  x0:0x00000000
       19365000	      1935	80002c14	00000013	addi	x0,x0,0	  x0:0x00000000
       19375000	      1936	80002c18	01c000ef	jal	x1,80002c18	  x1=0x80002c18
       19385000	      1937	00000000	00000013	addi	x0,x0,0	  x0:0x00000000
       19395000	      1938	80002c30	00000013	addi	x0,x0,0	  x0:0x00000000
       19405000	      1939	80002c34	0240076f	jal	x14,80002c34	 x14=0x80002c34
       19415000	      1940	00000000	00000013	addi	x0,x0,0	  x0:0x00000000
       19425000	      1941	80002c54	00000013	addi	x0,x0,0	  x0:0x00000000
       19435000	      1942	80002c58	fc9ff0ef	jal	x1,80002c58	  x1=0x80002c58
       19445000	      1943	00000000	00000013	addi	x0,x0,0	  x0:0x00000000
       19455000	      1944	80002c1c	00000013	addi	x0,x0,0	  x0:0x00000000
       19465000	      1945	80002c20	018000ef	jal	x1,80002c20	  x1=0x80002c20
       19475000	      1946	00000000	00000013	addi	x0,x0,0	  x0:0x00000000
       19485000	      1947	80002c34	00000013	addi	x0,x0,0	  x0:0x00000000
       19495000	      1948	80002c38	ff9ff76f	jal	x14,80002c38	 x14=0x80002c38
       19505000	      1949	00000000	00000013	addi	x0,x0,0	  x0:0x00000000
       19515000	      1950	80002c2c	00000013	addi	x0,x0,0	  x0:0x00000000
       19525000	      1951	80002c30	020000ef	jal	x1,80002c30	  x1=0x80002c30
       19535000	      1952	00000000	00000013	addi	x0,x0,0	  x0:0x00000000
       19545000	      1953	80002c4c	00000013	addi	x0,x0,0	  x0:0x00000000
       19555000	      1954	80002c50	00c000ef	jal	x1,80002c50	  x1=0x80002c50
       19565000	      1955	00000000	00000013	addi	x0,x0,0	  x0:0x00000000
       19575000	      1956	80002c58	00000013	addi	x0,x0,0	  x0:0x00000000
       19585000	      1957	80002c5c	fedff36f	jal	x6,80002c5c	  x6=0x80002c5c
       19595000	      1958	00000000	00000013	addi	x0,x0,0	  x0:0x00000000
       19605000	      1959	80002c44	00000013	addi	x0,x0,0	  x0:0x00000000
       19615000	      1960	80002c48	fe1ff0ef	jal	x1,80002c48	  x1=0x80002c48
       19625000	      1961	00000000	00000013	addi	x0,x0,0	  x0:0x00000000
       19635000	      1962	80002c24	00000013	addi	x0,x0,0	  x0:0x00000000
       19645000	      1963	80002c28	01c0036f	jal	x6,80002c28	  x6=0x80002c28
       19655000	      1964	00000000	00000013	addi	x0,x0,0	  x0:0x00000000
       19665000	      1965	80002c40	00000013	addi	x0,x0,0	  x0:0x00000000
       19675000	      1966	80002c44	fe9ff0ef	jal	x1,80002c44	  x1=0x80002c44
       19685000	      1967	00000000	00000013	addi	x0,x0,0	  x0:0x00000000
       19695000	      1968	80002c28	00000013	addi	x0,x0,0	  x0:0x00000000
       19705000	      1969	80002c2c	0140036f	jal	x6,80002c2c	  x6=0x80002c2c
       19715000	      1970	00000000	00000013	addi	x0,x0,0	  x0:0x00000000
       19725000	      1971	80002c3c	00000013	addi	x0,x0,0	  x0:0x00000000
       19735000	      1972	80002c40	fe5ff0ef	jal	x1,80002c40	  x1=0x80002c40
       19745000	      1973	00000000	00000013	addi	x0,x0,0	  x0:0x00000000
       19755000	      1974	80002c20	00000013	addi	x0,x0,0	  x0:0x00000000
       19765000	      1975	80002c24	02800fef	jal	x31,80002c24	 x31=0x80002c24
       19775000	      1976	00000000	00000013	addi	x0,x0,0	  x0:0x00000000
       19785000	      1977	80002c48	00000013	addi	x0,x0,0	  x0:0x00000000
       19795000	      1978	80002c4c	014000ef	jal	x1,80002c4c	  x1=0x80002c4c
       19805000	      1979	00000000	00000013	addi	x0,x0,0	  x0:0x00000000
       19815000	      1980	80002c5c	00000013	addi	x0,x0,0	  x0:0x00000000
       19825000	      1981	80002c60	019149b3	xor	x19,x2,x25	  x2:0x80002bf0 x25:0x80002a6c x19=0x0000019c
       19835000	      1982	80002c64	0200036f	jal	x6,80002c64	  x6=0x80002c64
       19845000	      1983	00000000	00000013	addi	x0,x0,0	  x0:0x00000000
       19855000	      1984	80002c80	00000013	addi	x0,x0,0	  x0:0x00000000
       19865000	      1985	80002c84	fe9ff0ef	jal	x1,80002c84	  x1=0x80002c84
       19875000	      1986	00000000	00000013	addi	x0,x0,0	  x0:0x00000000
       19885000	      1987	80002c68	00000013	addi	x0,x0,0	  x0:0x00000000
       19895000	      1988	80002c6c	0240056f	jal	x10,80002c6c	 x10=0x80002c6c
       19905000	      1989	00000000	00000013	addi	x0,x0,0	  x0:0x00000000
       19915000	      1990	80002c8c	00000013	addi	x0,x0,0	  x0:0x00000000
       19925000	      1991	80002c90	008000ef	jal	x1,80002c90	  x1=0x80002c90
       19935000	      1992	00000000	00000013	addi	x0,x0,0	  x0:0x00000000
       19945000	      1993	80002c94	00000013	addi	x0,x0,0	  x0:0x00000000
       19955000	      1994	80002c98	fe9ff0ef	jal	x1,80002c98	  x1=0x80002c98
       19965000	      1995	00000000	00000013	addi	x0,x0,0	  x0:0x00000000
       19975000	      1996	80002c7c	00000013	addi	x0,x0,0	  x0:0x00000000
       19985000	      1997	80002c80	ffdffcef	jal	x25,80002c80	 x25=0x80002c80
       19995000	      1998	00000000	00000013	addi	x0,x0,0	  x0:0x00000000
       20005000	      1999	80002c78	00000013	addi	x0,x0,0	  x0:0x00000000
       20015000	      2000	80002c7c	03c009ef	jal	x19,80002c7c	 x19=0x80002c7c
       20025000	      2001	00000000	00000013	addi	x0,x0,0	  x0:0x00000000
       20035000	      2002	80002cb4	00000013	addi	x0,x0,0	  x0:0x00000000
       20045000	      2003	80002cb8	fd5ff36f	jal	x6,80002cb8	  x6=0x80002cb8
       20055000	      2004	00000000	00000013	addi	x0,x0,0	  x0:0x00000000
       20065000	      2005	80002c88	00000013	addi	x0,x0,0	  x0:0x00000000
       20075000	      2006	80002c8c	0100036f	jal	x6,80002c8c	  x6=0x80002c8c
       20085000	      2007	00000000	00000013	addi	x0,x0,0	  x0:0x00000000
       20095000	      2008	80002c98	00000013	addi	x0,x0,0	  x0:0x00000000
       20105000	      2009	80002c9c	fddff0ef	jal	x1,80002c9c	  x1=0x80002c9c
       20115000	      2010	00000000	00000013	addi	x0,x0,0	  x0:0x00000000
       20125000	      2011	80002c74	00000013	addi	x0,x0,0	  x0:0x00000000
       20135000	      2012	80002c78	04c008ef	jal	x17,80002c78	 x17=0x80002c78
       20145000	      2013	00000000	00000013	addi	x0,x0,0	  x0:0x00000000
       20155000	      2014	80002cc0	00000013	addi	x0,x0,0	  x0:0x00000000
       20165000	      2015	80002cc4	fb1ff0ef	jal	x1,80002cc4	  x1=0x80002cc4
       20175000	      2016	00000000	00000013	addi	x0,x0,0	  x0:0x00000000
       20185000	      2017	80002c70	00000013	addi	x0,x0,0	  x0:0x00000000
       20195000	      2018	80002c74	ff5ff6ef	jal	x13,80002c74	 x13=0x80002c74
       20205000	      2019	00000000	00000013	addi	x0,x0,0	  x0:0x00000000
       20215000	      2020	80002c64	00000013	addi	x0,x0,0	  x0:0x00000000
       20225000	      2021	80002c68	02c000ef	jal	x1,80002c68	  x1=0x80002c68
       20235000	      2022	00000000	00000013	addi	x0,x0,0	  x0:0x00000000
       20245000	      2023	80002c90	00000013	addi	x0,x0,0	  x0:0x00000000
       20255000	      2024	80002c94	028007ef	jal	x15,80002c94	 x15=0x80002c94
       20265000	      2025	00000000	00000013	addi	x0,x0,0	  x0:0x00000000
       20275000	      2026	80002cb8	00000013	addi	x0,x0,0	  x0:0x00000000
       20285000	      2027	80002cbc	ff5ff0ef	jal	x1,80002cbc	  x1=0x80002cbc
       20295000	      2028	00000000	00000013	addi	x0,x0,0	  x0:0x00000000
       20305000	      2029	80002cac	00000013	addi	x0,x0,0	  x0:0x00000000
       20315000	      2030	80002cb0	ff1ff16f	jal	x2,80002cb0	  x2=0x80002cb0
       20325000	      2031	00000000	00000013	addi	x0,x0,0	  x0:0x00000000
       20335000	      2032	80002c9c	00000013	addi	x0,x0,0	  x0:0x00000000
       20345000	      2033	80002ca0	fd1ff56f	jal	x10,80002ca0	 x10=0x80002ca0
       20355000	      2034	00000000	00000013	addi	x0,x0,0	  x0:0x00000000
       20365000	      2035	80002c6c	00000013	addi	x0,x0,0	  x0:0x00000000
       20375000	      2036	80002c70	01800cef	jal	x25,80002c70	 x25=0x80002c70
       20385000	      2037	00000000	00000013	addi	x0,x0,0	  x0:0x00000000
       20395000	      2038	80002c84	00000013	addi	x0,x0,0	  x0:0x00000000
       20405000	      2039	80002c88	0200036f	jal	x6,80002c88	  x6=0x80002c88
       20415000	      2040	00000000	00000013	addi	x0,x0,0	  x0:0x00000000
       20425000	      2041	80002ca4	00000013	addi	x0,x0,0	  x0:0x00000000
       20435000	      2042	80002ca8	018004ef	jal	x9,80002ca8	  x9=0x80002ca8
       20445000	      2043	00000000	00000013	addi	x0,x0,0	  x0:0x00000000
       20455000	      2044	80002cbc	00000013	addi	x0,x0,0	  x0:0x00000000
       20465000	      2045	80002cc0	00800d6f	jal	x26,80002cc0	 x26=0x80002cc0
       20475000	      2046	00000000	00000013	addi	x0,x0,0	  x0:0x00000000
       20485000	      2047	80002cc4	00000013	addi	x0,x0,0	  x0:0x00000000
       20495000	      2048	80002cc8	fe5ff0ef	jal	x1,80002cc8	  x1=0x80002cc8
       20505000	      2049	00000000	00000013	addi	x0,x0,0	  x0:0x00000000
       20515000	      2050	80002ca8	00000013	addi	x0,x0,0	  x0:0x00000000
       20525000	      2051	80002cac	008000ef	jal	x1,80002cac	  x1=0x80002cac
       20535000	      2052	00000000	00000013	addi	x0,x0,0	  x0:0x00000000
       20545000	      2053	80002cb0	00000013	addi	x0,x0,0	  x0:0x00000000
       20555000	      2054	80002cb4	ff1fff6f	jal	x30,80002cb4	 x30=0x80002cb4
       20565000	      2055	00000000	00000013	addi	x0,x0,0	  x0:0x00000000
       20575000	      2056	80002ca0	00000013	addi	x0,x0,0	  x0:0x00000000
       20585000	      2057	80002ca4	028000ef	jal	x1,80002ca4	  x1=0x80002ca4
       20595000	      2058	00000000	00000013	addi	x0,x0,0	  x0:0x00000000
       20605000	      2059	80002cc8	00000013	addi	x0,x0,0	  x0:0x00000000
       20615000	      2060	80002ccc	0040026f	jal	x4,80002ccc	  x4=0x80002ccc
       20625000	      2061	00000000	00000013	addi	x0,x0,0	  x0:0x00000000
       20635000	      2062	80002ccc	00000013	addi	x0,x0,0	  x0:0x00000000
       20645000	      2063	80002cd0	4048ddb3	sra	x27,x17,x4	 x17:0x80002c78  x4:0x80002ccc x27=0xfff80002
       20655000	      2064	80002cd4	0380036f	jal	x6,80002cd4	  x6=0x80002cd4
       20665000	      2065	00000000	00000013	addi	x0,x0,0	  x0:0x00000000
       20675000	      2066	80002d08	00000013	addi	x0,x0,0	  x0:0x00000000
       20685000	      2067	80002d0c	fe9ff36f	jal	x6,80002d0c	  x6=0x80002d0c
       20695000	      2068	00000000	00000013	addi	x0,x0,0	  x0:0x00000000
       20705000	      2069	80002cf0	00000013	addi	x0,x0,0	  x0:0x00000000
       20715000	      2070	80002cf4	ff1ff36f	jal	x6,80002cf4	  x6=0x80002cf4
       20725000	      2071	00000000	00000013	addi	x0,x0,0	  x0:0x00000000
       20735000	      2072	80002ce0	00000013	addi	x0,x0,0	  x0:0x00000000
       20745000	      2073	80002ce4	02c0036f	jal	x6,80002ce4	  x6=0x80002ce4
       20755000	      2074	00000000	00000013	addi	x0,x0,0	  x0:0x00000000
       20765000	      2075	80002d0c	00000013	addi	x0,x0,0	  x0:0x00000000
       20775000	      2076	80002d10	fe9ff2ef	jal	x5,80002d10	  x5=0x80002d10
       20785000	      2077	00000000	00000013	addi	x0,x0,0	  x0:0x00000000
       20795000	      2078	80002cf4	00000013	addi	x0,x0,0	  x0:0x00000000
       20805000	      2079	80002cf8	ff5ff0ef	jal	x1,80002cf8	  x1=0x80002cf8
       20815000	      2080	00000000	00000013	addi	x0,x0,0	  x0:0x00000000
       20825000	      2081	80002ce8	00000013	addi	x0,x0,0	  x0:0x00000000
       20835000	      2082	80002cec	ffdff0ef	jal	x1,80002cec	  x1=0x80002cec
       20845000	      2083	00000000	00000013	addi	x0,x0,0	  x0:0x00000000
       20855000	      2084	80002ce4	00000013	addi	x0,x0,0	  x0:0x00000000
       20865000	      2085	80002ce8	ff5ff56f	jal	x10,80002ce8	 x10=0x80002ce8
       20875000	      2086	00000000	00000013	addi	x0,x0,0	  x0:0x00000000
       20885000	      2087	80002cd8	00000013	addi	x0,x0,0	  x0:0x00000000
       20895000	      2088	80002cdc	02c000ef	jal	x1,80002cdc	  x1=0x80002cdc
       20905000	      2089	00000000	00000013	addi	x0,x0,0	  x0:0x00000000
       20915000	      2090	80002d04	00000013	addi	x0,x0,0	  x0:0x00000000
       20925000	      2091	80002d08	fd9ff0ef	jal	x1,80002d08	  x1=0x80002d08
       20935000	      2092	00000000	00000013	addi	x0,x0,0	  x0:0x00000000
       20945000	      2093	80002cdc	00000013	addi	x0,x0,0	  x0:0x00000000
       20955000	      2094	80002ce0	ff9ff0ef	jal	x1,80002ce0	  x1=0x80002ce0
       20965000	      2095	00000000	00000013	addi	x0,x0,0	  x0:0x00000000
       20975000	      2096	80002cd4	00000013	addi	x0,x0,0	  x0:0x00000000
       20985000	      2097	80002cd8	024000ef	jal	x1,80002cd8	  x1=0x80002cd8
       20995000	      2098	00000000	00000013	addi	x0,x0,0	  x0:0x00000000
       21005000	      2099	80002cf8	00000013	addi	x0,x0,0	  x0:0x00000000
       21015000	      2100	80002cfc	018000ef	jal	x1,80002cfc	  x1=0x80002cfc
       21025000	      2101	00000000	00000013	addi	x0,x0,0	  x0:0x00000000
       21035000	      2102	80002d10	00000013	addi	x0,x0,0	  x0:0x00000000
       21045000	      2103	80002d14	ff1ff0ef	jal	x1,80002d14	  x1=0x80002d14
       21055000	      2104	00000000	00000013	addi	x0,x0,0	  x0:0x00000000
       21065000	      2105	80002d00	00000013	addi	x0,x0,0	  x0:0x00000000
       21075000	      2106	80002d04	018000ef	jal	x1,80002d04	  x1=0x80002d04
       21085000	      2107	00000000	00000013	addi	x0,x0,0	  x0:0x00000000
       21095000	      2108	80002d18	00000013	addi	x0,x0,0	  x0:0x00000000
       21105000	      2109	80002d1c	fd5ff86f	jal	x16,80002d1c	 x16=0x80002d1c
       21115000	      2110	00000000	00000013	addi	x0,x0,0	  x0:0x00000000
       21125000	      2111	80002cec	00000013	addi	x0,x0,0	  x0:0x00000000
       21135000	      2112	80002cf0	0100016f	jal	x2,80002cf0	  x2=0x80002cf0
       21145000	      2113	00000000	00000013	addi	x0,x0,0	  x0:0x00000000
       21155000	      2114	80002cfc	00000013	addi	x0,x0,0	  x0:0x00000000
       21165000	      2115	80002d00	0200036f	jal	x6,80002d00	  x6=0x80002d00
       21175000	      2116	00000000	00000013	addi	x0,x0,0	  x0:0x00000000
       21185000	      2117	80002d1c	00000013	addi	x0,x0,0	  x0:0x00000000
       21195000	      2118	80002d20	ff9ff0ef	jal	x1,80002d20	  x1=0x80002d20
       21205000	      2119	00000000	00000013	addi	x0,x0,0	  x0:0x00000000
       21215000	      2120	80002d14	00000013	addi	x0,x0,0	  x0:0x00000000
       21225000	      2121	80002d18	00c000ef	jal	x1,80002d18	  x1=0x80002d18
       21235000	      2122	00000000	00000013	addi	x0,x0,0	  x0:0x00000000
       21245000	      2123	80002d20	00000013	addi	x0,x0,0	  x0:0x00000000
       21255000	      2124	80002d24	4158dd13	srai	x26,x17,0x15	 x17:0x80002c78 x26=0xfffffc00
       21265000	      2125	80002d28	0280036f	jal	x6,80002d28	  x6=0x80002d28
       21275000	      2126	00000000	00000013	addi	x0,x0,0	  x0:0x00000000
       21285000	      2127	80002d4c	00000013	addi	x0,x0,0	  x0:0x00000000
       21295000	      2128	80002d50	038007ef	jal	x15,80002d50	 x15=0x80002d50
       21305000	      2129	00000000	00000013	addi	x0,x0,0	  x0:0x00000000
       21315000	      2130	80002d84	00000013	addi	x0,x0,0	  x0:0x00000000
       21325000	      2131	80002d88	fc5ff0ef	jal	x1,80002d88	  x1=0x80002d88
       21335000	      2132	00000000	00000013	addi	x0,x0,0	  x0:0x00000000
       21345000	      2133	80002d48	00000013	addi	x0,x0,0	  x0:0x00000000
       21355000	      2134	80002d4c	0100036f	jal	x6,80002d4c	  x6=0x80002d4c
       21365000	      2135	00000000	00000013	addi	x0,x0,0	  x0:0x00000000
       21375000	      2136	80002d58	00000013	addi	x0,x0,0	  x0:0x00000000
       21385000	      2137	80002d5c	fd1ff0ef	jal	x1,80002d5c	  x1=0x80002d5c
       21395000	      2138	00000000	00000013	addi	x0,x0,0	  x0:0x00000000
       21405000	      2139	80002d28	00000013	addi	x0,x0,0	  x0:0x00000000
       21415000	      2140	80002d2c	0440036f	jal	x6,80002d2c	  x6=0x80002d2c
       21425000	      2141	00000000	00000013	addi	x0,x0,0	  x0:0x00000000
       21435000	      2142	80002d6c	00000013	addi	x0,x0,0	  x0:0x00000000
       21445000	      2143	80002d70	020000ef	jal	x1,80002d70	  x1=0x80002d70
       21455000	      2144	00000000	00000013	addi	x0,x0,0	  x0:0x00000000
       21465000	      2145	80002d8c	00000013	addi	x0,x0,0	  x0:0x00000000
       21475000	      2146	80002d90	fb5ffeef	jal	x29,80002d90	 x29=0x80002d90
       21485000	      2147	00000000	00000013	addi	x0,x0,0	  x0:0x00000000
       21495000	      2148	80002d40	00000013	addi	x0,x0,0	  x0:0x00000000
       21505000	      2149	80002d44	0040036f	jal	x6,80002d44	  x6=0x80002d44
       21515000	      2150	00000000	00000013	addi	x0,x0,0	  x0:0x00000000
       21525000	      2151	80002d44	00000013	addi	x0,x0,0	  x0:0x00000000
       21535000	      2152	80002d48	018002ef	jal	x5,80002d48	  x5=0x80002d48
       21545000	      2153	00000000	00000013	addi	x0,x0,0	  x0:0x00000000
       21555000	      2154	80002d5c	00000013	addi	x0,x0,0	  x0:0x00000000
       21565000	      2155	80002d60	018007ef	jal	x15,80002d60	 x15=0x80002d60
       21575000	      2156	00000000	00000013	addi	x0,x0,0	  x0:0x00000000
       21585000	      2157	80002d74	00000013	addi	x0,x0,0	  x0:0x00000000
       21595000	      2158	80002d78	fb9ff5ef	jal	x11,80002d78	 x11=0x80002d78
       21605000	      2159	00000000	00000013	addi	x0,x0,0	  x0:0x00000000
       21615000	      2160	80002d2c	00000013	addi	x0,x0,0	  x0:0x00000000
       21625000	      2161	80002d30	034000ef	jal	x1,80002d30	  x1=0x80002d30
       21635000	      2162	00000000	00000013	addi	x0,x0,0	  x0:0x00000000
       21645000	      2163	80002d60	00000013	addi	x0,x0,0	  x0:0x00000000
       21655000	      2164	80002d64	0080046f	jal	x8,80002d64	  x8=0x80002d64
       21665000	      2165	00000000	00000013	addi	x0,x0,0	  x0:0x00000000
       21675000	      2166	80002d68	00000013	addi	x0,x0,0	  x0:0x00000000
       21685000	      2167	80002d6c	02000e6f	jal	x28,80002d6c	 x28=0x80002d6c
       21695000	      2168	00000000	00000013	addi	x0,x0,0	  x0:0x00000000
       21705000	      2169	80002d88	00000013	addi	x0,x0,0	  x0:0x00000000
       21715000	      2170	80002d8c	fb1ff6ef	jal	x13,80002d8c	 x13=0x80002d8c
       21725000	      2171	00000000	00000013	addi	x0,x0,0	  x0:0x00000000
       21735000	      2172	80002d38	00000013	addi	x0,x0,0	  x0:0x00000000
       21745000	      2173	80002d3c	02c0036f	jal	x6,80002d3c	  x6=0x80002d3c
       21755000	      2174	00000000	00000013	addi	x0,x0,0	  x0:0x00000000
       21765000	      2175	80002d64	00000013	addi	x0,x0,0	  x0:0x00000000
       21775000	      2176	80002d68	fd1ff1ef	jal	x3,80002d68	  x3=0x80002d68
       21785000	      2177	00000000	00000013	addi	x0,x0,0	  x0:0x00000000
       21795000	      2178	80002d34	00000013	addi	x0,x0,0	  x0:0x00000000
       21805000	      2179	80002d38	ffdff36f	jal	x6,80002d38	  x6=0x80002d38
       21815000	      2180	00000000	00000013	addi	x0,x0,0	  x0:0x00000000
       21825000	      2181	80002d30	00000013	addi	x0,x0,0	  x0:0x00000000
       21835000	      2182	80002d34	020000ef	jal	x1,80002d34	  x1=0x80002d34
       21845000	      2183	00000000	00000013	addi	x0,x0,0	  x0:0x00000000
       21855000	      2184	80002d50	00000013	addi	x0,x0,0	  x0:0x00000000
       21865000	      2185	80002d54	004000ef	jal	x1,80002d54	  x1=0x80002d54
       21875000	      2186	00000000	00000013	addi	x0,x0,0	  x0:0x00000000
       21885000	      2187	80002d54	00000013	addi	x0,x0,0	  x0:0x00000000
       21895000	      2188	80002d58	fe9ffdef	jal	x27,80002d58	 x27=0x80002d58
       21905000	      2189	00000000	00000013	addi	x0,x0,0	  x0:0x00000000
       21915000	      2190	80002d3c	00000013	addi	x0,x0,0	  x0:0x00000000
       21925000	      2191	80002d40	04400eef	jal	x29,80002d40	 x29=0x80002d40
       21935000	      2192	00000000	00000013	addi	x0,x0,0	  x0:0x00000000
       21945000	      2193	80002d80	00000013	addi	x0,x0,0	  x0:0x00000000
       21955000	      2194	80002d84	ff1ff1ef	jal	x3,80002d84	  x3=0x80002d84
       21965000	      2195	00000000	00000013	addi	x0,x0,0	  x0:0x00000000
       21975000	      2196	80002d70	00000013	addi	x0,x0,0	  x0:0x00000000
       21985000	      2197	80002d74	0080036f	jal	x6,80002d74	  x6=0x80002d74
       21995000	      2198	00000000	00000013	addi	x0,x0,0	  x0:0x00000000
       22005000	      2199	80002d78	00000013	addi	x0,x0,0	  x0:0x00000000
       22015000	      2200	80002d7c	0040076f	jal	x14,80002d7c	 x14=0x80002d7c
       22025000	      2201	00000000	00000013	addi	x0,x0,0	  x0:0x00000000
       22035000	      2202	80002d7c	00000013	addi	x0,x0,0	  x0:0x00000000
       22045000	      2203	80002d80	014000ef	jal	x1,80002d80	  x1=0x80002d80
       22055000	      2204	00000000	00000013	addi	x0,x0,0	  x0:0x00000000
       22065000	      2205	80002d90	00000013	addi	x0,x0,0	  x0:0x00000000
       22075000	      2206	80002d94	00119713	slli	x14,x3,0x1	  x3:0x80002d84 x14=0x00005b08
       22085000	      2207	80002d98	0380036f	jal	x6,80002d98	  x6=0x80002d98
       22095000	      2208	00000000	00000013	addi	x0,x0,0	  x0:0x00000000
       22105000	      2209	80002dcc	00000013	addi	x0,x0,0	  x0:0x00000000
       22115000	      2210	80002dd0	02c0036f	jal	x6,80002dd0	  x6=0x80002dd0
       22125000	      2211	00000000	00000013	addi	x0,x0,0	  x0:0x00000000
       22135000	      2212	80002df8	00000013	addi	x0,x0,0	  x0:0x00000000
       22145000	      2213	80002dfc	fc5ff36f	jal	x6,80002dfc	  x6=0x80002dfc
       22155000	      2214	00000000	00000013	addi	x0,x0,0	  x0:0x00000000
       22165000	      2215	80002dbc	00000013	addi	x0,x0,0	  x0:0x00000000
       22175000	      2216	80002dc0	024001ef	jal	x3,80002dc0	  x3=0x80002dc0
       22185000	      2217	00000000	00000013	addi	x0,x0,0	  x0:0x00000000
       22195000	      2218	80002de0	00000013	addi	x0,x0,0	  x0:0x00000000
       22205000	      2219	80002de4	fcdff0ef	jal	x1,80002de4	  x1=0x80002de4
       22215000	      2220	00000000	00000013	addi	x0,x0,0	  x0:0x00000000
       22225000	      2221	80002dac	00000013	addi	x0,x0,0	  x0:0x00000000
       22235000	      2222	80002db0	044000ef	jal	x1,80002db0	  x1=0x80002db0
       22245000	      2223	00000000	00000013	addi	x0,x0,0	  x0:0x00000000
       22255000	      2224	80002df0	00000013	addi	x0,x0,0	  x0:0x00000000
       22265000	      2225	80002df4	fe5ff36f	jal	x6,80002df4	  x6=0x80002df4
       22275000	      2226	00000000	00000013	addi	x0,x0,0	  x0:0x00000000
       22285000	      2227	80002dd4	00000013	addi	x0,x0,0	  x0:0x00000000
       22295000	      2228	80002dd8	028000ef	jal	x1,80002dd8	  x1=0x80002dd8
       22305000	      2229	00000000	00000013	addi	x0,x0,0	  x0:0x00000000
       22315000	      2230	80002dfc	00000013	addi	x0,x0,0	  x0:0x00000000
       22325000	      2231	80002e00	fedff26f	jal	x4,80002e00	  x4=0x80002e00
       22335000	      2232	00000000	00000013	addi	x0,x0,0	  x0:0x00000000
       22345000	      2233	80002de8	00000013	addi	x0,x0,0	  x0:0x00000000
       22355000	      2234	80002dec	00c0016f	jal	x2,80002dec	  x2=0x80002dec
       22365000	      2235	00000000	00000013	addi	x0,x0,0	  x0:0x00000000
       22375000	      2236	80002df4	00000013	addi	x0,x0,0	  x0:0x00000000
       22385000	      2237	80002df8	fadff36f	jal	x6,80002df8	  x6=0x80002df8
       22395000	      2238	00000000	00000013	addi	x0,x0,0	  x0:0x00000000
       22405000	      2239	80002da0	00000013	addi	x0,x0,0	  x0:0x00000000
       22415000	      2240	80002da4	008000ef	jal	x1,80002da4	  x1=0x80002da4
       22425000	      2241	00000000	00000013	addi	x0,x0,0	  x0:0x00000000
       22435000	      2242	80002da8	00000013	addi	x0,x0,0	  x0:0x00000000
       22445000	      2243	80002dac	02000f6f	jal	x30,80002dac	 x30=0x80002dac
       22455000	      2244	00000000	00000013	addi	x0,x0,0	  x0:0x00000000
       22465000	      2245	80002dc8	00000013	addi	x0,x0,0	  x0:0x00000000
       22475000	      2246	80002dcc	fddff16f	jal	x2,80002dcc	  x2=0x80002dcc
       22485000	      2247	00000000	00000013	addi	x0,x0,0	  x0:0x00000000
       22495000	      2248	80002da4	00000013	addi	x0,x0,0	  x0:0x00000000
       22505000	      2249	80002da8	040006ef	jal	x13,80002da8	 x13=0x80002da8
       22515000	      2250	00000000	00000013	addi	x0,x0,0	  x0:0x00000000
       22525000	      2251	80002de4	00000013	addi	x0,x0,0	  x0:0x00000000
       22535000	      2252	80002de8	fe1ffdef	jal	x27,80002de8	 x27=0x80002de8
       22545000	      2253	00000000	00000013	addi	x0,x0,0	  x0:0x00000000
       22555000	      2254	80002dc4	00000013	addi	x0,x0,0	  x0:0x00000000
       22565000	      2255	80002dc8	fedff0ef	jal	x1,80002dc8	  x1=0x80002dc8
       22575000	      2256	00000000	00000013	addi	x0,x0,0	  x0:0x00000000
       22585000	      2257	80002db0	00000013	addi	x0,x0,0	  x0:0x00000000
       22595000	      2258	80002db4	fedff0ef	jal	x1,80002db4	  x1=0x80002db4
       22605000	      2259	00000000	00000013	addi	x0,x0,0	  x0:0x00000000
       22615000	      2260	80002d9c	00000013	addi	x0,x0,0	  x0:0x00000000
       22625000	      2261	80002da0	040006ef	jal	x13,80002da0	 x13=0x80002da0
       22635000	      2262	00000000	00000013	addi	x0,x0,0	  x0:0x00000000
       22645000	      2263	80002ddc	00000013	addi	x0,x0,0	  x0:0x00000000
       22655000	      2264	80002de0	fd9ff0ef	jal	x1,80002de0	  x1=0x80002de0
       22665000	      2265	00000000	00000013	addi	x0,x0,0	  x0:0x00000000
       22675000	      2266	80002db4	00000013	addi	x0,x0,0	  x0:0x00000000
       22685000	      2267	80002db8	03800e6f	jal	x28,80002db8	 x28=0x80002db8
       22695000	      2268	00000000	00000013	addi	x0,x0,0	  x0:0x00000000
       22705000	      2269	80002dec	00000013	addi	x0,x0,0	  x0:0x00000000
       22715000	      2270	80002df0	fadff0ef	jal	x1,80002df0	  x1=0x80002df0
       22725000	      2271	00000000	00000013	addi	x0,x0,0	  x0:0x00000000
       22735000	      2272	80002d98	00000013	addi	x0,x0,0	  x0:0x00000000
       22745000	      2273	80002d9c	020009ef	jal	x19,80002d9c	 x19=0x80002d9c
       22755000	      2274	00000000	00000013	addi	x0,x0,0	  x0:0x00000000
       22765000	      2275	80002db8	00000013	addi	x0,x0,0	  x0:0x00000000
       22775000	      2276	80002dbc	02000aef	jal	x21,80002dbc	 x21=0x80002dbc
       22785000	      2277	00000000	00000013	addi	x0,x0,0	  x0:0x00000000
       22795000	      2278	80002dd8	00000013	addi	x0,x0,0	  x0:0x00000000
       22805000	      2279	80002ddc	ff9ffeef	jal	x29,80002ddc	 x29=0x80002ddc
       22815000	      2280	00000000	00000013	addi	x0,x0,0	  x0:0x00000000
       22825000	      2281	80002dd0	00000013	addi	x0,x0,0	  x0:0x00000000
       22835000	      2282	80002dd4	ff1ff26f	jal	x4,80002dd4	  x4=0x80002dd4
       22845000	      2283	00000000	00000013	addi	x0,x0,0	  x0:0x00000000
       22855000	      2284	80002dc0	00000013	addi	x0,x0,0	  x0:0x00000000
       22865000	      2285	80002dc4	040000ef	jal	x1,80002dc4	  x1=0x80002dc4
       22875000	      2286	00000000	00000013	addi	x0,x0,0	  x0:0x00000000
       22885000	      2287	80002e00	00000013	addi	x0,x0,0	  x0:0x00000000
       22895000	      2288	80002e04	004000ef	jal	x1,80002e04	  x1=0x80002e04
       22905000	      2289	00000000	00000013	addi	x0,x0,0	  x0:0x00000000
       22915000	      2290	80002e04	00000013	addi	x0,x0,0	  x0:0x00000000
       22925000	      2291	80002e08	00a3f433	and	x8,x7,x10	  x7:0x80002b0c x10:0x80002ce8  x8=0x80002808
       22935000	      2292	80002e0c	0440036f	jal	x6,80002e0c	  x6=0x80002e0c
       22945000	      2293	00000000	00000013	addi	x0,x0,0	  x0:0x00000000
       22955000	      2294	80002e4c	00000013	addi	x0,x0,0	  x0:0x00000000
       22965000	      2295	80002e50	004000ef	jal	x1,80002e50	  x1=0x80002e50
       22975000	      2296	00000000	00000013	addi	x0,x0,0	  x0:0x00000000
       22985000	      2297	80002e50	00000013	addi	x0,x0,0	  x0:0x00000000
       22995000	      2298	80002e54	00c000ef	jal	x1,80002e54	  x1=0x80002e54
       23005000	      2299	00000000	00000013	addi	x0,x0,0	  x0:0x00000000
       23015000	      2300	80002e5c	00000013	addi	x0,x0,0	  x0:0x00000000
       23025000	      2301	80002e60	fc9ff0ef	jal	x1,80002e60	  x1=0x80002e60
       23035000	      2302	00000000	00000013	addi	x0,x0,0	  x0:0x00000000
       23045000	      2303	80002e24	00000013	addi	x0,x0,0	  x0:0x00000000
       23055000	      2304	80002e28	00c0036f	jal	x6,80002e28	  x6=0x80002e28
       23065000	      2305	00000000	00000013	addi	x0,x0,0	  x0:0x00000000
       23075000	      2306	80002e30	00000013	addi	x0,x0,0	  x0:0x00000000
       23085000	      2307	80002e34	03000aef	jal	x21,80002e34	 x21=0x80002e34
       23095000	      2308	00000000	00000013	addi	x0,x0,0	  x0:0x00000000
       23105000	      2309	80002e60	00000013	addi	x0,x0,0	  x0:0x00000000
       23115000	      2310	80002e64	fe9ff36f	jal	x6,80002e64	  x6=0x80002e64
       23125000	      2311	00000000	00000013	addi	x0,x0,0	  x0:0x00000000
       23135000	      2312	80002e48	00000013	addi	x0,x0,0	  x0:0x00000000
       23145000	      2313	80002e4c	fc9ff86f	jal	x16,80002e4c	 x16=0x80002e4c
       23155000	      2314	00000000	00000013	addi	x0,x0,0	  x0:0x00000000
       23165000	      2315	80002e10	00000013	addi	x0,x0,0	  x0:0x00000000
       23175000	      2316	80002e14	024008ef	jal	x17,80002e14	 x17=0x80002e14
       23185000	      2317	00000000	00000013	addi	x0,x0,0	  x0:0x00000000
       23195000	      2318	80002e34	00000013	addi	x0,x0,0	  x0:0x00000000
       23205000	      2319	80002e38	fe1ff76f	jal	x14,80002e38	 x14=0x80002e38
       23215000	      2320	00000000	00000013	addi	x0,x0,0	  x0:0x00000000
       23225000	      2321	80002e14	00000013	addi	x0,x0,0	  x0:0x00000000
       23235000	      2322	80002e18	02c000ef	jal	x1,80002e18	  x1=0x80002e18
       23245000	      2323	00000000	00000013	addi	x0,x0,0	  x0:0x00000000
       23255000	      2324	80002e40	00000013	addi	x0,x0,0	  x0:0x00000000
       23265000	      2325	80002e44	fcdffcef	jal	x25,80002e44	 x25=0x80002e44
       23275000	      2326	00000000	00000013	addi	x0,x0,0	  x0:0x00000000
       23285000	      2327	80002e0c	00000013	addi	x0,x0,0	  x0:0x00000000
       23295000	      2328	80002e10	048000ef	jal	x1,80002e10	  x1=0x80002e10
       23305000	      2329	00000000	00000013	addi	x0,x0,0	  x0:0x00000000
       23315000	      2330	80002e54	00000013	addi	x0,x0,0	  x0:0x00000000
       23325000	      2331	80002e58	010000ef	jal	x1,80002e58	  x1=0x80002e58
       23335000	      2332	00000000	00000013	addi	x0,x0,0	  x0:0x00000000
       23345000	      2333	80002e64	00000013	addi	x0,x0,0	  x0:0x00000000
       23355000	      2334	80002e68	fb5ff36f	jal	x6,80002e68	  x6=0x80002e68
       23365000	      2335	00000000	00000013	addi	x0,x0,0	  x0:0x00000000
       23375000	      2336	80002e18	00000013	addi	x0,x0,0	  x0:0x00000000
       23385000	      2337	80002e1c	0200056f	jal	x10,80002e1c	 x10=0x80002e1c
       23395000	      2338	00000000	00000013	addi	x0,x0,0	  x0:0x00000000
       23405000	      2339	80002e38	00000013	addi	x0,x0,0	  x0:0x00000000
       23415000	      2340	80002e3c	00c000ef	jal	x1,80002e3c	  x1=0x80002e3c
       23425000	      2341	00000000	00000013	addi	x0,x0,0	  x0:0x00000000
       23435000	      2342	80002e44	00000013	addi	x0,x0,0	  x0:0x00000000
       23445000	      2343	80002e48	fd9ff36f	jal	x6,80002e48	  x6=0x80002e48
       23455000	      2344	00000000	00000013	addi	x0,x0,0	  x0:0x00000000
       23465000	      2345	80002e1c	00000013	addi	x0,x0,0	  x0:0x00000000
       23475000	      2346	80002e20	03c000ef	jal	x1,80002e20	  x1=0x80002e20
       23485000	      2347	00000000	00000013	addi	x0,x0,0	  x0:0x00000000
       23495000	      2348	80002e58	00000013	addi	x0,x0,0	  x0:0x00000000
       23505000	      2349	80002e5c	fd1ff1ef	jal	x3,80002e5c	  x3=0x80002e5c
       23515000	      2350	00000000	00000013	addi	x0,x0,0	  x0:0x00000000
       23525000	      2351	80002e28	00000013	addi	x0,x0,0	  x0:0x00000000
       23535000	      2352	80002e2c	ff9ff36f	jal	x6,80002e2c	  x6=0x80002e2c
       23545000	      2353	00000000	00000013	addi	x0,x0,0	  x0:0x00000000
       23555000	      2354	80002e20	00000013	addi	x0,x0,0	  x0:0x00000000
       23565000	      2355	80002e24	01c000ef	jal	x1,80002e24	  x1=0x80002e24
       23575000	      2356	00000000	00000013	addi	x0,x0,0	  x0:0x00000000
       23585000	      2357	80002e3c	00000013	addi	x0,x0,0	  x0:0x00000000
       23595000	      2358	80002e40	ff1ff0ef	jal	x1,80002e40	  x1=0x80002e40
       23605000	      2359	00000000	00000013	addi	x0,x0,0	  x0:0x00000000
       23615000	      2360	80002e2c	00000013	addi	x0,x0,0	  x0:0x00000000
       23625000	      2361	80002e30	03c0036f	jal	x6,80002e30	  x6=0x80002e30
       23635000	      2362	00000000	00000013	addi	x0,x0,0	  x0:0x00000000
       23645000	      2363	80002e68	00000013	addi	x0,x0,0	  x0:0x00000000
       23655000	      2364	80002e6c	f844cf13	xori	x30,x9,-124	  x9:0x80002ca8 x30=0x7fffd32c
       23665000	      2365	80002e70	0300036f	jal	x6,80002e70	  x6=0x80002e70
       23675000	      2366	00000000	00000013	addi	x0,x0,0	  x0:0x00000000
       23685000	      2367	80002e9c	00000013	addi	x0,x0,0	  x0:0x00000000
       23695000	      2368	80002ea0	004000ef	jal	x1,80002ea0	  x1=0x80002ea0
       23705000	      2369	00000000	00000013	addi	x0,x0,0	  x0:0x00000000
       23715000	      2370	80002ea0	00000013	addi	x0,x0,0	  x0:0x00000000
       23725000	      2371	80002ea4	0280036f	jal	x6,80002ea4	  x6=0x80002ea4
       23735000	      2372	00000000	00000013	addi	x0,x0,0	  x0:0x00000000
       23745000	      2373	80002ec8	00000013	addi	x0,x0,0	  x0:0x00000000
       23755000	      2374	80002ecc	fbdff8ef	jal	x17,80002ecc	 x17=0x80002ecc
       23765000	      2375	00000000	00000013	addi	x0,x0,0	  x0:0x00000000
       23775000	      2376	80002e84	00000013	addi	x0,x0,0	  x0:0x00000000
       23785000	      2377	80002e88	0300036f	jal	x6,80002e88	  x6=0x80002e88
       23795000	      2378	00000000	00000013	addi	x0,x0,0	  x0:0x00000000
       23805000	      2379	80002eb4	00000013	addi	x0,x0,0	  x0:0x00000000
       23815000	      2380	80002eb8	ff1ff0ef	jal	x1,80002eb8	  x1=0x80002eb8
       23825000	      2381	00000000	00000013	addi	x0,x0,0	  x0:0x00000000
       23835000	      2382	80002ea4	00000013	addi	x0,x0,0	  x0:0x00000000
       23845000	      2383	80002ea8	fd9ff36f	jal	x6,80002ea8	  x6=0x80002ea8
       23855000	      2384	00000000	00000013	addi	x0,x0,0	  x0:0x00000000
       23865000	      2385	80002e7c	00000013	addi	x0,x0,0	  x0:0x00000000
       23875000	      2386	80002e80	0440036f	jal	x6,80002e80	  x6=0x80002e80
       23885000	      2387	00000000	00000013	addi	x0,x0,0	  x0:0x00000000
       23895000	      2388	80002ec0	00000013	addi	x0,x0,0	  x0:0x00000000
       23905000	      2389	80002ec4	fb1ff0ef	jal	x1,80002ec4	  x1=0x80002ec4
       23915000	      2390	00000000	00000013	addi	x0,x0,0	  x0:0x00000000
       23925000	      2391	80002e70	00000013	addi	x0,x0,0	  x0:0x00000000
       23935000	      2392	80002e74	054000ef	jal	x1,80002e74	  x1=0x80002e74
       23945000	      2393	00000000	00000013	addi	x0,x0,0	  x0:0x00000000
       23955000	      2394	80002ec4	00000013	addi	x0,x0,0	  x0:0x00000000
       23965000	      2395	80002ec8	fd5ff1ef	jal	x3,80002ec8	  x3=0x80002ec8
       23975000	      2396	00000000	00000013	addi	x0,x0,0	  x0:0x00000000
       23985000	      2397	80002e98	00000013	addi	x0,x0,0	  x0:0x00000000
       23995000	      2398	80002e9c	ffdff0ef	jal	x1,80002e9c	  x1=0x80002e9c
       24005000	      2399	00000000	00000013	addi	x0,x0,0	  x0:0x00000000
       24015000	      2400	80002e94	00000013	addi	x0,x0,0	  x0:0x00000000
       24025000	      2401	80002e98	fedff2ef	jal	x5,80002e98	  x5=0x80002e98
       24035000	      2402	00000000	00000013	addi	x0,x0,0	  x0:0x00000000
       24045000	      2403	80002e80	00000013	addi	x0,x0,0	  x0:0x00000000
       24055000	      2404	80002e84	ff5ff0ef	jal	x1,80002e84	  x1=0x80002e84
       24065000	      2405	00000000	00000013	addi	x0,x0,0	  x0:0x00000000
       24075000	      2406	80002e74	00000013	addi	x0,x0,0	  x0:0x00000000
       24085000	      2407	80002e78	034009ef	jal	x19,80002e78	 x19=0x80002e78
       24095000	      2408	00000000	00000013	addi	x0,x0,0	  x0:0x00000000
       24105000	      2409	80002ea8	00000013	addi	x0,x0,0	  x0:0x00000000
       24115000	      2410	80002eac	02400e6f	jal	x28,80002eac	 x28=0x80002eac
       24125000	      2411	00000000	00000013	addi	x0,x0,0	  x0:0x00000000
       24135000	      2412	80002ecc	00000013	addi	x0,x0,0	  x0:0x00000000
       24145000	      2413	80002ed0	fbdff0ef	jal	x1,80002ed0	  x1=0x80002ed0
       24155000	      2414	00000000	00000013	addi	x0,x0,0	  x0:0x00000000
       24165000	      2415	80002e88	00000013	addi	x0,x0,0	  x0:0x00000000
       24175000	      2416	80002e8c	0280036f	jal	x6,80002e8c	  x6=0x80002e8c
       24185000	      2417	00000000	00000013	addi	x0,x0,0	  x0:0x00000000
       24195000	      2418	80002eb0	00000013	addi	x0,x0,0	  x0:0x00000000
       24205000	      2419	80002eb4	fddff16f	jal	x2,80002eb4	  x2=0x80002eb4
       24215000	      2420	00000000	00000013	addi	x0,x0,0	  x0:0x00000000
       24225000	      2421	80002e8c	00000013	addi	x0,x0,0	  x0:0x00000000
       24235000	      2422	80002e90	0040036f	jal	x6,80002e90	  x6=0x80002e90
       24245000	      2423	00000000	00000013	addi	x0,x0,0	  x0:0x00000000
       24255000	      2424	80002e90	00000013	addi	x0,x0,0	  x0:0x00000000
       24265000	      2425	80002e94	fe9ff9ef	jal	x19,80002e94	 x19=0x80002e94
       24275000	      2426	00000000	00000013	addi	x0,x0,0	  x0:0x00000000
       24285000	      2427	80002e78	00000013	addi	x0,x0,0	  x0:0x00000000
       24295000	      2428	80002e7c	03400cef	jal	x25,80002e7c	 x25=0x80002e7c
       24305000	      2429	00000000	00000013	addi	x0,x0,0	  x0:0x00000000
       24315000	      2430	80002eac	00000013	addi	x0,x0,0	  x0:0x00000000
       24325000	      2431	80002eb0	00c000ef	jal	x1,80002eb0	  x1=0x80002eb0
       24335000	      2432	00000000	00000013	addi	x0,x0,0	  x0:0x00000000
       24345000	      2433	80002eb8	00000013	addi	x0,x0,0	  x0:0x00000000
       24355000	      2434	80002ebc	00400aef	jal	x21,80002ebc	 x21=0x80002ebc
       24365000	      2435	00000000	00000013	addi	x0,x0,0	  x0:0x00000000
       24375000	      2436	80002ebc	00000013	addi	x0,x0,0	  x0:0x00000000
       24385000	      2437	80002ec0	014000ef	jal	x1,80002ec0	  x1=0x80002ec0
       24395000	      2438	00000000	00000013	addi	x0,x0,0	  x0:0x00000000
       24405000	      2439	80002ed0	00000013	addi	x0,x0,0	  x0:0x00000000
       24415000	      2440	80002ed4	012b3a33	sltu	x20,x22,x18	 x22:0x80002b7c x18:0xcf346240 x20=0x00000001
       24425000	      2441	80002ed8	0180036f	jal	x6,80002ed8	  x6=0x80002ed8
       24435000	      2442	00000000	00000013	addi	x0,x0,0	  x0:0x00000000
       24445000	      2443	80002eec	00000013	addi	x0,x0,0	  x0:0x00000000
       24455000	      2444	80002ef0	00800cef	jal	x25,80002ef0	 x25=0x80002ef0
       24465000	      2445	00000000	00000013	addi	x0,x0,0	  x0:0x00000000
       24475000	      2446	80002ef4	00000013	addi	x0,x0,0	  x0:0x00000000
       24485000	      2447	80002ef8	00c0036f	jal	x6,80002ef8	  x6=0x80002ef8
       24495000	      2448	00000000	00000013	addi	x0,x0,0	  x0:0x00000000
       24505000	      2449	80002f00	00000013	addi	x0,x0,0	  x0:0x00000000
       24515000	      2450	80002f04	fe9ff0ef	jal	x1,80002f04	  x1=0x80002f04
       24525000	      2451	00000000	00000013	addi	x0,x0,0	  x0:0x00000000
       24535000	      2452	80002ee8	00000013	addi	x0,x0,0	  x0:0x00000000
       24545000	      2453	80002eec	010001ef	jal	x3,80002eec	  x3=0x80002eec
       24555000	      2454	00000000	00000013	addi	x0,x0,0	  x0:0x00000000
       24565000	      2455	80002ef8	00000013	addi	x0,x0,0	  x0:0x00000000
       24575000	      2456	80002efc	ff9ff0ef	jal	x1,80002efc	  x1=0x80002efc
       24585000	      2457	00000000	00000013	addi	x0,x0,0	  x0:0x00000000
       24595000	      2458	80002ef0	00000013	addi	x0,x0,0	  x0:0x00000000
       24605000	      2459	80002ef4	fe9ff9ef	jal	x19,80002ef4	 x19=0x80002ef4
       24615000	      2460	00000000	00000013	addi	x0,x0,0	  x0:0x00000000
       24625000	      2461	80002ed8	00000013	addi	x0,x0,0	  x0:0x00000000
       24635000	      2462	80002edc	024000ef	jal	x1,80002edc	  x1=0x80002edc
       24645000	      2463	00000000	00000013	addi	x0,x0,0	  x0:0x00000000
       24655000	      2464	80002efc	00000013	addi	x0,x0,0	  x0:0x00000000
       24665000	      2465	80002f00	fe1ff6ef	jal	x13,80002f00	 x13=0x80002f00
       24675000	      2466	00000000	00000013	addi	x0,x0,0	  x0:0x00000000
       24685000	      2467	80002edc	00000013	addi	x0,x0,0	  x0:0x00000000
       24695000	      2468	80002ee0	008000ef	jal	x1,80002ee0	  x1=0x80002ee0
       24705000	      2469	00000000	00000013	addi	x0,x0,0	  x0:0x00000000
       24715000	      2470	80002ee4	00000013	addi	x0,x0,0	  x0:0x00000000
       24725000	      2471	80002ee8	020005ef	jal	x11,80002ee8	 x11=0x80002ee8
       24735000	      2472	00000000	00000013	addi	x0,x0,0	  x0:0x00000000
       24745000	      2473	80002f04	00000013	addi	x0,x0,0	  x0:0x00000000
       24755000	      2474	80002f08	004009ef	jal	x19,80002f08	 x19=0x80002f08
       24765000	      2475	00000000	00000013	addi	x0,x0,0	  x0:0x00000000
       24775000	      2476	80002f08	00000013	addi	x0,x0,0	  x0:0x00000000
       24785000	      2477	80002f0c	fd9ffeef	jal	x29,80002f0c	 x29=0x80002f0c
       24795000	      2478	00000000	00000013	addi	x0,x0,0	  x0:0x00000000
       24805000	      2479	80002ee0	00000013	addi	x0,x0,0	  x0:0x00000000
       24815000	      2480	80002ee4	02c000ef	jal	x1,80002ee4	  x1=0x80002ee4
       24825000	      2481	00000000	00000013	addi	x0,x0,0	  x0:0x00000000
       24835000	      2482	80002f0c	00000013	addi	x0,x0,0	  x0:0x00000000
       24845000	      2483	80002f10	00341eb3	sll	x29,x8,x3	  x8:0x80002808  x3:0x80002eec x29=0x02808000
       24855000	      2484	80002f14	00c0036f	jal	x6,80002f14	  x6=0x80002f14
       24865000	      2485	00000000	00000013	addi	x0,x0,0	  x0:0x00000000
       24875000	      2486	80002f1c	00000013	addi	x0,x0,0	  x0:0x00000000
       24885000	      2487	80002f20	0200036f	jal	x6,80002f20	  x6=0x80002f20
       24895000	      2488	00000000	00000013	addi	x0,x0,0	  x0:0x00000000
       24905000	      2489	80002f3c	00000013	addi	x0,x0,0	  x0:0x00000000
       24915000	      2490	80002f40	00400f6f	jal	x30,80002f40	 x30=0x80002f40
       24925000	      2491	00000000	00000013	addi	x0,x0,0	  x0:0x00000000
       24935000	      2492	80002f40	00000013	addi	x0,x0,0	  x0:0x00000000
       24945000	      2493	80002f44	018002ef	jal	x5,80002f44	  x5=0x80002f44
       24955000	      2494	00000000	00000013	addi	x0,x0,0	  x0:0x00000000
       24965000	      2495	80002f58	00000013	addi	x0,x0,0	  x0:0x00000000
       24975000	      2496	80002f5c	fc9ff0ef	jal	x1,80002f5c	  x1=0x80002f5c
       24985000	      2497	00000000	00000013	addi	x0,x0,0	  x0:0x00000000
       24995000	      2498	80002f20	00000013	addi	x0,x0,0	  x0:0x00000000
       25005000	      2499	80002f24	024000ef	jal	x1,80002f24	  x1=0x80002f24
       25015000	      2500	00000000	00000013	addi	x0,x0,0	  x0:0x00000000
       25025000	      2501	80002f44	00000013	addi	x0,x0,0	  x0:0x00000000
       25035000	      2502	80002f48	fedff0ef	jal	x1,80002f48	  x1=0x80002f48
       25045000	      2503	00000000	00000013	addi	x0,x0,0	  x0:0x00000000
       25055000	      2504	80002f30	00000013	addi	x0,x0,0	  x0:0x00000000
       25065000	      2505	80002f34	0240036f	jal	x6,80002f34	  x6=0x80002f34
       25075000	      2506	00000000	00000013	addi	x0,x0,0	  x0:0x00000000
       25085000	      2507	80002f54	00000013	addi	x0,x0,0	  x0:0x00000000
       25095000	      2508	80002f58	ffdff0ef	jal	x1,80002f58	  x1=0x80002f58
       25105000	      2509	00000000	00000013	addi	x0,x0,0	  x0:0x00000000
       25115000	      2510	80002f50	00000013	addi	x0,x0,0	  x0:0x00000000
       25125000	      2511	80002f54	fe5ff1ef	jal	x3,80002f54	  x3=0x80002f54
       25135000	      2512	00000000	00000013	addi	x0,x0,0	  x0:0x00000000
       25145000	      2513	80002f34	00000013	addi	x0,x0,0	  x0:0x00000000
       25155000	      2514	80002f38	0140036f	jal	x6,80002f38	  x6=0x80002f38
       25165000	      2515	00000000	00000013	addi	x0,x0,0	  x0:0x00000000
       25175000	      2516	80002f48	00000013	addi	x0,x0,0	  x0:0x00000000
       25185000	      2517	80002f4c	004000ef	jal	x1,80002f4c	  x1=0x80002f4c
       25195000	      2518	00000000	00000013	addi	x0,x0,0	  x0:0x00000000
       25205000	      2519	80002f4c	00000013	addi	x0,x0,0	  x0:0x00000000
       25215000	      2520	80002f50	fe1ff0ef	jal	x1,80002f50	  x1=0x80002f50
       25225000	      2521	00000000	00000013	addi	x0,x0,0	  x0:0x00000000
       25235000	      2522	80002f2c	00000013	addi	x0,x0,0	  x0:0x00000000
       25245000	      2523	80002f30	ffdff36f	jal	x6,80002f30	  x6=0x80002f30
       25255000	      2524	00000000	00000013	addi	x0,x0,0	  x0:0x00000000
       25265000	      2525	80002f28	00000013	addi	x0,x0,0	  x0:0x00000000
       25275000	      2526	80002f2c	ffdff26f	jal	x4,80002f2c	  x4=0x80002f2c
       25285000	      2527	00000000	00000013	addi	x0,x0,0	  x0:0x00000000
       25295000	      2528	80002f24	00000013	addi	x0,x0,0	  x0:0x00000000
       25305000	      2529	80002f28	014000ef	jal	x1,80002f28	  x1=0x80002f28
       25315000	      2530	00000000	00000013	addi	x0,x0,0	  x0:0x00000000
       25325000	      2531	80002f38	00000013	addi	x0,x0,0	  x0:0x00000000
       25335000	      2532	80002f3c	fddfffef	jal	x31,80002f3c	 x31=0x80002f3c
       25345000	      2533	00000000	00000013	addi	x0,x0,0	  x0:0x00000000
       25355000	      2534	80002f14	00000013	addi	x0,x0,0	  x0:0x00000000
       25365000	      2535	80002f18	048004ef	jal	x9,80002f18	  x9=0x80002f18
       25375000	      2536	00000000	00000013	addi	x0,x0,0	  x0:0x00000000
       25385000	      2537	80002f5c	00000013	addi	x0,x0,0	  x0:0x00000000
       25395000	      2538	80002f60	fbdff0ef	jal	x1,80002f60	  x1=0x80002f60
       25405000	      2539	00000000	00000013	addi	x0,x0,0	  x0:0x00000000
       25415000	      2540	80002f18	00000013	addi	x0,x0,0	  x0:0x00000000
       25425000	      2541	80002f1c	0480016f	jal	x2,80002f1c	  x2=0x80002f1c
       25435000	      2542	00000000	00000013	addi	x0,x0,0	  x0:0x00000000
       25445000	      2543	80002f60	00000013	addi	x0,x0,0	  x0:0x00000000
       25455000	      2544	80002f64	81fb7a93	andi	x21,x22,-2017	 x22:0x80002b7c x21=0x8000281c
       25465000	      2545	80002f68	0780036f	jal	x6,80002f68	  x6=0x80002f68
       25475000	      2546	00000000	00000013	addi	x0,x0,0	  x0:0x00000000
       25485000	      2547	80002fdc	00000013	addi	x0,x0,0	  x0:0x00000000
       25495000	      2548	80002fe0	fddff6ef	jal	x13,80002fe0	 x13=0x80002fe0
       25505000	      2549	00000000	00000013	addi	x0,x0,0	  x0:0x00000000
       25515000	      2550	80002fb8	00000013	addi	x0,x0,0	  x0:0x00000000
       25525000	      2551	80002fbc	fe5ff0ef	jal	x1,80002fbc	  x1=0x80002fbc
       25535000	      2552	00000000	00000013	addi	x0,x0,0	  x0:0x00000000
       25545000	      2553	80002f9c	00000013	addi	x0,x0,0	  x0:0x00000000
       25555000	      2554	80002fa0	0380036f	jal	x6,80002fa0	  x6=0x80002fa0
       25565000	      2555	00000000	00000013	addi	x0,x0,0	  x0:0x00000000
       25575000	      2556	80002fd4	00000013	addi	x0,x0,0	  x0:0x00000000
       25585000	      2557	80002fd8	fd5ff1ef	jal	x3,80002fd8	  x3=0x80002fd8
       25595000	      2558	00000000	00000013	addi	x0,x0,0	  x0:0x00000000
       25605000	      2559	80002fa8	00000013	addi	x0,x0,0	  x0:0x00000000
       25615000	      2560	80002fac	fe5ff0ef	jal	x1,80002fac	  x1=0x80002fac
       25625000	      2561	00000000	00000013	addi	x0,x0,0	  x0:0x00000000
       25635000	      2562	80002f8c	00000013	addi	x0,x0,0	  x0:0x00000000
       25645000	      2563	80002f90	03c0036f	jal	x6,80002f90	  x6=0x80002f90
       25655000	      2564	00000000	00000013	addi	x0,x0,0	  x0:0x00000000
       25665000	      2565	80002fc8	00000013	addi	x0,x0,0	  x0:0x00000000
       25675000	      2566	80002fcc	ffdff5ef	jal	x11,80002fcc	 x11=0x80002fcc
       25685000	      2567	00000000	00000013	addi	x0,x0,0	  x0:0x00000000
       25695000	      2568	80002fc4	00000013	addi	x0,x0,0	  x0:0x00000000
       25705000	      2569	80002fc8	014000ef	jal	x1,80002fc8	  x1=0x80002fc8
       25715000	      2570	00000000	00000013	addi	x0,x0,0	  x0:0x00000000
       25725000	      2571	80002fd8	00000013	addi	x0,x0,0	  x0:0x00000000
       25735000	      2572	80002fdc	f99ff0ef	jal	x1,80002fdc	  x1=0x80002fdc
       25745000	      2573	00000000	00000013	addi	x0,x0,0	  x0:0x00000000
       25755000	      2574	80002f70	00000013	addi	x0,x0,0	  x0:0x00000000
       25765000	      2575	80002f74	024000ef	jal	x1,80002f74	  x1=0x80002f74
       25775000	      2576	00000000	00000013	addi	x0,x0,0	  x0:0x00000000
       25785000	      2577	80002f94	00000013	addi	x0,x0,0	  x0:0x00000000
       25795000	      2578	80002f98	02c000ef	jal	x1,80002f98	  x1=0x80002f98
       25805000	      2579	00000000	00000013	addi	x0,x0,0	  x0:0x00000000
       25815000	      2580	80002fc0	00000013	addi	x0,x0,0	  x0:0x00000000
       25825000	      2581	80002fc4	fe1ff0ef	jal	x1,80002fc4	  x1=0x80002fc4
       25835000	      2582	00000000	00000013	addi	x0,x0,0	  x0:0x00000000
       25845000	      2583	80002fa0	00000013	addi	x0,x0,0	  x0:0x00000000
       25855000	      2584	80002fa4	02c000ef	jal	x1,80002fa4	  x1=0x80002fa4
       25865000	      2585	00000000	00000013	addi	x0,x0,0	  x0:0x00000000
       25875000	      2586	80002fcc	00000013	addi	x0,x0,0	  x0:0x00000000
       25885000	      2587	80002fd0	fcdff0ef	jal	x1,80002fd0	  x1=0x80002fd0
       25895000	      2588	00000000	00000013	addi	x0,x0,0	  x0:0x00000000
       25905000	      2589	80002f98	00000013	addi	x0,x0,0	  x0:0x00000000
       25915000	      2590	80002f9c	024000ef	jal	x1,80002f9c	  x1=0x80002f9c
       25925000	      2591	00000000	00000013	addi	x0,x0,0	  x0:0x00000000
       25935000	      2592	80002fbc	00000013	addi	x0,x0,0	  x0:0x00000000
       25945000	      2593	80002fc0	fc5ff0ef	jal	x1,80002fc0	  x1=0x80002fc0
       25955000	      2594	00000000	00000013	addi	x0,x0,0	  x0:0x00000000
       25965000	      2595	80002f80	00000013	addi	x0,x0,0	  x0:0x00000000
       25975000	      2596	80002f84	010000ef	jal	x1,80002f84	  x1=0x80002f84
       25985000	      2597	00000000	00000013	addi	x0,x0,0	  x0:0x00000000
       25995000	      2598	80002f90	00000013	addi	x0,x0,0	  x0:0x00000000
       26005000	      2599	80002f94	01c00f6f	jal	x30,80002f94	 x30=0x80002f94
       26015000	      2600	00000000	00000013	addi	x0,x0,0	  x0:0x00000000
       26025000	      2601	80002fac	00000013	addi	x0,x0,0	  x0:0x00000000
       26035000	      2602	80002fb0	00800e6f	jal	x28,80002fb0	 x28=0x80002fb0
       26045000	      2603	00000000	00000013	addi	x0,x0,0	  x0:0x00000000
       26055000	      2604	80002fb4	00000013	addi	x0,x0,0	  x0:0x00000000
       26065000	      2605	80002fb8	fd5ff0ef	jal	x1,80002fb8	  x1=0x80002fb8
       26075000	      2606	00000000	00000013	addi	x0,x0,0	  x0:0x00000000
       26085000	      2607	80002f88	00000013	addi	x0,x0,0	  x0:0x00000000
       26095000	      2608	80002f8c	028001ef	jal	x3,80002f8c	  x3=0x80002f8c
       26105000	      2609	00000000	00000013	addi	x0,x0,0	  x0:0x00000000
       26115000	      2610	80002fb0	00000013	addi	x0,x0,0	  x0:0x00000000
       26125000	      2611	80002fb4	fd5ff36f	jal	x6,80002fb4	  x6=0x80002fb4
       26135000	      2612	00000000	00000013	addi	x0,x0,0	  x0:0x00000000
       26145000	      2613	80002f84	00000013	addi	x0,x0,0	  x0:0x00000000
       26155000	      2614	80002f88	02000def	jal	x27,80002f88	 x27=0x80002f88
       26165000	      2615	00000000	00000013	addi	x0,x0,0	  x0:0x00000000
       26175000	      2616	80002fa4	00000013	addi	x0,x0,0	  x0:0x00000000
       26185000	      2617	80002fa8	fd1ff0ef	jal	x1,80002fa8	  x1=0x80002fa8
       26195000	      2618	00000000	00000013	addi	x0,x0,0	  x0:0x00000000
       26205000	      2619	80002f74	00000013	addi	x0,x0,0	  x0:0x00000000
       26215000	      2620	80002f78	ff5ff0ef	jal	x1,80002f78	  x1=0x80002f78
       26225000	      2621	00000000	00000013	addi	x0,x0,0	  x0:0x00000000
       26235000	      2622	80002f68	00000013	addi	x0,x0,0	  x0:0x00000000
       26245000	      2623	80002f6c	014000ef	jal	x1,80002f6c	  x1=0x80002f6c
       26255000	      2624	00000000	00000013	addi	x0,x0,0	  x0:0x00000000
       26265000	      2625	80002f7c	00000013	addi	x0,x0,0	  x0:0x00000000
       26275000	      2626	80002f80	ffdff16f	jal	x2,80002f80	  x2=0x80002f80
       26285000	      2627	00000000	00000013	addi	x0,x0,0	  x0:0x00000000
       26295000	      2628	80002f78	00000013	addi	x0,x0,0	  x0:0x00000000
       26305000	      2629	80002f7c	058009ef	jal	x19,80002f7c	 x19=0x80002f7c
       26315000	      2630	00000000	00000013	addi	x0,x0,0	  x0:0x00000000
       26325000	      2631	80002fd0	00000013	addi	x0,x0,0	  x0:0x00000000
       26335000	      2632	80002fd4	f9dff16f	jal	x2,80002fd4	  x2=0x80002fd4
       26345000	      2633	00000000	00000013	addi	x0,x0,0	  x0:0x00000000
       26355000	      2634	80002f6c	00000013	addi	x0,x0,0	  x0:0x00000000
       26365000	      2635	80002f70	074008ef	jal	x17,80002f70	 x17=0x80002f70
       26375000	      2636	00000000	00000013	addi	x0,x0,0	  x0:0x00000000
       26385000	      2637	80002fe0	00000013	addi	x0,x0,0	  x0:0x00000000
       26395000	      2638	80002fe4	008a67b3	or	x15,x20,x8	 x20:0x00000001  x8:0x80002808 x15=0x80002809
       26405000	      2639	80002fe8	03c0036f	jal	x6,80002fe8	  x6=0x80002fe8
       26415000	      2640	00000000	00000013	addi	x0,x0,0	  x0:0x00000000
       26425000	      2641	80003020	00000013	addi	x0,x0,0	  x0:0x00000000
       26435000	      2642	80003024	fd5ffa6f	jal	x20,80003024	 x20=0x80003024
       26445000	      2643	00000000	00000013	addi	x0,x0,0	  x0:0x00000000
       26455000	      2644	80002ff4	00000013	addi	x0,x0,0	  x0:0x00000000
       26465000	      2645	80002ff8	00c000ef	jal	x1,80002ff8	  x1=0x80002ff8
       26475000	      2646	00000000	00000013	addi	x0,x0,0	  x0:0x00000000
       26485000	      2647	80003000	00000013	addi	x0,x0,0	  x0:0x00000000
       26495000	      2648	80003004	0140036f	jal	x6,80003004	  x6=0x80003004
       26505000	      2649	00000000	00000013	addi	x0,x0,0	  x0:0x00000000
       26515000	      2650	80003014	00000013	addi	x0,x0,0	  x0:0x00000000
       26525000	      2651	80003018	014000ef	jal	x1,80003018	  x1=0x80003018
       26535000	      2652	00000000	00000013	addi	x0,x0,0	  x0:0x00000000
       26545000	      2653	80003028	00000013	addi	x0,x0,0	  x0:0x00000000
       26555000	      2654	8000302c	ffdff0ef	jal	x1,8000302c	  x1=0x8000302c
       26565000	      2655	00000000	00000013	addi	x0,x0,0	  x0:0x00000000
       26575000	      2656	80003024	00000013	addi	x0,x0,0	  x0:0x00000000
       26585000	      2657	80003028	ff9ff0ef	jal	x1,80003028	  x1=0x80003028
       26595000	      2658	00000000	00000013	addi	x0,x0,0	  x0:0x00000000
       26605000	      2659	8000301c	00000013	addi	x0,x0,0	  x0:0x00000000
       26615000	      2660	80003020	fe1ff0ef	jal	x1,80003020	  x1=0x80003020
       26625000	      2661	00000000	00000013	addi	x0,x0,0	  x0:0x00000000
       26635000	      2662	80002ffc	00000013	addi	x0,x0,0	  x0:0x00000000
       26645000	      2663	80003000	fedff0ef	jal	x1,80003000	  x1=0x80003000
       26655000	      2664	00000000	00000013	addi	x0,x0,0	  x0:0x00000000
       26665000	      2665	80002fe8	00000013	addi	x0,x0,0	  x0:0x00000000
       26675000	      2666	80002fec	028000ef	jal	x1,80002fec	  x1=0x80002fec
       26685000	      2667	00000000	00000013	addi	x0,x0,0	  x0:0x00000000
       26695000	      2668	80003010	00000013	addi	x0,x0,0	  x0:0x00000000
       26705000	      2669	80003014	fe9ff36f	jal	x6,80003014	  x6=0x80003014
       26715000	      2670	00000000	00000013	addi	x0,x0,0	  x0:0x00000000
       26725000	      2671	80002ff8	00000013	addi	x0,x0,0	  x0:0x00000000
       26735000	      2672	80002ffc	01000b6f	jal	x22,80002ffc	 x22=0x80002ffc
       26745000	      2673	00000000	00000013	addi	x0,x0,0	  x0:0x00000000
       26755000	      2674	80003008	00000013	addi	x0,x0,0	  x0:0x00000000
       26765000	      2675	8000300c	0100036f	jal	x6,8000300c	  x6=0x8000300c
       26775000	      2676	00000000	00000013	addi	x0,x0,0	  x0:0x00000000
       26785000	      2677	80003018	00000013	addi	x0,x0,0	  x0:0x00000000
       26795000	      2678	8000301c	ff5ff0ef	jal	x1,8000301c	  x1=0x8000301c
       26805000	      2679	00000000	00000013	addi	x0,x0,0	  x0:0x00000000
       26815000	      2680	8000300c	00000013	addi	x0,x0,0	  x0:0x00000000
       26825000	      2681	80003010	fe1ff86f	jal	x16,80003010	 x16=0x80003010
       26835000	      2682	00000000	00000013	addi	x0,x0,0	  x0:0x00000000
       26845000	      2683	80002fec	00000013	addi	x0,x0,0	  x0:0x00000000
       26855000	      2684	80002ff0	004000ef	jal	x1,80002ff0	  x1=0x80002ff0
       26865000	      2685	00000000	00000013	addi	x0,x0,0	  x0:0x00000000
       26875000	      2686	80002ff0	00000013	addi	x0,x0,0	  x0:0x00000000
       26885000	      2687	80002ff4	03c000ef	jal	x1,80002ff4	  x1=0x80002ff4
       26895000	      2688	00000000	00000013	addi	x0,x0,0	  x0:0x00000000
       26905000	      2689	8000302c	00000013	addi	x0,x0,0	  x0:0x00000000
       26915000	      2690	80003030	fd9ff0ef	jal	x1,80003030	  x1=0x80003030
       26925000	      2691	00000000	00000013	addi	x0,x0,0	  x0:0x00000000
       26935000	      2692	80003004	00000013	addi	x0,x0,0	  x0:0x00000000
       26945000	      2693	80003008	02c000ef	jal	x1,80003008	  x1=0x80003008
       26955000	      2694	00000000	00000013	addi	x0,x0,0	  x0:0x00000000
       26965000	      2695	80003030	00000013	addi	x0,x0,0	  x0:0x00000000
       26975000	      2696	80003034	007390b3	sll	x1,x7,x7	  x7:0x80002b0c  x7:0x80002b0c  x1=0x02b0c000
       26985000	      2697	80003038	0400036f	jal	x6,80003038	  x6=0x80003038
       26995000	      2698	00000000	00000013	addi	x0,x0,0	  x0:0x00000000
       27005000	      2699	80003074	00000013	addi	x0,x0,0	  x0:0x00000000
       27015000	      2700	80003078	008000ef	jal	x1,80003078	  x1=0x80003078
       27025000	      2701	00000000	00000013	addi	x0,x0,0	  x0:0x00000000
       27035000	      2702	8000307c	00000013	addi	x0,x0,0	  x0:0x00000000
       27045000	      2703	80003080	fe1ff36f	jal	x6,80003080	  x6=0x80003080
       27055000	      2704	00000000	00000013	addi	x0,x0,0	  x0:0x00000000
       27065000	      2705	8000305c	00000013	addi	x0,x0,0	  x0:0x00000000
       27075000	      2706	80003060	014000ef	jal	x1,80003060	  x1=0x80003060
       27085000	      2707	00000000	00000013	addi	x0,x0,0	  x0:0x00000000
       27095000	      2708	80003070	00000013	addi	x0,x0,0	  x0:0x00000000
       27105000	      2709	80003074	ffdff3ef	jal	x7,80003074	  x7=0x80003074
       27115000	      2710	00000000	00000013	addi	x0,x0,0	  x0:0x00000000
       27125000	      2711	8000306c	00000013	addi	x0,x0,0	  x0:0x00000000
       27135000	      2712	80003070	fe1ff36f	jal	x6,80003070	  x6=0x80003070
       27145000	      2713	00000000	00000013	addi	x0,x0,0	  x0:0x00000000
       27155000	      2714	8000304c	00000013	addi	x0,x0,0	  x0:0x00000000
       27165000	      2715	80003050	ffdff16f	jal	x2,80003050	  x2=0x80003050
       27175000	      2716	00000000	00000013	addi	x0,x0,0	  x0:0x00000000
       27185000	      2717	80003048	00000013	addi	x0,x0,0	  x0:0x00000000
       27195000	      2718	8000304c	ff9ff0ef	jal	x1,8000304c	  x1=0x8000304c
       27205000	      2719	00000000	00000013	addi	x0,x0,0	  x0:0x00000000
       27215000	      2720	80003040	00000013	addi	x0,x0,0	  x0:0x00000000
       27225000	      2721	80003044	018000ef	jal	x1,80003044	  x1=0x80003044
       27235000	      2722	00000000	00000013	addi	x0,x0,0	  x0:0x00000000
       27245000	      2723	80003058	00000013	addi	x0,x0,0	  x0:0x00000000
       27255000	      2724	8000305c	0100036f	jal	x6,8000305c	  x6=0x8000305c
       27265000	      2725	00000000	00000013	addi	x0,x0,0	  x0:0x00000000
       27275000	      2726	80003068	00000013	addi	x0,x0,0	  x0:0x00000000
       27285000	      2727	8000306c	fd1ff0ef	jal	x1,8000306c	  x1=0x8000306c
       27295000	      2728	00000000	00000013	addi	x0,x0,0	  x0:0x00000000
       27305000	      2729	80003038	00000013	addi	x0,x0,0	  x0:0x00000000
       27315000	      2730	8000303c	04000cef	jal	x25,8000303c	 x25=0x8000303c
       27325000	      2731	00000000	00000013	addi	x0,x0,0	  x0:0x00000000
       27335000	      2732	80003078	00000013	addi	x0,x0,0	  x0:0x00000000
       27345000	      2733	8000307c	fedff0ef	jal	x1,8000307c	  x1=0x8000307c
       27355000	      2734	00000000	00000013	addi	x0,x0,0	  x0:0x00000000
       27365000	      2735	80003064	00000013	addi	x0,x0,0	  x0:0x00000000
       27375000	      2736	80003068	fd9ff0ef	jal	x1,80003068	  x1=0x80003068
       27385000	      2737	00000000	00000013	addi	x0,x0,0	  x0:0x00000000
       27395000	      2738	8000303c	00000013	addi	x0,x0,0	  x0:0x00000000
       27405000	      2739	80003040	00800f6f	jal	x30,80003040	 x30=0x80003040
       27415000	      2740	00000000	00000013	addi	x0,x0,0	  x0:0x00000000
       27425000	      2741	80003044	00000013	addi	x0,x0,0	  x0:0x00000000
       27435000	      2742	80003048	010009ef	jal	x19,80003048	 x19=0x80003048
       27445000	      2743	00000000	00000013	addi	x0,x0,0	  x0:0x00000000
       27455000	      2744	80003054	00000013	addi	x0,x0,0	  x0:0x00000000
       27465000	      2745	80003058	ffdff0ef	jal	x1,80003058	  x1=0x80003058
       27475000	      2746	00000000	00000013	addi	x0,x0,0	  x0:0x00000000
       27485000	      2747	80003050	00000013	addi	x0,x0,0	  x0:0x00000000
       27495000	      2748	80003054	0100016f	jal	x2,80003054	  x2=0x80003054
       27505000	      2749	00000000	00000013	addi	x0,x0,0	  x0:0x00000000
       27515000	      2750	80003060	00000013	addi	x0,x0,0	  x0:0x00000000
       27525000	      2751	80003064	020000ef	jal	x1,80003064	  x1=0x80003064
       27535000	      2752	00000000	00000013	addi	x0,x0,0	  x0:0x00000000
       27545000	      2753	80003080	00000013	addi	x0,x0,0	  x0:0x00000000
       27555000	      2754	80003084	00f974b3	and	x9,x18,x15	 x18:0xcf346240 x15:0x80002809  x9=0x80002000
       27565000	      2755	80003088	01b0d013	srli	x0,x1,0x1b	  x1:0x80003064
       27575000	      2756	8000308c	08a51863	bne	x10,x10,8000311c	 x10:0x80002e1c x10:0x80002e1c
       27585000	      2757	80003090	6c8b6b13	ori	x22,x22,1736	 x22:0x80002ffc x22=0x80002ffc
       27595000	      2758	80003094	70b5dfb7	lui	x31,0x70b5d	 x31=0x70b5d000
       27605000	      2759	80003098	028f8463	beq	x31,x8,800030c0	 x31:0x70b5d000  x8:0x80002808
       27615000	      2760	8000309c	2d8f2513	slti	x10,x30,728	 x30:0x80003040 x10=0x00000001
       27625000	      2761	800030a0	012ee0b3	or	x1,x29,x18	 x29:0x02808000 x18:0xcf346240  x1=0xcfb4e240
       27635000	      2762	800030a4	0a8a5a63	bge	x20,x8,80003158	 x20:0x80003024  x8:0x80002808
       27645000	      2763	00000000	00000013	addi	x0,x0,0	  x0:0x00000000
       27655000	      2764	80003154	00000013	addi	x0,x0,0	  x0:0x00000000
       27665000	      2765	80003158	9e4bf093	andi	x1,x23,-1564	 x23:0x80009f64  x1=0x80009964
       27675000	      2766	8000315c	00901d93	slli	x27,x0,0x9	  x0:0x00000000 x27=0x00000000
       27685000	      2767	80003160	3b026293	ori	x5,x4,944	  x4:0x80002f2c  x5=0x80002fbc
       27695000	      2768	80003164	40ebd2b3	sra	x5,x23,x14	 x23:0x80009f64 x14:0x80002e38  x5=0xffffff80
       27705000	      2769	80003168	0056fc63	bgeu	x13,x5,80003180	 x13:0x80002fe0  x5:0xffffff80
       27715000	      2770	8000316c	cf7f8a93	addi	x21,x31,-777	 x31:0x70b5d000 x21=0x70b5ccf7
       27725000	      2771	80003170	015cd593	srli	x11,x25,0x15	 x25:0x8000303c x11=0x00000400
       27735000	      2772	80003174	36cb0793	addi	x15,x22,876	 x22:0x80002ffc x15=0x80003368
       27745000	      2773	80003178	0061a533	slt	x10,x3,x6	  x3:0x80002f8c  x6:0x8000305c x10=0x00000001
       27755000	      2774	8000317c	00000013	addi	x0,x0,0	  x0:0x00000000
       27765000	      2775	80003180	000c36b3	sltu	x13,x24,x0	 x24:0x00000000  x0:0x00000000 x13=0x00000000
       27775000	      2776	80003184	0552e463	bltu	x5,x21,800031cc	  x5:0xffffff80 x21:0x70b5ccf7
       27785000	      2777	80003188	01ec9ab3	sll	x21,x25,x30	 x25:0x8000303c x30:0x80003040 x21=0x8000303c
       27795000	      2778	8000318c	00e4d663	bge	x9,x14,80003198	  x9:0x80002000 x14:0x80002e38
       27805000	      2779	80003190	a29abc93	sltiu	x25,x21,-1495	 x21:0x8000303c x25=0x00000001
       27815000	      2780	80003194	00000013	addi	x0,x0,0	  x0:0x00000000
       27825000	      2781	80003198	026b4863	blt	x22,x6,800031c8	 x22:0x80002ffc  x6:0x8000305c
       27835000	      2782	00000000	00000013	addi	x0,x0,0	  x0:0x00000000
       27845000	      2783	800031c4	00000013	addi	x0,x0,0	  x0:0x00000000
       27855000	      2784	800031c8	03b60063	beq	x12,x27,800031e8	 x12:0x80009fc4 x27:0x00000000
       27865000	      2785	800031cc	05091863	bne	x18,x16,8000321c	 x18:0xcf346240 x16:0x80003010
       27875000	      2786	00000000	00000013	addi	x0,x0,0	  x0:0x00000000
       27885000	      2787	80003218	00000013	addi	x0,x0,0	  x0:0x00000000
       27895000	      2788	8000321c	88bc2837	lui	x16,0x88bc2	 x16=0x88bc2000
       27905000	      2789	80003220	00517cb3	and	x25,x2,x5	  x2:0x80003054  x5:0xffffff80 x25=0x80003000
       27915000	      2790	80003224	40ae8233	sub	x4,x29,x10	 x29:0x02808000 x10:0x00000001  x4=0x02807fff
       27925000	      2791	80003228	bd1c4d13	xori	x26,x24,-1071	 x24:0x00000000 x26=0xfffffbd1
       27935000	      2792	8000322c	9eb0e493	ori	x9,x1,-1557	  x1:0x80009964  x9=0xfffff9ef
       27945000	      2793	80003230	24f0f497	auipc	x9,0x24f0f	  x9=0xa4f1222c
       27955000	      2794	80003234	05de9463	bne	x29,x29,8000327c	 x29:0x02808000 x29:0x02808000
       27965000	      2795	80003238	bd6c8e13	addi	x28,x25,-1066	 x25:0x80003000 x28=0x80002bd6
       27975000	      2796	8000323c	aabecc93	xori	x25,x29,-1365	 x29:0x02808000 x25=0xfd7f7aab
       27985000	      2797	80003240	59f47893	andi	x17,x8,1439	  x8:0x80002808 x17=0x00000008
       27995000	      2798	80003244	00bc7233	and	x4,x24,x11	 x24:0x00000000 x11:0x00000400  x4=0x00000000
       28005000	      2799	80003248	40e95413	srai	x8,x18,0xe	 x18:0xcf346240  x8=0xffff3cd1
       28015000	      2800	8000324c	05bae063	bltu	x21,x27,8000328c	 x21:0x8000303c x27:0x00000000
       28025000	      2801	80003250	689b7537	lui	x10,0x689b7	 x10=0x689b7000
       28035000	      2802	80003254	011a15b3	sll	x11,x20,x17	 x20:0x80003024 x17:0x00000008 x11=0x00302400
       28045000	      2803	80003258	01227eb3	and	x29,x4,x18	  x4:0x00000000 x18:0xcf346240 x29=0x00000000
       28055000	      2804	8000325c	00fe87b3	add	x15,x29,x15	 x29:0x00000000 x15:0x80003368 x15=0x80003368
       28065000	      2805	80003260	f34f4813	xori	x16,x30,-204	 x30:0x80003040 x16=0x7fffcf74
       28075000	      2806	80003264	40e8df93	srai	x31,x17,0xe	 x17:0x00000008 x31=0x00000000
       28085000	      2807	80003268	01a3b033	sltu	x0,x7,x26	  x7:0x80003074 x26:0xfffffbd1
       28095000	      2808	8000326c	0060eeb3	or	x29,x1,x6	  x1:0x80009964  x6:0x8000305c x29=0x8000b97c
       28105000	      2809	80003270	054e5263	bge	x28,x20,800032b4	 x28:0x80002bd6 x20:0x80003024
       28115000	      2810	80003274	2ad1f9b7	lui	x19,0x2ad1f	 x19=0x2ad1f000
       28125000	      2811	80003278	005b5413	srli	x8,x22,0x5	 x22:0x80002ffc  x8=0x0400017f
       28135000	      2812	8000327c	03656263	bltu	x10,x22,800032a0	 x10:0x689b7000 x22:0x80002ffc
       28145000	      2813	00000000	00000013	addi	x0,x0,0	  x0:0x00000000
       28155000	      2814	8000329c	00000013	addi	x0,x0,0	  x0:0x00000000
       28165000	      2815	800032a0	0018d593	srli	x11,x17,0x1	 x17:0x00000008 x11=0x00000004
       28175000	      2816	800032a4	0029ca33	xor	x20,x19,x2	 x19:0x2ad1f000  x2:0x80003054 x20=0xaad1c054
       28185000	      2817	800032a8	014bd863	bge	x23,x20,800032b8	 x23:0x80009f64 x20:0xaad1c054
       28195000	      2818	800032ac	708a6793	ori	x15,x20,1800	 x20:0xaad1c054 x15=0xaad1c75c
       28205000	      2819	800032b0	cf97c093	xori	x1,x15,-775	 x15:0xaad1c75c  x1=0x552e3ba5
       28215000	      2820	800032b4	41fd8033	sub	x0,x27,x31	 x27:0x00000000 x31:0x00000000
       28225000	      2821	800032b8	00752eb3	slt	x29,x10,x7	 x10:0x689b7000  x7:0x80003074 x29=0x00000000
       28235000	      2822	800032bc	01ebf033	and	x0,x23,x30	 x23:0x80009f64 x30:0x80003040
       28245000	      2823	800032c0	00a4d493	srli	x9,x9,0xa	  x9:0xa4f1222c  x9=0x00293c48
       28255000	      2824	800032c4	113be913	ori	x18,x23,275	 x23:0x80009f64 x18=0x80009f77
       28265000	      2825	800032c8	00240333	add	x6,x8,x2	  x8:0x0400017f  x2:0x80003054  x6=0x840031d3
       28275000	      2826	800032cc	2914fe93	andi	x29,x9,657	  x9:0x00293c48 x29=0x00000000
       28285000	      2827	800032d0	018b0733	add	x14,x22,x24	 x22:0x80002ffc x24:0x00000000 x14=0x80002ffc
       28295000	      2828	800032d4	dbdca913	slti	x18,x25,-579	 x25:0xfd7f7aab x18=0x00000001
       28305000	      2829	800032d8	00bc0a17	auipc	x20,0xbc0	 x20=0x80bc32d4
       28315000	      2830	800032dc	00ac7863	bgeu	x24,x10,800032ec	 x24:0x00000000 x10:0x689b7000
       28325000	      2831	800032e0	02f30663	beq	x6,x15,8000330c	  x6:0x840031d3 x15:0xaad1c75c
       28335000	      2832	800032e4	007d88b3	add	x17,x27,x7	 x27:0x00000000  x7:0x80003074 x17=0x80003074
       28345000	      2833	800032e8	005f0533	add	x10,x30,x5	 x30:0x80003040  x5:0xffffff80 x10=0x80002fc0
       28355000	      2834	800032ec	017f5e63	bge	x30,x23,80003308	 x30:0x80003040 x23:0x80009f64
       28365000	      2835	800032f0	00d8aab3	slt	x21,x17,x13	 x17:0x80003074 x13:0x00000000 x21=0x00000001
       28375000	      2836	800032f4	01df8033	add	x0,x31,x29	 x31:0x00000000 x29:0x00000000
       28385000	      2837	800032f8	01439a93	slli	x21,x7,0x14	  x7:0x80003074 x21=0x07400000
       28395000	      2838	800032fc	02470663	beq	x14,x4,80003328	 x14:0x80002ffc  x4:0x00000000
       28405000	      2839	80003300	60930693	addi	x13,x6,1545	  x6:0x840031d3 x13=0x840037dc
       28415000	      2840	80003304	477bcd93	xori	x27,x23,1143	 x23:0x80009f64 x27=0x80009b13
       28425000	      2841	80003308	01393833	sltu	x16,x18,x19	 x18:0x00000001 x19:0x2ad1f000 x16=0x00000001
       28435000	      2842	8000330c	01b0e0b3	or	x1,x1,x27	  x1:0x552e3ba5 x27:0x80009b13  x1=0xd52ebbb7
       28445000	      2843	80003310	05ffc463	blt	x31,x31,80003358	 x31:0x00000000 x31:0x00000000
       28455000	      2844	80003314	0076dc63	bge	x13,x7,8000332c	 x13:0x840037dc  x7:0x80003074
       28465000	      2845	00000000	00000013	addi	x0,x0,0	  x0:0x00000000
       28475000	      2846	80003328	00000013	addi	x0,x0,0	  x0:0x00000000
       28485000	      2847	8000332c	04680263	beq	x16,x6,80003370	 x16:0x00000001  x6:0x840031d3
       28495000	      2848	80003330	0413c463	blt	x7,x1,80003378	  x7:0x80003074  x1:0xd52ebbb7
       28505000	      2849	00000000	00000013	addi	x0,x0,0	  x0:0x00000000
       28515000	      2850	80003374	00000013	addi	x0,x0,0	  x0:0x00000000
       28525000	      2851	80003378	01352e33	slt	x28,x10,x19	 x10:0x80002fc0 x19:0x2ad1f000 x28=0x00000001
       28535000	      2852	8000337c	00322433	slt	x8,x4,x3	  x4:0x00000000  x3:0x80002f8c  x8=0x00000000
       28545000	      2853	80003380	079eea63	bltu	x29,x25,800033f4	 x29:0x00000000 x25:0xfd7f7aab
       28555000	      2854	00000000	00000013	addi	x0,x0,0	  x0:0x00000000
       28565000	      2855	800033f0	00000013	addi	x0,x0,0	  x0:0x00000000
       28575000	      2856	800033f4	83d80913	addi	x18,x16,-1987	 x16:0x00000001 x18=0xfffff83e
       28585000	      2857	800033f8	01256333	or	x6,x10,x18	 x10:0x80002fc0 x18:0xfffff83e  x6=0xfffffffe
       28595000	      2858	800033fc	0148b3b3	sltu	x7,x17,x20	 x17:0x80003074 x20:0x80bc32d4  x7=0x00000001
       28605000	      2859	80003400	1f468513	addi	x10,x13,500	 x13:0x840037dc x10=0x840039d0
       28615000	      2860	80003404	015a4033	xor	x0,x20,x21	 x20:0x80bc32d4 x21:0x07400000
       28625000	      2861	80003408	2d2d6393	ori	x7,x26,722	 x26:0xfffffbd1  x7=0xfffffbd3
       28635000	      2862	8000340c	011b7db3	and	x27,x22,x17	 x22:0x80002ffc x17:0x80003074 x27=0x80002074
       28645000	      2863	80003410	01932f33	slt	x30,x6,x25	  x6:0xfffffffe x25:0xfd7f7aab x30=0x00000000
       28655000	      2864	80003414	05ee8263	beq	x29,x30,80003458	 x29:0x00000000 x30:0x00000000
       28665000	      2865	00000000	00000013	addi	x0,x0,0	  x0:0x00000000
       28675000	      2866	80003454	00000013	addi	x0,x0,0	  x0:0x00000000
       28685000	      2867	80003458	001d0b33	add	x22,x26,x1	 x26:0xfffffbd1  x1:0xd52ebbb7 x22=0xd52eb788
       28695000	      2868	8000345c	00ce5d93	srli	x27,x28,0xc	 x28:0x00000001 x27=0x00000000
       28705000	      2869	80003460	01c4e8b3	or	x17,x9,x28	  x9:0x00293c48 x28:0x00000001 x17=0x00293c49
       28715000	      2870	80003464	04450463	beq	x10,x4,800034ac	 x10:0x840039d0  x4:0x00000000
       28725000	      2871	80003468	22c60417	auipc	x8,0x22c60	  x8=0xa2c63464
       28735000	      2872	8000346c	01cb9cb3	sll	x25,x23,x28	 x23:0x80009f64 x28:0x00000001 x25=0x00013ec8
       28745000	      2873	80003470	f4210217	auipc	x4,0xf4210	  x4=0x7421346c
       28755000	      2874	80003474	01638a33	add	x20,x7,x22	  x7:0xfffffbd3 x22:0xd52eb788 x20=0xd52eb35b
       28765000	      2875	80003478	624c8417	auipc	x8,0x624c8	  x8=0xe24cb474
       28775000	      2876	8000347c	00000013	addi	x0,x0,0	  x0:0x00000000
       28785000	      2877	80003480	00000013	addi	x0,x0,0	  x0:0x00000000
       28795000	      2878	80003484	b5237f13	andi	x30,x6,-1198	  x6:0xfffffffe x30=0xfffffb52
       28805000	      2879	80003488	00000013	addi	x0,x0,0	  x0:0x00000000
       28815000	      2880	8000348c	04f14063	blt	x2,x15,800034cc	  x2:0x80003054 x15:0xaad1c75c
       28825000	      2881	00000000	00000013	addi	x0,x0,0	  x0:0x00000000
       28835000	      2882	800034c8	00000013	addi	x0,x0,0	  x0:0x00000000
       28845000	      2883	800034cc	01a68433	add	x8,x13,x26	 x13:0x840037dc x26:0xfffffbd1  x8=0x840033ad
       28855000	      2884	800034d0	035a9663	bne	x21,x21,800034fc	 x21:0x07400000 x21:0x07400000
       28865000	      2885	800034d4	40b5df33	sra	x30,x11,x11	 x11:0x00000004 x11:0x00000004 x30=0x00000000
       28875000	      2886	800034d8	015ebdb3	sltu	x27,x29,x21	 x29:0x00000000 x21:0x07400000 x27=0x00000001
       28885000	      2887	800034dc	01f46d33	or	x26,x8,x31	  x8:0x840033ad x31:0x00000000 x26=0x840033ad
       28895000	      2888	800034e0	006e5513	srli	x10,x28,0x6	 x28:0x00000001 x10=0x00000000
       28905000	      2889	800034e4	4184d393	srai	x7,x9,0x18	  x9:0x00293c48  x7=0x00000000
       28915000	      2890	800034e8	012c7863	bgeu	x24,x18,800034f8	 x24:0x00000000 x18:0xfffff83e
       28925000	      2891	800034ec	0ce78713	addi	x14,x15,206	 x15:0xaad1c75c x14=0xaad1c82a
       28935000	      2892	800034f0	065ff863	bgeu	x31,x5,80003560	 x31:0x00000000  x5:0xffffff80
       28945000	      2893	800034f4	607da593	slti	x11,x27,1543	 x27:0x00000001 x11=0x00000001
       28955000	      2894	800034f8	cd5f7513	andi	x10,x30,-811	 x30:0x00000000 x10=0x00000000
       28965000	      2895	800034fc	40d75cb3	sra	x25,x14,x13	 x14:0xaad1c82a x13:0x840037dc x25=0xfffffffa
       28975000	      2896	80003500	47ae0fb7	lui	x31,0x47ae0	 x31=0x47ae0000
       28985000	      2897	80003504	00000013	addi	x0,x0,0	  x0:0x00000000
       28995000	      2898	80003508	cb6cfd13	andi	x26,x25,-842	 x25:0xfffffffa x26=0xfffffcb2
       29005000	      2899	8000350c	01b0f233	and	x4,x1,x27	  x1:0xd52ebbb7 x27:0x00000001  x4=0x00000001
       29015000	      2900	80003510	01d506b3	add	x13,x10,x29	 x10:0x00000000 x29:0x00000000 x13=0x00000000
       29025000	      2901	80003514	00161fb3	sll	x31,x12,x1	 x12:0x80009fc4  x1:0xd52ebbb7 x31=0xe2000000
       29035000	      2902	80003518	b22c3e13	sltiu	x28,x24,-1246	 x24:0x00000000 x28=0x00000001
       29045000	      2903	8000351c	155b7713	andi	x14,x22,341	 x22:0xd52eb788 x14=0x00000100
       29055000	      2904	80003520	004c67b3	or	x15,x24,x4	 x24:0x00000000  x4:0x00000001 x15=0x00000001
       29065000	      2905	80003524	00612833	slt	x16,x2,x6	  x2:0x80003054  x6:0xfffffffe x16=0x00000001
       29075000	      2906	80003528	d2dfc36f	jal	x6,80003528	  x6=0x80003528
       29085000	      2907	00000000	00000013	addi	x0,x0,0	  x0:0x00000000
       29095000	      2908	80000250	00000013	addi	x0,x0,0	  x0:0x00000000
       29105000	      2909	80000254	001e1d33	sll	x26,x28,x1	 x28:0x00000001  x1:0xd52ebbb7 x26=0x00800000
       29115000	      2910	80000258	fe8b8b93	addi	x23,x23,-24	 x23:0x80009f64 x23=0x80009f4c
       29125000	      2911	8000025c	411d8833	sub	x16,x27,x17	 x27:0x00000001 x17:0x00293c49 x16=0xffd6c3b8
       29135000	      2912	80000260	006ba223	sw	x6,4(x23)	 x23:0x80009f4c  x6:0x80003528 PA:0x80009f50
       29145000	      2913	80000264	e78a0213	addi	x4,x20,-392	 x20:0xd52eb35b  x4=0xd52eb1d3
       29155000	      2914	80000268	0080036f	jal	x6,80000268	  x6=0x80000268
       29165000	      2915	00000000	00000013	addi	x0,x0,0	  x0:0x00000000
       29175000	      2916	8000026c	00000013	addi	x0,x0,0	  x0:0x00000000
       29185000	      2917	80000270	0380036f	jal	x6,80000270	  x6=0x80000270
       29195000	      2918	00000000	00000013	addi	x0,x0,0	  x0:0x00000000
       29205000	      2919	800002a4	00000013	addi	x0,x0,0	  x0:0x00000000
       29215000	      2920	800002a8	fe9ff76f	jal	x14,800002a8	 x14=0x800002a8
       29225000	      2921	00000000	00000013	addi	x0,x0,0	  x0:0x00000000
       29235000	      2922	8000028c	00000013	addi	x0,x0,0	  x0:0x00000000
       29245000	      2923	80000290	fddff0ef	jal	x1,80000290	  x1=0x80000290
       29255000	      2924	00000000	00000013	addi	x0,x0,0	  x0:0x00000000
       29265000	      2925	80000268	00000013	addi	x0,x0,0	  x0:0x00000000
       29275000	      2926	8000026c	03800def	jal	x27,8000026c	 x27=0x8000026c
       29285000	      2927	00000000	00000013	addi	x0,x0,0	  x0:0x00000000
       29295000	      2928	800002a0	00000013	addi	x0,x0,0	  x0:0x00000000
       29305000	      2929	800002a4	fe9ff36f	jal	x6,800002a4	  x6=0x800002a4
       29315000	      2930	00000000	00000013	addi	x0,x0,0	  x0:0x00000000
       29325000	      2931	80000288	00000013	addi	x0,x0,0	  x0:0x00000000
       29335000	      2932	8000028c	fe9ff2ef	jal	x5,8000028c	  x5=0x8000028c
       29345000	      2933	00000000	00000013	addi	x0,x0,0	  x0:0x00000000
       29355000	      2934	80000270	00000013	addi	x0,x0,0	  x0:0x00000000
       29365000	      2935	80000274	004001ef	jal	x3,80000274	  x3=0x80000274
       29375000	      2936	00000000	00000013	addi	x0,x0,0	  x0:0x00000000
       29385000	      2937	80000274	00000013	addi	x0,x0,0	  x0:0x00000000
       29395000	      2938	80000278	0240036f	jal	x6,80000278	  x6=0x80000278
       29405000	      2939	00000000	00000013	addi	x0,x0,0	  x0:0x00000000
       29415000	      2940	80000298	00000013	addi	x0,x0,0	  x0:0x00000000
       29425000	      2941	8000029c	fedff36f	jal	x6,8000029c	  x6=0x8000029c
       29435000	      2942	00000000	00000013	addi	x0,x0,0	  x0:0x00000000
       29445000	      2943	80000284	00000013	addi	x0,x0,0	  x0:0x00000000
       29455000	      2944	80000288	ff5ff6ef	jal	x13,80000288	 x13=0x80000288
       29465000	      2945	00000000	00000013	addi	x0,x0,0	  x0:0x00000000
       29475000	      2946	80000278	00000013	addi	x0,x0,0	  x0:0x00000000
       29485000	      2947	8000027c	0180046f	jal	x8,8000027c	  x8=0x8000027c
       29495000	      2948	00000000	00000013	addi	x0,x0,0	  x0:0x00000000
       29505000	      2949	80000290	00000013	addi	x0,x0,0	  x0:0x00000000
       29515000	      2950	80000294	00c000ef	jal	x1,80000294	  x1=0x80000294
       29525000	      2951	00000000	00000013	addi	x0,x0,0	  x0:0x00000000
       29535000	      2952	8000029c	00000013	addi	x0,x0,0	  x0:0x00000000
       29545000	      2953	800002a0	fe5ff0ef	jal	x1,800002a0	  x1=0x800002a0
       29555000	      2954	00000000	00000013	addi	x0,x0,0	  x0:0x00000000
       29565000	      2955	80000280	00000013	addi	x0,x0,0	  x0:0x00000000
       29575000	      2956	80000284	ffdff0ef	jal	x1,80000284	  x1=0x80000284
       29585000	      2957	00000000	00000013	addi	x0,x0,0	  x0:0x00000000
       29595000	      2958	8000027c	00000013	addi	x0,x0,0	  x0:0x00000000
       29605000	      2959	80000280	018000ef	jal	x1,80000280	  x1=0x80000280
       29615000	      2960	00000000	00000013	addi	x0,x0,0	  x0:0x00000000
       29625000	      2961	80000294	00000013	addi	x0,x0,0	  x0:0x00000000
       29635000	      2962	80000298	014000ef	jal	x1,80000298	  x1=0x80000298
       29645000	      2963	00000000	00000013	addi	x0,x0,0	  x0:0x00000000
       29655000	      2964	800002a8	00000013	addi	x0,x0,0	  x0:0x00000000
       29665000	      2965	800002ac	015c9d93	slli	x27,x25,0x15	 x25:0xfffffffa x27=0xff400000
       29675000	      2966	800002b0	0600036f	jal	x6,800002b0	  x6=0x800002b0
       29685000	      2967	00000000	00000013	addi	x0,x0,0	  x0:0x00000000
       29695000	      2968	8000030c	00000013	addi	x0,x0,0	  x0:0x00000000
       29705000	      2969	80000310	fd5ff36f	jal	x6,80000310	  x6=0x80000310
       29715000	      2970	00000000	00000013	addi	x0,x0,0	  x0:0x00000000
       29725000	      2971	800002e0	00000013	addi	x0,x0,0	  x0:0x00000000
       29735000	      2972	800002e4	01c0016f	jal	x2,800002e4	  x2=0x800002e4
       29745000	      2973	00000000	00000013	addi	x0,x0,0	  x0:0x00000000
       29755000	      2974	800002fc	00000013	addi	x0,x0,0	  x0:0x00000000
       29765000	      2975	80000300	00400fef	jal	x31,80000300	 x31=0x80000300
       29775000	      2976	00000000	00000013	addi	x0,x0,0	  x0:0x00000000
       29785000	      2977	80000300	00000013	addi	x0,x0,0	  x0:0x00000000
       29795000	      2978	80000304	fd5ff96f	jal	x18,80000304	 x18=0x80000304
       29805000	      2979	00000000	00000013	addi	x0,x0,0	  x0:0x00000000
       29815000	      2980	800002d4	00000013	addi	x0,x0,0	  x0:0x00000000
       29825000	      2981	800002d8	01c000ef	jal	x1,800002d8	  x1=0x800002d8
       29835000	      2982	00000000	00000013	addi	x0,x0,0	  x0:0x00000000
       29845000	      2983	800002f0	00000013	addi	x0,x0,0	  x0:0x00000000
       29855000	      2984	800002f4	fc1ff0ef	jal	x1,800002f4	  x1=0x800002f4
       29865000	      2985	00000000	00000013	addi	x0,x0,0	  x0:0x00000000
       29875000	      2986	800002b0	00000013	addi	x0,x0,0	  x0:0x00000000
       29885000	      2987	800002b4	064000ef	jal	x1,800002b4	  x1=0x800002b4
       29895000	      2988	00000000	00000013	addi	x0,x0,0	  x0:0x00000000
       29905000	      2989	80000314	00000013	addi	x0,x0,0	  x0:0x00000000
       29915000	      2990	80000318	fe1ff0ef	jal	x1,80000318	  x1=0x80000318
       29925000	      2991	00000000	00000013	addi	x0,x0,0	  x0:0x00000000
       29935000	      2992	800002f4	00000013	addi	x0,x0,0	  x0:0x00000000
       29945000	      2993	800002f8	fc9ff9ef	jal	x19,800002f8	 x19=0x800002f8
       29955000	      2994	00000000	00000013	addi	x0,x0,0	  x0:0x00000000
       29965000	      2995	800002bc	00000013	addi	x0,x0,0	  x0:0x00000000
       29975000	      2996	800002c0	0140086f	jal	x16,800002c0	 x16=0x800002c0
       29985000	      2997	00000000	00000013	addi	x0,x0,0	  x0:0x00000000
       29995000	      2998	800002d0	00000013	addi	x0,x0,0	  x0:0x00000000
       30005000	      2999	800002d4	03400d6f	jal	x26,800002d4	 x26=0x800002d4
       30015000	      3000	00000000	00000013	addi	x0,x0,0	  x0:0x00000000
       30025000	      3001	80000304	00000013	addi	x0,x0,0	  x0:0x00000000
       30035000	      3002	80000308	fb1ff0ef	jal	x1,80000308	  x1=0x80000308
       30045000	      3003	00000000	00000013	addi	x0,x0,0	  x0:0x00000000
       30055000	      3004	800002b4	00000013	addi	x0,x0,0	  x0:0x00000000
       30065000	      3005	800002b8	028000ef	jal	x1,800002b8	  x1=0x800002b8
       30075000	      3006	00000000	00000013	addi	x0,x0,0	  x0:0x00000000
       30085000	      3007	800002dc	00000013	addi	x0,x0,0	  x0:0x00000000
       30095000	      3008	800002e0	03c0036f	jal	x6,800002e0	  x6=0x800002e0
       30105000	      3009	00000000	00000013	addi	x0,x0,0	  x0:0x00000000
       30115000	      3010	80000318	00000013	addi	x0,x0,0	  x0:0x00000000
       30125000	      3011	8000031c	ff9ff36f	jal	x6,8000031c	  x6=0x8000031c
       30135000	      3012	00000000	00000013	addi	x0,x0,0	  x0:0x00000000
       30145000	      3013	80000310	00000013	addi	x0,x0,0	  x0:0x00000000
       30155000	      3014	80000314	fe9ff0ef	jal	x1,80000314	  x1=0x80000314
       30165000	      3015	00000000	00000013	addi	x0,x0,0	  x0:0x00000000
       30175000	      3016	800002f8	00000013	addi	x0,x0,0	  x0:0x00000000
       30185000	      3017	800002fc	010004ef	jal	x9,800002fc	  x9=0x800002fc
       30195000	      3018	00000000	00000013	addi	x0,x0,0	  x0:0x00000000
       30205000	      3019	80000308	00000013	addi	x0,x0,0	  x0:0x00000000
       30215000	      3020	8000030c	fbdff36f	jal	x6,8000030c	  x6=0x8000030c
       30225000	      3021	00000000	00000013	addi	x0,x0,0	  x0:0x00000000
       30235000	      3022	800002c4	00000013	addi	x0,x0,0	  x0:0x00000000
       30245000	      3023	800002c8	024000ef	jal	x1,800002c8	  x1=0x800002c8
       30255000	      3024	00000000	00000013	addi	x0,x0,0	  x0:0x00000000
       30265000	      3025	800002e8	00000013	addi	x0,x0,0	  x0:0x00000000
       30275000	      3026	800002ec	0340036f	jal	x6,800002ec	  x6=0x800002ec
       30285000	      3027	00000000	00000013	addi	x0,x0,0	  x0:0x00000000
       30295000	      3028	8000031c	00000013	addi	x0,x0,0	  x0:0x00000000
       30305000	      3029	80000320	fd1ff0ef	jal	x1,80000320	  x1=0x80000320
       30315000	      3030	00000000	00000013	addi	x0,x0,0	  x0:0x00000000
       30325000	      3031	800002ec	00000013	addi	x0,x0,0	  x0:0x00000000
       30335000	      3032	800002f0	ff9ff0ef	jal	x1,800002f0	  x1=0x800002f0
       30345000	      3033	00000000	00000013	addi	x0,x0,0	  x0:0x00000000
       30355000	      3034	800002e4	00000013	addi	x0,x0,0	  x0:0x00000000
       30365000	      3035	800002e8	fe5ffd6f	jal	x26,800002e8	 x26=0x800002e8
       30375000	      3036	00000000	00000013	addi	x0,x0,0	  x0:0x00000000
       30385000	      3037	800002c8	00000013	addi	x0,x0,0	  x0:0x00000000
       30395000	      3038	800002cc	0100056f	jal	x10,800002cc	 x10=0x800002cc
       30405000	      3039	00000000	00000013	addi	x0,x0,0	  x0:0x00000000
       30415000	      3040	800002d8	00000013	addi	x0,x0,0	  x0:0x00000000
       30425000	      3041	800002dc	ff5ff0ef	jal	x1,800002dc	  x1=0x800002dc
       30435000	      3042	00000000	00000013	addi	x0,x0,0	  x0:0x00000000
       30445000	      3043	800002cc	00000013	addi	x0,x0,0	  x0:0x00000000
       30455000	      3044	800002d0	fedff36f	jal	x6,800002d0	  x6=0x800002d0
       30465000	      3045	00000000	00000013	addi	x0,x0,0	  x0:0x00000000
       30475000	      3046	800002b8	00000013	addi	x0,x0,0	  x0:0x00000000
       30485000	      3047	800002bc	008005ef	jal	x11,800002bc	 x11=0x800002bc
       30495000	      3048	00000000	00000013	addi	x0,x0,0	  x0:0x00000000
       30505000	      3049	800002c0	00000013	addi	x0,x0,0	  x0:0x00000000
       30515000	      3050	800002c4	060000ef	jal	x1,800002c4	  x1=0x800002c4
       30525000	      3051	00000000	00000013	addi	x0,x0,0	  x0:0x00000000
       30535000	      3052	80000320	00000013	addi	x0,x0,0	  x0:0x00000000
       30545000	      3053	80000324	00f8de33	srl	x28,x17,x15	 x17:0x00293c49 x15:0x00000001 x28=0x00149e24
       30555000	      3054	80000328	00774463	blt	x14,x7,80000330	 x14:0x800002a8  x7:0x00000000
       30565000	      3055	00000000	00000013	addi	x0,x0,0	  x0:0x00000000
       30575000	      3056	8000032c	00000013	addi	x0,x0,0	  x0:0x00000000
       30585000	      3057	80000330	00e07263	bgeu	x0,x14,80000334	  x0:0x00000000 x14:0x800002a8
       30595000	      3058	80000334	f902b317	auipc	x6,0xf902b	  x6=0x7902b330
       30605000	      3059	80000338	8a58feb7	lui	x29,0x8a58f	 x29=0x8a58f000
       30615000	      3060	8000033c	40b10d33	sub	x26,x2,x11	  x2:0x800002e4 x11:0x800002bc x26=0x00000028
       30625000	      3061	80000340	01d15fb3	srl	x31,x2,x29	  x2:0x800002e4 x29:0x8a58f000 x31=0x800002e4
       30635000	      3062	80000344	41b8d733	sra	x14,x17,x27	 x17:0x00293c49 x27:0xff400000 x14=0x00293c49
       30645000	      3063	80000348	04595463	bge	x18,x5,80000390	 x18:0x80000304  x5:0x8000028c
       30655000	      3064	00000000	00000013	addi	x0,x0,0	  x0:0x00000000
       30665000	      3065	8000038c	00000013	addi	x0,x0,0	  x0:0x00000000
       30675000	      3066	80000390	01a2cc63	blt	x5,x26,800003a8	  x5:0x8000028c x26:0x00000028
       30685000	      3067	00000000	00000013	addi	x0,x0,0	  x0:0x00000000
       30695000	      3068	800003a4	00000013	addi	x0,x0,0	  x0:0x00000000
       30705000	      3069	800003a8	02dbc263	blt	x23,x13,800003cc	 x23:0x80009f4c x13:0x80000288
       30715000	      3070	800003ac	40d50cb3	sub	x25,x10,x13	 x10:0x800002cc x13:0x80000288 x25=0x00000044
       30725000	      3071	800003b0	761bc093	xori	x1,x23,1889	 x23:0x80009f4c  x1=0x8000982d
       30735000	      3072	800003b4	00fc3d33	sltu	x26,x24,x15	 x24:0x00000000 x15:0x00000001 x26=0x00000001
       30745000	      3073	800003b8	00c8e463	bltu	x17,x12,800003c0	 x17:0x00293c49 x12:0x80009fc4
       30755000	      3074	00000000	00000013	addi	x0,x0,0	  x0:0x00000000
       30765000	      3075	800003bc	00000013	addi	x0,x0,0	  x0:0x00000000
       30775000	      3076	800003c0	4193d1b3	sra	x3,x7,x25	  x7:0x00000000 x25:0x00000044  x3=0x00000000
       30785000	      3077	800003c4	01c31a63	bne	x6,x28,800003d8	  x6:0x7902b330 x28:0x00149e24
       30795000	      3078	00000000	00000013	addi	x0,x0,0	  x0:0x00000000
       30805000	      3079	800003d4	00000013	addi	x0,x0,0	  x0:0x00000000
       30815000	      3080	800003d8	400ddc93	srai	x25,x27,0x0	 x27:0xff400000 x25=0xff400000
       30825000	      3081	800003dc	00052433	slt	x8,x10,x0	 x10:0x800002cc  x0:0x00000000  x8=0x00000001
       30835000	      3082	800003e0	41395333	sra	x6,x18,x19	 x18:0x80000304 x19:0x800002f8  x6=0xffffff80
       30845000	      3083	800003e4	001b38b3	sltu	x17,x22,x1	 x22:0xd52eb788  x1:0x8000982d x17=0x00000000
       30855000	      3084	800003e8	00b715b3	sll	x11,x14,x11	 x14:0x00293c49 x11:0x800002bc x11=0x90000000
       30865000	      3085	800003ec	b7283193	sltiu	x3,x16,-1166	 x16:0x800002c0  x3=0x00000001
       30875000	      3086	800003f0	01459263	bne	x11,x20,800003f4	 x11:0x90000000 x20:0xd52eb35b
       30885000	      3087	00000000	00000013	addi	x0,x0,0	  x0:0x00000000
       30895000	      3088	800003f0	00000013	addi	x0,x0,0	  x0:0x00000000
       30905000	      3089	800003f4	02304c63	blt	x0,x3,8000042c	  x0:0x00000000  x3:0x00000001
       30915000	      3090	00000000	00000013	addi	x0,x0,0	  x0:0x00000000
       30925000	      3091	80000428	00000013	addi	x0,x0,0	  x0:0x00000000
       30935000	      3092	8000042c	40c18133	sub	x2,x3,x12	  x3:0x00000001 x12:0x80009fc4  x2=0x7fff603d
       30945000	      3093	80000430	054a5263	bge	x20,x20,80000474	 x20:0xd52eb35b x20:0xd52eb35b
       30955000	      3094	00000000	00000013	addi	x0,x0,0	  x0:0x00000000
       30965000	      3095	80000470	00000013	addi	x0,x0,0	  x0:0x00000000
       30975000	      3096	80000474	09c76493	ori	x9,x14,156	 x14:0x00293c49  x9=0x00293cdd
       30985000	      3097	80000478	00aaf2b3	and	x5,x21,x10	 x21:0x07400000 x10:0x800002cc  x5=0x00000000
       30995000	      3098	8000047c	0028df13	srli	x30,x17,0x2	 x17:0x00000000 x30=0x00000000
       31005000	      3099	80000480	e21fef93	ori	x31,x31,-479	 x31:0x800002e4 x31=0xfffffee5
       31015000	      3100	80000484	c7eb8493	addi	x9,x23,-898	 x23:0x80009f4c  x9=0x80009bca
       31025000	      3101	80000488	0369f063	bgeu	x19,x22,800004a8	 x19:0x800002f8 x22:0xd52eb788
       31035000	      3102	8000048c	49ae6c97	auipc	x25,0x49ae6	 x25=0xc9ae6488
       31045000	      3103	80000490	01673cb3	sltu	x25,x14,x22	 x14:0x00293c49 x22:0xd52eb788 x25=0x00000001
       31055000	      3104	80000494	0117b0b3	sltu	x1,x15,x17	 x15:0x00000001 x17:0x00000000  x1=0x00000000
       31065000	      3105	80000498	009a5db3	srl	x27,x20,x9	 x20:0xd52eb35b  x9:0x80009bca x27=0x00354bac
       31075000	      3106	8000049c	01760733	add	x14,x12,x23	 x12:0x80009fc4 x23:0x80009f4c x14=0x00013f10
       31085000	      3107	800004a0	00000013	addi	x0,x0,0	  x0:0x00000000
       31095000	      3108	800004a4	01ffd863	bge	x31,x31,800004b4	 x31:0xfffffee5 x31:0xfffffee5
       31105000	      3109	00000000	00000013	addi	x0,x0,0	  x0:0x00000000
       31115000	      3110	800004b0	00000013	addi	x0,x0,0	  x0:0x00000000
       31125000	      3111	800004b4	4135df93	srai	x31,x11,0x13	 x11:0x90000000 x31=0xfffff200
       31135000	      3112	800004b8	413edd93	srai	x27,x29,0x13	 x29:0x8a58f000 x27=0xfffff14b
       31145000	      3113	800004bc	009431b3	sltu	x3,x8,x9	  x8:0x00000001  x9:0x80009bca  x3=0x00000001
       31155000	      3114	800004c0	000c38b3	sltu	x17,x24,x0	 x24:0x00000000  x0:0x00000000 x17=0x00000000
       31165000	      3115	800004c4	014d5db3	srl	x27,x26,x20	 x26:0x00000001 x20:0xd52eb35b x27=0x00000000
       31175000	      3116	800004c8	00591d13	slli	x26,x18,0x5	 x18:0x80000304 x26=0x00006080
       31185000	      3117	800004cc	f337e413	ori	x8,x15,-205	 x15:0x00000001  x8=0xffffff33
       31195000	      3118	800004d0	03a0f863	bgeu	x1,x26,80000500	  x1:0x00000000 x26:0x00006080
       31205000	      3119	800004d4	02d97c63	bgeu	x18,x13,8000050c	 x18:0x80000304 x13:0x80000288
       31215000	      3120	00000000	00000013	addi	x0,x0,0	  x0:0x00000000
       31225000	      3121	80000508	00000013	addi	x0,x0,0	  x0:0x00000000
       31235000	      3122	8000050c	0163b133	sltu	x2,x7,x22	  x7:0x00000000 x22:0xd52eb788  x2=0x00000001
       31245000	      3123	80000510	004ba303	lw	x6,4(x23)	 x23:0x80009f4c  x6=0x80003528 PA:0x80009f50
       31255000	      3124	80000514	004cf233	and	x4,x25,x4	 x25:0x00000001  x4:0xd52eb1d3  x4=0x00000001
       31265000	      3125	80000518	41b35013	srai	x0,x6,0x1b	  x6:0x80003528
       31275000	      3126	8000051c	cbe24693	xori	x13,x4,-834	  x4:0x00000001 x13=0xfffffcbf
       31285000	      3127	80000520	01170433	add	x8,x14,x17	 x14:0x00013f10 x17:0x00000000  x8=0x00013f10
       31295000	      3128	80000524	01cbc2b3	xor	x5,x23,x28	 x23:0x80009f4c x28:0x00149e24  x5=0x80140168
       31305000	      3129	80000528	018b8b93	addi	x23,x23,24	 x23:0x80009f4c x23=0x80009f64
       31315000	      3130	8000052c	6d38a217	auipc	x4,0x6d38a	  x4=0xed38a528
       31325000	      3131	80000530	73ff6f13	ori	x30,x30,1855	 x30:0x00000000 x30=0x0000073f
       31335000	      3132	80000534	416b5493	srai	x9,x22,0x16	 x22:0xd52eb788  x9=0xffffff54
       31345000	      3133	80000538	00000013	addi	x0,x0,0	  x0:0x00000000
       31355000	      3134	8000053c	663fee93	ori	x29,x31,1635	 x31:0xfffff200 x29=0xfffff663
       31365000	      3135	80000540	00130313	addi	x6,x6,1	  x6:0x80003528  x6=0x80003529
       31375000	      3136	80000544	00030367	jalr	x6,x6,0	  x6:0x80003529  x6=0x80000544
       31385000	      3137	00000000	00000013	addi	x0,x0,0	  x0:0x00000000
       31395000	      3138	80003528	00000013	addi	x0,x0,0	  x0:0x00000000
       31405000	      3139	8000352c	84b8ac93	slti	x25,x17,-1973	 x17:0x00000000 x25=0x00000000
       31415000	      3140	80003530	edfe7a93	andi	x21,x28,-289	 x28:0x00149e24 x21=0x00149e04
       31425000	      3141	80003534	04dd8463	beq	x27,x13,8000357c	 x27:0x00000000 x13:0xfffffcbf
       31435000	      3142	80003538	97f3e213	ori	x4,x7,-1665	  x7:0x00000000  x4=0xfffff97f
       31445000	      3143	8000353c	12dc3193	sltiu	x3,x24,301	 x24:0x00000000  x3=0x00000001
       31455000	      3144	80003540	01fbe4b3	or	x9,x23,x31	 x23:0x80009f64 x31:0xfffff200  x9=0xffffff64
       31465000	      3145	80003544	415483b3	sub	x7,x9,x21	  x9:0xffffff64 x21:0x00149e04  x7=0xffeb6160
       31475000	      3146	80003548	05534863	blt	x6,x21,80003598	  x6:0x80000544 x21:0x00149e04
       31485000	      3147	00000000	00000013	addi	x0,x0,0	  x0:0x00000000
       31495000	      3148	80003594	00000013	addi	x0,x0,0	  x0:0x00000000
       31505000	      3149	80003598	04189263	bne	x17,x1,800035dc	 x17:0x00000000  x1:0x00000000
       31515000	      3150	8000359c	01e714b3	sll	x9,x14,x30	 x14:0x00013f10 x30:0x0000073f  x9=0x00000000
       31525000	      3151	800035a0	7c572c93	slti	x25,x14,1989	 x14:0x00013f10 x25=0x00000000
       31535000	      3152	800035a4	002d5cb3	srl	x25,x26,x2	 x26:0x00006080  x2:0x00000001 x25=0x00003040
       31545000	      3153	800035a8	00201233	sll	x4,x0,x2	  x0:0x00000000  x2:0x00000001  x4=0x00000000
       31555000	      3154	800035ac	7535be37	lui	x28,0x7535b	 x28=0x7535b000
       31565000	      3155	800035b0	015b9513	slli	x10,x23,0x15	 x23:0x80009f64 x10=0xec800000
       31575000	      3156	800035b4	015d9813	slli	x16,x27,0x15	 x27:0x00000000 x16=0x00000000
       31585000	      3157	800035b8	41235833	sra	x16,x6,x18	  x6:0x80000544 x18:0x80000304 x16=0xf8000054
       31595000	      3158	800035bc	03c6e863	bltu	x13,x28,800035ec	 x13:0xfffffcbf x28:0x7535b000
       31605000	      3159	800035c0	41095033	sra	x0,x18,x16	 x18:0x80000304 x16:0xf8000054
       31615000	      3160	800035c4	03957463	bgeu	x10,x25,800035ec	 x10:0xec800000 x25:0x00003040
       31625000	      3161	00000000	00000013	addi	x0,x0,0	  x0:0x00000000
       31635000	      3162	800035e8	00000013	addi	x0,x0,0	  x0:0x00000000
       31645000	      3163	800035ec	005c6333	or	x6,x24,x5	 x24:0x00000000  x5:0x80140168  x6=0x80140168
       31655000	      3164	800035f0	056c5263	bge	x24,x22,80003634	 x24:0x00000000 x22:0xd52eb788
       31665000	      3165	00000000	00000013	addi	x0,x0,0	  x0:0x00000000
       31675000	      3166	80003630	00000013	addi	x0,x0,0	  x0:0x00000000
       31685000	      3167	80003634	02784663	blt	x16,x7,80003660	 x16:0xf8000054  x7:0xffeb6160
       31695000	      3168	00000000	00000013	addi	x0,x0,0	  x0:0x00000000
       31705000	      3169	8000365c	00000013	addi	x0,x0,0	  x0:0x00000000
       31715000	      3170	80003660	00f49833	sll	x16,x9,x15	  x9:0x00000000 x15:0x00000001 x16=0x00000000
       31725000	      3171	80003664	00b8e933	or	x18,x17,x11	 x17:0x00000000 x11:0x90000000 x18=0x90000000
       31735000	      3172	80003668	413ed813	srai	x16,x29,0x13	 x29:0xfffff663 x16=0xffffffff
       31745000	      3173	8000366c	002ed993	srli	x19,x29,0x2	 x29:0xfffff663 x19=0x3ffffd98
       31755000	      3174	80003670	0166e533	or	x10,x13,x22	 x13:0xfffffcbf x22:0xd52eb788 x10=0xffffffbf
       31765000	      3175	80003674	01859f13	slli	x30,x11,0x18	 x11:0x90000000 x30=0x00000000
       31775000	      3176	80003678	e8818193	addi	x3,x3,-376	  x3:0x00000001  x3=0xfffffe89
       31785000	      3177	8000367c	40eed333	sra	x6,x29,x14	 x29:0xfffff663 x14:0x00013f10  x6=0xffffffff
       31795000	      3178	80003680	a5435437	lui	x8,0xa5435	  x8=0xa5435000
       31805000	      3179	80003684	75fba913	slti	x18,x23,1887	 x23:0x80009f64 x18=0x00000001
       31815000	      3180	80003688	4b5a0a93	addi	x21,x20,1205	 x20:0xd52eb35b x21=0xd52eb810
       31825000	      3181	8000368c	b2d16393	ori	x7,x2,-1235	  x2:0x00000001  x7=0xfffffb2d
       31835000	      3182	80003690	00ed9db3	sll	x27,x27,x14	 x27:0x00000000 x14:0x00013f10 x27=0x00000000
       31845000	      3183	80003694	40c907b3	sub	x15,x18,x12	 x18:0x00000001 x12:0x80009fc4 x15=0x7fff603d
       31855000	      3184	80003698	14cfff13	andi	x30,x31,332	 x31:0xfffff200 x30=0x00000000
       31865000	      3185	8000369c	01421733	sll	x14,x4,x20	  x4:0x00000000 x20:0xd52eb35b x14=0x00000000
       31875000	      3186	800036a0	01d33533	sltu	x10,x6,x29	  x6:0xffffffff x29:0xfffff663 x10=0x00000000
       31885000	      3187	800036a4	3f0ee713	ori	x14,x29,1008	 x29:0xfffff663 x14=0xfffff7f3
       31895000	      3188	800036a8	63494393	xori	x7,x18,1588	 x18:0x00000001  x7=0x00000635
       31905000	      3189	800036ac	01ee1033	sll	x0,x28,x30	 x28:0x7535b000 x30:0x00000000
       31915000	      3190	800036b0	db95a893	slti	x17,x11,-583	 x11:0x90000000 x17=0x00000001
       31925000	      3191	800036b4	3f7b6713	ori	x14,x22,1015	 x22:0xd52eb788 x14=0xd52eb7ff
       31935000	      3192	800036b8	40f4d693	srai	x13,x9,0xf	  x9:0x00000000 x13=0x00000000
       31945000	      3193	800036bc	019b1513	slli	x10,x22,0x19	 x22:0xd52eb788 x10=0x10000000
       31955000	      3194	800036c0	007dd8b3	srl	x17,x27,x7	 x27:0x00000000  x7:0x00000635 x17=0x00000000
       31965000	      3195	800036c4	40370db3	sub	x27,x14,x3	 x14:0xd52eb7ff  x3:0xfffffe89 x27=0xd52eb976
       31975000	      3196	800036c8	e900bf97	auipc	x31,0xe900b	 x31=0x6900e6c4
       31985000	      3197	800036cc	01a204b3	add	x9,x4,x26	  x4:0x00000000 x26:0x00006080  x9=0x00006080
       31995000	      3198	800036d0	085d6663	bltu	x26,x5,8000375c	 x26:0x00006080  x5:0x80140168
       32005000	      3199	00000000	00000013	addi	x0,x0,0	  x0:0x00000000
       32015000	      3200	80003758	00000013	addi	x0,x0,0	  x0:0x00000000
       32025000	      3201	8000375c	41505713	srai	x14,x0,0x15	  x0:0x00000000 x14=0x00000000
       32035000	      3202	80003760	414cd3b3	sra	x7,x25,x20	 x25:0x00003040 x20:0xd52eb35b  x7=0x00000000
       32045000	      3203	80003764	00320db3	add	x27,x4,x3	  x4:0x00000000  x3:0xfffffe89 x27=0xfffffe89
       32055000	      3204	80003768	ff770f17	auipc	x30,0xff770	 x30=0x7f773764
       32065000	      3205	8000376c	01d64d33	xor	x26,x12,x29	 x12:0x80009fc4 x29:0xfffff663 x26=0x7fff69a7
       32075000	      3206	80003770	04bcd663	bge	x25,x11,800037bc	 x25:0x00003040 x11:0x90000000
       32085000	      3207	00000000	00000013	addi	x0,x0,0	  x0:0x00000000
       32095000	      3208	800037b8	00000013	addi	x0,x0,0	  x0:0x00000000
       32105000	      3209	800037bc	00628263	beq	x5,x6,800037c0	  x5:0x80140168  x6:0xffffffff
       32115000	      3210	800037c0	010e0e63	beq	x28,x16,800037dc	 x28:0x7535b000 x16:0xffffffff
       32125000	      3211	800037c4	01089f33	sll	x30,x17,x16	 x17:0x00000000 x16:0xffffffff x30=0x00000000
       32135000	      3212	800037c8	05b5e463	bltu	x11,x27,80003810	 x11:0x90000000 x27:0xfffffe89
       32145000	      3213	00000000	00000013	addi	x0,x0,0	  x0:0x00000000
       32155000	      3214	8000380c	00000013	addi	x0,x0,0	  x0:0x00000000
       32165000	      3215	80003810	056f8463	beq	x31,x22,80003858	 x31:0x6900e6c4 x22:0xd52eb788
       32175000	      3216	80003814	0109cc63	blt	x19,x16,8000382c	 x19:0x3ffffd98 x16:0xffffffff
       32185000	      3217	80003818	03c0d463	bge	x1,x28,80003840	  x1:0x00000000 x28:0x7535b000
       32195000	      3218	8000381c	c0b82a13	slti	x20,x16,-1013	 x16:0xffffffff x20=0x00000000
       32205000	      3219	80003820	00e0dd93	srli	x27,x1,0xe	  x1:0x00000000 x27=0x00000000
       32215000	      3220	80003824	03b37663	bgeu	x6,x27,80003850	  x6:0xffffffff x27:0x00000000
       32225000	      3221	00000000	00000013	addi	x0,x0,0	  x0:0x00000000
       32235000	      3222	8000384c	00000013	addi	x0,x0,0	  x0:0x00000000
       32245000	      3223	80003850	048f0463	beq	x30,x8,80003898	 x30:0x00000000  x8:0xa5435000
       32255000	      3224	80003854	c45ea913	slti	x18,x29,-955	 x29:0xfffff663 x18=0x00000001
       32265000	      3225	80003858	5c292713	slti	x14,x18,1474	 x18:0x00000001 x14=0x00000001
       32275000	      3226	8000385c	4187d3b3	sra	x7,x15,x24	 x15:0x7fff603d x24:0x00000000  x7=0x7fff603d
       32285000	      3227	80003860	004442b3	xor	x5,x8,x4	  x8:0xa5435000  x4:0x00000000  x5=0xa5435000
       32295000	      3228	80003864	02474463	blt	x14,x4,8000388c	 x14:0x00000001  x4:0x00000000
       32305000	      3229	80003868	00881263	bne	x16,x8,8000386c	 x16:0xffffffff  x8:0xa5435000
       32315000	      3230	00000000	00000013	addi	x0,x0,0	  x0:0x00000000
       32325000	      3231	80003868	00000013	addi	x0,x0,0	  x0:0x00000000
       32335000	      3232	8000386c	05d6f463	bgeu	x13,x29,800038b4	 x13:0x00000000 x29:0xfffff663
       32345000	      3233	80003870	00361a13	slli	x20,x12,0x3	 x12:0x80009fc4 x20=0x0004fe20
       32355000	      3234	80003874	01e12f33	slt	x30,x2,x30	  x2:0x00000001 x30:0x00000000 x30=0x00000000
       32365000	      3235	80003878	0b214793	xori	x15,x2,178	  x2:0x00000001 x15=0x000000b3
       32375000	      3236	8000387c	04470463	beq	x14,x4,800038c4	 x14:0x00000001  x4:0x00000000
       32385000	      3237	80003880	004a5a13	srli	x20,x20,0x4	 x20:0x0004fe20 x20=0x00004fe2
       32395000	      3238	80003884	014e6a63	bltu	x28,x20,80003898	 x28:0x7535b000 x20:0x00004fe2
       32405000	      3239	80003888	028e8863	beq	x29,x8,800038b8	 x29:0xfffff663  x8:0xa5435000
       32415000	      3240	8000388c	418f56b3	sra	x13,x30,x24	 x30:0x00000000 x24:0x00000000 x13=0x00000000
       32425000	      3241	80003890	008523b3	slt	x7,x10,x8	 x10:0x10000000  x8:0xa5435000  x7=0x00000000
       32435000	      3242	80003894	00a9ab33	slt	x22,x19,x10	 x19:0x3ffffd98 x10:0x10000000 x22=0x00000000
       32445000	      3243	80003898	00eedc93	srli	x25,x29,0xe	 x29:0xfffff663 x25=0x0003ffff
       32455000	      3244	8000389c	4149d993	srai	x19,x19,0x14	 x19:0x3ffffd98 x19=0x000003ff
       32465000	      3245	800038a0	8a6e8293	addi	x5,x29,-1882	 x29:0xfffff663  x5=0xffffef09
       32475000	      3246	800038a4	00316663	bltu	x2,x3,800038b0	  x2:0x00000001  x3:0xfffffe89
       32485000	      3247	00000000	00000013	addi	x0,x0,0	  x0:0x00000000
       32495000	      3248	800038ac	00000013	addi	x0,x0,0	  x0:0x00000000
       32505000	      3249	800038b0	039c6463	bltu	x24,x25,800038d8	 x24:0x00000000 x25:0x0003ffff
       32515000	      3250	00000000	00000013	addi	x0,x0,0	  x0:0x00000000
       32525000	      3251	800038d4	00000013	addi	x0,x0,0	  x0:0x00000000
       32535000	      3252	800038d8	04704463	blt	x0,x7,80003920	  x0:0x00000000  x7:0x00000000
       32545000	      3253	800038dc	00565013	srli	x0,x12,0x5	 x12:0x80009fc4
       32555000	      3254	800038e0	01e80663	beq	x16,x30,800038ec	 x16:0xffffffff x30:0x00000000
       32565000	      3255	800038e4	670f5737	lui	x14,0x670f5	 x14=0x670f5000
       32575000	      3256	800038e8	00b50863	beq	x10,x11,800038f8	 x10:0x10000000 x11:0x90000000
       32585000	      3257	800038ec	4099d6b3	sra	x13,x19,x9	 x19:0x000003ff  x9:0x00006080 x13=0x000003ff
       32595000	      3258	800038f0	01858b33	add	x22,x11,x24	 x11:0x90000000 x24:0x00000000 x22=0x90000000
       32605000	      3259	800038f4	4026ee93	ori	x29,x13,1026	 x13:0x000003ff x29=0x000007ff
       32615000	      3260	800038f8	00f55893	srli	x17,x10,0xf	 x10:0x10000000 x17=0x00002000
       32625000	      3261	800038fc	01a89ab3	sll	x21,x17,x26	 x17:0x00002000 x26:0x7fff69a7 x21=0x00100000
       32635000	      3262	80003900	00000013	addi	x0,x0,0	  x0:0x00000000
       32645000	      3263	80003904	85786fb7	lui	x31,0x85786	 x31=0x85786000
       32655000	      3264	80003908	1a6fbe93	sltiu	x29,x31,422	 x31:0x85786000 x29=0x00000000
       32665000	      3265	8000390c	05785263	bge	x16,x23,80003950	 x16:0xffffffff x23:0x80009f64
       32675000	      3266	00000000	00000013	addi	x0,x0,0	  x0:0x00000000
       32685000	      3267	8000394c	00000013	addi	x0,x0,0	  x0:0x00000000
       32695000	      3268	80003950	05150863	beq	x10,x17,800039a0	 x10:0x10000000 x17:0x00002000
       32705000	      3269	80003954	4098d4b3	sra	x9,x17,x9	 x17:0x00002000  x9:0x00006080  x9=0x00002000
       32715000	      3270	80003958	013cdf33	srl	x30,x25,x19	 x25:0x0003ffff x19:0x000003ff x30=0x00000000
       32725000	      3271	8000395c	024c9663	bne	x25,x4,80003988	 x25:0x0003ffff  x4:0x00000000
       32735000	      3272	00000000	00000013	addi	x0,x0,0	  x0:0x00000000
       32745000	      3273	80003984	00000013	addi	x0,x0,0	  x0:0x00000000
       32755000	      3274	80003988	0060c933	xor	x18,x1,x6	  x1:0x00000000  x6:0xffffffff x18=0xffffffff
       32765000	      3275	8000398c	001fa833	slt	x16,x31,x1	 x31:0x85786000  x1:0x00000000 x16=0x00000001
       32775000	      3276	80003990	04f14863	blt	x2,x15,800039e0	  x2:0x00000001 x15:0x000000b3
       32785000	      3277	00000000	00000013	addi	x0,x0,0	  x0:0x00000000
       32795000	      3278	800039dc	00000013	addi	x0,x0,0	  x0:0x00000000
       32805000	      3279	800039e0	54cb2f93	slti	x31,x22,1356	 x22:0x90000000 x31=0x00000001
       32815000	      3280	800039e4	049ae463	bltu	x21,x9,80003a2c	 x21:0x00100000  x9:0x00002000
       32825000	      3281	800039e8	0006be33	sltu	x28,x13,x0	 x13:0x000003ff  x0:0x00000000 x28=0x00000000
       32835000	      3282	800039ec	0098af33	slt	x30,x17,x9	 x17:0x00002000  x9:0x00002000 x30=0x00000000
       32845000	      3283	800039f0	03f2e263	bltu	x5,x31,80003a14	  x5:0xffffef09 x31:0x00000001
       32855000	      3284	800039f4	029bd863	bge	x23,x9,80003a24	 x23:0x80009f64  x9:0x00002000
       32865000	      3285	800039f8	24c7ae93	slti	x29,x15,588	 x15:0x000000b3 x29=0x00000001
       32875000	      3286	800039fc	159b7413	andi	x8,x22,345	 x22:0x90000000  x8=0x00000000
       32885000	      3287	80003a00	6feaa693	slti	x13,x21,1790	 x21:0x00100000 x13=0x00000000
       32895000	      3288	80003a04	00ff81b3	add	x3,x31,x15	 x31:0x00000001 x15:0x000000b3  x3=0x000000b4
       32905000	      3289	80003a08	00fe0a33	add	x20,x28,x15	 x28:0x00000000 x15:0x000000b3 x20=0x000000b3
       32915000	      3290	80003a0c	05a75463	bge	x14,x26,80003a54	 x14:0x670f5000 x26:0x7fff69a7
       32925000	      3291	80003a10	00000013	addi	x0,x0,0	  x0:0x00000000
       32935000	      3292	80003a14	01042ab3	slt	x21,x8,x16	  x8:0x00000000 x16:0x00000001 x21=0x00000001
       32945000	      3293	80003a18	027d8663	beq	x27,x7,80003a44	 x27:0x00000000  x7:0x00000000
       32955000	      3294	00000000	00000013	addi	x0,x0,0	  x0:0x00000000
       32965000	      3295	80003a40	00000013	addi	x0,x0,0	  x0:0x00000000
       32975000	      3296	80003a44	00089ab3	sll	x21,x17,x0	 x17:0x00002000  x0:0x00000000 x21=0x00002000
       32985000	      3297	80003a48	9d37c393	xori	x7,x15,-1581	 x15:0x000000b3  x7=0xfffff960
       32995000	      3298	80003a4c	005ae133	or	x2,x21,x5	 x21:0x00002000  x5:0xffffef09  x2=0xffffef09
       33005000	      3299	80003a50	012af333	and	x6,x21,x18	 x21:0x00002000 x18:0xffffffff  x6=0x00002000
       33015000	      3300	80003a54	84d62593	slti	x11,x12,-1971	 x12:0x80009fc4 x11=0x00000001
       33025000	      3301	80003a58	01262d33	slt	x26,x12,x18	 x12:0x80009fc4 x18:0xffffffff x26=0x00000001
       33035000	      3302	80003a5c	402b85b3	sub	x11,x23,x2	 x23:0x80009f64  x2:0xffffef09 x11=0x8000b05b
       33045000	      3303	80003a60	b51a8e13	addi	x28,x21,-1199	 x21:0x00002000 x28=0x00001b51
       33055000	      3304	80003a64	011b70b3	and	x1,x22,x17	 x22:0x90000000 x17:0x00002000  x1=0x00000000
       33065000	      3305	80003a68	00618ab3	add	x21,x3,x6	  x3:0x000000b4  x6:0x00002000 x21=0x000020b4
       33075000	      3306	80003a6c	004a0863	beq	x20,x4,80003a7c	 x20:0x000000b3  x4:0x00000000
       33085000	      3307	80003a70	0179da63	bge	x19,x23,80003a84	 x19:0x000003ff x23:0x80009f64
       33095000	      3308	00000000	00000013	addi	x0,x0,0	  x0:0x00000000
       33105000	      3309	80003a80	00000013	addi	x0,x0,0	  x0:0x00000000
       33115000	      3310	80003a84	7e068313	addi	x6,x13,2016	 x13:0x00000000  x6=0x000007e0
       33125000	      3311	80003a88	01b33133	sltu	x2,x6,x27	  x6:0x000007e0 x27:0x00000000  x2=0x00000000
       33135000	      3312	80003a8c	cd24ec93	ori	x25,x9,-814	  x9:0x00002000 x25=0xfffffcd2
       33145000	      3313	80003a90	045a0263	beq	x20,x5,80003ad4	 x20:0x000000b3  x5:0xffffef09
       33155000	      3314	80003a94	0168ffb3	and	x31,x17,x22	 x17:0x00002000 x22:0x90000000 x31=0x00000000
       33165000	      3315	80003a98	3d643313	sltiu	x6,x8,982	  x8:0x00000000  x6=0x00000001
       33175000	      3316	80003a9c	40335793	srai	x15,x6,0x3	  x6:0x00000001 x15=0x00000000
       33185000	      3317	80003aa0	97048393	addi	x7,x9,-1680	  x9:0x00002000  x7=0x00001970
       33195000	      3318	80003aa4	04e60263	beq	x12,x14,80003ae8	 x12:0x80009fc4 x14:0x670f5000
       33205000	      3319	80003aa8	00eab533	sltu	x10,x21,x14	 x21:0x000020b4 x14:0x670f5000 x10=0x00000001
       33215000	      3320	80003aac	6c036713	ori	x14,x6,1728	  x6:0x00000001 x14=0x000006c1
       33225000	      3321	80003ab0	001664b3	or	x9,x12,x1	 x12:0x80009fc4  x1:0x00000000  x9=0x80009fc4
       33235000	      3322	80003ab4	db873313	sltiu	x6,x14,-584	 x14:0x000006c1  x6=0x00000001
       33245000	      3323	80003ab8	021d7393	andi	x7,x26,33	 x26:0x00000001  x7=0x00000001
       33255000	      3324	80003abc	011b8933	add	x18,x23,x17	 x23:0x80009f64 x17:0x00002000 x18=0x8000bf64
       33265000	      3325	80003ac0	0474e463	bltu	x9,x7,80003b08	  x9:0x80009fc4  x7:0x00000001
       33275000	      3326	80003ac4	33b52cb7	lui	x25,0x33b52	 x25=0x33b52000
       33285000	      3327	80003ac8	c7d30193	addi	x3,x6,-899	  x6:0x00000001  x3=0xfffffc7e
       33295000	      3328	80003acc	dc506693	ori	x13,x0,-571	  x0:0x00000000 x13=0xfffffdc5
       33305000	      3329	80003ad0	05ce4863	blt	x28,x28,80003b20	 x28:0x00001b51 x28:0x00001b51
       33315000	      3330	80003ad4	009543b3	xor	x7,x10,x9	 x10:0x00000001  x9:0x80009fc4  x7=0x80009fc5
       33325000	      3331	80003ad8	fdf30313	addi	x6,x6,-33	  x6:0x00000001  x6=0xffffffe0
       33335000	      3332	80003adc	00000013	addi	x0,x0,0	  x0:0x00000000
       33345000	      3333	80003ae0	00f6d133	srl	x2,x13,x15	 x13:0xfffffdc5 x15:0x00000000  x2=0xfffffdc5
       33355000	      3334	80003ae4	00549d13	slli	x26,x9,0x5	  x9:0x80009fc4 x26=0x0013f880
       33365000	      3335	80003ae8	026b4663	blt	x22,x6,80003b14	 x22:0x90000000  x6:0xffffffe0
       33375000	      3336	00000000	00000013	addi	x0,x0,0	  x0:0x00000000
       33385000	      3337	80003b10	00000013	addi	x0,x0,0	  x0:0x00000000
       33395000	      3338	80003b14	048f5863	bge	x30,x8,80003b64	 x30:0x00000000  x8:0x00000000
       33405000	      3339	00000000	00000013	addi	x0,x0,0	  x0:0x00000000
       33415000	      3340	80003b60	00000013	addi	x0,x0,0	  x0:0x00000000
       33425000	      3341	80003b64	fe713417	auipc	x8,0xfe713	  x8=0x7e716b60
       33435000	      3342	80003b68	40fcd813	srai	x16,x25,0xf	 x25:0x33b52000 x16=0x0000676a
       33445000	      3343	80003b6c	00ad1793	slli	x15,x26,0xa	 x26:0x0013f880 x15=0x4fe20000
       33455000	      3344	80003b70	00a58833	add	x16,x11,x10	 x11:0x8000b05b x10:0x00000001 x16=0x8000b05c
       33465000	      3345	80003b74	75df4713	xori	x14,x30,1885	 x30:0x00000000 x14=0x0000075d
       33475000	      3346	80003b78	39a88593	addi	x11,x17,922	 x17:0x00002000 x11=0x0000239a
       33485000	      3347	80003b7c	ef246e93	ori	x29,x8,-270	  x8:0x7e716b60 x29=0xfffffff2
       33495000	      3348	80003b80	41c401b3	sub	x3,x8,x28	  x8:0x7e716b60 x28:0x00001b51  x3=0x7e71500f
       33505000	      3349	80003b84	002e7e63	bgeu	x28,x2,80003ba0	 x28:0x00001b51  x2:0xfffffdc5
       33515000	      3350	80003b88	01841d33	sll	x26,x8,x24	  x8:0x7e716b60 x24:0x00000000 x26=0x7e716b60
       33525000	      3351	80003b8c	4126d3b3	sra	x7,x13,x18	 x13:0xfffffdc5 x18:0x8000bf64  x7=0xffffffdc
       33535000	      3352	80003b90	40528133	sub	x2,x5,x5	  x5:0xffffef09  x5:0xffffef09  x2=0x00000000
       33545000	      3353	80003b94	28b76597	auipc	x11,0x28b76	 x11=0xa8b79b90
       33555000	      3354	80003b98	015b7db3	and	x27,x22,x21	 x22:0x90000000 x21:0x000020b4 x27=0x00000000
       33565000	      3355	80003b9c	f76c6e17	auipc	x28,0xf76c6	 x28=0x776c9b98
       33575000	      3356	80003ba0	01915f33	srl	x30,x2,x25	  x2:0x00000000 x25:0x33b52000 x30=0x00000000
       33585000	      3357	80003ba4	008e1e33	sll	x28,x28,x8	 x28:0x776c9b98  x8:0x7e716b60 x28=0x776c9b98
       33595000	      3358	80003ba8	8b9c0c93	addi	x25,x24,-1863	 x24:0x00000000 x25=0xfffff8b9
       33605000	      3359	80003bac	ec1ea193	slti	x3,x29,-319	 x29:0xfffffff2  x3=0x00000000
       33615000	      3360	80003bb0	7de0f793	andi	x15,x1,2014	  x1:0x00000000 x15=0x00000000
       33625000	      3361	80003bb4	00b50863	beq	x10,x11,80003bc4	 x10:0x00000001 x11:0xa8b79b90
       33635000	      3362	80003bb8	0092d663	bge	x5,x9,80003bc4	  x5:0xffffef09  x9:0x80009fc4
       33645000	      3363	00000000	00000013	addi	x0,x0,0	  x0:0x00000000
       33655000	      3364	80003bc0	00000013	addi	x0,x0,0	  x0:0x00000000
       33665000	      3365	80003bc4	01ffd433	srl	x8,x31,x31	 x31:0x00000000 x31:0x00000000  x8=0x00000000
       33675000	      3366	80003bc8	3bd84213	xori	x4,x16,957	 x16:0x8000b05c  x4=0x8000b3e1
       33685000	      3367	80003bcc	02dfc863	blt	x31,x13,80003bfc	 x31:0x00000000 x13:0xfffffdc5
       33695000	      3368	80003bd0	051a8263	beq	x21,x17,80003c14	 x21:0x000020b4 x17:0x00002000
       33705000	      3369	80003bd4	01d45d33	srl	x26,x8,x29	  x8:0x00000000 x29:0xfffffff2 x26=0x00000000
       33715000	      3370	80003bd8	00000013	addi	x0,x0,0	  x0:0x00000000
       33725000	      3371	80003bdc	019c5533	srl	x10,x24,x25	 x24:0x00000000 x25:0xfffff8b9 x10=0x00000000
       33735000	      3372	80003be0	416f07b3	sub	x15,x30,x22	 x30:0x00000000 x22:0x90000000 x15=0x70000000
       33745000	      3373	80003be4	01238ab3	add	x21,x7,x18	  x7:0xffffffdc x18:0x8000bf64 x21=0x8000bf40
       33755000	      3374	80003be8	01096eb3	or	x29,x18,x16	 x18:0x8000bf64 x16:0x8000b05c x29=0x8000bf7c
       33765000	      3375	80003bec	cbb3d317	auipc	x6,0xcbb3d	  x6=0x4bb40be8
       33775000	      3376	80003bf0	018002b3	add	x5,x0,x24	  x0:0x00000000 x24:0x00000000  x5=0x00000000
       33785000	      3377	80003bf4	de9bad93	slti	x27,x23,-535	 x23:0x80009f64 x27=0x00000001
       33795000	      3378	80003bf8	00da77b3	and	x15,x20,x13	 x20:0x000000b3 x13:0xfffffdc5 x15=0x00000081
       33805000	      3379	80003bfc	5b01a313	slti	x6,x3,1456	  x3:0x00000000  x6=0x00000001
       33815000	      3380	80003c00	00d99593	slli	x11,x19,0xd	 x19:0x000003ff x11=0x007fe000
       33825000	      3381	80003c04	05ec0463	beq	x24,x30,80003c4c	 x24:0x00000000 x30:0x00000000
       33835000	      3382	00000000	00000013	addi	x0,x0,0	  x0:0x00000000
       33845000	      3383	80003c48	00000013	addi	x0,x0,0	  x0:0x00000000
       33855000	      3384	80003c4c	0104ca63	blt	x9,x16,80003c60	  x9:0x80009fc4 x16:0x8000b05c
       33865000	      3385	00000000	00000013	addi	x0,x0,0	  x0:0x00000000
       33875000	      3386	80003c5c	00000013	addi	x0,x0,0	  x0:0x00000000
       33885000	      3387	80003c60	0294f463	bgeu	x9,x9,80003c88	  x9:0x80009fc4  x9:0x80009fc4
       33895000	      3388	00000000	00000013	addi	x0,x0,0	  x0:0x00000000
       33905000	      3389	80003c84	00000013	addi	x0,x0,0	  x0:0x00000000
       33915000	      3390	80003c88	58764d13	xori	x26,x12,1415	 x12:0x80009fc4 x26=0x80009a43
       33925000	      3391	80003c8c	00b9e6b3	or	x13,x19,x11	 x19:0x000003ff x11:0x007fe000 x13=0x007fe3ff
       33935000	      3392	80003c90	01d99733	sll	x14,x19,x29	 x19:0x000003ff x29:0x8000bf7c x14=0xf0000000
       33945000	      3393	80003c94	00c14333	xor	x6,x2,x12	  x2:0x00000000 x12:0x80009fc4  x6=0x80009fc4
       33955000	      3394	80003c98	0113b333	sltu	x6,x7,x17	  x7:0xffffffdc x17:0x00002000  x6=0x00000000
       33965000	      3395	80003c9c	6475feb7	lui	x29,0x6475f	 x29=0x6475f000
       33975000	      3396	80003ca0	0280c663	blt	x1,x8,80003ccc	  x1:0x00000000  x8:0x00000000
       33985000	      3397	80003ca4	4057d293	srai	x5,x15,0x5	 x15:0x00000081  x5=0x00000004
       33995000	      3398	80003ca8	05b45263	bge	x8,x27,80003cec	  x8:0x00000000 x27:0x00000001
       34005000	      3399	80003cac	219b50b7	lui	x1,0x219b5	  x1=0x219b5000
       34015000	      3400	80003cb0	00effcb3	and	x25,x31,x14	 x31:0x00000000 x14:0xf0000000 x25=0x00000000
       34025000	      3401	80003cb4	8be9e993	ori	x19,x19,-1858	 x19:0x000003ff x19=0xfffffbff
       34035000	      3402	80003cb8	40acdf13	srai	x30,x25,0xa	 x25:0x00000000 x30=0x00000000
       34045000	      3403	80003cbc	72adc293	xori	x5,x27,1834	 x27:0x00000001  x5=0x0000072b
       34055000	      3404	80003cc0	87d87793	andi	x15,x16,-1923	 x16:0x8000b05c x15=0x8000b05c
       34065000	      3405	80003cc4	00276b33	or	x22,x14,x2	 x14:0xf0000000  x2:0x00000000 x22=0xf0000000
       34075000	      3406	80003cc8	a264cb13	xori	x22,x9,-1498	  x9:0x80009fc4 x22=0x7fff65e2
       34085000	      3407	80003ccc	04b4d463	bge	x9,x11,80003d14	  x9:0x80009fc4 x11:0x007fe000
       34095000	      3408	80003cd0	007e35b3	sltu	x11,x28,x7	 x28:0x776c9b98  x7:0xffffffdc x11=0x00000001
       34105000	      3409	80003cd4	00a1d663	bge	x3,x10,80003ce0	  x3:0x00000000 x10:0x00000000
       34115000	      3410	00000000	00000013	addi	x0,x0,0	  x0:0x00000000
       34125000	      3411	80003cdc	00000013	addi	x0,x0,0	  x0:0x00000000
       34135000	      3412	80003ce0	78bfe313	ori	x6,x31,1931	 x31:0x00000000  x6=0x0000078b
       34145000	      3413	80003ce4	003fa1b3	slt	x3,x31,x3	 x31:0x00000000  x3:0x00000000  x3=0x00000000
       34155000	      3414	80003ce8	364fc893	xori	x17,x31,868	 x31:0x00000000 x17=0x00000364
       34165000	      3415	80003cec	41b35cb3	sra	x25,x6,x27	  x6:0x0000078b x27:0x00000001 x25=0x000003c5
       34175000	      3416	80003cf0	4196d513	srai	x10,x13,0x19	 x13:0x007fe3ff x10=0x00000000
       34185000	      3417	80003cf4	01cdd133	srl	x2,x27,x28	 x27:0x00000001 x28:0x776c9b98  x2=0x00000000
       34195000	      3418	80003cf8	4128d533	sra	x10,x17,x18	 x17:0x00000364 x18:0x8000bf64 x10=0x00000036
       34205000	      3419	80003cfc	04118263	beq	x3,x1,80003d40	  x3:0x00000000  x1:0x219b5000
       34215000	      3420	80003d00	00aa66b3	or	x13,x20,x10	 x20:0x000000b3 x10:0x00000036 x13=0x000000b7
       34225000	      3421	80003d04	c34fb693	sltiu	x13,x31,-972	 x31:0x00000000 x13=0x00000001
       34235000	      3422	80003d08	4b787f13	andi	x30,x16,1207	 x16:0x8000b05c x30=0x00000014
       34245000	      3423	80003d0c	dd596a93	ori	x21,x18,-555	 x18:0x8000bf64 x21=0xfffffff5
       34255000	      3424	80003d10	01ebd7b3	srl	x15,x23,x30	 x23:0x80009f64 x30:0x00000014 x15=0x00000800
       34265000	      3425	80003d14	418b0833	sub	x16,x22,x24	 x22:0x7fff65e2 x24:0x00000000 x16=0x7fff65e2
       34275000	      3426	80003d18	b936fe93	andi	x29,x13,-1133	 x13:0x00000001 x29=0x00000001
       34285000	      3427	80003d1c	009e6233	or	x4,x28,x9	 x28:0x776c9b98  x9:0x80009fc4  x4=0xf76c9fdc
       34295000	      3428	80003d20	405bd093	srai	x1,x23,0x5	 x23:0x80009f64  x1=0xfc0004fb
       34305000	      3429	80003d24	01b6dd93	srli	x27,x13,0x1b	 x13:0x00000001 x27=0x00000000
       34315000	      3430	80003d28	488b8d13	addi	x26,x23,1160	 x23:0x80009f64 x26=0x8000a3ec
       34325000	      3431	80003d2c	009815b3	sll	x11,x16,x9	 x16:0x7fff65e2  x9:0x80009fc4 x11=0xfff65e20
       34335000	      3432	80003d30	01b91263	bne	x18,x27,80003d34	 x18:0x8000bf64 x27:0x00000000
       34345000	      3433	00000000	00000013	addi	x0,x0,0	  x0:0x00000000
       34355000	      3434	80003d30	00000013	addi	x0,x0,0	  x0:0x00000000
       34365000	      3435	80003d34	00cfb333	sltu	x6,x31,x12	 x31:0x00000000 x12:0x80009fc4  x6=0x00000001
       34375000	      3436	80003d38	037bf063	bgeu	x23,x23,80003d58	 x23:0x80009f64 x23:0x80009f64
       34385000	      3437	00000000	00000013	addi	x0,x0,0	  x0:0x00000000
       34395000	      3438	80003d54	00000013	addi	x0,x0,0	  x0:0x00000000
       34405000	      3439	80003d58	410fd533	sra	x10,x31,x16	 x31:0x00000000 x16:0x7fff65e2 x10=0x00000000
       34415000	      3440	80003d5c	01f896b3	sll	x13,x17,x31	 x17:0x00000364 x31:0x00000000 x13=0x00000364
       34425000	      3441	80003d60	019d7f33	and	x30,x26,x25	 x26:0x8000a3ec x25:0x000003c5 x30=0x000003c4
       34435000	      3442	80003d64	04bfd863	bge	x31,x11,80003db4	 x31:0x00000000 x11:0xfff65e20
       34445000	      3443	00000000	00000013	addi	x0,x0,0	  x0:0x00000000
       34455000	      3444	80003db0	00000013	addi	x0,x0,0	  x0:0x00000000
       34465000	      3445	80003db4	26b77593	andi	x11,x14,619	 x14:0xf0000000 x11=0x00000000
       34475000	      3446	80003db8	03857663	bgeu	x10,x24,80003de4	 x10:0x00000000 x24:0x00000000
       34485000	      3447	00000000	00000013	addi	x0,x0,0	  x0:0x00000000
       34495000	      3448	80003de0	00000013	addi	x0,x0,0	  x0:0x00000000
       34505000	      3449	80003de4	00fd4f33	xor	x30,x26,x15	 x26:0x8000a3ec x15:0x00000800 x30=0x8000abec
       34515000	      3450	80003de8	61132e13	slti	x28,x6,1553	  x6:0x00000001 x28=0x00000001
       34525000	      3451	80003dec	03a1e263	bltu	x3,x26,80003e10	  x3:0x00000000 x26:0x8000a3ec
       34535000	      3452	00000000	00000013	addi	x0,x0,0	  x0:0x00000000
       34545000	      3453	80003e0c	00000013	addi	x0,x0,0	  x0:0x00000000
       34555000	      3454	80003e10	00a451b3	srl	x3,x8,x10	  x8:0x00000000 x10:0x00000000  x3=0x00000000
       34565000	      3455	80003e14	0024df93	srli	x31,x9,0x2	  x9:0x80009fc4 x31=0x200027f1
       34575000	      3456	80003e18	00164ab3	xor	x21,x12,x1	 x12:0x80009fc4  x1:0xfc0004fb x21=0x7c009b3f
       34585000	      3457	80003e1c	015dba33	sltu	x20,x27,x21	 x27:0x00000000 x21:0x7c009b3f x20=0x00000001
       34595000	      3458	80003e20	e2456e13	ori	x28,x10,-476	 x10:0x00000000 x28=0xfffffe24
       34605000	      3459	80003e24	00905eb3	srl	x29,x0,x9	  x0:0x00000000  x9:0x80009fc4 x29=0x00000000
       34615000	      3460	80003e28	00000013	addi	x0,x0,0	  x0:0x00000000
       34625000	      3461	80003e2c	402bd093	srai	x1,x23,0x2	 x23:0x80009f64  x1=0xe00027d9
       34635000	      3462	80003e30	c24fc36f	jal	x6,80003e30	  x6=0x80003e30
       34645000	      3463	00000000	00000013	addi	x0,x0,0	  x0:0x00000000
       34655000	      3464	80000250	00000013	addi	x0,x0,0	  x0:0x00000000
       34665000	      3465	80000254	001e1d33	sll	x26,x28,x1	 x28:0xfffffe24  x1:0xe00027d9 x26=0x48000000
       34675000	      3466	80000258	fe8b8b93	addi	x23,x23,-24	 x23:0x80009f64 x23=0x80009f4c
       34685000	      3467	8000025c	411d8833	sub	x16,x27,x17	 x27:0x00000000 x17:0x00000364 x16=0xfffffc9c
       34695000	      3468	80000260	006ba223	sw	x6,4(x23)	 x23:0x80009f4c  x6:0x80003e30 PA:0x80009f50
       34705000	      3469	80000264	e78a0213	addi	x4,x20,-392	 x20:0x00000001  x4=0xfffffe79
       34715000	      3470	80000268	0080036f	jal	x6,80000268	  x6=0x80000268
       34725000	      3471	00000000	00000013	addi	x0,x0,0	  x0:0x00000000
       34735000	      3472	8000026c	00000013	addi	x0,x0,0	  x0:0x00000000
       34745000	      3473	80000270	0380036f	jal	x6,80000270	  x6=0x80000270
       34755000	      3474	00000000	00000013	addi	x0,x0,0	  x0:0x00000000
       34765000	      3475	800002a4	00000013	addi	x0,x0,0	  x0:0x00000000
       34775000	      3476	800002a8	fe9ff76f	jal	x14,800002a8	 x14=0x800002a8
       34785000	      3477	00000000	00000013	addi	x0,x0,0	  x0:0x00000000
       34795000	      3478	8000028c	00000013	addi	x0,x0,0	  x0:0x00000000
       34805000	      3479	80000290	fddff0ef	jal	x1,80000290	  x1=0x80000290
       34815000	      3480	00000000	00000013	addi	x0,x0,0	  x0:0x00000000
       34825000	      3481	80000268	00000013	addi	x0,x0,0	  x0:0x00000000
       34835000	      3482	8000026c	03800def	jal	x27,8000026c	 x27=0x8000026c
       34845000	      3483	00000000	00000013	addi	x0,x0,0	  x0:0x00000000
       34855000	      3484	800002a0	00000013	addi	x0,x0,0	  x0:0x00000000
       34865000	      3485	800002a4	fe9ff36f	jal	x6,800002a4	  x6=0x800002a4
       34875000	      3486	00000000	00000013	addi	x0,x0,0	  x0:0x00000000
       34885000	      3487	80000288	00000013	addi	x0,x0,0	  x0:0x00000000
       34895000	      3488	8000028c	fe9ff2ef	jal	x5,8000028c	  x5=0x8000028c
       34905000	      3489	00000000	00000013	addi	x0,x0,0	  x0:0x00000000
       34915000	      3490	80000270	00000013	addi	x0,x0,0	  x0:0x00000000
       34925000	      3491	80000274	004001ef	jal	x3,80000274	  x3=0x80000274
       34935000	      3492	00000000	00000013	addi	x0,x0,0	  x0:0x00000000
       34945000	      3493	80000274	00000013	addi	x0,x0,0	  x0:0x00000000
       34955000	      3494	80000278	0240036f	jal	x6,80000278	  x6=0x80000278
       34965000	      3495	00000000	00000013	addi	x0,x0,0	  x0:0x00000000
       34975000	      3496	80000298	00000013	addi	x0,x0,0	  x0:0x00000000
       34985000	      3497	8000029c	fedff36f	jal	x6,8000029c	  x6=0x8000029c
       34995000	      3498	00000000	00000013	addi	x0,x0,0	  x0:0x00000000
       35005000	      3499	80000284	00000013	addi	x0,x0,0	  x0:0x00000000
       35015000	      3500	80000288	ff5ff6ef	jal	x13,80000288	 x13=0x80000288
       35025000	      3501	00000000	00000013	addi	x0,x0,0	  x0:0x00000000
       35035000	      3502	80000278	00000013	addi	x0,x0,0	  x0:0x00000000
       35045000	      3503	8000027c	0180046f	jal	x8,8000027c	  x8=0x8000027c
       35055000	      3504	00000000	00000013	addi	x0,x0,0	  x0:0x00000000
       35065000	      3505	80000290	00000013	addi	x0,x0,0	  x0:0x00000000
       35075000	      3506	80000294	00c000ef	jal	x1,80000294	  x1=0x80000294
       35085000	      3507	00000000	00000013	addi	x0,x0,0	  x0:0x00000000
       35095000	      3508	8000029c	00000013	addi	x0,x0,0	  x0:0x00000000
       35105000	      3509	800002a0	fe5ff0ef	jal	x1,800002a0	  x1=0x800002a0
       35115000	      3510	00000000	00000013	addi	x0,x0,0	  x0:0x00000000
       35125000	      3511	80000280	00000013	addi	x0,x0,0	  x0:0x00000000
       35135000	      3512	80000284	ffdff0ef	jal	x1,80000284	  x1=0x80000284
       35145000	      3513	00000000	00000013	addi	x0,x0,0	  x0:0x00000000
       35155000	      3514	8000027c	00000013	addi	x0,x0,0	  x0:0x00000000
       35165000	      3515	80000280	018000ef	jal	x1,80000280	  x1=0x80000280
       35175000	      3516	00000000	00000013	addi	x0,x0,0	  x0:0x00000000
       35185000	      3517	80000294	00000013	addi	x0,x0,0	  x0:0x00000000
       35195000	      3518	80000298	014000ef	jal	x1,80000298	  x1=0x80000298
       35205000	      3519	00000000	00000013	addi	x0,x0,0	  x0:0x00000000
       35215000	      3520	800002a8	00000013	addi	x0,x0,0	  x0:0x00000000
       35225000	      3521	800002ac	015c9d93	slli	x27,x25,0x15	 x25:0x000003c5 x27=0x78a00000
       35235000	      3522	800002b0	0600036f	jal	x6,800002b0	  x6=0x800002b0
       35245000	      3523	00000000	00000013	addi	x0,x0,0	  x0:0x00000000
       35255000	      3524	8000030c	00000013	addi	x0,x0,0	  x0:0x00000000
       35265000	      3525	80000310	fd5ff36f	jal	x6,80000310	  x6=0x80000310
       35275000	      3526	00000000	00000013	addi	x0,x0,0	  x0:0x00000000
       35285000	      3527	800002e0	00000013	addi	x0,x0,0	  x0:0x00000000
       35295000	      3528	800002e4	01c0016f	jal	x2,800002e4	  x2=0x800002e4
       35305000	      3529	00000000	00000013	addi	x0,x0,0	  x0:0x00000000
       35315000	      3530	800002fc	00000013	addi	x0,x0,0	  x0:0x00000000
       35325000	      3531	80000300	00400fef	jal	x31,80000300	 x31=0x80000300
       35335000	      3532	00000000	00000013	addi	x0,x0,0	  x0:0x00000000
       35345000	      3533	80000300	00000013	addi	x0,x0,0	  x0:0x00000000
       35355000	      3534	80000304	fd5ff96f	jal	x18,80000304	 x18=0x80000304
       35365000	      3535	00000000	00000013	addi	x0,x0,0	  x0:0x00000000
       35375000	      3536	800002d4	00000013	addi	x0,x0,0	  x0:0x00000000
       35385000	      3537	800002d8	01c000ef	jal	x1,800002d8	  x1=0x800002d8
       35395000	      3538	00000000	00000013	addi	x0,x0,0	  x0:0x00000000
       35405000	      3539	800002f0	00000013	addi	x0,x0,0	  x0:0x00000000
       35415000	      3540	800002f4	fc1ff0ef	jal	x1,800002f4	  x1=0x800002f4
       35425000	      3541	00000000	00000013	addi	x0,x0,0	  x0:0x00000000
       35435000	      3542	800002b0	00000013	addi	x0,x0,0	  x0:0x00000000
       35445000	      3543	800002b4	064000ef	jal	x1,800002b4	  x1=0x800002b4
       35455000	      3544	00000000	00000013	addi	x0,x0,0	  x0:0x00000000
       35465000	      3545	80000314	00000013	addi	x0,x0,0	  x0:0x00000000
       35475000	      3546	80000318	fe1ff0ef	jal	x1,80000318	  x1=0x80000318
       35485000	      3547	00000000	00000013	addi	x0,x0,0	  x0:0x00000000
       35495000	      3548	800002f4	00000013	addi	x0,x0,0	  x0:0x00000000
       35505000	      3549	800002f8	fc9ff9ef	jal	x19,800002f8	 x19=0x800002f8
       35515000	      3550	00000000	00000013	addi	x0,x0,0	  x0:0x00000000
       35525000	      3551	800002bc	00000013	addi	x0,x0,0	  x0:0x00000000
       35535000	      3552	800002c0	0140086f	jal	x16,800002c0	 x16=0x800002c0
       35545000	      3553	00000000	00000013	addi	x0,x0,0	  x0:0x00000000
       35555000	      3554	800002d0	00000013	addi	x0,x0,0	  x0:0x00000000
       35565000	      3555	800002d4	03400d6f	jal	x26,800002d4	 x26=0x800002d4
       35575000	      3556	00000000	00000013	addi	x0,x0,0	  x0:0x00000000
       35585000	      3557	80000304	00000013	addi	x0,x0,0	  x0:0x00000000
       35595000	      3558	80000308	fb1ff0ef	jal	x1,80000308	  x1=0x80000308
       35605000	      3559	00000000	00000013	addi	x0,x0,0	  x0:0x00000000
       35615000	      3560	800002b4	00000013	addi	x0,x0,0	  x0:0x00000000
       35625000	      3561	800002b8	028000ef	jal	x1,800002b8	  x1=0x800002b8
       35635000	      3562	00000000	00000013	addi	x0,x0,0	  x0:0x00000000
       35645000	      3563	800002dc	00000013	addi	x0,x0,0	  x0:0x00000000
       35655000	      3564	800002e0	03c0036f	jal	x6,800002e0	  x6=0x800002e0
       35665000	      3565	00000000	00000013	addi	x0,x0,0	  x0:0x00000000
       35675000	      3566	80000318	00000013	addi	x0,x0,0	  x0:0x00000000
       35685000	      3567	8000031c	ff9ff36f	jal	x6,8000031c	  x6=0x8000031c
       35695000	      3568	00000000	00000013	addi	x0,x0,0	  x0:0x00000000
       35705000	      3569	80000310	00000013	addi	x0,x0,0	  x0:0x00000000
       35715000	      3570	80000314	fe9ff0ef	jal	x1,80000314	  x1=0x80000314
       35725000	      3571	00000000	00000013	addi	x0,x0,0	  x0:0x00000000
       35735000	      3572	800002f8	00000013	addi	x0,x0,0	  x0:0x00000000
       35745000	      3573	800002fc	010004ef	jal	x9,800002fc	  x9=0x800002fc
       35755000	      3574	00000000	00000013	addi	x0,x0,0	  x0:0x00000000
       35765000	      3575	80000308	00000013	addi	x0,x0,0	  x0:0x00000000
       35775000	      3576	8000030c	fbdff36f	jal	x6,8000030c	  x6=0x8000030c
       35785000	      3577	00000000	00000013	addi	x0,x0,0	  x0:0x00000000
       35795000	      3578	800002c4	00000013	addi	x0,x0,0	  x0:0x00000000
       35805000	      3579	800002c8	024000ef	jal	x1,800002c8	  x1=0x800002c8
       35815000	      3580	00000000	00000013	addi	x0,x0,0	  x0:0x00000000
       35825000	      3581	800002e8	00000013	addi	x0,x0,0	  x0:0x00000000
       35835000	      3582	800002ec	0340036f	jal	x6,800002ec	  x6=0x800002ec
       35845000	      3583	00000000	00000013	addi	x0,x0,0	  x0:0x00000000
       35855000	      3584	8000031c	00000013	addi	x0,x0,0	  x0:0x00000000
       35865000	      3585	80000320	fd1ff0ef	jal	x1,80000320	  x1=0x80000320
       35875000	      3586	00000000	00000013	addi	x0,x0,0	  x0:0x00000000
       35885000	      3587	800002ec	00000013	addi	x0,x0,0	  x0:0x00000000
       35895000	      3588	800002f0	ff9ff0ef	jal	x1,800002f0	  x1=0x800002f0
       35905000	      3589	00000000	00000013	addi	x0,x0,0	  x0:0x00000000
       35915000	      3590	800002e4	00000013	addi	x0,x0,0	  x0:0x00000000
       35925000	      3591	800002e8	fe5ffd6f	jal	x26,800002e8	 x26=0x800002e8
       35935000	      3592	00000000	00000013	addi	x0,x0,0	  x0:0x00000000
       35945000	      3593	800002c8	00000013	addi	x0,x0,0	  x0:0x00000000
       35955000	      3594	800002cc	0100056f	jal	x10,800002cc	 x10=0x800002cc
       35965000	      3595	00000000	00000013	addi	x0,x0,0	  x0:0x00000000
       35975000	      3596	800002d8	00000013	addi	x0,x0,0	  x0:0x00000000
       35985000	      3597	800002dc	ff5ff0ef	jal	x1,800002dc	  x1=0x800002dc
       35995000	      3598	00000000	00000013	addi	x0,x0,0	  x0:0x00000000
       36005000	      3599	800002cc	00000013	addi	x0,x0,0	  x0:0x00000000
       36015000	      3600	800002d0	fedff36f	jal	x6,800002d0	  x6=0x800002d0
       36025000	      3601	00000000	00000013	addi	x0,x0,0	  x0:0x00000000
       36035000	      3602	800002b8	00000013	addi	x0,x0,0	  x0:0x00000000
       36045000	      3603	800002bc	008005ef	jal	x11,800002bc	 x11=0x800002bc
       36055000	      3604	00000000	00000013	addi	x0,x0,0	  x0:0x00000000
       36065000	      3605	800002c0	00000013	addi	x0,x0,0	  x0:0x00000000
       36075000	      3606	800002c4	060000ef	jal	x1,800002c4	  x1=0x800002c4
       36085000	      3607	00000000	00000013	addi	x0,x0,0	  x0:0x00000000
       36095000	      3608	80000320	00000013	addi	x0,x0,0	  x0:0x00000000
       36105000	      3609	80000324	00f8de33	srl	x28,x17,x15	 x17:0x00000364 x15:0x00000800 x28=0x00000364
       36115000	      3610	80000328	00774463	blt	x14,x7,80000330	 x14:0x800002a8  x7:0xffffffdc
       36125000	      3611	00000000	00000013	addi	x0,x0,0	  x0:0x00000000
       36135000	      3612	8000032c	00000013	addi	x0,x0,0	  x0:0x00000000
       36145000	      3613	80000330	00e07263	bgeu	x0,x14,80000334	  x0:0x00000000 x14:0x800002a8
       36155000	      3614	80000334	f902b317	auipc	x6,0xf902b	  x6=0x7902b330
       36165000	      3615	80000338	8a58feb7	lui	x29,0x8a58f	 x29=0x8a58f000
       36175000	      3616	8000033c	40b10d33	sub	x26,x2,x11	  x2:0x800002e4 x11:0x800002bc x26=0x00000028
       36185000	      3617	80000340	01d15fb3	srl	x31,x2,x29	  x2:0x800002e4 x29:0x8a58f000 x31=0x800002e4
       36195000	      3618	80000344	41b8d733	sra	x14,x17,x27	 x17:0x00000364 x27:0x78a00000 x14=0x00000364
       36205000	      3619	80000348	04595463	bge	x18,x5,80000390	 x18:0x80000304  x5:0x8000028c
       36215000	      3620	00000000	00000013	addi	x0,x0,0	  x0:0x00000000
       36225000	      3621	8000038c	00000013	addi	x0,x0,0	  x0:0x00000000
       36235000	      3622	80000390	01a2cc63	blt	x5,x26,800003a8	  x5:0x8000028c x26:0x00000028
       36245000	      3623	00000000	00000013	addi	x0,x0,0	  x0:0x00000000
       36255000	      3624	800003a4	00000013	addi	x0,x0,0	  x0:0x00000000
       36265000	      3625	800003a8	02dbc263	blt	x23,x13,800003cc	 x23:0x80009f4c x13:0x80000288
       36275000	      3626	800003ac	40d50cb3	sub	x25,x10,x13	 x10:0x800002cc x13:0x80000288 x25=0x00000044
       36285000	      3627	800003b0	761bc093	xori	x1,x23,1889	 x23:0x80009f4c  x1=0x8000982d
       36295000	      3628	800003b4	00fc3d33	sltu	x26,x24,x15	 x24:0x00000000 x15:0x00000800 x26=0x00000001
       36305000	      3629	800003b8	00c8e463	bltu	x17,x12,800003c0	 x17:0x00000364 x12:0x80009fc4
       36315000	      3630	00000000	00000013	addi	x0,x0,0	  x0:0x00000000
       36325000	      3631	800003bc	00000013	addi	x0,x0,0	  x0:0x00000000
       36335000	      3632	800003c0	4193d1b3	sra	x3,x7,x25	  x7:0xffffffdc x25:0x00000044  x3=0xfffffffd
       36345000	      3633	800003c4	01c31a63	bne	x6,x28,800003d8	  x6:0x7902b330 x28:0x00000364
       36355000	      3634	00000000	00000013	addi	x0,x0,0	  x0:0x00000000
       36365000	      3635	800003d4	00000013	addi	x0,x0,0	  x0:0x00000000
       36375000	      3636	800003d8	400ddc93	srai	x25,x27,0x0	 x27:0x78a00000 x25=0x78a00000
       36385000	      3637	800003dc	00052433	slt	x8,x10,x0	 x10:0x800002cc  x0:0x00000000  x8=0x00000001
       36395000	      3638	800003e0	41395333	sra	x6,x18,x19	 x18:0x80000304 x19:0x800002f8  x6=0xffffff80
       36405000	      3639	800003e4	001b38b3	sltu	x17,x22,x1	 x22:0x7fff65e2  x1:0x8000982d x17=0x00000001
       36415000	      3640	800003e8	00b715b3	sll	x11,x14,x11	 x14:0x00000364 x11:0x800002bc x11=0x40000000
       36425000	      3641	800003ec	b7283193	sltiu	x3,x16,-1166	 x16:0x800002c0  x3=0x00000001
       36435000	      3642	800003f0	01459263	bne	x11,x20,800003f4	 x11:0x40000000 x20:0x00000001
       36445000	      3643	00000000	00000013	addi	x0,x0,0	  x0:0x00000000
       36455000	      3644	800003f0	00000013	addi	x0,x0,0	  x0:0x00000000
       36465000	      3645	800003f4	02304c63	blt	x0,x3,8000042c	  x0:0x00000000  x3:0x00000001
       36475000	      3646	00000000	00000013	addi	x0,x0,0	  x0:0x00000000
       36485000	      3647	80000428	00000013	addi	x0,x0,0	  x0:0x00000000
       36495000	      3648	8000042c	40c18133	sub	x2,x3,x12	  x3:0x00000001 x12:0x80009fc4  x2=0x7fff603d
       36505000	      3649	80000430	054a5263	bge	x20,x20,80000474	 x20:0x00000001 x20:0x00000001
       36515000	      3650	00000000	00000013	addi	x0,x0,0	  x0:0x00000000
       36525000	      3651	80000470	00000013	addi	x0,x0,0	  x0:0x00000000
       36535000	      3652	80000474	09c76493	ori	x9,x14,156	 x14:0x00000364  x9=0x000003fc
       36545000	      3653	80000478	00aaf2b3	and	x5,x21,x10	 x21:0x7c009b3f x10:0x800002cc  x5=0x0000020c
       36555000	      3654	8000047c	0028df13	srli	x30,x17,0x2	 x17:0x00000001 x30=0x00000000
       36565000	      3655	80000480	e21fef93	ori	x31,x31,-479	 x31:0x800002e4 x31=0xfffffee5
       36575000	      3656	80000484	c7eb8493	addi	x9,x23,-898	 x23:0x80009f4c  x9=0x80009bca
       36585000	      3657	80000488	0369f063	bgeu	x19,x22,800004a8	 x19:0x800002f8 x22:0x7fff65e2
       36595000	      3658	00000000	00000013	addi	x0,x0,0	  x0:0x00000000
       36605000	      3659	800004a4	00000013	addi	x0,x0,0	  x0:0x00000000
       36615000	      3660	800004a8	41e10d33	sub	x26,x2,x30	  x2:0x7fff603d x30:0x00000000 x26=0x7fff603d
       36625000	      3661	800004ac	00654a33	xor	x20,x10,x6	 x10:0x800002cc  x6:0xffffff80 x20=0x7ffffd4c
       36635000	      3662	800004b0	874a8813	addi	x16,x21,-1932	 x21:0x7c009b3f x16=0x7c0093b3
       36645000	      3663	800004b4	4135df93	srai	x31,x11,0x13	 x11:0x40000000 x31=0x00000800
       36655000	      3664	800004b8	413edd93	srai	x27,x29,0x13	 x29:0x8a58f000 x27=0xfffff14b
       36665000	      3665	800004bc	009431b3	sltu	x3,x8,x9	  x8:0x00000001  x9:0x80009bca  x3=0x00000001
       36675000	      3666	800004c0	000c38b3	sltu	x17,x24,x0	 x24:0x00000000  x0:0x00000000 x17=0x00000000
       36685000	      3667	800004c4	014d5db3	srl	x27,x26,x20	 x26:0x7fff603d x20:0x7ffffd4c x27=0x0007fff6
       36695000	      3668	800004c8	00591d13	slli	x26,x18,0x5	 x18:0x80000304 x26=0x00006080
       36705000	      3669	800004cc	f337e413	ori	x8,x15,-205	 x15:0x00000800  x8=0xffffff33
       36715000	      3670	800004d0	03a0f863	bgeu	x1,x26,80000500	  x1:0x8000982d x26:0x00006080
       36725000	      3671	00000000	00000013	addi	x0,x0,0	  x0:0x00000000
       36735000	      3672	800004fc	00000013	addi	x0,x0,0	  x0:0x00000000
       36745000	      3673	80000500	007a6233	or	x4,x20,x7	 x20:0x7ffffd4c  x7:0xffffffdc  x4=0xffffffdc
       36755000	      3674	80000504	01e6e463	bltu	x13,x30,8000050c	 x13:0x80000288 x30:0x00000000
       36765000	      3675	80000508	00179263	bne	x15,x1,8000050c	 x15:0x00000800  x1:0x8000982d
       36775000	      3676	00000000	00000013	addi	x0,x0,0	  x0:0x00000000
       36785000	      3677	80000508	00000013	addi	x0,x0,0	  x0:0x00000000
       36795000	      3678	8000050c	0163b133	sltu	x2,x7,x22	  x7:0xffffffdc x22:0x7fff65e2  x2=0x00000000
       36805000	      3679	80000510	004ba303	lw	x6,4(x23)	 x23:0x80009f4c  x6=0x80003e30 PA:0x80009f50
       36815000	      3680	80000514	004cf233	and	x4,x25,x4	 x25:0x78a00000  x4:0xffffffdc  x4=0x78a00000
       36825000	      3681	80000518	41b35013	srai	x0,x6,0x1b	  x6:0x80003e30
       36835000	      3682	8000051c	cbe24693	xori	x13,x4,-834	  x4:0x78a00000 x13=0x875ffcbe
       36845000	      3683	80000520	01170433	add	x8,x14,x17	 x14:0x00000364 x17:0x00000000  x8=0x00000364
       36855000	      3684	80000524	01cbc2b3	xor	x5,x23,x28	 x23:0x80009f4c x28:0x00000364  x5=0x80009c28
       36865000	      3685	80000528	018b8b93	addi	x23,x23,24	 x23:0x80009f4c x23=0x80009f64
       36875000	      3686	8000052c	6d38a217	auipc	x4,0x6d38a	  x4=0xed38a528
       36885000	      3687	80000530	73ff6f13	ori	x30,x30,1855	 x30:0x00000000 x30=0x0000073f
       36895000	      3688	80000534	416b5493	srai	x9,x22,0x16	 x22:0x7fff65e2  x9=0x000001ff
       36905000	      3689	80000538	00000013	addi	x0,x0,0	  x0:0x00000000
       36915000	      3690	8000053c	663fee93	ori	x29,x31,1635	 x31:0x00000800 x29=0x00000e63
       36925000	      3691	80000540	00130313	addi	x6,x6,1	  x6:0x80003e30  x6=0x80003e31
       36935000	      3692	80000544	00030367	jalr	x6,x6,0	  x6:0x80003e31  x6=0x80000544
       36945000	      3693	00000000	00000013	addi	x0,x0,0	  x0:0x00000000
       36955000	      3694	80003e30	00000013	addi	x0,x0,0	  x0:0x00000000
       36965000	      3695	80003e34	01a86e63	bltu	x16,x26,80003e50	 x16:0x7c0093b3 x26:0x00006080
       36975000	      3696	80003e38	c7552e13	slti	x28,x10,-907	 x10:0x800002cc x28=0x00000001
       36985000	      3697	80003e3c	d9036e93	ori	x29,x6,-624	  x6:0x80000544 x29=0xfffffdd4
       36995000	      3698	80003e40	00fc5b13	srli	x22,x24,0xf	 x24:0x00000000 x22=0x00000000
       37005000	      3699	80003e44	059fc463	blt	x31,x25,80003e8c	 x31:0x00000800 x25:0x78a00000
       37015000	      3700	00000000	00000013	addi	x0,x0,0	  x0:0x00000000
       37025000	      3701	80003e88	00000013	addi	x0,x0,0	  x0:0x00000000
       37035000	      3702	80003e8c	00657c63	bgeu	x10,x6,80003ea4	 x10:0x800002cc  x6:0x80000544
       37045000	      3703	80003e90	04cac263	blt	x21,x12,80003ed4	 x21:0x7c009b3f x12:0x80009fc4
       37055000	      3704	80003e94	014db7b3	sltu	x15,x27,x20	 x27:0x0007fff6 x20:0x7ffffd4c x15=0x00000001
       37065000	      3705	80003e98	400b8533	sub	x10,x23,x0	 x23:0x80009f64  x0:0x00000000 x10=0x80009f64
       37075000	      3706	80003e9c	40ee8133	sub	x2,x29,x14	 x29:0xfffffdd4 x14:0x00000364  x2=0xfffffa70
       37085000	      3707	80003ea0	017047b3	xor	x15,x0,x23	  x0:0x00000000 x23:0x80009f64 x15=0x80009f64
       37095000	      3708	80003ea4	00983833	sltu	x16,x16,x9	 x16:0x7c0093b3  x9:0x000001ff x16=0x00000000
       37105000	      3709	80003ea8	000250b3	srl	x1,x4,x0	  x4:0xed38a528  x0:0x00000000  x1=0xed38a528
       37115000	      3710	80003eac	01008133	add	x2,x1,x16	  x1:0xed38a528 x16:0x00000000  x2=0xed38a528
       37125000	      3711	80003eb0	04117863	bgeu	x2,x1,80003f00	  x2:0xed38a528  x1:0xed38a528
       37135000	      3712	00000000	00000013	addi	x0,x0,0	  x0:0x00000000
       37145000	      3713	80003efc	00000013	addi	x0,x0,0	  x0:0x00000000
       37155000	      3714	80003f00	01352db3	slt	x27,x10,x19	 x10:0x80009f64 x19:0x800002f8 x27=0x00000000
       37165000	      3715	80003f04	5b938513	addi	x10,x7,1465	  x7:0xffffffdc x10=0x00000595
       37175000	      3716	80003f08	416c5293	srai	x5,x24,0x16	 x24:0x00000000  x5=0x00000000
       37185000	      3717	80003f0c	0a730263	beq	x6,x7,80003fb0	  x6:0x80000544  x7:0xffffffdc
       37195000	      3718	80003f10	0b861263	bne	x12,x24,80003fb4	 x12:0x80009fc4 x24:0x00000000
       37205000	      3719	00000000	00000013	addi	x0,x0,0	  x0:0x00000000
       37215000	      3720	80003fb0	00000013	addi	x0,x0,0	  x0:0x00000000
       37225000	      3721	80003fb4	002a1db3	sll	x27,x20,x2	 x20:0x7ffffd4c  x2:0xed38a528 x27=0xfffd4c00
       37235000	      3722	80003fb8	055d9263	bne	x27,x21,80003ffc	 x27:0xfffd4c00 x21:0x7c009b3f
       37245000	      3723	00000000	00000013	addi	x0,x0,0	  x0:0x00000000
       37255000	      3724	80003ff8	00000013	addi	x0,x0,0	  x0:0x00000000
       37265000	      3725	80003ffc	03e56a63	bltu	x10,x30,80004030	 x10:0x00000595 x30:0x0000073f
       37275000	      3726	00000000	00000013	addi	x0,x0,0	  x0:0x00000000
       37285000	      3727	8000402c	00000013	addi	x0,x0,0	  x0:0x00000000
       37295000	      3728	80004030	02e3f663	bgeu	x7,x14,8000405c	  x7:0xffffffdc x14:0x00000364
       37305000	      3729	00000000	00000013	addi	x0,x0,0	  x0:0x00000000
       37315000	      3730	80004058	00000013	addi	x0,x0,0	  x0:0x00000000
       37325000	      3731	8000405c	01bede33	srl	x28,x29,x27	 x29:0xfffffdd4 x27:0xfffd4c00 x28=0xfffffdd4
       37335000	      3732	80004060	d6b3a337	lui	x6,0xd6b3a	  x6=0xd6b3a000
       37345000	      3733	80004064	00d1e733	or	x14,x3,x13	  x3:0x00000001 x13:0x875ffcbe x14=0x875ffcbf
       37355000	      3734	80004068	00000013	addi	x0,x0,0	  x0:0x00000000
       37365000	      3735	8000406c	0bdd4e93	xori	x29,x26,189	 x26:0x00006080 x29=0x0000603d
       37375000	      3736	80004070	015cf3b3	and	x7,x25,x21	 x25:0x78a00000 x21:0x7c009b3f  x7=0x78000000
       37385000	      3737	80004074	adedcd13	xori	x26,x27,-1314	 x27:0xfffd4c00 x26=0x0002b6de
       37395000	      3738	80004078	2c870213	addi	x4,x14,712	 x14:0x875ffcbf  x4=0x875fff87
       37405000	      3739	8000407c	00000013	addi	x0,x0,0	  x0:0x00000000
       37415000	      3740	80004080	0172a833	slt	x16,x5,x23	  x5:0x00000000 x23:0x80009f64 x16=0x00000000
       37425000	      3741	80004084	a8fda293	slti	x5,x27,-1393	 x27:0xfffd4c00  x5=0x00000001
       37435000	      3742	80004088	a8550997	auipc	x19,0xa8550	 x19=0x28554084
       37445000	      3743	8000408c	00aff663	bgeu	x31,x10,80004098	 x31:0x00000800 x10:0x00000595
       37455000	      3744	00000000	00000013	addi	x0,x0,0	  x0:0x00000000
       37465000	      3745	80004094	00000013	addi	x0,x0,0	  x0:0x00000000
       37475000	      3746	80004098	40085113	srai	x2,x16,0x0	 x16:0x00000000  x2=0x00000000
       37485000	      3747	8000409c	00802a33	slt	x20,x0,x8	  x0:0x00000000  x8:0x00000364 x20=0x00000001
       37495000	      3748	800040a0	01afda13	srli	x20,x31,0x1a	 x31:0x00000800 x20=0x00000000
       37505000	      3749	800040a4	01605793	srli	x15,x0,0x16	  x0:0x00000000 x15=0x00000000
       37515000	      3750	800040a8	a397a8b7	lui	x17,0xa397a	 x17=0xa397a000
       37525000	      3751	800040ac	c5dfa813	slti	x16,x31,-931	 x31:0x00000800 x16=0x00000000
       37535000	      3752	800040b0	05a15263	bge	x2,x26,800040f4	  x2:0x00000000 x26:0x0002b6de
       37545000	      3753	800040b4	41378ab3	sub	x21,x15,x19	 x15:0x00000000 x19:0x28554084 x21=0xd7aabf7c
       37555000	      3754	800040b8	40f45093	srai	x1,x8,0xf	  x8:0x00000364  x1=0x00000000
       37565000	      3755	800040bc	f54bce93	xori	x29,x23,-172	 x23:0x80009f64 x29=0x7fff6030
       37575000	      3756	800040c0	00000013	addi	x0,x0,0	  x0:0x00000000
       37585000	      3757	800040c4	00f1ce33	xor	x28,x3,x15	  x3:0x00000001 x15:0x00000000 x28=0x00000001
       37595000	      3758	800040c8	00f6ed33	or	x26,x13,x15	 x13:0x875ffcbe x15:0x00000000 x26=0x875ffcbe
       37605000	      3759	800040cc	01b46533	or	x10,x8,x27	  x8:0x00000364 x27:0xfffd4c00 x10=0xfffd4f64
       37615000	      3760	800040d0	01d2a833	slt	x16,x5,x29	  x5:0x00000001 x29:0x7fff6030 x16=0x00000001
       37625000	      3761	800040d4	04e99463	bne	x19,x14,8000411c	 x19:0x28554084 x14:0x875ffcbf
       37635000	      3762	00000000	00000013	addi	x0,x0,0	  x0:0x00000000
       37645000	      3763	80004118	00000013	addi	x0,x0,0	  x0:0x00000000
       37655000	      3764	8000411c	0048ea33	or	x20,x17,x4	 x17:0xa397a000  x4:0x875fff87 x20=0xa7dfff87
       37665000	      3765	80004120	016f9113	slli	x2,x31,0x16	 x31:0x00000800  x2=0x00000000
       37675000	      3766	80004124	04504263	blt	x0,x5,80004168	  x0:0x00000000  x5:0x00000001
       37685000	      3767	00000000	00000013	addi	x0,x0,0	  x0:0x00000000
       37695000	      3768	80004164	00000013	addi	x0,x0,0	  x0:0x00000000
       37705000	      3769	80004168	8a3bc893	xori	x17,x23,-1885	 x23:0x80009f64 x17=0x7fff67c7
       37715000	      3770	8000416c	78e00713	addi	x14,x0,1934	  x0:0x00000000 x14=0x0000078e
       37725000	      3771	80004170	0407e263	bltu	x15,x0,800041b4	 x15:0x00000000  x0:0x00000000
       37735000	      3772	80004174	de638513	addi	x10,x7,-538	  x7:0x78000000 x10=0x77fffde6
       37745000	      3773	80004178	0214c663	blt	x9,x1,800041a4	  x9:0x000001ff  x1:0x00000000
       37755000	      3774	8000417c	41705db3	sra	x27,x0,x23	  x0:0x00000000 x23:0x80009f64 x27=0x00000000
       37765000	      3775	80004180	2c3743b7	lui	x7,0x2c374	  x7=0x2c374000
       37775000	      3776	80004184	01bbf0b3	and	x1,x23,x27	 x23:0x80009f64 x27:0x00000000  x1=0x00000000
       37785000	      3777	80004188	8b4adf37	lui	x30,0x8b4ad	 x30=0x8b4ad000
       37795000	      3778	8000418c	03b8e463	bltu	x17,x27,800041b4	 x17:0x7fff67c7 x27:0x00000000
       37805000	      3779	80004190	02208463	beq	x1,x2,800041b8	  x1:0x00000000  x2:0x00000000
       37815000	      3780	00000000	00000013	addi	x0,x0,0	  x0:0x00000000
       37825000	      3781	800041b4	00000013	addi	x0,x0,0	  x0:0x00000000
       37835000	      3782	800041b8	00d51993	slli	x19,x10,0xd	 x10:0x77fffde6 x19=0xffbcc000
       37845000	      3783	800041bc	00e414b3	sll	x9,x8,x14	  x8:0x00000364 x14:0x0000078e  x9=0x00d90000
       37855000	      3784	800041c0	009f5fb3	srl	x31,x30,x9	 x30:0x8b4ad000  x9:0x00d90000 x31=0x8b4ad000
       37865000	      3785	800041c4	017eb6b3	sltu	x13,x29,x23	 x29:0x7fff6030 x23:0x80009f64 x13=0x00000001
       37875000	      3786	800041c8	003be233	or	x4,x23,x3	 x23:0x80009f64  x3:0x00000001  x4=0x80009f65
       37885000	      3787	800041cc	01a8a733	slt	x14,x17,x26	 x17:0x7fff67c7 x26:0x875ffcbe x14=0x00000000
       37895000	      3788	800041d0	00e8c0b3	xor	x1,x17,x14	 x17:0x7fff67c7 x14:0x00000000  x1=0x7fff67c7
       37905000	      3789	800041d4	01939a63	bne	x7,x25,800041e8	  x7:0x2c374000 x25:0x78a00000
       37915000	      3790	00000000	00000013	addi	x0,x0,0	  x0:0x00000000
       37925000	      3791	800041e4	00000013	addi	x0,x0,0	  x0:0x00000000
       37935000	      3792	800041e8	009242b3	xor	x5,x4,x9	  x4:0x80009f65  x9:0x00d90000  x5=0x80d99f65
       37945000	      3793	800041ec	40c20833	sub	x16,x4,x12	  x4:0x80009f65 x12:0x80009fc4 x16=0xffffffa1
       37955000	      3794	800041f0	0142e9b3	or	x19,x5,x20	  x5:0x80d99f65 x20:0xa7dfff87 x19=0xa7dfffe7
       37965000	      3795	800041f4	40500a33	sub	x20,x0,x5	  x0:0x00000000  x5:0x80d99f65 x20=0x7f26609b
       37975000	      3796	800041f8	00000013	addi	x0,x0,0	  x0:0x00000000
       37985000	      3797	800041fc	4097d0b3	sra	x1,x15,x9	 x15:0x00000000  x9:0x00d90000  x1=0x00000000
       37995000	      3798	80004200	0166dd33	srl	x26,x13,x22	 x13:0x00000001 x22:0x00000000 x26=0x00000001
       38005000	      3799	80004204	44b70e13	addi	x28,x14,1099	 x14:0x00000000 x28=0x0000044b
       38015000	      3800	80004208	40975cb3	sra	x25,x14,x9	 x14:0x00000000  x9:0x00d90000 x25=0x00000000
       38025000	      3801	8000420c	417f08b3	sub	x17,x30,x23	 x30:0x8b4ad000 x23:0x80009f64 x17=0x0b4a309c
       38035000	      3802	80004210	40858eb3	sub	x29,x11,x8	 x11:0x40000000  x8:0x00000364 x29=0x3ffffc9c
       38045000	      3803	80004214	96c79217	auipc	x4,0x96c79	  x4=0x16c7d210
       38055000	      3804	80004218	00c68e63	beq	x13,x12,80004234	 x13:0x00000001 x12:0x80009fc4
       38065000	      3805	8000421c	416a8e33	sub	x28,x21,x22	 x21:0xd7aabf7c x22:0x00000000 x28=0xd7aabf7c
       38075000	      3806	80004220	031ad663	bge	x21,x17,8000424c	 x21:0xd7aabf7c x17:0x0b4a309c
       38085000	      3807	80004224	002d5d13	srli	x26,x26,0x2	 x26:0x00000001 x26=0x00000000
       38095000	      3808	80004228	000bc733	xor	x14,x23,x0	 x23:0x80009f64  x0:0x00000000 x14=0x80009f64
       38105000	      3809	8000422c	010631b3	sltu	x3,x12,x16	 x12:0x80009fc4 x16:0xffffffa1  x3=0x00000001
       38115000	      3810	80004230	be042993	slti	x19,x8,-1056	  x8:0x00000364 x19=0x00000000
       38125000	      3811	80004234	009b1db3	sll	x27,x22,x9	 x22:0x00000000  x9:0x00d90000 x27=0x00000000
       38135000	      3812	80004238	be25b113	sltiu	x2,x11,-1054	 x11:0x40000000  x2=0x00000001
       38145000	      3813	8000423c	6014f713	andi	x14,x9,1537	  x9:0x00d90000 x14=0x00000000
       38155000	      3814	80004240	01246433	or	x8,x8,x18	  x8:0x00000364 x18:0x80000304  x8=0x80000364
       38165000	      3815	80004244	000a1933	sll	x18,x20,x0	 x20:0x7f26609b  x0:0x00000000 x18=0x7f26609b
       38175000	      3816	80004248	40e06913	ori	x18,x0,1038	  x0:0x00000000 x18=0x0000040e
       38185000	      3817	8000424c	00ff5433	srl	x8,x30,x15	 x30:0x8b4ad000 x15:0x00000000  x8=0x8b4ad000
       38195000	      3818	80004250	6f980f93	addi	x31,x16,1785	 x16:0xffffffa1 x31=0x0000069a
       38205000	      3819	80004254	2a52a393	slti	x7,x5,677	  x5:0x80d99f65  x7=0x00000001
       38215000	      3820	80004258	087b1c63	bne	x22,x7,800042f0	 x22:0x00000000  x7:0x00000001
       38225000	      3821	00000000	00000013	addi	x0,x0,0	  x0:0x00000000
       38235000	      3822	800042ec	00000013	addi	x0,x0,0	  x0:0x00000000
       38245000	      3823	800042f0	c98a7413	andi	x8,x20,-872	 x20:0x7f26609b  x8=0x7f266098
       38255000	      3824	800042f4	00472033	slt	x0,x14,x4	 x14:0x00000000  x4:0x16c7d210
       38265000	      3825	800042f8	04ac7863	bgeu	x24,x10,80004348	 x24:0x00000000 x10:0x77fffde6
       38275000	      3826	800042fc	046af463	bgeu	x21,x6,80004344	 x21:0xd7aabf7c  x6:0xd6b3a000
       38285000	      3827	00000000	00000013	addi	x0,x0,0	  x0:0x00000000
       38295000	      3828	80004340	00000013	addi	x0,x0,0	  x0:0x00000000
       38305000	      3829	80004344	016d6733	or	x14,x26,x22	 x26:0x00000000 x22:0x00000000 x14=0x00000000
       38315000	      3830	80004348	01035663	bge	x6,x16,80004354	  x6:0xd6b3a000 x16:0xffffffa1
       38325000	      3831	8000434c	00445d33	srl	x26,x8,x4	  x8:0x7f266098  x4:0x16c7d210 x26=0x00007f26
       38335000	      3832	80004350	a207b393	sltiu	x7,x15,-1504	 x15:0x00000000  x7=0x00000001
       38345000	      3833	80004354	15560b13	addi	x22,x12,341	 x12:0x80009fc4 x22=0x8000a119
       38355000	      3834	80004358	009f3533	sltu	x10,x30,x9	 x30:0x8b4ad000  x9:0x00d90000 x10=0x00000000
       38365000	      3835	8000435c	3bcf4d13	xori	x26,x30,956	 x30:0x8b4ad000 x26=0x8b4ad3bc
       38375000	      3836	80004360	7225c513	xori	x10,x11,1826	 x11:0x40000000 x10=0x40000722
       38385000	      3837	80004364	e637f993	andi	x19,x15,-413	 x15:0x00000000 x19=0x00000000
       38395000	      3838	80004368	00cf5093	srli	x1,x30,0xc	 x30:0x8b4ad000  x1=0x0008b4ad
       38405000	      3839	8000436c	ad957493	andi	x9,x10,-1319	 x10:0x40000722  x9=0x40000200
       38415000	      3840	80004370	00d0c8b3	xor	x17,x1,x13	  x1:0x0008b4ad x13:0x00000001 x17=0x0008b4ac
       38425000	      3841	80004374	41a20cb3	sub	x25,x4,x26	  x4:0x16c7d210 x26:0x8b4ad3bc x25=0x8b7cfe54
       38435000	      3842	80004378	416e8fb3	sub	x31,x29,x22	 x29:0x3ffffc9c x22:0x8000a119 x31=0xbfff5b83
       38445000	      3843	8000437c	407f8fb3	sub	x31,x31,x7	 x31:0xbfff5b83  x7:0x00000001 x31=0xbfff5b82
       38455000	      3844	80004380	253a8d93	addi	x27,x21,595	 x21:0xd7aabf7c x27=0xd7aac1cf
       38465000	      3845	80004384	41075c93	srai	x25,x14,0x10	 x14:0x00000000 x25=0x00000000
       38475000	      3846	80004388	019a98b3	sll	x17,x21,x25	 x21:0xd7aabf7c x25:0x00000000 x17=0xd7aabf7c
       38485000	      3847	8000438c	18e4bd93	sltiu	x27,x9,398	  x9:0x40000200 x27=0x00000000
       38495000	      3848	80004390	000c9c63	bne	x25,x0,800043a8	 x25:0x00000000  x0:0x00000000
       38505000	      3849	80004394	51bce693	ori	x13,x25,1307	 x25:0x00000000 x13=0x0000051b
       38515000	      3850	80004398	b355c297	auipc	x5,0xb355c	  x5=0x33560394
       38525000	      3851	8000439c	00e23933	sltu	x18,x4,x14	  x4:0x16c7d210 x14:0x00000000 x18=0x00000000
       38535000	      3852	800043a0	0091ed33	or	x26,x3,x9	  x3:0x00000001  x9:0x40000200 x26=0x40000201
       38545000	      3853	800043a4	a7a22413	slti	x8,x4,-1414	  x4:0x16c7d210  x8=0x00000000
       38555000	      3854	800043a8	0188d333	srl	x6,x17,x24	 x17:0xd7aabf7c x24:0x00000000  x6=0xd7aabf7c
       38565000	      3855	800043ac	41195213	srai	x4,x18,0x11	 x18:0x00000000  x4=0x00000000
       38575000	      3856	800043b0	00461db3	sll	x27,x12,x4	 x12:0x80009fc4  x4:0x00000000 x27=0x80009fc4
       38585000	      3857	800043b4	00a93f33	sltu	x30,x18,x10	 x18:0x00000000 x10:0x40000722 x30=0x00000001
       38595000	      3858	800043b8	75ea2513	slti	x10,x20,1886	 x20:0x7f26609b x10=0x00000000
       38605000	      3859	800043bc	00fd20b3	slt	x1,x26,x15	 x26:0x40000201 x15:0x00000000  x1=0x00000000
       38615000	      3860	800043c0	2c0b66b7	lui	x13,0x2c0b6	 x13=0x2c0b6000
       38625000	      3861	800043c4	0b32ac97	auipc	x25,0xb32a	 x25=0x8b32e3c0
       38635000	      3862	800043c8	4303e393	ori	x7,x7,1072	  x7:0x00000001  x7=0x00000431
       38645000	      3863	800043cc	00dfbfb3	sltu	x31,x31,x13	 x31:0xbfff5b82 x13:0x2c0b6000 x31=0x00000000
       38655000	      3864	800043d0	05049263	bne	x9,x16,80004414	  x9:0x40000200 x16:0xffffffa1
       38665000	      3865	00000000	00000013	addi	x0,x0,0	  x0:0x00000000
       38675000	      3866	80004410	00000013	addi	x0,x0,0	  x0:0x00000000
       38685000	      3867	80004414	6375a693	slti	x13,x11,1591	 x11:0x40000000 x13=0x00000000
       38695000	      3868	80004418	1f30f893	andi	x17,x1,499	  x1:0x00000000 x17=0x00000000
       38705000	      3869	8000441c	05776463	bltu	x14,x23,80004464	 x14:0x00000000 x23:0x80009f64
       38715000	      3870	00000000	00000013	addi	x0,x0,0	  x0:0x00000000
       38725000	      3871	80004460	00000013	addi	x0,x0,0	  x0:0x00000000
       38735000	      3872	80004464	40725413	srai	x8,x4,0x7	  x4:0x00000000  x8=0x00000000
       38745000	      3873	80004468	0197a933	slt	x18,x15,x25	 x15:0x00000000 x25:0x8b32e3c0 x18=0x00000000
       38755000	      3874	8000446c	0211c863	blt	x3,x1,8000449c	  x3:0x00000001  x1:0x00000000
       38765000	      3875	80004470	cfdd7d17	auipc	x26,0xcfdd7	 x26=0x4fddb46c
       38775000	      3876	80004474	01671693	slli	x13,x14,0x16	 x14:0x00000000 x13=0x00000000
       38785000	      3877	80004478	6c319537	lui	x10,0x6c319	 x10=0x6c319000
       38795000	      3878	8000447c	011fda93	srli	x21,x31,0x11	 x31:0x00000000 x21=0x00000000
       38805000	      3879	80004480	02776863	bltu	x14,x7,800044b0	 x14:0x00000000  x7:0x00000431
       38815000	      3880	00000000	00000013	addi	x0,x0,0	  x0:0x00000000
       38825000	      3881	800044ac	00000013	addi	x0,x0,0	  x0:0x00000000
       38835000	      3882	800044b0	407980b3	sub	x1,x19,x7	 x19:0x00000000  x7:0x00000431  x1=0xfffffbcf
       38845000	      3883	800044b4	1f3e8393	addi	x7,x29,499	 x29:0x3ffffc9c  x7=0x3ffffe8f
       38855000	      3884	800044b8	0043d033	srl	x0,x7,x4	  x7:0x3ffffe8f  x4:0x00000000
       38865000	      3885	800044bc	41360db3	sub	x27,x12,x19	 x12:0x80009fc4 x19:0x00000000 x27=0x80009fc4
       38875000	      3886	800044c0	04fbc263	blt	x23,x15,80004504	 x23:0x80009f64 x15:0x00000000
       38885000	      3887	00000000	00000013	addi	x0,x0,0	  x0:0x00000000
       38895000	      3888	80004500	00000013	addi	x0,x0,0	  x0:0x00000000
       38905000	      3889	80004504	03bd7263	bgeu	x26,x27,80004528	 x26:0x4fddb46c x27:0x80009fc4
       38915000	      3890	80004508	055cd863	bge	x25,x21,80004558	 x25:0x8b32e3c0 x21:0x00000000
       38925000	      3891	8000450c	02ee1663	bne	x28,x14,80004538	 x28:0xd7aabf7c x14:0x00000000
       38935000	      3892	00000000	00000013	addi	x0,x0,0	  x0:0x00000000
       38945000	      3893	80004534	00000013	addi	x0,x0,0	  x0:0x00000000
       38955000	      3894	80004538	00ca8e63	beq	x21,x12,80004554	 x21:0x00000000 x12:0x80009fc4
       38965000	      3895	8000453c	d330cd93	xori	x27,x1,-717	  x1:0xfffffbcf x27=0x000006fc
       38975000	      3896	80004540	0130dab3	srl	x21,x1,x19	  x1:0xfffffbcf x19:0x00000000 x21=0xfffffbcf
       38985000	      3897	80004544	40b85333	sra	x6,x16,x11	 x16:0xffffffa1 x11:0x40000000  x6=0xffffffa1
       38995000	      3898	80004548	00e00863	beq	x0,x14,80004558	  x0:0x00000000 x14:0x00000000
       39005000	      3899	00000000	00000013	addi	x0,x0,0	  x0:0x00000000
       39015000	      3900	80004554	00000013	addi	x0,x0,0	  x0:0x00000000
       39025000	      3901	80004558	002daab3	slt	x21,x27,x2	 x27:0x000006fc  x2:0x00000001 x21=0x00000000
       39035000	      3902	8000455c	02c91a63	bne	x18,x12,80004590	 x18:0x00000000 x12:0x80009fc4
       39045000	      3903	00000000	00000013	addi	x0,x0,0	  x0:0x00000000
       39055000	      3904	8000458c	00000013	addi	x0,x0,0	  x0:0x00000000
       39065000	      3905	80004590	0171e1b3	or	x3,x3,x23	  x3:0x00000001 x23:0x80009f64  x3=0x80009f65
       39075000	      3906	80004594	b9950a13	addi	x20,x10,-1127	 x10:0x6c319000 x20=0x6c318b99
       39085000	      3907	80004598	40e20cb3	sub	x25,x4,x14	  x4:0x00000000 x14:0x00000000 x25=0x00000000
       39095000	      3908	8000459c	5fa17393	andi	x7,x2,1530	  x2:0x00000001  x7=0x00000000
       39105000	      3909	800045a0	9c706817	auipc	x16,0x9c706	 x16=0x1c70a59c
       39115000	      3910	800045a4	0108ad33	slt	x26,x17,x16	 x17:0x00000000 x16:0x1c70a59c x26=0x00000001
       39125000	      3911	800045a8	40d0d293	srai	x5,x1,0xd	  x1:0xfffffbcf  x5=0xffffffff
       39135000	      3912	800045ac	009d6733	or	x14,x26,x9	 x26:0x00000001  x9:0x40000200 x14=0x40000201
       39145000	      3913	800045b0	00c6b5b3	sltu	x11,x13,x12	 x13:0x00000000 x12:0x80009fc4 x11=0x00000001
       39155000	      3914	800045b4	0122ca63	blt	x5,x18,800045c8	  x5:0xffffffff x18:0x00000000
       39165000	      3915	00000000	00000013	addi	x0,x0,0	  x0:0x00000000
       39175000	      3916	800045c4	00000013	addi	x0,x0,0	  x0:0x00000000
       39185000	      3917	800045c8	2e83fa13	andi	x20,x7,744	  x7:0x00000000 x20=0x00000000
       39195000	      3918	800045cc	00b4f933	and	x18,x9,x11	  x9:0x40000200 x11:0x00000001 x18=0x00000000
       39205000	      3919	800045d0	00cfcf33	xor	x30,x31,x12	 x31:0x00000000 x12:0x80009fc4 x30=0x80009fc4
       39215000	      3920	800045d4	82144937	lui	x18,0x82144	 x18=0x82144000
       39225000	      3921	800045d8	342c6d13	ori	x26,x24,834	 x24:0x00000000 x26=0x00000342
       39235000	      3922	800045dc	38a53c93	sltiu	x25,x10,906	 x10:0x6c319000 x25=0x00000000
       39245000	      3923	800045e0	00a3c233	xor	x4,x7,x10	  x7:0x00000000 x10:0x6c319000  x4=0x6c319000
       39255000	      3924	800045e4	38b9ce93	xori	x29,x19,907	 x19:0x00000000 x29=0x0000038b
       39265000	      3925	800045e8	bce70713	addi	x14,x14,-1074	 x14:0x40000201 x14=0x3ffffdcf
       39275000	      3926	800045ec	0112a5b3	slt	x11,x5,x17	  x5:0xffffffff x17:0x00000000 x11=0x00000001
       39285000	      3927	800045f0	40e400b3	sub	x1,x8,x14	  x8:0x00000000 x14:0x3ffffdcf  x1=0xc0000231
       39295000	      3928	800045f4	79b92a93	slti	x21,x18,1947	 x18:0x82144000 x21=0x00000001
       39305000	      3929	800045f8	00a3feb3	and	x29,x7,x10	  x7:0x00000000 x10:0x6c319000 x29=0x00000000
       39315000	      3930	800045fc	f5b87a93	andi	x21,x16,-165	 x16:0x1c70a59c x21=0x1c70a518
       39325000	      3931	80004600	00f2c8b3	xor	x17,x5,x15	  x5:0xffffffff x15:0x00000000 x17=0xffffffff
       39335000	      3932	80004604	00b11a33	sll	x20,x2,x11	  x2:0x00000001 x11:0x00000001 x20=0x00000002
       39345000	      3933	80004608	010b1ab3	sll	x21,x22,x16	 x22:0x8000a119 x16:0x1c70a59c x21=0x90000000
       39355000	      3934	8000460c	d0ff8f93	addi	x31,x31,-753	 x31:0x00000000 x31=0xfffffd0f
       39365000	      3935	80004610	4068d8b3	sra	x17,x17,x6	 x17:0xffffffff  x6:0xffffffa1 x17=0xffffffff
       39375000	      3936	80004614	415059b3	sra	x19,x0,x21	  x0:0x00000000 x21:0x90000000 x19=0x00000000
       39385000	      3937	80004618	00ac9c63	bne	x25,x10,80004630	 x25:0x00000000 x10:0x6c319000
       39395000	      3938	00000000	00000013	addi	x0,x0,0	  x0:0x00000000
       39405000	      3939	8000462c	00000013	addi	x0,x0,0	  x0:0x00000000
       39415000	      3940	80004630	058d8463	beq	x27,x24,80004678	 x27:0x000006fc x24:0x00000000
       39425000	      3941	80004634	5441b437	lui	x8,0x5441b	  x8=0x5441b000
       39435000	      3942	80004638	03fc9463	bne	x25,x31,80004660	 x25:0x00000000 x31:0xfffffd0f
       39445000	      3943	00000000	00000013	addi	x0,x0,0	  x0:0x00000000
       39455000	      3944	8000465c	00000013	addi	x0,x0,0	  x0:0x00000000
       39465000	      3945	80004660	80542317	auipc	x6,0x80542	  x6=0x0054665c
       39475000	      3946	80004664	00b8df93	srli	x31,x17,0xb	 x17:0xffffffff x31=0x001fffff
       39485000	      3947	80004668	40195313	srai	x6,x18,0x1	 x18:0x82144000  x6=0xc10a2000
       39495000	      3948	8000466c	00ba5cb3	srl	x25,x20,x11	 x20:0x00000002 x11:0x00000001 x25=0x00000001
       39505000	      3949	80004670	41d55813	srai	x16,x10,0x1d	 x10:0x6c319000 x16=0x00000003
       39515000	      3950	80004674	017c06b3	add	x13,x24,x23	 x24:0x00000000 x23:0x80009f64 x13=0x80009f64
       39525000	      3951	80004678	04d15263	bge	x2,x13,800046bc	  x2:0x00000001 x13:0x80009f64
       39535000	      3952	00000000	00000013	addi	x0,x0,0	  x0:0x00000000
       39545000	      3953	800046b8	00000013	addi	x0,x0,0	  x0:0x00000000
       39555000	      3954	800046bc	3559ca13	xori	x20,x19,853	 x19:0x00000000 x20=0x00000355
       39565000	      3955	800046c0	4199dab3	sra	x21,x19,x25	 x19:0x00000000 x25:0x00000001 x21=0x00000000
       39575000	      3956	800046c4	01c19433	sll	x8,x3,x28	  x3:0x80009f65 x28:0xd7aabf7c  x8=0x50000000
       39585000	      3957	800046c8	40595693	srai	x13,x18,0x5	 x18:0x82144000 x13=0xfc10a200
       39595000	      3958	800046cc	02a7ee63	bltu	x15,x10,80004708	 x15:0x00000000 x10:0x6c319000
       39605000	      3959	00000000	00000013	addi	x0,x0,0	  x0:0x00000000
       39615000	      3960	80004704	00000013	addi	x0,x0,0	  x0:0x00000000
       39625000	      3961	80004708	00be4fb3	xor	x31,x28,x11	 x28:0xd7aabf7c x11:0x00000001 x31=0xd7aabf7d
       39635000	      3962	8000470c	40860eb3	sub	x29,x12,x8	 x12:0x80009fc4  x8:0x50000000 x29=0x30009fc4
       39645000	      3963	80004710	357bba97	auipc	x21,0x357bb	 x21=0xb57bf70c
       39655000	      3964	80004714	004ba303	lw	x6,4(x23)	 x23:0x80009f64  x6=0x80002858 PA:0x80009f68
       39665000	      3965	80004718	4007db33	sra	x22,x15,x0	 x15:0x00000000  x0:0x00000000 x22=0x00000000
       39675000	      3966	8000471c	00cb8b93	addi	x23,x23,12	 x23:0x80009f64 x23=0x80009f70
       39685000	      3967	80004720	a75f0813	addi	x16,x30,-1419	 x30:0x80009fc4 x16=0x80009a39
       39695000	      3968	80004724	019f5433	srl	x8,x30,x25	 x30:0x80009fc4 x25:0x00000001  x8=0x40004fe2
       39705000	      3969	80004728	00130593	addi	x11,x6,1	  x6:0x80002858 x11=0x80002859
       39715000	      3970	8000472c	000585e7	jalr	x11,x11,0	 x11:0x80002859 x11=0x8000472c
       39725000	      3971	00000000	00000013	addi	x0,x0,0	  x0:0x00000000
       39735000	      3972	80002858	00000013	addi	x0,x0,0	  x0:0x00000000
       39745000	      3973	8000285c	00960733	add	x14,x12,x9	 x12:0x80009fc4  x9:0x40000200 x14=0xc000a1c4
       39755000	      3974	80002860	e0a67693	andi	x13,x12,-502	 x12:0x80009fc4 x13=0x80009e00
       39765000	      3975	80002864	000d3d33	sltu	x26,x26,x0	 x26:0x00000342  x0:0x00000000 x26=0x00000000
       39775000	      3976	80002868	01e1e263	bltu	x3,x30,8000286c	  x3:0x80009f65 x30:0x80009fc4
       39785000	      3977	00000000	00000013	addi	x0,x0,0	  x0:0x00000000
       39795000	      3978	80002868	00000013	addi	x0,x0,0	  x0:0x00000000
       39805000	      3979	8000286c	4387f997	auipc	x19,0x4387f	 x19=0xc3881868
       39815000	      3980	80002870	007806b3	add	x13,x16,x7	 x16:0x80009a39  x7:0x00000000 x13=0x80009a39
       39825000	      3981	80002874	fe7e9337	lui	x6,0xfe7e9	  x6=0xfe7e9000
       39835000	      3982	80002878	00bcdeb3	srl	x29,x25,x11	 x25:0x00000001 x11:0x8000472c x29=0x00000000
       39845000	      3983	8000287c	c9982913	slti	x18,x16,-871	 x16:0x80009a39 x18=0x00000001
       39855000	      3984	80002880	7dcd0793	addi	x15,x26,2012	 x26:0x00000000 x15=0x000007dc
       39865000	      3985	80002884	00b71c63	bne	x14,x11,8000289c	 x14:0xc000a1c4 x11:0x8000472c
       39875000	      3986	00000000	00000013	addi	x0,x0,0	  x0:0x00000000
       39885000	      3987	80002898	00000013	addi	x0,x0,0	  x0:0x00000000
       39895000	      3988	8000289c	014764b3	or	x9,x14,x20	 x14:0xc000a1c4 x20:0x00000355  x9=0xc000a3d5
       39905000	      3989	800028a0	bc64c337	lui	x6,0xbc64c	  x6=0xbc64c000
       39915000	      3990	800028a4	0056b3b3	sltu	x7,x13,x5	 x13:0x80009a39  x5:0xffffffff  x7=0x00000001
       39925000	      3991	800028a8	00b3fe33	and	x28,x7,x11	  x7:0x00000001 x11:0x8000472c x28=0x00000000
       39935000	      3992	800028ac	01d1e133	or	x2,x3,x29	  x3:0x80009f65 x29:0x00000000  x2=0x80009f65
       39945000	      3993	800028b0	008f8533	add	x10,x31,x8	 x31:0xd7aabf7d  x8:0x40004fe2 x10=0x17ab0f5f
       39955000	      3994	800028b4	01ce9213	slli	x4,x29,0x1c	 x29:0x00000000  x4=0x00000000
       39965000	      3995	800028b8	0353f663	bgeu	x7,x21,800028e4	  x7:0x00000001 x21:0xb57bf70c
       39975000	      3996	800028bc	41875a13	srai	x20,x14,0x18	 x14:0xc000a1c4 x20=0xffffffc0
       39985000	      3997	800028c0	01ff5f93	srli	x31,x30,0x1f	 x30:0x80009fc4 x31=0x00000001
       39995000	      3998	800028c4	98d1ddb7	lui	x27,0x98d1d	 x27=0x98d1d000
       40005000	      3999	800028c8	019dc733	xor	x14,x27,x25	 x27:0x98d1d000 x25:0x00000001 x14=0x98d1d001
       40015000	      4000	800028cc	403e8233	sub	x4,x29,x3	 x29:0x00000000  x3:0x80009f65  x4=0x7fff609b
       40025000	      4001	800028d0	01148d33	add	x26,x9,x17	  x9:0xc000a3d5 x17:0xffffffff x26=0xc000a3d4
       40035000	      4002	800028d4	00f34233	xor	x4,x6,x15	  x6:0xbc64c000 x15:0x000007dc  x4=0xbc64c7dc
       40045000	      4003	800028d8	007dd663	bge	x27,x7,800028e4	 x27:0x98d1d000  x7:0x00000001
       40055000	      4004	800028dc	01ffccb3	xor	x25,x31,x31	 x31:0x00000001 x31:0x00000001 x25=0x00000000
       40065000	      4005	800028e0	b6dd8837	lui	x16,0xb6dd8	 x16=0xb6dd8000
       40075000	      4006	800028e4	4108dd33	sra	x26,x17,x16	 x17:0xffffffff x16:0xb6dd8000 x26=0xffffffff
       40085000	      4007	800028e8	004ba303	lw	x6,4(x23)	 x23:0x80009f70  x6=0x80000238 PA:0x80009f74
       40095000	      4008	800028ec	019c5493	srli	x9,x24,0x19	 x24:0x00000000  x9=0x00000000
       40105000	      4009	800028f0	014b8b93	addi	x23,x23,20	 x23:0x80009f70 x23=0x80009f84
       40115000	      4010	800028f4	0080d413	srli	x8,x1,0x8	  x1:0xc0000231  x8=0x00c00002
       40125000	      4011	800028f8	5e162993	slti	x19,x12,1505	 x12:0x80009fc4 x19=0x00000001
       40135000	      4012	800028fc	00130193	addi	x3,x6,1	  x6:0x80000238  x3=0x80000239
       40145000	      4013	80002900	000181e7	jalr	x3,x3,0	  x3:0x80000239  x3=0x80002900
       40155000	      4014	00000000	00000013	addi	x0,x0,0	  x0:0x00000000
       40165000	      4015	80000238	00000013	addi	x0,x0,0	  x0:0x00000000
       40175000	      4016	8000023c	00855113	srli	x2,x10,0x8	 x10:0x17ab0f5f  x2=0x0017ab0f
       40185000	      4017	80000240	00000c17	auipc	x24,0x0	 x24=0x8000023c
       40195000	      4018	80000244	00cc0c13	addi	x24,x24,12	 x24:0x8000023c x24=0x80000248
       40205000	      4019	80000248	000c0067	jalr	x0,x24,0	 x24:0x80000248
       40215000	      4020	00000000	00000013	addi	x0,x0,0	  x0:0x00000000
       40225000	      4021	80000248	00000013	addi	x0,x0,0	  x0:0x00000000
       40235000	      4022	8000024c	00100193	addi	x3,x0,1	  x0:0x00000000  x3=0x00000001
       40245000	      4023	80000250	00000073	ecall	
       40255000	      4024	80000254	001e1d33	sll	x26,x28,x1	 x28:0x00000000  x1:0xc0000231 x26=0x00000000
