		Time			Cycle	PC		Insn	Decoded instruction	Register and memory contents
          65000	         5	80000004	00000293	addi	x5,x0,0	  x0:0x00000000  x5=0x00000000
          75000	         6	80000008	00000313	addi	x6,x0,0	  x0:0x00000000  x6=0x00000000
          85000	         7	8000000c	00628263	beq	x5,x6,80000010	  x5:0x00000000  x6:0x00000000
          95000	         8	00000000	00000013	addi	x0,x0,0	  x0:0x00000000
         105000	         9	8000000c	00000013	addi	x0,x0,0	  x0:0x00000000
         115000	        10	80000010	00000097	auipc	x1,0x0	  x1=0x8000000c
         125000	        11	80000014	00c08093	addi	x1,x1,12	  x1:0x8000000c  x1=0x80000018
         135000	        12	80000018	00008067	jalr	x0,x1,0	  x1:0x80000018
         145000	        13	00000000	00000013	addi	x0,x0,0	  x0:0x00000000
         155000	        14	80000018	00000013	addi	x0,x0,0	  x0:0x00000000
         165000	        15	8000001c	40000937	lui	x18,0x40000	 x18=0x40000000
         175000	        16	80000020	10090913	addi	x18,x18,256	 x18:0x40000000 x18=0x40000100
         185000	        17	80000024	00000013	addi	x0,x0,0	  x0:0x00000000
         195000	        18	80000028	0000ac97	auipc	x25,0xa	 x25=0x8000a024
         205000	        19	8000002c	fa0c8c93	addi	x25,x25,-96	 x25:0x8000a024 x25=0x80009fc4
         215000	        20	80000030	00005917	auipc	x18,0x5	 x18=0x8000502c
         225000	        21	80000034	e8490913	addi	x18,x18,-380	 x18:0x8000502c x18=0x80004eb0
         235000	        22	80000038	00196913	ori	x18,x18,1	 x18:0x80004eb0 x18=0x80004eb1
         245000	        23	8000003c	00000013	addi	x0,x0,0	  x0:0x00000000
         255000	        24	80000040	00000917	auipc	x18,0x0	 x18=0x8000003c
         265000	        25	80000044	02090913	addi	x18,x18,32	 x18:0x8000003c x18=0x8000005c
         275000	        26	80000048	00000013	addi	x0,x0,0	  x0:0x00000000
         285000	        27	8000004c	00000013	addi	x0,x0,0	  x0:0x00000000
         295000	        28	80000050	00002937	lui	x18,0x2	 x18=0x00002000
         305000	        29	80000054	80090913	addi	x18,x18,-2048	 x18:0x00002000 x18=0x00001800
         315000	        30	80000058	00000013	addi	x0,x0,0	  x0:0x00000000
         325000	        31	8000005c	00000013	addi	x0,x0,0	  x0:0x00000000
         335000	        32	80000060	00000013	addi	x0,x0,0	  x0:0x00000000
         345000	        33	80000064	2d4500b7	lui	x1,0x2d450	  x1=0x2d450000
         355000	        34	80000068	25f08093	addi	x1,x1,607	  x1:0x2d450000  x1=0x2d45025f
         365000	        35	8000006c	00e00113	addi	x2,x0,14	  x0:0x00000000  x2=0x0000000e
         375000	        36	80000070	ff3991b7	lui	x3,0xff399	  x3=0xff399000
         385000	        37	80000074	98618193	addi	x3,x3,-1658	  x3:0xff399000  x3=0xff398986
         395000	        38	80000078	00000213	addi	x4,x0,0	  x0:0x00000000  x4=0x00000000
         405000	        39	8000007c	5962c2b7	lui	x5,0x5962c	  x5=0x5962c000
         415000	        40	80000080	6f828293	addi	x5,x5,1784	  x5:0x5962c000  x5=0x5962c6f8
         425000	        41	80000084	57226337	lui	x6,0x57226	  x6=0x57226000
         435000	        42	80000088	3d630313	addi	x6,x6,982	  x6:0x57226000  x6=0x572263d6
         445000	        43	8000008c	00000393	addi	x7,x0,0	  x0:0x00000000  x7=0x00000000
         455000	        44	80000090	00a00413	addi	x8,x0,10	  x0:0x00000000  x8=0x0000000a
         465000	        45	80000094	00000493	addi	x9,x0,0	  x0:0x00000000  x9=0x00000000
         475000	        46	80000098	00000593	addi	x11,x0,0	  x0:0x00000000 x11=0x00000000
         485000	        47	8000009c	00000613	addi	x12,x0,0	  x0:0x00000000 x12=0x00000000
         495000	        48	800000a0	800006b7	lui	x13,0x80000	 x13=0x80000000
         505000	        49	800000a4	95083737	lui	x14,0x95083	 x14=0x95083000
         515000	        50	800000a8	f0570713	addi	x14,x14,-251	 x14:0x95083000 x14=0x95082f05
         525000	        51	800000ac	800007b7	lui	x15,0x80000	 x15=0x80000000
         535000	        52	800000b0	00000813	addi	x16,x0,0	  x0:0x00000000 x16=0x00000000
         545000	        53	800000b4	e780e8b7	lui	x17,0xe780e	 x17=0xe780e000
         555000	        54	800000b8	7a688893	addi	x17,x17,1958	 x17:0xe780e000 x17=0xe780e7a6
         565000	        55	800000bc	fc6be937	lui	x18,0xfc6be	 x18=0xfc6be000
         575000	        56	800000c0	1ca90913	addi	x18,x18,458	 x18:0xfc6be000 x18=0xfc6be1ca
         585000	        57	800000c4	00000993	addi	x19,x0,0	  x0:0x00000000 x19=0x00000000
         595000	        58	800000c8	00300a13	addi	x20,x0,3	  x0:0x00000000 x20=0x00000003
         605000	        59	800000cc	80000ab7	lui	x21,0x80000	 x21=0x80000000
         615000	        60	800000d0	00000b13	addi	x22,x0,0	  x0:0x00000000 x22=0x00000000
         625000	        61	800000d4	2afa9bb7	lui	x23,0x2afa9	 x23=0x2afa9000
         635000	        62	800000d8	ce4b8b93	addi	x23,x23,-796	 x23:0x2afa9000 x23=0x2afa8ce4
         645000	        63	800000dc	bb507c37	lui	x24,0xbb507	 x24=0xbb507000
         655000	        64	800000e0	66ec0c13	addi	x24,x24,1646	 x24:0xbb507000 x24=0xbb50766e
         665000	        65	800000e4	f2e88d37	lui	x26,0xf2e88	 x26=0xf2e88000
         675000	        66	800000e8	dbad0d13	addi	x26,x26,-582	 x26:0xf2e88000 x26=0xf2e87dba
         685000	        67	800000ec	fa6d1db7	lui	x27,0xfa6d1	 x27=0xfa6d1000
         695000	        68	800000f0	74ad8d93	addi	x27,x27,1866	 x27:0xfa6d1000 x27=0xfa6d174a
         705000	        69	800000f4	f349be37	lui	x28,0xf349b	 x28=0xf349b000
         715000	        70	800000f8	285e0e13	addi	x28,x28,645	 x28:0xf349b000 x28=0xf349b285
         725000	        71	800000fc	80000eb7	lui	x29,0x80000	 x29=0x80000000
         735000	        72	80000100	fa89ff37	lui	x30,0xfa89f	 x30=0xfa89f000
         745000	        73	80000104	ab2f0f13	addi	x30,x30,-1358	 x30:0xfa89f000 x30=0xfa89eab2
         755000	        74	80000108	00000f93	addi	x31,x0,0	  x0:0x00000000 x31=0x00000000
         765000	        75	8000010c	0000a517	auipc	x10,0xa	 x10=0x8000a108
         775000	        76	80000110	e7c50513	addi	x10,x10,-388	 x10:0x8000a108 x10=0x80009f84
         785000	        77	80000114	0280036f	jal	x6,80000114	  x6=0x80000114
         795000	        78	00000000	00000013	addi	x0,x0,0	  x0:0x00000000
         805000	        79	80000138	00000013	addi	x0,x0,0	  x0:0x00000000
         815000	        80	8000013c	fedff36f	jal	x6,8000013c	  x6=0x8000013c
         825000	        81	00000000	00000013	addi	x0,x0,0	  x0:0x00000000
         835000	        82	80000124	00000013	addi	x0,x0,0	  x0:0x00000000
         845000	        83	80000128	0200036f	jal	x6,80000128	  x6=0x80000128
         855000	        84	00000000	00000013	addi	x0,x0,0	  x0:0x00000000
         865000	        85	80000144	00000013	addi	x0,x0,0	  x0:0x00000000
         875000	        86	80000148	010002ef	jal	x5,80000148	  x5=0x80000148
         885000	        87	00000000	00000013	addi	x0,x0,0	  x0:0x00000000
         895000	        88	80000154	00000013	addi	x0,x0,0	  x0:0x00000000
         905000	        89	80000158	fc5ff26f	jal	x4,80000158	  x4=0x80000158
         915000	        90	00000000	00000013	addi	x0,x0,0	  x0:0x00000000
         925000	        91	80000118	00000013	addi	x0,x0,0	  x0:0x00000000
         935000	        92	8000011c	0100016f	jal	x2,8000011c	  x2=0x8000011c
         945000	        93	00000000	00000013	addi	x0,x0,0	  x0:0x00000000
         955000	        94	80000128	00000013	addi	x0,x0,0	  x0:0x00000000
         965000	        95	8000012c	02400aef	jal	x21,8000012c	 x21=0x8000012c
         975000	        96	00000000	00000013	addi	x0,x0,0	  x0:0x00000000
         985000	        97	8000014c	00000013	addi	x0,x0,0	  x0:0x00000000
         995000	        98	80000150	fe1fffef	jal	x31,80000150	 x31=0x80000150
        1005000	        99	00000000	00000013	addi	x0,x0,0	  x0:0x00000000
        1015000	       100	8000012c	00000013	addi	x0,x0,0	  x0:0x00000000
        1025000	       101	80000130	04000def	jal	x27,80000130	 x27=0x80000130
        1035000	       102	00000000	00000013	addi	x0,x0,0	  x0:0x00000000
        1045000	       103	8000016c	00000013	addi	x0,x0,0	  x0:0x00000000
        1055000	       104	80000170	fb5ff1ef	jal	x3,80000170	  x3=0x80000170
        1065000	       105	00000000	00000013	addi	x0,x0,0	  x0:0x00000000
        1075000	       106	80000120	00000013	addi	x0,x0,0	  x0:0x00000000
        1085000	       107	80000124	040004ef	jal	x9,80000124	  x9=0x80000124
        1095000	       108	00000000	00000013	addi	x0,x0,0	  x0:0x00000000
        1105000	       109	80000160	00000013	addi	x0,x0,0	  x0:0x00000000
        1115000	       110	80000164	ff1ff36f	jal	x6,80000164	  x6=0x80000164
        1125000	       111	00000000	00000013	addi	x0,x0,0	  x0:0x00000000
        1135000	       112	80000150	00000013	addi	x0,x0,0	  x0:0x00000000
        1145000	       113	80000154	ff1ff36f	jal	x6,80000154	  x6=0x80000154
        1155000	       114	00000000	00000013	addi	x0,x0,0	  x0:0x00000000
        1165000	       115	80000140	00000013	addi	x0,x0,0	  x0:0x00000000
        1175000	       116	80000144	028007ef	jal	x15,80000144	 x15=0x80000144
        1185000	       117	00000000	00000013	addi	x0,x0,0	  x0:0x00000000
        1195000	       118	80000168	00000013	addi	x0,x0,0	  x0:0x00000000
        1205000	       119	8000016c	fadff9ef	jal	x19,8000016c	 x19=0x8000016c
        1215000	       120	00000000	00000013	addi	x0,x0,0	  x0:0x00000000
        1225000	       121	80000114	00000013	addi	x0,x0,0	  x0:0x00000000
        1235000	       122	80000118	028008ef	jal	x17,80000118	 x17=0x80000118
        1245000	       123	00000000	00000013	addi	x0,x0,0	  x0:0x00000000
        1255000	       124	8000013c	00000013	addi	x0,x0,0	  x0:0x00000000
        1265000	       125	80000140	ff9ff6ef	jal	x13,80000140	 x13=0x80000140
        1275000	       126	00000000	00000013	addi	x0,x0,0	  x0:0x00000000
        1285000	       127	80000134	00000013	addi	x0,x0,0	  x0:0x00000000
        1295000	       128	80000138	0280016f	jal	x2,80000138	  x2=0x80000138
        1305000	       129	00000000	00000013	addi	x0,x0,0	  x0:0x00000000
        1315000	       130	8000015c	00000013	addi	x0,x0,0	  x0:0x00000000
        1325000	       131	80000160	ffdffdef	jal	x27,80000160	 x27=0x80000160
        1335000	       132	00000000	00000013	addi	x0,x0,0	  x0:0x00000000
        1345000	       133	80000158	00000013	addi	x0,x0,0	  x0:0x00000000
        1355000	       134	8000015c	fd9ff36f	jal	x6,8000015c	  x6=0x8000015c
        1365000	       135	00000000	00000013	addi	x0,x0,0	  x0:0x00000000
        1375000	       136	80000130	00000013	addi	x0,x0,0	  x0:0x00000000
        1385000	       137	80000134	01800a6f	jal	x20,80000134	 x20=0x80000134
        1395000	       138	00000000	00000013	addi	x0,x0,0	  x0:0x00000000
        1405000	       139	80000148	00000013	addi	x0,x0,0	  x0:0x00000000
        1415000	       140	8000014c	01c009ef	jal	x19,8000014c	 x19=0x8000014c
        1425000	       141	00000000	00000013	addi	x0,x0,0	  x0:0x00000000
        1435000	       142	80000164	00000013	addi	x0,x0,0	  x0:0x00000000
        1445000	       143	80000168	fb9ff36f	jal	x6,80000168	  x6=0x80000168
        1455000	       144	00000000	00000013	addi	x0,x0,0	  x0:0x00000000
        1465000	       145	8000011c	00000013	addi	x0,x0,0	  x0:0x00000000
        1475000	       146	80000120	0540036f	jal	x6,80000120	  x6=0x80000120
        1485000	       147	00000000	00000013	addi	x0,x0,0	  x0:0x00000000
        1495000	       148	80000170	00000013	addi	x0,x0,0	  x0:0x00000000
        1505000	       149	80000174	00000013	addi	x0,x0,0	  x0:0x00000000
        1515000	       150	80000178	0580036f	jal	x6,80000178	  x6=0x80000178
        1525000	       151	00000000	00000013	addi	x0,x0,0	  x0:0x00000000
        1535000	       152	800001cc	00000013	addi	x0,x0,0	  x0:0x00000000
        1545000	       153	800001d0	fe9ff36f	jal	x6,800001d0	  x6=0x800001d0
        1555000	       154	00000000	00000013	addi	x0,x0,0	  x0:0x00000000
        1565000	       155	800001b4	00000013	addi	x0,x0,0	  x0:0x00000000
        1575000	       156	800001b8	02c0036f	jal	x6,800001b8	  x6=0x800001b8
        1585000	       157	00000000	00000013	addi	x0,x0,0	  x0:0x00000000
        1595000	       158	800001e0	00000013	addi	x0,x0,0	  x0:0x00000000
        1605000	       159	800001e4	fadff8ef	jal	x17,800001e4	 x17=0x800001e4
        1615000	       160	00000000	00000013	addi	x0,x0,0	  x0:0x00000000
        1625000	       161	8000018c	00000013	addi	x0,x0,0	  x0:0x00000000
        1635000	       162	80000190	0180036f	jal	x6,80000190	  x6=0x80000190
        1645000	       163	00000000	00000013	addi	x0,x0,0	  x0:0x00000000
        1655000	       164	800001a4	00000013	addi	x0,x0,0	  x0:0x00000000
        1665000	       165	800001a8	0080026f	jal	x4,800001a8	  x4=0x800001a8
        1675000	       166	00000000	00000013	addi	x0,x0,0	  x0:0x00000000
        1685000	       167	800001ac	00000013	addi	x0,x0,0	  x0:0x00000000
        1695000	       168	800001b0	fe9ffb6f	jal	x22,800001b0	 x22=0x800001b0
        1705000	       169	00000000	00000013	addi	x0,x0,0	  x0:0x00000000
        1715000	       170	80000194	00000013	addi	x0,x0,0	  x0:0x00000000
        1725000	       171	80000198	01c001ef	jal	x3,80000198	  x3=0x80000198
        1735000	       172	00000000	00000013	addi	x0,x0,0	  x0:0x00000000
        1745000	       173	800001b0	00000013	addi	x0,x0,0	  x0:0x00000000
        1755000	       174	800001b4	02000bef	jal	x23,800001b4	 x23=0x800001b4
        1765000	       175	00000000	00000013	addi	x0,x0,0	  x0:0x00000000
        1775000	       176	800001d0	00000013	addi	x0,x0,0	  x0:0x00000000
        1785000	       177	800001d4	fa9ffe6f	jal	x28,800001d4	 x28=0x800001d4
        1795000	       178	00000000	00000013	addi	x0,x0,0	  x0:0x00000000
        1805000	       179	80000178	00000013	addi	x0,x0,0	  x0:0x00000000
        1815000	       180	8000017c	004008ef	jal	x17,8000017c	 x17=0x8000017c
        1825000	       181	00000000	00000013	addi	x0,x0,0	  x0:0x00000000
        1835000	       182	8000017c	00000013	addi	x0,x0,0	  x0:0x00000000
        1845000	       183	80000180	060005ef	jal	x11,80000180	 x11=0x80000180
        1855000	       184	00000000	00000013	addi	x0,x0,0	  x0:0x00000000
        1865000	       185	800001dc	00000013	addi	x0,x0,0	  x0:0x00000000
        1875000	       186	800001e0	fe9ff66f	jal	x12,800001e0	 x12=0x800001e0
        1885000	       187	00000000	00000013	addi	x0,x0,0	  x0:0x00000000
        1895000	       188	800001c4	00000013	addi	x0,x0,0	  x0:0x00000000
        1905000	       189	800001c8	fe5ff36f	jal	x6,800001c8	  x6=0x800001c8
        1915000	       190	00000000	00000013	addi	x0,x0,0	  x0:0x00000000
        1925000	       191	800001a8	00000013	addi	x0,x0,0	  x0:0x00000000
        1935000	       192	800001ac	02c0016f	jal	x2,800001ac	  x2=0x800001ac
        1945000	       193	00000000	00000013	addi	x0,x0,0	  x0:0x00000000
        1955000	       194	800001d4	00000013	addi	x0,x0,0	  x0:0x00000000
        1965000	       195	800001d8	fe9ff36f	jal	x6,800001d8	  x6=0x800001d8
        1975000	       196	00000000	00000013	addi	x0,x0,0	  x0:0x00000000
        1985000	       197	800001bc	00000013	addi	x0,x0,0	  x0:0x00000000
        1995000	       198	800001c0	02800bef	jal	x23,800001c0	 x23=0x800001c0
        2005000	       199	00000000	00000013	addi	x0,x0,0	  x0:0x00000000
        2015000	       200	800001e4	00000013	addi	x0,x0,0	  x0:0x00000000
        2025000	       201	800001e8	ff5ffd6f	jal	x26,800001e8	 x26=0x800001e8
        2035000	       202	00000000	00000013	addi	x0,x0,0	  x0:0x00000000
        2045000	       203	800001d8	00000013	addi	x0,x0,0	  x0:0x00000000
        2055000	       204	800001dc	ff1ff36f	jal	x6,800001dc	  x6=0x800001dc
        2065000	       205	00000000	00000013	addi	x0,x0,0	  x0:0x00000000
        2075000	       206	800001c8	00000013	addi	x0,x0,0	  x0:0x00000000
        2085000	       207	800001cc	fd9ff36f	jal	x6,800001cc	  x6=0x800001cc
        2095000	       208	00000000	00000013	addi	x0,x0,0	  x0:0x00000000
        2105000	       209	800001a0	00000013	addi	x0,x0,0	  x0:0x00000000
        2115000	       210	800001a4	ff1ff4ef	jal	x9,800001a4	  x9=0x800001a4
        2125000	       211	00000000	00000013	addi	x0,x0,0	  x0:0x00000000
        2135000	       212	80000190	00000013	addi	x0,x0,0	  x0:0x00000000
        2145000	       213	80000194	ff1ffaef	jal	x21,80000194	 x21=0x80000194
        2155000	       214	00000000	00000013	addi	x0,x0,0	  x0:0x00000000
        2165000	       215	80000180	00000013	addi	x0,x0,0	  x0:0x00000000
        2175000	       216	80000184	0680086f	jal	x16,80000184	 x16=0x80000184
        2185000	       217	00000000	00000013	addi	x0,x0,0	  x0:0x00000000
        2195000	       218	800001e8	00000013	addi	x0,x0,0	  x0:0x00000000
        2205000	       219	800001ec	fd9ff1ef	jal	x3,800001ec	  x3=0x800001ec
        2215000	       220	00000000	00000013	addi	x0,x0,0	  x0:0x00000000
        2225000	       221	800001c0	00000013	addi	x0,x0,0	  x0:0x00000000
        2235000	       222	800001c4	fc9ffa6f	jal	x20,800001c4	 x20=0x800001c4
        2245000	       223	00000000	00000013	addi	x0,x0,0	  x0:0x00000000
        2255000	       224	80000188	00000013	addi	x0,x0,0	  x0:0x00000000
        2265000	       225	8000018c	0100046f	jal	x8,8000018c	  x8=0x8000018c
        2275000	       226	00000000	00000013	addi	x0,x0,0	  x0:0x00000000
        2285000	       227	80000198	00000013	addi	x0,x0,0	  x0:0x00000000
        2295000	       228	8000019c	0200026f	jal	x4,8000019c	  x4=0x8000019c
        2305000	       229	00000000	00000013	addi	x0,x0,0	  x0:0x00000000
        2315000	       230	800001b8	00000013	addi	x0,x0,0	  x0:0x00000000
        2325000	       231	800001bc	fcdff36f	jal	x6,800001bc	  x6=0x800001bc
        2335000	       232	00000000	00000013	addi	x0,x0,0	  x0:0x00000000
        2345000	       233	80000184	00000013	addi	x0,x0,0	  x0:0x00000000
        2355000	       234	80000188	01800bef	jal	x23,80000188	 x23=0x80000188
        2365000	       235	00000000	00000013	addi	x0,x0,0	  x0:0x00000000
        2375000	       236	8000019c	00000013	addi	x0,x0,0	  x0:0x00000000
        2385000	       237	800001a0	0500036f	jal	x6,800001a0	  x6=0x800001a0
        2395000	       238	00000000	00000013	addi	x0,x0,0	  x0:0x00000000
        2405000	       239	800001ec	00000013	addi	x0,x0,0	  x0:0x00000000
        2415000	       240	800001f0	00000013	addi	x0,x0,0	  x0:0x00000000
        2425000	       241	800001f4	0280036f	jal	x6,800001f4	  x6=0x800001f4
        2435000	       242	00000000	00000013	addi	x0,x0,0	  x0:0x00000000
        2445000	       243	80000218	00000013	addi	x0,x0,0	  x0:0x00000000
        2455000	       244	8000021c	ffdffd6f	jal	x26,8000021c	 x26=0x8000021c
        2465000	       245	00000000	00000013	addi	x0,x0,0	  x0:0x00000000
        2475000	       246	80000214	00000013	addi	x0,x0,0	  x0:0x00000000
        2485000	       247	80000218	ffdff36f	jal	x6,80000218	  x6=0x80000218
        2495000	       248	00000000	00000013	addi	x0,x0,0	  x0:0x00000000
        2505000	       249	80000210	00000013	addi	x0,x0,0	  x0:0x00000000
        2515000	       250	80000214	014004ef	jal	x9,80000214	  x9=0x80000214
        2525000	       251	00000000	00000013	addi	x0,x0,0	  x0:0x00000000
        2535000	       252	80000224	00000013	addi	x0,x0,0	  x0:0x00000000
        2545000	       253	80000228	fddff36f	jal	x6,80000228	  x6=0x80000228
        2555000	       254	00000000	00000013	addi	x0,x0,0	  x0:0x00000000
        2565000	       255	80000200	00000013	addi	x0,x0,0	  x0:0x00000000
        2575000	       256	80000204	03c0036f	jal	x6,80000204	  x6=0x80000204
        2585000	       257	00000000	00000013	addi	x0,x0,0	  x0:0x00000000
        2595000	       258	8000023c	00000013	addi	x0,x0,0	  x0:0x00000000
        2605000	       259	80000240	fc9ff36f	jal	x6,80000240	  x6=0x80000240
        2615000	       260	00000000	00000013	addi	x0,x0,0	  x0:0x00000000
        2625000	       261	80000204	00000013	addi	x0,x0,0	  x0:0x00000000
        2635000	       262	80000208	008002ef	jal	x5,80000208	  x5=0x80000208
        2645000	       263	00000000	00000013	addi	x0,x0,0	  x0:0x00000000
        2655000	       264	8000020c	00000013	addi	x0,x0,0	  x0:0x00000000
        2665000	       265	80000210	fe9ff76f	jal	x14,80000210	 x14=0x80000210
        2675000	       266	00000000	00000013	addi	x0,x0,0	  x0:0x00000000
        2685000	       267	800001f4	00000013	addi	x0,x0,0	  x0:0x00000000
        2695000	       268	800001f8	04400eef	jal	x29,800001f8	 x29=0x800001f8
        2705000	       269	00000000	00000013	addi	x0,x0,0	  x0:0x00000000
        2715000	       270	80000238	00000013	addi	x0,x0,0	  x0:0x00000000
        2725000	       271	8000023c	ffdff26f	jal	x4,8000023c	  x4=0x8000023c
        2735000	       272	00000000	00000013	addi	x0,x0,0	  x0:0x00000000
        2745000	       273	80000234	00000013	addi	x0,x0,0	  x0:0x00000000
        2755000	       274	80000238	fc5fffef	jal	x31,80000238	 x31=0x80000238
        2765000	       275	00000000	00000013	addi	x0,x0,0	  x0:0x00000000
        2775000	       276	800001f8	00000013	addi	x0,x0,0	  x0:0x00000000
        2785000	       277	800001fc	048002ef	jal	x5,800001fc	  x5=0x800001fc
        2795000	       278	00000000	00000013	addi	x0,x0,0	  x0:0x00000000
        2805000	       279	80000240	00000013	addi	x0,x0,0	  x0:0x00000000
        2815000	       280	80000244	ff1ff76f	jal	x14,80000244	 x14=0x80000244
        2825000	       281	00000000	00000013	addi	x0,x0,0	  x0:0x00000000
        2835000	       282	80000230	00000013	addi	x0,x0,0	  x0:0x00000000
        2845000	       283	80000234	ffdfffef	jal	x31,80000234	 x31=0x80000234
        2855000	       284	00000000	00000013	addi	x0,x0,0	  x0:0x00000000
        2865000	       285	8000022c	00000013	addi	x0,x0,0	  x0:0x00000000
        2875000	       286	80000230	ff5ff26f	jal	x4,80000230	  x4=0x80000230
        2885000	       287	00000000	00000013	addi	x0,x0,0	  x0:0x00000000
        2895000	       288	80000220	00000013	addi	x0,x0,0	  x0:0x00000000
        2905000	       289	80000224	ffdff26f	jal	x4,80000224	  x4=0x80000224
        2915000	       290	00000000	00000013	addi	x0,x0,0	  x0:0x00000000
        2925000	       291	8000021c	00000013	addi	x0,x0,0	  x0:0x00000000
        2935000	       292	80000220	00c0016f	jal	x2,80000220	  x2=0x80000220
        2945000	       293	00000000	00000013	addi	x0,x0,0	  x0:0x00000000
        2955000	       294	80000228	00000013	addi	x0,x0,0	  x0:0x00000000
        2965000	       295	8000022c	fd5ff36f	jal	x6,8000022c	  x6=0x8000022c
        2975000	       296	00000000	00000013	addi	x0,x0,0	  x0:0x00000000
        2985000	       297	800001fc	00000013	addi	x0,x0,0	  x0:0x00000000
        2995000	       298	80000200	00c0036f	jal	x6,80000200	  x6=0x80000200
        3005000	       299	00000000	00000013	addi	x0,x0,0	  x0:0x00000000
        3015000	       300	80000208	00000013	addi	x0,x0,0	  x0:0x00000000
        3025000	       301	8000020c	03c0046f	jal	x8,8000020c	  x8=0x8000020c
        3035000	       302	00000000	00000013	addi	x0,x0,0	  x0:0x00000000
        3045000	       303	80000244	00000013	addi	x0,x0,0	  x0:0x00000000
        3055000	       304	80000248	00000013	addi	x0,x0,0	  x0:0x00000000
        3065000	       305	8000024c	0100036f	jal	x6,8000024c	  x6=0x8000024c
        3075000	       306	00000000	00000013	addi	x0,x0,0	  x0:0x00000000
        3085000	       307	80000258	00000013	addi	x0,x0,0	  x0:0x00000000
        3095000	       308	8000025c	004006ef	jal	x13,8000025c	 x13=0x8000025c
        3105000	       309	00000000	00000013	addi	x0,x0,0	  x0:0x00000000
        3115000	       310	8000025c	00000013	addi	x0,x0,0	  x0:0x00000000
        3125000	       311	80000260	018009ef	jal	x19,80000260	 x19=0x80000260
        3135000	       312	00000000	00000013	addi	x0,x0,0	  x0:0x00000000
        3145000	       313	80000274	00000013	addi	x0,x0,0	  x0:0x00000000
        3155000	       314	80000278	ff5ff36f	jal	x6,80000278	  x6=0x80000278
        3165000	       315	00000000	00000013	addi	x0,x0,0	  x0:0x00000000
        3175000	       316	80000268	00000013	addi	x0,x0,0	  x0:0x00000000
        3185000	       317	8000026c	ff9ff7ef	jal	x15,8000026c	 x15=0x8000026c
        3195000	       318	00000000	00000013	addi	x0,x0,0	  x0:0x00000000
        3205000	       319	80000260	00000013	addi	x0,x0,0	  x0:0x00000000
        3215000	       320	80000264	0100036f	jal	x6,80000264	  x6=0x80000264
        3225000	       321	00000000	00000013	addi	x0,x0,0	  x0:0x00000000
        3235000	       322	80000270	00000013	addi	x0,x0,0	  x0:0x00000000
        3245000	       323	80000274	fddff36f	jal	x6,80000274	  x6=0x80000274
        3255000	       324	00000000	00000013	addi	x0,x0,0	  x0:0x00000000
        3265000	       325	8000024c	00000013	addi	x0,x0,0	  x0:0x00000000
        3275000	       326	80000250	004001ef	jal	x3,80000250	  x3=0x80000250
        3285000	       327	00000000	00000013	addi	x0,x0,0	  x0:0x00000000
        3295000	       328	80000250	00000013	addi	x0,x0,0	  x0:0x00000000
        3305000	       329	80000254	0140036f	jal	x6,80000254	  x6=0x80000254
        3315000	       330	00000000	00000013	addi	x0,x0,0	  x0:0x00000000
        3325000	       331	80000264	00000013	addi	x0,x0,0	  x0:0x00000000
        3335000	       332	80000268	ff1ff36f	jal	x6,80000268	  x6=0x80000268
        3345000	       333	00000000	00000013	addi	x0,x0,0	  x0:0x00000000
        3355000	       334	80000254	00000013	addi	x0,x0,0	  x0:0x00000000
        3365000	       335	80000258	0180036f	jal	x6,80000258	  x6=0x80000258
        3375000	       336	00000000	00000013	addi	x0,x0,0	  x0:0x00000000
        3385000	       337	8000026c	00000013	addi	x0,x0,0	  x0:0x00000000
        3395000	       338	80000270	00c0036f	jal	x6,80000270	  x6=0x80000270
        3405000	       339	00000000	00000013	addi	x0,x0,0	  x0:0x00000000
        3415000	       340	80000278	00000013	addi	x0,x0,0	  x0:0x00000000
        3425000	       341	8000027c	01e25f33	srl	x30,x4,x30	  x4:0x80000224 x30:0xfa89eab2 x30=0x00002000
        3435000	       342	80000280	0100036f	jal	x6,80000280	  x6=0x80000280
        3445000	       343	00000000	00000013	addi	x0,x0,0	  x0:0x00000000
        3455000	       344	8000028c	00000013	addi	x0,x0,0	  x0:0x00000000
        3465000	       345	80000290	0100036f	jal	x6,80000290	  x6=0x80000290
        3475000	       346	00000000	00000013	addi	x0,x0,0	  x0:0x00000000
        3485000	       347	8000029c	00000013	addi	x0,x0,0	  x0:0x00000000
        3495000	       348	800002a0	0080036f	jal	x6,800002a0	  x6=0x800002a0
        3505000	       349	00000000	00000013	addi	x0,x0,0	  x0:0x00000000
        3515000	       350	800002a4	00000013	addi	x0,x0,0	  x0:0x00000000
        3525000	       351	800002a8	ff1ff26f	jal	x4,800002a8	  x4=0x800002a8
        3535000	       352	00000000	00000013	addi	x0,x0,0	  x0:0x00000000
        3545000	       353	80000294	00000013	addi	x0,x0,0	  x0:0x00000000
        3555000	       354	80000298	fedff36f	jal	x6,80000298	  x6=0x80000298
        3565000	       355	00000000	00000013	addi	x0,x0,0	  x0:0x00000000
        3575000	       356	80000280	00000013	addi	x0,x0,0	  x0:0x00000000
        3585000	       357	80000284	0080036f	jal	x6,80000284	  x6=0x80000284
        3595000	       358	00000000	00000013	addi	x0,x0,0	  x0:0x00000000
        3605000	       359	80000288	00000013	addi	x0,x0,0	  x0:0x00000000
        3615000	       360	8000028c	0240026f	jal	x4,8000028c	  x4=0x8000028c
        3625000	       361	00000000	00000013	addi	x0,x0,0	  x0:0x00000000
        3635000	       362	800002ac	00000013	addi	x0,x0,0	  x0:0x00000000
        3645000	       363	800002b0	fedff1ef	jal	x3,800002b0	  x3=0x800002b0
        3655000	       364	00000000	00000013	addi	x0,x0,0	  x0:0x00000000
        3665000	       365	80000298	00000013	addi	x0,x0,0	  x0:0x00000000
        3675000	       366	8000029c	0080036f	jal	x6,8000029c	  x6=0x8000029c
        3685000	       367	00000000	00000013	addi	x0,x0,0	  x0:0x00000000
        3695000	       368	800002a0	00000013	addi	x0,x0,0	  x0:0x00000000
        3705000	       369	800002a4	fe5ffbef	jal	x23,800002a4	 x23=0x800002a4
        3715000	       370	00000000	00000013	addi	x0,x0,0	  x0:0x00000000
        3725000	       371	80000284	00000013	addi	x0,x0,0	  x0:0x00000000
        3735000	       372	80000288	0240026f	jal	x4,80000288	  x4=0x80000288
        3745000	       373	00000000	00000013	addi	x0,x0,0	  x0:0x00000000
        3755000	       374	800002a8	00000013	addi	x0,x0,0	  x0:0x00000000
        3765000	       375	800002ac	fe9ff26f	jal	x4,800002ac	  x4=0x800002ac
        3775000	       376	00000000	00000013	addi	x0,x0,0	  x0:0x00000000
        3785000	       377	80000290	00000013	addi	x0,x0,0	  x0:0x00000000
        3795000	       378	80000294	02000fef	jal	x31,80000294	 x31=0x80000294
        3805000	       379	00000000	00000013	addi	x0,x0,0	  x0:0x00000000
        3815000	       380	800002b0	00000013	addi	x0,x0,0	  x0:0x00000000
        3825000	       381	800002b4	013d2ab3	slt	x21,x26,x19	 x26:0x8000021c x19:0x80000260 x21=0x00000001
        3835000	       382	800002b8	00c0036f	jal	x6,800002b8	  x6=0x800002b8
        3845000	       383	00000000	00000013	addi	x0,x0,0	  x0:0x00000000
        3855000	       384	800002c0	00000013	addi	x0,x0,0	  x0:0x00000000
        3865000	       385	800002c4	0180036f	jal	x6,800002c4	  x6=0x800002c4
        3875000	       386	00000000	00000013	addi	x0,x0,0	  x0:0x00000000
        3885000	       387	800002d8	00000013	addi	x0,x0,0	  x0:0x00000000
        3895000	       388	800002dc	ff5ff7ef	jal	x15,800002dc	 x15=0x800002dc
        3905000	       389	00000000	00000013	addi	x0,x0,0	  x0:0x00000000
        3915000	       390	800002cc	00000013	addi	x0,x0,0	  x0:0x00000000
        3925000	       391	800002d0	ff9fff6f	jal	x30,800002d0	 x30=0x800002d0
        3935000	       392	00000000	00000013	addi	x0,x0,0	  x0:0x00000000
        3945000	       393	800002c4	00000013	addi	x0,x0,0	  x0:0x00000000
        3955000	       394	800002c8	018008ef	jal	x17,800002c8	 x17=0x800002c8
        3965000	       395	00000000	00000013	addi	x0,x0,0	  x0:0x00000000
        3975000	       396	800002dc	00000013	addi	x0,x0,0	  x0:0x00000000
        3985000	       397	800002e0	fedfffef	jal	x31,800002e0	 x31=0x800002e0
        3995000	       398	00000000	00000013	addi	x0,x0,0	  x0:0x00000000
        4005000	       399	800002c8	00000013	addi	x0,x0,0	  x0:0x00000000
        4015000	       400	800002cc	ff5ffe6f	jal	x28,800002cc	 x28=0x800002cc
        4025000	       401	00000000	00000013	addi	x0,x0,0	  x0:0x00000000
        4035000	       402	800002bc	00000013	addi	x0,x0,0	  x0:0x00000000
        4045000	       403	800002c0	ffdff26f	jal	x4,800002c0	  x4=0x800002c0
        4055000	       404	00000000	00000013	addi	x0,x0,0	  x0:0x00000000
        4065000	       405	800002b8	00000013	addi	x0,x0,0	  x0:0x00000000
        4075000	       406	800002bc	0180036f	jal	x6,800002bc	  x6=0x800002bc
        4085000	       407	00000000	00000013	addi	x0,x0,0	  x0:0x00000000
        4095000	       408	800002d0	00000013	addi	x0,x0,0	  x0:0x00000000
        4105000	       409	800002d4	004007ef	jal	x15,800002d4	 x15=0x800002d4
        4115000	       410	00000000	00000013	addi	x0,x0,0	  x0:0x00000000
        4125000	       411	800002d4	00000013	addi	x0,x0,0	  x0:0x00000000
        4135000	       412	800002d8	00c0036f	jal	x6,800002d8	  x6=0x800002d8
        4145000	       413	00000000	00000013	addi	x0,x0,0	  x0:0x00000000
        4155000	       414	800002e0	00000013	addi	x0,x0,0	  x0:0x00000000
        4165000	       415	800002e4	ed8a0e13	addi	x28,x20,-296	 x20:0x800001c4 x28=0x8000009c
        4175000	       416	800002e8	0140036f	jal	x6,800002e8	  x6=0x800002e8
        4185000	       417	00000000	00000013	addi	x0,x0,0	  x0:0x00000000
        4195000	       418	800002f8	00000013	addi	x0,x0,0	  x0:0x00000000
        4205000	       419	800002fc	ff9ffe6f	jal	x28,800002fc	 x28=0x800002fc
        4215000	       420	00000000	00000013	addi	x0,x0,0	  x0:0x00000000
        4225000	       421	800002f0	00000013	addi	x0,x0,0	  x0:0x00000000
        4235000	       422	800002f4	0440016f	jal	x2,800002f4	  x2=0x800002f4
        4245000	       423	00000000	00000013	addi	x0,x0,0	  x0:0x00000000
        4255000	       424	80000334	00000013	addi	x0,x0,0	  x0:0x00000000
        4265000	       425	80000338	ff9ff76f	jal	x14,80000338	 x14=0x80000338
        4275000	       426	00000000	00000013	addi	x0,x0,0	  x0:0x00000000
        4285000	       427	8000032c	00000013	addi	x0,x0,0	  x0:0x00000000
        4295000	       428	80000330	ff1ff36f	jal	x6,80000330	  x6=0x80000330
        4305000	       429	00000000	00000013	addi	x0,x0,0	  x0:0x00000000
        4315000	       430	8000031c	00000013	addi	x0,x0,0	  x0:0x00000000
        4325000	       431	80000320	01c0036f	jal	x6,80000320	  x6=0x80000320
        4335000	       432	00000000	00000013	addi	x0,x0,0	  x0:0x00000000
        4345000	       433	80000338	00000013	addi	x0,x0,0	  x0:0x00000000
        4355000	       434	8000033c	fbdff26f	jal	x4,8000033c	  x4=0x8000033c
        4365000	       435	00000000	00000013	addi	x0,x0,0	  x0:0x00000000
        4375000	       436	800002f4	00000013	addi	x0,x0,0	  x0:0x00000000
        4385000	       437	800002f8	04c00bef	jal	x23,800002f8	 x23=0x800002f8
        4395000	       438	00000000	00000013	addi	x0,x0,0	  x0:0x00000000
        4405000	       439	80000340	00000013	addi	x0,x0,0	  x0:0x00000000
        4415000	       440	80000344	01800bef	jal	x23,80000344	 x23=0x80000344
        4425000	       441	00000000	00000013	addi	x0,x0,0	  x0:0x00000000
        4435000	       442	80000358	00000013	addi	x0,x0,0	  x0:0x00000000
        4445000	       443	8000035c	fd9ff7ef	jal	x15,8000035c	 x15=0x8000035c
        4455000	       444	00000000	00000013	addi	x0,x0,0	  x0:0x00000000
        4465000	       445	80000330	00000013	addi	x0,x0,0	  x0:0x00000000
        4475000	       446	80000334	fd9ff36f	jal	x6,80000334	  x6=0x80000334
        4485000	       447	00000000	00000013	addi	x0,x0,0	  x0:0x00000000
        4495000	       448	80000308	00000013	addi	x0,x0,0	  x0:0x00000000
        4505000	       449	8000030c	00c009ef	jal	x19,8000030c	 x19=0x8000030c
        4515000	       450	00000000	00000013	addi	x0,x0,0	  x0:0x00000000
        4525000	       451	80000314	00000013	addi	x0,x0,0	  x0:0x00000000
        4535000	       452	80000318	0040036f	jal	x6,80000318	  x6=0x80000318
        4545000	       453	00000000	00000013	addi	x0,x0,0	  x0:0x00000000
        4555000	       454	80000318	00000013	addi	x0,x0,0	  x0:0x00000000
        4565000	       455	8000031c	02400def	jal	x27,8000031c	 x27=0x8000031c
        4575000	       456	00000000	00000013	addi	x0,x0,0	  x0:0x00000000
        4585000	       457	8000033c	00000013	addi	x0,x0,0	  x0:0x00000000
        4595000	       458	80000340	fb1ff36f	jal	x6,80000340	  x6=0x80000340
        4605000	       459	00000000	00000013	addi	x0,x0,0	  x0:0x00000000
        4615000	       460	800002ec	00000013	addi	x0,x0,0	  x0:0x00000000
        4625000	       461	800002f0	0340026f	jal	x4,800002f0	  x4=0x800002f0
        4635000	       462	00000000	00000013	addi	x0,x0,0	  x0:0x00000000
        4645000	       463	80000320	00000013	addi	x0,x0,0	  x0:0x00000000
        4655000	       464	80000324	0280046f	jal	x8,80000324	  x8=0x80000324
        4665000	       465	00000000	00000013	addi	x0,x0,0	  x0:0x00000000
        4675000	       466	80000348	00000013	addi	x0,x0,0	  x0:0x00000000
        4685000	       467	8000034c	fc5ff36f	jal	x6,8000034c	  x6=0x8000034c
        4695000	       468	00000000	00000013	addi	x0,x0,0	  x0:0x00000000
        4705000	       469	8000030c	00000013	addi	x0,x0,0	  x0:0x00000000
        4715000	       470	80000310	ff9ff36f	jal	x6,80000310	  x6=0x80000310
        4725000	       471	00000000	00000013	addi	x0,x0,0	  x0:0x00000000
        4735000	       472	80000304	00000013	addi	x0,x0,0	  x0:0x00000000
        4745000	       473	80000308	0580016f	jal	x2,80000308	  x2=0x80000308
        4755000	       474	00000000	00000013	addi	x0,x0,0	  x0:0x00000000
        4765000	       475	8000035c	00000013	addi	x0,x0,0	  x0:0x00000000
        4775000	       476	80000360	ff9ffa6f	jal	x20,80000360	 x20=0x80000360
        4785000	       477	00000000	00000013	addi	x0,x0,0	  x0:0x00000000
        4795000	       478	80000354	00000013	addi	x0,x0,0	  x0:0x00000000
        4805000	       479	80000358	fa9ff36f	jal	x6,80000358	  x6=0x80000358
        4815000	       480	00000000	00000013	addi	x0,x0,0	  x0:0x00000000
        4825000	       481	800002fc	00000013	addi	x0,x0,0	  x0:0x00000000
        4835000	       482	80000300	028001ef	jal	x3,80000300	  x3=0x80000300
        4845000	       483	00000000	00000013	addi	x0,x0,0	  x0:0x00000000
        4855000	       484	80000324	00000013	addi	x0,x0,0	  x0:0x00000000
        4865000	       485	80000328	0040016f	jal	x2,80000328	  x2=0x80000328
        4875000	       486	00000000	00000013	addi	x0,x0,0	  x0:0x00000000
        4885000	       487	80000328	00000013	addi	x0,x0,0	  x0:0x00000000
        4895000	       488	8000032c	fc1ff36f	jal	x6,8000032c	  x6=0x8000032c
        4905000	       489	00000000	00000013	addi	x0,x0,0	  x0:0x00000000
        4915000	       490	800002e8	00000013	addi	x0,x0,0	  x0:0x00000000
        4925000	       491	800002ec	0640036f	jal	x6,800002ec	  x6=0x800002ec
        4935000	       492	00000000	00000013	addi	x0,x0,0	  x0:0x00000000
        4945000	       493	8000034c	00000013	addi	x0,x0,0	  x0:0x00000000
        4955000	       494	80000350	fc5ff1ef	jal	x3,80000350	  x3=0x80000350
        4965000	       495	00000000	00000013	addi	x0,x0,0	  x0:0x00000000
        4975000	       496	80000310	00000013	addi	x0,x0,0	  x0:0x00000000
        4985000	       497	80000314	ff1ff36f	jal	x6,80000314	  x6=0x80000314
        4995000	       498	00000000	00000013	addi	x0,x0,0	  x0:0x00000000
        5005000	       499	80000300	00000013	addi	x0,x0,0	  x0:0x00000000
        5015000	       500	80000304	050002ef	jal	x5,80000304	  x5=0x80000304
        5025000	       501	00000000	00000013	addi	x0,x0,0	  x0:0x00000000
        5035000	       502	80000350	00000013	addi	x0,x0,0	  x0:0x00000000
        5045000	       503	80000354	ff5ff36f	jal	x6,80000354	  x6=0x80000354
        5055000	       504	00000000	00000013	addi	x0,x0,0	  x0:0x00000000
        5065000	       505	80000344	00000013	addi	x0,x0,0	  x0:0x00000000
        5075000	       506	80000348	01c0036f	jal	x6,80000348	  x6=0x80000348
        5085000	       507	00000000	00000013	addi	x0,x0,0	  x0:0x00000000
        5095000	       508	80000360	00000013	addi	x0,x0,0	  x0:0x00000000
        5105000	       509	80000364	00a4cab3	xor	x21,x9,x10	  x9:0x80000214 x10:0x80009f84 x21=0x00009d90
        5115000	       510	80000368	0640036f	jal	x6,80000368	  x6=0x80000368
        5125000	       511	00000000	00000013	addi	x0,x0,0	  x0:0x00000000
        5135000	       512	800003c8	00000013	addi	x0,x0,0	  x0:0x00000000
        5145000	       513	800003cc	fe9ff36f	jal	x6,800003cc	  x6=0x800003cc
        5155000	       514	00000000	00000013	addi	x0,x0,0	  x0:0x00000000
        5165000	       515	800003b0	00000013	addi	x0,x0,0	  x0:0x00000000
        5175000	       516	800003b4	fedff36f	jal	x6,800003b4	  x6=0x800003b4
        5185000	       517	00000000	00000013	addi	x0,x0,0	  x0:0x00000000
        5195000	       518	8000039c	00000013	addi	x0,x0,0	  x0:0x00000000
        5205000	       519	800003a0	0180036f	jal	x6,800003a0	  x6=0x800003a0
        5215000	       520	00000000	00000013	addi	x0,x0,0	  x0:0x00000000
        5225000	       521	800003b4	00000013	addi	x0,x0,0	  x0:0x00000000
        5235000	       522	800003b8	fc5ff6ef	jal	x13,800003b8	 x13=0x800003b8
        5245000	       523	00000000	00000013	addi	x0,x0,0	  x0:0x00000000
        5255000	       524	80000378	00000013	addi	x0,x0,0	  x0:0x00000000
        5265000	       525	8000037c	0080036f	jal	x6,8000037c	  x6=0x8000037c
        5275000	       526	00000000	00000013	addi	x0,x0,0	  x0:0x00000000
        5285000	       527	80000380	00000013	addi	x0,x0,0	  x0:0x00000000
        5295000	       528	80000384	0080036f	jal	x6,80000384	  x6=0x80000384
        5305000	       529	00000000	00000013	addi	x0,x0,0	  x0:0x00000000
        5315000	       530	80000388	00000013	addi	x0,x0,0	  x0:0x00000000
        5325000	       531	8000038c	fe1ff46f	jal	x8,8000038c	  x8=0x8000038c
        5335000	       532	00000000	00000013	addi	x0,x0,0	  x0:0x00000000
        5345000	       533	80000368	00000013	addi	x0,x0,0	  x0:0x00000000
        5355000	       534	8000036c	0380036f	jal	x6,8000036c	  x6=0x8000036c
        5365000	       535	00000000	00000013	addi	x0,x0,0	  x0:0x00000000
        5375000	       536	800003a0	00000013	addi	x0,x0,0	  x0:0x00000000
        5385000	       537	800003a4	0200036f	jal	x6,800003a4	  x6=0x800003a4
        5395000	       538	00000000	00000013	addi	x0,x0,0	  x0:0x00000000
        5405000	       539	800003c0	00000013	addi	x0,x0,0	  x0:0x00000000
        5415000	       540	800003c4	fd9ff26f	jal	x4,800003c4	  x4=0x800003c4
        5425000	       541	00000000	00000013	addi	x0,x0,0	  x0:0x00000000
        5435000	       542	80000398	00000013	addi	x0,x0,0	  x0:0x00000000
        5445000	       543	8000039c	ff9ff36f	jal	x6,8000039c	  x6=0x8000039c
        5455000	       544	00000000	00000013	addi	x0,x0,0	  x0:0x00000000
        5465000	       545	80000390	00000013	addi	x0,x0,0	  x0:0x00000000
        5475000	       546	80000394	0140036f	jal	x6,80000394	  x6=0x80000394
        5485000	       547	00000000	00000013	addi	x0,x0,0	  x0:0x00000000
        5495000	       548	800003a4	00000013	addi	x0,x0,0	  x0:0x00000000
        5505000	       549	800003a8	fd1ffd6f	jal	x26,800003a8	 x26=0x800003a8
        5515000	       550	00000000	00000013	addi	x0,x0,0	  x0:0x00000000
        5525000	       551	80000374	00000013	addi	x0,x0,0	  x0:0x00000000
        5535000	       552	80000378	0380036f	jal	x6,80000378	  x6=0x80000378
        5545000	       553	00000000	00000013	addi	x0,x0,0	  x0:0x00000000
        5555000	       554	800003ac	00000013	addi	x0,x0,0	  x0:0x00000000
        5565000	       555	800003b0	fd9ff2ef	jal	x5,800003b0	  x5=0x800003b0
        5575000	       556	00000000	00000013	addi	x0,x0,0	  x0:0x00000000
        5585000	       557	80000384	00000013	addi	x0,x0,0	  x0:0x00000000
        5595000	       558	80000388	0340036f	jal	x6,80000388	  x6=0x80000388
        5605000	       559	00000000	00000013	addi	x0,x0,0	  x0:0x00000000
        5615000	       560	800003b8	00000013	addi	x0,x0,0	  x0:0x00000000
        5625000	       561	800003bc	fc5ffd6f	jal	x26,800003bc	 x26=0x800003bc
        5635000	       562	00000000	00000013	addi	x0,x0,0	  x0:0x00000000
        5645000	       563	8000037c	00000013	addi	x0,x0,0	  x0:0x00000000
        5655000	       564	80000380	0100026f	jal	x4,80000380	  x4=0x80000380
        5665000	       565	00000000	00000013	addi	x0,x0,0	  x0:0x00000000
        5675000	       566	8000038c	00000013	addi	x0,x0,0	  x0:0x00000000
        5685000	       567	80000390	01c0066f	jal	x12,80000390	 x12=0x80000390
        5695000	       568	00000000	00000013	addi	x0,x0,0	  x0:0x00000000
        5705000	       569	800003a8	00000013	addi	x0,x0,0	  x0:0x00000000
        5715000	       570	800003ac	fedff36f	jal	x6,800003ac	  x6=0x800003ac
        5725000	       571	00000000	00000013	addi	x0,x0,0	  x0:0x00000000
        5735000	       572	80000394	00000013	addi	x0,x0,0	  x0:0x00000000
        5745000	       573	80000398	0280036f	jal	x6,80000398	  x6=0x80000398
        5755000	       574	00000000	00000013	addi	x0,x0,0	  x0:0x00000000
        5765000	       575	800003bc	00000013	addi	x0,x0,0	  x0:0x00000000
        5775000	       576	800003c0	fb5ff76f	jal	x14,800003c0	 x14=0x800003c0
        5785000	       577	00000000	00000013	addi	x0,x0,0	  x0:0x00000000
        5795000	       578	80000370	00000013	addi	x0,x0,0	  x0:0x00000000
        5805000	       579	80000374	ffdff36f	jal	x6,80000374	  x6=0x80000374
        5815000	       580	00000000	00000013	addi	x0,x0,0	  x0:0x00000000
        5825000	       581	8000036c	00000013	addi	x0,x0,0	  x0:0x00000000
        5835000	       582	80000370	0600086f	jal	x16,80000370	 x16=0x80000370
        5845000	       583	00000000	00000013	addi	x0,x0,0	  x0:0x00000000
        5855000	       584	800003cc	00000013	addi	x0,x0,0	  x0:0x00000000
        5865000	       585	800003d0	ff9ff2ef	jal	x5,800003d0	  x5=0x800003d0
        5875000	       586	00000000	00000013	addi	x0,x0,0	  x0:0x00000000
        5885000	       587	800003c4	00000013	addi	x0,x0,0	  x0:0x00000000
        5895000	       588	800003c8	00c0036f	jal	x6,800003c8	  x6=0x800003c8
        5905000	       589	00000000	00000013	addi	x0,x0,0	  x0:0x00000000
        5915000	       590	800003d0	00000013	addi	x0,x0,0	  x0:0x00000000
        5925000	       591	800003d4	faf4ac13	slti	x24,x9,-81	  x9:0x80000214 x24=0x00000001
        5935000	       592	800003d8	0100036f	jal	x6,800003d8	  x6=0x800003d8
        5945000	       593	00000000	00000013	addi	x0,x0,0	  x0:0x00000000
        5955000	       594	800003e4	00000013	addi	x0,x0,0	  x0:0x00000000
        5965000	       595	800003e8	ffdff1ef	jal	x3,800003e8	  x3=0x800003e8
        5975000	       596	00000000	00000013	addi	x0,x0,0	  x0:0x00000000
        5985000	       597	800003e0	00000013	addi	x0,x0,0	  x0:0x00000000
        5995000	       598	800003e4	0180036f	jal	x6,800003e4	  x6=0x800003e4
        6005000	       599	00000000	00000013	addi	x0,x0,0	  x0:0x00000000
        6015000	       600	800003f8	00000013	addi	x0,x0,0	  x0:0x00000000
        6025000	       601	800003fc	fe5ff96f	jal	x18,800003fc	 x18=0x800003fc
        6035000	       602	00000000	00000013	addi	x0,x0,0	  x0:0x00000000
        6045000	       603	800003dc	00000013	addi	x0,x0,0	  x0:0x00000000
        6055000	       604	800003e0	00c00b6f	jal	x22,800003e0	 x22=0x800003e0
        6065000	       605	00000000	00000013	addi	x0,x0,0	  x0:0x00000000
        6075000	       606	800003e8	00000013	addi	x0,x0,0	  x0:0x00000000
        6085000	       607	800003ec	0080016f	jal	x2,800003ec	  x2=0x800003ec
        6095000	       608	00000000	00000013	addi	x0,x0,0	  x0:0x00000000
        6105000	       609	800003f0	00000013	addi	x0,x0,0	  x0:0x00000000
        6115000	       610	800003f4	00c00aef	jal	x21,800003f4	 x21=0x800003f4
        6125000	       611	00000000	00000013	addi	x0,x0,0	  x0:0x00000000
        6135000	       612	800003fc	00000013	addi	x0,x0,0	  x0:0x00000000
        6145000	       613	80000400	fddffc6f	jal	x24,80000400	 x24=0x80000400
        6155000	       614	00000000	00000013	addi	x0,x0,0	  x0:0x00000000
        6165000	       615	800003d8	00000013	addi	x0,x0,0	  x0:0x00000000
        6175000	       616	800003dc	01c0036f	jal	x6,800003dc	  x6=0x800003dc
        6185000	       617	00000000	00000013	addi	x0,x0,0	  x0:0x00000000
        6195000	       618	800003f4	00000013	addi	x0,x0,0	  x0:0x00000000
        6205000	       619	800003f8	ff9ffb6f	jal	x22,800003f8	 x22=0x800003f8
        6215000	       620	00000000	00000013	addi	x0,x0,0	  x0:0x00000000
        6225000	       621	800003ec	00000013	addi	x0,x0,0	  x0:0x00000000
        6235000	       622	800003f0	014007ef	jal	x15,800003f0	 x15=0x800003f0
        6245000	       623	00000000	00000013	addi	x0,x0,0	  x0:0x00000000
        6255000	       624	80000400	00000013	addi	x0,x0,0	  x0:0x00000000
        6265000	       625	80000404	00a36eb3	or	x29,x6,x10	  x6:0x800003dc x10:0x80009f84 x29=0x80009fdc
        6275000	       626	80000408	0100036f	jal	x6,80000408	  x6=0x80000408
        6285000	       627	00000000	00000013	addi	x0,x0,0	  x0:0x00000000
        6295000	       628	80000414	00000013	addi	x0,x0,0	  x0:0x00000000
        6305000	       629	80000418	02800b6f	jal	x22,80000418	 x22=0x80000418
        6315000	       630	00000000	00000013	addi	x0,x0,0	  x0:0x00000000
        6325000	       631	8000043c	00000013	addi	x0,x0,0	  x0:0x00000000
        6335000	       632	80000440	fd5fffef	jal	x31,80000440	 x31=0x80000440
        6345000	       633	00000000	00000013	addi	x0,x0,0	  x0:0x00000000
        6355000	       634	80000410	00000013	addi	x0,x0,0	  x0:0x00000000
        6365000	       635	80000414	01800e6f	jal	x28,80000414	 x28=0x80000414
        6375000	       636	00000000	00000013	addi	x0,x0,0	  x0:0x00000000
        6385000	       637	80000428	00000013	addi	x0,x0,0	  x0:0x00000000
        6395000	       638	8000042c	fe5fffef	jal	x31,8000042c	 x31=0x8000042c
        6405000	       639	00000000	00000013	addi	x0,x0,0	  x0:0x00000000
        6415000	       640	8000040c	00000013	addi	x0,x0,0	  x0:0x00000000
        6425000	       641	80000410	0280036f	jal	x6,80000410	  x6=0x80000410
        6435000	       642	00000000	00000013	addi	x0,x0,0	  x0:0x00000000
        6445000	       643	80000434	00000013	addi	x0,x0,0	  x0:0x00000000
        6455000	       644	80000438	fe5ff26f	jal	x4,80000438	  x4=0x80000438
        6465000	       645	00000000	00000013	addi	x0,x0,0	  x0:0x00000000
        6475000	       646	80000418	00000013	addi	x0,x0,0	  x0:0x00000000
        6485000	       647	8000041c	0200076f	jal	x14,8000041c	 x14=0x8000041c
        6495000	       648	00000000	00000013	addi	x0,x0,0	  x0:0x00000000
        6505000	       649	80000438	00000013	addi	x0,x0,0	  x0:0x00000000
        6515000	       650	8000043c	fd1ff36f	jal	x6,8000043c	  x6=0x8000043c
        6525000	       651	00000000	00000013	addi	x0,x0,0	  x0:0x00000000
        6535000	       652	80000408	00000013	addi	x0,x0,0	  x0:0x00000000
        6545000	       653	8000040c	018003ef	jal	x7,8000040c	  x7=0x8000040c
        6555000	       654	00000000	00000013	addi	x0,x0,0	  x0:0x00000000
        6565000	       655	80000420	00000013	addi	x0,x0,0	  x0:0x00000000
        6575000	       656	80000424	ffdff36f	jal	x6,80000424	  x6=0x80000424
        6585000	       657	00000000	00000013	addi	x0,x0,0	  x0:0x00000000
        6595000	       658	8000041c	00000013	addi	x0,x0,0	  x0:0x00000000
        6605000	       659	80000420	0140036f	jal	x6,80000420	  x6=0x80000420
        6615000	       660	00000000	00000013	addi	x0,x0,0	  x0:0x00000000
        6625000	       661	80000430	00000013	addi	x0,x0,0	  x0:0x00000000
        6635000	       662	80000434	ffdff36f	jal	x6,80000434	  x6=0x80000434
        6645000	       663	00000000	00000013	addi	x0,x0,0	  x0:0x00000000
        6655000	       664	8000042c	00000013	addi	x0,x0,0	  x0:0x00000000
        6665000	       665	80000430	ff9ff66f	jal	x12,80000430	 x12=0x80000430
        6675000	       666	00000000	00000013	addi	x0,x0,0	  x0:0x00000000
        6685000	       667	80000424	00000013	addi	x0,x0,0	  x0:0x00000000
        6695000	       668	80000428	01c0036f	jal	x6,80000428	  x6=0x80000428
        6705000	       669	00000000	00000013	addi	x0,x0,0	  x0:0x00000000
        6715000	       670	80000440	00000013	addi	x0,x0,0	  x0:0x00000000
        6725000	       671	80000444	00ce9e13	slli	x28,x29,0xc	 x29:0x80009fdc x28=0x09fdc000
        6735000	       672	80000448	ef554017	auipc	x0,0xef554	
        6745000	       673	8000044c	0951ce63	blt	x3,x21,800004e8	  x3:0x800003e8 x21:0x800003f4
        6755000	       674	00000000	00000013	addi	x0,x0,0	  x0:0x00000000
        6765000	       675	800004e4	00000013	addi	x0,x0,0	  x0:0x00000000
        6775000	       676	800004e8	fb1ff5ef	jal	x11,800004e8	 x11=0x800004e8
        6785000	       677	00000000	00000013	addi	x0,x0,0	  x0:0x00000000
        6795000	       678	80000494	00000013	addi	x0,x0,0	  x0:0x00000000
        6805000	       679	80000498	0180036f	jal	x6,80000498	  x6=0x80000498
        6815000	       680	00000000	00000013	addi	x0,x0,0	  x0:0x00000000
        6825000	       681	800004ac	00000013	addi	x0,x0,0	  x0:0x00000000
        6835000	       682	800004b0	044007ef	jal	x15,800004b0	 x15=0x800004b0
        6845000	       683	00000000	00000013	addi	x0,x0,0	  x0:0x00000000
        6855000	       684	800004f0	00000013	addi	x0,x0,0	  x0:0x00000000
        6865000	       685	800004f4	fd5ffdef	jal	x27,800004f4	 x27=0x800004f4
        6875000	       686	00000000	00000013	addi	x0,x0,0	  x0:0x00000000
        6885000	       687	800004c4	00000013	addi	x0,x0,0	  x0:0x00000000
        6895000	       688	800004c8	fedfffef	jal	x31,800004c8	 x31=0x800004c8
        6905000	       689	00000000	00000013	addi	x0,x0,0	  x0:0x00000000
        6915000	       690	800004b0	00000013	addi	x0,x0,0	  x0:0x00000000
        6925000	       691	800004b4	03c0036f	jal	x6,800004b4	  x6=0x800004b4
        6935000	       692	00000000	00000013	addi	x0,x0,0	  x0:0x00000000
        6945000	       693	800004ec	00000013	addi	x0,x0,0	  x0:0x00000000
        6955000	       694	800004f0	fd1ff26f	jal	x4,800004f0	  x4=0x800004f0
        6965000	       695	00000000	00000013	addi	x0,x0,0	  x0:0x00000000
        6975000	       696	800004bc	00000013	addi	x0,x0,0	  x0:0x00000000
        6985000	       697	800004c0	fddff66f	jal	x12,800004c0	 x12=0x800004c0
        6995000	       698	00000000	00000013	addi	x0,x0,0	  x0:0x00000000
        7005000	       699	80000498	00000013	addi	x0,x0,0	  x0:0x00000000
        7015000	       700	8000049c	0040036f	jal	x6,8000049c	  x6=0x8000049c
        7025000	       701	00000000	00000013	addi	x0,x0,0	  x0:0x00000000
        7035000	       702	8000049c	00000013	addi	x0,x0,0	  x0:0x00000000
        7045000	       703	800004a0	00c008ef	jal	x17,800004a0	 x17=0x800004a0
        7055000	       704	00000000	00000013	addi	x0,x0,0	  x0:0x00000000
        7065000	       705	800004a8	00000013	addi	x0,x0,0	  x0:0x00000000
        7075000	       706	800004ac	0200036f	jal	x6,800004ac	  x6=0x800004ac
        7085000	       707	00000000	00000013	addi	x0,x0,0	  x0:0x00000000
        7095000	       708	800004c8	00000013	addi	x0,x0,0	  x0:0x00000000
        7105000	       709	800004cc	ff9ff36f	jal	x6,800004cc	  x6=0x800004cc
        7115000	       710	00000000	00000013	addi	x0,x0,0	  x0:0x00000000
        7125000	       711	800004c0	00000013	addi	x0,x0,0	  x0:0x00000000
        7135000	       712	800004c4	fe1ff36f	jal	x6,800004c4	  x6=0x800004c4
        7145000	       713	00000000	00000013	addi	x0,x0,0	  x0:0x00000000
        7155000	       714	800004a0	00000013	addi	x0,x0,0	  x0:0x00000000
        7165000	       715	800004a4	03c00fef	jal	x31,800004a4	 x31=0x800004a4
        7175000	       716	00000000	00000013	addi	x0,x0,0	  x0:0x00000000
        7185000	       717	800004dc	00000013	addi	x0,x0,0	  x0:0x00000000
        7195000	       718	800004e0	ffdff36f	jal	x6,800004e0	  x6=0x800004e0
        7205000	       719	00000000	00000013	addi	x0,x0,0	  x0:0x00000000
        7215000	       720	800004d8	00000013	addi	x0,x0,0	  x0:0x00000000
        7225000	       721	800004dc	fe1ff4ef	jal	x9,800004dc	  x9=0x800004dc
        7235000	       722	00000000	00000013	addi	x0,x0,0	  x0:0x00000000
        7245000	       723	800004b8	00000013	addi	x0,x0,0	  x0:0x00000000
        7255000	       724	800004bc	0300036f	jal	x6,800004bc	  x6=0x800004bc
        7265000	       725	00000000	00000013	addi	x0,x0,0	  x0:0x00000000
        7275000	       726	800004e8	00000013	addi	x0,x0,0	  x0:0x00000000
        7285000	       727	800004ec	00c00b6f	jal	x22,800004ec	 x22=0x800004ec
        7295000	       728	00000000	00000013	addi	x0,x0,0	  x0:0x00000000
        7305000	       729	800004f4	00000013	addi	x0,x0,0	  x0:0x00000000
        7315000	       730	800004f8	0040026f	jal	x4,800004f8	  x4=0x800004f8
        7325000	       731	00000000	00000013	addi	x0,x0,0	  x0:0x00000000
        7335000	       732	800004f8	00000013	addi	x0,x0,0	  x0:0x00000000
        7345000	       733	800004fc	fbdffa6f	jal	x20,800004fc	 x20=0x800004fc
        7355000	       734	00000000	00000013	addi	x0,x0,0	  x0:0x00000000
        7365000	       735	800004b4	00000013	addi	x0,x0,0	  x0:0x00000000
        7375000	       736	800004b8	02c0036f	jal	x6,800004b8	  x6=0x800004b8
        7385000	       737	00000000	00000013	addi	x0,x0,0	  x0:0x00000000
        7395000	       738	800004e0	00000013	addi	x0,x0,0	  x0:0x00000000
        7405000	       739	800004e4	ff1ffb6f	jal	x22,800004e4	 x22=0x800004e4
        7415000	       740	00000000	00000013	addi	x0,x0,0	  x0:0x00000000
        7425000	       741	800004d0	00000013	addi	x0,x0,0	  x0:0x00000000
        7435000	       742	800004d4	02c0036f	jal	x6,800004d4	  x6=0x800004d4
        7445000	       743	00000000	00000013	addi	x0,x0,0	  x0:0x00000000
        7455000	       744	800004fc	00000013	addi	x0,x0,0	  x0:0x00000000
        7465000	       745	80000500	fd1ff8ef	jal	x17,80000500	 x17=0x80000500
        7475000	       746	00000000	00000013	addi	x0,x0,0	  x0:0x00000000
        7485000	       747	800004cc	00000013	addi	x0,x0,0	  x0:0x00000000
        7495000	       748	800004d0	fd9ff36f	jal	x6,800004d0	  x6=0x800004d0
        7505000	       749	00000000	00000013	addi	x0,x0,0	  x0:0x00000000
        7515000	       750	800004a4	00000013	addi	x0,x0,0	  x0:0x00000000
        7525000	       751	800004a8	0300036f	jal	x6,800004a8	  x6=0x800004a8
        7535000	       752	00000000	00000013	addi	x0,x0,0	  x0:0x00000000
        7545000	       753	800004d4	00000013	addi	x0,x0,0	  x0:0x00000000
        7555000	       754	800004d8	02c0036f	jal	x6,800004d8	  x6=0x800004d8
        7565000	       755	00000000	00000013	addi	x0,x0,0	  x0:0x00000000
        7575000	       756	80000500	00000013	addi	x0,x0,0	  x0:0x00000000
        7585000	       757	80000504	01b01e13	slli	x28,x0,0x1b	  x0:0x00000000 x28=0x00000000
        7595000	       758	80000508	01dd5e33	srl	x28,x26,x29	 x26:0x800003bc x29:0x80009fdc x28=0x00000008
        7605000	       759	8000050c	0ac02393	slti	x7,x0,172	  x0:0x00000000  x7=0x00000001
        7615000	       760	80000510	3ee4fb13	andi	x22,x9,1006	  x9:0x800004dc x22=0x000000cc
        7625000	       761	80000514	0544f663	bgeu	x9,x20,80000560	  x9:0x800004dc x20:0x800004fc
        7635000	       762	80000518	5a65e993	ori	x19,x11,1446	 x11:0x800004e8 x19=0x800005ee
        7645000	       763	8000051c	40565713	srai	x14,x12,0x5	 x12:0x800004c0 x14=0xfc000026
        7655000	       764	80000520	40195593	srai	x11,x18,0x1	 x18:0x800003fc x11=0xc00001fe
        7665000	       765	80000524	4abcfb93	andi	x23,x25,1195	 x25:0x80009fc4 x23=0x00000480
        7675000	       766	80000528	40c2d9b3	sra	x19,x5,x12	  x5:0x800003d0 x12:0x800004c0 x19=0x800003d0
        7685000	       767	8000052c	015d9613	slli	x12,x27,0x15	 x27:0x800004f4 x12=0x9e800000
        7695000	       768	80000530	011a0bb3	add	x23,x20,x17	 x20:0x800004fc x17:0x80000500 x23=0x000009fc
        7705000	       769	80000534	6dbfe497	auipc	x9,0x6dbfe	  x9=0xedbfe530
        7715000	       770	80000538	032d0a63	beq	x26,x18,8000056c	 x26:0x800003bc x18:0x800003fc
        7725000	       771	8000053c	01cc2733	slt	x14,x24,x28	 x24:0x80000400 x28:0x00000008 x14=0x00000001
        7735000	       772	80000540	40fb5d93	srai	x27,x22,0xf	 x22:0x000000cc x27=0x00000000
        7745000	       773	80000544	41be5913	srai	x18,x28,0x1b	 x28:0x00000008 x18=0x00000000
        7755000	       774	80000548	34566413	ori	x8,x12,837	 x12:0x9e800000  x8=0x9e800345
        7765000	       775	8000054c	0184f663	bgeu	x9,x24,80000558	  x9:0xedbfe530 x24:0x80000400
        7775000	       776	00000000	00000013	addi	x0,x0,0	  x0:0x00000000
        7785000	       777	80000554	00000013	addi	x0,x0,0	  x0:0x00000000
        7795000	       778	80000558	40ab03b3	sub	x7,x22,x10	 x22:0x000000cc x10:0x80009f84  x7=0x7fff6148
        7805000	       779	8000055c	00ba6863	bltu	x20,x11,8000056c	 x20:0x800004fc x11:0xc00001fe
        7815000	       780	00000000	00000013	addi	x0,x0,0	  x0:0x00000000
        7825000	       781	80000568	00000013	addi	x0,x0,0	  x0:0x00000000
        7835000	       782	8000056c	2ade2713	slti	x14,x28,685	 x28:0x00000008 x14=0x00000001
        7845000	       783	80000570	03671863	bne	x14,x22,800005a0	 x14:0x00000001 x22:0x000000cc
        7855000	       784	00000000	00000013	addi	x0,x0,0	  x0:0x00000000
        7865000	       785	8000059c	00000013	addi	x0,x0,0	  x0:0x00000000
        7875000	       786	800005a0	40d5d2b3	sra	x5,x11,x13	 x11:0xc00001fe x13:0x800003b8  x5=0xffffffc0
        7885000	       787	800005a4	00000013	addi	x0,x0,0	  x0:0x00000000
        7895000	       788	800005a8	00db97b3	sll	x15,x23,x13	 x23:0x000009fc x13:0x800003b8 x15=0xfc000000
        7905000	       789	800005ac	0077b3b3	sltu	x7,x15,x7	 x15:0xfc000000  x7:0x7fff6148  x7=0x00000000
        7915000	       790	800005b0	010d0a63	beq	x26,x16,800005c4	 x26:0x800003bc x16:0x80000370
        7925000	       791	800005b4	00439e93	slli	x29,x7,0x4	  x7:0x00000000 x29=0x00000000
        7935000	       792	800005b8	01ff9213	slli	x4,x31,0x1f	 x31:0x800004a4  x4=0x00000000
        7945000	       793	800005bc	01044c63	blt	x8,x16,800005d4	  x8:0x9e800345 x16:0x80000370
        7955000	       794	800005c0	409c5b93	srai	x23,x24,0x9	 x24:0x80000400 x23=0xffc00002
        7965000	       795	800005c4	00e80e33	add	x28,x16,x14	 x16:0x80000370 x14:0x00000001 x28=0x80000371
        7975000	       796	800005c8	0023de13	srli	x28,x7,0x2	  x7:0x00000000 x28=0x00000000
        7985000	       797	800005cc	012a7833	and	x16,x20,x18	 x20:0x800004fc x18:0x00000000 x16=0x00000000
        7995000	       798	800005d0	5e702a13	slti	x20,x0,1511	  x0:0x00000000 x20=0x00000001
        8005000	       799	800005d4	10983e93	sltiu	x29,x16,265	 x16:0x00000000 x29=0x00000001
        8015000	       800	800005d8	42f98d13	addi	x26,x19,1071	 x19:0x800003d0 x26=0x800007ff
        8025000	       801	800005dc	009e1033	sll	x0,x28,x9	 x28:0x00000000  x9:0xedbfe530
        8035000	       802	800005e0	415a82b3	sub	x5,x21,x21	 x21:0x800003f4 x21:0x800003f4  x5=0x00000000
        8045000	       803	800005e4	024dd263	bge	x27,x4,80000608	 x27:0x00000000  x4:0x00000000
        8055000	       804	00000000	00000013	addi	x0,x0,0	  x0:0x00000000
        8065000	       805	80000604	00000013	addi	x0,x0,0	  x0:0x00000000
        8075000	       806	80000608	bf3d3013	sltiu	x0,x26,-1037	 x26:0x800007ff
        8085000	       807	8000060c	6a48f793	andi	x15,x17,1700	 x17:0x80000500 x15=0x00000400
        8095000	       808	80000610	006b9e63	bne	x23,x6,8000062c	 x23:0xffc00002  x6:0x800004d8
        8105000	       809	00000000	00000013	addi	x0,x0,0	  x0:0x00000000
        8115000	       810	80000628	00000013	addi	x0,x0,0	  x0:0x00000000
        8125000	       811	8000062c	c7297013	andi	x0,x18,-910	 x18:0x00000000
        8135000	       812	80000630	01701bb3	sll	x23,x0,x23	  x0:0x00000000 x23:0xffc00002 x23=0x00000000
        8145000	       813	80000634	19422213	slti	x4,x4,404	  x4:0x00000000  x4=0x00000001
        8155000	       814	80000638	012adeb3	srl	x29,x21,x18	 x21:0x800003f4 x18:0x00000000 x29=0x800003f4
        8165000	       815	8000063c	41a751b3	sra	x3,x14,x26	 x14:0x00000001 x26:0x800007ff  x3=0x00000000
        8175000	       816	80000640	41ad8db3	sub	x27,x27,x26	 x27:0x00000000 x26:0x800007ff x27=0x7ffff801
        8185000	       817	80000644	01efdab3	srl	x21,x31,x30	 x31:0x800004a4 x30:0x800002d0 x21=0x00008000
        8195000	       818	80000648	005d15b3	sll	x11,x26,x5	 x26:0x800007ff  x5:0x00000000 x11=0x800007ff
        8205000	       819	8000064c	01797a63	bgeu	x18,x23,80000660	 x18:0x00000000 x23:0x00000000
        8215000	       820	00000000	00000013	addi	x0,x0,0	  x0:0x00000000
        8225000	       821	8000065c	00000013	addi	x0,x0,0	  x0:0x00000000
        8235000	       822	80000660	00432637	lui	x12,0x432	 x12=0x00432000
        8245000	       823	80000664	03bd8a63	beq	x27,x27,80000698	 x27:0x7ffff801 x27:0x7ffff801
        8255000	       824	00000000	00000013	addi	x0,x0,0	  x0:0x00000000
        8265000	       825	80000694	00000013	addi	x0,x0,0	  x0:0x00000000
        8275000	       826	80000698	01c4a3b3	slt	x7,x9,x28	  x9:0xedbfe530 x28:0x00000000  x7=0x00000001
        8285000	       827	8000069c	01049733	sll	x14,x9,x16	  x9:0xedbfe530 x16:0x00000000 x14=0xedbfe530
        8295000	       828	800006a0	dff8cb13	xori	x22,x17,-513	 x17:0x80000500 x22=0x7ffff8ff
        8305000	       829	800006a4	4155d193	srai	x3,x11,0x15	 x11:0x800007ff  x3=0xfffffc00
        8315000	       830	800006a8	9bfecd93	xori	x27,x29,-1601	 x29:0x800003f4 x27=0x7ffffa4b
        8325000	       831	800006ac	6a92ca93	xori	x21,x5,1705	  x5:0x00000000 x21=0x000006a9
        8335000	       832	800006b0	016a9993	slli	x19,x21,0x16	 x21:0x000006a9 x19=0xaa400000
        8345000	       833	800006b4	345aa913	slti	x18,x21,837	 x21:0x000006a9 x18=0x00000000
        8355000	       834	800006b8	01a1fab3	and	x21,x3,x26	  x3:0xfffffc00 x26:0x800007ff x21=0x80000400
        8365000	       835	800006bc	1df70813	addi	x16,x14,479	 x14:0xedbfe530 x16=0xedbfe70f
        8375000	       836	800006c0	01311c33	sll	x24,x2,x19	  x2:0x800003ec x19:0xaa400000 x24=0x800003ec
        8385000	       837	800006c4	04666263	bltu	x12,x6,80000708	 x12:0x00432000  x6:0x800004d8
        8395000	       838	00000000	00000013	addi	x0,x0,0	  x0:0x00000000
        8405000	       839	80000704	00000013	addi	x0,x0,0	  x0:0x00000000
        8415000	       840	80000708	01fc9c63	bne	x25,x31,80000720	 x25:0x80009fc4 x31:0x800004a4
        8425000	       841	00000000	00000013	addi	x0,x0,0	  x0:0x00000000
        8435000	       842	8000071c	00000013	addi	x0,x0,0	  x0:0x00000000
        8445000	       843	80000720	016e58b3	srl	x17,x28,x22	 x28:0x00000000 x22:0x7ffff8ff x17=0x00000000
        8455000	       844	80000724	001ef6b3	and	x13,x29,x1	 x29:0x800003f4  x1:0x2d45025f x13=0x00000254
        8465000	       845	80000728	408c8933	sub	x18,x25,x8	 x25:0x80009fc4  x8:0x9e800345 x18=0xe1809c7f
        8475000	       846	8000072c	4008d193	srai	x3,x17,0x0	 x17:0x00000000  x3=0x00000000
        8485000	       847	80000730	008c1b13	slli	x22,x24,0x8	 x24:0x800003ec x22=0x0003ec00
        8495000	       848	80000734	8cc67e13	andi	x28,x12,-1844	 x12:0x00432000 x28=0x00432000
        8505000	       849	80000738	018d03b3	add	x7,x26,x24	 x26:0x800007ff x24:0x800003ec  x7=0x00000beb
        8515000	       850	8000073c	40e75293	srai	x5,x14,0xe	 x14:0xedbfe530  x5=0xffffb6ff
        8525000	       851	80000740	051a6263	bltu	x20,x17,80000784	 x20:0x00000001 x17:0x00000000
        8535000	       852	80000744	a49abb13	sltiu	x22,x21,-1463	 x21:0x80000400 x22=0x00000001
        8545000	       853	80000748	02084a63	blt	x16,x0,8000077c	 x16:0xedbfe70f  x0:0x00000000
        8555000	       854	00000000	00000013	addi	x0,x0,0	  x0:0x00000000
        8565000	       855	80000778	00000013	addi	x0,x0,0	  x0:0x00000000
        8575000	       856	8000077c	0f726e13	ori	x28,x4,247	  x4:0x00000001 x28=0x000000f7
        8585000	       857	80000780	00000013	addi	x0,x0,0	  x0:0x00000000
        8595000	       858	80000784	01620c33	add	x24,x4,x22	  x4:0x00000001 x22:0x00000001 x24=0x00000002
        8605000	       859	80000788	00354463	blt	x10,x3,80000790	 x10:0x80009f84  x3:0x00000000
        8615000	       860	00000000	00000013	addi	x0,x0,0	  x0:0x00000000
        8625000	       861	8000078c	00000013	addi	x0,x0,0	  x0:0x00000000
        8635000	       862	80000790	37f57d13	andi	x26,x10,895	 x10:0x80009f84 x26=0x00000304
        8645000	       863	80000794	64073d17	auipc	x26,0x64073	 x26=0xe4073790
        8655000	       864	80000798	ca9ef313	andi	x6,x29,-855	 x29:0x800003f4  x6=0x800000a0
        8665000	       865	8000079c	cbe4ae97	auipc	x29,0xcbe4a	 x29=0x4be4a798
        8675000	       866	800007a0	01631013	slli	x0,x6,0x16	  x6:0x800000a0
        8685000	       867	800007a4	01148a33	add	x20,x9,x17	  x9:0xedbfe530 x17:0x00000000 x20=0xedbfe530
        8695000	       868	800007a8	001952b3	srl	x5,x18,x1	 x18:0xe1809c7f  x1:0x2d45025f  x5=0x00000001
        8705000	       869	800007ac	042f1063	bne	x30,x2,800007ec	 x30:0x800002d0  x2:0x800003ec
        8715000	       870	00000000	00000013	addi	x0,x0,0	  x0:0x00000000
        8725000	       871	800007e8	00000013	addi	x0,x0,0	  x0:0x00000000
        8735000	       872	800007ec	01b635b3	sltu	x11,x12,x27	 x12:0x00432000 x27:0x7ffffa4b x11=0x00000001
        8745000	       873	800007f0	0239c663	blt	x19,x3,8000081c	 x19:0xaa400000  x3:0x00000000
        8755000	       874	00000000	00000013	addi	x0,x0,0	  x0:0x00000000
        8765000	       875	80000818	00000013	addi	x0,x0,0	  x0:0x00000000
        8775000	       876	8000081c	00f15493	srli	x9,x2,0xf	  x2:0x800003ec  x9=0x00010000
        8785000	       877	80000820	00b41d13	slli	x26,x8,0xb	  x8:0x9e800345 x26=0x001a2800
        8795000	       878	80000824	01eddb93	srli	x23,x27,0x1e	 x27:0x7ffffa4b x23=0x00000001
        8805000	       879	80000828	01fdcd33	xor	x26,x27,x31	 x27:0x7ffffa4b x31:0x800004a4 x26=0xfffffeef
        8815000	       880	8000082c	41595893	srai	x17,x18,0x15	 x18:0xe1809c7f x17=0xffffff0c
        8825000	       881	80000830	0114e663	bltu	x9,x17,8000083c	  x9:0x00010000 x17:0xffffff0c
        8835000	       882	00000000	00000013	addi	x0,x0,0	  x0:0x00000000
        8845000	       883	80000838	00000013	addi	x0,x0,0	  x0:0x00000000
        8855000	       884	8000083c	40205933	sra	x18,x0,x2	  x0:0x00000000  x2:0x800003ec x18=0x00000000
        8865000	       885	80000840	343f4893	xori	x17,x30,835	 x30:0x800002d0 x17=0x80000193
        8875000	       886	80000844	e97cac13	slti	x24,x25,-361	 x25:0x80009fc4 x24=0x00000001
        8885000	       887	80000848	40568b33	sub	x22,x13,x5	 x13:0x00000254  x5:0x00000001 x22=0x00000253
        8895000	       888	8000084c	00b0c733	xor	x14,x1,x11	  x1:0x2d45025f x11:0x00000001 x14=0x2d45025e
        8905000	       889	80000850	013d4b33	xor	x22,x26,x19	 x26:0xfffffeef x19:0xaa400000 x22=0x55bffeef
        8915000	       890	80000854	c987f797	auipc	x15,0xc987f	 x15=0x4987f850
        8925000	       891	80000858	01b5a933	slt	x18,x11,x27	 x11:0x00000001 x27:0x7ffffa4b x18=0x00000001
        8935000	       892	8000085c	0047e733	or	x14,x15,x4	 x15:0x4987f850  x4:0x00000001 x14=0x4987f851
        8945000	       893	80000860	66f82693	slti	x13,x16,1647	 x16:0xedbfe70f x13=0x00000001
        8955000	       894	80000864	01c08233	add	x4,x1,x28	  x1:0x2d45025f x28:0x000000f7  x4=0x2d450356
        8965000	       895	80000868	00d40e63	beq	x8,x13,80000884	  x8:0x9e800345 x13:0x00000001
        8975000	       896	8000086c	01c23bb3	sltu	x23,x4,x28	  x4:0x2d450356 x28:0x000000f7 x23=0x00000000
        8985000	       897	80000870	02a54c63	blt	x10,x10,800008a8	 x10:0x80009f84 x10:0x80009f84
        8995000	       898	80000874	01d49313	slli	x6,x9,0x1d	  x9:0x00010000  x6=0x00000000
        9005000	       899	80000878	020d5463	bge	x26,x0,800008a0	 x26:0xfffffeef  x0:0x00000000
        9015000	       900	8000087c	00275e93	srli	x29,x14,0x2	 x14:0x4987f851 x29=0x1261fe14
        9025000	       901	80000880	01e2abb3	slt	x23,x5,x30	  x5:0x00000001 x30:0x800002d0 x23=0x00000000
        9035000	       902	80000884	016a21b3	slt	x3,x20,x22	 x20:0xedbfe530 x22:0x55bffeef  x3=0x00000001
        9045000	       903	80000888	00c30833	add	x16,x6,x12	  x6:0x00000000 x12:0x00432000 x16=0x00432000
        9055000	       904	8000088c	017f9d33	sll	x26,x31,x23	 x31:0x800004a4 x23:0x00000000 x26=0x800004a4
        9065000	       905	80000890	01f159b3	srl	x19,x2,x31	  x2:0x800003ec x31:0x800004a4 x19=0x0800003e
        9075000	       906	80000894	7c862037	lui	x0,0x7c862	
        9085000	       907	80000898	02dac063	blt	x21,x13,800008b8	 x21:0x80000400 x13:0x00000001
        9095000	       908	00000000	00000013	addi	x0,x0,0	  x0:0x00000000
        9105000	       909	800008b4	00000013	addi	x0,x0,0	  x0:0x00000000
        9115000	       910	800008b8	0049c433	xor	x8,x19,x4	 x19:0x0800003e  x4:0x2d450356  x8=0x25450368
        9125000	       911	800008bc	00dc0e33	add	x28,x24,x13	 x24:0x00000001 x13:0x00000001 x28=0x00000002
        9135000	       912	800008c0	ff704813	xori	x16,x0,-9	  x0:0x00000000 x16=0xfffffff7
        9145000	       913	800008c4	019def33	or	x30,x27,x25	 x27:0x7ffffa4b x25:0x80009fc4 x30=0xffffffcf
        9155000	       914	800008c8	00635a13	srli	x20,x6,0x6	  x6:0x00000000 x20=0x00000000
        9165000	       915	800008cc	053b9863	bne	x23,x19,8000091c	 x23:0x00000000 x19:0x0800003e
        9175000	       916	00000000	00000013	addi	x0,x0,0	  x0:0x00000000
        9185000	       917	80000918	00000013	addi	x0,x0,0	  x0:0x00000000
        9195000	       918	8000091c	0189b833	sltu	x16,x19,x24	 x19:0x0800003e x24:0x00000001 x16=0x00000000
        9205000	       919	80000920	41838833	sub	x16,x7,x24	  x7:0x00000beb x24:0x00000001 x16=0x00000bea
        9215000	       920	80000924	01cb7e63	bgeu	x22,x28,80000940	 x22:0x55bffeef x28:0x00000002
        9225000	       921	00000000	00000013	addi	x0,x0,0	  x0:0x00000000
        9235000	       922	8000093c	00000013	addi	x0,x0,0	  x0:0x00000000
        9245000	       923	80000940	401d82b3	sub	x5,x27,x1	 x27:0x7ffffa4b  x1:0x2d45025f  x5=0x52baf7ec
        9255000	       924	80000944	017631b3	sltu	x3,x12,x23	 x12:0x00432000 x23:0x00000000  x3=0x00000000
        9265000	       925	80000948	008158b3	srl	x17,x2,x8	  x2:0x800003ec  x8:0x25450368 x17=0x00800003
        9275000	       926	8000094c	07409a63	bne	x1,x20,800009c0	  x1:0x2d45025f x20:0x00000000
        9285000	       927	00000000	00000013	addi	x0,x0,0	  x0:0x00000000
        9295000	       928	800009bc	00000013	addi	x0,x0,0	  x0:0x00000000
        9305000	       929	800009c0	01deda33	srl	x20,x29,x29	 x29:0x1261fe14 x29:0x1261fe14 x20=0x00000126
        9315000	       930	800009c4	a4127d93	andi	x27,x4,-1471	  x4:0x2d450356 x27=0x2d450240
        9325000	       931	800009c8	00000013	addi	x0,x0,0	  x0:0x00000000
        9335000	       932	800009cc	03d58063	beq	x11,x29,800009ec	 x11:0x00000001 x29:0x1261fe14
        9345000	       933	800009d0	01ef74b3	and	x9,x30,x30	 x30:0xffffffcf x30:0xffffffcf  x9=0xffffffcf
        9355000	       934	800009d4	41488233	sub	x4,x17,x20	 x17:0x00800003 x20:0x00000126  x4=0x007ffedd
        9365000	       935	800009d8	000cf833	and	x16,x25,x0	 x25:0x80009fc4  x0:0x00000000 x16=0x00000000
        9375000	       936	800009dc	832d6237	lui	x4,0x832d6	  x4=0x832d6000
        9385000	       937	800009e0	05059863	bne	x11,x16,80000a30	 x11:0x00000001 x16:0x00000000
        9395000	       938	00000000	00000013	addi	x0,x0,0	  x0:0x00000000
        9405000	       939	80000a2c	00000013	addi	x0,x0,0	  x0:0x00000000
        9415000	       940	80000a30	00b6de13	srli	x28,x13,0xb	 x13:0x00000001 x28=0x00000000
        9425000	       941	80000a34	01105593	srli	x11,x0,0x11	  x0:0x00000000 x11=0x00000000
        9435000	       942	80000a38	003502b3	add	x5,x10,x3	 x10:0x80009f84  x3:0x00000000  x5=0x80009f84
        9445000	       943	80000a3c	01eb9bb3	sll	x23,x23,x30	 x23:0x00000000 x30:0xffffffcf x23=0x00000000
        9455000	       944	80000a40	01a674b3	and	x9,x12,x26	 x12:0x00432000 x26:0x800004a4  x9=0x00000000
        9465000	       945	80000a44	ccae8b93	addi	x23,x29,-822	 x29:0x1261fe14 x23=0x1261fade
        9475000	       946	80000a48	782c2f13	slti	x30,x24,1922	 x24:0x00000001 x30=0x00000001
        9485000	       947	80000a4c	41395733	sra	x14,x18,x19	 x18:0x00000001 x19:0x0800003e x14=0x00000000
        9495000	       948	80000a50	fc220993	addi	x19,x4,-62	  x4:0x832d6000 x19=0x832d5fc2
        9505000	       949	80000a54	01f25463	bge	x4,x31,80000a5c	  x4:0x832d6000 x31:0x800004a4
        9515000	       950	00000000	00000013	addi	x0,x0,0	  x0:0x00000000
        9525000	       951	80000a58	00000013	addi	x0,x0,0	  x0:0x00000000
        9535000	       952	80000a5c	f3232593	slti	x11,x6,-206	  x6:0x00000000 x11=0x00000000
        9545000	       953	80000a60	408a51b3	sra	x3,x20,x8	 x20:0x00000126  x8:0x25450368  x3=0x00000001
        9555000	       954	80000a64	00051b13	slli	x22,x10,0x0	 x10:0x80009f84 x22=0x80009f84
        9565000	       955	80000a68	01583eb3	sltu	x29,x16,x21	 x16:0x00000000 x21:0x80000400 x29=0x00000001
        9575000	       956	80000a6c	f6c72b13	slti	x22,x14,-148	 x14:0x00000000 x22=0x00000000
        9585000	       957	80000a70	01b009b3	add	x19,x0,x27	  x0:0x00000000 x27:0x2d450240 x19=0x2d450240
        9595000	       958	80000a74	400b5d33	sra	x26,x22,x0	 x22:0x00000000  x0:0x00000000 x26=0x00000000
        9605000	       959	80000a78	00cf5633	srl	x12,x30,x12	 x30:0x00000001 x12:0x00432000 x12=0x00000001
        9615000	       960	80000a7c	00afdc63	bge	x31,x10,80000a94	 x31:0x800004a4 x10:0x80009f84
        9625000	       961	80000a80	41b8da33	sra	x20,x17,x27	 x17:0x00800003 x27:0x2d450240 x20=0x00800003
        9635000	       962	80000a84	bbfe4037	lui	x0,0xbbfe4	
        9645000	       963	80000a88	40008e13	addi	x28,x1,1024	  x1:0x2d45025f x28=0x2d45065f
        9655000	       964	80000a8c	0227f863	bgeu	x15,x2,80000abc	 x15:0x4987f850  x2:0x800003ec
        9665000	       965	80000a90	03608463	beq	x1,x22,80000ab8	  x1:0x2d45025f x22:0x00000000
        9675000	       966	80000a94	57067e93	andi	x29,x12,1392	 x12:0x00000001 x29=0x00000000
        9685000	       967	80000a98	0197fc33	and	x24,x15,x25	 x15:0x4987f850 x25:0x80009fc4 x24=0x00009840
        9695000	       968	80000a9c	01284463	blt	x16,x18,80000aa4	 x16:0x00000000 x18:0x00000001
        9705000	       969	00000000	00000013	addi	x0,x0,0	  x0:0x00000000
        9715000	       970	80000aa0	00000013	addi	x0,x0,0	  x0:0x00000000
        9725000	       971	80000aa4	005b69b3	or	x19,x22,x5	 x22:0x00000000  x5:0x80009f84 x19=0x80009f84
        9735000	       972	80000aa8	00000013	addi	x0,x0,0	  x0:0x00000000
        9745000	       973	80000aac	01ef1f33	sll	x30,x30,x30	 x30:0x00000001 x30:0x00000001 x30=0x00000002
        9755000	       974	80000ab0	857018b7	lui	x17,0x85701	 x17=0x85701000
        9765000	       975	80000ab4	010b2a33	slt	x20,x22,x16	 x22:0x00000000 x16:0x00000000 x20=0x00000000
        9775000	       976	80000ab8	03ab7b93	andi	x23,x22,58	 x22:0x00000000 x23=0x00000000
        9785000	       977	80000abc	6a113913	sltiu	x18,x2,1697	  x2:0x800003ec x18=0x00000000
        9795000	       978	80000ac0	00f45c13	srli	x24,x8,0xf	  x8:0x25450368 x24=0x00004a8a
        9805000	       979	80000ac4	4032d993	srai	x19,x5,0x3	  x5:0x80009f84 x19=0xf00013f0
        9815000	       980	80000ac8	01413eb3	sltu	x29,x2,x20	  x2:0x800003ec x20:0x00000000 x29=0x00000000
        9825000	       981	80000acc	496d7313	andi	x6,x26,1174	 x26:0x00000000  x6=0x00000000
        9835000	       982	80000ad0	50685d17	auipc	x26,0x50685	 x26=0xd0685acc
        9845000	       983	80000ad4	0226fc63	bgeu	x13,x2,80000b0c	 x13:0x00000001  x2:0x800003ec
        9855000	       984	80000ad8	345aa497	auipc	x9,0x345aa	  x9=0xb45aaad4
        9865000	       985	80000adc	410dd493	srai	x9,x27,0x10	 x27:0x2d450240  x9=0x00002d45
        9875000	       986	80000ae0	00f3d613	srli	x12,x7,0xf	  x7:0x00000beb x12=0x00000000
        9885000	       987	80000ae4	154f7a13	andi	x20,x30,340	 x30:0x00000002 x20=0x00000000
        9895000	       988	80000ae8	00bd7233	and	x4,x26,x11	 x26:0xd0685acc x11:0x00000000  x4=0x00000000
        9905000	       989	80000aec	3f258413	addi	x8,x11,1010	 x11:0x00000000  x8=0x000003f2
        9915000	       990	80000af0	87a88313	addi	x6,x17,-1926	 x17:0x85701000  x6=0x8570087a
        9925000	       991	80000af4	0136d493	srli	x9,x13,0x13	 x13:0x00000001  x9=0x00000000
        9935000	       992	80000af8	033f4263	blt	x30,x19,80000b1c	 x30:0x00000002 x19:0xf00013f0
        9945000	       993	80000afc	01de4863	blt	x28,x29,80000b0c	 x28:0x2d45065f x29:0x00000000
        9955000	       994	80000b00	31697a93	andi	x21,x18,790	 x18:0x00000000 x21=0x00000000
        9965000	       995	80000b04	40e2d213	srai	x4,x5,0xe	  x5:0x80009f84  x4=0xfffe0002
        9975000	       996	80000b08	003dfc33	and	x24,x27,x3	 x27:0x2d450240  x3:0x00000001 x24=0x00000000
        9985000	       997	80000b0c	506039b7	lui	x19,0x50603	 x19=0x50603000
        9995000	       998	80000b10	004b7bb3	and	x23,x22,x4	 x22:0x00000000  x4:0xfffe0002 x23=0x00000000
       10005000	       999	80000b14	401bd4b3	sra	x9,x23,x1	 x23:0x00000000  x1:0x2d45025f  x9=0x00000000
       10015000	      1000	80000b18	00cb67b3	or	x15,x22,x12	 x22:0x00000000 x12:0x00000000 x15=0x00000000
       10025000	      1001	80000b1c	8880c113	xori	x2,x1,-1912	  x1:0x2d45025f  x2=0xd2bafad7
       10035000	      1002	80000b20	49978313	addi	x6,x15,1177	 x15:0x00000000  x6=0x00000499
       10045000	      1003	80000b24	0cb1a3b7	lui	x7,0xcb1a	  x7=0x0cb1a000
       10055000	      1004	80000b28	00168e33	add	x28,x13,x1	 x13:0x00000001  x1:0x2d45025f x28=0x2d450260
       10065000	      1005	80000b2c	02870a63	beq	x14,x8,80000b60	 x14:0x00000000  x8:0x000003f2
       10075000	      1006	80000b30	390e8013	addi	x0,x29,912	 x29:0x00000000
       10085000	      1007	80000b34	0101d893	srli	x17,x3,0x10	  x3:0x00000001 x17=0x00000000
       10095000	      1008	80000b38	38ba3e93	sltiu	x29,x20,907	 x20:0x00000000 x29=0x00000001
       10105000	      1009	80000b3c	0067d633	srl	x12,x15,x6	 x15:0x00000000  x6:0x00000499 x12=0x00000000
       10115000	      1010	80000b40	01515663	bge	x2,x21,80000b4c	  x2:0xd2bafad7 x21:0x00000000
       10125000	      1011	80000b44	01475c33	srl	x24,x14,x20	 x14:0x00000000 x20:0x00000000 x24=0x00000000
       10135000	      1012	80000b48	0168fa33	and	x20,x17,x22	 x17:0x00000000 x22:0x00000000 x20=0x00000000
       10145000	      1013	80000b4c	bf588b93	addi	x23,x17,-1035	 x17:0x00000000 x23=0xfffffbf5
       10155000	      1014	80000b50	00000013	addi	x0,x0,0	  x0:0x00000000
       10165000	      1015	80000b54	67d42613	slti	x12,x8,1661	  x8:0x000003f2 x12=0x00000001
       10175000	      1016	80000b58	011e6133	or	x2,x28,x17	 x28:0x2d450260 x17:0x00000000  x2=0x2d450260
       10185000	      1017	80000b5c	41c306b3	sub	x13,x6,x28	  x6:0x00000499 x28:0x2d450260 x13=0xd2bb0239
       10195000	      1018	80000b60	b6fc7393	andi	x7,x24,-1169	 x24:0x00000000  x7=0x00000000
       10205000	      1019	80000b64	01d5ea33	or	x20,x11,x29	 x11:0x00000000 x29:0x00000001 x20=0x00000001
       10215000	      1020	80000b68	40b1df13	srai	x30,x3,0xb	  x3:0x00000001 x30=0x00000000
       10225000	      1021	80000b6c	4c9a8f13	addi	x30,x21,1225	 x21:0x00000000 x30=0x000004c9
       10235000	      1022	80000b70	01f17433	and	x8,x2,x31	  x2:0x2d450260 x31:0x800004a4  x8=0x00000020
       10245000	      1023	80000b74	005bb933	sltu	x18,x23,x5	 x23:0xfffffbf5  x5:0x80009f84 x18=0x00000000
       10255000	      1024	80000b78	05115263	bge	x2,x17,80000bbc	  x2:0x2d450260 x17:0x00000000
       10265000	      1025	00000000	00000013	addi	x0,x0,0	  x0:0x00000000
       10275000	      1026	80000bb8	00000013	addi	x0,x0,0	  x0:0x00000000
       10285000	      1027	80000bbc	2adf6413	ori	x8,x30,685	 x30:0x000004c9  x8=0x000006ed
       10295000	      1028	80000bc0	01928463	beq	x5,x25,80000bc8	  x5:0x80009f84 x25:0x80009fc4
       10305000	      1029	80000bc4	5591b313	sltiu	x6,x3,1369	  x3:0x00000001  x6=0x00000001
       10315000	      1030	80000bc8	408c0bb3	sub	x23,x24,x8	 x24:0x00000000  x8:0x000006ed x23=0xfffff913
       10325000	      1031	80000bcc	0153ca63	blt	x7,x21,80000be0	  x7:0x00000000 x21:0x00000000
       10335000	      1032	80000bd0	018e24b3	slt	x9,x28,x24	 x28:0x2d450260 x24:0x00000000  x9=0x00000000
       10345000	      1033	80000bd4	f878b593	sltiu	x11,x17,-121	 x17:0x00000000 x11=0x00000001
       10355000	      1034	80000bd8	015dbb33	sltu	x22,x27,x21	 x27:0x2d450240 x21:0x00000000 x22=0x00000000
       10365000	      1035	80000bdc	8c66b613	sltiu	x12,x13,-1850	 x13:0xd2bb0239 x12=0x00000001
       10375000	      1036	80000be0	008aec33	or	x24,x21,x8	 x21:0x00000000  x8:0x000006ed x24=0x000006ed
       10385000	      1037	80000be4	0019d313	srli	x6,x19,0x1	 x19:0x50603000  x6=0x28301800
       10395000	      1038	80000be8	55c27993	andi	x19,x4,1372	  x4:0xfffe0002 x19=0x00000000
       10405000	      1039	80000bec	02e86c63	bltu	x16,x14,80000c24	 x16:0x00000000 x14:0x00000000
       10415000	      1040	80000bf0	00000013	addi	x0,x0,0	  x0:0x00000000
       10425000	      1041	80000bf4	e4ebb293	sltiu	x5,x23,-434	 x23:0xfffff913  x5=0x00000001
       10435000	      1042	80000bf8	015d5233	srl	x4,x26,x21	 x26:0xd0685acc x21:0x00000000  x4=0xd0685acc
       10445000	      1043	80000bfc	01d89463	bne	x17,x29,80000c04	 x17:0x00000000 x29:0x00000001
       10455000	      1044	00000000	00000013	addi	x0,x0,0	  x0:0x00000000
       10465000	      1045	80000c00	00000013	addi	x0,x0,0	  x0:0x00000000
       10475000	      1046	80000c04	000ecab3	xor	x21,x29,x0	 x29:0x00000001  x0:0x00000000 x21=0x00000001
       10485000	      1047	80000c08	0249ea63	bltu	x19,x4,80000c3c	 x19:0x00000000  x4:0xd0685acc
       10495000	      1048	00000000	00000013	addi	x0,x0,0	  x0:0x00000000
       10505000	      1049	80000c38	00000013	addi	x0,x0,0	  x0:0x00000000
       10515000	      1050	80000c3c	018c3b33	sltu	x22,x24,x24	 x24:0x000006ed x24:0x000006ed x22=0x00000000
       10525000	      1051	80000c40	0162f9b3	and	x19,x5,x22	  x5:0x00000001 x22:0x00000000 x19=0x00000000
       10535000	      1052	80000c44	00c17b33	and	x22,x2,x12	  x2:0x2d450260 x12:0x00000001 x22=0x00000000
       10545000	      1053	80000c48	c0b75117	auipc	x2,0xc0b75	  x2=0x40b75c44
       10555000	      1054	80000c4c	03c25863	bge	x4,x28,80000c7c	  x4:0xd0685acc x28:0x2d450260
       10565000	      1055	80000c50	a6357793	andi	x15,x10,-1437	 x10:0x80009f84 x15=0x80009a00
       10575000	      1056	80000c54	006edf93	srli	x31,x29,0x6	 x29:0x00000001 x31=0x00000000
       10585000	      1057	80000c58	419ed2b3	sra	x5,x29,x25	 x29:0x00000001 x25:0x80009fc4  x5=0x00000000
       10595000	      1058	80000c5c	00c05b33	srl	x22,x0,x12	  x0:0x00000000 x12:0x00000001 x22=0x00000000
       10605000	      1059	80000c60	13c20b37	lui	x22,0x13c20	 x22=0x13c20000
       10615000	      1060	80000c64	007e39b3	sltu	x19,x28,x7	 x28:0x2d450260  x7:0x00000000 x19=0x00000000
       10625000	      1061	80000c68	01be7ab3	and	x21,x28,x27	 x28:0x2d450260 x27:0x2d450240 x21=0x2d450240
       10635000	      1062	80000c6c	e46a6593	ori	x11,x20,-442	 x20:0x00000001 x11=0xfffffe47
       10645000	      1063	80000c70	002d3433	sltu	x8,x26,x2	 x26:0xd0685acc  x2:0x40b75c44  x8=0x00000000
       10655000	      1064	80000c74	5f01e493	ori	x9,x3,1520	  x3:0x00000001  x9=0x000005f1
       10665000	      1065	80000c78	f9b20993	addi	x19,x4,-101	  x4:0xd0685acc x19=0xd0685a67
       10675000	      1066	80000c7c	0b810797	auipc	x15,0xb810	 x15=0x8b810c78
       10685000	      1067	80000c80	21a90b93	addi	x23,x18,538	 x18:0x00000000 x23=0x0000021a
       10695000	      1068	80000c84	1554f637	lui	x12,0x1554f	 x12=0x1554f000
       10705000	      1069	80000c88	7f4a3e17	auipc	x28,0x7f4a3	 x28=0xff4a3c84
       10715000	      1070	80000c8c	014b0463	beq	x22,x20,80000c94	 x22:0x13c20000 x20:0x00000001
       10725000	      1071	80000c90	92ed34b7	lui	x9,0x92ed3	  x9=0x92ed3000
       10735000	      1072	80000c94	003a1a63	bne	x20,x3,80000ca8	 x20:0x00000001  x3:0x00000001
       10745000	      1073	80000c98	47dc3a13	sltiu	x20,x24,1149	 x24:0x000006ed x20=0x00000000
       10755000	      1074	80000c9c	5cad6193	ori	x3,x26,1482	 x26:0xd0685acc  x3=0xd0685fce
       10765000	      1075	80000ca0	00f91613	slli	x12,x18,0xf	 x18:0x00000000 x12=0x00000000
       10775000	      1076	80000ca4	0168e233	or	x4,x17,x22	 x17:0x00000000 x22:0x13c20000  x4=0x13c20000
       10785000	      1077	80000ca8	0054f033	and	x0,x9,x5	  x9:0x92ed3000  x5:0x00000000
       10795000	      1078	80000cac	41bbdc33	sra	x24,x23,x27	 x23:0x0000021a x27:0x2d450240 x24=0x0000021a
       10805000	      1079	80000cb0	0161bfb3	sltu	x31,x3,x22	  x3:0xd0685fce x22:0x13c20000 x31=0x00000000
       10815000	      1080	80000cb4	a8a6a413	slti	x8,x13,-1398	 x13:0xd2bb0239  x8=0x00000001
       10825000	      1081	80000cb8	2453a997	auipc	x19,0x2453a	 x19=0xa453acb4
       10835000	      1082	80000cbc	411381b3	sub	x3,x7,x17	  x7:0x00000000 x17:0x00000000  x3=0x00000000
       10845000	      1083	80000cc0	1ada8413	addi	x8,x21,429	 x21:0x2d450240  x8=0x2d4503ed
       10855000	      1084	80000cc4	00688463	beq	x17,x6,80000ccc	 x17:0x00000000  x6:0x28301800
       10865000	      1085	80000cc8	1b4a0393	addi	x7,x20,436	 x20:0x00000000  x7=0x000001b4
       10875000	      1086	80000ccc	419cd233	sra	x4,x25,x25	 x25:0x80009fc4 x25:0x80009fc4  x4=0xf80009fc
       10885000	      1087	80000cd0	05110863	beq	x2,x17,80000d20	  x2:0x40b75c44 x17:0x00000000
       10895000	      1088	80000cd4	01955a33	srl	x20,x10,x25	 x10:0x80009f84 x25:0x80009fc4 x20=0x080009f8
       10905000	      1089	80000cd8	006d9c13	slli	x24,x27,0x6	 x27:0x2d450240 x24=0x51409000
       10915000	      1090	80000cdc	41068333	sub	x6,x13,x16	 x13:0xd2bb0239 x16:0x00000000  x6=0xd2bb0239
       10925000	      1091	80000ce0	e302f693	andi	x13,x5,-464	  x5:0x00000000 x13=0x00000000
       10935000	      1092	80000ce4	5856ac13	slti	x24,x13,1413	 x13:0x00000000 x24=0x00000001
       10945000	      1093	80000ce8	4182d413	srai	x8,x5,0x18	  x5:0x00000000  x8=0x00000000
       10955000	      1094	80000cec	01465ab3	srl	x21,x12,x20	 x12:0x00000000 x20:0x080009f8 x21=0x00000000
       10965000	      1095	80000cf0	0039ba33	sltu	x20,x19,x3	 x19:0xa453acb4  x3:0x00000000 x20=0x00000000
       10975000	      1096	80000cf4	01fc2ab3	slt	x21,x24,x31	 x24:0x00000001 x31:0x00000000 x21=0x00000000
       10985000	      1097	80000cf8	00b51233	sll	x4,x10,x11	 x10:0x80009f84 x11:0xfffffe47  x4=0x004fc200
       10995000	      1098	80000cfc	03c99c63	bne	x19,x28,80000d34	 x19:0xa453acb4 x28:0xff4a3c84
       11005000	      1099	00000000	00000013	addi	x0,x0,0	  x0:0x00000000
       11015000	      1100	80000d30	00000013	addi	x0,x0,0	  x0:0x00000000
       11025000	      1101	80000d34	00000013	addi	x0,x0,0	  x0:0x00000000
       11035000	      1102	80000d38	dc260693	addi	x13,x12,-574	 x12:0x00000000 x13=0xfffffdc2
       11045000	      1103	80000d3c	d2fc0c13	addi	x24,x24,-721	 x24:0x00000001 x24=0xfffffd30
       11055000	      1104	80000d40	2f953d93	sltiu	x27,x10,761	 x10:0x80009f84 x27=0x00000000
       11065000	      1105	80000d44	8bcea593	slti	x11,x29,-1860	 x29:0x00000001 x11=0x00000000
       11075000	      1106	80000d48	154c0d13	addi	x26,x24,340	 x24:0xfffffd30 x26=0xfffffe84
       11085000	      1107	80000d4c	00c26663	bltu	x4,x12,80000d58	  x4:0x004fc200 x12:0x00000000
       11095000	      1108	80000d50	40b7da13	srai	x20,x15,0xb	 x15:0x8b810c78 x20=0xfff17021
       11105000	      1109	80000d54	40515b93	srai	x23,x2,0x5	  x2:0x40b75c44 x23=0x0205bae2
       11115000	      1110	80000d58	006e1463	bne	x28,x6,80000d60	 x28:0xff4a3c84  x6:0xd2bb0239
       11125000	      1111	00000000	00000013	addi	x0,x0,0	  x0:0x00000000
       11135000	      1112	80000d5c	00000013	addi	x0,x0,0	  x0:0x00000000
       11145000	      1113	80000d60	972a8197	auipc	x3,0x972a8	  x3=0x172a8d5c
       11155000	      1114	80000d64	0080036f	jal	x6,80000d64	  x6=0x80000d64
       11165000	      1115	00000000	00000013	addi	x0,x0,0	  x0:0x00000000
       11175000	      1116	80000d68	00000013	addi	x0,x0,0	  x0:0x00000000
       11185000	      1117	80000d6c	02c009ef	jal	x19,80000d6c	 x19=0x80000d6c
       11195000	      1118	00000000	00000013	addi	x0,x0,0	  x0:0x00000000
       11205000	      1119	80000d94	00000013	addi	x0,x0,0	  x0:0x00000000
       11215000	      1120	80000d98	fedfff6f	jal	x30,80000d98	 x30=0x80000d98
       11225000	      1121	00000000	00000013	addi	x0,x0,0	  x0:0x00000000
       11235000	      1122	80000d80	00000013	addi	x0,x0,0	  x0:0x00000000
       11245000	      1123	80000d84	0280066f	jal	x12,80000d84	 x12=0x80000d84
       11255000	      1124	00000000	00000013	addi	x0,x0,0	  x0:0x00000000
       11265000	      1125	80000da8	00000013	addi	x0,x0,0	  x0:0x00000000
       11275000	      1126	80000dac	fe5ff36f	jal	x6,80000dac	  x6=0x80000dac
       11285000	      1127	00000000	00000013	addi	x0,x0,0	  x0:0x00000000
       11295000	      1128	80000d8c	00000013	addi	x0,x0,0	  x0:0x00000000
       11305000	      1129	80000d90	0140036f	jal	x6,80000d90	  x6=0x80000d90
       11315000	      1130	00000000	00000013	addi	x0,x0,0	  x0:0x00000000
       11325000	      1131	80000da0	00000013	addi	x0,x0,0	  x0:0x00000000
       11335000	      1132	80000da4	fd9ff36f	jal	x6,80000da4	  x6=0x80000da4
       11345000	      1133	00000000	00000013	addi	x0,x0,0	  x0:0x00000000
       11355000	      1134	80000d78	00000013	addi	x0,x0,0	  x0:0x00000000
       11365000	      1135	80000d7c	034001ef	jal	x3,80000d7c	  x3=0x80000d7c
       11375000	      1136	00000000	00000013	addi	x0,x0,0	  x0:0x00000000
       11385000	      1137	80000dac	00000013	addi	x0,x0,0	  x0:0x00000000
       11395000	      1138	80000db0	ff1fff6f	jal	x30,80000db0	 x30=0x80000db0
       11405000	      1139	00000000	00000013	addi	x0,x0,0	  x0:0x00000000
       11415000	      1140	80000d9c	00000013	addi	x0,x0,0	  x0:0x00000000
       11425000	      1141	80000da0	ffdffeef	jal	x29,80000da0	 x29=0x80000da0
       11435000	      1142	00000000	00000013	addi	x0,x0,0	  x0:0x00000000
       11445000	      1143	80000d98	00000013	addi	x0,x0,0	  x0:0x00000000
       11455000	      1144	80000d9c	fd5ff86f	jal	x16,80000d9c	 x16=0x80000d9c
       11465000	      1145	00000000	00000013	addi	x0,x0,0	  x0:0x00000000
       11475000	      1146	80000d6c	00000013	addi	x0,x0,0	  x0:0x00000000
       11485000	      1147	80000d70	0040036f	jal	x6,80000d70	  x6=0x80000d70
       11495000	      1148	00000000	00000013	addi	x0,x0,0	  x0:0x00000000
       11505000	      1149	80000d70	00000013	addi	x0,x0,0	  x0:0x00000000
       11515000	      1150	80000d74	0140036f	jal	x6,80000d74	  x6=0x80000d74
       11525000	      1151	00000000	00000013	addi	x0,x0,0	  x0:0x00000000
       11535000	      1152	80000d84	00000013	addi	x0,x0,0	  x0:0x00000000
       11545000	      1153	80000d88	fe1ff36f	jal	x6,80000d88	  x6=0x80000d88
       11555000	      1154	00000000	00000013	addi	x0,x0,0	  x0:0x00000000
       11565000	      1155	80000d64	00000013	addi	x0,x0,0	  x0:0x00000000
       11575000	      1156	80000d68	02c0036f	jal	x6,80000d68	  x6=0x80000d68
       11585000	      1157	00000000	00000013	addi	x0,x0,0	  x0:0x00000000
       11595000	      1158	80000d90	00000013	addi	x0,x0,0	  x0:0x00000000
       11605000	      1159	80000d94	fedff16f	jal	x2,80000d94	  x2=0x80000d94
       11615000	      1160	00000000	00000013	addi	x0,x0,0	  x0:0x00000000
       11625000	      1161	80000d7c	00000013	addi	x0,x0,0	  x0:0x00000000
       11635000	      1162	80000d80	ff9ff36f	jal	x6,80000d80	  x6=0x80000d80
       11645000	      1163	00000000	00000013	addi	x0,x0,0	  x0:0x00000000
       11655000	      1164	80000d74	00000013	addi	x0,x0,0	  x0:0x00000000
       11665000	      1165	80000d78	0140036f	jal	x6,80000d78	  x6=0x80000d78
       11675000	      1166	00000000	00000013	addi	x0,x0,0	  x0:0x00000000
       11685000	      1167	80000d88	00000013	addi	x0,x0,0	  x0:0x00000000
       11695000	      1168	80000d8c	01c003ef	jal	x7,80000d8c	  x7=0x80000d8c
       11705000	      1169	00000000	00000013	addi	x0,x0,0	  x0:0x00000000
       11715000	      1170	80000da4	00000013	addi	x0,x0,0	  x0:0x00000000
       11725000	      1171	80000da8	00c0036f	jal	x6,80000da8	  x6=0x80000da8
       11735000	      1172	00000000	00000013	addi	x0,x0,0	  x0:0x00000000
       11745000	      1173	80000db0	00000013	addi	x0,x0,0	  x0:0x00000000
       11755000	      1174	80000db4	809efb93	andi	x23,x29,-2039	 x29:0x80000da0 x23=0x80000800
       11765000	      1175	80000db8	1be67013	andi	x0,x12,446	 x12:0x80000d84
       11775000	      1176	80000dbc	415c5593	srai	x11,x24,0x15	 x24:0xfffffd30 x11=0xffffffff
       11785000	      1177	80000dc0	3eda6213	ori	x4,x20,1005	 x20:0xfff17021  x4=0xfff173ed
       11795000	      1178	80000dc4	00af9f13	slli	x30,x31,0xa	 x31:0x00000000 x30=0x00000000
       11805000	      1179	80000dc8	00109d93	slli	x27,x1,0x1	  x1:0x2d45025f x27=0x5a8a04be
       11815000	      1180	80000dcc	c5186593	ori	x11,x16,-943	 x16:0x80000d9c x11=0xfffffddd
       11825000	      1181	80000dd0	4046dd13	srai	x26,x13,0x4	 x13:0xfffffdc2 x26=0xffffffdc
       11835000	      1182	80000dd4	0349dc63	bge	x19,x20,80000e0c	 x19:0x80000d6c x20:0xfff17021
       11845000	      1183	80000dd8	00f81c63	bne	x16,x15,80000df0	 x16:0x80000d9c x15:0x8b810c78
       11855000	      1184	00000000	00000013	addi	x0,x0,0	  x0:0x00000000
       11865000	      1185	80000dec	00000013	addi	x0,x0,0	  x0:0x00000000
       11875000	      1186	80000df0	0062d2b3	srl	x5,x5,x6	  x5:0x00000000  x6:0x80000da8  x5=0x00000000
       11885000	      1187	80000df4	41c80b33	sub	x22,x16,x28	 x16:0x80000d9c x28:0xff4a3c84 x22=0x80b5d118
       11895000	      1188	80000df8	ede68993	addi	x19,x13,-290	 x13:0xfffffdc2 x19=0xfffffca0
       11905000	      1189	80000dfc	00261933	sll	x18,x12,x2	 x12:0x80000d84  x2:0x80000d94 x18=0xd8400000
       11915000	      1190	80000e00	0155ad33	slt	x26,x11,x21	 x11:0xfffffddd x21:0x00000000 x26=0x00000001
       11925000	      1191	80000e04	827ab693	sltiu	x13,x21,-2009	 x21:0x00000000 x13=0x00000001
       11935000	      1192	80000e08	409fdb13	srai	x22,x31,0x9	 x31:0x00000000 x22=0x00000000
       11945000	      1193	80000e0c	01b31f13	slli	x30,x6,0x1b	  x6:0x80000da8 x30=0x40000000
       11955000	      1194	80000e10	03f2cc63	blt	x5,x31,80000e48	  x5:0x00000000 x31:0x00000000
       11965000	      1195	80000e14	00833433	sltu	x8,x6,x8	  x6:0x80000da8  x8:0x00000000  x8=0x00000000
       11975000	      1196	80000e18	02bbe263	bltu	x23,x11,80000e3c	 x23:0x80000800 x11:0xfffffddd
       11985000	      1197	00000000	00000013	addi	x0,x0,0	  x0:0x00000000
       11995000	      1198	80000e38	00000013	addi	x0,x0,0	  x0:0x00000000
       12005000	      1199	80000e3c	382a3c13	sltiu	x24,x20,898	 x20:0xfff17021 x24=0x00000000
       12015000	      1200	80000e40	02141c63	bne	x8,x1,80000e78	  x8:0x00000000  x1:0x2d45025f
       12025000	      1201	00000000	00000013	addi	x0,x0,0	  x0:0x00000000
       12035000	      1202	80000e74	00000013	addi	x0,x0,0	  x0:0x00000000
       12045000	      1203	80000e78	00d17a33	and	x20,x2,x13	  x2:0x80000d94 x13:0x00000001 x20=0x00000000
       12055000	      1204	80000e7c	01f56bb3	or	x23,x10,x31	 x10:0x80009f84 x31:0x00000000 x23=0x80009f84
       12065000	      1205	80000e80	a2f94313	xori	x6,x18,-1489	 x18:0xd8400000  x6=0x27bffa2f
       12075000	      1206	80000e84	41ad85b3	sub	x11,x27,x26	 x27:0x5a8a04be x26:0x00000001 x11=0x5a8a04bd
       12085000	      1207	80000e88	0280036f	jal	x6,80000e88	  x6=0x80000e88
       12095000	      1208	00000000	00000013	addi	x0,x0,0	  x0:0x00000000
       12105000	      1209	80000eac	00000013	addi	x0,x0,0	  x0:0x00000000
       12115000	      1210	80000eb0	fe5ff96f	jal	x18,80000eb0	 x18=0x80000eb0
       12125000	      1211	00000000	00000013	addi	x0,x0,0	  x0:0x00000000
       12135000	      1212	80000e90	00000013	addi	x0,x0,0	  x0:0x00000000
       12145000	      1213	80000e94	01800a6f	jal	x20,80000e94	 x20=0x80000e94
       12155000	      1214	00000000	00000013	addi	x0,x0,0	  x0:0x00000000
       12165000	      1215	80000ea8	00000013	addi	x0,x0,0	  x0:0x00000000
       12175000	      1216	80000eac	fedff1ef	jal	x3,80000eac	  x3=0x80000eac
       12185000	      1217	00000000	00000013	addi	x0,x0,0	  x0:0x00000000
       12195000	      1218	80000e94	00000013	addi	x0,x0,0	  x0:0x00000000
       12205000	      1219	80000e98	02400bef	jal	x23,80000e98	 x23=0x80000e98
       12215000	      1220	00000000	00000013	addi	x0,x0,0	  x0:0x00000000
       12225000	      1221	80000eb8	00000013	addi	x0,x0,0	  x0:0x00000000
       12235000	      1222	80000ebc	fedffdef	jal	x27,80000ebc	 x27=0x80000ebc
       12245000	      1223	00000000	00000013	addi	x0,x0,0	  x0:0x00000000
       12255000	      1224	80000ea4	00000013	addi	x0,x0,0	  x0:0x00000000
       12265000	      1225	80000ea8	fe5ff4ef	jal	x9,80000ea8	  x9=0x80000ea8
       12275000	      1226	00000000	00000013	addi	x0,x0,0	  x0:0x00000000
       12285000	      1227	80000e88	00000013	addi	x0,x0,0	  x0:0x00000000
       12295000	      1228	80000e8c	01800bef	jal	x23,80000e8c	 x23=0x80000e8c
       12305000	      1229	00000000	00000013	addi	x0,x0,0	  x0:0x00000000
       12315000	      1230	80000ea0	00000013	addi	x0,x0,0	  x0:0x00000000
       12325000	      1231	80000ea4	ff9ff36f	jal	x6,80000ea4	  x6=0x80000ea4
       12335000	      1232	00000000	00000013	addi	x0,x0,0	  x0:0x00000000
       12345000	      1233	80000e98	00000013	addi	x0,x0,0	  x0:0x00000000
       12355000	      1234	80000e9c	0040036f	jal	x6,80000e9c	  x6=0x80000e9c
       12365000	      1235	00000000	00000013	addi	x0,x0,0	  x0:0x00000000
       12375000	      1236	80000e9c	00000013	addi	x0,x0,0	  x0:0x00000000
       12385000	      1237	80000ea0	01800fef	jal	x31,80000ea0	 x31=0x80000ea0
       12395000	      1238	00000000	00000013	addi	x0,x0,0	  x0:0x00000000
       12405000	      1239	80000eb4	00000013	addi	x0,x0,0	  x0:0x00000000
       12415000	      1240	80000eb8	fd9ff36f	jal	x6,80000eb8	  x6=0x80000eb8
       12425000	      1241	00000000	00000013	addi	x0,x0,0	  x0:0x00000000
       12435000	      1242	80000e8c	00000013	addi	x0,x0,0	  x0:0x00000000
       12445000	      1243	80000e90	0240016f	jal	x2,80000e90	  x2=0x80000e90
       12455000	      1244	00000000	00000013	addi	x0,x0,0	  x0:0x00000000
       12465000	      1245	80000eb0	00000013	addi	x0,x0,0	  x0:0x00000000
       12475000	      1246	80000eb4	00c0026f	jal	x4,80000eb4	  x4=0x80000eb4
       12485000	      1247	00000000	00000013	addi	x0,x0,0	  x0:0x00000000
       12495000	      1248	80000ebc	00000013	addi	x0,x0,0	  x0:0x00000000
       12505000	      1249	80000ec0	015ea333	slt	x6,x29,x21	 x29:0x80000da0 x21:0x00000000  x6=0x00000001
       12515000	      1250	80000ec4	f736e213	ori	x4,x13,-141	 x13:0x00000001  x4=0xffffff73
       12525000	      1251	80000ec8	01fb7463	bgeu	x22,x31,80000ed0	 x22:0x00000000 x31:0x80000ea0
       12535000	      1252	80000ecc	00ea9c63	bne	x21,x14,80000ee4	 x21:0x00000000 x14:0x00000000
       12545000	      1253	80000ed0	01e671b3	and	x3,x12,x30	 x12:0x80000d84 x30:0x40000000  x3=0x00000000
       12555000	      1254	80000ed4	97397997	auipc	x19,0x97397	 x19=0x17397ed0
       12565000	      1255	80000ed8	03101c63	bne	x0,x17,80000f10	  x0:0x00000000 x17:0x00000000
       12575000	      1256	80000edc	40638db3	sub	x27,x7,x6	  x7:0x80000d8c  x6:0x00000001 x27=0x80000d8b
       12585000	      1257	80000ee0	0c7baf13	slti	x30,x23,199	 x23:0x80000e8c x30=0x00000001
       12595000	      1258	80000ee4	0025c433	xor	x8,x11,x2	 x11:0x5a8a04bd  x2:0x80000e90  x8=0xda8a0a2d
       12605000	      1259	80000ee8	41c054b3	sra	x9,x0,x28	  x0:0x00000000 x28:0xff4a3c84  x9=0x00000000
       12615000	      1260	80000eec	018863b3	or	x7,x16,x24	 x16:0x80000d9c x24:0x00000000  x7=0x80000d9c
       12625000	      1261	80000ef0	f5326893	ori	x17,x4,-173	  x4:0xffffff73 x17=0xffffff73
       12635000	      1262	80000ef4	010ec3b3	xor	x7,x29,x16	 x29:0x80000da0 x16:0x80000d9c  x7=0x0000003c
       12645000	      1263	80000ef8	0111fc63	bgeu	x3,x17,80000f10	  x3:0x00000000 x17:0xffffff73
       12655000	      1264	80000efc	002aab33	slt	x22,x21,x2	 x21:0x00000000  x2:0x80000e90 x22=0x00000000
       12665000	      1265	80000f00	0577c663	blt	x15,x23,80000f4c	 x15:0x8b810c78 x23:0x80000e8c
       12675000	      1266	80000f04	03d29c63	bne	x5,x29,80000f3c	  x5:0x00000000 x29:0x80000da0
       12685000	      1267	00000000	00000013	addi	x0,x0,0	  x0:0x00000000
       12695000	      1268	80000f38	00000013	addi	x0,x0,0	  x0:0x00000000
       12705000	      1269	80000f3c	c526f193	andi	x3,x13,-942	 x13:0x00000001  x3=0x00000000
       12715000	      1270	80000f40	41535313	srai	x6,x6,0x15	  x6:0x00000001  x6=0x00000000
       12725000	      1271	80000f44	00094833	xor	x16,x18,x0	 x18:0x80000eb0  x0:0x00000000 x16=0x80000eb0
       12735000	      1272	80000f48	00000013	addi	x0,x0,0	  x0:0x00000000
       12745000	      1273	80000f4c	63ca7593	andi	x11,x20,1596	 x20:0x80000e94 x11=0x00000614
       12755000	      1274	80000f50	01d30f33	add	x30,x6,x29	  x6:0x00000000 x29:0x80000da0 x30=0x80000da0
       12765000	      1275	80000f54	002b5013	srli	x0,x22,0x2	 x22:0x00000000
       12775000	      1276	80000f58	00681113	slli	x2,x16,0x6	 x16:0x80000eb0  x2=0x0003ac00
       12785000	      1277	80000f5c	001e5813	srli	x16,x28,0x1	 x28:0xff4a3c84 x16=0x7fa51e42
       12795000	      1278	80000f60	023e1063	bne	x28,x3,80000f80	 x28:0xff4a3c84  x3:0x00000000
       12805000	      1279	00000000	00000013	addi	x0,x0,0	  x0:0x00000000
       12815000	      1280	80000f7c	00000013	addi	x0,x0,0	  x0:0x00000000
       12825000	      1281	80000f80	01614e33	xor	x28,x2,x22	  x2:0x0003ac00 x22:0x00000000 x28=0x0003ac00
       12835000	      1282	80000f84	41b009b3	sub	x19,x0,x27	  x0:0x00000000 x27:0x80000d8b x19=0x7ffff275
       12845000	      1283	80000f88	057af663	bgeu	x21,x23,80000fd4	 x21:0x00000000 x23:0x80000e8c
       12855000	      1284	80000f8c	00a68463	beq	x13,x10,80000f94	 x13:0x00000001 x10:0x80009f84
       12865000	      1285	80000f90	01dc2433	slt	x8,x24,x29	 x24:0x00000000 x29:0x80000da0  x8=0x00000000
       12875000	      1286	80000f94	40ca57b3	sra	x15,x20,x12	 x20:0x80000e94 x12:0x80000d84 x15=0xf80000e9
       12885000	      1287	80000f98	98f73b93	sltiu	x23,x14,-1649	 x14:0x00000000 x23=0x00000001
       12895000	      1288	80000f9c	006f9f93	slli	x31,x31,0x6	 x31:0x80000ea0 x31=0x0003a800
       12905000	      1289	80000fa0	6902ed97	auipc	x27,0x6902e	 x27=0xe902ef9c
       12915000	      1290	80000fa4	016fa7b3	slt	x15,x31,x22	 x31:0x0003a800 x22:0x00000000 x15=0x00000000
       12925000	      1291	80000fa8	ce800613	addi	x12,x0,-792	  x0:0x00000000 x12=0xfffffce8
       12935000	      1292	80000fac	017597b3	sll	x15,x11,x23	 x11:0x00000614 x23:0x00000001 x15=0x00000c28
       12945000	      1293	80000fb0	00d641b3	xor	x3,x12,x13	 x12:0xfffffce8 x13:0x00000001  x3=0xfffffce9
       12955000	      1294	80000fb4	73e63193	sltiu	x3,x12,1854	 x12:0xfffffce8  x3=0x00000000
       12965000	      1295	80000fb8	00000013	addi	x0,x0,0	  x0:0x00000000
       12975000	      1296	80000fbc	59000d13	addi	x26,x0,1424	  x0:0x00000000 x26=0x00000590
       12985000	      1297	80000fc0	21572213	slti	x4,x14,533	 x14:0x00000000  x4=0x00000001
       12995000	      1298	80000fc4	41db5393	srai	x7,x22,0x1d	 x22:0x00000000  x7=0x00000000
       13005000	      1299	80000fc8	003f6a63	bltu	x30,x3,80000fdc	 x30:0x80000da0  x3:0x00000000
       13015000	      1300	80000fcc	4152d133	sra	x2,x5,x21	  x5:0x00000000 x21:0x00000000  x2=0x00000000
       13025000	      1301	80000fd0	01e0d113	srli	x2,x1,0x1e	  x1:0x2d45025f  x2=0x00000000
       13035000	      1302	80000fd4	3b624e93	xori	x29,x4,950	  x4:0x00000001 x29=0x000003b7
       13045000	      1303	80000fd8	00b6fc33	and	x24,x13,x11	 x13:0x00000001 x11:0x00000614 x24=0x00000000
       13055000	      1304	80000fdc	87933413	sltiu	x8,x6,-1927	  x6:0x00000000  x8=0x00000001
       13065000	      1305	80000fe0	40970bb3	sub	x23,x14,x9	 x14:0x00000000  x9:0x00000000 x23=0x00000000
       13075000	      1306	80000fe4	31ea2313	slti	x6,x20,798	 x20:0x80000e94  x6=0x00000001
       13085000	      1307	80000fe8	9aabb637	lui	x12,0x9aabb	 x12=0x9aabb000
       13095000	      1308	80000fec	026bd463	bge	x23,x6,80001014	 x23:0x00000000  x6:0x00000001
       13105000	      1309	80000ff0	005b6ab3	or	x21,x22,x5	 x22:0x00000000  x5:0x00000000 x21=0x00000000
       13115000	      1310	80000ff4	c6792313	slti	x6,x18,-921	 x18:0x80000eb0  x6=0x00000001
       13125000	      1311	80000ff8	411f0d33	sub	x26,x30,x17	 x30:0x80000da0 x17:0xffffff73 x26=0x80000e2d
       13135000	      1312	80000ffc	01705193	srli	x3,x0,0x17	  x0:0x00000000  x3=0x00000000
       13145000	      1313	80001000	00751133	sll	x2,x10,x7	 x10:0x80009f84  x7:0x00000000  x2=0x80009f84
       13155000	      1314	80001004	001e1e33	sll	x28,x28,x1	 x28:0x0003ac00  x1:0x2d45025f x28=0x00000000
       13165000	      1315	80001008	a00da613	slti	x12,x27,-1536	 x27:0xe902ef9c x12=0x00000001
       13175000	      1316	8000100c	01d87863	bgeu	x16,x29,8000101c	 x16:0x7fa51e42 x29:0x000003b7
       13185000	      1317	00000000	00000013	addi	x0,x0,0	  x0:0x00000000
       13195000	      1318	80001018	00000013	addi	x0,x0,0	  x0:0x00000000
       13205000	      1319	8000101c	8e6f7d93	andi	x27,x30,-1818	 x30:0x80000da0 x27=0x800008a0
       13215000	      1320	80001020	2589c893	xori	x17,x19,600	 x19:0x7ffff275 x17=0x7ffff02d
       13225000	      1321	80001024	018d9793	slli	x15,x27,0x18	 x27:0x800008a0 x15=0xa0000000
       13235000	      1322	80001028	01726463	bltu	x4,x23,80001030	  x4:0x00000001 x23:0x00000000
       13245000	      1323	8000102c	065f0a13	addi	x20,x30,101	 x30:0x80000da0 x20=0x80000e05
       13255000	      1324	80001030	0c588d17	auipc	x26,0xc588	 x26=0x8c58902c
       13265000	      1325	80001034	00695433	srl	x8,x18,x6	 x18:0x80000eb0  x6:0x00000001  x8=0x40000758
       13275000	      1326	80001038	2ec4feb7	lui	x29,0x2ec4f	 x29=0x2ec4f000
       13285000	      1327	8000103c	00afd663	bge	x31,x10,80001048	 x31:0x0003a800 x10:0x80009f84
       13295000	      1328	00000000	00000013	addi	x0,x0,0	  x0:0x00000000
       13305000	      1329	80001044	00000013	addi	x0,x0,0	  x0:0x00000000
       13315000	      1330	80001048	e134c613	xori	x12,x9,-493	  x9:0x00000000 x12=0xfffffe13
       13325000	      1331	8000104c	01b259b3	srl	x19,x4,x27	  x4:0x00000001 x27:0x800008a0 x19=0x00000001
       13335000	      1332	80001050	01209d93	slli	x27,x1,0x12	  x1:0x2d45025f x27=0x097c0000
       13345000	      1333	80001054	886a2297	auipc	x5,0x886a2	  x5=0x086a3050
       13355000	      1334	80001058	1124ebb7	lui	x23,0x1124e	 x23=0x1124e000
       13365000	      1335	8000105c	01db6fb3	or	x31,x22,x29	 x22:0x00000000 x29:0x2ec4f000 x31=0x2ec4f000
       13375000	      1336	80001060	001b7463	bgeu	x22,x1,80001068	 x22:0x00000000  x1:0x2d45025f
       13385000	      1337	80001064	2fc9f213	andi	x4,x19,764	 x19:0x00000001  x4=0x00000000
       13395000	      1338	80001068	00013eb3	sltu	x29,x2,x0	  x2:0x80009f84  x0:0x00000000 x29=0x00000000
       13405000	      1339	8000106c	01fea393	slti	x7,x29,31	 x29:0x00000000  x7=0x00000001
       13415000	      1340	80001070	00fe3133	sltu	x2,x28,x15	 x28:0x00000000 x15:0xa0000000  x2=0x00000001
       13425000	      1341	80001074	01c61263	bne	x12,x28,80001078	 x12:0xfffffe13 x28:0x00000000
       13435000	      1342	00000000	00000013	addi	x0,x0,0	  x0:0x00000000
       13445000	      1343	80001074	00000013	addi	x0,x0,0	  x0:0x00000000
       13455000	      1344	80001078	01f39fb3	sll	x31,x7,x31	  x7:0x00000001 x31:0x2ec4f000 x31=0x00000001
       13465000	      1345	8000107c	00000097	auipc	x1,0x0	  x1=0x80001078
       13475000	      1346	80001080	00c08093	addi	x1,x1,12	  x1:0x80001078  x1=0x80001084
       13485000	      1347	80001084	00008067	jalr	x0,x1,0	  x1:0x80001084
       13495000	      1348	00000000	00000013	addi	x0,x0,0	  x0:0x00000000
       13505000	      1349	80001084	00000013	addi	x0,x0,0	  x0:0x00000000
       13515000	      1350	80001088	00100193	addi	x3,x0,1	  x0:0x00000000  x3=0x00000001
       13525000	      1351	8000108c	00000073	ecall	
       13535000	      1352	80001090	40c18eb3	sub	x29,x3,x12	  x3:0x00000001 x12:0xfffffe13 x29=0x000001ee
