		Time			Cycle	PC		Insn	Decoded instruction	Register and memory contents
          65000	         5	80000004	00000293	addi	x5,x0,0	  x0:0x00000000  x5=0x00000000
          75000	         6	80000008	00000313	addi	x6,x0,0	  x0:0x00000000  x6=0x00000000
          85000	         7	8000000c	00628263	beq	x5,x6,80000010	  x5:0x00000000  x6:0x00000000
          95000	         8	00000000	00000013	addi	x0,x0,0	  x0:0x00000000
         105000	         9	8000000c	00000013	addi	x0,x0,0	  x0:0x00000000
         115000	        10	80000010	00000c97	auipc	x25,0x0	 x25=0x8000000c
         125000	        11	80000014	00cc8c93	addi	x25,x25,12	 x25:0x8000000c x25=0x80000018
         135000	        12	80000018	000c8067	jalr	x0,x25,0	 x25:0x80000018
         145000	        13	00000000	00000013	addi	x0,x0,0	  x0:0x00000000
         155000	        14	80000018	00000013	addi	x0,x0,0	  x0:0x00000000
         165000	        15	8000001c	400007b7	lui	x15,0x40000	 x15=0x40000000
         175000	        16	80000020	10078793	addi	x15,x15,256	 x15:0x40000000 x15=0x40000100
         185000	        17	80000024	00000013	addi	x0,x0,0	  x0:0x00000000
         195000	        18	80000028	0000a917	auipc	x18,0xa	 x18=0x8000a024
         205000	        19	8000002c	fa090913	addi	x18,x18,-96	 x18:0x8000a024 x18=0x80009fc4
         215000	        20	80000030	00004797	auipc	x15,0x4	 x15=0x8000402c
         225000	        21	80000034	64878793	addi	x15,x15,1608	 x15:0x8000402c x15=0x80004674
         235000	        22	80000038	0007e793	ori	x15,x15,0	 x15:0x80004674 x15=0x80004674
         245000	        23	8000003c	00000013	addi	x0,x0,0	  x0:0x00000000
         255000	        24	80000040	00000797	auipc	x15,0x0	 x15=0x8000003c
         265000	        25	80000044	02078793	addi	x15,x15,32	 x15:0x8000003c x15=0x8000005c
         275000	        26	80000048	00000013	addi	x0,x0,0	  x0:0x00000000
         285000	        27	8000004c	00000013	addi	x0,x0,0	  x0:0x00000000
         295000	        28	80000050	000027b7	lui	x15,0x2	 x15=0x00002000
         305000	        29	80000054	80078793	addi	x15,x15,-2048	 x15:0x00002000 x15=0x00001800
         315000	        30	80000058	00000013	addi	x0,x0,0	  x0:0x00000000
         325000	        31	8000005c	00000013	addi	x0,x0,0	  x0:0x00000000
         335000	        32	80000060	14b85037	lui	x0,0x14b85	
         345000	        33	80000064	e9c00013	addi	x0,x0,-356	  x0:0x00000000
         355000	        34	80000068	800000b7	lui	x1,0x80000	  x1=0x80000000
         365000	        35	8000006c	2cfc7137	lui	x2,0x2cfc7	  x2=0x2cfc7000
         375000	        36	80000070	31610113	addi	x2,x2,790	  x2:0x2cfc7000  x2=0x2cfc7316
         385000	        37	80000074	9c0a81b7	lui	x3,0x9c0a8	  x3=0x9c0a8000
         395000	        38	80000078	7eb18193	addi	x3,x3,2027	  x3:0x9c0a8000  x3=0x9c0a87eb
         405000	        39	8000007c	ce066237	lui	x4,0xce066	  x4=0xce066000
         415000	        40	80000080	30420213	addi	x4,x4,772	  x4:0xce066000  x4=0xce066304
         425000	        41	80000084	80000337	lui	x6,0x80000	  x6=0x80000000
         435000	        42	80000088	00500393	addi	x7,x0,5	  x0:0x00000000  x7=0x00000005
         445000	        43	8000008c	f8bdd437	lui	x8,0xf8bdd	  x8=0xf8bdd000
         455000	        44	80000090	59f40413	addi	x8,x8,1439	  x8:0xf8bdd000  x8=0xf8bdd59f
         465000	        45	80000094	800004b7	lui	x9,0x80000	  x9=0x80000000
         475000	        46	80000098	00800513	addi	x10,x0,8	  x0:0x00000000 x10=0x00000008
         485000	        47	8000009c	800005b7	lui	x11,0x80000	 x11=0x80000000
         495000	        48	800000a0	00000613	addi	x12,x0,0	  x0:0x00000000 x12=0x00000000
         505000	        49	800000a4	00000693	addi	x13,x0,0	  x0:0x00000000 x13=0x00000000
         515000	        50	800000a8	00600713	addi	x14,x0,6	  x0:0x00000000 x14=0x00000006
         525000	        51	800000ac	800007b7	lui	x15,0x80000	 x15=0x80000000
         535000	        52	800000b0	80000837	lui	x16,0x80000	 x16=0x80000000
         545000	        53	800000b4	74bed8b7	lui	x17,0x74bed	 x17=0x74bed000
         555000	        54	800000b8	28888893	addi	x17,x17,648	 x17:0x74bed000 x17=0x74bed288
         565000	        55	800000bc	800009b7	lui	x19,0x80000	 x19=0x80000000
         575000	        56	800000c0	00000a13	addi	x20,x0,0	  x0:0x00000000 x20=0x00000000
         585000	        57	800000c4	e06b6ab7	lui	x21,0xe06b6	 x21=0xe06b6000
         595000	        58	800000c8	7d1a8a93	addi	x21,x21,2001	 x21:0xe06b6000 x21=0xe06b67d1
         605000	        59	800000cc	00000b13	addi	x22,x0,0	  x0:0x00000000 x22=0x00000000
         615000	        60	800000d0	fd1a2bb7	lui	x23,0xfd1a2	 x23=0xfd1a2000
         625000	        61	800000d4	cbcb8b93	addi	x23,x23,-836	 x23:0xfd1a2000 x23=0xfd1a1cbc
         635000	        62	800000d8	00000c13	addi	x24,x0,0	  x0:0x00000000 x24=0x00000000
         645000	        63	800000dc	00600c93	addi	x25,x0,6	  x0:0x00000000 x25=0x00000006
         655000	        64	800000e0	d9d60d37	lui	x26,0xd9d60	 x26=0xd9d60000
         665000	        65	800000e4	3c7d0d13	addi	x26,x26,967	 x26:0xd9d60000 x26=0xd9d603c7
         675000	        66	800000e8	03b1adb7	lui	x27,0x3b1a	 x27=0x03b1a000
         685000	        67	800000ec	082d8d93	addi	x27,x27,130	 x27:0x03b1a000 x27=0x03b1a082
         695000	        68	800000f0	00e00e13	addi	x28,x0,14	  x0:0x00000000 x28=0x0000000e
         705000	        69	800000f4	00000e93	addi	x29,x0,0	  x0:0x00000000 x29=0x00000000
         715000	        70	800000f8	f4841f37	lui	x30,0xf4841	 x30=0xf4841000
         725000	        71	800000fc	d80f0f13	addi	x30,x30,-640	 x30:0xf4841000 x30=0xf4840d80
         735000	        72	80000100	80000fb7	lui	x31,0x80000	 x31=0x80000000
         745000	        73	80000104	0000a297	auipc	x5,0xa	  x5=0x8000a100
         755000	        74	80000108	e8428293	addi	x5,x5,-380	  x5:0x8000a100  x5=0x80009f84
         765000	        75	8000010c	00c00f6f	jal	x30,8000010c	 x30=0x8000010c
         775000	        76	00000000	00000013	addi	x0,x0,0	  x0:0x00000000
         785000	        77	80000114	00000013	addi	x0,x0,0	  x0:0x00000000
         795000	        78	80000118	040000ef	jal	x1,80000118	  x1=0x80000118
         805000	        79	00000000	00000013	addi	x0,x0,0	  x0:0x00000000
         815000	        80	80000154	00000013	addi	x0,x0,0	  x0:0x00000000
         825000	        81	80000158	008000ef	jal	x1,80000158	  x1=0x80000158
         835000	        82	00000000	00000013	addi	x0,x0,0	  x0:0x00000000
         845000	        83	8000015c	00000013	addi	x0,x0,0	  x0:0x00000000
         855000	        84	80000160	fd9ff0ef	jal	x1,80000160	  x1=0x80000160
         865000	        85	00000000	00000013	addi	x0,x0,0	  x0:0x00000000
         875000	        86	80000134	00000013	addi	x0,x0,0	  x0:0x00000000
         885000	        87	80000138	fe5ff0ef	jal	x1,80000138	  x1=0x80000138
         895000	        88	00000000	00000013	addi	x0,x0,0	  x0:0x00000000
         905000	        89	80000118	00000013	addi	x0,x0,0	  x0:0x00000000
         915000	        90	8000011c	02c0036f	jal	x6,8000011c	  x6=0x8000011c
         925000	        91	00000000	00000013	addi	x0,x0,0	  x0:0x00000000
         935000	        92	80000144	00000013	addi	x0,x0,0	  x0:0x00000000
         945000	        93	80000148	0040036f	jal	x6,80000148	  x6=0x80000148
         955000	        94	00000000	00000013	addi	x0,x0,0	  x0:0x00000000
         965000	        95	80000148	00000013	addi	x0,x0,0	  x0:0x00000000
         975000	        96	8000014c	fddff0ef	jal	x1,8000014c	  x1=0x8000014c
         985000	        97	00000000	00000013	addi	x0,x0,0	  x0:0x00000000
         995000	        98	80000124	00000013	addi	x0,x0,0	  x0:0x00000000
        1005000	        99	80000128	018000ef	jal	x1,80000128	  x1=0x80000128
        1015000	       100	00000000	00000013	addi	x0,x0,0	  x0:0x00000000
        1025000	       101	8000013c	00000013	addi	x0,x0,0	  x0:0x00000000
        1035000	       102	80000140	ff1ff0ef	jal	x1,80000140	  x1=0x80000140
        1045000	       103	00000000	00000013	addi	x0,x0,0	  x0:0x00000000
        1055000	       104	8000012c	00000013	addi	x0,x0,0	  x0:0x00000000
        1065000	       105	80000130	020007ef	jal	x15,80000130	 x15=0x80000130
        1075000	       106	00000000	00000013	addi	x0,x0,0	  x0:0x00000000
        1085000	       107	8000014c	00000013	addi	x0,x0,0	  x0:0x00000000
        1095000	       108	80000150	fd5ff1ef	jal	x3,80000150	  x3=0x80000150
        1105000	       109	00000000	00000013	addi	x0,x0,0	  x0:0x00000000
        1115000	       110	80000120	00000013	addi	x0,x0,0	  x0:0x00000000
        1125000	       111	80000124	040000ef	jal	x1,80000124	  x1=0x80000124
        1135000	       112	00000000	00000013	addi	x0,x0,0	  x0:0x00000000
        1145000	       113	80000160	00000013	addi	x0,x0,0	  x0:0x00000000
        1155000	       114	80000164	fadff36f	jal	x6,80000164	  x6=0x80000164
        1165000	       115	00000000	00000013	addi	x0,x0,0	  x0:0x00000000
        1175000	       116	8000010c	00000013	addi	x0,x0,0	  x0:0x00000000
        1185000	       117	80000110	0340036f	jal	x6,80000110	  x6=0x80000110
        1195000	       118	00000000	00000013	addi	x0,x0,0	  x0:0x00000000
        1205000	       119	80000140	00000013	addi	x0,x0,0	  x0:0x00000000
        1215000	       120	80000144	018001ef	jal	x3,80000144	  x3=0x80000144
        1225000	       121	00000000	00000013	addi	x0,x0,0	  x0:0x00000000
        1235000	       122	80000158	00000013	addi	x0,x0,0	  x0:0x00000000
        1245000	       123	8000015c	fb9ff0ef	jal	x1,8000015c	  x1=0x8000015c
        1255000	       124	00000000	00000013	addi	x0,x0,0	  x0:0x00000000
        1265000	       125	80000110	00000013	addi	x0,x0,0	  x0:0x00000000
        1275000	       126	80000114	0400036f	jal	x6,80000114	  x6=0x80000114
        1285000	       127	00000000	00000013	addi	x0,x0,0	  x0:0x00000000
        1295000	       128	80000150	00000013	addi	x0,x0,0	  x0:0x00000000
        1305000	       129	80000154	fcdff4ef	jal	x9,80000154	  x9=0x80000154
        1315000	       130	00000000	00000013	addi	x0,x0,0	  x0:0x00000000
        1325000	       131	8000011c	00000013	addi	x0,x0,0	  x0:0x00000000
        1335000	       132	80000120	014000ef	jal	x1,80000120	  x1=0x80000120
        1345000	       133	00000000	00000013	addi	x0,x0,0	  x0:0x00000000
        1355000	       134	80000130	00000013	addi	x0,x0,0	  x0:0x00000000
        1365000	       135	80000134	034000ef	jal	x1,80000134	  x1=0x80000134
        1375000	       136	00000000	00000013	addi	x0,x0,0	  x0:0x00000000
        1385000	       137	80000164	00000013	addi	x0,x0,0	  x0:0x00000000
        1395000	       138	80000168	fd5ff36f	jal	x6,80000168	  x6=0x80000168
        1405000	       139	00000000	00000013	addi	x0,x0,0	  x0:0x00000000
        1415000	       140	80000138	00000013	addi	x0,x0,0	  x0:0x00000000
        1425000	       141	8000013c	ff1ff16f	jal	x2,8000013c	  x2=0x8000013c
        1435000	       142	00000000	00000013	addi	x0,x0,0	  x0:0x00000000
        1445000	       143	80000128	00000013	addi	x0,x0,0	  x0:0x00000000
        1455000	       144	8000012c	0400036f	jal	x6,8000012c	  x6=0x8000012c
        1465000	       145	00000000	00000013	addi	x0,x0,0	  x0:0x00000000
        1475000	       146	80000168	00000013	addi	x0,x0,0	  x0:0x00000000
        1485000	       147	8000016c	012ad733	srl	x14,x21,x18	 x21:0xe06b67d1 x18:0x80009fc4 x14=0x0e06b67d
        1495000	       148	80000170	008cf333	and	x6,x25,x8	 x25:0x00000006  x8:0xf8bdd59f  x6=0x00000006
        1505000	       149	80000174	005ba1b3	slt	x3,x23,x5	 x23:0xfd1a1cbc  x5:0x80009f84  x3=0x00000000
        1515000	       150	80000178	51554a93	xori	x21,x10,1301	 x10:0x00000008 x21=0x0000051d
        1525000	       151	8000017c	05a5fe63	bgeu	x11,x26,800001d8	 x11:0x80000000 x26:0xd9d603c7
        1535000	       152	80000180	00000117	auipc	x2,0x0	  x2=0x8000017c
        1545000	       153	80000184	0f410113	addi	x2,x2,244	  x2:0x8000017c  x2=0x80000270
        1555000	       154	80000188	d1510113	addi	x2,x2,-747	  x2:0x80000270  x2=0x7fffff85
        1565000	       155	8000018c	00203b33	sltu	x22,x0,x2	  x0:0x00000000  x2:0x7fffff85 x22=0x00000001
        1575000	       156	80000190	00000013	addi	x0,x0,0	  x0:0x00000000
        1585000	       157	80000194	411b0333	sub	x6,x22,x17	 x22:0x00000001 x17:0x74bed288  x6=0x8b412d79
        1595000	       158	80000198	0151d433	srl	x8,x3,x21	  x3:0x00000000 x21:0x0000051d  x8=0x00000000
        1605000	       159	8000019c	003f1f93	slli	x31,x30,0x3	 x30:0x8000010c x31=0x00000860
        1615000	       160	800001a0	404856b3	sra	x13,x16,x4	 x16:0x80000000  x4:0xce066304 x13=0xf8000000
        1625000	       161	800001a4	2eb10f67	jalr	x30,x2,747	  x2:0x7fffff85 x30=0x800001a4
        1635000	       162	00000000	00000013	addi	x0,x0,0	  x0:0x00000000
        1645000	       163	80000270	00000013	addi	x0,x0,0	  x0:0x00000000
        1655000	       164	80000274	010b7263	bgeu	x22,x16,80000278	 x22:0x00000001 x16:0x80000000
        1665000	       165	80000278	fd828293	addi	x5,x5,-40	  x5:0x80009f84  x5=0x80009f5c
        1675000	       166	8000027c	8df4b993	sltiu	x19,x9,-1825	  x9:0x80000154 x19=0x00000001
        1685000	       167	80000280	01e2a223	sw	x30,4(x5)	  x5:0x80009f5c x30:0x800001a4 PA:0x80009f60
        1695000	       168	80000284	40c20e33	sub	x28,x4,x12	  x4:0xce066304 x12:0x00000000 x28=0xce066304
        1705000	       169	80000288	ed090097	auipc	x1,0xed090	  x1=0x6d090284
        1715000	       170	8000028c	018946b3	xor	x13,x18,x24	 x18:0x80009fc4 x24:0x00000000 x13=0x80009fc4
        1725000	       171	80000290	a2286b13	ori	x22,x16,-1502	 x16:0x80000000 x22=0xfffffa22
        1735000	       172	80000294	03448663	beq	x9,x20,800002c0	  x9:0x80000154 x20:0x00000000
        1745000	       173	80000298	0133ebb3	or	x23,x7,x19	  x7:0x00000005 x19:0x00000001 x23=0x00000005
        1755000	       174	8000029c	28544393	xori	x7,x8,645	  x8:0x00000000  x7=0x00000285
        1765000	       175	800002a0	e77fba93	sltiu	x21,x31,-393	 x31:0x00000860 x21=0x00000001
        1775000	       176	800002a4	1603e593	ori	x11,x7,352	  x7:0x00000285 x11=0x000003e5
        1785000	       177	800002a8	0170dab3	srl	x21,x1,x23	  x1:0x6d090284 x23:0x00000005 x21=0x03684814
        1795000	       178	800002ac	01c8e633	or	x12,x17,x28	 x17:0x74bed288 x28:0xce066304 x12=0xfebef38c
        1805000	       179	800002b0	00cc1813	slli	x16,x24,0xc	 x24:0x00000000 x16=0x00000000
        1815000	       180	800002b4	c2356a93	ori	x21,x10,-989	 x10:0x00000008 x21=0xfffffc2b
        1825000	       181	800002b8	fda07b13	andi	x22,x0,-38	  x0:0x00000000 x22=0x00000000
        1835000	       182	800002bc	00598133	add	x2,x19,x5	 x19:0x00000001  x5:0x80009f5c  x2=0x80009f5d
        1845000	       183	800002c0	30101f6f	jal	x30,800002c0	 x30=0x800002c0
        1855000	       184	00000000	00000013	addi	x0,x0,0	  x0:0x00000000
        1865000	       185	80001dbc	00000013	addi	x0,x0,0	  x0:0x00000000
        1875000	       186	80001dc0	076bae93	slti	x29,x23,118	 x23:0x00000005 x29=0x00000001
        1885000	       187	80001dc4	ff828293	addi	x5,x5,-8	  x5:0x80009f5c  x5=0x80009f54
        1895000	       188	80001dc8	00dc93b3	sll	x7,x25,x13	 x25:0x00000006 x13:0x80009fc4  x7=0x00000060
        1905000	       189	80001dcc	00998833	add	x16,x19,x9	 x19:0x00000001  x9:0x80000154 x16=0x80000155
        1915000	       190	80001dd0	e59d0f93	addi	x31,x26,-423	 x26:0xd9d603c7 x31=0xd9d60220
        1925000	       191	80001dd4	01e2a223	sw	x30,4(x5)	  x5:0x80009f54 x30:0x800002c0 PA:0x80009f58
        1935000	       192	80001dd8	01131a33	sll	x20,x6,x17	  x6:0x8b412d79 x17:0x74bed288 x20=0x412d7900
        1945000	       193	80001ddc	01cf2c33	slt	x24,x30,x28	 x30:0x800002c0 x28:0xce066304 x24=0x00000001
        1955000	       194	80001de0	9d01a897	auipc	x17,0x9d01a	 x17=0x1d01bddc
        1965000	       195	80001de4	fb2a3f93	sltiu	x31,x20,-78	 x20:0x412d7900 x31=0x00000001
        1975000	       196	80001de8	05800f6f	jal	x30,80001de8	 x30=0x80001de8
        1985000	       197	00000000	00000013	addi	x0,x0,0	  x0:0x00000000
        1995000	       198	80001e3c	00000013	addi	x0,x0,0	  x0:0x00000000
        2005000	       199	80001e40	fd5ff0ef	jal	x1,80001e40	  x1=0x80001e40
        2015000	       200	00000000	00000013	addi	x0,x0,0	  x0:0x00000000
        2025000	       201	80001e10	00000013	addi	x0,x0,0	  x0:0x00000000
        2035000	       202	80001e14	010006ef	jal	x13,80001e14	 x13=0x80001e14
        2045000	       203	00000000	00000013	addi	x0,x0,0	  x0:0x00000000
        2055000	       204	80001e20	00000013	addi	x0,x0,0	  x0:0x00000000
        2065000	       205	80001e24	0140036f	jal	x6,80001e24	  x6=0x80001e24
        2075000	       206	00000000	00000013	addi	x0,x0,0	  x0:0x00000000
        2085000	       207	80001e34	00000013	addi	x0,x0,0	  x0:0x00000000
        2095000	       208	80001e38	fd1ff0ef	jal	x1,80001e38	  x1=0x80001e38
        2105000	       209	00000000	00000013	addi	x0,x0,0	  x0:0x00000000
        2115000	       210	80001e04	00000013	addi	x0,x0,0	  x0:0x00000000
        2125000	       211	80001e08	ff5ff26f	jal	x4,80001e08	  x4=0x80001e08
        2135000	       212	00000000	00000013	addi	x0,x0,0	  x0:0x00000000
        2145000	       213	80001df8	00000013	addi	x0,x0,0	  x0:0x00000000
        2155000	       214	80001dfc	04800eef	jal	x29,80001dfc	 x29=0x80001dfc
        2165000	       215	00000000	00000013	addi	x0,x0,0	  x0:0x00000000
        2175000	       216	80001e40	00000013	addi	x0,x0,0	  x0:0x00000000
        2185000	       217	80001e44	fedff0ef	jal	x1,80001e44	  x1=0x80001e44
        2195000	       218	00000000	00000013	addi	x0,x0,0	  x0:0x00000000
        2205000	       219	80001e2c	00000013	addi	x0,x0,0	  x0:0x00000000
        2215000	       220	80001e30	ff1ff0ef	jal	x1,80001e30	  x1=0x80001e30
        2225000	       221	00000000	00000013	addi	x0,x0,0	  x0:0x00000000
        2235000	       222	80001e1c	00000013	addi	x0,x0,0	  x0:0x00000000
        2245000	       223	80001e20	0140036f	jal	x6,80001e20	  x6=0x80001e20
        2255000	       224	00000000	00000013	addi	x0,x0,0	  x0:0x00000000
        2265000	       225	80001e30	00000013	addi	x0,x0,0	  x0:0x00000000
        2275000	       226	80001e34	018001ef	jal	x3,80001e34	  x3=0x80001e34
        2285000	       227	00000000	00000013	addi	x0,x0,0	  x0:0x00000000
        2295000	       228	80001e48	00000013	addi	x0,x0,0	  x0:0x00000000
        2305000	       229	80001e4c	fa1ff0ef	jal	x1,80001e4c	  x1=0x80001e4c
        2315000	       230	00000000	00000013	addi	x0,x0,0	  x0:0x00000000
        2325000	       231	80001de8	00000013	addi	x0,x0,0	  x0:0x00000000
        2335000	       232	80001dec	050000ef	jal	x1,80001dec	  x1=0x80001dec
        2345000	       233	00000000	00000013	addi	x0,x0,0	  x0:0x00000000
        2355000	       234	80001e38	00000013	addi	x0,x0,0	  x0:0x00000000
        2365000	       235	80001e3c	00c0036f	jal	x6,80001e3c	  x6=0x80001e3c
        2375000	       236	00000000	00000013	addi	x0,x0,0	  x0:0x00000000
        2385000	       237	80001e44	00000013	addi	x0,x0,0	  x0:0x00000000
        2395000	       238	80001e48	00800b6f	jal	x22,80001e48	 x22=0x80001e48
        2405000	       239	00000000	00000013	addi	x0,x0,0	  x0:0x00000000
        2415000	       240	80001e4c	00000013	addi	x0,x0,0	  x0:0x00000000
        2425000	       241	80001e50	fddff0ef	jal	x1,80001e50	  x1=0x80001e50
        2435000	       242	00000000	00000013	addi	x0,x0,0	  x0:0x00000000
        2445000	       243	80001e28	00000013	addi	x0,x0,0	  x0:0x00000000
        2455000	       244	80001e2c	fcdff0ef	jal	x1,80001e2c	  x1=0x80001e2c
        2465000	       245	00000000	00000013	addi	x0,x0,0	  x0:0x00000000
        2475000	       246	80001df4	00000013	addi	x0,x0,0	  x0:0x00000000
        2485000	       247	80001df8	ffdff36f	jal	x6,80001df8	  x6=0x80001df8
        2495000	       248	00000000	00000013	addi	x0,x0,0	  x0:0x00000000
        2505000	       249	80001df0	00000013	addi	x0,x0,0	  x0:0x00000000
        2515000	       250	80001df4	0340026f	jal	x4,80001df4	  x4=0x80001df4
        2525000	       251	00000000	00000013	addi	x0,x0,0	  x0:0x00000000
        2535000	       252	80001e24	00000013	addi	x0,x0,0	  x0:0x00000000
        2545000	       253	80001e28	ff5ff36f	jal	x6,80001e28	  x6=0x80001e28
        2555000	       254	00000000	00000013	addi	x0,x0,0	  x0:0x00000000
        2565000	       255	80001e18	00000013	addi	x0,x0,0	  x0:0x00000000
        2575000	       256	80001e1c	ff5ff36f	jal	x6,80001e1c	  x6=0x80001e1c
        2585000	       257	00000000	00000013	addi	x0,x0,0	  x0:0x00000000
        2595000	       258	80001e0c	00000013	addi	x0,x0,0	  x0:0x00000000
        2605000	       259	80001e10	fe1ff5ef	jal	x11,80001e10	 x11=0x80001e10
        2615000	       260	00000000	00000013	addi	x0,x0,0	  x0:0x00000000
        2625000	       261	80001dec	00000013	addi	x0,x0,0	  x0:0x00000000
        2635000	       262	80001df0	028000ef	jal	x1,80001df0	  x1=0x80001df0
        2645000	       263	00000000	00000013	addi	x0,x0,0	  x0:0x00000000
        2655000	       264	80001e14	00000013	addi	x0,x0,0	  x0:0x00000000
        2665000	       265	80001e18	ff5ff0ef	jal	x1,80001e18	  x1=0x80001e18
        2675000	       266	00000000	00000013	addi	x0,x0,0	  x0:0x00000000
        2685000	       267	80001e08	00000013	addi	x0,x0,0	  x0:0x00000000
        2695000	       268	80001e0c	ff9ff0ef	jal	x1,80001e0c	  x1=0x80001e0c
        2705000	       269	00000000	00000013	addi	x0,x0,0	  x0:0x00000000
        2715000	       270	80001e00	00000013	addi	x0,x0,0	  x0:0x00000000
        2725000	       271	80001e04	ffdff36f	jal	x6,80001e04	  x6=0x80001e04
        2735000	       272	00000000	00000013	addi	x0,x0,0	  x0:0x00000000
        2745000	       273	80001dfc	00000013	addi	x0,x0,0	  x0:0x00000000
        2755000	       274	80001e00	05400e6f	jal	x28,80001e00	 x28=0x80001e00
        2765000	       275	00000000	00000013	addi	x0,x0,0	  x0:0x00000000
        2775000	       276	80001e50	00000013	addi	x0,x0,0	  x0:0x00000000
        2785000	       277	80001e54	014bbdb3	sltu	x27,x23,x20	 x23:0x00000005 x20:0x412d7900 x27=0x00000001
        2795000	       278	80001e58	03800f6f	jal	x30,80001e58	 x30=0x80001e58
        2805000	       279	00000000	00000013	addi	x0,x0,0	  x0:0x00000000
        2815000	       280	80001e8c	00000013	addi	x0,x0,0	  x0:0x00000000
        2825000	       281	80001e90	00c000ef	jal	x1,80001e90	  x1=0x80001e90
        2835000	       282	00000000	00000013	addi	x0,x0,0	  x0:0x00000000
        2845000	       283	80001e98	00000013	addi	x0,x0,0	  x0:0x00000000
        2855000	       284	80001e9c	01c000ef	jal	x1,80001e9c	  x1=0x80001e9c
        2865000	       285	00000000	00000013	addi	x0,x0,0	  x0:0x00000000
        2875000	       286	80001eb4	00000013	addi	x0,x0,0	  x0:0x00000000
        2885000	       287	80001eb8	ff9ffbef	jal	x23,80001eb8	 x23=0x80001eb8
        2895000	       288	00000000	00000013	addi	x0,x0,0	  x0:0x00000000
        2905000	       289	80001eac	00000013	addi	x0,x0,0	  x0:0x00000000
        2915000	       290	80001eb0	004005ef	jal	x11,80001eb0	 x11=0x80001eb0
        2925000	       291	00000000	00000013	addi	x0,x0,0	  x0:0x00000000
        2935000	       292	80001eb0	00000013	addi	x0,x0,0	  x0:0x00000000
        2945000	       293	80001eb4	fe5ff36f	jal	x6,80001eb4	  x6=0x80001eb4
        2955000	       294	00000000	00000013	addi	x0,x0,0	  x0:0x00000000
        2965000	       295	80001e94	00000013	addi	x0,x0,0	  x0:0x00000000
        2975000	       296	80001e98	008008ef	jal	x17,80001e98	 x17=0x80001e98
        2985000	       297	00000000	00000013	addi	x0,x0,0	  x0:0x00000000
        2995000	       298	80001e9c	00000013	addi	x0,x0,0	  x0:0x00000000
        3005000	       299	80001ea0	fddff0ef	jal	x1,80001ea0	  x1=0x80001ea0
        3015000	       300	00000000	00000013	addi	x0,x0,0	  x0:0x00000000
        3025000	       301	80001e78	00000013	addi	x0,x0,0	  x0:0x00000000
        3035000	       302	80001e7c	02800eef	jal	x29,80001e7c	 x29=0x80001e7c
        3045000	       303	00000000	00000013	addi	x0,x0,0	  x0:0x00000000
        3055000	       304	80001ea0	00000013	addi	x0,x0,0	  x0:0x00000000
        3065000	       305	80001ea4	fd1ff36f	jal	x6,80001ea4	  x6=0x80001ea4
        3075000	       306	00000000	00000013	addi	x0,x0,0	  x0:0x00000000
        3085000	       307	80001e70	00000013	addi	x0,x0,0	  x0:0x00000000
        3095000	       308	80001e74	004000ef	jal	x1,80001e74	  x1=0x80001e74
        3105000	       309	00000000	00000013	addi	x0,x0,0	  x0:0x00000000
        3115000	       310	80001e74	00000013	addi	x0,x0,0	  x0:0x00000000
        3125000	       311	80001e78	050000ef	jal	x1,80001e78	  x1=0x80001e78
        3135000	       312	00000000	00000013	addi	x0,x0,0	  x0:0x00000000
        3145000	       313	80001ec4	00000013	addi	x0,x0,0	  x0:0x00000000
        3155000	       314	80001ec8	fc1ff0ef	jal	x1,80001ec8	  x1=0x80001ec8
        3165000	       315	00000000	00000013	addi	x0,x0,0	  x0:0x00000000
        3175000	       316	80001e84	00000013	addi	x0,x0,0	  x0:0x00000000
        3185000	       317	80001e88	020001ef	jal	x3,80001e88	  x3=0x80001e88
        3195000	       318	00000000	00000013	addi	x0,x0,0	  x0:0x00000000
        3205000	       319	80001ea4	00000013	addi	x0,x0,0	  x0:0x00000000
        3215000	       320	80001ea8	fb5ff0ef	jal	x1,80001ea8	  x1=0x80001ea8
        3225000	       321	00000000	00000013	addi	x0,x0,0	  x0:0x00000000
        3235000	       322	80001e58	00000013	addi	x0,x0,0	  x0:0x00000000
        3245000	       323	80001e5c	068001ef	jal	x3,80001e5c	  x3=0x80001e5c
        3255000	       324	00000000	00000013	addi	x0,x0,0	  x0:0x00000000
        3265000	       325	80001ec0	00000013	addi	x0,x0,0	  x0:0x00000000
        3275000	       326	80001ec4	fa5ff0ef	jal	x1,80001ec4	  x1=0x80001ec4
        3285000	       327	00000000	00000013	addi	x0,x0,0	  x0:0x00000000
        3295000	       328	80001e64	00000013	addi	x0,x0,0	  x0:0x00000000
        3305000	       329	80001e68	024000ef	jal	x1,80001e68	  x1=0x80001e68
        3315000	       330	00000000	00000013	addi	x0,x0,0	  x0:0x00000000
        3325000	       331	80001e88	00000013	addi	x0,x0,0	  x0:0x00000000
        3335000	       332	80001e8c	030000ef	jal	x1,80001e8c	  x1=0x80001e8c
        3345000	       333	00000000	00000013	addi	x0,x0,0	  x0:0x00000000
        3355000	       334	80001eb8	00000013	addi	x0,x0,0	  x0:0x00000000
        3365000	       335	80001ebc	004000ef	jal	x1,80001ebc	  x1=0x80001ebc
        3375000	       336	00000000	00000013	addi	x0,x0,0	  x0:0x00000000
        3385000	       337	80001ebc	00000013	addi	x0,x0,0	  x0:0x00000000
        3395000	       338	80001ec0	fadff0ef	jal	x1,80001ec0	  x1=0x80001ec0
        3405000	       339	00000000	00000013	addi	x0,x0,0	  x0:0x00000000
        3415000	       340	80001e68	00000013	addi	x0,x0,0	  x0:0x00000000
        3425000	       341	80001e6c	004000ef	jal	x1,80001e6c	  x1=0x80001e6c
        3435000	       342	00000000	00000013	addi	x0,x0,0	  x0:0x00000000
        3445000	       343	80001e6c	00000013	addi	x0,x0,0	  x0:0x00000000
        3455000	       344	80001e70	024000ef	jal	x1,80001e70	  x1=0x80001e70
        3465000	       345	00000000	00000013	addi	x0,x0,0	  x0:0x00000000
        3475000	       346	80001e90	00000013	addi	x0,x0,0	  x0:0x00000000
        3485000	       347	80001e94	fedffbef	jal	x23,80001e94	 x23=0x80001e94
        3495000	       348	00000000	00000013	addi	x0,x0,0	  x0:0x00000000
        3505000	       349	80001e7c	00000013	addi	x0,x0,0	  x0:0x00000000
        3515000	       350	80001e80	fe5ff36f	jal	x6,80001e80	  x6=0x80001e80
        3525000	       351	00000000	00000013	addi	x0,x0,0	  x0:0x00000000
        3535000	       352	80001e60	00000013	addi	x0,x0,0	  x0:0x00000000
        3545000	       353	80001e64	048006ef	jal	x13,80001e64	 x13=0x80001e64
        3555000	       354	00000000	00000013	addi	x0,x0,0	  x0:0x00000000
        3565000	       355	80001ea8	00000013	addi	x0,x0,0	  x0:0x00000000
        3575000	       356	80001eac	fd9ff0ef	jal	x1,80001eac	  x1=0x80001eac
        3585000	       357	00000000	00000013	addi	x0,x0,0	  x0:0x00000000
        3595000	       358	80001e80	00000013	addi	x0,x0,0	  x0:0x00000000
        3605000	       359	80001e84	fddff16f	jal	x2,80001e84	  x2=0x80001e84
        3615000	       360	00000000	00000013	addi	x0,x0,0	  x0:0x00000000
        3625000	       361	80001e5c	00000013	addi	x0,x0,0	  x0:0x00000000
        3635000	       362	80001e60	0700036f	jal	x6,80001e60	  x6=0x80001e60
        3645000	       363	00000000	00000013	addi	x0,x0,0	  x0:0x00000000
        3655000	       364	80001ecc	00000013	addi	x0,x0,0	  x0:0x00000000
        3665000	       365	80001ed0	ffdff16f	jal	x2,80001ed0	  x2=0x80001ed0
        3675000	       366	00000000	00000013	addi	x0,x0,0	  x0:0x00000000
        3685000	       367	80001ec8	00000013	addi	x0,x0,0	  x0:0x00000000
        3695000	       368	80001ecc	008000ef	jal	x1,80001ecc	  x1=0x80001ecc
        3705000	       369	00000000	00000013	addi	x0,x0,0	  x0:0x00000000
        3715000	       370	80001ed0	00000013	addi	x0,x0,0	  x0:0x00000000
        3725000	       371	80001ed4	d5a1ae93	slti	x29,x3,-678	  x3:0x80001e5c x29=0x00000001
        3735000	       372	80001ed8	02000f6f	jal	x30,80001ed8	 x30=0x80001ed8
        3745000	       373	00000000	00000013	addi	x0,x0,0	  x0:0x00000000
        3755000	       374	80001ef4	00000013	addi	x0,x0,0	  x0:0x00000000
        3765000	       375	80001ef8	ff9ffe6f	jal	x28,80001ef8	 x28=0x80001ef8
        3775000	       376	00000000	00000013	addi	x0,x0,0	  x0:0x00000000
        3785000	       377	80001eec	00000013	addi	x0,x0,0	  x0:0x00000000
        3795000	       378	80001ef0	01c000ef	jal	x1,80001ef0	  x1=0x80001ef0
        3805000	       379	00000000	00000013	addi	x0,x0,0	  x0:0x00000000
        3815000	       380	80001f08	00000013	addi	x0,x0,0	  x0:0x00000000
        3825000	       381	80001f0c	014000ef	jal	x1,80001f0c	  x1=0x80001f0c
        3835000	       382	00000000	00000013	addi	x0,x0,0	  x0:0x00000000
        3845000	       383	80001f1c	00000013	addi	x0,x0,0	  x0:0x00000000
        3855000	       384	80001f20	fc1ff36f	jal	x6,80001f20	  x6=0x80001f20
        3865000	       385	00000000	00000013	addi	x0,x0,0	  x0:0x00000000
        3875000	       386	80001edc	00000013	addi	x0,x0,0	  x0:0x00000000
        3885000	       387	80001ee0	ffdff0ef	jal	x1,80001ee0	  x1=0x80001ee0
        3895000	       388	00000000	00000013	addi	x0,x0,0	  x0:0x00000000
        3905000	       389	80001ed8	00000013	addi	x0,x0,0	  x0:0x00000000
        3915000	       390	80001edc	03c00b6f	jal	x22,80001edc	 x22=0x80001edc
        3925000	       391	00000000	00000013	addi	x0,x0,0	  x0:0x00000000
        3935000	       392	80001f14	00000013	addi	x0,x0,0	  x0:0x00000000
        3945000	       393	80001f18	ff9ff36f	jal	x6,80001f18	  x6=0x80001f18
        3955000	       394	00000000	00000013	addi	x0,x0,0	  x0:0x00000000
        3965000	       395	80001f0c	00000013	addi	x0,x0,0	  x0:0x00000000
        3975000	       396	80001f10	ff9ff0ef	jal	x1,80001f10	  x1=0x80001f10
        3985000	       397	00000000	00000013	addi	x0,x0,0	  x0:0x00000000
        3995000	       398	80001f04	00000013	addi	x0,x0,0	  x0:0x00000000
        4005000	       399	80001f08	fe5ff0ef	jal	x1,80001f08	  x1=0x80001f08
        4015000	       400	00000000	00000013	addi	x0,x0,0	  x0:0x00000000
        4025000	       401	80001ee8	00000013	addi	x0,x0,0	  x0:0x00000000
        4035000	       402	80001eec	010000ef	jal	x1,80001eec	  x1=0x80001eec
        4045000	       403	00000000	00000013	addi	x0,x0,0	  x0:0x00000000
        4055000	       404	80001ef8	00000013	addi	x0,x0,0	  x0:0x00000000
        4065000	       405	80001efc	fe9ff0ef	jal	x1,80001efc	  x1=0x80001efc
        4075000	       406	00000000	00000013	addi	x0,x0,0	  x0:0x00000000
        4085000	       407	80001ee0	00000013	addi	x0,x0,0	  x0:0x00000000
        4095000	       408	80001ee4	01c0036f	jal	x6,80001ee4	  x6=0x80001ee4
        4105000	       409	00000000	00000013	addi	x0,x0,0	  x0:0x00000000
        4115000	       410	80001efc	00000013	addi	x0,x0,0	  x0:0x00000000
        4125000	       411	80001f00	004000ef	jal	x1,80001f00	  x1=0x80001f00
        4135000	       412	00000000	00000013	addi	x0,x0,0	  x0:0x00000000
        4145000	       413	80001f00	00000013	addi	x0,x0,0	  x0:0x00000000
        4155000	       414	80001f04	01800aef	jal	x21,80001f04	 x21=0x80001f04
        4165000	       415	00000000	00000013	addi	x0,x0,0	  x0:0x00000000
        4175000	       416	80001f18	00000013	addi	x0,x0,0	  x0:0x00000000
        4185000	       417	80001f1c	fcdffdef	jal	x27,80001f1c	 x27=0x80001f1c
        4195000	       418	00000000	00000013	addi	x0,x0,0	  x0:0x00000000
        4205000	       419	80001ee4	00000013	addi	x0,x0,0	  x0:0x00000000
        4215000	       420	80001ee8	02c00aef	jal	x21,80001ee8	 x21=0x80001ee8
        4225000	       421	00000000	00000013	addi	x0,x0,0	  x0:0x00000000
        4235000	       422	80001f10	00000013	addi	x0,x0,0	  x0:0x00000000
        4245000	       423	80001f14	fe1ff0ef	jal	x1,80001f14	  x1=0x80001f14
        4255000	       424	00000000	00000013	addi	x0,x0,0	  x0:0x00000000
        4265000	       425	80001ef0	00000013	addi	x0,x0,0	  x0:0x00000000
        4275000	       426	80001ef4	030000ef	jal	x1,80001ef4	  x1=0x80001ef4
        4285000	       427	00000000	00000013	addi	x0,x0,0	  x0:0x00000000
        4295000	       428	80001f20	00000013	addi	x0,x0,0	  x0:0x00000000
        4305000	       429	80001f24	5adc07b7	lui	x15,0x5adc0	 x15=0x5adc0000
        4315000	       430	80001f28	04c48463	beq	x9,x12,80001f70	  x9:0x80000154 x12:0xfebef38c
        4325000	       431	80001f2c	86221617	auipc	x12,0x86221	 x12=0x06222f28
        4335000	       432	80001f30	02011263	bne	x2,x0,80001f54	  x2:0x80001ed0  x0:0x00000000
        4345000	       433	00000000	00000013	addi	x0,x0,0	  x0:0x00000000
        4355000	       434	80001f50	00000013	addi	x0,x0,0	  x0:0x00000000
        4365000	       435	80001f54	018000ef	jal	x1,80001f54	  x1=0x80001f54
        4375000	       436	00000000	00000013	addi	x0,x0,0	  x0:0x00000000
        4385000	       437	80001f68	00000013	addi	x0,x0,0	  x0:0x00000000
        4395000	       438	80001f6c	004000ef	jal	x1,80001f6c	  x1=0x80001f6c
        4405000	       439	00000000	00000013	addi	x0,x0,0	  x0:0x00000000
        4415000	       440	80001f6c	00000013	addi	x0,x0,0	  x0:0x00000000
        4425000	       441	80001f70	019a2133	slt	x2,x20,x25	 x20:0x412d7900 x25:0x00000006  x2=0x00000000
        4435000	       442	80001f74	016856b3	srl	x13,x16,x22	 x16:0x80000155 x22:0x80001edc x13=0x00000008
        4445000	       443	80001f78	009a1093	slli	x1,x20,0x9	 x20:0x412d7900  x1=0x5af20000
        4455000	       444	80001f7c	00300a33	add	x20,x0,x3	  x0:0x00000000  x3:0x80001e5c x20=0x80001e5c
        4465000	       445	80001f80	00e2f6b3	and	x13,x5,x14	  x5:0x80009f54 x14:0x0e06b67d x13=0x00009654
        4475000	       446	80001f84	02481663	bne	x16,x4,80001fb0	 x16:0x80000155  x4:0x80001df4
        4485000	       447	00000000	00000013	addi	x0,x0,0	  x0:0x00000000
        4495000	       448	80001fac	00000013	addi	x0,x0,0	  x0:0x00000000
        4505000	       449	80001fb0	00601733	sll	x14,x0,x6	  x0:0x00000000  x6:0x80001ee4 x14=0x00000000
        4515000	       450	80001fb4	002670b3	and	x1,x12,x2	 x12:0x06222f28  x2:0x00000000  x1=0x00000000
        4525000	       451	80001fb8	03b60663	beq	x12,x27,80001fe4	 x12:0x06222f28 x27:0x80001f1c
        4535000	       452	80001fbc	009bd413	srli	x8,x23,0x9	 x23:0x80001e94  x8=0x0040000f
        4545000	       453	80001fc0	27090597	auipc	x11,0x27090	 x11=0xa7091fbc
        4555000	       454	80001fc4	0114e6b3	or	x13,x9,x17	  x9:0x80000154 x17:0x80001e98 x13=0x80001fdc
        4565000	       455	80001fc8	01133c33	sltu	x24,x6,x17	  x6:0x80001ee4 x17:0x80001e98 x24=0x00000000
        4575000	       456	80001fcc	004dfc63	bgeu	x27,x4,80001fe4	 x27:0x80001f1c  x4:0x80001df4
        4585000	       457	00000000	00000013	addi	x0,x0,0	  x0:0x00000000
        4595000	       458	80001fe0	00000013	addi	x0,x0,0	  x0:0x00000000
        4605000	       459	80001fe4	01d6d7b3	srl	x15,x13,x29	 x13:0x80001fdc x29:0x00000001 x15=0x40000fee
        4615000	       460	80001fe8	6c612d93	slti	x27,x2,1734	  x2:0x00000000 x27=0x00000001
        4625000	       461	80001fec	00111663	bne	x2,x1,80001ff8	  x2:0x00000000  x1:0x00000000
        4635000	       462	80001ff0	018ed7b3	srl	x15,x29,x24	 x29:0x00000001 x24:0x00000000 x15=0x00000001
        4645000	       463	80001ff4	00708833	add	x16,x1,x7	  x1:0x00000000  x7:0x00000060 x16=0x00000060
        4655000	       464	80001ff8	411dd813	srai	x16,x27,0x11	 x27:0x00000001 x16=0x00000000
        4665000	       465	80001ffc	04926663	bltu	x4,x9,80002048	  x4:0x80001df4  x9:0x80000154
        4675000	       466	80002000	00363633	sltu	x12,x12,x3	 x12:0x06222f28  x3:0x80001e5c x12=0x00000001
        4685000	       467	80002004	42f3ec13	ori	x24,x7,1071	  x7:0x00000060 x24=0x0000046f
        4695000	       468	80002008	00000013	addi	x0,x0,0	  x0:0x00000000
        4705000	       469	8000200c	62c8e737	lui	x14,0x62c8e	 x14=0x62c8e000
        4715000	       470	80002010	00151993	slli	x19,x10,0x1	 x10:0x00000008 x19=0x00000010
        4725000	       471	80002014	01e19733	sll	x14,x3,x30	  x3:0x80001e5c x30:0x80001ed8 x14=0x5c000000
        4735000	       472	80002018	40815e93	srai	x29,x2,0x8	  x2:0x00000000 x29=0x00000000
        4745000	       473	8000201c	2bbc8f13	addi	x30,x25,699	 x25:0x00000006 x30=0x000002c1
        4755000	       474	80002020	07166c63	bltu	x12,x17,80002098	 x12:0x00000001 x17:0x80001e98
        4765000	       475	00000000	00000013	addi	x0,x0,0	  x0:0x00000000
        4775000	       476	80002094	00000013	addi	x0,x0,0	  x0:0x00000000
        4785000	       477	80002098	413f5ab3	sra	x21,x30,x19	 x30:0x000002c1 x19:0x00000010 x21=0x00000000
        4795000	       478	8000209c	038c4c63	blt	x24,x24,800020d4	 x24:0x0000046f x24:0x0000046f
        4805000	       479	800020a0	034a8263	beq	x21,x20,800020c4	 x21:0x00000000 x20:0x80001e5c
        4815000	       480	800020a4	00295d93	srli	x27,x18,0x2	 x18:0x80009fc4 x27=0x200027f1
        4825000	       481	800020a8	02e1e863	bltu	x3,x14,800020d8	  x3:0x80001e5c x14:0x5c000000
        4835000	       482	800020ac	01cd4f33	xor	x30,x26,x28	 x26:0xd9d603c7 x28:0x80001ef8 x30=0x59d61d3f
        4845000	       483	800020b0	04551663	bne	x10,x5,800020fc	 x10:0x00000008  x5:0x80009f54
        4855000	       484	00000000	00000013	addi	x0,x0,0	  x0:0x00000000
        4865000	       485	800020f8	00000013	addi	x0,x0,0	  x0:0x00000000
        4875000	       486	800020fc	03af0a63	beq	x30,x26,80002130	 x30:0x59d61d3f x26:0xd9d603c7
        4885000	       487	80002100	1467c8b7	lui	x17,0x1467c	 x17=0x1467c000
        4895000	       488	80002104	0091f133	and	x2,x3,x9	  x3:0x80001e5c  x9:0x80000154  x2=0x80000054
        4905000	       489	80002108	0262da63	bge	x5,x6,8000213c	  x5:0x80009f54  x6:0x80001ee4
        4915000	       490	00000000	00000013	addi	x0,x0,0	  x0:0x00000000
        4925000	       491	80002138	00000013	addi	x0,x0,0	  x0:0x00000000
        4935000	       492	8000213c	01374333	xor	x6,x14,x19	 x14:0x5c000000 x19:0x00000010  x6=0x5c000010
        4945000	       493	80002140	00f6c1b3	xor	x3,x13,x15	 x13:0x80001fdc x15:0x00000001  x3=0x80001fdd
        4955000	       494	80002144	406ed413	srai	x8,x29,0x6	 x29:0x00000000  x8=0x00000000
        4965000	       495	80002148	03b8f063	bgeu	x17,x27,80002168	 x17:0x1467c000 x27:0x200027f1
        4975000	       496	8000214c	01d7d663	bge	x15,x29,80002158	 x15:0x00000001 x29:0x00000000
        4985000	       497	00000000	00000013	addi	x0,x0,0	  x0:0x00000000
        4995000	       498	80002154	00000013	addi	x0,x0,0	  x0:0x00000000
        5005000	       499	80002158	00b3b0b3	sltu	x1,x7,x11	  x7:0x00000060 x11:0xa7091fbc  x1=0x00000001
        5015000	       500	8000215c	050af863	bgeu	x21,x16,800021ac	 x21:0x00000000 x16:0x00000000
        5025000	       501	00000000	00000013	addi	x0,x0,0	  x0:0x00000000
        5035000	       502	800021a8	00000013	addi	x0,x0,0	  x0:0x00000000
        5045000	       503	800021ac	7a81c113	xori	x2,x3,1960	  x3:0x80001fdd  x2=0x80001875
        5055000	       504	800021b0	40428eb3	sub	x29,x5,x4	  x5:0x80009f54  x4:0x80001df4 x29=0x00008160
        5065000	       505	800021b4	715f4693	xori	x13,x30,1813	 x30:0x59d61d3f x13=0x59d61a2a
        5075000	       506	800021b8	017225b3	slt	x11,x4,x23	  x4:0x80001df4 x23:0x80001e94 x11=0x00000001
        5085000	       507	800021bc	01c99313	slli	x6,x19,0x1c	 x19:0x00000010  x6=0x00000000
        5095000	       508	800021c0	00139013	slli	x0,x7,0x1	  x7:0x00000060
        5105000	       509	800021c4	7f346793	ori	x15,x8,2035	  x8:0x00000000 x15=0x000007f3
        5115000	       510	800021c8	00cfda63	bge	x31,x12,800021dc	 x31:0x00000001 x12:0x00000001
        5125000	       511	00000000	00000013	addi	x0,x0,0	  x0:0x00000000
        5135000	       512	800021d8	00000013	addi	x0,x0,0	  x0:0x00000000
        5145000	       513	800021dc	01206663	bltu	x0,x18,800021e8	  x0:0x00000000 x18:0x80009fc4
        5155000	       514	00000000	00000013	addi	x0,x0,0	  x0:0x00000000
        5165000	       515	800021e4	00000013	addi	x0,x0,0	  x0:0x00000000
        5175000	       516	800021e8	018a9b93	slli	x23,x21,0x18	 x21:0x00000000 x23=0x00000000
        5185000	       517	800021ec	4114d113	srai	x2,x9,0x11	  x9:0x80000154  x2=0xffffc000
        5195000	       518	800021f0	40875613	srai	x12,x14,0x8	 x14:0x5c000000 x12=0x005c0000
        5205000	       519	800021f4	4126d0b3	sra	x1,x13,x18	 x13:0x59d61a2a x18:0x80009fc4  x1=0x059d61a2
        5215000	       520	800021f8	9946ad93	slti	x27,x13,-1644	 x13:0x59d61a2a x27=0x00000000
        5225000	       521	800021fc	00ae1b13	slli	x22,x28,0xa	 x28:0x80001ef8 x22=0x007be000
        5235000	       522	80002200	00fc0733	add	x14,x24,x15	 x24:0x0000046f x15:0x000007f3 x14=0x00000c62
        5245000	       523	80002204	008b4863	blt	x22,x8,80002214	 x22:0x007be000  x8:0x00000000
        5255000	       524	80002208	41c0d893	srai	x17,x1,0x1c	  x1:0x059d61a2 x17=0x00000000
        5265000	       525	8000220c	41525233	sra	x4,x4,x21	  x4:0x80001df4 x21:0x00000000  x4=0x80001df4
        5275000	       526	80002210	01be77b3	and	x15,x28,x27	 x28:0x80001ef8 x27:0x00000000 x15=0x00000000
        5285000	       527	80002214	00971193	slli	x3,x14,0x9	 x14:0x00000c62  x3=0x0018c400
        5295000	       528	80002218	01f04233	xor	x4,x0,x31	  x0:0x00000000 x31:0x00000001  x4=0x00000001
        5305000	       529	8000221c	016d0a33	add	x20,x26,x22	 x26:0xd9d603c7 x22:0x007be000 x20=0xda51e3c7
        5315000	       530	80002220	00a1e663	bltu	x3,x10,8000222c	  x3:0x0018c400 x10:0x00000008
        5325000	       531	80002224	0115d5b3	srl	x11,x11,x17	 x11:0x00000001 x17:0x00000000 x11=0x00000001
        5335000	       532	80002228	01f67b33	and	x22,x12,x31	 x12:0x005c0000 x31:0x00000001 x22=0x00000000
        5345000	       533	8000222c	116d4f13	xori	x30,x26,278	 x26:0xd9d603c7 x30=0xd9d602d1
        5355000	       534	80002230	01a18263	beq	x3,x26,80002234	  x3:0x0018c400 x26:0xd9d603c7
        5365000	       535	80002234	03567063	bgeu	x12,x21,80002254	 x12:0x005c0000 x21:0x00000000
        5375000	       536	00000000	00000013	addi	x0,x0,0	  x0:0x00000000
        5385000	       537	80002250	00000013	addi	x0,x0,0	  x0:0x00000000
        5395000	       538	80002254	3afaf193	andi	x3,x21,943	 x21:0x00000000  x3=0x00000000
        5405000	       539	80002258	00000013	addi	x0,x0,0	  x0:0x00000000
        5415000	       540	8000225c	01bb55b3	srl	x11,x22,x27	 x22:0x00000000 x27:0x00000000 x11=0x00000000
        5425000	       541	80002260	035b0a63	beq	x22,x21,80002294	 x22:0x00000000 x21:0x00000000
        5435000	       542	00000000	00000013	addi	x0,x0,0	  x0:0x00000000
        5445000	       543	80002290	00000013	addi	x0,x0,0	  x0:0x00000000
        5455000	       544	80002294	00cf58b3	srl	x17,x30,x12	 x30:0xd9d602d1 x12:0x005c0000 x17=0xd9d602d1
        5465000	       545	80002298	013efc63	bgeu	x29,x19,800022b0	 x29:0x00008160 x19:0x00000010
        5475000	       546	00000000	00000013	addi	x0,x0,0	  x0:0x00000000
        5485000	       547	800022ac	00000013	addi	x0,x0,0	  x0:0x00000000
        5495000	       548	800022b0	28ec0d13	addi	x26,x24,654	 x24:0x0000046f x26=0x000006fd
        5505000	       549	800022b4	a9cd4513	xori	x10,x26,-1380	 x26:0x000006fd x10=0xfffffc61
        5515000	       550	800022b8	014be663	bltu	x23,x20,800022c4	 x23:0x00000000 x20:0xda51e3c7
        5525000	       551	00000000	00000013	addi	x0,x0,0	  x0:0x00000000
        5535000	       552	800022c0	00000013	addi	x0,x0,0	  x0:0x00000000
        5545000	       553	800022c4	4def7b93	andi	x23,x30,1246	 x30:0xd9d602d1 x23=0x000000d0
        5555000	       554	800022c8	0042af03	lw	x30,4(x5)	  x5:0x80009f54 x30=0x800002c0 PA:0x80009f58
        5565000	       555	800022cc	409dd8b3	sra	x17,x27,x9	 x27:0x00000000  x9:0x80000154 x17=0x00000000
        5575000	       556	800022d0	01979093	slli	x1,x15,0x19	 x15:0x00000000  x1=0x00000000
        5585000	       557	800022d4	40d80db3	sub	x27,x16,x13	 x16:0x00000000 x13:0x59d61a2a x27=0xa629e5d6
        5595000	       558	800022d8	01795fb3	srl	x31,x18,x23	 x18:0x80009fc4 x23:0x000000d0 x31=0x00008000
        5605000	       559	800022dc	65dc4897	auipc	x17,0x65dc4	 x17=0xe5dc62d8
        5615000	       560	800022e0	01f41193	slli	x3,x8,0x1f	  x8:0x00000000  x3=0x00000000
        5625000	       561	800022e4	7dfa8993	addi	x19,x21,2015	 x21:0x00000000 x19=0x000007df
        5635000	       562	800022e8	00828293	addi	x5,x5,8	  x5:0x80009f54  x5=0x80009f5c
        5645000	       563	800022ec	a01f4813	xori	x16,x30,-1535	 x30:0x800002c0 x16=0x7ffff8c1
        5655000	       564	800022f0	0145f3b3	and	x7,x11,x20	 x11:0x00000000 x20:0xda51e3c7  x7=0x00000000
        5665000	       565	800022f4	000f0e13	addi	x28,x30,0	 x30:0x800002c0 x28=0x800002c0
        5675000	       566	800022f8	000e0e67	jalr	x28,x28,0	 x28:0x800002c0 x28=0x800022f8
        5685000	       567	00000000	00000013	addi	x0,x0,0	  x0:0x00000000
        5695000	       568	800002c0	00000013	addi	x0,x0,0	  x0:0x00000000
        5705000	       569	800002c4	00002f17	auipc	x30,0x2	 x30=0x800022c0
        5715000	       570	800002c8	038f0f13	addi	x30,x30,56	 x30:0x800022c0 x30=0x800022f8
        5725000	       571	800002cc	3175fa93	andi	x21,x11,791	 x11:0x00000000 x21=0x00000000
        5735000	       572	800002d0	7e81e413	ori	x8,x3,2024	  x3:0x00000000  x8=0x000007e8
        5745000	       573	800002d4	006f0033	add	x0,x30,x6	 x30:0x800022f8  x6:0x00000000
        5755000	       574	800002d8	49660313	addi	x6,x12,1174	 x12:0x005c0000  x6=0x005c0496
        5765000	       575	800002dc	f48f0f13	addi	x30,x30,-184	 x30:0x800022f8 x30=0x80002240
        5775000	       576	800002e0	cdf3e893	ori	x17,x7,-801	  x7:0x00000000 x17=0xfffffcdf
        5785000	       577	800002e4	40115593	srai	x11,x2,0x1	  x2:0xffffc000 x11=0xffffe000
        5795000	       578	800002e8	0b8f0f67	jalr	x30,x30,184	 x30:0x80002240 x30=0x800002e8
        5805000	       579	00000000	00000013	addi	x0,x0,0	  x0:0x00000000
        5815000	       580	800022f8	00000013	addi	x0,x0,0	  x0:0x00000000
        5825000	       581	800022fc	01dc4b33	xor	x22,x24,x29	 x24:0x0000046f x29:0x00008160 x22=0x0000850f
        5835000	       582	80002300	49cbcb13	xori	x22,x23,1180	 x23:0x000000d0 x22=0x0000044c
        5845000	       583	80002304	01d6c663	blt	x13,x29,80002310	 x13:0x59d61a2a x29:0x00008160
        5855000	       584	80002308	013da4b3	slt	x9,x27,x19	 x27:0xa629e5d6 x19:0x000007df  x9=0x00000001
        5865000	       585	8000230c	044b0e93	addi	x29,x22,68	 x22:0x0000044c x29=0x00000490
        5875000	       586	80002310	fc428293	addi	x5,x5,-60	  x5:0x80009f5c  x5=0x80009f20
        5885000	       587	80002314	01e2a223	sw	x30,4(x5)	  x5:0x80009f20 x30:0x800002e8 PA:0x80009f24
        5895000	       588	80002318	71fde613	ori	x12,x27,1823	 x27:0xa629e5d6 x12=0xa629e7df
        5905000	       589	8000231c	01400f6f	jal	x30,8000231c	 x30=0x8000231c
        5915000	       590	00000000	00000013	addi	x0,x0,0	  x0:0x00000000
        5925000	       591	8000232c	00000013	addi	x0,x0,0	  x0:0x00000000
        5935000	       592	80002330	ffdff0ef	jal	x1,80002330	  x1=0x80002330
        5945000	       593	00000000	00000013	addi	x0,x0,0	  x0:0x00000000
        5955000	       594	80002328	00000013	addi	x0,x0,0	  x0:0x00000000
        5965000	       595	8000232c	ffdff0ef	jal	x1,8000232c	  x1=0x8000232c
        5975000	       596	00000000	00000013	addi	x0,x0,0	  x0:0x00000000
        5985000	       597	80002324	00000013	addi	x0,x0,0	  x0:0x00000000
        5995000	       598	80002328	ff9ff1ef	jal	x3,80002328	  x3=0x80002328
        6005000	       599	00000000	00000013	addi	x0,x0,0	  x0:0x00000000
        6015000	       600	8000231c	00000013	addi	x0,x0,0	  x0:0x00000000
        6025000	       601	80002320	01c00c6f	jal	x24,80002320	 x24=0x80002320
        6035000	       602	00000000	00000013	addi	x0,x0,0	  x0:0x00000000
        6045000	       603	80002338	00000013	addi	x0,x0,0	  x0:0x00000000
        6055000	       604	8000233c	ff9ffb6f	jal	x22,8000233c	 x22=0x8000233c
        6065000	       605	00000000	00000013	addi	x0,x0,0	  x0:0x00000000
        6075000	       606	80002330	00000013	addi	x0,x0,0	  x0:0x00000000
        6085000	       607	80002334	010006ef	jal	x13,80002334	 x13=0x80002334
        6095000	       608	00000000	00000013	addi	x0,x0,0	  x0:0x00000000
        6105000	       609	80002340	00000013	addi	x0,x0,0	  x0:0x00000000
        6115000	       610	80002344	ffdff36f	jal	x6,80002344	  x6=0x80002344
        6125000	       611	00000000	00000013	addi	x0,x0,0	  x0:0x00000000
        6135000	       612	8000233c	00000013	addi	x0,x0,0	  x0:0x00000000
        6145000	       613	80002340	ff9ff0ef	jal	x1,80002340	  x1=0x80002340
        6155000	       614	00000000	00000013	addi	x0,x0,0	  x0:0x00000000
        6165000	       615	80002334	00000013	addi	x0,x0,0	  x0:0x00000000
        6175000	       616	80002338	fedff0ef	jal	x1,80002338	  x1=0x80002338
        6185000	       617	00000000	00000013	addi	x0,x0,0	  x0:0x00000000
        6195000	       618	80002320	00000013	addi	x0,x0,0	  x0:0x00000000
        6205000	       619	80002324	024000ef	jal	x1,80002324	  x1=0x80002324
        6215000	       620	00000000	00000013	addi	x0,x0,0	  x0:0x00000000
        6225000	       621	80002344	00000013	addi	x0,x0,0	  x0:0x00000000
        6235000	       622	80002348	00000013	addi	x0,x0,0	  x0:0x00000000
        6245000	       623	8000234c	03800f6f	jal	x30,8000234c	 x30=0x8000234c
        6255000	       624	00000000	00000013	addi	x0,x0,0	  x0:0x00000000
        6265000	       625	80002380	00000013	addi	x0,x0,0	  x0:0x00000000
        6275000	       626	80002384	fe5ff0ef	jal	x1,80002384	  x1=0x80002384
        6285000	       627	00000000	00000013	addi	x0,x0,0	  x0:0x00000000
        6295000	       628	80002364	00000013	addi	x0,x0,0	  x0:0x00000000
        6305000	       629	80002368	ff1ff0ef	jal	x1,80002368	  x1=0x80002368
        6315000	       630	00000000	00000013	addi	x0,x0,0	  x0:0x00000000
        6325000	       631	80002354	00000013	addi	x0,x0,0	  x0:0x00000000
        6335000	       632	80002358	014000ef	jal	x1,80002358	  x1=0x80002358
        6345000	       633	00000000	00000013	addi	x0,x0,0	  x0:0x00000000
        6355000	       634	80002368	00000013	addi	x0,x0,0	  x0:0x00000000
        6365000	       635	8000236c	ff5ff36f	jal	x6,8000236c	  x6=0x8000236c
        6375000	       636	00000000	00000013	addi	x0,x0,0	  x0:0x00000000
        6385000	       637	8000235c	00000013	addi	x0,x0,0	  x0:0x00000000
        6395000	       638	80002360	ff5ff0ef	jal	x1,80002360	  x1=0x80002360
        6405000	       639	00000000	00000013	addi	x0,x0,0	  x0:0x00000000
        6415000	       640	80002350	00000013	addi	x0,x0,0	  x0:0x00000000
        6425000	       641	80002354	008000ef	jal	x1,80002354	  x1=0x80002354
        6435000	       642	00000000	00000013	addi	x0,x0,0	  x0:0x00000000
        6445000	       643	80002358	00000013	addi	x0,x0,0	  x0:0x00000000
        6455000	       644	8000235c	ff5ff26f	jal	x4,8000235c	  x4=0x8000235c
        6465000	       645	00000000	00000013	addi	x0,x0,0	  x0:0x00000000
        6475000	       646	8000234c	00000013	addi	x0,x0,0	  x0:0x00000000
        6485000	       647	80002350	024000ef	jal	x1,80002350	  x1=0x80002350
        6495000	       648	00000000	00000013	addi	x0,x0,0	  x0:0x00000000
        6505000	       649	80002370	00000013	addi	x0,x0,0	  x0:0x00000000
        6515000	       650	80002374	ff1ff0ef	jal	x1,80002374	  x1=0x80002374
        6525000	       651	00000000	00000013	addi	x0,x0,0	  x0:0x00000000
        6535000	       652	80002360	00000013	addi	x0,x0,0	  x0:0x00000000
        6545000	       653	80002364	01c000ef	jal	x1,80002364	  x1=0x80002364
        6555000	       654	00000000	00000013	addi	x0,x0,0	  x0:0x00000000
        6565000	       655	8000237c	00000013	addi	x0,x0,0	  x0:0x00000000
        6575000	       656	80002380	ff9ff36f	jal	x6,80002380	  x6=0x80002380
        6585000	       657	00000000	00000013	addi	x0,x0,0	  x0:0x00000000
        6595000	       658	80002374	00000013	addi	x0,x0,0	  x0:0x00000000
        6605000	       659	80002378	ff9ff26f	jal	x4,80002378	  x4=0x80002378
        6615000	       660	00000000	00000013	addi	x0,x0,0	  x0:0x00000000
        6625000	       661	8000236c	00000013	addi	x0,x0,0	  x0:0x00000000
        6635000	       662	80002370	018000ef	jal	x1,80002370	  x1=0x80002370
        6645000	       663	00000000	00000013	addi	x0,x0,0	  x0:0x00000000
        6655000	       664	80002384	00000013	addi	x0,x0,0	  x0:0x00000000
        6665000	       665	80002388	ff5ff0ef	jal	x1,80002388	  x1=0x80002388
        6675000	       666	00000000	00000013	addi	x0,x0,0	  x0:0x00000000
        6685000	       667	80002378	00000013	addi	x0,x0,0	  x0:0x00000000
        6695000	       668	8000237c	0100036f	jal	x6,8000237c	  x6=0x8000237c
        6705000	       669	00000000	00000013	addi	x0,x0,0	  x0:0x00000000
        6715000	       670	80002388	00000013	addi	x0,x0,0	  x0:0x00000000
        6725000	       671	8000238c	6cdfff93	andi	x31,x31,1741	 x31:0x00008000 x31=0x00000000
        6735000	       672	80002390	05000f6f	jal	x30,80002390	 x30=0x80002390
        6745000	       673	00000000	00000013	addi	x0,x0,0	  x0:0x00000000
        6755000	       674	800023dc	00000013	addi	x0,x0,0	  x0:0x00000000
        6765000	       675	800023e0	010000ef	jal	x1,800023e0	  x1=0x800023e0
        6775000	       676	00000000	00000013	addi	x0,x0,0	  x0:0x00000000
        6785000	       677	800023ec	00000013	addi	x0,x0,0	  x0:0x00000000
        6795000	       678	800023f0	010003ef	jal	x7,800023f0	  x7=0x800023f0
        6805000	       679	00000000	00000013	addi	x0,x0,0	  x0:0x00000000
        6815000	       680	800023fc	00000013	addi	x0,x0,0	  x0:0x00000000
        6825000	       681	80002400	f99ff0ef	jal	x1,80002400	  x1=0x80002400
        6835000	       682	00000000	00000013	addi	x0,x0,0	  x0:0x00000000
        6845000	       683	80002394	00000013	addi	x0,x0,0	  x0:0x00000000
        6855000	       684	80002398	05c000ef	jal	x1,80002398	  x1=0x80002398
        6865000	       685	00000000	00000013	addi	x0,x0,0	  x0:0x00000000
        6875000	       686	800023f0	00000013	addi	x0,x0,0	  x0:0x00000000
        6885000	       687	800023f4	fb5ff1ef	jal	x3,800023f4	  x3=0x800023f4
        6895000	       688	00000000	00000013	addi	x0,x0,0	  x0:0x00000000
        6905000	       689	800023a4	00000013	addi	x0,x0,0	  x0:0x00000000
        6915000	       690	800023a8	ffdff46f	jal	x8,800023a8	  x8=0x800023a8
        6925000	       691	00000000	00000013	addi	x0,x0,0	  x0:0x00000000
        6935000	       692	800023a0	00000013	addi	x0,x0,0	  x0:0x00000000
        6945000	       693	800023a4	014000ef	jal	x1,800023a4	  x1=0x800023a4
        6955000	       694	00000000	00000013	addi	x0,x0,0	  x0:0x00000000
        6965000	       695	800023b4	00000013	addi	x0,x0,0	  x0:0x00000000
        6975000	       696	800023b8	020000ef	jal	x1,800023b8	  x1=0x800023b8
        6985000	       697	00000000	00000013	addi	x0,x0,0	  x0:0x00000000
        6995000	       698	800023d4	00000013	addi	x0,x0,0	  x0:0x00000000
        7005000	       699	800023d8	ff1ff0ef	jal	x1,800023d8	  x1=0x800023d8
        7015000	       700	00000000	00000013	addi	x0,x0,0	  x0:0x00000000
        7025000	       701	800023c4	00000013	addi	x0,x0,0	  x0:0x00000000
        7035000	       702	800023c8	030000ef	jal	x1,800023c8	  x1=0x800023c8
        7045000	       703	00000000	00000013	addi	x0,x0,0	  x0:0x00000000
        7055000	       704	800023f4	00000013	addi	x0,x0,0	  x0:0x00000000
        7065000	       705	800023f8	fa9ff0ef	jal	x1,800023f8	  x1=0x800023f8
        7075000	       706	00000000	00000013	addi	x0,x0,0	  x0:0x00000000
        7085000	       707	8000239c	00000013	addi	x0,x0,0	  x0:0x00000000
        7095000	       708	800023a0	05c000ef	jal	x1,800023a0	  x1=0x800023a0
        7105000	       709	00000000	00000013	addi	x0,x0,0	  x0:0x00000000
        7115000	       710	800023f8	00000013	addi	x0,x0,0	  x0:0x00000000
        7125000	       711	800023fc	fedff0ef	jal	x1,800023fc	  x1=0x800023fc
        7135000	       712	00000000	00000013	addi	x0,x0,0	  x0:0x00000000
        7145000	       713	800023e4	00000013	addi	x0,x0,0	  x0:0x00000000
        7155000	       714	800023e8	fc9ff66f	jal	x12,800023e8	 x12=0x800023e8
        7165000	       715	00000000	00000013	addi	x0,x0,0	  x0:0x00000000
        7175000	       716	800023ac	00000013	addi	x0,x0,0	  x0:0x00000000
        7185000	       717	800023b0	fe5ff36f	jal	x6,800023b0	  x6=0x800023b0
        7195000	       718	00000000	00000013	addi	x0,x0,0	  x0:0x00000000
        7205000	       719	80002390	00000013	addi	x0,x0,0	  x0:0x00000000
        7215000	       720	80002394	020000ef	jal	x1,80002394	  x1=0x80002394
        7225000	       721	00000000	00000013	addi	x0,x0,0	  x0:0x00000000
        7235000	       722	800023b0	00000013	addi	x0,x0,0	  x0:0x00000000
        7245000	       723	800023b4	008000ef	jal	x1,800023b4	  x1=0x800023b4
        7255000	       724	00000000	00000013	addi	x0,x0,0	  x0:0x00000000
        7265000	       725	800023b8	00000013	addi	x0,x0,0	  x0:0x00000000
        7275000	       726	800023bc	028000ef	jal	x1,800023bc	  x1=0x800023bc
        7285000	       727	00000000	00000013	addi	x0,x0,0	  x0:0x00000000
        7295000	       728	800023e0	00000013	addi	x0,x0,0	  x0:0x00000000
        7305000	       729	800023e4	fc9ff0ef	jal	x1,800023e4	  x1=0x800023e4
        7315000	       730	00000000	00000013	addi	x0,x0,0	  x0:0x00000000
        7325000	       731	800023a8	00000013	addi	x0,x0,0	  x0:0x00000000
        7335000	       732	800023ac	024001ef	jal	x3,800023ac	  x3=0x800023ac
        7345000	       733	00000000	00000013	addi	x0,x0,0	  x0:0x00000000
        7355000	       734	800023cc	00000013	addi	x0,x0,0	  x0:0x00000000
        7365000	       735	800023d0	ffdff36f	jal	x6,800023d0	  x6=0x800023d0
        7375000	       736	00000000	00000013	addi	x0,x0,0	  x0:0x00000000
        7385000	       737	800023c8	00000013	addi	x0,x0,0	  x0:0x00000000
        7395000	       738	800023cc	ff9ff36f	jal	x6,800023cc	  x6=0x800023cc
        7405000	       739	00000000	00000013	addi	x0,x0,0	  x0:0x00000000
        7415000	       740	800023c0	00000013	addi	x0,x0,0	  x0:0x00000000
        7425000	       741	800023c4	ffdff0ef	jal	x1,800023c4	  x1=0x800023c4
        7435000	       742	00000000	00000013	addi	x0,x0,0	  x0:0x00000000
        7445000	       743	800023bc	00000013	addi	x0,x0,0	  x0:0x00000000
        7455000	       744	800023c0	02c000ef	jal	x1,800023c0	  x1=0x800023c0
        7465000	       745	00000000	00000013	addi	x0,x0,0	  x0:0x00000000
        7475000	       746	800023e8	00000013	addi	x0,x0,0	  x0:0x00000000
        7485000	       747	800023ec	fe9ffb6f	jal	x22,800023ec	 x22=0x800023ec
        7495000	       748	00000000	00000013	addi	x0,x0,0	  x0:0x00000000
        7505000	       749	800023d0	00000013	addi	x0,x0,0	  x0:0x00000000
        7515000	       750	800023d4	008001ef	jal	x3,800023d4	  x3=0x800023d4
        7525000	       751	00000000	00000013	addi	x0,x0,0	  x0:0x00000000
        7535000	       752	800023d8	00000013	addi	x0,x0,0	  x0:0x00000000
        7545000	       753	800023dc	fc1ff26f	jal	x4,800023dc	  x4=0x800023dc
        7555000	       754	00000000	00000013	addi	x0,x0,0	  x0:0x00000000
        7565000	       755	80002398	00000013	addi	x0,x0,0	  x0:0x00000000
        7575000	       756	8000239c	068007ef	jal	x15,8000239c	 x15=0x8000239c
        7585000	       757	00000000	00000013	addi	x0,x0,0	  x0:0x00000000
        7595000	       758	80002400	00000013	addi	x0,x0,0	  x0:0x00000000
        7605000	       759	80002404	00b768b3	or	x17,x14,x11	 x14:0x00000c62 x11:0xffffe000 x17=0xffffec62
        7615000	       760	80002408	01400f6f	jal	x30,80002408	 x30=0x80002408
        7625000	       761	00000000	00000013	addi	x0,x0,0	  x0:0x00000000
        7635000	       762	80002418	00000013	addi	x0,x0,0	  x0:0x00000000
        7645000	       763	8000241c	01c0056f	jal	x10,8000241c	 x10=0x8000241c
        7655000	       764	00000000	00000013	addi	x0,x0,0	  x0:0x00000000
        7665000	       765	80002434	00000013	addi	x0,x0,0	  x0:0x00000000
        7675000	       766	80002438	fd5ff36f	jal	x6,80002438	  x6=0x80002438
        7685000	       767	00000000	00000013	addi	x0,x0,0	  x0:0x00000000
        7695000	       768	80002408	00000013	addi	x0,x0,0	  x0:0x00000000
        7705000	       769	8000240c	01c000ef	jal	x1,8000240c	  x1=0x8000240c
        7715000	       770	00000000	00000013	addi	x0,x0,0	  x0:0x00000000
        7725000	       771	80002424	00000013	addi	x0,x0,0	  x0:0x00000000
        7735000	       772	80002428	004000ef	jal	x1,80002428	  x1=0x80002428
        7745000	       773	00000000	00000013	addi	x0,x0,0	  x0:0x00000000
        7755000	       774	80002428	00000013	addi	x0,x0,0	  x0:0x00000000
        7765000	       775	8000242c	0280036f	jal	x6,8000242c	  x6=0x8000242c
        7775000	       776	00000000	00000013	addi	x0,x0,0	  x0:0x00000000
        7785000	       777	80002450	00000013	addi	x0,x0,0	  x0:0x00000000
        7795000	       778	80002454	fcdff0ef	jal	x1,80002454	  x1=0x80002454
        7805000	       779	00000000	00000013	addi	x0,x0,0	  x0:0x00000000
        7815000	       780	8000241c	00000013	addi	x0,x0,0	  x0:0x00000000
        7825000	       781	80002420	010007ef	jal	x15,80002420	 x15=0x80002420
        7835000	       782	00000000	00000013	addi	x0,x0,0	  x0:0x00000000
        7845000	       783	8000242c	00000013	addi	x0,x0,0	  x0:0x00000000
        7855000	       784	80002430	fe9ff0ef	jal	x1,80002430	  x1=0x80002430
        7865000	       785	00000000	00000013	addi	x0,x0,0	  x0:0x00000000
        7875000	       786	80002414	00000013	addi	x0,x0,0	  x0:0x00000000
        7885000	       787	80002418	038000ef	jal	x1,80002418	  x1=0x80002418
        7895000	       788	00000000	00000013	addi	x0,x0,0	  x0:0x00000000
        7905000	       789	8000244c	00000013	addi	x0,x0,0	  x0:0x00000000
        7915000	       790	80002450	ff5ff0ef	jal	x1,80002450	  x1=0x80002450
        7925000	       791	00000000	00000013	addi	x0,x0,0	  x0:0x00000000
        7935000	       792	80002440	00000013	addi	x0,x0,0	  x0:0x00000000
        7945000	       793	80002444	00800eef	jal	x29,80002444	 x29=0x80002444
        7955000	       794	00000000	00000013	addi	x0,x0,0	  x0:0x00000000
        7965000	       795	80002448	00000013	addi	x0,x0,0	  x0:0x00000000
        7975000	       796	8000244c	ff5ff36f	jal	x6,8000244c	  x6=0x8000244c
        7985000	       797	00000000	00000013	addi	x0,x0,0	  x0:0x00000000
        7995000	       798	8000243c	00000013	addi	x0,x0,0	  x0:0x00000000
        8005000	       799	80002440	fd5ffb6f	jal	x22,80002440	 x22=0x80002440
        8015000	       800	00000000	00000013	addi	x0,x0,0	  x0:0x00000000
        8025000	       801	80002410	00000013	addi	x0,x0,0	  x0:0x00000000
        8035000	       802	80002414	0100036f	jal	x6,80002414	  x6=0x80002414
        8045000	       803	00000000	00000013	addi	x0,x0,0	  x0:0x00000000
        8055000	       804	80002420	00000013	addi	x0,x0,0	  x0:0x00000000
        8065000	       805	80002424	fedff0ef	jal	x1,80002424	  x1=0x80002424
        8075000	       806	00000000	00000013	addi	x0,x0,0	  x0:0x00000000
        8085000	       807	8000240c	00000013	addi	x0,x0,0	  x0:0x00000000
        8095000	       808	80002410	038000ef	jal	x1,80002410	  x1=0x80002410
        8105000	       809	00000000	00000013	addi	x0,x0,0	  x0:0x00000000
        8115000	       810	80002444	00000013	addi	x0,x0,0	  x0:0x00000000
        8125000	       811	80002448	fedff0ef	jal	x1,80002448	  x1=0x80002448
        8135000	       812	00000000	00000013	addi	x0,x0,0	  x0:0x00000000
        8145000	       813	80002430	00000013	addi	x0,x0,0	  x0:0x00000000
        8155000	       814	80002434	0080036f	jal	x6,80002434	  x6=0x80002434
        8165000	       815	00000000	00000013	addi	x0,x0,0	  x0:0x00000000
        8175000	       816	80002438	00000013	addi	x0,x0,0	  x0:0x00000000
        8185000	       817	8000243c	01c00def	jal	x27,8000243c	 x27=0x8000243c
        8195000	       818	00000000	00000013	addi	x0,x0,0	  x0:0x00000000
        8205000	       819	80002454	00000013	addi	x0,x0,0	  x0:0x00000000
        8215000	       820	80002458	c5237a93	andi	x21,x6,-942	  x6:0x80002434 x21=0x80002410
        8225000	       821	8000245c	02000f6f	jal	x30,8000245c	 x30=0x8000245c
        8235000	       822	00000000	00000013	addi	x0,x0,0	  x0:0x00000000
        8245000	       823	80002478	00000013	addi	x0,x0,0	  x0:0x00000000
        8255000	       824	8000247c	00c0036f	jal	x6,8000247c	  x6=0x8000247c
        8265000	       825	00000000	00000013	addi	x0,x0,0	  x0:0x00000000
        8275000	       826	80002484	00000013	addi	x0,x0,0	  x0:0x00000000
        8285000	       827	80002488	fe5ff0ef	jal	x1,80002488	  x1=0x80002488
        8295000	       828	00000000	00000013	addi	x0,x0,0	  x0:0x00000000
        8305000	       829	80002468	00000013	addi	x0,x0,0	  x0:0x00000000
        8315000	       830	8000246c	014000ef	jal	x1,8000246c	  x1=0x8000246c
        8325000	       831	00000000	00000013	addi	x0,x0,0	  x0:0x00000000
        8335000	       832	8000247c	00000013	addi	x0,x0,0	  x0:0x00000000
        8345000	       833	80002480	ff9ff4ef	jal	x9,80002480	  x9=0x80002480
        8355000	       834	00000000	00000013	addi	x0,x0,0	  x0:0x00000000
        8365000	       835	80002474	00000013	addi	x0,x0,0	  x0:0x00000000
        8375000	       836	80002478	fe9ff0ef	jal	x1,80002478	  x1=0x80002478
        8385000	       837	00000000	00000013	addi	x0,x0,0	  x0:0x00000000
        8395000	       838	8000245c	00000013	addi	x0,x0,0	  x0:0x00000000
        8405000	       839	80002460	024000ef	jal	x1,80002460	  x1=0x80002460
        8415000	       840	00000000	00000013	addi	x0,x0,0	  x0:0x00000000
        8425000	       841	80002480	00000013	addi	x0,x0,0	  x0:0x00000000
        8435000	       842	80002484	ff1ff0ef	jal	x1,80002484	  x1=0x80002484
        8445000	       843	00000000	00000013	addi	x0,x0,0	  x0:0x00000000
        8455000	       844	80002470	00000013	addi	x0,x0,0	  x0:0x00000000
        8465000	       845	80002474	ff1ff0ef	jal	x1,80002474	  x1=0x80002474
        8475000	       846	00000000	00000013	addi	x0,x0,0	  x0:0x00000000
        8485000	       847	80002460	00000013	addi	x0,x0,0	  x0:0x00000000
        8495000	       848	80002464	0280036f	jal	x6,80002464	  x6=0x80002464
        8505000	       849	00000000	00000013	addi	x0,x0,0	  x0:0x00000000
        8515000	       850	80002488	00000013	addi	x0,x0,0	  x0:0x00000000
        8525000	       851	8000248c	fddff0ef	jal	x1,8000248c	  x1=0x8000248c
        8535000	       852	00000000	00000013	addi	x0,x0,0	  x0:0x00000000
        8545000	       853	80002464	00000013	addi	x0,x0,0	  x0:0x00000000
        8555000	       854	80002468	008000ef	jal	x1,80002468	  x1=0x80002468
        8565000	       855	00000000	00000013	addi	x0,x0,0	  x0:0x00000000
        8575000	       856	8000246c	00000013	addi	x0,x0,0	  x0:0x00000000
        8585000	       857	80002470	020000ef	jal	x1,80002470	  x1=0x80002470
        8595000	       858	00000000	00000013	addi	x0,x0,0	  x0:0x00000000
        8605000	       859	8000248c	00000013	addi	x0,x0,0	  x0:0x00000000
        8615000	       860	80002490	00ef1493	slli	x9,x30,0xe	 x30:0x8000245c  x9=0x09170000
        8625000	       861	80002494	00de8033	add	x0,x29,x13	 x29:0x80002444 x13:0x80002334
        8635000	       862	80002498	0239fc63	bgeu	x19,x3,800024d0	 x19:0x000007df  x3:0x800023d4
        8645000	       863	8000249c	0355d863	bge	x11,x21,800024cc	 x11:0xffffe000 x21:0x80002410
        8655000	       864	00000000	00000013	addi	x0,x0,0	  x0:0x00000000
        8665000	       865	800024c8	00000013	addi	x0,x0,0	  x0:0x00000000
        8675000	       866	800024cc	00dc5e63	bge	x24,x13,800024e8	 x24:0x80002320 x13:0x80002334
        8685000	       867	800024d0	115a7d93	andi	x27,x20,277	 x20:0xda51e3c7 x27=0x00000105
        8695000	       868	800024d4	00000013	addi	x0,x0,0	  x0:0x00000000
        8705000	       869	800024d8	00000013	addi	x0,x0,0	  x0:0x00000000
        8715000	       870	800024dc	01794133	xor	x2,x18,x23	 x18:0x80009fc4 x23:0x000000d0  x2=0x80009f14
        8725000	       871	800024e0	00ef6f33	or	x30,x30,x14	 x30:0x8000245c x14:0x00000c62 x30=0x80002c7e
        8735000	       872	800024e4	00000013	addi	x0,x0,0	  x0:0x00000000
        8745000	       873	800024e8	05aa0063	beq	x20,x26,80002528	 x20:0xda51e3c7 x26:0x000006fd
        8755000	       874	800024ec	80abbf13	sltiu	x30,x23,-2038	 x23:0x000000d0 x30=0x00000001
        8765000	       875	800024f0	760f3d13	sltiu	x26,x30,1888	 x30:0x00000001 x26=0x00000001
        8775000	       876	800024f4	022b0863	beq	x22,x2,80002524	 x22:0x80002440  x2:0x80009f14
        8785000	       877	800024f8	019958b3	srl	x17,x18,x25	 x18:0x80009fc4 x25:0x00000006 x17=0x0200027f
        8795000	       878	800024fc	01fa9133	sll	x2,x21,x31	 x21:0x80002410 x31:0x00000000  x2=0x80002410
        8805000	       879	80002500	7b3e8693	addi	x13,x29,1971	 x29:0x80002444 x13=0x80002bf7
        8815000	       880	80002504	65ffb693	sltiu	x13,x31,1631	 x31:0x00000000 x13=0x00000001
        8825000	       881	80002508	71658637	lui	x12,0x71658	 x12=0x71658000
        8835000	       882	8000250c	921dfc13	andi	x24,x27,-1759	 x27:0x00000105 x24=0x00000101
        8845000	       883	80002510	e3e92213	slti	x4,x18,-450	 x18:0x80009fc4  x4=0x00000001
        8855000	       884	80002514	00f35ab3	srl	x21,x6,x15	  x6:0x80002464 x15:0x80002420 x21=0x80002464
        8865000	       885	80002518	016e3bb3	sltu	x23,x28,x22	 x28:0x800022f8 x22:0x80002440 x23=0x00000001
        8875000	       886	8000251c	fceb6813	ori	x16,x22,-50	 x22:0x80002440 x16=0xffffffce
        8885000	       887	80002520	41795733	sra	x14,x18,x23	 x18:0x80009fc4 x23:0x00000001 x14=0xc0004fe2
        8895000	       888	80002524	01236a63	bltu	x6,x18,80002538	  x6:0x80002464 x18:0x80009fc4
        8905000	       889	00000000	00000013	addi	x0,x0,0	  x0:0x00000000
        8915000	       890	80002534	00000013	addi	x0,x0,0	  x0:0x00000000
        8925000	       891	80002538	40370733	sub	x14,x14,x3	 x14:0xc0004fe2  x3:0x800023d4 x14=0x40002c0e
        8935000	       892	8000253c	034e7463	bgeu	x28,x20,80002564	 x28:0x800022f8 x20:0xda51e3c7
        8945000	       893	80002540	40500bb3	sub	x23,x0,x5	  x0:0x00000000  x5:0x80009f20 x23=0x7fff60e0
        8955000	       894	80002544	00f80863	beq	x16,x15,80002554	 x16:0xffffffce x15:0x80002420
        8965000	       895	80002548	00b47db3	and	x27,x8,x11	  x8:0x800023a8 x11:0xffffe000 x27=0x80002000
        8975000	       896	8000254c	010594b3	sll	x9,x11,x16	 x11:0xffffe000 x16:0xffffffce  x9=0xf8000000
        8985000	       897	80002550	a1d17593	andi	x11,x2,-1507	  x2:0x80002410 x11=0x80002010
        8995000	       898	80002554	036a4663	blt	x20,x22,80002580	 x20:0xda51e3c7 x22:0x80002440
        9005000	       899	80002558	013f6a63	bltu	x30,x19,8000256c	 x30:0x00000001 x19:0x000007df
        9015000	       900	00000000	00000013	addi	x0,x0,0	  x0:0x00000000
        9025000	       901	80002568	00000013	addi	x0,x0,0	  x0:0x00000000
        9035000	       902	8000256c	02ea4863	blt	x20,x14,8000259c	 x20:0xda51e3c7 x14:0x40002c0e
        9045000	       903	00000000	00000013	addi	x0,x0,0	  x0:0x00000000
        9055000	       904	80002598	00000013	addi	x0,x0,0	  x0:0x00000000
        9065000	       905	8000259c	374a3d93	sltiu	x27,x20,884	 x20:0xda51e3c7 x27=0x00000000
        9075000	       906	800025a0	03575a63	bge	x14,x21,800025d4	 x14:0x40002c0e x21:0x80002464
        9085000	       907	00000000	00000013	addi	x0,x0,0	  x0:0x00000000
        9095000	       908	800025d0	00000013	addi	x0,x0,0	  x0:0x00000000
        9105000	       909	800025d4	017161b3	or	x3,x2,x23	  x2:0x80002410 x23:0x7fff60e0  x3=0xffff64f0
        9115000	       910	800025d8	c5c22413	slti	x8,x4,-932	  x4:0x00000001  x8=0x00000000
        9125000	       911	800025dc	001e5a93	srli	x21,x28,0x1	 x28:0x800022f8 x21=0x4000117c
        9135000	       912	800025e0	4132ca93	xori	x21,x5,1043	  x5:0x80009f20 x21=0x80009b33
        9145000	       913	800025e4	c869c113	xori	x2,x19,-890	 x19:0x000007df  x2=0xfffffb59
        9155000	       914	800025e8	01970863	beq	x14,x25,800025f8	 x14:0x40002c0e x25:0x00000006
        9165000	       915	800025ec	0073d033	srl	x0,x7,x7	  x7:0x800023f0  x7:0x800023f0
        9175000	       916	800025f0	4064d213	srai	x4,x9,0x6	  x9:0xf8000000  x4=0xffe00000
        9185000	       917	800025f4	00c540b3	xor	x1,x10,x12	 x10:0x8000241c x12:0x71658000  x1=0xf165a41c
        9195000	       918	800025f8	01477e63	bgeu	x14,x20,80002614	 x14:0x40002c0e x20:0xda51e3c7
        9205000	       919	800025fc	00689b93	slli	x23,x17,0x6	 x17:0x0200027f x23=0x80009fc0
        9215000	       920	80002600	00e19793	slli	x15,x3,0xe	  x3:0xffff64f0 x15=0xd93c0000
        9225000	       921	80002604	00254263	blt	x10,x2,80002608	 x10:0x8000241c  x2:0xfffffb59
        9235000	       922	00000000	00000013	addi	x0,x0,0	  x0:0x00000000
        9245000	       923	80002604	00000013	addi	x0,x0,0	  x0:0x00000000
        9255000	       924	80002608	006cde93	srli	x29,x25,0x6	 x25:0x00000006 x29=0x00000000
        9265000	       925	8000260c	00365313	srli	x6,x12,0x3	 x12:0x71658000  x6=0x0e2cb000
        9275000	       926	80002610	fa2f0417	auipc	x8,0xfa2f0	  x8=0x7a2f260c
        9285000	       927	80002614	00075113	srli	x2,x14,0x0	 x14:0x40002c0e  x2=0x40002c0e
        9295000	       928	80002618	25ea9717	auipc	x14,0x25ea9	 x14=0xa5eab614
        9305000	       929	8000261c	be67f497	auipc	x9,0xbe67f	  x9=0x3e681618
        9315000	       930	80002620	05308063	beq	x1,x19,80002660	  x1:0xf165a41c x19:0x000007df
        9325000	       931	80002624	014cd813	srli	x16,x25,0x14	 x25:0x00000006 x16=0x00000000
        9335000	       932	80002628	a2450513	addi	x10,x10,-1500	 x10:0x8000241c x10=0x80001e40
        9345000	       933	8000262c	4193d493	srai	x9,x7,0x19	  x7:0x800023f0  x9=0xffffffc0
        9355000	       934	80002630	010ab533	sltu	x10,x21,x16	 x21:0x80009b33 x16:0x00000000 x10=0x00000000
        9365000	       935	80002634	0093e663	bltu	x7,x9,80002640	  x7:0x800023f0  x9:0xffffffc0
        9375000	       936	00000000	00000013	addi	x0,x0,0	  x0:0x00000000
        9385000	       937	8000263c	00000013	addi	x0,x0,0	  x0:0x00000000
        9395000	       938	80002640	00e42b33	slt	x22,x8,x14	  x8:0x7a2f260c x14:0xa5eab614 x22=0x00000000
        9405000	       939	80002644	01f04733	xor	x14,x0,x31	  x0:0x00000000 x31:0x00000000 x14=0x00000000
        9415000	       940	80002648	00000013	addi	x0,x0,0	  x0:0x00000000
        9425000	       941	8000264c	04f97263	bgeu	x18,x15,80002690	 x18:0x80009fc4 x15:0xd93c0000
        9435000	       942	80002650	05c30b93	addi	x23,x6,92	  x6:0x0e2cb000 x23=0x0e2cb05c
        9445000	       943	80002654	8325a517	auipc	x10,0x8325a	 x10=0x0325c650
        9455000	       944	80002658	417a5633	sra	x12,x20,x23	 x20:0xda51e3c7 x23:0x0e2cb05c x12=0xfffffffd
        9465000	       945	8000265c	9e9d3313	sltiu	x6,x26,-1559	 x26:0x00000001  x6=0x00000001
        9475000	       946	80002660	0169d0b3	srl	x1,x19,x22	 x19:0x000007df x22:0x00000000  x1=0x000007df
        9485000	       947	80002664	011c94b3	sll	x9,x25,x17	 x25:0x00000006 x17:0x0200027f  x9=0x00000000
        9495000	       948	80002668	e5a84793	xori	x15,x16,-422	 x16:0x00000000 x15=0xfffffe5a
        9505000	       949	8000266c	41345833	sra	x16,x8,x19	  x8:0x7a2f260c x19:0x000007df x16=0x00000000
        9515000	       950	80002670	053f4863	blt	x30,x19,800026c0	 x30:0x00000001 x19:0x000007df
        9525000	       951	00000000	00000013	addi	x0,x0,0	  x0:0x00000000
        9535000	       952	800026bc	00000013	addi	x0,x0,0	  x0:0x00000000
        9545000	       953	800026c0	a765c213	xori	x4,x11,-1418	 x11:0x80002010  x4=0x7fffda66
        9555000	       954	800026c4	80d6ac13	slti	x24,x13,-2035	 x13:0x00000001 x24=0x00000000
        9565000	       955	800026c8	0402d663	bge	x5,x0,80002714	  x5:0x80009f20  x0:0x00000000
        9575000	       956	800026cc	05b55263	bge	x10,x27,80002710	 x10:0x0325c650 x27:0x00000000
        9585000	       957	00000000	00000013	addi	x0,x0,0	  x0:0x00000000
        9595000	       958	8000270c	00000013	addi	x0,x0,0	  x0:0x00000000
        9605000	       959	80002710	96c99fb7	lui	x31,0x96c99	 x31=0x96c99000
        9615000	       960	80002714	7fc43813	sltiu	x16,x8,2044	  x8:0x7a2f260c x16=0x00000000
        9625000	       961	80002718	f7493e13	sltiu	x28,x18,-140	 x18:0x80009fc4 x28=0x00000001
        9635000	       962	8000271c	005cd113	srli	x2,x25,0x5	 x25:0x00000006  x2=0x00000000
        9645000	       963	80002720	03d0f263	bgeu	x1,x29,80002744	  x1:0x000007df x29:0x00000000
        9655000	       964	00000000	00000013	addi	x0,x0,0	  x0:0x00000000
        9665000	       965	80002740	00000013	addi	x0,x0,0	  x0:0x00000000
        9675000	       966	80002744	0063ce63	blt	x7,x6,80002760	  x7:0x800023f0  x6:0x00000001
        9685000	       967	00000000	00000013	addi	x0,x0,0	  x0:0x00000000
        9695000	       968	8000275c	00000013	addi	x0,x0,0	  x0:0x00000000
        9705000	       969	80002760	007cc833	xor	x16,x25,x7	 x25:0x00000006  x7:0x800023f0 x16=0x800023f6
        9715000	       970	80002764	00000013	addi	x0,x0,0	  x0:0x00000000
        9725000	       971	80002768	00a91593	slli	x11,x18,0xa	 x18:0x80009fc4 x11=0x027f1000
        9735000	       972	8000276c	d04ebc13	sltiu	x24,x29,-764	 x29:0x00000000 x24=0x00000001
        9745000	       973	80002770	406588b3	sub	x17,x11,x6	 x11:0x027f1000  x6:0x00000001 x17=0x027f0fff
        9755000	       974	80002774	01601693	slli	x13,x0,0x16	  x0:0x00000000 x13=0x00000000
        9765000	       975	80002778	04245263	bge	x8,x2,800027bc	  x8:0x7a2f260c  x2:0x00000000
        9775000	       976	00000000	00000013	addi	x0,x0,0	  x0:0x00000000
        9785000	       977	800027b8	00000013	addi	x0,x0,0	  x0:0x00000000
        9795000	       978	800027bc	02dc8863	beq	x25,x13,800027ec	 x25:0x00000006 x13:0x00000000
        9805000	       979	800027c0	40d9d333	sra	x6,x19,x13	 x19:0x000007df x13:0x00000000  x6=0x000007df
        9815000	       980	800027c4	41fdde13	srai	x28,x27,0x1f	 x27:0x00000000 x28=0x00000000
        9825000	       981	800027c8	015a7333	and	x6,x20,x21	 x20:0xda51e3c7 x21:0x80009b33  x6=0x80008303
        9835000	       982	800027cc	cc04c593	xori	x11,x9,-832	  x9:0x00000000 x11=0xfffffcc0
        9845000	       983	800027d0	51f9be13	sltiu	x28,x19,1311	 x19:0x000007df x28=0x00000000
        9855000	       984	800027d4	27a0ef13	ori	x30,x1,634	  x1:0x000007df x30=0x000007ff
        9865000	       985	800027d8	41fbdf93	srai	x31,x23,0x1f	 x23:0x0e2cb05c x31=0x00000000
        9875000	       986	800027dc	4078d393	srai	x7,x17,0x7	 x17:0x027f0fff  x7=0x0004fe1f
        9885000	       987	800027e0	417fdb13	srai	x22,x31,0x17	 x31:0x00000000 x22=0x00000000
        9895000	       988	800027e4	00721613	slli	x12,x4,0x7	  x4:0x7fffda66 x12=0xffed3300
        9905000	       989	800027e8	016228b3	slt	x17,x4,x22	  x4:0x7fffda66 x22:0x00000000 x17=0x00000000
        9915000	       990	800027ec	0ed29097	auipc	x1,0xed29	  x1=0x8ed2b7e8
        9925000	       991	800027f0	01878a63	beq	x15,x24,80002804	 x15:0xfffffe5a x24:0x00000001
        9935000	       992	800027f4	00000013	addi	x0,x0,0	  x0:0x00000000
        9945000	       993	800027f8	01c89133	sll	x2,x17,x28	 x17:0x00000000 x28:0x00000000  x2=0x00000000
        9955000	       994	800027fc	41148833	sub	x16,x9,x17	  x9:0x00000000 x17:0x00000000 x16=0x00000000
        9965000	       995	80002800	01a32033	slt	x0,x6,x26	  x6:0x80008303 x26:0x00000001
        9975000	       996	80002804	5c3f7893	andi	x17,x30,1475	 x30:0x000007ff x17=0x000005c3
        9985000	       997	80002808	00be7533	and	x10,x28,x11	 x28:0x00000000 x11:0xfffffcc0 x10=0x00000000
        9995000	       998	8000280c	2d6e9db7	lui	x27,0x2d6e9	 x27=0x2d6e9000
       10005000	       999	80002810	04389263	bne	x17,x3,80002854	 x17:0x000005c3  x3:0xffff64f0
       10015000	      1000	00000000	00000013	addi	x0,x0,0	  x0:0x00000000
       10025000	      1001	80002850	00000013	addi	x0,x0,0	  x0:0x00000000
       10035000	      1002	80002854	00ec2bb3	slt	x23,x24,x14	 x24:0x00000001 x14:0x00000000 x23=0x00000000
       10045000	      1003	80002858	01071b33	sll	x22,x14,x16	 x14:0x00000000 x16:0x00000000 x22=0x00000000
       10055000	      1004	8000285c	406bdfb3	sra	x31,x23,x6	 x23:0x00000000  x6:0x80008303 x31=0x00000000
       10065000	      1005	80002860	00000013	addi	x0,x0,0	  x0:0x00000000
       10075000	      1006	80002864	eaaa05b7	lui	x11,0xeaaa0	 x11=0xeaaa0000
       10085000	      1007	80002868	1748c613	xori	x12,x17,372	 x17:0x000005c3 x12=0x000004b7
       10095000	      1008	8000286c	73ed7093	andi	x1,x26,1854	 x26:0x00000001  x1=0x00000000
       10105000	      1009	80002870	0057da63	bge	x15,x5,80002884	 x15:0xfffffe5a  x5:0x80009f20
       10115000	      1010	00000000	00000013	addi	x0,x0,0	  x0:0x00000000
       10125000	      1011	80002880	00000013	addi	x0,x0,0	  x0:0x00000000
       10135000	      1012	80002884	3f0f3113	sltiu	x2,x30,1008	 x30:0x000007ff  x2=0x00000000
       10145000	      1013	80002888	0042af03	lw	x30,4(x5)	  x5:0x80009f20 x30=0x800002e8 PA:0x80009f24
       10155000	      1014	8000288c	03c28293	addi	x5,x5,60	  x5:0x80009f20  x5=0x80009f5c
       10165000	      1015	80002890	018a1493	slli	x9,x20,0x18	 x20:0xda51e3c7  x9=0xc7000000
       10175000	      1016	80002894	00000013	addi	x0,x0,0	  x0:0x00000000
       10185000	      1017	80002898	45d4e093	ori	x1,x9,1117	  x9:0xc7000000  x1=0xc700045d
       10195000	      1018	8000289c	001f0613	addi	x12,x30,1	 x30:0x800002e8 x12=0x800002e9
       10205000	      1019	800028a0	00060667	jalr	x12,x12,0	 x12:0x800002e9 x12=0x800028a0
       10215000	      1020	00000000	00000013	addi	x0,x0,0	  x0:0x00000000
       10225000	      1021	800002e8	00000013	addi	x0,x0,0	  x0:0x00000000
       10235000	      1022	800002ec	05c00f6f	jal	x30,800002ec	 x30=0x800002ec
       10245000	      1023	00000000	00000013	addi	x0,x0,0	  x0:0x00000000
       10255000	      1024	80000344	00000013	addi	x0,x0,0	  x0:0x00000000
       10265000	      1025	80000348	fe9ff36f	jal	x6,80000348	  x6=0x80000348
       10275000	      1026	00000000	00000013	addi	x0,x0,0	  x0:0x00000000
       10285000	      1027	8000032c	00000013	addi	x0,x0,0	  x0:0x00000000
       10295000	      1028	80000330	ff9ff66f	jal	x12,80000330	 x12=0x80000330
       10305000	      1029	00000000	00000013	addi	x0,x0,0	  x0:0x00000000
       10315000	      1030	80000324	00000013	addi	x0,x0,0	  x0:0x00000000
       10325000	      1031	80000328	fd5ff0ef	jal	x1,80000328	  x1=0x80000328
       10335000	      1032	00000000	00000013	addi	x0,x0,0	  x0:0x00000000
       10345000	      1033	800002f8	00000013	addi	x0,x0,0	  x0:0x00000000
       10355000	      1034	800002fc	0240036f	jal	x6,800002fc	  x6=0x800002fc
       10365000	      1035	00000000	00000013	addi	x0,x0,0	  x0:0x00000000
       10375000	      1036	8000031c	00000013	addi	x0,x0,0	  x0:0x00000000
       10385000	      1037	80000320	ff1ff4ef	jal	x9,80000320	  x9=0x80000320
       10395000	      1038	00000000	00000013	addi	x0,x0,0	  x0:0x00000000
       10405000	      1039	8000030c	00000013	addi	x0,x0,0	  x0:0x00000000
       10415000	      1040	80000310	028000ef	jal	x1,80000310	  x1=0x80000310
       10425000	      1041	00000000	00000013	addi	x0,x0,0	  x0:0x00000000
       10435000	      1042	80000334	00000013	addi	x0,x0,0	  x0:0x00000000
       10445000	      1043	80000338	00c000ef	jal	x1,80000338	  x1=0x80000338
       10455000	      1044	00000000	00000013	addi	x0,x0,0	  x0:0x00000000
       10465000	      1045	80000340	00000013	addi	x0,x0,0	  x0:0x00000000
       10475000	      1046	80000344	ffdff0ef	jal	x1,80000344	  x1=0x80000344
       10485000	      1047	00000000	00000013	addi	x0,x0,0	  x0:0x00000000
       10495000	      1048	8000033c	00000013	addi	x0,x0,0	  x0:0x00000000
       10505000	      1049	80000340	fd9ff36f	jal	x6,80000340	  x6=0x80000340
       10515000	      1050	00000000	00000013	addi	x0,x0,0	  x0:0x00000000
       10525000	      1051	80000314	00000013	addi	x0,x0,0	  x0:0x00000000
       10535000	      1052	80000318	ff5ff0ef	jal	x1,80000318	  x1=0x80000318
       10545000	      1053	00000000	00000013	addi	x0,x0,0	  x0:0x00000000
       10555000	      1054	80000308	00000013	addi	x0,x0,0	  x0:0x00000000
       10565000	      1055	8000030c	0100036f	jal	x6,8000030c	  x6=0x8000030c
       10575000	      1056	00000000	00000013	addi	x0,x0,0	  x0:0x00000000
       10585000	      1057	80000318	00000013	addi	x0,x0,0	  x0:0x00000000
       10595000	      1058	8000031c	038000ef	jal	x1,8000031c	  x1=0x8000031c
       10605000	      1059	00000000	00000013	addi	x0,x0,0	  x0:0x00000000
       10615000	      1060	80000350	00000013	addi	x0,x0,0	  x0:0x00000000
       10625000	      1061	80000354	fb1ff36f	jal	x6,80000354	  x6=0x80000354
       10635000	      1062	00000000	00000013	addi	x0,x0,0	  x0:0x00000000
       10645000	      1063	80000300	00000013	addi	x0,x0,0	  x0:0x00000000
       10655000	      1064	80000304	ff5ff0ef	jal	x1,80000304	  x1=0x80000304
       10665000	      1065	00000000	00000013	addi	x0,x0,0	  x0:0x00000000
       10675000	      1066	800002f4	00000013	addi	x0,x0,0	  x0:0x00000000
       10685000	      1067	800002f8	01c0056f	jal	x10,800002f8	 x10=0x800002f8
       10695000	      1068	00000000	00000013	addi	x0,x0,0	  x0:0x00000000
       10705000	      1069	80000310	00000013	addi	x0,x0,0	  x0:0x00000000
       10715000	      1070	80000314	038004ef	jal	x9,80000314	  x9=0x80000314
       10725000	      1071	00000000	00000013	addi	x0,x0,0	  x0:0x00000000
       10735000	      1072	80000348	00000013	addi	x0,x0,0	  x0:0x00000000
       10745000	      1073	8000034c	fbdff0ef	jal	x1,8000034c	  x1=0x8000034c
       10755000	      1074	00000000	00000013	addi	x0,x0,0	  x0:0x00000000
       10765000	      1075	80000304	00000013	addi	x0,x0,0	  x0:0x00000000
       10775000	      1076	80000308	054000ef	jal	x1,80000308	  x1=0x80000308
       10785000	      1077	00000000	00000013	addi	x0,x0,0	  x0:0x00000000
       10795000	      1078	80000358	00000013	addi	x0,x0,0	  x0:0x00000000
       10805000	      1079	8000035c	f99ff26f	jal	x4,8000035c	  x4=0x8000035c
       10815000	      1080	00000000	00000013	addi	x0,x0,0	  x0:0x00000000
       10825000	      1081	800002f0	00000013	addi	x0,x0,0	  x0:0x00000000
       10835000	      1082	800002f4	00c00def	jal	x27,800002f4	 x27=0x800002f4
       10845000	      1083	00000000	00000013	addi	x0,x0,0	  x0:0x00000000
       10855000	      1084	800002fc	00000013	addi	x0,x0,0	  x0:0x00000000
       10865000	      1085	80000300	024000ef	jal	x1,80000300	  x1=0x80000300
       10875000	      1086	00000000	00000013	addi	x0,x0,0	  x0:0x00000000
       10885000	      1087	80000320	00000013	addi	x0,x0,0	  x0:0x00000000
       10895000	      1088	80000324	01000aef	jal	x21,80000324	 x21=0x80000324
       10905000	      1089	00000000	00000013	addi	x0,x0,0	  x0:0x00000000
       10915000	      1090	80000330	00000013	addi	x0,x0,0	  x0:0x00000000
       10925000	      1091	80000334	01c000ef	jal	x1,80000334	  x1=0x80000334
       10935000	      1092	00000000	00000013	addi	x0,x0,0	  x0:0x00000000
       10945000	      1093	8000034c	00000013	addi	x0,x0,0	  x0:0x00000000
       10955000	      1094	80000350	008000ef	jal	x1,80000350	  x1=0x80000350
       10965000	      1095	00000000	00000013	addi	x0,x0,0	  x0:0x00000000
       10975000	      1096	80000354	00000013	addi	x0,x0,0	  x0:0x00000000
       10985000	      1097	80000358	f99ff0ef	jal	x1,80000358	  x1=0x80000358
       10995000	      1098	00000000	00000013	addi	x0,x0,0	  x0:0x00000000
       11005000	      1099	800002ec	00000013	addi	x0,x0,0	  x0:0x00000000
       11015000	      1100	800002f0	04c000ef	jal	x1,800002f0	  x1=0x800002f0
       11025000	      1101	00000000	00000013	addi	x0,x0,0	  x0:0x00000000
       11035000	      1102	80000338	00000013	addi	x0,x0,0	  x0:0x00000000
       11045000	      1103	8000033c	ff1ff36f	jal	x6,8000033c	  x6=0x8000033c
       11055000	      1104	00000000	00000013	addi	x0,x0,0	  x0:0x00000000
       11065000	      1105	80000328	00000013	addi	x0,x0,0	  x0:0x00000000
       11075000	      1106	8000032c	034007ef	jal	x15,8000032c	 x15=0x8000032c
       11085000	      1107	00000000	00000013	addi	x0,x0,0	  x0:0x00000000
       11095000	      1108	8000035c	00000013	addi	x0,x0,0	  x0:0x00000000
       11105000	      1109	80000360	00b707b3	add	x15,x14,x11	 x14:0x00000000 x11:0xeaaa0000 x15=0xeaaa0000
       11115000	      1110	80000364	01c00f6f	jal	x30,80000364	 x30=0x80000364
       11125000	      1111	00000000	00000013	addi	x0,x0,0	  x0:0x00000000
       11135000	      1112	8000037c	00000013	addi	x0,x0,0	  x0:0x00000000
       11145000	      1113	80000380	fe9ff0ef	jal	x1,80000380	  x1=0x80000380
       11155000	      1114	00000000	00000013	addi	x0,x0,0	  x0:0x00000000
       11165000	      1115	80000364	00000013	addi	x0,x0,0	  x0:0x00000000
       11175000	      1116	80000368	01c0016f	jal	x2,80000368	  x2=0x80000368
       11185000	      1117	00000000	00000013	addi	x0,x0,0	  x0:0x00000000
       11195000	      1118	80000380	00000013	addi	x0,x0,0	  x0:0x00000000
       11205000	      1119	80000384	ff5ff36f	jal	x6,80000384	  x6=0x80000384
       11215000	      1120	00000000	00000013	addi	x0,x0,0	  x0:0x00000000
       11225000	      1121	80000374	00000013	addi	x0,x0,0	  x0:0x00000000
       11235000	      1122	80000378	004000ef	jal	x1,80000378	  x1=0x80000378
       11245000	      1123	00000000	00000013	addi	x0,x0,0	  x0:0x00000000
       11255000	      1124	80000378	00000013	addi	x0,x0,0	  x0:0x00000000
       11265000	      1125	8000037c	014000ef	jal	x1,8000037c	  x1=0x8000037c
       11275000	      1126	00000000	00000013	addi	x0,x0,0	  x0:0x00000000
       11285000	      1127	8000038c	00000013	addi	x0,x0,0	  x0:0x00000000
       11295000	      1128	80000390	fe1ff36f	jal	x6,80000390	  x6=0x80000390
       11305000	      1129	00000000	00000013	addi	x0,x0,0	  x0:0x00000000
       11315000	      1130	8000036c	00000013	addi	x0,x0,0	  x0:0x00000000
       11325000	      1131	80000370	ffdff0ef	jal	x1,80000370	  x1=0x80000370
       11335000	      1132	00000000	00000013	addi	x0,x0,0	  x0:0x00000000
       11345000	      1133	80000368	00000013	addi	x0,x0,0	  x0:0x00000000
       11355000	      1134	8000036c	02800fef	jal	x31,8000036c	 x31=0x8000036c
       11365000	      1135	00000000	00000013	addi	x0,x0,0	  x0:0x00000000
       11375000	      1136	80000390	00000013	addi	x0,x0,0	  x0:0x00000000
       11385000	      1137	80000394	fe1ff0ef	jal	x1,80000394	  x1=0x80000394
       11395000	      1138	00000000	00000013	addi	x0,x0,0	  x0:0x00000000
       11405000	      1139	80000370	00000013	addi	x0,x0,0	  x0:0x00000000
       11415000	      1140	80000374	0180016f	jal	x2,80000374	  x2=0x80000374
       11425000	      1141	00000000	00000013	addi	x0,x0,0	  x0:0x00000000
       11435000	      1142	80000388	00000013	addi	x0,x0,0	  x0:0x00000000
       11445000	      1143	8000038c	ffdff36f	jal	x6,8000038c	  x6=0x8000038c
       11455000	      1144	00000000	00000013	addi	x0,x0,0	  x0:0x00000000
       11465000	      1145	80000384	00000013	addi	x0,x0,0	  x0:0x00000000
       11475000	      1146	80000388	010000ef	jal	x1,80000388	  x1=0x80000388
       11485000	      1147	00000000	00000013	addi	x0,x0,0	  x0:0x00000000
       11495000	      1148	80000394	00000013	addi	x0,x0,0	  x0:0x00000000
       11505000	      1149	80000398	0040016f	jal	x2,80000398	  x2=0x80000398
       11515000	      1150	00000000	00000013	addi	x0,x0,0	  x0:0x00000000
       11525000	      1151	80000398	00000013	addi	x0,x0,0	  x0:0x00000000
       11535000	      1152	8000039c	313f7b97	auipc	x23,0x313f7	 x23=0xb13f7398
       11545000	      1153	800003a0	05400f6f	jal	x30,800003a0	 x30=0x800003a0
       11555000	      1154	00000000	00000013	addi	x0,x0,0	  x0:0x00000000
       11565000	      1155	800003f0	00000013	addi	x0,x0,0	  x0:0x00000000
       11575000	      1156	800003f4	fe9ff16f	jal	x2,800003f4	  x2=0x800003f4
       11585000	      1157	00000000	00000013	addi	x0,x0,0	  x0:0x00000000
       11595000	      1158	800003d8	00000013	addi	x0,x0,0	  x0:0x00000000
       11605000	      1159	800003dc	0080016f	jal	x2,800003dc	  x2=0x800003dc
       11615000	      1160	00000000	00000013	addi	x0,x0,0	  x0:0x00000000
       11625000	      1161	800003e0	00000013	addi	x0,x0,0	  x0:0x00000000
       11635000	      1162	800003e4	0040036f	jal	x6,800003e4	  x6=0x800003e4
       11645000	      1163	00000000	00000013	addi	x0,x0,0	  x0:0x00000000
       11655000	      1164	800003e4	00000013	addi	x0,x0,0	  x0:0x00000000
       11665000	      1165	800003e8	fe9ff0ef	jal	x1,800003e8	  x1=0x800003e8
       11675000	      1166	00000000	00000013	addi	x0,x0,0	  x0:0x00000000
       11685000	      1167	800003cc	00000013	addi	x0,x0,0	  x0:0x00000000
       11695000	      1168	800003d0	01c000ef	jal	x1,800003d0	  x1=0x800003d0
       11705000	      1169	00000000	00000013	addi	x0,x0,0	  x0:0x00000000
       11715000	      1170	800003e8	00000013	addi	x0,x0,0	  x0:0x00000000
       11725000	      1171	800003ec	fe1ff0ef	jal	x1,800003ec	  x1=0x800003ec
       11735000	      1172	00000000	00000013	addi	x0,x0,0	  x0:0x00000000
       11745000	      1173	800003c8	00000013	addi	x0,x0,0	  x0:0x00000000
       11755000	      1174	800003cc	ffdff0ef	jal	x1,800003cc	  x1=0x800003cc
       11765000	      1175	00000000	00000013	addi	x0,x0,0	  x0:0x00000000
       11775000	      1176	800003c4	00000013	addi	x0,x0,0	  x0:0x00000000
       11785000	      1177	800003c8	018001ef	jal	x3,800003c8	  x3=0x800003c8
       11795000	      1178	00000000	00000013	addi	x0,x0,0	  x0:0x00000000
       11805000	      1179	800003dc	00000013	addi	x0,x0,0	  x0:0x00000000
       11815000	      1180	800003e0	fe5ff0ef	jal	x1,800003e0	  x1=0x800003e0
       11825000	      1181	00000000	00000013	addi	x0,x0,0	  x0:0x00000000
       11835000	      1182	800003c0	00000013	addi	x0,x0,0	  x0:0x00000000
       11845000	      1183	800003c4	fe1ffc6f	jal	x24,800003c4	 x24=0x800003c4
       11855000	      1184	00000000	00000013	addi	x0,x0,0	  x0:0x00000000
       11865000	      1185	800003a0	00000013	addi	x0,x0,0	  x0:0x00000000
       11875000	      1186	800003a4	0140076f	jal	x14,800003a4	 x14=0x800003a4
       11885000	      1187	00000000	00000013	addi	x0,x0,0	  x0:0x00000000
       11895000	      1188	800003b4	00000013	addi	x0,x0,0	  x0:0x00000000
       11905000	      1189	800003b8	0080036f	jal	x6,800003b8	  x6=0x800003b8
       11915000	      1190	00000000	00000013	addi	x0,x0,0	  x0:0x00000000
       11925000	      1191	800003bc	00000013	addi	x0,x0,0	  x0:0x00000000
       11935000	      1192	800003c0	018000ef	jal	x1,800003c0	  x1=0x800003c0
       11945000	      1193	00000000	00000013	addi	x0,x0,0	  x0:0x00000000
       11955000	      1194	800003d4	00000013	addi	x0,x0,0	  x0:0x00000000
       11965000	      1195	800003d8	fd9ff26f	jal	x4,800003d8	  x4=0x800003d8
       11975000	      1196	00000000	00000013	addi	x0,x0,0	  x0:0x00000000
       11985000	      1197	800003ac	00000013	addi	x0,x0,0	  x0:0x00000000
       11995000	      1198	800003b0	0400026f	jal	x4,800003b0	  x4=0x800003b0
       12005000	      1199	00000000	00000013	addi	x0,x0,0	  x0:0x00000000
       12015000	      1200	800003ec	00000013	addi	x0,x0,0	  x0:0x00000000
       12025000	      1201	800003f0	00c000ef	jal	x1,800003f0	  x1=0x800003f0
       12035000	      1202	00000000	00000013	addi	x0,x0,0	  x0:0x00000000
       12045000	      1203	800003f8	00000013	addi	x0,x0,0	  x0:0x00000000
       12055000	      1204	800003fc	ffdff0ef	jal	x1,800003fc	  x1=0x800003fc
       12065000	      1205	00000000	00000013	addi	x0,x0,0	  x0:0x00000000
       12075000	      1206	800003f4	00000013	addi	x0,x0,0	  x0:0x00000000
       12085000	      1207	800003f8	fddff0ef	jal	x1,800003f8	  x1=0x800003f8
       12095000	      1208	00000000	00000013	addi	x0,x0,0	  x0:0x00000000
       12105000	      1209	800003d0	00000013	addi	x0,x0,0	  x0:0x00000000
       12115000	      1210	800003d4	fd9ff36f	jal	x6,800003d4	  x6=0x800003d4
       12125000	      1211	00000000	00000013	addi	x0,x0,0	  x0:0x00000000
       12135000	      1212	800003a8	00000013	addi	x0,x0,0	  x0:0x00000000
       12145000	      1213	800003ac	008005ef	jal	x11,800003ac	 x11=0x800003ac
       12155000	      1214	00000000	00000013	addi	x0,x0,0	  x0:0x00000000
       12165000	      1215	800003b0	00000013	addi	x0,x0,0	  x0:0x00000000
       12175000	      1216	800003b4	ff5ff9ef	jal	x19,800003b4	 x19=0x800003b4
       12185000	      1217	00000000	00000013	addi	x0,x0,0	  x0:0x00000000
       12195000	      1218	800003a4	00000013	addi	x0,x0,0	  x0:0x00000000
       12205000	      1219	800003a8	01400eef	jal	x29,800003a8	 x29=0x800003a8
       12215000	      1220	00000000	00000013	addi	x0,x0,0	  x0:0x00000000
       12225000	      1221	800003b8	00000013	addi	x0,x0,0	  x0:0x00000000
       12235000	      1222	800003bc	044000ef	jal	x1,800003bc	  x1=0x800003bc
       12245000	      1223	00000000	00000013	addi	x0,x0,0	  x0:0x00000000
       12255000	      1224	800003fc	00000013	addi	x0,x0,0	  x0:0x00000000
       12265000	      1225	80000400	ddba4e13	xori	x28,x20,-549	 x20:0xda51e3c7 x28=0x25ae1e1c
       12275000	      1226	80000404	00800f6f	jal	x30,80000404	 x30=0x80000404
       12285000	      1227	00000000	00000013	addi	x0,x0,0	  x0:0x00000000
       12295000	      1228	80000408	00000013	addi	x0,x0,0	  x0:0x00000000
       12305000	      1229	8000040c	0200026f	jal	x4,8000040c	  x4=0x8000040c
       12315000	      1230	00000000	00000013	addi	x0,x0,0	  x0:0x00000000
       12325000	      1231	80000428	00000013	addi	x0,x0,0	  x0:0x00000000
       12335000	      1232	8000042c	020001ef	jal	x3,8000042c	  x3=0x8000042c
       12345000	      1233	00000000	00000013	addi	x0,x0,0	  x0:0x00000000
       12355000	      1234	80000448	00000013	addi	x0,x0,0	  x0:0x00000000
       12365000	      1235	8000044c	fddff0ef	jal	x1,8000044c	  x1=0x8000044c
       12375000	      1236	00000000	00000013	addi	x0,x0,0	  x0:0x00000000
       12385000	      1237	80000424	00000013	addi	x0,x0,0	  x0:0x00000000
       12395000	      1238	80000428	01c00eef	jal	x29,80000428	 x29=0x80000428
       12405000	      1239	00000000	00000013	addi	x0,x0,0	  x0:0x00000000
       12415000	      1240	80000440	00000013	addi	x0,x0,0	  x0:0x00000000
       12425000	      1241	80000444	ffdff0ef	jal	x1,80000444	  x1=0x80000444
       12435000	      1242	00000000	00000013	addi	x0,x0,0	  x0:0x00000000
       12445000	      1243	8000043c	00000013	addi	x0,x0,0	  x0:0x00000000
       12455000	      1244	80000440	ff5ff3ef	jal	x7,80000440	  x7=0x80000440
       12465000	      1245	00000000	00000013	addi	x0,x0,0	  x0:0x00000000
       12475000	      1246	80000430	00000013	addi	x0,x0,0	  x0:0x00000000
       12485000	      1247	80000434	008000ef	jal	x1,80000434	  x1=0x80000434
       12495000	      1248	00000000	00000013	addi	x0,x0,0	  x0:0x00000000
       12505000	      1249	80000438	00000013	addi	x0,x0,0	  x0:0x00000000
       12515000	      1250	8000043c	fe9ff36f	jal	x6,8000043c	  x6=0x8000043c
       12525000	      1251	00000000	00000013	addi	x0,x0,0	  x0:0x00000000
       12535000	      1252	80000420	00000013	addi	x0,x0,0	  x0:0x00000000
       12545000	      1253	80000424	ff1ff16f	jal	x2,80000424	  x2=0x80000424
       12555000	      1254	00000000	00000013	addi	x0,x0,0	  x0:0x00000000
       12565000	      1255	80000410	00000013	addi	x0,x0,0	  x0:0x00000000
       12575000	      1256	80000414	0240016f	jal	x2,80000414	  x2=0x80000414
       12585000	      1257	00000000	00000013	addi	x0,x0,0	  x0:0x00000000
       12595000	      1258	80000434	00000013	addi	x0,x0,0	  x0:0x00000000
       12605000	      1259	80000438	fd9ff0ef	jal	x1,80000438	  x1=0x80000438
       12615000	      1260	00000000	00000013	addi	x0,x0,0	  x0:0x00000000
       12625000	      1261	8000040c	00000013	addi	x0,x0,0	  x0:0x00000000
       12635000	      1262	80000410	010000ef	jal	x1,80000410	  x1=0x80000410
       12645000	      1263	00000000	00000013	addi	x0,x0,0	  x0:0x00000000
       12655000	      1264	8000041c	00000013	addi	x0,x0,0	  x0:0x00000000
       12665000	      1265	80000420	ff9ff36f	jal	x6,80000420	  x6=0x80000420
       12675000	      1266	00000000	00000013	addi	x0,x0,0	  x0:0x00000000
       12685000	      1267	80000414	00000013	addi	x0,x0,0	  x0:0x00000000
       12695000	      1268	80000418	00400e6f	jal	x28,80000418	 x28=0x80000418
       12705000	      1269	00000000	00000013	addi	x0,x0,0	  x0:0x00000000
       12715000	      1270	80000418	00000013	addi	x0,x0,0	  x0:0x00000000
       12725000	      1271	8000041c	02c000ef	jal	x1,8000041c	  x1=0x8000041c
       12735000	      1272	00000000	00000013	addi	x0,x0,0	  x0:0x00000000
       12745000	      1273	80000444	00000013	addi	x0,x0,0	  x0:0x00000000
       12755000	      1274	80000448	fe9ff26f	jal	x4,80000448	  x4=0x80000448
       12765000	      1275	00000000	00000013	addi	x0,x0,0	  x0:0x00000000
       12775000	      1276	8000042c	00000013	addi	x0,x0,0	  x0:0x00000000
       12785000	      1277	80000430	fd9ff16f	jal	x2,80000430	  x2=0x80000430
       12795000	      1278	00000000	00000013	addi	x0,x0,0	  x0:0x00000000
       12805000	      1279	80000404	00000013	addi	x0,x0,0	  x0:0x00000000
       12815000	      1280	80000408	0480036f	jal	x6,80000408	  x6=0x80000408
       12825000	      1281	00000000	00000013	addi	x0,x0,0	  x0:0x00000000
       12835000	      1282	8000044c	00000013	addi	x0,x0,0	  x0:0x00000000
       12845000	      1283	80000450	1535ed93	ori	x27,x11,339	 x11:0x800003ac x27=0x800003ff
       12855000	      1284	80000454	02800f6f	jal	x30,80000454	 x30=0x80000454
       12865000	      1285	00000000	00000013	addi	x0,x0,0	  x0:0x00000000
       12875000	      1286	80000478	00000013	addi	x0,x0,0	  x0:0x00000000
       12885000	      1287	8000047c	00c00fef	jal	x31,8000047c	 x31=0x8000047c
       12895000	      1288	00000000	00000013	addi	x0,x0,0	  x0:0x00000000
       12905000	      1289	80000484	00000013	addi	x0,x0,0	  x0:0x00000000
       12915000	      1290	80000488	ff9ff0ef	jal	x1,80000488	  x1=0x80000488
       12925000	      1291	00000000	00000013	addi	x0,x0,0	  x0:0x00000000
       12935000	      1292	8000047c	00000013	addi	x0,x0,0	  x0:0x00000000
       12945000	      1293	80000480	010000ef	jal	x1,80000480	  x1=0x80000480
       12955000	      1294	00000000	00000013	addi	x0,x0,0	  x0:0x00000000
       12965000	      1295	8000048c	00000013	addi	x0,x0,0	  x0:0x00000000
       12975000	      1296	80000490	fcdff0ef	jal	x1,80000490	  x1=0x80000490
       12985000	      1297	00000000	00000013	addi	x0,x0,0	  x0:0x00000000
       12995000	      1298	80000458	00000013	addi	x0,x0,0	  x0:0x00000000
       13005000	      1299	8000045c	018000ef	jal	x1,8000045c	  x1=0x8000045c
       13015000	      1300	00000000	00000013	addi	x0,x0,0	  x0:0x00000000
       13025000	      1301	80000470	00000013	addi	x0,x0,0	  x0:0x00000000
       13035000	      1302	80000474	ff1ff36f	jal	x6,80000474	  x6=0x80000474
       13045000	      1303	00000000	00000013	addi	x0,x0,0	  x0:0x00000000
       13055000	      1304	80000460	00000013	addi	x0,x0,0	  x0:0x00000000
       13065000	      1305	80000464	0040036f	jal	x6,80000464	  x6=0x80000464
       13075000	      1306	00000000	00000013	addi	x0,x0,0	  x0:0x00000000
       13085000	      1307	80000464	00000013	addi	x0,x0,0	  x0:0x00000000
       13095000	      1308	80000468	008000ef	jal	x1,80000468	  x1=0x80000468
       13105000	      1309	00000000	00000013	addi	x0,x0,0	  x0:0x00000000
       13115000	      1310	8000046c	00000013	addi	x0,x0,0	  x0:0x00000000
       13125000	      1311	80000470	014000ef	jal	x1,80000470	  x1=0x80000470
       13135000	      1312	00000000	00000013	addi	x0,x0,0	  x0:0x00000000
       13145000	      1313	80000480	00000013	addi	x0,x0,0	  x0:0x00000000
       13155000	      1314	80000484	fddff0ef	jal	x1,80000484	  x1=0x80000484
       13165000	      1315	00000000	00000013	addi	x0,x0,0	  x0:0x00000000
       13175000	      1316	8000045c	00000013	addi	x0,x0,0	  x0:0x00000000
       13185000	      1317	80000460	034000ef	jal	x1,80000460	  x1=0x80000460
       13195000	      1318	00000000	00000013	addi	x0,x0,0	  x0:0x00000000
       13205000	      1319	80000490	00000013	addi	x0,x0,0	  x0:0x00000000
       13215000	      1320	80000494	fe5ff0ef	jal	x1,80000494	  x1=0x80000494
       13225000	      1321	00000000	00000013	addi	x0,x0,0	  x0:0x00000000
       13235000	      1322	80000474	00000013	addi	x0,x0,0	  x0:0x00000000
       13245000	      1323	80000478	fe1ff36f	jal	x6,80000478	  x6=0x80000478
       13255000	      1324	00000000	00000013	addi	x0,x0,0	  x0:0x00000000
       13265000	      1325	80000454	00000013	addi	x0,x0,0	  x0:0x00000000
       13275000	      1326	80000458	0400036f	jal	x6,80000458	  x6=0x80000458
       13285000	      1327	00000000	00000013	addi	x0,x0,0	  x0:0x00000000
       13295000	      1328	80000494	00000013	addi	x0,x0,0	  x0:0x00000000
       13305000	      1329	80000498	fd5ff0ef	jal	x1,80000498	  x1=0x80000498
       13315000	      1330	00000000	00000013	addi	x0,x0,0	  x0:0x00000000
       13325000	      1331	80000468	00000013	addi	x0,x0,0	  x0:0x00000000
       13335000	      1332	8000046c	0200086f	jal	x16,8000046c	 x16=0x8000046c
       13345000	      1333	00000000	00000013	addi	x0,x0,0	  x0:0x00000000
       13355000	      1334	80000488	00000013	addi	x0,x0,0	  x0:0x00000000
       13365000	      1335	8000048c	010000ef	jal	x1,8000048c	  x1=0x8000048c
       13375000	      1336	00000000	00000013	addi	x0,x0,0	  x0:0x00000000
       13385000	      1337	80000498	00000013	addi	x0,x0,0	  x0:0x00000000
       13395000	      1338	8000049c	00063133	sltu	x2,x12,x0	 x12:0x80000330  x0:0x00000000  x2=0x00000000
       13405000	      1339	800004a0	02c00f6f	jal	x30,800004a0	 x30=0x800004a0
       13415000	      1340	00000000	00000013	addi	x0,x0,0	  x0:0x00000000
       13425000	      1341	800004c8	00000013	addi	x0,x0,0	  x0:0x00000000
       13435000	      1342	800004cc	ff1ff36f	jal	x6,800004cc	  x6=0x800004cc
       13445000	      1343	00000000	00000013	addi	x0,x0,0	  x0:0x00000000
       13455000	      1344	800004b8	00000013	addi	x0,x0,0	  x0:0x00000000
       13465000	      1345	800004bc	ff5ff0ef	jal	x1,800004bc	  x1=0x800004bc
       13475000	      1346	00000000	00000013	addi	x0,x0,0	  x0:0x00000000
       13485000	      1347	800004ac	00000013	addi	x0,x0,0	  x0:0x00000000
       13495000	      1348	800004b0	ff9ff36f	jal	x6,800004b0	  x6=0x800004b0
       13505000	      1349	00000000	00000013	addi	x0,x0,0	  x0:0x00000000
       13515000	      1350	800004a4	00000013	addi	x0,x0,0	  x0:0x00000000
       13525000	      1351	800004a8	018000ef	jal	x1,800004a8	  x1=0x800004a8
       13535000	      1352	00000000	00000013	addi	x0,x0,0	  x0:0x00000000
       13545000	      1353	800004bc	00000013	addi	x0,x0,0	  x0:0x00000000
       13555000	      1354	800004c0	008000ef	jal	x1,800004c0	  x1=0x800004c0
       13565000	      1355	00000000	00000013	addi	x0,x0,0	  x0:0x00000000
       13575000	      1356	800004c4	00000013	addi	x0,x0,0	  x0:0x00000000
       13585000	      1357	800004c8	fedffe6f	jal	x28,800004c8	 x28=0x800004c8
       13595000	      1358	00000000	00000013	addi	x0,x0,0	  x0:0x00000000
       13605000	      1359	800004b0	00000013	addi	x0,x0,0	  x0:0x00000000
       13615000	      1360	800004b4	010000ef	jal	x1,800004b4	  x1=0x800004b4
       13625000	      1361	00000000	00000013	addi	x0,x0,0	  x0:0x00000000
       13635000	      1362	800004c0	00000013	addi	x0,x0,0	  x0:0x00000000
       13645000	      1363	800004c4	ff5ff36f	jal	x6,800004c4	  x6=0x800004c4
       13655000	      1364	00000000	00000013	addi	x0,x0,0	  x0:0x00000000
       13665000	      1365	800004b4	00000013	addi	x0,x0,0	  x0:0x00000000
       13675000	      1366	800004b8	ff5ff0ef	jal	x1,800004b8	  x1=0x800004b8
       13685000	      1367	00000000	00000013	addi	x0,x0,0	  x0:0x00000000
       13695000	      1368	800004a8	00000013	addi	x0,x0,0	  x0:0x00000000
       13705000	      1369	800004ac	ff9ff0ef	jal	x1,800004ac	  x1=0x800004ac
       13715000	      1370	00000000	00000013	addi	x0,x0,0	  x0:0x00000000
       13725000	      1371	800004a0	00000013	addi	x0,x0,0	  x0:0x00000000
       13735000	      1372	800004a4	02c0036f	jal	x6,800004a4	  x6=0x800004a4
       13745000	      1373	00000000	00000013	addi	x0,x0,0	  x0:0x00000000
       13755000	      1374	800004cc	00000013	addi	x0,x0,0	  x0:0x00000000
       13765000	      1375	800004d0	005d7333	and	x6,x26,x5	 x26:0x00000001  x5:0x80009f5c  x6=0x00000000
       13775000	      1376	800004d4	02c00f6f	jal	x30,800004d4	 x30=0x800004d4
       13785000	      1377	00000000	00000013	addi	x0,x0,0	  x0:0x00000000
       13795000	      1378	800004fc	00000013	addi	x0,x0,0	  x0:0x00000000
       13805000	      1379	80000500	ffdff0ef	jal	x1,80000500	  x1=0x80000500
       13815000	      1380	00000000	00000013	addi	x0,x0,0	  x0:0x00000000
       13825000	      1381	800004f8	00000013	addi	x0,x0,0	  x0:0x00000000
       13835000	      1382	800004fc	fe1ff0ef	jal	x1,800004fc	  x1=0x800004fc
       13845000	      1383	00000000	00000013	addi	x0,x0,0	  x0:0x00000000
       13855000	      1384	800004d8	00000013	addi	x0,x0,0	  x0:0x00000000
       13865000	      1385	800004dc	038000ef	jal	x1,800004dc	  x1=0x800004dc
       13875000	      1386	00000000	00000013	addi	x0,x0,0	  x0:0x00000000
       13885000	      1387	80000510	00000013	addi	x0,x0,0	  x0:0x00000000
       13895000	      1388	80000514	ff1ff36f	jal	x6,80000514	  x6=0x80000514
       13905000	      1389	00000000	00000013	addi	x0,x0,0	  x0:0x00000000
       13915000	      1390	80000500	00000013	addi	x0,x0,0	  x0:0x00000000
       13925000	      1391	80000504	008000ef	jal	x1,80000504	  x1=0x80000504
       13935000	      1392	00000000	00000013	addi	x0,x0,0	  x0:0x00000000
       13945000	      1393	80000508	00000013	addi	x0,x0,0	  x0:0x00000000
       13955000	      1394	8000050c	fcdff0ef	jal	x1,8000050c	  x1=0x8000050c
       13965000	      1395	00000000	00000013	addi	x0,x0,0	  x0:0x00000000
       13975000	      1396	800004d4	00000013	addi	x0,x0,0	  x0:0x00000000
       13985000	      1397	800004d8	018000ef	jal	x1,800004d8	  x1=0x800004d8
       13995000	      1398	00000000	00000013	addi	x0,x0,0	  x0:0x00000000
       14005000	      1399	800004ec	00000013	addi	x0,x0,0	  x0:0x00000000
       14015000	      1400	800004f0	028000ef	jal	x1,800004f0	  x1=0x800004f0
       14025000	      1401	00000000	00000013	addi	x0,x0,0	  x0:0x00000000
       14035000	      1402	80000514	00000013	addi	x0,x0,0	  x0:0x00000000
       14045000	      1403	80000518	ff9ffbef	jal	x23,80000518	 x23=0x80000518
       14055000	      1404	00000000	00000013	addi	x0,x0,0	  x0:0x00000000
       14065000	      1405	8000050c	00000013	addi	x0,x0,0	  x0:0x00000000
       14075000	      1406	80000510	fd9ff0ef	jal	x1,80000510	  x1=0x80000510
       14085000	      1407	00000000	00000013	addi	x0,x0,0	  x0:0x00000000
       14095000	      1408	800004e4	00000013	addi	x0,x0,0	  x0:0x00000000
       14105000	      1409	800004e8	00c0026f	jal	x4,800004e8	  x4=0x800004e8
       14115000	      1410	00000000	00000013	addi	x0,x0,0	  x0:0x00000000
       14125000	      1411	800004f0	00000013	addi	x0,x0,0	  x0:0x00000000
       14135000	      1412	800004f4	00400bef	jal	x23,800004f4	 x23=0x800004f4
       14145000	      1413	00000000	00000013	addi	x0,x0,0	  x0:0x00000000
       14155000	      1414	800004f4	00000013	addi	x0,x0,0	  x0:0x00000000
       14165000	      1415	800004f8	ff5ff0ef	jal	x1,800004f8	  x1=0x800004f8
       14175000	      1416	00000000	00000013	addi	x0,x0,0	  x0:0x00000000
       14185000	      1417	800004e8	00000013	addi	x0,x0,0	  x0:0x00000000
       14195000	      1418	800004ec	01c000ef	jal	x1,800004ec	  x1=0x800004ec
       14205000	      1419	00000000	00000013	addi	x0,x0,0	  x0:0x00000000
       14215000	      1420	80000504	00000013	addi	x0,x0,0	  x0:0x00000000
       14225000	      1421	80000508	fddfffef	jal	x31,80000508	 x31=0x80000508
       14235000	      1422	00000000	00000013	addi	x0,x0,0	  x0:0x00000000
       14245000	      1423	800004e0	00000013	addi	x0,x0,0	  x0:0x00000000
       14255000	      1424	800004e4	ffdff0ef	jal	x1,800004e4	  x1=0x800004e4
       14265000	      1425	00000000	00000013	addi	x0,x0,0	  x0:0x00000000
       14275000	      1426	800004dc	00000013	addi	x0,x0,0	  x0:0x00000000
       14285000	      1427	800004e0	03c000ef	jal	x1,800004e0	  x1=0x800004e0
       14295000	      1428	00000000	00000013	addi	x0,x0,0	  x0:0x00000000
       14305000	      1429	80000518	00000013	addi	x0,x0,0	  x0:0x00000000
       14315000	      1430	8000051c	01145e93	srli	x29,x8,0x11	  x8:0x7a2f260c x29=0x00003d17
       14325000	      1431	80000520	05c00f6f	jal	x30,80000520	 x30=0x80000520
       14335000	      1432	00000000	00000013	addi	x0,x0,0	  x0:0x00000000
       14345000	      1433	80000578	00000013	addi	x0,x0,0	  x0:0x00000000
       14355000	      1434	8000057c	fc1ff0ef	jal	x1,8000057c	  x1=0x8000057c
       14365000	      1435	00000000	00000013	addi	x0,x0,0	  x0:0x00000000
       14375000	      1436	80000538	00000013	addi	x0,x0,0	  x0:0x00000000
       14385000	      1437	8000053c	ff5ff0ef	jal	x1,8000053c	  x1=0x8000053c
       14395000	      1438	00000000	00000013	addi	x0,x0,0	  x0:0x00000000
       14405000	      1439	8000052c	00000013	addi	x0,x0,0	  x0:0x00000000
       14415000	      1440	80000530	0380036f	jal	x6,80000530	  x6=0x80000530
       14425000	      1441	00000000	00000013	addi	x0,x0,0	  x0:0x00000000
       14435000	      1442	80000564	00000013	addi	x0,x0,0	  x0:0x00000000
       14445000	      1443	80000568	fcdff7ef	jal	x15,80000568	 x15=0x80000568
       14455000	      1444	00000000	00000013	addi	x0,x0,0	  x0:0x00000000
       14465000	      1445	80000530	00000013	addi	x0,x0,0	  x0:0x00000000
       14475000	      1446	80000534	040000ef	jal	x1,80000534	  x1=0x80000534
       14485000	      1447	00000000	00000013	addi	x0,x0,0	  x0:0x00000000
       14495000	      1448	80000570	00000013	addi	x0,x0,0	  x0:0x00000000
       14505000	      1449	80000574	fb1ff36f	jal	x6,80000574	  x6=0x80000574
       14515000	      1450	00000000	00000013	addi	x0,x0,0	  x0:0x00000000
       14525000	      1451	80000520	00000013	addi	x0,x0,0	  x0:0x00000000
       14535000	      1452	80000524	054000ef	jal	x1,80000524	  x1=0x80000524
       14545000	      1453	00000000	00000013	addi	x0,x0,0	  x0:0x00000000
       14555000	      1454	80000574	00000013	addi	x0,x0,0	  x0:0x00000000
       14565000	      1455	80000578	008000ef	jal	x1,80000578	  x1=0x80000578
       14575000	      1456	00000000	00000013	addi	x0,x0,0	  x0:0x00000000
       14585000	      1457	8000057c	00000013	addi	x0,x0,0	  x0:0x00000000
       14595000	      1458	80000580	fc9ff0ef	jal	x1,80000580	  x1=0x80000580
       14605000	      1459	00000000	00000013	addi	x0,x0,0	  x0:0x00000000
       14615000	      1460	80000544	00000013	addi	x0,x0,0	  x0:0x00000000
       14625000	      1461	80000548	fe5ff36f	jal	x6,80000548	  x6=0x80000548
       14635000	      1462	00000000	00000013	addi	x0,x0,0	  x0:0x00000000
       14645000	      1463	80000528	00000013	addi	x0,x0,0	  x0:0x00000000
       14655000	      1464	8000052c	020000ef	jal	x1,8000052c	  x1=0x8000052c
       14665000	      1465	00000000	00000013	addi	x0,x0,0	  x0:0x00000000
       14675000	      1466	80000548	00000013	addi	x0,x0,0	  x0:0x00000000
       14685000	      1467	8000054c	024004ef	jal	x9,8000054c	  x9=0x8000054c
       14695000	      1468	00000000	00000013	addi	x0,x0,0	  x0:0x00000000
       14705000	      1469	8000056c	00000013	addi	x0,x0,0	  x0:0x00000000
       14715000	      1470	80000570	fe9ff0ef	jal	x1,80000570	  x1=0x80000570
       14725000	      1471	00000000	00000013	addi	x0,x0,0	  x0:0x00000000
       14735000	      1472	80000554	00000013	addi	x0,x0,0	  x0:0x00000000
       14745000	      1473	80000558	00c000ef	jal	x1,80000558	  x1=0x80000558
       14755000	      1474	00000000	00000013	addi	x0,x0,0	  x0:0x00000000
       14765000	      1475	80000560	00000013	addi	x0,x0,0	  x0:0x00000000
       14775000	      1476	80000564	ff1ff0ef	jal	x1,80000564	  x1=0x80000564
       14785000	      1477	00000000	00000013	addi	x0,x0,0	  x0:0x00000000
       14795000	      1478	80000550	00000013	addi	x0,x0,0	  x0:0x00000000
       14805000	      1479	80000554	ffdff0ef	jal	x1,80000554	  x1=0x80000554
       14815000	      1480	00000000	00000013	addi	x0,x0,0	  x0:0x00000000
       14825000	      1481	8000054c	00000013	addi	x0,x0,0	  x0:0x00000000
       14835000	      1482	80000550	03800eef	jal	x29,80000550	 x29=0x80000550
       14845000	      1483	00000000	00000013	addi	x0,x0,0	  x0:0x00000000
       14855000	      1484	80000584	00000013	addi	x0,x0,0	  x0:0x00000000
       14865000	      1485	80000588	fbdff0ef	jal	x1,80000588	  x1=0x80000588
       14875000	      1486	00000000	00000013	addi	x0,x0,0	  x0:0x00000000
       14885000	      1487	80000540	00000013	addi	x0,x0,0	  x0:0x00000000
       14895000	      1488	80000544	04000d6f	jal	x26,80000544	 x26=0x80000544
       14905000	      1489	00000000	00000013	addi	x0,x0,0	  x0:0x00000000
       14915000	      1490	80000580	00000013	addi	x0,x0,0	  x0:0x00000000
       14925000	      1491	80000584	fbdff0ef	jal	x1,80000584	  x1=0x80000584
       14935000	      1492	00000000	00000013	addi	x0,x0,0	  x0:0x00000000
       14945000	      1493	8000053c	00000013	addi	x0,x0,0	  x0:0x00000000
       14955000	      1494	80000540	054000ef	jal	x1,80000540	  x1=0x80000540
       14965000	      1495	00000000	00000013	addi	x0,x0,0	  x0:0x00000000
       14975000	      1496	80000590	00000013	addi	x0,x0,0	  x0:0x00000000
       14985000	      1497	80000594	fd9ff0ef	jal	x1,80000594	  x1=0x80000594
       14995000	      1498	00000000	00000013	addi	x0,x0,0	  x0:0x00000000
       15005000	      1499	80000568	00000013	addi	x0,x0,0	  x0:0x00000000
       15015000	      1500	8000056c	fbdff0ef	jal	x1,8000056c	  x1=0x8000056c
       15025000	      1501	00000000	00000013	addi	x0,x0,0	  x0:0x00000000
       15035000	      1502	80000524	00000013	addi	x0,x0,0	  x0:0x00000000
       15045000	      1503	80000528	064000ef	jal	x1,80000528	  x1=0x80000528
       15055000	      1504	00000000	00000013	addi	x0,x0,0	  x0:0x00000000
       15065000	      1505	80000588	00000013	addi	x0,x0,0	  x0:0x00000000
       15075000	      1506	8000058c	fadff0ef	jal	x1,8000058c	  x1=0x8000058c
       15085000	      1507	00000000	00000013	addi	x0,x0,0	  x0:0x00000000
       15095000	      1508	80000534	00000013	addi	x0,x0,0	  x0:0x00000000
       15105000	      1509	80000538	02800b6f	jal	x22,80000538	 x22=0x80000538
       15115000	      1510	00000000	00000013	addi	x0,x0,0	  x0:0x00000000
       15125000	      1511	8000055c	00000013	addi	x0,x0,0	  x0:0x00000000
       15135000	      1512	80000560	03000bef	jal	x23,80000560	 x23=0x80000560
       15145000	      1513	00000000	00000013	addi	x0,x0,0	  x0:0x00000000
       15155000	      1514	8000058c	00000013	addi	x0,x0,0	  x0:0x00000000
       15165000	      1515	80000590	fcdff36f	jal	x6,80000590	  x6=0x80000590
       15175000	      1516	00000000	00000013	addi	x0,x0,0	  x0:0x00000000
       15185000	      1517	80000558	00000013	addi	x0,x0,0	  x0:0x00000000
       15195000	      1518	8000055c	03c0036f	jal	x6,8000055c	  x6=0x8000055c
       15205000	      1519	00000000	00000013	addi	x0,x0,0	  x0:0x00000000
       15215000	      1520	80000594	00000013	addi	x0,x0,0	  x0:0x00000000
       15225000	      1521	80000598	00000013	addi	x0,x0,0	  x0:0x00000000
       15235000	      1522	8000059c	03c00f6f	jal	x30,8000059c	 x30=0x8000059c
       15245000	      1523	00000000	00000013	addi	x0,x0,0	  x0:0x00000000
       15255000	      1524	800005d4	00000013	addi	x0,x0,0	  x0:0x00000000
       15265000	      1525	800005d8	fddffa6f	jal	x20,800005d8	 x20=0x800005d8
       15275000	      1526	00000000	00000013	addi	x0,x0,0	  x0:0x00000000
       15285000	      1527	800005b0	00000013	addi	x0,x0,0	  x0:0x00000000
       15295000	      1528	800005b4	00c000ef	jal	x1,800005b4	  x1=0x800005b4
       15305000	      1529	00000000	00000013	addi	x0,x0,0	  x0:0x00000000
       15315000	      1530	800005bc	00000013	addi	x0,x0,0	  x0:0x00000000
       15325000	      1531	800005c0	fe1ff36f	jal	x6,800005c0	  x6=0x800005c0
       15335000	      1532	00000000	00000013	addi	x0,x0,0	  x0:0x00000000
       15345000	      1533	8000059c	00000013	addi	x0,x0,0	  x0:0x00000000
       15355000	      1534	800005a0	02800d6f	jal	x26,800005a0	 x26=0x800005a0
       15365000	      1535	00000000	00000013	addi	x0,x0,0	  x0:0x00000000
       15375000	      1536	800005c4	00000013	addi	x0,x0,0	  x0:0x00000000
       15385000	      1537	800005c8	008000ef	jal	x1,800005c8	  x1=0x800005c8
       15395000	      1538	00000000	00000013	addi	x0,x0,0	  x0:0x00000000
       15405000	      1539	800005cc	00000013	addi	x0,x0,0	  x0:0x00000000
       15415000	      1540	800005d0	fedff4ef	jal	x9,800005d0	  x9=0x800005d0
       15425000	      1541	00000000	00000013	addi	x0,x0,0	  x0:0x00000000
       15435000	      1542	800005b8	00000013	addi	x0,x0,0	  x0:0x00000000
       15445000	      1543	800005bc	fe9ff0ef	jal	x1,800005bc	  x1=0x800005bc
       15455000	      1544	00000000	00000013	addi	x0,x0,0	  x0:0x00000000
       15465000	      1545	800005a0	00000013	addi	x0,x0,0	  x0:0x00000000
       15475000	      1546	800005a4	014000ef	jal	x1,800005a4	  x1=0x800005a4
       15485000	      1547	00000000	00000013	addi	x0,x0,0	  x0:0x00000000
       15495000	      1548	800005b4	00000013	addi	x0,x0,0	  x0:0x00000000
       15505000	      1549	800005b8	ff1ff4ef	jal	x9,800005b8	  x9=0x800005b8
       15515000	      1550	00000000	00000013	addi	x0,x0,0	  x0:0x00000000
       15525000	      1551	800005a4	00000013	addi	x0,x0,0	  x0:0x00000000
       15535000	      1552	800005a8	024003ef	jal	x7,800005a8	  x7=0x800005a8
       15545000	      1553	00000000	00000013	addi	x0,x0,0	  x0:0x00000000
       15555000	      1554	800005c8	00000013	addi	x0,x0,0	  x0:0x00000000
       15565000	      1555	800005cc	fe1ff36f	jal	x6,800005cc	  x6=0x800005cc
       15575000	      1556	00000000	00000013	addi	x0,x0,0	  x0:0x00000000
       15585000	      1557	800005a8	00000013	addi	x0,x0,0	  x0:0x00000000
       15595000	      1558	800005ac	028000ef	jal	x1,800005ac	  x1=0x800005ac
       15605000	      1559	00000000	00000013	addi	x0,x0,0	  x0:0x00000000
       15615000	      1560	800005d0	00000013	addi	x0,x0,0	  x0:0x00000000
       15625000	      1561	800005d4	ff1ff0ef	jal	x1,800005d4	  x1=0x800005d4
       15635000	      1562	00000000	00000013	addi	x0,x0,0	  x0:0x00000000
       15645000	      1563	800005c0	00000013	addi	x0,x0,0	  x0:0x00000000
       15655000	      1564	800005c4	fedff0ef	jal	x1,800005c4	  x1=0x800005c4
       15665000	      1565	00000000	00000013	addi	x0,x0,0	  x0:0x00000000
       15675000	      1566	800005ac	00000013	addi	x0,x0,0	  x0:0x00000000
       15685000	      1567	800005b0	02c008ef	jal	x17,800005b0	 x17=0x800005b0
       15695000	      1568	00000000	00000013	addi	x0,x0,0	  x0:0x00000000
       15705000	      1569	800005d8	00000013	addi	x0,x0,0	  x0:0x00000000
       15715000	      1570	800005dc	00c15633	srl	x12,x2,x12	  x2:0x00000000 x12:0x80000330 x12=0x00000000
       15725000	      1571	800005e0	04c00f6f	jal	x30,800005e0	 x30=0x800005e0
       15735000	      1572	00000000	00000013	addi	x0,x0,0	  x0:0x00000000
       15745000	      1573	80000628	00000013	addi	x0,x0,0	  x0:0x00000000
       15755000	      1574	8000062c	fc5ff0ef	jal	x1,8000062c	  x1=0x8000062c
       15765000	      1575	00000000	00000013	addi	x0,x0,0	  x0:0x00000000
       15775000	      1576	800005ec	00000013	addi	x0,x0,0	  x0:0x00000000
       15785000	      1577	800005f0	054000ef	jal	x1,800005f0	  x1=0x800005f0
       15795000	      1578	00000000	00000013	addi	x0,x0,0	  x0:0x00000000
       15805000	      1579	80000640	00000013	addi	x0,x0,0	  x0:0x00000000
       15815000	      1580	80000644	fedff0ef	jal	x1,80000644	  x1=0x80000644
       15825000	      1581	00000000	00000013	addi	x0,x0,0	  x0:0x00000000
       15835000	      1582	8000062c	00000013	addi	x0,x0,0	  x0:0x00000000
       15845000	      1583	80000630	00c000ef	jal	x1,80000630	  x1=0x80000630
       15855000	      1584	00000000	00000013	addi	x0,x0,0	  x0:0x00000000
       15865000	      1585	80000638	00000013	addi	x0,x0,0	  x0:0x00000000
       15875000	      1586	8000063c	fc1ff36f	jal	x6,8000063c	  x6=0x8000063c
       15885000	      1587	00000000	00000013	addi	x0,x0,0	  x0:0x00000000
       15895000	      1588	800005f8	00000013	addi	x0,x0,0	  x0:0x00000000
       15905000	      1589	800005fc	02c000ef	jal	x1,800005fc	  x1=0x800005fc
       15915000	      1590	00000000	00000013	addi	x0,x0,0	  x0:0x00000000
       15925000	      1591	80000624	00000013	addi	x0,x0,0	  x0:0x00000000
       15935000	      1592	80000628	ff1ff0ef	jal	x1,80000628	  x1=0x80000628
       15945000	      1593	00000000	00000013	addi	x0,x0,0	  x0:0x00000000
       15955000	      1594	80000614	00000013	addi	x0,x0,0	  x0:0x00000000
       15965000	      1595	80000618	fddff0ef	jal	x1,80000618	  x1=0x80000618
       15975000	      1596	00000000	00000013	addi	x0,x0,0	  x0:0x00000000
       15985000	      1597	800005f0	00000013	addi	x0,x0,0	  x0:0x00000000
       15995000	      1598	800005f4	018000ef	jal	x1,800005f4	  x1=0x800005f4
       16005000	      1599	00000000	00000013	addi	x0,x0,0	  x0:0x00000000
       16015000	      1600	80000608	00000013	addi	x0,x0,0	  x0:0x00000000
       16025000	      1601	8000060c	00400aef	jal	x21,8000060c	 x21=0x8000060c
       16035000	      1602	00000000	00000013	addi	x0,x0,0	  x0:0x00000000
       16045000	      1603	8000060c	00000013	addi	x0,x0,0	  x0:0x00000000
       16055000	      1604	80000610	ff5ff8ef	jal	x17,80000610	 x17=0x80000610
       16065000	      1605	00000000	00000013	addi	x0,x0,0	  x0:0x00000000
       16075000	      1606	80000600	00000013	addi	x0,x0,0	  x0:0x00000000
       16085000	      1607	80000604	0340036f	jal	x6,80000604	  x6=0x80000604
       16095000	      1608	00000000	00000013	addi	x0,x0,0	  x0:0x00000000
       16105000	      1609	80000634	00000013	addi	x0,x0,0	  x0:0x00000000
       16115000	      1610	80000638	01000b6f	jal	x22,80000638	 x22=0x80000638
       16125000	      1611	00000000	00000013	addi	x0,x0,0	  x0:0x00000000
       16135000	      1612	80000644	00000013	addi	x0,x0,0	  x0:0x00000000
       16145000	      1613	80000648	fb9ff16f	jal	x2,80000648	  x2=0x80000648
       16155000	      1614	00000000	00000013	addi	x0,x0,0	  x0:0x00000000
       16165000	      1615	800005fc	00000013	addi	x0,x0,0	  x0:0x00000000
       16175000	      1616	80000600	fedff0ef	jal	x1,80000600	  x1=0x80000600
       16185000	      1617	00000000	00000013	addi	x0,x0,0	  x0:0x00000000
       16195000	      1618	800005e8	00000013	addi	x0,x0,0	  x0:0x00000000
       16205000	      1619	800005ec	038000ef	jal	x1,800005ec	  x1=0x800005ec
       16215000	      1620	00000000	00000013	addi	x0,x0,0	  x0:0x00000000
       16225000	      1621	80000620	00000013	addi	x0,x0,0	  x0:0x00000000
       16235000	      1622	80000624	01000eef	jal	x29,80000624	 x29=0x80000624
       16245000	      1623	00000000	00000013	addi	x0,x0,0	  x0:0x00000000
       16255000	      1624	80000630	00000013	addi	x0,x0,0	  x0:0x00000000
       16265000	      1625	80000634	fd5ffb6f	jal	x22,80000634	 x22=0x80000634
       16275000	      1626	00000000	00000013	addi	x0,x0,0	  x0:0x00000000
       16285000	      1627	80000604	00000013	addi	x0,x0,0	  x0:0x00000000
       16295000	      1628	80000608	fe1ff0ef	jal	x1,80000608	  x1=0x80000608
       16305000	      1629	00000000	00000013	addi	x0,x0,0	  x0:0x00000000
       16315000	      1630	800005e4	00000013	addi	x0,x0,0	  x0:0x00000000
       16325000	      1631	800005e8	058000ef	jal	x1,800005e8	  x1=0x800005e8
       16335000	      1632	00000000	00000013	addi	x0,x0,0	  x0:0x00000000
       16345000	      1633	8000063c	00000013	addi	x0,x0,0	  x0:0x00000000
       16355000	      1634	80000640	fe1ff0ef	jal	x1,80000640	  x1=0x80000640
       16365000	      1635	00000000	00000013	addi	x0,x0,0	  x0:0x00000000
       16375000	      1636	8000061c	00000013	addi	x0,x0,0	  x0:0x00000000
       16385000	      1637	80000620	fc5ff36f	jal	x6,80000620	  x6=0x80000620
       16395000	      1638	00000000	00000013	addi	x0,x0,0	  x0:0x00000000
       16405000	      1639	800005e0	00000013	addi	x0,x0,0	  x0:0x00000000
       16415000	      1640	800005e4	030000ef	jal	x1,800005e4	  x1=0x800005e4
       16425000	      1641	00000000	00000013	addi	x0,x0,0	  x0:0x00000000
       16435000	      1642	80000610	00000013	addi	x0,x0,0	  x0:0x00000000
       16445000	      1643	80000614	03c000ef	jal	x1,80000614	  x1=0x80000614
       16455000	      1644	00000000	00000013	addi	x0,x0,0	  x0:0x00000000
       16465000	      1645	8000064c	00000013	addi	x0,x0,0	  x0:0x00000000
       16475000	      1646	80000650	fcdff9ef	jal	x19,80000650	 x19=0x80000650
       16485000	      1647	00000000	00000013	addi	x0,x0,0	  x0:0x00000000
       16495000	      1648	80000618	00000013	addi	x0,x0,0	  x0:0x00000000
       16505000	      1649	8000061c	fddff56f	jal	x10,8000061c	 x10=0x8000061c
       16515000	      1650	00000000	00000013	addi	x0,x0,0	  x0:0x00000000
       16525000	      1651	800005f4	00000013	addi	x0,x0,0	  x0:0x00000000
       16535000	      1652	800005f8	0540016f	jal	x2,800005f8	  x2=0x800005f8
       16545000	      1653	00000000	00000013	addi	x0,x0,0	  x0:0x00000000
       16555000	      1654	80000648	00000013	addi	x0,x0,0	  x0:0x00000000
       16565000	      1655	8000064c	00800fef	jal	x31,8000064c	 x31=0x8000064c
       16575000	      1656	00000000	00000013	addi	x0,x0,0	  x0:0x00000000
       16585000	      1657	80000650	00000013	addi	x0,x0,0	  x0:0x00000000
       16595000	      1658	80000654	00b95a13	srli	x20,x18,0xb	 x18:0x80009fc4 x20=0x00100013
       16605000	      1659	80000658	00c00f6f	jal	x30,80000658	 x30=0x80000658
       16615000	      1660	00000000	00000013	addi	x0,x0,0	  x0:0x00000000
       16625000	      1661	80000660	00000013	addi	x0,x0,0	  x0:0x00000000
       16635000	      1662	80000664	ffdff36f	jal	x6,80000664	  x6=0x80000664
       16645000	      1663	00000000	00000013	addi	x0,x0,0	  x0:0x00000000
       16655000	      1664	8000065c	00000013	addi	x0,x0,0	  x0:0x00000000
       16665000	      1665	80000660	0280016f	jal	x2,80000660	  x2=0x80000660
       16675000	      1666	00000000	00000013	addi	x0,x0,0	  x0:0x00000000
       16685000	      1667	80000684	00000013	addi	x0,x0,0	  x0:0x00000000
       16695000	      1668	80000688	fe5ffbef	jal	x23,80000688	 x23=0x80000688
       16705000	      1669	00000000	00000013	addi	x0,x0,0	  x0:0x00000000
       16715000	      1670	80000668	00000013	addi	x0,x0,0	  x0:0x00000000
       16725000	      1671	8000066c	014000ef	jal	x1,8000066c	  x1=0x8000066c
       16735000	      1672	00000000	00000013	addi	x0,x0,0	  x0:0x00000000
       16745000	      1673	8000067c	00000013	addi	x0,x0,0	  x0:0x00000000
       16755000	      1674	80000680	ffdff0ef	jal	x1,80000680	  x1=0x80000680
       16765000	      1675	00000000	00000013	addi	x0,x0,0	  x0:0x00000000
       16775000	      1676	80000678	00000013	addi	x0,x0,0	  x0:0x00000000
       16785000	      1677	8000067c	fe1ff46f	jal	x8,8000067c	  x8=0x8000067c
       16795000	      1678	00000000	00000013	addi	x0,x0,0	  x0:0x00000000
       16805000	      1679	80000658	00000013	addi	x0,x0,0	  x0:0x00000000
       16815000	      1680	8000065c	0300036f	jal	x6,8000065c	  x6=0x8000065c
       16825000	      1681	00000000	00000013	addi	x0,x0,0	  x0:0x00000000
       16835000	      1682	80000688	00000013	addi	x0,x0,0	  x0:0x00000000
       16845000	      1683	8000068c	ff9ff0ef	jal	x1,8000068c	  x1=0x8000068c
       16855000	      1684	00000000	00000013	addi	x0,x0,0	  x0:0x00000000
       16865000	      1685	80000680	00000013	addi	x0,x0,0	  x0:0x00000000
       16875000	      1686	80000684	fe5ff0ef	jal	x1,80000684	  x1=0x80000684
       16885000	      1687	00000000	00000013	addi	x0,x0,0	  x0:0x00000000
       16895000	      1688	80000664	00000013	addi	x0,x0,0	  x0:0x00000000
       16905000	      1689	80000668	0080016f	jal	x2,80000668	  x2=0x80000668
       16915000	      1690	00000000	00000013	addi	x0,x0,0	  x0:0x00000000
       16925000	      1691	8000066c	00000013	addi	x0,x0,0	  x0:0x00000000
       16935000	      1692	80000670	00400a6f	jal	x20,80000670	 x20=0x80000670
       16945000	      1693	00000000	00000013	addi	x0,x0,0	  x0:0x00000000
       16955000	      1694	80000670	00000013	addi	x0,x0,0	  x0:0x00000000
       16965000	      1695	80000674	01c000ef	jal	x1,80000674	  x1=0x80000674
       16975000	      1696	00000000	00000013	addi	x0,x0,0	  x0:0x00000000
       16985000	      1697	8000068c	00000013	addi	x0,x0,0	  x0:0x00000000
       16995000	      1698	80000690	fe9ff0ef	jal	x1,80000690	  x1=0x80000690
       17005000	      1699	00000000	00000013	addi	x0,x0,0	  x0:0x00000000
       17015000	      1700	80000674	00000013	addi	x0,x0,0	  x0:0x00000000
       17025000	      1701	80000678	01c000ef	jal	x1,80000678	  x1=0x80000678
       17035000	      1702	00000000	00000013	addi	x0,x0,0	  x0:0x00000000
       17045000	      1703	80000690	00000013	addi	x0,x0,0	  x0:0x00000000
       17055000	      1704	80000694	40c28633	sub	x12,x5,x12	  x5:0x80009f5c x12:0x00000000 x12=0x80009f5c
       17065000	      1705	80000698	01800f6f	jal	x30,80000698	 x30=0x80000698
       17075000	      1706	00000000	00000013	addi	x0,x0,0	  x0:0x00000000
       17085000	      1707	800006ac	00000013	addi	x0,x0,0	  x0:0x00000000
       17095000	      1708	800006b0	00c000ef	jal	x1,800006b0	  x1=0x800006b0
       17105000	      1709	00000000	00000013	addi	x0,x0,0	  x0:0x00000000
       17115000	      1710	800006b8	00000013	addi	x0,x0,0	  x0:0x00000000
       17125000	      1711	800006bc	0080036f	jal	x6,800006bc	  x6=0x800006bc
       17135000	      1712	00000000	00000013	addi	x0,x0,0	  x0:0x00000000
       17145000	      1713	800006c0	00000013	addi	x0,x0,0	  x0:0x00000000
       17155000	      1714	800006c4	fddff66f	jal	x12,800006c4	 x12=0x800006c4
       17165000	      1715	00000000	00000013	addi	x0,x0,0	  x0:0x00000000
       17175000	      1716	8000069c	00000013	addi	x0,x0,0	  x0:0x00000000
       17185000	      1717	800006a0	ffdff16f	jal	x2,800006a0	  x2=0x800006a0
       17195000	      1718	00000000	00000013	addi	x0,x0,0	  x0:0x00000000
       17205000	      1719	80000698	00000013	addi	x0,x0,0	  x0:0x00000000
       17215000	      1720	8000069c	0100026f	jal	x4,8000069c	  x4=0x8000069c
       17225000	      1721	00000000	00000013	addi	x0,x0,0	  x0:0x00000000
       17235000	      1722	800006a8	00000013	addi	x0,x0,0	  x0:0x00000000
       17245000	      1723	800006ac	0140036f	jal	x6,800006ac	  x6=0x800006ac
       17255000	      1724	00000000	00000013	addi	x0,x0,0	  x0:0x00000000
       17265000	      1725	800006bc	00000013	addi	x0,x0,0	  x0:0x00000000
       17275000	      1726	800006c0	fe5ffa6f	jal	x20,800006c0	 x20=0x800006c0
       17285000	      1727	00000000	00000013	addi	x0,x0,0	  x0:0x00000000
       17295000	      1728	800006a0	00000013	addi	x0,x0,0	  x0:0x00000000
       17305000	      1729	800006a4	010006ef	jal	x13,800006a4	 x13=0x800006a4
       17315000	      1730	00000000	00000013	addi	x0,x0,0	  x0:0x00000000
       17325000	      1731	800006b0	00000013	addi	x0,x0,0	  x0:0x00000000
       17335000	      1732	800006b4	ff5ff0ef	jal	x1,800006b4	  x1=0x800006b4
       17345000	      1733	00000000	00000013	addi	x0,x0,0	  x0:0x00000000
       17355000	      1734	800006a4	00000013	addi	x0,x0,0	  x0:0x00000000
       17365000	      1735	800006a8	01000f6f	jal	x30,800006a8	 x30=0x800006a8
       17375000	      1736	00000000	00000013	addi	x0,x0,0	  x0:0x00000000
       17385000	      1737	800006b4	00000013	addi	x0,x0,0	  x0:0x00000000
       17395000	      1738	800006b8	0100036f	jal	x6,800006b8	  x6=0x800006b8
       17405000	      1739	00000000	00000013	addi	x0,x0,0	  x0:0x00000000
       17415000	      1740	800006c4	00000013	addi	x0,x0,0	  x0:0x00000000
       17425000	      1741	800006c8	409a8db3	sub	x27,x21,x9	 x21:0x8000060c  x9:0x800005b8 x27=0x00000054
       17435000	      1742	800006cc	00400f6f	jal	x30,800006cc	 x30=0x800006cc
       17445000	      1743	00000000	00000013	addi	x0,x0,0	  x0:0x00000000
       17455000	      1744	800006cc	00000013	addi	x0,x0,0	  x0:0x00000000
       17465000	      1745	800006d0	024000ef	jal	x1,800006d0	  x1=0x800006d0
       17475000	      1746	00000000	00000013	addi	x0,x0,0	  x0:0x00000000
       17485000	      1747	800006f0	00000013	addi	x0,x0,0	  x0:0x00000000
       17495000	      1748	800006f4	ff5ffe6f	jal	x28,800006f4	 x28=0x800006f4
       17505000	      1749	00000000	00000013	addi	x0,x0,0	  x0:0x00000000
       17515000	      1750	800006e4	00000013	addi	x0,x0,0	  x0:0x00000000
       17525000	      1751	800006e8	ffdff0ef	jal	x1,800006e8	  x1=0x800006e8
       17535000	      1752	00000000	00000013	addi	x0,x0,0	  x0:0x00000000
       17545000	      1753	800006e0	00000013	addi	x0,x0,0	  x0:0x00000000
       17555000	      1754	800006e4	0140036f	jal	x6,800006e4	  x6=0x800006e4
       17565000	      1755	00000000	00000013	addi	x0,x0,0	  x0:0x00000000
       17575000	      1756	800006f4	00000013	addi	x0,x0,0	  x0:0x00000000
       17585000	      1757	800006f8	fe1ff3ef	jal	x7,800006f8	  x7=0x800006f8
       17595000	      1758	00000000	00000013	addi	x0,x0,0	  x0:0x00000000
       17605000	      1759	800006d4	00000013	addi	x0,x0,0	  x0:0x00000000
       17615000	      1760	800006d8	00400fef	jal	x31,800006d8	 x31=0x800006d8
       17625000	      1761	00000000	00000013	addi	x0,x0,0	  x0:0x00000000
       17635000	      1762	800006d8	00000013	addi	x0,x0,0	  x0:0x00000000
       17645000	      1763	800006dc	020000ef	jal	x1,800006dc	  x1=0x800006dc
       17655000	      1764	00000000	00000013	addi	x0,x0,0	  x0:0x00000000
       17665000	      1765	800006f8	00000013	addi	x0,x0,0	  x0:0x00000000
       17675000	      1766	800006fc	fd9ffe6f	jal	x28,800006fc	 x28=0x800006fc
       17685000	      1767	00000000	00000013	addi	x0,x0,0	  x0:0x00000000
       17695000	      1768	800006d0	00000013	addi	x0,x0,0	  x0:0x00000000
       17705000	      1769	800006d4	00c0036f	jal	x6,800006d4	  x6=0x800006d4
       17715000	      1770	00000000	00000013	addi	x0,x0,0	  x0:0x00000000
       17725000	      1771	800006dc	00000013	addi	x0,x0,0	  x0:0x00000000
       17735000	      1772	800006e0	00c000ef	jal	x1,800006e0	  x1=0x800006e0
       17745000	      1773	00000000	00000013	addi	x0,x0,0	  x0:0x00000000
       17755000	      1774	800006e8	00000013	addi	x0,x0,0	  x0:0x00000000
       17765000	      1775	800006ec	004000ef	jal	x1,800006ec	  x1=0x800006ec
       17775000	      1776	00000000	00000013	addi	x0,x0,0	  x0:0x00000000
       17785000	      1777	800006ec	00000013	addi	x0,x0,0	  x0:0x00000000
       17795000	      1778	800006f0	010000ef	jal	x1,800006f0	  x1=0x800006f0
       17805000	      1779	00000000	00000013	addi	x0,x0,0	  x0:0x00000000
       17815000	      1780	800006fc	00000013	addi	x0,x0,0	  x0:0x00000000
       17825000	      1781	80000700	6adb4893	xori	x17,x22,1709	 x22:0x80000634 x17=0x80000099
       17835000	      1782	80000704	02c00f6f	jal	x30,80000704	 x30=0x80000704
       17845000	      1783	00000000	00000013	addi	x0,x0,0	  x0:0x00000000
       17855000	      1784	8000072c	00000013	addi	x0,x0,0	  x0:0x00000000
       17865000	      1785	80000730	004000ef	jal	x1,80000730	  x1=0x80000730
       17875000	      1786	00000000	00000013	addi	x0,x0,0	  x0:0x00000000
       17885000	      1787	80000730	00000013	addi	x0,x0,0	  x0:0x00000000
       17895000	      1788	80000734	fd9ff4ef	jal	x9,80000734	  x9=0x80000734
       17905000	      1789	00000000	00000013	addi	x0,x0,0	  x0:0x00000000
       17915000	      1790	80000708	00000013	addi	x0,x0,0	  x0:0x00000000
       17925000	      1791	8000070c	008000ef	jal	x1,8000070c	  x1=0x8000070c
       17935000	      1792	00000000	00000013	addi	x0,x0,0	  x0:0x00000000
       17945000	      1793	80000710	00000013	addi	x0,x0,0	  x0:0x00000000
       17955000	      1794	80000714	010000ef	jal	x1,80000714	  x1=0x80000714
       17965000	      1795	00000000	00000013	addi	x0,x0,0	  x0:0x00000000
       17975000	      1796	80000720	00000013	addi	x0,x0,0	  x0:0x00000000
       17985000	      1797	80000724	004000ef	jal	x1,80000724	  x1=0x80000724
       17995000	      1798	00000000	00000013	addi	x0,x0,0	  x0:0x00000000
       18005000	      1799	80000724	00000013	addi	x0,x0,0	  x0:0x00000000
       18015000	      1800	80000728	fe9ff0ef	jal	x1,80000728	  x1=0x80000728
       18025000	      1801	00000000	00000013	addi	x0,x0,0	  x0:0x00000000
       18035000	      1802	8000070c	00000013	addi	x0,x0,0	  x0:0x00000000
       18045000	      1803	80000710	ff9ff26f	jal	x4,80000710	  x4=0x80000710
       18055000	      1804	00000000	00000013	addi	x0,x0,0	  x0:0x00000000
       18065000	      1805	80000704	00000013	addi	x0,x0,0	  x0:0x00000000
       18075000	      1806	80000708	018001ef	jal	x3,80000708	  x3=0x80000708
       18085000	      1807	00000000	00000013	addi	x0,x0,0	  x0:0x00000000
       18095000	      1808	8000071c	00000013	addi	x0,x0,0	  x0:0x00000000
       18105000	      1809	80000720	ff9ff0ef	jal	x1,80000720	  x1=0x80000720
       18115000	      1810	00000000	00000013	addi	x0,x0,0	  x0:0x00000000
       18125000	      1811	80000714	00000013	addi	x0,x0,0	  x0:0x00000000
       18135000	      1812	80000718	020000ef	jal	x1,80000718	  x1=0x80000718
       18145000	      1813	00000000	00000013	addi	x0,x0,0	  x0:0x00000000
       18155000	      1814	80000734	00000013	addi	x0,x0,0	  x0:0x00000000
       18165000	      1815	80000738	ff5ff0ef	jal	x1,80000738	  x1=0x80000738
       18175000	      1816	00000000	00000013	addi	x0,x0,0	  x0:0x00000000
       18185000	      1817	80000728	00000013	addi	x0,x0,0	  x0:0x00000000
       18195000	      1818	8000072c	ff1ffc6f	jal	x24,8000072c	 x24=0x8000072c
       18205000	      1819	00000000	00000013	addi	x0,x0,0	  x0:0x00000000
       18215000	      1820	80000718	00000013	addi	x0,x0,0	  x0:0x00000000
       18225000	      1821	8000071c	020000ef	jal	x1,8000071c	  x1=0x8000071c
       18235000	      1822	00000000	00000013	addi	x0,x0,0	  x0:0x00000000
       18245000	      1823	80000738	00000013	addi	x0,x0,0	  x0:0x00000000
       18255000	      1824	8000073c	419f5513	srai	x10,x30,0x19	 x30:0x80000704 x10=0xffffffc0
       18265000	      1825	80000740	01400f6f	jal	x30,80000740	 x30=0x80000740
       18275000	      1826	00000000	00000013	addi	x0,x0,0	  x0:0x00000000
       18285000	      1827	80000750	00000013	addi	x0,x0,0	  x0:0x00000000
       18295000	      1828	80000754	024000ef	jal	x1,80000754	  x1=0x80000754
       18305000	      1829	00000000	00000013	addi	x0,x0,0	  x0:0x00000000
       18315000	      1830	80000774	00000013	addi	x0,x0,0	  x0:0x00000000
       18325000	      1831	80000778	ff5ff0ef	jal	x1,80000778	  x1=0x80000778
       18335000	      1832	00000000	00000013	addi	x0,x0,0	  x0:0x00000000
       18345000	      1833	80000768	00000013	addi	x0,x0,0	  x0:0x00000000
       18355000	      1834	8000076c	fe1ff0ef	jal	x1,8000076c	  x1=0x8000076c
       18365000	      1835	00000000	00000013	addi	x0,x0,0	  x0:0x00000000
       18375000	      1836	80000748	00000013	addi	x0,x0,0	  x0:0x00000000
       18385000	      1837	8000074c	028000ef	jal	x1,8000074c	  x1=0x8000074c
       18395000	      1838	00000000	00000013	addi	x0,x0,0	  x0:0x00000000
       18405000	      1839	80000770	00000013	addi	x0,x0,0	  x0:0x00000000
       18415000	      1840	80000774	008000ef	jal	x1,80000774	  x1=0x80000774
       18425000	      1841	00000000	00000013	addi	x0,x0,0	  x0:0x00000000
       18435000	      1842	80000778	00000013	addi	x0,x0,0	  x0:0x00000000
       18445000	      1843	8000077c	fe9ff0ef	jal	x1,8000077c	  x1=0x8000077c
       18455000	      1844	00000000	00000013	addi	x0,x0,0	  x0:0x00000000
       18465000	      1845	80000760	00000013	addi	x0,x0,0	  x0:0x00000000
       18475000	      1846	80000764	fe5ff0ef	jal	x1,80000764	  x1=0x80000764
       18485000	      1847	00000000	00000013	addi	x0,x0,0	  x0:0x00000000
       18495000	      1848	80000744	00000013	addi	x0,x0,0	  x0:0x00000000
       18505000	      1849	80000748	ffdff36f	jal	x6,80000748	  x6=0x80000748
       18515000	      1850	00000000	00000013	addi	x0,x0,0	  x0:0x00000000
       18525000	      1851	80000740	00000013	addi	x0,x0,0	  x0:0x00000000
       18535000	      1852	80000744	01c0036f	jal	x6,80000744	  x6=0x80000744
       18545000	      1853	00000000	00000013	addi	x0,x0,0	  x0:0x00000000
       18555000	      1854	8000075c	00000013	addi	x0,x0,0	  x0:0x00000000
       18565000	      1855	80000760	ffdff0ef	jal	x1,80000760	  x1=0x80000760
       18575000	      1856	00000000	00000013	addi	x0,x0,0	  x0:0x00000000
       18585000	      1857	80000758	00000013	addi	x0,x0,0	  x0:0x00000000
       18595000	      1858	8000075c	ffdff0ef	jal	x1,8000075c	  x1=0x8000075c
       18605000	      1859	00000000	00000013	addi	x0,x0,0	  x0:0x00000000
       18615000	      1860	80000754	00000013	addi	x0,x0,0	  x0:0x00000000
       18625000	      1861	80000758	0100036f	jal	x6,80000758	  x6=0x80000758
       18635000	      1862	00000000	00000013	addi	x0,x0,0	  x0:0x00000000
       18645000	      1863	80000764	00000013	addi	x0,x0,0	  x0:0x00000000
       18655000	      1864	80000768	00800f6f	jal	x30,80000768	 x30=0x80000768
       18665000	      1865	00000000	00000013	addi	x0,x0,0	  x0:0x00000000
       18675000	      1866	8000076c	00000013	addi	x0,x0,0	  x0:0x00000000
       18685000	      1867	80000770	fe1ff16f	jal	x2,80000770	  x2=0x80000770
       18695000	      1868	00000000	00000013	addi	x0,x0,0	  x0:0x00000000
       18705000	      1869	8000074c	00000013	addi	x0,x0,0	  x0:0x00000000
       18715000	      1870	80000750	030008ef	jal	x17,80000750	 x17=0x80000750
       18725000	      1871	00000000	00000013	addi	x0,x0,0	  x0:0x00000000
       18735000	      1872	8000077c	00000013	addi	x0,x0,0	  x0:0x00000000
       18745000	      1873	80000780	018e1093	slli	x1,x28,0x18	 x28:0x800006fc  x1=0xfc000000
       18755000	      1874	80000784	04000f6f	jal	x30,80000784	 x30=0x80000784
       18765000	      1875	00000000	00000013	addi	x0,x0,0	  x0:0x00000000
       18775000	      1876	800007c0	00000013	addi	x0,x0,0	  x0:0x00000000
       18785000	      1877	800007c4	0280036f	jal	x6,800007c4	  x6=0x800007c4
       18795000	      1878	00000000	00000013	addi	x0,x0,0	  x0:0x00000000
       18805000	      1879	800007e8	00000013	addi	x0,x0,0	  x0:0x00000000
       18815000	      1880	800007ec	fbdffe6f	jal	x28,800007ec	 x28=0x800007ec
       18825000	      1881	00000000	00000013	addi	x0,x0,0	  x0:0x00000000
       18835000	      1882	800007a4	00000013	addi	x0,x0,0	  x0:0x00000000
       18845000	      1883	800007a8	ffdff16f	jal	x2,800007a8	  x2=0x800007a8
       18855000	      1884	00000000	00000013	addi	x0,x0,0	  x0:0x00000000
       18865000	      1885	800007a0	00000013	addi	x0,x0,0	  x0:0x00000000
       18875000	      1886	800007a4	024000ef	jal	x1,800007a4	  x1=0x800007a4
       18885000	      1887	00000000	00000013	addi	x0,x0,0	  x0:0x00000000
       18895000	      1888	800007c4	00000013	addi	x0,x0,0	  x0:0x00000000
       18905000	      1889	800007c8	ff1ff76f	jal	x14,800007c8	 x14=0x800007c8
       18915000	      1890	00000000	00000013	addi	x0,x0,0	  x0:0x00000000
       18925000	      1891	800007b4	00000013	addi	x0,x0,0	  x0:0x00000000
       18935000	      1892	800007b8	ff5ff0ef	jal	x1,800007b8	  x1=0x800007b8
       18945000	      1893	00000000	00000013	addi	x0,x0,0	  x0:0x00000000
       18955000	      1894	800007a8	00000013	addi	x0,x0,0	  x0:0x00000000
       18965000	      1895	800007ac	03800a6f	jal	x20,800007ac	 x20=0x800007ac
       18975000	      1896	00000000	00000013	addi	x0,x0,0	  x0:0x00000000
       18985000	      1897	800007e0	00000013	addi	x0,x0,0	  x0:0x00000000
       18995000	      1898	800007e4	fddff0ef	jal	x1,800007e4	  x1=0x800007e4
       19005000	      1899	00000000	00000013	addi	x0,x0,0	  x0:0x00000000
       19015000	      1900	800007bc	00000013	addi	x0,x0,0	  x0:0x00000000
       19025000	      1901	800007c0	fcdff1ef	jal	x3,800007c0	  x3=0x800007c0
       19035000	      1902	00000000	00000013	addi	x0,x0,0	  x0:0x00000000
       19045000	      1903	80000788	00000013	addi	x0,x0,0	  x0:0x00000000
       19055000	      1904	8000078c	050001ef	jal	x3,8000078c	  x3=0x8000078c
       19065000	      1905	00000000	00000013	addi	x0,x0,0	  x0:0x00000000
       19075000	      1906	800007d8	00000013	addi	x0,x0,0	  x0:0x00000000
       19085000	      1907	800007dc	fb9ffbef	jal	x23,800007dc	 x23=0x800007dc
       19095000	      1908	00000000	00000013	addi	x0,x0,0	  x0:0x00000000
       19105000	      1909	80000790	00000013	addi	x0,x0,0	  x0:0x00000000
       19115000	      1910	80000794	03c0036f	jal	x6,80000794	  x6=0x80000794
       19125000	      1911	00000000	00000013	addi	x0,x0,0	  x0:0x00000000
       19135000	      1912	800007cc	00000013	addi	x0,x0,0	  x0:0x00000000
       19145000	      1913	800007d0	004001ef	jal	x3,800007d0	  x3=0x800007d0
       19155000	      1914	00000000	00000013	addi	x0,x0,0	  x0:0x00000000
       19165000	      1915	800007d0	00000013	addi	x0,x0,0	  x0:0x00000000
       19175000	      1916	800007d4	020001ef	jal	x3,800007d4	  x3=0x800007d4
       19185000	      1917	00000000	00000013	addi	x0,x0,0	  x0:0x00000000
       19195000	      1918	800007f0	00000013	addi	x0,x0,0	  x0:0x00000000
       19205000	      1919	800007f4	f95ff26f	jal	x4,800007f4	  x4=0x800007f4
       19215000	      1920	00000000	00000013	addi	x0,x0,0	  x0:0x00000000
       19225000	      1921	80000784	00000013	addi	x0,x0,0	  x0:0x00000000
       19235000	      1922	80000788	06800f6f	jal	x30,80000788	 x30=0x80000788
       19245000	      1923	00000000	00000013	addi	x0,x0,0	  x0:0x00000000
       19255000	      1924	800007ec	00000013	addi	x0,x0,0	  x0:0x00000000
       19265000	      1925	800007f0	fa9ff36f	jal	x6,800007f0	  x6=0x800007f0
       19275000	      1926	00000000	00000013	addi	x0,x0,0	  x0:0x00000000
       19285000	      1927	80000794	00000013	addi	x0,x0,0	  x0:0x00000000
       19295000	      1928	80000798	0480036f	jal	x6,80000798	  x6=0x80000798
       19305000	      1929	00000000	00000013	addi	x0,x0,0	  x0:0x00000000
       19315000	      1930	800007dc	00000013	addi	x0,x0,0	  x0:0x00000000
       19325000	      1931	800007e0	fddff0ef	jal	x1,800007e0	  x1=0x800007e0
       19335000	      1932	00000000	00000013	addi	x0,x0,0	  x0:0x00000000
       19345000	      1933	800007b8	00000013	addi	x0,x0,0	  x0:0x00000000
       19355000	      1934	800007bc	fe5ff36f	jal	x6,800007bc	  x6=0x800007bc
       19365000	      1935	00000000	00000013	addi	x0,x0,0	  x0:0x00000000
       19375000	      1936	8000079c	00000013	addi	x0,x0,0	  x0:0x00000000
       19385000	      1937	800007a0	0480036f	jal	x6,800007a0	  x6=0x800007a0
       19395000	      1938	00000000	00000013	addi	x0,x0,0	  x0:0x00000000
       19405000	      1939	800007e4	00000013	addi	x0,x0,0	  x0:0x00000000
       19415000	      1940	800007e8	fc9ff36f	jal	x6,800007e8	  x6=0x800007e8
       19425000	      1941	00000000	00000013	addi	x0,x0,0	  x0:0x00000000
       19435000	      1942	800007ac	00000013	addi	x0,x0,0	  x0:0x00000000
       19445000	      1943	800007b0	004000ef	jal	x1,800007b0	  x1=0x800007b0
       19455000	      1944	00000000	00000013	addi	x0,x0,0	  x0:0x00000000
       19465000	      1945	800007b0	00000013	addi	x0,x0,0	  x0:0x00000000
       19475000	      1946	800007b4	01800e6f	jal	x28,800007b4	 x28=0x800007b4
       19485000	      1947	00000000	00000013	addi	x0,x0,0	  x0:0x00000000
       19495000	      1948	800007c8	00000013	addi	x0,x0,0	  x0:0x00000000
       19505000	      1949	800007cc	fd1ff1ef	jal	x3,800007cc	  x3=0x800007cc
       19515000	      1950	00000000	00000013	addi	x0,x0,0	  x0:0x00000000
       19525000	      1951	80000798	00000013	addi	x0,x0,0	  x0:0x00000000
       19535000	      1952	8000079c	03c00b6f	jal	x22,8000079c	 x22=0x8000079c
       19545000	      1953	00000000	00000013	addi	x0,x0,0	  x0:0x00000000
       19555000	      1954	800007d4	00000013	addi	x0,x0,0	  x0:0x00000000
       19565000	      1955	800007d8	fb9ff0ef	jal	x1,800007d8	  x1=0x800007d8
       19575000	      1956	00000000	00000013	addi	x0,x0,0	  x0:0x00000000
       19585000	      1957	8000078c	00000013	addi	x0,x0,0	  x0:0x00000000
       19595000	      1958	80000790	068000ef	jal	x1,80000790	  x1=0x80000790
       19605000	      1959	00000000	00000013	addi	x0,x0,0	  x0:0x00000000
       19615000	      1960	800007f4	00000013	addi	x0,x0,0	  x0:0x00000000
       19625000	      1961	800007f8	00a5ec33	or	x24,x11,x10	 x11:0x800003ac x10:0xffffffc0 x24=0xffffffec
       19635000	      1962	800007fc	04000f6f	jal	x30,800007fc	 x30=0x800007fc
       19645000	      1963	00000000	00000013	addi	x0,x0,0	  x0:0x00000000
       19655000	      1964	80000838	00000013	addi	x0,x0,0	  x0:0x00000000
       19665000	      1965	8000083c	fc9ff0ef	jal	x1,8000083c	  x1=0x8000083c
       19675000	      1966	00000000	00000013	addi	x0,x0,0	  x0:0x00000000
       19685000	      1967	80000800	00000013	addi	x0,x0,0	  x0:0x00000000
       19695000	      1968	80000804	050001ef	jal	x3,80000804	  x3=0x80000804
       19705000	      1969	00000000	00000013	addi	x0,x0,0	  x0:0x00000000
       19715000	      1970	80000850	00000013	addi	x0,x0,0	  x0:0x00000000
       19725000	      1971	80000854	018000ef	jal	x1,80000854	  x1=0x80000854
       19735000	      1972	00000000	00000013	addi	x0,x0,0	  x0:0x00000000
       19745000	      1973	80000868	00000013	addi	x0,x0,0	  x0:0x00000000
       19755000	      1974	8000086c	fedff36f	jal	x6,8000086c	  x6=0x8000086c
       19765000	      1975	00000000	00000013	addi	x0,x0,0	  x0:0x00000000
       19775000	      1976	80000854	00000013	addi	x0,x0,0	  x0:0x00000000
       19785000	      1977	80000858	fedff7ef	jal	x15,80000858	 x15=0x80000858
       19795000	      1978	00000000	00000013	addi	x0,x0,0	  x0:0x00000000
       19805000	      1979	80000840	00000013	addi	x0,x0,0	  x0:0x00000000
       19815000	      1980	80000844	00c0016f	jal	x2,80000844	  x2=0x80000844
       19825000	      1981	00000000	00000013	addi	x0,x0,0	  x0:0x00000000
       19835000	      1982	8000084c	00000013	addi	x0,x0,0	  x0:0x00000000
       19845000	      1983	80000850	fd9ff0ef	jal	x1,80000850	  x1=0x80000850
       19855000	      1984	00000000	00000013	addi	x0,x0,0	  x0:0x00000000
       19865000	      1985	80000824	00000013	addi	x0,x0,0	  x0:0x00000000
       19875000	      1986	80000828	fedff0ef	jal	x1,80000828	  x1=0x80000828
       19885000	      1987	00000000	00000013	addi	x0,x0,0	  x0:0x00000000
       19895000	      1988	80000810	00000013	addi	x0,x0,0	  x0:0x00000000
       19905000	      1989	80000814	050000ef	jal	x1,80000814	  x1=0x80000814
       19915000	      1990	00000000	00000013	addi	x0,x0,0	  x0:0x00000000
       19925000	      1991	80000860	00000013	addi	x0,x0,0	  x0:0x00000000
       19935000	      1992	80000864	fc9ff0ef	jal	x1,80000864	  x1=0x80000864
       19945000	      1993	00000000	00000013	addi	x0,x0,0	  x0:0x00000000
       19955000	      1994	80000828	00000013	addi	x0,x0,0	  x0:0x00000000
       19965000	      1995	8000082c	ff1ff36f	jal	x6,8000082c	  x6=0x8000082c
       19975000	      1996	00000000	00000013	addi	x0,x0,0	  x0:0x00000000
       19985000	      1997	80000818	00000013	addi	x0,x0,0	  x0:0x00000000
       19995000	      1998	8000081c	ffdff56f	jal	x10,8000081c	 x10=0x8000081c
       20005000	      1999	00000000	00000013	addi	x0,x0,0	  x0:0x00000000
       20015000	      2000	80000814	00000013	addi	x0,x0,0	  x0:0x00000000
       20025000	      2001	80000818	00c000ef	jal	x1,80000818	  x1=0x80000818
       20035000	      2002	00000000	00000013	addi	x0,x0,0	  x0:0x00000000
       20045000	      2003	80000820	00000013	addi	x0,x0,0	  x0:0x00000000
       20055000	      2004	80000824	01c0036f	jal	x6,80000824	  x6=0x80000824
       20065000	      2005	00000000	00000013	addi	x0,x0,0	  x0:0x00000000
       20075000	      2006	8000083c	00000013	addi	x0,x0,0	  x0:0x00000000
       20085000	      2007	80000840	fc1ff0ef	jal	x1,80000840	  x1=0x80000840
       20095000	      2008	00000000	00000013	addi	x0,x0,0	  x0:0x00000000
       20105000	      2009	800007fc	00000013	addi	x0,x0,0	  x0:0x00000000
       20115000	      2010	80000800	00c00e6f	jal	x28,80000800	 x28=0x80000800
       20125000	      2011	00000000	00000013	addi	x0,x0,0	  x0:0x00000000
       20135000	      2012	80000808	00000013	addi	x0,x0,0	  x0:0x00000000
       20145000	      2013	8000080c	0040036f	jal	x6,8000080c	  x6=0x8000080c
       20155000	      2014	00000000	00000013	addi	x0,x0,0	  x0:0x00000000
       20165000	      2015	8000080c	00000013	addi	x0,x0,0	  x0:0x00000000
       20175000	      2016	80000810	03c000ef	jal	x1,80000810	  x1=0x80000810
       20185000	      2017	00000000	00000013	addi	x0,x0,0	  x0:0x00000000
       20195000	      2018	80000848	00000013	addi	x0,x0,0	  x0:0x00000000
       20205000	      2019	8000084c	fbdff0ef	jal	x1,8000084c	  x1=0x8000084c
       20215000	      2020	00000000	00000013	addi	x0,x0,0	  x0:0x00000000
       20225000	      2021	80000804	00000013	addi	x0,x0,0	  x0:0x00000000
       20235000	      2022	80000808	0580016f	jal	x2,80000808	  x2=0x80000808
       20245000	      2023	00000000	00000013	addi	x0,x0,0	  x0:0x00000000
       20255000	      2024	8000085c	00000013	addi	x0,x0,0	  x0:0x00000000
       20265000	      2025	80000860	fd5ff66f	jal	x12,80000860	 x12=0x80000860
       20275000	      2026	00000000	00000013	addi	x0,x0,0	  x0:0x00000000
       20285000	      2027	80000830	00000013	addi	x0,x0,0	  x0:0x00000000
       20295000	      2028	80000834	014000ef	jal	x1,80000834	  x1=0x80000834
       20305000	      2029	00000000	00000013	addi	x0,x0,0	  x0:0x00000000
       20315000	      2030	80000844	00000013	addi	x0,x0,0	  x0:0x00000000
       20325000	      2031	80000848	fd9ff0ef	jal	x1,80000848	  x1=0x80000848
       20335000	      2032	00000000	00000013	addi	x0,x0,0	  x0:0x00000000
       20345000	      2033	8000081c	00000013	addi	x0,x0,0	  x0:0x00000000
       20355000	      2034	80000820	03c0016f	jal	x2,80000820	  x2=0x80000820
       20365000	      2035	00000000	00000013	addi	x0,x0,0	  x0:0x00000000
       20375000	      2036	80000858	00000013	addi	x0,x0,0	  x0:0x00000000
       20385000	      2037	8000085c	fd5ff0ef	jal	x1,8000085c	  x1=0x8000085c
       20395000	      2038	00000000	00000013	addi	x0,x0,0	  x0:0x00000000
       20405000	      2039	8000082c	00000013	addi	x0,x0,0	  x0:0x00000000
       20415000	      2040	80000830	0380016f	jal	x2,80000830	  x2=0x80000830
       20425000	      2041	00000000	00000013	addi	x0,x0,0	  x0:0x00000000
       20435000	      2042	80000864	00000013	addi	x0,x0,0	  x0:0x00000000
       20445000	      2043	80000868	fd1ff0ef	jal	x1,80000868	  x1=0x80000868
       20455000	      2044	00000000	00000013	addi	x0,x0,0	  x0:0x00000000
       20465000	      2045	80000834	00000013	addi	x0,x0,0	  x0:0x00000000
       20475000	      2046	80000838	038001ef	jal	x3,80000838	  x3=0x80000838
       20485000	      2047	00000000	00000013	addi	x0,x0,0	  x0:0x00000000
       20495000	      2048	8000086c	00000013	addi	x0,x0,0	  x0:0x00000000
       20505000	      2049	80000870	00000013	addi	x0,x0,0	  x0:0x00000000
       20515000	      2050	80000874	00800f6f	jal	x30,80000874	 x30=0x80000874
       20525000	      2051	00000000	00000013	addi	x0,x0,0	  x0:0x00000000
       20535000	      2052	80000878	00000013	addi	x0,x0,0	  x0:0x00000000
       20545000	      2053	8000087c	ffdff36f	jal	x6,8000087c	  x6=0x8000087c
       20555000	      2054	00000000	00000013	addi	x0,x0,0	  x0:0x00000000
       20565000	      2055	80000874	00000013	addi	x0,x0,0	  x0:0x00000000
       20575000	      2056	80000878	03c0036f	jal	x6,80000878	  x6=0x80000878
       20585000	      2057	00000000	00000013	addi	x0,x0,0	  x0:0x00000000
       20595000	      2058	800008b0	00000013	addi	x0,x0,0	  x0:0x00000000
       20605000	      2059	800008b4	fd5ff36f	jal	x6,800008b4	  x6=0x800008b4
       20615000	      2060	00000000	00000013	addi	x0,x0,0	  x0:0x00000000
       20625000	      2061	80000884	00000013	addi	x0,x0,0	  x0:0x00000000
       20635000	      2062	80000888	0400036f	jal	x6,80000888	  x6=0x80000888
       20645000	      2063	00000000	00000013	addi	x0,x0,0	  x0:0x00000000
       20655000	      2064	800008c4	00000013	addi	x0,x0,0	  x0:0x00000000
       20665000	      2065	800008c8	fddff36f	jal	x6,800008c8	  x6=0x800008c8
       20675000	      2066	00000000	00000013	addi	x0,x0,0	  x0:0x00000000
       20685000	      2067	800008a0	00000013	addi	x0,x0,0	  x0:0x00000000
       20695000	      2068	800008a4	02c000ef	jal	x1,800008a4	  x1=0x800008a4
       20705000	      2069	00000000	00000013	addi	x0,x0,0	  x0:0x00000000
       20715000	      2070	800008cc	00000013	addi	x0,x0,0	  x0:0x00000000
       20725000	      2071	800008d0	fedff0ef	jal	x1,800008d0	  x1=0x800008d0
       20735000	      2072	00000000	00000013	addi	x0,x0,0	  x0:0x00000000
       20745000	      2073	800008b8	00000013	addi	x0,x0,0	  x0:0x00000000
       20755000	      2074	800008bc	fc9ff0ef	jal	x1,800008bc	  x1=0x800008bc
       20765000	      2075	00000000	00000013	addi	x0,x0,0	  x0:0x00000000
       20775000	      2076	80000880	00000013	addi	x0,x0,0	  x0:0x00000000
       20785000	      2077	80000884	0140036f	jal	x6,80000884	  x6=0x80000884
       20795000	      2078	00000000	00000013	addi	x0,x0,0	  x0:0x00000000
       20805000	      2079	80000894	00000013	addi	x0,x0,0	  x0:0x00000000
       20815000	      2080	80000898	010000ef	jal	x1,80000898	  x1=0x80000898
       20825000	      2081	00000000	00000013	addi	x0,x0,0	  x0:0x00000000
       20835000	      2082	800008a4	00000013	addi	x0,x0,0	  x0:0x00000000
       20845000	      2083	800008a8	0240036f	jal	x6,800008a8	  x6=0x800008a8
       20855000	      2084	00000000	00000013	addi	x0,x0,0	  x0:0x00000000
       20865000	      2085	800008c8	00000013	addi	x0,x0,0	  x0:0x00000000
       20875000	      2086	800008cc	ff9ffb6f	jal	x22,800008cc	 x22=0x800008cc
       20885000	      2087	00000000	00000013	addi	x0,x0,0	  x0:0x00000000
       20895000	      2088	800008c0	00000013	addi	x0,x0,0	  x0:0x00000000
       20905000	      2089	800008c4	fe9ff0ef	jal	x1,800008c4	  x1=0x800008c4
       20915000	      2090	00000000	00000013	addi	x0,x0,0	  x0:0x00000000
       20925000	      2091	800008a8	00000013	addi	x0,x0,0	  x0:0x00000000
       20935000	      2092	800008ac	fe5ff3ef	jal	x7,800008ac	  x7=0x800008ac
       20945000	      2093	00000000	00000013	addi	x0,x0,0	  x0:0x00000000
       20955000	      2094	8000088c	00000013	addi	x0,x0,0	  x0:0x00000000
       20965000	      2095	80000890	0300026f	jal	x4,80000890	  x4=0x80000890
       20975000	      2096	00000000	00000013	addi	x0,x0,0	  x0:0x00000000
       20985000	      2097	800008bc	00000013	addi	x0,x0,0	  x0:0x00000000
       20995000	      2098	800008c0	fd5ff0ef	jal	x1,800008c0	  x1=0x800008c0
       21005000	      2099	00000000	00000013	addi	x0,x0,0	  x0:0x00000000
       21015000	      2100	80000890	00000013	addi	x0,x0,0	  x0:0x00000000
       21025000	      2101	80000894	01c000ef	jal	x1,80000894	  x1=0x80000894
       21035000	      2102	00000000	00000013	addi	x0,x0,0	  x0:0x00000000
       21045000	      2103	800008ac	00000013	addi	x0,x0,0	  x0:0x00000000
       21055000	      2104	800008b0	008000ef	jal	x1,800008b0	  x1=0x800008b0
       21065000	      2105	00000000	00000013	addi	x0,x0,0	  x0:0x00000000
       21075000	      2106	800008b4	00000013	addi	x0,x0,0	  x0:0x00000000
       21085000	      2107	800008b8	fe5ff3ef	jal	x7,800008b8	  x7=0x800008b8
       21095000	      2108	00000000	00000013	addi	x0,x0,0	  x0:0x00000000
       21105000	      2109	80000898	00000013	addi	x0,x0,0	  x0:0x00000000
       21115000	      2110	8000089c	fe5ff36f	jal	x6,8000089c	  x6=0x8000089c
       21125000	      2111	00000000	00000013	addi	x0,x0,0	  x0:0x00000000
       21135000	      2112	8000087c	00000013	addi	x0,x0,0	  x0:0x00000000
       21145000	      2113	80000880	020000ef	jal	x1,80000880	  x1=0x80000880
       21155000	      2114	00000000	00000013	addi	x0,x0,0	  x0:0x00000000
       21165000	      2115	8000089c	00000013	addi	x0,x0,0	  x0:0x00000000
       21175000	      2116	800008a0	fedffb6f	jal	x22,800008a0	 x22=0x800008a0
       21185000	      2117	00000000	00000013	addi	x0,x0,0	  x0:0x00000000
       21195000	      2118	80000888	00000013	addi	x0,x0,0	  x0:0x00000000
       21205000	      2119	8000088c	0480076f	jal	x14,8000088c	 x14=0x8000088c
       21215000	      2120	00000000	00000013	addi	x0,x0,0	  x0:0x00000000
       21225000	      2121	800008d0	00000013	addi	x0,x0,0	  x0:0x00000000
       21235000	      2122	800008d4	00085f13	srli	x30,x16,0x0	 x16:0x8000046c x30=0x8000046c
       21245000	      2123	800008d8	004a1a33	sll	x20,x20,x4	 x20:0x800007ac  x4:0x80000890 x20=0x07ac0000
       21255000	      2124	800008dc	049d4263	blt	x26,x9,80000920	 x26:0x800005a0  x9:0x80000734
       21265000	      2125	00000000	00000013	addi	x0,x0,0	  x0:0x00000000
       21275000	      2126	8000091c	00000013	addi	x0,x0,0	  x0:0x00000000
       21285000	      2127	80000920	00a99463	bne	x19,x10,80000928	 x19:0x80000650 x10:0x8000081c
       21295000	      2128	00000000	00000013	addi	x0,x0,0	  x0:0x00000000
       21305000	      2129	80000924	00000013	addi	x0,x0,0	  x0:0x00000000
       21315000	      2130	80000928	1bf73513	sltiu	x10,x14,447	 x14:0x8000088c x10=0x00000000
       21325000	      2131	8000092c	04694863	blt	x18,x6,8000097c	 x18:0x80009fc4  x6:0x8000089c
       21335000	      2132	80000930	2cc2c713	xori	x14,x5,716	  x5:0x80009f5c x14=0x80009d90
       21345000	      2133	80000934	000dd863	bge	x27,x0,80000944	 x27:0x00000054  x0:0x00000000
       21355000	      2134	00000000	00000013	addi	x0,x0,0	  x0:0x00000000
       21365000	      2135	80000940	00000013	addi	x0,x0,0	  x0:0x00000000
       21375000	      2136	80000944	6ab6f613	andi	x12,x13,1707	 x13:0x800006a4 x12=0x000006a0
       21385000	      2137	80000948	00f5eb33	or	x22,x11,x15	 x11:0x800003ac x15:0x80000858 x22=0x80000bfc
       21395000	      2138	8000094c	41ab8633	sub	x12,x23,x26	 x23:0x800007dc x26:0x800005a0 x12=0x0000023c
       21405000	      2139	80000950	01831593	slli	x11,x6,0x18	  x6:0x8000089c x11=0x9c000000
       21415000	      2140	80000954	0307c063	blt	x15,x16,80000974	 x15:0x80000858 x16:0x8000046c
       21425000	      2141	80000958	004a2eb3	slt	x29,x20,x4	 x20:0x07ac0000  x4:0x80000890 x29=0x00000000
       21435000	      2142	8000095c	01911233	sll	x4,x2,x25	  x2:0x80000830 x25:0x00000006  x4=0x00020c00
       21445000	      2143	80000960	01b48ab3	add	x21,x9,x27	  x9:0x80000734 x27:0x00000054 x21=0x80000788
       21455000	      2144	80000964	40620c33	sub	x24,x4,x6	  x4:0x00020c00  x6:0x8000089c x24=0x80020364
       21465000	      2145	80000968	013b8863	beq	x23,x19,80000978	 x23:0x800007dc x19:0x80000650
       21475000	      2146	8000096c	001e67b3	or	x15,x28,x1	 x28:0x80000800  x1:0x80000880 x15=0x80000880
       21485000	      2147	80000970	15c3bb93	sltiu	x23,x7,348	  x7:0x800008b8 x23=0x00000000
       21495000	      2148	80000974	01de9433	sll	x8,x29,x29	 x29:0x00000000 x29:0x00000000  x8=0x00000000
       21505000	      2149	80000978	0088db13	srli	x22,x17,0x8	 x17:0x80000750 x22=0x00800007
       21515000	      2150	8000097c	e9b68b13	addi	x22,x13,-357	 x13:0x800006a4 x22=0x8000053f
       21525000	      2151	80000980	d3a2ff93	andi	x31,x5,-710	  x5:0x80009f5c x31=0x80009d18
       21535000	      2152	80000984	00ed3c33	sltu	x24,x26,x14	 x26:0x800005a0 x14:0x80009d90 x24=0x00000001
       21545000	      2153	80000988	00447133	and	x2,x8,x4	  x8:0x00000000  x4:0x00020c00  x2=0x00000000
       21555000	      2154	8000098c	01595eb3	srl	x29,x18,x21	 x18:0x80009fc4 x21:0x80000788 x29=0x0080009f
       21565000	      2155	80000990	0152da63	bge	x5,x21,800009a4	  x5:0x80009f5c x21:0x80000788
       21575000	      2156	00000000	00000013	addi	x0,x0,0	  x0:0x00000000
       21585000	      2157	800009a0	00000013	addi	x0,x0,0	  x0:0x00000000
       21595000	      2158	800009a4	44f38b93	addi	x23,x7,1103	  x7:0x800008b8 x23=0x80000d07
       21605000	      2159	800009a8	401859b3	sra	x19,x16,x1	 x16:0x8000046c  x1:0x80000880 x19=0x8000046c
       21615000	      2160	800009ac	05706263	bltu	x0,x23,800009f0	  x0:0x00000000 x23:0x80000d07
       21625000	      2161	00000000	00000013	addi	x0,x0,0	  x0:0x00000000
       21635000	      2162	800009ec	00000013	addi	x0,x0,0	  x0:0x00000000
       21645000	      2163	800009f0	414e5393	srai	x7,x28,0x14	 x28:0x80000800  x7=0xfffff800
       21655000	      2164	800009f4	036d6263	bltu	x26,x22,80000a18	 x26:0x800005a0 x22:0x8000053f
       21665000	      2165	800009f8	01cc1333	sll	x6,x24,x28	 x24:0x00000001 x28:0x80000800  x6=0x00000001
       21675000	      2166	800009fc	b800a193	slti	x3,x1,-1152	  x1:0x80000880  x3=0x00000001
       21685000	      2167	80000a00	00af7263	bgeu	x30,x10,80000a04	 x30:0x8000046c x10:0x00000000
       21695000	      2168	00000000	00000013	addi	x0,x0,0	  x0:0x00000000
       21705000	      2169	80000a00	00000013	addi	x0,x0,0	  x0:0x00000000
       21715000	      2170	80000a04	03241c63	bne	x8,x18,80000a3c	  x8:0x00000000 x18:0x80009fc4
       21725000	      2171	00000000	00000013	addi	x0,x0,0	  x0:0x00000000
       21735000	      2172	80000a38	00000013	addi	x0,x0,0	  x0:0x00000000
       21745000	      2173	80000a3c	41478ab3	sub	x21,x15,x20	 x15:0x80000880 x20:0x07ac0000 x21=0x78540880
       21755000	      2174	80000a40	7b67b213	sltiu	x4,x15,1974	 x15:0x80000880  x4=0x00000000
       21765000	      2175	80000a44	00c2d413	srli	x8,x5,0xc	  x5:0x80009f5c  x8=0x00080009
       21775000	      2176	80000a48	4038d433	sra	x8,x17,x3	 x17:0x80000750  x3:0x00000001  x8=0xc00003a8
       21785000	      2177	80000a4c	00000013	addi	x0,x0,0	  x0:0x00000000
       21795000	      2178	80000a50	23b3ea13	ori	x20,x7,571	  x7:0xfffff800 x20=0xfffffa3b
       21805000	      2179	80000a54	05694063	blt	x18,x22,80000a94	 x18:0x80009fc4 x22:0x8000053f
       21815000	      2180	80000a58	f6fda893	slti	x17,x27,-145	 x27:0x00000054 x17=0x00000000
       21825000	      2181	80000a5c	00df5863	bge	x30,x13,80000a6c	 x30:0x8000046c x13:0x800006a4
       21835000	      2182	80000a60	02de8863	beq	x29,x13,80000a90	 x29:0x0080009f x13:0x800006a4
       21845000	      2183	80000a64	414155b3	sra	x11,x2,x20	  x2:0x00000000 x20:0xfffffa3b x11=0x00000000
       21855000	      2184	80000a68	01b280b3	add	x1,x5,x27	  x5:0x80009f5c x27:0x00000054  x1=0x80009fb0
       21865000	      2185	80000a6c	01995833	srl	x16,x18,x25	 x18:0x80009fc4 x25:0x00000006 x16=0x0200027f
       21875000	      2186	80000a70	150c86b7	lui	x13,0x150c8	 x13=0x150c8000
       21885000	      2187	80000a74	01200e33	add	x28,x0,x18	  x0:0x00000000 x18:0x80009fc4 x28=0x80009fc4
       21895000	      2188	80000a78	01270a63	beq	x14,x18,80000a8c	 x14:0x80009d90 x18:0x80009fc4
       21905000	      2189	80000a7c	31309db7	lui	x27,0x31309	 x27=0x31309000
       21915000	      2190	80000a80	c5923f93	sltiu	x31,x4,-935	  x4:0x00000000 x31=0x00000001
       21925000	      2191	80000a84	014d2733	slt	x14,x26,x20	 x26:0x800005a0 x20:0xfffffa3b x14=0x00000001
       21935000	      2192	80000a88	010f7633	and	x12,x30,x16	 x30:0x8000046c x16:0x0200027f x12=0x0000006c
       21945000	      2193	80000a8c	003224b3	slt	x9,x4,x3	  x4:0x00000000  x3:0x00000001  x9=0x00000001
       21955000	      2194	80000a90	0178da63	bge	x17,x23,80000aa4	 x17:0x00000000 x23:0x80000d07
       21965000	      2195	00000000	00000013	addi	x0,x0,0	  x0:0x00000000
       21975000	      2196	80000aa0	00000013	addi	x0,x0,0	  x0:0x00000000
       21985000	      2197	80000aa4	003d8f33	add	x30,x27,x3	 x27:0x31309000  x3:0x00000001 x30=0x31309001
       21995000	      2198	80000aa8	00da09b3	add	x19,x20,x13	 x20:0xfffffa3b x13:0x150c8000 x19=0x150c7a3b
       22005000	      2199	80000aac	00000013	addi	x0,x0,0	  x0:0x00000000
       22015000	      2200	80000ab0	018ba0b3	slt	x1,x23,x24	 x23:0x80000d07 x24:0x00000001  x1=0x00000001
       22025000	      2201	80000ab4	0080e033	or	x0,x1,x8	  x1:0x00000001  x8:0xc00003a8
       22035000	      2202	80000ab8	33f0ea13	ori	x20,x1,831	  x1:0x00000001 x20=0x0000033f
       22045000	      2203	80000abc	01385793	srli	x15,x16,0x13	 x16:0x0200027f x15=0x00000040
       22055000	      2204	80000ac0	0046f4b3	and	x9,x13,x4	 x13:0x150c8000  x4:0x00000000  x9=0x00000000
       22065000	      2205	80000ac4	6f28abb7	lui	x23,0x6f28a	 x23=0x6f28a000
       22075000	      2206	80000ac8	0dad0c13	addi	x24,x26,218	 x26:0x800005a0 x24=0x8000067a
       22085000	      2207	80000acc	410edf93	srai	x31,x29,0x10	 x29:0x0080009f x31=0x00000080
       22095000	      2208	80000ad0	00dfcb33	xor	x22,x31,x13	 x31:0x00000080 x13:0x150c8000 x22=0x150c8080
       22105000	      2209	80000ad4	010a5733	srl	x14,x20,x16	 x20:0x0000033f x16:0x0200027f x14=0x00000000
       22115000	      2210	80000ad8	27647213	andi	x4,x8,630	  x8:0xc00003a8  x4=0x00000220
       22125000	      2211	80000adc	04f34063	blt	x6,x15,80000b1c	  x6:0x00000001 x15:0x00000040
       22135000	      2212	00000000	00000013	addi	x0,x0,0	  x0:0x00000000
       22145000	      2213	80000b18	00000013	addi	x0,x0,0	  x0:0x00000000
       22155000	      2214	80000b1c	00f77633	and	x12,x14,x15	 x14:0x00000000 x15:0x00000040 x12=0x00000000
       22165000	      2215	80000b20	00000013	addi	x0,x0,0	  x0:0x00000000
       22175000	      2216	80000b24	f20ab793	sltiu	x15,x21,-224	 x21:0x78540880 x15=0x00000001
       22185000	      2217	80000b28	09668663	beq	x13,x22,80000bb4	 x13:0x150c8000 x22:0x150c8080
       22195000	      2218	80000b2c	09497463	bgeu	x18,x20,80000bb4	 x18:0x80009fc4 x20:0x0000033f
       22205000	      2219	00000000	00000013	addi	x0,x0,0	  x0:0x00000000
       22215000	      2220	80000bb0	00000013	addi	x0,x0,0	  x0:0x00000000
       22225000	      2221	80000bb4	861a8893	addi	x17,x21,-1951	 x21:0x78540880 x17=0x785400e1
       22235000	      2222	80000bb8	007956b3	srl	x13,x18,x7	 x18:0x80009fc4  x7:0xfffff800 x13=0x80009fc4
       22245000	      2223	80000bbc	a8458513	addi	x10,x11,-1404	 x11:0x00000000 x10=0xfffffa84
       22255000	      2224	80000bc0	014f8733	add	x14,x31,x20	 x31:0x00000080 x20:0x0000033f x14=0x000003bf
       22265000	      2225	80000bc4	00947863	bgeu	x8,x9,80000bd4	  x8:0xc00003a8  x9:0x00000000
       22275000	      2226	00000000	00000013	addi	x0,x0,0	  x0:0x00000000
       22285000	      2227	80000bd0	00000013	addi	x0,x0,0	  x0:0x00000000
       22295000	      2228	80000bd4	00000013	addi	x0,x0,0	  x0:0x00000000
       22305000	      2229	80000bd8	400dd433	sra	x8,x27,x0	 x27:0x31309000  x0:0x00000000  x8=0x31309000
       22315000	      2230	80000bdc	038d1063	bne	x26,x24,80000bfc	 x26:0x800005a0 x24:0x8000067a
       22325000	      2231	00000000	00000013	addi	x0,x0,0	  x0:0x00000000
       22335000	      2232	80000bf8	00000013	addi	x0,x0,0	  x0:0x00000000
       22345000	      2233	80000bfc	40d45bb3	sra	x23,x8,x13	  x8:0x31309000 x13:0x80009fc4 x23=0x03130900
       22355000	      2234	80000c00	0196d113	srli	x2,x13,0x19	 x13:0x80009fc4  x2=0x00000040
       22365000	      2235	80000c04	b4162013	slti	x0,x12,-1215	 x12:0x00000000
       22375000	      2236	80000c08	736cad17	auipc	x26,0x736ca	 x26=0xf36cac04
       22385000	      2237	80000c0c	001154b3	srl	x9,x2,x1	  x2:0x00000040  x1:0x00000001  x9=0x00000020
       22395000	      2238	80000c10	011bdc13	srli	x24,x23,0x11	 x23:0x03130900 x24=0x00000189
       22405000	      2239	80000c14	09891c63	bne	x18,x24,80000cac	 x18:0x80009fc4 x24:0x00000189
       22415000	      2240	00000000	00000013	addi	x0,x0,0	  x0:0x00000000
       22425000	      2241	80000ca8	00000013	addi	x0,x0,0	  x0:0x00000000
       22435000	      2242	80000cac	002e3233	sltu	x4,x28,x2	 x28:0x80009fc4  x2:0x00000040  x4=0x00000000
       22445000	      2243	80000cb0	95c8f513	andi	x10,x17,-1700	 x17:0x785400e1 x10=0x78540040
       22455000	      2244	80000cb4	0145ca63	blt	x11,x20,80000cc8	 x11:0x00000000 x20:0x0000033f
       22465000	      2245	00000000	00000013	addi	x0,x0,0	  x0:0x00000000
       22475000	      2246	80000cc4	00000013	addi	x0,x0,0	  x0:0x00000000
       22485000	      2247	80000cc8	2abf7893	andi	x17,x30,683	 x30:0x31309001 x17=0x00000001
       22495000	      2248	80000ccc	01dafa33	and	x20,x21,x29	 x21:0x78540880 x29:0x0080009f x20=0x00000080
       22505000	      2249	80000cd0	b263e313	ori	x6,x7,-1242	  x7:0xfffff800  x6=0xfffffb26
       22515000	      2250	80000cd4	0161f3b3	and	x7,x3,x22	  x3:0x00000001 x22:0x150c8080  x7=0x00000000
       22525000	      2251	80000cd8	41a45733	sra	x14,x8,x26	  x8:0x31309000 x26:0xf36cac04 x14=0x03130900
       22535000	      2252	80000cdc	badd7117	auipc	x2,0xbadd7	  x2=0x3add7cd8
       22545000	      2253	80000ce0	0065fa63	bgeu	x11,x6,80000cf4	 x11:0x00000000  x6:0xfffffb26
       22555000	      2254	80000ce4	036bfc63	bgeu	x23,x22,80000d1c	 x23:0x03130900 x22:0x150c8080
       22565000	      2255	80000ce8	64b98f93	addi	x31,x19,1611	 x19:0x150c7a3b x31=0x150c8086
       22575000	      2256	80000cec	74f9b013	sltiu	x0,x19,1871	 x19:0x150c7a3b
       22585000	      2257	80000cf0	6bcb6393	ori	x7,x22,1724	 x22:0x150c8080  x7=0x150c86bc
       22595000	      2258	80000cf4	009ad193	srli	x3,x21,0x9	 x21:0x78540880  x3=0x003c2a04
       22605000	      2259	80000cf8	05a61263	bne	x12,x26,80000d3c	 x12:0x00000000 x26:0xf36cac04
       22615000	      2260	00000000	00000013	addi	x0,x0,0	  x0:0x00000000
       22625000	      2261	80000d38	00000013	addi	x0,x0,0	  x0:0x00000000
       22635000	      2262	80000d3c	00033ab3	sltu	x21,x6,x0	  x6:0xfffffb26  x0:0x00000000 x21=0x00000000
       22645000	      2263	80000d40	00608833	add	x16,x1,x6	  x1:0x00000001  x6:0xfffffb26 x16=0xfffffb27
       22655000	      2264	80000d44	1f637213	andi	x4,x6,502	  x6:0xfffffb26  x4=0x00000126
       22665000	      2265	80000d48	0037da63	bge	x15,x3,80000d5c	 x15:0x00000001  x3:0x003c2a04
       22675000	      2266	80000d4c	41f30733	sub	x14,x6,x31	  x6:0xfffffb26 x31:0x150c8086 x14=0xeaf37aa0
       22685000	      2267	80000d50	41660433	sub	x8,x12,x22	 x12:0x00000000 x22:0x150c8080  x8=0xeaf37f80
       22695000	      2268	80000d54	00706733	or	x14,x0,x7	  x0:0x00000000  x7:0x150c86bc x14=0x150c86bc
       22705000	      2269	80000d58	40b18033	sub	x0,x3,x11	  x3:0x003c2a04 x11:0x00000000
       22715000	      2270	80000d5c	01b58263	beq	x11,x27,80000d60	 x11:0x00000000 x27:0x31309000
       22725000	      2271	80000d60	405cbc37	lui	x24,0x405cb	 x24=0x405cb000
       22735000	      2272	80000d64	00000013	addi	x0,x0,0	  x0:0x00000000
       22745000	      2273	80000d68	046e8063	beq	x29,x6,80000da8	 x29:0x0080009f  x6:0xfffffb26
       22755000	      2274	80000d6c	00feb433	sltu	x8,x29,x15	 x29:0x0080009f x15:0x00000001  x8=0x00000000
       22765000	      2275	80000d70	01de8db3	add	x27,x29,x29	 x29:0x0080009f x29:0x0080009f x27=0x0100013e
       22775000	      2276	80000d74	e9fafd93	andi	x27,x21,-353	 x21:0x00000000 x27=0x00000000
       22785000	      2277	80000d78	01d54263	blt	x10,x29,80000d7c	 x10:0x78540040 x29:0x0080009f
       22795000	      2278	80000d7c	006ab5b3	sltu	x11,x21,x6	 x21:0x00000000  x6:0xfffffb26 x11=0x00000001
       22805000	      2279	80000d80	2a6fa613	slti	x12,x31,678	 x31:0x150c8086 x12=0x00000000
       22815000	      2280	80000d84	b467e493	ori	x9,x15,-1210	 x15:0x00000001  x9=0xfffffb47
       22825000	      2281	80000d88	ee874e13	xori	x28,x14,-280	 x14:0x150c86bc x28=0xeaf37854
       22835000	      2282	80000d8c	41bf5193	srai	x3,x30,0x1b	 x30:0x31309001  x3=0x00000006
       22845000	      2283	80000d90	053a7063	bgeu	x20,x19,80000dd0	 x20:0x00000080 x19:0x150c7a3b
       22855000	      2284	80000d94	fb524193	xori	x3,x4,-75	  x4:0x00000126  x3=0xfffffe93
       22865000	      2285	80000d98	001e5093	srli	x1,x28,0x1	 x28:0xeaf37854  x1=0x7579bc2a
       22875000	      2286	80000d9c	41addb33	sra	x22,x27,x26	 x27:0x00000000 x26:0xf36cac04 x22=0x00000000
       22885000	      2287	80000da0	412fd813	srai	x16,x31,0x12	 x31:0x150c8086 x16=0x00000543
       22895000	      2288	80000da4	00132ab3	slt	x21,x6,x1	  x6:0xfffffb26  x1:0x7579bc2a x21=0x00000001
       22905000	      2289	80000da8	5bc4b437	lui	x8,0x5bc4b	  x8=0x5bc4b000
       22915000	      2290	80000dac	40075d93	srai	x27,x14,0x0	 x14:0x150c86bc x27=0x150c86bc
       22925000	      2291	80000db0	ba346317	auipc	x6,0xba346	  x6=0x3a346dac
       22935000	      2292	80000db4	a993f793	andi	x15,x7,-1383	  x7:0x150c86bc x15=0x150c8298
       22945000	      2293	80000db8	01ce1313	slli	x6,x28,0x1c	 x28:0xeaf37854  x6=0x40000000
       22955000	      2294	80000dbc	fbc93513	sltiu	x10,x18,-68	 x18:0x80009fc4 x10=0x00000001
       22965000	      2295	80000dc0	12c1cf93	xori	x31,x3,300	  x3:0xfffffe93 x31=0xffffffbf
       22975000	      2296	80000dc4	012d5513	srli	x10,x26,0x12	 x26:0xf36cac04 x10=0x00003cdb
       22985000	      2297	80000dc8	0d1e4797	auipc	x15,0xd1e4	 x15=0x8d1e4dc4
       22995000	      2298	80000dcc	e861cc13	xori	x24,x3,-378	  x3:0xfffffe93 x24=0x00000015
       23005000	      2299	80000dd0	01cad213	srli	x4,x21,0x1c	 x21:0x00000001  x4=0x00000000
       23015000	      2300	80000dd4	0062f8b3	and	x17,x5,x6	  x5:0x80009f5c  x6:0x40000000 x17=0x00000000
       23025000	      2301	80000dd8	00c59e63	bne	x11,x12,80000df4	 x11:0x00000001 x12:0x00000000
       23035000	      2302	00000000	00000013	addi	x0,x0,0	  x0:0x00000000
       23045000	      2303	80000df0	00000013	addi	x0,x0,0	  x0:0x00000000
       23055000	      2304	80000df4	01264a63	blt	x12,x18,80000e08	 x12:0x00000000 x18:0x80009fc4
       23065000	      2305	80000df8	00ffc833	xor	x16,x31,x15	 x31:0xffffffbf x15:0x8d1e4dc4 x16=0x72e1b27b
       23075000	      2306	80000dfc	d7760397	auipc	x7,0xd7760	  x7=0x57760df8
       23085000	      2307	80000e00	0346d063	bge	x13,x20,80000e20	 x13:0x80009fc4 x20:0x00000080
       23095000	      2308	80000e04	059f7263	bgeu	x30,x25,80000e48	 x30:0x31309001 x25:0x00000006
       23105000	      2309	00000000	00000013	addi	x0,x0,0	  x0:0x00000000
       23115000	      2310	80000e44	00000013	addi	x0,x0,0	  x0:0x00000000
       23125000	      2311	80000e48	00ca4463	blt	x20,x12,80000e50	 x20:0x00000080 x12:0x00000000
       23135000	      2312	80000e4c	00000013	addi	x0,x0,0	  x0:0x00000000
       23145000	      2313	80000e50	0152d5b3	srl	x11,x5,x21	  x5:0x80009f5c x21:0x00000001 x11=0x40004fae
       23155000	      2314	80000e54	05f7d263	bge	x15,x31,80000e98	 x15:0x8d1e4dc4 x31:0xffffffbf
       23165000	      2315	80000e58	01ff5313	srli	x6,x30,0x1f	 x30:0x31309001  x6=0x00000000
       23175000	      2316	80000e5c	22b06e93	ori	x29,x0,555	  x0:0x00000000 x29=0x0000022b
       23185000	      2317	80000e60	00dc48b3	xor	x17,x24,x13	 x24:0x00000015 x13:0x80009fc4 x17=0x80009fd1
       23195000	      2318	80000e64	405105b3	sub	x11,x2,x5	  x2:0x3add7cd8  x5:0x80009f5c x11=0xbadcdd7c
       23205000	      2319	80000e68	0049f133	and	x2,x19,x4	 x19:0x150c7a3b  x4:0x00000000  x2=0x00000000
       23215000	      2320	80000e6c	01b0ee33	or	x28,x1,x27	  x1:0x7579bc2a x27:0x150c86bc x28=0x757dbebe
       23225000	      2321	80000e70	419a5013	srai	x0,x20,0x19	 x20:0x00000080
       23235000	      2322	80000e74	016f1633	sll	x12,x30,x22	 x30:0x31309001 x22:0x00000000 x12=0x31309001
       23245000	      2323	80000e78	40055e93	srai	x29,x10,0x0	 x10:0x00003cdb x29=0x00003cdb
       23255000	      2324	80000e7c	01477a33	and	x20,x14,x20	 x14:0x150c86bc x20:0x00000080 x20=0x00000080
       23265000	      2325	80000e80	012bd633	srl	x12,x23,x18	 x23:0x03130900 x18:0x80009fc4 x12=0x00313090
       23275000	      2326	80000e84	0029abb3	slt	x23,x19,x2	 x19:0x150c7a3b  x2:0x00000000 x23=0x00000000
       23285000	      2327	80000e88	00000013	addi	x0,x0,0	  x0:0x00000000
       23295000	      2328	80000e8c	01521e13	slli	x28,x4,0x15	  x4:0x00000000 x28=0x00000000
       23305000	      2329	80000e90	40765633	sra	x12,x12,x7	 x12:0x00313090  x7:0x57760df8 x12=0x00000000
       23315000	      2330	80000e94	43ef7493	andi	x9,x30,1086	 x30:0x31309001  x9=0x00000000
       23325000	      2331	80000e98	ad236593	ori	x11,x6,-1326	  x6:0x00000000 x11=0xfffffad2
       23335000	      2332	80000e9c	014a2d33	slt	x26,x20,x20	 x20:0x00000080 x20:0x00000080 x26=0x00000000
       23345000	      2333	80000ea0	03a54063	blt	x10,x26,80000ec0	 x10:0x00003cdb x26:0x00000000
       23355000	      2334	80000ea4	5be07a13	andi	x20,x0,1470	  x0:0x00000000 x20=0x00000000
       23365000	      2335	80000ea8	03945863	bge	x8,x25,80000ed8	  x8:0x5bc4b000 x25:0x00000006
       23375000	      2336	00000000	00000013	addi	x0,x0,0	  x0:0x00000000
       23385000	      2337	80000ed4	00000013	addi	x0,x0,0	  x0:0x00000000
       23395000	      2338	80000ed8	cf3c3713	sltiu	x14,x24,-781	 x24:0x00000015 x14=0x00000001
       23405000	      2339	80000edc	04946863	bltu	x8,x9,80000f2c	  x8:0x5bc4b000  x9:0x00000000
       23415000	      2340	80000ee0	41810a33	sub	x20,x2,x24	  x2:0x00000000 x24:0x00000015 x20=0xffffffeb
       23425000	      2341	80000ee4	8ddaaf13	slti	x30,x21,-1827	 x21:0x00000001 x30=0x00000000
       23435000	      2342	80000ee8	04214063	blt	x2,x2,80000f28	  x2:0x00000000  x2:0x00000000
       23445000	      2343	80000eec	01c44c33	xor	x24,x8,x28	  x8:0x5bc4b000 x28:0x00000000 x24=0x5bc4b000
       23455000	      2344	80000ef0	c18afa93	andi	x21,x21,-1000	 x21:0x00000001 x21=0x00000000
       23465000	      2345	80000ef4	01459093	slli	x1,x11,0x14	 x11:0xfffffad2  x1=0xad200000
       23475000	      2346	80000ef8	05b7d463	bge	x15,x27,80000f40	 x15:0x8d1e4dc4 x27:0x150c86bc
       23485000	      2347	80000efc	01f8d4b3	srl	x9,x17,x31	 x17:0x80009fd1 x31:0xffffffbf  x9=0x00000001
       23495000	      2348	80000f00	004d78b3	and	x17,x26,x4	 x26:0x00000000  x4:0x00000000 x17=0x00000000
       23505000	      2349	80000f04	c90b77b7	lui	x15,0xc90b7	 x15=0xc90b7000
       23515000	      2350	80000f08	b155eab7	lui	x21,0xb155e	 x21=0xb155e000
       23525000	      2351	80000f0c	00000013	addi	x0,x0,0	  x0:0x00000000
       23535000	      2352	80000f10	04818663	beq	x3,x8,80000f5c	  x3:0xfffffe93  x8:0x5bc4b000
       23545000	      2353	80000f14	c8be0c13	addi	x24,x28,-885	 x28:0x00000000 x24=0xfffffc8b
       23555000	      2354	80000f18	00db8ab3	add	x21,x23,x13	 x23:0x00000000 x13:0x80009fc4 x21=0x80009fc4
       23565000	      2355	80000f1c	00189333	sll	x6,x17,x1	 x17:0x00000000  x1:0xad200000  x6=0x00000000
       23575000	      2356	80000f20	c8dff237	lui	x4,0xc8dff	  x4=0xc8dff000
       23585000	      2357	80000f24	012c5213	srli	x4,x24,0x12	 x24:0xfffffc8b  x4=0x00003fff
       23595000	      2358	80000f28	40338833	sub	x16,x7,x3	  x7:0x57760df8  x3:0xfffffe93 x16=0x57760f65
       23605000	      2359	80000f2c	00000013	addi	x0,x0,0	  x0:0x00000000
       23615000	      2360	80000f30	008645b3	xor	x11,x12,x8	 x12:0x00000000  x8:0x5bc4b000 x11=0x5bc4b000
       23625000	      2361	80000f34	403ed793	srai	x15,x29,0x3	 x29:0x00003cdb x15=0x0000079b
       23635000	      2362	80000f38	012f4a63	blt	x30,x18,80000f4c	 x30:0x00000000 x18:0x80009fc4
       23645000	      2363	80000f3c	018c2013	slti	x0,x24,24	 x24:0xfffffc8b
       23655000	      2364	80000f40	41cc5f13	srai	x30,x24,0x1c	 x24:0xfffffc8b x30=0xffffffff
       23665000	      2365	80000f44	01feebb3	or	x23,x29,x31	 x29:0x00003cdb x31:0xffffffbf x23=0xffffffff
       23675000	      2366	80000f48	01ed5693	srli	x13,x26,0x1e	 x26:0x00000000 x13=0x00000000
       23685000	      2367	80000f4c	01711db3	sll	x27,x2,x23	  x2:0x00000000 x23:0xffffffff x27=0x00000000
       23695000	      2368	80000f50	05227063	bgeu	x4,x18,80000f90	  x4:0x00003fff x18:0x80009fc4
       23705000	      2369	80000f54	725e8e93	addi	x29,x29,1829	 x29:0x00003cdb x29=0x00004400
       23715000	      2370	80000f58	4040d013	srai	x0,x1,0x4	  x1:0xad200000
       23725000	      2371	80000f5c	412f56b3	sra	x13,x30,x18	 x30:0xffffffff x18:0x80009fc4 x13=0xffffffff
       23735000	      2372	80000f60	003ed593	srli	x11,x29,0x3	 x29:0x00004400 x11=0x00000880
       23745000	      2373	80000f64	03d74663	blt	x14,x29,80000f90	 x14:0x00000001 x29:0x00004400
       23755000	      2374	00000000	00000013	addi	x0,x0,0	  x0:0x00000000
       23765000	      2375	80000f8c	00000013	addi	x0,x0,0	  x0:0x00000000
       23775000	      2376	80000f90	012fda63	bge	x31,x18,80000fa4	 x31:0xffffffbf x18:0x80009fc4
       23785000	      2377	00000000	00000013	addi	x0,x0,0	  x0:0x00000000
       23795000	      2378	80000fa0	00000013	addi	x0,x0,0	  x0:0x00000000
       23805000	      2379	80000fa4	fc336097	auipc	x1,0xfc336	  x1=0x7c336fa0
       23815000	      2380	80000fa8	01504663	blt	x0,x21,80000fb4	  x0:0x00000000 x21:0x80009fc4
       23825000	      2381	80000fac	004a2ab3	slt	x21,x20,x4	 x20:0xffffffeb  x4:0x00003fff x21=0x00000001
       23835000	      2382	80000fb0	30cc7a13	andi	x20,x24,780	 x24:0xfffffc8b x20=0x00000008
       23845000	      2383	80000fb4	015435b3	sltu	x11,x8,x21	  x8:0x5bc4b000 x21:0x00000001 x11=0x00000000
       23855000	      2384	80000fb8	01af5a63	bge	x30,x26,80000fcc	 x30:0xffffffff x26:0x00000000
       23865000	      2385	80000fbc	01631413	slli	x8,x6,0x16	  x6:0x00000000  x8=0x00000000
       23875000	      2386	80000fc0	4096d4b3	sra	x9,x13,x9	 x13:0xffffffff  x9:0x00000001  x9=0xffffffff
       23885000	      2387	80000fc4	01ec1c33	sll	x24,x24,x30	 x24:0xfffffc8b x30:0xffffffff x24=0x80000000
       23895000	      2388	80000fc8	032cec63	bltu	x25,x18,80001000	 x25:0x00000006 x18:0x80009fc4
       23905000	      2389	00000000	00000013	addi	x0,x0,0	  x0:0x00000000
       23915000	      2390	80000ffc	00000013	addi	x0,x0,0	  x0:0x00000000
       23925000	      2391	80001000	04c70063	beq	x14,x12,80001040	 x14:0x00000001 x12:0x00000000
       23935000	      2392	80001004	02cb1263	bne	x22,x12,80001028	 x22:0x00000000 x12:0x00000000
       23945000	      2393	80001008	a4500897	auipc	x17,0xa4500	 x17=0x24501004
       23955000	      2394	8000100c	01db37b3	sltu	x15,x22,x29	 x22:0x00000000 x29:0x00004400 x15=0x00000001
       23965000	      2395	80001010	5473e793	ori	x15,x7,1351	  x7:0x57760df8 x15=0x57760dff
       23975000	      2396	80001014	00d1c233	xor	x4,x3,x13	  x3:0xfffffe93 x13:0xffffffff  x4=0x0000016c
       23985000	      2397	80001018	09acc863	blt	x25,x26,800010a8	 x25:0x00000006 x26:0x00000000
       23995000	      2398	8000101c	00d16863	bltu	x2,x13,8000102c	  x2:0x00000000 x13:0xffffffff
       24005000	      2399	00000000	00000013	addi	x0,x0,0	  x0:0x00000000
       24015000	      2400	80001028	00000013	addi	x0,x0,0	  x0:0x00000000
       24025000	      2401	8000102c	0082abb3	slt	x23,x5,x8	  x5:0x80009f5c  x8:0x00000000 x23=0x00000001
       24035000	      2402	80001030	c277c993	xori	x19,x15,-985	 x15:0x57760dff x19=0xa889f1d8
       24045000	      2403	80001034	00000013	addi	x0,x0,0	  x0:0x00000000
       24055000	      2404	80001038	01191113	slli	x2,x18,0x11	 x18:0x80009fc4  x2=0x3f880000
       24065000	      2405	8000103c	07521663	bne	x4,x21,800010a8	  x4:0x0000016c x21:0x00000001
       24075000	      2406	00000000	00000013	addi	x0,x0,0	  x0:0x00000000
       24085000	      2407	800010a4	00000013	addi	x0,x0,0	  x0:0x00000000
       24095000	      2408	800010a8	00ebdf13	srli	x30,x23,0xe	 x23:0x00000001 x30=0x00000000
       24105000	      2409	800010ac	412409b3	sub	x19,x8,x18	  x8:0x00000000 x18:0x80009fc4 x19=0x7fff603c
       24115000	      2410	800010b0	0277c063	blt	x15,x7,800010d0	 x15:0x57760dff  x7:0x57760df8
       24125000	      2411	800010b4	0129d733	srl	x14,x19,x18	 x19:0x7fff603c x18:0x80009fc4 x14=0x07fff603
       24135000	      2412	800010b8	50576e93	ori	x29,x14,1285	 x14:0x07fff603 x29=0x07fff707
       24145000	      2413	800010bc	00cfd733	srl	x14,x31,x12	 x31:0xffffffbf x12:0x00000000 x14=0xffffffbf
       24155000	      2414	800010c0	88636193	ori	x3,x6,-1914	  x6:0x00000000  x3=0xfffff886
       24165000	      2415	800010c4	f732ae13	slti	x28,x5,-141	  x5:0x80009f5c x28=0x00000001
       24175000	      2416	800010c8	0d05a313	slti	x6,x11,208	 x11:0x00000000  x6=0x00000001
       24185000	      2417	800010cc	c2076513	ori	x10,x14,-992	 x14:0xffffffbf x10=0xffffffbf
       24195000	      2418	800010d0	9185e693	ori	x13,x11,-1768	 x11:0x00000000 x13=0xfffff918
       24205000	      2419	800010d4	00805613	srli	x12,x0,0x8	  x0:0x00000000 x12=0x00000000
       24215000	      2420	800010d8	0158f863	bgeu	x17,x21,800010e8	 x17:0x24501004 x21:0x00000001
       24225000	      2421	00000000	00000013	addi	x0,x0,0	  x0:0x00000000
       24235000	      2422	800010e4	00000013	addi	x0,x0,0	  x0:0x00000000
       24245000	      2423	800010e8	4149d993	srai	x19,x19,0x14	 x19:0x7fff603c x19=0x000007ff
       24255000	      2424	800010ec	00c87863	bgeu	x16,x12,800010fc	 x16:0x57760f65 x12:0x00000000
       24265000	      2425	00000000	00000013	addi	x0,x0,0	  x0:0x00000000
       24275000	      2426	800010f8	00000013	addi	x0,x0,0	  x0:0x00000000
       24285000	      2427	800010fc	015f55b3	srl	x11,x30,x21	 x30:0x00000000 x21:0x00000001 x11=0x00000000
       24295000	      2428	80001100	006aad33	slt	x26,x21,x6	 x21:0x00000001  x6:0x00000001 x26=0x00000000
       24305000	      2429	80001104	01941db3	sll	x27,x8,x25	  x8:0x00000000 x25:0x00000006 x27=0x00000000
       24315000	      2430	80001108	41355993	srai	x19,x10,0x13	 x10:0xffffffbf x19=0xffffffff
       24325000	      2431	8000110c	40920b33	sub	x22,x4,x9	  x4:0x0000016c  x9:0xffffffff x22=0x0000016d
       24335000	      2432	80001110	0187fab3	and	x21,x15,x24	 x15:0x57760dff x24:0x80000000 x21=0x00000000
       24345000	      2433	80001114	0090dd33	srl	x26,x1,x9	  x1:0x7c336fa0  x9:0xffffffff x26=0x00000000
       24355000	      2434	80001118	0015e633	or	x12,x11,x1	 x11:0x00000000  x1:0x7c336fa0 x12=0x7c336fa0
       24365000	      2435	8000111c	41935613	srai	x12,x6,0x19	  x6:0x00000001 x12=0x00000000
       24375000	      2436	80001120	41e48d33	sub	x26,x9,x30	  x9:0xffffffff x30:0x00000000 x26=0xffffffff
       24385000	      2437	80001124	011429b3	slt	x19,x8,x17	  x8:0x00000000 x17:0x24501004 x19=0x00000001
       24395000	      2438	80001128	01ba15b3	sll	x11,x20,x27	 x20:0x00000008 x27:0x00000000 x11=0x00000008
       24405000	      2439	8000112c	00000013	addi	x0,x0,0	  x0:0x00000000
       24415000	      2440	80001130	c2ec7a93	andi	x21,x24,-978	 x24:0x80000000 x21=0x80000000
       24425000	      2441	80001134	00d09d93	slli	x27,x1,0xd	  x1:0x7c336fa0 x27=0x6df40000
       24435000	      2442	80001138	ac6eab93	slti	x23,x29,-1338	 x29:0x07fff707 x23=0x00000000
       24445000	      2443	8000113c	0172a9b3	slt	x19,x5,x23	  x5:0x80009f5c x23:0x00000000 x19=0x00000001
       24455000	      2444	80001140	01994a63	blt	x18,x25,80001154	 x18:0x80009fc4 x25:0x00000006
       24465000	      2445	00000000	00000013	addi	x0,x0,0	  x0:0x00000000
       24475000	      2446	80001150	00000013	addi	x0,x0,0	  x0:0x00000000
       24485000	      2447	80001154	050ef063	bgeu	x29,x16,80001194	 x29:0x07fff707 x16:0x57760f65
       24495000	      2448	80001158	004f4133	xor	x2,x30,x4	 x30:0x00000000  x4:0x0000016c  x2=0x0000016c
       24505000	      2449	8000115c	004dc0b3	xor	x1,x27,x4	 x27:0x6df40000  x4:0x0000016c  x1=0x6df4016c
       24515000	      2450	80001160	729bbf93	sltiu	x31,x23,1833	 x23:0x00000000 x31=0x00000001
       24525000	      2451	80001164	01566a63	bltu	x12,x21,80001178	 x12:0x00000000 x21:0x80000000
       24535000	      2452	00000000	00000013	addi	x0,x0,0	  x0:0x00000000
       24545000	      2453	80001174	00000013	addi	x0,x0,0	  x0:0x00000000
       24555000	      2454	80001178	00b51a13	slli	x20,x10,0xb	 x10:0xffffffbf x20=0xfffdf800
       24565000	      2455	8000117c	626f8e93	addi	x29,x31,1574	 x31:0x00000001 x29=0x00000627
       24575000	      2456	80001180	011b4ab3	xor	x21,x22,x17	 x22:0x0000016d x17:0x24501004 x21=0x24501169
       24585000	      2457	80001184	01e1e733	or	x14,x3,x30	  x3:0xfffff886 x30:0x00000000 x14=0xfffff886
       24595000	      2458	80001188	41a48ab3	sub	x21,x9,x26	  x9:0xffffffff x26:0xffffffff x21=0x00000000
       24605000	      2459	8000118c	07f88463	beq	x17,x31,800011f4	 x17:0x24501004 x31:0x00000001
       24615000	      2460	80001190	40ec5d33	sra	x26,x24,x14	 x24:0x80000000 x14:0xfffff886 x26=0xfe000000
       24625000	      2461	80001194	ea76b1b7	lui	x3,0xea76b	  x3=0xea76b000
       24635000	      2462	80001198	00424a33	xor	x20,x4,x4	  x4:0x0000016c  x4:0x0000016c x20=0x00000000
       24645000	      2463	8000119c	016befb3	or	x31,x23,x22	 x23:0x00000000 x22:0x0000016d x31=0x0000016d
       24655000	      2464	800011a0	00001697	auipc	x13,0x1	 x13=0x8000219c
       24665000	      2465	800011a4	70468693	addi	x13,x13,1796	 x13:0x8000219c x13=0x800028a0
       24675000	      2466	800011a8	019e25b3	slt	x11,x28,x25	 x28:0x00000001 x25:0x00000006 x11=0x00000001
       24685000	      2467	800011ac	08068693	addi	x13,x13,128	 x13:0x800028a0 x13=0x80002920
       24695000	      2468	800011b0	fb654613	xori	x12,x10,-74	 x10:0xffffffbf x12=0x00000009
       24705000	      2469	800011b4	413f5113	srai	x2,x30,0x13	 x30:0x00000000  x2=0x00000000
       24715000	      2470	800011b8	8ab7c113	xori	x2,x15,-1877	 x15:0x57760dff  x2=0xa889f554
       24725000	      2471	800011bc	00927a63	bgeu	x4,x9,800011d0	  x4:0x0000016c  x9:0xffffffff
       24735000	      2472	800011c0	8acdf413	andi	x8,x27,-1876	 x27:0x6df40000  x8=0x6df40000
       24745000	      2473	800011c4	ea374793	xori	x15,x14,-349	 x14:0xfffff886 x15=0x00000625
       24755000	      2474	800011c8	01d1a233	slt	x4,x3,x29	  x3:0xea76b000 x29:0x00000627  x4=0x00000001
       24765000	      2475	800011cc	40e889b3	sub	x19,x17,x14	 x17:0x24501004 x14:0xfffff886 x19=0x2450177e
       24775000	      2476	800011d0	f8168f67	jalr	x30,x13,-127	 x13:0x80002920 x30=0x800011d0
       24785000	      2477	00000000	00000013	addi	x0,x0,0	  x0:0x00000000
       24795000	      2478	800028a0	00000013	addi	x0,x0,0	  x0:0x00000000
       24805000	      2479	800028a4	00f56463	bltu	x10,x15,800028ac	 x10:0xffffffbf x15:0x00000625
       24815000	      2480	800028a8	014ba833	slt	x16,x23,x20	 x23:0x00000000 x20:0x00000000 x16=0x00000000
       24825000	      2481	800028ac	fd028293	addi	x5,x5,-48	  x5:0x80009f5c  x5=0x80009f2c
       24835000	      2482	800028b0	00ec7633	and	x12,x24,x14	 x24:0x80000000 x14:0xfffff886 x12=0x80000000
       24845000	      2483	800028b4	4e0cd9b7	lui	x19,0x4e0cd	 x19=0x4e0cd000
       24855000	      2484	800028b8	002c36b3	sltu	x13,x24,x2	 x24:0x80000000  x2:0xa889f554 x13=0x00000001
       24865000	      2485	800028bc	01e2a223	sw	x30,4(x5)	  x5:0x80009f2c x30:0x800011d0 PA:0x80009f30
       24875000	      2486	800028c0	00000013	addi	x0,x0,0	  x0:0x00000000
       24885000	      2487	800028c4	00737c33	and	x24,x6,x7	  x6:0x00000001  x7:0x57760df8 x24=0x00000000
       24895000	      2488	800028c8	01000f6f	jal	x30,800028c8	 x30=0x800028c8
       24905000	      2489	00000000	00000013	addi	x0,x0,0	  x0:0x00000000
       24915000	      2490	800028d4	00000013	addi	x0,x0,0	  x0:0x00000000
       24925000	      2491	800028d8	00800bef	jal	x23,800028d8	 x23=0x800028d8
       24935000	      2492	00000000	00000013	addi	x0,x0,0	  x0:0x00000000
       24945000	      2493	800028dc	00000013	addi	x0,x0,0	  x0:0x00000000
       24955000	      2494	800028e0	018000ef	jal	x1,800028e0	  x1=0x800028e0
       24965000	      2495	00000000	00000013	addi	x0,x0,0	  x0:0x00000000
       24975000	      2496	800028f4	00000013	addi	x0,x0,0	  x0:0x00000000
       24985000	      2497	800028f8	004000ef	jal	x1,800028f8	  x1=0x800028f8
       24995000	      2498	00000000	00000013	addi	x0,x0,0	  x0:0x00000000
       25005000	      2499	800028f8	00000013	addi	x0,x0,0	  x0:0x00000000
       25015000	      2500	800028fc	ff1ff36f	jal	x6,800028fc	  x6=0x800028fc
       25025000	      2501	00000000	00000013	addi	x0,x0,0	  x0:0x00000000
       25035000	      2502	800028e8	00000013	addi	x0,x0,0	  x0:0x00000000
       25045000	      2503	800028ec	ff9ff46f	jal	x8,800028ec	  x8=0x800028ec
       25055000	      2504	00000000	00000013	addi	x0,x0,0	  x0:0x00000000
       25065000	      2505	800028e0	00000013	addi	x0,x0,0	  x0:0x00000000
       25075000	      2506	800028e4	ff1ff0ef	jal	x1,800028e4	  x1=0x800028e4
       25085000	      2507	00000000	00000013	addi	x0,x0,0	  x0:0x00000000
       25095000	      2508	800028d0	00000013	addi	x0,x0,0	  x0:0x00000000
       25105000	      2509	800028d4	ffdff0ef	jal	x1,800028d4	  x1=0x800028d4
       25115000	      2510	00000000	00000013	addi	x0,x0,0	  x0:0x00000000
       25125000	      2511	800028cc	00000013	addi	x0,x0,0	  x0:0x00000000
       25135000	      2512	800028d0	018000ef	jal	x1,800028d0	  x1=0x800028d0
       25145000	      2513	00000000	00000013	addi	x0,x0,0	  x0:0x00000000
       25155000	      2514	800028e4	00000013	addi	x0,x0,0	  x0:0x00000000
       25165000	      2515	800028e8	ff5ff0ef	jal	x1,800028e8	  x1=0x800028e8
       25175000	      2516	00000000	00000013	addi	x0,x0,0	  x0:0x00000000
       25185000	      2517	800028d8	00000013	addi	x0,x0,0	  x0:0x00000000
       25195000	      2518	800028dc	018008ef	jal	x17,800028dc	 x17=0x800028dc
       25205000	      2519	00000000	00000013	addi	x0,x0,0	  x0:0x00000000
       25215000	      2520	800028f0	00000013	addi	x0,x0,0	  x0:0x00000000
       25225000	      2521	800028f4	ffdff36f	jal	x6,800028f4	  x6=0x800028f4
       25235000	      2522	00000000	00000013	addi	x0,x0,0	  x0:0x00000000
       25245000	      2523	800028ec	00000013	addi	x0,x0,0	  x0:0x00000000
       25255000	      2524	800028f0	fddff36f	jal	x6,800028f0	  x6=0x800028f0
       25265000	      2525	00000000	00000013	addi	x0,x0,0	  x0:0x00000000
       25275000	      2526	800028c8	00000013	addi	x0,x0,0	  x0:0x00000000
       25285000	      2527	800028cc	03400d6f	jal	x26,800028cc	 x26=0x800028cc
       25295000	      2528	00000000	00000013	addi	x0,x0,0	  x0:0x00000000
       25305000	      2529	800028fc	00000013	addi	x0,x0,0	  x0:0x00000000
       25315000	      2530	80002900	eac77b93	andi	x23,x14,-340	 x14:0xfffff886 x23=0xfffff884
       25325000	      2531	80002904	01800f6f	jal	x30,80002904	 x30=0x80002904
       25335000	      2532	00000000	00000013	addi	x0,x0,0	  x0:0x00000000
       25345000	      2533	80002918	00000013	addi	x0,x0,0	  x0:0x00000000
       25355000	      2534	8000291c	ffdff0ef	jal	x1,8000291c	  x1=0x8000291c
       25365000	      2535	00000000	00000013	addi	x0,x0,0	  x0:0x00000000
       25375000	      2536	80002914	00000013	addi	x0,x0,0	  x0:0x00000000
       25385000	      2537	80002918	0100036f	jal	x6,80002918	  x6=0x80002918
       25395000	      2538	00000000	00000013	addi	x0,x0,0	  x0:0x00000000
       25405000	      2539	80002924	00000013	addi	x0,x0,0	  x0:0x00000000
       25415000	      2540	80002928	fedff16f	jal	x2,80002928	  x2=0x80002928
       25425000	      2541	00000000	00000013	addi	x0,x0,0	  x0:0x00000000
       25435000	      2542	80002910	00000013	addi	x0,x0,0	  x0:0x00000000
       25445000	      2543	80002914	ffdff6ef	jal	x13,80002914	 x13=0x80002914
       25455000	      2544	00000000	00000013	addi	x0,x0,0	  x0:0x00000000
       25465000	      2545	8000290c	00000013	addi	x0,x0,0	  x0:0x00000000
       25475000	      2546	80002910	01c000ef	jal	x1,80002910	  x1=0x80002910
       25485000	      2547	00000000	00000013	addi	x0,x0,0	  x0:0x00000000
       25495000	      2548	80002928	00000013	addi	x0,x0,0	  x0:0x00000000
       25505000	      2549	8000292c	fddff0ef	jal	x1,8000292c	  x1=0x8000292c
       25515000	      2550	00000000	00000013	addi	x0,x0,0	  x0:0x00000000
       25525000	      2551	80002904	00000013	addi	x0,x0,0	  x0:0x00000000
       25535000	      2552	80002908	004006ef	jal	x13,80002908	 x13=0x80002908
       25545000	      2553	00000000	00000013	addi	x0,x0,0	  x0:0x00000000
       25555000	      2554	80002908	00000013	addi	x0,x0,0	  x0:0x00000000
       25565000	      2555	8000290c	014000ef	jal	x1,8000290c	  x1=0x8000290c
       25575000	      2556	00000000	00000013	addi	x0,x0,0	  x0:0x00000000
       25585000	      2557	8000291c	00000013	addi	x0,x0,0	  x0:0x00000000
       25595000	      2558	80002920	00400def	jal	x27,80002920	 x27=0x80002920
       25605000	      2559	00000000	00000013	addi	x0,x0,0	  x0:0x00000000
       25615000	      2560	80002920	00000013	addi	x0,x0,0	  x0:0x00000000
       25625000	      2561	80002924	00c000ef	jal	x1,80002924	  x1=0x80002924
       25635000	      2562	00000000	00000013	addi	x0,x0,0	  x0:0x00000000
       25645000	      2563	8000292c	00000013	addi	x0,x0,0	  x0:0x00000000
       25655000	      2564	80002930	57306213	ori	x4,x0,1395	  x0:0x00000000  x4=0x00000573
       25665000	      2565	80002934	02000f6f	jal	x30,80002934	 x30=0x80002934
       25675000	      2566	00000000	00000013	addi	x0,x0,0	  x0:0x00000000
       25685000	      2567	80002950	00000013	addi	x0,x0,0	  x0:0x00000000
       25695000	      2568	80002954	fe9ff1ef	jal	x3,80002954	  x3=0x80002954
       25705000	      2569	00000000	00000013	addi	x0,x0,0	  x0:0x00000000
       25715000	      2570	80002938	00000013	addi	x0,x0,0	  x0:0x00000000
       25725000	      2571	8000293c	020000ef	jal	x1,8000293c	  x1=0x8000293c
       25735000	      2572	00000000	00000013	addi	x0,x0,0	  x0:0x00000000
       25745000	      2573	80002958	00000013	addi	x0,x0,0	  x0:0x00000000
       25755000	      2574	8000295c	ff5ff0ef	jal	x1,8000295c	  x1=0x8000295c
       25765000	      2575	00000000	00000013	addi	x0,x0,0	  x0:0x00000000
       25775000	      2576	8000294c	00000013	addi	x0,x0,0	  x0:0x00000000
       25785000	      2577	80002950	fe9ff56f	jal	x10,80002950	 x10=0x80002950
       25795000	      2578	00000000	00000013	addi	x0,x0,0	  x0:0x00000000
       25805000	      2579	80002934	00000013	addi	x0,x0,0	  x0:0x00000000
       25815000	      2580	80002938	020000ef	jal	x1,80002938	  x1=0x80002938
       25825000	      2581	00000000	00000013	addi	x0,x0,0	  x0:0x00000000
       25835000	      2582	80002954	00000013	addi	x0,x0,0	  x0:0x00000000
       25845000	      2583	80002958	ff5ff0ef	jal	x1,80002958	  x1=0x80002958
       25855000	      2584	00000000	00000013	addi	x0,x0,0	  x0:0x00000000
       25865000	      2585	80002948	00000013	addi	x0,x0,0	  x0:0x00000000
       25875000	      2586	8000294c	ffdff36f	jal	x6,8000294c	  x6=0x8000294c
       25885000	      2587	00000000	00000013	addi	x0,x0,0	  x0:0x00000000
       25895000	      2588	80002944	00000013	addi	x0,x0,0	  x0:0x00000000
       25905000	      2589	80002948	ff9ff36f	jal	x6,80002948	  x6=0x80002948
       25915000	      2590	00000000	00000013	addi	x0,x0,0	  x0:0x00000000
       25925000	      2591	8000293c	00000013	addi	x0,x0,0	  x0:0x00000000
       25935000	      2592	80002940	004000ef	jal	x1,80002940	  x1=0x80002940
       25945000	      2593	00000000	00000013	addi	x0,x0,0	  x0:0x00000000
       25955000	      2594	80002940	00000013	addi	x0,x0,0	  x0:0x00000000
       25965000	      2595	80002944	01c00fef	jal	x31,80002944	 x31=0x80002944
       25975000	      2596	00000000	00000013	addi	x0,x0,0	  x0:0x00000000
       25985000	      2597	8000295c	00000013	addi	x0,x0,0	  x0:0x00000000
       25995000	      2598	80002960	3ea24997	auipc	x19,0x3ea24	 x19=0xbea2695c
       26005000	      2599	80002964	00400f6f	jal	x30,80002964	 x30=0x80002964
       26015000	      2600	00000000	00000013	addi	x0,x0,0	  x0:0x00000000
       26025000	      2601	80002964	00000013	addi	x0,x0,0	  x0:0x00000000
       26035000	      2602	80002968	00c000ef	jal	x1,80002968	  x1=0x80002968
       26045000	      2603	00000000	00000013	addi	x0,x0,0	  x0:0x00000000
       26055000	      2604	80002970	00000013	addi	x0,x0,0	  x0:0x00000000
       26065000	      2605	80002974	008000ef	jal	x1,80002974	  x1=0x80002974
       26075000	      2606	00000000	00000013	addi	x0,x0,0	  x0:0x00000000
       26085000	      2607	80002978	00000013	addi	x0,x0,0	  x0:0x00000000
       26095000	      2608	8000297c	028000ef	jal	x1,8000297c	  x1=0x8000297c
       26105000	      2609	00000000	00000013	addi	x0,x0,0	  x0:0x00000000
       26115000	      2610	800029a0	00000013	addi	x0,x0,0	  x0:0x00000000
       26125000	      2611	800029a4	fe9ff36f	jal	x6,800029a4	  x6=0x800029a4
       26135000	      2612	00000000	00000013	addi	x0,x0,0	  x0:0x00000000
       26145000	      2613	80002988	00000013	addi	x0,x0,0	  x0:0x00000000
       26155000	      2614	8000298c	010000ef	jal	x1,8000298c	  x1=0x8000298c
       26165000	      2615	00000000	00000013	addi	x0,x0,0	  x0:0x00000000
       26175000	      2616	80002998	00000013	addi	x0,x0,0	  x0:0x00000000
       26185000	      2617	8000299c	fd1ff86f	jal	x16,8000299c	 x16=0x8000299c
       26195000	      2618	00000000	00000013	addi	x0,x0,0	  x0:0x00000000
       26205000	      2619	80002968	00000013	addi	x0,x0,0	  x0:0x00000000
       26215000	      2620	8000296c	0040036f	jal	x6,8000296c	  x6=0x8000296c
       26225000	      2621	00000000	00000013	addi	x0,x0,0	  x0:0x00000000
       26235000	      2622	8000296c	00000013	addi	x0,x0,0	  x0:0x00000000
       26245000	      2623	80002970	0240036f	jal	x6,80002970	  x6=0x80002970
       26255000	      2624	00000000	00000013	addi	x0,x0,0	  x0:0x00000000
       26265000	      2625	80002990	00000013	addi	x0,x0,0	  x0:0x00000000
       26275000	      2626	80002994	00c000ef	jal	x1,80002994	  x1=0x80002994
       26285000	      2627	00000000	00000013	addi	x0,x0,0	  x0:0x00000000
       26295000	      2628	8000299c	00000013	addi	x0,x0,0	  x0:0x00000000
       26305000	      2629	800029a0	fe9ff0ef	jal	x1,800029a0	  x1=0x800029a0
       26315000	      2630	00000000	00000013	addi	x0,x0,0	  x0:0x00000000
       26325000	      2631	80002984	00000013	addi	x0,x0,0	  x0:0x00000000
       26335000	      2632	80002988	ff9ff0ef	jal	x1,80002988	  x1=0x80002988
       26345000	      2633	00000000	00000013	addi	x0,x0,0	  x0:0x00000000
       26355000	      2634	8000297c	00000013	addi	x0,x0,0	  x0:0x00000000
       26365000	      2635	80002980	018000ef	jal	x1,80002980	  x1=0x80002980
       26375000	      2636	00000000	00000013	addi	x0,x0,0	  x0:0x00000000
       26385000	      2637	80002994	00000013	addi	x0,x0,0	  x0:0x00000000
       26395000	      2638	80002998	fedff0ef	jal	x1,80002998	  x1=0x80002998
       26405000	      2639	00000000	00000013	addi	x0,x0,0	  x0:0x00000000
       26415000	      2640	80002980	00000013	addi	x0,x0,0	  x0:0x00000000
       26425000	      2641	80002984	00c000ef	jal	x1,80002984	  x1=0x80002984
       26435000	      2642	00000000	00000013	addi	x0,x0,0	  x0:0x00000000
       26445000	      2643	8000298c	00000013	addi	x0,x0,0	  x0:0x00000000
       26455000	      2644	80002990	fe9ff0ef	jal	x1,80002990	  x1=0x80002990
       26465000	      2645	00000000	00000013	addi	x0,x0,0	  x0:0x00000000
       26475000	      2646	80002974	00000013	addi	x0,x0,0	  x0:0x00000000
       26485000	      2647	80002978	030000ef	jal	x1,80002978	  x1=0x80002978
       26495000	      2648	00000000	00000013	addi	x0,x0,0	  x0:0x00000000
       26505000	      2649	800029a4	00000013	addi	x0,x0,0	  x0:0x00000000
       26515000	      2650	800029a8	9370b893	sltiu	x17,x1,-1737	  x1:0x80002978 x17=0x00000001
       26525000	      2651	800029ac	06800f6f	jal	x30,800029ac	 x30=0x800029ac
       26535000	      2652	00000000	00000013	addi	x0,x0,0	  x0:0x00000000
       26545000	      2653	80002a10	00000013	addi	x0,x0,0	  x0:0x00000000
       26555000	      2654	80002a14	ff5ff86f	jal	x16,80002a14	 x16=0x80002a14
       26565000	      2655	00000000	00000013	addi	x0,x0,0	  x0:0x00000000
       26575000	      2656	80002a04	00000013	addi	x0,x0,0	  x0:0x00000000
       26585000	      2657	80002a08	008009ef	jal	x19,80002a08	 x19=0x80002a08
       26595000	      2658	00000000	00000013	addi	x0,x0,0	  x0:0x00000000
       26605000	      2659	80002a0c	00000013	addi	x0,x0,0	  x0:0x00000000
       26615000	      2660	80002a10	fd5ff0ef	jal	x1,80002a10	  x1=0x80002a10
       26625000	      2661	00000000	00000013	addi	x0,x0,0	  x0:0x00000000
       26635000	      2662	800029e0	00000013	addi	x0,x0,0	  x0:0x00000000
       26645000	      2663	800029e4	fd1ffbef	jal	x23,800029e4	 x23=0x800029e4
       26655000	      2664	00000000	00000013	addi	x0,x0,0	  x0:0x00000000
       26665000	      2665	800029b0	00000013	addi	x0,x0,0	  x0:0x00000000
       26675000	      2666	800029b4	02c000ef	jal	x1,800029b4	  x1=0x800029b4
       26685000	      2667	00000000	00000013	addi	x0,x0,0	  x0:0x00000000
       26695000	      2668	800029dc	00000013	addi	x0,x0,0	  x0:0x00000000
       26705000	      2669	800029e0	ff1ff16f	jal	x2,800029e0	  x2=0x800029e0
       26715000	      2670	00000000	00000013	addi	x0,x0,0	  x0:0x00000000
       26725000	      2671	800029cc	00000013	addi	x0,x0,0	  x0:0x00000000
       26735000	      2672	800029d0	01c000ef	jal	x1,800029d0	  x1=0x800029d0
       26745000	      2673	00000000	00000013	addi	x0,x0,0	  x0:0x00000000
       26755000	      2674	800029e8	00000013	addi	x0,x0,0	  x0:0x00000000
       26765000	      2675	800029ec	fcdff36f	jal	x6,800029ec	  x6=0x800029ec
       26775000	      2676	00000000	00000013	addi	x0,x0,0	  x0:0x00000000
       26785000	      2677	800029b4	00000013	addi	x0,x0,0	  x0:0x00000000
       26795000	      2678	800029b8	03c000ef	jal	x1,800029b8	  x1=0x800029b8
       26805000	      2679	00000000	00000013	addi	x0,x0,0	  x0:0x00000000
       26815000	      2680	800029f0	00000013	addi	x0,x0,0	  x0:0x00000000
       26825000	      2681	800029f4	008000ef	jal	x1,800029f4	  x1=0x800029f4
       26835000	      2682	00000000	00000013	addi	x0,x0,0	  x0:0x00000000
       26845000	      2683	800029f8	00000013	addi	x0,x0,0	  x0:0x00000000
       26855000	      2684	800029fc	010000ef	jal	x1,800029fc	  x1=0x800029fc
       26865000	      2685	00000000	00000013	addi	x0,x0,0	  x0:0x00000000
       26875000	      2686	80002a08	00000013	addi	x0,x0,0	  x0:0x00000000
       26885000	      2687	80002a0c	fd1ff0ef	jal	x1,80002a0c	  x1=0x80002a0c
       26895000	      2688	00000000	00000013	addi	x0,x0,0	  x0:0x00000000
       26905000	      2689	800029d8	00000013	addi	x0,x0,0	  x0:0x00000000
       26915000	      2690	800029dc	028007ef	jal	x15,800029dc	 x15=0x800029dc
       26925000	      2691	00000000	00000013	addi	x0,x0,0	  x0:0x00000000
       26935000	      2692	80002a00	00000013	addi	x0,x0,0	  x0:0x00000000
       26945000	      2693	80002a04	fb9ff36f	jal	x6,80002a04	  x6=0x80002a04
       26955000	      2694	00000000	00000013	addi	x0,x0,0	  x0:0x00000000
       26965000	      2695	800029b8	00000013	addi	x0,x0,0	  x0:0x00000000
       26975000	      2696	800029bc	0100036f	jal	x6,800029bc	  x6=0x800029bc
       26985000	      2697	00000000	00000013	addi	x0,x0,0	  x0:0x00000000
       26995000	      2698	800029c8	00000013	addi	x0,x0,0	  x0:0x00000000
       27005000	      2699	800029cc	0080026f	jal	x4,800029cc	  x4=0x800029cc
       27015000	      2700	00000000	00000013	addi	x0,x0,0	  x0:0x00000000
       27025000	      2701	800029d0	00000013	addi	x0,x0,0	  x0:0x00000000
       27035000	      2702	800029d4	0140036f	jal	x6,800029d4	  x6=0x800029d4
       27045000	      2703	00000000	00000013	addi	x0,x0,0	  x0:0x00000000
       27055000	      2704	800029e4	00000013	addi	x0,x0,0	  x0:0x00000000
       27065000	      2705	800029e8	008000ef	jal	x1,800029e8	  x1=0x800029e8
       27075000	      2706	00000000	00000013	addi	x0,x0,0	  x0:0x00000000
       27085000	      2707	800029ec	00000013	addi	x0,x0,0	  x0:0x00000000
       27095000	      2708	800029f0	fd1ff0ef	jal	x1,800029f0	  x1=0x800029f0
       27105000	      2709	00000000	00000013	addi	x0,x0,0	  x0:0x00000000
       27115000	      2710	800029bc	00000013	addi	x0,x0,0	  x0:0x00000000
       27125000	      2711	800029c0	004000ef	jal	x1,800029c0	  x1=0x800029c0
       27135000	      2712	00000000	00000013	addi	x0,x0,0	  x0:0x00000000
       27145000	      2713	800029c0	00000013	addi	x0,x0,0	  x0:0x00000000
       27155000	      2714	800029c4	0040036f	jal	x6,800029c4	  x6=0x800029c4
       27165000	      2715	00000000	00000013	addi	x0,x0,0	  x0:0x00000000
       27175000	      2716	800029c4	00000013	addi	x0,x0,0	  x0:0x00000000
       27185000	      2717	800029c8	fe9ff0ef	jal	x1,800029c8	  x1=0x800029c8
       27195000	      2718	00000000	00000013	addi	x0,x0,0	  x0:0x00000000
       27205000	      2719	800029ac	00000013	addi	x0,x0,0	  x0:0x00000000
       27215000	      2720	800029b0	048000ef	jal	x1,800029b0	  x1=0x800029b0
       27225000	      2721	00000000	00000013	addi	x0,x0,0	  x0:0x00000000
       27235000	      2722	800029f4	00000013	addi	x0,x0,0	  x0:0x00000000
       27245000	      2723	800029f8	0080036f	jal	x6,800029f8	  x6=0x800029f8
       27255000	      2724	00000000	00000013	addi	x0,x0,0	  x0:0x00000000
       27265000	      2725	800029fc	00000013	addi	x0,x0,0	  x0:0x00000000
       27275000	      2726	80002a00	fd9ff36f	jal	x6,80002a00	  x6=0x80002a00
       27285000	      2727	00000000	00000013	addi	x0,x0,0	  x0:0x00000000
       27295000	      2728	800029d4	00000013	addi	x0,x0,0	  x0:0x00000000
       27305000	      2729	800029d8	04000e6f	jal	x28,800029d8	 x28=0x800029d8
       27315000	      2730	00000000	00000013	addi	x0,x0,0	  x0:0x00000000
       27325000	      2731	80002a14	00000013	addi	x0,x0,0	  x0:0x00000000
       27335000	      2732	80002a18	01a55713	srli	x14,x10,0x1a	 x10:0x80002950 x14=0x00000020
       27345000	      2733	80002a1c	01000f6f	jal	x30,80002a1c	 x30=0x80002a1c
       27355000	      2734	00000000	00000013	addi	x0,x0,0	  x0:0x00000000
       27365000	      2735	80002a28	00000013	addi	x0,x0,0	  x0:0x00000000
       27375000	      2736	80002a2c	024000ef	jal	x1,80002a2c	  x1=0x80002a2c
       27385000	      2737	00000000	00000013	addi	x0,x0,0	  x0:0x00000000
       27395000	      2738	80002a4c	00000013	addi	x0,x0,0	  x0:0x00000000
       27405000	      2739	80002a50	fe5ff0ef	jal	x1,80002a50	  x1=0x80002a50
       27415000	      2740	00000000	00000013	addi	x0,x0,0	  x0:0x00000000
       27425000	      2741	80002a30	00000013	addi	x0,x0,0	  x0:0x00000000
       27435000	      2742	80002a34	ff1ff0ef	jal	x1,80002a34	  x1=0x80002a34
       27445000	      2743	00000000	00000013	addi	x0,x0,0	  x0:0x00000000
       27455000	      2744	80002a20	00000013	addi	x0,x0,0	  x0:0x00000000
       27465000	      2745	80002a24	018000ef	jal	x1,80002a24	  x1=0x80002a24
       27475000	      2746	00000000	00000013	addi	x0,x0,0	  x0:0x00000000
       27485000	      2747	80002a38	00000013	addi	x0,x0,0	  x0:0x00000000
       27495000	      2748	80002a3c	0080076f	jal	x14,80002a3c	 x14=0x80002a3c
       27505000	      2749	00000000	00000013	addi	x0,x0,0	  x0:0x00000000
       27515000	      2750	80002a40	00000013	addi	x0,x0,0	  x0:0x00000000
       27525000	      2751	80002a44	0100016f	jal	x2,80002a44	  x2=0x80002a44
       27535000	      2752	00000000	00000013	addi	x0,x0,0	  x0:0x00000000
       27545000	      2753	80002a50	00000013	addi	x0,x0,0	  x0:0x00000000
       27555000	      2754	80002a54	ff5ff0ef	jal	x1,80002a54	  x1=0x80002a54
       27565000	      2755	00000000	00000013	addi	x0,x0,0	  x0:0x00000000
       27575000	      2756	80002a44	00000013	addi	x0,x0,0	  x0:0x00000000
       27585000	      2757	80002a48	fe9ff1ef	jal	x3,80002a48	  x3=0x80002a48
       27595000	      2758	00000000	00000013	addi	x0,x0,0	  x0:0x00000000
       27605000	      2759	80002a2c	00000013	addi	x0,x0,0	  x0:0x00000000
       27615000	      2760	80002a30	008000ef	jal	x1,80002a30	  x1=0x80002a30
       27625000	      2761	00000000	00000013	addi	x0,x0,0	  x0:0x00000000
       27635000	      2762	80002a34	00000013	addi	x0,x0,0	  x0:0x00000000
       27645000	      2763	80002a38	fe9ff16f	jal	x2,80002a38	  x2=0x80002a38
       27655000	      2764	00000000	00000013	addi	x0,x0,0	  x0:0x00000000
       27665000	      2765	80002a1c	00000013	addi	x0,x0,0	  x0:0x00000000
       27675000	      2766	80002a20	008000ef	jal	x1,80002a20	  x1=0x80002a20
       27685000	      2767	00000000	00000013	addi	x0,x0,0	  x0:0x00000000
       27695000	      2768	80002a24	00000013	addi	x0,x0,0	  x0:0x00000000
       27705000	      2769	80002a28	024000ef	jal	x1,80002a28	  x1=0x80002a28
       27715000	      2770	00000000	00000013	addi	x0,x0,0	  x0:0x00000000
       27725000	      2771	80002a48	00000013	addi	x0,x0,0	  x0:0x00000000
       27735000	      2772	80002a4c	ff5ff0ef	jal	x1,80002a4c	  x1=0x80002a4c
       27745000	      2773	00000000	00000013	addi	x0,x0,0	  x0:0x00000000
       27755000	      2774	80002a3c	00000013	addi	x0,x0,0	  x0:0x00000000
       27765000	      2775	80002a40	018000ef	jal	x1,80002a40	  x1=0x80002a40
       27775000	      2776	00000000	00000013	addi	x0,x0,0	  x0:0x00000000
       27785000	      2777	80002a54	00000013	addi	x0,x0,0	  x0:0x00000000
       27795000	      2778	80002a58	008118b3	sll	x17,x2,x8	  x2:0x80002a38  x8:0x800028ec x17=0x02a38000
       27805000	      2779	80002a5c	06800f6f	jal	x30,80002a5c	 x30=0x80002a5c
       27815000	      2780	00000000	00000013	addi	x0,x0,0	  x0:0x00000000
       27825000	      2781	80002ac0	00000013	addi	x0,x0,0	  x0:0x00000000
       27835000	      2782	80002ac4	fc5ff0ef	jal	x1,80002ac4	  x1=0x80002ac4
       27845000	      2783	00000000	00000013	addi	x0,x0,0	  x0:0x00000000
       27855000	      2784	80002a84	00000013	addi	x0,x0,0	  x0:0x00000000
       27865000	      2785	80002a88	01c000ef	jal	x1,80002a88	  x1=0x80002a88
       27875000	      2786	00000000	00000013	addi	x0,x0,0	  x0:0x00000000
       27885000	      2787	80002aa0	00000013	addi	x0,x0,0	  x0:0x00000000
       27895000	      2788	80002aa4	ffdff0ef	jal	x1,80002aa4	  x1=0x80002aa4
       27905000	      2789	00000000	00000013	addi	x0,x0,0	  x0:0x00000000
       27915000	      2790	80002a9c	00000013	addi	x0,x0,0	  x0:0x00000000
       27925000	      2791	80002aa0	ff1ff36f	jal	x6,80002aa0	  x6=0x80002aa0
       27935000	      2792	00000000	00000013	addi	x0,x0,0	  x0:0x00000000
       27945000	      2793	80002a8c	00000013	addi	x0,x0,0	  x0:0x00000000
       27955000	      2794	80002a90	ffdff0ef	jal	x1,80002a90	  x1=0x80002a90
       27965000	      2795	00000000	00000013	addi	x0,x0,0	  x0:0x00000000
       27975000	      2796	80002a88	00000013	addi	x0,x0,0	  x0:0x00000000
       27985000	      2797	80002a8c	0300016f	jal	x2,80002a8c	  x2=0x80002a8c
       27995000	      2798	00000000	00000013	addi	x0,x0,0	  x0:0x00000000
       28005000	      2799	80002ab8	00000013	addi	x0,x0,0	  x0:0x00000000
       28015000	      2800	80002abc	fddff26f	jal	x4,80002abc	  x4=0x80002abc
       28025000	      2801	00000000	00000013	addi	x0,x0,0	  x0:0x00000000
       28035000	      2802	80002a94	00000013	addi	x0,x0,0	  x0:0x00000000
       28045000	      2803	80002a98	fc9ff0ef	jal	x1,80002a98	  x1=0x80002a98
       28055000	      2804	00000000	00000013	addi	x0,x0,0	  x0:0x00000000
       28065000	      2805	80002a5c	00000013	addi	x0,x0,0	  x0:0x00000000
       28075000	      2806	80002a60	060000ef	jal	x1,80002a60	  x1=0x80002a60
       28085000	      2807	00000000	00000013	addi	x0,x0,0	  x0:0x00000000
       28095000	      2808	80002abc	00000013	addi	x0,x0,0	  x0:0x00000000
       28105000	      2809	80002ac0	fddff0ef	jal	x1,80002ac0	  x1=0x80002ac0
       28115000	      2810	00000000	00000013	addi	x0,x0,0	  x0:0x00000000
       28125000	      2811	80002a98	00000013	addi	x0,x0,0	  x0:0x00000000
       28135000	      2812	80002a9c	018000ef	jal	x1,80002a9c	  x1=0x80002a9c
       28145000	      2813	00000000	00000013	addi	x0,x0,0	  x0:0x00000000
       28155000	      2814	80002ab0	00000013	addi	x0,x0,0	  x0:0x00000000
       28165000	      2815	80002ab4	ff9ff0ef	jal	x1,80002ab4	  x1=0x80002ab4
       28175000	      2816	00000000	00000013	addi	x0,x0,0	  x0:0x00000000
       28185000	      2817	80002aa8	00000013	addi	x0,x0,0	  x0:0x00000000
       28195000	      2818	80002aac	020000ef	jal	x1,80002aac	  x1=0x80002aac
       28205000	      2819	00000000	00000013	addi	x0,x0,0	  x0:0x00000000
       28215000	      2820	80002ac8	00000013	addi	x0,x0,0	  x0:0x00000000
       28225000	      2821	80002acc	f99ff0ef	jal	x1,80002acc	  x1=0x80002acc
       28235000	      2822	00000000	00000013	addi	x0,x0,0	  x0:0x00000000
       28245000	      2823	80002a60	00000013	addi	x0,x0,0	  x0:0x00000000
       28255000	      2824	80002a64	010000ef	jal	x1,80002a64	  x1=0x80002a64
       28265000	      2825	00000000	00000013	addi	x0,x0,0	  x0:0x00000000
       28275000	      2826	80002a70	00000013	addi	x0,x0,0	  x0:0x00000000
       28285000	      2827	80002a74	ff5ff36f	jal	x6,80002a74	  x6=0x80002a74
       28295000	      2828	00000000	00000013	addi	x0,x0,0	  x0:0x00000000
       28305000	      2829	80002a64	00000013	addi	x0,x0,0	  x0:0x00000000
       28315000	      2830	80002a68	01c000ef	jal	x1,80002a68	  x1=0x80002a68
       28325000	      2831	00000000	00000013	addi	x0,x0,0	  x0:0x00000000
       28335000	      2832	80002a80	00000013	addi	x0,x0,0	  x0:0x00000000
       28345000	      2833	80002a84	ff9ff26f	jal	x4,80002a84	  x4=0x80002a84
       28355000	      2834	00000000	00000013	addi	x0,x0,0	  x0:0x00000000
       28365000	      2835	80002a78	00000013	addi	x0,x0,0	  x0:0x00000000
       28375000	      2836	80002a7c	ff1ffeef	jal	x29,80002a7c	 x29=0x80002a7c
       28385000	      2837	00000000	00000013	addi	x0,x0,0	  x0:0x00000000
       28395000	      2838	80002a68	00000013	addi	x0,x0,0	  x0:0x00000000
       28405000	      2839	80002a6c	00c000ef	jal	x1,80002a6c	  x1=0x80002a6c
       28415000	      2840	00000000	00000013	addi	x0,x0,0	  x0:0x00000000
       28425000	      2841	80002a74	00000013	addi	x0,x0,0	  x0:0x00000000
       28435000	      2842	80002a78	ff9ffeef	jal	x29,80002a78	 x29=0x80002a78
       28445000	      2843	00000000	00000013	addi	x0,x0,0	  x0:0x00000000
       28455000	      2844	80002a6c	00000013	addi	x0,x0,0	  x0:0x00000000
       28465000	      2845	80002a70	010000ef	jal	x1,80002a70	  x1=0x80002a70
       28475000	      2846	00000000	00000013	addi	x0,x0,0	  x0:0x00000000
       28485000	      2847	80002a7c	00000013	addi	x0,x0,0	  x0:0x00000000
       28495000	      2848	80002a80	028000ef	jal	x1,80002a80	  x1=0x80002a80
       28505000	      2849	00000000	00000013	addi	x0,x0,0	  x0:0x00000000
       28515000	      2850	80002aa4	00000013	addi	x0,x0,0	  x0:0x00000000
       28525000	      2851	80002aa8	020009ef	jal	x19,80002aa8	 x19=0x80002aa8
       28535000	      2852	00000000	00000013	addi	x0,x0,0	  x0:0x00000000
       28545000	      2853	80002ac4	00000013	addi	x0,x0,0	  x0:0x00000000
       28555000	      2854	80002ac8	fcdffbef	jal	x23,80002ac8	 x23=0x80002ac8
       28565000	      2855	00000000	00000013	addi	x0,x0,0	  x0:0x00000000
       28575000	      2856	80002a90	00000013	addi	x0,x0,0	  x0:0x00000000
       28585000	      2857	80002a94	03c00d6f	jal	x26,80002a94	 x26=0x80002a94
       28595000	      2858	00000000	00000013	addi	x0,x0,0	  x0:0x00000000
       28605000	      2859	80002acc	00000013	addi	x0,x0,0	  x0:0x00000000
       28615000	      2860	80002ad0	004000ef	jal	x1,80002ad0	  x1=0x80002ad0
       28625000	      2861	00000000	00000013	addi	x0,x0,0	  x0:0x00000000
       28635000	      2862	80002ad0	00000013	addi	x0,x0,0	  x0:0x00000000
       28645000	      2863	80002ad4	fe5ff36f	jal	x6,80002ad4	  x6=0x80002ad4
       28655000	      2864	00000000	00000013	addi	x0,x0,0	  x0:0x00000000
       28665000	      2865	80002ab4	00000013	addi	x0,x0,0	  x0:0x00000000
       28675000	      2866	80002ab8	ff9ff36f	jal	x6,80002ab8	  x6=0x80002ab8
       28685000	      2867	00000000	00000013	addi	x0,x0,0	  x0:0x00000000
       28695000	      2868	80002aac	00000013	addi	x0,x0,0	  x0:0x00000000
       28705000	      2869	80002ab0	028000ef	jal	x1,80002ab0	  x1=0x80002ab0
       28715000	      2870	00000000	00000013	addi	x0,x0,0	  x0:0x00000000
       28725000	      2871	80002ad4	00000013	addi	x0,x0,0	  x0:0x00000000
       28735000	      2872	80002ad8	4bf14693	xori	x13,x2,1215	  x2:0x80002a8c x13=0x80002e33
       28745000	      2873	80002adc	03800f6f	jal	x30,80002adc	 x30=0x80002adc
       28755000	      2874	00000000	00000013	addi	x0,x0,0	  x0:0x00000000
       28765000	      2875	80002b10	00000013	addi	x0,x0,0	  x0:0x00000000
       28775000	      2876	80002b14	fe1ff16f	jal	x2,80002b14	  x2=0x80002b14
       28785000	      2877	00000000	00000013	addi	x0,x0,0	  x0:0x00000000
       28795000	      2878	80002af0	00000013	addi	x0,x0,0	  x0:0x00000000
       28805000	      2879	80002af4	00c000ef	jal	x1,80002af4	  x1=0x80002af4
       28815000	      2880	00000000	00000013	addi	x0,x0,0	  x0:0x00000000
       28825000	      2881	80002afc	00000013	addi	x0,x0,0	  x0:0x00000000
       28835000	      2882	80002b00	fe5ff6ef	jal	x13,80002b00	 x13=0x80002b00
       28845000	      2883	00000000	00000013	addi	x0,x0,0	  x0:0x00000000
       28855000	      2884	80002ae0	00000013	addi	x0,x0,0	  x0:0x00000000
       28865000	      2885	80002ae4	02400b6f	jal	x22,80002ae4	 x22=0x80002ae4
       28875000	      2886	00000000	00000013	addi	x0,x0,0	  x0:0x00000000
       28885000	      2887	80002b04	00000013	addi	x0,x0,0	  x0:0x00000000
       28895000	      2888	80002b08	fe5ffdef	jal	x27,80002b08	 x27=0x80002b08
       28905000	      2889	00000000	00000013	addi	x0,x0,0	  x0:0x00000000
       28915000	      2890	80002ae8	00000013	addi	x0,x0,0	  x0:0x00000000
       28925000	      2891	80002aec	0200036f	jal	x6,80002aec	  x6=0x80002aec
       28935000	      2892	00000000	00000013	addi	x0,x0,0	  x0:0x00000000
       28945000	      2893	80002b08	00000013	addi	x0,x0,0	  x0:0x00000000
       28955000	      2894	80002b0c	01c00e6f	jal	x28,80002b0c	 x28=0x80002b0c
       28965000	      2895	00000000	00000013	addi	x0,x0,0	  x0:0x00000000
       28975000	      2896	80002b24	00000013	addi	x0,x0,0	  x0:0x00000000
       28985000	      2897	80002b28	ffdff0ef	jal	x1,80002b28	  x1=0x80002b28
       28995000	      2898	00000000	00000013	addi	x0,x0,0	  x0:0x00000000
       29005000	      2899	80002b20	00000013	addi	x0,x0,0	  x0:0x00000000
       29015000	      2900	80002b24	ff9ff36f	jal	x6,80002b24	  x6=0x80002b24
       29025000	      2901	00000000	00000013	addi	x0,x0,0	  x0:0x00000000
       29035000	      2902	80002b18	00000013	addi	x0,x0,0	  x0:0x00000000
       29045000	      2903	80002b1c	00400c6f	jal	x24,80002b1c	 x24=0x80002b1c
       29055000	      2904	00000000	00000013	addi	x0,x0,0	  x0:0x00000000
       29065000	      2905	80002b1c	00000013	addi	x0,x0,0	  x0:0x00000000
       29075000	      2906	80002b20	fc9ff0ef	jal	x1,80002b20	  x1=0x80002b20
       29085000	      2907	00000000	00000013	addi	x0,x0,0	  x0:0x00000000
       29095000	      2908	80002ae4	00000013	addi	x0,x0,0	  x0:0x00000000
       29105000	      2909	80002ae8	008000ef	jal	x1,80002ae8	  x1=0x80002ae8
       29115000	      2910	00000000	00000013	addi	x0,x0,0	  x0:0x00000000
       29125000	      2911	80002aec	00000013	addi	x0,x0,0	  x0:0x00000000
       29135000	      2912	80002af0	0080036f	jal	x6,80002af0	  x6=0x80002af0
       29145000	      2913	00000000	00000013	addi	x0,x0,0	  x0:0x00000000
       29155000	      2914	80002af4	00000013	addi	x0,x0,0	  x0:0x00000000
       29165000	      2915	80002af8	020000ef	jal	x1,80002af8	  x1=0x80002af8
       29175000	      2916	00000000	00000013	addi	x0,x0,0	  x0:0x00000000
       29185000	      2917	80002b14	00000013	addi	x0,x0,0	  x0:0x00000000
       29195000	      2918	80002b18	ff9ff46f	jal	x8,80002b18	  x8=0x80002b18
       29205000	      2919	00000000	00000013	addi	x0,x0,0	  x0:0x00000000
       29215000	      2920	80002b0c	00000013	addi	x0,x0,0	  x0:0x00000000
       29225000	      2921	80002b10	fd1ff36f	jal	x6,80002b10	  x6=0x80002b10
       29235000	      2922	00000000	00000013	addi	x0,x0,0	  x0:0x00000000
       29245000	      2923	80002adc	00000013	addi	x0,x0,0	  x0:0x00000000
       29255000	      2924	80002ae0	01c000ef	jal	x1,80002ae0	  x1=0x80002ae0
       29265000	      2925	00000000	00000013	addi	x0,x0,0	  x0:0x00000000
       29275000	      2926	80002af8	00000013	addi	x0,x0,0	  x0:0x00000000
       29285000	      2927	80002afc	0080016f	jal	x2,80002afc	  x2=0x80002afc
       29295000	      2928	00000000	00000013	addi	x0,x0,0	  x0:0x00000000
       29305000	      2929	80002b00	00000013	addi	x0,x0,0	  x0:0x00000000
       29315000	      2930	80002b04	028000ef	jal	x1,80002b04	  x1=0x80002b04
       29325000	      2931	00000000	00000013	addi	x0,x0,0	  x0:0x00000000
       29335000	      2932	80002b28	00000013	addi	x0,x0,0	  x0:0x00000000
       29345000	      2933	80002b2c	01176db3	or	x27,x14,x17	 x14:0x80002a3c x17:0x02a38000 x27=0x82a3aa3c
       29355000	      2934	80002b30	01cf3fb3	sltu	x31,x30,x28	 x30:0x80002adc x28:0x80002b0c x31=0x00000001
       29365000	      2935	80002b34	00000013	addi	x0,x0,0	  x0:0x00000000
       29375000	      2936	80002b38	031f0063	beq	x30,x17,80002b58	 x30:0x80002adc x17:0x02a38000
       29385000	      2937	80002b3c	034f7863	bgeu	x30,x20,80002b6c	 x30:0x80002adc x20:0x00000000
       29395000	      2938	00000000	00000013	addi	x0,x0,0	  x0:0x00000000
       29405000	      2939	80002b68	00000013	addi	x0,x0,0	  x0:0x00000000
       29415000	      2940	80002b6c	01a4ffb3	and	x31,x9,x26	  x9:0xffffffff x26:0x80002a94 x31=0x80002a94
       29425000	      2941	80002b70	00000013	addi	x0,x0,0	  x0:0x00000000
       29435000	      2942	80002b74	00ad94b3	sll	x9,x27,x10	 x27:0x82a3aa3c x10:0x80002950  x9=0xaa3c0000
       29445000	      2943	80002b78	0fa78313	addi	x6,x15,250	 x15:0x800029dc  x6=0x80002ad6
       29455000	      2944	80002b7c	006f4e63	blt	x30,x6,80002b98	 x30:0x80002adc  x6:0x80002ad6
       29465000	      2945	80002b80	414ed333	sra	x6,x29,x20	 x29:0x80002a78 x20:0x00000000  x6=0x80002a78
       29475000	      2946	80002b84	41790a33	sub	x20,x18,x23	 x18:0x80009fc4 x23:0x80002ac8 x20=0x000074fc
       29485000	      2947	80002b88	00745fb3	srl	x31,x8,x7	  x8:0x80002b18  x7:0x57760df8 x31=0x00000080
       29495000	      2948	80002b8c	289ecd13	xori	x26,x29,649	 x29:0x80002a78 x26=0x800028f1
       29505000	      2949	80002b90	007cb133	sltu	x2,x25,x7	 x25:0x00000006  x7:0x57760df8  x2=0x00000001
       29515000	      2950	80002b94	003ce9b3	or	x19,x25,x3	 x25:0x00000006  x3:0x80002a48 x19=0x80002a4e
       29525000	      2951	80002b98	00431d13	slli	x26,x6,0x4	  x6:0x80002a78 x26=0x0002a780
       29535000	      2952	80002b9c	ba48c793	xori	x15,x17,-1116	 x17:0x02a38000 x15=0xfd5c7ba4
       29545000	      2953	80002ba0	01983133	sltu	x2,x16,x25	 x16:0x80002a14 x25:0x00000006  x2=0x00000000
       29555000	      2954	80002ba4	048a9263	bne	x21,x8,80002be8	 x21:0x00000000  x8:0x80002b18
       29565000	      2955	00000000	00000013	addi	x0,x0,0	  x0:0x00000000
       29575000	      2956	80002be4	00000013	addi	x0,x0,0	  x0:0x00000000
       29585000	      2957	80002be8	8108ca13	xori	x20,x17,-2032	 x17:0x02a38000 x20=0xfd5c7810
       29595000	      2958	80002bec	034dfe63	bgeu	x27,x20,80002c28	 x27:0x82a3aa3c x20:0xfd5c7810
       29605000	      2959	80002bf0	02b59c63	bne	x11,x11,80002c28	 x11:0x00000001 x11:0x00000001
       29615000	      2960	80002bf4	e3da7f17	auipc	x30,0xe3da7	 x30=0x63da9bf0
       29625000	      2961	80002bf8	0066f663	bgeu	x13,x6,80002c04	 x13:0x80002b00  x6:0x80002a78
       29635000	      2962	00000000	00000013	addi	x0,x0,0	  x0:0x00000000
       29645000	      2963	80002c00	00000013	addi	x0,x0,0	  x0:0x00000000
       29655000	      2964	80002c04	8beece37	lui	x28,0x8beec	 x28=0x8beec000
       29665000	      2965	80002c08	0c1def17	auipc	x30,0xc1de	 x30=0x8c1e0c04
       29675000	      2966	80002c0c	042ff463	bgeu	x31,x2,80002c54	 x31:0x00000080  x2:0x00000000
       29685000	      2967	00000000	00000013	addi	x0,x0,0	  x0:0x00000000
       29695000	      2968	80002c50	00000013	addi	x0,x0,0	  x0:0x00000000
       29705000	      2969	80002c54	04cef463	bgeu	x29,x12,80002c9c	 x29:0x80002a78 x12:0x80000000
       29715000	      2970	00000000	00000013	addi	x0,x0,0	  x0:0x00000000
       29725000	      2971	80002c98	00000013	addi	x0,x0,0	  x0:0x00000000
       29735000	      2972	80002c9c	72122413	slti	x8,x4,1825	  x4:0x80002a84  x8=0x00000001
       29745000	      2973	80002ca0	e899f213	andi	x4,x19,-375	 x19:0x80002a4e  x4=0x80002a08
       29755000	      2974	80002ca4	fa132a17	auipc	x20,0xfa132	 x20=0x7a134ca0
       29765000	      2975	80002ca8	00907a63	bgeu	x0,x9,80002cbc	  x0:0x00000000  x9:0xaa3c0000
       29775000	      2976	80002cac	0529d663	bge	x19,x18,80002cf8	 x19:0x80002a4e x18:0x80009fc4
       29785000	      2977	80002cb0	413ad233	sra	x4,x21,x19	 x21:0x00000000 x19:0x80002a4e  x4=0x00000000
       29795000	      2978	80002cb4	00885593	srli	x11,x16,0x8	 x16:0x80002a14 x11=0x0080002a
       29805000	      2979	80002cb8	60cd1a97	auipc	x21,0x60cd1	 x21=0xe0cd3cb4
       29815000	      2980	80002cbc	00f9ae33	slt	x28,x19,x15	 x19:0x80002a4e x15:0xfd5c7ba4 x28=0x00000001
       29825000	      2981	80002cc0	047e6463	bltu	x28,x7,80002d08	 x28:0x00000001  x7:0x57760df8
       29835000	      2982	00000000	00000013	addi	x0,x0,0	  x0:0x00000000
       29845000	      2983	80002d04	00000013	addi	x0,x0,0	  x0:0x00000000
       29855000	      2984	80002d08	c67ce013	ori	x0,x25,-921	 x25:0x00000006
       29865000	      2985	80002d0c	01ff6e33	or	x28,x30,x31	 x30:0x8c1e0c04 x31:0x00000080 x28=0x8c1e0c84
       29875000	      2986	80002d10	01fcfa63	bgeu	x25,x31,80002d24	 x25:0x00000006 x31:0x00000080
       29885000	      2987	80002d14	015ccdb3	xor	x27,x25,x21	 x25:0x00000006 x21:0xe0cd3cb4 x27=0xe0cd3cb2
       29895000	      2988	80002d18	017b9a13	slli	x20,x23,0x17	 x23:0x80002ac8 x20=0x64000000
       29905000	      2989	80002d1c	014b3a33	sltu	x20,x22,x20	 x22:0x80002ae4 x20:0x64000000 x20=0x00000000
       29915000	      2990	80002d20	001f9db3	sll	x27,x31,x1	 x31:0x00000080  x1:0x80002b04 x27=0x00000800
       29925000	      2991	80002d24	00d3eab3	or	x21,x7,x13	  x7:0x57760df8 x13:0x80002b00 x21=0xd7762ff8
       29935000	      2992	80002d28	49277213	andi	x4,x14,1170	 x14:0x80002a3c  x4=0x00000010
       29945000	      2993	80002d2c	45db2b13	slti	x22,x22,1117	 x22:0x80002ae4 x22=0x00000001
       29955000	      2994	80002d30	c151bd17	auipc	x26,0xc151b	 x26=0x4151dd2c
       29965000	      2995	80002d34	00ba98b3	sll	x17,x21,x11	 x21:0xd7762ff8 x11:0x0080002a x17=0xd8bfe000
       29975000	      2996	80002d38	18187113	andi	x2,x16,385	 x16:0x80002a14  x2=0x00000000
       29985000	      2997	80002d3c	00f1bab3	sltu	x21,x3,x15	  x3:0x80002a48 x15:0xfd5c7ba4 x21=0x00000001
       29995000	      2998	80002d40	0016da33	srl	x20,x13,x1	 x13:0x80002b00  x1:0x80002b04 x20=0x080002b0
       30005000	      2999	80002d44	00cade13	srli	x28,x21,0xc	 x21:0x00000001 x28=0x00000000
       30015000	      3000	80002d48	02e00263	beq	x0,x14,80002d6c	  x0:0x00000000 x14:0x80002a3c
       30025000	      3001	80002d4c	2d574b17	auipc	x22,0x2d574	 x22=0xad576d48
       30035000	      3002	80002d50	01366663	bltu	x12,x19,80002d5c	 x12:0x80000000 x19:0x80002a4e
       30045000	      3003	00000000	00000013	addi	x0,x0,0	  x0:0x00000000
       30055000	      3004	80002d58	00000013	addi	x0,x0,0	  x0:0x00000000
       30065000	      3005	80002d5c	018d1e63	bne	x26,x24,80002d78	 x26:0x4151dd2c x24:0x80002b1c
       30075000	      3006	00000000	00000013	addi	x0,x0,0	  x0:0x00000000
       30085000	      3007	80002d74	00000013	addi	x0,x0,0	  x0:0x00000000
       30095000	      3008	80002d78	413c5bb3	sra	x23,x24,x19	 x24:0x80002b1c x19:0x80002a4e x23=0xfffe0000
       30105000	      3009	80002d7c	00845b33	srl	x22,x8,x8	  x8:0x00000001  x8:0x00000001 x22=0x00000000
       30115000	      3010	80002d80	70fdad13	slti	x26,x27,1807	 x27:0x00000800 x26=0x00000000
       30125000	      3011	80002d84	00ad9c33	sll	x24,x27,x10	 x27:0x00000800 x10:0x80002950 x24=0x08000000
       30135000	      3012	80002d88	03911063	bne	x2,x25,80002da8	  x2:0x00000000 x25:0x00000006
       30145000	      3013	00000000	00000013	addi	x0,x0,0	  x0:0x00000000
       30155000	      3014	80002da4	00000013	addi	x0,x0,0	  x0:0x00000000
       30165000	      3015	80002da8	0198df93	srli	x31,x17,0x19	 x17:0xd8bfe000 x31=0x0000006c
       30175000	      3016	80002dac	01cd5893	srli	x17,x26,0x1c	 x26:0x00000000 x17=0x00000000
       30185000	      3017	80002db0	6d75b693	sltiu	x13,x11,1751	 x11:0x0080002a x13=0x00000000
       30195000	      3018	80002db4	01895233	srl	x4,x18,x24	 x18:0x80009fc4 x24:0x08000000  x4=0x80009fc4
       30205000	      3019	80002db8	03800f6f	jal	x30,80002db8	 x30=0x80002db8
       30215000	      3020	00000000	00000013	addi	x0,x0,0	  x0:0x00000000
       30225000	      3021	80002dec	00000013	addi	x0,x0,0	  x0:0x00000000
       30235000	      3022	80002df0	ff1ff0ef	jal	x1,80002df0	  x1=0x80002df0
       30245000	      3023	00000000	00000013	addi	x0,x0,0	  x0:0x00000000
       30255000	      3024	80002ddc	00000013	addi	x0,x0,0	  x0:0x00000000
       30265000	      3025	80002de0	00800def	jal	x27,80002de0	 x27=0x80002de0
       30275000	      3026	00000000	00000013	addi	x0,x0,0	  x0:0x00000000
       30285000	      3027	80002de4	00000013	addi	x0,x0,0	  x0:0x00000000
       30295000	      3028	80002de8	fe1ff0ef	jal	x1,80002de8	  x1=0x80002de8
       30305000	      3029	00000000	00000013	addi	x0,x0,0	  x0:0x00000000
       30315000	      3030	80002dc4	00000013	addi	x0,x0,0	  x0:0x00000000
       30325000	      3031	80002dc8	01c00eef	jal	x29,80002dc8	 x29=0x80002dc8
       30335000	      3032	00000000	00000013	addi	x0,x0,0	  x0:0x00000000
       30345000	      3033	80002de0	00000013	addi	x0,x0,0	  x0:0x00000000
       30355000	      3034	80002de4	0100036f	jal	x6,80002de4	  x6=0x80002de4
       30365000	      3035	00000000	00000013	addi	x0,x0,0	  x0:0x00000000
       30375000	      3036	80002df0	00000013	addi	x0,x0,0	  x0:0x00000000
       30385000	      3037	80002df4	fe5ff0ef	jal	x1,80002df4	  x1=0x80002df4
       30395000	      3038	00000000	00000013	addi	x0,x0,0	  x0:0x00000000
       30405000	      3039	80002dd4	00000013	addi	x0,x0,0	  x0:0x00000000
       30415000	      3040	80002dd8	020000ef	jal	x1,80002dd8	  x1=0x80002dd8
       30425000	      3041	00000000	00000013	addi	x0,x0,0	  x0:0x00000000
       30435000	      3042	80002df4	00000013	addi	x0,x0,0	  x0:0x00000000
       30445000	      3043	80002df8	fd5ff0ef	jal	x1,80002df8	  x1=0x80002df8
       30455000	      3044	00000000	00000013	addi	x0,x0,0	  x0:0x00000000
       30465000	      3045	80002dc8	00000013	addi	x0,x0,0	  x0:0x00000000
       30475000	      3046	80002dcc	020000ef	jal	x1,80002dcc	  x1=0x80002dcc
       30485000	      3047	00000000	00000013	addi	x0,x0,0	  x0:0x00000000
       30495000	      3048	80002de8	00000013	addi	x0,x0,0	  x0:0x00000000
       30505000	      3049	80002dec	fd1ff8ef	jal	x17,80002dec	 x17=0x80002dec
       30515000	      3050	00000000	00000013	addi	x0,x0,0	  x0:0x00000000
       30525000	      3051	80002db8	00000013	addi	x0,x0,0	  x0:0x00000000
       30535000	      3052	80002dbc	018000ef	jal	x1,80002dbc	  x1=0x80002dbc
       30545000	      3053	00000000	00000013	addi	x0,x0,0	  x0:0x00000000
       30555000	      3054	80002dd0	00000013	addi	x0,x0,0	  x0:0x00000000
       30565000	      3055	80002dd4	ff1ff1ef	jal	x3,80002dd4	  x3=0x80002dd4
       30575000	      3056	00000000	00000013	addi	x0,x0,0	  x0:0x00000000
       30585000	      3057	80002dc0	00000013	addi	x0,x0,0	  x0:0x00000000
       30595000	      3058	80002dc4	ffdff0ef	jal	x1,80002dc4	  x1=0x80002dc4
       30605000	      3059	00000000	00000013	addi	x0,x0,0	  x0:0x00000000
       30615000	      3060	80002dbc	00000013	addi	x0,x0,0	  x0:0x00000000
       30625000	      3061	80002dc0	0100086f	jal	x16,80002dc0	 x16=0x80002dc0
       30635000	      3062	00000000	00000013	addi	x0,x0,0	  x0:0x00000000
       30645000	      3063	80002dcc	00000013	addi	x0,x0,0	  x0:0x00000000
       30655000	      3064	80002dd0	00c0026f	jal	x4,80002dd0	  x4=0x80002dd0
       30665000	      3065	00000000	00000013	addi	x0,x0,0	  x0:0x00000000
       30675000	      3066	80002dd8	00000013	addi	x0,x0,0	  x0:0x00000000
       30685000	      3067	80002ddc	020000ef	jal	x1,80002ddc	  x1=0x80002ddc
       30695000	      3068	00000000	00000013	addi	x0,x0,0	  x0:0x00000000
       30705000	      3069	80002df8	00000013	addi	x0,x0,0	  x0:0x00000000
       30715000	      3070	80002dfc	006be9b3	or	x19,x23,x6	 x23:0xfffe0000  x6:0x80002de4 x19=0xfffe2de4
       30725000	      3071	80002e00	054ee263	bltu	x29,x20,80002e44	 x29:0x80002dc8 x20:0x080002b0
       30735000	      3072	80002e04	00174863	blt	x14,x1,80002e14	 x14:0x80002a3c  x1:0x80002ddc
       30745000	      3073	00000000	00000013	addi	x0,x0,0	  x0:0x00000000
       30755000	      3074	80002e10	00000013	addi	x0,x0,0	  x0:0x00000000
       30765000	      3075	80002e14	01d96333	or	x6,x18,x29	 x18:0x80009fc4 x29:0x80002dc8  x6=0x8000bfcc
       30775000	      3076	80002e18	b704ba93	sltiu	x21,x9,-1168	  x9:0xaa3c0000 x21=0x00000001
       30785000	      3077	80002e1c	0328dc63	bge	x17,x18,80002e54	 x17:0x80002dec x18:0x80009fc4
       30795000	      3078	80002e20	01321413	slli	x8,x4,0x13	  x4:0x80002dd0  x8=0x6e800000
       30805000	      3079	80002e24	01bd4233	xor	x4,x26,x27	 x26:0x00000000 x27:0x80002de0  x4=0x80002de0
       30815000	      3080	80002e28	eca35a17	auipc	x20,0xeca35	 x20=0x6ca37e24
       30825000	      3081	80002e2c	029f8a63	beq	x31,x9,80002e60	 x31:0x0000006c  x9:0xaa3c0000
       30835000	      3082	80002e30	017467b3	or	x15,x8,x23	  x8:0x6e800000 x23:0xfffe0000 x15=0xfffe0000
       30845000	      3083	80002e34	c6438113	addi	x2,x7,-924	  x7:0x57760df8  x2=0x57760a5c
       30855000	      3084	80002e38	0008da63	bge	x17,x0,80002e4c	 x17:0x80002dec  x0:0x00000000
       30865000	      3085	80002e3c	55bae413	ori	x8,x21,1371	 x21:0x00000001  x8=0x0000055b
       30875000	      3086	80002e40	d26820b7	lui	x1,0xd2682	  x1=0xd2682000
       30885000	      3087	80002e44	cf604393	xori	x7,x0,-778	  x0:0x00000000  x7=0xfffffcf6
       30895000	      3088	80002e48	0195ce63	blt	x11,x25,80002e64	 x11:0x0080002a x25:0x00000006
       30905000	      3089	80002e4c	41f054b3	sra	x9,x0,x31	  x0:0x00000000 x31:0x0000006c  x9=0x00000000
       30915000	      3090	80002e50	037c8063	beq	x25,x23,80002e70	 x25:0x00000006 x23:0xfffe0000
       30925000	      3091	80002e54	0313f863	bgeu	x7,x17,80002e84	  x7:0xfffffcf6 x17:0x80002dec
       30935000	      3092	00000000	00000013	addi	x0,x0,0	  x0:0x00000000
       30945000	      3093	80002e80	00000013	addi	x0,x0,0	  x0:0x00000000
       30955000	      3094	80002e84	e8e7fa93	andi	x21,x15,-370	 x15:0xfffe0000 x21=0xfffe0000
       30965000	      3095	80002e88	2bb93793	sltiu	x15,x18,699	 x18:0x80009fc4 x15=0x00000000
       30975000	      3096	80002e8c	849f0b37	lui	x22,0x849f0	 x22=0x849f0000
       30985000	      3097	80002e90	01fb6333	or	x6,x22,x31	 x22:0x849f0000 x31:0x0000006c  x6=0x849f006c
       30995000	      3098	80002e94	01c72ab3	slt	x21,x14,x28	 x14:0x80002a3c x28:0x00000000 x21=0x00000001
       31005000	      3099	80002e98	01c65d93	srli	x27,x12,0x1c	 x12:0x80000000 x27=0x00000008
       31015000	      3100	80002e9c	03caec63	bltu	x21,x28,80002ed4	 x21:0x00000001 x28:0x00000000
       31025000	      3101	80002ea0	03b51863	bne	x10,x27,80002ed0	 x10:0x80002950 x27:0x00000008
       31035000	      3102	00000000	00000013	addi	x0,x0,0	  x0:0x00000000
       31045000	      3103	80002ecc	00000013	addi	x0,x0,0	  x0:0x00000000
       31055000	      3104	80002ed0	03df7663	bgeu	x30,x29,80002efc	 x30:0x80002db8 x29:0x80002dc8
       31065000	      3105	80002ed4	0573c863	blt	x7,x23,80002f24	  x7:0xfffffcf6 x23:0xfffe0000
       31075000	      3106	80002ed8	0261fc63	bgeu	x3,x6,80002f10	  x3:0x80002dd4  x6:0x849f006c
       31085000	      3107	80002edc	57dec993	xori	x19,x29,1405	 x29:0x80002dc8 x19=0x800028b5
       31095000	      3108	80002ee0	9ac3b713	sltiu	x14,x7,-1620	  x7:0xfffffcf6 x14=0x00000000
       31105000	      3109	80002ee4	00747033	and	x0,x8,x7	  x8:0x0000055b  x7:0xfffffcf6
       31115000	      3110	80002ee8	2a9e6f13	ori	x30,x28,681	 x28:0x00000000 x30=0x000002a9
       31125000	      3111	80002eec	04817463	bgeu	x2,x8,80002f34	  x2:0x57760a5c  x8:0x0000055b
       31135000	      3112	00000000	00000013	addi	x0,x0,0	  x0:0x00000000
       31145000	      3113	80002f30	00000013	addi	x0,x0,0	  x0:0x00000000
       31155000	      3114	80002f34	40568b33	sub	x22,x13,x5	 x13:0x00000000  x5:0x80009f2c x22=0x7fff60d4
       31165000	      3115	80002f38	00d5de63	bge	x11,x13,80002f54	 x11:0x0080002a x13:0x00000000
       31175000	      3116	00000000	00000013	addi	x0,x0,0	  x0:0x00000000
       31185000	      3117	80002f50	00000013	addi	x0,x0,0	  x0:0x00000000
       31195000	      3118	80002f54	0087b4b3	sltu	x9,x15,x8	 x15:0x00000000  x8:0x0000055b  x9=0x00000001
       31205000	      3119	80002f58	1b16e213	ori	x4,x13,433	 x13:0x00000000  x4=0x000001b1
       31215000	      3120	80002f5c	406b8d33	sub	x26,x23,x6	 x23:0xfffe0000  x6:0x849f006c x26=0x7b5eff94
       31225000	      3121	80002f60	169dc013	xori	x0,x27,361	 x27:0x00000008
       31235000	      3122	80002f64	fa8a2413	slti	x8,x20,-88	 x20:0x6ca37e24  x8=0x00000000
       31245000	      3123	80002f68	4057ee13	ori	x28,x15,1029	 x15:0x00000000 x28=0x00000405
       31255000	      3124	80002f6c	f8a5b397	auipc	x7,0xf8a5b	  x7=0x78a5df68
       31265000	      3125	80002f70	01c16c33	or	x24,x2,x28	  x2:0x57760a5c x28:0x00000405 x24=0x57760e5d
       31275000	      3126	80002f74	041e4463	blt	x28,x1,80002fbc	 x28:0x00000405  x1:0xd2682000
       31285000	      3127	80002f78	416e8b33	sub	x22,x29,x22	 x29:0x80002dc8 x22:0x7fff60d4 x22=0x0000ccf4
       31295000	      3128	80002f7c	01d70bb3	add	x23,x14,x29	 x14:0x00000000 x29:0x80002dc8 x23=0x80002dc8
       31305000	      3129	80002f80	00112b33	slt	x22,x2,x1	  x2:0x57760a5c  x1:0xd2682000 x22=0x00000000
       31315000	      3130	80002f84	413c0233	sub	x4,x24,x19	 x24:0x57760e5d x19:0x800028b5  x4=0xd775e5a8
       31325000	      3131	80002f88	89d5ad93	slti	x27,x11,-1891	 x11:0x0080002a x27=0x00000000
       31335000	      3132	80002f8c	018c8e33	add	x28,x25,x24	 x25:0x00000006 x24:0x57760e5d x28=0x57760e63
       31345000	      3133	80002f90	0070d013	srli	x0,x1,0x7	  x1:0xd2682000
       31355000	      3134	80002f94	018dfe63	bgeu	x27,x24,80002fb0	 x27:0x00000000 x24:0x57760e5d
       31365000	      3135	80002f98	006db3b3	sltu	x7,x27,x6	 x27:0x00000000  x6:0x849f006c  x7=0x00000001
       31375000	      3136	80002f9c	011ccab3	xor	x21,x25,x17	 x25:0x00000006 x17:0x80002dec x21=0x80002dea
       31385000	      3137	80002fa0	014875b3	and	x11,x16,x20	 x16:0x80002dc0 x20:0x6ca37e24 x11=0x00002c00
       31395000	      3138	80002fa4	4024df33	sra	x30,x9,x2	  x9:0x00000001  x2:0x57760a5c x30=0x00000000
       31405000	      3139	80002fa8	0114dc13	srli	x24,x9,0x11	  x9:0x00000001 x24=0x00000000
       31415000	      3140	80002fac	40d98e33	sub	x28,x19,x13	 x19:0x800028b5 x13:0x00000000 x28=0x800028b5
       31425000	      3141	80002fb0	01512733	slt	x14,x2,x21	  x2:0x57760a5c x21:0x80002dea x14=0x00000000
       31435000	      3142	80002fb4	07540993	addi	x19,x8,117	  x8:0x00000000 x19=0x00000075
       31445000	      3143	80002fb8	042b6463	bltu	x22,x2,80003000	 x22:0x00000000  x2:0x57760a5c
       31455000	      3144	00000000	00000013	addi	x0,x0,0	  x0:0x00000000
       31465000	      3145	80002ffc	00000013	addi	x0,x0,0	  x0:0x00000000
       31475000	      3146	80003000	01d946b3	xor	x13,x18,x29	 x18:0x80009fc4 x29:0x80002dc8 x13=0x0000b20c
       31485000	      3147	80003004	40658eb3	sub	x29,x11,x6	 x11:0x00002c00  x6:0x849f006c x29=0x7b612b94
       31495000	      3148	80003008	40ee5813	srai	x16,x28,0xe	 x28:0x800028b5 x16=0xfffe0000
       31505000	      3149	8000300c	00000013	addi	x0,x0,0	  x0:0x00000000
       31515000	      3150	80003010	401ad833	sra	x16,x21,x1	 x21:0x80002dea  x1:0xd2682000 x16=0x80002dea
       31525000	      3151	80003014	04ed5063	bge	x26,x14,80003054	 x26:0x7b5eff94 x14:0x00000000
       31535000	      3152	00000000	00000013	addi	x0,x0,0	  x0:0x00000000
       31545000	      3153	80003050	00000013	addi	x0,x0,0	  x0:0x00000000
       31555000	      3154	80003054	32e44fb7	lui	x31,0x32e44	 x31=0x32e44000
       31565000	      3155	80003058	012f4e33	xor	x28,x30,x18	 x30:0x00000000 x18:0x80009fc4 x28=0x80009fc4
       31575000	      3156	8000305c	01c4b333	sltu	x6,x9,x28	  x9:0x00000001 x28:0x80009fc4  x6=0x00000001
       31585000	      3157	80003060	b8b77f13	andi	x30,x14,-1141	 x14:0x00000000 x30=0x00000000
       31595000	      3158	80003064	ae6fb613	sltiu	x12,x31,-1306	 x31:0x32e44000 x12=0x00000001
       31605000	      3159	80003068	00000013	addi	x0,x0,0	  x0:0x00000000
       31615000	      3160	8000306c	01011d33	sll	x26,x2,x16	  x2:0x57760a5c x16:0x80002dea x26=0xd8297000
       31625000	      3161	80003070	4164d033	sra	x0,x9,x22	  x9:0x00000001 x22:0x00000000
       31635000	      3162	80003074	6f77c713	xori	x14,x15,1783	 x15:0x00000000 x14=0x000006f7
       31645000	      3163	80003078	00ed1993	slli	x19,x26,0xe	 x26:0xd8297000 x19=0x5c000000
       31655000	      3164	8000307c	0162ef33	or	x30,x5,x22	  x5:0x80009f2c x22:0x00000000 x30=0x80009f2c
       31665000	      3165	80003080	c001cb17	auipc	x22,0xc001c	 x22=0x4001f07c
       31675000	      3166	80003084	0038d833	srl	x16,x17,x3	 x17:0x80002dec  x3:0x80002dd4 x16=0x00000800
       31685000	      3167	80003088	cb1f8ab7	lui	x21,0xcb1f8	 x21=0xcb1f8000
       31695000	      3168	8000308c	409c5a93	srai	x21,x24,0x9	 x24:0x00000000 x21=0x00000000
       31705000	      3169	80003090	01301093	slli	x1,x0,0x13	  x0:0x00000000  x1=0x00000000
       31715000	      3170	80003094	01aa0bb3	add	x23,x20,x26	 x20:0x6ca37e24 x26:0xd8297000 x23=0x44ccee24
       31725000	      3171	80003098	003578b3	and	x17,x10,x3	 x10:0x80002950  x3:0x80002dd4 x17=0x80002950
       31735000	      3172	8000309c	01869b33	sll	x22,x13,x24	 x13:0x0000b20c x24:0x00000000 x22=0x0000b20c
       31745000	      3173	800030a0	0446e263	bltu	x13,x4,800030e4	 x13:0x0000b20c  x4:0xd775e5a8
       31755000	      3174	00000000	00000013	addi	x0,x0,0	  x0:0x00000000
       31765000	      3175	800030e0	00000013	addi	x0,x0,0	  x0:0x00000000
       31775000	      3176	800030e4	7ed08d97	auipc	x27,0x7ed08	 x27=0xfed0b0e0
       31785000	      3177	800030e8	d7f92413	slti	x8,x18,-641	 x18:0x80009fc4  x8=0x00000001
       31795000	      3178	800030ec	41a98233	sub	x4,x19,x26	 x19:0x5c000000 x26:0xd8297000  x4=0x83d69000
       31805000	      3179	800030f0	de414193	xori	x3,x2,-540	  x2:0x57760a5c  x3=0xa889f7b8
       31815000	      3180	800030f4	98e17337	lui	x6,0x98e17	  x6=0x98e17000
       31825000	      3181	800030f8	013bb633	sltu	x12,x23,x19	 x23:0x44ccee24 x19:0x5c000000 x12=0x00000001
       31835000	      3182	800030fc	0882ea63	bltu	x5,x8,80003190	  x5:0x80009f2c  x8:0x00000001
       31845000	      3183	80003100	3525e317	auipc	x6,0x3525e	  x6=0xb52610fc
       31855000	      3184	80003104	0104fbb3	and	x23,x9,x16	  x9:0x00000001 x16:0x00000800 x23=0x00000000
       31865000	      3185	80003108	01187a63	bgeu	x16,x17,8000311c	 x16:0x00000800 x17:0x80002950
       31875000	      3186	8000310c	01fc1e13	slli	x28,x24,0x1f	 x24:0x00000000 x28=0x00000000
       31885000	      3187	80003110	00fb9133	sll	x2,x23,x15	 x23:0x00000000 x15:0x00000000  x2=0x00000000
       31895000	      3188	80003114	0072dc13	srli	x24,x5,0x7	  x5:0x80009f2c x24=0x0100013e
       31905000	      3189	80003118	011449b3	xor	x19,x8,x17	  x8:0x00000001 x17:0x80002950 x19=0x80002951
       31915000	      3190	8000311c	e92e6393	ori	x7,x28,-366	 x28:0x00000000  x7=0xfffffe92
       31925000	      3191	80003120	3f73b837	lui	x16,0x3f73b	 x16=0x3f73b000
       31935000	      3192	80003124	00ddbeb3	sltu	x29,x27,x13	 x27:0xfed0b0e0 x13:0x0000b20c x29=0x00000000
       31945000	      3193	80003128	04000f6f	jal	x30,80003128	 x30=0x80003128
       31955000	      3194	00000000	00000013	addi	x0,x0,0	  x0:0x00000000
       31965000	      3195	80003164	00000013	addi	x0,x0,0	  x0:0x00000000
       31975000	      3196	80003168	fd1ffdef	jal	x27,80003168	 x27=0x80003168
       31985000	      3197	00000000	00000013	addi	x0,x0,0	  x0:0x00000000
       31995000	      3198	80003134	00000013	addi	x0,x0,0	  x0:0x00000000
       32005000	      3199	80003138	028006ef	jal	x13,80003138	 x13=0x80003138
       32015000	      3200	00000000	00000013	addi	x0,x0,0	  x0:0x00000000
       32025000	      3201	8000315c	00000013	addi	x0,x0,0	  x0:0x00000000
       32035000	      3202	80003160	ff9ff0ef	jal	x1,80003160	  x1=0x80003160
       32045000	      3203	00000000	00000013	addi	x0,x0,0	  x0:0x00000000
       32055000	      3204	80003154	00000013	addi	x0,x0,0	  x0:0x00000000
       32065000	      3205	80003158	fd5ff0ef	jal	x1,80003158	  x1=0x80003158
       32075000	      3206	00000000	00000013	addi	x0,x0,0	  x0:0x00000000
       32085000	      3207	80003128	00000013	addi	x0,x0,0	  x0:0x00000000
       32095000	      3208	8000312c	010000ef	jal	x1,8000312c	  x1=0x8000312c
       32105000	      3209	00000000	00000013	addi	x0,x0,0	  x0:0x00000000
       32115000	      3210	80003138	00000013	addi	x0,x0,0	  x0:0x00000000
       32125000	      3211	8000313c	018000ef	jal	x1,8000313c	  x1=0x8000313c
       32135000	      3212	00000000	00000013	addi	x0,x0,0	  x0:0x00000000
       32145000	      3213	80003150	00000013	addi	x0,x0,0	  x0:0x00000000
       32155000	      3214	80003154	ff5ff26f	jal	x4,80003154	  x4=0x80003154
       32165000	      3215	00000000	00000013	addi	x0,x0,0	  x0:0x00000000
       32175000	      3216	80003144	00000013	addi	x0,x0,0	  x0:0x00000000
       32185000	      3217	80003148	ff9ffd6f	jal	x26,80003148	 x26=0x80003148
       32195000	      3218	00000000	00000013	addi	x0,x0,0	  x0:0x00000000
       32205000	      3219	8000313c	00000013	addi	x0,x0,0	  x0:0x00000000
       32215000	      3220	80003140	0240026f	jal	x4,80003140	  x4=0x80003140
       32225000	      3221	00000000	00000013	addi	x0,x0,0	  x0:0x00000000
       32235000	      3222	80003160	00000013	addi	x0,x0,0	  x0:0x00000000
       32245000	      3223	80003164	008001ef	jal	x3,80003164	  x3=0x80003164
       32255000	      3224	00000000	00000013	addi	x0,x0,0	  x0:0x00000000
       32265000	      3225	80003168	00000013	addi	x0,x0,0	  x0:0x00000000
       32275000	      3226	8000316c	fc5ff0ef	jal	x1,8000316c	  x1=0x8000316c
       32285000	      3227	00000000	00000013	addi	x0,x0,0	  x0:0x00000000
       32295000	      3228	8000312c	00000013	addi	x0,x0,0	  x0:0x00000000
       32305000	      3229	80003130	02c001ef	jal	x3,80003130	  x3=0x80003130
       32315000	      3230	00000000	00000013	addi	x0,x0,0	  x0:0x00000000
       32325000	      3231	80003158	00000013	addi	x0,x0,0	  x0:0x00000000
       32335000	      3232	8000315c	01c000ef	jal	x1,8000315c	  x1=0x8000315c
       32345000	      3233	00000000	00000013	addi	x0,x0,0	  x0:0x00000000
       32355000	      3234	80003174	00000013	addi	x0,x0,0	  x0:0x00000000
       32365000	      3235	80003178	ffdff1ef	jal	x3,80003178	  x3=0x80003178
       32375000	      3236	00000000	00000013	addi	x0,x0,0	  x0:0x00000000
       32385000	      3237	80003170	00000013	addi	x0,x0,0	  x0:0x00000000
       32395000	      3238	80003174	fc1ff0ef	jal	x1,80003174	  x1=0x80003174
       32405000	      3239	00000000	00000013	addi	x0,x0,0	  x0:0x00000000
       32415000	      3240	80003130	00000013	addi	x0,x0,0	  x0:0x00000000
       32425000	      3241	80003134	010000ef	jal	x1,80003134	  x1=0x80003134
       32435000	      3242	00000000	00000013	addi	x0,x0,0	  x0:0x00000000
       32445000	      3243	80003140	00000013	addi	x0,x0,0	  x0:0x00000000
       32455000	      3244	80003144	008000ef	jal	x1,80003144	  x1=0x80003144
       32465000	      3245	00000000	00000013	addi	x0,x0,0	  x0:0x00000000
       32475000	      3246	80003148	00000013	addi	x0,x0,0	  x0:0x00000000
       32485000	      3247	8000314c	0240036f	jal	x6,8000314c	  x6=0x8000314c
       32495000	      3248	00000000	00000013	addi	x0,x0,0	  x0:0x00000000
       32505000	      3249	8000316c	00000013	addi	x0,x0,0	  x0:0x00000000
       32515000	      3250	80003170	fe1ff0ef	jal	x1,80003170	  x1=0x80003170
       32525000	      3251	00000000	00000013	addi	x0,x0,0	  x0:0x00000000
       32535000	      3252	8000314c	00000013	addi	x0,x0,0	  x0:0x00000000
       32545000	      3253	80003150	02c0036f	jal	x6,80003150	  x6=0x80003150
       32555000	      3254	00000000	00000013	addi	x0,x0,0	  x0:0x00000000
       32565000	      3255	80003178	00000013	addi	x0,x0,0	  x0:0x00000000
       32575000	      3256	8000317c	01979313	slli	x6,x15,0x19	 x15:0x00000000  x6=0x00000000
       32585000	      3257	80003180	4164d393	srai	x7,x9,0x16	  x9:0x00000001  x7=0x00000000
       32595000	      3258	80003184	40ec80b3	sub	x1,x25,x14	 x25:0x00000006 x14:0x000006f7  x1=0xfffff90f
       32605000	      3259	80003188	00a0d663	bge	x1,x10,80003194	  x1:0xfffff90f x10:0x80002950
       32615000	      3260	00000000	00000013	addi	x0,x0,0	  x0:0x00000000
       32625000	      3261	80003190	00000013	addi	x0,x0,0	  x0:0x00000000
       32635000	      3262	80003194	c9593093	sltiu	x1,x18,-875	 x18:0x80009fc4  x1=0x00000001
       32645000	      3263	80003198	00000013	addi	x0,x0,0	  x0:0x00000000
       32655000	      3264	8000319c	fcb0e193	ori	x3,x1,-53	  x1:0x00000001  x3=0xffffffcb
       32665000	      3265	800031a0	41c60a33	sub	x20,x12,x28	 x12:0x00000001 x28:0x00000000 x20=0x00000001
       32675000	      3266	800031a4	e3eae613	ori	x12,x21,-450	 x21:0x00000000 x12=0xfffffe3e
       32685000	      3267	800031a8	acbb0b13	addi	x22,x22,-1333	 x22:0x0000b20c x22=0x0000acd7
       32695000	      3268	800031ac	0116e863	bltu	x13,x17,800031bc	 x13:0x80003138 x17:0x80002950
       32705000	      3269	800031b0	044d7263	bgeu	x26,x4,800031f4	 x26:0x80003148  x4:0x80003140
       32715000	      3270	00000000	00000013	addi	x0,x0,0	  x0:0x00000000
       32725000	      3271	800031f0	00000013	addi	x0,x0,0	  x0:0x00000000
       32735000	      3272	800031f4	03601263	bne	x0,x22,80003218	  x0:0x00000000 x22:0x0000acd7
       32745000	      3273	00000000	00000013	addi	x0,x0,0	  x0:0x00000000
       32755000	      3274	80003214	00000013	addi	x0,x0,0	  x0:0x00000000
       32765000	      3275	80003218	00f0dfb3	srl	x31,x1,x15	  x1:0x00000001 x15:0x00000000 x31=0x00000001
       32775000	      3276	8000321c	6e393513	sltiu	x10,x18,1763	 x18:0x80009fc4 x10=0x00000000
       32785000	      3277	80003220	00406233	or	x4,x0,x4	  x0:0x00000000  x4:0x80003140  x4=0x80003140
       32795000	      3278	80003224	40125813	srai	x16,x4,0x1	  x4:0x80003140 x16=0xc00018a0
       32805000	      3279	80003228	01cd2333	slt	x6,x26,x28	 x26:0x80003148 x28:0x00000000  x6=0x00000001
       32815000	      3280	8000322c	0004a433	slt	x8,x9,x0	  x9:0x00000001  x0:0x00000000  x8=0x00000000
       32825000	      3281	80003230	e4ce3613	sltiu	x12,x28,-436	 x28:0x00000000 x12=0x00000001
       32835000	      3282	80003234	00db3d33	sltu	x26,x22,x13	 x22:0x0000acd7 x13:0x80003138 x26=0x00000001
       32845000	      3283	80003238	026bc263	blt	x23,x6,8000325c	 x23:0x00000000  x6:0x00000001
       32855000	      3284	00000000	00000013	addi	x0,x0,0	  x0:0x00000000
       32865000	      3285	80003258	00000013	addi	x0,x0,0	  x0:0x00000000
       32875000	      3286	8000325c	01bd5633	srl	x12,x26,x27	 x26:0x00000001 x27:0x80003168 x12=0x00000000
       32885000	      3287	80003260	003d26b3	slt	x13,x26,x3	 x26:0x00000001  x3:0xffffffcb x13=0x00000000
       32895000	      3288	80003264	4ccccb13	xori	x22,x25,1228	 x25:0x00000006 x22=0x000004ca
       32905000	      3289	80003268	733eca13	xori	x20,x29,1843	 x29:0x00000000 x20=0x00000733
       32915000	      3290	8000326c	0516d063	bge	x13,x17,800032ac	 x13:0x00000000 x17:0x80002950
       32925000	      3291	00000000	00000013	addi	x0,x0,0	  x0:0x00000000
       32935000	      3292	800032a8	00000013	addi	x0,x0,0	  x0:0x00000000
       32945000	      3293	800032ac	00000013	addi	x0,x0,0	  x0:0x00000000
       32955000	      3294	800032b0	0054c033	xor	x0,x9,x5	  x9:0x00000001  x5:0x80009f2c
       32965000	      3295	800032b4	04810463	beq	x2,x8,800032fc	  x2:0x00000000  x8:0x00000000
       32975000	      3296	00000000	00000013	addi	x0,x0,0	  x0:0x00000000
       32985000	      3297	800032f8	00000013	addi	x0,x0,0	  x0:0x00000000
       32995000	      3298	800032fc	417ad833	sra	x16,x21,x23	 x21:0x00000000 x23:0x00000000 x16=0x00000000
       33005000	      3299	80003300	00ec9a63	bne	x25,x14,80003314	 x25:0x00000006 x14:0x000006f7
       33015000	      3300	00000000	00000013	addi	x0,x0,0	  x0:0x00000000
       33025000	      3301	80003310	00000013	addi	x0,x0,0	  x0:0x00000000
       33035000	      3302	80003314	ca6cfa93	andi	x21,x25,-858	 x25:0x00000006 x21=0x00000006
       33045000	      3303	80003318	41dc8033	sub	x0,x25,x29	 x25:0x00000006 x29:0x00000000
       33055000	      3304	8000331c	00899d13	slli	x26,x19,0x8	 x19:0x80002951 x26=0x00295100
       33065000	      3305	80003320	55280993	addi	x19,x16,1362	 x16:0x00000000 x19=0x00000552
       33075000	      3306	80003324	04a94463	blt	x18,x10,8000336c	 x18:0x80009fc4 x10:0x00000000
       33085000	      3307	00000000	00000013	addi	x0,x0,0	  x0:0x00000000
       33095000	      3308	80003368	00000013	addi	x0,x0,0	  x0:0x00000000
       33105000	      3309	8000336c	00851333	sll	x6,x10,x8	 x10:0x00000000  x8:0x00000000  x6=0x00000000
       33115000	      3310	80003370	039f7e63	bgeu	x30,x25,800033ac	 x30:0x80003128 x25:0x00000006
       33125000	      3311	00000000	00000013	addi	x0,x0,0	  x0:0x00000000
       33135000	      3312	800033a8	00000013	addi	x0,x0,0	  x0:0x00000000
       33145000	      3313	800033ac	3402f993	andi	x19,x5,832	  x5:0x80009f2c x19=0x00000300
       33155000	      3314	800033b0	d0c1bb97	auipc	x23,0xd0c1b	 x23=0x50c1e3ac
       33165000	      3315	800033b4	58223393	sltiu	x7,x4,1410	  x4:0x80003140  x7=0x00000000
       33175000	      3316	800033b8	962f8313	addi	x6,x31,-1694	 x31:0x00000001  x6=0xfffff963
       33185000	      3317	800033bc	01ca6e63	bltu	x20,x28,800033d8	 x20:0x00000733 x28:0x00000000
       33195000	      3318	800033c0	02439863	bne	x7,x4,800033f0	  x7:0x00000000  x4:0x80003140
       33205000	      3319	00000000	00000013	addi	x0,x0,0	  x0:0x00000000
       33215000	      3320	800033ec	00000013	addi	x0,x0,0	  x0:0x00000000
       33225000	      3321	800033f0	003ed213	srli	x4,x29,0x3	 x29:0x00000000  x4=0x00000000
       33235000	      3322	800033f4	0181d233	srl	x4,x3,x24	  x3:0xffffffcb x24:0x0100013e  x4=0x00000003
       33245000	      3323	800033f8	009eb033	sltu	x0,x29,x9	 x29:0x00000000  x9:0x00000001
       33255000	      3324	800033fc	0042af03	lw	x30,4(x5)	  x5:0x80009f2c x30=0x800011d0 PA:0x80009f30
       33265000	      3325	80003400	40acda93	srai	x21,x25,0xa	 x25:0x00000006 x21=0x00000000
       33275000	      3326	80003404	019113b3	sll	x7,x2,x25	  x2:0x00000000 x25:0x00000006  x7=0x00000000
       33285000	      3327	80003408	000cae33	slt	x28,x25,x0	 x25:0x00000006  x0:0x00000000 x28=0x00000000
       33295000	      3328	8000340c	03028293	addi	x5,x5,48	  x5:0x80009f2c  x5=0x80009f5c
       33305000	      3329	80003410	0cc58c13	addi	x24,x11,204	 x11:0x00002c00 x24=0x00002ccc
       33315000	      3330	80003414	00f313b3	sll	x7,x6,x15	  x6:0xfffff963 x15:0x00000000  x7=0xfffff963
       33325000	      3331	80003418	0e3baa93	slti	x21,x23,227	 x23:0x50c1e3ac x21=0x00000000
       33335000	      3332	8000341c	001f0593	addi	x11,x30,1	 x30:0x800011d0 x11=0x800011d1
       33345000	      3333	80003420	000585e7	jalr	x11,x11,0	 x11:0x800011d1 x11=0x80003420
       33355000	      3334	00000000	00000013	addi	x0,x0,0	  x0:0x00000000
       33365000	      3335	800011d0	00000013	addi	x0,x0,0	  x0:0x00000000
       33375000	      3336	800011d4	400155b3	sra	x11,x2,x0	  x2:0x00000000  x0:0x00000000 x11=0x00000000
       33385000	      3337	800011d8	3ea68f93	addi	x31,x13,1002	 x13:0x00000000 x31=0x000003ea
       33395000	      3338	800011dc	01b61d13	slli	x26,x12,0x1b	 x12:0x00000000 x26=0x00000000
       33405000	      3339	800011e0	27fc0893	addi	x17,x24,639	 x24:0x00002ccc x17=0x00002f4b
       33415000	      3340	800011e4	c50b7037	lui	x0,0xc50b7	
       33425000	      3341	800011e8	41816d93	ori	x27,x2,1048	  x2:0x00000000 x27=0x00000418
       33435000	      3342	800011ec	0052d233	srl	x4,x5,x5	  x5:0x80009f5c  x5:0x80009f5c  x4=0x00000008
       33445000	      3343	800011f0	dbce1897	auipc	x17,0xdbce1	 x17=0x5bce21ec
       33455000	      3344	800011f4	00000013	addi	x0,x0,0	  x0:0x00000000
       33465000	      3345	800011f8	f3d69017	auipc	x0,0xf3d69	
       33475000	      3346	800011fc	01c11863	bne	x2,x28,8000120c	  x2:0x00000000 x28:0x00000000
       33485000	      3347	80001200	01a38033	add	x0,x7,x26	  x7:0xfffff963 x26:0x00000000
       33495000	      3348	80001204	fa032d93	slti	x27,x6,-96	  x6:0xfffff963 x27=0x00000001
       33505000	      3349	80001208	0ebf8593	addi	x11,x31,235	 x31:0x000003ea x11=0x000004d5
       33515000	      3350	8000120c	01aa1a63	bne	x20,x26,80001220	 x20:0x00000733 x26:0x00000000
       33525000	      3351	00000000	00000013	addi	x0,x0,0	  x0:0x00000000
       33535000	      3352	8000121c	00000013	addi	x0,x0,0	  x0:0x00000000
       33545000	      3353	80001220	d77e44b7	lui	x9,0xd77e4	  x9=0xd77e4000
       33555000	      3354	80001224	01859613	slli	x12,x11,0x18	 x11:0x000004d5 x12=0xd5000000
       33565000	      3355	80001228	5aa86393	ori	x7,x16,1450	 x16:0x00000000  x7=0x000005aa
       33575000	      3356	8000122c	00abf513	andi	x10,x23,10	 x23:0x50c1e3ac x10=0x00000008
       33585000	      3357	80001230	9df29037	lui	x0,0x9df29	
       33595000	      3358	80001234	05acba13	sltiu	x20,x25,90	 x25:0x00000006 x20=0x00000001
       33605000	      3359	80001238	05011463	bne	x2,x16,80001280	  x2:0x00000000 x16:0x00000000
       33615000	      3360	8000123c	4072dd33	sra	x26,x5,x7	  x5:0x80009f5c  x7:0x000005aa x26=0xffe00027
       33625000	      3361	80001240	027ee263	bltu	x29,x7,80001264	 x29:0x00000000  x7:0x000005aa
       33635000	      3362	00000000	00000013	addi	x0,x0,0	  x0:0x00000000
       33645000	      3363	80001260	00000013	addi	x0,x0,0	  x0:0x00000000
       33655000	      3364	80001264	01ea9593	slli	x11,x21,0x1e	 x21:0x00000000 x11=0x00000000
       33665000	      3365	80001268	0617c517	auipc	x10,0x617c	 x10=0x8617d264
       33675000	      3366	8000126c	038bdc63	bge	x23,x24,800012a4	 x23:0x50c1e3ac x24:0x00002ccc
       33685000	      3367	00000000	00000013	addi	x0,x0,0	  x0:0x00000000
       33695000	      3368	800012a0	00000013	addi	x0,x0,0	  x0:0x00000000
       33705000	      3369	800012a4	05cdd863	bge	x27,x28,800012f4	 x27:0x00000001 x28:0x00000000
       33715000	      3370	00000000	00000013	addi	x0,x0,0	  x0:0x00000000
       33725000	      3371	800012f0	00000013	addi	x0,x0,0	  x0:0x00000000
       33735000	      3372	800012f4	d82f3f93	sltiu	x31,x30,-638	 x30:0x800011d0 x31=0x00000001
       33745000	      3373	800012f8	00f87663	bgeu	x16,x15,80001304	 x16:0x00000000 x15:0x00000000
       33755000	      3374	00000000	00000013	addi	x0,x0,0	  x0:0x00000000
       33765000	      3375	80001300	00000013	addi	x0,x0,0	  x0:0x00000000
       33775000	      3376	80001304	40b9dc33	sra	x24,x19,x11	 x19:0x00000300 x11:0x00000000 x24=0x00000300
       33785000	      3377	80001308	41575113	srai	x2,x14,0x15	 x14:0x000006f7  x2=0x00000000
       33795000	      3378	8000130c	01025b13	srli	x22,x4,0x10	  x4:0x00000008 x22=0x00000000
       33805000	      3379	80001310	3b052993	slti	x19,x10,944	 x10:0x8617d264 x19=0x00000001
       33815000	      3380	80001314	414b80b3	sub	x1,x23,x20	 x23:0x50c1e3ac x20:0x00000001  x1=0x50c1e3ab
       33825000	      3381	80001318	013da3b3	slt	x7,x27,x19	 x27:0x00000001 x19:0x00000001  x7=0x00000000
       33835000	      3382	8000131c	00e4e8b3	or	x17,x9,x14	  x9:0xd77e4000 x14:0x000006f7 x17=0xd77e46f7
       33845000	      3383	80001320	980c3f13	sltiu	x30,x24,-1664	 x24:0x00000300 x30=0x00000001
       33855000	      3384	80001324	fc347393	andi	x7,x8,-61	  x8:0x00000000  x7=0x00000000
       33865000	      3385	80001328	01029e93	slli	x29,x5,0x10	  x5:0x80009f5c x29=0x9f5c0000
       33875000	      3386	8000132c	5f80cc13	xori	x24,x1,1528	  x1:0x50c1e3ab x24=0x50c1e653
       33885000	      3387	80001330	00000013	addi	x0,x0,0	  x0:0x00000000
       33895000	      3388	80001334	4124d393	srai	x7,x9,0x12	  x9:0xd77e4000  x7=0xfffff5df
       33905000	      3389	80001338	0053cd33	xor	x26,x7,x5	  x7:0xfffff5df  x5:0x80009f5c x26=0x7fff6a83
       33915000	      3390	8000133c	044f5263	bge	x30,x4,80001380	 x30:0x00000001  x4:0x00000008
       33925000	      3391	80001340	00500133	add	x2,x0,x5	  x0:0x00000000  x5:0x80009f5c  x2=0x80009f5c
       33935000	      3392	80001344	c5a54a93	xori	x21,x10,-934	 x10:0x8617d264 x21=0x79e82e3e
       33945000	      3393	80001348	4082d193	srai	x3,x5,0x8	  x5:0x80009f5c  x3=0xff80009f
       33955000	      3394	8000134c	014b5eb3	srl	x29,x22,x20	 x22:0x00000000 x20:0x00000001 x29=0x00000000
       33965000	      3395	80001350	00eb8133	add	x2,x23,x14	 x23:0x50c1e3ac x14:0x000006f7  x2=0x50c1eaa3
       33975000	      3396	80001354	41cc0e33	sub	x28,x24,x28	 x24:0x50c1e653 x28:0x00000000 x28=0x50c1e653
       33985000	      3397	80001358	3f3f6c13	ori	x24,x30,1011	 x30:0x00000001 x24=0x000003f3
       33995000	      3398	8000135c	013dd593	srli	x11,x27,0x13	 x27:0x00000001 x11=0x00000000
       34005000	      3399	80001360	48fae413	ori	x8,x21,1167	 x21:0x79e82e3e  x8=0x79e82ebf
       34015000	      3400	80001364	40b78b33	sub	x22,x15,x11	 x15:0x00000000 x11:0x00000000 x22=0x00000000
       34025000	      3401	80001368	41ca5093	srai	x1,x20,0x1c	 x20:0x00000001  x1=0x00000000
       34035000	      3402	8000136c	019208b3	add	x17,x4,x25	  x4:0x00000008 x25:0x00000006 x17=0x0000000e
       34045000	      3403	80001370	0177e633	or	x12,x15,x23	 x15:0x00000000 x23:0x50c1e3ac x12=0x50c1e3ac
       34055000	      3404	80001374	01dec663	blt	x29,x29,80001380	 x29:0x00000000 x29:0x00000000
       34065000	      3405	80001378	41a651b7	lui	x3,0x41a65	  x3=0x41a65000
       34075000	      3406	8000137c	01082033	slt	x0,x16,x16	 x16:0x00000000 x16:0x00000000
       34085000	      3407	80001380	00201a33	sll	x20,x0,x2	  x0:0x00000000  x2:0x50c1eaa3 x20=0x00000000
       34095000	      3408	80001384	01593533	sltu	x10,x18,x21	 x18:0x80009fc4 x21:0x79e82e3e x10=0x00000000
       34105000	      3409	80001388	00000013	addi	x0,x0,0	  x0:0x00000000
       34115000	      3410	8000138c	01a34a63	blt	x6,x26,800013a0	  x6:0xfffff963 x26:0x7fff6a83
       34125000	      3411	00000000	00000013	addi	x0,x0,0	  x0:0x00000000
       34135000	      3412	8000139c	00000013	addi	x0,x0,0	  x0:0x00000000
       34145000	      3413	800013a0	1e491517	auipc	x10,0x1e491	 x10=0x9e49239c
       34155000	      3414	800013a4	006bda33	srl	x20,x23,x6	 x23:0x50c1e3ac  x6:0xfffff963 x20=0x0a183c75
       34165000	      3415	800013a8	045b7663	bgeu	x22,x5,800013f4	 x22:0x00000000  x5:0x80009f5c
       34175000	      3416	800013ac	00000013	addi	x0,x0,0	  x0:0x00000000
       34185000	      3417	800013b0	c0510d93	addi	x27,x2,-1019	  x2:0x50c1eaa3 x27=0x50c1e6a8
       34195000	      3418	800013b4	003c2db3	slt	x27,x24,x3	 x24:0x000003f3  x3:0x41a65000 x27=0x00000001
       34205000	      3419	800013b8	010801b3	add	x3,x16,x16	 x16:0x00000000 x16:0x00000000  x3=0x00000000
       34215000	      3420	800013bc	b27aca13	xori	x20,x21,-1241	 x21:0x79e82e3e x20=0x8617d519
       34225000	      3421	800013c0	02115063	bge	x2,x1,800013e0	  x2:0x50c1eaa3  x1:0x00000000
       34235000	      3422	00000000	00000013	addi	x0,x0,0	  x0:0x00000000
       34245000	      3423	800013dc	00000013	addi	x0,x0,0	  x0:0x00000000
       34255000	      3424	800013e0	01af0db3	add	x27,x30,x26	 x30:0x00000001 x26:0x7fff6a83 x27=0x7fff6a84
       34265000	      3425	800013e4	00000013	addi	x0,x0,0	  x0:0x00000000
       34275000	      3426	800013e8	41a7d813	srai	x16,x15,0x1a	 x15:0x00000000 x16=0x00000000
       34285000	      3427	800013ec	907d5e37	lui	x28,0x907d5	 x28=0x907d5000
       34295000	      3428	800013f0	011601b3	add	x3,x12,x17	 x12:0x50c1e3ac x17:0x0000000e  x3=0x50c1e3ba
       34305000	      3429	800013f4	031b8c63	beq	x23,x17,8000142c	 x23:0x50c1e3ac x17:0x0000000e
       34315000	      3430	800013f8	019b5f93	srli	x31,x22,0x19	 x22:0x00000000 x31=0x00000000
       34325000	      3431	800013fc	000ce263	bltu	x25,x0,80001400	 x25:0x00000006  x0:0x00000000
       34335000	      3432	80001400	00c83133	sltu	x2,x16,x12	 x16:0x00000000 x12:0x50c1e3ac  x2=0x00000001
       34345000	      3433	80001404	01d6c863	blt	x13,x29,80001414	 x13:0x00000000 x29:0x00000000
       34355000	      3434	80001408	40215093	srai	x1,x2,0x2	  x2:0x00000001  x1=0x00000000
       34365000	      3435	8000140c	07ff4263	blt	x30,x31,80001470	 x30:0x00000001 x31:0x00000000
       34375000	      3436	80001410	0158cb33	xor	x22,x17,x21	 x17:0x0000000e x21:0x79e82e3e x22=0x79e82e30
       34385000	      3437	80001414	405d57b3	sra	x15,x26,x5	 x26:0x7fff6a83  x5:0x80009f5c x15=0x00000007
       34395000	      3438	80001418	00d239b3	sltu	x19,x4,x13	  x4:0x00000008 x13:0x00000000 x19=0x00000000
       34405000	      3439	8000141c	016f53b3	srl	x7,x30,x22	 x30:0x00000001 x22:0x79e82e30  x7=0x00000000
       34415000	      3440	80001420	407450b3	sra	x1,x8,x7	  x8:0x79e82ebf  x7:0x00000000  x1=0x79e82ebf
       34425000	      3441	80001424	00e8a133	slt	x2,x17,x14	 x17:0x0000000e x14:0x000006f7  x2=0x00000001
       34435000	      3442	80001428	0167d413	srli	x8,x15,0x16	 x15:0x00000007  x8=0x00000000
       34445000	      3443	8000142c	dc3ee3b7	lui	x7,0xdc3ee	  x7=0xdc3ee000
       34455000	      3444	80001430	00000013	addi	x0,x0,0	  x0:0x00000000
       34465000	      3445	80001434	02c6e663	bltu	x13,x12,80001460	 x13:0x00000000 x12:0x50c1e3ac
       34475000	      3446	00000000	00000013	addi	x0,x0,0	  x0:0x00000000
       34485000	      3447	8000145c	00000013	addi	x0,x0,0	  x0:0x00000000
       34495000	      3448	80001460	007d2833	slt	x16,x26,x7	 x26:0x7fff6a83  x7:0xdc3ee000 x16=0x00000000
       34505000	      3449	80001464	01215713	srli	x14,x2,0x12	  x2:0x00000001 x14=0x00000000
       34515000	      3450	80001468	026b6263	bltu	x22,x6,8000148c	 x22:0x79e82e30  x6:0xfffff963
       34525000	      3451	00000000	00000013	addi	x0,x0,0	  x0:0x00000000
       34535000	      3452	80001488	00000013	addi	x0,x0,0	  x0:0x00000000
       34545000	      3453	8000148c	0024f633	and	x12,x9,x2	  x9:0xd77e4000  x2:0x00000001 x12=0x00000000
       34555000	      3454	80001490	40345093	srai	x1,x8,0x3	  x8:0x00000000  x1=0x00000000
       34565000	      3455	80001494	019f6733	or	x14,x30,x25	 x30:0x00000001 x25:0x00000006 x14=0x00000007
       34575000	      3456	80001498	411f03b3	sub	x7,x30,x17	 x30:0x00000001 x17:0x0000000e  x7=0xfffffff3
       34585000	      3457	8000149c	05878463	beq	x15,x24,800014e4	 x15:0x00000007 x24:0x000003f3
       34595000	      3458	800014a0	41265633	sra	x12,x12,x18	 x12:0x00000000 x18:0x80009fc4 x12=0x00000000
       34605000	      3459	800014a4	01d58633	add	x12,x11,x29	 x11:0x00000000 x29:0x00000000 x12=0x00000000
       34615000	      3460	800014a8	065a4e93	xori	x29,x20,101	 x20:0x8617d519 x29=0x8617d57c
       34625000	      3461	800014ac	2ed33d13	sltiu	x26,x6,749	  x6:0xfffff963 x26=0x00000000
       34635000	      3462	800014b0	7d293813	sltiu	x16,x18,2002	 x18:0x80009fc4 x16=0x00000000
       34645000	      3463	800014b4	6db02d97	auipc	x27,0x6db02	 x27=0xedb034b0
       34655000	      3464	800014b8	4fa9a213	slti	x4,x19,1274	 x19:0x00000000  x4=0x00000001
       34665000	      3465	800014bc	bad98e13	addi	x28,x19,-1107	 x19:0x00000000 x28=0xfffffbad
       34675000	      3466	800014c0	04f5d063	bge	x11,x15,80001500	 x11:0x00000000 x15:0x00000007
       34685000	      3467	800014c4	036ac263	blt	x21,x22,800014e8	 x21:0x79e82e3e x22:0x79e82e30
       34695000	      3468	800014c8	08ae8493	addi	x9,x29,138	 x29:0x8617d57c  x9=0x8617d606
       34705000	      3469	800014cc	0b45cd17	auipc	x26,0xb45c	 x26=0x8b45d4c8
       34715000	      3470	800014d0	45270213	addi	x4,x14,1106	 x14:0x00000007  x4=0x00000459
       34725000	      3471	800014d4	9ba25eb7	lui	x29,0x9ba25	 x29=0x9ba25000
       34735000	      3472	800014d8	3d5f0617	auipc	x12,0x3d5f0	 x12=0xbd5f14d4
       34745000	      3473	800014dc	9b47ce93	xori	x29,x15,-1612	 x15:0x00000007 x29=0xfffff9b3
       34755000	      3474	800014e0	042ad263	bge	x21,x2,80001524	 x21:0x79e82e3e  x2:0x00000001
       34765000	      3475	00000000	00000013	addi	x0,x0,0	  x0:0x00000000
       34775000	      3476	80001520	00000013	addi	x0,x0,0	  x0:0x00000000
       34785000	      3477	80001524	00d36863	bltu	x6,x13,80001534	  x6:0xfffff963 x13:0x00000000
       34795000	      3478	80001528	fcf7eb93	ori	x23,x15,-49	 x15:0x00000007 x23=0xffffffcf
       34805000	      3479	8000152c	d43c2113	slti	x2,x24,-701	 x24:0x000003f3  x2=0x00000000
       34815000	      3480	80001530	9baba213	slti	x4,x23,-1606	 x23:0xffffffcf  x4=0x00000000
       34825000	      3481	80001534	00ac35b3	sltu	x11,x24,x10	 x24:0x000003f3 x10:0x9e49239c x11=0x00000001
       34835000	      3482	80001538	00724a63	blt	x4,x7,8000154c	  x4:0x00000000  x7:0xfffffff3
       34845000	      3483	8000153c	01f8d863	bge	x17,x31,8000154c	 x17:0x0000000e x31:0x00000000
       34855000	      3484	00000000	00000013	addi	x0,x0,0	  x0:0x00000000
       34865000	      3485	80001548	00000013	addi	x0,x0,0	  x0:0x00000000
       34875000	      3486	8000154c	011493b3	sll	x7,x9,x17	  x9:0x8617d606 x17:0x0000000e  x7=0xf5818000
       34885000	      3487	80001550	0a364f93	xori	x31,x12,163	 x12:0xbd5f14d4 x31=0xbd5f1477
       34895000	      3488	80001554	00d2ce63	blt	x5,x13,80001570	  x5:0x80009f5c x13:0x00000000
       34905000	      3489	00000000	00000013	addi	x0,x0,0	  x0:0x00000000
       34915000	      3490	8000156c	00000013	addi	x0,x0,0	  x0:0x00000000
       34925000	      3491	80001570	05cc4863	blt	x24,x28,800015c0	 x24:0x000003f3 x28:0xfffffbad
       34935000	      3492	80001574	40270033	sub	x0,x14,x2	 x14:0x00000007  x2:0x00000000
       34945000	      3493	80001578	ca00ce13	xori	x28,x1,-864	  x1:0x00000000 x28=0xfffffca0
       34955000	      3494	8000157c	40e303b3	sub	x7,x6,x14	  x6:0xfffff963 x14:0x00000007  x7=0xfffff95c
       34965000	      3495	80001580	e1773bb7	lui	x23,0xe1773	 x23=0xe1773000
       34975000	      3496	80001584	a898ba93	sltiu	x21,x17,-1399	 x17:0x0000000e x21=0x00000001
       34985000	      3497	80001588	02657863	bgeu	x10,x6,800015b8	 x10:0x9e49239c  x6:0xfffff963
       34995000	      3498	8000158c	01b46a63	bltu	x8,x27,800015a0	  x8:0x00000000 x27:0xedb034b0
       35005000	      3499	00000000	00000013	addi	x0,x0,0	  x0:0x00000000
       35015000	      3500	8000159c	00000013	addi	x0,x0,0	  x0:0x00000000
       35025000	      3501	800015a0	00ea4a63	blt	x20,x14,800015b4	 x20:0x8617d519 x14:0x00000007
       35035000	      3502	00000000	00000013	addi	x0,x0,0	  x0:0x00000000
       35045000	      3503	800015b0	00000013	addi	x0,x0,0	  x0:0x00000000
       35055000	      3504	800015b4	5b74b713	sltiu	x14,x9,1463	  x9:0x8617d606 x14=0x00000000
       35065000	      3505	800015b8	00000013	addi	x0,x0,0	  x0:0x00000000
       35075000	      3506	800015bc	910bae93	slti	x29,x23,-1776	 x23:0xe1773000 x29=0x00000001
       35085000	      3507	800015c0	419d5393	srai	x7,x26,0x19	 x26:0x8b45d4c8  x7=0xffffffc5
       35095000	      3508	800015c4	005739b3	sltu	x19,x14,x5	 x14:0x00000000  x5:0x80009f5c x19=0x00000001
       35105000	      3509	800015c8	014595b3	sll	x11,x11,x20	 x11:0x00000001 x20:0x8617d519 x11=0x02000000
       35115000	      3510	800015cc	019e9113	slli	x2,x29,0x19	 x29:0x00000001  x2=0x02000000
       35125000	      3511	800015d0	45a3ba93	sltiu	x21,x7,1114	  x7:0xffffffc5 x21=0x00000000
       35135000	      3512	800015d4	00000013	addi	x0,x0,0	  x0:0x00000000
       35145000	      3513	800015d8	cf87f313	andi	x6,x15,-776	 x15:0x00000007  x6=0x00000000
       35155000	      3514	800015dc	8de46013	ori	x0,x8,-1826	  x8:0x00000000
       35165000	      3515	800015e0	4790c993	xori	x19,x1,1145	  x1:0x00000000 x19=0x00000479
       35175000	      3516	800015e4	045ce863	bltu	x25,x5,80001634	 x25:0x00000006  x5:0x80009f5c
       35185000	      3517	00000000	00000013	addi	x0,x0,0	  x0:0x00000000
       35195000	      3518	80001630	00000013	addi	x0,x0,0	  x0:0x00000000
       35205000	      3519	80001634	00451893	slli	x17,x10,0x4	 x10:0x9e49239c x17=0xe49239c0
       35215000	      3520	80001638	86b4b893	sltiu	x17,x9,-1941	  x9:0x8617d606 x17=0x00000001
       35225000	      3521	8000163c	2ca4a693	slti	x13,x9,714	  x9:0x8617d606 x13=0x00000001
       35235000	      3522	80001640	525b3e13	sltiu	x28,x22,1317	 x22:0x79e82e30 x28=0x00000000
       35245000	      3523	80001644	00484c33	xor	x24,x16,x4	 x16:0x00000000  x4:0x00000000 x24=0x00000000
       35255000	      3524	80001648	003f8833	add	x16,x31,x3	 x31:0xbd5f1477  x3:0x50c1e3ba x16=0x0e20f831
       35265000	      3525	8000164c	a9efad13	slti	x26,x31,-1378	 x31:0xbd5f1477 x26=0x00000001
       35275000	      3526	80001650	01b17333	and	x6,x2,x27	  x2:0x02000000 x27:0xedb034b0  x6=0x00000000
       35285000	      3527	80001654	01a681b3	add	x3,x13,x26	 x13:0x00000001 x26:0x00000001  x3=0x00000002
       35295000	      3528	80001658	022e7c63	bgeu	x28,x2,80001690	 x28:0x00000000  x2:0x02000000
       35305000	      3529	8000165c	010554b3	srl	x9,x10,x16	 x10:0x9e49239c x16:0x0e20f831  x9=0x00004f24
       35315000	      3530	80001660	04c6f063	bgeu	x13,x12,800016a0	 x13:0x00000001 x12:0xbd5f14d4
       35325000	      3531	80001664	00000013	addi	x0,x0,0	  x0:0x00000000
       35335000	      3532	80001668	405cd513	srai	x10,x25,0x5	 x25:0x00000006 x10=0x00000000
       35345000	      3533	8000166c	01a7efb3	or	x31,x15,x26	 x15:0x00000007 x26:0x00000001 x31=0x00000007
       35355000	      3534	80001670	0195c863	blt	x11,x25,80001680	 x11:0x02000000 x25:0x00000006
       35365000	      3535	80001674	437477b7	lui	x15,0x43747	 x15=0x43747000
       35375000	      3536	80001678	fced2e13	slti	x28,x26,-50	 x26:0x00000001 x28=0x00000000
       35385000	      3537	8000167c	02a50663	beq	x10,x10,800016a8	 x10:0x00000000 x10:0x00000000
       35395000	      3538	00000000	00000013	addi	x0,x0,0	  x0:0x00000000
       35405000	      3539	800016a4	00000013	addi	x0,x0,0	  x0:0x00000000
       35415000	      3540	800016a8	ee07b193	sltiu	x3,x15,-288	 x15:0x43747000  x3=0x00000001
       35425000	      3541	800016ac	012dee63	bltu	x27,x18,800016c8	 x27:0xedb034b0 x18:0x80009fc4
       35435000	      3542	800016b0	04b79263	bne	x15,x11,800016f4	 x15:0x43747000 x11:0x02000000
       35445000	      3543	00000000	00000013	addi	x0,x0,0	  x0:0x00000000
       35455000	      3544	800016f0	00000013	addi	x0,x0,0	  x0:0x00000000
       35465000	      3545	800016f4	03ae4063	blt	x28,x26,80001714	 x28:0x00000000 x26:0x00000001
       35475000	      3546	00000000	00000013	addi	x0,x0,0	  x0:0x00000000
       35485000	      3547	80001710	00000013	addi	x0,x0,0	  x0:0x00000000
       35495000	      3548	80001714	b687a897	auipc	x17,0xb687a	 x17=0x3687b710
       35505000	      3549	80001718	41958ab3	sub	x21,x11,x25	 x11:0x02000000 x25:0x00000006 x21=0x01fffffa
       35515000	      3550	8000171c	187d2493	slti	x9,x26,391	 x26:0x00000001  x9=0x00000001
       35525000	      3551	80001720	00825193	srli	x3,x4,0x8	  x4:0x00000000  x3=0x00000000
       35535000	      3552	80001724	01f84eb3	xor	x29,x16,x31	 x16:0x0e20f831 x31:0x00000007 x29=0x0e20f836
       35545000	      3553	80001728	003cffb3	and	x31,x25,x3	 x25:0x00000006  x3:0x00000000 x31=0x00000000
       35555000	      3554	8000172c	cae43993	sltiu	x19,x8,-850	  x8:0x00000000 x19=0x00000001
       35565000	      3555	80001730	006d8663	beq	x27,x6,8000173c	 x27:0xedb034b0  x6:0x00000000
       35575000	      3556	80001734	01c25e93	srli	x29,x4,0x1c	  x4:0x00000000 x29=0x00000000
       35585000	      3557	80001738	7e7fe793	ori	x15,x31,2023	 x31:0x00000000 x15=0x000007e7
       35595000	      3558	8000173c	04d88263	beq	x17,x13,80001780	 x17:0x3687b710 x13:0x00000001
       35605000	      3559	80001740	00f954b3	srl	x9,x18,x15	 x18:0x80009fc4 x15:0x000007e7  x9=0x0100013f
       35615000	      3560	80001744	6e78c013	xori	x0,x17,1767	 x17:0x3687b710
       35625000	      3561	80001748	2e0c1e97	auipc	x29,0x2e0c1	 x29=0xae0c2744
       35635000	      3562	8000174c	03897263	bgeu	x18,x24,80001770	 x18:0x80009fc4 x24:0x00000000
       35645000	      3563	00000000	00000013	addi	x0,x0,0	  x0:0x00000000
       35655000	      3564	8000176c	00000013	addi	x0,x0,0	  x0:0x00000000
       35665000	      3565	80001770	3c998f97	auipc	x31,0x3c998	 x31=0xbc99976c
       35675000	      3566	80001774	006ac263	blt	x21,x6,80001778	 x21:0x01fffffa  x6:0x00000000
       35685000	      3567	80001778	0415e063	bltu	x11,x1,800017b8	 x11:0x02000000  x1:0x00000000
       35695000	      3568	8000177c	ac3fe697	auipc	x13,0xac3fe	 x13=0x2c3ff778
       35705000	      3569	80001780	006efeb3	and	x29,x29,x6	 x29:0xae0c2744  x6:0x00000000 x29=0x00000000
       35715000	      3570	80001784	00c5d993	srli	x19,x11,0xc	 x11:0x02000000 x19=0x00002000
       35725000	      3571	80001788	019f9093	slli	x1,x31,0x19	 x31:0xbc99976c  x1=0xd8000000
       35735000	      3572	8000178c	02cd4063	blt	x26,x12,800017ac	 x26:0x00000001 x12:0xbd5f14d4
       35745000	      3573	80001790	00090463	beq	x18,x0,80001798	 x18:0x80009fc4  x0:0x00000000
       35755000	      3574	80001794	419c5a13	srai	x20,x24,0x19	 x24:0x00000000 x20=0x00000000
       35765000	      3575	80001798	03fd8637	lui	x12,0x3fd8	 x12=0x03fd8000
       35775000	      3576	8000179c	00a9ea63	bltu	x19,x10,800017b0	 x19:0x00002000 x10:0x00000000
       35785000	      3577	800017a0	00000013	addi	x0,x0,0	  x0:0x00000000
       35795000	      3578	800017a4	0158d893	srli	x17,x17,0x15	 x17:0x3687b710 x17=0x000001b4
       35805000	      3579	800017a8	0093ffb3	and	x31,x7,x9	  x7:0xffffffc5  x9:0x0100013f x31=0x01000105
       35815000	      3580	800017ac	0060d213	srli	x4,x1,0x6	  x1:0xd8000000  x4=0x03600000
       35825000	      3581	800017b0	02434c63	blt	x6,x4,800017e8	  x6:0x00000000  x4:0x03600000
       35835000	      3582	00000000	00000013	addi	x0,x0,0	  x0:0x00000000
       35845000	      3583	800017e4	00000013	addi	x0,x0,0	  x0:0x00000000
       35855000	      3584	800017e8	00000013	addi	x0,x0,0	  x0:0x00000000
       35865000	      3585	800017ec	026cc263	blt	x25,x6,80001810	 x25:0x00000006  x6:0x00000000
       35875000	      3586	800017f0	01f265b3	or	x11,x4,x31	  x4:0x03600000 x31:0x01000105 x11=0x03600105
       35885000	      3587	800017f4	0558c263	blt	x17,x21,80001838	 x17:0x000001b4 x21:0x01fffffa
       35895000	      3588	00000000	00000013	addi	x0,x0,0	  x0:0x00000000
       35905000	      3589	80001834	00000013	addi	x0,x0,0	  x0:0x00000000
       35915000	      3590	80001838	1dfcb313	sltiu	x6,x25,479	 x25:0x00000006  x6=0x00000001
       35925000	      3591	8000183c	dca2f893	andi	x17,x5,-566	  x5:0x80009f5c x17=0x80009d48
       35935000	      3592	80001840	af8fb713	sltiu	x14,x31,-1288	 x31:0x01000105 x14=0x00000001
       35945000	      3593	80001844	b0744697	auipc	x13,0xb0744	 x13=0x30745840
       35955000	      3594	80001848	00b4b0b3	sltu	x1,x9,x11	  x9:0x0100013f x11:0x03600105  x1=0x00000001
       35965000	      3595	8000184c	123dbf17	auipc	x30,0x123db	 x30=0x923dc848
       35975000	      3596	80001850	026c6c63	bltu	x24,x6,80001888	 x24:0x00000000  x6:0x00000001
       35985000	      3597	00000000	00000013	addi	x0,x0,0	  x0:0x00000000
       35995000	      3598	80001884	00000013	addi	x0,x0,0	  x0:0x00000000
       36005000	      3599	80001888	01c13db3	sltu	x27,x2,x28	  x2:0x02000000 x28:0x00000000 x27=0x00000000
       36015000	      3600	8000188c	01c593b3	sll	x7,x11,x28	 x11:0x03600105 x28:0x00000000  x7=0x03600105
       36025000	      3601	80001890	7ffbca93	xori	x21,x23,2047	 x23:0xe1773000 x21=0xe17737ff
       36035000	      3602	80001894	f8398593	addi	x11,x19,-125	 x19:0x00002000 x11=0x00001f83
       36045000	      3603	80001898	861db713	sltiu	x14,x27,-1951	 x27:0x00000000 x14=0x00000001
       36055000	      3604	8000189c	007395b3	sll	x11,x7,x7	  x7:0x03600105  x7:0x03600105 x11=0x6c0020a0
       36065000	      3605	800018a0	27acaa93	slti	x21,x25,634	 x25:0x00000006 x21=0x00000001
       36075000	      3606	800018a4	93390793	addi	x15,x18,-1741	 x18:0x80009fc4 x15=0x800098f7
       36085000	      3607	800018a8	58d1ebb7	lui	x23,0x58d1e	 x23=0x58d1e000
       36095000	      3608	800018ac	02bf1263	bne	x30,x11,800018d0	 x30:0x923dc848 x11:0x6c0020a0
       36105000	      3609	00000000	00000013	addi	x0,x0,0	  x0:0x00000000
       36115000	      3610	800018cc	00000013	addi	x0,x0,0	  x0:0x00000000
       36125000	      3611	800018d0	018b3533	sltu	x10,x22,x24	 x22:0x79e82e30 x24:0x00000000 x10=0x00000000
       36135000	      3612	800018d4	06d8da97	auipc	x21,0x6d8d	 x21=0x86d8e8d0
       36145000	      3613	800018d8	48b17b13	andi	x22,x2,1163	  x2:0x02000000 x22=0x00000000
       36155000	      3614	800018dc	41db8b33	sub	x22,x23,x29	 x23:0x58d1e000 x29:0x00000000 x22=0x58d1e000
       36165000	      3615	800018e0	01200a63	beq	x0,x18,800018f4	  x0:0x00000000 x18:0x80009fc4
       36175000	      3616	800018e4	03040663	beq	x8,x16,80001910	  x8:0x00000000 x16:0x0e20f831
       36185000	      3617	800018e8	00154263	blt	x10,x1,800018ec	 x10:0x00000000  x1:0x00000001
       36195000	      3618	00000000	00000013	addi	x0,x0,0	  x0:0x00000000
       36205000	      3619	800018e8	00000013	addi	x0,x0,0	  x0:0x00000000
       36215000	      3620	800018ec	0003d5b3	srl	x11,x7,x0	  x7:0x03600105  x0:0x00000000 x11=0x03600105
       36225000	      3621	800018f0	f15d3213	sltiu	x4,x26,-235	 x26:0x00000001  x4=0x00000001
       36235000	      3622	800018f4	010636b3	sltu	x13,x12,x16	 x12:0x03fd8000 x16:0x0e20f831 x13=0x00000001
       36245000	      3623	800018f8	9a2f2317	auipc	x6,0x9a2f2	  x6=0x1a2f38f4
       36255000	      3624	800018fc	c03ce413	ori	x8,x25,-1021	 x25:0x00000006  x8=0xfffffc07
       36265000	      3625	80001900	00902833	slt	x16,x0,x9	  x0:0x00000000  x9:0x0100013f x16=0x00000001
       36275000	      3626	80001904	c1377713	andi	x14,x14,-1005	 x14:0x00000001 x14=0x00000001
       36285000	      3627	80001908	0030dab3	srl	x21,x1,x3	  x1:0x00000001  x3:0x00000000 x21=0x00000001
       36295000	      3628	8000190c	0185bf33	sltu	x30,x11,x24	 x11:0x03600105 x24:0x00000000 x30=0x00000000
       36305000	      3629	80001910	4056d893	srai	x17,x13,0x5	 x13:0x00000001 x17=0x00000000
       36315000	      3630	80001914	0185c463	blt	x11,x24,8000191c	 x11:0x03600105 x24:0x00000000
       36325000	      3631	80001918	2df68713	addi	x14,x13,735	 x13:0x00000001 x14=0x000002e0
       36335000	      3632	8000191c	88892117	auipc	x2,0x88892	  x2=0x08893918
       36345000	      3633	80001920	0b571063	bne	x14,x21,800019c0	 x14:0x000002e0 x21:0x00000001
       36355000	      3634	00000000	00000013	addi	x0,x0,0	  x0:0x00000000
       36365000	      3635	800019bc	00000013	addi	x0,x0,0	  x0:0x00000000
       36375000	      3636	800019c0	00b64e63	blt	x12,x11,800019dc	 x12:0x03fd8000 x11:0x03600105
       36385000	      3637	800019c4	00126a33	or	x20,x4,x1	  x4:0x00000001  x1:0x00000001 x20=0x00000001
       36395000	      3638	800019c8	f0ce3d13	sltiu	x26,x28,-244	 x28:0x00000000 x26=0x00000001
       36405000	      3639	800019cc	db093513	sltiu	x10,x18,-592	 x18:0x80009fc4 x10=0x00000001
       36415000	      3640	800019d0	f625ba93	sltiu	x21,x11,-158	 x11:0x03600105 x21=0x00000001
       36425000	      3641	800019d4	03629863	bne	x5,x22,80001a04	  x5:0x80009f5c x22:0x58d1e000
       36435000	      3642	00000000	00000013	addi	x0,x0,0	  x0:0x00000000
       36445000	      3643	80001a00	00000013	addi	x0,x0,0	  x0:0x00000000
       36455000	      3644	80001a04	41258533	sub	x10,x11,x18	 x11:0x03600105 x18:0x80009fc4 x10=0x835f6141
       36465000	      3645	80001a08	017ee533	or	x10,x29,x23	 x29:0x00000000 x23:0x58d1e000 x10=0x58d1e000
       36475000	      3646	80001a0c	00854e33	xor	x28,x10,x8	 x10:0x58d1e000  x8:0xfffffc07 x28=0xa72e1c07
       36485000	      3647	80001a10	04c3cc63	blt	x7,x12,80001a68	  x7:0x03600105 x12:0x03fd8000
       36495000	      3648	00000000	00000013	addi	x0,x0,0	  x0:0x00000000
       36505000	      3649	80001a64	00000013	addi	x0,x0,0	  x0:0x00000000
       36515000	      3650	80001a68	0a3c0837	lui	x16,0xa3c0	 x16=0x0a3c0000
       36525000	      3651	80001a6c	002cf8b3	and	x17,x25,x2	 x25:0x00000006  x2:0x08893918 x17=0x00000000
       36535000	      3652	80001a70	011925b3	slt	x11,x18,x17	 x18:0x80009fc4 x17:0x00000000 x11=0x00000001
       36545000	      3653	80001a74	c6ac6e93	ori	x29,x24,-918	 x24:0x00000000 x29=0xfffffc6a
       36555000	      3654	80001a78	485f2c13	slti	x24,x30,1157	 x30:0x00000000 x24=0x00000001
       36565000	      3655	80001a7c	a36eca13	xori	x20,x29,-1482	 x29:0xfffffc6a x20=0x0000065c
       36575000	      3656	80001a80	004b24b3	slt	x9,x22,x4	 x22:0x58d1e000  x4:0x00000001  x9=0x00000000
       36585000	      3657	80001a84	cde32f93	slti	x31,x6,-802	  x6:0x1a2f38f4 x31=0x00000000
       36595000	      3658	80001a88	008e7033	and	x0,x28,x8	 x28:0xa72e1c07  x8:0xfffffc07
       36605000	      3659	80001a8c	65cb0b37	lui	x22,0x65cb0	 x22=0x65cb0000
       36615000	      3660	80001a90	9b8a6793	ori	x15,x20,-1608	 x20:0x0000065c x15=0xfffffffc
       36625000	      3661	80001a94	011dc8b3	xor	x17,x27,x17	 x27:0x00000000 x17:0x00000000 x17=0x00000000
       36635000	      3662	80001a98	02b59063	bne	x11,x11,80001ab8	 x11:0x00000001 x11:0x00000001
       36645000	      3663	80001a9c	04ba0063	beq	x20,x11,80001adc	 x20:0x0000065c x11:0x00000001
       36655000	      3664	80001aa0	415d0fb3	sub	x31,x26,x21	 x26:0x00000001 x21:0x00000001 x31=0x00000000
       36665000	      3665	80001aa4	01be46b3	xor	x13,x28,x27	 x28:0xa72e1c07 x27:0x00000000 x13=0xa72e1c07
       36675000	      3666	80001aa8	d89a4e93	xori	x29,x20,-631	 x20:0x0000065c x29=0xfffffbd5
       36685000	      3667	80001aac	41dad6b3	sra	x13,x21,x29	 x21:0x00000001 x29:0xfffffbd5 x13=0x00000000
       36695000	      3668	80001ab0	002ab613	sltiu	x12,x21,2	 x21:0x00000001 x12=0x00000001
       36705000	      3669	80001ab4	0a640093	addi	x1,x8,166	  x8:0xfffffc07  x1=0xfffffcad
       36715000	      3670	80001ab8	016aee33	or	x28,x21,x22	 x21:0x00000001 x22:0x65cb0000 x28=0x65cb0001
       36725000	      3671	80001abc	403850b3	sra	x1,x16,x3	 x16:0x0a3c0000  x3:0x00000000  x1=0x0a3c0000
       36735000	      3672	80001ac0	012b21b3	slt	x3,x22,x18	 x22:0x65cb0000 x18:0x80009fc4  x3=0x00000000
       36745000	      3673	80001ac4	01e71b93	slli	x23,x14,0x1e	 x14:0x000002e0 x23=0x00000000
       36755000	      3674	80001ac8	c5f0a793	slti	x15,x1,-929	  x1:0x0a3c0000 x15=0x00000000
       36765000	      3675	80001acc	01ccfab3	and	x21,x25,x28	 x25:0x00000006 x28:0x65cb0001 x21=0x00000000
       36775000	      3676	80001ad0	4048dd93	srai	x27,x17,0x4	 x17:0x00000000 x27=0x00000000
       36785000	      3677	80001ad4	00096db3	or	x27,x18,x0	 x18:0x80009fc4  x0:0x00000000 x27=0x80009fc4
       36795000	      3678	80001ad8	dbdfcb93	xori	x23,x31,-579	 x31:0x00000000 x23=0xfffffdbd
       36805000	      3679	80001adc	16703013	sltiu	x0,x0,359	  x0:0x00000000
       36815000	      3680	80001ae0	412d5bb3	sra	x23,x26,x18	 x26:0x00000001 x18:0x80009fc4 x23=0x00000000
       36825000	      3681	80001ae4	004f2733	slt	x14,x30,x4	 x30:0x00000000  x4:0x00000001 x14=0x00000001
       36835000	      3682	80001ae8	4016d533	sra	x10,x13,x1	 x13:0x00000000  x1:0x0a3c0000 x10=0x00000000
       36845000	      3683	80001aec	000bda93	srli	x21,x23,0x0	 x23:0x00000000 x21=0x00000000
       36855000	      3684	80001af0	01833c33	sltu	x24,x6,x24	  x6:0x1a2f38f4 x24:0x00000001 x24=0x00000000
       36865000	      3685	80001af4	b4dfad13	slti	x26,x31,-1203	 x31:0x00000000 x26=0x00000000
       36875000	      3686	80001af8	40845513	srai	x10,x8,0x8	  x8:0xfffffc07 x10=0xfffffffc
       36885000	      3687	80001afc	00ce0b33	add	x22,x28,x12	 x28:0x65cb0001 x12:0x00000001 x22=0x65cb0002
       36895000	      3688	80001b00	0125d213	srli	x4,x11,0x12	 x11:0x00000001  x4=0x00000000
       36905000	      3689	80001b04	00894533	xor	x10,x18,x8	 x18:0x80009fc4  x8:0xfffffc07 x10=0x7fff63c3
       36915000	      3690	80001b08	01898733	add	x14,x19,x24	 x19:0x00002000 x24:0x00000000 x14=0x00002000
       36925000	      3691	80001b0c	00289d93	slli	x27,x17,0x2	 x17:0x00000000 x27=0x00000000
       36935000	      3692	80001b10	02fd9663	bne	x27,x15,80001b3c	 x27:0x00000000 x15:0x00000000
       36945000	      3693	80001b14	00000013	addi	x0,x0,0	  x0:0x00000000
       36955000	      3694	80001b18	03140863	beq	x8,x17,80001b48	  x8:0xfffffc07 x17:0x00000000
       36965000	      3695	80001b1c	002ca033	slt	x0,x25,x2	 x25:0x00000006  x2:0x08893918
       36975000	      3696	80001b20	007cebb3	or	x23,x25,x7	 x25:0x00000006  x7:0x03600105 x23=0x03600107
       36985000	      3697	80001b24	0567f663	bgeu	x15,x22,80001b70	 x15:0x00000000 x22:0x65cb0002
       36995000	      3698	80001b28	9367be93	sltiu	x29,x15,-1738	 x15:0x00000000 x29=0x00000001
       37005000	      3699	80001b2c	01ef25b3	slt	x11,x30,x30	 x30:0x00000000 x30:0x00000000 x11=0x00000000
       37015000	      3700	80001b30	40f85513	srai	x10,x16,0xf	 x16:0x0a3c0000 x10=0x00001478
       37025000	      3701	80001b34	01b5dd33	srl	x26,x11,x27	 x11:0x00000000 x27:0x00000000 x26=0x00000000
       37035000	      3702	80001b38	01f40663	beq	x8,x31,80001b44	  x8:0xfffffc07 x31:0x00000000
       37045000	      3703	80001b3c	00000013	addi	x0,x0,0	  x0:0x00000000
       37055000	      3704	80001b40	0588f263	bgeu	x17,x24,80001b84	 x17:0x00000000 x24:0x00000000
       37065000	      3705	00000000	00000013	addi	x0,x0,0	  x0:0x00000000
       37075000	      3706	80001b80	00000013	addi	x0,x0,0	  x0:0x00000000
       37085000	      3707	80001b84	00000013	addi	x0,x0,0	  x0:0x00000000
       37095000	      3708	80001b88	01da6e33	or	x28,x20,x29	 x20:0x0000065c x29:0x00000001 x28=0x0000065d
       37105000	      3709	80001b8c	003e9993	slli	x19,x29,0x3	 x29:0x00000001 x19=0x00000008
       37115000	      3710	80001b90	52a53e93	sltiu	x29,x10,1322	 x10:0x00001478 x29=0x00000000
       37125000	      3711	80001b94	00000013	addi	x0,x0,0	  x0:0x00000000
       37135000	      3712	80001b98	c471a0b7	lui	x1,0xc471a	  x1=0xc471a000
       37145000	      3713	80001b9c	005b1633	sll	x12,x22,x5	 x22:0x65cb0002  x5:0x80009f5c x12=0x20000000
       37155000	      3714	80001ba0	635e0d13	addi	x26,x28,1589	 x28:0x0000065d x26=0x00000c92
       37165000	      3715	80001ba4	00976bb3	or	x23,x14,x9	 x14:0x00002000  x9:0x00000000 x23=0x00002000
       37175000	      3716	80001ba8	b2cac817	auipc	x16,0xb2cac	 x16=0x32cadba4
       37185000	      3717	80001bac	fad67993	andi	x19,x12,-83	 x12:0x20000000 x19=0x20000000
       37195000	      3718	80001bb0	018b4bb3	xor	x23,x22,x24	 x22:0x65cb0002 x24:0x00000000 x23=0x65cb0002
       37205000	      3719	80001bb4	403608b3	sub	x17,x12,x3	 x12:0x20000000  x3:0x00000000 x17=0x20000000
       37215000	      3720	80001bb8	03998813	addi	x16,x19,57	 x19:0x20000000 x16=0x20000039
       37225000	      3721	80001bbc	eb6d2313	slti	x6,x26,-330	 x26:0x00000c92  x6=0x00000000
       37235000	      3722	80001bc0	019bc863	blt	x23,x25,80001bd0	 x23:0x65cb0002 x25:0x00000006
       37245000	      3723	80001bc4	ca1ad797	auipc	x15,0xca1ad	 x15=0x4a1aebc0
       37255000	      3724	80001bc8	c72f0e13	addi	x28,x30,-910	 x30:0x00000000 x28=0xfffffc72
       37265000	      3725	80001bcc	a2b6e713	ori	x14,x13,-1493	 x13:0x00000000 x14=0xfffffa2b
       37275000	      3726	80001bd0	00f81a63	bne	x16,x15,80001be4	 x16:0x20000039 x15:0x4a1aebc0
       37285000	      3727	00000000	00000013	addi	x0,x0,0	  x0:0x00000000
       37295000	      3728	80001be0	00000013	addi	x0,x0,0	  x0:0x00000000
       37305000	      3729	80001be4	01f319b3	sll	x19,x6,x31	  x6:0x00000000 x31:0x00000000 x19=0x00000000
       37315000	      3730	80001be8	00087e63	bgeu	x16,x0,80001c04	 x16:0x20000039  x0:0x00000000
       37325000	      3731	00000000	00000013	addi	x0,x0,0	  x0:0x00000000
       37335000	      3732	80001c00	00000013	addi	x0,x0,0	  x0:0x00000000
       37345000	      3733	80001c04	00000013	addi	x0,x0,0	  x0:0x00000000
       37355000	      3734	80001c08	821d4693	xori	x13,x26,-2015	 x26:0x00000c92 x13=0xfffff4b3
       37365000	      3735	80001c0c	00000013	addi	x0,x0,0	  x0:0x00000000
       37375000	      3736	80001c10	00000013	addi	x0,x0,0	  x0:0x00000000
       37385000	      3737	80001c14	00694e33	xor	x28,x18,x6	 x18:0x80009fc4  x6:0x00000000 x28=0x80009fc4
       37395000	      3738	80001c18	4079d313	srai	x6,x19,0x7	 x19:0x00000000  x6=0x00000000
       37405000	      3739	80001c1c	404009b3	sub	x19,x0,x4	  x0:0x00000000  x4:0x00000000 x19=0x00000000
       37415000	      3740	80001c20	00770a63	beq	x14,x7,80001c34	 x14:0xfffffa2b  x7:0x03600105
       37425000	      3741	80001c24	00ac5713	srli	x14,x24,0xa	 x24:0x00000000 x14=0x00000000
       37435000	      3742	80001c28	d02e0d13	addi	x26,x28,-766	 x28:0x80009fc4 x26=0x80009cc6
       37445000	      3743	80001c2c	01669813	slli	x16,x13,0x16	 x13:0xfffff4b3 x16=0x2cc00000
       37455000	      3744	80001c30	adb6a613	slti	x12,x13,-1317	 x13:0xfffff4b3 x12=0x00000001
       37465000	      3745	80001c34	01f6e263	bltu	x13,x31,80001c38	 x13:0xfffff4b3 x31:0x00000000
       37475000	      3746	80001c38	0158b6b3	sltu	x13,x17,x21	 x17:0x20000000 x21:0x00000000 x13=0x00000000
       37485000	      3747	80001c3c	411cd6b3	sra	x13,x25,x17	 x25:0x00000006 x17:0x20000000 x13=0x00000006
       37495000	      3748	80001c40	769c0d93	addi	x27,x24,1897	 x24:0x00000000 x27=0x00000769
       37505000	      3749	80001c44	0376cc63	blt	x13,x23,80001c7c	 x13:0x00000006 x23:0x65cb0002
       37515000	      3750	00000000	00000013	addi	x0,x0,0	  x0:0x00000000
       37525000	      3751	80001c78	00000013	addi	x0,x0,0	  x0:0x00000000
       37535000	      3752	80001c7c	045a9063	bne	x21,x5,80001cbc	 x21:0x00000000  x5:0x80009f5c
       37545000	      3753	00000000	00000013	addi	x0,x0,0	  x0:0x00000000
       37555000	      3754	80001cb8	00000013	addi	x0,x0,0	  x0:0x00000000
       37565000	      3755	80001cbc	004661b3	or	x3,x12,x4	 x12:0x00000001  x4:0x00000000  x3=0x00000001
       37575000	      3756	80001cc0	00000013	addi	x0,x0,0	  x0:0x00000000
       37585000	      3757	80001cc4	01d8d333	srl	x6,x17,x29	 x17:0x20000000 x29:0x00000000  x6=0x20000000
       37595000	      3758	80001cc8	01c51263	bne	x10,x28,80001ccc	 x10:0x00001478 x28:0x80009fc4
       37605000	      3759	00000000	00000013	addi	x0,x0,0	  x0:0x00000000
       37615000	      3760	80001cc8	00000013	addi	x0,x0,0	  x0:0x00000000
       37625000	      3761	80001ccc	0194d863	bge	x9,x25,80001cdc	  x9:0x00000000 x25:0x00000006
       37635000	      3762	80001cd0	018353b3	srl	x7,x6,x24	  x6:0x20000000 x24:0x00000000  x7=0x20000000
       37645000	      3763	80001cd4	00d3bfb3	sltu	x31,x7,x13	  x7:0x20000000 x13:0x00000006 x31=0x00000000
       37655000	      3764	80001cd8	9fb2a413	slti	x8,x5,-1541	  x5:0x80009f5c  x8=0x00000001
       37665000	      3765	80001cdc	01ef6e63	bltu	x30,x30,80001cf8	 x30:0x00000000 x30:0x00000000
       37675000	      3766	80001ce0	89880693	addi	x13,x16,-1896	 x16:0x2cc00000 x13=0x2cbff898
       37685000	      3767	80001ce4	da7ff193	andi	x3,x31,-601	 x31:0x00000000  x3=0x00000000
       37695000	      3768	80001ce8	41518733	sub	x14,x3,x21	  x3:0x00000000 x21:0x00000000 x14=0x00000000
       37705000	      3769	80001cec	03208c63	beq	x1,x18,80001d24	  x1:0xc471a000 x18:0x80009fc4
       37715000	      3770	80001cf0	410ad6b3	sra	x13,x21,x16	 x21:0x00000000 x16:0x2cc00000 x13=0x00000000
       37725000	      3771	80001cf4	63b16593	ori	x11,x2,1595	  x2:0x08893918 x11=0x08893f3b
       37735000	      3772	80001cf8	007c1c33	sll	x24,x24,x7	 x24:0x00000000  x7:0x20000000 x24=0x00000000
       37745000	      3773	80001cfc	410f5d93	srai	x27,x30,0x10	 x30:0x00000000 x27=0x00000000
       37755000	      3774	80001d00	004dd213	srli	x4,x27,0x4	 x27:0x00000000  x4=0x00000000
       37765000	      3775	80001d04	a7d10717	auipc	x14,0xa7d10	 x14=0x27d11d00
       37775000	      3776	80001d08	047dc663	blt	x27,x7,80001d54	 x27:0x00000000  x7:0x20000000
       37785000	      3777	00000000	00000013	addi	x0,x0,0	  x0:0x00000000
       37795000	      3778	80001d50	00000013	addi	x0,x0,0	  x0:0x00000000
       37805000	      3779	80001d54	6fd4bf13	sltiu	x30,x9,1789	  x9:0x00000000 x30=0x00000001
       37815000	      3780	80001d58	a251a137	lui	x2,0xa251a	  x2=0xa251a000
       37825000	      3781	80001d5c	41510633	sub	x12,x2,x21	  x2:0xa251a000 x21:0x00000000 x12=0xa251a000
       37835000	      3782	80001d60	02a9f063	bgeu	x19,x10,80001d80	 x19:0x00000000 x10:0x00001478
       37845000	      3783	80001d64	00d95713	srli	x14,x18,0xd	 x18:0x80009fc4 x14=0x00040004
       37855000	      3784	80001d68	00000013	addi	x0,x0,0	  x0:0x00000000
       37865000	      3785	80001d6c	01aab833	sltu	x16,x21,x26	 x21:0x00000000 x26:0x80009cc6 x16=0x00000001
       37875000	      3786	80001d70	012e5633	srl	x12,x28,x18	 x28:0x80009fc4 x18:0x80009fc4 x12=0x080009fc
       37885000	      3787	80001d74	029cc663	blt	x25,x9,80001da0	 x25:0x00000006  x9:0x00000000
       37895000	      3788	80001d78	01c71093	slli	x1,x14,0x1c	 x14:0x00040004  x1=0x40000000
       37905000	      3789	80001d7c	fc2dbf93	sltiu	x31,x27,-62	 x27:0x00000000 x31=0x00000001
       37915000	      3790	80001d80	92c72313	slti	x6,x14,-1748	 x14:0x00040004  x6=0x00000000
       37925000	      3791	80001d84	e685f693	andi	x13,x11,-408	 x11:0x08893f3b x13=0x08893e28
       37935000	      3792	80001d88	0118cc63	blt	x17,x17,80001da0	 x17:0x20000000 x17:0x20000000
       37945000	      3793	80001d8c	00000013	addi	x0,x0,0	  x0:0x00000000
       37955000	      3794	80001d90	0052f7b3	and	x15,x5,x5	  x5:0x80009f5c  x5:0x80009f5c x15=0x80009f5c
       37965000	      3795	80001d94	01eb1fb3	sll	x31,x22,x30	 x22:0x65cb0002 x30:0x00000001 x31=0xcb960004
       37975000	      3796	80001d98	00d34463	blt	x6,x13,80001da0	  x6:0x00000000 x13:0x08893e28
       37985000	      3797	00000000	00000013	addi	x0,x0,0	  x0:0x00000000
       37995000	      3798	80001d9c	00000013	addi	x0,x0,0	  x0:0x00000000
       38005000	      3799	80001da0	016ff7b3	and	x15,x31,x22	 x31:0xcb960004 x22:0x65cb0002 x15=0x41820000
       38015000	      3800	80001da4	0042af03	lw	x30,4(x5)	  x5:0x80009f5c x30=0x800001a4 PA:0x80009f60
       38025000	      3801	80001da8	018cd733	srl	x14,x25,x24	 x25:0x00000006 x24:0x00000000 x14=0x00000006
       38035000	      3802	80001dac	41dc8233	sub	x4,x25,x29	 x25:0x00000006 x29:0x00000000  x4=0x00000006
       38045000	      3803	80001db0	02828293	addi	x5,x5,40	  x5:0x80009f5c  x5=0x80009f84
       38055000	      3804	80001db4	017fd813	srli	x16,x31,0x17	 x31:0xcb960004 x16=0x00000197
       38065000	      3805	80001db8	001f0f13	addi	x30,x30,1	 x30:0x800001a4 x30=0x800001a5
       38075000	      3806	80001dbc	000f0f67	jalr	x30,x30,0	 x30:0x800001a5 x30=0x80001dbc
       38085000	      3807	00000000	00000013	addi	x0,x0,0	  x0:0x00000000
       38095000	      3808	800001a4	00000013	addi	x0,x0,0	  x0:0x00000000
       38105000	      3809	800001a8	cc5cb813	sltiu	x16,x25,-827	 x25:0x00000006 x16=0x00000001
       38115000	      3810	800001ac	5d073617	auipc	x12,0x5d073	 x12=0xdd0731a8
       38125000	      3811	800001b0	01117733	and	x14,x2,x17	  x2:0xa251a000 x17:0x20000000 x14=0x20000000
       38135000	      3812	800001b4	f1a00393	addi	x7,x0,-230	  x0:0x00000000  x7=0xffffff1a
       38145000	      3813	800001b8	009f7a33	and	x20,x30,x9	 x30:0x80001dbc  x9:0x00000000 x20=0x00000000
       38155000	      3814	800001bc	00bc1f93	slli	x31,x24,0xb	 x24:0x00000000 x31=0x00000000
       38165000	      3815	800001c0	72ddbd93	sltiu	x27,x27,1837	 x27:0x00000000 x27=0x00000001
       38175000	      3816	800001c4	40dcdd93	srai	x27,x25,0xd	 x25:0x00000006 x27=0x00000000
       38185000	      3817	800001c8	01bd1993	slli	x19,x26,0x1b	 x26:0x80009cc6 x19=0x30000000
       38195000	      3818	800001cc	01a7d613	srli	x12,x15,0x1a	 x15:0x41820000 x12=0x00000010
       38205000	      3819	800001d0	0304ea63	bltu	x9,x16,80000204	  x9:0x00000000 x16:0x00000001
       38215000	      3820	00000000	00000013	addi	x0,x0,0	  x0:0x00000000
       38225000	      3821	80000200	00000013	addi	x0,x0,0	  x0:0x00000000
       38235000	      3822	80000204	007063b3	or	x7,x0,x7	  x0:0x00000000  x7:0xffffff1a  x7=0xffffff1a
       38245000	      3823	80000208	002d13b3	sll	x7,x26,x2	 x26:0x80009cc6  x2:0xa251a000  x7=0x80009cc6
       38255000	      3824	8000020c	00c0d463	bge	x1,x12,80000214	  x1:0x40000000 x12:0x00000010
       38265000	      3825	00000000	00000013	addi	x0,x0,0	  x0:0x00000000
       38275000	      3826	80000210	00000013	addi	x0,x0,0	  x0:0x00000000
       38285000	      3827	80000214	2042b813	sltiu	x16,x5,516	  x5:0x80009f84 x16=0x00000000
       38295000	      3828	80000218	01bae863	bltu	x21,x27,80000228	 x21:0x00000000 x27:0x00000000
       38305000	      3829	8000021c	01436a63	bltu	x6,x20,80000230	  x6:0x00000000 x20:0x00000000
       38315000	      3830	80000220	d1247793	andi	x15,x8,-750	  x8:0x00000001 x15=0x00000000
       38325000	      3831	80000224	03317a63	bgeu	x2,x19,80000258	  x2:0xa251a000 x19:0x30000000
       38335000	      3832	00000000	00000013	addi	x0,x0,0	  x0:0x00000000
       38345000	      3833	80000254	00000013	addi	x0,x0,0	  x0:0x00000000
       38355000	      3834	80000258	016d5f13	srli	x30,x26,0x16	 x26:0x80009cc6 x30=0x00000200
       38365000	      3835	8000025c	01fef0b3	and	x1,x29,x31	 x29:0x00000000 x31:0x00000000  x1=0x00000000
       38375000	      3836	80000260	00000c97	auipc	x25,0x0	 x25=0x8000025c
       38385000	      3837	80000264	00cc8c93	addi	x25,x25,12	 x25:0x8000025c x25=0x80000268
       38395000	      3838	80000268	000c8067	jalr	x0,x25,0	 x25:0x80000268
       38405000	      3839	00000000	00000013	addi	x0,x0,0	  x0:0x00000000
       38415000	      3840	80000268	00000013	addi	x0,x0,0	  x0:0x00000000
       38425000	      3841	8000026c	00100193	addi	x3,x0,1	  x0:0x00000000  x3=0x00000001
       38435000	      3842	80000270	00000073	ecall	
       38445000	      3843	80000274	010b7263	bgeu	x22,x16,80000278	 x22:0x65cb0002 x16:0x00000000
