		Time			Cycle	PC		Insn	Decoded instruction	Register and memory contents
          65000	         5	80000004	00000293	addi	x5,x0,0	  x0:0x00000000  x5=0x00000000
          75000	         6	80000008	00000313	addi	x6,x0,0	  x0:0x00000000  x6=0x00000000
          85000	         7	8000000c	00628263	beq	x5,x6,80000010	  x5:0x00000000  x6:0x00000000
          95000	         8	00000000	00000013	addi	x0,x0,0	  x0:0x00000000
         105000	         9	8000000c	00000013	addi	x0,x0,0	  x0:0x00000000
         115000	        10	80000010	00000897	auipc	x17,0x0	 x17=0x8000000c
         125000	        11	80000014	00c88893	addi	x17,x17,12	 x17:0x8000000c x17=0x80000018
         135000	        12	80000018	00088067	jalr	x0,x17,0	 x17:0x80000018
         145000	        13	00000000	00000013	addi	x0,x0,0	  x0:0x00000000
         155000	        14	80000018	00000013	addi	x0,x0,0	  x0:0x00000000
         165000	        15	8000001c	40000eb7	lui	x29,0x40000	 x29=0x40000000
         175000	        16	80000020	100e8e93	addi	x29,x29,256	 x29:0x40000000 x29=0x40000100
         185000	        17	80000024	00000013	addi	x0,x0,0	  x0:0x00000000
         195000	        18	80000028	0000a697	auipc	x13,0xa	 x13=0x8000a024
         205000	        19	8000002c	fa068693	addi	x13,x13,-96	 x13:0x8000a024 x13=0x80009fc4
         215000	        20	80000030	00005e97	auipc	x29,0x5	 x29=0x8000502c
         225000	        21	80000034	134e8e93	addi	x29,x29,308	 x29:0x8000502c x29=0x80005160
         235000	        22	80000038	001eee93	ori	x29,x29,1	 x29:0x80005160 x29=0x80005161
         245000	        23	8000003c	00000013	addi	x0,x0,0	  x0:0x00000000
         255000	        24	80000040	00000e97	auipc	x29,0x0	 x29=0x8000003c
         265000	        25	80000044	020e8e93	addi	x29,x29,32	 x29:0x8000003c x29=0x8000005c
         275000	        26	80000048	00000013	addi	x0,x0,0	  x0:0x00000000
         285000	        27	8000004c	00000013	addi	x0,x0,0	  x0:0x00000000
         295000	        28	80000050	00002eb7	lui	x29,0x2	 x29=0x00002000
         305000	        29	80000054	800e8e93	addi	x29,x29,-2048	 x29:0x00002000 x29=0x00001800
         315000	        30	80000058	00000013	addi	x0,x0,0	  x0:0x00000000
         325000	        31	8000005c	00000013	addi	x0,x0,0	  x0:0x00000000
         335000	        32	80000060	80000037	lui	x0,0x80000	
         345000	        33	80000064	00000013	addi	x0,x0,0	  x0:0x00000000
         355000	        34	80000068	800000b7	lui	x1,0x80000	  x1=0x80000000
         365000	        35	8000006c	80000137	lui	x2,0x80000	  x2=0x80000000
         375000	        36	80000070	13cb61b7	lui	x3,0x13cb6	  x3=0x13cb6000
         385000	        37	80000074	48f18193	addi	x3,x3,1167	  x3:0x13cb6000  x3=0x13cb648f
         395000	        38	80000078	34dd4237	lui	x4,0x34dd4	  x4=0x34dd4000
         405000	        39	8000007c	34720213	addi	x4,x4,839	  x4:0x34dd4000  x4=0x34dd4347
         415000	        40	80000080	800002b7	lui	x5,0x80000	  x5=0x80000000
         425000	        41	80000084	fd8b9337	lui	x6,0xfd8b9	  x6=0xfd8b9000
         435000	        42	80000088	c1930313	addi	x6,x6,-999	  x6:0xfd8b9000  x6=0xfd8b8c19
         445000	        43	8000008c	00b00393	addi	x7,x0,11	  x0:0x00000000  x7=0x0000000b
         455000	        44	80000090	80000437	lui	x8,0x80000	  x8=0x80000000
         465000	        45	80000094	3c5ef4b7	lui	x9,0x3c5ef	  x9=0x3c5ef000
         475000	        46	80000098	68c48493	addi	x9,x9,1676	  x9:0x3c5ef000  x9=0x3c5ef68c
         485000	        47	8000009c	3f12a5b7	lui	x11,0x3f12a	 x11=0x3f12a000
         495000	        48	800000a0	e4b58593	addi	x11,x11,-437	 x11:0x3f12a000 x11=0x3f129e4b
         505000	        49	800000a4	00200613	addi	x12,x0,2	  x0:0x00000000 x12=0x00000002
         515000	        50	800000a8	f5dd8737	lui	x14,0xf5dd8	 x14=0xf5dd8000
         525000	        51	800000ac	27570713	addi	x14,x14,629	 x14:0xf5dd8000 x14=0xf5dd8275
         535000	        52	800000b0	800007b7	lui	x15,0x80000	 x15=0x80000000
         545000	        53	800000b4	3a550837	lui	x16,0x3a550	 x16=0x3a550000
         555000	        54	800000b8	a3780813	addi	x16,x16,-1481	 x16:0x3a550000 x16=0x3a54fa37
         565000	        55	800000bc	800008b7	lui	x17,0x80000	 x17=0x80000000
         575000	        56	800000c0	47b5a937	lui	x18,0x47b5a	 x18=0x47b5a000
         585000	        57	800000c4	56390913	addi	x18,x18,1379	 x18:0x47b5a000 x18=0x47b5a563
         595000	        58	800000c8	00000993	addi	x19,x0,0	  x0:0x00000000 x19=0x00000000
         605000	        59	800000cc	00000a13	addi	x20,x0,0	  x0:0x00000000 x20=0x00000000
         615000	        60	800000d0	80000ab7	lui	x21,0x80000	 x21=0x80000000
         625000	        61	800000d4	00d00b13	addi	x22,x0,13	  x0:0x00000000 x22=0x0000000d
         635000	        62	800000d8	80000bb7	lui	x23,0x80000	 x23=0x80000000
         645000	        63	800000dc	00e00c13	addi	x24,x0,14	  x0:0x00000000 x24=0x0000000e
         655000	        64	800000e0	00000c93	addi	x25,x0,0	  x0:0x00000000 x25=0x00000000
         665000	        65	800000e4	80000d37	lui	x26,0x80000	 x26=0x80000000
         675000	        66	800000e8	80000db7	lui	x27,0x80000	 x27=0x80000000
         685000	        67	800000ec	00000e13	addi	x28,x0,0	  x0:0x00000000 x28=0x00000000
         695000	        68	800000f0	00000e93	addi	x29,x0,0	  x0:0x00000000 x29=0x00000000
         705000	        69	800000f4	00c00f13	addi	x30,x0,12	  x0:0x00000000 x30=0x0000000c
         715000	        70	800000f8	00000f93	addi	x31,x0,0	  x0:0x00000000 x31=0x00000000
         725000	        71	800000fc	0000a517	auipc	x10,0xa	 x10=0x8000a0f8
         735000	        72	80000100	e8c50513	addi	x10,x10,-372	 x10:0x8000a0f8 x10=0x80009f84
         745000	        73	80000104	00003597	auipc	x11,0x3	 x11=0x80003100
         755000	        74	80000108	ba458593	addi	x11,x11,-1116	 x11:0x80003100 x11=0x80002ca4
         765000	        75	8000010c	e4158593	addi	x11,x11,-447	 x11:0x80002ca4 x11=0x80002ae5
         775000	        76	80000110	2c704c13	xori	x24,x0,711	  x0:0x00000000 x24=0x000002c7
         785000	        77	80000114	00303bb3	sltu	x23,x0,x3	  x0:0x00000000  x3:0x13cb648f x23=0x00000001
         795000	        78	80000118	415edbb3	sra	x23,x29,x21	 x29:0x00000000 x21:0x80000000 x23=0x00000000
         805000	        79	8000011c	015ddab3	srl	x21,x27,x21	 x27:0x80000000 x21:0x80000000 x21=0x80000000
         815000	        80	80000120	be6f3c13	sltiu	x24,x30,-1050	 x30:0x0000000c x24=0x00000001
         825000	        81	80000124	01c7ce33	xor	x28,x15,x28	 x15:0x80000000 x28:0x00000000 x28=0x80000000
         835000	        82	80000128	015b1463	bne	x22,x21,80000130	 x22:0x0000000d x21:0x80000000
         845000	        83	00000000	00000013	addi	x0,x0,0	  x0:0x00000000
         855000	        84	8000012c	00000013	addi	x0,x0,0	  x0:0x00000000
         865000	        85	80000130	1bf58ce7	jalr	x25,x11,447	 x11:0x80002ae5 x25=0x80000130
         875000	        86	00000000	00000013	addi	x0,x0,0	  x0:0x00000000
         885000	        87	80002ca4	00000013	addi	x0,x0,0	  x0:0x00000000
         895000	        88	80002ca8	adb1c093	xori	x1,x3,-1317	  x3:0x13cb648f  x1=0xec349e54
         905000	        89	80002cac	fd050513	addi	x10,x10,-48	 x10:0x80009f84 x10=0x80009f54
         915000	        90	80002cb0	00281493	slli	x9,x16,0x2	 x16:0x3a54fa37  x9=0xe953e8dc
         925000	        91	80002cb4	412157b3	sra	x15,x2,x18	  x2:0x80000000 x18:0x47b5a563 x15=0xf0000000
         935000	        92	80002cb8	58d33793	sltiu	x15,x6,1421	  x6:0xfd8b8c19 x15=0x00000000
         945000	        93	80002cbc	4454a3b7	lui	x7,0x4454a	  x7=0x4454a000
         955000	        94	80002cc0	01952223	sw	x25,4(x10)	 x10:0x80009f54 x25:0x80000130 PA:0x80009f58
         965000	        95	80002cc4	4eca1817	auipc	x16,0x4eca1	 x16=0xceca3cc0
         975000	        96	80002cc8	02800cef	jal	x25,80002cc8	 x25=0x80002cc8
         985000	        97	00000000	00000013	addi	x0,x0,0	  x0:0x00000000
         995000	        98	80002cec	00000013	addi	x0,x0,0	  x0:0x00000000
        1005000	        99	80002cf0	008000ef	jal	x1,80002cf0	  x1=0x80002cf0
        1015000	       100	00000000	00000013	addi	x0,x0,0	  x0:0x00000000
        1025000	       101	80002cf4	00000013	addi	x0,x0,0	  x0:0x00000000
        1035000	       102	80002cf8	02c000ef	jal	x1,80002cf8	  x1=0x80002cf8
        1045000	       103	00000000	00000013	addi	x0,x0,0	  x0:0x00000000
        1055000	       104	80002d20	00000013	addi	x0,x0,0	  x0:0x00000000
        1065000	       105	80002d24	0100036f	jal	x6,80002d24	  x6=0x80002d24
        1075000	       106	00000000	00000013	addi	x0,x0,0	  x0:0x00000000
        1085000	       107	80002d30	00000013	addi	x0,x0,0	  x0:0x00000000
        1095000	       108	80002d34	ff5ff36f	jal	x6,80002d34	  x6=0x80002d34
        1105000	       109	00000000	00000013	addi	x0,x0,0	  x0:0x00000000
        1115000	       110	80002d24	00000013	addi	x0,x0,0	  x0:0x00000000
        1125000	       111	80002d28	fbdff0ef	jal	x1,80002d28	  x1=0x80002d28
        1135000	       112	00000000	00000013	addi	x0,x0,0	  x0:0x00000000
        1145000	       113	80002ce0	00000013	addi	x0,x0,0	  x0:0x00000000
        1155000	       114	80002ce4	034002ef	jal	x5,80002ce4	  x5=0x80002ce4
        1165000	       115	00000000	00000013	addi	x0,x0,0	  x0:0x00000000
        1175000	       116	80002d14	00000013	addi	x0,x0,0	  x0:0x00000000
        1185000	       117	80002d18	ff5ff0ef	jal	x1,80002d18	  x1=0x80002d18
        1195000	       118	00000000	00000013	addi	x0,x0,0	  x0:0x00000000
        1205000	       119	80002d08	00000013	addi	x0,x0,0	  x0:0x00000000
        1215000	       120	80002d0c	ff9ff36f	jal	x6,80002d0c	  x6=0x80002d0c
        1225000	       121	00000000	00000013	addi	x0,x0,0	  x0:0x00000000
        1235000	       122	80002d00	00000013	addi	x0,x0,0	  x0:0x00000000
        1245000	       123	80002d04	ff1ff9ef	jal	x19,80002d04	 x19=0x80002d04
        1255000	       124	00000000	00000013	addi	x0,x0,0	  x0:0x00000000
        1265000	       125	80002cf0	00000013	addi	x0,x0,0	  x0:0x00000000
        1275000	       126	80002cf4	fe9ff0ef	jal	x1,80002cf4	  x1=0x80002cf4
        1285000	       127	00000000	00000013	addi	x0,x0,0	  x0:0x00000000
        1295000	       128	80002cd8	00000013	addi	x0,x0,0	  x0:0x00000000
        1305000	       129	80002cdc	0540096f	jal	x18,80002cdc	 x18=0x80002cdc
        1315000	       130	00000000	00000013	addi	x0,x0,0	  x0:0x00000000
        1325000	       131	80002d2c	00000013	addi	x0,x0,0	  x0:0x00000000
        1335000	       132	80002d30	fa1ff36f	jal	x6,80002d30	  x6=0x80002d30
        1345000	       133	00000000	00000013	addi	x0,x0,0	  x0:0x00000000
        1355000	       134	80002ccc	00000013	addi	x0,x0,0	  x0:0x00000000
        1365000	       135	80002cd0	0080036f	jal	x6,80002cd0	  x6=0x80002cd0
        1375000	       136	00000000	00000013	addi	x0,x0,0	  x0:0x00000000
        1385000	       137	80002cd4	00000013	addi	x0,x0,0	  x0:0x00000000
        1395000	       138	80002cd8	028000ef	jal	x1,80002cd8	  x1=0x80002cd8
        1405000	       139	00000000	00000013	addi	x0,x0,0	  x0:0x00000000
        1415000	       140	80002cfc	00000013	addi	x0,x0,0	  x0:0x00000000
        1425000	       141	80002d00	fd5ff0ef	jal	x1,80002d00	  x1=0x80002d00
        1435000	       142	00000000	00000013	addi	x0,x0,0	  x0:0x00000000
        1445000	       143	80002cd0	00000013	addi	x0,x0,0	  x0:0x00000000
        1455000	       144	80002cd4	028001ef	jal	x3,80002cd4	  x3=0x80002cd4
        1465000	       145	00000000	00000013	addi	x0,x0,0	  x0:0x00000000
        1475000	       146	80002cf8	00000013	addi	x0,x0,0	  x0:0x00000000
        1485000	       147	80002cfc	0140036f	jal	x6,80002cfc	  x6=0x80002cfc
        1495000	       148	00000000	00000013	addi	x0,x0,0	  x0:0x00000000
        1505000	       149	80002d0c	00000013	addi	x0,x0,0	  x0:0x00000000
        1515000	       150	80002d10	004001ef	jal	x3,80002d10	  x3=0x80002d10
        1525000	       151	00000000	00000013	addi	x0,x0,0	  x0:0x00000000
        1535000	       152	80002d10	00000013	addi	x0,x0,0	  x0:0x00000000
        1545000	       153	80002d14	fd9ff4ef	jal	x9,80002d14	  x9=0x80002d14
        1555000	       154	00000000	00000013	addi	x0,x0,0	  x0:0x00000000
        1565000	       155	80002ce8	00000013	addi	x0,x0,0	  x0:0x00000000
        1575000	       156	80002cec	04000def	jal	x27,80002cec	 x27=0x80002cec
        1585000	       157	00000000	00000013	addi	x0,x0,0	  x0:0x00000000
        1595000	       158	80002d28	00000013	addi	x0,x0,0	  x0:0x00000000
        1605000	       159	80002d2c	ff5ffcef	jal	x25,80002d2c	 x25=0x80002d2c
        1615000	       160	00000000	00000013	addi	x0,x0,0	  x0:0x00000000
        1625000	       161	80002d1c	00000013	addi	x0,x0,0	  x0:0x00000000
        1635000	       162	80002d20	ffdff36f	jal	x6,80002d20	  x6=0x80002d20
        1645000	       163	00000000	00000013	addi	x0,x0,0	  x0:0x00000000
        1655000	       164	80002d18	00000013	addi	x0,x0,0	  x0:0x00000000
        1665000	       165	80002d1c	fb1ff2ef	jal	x5,80002d1c	  x5=0x80002d1c
        1675000	       166	00000000	00000013	addi	x0,x0,0	  x0:0x00000000
        1685000	       167	80002cc8	00000013	addi	x0,x0,0	  x0:0x00000000
        1695000	       168	80002ccc	01c0036f	jal	x6,80002ccc	  x6=0x80002ccc
        1705000	       169	00000000	00000013	addi	x0,x0,0	  x0:0x00000000
        1715000	       170	80002ce4	00000013	addi	x0,x0,0	  x0:0x00000000
        1725000	       171	80002ce8	0200036f	jal	x6,80002ce8	  x6=0x80002ce8
        1735000	       172	00000000	00000013	addi	x0,x0,0	  x0:0x00000000
        1745000	       173	80002d04	00000013	addi	x0,x0,0	  x0:0x00000000
        1755000	       174	80002d08	fd9ff0ef	jal	x1,80002d08	  x1=0x80002d08
        1765000	       175	00000000	00000013	addi	x0,x0,0	  x0:0x00000000
        1775000	       176	80002cdc	00000013	addi	x0,x0,0	  x0:0x00000000
        1785000	       177	80002ce0	058000ef	jal	x1,80002ce0	  x1=0x80002ce0
        1795000	       178	00000000	00000013	addi	x0,x0,0	  x0:0x00000000
        1805000	       179	80002d34	00000013	addi	x0,x0,0	  x0:0x00000000
        1815000	       180	80002d38	41cf02b3	sub	x5,x30,x28	 x30:0x0000000c x28:0x80000000  x5=0x8000000c
        1825000	       181	80002d3c	03400cef	jal	x25,80002d3c	 x25=0x80002d3c
        1835000	       182	00000000	00000013	addi	x0,x0,0	  x0:0x00000000
        1845000	       183	80002d6c	00000013	addi	x0,x0,0	  x0:0x00000000
        1855000	       184	80002d70	fe5ff0ef	jal	x1,80002d70	  x1=0x80002d70
        1865000	       185	00000000	00000013	addi	x0,x0,0	  x0:0x00000000
        1875000	       186	80002d50	00000013	addi	x0,x0,0	  x0:0x00000000
        1885000	       187	80002d54	004000ef	jal	x1,80002d54	  x1=0x80002d54
        1895000	       188	00000000	00000013	addi	x0,x0,0	  x0:0x00000000
        1905000	       189	80002d54	00000013	addi	x0,x0,0	  x0:0x00000000
        1915000	       190	80002d58	02c000ef	jal	x1,80002d58	  x1=0x80002d58
        1925000	       191	00000000	00000013	addi	x0,x0,0	  x0:0x00000000
        1935000	       192	80002d80	00000013	addi	x0,x0,0	  x0:0x00000000
        1945000	       193	80002d84	ffdff0ef	jal	x1,80002d84	  x1=0x80002d84
        1955000	       194	00000000	00000013	addi	x0,x0,0	  x0:0x00000000
        1965000	       195	80002d7c	00000013	addi	x0,x0,0	  x0:0x00000000
        1975000	       196	80002d80	fedffd6f	jal	x26,80002d80	 x26=0x80002d80
        1985000	       197	00000000	00000013	addi	x0,x0,0	  x0:0x00000000
        1995000	       198	80002d68	00000013	addi	x0,x0,0	  x0:0x00000000
        2005000	       199	80002d6c	ff1ff0ef	jal	x1,80002d6c	  x1=0x80002d6c
        2015000	       200	00000000	00000013	addi	x0,x0,0	  x0:0x00000000
        2025000	       201	80002d58	00000013	addi	x0,x0,0	  x0:0x00000000
        2035000	       202	80002d5c	ff1ff0ef	jal	x1,80002d5c	  x1=0x80002d5c
        2045000	       203	00000000	00000013	addi	x0,x0,0	  x0:0x00000000
        2055000	       204	80002d48	00000013	addi	x0,x0,0	  x0:0x00000000
        2065000	       205	80002d4c	ffdff66f	jal	x12,80002d4c	 x12=0x80002d4c
        2075000	       206	00000000	00000013	addi	x0,x0,0	  x0:0x00000000
        2085000	       207	80002d44	00000013	addi	x0,x0,0	  x0:0x00000000
        2095000	       208	80002d48	ff9ff0ef	jal	x1,80002d48	  x1=0x80002d48
        2105000	       209	00000000	00000013	addi	x0,x0,0	  x0:0x00000000
        2115000	       210	80002d3c	00000013	addi	x0,x0,0	  x0:0x00000000
        2125000	       211	80002d40	03c0016f	jal	x2,80002d40	  x2=0x80002d40
        2135000	       212	00000000	00000013	addi	x0,x0,0	  x0:0x00000000
        2145000	       213	80002d78	00000013	addi	x0,x0,0	  x0:0x00000000
        2155000	       214	80002d7c	ffdff0ef	jal	x1,80002d7c	  x1=0x80002d7c
        2165000	       215	00000000	00000013	addi	x0,x0,0	  x0:0x00000000
        2175000	       216	80002d74	00000013	addi	x0,x0,0	  x0:0x00000000
        2185000	       217	80002d78	fedff36f	jal	x6,80002d78	  x6=0x80002d78
        2195000	       218	00000000	00000013	addi	x0,x0,0	  x0:0x00000000
        2205000	       219	80002d60	00000013	addi	x0,x0,0	  x0:0x00000000
        2215000	       220	80002d64	fe1ff2ef	jal	x5,80002d64	  x5=0x80002d64
        2225000	       221	00000000	00000013	addi	x0,x0,0	  x0:0x00000000
        2235000	       222	80002d40	00000013	addi	x0,x0,0	  x0:0x00000000
        2245000	       223	80002d44	01c0036f	jal	x6,80002d44	  x6=0x80002d44
        2255000	       224	00000000	00000013	addi	x0,x0,0	  x0:0x00000000
        2265000	       225	80002d5c	00000013	addi	x0,x0,0	  x0:0x00000000
        2275000	       226	80002d60	ff1ff0ef	jal	x1,80002d60	  x1=0x80002d60
        2285000	       227	00000000	00000013	addi	x0,x0,0	  x0:0x00000000
        2295000	       228	80002d4c	00000013	addi	x0,x0,0	  x0:0x00000000
        2305000	       229	80002d50	0180016f	jal	x2,80002d50	  x2=0x80002d50
        2315000	       230	00000000	00000013	addi	x0,x0,0	  x0:0x00000000
        2325000	       231	80002d64	00000013	addi	x0,x0,0	  x0:0x00000000
        2335000	       232	80002d68	00c0036f	jal	x6,80002d68	  x6=0x80002d68
        2345000	       233	00000000	00000013	addi	x0,x0,0	  x0:0x00000000
        2355000	       234	80002d70	00000013	addi	x0,x0,0	  x0:0x00000000
        2365000	       235	80002d74	0140036f	jal	x6,80002d74	  x6=0x80002d74
        2375000	       236	00000000	00000013	addi	x0,x0,0	  x0:0x00000000
        2385000	       237	80002d84	00000013	addi	x0,x0,0	  x0:0x00000000
        2395000	       238	80002d88	8f3c7413	andi	x8,x24,-1805	 x24:0x00000001  x8=0x00000001
        2405000	       239	80002d8c	00c00cef	jal	x25,80002d8c	 x25=0x80002d8c
        2415000	       240	00000000	00000013	addi	x0,x0,0	  x0:0x00000000
        2425000	       241	80002d94	00000013	addi	x0,x0,0	  x0:0x00000000
        2435000	       242	80002d98	ffdff0ef	jal	x1,80002d98	  x1=0x80002d98
        2445000	       243	00000000	00000013	addi	x0,x0,0	  x0:0x00000000
        2455000	       244	80002d90	00000013	addi	x0,x0,0	  x0:0x00000000
        2465000	       245	80002d94	0140036f	jal	x6,80002d94	  x6=0x80002d94
        2475000	       246	00000000	00000013	addi	x0,x0,0	  x0:0x00000000
        2485000	       247	80002da4	00000013	addi	x0,x0,0	  x0:0x00000000
        2495000	       248	80002da8	ff9ff0ef	jal	x1,80002da8	  x1=0x80002da8
        2505000	       249	00000000	00000013	addi	x0,x0,0	  x0:0x00000000
        2515000	       250	80002d9c	00000013	addi	x0,x0,0	  x0:0x00000000
        2525000	       251	80002da0	ffdff0ef	jal	x1,80002da0	  x1=0x80002da0
        2535000	       252	00000000	00000013	addi	x0,x0,0	  x0:0x00000000
        2545000	       253	80002d98	00000013	addi	x0,x0,0	  x0:0x00000000
        2555000	       254	80002d9c	014001ef	jal	x3,80002d9c	  x3=0x80002d9c
        2565000	       255	00000000	00000013	addi	x0,x0,0	  x0:0x00000000
        2575000	       256	80002dac	00000013	addi	x0,x0,0	  x0:0x00000000
        2585000	       257	80002db0	00c000ef	jal	x1,80002db0	  x1=0x80002db0
        2595000	       258	00000000	00000013	addi	x0,x0,0	  x0:0x00000000
        2605000	       259	80002db8	00000013	addi	x0,x0,0	  x0:0x00000000
        2615000	       260	80002dbc	ffdff0ef	jal	x1,80002dbc	  x1=0x80002dbc
        2625000	       261	00000000	00000013	addi	x0,x0,0	  x0:0x00000000
        2635000	       262	80002db4	00000013	addi	x0,x0,0	  x0:0x00000000
        2645000	       263	80002db8	fd9ff36f	jal	x6,80002db8	  x6=0x80002db8
        2655000	       264	00000000	00000013	addi	x0,x0,0	  x0:0x00000000
        2665000	       265	80002d8c	00000013	addi	x0,x0,0	  x0:0x00000000
        2675000	       266	80002d90	02400bef	jal	x23,80002d90	 x23=0x80002d90
        2685000	       267	00000000	00000013	addi	x0,x0,0	  x0:0x00000000
        2695000	       268	80002db0	00000013	addi	x0,x0,0	  x0:0x00000000
        2705000	       269	80002db4	ff9ff0ef	jal	x1,80002db4	  x1=0x80002db4
        2715000	       270	00000000	00000013	addi	x0,x0,0	  x0:0x00000000
        2725000	       271	80002da8	00000013	addi	x0,x0,0	  x0:0x00000000
        2735000	       272	80002dac	ff9ff3ef	jal	x7,80002dac	  x7=0x80002dac
        2745000	       273	00000000	00000013	addi	x0,x0,0	  x0:0x00000000
        2755000	       274	80002da0	00000013	addi	x0,x0,0	  x0:0x00000000
        2765000	       275	80002da4	01c000ef	jal	x1,80002da4	  x1=0x80002da4
        2775000	       276	00000000	00000013	addi	x0,x0,0	  x0:0x00000000
        2785000	       277	80002dbc	00000013	addi	x0,x0,0	  x0:0x00000000
        2795000	       278	80002dc0	f6b58993	addi	x19,x11,-149	 x11:0x80002ae5 x19=0x80002a50
        2805000	       279	80002dc4	01000cef	jal	x25,80002dc4	 x25=0x80002dc4
        2815000	       280	00000000	00000013	addi	x0,x0,0	  x0:0x00000000
        2825000	       281	80002dd0	00000013	addi	x0,x0,0	  x0:0x00000000
        2835000	       282	80002dd4	024004ef	jal	x9,80002dd4	  x9=0x80002dd4
        2845000	       283	00000000	00000013	addi	x0,x0,0	  x0:0x00000000
        2855000	       284	80002df4	00000013	addi	x0,x0,0	  x0:0x00000000
        2865000	       285	80002df8	fd5ff0ef	jal	x1,80002df8	  x1=0x80002df8
        2875000	       286	00000000	00000013	addi	x0,x0,0	  x0:0x00000000
        2885000	       287	80002dc8	00000013	addi	x0,x0,0	  x0:0x00000000
        2895000	       288	80002dcc	0040036f	jal	x6,80002dcc	  x6=0x80002dcc
        2905000	       289	00000000	00000013	addi	x0,x0,0	  x0:0x00000000
        2915000	       290	80002dcc	00000013	addi	x0,x0,0	  x0:0x00000000
        2925000	       291	80002dd0	0100036f	jal	x6,80002dd0	  x6=0x80002dd0
        2935000	       292	00000000	00000013	addi	x0,x0,0	  x0:0x00000000
        2945000	       293	80002ddc	00000013	addi	x0,x0,0	  x0:0x00000000
        2955000	       294	80002de0	ff9ff0ef	jal	x1,80002de0	  x1=0x80002de0
        2965000	       295	00000000	00000013	addi	x0,x0,0	  x0:0x00000000
        2975000	       296	80002dd4	00000013	addi	x0,x0,0	  x0:0x00000000
        2985000	       297	80002dd8	0100036f	jal	x6,80002dd8	  x6=0x80002dd8
        2995000	       298	00000000	00000013	addi	x0,x0,0	  x0:0x00000000
        3005000	       299	80002de4	00000013	addi	x0,x0,0	  x0:0x00000000
        3015000	       300	80002de8	00c0036f	jal	x6,80002de8	  x6=0x80002de8
        3025000	       301	00000000	00000013	addi	x0,x0,0	  x0:0x00000000
        3035000	       302	80002df0	00000013	addi	x0,x0,0	  x0:0x00000000
        3045000	       303	80002df4	ffdff3ef	jal	x7,80002df4	  x7=0x80002df4
        3055000	       304	00000000	00000013	addi	x0,x0,0	  x0:0x00000000
        3065000	       305	80002dec	00000013	addi	x0,x0,0	  x0:0x00000000
        3075000	       306	80002df0	ff5ff0ef	jal	x1,80002df0	  x1=0x80002df0
        3085000	       307	00000000	00000013	addi	x0,x0,0	  x0:0x00000000
        3095000	       308	80002de0	00000013	addi	x0,x0,0	  x0:0x00000000
        3105000	       309	80002de4	fe5ff36f	jal	x6,80002de4	  x6=0x80002de4
        3115000	       310	00000000	00000013	addi	x0,x0,0	  x0:0x00000000
        3125000	       311	80002dc4	00000013	addi	x0,x0,0	  x0:0x00000000
        3135000	       312	80002dc8	0240026f	jal	x4,80002dc8	  x4=0x80002dc8
        3145000	       313	00000000	00000013	addi	x0,x0,0	  x0:0x00000000
        3155000	       314	80002de8	00000013	addi	x0,x0,0	  x0:0x00000000
        3165000	       315	80002dec	ff1fff6f	jal	x30,80002dec	 x30=0x80002dec
        3175000	       316	00000000	00000013	addi	x0,x0,0	  x0:0x00000000
        3185000	       317	80002dd8	00000013	addi	x0,x0,0	  x0:0x00000000
        3195000	       318	80002ddc	020000ef	jal	x1,80002ddc	  x1=0x80002ddc
        3205000	       319	00000000	00000013	addi	x0,x0,0	  x0:0x00000000
        3215000	       320	80002df8	00000013	addi	x0,x0,0	  x0:0x00000000
        3225000	       321	80002dfc	c2ed0213	addi	x4,x26,-978	 x26:0x80002d80  x4=0x800029ae
        3235000	       322	80002e00	03c00cef	jal	x25,80002e00	 x25=0x80002e00
        3245000	       323	00000000	00000013	addi	x0,x0,0	  x0:0x00000000
        3255000	       324	80002e38	00000013	addi	x0,x0,0	  x0:0x00000000
        3265000	       325	80002e3c	01c000ef	jal	x1,80002e3c	  x1=0x80002e3c
        3275000	       326	00000000	00000013	addi	x0,x0,0	  x0:0x00000000
        3285000	       327	80002e54	00000013	addi	x0,x0,0	  x0:0x00000000
        3295000	       328	80002e58	fc9ff0ef	jal	x1,80002e58	  x1=0x80002e58
        3305000	       329	00000000	00000013	addi	x0,x0,0	  x0:0x00000000
        3315000	       330	80002e1c	00000013	addi	x0,x0,0	  x0:0x00000000
        3325000	       331	80002e20	0300036f	jal	x6,80002e20	  x6=0x80002e20
        3335000	       332	00000000	00000013	addi	x0,x0,0	  x0:0x00000000
        3345000	       333	80002e4c	00000013	addi	x0,x0,0	  x0:0x00000000
        3355000	       334	80002e50	fe9ff0ef	jal	x1,80002e50	  x1=0x80002e50
        3365000	       335	00000000	00000013	addi	x0,x0,0	  x0:0x00000000
        3375000	       336	80002e34	00000013	addi	x0,x0,0	  x0:0x00000000
        3385000	       337	80002e38	014000ef	jal	x1,80002e38	  x1=0x80002e38
        3395000	       338	00000000	00000013	addi	x0,x0,0	  x0:0x00000000
        3405000	       339	80002e48	00000013	addi	x0,x0,0	  x0:0x00000000
        3415000	       340	80002e4c	008000ef	jal	x1,80002e4c	  x1=0x80002e4c
        3425000	       341	00000000	00000013	addi	x0,x0,0	  x0:0x00000000
        3435000	       342	80002e50	00000013	addi	x0,x0,0	  x0:0x00000000
        3445000	       343	80002e54	fe1ff36f	jal	x6,80002e54	  x6=0x80002e54
        3455000	       344	00000000	00000013	addi	x0,x0,0	  x0:0x00000000
        3465000	       345	80002e30	00000013	addi	x0,x0,0	  x0:0x00000000
        3475000	       346	80002e34	fe5ff36f	jal	x6,80002e34	  x6=0x80002e34
        3485000	       347	00000000	00000013	addi	x0,x0,0	  x0:0x00000000
        3495000	       348	80002e14	00000013	addi	x0,x0,0	  x0:0x00000000
        3505000	       349	80002e18	ff9ff36f	jal	x6,80002e18	  x6=0x80002e18
        3515000	       350	00000000	00000013	addi	x0,x0,0	  x0:0x00000000
        3525000	       351	80002e0c	00000013	addi	x0,x0,0	  x0:0x00000000
        3535000	       352	80002e10	0540026f	jal	x4,80002e10	  x4=0x80002e10
        3545000	       353	00000000	00000013	addi	x0,x0,0	  x0:0x00000000
        3555000	       354	80002e60	00000013	addi	x0,x0,0	  x0:0x00000000
        3565000	       355	80002e64	fb1ffa6f	jal	x20,80002e64	 x20=0x80002e64
        3575000	       356	00000000	00000013	addi	x0,x0,0	  x0:0x00000000
        3585000	       357	80002e10	00000013	addi	x0,x0,0	  x0:0x00000000
        3595000	       358	80002e14	ff1ffaef	jal	x21,80002e14	 x21=0x80002e14
        3605000	       359	00000000	00000013	addi	x0,x0,0	  x0:0x00000000
        3615000	       360	80002e00	00000013	addi	x0,x0,0	  x0:0x00000000
        3625000	       361	80002e04	02c000ef	jal	x1,80002e04	  x1=0x80002e04
        3635000	       362	00000000	00000013	addi	x0,x0,0	  x0:0x00000000
        3645000	       363	80002e2c	00000013	addi	x0,x0,0	  x0:0x00000000
        3655000	       364	80002e30	ff5ffd6f	jal	x26,80002e30	 x26=0x80002e30
        3665000	       365	00000000	00000013	addi	x0,x0,0	  x0:0x00000000
        3675000	       366	80002e20	00000013	addi	x0,x0,0	  x0:0x00000000
        3685000	       367	80002e24	03c0076f	jal	x14,80002e24	 x14=0x80002e24
        3695000	       368	00000000	00000013	addi	x0,x0,0	  x0:0x00000000
        3705000	       369	80002e5c	00000013	addi	x0,x0,0	  x0:0x00000000
        3715000	       370	80002e60	ffdff0ef	jal	x1,80002e60	  x1=0x80002e60
        3725000	       371	00000000	00000013	addi	x0,x0,0	  x0:0x00000000
        3735000	       372	80002e58	00000013	addi	x0,x0,0	  x0:0x00000000
        3745000	       373	80002e5c	fc1ffb6f	jal	x22,80002e5c	 x22=0x80002e5c
        3755000	       374	00000000	00000013	addi	x0,x0,0	  x0:0x00000000
        3765000	       375	80002e18	00000013	addi	x0,x0,0	  x0:0x00000000
        3775000	       376	80002e1c	0100036f	jal	x6,80002e1c	  x6=0x80002e1c
        3785000	       377	00000000	00000013	addi	x0,x0,0	  x0:0x00000000
        3795000	       378	80002e28	00000013	addi	x0,x0,0	  x0:0x00000000
        3805000	       379	80002e2c	fe1ff0ef	jal	x1,80002e2c	  x1=0x80002e2c
        3815000	       380	00000000	00000013	addi	x0,x0,0	  x0:0x00000000
        3825000	       381	80002e08	00000013	addi	x0,x0,0	  x0:0x00000000
        3835000	       382	80002e0c	038000ef	jal	x1,80002e0c	  x1=0x80002e0c
        3845000	       383	00000000	00000013	addi	x0,x0,0	  x0:0x00000000
        3855000	       384	80002e40	00000013	addi	x0,x0,0	  x0:0x00000000
        3865000	       385	80002e44	00400cef	jal	x25,80002e44	 x25=0x80002e44
        3875000	       386	00000000	00000013	addi	x0,x0,0	  x0:0x00000000
        3885000	       387	80002e44	00000013	addi	x0,x0,0	  x0:0x00000000
        3895000	       388	80002e48	ff9ff0ef	jal	x1,80002e48	  x1=0x80002e48
        3905000	       389	00000000	00000013	addi	x0,x0,0	  x0:0x00000000
        3915000	       390	80002e3c	00000013	addi	x0,x0,0	  x0:0x00000000
        3925000	       391	80002e40	fe9ff0ef	jal	x1,80002e40	  x1=0x80002e40
        3935000	       392	00000000	00000013	addi	x0,x0,0	  x0:0x00000000
        3945000	       393	80002e24	00000013	addi	x0,x0,0	  x0:0x00000000
        3955000	       394	80002e28	fe1ff36f	jal	x6,80002e28	  x6=0x80002e28
        3965000	       395	00000000	00000013	addi	x0,x0,0	  x0:0x00000000
        3975000	       396	80002e04	00000013	addi	x0,x0,0	  x0:0x00000000
        3985000	       397	80002e08	06000bef	jal	x23,80002e08	 x23=0x80002e08
        3995000	       398	00000000	00000013	addi	x0,x0,0	  x0:0x00000000
        4005000	       399	80002e64	00000013	addi	x0,x0,0	  x0:0x00000000
        4015000	       400	80002e68	40cd03b3	sub	x7,x26,x12	 x26:0x80002e30 x12:0x80002d4c  x7=0x000000e4
        4025000	       401	80002e6c	05000cef	jal	x25,80002e6c	 x25=0x80002e6c
        4035000	       402	00000000	00000013	addi	x0,x0,0	  x0:0x00000000
        4045000	       403	80002eb8	00000013	addi	x0,x0,0	  x0:0x00000000
        4055000	       404	80002ebc	fddff0ef	jal	x1,80002ebc	  x1=0x80002ebc
        4065000	       405	00000000	00000013	addi	x0,x0,0	  x0:0x00000000
        4075000	       406	80002e94	00000013	addi	x0,x0,0	  x0:0x00000000
        4085000	       407	80002e98	00c000ef	jal	x1,80002e98	  x1=0x80002e98
        4095000	       408	00000000	00000013	addi	x0,x0,0	  x0:0x00000000
        4105000	       409	80002ea0	00000013	addi	x0,x0,0	  x0:0x00000000
        4115000	       410	80002ea4	01c00f6f	jal	x30,80002ea4	 x30=0x80002ea4
        4125000	       411	00000000	00000013	addi	x0,x0,0	  x0:0x00000000
        4135000	       412	80002ebc	00000013	addi	x0,x0,0	  x0:0x00000000
        4145000	       413	80002ec0	fb5ff0ef	jal	x1,80002ec0	  x1=0x80002ec0
        4155000	       414	00000000	00000013	addi	x0,x0,0	  x0:0x00000000
        4165000	       415	80002e70	00000013	addi	x0,x0,0	  x0:0x00000000
        4175000	       416	80002e74	01c0036f	jal	x6,80002e74	  x6=0x80002e74
        4185000	       417	00000000	00000013	addi	x0,x0,0	  x0:0x00000000
        4195000	       418	80002e8c	00000013	addi	x0,x0,0	  x0:0x00000000
        4205000	       419	80002e90	00c0036f	jal	x6,80002e90	  x6=0x80002e90
        4215000	       420	00000000	00000013	addi	x0,x0,0	  x0:0x00000000
        4225000	       421	80002e98	00000013	addi	x0,x0,0	  x0:0x00000000
        4235000	       422	80002e9c	0100016f	jal	x2,80002e9c	  x2=0x80002e9c
        4245000	       423	00000000	00000013	addi	x0,x0,0	  x0:0x00000000
        4255000	       424	80002ea8	00000013	addi	x0,x0,0	  x0:0x00000000
        4265000	       425	80002eac	038000ef	jal	x1,80002eac	  x1=0x80002eac
        4275000	       426	00000000	00000013	addi	x0,x0,0	  x0:0x00000000
        4285000	       427	80002ee0	00000013	addi	x0,x0,0	  x0:0x00000000
        4295000	       428	80002ee4	fc5ff0ef	jal	x1,80002ee4	  x1=0x80002ee4
        4305000	       429	00000000	00000013	addi	x0,x0,0	  x0:0x00000000
        4315000	       430	80002ea4	00000013	addi	x0,x0,0	  x0:0x00000000
        4325000	       431	80002ea8	02c000ef	jal	x1,80002ea8	  x1=0x80002ea8
        4335000	       432	00000000	00000013	addi	x0,x0,0	  x0:0x00000000
        4345000	       433	80002ed0	00000013	addi	x0,x0,0	  x0:0x00000000
        4355000	       434	80002ed4	f9dff0ef	jal	x1,80002ed4	  x1=0x80002ed4
        4365000	       435	00000000	00000013	addi	x0,x0,0	  x0:0x00000000
        4375000	       436	80002e6c	00000013	addi	x0,x0,0	  x0:0x00000000
        4385000	       437	80002e70	05c000ef	jal	x1,80002e70	  x1=0x80002e70
        4395000	       438	00000000	00000013	addi	x0,x0,0	  x0:0x00000000
        4405000	       439	80002ec8	00000013	addi	x0,x0,0	  x0:0x00000000
        4415000	       440	80002ecc	fedffbef	jal	x23,80002ecc	 x23=0x80002ecc
        4425000	       441	00000000	00000013	addi	x0,x0,0	  x0:0x00000000
        4435000	       442	80002eb4	00000013	addi	x0,x0,0	  x0:0x00000000
        4445000	       443	80002eb8	0240026f	jal	x4,80002eb8	  x4=0x80002eb8
        4455000	       444	00000000	00000013	addi	x0,x0,0	  x0:0x00000000
        4465000	       445	80002ed8	00000013	addi	x0,x0,0	  x0:0x00000000
        4475000	       446	80002edc	fadffa6f	jal	x20,80002edc	 x20=0x80002edc
        4485000	       447	00000000	00000013	addi	x0,x0,0	  x0:0x00000000
        4495000	       448	80002e84	00000013	addi	x0,x0,0	  x0:0x00000000
        4505000	       449	80002e88	04000b6f	jal	x22,80002e88	 x22=0x80002e88
        4515000	       450	00000000	00000013	addi	x0,x0,0	  x0:0x00000000
        4525000	       451	80002ec4	00000013	addi	x0,x0,0	  x0:0x00000000
        4535000	       452	80002ec8	01000b6f	jal	x22,80002ec8	 x22=0x80002ec8
        4545000	       453	00000000	00000013	addi	x0,x0,0	  x0:0x00000000
        4555000	       454	80002ed4	00000013	addi	x0,x0,0	  x0:0x00000000
        4565000	       455	80002ed8	ff9ff0ef	jal	x1,80002ed8	  x1=0x80002ed8
        4575000	       456	00000000	00000013	addi	x0,x0,0	  x0:0x00000000
        4585000	       457	80002ecc	00000013	addi	x0,x0,0	  x0:0x00000000
        4595000	       458	80002ed0	fc5ffdef	jal	x27,80002ed0	 x27=0x80002ed0
        4605000	       459	00000000	00000013	addi	x0,x0,0	  x0:0x00000000
        4615000	       460	80002e90	00000013	addi	x0,x0,0	  x0:0x00000000
        4625000	       461	80002e94	ff9fffef	jal	x31,80002e94	 x31=0x80002e94
        4635000	       462	00000000	00000013	addi	x0,x0,0	  x0:0x00000000
        4645000	       463	80002e88	00000013	addi	x0,x0,0	  x0:0x00000000
        4655000	       464	80002e8c	024000ef	jal	x1,80002e8c	  x1=0x80002e8c
        4665000	       465	00000000	00000013	addi	x0,x0,0	  x0:0x00000000
        4675000	       466	80002eac	00000013	addi	x0,x0,0	  x0:0x00000000
        4685000	       467	80002eb0	0140066f	jal	x12,80002eb0	 x12=0x80002eb0
        4695000	       468	00000000	00000013	addi	x0,x0,0	  x0:0x00000000
        4705000	       469	80002ec0	00000013	addi	x0,x0,0	  x0:0x00000000
        4715000	       470	80002ec4	fb9ff0ef	jal	x1,80002ec4	  x1=0x80002ec4
        4725000	       471	00000000	00000013	addi	x0,x0,0	  x0:0x00000000
        4735000	       472	80002e78	00000013	addi	x0,x0,0	  x0:0x00000000
        4745000	       473	80002e7c	ffdff0ef	jal	x1,80002e7c	  x1=0x80002e7c
        4755000	       474	00000000	00000013	addi	x0,x0,0	  x0:0x00000000
        4765000	       475	80002e74	00000013	addi	x0,x0,0	  x0:0x00000000
        4775000	       476	80002e78	06800bef	jal	x23,80002e78	 x23=0x80002e78
        4785000	       477	00000000	00000013	addi	x0,x0,0	  x0:0x00000000
        4795000	       478	80002edc	00000013	addi	x0,x0,0	  x0:0x00000000
        4805000	       479	80002ee0	fd5ff0ef	jal	x1,80002ee0	  x1=0x80002ee0
        4815000	       480	00000000	00000013	addi	x0,x0,0	  x0:0x00000000
        4825000	       481	80002eb0	00000013	addi	x0,x0,0	  x0:0x00000000
        4835000	       482	80002eb4	fcdff0ef	jal	x1,80002eb4	  x1=0x80002eb4
        4845000	       483	00000000	00000013	addi	x0,x0,0	  x0:0x00000000
        4855000	       484	80002e7c	00000013	addi	x0,x0,0	  x0:0x00000000
        4865000	       485	80002e80	020000ef	jal	x1,80002e80	  x1=0x80002e80
        4875000	       486	00000000	00000013	addi	x0,x0,0	  x0:0x00000000
        4885000	       487	80002e9c	00000013	addi	x0,x0,0	  x0:0x00000000
        4895000	       488	80002ea0	fe5ff36f	jal	x6,80002ea0	  x6=0x80002ea0
        4905000	       489	00000000	00000013	addi	x0,x0,0	  x0:0x00000000
        4915000	       490	80002e80	00000013	addi	x0,x0,0	  x0:0x00000000
        4925000	       491	80002e84	064000ef	jal	x1,80002e84	  x1=0x80002e84
        4935000	       492	00000000	00000013	addi	x0,x0,0	  x0:0x00000000
        4945000	       493	80002ee4	00000013	addi	x0,x0,0	  x0:0x00000000
        4955000	       494	80002ee8	4e44c493	xori	x9,x9,1252	  x9:0x80002dd4  x9=0x80002930
        4965000	       495	80002eec	05c00cef	jal	x25,80002eec	 x25=0x80002eec
        4975000	       496	00000000	00000013	addi	x0,x0,0	  x0:0x00000000
        4985000	       497	80002f44	00000013	addi	x0,x0,0	  x0:0x00000000
        4995000	       498	80002f48	fc9ff0ef	jal	x1,80002f48	  x1=0x80002f48
        5005000	       499	00000000	00000013	addi	x0,x0,0	  x0:0x00000000
        5015000	       500	80002f0c	00000013	addi	x0,x0,0	  x0:0x00000000
        5025000	       501	80002f10	0180036f	jal	x6,80002f10	  x6=0x80002f10
        5035000	       502	00000000	00000013	addi	x0,x0,0	  x0:0x00000000
        5045000	       503	80002f24	00000013	addi	x0,x0,0	  x0:0x00000000
        5055000	       504	80002f28	fd9ff1ef	jal	x3,80002f28	  x3=0x80002f28
        5065000	       505	00000000	00000013	addi	x0,x0,0	  x0:0x00000000
        5075000	       506	80002efc	00000013	addi	x0,x0,0	  x0:0x00000000
        5085000	       507	80002f00	ff9ff0ef	jal	x1,80002f00	  x1=0x80002f00
        5095000	       508	00000000	00000013	addi	x0,x0,0	  x0:0x00000000
        5105000	       509	80002ef4	00000013	addi	x0,x0,0	  x0:0x00000000
        5115000	       510	80002ef8	ff9ff16f	jal	x2,80002ef8	  x2=0x80002ef8
        5125000	       511	00000000	00000013	addi	x0,x0,0	  x0:0x00000000
        5135000	       512	80002eec	00000013	addi	x0,x0,0	  x0:0x00000000
        5145000	       513	80002ef0	050000ef	jal	x1,80002ef0	  x1=0x80002ef0
        5155000	       514	00000000	00000013	addi	x0,x0,0	  x0:0x00000000
        5165000	       515	80002f3c	00000013	addi	x0,x0,0	  x0:0x00000000
        5175000	       516	80002f40	fbdffcef	jal	x25,80002f40	 x25=0x80002f40
        5185000	       517	00000000	00000013	addi	x0,x0,0	  x0:0x00000000
        5195000	       518	80002ef8	00000013	addi	x0,x0,0	  x0:0x00000000
        5205000	       519	80002efc	01c000ef	jal	x1,80002efc	  x1=0x80002efc
        5215000	       520	00000000	00000013	addi	x0,x0,0	  x0:0x00000000
        5225000	       521	80002f14	00000013	addi	x0,x0,0	  x0:0x00000000
        5235000	       522	80002f18	024000ef	jal	x1,80002f18	  x1=0x80002f18
        5245000	       523	00000000	00000013	addi	x0,x0,0	  x0:0x00000000
        5255000	       524	80002f38	00000013	addi	x0,x0,0	  x0:0x00000000
        5265000	       525	80002f3c	fe5ff0ef	jal	x1,80002f3c	  x1=0x80002f3c
        5275000	       526	00000000	00000013	addi	x0,x0,0	  x0:0x00000000
        5285000	       527	80002f1c	00000013	addi	x0,x0,0	  x0:0x00000000
        5295000	       528	80002f20	0100086f	jal	x16,80002f20	 x16=0x80002f20
        5305000	       529	00000000	00000013	addi	x0,x0,0	  x0:0x00000000
        5315000	       530	80002f2c	00000013	addi	x0,x0,0	  x0:0x00000000
        5325000	       531	80002f30	028000ef	jal	x1,80002f30	  x1=0x80002f30
        5335000	       532	00000000	00000013	addi	x0,x0,0	  x0:0x00000000
        5345000	       533	80002f54	00000013	addi	x0,x0,0	  x0:0x00000000
        5355000	       534	80002f58	fe1ff1ef	jal	x3,80002f58	  x3=0x80002f58
        5365000	       535	00000000	00000013	addi	x0,x0,0	  x0:0x00000000
        5375000	       536	80002f34	00000013	addi	x0,x0,0	  x0:0x00000000
        5385000	       537	80002f38	fcdff36f	jal	x6,80002f38	  x6=0x80002f38
        5395000	       538	00000000	00000013	addi	x0,x0,0	  x0:0x00000000
        5405000	       539	80002f00	00000013	addi	x0,x0,0	  x0:0x00000000
        5415000	       540	80002f04	0280036f	jal	x6,80002f04	  x6=0x80002f04
        5425000	       541	00000000	00000013	addi	x0,x0,0	  x0:0x00000000
        5435000	       542	80002f28	00000013	addi	x0,x0,0	  x0:0x00000000
        5445000	       543	80002f2c	008000ef	jal	x1,80002f2c	  x1=0x80002f2c
        5455000	       544	00000000	00000013	addi	x0,x0,0	  x0:0x00000000
        5465000	       545	80002f30	00000013	addi	x0,x0,0	  x0:0x00000000
        5475000	       546	80002f34	fc1ff0ef	jal	x1,80002f34	  x1=0x80002f34
        5485000	       547	00000000	00000013	addi	x0,x0,0	  x0:0x00000000
        5495000	       548	80002ef0	00000013	addi	x0,x0,0	  x0:0x00000000
        5505000	       549	80002ef4	0280036f	jal	x6,80002ef4	  x6=0x80002ef4
        5515000	       550	00000000	00000013	addi	x0,x0,0	  x0:0x00000000
        5525000	       551	80002f18	00000013	addi	x0,x0,0	  x0:0x00000000
        5535000	       552	80002f1c	ff1ffc6f	jal	x24,80002f1c	 x24=0x80002f1c
        5545000	       553	00000000	00000013	addi	x0,x0,0	  x0:0x00000000
        5555000	       554	80002f08	00000013	addi	x0,x0,0	  x0:0x00000000
        5565000	       555	80002f0c	04000c6f	jal	x24,80002f0c	 x24=0x80002f0c
        5575000	       556	00000000	00000013	addi	x0,x0,0	  x0:0x00000000
        5585000	       557	80002f48	00000013	addi	x0,x0,0	  x0:0x00000000
        5595000	       558	80002f4c	fbdff0ef	jal	x1,80002f4c	  x1=0x80002f4c
        5605000	       559	00000000	00000013	addi	x0,x0,0	  x0:0x00000000
        5615000	       560	80002f04	00000013	addi	x0,x0,0	  x0:0x00000000
        5625000	       561	80002f08	01c000ef	jal	x1,80002f08	  x1=0x80002f08
        5635000	       562	00000000	00000013	addi	x0,x0,0	  x0:0x00000000
        5645000	       563	80002f20	00000013	addi	x0,x0,0	  x0:0x00000000
        5655000	       564	80002f24	ff1ff36f	jal	x6,80002f24	  x6=0x80002f24
        5665000	       565	00000000	00000013	addi	x0,x0,0	  x0:0x00000000
        5675000	       566	80002f10	00000013	addi	x0,x0,0	  x0:0x00000000
        5685000	       567	80002f14	04000bef	jal	x23,80002f14	 x23=0x80002f14
        5695000	       568	00000000	00000013	addi	x0,x0,0	  x0:0x00000000
        5705000	       569	80002f50	00000013	addi	x0,x0,0	  x0:0x00000000
        5715000	       570	80002f54	ff1ff46f	jal	x8,80002f54	  x8=0x80002f54
        5725000	       571	00000000	00000013	addi	x0,x0,0	  x0:0x00000000
        5735000	       572	80002f40	00000013	addi	x0,x0,0	  x0:0x00000000
        5745000	       573	80002f44	00c000ef	jal	x1,80002f44	  x1=0x80002f44
        5755000	       574	00000000	00000013	addi	x0,x0,0	  x0:0x00000000
        5765000	       575	80002f4c	00000013	addi	x0,x0,0	  x0:0x00000000
        5775000	       576	80002f50	00c000ef	jal	x1,80002f50	  x1=0x80002f50
        5785000	       577	00000000	00000013	addi	x0,x0,0	  x0:0x00000000
        5795000	       578	80002f58	00000013	addi	x0,x0,0	  x0:0x00000000
        5805000	       579	80002f5c	003d7833	and	x16,x26,x3	 x26:0x80002e30  x3:0x80002f58 x16=0x80002e10
        5815000	       580	80002f60	02800cef	jal	x25,80002f60	 x25=0x80002f60
        5825000	       581	00000000	00000013	addi	x0,x0,0	  x0:0x00000000
        5835000	       582	80002f84	00000013	addi	x0,x0,0	  x0:0x00000000
        5845000	       583	80002f88	004000ef	jal	x1,80002f88	  x1=0x80002f88
        5855000	       584	00000000	00000013	addi	x0,x0,0	  x0:0x00000000
        5865000	       585	80002f88	00000013	addi	x0,x0,0	  x0:0x00000000
        5875000	       586	80002f8c	ff5ff0ef	jal	x1,80002f8c	  x1=0x80002f8c
        5885000	       587	00000000	00000013	addi	x0,x0,0	  x0:0x00000000
        5895000	       588	80002f7c	00000013	addi	x0,x0,0	  x0:0x00000000
        5905000	       589	80002f80	fe5ffc6f	jal	x24,80002f80	 x24=0x80002f80
        5915000	       590	00000000	00000013	addi	x0,x0,0	  x0:0x00000000
        5925000	       591	80002f60	00000013	addi	x0,x0,0	  x0:0x00000000
        5935000	       592	80002f64	03c0026f	jal	x4,80002f64	  x4=0x80002f64
        5945000	       593	00000000	00000013	addi	x0,x0,0	  x0:0x00000000
        5955000	       594	80002f9c	00000013	addi	x0,x0,0	  x0:0x00000000
        5965000	       595	80002fa0	fd5ff36f	jal	x6,80002fa0	  x6=0x80002fa0
        5975000	       596	00000000	00000013	addi	x0,x0,0	  x0:0x00000000
        5985000	       597	80002f70	00000013	addi	x0,x0,0	  x0:0x00000000
        5995000	       598	80002f74	008000ef	jal	x1,80002f74	  x1=0x80002f74
        6005000	       599	00000000	00000013	addi	x0,x0,0	  x0:0x00000000
        6015000	       600	80002f78	00000013	addi	x0,x0,0	  x0:0x00000000
        6025000	       601	80002f7c	ffdff36f	jal	x6,80002f7c	  x6=0x80002f7c
        6035000	       602	00000000	00000013	addi	x0,x0,0	  x0:0x00000000
        6045000	       603	80002f74	00000013	addi	x0,x0,0	  x0:0x00000000
        6055000	       604	80002f78	ff9ff0ef	jal	x1,80002f78	  x1=0x80002f78
        6065000	       605	00000000	00000013	addi	x0,x0,0	  x0:0x00000000
        6075000	       606	80002f6c	00000013	addi	x0,x0,0	  x0:0x00000000
        6085000	       607	80002f70	0200076f	jal	x14,80002f70	 x14=0x80002f70
        6095000	       608	00000000	00000013	addi	x0,x0,0	  x0:0x00000000
        6105000	       609	80002f8c	00000013	addi	x0,x0,0	  x0:0x00000000
        6115000	       610	80002f90	008000ef	jal	x1,80002f90	  x1=0x80002f90
        6125000	       611	00000000	00000013	addi	x0,x0,0	  x0:0x00000000
        6135000	       612	80002f94	00000013	addi	x0,x0,0	  x0:0x00000000
        6145000	       613	80002f98	ffdffbef	jal	x23,80002f98	 x23=0x80002f98
        6155000	       614	00000000	00000013	addi	x0,x0,0	  x0:0x00000000
        6165000	       615	80002f90	00000013	addi	x0,x0,0	  x0:0x00000000
        6175000	       616	80002f94	fd9ff0ef	jal	x1,80002f94	  x1=0x80002f94
        6185000	       617	00000000	00000013	addi	x0,x0,0	  x0:0x00000000
        6195000	       618	80002f68	00000013	addi	x0,x0,0	  x0:0x00000000
        6205000	       619	80002f6c	0300036f	jal	x6,80002f6c	  x6=0x80002f6c
        6215000	       620	00000000	00000013	addi	x0,x0,0	  x0:0x00000000
        6225000	       621	80002f98	00000013	addi	x0,x0,0	  x0:0x00000000
        6235000	       622	80002f9c	0080036f	jal	x6,80002f9c	  x6=0x80002f9c
        6245000	       623	00000000	00000013	addi	x0,x0,0	  x0:0x00000000
        6255000	       624	80002fa0	00000013	addi	x0,x0,0	  x0:0x00000000
        6265000	       625	80002fa4	fe1ff0ef	jal	x1,80002fa4	  x1=0x80002fa4
        6275000	       626	00000000	00000013	addi	x0,x0,0	  x0:0x00000000
        6285000	       627	80002f80	00000013	addi	x0,x0,0	  x0:0x00000000
        6295000	       628	80002f84	fe5ff0ef	jal	x1,80002f84	  x1=0x80002f84
        6305000	       629	00000000	00000013	addi	x0,x0,0	  x0:0x00000000
        6315000	       630	80002f64	00000013	addi	x0,x0,0	  x0:0x00000000
        6325000	       631	80002f68	04000f6f	jal	x30,80002f68	 x30=0x80002f68
        6335000	       632	00000000	00000013	addi	x0,x0,0	  x0:0x00000000
        6345000	       633	80002fa4	00000013	addi	x0,x0,0	  x0:0x00000000
        6355000	       634	80002fa8	01c4abb3	slt	x23,x9,x28	  x9:0x80002930 x28:0x80000000 x23=0x00000000
        6365000	       635	80002fac	05c00cef	jal	x25,80002fac	 x25=0x80002fac
        6375000	       636	00000000	00000013	addi	x0,x0,0	  x0:0x00000000
        6385000	       637	80003004	00000013	addi	x0,x0,0	  x0:0x00000000
        6395000	       638	80003008	fe5ff0ef	jal	x1,80003008	  x1=0x80003008
        6405000	       639	00000000	00000013	addi	x0,x0,0	  x0:0x00000000
        6415000	       640	80002fe8	00000013	addi	x0,x0,0	  x0:0x00000000
        6425000	       641	80002fec	fc5ff36f	jal	x6,80002fec	  x6=0x80002fec
        6435000	       642	00000000	00000013	addi	x0,x0,0	  x0:0x00000000
        6445000	       643	80002fac	00000013	addi	x0,x0,0	  x0:0x00000000
        6455000	       644	80002fb0	010000ef	jal	x1,80002fb0	  x1=0x80002fb0
        6465000	       645	00000000	00000013	addi	x0,x0,0	  x0:0x00000000
        6475000	       646	80002fbc	00000013	addi	x0,x0,0	  x0:0x00000000
        6485000	       647	80002fc0	0080046f	jal	x8,80002fc0	  x8=0x80002fc0
        6495000	       648	00000000	00000013	addi	x0,x0,0	  x0:0x00000000
        6505000	       649	80002fc4	00000013	addi	x0,x0,0	  x0:0x00000000
        6515000	       650	80002fc8	038000ef	jal	x1,80002fc8	  x1=0x80002fc8
        6525000	       651	00000000	00000013	addi	x0,x0,0	  x0:0x00000000
        6535000	       652	80002ffc	00000013	addi	x0,x0,0	  x0:0x00000000
        6545000	       653	80003000	0100016f	jal	x2,80003000	  x2=0x80003000
        6555000	       654	00000000	00000013	addi	x0,x0,0	  x0:0x00000000
        6565000	       655	8000300c	00000013	addi	x0,x0,0	  x0:0x00000000
        6575000	       656	80003010	fe5ff0ef	jal	x1,80003010	  x1=0x80003010
        6585000	       657	00000000	00000013	addi	x0,x0,0	  x0:0x00000000
        6595000	       658	80002ff0	00000013	addi	x0,x0,0	  x0:0x00000000
        6605000	       659	80002ff4	010000ef	jal	x1,80002ff4	  x1=0x80002ff4
        6615000	       660	00000000	00000013	addi	x0,x0,0	  x0:0x00000000
        6625000	       661	80003000	00000013	addi	x0,x0,0	  x0:0x00000000
        6635000	       662	80003004	fb1ff26f	jal	x4,80003004	  x4=0x80003004
        6645000	       663	00000000	00000013	addi	x0,x0,0	  x0:0x00000000
        6655000	       664	80002fb0	00000013	addi	x0,x0,0	  x0:0x00000000
        6665000	       665	80002fb4	028000ef	jal	x1,80002fb4	  x1=0x80002fb4
        6675000	       666	00000000	00000013	addi	x0,x0,0	  x0:0x00000000
        6685000	       667	80002fd8	00000013	addi	x0,x0,0	  x0:0x00000000
        6695000	       668	80002fdc	03c000ef	jal	x1,80002fdc	  x1=0x80002fdc
        6705000	       669	00000000	00000013	addi	x0,x0,0	  x0:0x00000000
        6715000	       670	80003014	00000013	addi	x0,x0,0	  x0:0x00000000
        6725000	       671	80003018	fd9ff0ef	jal	x1,80003018	  x1=0x80003018
        6735000	       672	00000000	00000013	addi	x0,x0,0	  x0:0x00000000
        6745000	       673	80002fec	00000013	addi	x0,x0,0	  x0:0x00000000
        6755000	       674	80002ff0	01c000ef	jal	x1,80002ff0	  x1=0x80002ff0
        6765000	       675	00000000	00000013	addi	x0,x0,0	  x0:0x00000000
        6775000	       676	80003008	00000013	addi	x0,x0,0	  x0:0x00000000
        6785000	       677	8000300c	fddff36f	jal	x6,8000300c	  x6=0x8000300c
        6795000	       678	00000000	00000013	addi	x0,x0,0	  x0:0x00000000
        6805000	       679	80002fe4	00000013	addi	x0,x0,0	  x0:0x00000000
        6815000	       680	80002fe8	fd5ff0ef	jal	x1,80002fe8	  x1=0x80002fe8
        6825000	       681	00000000	00000013	addi	x0,x0,0	  x0:0x00000000
        6835000	       682	80002fb8	00000013	addi	x0,x0,0	  x0:0x00000000
        6845000	       683	80002fbc	028000ef	jal	x1,80002fbc	  x1=0x80002fbc
        6855000	       684	00000000	00000013	addi	x0,x0,0	  x0:0x00000000
        6865000	       685	80002fe0	00000013	addi	x0,x0,0	  x0:0x00000000
        6875000	       686	80002fe4	fd5ff0ef	jal	x1,80002fe4	  x1=0x80002fe4
        6885000	       687	00000000	00000013	addi	x0,x0,0	  x0:0x00000000
        6895000	       688	80002fb4	00000013	addi	x0,x0,0	  x0:0x00000000
        6905000	       689	80002fb8	0200036f	jal	x6,80002fb8	  x6=0x80002fb8
        6915000	       690	00000000	00000013	addi	x0,x0,0	  x0:0x00000000
        6925000	       691	80002fd4	00000013	addi	x0,x0,0	  x0:0x00000000
        6935000	       692	80002fd8	024001ef	jal	x3,80002fd8	  x3=0x80002fd8
        6945000	       693	00000000	00000013	addi	x0,x0,0	  x0:0x00000000
        6955000	       694	80002ff8	00000013	addi	x0,x0,0	  x0:0x00000000
        6965000	       695	80002ffc	fd1ff0ef	jal	x1,80002ffc	  x1=0x80002ffc
        6975000	       696	00000000	00000013	addi	x0,x0,0	  x0:0x00000000
        6985000	       697	80002fc8	00000013	addi	x0,x0,0	  x0:0x00000000
        6995000	       698	80002fcc	0140036f	jal	x6,80002fcc	  x6=0x80002fcc
        7005000	       699	00000000	00000013	addi	x0,x0,0	  x0:0x00000000
        7015000	       700	80002fdc	00000013	addi	x0,x0,0	  x0:0x00000000
        7025000	       701	80002fe0	ff5ff0ef	jal	x1,80002fe0	  x1=0x80002fe0
        7035000	       702	00000000	00000013	addi	x0,x0,0	  x0:0x00000000
        7045000	       703	80002fd0	00000013	addi	x0,x0,0	  x0:0x00000000
        7055000	       704	80002fd4	040000ef	jal	x1,80002fd4	  x1=0x80002fd4
        7065000	       705	00000000	00000013	addi	x0,x0,0	  x0:0x00000000
        7075000	       706	80003010	00000013	addi	x0,x0,0	  x0:0x00000000
        7085000	       707	80003014	fbdff0ef	jal	x1,80003014	  x1=0x80003014
        7095000	       708	00000000	00000013	addi	x0,x0,0	  x0:0x00000000
        7105000	       709	80002fcc	00000013	addi	x0,x0,0	  x0:0x00000000
        7115000	       710	80002fd0	ff5ff2ef	jal	x5,80002fd0	  x5=0x80002fd0
        7125000	       711	00000000	00000013	addi	x0,x0,0	  x0:0x00000000
        7135000	       712	80002fc0	00000013	addi	x0,x0,0	  x0:0x00000000
        7145000	       713	80002fc4	03400cef	jal	x25,80002fc4	 x25=0x80002fc4
        7155000	       714	00000000	00000013	addi	x0,x0,0	  x0:0x00000000
        7165000	       715	80002ff4	00000013	addi	x0,x0,0	  x0:0x00000000
        7175000	       716	80002ff8	0240036f	jal	x6,80002ff8	  x6=0x80002ff8
        7185000	       717	00000000	00000013	addi	x0,x0,0	  x0:0x00000000
        7195000	       718	80003018	00000013	addi	x0,x0,0	  x0:0x00000000
        7205000	       719	8000301c	59cec713	xori	x14,x29,1436	 x29:0x00000000 x14=0x0000059c
        7215000	       720	80003020	05870663	beq	x14,x24,8000306c	 x14:0x0000059c x24:0x80002f80
        7225000	       721	80003024	001d7db3	and	x27,x26,x1	 x26:0x80002e30  x1:0x80003014 x27=0x80002010
        7235000	       722	80003028	011311b3	sll	x3,x6,x17	  x6:0x80002ff8 x17:0x80000000  x3=0x80002ff8
        7245000	       723	8000302c	41ae5c93	srai	x25,x28,0x1a	 x28:0x80000000 x25=0xffffffe0
        7255000	       724	80003030	413250b3	sra	x1,x4,x19	  x4:0x80003004 x19:0x80002a50  x1=0xffff8000
        7265000	       725	80003034	412e8b33	sub	x22,x29,x18	 x29:0x00000000 x18:0x80002cdc x22=0x7fffd324
        7275000	       726	80003038	86128f93	addi	x31,x5,-1951	  x5:0x80002fd0 x31=0x80002831
        7285000	       727	8000303c	d70c2f13	slti	x30,x24,-656	 x24:0x80002f80 x30=0x00000001
        7295000	       728	80003040	0e333093	sltiu	x1,x6,227	  x6:0x80002ff8  x1=0x00000000
        7305000	       729	80003044	01e4fc63	bgeu	x9,x30,8000305c	  x9:0x80002930 x30:0x00000001
        7315000	       730	00000000	00000013	addi	x0,x0,0	  x0:0x00000000
        7325000	       731	80003058	00000013	addi	x0,x0,0	  x0:0x00000000
        7335000	       732	8000305c	01015c63	bge	x2,x16,80003074	  x2:0x80003000 x16:0x80002e10
        7345000	       733	00000000	00000013	addi	x0,x0,0	  x0:0x00000000
        7355000	       734	80003070	00000013	addi	x0,x0,0	  x0:0x00000000
        7365000	       735	80003074	40920b33	sub	x22,x4,x9	  x4:0x80003004  x9:0x80002930 x22=0x000006d4
        7375000	       736	80003078	54ecb713	sltiu	x14,x25,1358	 x25:0xffffffe0 x14=0x00000000
        7385000	       737	8000307c	1ab4b913	sltiu	x18,x9,427	  x9:0x80002930 x18=0x00000000
        7395000	       738	80003080	016d3133	sltu	x2,x26,x22	 x26:0x80002e30 x22:0x000006d4  x2=0x00000000
        7405000	       739	80003084	00353233	sltu	x4,x10,x3	 x10:0x80009f54  x3:0x80002ff8  x4=0x00000000
        7415000	       740	80003088	00d69293	slli	x5,x13,0xd	 x13:0x80009fc4  x5=0x13f88000
        7425000	       741	8000308c	00069313	slli	x6,x13,0x0	 x13:0x80009fc4  x6=0x80009fc4
        7435000	       742	80003090	8f2db913	sltiu	x18,x27,-1806	 x27:0x80002010 x18=0x00000001
        7445000	       743	80003094	012ce733	or	x14,x25,x18	 x25:0xffffffe0 x18:0x00000001 x14=0xffffffe1
        7455000	       744	80003098	03d49263	bne	x9,x29,800030bc	  x9:0x80002930 x29:0x00000000
        7465000	       745	00000000	00000013	addi	x0,x0,0	  x0:0x00000000
        7475000	       746	800030b8	00000013	addi	x0,x0,0	  x0:0x00000000
        7485000	       747	800030bc	01ab33b3	sltu	x7,x22,x26	 x22:0x000006d4 x26:0x80002e30  x7=0x00000001
        7495000	       748	800030c0	d9877413	andi	x8,x14,-616	 x14:0xffffffe1  x8=0xfffffd80
        7505000	       749	800030c4	416b5f33	sra	x30,x22,x22	 x22:0x000006d4 x22:0x000006d4 x30=0x00000000
        7515000	       750	800030c8	013e9263	bne	x29,x19,800030cc	 x29:0x00000000 x19:0x80002a50
        7525000	       751	00000000	00000013	addi	x0,x0,0	  x0:0x00000000
        7535000	       752	800030c8	00000013	addi	x0,x0,0	  x0:0x00000000
        7545000	       753	800030cc	06757a63	bgeu	x10,x7,80003140	 x10:0x80009f54  x7:0x00000001
        7555000	       754	00000000	00000013	addi	x0,x0,0	  x0:0x00000000
        7565000	       755	8000313c	00000013	addi	x0,x0,0	  x0:0x00000000
        7575000	       756	80003140	010a05b3	add	x11,x20,x16	 x20:0x80002edc x16:0x80002e10 x11=0x00005cec
        7585000	       757	80003144	01f6d833	srl	x16,x13,x31	 x13:0x80009fc4 x31:0x80002831 x16=0x00004000
        7595000	       758	80003148	64b3f113	andi	x2,x7,1611	  x7:0x00000001  x2=0x00000001
        7605000	       759	8000314c	01578033	add	x0,x15,x21	 x15:0x00000000 x21:0x80002e14
        7615000	       760	80003150	0020eab3	or	x21,x1,x2	  x1:0x00000000  x2:0x00000001 x21=0x00000001
        7625000	       761	80003154	00858db3	add	x27,x11,x8	 x11:0x00005cec  x8:0xfffffd80 x27=0x00005a6c
        7635000	       762	80003158	00324833	xor	x16,x4,x3	  x4:0x00000000  x3:0x80002ff8 x16=0x80002ff8
        7645000	       763	8000315c	011f3cb3	sltu	x25,x30,x17	 x30:0x00000000 x17:0x80000000 x25=0x00000001
        7655000	       764	80003160	0213c263	blt	x7,x1,80003184	  x7:0x00000001  x1:0x00000000
        7665000	       765	80003164	01fec4b3	xor	x9,x29,x31	 x29:0x00000000 x31:0x80002831  x9=0x80002831
        7675000	       766	80003168	a9adcb93	xori	x23,x27,-1382	 x27:0x00005a6c x23=0xffffa0f6
        7685000	       767	8000316c	08cee063	bltu	x29,x12,800031ec	 x29:0x00000000 x12:0x80002eb0
        7695000	       768	00000000	00000013	addi	x0,x0,0	  x0:0x00000000
        7705000	       769	800031e8	00000013	addi	x0,x0,0	  x0:0x00000000
        7715000	       770	800031ec	015fd293	srli	x5,x31,0x15	 x31:0x80002831  x5=0x00000400
        7725000	       771	800031f0	036e1a63	bne	x28,x22,80003224	 x28:0x80000000 x22:0x000006d4
        7735000	       772	00000000	00000013	addi	x0,x0,0	  x0:0x00000000
        7745000	       773	80003220	00000013	addi	x0,x0,0	  x0:0x00000000
        7755000	       774	80003224	41445b33	sra	x22,x8,x20	  x8:0xfffffd80 x20:0x80002edc x22=0xffffffff
        7765000	       775	80003228	01769c33	sll	x24,x13,x23	 x13:0x80009fc4 x23:0xffffa0f6 x24=0xf1000000
        7775000	       776	8000322c	058cc263	blt	x25,x24,80003270	 x25:0x00000001 x24:0xf1000000
        7785000	       777	80003230	40502913	slti	x18,x0,1029	  x0:0x00000000 x18=0x00000001
        7795000	       778	80003234	412cdc13	srai	x24,x25,0x12	 x25:0x00000001 x24=0x00000000
        7805000	       779	80003238	0099db33	srl	x22,x19,x9	 x19:0x80002a50  x9:0x80002831 x22=0x00004000
        7815000	       780	8000323c	014655b3	srl	x11,x12,x20	 x12:0x80002eb0 x20:0x80002edc x11=0x00000008
        7825000	       781	80003240	005c1293	slli	x5,x24,0x5	 x24:0x00000000  x5=0x00000000
        7835000	       782	80003244	01b85813	srli	x16,x16,0x1b	 x16:0x80002ff8 x16=0x00000010
        7845000	       783	80003248	00000013	addi	x0,x0,0	  x0:0x00000000
        7855000	       784	8000324c	05664463	blt	x12,x22,80003294	 x12:0x80002eb0 x22:0x00004000
        7865000	       785	00000000	00000013	addi	x0,x0,0	  x0:0x00000000
        7875000	       786	80003290	00000013	addi	x0,x0,0	  x0:0x00000000
        7885000	       787	80003294	002089b3	add	x19,x1,x2	  x1:0x00000000  x2:0x00000001 x19=0x00000001
        7895000	       788	80003298	41a85233	sra	x4,x16,x26	 x16:0x00000010 x26:0x80002e30  x4=0x00000000
        7905000	       789	8000329c	00c8d663	bge	x17,x12,800032a8	 x17:0x80000000 x12:0x80002eb0
        7915000	       790	800032a0	cdf22593	slti	x11,x4,-801	  x4:0x00000000 x11=0x00000000
        7925000	       791	800032a4	007af263	bgeu	x21,x7,800032a8	 x21:0x00000001  x7:0x00000001
        7935000	       792	00000000	00000013	addi	x0,x0,0	  x0:0x00000000
        7945000	       793	800032a4	00000013	addi	x0,x0,0	  x0:0x00000000
        7955000	       794	800032a8	00a19493	slli	x9,x3,0xa	  x3:0x80002ff8  x9=0x00bfe000
        7965000	       795	800032ac	4d3bae93	slti	x29,x23,1235	 x23:0xffffa0f6 x29=0x00000001
        7975000	       796	800032b0	01fe4033	xor	x0,x28,x31	 x28:0x80000000 x31:0x80002831
        7985000	       797	800032b4	052d0663	beq	x26,x18,80003300	 x26:0x80002e30 x18:0x00000001
        7995000	       798	800032b8	41915033	sra	x0,x2,x25	  x2:0x00000001 x25:0x00000001
        8005000	       799	800032bc	002a5eb3	srl	x29,x20,x2	 x20:0x80002edc  x2:0x00000001 x29=0x4000176e
        8015000	       800	800032c0	004787b3	add	x15,x15,x4	 x15:0x00000000  x4:0x00000000 x15=0x00000000
        8025000	       801	800032c4	03d1de63	bge	x3,x29,80003300	  x3:0x80002ff8 x29:0x4000176e
        8035000	       802	800032c8	01793ab3	sltu	x21,x18,x23	 x18:0x00000001 x23:0xffffa0f6 x21=0x00000001
        8045000	       803	800032cc	cad06993	ori	x19,x0,-851	  x0:0x00000000 x19=0xfffffcad
        8055000	       804	800032d0	000af3b3	and	x7,x21,x0	 x21:0x00000001  x0:0x00000000  x7=0x00000000
        8065000	       805	800032d4	84a0b393	sltiu	x7,x1,-1974	  x1:0x00000000  x7=0x00000001
        8075000	       806	800032d8	006249b3	xor	x19,x4,x6	  x4:0x00000000  x6:0x80009fc4 x19=0x80009fc4
        8085000	       807	800032dc	05b61863	bne	x12,x27,8000332c	 x12:0x80002eb0 x27:0x00005a6c
        8095000	       808	00000000	00000013	addi	x0,x0,0	  x0:0x00000000
        8105000	       809	80003328	00000013	addi	x0,x0,0	  x0:0x00000000
        8115000	       810	8000332c	35c40993	addi	x19,x8,860	  x8:0xfffffd80 x19=0x000000dc
        8125000	       811	80003330	9ae3b193	sltiu	x3,x7,-1618	  x7:0x00000001  x3=0x00000001
        8135000	       812	80003334	01de4a63	blt	x28,x29,80003348	 x28:0x80000000 x29:0x4000176e
        8145000	       813	00000000	00000013	addi	x0,x0,0	  x0:0x00000000
        8155000	       814	80003344	00000013	addi	x0,x0,0	  x0:0x00000000
        8165000	       815	80003348	284d3c93	sltiu	x25,x26,644	 x26:0x80002e30 x25=0x00000000
        8175000	       816	8000334c	89413093	sltiu	x1,x2,-1900	  x2:0x00000001  x1=0x00000001
        8185000	       817	80003350	056b8863	beq	x23,x22,800033a0	 x23:0xffffa0f6 x22:0x00004000
        8195000	       818	80003354	1b732db7	lui	x27,0x1b732	 x27=0x1b732000
        8205000	       819	80003358	01646b33	or	x22,x8,x22	  x8:0xfffffd80 x22:0x00004000 x22=0xfffffd80
        8215000	       820	8000335c	00000013	addi	x0,x0,0	  x0:0x00000000
        8225000	       821	80003360	7974ba13	sltiu	x20,x9,1943	  x9:0x00bfe000 x20=0x00000000
        8235000	       822	80003364	00f87c63	bgeu	x16,x15,8000337c	 x16:0x00000010 x15:0x00000000
        8245000	       823	00000000	00000013	addi	x0,x0,0	  x0:0x00000000
        8255000	       824	80003378	00000013	addi	x0,x0,0	  x0:0x00000000
        8265000	       825	8000337c	fd7dc393	xori	x7,x27,-41	 x27:0x1b732000  x7=0xe48cdfd7
        8275000	       826	80003380	00717463	bgeu	x2,x7,80003388	  x2:0x00000001  x7:0xe48cdfd7
        8285000	       827	80003384	07153313	sltiu	x6,x10,113	 x10:0x80009f54  x6=0x00000000
        8295000	       828	80003388	00f41e63	bne	x8,x15,800033a4	  x8:0xfffffd80 x15:0x00000000
        8305000	       829	00000000	00000013	addi	x0,x0,0	  x0:0x00000000
        8315000	       830	800033a0	00000013	addi	x0,x0,0	  x0:0x00000000
        8325000	       831	800033a4	209a6f93	ori	x31,x20,521	 x20:0x00000000 x31=0x00000209
        8335000	       832	800033a8	41b15013	srai	x0,x2,0x1b	  x2:0x00000001
        8345000	       833	800033ac	02ea0263	beq	x20,x14,800033d0	 x20:0x00000000 x14:0xffffffe1
        8355000	       834	800033b0	bea0c613	xori	x12,x1,-1046	  x1:0x00000001 x12=0xfffffbeb
        8365000	       835	800033b4	05aa8263	beq	x21,x26,800033f8	 x21:0x00000001 x26:0x80002e30
        8375000	       836	800033b8	024a6a63	bltu	x20,x4,800033ec	 x20:0x00000000  x4:0x00000000
        8385000	       837	800033bc	e360b037	lui	x0,0xe360b	
        8395000	       838	800033c0	007da833	slt	x16,x27,x7	 x27:0x1b732000  x7:0xe48cdfd7 x16=0x00000000
        8405000	       839	800033c4	47b3fab7	lui	x21,0x47b3f	 x21=0x47b3f000
        8415000	       840	800033c8	00ce9e63	bne	x29,x12,800033e4	 x29:0x4000176e x12:0xfffffbeb
        8425000	       841	00000000	00000013	addi	x0,x0,0	  x0:0x00000000
        8435000	       842	800033e0	00000013	addi	x0,x0,0	  x0:0x00000000
        8445000	       843	800033e4	00461c93	slli	x25,x12,0x4	 x12:0xfffffbeb x25=0xffffbeb0
        8455000	       844	800033e8	dd1f3b13	sltiu	x22,x30,-559	 x30:0x00000000 x22=0x00000001
        8465000	       845	800033ec	016ca833	slt	x16,x25,x22	 x25:0xffffbeb0 x22:0x00000001 x16=0x00000001
        8475000	       846	800033f0	050a8863	beq	x21,x16,80003440	 x21:0x47b3f000 x16:0x00000001
        8485000	       847	800033f4	00c87db3	and	x27,x16,x12	 x16:0x00000001 x12:0xfffffbeb x27=0x00000001
        8495000	       848	800033f8	00c0f2b3	and	x5,x1,x12	  x1:0x00000001 x12:0xfffffbeb  x5=0x00000001
        8505000	       849	800033fc	001f5113	srli	x2,x30,0x1	 x30:0x00000000  x2=0x00000000
        8515000	       850	80003400	40570f33	sub	x30,x14,x5	 x14:0xffffffe1  x5:0x00000001 x30=0xffffffe0
        8525000	       851	80003404	0038cb33	xor	x22,x17,x3	 x17:0x80000000  x3:0x00000001 x22=0x80000001
        8535000	       852	80003408	021bee63	bltu	x23,x1,80003444	 x23:0xffffa0f6  x1:0x00000001
        8545000	       853	8000340c	01c59c63	bne	x11,x28,80003424	 x11:0x00000000 x28:0x80000000
        8555000	       854	00000000	00000013	addi	x0,x0,0	  x0:0x00000000
        8565000	       855	80003420	00000013	addi	x0,x0,0	  x0:0x00000000
        8575000	       856	80003424	4c6c0413	addi	x8,x24,1222	 x24:0x00000000  x8=0x000004c6
        8585000	       857	80003428	00d832b3	sltu	x5,x16,x13	 x16:0x00000001 x13:0x80009fc4  x5=0x00000001
        8595000	       858	8000342c	4675c993	xori	x19,x11,1127	 x11:0x00000000 x19=0x00000467
        8605000	       859	80003430	01ca1593	slli	x11,x20,0x1c	 x20:0x00000000 x11=0x00000000
        8615000	       860	80003434	403dde93	srai	x29,x27,0x3	 x27:0x00000001 x29=0x00000000
        8625000	       861	80003438	01f81413	slli	x8,x16,0x1f	 x16:0x00000001  x8=0x80000000
        8635000	       862	8000343c	0125e833	or	x16,x11,x18	 x11:0x00000000 x18:0x00000001 x16=0x00000001
        8645000	       863	80003440	005d1c93	slli	x25,x26,0x5	 x26:0x80002e30 x25=0x0005c600
        8655000	       864	80003444	41dedbb3	sra	x23,x29,x29	 x29:0x00000000 x29:0x00000000 x23=0x00000000
        8665000	       865	80003448	0307ec63	bltu	x15,x16,80003480	 x15:0x00000000 x16:0x00000001
        8675000	       866	00000000	00000013	addi	x0,x0,0	  x0:0x00000000
        8685000	       867	8000347c	00000013	addi	x0,x0,0	  x0:0x00000000
        8695000	       868	80003480	00669d93	slli	x27,x13,0x6	 x13:0x80009fc4 x27=0x0027f100
        8705000	       869	80003484	01f14663	blt	x2,x31,80003490	  x2:0x00000000 x31:0x00000209
        8715000	       870	00000000	00000013	addi	x0,x0,0	  x0:0x00000000
        8725000	       871	8000348c	00000013	addi	x0,x0,0	  x0:0x00000000
        8735000	       872	80003490	41135d33	sra	x26,x6,x17	  x6:0x00000000 x17:0x80000000 x26=0x00000000
        8745000	       873	80003494	01187133	and	x2,x16,x17	 x16:0x00000001 x17:0x80000000  x2=0x00000000
        8755000	       874	80003498	de5c7093	andi	x1,x24,-539	 x24:0x00000000  x1=0x00000000
        8765000	       875	8000349c	45e85717	auipc	x14,0x45e85	 x14=0xc5e88498
        8775000	       876	800034a0	00390ab3	add	x21,x18,x3	 x18:0x00000001  x3:0x00000001 x21=0x00000002
        8785000	       877	800034a4	419309b3	sub	x19,x6,x25	  x6:0x00000000 x25:0x0005c600 x19=0xfffa3a00
        8795000	       878	800034a8	010aecb3	or	x25,x21,x16	 x21:0x00000002 x16:0x00000001 x25=0x00000003
        8805000	       879	800034ac	02527863	bgeu	x4,x5,800034dc	  x4:0x00000000  x5:0x00000001
        8815000	       880	800034b0	01dc0ab3	add	x21,x24,x29	 x24:0x00000000 x29:0x00000000 x21=0x00000000
        8825000	       881	800034b4	40300c33	sub	x24,x0,x3	  x0:0x00000000  x3:0x00000001 x24=0xffffffff
        8835000	       882	800034b8	40b68233	sub	x4,x13,x11	 x13:0x80009fc4 x11:0x00000000  x4=0x80009fc4
        8845000	       883	800034bc	e298a313	slti	x6,x17,-471	 x17:0x80000000  x6=0x00000001
        8855000	       884	800034c0	2f80f097	auipc	x1,0x2f80f	  x1=0xaf8124bc
        8865000	       885	800034c4	01fa1a93	slli	x21,x20,0x1f	 x20:0x00000000 x21=0x00000000
        8875000	       886	800034c8	00eedc33	srl	x24,x29,x14	 x29:0x00000000 x14:0xc5e88498 x24=0x00000000
        8885000	       887	800034cc	053ff263	bgeu	x31,x19,80003510	 x31:0x00000209 x19:0xfffa3a00
        8895000	       888	800034d0	1e9da113	slti	x2,x27,489	 x27:0x0027f100  x2=0x00000000
        8905000	       889	800034d4	257cae13	slti	x28,x25,599	 x25:0x00000003 x28=0x00000001
        8915000	       890	800034d8	031ec263	blt	x29,x17,800034fc	 x29:0x00000000 x17:0x80000000
        8925000	       891	800034dc	cd692f93	slti	x31,x18,-810	 x18:0x00000001 x31=0x00000000
        8935000	       892	800034e0	6e9fbf13	sltiu	x30,x31,1769	 x31:0x00000000 x30=0x00000001
        8945000	       893	800034e4	00ce1493	slli	x9,x28,0xc	 x28:0x00000001  x9=0x00001000
        8955000	       894	800034e8	0034d593	srli	x11,x9,0x3	  x9:0x00001000 x11=0x00000200
        8965000	       895	800034ec	0045b0b3	sltu	x1,x11,x4	 x11:0x00000200  x4:0x80009fc4  x1=0x00000001
        8975000	       896	800034f0	00361d13	slli	x26,x12,0x3	 x12:0xfffffbeb x26=0xffffdf58
        8985000	       897	800034f4	00124cb3	xor	x25,x4,x1	  x4:0x80009fc4  x1:0x00000001 x25=0x80009fc5
        8995000	       898	800034f8	0084e433	or	x8,x9,x8	  x9:0x00001000  x8:0x80000000  x8=0x80001000
        9005000	       899	800034fc	00000013	addi	x0,x0,0	  x0:0x00000000
        9015000	       900	80003500	017e3cb3	sltu	x25,x28,x23	 x28:0x00000001 x23:0x00000000 x25=0x00000000
        9025000	       901	80003504	00000013	addi	x0,x0,0	  x0:0x00000000
        9035000	       902	80003508	060f2813	slti	x16,x30,96	 x30:0x00000001 x16=0x00000001
        9045000	       903	8000350c	01760663	beq	x12,x23,80003518	 x12:0xfffffbeb x23:0x00000000
        9055000	       904	80003510	24ee4093	xori	x1,x28,590	 x28:0x00000001  x1=0x0000024f
        9065000	       905	80003514	01a4cbb3	xor	x23,x9,x26	  x9:0x00001000 x26:0xffffdf58 x23=0xffffcf58
        9075000	       906	80003518	97ca4413	xori	x8,x20,-1668	 x20:0x00000000  x8=0xfffff97c
        9085000	       907	8000351c	00238cb3	add	x25,x7,x2	  x7:0xe48cdfd7  x2:0x00000000 x25=0xe48cdfd7
        9095000	       908	80003520	41f9d493	srai	x9,x19,0x1f	 x19:0xfffa3a00  x9=0xffffffff
        9105000	       909	80003524	01741733	sll	x14,x8,x23	  x8:0xfffff97c x23:0xffffcf58 x14=0x7c000000
        9115000	       910	80003528	01136c63	bltu	x6,x17,80003540	  x6:0x00000001 x17:0x80000000
        9125000	       911	00000000	00000013	addi	x0,x0,0	  x0:0x00000000
        9135000	       912	8000353c	00000013	addi	x0,x0,0	  x0:0x00000000
        9145000	       913	80003540	f4be6993	ori	x19,x28,-181	 x28:0x00000001 x19=0xffffff4b
        9155000	       914	80003544	00f8c9b3	xor	x19,x17,x15	 x17:0x80000000 x15:0x00000000 x19=0x80000000
        9165000	       915	80003548	00332db3	slt	x27,x6,x3	  x6:0x00000001  x3:0x00000001 x27=0x00000000
        9175000	       916	8000354c	9130fc93	andi	x25,x1,-1773	  x1:0x0000024f x25=0x00000003
        9185000	       917	80003550	9254a293	slti	x5,x9,-1755	  x9:0xffffffff  x5=0x00000000
        9195000	       918	80003554	02705a63	bge	x0,x7,80003588	  x0:0x00000000  x7:0xe48cdfd7
        9205000	       919	00000000	00000013	addi	x0,x0,0	  x0:0x00000000
        9215000	       920	80003584	00000013	addi	x0,x0,0	  x0:0x00000000
        9225000	       921	80003588	a31fb493	sltiu	x9,x31,-1487	 x31:0x00000000  x9=0x00000001
        9235000	       922	8000358c	78cb5d37	lui	x26,0x78cb5	 x26=0x78cb5000
        9245000	       923	80003590	ef9c8713	addi	x14,x25,-263	 x25:0x00000003 x14=0xfffffefc
        9255000	       924	80003594	00000013	addi	x0,x0,0	  x0:0x00000000
        9265000	       925	80003598	2e82eb13	ori	x22,x5,744	  x5:0x00000000 x22=0x000002e8
        9275000	       926	8000359c	03979263	bne	x15,x25,800035c0	 x15:0x00000000 x25:0x00000003
        9285000	       927	00000000	00000013	addi	x0,x0,0	  x0:0x00000000
        9295000	       928	800035bc	00000013	addi	x0,x0,0	  x0:0x00000000
        9305000	       929	800035c0	01dd8db3	add	x27,x27,x29	 x27:0x00000000 x29:0x00000000 x27=0x00000000
        9315000	       930	800035c4	020ff263	bgeu	x31,x0,800035e8	 x31:0x00000000  x0:0x00000000
        9325000	       931	00000000	00000013	addi	x0,x0,0	  x0:0x00000000
        9335000	       932	800035e4	00000013	addi	x0,x0,0	  x0:0x00000000
        9345000	       933	800035e8	01a19d13	slli	x26,x3,0x1a	  x3:0x00000001 x26=0x04000000
        9355000	       934	800035ec	0191d813	srli	x16,x3,0x19	  x3:0x00000001 x16=0x00000000
        9365000	       935	800035f0	45922e13	slti	x28,x4,1113	  x4:0x80009fc4 x28=0x00000001
        9375000	       936	800035f4	2beecc93	xori	x25,x29,702	 x29:0x00000000 x25=0x000002be
        9385000	       937	800035f8	4024d913	srai	x18,x9,0x2	  x9:0x00000001 x18=0x00000000
        9395000	       938	800035fc	02365663	bge	x12,x3,80003628	 x12:0xfffffbeb  x3:0x00000001
        9405000	       939	80003600	48234813	xori	x16,x6,1154	  x6:0x00000001 x16=0x00000483
        9415000	       940	80003604	402cd833	sra	x16,x25,x2	 x25:0x000002be  x2:0x00000000 x16=0x000002be
        9425000	       941	80003608	e8cd4193	xori	x3,x26,-372	 x26:0x04000000  x3=0xfbfffe8c
        9435000	       942	8000360c	0067ce33	xor	x28,x15,x6	 x15:0x00000000  x6:0x00000001 x28=0x00000001
        9445000	       943	80003610	01fa0c63	beq	x20,x31,80003628	 x20:0x00000000 x31:0x00000000
        9455000	       944	00000000	00000013	addi	x0,x0,0	  x0:0x00000000
        9465000	       945	80003624	00000013	addi	x0,x0,0	  x0:0x00000000
        9475000	       946	80003628	f160f293	andi	x5,x1,-234	  x1:0x0000024f  x5=0x00000206
        9485000	       947	8000362c	77fb2817	auipc	x16,0x77fb2	 x16=0xf7fb5628
        9495000	       948	80003630	0161cab3	xor	x21,x3,x22	  x3:0xfbfffe8c x22:0x000002e8 x21=0xfbfffc64
        9505000	       949	80003634	00d38133	add	x2,x7,x13	  x7:0xe48cdfd7 x13:0x80009fc4  x2=0x648d7f9b
        9515000	       950	80003638	41e6da93	srai	x21,x13,0x1e	 x13:0x80009fc4 x21=0xfffffffe
        9525000	       951	8000363c	01156663	bltu	x10,x17,80003648	 x10:0x80009f54 x17:0x80000000
        9535000	       952	80003640	18cd8493	addi	x9,x27,396	 x27:0x00000000  x9=0x0000018c
        9545000	       953	80003644	01395493	srli	x9,x18,0x13	 x18:0x00000000  x9=0x00000000
        9555000	       954	80003648	d0c40793	addi	x15,x8,-756	  x8:0xfffff97c x15=0xfffff688
        9565000	       955	8000364c	0752c663	blt	x5,x21,800036b8	  x5:0x00000206 x21:0xfffffffe
        9575000	       956	80003650	0030e433	or	x8,x1,x3	  x1:0x0000024f  x3:0xfbfffe8c  x8=0xfbfffecf
        9585000	       957	80003654	01a6c1b3	xor	x3,x13,x26	 x13:0x80009fc4 x26:0x04000000  x3=0x84009fc4
        9595000	       958	80003658	01581b93	slli	x23,x16,0x15	 x16:0xf7fb5628 x23=0xc5000000
        9605000	       959	8000365c	ea0eb613	sltiu	x12,x29,-352	 x29:0x00000000 x12=0x00000001
        9615000	       960	80003660	f7874993	xori	x19,x14,-136	 x14:0xfffffefc x19=0x00000184
        9625000	       961	80003664	009a0233	add	x4,x20,x9	 x20:0x00000000  x9:0x00000000  x4=0x00000000
        9635000	       962	80003668	05f15a63	bge	x2,x31,800036bc	  x2:0x648d7f9b x31:0x00000000
        9645000	       963	00000000	00000013	addi	x0,x0,0	  x0:0x00000000
        9655000	       964	800036b8	00000013	addi	x0,x0,0	  x0:0x00000000
        9665000	       965	800036bc	002b0c63	beq	x22,x2,800036d4	 x22:0x000002e8  x2:0x648d7f9b
        9675000	       966	800036c0	8b895db7	lui	x27,0x8b895	 x27=0x8b895000
        9685000	       967	800036c4	008fd633	srl	x12,x31,x8	 x31:0x00000000  x8:0xfbfffecf x12=0x00000000
        9695000	       968	800036c8	01947b33	and	x22,x8,x25	  x8:0xfbfffecf x25:0x000002be x22=0x0000028e
        9705000	       969	800036cc	40b10333	sub	x6,x2,x11	  x2:0x648d7f9b x11:0x00000200  x6=0x648d7d9b
        9715000	       970	800036d0	00000013	addi	x0,x0,0	  x0:0x00000000
        9725000	       971	800036d4	023d0e63	beq	x26,x3,80003710	 x26:0x04000000  x3:0x84009fc4
        9735000	       972	800036d8	03ba5a63	bge	x20,x27,8000370c	 x20:0x00000000 x27:0x8b895000
        9745000	       973	00000000	00000013	addi	x0,x0,0	  x0:0x00000000
        9755000	       974	80003708	00000013	addi	x0,x0,0	  x0:0x00000000
        9765000	       975	8000370c	4061d0b3	sra	x1,x3,x6	  x3:0x84009fc4  x6:0x648d7d9b  x1=0xfffffff0
        9775000	       976	80003710	0d9fa013	slti	x0,x31,217	 x31:0x00000000
        9785000	       977	80003714	001d8033	add	x0,x27,x1	 x27:0x8b895000  x1:0xfffffff0
        9795000	       978	80003718	f52e6793	ori	x15,x28,-174	 x28:0x00000001 x15=0xffffff53
        9805000	       979	8000371c	00cc2c33	slt	x24,x24,x12	 x24:0x00000000 x12:0x00000000 x24=0x00000000
        9815000	       980	80003720	c827e713	ori	x14,x15,-894	 x15:0xffffff53 x14=0xffffffd3
        9825000	       981	80003724	59a684b7	lui	x9,0x59a68	  x9=0x59a68000
        9835000	       982	80003728	12f9bc93	sltiu	x25,x19,303	 x19:0x00000184 x25=0x00000000
        9845000	       983	8000372c	01684eb3	xor	x29,x16,x22	 x16:0xf7fb5628 x22:0x0000028e x29=0xf7fb54a6
        9855000	       984	80003730	04cd5417	auipc	x8,0x4cd5	  x8=0x84cd872c
        9865000	       985	80003734	00802233	slt	x4,x0,x8	  x0:0x00000000  x8:0x84cd872c  x4=0x00000000
        9875000	       986	80003738	02a74263	blt	x14,x10,8000375c	 x14:0xffffffd3 x10:0x80009f54
        9885000	       987	8000373c	01f49f13	slli	x30,x9,0x1f	  x9:0x59a68000 x30=0x00000000
        9895000	       988	80003740	41f9c493	xori	x9,x19,1055	 x19:0x00000184  x9=0x0000059b
        9905000	       989	80003744	71377e93	andi	x29,x14,1811	 x14:0xffffffd3 x29=0x00000713
        9915000	       990	80003748	00779913	slli	x18,x15,0x7	 x15:0xffffff53 x18=0xffffa980
        9925000	       991	8000374c	00a28263	beq	x5,x10,80003750	  x5:0x00000206 x10:0x80009f54
        9935000	       992	80003750	019fc033	xor	x0,x31,x25	 x31:0x00000000 x25:0x00000000
        9945000	       993	80003754	039ae263	bltu	x21,x25,80003778	 x21:0xfffffffe x25:0x00000000
        9955000	       994	80003758	00f0fc63	bgeu	x1,x15,80003770	  x1:0xfffffff0 x15:0xffffff53
        9965000	       995	00000000	00000013	addi	x0,x0,0	  x0:0x00000000
        9975000	       996	8000376c	00000013	addi	x0,x0,0	  x0:0x00000000
        9985000	       997	80003770	41a7d333	sra	x6,x15,x26	 x15:0xffffff53 x26:0x04000000  x6=0xffffff53
        9995000	       998	80003774	05b1c663	blt	x3,x27,800037c0	  x3:0x84009fc4 x27:0x8b895000
       10005000	       999	00000000	00000013	addi	x0,x0,0	  x0:0x00000000
       10015000	      1000	800037bc	00000013	addi	x0,x0,0	  x0:0x00000000
       10025000	      1001	800037c0	a304f593	andi	x11,x9,-1488	  x9:0x0000059b x11=0x00000010
       10035000	      1002	800037c4	b6ad6093	ori	x1,x26,-1174	 x26:0x04000000  x1=0xfffffb6a
       10045000	      1003	800037c8	05c41863	bne	x8,x28,80003818	  x8:0x84cd872c x28:0x00000001
       10055000	      1004	00000000	00000013	addi	x0,x0,0	  x0:0x00000000
       10065000	      1005	80003814	00000013	addi	x0,x0,0	  x0:0x00000000
       10075000	      1006	80003818	01565c33	srl	x24,x12,x21	 x12:0x00000000 x21:0xfffffffe x24=0x00000000
       10085000	      1007	8000381c	00049e63	bne	x9,x0,80003838	  x9:0x0000059b  x0:0x00000000
       10095000	      1008	00000000	00000013	addi	x0,x0,0	  x0:0x00000000
       10105000	      1009	80003834	00000013	addi	x0,x0,0	  x0:0x00000000
       10115000	      1010	80003838	dd05f313	andi	x6,x11,-560	 x11:0x00000010  x6=0x00000010
       10125000	      1011	8000383c	00452c83	lw	x25,4(x10)	 x10:0x80009f54 x25=0x80000130 PA:0x80009f58
       10135000	      1012	80003840	01ea61b3	or	x3,x20,x30	 x20:0x00000000 x30:0x00000000  x3=0x00000000
       10145000	      1013	80003844	03050513	addi	x10,x10,48	 x10:0x80009f54 x10=0x80009f84
       10155000	      1014	80003848	da6aba13	sltiu	x20,x21,-602	 x21:0xfffffffe x20=0x00000000
       10165000	      1015	8000384c	012590b3	sll	x1,x11,x18	 x11:0x00000010 x18:0xffffa980  x1=0x00000010
       10175000	      1016	80003850	56de4a93	xori	x21,x28,1389	 x28:0x00000001 x21=0x0000056c
       10185000	      1017	80003854	001c8c13	addi	x24,x25,1	 x25:0x80000130 x24=0x80000131
       10195000	      1018	80003858	000c0c67	jalr	x24,x24,0	 x24:0x80000131 x24=0x80003858
       10205000	      1019	00000000	00000013	addi	x0,x0,0	  x0:0x00000000
       10215000	      1020	80000130	00000013	addi	x0,x0,0	  x0:0x00000000
       10225000	      1021	80000134	01000cef	jal	x25,80000134	 x25=0x80000134
       10235000	      1022	00000000	00000013	addi	x0,x0,0	  x0:0x00000000
       10245000	      1023	80000140	00000013	addi	x0,x0,0	  x0:0x00000000
       10255000	      1024	80000144	03c000ef	jal	x1,80000144	  x1=0x80000144
       10265000	      1025	00000000	00000013	addi	x0,x0,0	  x0:0x00000000
       10275000	      1026	8000017c	00000013	addi	x0,x0,0	  x0:0x00000000
       10285000	      1027	80000180	ff1ff0ef	jal	x1,80000180	  x1=0x80000180
       10295000	      1028	00000000	00000013	addi	x0,x0,0	  x0:0x00000000
       10305000	      1029	8000016c	00000013	addi	x0,x0,0	  x0:0x00000000
       10315000	      1030	80000170	024000ef	jal	x1,80000170	  x1=0x80000170
       10325000	      1031	00000000	00000013	addi	x0,x0,0	  x0:0x00000000
       10335000	      1032	80000190	00000013	addi	x0,x0,0	  x0:0x00000000
       10345000	      1033	80000194	ff9ff46f	jal	x8,80000194	  x8=0x80000194
       10355000	      1034	00000000	00000013	addi	x0,x0,0	  x0:0x00000000
       10365000	      1035	80000188	00000013	addi	x0,x0,0	  x0:0x00000000
       10375000	      1036	8000018c	fd1ffdef	jal	x27,8000018c	 x27=0x8000018c
       10385000	      1037	00000000	00000013	addi	x0,x0,0	  x0:0x00000000
       10395000	      1038	80000158	00000013	addi	x0,x0,0	  x0:0x00000000
       10405000	      1039	8000015c	ff5ffdef	jal	x27,8000015c	 x27=0x8000015c
       10415000	      1040	00000000	00000013	addi	x0,x0,0	  x0:0x00000000
       10425000	      1041	8000014c	00000013	addi	x0,x0,0	  x0:0x00000000
       10435000	      1042	80000150	0240036f	jal	x6,80000150	  x6=0x80000150
       10445000	      1043	00000000	00000013	addi	x0,x0,0	  x0:0x00000000
       10455000	      1044	80000170	00000013	addi	x0,x0,0	  x0:0x00000000
       10465000	      1045	80000174	fc9ff0ef	jal	x1,80000174	  x1=0x80000174
       10475000	      1046	00000000	00000013	addi	x0,x0,0	  x0:0x00000000
       10485000	      1047	80000138	00000013	addi	x0,x0,0	  x0:0x00000000
       10495000	      1048	8000013c	03c0036f	jal	x6,8000013c	  x6=0x8000013c
       10505000	      1049	00000000	00000013	addi	x0,x0,0	  x0:0x00000000
       10515000	      1050	80000174	00000013	addi	x0,x0,0	  x0:0x00000000
       10525000	      1051	80000178	024000ef	jal	x1,80000178	  x1=0x80000178
       10535000	      1052	00000000	00000013	addi	x0,x0,0	  x0:0x00000000
       10545000	      1053	80000198	00000013	addi	x0,x0,0	  x0:0x00000000
       10555000	      1054	8000019c	004000ef	jal	x1,8000019c	  x1=0x8000019c
       10565000	      1055	00000000	00000013	addi	x0,x0,0	  x0:0x00000000
       10575000	      1056	8000019c	00000013	addi	x0,x0,0	  x0:0x00000000
       10585000	      1057	800001a0	ff1ffe6f	jal	x28,800001a0	 x28=0x800001a0
       10595000	      1058	00000000	00000013	addi	x0,x0,0	  x0:0x00000000
       10605000	      1059	8000018c	00000013	addi	x0,x0,0	  x0:0x00000000
       10615000	      1060	80000190	fa9ff26f	jal	x4,80000190	  x4=0x80000190
       10625000	      1061	00000000	00000013	addi	x0,x0,0	  x0:0x00000000
       10635000	      1062	80000134	00000013	addi	x0,x0,0	  x0:0x00000000
       10645000	      1063	80000138	030000ef	jal	x1,80000138	  x1=0x80000138
       10655000	      1064	00000000	00000013	addi	x0,x0,0	  x0:0x00000000
       10665000	      1065	80000164	00000013	addi	x0,x0,0	  x0:0x00000000
       10675000	      1066	80000168	0140036f	jal	x6,80000168	  x6=0x80000168
       10685000	      1067	00000000	00000013	addi	x0,x0,0	  x0:0x00000000
       10695000	      1068	80000178	00000013	addi	x0,x0,0	  x0:0x00000000
       10705000	      1069	8000017c	008000ef	jal	x1,8000017c	  x1=0x8000017c
       10715000	      1070	00000000	00000013	addi	x0,x0,0	  x0:0x00000000
       10725000	      1071	80000180	00000013	addi	x0,x0,0	  x0:0x00000000
       10735000	      1072	80000184	0280036f	jal	x6,80000184	  x6=0x80000184
       10745000	      1073	00000000	00000013	addi	x0,x0,0	  x0:0x00000000
       10755000	      1074	800001a8	00000013	addi	x0,x0,0	  x0:0x00000000
       10765000	      1075	800001ac	fedff0ef	jal	x1,800001ac	  x1=0x800001ac
       10775000	      1076	00000000	00000013	addi	x0,x0,0	  x0:0x00000000
       10785000	      1077	80000194	00000013	addi	x0,x0,0	  x0:0x00000000
       10795000	      1078	80000198	fb5ff36f	jal	x6,80000198	  x6=0x80000198
       10805000	      1079	00000000	00000013	addi	x0,x0,0	  x0:0x00000000
       10815000	      1080	80000148	00000013	addi	x0,x0,0	  x0:0x00000000
       10825000	      1081	8000014c	ffdff0ef	jal	x1,8000014c	  x1=0x8000014c
       10835000	      1082	00000000	00000013	addi	x0,x0,0	  x0:0x00000000
       10845000	      1083	80000144	00000013	addi	x0,x0,0	  x0:0x00000000
       10855000	      1084	80000148	040000ef	jal	x1,80000148	  x1=0x80000148
       10865000	      1085	00000000	00000013	addi	x0,x0,0	  x0:0x00000000
       10875000	      1086	80000184	00000013	addi	x0,x0,0	  x0:0x00000000
       10885000	      1087	80000188	01c000ef	jal	x1,80000188	  x1=0x80000188
       10895000	      1088	00000000	00000013	addi	x0,x0,0	  x0:0x00000000
       10905000	      1089	800001a0	00000013	addi	x0,x0,0	  x0:0x00000000
       10915000	      1090	800001a4	fc9ff0ef	jal	x1,800001a4	  x1=0x800001a4
       10925000	      1091	00000000	00000013	addi	x0,x0,0	  x0:0x00000000
       10935000	      1092	80000168	00000013	addi	x0,x0,0	  x0:0x00000000
       10945000	      1093	8000016c	ff9ff36f	jal	x6,8000016c	  x6=0x8000016c
       10955000	      1094	00000000	00000013	addi	x0,x0,0	  x0:0x00000000
       10965000	      1095	80000160	00000013	addi	x0,x0,0	  x0:0x00000000
       10975000	      1096	80000164	044001ef	jal	x3,80000164	  x3=0x80000164
       10985000	      1097	00000000	00000013	addi	x0,x0,0	  x0:0x00000000
       10995000	      1098	800001a4	00000013	addi	x0,x0,0	  x0:0x00000000
       11005000	      1099	800001a8	f99ff1ef	jal	x3,800001a8	  x3=0x800001a8
       11015000	      1100	00000000	00000013	addi	x0,x0,0	  x0:0x00000000
       11025000	      1101	8000013c	00000013	addi	x0,x0,0	  x0:0x00000000
       11035000	      1102	80000140	0140036f	jal	x6,80000140	  x6=0x80000140
       11045000	      1103	00000000	00000013	addi	x0,x0,0	  x0:0x00000000
       11055000	      1104	80000150	00000013	addi	x0,x0,0	  x0:0x00000000
       11065000	      1105	80000154	004000ef	jal	x1,80000154	  x1=0x80000154
       11075000	      1106	00000000	00000013	addi	x0,x0,0	  x0:0x00000000
       11085000	      1107	80000154	00000013	addi	x0,x0,0	  x0:0x00000000
       11095000	      1108	80000158	00800cef	jal	x25,80000158	 x25=0x80000158
       11105000	      1109	00000000	00000013	addi	x0,x0,0	  x0:0x00000000
       11115000	      1110	8000015c	00000013	addi	x0,x0,0	  x0:0x00000000
       11125000	      1111	80000160	0500036f	jal	x6,80000160	  x6=0x80000160
       11135000	      1112	00000000	00000013	addi	x0,x0,0	  x0:0x00000000
       11145000	      1113	800001ac	00000013	addi	x0,x0,0	  x0:0x00000000
       11155000	      1114	800001b0	41e4d593	srai	x11,x9,0x1e	  x9:0x0000059b x11=0x00000000
       11165000	      1115	800001b4	07400cef	jal	x25,800001b4	 x25=0x800001b4
       11175000	      1116	00000000	00000013	addi	x0,x0,0	  x0:0x00000000
       11185000	      1117	80000224	00000013	addi	x0,x0,0	  x0:0x00000000
       11195000	      1118	80000228	fe9ffdef	jal	x27,80000228	 x27=0x80000228
       11205000	      1119	00000000	00000013	addi	x0,x0,0	  x0:0x00000000
       11215000	      1120	8000020c	00000013	addi	x0,x0,0	  x0:0x00000000
       11225000	      1121	80000210	fd9ffd6f	jal	x26,80000210	 x26=0x80000210
       11235000	      1122	00000000	00000013	addi	x0,x0,0	  x0:0x00000000
       11245000	      1123	800001e4	00000013	addi	x0,x0,0	  x0:0x00000000
       11255000	      1124	800001e8	01c000ef	jal	x1,800001e8	  x1=0x800001e8
       11265000	      1125	00000000	00000013	addi	x0,x0,0	  x0:0x00000000
       11275000	      1126	80000200	00000013	addi	x0,x0,0	  x0:0x00000000
       11285000	      1127	80000204	fb5ff0ef	jal	x1,80000204	  x1=0x80000204
       11295000	      1128	00000000	00000013	addi	x0,x0,0	  x0:0x00000000
       11305000	      1129	800001b4	00000013	addi	x0,x0,0	  x0:0x00000000
       11315000	      1130	800001b8	0380036f	jal	x6,800001b8	  x6=0x800001b8
       11325000	      1131	00000000	00000013	addi	x0,x0,0	  x0:0x00000000
       11335000	      1132	800001ec	00000013	addi	x0,x0,0	  x0:0x00000000
       11345000	      1133	800001f0	fd9ff16f	jal	x2,800001f0	  x2=0x800001f0
       11355000	      1134	00000000	00000013	addi	x0,x0,0	  x0:0x00000000
       11365000	      1135	800001c4	00000013	addi	x0,x0,0	  x0:0x00000000
       11375000	      1136	800001c8	030000ef	jal	x1,800001c8	  x1=0x800001c8
       11385000	      1137	00000000	00000013	addi	x0,x0,0	  x0:0x00000000
       11395000	      1138	800001f4	00000013	addi	x0,x0,0	  x0:0x00000000
       11405000	      1139	800001f8	008000ef	jal	x1,800001f8	  x1=0x800001f8
       11415000	      1140	00000000	00000013	addi	x0,x0,0	  x0:0x00000000
       11425000	      1141	800001fc	00000013	addi	x0,x0,0	  x0:0x00000000
       11435000	      1142	80000200	024000ef	jal	x1,80000200	  x1=0x80000200
       11445000	      1143	00000000	00000013	addi	x0,x0,0	  x0:0x00000000
       11455000	      1144	80000220	00000013	addi	x0,x0,0	  x0:0x00000000
       11465000	      1145	80000224	fc1ff0ef	jal	x1,80000224	  x1=0x80000224
       11475000	      1146	00000000	00000013	addi	x0,x0,0	  x0:0x00000000
       11485000	      1147	800001e0	00000013	addi	x0,x0,0	  x0:0x00000000
       11495000	      1148	800001e4	02400b6f	jal	x22,800001e4	 x22=0x800001e4
       11505000	      1149	00000000	00000013	addi	x0,x0,0	  x0:0x00000000
       11515000	      1150	80000204	00000013	addi	x0,x0,0	  x0:0x00000000
       11525000	      1151	80000208	fc9ffd6f	jal	x26,80000208	 x26=0x80000208
       11535000	      1152	00000000	00000013	addi	x0,x0,0	  x0:0x00000000
       11545000	      1153	800001cc	00000013	addi	x0,x0,0	  x0:0x00000000
       11555000	      1154	800001d0	050000ef	jal	x1,800001d0	  x1=0x800001d0
       11565000	      1155	00000000	00000013	addi	x0,x0,0	  x0:0x00000000
       11575000	      1156	8000021c	00000013	addi	x0,x0,0	  x0:0x00000000
       11585000	      1157	80000220	fddff0ef	jal	x1,80000220	  x1=0x80000220
       11595000	      1158	00000000	00000013	addi	x0,x0,0	  x0:0x00000000
       11605000	      1159	800001f8	00000013	addi	x0,x0,0	  x0:0x00000000
       11615000	      1160	800001fc	fc9ffaef	jal	x21,800001fc	 x21=0x800001fc
       11625000	      1161	00000000	00000013	addi	x0,x0,0	  x0:0x00000000
       11635000	      1162	800001c0	00000013	addi	x0,x0,0	  x0:0x00000000
       11645000	      1163	800001c4	0140036f	jal	x6,800001c4	  x6=0x800001c4
       11655000	      1164	00000000	00000013	addi	x0,x0,0	  x0:0x00000000
       11665000	      1165	800001d4	00000013	addi	x0,x0,0	  x0:0x00000000
       11675000	      1166	800001d8	fe5ff0ef	jal	x1,800001d8	  x1=0x800001d8
       11685000	      1167	00000000	00000013	addi	x0,x0,0	  x0:0x00000000
       11695000	      1168	800001b8	00000013	addi	x0,x0,0	  x0:0x00000000
       11705000	      1169	800001bc	058002ef	jal	x5,800001bc	  x5=0x800001bc
       11715000	      1170	00000000	00000013	addi	x0,x0,0	  x0:0x00000000
       11725000	      1171	80000210	00000013	addi	x0,x0,0	  x0:0x00000000
       11735000	      1172	80000214	fc9ff36f	jal	x6,80000214	  x6=0x80000214
       11745000	      1173	00000000	00000013	addi	x0,x0,0	  x0:0x00000000
       11755000	      1174	800001d8	00000013	addi	x0,x0,0	  x0:0x00000000
       11765000	      1175	800001dc	00400a6f	jal	x20,800001dc	 x20=0x800001dc
       11775000	      1176	00000000	00000013	addi	x0,x0,0	  x0:0x00000000
       11785000	      1177	800001dc	00000013	addi	x0,x0,0	  x0:0x00000000
       11795000	      1178	800001e0	02c0036f	jal	x6,800001e0	  x6=0x800001e0
       11805000	      1179	00000000	00000013	addi	x0,x0,0	  x0:0x00000000
       11815000	      1180	80000208	00000013	addi	x0,x0,0	  x0:0x00000000
       11825000	      1181	8000020c	fb5ff0ef	jal	x1,8000020c	  x1=0x8000020c
       11835000	      1182	00000000	00000013	addi	x0,x0,0	  x0:0x00000000
       11845000	      1183	800001bc	00000013	addi	x0,x0,0	  x0:0x00000000
       11855000	      1184	800001c0	014000ef	jal	x1,800001c0	  x1=0x800001c0
       11865000	      1185	00000000	00000013	addi	x0,x0,0	  x0:0x00000000
       11875000	      1186	800001d0	00000013	addi	x0,x0,0	  x0:0x00000000
       11885000	      1187	800001d4	0480036f	jal	x6,800001d4	  x6=0x800001d4
       11895000	      1188	00000000	00000013	addi	x0,x0,0	  x0:0x00000000
       11905000	      1189	80000218	00000013	addi	x0,x0,0	  x0:0x00000000
       11915000	      1190	8000021c	fd9ff0ef	jal	x1,8000021c	  x1=0x8000021c
       11925000	      1191	00000000	00000013	addi	x0,x0,0	  x0:0x00000000
       11935000	      1192	800001f0	00000013	addi	x0,x0,0	  x0:0x00000000
       11945000	      1193	800001f4	02400a6f	jal	x20,800001f4	 x20=0x800001f4
       11955000	      1194	00000000	00000013	addi	x0,x0,0	  x0:0x00000000
       11965000	      1195	80000214	00000013	addi	x0,x0,0	  x0:0x00000000
       11975000	      1196	80000218	fd5ff36f	jal	x6,80000218	  x6=0x80000218
       11985000	      1197	00000000	00000013	addi	x0,x0,0	  x0:0x00000000
       11995000	      1198	800001e8	00000013	addi	x0,x0,0	  x0:0x00000000
       12005000	      1199	800001ec	fe1ff0ef	jal	x1,800001ec	  x1=0x800001ec
       12015000	      1200	00000000	00000013	addi	x0,x0,0	  x0:0x00000000
       12025000	      1201	800001c8	00000013	addi	x0,x0,0	  x0:0x00000000
       12035000	      1202	800001cc	0600086f	jal	x16,800001cc	 x16=0x800001cc
       12045000	      1203	00000000	00000013	addi	x0,x0,0	  x0:0x00000000
       12055000	      1204	80000228	00000013	addi	x0,x0,0	  x0:0x00000000
       12065000	      1205	8000022c	40e90633	sub	x12,x18,x14	 x18:0xffffa980 x14:0xffffffd3 x12=0xffffa9ad
       12075000	      1206	80000230	02000cef	jal	x25,80000230	 x25=0x80000230
       12085000	      1207	00000000	00000013	addi	x0,x0,0	  x0:0x00000000
       12095000	      1208	8000024c	00000013	addi	x0,x0,0	  x0:0x00000000
       12105000	      1209	80000250	fedff86f	jal	x16,80000250	 x16=0x80000250
       12115000	      1210	00000000	00000013	addi	x0,x0,0	  x0:0x00000000
       12125000	      1211	80000238	00000013	addi	x0,x0,0	  x0:0x00000000
       12135000	      1212	8000023c	010000ef	jal	x1,8000023c	  x1=0x8000023c
       12145000	      1213	00000000	00000013	addi	x0,x0,0	  x0:0x00000000
       12155000	      1214	80000248	00000013	addi	x0,x0,0	  x0:0x00000000
       12165000	      1215	8000024c	00c000ef	jal	x1,8000024c	  x1=0x8000024c
       12175000	      1216	00000000	00000013	addi	x0,x0,0	  x0:0x00000000
       12185000	      1217	80000254	00000013	addi	x0,x0,0	  x0:0x00000000
       12195000	      1218	80000258	004007ef	jal	x15,80000258	 x15=0x80000258
       12205000	      1219	00000000	00000013	addi	x0,x0,0	  x0:0x00000000
       12215000	      1220	80000258	00000013	addi	x0,x0,0	  x0:0x00000000
       12225000	      1221	8000025c	00c0036f	jal	x6,8000025c	  x6=0x8000025c
       12235000	      1222	00000000	00000013	addi	x0,x0,0	  x0:0x00000000
       12245000	      1223	80000264	00000013	addi	x0,x0,0	  x0:0x00000000
       12255000	      1224	80000268	ffdff0ef	jal	x1,80000268	  x1=0x80000268
       12265000	      1225	00000000	00000013	addi	x0,x0,0	  x0:0x00000000
       12275000	      1226	80000260	00000013	addi	x0,x0,0	  x0:0x00000000
       12285000	      1227	80000264	fddff0ef	jal	x1,80000264	  x1=0x80000264
       12295000	      1228	00000000	00000013	addi	x0,x0,0	  x0:0x00000000
       12305000	      1229	8000023c	00000013	addi	x0,x0,0	  x0:0x00000000
       12315000	      1230	80000240	008000ef	jal	x1,80000240	  x1=0x80000240
       12325000	      1231	00000000	00000013	addi	x0,x0,0	  x0:0x00000000
       12335000	      1232	80000244	00000013	addi	x0,x0,0	  x0:0x00000000
       12345000	      1233	80000248	00c000ef	jal	x1,80000248	  x1=0x80000248
       12355000	      1234	00000000	00000013	addi	x0,x0,0	  x0:0x00000000
       12365000	      1235	80000250	00000013	addi	x0,x0,0	  x0:0x00000000
       12375000	      1236	80000254	0180066f	jal	x12,80000254	 x12=0x80000254
       12385000	      1237	00000000	00000013	addi	x0,x0,0	  x0:0x00000000
       12395000	      1238	80000268	00000013	addi	x0,x0,0	  x0:0x00000000
       12405000	      1239	8000026c	fd9ff0ef	jal	x1,8000026c	  x1=0x8000026c
       12415000	      1240	00000000	00000013	addi	x0,x0,0	  x0:0x00000000
       12425000	      1241	80000240	00000013	addi	x0,x0,0	  x0:0x00000000
       12435000	      1242	80000244	01c000ef	jal	x1,80000244	  x1=0x80000244
       12445000	      1243	00000000	00000013	addi	x0,x0,0	  x0:0x00000000
       12455000	      1244	8000025c	00000013	addi	x0,x0,0	  x0:0x00000000
       12465000	      1245	80000260	fd5ff2ef	jal	x5,80000260	  x5=0x80000260
       12475000	      1246	00000000	00000013	addi	x0,x0,0	  x0:0x00000000
       12485000	      1247	80000230	00000013	addi	x0,x0,0	  x0:0x00000000
       12495000	      1248	80000234	004000ef	jal	x1,80000234	  x1=0x80000234
       12505000	      1249	00000000	00000013	addi	x0,x0,0	  x0:0x00000000
       12515000	      1250	80000234	00000013	addi	x0,x0,0	  x0:0x00000000
       12525000	      1251	80000238	038000ef	jal	x1,80000238	  x1=0x80000238
       12535000	      1252	00000000	00000013	addi	x0,x0,0	  x0:0x00000000
       12545000	      1253	8000026c	00000013	addi	x0,x0,0	  x0:0x00000000
       12555000	      1254	80000270	001f5d13	srli	x26,x30,0x1	 x30:0x00000000 x26=0x00000000
       12565000	      1255	80000274	00800cef	jal	x25,80000274	 x25=0x80000274
       12575000	      1256	00000000	00000013	addi	x0,x0,0	  x0:0x00000000
       12585000	      1257	80000278	00000013	addi	x0,x0,0	  x0:0x00000000
       12595000	      1258	8000027c	0180026f	jal	x4,8000027c	  x4=0x8000027c
       12605000	      1259	00000000	00000013	addi	x0,x0,0	  x0:0x00000000
       12615000	      1260	80000290	00000013	addi	x0,x0,0	  x0:0x00000000
       12625000	      1261	80000294	030000ef	jal	x1,80000294	  x1=0x80000294
       12635000	      1262	00000000	00000013	addi	x0,x0,0	  x0:0x00000000
       12645000	      1263	800002c0	00000013	addi	x0,x0,0	  x0:0x00000000
       12655000	      1264	800002c4	0100036f	jal	x6,800002c4	  x6=0x800002c4
       12665000	      1265	00000000	00000013	addi	x0,x0,0	  x0:0x00000000
       12675000	      1266	800002d0	00000013	addi	x0,x0,0	  x0:0x00000000
       12685000	      1267	800002d4	0100036f	jal	x6,800002d4	  x6=0x800002d4
       12695000	      1268	00000000	00000013	addi	x0,x0,0	  x0:0x00000000
       12705000	      1269	800002e0	00000013	addi	x0,x0,0	  x0:0x00000000
       12715000	      1270	800002e4	fb5ff0ef	jal	x1,800002e4	  x1=0x800002e4
       12725000	      1271	00000000	00000013	addi	x0,x0,0	  x0:0x00000000
       12735000	      1272	80000294	00000013	addi	x0,x0,0	  x0:0x00000000
       12745000	      1273	80000298	028000ef	jal	x1,80000298	  x1=0x80000298
       12755000	      1274	00000000	00000013	addi	x0,x0,0	  x0:0x00000000
       12765000	      1275	800002bc	00000013	addi	x0,x0,0	  x0:0x00000000
       12775000	      1276	800002c0	fc5ff36f	jal	x6,800002c0	  x6=0x800002c0
       12785000	      1277	00000000	00000013	addi	x0,x0,0	  x0:0x00000000
       12795000	      1278	80000280	00000013	addi	x0,x0,0	  x0:0x00000000
       12805000	      1279	80000284	0480036f	jal	x6,80000284	  x6=0x80000284
       12815000	      1280	00000000	00000013	addi	x0,x0,0	  x0:0x00000000
       12825000	      1281	800002c8	00000013	addi	x0,x0,0	  x0:0x00000000
       12835000	      1282	800002cc	fd5ff0ef	jal	x1,800002cc	  x1=0x800002cc
       12845000	      1283	00000000	00000013	addi	x0,x0,0	  x0:0x00000000
       12855000	      1284	8000029c	00000013	addi	x0,x0,0	  x0:0x00000000
       12865000	      1285	800002a0	004000ef	jal	x1,800002a0	  x1=0x800002a0
       12875000	      1286	00000000	00000013	addi	x0,x0,0	  x0:0x00000000
       12885000	      1287	800002a0	00000013	addi	x0,x0,0	  x0:0x00000000
       12895000	      1288	800002a4	0180036f	jal	x6,800002a4	  x6=0x800002a4
       12905000	      1289	00000000	00000013	addi	x0,x0,0	  x0:0x00000000
       12915000	      1290	800002b8	00000013	addi	x0,x0,0	  x0:0x00000000
       12925000	      1291	800002bc	fc5ffc6f	jal	x24,800002bc	 x24=0x800002bc
       12935000	      1292	00000000	00000013	addi	x0,x0,0	  x0:0x00000000
       12945000	      1293	8000027c	00000013	addi	x0,x0,0	  x0:0x00000000
       12955000	      1294	80000280	0100016f	jal	x2,80000280	  x2=0x80000280
       12965000	      1295	00000000	00000013	addi	x0,x0,0	  x0:0x00000000
       12975000	      1296	8000028c	00000013	addi	x0,x0,0	  x0:0x00000000
       12985000	      1297	80000290	ff9ff0ef	jal	x1,80000290	  x1=0x80000290
       12995000	      1298	00000000	00000013	addi	x0,x0,0	  x0:0x00000000
       13005000	      1299	80000284	00000013	addi	x0,x0,0	  x0:0x00000000
       13015000	      1300	80000288	050000ef	jal	x1,80000288	  x1=0x80000288
       13025000	      1301	00000000	00000013	addi	x0,x0,0	  x0:0x00000000
       13035000	      1302	800002d4	00000013	addi	x0,x0,0	  x0:0x00000000
       13045000	      1303	800002d8	fd5ff0ef	jal	x1,800002d8	  x1=0x800002d8
       13055000	      1304	00000000	00000013	addi	x0,x0,0	  x0:0x00000000
       13065000	      1305	800002a8	00000013	addi	x0,x0,0	  x0:0x00000000
       13075000	      1306	800002ac	fe1ff36f	jal	x6,800002ac	  x6=0x800002ac
       13085000	      1307	00000000	00000013	addi	x0,x0,0	  x0:0x00000000
       13095000	      1308	80000288	00000013	addi	x0,x0,0	  x0:0x00000000
       13105000	      1309	8000028c	0440036f	jal	x6,8000028c	  x6=0x8000028c
       13115000	      1310	00000000	00000013	addi	x0,x0,0	  x0:0x00000000
       13125000	      1311	800002cc	00000013	addi	x0,x0,0	  x0:0x00000000
       13135000	      1312	800002d0	fa9ff36f	jal	x6,800002d0	  x6=0x800002d0
       13145000	      1313	00000000	00000013	addi	x0,x0,0	  x0:0x00000000
       13155000	      1314	80000274	00000013	addi	x0,x0,0	  x0:0x00000000
       13165000	      1315	80000278	05000bef	jal	x23,80000278	 x23=0x80000278
       13175000	      1316	00000000	00000013	addi	x0,x0,0	  x0:0x00000000
       13185000	      1317	800002c4	00000013	addi	x0,x0,0	  x0:0x00000000
       13195000	      1318	800002c8	0240036f	jal	x6,800002c8	  x6=0x800002c8
       13205000	      1319	00000000	00000013	addi	x0,x0,0	  x0:0x00000000
       13215000	      1320	800002e8	00000013	addi	x0,x0,0	  x0:0x00000000
       13225000	      1321	800002ec	fc5ff36f	jal	x6,800002ec	  x6=0x800002ec
       13235000	      1322	00000000	00000013	addi	x0,x0,0	  x0:0x00000000
       13245000	      1323	800002ac	00000013	addi	x0,x0,0	  x0:0x00000000
       13255000	      1324	800002b0	008000ef	jal	x1,800002b0	  x1=0x800002b0
       13265000	      1325	00000000	00000013	addi	x0,x0,0	  x0:0x00000000
       13275000	      1326	800002b4	00000013	addi	x0,x0,0	  x0:0x00000000
       13285000	      1327	800002b8	030000ef	jal	x1,800002b8	  x1=0x800002b8
       13295000	      1328	00000000	00000013	addi	x0,x0,0	  x0:0x00000000
       13305000	      1329	800002e4	00000013	addi	x0,x0,0	  x0:0x00000000
       13315000	      1330	800002e8	ff9ff0ef	jal	x1,800002e8	  x1=0x800002e8
       13325000	      1331	00000000	00000013	addi	x0,x0,0	  x0:0x00000000
       13335000	      1332	800002dc	00000013	addi	x0,x0,0	  x0:0x00000000
       13345000	      1333	800002e0	ffdff0ef	jal	x1,800002e0	  x1=0x800002e0
       13355000	      1334	00000000	00000013	addi	x0,x0,0	  x0:0x00000000
       13365000	      1335	800002d8	00000013	addi	x0,x0,0	  x0:0x00000000
       13375000	      1336	800002dc	fc1ff0ef	jal	x1,800002dc	  x1=0x800002dc
       13385000	      1337	00000000	00000013	addi	x0,x0,0	  x0:0x00000000
       13395000	      1338	80000298	00000013	addi	x0,x0,0	  x0:0x00000000
       13405000	      1339	8000029c	018000ef	jal	x1,8000029c	  x1=0x8000029c
       13415000	      1340	00000000	00000013	addi	x0,x0,0	  x0:0x00000000
       13425000	      1341	800002b0	00000013	addi	x0,x0,0	  x0:0x00000000
       13435000	      1342	800002b4	ff5fff6f	jal	x30,800002b4	 x30=0x800002b4
       13445000	      1343	00000000	00000013	addi	x0,x0,0	  x0:0x00000000
       13455000	      1344	800002a4	00000013	addi	x0,x0,0	  x0:0x00000000
       13465000	      1345	800002a8	048002ef	jal	x5,800002a8	  x5=0x800002a8
       13475000	      1346	00000000	00000013	addi	x0,x0,0	  x0:0x00000000
       13485000	      1347	800002ec	00000013	addi	x0,x0,0	  x0:0x00000000
       13495000	      1348	800002f0	00d1d0b3	srl	x1,x3,x13	  x3:0x800001a8 x13:0x80009fc4  x1=0x0800001a
       13505000	      1349	800002f4	02c00cef	jal	x25,800002f4	 x25=0x800002f4
       13515000	      1350	00000000	00000013	addi	x0,x0,0	  x0:0x00000000
       13525000	      1351	8000031c	00000013	addi	x0,x0,0	  x0:0x00000000
       13535000	      1352	80000320	ff1ff9ef	jal	x19,80000320	 x19=0x80000320
       13545000	      1353	00000000	00000013	addi	x0,x0,0	  x0:0x00000000
       13555000	      1354	8000030c	00000013	addi	x0,x0,0	  x0:0x00000000
       13565000	      1355	80000310	00800c6f	jal	x24,80000310	 x24=0x80000310
       13575000	      1356	00000000	00000013	addi	x0,x0,0	  x0:0x00000000
       13585000	      1357	80000314	00000013	addi	x0,x0,0	  x0:0x00000000
       13595000	      1358	80000318	02c0036f	jal	x6,80000318	  x6=0x80000318
       13605000	      1359	00000000	00000013	addi	x0,x0,0	  x0:0x00000000
       13615000	      1360	80000340	00000013	addi	x0,x0,0	  x0:0x00000000
       13625000	      1361	80000344	fe1ff0ef	jal	x1,80000344	  x1=0x80000344
       13635000	      1362	00000000	00000013	addi	x0,x0,0	  x0:0x00000000
       13645000	      1363	80000320	00000013	addi	x0,x0,0	  x0:0x00000000
       13655000	      1364	80000324	fe5ff36f	jal	x6,80000324	  x6=0x80000324
       13665000	      1365	00000000	00000013	addi	x0,x0,0	  x0:0x00000000
       13675000	      1366	80000304	00000013	addi	x0,x0,0	  x0:0x00000000
       13685000	      1367	80000308	014000ef	jal	x1,80000308	  x1=0x80000308
       13695000	      1368	00000000	00000013	addi	x0,x0,0	  x0:0x00000000
       13705000	      1369	80000318	00000013	addi	x0,x0,0	  x0:0x00000000
       13715000	      1370	8000031c	020000ef	jal	x1,8000031c	  x1=0x8000031c
       13725000	      1371	00000000	00000013	addi	x0,x0,0	  x0:0x00000000
       13735000	      1372	80000338	00000013	addi	x0,x0,0	  x0:0x00000000
       13745000	      1373	8000033c	fd9ffbef	jal	x23,8000033c	 x23=0x8000033c
       13755000	      1374	00000000	00000013	addi	x0,x0,0	  x0:0x00000000
       13765000	      1375	80000310	00000013	addi	x0,x0,0	  x0:0x00000000
       13775000	      1376	80000314	034000ef	jal	x1,80000314	  x1=0x80000314
       13785000	      1377	00000000	00000013	addi	x0,x0,0	  x0:0x00000000
       13795000	      1378	80000344	00000013	addi	x0,x0,0	  x0:0x00000000
       13805000	      1379	80000348	fbdff0ef	jal	x1,80000348	  x1=0x80000348
       13815000	      1380	00000000	00000013	addi	x0,x0,0	  x0:0x00000000
       13825000	      1381	80000300	00000013	addi	x0,x0,0	  x0:0x00000000
       13835000	      1382	80000304	ff5ff0ef	jal	x1,80000304	  x1=0x80000304
       13845000	      1383	00000000	00000013	addi	x0,x0,0	  x0:0x00000000
       13855000	      1384	800002f4	00000013	addi	x0,x0,0	  x0:0x00000000
       13865000	      1385	800002f8	034000ef	jal	x1,800002f8	  x1=0x800002f8
       13875000	      1386	00000000	00000013	addi	x0,x0,0	  x0:0x00000000
       13885000	      1387	80000328	00000013	addi	x0,x0,0	  x0:0x00000000
       13895000	      1388	8000032c	0140036f	jal	x6,8000032c	  x6=0x8000032c
       13905000	      1389	00000000	00000013	addi	x0,x0,0	  x0:0x00000000
       13915000	      1390	8000033c	00000013	addi	x0,x0,0	  x0:0x00000000
       13925000	      1391	80000340	ff9ff2ef	jal	x5,80000340	  x5=0x80000340
       13935000	      1392	00000000	00000013	addi	x0,x0,0	  x0:0x00000000
       13945000	      1393	80000334	00000013	addi	x0,x0,0	  x0:0x00000000
       13955000	      1394	80000338	ffdff7ef	jal	x15,80000338	 x15=0x80000338
       13965000	      1395	00000000	00000013	addi	x0,x0,0	  x0:0x00000000
       13975000	      1396	80000330	00000013	addi	x0,x0,0	  x0:0x00000000
       13985000	      1397	80000334	fd9ff0ef	jal	x1,80000334	  x1=0x80000334
       13995000	      1398	00000000	00000013	addi	x0,x0,0	  x0:0x00000000
       14005000	      1399	80000308	00000013	addi	x0,x0,0	  x0:0x00000000
       14015000	      1400	8000030c	024000ef	jal	x1,8000030c	  x1=0x8000030c
       14025000	      1401	00000000	00000013	addi	x0,x0,0	  x0:0x00000000
       14035000	      1402	8000032c	00000013	addi	x0,x0,0	  x0:0x00000000
       14045000	      1403	80000330	ff9ff0ef	jal	x1,80000330	  x1=0x80000330
       14055000	      1404	00000000	00000013	addi	x0,x0,0	  x0:0x00000000
       14065000	      1405	80000324	00000013	addi	x0,x0,0	  x0:0x00000000
       14075000	      1406	80000328	fd5ff0ef	jal	x1,80000328	  x1=0x80000328
       14085000	      1407	00000000	00000013	addi	x0,x0,0	  x0:0x00000000
       14095000	      1408	800002f8	00000013	addi	x0,x0,0	  x0:0x00000000
       14105000	      1409	800002fc	00400cef	jal	x25,800002fc	 x25=0x800002fc
       14115000	      1410	00000000	00000013	addi	x0,x0,0	  x0:0x00000000
       14125000	      1411	800002fc	00000013	addi	x0,x0,0	  x0:0x00000000
       14135000	      1412	80000300	04c000ef	jal	x1,80000300	  x1=0x80000300
       14145000	      1413	00000000	00000013	addi	x0,x0,0	  x0:0x00000000
       14155000	      1414	80000348	00000013	addi	x0,x0,0	  x0:0x00000000
       14165000	      1415	8000034c	7f48bb93	sltiu	x23,x17,2036	 x17:0x80000000 x23=0x00000000
       14175000	      1416	80000350	05000cef	jal	x25,80000350	 x25=0x80000350
       14185000	      1417	00000000	00000013	addi	x0,x0,0	  x0:0x00000000
       14195000	      1418	8000039c	00000013	addi	x0,x0,0	  x0:0x00000000
       14205000	      1419	800003a0	fc1ff0ef	jal	x1,800003a0	  x1=0x800003a0
       14215000	      1420	00000000	00000013	addi	x0,x0,0	  x0:0x00000000
       14225000	      1421	8000035c	00000013	addi	x0,x0,0	  x0:0x00000000
       14235000	      1422	80000360	024000ef	jal	x1,80000360	  x1=0x80000360
       14245000	      1423	00000000	00000013	addi	x0,x0,0	  x0:0x00000000
       14255000	      1424	80000380	00000013	addi	x0,x0,0	  x0:0x00000000
       14265000	      1425	80000384	ffdffe6f	jal	x28,80000384	 x28=0x80000384
       14275000	      1426	00000000	00000013	addi	x0,x0,0	  x0:0x00000000
       14285000	      1427	8000037c	00000013	addi	x0,x0,0	  x0:0x00000000
       14295000	      1428	80000380	fe9ff36f	jal	x6,80000380	  x6=0x80000380
       14305000	      1429	00000000	00000013	addi	x0,x0,0	  x0:0x00000000
       14315000	      1430	80000364	00000013	addi	x0,x0,0	  x0:0x00000000
       14325000	      1431	80000368	fedff76f	jal	x14,80000368	 x14=0x80000368
       14335000	      1432	00000000	00000013	addi	x0,x0,0	  x0:0x00000000
       14345000	      1433	80000350	00000013	addi	x0,x0,0	  x0:0x00000000
       14355000	      1434	80000354	038007ef	jal	x15,80000354	 x15=0x80000354
       14365000	      1435	00000000	00000013	addi	x0,x0,0	  x0:0x00000000
       14375000	      1436	80000388	00000013	addi	x0,x0,0	  x0:0x00000000
       14385000	      1437	8000038c	fcdff0ef	jal	x1,8000038c	  x1=0x8000038c
       14395000	      1438	00000000	00000013	addi	x0,x0,0	  x0:0x00000000
       14405000	      1439	80000354	00000013	addi	x0,x0,0	  x0:0x00000000
       14415000	      1440	80000358	0300046f	jal	x8,80000358	  x8=0x80000358
       14425000	      1441	00000000	00000013	addi	x0,x0,0	  x0:0x00000000
       14435000	      1442	80000384	00000013	addi	x0,x0,0	  x0:0x00000000
       14445000	      1443	80000388	fe5ff0ef	jal	x1,80000388	  x1=0x80000388
       14455000	      1444	00000000	00000013	addi	x0,x0,0	  x0:0x00000000
       14465000	      1445	80000368	00000013	addi	x0,x0,0	  x0:0x00000000
       14475000	      1446	8000036c	02c0036f	jal	x6,8000036c	  x6=0x8000036c
       14485000	      1447	00000000	00000013	addi	x0,x0,0	  x0:0x00000000
       14495000	      1448	80000394	00000013	addi	x0,x0,0	  x0:0x00000000
       14505000	      1449	80000398	ff9ff3ef	jal	x7,80000398	  x7=0x80000398
       14515000	      1450	00000000	00000013	addi	x0,x0,0	  x0:0x00000000
       14525000	      1451	8000038c	00000013	addi	x0,x0,0	  x0:0x00000000
       14535000	      1452	80000390	fcdff0ef	jal	x1,80000390	  x1=0x80000390
       14545000	      1453	00000000	00000013	addi	x0,x0,0	  x0:0x00000000
       14555000	      1454	80000358	00000013	addi	x0,x0,0	  x0:0x00000000
       14565000	      1455	8000035c	020000ef	jal	x1,8000035c	  x1=0x8000035c
       14575000	      1456	00000000	00000013	addi	x0,x0,0	  x0:0x00000000
       14585000	      1457	80000378	00000013	addi	x0,x0,0	  x0:0x00000000
       14595000	      1458	8000037c	ff5ff0ef	jal	x1,8000037c	  x1=0x8000037c
       14605000	      1459	00000000	00000013	addi	x0,x0,0	  x0:0x00000000
       14615000	      1460	8000036c	00000013	addi	x0,x0,0	  x0:0x00000000
       14625000	      1461	80000370	004004ef	jal	x9,80000370	  x9=0x80000370
       14635000	      1462	00000000	00000013	addi	x0,x0,0	  x0:0x00000000
       14645000	      1463	80000370	00000013	addi	x0,x0,0	  x0:0x00000000
       14655000	      1464	80000374	ff1ff0ef	jal	x1,80000374	  x1=0x80000374
       14665000	      1465	00000000	00000013	addi	x0,x0,0	  x0:0x00000000
       14675000	      1466	80000360	00000013	addi	x0,x0,0	  x0:0x00000000
       14685000	      1467	80000364	014000ef	jal	x1,80000364	  x1=0x80000364
       14695000	      1468	00000000	00000013	addi	x0,x0,0	  x0:0x00000000
       14705000	      1469	80000374	00000013	addi	x0,x0,0	  x0:0x00000000
       14715000	      1470	80000378	02400aef	jal	x21,80000378	 x21=0x80000378
       14725000	      1471	00000000	00000013	addi	x0,x0,0	  x0:0x00000000
       14735000	      1472	80000398	00000013	addi	x0,x0,0	  x0:0x00000000
       14745000	      1473	8000039c	ff9ff0ef	jal	x1,8000039c	  x1=0x8000039c
       14755000	      1474	00000000	00000013	addi	x0,x0,0	  x0:0x00000000
       14765000	      1475	80000390	00000013	addi	x0,x0,0	  x0:0x00000000
       14775000	      1476	80000394	0100036f	jal	x6,80000394	  x6=0x80000394
       14785000	      1477	00000000	00000013	addi	x0,x0,0	  x0:0x00000000
       14795000	      1478	800003a0	00000013	addi	x0,x0,0	  x0:0x00000000
       14805000	      1479	800003a4	41bfd4b3	sra	x9,x31,x27	 x31:0x00000000 x27:0x80000228  x9=0x00000000
       14815000	      1480	800003a8	03000cef	jal	x25,800003a8	 x25=0x800003a8
       14825000	      1481	00000000	00000013	addi	x0,x0,0	  x0:0x00000000
       14835000	      1482	800003d4	00000013	addi	x0,x0,0	  x0:0x00000000
       14845000	      1483	800003d8	fd5ff36f	jal	x6,800003d8	  x6=0x800003d8
       14855000	      1484	00000000	00000013	addi	x0,x0,0	  x0:0x00000000
       14865000	      1485	800003a8	00000013	addi	x0,x0,0	  x0:0x00000000
       14875000	      1486	800003ac	02400eef	jal	x29,800003ac	 x29=0x800003ac
       14885000	      1487	00000000	00000013	addi	x0,x0,0	  x0:0x00000000
       14895000	      1488	800003cc	00000013	addi	x0,x0,0	  x0:0x00000000
       14905000	      1489	800003d0	fe5ff26f	jal	x4,800003d0	  x4=0x800003d0
       14915000	      1490	00000000	00000013	addi	x0,x0,0	  x0:0x00000000
       14925000	      1491	800003b0	00000013	addi	x0,x0,0	  x0:0x00000000
       14935000	      1492	800003b4	030001ef	jal	x3,800003b4	  x3=0x800003b4
       14945000	      1493	00000000	00000013	addi	x0,x0,0	  x0:0x00000000
       14955000	      1494	800003e0	00000013	addi	x0,x0,0	  x0:0x00000000
       14965000	      1495	800003e4	008003ef	jal	x7,800003e4	  x7=0x800003e4
       14975000	      1496	00000000	00000013	addi	x0,x0,0	  x0:0x00000000
       14985000	      1497	800003e8	00000013	addi	x0,x0,0	  x0:0x00000000
       14995000	      1498	800003ec	fe1ff0ef	jal	x1,800003ec	  x1=0x800003ec
       15005000	      1499	00000000	00000013	addi	x0,x0,0	  x0:0x00000000
       15015000	      1500	800003c8	00000013	addi	x0,x0,0	  x0:0x00000000
       15025000	      1501	800003cc	008000ef	jal	x1,800003cc	  x1=0x800003cc
       15035000	      1502	00000000	00000013	addi	x0,x0,0	  x0:0x00000000
       15045000	      1503	800003d0	00000013	addi	x0,x0,0	  x0:0x00000000
       15055000	      1504	800003d4	fe9ff36f	jal	x6,800003d4	  x6=0x800003d4
       15065000	      1505	00000000	00000013	addi	x0,x0,0	  x0:0x00000000
       15075000	      1506	800003b8	00000013	addi	x0,x0,0	  x0:0x00000000
       15085000	      1507	800003bc	00c000ef	jal	x1,800003bc	  x1=0x800003bc
       15095000	      1508	00000000	00000013	addi	x0,x0,0	  x0:0x00000000
       15105000	      1509	800003c4	00000013	addi	x0,x0,0	  x0:0x00000000
       15115000	      1510	800003c8	02c000ef	jal	x1,800003c8	  x1=0x800003c8
       15125000	      1511	00000000	00000013	addi	x0,x0,0	  x0:0x00000000
       15135000	      1512	800003f0	00000013	addi	x0,x0,0	  x0:0x00000000
       15145000	      1513	800003f4	fedffaef	jal	x21,800003f4	 x21=0x800003f4
       15155000	      1514	00000000	00000013	addi	x0,x0,0	  x0:0x00000000
       15165000	      1515	800003dc	00000013	addi	x0,x0,0	  x0:0x00000000
       15175000	      1516	800003e0	008000ef	jal	x1,800003e0	  x1=0x800003e0
       15185000	      1517	00000000	00000013	addi	x0,x0,0	  x0:0x00000000
       15195000	      1518	800003e4	00000013	addi	x0,x0,0	  x0:0x00000000
       15205000	      1519	800003e8	fd9ff2ef	jal	x5,800003e8	  x5=0x800003e8
       15215000	      1520	00000000	00000013	addi	x0,x0,0	  x0:0x00000000
       15225000	      1521	800003bc	00000013	addi	x0,x0,0	  x0:0x00000000
       15235000	      1522	800003c0	004000ef	jal	x1,800003c0	  x1=0x800003c0
       15245000	      1523	00000000	00000013	addi	x0,x0,0	  x0:0x00000000
       15255000	      1524	800003c0	00000013	addi	x0,x0,0	  x0:0x00000000
       15265000	      1525	800003c4	ff5ffe6f	jal	x28,800003c4	 x28=0x800003c4
       15275000	      1526	00000000	00000013	addi	x0,x0,0	  x0:0x00000000
       15285000	      1527	800003b4	00000013	addi	x0,x0,0	  x0:0x00000000
       15295000	      1528	800003b8	ff9ff36f	jal	x6,800003b8	  x6=0x800003b8
       15305000	      1529	00000000	00000013	addi	x0,x0,0	  x0:0x00000000
       15315000	      1530	800003ac	00000013	addi	x0,x0,0	  x0:0x00000000
       15325000	      1531	800003b0	04000def	jal	x27,800003b0	 x27=0x800003b0
       15335000	      1532	00000000	00000013	addi	x0,x0,0	  x0:0x00000000
       15345000	      1533	800003ec	00000013	addi	x0,x0,0	  x0:0x00000000
       15355000	      1534	800003f0	fedff7ef	jal	x15,800003f0	 x15=0x800003f0
       15365000	      1535	00000000	00000013	addi	x0,x0,0	  x0:0x00000000
       15375000	      1536	800003d8	00000013	addi	x0,x0,0	  x0:0x00000000
       15385000	      1537	800003dc	01c003ef	jal	x7,800003dc	  x7=0x800003dc
       15395000	      1538	00000000	00000013	addi	x0,x0,0	  x0:0x00000000
       15405000	      1539	800003f4	00000013	addi	x0,x0,0	  x0:0x00000000
       15415000	      1540	800003f8	00041093	slli	x1,x8,0x0	  x8:0x80000358  x1=0x80000358
       15425000	      1541	800003fc	02000cef	jal	x25,800003fc	 x25=0x800003fc
       15435000	      1542	00000000	00000013	addi	x0,x0,0	  x0:0x00000000
       15445000	      1543	80000418	00000013	addi	x0,x0,0	  x0:0x00000000
       15455000	      1544	8000041c	0280026f	jal	x4,8000041c	  x4=0x8000041c
       15465000	      1545	00000000	00000013	addi	x0,x0,0	  x0:0x00000000
       15475000	      1546	80000440	00000013	addi	x0,x0,0	  x0:0x00000000
       15485000	      1547	80000444	fddff0ef	jal	x1,80000444	  x1=0x80000444
       15495000	      1548	00000000	00000013	addi	x0,x0,0	  x0:0x00000000
       15505000	      1549	8000041c	00000013	addi	x0,x0,0	  x0:0x00000000
       15515000	      1550	80000420	fedff0ef	jal	x1,80000420	  x1=0x80000420
       15525000	      1551	00000000	00000013	addi	x0,x0,0	  x0:0x00000000
       15535000	      1552	80000408	00000013	addi	x0,x0,0	  x0:0x00000000
       15545000	      1553	8000040c	ff5ffdef	jal	x27,8000040c	 x27=0x8000040c
       15555000	      1554	00000000	00000013	addi	x0,x0,0	  x0:0x00000000
       15565000	      1555	800003fc	00000013	addi	x0,x0,0	  x0:0x00000000
       15575000	      1556	80000400	02c000ef	jal	x1,80000400	  x1=0x80000400
       15585000	      1557	00000000	00000013	addi	x0,x0,0	  x0:0x00000000
       15595000	      1558	80000428	00000013	addi	x0,x0,0	  x0:0x00000000
       15605000	      1559	8000042c	fe5ff0ef	jal	x1,8000042c	  x1=0x8000042c
       15615000	      1560	00000000	00000013	addi	x0,x0,0	  x0:0x00000000
       15625000	      1561	8000040c	00000013	addi	x0,x0,0	  x0:0x00000000
       15635000	      1562	80000410	0040016f	jal	x2,80000410	  x2=0x80000410
       15645000	      1563	00000000	00000013	addi	x0,x0,0	  x0:0x00000000
       15655000	      1564	80000410	00000013	addi	x0,x0,0	  x0:0x00000000
       15665000	      1565	80000414	01c000ef	jal	x1,80000414	  x1=0x80000414
       15675000	      1566	00000000	00000013	addi	x0,x0,0	  x0:0x00000000
       15685000	      1567	8000042c	00000013	addi	x0,x0,0	  x0:0x00000000
       15695000	      1568	80000430	01c000ef	jal	x1,80000430	  x1=0x80000430
       15705000	      1569	00000000	00000013	addi	x0,x0,0	  x0:0x00000000
       15715000	      1570	80000448	00000013	addi	x0,x0,0	  x0:0x00000000
       15725000	      1571	8000044c	ff5ff2ef	jal	x5,8000044c	  x5=0x8000044c
       15735000	      1572	00000000	00000013	addi	x0,x0,0	  x0:0x00000000
       15745000	      1573	8000043c	00000013	addi	x0,x0,0	  x0:0x00000000
       15755000	      1574	80000440	fd9ff0ef	jal	x1,80000440	  x1=0x80000440
       15765000	      1575	00000000	00000013	addi	x0,x0,0	  x0:0x00000000
       15775000	      1576	80000414	00000013	addi	x0,x0,0	  x0:0x00000000
       15785000	      1577	80000418	ff1ff76f	jal	x14,80000418	 x14=0x80000418
       15795000	      1578	00000000	00000013	addi	x0,x0,0	  x0:0x00000000
       15805000	      1579	80000404	00000013	addi	x0,x0,0	  x0:0x00000000
       15815000	      1580	80000408	02c0036f	jal	x6,80000408	  x6=0x80000408
       15825000	      1581	00000000	00000013	addi	x0,x0,0	  x0:0x00000000
       15835000	      1582	80000430	00000013	addi	x0,x0,0	  x0:0x00000000
       15845000	      1583	80000434	ff5ff0ef	jal	x1,80000434	  x1=0x80000434
       15855000	      1584	00000000	00000013	addi	x0,x0,0	  x0:0x00000000
       15865000	      1585	80000424	00000013	addi	x0,x0,0	  x0:0x00000000
       15875000	      1586	80000428	ffdff0ef	jal	x1,80000428	  x1=0x80000428
       15885000	      1587	00000000	00000013	addi	x0,x0,0	  x0:0x00000000
       15895000	      1588	80000420	00000013	addi	x0,x0,0	  x0:0x00000000
       15905000	      1589	80000424	018000ef	jal	x1,80000424	  x1=0x80000424
       15915000	      1590	00000000	00000013	addi	x0,x0,0	  x0:0x00000000
       15925000	      1591	80000438	00000013	addi	x0,x0,0	  x0:0x00000000
       15935000	      1592	8000043c	00c0016f	jal	x2,8000043c	  x2=0x8000043c
       15945000	      1593	00000000	00000013	addi	x0,x0,0	  x0:0x00000000
       15955000	      1594	80000444	00000013	addi	x0,x0,0	  x0:0x00000000
       15965000	      1595	80000448	fbdff0ef	jal	x1,80000448	  x1=0x80000448
       15975000	      1596	00000000	00000013	addi	x0,x0,0	  x0:0x00000000
       15985000	      1597	80000400	00000013	addi	x0,x0,0	  x0:0x00000000
       15995000	      1598	80000404	034000ef	jal	x1,80000404	  x1=0x80000404
       16005000	      1599	00000000	00000013	addi	x0,x0,0	  x0:0x00000000
       16015000	      1600	80000434	00000013	addi	x0,x0,0	  x0:0x00000000
       16025000	      1601	80000438	0180036f	jal	x6,80000438	  x6=0x80000438
       16035000	      1602	00000000	00000013	addi	x0,x0,0	  x0:0x00000000
       16045000	      1603	8000044c	00000013	addi	x0,x0,0	  x0:0x00000000
       16055000	      1604	80000450	006e1133	sll	x2,x28,x6	 x28:0x800003c4  x6:0x80000438  x2=0xc4000000
       16065000	      1605	80000454	04c00cef	jal	x25,80000454	 x25=0x80000454
       16075000	      1606	00000000	00000013	addi	x0,x0,0	  x0:0x00000000
       16085000	      1607	8000049c	00000013	addi	x0,x0,0	  x0:0x00000000
       16095000	      1608	800004a0	00c001ef	jal	x3,800004a0	  x3=0x800004a0
       16105000	      1609	00000000	00000013	addi	x0,x0,0	  x0:0x00000000
       16115000	      1610	800004a8	00000013	addi	x0,x0,0	  x0:0x00000000
       16125000	      1611	800004ac	00c0036f	jal	x6,800004ac	  x6=0x800004ac
       16135000	      1612	00000000	00000013	addi	x0,x0,0	  x0:0x00000000
       16145000	      1613	800004b4	00000013	addi	x0,x0,0	  x0:0x00000000
       16155000	      1614	800004b8	014000ef	jal	x1,800004b8	  x1=0x800004b8
       16165000	      1615	00000000	00000013	addi	x0,x0,0	  x0:0x00000000
       16175000	      1616	800004c8	00000013	addi	x0,x0,0	  x0:0x00000000
       16185000	      1617	800004cc	fddff0ef	jal	x1,800004cc	  x1=0x800004cc
       16195000	      1618	00000000	00000013	addi	x0,x0,0	  x0:0x00000000
       16205000	      1619	800004a4	00000013	addi	x0,x0,0	  x0:0x00000000
       16215000	      1620	800004a8	ff1ff0ef	jal	x1,800004a8	  x1=0x800004a8
       16225000	      1621	00000000	00000013	addi	x0,x0,0	  x0:0x00000000
       16235000	      1622	80000494	00000013	addi	x0,x0,0	  x0:0x00000000
       16245000	      1623	80000498	fedff36f	jal	x6,80000498	  x6=0x80000498
       16255000	      1624	00000000	00000013	addi	x0,x0,0	  x0:0x00000000
       16265000	      1625	80000480	00000013	addi	x0,x0,0	  x0:0x00000000
       16275000	      1626	80000484	fe5ff2ef	jal	x5,80000484	  x5=0x80000484
       16285000	      1627	00000000	00000013	addi	x0,x0,0	  x0:0x00000000
       16295000	      1628	80000464	00000013	addi	x0,x0,0	  x0:0x00000000
       16305000	      1629	80000468	00c0036f	jal	x6,80000468	  x6=0x80000468
       16315000	      1630	00000000	00000013	addi	x0,x0,0	  x0:0x00000000
       16325000	      1631	80000470	00000013	addi	x0,x0,0	  x0:0x00000000
       16335000	      1632	80000474	ff9ffeef	jal	x29,80000474	 x29=0x80000474
       16345000	      1633	00000000	00000013	addi	x0,x0,0	  x0:0x00000000
       16355000	      1634	80000468	00000013	addi	x0,x0,0	  x0:0x00000000
       16365000	      1635	8000046c	0580036f	jal	x6,8000046c	  x6=0x8000046c
       16375000	      1636	00000000	00000013	addi	x0,x0,0	  x0:0x00000000
       16385000	      1637	800004c0	00000013	addi	x0,x0,0	  x0:0x00000000
       16395000	      1638	800004c4	fb5ff36f	jal	x6,800004c4	  x6=0x800004c4
       16405000	      1639	00000000	00000013	addi	x0,x0,0	  x0:0x00000000
       16415000	      1640	80000474	00000013	addi	x0,x0,0	  x0:0x00000000
       16425000	      1641	80000478	fe9ff0ef	jal	x1,80000478	  x1=0x80000478
       16435000	      1642	00000000	00000013	addi	x0,x0,0	  x0:0x00000000
       16445000	      1643	8000045c	00000013	addi	x0,x0,0	  x0:0x00000000
       16455000	      1644	80000460	02c000ef	jal	x1,80000460	  x1=0x80000460
       16465000	      1645	00000000	00000013	addi	x0,x0,0	  x0:0x00000000
       16475000	      1646	80000488	00000013	addi	x0,x0,0	  x0:0x00000000
       16485000	      1647	8000048c	030000ef	jal	x1,8000048c	  x1=0x8000048c
       16495000	      1648	00000000	00000013	addi	x0,x0,0	  x0:0x00000000
       16505000	      1649	800004b8	00000013	addi	x0,x0,0	  x0:0x00000000
       16515000	      1650	800004bc	004000ef	jal	x1,800004bc	  x1=0x800004bc
       16525000	      1651	00000000	00000013	addi	x0,x0,0	  x0:0x00000000
       16535000	      1652	800004bc	00000013	addi	x0,x0,0	  x0:0x00000000
       16545000	      1653	800004c0	fbdff26f	jal	x4,800004c0	  x4=0x800004c0
       16555000	      1654	00000000	00000013	addi	x0,x0,0	  x0:0x00000000
       16565000	      1655	80000478	00000013	addi	x0,x0,0	  x0:0x00000000
       16575000	      1656	8000047c	ff5ff36f	jal	x6,8000047c	  x6=0x8000047c
       16585000	      1657	00000000	00000013	addi	x0,x0,0	  x0:0x00000000
       16595000	      1658	8000046c	00000013	addi	x0,x0,0	  x0:0x00000000
       16605000	      1659	80000470	044000ef	jal	x1,80000470	  x1=0x80000470
       16615000	      1660	00000000	00000013	addi	x0,x0,0	  x0:0x00000000
       16625000	      1661	800004b0	00000013	addi	x0,x0,0	  x0:0x00000000
       16635000	      1662	800004b4	fddff0ef	jal	x1,800004b4	  x1=0x800004b4
       16645000	      1663	00000000	00000013	addi	x0,x0,0	  x0:0x00000000
       16655000	      1664	8000048c	00000013	addi	x0,x0,0	  x0:0x00000000
       16665000	      1665	80000490	00c0036f	jal	x6,80000490	  x6=0x80000490
       16675000	      1666	00000000	00000013	addi	x0,x0,0	  x0:0x00000000
       16685000	      1667	80000498	00000013	addi	x0,x0,0	  x0:0x00000000
       16695000	      1668	8000049c	fbdff96f	jal	x18,8000049c	 x18=0x8000049c
       16705000	      1669	00000000	00000013	addi	x0,x0,0	  x0:0x00000000
       16715000	      1670	80000454	00000013	addi	x0,x0,0	  x0:0x00000000
       16725000	      1671	80000458	028003ef	jal	x7,80000458	  x7=0x80000458
       16735000	      1672	00000000	00000013	addi	x0,x0,0	  x0:0x00000000
       16745000	      1673	8000047c	00000013	addi	x0,x0,0	  x0:0x00000000
       16755000	      1674	80000480	048001ef	jal	x3,80000480	  x3=0x80000480
       16765000	      1675	00000000	00000013	addi	x0,x0,0	  x0:0x00000000
       16775000	      1676	800004c4	00000013	addi	x0,x0,0	  x0:0x00000000
       16785000	      1677	800004c8	f9dff16f	jal	x2,800004c8	  x2=0x800004c8
       16795000	      1678	00000000	00000013	addi	x0,x0,0	  x0:0x00000000
       16805000	      1679	80000460	00000013	addi	x0,x0,0	  x0:0x00000000
       16815000	      1680	80000464	04c000ef	jal	x1,80000464	  x1=0x80000464
       16825000	      1681	00000000	00000013	addi	x0,x0,0	  x0:0x00000000
       16835000	      1682	800004ac	00000013	addi	x0,x0,0	  x0:0x00000000
       16845000	      1683	800004b0	fd9ff0ef	jal	x1,800004b0	  x1=0x800004b0
       16855000	      1684	00000000	00000013	addi	x0,x0,0	  x0:0x00000000
       16865000	      1685	80000484	00000013	addi	x0,x0,0	  x0:0x00000000
       16875000	      1686	80000488	fd5ff36f	jal	x6,80000488	  x6=0x80000488
       16885000	      1687	00000000	00000013	addi	x0,x0,0	  x0:0x00000000
       16895000	      1688	80000458	00000013	addi	x0,x0,0	  x0:0x00000000
       16905000	      1689	8000045c	048000ef	jal	x1,8000045c	  x1=0x8000045c
       16915000	      1690	00000000	00000013	addi	x0,x0,0	  x0:0x00000000
       16925000	      1691	800004a0	00000013	addi	x0,x0,0	  x0:0x00000000
       16935000	      1692	800004a4	ff1fff6f	jal	x30,800004a4	 x30=0x800004a4
       16945000	      1693	00000000	00000013	addi	x0,x0,0	  x0:0x00000000
       16955000	      1694	80000490	00000013	addi	x0,x0,0	  x0:0x00000000
       16965000	      1695	80000494	03c0036f	jal	x6,80000494	  x6=0x80000494
       16975000	      1696	00000000	00000013	addi	x0,x0,0	  x0:0x00000000
       16985000	      1697	800004cc	00000013	addi	x0,x0,0	  x0:0x00000000
       16995000	      1698	800004d0	013c2b33	slt	x22,x24,x19	 x24:0x80000310 x19:0x80000320 x22=0x00000001
       17005000	      1699	800004d4	04400cef	jal	x25,800004d4	 x25=0x800004d4
       17015000	      1700	00000000	00000013	addi	x0,x0,0	  x0:0x00000000
       17025000	      1701	80000514	00000013	addi	x0,x0,0	  x0:0x00000000
       17035000	      1702	80000518	fe1ff16f	jal	x2,80000518	  x2=0x80000518
       17045000	      1703	00000000	00000013	addi	x0,x0,0	  x0:0x00000000
       17055000	      1704	800004f4	00000013	addi	x0,x0,0	  x0:0x00000000
       17065000	      1705	800004f8	fe1ff36f	jal	x6,800004f8	  x6=0x800004f8
       17075000	      1706	00000000	00000013	addi	x0,x0,0	  x0:0x00000000
       17085000	      1707	800004d4	00000013	addi	x0,x0,0	  x0:0x00000000
       17095000	      1708	800004d8	03c000ef	jal	x1,800004d8	  x1=0x800004d8
       17105000	      1709	00000000	00000013	addi	x0,x0,0	  x0:0x00000000
       17115000	      1710	80000510	00000013	addi	x0,x0,0	  x0:0x00000000
       17125000	      1711	80000514	fc9ff86f	jal	x16,80000514	 x16=0x80000514
       17135000	      1712	00000000	00000013	addi	x0,x0,0	  x0:0x00000000
       17145000	      1713	800004d8	00000013	addi	x0,x0,0	  x0:0x00000000
       17155000	      1714	800004dc	050000ef	jal	x1,800004dc	  x1=0x800004dc
       17165000	      1715	00000000	00000013	addi	x0,x0,0	  x0:0x00000000
       17175000	      1716	80000528	00000013	addi	x0,x0,0	  x0:0x00000000
       17185000	      1717	8000052c	004000ef	jal	x1,8000052c	  x1=0x8000052c
       17195000	      1718	00000000	00000013	addi	x0,x0,0	  x0:0x00000000
       17205000	      1719	8000052c	00000013	addi	x0,x0,0	  x0:0x00000000
       17215000	      1720	80000530	fddff0ef	jal	x1,80000530	  x1=0x80000530
       17225000	      1721	00000000	00000013	addi	x0,x0,0	  x0:0x00000000
       17235000	      1722	80000508	00000013	addi	x0,x0,0	  x0:0x00000000
       17245000	      1723	8000050c	fe9ff0ef	jal	x1,8000050c	  x1=0x8000050c
       17255000	      1724	00000000	00000013	addi	x0,x0,0	  x0:0x00000000
       17265000	      1725	800004f0	00000013	addi	x0,x0,0	  x0:0x00000000
       17275000	      1726	800004f4	0440036f	jal	x6,800004f4	  x6=0x800004f4
       17285000	      1727	00000000	00000013	addi	x0,x0,0	  x0:0x00000000
       17295000	      1728	80000534	00000013	addi	x0,x0,0	  x0:0x00000000
       17305000	      1729	80000538	0140036f	jal	x6,80000538	  x6=0x80000538
       17315000	      1730	00000000	00000013	addi	x0,x0,0	  x0:0x00000000
       17325000	      1731	80000548	00000013	addi	x0,x0,0	  x0:0x00000000
       17335000	      1732	8000054c	ff1ffd6f	jal	x26,8000054c	 x26=0x8000054c
       17345000	      1733	00000000	00000013	addi	x0,x0,0	  x0:0x00000000
       17355000	      1734	80000538	00000013	addi	x0,x0,0	  x0:0x00000000
       17365000	      1735	8000053c	00c000ef	jal	x1,8000053c	  x1=0x8000053c
       17375000	      1736	00000000	00000013	addi	x0,x0,0	  x0:0x00000000
       17385000	      1737	80000544	00000013	addi	x0,x0,0	  x0:0x00000000
       17395000	      1738	80000548	f99ff0ef	jal	x1,80000548	  x1=0x80000548
       17405000	      1739	00000000	00000013	addi	x0,x0,0	  x0:0x00000000
       17415000	      1740	800004dc	00000013	addi	x0,x0,0	  x0:0x00000000
       17425000	      1741	800004e0	028000ef	jal	x1,800004e0	  x1=0x800004e0
       17435000	      1742	00000000	00000013	addi	x0,x0,0	  x0:0x00000000
       17445000	      1743	80000504	00000013	addi	x0,x0,0	  x0:0x00000000
       17455000	      1744	80000508	fe9ff36f	jal	x6,80000508	  x6=0x80000508
       17465000	      1745	00000000	00000013	addi	x0,x0,0	  x0:0x00000000
       17475000	      1746	800004ec	00000013	addi	x0,x0,0	  x0:0x00000000
       17485000	      1747	800004f0	014000ef	jal	x1,800004f0	  x1=0x800004f0
       17495000	      1748	00000000	00000013	addi	x0,x0,0	  x0:0x00000000
       17505000	      1749	80000500	00000013	addi	x0,x0,0	  x0:0x00000000
       17515000	      1750	80000504	fe5ff0ef	jal	x1,80000504	  x1=0x80000504
       17525000	      1751	00000000	00000013	addi	x0,x0,0	  x0:0x00000000
       17535000	      1752	800004e4	00000013	addi	x0,x0,0	  x0:0x00000000
       17545000	      1753	800004e8	ffdff0ef	jal	x1,800004e8	  x1=0x800004e8
       17555000	      1754	00000000	00000013	addi	x0,x0,0	  x0:0x00000000
       17565000	      1755	800004e0	00000013	addi	x0,x0,0	  x0:0x00000000
       17575000	      1756	800004e4	05c0026f	jal	x4,800004e4	  x4=0x800004e4
       17585000	      1757	00000000	00000013	addi	x0,x0,0	  x0:0x00000000
       17595000	      1758	8000053c	00000013	addi	x0,x0,0	  x0:0x00000000
       17605000	      1759	80000540	fe9ff0ef	jal	x1,80000540	  x1=0x80000540
       17615000	      1760	00000000	00000013	addi	x0,x0,0	  x0:0x00000000
       17625000	      1761	80000524	00000013	addi	x0,x0,0	  x0:0x00000000
       17635000	      1762	80000528	00c0036f	jal	x6,80000528	  x6=0x80000528
       17645000	      1763	00000000	00000013	addi	x0,x0,0	  x0:0x00000000
       17655000	      1764	80000530	00000013	addi	x0,x0,0	  x0:0x00000000
       17665000	      1765	80000534	fe9ffd6f	jal	x26,80000534	 x26=0x80000534
       17675000	      1766	00000000	00000013	addi	x0,x0,0	  x0:0x00000000
       17685000	      1767	80000518	00000013	addi	x0,x0,0	  x0:0x00000000
       17695000	      1768	8000051c	0040036f	jal	x6,8000051c	  x6=0x8000051c
       17705000	      1769	00000000	00000013	addi	x0,x0,0	  x0:0x00000000
       17715000	      1770	8000051c	00000013	addi	x0,x0,0	  x0:0x00000000
       17725000	      1771	80000520	ff1ff0ef	jal	x1,80000520	  x1=0x80000520
       17735000	      1772	00000000	00000013	addi	x0,x0,0	  x0:0x00000000
       17745000	      1773	8000050c	00000013	addi	x0,x0,0	  x0:0x00000000
       17755000	      1774	80000510	ff1ffeef	jal	x29,80000510	 x29=0x80000510
       17765000	      1775	00000000	00000013	addi	x0,x0,0	  x0:0x00000000
       17775000	      1776	800004fc	00000013	addi	x0,x0,0	  x0:0x00000000
       17785000	      1777	80000500	0440016f	jal	x2,80000500	  x2=0x80000500
       17795000	      1778	00000000	00000013	addi	x0,x0,0	  x0:0x00000000
       17805000	      1779	80000540	00000013	addi	x0,x0,0	  x0:0x00000000
       17815000	      1780	80000544	fa9ff0ef	jal	x1,80000544	  x1=0x80000544
       17825000	      1781	00000000	00000013	addi	x0,x0,0	  x0:0x00000000
       17835000	      1782	800004e8	00000013	addi	x0,x0,0	  x0:0x00000000
       17845000	      1783	800004ec	0380036f	jal	x6,800004ec	  x6=0x800004ec
       17855000	      1784	00000000	00000013	addi	x0,x0,0	  x0:0x00000000
       17865000	      1785	80000520	00000013	addi	x0,x0,0	  x0:0x00000000
       17875000	      1786	80000524	fd9ff0ef	jal	x1,80000524	  x1=0x80000524
       17885000	      1787	00000000	00000013	addi	x0,x0,0	  x0:0x00000000
       17895000	      1788	800004f8	00000013	addi	x0,x0,0	  x0:0x00000000
       17905000	      1789	800004fc	0540036f	jal	x6,800004fc	  x6=0x800004fc
       17915000	      1790	00000000	00000013	addi	x0,x0,0	  x0:0x00000000
       17925000	      1791	8000054c	00000013	addi	x0,x0,0	  x0:0x00000000
       17935000	      1792	80000550	41c701b3	sub	x3,x14,x28	 x14:0x80000418 x28:0x800003c4  x3=0x00000054
       17945000	      1793	80000554	01c00cef	jal	x25,80000554	 x25=0x80000554
       17955000	      1794	00000000	00000013	addi	x0,x0,0	  x0:0x00000000
       17965000	      1795	8000056c	00000013	addi	x0,x0,0	  x0:0x00000000
       17975000	      1796	80000570	014000ef	jal	x1,80000570	  x1=0x80000570
       17985000	      1797	00000000	00000013	addi	x0,x0,0	  x0:0x00000000
       17995000	      1798	80000580	00000013	addi	x0,x0,0	  x0:0x00000000
       18005000	      1799	80000584	fd9ff4ef	jal	x9,80000584	  x9=0x80000584
       18015000	      1800	00000000	00000013	addi	x0,x0,0	  x0:0x00000000
       18025000	      1801	80000558	00000013	addi	x0,x0,0	  x0:0x00000000
       18035000	      1802	8000055c	03c000ef	jal	x1,8000055c	  x1=0x8000055c
       18045000	      1803	00000000	00000013	addi	x0,x0,0	  x0:0x00000000
       18055000	      1804	80000594	00000013	addi	x0,x0,0	  x0:0x00000000
       18065000	      1805	80000598	fe1ff2ef	jal	x5,80000598	  x5=0x80000598
       18075000	      1806	00000000	00000013	addi	x0,x0,0	  x0:0x00000000
       18085000	      1807	80000574	00000013	addi	x0,x0,0	  x0:0x00000000
       18095000	      1808	80000578	014000ef	jal	x1,80000578	  x1=0x80000578
       18105000	      1809	00000000	00000013	addi	x0,x0,0	  x0:0x00000000
       18115000	      1810	80000588	00000013	addi	x0,x0,0	  x0:0x00000000
       18125000	      1811	8000058c	fcdff0ef	jal	x1,8000058c	  x1=0x8000058c
       18135000	      1812	00000000	00000013	addi	x0,x0,0	  x0:0x00000000
       18145000	      1813	80000554	00000013	addi	x0,x0,0	  x0:0x00000000
       18155000	      1814	80000558	01000d6f	jal	x26,80000558	 x26=0x80000558
       18165000	      1815	00000000	00000013	addi	x0,x0,0	  x0:0x00000000
       18175000	      1816	80000564	00000013	addi	x0,x0,0	  x0:0x00000000
       18185000	      1817	80000568	028002ef	jal	x5,80000568	  x5=0x80000568
       18195000	      1818	00000000	00000013	addi	x0,x0,0	  x0:0x00000000
       18205000	      1819	8000058c	00000013	addi	x0,x0,0	  x0:0x00000000
       18215000	      1820	80000590	fedff0ef	jal	x1,80000590	  x1=0x80000590
       18225000	      1821	00000000	00000013	addi	x0,x0,0	  x0:0x00000000
       18235000	      1822	80000578	00000013	addi	x0,x0,0	  x0:0x00000000
       18245000	      1823	8000057c	fe9ff16f	jal	x2,8000057c	  x2=0x8000057c
       18255000	      1824	00000000	00000013	addi	x0,x0,0	  x0:0x00000000
       18265000	      1825	80000560	00000013	addi	x0,x0,0	  x0:0x00000000
       18275000	      1826	80000564	01c0036f	jal	x6,80000564	  x6=0x80000564
       18285000	      1827	00000000	00000013	addi	x0,x0,0	  x0:0x00000000
       18295000	      1828	8000057c	00000013	addi	x0,x0,0	  x0:0x00000000
       18305000	      1829	80000580	fe1ff0ef	jal	x1,80000580	  x1=0x80000580
       18315000	      1830	00000000	00000013	addi	x0,x0,0	  x0:0x00000000
       18325000	      1831	8000055c	00000013	addi	x0,x0,0	  x0:0x00000000
       18335000	      1832	80000560	03c002ef	jal	x5,80000560	  x5=0x80000560
       18345000	      1833	00000000	00000013	addi	x0,x0,0	  x0:0x00000000
       18355000	      1834	80000598	00000013	addi	x0,x0,0	  x0:0x00000000
       18365000	      1835	8000059c	fedff0ef	jal	x1,8000059c	  x1=0x8000059c
       18375000	      1836	00000000	00000013	addi	x0,x0,0	  x0:0x00000000
       18385000	      1837	80000584	00000013	addi	x0,x0,0	  x0:0x00000000
       18395000	      1838	80000588	fedff0ef	jal	x1,80000588	  x1=0x80000588
       18405000	      1839	00000000	00000013	addi	x0,x0,0	  x0:0x00000000
       18415000	      1840	80000570	00000013	addi	x0,x0,0	  x0:0x00000000
       18425000	      1841	80000574	ff9ff46f	jal	x8,80000574	  x8=0x80000574
       18435000	      1842	00000000	00000013	addi	x0,x0,0	  x0:0x00000000
       18445000	      1843	80000568	00000013	addi	x0,x0,0	  x0:0x00000000
       18455000	      1844	8000056c	028000ef	jal	x1,8000056c	  x1=0x8000056c
       18465000	      1845	00000000	00000013	addi	x0,x0,0	  x0:0x00000000
       18475000	      1846	80000590	00000013	addi	x0,x0,0	  x0:0x00000000
       18485000	      1847	80000594	00c00fef	jal	x31,80000594	 x31=0x80000594
       18495000	      1848	00000000	00000013	addi	x0,x0,0	  x0:0x00000000
       18505000	      1849	8000059c	00000013	addi	x0,x0,0	  x0:0x00000000
       18515000	      1850	800005a0	01dc5bb3	srl	x23,x24,x29	 x24:0x80000310 x29:0x80000510 x23=0x00008000
       18525000	      1851	800005a4	05c00cef	jal	x25,800005a4	 x25=0x800005a4
       18535000	      1852	00000000	00000013	addi	x0,x0,0	  x0:0x00000000
       18545000	      1853	800005fc	00000013	addi	x0,x0,0	  x0:0x00000000
       18555000	      1854	80000600	0180016f	jal	x2,80000600	  x2=0x80000600
       18565000	      1855	00000000	00000013	addi	x0,x0,0	  x0:0x00000000
       18575000	      1856	80000614	00000013	addi	x0,x0,0	  x0:0x00000000
       18585000	      1857	80000618	fc1ff7ef	jal	x15,80000618	 x15=0x80000618
       18595000	      1858	00000000	00000013	addi	x0,x0,0	  x0:0x00000000
       18605000	      1859	800005d4	00000013	addi	x0,x0,0	  x0:0x00000000
       18615000	      1860	800005d8	00400e6f	jal	x28,800005d8	 x28=0x800005d8
       18625000	      1861	00000000	00000013	addi	x0,x0,0	  x0:0x00000000
       18635000	      1862	800005d8	00000013	addi	x0,x0,0	  x0:0x00000000
       18645000	      1863	800005dc	01c0026f	jal	x4,800005dc	  x4=0x800005dc
       18655000	      1864	00000000	00000013	addi	x0,x0,0	  x0:0x00000000
       18665000	      1865	800005f4	00000013	addi	x0,x0,0	  x0:0x00000000
       18675000	      1866	800005f8	fe9ff36f	jal	x6,800005f8	  x6=0x800005f8
       18685000	      1867	00000000	00000013	addi	x0,x0,0	  x0:0x00000000
       18695000	      1868	800005dc	00000013	addi	x0,x0,0	  x0:0x00000000
       18705000	      1869	800005e0	fe9ff1ef	jal	x3,800005e0	  x3=0x800005e0
       18715000	      1870	00000000	00000013	addi	x0,x0,0	  x0:0x00000000
       18725000	      1871	800005c4	00000013	addi	x0,x0,0	  x0:0x00000000
       18735000	      1872	800005c8	fedff2ef	jal	x5,800005c8	  x5=0x800005c8
       18745000	      1873	00000000	00000013	addi	x0,x0,0	  x0:0x00000000
       18755000	      1874	800005b0	00000013	addi	x0,x0,0	  x0:0x00000000
       18765000	      1875	800005b4	040000ef	jal	x1,800005b4	  x1=0x800005b4
       18775000	      1876	00000000	00000013	addi	x0,x0,0	  x0:0x00000000
       18785000	      1877	800005f0	00000013	addi	x0,x0,0	  x0:0x00000000
       18795000	      1878	800005f4	fb9ff36f	jal	x6,800005f4	  x6=0x800005f4
       18805000	      1879	00000000	00000013	addi	x0,x0,0	  x0:0x00000000
       18815000	      1880	800005a8	00000013	addi	x0,x0,0	  x0:0x00000000
       18825000	      1881	800005ac	05800a6f	jal	x20,800005ac	 x20=0x800005ac
       18835000	      1882	00000000	00000013	addi	x0,x0,0	  x0:0x00000000
       18845000	      1883	80000600	00000013	addi	x0,x0,0	  x0:0x00000000
       18855000	      1884	80000604	fe5ff0ef	jal	x1,80000604	  x1=0x80000604
       18865000	      1885	00000000	00000013	addi	x0,x0,0	  x0:0x00000000
       18875000	      1886	800005e4	00000013	addi	x0,x0,0	  x0:0x00000000
       18885000	      1887	800005e8	fc9ff0ef	jal	x1,800005e8	  x1=0x800005e8
       18895000	      1888	00000000	00000013	addi	x0,x0,0	  x0:0x00000000
       18905000	      1889	800005ac	00000013	addi	x0,x0,0	  x0:0x00000000
       18915000	      1890	800005b0	03c000ef	jal	x1,800005b0	  x1=0x800005b0
       18925000	      1891	00000000	00000013	addi	x0,x0,0	  x0:0x00000000
       18935000	      1892	800005e8	00000013	addi	x0,x0,0	  x0:0x00000000
       18945000	      1893	800005ec	fcdff0ef	jal	x1,800005ec	  x1=0x800005ec
       18955000	      1894	00000000	00000013	addi	x0,x0,0	  x0:0x00000000
       18965000	      1895	800005b4	00000013	addi	x0,x0,0	  x0:0x00000000
       18975000	      1896	800005b8	ff1ff1ef	jal	x3,800005b8	  x3=0x800005b8
       18985000	      1897	00000000	00000013	addi	x0,x0,0	  x0:0x00000000
       18995000	      1898	800005a4	00000013	addi	x0,x0,0	  x0:0x00000000
       19005000	      1899	800005a8	068000ef	jal	x1,800005a8	  x1=0x800005a8
       19015000	      1900	00000000	00000013	addi	x0,x0,0	  x0:0x00000000
       19025000	      1901	8000060c	00000013	addi	x0,x0,0	  x0:0x00000000
       19035000	      1902	80000610	fedff36f	jal	x6,80000610	  x6=0x80000610
       19045000	      1903	00000000	00000013	addi	x0,x0,0	  x0:0x00000000
       19055000	      1904	800005f8	00000013	addi	x0,x0,0	  x0:0x00000000
       19065000	      1905	800005fc	ff5ff0ef	jal	x1,800005fc	  x1=0x800005fc
       19075000	      1906	00000000	00000013	addi	x0,x0,0	  x0:0x00000000
       19085000	      1907	800005ec	00000013	addi	x0,x0,0	  x0:0x00000000
       19095000	      1908	800005f0	ff5ff36f	jal	x6,800005f0	  x6=0x800005f0
       19105000	      1909	00000000	00000013	addi	x0,x0,0	  x0:0x00000000
       19115000	      1910	800005e0	00000013	addi	x0,x0,0	  x0:0x00000000
       19125000	      1911	800005e4	fedff0ef	jal	x1,800005e4	  x1=0x800005e4
       19135000	      1912	00000000	00000013	addi	x0,x0,0	  x0:0x00000000
       19145000	      1913	800005cc	00000013	addi	x0,x0,0	  x0:0x00000000
       19155000	      1914	800005d0	fedff0ef	jal	x1,800005d0	  x1=0x800005d0
       19165000	      1915	00000000	00000013	addi	x0,x0,0	  x0:0x00000000
       19175000	      1916	800005b8	00000013	addi	x0,x0,0	  x0:0x00000000
       19185000	      1917	800005bc	0100036f	jal	x6,800005bc	  x6=0x800005bc
       19195000	      1918	00000000	00000013	addi	x0,x0,0	  x0:0x00000000
       19205000	      1919	800005c8	00000013	addi	x0,x0,0	  x0:0x00000000
       19215000	      1920	800005cc	03c00e6f	jal	x28,800005cc	 x28=0x800005cc
       19225000	      1921	00000000	00000013	addi	x0,x0,0	  x0:0x00000000
       19235000	      1922	80000604	00000013	addi	x0,x0,0	  x0:0x00000000
       19245000	      1923	80000608	00c000ef	jal	x1,80000608	  x1=0x80000608
       19255000	      1924	00000000	00000013	addi	x0,x0,0	  x0:0x00000000
       19265000	      1925	80000610	00000013	addi	x0,x0,0	  x0:0x00000000
       19275000	      1926	80000614	ff9ff26f	jal	x4,80000614	  x4=0x80000614
       19285000	      1927	00000000	00000013	addi	x0,x0,0	  x0:0x00000000
       19295000	      1928	80000608	00000013	addi	x0,x0,0	  x0:0x00000000
       19305000	      1929	8000060c	fc9ff0ef	jal	x1,8000060c	  x1=0x8000060c
       19315000	      1930	00000000	00000013	addi	x0,x0,0	  x0:0x00000000
       19325000	      1931	800005d0	00000013	addi	x0,x0,0	  x0:0x00000000
       19335000	      1932	800005d4	fedff0ef	jal	x1,800005d4	  x1=0x800005d4
       19345000	      1933	00000000	00000013	addi	x0,x0,0	  x0:0x00000000
       19355000	      1934	800005bc	00000013	addi	x0,x0,0	  x0:0x00000000
       19365000	      1935	800005c0	0040066f	jal	x12,800005c0	 x12=0x800005c0
       19375000	      1936	00000000	00000013	addi	x0,x0,0	  x0:0x00000000
       19385000	      1937	800005c0	00000013	addi	x0,x0,0	  x0:0x00000000
       19395000	      1938	800005c4	058000ef	jal	x1,800005c4	  x1=0x800005c4
       19405000	      1939	00000000	00000013	addi	x0,x0,0	  x0:0x00000000
       19415000	      1940	80000618	00000013	addi	x0,x0,0	  x0:0x00000000
       19425000	      1941	8000061c	90798f93	addi	x31,x19,-1785	 x19:0x80000320 x31=0x7ffffc27
       19435000	      1942	80000620	02400cef	jal	x25,80000620	 x25=0x80000620
       19445000	      1943	00000000	00000013	addi	x0,x0,0	  x0:0x00000000
       19455000	      1944	80000640	00000013	addi	x0,x0,0	  x0:0x00000000
       19465000	      1945	80000644	028000ef	jal	x1,80000644	  x1=0x80000644
       19475000	      1946	00000000	00000013	addi	x0,x0,0	  x0:0x00000000
       19485000	      1947	80000668	00000013	addi	x0,x0,0	  x0:0x00000000
       19495000	      1948	8000066c	fc1ff0ef	jal	x1,8000066c	  x1=0x8000066c
       19505000	      1949	00000000	00000013	addi	x0,x0,0	  x0:0x00000000
       19515000	      1950	80000628	00000013	addi	x0,x0,0	  x0:0x00000000
       19525000	      1951	8000062c	02c000ef	jal	x1,8000062c	  x1=0x8000062c
       19535000	      1952	00000000	00000013	addi	x0,x0,0	  x0:0x00000000
       19545000	      1953	80000654	00000013	addi	x0,x0,0	  x0:0x00000000
       19555000	      1954	80000658	0180036f	jal	x6,80000658	  x6=0x80000658
       19565000	      1955	00000000	00000013	addi	x0,x0,0	  x0:0x00000000
       19575000	      1956	8000066c	00000013	addi	x0,x0,0	  x0:0x00000000
       19585000	      1957	80000670	fc1ff0ef	jal	x1,80000670	  x1=0x80000670
       19595000	      1958	00000000	00000013	addi	x0,x0,0	  x0:0x00000000
       19605000	      1959	8000062c	00000013	addi	x0,x0,0	  x0:0x00000000
       19615000	      1960	80000630	0340016f	jal	x2,80000630	  x2=0x80000630
       19625000	      1961	00000000	00000013	addi	x0,x0,0	  x0:0x00000000
       19635000	      1962	80000660	00000013	addi	x0,x0,0	  x0:0x00000000
       19645000	      1963	80000664	fedff0ef	jal	x1,80000664	  x1=0x80000664
       19655000	      1964	00000000	00000013	addi	x0,x0,0	  x0:0x00000000
       19665000	      1965	8000064c	00000013	addi	x0,x0,0	  x0:0x00000000
       19675000	      1966	80000650	024000ef	jal	x1,80000650	  x1=0x80000650
       19685000	      1967	00000000	00000013	addi	x0,x0,0	  x0:0x00000000
       19695000	      1968	80000670	00000013	addi	x0,x0,0	  x0:0x00000000
       19705000	      1969	80000674	fd5ff0ef	jal	x1,80000674	  x1=0x80000674
       19715000	      1970	00000000	00000013	addi	x0,x0,0	  x0:0x00000000
       19725000	      1971	80000644	00000013	addi	x0,x0,0	  x0:0x00000000
       19735000	      1972	80000648	ff1ff1ef	jal	x3,80000648	  x3=0x80000648
       19745000	      1973	00000000	00000013	addi	x0,x0,0	  x0:0x00000000
       19755000	      1974	80000634	00000013	addi	x0,x0,0	  x0:0x00000000
       19765000	      1975	80000638	0240036f	jal	x6,80000638	  x6=0x80000638
       19775000	      1976	00000000	00000013	addi	x0,x0,0	  x0:0x00000000
       19785000	      1977	80000658	00000013	addi	x0,x0,0	  x0:0x00000000
       19795000	      1978	8000065c	fe5ff0ef	jal	x1,8000065c	  x1=0x8000065c
       19805000	      1979	00000000	00000013	addi	x0,x0,0	  x0:0x00000000
       19815000	      1980	8000063c	00000013	addi	x0,x0,0	  x0:0x00000000
       19825000	      1981	80000640	fe5ff0ef	jal	x1,80000640	  x1=0x80000640
       19835000	      1982	00000000	00000013	addi	x0,x0,0	  x0:0x00000000
       19845000	      1983	80000620	00000013	addi	x0,x0,0	  x0:0x00000000
       19855000	      1984	80000624	018000ef	jal	x1,80000624	  x1=0x80000624
       19865000	      1985	00000000	00000013	addi	x0,x0,0	  x0:0x00000000
       19875000	      1986	80000638	00000013	addi	x0,x0,0	  x0:0x00000000
       19885000	      1987	8000063c	fedff0ef	jal	x1,8000063c	  x1=0x8000063c
       19895000	      1988	00000000	00000013	addi	x0,x0,0	  x0:0x00000000
       19905000	      1989	80000624	00000013	addi	x0,x0,0	  x0:0x00000000
       19915000	      1990	80000628	0400036f	jal	x6,80000628	  x6=0x80000628
       19925000	      1991	00000000	00000013	addi	x0,x0,0	  x0:0x00000000
       19935000	      1992	80000664	00000013	addi	x0,x0,0	  x0:0x00000000
       19945000	      1993	80000668	fe5ffdef	jal	x27,80000668	 x27=0x80000668
       19955000	      1994	00000000	00000013	addi	x0,x0,0	  x0:0x00000000
       19965000	      1995	80000648	00000013	addi	x0,x0,0	  x0:0x00000000
       19975000	      1996	8000064c	0140036f	jal	x6,8000064c	  x6=0x8000064c
       19985000	      1997	00000000	00000013	addi	x0,x0,0	  x0:0x00000000
       19995000	      1998	8000065c	00000013	addi	x0,x0,0	  x0:0x00000000
       20005000	      1999	80000660	fd5ff4ef	jal	x9,80000660	  x9=0x80000660
       20015000	      2000	00000000	00000013	addi	x0,x0,0	  x0:0x00000000
       20025000	      2001	80000630	00000013	addi	x0,x0,0	  x0:0x00000000
       20035000	      2002	80000634	0200096f	jal	x18,80000634	 x18=0x80000634
       20045000	      2003	00000000	00000013	addi	x0,x0,0	  x0:0x00000000
       20055000	      2004	80000650	00000013	addi	x0,x0,0	  x0:0x00000000
       20065000	      2005	80000654	024000ef	jal	x1,80000654	  x1=0x80000654
       20075000	      2006	00000000	00000013	addi	x0,x0,0	  x0:0x00000000
       20085000	      2007	80000674	00000013	addi	x0,x0,0	  x0:0x00000000
       20095000	      2008	80000678	011cd2b3	srl	x5,x25,x17	 x25:0x80000620 x17:0x80000000  x5=0x80000620
       20105000	      2009	8000067c	06000cef	jal	x25,8000067c	 x25=0x8000067c
       20115000	      2010	00000000	00000013	addi	x0,x0,0	  x0:0x00000000
       20125000	      2011	800006d8	00000013	addi	x0,x0,0	  x0:0x00000000
       20135000	      2012	800006dc	fd5ff0ef	jal	x1,800006dc	  x1=0x800006dc
       20145000	      2013	00000000	00000013	addi	x0,x0,0	  x0:0x00000000
       20155000	      2014	800006ac	00000013	addi	x0,x0,0	  x0:0x00000000
       20165000	      2015	800006b0	008000ef	jal	x1,800006b0	  x1=0x800006b0
       20175000	      2016	00000000	00000013	addi	x0,x0,0	  x0:0x00000000
       20185000	      2017	800006b4	00000013	addi	x0,x0,0	  x0:0x00000000
       20195000	      2018	800006b8	fd9ff86f	jal	x16,800006b8	 x16=0x800006b8
       20205000	      2019	00000000	00000013	addi	x0,x0,0	  x0:0x00000000
       20215000	      2020	8000068c	00000013	addi	x0,x0,0	  x0:0x00000000
       20225000	      2021	80000690	014000ef	jal	x1,80000690	  x1=0x80000690
       20235000	      2022	00000000	00000013	addi	x0,x0,0	  x0:0x00000000
       20245000	      2023	800006a0	00000013	addi	x0,x0,0	  x0:0x00000000
       20255000	      2024	800006a4	fddffc6f	jal	x24,800006a4	 x24=0x800006a4
       20265000	      2025	00000000	00000013	addi	x0,x0,0	  x0:0x00000000
       20275000	      2026	8000067c	00000013	addi	x0,x0,0	  x0:0x00000000
       20285000	      2027	80000680	02c001ef	jal	x3,80000680	  x3=0x80000680
       20295000	      2028	00000000	00000013	addi	x0,x0,0	  x0:0x00000000
       20305000	      2029	800006a8	00000013	addi	x0,x0,0	  x0:0x00000000
       20315000	      2030	800006ac	ff5ff36f	jal	x6,800006ac	  x6=0x800006ac
       20325000	      2031	00000000	00000013	addi	x0,x0,0	  x0:0x00000000
       20335000	      2032	8000069c	00000013	addi	x0,x0,0	  x0:0x00000000
       20345000	      2033	800006a0	ffdff0ef	jal	x1,800006a0	  x1=0x800006a0
       20355000	      2034	00000000	00000013	addi	x0,x0,0	  x0:0x00000000
       20365000	      2035	80000698	00000013	addi	x0,x0,0	  x0:0x00000000
       20375000	      2036	8000069c	030000ef	jal	x1,8000069c	  x1=0x8000069c
       20385000	      2037	00000000	00000013	addi	x0,x0,0	  x0:0x00000000
       20395000	      2038	800006c8	00000013	addi	x0,x0,0	  x0:0x00000000
       20405000	      2039	800006cc	fb9ff2ef	jal	x5,800006cc	  x5=0x800006cc
       20415000	      2040	00000000	00000013	addi	x0,x0,0	  x0:0x00000000
       20425000	      2041	80000680	00000013	addi	x0,x0,0	  x0:0x00000000
       20435000	      2042	80000684	03000c6f	jal	x24,80000684	 x24=0x80000684
       20445000	      2043	00000000	00000013	addi	x0,x0,0	  x0:0x00000000
       20455000	      2044	800006b0	00000013	addi	x0,x0,0	  x0:0x00000000
       20465000	      2045	800006b4	01c000ef	jal	x1,800006b4	  x1=0x800006b4
       20475000	      2046	00000000	00000013	addi	x0,x0,0	  x0:0x00000000
       20485000	      2047	800006cc	00000013	addi	x0,x0,0	  x0:0x00000000
       20495000	      2048	800006d0	014000ef	jal	x1,800006d0	  x1=0x800006d0
       20505000	      2049	00000000	00000013	addi	x0,x0,0	  x0:0x00000000
       20515000	      2050	800006e0	00000013	addi	x0,x0,0	  x0:0x00000000
       20525000	      2051	800006e4	fa9ff36f	jal	x6,800006e4	  x6=0x800006e4
       20535000	      2052	00000000	00000013	addi	x0,x0,0	  x0:0x00000000
       20545000	      2053	80000688	00000013	addi	x0,x0,0	  x0:0x00000000
       20555000	      2054	8000068c	030000ef	jal	x1,8000068c	  x1=0x8000068c
       20565000	      2055	00000000	00000013	addi	x0,x0,0	  x0:0x00000000
       20575000	      2056	800006b8	00000013	addi	x0,x0,0	  x0:0x00000000
       20585000	      2057	800006bc	00400c6f	jal	x24,800006bc	 x24=0x800006bc
       20595000	      2058	00000000	00000013	addi	x0,x0,0	  x0:0x00000000
       20605000	      2059	800006bc	00000013	addi	x0,x0,0	  x0:0x00000000
       20615000	      2060	800006c0	fd5ffc6f	jal	x24,800006c0	 x24=0x800006c0
       20625000	      2061	00000000	00000013	addi	x0,x0,0	  x0:0x00000000
       20635000	      2062	80000690	00000013	addi	x0,x0,0	  x0:0x00000000
       20645000	      2063	80000694	034000ef	jal	x1,80000694	  x1=0x80000694
       20655000	      2064	00000000	00000013	addi	x0,x0,0	  x0:0x00000000
       20665000	      2065	800006c4	00000013	addi	x0,x0,0	  x0:0x00000000
       20675000	      2066	800006c8	fe1ffcef	jal	x25,800006c8	 x25=0x800006c8
       20685000	      2067	00000000	00000013	addi	x0,x0,0	  x0:0x00000000
       20695000	      2068	800006a4	00000013	addi	x0,x0,0	  x0:0x00000000
       20705000	      2069	800006a8	0300036f	jal	x6,800006a8	  x6=0x800006a8
       20715000	      2070	00000000	00000013	addi	x0,x0,0	  x0:0x00000000
       20725000	      2071	800006d4	00000013	addi	x0,x0,0	  x0:0x00000000
       20735000	      2072	800006d8	fc1ff0ef	jal	x1,800006d8	  x1=0x800006d8
       20745000	      2073	00000000	00000013	addi	x0,x0,0	  x0:0x00000000
       20755000	      2074	80000694	00000013	addi	x0,x0,0	  x0:0x00000000
       20765000	      2075	80000698	ff1ff86f	jal	x16,80000698	 x16=0x80000698
       20775000	      2076	00000000	00000013	addi	x0,x0,0	  x0:0x00000000
       20785000	      2077	80000684	00000013	addi	x0,x0,0	  x0:0x00000000
       20795000	      2078	80000688	04c000ef	jal	x1,80000688	  x1=0x80000688
       20805000	      2079	00000000	00000013	addi	x0,x0,0	  x0:0x00000000
       20815000	      2080	800006d0	00000013	addi	x0,x0,0	  x0:0x00000000
       20825000	      2081	800006d4	00c000ef	jal	x1,800006d4	  x1=0x800006d4
       20835000	      2082	00000000	00000013	addi	x0,x0,0	  x0:0x00000000
       20845000	      2083	800006dc	00000013	addi	x0,x0,0	  x0:0x00000000
       20855000	      2084	800006e0	fe5ff0ef	jal	x1,800006e0	  x1=0x800006e0
       20865000	      2085	00000000	00000013	addi	x0,x0,0	  x0:0x00000000
       20875000	      2086	800006c0	00000013	addi	x0,x0,0	  x0:0x00000000
       20885000	      2087	800006c4	024000ef	jal	x1,800006c4	  x1=0x800006c4
       20895000	      2088	00000000	00000013	addi	x0,x0,0	  x0:0x00000000
       20905000	      2089	800006e4	00000013	addi	x0,x0,0	  x0:0x00000000
       20915000	      2090	800006e8	e5c32393	slti	x7,x6,-420	  x6:0x800006a8  x7=0x00000001
       20925000	      2091	800006ec	06800cef	jal	x25,800006ec	 x25=0x800006ec
       20935000	      2092	00000000	00000013	addi	x0,x0,0	  x0:0x00000000
       20945000	      2093	80000750	00000013	addi	x0,x0,0	  x0:0x00000000
       20955000	      2094	80000754	fa5ff36f	jal	x6,80000754	  x6=0x80000754
       20965000	      2095	00000000	00000013	addi	x0,x0,0	  x0:0x00000000
       20975000	      2096	800006f4	00000013	addi	x0,x0,0	  x0:0x00000000
       20985000	      2097	800006f8	008000ef	jal	x1,800006f8	  x1=0x800006f8
       20995000	      2098	00000000	00000013	addi	x0,x0,0	  x0:0x00000000
       21005000	      2099	800006fc	00000013	addi	x0,x0,0	  x0:0x00000000
       21015000	      2100	80000700	05c0036f	jal	x6,80000700	  x6=0x80000700
       21025000	      2101	00000000	00000013	addi	x0,x0,0	  x0:0x00000000
       21035000	      2102	80000758	00000013	addi	x0,x0,0	  x0:0x00000000
       21045000	      2103	8000075c	fb9ff0ef	jal	x1,8000075c	  x1=0x8000075c
       21055000	      2104	00000000	00000013	addi	x0,x0,0	  x0:0x00000000
       21065000	      2105	80000710	00000013	addi	x0,x0,0	  x0:0x00000000
       21075000	      2106	80000714	034000ef	jal	x1,80000714	  x1=0x80000714
       21085000	      2107	00000000	00000013	addi	x0,x0,0	  x0:0x00000000
       21095000	      2108	80000744	00000013	addi	x0,x0,0	  x0:0x00000000
       21105000	      2109	80000748	fb5ff36f	jal	x6,80000748	  x6=0x80000748
       21115000	      2110	00000000	00000013	addi	x0,x0,0	  x0:0x00000000
       21125000	      2111	800006f8	00000013	addi	x0,x0,0	  x0:0x00000000
       21135000	      2112	800006fc	020000ef	jal	x1,800006fc	  x1=0x800006fc
       21145000	      2113	00000000	00000013	addi	x0,x0,0	  x0:0x00000000
       21155000	      2114	80000718	00000013	addi	x0,x0,0	  x0:0x00000000
       21165000	      2115	8000071c	028005ef	jal	x11,8000071c	 x11=0x8000071c
       21175000	      2116	00000000	00000013	addi	x0,x0,0	  x0:0x00000000
       21185000	      2117	80000740	00000013	addi	x0,x0,0	  x0:0x00000000
       21195000	      2118	80000744	fc1ff36f	jal	x6,80000744	  x6=0x80000744
       21205000	      2119	00000000	00000013	addi	x0,x0,0	  x0:0x00000000
       21215000	      2120	80000700	00000013	addi	x0,x0,0	  x0:0x00000000
       21225000	      2121	80000704	030000ef	jal	x1,80000704	  x1=0x80000704
       21235000	      2122	00000000	00000013	addi	x0,x0,0	  x0:0x00000000
       21245000	      2123	80000730	00000013	addi	x0,x0,0	  x0:0x00000000
       21255000	      2124	80000734	01c001ef	jal	x3,80000734	  x3=0x80000734
       21265000	      2125	00000000	00000013	addi	x0,x0,0	  x0:0x00000000
       21275000	      2126	8000074c	00000013	addi	x0,x0,0	  x0:0x00000000
       21285000	      2127	80000750	fe1ff36f	jal	x6,80000750	  x6=0x80000750
       21295000	      2128	00000000	00000013	addi	x0,x0,0	  x0:0x00000000
       21305000	      2129	8000072c	00000013	addi	x0,x0,0	  x0:0x00000000
       21315000	      2130	80000730	01c000ef	jal	x1,80000730	  x1=0x80000730
       21325000	      2131	00000000	00000013	addi	x0,x0,0	  x0:0x00000000
       21335000	      2132	80000748	00000013	addi	x0,x0,0	  x0:0x00000000
       21345000	      2133	8000074c	fc1ff36f	jal	x6,8000074c	  x6=0x8000074c
       21355000	      2134	00000000	00000013	addi	x0,x0,0	  x0:0x00000000
       21365000	      2135	80000708	00000013	addi	x0,x0,0	  x0:0x00000000
       21375000	      2136	8000070c	ffdff16f	jal	x2,8000070c	  x2=0x8000070c
       21385000	      2137	00000000	00000013	addi	x0,x0,0	  x0:0x00000000
       21395000	      2138	80000704	00000013	addi	x0,x0,0	  x0:0x00000000
       21405000	      2139	80000708	fedff0ef	jal	x1,80000708	  x1=0x80000708
       21415000	      2140	00000000	00000013	addi	x0,x0,0	  x0:0x00000000
       21425000	      2141	800006f0	00000013	addi	x0,x0,0	  x0:0x00000000
       21435000	      2142	800006f4	03800a6f	jal	x20,800006f4	 x20=0x800006f4
       21445000	      2143	00000000	00000013	addi	x0,x0,0	  x0:0x00000000
       21455000	      2144	80000728	00000013	addi	x0,x0,0	  x0:0x00000000
       21465000	      2145	8000072c	0140036f	jal	x6,8000072c	  x6=0x8000072c
       21475000	      2146	00000000	00000013	addi	x0,x0,0	  x0:0x00000000
       21485000	      2147	8000073c	00000013	addi	x0,x0,0	  x0:0x00000000
       21495000	      2148	80000740	fb1ff0ef	jal	x1,80000740	  x1=0x80000740
       21505000	      2149	00000000	00000013	addi	x0,x0,0	  x0:0x00000000
       21515000	      2150	800006ec	00000013	addi	x0,x0,0	  x0:0x00000000
       21525000	      2151	800006f0	0200036f	jal	x6,800006f0	  x6=0x800006f0
       21535000	      2152	00000000	00000013	addi	x0,x0,0	  x0:0x00000000
       21545000	      2153	8000070c	00000013	addi	x0,x0,0	  x0:0x00000000
       21555000	      2154	80000710	0280036f	jal	x6,80000710	  x6=0x80000710
       21565000	      2155	00000000	00000013	addi	x0,x0,0	  x0:0x00000000
       21575000	      2156	80000734	00000013	addi	x0,x0,0	  x0:0x00000000
       21585000	      2157	80000738	ff1ff96f	jal	x18,80000738	 x18=0x80000738
       21595000	      2158	00000000	00000013	addi	x0,x0,0	  x0:0x00000000
       21605000	      2159	80000724	00000013	addi	x0,x0,0	  x0:0x00000000
       21615000	      2160	80000728	030000ef	jal	x1,80000728	  x1=0x80000728
       21625000	      2161	00000000	00000013	addi	x0,x0,0	  x0:0x00000000
       21635000	      2162	80000754	00000013	addi	x0,x0,0	  x0:0x00000000
       21645000	      2163	80000758	fc9ff0ef	jal	x1,80000758	  x1=0x80000758
       21655000	      2164	00000000	00000013	addi	x0,x0,0	  x0:0x00000000
       21665000	      2165	8000071c	00000013	addi	x0,x0,0	  x0:0x00000000
       21675000	      2166	80000720	01c001ef	jal	x3,80000720	  x3=0x80000720
       21685000	      2167	00000000	00000013	addi	x0,x0,0	  x0:0x00000000
       21695000	      2168	80000738	00000013	addi	x0,x0,0	  x0:0x00000000
       21705000	      2169	8000073c	fe9ff0ef	jal	x1,8000073c	  x1=0x8000073c
       21715000	      2170	00000000	00000013	addi	x0,x0,0	  x0:0x00000000
       21725000	      2171	80000720	00000013	addi	x0,x0,0	  x0:0x00000000
       21735000	      2172	80000724	ff5ff0ef	jal	x1,80000724	  x1=0x80000724
       21745000	      2173	00000000	00000013	addi	x0,x0,0	  x0:0x00000000
       21755000	      2174	80000714	00000013	addi	x0,x0,0	  x0:0x00000000
       21765000	      2175	80000718	048000ef	jal	x1,80000718	  x1=0x80000718
       21775000	      2176	00000000	00000013	addi	x0,x0,0	  x0:0x00000000
       21785000	      2177	8000075c	00000013	addi	x0,x0,0	  x0:0x00000000
       21795000	      2178	80000760	01a98433	add	x8,x19,x26	 x19:0x80000320 x26:0x80000558  x8=0x00000878
       21805000	      2179	80000764	03c00cef	jal	x25,80000764	 x25=0x80000764
       21815000	      2180	00000000	00000013	addi	x0,x0,0	  x0:0x00000000
       21825000	      2181	8000079c	00000013	addi	x0,x0,0	  x0:0x00000000
       21835000	      2182	800007a0	0240026f	jal	x4,800007a0	  x4=0x800007a0
       21845000	      2183	00000000	00000013	addi	x0,x0,0	  x0:0x00000000
       21855000	      2184	800007c0	00000013	addi	x0,x0,0	  x0:0x00000000
       21865000	      2185	800007c4	fd9ff0ef	jal	x1,800007c4	  x1=0x800007c4
       21875000	      2186	00000000	00000013	addi	x0,x0,0	  x0:0x00000000
       21885000	      2187	80000798	00000013	addi	x0,x0,0	  x0:0x00000000
       21895000	      2188	8000079c	ffdff0ef	jal	x1,8000079c	  x1=0x8000079c
       21905000	      2189	00000000	00000013	addi	x0,x0,0	  x0:0x00000000
       21915000	      2190	80000794	00000013	addi	x0,x0,0	  x0:0x00000000
       21925000	      2191	80000798	024000ef	jal	x1,80000798	  x1=0x80000798
       21935000	      2192	00000000	00000013	addi	x0,x0,0	  x0:0x00000000
       21945000	      2193	800007b8	00000013	addi	x0,x0,0	  x0:0x00000000
       21955000	      2194	800007bc	ff5ff0ef	jal	x1,800007bc	  x1=0x800007bc
       21965000	      2195	00000000	00000013	addi	x0,x0,0	  x0:0x00000000
       21975000	      2196	800007ac	00000013	addi	x0,x0,0	  x0:0x00000000
       21985000	      2197	800007b0	01000b6f	jal	x22,800007b0	 x22=0x800007b0
       21995000	      2198	00000000	00000013	addi	x0,x0,0	  x0:0x00000000
       22005000	      2199	800007bc	00000013	addi	x0,x0,0	  x0:0x00000000
       22015000	      2200	800007c0	fc5ff16f	jal	x2,800007c0	  x2=0x800007c0
       22025000	      2201	00000000	00000013	addi	x0,x0,0	  x0:0x00000000
       22035000	      2202	80000780	00000013	addi	x0,x0,0	  x0:0x00000000
       22045000	      2203	80000784	02800b6f	jal	x22,80000784	 x22=0x80000784
       22055000	      2204	00000000	00000013	addi	x0,x0,0	  x0:0x00000000
       22065000	      2205	800007a8	00000013	addi	x0,x0,0	  x0:0x00000000
       22075000	      2206	800007ac	fddff0ef	jal	x1,800007ac	  x1=0x800007ac
       22085000	      2207	00000000	00000013	addi	x0,x0,0	  x0:0x00000000
       22095000	      2208	80000784	00000013	addi	x0,x0,0	  x0:0x00000000
       22105000	      2209	80000788	ff9ff7ef	jal	x15,80000788	 x15=0x80000788
       22115000	      2210	00000000	00000013	addi	x0,x0,0	  x0:0x00000000
       22125000	      2211	8000077c	00000013	addi	x0,x0,0	  x0:0x00000000
       22135000	      2212	80000780	ff5ff0ef	jal	x1,80000780	  x1=0x80000780
       22145000	      2213	00000000	00000013	addi	x0,x0,0	  x0:0x00000000
       22155000	      2214	80000770	00000013	addi	x0,x0,0	  x0:0x00000000
       22165000	      2215	80000774	044000ef	jal	x1,80000774	  x1=0x80000774
       22175000	      2216	00000000	00000013	addi	x0,x0,0	  x0:0x00000000
       22185000	      2217	800007b4	00000013	addi	x0,x0,0	  x0:0x00000000
       22195000	      2218	800007b8	fd9ff36f	jal	x6,800007b8	  x6=0x800007b8
       22205000	      2219	00000000	00000013	addi	x0,x0,0	  x0:0x00000000
       22215000	      2220	8000078c	00000013	addi	x0,x0,0	  x0:0x00000000
       22225000	      2221	80000790	fe1ff0ef	jal	x1,80000790	  x1=0x80000790
       22235000	      2222	00000000	00000013	addi	x0,x0,0	  x0:0x00000000
       22245000	      2223	8000076c	00000013	addi	x0,x0,0	  x0:0x00000000
       22255000	      2224	80000770	00c00fef	jal	x31,80000770	 x31=0x80000770
       22265000	      2225	00000000	00000013	addi	x0,x0,0	  x0:0x00000000
       22275000	      2226	80000778	00000013	addi	x0,x0,0	  x0:0x00000000
       22285000	      2227	8000077c	02c0016f	jal	x2,8000077c	  x2=0x8000077c
       22295000	      2228	00000000	00000013	addi	x0,x0,0	  x0:0x00000000
       22305000	      2229	800007a4	00000013	addi	x0,x0,0	  x0:0x00000000
       22315000	      2230	800007a8	ffdff0ef	jal	x1,800007a8	  x1=0x800007a8
       22325000	      2231	00000000	00000013	addi	x0,x0,0	  x0:0x00000000
       22335000	      2232	800007a0	00000013	addi	x0,x0,0	  x0:0x00000000
       22345000	      2233	800007a4	fe9ff0ef	jal	x1,800007a4	  x1=0x800007a4
       22355000	      2234	00000000	00000013	addi	x0,x0,0	  x0:0x00000000
       22365000	      2235	80000788	00000013	addi	x0,x0,0	  x0:0x00000000
       22375000	      2236	8000078c	0440036f	jal	x6,8000078c	  x6=0x8000078c
       22385000	      2237	00000000	00000013	addi	x0,x0,0	  x0:0x00000000
       22395000	      2238	800007cc	00000013	addi	x0,x0,0	  x0:0x00000000
       22405000	      2239	800007d0	fa9ff0ef	jal	x1,800007d0	  x1=0x800007d0
       22415000	      2240	00000000	00000013	addi	x0,x0,0	  x0:0x00000000
       22425000	      2241	80000774	00000013	addi	x0,x0,0	  x0:0x00000000
       22435000	      2242	80000778	ff5ff1ef	jal	x3,80000778	  x3=0x80000778
       22445000	      2243	00000000	00000013	addi	x0,x0,0	  x0:0x00000000
       22455000	      2244	80000768	00000013	addi	x0,x0,0	  x0:0x00000000
       22465000	      2245	8000076c	05c0026f	jal	x4,8000076c	  x4=0x8000076c
       22475000	      2246	00000000	00000013	addi	x0,x0,0	  x0:0x00000000
       22485000	      2247	800007c4	00000013	addi	x0,x0,0	  x0:0x00000000
       22495000	      2248	800007c8	00c0036f	jal	x6,800007c8	  x6=0x800007c8
       22505000	      2249	00000000	00000013	addi	x0,x0,0	  x0:0x00000000
       22515000	      2250	800007d0	00000013	addi	x0,x0,0	  x0:0x00000000
       22525000	      2251	800007d4	ff9ff0ef	jal	x1,800007d4	  x1=0x800007d4
       22535000	      2252	00000000	00000013	addi	x0,x0,0	  x0:0x00000000
       22545000	      2253	800007c8	00000013	addi	x0,x0,0	  x0:0x00000000
       22555000	      2254	800007cc	fe9ff2ef	jal	x5,800007cc	  x5=0x800007cc
       22565000	      2255	00000000	00000013	addi	x0,x0,0	  x0:0x00000000
       22575000	      2256	800007b0	00000013	addi	x0,x0,0	  x0:0x00000000
       22585000	      2257	800007b4	fe1ff2ef	jal	x5,800007b4	  x5=0x800007b4
       22595000	      2258	00000000	00000013	addi	x0,x0,0	  x0:0x00000000
       22605000	      2259	80000790	00000013	addi	x0,x0,0	  x0:0x00000000
       22615000	      2260	80000794	fd5ff0ef	jal	x1,80000794	  x1=0x80000794
       22625000	      2261	00000000	00000013	addi	x0,x0,0	  x0:0x00000000
       22635000	      2262	80000764	00000013	addi	x0,x0,0	  x0:0x00000000
       22645000	      2263	80000768	070000ef	jal	x1,80000768	  x1=0x80000768
       22655000	      2264	00000000	00000013	addi	x0,x0,0	  x0:0x00000000
       22665000	      2265	800007d4	00000013	addi	x0,x0,0	  x0:0x00000000
       22675000	      2266	800007d8	0040036f	jal	x6,800007d8	  x6=0x800007d8
       22685000	      2267	00000000	00000013	addi	x0,x0,0	  x0:0x00000000
       22695000	      2268	800007d8	00000013	addi	x0,x0,0	  x0:0x00000000
       22705000	      2269	800007dc	40285413	srai	x8,x16,0x2	 x16:0x80000698  x8=0xe00001a6
       22715000	      2270	800007e0	01400cef	jal	x25,800007e0	 x25=0x800007e0
       22725000	      2271	00000000	00000013	addi	x0,x0,0	  x0:0x00000000
       22735000	      2272	800007f0	00000013	addi	x0,x0,0	  x0:0x00000000
       22745000	      2273	800007f4	018000ef	jal	x1,800007f4	  x1=0x800007f4
       22755000	      2274	00000000	00000013	addi	x0,x0,0	  x0:0x00000000
       22765000	      2275	80000808	00000013	addi	x0,x0,0	  x0:0x00000000
       22775000	      2276	8000080c	ff9ff0ef	jal	x1,8000080c	  x1=0x8000080c
       22785000	      2277	00000000	00000013	addi	x0,x0,0	  x0:0x00000000
       22795000	      2278	80000800	00000013	addi	x0,x0,0	  x0:0x00000000
       22805000	      2279	80000804	ff5ff16f	jal	x2,80000804	  x2=0x80000804
       22815000	      2280	00000000	00000013	addi	x0,x0,0	  x0:0x00000000
       22825000	      2281	800007f4	00000013	addi	x0,x0,0	  x0:0x00000000
       22835000	      2282	800007f8	ff9ff36f	jal	x6,800007f8	  x6=0x800007f8
       22845000	      2283	00000000	00000013	addi	x0,x0,0	  x0:0x00000000
       22855000	      2284	800007ec	00000013	addi	x0,x0,0	  x0:0x00000000
       22865000	      2285	800007f0	010000ef	jal	x1,800007f0	  x1=0x800007f0
       22875000	      2286	00000000	00000013	addi	x0,x0,0	  x0:0x00000000
       22885000	      2287	800007fc	00000013	addi	x0,x0,0	  x0:0x00000000
       22895000	      2288	80000800	010002ef	jal	x5,80000800	  x5=0x80000800
       22905000	      2289	00000000	00000013	addi	x0,x0,0	  x0:0x00000000
       22915000	      2290	8000080c	00000013	addi	x0,x0,0	  x0:0x00000000
       22925000	      2291	80000810	0040036f	jal	x6,80000810	  x6=0x80000810
       22935000	      2292	00000000	00000013	addi	x0,x0,0	  x0:0x00000000
       22945000	      2293	80000810	00000013	addi	x0,x0,0	  x0:0x00000000
       22955000	      2294	80000814	fd9ff0ef	jal	x1,80000814	  x1=0x80000814
       22965000	      2295	00000000	00000013	addi	x0,x0,0	  x0:0x00000000
       22975000	      2296	800007e8	00000013	addi	x0,x0,0	  x0:0x00000000
       22985000	      2297	800007ec	010000ef	jal	x1,800007ec	  x1=0x800007ec
       22995000	      2298	00000000	00000013	addi	x0,x0,0	  x0:0x00000000
       23005000	      2299	800007f8	00000013	addi	x0,x0,0	  x0:0x00000000
       23015000	      2300	800007fc	fedff0ef	jal	x1,800007fc	  x1=0x800007fc
       23025000	      2301	00000000	00000013	addi	x0,x0,0	  x0:0x00000000
       23035000	      2302	800007e4	00000013	addi	x0,x0,0	  x0:0x00000000
       23045000	      2303	800007e8	ffdff0ef	jal	x1,800007e8	  x1=0x800007e8
       23055000	      2304	00000000	00000013	addi	x0,x0,0	  x0:0x00000000
       23065000	      2305	800007e0	00000013	addi	x0,x0,0	  x0:0x00000000
       23075000	      2306	800007e4	0340036f	jal	x6,800007e4	  x6=0x800007e4
       23085000	      2307	00000000	00000013	addi	x0,x0,0	  x0:0x00000000
       23095000	      2308	80000814	00000013	addi	x0,x0,0	  x0:0x00000000
       23105000	      2309	80000818	0040016f	jal	x2,80000818	  x2=0x80000818
       23115000	      2310	00000000	00000013	addi	x0,x0,0	  x0:0x00000000
       23125000	      2311	80000818	00000013	addi	x0,x0,0	  x0:0x00000000
       23135000	      2312	8000081c	fedff36f	jal	x6,8000081c	  x6=0x8000081c
       23145000	      2313	00000000	00000013	addi	x0,x0,0	  x0:0x00000000
       23155000	      2314	80000804	00000013	addi	x0,x0,0	  x0:0x00000000
       23165000	      2315	80000808	018000ef	jal	x1,80000808	  x1=0x80000808
       23175000	      2316	00000000	00000013	addi	x0,x0,0	  x0:0x00000000
       23185000	      2317	8000081c	00000013	addi	x0,x0,0	  x0:0x00000000
       23195000	      2318	80000820	3e58a913	slti	x18,x17,997	 x17:0x80000000 x18=0x00000001
       23205000	      2319	80000824	06c00cef	jal	x25,80000824	 x25=0x80000824
       23215000	      2320	00000000	00000013	addi	x0,x0,0	  x0:0x00000000
       23225000	      2321	8000088c	00000013	addi	x0,x0,0	  x0:0x00000000
       23235000	      2322	80000890	fb5ff36f	jal	x6,80000890	  x6=0x80000890
       23245000	      2323	00000000	00000013	addi	x0,x0,0	  x0:0x00000000
       23255000	      2324	80000840	00000013	addi	x0,x0,0	  x0:0x00000000
       23265000	      2325	80000844	024000ef	jal	x1,80000844	  x1=0x80000844
       23275000	      2326	00000000	00000013	addi	x0,x0,0	  x0:0x00000000
       23285000	      2327	80000864	00000013	addi	x0,x0,0	  x0:0x00000000
       23295000	      2328	80000868	fc5ff0ef	jal	x1,80000868	  x1=0x80000868
       23305000	      2329	00000000	00000013	addi	x0,x0,0	  x0:0x00000000
       23315000	      2330	80000828	00000013	addi	x0,x0,0	  x0:0x00000000
       23325000	      2331	8000082c	014002ef	jal	x5,8000082c	  x5=0x8000082c
       23335000	      2332	00000000	00000013	addi	x0,x0,0	  x0:0x00000000
       23345000	      2333	8000083c	00000013	addi	x0,x0,0	  x0:0x00000000
       23355000	      2334	80000840	fe9ff9ef	jal	x19,80000840	 x19=0x80000840
       23365000	      2335	00000000	00000013	addi	x0,x0,0	  x0:0x00000000
       23375000	      2336	80000824	00000013	addi	x0,x0,0	  x0:0x00000000
       23385000	      2337	80000828	0280036f	jal	x6,80000828	  x6=0x80000828
       23395000	      2338	00000000	00000013	addi	x0,x0,0	  x0:0x00000000
       23405000	      2339	8000084c	00000013	addi	x0,x0,0	  x0:0x00000000
       23415000	      2340	80000850	01400def	jal	x27,80000850	 x27=0x80000850
       23425000	      2341	00000000	00000013	addi	x0,x0,0	  x0:0x00000000
       23435000	      2342	80000860	00000013	addi	x0,x0,0	  x0:0x00000000
       23445000	      2343	80000864	010000ef	jal	x1,80000864	  x1=0x80000864
       23455000	      2344	00000000	00000013	addi	x0,x0,0	  x0:0x00000000
       23465000	      2345	80000870	00000013	addi	x0,x0,0	  x0:0x00000000
       23475000	      2346	80000874	fc1ff0ef	jal	x1,80000874	  x1=0x80000874
       23485000	      2347	00000000	00000013	addi	x0,x0,0	  x0:0x00000000
       23495000	      2348	80000830	00000013	addi	x0,x0,0	  x0:0x00000000
       23505000	      2349	80000834	068000ef	jal	x1,80000834	  x1=0x80000834
       23515000	      2350	00000000	00000013	addi	x0,x0,0	  x0:0x00000000
       23525000	      2351	80000898	00000013	addi	x0,x0,0	  x0:0x00000000
       23535000	      2352	8000089c	fb9ff36f	jal	x6,8000089c	  x6=0x8000089c
       23545000	      2353	00000000	00000013	addi	x0,x0,0	  x0:0x00000000
       23555000	      2354	80000850	00000013	addi	x0,x0,0	  x0:0x00000000
       23565000	      2355	80000854	044000ef	jal	x1,80000854	  x1=0x80000854
       23575000	      2356	00000000	00000013	addi	x0,x0,0	  x0:0x00000000
       23585000	      2357	80000894	00000013	addi	x0,x0,0	  x0:0x00000000
       23595000	      2358	80000898	fa1ff26f	jal	x4,80000898	  x4=0x80000898
       23605000	      2359	00000000	00000013	addi	x0,x0,0	  x0:0x00000000
       23615000	      2360	80000834	00000013	addi	x0,x0,0	  x0:0x00000000
       23625000	      2361	80000838	ff9ff1ef	jal	x3,80000838	  x3=0x80000838
       23635000	      2362	00000000	00000013	addi	x0,x0,0	  x0:0x00000000
       23645000	      2363	8000082c	00000013	addi	x0,x0,0	  x0:0x00000000
       23655000	      2364	80000830	04c000ef	jal	x1,80000830	  x1=0x80000830
       23665000	      2365	00000000	00000013	addi	x0,x0,0	  x0:0x00000000
       23675000	      2366	80000878	00000013	addi	x0,x0,0	  x0:0x00000000
       23685000	      2367	8000087c	fcdff0ef	jal	x1,8000087c	  x1=0x8000087c
       23695000	      2368	00000000	00000013	addi	x0,x0,0	  x0:0x00000000
       23705000	      2369	80000844	00000013	addi	x0,x0,0	  x0:0x00000000
       23715000	      2370	80000848	038000ef	jal	x1,80000848	  x1=0x80000848
       23725000	      2371	00000000	00000013	addi	x0,x0,0	  x0:0x00000000
       23735000	      2372	8000087c	00000013	addi	x0,x0,0	  x0:0x00000000
       23745000	      2373	80000880	004000ef	jal	x1,80000880	  x1=0x80000880
       23755000	      2374	00000000	00000013	addi	x0,x0,0	  x0:0x00000000
       23765000	      2375	80000880	00000013	addi	x0,x0,0	  x0:0x00000000
       23775000	      2376	80000884	fb9ff0ef	jal	x1,80000884	  x1=0x80000884
       23785000	      2377	00000000	00000013	addi	x0,x0,0	  x0:0x00000000
       23795000	      2378	80000838	00000013	addi	x0,x0,0	  x0:0x00000000
       23805000	      2379	8000083c	01000cef	jal	x25,8000083c	 x25=0x8000083c
       23815000	      2380	00000000	00000013	addi	x0,x0,0	  x0:0x00000000
       23825000	      2381	80000848	00000013	addi	x0,x0,0	  x0:0x00000000
       23835000	      2382	8000084c	0400036f	jal	x6,8000084c	  x6=0x8000084c
       23845000	      2383	00000000	00000013	addi	x0,x0,0	  x0:0x00000000
       23855000	      2384	80000888	00000013	addi	x0,x0,0	  x0:0x00000000
       23865000	      2385	8000088c	ffdff36f	jal	x6,8000088c	  x6=0x8000088c
       23875000	      2386	00000000	00000013	addi	x0,x0,0	  x0:0x00000000
       23885000	      2387	80000884	00000013	addi	x0,x0,0	  x0:0x00000000
       23895000	      2388	80000888	00c000ef	jal	x1,80000888	  x1=0x80000888
       23905000	      2389	00000000	00000013	addi	x0,x0,0	  x0:0x00000000
       23915000	      2390	80000890	00000013	addi	x0,x0,0	  x0:0x00000000
       23925000	      2391	80000894	fd9ff0ef	jal	x1,80000894	  x1=0x80000894
       23935000	      2392	00000000	00000013	addi	x0,x0,0	  x0:0x00000000
       23945000	      2393	80000868	00000013	addi	x0,x0,0	  x0:0x00000000
       23955000	      2394	8000086c	00400bef	jal	x23,8000086c	 x23=0x8000086c
       23965000	      2395	00000000	00000013	addi	x0,x0,0	  x0:0x00000000
       23975000	      2396	8000086c	00000013	addi	x0,x0,0	  x0:0x00000000
       23985000	      2397	80000870	008000ef	jal	x1,80000870	  x1=0x80000870
       23995000	      2398	00000000	00000013	addi	x0,x0,0	  x0:0x00000000
       24005000	      2399	80000874	00000013	addi	x0,x0,0	  x0:0x00000000
       24015000	      2400	80000878	fe9ffaef	jal	x21,80000878	 x21=0x80000878
       24025000	      2401	00000000	00000013	addi	x0,x0,0	  x0:0x00000000
       24035000	      2402	8000085c	00000013	addi	x0,x0,0	  x0:0x00000000
       24045000	      2403	80000860	ff9ff76f	jal	x14,80000860	 x14=0x80000860
       24055000	      2404	00000000	00000013	addi	x0,x0,0	  x0:0x00000000
       24065000	      2405	80000854	00000013	addi	x0,x0,0	  x0:0x00000000
       24075000	      2406	80000858	0040036f	jal	x6,80000858	  x6=0x80000858
       24085000	      2407	00000000	00000013	addi	x0,x0,0	  x0:0x00000000
       24095000	      2408	80000858	00000013	addi	x0,x0,0	  x0:0x00000000
       24105000	      2409	8000085c	044000ef	jal	x1,8000085c	  x1=0x8000085c
       24115000	      2410	00000000	00000013	addi	x0,x0,0	  x0:0x00000000
       24125000	      2411	8000089c	00000013	addi	x0,x0,0	  x0:0x00000000
       24135000	      2412	800008a0	f7b0b293	sltiu	x5,x1,-133	  x1:0x8000085c  x5=0x00000001
       24145000	      2413	800008a4	01000cef	jal	x25,800008a4	 x25=0x800008a4
       24155000	      2414	00000000	00000013	addi	x0,x0,0	  x0:0x00000000
       24165000	      2415	800008b0	00000013	addi	x0,x0,0	  x0:0x00000000
       24175000	      2416	800008b4	0240036f	jal	x6,800008b4	  x6=0x800008b4
       24185000	      2417	00000000	00000013	addi	x0,x0,0	  x0:0x00000000
       24195000	      2418	800008d4	00000013	addi	x0,x0,0	  x0:0x00000000
       24205000	      2419	800008d8	004000ef	jal	x1,800008d8	  x1=0x800008d8
       24215000	      2420	00000000	00000013	addi	x0,x0,0	  x0:0x00000000
       24225000	      2421	800008d8	00000013	addi	x0,x0,0	  x0:0x00000000
       24235000	      2422	800008dc	0080036f	jal	x6,800008dc	  x6=0x800008dc
       24245000	      2423	00000000	00000013	addi	x0,x0,0	  x0:0x00000000
       24255000	      2424	800008e0	00000013	addi	x0,x0,0	  x0:0x00000000
       24265000	      2425	800008e4	fd5ff0ef	jal	x1,800008e4	  x1=0x800008e4
       24275000	      2426	00000000	00000013	addi	x0,x0,0	  x0:0x00000000
       24285000	      2427	800008b4	00000013	addi	x0,x0,0	  x0:0x00000000
       24295000	      2428	800008b8	014000ef	jal	x1,800008b8	  x1=0x800008b8
       24305000	      2429	00000000	00000013	addi	x0,x0,0	  x0:0x00000000
       24315000	      2430	800008c8	00000013	addi	x0,x0,0	  x0:0x00000000
       24325000	      2431	800008cc	fddff0ef	jal	x1,800008cc	  x1=0x800008cc
       24335000	      2432	00000000	00000013	addi	x0,x0,0	  x0:0x00000000
       24345000	      2433	800008a4	00000013	addi	x0,x0,0	  x0:0x00000000
       24355000	      2434	800008a8	028000ef	jal	x1,800008a8	  x1=0x800008a8
       24365000	      2435	00000000	00000013	addi	x0,x0,0	  x0:0x00000000
       24375000	      2436	800008cc	00000013	addi	x0,x0,0	  x0:0x00000000
       24385000	      2437	800008d0	004000ef	jal	x1,800008d0	  x1=0x800008d0
       24395000	      2438	00000000	00000013	addi	x0,x0,0	  x0:0x00000000
       24405000	      2439	800008d0	00000013	addi	x0,x0,0	  x0:0x00000000
       24415000	      2440	800008d4	fedff0ef	jal	x1,800008d4	  x1=0x800008d4
       24425000	      2441	00000000	00000013	addi	x0,x0,0	  x0:0x00000000
       24435000	      2442	800008bc	00000013	addi	x0,x0,0	  x0:0x00000000
       24445000	      2443	800008c0	020000ef	jal	x1,800008c0	  x1=0x800008c0
       24455000	      2444	00000000	00000013	addi	x0,x0,0	  x0:0x00000000
       24465000	      2445	800008dc	00000013	addi	x0,x0,0	  x0:0x00000000
       24475000	      2446	800008e0	0080036f	jal	x6,800008e0	  x6=0x800008e0
       24485000	      2447	00000000	00000013	addi	x0,x0,0	  x0:0x00000000
       24495000	      2448	800008e4	00000013	addi	x0,x0,0	  x0:0x00000000
       24505000	      2449	800008e8	fc5ff0ef	jal	x1,800008e8	  x1=0x800008e8
       24515000	      2450	00000000	00000013	addi	x0,x0,0	  x0:0x00000000
       24525000	      2451	800008a8	00000013	addi	x0,x0,0	  x0:0x00000000
       24535000	      2452	800008ac	010001ef	jal	x3,800008ac	  x3=0x800008ac
       24545000	      2453	00000000	00000013	addi	x0,x0,0	  x0:0x00000000
       24555000	      2454	800008b8	00000013	addi	x0,x0,0	  x0:0x00000000
       24565000	      2455	800008bc	ff5ff5ef	jal	x11,800008bc	 x11=0x800008bc
       24575000	      2456	00000000	00000013	addi	x0,x0,0	  x0:0x00000000
       24585000	      2457	800008ac	00000013	addi	x0,x0,0	  x0:0x00000000
       24595000	      2458	800008b0	014000ef	jal	x1,800008b0	  x1=0x800008b0
       24605000	      2459	00000000	00000013	addi	x0,x0,0	  x0:0x00000000
       24615000	      2460	800008c0	00000013	addi	x0,x0,0	  x0:0x00000000
       24625000	      2461	800008c4	004000ef	jal	x1,800008c4	  x1=0x800008c4
       24635000	      2462	00000000	00000013	addi	x0,x0,0	  x0:0x00000000
       24645000	      2463	800008c4	00000013	addi	x0,x0,0	  x0:0x00000000
       24655000	      2464	800008c8	024000ef	jal	x1,800008c8	  x1=0x800008c8
       24665000	      2465	00000000	00000013	addi	x0,x0,0	  x0:0x00000000
       24675000	      2466	800008e8	00000013	addi	x0,x0,0	  x0:0x00000000
       24685000	      2467	800008ec	004000ef	jal	x1,800008ec	  x1=0x800008ec
       24695000	      2468	00000000	00000013	addi	x0,x0,0	  x0:0x00000000
       24705000	      2469	800008ec	00000013	addi	x0,x0,0	  x0:0x00000000
       24715000	      2470	800008f0	9ad92c93	slti	x25,x18,-1619	 x18:0x00000001 x25=0x00000000
       24725000	      2471	800008f4	04400cef	jal	x25,800008f4	 x25=0x800008f4
       24735000	      2472	00000000	00000013	addi	x0,x0,0	  x0:0x00000000
       24745000	      2473	80000934	00000013	addi	x0,x0,0	  x0:0x00000000
       24755000	      2474	80000938	fe9ff0ef	jal	x1,80000938	  x1=0x80000938
       24765000	      2475	00000000	00000013	addi	x0,x0,0	  x0:0x00000000
       24775000	      2476	8000091c	00000013	addi	x0,x0,0	  x0:0x00000000
       24785000	      2477	80000920	ff9ff1ef	jal	x3,80000920	  x3=0x80000920
       24795000	      2478	00000000	00000013	addi	x0,x0,0	  x0:0x00000000
       24805000	      2479	80000914	00000013	addi	x0,x0,0	  x0:0x00000000
       24815000	      2480	80000918	fe5ff0ef	jal	x1,80000918	  x1=0x80000918
       24825000	      2481	00000000	00000013	addi	x0,x0,0	  x0:0x00000000
       24835000	      2482	800008f8	00000013	addi	x0,x0,0	  x0:0x00000000
       24845000	      2483	800008fc	010000ef	jal	x1,800008fc	  x1=0x800008fc
       24855000	      2484	00000000	00000013	addi	x0,x0,0	  x0:0x00000000
       24865000	      2485	80000908	00000013	addi	x0,x0,0	  x0:0x00000000
       24875000	      2486	8000090c	ff9ff36f	jal	x6,8000090c	  x6=0x8000090c
       24885000	      2487	00000000	00000013	addi	x0,x0,0	  x0:0x00000000
       24895000	      2488	80000900	00000013	addi	x0,x0,0	  x0:0x00000000
       24905000	      2489	80000904	02c000ef	jal	x1,80000904	  x1=0x80000904
       24915000	      2490	00000000	00000013	addi	x0,x0,0	  x0:0x00000000
       24925000	      2491	8000092c	00000013	addi	x0,x0,0	  x0:0x00000000
       24935000	      2492	80000930	fe1ff36f	jal	x6,80000930	  x6=0x80000930
       24945000	      2493	00000000	00000013	addi	x0,x0,0	  x0:0x00000000
       24955000	      2494	8000090c	00000013	addi	x0,x0,0	  x0:0x00000000
       24965000	      2495	80000910	01c000ef	jal	x1,80000910	  x1=0x80000910
       24975000	      2496	00000000	00000013	addi	x0,x0,0	  x0:0x00000000
       24985000	      2497	80000928	00000013	addi	x0,x0,0	  x0:0x00000000
       24995000	      2498	8000092c	fcdff0ef	jal	x1,8000092c	  x1=0x8000092c
       25005000	      2499	00000000	00000013	addi	x0,x0,0	  x0:0x00000000
       25015000	      2500	800008f4	00000013	addi	x0,x0,0	  x0:0x00000000
       25025000	      2501	800008f8	03c000ef	jal	x1,800008f8	  x1=0x800008f8
       25035000	      2502	00000000	00000013	addi	x0,x0,0	  x0:0x00000000
       25045000	      2503	80000930	00000013	addi	x0,x0,0	  x0:0x00000000
       25055000	      2504	80000934	ff5ff0ef	jal	x1,80000934	  x1=0x80000934
       25065000	      2505	00000000	00000013	addi	x0,x0,0	  x0:0x00000000
       25075000	      2506	80000924	00000013	addi	x0,x0,0	  x0:0x00000000
       25085000	      2507	80000928	fedff0ef	jal	x1,80000928	  x1=0x80000928
       25095000	      2508	00000000	00000013	addi	x0,x0,0	  x0:0x00000000
       25105000	      2509	80000910	00000013	addi	x0,x0,0	  x0:0x00000000
       25115000	      2510	80000914	03000e6f	jal	x28,80000914	 x28=0x80000914
       25125000	      2511	00000000	00000013	addi	x0,x0,0	  x0:0x00000000
       25135000	      2512	80000940	00000013	addi	x0,x0,0	  x0:0x00000000
       25145000	      2513	80000944	ff9ff0ef	jal	x1,80000944	  x1=0x80000944
       25155000	      2514	00000000	00000013	addi	x0,x0,0	  x0:0x00000000
       25165000	      2515	80000938	00000013	addi	x0,x0,0	  x0:0x00000000
       25175000	      2516	8000093c	fc5ff0ef	jal	x1,8000093c	  x1=0x8000093c
       25185000	      2517	00000000	00000013	addi	x0,x0,0	  x0:0x00000000
       25195000	      2518	800008fc	00000013	addi	x0,x0,0	  x0:0x00000000
       25205000	      2519	80000900	00800a6f	jal	x20,80000900	 x20=0x80000900
       25215000	      2520	00000000	00000013	addi	x0,x0,0	  x0:0x00000000
       25225000	      2521	80000904	00000013	addi	x0,x0,0	  x0:0x00000000
       25235000	      2522	80000908	0380036f	jal	x6,80000908	  x6=0x80000908
       25245000	      2523	00000000	00000013	addi	x0,x0,0	  x0:0x00000000
       25255000	      2524	8000093c	00000013	addi	x0,x0,0	  x0:0x00000000
       25265000	      2525	80000940	fddff0ef	jal	x1,80000940	  x1=0x80000940
       25275000	      2526	00000000	00000013	addi	x0,x0,0	  x0:0x00000000
       25285000	      2527	80000918	00000013	addi	x0,x0,0	  x0:0x00000000
       25295000	      2528	8000091c	008000ef	jal	x1,8000091c	  x1=0x8000091c
       25305000	      2529	00000000	00000013	addi	x0,x0,0	  x0:0x00000000
       25315000	      2530	80000920	00000013	addi	x0,x0,0	  x0:0x00000000
       25325000	      2531	80000924	024007ef	jal	x15,80000924	 x15=0x80000924
       25335000	      2532	00000000	00000013	addi	x0,x0,0	  x0:0x00000000
       25345000	      2533	80000944	00000013	addi	x0,x0,0	  x0:0x00000000
       25355000	      2534	80000948	e119ad37	lui	x26,0xe119a	 x26=0xe119a000
       25365000	      2535	8000094c	02400cef	jal	x25,8000094c	 x25=0x8000094c
       25375000	      2536	00000000	00000013	addi	x0,x0,0	  x0:0x00000000
       25385000	      2537	8000096c	00000013	addi	x0,x0,0	  x0:0x00000000
       25395000	      2538	80000970	038000ef	jal	x1,80000970	  x1=0x80000970
       25405000	      2539	00000000	00000013	addi	x0,x0,0	  x0:0x00000000
       25415000	      2540	800009a4	00000013	addi	x0,x0,0	  x0:0x00000000
       25425000	      2541	800009a8	fddff0ef	jal	x1,800009a8	  x1=0x800009a8
       25435000	      2542	00000000	00000013	addi	x0,x0,0	  x0:0x00000000
       25445000	      2543	80000980	00000013	addi	x0,x0,0	  x0:0x00000000
       25455000	      2544	80000984	fd5ffd6f	jal	x26,80000984	 x26=0x80000984
       25465000	      2545	00000000	00000013	addi	x0,x0,0	  x0:0x00000000
       25475000	      2546	80000954	00000013	addi	x0,x0,0	  x0:0x00000000
       25485000	      2547	80000958	044000ef	jal	x1,80000958	  x1=0x80000958
       25495000	      2548	00000000	00000013	addi	x0,x0,0	  x0:0x00000000
       25505000	      2549	80000998	00000013	addi	x0,x0,0	  x0:0x00000000
       25515000	      2550	8000099c	ff1ff0ef	jal	x1,8000099c	  x1=0x8000099c
       25525000	      2551	00000000	00000013	addi	x0,x0,0	  x0:0x00000000
       25535000	      2552	80000988	00000013	addi	x0,x0,0	  x0:0x00000000
       25545000	      2553	8000098c	0200086f	jal	x16,8000098c	 x16=0x8000098c
       25555000	      2554	00000000	00000013	addi	x0,x0,0	  x0:0x00000000
       25565000	      2555	800009a8	00000013	addi	x0,x0,0	  x0:0x00000000
       25575000	      2556	800009ac	fd5ff0ef	jal	x1,800009ac	  x1=0x800009ac
       25585000	      2557	00000000	00000013	addi	x0,x0,0	  x0:0x00000000
       25595000	      2558	8000097c	00000013	addi	x0,x0,0	  x0:0x00000000
       25605000	      2559	80000980	ff5ff9ef	jal	x19,80000980	 x19=0x80000980
       25615000	      2560	00000000	00000013	addi	x0,x0,0	  x0:0x00000000
       25625000	      2561	80000970	00000013	addi	x0,x0,0	  x0:0x00000000
       25635000	      2562	80000974	ff9ff0ef	jal	x1,80000974	  x1=0x80000974
       25645000	      2563	00000000	00000013	addi	x0,x0,0	  x0:0x00000000
       25655000	      2564	80000968	00000013	addi	x0,x0,0	  x0:0x00000000
       25665000	      2565	8000096c	fe5ff0ef	jal	x1,8000096c	  x1=0x8000096c
       25675000	      2566	00000000	00000013	addi	x0,x0,0	  x0:0x00000000
       25685000	      2567	8000094c	00000013	addi	x0,x0,0	  x0:0x00000000
       25695000	      2568	80000950	050000ef	jal	x1,80000950	  x1=0x80000950
       25705000	      2569	00000000	00000013	addi	x0,x0,0	  x0:0x00000000
       25715000	      2570	8000099c	00000013	addi	x0,x0,0	  x0:0x00000000
       25725000	      2571	800009a0	fb5ff36f	jal	x6,800009a0	  x6=0x800009a0
       25735000	      2572	00000000	00000013	addi	x0,x0,0	  x0:0x00000000
       25745000	      2573	80000950	00000013	addi	x0,x0,0	  x0:0x00000000
       25755000	      2574	80000954	04000b6f	jal	x22,80000954	 x22=0x80000954
       25765000	      2575	00000000	00000013	addi	x0,x0,0	  x0:0x00000000
       25775000	      2576	80000990	00000013	addi	x0,x0,0	  x0:0x00000000
       25785000	      2577	80000994	fd5ff36f	jal	x6,80000994	  x6=0x80000994
       25795000	      2578	00000000	00000013	addi	x0,x0,0	  x0:0x00000000
       25805000	      2579	80000964	00000013	addi	x0,x0,0	  x0:0x00000000
       25815000	      2580	80000968	010000ef	jal	x1,80000968	  x1=0x80000968
       25825000	      2581	00000000	00000013	addi	x0,x0,0	  x0:0x00000000
       25835000	      2582	80000974	00000013	addi	x0,x0,0	  x0:0x00000000
       25845000	      2583	80000978	010000ef	jal	x1,80000978	  x1=0x80000978
       25855000	      2584	00000000	00000013	addi	x0,x0,0	  x0:0x00000000
       25865000	      2585	80000984	00000013	addi	x0,x0,0	  x0:0x00000000
       25875000	      2586	80000988	ff5ff0ef	jal	x1,80000988	  x1=0x80000988
       25885000	      2587	00000000	00000013	addi	x0,x0,0	  x0:0x00000000
       25895000	      2588	80000978	00000013	addi	x0,x0,0	  x0:0x00000000
       25905000	      2589	8000097c	01c000ef	jal	x1,8000097c	  x1=0x8000097c
       25915000	      2590	00000000	00000013	addi	x0,x0,0	  x0:0x00000000
       25925000	      2591	80000994	00000013	addi	x0,x0,0	  x0:0x00000000
       25935000	      2592	80000998	00c000ef	jal	x1,80000998	  x1=0x80000998
       25945000	      2593	00000000	00000013	addi	x0,x0,0	  x0:0x00000000
       25955000	      2594	800009a0	00000013	addi	x0,x0,0	  x0:0x00000000
       25965000	      2595	800009a4	fc1ff0ef	jal	x1,800009a4	  x1=0x800009a4
       25975000	      2596	00000000	00000013	addi	x0,x0,0	  x0:0x00000000
       25985000	      2597	80000960	00000013	addi	x0,x0,0	  x0:0x00000000
       25995000	      2598	80000964	ff9ff0ef	jal	x1,80000964	  x1=0x80000964
       26005000	      2599	00000000	00000013	addi	x0,x0,0	  x0:0x00000000
       26015000	      2600	80000958	00000013	addi	x0,x0,0	  x0:0x00000000
       26025000	      2601	8000095c	034002ef	jal	x5,8000095c	  x5=0x8000095c
       26035000	      2602	00000000	00000013	addi	x0,x0,0	  x0:0x00000000
       26045000	      2603	8000098c	00000013	addi	x0,x0,0	  x0:0x00000000
       26055000	      2604	80000990	fd1ff36f	jal	x6,80000990	  x6=0x80000990
       26065000	      2605	00000000	00000013	addi	x0,x0,0	  x0:0x00000000
       26075000	      2606	8000095c	00000013	addi	x0,x0,0	  x0:0x00000000
       26085000	      2607	80000960	05000bef	jal	x23,80000960	 x23=0x80000960
       26095000	      2608	00000000	00000013	addi	x0,x0,0	  x0:0x00000000
       26105000	      2609	800009ac	00000013	addi	x0,x0,0	  x0:0x00000000
       26115000	      2610	800009b0	41ad5a13	srai	x20,x26,0x1a	 x26:0x80000984 x20=0xffffffe0
       26125000	      2611	800009b4	02c00cef	jal	x25,800009b4	 x25=0x800009b4
       26135000	      2612	00000000	00000013	addi	x0,x0,0	  x0:0x00000000
       26145000	      2613	800009dc	00000013	addi	x0,x0,0	  x0:0x00000000
       26155000	      2614	800009e0	fedff1ef	jal	x3,800009e0	  x3=0x800009e0
       26165000	      2615	00000000	00000013	addi	x0,x0,0	  x0:0x00000000
       26175000	      2616	800009c8	00000013	addi	x0,x0,0	  x0:0x00000000
       26185000	      2617	800009cc	0100016f	jal	x2,800009cc	  x2=0x800009cc
       26195000	      2618	00000000	00000013	addi	x0,x0,0	  x0:0x00000000
       26205000	      2619	800009d8	00000013	addi	x0,x0,0	  x0:0x00000000
       26215000	      2620	800009dc	010000ef	jal	x1,800009dc	  x1=0x800009dc
       26225000	      2621	00000000	00000013	addi	x0,x0,0	  x0:0x00000000
       26235000	      2622	800009e8	00000013	addi	x0,x0,0	  x0:0x00000000
       26245000	      2623	800009ec	ffdffc6f	jal	x24,800009ec	 x24=0x800009ec
       26255000	      2624	00000000	00000013	addi	x0,x0,0	  x0:0x00000000
       26265000	      2625	800009e4	00000013	addi	x0,x0,0	  x0:0x00000000
       26275000	      2626	800009e8	fe9ff0ef	jal	x1,800009e8	  x1=0x800009e8
       26285000	      2627	00000000	00000013	addi	x0,x0,0	  x0:0x00000000
       26295000	      2628	800009cc	00000013	addi	x0,x0,0	  x0:0x00000000
       26305000	      2629	800009d0	fedff0ef	jal	x1,800009d0	  x1=0x800009d0
       26315000	      2630	00000000	00000013	addi	x0,x0,0	  x0:0x00000000
       26325000	      2631	800009b8	00000013	addi	x0,x0,0	  x0:0x00000000
       26335000	      2632	800009bc	01c000ef	jal	x1,800009bc	  x1=0x800009bc
       26345000	      2633	00000000	00000013	addi	x0,x0,0	  x0:0x00000000
       26355000	      2634	800009d4	00000013	addi	x0,x0,0	  x0:0x00000000
       26365000	      2635	800009d8	ffdff0ef	jal	x1,800009d8	  x1=0x800009d8
       26375000	      2636	00000000	00000013	addi	x0,x0,0	  x0:0x00000000
       26385000	      2637	800009d0	00000013	addi	x0,x0,0	  x0:0x00000000
       26395000	      2638	800009d4	ff1ff0ef	jal	x1,800009d4	  x1=0x800009d4
       26405000	      2639	00000000	00000013	addi	x0,x0,0	  x0:0x00000000
       26415000	      2640	800009c0	00000013	addi	x0,x0,0	  x0:0x00000000
       26425000	      2641	800009c4	ff5ff36f	jal	x6,800009c4	  x6=0x800009c4
       26435000	      2642	00000000	00000013	addi	x0,x0,0	  x0:0x00000000
       26445000	      2643	800009b4	00000013	addi	x0,x0,0	  x0:0x00000000
       26455000	      2644	800009b8	038005ef	jal	x11,800009b8	 x11=0x800009b8
       26465000	      2645	00000000	00000013	addi	x0,x0,0	  x0:0x00000000
       26475000	      2646	800009ec	00000013	addi	x0,x0,0	  x0:0x00000000
       26485000	      2647	800009f0	fd1ff0ef	jal	x1,800009f0	  x1=0x800009f0
       26495000	      2648	00000000	00000013	addi	x0,x0,0	  x0:0x00000000
       26505000	      2649	800009bc	00000013	addi	x0,x0,0	  x0:0x00000000
       26515000	      2650	800009c0	008001ef	jal	x3,800009c0	  x3=0x800009c0
       26525000	      2651	00000000	00000013	addi	x0,x0,0	  x0:0x00000000
       26535000	      2652	800009c4	00000013	addi	x0,x0,0	  x0:0x00000000
       26545000	      2653	800009c8	01c000ef	jal	x1,800009c8	  x1=0x800009c8
       26555000	      2654	00000000	00000013	addi	x0,x0,0	  x0:0x00000000
       26565000	      2655	800009e0	00000013	addi	x0,x0,0	  x0:0x00000000
       26575000	      2656	800009e4	010000ef	jal	x1,800009e4	  x1=0x800009e4
       26585000	      2657	00000000	00000013	addi	x0,x0,0	  x0:0x00000000
       26595000	      2658	800009f0	00000013	addi	x0,x0,0	  x0:0x00000000
       26605000	      2659	800009f4	01c01a33	sll	x20,x0,x28	  x0:0x00000000 x28:0x80000914 x20=0x00000000
       26615000	      2660	800009f8	05400cef	jal	x25,800009f8	 x25=0x800009f8
       26625000	      2661	00000000	00000013	addi	x0,x0,0	  x0:0x00000000
       26635000	      2662	80000a48	00000013	addi	x0,x0,0	  x0:0x00000000
       26645000	      2663	80000a4c	fd5ff36f	jal	x6,80000a4c	  x6=0x80000a4c
       26655000	      2664	00000000	00000013	addi	x0,x0,0	  x0:0x00000000
       26665000	      2665	80000a1c	00000013	addi	x0,x0,0	  x0:0x00000000
       26675000	      2666	80000a20	004005ef	jal	x11,80000a20	 x11=0x80000a20
       26685000	      2667	00000000	00000013	addi	x0,x0,0	  x0:0x00000000
       26695000	      2668	80000a20	00000013	addi	x0,x0,0	  x0:0x00000000
       26705000	      2669	80000a24	fedffcef	jal	x25,80000a24	 x25=0x80000a24
       26715000	      2670	00000000	00000013	addi	x0,x0,0	  x0:0x00000000
       26725000	      2671	80000a0c	00000013	addi	x0,x0,0	  x0:0x00000000
       26735000	      2672	80000a10	034005ef	jal	x11,80000a10	 x11=0x80000a10
       26745000	      2673	00000000	00000013	addi	x0,x0,0	  x0:0x00000000
       26755000	      2674	80000a40	00000013	addi	x0,x0,0	  x0:0x00000000
       26765000	      2675	80000a44	fc9ff0ef	jal	x1,80000a44	  x1=0x80000a44
       26775000	      2676	00000000	00000013	addi	x0,x0,0	  x0:0x00000000
       26785000	      2677	80000a08	00000013	addi	x0,x0,0	  x0:0x00000000
       26795000	      2678	80000a0c	020000ef	jal	x1,80000a0c	  x1=0x80000a0c
       26805000	      2679	00000000	00000013	addi	x0,x0,0	  x0:0x00000000
       26815000	      2680	80000a28	00000013	addi	x0,x0,0	  x0:0x00000000
       26825000	      2681	80000a2c	00c0036f	jal	x6,80000a2c	  x6=0x80000a2c
       26835000	      2682	00000000	00000013	addi	x0,x0,0	  x0:0x00000000
       26845000	      2683	80000a34	00000013	addi	x0,x0,0	  x0:0x00000000
       26855000	      2684	80000a38	ff9ff2ef	jal	x5,80000a38	  x5=0x80000a38
       26865000	      2685	00000000	00000013	addi	x0,x0,0	  x0:0x00000000
       26875000	      2686	80000a2c	00000013	addi	x0,x0,0	  x0:0x00000000
       26885000	      2687	80000a30	fcdff36f	jal	x6,80000a30	  x6=0x80000a30
       26895000	      2688	00000000	00000013	addi	x0,x0,0	  x0:0x00000000
       26905000	      2689	800009f8	00000013	addi	x0,x0,0	  x0:0x00000000
       26915000	      2690	800009fc	01c000ef	jal	x1,800009fc	  x1=0x800009fc
       26925000	      2691	00000000	00000013	addi	x0,x0,0	  x0:0x00000000
       26935000	      2692	80000a14	00000013	addi	x0,x0,0	  x0:0x00000000
       26945000	      2693	80000a18	038000ef	jal	x1,80000a18	  x1=0x80000a18
       26955000	      2694	00000000	00000013	addi	x0,x0,0	  x0:0x00000000
       26965000	      2695	80000a4c	00000013	addi	x0,x0,0	  x0:0x00000000
       26975000	      2696	80000a50	fcdff0ef	jal	x1,80000a50	  x1=0x80000a50
       26985000	      2697	00000000	00000013	addi	x0,x0,0	  x0:0x00000000
       26995000	      2698	80000a18	00000013	addi	x0,x0,0	  x0:0x00000000
       27005000	      2699	80000a1c	fe9ff0ef	jal	x1,80000a1c	  x1=0x80000a1c
       27015000	      2700	00000000	00000013	addi	x0,x0,0	  x0:0x00000000
       27025000	      2701	80000a00	00000013	addi	x0,x0,0	  x0:0x00000000
       27035000	      2702	80000a04	044000ef	jal	x1,80000a04	  x1=0x80000a04
       27045000	      2703	00000000	00000013	addi	x0,x0,0	  x0:0x00000000
       27055000	      2704	80000a44	00000013	addi	x0,x0,0	  x0:0x00000000
       27065000	      2705	80000a48	ff9ff0ef	jal	x1,80000a48	  x1=0x80000a48
       27075000	      2706	00000000	00000013	addi	x0,x0,0	  x0:0x00000000
       27085000	      2707	80000a3c	00000013	addi	x0,x0,0	  x0:0x00000000
       27095000	      2708	80000a40	fe9ff36f	jal	x6,80000a40	  x6=0x80000a40
       27105000	      2709	00000000	00000013	addi	x0,x0,0	  x0:0x00000000
       27115000	      2710	80000a24	00000013	addi	x0,x0,0	  x0:0x00000000
       27125000	      2711	80000a28	fd9ff0ef	jal	x1,80000a28	  x1=0x80000a28
       27135000	      2712	00000000	00000013	addi	x0,x0,0	  x0:0x00000000
       27145000	      2713	800009fc	00000013	addi	x0,x0,0	  x0:0x00000000
       27155000	      2714	80000a00	0080076f	jal	x14,80000a00	 x14=0x80000a00
       27165000	      2715	00000000	00000013	addi	x0,x0,0	  x0:0x00000000
       27175000	      2716	80000a04	00000013	addi	x0,x0,0	  x0:0x00000000
       27185000	      2717	80000a08	0340036f	jal	x6,80000a08	  x6=0x80000a08
       27195000	      2718	00000000	00000013	addi	x0,x0,0	  x0:0x00000000
       27205000	      2719	80000a38	00000013	addi	x0,x0,0	  x0:0x00000000
       27215000	      2720	80000a3c	fd9ff0ef	jal	x1,80000a3c	  x1=0x80000a3c
       27225000	      2721	00000000	00000013	addi	x0,x0,0	  x0:0x00000000
       27235000	      2722	80000a10	00000013	addi	x0,x0,0	  x0:0x00000000
       27245000	      2723	80000a14	0400036f	jal	x6,80000a14	  x6=0x80000a14
       27255000	      2724	00000000	00000013	addi	x0,x0,0	  x0:0x00000000
       27265000	      2725	80000a50	00000013	addi	x0,x0,0	  x0:0x00000000
       27275000	      2726	80000a54	008005ef	jal	x11,80000a54	 x11=0x80000a54
       27285000	      2727	00000000	00000013	addi	x0,x0,0	  x0:0x00000000
       27295000	      2728	80000a58	00000013	addi	x0,x0,0	  x0:0x00000000
       27305000	      2729	80000a5c	ffdffe6f	jal	x28,80000a5c	 x28=0x80000a5c
       27315000	      2730	00000000	00000013	addi	x0,x0,0	  x0:0x00000000
       27325000	      2731	80000a54	00000013	addi	x0,x0,0	  x0:0x00000000
       27335000	      2732	80000a58	fddfff6f	jal	x30,80000a58	 x30=0x80000a58
       27345000	      2733	00000000	00000013	addi	x0,x0,0	  x0:0x00000000
       27355000	      2734	80000a30	00000013	addi	x0,x0,0	  x0:0x00000000
       27365000	      2735	80000a34	02c00cef	jal	x25,80000a34	 x25=0x80000a34
       27375000	      2736	00000000	00000013	addi	x0,x0,0	  x0:0x00000000
       27385000	      2737	80000a5c	00000013	addi	x0,x0,0	  x0:0x00000000
       27395000	      2738	80000a60	004000ef	jal	x1,80000a60	  x1=0x80000a60
       27405000	      2739	00000000	00000013	addi	x0,x0,0	  x0:0x00000000
       27415000	      2740	80000a60	00000013	addi	x0,x0,0	  x0:0x00000000
       27425000	      2741	80000a64	00000013	addi	x0,x0,0	  x0:0x00000000
       27435000	      2742	80000a68	01c00cef	jal	x25,80000a68	 x25=0x80000a68
       27445000	      2743	00000000	00000013	addi	x0,x0,0	  x0:0x00000000
       27455000	      2744	80000a80	00000013	addi	x0,x0,0	  x0:0x00000000
       27465000	      2745	80000a84	0040036f	jal	x6,80000a84	  x6=0x80000a84
       27475000	      2746	00000000	00000013	addi	x0,x0,0	  x0:0x00000000
       27485000	      2747	80000a84	00000013	addi	x0,x0,0	  x0:0x00000000
       27495000	      2748	80000a88	ff5ff0ef	jal	x1,80000a88	  x1=0x80000a88
       27505000	      2749	00000000	00000013	addi	x0,x0,0	  x0:0x00000000
       27515000	      2750	80000a78	00000013	addi	x0,x0,0	  x0:0x00000000
       27525000	      2751	80000a7c	ff9ff3ef	jal	x7,80000a7c	  x7=0x80000a7c
       27535000	      2752	00000000	00000013	addi	x0,x0,0	  x0:0x00000000
       27545000	      2753	80000a70	00000013	addi	x0,x0,0	  x0:0x00000000
       27555000	      2754	80000a74	018002ef	jal	x5,80000a74	  x5=0x80000a74
       27565000	      2755	00000000	00000013	addi	x0,x0,0	  x0:0x00000000
       27575000	      2756	80000a88	00000013	addi	x0,x0,0	  x0:0x00000000
       27585000	      2757	80000a8c	fe5ff2ef	jal	x5,80000a8c	  x5=0x80000a8c
       27595000	      2758	00000000	00000013	addi	x0,x0,0	  x0:0x00000000
       27605000	      2759	80000a6c	00000013	addi	x0,x0,0	  x0:0x00000000
       27615000	      2760	80000a70	ffdfff6f	jal	x30,80000a70	 x30=0x80000a70
       27625000	      2761	00000000	00000013	addi	x0,x0,0	  x0:0x00000000
       27635000	      2762	80000a68	00000013	addi	x0,x0,0	  x0:0x00000000
       27645000	      2763	80000a6c	014000ef	jal	x1,80000a6c	  x1=0x80000a6c
       27655000	      2764	00000000	00000013	addi	x0,x0,0	  x0:0x00000000
       27665000	      2765	80000a7c	00000013	addi	x0,x0,0	  x0:0x00000000
       27675000	      2766	80000a80	01400def	jal	x27,80000a80	 x27=0x80000a80
       27685000	      2767	00000000	00000013	addi	x0,x0,0	  x0:0x00000000
       27695000	      2768	80000a90	00000013	addi	x0,x0,0	  x0:0x00000000
       27705000	      2769	80000a94	ffdff0ef	jal	x1,80000a94	  x1=0x80000a94
       27715000	      2770	00000000	00000013	addi	x0,x0,0	  x0:0x00000000
       27725000	      2771	80000a8c	00000013	addi	x0,x0,0	  x0:0x00000000
       27735000	      2772	80000a90	fe9ff0ef	jal	x1,80000a90	  x1=0x80000a90
       27745000	      2773	00000000	00000013	addi	x0,x0,0	  x0:0x00000000
       27755000	      2774	80000a74	00000013	addi	x0,x0,0	  x0:0x00000000
       27765000	      2775	80000a78	020000ef	jal	x1,80000a78	  x1=0x80000a78
       27775000	      2776	00000000	00000013	addi	x0,x0,0	  x0:0x00000000
       27785000	      2777	80000a94	00000013	addi	x0,x0,0	  x0:0x00000000
       27795000	      2778	80000a98	cb7759b7	lui	x19,0xcb775	 x19=0xcb775000
       27805000	      2779	80000a9c	02400cef	jal	x25,80000a9c	 x25=0x80000a9c
       27815000	      2780	00000000	00000013	addi	x0,x0,0	  x0:0x00000000
       27825000	      2781	80000abc	00000013	addi	x0,x0,0	  x0:0x00000000
       27835000	      2782	80000ac0	01c000ef	jal	x1,80000ac0	  x1=0x80000ac0
       27845000	      2783	00000000	00000013	addi	x0,x0,0	  x0:0x00000000
       27855000	      2784	80000ad8	00000013	addi	x0,x0,0	  x0:0x00000000
       27865000	      2785	80000adc	ff5ff0ef	jal	x1,80000adc	  x1=0x80000adc
       27875000	      2786	00000000	00000013	addi	x0,x0,0	  x0:0x00000000
       27885000	      2787	80000acc	00000013	addi	x0,x0,0	  x0:0x00000000
       27895000	      2788	80000ad0	0300096f	jal	x18,80000ad0	 x18=0x80000ad0
       27905000	      2789	00000000	00000013	addi	x0,x0,0	  x0:0x00000000
       27915000	      2790	80000afc	00000013	addi	x0,x0,0	  x0:0x00000000
       27925000	      2791	80000b00	fadff36f	jal	x6,80000b00	  x6=0x80000b00
       27935000	      2792	00000000	00000013	addi	x0,x0,0	  x0:0x00000000
       27945000	      2793	80000aa8	00000013	addi	x0,x0,0	  x0:0x00000000
       27955000	      2794	80000aac	0100096f	jal	x18,80000aac	 x18=0x80000aac
       27965000	      2795	00000000	00000013	addi	x0,x0,0	  x0:0x00000000
       27975000	      2796	80000ab8	00000013	addi	x0,x0,0	  x0:0x00000000
       27985000	      2797	80000abc	04c000ef	jal	x1,80000abc	  x1=0x80000abc
       27995000	      2798	00000000	00000013	addi	x0,x0,0	  x0:0x00000000
       28005000	      2799	80000b04	00000013	addi	x0,x0,0	  x0:0x00000000
       28015000	      2800	80000b08	f9dff36f	jal	x6,80000b08	  x6=0x80000b08
       28025000	      2801	00000000	00000013	addi	x0,x0,0	  x0:0x00000000
       28035000	      2802	80000aa0	00000013	addi	x0,x0,0	  x0:0x00000000
       28045000	      2803	80000aa4	068000ef	jal	x1,80000aa4	  x1=0x80000aa4
       28055000	      2804	00000000	00000013	addi	x0,x0,0	  x0:0x00000000
       28065000	      2805	80000b08	00000013	addi	x0,x0,0	  x0:0x00000000
       28075000	      2806	80000b0c	fa9ff36f	jal	x6,80000b0c	  x6=0x80000b0c
       28085000	      2807	00000000	00000013	addi	x0,x0,0	  x0:0x00000000
       28095000	      2808	80000ab0	00000013	addi	x0,x0,0	  x0:0x00000000
       28105000	      2809	80000ab4	018000ef	jal	x1,80000ab4	  x1=0x80000ab4
       28115000	      2810	00000000	00000013	addi	x0,x0,0	  x0:0x00000000
       28125000	      2811	80000ac8	00000013	addi	x0,x0,0	  x0:0x00000000
       28135000	      2812	80000acc	008000ef	jal	x1,80000acc	  x1=0x80000acc
       28145000	      2813	00000000	00000013	addi	x0,x0,0	  x0:0x00000000
       28155000	      2814	80000ad0	00000013	addi	x0,x0,0	  x0:0x00000000
       28165000	      2815	80000ad4	ff5ff26f	jal	x4,80000ad4	  x4=0x80000ad4
       28175000	      2816	00000000	00000013	addi	x0,x0,0	  x0:0x00000000
       28185000	      2817	80000ac4	00000013	addi	x0,x0,0	  x0:0x00000000
       28195000	      2818	80000ac8	fe9ff0ef	jal	x1,80000ac8	  x1=0x80000ac8
       28205000	      2819	00000000	00000013	addi	x0,x0,0	  x0:0x00000000
       28215000	      2820	80000aac	00000013	addi	x0,x0,0	  x0:0x00000000
       28225000	      2821	80000ab0	0340036f	jal	x6,80000ab0	  x6=0x80000ab0
       28235000	      2822	00000000	00000013	addi	x0,x0,0	  x0:0x00000000
       28245000	      2823	80000ae0	00000013	addi	x0,x0,0	  x0:0x00000000
       28255000	      2824	80000ae4	020000ef	jal	x1,80000ae4	  x1=0x80000ae4
       28265000	      2825	00000000	00000013	addi	x0,x0,0	  x0:0x00000000
       28275000	      2826	80000b00	00000013	addi	x0,x0,0	  x0:0x00000000
       28285000	      2827	80000b04	fe5ff36f	jal	x6,80000b04	  x6=0x80000b04
       28295000	      2828	00000000	00000013	addi	x0,x0,0	  x0:0x00000000
       28305000	      2829	80000ae4	00000013	addi	x0,x0,0	  x0:0x00000000
       28315000	      2830	80000ae8	fb9ff0ef	jal	x1,80000ae8	  x1=0x80000ae8
       28325000	      2831	00000000	00000013	addi	x0,x0,0	  x0:0x00000000
       28335000	      2832	80000a9c	00000013	addi	x0,x0,0	  x0:0x00000000
       28345000	      2833	80000aa0	0180036f	jal	x6,80000aa0	  x6=0x80000aa0
       28355000	      2834	00000000	00000013	addi	x0,x0,0	  x0:0x00000000
       28365000	      2835	80000ab4	00000013	addi	x0,x0,0	  x0:0x00000000
       28375000	      2836	80000ab8	038002ef	jal	x5,80000ab8	  x5=0x80000ab8
       28385000	      2837	00000000	00000013	addi	x0,x0,0	  x0:0x00000000
       28395000	      2838	80000aec	00000013	addi	x0,x0,0	  x0:0x00000000
       28405000	      2839	80000af0	fd5ffc6f	jal	x24,80000af0	 x24=0x80000af0
       28415000	      2840	00000000	00000013	addi	x0,x0,0	  x0:0x00000000
       28425000	      2841	80000ac0	00000013	addi	x0,x0,0	  x0:0x00000000
       28435000	      2842	80000ac4	028000ef	jal	x1,80000ac4	  x1=0x80000ac4
       28445000	      2843	00000000	00000013	addi	x0,x0,0	  x0:0x00000000
       28455000	      2844	80000ae8	00000013	addi	x0,x0,0	  x0:0x00000000
       28465000	      2845	80000aec	fedff0ef	jal	x1,80000aec	  x1=0x80000aec
       28475000	      2846	00000000	00000013	addi	x0,x0,0	  x0:0x00000000
       28485000	      2847	80000ad4	00000013	addi	x0,x0,0	  x0:0x00000000
       28495000	      2848	80000ad8	024000ef	jal	x1,80000ad8	  x1=0x80000ad8
       28505000	      2849	00000000	00000013	addi	x0,x0,0	  x0:0x00000000
       28515000	      2850	80000af8	00000013	addi	x0,x0,0	  x0:0x00000000
       28525000	      2851	80000afc	fadff36f	jal	x6,80000afc	  x6=0x80000afc
       28535000	      2852	00000000	00000013	addi	x0,x0,0	  x0:0x00000000
       28545000	      2853	80000aa4	00000013	addi	x0,x0,0	  x0:0x00000000
       28555000	      2854	80000aa8	04c009ef	jal	x19,80000aa8	 x19=0x80000aa8
       28565000	      2855	00000000	00000013	addi	x0,x0,0	  x0:0x00000000
       28575000	      2856	80000af0	00000013	addi	x0,x0,0	  x0:0x00000000
       28585000	      2857	80000af4	fedff26f	jal	x4,80000af4	  x4=0x80000af4
       28595000	      2858	00000000	00000013	addi	x0,x0,0	  x0:0x00000000
       28605000	      2859	80000adc	00000013	addi	x0,x0,0	  x0:0x00000000
       28615000	      2860	80000ae0	018000ef	jal	x1,80000ae0	  x1=0x80000ae0
       28625000	      2861	00000000	00000013	addi	x0,x0,0	  x0:0x00000000
       28635000	      2862	80000af4	00000013	addi	x0,x0,0	  x0:0x00000000
       28645000	      2863	80000af8	0180036f	jal	x6,80000af8	  x6=0x80000af8
       28655000	      2864	00000000	00000013	addi	x0,x0,0	  x0:0x00000000
       28665000	      2865	80000b0c	00000013	addi	x0,x0,0	  x0:0x00000000
       28675000	      2866	80000b10	8be82e13	slti	x28,x16,-1858	 x16:0x8000098c x28=0x00000001
       28685000	      2867	80000b14	00800cef	jal	x25,80000b14	 x25=0x80000b14
       28695000	      2868	00000000	00000013	addi	x0,x0,0	  x0:0x00000000
       28705000	      2869	80000b18	00000013	addi	x0,x0,0	  x0:0x00000000
       28715000	      2870	80000b1c	0180036f	jal	x6,80000b1c	  x6=0x80000b1c
       28725000	      2871	00000000	00000013	addi	x0,x0,0	  x0:0x00000000
       28735000	      2872	80000b30	00000013	addi	x0,x0,0	  x0:0x00000000
       28745000	      2873	80000b34	020001ef	jal	x3,80000b34	  x3=0x80000b34
       28755000	      2874	00000000	00000013	addi	x0,x0,0	  x0:0x00000000
       28765000	      2875	80000b50	00000013	addi	x0,x0,0	  x0:0x00000000
       28775000	      2876	80000b54	00400bef	jal	x23,80000b54	 x23=0x80000b54
       28785000	      2877	00000000	00000013	addi	x0,x0,0	  x0:0x00000000
       28795000	      2878	80000b54	00000013	addi	x0,x0,0	  x0:0x00000000
       28805000	      2879	80000b58	fd1ff0ef	jal	x1,80000b58	  x1=0x80000b58
       28815000	      2880	00000000	00000013	addi	x0,x0,0	  x0:0x00000000
       28825000	      2881	80000b24	00000013	addi	x0,x0,0	  x0:0x00000000
       28835000	      2882	80000b28	ff9ff36f	jal	x6,80000b28	  x6=0x80000b28
       28845000	      2883	00000000	00000013	addi	x0,x0,0	  x0:0x00000000
       28855000	      2884	80000b1c	00000013	addi	x0,x0,0	  x0:0x00000000
       28865000	      2885	80000b20	00c00d6f	jal	x26,80000b20	 x26=0x80000b20
       28875000	      2886	00000000	00000013	addi	x0,x0,0	  x0:0x00000000
       28885000	      2887	80000b28	00000013	addi	x0,x0,0	  x0:0x00000000
       28895000	      2888	80000b2c	ff9ff0ef	jal	x1,80000b2c	  x1=0x80000b2c
       28905000	      2889	00000000	00000013	addi	x0,x0,0	  x0:0x00000000
       28915000	      2890	80000b20	00000013	addi	x0,x0,0	  x0:0x00000000
       28925000	      2891	80000b24	0240036f	jal	x6,80000b24	  x6=0x80000b24
       28935000	      2892	00000000	00000013	addi	x0,x0,0	  x0:0x00000000
       28945000	      2893	80000b44	00000013	addi	x0,x0,0	  x0:0x00000000
       28955000	      2894	80000b48	ff1ff0ef	jal	x1,80000b48	  x1=0x80000b48
       28965000	      2895	00000000	00000013	addi	x0,x0,0	  x0:0x00000000
       28975000	      2896	80000b34	00000013	addi	x0,x0,0	  x0:0x00000000
       28985000	      2897	80000b38	018000ef	jal	x1,80000b38	  x1=0x80000b38
       28995000	      2898	00000000	00000013	addi	x0,x0,0	  x0:0x00000000
       29005000	      2899	80000b4c	00000013	addi	x0,x0,0	  x0:0x00000000
       29015000	      2900	80000b50	ffdff0ef	jal	x1,80000b50	  x1=0x80000b50
       29025000	      2901	00000000	00000013	addi	x0,x0,0	  x0:0x00000000
       29035000	      2902	80000b48	00000013	addi	x0,x0,0	  x0:0x00000000
       29045000	      2903	80000b4c	ff9ff0ef	jal	x1,80000b4c	  x1=0x80000b4c
       29055000	      2904	00000000	00000013	addi	x0,x0,0	  x0:0x00000000
       29065000	      2905	80000b40	00000013	addi	x0,x0,0	  x0:0x00000000
       29075000	      2906	80000b44	fd5ff0ef	jal	x1,80000b44	  x1=0x80000b44
       29085000	      2907	00000000	00000013	addi	x0,x0,0	  x0:0x00000000
       29095000	      2908	80000b14	00000013	addi	x0,x0,0	  x0:0x00000000
       29105000	      2909	80000b18	0280076f	jal	x14,80000b18	 x14=0x80000b18
       29115000	      2910	00000000	00000013	addi	x0,x0,0	  x0:0x00000000
       29125000	      2911	80000b3c	00000013	addi	x0,x0,0	  x0:0x00000000
       29135000	      2912	80000b40	ff1ff0ef	jal	x1,80000b40	  x1=0x80000b40
       29145000	      2913	00000000	00000013	addi	x0,x0,0	  x0:0x00000000
       29155000	      2914	80000b2c	00000013	addi	x0,x0,0	  x0:0x00000000
       29165000	      2915	80000b30	00c0026f	jal	x4,80000b30	  x4=0x80000b30
       29175000	      2916	00000000	00000013	addi	x0,x0,0	  x0:0x00000000
       29185000	      2917	80000b38	00000013	addi	x0,x0,0	  x0:0x00000000
       29195000	      2918	80000b3c	020003ef	jal	x7,80000b3c	  x7=0x80000b3c
       29205000	      2919	00000000	00000013	addi	x0,x0,0	  x0:0x00000000
       29215000	      2920	80000b58	00000013	addi	x0,x0,0	  x0:0x00000000
       29225000	      2921	80000b5c	695f40b7	lui	x1,0x695f4	  x1=0x695f4000
       29235000	      2922	80000b60	07400cef	jal	x25,80000b60	 x25=0x80000b60
       29245000	      2923	00000000	00000013	addi	x0,x0,0	  x0:0x00000000
       29255000	      2924	80000bd0	00000013	addi	x0,x0,0	  x0:0x00000000
       29265000	      2925	80000bd4	fc1ff36f	jal	x6,80000bd4	  x6=0x80000bd4
       29275000	      2926	00000000	00000013	addi	x0,x0,0	  x0:0x00000000
       29285000	      2927	80000b90	00000013	addi	x0,x0,0	  x0:0x00000000
       29295000	      2928	80000b94	fd1ffa6f	jal	x20,80000b94	 x20=0x80000b94
       29305000	      2929	00000000	00000013	addi	x0,x0,0	  x0:0x00000000
       29315000	      2930	80000b60	00000013	addi	x0,x0,0	  x0:0x00000000
       29325000	      2931	80000b64	020000ef	jal	x1,80000b64	  x1=0x80000b64
       29335000	      2932	00000000	00000013	addi	x0,x0,0	  x0:0x00000000
       29345000	      2933	80000b80	00000013	addi	x0,x0,0	  x0:0x00000000
       29355000	      2934	80000b84	03c00aef	jal	x21,80000b84	 x21=0x80000b84
       29365000	      2935	00000000	00000013	addi	x0,x0,0	  x0:0x00000000
       29375000	      2936	80000bbc	00000013	addi	x0,x0,0	  x0:0x00000000
       29385000	      2937	80000bc0	fe1ffa6f	jal	x20,80000bc0	 x20=0x80000bc0
       29395000	      2938	00000000	00000013	addi	x0,x0,0	  x0:0x00000000
       29405000	      2939	80000b9c	00000013	addi	x0,x0,0	  x0:0x00000000
       29415000	      2940	80000ba0	014000ef	jal	x1,80000ba0	  x1=0x80000ba0
       29425000	      2941	00000000	00000013	addi	x0,x0,0	  x0:0x00000000
       29435000	      2942	80000bb0	00000013	addi	x0,x0,0	  x0:0x00000000
       29445000	      2943	80000bb4	fb9ff1ef	jal	x3,80000bb4	  x3=0x80000bb4
       29455000	      2944	00000000	00000013	addi	x0,x0,0	  x0:0x00000000
       29465000	      2945	80000b68	00000013	addi	x0,x0,0	  x0:0x00000000
       29475000	      2946	80000b6c	010000ef	jal	x1,80000b6c	  x1=0x80000b6c
       29485000	      2947	00000000	00000013	addi	x0,x0,0	  x0:0x00000000
       29495000	      2948	80000b78	00000013	addi	x0,x0,0	  x0:0x00000000
       29505000	      2949	80000b7c	034007ef	jal	x15,80000b7c	 x15=0x80000b7c
       29515000	      2950	00000000	00000013	addi	x0,x0,0	  x0:0x00000000
       29525000	      2951	80000bac	00000013	addi	x0,x0,0	  x0:0x00000000
       29535000	      2952	80000bb0	fe9ff86f	jal	x16,80000bb0	 x16=0x80000bb0
       29545000	      2953	00000000	00000013	addi	x0,x0,0	  x0:0x00000000
       29555000	      2954	80000b94	00000013	addi	x0,x0,0	  x0:0x00000000
       29565000	      2955	80000b98	fddff0ef	jal	x1,80000b98	  x1=0x80000b98
       29575000	      2956	00000000	00000013	addi	x0,x0,0	  x0:0x00000000
       29585000	      2957	80000b70	00000013	addi	x0,x0,0	  x0:0x00000000
       29595000	      2958	80000b74	ff5ffd6f	jal	x26,80000b74	 x26=0x80000b74
       29605000	      2959	00000000	00000013	addi	x0,x0,0	  x0:0x00000000
       29615000	      2960	80000b64	00000013	addi	x0,x0,0	  x0:0x00000000
       29625000	      2961	80000b68	020000ef	jal	x1,80000b68	  x1=0x80000b68
       29635000	      2962	00000000	00000013	addi	x0,x0,0	  x0:0x00000000
       29645000	      2963	80000b84	00000013	addi	x0,x0,0	  x0:0x00000000
       29655000	      2964	80000b88	ff1ffb6f	jal	x22,80000b88	 x22=0x80000b88
       29665000	      2965	00000000	00000013	addi	x0,x0,0	  x0:0x00000000
       29675000	      2966	80000b74	00000013	addi	x0,x0,0	  x0:0x00000000
       29685000	      2967	80000b78	008000ef	jal	x1,80000b78	  x1=0x80000b78
       29695000	      2968	00000000	00000013	addi	x0,x0,0	  x0:0x00000000
       29705000	      2969	80000b7c	00000013	addi	x0,x0,0	  x0:0x00000000
       29715000	      2970	80000b80	02c0036f	jal	x6,80000b80	  x6=0x80000b80
       29725000	      2971	00000000	00000013	addi	x0,x0,0	  x0:0x00000000
       29735000	      2972	80000ba8	00000013	addi	x0,x0,0	  x0:0x00000000
       29745000	      2973	80000bac	010000ef	jal	x1,80000bac	  x1=0x80000bac
       29755000	      2974	00000000	00000013	addi	x0,x0,0	  x0:0x00000000
       29765000	      2975	80000bb8	00000013	addi	x0,x0,0	  x0:0x00000000
       29775000	      2976	80000bbc	fd1ff26f	jal	x4,80000bbc	  x4=0x80000bbc
       29785000	      2977	00000000	00000013	addi	x0,x0,0	  x0:0x00000000
       29795000	      2978	80000b88	00000013	addi	x0,x0,0	  x0:0x00000000
       29805000	      2979	80000b8c	02c00b6f	jal	x22,80000b8c	 x22=0x80000b8c
       29815000	      2980	00000000	00000013	addi	x0,x0,0	  x0:0x00000000
       29825000	      2981	80000bb4	00000013	addi	x0,x0,0	  x0:0x00000000
       29835000	      2982	80000bb8	ff1ff0ef	jal	x1,80000bb8	  x1=0x80000bb8
       29845000	      2983	00000000	00000013	addi	x0,x0,0	  x0:0x00000000
       29855000	      2984	80000ba4	00000013	addi	x0,x0,0	  x0:0x00000000
       29865000	      2985	80000ba8	ffdffaef	jal	x21,80000ba8	 x21=0x80000ba8
       29875000	      2986	00000000	00000013	addi	x0,x0,0	  x0:0x00000000
       29885000	      2987	80000ba0	00000013	addi	x0,x0,0	  x0:0x00000000
       29895000	      2988	80000ba4	fedff36f	jal	x6,80000ba4	  x6=0x80000ba4
       29905000	      2989	00000000	00000013	addi	x0,x0,0	  x0:0x00000000
       29915000	      2990	80000b8c	00000013	addi	x0,x0,0	  x0:0x00000000
       29925000	      2991	80000b90	00c000ef	jal	x1,80000b90	  x1=0x80000b90
       29935000	      2992	00000000	00000013	addi	x0,x0,0	  x0:0x00000000
       29945000	      2993	80000b98	00000013	addi	x0,x0,0	  x0:0x00000000
       29955000	      2994	80000b9c	fd5ff0ef	jal	x1,80000b9c	  x1=0x80000b9c
       29965000	      2995	00000000	00000013	addi	x0,x0,0	  x0:0x00000000
       29975000	      2996	80000b6c	00000013	addi	x0,x0,0	  x0:0x00000000
       29985000	      2997	80000b70	054005ef	jal	x11,80000b70	 x11=0x80000b70
       29995000	      2998	00000000	00000013	addi	x0,x0,0	  x0:0x00000000
       30005000	      2999	80000bc0	00000013	addi	x0,x0,0	  x0:0x00000000
       30015000	      3000	80000bc4	008000ef	jal	x1,80000bc4	  x1=0x80000bc4
       30025000	      3001	00000000	00000013	addi	x0,x0,0	  x0:0x00000000
       30035000	      3002	80000bc8	00000013	addi	x0,x0,0	  x0:0x00000000
       30045000	      3003	80000bcc	004000ef	jal	x1,80000bcc	  x1=0x80000bcc
       30055000	      3004	00000000	00000013	addi	x0,x0,0	  x0:0x00000000
       30065000	      3005	80000bcc	00000013	addi	x0,x0,0	  x0:0x00000000
       30075000	      3006	80000bd0	ff9ff0ef	jal	x1,80000bd0	  x1=0x80000bd0
       30085000	      3007	00000000	00000013	addi	x0,x0,0	  x0:0x00000000
       30095000	      3008	80000bc4	00000013	addi	x0,x0,0	  x0:0x00000000
       30105000	      3009	80000bc8	01000bef	jal	x23,80000bc8	 x23=0x80000bc8
       30115000	      3010	00000000	00000013	addi	x0,x0,0	  x0:0x00000000
       30125000	      3011	80000bd4	00000013	addi	x0,x0,0	  x0:0x00000000
       30135000	      3012	80000bd8	006d0e33	add	x28,x26,x6	 x26:0x80000b74  x6:0x80000ba4 x28=0x00001718
       30145000	      3013	80000bdc	a509ba93	sltiu	x21,x19,-1456	 x19:0x80000aa8 x21=0x00000001
       30155000	      3014	80000be0	00b650b3	srl	x1,x12,x11	 x12:0x800005c0 x11:0x80000b70  x1=0x00008000
       30165000	      3015	80000be4	41fa5493	srai	x9,x20,0x1f	 x20:0x80000bc0  x9=0xffffffff
       30175000	      3016	80000be8	2ad84a13	xori	x20,x16,685	 x16:0x80000bb0 x20=0x8000091d
       30185000	      3017	80000bec	001a8c63	beq	x21,x1,80000c04	 x21:0x00000001  x1:0x00008000
       30195000	      3018	80000bf0	7550e413	ori	x8,x1,1877	  x1:0x00008000  x8=0x00008755
       30205000	      3019	80000bf4	00197eb3	and	x29,x18,x1	 x18:0x80000aac  x1:0x00008000 x29=0x00000000
       30215000	      3020	80000bf8	bae57c17	auipc	x24,0xbae57	 x24=0x3ae57bf4
       30225000	      3021	80000bfc	01fa3e33	sltu	x28,x20,x31	 x20:0x8000091d x31:0x80000770 x28=0x00000000
       30235000	      3022	80000c00	05479663	bne	x15,x20,80000c4c	 x15:0x80000b7c x20:0x8000091d
       30245000	      3023	00000000	00000013	addi	x0,x0,0	  x0:0x00000000
       30255000	      3024	80000c48	00000013	addi	x0,x0,0	  x0:0x00000000
       30265000	      3025	80000c4c	c7a30493	addi	x9,x6,-902	  x6:0x80000ba4  x9=0x8000081e
       30275000	      3026	80000c50	04abd263	bge	x23,x10,80000c94	 x23:0x80000bc8 x10:0x80009f84
       30285000	      3027	80000c54	6aeea597	auipc	x11,0x6aeea	 x11=0xeaeeac50
       30295000	      3028	80000c58	00dade93	srli	x29,x21,0xd	 x21:0x00000001 x29=0x00000000
       30305000	      3029	80000c5c	40628ab3	sub	x21,x5,x6	  x5:0x80000ab8  x6:0x80000ba4 x21=0xffffff14
       30315000	      3030	80000c60	0028e633	or	x12,x17,x2	 x17:0x80000000  x2:0x800009cc x12=0x800009cc
       30325000	      3031	80000c64	051fc863	blt	x31,x17,80000cb4	 x31:0x80000770 x17:0x80000000
       30335000	      3032	80000c68	011143b3	xor	x7,x2,x17	  x2:0x800009cc x17:0x80000000  x7=0x000009cc
       30345000	      3033	80000c6c	00df5c63	bge	x30,x13,80000c84	 x30:0x80000a70 x13:0x80009fc4
       30355000	      3034	80000c70	018efab3	and	x21,x29,x24	 x29:0x00000000 x24:0x3ae57bf4 x21=0x00000000
       30365000	      3035	80000c74	03bbf063	bgeu	x23,x27,80000c94	 x23:0x80000bc8 x27:0x80000a80
       30375000	      3036	00000000	00000013	addi	x0,x0,0	  x0:0x00000000
       30385000	      3037	80000c90	00000013	addi	x0,x0,0	  x0:0x00000000
       30395000	      3038	80000c94	00add613	srli	x12,x27,0xa	 x27:0x80000a80 x12=0x00200002
       30405000	      3039	80000c98	415fd493	srai	x9,x31,0x15	 x31:0x80000770  x9=0xfffffc00
       30415000	      3040	80000c9c	013d5bb3	srl	x23,x26,x19	 x26:0x80000b74 x19:0x80000aa8 x23=0x0080000b
       30425000	      3041	80000ca0	035fc063	blt	x31,x21,80000cc0	 x31:0x80000770 x21:0x00000000
       30435000	      3042	00000000	00000013	addi	x0,x0,0	  x0:0x00000000
       30445000	      3043	80000cbc	00000013	addi	x0,x0,0	  x0:0x00000000
       30455000	      3044	80000cc0	1bd7b597	auipc	x11,0x1bd7b	 x11=0x9bd7bcbc
       30465000	      3045	80000cc4	404d5713	srai	x14,x26,0x4	 x26:0x80000b74 x14=0xf80000b7
       30475000	      3046	80000cc8	00665eb3	srl	x29,x12,x6	 x12:0x00200002  x6:0x80000ba4 x29=0x00020000
       30485000	      3047	80000ccc	41d94317	auipc	x6,0x41d94	  x6=0xc1d94cc8
       30495000	      3048	80000cd0	00cb73b3	and	x7,x22,x12	 x22:0x80000b8c x12:0x00200002  x7=0x00000000
       30505000	      3049	80000cd4	0090aa33	slt	x20,x1,x9	  x1:0x00008000  x9:0xfffffc00 x20=0x00000000
       30515000	      3050	80000cd8	00000013	addi	x0,x0,0	  x0:0x00000000
       30525000	      3051	80000cdc	40ba5ab3	sra	x21,x20,x11	 x20:0x00000000 x11:0x9bd7bcbc x21=0x00000000
       30535000	      3052	80000ce0	01cfceb3	xor	x29,x31,x28	 x31:0x80000770 x28:0x00000000 x29=0x80000770
       30545000	      3053	80000ce4	96137293	andi	x5,x6,-1695	  x6:0xc1d94cc8  x5=0xc1d94840
       30555000	      3054	80000ce8	00078863	beq	x15,x0,80000cf8	 x15:0x80000b7c  x0:0x00000000
       30565000	      3055	80000cec	01e95633	srl	x12,x18,x30	 x18:0x80000aac x30:0x80000a70 x12=0x00008000
       30575000	      3056	80000cf0	00b80733	add	x14,x16,x11	 x16:0x80000bb0 x11:0x9bd7bcbc x14=0x1bd7c86c
       30585000	      3057	80000cf4	001d13b3	sll	x7,x26,x1	 x26:0x80000b74  x1:0x00008000  x7=0x80000b74
       30595000	      3058	80000cf8	dea2b293	sltiu	x5,x5,-534	  x5:0xc1d94840  x5=0x00000001
       30605000	      3059	80000cfc	a63ff937	lui	x18,0xa63ff	 x18=0xa63ff000
       30615000	      3060	80000d00	013050b3	srl	x1,x0,x19	  x0:0x00000000 x19:0x80000aa8  x1=0x00000000
       30625000	      3061	80000d04	00e0fb33	and	x22,x1,x14	  x1:0x00000000 x14:0x1bd7c86c x22=0x00000000
       30635000	      3062	80000d08	00167633	and	x12,x12,x1	 x12:0x00008000  x1:0x00000000 x12=0x00000000
       30645000	      3063	80000d0c	cab98c13	addi	x24,x19,-853	 x19:0x80000aa8 x24=0x80000753
       30655000	      3064	80000d10	01d599b3	sll	x19,x11,x29	 x11:0x9bd7bcbc x29:0x80000770 x19=0xbcbc0000
       30665000	      3065	80000d14	0478c263	blt	x17,x7,80000d58	 x17:0x80000000  x7:0x80000b74
       30675000	      3066	00000000	00000013	addi	x0,x0,0	  x0:0x00000000
       30685000	      3067	80000d54	00000013	addi	x0,x0,0	  x0:0x00000000
       30695000	      3068	80000d58	00bab3b3	sltu	x7,x21,x11	 x21:0x00000000 x11:0x9bd7bcbc  x7=0x00000001
       30705000	      3069	80000d5c	03d56e63	bltu	x10,x29,80000d98	 x10:0x80009f84 x29:0x80000770
       30715000	      3070	80000d60	01e4f4b3	and	x9,x9,x30	  x9:0xfffffc00 x30:0x80000a70  x9=0x80000800
       30725000	      3071	80000d64	044ee463	bltu	x29,x4,80000dac	 x29:0x80000770  x4:0x80000bbc
       30735000	      3072	00000000	00000013	addi	x0,x0,0	  x0:0x00000000
       30745000	      3073	80000da8	00000013	addi	x0,x0,0	  x0:0x00000000
       30755000	      3074	80000dac	0050c5b3	xor	x11,x1,x5	  x1:0x00000000  x5:0x00000001 x11=0x00000001
       30765000	      3075	80000db0	024b7863	bgeu	x22,x4,80000de0	 x22:0x00000000  x4:0x80000bbc
       30775000	      3076	80000db4	0d714263	blt	x2,x23,80000e78	  x2:0x800009cc x23:0x0080000b
       30785000	      3077	00000000	00000013	addi	x0,x0,0	  x0:0x00000000
       30795000	      3078	80000e74	00000013	addi	x0,x0,0	  x0:0x00000000
       30805000	      3079	80000e78	d7e92097	auipc	x1,0xd7e92	  x1=0x57e92e74
       30815000	      3080	80000e7c	005833b3	sltu	x7,x16,x5	 x16:0x80000bb0  x5:0x00000001  x7=0x00000000
       30825000	      3081	80000e80	01ebe9b3	or	x19,x23,x30	 x23:0x0080000b x30:0x80000a70 x19=0x80800a7b
       30835000	      3082	80000e84	406109b3	sub	x19,x2,x6	  x2:0x800009cc  x6:0xc1d94cc8 x19=0xbe26bd04
       30845000	      3083	80000e88	02b49063	bne	x9,x11,80000ea8	  x9:0x80000800 x11:0x00000001
       30855000	      3084	00000000	00000013	addi	x0,x0,0	  x0:0x00000000
       30865000	      3085	80000ea4	00000013	addi	x0,x0,0	  x0:0x00000000
       30875000	      3086	80000ea8	00bc1313	slli	x6,x24,0xb	 x24:0x80000753  x6=0x003a9800
       30885000	      3087	80000eac	0039dc33	srl	x24,x19,x3	 x19:0xbe26bd04  x3:0x80000bb4 x24=0x00000be2
       30895000	      3088	80000eb0	408e5113	srai	x2,x28,0x8	 x28:0x00000000  x2=0x00000000
       30905000	      3089	80000eb4	059d4863	blt	x26,x25,80000f04	 x26:0x80000b74 x25:0x80000b60
       30915000	      3090	80000eb8	01bef7b3	and	x15,x29,x27	 x29:0x80000770 x27:0x80000a80 x15=0x80000200
       30925000	      3091	80000ebc	038c1a63	bne	x24,x24,80000ef0	 x24:0x00000be2 x24:0x00000be2
       30935000	      3092	80000ec0	03e48c63	beq	x9,x30,80000ef8	  x9:0x80000800 x30:0x80000a70
       30945000	      3093	80000ec4	00e74f33	xor	x30,x14,x14	 x14:0x1bd7c86c x14:0x1bd7c86c x30=0x00000000
       30955000	      3094	80000ec8	00000013	addi	x0,x0,0	  x0:0x00000000
       30965000	      3095	80000ecc	02bdda63	bge	x27,x11,80000f00	 x27:0x80000a80 x11:0x00000001
       30975000	      3096	80000ed0	00b99113	slli	x2,x19,0xb	 x19:0xbe26bd04  x2=0x35e82000
       30985000	      3097	80000ed4	01757863	bgeu	x10,x23,80000ee4	 x10:0x80009f84 x23:0x0080000b
       30995000	      3098	00000000	00000013	addi	x0,x0,0	  x0:0x00000000
       31005000	      3099	80000ee0	00000013	addi	x0,x0,0	  x0:0x00000000
       31015000	      3100	80000ee4	87c9fdb7	lui	x27,0x87c9f	 x27=0x87c9f000
       31025000	      3101	80000ee8	0076f263	bgeu	x13,x7,80000eec	 x13:0x80009fc4  x7:0x00000000
       31035000	      3102	00000000	00000013	addi	x0,x0,0	  x0:0x00000000
       31045000	      3103	80000ee8	00000013	addi	x0,x0,0	  x0:0x00000000
       31055000	      3104	80000eec	40fad133	sra	x2,x21,x15	 x21:0x00000000 x15:0x80000200  x2=0x00000000
       31065000	      3105	80000ef0	00000013	addi	x0,x0,0	  x0:0x00000000
       31075000	      3106	80000ef4	27b0e493	ori	x9,x1,635	  x1:0x57e92e74  x9=0x57e92e7f
       31085000	      3107	80000ef8	01702fb3	slt	x31,x0,x23	  x0:0x00000000 x23:0x0080000b x31=0x00000001
       31095000	      3108	80000efc	010e53b3	srl	x7,x28,x16	 x28:0x00000000 x16:0x80000bb0  x7=0x00000000
       31105000	      3109	80000f00	4e538017	auipc	x0,0x4e538	
       31115000	      3110	80000f04	010131b3	sltu	x3,x2,x16	  x2:0x00000000 x16:0x80000bb0  x3=0x00000001
       31125000	      3111	80000f08	a04bc413	xori	x8,x23,-1532	 x23:0x0080000b  x8=0xff7ffa0f
       31135000	      3112	80000f0c	00ea85b3	add	x11,x21,x14	 x21:0x00000000 x14:0x1bd7c86c x11=0x1bd7c86c
       31145000	      3113	80000f10	00000013	addi	x0,x0,0	  x0:0x00000000
       31155000	      3114	80000f14	001850b3	srl	x1,x16,x1	 x16:0x80000bb0  x1:0x57e92e74  x1=0x00000800
       31165000	      3115	80000f18	015e4233	xor	x4,x28,x21	 x28:0x00000000 x21:0x00000000  x4=0x00000000
       31175000	      3116	80000f1c	dbd0fb13	andi	x22,x1,-579	  x1:0x00000800 x22=0x00000800
       31185000	      3117	80000f20	02fdf263	bgeu	x27,x15,80000f44	 x27:0x87c9f000 x15:0x80000200
       31195000	      3118	00000000	00000013	addi	x0,x0,0	  x0:0x00000000
       31205000	      3119	80000f40	00000013	addi	x0,x0,0	  x0:0x00000000
       31215000	      3120	80000f44	01bbb333	sltu	x6,x23,x27	 x23:0x0080000b x27:0x87c9f000  x6=0x00000001
       31225000	      3121	80000f48	239a4c13	xori	x24,x20,569	 x20:0x00000000 x24=0x00000239
       31235000	      3122	80000f4c	40e40fb3	sub	x31,x8,x14	  x8:0xff7ffa0f x14:0x1bd7c86c x31=0xe3a831a3
       31245000	      3123	80000f50	01fbf2b3	and	x5,x23,x31	 x23:0x0080000b x31:0xe3a831a3  x5=0x00800003
       31255000	      3124	80000f54	418cdd93	srai	x27,x25,0x18	 x25:0x80000b60 x27=0xffffff80
       31265000	      3125	80000f58	02df9e63	bne	x31,x13,80000f94	 x31:0xe3a831a3 x13:0x80009fc4
       31275000	      3126	00000000	00000013	addi	x0,x0,0	  x0:0x00000000
       31285000	      3127	80000f90	00000013	addi	x0,x0,0	  x0:0x00000000
       31295000	      3128	80000f94	00765593	srli	x11,x12,0x7	 x12:0x00000000 x11=0x00000000
       31305000	      3129	80000f98	00000013	addi	x0,x0,0	  x0:0x00000000
       31315000	      3130	80000f9c	001b9813	slli	x16,x23,0x1	 x23:0x0080000b x16=0x01000016
       31325000	      3131	80000fa0	4d9f4f37	lui	x30,0x4d9f4	 x30=0x4d9f4000
       31335000	      3132	80000fa4	0047fbb3	and	x23,x15,x4	 x15:0x80000200  x4:0x00000000 x23=0x00000000
       31345000	      3133	80000fa8	e4cc2c13	slti	x24,x24,-436	 x24:0x00000239 x24=0x00000000
       31355000	      3134	80000fac	407c8db3	sub	x27,x25,x7	 x25:0x80000b60  x7:0x00000000 x27=0x80000b60
       31365000	      3135	80000fb0	00f89033	sll	x0,x17,x15	 x17:0x80000000 x15:0x80000200
       31375000	      3136	80000fb4	00000013	addi	x0,x0,0	  x0:0x00000000
       31385000	      3137	80000fb8	415089b3	sub	x19,x1,x21	  x1:0x00000800 x21:0x00000000 x19=0x00000800
       31395000	      3138	80000fbc	01ee61b3	or	x3,x28,x30	 x28:0x00000000 x30:0x4d9f4000  x3=0x4d9f4000
       31405000	      3139	80000fc0	05035863	bge	x6,x16,80001010	  x6:0x00000001 x16:0x01000016
       31415000	      3140	80000fc4	00f1a0b3	slt	x1,x3,x15	  x3:0x4d9f4000 x15:0x80000200  x1=0x00000000
       31425000	      3141	80000fc8	018a22b3	slt	x5,x20,x24	 x20:0x00000000 x24:0x00000000  x5=0x00000000
       31435000	      3142	80000fcc	66376b13	ori	x22,x14,1635	 x14:0x1bd7c86c x22=0x1bd7ce6f
       31445000	      3143	80000fd0	01dcd633	srl	x12,x25,x29	 x25:0x80000b60 x29:0x80000770 x12=0x00008000
       31455000	      3144	80000fd4	4f5b8813	addi	x16,x23,1269	 x23:0x00000000 x16=0x000004f5
       31465000	      3145	80000fd8	41eed033	sra	x0,x29,x30	 x29:0x80000770 x30:0x4d9f4000
       31475000	      3146	80000fdc	291649b7	lui	x19,0x29164	 x19=0x29164000
       31485000	      3147	80000fe0	9d4b0b93	addi	x23,x22,-1580	 x22:0x1bd7ce6f x23=0x1bd7c843
       31495000	      3148	80000fe4	411d5813	srai	x16,x26,0x11	 x26:0x80000b74 x16=0xffffc000
       31505000	      3149	80000fe8	00618db3	add	x27,x3,x6	  x3:0x4d9f4000  x6:0x00000001 x27=0x4d9f4001
       31515000	      3150	80000fec	01710133	add	x2,x2,x23	  x2:0x00000000 x23:0x1bd7c843  x2=0x1bd7c843
       31525000	      3151	80000ff0	00152fb3	slt	x31,x10,x1	 x10:0x80009f84  x1:0x00000000 x31=0x00000001
       31535000	      3152	80000ff4	02b36e63	bltu	x6,x11,80001030	  x6:0x00000001 x11:0x00000000
       31545000	      3153	80000ff8	00e734b3	sltu	x9,x14,x14	 x14:0x1bd7c86c x14:0x1bd7c86c  x9=0x00000000
       31555000	      3154	80000ffc	05f94263	blt	x18,x31,80001040	 x18:0xa63ff000 x31:0x00000001
       31565000	      3155	00000000	00000013	addi	x0,x0,0	  x0:0x00000000
       31575000	      3156	8000103c	00000013	addi	x0,x0,0	  x0:0x00000000
       31585000	      3157	80001040	009531b3	sltu	x3,x10,x9	 x10:0x80009f84  x9:0x00000000  x3=0x00000000
       31595000	      3158	80001044	4083dc93	srai	x25,x7,0x8	  x7:0x00000000 x25=0x00000000
       31605000	      3159	80001048	00c65b33	srl	x22,x12,x12	 x12:0x00008000 x12:0x00008000 x22=0x00008000
       31615000	      3160	8000104c	4129dd33	sra	x26,x19,x18	 x19:0x29164000 x18:0xa63ff000 x26=0x29164000
       31625000	      3161	80001050	10eaa813	slti	x16,x21,270	 x21:0x00000000 x16=0x00000001
       31635000	      3162	80001054	17a5f713	andi	x14,x11,378	 x11:0x00000000 x14=0x00000000
       31645000	      3163	80001058	01e29913	slli	x18,x5,0x1e	  x5:0x00000000 x18=0x00000000
       31655000	      3164	8000105c	41de0733	sub	x14,x28,x29	 x28:0x00000000 x29:0x80000770 x14=0x7ffff890
       31665000	      3165	80001060	40db5bb3	sra	x23,x22,x13	 x22:0x00008000 x13:0x80009fc4 x23=0x00000800
       31675000	      3166	80001064	00285c63	bge	x16,x2,8000107c	 x16:0x00000001  x2:0x1bd7c843
       31685000	      3167	80001068	d6060493	addi	x9,x12,-672	 x12:0x00008000  x9=0x00007d60
       31695000	      3168	8000106c	c8833213	sltiu	x4,x6,-888	  x6:0x00000001  x4=0x00000001
       31705000	      3169	80001070	013bab93	slti	x23,x23,19	 x23:0x00000800 x23=0x00000000
       31715000	      3170	80001074	044ae263	bltu	x21,x4,800010b8	 x21:0x00000000  x4:0x00000001
       31725000	      3171	00000000	00000013	addi	x0,x0,0	  x0:0x00000000
       31735000	      3172	800010b4	00000013	addi	x0,x0,0	  x0:0x00000000
       31745000	      3173	800010b8	617e0993	addi	x19,x28,1559	 x28:0x00000000 x19=0x00000617
       31755000	      3174	800010bc	4150dab3	sra	x21,x1,x21	  x1:0x00000000 x21:0x00000000 x21=0x00000000
       31765000	      3175	800010c0	01666463	bltu	x12,x22,800010c8	 x12:0x00008000 x22:0x00008000
       31775000	      3176	800010c4	0500d863	bge	x1,x16,80001114	  x1:0x00000000 x16:0x00000001
       31785000	      3177	800010c8	00755193	srli	x3,x10,0x7	 x10:0x80009f84  x3=0x0100013f
       31795000	      3178	800010cc	41748d33	sub	x26,x9,x23	  x9:0x00007d60 x23:0x00000000 x26=0x00007d60
       31805000	      3179	800010d0	6d2ac293	xori	x5,x21,1746	 x21:0x00000000  x5=0x000006d2
       31815000	      3180	800010d4	cedd8d93	addi	x27,x27,-787	 x27:0x4d9f4001 x27=0x4d9f3cee
       31825000	      3181	800010d8	01a8b3b3	sltu	x7,x17,x26	 x17:0x80000000 x26:0x00007d60  x7=0x00000000
       31835000	      3182	800010dc	4139dc33	sra	x24,x19,x19	 x19:0x00000617 x19:0x00000617 x24=0x00000000
       31845000	      3183	800010e0	00984a63	blt	x16,x9,800010f4	 x16:0x00000001  x9:0x00007d60
       31855000	      3184	00000000	00000013	addi	x0,x0,0	  x0:0x00000000
       31865000	      3185	800010f0	00000013	addi	x0,x0,0	  x0:0x00000000
       31875000	      3186	800010f4	6257c393	xori	x7,x15,1573	 x15:0x80000200  x7=0x80000425
       31885000	      3187	800010f8	87076317	auipc	x6,0x87076	  x6=0x070770f4
       31895000	      3188	800010fc	04137663	bgeu	x6,x1,80001148	  x6:0x070770f4  x1:0x00000000
       31905000	      3189	00000000	00000013	addi	x0,x0,0	  x0:0x00000000
       31915000	      3190	80001144	00000013	addi	x0,x0,0	  x0:0x00000000
       31925000	      3191	80001148	40258ab3	sub	x21,x11,x2	 x11:0x00000000  x2:0x1bd7c843 x21=0xe42837bd
       31935000	      3192	8000114c	40acd093	srai	x1,x25,0xa	 x25:0x00000000  x1=0x00000000
       31945000	      3193	80001150	0169ee33	or	x28,x19,x22	 x19:0x00000617 x22:0x00008000 x28=0x00008617
       31955000	      3194	80001154	02400c63	beq	x0,x4,8000118c	  x0:0x00000000  x4:0x00000001
       31965000	      3195	80001158	007f1e33	sll	x28,x30,x7	 x30:0x4d9f4000  x7:0x80000425 x28=0xb3e80000
       31975000	      3196	8000115c	00b4dd93	srli	x27,x9,0xb	  x9:0x00007d60 x27=0x0000000f
       31985000	      3197	80001160	41725213	srai	x4,x4,0x17	  x4:0x00000001  x4=0x00000000
       31995000	      3198	80001164	00b0f7b3	and	x15,x1,x11	  x1:0x00000000 x11:0x00000000 x15=0x00000000
       32005000	      3199	80001168	00ea34b3	sltu	x9,x20,x14	 x20:0x00000000 x14:0x7ffff890  x9=0x00000001
       32015000	      3200	8000116c	04995863	bge	x18,x9,800011bc	 x18:0x00000000  x9:0x00000001
       32025000	      3201	80001170	c7400f17	auipc	x30,0xc7400	 x30=0x4740116c
       32035000	      3202	80001174	05791663	bne	x18,x23,800011c0	 x18:0x00000000 x23:0x00000000
       32045000	      3203	80001178	60466f13	ori	x30,x12,1540	 x12:0x00008000 x30=0x00008604
       32055000	      3204	8000117c	4a4a2637	lui	x12,0x4a4a2	 x12=0x4a4a2000
       32065000	      3205	80001180	00e6be33	sltu	x28,x13,x14	 x13:0x80009fc4 x14:0x7ffff890 x28=0x00000000
       32075000	      3206	80001184	00000013	addi	x0,x0,0	  x0:0x00000000
       32085000	      3207	80001188	26d67913	andi	x18,x12,621	 x12:0x4a4a2000 x18=0x00000000
       32095000	      3208	8000118c	4060d313	srai	x6,x1,0x6	  x1:0x00000000  x6=0x00000000
       32105000	      3209	80001190	8b499e97	auipc	x29,0x8b499	 x29=0x0b49a18c
       32115000	      3210	80001194	05f11263	bne	x2,x31,800011d8	  x2:0x1bd7c843 x31:0x00000001
       32125000	      3211	00000000	00000013	addi	x0,x0,0	  x0:0x00000000
       32135000	      3212	800011d4	00000013	addi	x0,x0,0	  x0:0x00000000
       32145000	      3213	800011d8	03fb6463	bltu	x22,x31,80001200	 x22:0x00008000 x31:0x00000001
       32155000	      3214	800011dc	00fc82b3	add	x5,x25,x15	 x25:0x00000000 x15:0x00000000  x5=0x00000000
       32165000	      3215	800011e0	011af263	bgeu	x21,x17,800011e4	 x21:0xe42837bd x17:0x80000000
       32175000	      3216	00000000	00000013	addi	x0,x0,0	  x0:0x00000000
       32185000	      3217	800011e0	00000013	addi	x0,x0,0	  x0:0x00000000
       32195000	      3218	800011e4	05c6d863	bge	x13,x28,80001234	 x13:0x80009fc4 x28:0x00000000
       32205000	      3219	800011e8	00e4d2b3	srl	x5,x9,x14	  x9:0x00000001 x14:0x7ffff890  x5=0x00000000
       32215000	      3220	800011ec	04e01663	bne	x0,x14,80001238	  x0:0x00000000 x14:0x7ffff890
       32225000	      3221	00000000	00000013	addi	x0,x0,0	  x0:0x00000000
       32235000	      3222	80001234	00000013	addi	x0,x0,0	  x0:0x00000000
       32245000	      3223	80001238	0076d433	srl	x8,x13,x7	 x13:0x80009fc4  x7:0x80000425  x8=0x040004fe
       32255000	      3224	8000123c	41058a33	sub	x20,x11,x16	 x11:0x00000000 x16:0x00000001 x20=0xffffffff
       32265000	      3225	80001240	4176d413	srai	x8,x13,0x17	 x13:0x80009fc4  x8=0xffffff00
       32275000	      3226	80001244	413a5993	srai	x19,x20,0x13	 x20:0xffffffff x19=0xffffffff
       32285000	      3227	80001248	02b1ee63	bltu	x3,x11,80001284	  x3:0x0100013f x11:0x00000000
       32295000	      3228	8000124c	00932333	slt	x6,x6,x9	  x6:0x00000000  x9:0x00000001  x6=0x00000001
       32305000	      3229	80001250	39d86d93	ori	x27,x16,925	 x16:0x00000001 x27=0x0000039d
       32315000	      3230	80001254	032f9e63	bne	x31,x18,80001290	 x31:0x00000001 x18:0x00000000
       32325000	      3231	00000000	00000013	addi	x0,x0,0	  x0:0x00000000
       32335000	      3232	8000128c	00000013	addi	x0,x0,0	  x0:0x00000000
       32345000	      3233	80001290	c2950213	addi	x4,x10,-983	 x10:0x80009f84  x4=0x80009bad
       32355000	      3234	80001294	02b17063	bgeu	x2,x11,800012b4	  x2:0x1bd7c843 x11:0x00000000
       32365000	      3235	00000000	00000013	addi	x0,x0,0	  x0:0x00000000
       32375000	      3236	800012b0	00000013	addi	x0,x0,0	  x0:0x00000000
       32385000	      3237	800012b4	013024b3	slt	x9,x0,x19	  x0:0x00000000 x19:0xffffffff  x9=0x00000000
       32395000	      3238	800012b8	0098ee33	or	x28,x17,x9	 x17:0x80000000  x9:0x00000000 x28=0x80000000
       32405000	      3239	800012bc	f62f8c93	addi	x25,x31,-158	 x31:0x00000001 x25=0xffffff63
       32415000	      3240	800012c0	03f9fa63	bgeu	x19,x31,800012f4	 x19:0xffffffff x31:0x00000001
       32425000	      3241	00000000	00000013	addi	x0,x0,0	  x0:0x00000000
       32435000	      3242	800012f0	00000013	addi	x0,x0,0	  x0:0x00000000
       32445000	      3243	800012f4	d3a4af17	auipc	x30,0xd3a4a	 x30=0x53a4b2f0
       32455000	      3244	800012f8	01d9c863	blt	x19,x29,80001308	 x19:0xffffffff x29:0x0b49a18c
       32465000	      3245	00000000	00000013	addi	x0,x0,0	  x0:0x00000000
       32475000	      3246	80001304	00000013	addi	x0,x0,0	  x0:0x00000000
       32485000	      3247	80001308	7314f293	andi	x5,x9,1841	  x9:0x00000000  x5=0x00000000
       32495000	      3248	8000130c	63ddfe13	andi	x28,x27,1597	 x27:0x0000039d x28=0x0000021d
       32505000	      3249	80001310	00e47d33	and	x26,x8,x14	  x8:0xffffff00 x14:0x7ffff890 x26=0x7ffff800
       32515000	      3250	80001314	029c5c63	bge	x24,x9,8000134c	 x24:0x00000000  x9:0x00000000
       32525000	      3251	00000000	00000013	addi	x0,x0,0	  x0:0x00000000
       32535000	      3252	80001348	00000013	addi	x0,x0,0	  x0:0x00000000
       32545000	      3253	8000134c	40450b13	addi	x22,x10,1028	 x10:0x80009f84 x22=0x8000a388
       32555000	      3254	80001350	018be933	or	x18,x23,x24	 x23:0x00000000 x24:0x00000000 x18=0x00000000
       32565000	      3255	80001354	01731b93	slli	x23,x6,0x17	  x6:0x00000001 x23=0x00800000
       32575000	      3256	80001358	01b49eb3	sll	x29,x9,x27	  x9:0x00000000 x27:0x0000039d x29=0x00000000
       32585000	      3257	8000135c	78b48e93	addi	x29,x9,1931	  x9:0x00000000 x29=0x0000078b
       32595000	      3258	80001360	1c90a493	slti	x9,x1,457	  x1:0x00000000  x9=0x00000001
       32605000	      3259	80001364	00021a93	slli	x21,x4,0x0	  x4:0x80009bad x21=0x80009bad
       32615000	      3260	80001368	0062d863	bge	x5,x6,80001378	  x5:0x00000000  x6:0x00000001
       32625000	      3261	8000136c	00f4ed33	or	x26,x9,x15	  x9:0x00000001 x15:0x00000000 x26=0x00000001
       32635000	      3262	80001370	c6f00a93	addi	x21,x0,-913	  x0:0x00000000 x21=0xfffffc6f
       32645000	      3263	80001374	00f6bd33	sltu	x26,x13,x15	 x13:0x80009fc4 x15:0x00000000 x26=0x00000000
       32655000	      3264	80001378	00000013	addi	x0,x0,0	  x0:0x00000000
       32665000	      3265	8000137c	0195f433	and	x8,x11,x25	 x11:0x00000000 x25:0xffffff63  x8=0x00000000
       32675000	      3266	80001380	011d83b3	add	x7,x27,x17	 x27:0x0000039d x17:0x80000000  x7=0x8000039d
       32685000	      3267	80001384	1c8469b7	lui	x19,0x1c846	 x19=0x1c846000
       32695000	      3268	80001388	009d0f33	add	x30,x26,x9	 x26:0x00000000  x9:0x00000001 x30=0x00000001
       32705000	      3269	8000138c	5d3f0d93	addi	x27,x30,1491	 x30:0x00000001 x27=0x000005d4
       32715000	      3270	80001390	003de633	or	x12,x27,x3	 x27:0x000005d4  x3:0x0100013f x12=0x010005ff
       32725000	      3271	80001394	0123d613	srli	x12,x7,0x12	  x7:0x8000039d x12=0x00002000
       32735000	      3272	80001398	40c52813	slti	x16,x10,1036	 x10:0x80009f84 x16=0x00000001
       32745000	      3273	8000139c	0ec7ff93	andi	x31,x15,236	 x15:0x00000000 x31=0x00000000
       32755000	      3274	800013a0	419a8433	sub	x8,x21,x25	 x21:0xfffffc6f x25:0xffffff63  x8=0xfffffd0c
       32765000	      3275	800013a4	405b5813	srai	x16,x22,0x5	 x22:0x8000a388 x16=0xfc00051c
       32775000	      3276	800013a8	caa01237	lui	x4,0xcaa01	  x4=0xcaa01000
       32785000	      3277	800013ac	7122c013	xori	x0,x5,1810	  x5:0x00000000
       32795000	      3278	800013b0	2cfa8193	addi	x3,x21,719	 x21:0xfffffc6f  x3=0xffffff3e
       32805000	      3279	800013b4	ff242637	lui	x12,0xff242	 x12=0xff242000
       32815000	      3280	800013b8	cdb92493	slti	x9,x18,-805	 x18:0x00000000  x9=0x00000000
       32825000	      3281	800013bc	05976263	bltu	x14,x25,80001400	 x14:0x7ffff890 x25:0xffffff63
       32835000	      3282	00000000	00000013	addi	x0,x0,0	  x0:0x00000000
       32845000	      3283	800013fc	00000013	addi	x0,x0,0	  x0:0x00000000
       32855000	      3284	80001400	011a6f33	or	x30,x20,x17	 x20:0xffffffff x17:0x80000000 x30=0xffffffff
       32865000	      3285	80001404	ff792713	slti	x14,x18,-9	 x18:0x00000000 x14=0x00000000
       32875000	      3286	80001408	0a95e0b7	lui	x1,0xa95e	  x1=0x0a95e000
       32885000	      3287	8000140c	01be87b3	add	x15,x29,x27	 x29:0x0000078b x27:0x000005d4 x15=0x00000d5f
       32895000	      3288	80001410	1fd6ddb7	lui	x27,0x1fd6d	 x27=0x1fd6d000
       32905000	      3289	80001414	422e2093	slti	x1,x28,1058	 x28:0x0000021d  x1=0x00000001
       32915000	      3290	80001418	09848063	beq	x9,x24,80001498	  x9:0x00000000 x24:0x00000000
       32925000	      3291	00000000	00000013	addi	x0,x0,0	  x0:0x00000000
       32935000	      3292	80001494	00000013	addi	x0,x0,0	  x0:0x00000000
       32945000	      3293	80001498	01b2b733	sltu	x14,x5,x27	  x5:0x00000000 x27:0x1fd6d000 x14=0x00000001
       32955000	      3294	8000149c	fe0022b7	lui	x5,0xfe002	  x5=0xfe002000
       32965000	      3295	800014a0	009abbb3	sltu	x23,x21,x9	 x21:0xfffffc6f  x9:0x00000000 x23=0x00000000
       32975000	      3296	800014a4	40385733	sra	x14,x16,x3	 x16:0xfc00051c  x3:0xffffff3e x14=0xffffffff
       32985000	      3297	800014a8	bcedde97	auipc	x29,0xbcedd	 x29=0x3cede4a4
       32995000	      3298	800014ac	41a55a33	sra	x20,x10,x26	 x10:0x80009f84 x26:0x00000000 x20=0x80009f84
       33005000	      3299	800014b0	01dcf2b3	and	x5,x25,x29	 x25:0xffffff63 x29:0x3cede4a4  x5=0x3cede420
       33015000	      3300	800014b4	5a252d17	auipc	x26,0x5a252	 x26=0xda2534b0
       33025000	      3301	800014b8	0822c093	xori	x1,x5,130	  x5:0x3cede420  x1=0x3cede4a2
       33035000	      3302	800014bc	418f8bb3	sub	x23,x31,x24	 x31:0x00000000 x24:0x00000000 x23=0x00000000
       33045000	      3303	800014c0	03f65a63	bge	x12,x31,800014f4	 x12:0xff242000 x31:0x00000000
       33055000	      3304	800014c4	00a1d213	srli	x4,x3,0xa	  x3:0xffffff3e  x4=0x003fffff
       33065000	      3305	800014c8	751b9197	auipc	x3,0x751b9	  x3=0xf51ba4c4
       33075000	      3306	800014cc	ef31c117	auipc	x2,0xef31c	  x2=0x6f31d4c8
       33085000	      3307	800014d0	05d70863	beq	x14,x29,80001520	 x14:0xffffffff x29:0x3cede4a4
       33095000	      3308	800014d4	00814263	blt	x2,x8,800014d8	  x2:0x6f31d4c8  x8:0xfffffd0c
       33105000	      3309	800014d8	042a0863	beq	x20,x2,80001528	 x20:0x80009f84  x2:0x6f31d4c8
       33115000	      3310	800014dc	1cec2c93	slti	x25,x24,462	 x24:0x00000000 x25=0x00000001
       33125000	      3311	800014e0	40ac0c33	sub	x24,x24,x10	 x24:0x00000000 x10:0x80009f84 x24=0x7fff607c
       33135000	      3312	800014e4	05d5c263	blt	x11,x29,80001528	 x11:0x00000000 x29:0x3cede4a4
       33145000	      3313	00000000	00000013	addi	x0,x0,0	  x0:0x00000000
       33155000	      3314	80001524	00000013	addi	x0,x0,0	  x0:0x00000000
       33165000	      3315	80001528	a4ceea13	ori	x20,x29,-1460	 x29:0x3cede4a4 x20=0xfffffeec
       33175000	      3316	8000152c	41d6d293	srai	x5,x13,0x1d	 x13:0x80009fc4  x5=0xfffffffc
       33185000	      3317	80001530	411e5233	sra	x4,x28,x17	 x28:0x0000021d x17:0x80000000  x4=0x0000021d
       33195000	      3318	80001534	00c9af33	slt	x30,x19,x12	 x19:0x1c846000 x12:0xff242000 x30=0x00000000
       33205000	      3319	80001538	2c652413	slti	x8,x10,710	 x10:0x80009f84  x8=0x00000001
       33215000	      3320	8000153c	6ce8f093	andi	x1,x17,1742	 x17:0x80000000  x1=0x00000000
       33225000	      3321	80001540	018820b3	slt	x1,x16,x24	 x16:0xfc00051c x24:0x7fff607c  x1=0x00000001
       33235000	      3322	80001544	03eb0463	beq	x22,x30,8000156c	 x22:0x8000a388 x30:0x00000000
       33245000	      3323	80001548	a868c493	xori	x9,x17,-1402	 x17:0x80000000  x9=0x7ffffa86
       33255000	      3324	8000154c	d2524993	xori	x19,x4,-731	  x4:0x0000021d x19=0xffffff38
       33265000	      3325	80001550	00160c33	add	x24,x12,x1	 x12:0xff242000  x1:0x00000001 x24=0xff242001
       33275000	      3326	80001554	41c65c33	sra	x24,x12,x28	 x12:0xff242000 x28:0x0000021d x24=0xffffffff
       33285000	      3327	80001558	04481463	bne	x16,x4,800015a0	 x16:0xfc00051c  x4:0x0000021d
       33295000	      3328	00000000	00000013	addi	x0,x0,0	  x0:0x00000000
       33305000	      3329	8000159c	00000013	addi	x0,x0,0	  x0:0x00000000
       33315000	      3330	800015a0	a5634493	xori	x9,x6,-1450	  x6:0x00000001  x9=0xfffffa57
       33325000	      3331	800015a4	99921197	auipc	x3,0x99921	  x3=0x199225a0
       33335000	      3332	800015a8	0034d2b3	srl	x5,x9,x3	  x9:0xfffffa57  x3:0x199225a0  x5=0xfffffa57
       33345000	      3333	800015ac	0036c863	blt	x13,x3,800015bc	 x13:0x80009fc4  x3:0x199225a0
       33355000	      3334	00000000	00000013	addi	x0,x0,0	  x0:0x00000000
       33365000	      3335	800015b8	00000013	addi	x0,x0,0	  x0:0x00000000
       33375000	      3336	800015bc	40e25333	sra	x6,x4,x14	  x4:0x0000021d x14:0xffffffff  x6=0x00000000
       33385000	      3337	800015c0	7826b493	sltiu	x9,x13,1922	 x13:0x80009fc4  x9=0x00000000
       33395000	      3338	800015c4	00af5d13	srli	x26,x30,0xa	 x30:0x00000000 x26=0x00000000
       33405000	      3339	800015c8	00000013	addi	x0,x0,0	  x0:0x00000000
       33415000	      3340	800015cc	a0f8fc97	auipc	x25,0xa0f8f	 x25=0x20f905c8
       33425000	      3341	800015d0	047b4663	blt	x22,x7,8000161c	 x22:0x8000a388  x7:0x8000039d
       33435000	      3342	800015d4	66eee093	ori	x1,x29,1646	 x29:0x3cede4a4  x1=0x3cede6ee
       33445000	      3343	800015d8	00005f93	srli	x31,x0,0x0	  x0:0x00000000 x31=0x00000000
       33455000	      3344	800015dc	0374c863	blt	x9,x23,8000160c	  x9:0x00000000 x23:0x00000000
       33465000	      3345	800015e0	00c30c63	beq	x6,x12,800015f8	  x6:0x00000000 x12:0xff242000
       33475000	      3346	800015e4	38b8a113	slti	x2,x17,907	 x17:0x80000000  x2=0x00000001
       33485000	      3347	800015e8	40865fb3	sra	x31,x12,x8	 x12:0xff242000  x8:0x00000001 x31=0xff921000
       33495000	      3348	800015ec	99f34213	xori	x4,x6,-1633	  x6:0x00000000  x4=0xfffff99f
       33505000	      3349	800015f0	02fc7a63	bgeu	x24,x15,80001624	 x24:0xffffffff x15:0x00000d5f
       33515000	      3350	00000000	00000013	addi	x0,x0,0	  x0:0x00000000
       33525000	      3351	80001620	00000013	addi	x0,x0,0	  x0:0x00000000
       33535000	      3352	80001624	01a15e93	srli	x29,x2,0x1a	  x2:0x00000001 x29=0x00000000
       33545000	      3353	80001628	00000013	addi	x0,x0,0	  x0:0x00000000
       33555000	      3354	8000162c	4d58b013	sltiu	x0,x17,1237	 x17:0x80000000
       33565000	      3355	80001630	04236463	bltu	x6,x2,80001678	  x6:0x00000000  x2:0x00000001
       33575000	      3356	00000000	00000013	addi	x0,x0,0	  x0:0x00000000
       33585000	      3357	80001674	00000013	addi	x0,x0,0	  x0:0x00000000
       33595000	      3358	80001678	00000013	addi	x0,x0,0	  x0:0x00000000
       33605000	      3359	8000167c	d78cd237	lui	x4,0xd78cd	  x4=0xd78cd000
       33615000	      3360	80001680	007bfd33	and	x26,x23,x7	 x23:0x00000000  x7:0x8000039d x26=0x00000000
       33625000	      3361	80001684	01342033	slt	x0,x8,x19	  x8:0x00000001 x19:0xffffff38
       33635000	      3362	80001688	02a35863	bge	x6,x10,800016b8	  x6:0x00000000 x10:0x80009f84
       33645000	      3363	00000000	00000013	addi	x0,x0,0	  x0:0x00000000
       33655000	      3364	800016b4	00000013	addi	x0,x0,0	  x0:0x00000000
       33665000	      3365	800016b8	006bad33	slt	x26,x23,x6	 x23:0x00000000  x6:0x00000000 x26=0x00000000
       33675000	      3366	800016bc	a7c6c217	auipc	x4,0xa7c6c	  x4=0x27c6d6b8
       33685000	      3367	800016c0	cbfbdfb7	lui	x31,0xcbfbd	 x31=0xcbfbd000
       33695000	      3368	800016c4	00563db3	sltu	x27,x12,x5	 x12:0xff242000  x5:0xfffffa57 x27=0x00000001
       33705000	      3369	800016c8	1240f397	auipc	x7,0x1240f	  x7=0x924106c4
       33715000	      3370	800016cc	03e16a63	bltu	x2,x30,80001700	  x2:0x00000001 x30:0x00000000
       33725000	      3371	800016d0	0099ab33	slt	x22,x19,x9	 x19:0xffffff38  x9:0x00000000 x22=0x00000001
       33735000	      3372	800016d4	027d0063	beq	x26,x7,800016f4	 x26:0x00000000  x7:0x924106c4
       33745000	      3373	800016d8	41f35613	srai	x12,x6,0x1f	  x6:0x00000000 x12=0x00000000
       33755000	      3374	800016dc	40675b13	srai	x22,x14,0x6	 x14:0xffffffff x22=0xffffffff
       33765000	      3375	800016e0	00000013	addi	x0,x0,0	  x0:0x00000000
       33775000	      3376	800016e4	00b75863	bge	x14,x11,800016f4	 x14:0xffffffff x11:0x00000000
       33785000	      3377	800016e8	02a78e63	beq	x15,x10,80001724	 x15:0x00000d5f x10:0x80009f84
       33795000	      3378	800016ec	566b6c17	auipc	x24,0x566b6	 x24=0xd66b76e8
       33805000	      3379	800016f0	3d63ef13	ori	x30,x7,982	  x7:0x924106c4 x30=0x924107d6
       33815000	      3380	800016f4	00128c63	beq	x5,x1,8000170c	  x5:0xfffffa57  x1:0x3cede6ee
       33825000	      3381	800016f8	de0f6a13	ori	x20,x30,-544	 x30:0x924107d6 x20=0xfffffff6
       33835000	      3382	800016fc	01bf2fb3	slt	x31,x30,x27	 x30:0x924107d6 x27:0x00000001 x31=0x00000001
       33845000	      3383	80001700	d3066713	ori	x14,x12,-720	 x12:0x00000000 x14=0xfffffd30
       33855000	      3384	80001704	1c724c97	auipc	x25,0x1c724	 x25=0x9c725700
       33865000	      3385	80001708	01fff833	and	x16,x31,x31	 x31:0x00000001 x31:0x00000001 x16=0x00000001
       33875000	      3386	8000170c	00000013	addi	x0,x0,0	  x0:0x00000000
       33885000	      3387	80001710	66ae8497	auipc	x9,0x66ae8	  x9=0xe6ae970c
       33895000	      3388	80001714	00c68ab3	add	x21,x13,x12	 x13:0x80009fc4 x12:0x00000000 x21=0x80009fc4
       33905000	      3389	80001718	00451863	bne	x10,x4,80001728	 x10:0x80009f84  x4:0x27c6d6b8
       33915000	      3390	00000000	00000013	addi	x0,x0,0	  x0:0x00000000
       33925000	      3391	80001724	00000013	addi	x0,x0,0	  x0:0x00000000
       33935000	      3392	80001728	03abd063	bge	x23,x26,80001748	 x23:0x00000000 x26:0x00000000
       33945000	      3393	00000000	00000013	addi	x0,x0,0	  x0:0x00000000
       33955000	      3394	80001744	00000013	addi	x0,x0,0	  x0:0x00000000
       33965000	      3395	80001748	405d5d33	sra	x26,x26,x5	 x26:0x00000000  x5:0xfffffa57 x26=0x00000000
       33975000	      3396	8000174c	13a62f13	slti	x30,x12,314	 x12:0x00000000 x30=0x00000001
       33985000	      3397	80001750	e53a2e13	slti	x28,x20,-429	 x20:0xfffffff6 x28=0x00000000
       33995000	      3398	80001754	06295463	bge	x18,x2,800017bc	 x18:0x00000000  x2:0x00000001
       34005000	      3399	80001758	00201e93	slli	x29,x0,0x2	  x0:0x00000000 x29=0x00000000
       34015000	      3400	8000175c	06930063	beq	x6,x9,800017bc	  x6:0x00000000  x9:0xe6ae970c
       34025000	      3401	80001760	2e227d93	andi	x27,x4,738	  x4:0x27c6d6b8 x27=0x000002a0
       34035000	      3402	80001764	0963e263	bltu	x7,x22,800017e8	  x7:0x924106c4 x22:0xffffffff
       34045000	      3403	00000000	00000013	addi	x0,x0,0	  x0:0x00000000
       34055000	      3404	800017e4	00000013	addi	x0,x0,0	  x0:0x00000000
       34065000	      3405	800017e8	0193c133	xor	x2,x7,x25	  x7:0x924106c4 x25:0x9c725700  x2=0x0e3351c4
       34075000	      3406	800017ec	00e09233	sll	x4,x1,x14	  x1:0x3cede6ee x14:0xfffffd30  x4=0xe6ee0000
       34085000	      3407	800017f0	8632d037	lui	x0,0x8632d	
       34095000	      3408	800017f4	00fd5b13	srli	x22,x26,0xf	 x26:0x00000000 x22=0x00000000
       34105000	      3409	800017f8	02a97c63	bgeu	x18,x10,80001830	 x18:0x00000000 x10:0x80009f84
       34115000	      3410	800017fc	dfff7713	andi	x14,x30,-513	 x30:0x00000001 x14=0x00000001
       34125000	      3411	80001800	058fd663	bge	x31,x24,8000184c	 x31:0x00000001 x24:0xd66b76e8
       34135000	      3412	00000000	00000013	addi	x0,x0,0	  x0:0x00000000
       34145000	      3413	80001848	00000013	addi	x0,x0,0	  x0:0x00000000
       34155000	      3414	8000184c	00d0c2b3	xor	x5,x1,x13	  x1:0x3cede6ee x13:0x80009fc4  x5=0xbced792a
       34165000	      3415	80001850	0074ea63	bltu	x9,x7,80001864	  x9:0xe6ae970c  x7:0x924106c4
       34175000	      3416	80001854	00d2b0b3	sltu	x1,x5,x13	  x5:0xbced792a x13:0x80009fc4  x1=0x00000000
       34185000	      3417	80001858	f02d22b7	lui	x5,0xf02d2	  x5=0xf02d2000
       34195000	      3418	8000185c	019ef733	and	x14,x29,x25	 x29:0x00000000 x25:0x9c725700 x14=0x00000000
       34205000	      3419	80001860	01704c33	xor	x24,x0,x23	  x0:0x00000000 x23:0x00000000 x24=0x00000000
       34215000	      3420	80001864	00ff2c33	slt	x24,x30,x15	 x30:0x00000001 x15:0x00000d5f x24=0x00000001
       34225000	      3421	80001868	037f8c63	beq	x31,x23,800018a0	 x31:0x00000001 x23:0x00000000
       34235000	      3422	8000186c	014f3033	sltu	x0,x30,x20	 x30:0x00000001 x20:0xfffffff6
       34245000	      3423	80001870	00337263	bgeu	x6,x3,80001874	  x6:0x00000000  x3:0x199225a0
       34255000	      3424	80001874	006dd913	srli	x18,x27,0x6	 x27:0x000002a0 x18=0x0000000a
       34265000	      3425	80001878	05483f13	sltiu	x30,x16,84	 x16:0x00000001 x30=0x00000001
       34275000	      3426	8000187c	4190d213	srai	x4,x1,0x19	  x1:0x00000000  x4=0x00000000
       34285000	      3427	80001880	017f5bb3	srl	x23,x30,x23	 x30:0x00000001 x23:0x00000000 x23=0x00000001
       34295000	      3428	80001884	058c5663	bge	x24,x24,800018d0	 x24:0x00000001 x24:0x00000001
       34305000	      3429	00000000	00000013	addi	x0,x0,0	  x0:0x00000000
       34315000	      3430	800018cc	00000013	addi	x0,x0,0	  x0:0x00000000
       34325000	      3431	800018d0	01c28a33	add	x20,x5,x28	  x5:0xf02d2000 x28:0x00000000 x20=0xf02d2000
       34335000	      3432	800018d4	40db0833	sub	x16,x22,x13	 x22:0x00000000 x13:0x80009fc4 x16=0x7fff603c
       34345000	      3433	800018d8	04259863	bne	x11,x2,80001928	 x11:0x00000000  x2:0x0e3351c4
       34355000	      3434	00000000	00000013	addi	x0,x0,0	  x0:0x00000000
       34365000	      3435	80001924	00000013	addi	x0,x0,0	  x0:0x00000000
       34375000	      3436	80001928	01355433	srl	x8,x10,x19	 x10:0x80009f84 x19:0xffffff38  x8=0x00000080
       34385000	      3437	8000192c	67897737	lui	x14,0x67897	 x14=0x67897000
       34395000	      3438	80001930	b6053713	sltiu	x14,x10,-1184	 x10:0x80009f84 x14=0x00000001
       34405000	      3439	80001934	05c15263	bge	x2,x28,80001978	  x2:0x0e3351c4 x28:0x00000000
       34415000	      3440	00000000	00000013	addi	x0,x0,0	  x0:0x00000000
       34425000	      3441	80001974	00000013	addi	x0,x0,0	  x0:0x00000000
       34435000	      3442	80001978	00b4c933	xor	x18,x9,x11	  x9:0xe6ae970c x11:0x00000000 x18=0xe6ae970c
       34445000	      3443	8000197c	01885d13	srli	x26,x16,0x18	 x16:0x7fff603c x26=0x0000007f
       34455000	      3444	80001980	43389c17	auipc	x24,0x43389	 x24=0xc338a97c
       34465000	      3445	80001984	03800cef	jal	x25,80001984	 x25=0x80001984
       34475000	      3446	00000000	00000013	addi	x0,x0,0	  x0:0x00000000
       34485000	      3447	800019b8	00000013	addi	x0,x0,0	  x0:0x00000000
       34495000	      3448	800019bc	fe9ffe6f	jal	x28,800019bc	 x28=0x800019bc
       34505000	      3449	00000000	00000013	addi	x0,x0,0	  x0:0x00000000
       34515000	      3450	800019a0	00000013	addi	x0,x0,0	  x0:0x00000000
       34525000	      3451	800019a4	028000ef	jal	x1,800019a4	  x1=0x800019a4
       34535000	      3452	00000000	00000013	addi	x0,x0,0	  x0:0x00000000
       34545000	      3453	800019c8	00000013	addi	x0,x0,0	  x0:0x00000000
       34555000	      3454	800019cc	ffdff0ef	jal	x1,800019cc	  x1=0x800019cc
       34565000	      3455	00000000	00000013	addi	x0,x0,0	  x0:0x00000000
       34575000	      3456	800019c4	00000013	addi	x0,x0,0	  x0:0x00000000
       34585000	      3457	800019c8	fd5ff96f	jal	x18,800019c8	 x18=0x800019c8
       34595000	      3458	00000000	00000013	addi	x0,x0,0	  x0:0x00000000
       34605000	      3459	80001998	00000013	addi	x0,x0,0	  x0:0x00000000
       34615000	      3460	8000199c	ff1ffdef	jal	x27,8000199c	 x27=0x8000199c
       34625000	      3461	00000000	00000013	addi	x0,x0,0	  x0:0x00000000
       34635000	      3462	80001988	00000013	addi	x0,x0,0	  x0:0x00000000
       34645000	      3463	8000198c	028000ef	jal	x1,8000198c	  x1=0x8000198c
       34655000	      3464	00000000	00000013	addi	x0,x0,0	  x0:0x00000000
       34665000	      3465	800019b0	00000013	addi	x0,x0,0	  x0:0x00000000
       34675000	      3466	800019b4	fe5ff1ef	jal	x3,800019b4	  x3=0x800019b4
       34685000	      3467	00000000	00000013	addi	x0,x0,0	  x0:0x00000000
       34695000	      3468	80001994	00000013	addi	x0,x0,0	  x0:0x00000000
       34705000	      3469	80001998	0140036f	jal	x6,80001998	  x6=0x80001998
       34715000	      3470	00000000	00000013	addi	x0,x0,0	  x0:0x00000000
       34725000	      3471	800019a8	00000013	addi	x0,x0,0	  x0:0x00000000
       34735000	      3472	800019ac	fe5ff46f	jal	x8,800019ac	  x8=0x800019ac
       34745000	      3473	00000000	00000013	addi	x0,x0,0	  x0:0x00000000
       34755000	      3474	8000198c	00000013	addi	x0,x0,0	  x0:0x00000000
       34765000	      3475	80001990	0180036f	jal	x6,80001990	  x6=0x80001990
       34775000	      3476	00000000	00000013	addi	x0,x0,0	  x0:0x00000000
       34785000	      3477	800019a4	00000013	addi	x0,x0,0	  x0:0x00000000
       34795000	      3478	800019a8	0100036f	jal	x6,800019a8	  x6=0x800019a8
       34805000	      3479	00000000	00000013	addi	x0,x0,0	  x0:0x00000000
       34815000	      3480	800019b4	00000013	addi	x0,x0,0	  x0:0x00000000
       34825000	      3481	800019b8	01800e6f	jal	x28,800019b8	 x28=0x800019b8
       34835000	      3482	00000000	00000013	addi	x0,x0,0	  x0:0x00000000
       34845000	      3483	800019cc	00000013	addi	x0,x0,0	  x0:0x00000000
       34855000	      3484	800019d0	fc5ff36f	jal	x6,800019d0	  x6=0x800019d0
       34865000	      3485	00000000	00000013	addi	x0,x0,0	  x0:0x00000000
       34875000	      3486	80001990	00000013	addi	x0,x0,0	  x0:0x00000000
       34885000	      3487	80001994	00c0036f	jal	x6,80001994	  x6=0x80001994
       34895000	      3488	00000000	00000013	addi	x0,x0,0	  x0:0x00000000
       34905000	      3489	8000199c	00000013	addi	x0,x0,0	  x0:0x00000000
       34915000	      3490	800019a0	0200076f	jal	x14,800019a0	 x14=0x800019a0
       34925000	      3491	00000000	00000013	addi	x0,x0,0	  x0:0x00000000
       34935000	      3492	800019bc	00000013	addi	x0,x0,0	  x0:0x00000000
       34945000	      3493	800019c0	ff1fffef	jal	x31,800019c0	 x31=0x800019c0
       34955000	      3494	00000000	00000013	addi	x0,x0,0	  x0:0x00000000
       34965000	      3495	800019ac	00000013	addi	x0,x0,0	  x0:0x00000000
       34975000	      3496	800019b0	014000ef	jal	x1,800019b0	  x1=0x800019b0
       34985000	      3497	00000000	00000013	addi	x0,x0,0	  x0:0x00000000
       34995000	      3498	800019c0	00000013	addi	x0,x0,0	  x0:0x00000000
       35005000	      3499	800019c4	fc5ff36f	jal	x6,800019c4	  x6=0x800019c4
       35015000	      3500	00000000	00000013	addi	x0,x0,0	  x0:0x00000000
       35025000	      3501	80001984	00000013	addi	x0,x0,0	  x0:0x00000000
       35035000	      3502	80001988	04c0036f	jal	x6,80001988	  x6=0x80001988
       35045000	      3503	00000000	00000013	addi	x0,x0,0	  x0:0x00000000
       35055000	      3504	800019d0	00000013	addi	x0,x0,0	  x0:0x00000000
       35065000	      3505	800019d4	00000013	addi	x0,x0,0	  x0:0x00000000
       35075000	      3506	800019d8	00000013	addi	x0,x0,0	  x0:0x00000000
       35085000	      3507	800019dc	f0b04113	xori	x2,x0,-245	  x0:0x00000000  x2=0xffffff0b
       35095000	      3508	800019e0	00000013	addi	x0,x0,0	  x0:0x00000000
       35105000	      3509	800019e4	00000013	addi	x0,x0,0	  x0:0x00000000
       35115000	      3510	800019e8	40735833	sra	x16,x6,x7	  x6:0x80001988  x7:0x924106c4 x16=0xf8000198
       35125000	      3511	800019ec	0119b933	sltu	x18,x19,x17	 x19:0xffffff38 x17:0x80000000 x18=0x00000000
       35135000	      3512	800019f0	022a2213	slti	x4,x20,34	 x20:0xf02d2000  x4=0x00000001
       35145000	      3513	800019f4	82dbf493	andi	x9,x23,-2003	 x23:0x00000001  x9=0x00000001
       35155000	      3514	800019f8	0cda5063	bge	x20,x13,80001ab8	 x20:0xf02d2000 x13:0x80009fc4
       35165000	      3515	00000000	00000013	addi	x0,x0,0	  x0:0x00000000
       35175000	      3516	80001ab4	00000013	addi	x0,x0,0	  x0:0x00000000
       35185000	      3517	80001ab8	00000013	addi	x0,x0,0	  x0:0x00000000
       35195000	      3518	80001abc	021a5463	bge	x20,x1,80001ae4	 x20:0xf02d2000  x1:0x800019b0
       35205000	      3519	00000000	00000013	addi	x0,x0,0	  x0:0x00000000
       35215000	      3520	80001ae0	00000013	addi	x0,x0,0	  x0:0x00000000
       35225000	      3521	80001ae4	400f5c93	srai	x25,x30,0x0	 x30:0x00000001 x25=0x00000001
       35235000	      3522	80001ae8	01754f33	xor	x30,x10,x23	 x10:0x80009f84 x23:0x00000001 x30=0x80009f85
       35245000	      3523	80001aec	1fbb3d93	sltiu	x27,x22,507	 x22:0x00000000 x27=0x00000001
       35255000	      3524	80001af0	05161463	bne	x12,x17,80001b38	 x12:0x00000000 x17:0x80000000
       35265000	      3525	00000000	00000013	addi	x0,x0,0	  x0:0x00000000
       35275000	      3526	80001b34	00000013	addi	x0,x0,0	  x0:0x00000000
       35285000	      3527	80001b38	d88f6a93	ori	x21,x30,-632	 x30:0x80009f85 x21=0xffffff8d
       35295000	      3528	80001b3c	41e35e13	srai	x28,x6,0x1e	  x6:0x80001988 x28=0xfffffffe
       35305000	      3529	80001b40	009fe633	or	x12,x31,x9	 x31:0x800019c0  x9:0x00000001 x12=0x800019c1
       35315000	      3530	80001b44	010879b3	and	x19,x16,x16	 x16:0xf8000198 x16:0xf8000198 x19=0xf8000198
       35325000	      3531	80001b48	00d45913	srli	x18,x8,0xd	  x8:0x800019ac x18=0x00040000
       35335000	      3532	80001b4c	01759863	bne	x11,x23,80001b5c	 x11:0x00000000 x23:0x00000001
       35345000	      3533	00000000	00000013	addi	x0,x0,0	  x0:0x00000000
       35355000	      3534	80001b58	00000013	addi	x0,x0,0	  x0:0x00000000
       35365000	      3535	80001b5c	0027c833	xor	x16,x15,x2	 x15:0x00000d5f  x2:0xffffff0b x16=0xfffff254
       35375000	      3536	80001b60	01f69c13	slli	x24,x13,0x1f	 x13:0x80009fc4 x24=0x00000000
       35385000	      3537	80001b64	014f0d33	add	x26,x30,x20	 x30:0x80009f85 x20:0xf02d2000 x26=0x702dbf85
       35395000	      3538	80001b68	01d53cb3	sltu	x25,x10,x29	 x10:0x80009f84 x29:0x00000000 x25=0x00000000
       35405000	      3539	80001b6c	00e2c463	blt	x5,x14,80001b74	  x5:0xf02d2000 x14:0x800019a0
       35415000	      3540	80001b70	02daf863	bgeu	x21,x13,80001ba0	 x21:0xffffff8d x13:0x80009fc4
       35425000	      3541	00000000	00000013	addi	x0,x0,0	  x0:0x00000000
       35435000	      3542	80001b9c	00000013	addi	x0,x0,0	  x0:0x00000000
       35445000	      3543	80001ba0	00374c63	blt	x14,x3,80001bb8	 x14:0x800019a0  x3:0x800019b4
       35455000	      3544	00000000	00000013	addi	x0,x0,0	  x0:0x00000000
       35465000	      3545	80001bb4	00000013	addi	x0,x0,0	  x0:0x00000000
       35475000	      3546	80001bb8	00025c63	bge	x4,x0,80001bd0	  x4:0x00000001  x0:0x00000000
       35485000	      3547	00000000	00000013	addi	x0,x0,0	  x0:0x00000000
       35495000	      3548	80001bcc	00000013	addi	x0,x0,0	  x0:0x00000000
       35505000	      3549	80001bd0	00c23c33	sltu	x24,x4,x12	  x4:0x00000001 x12:0x800019c1 x24=0x00000001
       35515000	      3550	80001bd4	00916933	or	x18,x2,x9	  x2:0xffffff0b  x9:0x00000001 x18=0xffffff0b
       35525000	      3551	80001bd8	045d9863	bne	x27,x5,80001c28	 x27:0x00000001  x5:0xf02d2000
       35535000	      3552	00000000	00000013	addi	x0,x0,0	  x0:0x00000000
       35545000	      3553	80001c24	00000013	addi	x0,x0,0	  x0:0x00000000
       35555000	      3554	80001c28	02e30c63	beq	x6,x14,80001c60	  x6:0x80001988 x14:0x800019a0
       35565000	      3555	80001c2c	41030233	sub	x4,x6,x16	  x6:0x80001988 x16:0xfffff254  x4=0x80002734
       35575000	      3556	80001c30	17e2a017	auipc	x0,0x17e2a	
       35585000	      3557	80001c34	02dc6a63	bltu	x24,x13,80001c68	 x24:0x00000001 x13:0x80009fc4
       35595000	      3558	00000000	00000013	addi	x0,x0,0	  x0:0x00000000
       35605000	      3559	80001c64	00000013	addi	x0,x0,0	  x0:0x00000000
       35615000	      3560	80001c68	4172dc33	sra	x24,x5,x23	  x5:0xf02d2000 x23:0x00000001 x24=0xf8169000
       35625000	      3561	80001c6c	b363f793	andi	x15,x7,-1226	  x7:0x924106c4 x15=0x92410204
       35635000	      3562	80001c70	00000013	addi	x0,x0,0	  x0:0x00000000
       35645000	      3563	80001c74	02d37e63	bgeu	x6,x13,80001cb0	  x6:0x80001988 x13:0x80009fc4
       35655000	      3564	80001c78	00b5ec63	bltu	x11,x11,80001c90	 x11:0x00000000 x11:0x00000000
       35665000	      3565	80001c7c	4177d013	srai	x0,x15,0x17	 x15:0x92410204
       35675000	      3566	80001c80	d636eb93	ori	x23,x13,-669	 x13:0x80009fc4 x23=0xffffffe7
       35685000	      3567	80001c84	01694333	xor	x6,x18,x22	 x18:0xffffff0b x22:0x00000000  x6=0xffffff0b
       35695000	      3568	80001c88	01531233	sll	x4,x6,x21	  x6:0xffffff0b x21:0xffffff8d  x4=0xffe16000
       35705000	      3569	80001c8c	010585b3	add	x11,x11,x16	 x11:0x00000000 x16:0xfffff254 x11=0xfffff254
       35715000	      3570	80001c90	0fd7b713	sltiu	x14,x15,253	 x15:0x92410204 x14=0x00000000
       35725000	      3571	80001c94	00f91913	slli	x18,x18,0xf	 x18:0xffffff0b x18=0xff858000
       35735000	      3572	80001c98	01307033	and	x0,x0,x19	  x0:0x00000000 x19:0xf8000198
       35745000	      3573	80001c9c	41c18a33	sub	x20,x3,x28	  x3:0x800019b4 x28:0xfffffffe x20=0x800019b6
       35755000	      3574	80001ca0	03567b93	andi	x23,x12,53	 x12:0x800019c1 x23=0x00000001
       35765000	      3575	80001ca4	01712eb3	slt	x29,x2,x23	  x2:0xffffff0b x23:0x00000001 x29=0x00000001
       35775000	      3576	80001ca8	01deab33	slt	x22,x29,x29	 x29:0x00000001 x29:0x00000001 x22=0x00000000
       35785000	      3577	80001cac	00189093	slli	x1,x17,0x1	 x17:0x80000000  x1=0x00000000
       35795000	      3578	80001cb0	015e9713	slli	x14,x29,0x15	 x29:0x00000001 x14=0x00200000
       35805000	      3579	80001cb4	0caa4663	blt	x20,x10,80001d80	 x20:0x800019b6 x10:0x80009f84
       35815000	      3580	00000000	00000013	addi	x0,x0,0	  x0:0x00000000
       35825000	      3581	80001d7c	00000013	addi	x0,x0,0	  x0:0x00000000
       35835000	      3582	80001d80	05d28663	beq	x5,x29,80001dcc	  x5:0xf02d2000 x29:0x00000001
       35845000	      3583	80001d84	00000013	addi	x0,x0,0	  x0:0x00000000
       35855000	      3584	80001d88	eedd8713	addi	x14,x27,-275	 x27:0x00000001 x14=0xfffffeee
       35865000	      3585	80001d8c	0171f2b3	and	x5,x3,x23	  x3:0x800019b4 x23:0x00000001  x5=0x00000000
       35875000	      3586	80001d90	00e29733	sll	x14,x5,x14	  x5:0x00000000 x14:0xfffffeee x14=0x00000000
       35885000	      3587	80001d94	0020b033	sltu	x0,x1,x2	  x1:0x00000000  x2:0xffffff0b
       35895000	      3588	80001d98	0184bc33	sltu	x24,x9,x24	  x9:0x00000001 x24:0xf8169000 x24=0x00000001
       35905000	      3589	80001d9c	01c3f7b3	and	x15,x7,x28	  x7:0x924106c4 x28:0xfffffffe x15=0x924106c4
       35915000	      3590	80001da0	03c37e63	bgeu	x6,x28,80001ddc	  x6:0xffffff0b x28:0xfffffffe
       35925000	      3591	80001da4	82e4ce13	xori	x28,x9,-2002	  x9:0x00000001 x28=0xfffff82f
       35935000	      3592	80001da8	013ec0b3	xor	x1,x29,x19	 x29:0x00000001 x19:0xf8000198  x1=0xf8000199
       35945000	      3593	80001dac	0041c933	xor	x18,x3,x4	  x3:0x800019b4  x4:0xffe16000 x18=0x7fe179b4
       35955000	      3594	80001db0	00000013	addi	x0,x0,0	  x0:0x00000000
       35965000	      3595	80001db4	41e50b33	sub	x22,x10,x30	 x10:0x80009f84 x30:0x80009f85 x22=0xffffffff
       35975000	      3596	80001db8	00ce9bb3	sll	x23,x29,x12	 x29:0x00000001 x12:0x800019c1 x23=0x00000002
       35985000	      3597	80001dbc	41618c33	sub	x24,x3,x22	  x3:0x800019b4 x22:0xffffffff x24=0x800019b5
       35995000	      3598	80001dc0	01d50863	beq	x10,x29,80001dd0	 x10:0x80009f84 x29:0x00000001
       36005000	      3599	80001dc4	7f728717	auipc	x14,0x7f728	 x14=0xff729dc0
       36015000	      3600	80001dc8	40e15c13	srai	x24,x2,0xe	  x2:0xffffff0b x24=0xffffffff
       36025000	      3601	80001dcc	05945463	bge	x8,x25,80001e14	  x8:0x800019ac x25:0x00000000
       36035000	      3602	80001dd0	016281b3	add	x3,x5,x22	  x5:0x00000000 x22:0xffffffff  x3=0xffffffff
       36045000	      3603	80001dd4	f24f7737	lui	x14,0xf24f7	 x14=0xf24f7000
       36055000	      3604	80001dd8	04ff6863	bltu	x30,x15,80001e28	 x30:0x80009f85 x15:0x924106c4
       36065000	      3605	00000000	00000013	addi	x0,x0,0	  x0:0x00000000
       36075000	      3606	80001e24	00000013	addi	x0,x0,0	  x0:0x00000000
       36085000	      3607	80001e28	05509663	bne	x1,x21,80001e74	  x1:0xf8000199 x21:0xffffff8d
       36095000	      3608	00000000	00000013	addi	x0,x0,0	  x0:0x00000000
       36105000	      3609	80001e70	00000013	addi	x0,x0,0	  x0:0x00000000
       36115000	      3610	80001e74	21ce6793	ori	x15,x28,540	 x28:0xfffff82f x15=0xfffffa3f
       36125000	      3611	80001e78	00000013	addi	x0,x0,0	  x0:0x00000000
       36135000	      3612	80001e7c	00000013	addi	x0,x0,0	  x0:0x00000000
       36145000	      3613	80001e80	41e6dc93	srai	x25,x13,0x1e	 x13:0x80009fc4 x25=0xfffffffe
       36155000	      3614	80001e84	03ef8063	beq	x31,x30,80001ea4	 x31:0x800019c0 x30:0x80009f85
       36165000	      3615	80001e88	01428263	beq	x5,x20,80001e8c	  x5:0x00000000 x20:0x800019b6
       36175000	      3616	80001e8c	01acbc33	sltu	x24,x25,x26	 x25:0xfffffffe x26:0x702dbf85 x24=0x00000000
       36185000	      3617	80001e90	0058fab3	and	x21,x17,x5	 x17:0x80000000  x5:0x00000000 x21=0x00000000
       36195000	      3618	80001e94	00295d93	srli	x27,x18,0x2	 x18:0x7fe179b4 x27=0x1ff85e6d
       36205000	      3619	80001e98	01cc6863	bltu	x24,x28,80001ea8	 x24:0x00000000 x28:0xfffff82f
       36215000	      3620	00000000	00000013	addi	x0,x0,0	  x0:0x00000000
       36225000	      3621	80001ea4	00000013	addi	x0,x0,0	  x0:0x00000000
       36235000	      3622	80001ea8	01ed93b3	sll	x7,x27,x30	 x27:0x1ff85e6d x30:0x80009f85  x7=0xff0bcda0
       36245000	      3623	80001eac	01a65033	srl	x0,x12,x26	 x12:0x800019c1 x26:0x702dbf85
       36255000	      3624	80001eb0	00147c33	and	x24,x8,x1	  x8:0x800019ac  x1:0xf8000199 x24=0x80000188
       36265000	      3625	80001eb4	00212333	slt	x6,x2,x2	  x2:0xffffff0b  x2:0xffffff0b  x6=0x00000000
       36275000	      3626	80001eb8	0beb8113	addi	x2,x23,190	 x23:0x00000002  x2=0x000000c0
       36285000	      3627	80001ebc	07a75e63	bge	x14,x26,80001f38	 x14:0xf24f7000 x26:0x702dbf85
       36295000	      3628	80001ec0	40178a33	sub	x20,x15,x1	 x15:0xfffffa3f  x1:0xf8000199 x20=0x07fff8a6
       36305000	      3629	80001ec4	01246f33	or	x30,x8,x18	  x8:0x800019ac x18:0x7fe179b4 x30=0xffe179bc
       36315000	      3630	80001ec8	00d4a933	slt	x18,x9,x13	  x9:0x00000001 x13:0x80009fc4 x18=0x00000000
       36325000	      3631	80001ecc	017f5cb3	srl	x25,x30,x23	 x30:0xffe179bc x23:0x00000002 x25=0x3ff85e6f
       36335000	      3632	80001ed0	065e6e63	bltu	x28,x5,80001f4c	 x28:0xfffff82f  x5:0x00000000
       36345000	      3633	80001ed4	055e0e63	beq	x28,x21,80001f30	 x28:0xfffff82f x21:0x00000000
       36355000	      3634	80001ed8	00a35d13	srli	x26,x6,0xa	  x6:0x00000000 x26=0x00000000
       36365000	      3635	80001edc	06841863	bne	x8,x8,80001f4c	  x8:0x800019ac  x8:0x800019ac
       36375000	      3636	80001ee0	016764b3	or	x9,x14,x22	 x14:0xf24f7000 x22:0xffffffff  x9=0xffffffff
       36385000	      3637	80001ee4	06dc1463	bne	x24,x13,80001f4c	 x24:0x80000188 x13:0x80009fc4
       36395000	      3638	00000000	00000013	addi	x0,x0,0	  x0:0x00000000
       36405000	      3639	80001f48	00000013	addi	x0,x0,0	  x0:0x00000000
       36415000	      3640	80001f4c	004460b3	or	x1,x8,x4	  x8:0x800019ac  x4:0xffe16000  x1=0xffe179ac
       36425000	      3641	80001f50	00be3fb3	sltu	x31,x28,x11	 x28:0xfffff82f x11:0xfffff254 x31=0x00000000
       36435000	      3642	80001f54	63b8ccb7	lui	x25,0x63b8c	 x25=0x63b8c000
       36445000	      3643	80001f58	08c27713	andi	x14,x4,140	  x4:0xffe16000 x14=0x00000000
       36455000	      3644	80001f5c	00ae4c63	blt	x28,x10,80001f74	 x28:0xfffff82f x10:0x80009f84
       36465000	      3645	80001f60	0152d413	srli	x8,x5,0x15	  x5:0x00000000  x8=0x00000000
       36475000	      3646	80001f64	0c324d97	auipc	x27,0xc324	 x27=0x8c325f60
       36485000	      3647	80001f68	02d79a63	bne	x15,x13,80001f9c	 x15:0xfffffa3f x13:0x80009fc4
       36495000	      3648	00000000	00000013	addi	x0,x0,0	  x0:0x00000000
       36505000	      3649	80001f98	00000013	addi	x0,x0,0	  x0:0x00000000
       36515000	      3650	80001f9c	012a5113	srli	x2,x20,0x12	 x20:0x07fff8a6  x2=0x000001ff
       36525000	      3651	80001fa0	1ea4e493	ori	x9,x9,490	  x9:0xffffffff  x9=0xffffffff
       36535000	      3652	80001fa4	00fdcc63	blt	x27,x15,80001fbc	 x27:0x8c325f60 x15:0xfffffa3f
       36545000	      3653	00000000	00000013	addi	x0,x0,0	  x0:0x00000000
       36555000	      3654	80001fb8	00000013	addi	x0,x0,0	  x0:0x00000000
       36565000	      3655	80001fbc	00c21a93	slli	x21,x4,0xc	  x4:0xffe16000 x21=0x16000000
       36575000	      3656	80001fc0	00b50833	add	x16,x10,x11	 x10:0x80009f84 x11:0xfffff254 x16=0x800091d8
       36585000	      3657	80001fc4	21b5ecb7	lui	x25,0x21b5e	 x25=0x21b5e000
       36595000	      3658	80001fc8	005c1a63	bne	x24,x5,80001fdc	 x24:0x80000188  x5:0x00000000
       36605000	      3659	00000000	00000013	addi	x0,x0,0	  x0:0x00000000
       36615000	      3660	80001fd8	00000013	addi	x0,x0,0	  x0:0x00000000
       36625000	      3661	80001fdc	01368463	beq	x13,x19,80001fe4	 x13:0x80009fc4 x19:0xf8000198
       36635000	      3662	80001fe0	0188abb3	slt	x23,x17,x24	 x17:0x80000000 x24:0x80000188 x23=0x00000001
       36645000	      3663	80001fe4	00000013	addi	x0,x0,0	  x0:0x00000000
       36655000	      3664	80001fe8	024d4463	blt	x26,x4,80002010	 x26:0x00000000  x4:0xffe16000
       36665000	      3665	80001fec	0fe1e293	ori	x5,x3,254	  x3:0xffffffff  x5=0xffffffff
       36675000	      3666	80001ff0	00616a33	or	x20,x2,x6	  x2:0x000001ff  x6:0x00000000 x20=0x000001ff
       36685000	      3667	80001ff4	01f791b3	sll	x3,x15,x31	 x15:0xfffffa3f x31:0x00000000  x3=0xfffffa3f
       36695000	      3668	80001ff8	b2552c13	slti	x24,x10,-1243	 x10:0x80009f84 x24=0x00000001
       36705000	      3669	80001ffc	c6e24ab7	lui	x21,0xc6e24	 x21=0xc6e24000
       36715000	      3670	80002000	013f0a63	beq	x30,x19,80002014	 x30:0xffe179bc x19:0xf8000198
       36725000	      3671	80002004	9d607113	andi	x2,x0,-1578	  x0:0x00000000  x2=0x00000000
       36735000	      3672	80002008	9f9cfa93	andi	x21,x25,-1543	 x25:0x21b5e000 x21=0x21b5e000
       36745000	      3673	8000200c	41e480b3	sub	x1,x9,x30	  x9:0xffffffff x30:0xffe179bc  x1=0x001e8643
       36755000	      3674	80002010	cc37c437	lui	x8,0xcc37c	  x8=0xcc37c000
       36765000	      3675	80002014	00f0a5b3	slt	x11,x1,x15	  x1:0x001e8643 x15:0xfffffa3f x11=0x00000000
       36775000	      3676	80002018	e440e293	ori	x5,x1,-444	  x1:0x001e8643  x5=0xfffffe47
       36785000	      3677	8000201c	0077d1b3	srl	x3,x15,x7	 x15:0xfffffa3f  x7:0xff0bcda0  x3=0xfffffa3f
       36795000	      3678	80002020	182df093	andi	x1,x27,386	 x27:0x8c325f60  x1=0x00000100
       36805000	      3679	80002024	0161dcb3	srl	x25,x3,x22	  x3:0xfffffa3f x22:0xffffffff x25=0x00000001
       36815000	      3680	80002028	01a14f33	xor	x30,x2,x26	  x2:0x00000000 x26:0x00000000 x30=0x00000000
       36825000	      3681	8000202c	0054fd33	and	x26,x9,x5	  x9:0xffffffff  x5:0xfffffe47 x26=0xfffffe47
       36835000	      3682	80002030	03606a63	bltu	x0,x22,80002064	  x0:0x00000000 x22:0xffffffff
       36845000	      3683	00000000	00000013	addi	x0,x0,0	  x0:0x00000000
       36855000	      3684	80002060	00000013	addi	x0,x0,0	  x0:0x00000000
       36865000	      3685	80002064	00000013	addi	x0,x0,0	  x0:0x00000000
       36875000	      3686	80002068	00000013	addi	x0,x0,0	  x0:0x00000000
       36885000	      3687	8000206c	416c5433	sra	x8,x24,x22	 x24:0x00000001 x22:0xffffffff  x8=0x00000000
       36895000	      3688	80002070	413ddc33	sra	x24,x27,x19	 x27:0x8c325f60 x19:0xf8000198 x24=0xffffff8c
       36905000	      3689	80002074	402b7a93	andi	x21,x22,1026	 x22:0xffffffff x21=0x00000402
       36915000	      3690	80002078	3cb12993	slti	x19,x2,971	  x2:0x00000000 x19=0x00000001
       36925000	      3691	8000207c	0069a5b3	slt	x11,x19,x6	 x19:0x00000001  x6:0x00000000 x11=0x00000000
       36935000	      3692	80002080	bfe2ec13	ori	x24,x5,-1026	  x5:0xfffffe47 x24=0xffffffff
       36945000	      3693	80002084	017b21b3	slt	x3,x22,x23	 x22:0xffffffff x23:0x00000001  x3=0x00000001
       36955000	      3694	80002088	5f927113	andi	x2,x4,1529	  x4:0xffe16000  x2=0x00000000
       36965000	      3695	8000208c	018539b3	sltu	x19,x10,x24	 x10:0x80009f84 x24:0xffffffff x19=0x00000001
       36975000	      3696	80002090	41b257b3	sra	x15,x4,x27	  x4:0xffe16000 x27:0x8c325f60 x15=0xffe16000
       36985000	      3697	80002094	fc680193	addi	x3,x16,-58	 x16:0x800091d8  x3=0x8000919e
       36995000	      3698	80002098	785cf097	auipc	x1,0x785cf	  x1=0xf85d1094
       37005000	      3699	8000209c	00000013	addi	x0,x0,0	  x0:0x00000000
       37015000	      3700	800020a0	01020d33	add	x26,x4,x16	  x4:0xffe16000 x16:0x800091d8 x26=0x7fe1f1d8
       37025000	      3701	800020a4	695ffe93	andi	x29,x31,1685	 x31:0x00000000 x29=0x00000000
       37035000	      3702	800020a8	01771a33	sll	x20,x14,x23	 x14:0x00000000 x23:0x00000001 x20=0x00000000
       37045000	      3703	800020ac	00000013	addi	x0,x0,0	  x0:0x00000000
       37055000	      3704	800020b0	045e4263	blt	x28,x5,800020f4	 x28:0xfffff82f  x5:0xfffffe47
       37065000	      3705	00000000	00000013	addi	x0,x0,0	  x0:0x00000000
       37075000	      3706	800020f0	00000013	addi	x0,x0,0	  x0:0x00000000
       37085000	      3707	800020f4	02740463	beq	x8,x7,8000211c	  x8:0x00000000  x7:0xff0bcda0
       37095000	      3708	800020f8	68fde2b7	lui	x5,0x68fde	  x5=0x68fde000
       37105000	      3709	800020fc	004b94b3	sll	x9,x23,x4	 x23:0x00000001  x4:0xffe16000  x9=0x00000001
       37115000	      3710	80002100	010a9093	slli	x1,x21,0x10	 x21:0x00000402  x1=0x04020000
       37125000	      3711	80002104	41490d33	sub	x26,x18,x20	 x18:0x00000000 x20:0x00000000 x26=0x00000000
       37135000	      3712	80002108	69b63f13	sltiu	x30,x12,1691	 x12:0x800019c1 x30=0x00000000
       37145000	      3713	8000210c	a5febc93	sltiu	x25,x29,-1441	 x29:0x00000000 x25=0x00000001
       37155000	      3714	80002110	9fe20b13	addi	x22,x4,-1538	  x4:0xffe16000 x22=0xffe159fe
       37165000	      3715	80002114	00a00c63	beq	x0,x10,8000212c	  x0:0x00000000 x10:0x80009f84
       37175000	      3716	80002118	01949033	sll	x0,x9,x25	  x9:0x00000001 x25:0x00000001
       37185000	      3717	8000211c	01d75413	srli	x8,x14,0x1d	 x14:0x00000000  x8=0x00000000
       37195000	      3718	80002120	01b51f13	slli	x30,x10,0x1b	 x10:0x80009f84 x30=0x20000000
       37205000	      3719	80002124	e82c0493	addi	x9,x24,-382	 x24:0xffffffff  x9=0xfffffe81
       37215000	      3720	80002128	00000013	addi	x0,x0,0	  x0:0x00000000
       37225000	      3721	8000212c	0383da63	bge	x7,x24,80002160	  x7:0xff0bcda0 x24:0xffffffff
       37235000	      3722	80002130	41995813	srai	x16,x18,0x19	 x18:0x00000000 x16=0x00000000
       37245000	      3723	80002134	01f294b3	sll	x9,x5,x31	  x5:0x68fde000 x31:0x00000000  x9=0x68fde000
       37255000	      3724	80002138	80603313	sltiu	x6,x0,-2042	  x0:0x00000000  x6=0x00000001
       37265000	      3725	8000213c	039ef063	bgeu	x29,x25,8000215c	 x29:0x00000000 x25:0x00000001
       37275000	      3726	80002140	05ca9863	bne	x21,x28,80002190	 x21:0x00000402 x28:0xfffff82f
       37285000	      3727	00000000	00000013	addi	x0,x0,0	  x0:0x00000000
       37295000	      3728	8000218c	00000013	addi	x0,x0,0	  x0:0x00000000
       37305000	      3729	80002190	6ecb3193	sltiu	x3,x22,1772	 x22:0xffe159fe  x3=0x00000000
       37315000	      3730	80002194	01790233	add	x4,x18,x23	 x18:0x00000000 x23:0x00000001  x4=0x00000001
       37325000	      3731	80002198	03bce263	bltu	x25,x27,800021bc	 x25:0x00000001 x27:0x8c325f60
       37335000	      3732	00000000	00000013	addi	x0,x0,0	  x0:0x00000000
       37345000	      3733	800021b8	00000013	addi	x0,x0,0	  x0:0x00000000
       37355000	      3734	800021bc	00000013	addi	x0,x0,0	  x0:0x00000000
       37365000	      3735	800021c0	41675b33	sra	x22,x14,x22	 x14:0x00000000 x22:0xffe159fe x22=0x00000000
       37375000	      3736	800021c4	41dcdab3	sra	x21,x25,x29	 x25:0x00000001 x29:0x00000000 x21=0x00000001
       37385000	      3737	800021c8	045d0a93	addi	x21,x26,69	 x26:0x00000000 x21=0x00000045
       37395000	      3738	800021cc	40f082b3	sub	x5,x1,x15	  x1:0x04020000 x15:0xffe16000  x5=0x0420a000
       37405000	      3739	800021d0	41ce54b3	sra	x9,x28,x28	 x28:0xfffff82f x28:0xfffff82f  x9=0xffffffff
       37415000	      3740	800021d4	01e0e463	bltu	x1,x30,800021dc	  x1:0x04020000 x30:0x20000000
       37425000	      3741	00000000	00000013	addi	x0,x0,0	  x0:0x00000000
       37435000	      3742	800021d8	00000013	addi	x0,x0,0	  x0:0x00000000
       37445000	      3743	800021dc	00c7dbb3	srl	x23,x15,x12	 x15:0xffe16000 x12:0x800019c1 x23=0x7ff0b000
       37455000	      3744	800021e0	f554ac17	auipc	x24,0xf554a	 x24=0x7554c1dc
       37465000	      3745	800021e4	03ab4e63	blt	x22,x26,80002220	 x22:0x00000000 x26:0x00000000
       37475000	      3746	800021e8	417055b3	sra	x11,x0,x23	  x0:0x00000000 x23:0x7ff0b000 x11=0x00000000
       37485000	      3747	800021ec	01b570b3	and	x1,x10,x27	 x10:0x80009f84 x27:0x8c325f60  x1=0x80001f00
       37495000	      3748	800021f0	0146b333	sltu	x6,x13,x20	 x13:0x80009fc4 x20:0x00000000  x6=0x00000000
       37505000	      3749	800021f4	00850cb3	add	x25,x10,x8	 x10:0x80009f84  x8:0x00000000 x25=0x80009f84
       37515000	      3750	800021f8	d048a0b7	lui	x1,0xd048a	  x1=0xd048a000
       37525000	      3751	800021fc	001cdeb3	srl	x29,x25,x1	 x25:0x80009f84  x1:0xd048a000 x29=0x80009f84
       37535000	      3752	80002200	055b6863	bltu	x22,x21,80002250	 x22:0x00000000 x21:0x00000045
       37545000	      3753	00000000	00000013	addi	x0,x0,0	  x0:0x00000000
       37555000	      3754	8000224c	00000013	addi	x0,x0,0	  x0:0x00000000
       37565000	      3755	80002250	3acc2313	slti	x6,x24,940	 x24:0x7554c1dc  x6=0x00000000
       37575000	      3756	80002254	0382f063	bgeu	x5,x24,80002274	  x5:0x0420a000 x24:0x7554c1dc
       37585000	      3757	80002258	00000013	addi	x0,x0,0	  x0:0x00000000
       37595000	      3758	8000225c	aec77613	andi	x12,x14,-1300	 x14:0x00000000 x12=0x00000000
       37605000	      3759	80002260	36760093	addi	x1,x12,871	 x12:0x00000000  x1=0x00000367
       37615000	      3760	80002264	01356863	bltu	x10,x19,80002274	 x10:0x80009f84 x19:0x00000001
       37625000	      3761	80002268	0006fa33	and	x20,x13,x0	 x13:0x80009fc4  x0:0x00000000 x20=0x00000000
       37635000	      3762	8000226c	01834d33	xor	x26,x6,x24	  x6:0x00000000 x24:0x7554c1dc x26=0x7554c1dc
       37645000	      3763	80002270	00410433	add	x8,x2,x4	  x2:0x00000000  x4:0x00000001  x8=0x00000001
       37655000	      3764	80002274	4006dbb3	sra	x23,x13,x0	 x13:0x80009fc4  x0:0x00000000 x23=0x80009fc4
       37665000	      3765	80002278	00000013	addi	x0,x0,0	  x0:0x00000000
       37675000	      3766	8000227c	b2e53f13	sltiu	x30,x10,-1234	 x10:0x80009f84 x30=0x00000001
       37685000	      3767	80002280	00000013	addi	x0,x0,0	  x0:0x00000000
       37695000	      3768	80002284	012b3cb3	sltu	x25,x22,x18	 x22:0x00000000 x18:0x00000000 x25=0x00000000
       37705000	      3769	80002288	05b37663	bgeu	x6,x27,800022d4	  x6:0x00000000 x27:0x8c325f60
       37715000	      3770	8000228c	004fd4b3	srl	x9,x31,x4	 x31:0x00000000  x4:0x00000001  x9=0x00000000
       37725000	      3771	80002290	01493fb3	sltu	x31,x18,x20	 x18:0x00000000 x20:0x00000000 x31=0x00000000
       37735000	      3772	80002294	0039b7b3	sltu	x15,x19,x3	 x19:0x00000001  x3:0x00000000 x15=0x00000000
       37745000	      3773	80002298	02355a63	bge	x10,x3,800022cc	 x10:0x80009f84  x3:0x00000000
       37755000	      3774	8000229c	3aa4b737	lui	x14,0x3aa4b	 x14=0x3aa4b000
       37765000	      3775	800022a0	0384fb37	lui	x22,0x384f	 x22=0x0384f000
       37775000	      3776	800022a4	005de1b3	or	x3,x27,x5	 x27:0x8c325f60  x5:0x0420a000  x3=0x8c32ff60
       37785000	      3777	800022a8	0050bfb3	sltu	x31,x1,x5	  x1:0x00000367  x5:0x0420a000 x31=0x00000001
       37795000	      3778	800022ac	1151b593	sltiu	x11,x3,277	  x3:0x8c32ff60 x11=0x00000000
       37805000	      3779	800022b0	40b85593	srai	x11,x16,0xb	 x16:0x00000000 x11=0x00000000
       37815000	      3780	800022b4	40fd5333	sra	x6,x26,x15	 x26:0x7554c1dc x15:0x00000000  x6=0x7554c1dc
       37825000	      3781	800022b8	01706633	or	x12,x0,x23	  x0:0x00000000 x23:0x80009fc4 x12=0x80009fc4
       37835000	      3782	800022bc	04c0f863	bgeu	x1,x12,8000230c	  x1:0x00000367 x12:0x80009fc4
       37845000	      3783	800022c0	236e4d93	xori	x27,x28,566	 x28:0xfffff82f x27=0xfffffa19
       37855000	      3784	800022c4	04cd0463	beq	x26,x12,8000230c	 x26:0x7554c1dc x12:0x80009fc4
       37865000	      3785	800022c8	012751b3	srl	x3,x14,x18	 x14:0x3aa4b000 x18:0x00000000  x3=0x3aa4b000
       37875000	      3786	800022cc	030695b7	lui	x11,0x3069	 x11=0x03069000
       37885000	      3787	800022d0	00eed593	srli	x11,x29,0xe	 x29:0x80009f84 x11=0x00020002
       37895000	      3788	800022d4	01f61293	slli	x5,x12,0x1f	 x12:0x80009fc4  x5=0x00000000
       37905000	      3789	800022d8	0151d833	srl	x16,x3,x21	  x3:0x3aa4b000 x21:0x00000045 x16=0x01d52580
       37915000	      3790	800022dc	00025863	bge	x4,x0,800022ec	  x4:0x00000001  x0:0x00000000
       37925000	      3791	00000000	00000013	addi	x0,x0,0	  x0:0x00000000
       37935000	      3792	800022e8	00000013	addi	x0,x0,0	  x0:0x00000000
       37945000	      3793	800022ec	79f4b913	sltiu	x18,x9,1951	  x9:0x00000000 x18=0x00000001
       37955000	      3794	800022f0	01975a93	srli	x21,x14,0x19	 x14:0x3aa4b000 x21=0x0000001d
       37965000	      3795	800022f4	00e844b3	xor	x9,x16,x14	 x16:0x01d52580 x14:0x3aa4b000  x9=0x3b719580
       37975000	      3796	800022f8	a84981b7	lui	x3,0xa8498	  x3=0xa8498000
       37985000	      3797	800022fc	412e8b33	sub	x22,x29,x18	 x29:0x80009f84 x18:0x00000001 x22=0x80009f83
       37995000	      3798	80002300	413fd1b3	sra	x3,x31,x19	 x31:0x00000001 x19:0x00000001  x3=0x00000000
       38005000	      3799	80002304	416cd0b3	sra	x1,x25,x22	 x25:0x00000000 x22:0x80009f83  x1=0x00000000
       38015000	      3800	80002308	00388bb3	add	x23,x17,x3	 x17:0x80000000  x3:0x00000000 x23=0x80000000
       38025000	      3801	8000230c	01440c33	add	x24,x8,x20	  x8:0x00000001 x20:0x00000000 x24=0x00000001
       38035000	      3802	80002310	0154d593	srli	x11,x9,0x15	  x9:0x3b719580 x11=0x000001db
       38045000	      3803	80002314	04344263	blt	x8,x3,80002358	  x8:0x00000001  x3:0x00000000
       38055000	      3804	80002318	4193d233	sra	x4,x7,x25	  x7:0xff0bcda0 x25:0x00000000  x4=0xff0bcda0
       38065000	      3805	8000231c	00124cb3	xor	x25,x4,x1	  x4:0xff0bcda0  x1:0x00000000 x25=0xff0bcda0
       38075000	      3806	80002320	42e72013	slti	x0,x14,1070	 x14:0x3aa4b000
       38085000	      3807	80002324	d22f20b7	lui	x1,0xd22f2	  x1=0xd22f2000
       38095000	      3808	80002328	1eeb4213	xori	x4,x22,494	 x22:0x80009f83  x4=0x80009e6d
       38105000	      3809	8000232c	419d8cb3	sub	x25,x27,x25	 x27:0xfffffa19 x25:0xff0bcda0 x25=0x00f42c79
       38115000	      3810	80002330	00db1613	slli	x12,x22,0xd	 x22:0x80009f83 x12=0x13f06000
       38125000	      3811	80002334	03587063	bgeu	x16,x21,80002354	 x16:0x01d52580 x21:0x0000001d
       38135000	      3812	00000000	00000013	addi	x0,x0,0	  x0:0x00000000
       38145000	      3813	80002350	00000013	addi	x0,x0,0	  x0:0x00000000
       38155000	      3814	80002354	044de663	bltu	x27,x4,800023a0	 x27:0xfffffa19  x4:0x80009e6d
       38165000	      3815	80002358	00a82b33	slt	x22,x16,x10	 x16:0x01d52580 x10:0x80009f84 x22=0x00000000
       38175000	      3816	8000235c	003ff3b3	and	x7,x31,x3	 x31:0x00000001  x3:0x00000000  x7=0x00000000
       38185000	      3817	80002360	039fe263	bltu	x31,x25,80002384	 x31:0x00000001 x25:0x00f42c79
       38195000	      3818	00000000	00000013	addi	x0,x0,0	  x0:0x00000000
       38205000	      3819	80002380	00000013	addi	x0,x0,0	  x0:0x00000000
       38215000	      3820	80002384	01d88f33	add	x30,x17,x29	 x17:0x80000000 x29:0x80009f84 x30=0x00009f84
       38225000	      3821	80002388	03844863	blt	x8,x24,800023b8	  x8:0x00000001 x24:0x00000001
       38235000	      3822	8000238c	00ff4c63	blt	x30,x15,800023a4	 x30:0x00009f84 x15:0x00000000
       38245000	      3823	80002390	02915e63	bge	x2,x9,800023cc	  x2:0x00000000  x9:0x3b719580
       38255000	      3824	80002394	9dd9fa13	andi	x20,x19,-1571	 x19:0x00000001 x20=0x00000001
       38265000	      3825	80002398	03a1dc63	bge	x3,x26,800023d0	  x3:0x00000000 x26:0x7554c1dc
       38275000	      3826	8000239c	04537663	bgeu	x6,x5,800023e8	  x6:0x7554c1dc  x5:0x00000000
       38285000	      3827	00000000	00000013	addi	x0,x0,0	  x0:0x00000000
       38295000	      3828	800023e4	00000013	addi	x0,x0,0	  x0:0x00000000
       38305000	      3829	800023e8	0072cc33	xor	x24,x5,x7	  x5:0x00000000  x7:0x00000000 x24=0x00000000
       38315000	      3830	800023ec	01a92333	slt	x6,x18,x26	 x18:0x00000001 x26:0x7554c1dc  x6=0x00000001
       38325000	      3831	800023f0	54fbad13	slti	x26,x23,1359	 x23:0x80000000 x26=0x00000001
       38335000	      3832	800023f4	01865933	srl	x18,x12,x24	 x12:0x13f06000 x24:0x00000000 x18=0x13f06000
       38345000	      3833	800023f8	00654033	xor	x0,x10,x6	 x10:0x80009f84  x6:0x00000001
       38355000	      3834	800023fc	00016263	bltu	x2,x0,80002400	  x2:0x00000000  x0:0x00000000
       38365000	      3835	80002400	039c8063	beq	x25,x25,80002420	 x25:0x00f42c79 x25:0x00f42c79
       38375000	      3836	00000000	00000013	addi	x0,x0,0	  x0:0x00000000
       38385000	      3837	8000241c	00000013	addi	x0,x0,0	  x0:0x00000000
       38395000	      3838	80002420	408d5593	srai	x11,x26,0x8	 x26:0x00000001 x11=0x00000000
       38405000	      3839	80002424	04f1c263	blt	x3,x15,80002468	  x3:0x00000000 x15:0x00000000
       38415000	      3840	80002428	00020333	add	x6,x4,x0	  x4:0x80009e6d  x0:0x00000000  x6=0x80009e6d
       38425000	      3841	8000242c	010349b3	xor	x19,x6,x16	  x6:0x80009e6d x16:0x01d52580 x19=0x81d5bbed
       38435000	      3842	80002430	39806713	ori	x14,x0,920	  x0:0x00000000 x14=0x00000398
       38445000	      3843	80002434	01e0ef33	or	x30,x1,x30	  x1:0xd22f2000 x30:0x00009f84 x30=0xd22fbf84
       38455000	      3844	80002438	005b5f93	srli	x31,x22,0x5	 x22:0x00000000 x31=0x00000000
       38465000	      3845	8000243c	41935613	srai	x12,x6,0x19	  x6:0x80009e6d x12=0xffffffc0
       38475000	      3846	80002440	00000013	addi	x0,x0,0	  x0:0x00000000
       38485000	      3847	80002444	00505213	srli	x4,x0,0x5	  x0:0x00000000  x4=0x00000000
       38495000	      3848	80002448	00000013	addi	x0,x0,0	  x0:0x00000000
       38505000	      3849	8000244c	748ca293	slti	x5,x25,1864	 x25:0x00f42c79  x5=0x00000000
       38515000	      3850	80002450	f78c8f13	addi	x30,x25,-136	 x25:0x00f42c79 x30=0x00f42bf1
       38525000	      3851	80002454	02a8c063	blt	x17,x10,80002474	 x17:0x80000000 x10:0x80009f84
       38535000	      3852	00000000	00000013	addi	x0,x0,0	  x0:0x00000000
       38545000	      3853	80002470	00000013	addi	x0,x0,0	  x0:0x00000000
       38555000	      3854	80002474	04937863	bgeu	x6,x9,800024c4	  x6:0x80009e6d  x9:0x3b719580
       38565000	      3855	00000000	00000013	addi	x0,x0,0	  x0:0x00000000
       38575000	      3856	800024c0	00000013	addi	x0,x0,0	  x0:0x00000000
       38585000	      3857	800024c4	32960c37	lui	x24,0x32960	 x24=0x32960000
       38595000	      3858	800024c8	0002d463	bge	x5,x0,800024d0	  x5:0x00000000  x0:0x00000000
       38605000	      3859	00000000	00000013	addi	x0,x0,0	  x0:0x00000000
       38615000	      3860	800024cc	00000013	addi	x0,x0,0	  x0:0x00000000
       38625000	      3861	800024d0	05ec6263	bltu	x24,x30,80002514	 x24:0x32960000 x30:0x00f42bf1
       38635000	      3862	800024d4	001d2633	slt	x12,x26,x1	 x26:0x00000001  x1:0xd22f2000 x12=0x00000000
       38645000	      3863	800024d8	00b31713	slli	x14,x6,0xb	  x6:0x80009e6d x14=0x04f36800
       38655000	      3864	800024dc	04af5663	bge	x30,x10,80002528	 x30:0x00f42bf1 x10:0x80009f84
       38665000	      3865	00000000	00000013	addi	x0,x0,0	  x0:0x00000000
       38675000	      3866	80002524	00000013	addi	x0,x0,0	  x0:0x00000000
       38685000	      3867	80002528	00730ab3	add	x21,x6,x7	  x6:0x80009e6d  x7:0x00000000 x21=0x80009e6d
       38695000	      3868	8000252c	0305c263	blt	x11,x16,80002550	 x11:0x00000000 x16:0x01d52580
       38705000	      3869	00000000	00000013	addi	x0,x0,0	  x0:0x00000000
       38715000	      3870	8000254c	00000013	addi	x0,x0,0	  x0:0x00000000
       38725000	      3871	80002550	0023e833	or	x16,x7,x2	  x7:0x00000000  x2:0x00000000 x16=0x00000000
       38735000	      3872	80002554	03f18e63	beq	x3,x31,80002590	  x3:0x00000000 x31:0x00000000
       38745000	      3873	00000000	00000013	addi	x0,x0,0	  x0:0x00000000
       38755000	      3874	8000258c	00000013	addi	x0,x0,0	  x0:0x00000000
       38765000	      3875	80002590	65b25297	auipc	x5,0x65b25	  x5=0xe5b2758c
       38775000	      3876	80002594	954e6193	ori	x3,x28,-1708	 x28:0xfffff82f  x3=0xfffff97f
       38785000	      3877	80002598	00badab3	srl	x21,x21,x11	 x21:0x80009e6d x11:0x00000000 x21=0x80009e6d
       38795000	      3878	8000259c	01a36eb3	or	x29,x6,x26	  x6:0x80009e6d x26:0x00000001 x29=0x80009e6d
       38805000	      3879	800025a0	03906c63	bltu	x0,x25,800025d8	  x0:0x00000000 x25:0x00f42c79
       38815000	      3880	00000000	00000013	addi	x0,x0,0	  x0:0x00000000
       38825000	      3881	800025d4	00000013	addi	x0,x0,0	  x0:0x00000000
       38835000	      3882	800025d8	f5797b93	andi	x23,x18,-169	 x18:0x13f06000 x23=0x13f06000
       38845000	      3883	800025dc	01549d13	slli	x26,x9,0x15	  x9:0x3b719580 x26=0xb0000000
       38855000	      3884	800025e0	01f5f033	and	x0,x11,x31	 x11:0x00000000 x31:0x00000000
       38865000	      3885	800025e4	04d24263	blt	x4,x13,80002628	  x4:0x00000000 x13:0x80009fc4
       38875000	      3886	800025e8	1c013f93	sltiu	x31,x2,448	  x2:0x00000000 x31=0x00000001
       38885000	      3887	800025ec	05448863	beq	x9,x20,8000263c	  x9:0x3b719580 x20:0x00000001
       38895000	      3888	800025f0	02cfd063	bge	x31,x12,80002610	 x31:0x00000001 x12:0x00000000
       38905000	      3889	00000000	00000013	addi	x0,x0,0	  x0:0x00000000
       38915000	      3890	8000260c	00000013	addi	x0,x0,0	  x0:0x00000000
       38925000	      3891	80002610	016f8433	add	x8,x31,x22	 x31:0x00000001 x22:0x00000000  x8=0x00000001
       38935000	      3892	80002614	052cf863	bgeu	x25,x18,80002664	 x25:0x00f42c79 x18:0x13f06000
       38945000	      3893	80002618	00efd733	srl	x14,x31,x14	 x31:0x00000001 x14:0x04f36800 x14=0x00000001
       38955000	      3894	8000261c	1df3c113	xori	x2,x7,479	  x7:0x00000000  x2=0x000001df
       38965000	      3895	80002620	a155d0b7	lui	x1,0xa155d	  x1=0xa155d000
       38975000	      3896	80002624	88151637	lui	x12,0x88151	 x12=0x88151000
       38985000	      3897	80002628	0249f463	bgeu	x19,x4,80002650	 x19:0x81d5bbed  x4:0x00000000
       38995000	      3898	00000000	00000013	addi	x0,x0,0	  x0:0x00000000
       39005000	      3899	8000264c	00000013	addi	x0,x0,0	  x0:0x00000000
       39015000	      3900	80002650	05524663	blt	x4,x21,8000269c	  x4:0x00000000 x21:0x80009e6d
       39025000	      3901	80002654	00e3cdb3	xor	x27,x7,x14	  x7:0x00000000 x14:0x00000001 x27=0x00000001
       39035000	      3902	80002658	001507b3	add	x15,x10,x1	 x10:0x80009f84  x1:0xa155d000 x15=0x21566f84
       39045000	      3903	8000265c	0848f317	auipc	x6,0x848f	  x6=0x88491658
       39055000	      3904	80002660	0062fd33	and	x26,x5,x6	  x5:0xe5b2758c  x6:0x88491658 x26=0x80001408
       39065000	      3905	80002664	e6e06f13	ori	x30,x0,-402	  x0:0x00000000 x30=0xfffffe6e
       39075000	      3906	80002668	00d23b33	sltu	x22,x4,x13	  x4:0x00000000 x13:0x80009fc4 x22=0x00000001
       39085000	      3907	8000266c	01173733	sltu	x14,x14,x17	 x14:0x00000001 x17:0x80000000 x14=0x00000001
       39095000	      3908	80002670	821fef13	ori	x30,x31,-2015	 x31:0x00000001 x30=0xfffff821
       39105000	      3909	80002674	00b75c13	srli	x24,x14,0xb	 x14:0x00000001 x24=0x00000000
       39115000	      3910	80002678	0a878863	beq	x15,x8,80002728	 x15:0x21566f84  x8:0x00000001
       39125000	      3911	8000267c	4169dd33	sra	x26,x19,x22	 x19:0x81d5bbed x22:0x00000001 x26=0xc0eaddf6
       39135000	      3912	80002680	41575c13	srai	x24,x14,0x15	 x14:0x00000001 x24=0x00000000
       39145000	      3913	80002684	2fe1c413	xori	x8,x3,766	  x3:0xfffff97f  x8=0xfffffb81
       39155000	      3914	80002688	40988b33	sub	x22,x17,x9	 x17:0x80000000  x9:0x3b719580 x22=0x448e6a80
       39165000	      3915	8000268c	0994ce63	blt	x9,x25,80002728	  x9:0x3b719580 x25:0x00f42c79
       39175000	      3916	80002690	32fb2a93	slti	x21,x22,815	 x22:0x448e6a80 x21=0x00000000
       39185000	      3917	80002694	0ccc0063	beq	x24,x12,80002754	 x24:0x00000000 x12:0x88151000
       39195000	      3918	80002698	00c0de13	srli	x28,x1,0xc	  x1:0xa155d000 x28=0x000a155d
       39205000	      3919	8000269c	005a4333	xor	x6,x20,x5	 x20:0x00000001  x5:0xe5b2758c  x6=0xe5b2758d
       39215000	      3920	800026a0	01832333	slt	x6,x6,x24	  x6:0xe5b2758d x24:0x00000000  x6=0x00000001
       39225000	      3921	800026a4	0934e063	bltu	x9,x19,80002724	  x9:0x3b719580 x19:0x81d5bbed
       39235000	      3922	00000000	00000013	addi	x0,x0,0	  x0:0x00000000
       39245000	      3923	80002720	00000013	addi	x0,x0,0	  x0:0x00000000
       39255000	      3924	80002724	007932b3	sltu	x5,x18,x7	 x18:0x13f06000  x7:0x00000000  x5=0x00000000
       39265000	      3925	80002728	3ab90e13	addi	x28,x18,939	 x18:0x13f06000 x28=0x13f063ab
       39275000	      3926	8000272c	00431113	slli	x2,x6,0x4	  x6:0x00000001  x2=0x00000010
       39285000	      3927	80002730	01264833	xor	x16,x12,x18	 x12:0x88151000 x18:0x13f06000 x16=0x9be57000
       39295000	      3928	80002734	013efbb3	and	x23,x29,x19	 x29:0x80009e6d x19:0x81d5bbed x23=0x80009a6d
       39305000	      3929	80002738	012a7c63	bgeu	x20,x18,80002750	 x20:0x00000001 x18:0x13f06000
       39315000	      3930	8000273c	00e75933	srl	x18,x14,x14	 x14:0x00000001 x14:0x00000001 x18=0x00000000
       39325000	      3931	80002740	00fc8433	add	x8,x25,x15	 x25:0x00f42c79 x15:0x21566f84  x8=0x224a9bfd
       39335000	      3932	80002744	01d7d593	srli	x11,x15,0x1d	 x15:0x21566f84 x11=0x00000001
       39345000	      3933	80002748	d0ff2293	slti	x5,x30,-753	 x30:0xfffff821  x5=0x00000001
       39355000	      3934	8000274c	00d0a4b3	slt	x9,x1,x13	  x1:0xa155d000 x13:0x80009fc4  x9=0x00000000
       39365000	      3935	80002750	08e8e993	ori	x19,x17,142	 x17:0x80000000 x19=0x8000008e
       39375000	      3936	80002754	01c9f833	and	x16,x19,x28	 x19:0x8000008e x28:0x13f063ab x16=0x0000008a
       39385000	      3937	80002758	051e4863	blt	x28,x17,800027a8	 x28:0x13f063ab x17:0x80000000
       39395000	      3938	8000275c	86633b13	sltiu	x22,x6,-1946	  x6:0x00000001 x22=0x00000001
       39405000	      3939	80002760	01dd0133	add	x2,x26,x29	 x26:0xc0eaddf6 x29:0x80009e6d  x2=0x40eb7c63
       39415000	      3940	80002764	40f6d013	srai	x0,x13,0xf	 x13:0x80009fc4
       39425000	      3941	80002768	05f49663	bne	x9,x31,800027b4	  x9:0x00000000 x31:0x00000001
       39435000	      3942	00000000	00000013	addi	x0,x0,0	  x0:0x00000000
       39445000	      3943	800027b0	00000013	addi	x0,x0,0	  x0:0x00000000
       39455000	      3944	800027b4	0075a133	slt	x2,x11,x7	 x11:0x00000001  x7:0x00000000  x2=0x00000000
       39465000	      3945	800027b8	01f344b3	xor	x9,x6,x31	  x6:0x00000001 x31:0x00000001  x9=0x00000000
       39475000	      3946	800027bc	01719313	slli	x6,x3,0x17	  x3:0xfffff97f  x6=0xbf800000
       39485000	      3947	800027c0	009ff7b3	and	x15,x31,x9	 x31:0x00000001  x9:0x00000000 x15=0x00000000
       39495000	      3948	800027c4	76d17593	andi	x11,x2,1901	  x2:0x00000000 x11=0x00000000
       39505000	      3949	800027c8	00a229b3	slt	x19,x4,x10	  x4:0x00000000 x10:0x80009f84 x19=0x00000000
       39515000	      3950	800027cc	00c08bb3	add	x23,x1,x12	  x1:0xa155d000 x12:0x88151000 x23=0x296ae000
       39525000	      3951	800027d0	40e752b3	sra	x5,x14,x14	 x14:0x00000001 x14:0x00000001  x5=0x00000000
       39535000	      3952	800027d4	00f76c63	bltu	x14,x15,800027ec	 x14:0x00000001 x15:0x00000000
       39545000	      3953	800027d8	01744cb3	xor	x25,x8,x23	  x8:0x224a9bfd x23:0x296ae000 x25=0x0b207bfd
       39555000	      3954	800027dc	8e373e17	auipc	x28,0x8e373	 x28=0x0e3757d8
       39565000	      3955	800027e0	0199e033	or	x0,x19,x25	 x19:0x00000000 x25:0x0b207bfd
       39575000	      3956	800027e4	00c95eb3	srl	x29,x18,x12	 x18:0x00000000 x12:0x88151000 x29=0x00000000
       39585000	      3957	800027e8	02536863	bltu	x6,x5,80002818	  x6:0xbf800000  x5:0x00000000
       39595000	      3958	800027ec	332be0b7	lui	x1,0x332be	  x1=0x332be000
       39605000	      3959	800027f0	407cde33	sra	x28,x25,x7	 x25:0x0b207bfd  x7:0x00000000 x28=0x0b207bfd
       39615000	      3960	800027f4	011f9a63	bne	x31,x17,80002808	 x31:0x00000001 x17:0x80000000
       39625000	      3961	00000000	00000013	addi	x0,x0,0	  x0:0x00000000
       39635000	      3962	80002804	00000013	addi	x0,x0,0	  x0:0x00000000
       39645000	      3963	80002808	0196e263	bltu	x13,x25,8000280c	 x13:0x80009fc4 x25:0x0b207bfd
       39655000	      3964	8000280c	01362cb3	slt	x25,x12,x19	 x12:0x88151000 x19:0x00000000 x25=0x00000001
       39665000	      3965	80002810	14670c13	addi	x24,x14,326	 x14:0x00000001 x24=0x00000147
       39675000	      3966	80002814	1dbd4293	xori	x5,x26,475	 x26:0xc0eaddf6  x5=0xc0eadc2d
       39685000	      3967	80002818	40548e33	sub	x28,x9,x5	  x9:0x00000000  x5:0xc0eadc2d x28=0x3f1523d3
       39695000	      3968	8000281c	e0e69eb7	lui	x29,0xe0e69	 x29=0xe0e69000
       39705000	      3969	80002820	014f1c63	bne	x30,x20,80002838	 x30:0xfffff821 x20:0x00000001
       39715000	      3970	00000000	00000013	addi	x0,x0,0	  x0:0x00000000
       39725000	      3971	80002834	00000013	addi	x0,x0,0	  x0:0x00000000
       39735000	      3972	80002838	0002dbb3	srl	x23,x5,x0	  x5:0xc0eadc2d  x0:0x00000000 x23=0xc0eadc2d
       39745000	      3973	8000283c	00580333	add	x6,x16,x5	 x16:0x0000008a  x5:0xc0eadc2d  x6=0xc0eadcb7
       39755000	      3974	80002840	056fe663	bltu	x31,x22,8000288c	 x31:0x00000001 x22:0x00000001
       39765000	      3975	80002844	43a36593	ori	x11,x6,1082	  x6:0xc0eadcb7 x11=0xc0eadcbf
       39775000	      3976	80002848	6c6dec13	ori	x24,x27,1734	 x27:0x00000001 x24=0x000006c7
       39785000	      3977	8000284c	775563b7	lui	x7,0x77556	  x7=0x77556000
       39795000	      3978	80002850	005ce833	or	x16,x25,x5	 x25:0x00000001  x5:0xc0eadc2d x16=0xc0eadc2d
       39805000	      3979	80002854	c95e4c13	xori	x24,x28,-875	 x28:0x3f1523d3 x24=0xc0eadf46
       39815000	      3980	80002858	00000013	addi	x0,x0,0	  x0:0x00000000
       39825000	      3981	8000285c	049d4863	blt	x26,x9,800028ac	 x26:0xc0eaddf6  x9:0x00000000
       39835000	      3982	00000000	00000013	addi	x0,x0,0	  x0:0x00000000
       39845000	      3983	800028a8	00000013	addi	x0,x0,0	  x0:0x00000000
       39855000	      3984	800028ac	9c908f17	auipc	x30,0x9c908	 x30=0x1c90a8a8
       39865000	      3985	800028b0	40d8d833	sra	x16,x17,x13	 x17:0x80000000 x13:0x80009fc4 x16=0xf8000000
       39875000	      3986	800028b4	683eab93	slti	x23,x29,1667	 x29:0xe0e69000 x23=0x00000001
       39885000	      3987	800028b8	00354f33	xor	x30,x10,x3	 x10:0x80009f84  x3:0xfffff97f x30=0x7fff66fb
       39895000	      3988	800028bc	000b33b3	sltu	x7,x22,x0	 x22:0x00000001  x0:0x00000000  x7=0x00000000
       39905000	      3989	800028c0	011b0863	beq	x22,x17,800028d0	 x22:0x00000001 x17:0x80000000
       39915000	      3990	800028c4	ee63fd13	andi	x26,x7,-282	  x7:0x00000000 x26=0x00000000
       39925000	      3991	800028c8	613fc613	xori	x12,x31,1555	 x31:0x00000001 x12=0x00000612
       39935000	      3992	800028cc	20daa713	slti	x14,x21,525	 x21:0x00000000 x14=0x00000001
       39945000	      3993	800028d0	0506e463	bltu	x13,x16,80002918	 x13:0x80009fc4 x16:0xf8000000
       39955000	      3994	00000000	00000013	addi	x0,x0,0	  x0:0x00000000
       39965000	      3995	80002914	00000013	addi	x0,x0,0	  x0:0x00000000
       39975000	      3996	80002918	003e4bb3	xor	x23,x28,x3	 x28:0x3f1523d3  x3:0xfffff97f x23=0xc0eadaac
       39985000	      3997	8000291c	0211fa63	bgeu	x3,x1,80002950	  x3:0xfffff97f  x1:0x332be000
       39995000	      3998	00000000	00000013	addi	x0,x0,0	  x0:0x00000000
       40005000	      3999	8000294c	00000013	addi	x0,x0,0	  x0:0x00000000
       40015000	      4000	80002950	05f77263	bgeu	x14,x31,80002994	 x14:0x00000001 x31:0x00000001
       40025000	      4001	00000000	00000013	addi	x0,x0,0	  x0:0x00000000
       40035000	      4002	80002990	00000013	addi	x0,x0,0	  x0:0x00000000
       40045000	      4003	80002994	0164dcb3	srl	x25,x9,x22	  x9:0x00000000 x22:0x00000001 x25=0x00000000
       40055000	      4004	80002998	00c65493	srli	x9,x12,0xc	 x12:0x00000612  x9=0x00000000
       40065000	      4005	8000299c	00000013	addi	x0,x0,0	  x0:0x00000000
       40075000	      4006	800029a0	40050f33	sub	x30,x10,x0	 x10:0x80009f84  x0:0x00000000 x30=0x80009f84
       40085000	      4007	800029a4	40a8dc33	sra	x24,x17,x10	 x17:0x80000000 x10:0x80009f84 x24=0xf8000000
       40095000	      4008	800029a8	016c6fb3	or	x31,x24,x22	 x24:0xf8000000 x22:0x00000001 x31=0xf8000001
       40105000	      4009	800029ac	00000897	auipc	x17,0x0	 x17=0x800029a8
       40115000	      4010	800029b0	00c88893	addi	x17,x17,12	 x17:0x800029a8 x17=0x800029b4
       40125000	      4011	800029b4	00088067	jalr	x0,x17,0	 x17:0x800029b4
       40135000	      4012	00000000	00000013	addi	x0,x0,0	  x0:0x00000000
       40145000	      4013	800029b4	00000013	addi	x0,x0,0	  x0:0x00000000
       40155000	      4014	800029b8	00100193	addi	x3,x0,1	  x0:0x00000000  x3=0x00000001
       40165000	      4015	800029bc	00000073	ecall	
       40175000	      4016	800029c0	00c777b3	and	x15,x14,x12	 x14:0x00000001 x12:0x00000612 x15=0x00000000
