		Time			Cycle	PC		Insn	Decoded instruction	Register and memory contents
          65000	         5	80000004	00000293	addi	x5,x0,0	  x0:0x00000000  x5=0x00000000
          75000	         6	80000008	00000313	addi	x6,x0,0	  x0:0x00000000  x6=0x00000000
          85000	         7	8000000c	00628263	beq	x5,x6,80000010	  x5:0x00000000  x6:0x00000000
          95000	         8	00000000	00000013	addi	x0,x0,0	  x0:0x00000000
         105000	         9	8000000c	00000013	addi	x0,x0,0	  x0:0x00000000
         115000	        10	80000010	00000117	auipc	x2,0x0	  x2=0x8000000c
         125000	        11	80000014	00c10113	addi	x2,x2,12	  x2:0x8000000c  x2=0x80000018
         135000	        12	80000018	00010067	jalr	x0,x2,0	  x2:0x80000018
         145000	        13	00000000	00000013	addi	x0,x0,0	  x0:0x00000000
         155000	        14	80000018	00000013	addi	x0,x0,0	  x0:0x00000000
         165000	        15	8000001c	400008b7	lui	x17,0x40000	 x17=0x40000000
         175000	        16	80000020	10088893	addi	x17,x17,256	 x17:0x40000000 x17=0x40000100
         185000	        17	80000024	00000013	addi	x0,x0,0	  x0:0x00000000
         195000	        18	80000028	0000af97	auipc	x31,0xa	 x31=0x8000a024
         205000	        19	8000002c	fa0f8f93	addi	x31,x31,-96	 x31:0x8000a024 x31=0x80009fc4
         215000	        20	80000030	00004897	auipc	x17,0x4	 x17=0x8000402c
         225000	        21	80000034	5b888893	addi	x17,x17,1464	 x17:0x8000402c x17=0x800045e4
         235000	        22	80000038	0008e893	ori	x17,x17,0	 x17:0x800045e4 x17=0x800045e4
         245000	        23	8000003c	00000013	addi	x0,x0,0	  x0:0x00000000
         255000	        24	80000040	00000897	auipc	x17,0x0	 x17=0x8000003c
         265000	        25	80000044	02088893	addi	x17,x17,32	 x17:0x8000003c x17=0x8000005c
         275000	        26	80000048	00000013	addi	x0,x0,0	  x0:0x00000000
         285000	        27	8000004c	00000013	addi	x0,x0,0	  x0:0x00000000
         295000	        28	80000050	000028b7	lui	x17,0x2	 x17=0x00002000
         305000	        29	80000054	80088893	addi	x17,x17,-2048	 x17:0x00002000 x17=0x00001800
         315000	        30	80000058	00000013	addi	x0,x0,0	  x0:0x00000000
         325000	        31	8000005c	00000013	addi	x0,x0,0	  x0:0x00000000
         335000	        32	80000060	c90db037	lui	x0,0xc90db	
         345000	        33	80000064	a5200013	addi	x0,x0,-1454	  x0:0x00000000
         355000	        34	80000068	02c0d0b7	lui	x1,0x2c0d	  x1=0x02c0d000
         365000	        35	8000006c	67c08093	addi	x1,x1,1660	  x1:0x02c0d000  x1=0x02c0d67c
         375000	        36	80000070	f0c9c137	lui	x2,0xf0c9c	  x2=0xf0c9c000
         385000	        37	80000074	25b10113	addi	x2,x2,603	  x2:0xf0c9c000  x2=0xf0c9c25b
         395000	        38	80000078	323691b7	lui	x3,0x32369	  x3=0x32369000
         405000	        39	8000007c	5d518193	addi	x3,x3,1493	  x3:0x32369000  x3=0x323695d5
         415000	        40	80000080	00d00213	addi	x4,x0,13	  x0:0x00000000  x4=0x0000000d
         425000	        41	80000084	00b00293	addi	x5,x0,11	  x0:0x00000000  x5=0x0000000b
         435000	        42	80000088	80000337	lui	x6,0x80000	  x6=0x80000000
         445000	        43	8000008c	00000393	addi	x7,x0,0	  x0:0x00000000  x7=0x00000000
         455000	        44	80000090	f1551437	lui	x8,0xf1551	  x8=0xf1551000
         465000	        45	80000094	ab740413	addi	x8,x8,-1353	  x8:0xf1551000  x8=0xf1550ab7
         475000	        46	80000098	00a00493	addi	x9,x0,10	  x0:0x00000000  x9=0x0000000a
         485000	        47	8000009c	f60b8537	lui	x10,0xf60b8	 x10=0xf60b8000
         495000	        48	800000a0	69350513	addi	x10,x10,1683	 x10:0xf60b8000 x10=0xf60b8693
         505000	        49	800000a4	00b00593	addi	x11,x0,11	  x0:0x00000000 x11=0x0000000b
         515000	        50	800000a8	80000637	lui	x12,0x80000	 x12=0x80000000
         525000	        51	800000ac	f4e2c6b7	lui	x13,0xf4e2c	 x13=0xf4e2c000
         535000	        52	800000b0	dfa68693	addi	x13,x13,-518	 x13:0xf4e2c000 x13=0xf4e2bdfa
         545000	        53	800000b4	00000713	addi	x14,x0,0	  x0:0x00000000 x14=0x00000000
         555000	        54	800000b8	00600793	addi	x15,x0,6	  x0:0x00000000 x15=0x00000006
         565000	        55	800000bc	80000837	lui	x16,0x80000	 x16=0x80000000
         575000	        56	800000c0	f470e8b7	lui	x17,0xf470e	 x17=0xf470e000
         585000	        57	800000c4	78988893	addi	x17,x17,1929	 x17:0xf470e000 x17=0xf470e789
         595000	        58	800000c8	521409b7	lui	x19,0x52140	 x19=0x52140000
         605000	        59	800000cc	ed498993	addi	x19,x19,-300	 x19:0x52140000 x19=0x5213fed4
         615000	        60	800000d0	bd1e1a37	lui	x20,0xbd1e1	 x20=0xbd1e1000
         625000	        61	800000d4	074a0a13	addi	x20,x20,116	 x20:0xbd1e1000 x20=0xbd1e1074
         635000	        62	800000d8	f4b34ab7	lui	x21,0xf4b34	 x21=0xf4b34000
         645000	        63	800000dc	8a6a8a93	addi	x21,x21,-1882	 x21:0xf4b34000 x21=0xf4b338a6
         655000	        64	800000e0	313ddb37	lui	x22,0x313dd	 x22=0x313dd000
         665000	        65	800000e4	0b2b0b13	addi	x22,x22,178	 x22:0x313dd000 x22=0x313dd0b2
         675000	        66	800000e8	9dd61bb7	lui	x23,0x9dd61	 x23=0x9dd61000
         685000	        67	800000ec	115b8b93	addi	x23,x23,277	 x23:0x9dd61000 x23=0x9dd61115
         695000	        68	800000f0	80000c37	lui	x24,0x80000	 x24=0x80000000
         705000	        69	800000f4	80000cb7	lui	x25,0x80000	 x25=0x80000000
         715000	        70	800000f8	f456ad37	lui	x26,0xf456a	 x26=0xf456a000
         725000	        71	800000fc	515d0d13	addi	x26,x26,1301	 x26:0xf456a000 x26=0xf456a515
         735000	        72	80000100	80000db7	lui	x27,0x80000	 x27=0x80000000
         745000	        73	80000104	00f00e13	addi	x28,x0,15	  x0:0x00000000 x28=0x0000000f
         755000	        74	80000108	80000eb7	lui	x29,0x80000	 x29=0x80000000
         765000	        75	8000010c	00000f13	addi	x30,x0,0	  x0:0x00000000 x30=0x00000000
         775000	        76	80000110	0000a917	auipc	x18,0xa	 x18=0x8000a10c
         785000	        77	80000114	e7890913	addi	x18,x18,-392	 x18:0x8000a10c x18=0x80009f84
         795000	        78	80000118	00003c97	auipc	x25,0x3	 x25=0x80003114
         805000	        79	8000011c	8b4c8c93	addi	x25,x25,-1868	 x25:0x80003114 x25=0x800029c8
         815000	        80	80000120	de5c8c93	addi	x25,x25,-539	 x25:0x800029c8 x25=0x800027ad
         825000	        81	80000124	41365393	srai	x7,x12,0x13	 x12:0x80000000  x7=0xfffff000
         835000	        82	80000128	01de3833	sltu	x16,x28,x29	 x28:0x0000000f x29:0x80000000 x16=0x00000001
         845000	        83	8000012c	0c6ee093	ori	x1,x29,198	 x29:0x80000000  x1=0x800000c6
         855000	        84	80000130	01f6da93	srli	x21,x13,0x1f	 x13:0xf4e2bdfa x21=0x00000001
         865000	        85	80000134	b119bd13	sltiu	x26,x19,-1263	 x19:0x5213fed4 x26=0x00000001
         875000	        86	80000138	65034a13	xori	x20,x6,1616	  x6:0x80000000 x20=0x80000650
         885000	        87	8000013c	01658463	beq	x11,x22,80000144	 x11:0x0000000b x22:0x313dd0b2
         895000	        88	80000140	00dbedb3	or	x27,x23,x13	 x23:0x9dd61115 x13:0xf4e2bdfa x27=0xfdf6bdff
         905000	        89	80000144	21cc80e7	jalr	x1,x25,540	 x25:0x800027ad  x1=0x80000144
         915000	        90	00000000	00000013	addi	x0,x0,0	  x0:0x00000000
         925000	        91	800029c8	00000013	addi	x0,x0,0	  x0:0x00000000
         935000	        92	800029cc	40430eb3	sub	x29,x6,x4	  x6:0x80000000  x4:0x0000000d x29=0x7ffffff3
         945000	        93	800029d0	864d2f13	slti	x30,x26,-1948	 x26:0x00000001 x30=0x00000000
         955000	        94	800029d4	01818263	beq	x3,x24,800029d8	  x3:0x323695d5 x24:0x80000000
         965000	        95	800029d8	fe490913	addi	x18,x18,-28	 x18:0x80009f84 x18=0x80009f68
         975000	        96	800029dc	c8af0a13	addi	x20,x30,-886	 x30:0x00000000 x20=0xfffffc8a
         985000	        97	800029e0	013b6033	or	x0,x22,x19	 x22:0x313dd0b2 x19:0x5213fed4
         995000	        98	800029e4	6f9dfd93	andi	x27,x27,1785	 x27:0xfdf6bdff x27=0x000004f9
        1005000	        99	800029e8	01959b33	sll	x22,x11,x25	 x11:0x0000000b x25:0x800027ad x22=0x00016000
        1015000	       100	800029ec	00192223	sw	x1,4(x18)	 x18:0x80009f68  x1:0x80000144 PA:0x80009f6c
        1025000	       101	800029f0	14c93993	sltiu	x19,x18,332	 x18:0x80009f68 x19=0x00000000
        1035000	       102	800029f4	01c8f3b3	and	x7,x17,x28	 x17:0xf470e789 x28:0x0000000f  x7=0x00000009
        1045000	       103	800029f8	01cc7c33	and	x24,x24,x28	 x24:0x80000000 x28:0x0000000f x24=0x00000000
        1055000	       104	800029fc	65f1ce93	xori	x29,x3,1631	  x3:0x323695d5 x29=0x3236938a
        1065000	       105	80002a00	6be1b017	auipc	x0,0x6be1b	
        1075000	       106	80002a04	01669533	sll	x10,x13,x22	 x13:0xf4e2bdfa x22:0x00016000 x10=0xf4e2bdfa
        1085000	       107	80002a08	58f6b393	sltiu	x7,x13,1423	 x13:0xf4e2bdfa  x7=0x00000000
        1095000	       108	80002a0c	00d6d893	srli	x17,x13,0xd	 x13:0xf4e2bdfa x17=0x0007a715
        1105000	       109	80002a10	01105cb3	srl	x25,x0,x17	  x0:0x00000000 x17:0x0007a715 x25=0x00000000
        1115000	       110	80002a14	d41b5837	lui	x16,0xd41b5	 x16=0xd41b5000
        1125000	       111	80002a18	f0dff0ef	jal	x1,80002a18	  x1=0x80002a18
        1135000	       112	00000000	00000013	addi	x0,x0,0	  x0:0x00000000
        1145000	       113	80002920	00000013	addi	x0,x0,0	  x0:0x00000000
        1155000	       114	80002924	01098233	add	x4,x19,x16	 x19:0x00000000 x16:0xd41b5000  x4=0xd41b5000
        1165000	       115	80002928	00e90eb3	add	x29,x18,x14	 x18:0x80009f68 x14:0x00000000 x29=0x80009f68
        1175000	       116	8000292c	00c8f2b3	and	x5,x17,x12	 x17:0x0007a715 x12:0x80000000  x5=0x00000000
        1185000	       117	80002930	40df0833	sub	x16,x30,x13	 x30:0x00000000 x13:0xf4e2bdfa x16=0x0b1d4206
        1195000	       118	80002934	01f66863	bltu	x12,x31,80002944	 x12:0x80000000 x31:0x80009fc4
        1205000	       119	00000000	00000013	addi	x0,x0,0	  x0:0x00000000
        1215000	       120	80002940	00000013	addi	x0,x0,0	  x0:0x00000000
        1225000	       121	80002944	fe490913	addi	x18,x18,-28	 x18:0x80009f68 x18=0x80009f4c
        1235000	       122	80002948	00000013	addi	x0,x0,0	  x0:0x00000000
        1245000	       123	8000294c	3c494793	xori	x15,x18,964	 x18:0x80009f4c x15=0x80009c88
        1255000	       124	80002950	00192223	sw	x1,4(x18)	 x18:0x80009f4c  x1:0x80002a18 PA:0x80009f50
        1265000	       125	80002954	9f988593	addi	x11,x17,-1543	 x17:0x0007a715 x11=0x0007a10e
        1275000	       126	80002958	41c65f13	srai	x30,x12,0x1c	 x12:0x80000000 x30=0xfffffff8
        1285000	       127	8000295c	0f212513	slti	x10,x2,242	  x2:0xf0c9c25b x10=0x00000001
        1295000	       128	80002960	5fdc4993	xori	x19,x24,1533	 x24:0x00000000 x19=0x000005fd
        1305000	       129	80002964	01e91633	sll	x12,x18,x30	 x18:0x80009f4c x30:0xfffffff8 x12=0x4c000000
        1315000	       130	80002968	40055ab3	sra	x21,x10,x0	 x10:0x00000001  x0:0x00000000 x21=0x00000001
        1325000	       131	8000296c	01904463	blt	x0,x25,80002974	  x0:0x00000000 x25:0x00000000
        1335000	       132	80002970	00c65193	srli	x3,x12,0xc	 x12:0x4c000000  x3=0x0004c000
        1345000	       133	80002974	9d4ff0ef	jal	x1,80002974	  x1=0x80002974
        1355000	       134	00000000	00000013	addi	x0,x0,0	  x0:0x00000000
        1365000	       135	80001b44	00000013	addi	x0,x0,0	  x0:0x00000000
        1375000	       136	80001b48	019fa333	slt	x6,x31,x25	 x31:0x80009fc4 x25:0x00000000  x6=0x00000001
        1385000	       137	80001b4c	3f0d0593	addi	x11,x26,1008	 x26:0x00000001 x11=0x000003f1
        1395000	       138	80001b50	57a72d93	slti	x27,x14,1402	 x14:0x00000000 x27=0x00000001
        1405000	       139	80001b54	fe490913	addi	x18,x18,-28	 x18:0x80009f4c x18=0x80009f30
        1415000	       140	80001b58	4036d793	srai	x15,x13,0x3	 x13:0xf4e2bdfa x15=0xfe9c57bf
        1425000	       141	80001b5c	636afa13	andi	x20,x21,1590	 x21:0x00000001 x20=0x00000000
        1435000	       142	80001b60	00192223	sw	x1,4(x18)	 x18:0x80009f30  x1:0x80002974 PA:0x80009f34
        1445000	       143	80001b64	001f6c33	or	x24,x30,x1	 x30:0xfffffff8  x1:0x80002974 x24=0xfffffffc
        1455000	       144	80001b68	002e9c33	sll	x24,x29,x2	 x29:0x80009f68  x2:0xf0c9c25b x24=0x40000000
        1465000	       145	80001b6c	00d4d193	srli	x3,x9,0xd	  x9:0x0000000a  x3=0x00000000
        1475000	       146	80001b70	028000ef	jal	x1,80001b70	  x1=0x80001b70
        1485000	       147	00000000	00000013	addi	x0,x0,0	  x0:0x00000000
        1495000	       148	80001b94	00000013	addi	x0,x0,0	  x0:0x00000000
        1505000	       149	80001b98	fe9ff0ef	jal	x1,80001b98	  x1=0x80001b98
        1515000	       150	00000000	00000013	addi	x0,x0,0	  x0:0x00000000
        1525000	       151	80001b7c	00000013	addi	x0,x0,0	  x0:0x00000000
        1535000	       152	80001b80	ff9ff36f	jal	x6,80001b80	  x6=0x80001b80
        1545000	       153	00000000	00000013	addi	x0,x0,0	  x0:0x00000000
        1555000	       154	80001b74	00000013	addi	x0,x0,0	  x0:0x00000000
        1565000	       155	80001b78	004000ef	jal	x1,80001b78	  x1=0x80001b78
        1575000	       156	00000000	00000013	addi	x0,x0,0	  x0:0x00000000
        1585000	       157	80001b78	00000013	addi	x0,x0,0	  x0:0x00000000
        1595000	       158	80001b7c	0080036f	jal	x6,80001b7c	  x6=0x80001b7c
        1605000	       159	00000000	00000013	addi	x0,x0,0	  x0:0x00000000
        1615000	       160	80001b80	00000013	addi	x0,x0,0	  x0:0x00000000
        1625000	       161	80001b84	ff1ff36f	jal	x6,80001b84	  x6=0x80001b84
        1635000	       162	00000000	00000013	addi	x0,x0,0	  x0:0x00000000
        1645000	       163	80001b70	00000013	addi	x0,x0,0	  x0:0x00000000
        1655000	       164	80001b74	014002ef	jal	x5,80001b74	  x5=0x80001b74
        1665000	       165	00000000	00000013	addi	x0,x0,0	  x0:0x00000000
        1675000	       166	80001b84	00000013	addi	x0,x0,0	  x0:0x00000000
        1685000	       167	80001b88	00c007ef	jal	x15,80001b88	 x15=0x80001b88
        1695000	       168	00000000	00000013	addi	x0,x0,0	  x0:0x00000000
        1705000	       169	80001b90	00000013	addi	x0,x0,0	  x0:0x00000000
        1715000	       170	80001b94	ff9ff0ef	jal	x1,80001b94	  x1=0x80001b94
        1725000	       171	00000000	00000013	addi	x0,x0,0	  x0:0x00000000
        1735000	       172	80001b88	00000013	addi	x0,x0,0	  x0:0x00000000
        1745000	       173	80001b8c	004000ef	jal	x1,80001b8c	  x1=0x80001b8c
        1755000	       174	00000000	00000013	addi	x0,x0,0	  x0:0x00000000
        1765000	       175	80001b8c	00000013	addi	x0,x0,0	  x0:0x00000000
        1775000	       176	80001b90	00c00def	jal	x27,80001b90	 x27=0x80001b90
        1785000	       177	00000000	00000013	addi	x0,x0,0	  x0:0x00000000
        1795000	       178	80001b98	00000013	addi	x0,x0,0	  x0:0x00000000
        1805000	       179	80001b9c	004001ef	jal	x3,80001b9c	  x3=0x80001b9c
        1815000	       180	00000000	00000013	addi	x0,x0,0	  x0:0x00000000
        1825000	       181	80001b9c	00000013	addi	x0,x0,0	  x0:0x00000000
        1835000	       182	80001ba0	9ef5cd37	lui	x26,0x9ef5c	 x26=0x9ef5c000
        1845000	       183	80001ba4	010000ef	jal	x1,80001ba4	  x1=0x80001ba4
        1855000	       184	00000000	00000013	addi	x0,x0,0	  x0:0x00000000
        1865000	       185	80001bb0	00000013	addi	x0,x0,0	  x0:0x00000000
        1875000	       186	80001bb4	0200086f	jal	x16,80001bb4	 x16=0x80001bb4
        1885000	       187	00000000	00000013	addi	x0,x0,0	  x0:0x00000000
        1895000	       188	80001bd0	00000013	addi	x0,x0,0	  x0:0x00000000
        1905000	       189	80001bd4	fd5ffb6f	jal	x22,80001bd4	 x22=0x80001bd4
        1915000	       190	00000000	00000013	addi	x0,x0,0	  x0:0x00000000
        1925000	       191	80001ba4	00000013	addi	x0,x0,0	  x0:0x00000000
        1935000	       192	80001ba8	030001ef	jal	x3,80001ba8	  x3=0x80001ba8
        1945000	       193	00000000	00000013	addi	x0,x0,0	  x0:0x00000000
        1955000	       194	80001bd4	00000013	addi	x0,x0,0	  x0:0x00000000
        1965000	       195	80001bd8	004000ef	jal	x1,80001bd8	  x1=0x80001bd8
        1975000	       196	00000000	00000013	addi	x0,x0,0	  x0:0x00000000
        1985000	       197	80001bd8	00000013	addi	x0,x0,0	  x0:0x00000000
        1995000	       198	80001bdc	fd1ff0ef	jal	x1,80001bdc	  x1=0x80001bdc
        2005000	       199	00000000	00000013	addi	x0,x0,0	  x0:0x00000000
        2015000	       200	80001ba8	00000013	addi	x0,x0,0	  x0:0x00000000
        2025000	       201	80001bac	0180026f	jal	x4,80001bac	  x4=0x80001bac
        2035000	       202	00000000	00000013	addi	x0,x0,0	  x0:0x00000000
        2045000	       203	80001bc0	00000013	addi	x0,x0,0	  x0:0x00000000
        2055000	       204	80001bc4	00c0036f	jal	x6,80001bc4	  x6=0x80001bc4
        2065000	       205	00000000	00000013	addi	x0,x0,0	  x0:0x00000000
        2075000	       206	80001bcc	00000013	addi	x0,x0,0	  x0:0x00000000
        2085000	       207	80001bd0	fedff36f	jal	x6,80001bd0	  x6=0x80001bd0
        2095000	       208	00000000	00000013	addi	x0,x0,0	  x0:0x00000000
        2105000	       209	80001bb8	00000013	addi	x0,x0,0	  x0:0x00000000
        2115000	       210	80001bbc	00c00cef	jal	x25,80001bbc	 x25=0x80001bbc
        2125000	       211	00000000	00000013	addi	x0,x0,0	  x0:0x00000000
        2135000	       212	80001bc4	00000013	addi	x0,x0,0	  x0:0x00000000
        2145000	       213	80001bc8	004000ef	jal	x1,80001bc8	  x1=0x80001bc8
        2155000	       214	00000000	00000013	addi	x0,x0,0	  x0:0x00000000
        2165000	       215	80001bc8	00000013	addi	x0,x0,0	  x0:0x00000000
        2175000	       216	80001bcc	fe5ff4ef	jal	x9,80001bcc	  x9=0x80001bcc
        2185000	       217	00000000	00000013	addi	x0,x0,0	  x0:0x00000000
        2195000	       218	80001bac	00000013	addi	x0,x0,0	  x0:0x00000000
        2205000	       219	80001bb0	010000ef	jal	x1,80001bb0	  x1=0x80001bb0
        2215000	       220	00000000	00000013	addi	x0,x0,0	  x0:0x00000000
        2225000	       221	80001bbc	00000013	addi	x0,x0,0	  x0:0x00000000
        2235000	       222	80001bc0	ff9ff8ef	jal	x17,80001bc0	 x17=0x80001bc0
        2245000	       223	00000000	00000013	addi	x0,x0,0	  x0:0x00000000
        2255000	       224	80001bb4	00000013	addi	x0,x0,0	  x0:0x00000000
        2265000	       225	80001bb8	0280036f	jal	x6,80001bb8	  x6=0x80001bb8
        2275000	       226	00000000	00000013	addi	x0,x0,0	  x0:0x00000000
        2285000	       227	80001bdc	00000013	addi	x0,x0,0	  x0:0x00000000
        2295000	       228	80001be0	987a8893	addi	x17,x21,-1657	 x21:0x00000001 x17=0xfffff988
        2305000	       229	80001be4	028000ef	jal	x1,80001be4	  x1=0x80001be4
        2315000	       230	00000000	00000013	addi	x0,x0,0	  x0:0x00000000
        2325000	       231	80001c08	00000013	addi	x0,x0,0	  x0:0x00000000
        2335000	       232	80001c0c	ff5ff26f	jal	x4,80001c0c	  x4=0x80001c0c
        2345000	       233	00000000	00000013	addi	x0,x0,0	  x0:0x00000000
        2355000	       234	80001bfc	00000013	addi	x0,x0,0	  x0:0x00000000
        2365000	       235	80001c00	ff5ffdef	jal	x27,80001c00	 x27=0x80001c00
        2375000	       236	00000000	00000013	addi	x0,x0,0	  x0:0x00000000
        2385000	       237	80001bf0	00000013	addi	x0,x0,0	  x0:0x00000000
        2395000	       238	80001bf4	008000ef	jal	x1,80001bf4	  x1=0x80001bf4
        2405000	       239	00000000	00000013	addi	x0,x0,0	  x0:0x00000000
        2415000	       240	80001bf8	00000013	addi	x0,x0,0	  x0:0x00000000
        2425000	       241	80001bfc	fedff0ef	jal	x1,80001bfc	  x1=0x80001bfc
        2435000	       242	00000000	00000013	addi	x0,x0,0	  x0:0x00000000
        2445000	       243	80001be4	00000013	addi	x0,x0,0	  x0:0x00000000
        2455000	       244	80001be8	01c002ef	jal	x5,80001be8	  x5=0x80001be8
        2465000	       245	00000000	00000013	addi	x0,x0,0	  x0:0x00000000
        2475000	       246	80001c00	00000013	addi	x0,x0,0	  x0:0x00000000
        2485000	       247	80001c04	00400aef	jal	x21,80001c04	 x21=0x80001c04
        2495000	       248	00000000	00000013	addi	x0,x0,0	  x0:0x00000000
        2505000	       249	80001c04	00000013	addi	x0,x0,0	  x0:0x00000000
        2515000	       250	80001c08	ff1ff0ef	jal	x1,80001c08	  x1=0x80001c08
        2525000	       251	00000000	00000013	addi	x0,x0,0	  x0:0x00000000
        2535000	       252	80001bf4	00000013	addi	x0,x0,0	  x0:0x00000000
        2545000	       253	80001bf8	ff5ff0ef	jal	x1,80001bf8	  x1=0x80001bf8
        2555000	       254	00000000	00000013	addi	x0,x0,0	  x0:0x00000000
        2565000	       255	80001be8	00000013	addi	x0,x0,0	  x0:0x00000000
        2575000	       256	80001bec	004000ef	jal	x1,80001bec	  x1=0x80001bec
        2585000	       257	00000000	00000013	addi	x0,x0,0	  x0:0x00000000
        2595000	       258	80001bec	00000013	addi	x0,x0,0	  x0:0x00000000
        2605000	       259	80001bf0	020000ef	jal	x1,80001bf0	  x1=0x80001bf0
        2615000	       260	00000000	00000013	addi	x0,x0,0	  x0:0x00000000
        2625000	       261	80001c0c	00000013	addi	x0,x0,0	  x0:0x00000000
        2635000	       262	80001c10	00000013	addi	x0,x0,0	  x0:0x00000000
        2645000	       263	80001c14	02c000ef	jal	x1,80001c14	  x1=0x80001c14
        2655000	       264	00000000	00000013	addi	x0,x0,0	  x0:0x00000000
        2665000	       265	80001c3c	00000013	addi	x0,x0,0	  x0:0x00000000
        2675000	       266	80001c40	008000ef	jal	x1,80001c40	  x1=0x80001c40
        2685000	       267	00000000	00000013	addi	x0,x0,0	  x0:0x00000000
        2695000	       268	80001c44	00000013	addi	x0,x0,0	  x0:0x00000000
        2705000	       269	80001c48	fd9ff0ef	jal	x1,80001c48	  x1=0x80001c48
        2715000	       270	00000000	00000013	addi	x0,x0,0	  x0:0x00000000
        2725000	       271	80001c1c	00000013	addi	x0,x0,0	  x0:0x00000000
        2735000	       272	80001c20	0400036f	jal	x6,80001c20	  x6=0x80001c20
        2745000	       273	00000000	00000013	addi	x0,x0,0	  x0:0x00000000
        2755000	       274	80001c5c	00000013	addi	x0,x0,0	  x0:0x00000000
        2765000	       275	80001c60	ff1ffeef	jal	x29,80001c60	 x29=0x80001c60
        2775000	       276	00000000	00000013	addi	x0,x0,0	  x0:0x00000000
        2785000	       277	80001c4c	00000013	addi	x0,x0,0	  x0:0x00000000
        2795000	       278	80001c50	fe5ff0ef	jal	x1,80001c50	  x1=0x80001c50
        2805000	       279	00000000	00000013	addi	x0,x0,0	  x0:0x00000000
        2815000	       280	80001c30	00000013	addi	x0,x0,0	  x0:0x00000000
        2825000	       281	80001c34	004000ef	jal	x1,80001c34	  x1=0x80001c34
        2835000	       282	00000000	00000013	addi	x0,x0,0	  x0:0x00000000
        2845000	       283	80001c34	00000013	addi	x0,x0,0	  x0:0x00000000
        2855000	       284	80001c38	fe1ff0ef	jal	x1,80001c38	  x1=0x80001c38
        2865000	       285	00000000	00000013	addi	x0,x0,0	  x0:0x00000000
        2875000	       286	80001c14	00000013	addi	x0,x0,0	  x0:0x00000000
        2885000	       287	80001c18	02c00aef	jal	x21,80001c18	 x21=0x80001c18
        2895000	       288	00000000	00000013	addi	x0,x0,0	  x0:0x00000000
        2905000	       289	80001c40	00000013	addi	x0,x0,0	  x0:0x00000000
        2915000	       290	80001c44	028000ef	jal	x1,80001c44	  x1=0x80001c44
        2925000	       291	00000000	00000013	addi	x0,x0,0	  x0:0x00000000
        2935000	       292	80001c68	00000013	addi	x0,x0,0	  x0:0x00000000
        2945000	       293	80001c6c	fedff3ef	jal	x7,80001c6c	  x7=0x80001c6c
        2955000	       294	00000000	00000013	addi	x0,x0,0	  x0:0x00000000
        2965000	       295	80001c54	00000013	addi	x0,x0,0	  x0:0x00000000
        2975000	       296	80001c58	004000ef	jal	x1,80001c58	  x1=0x80001c58
        2985000	       297	00000000	00000013	addi	x0,x0,0	  x0:0x00000000
        2995000	       298	80001c58	00000013	addi	x0,x0,0	  x0:0x00000000
        3005000	       299	80001c5c	fcdff0ef	jal	x1,80001c5c	  x1=0x80001c5c
        3015000	       300	00000000	00000013	addi	x0,x0,0	  x0:0x00000000
        3025000	       301	80001c24	00000013	addi	x0,x0,0	  x0:0x00000000
        3035000	       302	80001c28	03c0036f	jal	x6,80001c28	  x6=0x80001c28
        3045000	       303	00000000	00000013	addi	x0,x0,0	  x0:0x00000000
        3055000	       304	80001c60	00000013	addi	x0,x0,0	  x0:0x00000000
        3065000	       305	80001c64	ff1ff0ef	jal	x1,80001c64	  x1=0x80001c64
        3075000	       306	00000000	00000013	addi	x0,x0,0	  x0:0x00000000
        3085000	       307	80001c50	00000013	addi	x0,x0,0	  x0:0x00000000
        3095000	       308	80001c54	014000ef	jal	x1,80001c54	  x1=0x80001c54
        3105000	       309	00000000	00000013	addi	x0,x0,0	  x0:0x00000000
        3115000	       310	80001c64	00000013	addi	x0,x0,0	  x0:0x00000000
        3125000	       311	80001c68	fbdff0ef	jal	x1,80001c68	  x1=0x80001c68
        3135000	       312	00000000	00000013	addi	x0,x0,0	  x0:0x00000000
        3145000	       313	80001c20	00000013	addi	x0,x0,0	  x0:0x00000000
        3155000	       314	80001c24	008000ef	jal	x1,80001c24	  x1=0x80001c24
        3165000	       315	00000000	00000013	addi	x0,x0,0	  x0:0x00000000
        3175000	       316	80001c28	00000013	addi	x0,x0,0	  x0:0x00000000
        3185000	       317	80001c2c	ff1ff0ef	jal	x1,80001c2c	  x1=0x80001c2c
        3195000	       318	00000000	00000013	addi	x0,x0,0	  x0:0x00000000
        3205000	       319	80001c18	00000013	addi	x0,x0,0	  x0:0x00000000
        3215000	       320	80001c1c	014000ef	jal	x1,80001c1c	  x1=0x80001c1c
        3225000	       321	00000000	00000013	addi	x0,x0,0	  x0:0x00000000
        3235000	       322	80001c2c	00000013	addi	x0,x0,0	  x0:0x00000000
        3245000	       323	80001c30	01c000ef	jal	x1,80001c30	  x1=0x80001c30
        3255000	       324	00000000	00000013	addi	x0,x0,0	  x0:0x00000000
        3265000	       325	80001c48	00000013	addi	x0,x0,0	  x0:0x00000000
        3275000	       326	80001c4c	ff1ff36f	jal	x6,80001c4c	  x6=0x80001c4c
        3285000	       327	00000000	00000013	addi	x0,x0,0	  x0:0x00000000
        3295000	       328	80001c38	00000013	addi	x0,x0,0	  x0:0x00000000
        3305000	       329	80001c3c	03400d6f	jal	x26,80001c3c	 x26=0x80001c3c
        3315000	       330	00000000	00000013	addi	x0,x0,0	  x0:0x00000000
        3325000	       331	80001c6c	00000013	addi	x0,x0,0	  x0:0x00000000
        3335000	       332	80001c70	406b89b3	sub	x19,x23,x6	 x23:0x9dd61115  x6:0x80001c4c x19=0x1dd5f4c9
        3345000	       333	80001c74	020000ef	jal	x1,80001c74	  x1=0x80001c74
        3355000	       334	00000000	00000013	addi	x0,x0,0	  x0:0x00000000
        3365000	       335	80001c90	00000013	addi	x0,x0,0	  x0:0x00000000
        3375000	       336	80001c94	ff9ff36f	jal	x6,80001c94	  x6=0x80001c94
        3385000	       337	00000000	00000013	addi	x0,x0,0	  x0:0x00000000
        3395000	       338	80001c88	00000013	addi	x0,x0,0	  x0:0x00000000
        3405000	       339	80001c8c	ff1ff0ef	jal	x1,80001c8c	  x1=0x80001c8c
        3415000	       340	00000000	00000013	addi	x0,x0,0	  x0:0x00000000
        3425000	       341	80001c78	00000013	addi	x0,x0,0	  x0:0x00000000
        3435000	       342	80001c7c	034000ef	jal	x1,80001c7c	  x1=0x80001c7c
        3445000	       343	00000000	00000013	addi	x0,x0,0	  x0:0x00000000
        3455000	       344	80001cac	00000013	addi	x0,x0,0	  x0:0x00000000
        3465000	       345	80001cb0	0100036f	jal	x6,80001cb0	  x6=0x80001cb0
        3475000	       346	00000000	00000013	addi	x0,x0,0	  x0:0x00000000
        3485000	       347	80001cbc	00000013	addi	x0,x0,0	  x0:0x00000000
        3495000	       348	80001cc0	fc1ff0ef	jal	x1,80001cc0	  x1=0x80001cc0
        3505000	       349	00000000	00000013	addi	x0,x0,0	  x0:0x00000000
        3515000	       350	80001c7c	00000013	addi	x0,x0,0	  x0:0x00000000
        3525000	       351	80001c80	02400b6f	jal	x22,80001c80	 x22=0x80001c80
        3535000	       352	00000000	00000013	addi	x0,x0,0	  x0:0x00000000
        3545000	       353	80001ca0	00000013	addi	x0,x0,0	  x0:0x00000000
        3555000	       354	80001ca4	fd5ff0ef	jal	x1,80001ca4	  x1=0x80001ca4
        3565000	       355	00000000	00000013	addi	x0,x0,0	  x0:0x00000000
        3575000	       356	80001c74	00000013	addi	x0,x0,0	  x0:0x00000000
        3585000	       357	80001c78	0340036f	jal	x6,80001c78	  x6=0x80001c78
        3595000	       358	00000000	00000013	addi	x0,x0,0	  x0:0x00000000
        3605000	       359	80001ca8	00000013	addi	x0,x0,0	  x0:0x00000000
        3615000	       360	80001cac	00c0036f	jal	x6,80001cac	  x6=0x80001cac
        3625000	       361	00000000	00000013	addi	x0,x0,0	  x0:0x00000000
        3635000	       362	80001cb4	00000013	addi	x0,x0,0	  x0:0x00000000
        3645000	       363	80001cb8	fcdff0ef	jal	x1,80001cb8	  x1=0x80001cb8
        3655000	       364	00000000	00000013	addi	x0,x0,0	  x0:0x00000000
        3665000	       365	80001c80	00000013	addi	x0,x0,0	  x0:0x00000000
        3675000	       366	80001c84	00c000ef	jal	x1,80001c84	  x1=0x80001c84
        3685000	       367	00000000	00000013	addi	x0,x0,0	  x0:0x00000000
        3695000	       368	80001c8c	00000013	addi	x0,x0,0	  x0:0x00000000
        3705000	       369	80001c90	024000ef	jal	x1,80001c90	  x1=0x80001c90
        3715000	       370	00000000	00000013	addi	x0,x0,0	  x0:0x00000000
        3725000	       371	80001cb0	00000013	addi	x0,x0,0	  x0:0x00000000
        3735000	       372	80001cb4	fd5ff36f	jal	x6,80001cb4	  x6=0x80001cb4
        3745000	       373	00000000	00000013	addi	x0,x0,0	  x0:0x00000000
        3755000	       374	80001c84	00000013	addi	x0,x0,0	  x0:0x00000000
        3765000	       375	80001c88	034000ef	jal	x1,80001c88	  x1=0x80001c88
        3775000	       376	00000000	00000013	addi	x0,x0,0	  x0:0x00000000
        3785000	       377	80001cb8	00000013	addi	x0,x0,0	  x0:0x00000000
        3795000	       378	80001cbc	fddff0ef	jal	x1,80001cbc	  x1=0x80001cbc
        3805000	       379	00000000	00000013	addi	x0,x0,0	  x0:0x00000000
        3815000	       380	80001c94	00000013	addi	x0,x0,0	  x0:0x00000000
        3825000	       381	80001c98	0080036f	jal	x6,80001c98	  x6=0x80001c98
        3835000	       382	00000000	00000013	addi	x0,x0,0	  x0:0x00000000
        3845000	       383	80001c9c	00000013	addi	x0,x0,0	  x0:0x00000000
        3855000	       384	80001ca0	008000ef	jal	x1,80001ca0	  x1=0x80001ca0
        3865000	       385	00000000	00000013	addi	x0,x0,0	  x0:0x00000000
        3875000	       386	80001ca4	00000013	addi	x0,x0,0	  x0:0x00000000
        3885000	       387	80001ca8	ff5ff0ef	jal	x1,80001ca8	  x1=0x80001ca8
        3895000	       388	00000000	00000013	addi	x0,x0,0	  x0:0x00000000
        3905000	       389	80001c98	00000013	addi	x0,x0,0	  x0:0x00000000
        3915000	       390	80001c9c	028000ef	jal	x1,80001c9c	  x1=0x80001c9c
        3925000	       391	00000000	00000013	addi	x0,x0,0	  x0:0x00000000
        3935000	       392	80001cc0	00000013	addi	x0,x0,0	  x0:0x00000000
        3945000	       393	80001cc4	003d55b3	srl	x11,x26,x3	 x26:0x80001c3c  x3:0x80001ba8 x11=0x0080001c
        3955000	       394	80001cc8	00c000ef	jal	x1,80001cc8	  x1=0x80001cc8
        3965000	       395	00000000	00000013	addi	x0,x0,0	  x0:0x00000000
        3975000	       396	80001cd0	00000013	addi	x0,x0,0	  x0:0x00000000
        3985000	       397	80001cd4	024000ef	jal	x1,80001cd4	  x1=0x80001cd4
        3995000	       398	00000000	00000013	addi	x0,x0,0	  x0:0x00000000
        4005000	       399	80001cf4	00000013	addi	x0,x0,0	  x0:0x00000000
        4015000	       400	80001cf8	ffdff0ef	jal	x1,80001cf8	  x1=0x80001cf8
        4025000	       401	00000000	00000013	addi	x0,x0,0	  x0:0x00000000
        4035000	       402	80001cf0	00000013	addi	x0,x0,0	  x0:0x00000000
        4045000	       403	80001cf4	fe9ffd6f	jal	x26,80001cf4	 x26=0x80001cf4
        4055000	       404	00000000	00000013	addi	x0,x0,0	  x0:0x00000000
        4065000	       405	80001cd8	00000013	addi	x0,x0,0	  x0:0x00000000
        4075000	       406	80001cdc	ff5ff46f	jal	x8,80001cdc	  x8=0x80001cdc
        4085000	       407	00000000	00000013	addi	x0,x0,0	  x0:0x00000000
        4095000	       408	80001ccc	00000013	addi	x0,x0,0	  x0:0x00000000
        4105000	       409	80001cd0	01c0036f	jal	x6,80001cd0	  x6=0x80001cd0
        4115000	       410	00000000	00000013	addi	x0,x0,0	  x0:0x00000000
        4125000	       411	80001ce8	00000013	addi	x0,x0,0	  x0:0x00000000
        4135000	       412	80001cec	ff5ff0ef	jal	x1,80001cec	  x1=0x80001cec
        4145000	       413	00000000	00000013	addi	x0,x0,0	  x0:0x00000000
        4155000	       414	80001cdc	00000013	addi	x0,x0,0	  x0:0x00000000
        4165000	       415	80001ce0	004000ef	jal	x1,80001ce0	  x1=0x80001ce0
        4175000	       416	00000000	00000013	addi	x0,x0,0	  x0:0x00000000
        4185000	       417	80001ce0	00000013	addi	x0,x0,0	  x0:0x00000000
        4195000	       418	80001ce4	00c002ef	jal	x5,80001ce4	  x5=0x80001ce4
        4205000	       419	00000000	00000013	addi	x0,x0,0	  x0:0x00000000
        4215000	       420	80001cec	00000013	addi	x0,x0,0	  x0:0x00000000
        4225000	       421	80001cf0	fddffdef	jal	x27,80001cf0	 x27=0x80001cf0
        4235000	       422	00000000	00000013	addi	x0,x0,0	  x0:0x00000000
        4245000	       423	80001cc8	00000013	addi	x0,x0,0	  x0:0x00000000
        4255000	       424	80001ccc	01c001ef	jal	x3,80001ccc	  x3=0x80001ccc
        4265000	       425	00000000	00000013	addi	x0,x0,0	  x0:0x00000000
        4275000	       426	80001ce4	00000013	addi	x0,x0,0	  x0:0x00000000
        4285000	       427	80001ce8	ff1ff0ef	jal	x1,80001ce8	  x1=0x80001ce8
        4295000	       428	00000000	00000013	addi	x0,x0,0	  x0:0x00000000
        4305000	       429	80001cd4	00000013	addi	x0,x0,0	  x0:0x00000000
        4315000	       430	80001cd8	02400f6f	jal	x30,80001cd8	 x30=0x80001cd8
        4325000	       431	00000000	00000013	addi	x0,x0,0	  x0:0x00000000
        4335000	       432	80001cf8	00000013	addi	x0,x0,0	  x0:0x00000000
        4345000	       433	80001cfc	0040036f	jal	x6,80001cfc	  x6=0x80001cfc
        4355000	       434	00000000	00000013	addi	x0,x0,0	  x0:0x00000000
        4365000	       435	80001cfc	00000013	addi	x0,x0,0	  x0:0x00000000
        4375000	       436	80001d00	007ed2b3	srl	x5,x29,x7	 x29:0x80001c60  x7:0x80001c6c  x5=0x00080001
        4385000	       437	80001d04	024000ef	jal	x1,80001d04	  x1=0x80001d04
        4395000	       438	00000000	00000013	addi	x0,x0,0	  x0:0x00000000
        4405000	       439	80001d24	00000013	addi	x0,x0,0	  x0:0x00000000
        4415000	       440	80001d28	ff1ff0ef	jal	x1,80001d28	  x1=0x80001d28
        4425000	       441	00000000	00000013	addi	x0,x0,0	  x0:0x00000000
        4435000	       442	80001d14	00000013	addi	x0,x0,0	  x0:0x00000000
        4445000	       443	80001d18	0200036f	jal	x6,80001d18	  x6=0x80001d18
        4455000	       444	00000000	00000013	addi	x0,x0,0	  x0:0x00000000
        4465000	       445	80001d34	00000013	addi	x0,x0,0	  x0:0x00000000
        4475000	       446	80001d38	fd5ff0ef	jal	x1,80001d38	  x1=0x80001d38
        4485000	       447	00000000	00000013	addi	x0,x0,0	  x0:0x00000000
        4495000	       448	80001d08	00000013	addi	x0,x0,0	  x0:0x00000000
        4505000	       449	80001d0c	004000ef	jal	x1,80001d0c	  x1=0x80001d0c
        4515000	       450	00000000	00000013	addi	x0,x0,0	  x0:0x00000000
        4525000	       451	80001d0c	00000013	addi	x0,x0,0	  x0:0x00000000
        4535000	       452	80001d10	014000ef	jal	x1,80001d10	  x1=0x80001d10
        4545000	       453	00000000	00000013	addi	x0,x0,0	  x0:0x00000000
        4555000	       454	80001d20	00000013	addi	x0,x0,0	  x0:0x00000000
        4565000	       455	80001d24	01000bef	jal	x23,80001d24	 x23=0x80001d24
        4575000	       456	00000000	00000013	addi	x0,x0,0	  x0:0x00000000
        4585000	       457	80001d30	00000013	addi	x0,x0,0	  x0:0x00000000
        4595000	       458	80001d34	ff9ffeef	jal	x29,80001d34	 x29=0x80001d34
        4605000	       459	00000000	00000013	addi	x0,x0,0	  x0:0x00000000
        4615000	       460	80001d28	00000013	addi	x0,x0,0	  x0:0x00000000
        4625000	       461	80001d2c	00400bef	jal	x23,80001d2c	 x23=0x80001d2c
        4635000	       462	00000000	00000013	addi	x0,x0,0	  x0:0x00000000
        4645000	       463	80001d2c	00000013	addi	x0,x0,0	  x0:0x00000000
        4655000	       464	80001d30	fd9ff0ef	jal	x1,80001d30	  x1=0x80001d30
        4665000	       465	00000000	00000013	addi	x0,x0,0	  x0:0x00000000
        4675000	       466	80001d04	00000013	addi	x0,x0,0	  x0:0x00000000
        4685000	       467	80001d08	00c000ef	jal	x1,80001d08	  x1=0x80001d08
        4695000	       468	00000000	00000013	addi	x0,x0,0	  x0:0x00000000
        4705000	       469	80001d10	00000013	addi	x0,x0,0	  x0:0x00000000
        4715000	       470	80001d14	00c000ef	jal	x1,80001d14	  x1=0x80001d14
        4725000	       471	00000000	00000013	addi	x0,x0,0	  x0:0x00000000
        4735000	       472	80001d1c	00000013	addi	x0,x0,0	  x0:0x00000000
        4745000	       473	80001d20	ffdff0ef	jal	x1,80001d20	  x1=0x80001d20
        4755000	       474	00000000	00000013	addi	x0,x0,0	  x0:0x00000000
        4765000	       475	80001d18	00000013	addi	x0,x0,0	  x0:0x00000000
        4775000	       476	80001d1c	0200036f	jal	x6,80001d1c	  x6=0x80001d1c
        4785000	       477	00000000	00000013	addi	x0,x0,0	  x0:0x00000000
        4795000	       478	80001d38	00000013	addi	x0,x0,0	  x0:0x00000000
        4805000	       479	80001d3c	9c5afb13	andi	x22,x21,-1595	 x21:0x80001c18 x22=0x80001800
        4815000	       480	80001d40	01c000ef	jal	x1,80001d40	  x1=0x80001d40
        4825000	       481	00000000	00000013	addi	x0,x0,0	  x0:0x00000000
        4835000	       482	80001d58	00000013	addi	x0,x0,0	  x0:0x00000000
        4845000	       483	80001d5c	014000ef	jal	x1,80001d5c	  x1=0x80001d5c
        4855000	       484	00000000	00000013	addi	x0,x0,0	  x0:0x00000000
        4865000	       485	80001d6c	00000013	addi	x0,x0,0	  x0:0x00000000
        4875000	       486	80001d70	fe5ff0ef	jal	x1,80001d70	  x1=0x80001d70
        4885000	       487	00000000	00000013	addi	x0,x0,0	  x0:0x00000000
        4895000	       488	80001d50	00000013	addi	x0,x0,0	  x0:0x00000000
        4905000	       489	80001d54	ff1ff2ef	jal	x5,80001d54	  x5=0x80001d54
        4915000	       490	00000000	00000013	addi	x0,x0,0	  x0:0x00000000
        4925000	       491	80001d40	00000013	addi	x0,x0,0	  x0:0x00000000
        4935000	       492	80001d44	01c004ef	jal	x9,80001d44	  x9=0x80001d44
        4945000	       493	00000000	00000013	addi	x0,x0,0	  x0:0x00000000
        4955000	       494	80001d5c	00000013	addi	x0,x0,0	  x0:0x00000000
        4965000	       495	80001d60	fedff0ef	jal	x1,80001d60	  x1=0x80001d60
        4975000	       496	00000000	00000013	addi	x0,x0,0	  x0:0x00000000
        4985000	       497	80001d48	00000013	addi	x0,x0,0	  x0:0x00000000
        4995000	       498	80001d4c	00c0056f	jal	x10,80001d4c	 x10=0x80001d4c
        5005000	       499	00000000	00000013	addi	x0,x0,0	  x0:0x00000000
        5015000	       500	80001d54	00000013	addi	x0,x0,0	  x0:0x00000000
        5025000	       501	80001d58	014000ef	jal	x1,80001d58	  x1=0x80001d58
        5035000	       502	00000000	00000013	addi	x0,x0,0	  x0:0x00000000
        5045000	       503	80001d68	00000013	addi	x0,x0,0	  x0:0x00000000
        5055000	       504	80001d6c	fe5ff0ef	jal	x1,80001d6c	  x1=0x80001d6c
        5065000	       505	00000000	00000013	addi	x0,x0,0	  x0:0x00000000
        5075000	       506	80001d4c	00000013	addi	x0,x0,0	  x0:0x00000000
        5085000	       507	80001d50	ff9ff1ef	jal	x3,80001d50	  x3=0x80001d50
        5095000	       508	00000000	00000013	addi	x0,x0,0	  x0:0x00000000
        5105000	       509	80001d44	00000013	addi	x0,x0,0	  x0:0x00000000
        5115000	       510	80001d48	01c00bef	jal	x23,80001d48	 x23=0x80001d48
        5125000	       511	00000000	00000013	addi	x0,x0,0	  x0:0x00000000
        5135000	       512	80001d60	00000013	addi	x0,x0,0	  x0:0x00000000
        5145000	       513	80001d64	0040086f	jal	x16,80001d64	 x16=0x80001d64
        5155000	       514	00000000	00000013	addi	x0,x0,0	  x0:0x00000000
        5165000	       515	80001d64	00000013	addi	x0,x0,0	  x0:0x00000000
        5175000	       516	80001d68	00c0036f	jal	x6,80001d68	  x6=0x80001d68
        5185000	       517	00000000	00000013	addi	x0,x0,0	  x0:0x00000000
        5195000	       518	80001d70	00000013	addi	x0,x0,0	  x0:0x00000000
        5205000	       519	80001d74	40fc8433	sub	x8,x25,x15	 x25:0x80001bbc x15:0x80001b88  x8=0x00000034
        5215000	       520	80001d78	05c000ef	jal	x1,80001d78	  x1=0x80001d78
        5225000	       521	00000000	00000013	addi	x0,x0,0	  x0:0x00000000
        5235000	       522	80001dd0	00000013	addi	x0,x0,0	  x0:0x00000000
        5245000	       523	80001dd4	0080036f	jal	x6,80001dd4	  x6=0x80001dd4
        5255000	       524	00000000	00000013	addi	x0,x0,0	  x0:0x00000000
        5265000	       525	80001dd8	00000013	addi	x0,x0,0	  x0:0x00000000
        5275000	       526	80001ddc	fedff0ef	jal	x1,80001ddc	  x1=0x80001ddc
        5285000	       527	00000000	00000013	addi	x0,x0,0	  x0:0x00000000
        5295000	       528	80001dc4	00000013	addi	x0,x0,0	  x0:0x00000000
        5305000	       529	80001dc8	fd1fff6f	jal	x30,80001dc8	 x30=0x80001dc8
        5315000	       530	00000000	00000013	addi	x0,x0,0	  x0:0x00000000
        5325000	       531	80001d94	00000013	addi	x0,x0,0	  x0:0x00000000
        5335000	       532	80001d98	02c000ef	jal	x1,80001d98	  x1=0x80001d98
        5345000	       533	00000000	00000013	addi	x0,x0,0	  x0:0x00000000
        5355000	       534	80001dc0	00000013	addi	x0,x0,0	  x0:0x00000000
        5365000	       535	80001dc4	fd9ffbef	jal	x23,80001dc4	 x23=0x80001dc4
        5375000	       536	00000000	00000013	addi	x0,x0,0	  x0:0x00000000
        5385000	       537	80001d98	00000013	addi	x0,x0,0	  x0:0x00000000
        5395000	       538	80001d9c	fedff0ef	jal	x1,80001d9c	  x1=0x80001d9c
        5405000	       539	00000000	00000013	addi	x0,x0,0	  x0:0x00000000
        5415000	       540	80001d84	00000013	addi	x0,x0,0	  x0:0x00000000
        5425000	       541	80001d88	038000ef	jal	x1,80001d88	  x1=0x80001d88
        5435000	       542	00000000	00000013	addi	x0,x0,0	  x0:0x00000000
        5445000	       543	80001dbc	00000013	addi	x0,x0,0	  x0:0x00000000
        5455000	       544	80001dc0	ffdff36f	jal	x6,80001dc0	  x6=0x80001dc0
        5465000	       545	00000000	00000013	addi	x0,x0,0	  x0:0x00000000
        5475000	       546	80001db8	00000013	addi	x0,x0,0	  x0:0x00000000
        5485000	       547	80001dbc	034000ef	jal	x1,80001dbc	  x1=0x80001dbc
        5495000	       548	00000000	00000013	addi	x0,x0,0	  x0:0x00000000
        5505000	       549	80001dec	00000013	addi	x0,x0,0	  x0:0x00000000
        5515000	       550	80001df0	fe1ff0ef	jal	x1,80001df0	  x1=0x80001df0
        5525000	       551	00000000	00000013	addi	x0,x0,0	  x0:0x00000000
        5535000	       552	80001dcc	00000013	addi	x0,x0,0	  x0:0x00000000
        5545000	       553	80001dd0	fe9ff0ef	jal	x1,80001dd0	  x1=0x80001dd0
        5555000	       554	00000000	00000013	addi	x0,x0,0	  x0:0x00000000
        5565000	       555	80001db4	00000013	addi	x0,x0,0	  x0:0x00000000
        5575000	       556	80001db8	034000ef	jal	x1,80001db8	  x1=0x80001db8
        5585000	       557	00000000	00000013	addi	x0,x0,0	  x0:0x00000000
        5595000	       558	80001de8	00000013	addi	x0,x0,0	  x0:0x00000000
        5605000	       559	80001dec	fc9ff2ef	jal	x5,80001dec	  x5=0x80001dec
        5615000	       560	00000000	00000013	addi	x0,x0,0	  x0:0x00000000
        5625000	       561	80001db0	00000013	addi	x0,x0,0	  x0:0x00000000
        5635000	       562	80001db4	018000ef	jal	x1,80001db4	  x1=0x80001db4
        5645000	       563	00000000	00000013	addi	x0,x0,0	  x0:0x00000000
        5655000	       564	80001dc8	00000013	addi	x0,x0,0	  x0:0x00000000
        5665000	       565	80001dcc	fd9ff0ef	jal	x1,80001dcc	  x1=0x80001dcc
        5675000	       566	00000000	00000013	addi	x0,x0,0	  x0:0x00000000
        5685000	       567	80001da0	00000013	addi	x0,x0,0	  x0:0x00000000
        5695000	       568	80001da4	fddff0ef	jal	x1,80001da4	  x1=0x80001da4
        5705000	       569	00000000	00000013	addi	x0,x0,0	  x0:0x00000000
        5715000	       570	80001d7c	00000013	addi	x0,x0,0	  x0:0x00000000
        5725000	       571	80001d80	00c003ef	jal	x7,80001d80	  x7=0x80001d80
        5735000	       572	00000000	00000013	addi	x0,x0,0	  x0:0x00000000
        5745000	       573	80001d88	00000013	addi	x0,x0,0	  x0:0x00000000
        5755000	       574	80001d8c	01c000ef	jal	x1,80001d8c	  x1=0x80001d8c
        5765000	       575	00000000	00000013	addi	x0,x0,0	  x0:0x00000000
        5775000	       576	80001da4	00000013	addi	x0,x0,0	  x0:0x00000000
        5785000	       577	80001da8	fddff0ef	jal	x1,80001da8	  x1=0x80001da8
        5795000	       578	00000000	00000013	addi	x0,x0,0	  x0:0x00000000
        5805000	       579	80001d80	00000013	addi	x0,x0,0	  x0:0x00000000
        5815000	       580	80001d84	05c00b6f	jal	x22,80001d84	 x22=0x80001d84
        5825000	       581	00000000	00000013	addi	x0,x0,0	  x0:0x00000000
        5835000	       582	80001ddc	00000013	addi	x0,x0,0	  x0:0x00000000
        5845000	       583	80001de0	f9dff1ef	jal	x3,80001de0	  x3=0x80001de0
        5855000	       584	00000000	00000013	addi	x0,x0,0	  x0:0x00000000
        5865000	       585	80001d78	00000013	addi	x0,x0,0	  x0:0x00000000
        5875000	       586	80001d7c	068000ef	jal	x1,80001d7c	  x1=0x80001d7c
        5885000	       587	00000000	00000013	addi	x0,x0,0	  x0:0x00000000
        5895000	       588	80001de0	00000013	addi	x0,x0,0	  x0:0x00000000
        5905000	       589	80001de4	fb1ff1ef	jal	x3,80001de4	  x3=0x80001de4
        5915000	       590	00000000	00000013	addi	x0,x0,0	  x0:0x00000000
        5925000	       591	80001d90	00000013	addi	x0,x0,0	  x0:0x00000000
        5935000	       592	80001d94	01c0036f	jal	x6,80001d94	  x6=0x80001d94
        5945000	       593	00000000	00000013	addi	x0,x0,0	  x0:0x00000000
        5955000	       594	80001dac	00000013	addi	x0,x0,0	  x0:0x00000000
        5965000	       595	80001db0	fe1ff2ef	jal	x5,80001db0	  x5=0x80001db0
        5975000	       596	00000000	00000013	addi	x0,x0,0	  x0:0x00000000
        5985000	       597	80001d8c	00000013	addi	x0,x0,0	  x0:0x00000000
        5995000	       598	80001d90	058000ef	jal	x1,80001d90	  x1=0x80001d90
        6005000	       599	00000000	00000013	addi	x0,x0,0	  x0:0x00000000
        6015000	       600	80001de4	00000013	addi	x0,x0,0	  x0:0x00000000
        6025000	       601	80001de8	ff1ff36f	jal	x6,80001de8	  x6=0x80001de8
        6035000	       602	00000000	00000013	addi	x0,x0,0	  x0:0x00000000
        6045000	       603	80001dd4	00000013	addi	x0,x0,0	  x0:0x00000000
        6055000	       604	80001dd8	fd5ff0ef	jal	x1,80001dd8	  x1=0x80001dd8
        6065000	       605	00000000	00000013	addi	x0,x0,0	  x0:0x00000000
        6075000	       606	80001da8	00000013	addi	x0,x0,0	  x0:0x00000000
        6085000	       607	80001dac	ff5ff36f	jal	x6,80001dac	  x6=0x80001dac
        6095000	       608	00000000	00000013	addi	x0,x0,0	  x0:0x00000000
        6105000	       609	80001d9c	00000013	addi	x0,x0,0	  x0:0x00000000
        6115000	       610	80001da0	054000ef	jal	x1,80001da0	  x1=0x80001da0
        6125000	       611	00000000	00000013	addi	x0,x0,0	  x0:0x00000000
        6135000	       612	80001df0	00000013	addi	x0,x0,0	  x0:0x00000000
        6145000	       613	80001df4	01cd5593	srli	x11,x26,0x1c	 x26:0x80001cf4 x11=0x00000008
        6155000	       614	80001df8	02c000ef	jal	x1,80001df8	  x1=0x80001df8
        6165000	       615	00000000	00000013	addi	x0,x0,0	  x0:0x00000000
        6175000	       616	80001e20	00000013	addi	x0,x0,0	  x0:0x00000000
        6185000	       617	80001e24	ffdff0ef	jal	x1,80001e24	  x1=0x80001e24
        6195000	       618	00000000	00000013	addi	x0,x0,0	  x0:0x00000000
        6205000	       619	80001e1c	00000013	addi	x0,x0,0	  x0:0x00000000
        6215000	       620	80001e20	00c000ef	jal	x1,80001e20	  x1=0x80001e20
        6225000	       621	00000000	00000013	addi	x0,x0,0	  x0:0x00000000
        6235000	       622	80001e28	00000013	addi	x0,x0,0	  x0:0x00000000
        6245000	       623	80001e2c	010000ef	jal	x1,80001e2c	  x1=0x80001e2c
        6255000	       624	00000000	00000013	addi	x0,x0,0	  x0:0x00000000
        6265000	       625	80001e38	00000013	addi	x0,x0,0	  x0:0x00000000
        6275000	       626	80001e3c	fc5ff36f	jal	x6,80001e3c	  x6=0x80001e3c
        6285000	       627	00000000	00000013	addi	x0,x0,0	  x0:0x00000000
        6295000	       628	80001dfc	00000013	addi	x0,x0,0	  x0:0x00000000
        6305000	       629	80001e00	010000ef	jal	x1,80001e00	  x1=0x80001e00
        6315000	       630	00000000	00000013	addi	x0,x0,0	  x0:0x00000000
        6325000	       631	80001e0c	00000013	addi	x0,x0,0	  x0:0x00000000
        6335000	       632	80001e10	ff9ff26f	jal	x4,80001e10	  x4=0x80001e10
        6345000	       633	00000000	00000013	addi	x0,x0,0	  x0:0x00000000
        6355000	       634	80001e04	00000013	addi	x0,x0,0	  x0:0x00000000
        6365000	       635	80001e08	ff5ff0ef	jal	x1,80001e08	  x1=0x80001e08
        6375000	       636	00000000	00000013	addi	x0,x0,0	  x0:0x00000000
        6385000	       637	80001df8	00000013	addi	x0,x0,0	  x0:0x00000000
        6395000	       638	80001dfc	03c00e6f	jal	x28,80001dfc	 x28=0x80001dfc
        6405000	       639	00000000	00000013	addi	x0,x0,0	  x0:0x00000000
        6415000	       640	80001e34	00000013	addi	x0,x0,0	  x0:0x00000000
        6425000	       641	80001e38	fe1ff2ef	jal	x5,80001e38	  x5=0x80001e38
        6435000	       642	00000000	00000013	addi	x0,x0,0	  x0:0x00000000
        6445000	       643	80001e14	00000013	addi	x0,x0,0	  x0:0x00000000
        6455000	       644	80001e18	01c006ef	jal	x13,80001e18	 x13=0x80001e18
        6465000	       645	00000000	00000013	addi	x0,x0,0	  x0:0x00000000
        6475000	       646	80001e30	00000013	addi	x0,x0,0	  x0:0x00000000
        6485000	       647	80001e34	fd1ff36f	jal	x6,80001e34	  x6=0x80001e34
        6495000	       648	00000000	00000013	addi	x0,x0,0	  x0:0x00000000
        6505000	       649	80001e00	00000013	addi	x0,x0,0	  x0:0x00000000
        6515000	       650	80001e04	02400f6f	jal	x30,80001e04	 x30=0x80001e04
        6525000	       651	00000000	00000013	addi	x0,x0,0	  x0:0x00000000
        6535000	       652	80001e24	00000013	addi	x0,x0,0	  x0:0x00000000
        6545000	       653	80001e28	ff5ff0ef	jal	x1,80001e28	  x1=0x80001e28
        6555000	       654	00000000	00000013	addi	x0,x0,0	  x0:0x00000000
        6565000	       655	80001e18	00000013	addi	x0,x0,0	  x0:0x00000000
        6575000	       656	80001e1c	024000ef	jal	x1,80001e1c	  x1=0x80001e1c
        6585000	       657	00000000	00000013	addi	x0,x0,0	  x0:0x00000000
        6595000	       658	80001e3c	00000013	addi	x0,x0,0	  x0:0x00000000
        6605000	       659	80001e40	ff1ff0ef	jal	x1,80001e40	  x1=0x80001e40
        6615000	       660	00000000	00000013	addi	x0,x0,0	  x0:0x00000000
        6625000	       661	80001e2c	00000013	addi	x0,x0,0	  x0:0x00000000
        6635000	       662	80001e30	fe5ff0ef	jal	x1,80001e30	  x1=0x80001e30
        6645000	       663	00000000	00000013	addi	x0,x0,0	  x0:0x00000000
        6655000	       664	80001e10	00000013	addi	x0,x0,0	  x0:0x00000000
        6665000	       665	80001e14	ff9ff0ef	jal	x1,80001e14	  x1=0x80001e14
        6675000	       666	00000000	00000013	addi	x0,x0,0	  x0:0x00000000
        6685000	       667	80001e08	00000013	addi	x0,x0,0	  x0:0x00000000
        6695000	       668	80001e0c	038000ef	jal	x1,80001e0c	  x1=0x80001e0c
        6705000	       669	00000000	00000013	addi	x0,x0,0	  x0:0x00000000
        6715000	       670	80001e40	00000013	addi	x0,x0,0	  x0:0x00000000
        6725000	       671	80001e44	01868633	add	x12,x13,x24	 x13:0x80001e18 x24:0x40000000 x12=0xc0001e18
        6735000	       672	80001e48	30a3ac13	slti	x24,x7,778	  x7:0x80001d80 x24=0x00000001
        6745000	       673	80001e4c	aef96a13	ori	x20,x18,-1297	 x18:0x80009f30 x20=0xffffffff
        6755000	       674	80001e50	40c4d9b3	sra	x19,x9,x12	  x9:0x80001d44 x12:0xc0001e18 x19=0xffffff80
        6765000	       675	80001e54	41615033	sra	x0,x2,x22	  x2:0xf0c9c25b x22:0x80001d84
        6775000	       676	80001e58	05dad863	bge	x21,x29,80001ea8	 x21:0x80001c18 x29:0x80001d34
        6785000	       677	80001e5c	40905833	sra	x16,x0,x9	  x0:0x00000000  x9:0x80001d44 x16=0x00000000
        6795000	       678	80001e60	404956b3	sra	x13,x18,x4	 x18:0x80009f30  x4:0x80001e10 x13=0xffff8000
        6805000	       679	80001e64	03fef863	bgeu	x29,x31,80001e94	 x29:0x80001d34 x31:0x80009fc4
        6815000	       680	80001e68	00000013	addi	x0,x0,0	  x0:0x00000000
        6825000	       681	80001e6c	03f3de63	bge	x7,x31,80001ea8	  x7:0x80001d80 x31:0x80009fc4
        6835000	       682	80001e70	017bf863	bgeu	x23,x23,80001e80	 x23:0x80001dc4 x23:0x80001dc4
        6845000	       683	00000000	00000013	addi	x0,x0,0	  x0:0x00000000
        6855000	       684	80001e7c	00000013	addi	x0,x0,0	  x0:0x00000000
        6865000	       685	80001e80	63324993	xori	x19,x4,1587	  x4:0x80001e10 x19=0x80001823
        6875000	       686	80001e84	00000013	addi	x0,x0,0	  x0:0x00000000
        6885000	       687	80001e88	054df663	bgeu	x27,x20,80001ed4	 x27:0x80001cf0 x20:0xffffffff
        6895000	       688	80001e8c	008371b3	and	x3,x6,x8	  x6:0x80001e34  x8:0x00000034  x3=0x00000034
        6905000	       689	80001e90	031f9263	bne	x31,x17,80001eb4	 x31:0x80009fc4 x17:0xfffff988
        6915000	       690	00000000	00000013	addi	x0,x0,0	  x0:0x00000000
        6925000	       691	80001eb0	00000013	addi	x0,x0,0	  x0:0x00000000
        6935000	       692	80001eb4	00ccd4b3	srl	x9,x25,x12	 x25:0x80001bbc x12:0xc0001e18  x9=0x00000080
        6945000	       693	80001eb8	006544b3	xor	x9,x10,x6	 x10:0x80001d4c  x6:0x80001e34  x9=0x00000378
        6955000	       694	80001ebc	324cea93	ori	x21,x25,804	 x25:0x80001bbc x21=0x80001bbc
        6965000	       695	80001ec0	a25dcd93	xori	x27,x27,-1499	 x27:0x80001cf0 x27=0x7fffe6d5
        6975000	       696	80001ec4	007ea5b3	slt	x11,x29,x7	 x29:0x80001d34  x7:0x80001d80 x11=0x00000001
        6985000	       697	80001ec8	7280a697	auipc	x13,0x7280a	 x13=0xf280bec4
        6995000	       698	80001ecc	00178033	add	x0,x15,x1	 x15:0x80001b88  x1:0x80001e0c
        7005000	       699	80001ed0	005f39b3	sltu	x19,x30,x5	 x30:0x80001e04  x5:0x80001e38 x19=0x00000001
        7015000	       700	80001ed4	1e92c013	xori	x0,x5,489	  x5:0x80001e38
        7025000	       701	80001ed8	e7f86d13	ori	x26,x16,-385	 x16:0x00000000 x26=0xfffffe7f
        7035000	       702	80001edc	0151e6b3	or	x13,x3,x21	  x3:0x00000034 x21:0x80001bbc x13=0x80001bbc
        7045000	       703	80001ee0	05e48463	beq	x9,x30,80001f28	  x9:0x00000378 x30:0x80001e04
        7055000	       704	80001ee4	0278d063	bge	x17,x7,80001f04	 x17:0xfffff988  x7:0x80001d80
        7065000	       705	00000000	00000013	addi	x0,x0,0	  x0:0x00000000
        7075000	       706	80001f00	00000013	addi	x0,x0,0	  x0:0x00000000
        7085000	       707	80001f04	059f7063	bgeu	x30,x25,80001f44	 x30:0x80001e04 x25:0x80001bbc
        7095000	       708	00000000	00000013	addi	x0,x0,0	  x0:0x00000000
        7105000	       709	80001f40	00000013	addi	x0,x0,0	  x0:0x00000000
        7115000	       710	80001f44	020a7663	bgeu	x20,x0,80001f70	 x20:0xffffffff  x0:0x00000000
        7125000	       711	00000000	00000013	addi	x0,x0,0	  x0:0x00000000
        7135000	       712	80001f6c	00000013	addi	x0,x0,0	  x0:0x00000000
        7145000	       713	80001f70	00000013	addi	x0,x0,0	  x0:0x00000000
        7155000	       714	80001f74	416cde33	sra	x28,x25,x22	 x25:0x80001bbc x22:0x80001d84 x28=0xf80001bb
        7165000	       715	80001f78	41955a93	srai	x21,x10,0x19	 x10:0x80001d4c x21=0xffffffc0
        7175000	       716	80001f7c	01e94733	xor	x14,x18,x30	 x18:0x80009f30 x30:0x80001e04 x14=0x00008134
        7185000	       717	80001f80	8b28f037	lui	x0,0x8b28f	
        7195000	       718	80001f84	21984d13	xori	x26,x16,537	 x16:0x00000000 x26=0x00000219
        7205000	       719	80001f88	410502b3	sub	x5,x10,x16	 x10:0x80001d4c x16:0x00000000  x5=0x80001d4c
        7215000	       720	80001f8c	c9963813	sltiu	x16,x12,-871	 x12:0xc0001e18 x16=0x00000001
        7225000	       721	80001f90	0024d833	srl	x16,x9,x2	  x9:0x00000378  x2:0xf0c9c25b x16=0x00000000
        7235000	       722	80001f94	415cd2b3	sra	x5,x25,x21	 x25:0x80001bbc x21:0xffffffc0  x5=0x80001bbc
        7245000	       723	80001f98	00470233	add	x4,x14,x4	 x14:0x00008134  x4:0x80001e10  x4=0x80009f44
        7255000	       724	80001f9c	eaacc513	xori	x10,x25,-342	 x25:0x80001bbc x10=0x7fffe516
        7265000	       725	80001fa0	009be9b3	or	x19,x23,x9	 x23:0x80001dc4  x9:0x00000378 x19=0x80001ffc
        7275000	       726	80001fa4	41540633	sub	x12,x8,x21	  x8:0x00000034 x21:0xffffffc0 x12=0x00000074
        7285000	       727	80001fa8	48cd2d93	slti	x27,x26,1164	 x26:0x00000219 x27=0x00000001
        7295000	       728	80001fac	4136da33	sra	x20,x13,x19	 x13:0x80001bbc x19:0x80001ffc x20=0xfffffff8
        7305000	       729	80001fb0	4020d013	srai	x0,x1,0x2	  x1:0x80001e0c
        7315000	       730	80001fb4	0182d863	bge	x5,x24,80001fc4	  x5:0x80001bbc x24:0x00000001
        7325000	       731	80001fb8	01189863	bne	x17,x17,80001fc8	 x17:0xfffff988 x17:0xfffff988
        7335000	       732	80001fbc	006636b3	sltu	x13,x12,x6	 x12:0x00000074  x6:0x80001e34 x13=0x00000001
        7345000	       733	80001fc0	5b55e997	auipc	x19,0x5b55e	 x19=0xdb55ffbc
        7355000	       734	80001fc4	000c1433	sll	x8,x24,x0	 x24:0x00000001  x0:0x00000000  x8=0x00000001
        7365000	       735	80001fc8	09d6e663	bltu	x13,x29,80002054	 x13:0x00000001 x29:0x80001d34
        7375000	       736	00000000	00000013	addi	x0,x0,0	  x0:0x00000000
        7385000	       737	80002050	00000013	addi	x0,x0,0	  x0:0x00000000
        7395000	       738	80002054	00c5d5b3	srl	x11,x11,x12	 x11:0x00000001 x12:0x00000074 x11=0x00000000
        7405000	       739	80002058	004a5693	srli	x13,x20,0x4	 x20:0xfffffff8 x13=0x0fffffff
        7415000	       740	8000205c	04b54063	blt	x10,x11,8000209c	 x10:0x7fffe516 x11:0x00000000
        7425000	       741	80002060	c48eb693	sltiu	x13,x29,-952	 x29:0x80001d34 x13=0x00000001
        7435000	       742	80002064	c58fab93	slti	x23,x31,-936	 x31:0x80009fc4 x23=0x00000001
        7445000	       743	80002068	05507463	bgeu	x0,x21,800020b0	  x0:0x00000000 x21:0xffffffc0
        7455000	       744	8000206c	d440bb13	sltiu	x22,x1,-700	  x1:0x80001e0c x22=0x00000001
        7465000	       745	80002070	405a5013	srai	x0,x20,0x5	 x20:0xfffffff8
        7475000	       746	80002074	01fba5b3	slt	x11,x23,x31	 x23:0x00000001 x31:0x80009fc4 x11=0x00000000
        7485000	       747	80002078	5e3d7d97	auipc	x27,0x5e3d7	 x27=0xde3d9074
        7495000	       748	8000207c	052ff863	bgeu	x31,x18,800020cc	 x31:0x80009fc4 x18:0x80009f30
        7505000	       749	00000000	00000013	addi	x0,x0,0	  x0:0x00000000
        7515000	       750	800020c8	00000013	addi	x0,x0,0	  x0:0x00000000
        7525000	       751	800020cc	01839213	slli	x4,x7,0x18	  x7:0x80001d80  x4=0x80000000
        7535000	       752	800020d0	40b407b3	sub	x15,x8,x11	  x8:0x00000001 x11:0x00000000 x15=0x00000001
        7545000	       753	800020d4	00000013	addi	x0,x0,0	  x0:0x00000000
        7555000	       754	800020d8	0038f0b3	and	x1,x17,x3	 x17:0xfffff988  x3:0x00000034  x1=0x00000000
        7565000	       755	800020dc	02d89063	bne	x17,x13,800020fc	 x17:0xfffff988 x13:0x00000001
        7575000	       756	00000000	00000013	addi	x0,x0,0	  x0:0x00000000
        7585000	       757	800020f8	00000013	addi	x0,x0,0	  x0:0x00000000
        7595000	       758	800020fc	7edbce13	xori	x28,x23,2029	 x23:0x00000001 x28=0x000007ec
        7605000	       759	80002100	2bd85097	auipc	x1,0x2bd85	  x1=0xabd870fc
        7615000	       760	80002104	ae03fc13	andi	x24,x7,-1312	  x7:0x80001d80 x24=0x80001880
        7625000	       761	80002108	004edd13	srli	x26,x29,0x4	 x29:0x80001d34 x26=0x080001d3
        7635000	       762	8000210c	20833b37	lui	x22,0x20833	 x22=0x20833000
        7645000	       763	80002110	4072dc13	srai	x24,x5,0x7	  x5:0x80001bbc x24=0xff000037
        7655000	       764	80002114	40a388b3	sub	x17,x7,x10	  x7:0x80001d80 x10:0x7fffe516 x17=0x0000386a
        7665000	       765	80002118	416edcb3	sra	x25,x29,x22	 x29:0x80001d34 x22:0x20833000 x25=0x80001d34
        7675000	       766	8000211c	01f51863	bne	x10,x31,8000212c	 x10:0x7fffe516 x31:0x80009fc4
        7685000	       767	00000000	00000013	addi	x0,x0,0	  x0:0x00000000
        7695000	       768	80002128	00000013	addi	x0,x0,0	  x0:0x00000000
        7705000	       769	8000212c	c3b00193	addi	x3,x0,-965	  x0:0x00000000  x3=0xfffffc3b
        7715000	       770	80002130	5f6b7193	andi	x3,x22,1526	 x22:0x20833000  x3=0x00000000
        7725000	       771	80002134	41ac5b13	srai	x22,x24,0x1a	 x24:0xff000037 x22=0xffffffff
        7735000	       772	80002138	00000013	addi	x0,x0,0	  x0:0x00000000
        7745000	       773	8000213c	01897a63	bgeu	x18,x24,80002150	 x18:0x80009f30 x24:0xff000037
        7755000	       774	80002140	b0ec4493	xori	x9,x24,-1266	 x24:0xff000037  x9=0x00fffb39
        7765000	       775	80002144	004b9c33	sll	x24,x23,x4	 x23:0x00000001  x4:0x80000000 x24=0x00000001
        7775000	       776	80002148	00e74e33	xor	x28,x14,x14	 x14:0x00008134 x14:0x00008134 x28=0x00000000
        7785000	       777	8000214c	00df77b3	and	x15,x30,x13	 x30:0x80001e04 x13:0x00000001 x15=0x00000000
        7795000	       778	80002150	6c6d4f13	xori	x30,x26,1734	 x26:0x080001d3 x30=0x08000715
        7805000	       779	80002154	00000013	addi	x0,x0,0	  x0:0x00000000
        7815000	       780	80002158	c31b3a13	sltiu	x20,x22,-975	 x22:0xffffffff x20=0x00000000
        7825000	       781	8000215c	009c7f33	and	x30,x24,x9	 x24:0x00000001  x9:0x00fffb39 x30=0x00000001
        7835000	       782	80002160	0d6b4c93	xori	x25,x22,214	 x22:0xffffffff x25=0xffffff29
        7845000	       783	80002164	055e1663	bne	x28,x21,800021b0	 x28:0x00000000 x21:0xffffffc0
        7855000	       784	00000000	00000013	addi	x0,x0,0	  x0:0x00000000
        7865000	       785	800021ac	00000013	addi	x0,x0,0	  x0:0x00000000
        7875000	       786	800021b0	9d12c993	xori	x19,x5,-1583	  x5:0x80001bbc x19=0x7fffe26d
        7885000	       787	800021b4	41b35213	srai	x4,x6,0x1b	  x6:0x80001e34  x4=0xfffffff0
        7895000	       788	800021b8	03d98c63	beq	x19,x29,800021f0	 x19:0x7fffe26d x29:0x80001d34
        7905000	       789	800021bc	966a2a93	slti	x21,x20,-1690	 x20:0x00000000 x21=0x00000000
        7915000	       790	800021c0	01151a13	slli	x20,x10,0x11	 x10:0x7fffe516 x20=0xca2c0000
        7925000	       791	800021c4	01a95b93	srli	x23,x18,0x1a	 x18:0x80009f30 x23=0x00000020
        7935000	       792	800021c8	012a1c13	slli	x24,x20,0x12	 x20:0xca2c0000 x24=0x00000000
        7945000	       793	800021cc	00df8733	add	x14,x31,x13	 x31:0x80009fc4 x13:0x00000001 x14=0x80009fc5
        7955000	       794	800021d0	00fd4863	blt	x26,x15,800021e0	 x26:0x080001d3 x15:0x00000000
        7965000	       795	800021d4	01e94333	xor	x6,x18,x30	 x18:0x80009f30 x30:0x00000001  x6=0x80009f31
        7975000	       796	800021d8	012667b3	or	x15,x12,x18	 x12:0x00000074 x18:0x80009f30 x15=0x80009f74
        7985000	       797	800021dc	00fa5e33	srl	x28,x20,x15	 x20:0xca2c0000 x15:0x80009f74 x28=0x00000ca2
        7995000	       798	800021e0	00000013	addi	x0,x0,0	  x0:0x00000000
        8005000	       799	800021e4	016c65b3	or	x11,x24,x22	 x24:0x00000000 x22:0xffffffff x11=0xffffffff
        8015000	       800	800021e8	407280b3	sub	x1,x5,x7	  x5:0x80001bbc  x7:0x80001d80  x1=0xfffffe3c
        8025000	       801	800021ec	0079f3b3	and	x7,x19,x7	 x19:0x7fffe26d  x7:0x80001d80  x7=0x00000000
        8035000	       802	800021f0	02cf7263	bgeu	x30,x12,80002214	 x30:0x00000001 x12:0x00000074
        8045000	       803	800021f4	038c7a63	bgeu	x24,x24,80002228	 x24:0x00000000 x24:0x00000000
        8055000	       804	00000000	00000013	addi	x0,x0,0	  x0:0x00000000
        8065000	       805	80002224	00000013	addi	x0,x0,0	  x0:0x00000000
        8075000	       806	80002228	dee5ab37	lui	x22,0xdee5a	 x22=0xdee5a000
        8085000	       807	8000222c	94256793	ori	x15,x10,-1726	 x10:0x7fffe516 x15=0xfffffd56
        8095000	       808	80002230	041e7663	bgeu	x28,x1,8000227c	 x28:0x00000ca2  x1:0xfffffe3c
        8105000	       809	80002234	00f10f33	add	x30,x2,x15	  x2:0xf0c9c25b x15:0xfffffd56 x30=0xf0c9bfb1
        8115000	       810	80002238	00d75c33	srl	x24,x14,x13	 x14:0x80009fc5 x13:0x00000001 x24=0x40004fe2
        8125000	       811	8000223c	edb1f693	andi	x13,x3,-293	  x3:0x00000000 x13=0x00000000
        8135000	       812	80002240	013184b3	add	x9,x3,x19	  x3:0x00000000 x19:0x7fffe26d  x9=0x7fffe26d
        8145000	       813	80002244	37048693	addi	x13,x9,880	  x9:0x7fffe26d x13=0x7fffe5dd
        8155000	       814	80002248	00c8f033	and	x0,x17,x12	 x17:0x0000386a x12:0x00000074
        8165000	       815	8000224c	1802be13	sltiu	x28,x5,384	  x5:0x80001bbc x28=0x00000000
        8175000	       816	80002250	418702b3	sub	x5,x14,x24	 x14:0x80009fc5 x24:0x40004fe2  x5=0x40004fe3
        8185000	       817	80002254	00428a33	add	x20,x5,x4	  x5:0x40004fe3  x4:0xfffffff0 x20=0x40004fd3
        8195000	       818	80002258	592f6993	ori	x19,x30,1426	 x30:0xf0c9bfb1 x19=0xf0c9bfb3
        8205000	       819	8000225c	23ad4193	xori	x3,x26,570	 x26:0x080001d3  x3=0x080003e9
        8215000	       820	80002260	407cd1b3	sra	x3,x25,x7	 x25:0xffffff29  x7:0x00000000  x3=0xffffff29
        8225000	       821	80002264	011168b3	or	x17,x2,x17	  x2:0xf0c9c25b x17:0x0000386a x17=0xf0c9fa7b
        8235000	       822	80002268	20c87d93	andi	x27,x16,524	 x16:0x00000000 x27=0x00000000
        8245000	       823	8000226c	01c145b3	xor	x11,x2,x28	  x2:0xf0c9c25b x28:0x00000000 x11=0xf0c9c25b
        8255000	       824	80002270	002365b3	or	x11,x6,x2	  x6:0x80009f31  x2:0xf0c9c25b x11=0xf0c9df7b
        8265000	       825	80002274	017ad6b3	srl	x13,x21,x23	 x21:0x00000000 x23:0x00000020 x13=0x00000000
        8275000	       826	80002278	00401493	slli	x9,x0,0x4	  x0:0x00000000  x9=0x00000000
        8285000	       827	8000227c	0084dcb3	srl	x25,x9,x8	  x9:0x00000000  x8:0x00000001 x25=0x00000000
        8295000	       828	80002280	001cc463	blt	x25,x1,80002288	 x25:0x00000000  x1:0xfffffe3c
        8305000	       829	80002284	4084da33	sra	x20,x9,x8	  x9:0x00000000  x8:0x00000001 x20=0x00000000
        8315000	       830	80002288	02d58e63	beq	x11,x13,800022c4	 x11:0xf0c9df7b x13:0x00000000
        8325000	       831	8000228c	03125063	bge	x4,x17,800022ac	  x4:0xfffffff0 x17:0xf0c9fa7b
        8335000	       832	00000000	00000013	addi	x0,x0,0	  x0:0x00000000
        8345000	       833	800022a8	00000013	addi	x0,x0,0	  x0:0x00000000
        8355000	       834	800022ac	015135b3	sltu	x11,x2,x21	  x2:0xf0c9c25b x21:0x00000000 x11=0x00000000
        8365000	       835	800022b0	04db9063	bne	x23,x13,800022f0	 x23:0x00000020 x13:0x00000000
        8375000	       836	00000000	00000013	addi	x0,x0,0	  x0:0x00000000
        8385000	       837	800022ec	00000013	addi	x0,x0,0	  x0:0x00000000
        8395000	       838	800022f0	9599e8b7	lui	x17,0x9599e	 x17=0x9599e000
        8405000	       839	800022f4	40c38d33	sub	x26,x7,x12	  x7:0x00000000 x12:0x00000074 x26=0xffffff8c
        8415000	       840	800022f8	00577f33	and	x30,x14,x5	 x14:0x80009fc5  x5:0x40004fe3 x30=0x00000fc1
        8425000	       841	800022fc	0380ca63	blt	x1,x24,80002330	  x1:0xfffffe3c x24:0x40004fe2
        8435000	       842	00000000	00000013	addi	x0,x0,0	  x0:0x00000000
        8445000	       843	8000232c	00000013	addi	x0,x0,0	  x0:0x00000000
        8455000	       844	80002330	9fc32413	slti	x8,x6,-1540	  x6:0x80009f31  x8=0x00000001
        8465000	       845	80002334	012b3cb3	sltu	x25,x22,x18	 x22:0xdee5a000 x18:0x80009f30 x25=0x00000000
        8475000	       846	80002338	00b82e33	slt	x28,x16,x11	 x16:0x00000000 x11:0x00000000 x28=0x00000000
        8485000	       847	8000233c	46788d13	addi	x26,x17,1127	 x17:0x9599e000 x26=0x9599e467
        8495000	       848	80002340	00000013	addi	x0,x0,0	  x0:0x00000000
        8505000	       849	80002344	02d21663	bne	x4,x13,80002370	  x4:0xfffffff0 x13:0x00000000
        8515000	       850	00000000	00000013	addi	x0,x0,0	  x0:0x00000000
        8525000	       851	8000236c	00000013	addi	x0,x0,0	  x0:0x00000000
        8535000	       852	80002370	408b5693	srai	x13,x22,0x8	 x22:0xdee5a000 x13=0xffdee5a0
        8545000	       853	80002374	01fe9863	bne	x29,x31,80002384	 x29:0x80001d34 x31:0x80009fc4
        8555000	       854	00000000	00000013	addi	x0,x0,0	  x0:0x00000000
        8565000	       855	80002380	00000013	addi	x0,x0,0	  x0:0x00000000
        8575000	       856	80002384	cdb70313	addi	x6,x14,-805	 x14:0x80009fc5  x6=0x80009ca0
        8585000	       857	80002388	00de8233	add	x4,x29,x13	 x29:0x80001d34 x13:0xffdee5a0  x4=0x7fdf02d4
        8595000	       858	8000238c	015d1a63	bne	x26,x21,800023a0	 x26:0x9599e467 x21:0x00000000
        8605000	       859	00000000	00000013	addi	x0,x0,0	  x0:0x00000000
        8615000	       860	8000239c	00000013	addi	x0,x0,0	  x0:0x00000000
        8625000	       861	800023a0	41f65813	srai	x16,x12,0x1f	 x12:0x00000074 x16=0x00000000
        8635000	       862	800023a4	013a7a33	and	x20,x20,x19	 x20:0x00000000 x19:0xf0c9bfb3 x20=0x00000000
        8645000	       863	800023a8	5fcf6093	ori	x1,x30,1532	 x30:0x00000fc1  x1=0x00000ffd
        8655000	       864	800023ac	0134d893	srli	x17,x9,0x13	  x9:0x00000000 x17=0x00000000
        8665000	       865	800023b0	01fddf13	srli	x30,x27,0x1f	 x27:0x00000000 x30=0x00000000
        8675000	       866	800023b4	7ff4ac13	slti	x24,x9,2047	  x9:0x00000000 x24=0x00000001
        8685000	       867	800023b8	41f05d13	srai	x26,x0,0x1f	  x0:0x00000000 x26=0x00000000
        8695000	       868	800023bc	87ee3d13	sltiu	x26,x28,-1922	 x28:0x00000000 x26=0x00000001
        8705000	       869	800023c0	55b6f613	andi	x12,x13,1371	 x13:0xffdee5a0 x12=0x00000500
        8715000	       870	800023c4	0fcc3413	sltiu	x8,x24,252	 x24:0x00000001  x8=0x00000001
        8725000	       871	800023c8	01ca9833	sll	x16,x21,x28	 x21:0x00000000 x28:0x00000000 x16=0x00000000
        8735000	       872	800023cc	030bd063	bge	x23,x16,800023ec	 x23:0x00000020 x16:0x00000000
        8745000	       873	00000000	00000013	addi	x0,x0,0	  x0:0x00000000
        8755000	       874	800023e8	00000013	addi	x0,x0,0	  x0:0x00000000
        8765000	       875	800023ec	51413637	lui	x12,0x51413	 x12=0x51413000
        8775000	       876	800023f0	014ed863	bge	x29,x20,80002400	 x29:0x80001d34 x20:0x00000000
        8785000	       877	800023f4	00c453b3	srl	x7,x8,x12	  x8:0x00000001 x12:0x51413000  x7=0x00000001
        8795000	       878	800023f8	00000013	addi	x0,x0,0	  x0:0x00000000
        8805000	       879	800023fc	01d487b3	add	x15,x9,x29	  x9:0x00000000 x29:0x80001d34 x15=0x80001d34
        8815000	       880	80002400	00406733	or	x14,x0,x4	  x0:0x00000000  x4:0x7fdf02d4 x14=0x7fdf02d4
        8825000	       881	80002404	00510663	beq	x2,x5,80002410	  x2:0xf0c9c25b  x5:0x40004fe3
        8835000	       882	80002408	02796063	bltu	x18,x7,80002428	 x18:0x80009f30  x7:0x00000001
        8845000	       883	8000240c	a30a0413	addi	x8,x20,-1488	 x20:0x00000000  x8=0xfffffa30
        8855000	       884	80002410	01d55b13	srli	x22,x10,0x1d	 x10:0x7fffe516 x22=0x00000003
        8865000	       885	80002414	00383ab3	sltu	x21,x16,x3	 x16:0x00000000  x3:0xffffff29 x21=0x00000001
        8875000	       886	80002418	019dcdb3	xor	x27,x27,x25	 x27:0x00000000 x25:0x00000000 x27=0x00000000
        8885000	       887	8000241c	417c8cb3	sub	x25,x25,x23	 x25:0x00000000 x23:0x00000020 x25=0xffffffe0
        8895000	       888	80002420	d84ce413	ori	x8,x25,-636	 x25:0xffffffe0  x8=0xffffffe4
        8905000	       889	80002424	0076e2b3	or	x5,x13,x7	 x13:0xffdee5a0  x7:0x00000001  x5=0xffdee5a1
        8915000	       890	80002428	6103e893	ori	x17,x7,1552	  x7:0x00000001 x17=0x00000611
        8925000	       891	8000242c	f884cb93	xori	x23,x9,-120	  x9:0x00000000 x23=0xffffff88
        8935000	       892	80002430	e02a6393	ori	x7,x20,-510	 x20:0x00000000  x7=0xfffffe02
        8945000	       893	80002434	01fbd693	srli	x13,x23,0x1f	 x23:0xffffff88 x13=0x00000001
        8955000	       894	80002438	0097fc63	bgeu	x15,x9,80002450	 x15:0x80001d34  x9:0x00000000
        8965000	       895	00000000	00000013	addi	x0,x0,0	  x0:0x00000000
        8975000	       896	8000244c	00000013	addi	x0,x0,0	  x0:0x00000000
        8985000	       897	80002450	022a9863	bne	x21,x2,80002480	 x21:0x00000001  x2:0xf0c9c25b
        8995000	       898	00000000	00000013	addi	x0,x0,0	  x0:0x00000000
        9005000	       899	8000247c	00000013	addi	x0,x0,0	  x0:0x00000000
        9015000	       900	80002480	013e5213	srli	x4,x28,0x13	 x28:0x00000000  x4=0x00000000
        9025000	       901	80002484	01bad293	srli	x5,x21,0x1b	 x21:0x00000001  x5=0x00000000
        9035000	       902	80002488	0086c463	blt	x13,x8,80002490	 x13:0x00000001  x8:0xffffffe4
        9045000	       903	8000248c	410187b3	sub	x15,x3,x16	  x3:0xffffff29 x16:0x00000000 x15=0xffffff29
        9055000	       904	80002490	010e67b3	or	x15,x28,x16	 x28:0x00000000 x16:0x00000000 x15=0x00000000
        9065000	       905	80002494	087b6893	ori	x17,x22,135	 x22:0x00000003 x17=0x00000087
        9075000	       906	80002498	407b5b37	lui	x22,0x407b5	 x22=0x407b5000
        9085000	       907	8000249c	e1ba3213	sltiu	x4,x20,-485	 x20:0x00000000  x4=0x00000001
        9095000	       908	800024a0	04b8e063	bltu	x17,x11,800024e0	 x17:0x00000087 x11:0x00000000
        9105000	       909	800024a4	8e494093	xori	x1,x18,-1820	 x18:0x80009f30  x1=0x7fff67d4
        9115000	       910	800024a8	03295863	bge	x18,x18,800024d8	 x18:0x80009f30 x18:0x80009f30
        9125000	       911	00000000	00000013	addi	x0,x0,0	  x0:0x00000000
        9135000	       912	800024d4	00000013	addi	x0,x0,0	  x0:0x00000000
        9145000	       913	800024d8	2b107713	andi	x14,x0,689	  x0:0x00000000 x14=0x00000000
        9155000	       914	800024dc	00876bb3	or	x23,x14,x8	 x14:0x00000000  x8:0xffffffe4 x23=0xffffffe4
        9165000	       915	800024e0	37293713	sltiu	x14,x18,882	 x18:0x80009f30 x14=0x00000000
        9175000	       916	800024e4	0ccd0863	beq	x26,x12,800025b4	 x26:0x00000001 x12:0x51413000
        9185000	       917	800024e8	00f652b3	srl	x5,x12,x15	 x12:0x51413000 x15:0x00000000  x5=0x51413000
        9195000	       918	800024ec	180ebd13	sltiu	x26,x29,384	 x29:0x80001d34 x26=0x00000000
        9205000	       919	800024f0	01dd5e33	srl	x28,x26,x29	 x26:0x00000000 x29:0x80001d34 x28=0x00000000
        9215000	       920	800024f4	0d1de663	bltu	x27,x17,800025c0	 x27:0x00000000 x17:0x00000087
        9225000	       921	00000000	00000013	addi	x0,x0,0	  x0:0x00000000
        9235000	       922	800025bc	00000013	addi	x0,x0,0	  x0:0x00000000
        9245000	       923	800025c0	c7926837	lui	x16,0xc7926	 x16=0xc7926000
        9255000	       924	800025c4	011149b3	xor	x19,x2,x17	  x2:0xf0c9c25b x17:0x00000087 x19=0xf0c9c2dc
        9265000	       925	800025c8	40075d33	sra	x26,x14,x0	 x14:0x00000000  x0:0x00000000 x26=0x00000000
        9275000	       926	800025cc	006df4b3	and	x9,x27,x6	 x27:0x00000000  x6:0x80009ca0  x9=0x00000000
        9285000	       927	800025d0	00671eb3	sll	x29,x14,x6	 x14:0x00000000  x6:0x80009ca0 x29=0x00000000
        9295000	       928	800025d4	01495f13	srli	x30,x18,0x14	 x18:0x80009f30 x30=0x00000800
        9305000	       929	800025d8	015c4ab3	xor	x21,x24,x21	 x24:0x00000001 x21:0x00000001 x21=0x00000000
        9315000	       930	800025dc	01ae31b3	sltu	x3,x28,x26	 x28:0x00000000 x26:0x00000000  x3=0x00000000
        9325000	       931	800025e0	00c215b3	sll	x11,x4,x12	  x4:0x00000001 x12:0x51413000 x11=0x00000001
        9335000	       932	800025e4	03b4f063	bgeu	x9,x27,80002604	  x9:0x00000000 x27:0x00000000
        9345000	       933	00000000	00000013	addi	x0,x0,0	  x0:0x00000000
        9355000	       934	80002600	00000013	addi	x0,x0,0	  x0:0x00000000
        9365000	       935	80002604	004f0463	beq	x30,x4,8000260c	 x30:0x00000800  x4:0x00000001
        9375000	       936	80002608	72cfe313	ori	x6,x31,1836	 x31:0x80009fc4  x6=0x80009fec
        9385000	       937	8000260c	aac52413	slti	x8,x10,-1364	 x10:0x7fffe516  x8=0x00000000
        9395000	       938	80002610	2a3fcd13	xori	x26,x31,675	 x31:0x80009fc4 x26=0x80009d67
        9405000	       939	80002614	0070b433	sltu	x8,x1,x7	  x1:0x7fff67d4  x7:0xfffffe02  x8=0x00000001
        9415000	       940	80002618	e993b613	sltiu	x12,x7,-359	  x7:0xfffffe02 x12=0x00000001
        9425000	       941	8000261c	00529e33	sll	x28,x5,x5	  x5:0x51413000  x5:0x51413000 x28=0x51413000
        9435000	       942	80002620	71bf2293	slti	x5,x30,1819	 x30:0x00000800  x5=0x00000000
        9445000	       943	80002624	00000013	addi	x0,x0,0	  x0:0x00000000
        9455000	       944	80002628	4066d1b3	sra	x3,x13,x6	 x13:0x00000001  x6:0x80009fec  x3=0x00000000
        9465000	       945	8000262c	53ca4993	xori	x19,x20,1340	 x20:0x00000000 x19=0x0000053c
        9475000	       946	80002630	402e54b3	sra	x9,x28,x2	 x28:0x51413000  x2:0xf0c9c25b  x9=0x0000000a
        9485000	       947	80002634	bd936c17	auipc	x24,0xbd936	 x24=0x3d938630
        9495000	       948	80002638	01b98eb3	add	x29,x19,x27	 x19:0x0000053c x27:0x00000000 x29=0x0000053c
        9505000	       949	8000263c	162c4613	xori	x12,x24,354	 x24:0x3d938630 x12=0x3d938752
        9515000	       950	80002640	405cfc93	andi	x25,x25,1029	 x25:0xffffffe0 x25=0x00000400
        9525000	       951	80002644	016595b3	sll	x11,x11,x22	 x11:0x00000001 x22:0x407b5000 x11=0x00000001
        9535000	       952	80002648	414e0833	sub	x16,x28,x20	 x28:0x51413000 x20:0x00000000 x16=0x51413000
        9545000	       953	8000264c	4215a013	slti	x0,x11,1057	 x11:0x00000001
        9555000	       954	80002650	40ce0a33	sub	x20,x28,x12	 x28:0x51413000 x12:0x3d938752 x20=0x13ada8ae
        9565000	       955	80002654	00408f33	add	x30,x1,x4	  x1:0x7fff67d4  x4:0x00000001 x30=0x7fff67d5
        9575000	       956	80002658	61592317	auipc	x6,0x61592	  x6=0xe1594654
        9585000	       957	8000265c	011578b3	and	x17,x10,x17	 x10:0x7fffe516 x17:0x00000087 x17=0x00000006
        9595000	       958	80002660	bd876f13	ori	x30,x14,-1064	 x14:0x00000000 x30=0xfffffbd8
        9605000	       959	80002664	007e9693	slli	x13,x29,0x7	 x29:0x0000053c x13=0x00029e00
        9615000	       960	80002668	c4cd3413	sltiu	x8,x26,-948	 x26:0x80009d67  x8=0x00000001
        9625000	       961	8000266c	00000013	addi	x0,x0,0	  x0:0x00000000
        9635000	       962	80002670	40015d93	srai	x27,x2,0x0	  x2:0xf0c9c25b x27=0xf0c9c25b
        9645000	       963	80002674	40fe8833	sub	x16,x29,x15	 x29:0x0000053c x15:0x00000000 x16=0x0000053c
        9655000	       964	80002678	10963b13	sltiu	x22,x12,265	 x12:0x3d938752 x22=0x00000000
        9665000	       965	8000267c	01bf76b3	and	x13,x30,x27	 x30:0xfffffbd8 x27:0xf0c9c25b x13=0xf0c9c258
        9675000	       966	80002680	0083d793	srli	x15,x7,0x8	  x7:0xfffffe02 x15=0x00fffffe
        9685000	       967	80002684	00821c63	bne	x4,x8,8000269c	  x4:0x00000001  x8:0x00000001
        9695000	       968	80002688	779c8793	addi	x15,x25,1913	 x25:0x00000400 x15=0x00000b79
        9705000	       969	8000268c	00205d13	srli	x26,x0,0x2	  x0:0x00000000 x26=0x00000000
        9715000	       970	80002690	d0a55a97	auipc	x21,0xd0a55	 x21=0x50a5768c
        9725000	       971	80002694	fa0ebc13	sltiu	x24,x29,-96	 x29:0x0000053c x24=0x00000001
        9735000	       972	80002698	015da333	slt	x6,x27,x21	 x27:0xf0c9c25b x21:0x50a5768c  x6=0x00000001
        9745000	       973	8000269c	00c15b33	srl	x22,x2,x12	  x2:0xf0c9c25b x12:0x3d938752 x22=0x00003c32
        9755000	       974	800026a0	4100d333	sra	x6,x1,x16	  x1:0x7fff67d4 x16:0x0000053c  x6=0x00000007
        9765000	       975	800026a4	00faea93	ori	x21,x21,15	 x21:0x50a5768c x21=0x50a5768f
        9775000	       976	800026a8	00199db3	sll	x27,x19,x1	 x19:0x0000053c  x1:0x7fff67d4 x27=0x53c00000
        9785000	       977	800026ac	00d25ab3	srl	x21,x4,x13	  x4:0x00000001 x13:0xf0c9c258 x21=0x00000000
        9795000	       978	800026b0	f9828313	addi	x6,x5,-104	  x5:0x00000000  x6=0xffffff98
        9805000	       979	800026b4	ed28a493	slti	x9,x17,-302	 x17:0x00000006  x9=0x00000000
        9815000	       980	800026b8	0186e2b3	or	x5,x13,x24	 x13:0xf0c9c258 x24:0x00000001  x5=0xf0c9c259
        9825000	       981	800026bc	00000013	addi	x0,x0,0	  x0:0x00000000
        9835000	       982	800026c0	00000013	addi	x0,x0,0	  x0:0x00000000
        9845000	       983	800026c4	00285733	srl	x14,x16,x2	 x16:0x0000053c  x2:0xf0c9c25b x14=0x00000000
        9855000	       984	800026c8	04e80063	beq	x16,x14,80002708	 x16:0x0000053c x14:0x00000000
        9865000	       985	800026cc	0073f663	bgeu	x7,x7,800026d8	  x7:0xfffffe02  x7:0xfffffe02
        9875000	       986	00000000	00000013	addi	x0,x0,0	  x0:0x00000000
        9885000	       987	800026d4	00000013	addi	x0,x0,0	  x0:0x00000000
        9895000	       988	800026d8	03d28663	beq	x5,x29,80002704	  x5:0xf0c9c259 x29:0x0000053c
        9905000	       989	800026dc	01f56863	bltu	x10,x31,800026ec	 x10:0x7fffe516 x31:0x80009fc4
        9915000	       990	00000000	00000013	addi	x0,x0,0	  x0:0x00000000
        9925000	       991	800026e8	00000013	addi	x0,x0,0	  x0:0x00000000
        9935000	       992	800026ec	012b1d33	sll	x26,x22,x18	 x22:0x00003c32 x18:0x80009f30 x26=0x3c320000
        9945000	       993	800026f0	018c6f33	or	x30,x24,x24	 x24:0x00000001 x24:0x00000001 x30=0x00000001
        9955000	       994	800026f4	040f4463	blt	x30,x0,8000273c	 x30:0x00000001  x0:0x00000000
        9965000	       995	800026f8	01c7cab3	xor	x21,x15,x28	 x15:0x00000b79 x28:0x51413000 x21=0x51413b79
        9975000	       996	800026fc	41390ab3	sub	x21,x18,x19	 x18:0x80009f30 x19:0x0000053c x21=0x800099f4
        9985000	       997	80002700	0343f063	bgeu	x7,x20,80002720	  x7:0xfffffe02 x20:0x13ada8ae
        9995000	       998	00000000	00000013	addi	x0,x0,0	  x0:0x00000000
       10005000	       999	8000271c	00000013	addi	x0,x0,0	  x0:0x00000000
       10015000	      1000	80002720	403b5393	srai	x7,x22,0x3	 x22:0x00003c32  x7=0x00000786
       10025000	      1001	80002724	01009313	slli	x6,x1,0x10	  x1:0x7fff67d4  x6=0x67d40000
       10035000	      1002	80002728	017a3533	sltu	x10,x20,x23	 x20:0x13ada8ae x23:0xffffffe4 x10=0x00000001
       10045000	      1003	8000272c	014179b3	and	x19,x2,x20	  x2:0xf0c9c25b x20:0x13ada8ae x19=0x1089800a
       10055000	      1004	80002730	006dc633	xor	x12,x27,x6	 x27:0x53c00000  x6:0x67d40000 x12=0x34140000
       10065000	      1005	80002734	0032b033	sltu	x0,x5,x3	  x5:0xf0c9c259  x3:0x00000000
       10075000	      1006	80002738	00f47b33	and	x22,x8,x15	  x8:0x00000001 x15:0x00000b79 x22=0x00000001
       10085000	      1007	8000273c	04eec863	blt	x29,x14,8000278c	 x29:0x0000053c x14:0x00000000
       10095000	      1008	80002740	72cf4793	xori	x15,x30,1836	 x30:0x00000001 x15=0x0000072d
       10105000	      1009	80002744	f40a7617	auipc	x12,0xf40a7	 x12=0x740a9740
       10115000	      1010	80002748	000f0e33	add	x28,x30,x0	 x30:0x00000001  x0:0x00000000 x28=0x00000001
       10125000	      1011	8000274c	0120cbb3	xor	x23,x1,x18	  x1:0x7fff67d4 x18:0x80009f30 x23=0xfffff8e4
       10135000	      1012	80002750	41205533	sra	x10,x0,x18	  x0:0x00000000 x18:0x80009f30 x10=0x00000000
       10145000	      1013	80002754	01b44863	blt	x8,x27,80002764	  x8:0x00000001 x27:0x53c00000
       10155000	      1014	00000000	00000013	addi	x0,x0,0	  x0:0x00000000
       10165000	      1015	80002760	00000013	addi	x0,x0,0	  x0:0x00000000
       10175000	      1016	80002764	c2a0ef37	lui	x30,0xc2a0e	 x30=0xc2a0e000
       10185000	      1017	80002768	7ddb48b7	lui	x17,0x7ddb4	 x17=0x7ddb4000
       10195000	      1018	8000276c	00fb5433	srl	x8,x22,x15	 x22:0x00000001 x15:0x0000072d  x8=0x00000000
       10205000	      1019	80002770	003e1a13	slli	x20,x28,0x3	 x28:0x00000001 x20=0x00000008
       10215000	      1020	80002774	017dd7b3	srl	x15,x27,x23	 x27:0x53c00000 x23:0xfffff8e4 x15=0x053c0000
       10225000	      1021	80002778	013b9033	sll	x0,x23,x19	 x23:0xfffff8e4 x19:0x1089800a
       10235000	      1022	8000277c	01953eb3	sltu	x29,x10,x25	 x10:0x00000000 x25:0x00000400 x29=0x00000001
       10245000	      1023	80002780	0497c993	xori	x19,x15,73	 x15:0x053c0000 x19=0x053c0049
       10255000	      1024	80002784	018e67b3	or	x15,x28,x24	 x28:0x00000001 x24:0x00000001 x15=0x00000001
       10265000	      1025	80002788	bbabfb97	auipc	x23,0xbbabf	 x23=0x3bac1784
       10275000	      1026	8000278c	b007f713	andi	x14,x15,-1280	 x15:0x00000001 x14=0x00000000
       10285000	      1027	80002790	01c24c93	xori	x25,x4,28	  x4:0x00000001 x25=0x0000001d
       10295000	      1028	80002794	fd7fcf13	xori	x30,x31,-41	 x31:0x80009fc4 x30=0x7fff6013
       10305000	      1029	80002798	41325493	srai	x9,x4,0x13	  x4:0x00000001  x9=0x00000000
       10315000	      1030	8000279c	c40f7513	andi	x10,x30,-960	 x30:0x7fff6013 x10=0x7fff6000
       10325000	      1031	800027a0	f0e93393	sltiu	x7,x18,-242	 x18:0x80009f30  x7=0x00000001
       10335000	      1032	800027a4	002c26b3	slt	x13,x24,x2	 x24:0x00000001  x2:0xf0c9c25b x13=0x00000000
       10345000	      1033	800027a8	039ec263	blt	x29,x25,800027cc	 x29:0x00000001 x25:0x0000001d
       10355000	      1034	00000000	00000013	addi	x0,x0,0	  x0:0x00000000
       10365000	      1035	800027c8	00000013	addi	x0,x0,0	  x0:0x00000000
       10375000	      1036	800027cc	00099413	slli	x8,x19,0x0	 x19:0x053c0049  x8=0x053c0049
       10385000	      1037	800027d0	39810993	addi	x19,x2,920	  x2:0xf0c9c25b x19=0xf0c9c5f3
       10395000	      1038	800027d4	9bcd8b93	addi	x23,x27,-1604	 x27:0x53c00000 x23=0x53bff9bc
       10405000	      1039	800027d8	417a5293	srai	x5,x20,0x17	 x20:0x00000008  x5=0x00000000
       10415000	      1040	800027dc	dc336d37	lui	x26,0xdc336	 x26=0xdc336000
       10425000	      1041	800027e0	8e632b93	slti	x23,x6,-1818	  x6:0x67d40000 x23=0x00000000
       10435000	      1042	800027e4	01f75593	srli	x11,x14,0x1f	 x14:0x00000000 x11=0x00000000
       10445000	      1043	800027e8	0114c3b3	xor	x7,x9,x17	  x9:0x00000000 x17:0x7ddb4000  x7=0x7ddb4000
       10455000	      1044	800027ec	404e5c13	srai	x24,x28,0x4	 x28:0x00000001 x24=0x00000000
       10465000	      1045	800027f0	001ad1b3	srl	x3,x21,x1	 x21:0x800099f4  x1:0x7fff67d4  x3=0x00000800
       10475000	      1046	800027f4	40f15613	srai	x12,x2,0xf	  x2:0xf0c9c25b x12=0xffffe193
       10485000	      1047	800027f8	018b7a63	bgeu	x22,x24,8000280c	 x22:0x00000001 x24:0x00000000
       10495000	      1048	00000000	00000013	addi	x0,x0,0	  x0:0x00000000
       10505000	      1049	80002808	00000013	addi	x0,x0,0	  x0:0x00000000
       10515000	      1050	8000280c	6fc84293	xori	x5,x16,1788	 x16:0x0000053c  x5=0x000003c0
       10525000	      1051	80002810	05415463	bge	x2,x20,80002858	  x2:0xf0c9c25b x20:0x00000008
       10535000	      1052	80002814	00fc8733	add	x14,x25,x15	 x25:0x0000001d x15:0x00000001 x14=0x0000001e
       10545000	      1053	80002818	24e34893	xori	x17,x6,590	  x6:0x67d40000 x17=0x67d4024e
       10555000	      1054	8000281c	706eed97	auipc	x27,0x706ee	 x27=0xf06f0818
       10565000	      1055	80002820	04560863	beq	x12,x5,80002870	 x12:0xffffe193  x5:0x000003c0
       10575000	      1056	80002824	00b9d333	srl	x6,x19,x11	 x19:0xf0c9c5f3 x11:0x00000000  x6=0xf0c9c5f3
       10585000	      1057	80002828	002c41b3	xor	x3,x24,x2	 x24:0x00000000  x2:0xf0c9c25b  x3=0xf0c9c25b
       10595000	      1058	8000282c	05f40063	beq	x8,x31,8000286c	  x8:0x053c0049 x31:0x80009fc4
       10605000	      1059	80002830	85d1a313	slti	x6,x3,-1955	  x3:0xf0c9c25b  x6=0x00000001
       10615000	      1060	80002834	7cb33393	sltiu	x7,x6,1995	  x6:0x00000001  x7=0x00000001
       10625000	      1061	80002838	05cbc263	blt	x23,x28,8000287c	 x23:0x00000000 x28:0x00000001
       10635000	      1062	00000000	00000013	addi	x0,x0,0	  x0:0x00000000
       10645000	      1063	80002878	00000013	addi	x0,x0,0	  x0:0x00000000
       10655000	      1064	8000287c	a5dff493	andi	x9,x31,-1443	 x31:0x80009fc4  x9=0x80009a44
       10665000	      1065	80002880	01e90833	add	x16,x18,x30	 x18:0x80009f30 x30:0x7fff6013 x16=0xffffff43
       10675000	      1066	80002884	01199263	bne	x19,x17,80002888	 x19:0xf0c9c5f3 x17:0x67d4024e
       10685000	      1067	00000000	00000013	addi	x0,x0,0	  x0:0x00000000
       10695000	      1068	80002884	00000013	addi	x0,x0,0	  x0:0x00000000
       10705000	      1069	80002888	01a71413	slli	x8,x14,0x1a	 x14:0x0000001e  x8=0x78000000
       10715000	      1070	8000288c	00492083	lw	x1,4(x18)	 x18:0x80009f30  x1=0x80002974 PA:0x80009f34
       10725000	      1071	80002890	0126d393	srli	x7,x13,0x12	 x13:0x00000000  x7=0x00000000
       10735000	      1072	80002894	01c90913	addi	x18,x18,28	 x18:0x80009f30 x18=0x80009f4c
       10745000	      1073	80002898	00033533	sltu	x10,x6,x0	  x6:0x00000001  x0:0x00000000 x10=0x00000000
       10755000	      1074	8000289c	01b7fe33	and	x28,x15,x27	 x15:0x00000001 x27:0xf06f0818 x28=0x00000000
       10765000	      1075	800028a0	01ac4333	xor	x6,x24,x26	 x24:0x00000000 x26:0xdc336000  x6=0xdc336000
       10775000	      1076	800028a4	aba96a13	ori	x20,x18,-1350	 x18:0x80009f4c x20=0xfffffffe
       10785000	      1077	800028a8	00b47233	and	x4,x8,x11	  x8:0x78000000 x11:0x00000000  x4=0x00000000
       10795000	      1078	800028ac	002d3533	sltu	x10,x26,x2	 x26:0xdc336000  x2:0xf0c9c25b x10=0x00000001
       10805000	      1079	800028b0	5cf42413	slti	x8,x8,1487	  x8:0x78000000  x8=0x00000000
       10815000	      1080	800028b4	00008293	addi	x5,x1,0	  x1:0x80002974  x5=0x80002974
       10825000	      1081	800028b8	000282e7	jalr	x5,x5,0	  x5:0x80002974  x5=0x800028b8
       10835000	      1082	00000000	00000013	addi	x0,x0,0	  x0:0x00000000
       10845000	      1083	80002974	00000013	addi	x0,x0,0	  x0:0x00000000
       10855000	      1084	80002978	01f23c33	sltu	x24,x4,x31	  x4:0x00000000 x31:0x80009fc4 x24=0x00000001
       10865000	      1085	8000297c	2dd0a093	slti	x1,x1,733	  x1:0x80002974  x1=0x00000001
       10875000	      1086	80002980	3fe20517	auipc	x10,0x3fe20	 x10=0xbfe2297c
       10885000	      1087	80002984	6346bb17	auipc	x22,0x6346b	 x22=0xe346d980
       10895000	      1088	80002988	2983b493	sltiu	x9,x7,664	  x7:0x00000000  x9=0x00000001
       10905000	      1089	8000298c	41ced233	sra	x4,x29,x28	 x29:0x00000001 x28:0x00000000  x4=0x00000001
       10915000	      1090	80002990	411d0333	sub	x6,x26,x17	 x26:0xdc336000 x17:0x67d4024e  x6=0x745f5db2
       10925000	      1091	80002994	00670863	beq	x14,x6,800029a4	 x14:0x0000001e  x6:0x745f5db2
       10935000	      1092	80002998	00b9aab3	slt	x21,x19,x11	 x19:0xf0c9c5f3 x11:0x00000000 x21=0x00000001
       10945000	      1093	8000299c	cd453393	sltiu	x7,x10,-812	 x10:0xbfe2297c  x7=0x00000001
       10955000	      1094	800029a0	0063b533	sltu	x10,x7,x6	  x7:0x00000001  x6:0x745f5db2 x10=0x00000001
       10965000	      1095	800029a4	0097b9b3	sltu	x19,x15,x9	 x15:0x00000001  x9:0x00000001 x19=0x00000000
       10975000	      1096	800029a8	88938e17	auipc	x28,0x88938	 x28=0x0893a9a4
       10985000	      1097	800029ac	00492083	lw	x1,4(x18)	 x18:0x80009f4c  x1=0x80002a18 PA:0x80009f50
       10995000	      1098	800029b0	9442e893	ori	x17,x5,-1724	  x5:0x800028b8 x17=0xfffff9fc
       11005000	      1099	800029b4	413c8733	sub	x14,x25,x19	 x25:0x0000001d x19:0x00000000 x14=0x0000001d
       11015000	      1100	800029b8	dea77e13	andi	x28,x14,-534	 x14:0x0000001d x28=0x00000008
       11025000	      1101	800029bc	01c90913	addi	x18,x18,28	 x18:0x80009f4c x18=0x80009f68
       11035000	      1102	800029c0	01d5a8b3	slt	x17,x11,x29	 x11:0x00000000 x29:0x00000001 x17=0x00000001
       11045000	      1103	800029c4	00008793	addi	x15,x1,0	  x1:0x80002a18 x15=0x80002a18
       11055000	      1104	800029c8	000787e7	jalr	x15,x15,0	 x15:0x80002a18 x15=0x800029c8
       11065000	      1105	00000000	00000013	addi	x0,x0,0	  x0:0x00000000
       11075000	      1106	80002a18	00000013	addi	x0,x0,0	  x0:0x00000000
       11085000	      1107	80002a1c	008000ef	jal	x1,80002a1c	  x1=0x80002a1c
       11095000	      1108	00000000	00000013	addi	x0,x0,0	  x0:0x00000000
       11105000	      1109	80002a20	00000013	addi	x0,x0,0	  x0:0x00000000
       11115000	      1110	80002a24	01400bef	jal	x23,80002a24	 x23=0x80002a24
       11125000	      1111	00000000	00000013	addi	x0,x0,0	  x0:0x00000000
       11135000	      1112	80002a34	00000013	addi	x0,x0,0	  x0:0x00000000
       11145000	      1113	80002a38	008000ef	jal	x1,80002a38	  x1=0x80002a38
       11155000	      1114	00000000	00000013	addi	x0,x0,0	  x0:0x00000000
       11165000	      1115	80002a3c	00000013	addi	x0,x0,0	  x0:0x00000000
       11175000	      1116	80002a40	018000ef	jal	x1,80002a40	  x1=0x80002a40
       11185000	      1117	00000000	00000013	addi	x0,x0,0	  x0:0x00000000
       11195000	      1118	80002a54	00000013	addi	x0,x0,0	  x0:0x00000000
       11205000	      1119	80002a58	0040036f	jal	x6,80002a58	  x6=0x80002a58
       11215000	      1120	00000000	00000013	addi	x0,x0,0	  x0:0x00000000
       11225000	      1121	80002a58	00000013	addi	x0,x0,0	  x0:0x00000000
       11235000	      1122	80002a5c	ff1ff2ef	jal	x5,80002a5c	  x5=0x80002a5c
       11245000	      1123	00000000	00000013	addi	x0,x0,0	  x0:0x00000000
       11255000	      1124	80002a48	00000013	addi	x0,x0,0	  x0:0x00000000
       11265000	      1125	80002a4c	fe9ff0ef	jal	x1,80002a4c	  x1=0x80002a4c
       11275000	      1126	00000000	00000013	addi	x0,x0,0	  x0:0x00000000
       11285000	      1127	80002a30	00000013	addi	x0,x0,0	  x0:0x00000000
       11295000	      1128	80002a34	020000ef	jal	x1,80002a34	  x1=0x80002a34
       11305000	      1129	00000000	00000013	addi	x0,x0,0	  x0:0x00000000
       11315000	      1130	80002a50	00000013	addi	x0,x0,0	  x0:0x00000000
       11325000	      1131	80002a54	ffdff36f	jal	x6,80002a54	  x6=0x80002a54
       11335000	      1132	00000000	00000013	addi	x0,x0,0	  x0:0x00000000
       11345000	      1133	80002a4c	00000013	addi	x0,x0,0	  x0:0x00000000
       11355000	      1134	80002a50	fd1ff36f	jal	x6,80002a50	  x6=0x80002a50
       11365000	      1135	00000000	00000013	addi	x0,x0,0	  x0:0x00000000
       11375000	      1136	80002a1c	00000013	addi	x0,x0,0	  x0:0x00000000
       11385000	      1137	80002a20	0280036f	jal	x6,80002a20	  x6=0x80002a20
       11395000	      1138	00000000	00000013	addi	x0,x0,0	  x0:0x00000000
       11405000	      1139	80002a44	00000013	addi	x0,x0,0	  x0:0x00000000
       11415000	      1140	80002a48	ff5ff9ef	jal	x19,80002a48	 x19=0x80002a48
       11425000	      1141	00000000	00000013	addi	x0,x0,0	  x0:0x00000000
       11435000	      1142	80002a38	00000013	addi	x0,x0,0	  x0:0x00000000
       11445000	      1143	80002a3c	fedff2ef	jal	x5,80002a3c	  x5=0x80002a3c
       11455000	      1144	00000000	00000013	addi	x0,x0,0	  x0:0x00000000
       11465000	      1145	80002a24	00000013	addi	x0,x0,0	  x0:0x00000000
       11475000	      1146	80002a28	01c000ef	jal	x1,80002a28	  x1=0x80002a28
       11485000	      1147	00000000	00000013	addi	x0,x0,0	  x0:0x00000000
       11495000	      1148	80002a40	00000013	addi	x0,x0,0	  x0:0x00000000
       11505000	      1149	80002a44	fedff0ef	jal	x1,80002a44	  x1=0x80002a44
       11515000	      1150	00000000	00000013	addi	x0,x0,0	  x0:0x00000000
       11525000	      1151	80002a2c	00000013	addi	x0,x0,0	  x0:0x00000000
       11535000	      1152	80002a30	ffdff66f	jal	x12,80002a30	 x12=0x80002a30
       11545000	      1153	00000000	00000013	addi	x0,x0,0	  x0:0x00000000
       11555000	      1154	80002a28	00000013	addi	x0,x0,0	  x0:0x00000000
       11565000	      1155	80002a2c	034000ef	jal	x1,80002a2c	  x1=0x80002a2c
       11575000	      1156	00000000	00000013	addi	x0,x0,0	  x0:0x00000000
       11585000	      1157	80002a5c	00000013	addi	x0,x0,0	  x0:0x00000000
       11595000	      1158	80002a60	01422ab3	slt	x21,x4,x20	  x4:0x00000001 x20:0xfffffffe x21=0x00000000
       11605000	      1159	80002a64	014000ef	jal	x1,80002a64	  x1=0x80002a64
       11615000	      1160	00000000	00000013	addi	x0,x0,0	  x0:0x00000000
       11625000	      1161	80002a74	00000013	addi	x0,x0,0	  x0:0x00000000
       11635000	      1162	80002a78	05000aef	jal	x21,80002a78	 x21=0x80002a78
       11645000	      1163	00000000	00000013	addi	x0,x0,0	  x0:0x00000000
       11655000	      1164	80002ac4	00000013	addi	x0,x0,0	  x0:0x00000000
       11665000	      1165	80002ac8	fa5ff2ef	jal	x5,80002ac8	  x5=0x80002ac8
       11675000	      1166	00000000	00000013	addi	x0,x0,0	  x0:0x00000000
       11685000	      1167	80002a68	00000013	addi	x0,x0,0	  x0:0x00000000
       11695000	      1168	80002a6c	0280026f	jal	x4,80002a6c	  x4=0x80002a6c
       11705000	      1169	00000000	00000013	addi	x0,x0,0	  x0:0x00000000
       11715000	      1170	80002a90	00000013	addi	x0,x0,0	  x0:0x00000000
       11725000	      1171	80002a94	004000ef	jal	x1,80002a94	  x1=0x80002a94
       11735000	      1172	00000000	00000013	addi	x0,x0,0	  x0:0x00000000
       11745000	      1173	80002a94	00000013	addi	x0,x0,0	  x0:0x00000000
       11755000	      1174	80002a98	008000ef	jal	x1,80002a98	  x1=0x80002a98
       11765000	      1175	00000000	00000013	addi	x0,x0,0	  x0:0x00000000
       11775000	      1176	80002a9c	00000013	addi	x0,x0,0	  x0:0x00000000
       11785000	      1177	80002aa0	01c000ef	jal	x1,80002aa0	  x1=0x80002aa0
       11795000	      1178	00000000	00000013	addi	x0,x0,0	  x0:0x00000000
       11805000	      1179	80002ab8	00000013	addi	x0,x0,0	  x0:0x00000000
       11815000	      1180	80002abc	ff9ff1ef	jal	x3,80002abc	  x3=0x80002abc
       11825000	      1181	00000000	00000013	addi	x0,x0,0	  x0:0x00000000
       11835000	      1182	80002ab0	00000013	addi	x0,x0,0	  x0:0x00000000
       11845000	      1183	80002ab4	0200036f	jal	x6,80002ab4	  x6=0x80002ab4
       11855000	      1184	00000000	00000013	addi	x0,x0,0	  x0:0x00000000
       11865000	      1185	80002ad0	00000013	addi	x0,x0,0	  x0:0x00000000
       11875000	      1186	80002ad4	ffdff36f	jal	x6,80002ad4	  x6=0x80002ad4
       11885000	      1187	00000000	00000013	addi	x0,x0,0	  x0:0x00000000
       11895000	      1188	80002acc	00000013	addi	x0,x0,0	  x0:0x00000000
       11905000	      1189	80002ad0	ff1ff0ef	jal	x1,80002ad0	  x1=0x80002ad0
       11915000	      1190	00000000	00000013	addi	x0,x0,0	  x0:0x00000000
       11925000	      1191	80002abc	00000013	addi	x0,x0,0	  x0:0x00000000
       11935000	      1192	80002ac0	fc5ff0ef	jal	x1,80002ac0	  x1=0x80002ac0
       11945000	      1193	00000000	00000013	addi	x0,x0,0	  x0:0x00000000
       11955000	      1194	80002a80	00000013	addi	x0,x0,0	  x0:0x00000000
       11965000	      1195	80002a84	054000ef	jal	x1,80002a84	  x1=0x80002a84
       11975000	      1196	00000000	00000013	addi	x0,x0,0	  x0:0x00000000
       11985000	      1197	80002ad4	00000013	addi	x0,x0,0	  x0:0x00000000
       11995000	      1198	80002ad8	fe1ff0ef	jal	x1,80002ad8	  x1=0x80002ad8
       12005000	      1199	00000000	00000013	addi	x0,x0,0	  x0:0x00000000
       12015000	      1200	80002ab4	00000013	addi	x0,x0,0	  x0:0x00000000
       12025000	      1201	80002ab8	fc5ff0ef	jal	x1,80002ab8	  x1=0x80002ab8
       12035000	      1202	00000000	00000013	addi	x0,x0,0	  x0:0x00000000
       12045000	      1203	80002a78	00000013	addi	x0,x0,0	  x0:0x00000000
       12055000	      1204	80002a7c	ff5ffa6f	jal	x20,80002a7c	 x20=0x80002a7c
       12065000	      1205	00000000	00000013	addi	x0,x0,0	  x0:0x00000000
       12075000	      1206	80002a6c	00000013	addi	x0,x0,0	  x0:0x00000000
       12085000	      1207	80002a70	038000ef	jal	x1,80002a70	  x1=0x80002a70
       12095000	      1208	00000000	00000013	addi	x0,x0,0	  x0:0x00000000
       12105000	      1209	80002aa4	00000013	addi	x0,x0,0	  x0:0x00000000
       12115000	      1210	80002aa8	02400def	jal	x27,80002aa8	 x27=0x80002aa8
       12125000	      1211	00000000	00000013	addi	x0,x0,0	  x0:0x00000000
       12135000	      1212	80002ac8	00000013	addi	x0,x0,0	  x0:0x00000000
       12145000	      1213	80002acc	fd9ff36f	jal	x6,80002acc	  x6=0x80002acc
       12155000	      1214	00000000	00000013	addi	x0,x0,0	  x0:0x00000000
       12165000	      1215	80002aa0	00000013	addi	x0,x0,0	  x0:0x00000000
       12175000	      1216	80002aa4	fc5ff0ef	jal	x1,80002aa4	  x1=0x80002aa4
       12185000	      1217	00000000	00000013	addi	x0,x0,0	  x0:0x00000000
       12195000	      1218	80002a64	00000013	addi	x0,x0,0	  x0:0x00000000
       12205000	      1219	80002a68	020000ef	jal	x1,80002a68	  x1=0x80002a68
       12215000	      1220	00000000	00000013	addi	x0,x0,0	  x0:0x00000000
       12225000	      1221	80002a84	00000013	addi	x0,x0,0	  x0:0x00000000
       12235000	      1222	80002a88	0140036f	jal	x6,80002a88	  x6=0x80002a88
       12245000	      1223	00000000	00000013	addi	x0,x0,0	  x0:0x00000000
       12255000	      1224	80002a98	00000013	addi	x0,x0,0	  x0:0x00000000
       12265000	      1225	80002a9c	028000ef	jal	x1,80002a9c	  x1=0x80002a9c
       12275000	      1226	00000000	00000013	addi	x0,x0,0	  x0:0x00000000
       12285000	      1227	80002ac0	00000013	addi	x0,x0,0	  x0:0x00000000
       12295000	      1228	80002ac4	fedff26f	jal	x4,80002ac4	  x4=0x80002ac4
       12305000	      1229	00000000	00000013	addi	x0,x0,0	  x0:0x00000000
       12315000	      1230	80002aac	00000013	addi	x0,x0,0	  x0:0x00000000
       12325000	      1231	80002ab0	fd1ff0ef	jal	x1,80002ab0	  x1=0x80002ab0
       12335000	      1232	00000000	00000013	addi	x0,x0,0	  x0:0x00000000
       12345000	      1233	80002a7c	00000013	addi	x0,x0,0	  x0:0x00000000
       12355000	      1234	80002a80	ff5ff36f	jal	x6,80002a80	  x6=0x80002a80
       12365000	      1235	00000000	00000013	addi	x0,x0,0	  x0:0x00000000
       12375000	      1236	80002a70	00000013	addi	x0,x0,0	  x0:0x00000000
       12385000	      1237	80002a74	03800cef	jal	x25,80002a74	 x25=0x80002a74
       12395000	      1238	00000000	00000013	addi	x0,x0,0	  x0:0x00000000
       12405000	      1239	80002aa8	00000013	addi	x0,x0,0	  x0:0x00000000
       12415000	      1240	80002aac	fe1ff76f	jal	x14,80002aac	 x14=0x80002aac
       12425000	      1241	00000000	00000013	addi	x0,x0,0	  x0:0x00000000
       12435000	      1242	80002a88	00000013	addi	x0,x0,0	  x0:0x00000000
       12445000	      1243	80002a8c	004000ef	jal	x1,80002a8c	  x1=0x80002a8c
       12455000	      1244	00000000	00000013	addi	x0,x0,0	  x0:0x00000000
       12465000	      1245	80002a8c	00000013	addi	x0,x0,0	  x0:0x00000000
       12475000	      1246	80002a90	04c00cef	jal	x25,80002a90	 x25=0x80002a90
       12485000	      1247	00000000	00000013	addi	x0,x0,0	  x0:0x00000000
       12495000	      1248	80002ad8	00000013	addi	x0,x0,0	  x0:0x00000000
       12505000	      1249	80002adc	411e0d33	sub	x26,x28,x17	 x28:0x00000008 x17:0x00000001 x26=0x00000007
       12515000	      1250	80002ae0	020000ef	jal	x1,80002ae0	  x1=0x80002ae0
       12525000	      1251	00000000	00000013	addi	x0,x0,0	  x0:0x00000000
       12535000	      1252	80002afc	00000013	addi	x0,x0,0	  x0:0x00000000
       12545000	      1253	80002b00	00c000ef	jal	x1,80002b00	  x1=0x80002b00
       12555000	      1254	00000000	00000013	addi	x0,x0,0	  x0:0x00000000
       12565000	      1255	80002b08	00000013	addi	x0,x0,0	  x0:0x00000000
       12575000	      1256	80002b0c	ffdff26f	jal	x4,80002b0c	  x4=0x80002b0c
       12585000	      1257	00000000	00000013	addi	x0,x0,0	  x0:0x00000000
       12595000	      1258	80002b04	00000013	addi	x0,x0,0	  x0:0x00000000
       12605000	      1259	80002b08	fe5ff0ef	jal	x1,80002b08	  x1=0x80002b08
       12615000	      1260	00000000	00000013	addi	x0,x0,0	  x0:0x00000000
       12625000	      1261	80002ae8	00000013	addi	x0,x0,0	  x0:0x00000000
       12635000	      1262	80002aec	01000f6f	jal	x30,80002aec	 x30=0x80002aec
       12645000	      1263	00000000	00000013	addi	x0,x0,0	  x0:0x00000000
       12655000	      1264	80002af8	00000013	addi	x0,x0,0	  x0:0x00000000
       12665000	      1265	80002afc	ff9ff0ef	jal	x1,80002afc	  x1=0x80002afc
       12675000	      1266	00000000	00000013	addi	x0,x0,0	  x0:0x00000000
       12685000	      1267	80002af0	00000013	addi	x0,x0,0	  x0:0x00000000
       12695000	      1268	80002af4	024006ef	jal	x13,80002af4	 x13=0x80002af4
       12705000	      1269	00000000	00000013	addi	x0,x0,0	  x0:0x00000000
       12715000	      1270	80002b14	00000013	addi	x0,x0,0	  x0:0x00000000
       12725000	      1271	80002b18	fe1ff0ef	jal	x1,80002b18	  x1=0x80002b18
       12735000	      1272	00000000	00000013	addi	x0,x0,0	  x0:0x00000000
       12745000	      1273	80002af4	00000013	addi	x0,x0,0	  x0:0x00000000
       12755000	      1274	80002af8	fedff0ef	jal	x1,80002af8	  x1=0x80002af8
       12765000	      1275	00000000	00000013	addi	x0,x0,0	  x0:0x00000000
       12775000	      1276	80002ae0	00000013	addi	x0,x0,0	  x0:0x00000000
       12785000	      1277	80002ae4	020000ef	jal	x1,80002ae4	  x1=0x80002ae4
       12795000	      1278	00000000	00000013	addi	x0,x0,0	  x0:0x00000000
       12805000	      1279	80002b00	00000013	addi	x0,x0,0	  x0:0x00000000
       12815000	      1280	80002b04	fedff0ef	jal	x1,80002b04	  x1=0x80002b04
       12825000	      1281	00000000	00000013	addi	x0,x0,0	  x0:0x00000000
       12835000	      1282	80002aec	00000013	addi	x0,x0,0	  x0:0x00000000
       12845000	      1283	80002af0	02c000ef	jal	x1,80002af0	  x1=0x80002af0
       12855000	      1284	00000000	00000013	addi	x0,x0,0	  x0:0x00000000
       12865000	      1285	80002b18	00000013	addi	x0,x0,0	  x0:0x00000000
       12875000	      1286	80002b1c	ff5ff0ef	jal	x1,80002b1c	  x1=0x80002b1c
       12885000	      1287	00000000	00000013	addi	x0,x0,0	  x0:0x00000000
       12895000	      1288	80002b0c	00000013	addi	x0,x0,0	  x0:0x00000000
       12905000	      1289	80002b10	fd9ff36f	jal	x6,80002b10	  x6=0x80002b10
       12915000	      1290	00000000	00000013	addi	x0,x0,0	  x0:0x00000000
       12925000	      1291	80002ae4	00000013	addi	x0,x0,0	  x0:0x00000000
       12935000	      1292	80002ae8	02c000ef	jal	x1,80002ae8	  x1=0x80002ae8
       12945000	      1293	00000000	00000013	addi	x0,x0,0	  x0:0x00000000
       12955000	      1294	80002b10	00000013	addi	x0,x0,0	  x0:0x00000000
       12965000	      1295	80002b14	00c000ef	jal	x1,80002b14	  x1=0x80002b14
       12975000	      1296	00000000	00000013	addi	x0,x0,0	  x0:0x00000000
       12985000	      1297	80002b1c	00000013	addi	x0,x0,0	  x0:0x00000000
       12995000	      1298	80002b20	003b8833	add	x16,x23,x3	 x23:0x80002a24  x3:0x80002abc x16=0x000054e0
       13005000	      1299	80002b24	01c000ef	jal	x1,80002b24	  x1=0x80002b24
       13015000	      1300	00000000	00000013	addi	x0,x0,0	  x0:0x00000000
       13025000	      1301	80002b3c	00000013	addi	x0,x0,0	  x0:0x00000000
       13035000	      1302	80002b40	02400eef	jal	x29,80002b40	 x29=0x80002b40
       13045000	      1303	00000000	00000013	addi	x0,x0,0	  x0:0x00000000
       13055000	      1304	80002b60	00000013	addi	x0,x0,0	  x0:0x00000000
       13065000	      1305	80002b64	fe5ff0ef	jal	x1,80002b64	  x1=0x80002b64
       13075000	      1306	00000000	00000013	addi	x0,x0,0	  x0:0x00000000
       13085000	      1307	80002b44	00000013	addi	x0,x0,0	  x0:0x00000000
       13095000	      1308	80002b48	010002ef	jal	x5,80002b48	  x5=0x80002b48
       13105000	      1309	00000000	00000013	addi	x0,x0,0	  x0:0x00000000
       13115000	      1310	80002b54	00000013	addi	x0,x0,0	  x0:0x00000000
       13125000	      1311	80002b58	ff5ff0ef	jal	x1,80002b58	  x1=0x80002b58
       13135000	      1312	00000000	00000013	addi	x0,x0,0	  x0:0x00000000
       13145000	      1313	80002b48	00000013	addi	x0,x0,0	  x0:0x00000000
       13155000	      1314	80002b4c	fddff0ef	jal	x1,80002b4c	  x1=0x80002b4c
       13165000	      1315	00000000	00000013	addi	x0,x0,0	  x0:0x00000000
       13175000	      1316	80002b24	00000013	addi	x0,x0,0	  x0:0x00000000
       13185000	      1317	80002b28	010000ef	jal	x1,80002b28	  x1=0x80002b28
       13195000	      1318	00000000	00000013	addi	x0,x0,0	  x0:0x00000000
       13205000	      1319	80002b34	00000013	addi	x0,x0,0	  x0:0x00000000
       13215000	      1320	80002b38	034000ef	jal	x1,80002b38	  x1=0x80002b38
       13225000	      1321	00000000	00000013	addi	x0,x0,0	  x0:0x00000000
       13235000	      1322	80002b68	00000013	addi	x0,x0,0	  x0:0x00000000
       13245000	      1323	80002b6c	fe5ff0ef	jal	x1,80002b6c	  x1=0x80002b6c
       13255000	      1324	00000000	00000013	addi	x0,x0,0	  x0:0x00000000
       13265000	      1325	80002b4c	00000013	addi	x0,x0,0	  x0:0x00000000
       13275000	      1326	80002b50	fedff0ef	jal	x1,80002b50	  x1=0x80002b50
       13285000	      1327	00000000	00000013	addi	x0,x0,0	  x0:0x00000000
       13295000	      1328	80002b38	00000013	addi	x0,x0,0	  x0:0x00000000
       13305000	      1329	80002b3c	0240036f	jal	x6,80002b3c	  x6=0x80002b3c
       13315000	      1330	00000000	00000013	addi	x0,x0,0	  x0:0x00000000
       13325000	      1331	80002b5c	00000013	addi	x0,x0,0	  x0:0x00000000
       13335000	      1332	80002b60	ff5ff0ef	jal	x1,80002b60	  x1=0x80002b60
       13345000	      1333	00000000	00000013	addi	x0,x0,0	  x0:0x00000000
       13355000	      1334	80002b50	00000013	addi	x0,x0,0	  x0:0x00000000
       13365000	      1335	80002b54	fddff0ef	jal	x1,80002b54	  x1=0x80002b54
       13375000	      1336	00000000	00000013	addi	x0,x0,0	  x0:0x00000000
       13385000	      1337	80002b2c	00000013	addi	x0,x0,0	  x0:0x00000000
       13395000	      1338	80002b30	004000ef	jal	x1,80002b30	  x1=0x80002b30
       13405000	      1339	00000000	00000013	addi	x0,x0,0	  x0:0x00000000
       13415000	      1340	80002b30	00000013	addi	x0,x0,0	  x0:0x00000000
       13425000	      1341	80002b34	0280036f	jal	x6,80002b34	  x6=0x80002b34
       13435000	      1342	00000000	00000013	addi	x0,x0,0	  x0:0x00000000
       13445000	      1343	80002b58	00000013	addi	x0,x0,0	  x0:0x00000000
       13455000	      1344	80002b5c	fd1ff46f	jal	x8,80002b5c	  x8=0x80002b5c
       13465000	      1345	00000000	00000013	addi	x0,x0,0	  x0:0x00000000
       13475000	      1346	80002b28	00000013	addi	x0,x0,0	  x0:0x00000000
       13485000	      1347	80002b2c	03c000ef	jal	x1,80002b2c	  x1=0x80002b2c
       13495000	      1348	00000000	00000013	addi	x0,x0,0	  x0:0x00000000
       13505000	      1349	80002b64	00000013	addi	x0,x0,0	  x0:0x00000000
       13515000	      1350	80002b68	fddff2ef	jal	x5,80002b68	  x5=0x80002b68
       13525000	      1351	00000000	00000013	addi	x0,x0,0	  x0:0x00000000
       13535000	      1352	80002b40	00000013	addi	x0,x0,0	  x0:0x00000000
       13545000	      1353	80002b44	02c0076f	jal	x14,80002b44	 x14=0x80002b44
       13555000	      1354	00000000	00000013	addi	x0,x0,0	  x0:0x00000000
       13565000	      1355	80002b6c	00000013	addi	x0,x0,0	  x0:0x00000000
       13575000	      1356	80002b70	c83e3c13	sltiu	x24,x28,-893	 x28:0x00000008 x24=0x00000001
       13585000	      1357	80002b74	00c000ef	jal	x1,80002b74	  x1=0x80002b74
       13595000	      1358	00000000	00000013	addi	x0,x0,0	  x0:0x00000000
       13605000	      1359	80002b7c	00000013	addi	x0,x0,0	  x0:0x00000000
       13615000	      1360	80002b80	018000ef	jal	x1,80002b80	  x1=0x80002b80
       13625000	      1361	00000000	00000013	addi	x0,x0,0	  x0:0x00000000
       13635000	      1362	80002b94	00000013	addi	x0,x0,0	  x0:0x00000000
       13645000	      1363	80002b98	ff9ff1ef	jal	x3,80002b98	  x3=0x80002b98
       13655000	      1364	00000000	00000013	addi	x0,x0,0	  x0:0x00000000
       13665000	      1365	80002b8c	00000013	addi	x0,x0,0	  x0:0x00000000
       13675000	      1366	80002b90	fedff26f	jal	x4,80002b90	  x4=0x80002b90
       13685000	      1367	00000000	00000013	addi	x0,x0,0	  x0:0x00000000
       13695000	      1368	80002b78	00000013	addi	x0,x0,0	  x0:0x00000000
       13705000	      1369	80002b7c	010000ef	jal	x1,80002b7c	  x1=0x80002b7c
       13715000	      1370	00000000	00000013	addi	x0,x0,0	  x0:0x00000000
       13725000	      1371	80002b88	00000013	addi	x0,x0,0	  x0:0x00000000
       13735000	      1372	80002b8c	02400aef	jal	x21,80002b8c	 x21=0x80002b8c
       13745000	      1373	00000000	00000013	addi	x0,x0,0	  x0:0x00000000
       13755000	      1374	80002bac	00000013	addi	x0,x0,0	  x0:0x00000000
       13765000	      1375	80002bb0	fedff36f	jal	x6,80002bb0	  x6=0x80002bb0
       13775000	      1376	00000000	00000013	addi	x0,x0,0	  x0:0x00000000
       13785000	      1377	80002b98	00000013	addi	x0,x0,0	  x0:0x00000000
       13795000	      1378	80002b9c	0180036f	jal	x6,80002b9c	  x6=0x80002b9c
       13805000	      1379	00000000	00000013	addi	x0,x0,0	  x0:0x00000000
       13815000	      1380	80002bb0	00000013	addi	x0,x0,0	  x0:0x00000000
       13825000	      1381	80002bb4	fedffd6f	jal	x26,80002bb4	 x26=0x80002bb4
       13835000	      1382	00000000	00000013	addi	x0,x0,0	  x0:0x00000000
       13845000	      1383	80002b9c	00000013	addi	x0,x0,0	  x0:0x00000000
       13855000	      1384	80002ba0	018000ef	jal	x1,80002ba0	  x1=0x80002ba0
       13865000	      1385	00000000	00000013	addi	x0,x0,0	  x0:0x00000000
       13875000	      1386	80002bb4	00000013	addi	x0,x0,0	  x0:0x00000000
       13885000	      1387	80002bb8	fc1ff0ef	jal	x1,80002bb8	  x1=0x80002bb8
       13895000	      1388	00000000	00000013	addi	x0,x0,0	  x0:0x00000000
       13905000	      1389	80002b74	00000013	addi	x0,x0,0	  x0:0x00000000
       13915000	      1390	80002b78	0300036f	jal	x6,80002b78	  x6=0x80002b78
       13925000	      1391	00000000	00000013	addi	x0,x0,0	  x0:0x00000000
       13935000	      1392	80002ba4	00000013	addi	x0,x0,0	  x0:0x00000000
       13945000	      1393	80002ba8	fedff36f	jal	x6,80002ba8	  x6=0x80002ba8
       13955000	      1394	00000000	00000013	addi	x0,x0,0	  x0:0x00000000
       13965000	      1395	80002b90	00000013	addi	x0,x0,0	  x0:0x00000000
       13975000	      1396	80002b94	ff1ff0ef	jal	x1,80002b94	  x1=0x80002b94
       13985000	      1397	00000000	00000013	addi	x0,x0,0	  x0:0x00000000
       13995000	      1398	80002b80	00000013	addi	x0,x0,0	  x0:0x00000000
       14005000	      1399	80002b84	03c0036f	jal	x6,80002b84	  x6=0x80002b84
       14015000	      1400	00000000	00000013	addi	x0,x0,0	  x0:0x00000000
       14025000	      1401	80002bbc	00000013	addi	x0,x0,0	  x0:0x00000000
       14035000	      1402	80002bc0	0100036f	jal	x6,80002bc0	  x6=0x80002bc0
       14045000	      1403	00000000	00000013	addi	x0,x0,0	  x0:0x00000000
       14055000	      1404	80002bcc	00000013	addi	x0,x0,0	  x0:0x00000000
       14065000	      1405	80002bd0	ff5ff2ef	jal	x5,80002bd0	  x5=0x80002bd0
       14075000	      1406	00000000	00000013	addi	x0,x0,0	  x0:0x00000000
       14085000	      1407	80002bc0	00000013	addi	x0,x0,0	  x0:0x00000000
       14095000	      1408	80002bc4	ff9ff0ef	jal	x1,80002bc4	  x1=0x80002bc4
       14105000	      1409	00000000	00000013	addi	x0,x0,0	  x0:0x00000000
       14115000	      1410	80002bb8	00000013	addi	x0,x0,0	  x0:0x00000000
       14125000	      1411	80002bbc	fe9ff36f	jal	x6,80002bbc	  x6=0x80002bbc
       14135000	      1412	00000000	00000013	addi	x0,x0,0	  x0:0x00000000
       14145000	      1413	80002ba0	00000013	addi	x0,x0,0	  x0:0x00000000
       14155000	      1414	80002ba4	008000ef	jal	x1,80002ba4	  x1=0x80002ba4
       14165000	      1415	00000000	00000013	addi	x0,x0,0	  x0:0x00000000
       14175000	      1416	80002ba8	00000013	addi	x0,x0,0	  x0:0x00000000
       14185000	      1417	80002bac	01c0036f	jal	x6,80002bac	  x6=0x80002bac
       14195000	      1418	00000000	00000013	addi	x0,x0,0	  x0:0x00000000
       14205000	      1419	80002bc4	00000013	addi	x0,x0,0	  x0:0x00000000
       14215000	      1420	80002bc8	00400e6f	jal	x28,80002bc8	 x28=0x80002bc8
       14225000	      1421	00000000	00000013	addi	x0,x0,0	  x0:0x00000000
       14235000	      1422	80002bc8	00000013	addi	x0,x0,0	  x0:0x00000000
       14245000	      1423	80002bcc	fbdff0ef	jal	x1,80002bcc	  x1=0x80002bcc
       14255000	      1424	00000000	00000013	addi	x0,x0,0	  x0:0x00000000
       14265000	      1425	80002b84	00000013	addi	x0,x0,0	  x0:0x00000000
       14275000	      1426	80002b88	04c000ef	jal	x1,80002b88	  x1=0x80002b88
       14285000	      1427	00000000	00000013	addi	x0,x0,0	  x0:0x00000000
       14295000	      1428	80002bd0	00000013	addi	x0,x0,0	  x0:0x00000000
       14305000	      1429	80002bd4	de6a2713	slti	x14,x20,-538	 x20:0x80002a7c x14=0x00000001
       14315000	      1430	80002bd8	034000ef	jal	x1,80002bd8	  x1=0x80002bd8
       14325000	      1431	00000000	00000013	addi	x0,x0,0	  x0:0x00000000
       14335000	      1432	80002c08	00000013	addi	x0,x0,0	  x0:0x00000000
       14345000	      1433	80002c0c	ff5ff0ef	jal	x1,80002c0c	  x1=0x80002c0c
       14355000	      1434	00000000	00000013	addi	x0,x0,0	  x0:0x00000000
       14365000	      1435	80002bfc	00000013	addi	x0,x0,0	  x0:0x00000000
       14375000	      1436	80002c00	ff9ff0ef	jal	x1,80002c00	  x1=0x80002c00
       14385000	      1437	00000000	00000013	addi	x0,x0,0	  x0:0x00000000
       14395000	      1438	80002bf4	00000013	addi	x0,x0,0	  x0:0x00000000
       14405000	      1439	80002bf8	ff1ff0ef	jal	x1,80002bf8	  x1=0x80002bf8
       14415000	      1440	00000000	00000013	addi	x0,x0,0	  x0:0x00000000
       14425000	      1441	80002be4	00000013	addi	x0,x0,0	  x0:0x00000000
       14435000	      1442	80002be8	020000ef	jal	x1,80002be8	  x1=0x80002be8
       14445000	      1443	00000000	00000013	addi	x0,x0,0	  x0:0x00000000
       14455000	      1444	80002c04	00000013	addi	x0,x0,0	  x0:0x00000000
       14465000	      1445	80002c08	ffdff0ef	jal	x1,80002c08	  x1=0x80002c08
       14475000	      1446	00000000	00000013	addi	x0,x0,0	  x0:0x00000000
       14485000	      1447	80002c00	00000013	addi	x0,x0,0	  x0:0x00000000
       14495000	      1448	80002c04	fe1ff26f	jal	x4,80002c04	  x4=0x80002c04
       14505000	      1449	00000000	00000013	addi	x0,x0,0	  x0:0x00000000
       14515000	      1450	80002be0	00000013	addi	x0,x0,0	  x0:0x00000000
       14525000	      1451	80002be4	0180036f	jal	x6,80002be4	  x6=0x80002be4
       14535000	      1452	00000000	00000013	addi	x0,x0,0	  x0:0x00000000
       14545000	      1453	80002bf8	00000013	addi	x0,x0,0	  x0:0x00000000
       14555000	      1454	80002bfc	ff9ff0ef	jal	x1,80002bfc	  x1=0x80002bfc
       14565000	      1455	00000000	00000013	addi	x0,x0,0	  x0:0x00000000
       14575000	      1456	80002bf0	00000013	addi	x0,x0,0	  x0:0x00000000
       14585000	      1457	80002bf4	ff9ff0ef	jal	x1,80002bf4	  x1=0x80002bf4
       14595000	      1458	00000000	00000013	addi	x0,x0,0	  x0:0x00000000
       14605000	      1459	80002be8	00000013	addi	x0,x0,0	  x0:0x00000000
       14615000	      1460	80002bec	00400aef	jal	x21,80002bec	 x21=0x80002bec
       14625000	      1461	00000000	00000013	addi	x0,x0,0	  x0:0x00000000
       14635000	      1462	80002bec	00000013	addi	x0,x0,0	  x0:0x00000000
       14645000	      1463	80002bf0	ff1ff0ef	jal	x1,80002bf0	  x1=0x80002bf0
       14655000	      1464	00000000	00000013	addi	x0,x0,0	  x0:0x00000000
       14665000	      1465	80002bdc	00000013	addi	x0,x0,0	  x0:0x00000000
       14675000	      1466	80002be0	ffdff0ef	jal	x1,80002be0	  x1=0x80002be0
       14685000	      1467	00000000	00000013	addi	x0,x0,0	  x0:0x00000000
       14695000	      1468	80002bd8	00000013	addi	x0,x0,0	  x0:0x00000000
       14705000	      1469	80002bdc	034000ef	jal	x1,80002bdc	  x1=0x80002bdc
       14715000	      1470	00000000	00000013	addi	x0,x0,0	  x0:0x00000000
       14725000	      1471	80002c0c	00000013	addi	x0,x0,0	  x0:0x00000000
       14735000	      1472	80002c10	0131fbb3	and	x23,x3,x19	  x3:0x80002b98 x19:0x80002a48 x23=0x80002a08
       14745000	      1473	80002c14	028000ef	jal	x1,80002c14	  x1=0x80002c14
       14755000	      1474	00000000	00000013	addi	x0,x0,0	  x0:0x00000000
       14765000	      1475	80002c38	00000013	addi	x0,x0,0	  x0:0x00000000
       14775000	      1476	80002c3c	034000ef	jal	x1,80002c3c	  x1=0x80002c3c
       14785000	      1477	00000000	00000013	addi	x0,x0,0	  x0:0x00000000
       14795000	      1478	80002c6c	00000013	addi	x0,x0,0	  x0:0x00000000
       14805000	      1479	80002c70	fd1ff0ef	jal	x1,80002c70	  x1=0x80002c70
       14815000	      1480	00000000	00000013	addi	x0,x0,0	  x0:0x00000000
       14825000	      1481	80002c3c	00000013	addi	x0,x0,0	  x0:0x00000000
       14835000	      1482	80002c40	01c00b6f	jal	x22,80002c40	 x22=0x80002c40
       14845000	      1483	00000000	00000013	addi	x0,x0,0	  x0:0x00000000
       14855000	      1484	80002c58	00000013	addi	x0,x0,0	  x0:0x00000000
       14865000	      1485	80002c5c	ff5ff0ef	jal	x1,80002c5c	  x1=0x80002c5c
       14875000	      1486	00000000	00000013	addi	x0,x0,0	  x0:0x00000000
       14885000	      1487	80002c4c	00000013	addi	x0,x0,0	  x0:0x00000000
       14895000	      1488	80002c50	01c000ef	jal	x1,80002c50	  x1=0x80002c50
       14905000	      1489	00000000	00000013	addi	x0,x0,0	  x0:0x00000000
       14915000	      1490	80002c68	00000013	addi	x0,x0,0	  x0:0x00000000
       14925000	      1491	80002c6c	fcdff0ef	jal	x1,80002c6c	  x1=0x80002c6c
       14935000	      1492	00000000	00000013	addi	x0,x0,0	  x0:0x00000000
       14945000	      1493	80002c34	00000013	addi	x0,x0,0	  x0:0x00000000
       14955000	      1494	80002c38	03c00a6f	jal	x20,80002c38	 x20=0x80002c38
       14965000	      1495	00000000	00000013	addi	x0,x0,0	  x0:0x00000000
       14975000	      1496	80002c70	00000013	addi	x0,x0,0	  x0:0x00000000
       14985000	      1497	80002c74	fadff0ef	jal	x1,80002c74	  x1=0x80002c74
       14995000	      1498	00000000	00000013	addi	x0,x0,0	  x0:0x00000000
       15005000	      1499	80002c1c	00000013	addi	x0,x0,0	  x0:0x00000000
       15015000	      1500	80002c20	024005ef	jal	x11,80002c20	 x11=0x80002c20
       15025000	      1501	00000000	00000013	addi	x0,x0,0	  x0:0x00000000
       15035000	      1502	80002c40	00000013	addi	x0,x0,0	  x0:0x00000000
       15045000	      1503	80002c44	024000ef	jal	x1,80002c44	  x1=0x80002c44
       15055000	      1504	00000000	00000013	addi	x0,x0,0	  x0:0x00000000
       15065000	      1505	80002c64	00000013	addi	x0,x0,0	  x0:0x00000000
       15075000	      1506	80002c68	014002ef	jal	x5,80002c68	  x5=0x80002c68
       15085000	      1507	00000000	00000013	addi	x0,x0,0	  x0:0x00000000
       15095000	      1508	80002c78	00000013	addi	x0,x0,0	  x0:0x00000000
       15105000	      1509	80002c7c	ffdff0ef	jal	x1,80002c7c	  x1=0x80002c7c
       15115000	      1510	00000000	00000013	addi	x0,x0,0	  x0:0x00000000
       15125000	      1511	80002c74	00000013	addi	x0,x0,0	  x0:0x00000000
       15135000	      1512	80002c78	fadff0ef	jal	x1,80002c78	  x1=0x80002c78
       15145000	      1513	00000000	00000013	addi	x0,x0,0	  x0:0x00000000
       15155000	      1514	80002c20	00000013	addi	x0,x0,0	  x0:0x00000000
       15165000	      1515	80002c24	008000ef	jal	x1,80002c24	  x1=0x80002c24
       15175000	      1516	00000000	00000013	addi	x0,x0,0	  x0:0x00000000
       15185000	      1517	80002c28	00000013	addi	x0,x0,0	  x0:0x00000000
       15195000	      1518	80002c2c	004000ef	jal	x1,80002c2c	  x1=0x80002c2c
       15205000	      1519	00000000	00000013	addi	x0,x0,0	  x0:0x00000000
       15215000	      1520	80002c2c	00000013	addi	x0,x0,0	  x0:0x00000000
       15225000	      1521	80002c30	018000ef	jal	x1,80002c30	  x1=0x80002c30
       15235000	      1522	00000000	00000013	addi	x0,x0,0	  x0:0x00000000
       15245000	      1523	80002c44	00000013	addi	x0,x0,0	  x0:0x00000000
       15255000	      1524	80002c48	fe1ff26f	jal	x4,80002c48	  x4=0x80002c48
       15265000	      1525	00000000	00000013	addi	x0,x0,0	  x0:0x00000000
       15275000	      1526	80002c24	00000013	addi	x0,x0,0	  x0:0x00000000
       15285000	      1527	80002c28	030000ef	jal	x1,80002c28	  x1=0x80002c28
       15295000	      1528	00000000	00000013	addi	x0,x0,0	  x0:0x00000000
       15305000	      1529	80002c54	00000013	addi	x0,x0,0	  x0:0x00000000
       15315000	      1530	80002c58	008000ef	jal	x1,80002c58	  x1=0x80002c58
       15325000	      1531	00000000	00000013	addi	x0,x0,0	  x0:0x00000000
       15335000	      1532	80002c5c	00000013	addi	x0,x0,0	  x0:0x00000000
       15345000	      1533	80002c60	fedff0ef	jal	x1,80002c60	  x1=0x80002c60
       15355000	      1534	00000000	00000013	addi	x0,x0,0	  x0:0x00000000
       15365000	      1535	80002c48	00000013	addi	x0,x0,0	  x0:0x00000000
       15375000	      1536	80002c4c	00800aef	jal	x21,80002c4c	 x21=0x80002c4c
       15385000	      1537	00000000	00000013	addi	x0,x0,0	  x0:0x00000000
       15395000	      1538	80002c50	00000013	addi	x0,x0,0	  x0:0x00000000
       15405000	      1539	80002c54	fc5ff0ef	jal	x1,80002c54	  x1=0x80002c54
       15415000	      1540	00000000	00000013	addi	x0,x0,0	  x0:0x00000000
       15425000	      1541	80002c14	00000013	addi	x0,x0,0	  x0:0x00000000
       15435000	      1542	80002c18	04c00aef	jal	x21,80002c18	 x21=0x80002c18
       15445000	      1543	00000000	00000013	addi	x0,x0,0	  x0:0x00000000
       15455000	      1544	80002c60	00000013	addi	x0,x0,0	  x0:0x00000000
       15465000	      1545	80002c64	fd1ff0ef	jal	x1,80002c64	  x1=0x80002c64
       15475000	      1546	00000000	00000013	addi	x0,x0,0	  x0:0x00000000
       15485000	      1547	80002c30	00000013	addi	x0,x0,0	  x0:0x00000000
       15495000	      1548	80002c34	fe9ff0ef	jal	x1,80002c34	  x1=0x80002c34
       15505000	      1549	00000000	00000013	addi	x0,x0,0	  x0:0x00000000
       15515000	      1550	80002c18	00000013	addi	x0,x0,0	  x0:0x00000000
       15525000	      1551	80002c1c	0640036f	jal	x6,80002c1c	  x6=0x80002c1c
       15535000	      1552	00000000	00000013	addi	x0,x0,0	  x0:0x00000000
       15545000	      1553	80002c7c	00000013	addi	x0,x0,0	  x0:0x00000000
       15555000	      1554	80002c80	00a11013	slli	x0,x2,0xa	  x2:0xf0c9c25b
       15565000	      1555	80002c84	004000ef	jal	x1,80002c84	  x1=0x80002c84
       15575000	      1556	00000000	00000013	addi	x0,x0,0	  x0:0x00000000
       15585000	      1557	80002c84	00000013	addi	x0,x0,0	  x0:0x00000000
       15595000	      1558	80002c88	00c000ef	jal	x1,80002c88	  x1=0x80002c88
       15605000	      1559	00000000	00000013	addi	x0,x0,0	  x0:0x00000000
       15615000	      1560	80002c90	00000013	addi	x0,x0,0	  x0:0x00000000
       15625000	      1561	80002c94	ffdff0ef	jal	x1,80002c94	  x1=0x80002c94
       15635000	      1562	00000000	00000013	addi	x0,x0,0	  x0:0x00000000
       15645000	      1563	80002c8c	00000013	addi	x0,x0,0	  x0:0x00000000
       15655000	      1564	80002c90	ffdff0ef	jal	x1,80002c90	  x1=0x80002c90
       15665000	      1565	00000000	00000013	addi	x0,x0,0	  x0:0x00000000
       15675000	      1566	80002c88	00000013	addi	x0,x0,0	  x0:0x00000000
       15685000	      1567	80002c8c	0180026f	jal	x4,80002c8c	  x4=0x80002c8c
       15695000	      1568	00000000	00000013	addi	x0,x0,0	  x0:0x00000000
       15705000	      1569	80002ca0	00000013	addi	x0,x0,0	  x0:0x00000000
       15715000	      1570	80002ca4	0080036f	jal	x6,80002ca4	  x6=0x80002ca4
       15725000	      1571	00000000	00000013	addi	x0,x0,0	  x0:0x00000000
       15735000	      1572	80002ca8	00000013	addi	x0,x0,0	  x0:0x00000000
       15745000	      1573	80002cac	ff5ff86f	jal	x16,80002cac	 x16=0x80002cac
       15755000	      1574	00000000	00000013	addi	x0,x0,0	  x0:0x00000000
       15765000	      1575	80002c9c	00000013	addi	x0,x0,0	  x0:0x00000000
       15775000	      1576	80002ca0	ffdff0ef	jal	x1,80002ca0	  x1=0x80002ca0
       15785000	      1577	00000000	00000013	addi	x0,x0,0	  x0:0x00000000
       15795000	      1578	80002c98	00000013	addi	x0,x0,0	  x0:0x00000000
       15805000	      1579	80002c9c	00c000ef	jal	x1,80002c9c	  x1=0x80002c9c
       15815000	      1580	00000000	00000013	addi	x0,x0,0	  x0:0x00000000
       15825000	      1581	80002ca4	00000013	addi	x0,x0,0	  x0:0x00000000
       15835000	      1582	80002ca8	ff1ff0ef	jal	x1,80002ca8	  x1=0x80002ca8
       15845000	      1583	00000000	00000013	addi	x0,x0,0	  x0:0x00000000
       15855000	      1584	80002c94	00000013	addi	x0,x0,0	  x0:0x00000000
       15865000	      1585	80002c98	018000ef	jal	x1,80002c98	  x1=0x80002c98
       15875000	      1586	00000000	00000013	addi	x0,x0,0	  x0:0x00000000
       15885000	      1587	80002cac	00000013	addi	x0,x0,0	  x0:0x00000000
       15895000	      1588	80002cb0	d1e44e13	xori	x28,x8,-738	  x8:0x80002b5c x28=0x7fffd642
       15905000	      1589	80002cb4	004000ef	jal	x1,80002cb4	  x1=0x80002cb4
       15915000	      1590	00000000	00000013	addi	x0,x0,0	  x0:0x00000000
       15925000	      1591	80002cb4	00000013	addi	x0,x0,0	  x0:0x00000000
       15935000	      1592	80002cb8	00800a6f	jal	x20,80002cb8	 x20=0x80002cb8
       15945000	      1593	00000000	00000013	addi	x0,x0,0	  x0:0x00000000
       15955000	      1594	80002cbc	00000013	addi	x0,x0,0	  x0:0x00000000
       15965000	      1595	80002cc0	008000ef	jal	x1,80002cc0	  x1=0x80002cc0
       15975000	      1596	00000000	00000013	addi	x0,x0,0	  x0:0x00000000
       15985000	      1597	80002cc4	00000013	addi	x0,x0,0	  x0:0x00000000
       15995000	      1598	80002cc8	ff5ff0ef	jal	x1,80002cc8	  x1=0x80002cc8
       16005000	      1599	00000000	00000013	addi	x0,x0,0	  x0:0x00000000
       16015000	      1600	80002cb8	00000013	addi	x0,x0,0	  x0:0x00000000
       16025000	      1601	80002cbc	03800aef	jal	x21,80002cbc	 x21=0x80002cbc
       16035000	      1602	00000000	00000013	addi	x0,x0,0	  x0:0x00000000
       16045000	      1603	80002cf0	00000013	addi	x0,x0,0	  x0:0x00000000
       16055000	      1604	80002cf4	ff9ff1ef	jal	x3,80002cf4	  x3=0x80002cf4
       16065000	      1605	00000000	00000013	addi	x0,x0,0	  x0:0x00000000
       16075000	      1606	80002ce8	00000013	addi	x0,x0,0	  x0:0x00000000
       16085000	      1607	80002cec	ff1ff0ef	jal	x1,80002cec	  x1=0x80002cec
       16095000	      1608	00000000	00000013	addi	x0,x0,0	  x0:0x00000000
       16105000	      1609	80002cd8	00000013	addi	x0,x0,0	  x0:0x00000000
       16115000	      1610	80002cdc	fe9ff0ef	jal	x1,80002cdc	  x1=0x80002cdc
       16125000	      1611	00000000	00000013	addi	x0,x0,0	  x0:0x00000000
       16135000	      1612	80002cc0	00000013	addi	x0,x0,0	  x0:0x00000000
       16145000	      1613	80002cc4	010000ef	jal	x1,80002cc4	  x1=0x80002cc4
       16155000	      1614	00000000	00000013	addi	x0,x0,0	  x0:0x00000000
       16165000	      1615	80002cd0	00000013	addi	x0,x0,0	  x0:0x00000000
       16175000	      1616	80002cd4	ff9ff36f	jal	x6,80002cd4	  x6=0x80002cd4
       16185000	      1617	00000000	00000013	addi	x0,x0,0	  x0:0x00000000
       16195000	      1618	80002cc8	00000013	addi	x0,x0,0	  x0:0x00000000
       16205000	      1619	80002ccc	02c0086f	jal	x16,80002ccc	 x16=0x80002ccc
       16215000	      1620	00000000	00000013	addi	x0,x0,0	  x0:0x00000000
       16225000	      1621	80002cf4	00000013	addi	x0,x0,0	  x0:0x00000000
       16235000	      1622	80002cf8	fedff0ef	jal	x1,80002cf8	  x1=0x80002cf8
       16245000	      1623	00000000	00000013	addi	x0,x0,0	  x0:0x00000000
       16255000	      1624	80002ce0	00000013	addi	x0,x0,0	  x0:0x00000000
       16265000	      1625	80002ce4	fedffaef	jal	x21,80002ce4	 x21=0x80002ce4
       16275000	      1626	00000000	00000013	addi	x0,x0,0	  x0:0x00000000
       16285000	      1627	80002ccc	00000013	addi	x0,x0,0	  x0:0x00000000
       16295000	      1628	80002cd0	008008ef	jal	x17,80002cd0	 x17=0x80002cd0
       16305000	      1629	00000000	00000013	addi	x0,x0,0	  x0:0x00000000
       16315000	      1630	80002cd4	00000013	addi	x0,x0,0	  x0:0x00000000
       16325000	      1631	80002cd8	018000ef	jal	x1,80002cd8	  x1=0x80002cd8
       16335000	      1632	00000000	00000013	addi	x0,x0,0	  x0:0x00000000
       16345000	      1633	80002cec	00000013	addi	x0,x0,0	  x0:0x00000000
       16355000	      1634	80002cf0	ff1ff0ef	jal	x1,80002cf0	  x1=0x80002cf0
       16365000	      1635	00000000	00000013	addi	x0,x0,0	  x0:0x00000000
       16375000	      1636	80002cdc	00000013	addi	x0,x0,0	  x0:0x00000000
       16385000	      1637	80002ce0	0080036f	jal	x6,80002ce0	  x6=0x80002ce0
       16395000	      1638	00000000	00000013	addi	x0,x0,0	  x0:0x00000000
       16405000	      1639	80002ce4	00000013	addi	x0,x0,0	  x0:0x00000000
       16415000	      1640	80002ce8	014000ef	jal	x1,80002ce8	  x1=0x80002ce8
       16425000	      1641	00000000	00000013	addi	x0,x0,0	  x0:0x00000000
       16435000	      1642	80002cf8	00000013	addi	x0,x0,0	  x0:0x00000000
       16445000	      1643	80002cfc	8c7cf493	andi	x9,x25,-1849	 x25:0x80002a90  x9=0x80002880
       16455000	      1644	80002d00	04c000ef	jal	x1,80002d00	  x1=0x80002d00
       16465000	      1645	00000000	00000013	addi	x0,x0,0	  x0:0x00000000
       16475000	      1646	80002d48	00000013	addi	x0,x0,0	  x0:0x00000000
       16485000	      1647	80002d4c	fe5ff26f	jal	x4,80002d4c	  x4=0x80002d4c
       16495000	      1648	00000000	00000013	addi	x0,x0,0	  x0:0x00000000
       16505000	      1649	80002d2c	00000013	addi	x0,x0,0	  x0:0x00000000
       16515000	      1650	80002d30	ffdff76f	jal	x14,80002d30	 x14=0x80002d30
       16525000	      1651	00000000	00000013	addi	x0,x0,0	  x0:0x00000000
       16535000	      1652	80002d28	00000013	addi	x0,x0,0	  x0:0x00000000
       16545000	      1653	80002d2c	008000ef	jal	x1,80002d2c	  x1=0x80002d2c
       16555000	      1654	00000000	00000013	addi	x0,x0,0	  x0:0x00000000
       16565000	      1655	80002d30	00000013	addi	x0,x0,0	  x0:0x00000000
       16575000	      1656	80002d34	fe5ff1ef	jal	x3,80002d34	  x3=0x80002d34
       16585000	      1657	00000000	00000013	addi	x0,x0,0	  x0:0x00000000
       16595000	      1658	80002d14	00000013	addi	x0,x0,0	  x0:0x00000000
       16605000	      1659	80002d18	ff1ff36f	jal	x6,80002d18	  x6=0x80002d18
       16615000	      1660	00000000	00000013	addi	x0,x0,0	  x0:0x00000000
       16625000	      1661	80002d04	00000013	addi	x0,x0,0	  x0:0x00000000
       16635000	      1662	80002d08	014000ef	jal	x1,80002d08	  x1=0x80002d08
       16645000	      1663	00000000	00000013	addi	x0,x0,0	  x0:0x00000000
       16655000	      1664	80002d18	00000013	addi	x0,x0,0	  x0:0x00000000
       16665000	      1665	80002d1c	004000ef	jal	x1,80002d1c	  x1=0x80002d1c
       16675000	      1666	00000000	00000013	addi	x0,x0,0	  x0:0x00000000
       16685000	      1667	80002d1c	00000013	addi	x0,x0,0	  x0:0x00000000
       16695000	      1668	80002d20	008000ef	jal	x1,80002d20	  x1=0x80002d20
       16705000	      1669	00000000	00000013	addi	x0,x0,0	  x0:0x00000000
       16715000	      1670	80002d24	00000013	addi	x0,x0,0	  x0:0x00000000
       16725000	      1671	80002d28	fe5ff36f	jal	x6,80002d28	  x6=0x80002d28
       16735000	      1672	00000000	00000013	addi	x0,x0,0	  x0:0x00000000
       16745000	      1673	80002d08	00000013	addi	x0,x0,0	  x0:0x00000000
       16755000	      1674	80002d0c	030000ef	jal	x1,80002d0c	  x1=0x80002d0c
       16765000	      1675	00000000	00000013	addi	x0,x0,0	  x0:0x00000000
       16775000	      1676	80002d38	00000013	addi	x0,x0,0	  x0:0x00000000
       16785000	      1677	80002d3c	ffdff0ef	jal	x1,80002d3c	  x1=0x80002d3c
       16795000	      1678	00000000	00000013	addi	x0,x0,0	  x0:0x00000000
       16805000	      1679	80002d34	00000013	addi	x0,x0,0	  x0:0x00000000
       16815000	      1680	80002d38	fedff0ef	jal	x1,80002d38	  x1=0x80002d38
       16825000	      1681	00000000	00000013	addi	x0,x0,0	  x0:0x00000000
       16835000	      1682	80002d20	00000013	addi	x0,x0,0	  x0:0x00000000
       16845000	      1683	80002d24	0200026f	jal	x4,80002d24	  x4=0x80002d24
       16855000	      1684	00000000	00000013	addi	x0,x0,0	  x0:0x00000000
       16865000	      1685	80002d40	00000013	addi	x0,x0,0	  x0:0x00000000
       16875000	      1686	80002d44	00400bef	jal	x23,80002d44	 x23=0x80002d44
       16885000	      1687	00000000	00000013	addi	x0,x0,0	  x0:0x00000000
       16895000	      1688	80002d44	00000013	addi	x0,x0,0	  x0:0x00000000
       16905000	      1689	80002d48	fc9ff0ef	jal	x1,80002d48	  x1=0x80002d48
       16915000	      1690	00000000	00000013	addi	x0,x0,0	  x0:0x00000000
       16925000	      1691	80002d0c	00000013	addi	x0,x0,0	  x0:0x00000000
       16935000	      1692	80002d10	030000ef	jal	x1,80002d10	  x1=0x80002d10
       16945000	      1693	00000000	00000013	addi	x0,x0,0	  x0:0x00000000
       16955000	      1694	80002d3c	00000013	addi	x0,x0,0	  x0:0x00000000
       16965000	      1695	80002d40	fd5ff0ef	jal	x1,80002d40	  x1=0x80002d40
       16975000	      1696	00000000	00000013	addi	x0,x0,0	  x0:0x00000000
       16985000	      1697	80002d10	00000013	addi	x0,x0,0	  x0:0x00000000
       16995000	      1698	80002d14	ff1ff0ef	jal	x1,80002d14	  x1=0x80002d14
       17005000	      1699	00000000	00000013	addi	x0,x0,0	  x0:0x00000000
       17015000	      1700	80002d00	00000013	addi	x0,x0,0	  x0:0x00000000
       17025000	      1701	80002d04	04c00d6f	jal	x26,80002d04	 x26=0x80002d04
       17035000	      1702	00000000	00000013	addi	x0,x0,0	  x0:0x00000000
       17045000	      1703	80002d4c	00000013	addi	x0,x0,0	  x0:0x00000000
       17055000	      1704	80002d50	06d70593	addi	x11,x14,109	 x14:0x80002d30 x11=0x80002d9d
       17065000	      1705	80002d54	034000ef	jal	x1,80002d54	  x1=0x80002d54
       17075000	      1706	00000000	00000013	addi	x0,x0,0	  x0:0x00000000
       17085000	      1707	80002d84	00000013	addi	x0,x0,0	  x0:0x00000000
       17095000	      1708	80002d88	ffdff0ef	jal	x1,80002d88	  x1=0x80002d88
       17105000	      1709	00000000	00000013	addi	x0,x0,0	  x0:0x00000000
       17115000	      1710	80002d80	00000013	addi	x0,x0,0	  x0:0x00000000
       17125000	      1711	80002d84	fe1ff26f	jal	x4,80002d84	  x4=0x80002d84
       17135000	      1712	00000000	00000013	addi	x0,x0,0	  x0:0x00000000
       17145000	      1713	80002d60	00000013	addi	x0,x0,0	  x0:0x00000000
       17155000	      1714	80002d64	ff9ff36f	jal	x6,80002d64	  x6=0x80002d64
       17165000	      1715	00000000	00000013	addi	x0,x0,0	  x0:0x00000000
       17175000	      1716	80002d58	00000013	addi	x0,x0,0	  x0:0x00000000
       17185000	      1717	80002d5c	030000ef	jal	x1,80002d5c	  x1=0x80002d5c
       17195000	      1718	00000000	00000013	addi	x0,x0,0	  x0:0x00000000
       17205000	      1719	80002d88	00000013	addi	x0,x0,0	  x0:0x00000000
       17215000	      1720	80002d8c	ff5ff0ef	jal	x1,80002d8c	  x1=0x80002d8c
       17225000	      1721	00000000	00000013	addi	x0,x0,0	  x0:0x00000000
       17235000	      1722	80002d7c	00000013	addi	x0,x0,0	  x0:0x00000000
       17245000	      1723	80002d80	fe9ff36f	jal	x6,80002d80	  x6=0x80002d80
       17255000	      1724	00000000	00000013	addi	x0,x0,0	  x0:0x00000000
       17265000	      1725	80002d64	00000013	addi	x0,x0,0	  x0:0x00000000
       17275000	      1726	80002d68	014000ef	jal	x1,80002d68	  x1=0x80002d68
       17285000	      1727	00000000	00000013	addi	x0,x0,0	  x0:0x00000000
       17295000	      1728	80002d78	00000013	addi	x0,x0,0	  x0:0x00000000
       17305000	      1729	80002d7c	ff9ff0ef	jal	x1,80002d7c	  x1=0x80002d7c
       17315000	      1730	00000000	00000013	addi	x0,x0,0	  x0:0x00000000
       17325000	      1731	80002d70	00000013	addi	x0,x0,0	  x0:0x00000000
       17335000	      1732	80002d74	ff9ff0ef	jal	x1,80002d74	  x1=0x80002d74
       17345000	      1733	00000000	00000013	addi	x0,x0,0	  x0:0x00000000
       17355000	      1734	80002d68	00000013	addi	x0,x0,0	  x0:0x00000000
       17365000	      1735	80002d6c	ff5ff0ef	jal	x1,80002d6c	  x1=0x80002d6c
       17375000	      1736	00000000	00000013	addi	x0,x0,0	  x0:0x00000000
       17385000	      1737	80002d5c	00000013	addi	x0,x0,0	  x0:0x00000000
       17395000	      1738	80002d60	0180036f	jal	x6,80002d60	  x6=0x80002d60
       17405000	      1739	00000000	00000013	addi	x0,x0,0	  x0:0x00000000
       17415000	      1740	80002d74	00000013	addi	x0,x0,0	  x0:0x00000000
       17425000	      1741	80002d78	fe1ff0ef	jal	x1,80002d78	  x1=0x80002d78
       17435000	      1742	00000000	00000013	addi	x0,x0,0	  x0:0x00000000
       17445000	      1743	80002d54	00000013	addi	x0,x0,0	  x0:0x00000000
       17455000	      1744	80002d58	018000ef	jal	x1,80002d58	  x1=0x80002d58
       17465000	      1745	00000000	00000013	addi	x0,x0,0	  x0:0x00000000
       17475000	      1746	80002d6c	00000013	addi	x0,x0,0	  x0:0x00000000
       17485000	      1747	80002d70	0200066f	jal	x12,80002d70	 x12=0x80002d70
       17495000	      1748	00000000	00000013	addi	x0,x0,0	  x0:0x00000000
       17505000	      1749	80002d8c	00000013	addi	x0,x0,0	  x0:0x00000000
       17515000	      1750	80002d90	001a1193	slli	x3,x20,0x1	 x20:0x80002cb8  x3=0x00005970
       17525000	      1751	80002d94	008000ef	jal	x1,80002d94	  x1=0x80002d94
       17535000	      1752	00000000	00000013	addi	x0,x0,0	  x0:0x00000000
       17545000	      1753	80002d98	00000013	addi	x0,x0,0	  x0:0x00000000
       17555000	      1754	80002d9c	05c001ef	jal	x3,80002d9c	  x3=0x80002d9c
       17565000	      1755	00000000	00000013	addi	x0,x0,0	  x0:0x00000000
       17575000	      1756	80002df4	00000013	addi	x0,x0,0	  x0:0x00000000
       17585000	      1757	80002df8	fb1ff36f	jal	x6,80002df8	  x6=0x80002df8
       17595000	      1758	00000000	00000013	addi	x0,x0,0	  x0:0x00000000
       17605000	      1759	80002da4	00000013	addi	x0,x0,0	  x0:0x00000000
       17615000	      1760	80002da8	04c000ef	jal	x1,80002da8	  x1=0x80002da8
       17625000	      1761	00000000	00000013	addi	x0,x0,0	  x0:0x00000000
       17635000	      1762	80002df0	00000013	addi	x0,x0,0	  x0:0x00000000
       17645000	      1763	80002df4	fd5ff0ef	jal	x1,80002df4	  x1=0x80002df4
       17655000	      1764	00000000	00000013	addi	x0,x0,0	  x0:0x00000000
       17665000	      1765	80002dc4	00000013	addi	x0,x0,0	  x0:0x00000000
       17675000	      1766	80002dc8	0100046f	jal	x8,80002dc8	  x8=0x80002dc8
       17685000	      1767	00000000	00000013	addi	x0,x0,0	  x0:0x00000000
       17695000	      1768	80002dd4	00000013	addi	x0,x0,0	  x0:0x00000000
       17705000	      1769	80002dd8	ff9ff0ef	jal	x1,80002dd8	  x1=0x80002dd8
       17715000	      1770	00000000	00000013	addi	x0,x0,0	  x0:0x00000000
       17725000	      1771	80002dcc	00000013	addi	x0,x0,0	  x0:0x00000000
       17735000	      1772	80002dd0	010000ef	jal	x1,80002dd0	  x1=0x80002dd0
       17745000	      1773	00000000	00000013	addi	x0,x0,0	  x0:0x00000000
       17755000	      1774	80002ddc	00000013	addi	x0,x0,0	  x0:0x00000000
       17765000	      1775	80002de0	fc5ff0ef	jal	x1,80002de0	  x1=0x80002de0
       17775000	      1776	00000000	00000013	addi	x0,x0,0	  x0:0x00000000
       17785000	      1777	80002da0	00000013	addi	x0,x0,0	  x0:0x00000000
       17795000	      1778	80002da4	01c000ef	jal	x1,80002da4	  x1=0x80002da4
       17805000	      1779	00000000	00000013	addi	x0,x0,0	  x0:0x00000000
       17815000	      1780	80002dbc	00000013	addi	x0,x0,0	  x0:0x00000000
       17825000	      1781	80002dc0	fd9ff3ef	jal	x7,80002dc0	  x7=0x80002dc0
       17835000	      1782	00000000	00000013	addi	x0,x0,0	  x0:0x00000000
       17845000	      1783	80002d94	00000013	addi	x0,x0,0	  x0:0x00000000
       17855000	      1784	80002d98	008000ef	jal	x1,80002d98	  x1=0x80002d98
       17865000	      1785	00000000	00000013	addi	x0,x0,0	  x0:0x00000000
       17875000	      1786	80002d9c	00000013	addi	x0,x0,0	  x0:0x00000000
       17885000	      1787	80002da0	0180036f	jal	x6,80002da0	  x6=0x80002da0
       17895000	      1788	00000000	00000013	addi	x0,x0,0	  x0:0x00000000
       17905000	      1789	80002db4	00000013	addi	x0,x0,0	  x0:0x00000000
       17915000	      1790	80002db8	004001ef	jal	x3,80002db8	  x3=0x80002db8
       17925000	      1791	00000000	00000013	addi	x0,x0,0	  x0:0x00000000
       17935000	      1792	80002db8	00000013	addi	x0,x0,0	  x0:0x00000000
       17945000	      1793	80002dbc	0180036f	jal	x6,80002dbc	  x6=0x80002dbc
       17955000	      1794	00000000	00000013	addi	x0,x0,0	  x0:0x00000000
       17965000	      1795	80002dd0	00000013	addi	x0,x0,0	  x0:0x00000000
       17975000	      1796	80002dd4	010000ef	jal	x1,80002dd4	  x1=0x80002dd4
       17985000	      1797	00000000	00000013	addi	x0,x0,0	  x0:0x00000000
       17995000	      1798	80002de0	00000013	addi	x0,x0,0	  x0:0x00000000
       18005000	      1799	80002de4	fe9ff0ef	jal	x1,80002de4	  x1=0x80002de4
       18015000	      1800	00000000	00000013	addi	x0,x0,0	  x0:0x00000000
       18025000	      1801	80002dc8	00000013	addi	x0,x0,0	  x0:0x00000000
       18035000	      1802	80002dcc	ff9ff0ef	jal	x1,80002dcc	  x1=0x80002dcc
       18045000	      1803	00000000	00000013	addi	x0,x0,0	  x0:0x00000000
       18055000	      1804	80002dc0	00000013	addi	x0,x0,0	  x0:0x00000000
       18065000	      1805	80002dc4	ff1ff36f	jal	x6,80002dc4	  x6=0x80002dc4
       18075000	      1806	00000000	00000013	addi	x0,x0,0	  x0:0x00000000
       18085000	      1807	80002db0	00000013	addi	x0,x0,0	  x0:0x00000000
       18095000	      1808	80002db4	028000ef	jal	x1,80002db4	  x1=0x80002db4
       18105000	      1809	00000000	00000013	addi	x0,x0,0	  x0:0x00000000
       18115000	      1810	80002dd8	00000013	addi	x0,x0,0	  x0:0x00000000
       18125000	      1811	80002ddc	fd1ff0ef	jal	x1,80002ddc	  x1=0x80002ddc
       18135000	      1812	00000000	00000013	addi	x0,x0,0	  x0:0x00000000
       18145000	      1813	80002da8	00000013	addi	x0,x0,0	  x0:0x00000000
       18155000	      1814	80002dac	044001ef	jal	x3,80002dac	  x3=0x80002dac
       18165000	      1815	00000000	00000013	addi	x0,x0,0	  x0:0x00000000
       18175000	      1816	80002dec	00000013	addi	x0,x0,0	  x0:0x00000000
       18185000	      1817	80002df0	fc1ff36f	jal	x6,80002df0	  x6=0x80002df0
       18195000	      1818	00000000	00000013	addi	x0,x0,0	  x0:0x00000000
       18205000	      1819	80002dac	00000013	addi	x0,x0,0	  x0:0x00000000
       18215000	      1820	80002db0	0380036f	jal	x6,80002db0	  x6=0x80002db0
       18225000	      1821	00000000	00000013	addi	x0,x0,0	  x0:0x00000000
       18235000	      1822	80002de4	00000013	addi	x0,x0,0	  x0:0x00000000
       18245000	      1823	80002de8	0040036f	jal	x6,80002de8	  x6=0x80002de8
       18255000	      1824	00000000	00000013	addi	x0,x0,0	  x0:0x00000000
       18265000	      1825	80002de8	00000013	addi	x0,x0,0	  x0:0x00000000
       18275000	      1826	80002dec	010000ef	jal	x1,80002dec	  x1=0x80002dec
       18285000	      1827	00000000	00000013	addi	x0,x0,0	  x0:0x00000000
       18295000	      1828	80002df8	00000013	addi	x0,x0,0	  x0:0x00000000
       18305000	      1829	80002dfc	a07b2c93	slti	x25,x22,-1529	 x22:0x80002c40 x25=0x00000001
       18315000	      1830	80002e00	030000ef	jal	x1,80002e00	  x1=0x80002e00
       18325000	      1831	00000000	00000013	addi	x0,x0,0	  x0:0x00000000
       18335000	      1832	80002e2c	00000013	addi	x0,x0,0	  x0:0x00000000
       18345000	      1833	80002e30	0180036f	jal	x6,80002e30	  x6=0x80002e30
       18355000	      1834	00000000	00000013	addi	x0,x0,0	  x0:0x00000000
       18365000	      1835	80002e44	00000013	addi	x0,x0,0	  x0:0x00000000
       18375000	      1836	80002e48	fd1ff36f	jal	x6,80002e48	  x6=0x80002e48
       18385000	      1837	00000000	00000013	addi	x0,x0,0	  x0:0x00000000
       18395000	      1838	80002e14	00000013	addi	x0,x0,0	  x0:0x00000000
       18405000	      1839	80002e18	02c000ef	jal	x1,80002e18	  x1=0x80002e18
       18415000	      1840	00000000	00000013	addi	x0,x0,0	  x0:0x00000000
       18425000	      1841	80002e40	00000013	addi	x0,x0,0	  x0:0x00000000
       18435000	      1842	80002e44	ff9ff0ef	jal	x1,80002e44	  x1=0x80002e44
       18445000	      1843	00000000	00000013	addi	x0,x0,0	  x0:0x00000000
       18455000	      1844	80002e38	00000013	addi	x0,x0,0	  x0:0x00000000
       18465000	      1845	80002e3c	0140036f	jal	x6,80002e3c	  x6=0x80002e3c
       18475000	      1846	00000000	00000013	addi	x0,x0,0	  x0:0x00000000
       18485000	      1847	80002e4c	00000013	addi	x0,x0,0	  x0:0x00000000
       18495000	      1848	80002e50	fe5ff0ef	jal	x1,80002e50	  x1=0x80002e50
       18505000	      1849	00000000	00000013	addi	x0,x0,0	  x0:0x00000000
       18515000	      1850	80002e30	00000013	addi	x0,x0,0	  x0:0x00000000
       18525000	      1851	80002e34	00c000ef	jal	x1,80002e34	  x1=0x80002e34
       18535000	      1852	00000000	00000013	addi	x0,x0,0	  x0:0x00000000
       18545000	      1853	80002e3c	00000013	addi	x0,x0,0	  x0:0x00000000
       18555000	      1854	80002e40	018000ef	jal	x1,80002e40	  x1=0x80002e40
       18565000	      1855	00000000	00000013	addi	x0,x0,0	  x0:0x00000000
       18575000	      1856	80002e54	00000013	addi	x0,x0,0	  x0:0x00000000
       18585000	      1857	80002e58	fc5ffa6f	jal	x20,80002e58	 x20=0x80002e58
       18595000	      1858	00000000	00000013	addi	x0,x0,0	  x0:0x00000000
       18605000	      1859	80002e18	00000013	addi	x0,x0,0	  x0:0x00000000
       18615000	      1860	80002e1c	01c0066f	jal	x12,80002e1c	 x12=0x80002e1c
       18625000	      1861	00000000	00000013	addi	x0,x0,0	  x0:0x00000000
       18635000	      1862	80002e34	00000013	addi	x0,x0,0	  x0:0x00000000
       18645000	      1863	80002e38	ff5ff2ef	jal	x5,80002e38	  x5=0x80002e38
       18655000	      1864	00000000	00000013	addi	x0,x0,0	  x0:0x00000000
       18665000	      1865	80002e28	00000013	addi	x0,x0,0	  x0:0x00000000
       18675000	      1866	80002e2c	ff9ffbef	jal	x23,80002e2c	 x23=0x80002e2c
       18685000	      1867	00000000	00000013	addi	x0,x0,0	  x0:0x00000000
       18695000	      1868	80002e20	00000013	addi	x0,x0,0	  x0:0x00000000
       18705000	      1869	80002e24	03000f6f	jal	x30,80002e24	 x30=0x80002e24
       18715000	      1870	00000000	00000013	addi	x0,x0,0	  x0:0x00000000
       18725000	      1871	80002e50	00000013	addi	x0,x0,0	  x0:0x00000000
       18735000	      1872	80002e54	fd5ff36f	jal	x6,80002e54	  x6=0x80002e54
       18745000	      1873	00000000	00000013	addi	x0,x0,0	  x0:0x00000000
       18755000	      1874	80002e24	00000013	addi	x0,x0,0	  x0:0x00000000
       18765000	      1875	80002e28	fe5ff36f	jal	x6,80002e28	  x6=0x80002e28
       18775000	      1876	00000000	00000013	addi	x0,x0,0	  x0:0x00000000
       18785000	      1877	80002e08	00000013	addi	x0,x0,0	  x0:0x00000000
       18795000	      1878	80002e0c	ffdff0ef	jal	x1,80002e0c	  x1=0x80002e0c
       18805000	      1879	00000000	00000013	addi	x0,x0,0	  x0:0x00000000
       18815000	      1880	80002e04	00000013	addi	x0,x0,0	  x0:0x00000000
       18825000	      1881	80002e08	ffdff2ef	jal	x5,80002e08	  x5=0x80002e08
       18835000	      1882	00000000	00000013	addi	x0,x0,0	  x0:0x00000000
       18845000	      1883	80002e00	00000013	addi	x0,x0,0	  x0:0x00000000
       18855000	      1884	80002e04	01c0036f	jal	x6,80002e04	  x6=0x80002e04
       18865000	      1885	00000000	00000013	addi	x0,x0,0	  x0:0x00000000
       18875000	      1886	80002e1c	00000013	addi	x0,x0,0	  x0:0x00000000
       18885000	      1887	80002e20	ff1ff0ef	jal	x1,80002e20	  x1=0x80002e20
       18895000	      1888	00000000	00000013	addi	x0,x0,0	  x0:0x00000000
       18905000	      1889	80002e0c	00000013	addi	x0,x0,0	  x0:0x00000000
       18915000	      1890	80002e10	04c0036f	jal	x6,80002e10	  x6=0x80002e10
       18925000	      1891	00000000	00000013	addi	x0,x0,0	  x0:0x00000000
       18935000	      1892	80002e58	00000013	addi	x0,x0,0	  x0:0x00000000
       18945000	      1893	80002e5c	fb9ff36f	jal	x6,80002e5c	  x6=0x80002e5c
       18955000	      1894	00000000	00000013	addi	x0,x0,0	  x0:0x00000000
       18965000	      1895	80002e10	00000013	addi	x0,x0,0	  x0:0x00000000
       18975000	      1896	80002e14	038000ef	jal	x1,80002e14	  x1=0x80002e14
       18985000	      1897	00000000	00000013	addi	x0,x0,0	  x0:0x00000000
       18995000	      1898	80002e48	00000013	addi	x0,x0,0	  x0:0x00000000
       19005000	      1899	80002e4c	014004ef	jal	x9,80002e4c	  x9=0x80002e4c
       19015000	      1900	00000000	00000013	addi	x0,x0,0	  x0:0x00000000
       19025000	      1901	80002e5c	00000013	addi	x0,x0,0	  x0:0x00000000
       19035000	      1902	80002e60	76e28093	addi	x1,x5,1902	  x5:0x80002e08  x1=0x80003576
       19045000	      1903	80002e64	018000ef	jal	x1,80002e64	  x1=0x80002e64
       19055000	      1904	00000000	00000013	addi	x0,x0,0	  x0:0x00000000
       19065000	      1905	80002e78	00000013	addi	x0,x0,0	  x0:0x00000000
       19075000	      1906	80002e7c	fedff36f	jal	x6,80002e7c	  x6=0x80002e7c
       19085000	      1907	00000000	00000013	addi	x0,x0,0	  x0:0x00000000
       19095000	      1908	80002e64	00000013	addi	x0,x0,0	  x0:0x00000000
       19105000	      1909	80002e68	030000ef	jal	x1,80002e68	  x1=0x80002e68
       19115000	      1910	00000000	00000013	addi	x0,x0,0	  x0:0x00000000
       19125000	      1911	80002e94	00000013	addi	x0,x0,0	  x0:0x00000000
       19135000	      1912	80002e98	ff9ff1ef	jal	x3,80002e98	  x3=0x80002e98
       19145000	      1913	00000000	00000013	addi	x0,x0,0	  x0:0x00000000
       19155000	      1914	80002e8c	00000013	addi	x0,x0,0	  x0:0x00000000
       19165000	      1915	80002e90	00c00b6f	jal	x22,80002e90	 x22=0x80002e90
       19175000	      1916	00000000	00000013	addi	x0,x0,0	  x0:0x00000000
       19185000	      1917	80002e98	00000013	addi	x0,x0,0	  x0:0x00000000
       19195000	      1918	80002e9c	008000ef	jal	x1,80002e9c	  x1=0x80002e9c
       19205000	      1919	00000000	00000013	addi	x0,x0,0	  x0:0x00000000
       19215000	      1920	80002ea0	00000013	addi	x0,x0,0	  x0:0x00000000
       19225000	      1921	80002ea4	fd5ffe6f	jal	x28,80002ea4	 x28=0x80002ea4
       19235000	      1922	00000000	00000013	addi	x0,x0,0	  x0:0x00000000
       19245000	      1923	80002e74	00000013	addi	x0,x0,0	  x0:0x00000000
       19255000	      1924	80002e78	01c0046f	jal	x8,80002e78	  x8=0x80002e78
       19265000	      1925	00000000	00000013	addi	x0,x0,0	  x0:0x00000000
       19275000	      1926	80002e90	00000013	addi	x0,x0,0	  x0:0x00000000
       19285000	      1927	80002e94	fd9ff7ef	jal	x15,80002e94	 x15=0x80002e94
       19295000	      1928	00000000	00000013	addi	x0,x0,0	  x0:0x00000000
       19305000	      1929	80002e68	00000013	addi	x0,x0,0	  x0:0x00000000
       19315000	      1930	80002e6c	01c000ef	jal	x1,80002e6c	  x1=0x80002e6c
       19325000	      1931	00000000	00000013	addi	x0,x0,0	  x0:0x00000000
       19335000	      1932	80002e84	00000013	addi	x0,x0,0	  x0:0x00000000
       19345000	      1933	80002e88	fe9ff36f	jal	x6,80002e88	  x6=0x80002e88
       19355000	      1934	00000000	00000013	addi	x0,x0,0	  x0:0x00000000
       19365000	      1935	80002e6c	00000013	addi	x0,x0,0	  x0:0x00000000
       19375000	      1936	80002e70	03c002ef	jal	x5,80002e70	  x5=0x80002e70
       19385000	      1937	00000000	00000013	addi	x0,x0,0	  x0:0x00000000
       19395000	      1938	80002ea8	00000013	addi	x0,x0,0	  x0:0x00000000
       19405000	      1939	80002eac	fc9ff36f	jal	x6,80002eac	  x6=0x80002eac
       19415000	      1940	00000000	00000013	addi	x0,x0,0	  x0:0x00000000
       19425000	      1941	80002e70	00000013	addi	x0,x0,0	  x0:0x00000000
       19435000	      1942	80002e74	034000ef	jal	x1,80002e74	  x1=0x80002e74
       19445000	      1943	00000000	00000013	addi	x0,x0,0	  x0:0x00000000
       19455000	      1944	80002ea4	00000013	addi	x0,x0,0	  x0:0x00000000
       19465000	      1945	80002ea8	fd9ff26f	jal	x4,80002ea8	  x4=0x80002ea8
       19475000	      1946	00000000	00000013	addi	x0,x0,0	  x0:0x00000000
       19485000	      1947	80002e7c	00000013	addi	x0,x0,0	  x0:0x00000000
       19495000	      1948	80002e80	0040036f	jal	x6,80002e80	  x6=0x80002e80
       19505000	      1949	00000000	00000013	addi	x0,x0,0	  x0:0x00000000
       19515000	      1950	80002e80	00000013	addi	x0,x0,0	  x0:0x00000000
       19525000	      1951	80002e84	01c0056f	jal	x10,80002e84	 x10=0x80002e84
       19535000	      1952	00000000	00000013	addi	x0,x0,0	  x0:0x00000000
       19545000	      1953	80002e9c	00000013	addi	x0,x0,0	  x0:0x00000000
       19555000	      1954	80002ea0	fedff9ef	jal	x19,80002ea0	 x19=0x80002ea0
       19565000	      1955	00000000	00000013	addi	x0,x0,0	  x0:0x00000000
       19575000	      1956	80002e88	00000013	addi	x0,x0,0	  x0:0x00000000
       19585000	      1957	80002e8c	0240036f	jal	x6,80002e8c	  x6=0x80002e8c
       19595000	      1958	00000000	00000013	addi	x0,x0,0	  x0:0x00000000
       19605000	      1959	80002eac	00000013	addi	x0,x0,0	  x0:0x00000000
       19615000	      1960	80002eb0	00590633	add	x12,x18,x5	 x18:0x80009f68  x5:0x80002e70 x12=0x0000cdd8
       19625000	      1961	80002eb4	008000ef	jal	x1,80002eb4	  x1=0x80002eb4
       19635000	      1962	00000000	00000013	addi	x0,x0,0	  x0:0x00000000
       19645000	      1963	80002eb8	00000013	addi	x0,x0,0	  x0:0x00000000
       19655000	      1964	80002ebc	034000ef	jal	x1,80002ebc	  x1=0x80002ebc
       19665000	      1965	00000000	00000013	addi	x0,x0,0	  x0:0x00000000
       19675000	      1966	80002eec	00000013	addi	x0,x0,0	  x0:0x00000000
       19685000	      1967	80002ef0	ff9ff0ef	jal	x1,80002ef0	  x1=0x80002ef0
       19695000	      1968	00000000	00000013	addi	x0,x0,0	  x0:0x00000000
       19705000	      1969	80002ee4	00000013	addi	x0,x0,0	  x0:0x00000000
       19715000	      1970	80002ee8	ff5ffe6f	jal	x28,80002ee8	 x28=0x80002ee8
       19725000	      1971	00000000	00000013	addi	x0,x0,0	  x0:0x00000000
       19735000	      1972	80002ed8	00000013	addi	x0,x0,0	  x0:0x00000000
       19745000	      1973	80002edc	fe5ff36f	jal	x6,80002edc	  x6=0x80002edc
       19755000	      1974	00000000	00000013	addi	x0,x0,0	  x0:0x00000000
       19765000	      1975	80002ebc	00000013	addi	x0,x0,0	  x0:0x00000000
       19775000	      1976	80002ec0	008000ef	jal	x1,80002ec0	  x1=0x80002ec0
       19785000	      1977	00000000	00000013	addi	x0,x0,0	  x0:0x00000000
       19795000	      1978	80002ec4	00000013	addi	x0,x0,0	  x0:0x00000000
       19805000	      1979	80002ec8	00c0026f	jal	x4,80002ec8	  x4=0x80002ec8
       19815000	      1980	00000000	00000013	addi	x0,x0,0	  x0:0x00000000
       19825000	      1981	80002ed0	00000013	addi	x0,x0,0	  x0:0x00000000
       19835000	      1982	80002ed4	004000ef	jal	x1,80002ed4	  x1=0x80002ed4
       19845000	      1983	00000000	00000013	addi	x0,x0,0	  x0:0x00000000
       19855000	      1984	80002ed4	00000013	addi	x0,x0,0	  x0:0x00000000
       19865000	      1985	80002ed8	fe1ff0ef	jal	x1,80002ed8	  x1=0x80002ed8
       19875000	      1986	00000000	00000013	addi	x0,x0,0	  x0:0x00000000
       19885000	      1987	80002eb4	00000013	addi	x0,x0,0	  x0:0x00000000
       19895000	      1988	80002eb8	02c000ef	jal	x1,80002eb8	  x1=0x80002eb8
       19905000	      1989	00000000	00000013	addi	x0,x0,0	  x0:0x00000000
       19915000	      1990	80002ee0	00000013	addi	x0,x0,0	  x0:0x00000000
       19925000	      1991	80002ee4	fe9ff0ef	jal	x1,80002ee4	  x1=0x80002ee4
       19935000	      1992	00000000	00000013	addi	x0,x0,0	  x0:0x00000000
       19945000	      1993	80002ec8	00000013	addi	x0,x0,0	  x0:0x00000000
       19955000	      1994	80002ecc	014000ef	jal	x1,80002ecc	  x1=0x80002ecc
       19965000	      1995	00000000	00000013	addi	x0,x0,0	  x0:0x00000000
       19975000	      1996	80002edc	00000013	addi	x0,x0,0	  x0:0x00000000
       19985000	      1997	80002ee0	ff1ff0ef	jal	x1,80002ee0	  x1=0x80002ee0
       19995000	      1998	00000000	00000013	addi	x0,x0,0	  x0:0x00000000
       20005000	      1999	80002ecc	00000013	addi	x0,x0,0	  x0:0x00000000
       20015000	      2000	80002ed0	01c007ef	jal	x15,80002ed0	 x15=0x80002ed0
       20025000	      2001	00000000	00000013	addi	x0,x0,0	  x0:0x00000000
       20035000	      2002	80002ee8	00000013	addi	x0,x0,0	  x0:0x00000000
       20045000	      2003	80002eec	fd9ffb6f	jal	x22,80002eec	 x22=0x80002eec
       20055000	      2004	00000000	00000013	addi	x0,x0,0	  x0:0x00000000
       20065000	      2005	80002ec0	00000013	addi	x0,x0,0	  x0:0x00000000
       20075000	      2006	80002ec4	030000ef	jal	x1,80002ec4	  x1=0x80002ec4
       20085000	      2007	00000000	00000013	addi	x0,x0,0	  x0:0x00000000
       20095000	      2008	80002ef0	00000013	addi	x0,x0,0	  x0:0x00000000
       20105000	      2009	80002ef4	01fb1393	slli	x7,x22,0x1f	 x22:0x80002eec  x7=0x00000000
       20115000	      2010	80002ef8	030000ef	jal	x1,80002ef8	  x1=0x80002ef8
       20125000	      2011	00000000	00000013	addi	x0,x0,0	  x0:0x00000000
       20135000	      2012	80002f24	00000013	addi	x0,x0,0	  x0:0x00000000
       20145000	      2013	80002f28	00c000ef	jal	x1,80002f28	  x1=0x80002f28
       20155000	      2014	00000000	00000013	addi	x0,x0,0	  x0:0x00000000
       20165000	      2015	80002f30	00000013	addi	x0,x0,0	  x0:0x00000000
       20175000	      2016	80002f34	fd9ff1ef	jal	x3,80002f34	  x3=0x80002f34
       20185000	      2017	00000000	00000013	addi	x0,x0,0	  x0:0x00000000
       20195000	      2018	80002f08	00000013	addi	x0,x0,0	  x0:0x00000000
       20205000	      2019	80002f0c	008000ef	jal	x1,80002f0c	  x1=0x80002f0c
       20215000	      2020	00000000	00000013	addi	x0,x0,0	  x0:0x00000000
       20225000	      2021	80002f10	00000013	addi	x0,x0,0	  x0:0x00000000
       20235000	      2022	80002f14	004000ef	jal	x1,80002f14	  x1=0x80002f14
       20245000	      2023	00000000	00000013	addi	x0,x0,0	  x0:0x00000000
       20255000	      2024	80002f14	00000013	addi	x0,x0,0	  x0:0x00000000
       20265000	      2025	80002f18	0040026f	jal	x4,80002f18	  x4=0x80002f18
       20275000	      2026	00000000	00000013	addi	x0,x0,0	  x0:0x00000000
       20285000	      2027	80002f18	00000013	addi	x0,x0,0	  x0:0x00000000
       20295000	      2028	80002f1c	fe5ff0ef	jal	x1,80002f1c	  x1=0x80002f1c
       20305000	      2029	00000000	00000013	addi	x0,x0,0	  x0:0x00000000
       20315000	      2030	80002efc	00000013	addi	x0,x0,0	  x0:0x00000000
       20325000	      2031	80002f00	02400def	jal	x27,80002f00	 x27=0x80002f00
       20335000	      2032	00000000	00000013	addi	x0,x0,0	  x0:0x00000000
       20345000	      2033	80002f20	00000013	addi	x0,x0,0	  x0:0x00000000
       20355000	      2034	80002f24	ffdff5ef	jal	x11,80002f24	 x11=0x80002f24
       20365000	      2035	00000000	00000013	addi	x0,x0,0	  x0:0x00000000
       20375000	      2036	80002f1c	00000013	addi	x0,x0,0	  x0:0x00000000
       20385000	      2037	80002f20	ff1ff1ef	jal	x3,80002f20	  x3=0x80002f20
       20395000	      2038	00000000	00000013	addi	x0,x0,0	  x0:0x00000000
       20405000	      2039	80002f0c	00000013	addi	x0,x0,0	  x0:0x00000000
       20415000	      2040	80002f10	fedff36f	jal	x6,80002f10	  x6=0x80002f10
       20425000	      2041	00000000	00000013	addi	x0,x0,0	  x0:0x00000000
       20435000	      2042	80002ef8	00000013	addi	x0,x0,0	  x0:0x00000000
       20445000	      2043	80002efc	0300036f	jal	x6,80002efc	  x6=0x80002efc
       20455000	      2044	00000000	00000013	addi	x0,x0,0	  x0:0x00000000
       20465000	      2045	80002f28	00000013	addi	x0,x0,0	  x0:0x00000000
       20475000	      2046	80002f2c	0040036f	jal	x6,80002f2c	  x6=0x80002f2c
       20485000	      2047	00000000	00000013	addi	x0,x0,0	  x0:0x00000000
       20495000	      2048	80002f2c	00000013	addi	x0,x0,0	  x0:0x00000000
       20505000	      2049	80002f30	fd5ff0ef	jal	x1,80002f30	  x1=0x80002f30
       20515000	      2050	00000000	00000013	addi	x0,x0,0	  x0:0x00000000
       20525000	      2051	80002f00	00000013	addi	x0,x0,0	  x0:0x00000000
       20535000	      2052	80002f04	0040036f	jal	x6,80002f04	  x6=0x80002f04
       20545000	      2053	00000000	00000013	addi	x0,x0,0	  x0:0x00000000
       20555000	      2054	80002f04	00000013	addi	x0,x0,0	  x0:0x00000000
       20565000	      2055	80002f08	030000ef	jal	x1,80002f08	  x1=0x80002f08
       20575000	      2056	00000000	00000013	addi	x0,x0,0	  x0:0x00000000
       20585000	      2057	80002f34	00000013	addi	x0,x0,0	  x0:0x00000000
       20595000	      2058	80002f38	404a53b3	sra	x7,x20,x4	 x20:0x80002e58  x4:0x80002f18  x7=0xffffff80
       20605000	      2059	80002f3c	04c000ef	jal	x1,80002f3c	  x1=0x80002f3c
       20615000	      2060	00000000	00000013	addi	x0,x0,0	  x0:0x00000000
       20625000	      2061	80002f84	00000013	addi	x0,x0,0	  x0:0x00000000
       20635000	      2062	80002f88	fe9ff0ef	jal	x1,80002f88	  x1=0x80002f88
       20645000	      2063	00000000	00000013	addi	x0,x0,0	  x0:0x00000000
       20655000	      2064	80002f6c	00000013	addi	x0,x0,0	  x0:0x00000000
       20665000	      2065	80002f70	0100036f	jal	x6,80002f70	  x6=0x80002f70
       20675000	      2066	00000000	00000013	addi	x0,x0,0	  x0:0x00000000
       20685000	      2067	80002f7c	00000013	addi	x0,x0,0	  x0:0x00000000
       20695000	      2068	80002f80	fcdff0ef	jal	x1,80002f80	  x1=0x80002f80
       20705000	      2069	00000000	00000013	addi	x0,x0,0	  x0:0x00000000
       20715000	      2070	80002f48	00000013	addi	x0,x0,0	  x0:0x00000000
       20725000	      2071	80002f4c	01c000ef	jal	x1,80002f4c	  x1=0x80002f4c
       20735000	      2072	00000000	00000013	addi	x0,x0,0	  x0:0x00000000
       20745000	      2073	80002f64	00000013	addi	x0,x0,0	  x0:0x00000000
       20755000	      2074	80002f68	ffdff36f	jal	x6,80002f68	  x6=0x80002f68
       20765000	      2075	00000000	00000013	addi	x0,x0,0	  x0:0x00000000
       20775000	      2076	80002f60	00000013	addi	x0,x0,0	  x0:0x00000000
       20785000	      2077	80002f64	0300036f	jal	x6,80002f64	  x6=0x80002f64
       20795000	      2078	00000000	00000013	addi	x0,x0,0	  x0:0x00000000
       20805000	      2079	80002f90	00000013	addi	x0,x0,0	  x0:0x00000000
       20815000	      2080	80002f94	fbdff26f	jal	x4,80002f94	  x4=0x80002f94
       20825000	      2081	00000000	00000013	addi	x0,x0,0	  x0:0x00000000
       20835000	      2082	80002f4c	00000013	addi	x0,x0,0	  x0:0x00000000
       20845000	      2083	80002f50	048000ef	jal	x1,80002f50	  x1=0x80002f50
       20855000	      2084	00000000	00000013	addi	x0,x0,0	  x0:0x00000000
       20865000	      2085	80002f94	00000013	addi	x0,x0,0	  x0:0x00000000
       20875000	      2086	80002f98	fc9ff0ef	jal	x1,80002f98	  x1=0x80002f98
       20885000	      2087	00000000	00000013	addi	x0,x0,0	  x0:0x00000000
       20895000	      2088	80002f5c	00000013	addi	x0,x0,0	  x0:0x00000000
       20905000	      2089	80002f60	00c000ef	jal	x1,80002f60	  x1=0x80002f60
       20915000	      2090	00000000	00000013	addi	x0,x0,0	  x0:0x00000000
       20925000	      2091	80002f68	00000013	addi	x0,x0,0	  x0:0x00000000
       20935000	      2092	80002f6c	03400a6f	jal	x20,80002f6c	 x20=0x80002f6c
       20945000	      2093	00000000	00000013	addi	x0,x0,0	  x0:0x00000000
       20955000	      2094	80002f9c	00000013	addi	x0,x0,0	  x0:0x00000000
       20965000	      2095	80002fa0	ffdff36f	jal	x6,80002fa0	  x6=0x80002fa0
       20975000	      2096	00000000	00000013	addi	x0,x0,0	  x0:0x00000000
       20985000	      2097	80002f98	00000013	addi	x0,x0,0	  x0:0x00000000
       20995000	      2098	80002f9c	fc1ffdef	jal	x27,80002f9c	 x27=0x80002f9c
       21005000	      2099	00000000	00000013	addi	x0,x0,0	  x0:0x00000000
       21015000	      2100	80002f58	00000013	addi	x0,x0,0	  x0:0x00000000
       21025000	      2101	80002f5c	02800c6f	jal	x24,80002f5c	 x24=0x80002f5c
       21035000	      2102	00000000	00000013	addi	x0,x0,0	  x0:0x00000000
       21045000	      2103	80002f80	00000013	addi	x0,x0,0	  x0:0x00000000
       21055000	      2104	80002f84	fd1ff9ef	jal	x19,80002f84	 x19=0x80002f84
       21065000	      2105	00000000	00000013	addi	x0,x0,0	  x0:0x00000000
       21075000	      2106	80002f50	00000013	addi	x0,x0,0	  x0:0x00000000
       21085000	      2107	80002f54	ff1ff66f	jal	x12,80002f54	 x12=0x80002f54
       21095000	      2108	00000000	00000013	addi	x0,x0,0	  x0:0x00000000
       21105000	      2109	80002f40	00000013	addi	x0,x0,0	  x0:0x00000000
       21115000	      2110	80002f44	038000ef	jal	x1,80002f44	  x1=0x80002f44
       21125000	      2111	00000000	00000013	addi	x0,x0,0	  x0:0x00000000
       21135000	      2112	80002f78	00000013	addi	x0,x0,0	  x0:0x00000000
       21145000	      2113	80002f7c	ffdff36f	jal	x6,80002f7c	  x6=0x80002f7c
       21155000	      2114	00000000	00000013	addi	x0,x0,0	  x0:0x00000000
       21165000	      2115	80002f74	00000013	addi	x0,x0,0	  x0:0x00000000
       21175000	      2116	80002f78	0180026f	jal	x4,80002f78	  x4=0x80002f78
       21185000	      2117	00000000	00000013	addi	x0,x0,0	  x0:0x00000000
       21195000	      2118	80002f8c	00000013	addi	x0,x0,0	  x0:0x00000000
       21205000	      2119	80002f90	fc9ff36f	jal	x6,80002f90	  x6=0x80002f90
       21215000	      2120	00000000	00000013	addi	x0,x0,0	  x0:0x00000000
       21225000	      2121	80002f54	00000013	addi	x0,x0,0	  x0:0x00000000
       21235000	      2122	80002f58	fe9ffe6f	jal	x28,80002f58	 x28=0x80002f58
       21245000	      2123	00000000	00000013	addi	x0,x0,0	  x0:0x00000000
       21255000	      2124	80002f3c	00000013	addi	x0,x0,0	  x0:0x00000000
       21265000	      2125	80002f40	04c0026f	jal	x4,80002f40	  x4=0x80002f40
       21275000	      2126	00000000	00000013	addi	x0,x0,0	  x0:0x00000000
       21285000	      2127	80002f88	00000013	addi	x0,x0,0	  x0:0x00000000
       21295000	      2128	80002f8c	fbdff36f	jal	x6,80002f8c	  x6=0x80002f8c
       21305000	      2129	00000000	00000013	addi	x0,x0,0	  x0:0x00000000
       21315000	      2130	80002f44	00000013	addi	x0,x0,0	  x0:0x00000000
       21325000	      2131	80002f48	02c0036f	jal	x6,80002f48	  x6=0x80002f48
       21335000	      2132	00000000	00000013	addi	x0,x0,0	  x0:0x00000000
       21345000	      2133	80002f70	00000013	addi	x0,x0,0	  x0:0x00000000
       21355000	      2134	80002f74	03000bef	jal	x23,80002f74	 x23=0x80002f74
       21365000	      2135	00000000	00000013	addi	x0,x0,0	  x0:0x00000000
       21375000	      2136	80002fa0	00000013	addi	x0,x0,0	  x0:0x00000000
       21385000	      2137	80002fa4	40a502b3	sub	x5,x10,x10	 x10:0x80002e84 x10:0x80002e84  x5=0x00000000
       21395000	      2138	80002fa8	038000ef	jal	x1,80002fa8	  x1=0x80002fa8
       21405000	      2139	00000000	00000013	addi	x0,x0,0	  x0:0x00000000
       21415000	      2140	80002fdc	00000013	addi	x0,x0,0	  x0:0x00000000
       21425000	      2141	80002fe0	fedff0ef	jal	x1,80002fe0	  x1=0x80002fe0
       21435000	      2142	00000000	00000013	addi	x0,x0,0	  x0:0x00000000
       21445000	      2143	80002fc8	00000013	addi	x0,x0,0	  x0:0x00000000
       21455000	      2144	80002fcc	ff9ff0ef	jal	x1,80002fcc	  x1=0x80002fcc
       21465000	      2145	00000000	00000013	addi	x0,x0,0	  x0:0x00000000
       21475000	      2146	80002fc0	00000013	addi	x0,x0,0	  x0:0x00000000
       21485000	      2147	80002fc4	ff5ff7ef	jal	x15,80002fc4	 x15=0x80002fc4
       21495000	      2148	00000000	00000013	addi	x0,x0,0	  x0:0x00000000
       21505000	      2149	80002fb4	00000013	addi	x0,x0,0	  x0:0x00000000
       21515000	      2150	80002fb8	018000ef	jal	x1,80002fb8	  x1=0x80002fb8
       21525000	      2151	00000000	00000013	addi	x0,x0,0	  x0:0x00000000
       21535000	      2152	80002fcc	00000013	addi	x0,x0,0	  x0:0x00000000
       21545000	      2153	80002fd0	004000ef	jal	x1,80002fd0	  x1=0x80002fd0
       21555000	      2154	00000000	00000013	addi	x0,x0,0	  x0:0x00000000
       21565000	      2155	80002fd0	00000013	addi	x0,x0,0	  x0:0x00000000
       21575000	      2156	80002fd4	fe9ff0ef	jal	x1,80002fd4	  x1=0x80002fd4
       21585000	      2157	00000000	00000013	addi	x0,x0,0	  x0:0x00000000
       21595000	      2158	80002fb8	00000013	addi	x0,x0,0	  x0:0x00000000
       21605000	      2159	80002fbc	0040036f	jal	x6,80002fbc	  x6=0x80002fbc
       21615000	      2160	00000000	00000013	addi	x0,x0,0	  x0:0x00000000
       21625000	      2161	80002fbc	00000013	addi	x0,x0,0	  x0:0x00000000
       21635000	      2162	80002fc0	0240036f	jal	x6,80002fc0	  x6=0x80002fc0
       21645000	      2163	00000000	00000013	addi	x0,x0,0	  x0:0x00000000
       21655000	      2164	80002fe0	00000013	addi	x0,x0,0	  x0:0x00000000
       21665000	      2165	80002fe4	ff5ff0ef	jal	x1,80002fe4	  x1=0x80002fe4
       21675000	      2166	00000000	00000013	addi	x0,x0,0	  x0:0x00000000
       21685000	      2167	80002fd4	00000013	addi	x0,x0,0	  x0:0x00000000
       21695000	      2168	80002fd8	fd5ffd6f	jal	x26,80002fd8	 x26=0x80002fd8
       21705000	      2169	00000000	00000013	addi	x0,x0,0	  x0:0x00000000
       21715000	      2170	80002fa8	00000013	addi	x0,x0,0	  x0:0x00000000
       21725000	      2171	80002fac	030000ef	jal	x1,80002fac	  x1=0x80002fac
       21735000	      2172	00000000	00000013	addi	x0,x0,0	  x0:0x00000000
       21745000	      2173	80002fd8	00000013	addi	x0,x0,0	  x0:0x00000000
       21755000	      2174	80002fdc	fd5ff2ef	jal	x5,80002fdc	  x5=0x80002fdc
       21765000	      2175	00000000	00000013	addi	x0,x0,0	  x0:0x00000000
       21775000	      2176	80002fac	00000013	addi	x0,x0,0	  x0:0x00000000
       21785000	      2177	80002fb0	004000ef	jal	x1,80002fb0	  x1=0x80002fb0
       21795000	      2178	00000000	00000013	addi	x0,x0,0	  x0:0x00000000
       21805000	      2179	80002fb0	00000013	addi	x0,x0,0	  x0:0x00000000
       21815000	      2180	80002fb4	01400f6f	jal	x30,80002fb4	 x30=0x80002fb4
       21825000	      2181	00000000	00000013	addi	x0,x0,0	  x0:0x00000000
       21835000	      2182	80002fc4	00000013	addi	x0,x0,0	  x0:0x00000000
       21845000	      2183	80002fc8	020001ef	jal	x3,80002fc8	  x3=0x80002fc8
       21855000	      2184	00000000	00000013	addi	x0,x0,0	  x0:0x00000000
       21865000	      2185	80002fe4	00000013	addi	x0,x0,0	  x0:0x00000000
       21875000	      2186	80002fe8	a9122f13	slti	x30,x4,-1391	  x4:0x80002f40 x30=0x00000001
       21885000	      2187	80002fec	02e3c463	blt	x7,x14,80003014	  x7:0xffffff80 x14:0x80002d30
       21895000	      2188	80002ff0	04286463	bltu	x16,x2,80003038	 x16:0x80002ccc  x2:0xf0c9c25b
       21905000	      2189	00000000	00000013	addi	x0,x0,0	  x0:0x00000000
       21915000	      2190	80003034	00000013	addi	x0,x0,0	  x0:0x00000000
       21925000	      2191	80003038	01946eb3	or	x29,x8,x25	  x8:0x80002e78 x25:0x00000001 x29=0x80002e79
       21935000	      2192	8000303c	400dd513	srai	x10,x27,0x0	 x27:0x80002f9c x10=0x80002f9c
       21945000	      2193	80003040	00852b33	slt	x22,x10,x8	 x10:0x80002f9c  x8:0x80002e78 x22=0x00000000
       21955000	      2194	80003044	41230e33	sub	x28,x6,x18	  x6:0x80002fc0 x18:0x80009f68 x28=0xffff9058
       21965000	      2195	80003048	00e2e6b3	or	x13,x5,x14	  x5:0x80002fdc x14:0x80002d30 x13=0x80002ffc
       21975000	      2196	8000304c	41d75e93	srai	x29,x14,0x1d	 x14:0x80002d30 x29=0xfffffffc
       21985000	      2197	80003050	2b9ab413	sltiu	x8,x21,697	 x21:0x80002ce4  x8=0x00000000
       21995000	      2198	80003054	00f3ec63	bltu	x7,x15,8000306c	  x7:0xffffff80 x15:0x80002fc4
       22005000	      2199	80003058	000c9493	slli	x9,x25,0x0	 x25:0x00000001  x9=0x00000001
       22015000	      2200	8000305c	05ab7263	bgeu	x22,x26,800030a0	 x22:0x00000000 x26:0x80002fd8
       22025000	      2201	80003060	03608a63	beq	x1,x22,80003094	  x1:0x80002fb0 x22:0x00000000
       22035000	      2202	80003064	01699a63	bne	x19,x22,80003078	 x19:0x80002f84 x22:0x00000000
       22045000	      2203	00000000	00000013	addi	x0,x0,0	  x0:0x00000000
       22055000	      2204	80003074	00000013	addi	x0,x0,0	  x0:0x00000000
       22065000	      2205	80003078	05ecf863	bgeu	x25,x30,800030c8	 x25:0x00000001 x30:0x00000001
       22075000	      2206	00000000	00000013	addi	x0,x0,0	  x0:0x00000000
       22085000	      2207	800030c4	00000013	addi	x0,x0,0	  x0:0x00000000
       22095000	      2208	800030c8	036cd263	bge	x25,x22,800030ec	 x25:0x00000001 x22:0x00000000
       22105000	      2209	00000000	00000013	addi	x0,x0,0	  x0:0x00000000
       22115000	      2210	800030e8	00000013	addi	x0,x0,0	  x0:0x00000000
       22125000	      2211	800030ec	6e797e13	andi	x28,x18,1767	 x18:0x80009f68 x28=0x00000660
       22135000	      2212	800030f0	0bf0c663	blt	x1,x31,8000319c	  x1:0x80002fb0 x31:0x80009fc4
       22145000	      2213	00000000	00000013	addi	x0,x0,0	  x0:0x00000000
       22155000	      2214	80003198	00000013	addi	x0,x0,0	  x0:0x00000000
       22165000	      2215	8000319c	d7b1fd17	auipc	x26,0xd7b1f	 x26=0x57b22198
       22175000	      2216	800031a0	d0914193	xori	x3,x2,-759	  x2:0xf0c9c25b  x3=0x0f363f52
       22185000	      2217	800031a4	01bcc3b3	xor	x7,x25,x27	 x25:0x00000001 x27:0x80002f9c  x7=0x80002f9d
       22195000	      2218	800031a8	a917b513	sltiu	x10,x15,-1391	 x15:0x80002fc4 x10=0x00000001
       22205000	      2219	800031ac	3409c213	xori	x4,x19,832	 x19:0x80002f84  x4=0x80002cc4
       22215000	      2220	800031b0	0023f0b3	and	x1,x7,x2	  x7:0x80002f9d  x2:0xf0c9c25b  x1=0x80000219
       22225000	      2221	800031b4	d2244493	xori	x9,x8,-734	  x8:0x00000000  x9=0xfffffd22
       22235000	      2222	800031b8	01bd1293	slli	x5,x26,0x1b	 x26:0x57b22198  x5=0xc0000000
       22245000	      2223	800031bc	002447b3	xor	x15,x8,x2	  x8:0x00000000  x2:0xf0c9c25b x15=0xf0c9c25b
       22255000	      2224	800031c0	00f0de63	bge	x1,x15,800031dc	  x1:0x80000219 x15:0xf0c9c25b
       22265000	      2225	800031c4	00707a63	bgeu	x0,x7,800031d8	  x0:0x00000000  x7:0x80002f9d
       22275000	      2226	800031c8	01798e33	add	x28,x19,x23	 x19:0x80002f84 x23:0x80002f74 x28=0x00005ef8
       22285000	      2227	800031cc	00d93433	sltu	x8,x18,x13	 x18:0x80009f68 x13:0x80002ffc  x8=0x00000000
       22295000	      2228	800031d0	026c9263	bne	x25,x6,800031f4	 x25:0x00000001  x6:0x80002fc0
       22305000	      2229	00000000	00000013	addi	x0,x0,0	  x0:0x00000000
       22315000	      2230	800031f0	00000013	addi	x0,x0,0	  x0:0x00000000
       22325000	      2231	800031f4	41ff59b3	sra	x19,x30,x31	 x30:0x00000001 x31:0x80009fc4 x19=0x00000000
       22335000	      2232	800031f8	417052b3	sra	x5,x0,x23	  x0:0x00000000 x23:0x80002f74  x5=0x00000000
       22345000	      2233	800031fc	03635263	bge	x6,x22,80003220	  x6:0x80002fc0 x22:0x00000000
       22355000	      2234	80003200	0d88f737	lui	x14,0xd88f	 x14=0x0d88f000
       22365000	      2235	80003204	418ad833	sra	x16,x21,x24	 x21:0x80002ce4 x24:0x80002f5c x16=0xfffffff8
       22375000	      2236	80003208	00fbde93	srli	x29,x23,0xf	 x23:0x80002f74 x29=0x00010000
       22385000	      2237	8000320c	40c60db3	sub	x27,x12,x12	 x12:0x80002f54 x12:0x80002f54 x27=0x00000000
       22395000	      2238	80003210	00940733	add	x14,x8,x9	  x8:0x00000000  x9:0xfffffd22 x14=0xfffffd22
       22405000	      2239	80003214	018b86b3	add	x13,x23,x24	 x23:0x80002f74 x24:0x80002f5c x13=0x00005ed0
       22415000	      2240	80003218	40c25b33	sra	x22,x4,x12	  x4:0x80002cc4 x12:0x80002f54 x22=0xfffff800
       22425000	      2241	8000321c	026a8663	beq	x21,x6,80003248	 x21:0x80002ce4  x6:0x80002fc0
       22435000	      2242	80003220	412bd493	srai	x9,x23,0x12	 x23:0x80002f74  x9=0xffffe000
       22445000	      2243	80003224	024df463	bgeu	x27,x4,8000324c	 x27:0x00000000  x4:0x80002cc4
       22455000	      2244	80003228	03e10063	beq	x2,x30,80003248	  x2:0xf0c9c25b x30:0x00000001
       22465000	      2245	8000322c	045d4863	blt	x26,x5,8000327c	 x26:0x57b22198  x5:0x00000000
       22475000	      2246	80003230	00efea63	bltu	x31,x14,80003244	 x31:0x80009fc4 x14:0xfffffd22
       22485000	      2247	00000000	00000013	addi	x0,x0,0	  x0:0x00000000
       22495000	      2248	80003240	00000013	addi	x0,x0,0	  x0:0x00000000
       22505000	      2249	80003244	006a28b3	slt	x17,x20,x6	 x20:0x80002f6c  x6:0x80002fc0 x17=0x00000001
       22515000	      2250	80003248	054a6263	bltu	x20,x20,8000328c	 x20:0x80002f6c x20:0x80002f6c
       22525000	      2251	8000324c	01b81693	slli	x13,x16,0x1b	 x16:0xfffffff8 x13=0xc0000000
       22535000	      2252	80003250	e2f76f13	ori	x30,x14,-465	 x14:0xfffffd22 x30=0xffffff2f
       22545000	      2253	80003254	cd26bc93	sltiu	x25,x13,-814	 x13:0xc0000000 x25=0x00000001
       22555000	      2254	80003258	01311293	slli	x5,x2,0x13	  x2:0xf0c9c25b  x5=0x12d80000
       22565000	      2255	8000325c	01961033	sll	x0,x12,x25	 x12:0x80002f54 x25:0x00000001
       22575000	      2256	80003260	038e6463	bltu	x28,x24,80003288	 x28:0x00005ef8 x24:0x80002f5c
       22585000	      2257	00000000	00000013	addi	x0,x0,0	  x0:0x00000000
       22595000	      2258	80003284	00000013	addi	x0,x0,0	  x0:0x00000000
       22605000	      2259	80003288	007c28b3	slt	x17,x24,x7	 x24:0x80002f5c  x7:0x80002f9d x17=0x00000001
       22615000	      2260	8000328c	052e7663	bgeu	x28,x18,800032d8	 x28:0x00005ef8 x18:0x80009f68
       22625000	      2261	80003290	0051cc33	xor	x24,x3,x5	  x3:0x0f363f52  x5:0x12d80000 x24=0x1dee3f52
       22635000	      2262	80003294	0007b533	sltu	x10,x15,x0	 x15:0xf0c9c25b  x0:0x00000000 x10=0x00000000
       22645000	      2263	80003298	0a6d7213	andi	x4,x26,166	 x26:0x57b22198  x4=0x00000080
       22655000	      2264	8000329c	06d37663	bgeu	x6,x13,80003308	  x6:0x80002fc0 x13:0xc0000000
       22665000	      2265	800032a0	00000013	addi	x0,x0,0	  x0:0x00000000
       22675000	      2266	800032a4	00000013	addi	x0,x0,0	  x0:0x00000000
       22685000	      2267	800032a8	e0ca7c97	auipc	x25,0xe0ca7	 x25=0x60caa2a4
       22695000	      2268	800032ac	065fca63	blt	x31,x5,80003320	 x31:0x80009fc4  x5:0x12d80000
       22705000	      2269	00000000	00000013	addi	x0,x0,0	  x0:0x00000000
       22715000	      2270	8000331c	00000013	addi	x0,x0,0	  x0:0x00000000
       22725000	      2271	80003320	00899533	sll	x10,x19,x8	 x19:0x00000000  x8:0x00000000 x10=0x00000000
       22735000	      2272	80003324	40f38eb3	sub	x29,x7,x15	  x7:0x80002f9d x15:0xf0c9c25b x29=0x8f366d42
       22745000	      2273	80003328	01701033	sll	x0,x0,x23	  x0:0x00000000 x23:0x80002f74
       22755000	      2274	8000332c	022bfa63	bgeu	x23,x2,80003360	 x23:0x80002f74  x2:0xf0c9c25b
       22765000	      2275	80003330	01c1deb3	srl	x29,x3,x28	  x3:0x0f363f52 x28:0x00005ef8 x29=0x0000000f
       22775000	      2276	80003334	029ad863	bge	x21,x9,80003364	 x21:0x80002ce4  x9:0xffffe000
       22785000	      2277	80003338	f0803537	lui	x10,0xf0803	 x10=0xf0803000
       22795000	      2278	8000333c	03c18463	beq	x3,x28,80003364	  x3:0x0f363f52 x28:0x00005ef8
       22805000	      2279	80003340	011fb4b3	sltu	x9,x31,x17	 x31:0x80009fc4 x17:0x00000001  x9=0x00000000
       22815000	      2280	80003344	005c21b3	slt	x3,x24,x5	 x24:0x1dee3f52  x5:0x12d80000  x3=0x00000000
       22825000	      2281	80003348	99dc7e13	andi	x28,x24,-1635	 x24:0x1dee3f52 x28=0x1dee3910
       22835000	      2282	8000334c	b730c993	xori	x19,x1,-1165	  x1:0x80000219 x19=0x7ffff96a
       22845000	      2283	80003350	f1340593	addi	x11,x8,-237	  x8:0x00000000 x11=0xffffff13
       22855000	      2284	80003354	01aa4533	xor	x10,x20,x26	 x20:0x80002f6c x26:0x57b22198 x10=0xd7b20ef4
       22865000	      2285	80003358	dbb2f813	andi	x16,x5,-581	  x5:0x12d80000 x16=0x12d80000
       22875000	      2286	8000335c	00000013	addi	x0,x0,0	  x0:0x00000000
       22885000	      2287	80003360	02f9e063	bltu	x19,x15,80003380	 x19:0x7ffff96a x15:0xf0c9c25b
       22895000	      2288	00000000	00000013	addi	x0,x0,0	  x0:0x00000000
       22905000	      2289	8000337c	00000013	addi	x0,x0,0	  x0:0x00000000
       22915000	      2290	80003380	00bd3433	sltu	x8,x26,x11	 x26:0x57b22198 x11:0xffffff13  x8=0x00000001
       22925000	      2291	80003384	ecf7e193	ori	x3,x15,-305	 x15:0xf0c9c25b  x3=0xfffffedf
       22935000	      2292	80003388	40900033	sub	x0,x0,x9	  x0:0x00000000  x9:0x00000000
       22945000	      2293	8000338c	001e5213	srli	x4,x28,0x1	 x28:0x1dee3910  x4=0x0ef71c88
       22955000	      2294	80003390	01bae333	or	x6,x21,x27	 x21:0x80002ce4 x27:0x00000000  x6=0x80002ce4
       22965000	      2295	80003394	e2238cb7	lui	x25,0xe2238	 x25=0xe2238000
       22975000	      2296	80003398	0580e463	bltu	x1,x24,800033e0	  x1:0x80000219 x24:0x1dee3f52
       22985000	      2297	8000339c	e043f413	andi	x8,x7,-508	  x7:0x80002f9d  x8=0x80002e04
       22995000	      2298	800033a0	012ecbb3	xor	x23,x29,x18	 x29:0x0000000f x18:0x80009f68 x23=0x80009f67
       23005000	      2299	800033a4	e3852b93	slti	x23,x10,-456	 x10:0xd7b20ef4 x23=0x00000001
       23015000	      2300	800033a8	7f722f13	slti	x30,x4,2039	  x4:0x0ef71c88 x30=0x00000000
       23025000	      2301	800033ac	03dd8c63	beq	x27,x29,800033e4	 x27:0x00000000 x29:0x0000000f
       23035000	      2302	800033b0	409d5b33	sra	x22,x26,x9	 x26:0x57b22198  x9:0x00000000 x22=0x57b22198
       23045000	      2303	800033b4	003ff2b3	and	x5,x31,x3	 x31:0x80009fc4  x3:0xfffffedf  x5=0x80009ec4
       23055000	      2304	800033b8	01c488b3	add	x17,x9,x28	  x9:0x00000000 x28:0x1dee3910 x17=0x1dee3910
       23065000	      2305	800033bc	000b5c33	srl	x24,x22,x0	 x22:0x57b22198  x0:0x00000000 x24=0x57b22198
       23075000	      2306	800033c0	01388c63	beq	x17,x19,800033d8	 x17:0x1dee3910 x19:0x7ffff96a
       23085000	      2307	800033c4	9a213093	sltiu	x1,x2,-1630	  x2:0xf0c9c25b  x1=0x00000001
       23095000	      2308	800033c8	0049a3b3	slt	x7,x19,x4	 x19:0x7ffff96a  x4:0x0ef71c88  x7=0x00000000
       23105000	      2309	800033cc	05f96063	bltu	x18,x31,8000340c	 x18:0x80009f68 x31:0x80009fc4
       23115000	      2310	00000000	00000013	addi	x0,x0,0	  x0:0x00000000
       23125000	      2311	80003408	00000013	addi	x0,x0,0	  x0:0x00000000
       23135000	      2312	8000340c	019fc333	xor	x6,x31,x25	 x31:0x80009fc4 x25:0xe2238000  x6=0x62231fc4
       23145000	      2313	80003410	40738833	sub	x16,x7,x7	  x7:0x00000000  x7:0x00000000 x16=0x00000000
       23155000	      2314	80003414	00bb7bb3	and	x23,x22,x11	 x22:0x57b22198 x11:0xffffff13 x23=0x57b22110
       23165000	      2315	80003418	f8be2bb7	lui	x23,0xf8be2	 x23=0xf8be2000
       23175000	      2316	8000341c	00d67a63	bgeu	x12,x13,80003430	 x12:0x80002f54 x13:0xc0000000
       23185000	      2317	80003420	00c8f033	and	x0,x17,x12	 x17:0x1dee3910 x12:0x80002f54
       23195000	      2318	80003424	011a0033	add	x0,x20,x17	 x20:0x80002f6c x17:0x1dee3910
       23205000	      2319	80003428	4034d013	srai	x0,x9,0x3	  x9:0x00000000
       23215000	      2320	8000342c	003073b3	and	x7,x0,x3	  x0:0x00000000  x3:0xfffffedf  x7=0x00000000
       23225000	      2321	80003430	03e56463	bltu	x10,x30,80003458	 x10:0xd7b20ef4 x30:0x00000000
       23235000	      2322	80003434	40a1da33	sra	x20,x3,x10	  x3:0xfffffedf x10:0xd7b20ef4 x20=0xffffffff
       23245000	      2323	80003438	00cf9333	sll	x6,x31,x12	 x31:0x80009fc4 x12:0x80002f54  x6=0xfc400000
       23255000	      2324	8000343c	02728463	beq	x5,x7,80003464	  x5:0x80009ec4  x7:0x00000000
       23265000	      2325	80003440	6c223d93	sltiu	x27,x4,1730	  x4:0x0ef71c88 x27=0x00000000
       23275000	      2326	80003444	04b1d063	bge	x3,x11,80003484	  x3:0xfffffedf x11:0xffffff13
       23285000	      2327	80003448	008b5533	srl	x10,x22,x8	 x22:0x57b22198  x8:0x80002e04 x10=0x057b2219
       23295000	      2328	8000344c	02d6e463	bltu	x13,x13,80003474	 x13:0xc0000000 x13:0xc0000000
       23305000	      2329	80003450	025e0863	beq	x28,x5,80003480	 x28:0x1dee3910  x5:0x80009ec4
       23315000	      2330	80003454	01ed8bb3	add	x23,x27,x30	 x27:0x00000000 x30:0x00000000 x23=0x00000000
       23325000	      2331	80003458	00f94f33	xor	x30,x18,x15	 x18:0x80009f68 x15:0xf0c9c25b x30=0x70c95d33
       23335000	      2332	8000345c	00000013	addi	x0,x0,0	  x0:0x00000000
       23345000	      2333	80003460	01046db3	or	x27,x8,x16	  x8:0x80002e04 x16:0x00000000 x27=0x80002e04
       23355000	      2334	80003464	41825b33	sra	x22,x4,x24	  x4:0x0ef71c88 x24:0x57b22198 x22=0x0000000e
       23365000	      2335	80003468	0018f0b3	and	x1,x17,x1	 x17:0x1dee3910  x1:0x00000001  x1=0x00000000
       23375000	      2336	8000346c	01469993	slli	x19,x13,0x14	 x13:0xc0000000 x19=0x00000000
       23385000	      2337	80003470	40880cb3	sub	x25,x16,x8	 x16:0x00000000  x8:0x80002e04 x25=0x7fffd1fc
       23395000	      2338	80003474	413f8633	sub	x12,x31,x19	 x31:0x80009fc4 x19:0x00000000 x12=0x80009fc4
       23405000	      2339	80003478	04eaf463	bgeu	x21,x14,800034c0	 x21:0x80002ce4 x14:0xfffffd22
       23415000	      2340	8000347c	400c5d13	srai	x26,x24,0x0	 x24:0x57b22198 x26=0x57b22198
       23425000	      2341	80003480	01341c63	bne	x8,x19,80003498	  x8:0x80002e04 x19:0x00000000
       23435000	      2342	00000000	00000013	addi	x0,x0,0	  x0:0x00000000
       23445000	      2343	80003494	00000013	addi	x0,x0,0	  x0:0x00000000
       23455000	      2344	80003498	413b8033	sub	x0,x23,x19	 x23:0x00000000 x19:0x00000000
       23465000	      2345	8000349c	018f3b33	sltu	x22,x30,x24	 x30:0x70c95d33 x24:0x57b22198 x22=0x00000000
       23475000	      2346	800034a0	013be5b3	or	x11,x23,x19	 x23:0x00000000 x19:0x00000000 x11=0x00000000
       23485000	      2347	800034a4	41a58b33	sub	x22,x11,x26	 x11:0x00000000 x26:0x57b22198 x22=0xa84dde68
       23495000	      2348	800034a8	0061d433	srl	x8,x3,x6	  x3:0xfffffedf  x6:0xfc400000  x8=0xfffffedf
       23505000	      2349	800034ac	48e6ca93	xori	x21,x13,1166	 x13:0xc0000000 x21=0xc000048e
       23515000	      2350	800034b0	008c7533	and	x10,x24,x8	 x24:0x57b22198  x8:0xfffffedf x10=0x57b22098
       23525000	      2351	800034b4	015ad6b3	srl	x13,x21,x21	 x21:0xc000048e x21:0xc000048e x13=0x00030000
       23535000	      2352	800034b8	41098db3	sub	x27,x19,x16	 x19:0x00000000 x16:0x00000000 x27=0x00000000
       23545000	      2353	800034bc	03091c63	bne	x18,x16,800034f4	 x18:0x80009f68 x16:0x00000000
       23555000	      2354	00000000	00000013	addi	x0,x0,0	  x0:0x00000000
       23565000	      2355	800034f0	00000013	addi	x0,x0,0	  x0:0x00000000
       23575000	      2356	800034f4	05a5c263	blt	x11,x26,80003538	 x11:0x00000000 x26:0x57b22198
       23585000	      2357	00000000	00000013	addi	x0,x0,0	  x0:0x00000000
       23595000	      2358	80003534	00000013	addi	x0,x0,0	  x0:0x00000000
       23605000	      2359	80003538	018fa2b3	slt	x5,x31,x24	 x31:0x80009fc4 x24:0x57b22198  x5=0x00000001
       23615000	      2360	8000353c	01d21e63	bne	x4,x29,80003558	  x4:0x0ef71c88 x29:0x0000000f
       23625000	      2361	00000000	00000013	addi	x0,x0,0	  x0:0x00000000
       23635000	      2362	80003554	00000013	addi	x0,x0,0	  x0:0x00000000
       23645000	      2363	80003558	033dc263	blt	x27,x19,8000357c	 x27:0x00000000 x19:0x00000000
       23655000	      2364	8000355c	0092b9b3	sltu	x19,x5,x9	  x5:0x00000001  x9:0x00000000 x19=0x00000000
       23665000	      2365	80003560	01309d13	slli	x26,x1,0x13	  x1:0x00000000 x26=0x00000000
       23675000	      2366	80003564	00af7f33	and	x30,x30,x10	 x30:0x70c95d33 x10:0x57b22098 x30=0x50800010
       23685000	      2367	80003568	01f09c93	slli	x25,x1,0x1f	  x1:0x00000000 x25=0x00000000
       23695000	      2368	8000356c	01cb5633	srl	x12,x22,x28	 x22:0xa84dde68 x28:0x1dee3910 x12=0x0000a84d
       23705000	      2369	80003570	82ad10b7	lui	x1,0x82ad1	  x1=0x82ad1000
       23715000	      2370	80003574	ebb0c813	xori	x16,x1,-325	  x1:0x82ad1000 x16=0x7d52eebb
       23725000	      2371	80003578	03b7c463	blt	x15,x27,800035a0	 x15:0xf0c9c25b x27:0x00000000
       23735000	      2372	00000000	00000013	addi	x0,x0,0	  x0:0x00000000
       23745000	      2373	8000359c	00000013	addi	x0,x0,0	  x0:0x00000000
       23755000	      2374	800035a0	0311c063	blt	x3,x17,800035c0	  x3:0xfffffedf x17:0x1dee3910
       23765000	      2375	00000000	00000013	addi	x0,x0,0	  x0:0x00000000
       23775000	      2376	800035bc	00000013	addi	x0,x0,0	  x0:0x00000000
       23785000	      2377	800035c0	40a3d833	sra	x16,x7,x10	  x7:0x00000000 x10:0x57b22098 x16=0x00000000
       23795000	      2378	800035c4	418e5a93	srai	x21,x28,0x18	 x28:0x1dee3910 x21=0x0000001d
       23805000	      2379	800035c8	00f65713	srli	x14,x12,0xf	 x12:0x0000a84d x14=0x00000001
       23815000	      2380	800035cc	f2690a93	addi	x21,x18,-218	 x18:0x80009f68 x21=0x80009e8e
       23825000	      2381	800035d0	03487663	bgeu	x16,x20,800035fc	 x16:0x00000000 x20:0xffffffff
       23835000	      2382	800035d4	a8692617	auipc	x12,0xa8692	 x12=0x286955d0
       23845000	      2383	800035d8	019e4bb3	xor	x23,x28,x25	 x28:0x1dee3910 x25:0x00000000 x23=0x1dee3910
       23855000	      2384	800035dc	016188b3	add	x17,x3,x22	  x3:0xfffffedf x22:0xa84dde68 x17=0xa84ddd47
       23865000	      2385	800035e0	4197d6b3	sra	x13,x15,x25	 x15:0xf0c9c25b x25:0x00000000 x13=0xf0c9c25b
       23875000	      2386	800035e4	03b84c63	blt	x16,x27,8000361c	 x16:0x00000000 x27:0x00000000
       23885000	      2387	800035e8	030f0063	beq	x30,x16,80003608	 x30:0x50800010 x16:0x00000000
       23895000	      2388	800035ec	005afeb3	and	x29,x21,x5	 x21:0x80009e8e  x5:0x00000001 x29=0x00000000
       23905000	      2389	800035f0	d7b08513	addi	x10,x1,-645	  x1:0x82ad1000 x10=0x82ad0d7b
       23915000	      2390	800035f4	00c09bb3	sll	x23,x1,x12	  x1:0x82ad1000 x12:0x286955d0 x23=0x10000000
       23925000	      2391	800035f8	008c93b3	sll	x7,x25,x8	 x25:0x00000000  x8:0xfffffedf  x7=0x00000000
       23935000	      2392	800035fc	f3573313	sltiu	x6,x14,-203	 x14:0x00000001  x6=0x00000001
       23945000	      2393	80003600	01cdf663	bgeu	x27,x28,8000360c	 x27:0x00000000 x28:0x1dee3910
       23955000	      2394	80003604	059d7063	bgeu	x26,x25,80003644	 x26:0x00000000 x25:0x00000000
       23965000	      2395	00000000	00000013	addi	x0,x0,0	  x0:0x00000000
       23975000	      2396	80003640	00000013	addi	x0,x0,0	  x0:0x00000000
       23985000	      2397	80003644	01a45ab3	srl	x21,x8,x26	  x8:0xfffffedf x26:0x00000000 x21=0xfffffedf
       23995000	      2398	80003648	0123feb3	and	x29,x7,x18	  x7:0x00000000 x18:0x80009f68 x29=0x00000000
       24005000	      2399	8000364c	e996dc97	auipc	x25,0xe996d	 x25=0x69970648
       24015000	      2400	80003650	01314e63	blt	x2,x19,8000366c	  x2:0xf0c9c25b x19:0x00000000
       24025000	      2401	00000000	00000013	addi	x0,x0,0	  x0:0x00000000
       24035000	      2402	80003668	00000013	addi	x0,x0,0	  x0:0x00000000
       24045000	      2403	8000366c	feed7a13	andi	x20,x26,-18	 x26:0x00000000 x20=0x00000000
       24055000	      2404	80003670	998c0813	addi	x16,x24,-1640	 x24:0x57b22198 x16=0x57b21b30
       24065000	      2405	80003674	01a45e13	srli	x28,x8,0x1a	  x8:0xfffffedf x28=0x0000003f
       24075000	      2406	80003678	66d62e93	slti	x29,x12,1645	 x12:0x286955d0 x29=0x00000000
       24085000	      2407	8000367c	01a9de33	srl	x28,x19,x26	 x19:0x00000000 x26:0x00000000 x28=0x00000000
       24095000	      2408	80003680	0b8ec463	blt	x29,x24,80003728	 x29:0x00000000 x24:0x57b22198
       24105000	      2409	00000000	00000013	addi	x0,x0,0	  x0:0x00000000
       24115000	      2410	80003724	00000013	addi	x0,x0,0	  x0:0x00000000
       24125000	      2411	80003728	033ada63	bge	x21,x19,8000375c	 x21:0xfffffedf x19:0x00000000
       24135000	      2412	8000372c	458349b7	lui	x19,0x45834	 x19=0x45834000
       24145000	      2413	80003730	00000013	addi	x0,x0,0	  x0:0x00000000
       24155000	      2414	80003734	00d11433	sll	x8,x2,x13	  x2:0xf0c9c25b x13:0xf0c9c25b  x8=0xd8000000
       24165000	      2415	80003738	01bd84b3	add	x9,x27,x27	 x27:0x00000000 x27:0x00000000  x9=0x00000000
       24175000	      2416	8000373c	410401b3	sub	x3,x8,x16	  x8:0xd8000000 x16:0x57b21b30  x3=0x804de4d0
       24185000	      2417	80003740	41b7bc13	sltiu	x24,x15,1051	 x15:0xf0c9c25b x24=0x00000000
       24195000	      2418	80003744	05b4c463	blt	x9,x27,8000378c	  x9:0x00000000 x27:0x00000000
       24205000	      2419	80003748	014d1413	slli	x8,x26,0x14	 x26:0x00000000  x8=0x00000000
       24215000	      2420	8000374c	113ea093	slti	x1,x29,275	 x29:0x00000000  x1=0x00000001
       24225000	      2421	80003750	02746263	bltu	x8,x7,80003774	  x8:0x00000000  x7:0x00000000
       24235000	      2422	80003754	00000013	addi	x0,x0,0	  x0:0x00000000
       24245000	      2423	80003758	01a04833	xor	x16,x0,x26	  x0:0x00000000 x26:0x00000000 x16=0x00000000
       24255000	      2424	8000375c	39835197	auipc	x3,0x39835	  x3=0xb9838758
       24265000	      2425	80003760	02c29863	bne	x5,x12,80003790	  x5:0x00000001 x12:0x286955d0
       24275000	      2426	00000000	00000013	addi	x0,x0,0	  x0:0x00000000
       24285000	      2427	8000378c	00000013	addi	x0,x0,0	  x0:0x00000000
       24295000	      2428	80003790	23618993	addi	x19,x3,566	  x3:0xb9838758 x19=0xb983898e
       24305000	      2429	80003794	001aec63	bltu	x21,x1,800037ac	 x21:0xfffffedf  x1:0x00000001
       24315000	      2430	80003798	403b5393	srai	x7,x22,0x3	 x22:0xa84dde68  x7=0xf509bbcd
       24325000	      2431	8000379c	02561863	bne	x12,x5,800037cc	 x12:0x286955d0  x5:0x00000001
       24335000	      2432	00000000	00000013	addi	x0,x0,0	  x0:0x00000000
       24345000	      2433	800037c8	00000013	addi	x0,x0,0	  x0:0x00000000
       24355000	      2434	800037cc	43ed2793	slti	x15,x26,1086	 x26:0x00000000 x15=0x00000001
       24365000	      2435	800037d0	41045333	sra	x6,x8,x16	  x8:0x00000000 x16:0x00000000  x6=0x00000000
       24375000	      2436	800037d4	01e1f5b3	and	x11,x3,x30	  x3:0xb9838758 x30:0x50800010 x11=0x10800010
       24385000	      2437	800037d8	335b7593	andi	x11,x22,821	 x22:0xa84dde68 x11=0x00000220
       24395000	      2438	800037dc	0050adb3	slt	x27,x1,x5	  x1:0x00000001  x5:0x00000001 x27=0x00000000
       24405000	      2439	800037e0	00981693	slli	x13,x16,0x9	 x16:0x00000000 x13=0x00000000
       24415000	      2440	800037e4	0009f533	and	x10,x19,x0	 x19:0xb983898e  x0:0x00000000 x10=0x00000000
       24425000	      2441	800037e8	01222433	slt	x8,x4,x18	  x4:0x0ef71c88 x18:0x80009f68  x8=0x00000000
       24435000	      2442	800037ec	dd464013	xori	x0,x12,-556	 x12:0x286955d0
       24445000	      2443	800037f0	01dd9cb3	sll	x25,x27,x29	 x27:0x00000000 x29:0x00000000 x25=0x00000000
       24455000	      2444	800037f4	4027d5b3	sra	x11,x15,x2	 x15:0x00000001  x2:0xf0c9c25b x11=0x00000000
       24465000	      2445	800037f8	2294e737	lui	x14,0x2294e	 x14=0x2294e000
       24475000	      2446	800037fc	1d489cb7	lui	x25,0x1d489	 x25=0x1d489000
       24485000	      2447	80003800	6bd8b713	sltiu	x14,x17,1725	 x17:0xa84ddd47 x14=0x00000000
       24495000	      2448	80003804	03c75263	bge	x14,x28,80003828	 x14:0x00000000 x28:0x00000000
       24505000	      2449	00000000	00000013	addi	x0,x0,0	  x0:0x00000000
       24515000	      2450	80003824	00000013	addi	x0,x0,0	  x0:0x00000000
       24525000	      2451	80003828	99f07593	andi	x11,x0,-1633	  x0:0x00000000 x11=0x00000000
       24535000	      2452	8000382c	46f31517	auipc	x10,0x46f31	 x10=0xc6f34828
       24545000	      2453	80003830	0428d263	bge	x17,x2,80003874	 x17:0xa84ddd47  x2:0xf0c9c25b
       24555000	      2454	80003834	00ce49b3	xor	x19,x28,x12	 x28:0x00000000 x12:0x286955d0 x19=0x286955d0
       24565000	      2455	80003838	013aedb3	or	x27,x21,x19	 x21:0xfffffedf x19:0x286955d0 x27=0xffffffdf
       24575000	      2456	8000383c	29baed93	ori	x27,x21,667	 x21:0xfffffedf x27=0xfffffedf
       24585000	      2457	80003840	00ec5033	srl	x0,x24,x14	 x24:0x00000000 x14:0x00000000
       24595000	      2458	80003844	005e5313	srli	x6,x28,0x5	 x28:0x00000000  x6=0x00000000
       24605000	      2459	80003848	05581063	bne	x16,x21,80003888	 x16:0x00000000 x21:0xfffffedf
       24615000	      2460	00000000	00000013	addi	x0,x0,0	  x0:0x00000000
       24625000	      2461	80003884	00000013	addi	x0,x0,0	  x0:0x00000000
       24635000	      2462	80003888	1890fd37	lui	x26,0x1890f	 x26=0x1890f000
       24645000	      2463	8000388c	01d7c033	xor	x0,x15,x29	 x15:0x00000001 x29:0x00000000
       24655000	      2464	80003890	219ba8b7	lui	x17,0x219ba	 x17=0x219ba000
       24665000	      2465	80003894	010175b3	and	x11,x2,x16	  x2:0xf0c9c25b x16:0x00000000 x11=0x00000000
       24675000	      2466	80003898	02267463	bgeu	x12,x2,800038c0	 x12:0x286955d0  x2:0xf0c9c25b
       24685000	      2467	8000389c	00000013	addi	x0,x0,0	  x0:0x00000000
       24695000	      2468	800038a0	41c404b3	sub	x9,x8,x28	  x8:0x00000000 x28:0x00000000  x9=0x00000000
       24705000	      2469	800038a4	c619b293	sltiu	x5,x19,-927	 x19:0x286955d0  x5=0x00000001
       24715000	      2470	800038a8	008ebb33	sltu	x22,x29,x8	 x29:0x00000000  x8:0x00000000 x22=0x00000000
       24725000	      2471	800038ac	03594863	blt	x18,x21,800038dc	 x18:0x80009f68 x21:0xfffffedf
       24735000	      2472	00000000	00000013	addi	x0,x0,0	  x0:0x00000000
       24745000	      2473	800038d8	00000013	addi	x0,x0,0	  x0:0x00000000
       24755000	      2474	800038dc	01be6863	bltu	x28,x27,800038ec	 x28:0x00000000 x27:0xfffffedf
       24765000	      2475	00000000	00000013	addi	x0,x0,0	  x0:0x00000000
       24775000	      2476	800038e8	00000013	addi	x0,x0,0	  x0:0x00000000
       24785000	      2477	800038ec	0166b833	sltu	x16,x13,x22	 x13:0x00000000 x22:0x00000000 x16=0x00000000
       24795000	      2478	800038f0	01b352b3	srl	x5,x6,x27	  x6:0x00000000 x27:0xfffffedf  x5=0x00000000
       24805000	      2479	800038f4	0353c663	blt	x7,x21,80003920	  x7:0xf509bbcd x21:0xfffffedf
       24815000	      2480	00000000	00000013	addi	x0,x0,0	  x0:0x00000000
       24825000	      2481	8000391c	00000013	addi	x0,x0,0	  x0:0x00000000
       24835000	      2482	80003920	00000013	addi	x0,x0,0	  x0:0x00000000
       24845000	      2483	80003924	41ed5613	srai	x12,x26,0x1e	 x26:0x1890f000 x12=0x00000000
       24855000	      2484	80003928	c5f0c193	xori	x3,x1,-929	  x1:0x00000001  x3=0xfffffc5e
       24865000	      2485	8000392c	41a35eb3	sra	x29,x6,x26	  x6:0x00000000 x26:0x1890f000 x29=0x00000000
       24875000	      2486	80003930	00819513	slli	x10,x3,0x8	  x3:0xfffffc5e x10=0xfffc5e00
       24885000	      2487	80003934	06abe013	ori	x0,x23,106	 x23:0x10000000
       24895000	      2488	80003938	02b5e263	bltu	x11,x11,8000395c	 x11:0x00000000 x11:0x00000000
       24905000	      2489	8000393c	e088ec93	ori	x25,x17,-504	 x17:0x219ba000 x25=0xfffffe08
       24915000	      2490	80003940	3ab67c93	andi	x25,x12,939	 x12:0x00000000 x25=0x00000000
       24925000	      2491	80003944	003c9a63	bne	x25,x3,80003958	 x25:0x00000000  x3:0xfffffc5e
       24935000	      2492	00000000	00000013	addi	x0,x0,0	  x0:0x00000000
       24945000	      2493	80003954	00000013	addi	x0,x0,0	  x0:0x00000000
       24955000	      2494	80003958	b176b193	sltiu	x3,x13,-1257	 x13:0x00000000  x3=0x00000001
       24965000	      2495	8000395c	006280b3	add	x1,x5,x6	  x5:0x00000000  x6:0x00000000  x1=0x00000000
       24975000	      2496	80003960	00169993	slli	x19,x13,0x1	 x13:0x00000000 x19=0x00000000
       24985000	      2497	80003964	031d6463	bltu	x26,x17,8000398c	 x26:0x1890f000 x17:0x219ba000
       24995000	      2498	00000000	00000013	addi	x0,x0,0	  x0:0x00000000
       25005000	      2499	80003988	00000013	addi	x0,x0,0	  x0:0x00000000
       25015000	      2500	8000398c	9d73a193	slti	x3,x7,-1577	  x7:0xf509bbcd  x3=0x00000001
       25025000	      2501	80003990	00981493	slli	x9,x16,0x9	 x16:0x00000000  x9=0x00000000
       25035000	      2502	80003994	04dc4463	blt	x24,x13,800039dc	 x24:0x00000000 x13:0x00000000
       25045000	      2503	80003998	00ee59b3	srl	x19,x28,x14	 x28:0x00000000 x14:0x00000000 x19=0x00000000
       25055000	      2504	8000399c	d1620813	addi	x16,x4,-746	  x4:0x0ef71c88 x16=0x0ef7199e
       25065000	      2505	800039a0	0053a033	slt	x0,x7,x5	  x7:0xf509bbcd  x5:0x00000000
       25075000	      2506	800039a4	00f05e63	bge	x0,x15,800039c0	  x0:0x00000000 x15:0x00000001
       25085000	      2507	800039a8	01091513	slli	x10,x18,0x10	 x18:0x80009f68 x10=0x9f680000
       25095000	      2508	800039ac	01091733	sll	x14,x18,x16	 x18:0x80009f68 x16:0x0ef7199e x14=0x00000000
       25105000	      2509	800039b0	01dd4663	blt	x26,x29,800039bc	 x26:0x1890f000 x29:0x00000000
       25115000	      2510	800039b4	415c5593	srai	x11,x24,0x15	 x24:0x00000000 x11=0x00000000
       25125000	      2511	800039b8	003c9193	slli	x3,x25,0x3	 x25:0x00000000  x3=0x00000000
       25135000	      2512	800039bc	00205433	srl	x8,x0,x2	  x0:0x00000000  x2:0xf0c9c25b  x8=0x00000000
       25145000	      2513	800039c0	027c9463	bne	x25,x7,800039e8	 x25:0x00000000  x7:0xf509bbcd
       25155000	      2514	00000000	00000013	addi	x0,x0,0	  x0:0x00000000
       25165000	      2515	800039e4	00000013	addi	x0,x0,0	  x0:0x00000000
       25175000	      2516	800039e8	009f5a93	srli	x21,x30,0x9	 x30:0x50800010 x21=0x00284000
       25185000	      2517	800039ec	dc760613	addi	x12,x12,-569	 x12:0x00000000 x12=0xfffffdc7
       25195000	      2518	800039f0	04c000ef	jal	x1,800039f0	  x1=0x800039f0
       25205000	      2519	00000000	00000013	addi	x0,x0,0	  x0:0x00000000
       25215000	      2520	80003a38	00000013	addi	x0,x0,0	  x0:0x00000000
       25225000	      2521	80003a3c	fe5ffcef	jal	x25,80003a3c	 x25=0x80003a3c
       25235000	      2522	00000000	00000013	addi	x0,x0,0	  x0:0x00000000
       25245000	      2523	80003a1c	00000013	addi	x0,x0,0	  x0:0x00000000
       25255000	      2524	80003a20	0340036f	jal	x6,80003a20	  x6=0x80003a20
       25265000	      2525	00000000	00000013	addi	x0,x0,0	  x0:0x00000000
       25275000	      2526	80003a50	00000013	addi	x0,x0,0	  x0:0x00000000
       25285000	      2527	80003a54	fa5ff66f	jal	x12,80003a54	 x12=0x80003a54
       25295000	      2528	00000000	00000013	addi	x0,x0,0	  x0:0x00000000
       25305000	      2529	800039f4	00000013	addi	x0,x0,0	  x0:0x00000000
       25315000	      2530	800039f8	054000ef	jal	x1,800039f8	  x1=0x800039f8
       25325000	      2531	00000000	00000013	addi	x0,x0,0	  x0:0x00000000
       25335000	      2532	80003a48	00000013	addi	x0,x0,0	  x0:0x00000000
       25345000	      2533	80003a4c	ffdffeef	jal	x29,80003a4c	 x29=0x80003a4c
       25355000	      2534	00000000	00000013	addi	x0,x0,0	  x0:0x00000000
       25365000	      2535	80003a44	00000013	addi	x0,x0,0	  x0:0x00000000
       25375000	      2536	80003a48	fbdff0ef	jal	x1,80003a48	  x1=0x80003a48
       25385000	      2537	00000000	00000013	addi	x0,x0,0	  x0:0x00000000
       25395000	      2538	80003a00	00000013	addi	x0,x0,0	  x0:0x00000000
       25405000	      2539	80003a04	028000ef	jal	x1,80003a04	  x1=0x80003a04
       25415000	      2540	00000000	00000013	addi	x0,x0,0	  x0:0x00000000
       25425000	      2541	80003a28	00000013	addi	x0,x0,0	  x0:0x00000000
       25435000	      2542	80003a2c	014000ef	jal	x1,80003a2c	  x1=0x80003a2c
       25445000	      2543	00000000	00000013	addi	x0,x0,0	  x0:0x00000000
       25455000	      2544	80003a3c	00000013	addi	x0,x0,0	  x0:0x00000000
       25465000	      2545	80003a40	01c000ef	jal	x1,80003a40	  x1=0x80003a40
       25475000	      2546	00000000	00000013	addi	x0,x0,0	  x0:0x00000000
       25485000	      2547	80003a58	00000013	addi	x0,x0,0	  x0:0x00000000
       25495000	      2548	80003a5c	fb1ffbef	jal	x23,80003a5c	 x23=0x80003a5c
       25505000	      2549	00000000	00000013	addi	x0,x0,0	  x0:0x00000000
       25515000	      2550	80003a08	00000013	addi	x0,x0,0	  x0:0x00000000
       25525000	      2551	80003a0c	ff5ff0ef	jal	x1,80003a0c	  x1=0x80003a0c
       25535000	      2552	00000000	00000013	addi	x0,x0,0	  x0:0x00000000
       25545000	      2553	800039fc	00000013	addi	x0,x0,0	  x0:0x00000000
       25555000	      2554	80003a00	058000ef	jal	x1,80003a00	  x1=0x80003a00
       25565000	      2555	00000000	00000013	addi	x0,x0,0	  x0:0x00000000
       25575000	      2556	80003a54	00000013	addi	x0,x0,0	  x0:0x00000000
       25585000	      2557	80003a58	fb1ff0ef	jal	x1,80003a58	  x1=0x80003a58
       25595000	      2558	00000000	00000013	addi	x0,x0,0	  x0:0x00000000
       25605000	      2559	80003a04	00000013	addi	x0,x0,0	  x0:0x00000000
       25615000	      2560	80003a08	fedff36f	jal	x6,80003a08	  x6=0x80003a08
       25625000	      2561	00000000	00000013	addi	x0,x0,0	  x0:0x00000000
       25635000	      2562	800039f0	00000013	addi	x0,x0,0	  x0:0x00000000
       25645000	      2563	800039f4	05c000ef	jal	x1,800039f4	  x1=0x800039f4
       25655000	      2564	00000000	00000013	addi	x0,x0,0	  x0:0x00000000
       25665000	      2565	80003a4c	00000013	addi	x0,x0,0	  x0:0x00000000
       25675000	      2566	80003a50	fc9ff1ef	jal	x3,80003a50	  x3=0x80003a50
       25685000	      2567	00000000	00000013	addi	x0,x0,0	  x0:0x00000000
       25695000	      2568	80003a14	00000013	addi	x0,x0,0	  x0:0x00000000
       25705000	      2569	80003a18	ff9ff86f	jal	x16,80003a18	 x16=0x80003a18
       25715000	      2570	00000000	00000013	addi	x0,x0,0	  x0:0x00000000
       25725000	      2571	80003a0c	00000013	addi	x0,x0,0	  x0:0x00000000
       25735000	      2572	80003a10	020000ef	jal	x1,80003a10	  x1=0x80003a10
       25745000	      2573	00000000	00000013	addi	x0,x0,0	  x0:0x00000000
       25755000	      2574	80003a2c	00000013	addi	x0,x0,0	  x0:0x00000000
       25765000	      2575	80003a30	ff5ff0ef	jal	x1,80003a30	  x1=0x80003a30
       25775000	      2576	00000000	00000013	addi	x0,x0,0	  x0:0x00000000
       25785000	      2577	80003a20	00000013	addi	x0,x0,0	  x0:0x00000000
       25795000	      2578	80003a24	010001ef	jal	x3,80003a24	  x3=0x80003a24
       25805000	      2579	00000000	00000013	addi	x0,x0,0	  x0:0x00000000
       25815000	      2580	80003a30	00000013	addi	x0,x0,0	  x0:0x00000000
       25825000	      2581	80003a34	fe1ff0ef	jal	x1,80003a34	  x1=0x80003a34
       25835000	      2582	00000000	00000013	addi	x0,x0,0	  x0:0x00000000
       25845000	      2583	80003a10	00000013	addi	x0,x0,0	  x0:0x00000000
       25855000	      2584	80003a14	014000ef	jal	x1,80003a14	  x1=0x80003a14
       25865000	      2585	00000000	00000013	addi	x0,x0,0	  x0:0x00000000
       25875000	      2586	80003a24	00000013	addi	x0,x0,0	  x0:0x00000000
       25885000	      2587	80003a28	fd5ff36f	jal	x6,80003a28	  x6=0x80003a28
       25895000	      2588	00000000	00000013	addi	x0,x0,0	  x0:0x00000000
       25905000	      2589	800039f8	00000013	addi	x0,x0,0	  x0:0x00000000
       25915000	      2590	800039fc	0480036f	jal	x6,800039fc	  x6=0x800039fc
       25925000	      2591	00000000	00000013	addi	x0,x0,0	  x0:0x00000000
       25935000	      2592	80003a40	00000013	addi	x0,x0,0	  x0:0x00000000
       25945000	      2593	80003a44	ff5ffa6f	jal	x20,80003a44	 x20=0x80003a44
       25955000	      2594	00000000	00000013	addi	x0,x0,0	  x0:0x00000000
       25965000	      2595	80003a34	00000013	addi	x0,x0,0	  x0:0x00000000
       25975000	      2596	80003a38	fe5ff0ef	jal	x1,80003a38	  x1=0x80003a38
       25985000	      2597	00000000	00000013	addi	x0,x0,0	  x0:0x00000000
       25995000	      2598	80003a18	00000013	addi	x0,x0,0	  x0:0x00000000
       26005000	      2599	80003a1c	044000ef	jal	x1,80003a1c	  x1=0x80003a1c
       26015000	      2600	00000000	00000013	addi	x0,x0,0	  x0:0x00000000
       26025000	      2601	80003a5c	00000013	addi	x0,x0,0	  x0:0x00000000
       26035000	      2602	80003a60	4d0c1097	auipc	x1,0x4d0c1	  x1=0xcd0c4a5c
       26045000	      2603	80003a64	4172d3b3	sra	x7,x5,x23	  x5:0x00000000 x23:0x80003a5c  x7=0x00000000
       26055000	      2604	80003a68	019f5bb3	srl	x23,x30,x25	 x30:0x50800010 x25:0x80003a3c x23=0x00000005
       26065000	      2605	80003a6c	003c20b3	slt	x1,x24,x3	 x24:0x00000000  x3:0x80003a24  x1=0x00000000
       26075000	      2606	80003a70	00000013	addi	x0,x0,0	  x0:0x00000000
       26085000	      2607	80003a74	0173fa33	and	x20,x7,x23	  x7:0x00000000 x23:0x00000005 x20=0x00000000
       26095000	      2608	80003a78	020000ef	jal	x1,80003a78	  x1=0x80003a78
       26105000	      2609	00000000	00000013	addi	x0,x0,0	  x0:0x00000000
       26115000	      2610	80003a94	00000013	addi	x0,x0,0	  x0:0x00000000
       26125000	      2611	80003a98	0240036f	jal	x6,80003a98	  x6=0x80003a98
       26135000	      2612	00000000	00000013	addi	x0,x0,0	  x0:0x00000000
       26145000	      2613	80003ab8	00000013	addi	x0,x0,0	  x0:0x00000000
       26155000	      2614	80003abc	fc1ff26f	jal	x4,80003abc	  x4=0x80003abc
       26165000	      2615	00000000	00000013	addi	x0,x0,0	  x0:0x00000000
       26175000	      2616	80003a78	00000013	addi	x0,x0,0	  x0:0x00000000
       26185000	      2617	80003a7c	01000e6f	jal	x28,80003a7c	 x28=0x80003a7c
       26195000	      2618	00000000	00000013	addi	x0,x0,0	  x0:0x00000000
       26205000	      2619	80003a88	00000013	addi	x0,x0,0	  x0:0x00000000
       26215000	      2620	80003a8c	034000ef	jal	x1,80003a8c	  x1=0x80003a8c
       26225000	      2621	00000000	00000013	addi	x0,x0,0	  x0:0x00000000
       26235000	      2622	80003abc	00000013	addi	x0,x0,0	  x0:0x00000000
       26245000	      2623	80003ac0	ff5ff0ef	jal	x1,80003ac0	  x1=0x80003ac0
       26255000	      2624	00000000	00000013	addi	x0,x0,0	  x0:0x00000000
       26265000	      2625	80003ab0	00000013	addi	x0,x0,0	  x0:0x00000000
       26275000	      2626	80003ab4	010001ef	jal	x3,80003ab4	  x3=0x80003ab4
       26285000	      2627	00000000	00000013	addi	x0,x0,0	  x0:0x00000000
       26295000	      2628	80003ac0	00000013	addi	x0,x0,0	  x0:0x00000000
       26305000	      2629	80003ac4	fbdff0ef	jal	x1,80003ac4	  x1=0x80003ac4
       26315000	      2630	00000000	00000013	addi	x0,x0,0	  x0:0x00000000
       26325000	      2631	80003a7c	00000013	addi	x0,x0,0	  x0:0x00000000
       26335000	      2632	80003a80	014002ef	jal	x5,80003a80	  x5=0x80003a80
       26345000	      2633	00000000	00000013	addi	x0,x0,0	  x0:0x00000000
       26355000	      2634	80003a90	00000013	addi	x0,x0,0	  x0:0x00000000
       26365000	      2635	80003a94	ff1ff0ef	jal	x1,80003a94	  x1=0x80003a94
       26375000	      2636	00000000	00000013	addi	x0,x0,0	  x0:0x00000000
       26385000	      2637	80003a80	00000013	addi	x0,x0,0	  x0:0x00000000
       26395000	      2638	80003a84	004007ef	jal	x15,80003a84	 x15=0x80003a84
       26405000	      2639	00000000	00000013	addi	x0,x0,0	  x0:0x00000000
       26415000	      2640	80003a84	00000013	addi	x0,x0,0	  x0:0x00000000
       26425000	      2641	80003a88	01c0036f	jal	x6,80003a88	  x6=0x80003a88
       26435000	      2642	00000000	00000013	addi	x0,x0,0	  x0:0x00000000
       26445000	      2643	80003aa0	00000013	addi	x0,x0,0	  x0:0x00000000
       26455000	      2644	80003aa4	fedff1ef	jal	x3,80003aa4	  x3=0x80003aa4
       26465000	      2645	00000000	00000013	addi	x0,x0,0	  x0:0x00000000
       26475000	      2646	80003a8c	00000013	addi	x0,x0,0	  x0:0x00000000
       26485000	      2647	80003a90	01c000ef	jal	x1,80003a90	  x1=0x80003a90
       26495000	      2648	00000000	00000013	addi	x0,x0,0	  x0:0x00000000
       26505000	      2649	80003aa8	00000013	addi	x0,x0,0	  x0:0x00000000
       26515000	      2650	80003aac	ff1ff6ef	jal	x13,80003aac	 x13=0x80003aac
       26525000	      2651	00000000	00000013	addi	x0,x0,0	  x0:0x00000000
       26535000	      2652	80003a98	00000013	addi	x0,x0,0	  x0:0x00000000
       26545000	      2653	80003a9c	01c000ef	jal	x1,80003a9c	  x1=0x80003a9c
       26555000	      2654	00000000	00000013	addi	x0,x0,0	  x0:0x00000000
       26565000	      2655	80003ab4	00000013	addi	x0,x0,0	  x0:0x00000000
       26575000	      2656	80003ab8	fe9ff7ef	jal	x15,80003ab8	 x15=0x80003ab8
       26585000	      2657	00000000	00000013	addi	x0,x0,0	  x0:0x00000000
       26595000	      2658	80003a9c	00000013	addi	x0,x0,0	  x0:0x00000000
       26605000	      2659	80003aa0	0280036f	jal	x6,80003aa0	  x6=0x80003aa0
       26615000	      2660	00000000	00000013	addi	x0,x0,0	  x0:0x00000000
       26625000	      2661	80003ac4	00000013	addi	x0,x0,0	  x0:0x00000000
       26635000	      2662	80003ac8	fe9ff0ef	jal	x1,80003ac8	  x1=0x80003ac8
       26645000	      2663	00000000	00000013	addi	x0,x0,0	  x0:0x00000000
       26655000	      2664	80003aac	00000013	addi	x0,x0,0	  x0:0x00000000
       26665000	      2665	80003ab0	ff9ff36f	jal	x6,80003ab0	  x6=0x80003ab0
       26675000	      2666	00000000	00000013	addi	x0,x0,0	  x0:0x00000000
       26685000	      2667	80003aa4	00000013	addi	x0,x0,0	  x0:0x00000000
       26695000	      2668	80003aa8	024002ef	jal	x5,80003aa8	  x5=0x80003aa8
       26705000	      2669	00000000	00000013	addi	x0,x0,0	  x0:0x00000000
       26715000	      2670	80003ac8	00000013	addi	x0,x0,0	  x0:0x00000000
       26725000	      2671	80003acc	5c456713	ori	x14,x10,1476	 x10:0x9f680000 x14=0x9f6805c4
       26735000	      2672	80003ad0	ad34a497	auipc	x9,0xad34a	  x9=0x2d34dacc
       26745000	      2673	80003ad4	0527f063	bgeu	x15,x18,80003b14	 x15:0x80003ab8 x18:0x80009f68
       26755000	      2674	80003ad8	4130d013	srai	x0,x1,0x13	  x1:0x80003ac8
       26765000	      2675	80003adc	ad6f7093	andi	x1,x30,-1322	 x30:0x50800010  x1=0x50800010
       26775000	      2676	80003ae0	40aedd33	sra	x26,x29,x10	 x29:0x80003a4c x10:0x9f680000 x26=0x80003a4c
       26785000	      2677	80003ae4	0522d463	bge	x5,x18,80003b2c	  x5:0x80003aa8 x18:0x80009f68
       26795000	      2678	80003ae8	01486b33	or	x22,x16,x20	 x16:0x80003a18 x20:0x00000000 x22=0x80003a18
       26805000	      2679	80003aec	018daeb3	slt	x29,x27,x24	 x27:0xfffffedf x24:0x00000000 x29=0x00000001
       26815000	      2680	80003af0	016772b3	and	x5,x14,x22	 x14:0x9f6805c4 x22:0x80003a18  x5=0x80000000
       26825000	      2681	80003af4	40208733	sub	x14,x1,x2	  x1:0x50800010  x2:0xf0c9c25b x14=0x5fb63db5
       26835000	      2682	80003af8	74886613	ori	x12,x16,1864	 x16:0x80003a18 x12=0x80003f58
       26845000	      2683	80003afc	644c8b93	addi	x23,x25,1604	 x25:0x80003a3c x23=0x80004080
       26855000	      2684	80003b00	00e6e733	or	x14,x13,x14	 x13:0x80003aac x14:0x5fb63db5 x14=0xdfb63fbd
       26865000	      2685	80003b04	7fcac313	xori	x6,x21,2044	 x21:0x00284000  x6=0x002847fc
       26875000	      2686	80003b08	016a01b3	add	x3,x20,x22	 x20:0x00000000 x22:0x80003a18  x3=0x80003a18
       26885000	      2687	80003b0c	41bd5613	srai	x12,x26,0x1b	 x26:0x80003a4c x12=0xfffffff0
       26895000	      2688	80003b10	019919b3	sll	x19,x18,x25	 x18:0x80009f68 x25:0x80003a3c x19=0x80000000
       26905000	      2689	80003b14	0207dc63	bge	x15,x0,80003b4c	 x15:0x80003ab8  x0:0x00000000
       26915000	      2690	80003b18	a6744213	xori	x4,x8,-1433	  x8:0x00000000  x4=0xfffffa67
       26925000	      2691	80003b1c	015fe0b3	or	x1,x31,x21	 x31:0x80009fc4 x21:0x00284000  x1=0x8028dfc4
       26935000	      2692	80003b20	d55aaa13	slti	x20,x21,-683	 x21:0x00284000 x20=0x00000000
       26945000	      2693	80003b24	e75f4d93	xori	x27,x30,-395	 x30:0x50800010 x27=0xaf7ffe65
       26955000	      2694	80003b28	00e3dc13	srli	x24,x7,0xe	  x7:0x00000000 x24=0x00000000
       26965000	      2695	80003b2c	0186d633	srl	x12,x13,x24	 x13:0x80003aac x24:0x00000000 x12=0x80003aac
       26975000	      2696	80003b30	d6890993	addi	x19,x18,-664	 x18:0x80009f68 x19=0x80009cd0
       26985000	      2697	80003b34	01351333	sll	x6,x10,x19	 x10:0x9f680000 x19:0x80009cd0  x6=0x00000000
       26995000	      2698	80003b38	00457d33	and	x26,x10,x4	 x10:0x9f680000  x4:0xfffffa67 x26=0x9f680000
       27005000	      2699	80003b3c	02fd5a63	bge	x26,x15,80003b70	 x26:0x9f680000 x15:0x80003ab8
       27015000	      2700	00000000	00000013	addi	x0,x0,0	  x0:0x00000000
       27025000	      2701	80003b6c	00000013	addi	x0,x0,0	  x0:0x00000000
       27035000	      2702	80003b70	41ec5033	sra	x0,x24,x30	 x24:0x00000000 x30:0x50800010
       27045000	      2703	80003b74	e7cac393	xori	x7,x21,-388	 x21:0x00284000  x7=0xffd7be7c
       27055000	      2704	80003b78	01e719b3	sll	x19,x14,x30	 x14:0xdfb63fbd x30:0x50800010 x19=0x3fbd0000
       27065000	      2705	80003b7c	401803b3	sub	x7,x16,x1	 x16:0x80003a18  x1:0x8028dfc4  x7=0xffd75a54
       27075000	      2706	80003b80	bb8c3813	sltiu	x16,x24,-1096	 x24:0x00000000 x16=0x00000001
       27085000	      2707	80003b84	fc66ea13	ori	x20,x13,-58	 x13:0x80003aac x20=0xffffffee
       27095000	      2708	80003b88	40805633	sra	x12,x0,x8	  x0:0x00000000  x8:0x00000000 x12=0x00000000
       27105000	      2709	80003b8c	00000013	addi	x0,x0,0	  x0:0x00000000
       27115000	      2710	80003b90	00fd75b3	and	x11,x26,x15	 x26:0x9f680000 x15:0x80003ab8 x11=0x80000000
       27125000	      2711	80003b94	05dbc063	blt	x23,x29,80003bd4	 x23:0x80004080 x29:0x00000001
       27135000	      2712	00000000	00000013	addi	x0,x0,0	  x0:0x00000000
       27145000	      2713	80003bd0	00000013	addi	x0,x0,0	  x0:0x00000000
       27155000	      2714	80003bd4	01555313	srli	x6,x10,0x15	 x10:0x9f680000  x6=0x000004fb
       27165000	      2715	80003bd8	01f430b3	sltu	x1,x8,x31	  x8:0x00000000 x31:0x80009fc4  x1=0x00000001
       27175000	      2716	80003bdc	254c2717	auipc	x14,0x254c2	 x14=0xa54c5bd8
       27185000	      2717	80003be0	4069d393	srai	x7,x19,0x6	 x19:0x3fbd0000  x7=0x00fef400
       27195000	      2718	80003be4	4160d533	sra	x10,x1,x22	  x1:0x00000001 x22:0x80003a18 x10=0x00000000
       27205000	      2719	80003be8	41773293	sltiu	x5,x14,1047	 x14:0xa54c5bd8  x5=0x00000000
       27215000	      2720	80003bec	69f90513	addi	x10,x18,1695	 x18:0x80009f68 x10=0x8000a607
       27225000	      2721	80003bf0	011871b3	and	x3,x16,x17	 x16:0x00000001 x17:0x219ba000  x3=0x00000000
       27235000	      2722	80003bf4	41b80033	sub	x0,x16,x27	 x16:0x00000001 x27:0xaf7ffe65
       27245000	      2723	80003bf8	10744e13	xori	x28,x8,263	  x8:0x00000000 x28=0x00000107
       27255000	      2724	80003bfc	01beebb3	or	x23,x29,x27	 x29:0x00000001 x27:0xaf7ffe65 x23=0xaf7ffe65
       27265000	      2725	80003c00	01f0dd13	srli	x26,x1,0x1f	  x1:0x00000001 x26=0x00000000
       27275000	      2726	80003c04	4439b3b7	lui	x7,0x4439b	  x7=0x4439b000
       27285000	      2727	80003c08	010d5413	srli	x8,x26,0x10	 x26:0x00000000  x8=0x00000000
       27295000	      2728	80003c0c	00ae1b13	slli	x22,x28,0xa	 x28:0x00000107 x22=0x00041c00
       27305000	      2729	80003c10	939c4b13	xori	x22,x24,-1735	 x24:0x00000000 x22=0xfffff939
       27315000	      2730	80003c14	0276c063	blt	x13,x7,80003c34	 x13:0x80003aac  x7:0x4439b000
       27325000	      2731	00000000	00000013	addi	x0,x0,0	  x0:0x00000000
       27335000	      2732	80003c30	00000013	addi	x0,x0,0	  x0:0x00000000
       27345000	      2733	80003c34	00731633	sll	x12,x6,x7	  x6:0x000004fb  x7:0x4439b000 x12=0x000004fb
       27355000	      2734	80003c38	01a29393	slli	x7,x5,0x1a	  x5:0x00000000  x7=0x00000000
       27365000	      2735	80003c3c	40b855b3	sra	x11,x16,x11	 x16:0x00000001 x11:0x80000000 x11=0x00000001
       27375000	      2736	80003c40	8ab6eb93	ori	x23,x13,-1877	 x13:0x80003aac x23=0xfffffaaf
       27385000	      2737	80003c44	01bbd813	srli	x16,x23,0x1b	 x23:0xfffffaaf x16=0x0000001f
       27395000	      2738	80003c48	27156d97	auipc	x27,0x27156	 x27=0xa7159c44
       27405000	      2739	80003c4c	02837c63	bgeu	x6,x8,80003c84	  x6:0x000004fb  x8:0x00000000
       27415000	      2740	00000000	00000013	addi	x0,x0,0	  x0:0x00000000
       27425000	      2741	80003c80	00000013	addi	x0,x0,0	  x0:0x00000000
       27435000	      2742	80003c84	03338263	beq	x7,x19,80003ca8	  x7:0x00000000 x19:0x3fbd0000
       27445000	      2743	80003c88	40e3d6b3	sra	x13,x7,x14	  x7:0x00000000 x14:0xa54c5bd8 x13=0x00000000
       27455000	      2744	80003c8c	0be3a813	slti	x16,x7,190	  x7:0x00000000 x16=0x00000001
       27465000	      2745	80003c90	0a0000b7	lui	x1,0xa000	  x1=0x0a000000
       27475000	      2746	80003c94	8966bc93	sltiu	x25,x13,-1898	 x13:0x00000000 x25=0x00000001
       27485000	      2747	80003c98	9707d397	auipc	x7,0x9707d	  x7=0x17080c94
       27495000	      2748	80003c9c	3c71f593	andi	x11,x3,967	  x3:0x00000000 x11=0x00000000
       27505000	      2749	80003ca0	01c02e33	slt	x28,x0,x28	  x0:0x00000000 x28:0x00000107 x28=0x00000001
       27515000	      2750	80003ca4	90bf2d37	lui	x26,0x90bf2	 x26=0x90bf2000
       27525000	      2751	80003ca8	a80e8b13	addi	x22,x29,-1408	 x29:0x00000001 x22=0xfffffa81
       27535000	      2752	80003cac	00bb4c63	blt	x22,x11,80003cc4	 x22:0xfffffa81 x11:0x00000000
       27545000	      2753	00000000	00000013	addi	x0,x0,0	  x0:0x00000000
       27555000	      2754	80003cc0	00000013	addi	x0,x0,0	  x0:0x00000000
       27565000	      2755	80003cc4	41028233	sub	x4,x5,x16	  x5:0x00000000 x16:0x00000001  x4=0xffffffff
       27575000	      2756	80003cc8	af943c13	sltiu	x24,x8,-1287	  x8:0x00000000 x24=0x00000001
       27585000	      2757	80003ccc	084b9863	bne	x23,x4,80003d5c	 x23:0xfffffaaf  x4:0xffffffff
       27595000	      2758	00000000	00000013	addi	x0,x0,0	  x0:0x00000000
       27605000	      2759	80003d58	00000013	addi	x0,x0,0	  x0:0x00000000
       27615000	      2760	80003d5c	03fc5463	bge	x24,x31,80003d84	 x24:0x00000001 x31:0x80009fc4
       27625000	      2761	00000000	00000013	addi	x0,x0,0	  x0:0x00000000
       27635000	      2762	80003d80	00000013	addi	x0,x0,0	  x0:0x00000000
       27645000	      2763	80003d84	d5032f37	lui	x30,0xd5032	 x30=0xd5032000
       27655000	      2764	80003d88	00845e63	bge	x8,x8,80003da4	  x8:0x00000000  x8:0x00000000
       27665000	      2765	00000000	00000013	addi	x0,x0,0	  x0:0x00000000
       27675000	      2766	80003da0	00000013	addi	x0,x0,0	  x0:0x00000000
       27685000	      2767	80003da4	407bdb13	srai	x22,x23,0x7	 x23:0xfffffaaf x22=0xfffffff5
       27695000	      2768	80003da8	b9c7a217	auipc	x4,0xb9c7a	  x4=0x39c7dda4
       27705000	      2769	80003dac	008ad513	srli	x10,x21,0x8	 x21:0x00284000 x10=0x00002840
       27715000	      2770	80003db0	00816d33	or	x26,x2,x8	  x2:0xf0c9c25b  x8:0x00000000 x26=0xf0c9c25b
       27725000	      2771	80003db4	015f6a63	bltu	x30,x21,80003dc8	 x30:0xd5032000 x21:0x00284000
       27735000	      2772	80003db8	03027063	bgeu	x4,x16,80003dd8	  x4:0x39c7dda4 x16:0x00000001
       27745000	      2773	00000000	00000013	addi	x0,x0,0	  x0:0x00000000
       27755000	      2774	80003dd4	00000013	addi	x0,x0,0	  x0:0x00000000
       27765000	      2775	80003dd8	ad729397	auipc	x7,0xad729	  x7=0x2d72cdd4
       27775000	      2776	80003ddc	41c60d33	sub	x26,x12,x28	 x12:0x000004fb x28:0x00000001 x26=0x000004fa
       27785000	      2777	80003de0	05930063	beq	x6,x25,80003e20	  x6:0x000004fb x25:0x00000001
       27795000	      2778	80003de4	a850cb97	auipc	x23,0xa850c	 x23=0x2850fde0
       27805000	      2779	80003de8	db7bc613	xori	x12,x23,-585	 x23:0x2850fde0 x12=0xd7af0057
       27815000	      2780	80003dec	410b89b3	sub	x19,x23,x16	 x23:0x2850fde0 x16:0x00000001 x19=0x2850fddf
       27825000	      2781	80003df0	01219863	bne	x3,x18,80003e00	  x3:0x00000000 x18:0x80009f68
       27835000	      2782	00000000	00000013	addi	x0,x0,0	  x0:0x00000000
       27845000	      2783	80003dfc	00000013	addi	x0,x0,0	  x0:0x00000000
       27855000	      2784	80003e00	61dc4393	xori	x7,x24,1565	 x24:0x00000001  x7=0x0000061c
       27865000	      2785	80003e04	57493713	sltiu	x14,x18,1396	 x18:0x80009f68 x14=0x00000000
       27875000	      2786	80003e08	00692f33	slt	x30,x18,x6	 x18:0x80009f68  x6:0x000004fb x30=0x00000001
       27885000	      2787	80003e0c	05b90463	beq	x18,x27,80003e54	 x18:0x80009f68 x27:0xa7159c44
       27895000	      2788	80003e10	02b1c463	blt	x3,x11,80003e38	  x3:0x00000000 x11:0x00000000
       27905000	      2789	80003e14	02d9f463	bgeu	x19,x13,80003e3c	 x19:0x2850fddf x13:0x00000000
       27915000	      2790	00000000	00000013	addi	x0,x0,0	  x0:0x00000000
       27925000	      2791	80003e38	00000013	addi	x0,x0,0	  x0:0x00000000
       27935000	      2792	80003e3c	04a19863	bne	x3,x10,80003e8c	  x3:0x00000000 x10:0x00002840
       27945000	      2793	00000000	00000013	addi	x0,x0,0	  x0:0x00000000
       27955000	      2794	80003e88	00000013	addi	x0,x0,0	  x0:0x00000000
       27965000	      2795	80003e8c	010ad293	srli	x5,x21,0x10	 x21:0x00284000  x5=0x00000028
       27975000	      2796	80003e90	14e670b7	lui	x1,0x14e67	  x1=0x14e67000
       27985000	      2797	80003e94	0045cc63	blt	x11,x4,80003eac	 x11:0x00000000  x4:0x39c7dda4
       27995000	      2798	00000000	00000013	addi	x0,x0,0	  x0:0x00000000
       28005000	      2799	80003ea8	00000013	addi	x0,x0,0	  x0:0x00000000
       28015000	      2800	80003eac	00514c33	xor	x24,x2,x5	  x2:0xf0c9c25b  x5:0x00000028 x24=0xf0c9c273
       28025000	      2801	80003eb0	02556063	bltu	x10,x5,80003ed0	 x10:0x00002840  x5:0x00000028
       28035000	      2802	80003eb4	00b99293	slli	x5,x19,0xb	 x19:0x2850fddf  x5=0x87eef800
       28045000	      2803	80003eb8	75c62c93	slti	x25,x12,1884	 x12:0xd7af0057 x25=0x00000001
       28055000	      2804	80003ebc	40798033	sub	x0,x19,x7	 x19:0x2850fddf  x7:0x0000061c
       28065000	      2805	80003ec0	cb1b5337	lui	x6,0xcb1b5	  x6=0xcb1b5000
       28075000	      2806	80003ec4	0064eab3	or	x21,x9,x6	  x9:0x2d34dacc  x6:0xcb1b5000 x21=0xef3fdacc
       28085000	      2807	80003ec8	00180a33	add	x20,x16,x1	 x16:0x00000001  x1:0x14e67000 x20=0x14e67001
       28095000	      2808	80003ecc	01e137b3	sltu	x15,x2,x30	  x2:0xf0c9c25b x30:0x00000001 x15=0x00000000
       28105000	      2809	80003ed0	01d94a33	xor	x20,x18,x29	 x18:0x80009f68 x29:0x00000001 x20=0x80009f69
       28115000	      2810	80003ed4	015cbdb3	sltu	x27,x25,x21	 x25:0x00000001 x21:0xef3fdacc x27=0x00000001
       28125000	      2811	80003ed8	036bc263	blt	x23,x22,80003efc	 x23:0x2850fde0 x22:0xfffffff5
       28135000	      2812	80003edc	01df0d33	add	x26,x30,x29	 x30:0x00000001 x29:0x00000001 x26=0x00000002
       28145000	      2813	80003ee0	0066ee33	or	x28,x13,x6	 x13:0x00000000  x6:0xcb1b5000 x28=0xcb1b5000
       28155000	      2814	80003ee4	5baf8e17	auipc	x28,0x5baf8	 x28=0xdbafbee0
       28165000	      2815	80003ee8	01995ab3	srl	x21,x18,x25	 x18:0x80009f68 x25:0x00000001 x21=0x40004fb4
       28175000	      2816	80003eec	361f2493	slti	x9,x30,865	 x30:0x00000001  x9=0x00000001
       28185000	      2817	80003ef0	0106dd93	srli	x27,x13,0x10	 x13:0x00000000 x27=0x00000000
       28195000	      2818	80003ef4	411b0533	sub	x10,x22,x17	 x22:0xfffffff5 x17:0x219ba000 x10=0xde645ff5
       28205000	      2819	80003ef8	00896433	or	x8,x18,x8	 x18:0x80009f68  x8:0x00000000  x8=0x80009f68
       28215000	      2820	80003efc	04f85463	bge	x16,x15,80003f44	 x16:0x00000001 x15:0x00000000
       28225000	      2821	00000000	00000013	addi	x0,x0,0	  x0:0x00000000
       28235000	      2822	80003f40	00000013	addi	x0,x0,0	  x0:0x00000000
       28245000	      2823	80003f44	0adb2c13	slti	x24,x22,173	 x22:0xfffffff5 x24=0x00000001
       28255000	      2824	80003f48	019dcab3	xor	x21,x27,x25	 x27:0x00000000 x25:0x00000001 x21=0x00000001
       28265000	      2825	80003f4c	02a56263	bltu	x10,x10,80003f70	 x10:0xde645ff5 x10:0xde645ff5
       28275000	      2826	80003f50	0122d0b3	srl	x1,x5,x18	  x5:0x87eef800 x18:0x80009f68  x1=0x0087eef8
       28285000	      2827	80003f54	511f8837	lui	x16,0x511f8	 x16=0x511f8000
       28295000	      2828	80003f58	aa18b293	sltiu	x5,x17,-1375	 x17:0x219ba000  x5=0x00000001
       28305000	      2829	80003f5c	0215c463	blt	x11,x1,80003f84	 x11:0x00000000  x1:0x0087eef8
       28315000	      2830	00000000	00000013	addi	x0,x0,0	  x0:0x00000000
       28325000	      2831	80003f80	00000013	addi	x0,x0,0	  x0:0x00000000
       28335000	      2832	80003f84	02820463	beq	x4,x8,80003fac	  x4:0x39c7dda4  x8:0x80009f68
       28345000	      2833	80003f88	3b1f8a13	addi	x20,x31,945	 x31:0x80009fc4 x20=0x8000a375
       28355000	      2834	80003f8c	e604a813	slti	x16,x9,-416	  x9:0x00000001 x16=0x00000000
       28365000	      2835	80003f90	44c22713	slti	x14,x4,1100	  x4:0x39c7dda4 x14=0x00000000
       28375000	      2836	80003f94	036f6463	bltu	x30,x22,80003fbc	 x30:0x00000001 x22:0xfffffff5
       28385000	      2837	00000000	00000013	addi	x0,x0,0	  x0:0x00000000
       28395000	      2838	80003fb8	00000013	addi	x0,x0,0	  x0:0x00000000
       28405000	      2839	80003fbc	0091f0b3	and	x1,x3,x9	  x3:0x00000000  x9:0x00000001  x1=0x00000000
       28415000	      2840	80003fc0	03b04863	blt	x0,x27,80003ff0	  x0:0x00000000 x27:0x00000000
       28425000	      2841	80003fc4	41905cb3	sra	x25,x0,x25	  x0:0x00000000 x25:0x00000001 x25=0x00000000
       28435000	      2842	80003fc8	01f75eb3	srl	x29,x14,x31	 x14:0x00000000 x31:0x80009fc4 x29=0x00000000
       28445000	      2843	80003fcc	00788663	beq	x17,x7,80003fd8	 x17:0x219ba000  x7:0x0000061c
       28455000	      2844	80003fd0	00b7aeb3	slt	x29,x15,x11	 x15:0x00000000 x11:0x00000000 x29=0x00000000
       28465000	      2845	80003fd4	043ed063	bge	x29,x3,80004014	 x29:0x00000000  x3:0x00000000
       28475000	      2846	00000000	00000013	addi	x0,x0,0	  x0:0x00000000
       28485000	      2847	80004010	00000013	addi	x0,x0,0	  x0:0x00000000
       28495000	      2848	80004014	018c1eb3	sll	x29,x24,x24	 x24:0x00000001 x24:0x00000001 x29=0x00000002
       28505000	      2849	80004018	004c93b3	sll	x7,x25,x4	 x25:0x00000000  x4:0x39c7dda4  x7=0x00000000
       28515000	      2850	8000401c	011dfbb3	and	x23,x27,x17	 x27:0x00000000 x17:0x219ba000 x23=0x00000000
       28525000	      2851	80004020	00b12033	slt	x0,x2,x11	  x2:0xf0c9c25b x11:0x00000000
       28535000	      2852	80004024	c54dae13	slti	x28,x27,-940	 x27:0x00000000 x28=0x00000000
       28545000	      2853	80004028	40d4d093	srai	x1,x9,0xd	  x9:0x00000001  x1=0x00000000
       28555000	      2854	8000402c	02536063	bltu	x6,x5,8000404c	  x6:0xcb1b5000  x5:0x00000001
       28565000	      2855	80004030	04ddc863	blt	x27,x13,80004080	 x27:0x00000000 x13:0x00000000
       28575000	      2856	80004034	015cceb3	xor	x29,x25,x21	 x25:0x00000000 x21:0x00000001 x29=0x00000001
       28585000	      2857	80004038	00000013	addi	x0,x0,0	  x0:0x00000000
       28595000	      2858	8000403c	41ddd293	srai	x5,x27,0x1d	 x27:0x00000000  x5=0x00000000
       28605000	      2859	80004040	004dd2b3	srl	x5,x27,x4	 x27:0x00000000  x4:0x39c7dda4  x5=0x00000000
       28615000	      2860	80004044	b21d4a13	xori	x20,x26,-1247	 x26:0x00000002 x20=0xfffffb23
       28625000	      2861	80004048	41ec0eb3	sub	x29,x24,x30	 x24:0x00000001 x30:0x00000001 x29=0x00000000
       28635000	      2862	8000404c	01891333	sll	x6,x18,x24	 x18:0x80009f68 x24:0x00000001  x6=0x00013ed0
       28645000	      2863	80004050	01f63d33	sltu	x26,x12,x31	 x12:0xd7af0057 x31:0x80009fc4 x26=0x00000000
       28655000	      2864	80004054	054b7263	bgeu	x22,x20,80004098	 x22:0xfffffff5 x20:0xfffffb23
       28665000	      2865	00000000	00000013	addi	x0,x0,0	  x0:0x00000000
       28675000	      2866	80004094	00000013	addi	x0,x0,0	  x0:0x00000000
       28685000	      2867	80004098	01c96a63	bltu	x18,x28,800040ac	 x18:0x80009f68 x28:0x00000000
       28695000	      2868	8000409c	013caab3	slt	x21,x25,x19	 x25:0x00000000 x19:0x2850fddf x21=0x00000001
       28705000	      2869	800040a0	b0a12093	slti	x1,x2,-1270	  x2:0xf0c9c25b  x1=0x00000001
       28715000	      2870	800040a4	0063c4b3	xor	x9,x7,x6	  x7:0x00000000  x6:0x00013ed0  x9=0x00013ed0
       28725000	      2871	800040a8	0007e1b3	or	x3,x15,x0	 x15:0x00000000  x0:0x00000000  x3=0x00000000
       28735000	      2872	800040ac	02365263	bge	x12,x3,800040d0	 x12:0xd7af0057  x3:0x00000000
       28745000	      2873	800040b0	00000013	addi	x0,x0,0	  x0:0x00000000
       28755000	      2874	800040b4	008c46b3	xor	x13,x24,x8	 x24:0x00000001  x8:0x80009f68 x13=0x80009f69
       28765000	      2875	800040b8	00707733	and	x14,x0,x7	  x0:0x00000000  x7:0x00000000 x14=0x00000000
       28775000	      2876	800040bc	00599c63	bne	x19,x5,800040d4	 x19:0x2850fddf  x5:0x00000000
       28785000	      2877	00000000	00000013	addi	x0,x0,0	  x0:0x00000000
       28795000	      2878	800040d0	00000013	addi	x0,x0,0	  x0:0x00000000
       28805000	      2879	800040d4	02a0e063	bltu	x1,x10,800040f4	  x1:0x00000001 x10:0xde645ff5
       28815000	      2880	00000000	00000013	addi	x0,x0,0	  x0:0x00000000
       28825000	      2881	800040f0	00000013	addi	x0,x0,0	  x0:0x00000000
       28835000	      2882	800040f4	db324b93	xori	x23,x4,-589	  x4:0x39c7dda4 x23=0xc6382017
       28845000	      2883	800040f8	0015dbb3	srl	x23,x11,x1	 x11:0x00000000  x1:0x00000001 x23=0x00000000
       28855000	      2884	800040fc	b957ec93	ori	x25,x15,-1131	 x15:0x00000000 x25=0xfffffb95
       28865000	      2885	80004100	015e92b3	sll	x5,x29,x21	 x29:0x00000000 x21:0x00000001  x5=0x00000000
       28875000	      2886	80004104	008a4e33	xor	x28,x20,x8	 x20:0xfffffb23  x8:0x80009f68 x28=0x7fff644b
       28885000	      2887	80004108	41ea03b3	sub	x7,x20,x30	 x20:0xfffffb23 x30:0x00000001  x7=0xfffffb22
       28895000	      2888	8000410c	00000013	addi	x0,x0,0	  x0:0x00000000
       28905000	      2889	80004110	02590063	beq	x18,x5,80004130	 x18:0x80009f68  x5:0x00000000
       28915000	      2890	80004114	004e3eb3	sltu	x29,x28,x4	 x28:0x7fff644b  x4:0x39c7dda4 x29=0x00000000
       28925000	      2891	80004118	01391533	sll	x10,x18,x19	 x18:0x80009f68 x19:0x2850fddf x10=0x00000000
       28935000	      2892	8000411c	57234593	xori	x11,x6,1394	  x6:0x00013ed0 x11=0x00013ba2
       28945000	      2893	80004120	00a48cb3	add	x25,x9,x10	  x9:0x00013ed0 x10:0x00000000 x25=0x00013ed0
       28955000	      2894	80004124	a912cb37	lui	x22,0xa912c	 x22=0xa912c000
       28965000	      2895	80004128	0098e663	bltu	x17,x9,80004134	 x17:0x219ba000  x9:0x00013ed0
       28975000	      2896	8000412c	14124813	xori	x16,x4,321	  x4:0x39c7dda4 x16=0x39c7dce5
       28985000	      2897	80004130	01df9b93	slli	x23,x31,0x1d	 x31:0x80009fc4 x23=0x80000000
       28995000	      2898	80004134	0068d233	srl	x4,x17,x6	 x17:0x219ba000  x6:0x00013ed0  x4=0x0000219b
       29005000	      2899	80004138	0067d393	srli	x7,x15,0x6	 x15:0x00000000  x7=0x00000000
       29015000	      2900	8000413c	00c26333	or	x6,x4,x12	  x4:0x0000219b x12:0xd7af0057  x6=0xd7af21df
       29025000	      2901	80004140	41db5a13	srai	x20,x22,0x1d	 x22:0xa912c000 x20=0xfffffffd
       29035000	      2902	80004144	01765893	srli	x17,x12,0x17	 x12:0xd7af0057 x17=0x000001af
       29045000	      2903	80004148	83168613	addi	x12,x13,-1999	 x13:0x80009f69 x12=0x8000979a
       29055000	      2904	8000414c	86a206b7	lui	x13,0x86a20	 x13=0x86a20000
       29065000	      2905	80004150	405e0b33	sub	x22,x28,x5	 x28:0x7fff644b  x5:0x00000000 x22=0x7fff644b
       29075000	      2906	80004154	44208293	addi	x5,x1,1090	  x1:0x00000001  x5=0x00000443
       29085000	      2907	80004158	b0f7b793	sltiu	x15,x15,-1265	 x15:0x00000000 x15=0x00000001
       29095000	      2908	8000415c	01aa5c93	srli	x25,x20,0x1a	 x20:0xfffffffd x25=0x0000003f
       29105000	      2909	80004160	01145d13	srli	x26,x8,0x11	  x8:0x80009f68 x26=0x00004000
       29115000	      2910	80004164	010181b3	add	x3,x3,x16	  x3:0x00000000 x16:0x39c7dce5  x3=0x39c7dce5
       29125000	      2911	80004168	41058cb3	sub	x25,x11,x16	 x11:0x00013ba2 x16:0x39c7dce5 x25=0xc6395ebd
       29135000	      2912	8000416c	01adccb3	xor	x25,x27,x26	 x27:0x00000000 x26:0x00004000 x25=0x00004000
       29145000	      2913	80004170	5618ddb7	lui	x27,0x5618d	 x27=0x5618d000
       29155000	      2914	80004174	02def463	bgeu	x29,x13,8000419c	 x29:0x00000000 x13:0x86a20000
       29165000	      2915	80004178	007e8e63	beq	x29,x7,80004194	 x29:0x00000000  x7:0x00000000
       29175000	      2916	00000000	00000013	addi	x0,x0,0	  x0:0x00000000
       29185000	      2917	80004190	00000013	addi	x0,x0,0	  x0:0x00000000
       29195000	      2918	80004194	04b1f063	bgeu	x3,x11,800041d4	  x3:0x39c7dce5 x11:0x00013ba2
       29205000	      2919	00000000	00000013	addi	x0,x0,0	  x0:0x00000000
       29215000	      2920	800041d0	00000013	addi	x0,x0,0	  x0:0x00000000
       29225000	      2921	800041d4	007f0db3	add	x27,x30,x7	 x30:0x00000001  x7:0x00000000 x27=0x00000001
       29235000	      2922	800041d8	019e3b33	sltu	x22,x28,x25	 x28:0x7fff644b x25:0x00004000 x22=0x00000000
       29245000	      2923	800041dc	d41b6c37	lui	x24,0xd41b6	 x24=0xd41b6000
       29255000	      2924	800041e0	030aea63	bltu	x21,x16,80004214	 x21:0x00000001 x16:0x39c7dce5
       29265000	      2925	00000000	00000013	addi	x0,x0,0	  x0:0x00000000
       29275000	      2926	80004210	00000013	addi	x0,x0,0	  x0:0x00000000
       29285000	      2927	80004214	0128ab33	slt	x22,x17,x18	 x17:0x000001af x18:0x80009f68 x22=0x00000000
       29295000	      2928	80004218	02167863	bgeu	x12,x1,80004248	 x12:0x8000979a  x1:0x00000001
       29305000	      2929	00000000	00000013	addi	x0,x0,0	  x0:0x00000000
       29315000	      2930	80004244	00000013	addi	x0,x0,0	  x0:0x00000000
       29325000	      2931	80004248	005c9993	slli	x19,x25,0x5	 x25:0x00004000 x19=0x00080000
       29335000	      2932	8000424c	41140213	addi	x4,x8,1041	  x8:0x80009f68  x4=0x8000a379
       29345000	      2933	80004250	d11cee13	ori	x28,x25,-751	 x25:0x00004000 x28=0xfffffd11
       29355000	      2934	80004254	006aa2b3	slt	x5,x21,x6	 x21:0x00000001  x6:0xd7af21df  x5=0x00000000
       29365000	      2935	80004258	03899263	bne	x19,x24,8000427c	 x19:0x00080000 x24:0xd41b6000
       29375000	      2936	00000000	00000013	addi	x0,x0,0	  x0:0x00000000
       29385000	      2937	80004278	00000013	addi	x0,x0,0	  x0:0x00000000
       29395000	      2938	8000427c	01a75033	srl	x0,x14,x26	 x14:0x00000000 x26:0x00004000
       29405000	      2939	80004280	014714b3	sll	x9,x14,x20	 x14:0x00000000 x20:0xfffffffd  x9=0x00000000
       29415000	      2940	80004284	01a13333	sltu	x6,x2,x26	  x2:0xf0c9c25b x26:0x00004000  x6=0x00000000
       29425000	      2941	80004288	4856cc13	xori	x24,x13,1157	 x13:0x86a20000 x24=0x86a20485
       29435000	      2942	8000428c	00645013	srli	x0,x8,0x6	  x8:0x80009f68
       29445000	      2943	80004290	6a940493	addi	x9,x8,1705	  x8:0x80009f68  x9=0x8000a611
       29455000	      2944	80004294	0d9e2693	slti	x13,x28,217	 x28:0xfffffd11 x13=0x00000001
       29465000	      2945	80004298	0b190d13	addi	x26,x18,177	 x18:0x80009f68 x26=0x8000a019
       29475000	      2946	8000429c	016cbd33	sltu	x26,x25,x22	 x25:0x00004000 x22:0x00000000 x26=0x00000000
       29485000	      2947	800042a0	0088e733	or	x14,x17,x8	 x17:0x000001af  x8:0x80009f68 x14=0x80009fef
       29495000	      2948	800042a4	41f4ddb3	sra	x27,x9,x31	  x9:0x8000a611 x31:0x80009fc4 x27=0xf8000a61
       29505000	      2949	800042a8	86542e93	slti	x29,x8,-1947	  x8:0x80009f68 x29=0x00000001
       29515000	      2950	800042ac	830f3293	sltiu	x5,x30,-2000	 x30:0x00000001  x5=0x00000001
       29525000	      2951	800042b0	00000013	addi	x0,x0,0	  x0:0x00000000
       29535000	      2952	800042b4	002a6a63	bltu	x20,x2,800042c8	 x20:0xfffffffd  x2:0xf0c9c25b
       29545000	      2953	800042b8	01c4a033	slt	x0,x9,x28	  x9:0x8000a611 x28:0xfffffd11
       29555000	      2954	800042bc	2df60017	auipc	x0,0x2df60	
       29565000	      2955	800042c0	01e8fab3	and	x21,x17,x30	 x17:0x000001af x30:0x00000001 x21=0x00000001
       29575000	      2956	800042c4	ab731497	auipc	x9,0xab731	  x9=0x2b7352c0
       29585000	      2957	800042c8	05454063	blt	x10,x20,80004308	 x10:0x00000000 x20:0xfffffffd
       29595000	      2958	800042cc	016d6ab3	or	x21,x26,x22	 x26:0x00000000 x22:0x00000000 x21=0x00000000
       29605000	      2959	800042d0	01f589b3	add	x19,x11,x31	 x11:0x00013ba2 x31:0x80009fc4 x19=0x8001db66
       29615000	      2960	800042d4	01fe5d33	srl	x26,x28,x31	 x28:0xfffffd11 x31:0x80009fc4 x26=0x0fffffd1
       29625000	      2961	800042d8	4b87e493	ori	x9,x15,1208	 x15:0x00000001  x9=0x000004b9
       29635000	      2962	800042dc	00f31693	slli	x13,x6,0xf	  x6:0x00000000 x13=0x00000000
       29645000	      2963	800042e0	00f07db3	and	x27,x0,x15	  x0:0x00000000 x15:0x00000001 x27=0x00000000
       29655000	      2964	800042e4	011c08b3	add	x17,x24,x17	 x24:0x86a20485 x17:0x000001af x17=0x86a20634
       29665000	      2965	800042e8	40b8da93	srai	x21,x17,0xb	 x17:0x86a20634 x21=0xfff0d440
       29675000	      2966	800042ec	01379593	slli	x11,x15,0x13	 x15:0x00000001 x11=0x00080000
       29685000	      2967	800042f0	5d844413	xori	x8,x8,1496	  x8:0x80009f68  x8=0x80009ab0
       29695000	      2968	800042f4	014861b3	or	x3,x16,x20	 x16:0x39c7dce5 x20:0xfffffffd  x3=0xfffffffd
       29705000	      2969	800042f8	a6470493	addi	x9,x14,-1436	 x14:0x80009fef  x9=0x80009a53
       29715000	      2970	800042fc	01651c93	slli	x25,x10,0x16	 x10:0x00000000 x25=0x00000000
       29725000	      2971	80004300	01358f33	add	x30,x11,x19	 x11:0x00080000 x19:0x8001db66 x30=0x8009db66
       29735000	      2972	80004304	01395c63	bge	x18,x19,8000431c	 x18:0x80009f68 x19:0x8001db66
       29745000	      2973	80004308	40388f33	sub	x30,x17,x3	 x17:0x86a20634  x3:0xfffffffd x30=0x86a20637
       29755000	      2974	8000430c	006cf7b3	and	x15,x25,x6	 x25:0x00000000  x6:0x00000000 x15=0x00000000
       29765000	      2975	80004310	00000013	addi	x0,x0,0	  x0:0x00000000
       29775000	      2976	80004314	41038033	sub	x0,x7,x16	  x7:0x00000000 x16:0x39c7dce5
       29785000	      2977	80004318	00000013	addi	x0,x0,0	  x0:0x00000000
       29795000	      2978	8000431c	02dc7c63	bgeu	x24,x13,80004354	 x24:0x86a20485 x13:0x00000000
       29805000	      2979	00000000	00000013	addi	x0,x0,0	  x0:0x00000000
       29815000	      2980	80004350	00000013	addi	x0,x0,0	  x0:0x00000000
       29825000	      2981	80004354	01055a63	bge	x10,x16,80004368	 x10:0x00000000 x16:0x39c7dce5
       29835000	      2982	80004358	010bd293	srli	x5,x23,0x10	 x23:0x80000000  x5=0x00008000
       29845000	      2983	8000435c	e1902e13	slti	x28,x0,-487	  x0:0x00000000 x28=0x00000000
       29855000	      2984	80004360	fb7f5437	lui	x8,0xfb7f5	  x8=0xfb7f5000
       29865000	      2985	80004364	003b0e63	beq	x22,x3,80004380	 x22:0x00000000  x3:0xfffffffd
       29875000	      2986	80004368	0059dd33	srl	x26,x19,x5	 x19:0x8001db66  x5:0x00008000 x26=0x8001db66
       29885000	      2987	8000436c	0588f463	bgeu	x17,x24,800043b4	 x17:0x86a20634 x24:0x86a20485
       29895000	      2988	00000000	00000013	addi	x0,x0,0	  x0:0x00000000
       29905000	      2989	800043b0	00000013	addi	x0,x0,0	  x0:0x00000000
       29915000	      2990	800043b4	5f6f2313	slti	x6,x30,1526	 x30:0x86a20637  x6=0x00000001
       29925000	      2991	800043b8	004c3033	sltu	x0,x24,x4	 x24:0x86a20485  x4:0x8000a379
       29935000	      2992	800043bc	00c2a5b3	slt	x11,x5,x12	  x5:0x00008000 x12:0x8000979a x11=0x00000000
       29945000	      2993	800043c0	003c5e33	srl	x28,x24,x3	 x24:0x86a20485  x3:0xfffffffd x28=0x00000004
       29955000	      2994	800043c4	413683b3	sub	x7,x13,x19	 x13:0x00000000 x19:0x8001db66  x7=0x7ffe249a
       29965000	      2995	800043c8	f308a193	slti	x3,x17,-208	 x17:0x86a20634  x3=0x00000001
       29975000	      2996	800043cc	08df4263	blt	x30,x13,80004450	 x30:0x86a20637 x13:0x00000000
       29985000	      2997	00000000	00000013	addi	x0,x0,0	  x0:0x00000000
       29995000	      2998	8000444c	00000013	addi	x0,x0,0	  x0:0x00000000
       30005000	      2999	80004450	0438f063	bgeu	x17,x3,80004490	 x17:0x86a20634  x3:0x00000001
       30015000	      3000	00000000	00000013	addi	x0,x0,0	  x0:0x00000000
       30025000	      3001	8000448c	00000013	addi	x0,x0,0	  x0:0x00000000
       30035000	      3002	80004490	058adc63	bge	x21,x24,800044e8	 x21:0xfff0d440 x24:0x86a20485
       30045000	      3003	00000000	00000013	addi	x0,x0,0	  x0:0x00000000
       30055000	      3004	800044e4	00000013	addi	x0,x0,0	  x0:0x00000000
       30065000	      3005	800044e8	ff827c93	andi	x25,x4,-8	  x4:0x8000a379 x25=0x8000a378
       30075000	      3006	800044ec	00b237b3	sltu	x15,x4,x11	  x4:0x8000a379 x11:0x00000000 x15=0x00000000
       30085000	      3007	800044f0	41898f33	sub	x30,x19,x24	 x19:0x8001db66 x24:0x86a20485 x30=0xf95fd6e1
       30095000	      3008	800044f4	37c4f893	andi	x17,x9,892	  x9:0x80009a53 x17=0x00000250
       30105000	      3009	800044f8	00000013	addi	x0,x0,0	  x0:0x00000000
       30115000	      3010	800044fc	00021db3	sll	x27,x4,x0	  x4:0x8000a379  x0:0x00000000 x27=0x8000a379
       30125000	      3011	80004500	00e7d4b7	lui	x9,0xe7d	  x9=0x00e7d000
       30135000	      3012	80004504	006b5533	srl	x10,x22,x6	 x22:0x00000000  x6:0x00000001 x10=0x00000000
       30145000	      3013	80004508	c6422893	slti	x17,x4,-924	  x4:0x8000a379 x17=0x00000001
       30155000	      3014	8000450c	a9687c13	andi	x24,x16,-1386	 x16:0x39c7dce5 x24=0x39c7d884
       30165000	      3015	80004510	c544f897	auipc	x17,0xc544f	 x17=0x4545350c
       30175000	      3016	80004514	01cad4b3	srl	x9,x21,x28	 x21:0xfff0d440 x28:0x00000004  x9=0x0fff0d44
       30185000	      3017	80004518	00d5d3b3	srl	x7,x11,x13	 x11:0x00000000 x13:0x00000000  x7=0x00000000
       30195000	      3018	8000451c	405800b3	sub	x1,x16,x5	 x16:0x39c7dce5  x5:0x00008000  x1=0x39c75ce5
       30205000	      3019	80004520	875c3893	sltiu	x17,x24,-1931	 x24:0x39c7d884 x17=0x00000001
       30215000	      3020	80004524	00000013	addi	x0,x0,0	  x0:0x00000000
       30225000	      3021	80004528	41b7dab3	sra	x21,x15,x27	 x15:0x00000000 x27:0x8000a379 x21=0x00000000
       30235000	      3022	8000452c	3c468613	addi	x12,x13,964	 x13:0x00000000 x12=0x000003c4
       30245000	      3023	80004530	8841cf13	xori	x30,x3,-1916	  x3:0x00000001 x30=0xfffff885
       30255000	      3024	80004534	02e80463	beq	x16,x14,8000455c	 x16:0x39c7dce5 x14:0x80009fef
       30265000	      3025	80004538	5fa78d93	addi	x27,x15,1530	 x15:0x00000000 x27=0x000005fa
       30275000	      3026	8000453c	e863ec93	ori	x25,x7,-378	  x7:0x00000000 x25=0xfffffe86
       30285000	      3027	80004540	00d1fc63	bgeu	x3,x13,80004558	  x3:0x00000001 x13:0x00000000
       30295000	      3028	00000000	00000013	addi	x0,x0,0	  x0:0x00000000
       30305000	      3029	80004554	00000013	addi	x0,x0,0	  x0:0x00000000
       30315000	      3030	80004558	012c36b3	sltu	x13,x24,x18	 x24:0x39c7d884 x18:0x80009f68 x13=0x00000001
       30325000	      3031	8000455c	00000013	addi	x0,x0,0	  x0:0x00000000
       30335000	      3032	80004560	400cd7b3	sra	x15,x25,x0	 x25:0xfffffe86  x0:0x00000000 x15=0xfffffe86
       30345000	      3033	80004564	d892f493	andi	x9,x5,-631	  x5:0x00008000  x9=0x00008000
       30355000	      3034	80004568	01ececb3	or	x25,x25,x30	 x25:0xfffffe86 x30:0xfffff885 x25=0xfffffe87
       30365000	      3035	8000456c	00cc1993	slli	x19,x24,0xc	 x24:0x39c7d884 x19=0x7d884000
       30375000	      3036	80004570	00320733	add	x14,x4,x3	  x4:0x8000a379  x3:0x00000001 x14=0x8000a37a
       30385000	      3037	80004574	412e0b33	sub	x22,x28,x18	 x28:0x00000004 x18:0x80009f68 x22=0x7fff609c
       30395000	      3038	80004578	7bfe4717	auipc	x14,0x7bfe4	 x14=0xfbfe8574
       30405000	      3039	8000457c	0060a2b3	slt	x5,x1,x6	  x1:0x39c75ce5  x6:0x00000001  x5=0x00000000
       30415000	      3040	80004580	85292c17	auipc	x24,0x85292	 x24=0x0529657c
       30425000	      3041	80004584	01524eb3	xor	x29,x4,x21	  x4:0x8000a379 x21:0x00000000 x29=0x8000a379
       30435000	      3042	80004588	016e8c63	beq	x29,x22,800045a0	 x29:0x8000a379 x22:0x7fff609c
       30445000	      3043	8000458c	00a8de33	srl	x28,x17,x10	 x17:0x00000001 x10:0x00000000 x28=0x00000001
       30455000	      3044	80004590	006d1863	bne	x26,x6,800045a0	 x26:0x8001db66  x6:0x00000001
       30465000	      3045	00000000	00000013	addi	x0,x0,0	  x0:0x00000000
       30475000	      3046	8000459c	00000013	addi	x0,x0,0	  x0:0x00000000
       30485000	      3047	800045a0	00000013	addi	x0,x0,0	  x0:0x00000000
       30495000	      3048	800045a4	007ee533	or	x10,x29,x7	 x29:0x8000a379  x7:0x00000000 x10=0x8000a379
       30505000	      3049	800045a8	019462b3	or	x5,x8,x25	  x8:0xfb7f5000 x25:0xfffffe87  x5=0xfffffe87
       30515000	      3050	800045ac	00492083	lw	x1,4(x18)	 x18:0x80009f68  x1=0x80000144 PA:0x80009f6c
       30525000	      3051	00000000	00000013	addi	x0,x0,0	  x0:0x00000000
       30535000	      3052	800045b0	001545b3	xor	x11,x10,x1	 x10:0x8000a379  x1:0x80000144 x11=0x0000a23d
       30545000	      3053	800045b4	004f1b93	slli	x23,x30,0x4	 x30:0xfffff885 x23=0xffff8850
       30555000	      3054	800045b8	014ae4b3	or	x9,x21,x20	 x21:0x00000000 x20:0xfffffffd  x9=0xfffffffd
       30565000	      3055	800045bc	7d422293	slti	x5,x4,2004	  x4:0x8000a379  x5=0x00000001
       30575000	      3056	800045c0	0142a433	slt	x8,x5,x20	  x5:0x00000001 x20:0xfffffffd  x8=0x00000000
       30585000	      3057	800045c4	01c90913	addi	x18,x18,28	 x18:0x80009f68 x18=0x80009f84
       30595000	      3058	800045c8	00000013	addi	x0,x0,0	  x0:0x00000000
       30605000	      3059	800045cc	7c0ac193	xori	x3,x21,1984	 x21:0x00000000  x3=0x000007c0
       30615000	      3060	800045d0	00108513	addi	x10,x1,1	  x1:0x80000144 x10=0x80000145
       30625000	      3061	800045d4	00050567	jalr	x10,x10,0	 x10:0x80000145 x10=0x800045d4
       30635000	      3062	00000000	00000013	addi	x0,x0,0	  x0:0x00000000
       30645000	      3063	80000144	00000013	addi	x0,x0,0	  x0:0x00000000
       30655000	      3064	80000148	020000ef	jal	x1,80000148	  x1=0x80000148
       30665000	      3065	00000000	00000013	addi	x0,x0,0	  x0:0x00000000
       30675000	      3066	80000164	00000013	addi	x0,x0,0	  x0:0x00000000
       30685000	      3067	80000168	ffdff0ef	jal	x1,80000168	  x1=0x80000168
       30695000	      3068	00000000	00000013	addi	x0,x0,0	  x0:0x00000000
       30705000	      3069	80000160	00000013	addi	x0,x0,0	  x0:0x00000000
       30715000	      3070	80000164	024000ef	jal	x1,80000164	  x1=0x80000164
       30725000	      3071	00000000	00000013	addi	x0,x0,0	  x0:0x00000000
       30735000	      3072	80000184	00000013	addi	x0,x0,0	  x0:0x00000000
       30745000	      3073	80000188	ff5ffeef	jal	x29,80000188	 x29=0x80000188
       30755000	      3074	00000000	00000013	addi	x0,x0,0	  x0:0x00000000
       30765000	      3075	80000178	00000013	addi	x0,x0,0	  x0:0x00000000
       30775000	      3076	8000017c	ffdffeef	jal	x29,8000017c	 x29=0x8000017c
       30785000	      3077	00000000	00000013	addi	x0,x0,0	  x0:0x00000000
       30795000	      3078	80000174	00000013	addi	x0,x0,0	  x0:0x00000000
       30805000	      3079	80000178	ff5ff0ef	jal	x1,80000178	  x1=0x80000178
       30815000	      3080	00000000	00000013	addi	x0,x0,0	  x0:0x00000000
       30825000	      3081	80000168	00000013	addi	x0,x0,0	  x0:0x00000000
       30835000	      3082	8000016c	fe9ff26f	jal	x4,8000016c	  x4=0x8000016c
       30845000	      3083	00000000	00000013	addi	x0,x0,0	  x0:0x00000000
       30855000	      3084	80000150	00000013	addi	x0,x0,0	  x0:0x00000000
       30865000	      3085	80000154	020000ef	jal	x1,80000154	  x1=0x80000154
       30875000	      3086	00000000	00000013	addi	x0,x0,0	  x0:0x00000000
       30885000	      3087	80000170	00000013	addi	x0,x0,0	  x0:0x00000000
       30895000	      3088	80000174	00c000ef	jal	x1,80000174	  x1=0x80000174
       30905000	      3089	00000000	00000013	addi	x0,x0,0	  x0:0x00000000
       30915000	      3090	8000017c	00000013	addi	x0,x0,0	  x0:0x00000000
       30925000	      3091	80000180	00c006ef	jal	x13,80000180	 x13=0x80000180
       30935000	      3092	00000000	00000013	addi	x0,x0,0	  x0:0x00000000
       30945000	      3093	80000188	00000013	addi	x0,x0,0	  x0:0x00000000
       30955000	      3094	8000018c	fc1ff0ef	jal	x1,8000018c	  x1=0x8000018c
       30965000	      3095	00000000	00000013	addi	x0,x0,0	  x0:0x00000000
       30975000	      3096	80000148	00000013	addi	x0,x0,0	  x0:0x00000000
       30985000	      3097	8000014c	038000ef	jal	x1,8000014c	  x1=0x8000014c
       30995000	      3098	00000000	00000013	addi	x0,x0,0	  x0:0x00000000
       31005000	      3099	80000180	00000013	addi	x0,x0,0	  x0:0x00000000
       31015000	      3100	80000184	fddff26f	jal	x4,80000184	  x4=0x80000184
       31025000	      3101	00000000	00000013	addi	x0,x0,0	  x0:0x00000000
       31035000	      3102	8000015c	00000013	addi	x0,x0,0	  x0:0x00000000
       31045000	      3103	80000160	ffdffe6f	jal	x28,80000160	 x28=0x80000160
       31055000	      3104	00000000	00000013	addi	x0,x0,0	  x0:0x00000000
       31065000	      3105	80000158	00000013	addi	x0,x0,0	  x0:0x00000000
       31075000	      3106	8000015c	ffdff36f	jal	x6,8000015c	  x6=0x8000015c
       31085000	      3107	00000000	00000013	addi	x0,x0,0	  x0:0x00000000
       31095000	      3108	80000154	00000013	addi	x0,x0,0	  x0:0x00000000
       31105000	      3109	80000158	ff9ff0ef	jal	x1,80000158	  x1=0x80000158
       31115000	      3110	00000000	00000013	addi	x0,x0,0	  x0:0x00000000
       31125000	      3111	8000014c	00000013	addi	x0,x0,0	  x0:0x00000000
       31135000	      3112	80000150	020000ef	jal	x1,80000150	  x1=0x80000150
       31145000	      3113	00000000	00000013	addi	x0,x0,0	  x0:0x00000000
       31155000	      3114	8000016c	00000013	addi	x0,x0,0	  x0:0x00000000
       31165000	      3115	80000170	020000ef	jal	x1,80000170	  x1=0x80000170
       31175000	      3116	00000000	00000013	addi	x0,x0,0	  x0:0x00000000
       31185000	      3117	8000018c	00000013	addi	x0,x0,0	  x0:0x00000000
       31195000	      3118	80000190	1fed4217	auipc	x4,0x1fed4	  x4=0x9fed418c
       31205000	      3119	80000194	038000ef	jal	x1,80000194	  x1=0x80000194
       31215000	      3120	00000000	00000013	addi	x0,x0,0	  x0:0x00000000
       31225000	      3121	800001c8	00000013	addi	x0,x0,0	  x0:0x00000000
       31235000	      3122	800001cc	fe5ff0ef	jal	x1,800001cc	  x1=0x800001cc
       31245000	      3123	00000000	00000013	addi	x0,x0,0	  x0:0x00000000
       31255000	      3124	800001ac	00000013	addi	x0,x0,0	  x0:0x00000000
       31265000	      3125	800001b0	00c000ef	jal	x1,800001b0	  x1=0x800001b0
       31275000	      3126	00000000	00000013	addi	x0,x0,0	  x0:0x00000000
       31285000	      3127	800001b8	00000013	addi	x0,x0,0	  x0:0x00000000
       31295000	      3128	800001bc	ffdff0ef	jal	x1,800001bc	  x1=0x800001bc
       31305000	      3129	00000000	00000013	addi	x0,x0,0	  x0:0x00000000
       31315000	      3130	800001b4	00000013	addi	x0,x0,0	  x0:0x00000000
       31325000	      3131	800001b8	0080036f	jal	x6,800001b8	  x6=0x800001b8
       31335000	      3132	00000000	00000013	addi	x0,x0,0	  x0:0x00000000
       31345000	      3133	800001bc	00000013	addi	x0,x0,0	  x0:0x00000000
       31355000	      3134	800001c0	fe9ff0ef	jal	x1,800001c0	  x1=0x800001c0
       31365000	      3135	00000000	00000013	addi	x0,x0,0	  x0:0x00000000
       31375000	      3136	800001a4	00000013	addi	x0,x0,0	  x0:0x00000000
       31385000	      3137	800001a8	00c002ef	jal	x5,800001a8	  x5=0x800001a8
       31395000	      3138	00000000	00000013	addi	x0,x0,0	  x0:0x00000000
       31405000	      3139	800001b0	00000013	addi	x0,x0,0	  x0:0x00000000
       31415000	      3140	800001b4	010000ef	jal	x1,800001b4	  x1=0x800001b4
       31425000	      3141	00000000	00000013	addi	x0,x0,0	  x0:0x00000000
       31435000	      3142	800001c0	00000013	addi	x0,x0,0	  x0:0x00000000
       31445000	      3143	800001c4	fd9ff0ef	jal	x1,800001c4	  x1=0x800001c4
       31455000	      3144	00000000	00000013	addi	x0,x0,0	  x0:0x00000000
       31465000	      3145	80000198	00000013	addi	x0,x0,0	  x0:0x00000000
       31475000	      3146	8000019c	0040036f	jal	x6,8000019c	  x6=0x8000019c
       31485000	      3147	00000000	00000013	addi	x0,x0,0	  x0:0x00000000
       31495000	      3148	8000019c	00000013	addi	x0,x0,0	  x0:0x00000000
       31505000	      3149	800001a0	004000ef	jal	x1,800001a0	  x1=0x800001a0
       31515000	      3150	00000000	00000013	addi	x0,x0,0	  x0:0x00000000
       31525000	      3151	800001a0	00000013	addi	x0,x0,0	  x0:0x00000000
       31535000	      3152	800001a4	00800bef	jal	x23,800001a4	 x23=0x800001a4
       31545000	      3153	00000000	00000013	addi	x0,x0,0	  x0:0x00000000
       31555000	      3154	800001a8	00000013	addi	x0,x0,0	  x0:0x00000000
       31565000	      3155	800001ac	fedff0ef	jal	x1,800001ac	  x1=0x800001ac
       31575000	      3156	00000000	00000013	addi	x0,x0,0	  x0:0x00000000
       31585000	      3157	80000194	00000013	addi	x0,x0,0	  x0:0x00000000
       31595000	      3158	80000198	030000ef	jal	x1,80000198	  x1=0x80000198
       31605000	      3159	00000000	00000013	addi	x0,x0,0	  x0:0x00000000
       31615000	      3160	800001c4	00000013	addi	x0,x0,0	  x0:0x00000000
       31625000	      3161	800001c8	008000ef	jal	x1,800001c8	  x1=0x800001c8
       31635000	      3162	00000000	00000013	addi	x0,x0,0	  x0:0x00000000
       31645000	      3163	800001cc	00000013	addi	x0,x0,0	  x0:0x00000000
       31655000	      3164	800001d0	ae39b413	sltiu	x8,x19,-1309	 x19:0x7d884000  x8=0x00000001
       31665000	      3165	800001d4	048000ef	jal	x1,800001d4	  x1=0x800001d4
       31675000	      3166	00000000	00000013	addi	x0,x0,0	  x0:0x00000000
       31685000	      3167	80000218	00000013	addi	x0,x0,0	  x0:0x00000000
       31695000	      3168	8000021c	ffdff0ef	jal	x1,8000021c	  x1=0x8000021c
       31705000	      3169	00000000	00000013	addi	x0,x0,0	  x0:0x00000000
       31715000	      3170	80000214	00000013	addi	x0,x0,0	  x0:0x00000000
       31725000	      3171	80000218	fc9ff8ef	jal	x17,80000218	 x17=0x80000218
       31735000	      3172	00000000	00000013	addi	x0,x0,0	  x0:0x00000000
       31745000	      3173	800001dc	00000013	addi	x0,x0,0	  x0:0x00000000
       31755000	      3174	800001e0	00c00b6f	jal	x22,800001e0	 x22=0x800001e0
       31765000	      3175	00000000	00000013	addi	x0,x0,0	  x0:0x00000000
       31775000	      3176	800001e8	00000013	addi	x0,x0,0	  x0:0x00000000
       31785000	      3177	800001ec	ff9ff0ef	jal	x1,800001ec	  x1=0x800001ec
       31795000	      3178	00000000	00000013	addi	x0,x0,0	  x0:0x00000000
       31805000	      3179	800001e0	00000013	addi	x0,x0,0	  x0:0x00000000
       31815000	      3180	800001e4	01c00bef	jal	x23,800001e4	 x23=0x800001e4
       31825000	      3181	00000000	00000013	addi	x0,x0,0	  x0:0x00000000
       31835000	      3182	800001fc	00000013	addi	x0,x0,0	  x0:0x00000000
       31845000	      3183	80000200	ffdff0ef	jal	x1,80000200	  x1=0x80000200
       31855000	      3184	00000000	00000013	addi	x0,x0,0	  x0:0x00000000
       31865000	      3185	800001f8	00000013	addi	x0,x0,0	  x0:0x00000000
       31875000	      3186	800001fc	ff5ff36f	jal	x6,800001fc	  x6=0x800001fc
       31885000	      3187	00000000	00000013	addi	x0,x0,0	  x0:0x00000000
       31895000	      3188	800001ec	00000013	addi	x0,x0,0	  x0:0x00000000
       31905000	      3189	800001f0	02000b6f	jal	x22,800001f0	 x22=0x800001f0
       31915000	      3190	00000000	00000013	addi	x0,x0,0	  x0:0x00000000
       31925000	      3191	8000020c	00000013	addi	x0,x0,0	  x0:0x00000000
       31935000	      3192	80000210	fe5ff36f	jal	x6,80000210	  x6=0x80000210
       31945000	      3193	00000000	00000013	addi	x0,x0,0	  x0:0x00000000
       31955000	      3194	800001f0	00000013	addi	x0,x0,0	  x0:0x00000000
       31965000	      3195	800001f4	01000aef	jal	x21,800001f4	 x21=0x800001f4
       31975000	      3196	00000000	00000013	addi	x0,x0,0	  x0:0x00000000
       31985000	      3197	80000200	00000013	addi	x0,x0,0	  x0:0x00000000
       31995000	      3198	80000204	01c001ef	jal	x3,80000204	  x3=0x80000204
       32005000	      3199	00000000	00000013	addi	x0,x0,0	  x0:0x00000000
       32015000	      3200	8000021c	00000013	addi	x0,x0,0	  x0:0x00000000
       32025000	      3201	80000220	fd9ff76f	jal	x14,80000220	 x14=0x80000220
       32035000	      3202	00000000	00000013	addi	x0,x0,0	  x0:0x00000000
       32045000	      3203	800001f4	00000013	addi	x0,x0,0	  x0:0x00000000
       32055000	      3204	800001f8	fe1ff0ef	jal	x1,800001f8	  x1=0x800001f8
       32065000	      3205	00000000	00000013	addi	x0,x0,0	  x0:0x00000000
       32075000	      3206	800001d4	00000013	addi	x0,x0,0	  x0:0x00000000
       32085000	      3207	800001d8	0100036f	jal	x6,800001d8	  x6=0x800001d8
       32095000	      3208	00000000	00000013	addi	x0,x0,0	  x0:0x00000000
       32105000	      3209	800001e4	00000013	addi	x0,x0,0	  x0:0x00000000
       32115000	      3210	800001e8	020000ef	jal	x1,800001e8	  x1=0x800001e8
       32125000	      3211	00000000	00000013	addi	x0,x0,0	  x0:0x00000000
       32135000	      3212	80000204	00000013	addi	x0,x0,0	  x0:0x00000000
       32145000	      3213	80000208	004000ef	jal	x1,80000208	  x1=0x80000208
       32155000	      3214	00000000	00000013	addi	x0,x0,0	  x0:0x00000000
       32165000	      3215	80000208	00000013	addi	x0,x0,0	  x0:0x00000000
       32175000	      3216	8000020c	fd1ff2ef	jal	x5,8000020c	  x5=0x8000020c
       32185000	      3217	00000000	00000013	addi	x0,x0,0	  x0:0x00000000
       32195000	      3218	800001d8	00000013	addi	x0,x0,0	  x0:0x00000000
       32205000	      3219	800001dc	0380036f	jal	x6,800001dc	  x6=0x800001dc
       32215000	      3220	00000000	00000013	addi	x0,x0,0	  x0:0x00000000
       32225000	      3221	80000210	00000013	addi	x0,x0,0	  x0:0x00000000
       32235000	      3222	80000214	0100036f	jal	x6,80000214	  x6=0x80000214
       32245000	      3223	00000000	00000013	addi	x0,x0,0	  x0:0x00000000
       32255000	      3224	80000220	00000013	addi	x0,x0,0	  x0:0x00000000
       32265000	      3225	80000224	005ca433	slt	x8,x25,x5	 x25:0xfffffe87  x5:0x8000020c  x8=0x00000000
       32275000	      3226	80000228	010000ef	jal	x1,80000228	  x1=0x80000228
       32285000	      3227	00000000	00000013	addi	x0,x0,0	  x0:0x00000000
       32295000	      3228	80000234	00000013	addi	x0,x0,0	  x0:0x00000000
       32305000	      3229	80000238	05c000ef	jal	x1,80000238	  x1=0x80000238
       32315000	      3230	00000000	00000013	addi	x0,x0,0	  x0:0x00000000
       32325000	      3231	80000290	00000013	addi	x0,x0,0	  x0:0x00000000
       32335000	      3232	80000294	f99ff36f	jal	x6,80000294	  x6=0x80000294
       32345000	      3233	00000000	00000013	addi	x0,x0,0	  x0:0x00000000
       32355000	      3234	80000228	00000013	addi	x0,x0,0	  x0:0x00000000
       32365000	      3235	8000022c	06000def	jal	x27,8000022c	 x27=0x8000022c
       32375000	      3236	00000000	00000013	addi	x0,x0,0	  x0:0x00000000
       32385000	      3237	80000288	00000013	addi	x0,x0,0	  x0:0x00000000
       32395000	      3238	8000028c	fc5ffc6f	jal	x24,8000028c	 x24=0x8000028c
       32405000	      3239	00000000	00000013	addi	x0,x0,0	  x0:0x00000000
       32415000	      3240	8000024c	00000013	addi	x0,x0,0	  x0:0x00000000
       32425000	      3241	80000250	018000ef	jal	x1,80000250	  x1=0x80000250
       32435000	      3242	00000000	00000013	addi	x0,x0,0	  x0:0x00000000
       32445000	      3243	80000264	00000013	addi	x0,x0,0	  x0:0x00000000
       32455000	      3244	80000268	fc9ff0ef	jal	x1,80000268	  x1=0x80000268
       32465000	      3245	00000000	00000013	addi	x0,x0,0	  x0:0x00000000
       32475000	      3246	8000022c	00000013	addi	x0,x0,0	  x0:0x00000000
       32485000	      3247	80000230	01000b6f	jal	x22,80000230	 x22=0x80000230
       32495000	      3248	00000000	00000013	addi	x0,x0,0	  x0:0x00000000
       32505000	      3249	8000023c	00000013	addi	x0,x0,0	  x0:0x00000000
       32515000	      3250	80000240	020000ef	jal	x1,80000240	  x1=0x80000240
       32525000	      3251	00000000	00000013	addi	x0,x0,0	  x0:0x00000000
       32535000	      3252	8000025c	00000013	addi	x0,x0,0	  x0:0x00000000
       32545000	      3253	80000260	ff5ff0ef	jal	x1,80000260	  x1=0x80000260
       32555000	      3254	00000000	00000013	addi	x0,x0,0	  x0:0x00000000
       32565000	      3255	80000250	00000013	addi	x0,x0,0	  x0:0x00000000
       32575000	      3256	80000254	01c0036f	jal	x6,80000254	  x6=0x80000254
       32585000	      3257	00000000	00000013	addi	x0,x0,0	  x0:0x00000000
       32595000	      3258	8000026c	00000013	addi	x0,x0,0	  x0:0x00000000
       32605000	      3259	80000270	fcdff0ef	jal	x1,80000270	  x1=0x80000270
       32615000	      3260	00000000	00000013	addi	x0,x0,0	  x0:0x00000000
       32625000	      3261	80000238	00000013	addi	x0,x0,0	  x0:0x00000000
       32635000	      3262	8000023c	020000ef	jal	x1,8000023c	  x1=0x8000023c
       32645000	      3263	00000000	00000013	addi	x0,x0,0	  x0:0x00000000
       32655000	      3264	80000258	00000013	addi	x0,x0,0	  x0:0x00000000
       32665000	      3265	8000025c	0080066f	jal	x12,8000025c	 x12=0x8000025c
       32675000	      3266	00000000	00000013	addi	x0,x0,0	  x0:0x00000000
       32685000	      3267	80000260	00000013	addi	x0,x0,0	  x0:0x00000000
       32695000	      3268	80000264	024002ef	jal	x5,80000264	  x5=0x80000264
       32705000	      3269	00000000	00000013	addi	x0,x0,0	  x0:0x00000000
       32715000	      3270	80000284	00000013	addi	x0,x0,0	  x0:0x00000000
       32725000	      3271	80000288	fc1ff0ef	jal	x1,80000288	  x1=0x80000288
       32735000	      3272	00000000	00000013	addi	x0,x0,0	  x0:0x00000000
       32745000	      3273	80000244	00000013	addi	x0,x0,0	  x0:0x00000000
       32755000	      3274	80000248	02400f6f	jal	x30,80000248	 x30=0x80000248
       32765000	      3275	00000000	00000013	addi	x0,x0,0	  x0:0x00000000
       32775000	      3276	80000268	00000013	addi	x0,x0,0	  x0:0x00000000
       32785000	      3277	8000026c	010009ef	jal	x19,8000026c	 x19=0x8000026c
       32795000	      3278	00000000	00000013	addi	x0,x0,0	  x0:0x00000000
       32805000	      3279	80000278	00000013	addi	x0,x0,0	  x0:0x00000000
       32815000	      3280	8000027c	fb9ff0ef	jal	x1,8000027c	  x1=0x8000027c
       32825000	      3281	00000000	00000013	addi	x0,x0,0	  x0:0x00000000
       32835000	      3282	80000230	00000013	addi	x0,x0,0	  x0:0x00000000
       32845000	      3283	80000234	02400def	jal	x27,80000234	 x27=0x80000234
       32855000	      3284	00000000	00000013	addi	x0,x0,0	  x0:0x00000000
       32865000	      3285	80000254	00000013	addi	x0,x0,0	  x0:0x00000000
       32875000	      3286	80000258	020000ef	jal	x1,80000258	  x1=0x80000258
       32885000	      3287	00000000	00000013	addi	x0,x0,0	  x0:0x00000000
       32895000	      3288	80000274	00000013	addi	x0,x0,0	  x0:0x00000000
       32905000	      3289	80000278	fd5ff36f	jal	x6,80000278	  x6=0x80000278
       32915000	      3290	00000000	00000013	addi	x0,x0,0	  x0:0x00000000
       32925000	      3291	80000248	00000013	addi	x0,x0,0	  x0:0x00000000
       32935000	      3292	8000024c	04c0036f	jal	x6,8000024c	  x6=0x8000024c
       32945000	      3293	00000000	00000013	addi	x0,x0,0	  x0:0x00000000
       32955000	      3294	80000294	00000013	addi	x0,x0,0	  x0:0x00000000
       32965000	      3295	80000298	00400cef	jal	x25,80000298	 x25=0x80000298
       32975000	      3296	00000000	00000013	addi	x0,x0,0	  x0:0x00000000
       32985000	      3297	80000298	00000013	addi	x0,x0,0	  x0:0x00000000
       32995000	      3298	8000029c	fa9ff0ef	jal	x1,8000029c	  x1=0x8000029c
       33005000	      3299	00000000	00000013	addi	x0,x0,0	  x0:0x00000000
       33015000	      3300	80000240	00000013	addi	x0,x0,0	  x0:0x00000000
       33025000	      3301	80000244	030000ef	jal	x1,80000244	  x1=0x80000244
       33035000	      3302	00000000	00000013	addi	x0,x0,0	  x0:0x00000000
       33045000	      3303	80000270	00000013	addi	x0,x0,0	  x0:0x00000000
       33055000	      3304	80000274	010000ef	jal	x1,80000274	  x1=0x80000274
       33065000	      3305	00000000	00000013	addi	x0,x0,0	  x0:0x00000000
       33075000	      3306	80000280	00000013	addi	x0,x0,0	  x0:0x00000000
       33085000	      3307	80000284	00c000ef	jal	x1,80000284	  x1=0x80000284
       33095000	      3308	00000000	00000013	addi	x0,x0,0	  x0:0x00000000
       33105000	      3309	8000028c	00000013	addi	x0,x0,0	  x0:0x00000000
       33115000	      3310	80000290	ff1ff0ef	jal	x1,80000290	  x1=0x80000290
       33125000	      3311	00000000	00000013	addi	x0,x0,0	  x0:0x00000000
       33135000	      3312	8000027c	00000013	addi	x0,x0,0	  x0:0x00000000
       33145000	      3313	80000280	02000def	jal	x27,80000280	 x27=0x80000280
       33155000	      3314	00000000	00000013	addi	x0,x0,0	  x0:0x00000000
       33165000	      3315	8000029c	00000013	addi	x0,x0,0	  x0:0x00000000
       33175000	      3316	800002a0	e388b193	sltiu	x3,x17,-456	 x17:0x80000218  x3=0x00000001
       33185000	      3317	800002a4	03c000ef	jal	x1,800002a4	  x1=0x800002a4
       33195000	      3318	00000000	00000013	addi	x0,x0,0	  x0:0x00000000
       33205000	      3319	800002dc	00000013	addi	x0,x0,0	  x0:0x00000000
       33215000	      3320	800002e0	ff5ff36f	jal	x6,800002e0	  x6=0x800002e0
       33225000	      3321	00000000	00000013	addi	x0,x0,0	  x0:0x00000000
       33235000	      3322	800002d0	00000013	addi	x0,x0,0	  x0:0x00000000
       33245000	      3323	800002d4	fddff0ef	jal	x1,800002d4	  x1=0x800002d4
       33255000	      3324	00000000	00000013	addi	x0,x0,0	  x0:0x00000000
       33265000	      3325	800002ac	00000013	addi	x0,x0,0	  x0:0x00000000
       33275000	      3326	800002b0	018000ef	jal	x1,800002b0	  x1=0x800002b0
       33285000	      3327	00000000	00000013	addi	x0,x0,0	  x0:0x00000000
       33295000	      3328	800002c4	00000013	addi	x0,x0,0	  x0:0x00000000
       33305000	      3329	800002c8	010000ef	jal	x1,800002c8	  x1=0x800002c8
       33315000	      3330	00000000	00000013	addi	x0,x0,0	  x0:0x00000000
       33325000	      3331	800002d4	00000013	addi	x0,x0,0	  x0:0x00000000
       33335000	      3332	800002d8	fe1ff0ef	jal	x1,800002d8	  x1=0x800002d8
       33345000	      3333	00000000	00000013	addi	x0,x0,0	  x0:0x00000000
       33355000	      3334	800002b4	00000013	addi	x0,x0,0	  x0:0x00000000
       33365000	      3335	800002b8	024000ef	jal	x1,800002b8	  x1=0x800002b8
       33375000	      3336	00000000	00000013	addi	x0,x0,0	  x0:0x00000000
       33385000	      3337	800002d8	00000013	addi	x0,x0,0	  x0:0x00000000
       33395000	      3338	800002dc	fe5ff0ef	jal	x1,800002dc	  x1=0x800002dc
       33405000	      3339	00000000	00000013	addi	x0,x0,0	  x0:0x00000000
       33415000	      3340	800002bc	00000013	addi	x0,x0,0	  x0:0x00000000
       33425000	      3341	800002c0	028000ef	jal	x1,800002c0	  x1=0x800002c0
       33435000	      3342	00000000	00000013	addi	x0,x0,0	  x0:0x00000000
       33445000	      3343	800002e4	00000013	addi	x0,x0,0	  x0:0x00000000
       33455000	      3344	800002e8	fc5ff0ef	jal	x1,800002e8	  x1=0x800002e8
       33465000	      3345	00000000	00000013	addi	x0,x0,0	  x0:0x00000000
       33475000	      3346	800002a8	00000013	addi	x0,x0,0	  x0:0x00000000
       33485000	      3347	800002ac	020000ef	jal	x1,800002ac	  x1=0x800002ac
       33495000	      3348	00000000	00000013	addi	x0,x0,0	  x0:0x00000000
       33505000	      3349	800002c8	00000013	addi	x0,x0,0	  x0:0x00000000
       33515000	      3350	800002cc	ff9ff0ef	jal	x1,800002cc	  x1=0x800002cc
       33525000	      3351	00000000	00000013	addi	x0,x0,0	  x0:0x00000000
       33535000	      3352	800002c0	00000013	addi	x0,x0,0	  x0:0x00000000
       33545000	      3353	800002c4	020000ef	jal	x1,800002c4	  x1=0x800002c4
       33555000	      3354	00000000	00000013	addi	x0,x0,0	  x0:0x00000000
       33565000	      3355	800002e0	00000013	addi	x0,x0,0	  x0:0x00000000
       33575000	      3356	800002e4	fc5ff0ef	jal	x1,800002e4	  x1=0x800002e4
       33585000	      3357	00000000	00000013	addi	x0,x0,0	  x0:0x00000000
       33595000	      3358	800002a4	00000013	addi	x0,x0,0	  x0:0x00000000
       33605000	      3359	800002a8	0440036f	jal	x6,800002a8	  x6=0x800002a8
       33615000	      3360	00000000	00000013	addi	x0,x0,0	  x0:0x00000000
       33625000	      3361	800002e8	00000013	addi	x0,x0,0	  x0:0x00000000
       33635000	      3362	800002ec	fd1ff0ef	jal	x1,800002ec	  x1=0x800002ec
       33645000	      3363	00000000	00000013	addi	x0,x0,0	  x0:0x00000000
       33655000	      3364	800002b8	00000013	addi	x0,x0,0	  x0:0x00000000
       33665000	      3365	800002bc	014000ef	jal	x1,800002bc	  x1=0x800002bc
       33675000	      3366	00000000	00000013	addi	x0,x0,0	  x0:0x00000000
       33685000	      3367	800002cc	00000013	addi	x0,x0,0	  x0:0x00000000
       33695000	      3368	800002d0	fe5ff2ef	jal	x5,800002d0	  x5=0x800002d0
       33705000	      3369	00000000	00000013	addi	x0,x0,0	  x0:0x00000000
       33715000	      3370	800002b0	00000013	addi	x0,x0,0	  x0:0x00000000
       33725000	      3371	800002b4	03c000ef	jal	x1,800002b4	  x1=0x800002b4
       33735000	      3372	00000000	00000013	addi	x0,x0,0	  x0:0x00000000
       33745000	      3373	800002ec	00000013	addi	x0,x0,0	  x0:0x00000000
       33755000	      3374	800002f0	00ad01b3	add	x3,x26,x10	 x26:0x8001db66 x10:0x800045d4  x3=0x0002213a
       33765000	      3375	800002f4	04c000ef	jal	x1,800002f4	  x1=0x800002f4
       33775000	      3376	00000000	00000013	addi	x0,x0,0	  x0:0x00000000
       33785000	      3377	8000033c	00000013	addi	x0,x0,0	  x0:0x00000000
       33795000	      3378	80000340	004000ef	jal	x1,80000340	  x1=0x80000340
       33805000	      3379	00000000	00000013	addi	x0,x0,0	  x0:0x00000000
       33815000	      3380	80000340	00000013	addi	x0,x0,0	  x0:0x00000000
       33825000	      3381	80000344	fd1ff0ef	jal	x1,80000344	  x1=0x80000344
       33835000	      3382	00000000	00000013	addi	x0,x0,0	  x0:0x00000000
       33845000	      3383	80000310	00000013	addi	x0,x0,0	  x0:0x00000000
       33855000	      3384	80000314	00c000ef	jal	x1,80000314	  x1=0x80000314
       33865000	      3385	00000000	00000013	addi	x0,x0,0	  x0:0x00000000
       33875000	      3386	8000031c	00000013	addi	x0,x0,0	  x0:0x00000000
       33885000	      3387	80000320	02c000ef	jal	x1,80000320	  x1=0x80000320
       33895000	      3388	00000000	00000013	addi	x0,x0,0	  x0:0x00000000
       33905000	      3389	80000348	00000013	addi	x0,x0,0	  x0:0x00000000
       33915000	      3390	8000034c	008000ef	jal	x1,8000034c	  x1=0x8000034c
       33925000	      3391	00000000	00000013	addi	x0,x0,0	  x0:0x00000000
       33935000	      3392	80000350	00000013	addi	x0,x0,0	  x0:0x00000000
       33945000	      3393	80000354	fb9ff36f	jal	x6,80000354	  x6=0x80000354
       33955000	      3394	00000000	00000013	addi	x0,x0,0	  x0:0x00000000
       33965000	      3395	80000308	00000013	addi	x0,x0,0	  x0:0x00000000
       33975000	      3396	8000030c	028000ef	jal	x1,8000030c	  x1=0x8000030c
       33985000	      3397	00000000	00000013	addi	x0,x0,0	  x0:0x00000000
       33995000	      3398	80000330	00000013	addi	x0,x0,0	  x0:0x00000000
       34005000	      3399	80000334	024000ef	jal	x1,80000334	  x1=0x80000334
       34015000	      3400	00000000	00000013	addi	x0,x0,0	  x0:0x00000000
       34025000	      3401	80000354	00000013	addi	x0,x0,0	  x0:0x00000000
       34035000	      3402	80000358	fe1ff0ef	jal	x1,80000358	  x1=0x80000358
       34045000	      3403	00000000	00000013	addi	x0,x0,0	  x0:0x00000000
       34055000	      3404	80000334	00000013	addi	x0,x0,0	  x0:0x00000000
       34065000	      3405	80000338	fc9fff6f	jal	x30,80000338	 x30=0x80000338
       34075000	      3406	00000000	00000013	addi	x0,x0,0	  x0:0x00000000
       34085000	      3407	800002fc	00000013	addi	x0,x0,0	  x0:0x00000000
       34095000	      3408	80000300	018000ef	jal	x1,80000300	  x1=0x80000300
       34105000	      3409	00000000	00000013	addi	x0,x0,0	  x0:0x00000000
       34115000	      3410	80000314	00000013	addi	x0,x0,0	  x0:0x00000000
       34125000	      3411	80000318	ff1ffe6f	jal	x28,80000318	 x28=0x80000318
       34135000	      3412	00000000	00000013	addi	x0,x0,0	  x0:0x00000000
       34145000	      3413	80000304	00000013	addi	x0,x0,0	  x0:0x00000000
       34155000	      3414	80000308	040000ef	jal	x1,80000308	  x1=0x80000308
       34165000	      3415	00000000	00000013	addi	x0,x0,0	  x0:0x00000000
       34175000	      3416	80000344	00000013	addi	x0,x0,0	  x0:0x00000000
       34185000	      3417	80000348	fe9ff9ef	jal	x19,80000348	 x19=0x80000348
       34195000	      3418	00000000	00000013	addi	x0,x0,0	  x0:0x00000000
       34205000	      3419	8000032c	00000013	addi	x0,x0,0	  x0:0x00000000
       34215000	      3420	80000330	fe1ff36f	jal	x6,80000330	  x6=0x80000330
       34225000	      3421	00000000	00000013	addi	x0,x0,0	  x0:0x00000000
       34235000	      3422	8000030c	00000013	addi	x0,x0,0	  x0:0x00000000
       34245000	      3423	80000310	00c00bef	jal	x23,80000310	 x23=0x80000310
       34255000	      3424	00000000	00000013	addi	x0,x0,0	  x0:0x00000000
       34265000	      3425	80000318	00000013	addi	x0,x0,0	  x0:0x00000000
       34275000	      3426	8000031c	00800bef	jal	x23,8000031c	 x23=0x8000031c
       34285000	      3427	00000000	00000013	addi	x0,x0,0	  x0:0x00000000
       34295000	      3428	80000320	00000013	addi	x0,x0,0	  x0:0x00000000
       34305000	      3429	80000324	fd5ff0ef	jal	x1,80000324	  x1=0x80000324
       34315000	      3430	00000000	00000013	addi	x0,x0,0	  x0:0x00000000
       34325000	      3431	800002f4	00000013	addi	x0,x0,0	  x0:0x00000000
       34335000	      3432	800002f8	0640036f	jal	x6,800002f8	  x6=0x800002f8
       34345000	      3433	00000000	00000013	addi	x0,x0,0	  x0:0x00000000
       34355000	      3434	80000358	00000013	addi	x0,x0,0	  x0:0x00000000
       34365000	      3435	8000035c	fcdff3ef	jal	x7,8000035c	  x7=0x8000035c
       34375000	      3436	00000000	00000013	addi	x0,x0,0	  x0:0x00000000
       34385000	      3437	80000324	00000013	addi	x0,x0,0	  x0:0x00000000
       34395000	      3438	80000328	00400eef	jal	x29,80000328	 x29=0x80000328
       34405000	      3439	00000000	00000013	addi	x0,x0,0	  x0:0x00000000
       34415000	      3440	80000328	00000013	addi	x0,x0,0	  x0:0x00000000
       34425000	      3441	8000032c	024000ef	jal	x1,8000032c	  x1=0x8000032c
       34435000	      3442	00000000	00000013	addi	x0,x0,0	  x0:0x00000000
       34445000	      3443	8000034c	00000013	addi	x0,x0,0	  x0:0x00000000
       34455000	      3444	80000350	fadff0ef	jal	x1,80000350	  x1=0x80000350
       34465000	      3445	00000000	00000013	addi	x0,x0,0	  x0:0x00000000
       34475000	      3446	800002f8	00000013	addi	x0,x0,0	  x0:0x00000000
       34485000	      3447	800002fc	0400036f	jal	x6,800002fc	  x6=0x800002fc
       34495000	      3448	00000000	00000013	addi	x0,x0,0	  x0:0x00000000
       34505000	      3449	80000338	00000013	addi	x0,x0,0	  x0:0x00000000
       34515000	      3450	8000033c	fc9ff1ef	jal	x3,8000033c	  x3=0x8000033c
       34525000	      3451	00000000	00000013	addi	x0,x0,0	  x0:0x00000000
       34535000	      3452	80000300	00000013	addi	x0,x0,0	  x0:0x00000000
       34545000	      3453	80000304	05c0036f	jal	x6,80000304	  x6=0x80000304
       34555000	      3454	00000000	00000013	addi	x0,x0,0	  x0:0x00000000
       34565000	      3455	8000035c	00000013	addi	x0,x0,0	  x0:0x00000000
       34575000	      3456	80000360	017bd433	srl	x8,x23,x23	 x23:0x8000031c x23:0x8000031c  x8=0x00000008
       34585000	      3457	80000364	004000ef	jal	x1,80000364	  x1=0x80000364
       34595000	      3458	00000000	00000013	addi	x0,x0,0	  x0:0x00000000
       34605000	      3459	80000364	00000013	addi	x0,x0,0	  x0:0x00000000
       34615000	      3460	80000368	030000ef	jal	x1,80000368	  x1=0x80000368
       34625000	      3461	00000000	00000013	addi	x0,x0,0	  x0:0x00000000
       34635000	      3462	80000394	00000013	addi	x0,x0,0	  x0:0x00000000
       34645000	      3463	80000398	0040036f	jal	x6,80000398	  x6=0x80000398
       34655000	      3464	00000000	00000013	addi	x0,x0,0	  x0:0x00000000
       34665000	      3465	80000398	00000013	addi	x0,x0,0	  x0:0x00000000
       34675000	      3466	8000039c	fd5ff0ef	jal	x1,8000039c	  x1=0x8000039c
       34685000	      3467	00000000	00000013	addi	x0,x0,0	  x0:0x00000000
       34695000	      3468	8000036c	00000013	addi	x0,x0,0	  x0:0x00000000
       34705000	      3469	80000370	0100036f	jal	x6,80000370	  x6=0x80000370
       34715000	      3470	00000000	00000013	addi	x0,x0,0	  x0:0x00000000
       34725000	      3471	8000037c	00000013	addi	x0,x0,0	  x0:0x00000000
       34735000	      3472	80000380	0200036f	jal	x6,80000380	  x6=0x80000380
       34745000	      3473	00000000	00000013	addi	x0,x0,0	  x0:0x00000000
       34755000	      3474	8000039c	00000013	addi	x0,x0,0	  x0:0x00000000
       34765000	      3475	800003a0	00c001ef	jal	x3,800003a0	  x3=0x800003a0
       34775000	      3476	00000000	00000013	addi	x0,x0,0	  x0:0x00000000
       34785000	      3477	800003a8	00000013	addi	x0,x0,0	  x0:0x00000000
       34795000	      3478	800003ac	fd1ff0ef	jal	x1,800003ac	  x1=0x800003ac
       34805000	      3479	00000000	00000013	addi	x0,x0,0	  x0:0x00000000
       34815000	      3480	80000378	00000013	addi	x0,x0,0	  x0:0x00000000
       34825000	      3481	8000037c	00800f6f	jal	x30,8000037c	 x30=0x8000037c
       34835000	      3482	00000000	00000013	addi	x0,x0,0	  x0:0x00000000
       34845000	      3483	80000380	00000013	addi	x0,x0,0	  x0:0x00000000
       34855000	      3484	80000384	024000ef	jal	x1,80000384	  x1=0x80000384
       34865000	      3485	00000000	00000013	addi	x0,x0,0	  x0:0x00000000
       34875000	      3486	800003a4	00000013	addi	x0,x0,0	  x0:0x00000000
       34885000	      3487	800003a8	fc5ff0ef	jal	x1,800003a8	  x1=0x800003a8
       34895000	      3488	00000000	00000013	addi	x0,x0,0	  x0:0x00000000
       34905000	      3489	80000368	00000013	addi	x0,x0,0	  x0:0x00000000
       34915000	      3490	8000036c	020000ef	jal	x1,8000036c	  x1=0x8000036c
       34925000	      3491	00000000	00000013	addi	x0,x0,0	  x0:0x00000000
       34935000	      3492	80000388	00000013	addi	x0,x0,0	  x0:0x00000000
       34945000	      3493	8000038c	fe9ff36f	jal	x6,8000038c	  x6=0x8000038c
       34955000	      3494	00000000	00000013	addi	x0,x0,0	  x0:0x00000000
       34965000	      3495	80000370	00000013	addi	x0,x0,0	  x0:0x00000000
       34975000	      3496	80000374	01c0086f	jal	x16,80000374	 x16=0x80000374
       34985000	      3497	00000000	00000013	addi	x0,x0,0	  x0:0x00000000
       34995000	      3498	8000038c	00000013	addi	x0,x0,0	  x0:0x00000000
       35005000	      3499	80000390	004000ef	jal	x1,80000390	  x1=0x80000390
       35015000	      3500	00000000	00000013	addi	x0,x0,0	  x0:0x00000000
       35025000	      3501	80000390	00000013	addi	x0,x0,0	  x0:0x00000000
       35035000	      3502	80000394	ff5ff36f	jal	x6,80000394	  x6=0x80000394
       35045000	      3503	00000000	00000013	addi	x0,x0,0	  x0:0x00000000
       35055000	      3504	80000384	00000013	addi	x0,x0,0	  x0:0x00000000
       35065000	      3505	80000388	01c000ef	jal	x1,80000388	  x1=0x80000388
       35075000	      3506	00000000	00000013	addi	x0,x0,0	  x0:0x00000000
       35085000	      3507	800003a0	00000013	addi	x0,x0,0	  x0:0x00000000
       35095000	      3508	800003a4	fd5ff36f	jal	x6,800003a4	  x6=0x800003a4
       35105000	      3509	00000000	00000013	addi	x0,x0,0	  x0:0x00000000
       35115000	      3510	80000374	00000013	addi	x0,x0,0	  x0:0x00000000
       35125000	      3511	80000378	038000ef	jal	x1,80000378	  x1=0x80000378
       35135000	      3512	00000000	00000013	addi	x0,x0,0	  x0:0x00000000
       35145000	      3513	800003ac	00000013	addi	x0,x0,0	  x0:0x00000000
       35155000	      3514	800003b0	40b68c33	sub	x24,x13,x11	 x13:0x80000180 x11:0x0000a23d x24=0x7fff5f43
       35165000	      3515	800003b4	81526f13	ori	x30,x4,-2027	  x4:0x9fed418c x30=0xfffff99d
       35175000	      3516	800003b8	00a6b1b3	sltu	x3,x13,x10	 x13:0x80000180 x10:0x800045d4  x3=0x00000001
       35185000	      3517	800003bc	04347463	bgeu	x8,x3,80000404	  x8:0x00000008  x3:0x00000001
       35195000	      3518	00000000	00000013	addi	x0,x0,0	  x0:0x00000000
       35205000	      3519	80000400	00000013	addi	x0,x0,0	  x0:0x00000000
       35215000	      3520	80000404	019766b3	or	x13,x14,x25	 x14:0x80000220 x25:0x80000298 x13=0x800002b8
       35225000	      3521	80000408	579edf17	auipc	x30,0x579ed	 x30=0xd79ed404
       35235000	      3522	8000040c	40155613	srai	x12,x10,0x1	 x10:0x800045d4 x12=0xc00022ea
       35245000	      3523	80000410	01c13ab3	sltu	x21,x2,x28	  x2:0xf0c9c25b x28:0x80000318 x21=0x00000000
       35255000	      3524	80000414	01e8f6b3	and	x13,x17,x30	 x17:0x80000218 x30:0xd79ed404 x13=0x80000000
       35265000	      3525	80000418	012a5293	srli	x5,x20,0x12	 x20:0xfffffffd  x5=0x00003fff
       35275000	      3526	8000041c	01e5f333	and	x6,x11,x30	 x11:0x0000a23d x30:0xd79ed404  x6=0x00008004
       35285000	      3527	80000420	01c01c33	sll	x24,x0,x28	  x0:0x00000000 x28:0x80000318 x24=0x00000000
       35295000	      3528	80000424	fe054613	xori	x12,x10,-32	 x10:0x800045d4 x12=0x7fffba34
       35305000	      3529	80000428	5c672b93	slti	x23,x14,1478	 x14:0x80000220 x23=0x00000001
       35315000	      3530	8000042c	01f7fd33	and	x26,x15,x31	 x15:0xfffffe86 x31:0x80009fc4 x26=0x80009e84
       35325000	      3531	80000430	02b94c63	blt	x18,x11,80000468	 x18:0x80009f84 x11:0x0000a23d
       35335000	      3532	00000000	00000013	addi	x0,x0,0	  x0:0x00000000
       35345000	      3533	80000464	00000013	addi	x0,x0,0	  x0:0x00000000
       35355000	      3534	80000468	1c26a413	slti	x8,x13,450	 x13:0x80000000  x8=0x00000001
       35365000	      3535	8000046c	718d6513	ori	x10,x26,1816	 x26:0x80009e84 x10=0x80009f9c
       35375000	      3536	80000470	00342533	slt	x10,x8,x3	  x8:0x00000001  x3:0x00000001 x10=0x00000000
       35385000	      3537	80000474	410805b3	sub	x11,x16,x16	 x16:0x80000374 x16:0x80000374 x11=0x00000000
       35395000	      3538	80000478	00fbd613	srli	x12,x23,0xf	 x23:0x00000001 x12=0x00000000
       35405000	      3539	8000047c	40405eb3	sra	x29,x0,x4	  x0:0x00000000  x4:0x9fed418c x29=0x00000000
       35415000	      3540	80000480	01a6fe63	bgeu	x13,x26,8000049c	 x13:0x80000000 x26:0x80009e84
       35425000	      3541	80000484	41528e33	sub	x28,x5,x21	  x5:0x00003fff x21:0x00000000 x28=0x00003fff
       35435000	      3542	80000488	03d90663	beq	x18,x29,800004b4	 x18:0x80009f84 x29:0x00000000
       35445000	      3543	8000048c	81d5fb13	andi	x22,x11,-2019	 x11:0x00000000 x22=0x00000000
       35455000	      3544	80000490	40465833	sra	x16,x12,x4	 x12:0x00000000  x4:0x9fed418c x16=0x00000000
       35465000	      3545	80000494	021f1c63	bne	x30,x1,800004cc	 x30:0xd79ed404  x1:0x80000378
       35475000	      3546	00000000	00000013	addi	x0,x0,0	  x0:0x00000000
       35485000	      3547	800004c8	00000013	addi	x0,x0,0	  x0:0x00000000
       35495000	      3548	800004cc	04f1e663	bltu	x3,x15,80000518	  x3:0x00000001 x15:0xfffffe86
       35505000	      3549	00000000	00000013	addi	x0,x0,0	  x0:0x00000000
       35515000	      3550	80000514	00000013	addi	x0,x0,0	  x0:0x00000000
       35525000	      3551	80000518	d0c1fe13	andi	x28,x3,-756	  x3:0x00000001 x28=0x00000000
       35535000	      3552	8000051c	41195d93	srai	x27,x18,0x11	 x18:0x80009f84 x27=0xffffc000
       35545000	      3553	80000520	015357b3	srl	x15,x6,x21	  x6:0x00008004 x21:0x00000000 x15=0x00008004
       35555000	      3554	80000524	3373be93	sltiu	x29,x7,823	  x7:0x8000035c x29=0x00000000
       35565000	      3555	80000528	01a88233	add	x4,x17,x26	 x17:0x80000218 x26:0x80009e84  x4=0x0000a09c
       35575000	      3556	8000052c	004cb0b3	sltu	x1,x25,x4	 x25:0x80000298  x4:0x0000a09c  x1=0x00000000
       35585000	      3557	80000530	01440c33	add	x24,x8,x20	  x8:0x00000001 x20:0xfffffffd x24=0xfffffffe
       35595000	      3558	80000534	0256dc63	bge	x13,x5,8000056c	 x13:0x80000000  x5:0x00003fff
       35605000	      3559	80000538	0117f733	and	x14,x15,x17	 x15:0x00008004 x17:0x80000218 x14=0x00000000
       35615000	      3560	8000053c	00c90f33	add	x30,x18,x12	 x18:0x80009f84 x12:0x00000000 x30=0x80009f84
       35625000	      3561	80000540	012036b3	sltu	x13,x0,x18	  x0:0x00000000 x18:0x80009f84 x13=0x00000001
       35635000	      3562	80000544	04e66663	bltu	x12,x14,80000590	 x12:0x00000000 x14:0x00000000
       35645000	      3563	80000548	028c9663	bne	x25,x8,80000574	 x25:0x80000298  x8:0x00000001
       35655000	      3564	00000000	00000013	addi	x0,x0,0	  x0:0x00000000
       35665000	      3565	80000570	00000013	addi	x0,x0,0	  x0:0x00000000
       35675000	      3566	80000574	40d6d533	sra	x10,x13,x13	 x13:0x00000001 x13:0x00000001 x10=0x00000000
       35685000	      3567	80000578	00cb2633	slt	x12,x22,x12	 x22:0x00000000 x12:0x00000000 x12=0x00000000
       35695000	      3568	8000057c	0e172e93	slti	x29,x14,225	 x14:0x00000000 x29=0x00000001
       35705000	      3569	80000580	011f29b3	slt	x19,x30,x17	 x30:0x80009f84 x17:0x80000218 x19=0x00000000
       35715000	      3570	80000584	00000013	addi	x0,x0,0	  x0:0x00000000
       35725000	      3571	80000588	867e4a93	xori	x21,x28,-1945	 x28:0x00000000 x21=0xfffff867
       35735000	      3572	8000058c	01e8d3b3	srl	x7,x17,x30	 x17:0x80000218 x30:0x80009f84  x7=0x08000021
       35745000	      3573	80000590	00fa80b3	add	x1,x21,x15	 x21:0xfffff867 x15:0x00008004  x1=0x0000786b
       35755000	      3574	80000594	01128c33	add	x24,x5,x17	  x5:0x00003fff x17:0x80000218 x24=0x80004217
       35765000	      3575	80000598	7b91ec93	ori	x25,x3,1977	  x3:0x00000001 x25=0x000007b9
       35775000	      3576	8000059c	01c69c93	slli	x25,x13,0x1c	 x13:0x00000001 x25=0x10000000
       35785000	      3577	800005a0	00000013	addi	x0,x0,0	  x0:0x00000000
       35795000	      3578	800005a4	70418613	addi	x12,x3,1796	  x3:0x00000001 x12=0x00000705
       35805000	      3579	800005a8	01dd5313	srli	x6,x26,0x1d	 x26:0x80009e84  x6=0x00000004
       35815000	      3580	800005ac	783e99b7	lui	x19,0x783e9	 x19=0x783e9000
       35825000	      3581	800005b0	029b7863	bgeu	x22,x9,800005e0	 x22:0x00000000  x9:0xfffffffd
       35835000	      3582	800005b4	00d46cb3	or	x25,x8,x13	  x8:0x00000001 x13:0x00000001 x25=0x00000001
       35845000	      3583	800005b8	002b8d33	add	x26,x23,x2	 x23:0x00000001  x2:0xf0c9c25b x26=0xf0c9c25c
       35855000	      3584	800005bc	8ccbd6b7	lui	x13,0x8ccbd	 x13=0x8ccbd000
       35865000	      3585	800005c0	00597333	and	x6,x18,x5	 x18:0x80009f84  x5:0x00003fff  x6=0x00001f84
       35875000	      3586	800005c4	6632a517	auipc	x10,0x6632a	 x10=0xe632a5c0
       35885000	      3587	800005c8	2bfa6a13	ori	x20,x20,703	 x20:0xfffffffd x20=0xffffffff
       35895000	      3588	800005cc	74a73193	sltiu	x3,x14,1866	 x14:0x00000000  x3=0x00000001
       35905000	      3589	800005d0	b6110c93	addi	x25,x2,-1183	  x2:0xf0c9c25b x25=0xf0c9bdbc
       35915000	      3590	800005d4	01720b33	add	x22,x4,x23	  x4:0x0000a09c x23:0x00000001 x22=0x0000a09d
       35925000	      3591	800005d8	f9cb8417	auipc	x8,0xf9cb8	  x8=0x79cb85d4
       35935000	      3592	800005dc	3b922c93	slti	x25,x4,953	  x4:0x0000a09c x25=0x00000000
       35945000	      3593	800005e0	c5c8fe93	andi	x29,x17,-932	 x17:0x80000218 x29=0x80000018
       35955000	      3594	800005e4	030c7463	bgeu	x24,x16,8000060c	 x24:0x80004217 x16:0x00000000
       35965000	      3595	00000000	00000013	addi	x0,x0,0	  x0:0x00000000
       35975000	      3596	80000608	00000013	addi	x0,x0,0	  x0:0x00000000
       35985000	      3597	8000060c	01ac5e93	srli	x29,x24,0x1a	 x24:0x80004217 x29=0x00000020
       35995000	      3598	80000610	00be68b3	or	x17,x28,x11	 x28:0x00000000 x11:0x00000000 x17=0x00000000
       36005000	      3599	80000614	00851b13	slli	x22,x10,0x8	 x10:0xe632a5c0 x22=0x32a5c000
       36015000	      3600	80000618	02666c63	bltu	x12,x6,80000650	 x12:0x00000705  x6:0x00001f84
       36025000	      3601	00000000	00000013	addi	x0,x0,0	  x0:0x00000000
       36035000	      3602	8000064c	00000013	addi	x0,x0,0	  x0:0x00000000
       36045000	      3603	80000650	d8a3e213	ori	x4,x7,-630	  x7:0x08000021  x4=0xfffffdab
       36055000	      3604	80000654	a0ae2c93	slti	x25,x28,-1526	 x28:0x00000000 x25=0x00000000
       36065000	      3605	80000658	9a943713	sltiu	x14,x8,-1623	  x8:0x79cb85d4 x14=0x00000001
       36075000	      3606	8000065c	02418c63	beq	x3,x4,80000694	  x3:0x00000001  x4:0xfffffdab
       36085000	      3607	80000660	46180093	addi	x1,x16,1121	 x16:0x00000000  x1=0x00000461
       36095000	      3608	80000664	78b4e497	auipc	x9,0x78b4e	  x9=0xf8b4e660
       36105000	      3609	80000668	a750fe93	andi	x29,x1,-1419	  x1:0x00000461 x29=0x00000061
       36115000	      3610	8000066c	05970863	beq	x14,x25,800006bc	 x14:0x00000001 x25:0x00000000
       36125000	      3611	80000670	401458b3	sra	x17,x8,x1	  x8:0x79cb85d4  x1:0x00000461 x17=0x3ce5c2ea
       36135000	      3612	80000674	abea6513	ori	x10,x20,-1346	 x20:0xffffffff x10=0xffffffff
       36145000	      3613	80000678	00601c63	bne	x0,x6,80000690	  x0:0x00000000  x6:0x00001f84
       36155000	      3614	00000000	00000013	addi	x0,x0,0	  x0:0x00000000
       36165000	      3615	8000068c	00000013	addi	x0,x0,0	  x0:0x00000000
       36175000	      3616	80000690	40b183b3	sub	x7,x3,x11	  x3:0x00000001 x11:0x00000000  x7=0x00000001
       36185000	      3617	80000694	41155533	sra	x10,x10,x17	 x10:0xffffffff x17:0x3ce5c2ea x10=0xffffffff
       36195000	      3618	80000698	01037e13	andi	x28,x6,16	  x6:0x00001f84 x28=0x00000000
       36205000	      3619	8000069c	1dcd6213	ori	x4,x26,476	 x26:0xf0c9c25c  x4=0xf0c9c3dc
       36215000	      3620	800006a0	134fb997	auipc	x19,0x134fb	 x19=0x934fb69c
       36225000	      3621	800006a4	012d1f13	slli	x30,x26,0x12	 x26:0xf0c9c25c x30=0x09700000
       36235000	      3622	800006a8	407757b3	sra	x15,x14,x7	 x14:0x00000001  x7:0x00000001 x15=0x00000000
       36245000	      3623	800006ac	afdb6e93	ori	x29,x22,-1283	 x22:0x32a5c000 x29=0xfffffafd
       36255000	      3624	800006b0	01bd1193	slli	x3,x26,0x1b	 x26:0xf0c9c25c  x3=0xe0000000
       36265000	      3625	800006b4	5d40e813	ori	x16,x1,1492	  x1:0x00000461 x16=0x000005f5
       36275000	      3626	800006b8	01ce06b3	add	x13,x28,x28	 x28:0x00000000 x28:0x00000000 x13=0x00000000
       36285000	      3627	800006bc	05677463	bgeu	x14,x22,80000704	 x14:0x00000001 x22:0x32a5c000
       36295000	      3628	800006c0	01231393	slli	x7,x6,0x12	  x6:0x00001f84  x7=0x7e100000
       36305000	      3629	800006c4	b7663437	lui	x8,0xb7663	  x8=0xb7663000
       36315000	      3630	800006c8	40cd5b13	srai	x22,x26,0xc	 x26:0xf0c9c25c x22=0xffff0c9c
       36325000	      3631	800006cc	943d0f13	addi	x30,x26,-1725	 x26:0xf0c9c25c x30=0xf0c9bb9f
       36335000	      3632	800006d0	01ce63b3	or	x7,x28,x28	 x28:0x00000000 x28:0x00000000  x7=0x00000000
       36345000	      3633	800006d4	007bde93	srli	x29,x23,0x7	 x23:0x00000001 x29=0x00000000
       36355000	      3634	800006d8	03db1063	bne	x22,x29,800006f8	 x22:0xffff0c9c x29:0x00000000
       36365000	      3635	00000000	00000013	addi	x0,x0,0	  x0:0x00000000
       36375000	      3636	800006f4	00000013	addi	x0,x0,0	  x0:0x00000000
       36385000	      3637	800006f8	26983c93	sltiu	x25,x16,617	 x16:0x000005f5 x25=0x00000000
       36395000	      3638	800006fc	3d876e93	ori	x29,x14,984	 x14:0x00000001 x29=0x000003d9
       36405000	      3639	80000700	f7c08013	addi	x0,x1,-132	  x1:0x00000461
       36415000	      3640	80000704	5b61c693	xori	x13,x3,1462	  x3:0xe0000000 x13=0xe00005b6
       36425000	      3641	80000708	2a5df413	andi	x8,x27,677	 x27:0xffffc000  x8=0x00000000
       36435000	      3642	8000070c	014b5a33	srl	x20,x22,x20	 x22:0xffff0c9c x20:0xffffffff x20=0x00000001
       36445000	      3643	80000710	ac3af797	auipc	x15,0xac3af	 x15=0x2c3af70c
       36455000	      3644	80000714	0144d493	srli	x9,x9,0x14	  x9:0xf8b4e660  x9=0x00000f8b
       36465000	      3645	80000718	0082b8b3	sltu	x17,x5,x8	  x5:0x00003fff  x8:0x00000000 x17=0x00000000
       36475000	      3646	8000071c	6edabc13	sltiu	x24,x21,1773	 x21:0xfffff867 x24=0x00000000
       36485000	      3647	80000720	2a2de213	ori	x4,x27,674	 x27:0xffffc000  x4=0xffffc2a2
       36495000	      3648	80000724	00fc34b3	sltu	x9,x24,x15	 x24:0x00000000 x15:0x2c3af70c  x9=0x00000001
       36505000	      3649	80000728	00ff2e33	slt	x28,x30,x15	 x30:0xf0c9bb9f x15:0x2c3af70c x28=0x00000001
       36515000	      3650	8000072c	000e9533	sll	x10,x29,x0	 x29:0x000003d9  x0:0x00000000 x10=0x000003d9
       36525000	      3651	80000730	4a72c597	auipc	x11,0x4a72c	 x11=0xca72c72c
       36535000	      3652	80000734	a6023b93	sltiu	x23,x4,-1440	  x4:0xffffc2a2 x23=0x00000001
       36545000	      3653	80000738	28afc993	xori	x19,x31,650	 x31:0x80009fc4 x19=0x80009d4e
       36555000	      3654	8000073c	41358ab3	sub	x21,x11,x19	 x11:0xca72c72c x19:0x80009d4e x21=0x4a7229de
       36565000	      3655	80000740	00209733	sll	x14,x1,x2	  x1:0x00000461  x2:0xf0c9c25b x14=0x08000000
       36575000	      3656	80000744	0533d663	bge	x7,x19,80000790	  x7:0x00000000 x19:0x80009d4e
       36585000	      3657	00000000	00000013	addi	x0,x0,0	  x0:0x00000000
       36595000	      3658	8000078c	00000013	addi	x0,x0,0	  x0:0x00000000
       36605000	      3659	80000790	8bb10013	addi	x0,x2,-1861	  x2:0xf0c9c25b
       36615000	      3660	80000794	01c5fa63	bgeu	x11,x28,800007a8	 x11:0xca72c72c x28:0x00000001
       36625000	      3661	00000000	00000013	addi	x0,x0,0	  x0:0x00000000
       36635000	      3662	800007a4	00000013	addi	x0,x0,0	  x0:0x00000000
       36645000	      3663	800007a8	00a47ab3	and	x21,x8,x10	  x8:0x00000000 x10:0x000003d9 x21=0x00000000
       36655000	      3664	800007ac	40650cb3	sub	x25,x10,x6	 x10:0x000003d9  x6:0x00001f84 x25=0xffffe455
       36665000	      3665	800007b0	f3355397	auipc	x7,0xf3355	  x7=0x733557ac
       36675000	      3666	800007b4	010faab3	slt	x21,x31,x16	 x31:0x80009fc4 x16:0x000005f5 x21=0x00000001
       36685000	      3667	800007b8	01dac233	xor	x4,x21,x29	 x21:0x00000001 x29:0x000003d9  x4=0x000003d8
       36695000	      3668	800007bc	08e5f663	bgeu	x11,x14,80000848	 x11:0xca72c72c x14:0x08000000
       36705000	      3669	00000000	00000013	addi	x0,x0,0	  x0:0x00000000
       36715000	      3670	80000844	00000013	addi	x0,x0,0	  x0:0x00000000
       36725000	      3671	80000848	b5d0f093	andi	x1,x1,-1187	  x1:0x00000461  x1=0x00000041
       36735000	      3672	8000084c	3bd8be93	sltiu	x29,x17,957	 x17:0x00000000 x29=0x00000001
       36745000	      3673	80000850	0191df13	srli	x30,x3,0x19	  x3:0xe0000000 x30=0x00000070
       36755000	      3674	80000854	011bca63	blt	x23,x17,80000868	 x23:0x00000001 x17:0x00000000
       36765000	      3675	80000858	00b889b3	add	x19,x17,x11	 x17:0x00000000 x11:0xca72c72c x19=0xca72c72c
       36775000	      3676	8000085c	91c2f713	andi	x14,x5,-1764	  x5:0x00003fff x14=0x0000391c
       36785000	      3677	80000860	01008a63	beq	x1,x16,80000874	  x1:0x00000041 x16:0x000005f5
       36795000	      3678	80000864	f4c1f817	auipc	x16,0xf4c1f	 x16=0x74c1f860
       36805000	      3679	80000868	01df0ab3	add	x21,x30,x29	 x30:0x00000070 x29:0x00000001 x21=0x00000071
       36815000	      3680	8000086c	445b9817	auipc	x16,0x445b9	 x16=0xc45b9868
       36825000	      3681	80000870	082a7813	andi	x16,x20,130	 x20:0x00000001 x16=0x00000000
       36835000	      3682	80000874	01619e63	bne	x3,x22,80000890	  x3:0xe0000000 x22:0xffff0c9c
       36845000	      3683	00000000	00000013	addi	x0,x0,0	  x0:0x00000000
       36855000	      3684	8000088c	00000013	addi	x0,x0,0	  x0:0x00000000
       36865000	      3685	80000890	40608b33	sub	x22,x1,x6	  x1:0x00000041  x6:0x00001f84 x22=0xffffe0bd
       36875000	      3686	80000894	05cd0463	beq	x26,x28,800008dc	 x26:0xf0c9c25c x28:0x00000001
       36885000	      3687	80000898	d51bf613	andi	x12,x23,-687	 x23:0x00000001 x12=0x00000001
       36895000	      3688	8000089c	c2228f17	auipc	x30,0xc2228	 x30=0x42228898
       36905000	      3689	800008a0	00195cb3	srl	x25,x18,x1	 x18:0x80009f84  x1:0x00000041 x25=0x40004fc2
       36915000	      3690	800008a4	01f7cc63	blt	x15,x31,800008bc	 x15:0x2c3af70c x31:0x80009fc4
       36925000	      3691	800008a8	02821663	bne	x4,x8,800008d4	  x4:0x000003d8  x8:0x00000000
       36935000	      3692	00000000	00000013	addi	x0,x0,0	  x0:0x00000000
       36945000	      3693	800008d0	00000013	addi	x0,x0,0	  x0:0x00000000
       36955000	      3694	800008d4	084d0463	beq	x26,x4,8000095c	 x26:0xf0c9c25c  x4:0x000003d8
       36965000	      3695	800008d8	054d5a63	bge	x26,x20,8000092c	 x26:0xf0c9c25c x20:0x00000001
       36975000	      3696	800008dc	00a459b3	srl	x19,x8,x10	  x8:0x00000000 x10:0x000003d9 x19=0x00000000
       36985000	      3697	800008e0	05fc9e63	bne	x25,x31,8000093c	 x25:0x40004fc2 x31:0x80009fc4
       36995000	      3698	00000000	00000013	addi	x0,x0,0	  x0:0x00000000
       37005000	      3699	80000938	00000013	addi	x0,x0,0	  x0:0x00000000
       37015000	      3700	8000093c	01a1c533	xor	x10,x3,x26	  x3:0xe0000000 x26:0xf0c9c25c x10=0x10c9c25c
       37025000	      3701	80000940	00d446b3	xor	x13,x8,x13	  x8:0x00000000 x13:0xe00005b6 x13=0xe00005b6
       37035000	      3702	80000944	01985b33	srl	x22,x16,x25	 x16:0x00000000 x25:0x40004fc2 x22=0x00000000
       37045000	      3703	80000948	05359663	bne	x11,x19,80000994	 x11:0xca72c72c x19:0x00000000
       37055000	      3704	00000000	00000013	addi	x0,x0,0	  x0:0x00000000
       37065000	      3705	80000990	00000013	addi	x0,x0,0	  x0:0x00000000
       37075000	      3706	80000994	40575333	sra	x6,x14,x5	 x14:0x0000391c  x5:0x00003fff  x6=0x00000000
       37085000	      3707	80000998	00000013	addi	x0,x0,0	  x0:0x00000000
       37095000	      3708	8000099c	058e8463	beq	x29,x24,800009e4	 x29:0x00000001 x24:0x00000000
       37105000	      3709	800009a0	415cda13	srai	x20,x25,0x15	 x25:0x40004fc2 x20=0x00000200
       37115000	      3710	800009a4	037c4c63	blt	x24,x23,800009dc	 x24:0x00000000 x23:0x00000001
       37125000	      3711	00000000	00000013	addi	x0,x0,0	  x0:0x00000000
       37135000	      3712	800009d8	00000013	addi	x0,x0,0	  x0:0x00000000
       37145000	      3713	800009dc	025ed663	bge	x29,x5,80000a08	 x29:0x00000001  x5:0x00003fff
       37155000	      3714	800009e0	40d35313	srai	x6,x6,0xd	  x6:0x00000000  x6=0x00000000
       37165000	      3715	800009e4	02c46263	bltu	x8,x12,80000a08	  x8:0x00000000 x12:0x00000001
       37175000	      3716	00000000	00000013	addi	x0,x0,0	  x0:0x00000000
       37185000	      3717	80000a04	00000013	addi	x0,x0,0	  x0:0x00000000
       37195000	      3718	80000a08	bf864d13	xori	x26,x12,-1032	 x12:0x00000001 x26=0xfffffbf9
       37205000	      3719	80000a0c	02af5c63	bge	x30,x10,80000a44	 x30:0x42228898 x10:0x10c9c25c
       37215000	      3720	00000000	00000013	addi	x0,x0,0	  x0:0x00000000
       37225000	      3721	80000a40	00000013	addi	x0,x0,0	  x0:0x00000000
       37235000	      3722	80000a44	05bcd263	bge	x25,x27,80000a88	 x25:0x40004fc2 x27:0xffffc000
       37245000	      3723	00000000	00000013	addi	x0,x0,0	  x0:0x00000000
       37255000	      3724	80000a84	00000013	addi	x0,x0,0	  x0:0x00000000
       37265000	      3725	80000a88	010a4a63	blt	x20,x16,80000a9c	 x20:0x00000200 x16:0x00000000
       37275000	      3726	80000a8c	40f5d713	srai	x14,x11,0xf	 x11:0xca72c72c x14=0xffff94e5
       37285000	      3727	80000a90	007be233	or	x4,x23,x7	 x23:0x00000001  x7:0x733557ac  x4=0x733557ad
       37295000	      3728	80000a94	00a96a63	bltu	x18,x10,80000aa8	 x18:0x80009f84 x10:0x10c9c25c
       37305000	      3729	80000a98	01a8d2b3	srl	x5,x17,x26	 x17:0x00000000 x26:0xfffffbf9  x5=0x00000000
       37315000	      3730	80000a9c	00000013	addi	x0,x0,0	  x0:0x00000000
       37325000	      3731	80000aa0	4077dd93	srai	x27,x15,0x7	 x15:0x2c3af70c x27=0x005875ee
       37335000	      3732	80000aa4	00000013	addi	x0,x0,0	  x0:0x00000000
       37345000	      3733	80000aa8	00353ab3	sltu	x21,x10,x3	 x10:0x10c9c25c  x3:0xe0000000 x21=0x00000001
       37355000	      3734	80000aac	04e90663	beq	x18,x14,80000af8	 x18:0x80009f84 x14:0xffff94e5
       37365000	      3735	80000ab0	00000013	addi	x0,x0,0	  x0:0x00000000
       37375000	      3736	80000ab4	01ac7c63	bgeu	x24,x26,80000acc	 x24:0x00000000 x26:0xfffffbf9
       37385000	      3737	80000ab8	ff88f313	andi	x6,x17,-8	 x17:0x00000000  x6=0x00000000
       37395000	      3738	80000abc	4017d613	srai	x12,x15,0x1	 x15:0x2c3af70c x12=0x161d7b86
       37405000	      3739	80000ac0	0187fe33	and	x28,x15,x24	 x15:0x2c3af70c x24:0x00000000 x28=0x00000000
       37415000	      3740	80000ac4	a26e2c13	slti	x24,x28,-1498	 x28:0x00000000 x24=0x00000000
       37425000	      3741	80000ac8	015acd33	xor	x26,x21,x21	 x21:0x00000001 x21:0x00000001 x26=0x00000000
       37435000	      3742	80000acc	005030b3	sltu	x1,x0,x5	  x0:0x00000000  x5:0x00000000  x1=0x00000000
       37445000	      3743	80000ad0	001a25b3	slt	x11,x20,x1	 x20:0x00000200  x1:0x00000000 x11=0x00000000
       37455000	      3744	80000ad4	b747ec13	ori	x24,x15,-1164	 x15:0x2c3af70c x24=0xffffff7c
       37465000	      3745	80000ad8	0125ce33	xor	x28,x11,x18	 x11:0x00000000 x18:0x80009f84 x28=0x80009f84
       37475000	      3746	80000adc	41225c13	srai	x24,x4,0x12	  x4:0x733557ad x24=0x00001ccd
       37485000	      3747	80000ae0	41285613	srai	x12,x16,0x12	 x16:0x00000000 x12=0x00000000
       37495000	      3748	80000ae4	01330433	add	x8,x6,x19	  x6:0x00000000 x19:0x00000000  x8=0x00000000
       37505000	      3749	80000ae8	0a99e863	bltu	x19,x9,80000b98	 x19:0x00000000  x9:0x00000001
       37515000	      3750	00000000	00000013	addi	x0,x0,0	  x0:0x00000000
       37525000	      3751	80000b94	00000013	addi	x0,x0,0	  x0:0x00000000
       37535000	      3752	80000b98	41e2d833	sra	x16,x5,x30	  x5:0x00000000 x30:0x42228898 x16=0x00000000
       37545000	      3753	80000b9c	4b39a893	slti	x17,x19,1203	 x19:0x00000000 x17=0x00000001
       37555000	      3754	80000ba0	2cfba013	slti	x0,x23,719	 x23:0x00000001
       37565000	      3755	80000ba4	0321f663	bgeu	x3,x18,80000bd0	  x3:0xe0000000 x18:0x80009f84
       37575000	      3756	00000000	00000013	addi	x0,x0,0	  x0:0x00000000
       37585000	      3757	80000bcc	00000013	addi	x0,x0,0	  x0:0x00000000
       37595000	      3758	80000bd0	40f3d6b3	sra	x13,x7,x15	  x7:0x733557ac x15:0x2c3af70c x13=0x00073355
       37605000	      3759	80000bd4	3528b313	sltiu	x6,x17,850	 x17:0x00000001  x6=0x00000001
       37615000	      3760	80000bd8	018ab2b3	sltu	x5,x21,x24	 x21:0x00000001 x24:0x00001ccd  x5=0x00000001
       37625000	      3761	80000bdc	6d1ecf13	xori	x30,x29,1745	 x29:0x00000001 x30=0x000006d0
       37635000	      3762	80000be0	00000013	addi	x0,x0,0	  x0:0x00000000
       37645000	      3763	80000be4	02785c63	bge	x16,x7,80000c1c	 x16:0x00000000  x7:0x733557ac
       37655000	      3764	80000be8	009fdb13	srli	x22,x31,0x9	 x31:0x80009fc4 x22=0x0040004f
       37665000	      3765	80000bec	2d92d417	auipc	x8,0x2d92d	  x8=0xad92dbe8
       37675000	      3766	80000bf0	00615e33	srl	x28,x2,x6	  x2:0xf0c9c25b  x6:0x00000001 x28=0x7864e12d
       37685000	      3767	80000bf4	00b41a63	bne	x8,x11,80000c08	  x8:0xad92dbe8 x11:0x00000000
       37695000	      3768	00000000	00000013	addi	x0,x0,0	  x0:0x00000000
       37705000	      3769	80000c04	00000013	addi	x0,x0,0	  x0:0x00000000
       37715000	      3770	80000c08	035a5863	bge	x20,x21,80000c38	 x20:0x00000200 x21:0x00000001
       37725000	      3771	00000000	00000013	addi	x0,x0,0	  x0:0x00000000
       37735000	      3772	80000c34	00000013	addi	x0,x0,0	  x0:0x00000000
       37745000	      3773	80000c38	00000013	addi	x0,x0,0	  x0:0x00000000
       37755000	      3774	80000c3c	000a9313	slli	x6,x21,0x0	 x21:0x00000001  x6=0x00000001
       37765000	      3775	80000c40	00002317	auipc	x6,0x2	  x6=0x80002c3c
       37775000	      3776	80000c44	c7c30313	addi	x6,x6,-900	  x6:0x80002c3c  x6=0x800028b8
       37785000	      3777	80000c48	01e95513	srli	x10,x18,0x1e	 x18:0x80009f84 x10=0x00000002
       37795000	      3778	80000c4c	408ed693	srai	x13,x29,0x8	 x29:0x00000001 x13=0x00000000
       37805000	      3779	80000c50	00fd5193	srli	x3,x26,0xf	 x26:0x00000000  x3=0x00000000
       37815000	      3780	80000c54	a8a44997	auipc	x19,0xa8a44	 x19=0x28a44c50
       37825000	      3781	80000c58	b9c33c13	sltiu	x24,x6,-1124	  x6:0x800028b8 x24=0x00000001
       37835000	      3782	80000c5c	31130313	addi	x6,x6,785	  x6:0x800028b8  x6=0x80002bc9
       37845000	      3783	80000c60	010a5e33	srl	x28,x20,x16	 x20:0x00000200 x16:0x00000000 x28=0x00000200
       37855000	      3784	80000c64	000b6e33	or	x28,x22,x0	 x22:0x0040004f  x0:0x00000000 x28=0x0040004f
       37865000	      3785	80000c68	018e1693	slli	x13,x28,0x18	 x28:0x0040004f x13=0x4f000000
       37875000	      3786	80000c6c	cf0300e7	jalr	x1,x6,-784	  x6:0x80002bc9  x1=0x80000c6c
       37885000	      3787	00000000	00000013	addi	x0,x0,0	  x0:0x00000000
       37895000	      3788	800028b8	00000013	addi	x0,x0,0	  x0:0x00000000
       37905000	      3789	800028bc	ab457b17	auipc	x22,0xab457	 x22=0x2b4598b8
       37915000	      3790	800028c0	fd890913	addi	x18,x18,-40	 x18:0x80009f84 x18=0x80009f5c
       37925000	      3791	800028c4	55ab0b93	addi	x23,x22,1370	 x22:0x2b4598b8 x23=0x2b459e12
       37935000	      3792	800028c8	00192223	sw	x1,4(x18)	 x18:0x80009f5c  x1:0x80000c6c PA:0x80009f60
       37945000	      3793	800028cc	73cec693	xori	x13,x29,1852	 x29:0x00000001 x13=0x0000073d
       37955000	      3794	800028d0	00a71513	slli	x10,x14,0xa	 x14:0xffff94e5 x10=0xfe539400
       37965000	      3795	800028d4	40c05413	srai	x8,x0,0xc	  x0:0x00000000  x8=0x00000000
       37975000	      3796	800028d8	030d6463	bltu	x26,x16,80002900	 x26:0x00000000 x16:0x00000000
       37985000	      3797	800028dc	f6978193	addi	x3,x15,-151	 x15:0x2c3af70c  x3=0x2c3af675
       37995000	      3798	800028e0	01a3f0b3	and	x1,x7,x26	  x7:0x733557ac x26:0x00000000  x1=0x00000000
       38005000	      3799	800028e4	6bbc6193	ori	x3,x24,1723	 x24:0x00000001  x3=0x000006bb
       38015000	      3800	800028e8	00000013	addi	x0,x0,0	  x0:0x00000000
       38025000	      3801	800028ec	01e89463	bne	x17,x30,800028f4	 x17:0x00000001 x30:0x000006d0
       38035000	      3802	00000000	00000013	addi	x0,x0,0	  x0:0x00000000
       38045000	      3803	800028f0	00000013	addi	x0,x0,0	  x0:0x00000000
       38055000	      3804	800028f4	495b3d93	sltiu	x27,x22,1173	 x22:0x2b4598b8 x27=0x00000000
       38065000	      3805	800028f8	4147d1b3	sra	x3,x15,x20	 x15:0x2c3af70c x20:0x00000200  x3=0x2c3af70c
       38075000	      3806	800028fc	009dbe33	sltu	x28,x27,x9	 x27:0x00000000  x9:0x00000001 x28=0x00000001
       38085000	      3807	80002900	9dd96d93	ori	x27,x18,-1571	 x18:0x80009f5c x27=0xffffffdd
       38095000	      3808	80002904	011308b3	add	x17,x6,x17	  x6:0x80002bc9 x17:0x00000001 x17=0x80002bca
       38105000	      3809	80002908	00824eb3	xor	x29,x4,x8	  x4:0x733557ad  x8:0x00000000 x29=0x733557ad
       38115000	      3810	8000290c	40ad88b3	sub	x17,x27,x10	 x27:0xffffffdd x10:0xfe539400 x17=0x01ac6bdd
       38125000	      3811	80002910	00492083	lw	x1,4(x18)	 x18:0x80009f5c  x1=0x80000c6c PA:0x80009f60
       38135000	      3812	80002914	02890913	addi	x18,x18,40	 x18:0x80009f5c x18=0x80009f84
       38145000	      3813	80002918	00a9c7b3	xor	x15,x19,x10	 x19:0x28a44c50 x10:0xfe539400 x15=0xd6f7d850
       38155000	      3814	8000291c	00008493	addi	x9,x1,0	  x1:0x80000c6c  x9=0x80000c6c
       38165000	      3815	80002920	000484e7	jalr	x9,x9,0	  x9:0x80000c6c  x9=0x80002920
       38175000	      3816	00000000	00000013	addi	x0,x0,0	  x0:0x00000000
       38185000	      3817	80000c6c	00000013	addi	x0,x0,0	  x0:0x00000000
       38195000	      3818	80000c70	01f820b3	slt	x1,x16,x31	 x16:0x00000000 x31:0x80009fc4  x1=0x00000000
       38205000	      3819	80000c74	419e0f33	sub	x30,x28,x25	 x28:0x00000001 x25:0x40004fc2 x30=0xbfffb03f
       38215000	      3820	80000c78	19b65497	auipc	x9,0x19b65	  x9=0x99b65c74
       38225000	      3821	80000c7c	01da83b3	add	x7,x21,x29	 x21:0x00000001 x29:0x733557ad  x7=0x733557ae
       38235000	      3822	80000c80	0232f063	bgeu	x5,x3,80000ca0	  x5:0x00000001  x3:0x2c3af70c
       38245000	      3823	80000c84	7ef9cdb7	lui	x27,0x7ef9c	 x27=0x7ef9c000
       38255000	      3824	80000c88	0017dc63	bge	x15,x1,80000ca0	 x15:0xd6f7d850  x1:0x00000000
       38265000	      3825	80000c8c	01363f33	sltu	x30,x12,x19	 x12:0x00000000 x19:0x28a44c50 x30=0x00000001
       38275000	      3826	80000c90	01507233	and	x4,x0,x21	  x0:0x00000000 x21:0x00000001  x4=0x00000000
       38285000	      3827	80000c94	00f1a033	slt	x0,x3,x15	  x3:0x2c3af70c x15:0xd6f7d850
       38295000	      3828	80000c98	012d9b93	slli	x23,x27,0x12	 x27:0x7ef9c000 x23=0x00000000
       38305000	      3829	80000c9c	11b67c13	andi	x24,x12,283	 x12:0x00000000 x24=0x00000000
       38315000	      3830	80000ca0	413d5cb3	sra	x25,x26,x19	 x26:0x00000000 x19:0x28a44c50 x25=0x00000000
       38325000	      3831	80000ca4	00000117	auipc	x2,0x0	  x2=0x80000ca0
       38335000	      3832	80000ca8	00c10113	addi	x2,x2,12	  x2:0x80000ca0  x2=0x80000cac
       38345000	      3833	80000cac	00010067	jalr	x0,x2,0	  x2:0x80000cac
       38355000	      3834	00000000	00000013	addi	x0,x0,0	  x0:0x00000000
       38365000	      3835	80000cac	00000013	addi	x0,x0,0	  x0:0x00000000
       38375000	      3836	80000cb0	00100193	addi	x3,x0,1	  x0:0x00000000  x3=0x00000001
       38385000	      3837	80000cb4	00000073	ecall	
       38395000	      3838	80000cb8	ff890913	addi	x18,x18,-8	 x18:0x80009f84 x18=0x80009f7c
