		Time			Cycle	PC		Insn	Decoded instruction	Register and memory contents
          65000	         5	80000004	00000293	addi	x5,x0,0	  x0:0x00000000  x5=0x00000000
          75000	         6	80000008	00000313	addi	x6,x0,0	  x0:0x00000000  x6=0x00000000
          85000	         7	8000000c	00628263	beq	x5,x6,80000010	  x5:0x00000000  x6:0x00000000
          95000	         8	00000000	00000013	addi	x0,x0,0	  x0:0x00000000
         105000	         9	8000000c	00000013	addi	x0,x0,0	  x0:0x00000000
         115000	        10	80000010	00000c97	auipc	x25,0x0	 x25=0x8000000c
         125000	        11	80000014	00cc8c93	addi	x25,x25,12	 x25:0x8000000c x25=0x80000018
         135000	        12	80000018	000c8067	jalr	x0,x25,0	 x25:0x80000018
         145000	        13	00000000	00000013	addi	x0,x0,0	  x0:0x00000000
         155000	        14	80000018	00000013	addi	x0,x0,0	  x0:0x00000000
         165000	        15	8000001c	400003b7	lui	x7,0x40000	  x7=0x40000000
         175000	        16	80000020	10038393	addi	x7,x7,256	  x7:0x40000000  x7=0x40000100
         185000	        17	80000024	00000013	addi	x0,x0,0	  x0:0x00000000
         195000	        18	80000028	0000a417	auipc	x8,0xa	  x8=0x8000a024
         205000	        19	8000002c	fa040413	addi	x8,x8,-96	  x8:0x8000a024  x8=0x80009fc4
         215000	        20	80000030	00005397	auipc	x7,0x5	  x7=0x8000502c
         225000	        21	80000034	ff438393	addi	x7,x7,-12	  x7:0x8000502c  x7=0x80005020
         235000	        22	80000038	0013e393	ori	x7,x7,1	  x7:0x80005020  x7=0x80005021
         245000	        23	8000003c	00000013	addi	x0,x0,0	  x0:0x00000000
         255000	        24	80000040	00000397	auipc	x7,0x0	  x7=0x8000003c
         265000	        25	80000044	02038393	addi	x7,x7,32	  x7:0x8000003c  x7=0x8000005c
         275000	        26	80000048	00000013	addi	x0,x0,0	  x0:0x00000000
         285000	        27	8000004c	00000013	addi	x0,x0,0	  x0:0x00000000
         295000	        28	80000050	000023b7	lui	x7,0x2	  x7=0x00002000
         305000	        29	80000054	80038393	addi	x7,x7,-2048	  x7:0x00002000  x7=0x00001800
         315000	        30	80000058	00000013	addi	x0,x0,0	  x0:0x00000000
         325000	        31	8000005c	00000013	addi	x0,x0,0	  x0:0x00000000
         335000	        32	80000060	80000037	lui	x0,0x80000	
         345000	        33	80000064	00000013	addi	x0,x0,0	  x0:0x00000000
         355000	        34	80000068	800000b7	lui	x1,0x80000	  x1=0x80000000
         365000	        35	8000006c	f85b0137	lui	x2,0xf85b0	  x2=0xf85b0000
         375000	        36	80000070	10a10113	addi	x2,x2,266	  x2:0xf85b0000  x2=0xf85b010a
         385000	        37	80000074	00c00193	addi	x3,x0,12	  x0:0x00000000  x3=0x0000000c
         395000	        38	80000078	f7e3b237	lui	x4,0xf7e3b	  x4=0xf7e3b000
         405000	        39	8000007c	be320213	addi	x4,x4,-1053	  x4:0xf7e3b000  x4=0xf7e3abe3
         415000	        40	80000080	800002b7	lui	x5,0x80000	  x5=0x80000000
         425000	        41	80000084	00000313	addi	x6,x0,0	  x0:0x00000000  x6=0x00000000
         435000	        42	80000088	fc41d3b7	lui	x7,0xfc41d	  x7=0xfc41d000
         445000	        43	8000008c	79138393	addi	x7,x7,1937	  x7:0xfc41d000  x7=0xfc41d791
         455000	        44	80000090	00500493	addi	x9,x0,5	  x0:0x00000000  x9=0x00000005
         465000	        45	80000094	00400513	addi	x10,x0,4	  x0:0x00000000 x10=0x00000004
         475000	        46	80000098	800005b7	lui	x11,0x80000	 x11=0x80000000
         485000	        47	8000009c	fbecd637	lui	x12,0xfbecd	 x12=0xfbecd000
         495000	        48	800000a0	0df60613	addi	x12,x12,223	 x12:0xfbecd000 x12=0xfbecd0df
         505000	        49	800000a4	672436b7	lui	x13,0x67243	 x13=0x67243000
         515000	        50	800000a8	69268693	addi	x13,x13,1682	 x13:0x67243000 x13=0x67243692
         525000	        51	800000ac	00000713	addi	x14,x0,0	  x0:0x00000000 x14=0x00000000
         535000	        52	800000b0	27cd17b7	lui	x15,0x27cd1	 x15=0x27cd1000
         545000	        53	800000b4	19178793	addi	x15,x15,401	 x15:0x27cd1000 x15=0x27cd1191
         555000	        54	800000b8	64818837	lui	x16,0x64818	 x16=0x64818000
         565000	        55	800000bc	87a80813	addi	x16,x16,-1926	 x16:0x64818000 x16=0x6481787a
         575000	        56	800000c0	800008b7	lui	x17,0x80000	 x17=0x80000000
         585000	        57	800000c4	80000937	lui	x18,0x80000	 x18=0x80000000
         595000	        58	800000c8	00f00a13	addi	x20,x0,15	  x0:0x00000000 x20=0x0000000f
         605000	        59	800000cc	00000a93	addi	x21,x0,0	  x0:0x00000000 x21=0x00000000
         615000	        60	800000d0	80000b37	lui	x22,0x80000	 x22=0x80000000
         625000	        61	800000d4	00100b93	addi	x23,x0,1	  x0:0x00000000 x23=0x00000001
         635000	        62	800000d8	00000c13	addi	x24,x0,0	  x0:0x00000000 x24=0x00000000
         645000	        63	800000dc	cee48cb7	lui	x25,0xcee48	 x25=0xcee48000
         655000	        64	800000e0	5a1c8c93	addi	x25,x25,1441	 x25:0xcee48000 x25=0xcee485a1
         665000	        65	800000e4	00000d13	addi	x26,x0,0	  x0:0x00000000 x26=0x00000000
         675000	        66	800000e8	f8fcfdb7	lui	x27,0xf8fcf	 x27=0xf8fcf000
         685000	        67	800000ec	397d8d93	addi	x27,x27,919	 x27:0xf8fcf000 x27=0xf8fcf397
         695000	        68	800000f0	00000e13	addi	x28,x0,0	  x0:0x00000000 x28=0x00000000
         705000	        69	800000f4	00b00e93	addi	x29,x0,11	  x0:0x00000000 x29=0x0000000b
         715000	        70	800000f8	80000f37	lui	x30,0x80000	 x30=0x80000000
         725000	        71	800000fc	00a00f93	addi	x31,x0,10	  x0:0x00000000 x31=0x0000000a
         735000	        72	80000100	0000a997	auipc	x19,0xa	 x19=0x8000a0fc
         745000	        73	80000104	e8898993	addi	x19,x19,-376	 x19:0x8000a0fc x19=0x80009f84
         755000	        74	80000108	05400c6f	jal	x24,80000108	 x24=0x80000108
         765000	        75	00000000	00000013	addi	x0,x0,0	  x0:0x00000000
         775000	        76	80000158	00000013	addi	x0,x0,0	  x0:0x00000000
         785000	        77	8000015c	010000ef	jal	x1,8000015c	  x1=0x8000015c
         795000	        78	00000000	00000013	addi	x0,x0,0	  x0:0x00000000
         805000	        79	80000168	00000013	addi	x0,x0,0	  x0:0x00000000
         815000	        80	8000016c	fe1ff0ef	jal	x1,8000016c	  x1=0x8000016c
         825000	        81	00000000	00000013	addi	x0,x0,0	  x0:0x00000000
         835000	        82	80000148	00000013	addi	x0,x0,0	  x0:0x00000000
         845000	        83	8000014c	ffdff36f	jal	x6,8000014c	  x6=0x8000014c
         855000	        84	00000000	00000013	addi	x0,x0,0	  x0:0x00000000
         865000	        85	80000144	00000013	addi	x0,x0,0	  x0:0x00000000
         875000	        86	80000148	010001ef	jal	x3,80000148	  x3=0x80000148
         885000	        87	00000000	00000013	addi	x0,x0,0	  x0:0x00000000
         895000	        88	80000154	00000013	addi	x0,x0,0	  x0:0x00000000
         905000	        89	80000158	fcdff1ef	jal	x3,80000158	  x3=0x80000158
         915000	        90	00000000	00000013	addi	x0,x0,0	  x0:0x00000000
         925000	        91	80000120	00000013	addi	x0,x0,0	  x0:0x00000000
         935000	        92	80000124	008000ef	jal	x1,80000124	  x1=0x80000124
         945000	        93	00000000	00000013	addi	x0,x0,0	  x0:0x00000000
         955000	        94	80000128	00000013	addi	x0,x0,0	  x0:0x00000000
         965000	        95	8000012c	0440036f	jal	x6,8000012c	  x6=0x8000012c
         975000	        96	00000000	00000013	addi	x0,x0,0	  x0:0x00000000
         985000	        97	8000016c	00000013	addi	x0,x0,0	  x0:0x00000000
         995000	        98	80000170	ff5ff0ef	jal	x1,80000170	  x1=0x80000170
        1005000	        99	00000000	00000013	addi	x0,x0,0	  x0:0x00000000
        1015000	       100	80000160	00000013	addi	x0,x0,0	  x0:0x00000000
        1025000	       101	80000164	fd5ff0ef	jal	x1,80000164	  x1=0x80000164
        1035000	       102	00000000	00000013	addi	x0,x0,0	  x0:0x00000000
        1045000	       103	80000134	00000013	addi	x0,x0,0	  x0:0x00000000
        1055000	       104	80000138	030000ef	jal	x1,80000138	  x1=0x80000138
        1065000	       105	00000000	00000013	addi	x0,x0,0	  x0:0x00000000
        1075000	       106	80000164	00000013	addi	x0,x0,0	  x0:0x00000000
        1085000	       107	80000168	fe9ff36f	jal	x6,80000168	  x6=0x80000168
        1095000	       108	00000000	00000013	addi	x0,x0,0	  x0:0x00000000
        1105000	       109	8000014c	00000013	addi	x0,x0,0	  x0:0x00000000
        1115000	       110	80000150	ff5ff0ef	jal	x1,80000150	  x1=0x80000150
        1125000	       111	00000000	00000013	addi	x0,x0,0	  x0:0x00000000
        1135000	       112	80000140	00000013	addi	x0,x0,0	  x0:0x00000000
        1145000	       113	80000144	fd1ff0ef	jal	x1,80000144	  x1=0x80000144
        1155000	       114	00000000	00000013	addi	x0,x0,0	  x0:0x00000000
        1165000	       115	80000110	00000013	addi	x0,x0,0	  x0:0x00000000
        1175000	       116	80000114	02c000ef	jal	x1,80000114	  x1=0x80000114
        1185000	       117	00000000	00000013	addi	x0,x0,0	  x0:0x00000000
        1195000	       118	8000013c	00000013	addi	x0,x0,0	  x0:0x00000000
        1205000	       119	80000140	fd1ff0ef	jal	x1,80000140	  x1=0x80000140
        1215000	       120	00000000	00000013	addi	x0,x0,0	  x0:0x00000000
        1225000	       121	8000010c	00000013	addi	x0,x0,0	  x0:0x00000000
        1235000	       122	80000110	044003ef	jal	x7,80000110	  x7=0x80000110
        1245000	       123	00000000	00000013	addi	x0,x0,0	  x0:0x00000000
        1255000	       124	80000150	00000013	addi	x0,x0,0	  x0:0x00000000
        1265000	       125	80000154	fcdff36f	jal	x6,80000154	  x6=0x80000154
        1275000	       126	00000000	00000013	addi	x0,x0,0	  x0:0x00000000
        1285000	       127	8000011c	00000013	addi	x0,x0,0	  x0:0x00000000
        1295000	       128	80000120	fedff0ef	jal	x1,80000120	  x1=0x80000120
        1305000	       129	00000000	00000013	addi	x0,x0,0	  x0:0x00000000
        1315000	       130	80000108	00000013	addi	x0,x0,0	  x0:0x00000000
        1325000	       131	8000010c	024000ef	jal	x1,8000010c	  x1=0x8000010c
        1335000	       132	00000000	00000013	addi	x0,x0,0	  x0:0x00000000
        1345000	       133	8000012c	00000013	addi	x0,x0,0	  x0:0x00000000
        1355000	       134	80000130	00c000ef	jal	x1,80000130	  x1=0x80000130
        1365000	       135	00000000	00000013	addi	x0,x0,0	  x0:0x00000000
        1375000	       136	80000138	00000013	addi	x0,x0,0	  x0:0x00000000
        1385000	       137	8000013c	fe1ff0ef	jal	x1,8000013c	  x1=0x8000013c
        1395000	       138	00000000	00000013	addi	x0,x0,0	  x0:0x00000000
        1405000	       139	80000118	00000013	addi	x0,x0,0	  x0:0x00000000
        1415000	       140	8000011c	018000ef	jal	x1,8000011c	  x1=0x8000011c
        1425000	       141	00000000	00000013	addi	x0,x0,0	  x0:0x00000000
        1435000	       142	80000130	00000013	addi	x0,x0,0	  x0:0x00000000
        1445000	       143	80000134	fe5ff0ef	jal	x1,80000134	  x1=0x80000134
        1455000	       144	00000000	00000013	addi	x0,x0,0	  x0:0x00000000
        1465000	       145	80000114	00000013	addi	x0,x0,0	  x0:0x00000000
        1475000	       146	80000118	0100016f	jal	x2,80000118	  x2=0x80000118
        1485000	       147	00000000	00000013	addi	x0,x0,0	  x0:0x00000000
        1495000	       148	80000124	00000013	addi	x0,x0,0	  x0:0x00000000
        1505000	       149	80000128	038000ef	jal	x1,80000128	  x1=0x80000128
        1515000	       150	00000000	00000013	addi	x0,x0,0	  x0:0x00000000
        1525000	       151	8000015c	00000013	addi	x0,x0,0	  x0:0x00000000
        1535000	       152	80000160	0140036f	jal	x6,80000160	  x6=0x80000160
        1545000	       153	00000000	00000013	addi	x0,x0,0	  x0:0x00000000
        1555000	       154	80000170	00000013	addi	x0,x0,0	  x0:0x00000000
        1565000	       155	80000174	01e4c6b3	xor	x13,x9,x30	  x9:0x00000005 x30:0x80000000 x13=0x80000005
        1575000	       156	80000178	004476b3	and	x13,x8,x4	  x8:0x80009fc4  x4:0xf7e3abe3 x13=0x80008bc0
        1585000	       157	8000017c	05e3de63	bge	x7,x30,800001d8	  x7:0x80000110 x30:0x80000000
        1595000	       158	00000000	00000013	addi	x0,x0,0	  x0:0x00000000
        1605000	       159	800001d4	00000013	addi	x0,x0,0	  x0:0x00000000
        1615000	       160	800001d8	01a97463	bgeu	x18,x26,800001e0	 x18:0x80000000 x26:0x00000000
        1625000	       161	00000000	00000013	addi	x0,x0,0	  x0:0x00000000
        1635000	       162	800001dc	00000013	addi	x0,x0,0	  x0:0x00000000
        1645000	       163	800001e0	92504e93	xori	x29,x0,-1755	  x0:0x00000000 x29=0xfffff925
        1655000	       164	800001e4	40118ab3	sub	x21,x3,x1	  x3:0x80000158  x1:0x80000128 x21=0x00000030
        1665000	       165	800001e8	41f2d493	srai	x9,x5,0x1f	  x5:0x80000000  x9=0xffffffff
        1675000	       166	800001ec	15f56b13	ori	x22,x10,351	 x10:0x00000004 x22=0x0000015f
        1685000	       167	800001f0	003a4e33	xor	x28,x20,x3	 x20:0x0000000f  x3:0x80000158 x28=0x80000157
        1695000	       168	800001f4	00bc8733	add	x14,x25,x11	 x25:0xcee485a1 x11:0x80000000 x14=0x4ee485a1
        1705000	       169	800001f8	00000013	addi	x0,x0,0	  x0:0x00000000
        1715000	       170	800001fc	40c15113	srai	x2,x2,0xc	  x2:0x80000118  x2=0xfff80000
        1725000	       171	80000200	000bfdb3	and	x27,x23,x0	 x23:0x00000001  x0:0x00000000 x27=0x00000000
        1735000	       172	80000204	64e37913	andi	x18,x6,1614	  x6:0x80000160 x18=0x00000040
        1745000	       173	80000208	ae4a8813	addi	x16,x21,-1308	 x21:0x00000030 x16=0xfffffb14
        1755000	       174	8000020c	5a5c6d93	ori	x27,x24,1445	 x24:0x80000108 x27=0x800005ad
        1765000	       175	80000210	01556463	bltu	x10,x21,80000218	 x10:0x00000004 x21:0x00000030
        1775000	       176	00000000	00000013	addi	x0,x0,0	  x0:0x00000000
        1785000	       177	80000214	00000013	addi	x0,x0,0	  x0:0x00000000
        1795000	       178	80000218	4009d693	srai	x13,x19,0x0	 x19:0x80009f84 x13=0x80009f84
        1805000	       179	8000021c	01b34263	blt	x6,x27,80000220	  x6:0x80000160 x27:0x800005ad
        1815000	       180	00000000	00000013	addi	x0,x0,0	  x0:0x00000000
        1825000	       181	8000021c	00000013	addi	x0,x0,0	  x0:0x00000000
        1835000	       182	80000220	03d0f463	bgeu	x1,x29,80000248	  x1:0x80000128 x29:0xfffff925
        1845000	       183	80000224	01823233	sltu	x4,x4,x24	  x4:0xf7e3abe3 x24:0x80000108  x4=0x00000000
        1855000	       184	80000228	00000013	addi	x0,x0,0	  x0:0x00000000
        1865000	       185	8000022c	0081f733	and	x14,x3,x8	  x3:0x80000158  x8:0x80009fc4 x14=0x80000140
        1875000	       186	80000230	01b02f33	slt	x30,x0,x27	  x0:0x00000000 x27:0x800005ad x30=0x00000000
        1885000	       187	80000234	70343b13	sltiu	x22,x8,1795	  x8:0x80009fc4 x22=0x00000000
        1895000	       188	80000238	40c087b3	sub	x15,x1,x12	  x1:0x80000128 x12:0xfbecd0df x15=0x84133049
        1905000	       189	8000023c	0805d463	bge	x11,x0,800002c4	 x11:0x80000000  x0:0x00000000
        1915000	       190	80000240	a2db3693	sltiu	x13,x22,-1491	 x22:0x00000000 x13=0x00000001
        1925000	       191	80000244	01361c33	sll	x24,x12,x19	 x12:0xfbecd0df x19:0x80009f84 x24=0xbecd0df0
        1935000	       192	80000248	00a85e63	bge	x16,x10,80000264	 x16:0xfffffb14 x10:0x00000004
        1945000	       193	8000024c	253dfe93	andi	x29,x27,595	 x27:0x800005ad x29=0x00000001
        1955000	       194	80000250	4023d0b3	sra	x1,x7,x2	  x7:0x80000110  x2:0xfff80000  x1=0x80000110
        1965000	       195	80000254	017b9e13	slli	x28,x23,0x17	 x23:0x00000001 x28=0x00800000
        1975000	       196	80000258	00000013	addi	x0,x0,0	  x0:0x00000000
        1985000	       197	8000025c	01ea8e33	add	x28,x21,x30	 x21:0x00000030 x30:0x00000000 x28=0x00000030
        1995000	       198	80000260	01d85263	bge	x16,x29,80000264	 x16:0xfffffb14 x29:0x00000001
        2005000	       199	80000264	04ea6463	bltu	x20,x14,800002ac	 x20:0x0000000f x14:0x80000140
        2015000	       200	00000000	00000013	addi	x0,x0,0	  x0:0x00000000
        2025000	       201	800002a8	00000013	addi	x0,x0,0	  x0:0x00000000
        2035000	       202	800002ac	01d15293	srli	x5,x2,0x1d	  x2:0xfff80000  x5=0x00000007
        2045000	       203	800002b0	53a6eb93	ori	x23,x13,1338	 x13:0x00000001 x23=0x0000053b
        2055000	       204	800002b4	594b2913	slti	x18,x22,1428	 x22:0x00000000 x18=0x00000001
        2065000	       205	800002b8	013cbab3	sltu	x21,x25,x19	 x25:0xcee485a1 x19:0x80009f84 x21=0x00000000
        2075000	       206	800002bc	0019d213	srli	x4,x19,0x1	 x19:0x80009f84  x4=0x40004fc2
        2085000	       207	800002c0	00425f13	srli	x30,x4,0x4	  x4:0x40004fc2 x30=0x040004fc
        2095000	       208	800002c4	004bf863	bgeu	x23,x4,800002d4	 x23:0x0000053b  x4:0x40004fc2
        2105000	       209	800002c8	40b408b3	sub	x17,x8,x11	  x8:0x80009fc4 x11:0x80000000 x17=0x00009fc4
        2115000	       210	800002cc	008c2333	slt	x6,x24,x8	 x24:0xbecd0df0  x8:0x80009fc4  x6=0x00000000
        2125000	       211	800002d0	00000013	addi	x0,x0,0	  x0:0x00000000
        2135000	       212	800002d4	0143de93	srli	x29,x7,0x14	  x7:0x80000110 x29=0x00000800
        2145000	       213	800002d8	00b93a33	sltu	x20,x18,x11	 x18:0x00000001 x11:0x80000000 x20=0x00000001
        2155000	       214	800002dc	01449e33	sll	x28,x9,x20	  x9:0xffffffff x20:0x00000001 x28=0xfffffffe
        2165000	       215	800002e0	002936b3	sltu	x13,x18,x2	 x18:0x00000001  x2:0xfff80000 x13=0x00000001
        2175000	       216	800002e4	01c3e733	or	x14,x7,x28	  x7:0x80000110 x28:0xfffffffe x14=0xfffffffe
        2185000	       217	800002e8	029f6263	bltu	x30,x9,8000030c	 x30:0x040004fc  x9:0xffffffff
        2195000	       218	00000000	00000013	addi	x0,x0,0	  x0:0x00000000
        2205000	       219	80000308	00000013	addi	x0,x0,0	  x0:0x00000000
        2215000	       220	8000030c	00681693	slli	x13,x16,0x6	 x16:0xfffffb14 x13=0xfffec500
        2225000	       221	80000310	002e17b3	sll	x15,x28,x2	 x28:0xfffffffe  x2:0xfff80000 x15=0xfffffffe
        2235000	       222	80000314	00f82e33	slt	x28,x16,x15	 x16:0xfffffb14 x15:0xfffffffe x28=0x00000001
        2245000	       223	80000318	00e75633	srl	x12,x14,x14	 x14:0xfffffffe x14:0xfffffffe x12=0x00000003
        2255000	       224	8000031c	a5443093	sltiu	x1,x8,-1452	  x8:0x80009fc4  x1=0x00000001
        2265000	       225	80000320	00fbd593	srli	x11,x23,0xf	 x23:0x0000053b x11=0x00000000
        2275000	       226	80000324	009bceb3	xor	x29,x23,x9	 x23:0x0000053b  x9:0xffffffff x29=0xfffffac4
        2285000	       227	80000328	00000c97	auipc	x25,0x0	 x25=0x80000324
        2295000	       228	8000032c	00cc8c93	addi	x25,x25,12	 x25:0x80000324 x25=0x80000330
        2305000	       229	80000330	000c8067	jalr	x0,x25,0	 x25:0x80000330
        2315000	       230	00000000	00000013	addi	x0,x0,0	  x0:0x00000000
        2325000	       231	80000330	00000013	addi	x0,x0,0	  x0:0x00000000
        2335000	       232	80000334	00100193	addi	x3,x0,1	  x0:0x00000000  x3=0x00000001
        2345000	       233	80000338	00000073	ecall	
        2355000	       234	8000033c	fc098993	addi	x19,x19,-64	 x19:0x80009f84 x19=0x80009f44
