		Time			Cycle	PC		Insn	Decoded instruction	Register and memory contents
          65000	         5	80000004	00000293	addi	x5,x0,0	  x0:0x00000000  x5=0x00000000
          75000	         6	80000008	00000313	addi	x6,x0,0	  x0:0x00000000  x6=0x00000000
          85000	         7	8000000c	00628263	beq	x5,x6,80000010	  x5:0x00000000  x6:0x00000000
          95000	         8	00000000	00000013	addi	x0,x0,0	  x0:0x00000000
         105000	         9	8000000c	00000013	addi	x0,x0,0	  x0:0x00000000
         115000	        10	80000010	00000d17	auipc	x26,0x0	 x26=0x8000000c
         125000	        11	80000014	00cd0d13	addi	x26,x26,12	 x26:0x8000000c x26=0x80000018
         135000	        12	80000018	000d0067	jalr	x0,x26,0	 x26:0x80000018
         145000	        13	00000000	00000013	addi	x0,x0,0	  x0:0x00000000
         155000	        14	80000018	00000013	addi	x0,x0,0	  x0:0x00000000
         165000	        15	8000001c	40000bb7	lui	x23,0x40000	 x23=0x40000000
         175000	        16	80000020	100b8b93	addi	x23,x23,256	 x23:0x40000000 x23=0x40000100
         185000	        17	80000024	00000013	addi	x0,x0,0	  x0:0x00000000
         195000	        18	80000028	0000a897	auipc	x17,0xa	 x17=0x8000a024
         205000	        19	8000002c	fa088893	addi	x17,x17,-96	 x17:0x8000a024 x17=0x80009fc4
         215000	        20	80000030	00004b97	auipc	x23,0x4	 x23=0x8000402c
         225000	        21	80000034	660b8b93	addi	x23,x23,1632	 x23:0x8000402c x23=0x8000468c
         235000	        22	80000038	000beb93	ori	x23,x23,0	 x23:0x8000468c x23=0x8000468c
         245000	        23	8000003c	00000013	addi	x0,x0,0	  x0:0x00000000
         255000	        24	80000040	00000b97	auipc	x23,0x0	 x23=0x8000003c
         265000	        25	80000044	020b8b93	addi	x23,x23,32	 x23:0x8000003c x23=0x8000005c
         275000	        26	80000048	00000013	addi	x0,x0,0	  x0:0x00000000
         285000	        27	8000004c	00000013	addi	x0,x0,0	  x0:0x00000000
         295000	        28	80000050	00002bb7	lui	x23,0x2	 x23=0x00002000
         305000	        29	80000054	800b8b93	addi	x23,x23,-2048	 x23:0x00002000 x23=0x00001800
         315000	        30	80000058	00000013	addi	x0,x0,0	  x0:0x00000000
         325000	        31	8000005c	00000013	addi	x0,x0,0	  x0:0x00000000
         335000	        32	80000060	e2731037	lui	x0,0xe2731	
         345000	        33	80000064	39400013	addi	x0,x0,916	  x0:0x00000000
         355000	        34	80000068	00000093	addi	x1,x0,0	  x0:0x00000000  x1=0x00000000
         365000	        35	8000006c	00000113	addi	x2,x0,0	  x0:0x00000000  x2=0x00000000
         375000	        36	80000070	2979c1b7	lui	x3,0x2979c	  x3=0x2979c000
         385000	        37	80000074	10918193	addi	x3,x3,265	  x3:0x2979c000  x3=0x2979c109
         395000	        38	80000078	00000213	addi	x4,x0,0	  x0:0x00000000  x4=0x00000000
         405000	        39	8000007c	80000337	lui	x6,0x80000	  x6=0x80000000
         415000	        40	80000080	00000393	addi	x7,x0,0	  x0:0x00000000  x7=0x00000000
         425000	        41	80000084	00000413	addi	x8,x0,0	  x0:0x00000000  x8=0x00000000
         435000	        42	80000088	00000493	addi	x9,x0,0	  x0:0x00000000  x9=0x00000000
         445000	        43	8000008c	00000513	addi	x10,x0,0	  x0:0x00000000 x10=0x00000000
         455000	        44	80000090	f53595b7	lui	x11,0xf5359	 x11=0xf5359000
         465000	        45	80000094	08258593	addi	x11,x11,130	 x11:0xf5359000 x11=0xf5359082
         475000	        46	80000098	f4762637	lui	x12,0xf4762	 x12=0xf4762000
         485000	        47	8000009c	bdb60613	addi	x12,x12,-1061	 x12:0xf4762000 x12=0xf4761bdb
         495000	        48	800000a0	800006b7	lui	x13,0x80000	 x13=0x80000000
         505000	        49	800000a4	00000713	addi	x14,x0,0	  x0:0x00000000 x14=0x00000000
         515000	        50	800000a8	f84837b7	lui	x15,0xf8483	 x15=0xf8483000
         525000	        51	800000ac	fc578793	addi	x15,x15,-59	 x15:0xf8483000 x15=0xf8482fc5
         535000	        52	800000b0	7440c837	lui	x16,0x7440c	 x16=0x7440c000
         545000	        53	800000b4	ff680813	addi	x16,x16,-10	 x16:0x7440c000 x16=0x7440bff6
         555000	        54	800000b8	00a00913	addi	x18,x0,10	  x0:0x00000000 x18=0x0000000a
         565000	        55	800000bc	fbada9b7	lui	x19,0xfbada	 x19=0xfbada000
         575000	        56	800000c0	88a98993	addi	x19,x19,-1910	 x19:0xfbada000 x19=0xfbad988a
         585000	        57	800000c4	00b00a13	addi	x20,x0,11	  x0:0x00000000 x20=0x0000000b
         595000	        58	800000c8	00000a93	addi	x21,x0,0	  x0:0x00000000 x21=0x00000000
         605000	        59	800000cc	a8639b37	lui	x22,0xa8639	 x22=0xa8639000
         615000	        60	800000d0	92ab0b13	addi	x22,x22,-1750	 x22:0xa8639000 x22=0xa863892a
         625000	        61	800000d4	00000b93	addi	x23,x0,0	  x0:0x00000000 x23=0x00000000
         635000	        62	800000d8	00100c13	addi	x24,x0,1	  x0:0x00000000 x24=0x00000001
         645000	        63	800000dc	00000c93	addi	x25,x0,0	  x0:0x00000000 x25=0x00000000
         655000	        64	800000e0	80000d37	lui	x26,0x80000	 x26=0x80000000
         665000	        65	800000e4	00000d93	addi	x27,x0,0	  x0:0x00000000 x27=0x00000000
         675000	        66	800000e8	00400e13	addi	x28,x0,4	  x0:0x00000000 x28=0x00000004
         685000	        67	800000ec	00600e93	addi	x29,x0,6	  x0:0x00000000 x29=0x00000006
         695000	        68	800000f0	80000f37	lui	x30,0x80000	 x30=0x80000000
         705000	        69	800000f4	00000f93	addi	x31,x0,0	  x0:0x00000000 x31=0x00000000
         715000	        70	800000f8	0000a297	auipc	x5,0xa	  x5=0x8000a0f4
         725000	        71	800000fc	e9028293	addi	x5,x5,-368	  x5:0x8000a0f4  x5=0x80009f84
         735000	        72	80000100	0300036f	jal	x6,80000100	  x6=0x80000100
         745000	        73	00000000	00000013	addi	x0,x0,0	  x0:0x00000000
         755000	        74	8000012c	00000013	addi	x0,x0,0	  x0:0x00000000
         765000	        75	80000130	fddff36f	jal	x6,80000130	  x6=0x80000130
         775000	        76	00000000	00000013	addi	x0,x0,0	  x0:0x00000000
         785000	        77	80000108	00000013	addi	x0,x0,0	  x0:0x00000000
         795000	        78	8000010c	0380036f	jal	x6,8000010c	  x6=0x8000010c
         805000	        79	00000000	00000013	addi	x0,x0,0	  x0:0x00000000
         815000	        80	80000140	00000013	addi	x0,x0,0	  x0:0x00000000
         825000	        81	80000144	fc1ff36f	jal	x6,80000144	  x6=0x80000144
         835000	        82	00000000	00000013	addi	x0,x0,0	  x0:0x00000000
         845000	        83	80000100	00000013	addi	x0,x0,0	  x0:0x00000000
         855000	        84	80000104	03c000ef	jal	x1,80000104	  x1=0x80000104
         865000	        85	00000000	00000013	addi	x0,x0,0	  x0:0x00000000
         875000	        86	8000013c	00000013	addi	x0,x0,0	  x0:0x00000000
         885000	        87	80000140	fd9ff0ef	jal	x1,80000140	  x1=0x80000140
         895000	        88	00000000	00000013	addi	x0,x0,0	  x0:0x00000000
         905000	        89	80000114	00000013	addi	x0,x0,0	  x0:0x00000000
         915000	        90	80000118	02400cef	jal	x25,80000118	 x25=0x80000118
         925000	        91	00000000	00000013	addi	x0,x0,0	  x0:0x00000000
         935000	        92	80000138	00000013	addi	x0,x0,0	  x0:0x00000000
         945000	        93	8000013c	ff1ff0ef	jal	x1,8000013c	  x1=0x8000013c
         955000	        94	00000000	00000013	addi	x0,x0,0	  x0:0x00000000
         965000	        95	80000128	00000013	addi	x0,x0,0	  x0:0x00000000
         975000	        96	8000012c	03c000ef	jal	x1,8000012c	  x1=0x8000012c
         985000	        97	00000000	00000013	addi	x0,x0,0	  x0:0x00000000
         995000	        98	80000164	00000013	addi	x0,x0,0	  x0:0x00000000
        1005000	        99	80000168	ff5ff0ef	jal	x1,80000168	  x1=0x80000168
        1015000	       100	00000000	00000013	addi	x0,x0,0	  x0:0x00000000
        1025000	       101	80000158	00000013	addi	x0,x0,0	  x0:0x00000000
        1035000	       102	8000015c	fc9ff36f	jal	x6,8000015c	  x6=0x8000015c
        1045000	       103	00000000	00000013	addi	x0,x0,0	  x0:0x00000000
        1055000	       104	80000120	00000013	addi	x0,x0,0	  x0:0x00000000
        1065000	       105	80000124	ff1ff36f	jal	x6,80000124	  x6=0x80000124
        1075000	       106	00000000	00000013	addi	x0,x0,0	  x0:0x00000000
        1085000	       107	80000110	00000013	addi	x0,x0,0	  x0:0x00000000
        1095000	       108	80000114	03c0036f	jal	x6,80000114	  x6=0x80000114
        1105000	       109	00000000	00000013	addi	x0,x0,0	  x0:0x00000000
        1115000	       110	8000014c	00000013	addi	x0,x0,0	  x0:0x00000000
        1125000	       111	80000150	004000ef	jal	x1,80000150	  x1=0x80000150
        1135000	       112	00000000	00000013	addi	x0,x0,0	  x0:0x00000000
        1145000	       113	80000150	00000013	addi	x0,x0,0	  x0:0x00000000
        1155000	       114	80000154	00c0036f	jal	x6,80000154	  x6=0x80000154
        1165000	       115	00000000	00000013	addi	x0,x0,0	  x0:0x00000000
        1175000	       116	8000015c	00000013	addi	x0,x0,0	  x0:0x00000000
        1185000	       117	80000160	fd9ff16f	jal	x2,80000160	  x2=0x80000160
        1195000	       118	00000000	00000013	addi	x0,x0,0	  x0:0x00000000
        1205000	       119	80000134	00000013	addi	x0,x0,0	  x0:0x00000000
        1215000	       120	80000138	0340036f	jal	x6,80000138	  x6=0x80000138
        1225000	       121	00000000	00000013	addi	x0,x0,0	  x0:0x00000000
        1235000	       122	80000168	00000013	addi	x0,x0,0	  x0:0x00000000
        1245000	       123	8000016c	fa5ff36f	jal	x6,8000016c	  x6=0x8000016c
        1255000	       124	00000000	00000013	addi	x0,x0,0	  x0:0x00000000
        1265000	       125	8000010c	00000013	addi	x0,x0,0	  x0:0x00000000
        1275000	       126	80000110	04800fef	jal	x31,80000110	 x31=0x80000110
        1285000	       127	00000000	00000013	addi	x0,x0,0	  x0:0x00000000
        1295000	       128	80000154	00000013	addi	x0,x0,0	  x0:0x00000000
        1305000	       129	80000158	fd1ffbef	jal	x23,80000158	 x23=0x80000158
        1315000	       130	00000000	00000013	addi	x0,x0,0	  x0:0x00000000
        1325000	       131	80000124	00000013	addi	x0,x0,0	  x0:0x00000000
        1335000	       132	80000128	fe1ffc6f	jal	x24,80000128	 x24=0x80000128
        1345000	       133	00000000	00000013	addi	x0,x0,0	  x0:0x00000000
        1355000	       134	80000104	00000013	addi	x0,x0,0	  x0:0x00000000
        1365000	       135	80000108	0440096f	jal	x18,80000108	 x18=0x80000108
        1375000	       136	00000000	00000013	addi	x0,x0,0	  x0:0x00000000
        1385000	       137	80000148	00000013	addi	x0,x0,0	  x0:0x00000000
        1395000	       138	8000014c	fd1ff0ef	jal	x1,8000014c	  x1=0x8000014c
        1405000	       139	00000000	00000013	addi	x0,x0,0	  x0:0x00000000
        1415000	       140	80000118	00000013	addi	x0,x0,0	  x0:0x00000000
        1425000	       141	8000011c	02c000ef	jal	x1,8000011c	  x1=0x8000011c
        1435000	       142	00000000	00000013	addi	x0,x0,0	  x0:0x00000000
        1445000	       143	80000144	00000013	addi	x0,x0,0	  x0:0x00000000
        1455000	       144	80000148	01c0036f	jal	x6,80000148	  x6=0x80000148
        1465000	       145	00000000	00000013	addi	x0,x0,0	  x0:0x00000000
        1475000	       146	80000160	00000013	addi	x0,x0,0	  x0:0x00000000
        1485000	       147	80000164	fd1ff0ef	jal	x1,80000164	  x1=0x80000164
        1495000	       148	00000000	00000013	addi	x0,x0,0	  x0:0x00000000
        1505000	       149	80000130	00000013	addi	x0,x0,0	  x0:0x00000000
        1515000	       150	80000134	fedff0ef	jal	x1,80000134	  x1=0x80000134
        1525000	       151	00000000	00000013	addi	x0,x0,0	  x0:0x00000000
        1535000	       152	8000011c	00000013	addi	x0,x0,0	  x0:0x00000000
        1545000	       153	80000120	0500036f	jal	x6,80000120	  x6=0x80000120
        1555000	       154	00000000	00000013	addi	x0,x0,0	  x0:0x00000000
        1565000	       155	8000016c	00000013	addi	x0,x0,0	  x0:0x00000000
        1575000	       156	80000170	3faf2e13	slti	x28,x30,1018	 x30:0x80000000 x28=0x00000001
        1585000	       157	80000174	0440036f	jal	x6,80000174	  x6=0x80000174
        1595000	       158	00000000	00000013	addi	x0,x0,0	  x0:0x00000000
        1605000	       159	800001b4	00000013	addi	x0,x0,0	  x0:0x00000000
        1615000	       160	800001b8	fe1ff16f	jal	x2,800001b8	  x2=0x800001b8
        1625000	       161	00000000	00000013	addi	x0,x0,0	  x0:0x00000000
        1635000	       162	80000194	00000013	addi	x0,x0,0	  x0:0x00000000
        1645000	       163	80000198	03000eef	jal	x29,80000198	 x29=0x80000198
        1655000	       164	00000000	00000013	addi	x0,x0,0	  x0:0x00000000
        1665000	       165	800001c4	00000013	addi	x0,x0,0	  x0:0x00000000
        1675000	       166	800001c8	fd9ff0ef	jal	x1,800001c8	  x1=0x800001c8
        1685000	       167	00000000	00000013	addi	x0,x0,0	  x0:0x00000000
        1695000	       168	8000019c	00000013	addi	x0,x0,0	  x0:0x00000000
        1705000	       169	800001a0	fd9ff0ef	jal	x1,800001a0	  x1=0x800001a0
        1715000	       170	00000000	00000013	addi	x0,x0,0	  x0:0x00000000
        1725000	       171	80000174	00000013	addi	x0,x0,0	  x0:0x00000000
        1735000	       172	80000178	03000bef	jal	x23,80000178	 x23=0x80000178
        1745000	       173	00000000	00000013	addi	x0,x0,0	  x0:0x00000000
        1755000	       174	800001a4	00000013	addi	x0,x0,0	  x0:0x00000000
        1765000	       175	800001a8	fedff0ef	jal	x1,800001a8	  x1=0x800001a8
        1775000	       176	00000000	00000013	addi	x0,x0,0	  x0:0x00000000
        1785000	       177	80000190	00000013	addi	x0,x0,0	  x0:0x00000000
        1795000	       178	80000194	ff1ff1ef	jal	x3,80000194	  x3=0x80000194
        1805000	       179	00000000	00000013	addi	x0,x0,0	  x0:0x00000000
        1815000	       180	80000180	00000013	addi	x0,x0,0	  x0:0x00000000
        1825000	       181	80000184	0500036f	jal	x6,80000184	  x6=0x80000184
        1835000	       182	00000000	00000013	addi	x0,x0,0	  x0:0x00000000
        1845000	       183	800001d0	00000013	addi	x0,x0,0	  x0:0x00000000
        1855000	       184	800001d4	fd9ff0ef	jal	x1,800001d4	  x1=0x800001d4
        1865000	       185	00000000	00000013	addi	x0,x0,0	  x0:0x00000000
        1875000	       186	800001a8	00000013	addi	x0,x0,0	  x0:0x00000000
        1885000	       187	800001ac	024000ef	jal	x1,800001ac	  x1=0x800001ac
        1895000	       188	00000000	00000013	addi	x0,x0,0	  x0:0x00000000
        1905000	       189	800001cc	00000013	addi	x0,x0,0	  x0:0x00000000
        1915000	       190	800001d0	ff5ff0ef	jal	x1,800001d0	  x1=0x800001d0
        1925000	       191	00000000	00000013	addi	x0,x0,0	  x0:0x00000000
        1935000	       192	800001c0	00000013	addi	x0,x0,0	  x0:0x00000000
        1945000	       193	800001c4	014000ef	jal	x1,800001c4	  x1=0x800001c4
        1955000	       194	00000000	00000013	addi	x0,x0,0	  x0:0x00000000
        1965000	       195	800001d4	00000013	addi	x0,x0,0	  x0:0x00000000
        1975000	       196	800001d8	fe5ff0ef	jal	x1,800001d8	  x1=0x800001d8
        1985000	       197	00000000	00000013	addi	x0,x0,0	  x0:0x00000000
        1995000	       198	800001b8	00000013	addi	x0,x0,0	  x0:0x00000000
        2005000	       199	800001bc	fc1ff0ef	jal	x1,800001bc	  x1=0x800001bc
        2015000	       200	00000000	00000013	addi	x0,x0,0	  x0:0x00000000
        2025000	       201	80000178	00000013	addi	x0,x0,0	  x0:0x00000000
        2035000	       202	8000017c	038000ef	jal	x1,8000017c	  x1=0x8000017c
        2045000	       203	00000000	00000013	addi	x0,x0,0	  x0:0x00000000
        2055000	       204	800001b0	00000013	addi	x0,x0,0	  x0:0x00000000
        2065000	       205	800001b4	fd5ff36f	jal	x6,800001b4	  x6=0x800001b4
        2075000	       206	00000000	00000013	addi	x0,x0,0	  x0:0x00000000
        2085000	       207	80000184	00000013	addi	x0,x0,0	  x0:0x00000000
        2095000	       208	80000188	01c0036f	jal	x6,80000188	  x6=0x80000188
        2105000	       209	00000000	00000013	addi	x0,x0,0	  x0:0x00000000
        2115000	       210	800001a0	00000013	addi	x0,x0,0	  x0:0x00000000
        2125000	       211	800001a4	00c000ef	jal	x1,800001a4	  x1=0x800001a4
        2135000	       212	00000000	00000013	addi	x0,x0,0	  x0:0x00000000
        2145000	       213	800001ac	00000013	addi	x0,x0,0	  x0:0x00000000
        2155000	       214	800001b0	01c000ef	jal	x1,800001b0	  x1=0x800001b0
        2165000	       215	00000000	00000013	addi	x0,x0,0	  x0:0x00000000
        2175000	       216	800001c8	00000013	addi	x0,x0,0	  x0:0x00000000
        2185000	       217	800001cc	ff5ff0ef	jal	x1,800001cc	  x1=0x800001cc
        2195000	       218	00000000	00000013	addi	x0,x0,0	  x0:0x00000000
        2205000	       219	800001bc	00000013	addi	x0,x0,0	  x0:0x00000000
        2215000	       220	800001c0	fc1ff0ef	jal	x1,800001c0	  x1=0x800001c0
        2225000	       221	00000000	00000013	addi	x0,x0,0	  x0:0x00000000
        2235000	       222	8000017c	00000013	addi	x0,x0,0	  x0:0x00000000
        2245000	       223	80000180	01c0036f	jal	x6,80000180	  x6=0x80000180
        2255000	       224	00000000	00000013	addi	x0,x0,0	  x0:0x00000000
        2265000	       225	80000198	00000013	addi	x0,x0,0	  x0:0x00000000
        2275000	       226	8000019c	ff5ffdef	jal	x27,8000019c	 x27=0x8000019c
        2285000	       227	00000000	00000013	addi	x0,x0,0	  x0:0x00000000
        2295000	       228	8000018c	00000013	addi	x0,x0,0	  x0:0x00000000
        2305000	       229	80000190	ffdff0ef	jal	x1,80000190	  x1=0x80000190
        2315000	       230	00000000	00000013	addi	x0,x0,0	  x0:0x00000000
        2325000	       231	80000188	00000013	addi	x0,x0,0	  x0:0x00000000
        2335000	       232	8000018c	05000e6f	jal	x28,8000018c	 x28=0x8000018c
        2345000	       233	00000000	00000013	addi	x0,x0,0	  x0:0x00000000
        2355000	       234	800001d8	00000013	addi	x0,x0,0	  x0:0x00000000
        2365000	       235	800001dc	97c24813	xori	x16,x4,-1668	  x4:0x00000000 x16=0xfffff97c
        2375000	       236	800001e0	01c0036f	jal	x6,800001e0	  x6=0x800001e0
        2385000	       237	00000000	00000013	addi	x0,x0,0	  x0:0x00000000
        2395000	       238	800001f8	00000013	addi	x0,x0,0	  x0:0x00000000
        2405000	       239	800001fc	004000ef	jal	x1,800001fc	  x1=0x800001fc
        2415000	       240	00000000	00000013	addi	x0,x0,0	  x0:0x00000000
        2425000	       241	800001fc	00000013	addi	x0,x0,0	  x0:0x00000000
        2435000	       242	80000200	014000ef	jal	x1,80000200	  x1=0x80000200
        2445000	       243	00000000	00000013	addi	x0,x0,0	  x0:0x00000000
        2455000	       244	80000210	00000013	addi	x0,x0,0	  x0:0x00000000
        2465000	       245	80000214	014000ef	jal	x1,80000214	  x1=0x80000214
        2475000	       246	00000000	00000013	addi	x0,x0,0	  x0:0x00000000
        2485000	       247	80000224	00000013	addi	x0,x0,0	  x0:0x00000000
        2495000	       248	80000228	fe9ff0ef	jal	x1,80000228	  x1=0x80000228
        2505000	       249	00000000	00000013	addi	x0,x0,0	  x0:0x00000000
        2515000	       250	8000020c	00000013	addi	x0,x0,0	  x0:0x00000000
        2525000	       251	80000210	fd9ff0ef	jal	x1,80000210	  x1=0x80000210
        2535000	       252	00000000	00000013	addi	x0,x0,0	  x0:0x00000000
        2545000	       253	800001e4	00000013	addi	x0,x0,0	  x0:0x00000000
        2555000	       254	800001e8	030009ef	jal	x19,800001e8	 x19=0x800001e8
        2565000	       255	00000000	00000013	addi	x0,x0,0	  x0:0x00000000
        2575000	       256	80000214	00000013	addi	x0,x0,0	  x0:0x00000000
        2585000	       257	80000218	fddff7ef	jal	x15,80000218	 x15=0x80000218
        2595000	       258	00000000	00000013	addi	x0,x0,0	  x0:0x00000000
        2605000	       259	800001f0	00000013	addi	x0,x0,0	  x0:0x00000000
        2615000	       260	800001f4	0180036f	jal	x6,800001f4	  x6=0x800001f4
        2625000	       261	00000000	00000013	addi	x0,x0,0	  x0:0x00000000
        2635000	       262	80000208	00000013	addi	x0,x0,0	  x0:0x00000000
        2645000	       263	8000020c	01800e6f	jal	x28,8000020c	 x28=0x8000020c
        2655000	       264	00000000	00000013	addi	x0,x0,0	  x0:0x00000000
        2665000	       265	80000220	00000013	addi	x0,x0,0	  x0:0x00000000
        2675000	       266	80000224	ff9ff0ef	jal	x1,80000224	  x1=0x80000224
        2685000	       267	00000000	00000013	addi	x0,x0,0	  x0:0x00000000
        2695000	       268	80000218	00000013	addi	x0,x0,0	  x0:0x00000000
        2705000	       269	8000021c	fd1ff1ef	jal	x3,8000021c	  x3=0x8000021c
        2715000	       270	00000000	00000013	addi	x0,x0,0	  x0:0x00000000
        2725000	       271	800001e8	00000013	addi	x0,x0,0	  x0:0x00000000
        2735000	       272	800001ec	ff9ff0ef	jal	x1,800001ec	  x1=0x800001ec
        2745000	       273	00000000	00000013	addi	x0,x0,0	  x0:0x00000000
        2755000	       274	800001e0	00000013	addi	x0,x0,0	  x0:0x00000000
        2765000	       275	800001e4	0240036f	jal	x6,800001e4	  x6=0x800001e4
        2775000	       276	00000000	00000013	addi	x0,x0,0	  x0:0x00000000
        2785000	       277	80000204	00000013	addi	x0,x0,0	  x0:0x00000000
        2795000	       278	80000208	0180036f	jal	x6,80000208	  x6=0x80000208
        2805000	       279	00000000	00000013	addi	x0,x0,0	  x0:0x00000000
        2815000	       280	8000021c	00000013	addi	x0,x0,0	  x0:0x00000000
        2825000	       281	80000220	fd9ffc6f	jal	x24,80000220	 x24=0x80000220
        2835000	       282	00000000	00000013	addi	x0,x0,0	  x0:0x00000000
        2845000	       283	800001f4	00000013	addi	x0,x0,0	  x0:0x00000000
        2855000	       284	800001f8	00c007ef	jal	x15,800001f8	 x15=0x800001f8
        2865000	       285	00000000	00000013	addi	x0,x0,0	  x0:0x00000000
        2875000	       286	80000200	00000013	addi	x0,x0,0	  x0:0x00000000
        2885000	       287	80000204	fedff0ef	jal	x1,80000204	  x1=0x80000204
        2895000	       288	00000000	00000013	addi	x0,x0,0	  x0:0x00000000
        2905000	       289	800001ec	00000013	addi	x0,x0,0	  x0:0x00000000
        2915000	       290	800001f0	03c0036f	jal	x6,800001f0	  x6=0x800001f0
        2925000	       291	00000000	00000013	addi	x0,x0,0	  x0:0x00000000
        2935000	       292	80000228	00000013	addi	x0,x0,0	  x0:0x00000000
        2945000	       293	8000022c	a91f3693	sltiu	x13,x30,-1391	 x30:0x80000000 x13=0x00000001
        2955000	       294	80000230	0180036f	jal	x6,80000230	  x6=0x80000230
        2965000	       295	00000000	00000013	addi	x0,x0,0	  x0:0x00000000
        2975000	       296	80000244	00000013	addi	x0,x0,0	  x0:0x00000000
        2985000	       297	80000248	ff5ffdef	jal	x27,80000248	 x27=0x80000248
        2995000	       298	00000000	00000013	addi	x0,x0,0	  x0:0x00000000
        3005000	       299	80000238	00000013	addi	x0,x0,0	  x0:0x00000000
        3015000	       300	8000023c	0100096f	jal	x18,8000023c	 x18=0x8000023c
        3025000	       301	00000000	00000013	addi	x0,x0,0	  x0:0x00000000
        3035000	       302	80000248	00000013	addi	x0,x0,0	  x0:0x00000000
        3045000	       303	8000024c	034000ef	jal	x1,8000024c	  x1=0x8000024c
        3055000	       304	00000000	00000013	addi	x0,x0,0	  x0:0x00000000
        3065000	       305	8000027c	00000013	addi	x0,x0,0	  x0:0x00000000
        3075000	       306	80000280	01c000ef	jal	x1,80000280	  x1=0x80000280
        3085000	       307	00000000	00000013	addi	x0,x0,0	  x0:0x00000000
        3095000	       308	80000298	00000013	addi	x0,x0,0	  x0:0x00000000
        3105000	       309	8000029c	fa9ff36f	jal	x6,8000029c	  x6=0x8000029c
        3115000	       310	00000000	00000013	addi	x0,x0,0	  x0:0x00000000
        3125000	       311	80000240	00000013	addi	x0,x0,0	  x0:0x00000000
        3135000	       312	80000244	01c001ef	jal	x3,80000244	  x3=0x80000244
        3145000	       313	00000000	00000013	addi	x0,x0,0	  x0:0x00000000
        3155000	       314	8000025c	00000013	addi	x0,x0,0	  x0:0x00000000
        3165000	       315	80000260	02c000ef	jal	x1,80000260	  x1=0x80000260
        3175000	       316	00000000	00000013	addi	x0,x0,0	  x0:0x00000000
        3185000	       317	80000288	00000013	addi	x0,x0,0	  x0:0x00000000
        3195000	       318	8000028c	fe5ff36f	jal	x6,8000028c	  x6=0x8000028c
        3205000	       319	00000000	00000013	addi	x0,x0,0	  x0:0x00000000
        3215000	       320	8000026c	00000013	addi	x0,x0,0	  x0:0x00000000
        3225000	       321	80000270	fc9ff0ef	jal	x1,80000270	  x1=0x80000270
        3235000	       322	00000000	00000013	addi	x0,x0,0	  x0:0x00000000
        3245000	       323	80000234	00000013	addi	x0,x0,0	  x0:0x00000000
        3255000	       324	80000238	05c0026f	jal	x4,80000238	  x4=0x80000238
        3265000	       325	00000000	00000013	addi	x0,x0,0	  x0:0x00000000
        3275000	       326	80000290	00000013	addi	x0,x0,0	  x0:0x00000000
        3285000	       327	80000294	ff5ff0ef	jal	x1,80000294	  x1=0x80000294
        3295000	       328	00000000	00000013	addi	x0,x0,0	  x0:0x00000000
        3305000	       329	80000284	00000013	addi	x0,x0,0	  x0:0x00000000
        3315000	       330	80000288	fe1ff0ef	jal	x1,80000288	  x1=0x80000288
        3325000	       331	00000000	00000013	addi	x0,x0,0	  x0:0x00000000
        3335000	       332	80000264	00000013	addi	x0,x0,0	  x0:0x00000000
        3345000	       333	80000268	0300036f	jal	x6,80000268	  x6=0x80000268
        3355000	       334	00000000	00000013	addi	x0,x0,0	  x0:0x00000000
        3365000	       335	80000294	00000013	addi	x0,x0,0	  x0:0x00000000
        3375000	       336	80000298	fbdff0ef	jal	x1,80000298	  x1=0x80000298
        3385000	       337	00000000	00000013	addi	x0,x0,0	  x0:0x00000000
        3395000	       338	80000250	00000013	addi	x0,x0,0	  x0:0x00000000
        3405000	       339	80000254	050000ef	jal	x1,80000254	  x1=0x80000254
        3415000	       340	00000000	00000013	addi	x0,x0,0	  x0:0x00000000
        3425000	       341	800002a0	00000013	addi	x0,x0,0	  x0:0x00000000
        3435000	       342	800002a4	f91ff36f	jal	x6,800002a4	  x6=0x800002a4
        3445000	       343	00000000	00000013	addi	x0,x0,0	  x0:0x00000000
        3455000	       344	80000230	00000013	addi	x0,x0,0	  x0:0x00000000
        3465000	       345	80000234	00c000ef	jal	x1,80000234	  x1=0x80000234
        3475000	       346	00000000	00000013	addi	x0,x0,0	  x0:0x00000000
        3485000	       347	8000023c	00000013	addi	x0,x0,0	  x0:0x00000000
        3495000	       348	80000240	0500016f	jal	x2,80000240	  x2=0x80000240
        3505000	       349	00000000	00000013	addi	x0,x0,0	  x0:0x00000000
        3515000	       350	8000028c	00000013	addi	x0,x0,0	  x0:0x00000000
        3525000	       351	80000290	010000ef	jal	x1,80000290	  x1=0x80000290
        3535000	       352	00000000	00000013	addi	x0,x0,0	  x0:0x00000000
        3545000	       353	8000029c	00000013	addi	x0,x0,0	  x0:0x00000000
        3555000	       354	800002a0	fddff1ef	jal	x3,800002a0	  x3=0x800002a0
        3565000	       355	00000000	00000013	addi	x0,x0,0	  x0:0x00000000
        3575000	       356	80000278	00000013	addi	x0,x0,0	  x0:0x00000000
        3585000	       357	8000027c	ff9ff36f	jal	x6,8000027c	  x6=0x8000027c
        3595000	       358	00000000	00000013	addi	x0,x0,0	  x0:0x00000000
        3605000	       359	80000270	00000013	addi	x0,x0,0	  x0:0x00000000
        3615000	       360	80000274	fe9ff0ef	jal	x1,80000274	  x1=0x80000274
        3625000	       361	00000000	00000013	addi	x0,x0,0	  x0:0x00000000
        3635000	       362	80000258	00000013	addi	x0,x0,0	  x0:0x00000000
        3645000	       363	8000025c	ff5ff0ef	jal	x1,8000025c	  x1=0x8000025c
        3655000	       364	00000000	00000013	addi	x0,x0,0	  x0:0x00000000
        3665000	       365	8000024c	00000013	addi	x0,x0,0	  x0:0x00000000
        3675000	       366	80000250	01c001ef	jal	x3,80000250	  x3=0x80000250
        3685000	       367	00000000	00000013	addi	x0,x0,0	  x0:0x00000000
        3695000	       368	80000268	00000013	addi	x0,x0,0	  x0:0x00000000
        3705000	       369	8000026c	fedff0ef	jal	x1,8000026c	  x1=0x8000026c
        3715000	       370	00000000	00000013	addi	x0,x0,0	  x0:0x00000000
        3725000	       371	80000254	00000013	addi	x0,x0,0	  x0:0x00000000
        3735000	       372	80000258	02c0036f	jal	x6,80000258	  x6=0x80000258
        3745000	       373	00000000	00000013	addi	x0,x0,0	  x0:0x00000000
        3755000	       374	80000280	00000013	addi	x0,x0,0	  x0:0x00000000
        3765000	       375	80000284	fe1ff0ef	jal	x1,80000284	  x1=0x80000284
        3775000	       376	00000000	00000013	addi	x0,x0,0	  x0:0x00000000
        3785000	       377	80000260	00000013	addi	x0,x0,0	  x0:0x00000000
        3795000	       378	80000264	014000ef	jal	x1,80000264	  x1=0x80000264
        3805000	       379	00000000	00000013	addi	x0,x0,0	  x0:0x00000000
        3815000	       380	80000274	00000013	addi	x0,x0,0	  x0:0x00000000
        3825000	       381	80000278	030000ef	jal	x1,80000278	  x1=0x80000278
        3835000	       382	00000000	00000013	addi	x0,x0,0	  x0:0x00000000
        3845000	       383	800002a4	00000013	addi	x0,x0,0	  x0:0x00000000
        3855000	       384	800002a8	3f79d937	lui	x18,0x3f79d	 x18=0x3f79d000
        3865000	       385	800002ac	0540036f	jal	x6,800002ac	  x6=0x800002ac
        3875000	       386	00000000	00000013	addi	x0,x0,0	  x0:0x00000000
        3885000	       387	800002fc	00000013	addi	x0,x0,0	  x0:0x00000000
        3895000	       388	80000300	fbdff1ef	jal	x3,80000300	  x3=0x80000300
        3905000	       389	00000000	00000013	addi	x0,x0,0	  x0:0x00000000
        3915000	       390	800002b8	00000013	addi	x0,x0,0	  x0:0x00000000
        3925000	       391	800002bc	ff9ff0ef	jal	x1,800002bc	  x1=0x800002bc
        3935000	       392	00000000	00000013	addi	x0,x0,0	  x0:0x00000000
        3945000	       393	800002b0	00000013	addi	x0,x0,0	  x0:0x00000000
        3955000	       394	800002b4	020000ef	jal	x1,800002b4	  x1=0x800002b4
        3965000	       395	00000000	00000013	addi	x0,x0,0	  x0:0x00000000
        3975000	       396	800002d0	00000013	addi	x0,x0,0	  x0:0x00000000
        3985000	       397	800002d4	0180036f	jal	x6,800002d4	  x6=0x800002d4
        3995000	       398	00000000	00000013	addi	x0,x0,0	  x0:0x00000000
        4005000	       399	800002e8	00000013	addi	x0,x0,0	  x0:0x00000000
        4015000	       400	800002ec	00c0026f	jal	x4,800002ec	  x4=0x800002ec
        4025000	       401	00000000	00000013	addi	x0,x0,0	  x0:0x00000000
        4035000	       402	800002f4	00000013	addi	x0,x0,0	  x0:0x00000000
        4045000	       403	800002f8	fb9ff0ef	jal	x1,800002f8	  x1=0x800002f8
        4055000	       404	00000000	00000013	addi	x0,x0,0	  x0:0x00000000
        4065000	       405	800002ac	00000013	addi	x0,x0,0	  x0:0x00000000
        4075000	       406	800002b0	04000e6f	jal	x28,800002b0	 x28=0x800002b0
        4085000	       407	00000000	00000013	addi	x0,x0,0	  x0:0x00000000
        4095000	       408	800002ec	00000013	addi	x0,x0,0	  x0:0x00000000
        4105000	       409	800002f0	fd1ff0ef	jal	x1,800002f0	  x1=0x800002f0
        4115000	       410	00000000	00000013	addi	x0,x0,0	  x0:0x00000000
        4125000	       411	800002bc	00000013	addi	x0,x0,0	  x0:0x00000000
        4135000	       412	800002c0	00c0036f	jal	x6,800002c0	  x6=0x800002c0
        4145000	       413	00000000	00000013	addi	x0,x0,0	  x0:0x00000000
        4155000	       414	800002c8	00000013	addi	x0,x0,0	  x0:0x00000000
        4165000	       415	800002cc	fedff0ef	jal	x1,800002cc	  x1=0x800002cc
        4175000	       416	00000000	00000013	addi	x0,x0,0	  x0:0x00000000
        4185000	       417	800002b4	00000013	addi	x0,x0,0	  x0:0x00000000
        4195000	       418	800002b8	0540026f	jal	x4,800002b8	  x4=0x800002b8
        4205000	       419	00000000	00000013	addi	x0,x0,0	  x0:0x00000000
        4215000	       420	80000308	00000013	addi	x0,x0,0	  x0:0x00000000
        4225000	       421	8000030c	0080036f	jal	x6,8000030c	  x6=0x8000030c
        4235000	       422	00000000	00000013	addi	x0,x0,0	  x0:0x00000000
        4245000	       423	80000310	00000013	addi	x0,x0,0	  x0:0x00000000
        4255000	       424	80000314	fb5ff26f	jal	x4,80000314	  x4=0x80000314
        4265000	       425	00000000	00000013	addi	x0,x0,0	  x0:0x00000000
        4275000	       426	800002c4	00000013	addi	x0,x0,0	  x0:0x00000000
        4285000	       427	800002c8	0500036f	jal	x6,800002c8	  x6=0x800002c8
        4295000	       428	00000000	00000013	addi	x0,x0,0	  x0:0x00000000
        4305000	       429	80000314	00000013	addi	x0,x0,0	  x0:0x00000000
        4315000	       430	80000318	fb9ff0ef	jal	x1,80000318	  x1=0x80000318
        4325000	       431	00000000	00000013	addi	x0,x0,0	  x0:0x00000000
        4335000	       432	800002cc	00000013	addi	x0,x0,0	  x0:0x00000000
        4345000	       433	800002d0	0180036f	jal	x6,800002d0	  x6=0x800002d0
        4355000	       434	00000000	00000013	addi	x0,x0,0	  x0:0x00000000
        4365000	       435	800002e4	00000013	addi	x0,x0,0	  x0:0x00000000
        4375000	       436	800002e8	020000ef	jal	x1,800002e8	  x1=0x800002e8
        4385000	       437	00000000	00000013	addi	x0,x0,0	  x0:0x00000000
        4395000	       438	80000304	00000013	addi	x0,x0,0	  x0:0x00000000
        4405000	       439	80000308	fd5ff0ef	jal	x1,80000308	  x1=0x80000308
        4415000	       440	00000000	00000013	addi	x0,x0,0	  x0:0x00000000
        4425000	       441	800002d8	00000013	addi	x0,x0,0	  x0:0x00000000
        4435000	       442	800002dc	018006ef	jal	x13,800002dc	 x13=0x800002dc
        4445000	       443	00000000	00000013	addi	x0,x0,0	  x0:0x00000000
        4455000	       444	800002f0	00000013	addi	x0,x0,0	  x0:0x00000000
        4465000	       445	800002f4	fedff0ef	jal	x1,800002f4	  x1=0x800002f4
        4475000	       446	00000000	00000013	addi	x0,x0,0	  x0:0x00000000
        4485000	       447	800002dc	00000013	addi	x0,x0,0	  x0:0x00000000
        4495000	       448	800002e0	00400c6f	jal	x24,800002e0	 x24=0x800002e0
        4505000	       449	00000000	00000013	addi	x0,x0,0	  x0:0x00000000
        4515000	       450	800002e0	00000013	addi	x0,x0,0	  x0:0x00000000
        4525000	       451	800002e4	ff5ff16f	jal	x2,800002e4	  x2=0x800002e4
        4535000	       452	00000000	00000013	addi	x0,x0,0	  x0:0x00000000
        4545000	       453	800002d4	00000013	addi	x0,x0,0	  x0:0x00000000
        4555000	       454	800002d8	038007ef	jal	x15,800002d8	 x15=0x800002d8
        4565000	       455	00000000	00000013	addi	x0,x0,0	  x0:0x00000000
        4575000	       456	8000030c	00000013	addi	x0,x0,0	  x0:0x00000000
        4585000	       457	80000310	fedff56f	jal	x10,80000310	 x10=0x80000310
        4595000	       458	00000000	00000013	addi	x0,x0,0	  x0:0x00000000
        4605000	       459	800002f8	00000013	addi	x0,x0,0	  x0:0x00000000
        4615000	       460	800002fc	fc9ff0ef	jal	x1,800002fc	  x1=0x800002fc
        4625000	       461	00000000	00000013	addi	x0,x0,0	  x0:0x00000000
        4635000	       462	800002c0	00000013	addi	x0,x0,0	  x0:0x00000000
        4645000	       463	800002c4	040000ef	jal	x1,800002c4	  x1=0x800002c4
        4655000	       464	00000000	00000013	addi	x0,x0,0	  x0:0x00000000
        4665000	       465	80000300	00000013	addi	x0,x0,0	  x0:0x00000000
        4675000	       466	80000304	0180036f	jal	x6,80000304	  x6=0x80000304
        4685000	       467	00000000	00000013	addi	x0,x0,0	  x0:0x00000000
        4695000	       468	80000318	00000013	addi	x0,x0,0	  x0:0x00000000
        4705000	       469	8000031c	006c3933	sltu	x18,x24,x6	 x24:0x800002e0  x6:0x80000304 x18=0x00000001
        4715000	       470	80000320	0280036f	jal	x6,80000320	  x6=0x80000320
        4725000	       471	00000000	00000013	addi	x0,x0,0	  x0:0x00000000
        4735000	       472	80000344	00000013	addi	x0,x0,0	  x0:0x00000000
        4745000	       473	80000348	fe1ffeef	jal	x29,80000348	 x29=0x80000348
        4755000	       474	00000000	00000013	addi	x0,x0,0	  x0:0x00000000
        4765000	       475	80000324	00000013	addi	x0,x0,0	  x0:0x00000000
        4775000	       476	80000328	02c000ef	jal	x1,80000328	  x1=0x80000328
        4785000	       477	00000000	00000013	addi	x0,x0,0	  x0:0x00000000
        4795000	       478	80000350	00000013	addi	x0,x0,0	  x0:0x00000000
        4805000	       479	80000354	010000ef	jal	x1,80000354	  x1=0x80000354
        4815000	       480	00000000	00000013	addi	x0,x0,0	  x0:0x00000000
        4825000	       481	80000360	00000013	addi	x0,x0,0	  x0:0x00000000
        4835000	       482	80000364	ffdff0ef	jal	x1,80000364	  x1=0x80000364
        4845000	       483	00000000	00000013	addi	x0,x0,0	  x0:0x00000000
        4855000	       484	8000035c	00000013	addi	x0,x0,0	  x0:0x00000000
        4865000	       485	80000360	fedff0ef	jal	x1,80000360	  x1=0x80000360
        4875000	       486	00000000	00000013	addi	x0,x0,0	  x0:0x00000000
        4885000	       487	80000348	00000013	addi	x0,x0,0	  x0:0x00000000
        4895000	       488	8000034c	ff5ff4ef	jal	x9,8000034c	  x9=0x8000034c
        4905000	       489	00000000	00000013	addi	x0,x0,0	  x0:0x00000000
        4915000	       490	8000033c	00000013	addi	x0,x0,0	  x0:0x00000000
        4925000	       491	80000340	fe5ff0ef	jal	x1,80000340	  x1=0x80000340
        4935000	       492	00000000	00000013	addi	x0,x0,0	  x0:0x00000000
        4945000	       493	80000320	00000013	addi	x0,x0,0	  x0:0x00000000
        4955000	       494	80000324	02c001ef	jal	x3,80000324	  x3=0x80000324
        4965000	       495	00000000	00000013	addi	x0,x0,0	  x0:0x00000000
        4975000	       496	8000034c	00000013	addi	x0,x0,0	  x0:0x00000000
        4985000	       497	80000350	fe1ff0ef	jal	x1,80000350	  x1=0x80000350
        4995000	       498	00000000	00000013	addi	x0,x0,0	  x0:0x00000000
        5005000	       499	8000032c	00000013	addi	x0,x0,0	  x0:0x00000000
        5015000	       500	80000330	004000ef	jal	x1,80000330	  x1=0x80000330
        5025000	       501	00000000	00000013	addi	x0,x0,0	  x0:0x00000000
        5035000	       502	80000330	00000013	addi	x0,x0,0	  x0:0x00000000
        5045000	       503	80000334	004000ef	jal	x1,80000334	  x1=0x80000334
        5055000	       504	00000000	00000013	addi	x0,x0,0	  x0:0x00000000
        5065000	       505	80000334	00000013	addi	x0,x0,0	  x0:0x00000000
        5075000	       506	80000338	0340016f	jal	x2,80000338	  x2=0x80000338
        5085000	       507	00000000	00000013	addi	x0,x0,0	  x0:0x00000000
        5095000	       508	80000368	00000013	addi	x0,x0,0	  x0:0x00000000
        5105000	       509	8000036c	ff1ffcef	jal	x25,8000036c	 x25=0x8000036c
        5115000	       510	00000000	00000013	addi	x0,x0,0	  x0:0x00000000
        5125000	       511	80000358	00000013	addi	x0,x0,0	  x0:0x00000000
        5135000	       512	8000035c	fe1ffb6f	jal	x22,8000035c	 x22=0x8000035c
        5145000	       513	00000000	00000013	addi	x0,x0,0	  x0:0x00000000
        5155000	       514	80000338	00000013	addi	x0,x0,0	  x0:0x00000000
        5165000	       515	8000033c	ff1ff36f	jal	x6,8000033c	  x6=0x8000033c
        5175000	       516	00000000	00000013	addi	x0,x0,0	  x0:0x00000000
        5185000	       517	80000328	00000013	addi	x0,x0,0	  x0:0x00000000
        5195000	       518	8000032c	02c000ef	jal	x1,8000032c	  x1=0x8000032c
        5205000	       519	00000000	00000013	addi	x0,x0,0	  x0:0x00000000
        5215000	       520	80000354	00000013	addi	x0,x0,0	  x0:0x00000000
        5225000	       521	80000358	fedff36f	jal	x6,80000358	  x6=0x80000358
        5235000	       522	00000000	00000013	addi	x0,x0,0	  x0:0x00000000
        5245000	       523	80000340	00000013	addi	x0,x0,0	  x0:0x00000000
        5255000	       524	80000344	024000ef	jal	x1,80000344	  x1=0x80000344
        5265000	       525	00000000	00000013	addi	x0,x0,0	  x0:0x00000000
        5275000	       526	80000364	00000013	addi	x0,x0,0	  x0:0x00000000
        5285000	       527	80000368	008007ef	jal	x15,80000368	 x15=0x80000368
        5295000	       528	00000000	00000013	addi	x0,x0,0	  x0:0x00000000
        5305000	       529	8000036c	00000013	addi	x0,x0,0	  x0:0x00000000
        5315000	       530	80000370	f1f72413	slti	x8,x14,-225	 x14:0x00000000  x8=0x00000000
        5325000	       531	80000374	01c0036f	jal	x6,80000374	  x6=0x80000374
        5335000	       532	00000000	00000013	addi	x0,x0,0	  x0:0x00000000
        5345000	       533	8000038c	00000013	addi	x0,x0,0	  x0:0x00000000
        5355000	       534	80000390	01c0036f	jal	x6,80000390	  x6=0x80000390
        5365000	       535	00000000	00000013	addi	x0,x0,0	  x0:0x00000000
        5375000	       536	800003a8	00000013	addi	x0,x0,0	  x0:0x00000000
        5385000	       537	800003ac	fd9ff0ef	jal	x1,800003ac	  x1=0x800003ac
        5395000	       538	00000000	00000013	addi	x0,x0,0	  x0:0x00000000
        5405000	       539	80000380	00000013	addi	x0,x0,0	  x0:0x00000000
        5415000	       540	80000384	0080026f	jal	x4,80000384	  x4=0x80000384
        5425000	       541	00000000	00000013	addi	x0,x0,0	  x0:0x00000000
        5435000	       542	80000388	00000013	addi	x0,x0,0	  x0:0x00000000
        5445000	       543	8000038c	01c0016f	jal	x2,8000038c	  x2=0x8000038c
        5455000	       544	00000000	00000013	addi	x0,x0,0	  x0:0x00000000
        5465000	       545	800003a4	00000013	addi	x0,x0,0	  x0:0x00000000
        5475000	       546	800003a8	fedff36f	jal	x6,800003a8	  x6=0x800003a8
        5485000	       547	00000000	00000013	addi	x0,x0,0	  x0:0x00000000
        5495000	       548	80000390	00000013	addi	x0,x0,0	  x0:0x00000000
        5505000	       549	80000394	004000ef	jal	x1,80000394	  x1=0x80000394
        5515000	       550	00000000	00000013	addi	x0,x0,0	  x0:0x00000000
        5525000	       551	80000394	00000013	addi	x0,x0,0	  x0:0x00000000
        5535000	       552	80000398	ff1ff0ef	jal	x1,80000398	  x1=0x80000398
        5545000	       553	00000000	00000013	addi	x0,x0,0	  x0:0x00000000
        5555000	       554	80000384	00000013	addi	x0,x0,0	  x0:0x00000000
        5565000	       555	80000388	ff5ff36f	jal	x6,80000388	  x6=0x80000388
        5575000	       556	00000000	00000013	addi	x0,x0,0	  x0:0x00000000
        5585000	       557	80000378	00000013	addi	x0,x0,0	  x0:0x00000000
        5595000	       558	8000037c	020000ef	jal	x1,8000037c	  x1=0x8000037c
        5605000	       559	00000000	00000013	addi	x0,x0,0	  x0:0x00000000
        5615000	       560	80000398	00000013	addi	x0,x0,0	  x0:0x00000000
        5625000	       561	8000039c	fe5ff36f	jal	x6,8000039c	  x6=0x8000039c
        5635000	       562	00000000	00000013	addi	x0,x0,0	  x0:0x00000000
        5645000	       563	8000037c	00000013	addi	x0,x0,0	  x0:0x00000000
        5655000	       564	80000380	0200016f	jal	x2,80000380	  x2=0x80000380
        5665000	       565	00000000	00000013	addi	x0,x0,0	  x0:0x00000000
        5675000	       566	8000039c	00000013	addi	x0,x0,0	  x0:0x00000000
        5685000	       567	800003a0	010000ef	jal	x1,800003a0	  x1=0x800003a0
        5695000	       568	00000000	00000013	addi	x0,x0,0	  x0:0x00000000
        5705000	       569	800003ac	00000013	addi	x0,x0,0	  x0:0x00000000
        5715000	       570	800003b0	fc9ffb6f	jal	x22,800003b0	 x22=0x800003b0
        5725000	       571	00000000	00000013	addi	x0,x0,0	  x0:0x00000000
        5735000	       572	80000374	00000013	addi	x0,x0,0	  x0:0x00000000
        5745000	       573	80000378	02c000ef	jal	x1,80000378	  x1=0x80000378
        5755000	       574	00000000	00000013	addi	x0,x0,0	  x0:0x00000000
        5765000	       575	800003a0	00000013	addi	x0,x0,0	  x0:0x00000000
        5775000	       576	800003a4	0100036f	jal	x6,800003a4	  x6=0x800003a4
        5785000	       577	00000000	00000013	addi	x0,x0,0	  x0:0x00000000
        5795000	       578	800003b0	00000013	addi	x0,x0,0	  x0:0x00000000
        5805000	       579	800003b4	6eafa193	slti	x3,x31,1770	 x31:0x80000110  x3=0x00000001
        5815000	       580	800003b8	03c0036f	jal	x6,800003b8	  x6=0x800003b8
        5825000	       581	00000000	00000013	addi	x0,x0,0	  x0:0x00000000
        5835000	       582	800003f0	00000013	addi	x0,x0,0	  x0:0x00000000
        5845000	       583	800003f4	ffdff36f	jal	x6,800003f4	  x6=0x800003f4
        5855000	       584	00000000	00000013	addi	x0,x0,0	  x0:0x00000000
        5865000	       585	800003ec	00000013	addi	x0,x0,0	  x0:0x00000000
        5875000	       586	800003f0	fedff0ef	jal	x1,800003f0	  x1=0x800003f0
        5885000	       587	00000000	00000013	addi	x0,x0,0	  x0:0x00000000
        5895000	       588	800003d8	00000013	addi	x0,x0,0	  x0:0x00000000
        5905000	       589	800003dc	fe9ff0ef	jal	x1,800003dc	  x1=0x800003dc
        5915000	       590	00000000	00000013	addi	x0,x0,0	  x0:0x00000000
        5925000	       591	800003c0	00000013	addi	x0,x0,0	  x0:0x00000000
        5935000	       592	800003c4	034000ef	jal	x1,800003c4	  x1=0x800003c4
        5945000	       593	00000000	00000013	addi	x0,x0,0	  x0:0x00000000
        5955000	       594	800003f4	00000013	addi	x0,x0,0	  x0:0x00000000
        5965000	       595	800003f8	fe9ff36f	jal	x6,800003f8	  x6=0x800003f8
        5975000	       596	00000000	00000013	addi	x0,x0,0	  x0:0x00000000
        5985000	       597	800003dc	00000013	addi	x0,x0,0	  x0:0x00000000
        5995000	       598	800003e0	ff1ff0ef	jal	x1,800003e0	  x1=0x800003e0
        6005000	       599	00000000	00000013	addi	x0,x0,0	  x0:0x00000000
        6015000	       600	800003cc	00000013	addi	x0,x0,0	  x0:0x00000000
        6025000	       601	800003d0	01c000ef	jal	x1,800003d0	  x1=0x800003d0
        6035000	       602	00000000	00000013	addi	x0,x0,0	  x0:0x00000000
        6045000	       603	800003e8	00000013	addi	x0,x0,0	  x0:0x00000000
        6055000	       604	800003ec	fe9ff0ef	jal	x1,800003ec	  x1=0x800003ec
        6065000	       605	00000000	00000013	addi	x0,x0,0	  x0:0x00000000
        6075000	       606	800003d0	00000013	addi	x0,x0,0	  x0:0x00000000
        6085000	       607	800003d4	0140036f	jal	x6,800003d4	  x6=0x800003d4
        6095000	       608	00000000	00000013	addi	x0,x0,0	  x0:0x00000000
        6105000	       609	800003e4	00000013	addi	x0,x0,0	  x0:0x00000000
        6115000	       610	800003e8	ff1ff36f	jal	x6,800003e8	  x6=0x800003e8
        6125000	       611	00000000	00000013	addi	x0,x0,0	  x0:0x00000000
        6135000	       612	800003d4	00000013	addi	x0,x0,0	  x0:0x00000000
        6145000	       613	800003d8	fe5ffc6f	jal	x24,800003d8	 x24=0x800003d8
        6155000	       614	00000000	00000013	addi	x0,x0,0	  x0:0x00000000
        6165000	       615	800003b8	00000013	addi	x0,x0,0	  x0:0x00000000
        6175000	       616	800003bc	028001ef	jal	x3,800003bc	  x3=0x800003bc
        6185000	       617	00000000	00000013	addi	x0,x0,0	  x0:0x00000000
        6195000	       618	800003e0	00000013	addi	x0,x0,0	  x0:0x00000000
        6205000	       619	800003e4	fe5ff0ef	jal	x1,800003e4	  x1=0x800003e4
        6215000	       620	00000000	00000013	addi	x0,x0,0	  x0:0x00000000
        6225000	       621	800003c4	00000013	addi	x0,x0,0	  x0:0x00000000
        6235000	       622	800003c8	004000ef	jal	x1,800003c8	  x1=0x800003c8
        6245000	       623	00000000	00000013	addi	x0,x0,0	  x0:0x00000000
        6255000	       624	800003c8	00000013	addi	x0,x0,0	  x0:0x00000000
        6265000	       625	800003cc	ff5ff36f	jal	x6,800003cc	  x6=0x800003cc
        6275000	       626	00000000	00000013	addi	x0,x0,0	  x0:0x00000000
        6285000	       627	800003bc	00000013	addi	x0,x0,0	  x0:0x00000000
        6295000	       628	800003c0	03c0046f	jal	x8,800003c0	  x8=0x800003c0
        6305000	       629	00000000	00000013	addi	x0,x0,0	  x0:0x00000000
        6315000	       630	800003f8	00000013	addi	x0,x0,0	  x0:0x00000000
        6325000	       631	800003fc	fdceb993	sltiu	x19,x29,-36	 x29:0x80000348 x19=0x00000001
        6335000	       632	80000400	0280036f	jal	x6,80000400	  x6=0x80000400
        6345000	       633	00000000	00000013	addi	x0,x0,0	  x0:0x00000000
        6355000	       634	80000424	00000013	addi	x0,x0,0	  x0:0x00000000
        6365000	       635	80000428	fe9ff36f	jal	x6,80000428	  x6=0x80000428
        6375000	       636	00000000	00000013	addi	x0,x0,0	  x0:0x00000000
        6385000	       637	8000040c	00000013	addi	x0,x0,0	  x0:0x00000000
        6395000	       638	80000410	010000ef	jal	x1,80000410	  x1=0x80000410
        6405000	       639	00000000	00000013	addi	x0,x0,0	  x0:0x00000000
        6415000	       640	8000041c	00000013	addi	x0,x0,0	  x0:0x00000000
        6425000	       641	80000420	fe9ff0ef	jal	x1,80000420	  x1=0x80000420
        6435000	       642	00000000	00000013	addi	x0,x0,0	  x0:0x00000000
        6445000	       643	80000404	00000013	addi	x0,x0,0	  x0:0x00000000
        6455000	       644	80000408	0240036f	jal	x6,80000408	  x6=0x80000408
        6465000	       645	00000000	00000013	addi	x0,x0,0	  x0:0x00000000
        6475000	       646	80000428	00000013	addi	x0,x0,0	  x0:0x00000000
        6485000	       647	8000042c	ff9ffa6f	jal	x20,8000042c	 x20=0x8000042c
        6495000	       648	00000000	00000013	addi	x0,x0,0	  x0:0x00000000
        6505000	       649	80000420	00000013	addi	x0,x0,0	  x0:0x00000000
        6515000	       650	80000424	ff9ff36f	jal	x6,80000424	  x6=0x80000424
        6525000	       651	00000000	00000013	addi	x0,x0,0	  x0:0x00000000
        6535000	       652	80000418	00000013	addi	x0,x0,0	  x0:0x00000000
        6545000	       653	8000041c	ff9ff0ef	jal	x1,8000041c	  x1=0x8000041c
        6555000	       654	00000000	00000013	addi	x0,x0,0	  x0:0x00000000
        6565000	       655	80000410	00000013	addi	x0,x0,0	  x0:0x00000000
        6575000	       656	80000414	004000ef	jal	x1,80000414	  x1=0x80000414
        6585000	       657	00000000	00000013	addi	x0,x0,0	  x0:0x00000000
        6595000	       658	80000414	00000013	addi	x0,x0,0	  x0:0x00000000
        6605000	       659	80000418	ff5ff0ef	jal	x1,80000418	  x1=0x80000418
        6615000	       660	00000000	00000013	addi	x0,x0,0	  x0:0x00000000
        6625000	       661	80000408	00000013	addi	x0,x0,0	  x0:0x00000000
        6635000	       662	8000040c	ff9ff0ef	jal	x1,8000040c	  x1=0x8000040c
        6645000	       663	00000000	00000013	addi	x0,x0,0	  x0:0x00000000
        6655000	       664	80000400	00000013	addi	x0,x0,0	  x0:0x00000000
        6665000	       665	80000404	02c000ef	jal	x1,80000404	  x1=0x80000404
        6675000	       666	00000000	00000013	addi	x0,x0,0	  x0:0x00000000
        6685000	       667	8000042c	00000013	addi	x0,x0,0	  x0:0x00000000
        6695000	       668	80000430	000241b3	xor	x3,x4,x0	  x4:0x80000384  x0:0x00000000  x3=0x80000384
        6705000	       669	80000434	0200036f	jal	x6,80000434	  x6=0x80000434
        6715000	       670	00000000	00000013	addi	x0,x0,0	  x0:0x00000000
        6725000	       671	80000450	00000013	addi	x0,x0,0	  x0:0x00000000
        6735000	       672	80000454	0140036f	jal	x6,80000454	  x6=0x80000454
        6745000	       673	00000000	00000013	addi	x0,x0,0	  x0:0x00000000
        6755000	       674	80000464	00000013	addi	x0,x0,0	  x0:0x00000000
        6765000	       675	80000468	fe1ff0ef	jal	x1,80000468	  x1=0x80000468
        6775000	       676	00000000	00000013	addi	x0,x0,0	  x0:0x00000000
        6785000	       677	80000444	00000013	addi	x0,x0,0	  x0:0x00000000
        6795000	       678	80000448	ffdff0ef	jal	x1,80000448	  x1=0x80000448
        6805000	       679	00000000	00000013	addi	x0,x0,0	  x0:0x00000000
        6815000	       680	80000440	00000013	addi	x0,x0,0	  x0:0x00000000
        6825000	       681	80000444	030000ef	jal	x1,80000444	  x1=0x80000444
        6835000	       682	00000000	00000013	addi	x0,x0,0	  x0:0x00000000
        6845000	       683	80000470	00000013	addi	x0,x0,0	  x0:0x00000000
        6855000	       684	80000474	fc5ff36f	jal	x6,80000474	  x6=0x80000474
        6865000	       685	00000000	00000013	addi	x0,x0,0	  x0:0x00000000
        6875000	       686	80000434	00000013	addi	x0,x0,0	  x0:0x00000000
        6885000	       687	80000438	0140036f	jal	x6,80000438	  x6=0x80000438
        6895000	       688	00000000	00000013	addi	x0,x0,0	  x0:0x00000000
        6905000	       689	80000448	00000013	addi	x0,x0,0	  x0:0x00000000
        6915000	       690	8000044c	ff1ff36f	jal	x6,8000044c	  x6=0x8000044c
        6925000	       691	00000000	00000013	addi	x0,x0,0	  x0:0x00000000
        6935000	       692	80000438	00000013	addi	x0,x0,0	  x0:0x00000000
        6945000	       693	8000043c	04800f6f	jal	x30,8000043c	 x30=0x8000043c
        6955000	       694	00000000	00000013	addi	x0,x0,0	  x0:0x00000000
        6965000	       695	80000480	00000013	addi	x0,x0,0	  x0:0x00000000
        6975000	       696	80000484	fedff7ef	jal	x15,80000484	 x15=0x80000484
        6985000	       697	00000000	00000013	addi	x0,x0,0	  x0:0x00000000
        6995000	       698	8000046c	00000013	addi	x0,x0,0	  x0:0x00000000
        7005000	       699	80000470	01000def	jal	x27,80000470	 x27=0x80000470
        7015000	       700	00000000	00000013	addi	x0,x0,0	  x0:0x00000000
        7025000	       701	8000047c	00000013	addi	x0,x0,0	  x0:0x00000000
        7035000	       702	80000480	ffdff0ef	jal	x1,80000480	  x1=0x80000480
        7045000	       703	00000000	00000013	addi	x0,x0,0	  x0:0x00000000
        7055000	       704	80000478	00000013	addi	x0,x0,0	  x0:0x00000000
        7065000	       705	8000047c	fe9ff0ef	jal	x1,8000047c	  x1=0x8000047c
        7075000	       706	00000000	00000013	addi	x0,x0,0	  x0:0x00000000
        7085000	       707	80000460	00000013	addi	x0,x0,0	  x0:0x00000000
        7095000	       708	80000464	ffdff1ef	jal	x3,80000464	  x3=0x80000464
        7105000	       709	00000000	00000013	addi	x0,x0,0	  x0:0x00000000
        7115000	       710	8000045c	00000013	addi	x0,x0,0	  x0:0x00000000
        7125000	       711	80000460	00c0066f	jal	x12,80000460	 x12=0x80000460
        7135000	       712	00000000	00000013	addi	x0,x0,0	  x0:0x00000000
        7145000	       713	80000468	00000013	addi	x0,x0,0	  x0:0x00000000
        7155000	       714	8000046c	fedff0ef	jal	x1,8000046c	  x1=0x8000046c
        7165000	       715	00000000	00000013	addi	x0,x0,0	  x0:0x00000000
        7175000	       716	80000454	00000013	addi	x0,x0,0	  x0:0x00000000
        7185000	       717	80000458	030000ef	jal	x1,80000458	  x1=0x80000458
        7195000	       718	00000000	00000013	addi	x0,x0,0	  x0:0x00000000
        7205000	       719	80000484	00000013	addi	x0,x0,0	  x0:0x00000000
        7215000	       720	80000488	fb9ff0ef	jal	x1,80000488	  x1=0x80000488
        7225000	       721	00000000	00000013	addi	x0,x0,0	  x0:0x00000000
        7235000	       722	8000043c	00000013	addi	x0,x0,0	  x0:0x00000000
        7245000	       723	80000440	01000def	jal	x27,80000440	 x27=0x80000440
        7255000	       724	00000000	00000013	addi	x0,x0,0	  x0:0x00000000
        7265000	       725	8000044c	00000013	addi	x0,x0,0	  x0:0x00000000
        7275000	       726	80000450	028000ef	jal	x1,80000450	  x1=0x80000450
        7285000	       727	00000000	00000013	addi	x0,x0,0	  x0:0x00000000
        7295000	       728	80000474	00000013	addi	x0,x0,0	  x0:0x00000000
        7305000	       729	80000478	fe5ff6ef	jal	x13,80000478	 x13=0x80000478
        7315000	       730	00000000	00000013	addi	x0,x0,0	  x0:0x00000000
        7325000	       731	80000458	00000013	addi	x0,x0,0	  x0:0x00000000
        7335000	       732	8000045c	030004ef	jal	x9,8000045c	  x9=0x8000045c
        7345000	       733	00000000	00000013	addi	x0,x0,0	  x0:0x00000000
        7355000	       734	80000488	00000013	addi	x0,x0,0	  x0:0x00000000
        7365000	       735	8000048c	d04de4b7	lui	x9,0xd04de	  x9=0xd04de000
        7375000	       736	80000490	0180036f	jal	x6,80000490	  x6=0x80000490
        7385000	       737	00000000	00000013	addi	x0,x0,0	  x0:0x00000000
        7395000	       738	800004a4	00000013	addi	x0,x0,0	  x0:0x00000000
        7405000	       739	800004a8	0040036f	jal	x6,800004a8	  x6=0x800004a8
        7415000	       740	00000000	00000013	addi	x0,x0,0	  x0:0x00000000
        7425000	       741	800004a8	00000013	addi	x0,x0,0	  x0:0x00000000
        7435000	       742	800004ac	fe9ff5ef	jal	x11,800004ac	 x11=0x800004ac
        7445000	       743	00000000	00000013	addi	x0,x0,0	  x0:0x00000000
        7455000	       744	80000490	00000013	addi	x0,x0,0	  x0:0x00000000
        7465000	       745	80000494	008000ef	jal	x1,80000494	  x1=0x80000494
        7475000	       746	00000000	00000013	addi	x0,x0,0	  x0:0x00000000
        7485000	       747	80000498	00000013	addi	x0,x0,0	  x0:0x00000000
        7495000	       748	8000049c	01c000ef	jal	x1,8000049c	  x1=0x8000049c
        7505000	       749	00000000	00000013	addi	x0,x0,0	  x0:0x00000000
        7515000	       750	800004b4	00000013	addi	x0,x0,0	  x0:0x00000000
        7525000	       751	800004b8	ff9ff36f	jal	x6,800004b8	  x6=0x800004b8
        7535000	       752	00000000	00000013	addi	x0,x0,0	  x0:0x00000000
        7545000	       753	800004ac	00000013	addi	x0,x0,0	  x0:0x00000000
        7555000	       754	800004b0	01800cef	jal	x25,800004b0	 x25=0x800004b0
        7565000	       755	00000000	00000013	addi	x0,x0,0	  x0:0x00000000
        7575000	       756	800004c4	00000013	addi	x0,x0,0	  x0:0x00000000
        7585000	       757	800004c8	fddff36f	jal	x6,800004c8	  x6=0x800004c8
        7595000	       758	00000000	00000013	addi	x0,x0,0	  x0:0x00000000
        7605000	       759	800004a0	00000013	addi	x0,x0,0	  x0:0x00000000
        7615000	       760	800004a4	ff5ff0ef	jal	x1,800004a4	  x1=0x800004a4
        7625000	       761	00000000	00000013	addi	x0,x0,0	  x0:0x00000000
        7635000	       762	80000494	00000013	addi	x0,x0,0	  x0:0x00000000
        7645000	       763	80000498	028000ef	jal	x1,80000498	  x1=0x80000498
        7655000	       764	00000000	00000013	addi	x0,x0,0	  x0:0x00000000
        7665000	       765	800004bc	00000013	addi	x0,x0,0	  x0:0x00000000
        7675000	       766	800004c0	004000ef	jal	x1,800004c0	  x1=0x800004c0
        7685000	       767	00000000	00000013	addi	x0,x0,0	  x0:0x00000000
        7695000	       768	800004c0	00000013	addi	x0,x0,0	  x0:0x00000000
        7705000	       769	800004c4	0080046f	jal	x8,800004c4	  x8=0x800004c4
        7715000	       770	00000000	00000013	addi	x0,x0,0	  x0:0x00000000
        7725000	       771	800004c8	00000013	addi	x0,x0,0	  x0:0x00000000
        7735000	       772	800004cc	fd5ffe6f	jal	x28,800004cc	 x28=0x800004cc
        7745000	       773	00000000	00000013	addi	x0,x0,0	  x0:0x00000000
        7755000	       774	8000049c	00000013	addi	x0,x0,0	  x0:0x00000000
        7765000	       775	800004a0	0140026f	jal	x4,800004a0	  x4=0x800004a0
        7775000	       776	00000000	00000013	addi	x0,x0,0	  x0:0x00000000
        7785000	       777	800004b0	00000013	addi	x0,x0,0	  x0:0x00000000
        7795000	       778	800004b4	0080036f	jal	x6,800004b4	  x6=0x800004b4
        7805000	       779	00000000	00000013	addi	x0,x0,0	  x0:0x00000000
        7815000	       780	800004b8	00000013	addi	x0,x0,0	  x0:0x00000000
        7825000	       781	800004bc	014000ef	jal	x1,800004bc	  x1=0x800004bc
        7835000	       782	00000000	00000013	addi	x0,x0,0	  x0:0x00000000
        7845000	       783	800004cc	00000013	addi	x0,x0,0	  x0:0x00000000
        7855000	       784	800004d0	41ddd7b3	sra	x15,x27,x29	 x27:0x80000440 x29:0x80000348 x15=0xff800004
        7865000	       785	800004d4	0300036f	jal	x6,800004d4	  x6=0x800004d4
        7875000	       786	00000000	00000013	addi	x0,x0,0	  x0:0x00000000
        7885000	       787	80000500	00000013	addi	x0,x0,0	  x0:0x00000000
        7895000	       788	80000504	024000ef	jal	x1,80000504	  x1=0x80000504
        7905000	       789	00000000	00000013	addi	x0,x0,0	  x0:0x00000000
        7915000	       790	80000524	00000013	addi	x0,x0,0	  x0:0x00000000
        7925000	       791	80000528	fe9ff0ef	jal	x1,80000528	  x1=0x80000528
        7935000	       792	00000000	00000013	addi	x0,x0,0	  x0:0x00000000
        7945000	       793	8000050c	00000013	addi	x0,x0,0	  x0:0x00000000
        7955000	       794	80000510	0140056f	jal	x10,80000510	 x10=0x80000510
        7965000	       795	00000000	00000013	addi	x0,x0,0	  x0:0x00000000
        7975000	       796	80000520	00000013	addi	x0,x0,0	  x0:0x00000000
        7985000	       797	80000524	fd5ff36f	jal	x6,80000524	  x6=0x80000524
        7995000	       798	00000000	00000013	addi	x0,x0,0	  x0:0x00000000
        8005000	       799	800004f4	00000013	addi	x0,x0,0	  x0:0x00000000
        8015000	       800	800004f8	04c00f6f	jal	x30,800004f8	 x30=0x800004f8
        8025000	       801	00000000	00000013	addi	x0,x0,0	  x0:0x00000000
        8035000	       802	80000540	00000013	addi	x0,x0,0	  x0:0x00000000
        8045000	       803	80000544	fc5ff36f	jal	x6,80000544	  x6=0x80000544
        8055000	       804	00000000	00000013	addi	x0,x0,0	  x0:0x00000000
        8065000	       805	80000504	00000013	addi	x0,x0,0	  x0:0x00000000
        8075000	       806	80000508	fe5ff36f	jal	x6,80000508	  x6=0x80000508
        8085000	       807	00000000	00000013	addi	x0,x0,0	  x0:0x00000000
        8095000	       808	800004e8	00000013	addi	x0,x0,0	  x0:0x00000000
        8105000	       809	800004ec	020000ef	jal	x1,800004ec	  x1=0x800004ec
        8115000	       810	00000000	00000013	addi	x0,x0,0	  x0:0x00000000
        8125000	       811	80000508	00000013	addi	x0,x0,0	  x0:0x00000000
        8135000	       812	8000050c	fd9ff0ef	jal	x1,8000050c	  x1=0x8000050c
        8145000	       813	00000000	00000013	addi	x0,x0,0	  x0:0x00000000
        8155000	       814	800004e0	00000013	addi	x0,x0,0	  x0:0x00000000
        8165000	       815	800004e4	0500086f	jal	x16,800004e4	 x16=0x800004e4
        8175000	       816	00000000	00000013	addi	x0,x0,0	  x0:0x00000000
        8185000	       817	80000530	00000013	addi	x0,x0,0	  x0:0x00000000
        8195000	       818	80000534	018000ef	jal	x1,80000534	  x1=0x80000534
        8205000	       819	00000000	00000013	addi	x0,x0,0	  x0:0x00000000
        8215000	       820	80000548	00000013	addi	x0,x0,0	  x0:0x00000000
        8225000	       821	8000054c	fedff86f	jal	x16,8000054c	 x16=0x8000054c
        8235000	       822	00000000	00000013	addi	x0,x0,0	  x0:0x00000000
        8245000	       823	80000534	00000013	addi	x0,x0,0	  x0:0x00000000
        8255000	       824	80000538	ff5ff0ef	jal	x1,80000538	  x1=0x80000538
        8265000	       825	00000000	00000013	addi	x0,x0,0	  x0:0x00000000
        8275000	       826	80000528	00000013	addi	x0,x0,0	  x0:0x00000000
        8285000	       827	8000052c	fd5ff0ef	jal	x1,8000052c	  x1=0x8000052c
        8295000	       828	00000000	00000013	addi	x0,x0,0	  x0:0x00000000
        8305000	       829	800004fc	00000013	addi	x0,x0,0	  x0:0x00000000
        8315000	       830	80000500	020000ef	jal	x1,80000500	  x1=0x80000500
        8325000	       831	00000000	00000013	addi	x0,x0,0	  x0:0x00000000
        8335000	       832	8000051c	00000013	addi	x0,x0,0	  x0:0x00000000
        8345000	       833	80000520	fd1ff36f	jal	x6,80000520	  x6=0x80000520
        8355000	       834	00000000	00000013	addi	x0,x0,0	  x0:0x00000000
        8365000	       835	800004ec	00000013	addi	x0,x0,0	  x0:0x00000000
        8375000	       836	800004f0	024000ef	jal	x1,800004f0	  x1=0x800004f0
        8385000	       837	00000000	00000013	addi	x0,x0,0	  x0:0x00000000
        8395000	       838	80000510	00000013	addi	x0,x0,0	  x0:0x00000000
        8405000	       839	80000514	fc9ff0ef	jal	x1,80000514	  x1=0x80000514
        8415000	       840	00000000	00000013	addi	x0,x0,0	  x0:0x00000000
        8425000	       841	800004d8	00000013	addi	x0,x0,0	  x0:0x00000000
        8435000	       842	800004dc	040000ef	jal	x1,800004dc	  x1=0x800004dc
        8445000	       843	00000000	00000013	addi	x0,x0,0	  x0:0x00000000
        8455000	       844	80000518	00000013	addi	x0,x0,0	  x0:0x00000000
        8465000	       845	8000051c	fbdff0ef	jal	x1,8000051c	  x1=0x8000051c
        8475000	       846	00000000	00000013	addi	x0,x0,0	  x0:0x00000000
        8485000	       847	800004d4	00000013	addi	x0,x0,0	  x0:0x00000000
        8495000	       848	800004d8	070000ef	jal	x1,800004d8	  x1=0x800004d8
        8505000	       849	00000000	00000013	addi	x0,x0,0	  x0:0x00000000
        8515000	       850	80000544	00000013	addi	x0,x0,0	  x0:0x00000000
        8525000	       851	80000548	fa1ff0ef	jal	x1,80000548	  x1=0x80000548
        8535000	       852	00000000	00000013	addi	x0,x0,0	  x0:0x00000000
        8545000	       853	800004e4	00000013	addi	x0,x0,0	  x0:0x00000000
        8555000	       854	800004e8	ff9ffc6f	jal	x24,800004e8	 x24=0x800004e8
        8565000	       855	00000000	00000013	addi	x0,x0,0	  x0:0x00000000
        8575000	       856	800004dc	00000013	addi	x0,x0,0	  x0:0x00000000
        8585000	       857	800004e0	05c000ef	jal	x1,800004e0	  x1=0x800004e0
        8595000	       858	00000000	00000013	addi	x0,x0,0	  x0:0x00000000
        8605000	       859	80000538	00000013	addi	x0,x0,0	  x0:0x00000000
        8615000	       860	8000053c	fddff0ef	jal	x1,8000053c	  x1=0x8000053c
        8625000	       861	00000000	00000013	addi	x0,x0,0	  x0:0x00000000
        8635000	       862	80000514	00000013	addi	x0,x0,0	  x0:0x00000000
        8645000	       863	80000518	0180036f	jal	x6,80000518	  x6=0x80000518
        8655000	       864	00000000	00000013	addi	x0,x0,0	  x0:0x00000000
        8665000	       865	8000052c	00000013	addi	x0,x0,0	  x0:0x00000000
        8675000	       866	80000530	fc5ff0ef	jal	x1,80000530	  x1=0x80000530
        8685000	       867	00000000	00000013	addi	x0,x0,0	  x0:0x00000000
        8695000	       868	800004f0	00000013	addi	x0,x0,0	  x0:0x00000000
        8705000	       869	800004f4	04c000ef	jal	x1,800004f4	  x1=0x800004f4
        8715000	       870	00000000	00000013	addi	x0,x0,0	  x0:0x00000000
        8725000	       871	8000053c	00000013	addi	x0,x0,0	  x0:0x00000000
        8735000	       872	80000540	fbdff1ef	jal	x3,80000540	  x3=0x80000540
        8745000	       873	00000000	00000013	addi	x0,x0,0	  x0:0x00000000
        8755000	       874	800004f8	00000013	addi	x0,x0,0	  x0:0x00000000
        8765000	       875	800004fc	054001ef	jal	x3,800004fc	  x3=0x800004fc
        8775000	       876	00000000	00000013	addi	x0,x0,0	  x0:0x00000000
        8785000	       877	8000054c	00000013	addi	x0,x0,0	  x0:0x00000000
        8795000	       878	80000550	016c77b3	and	x15,x24,x22	 x24:0x800004e8 x22:0x800003b0 x15=0x800000a0
        8805000	       879	80000554	029d8e63	beq	x27,x9,80000590	 x27:0x80000440  x9:0xd04de000
        8815000	       880	80000558	049c5063	bge	x24,x9,80000598	 x24:0x800004e8  x9:0xd04de000
        8825000	       881	8000055c	414f8fb3	sub	x31,x31,x20	 x31:0x80000110 x20:0x8000042c x31=0xfffffce4
        8835000	       882	80000560	01e8b6b3	sltu	x13,x17,x30	 x17:0x80009fc4 x30:0x800004f8 x13=0x00000000
        8845000	       883	80000564	01c1d633	srl	x12,x3,x28	  x3:0x800004fc x28:0x800004cc x12=0x00080000
        8855000	       884	80000568	0173af33	slt	x30,x7,x23	  x7:0x00000000 x23:0x80000178 x30=0x00000000
        8865000	       885	8000056c	000f7033	and	x0,x30,x0	 x30:0x00000000  x0:0x00000000
        8875000	       886	80000570	0064b4b3	sltu	x9,x9,x6	  x9:0xd04de000  x6:0x80000518  x9=0x00000000
        8885000	       887	80000574	1af0feb7	lui	x29,0x1af0f	 x29=0x1af0f000
        8895000	       888	80000578	00ca11b3	sll	x3,x20,x12	 x20:0x8000042c x12:0x00080000  x3=0x8000042c
        8905000	       889	8000057c	01a29733	sll	x14,x5,x26	  x5:0x80009f84 x26:0x80000000 x14=0x80009f84
        8915000	       890	80000580	03915e63	bge	x2,x25,800005bc	  x2:0x80000380 x25:0x800004b0
        8925000	       891	80000584	410e0e33	sub	x28,x28,x16	 x28:0x800004cc x16:0x8000054c x28=0xffffff80
        8935000	       892	80000588	ec542613	slti	x12,x8,-315	  x8:0x800004c4 x12=0x00000001
        8945000	       893	8000058c	412c0233	sub	x4,x24,x18	 x24:0x800004e8 x18:0x00000001  x4=0x800004e7
        8955000	       894	80000590	abdad337	lui	x6,0xabdad	  x6=0xabdad000
        8965000	       895	80000594	00000013	addi	x0,x0,0	  x0:0x00000000
        8975000	       896	80000598	008770b3	and	x1,x14,x8	 x14:0x80009f84  x8:0x800004c4  x1=0x80000484
        8985000	       897	8000059c	410a53b3	sra	x7,x20,x16	 x20:0x8000042c x16:0x8000054c  x7=0xfff80000
        8995000	       898	800005a0	aa8c4213	xori	x4,x24,-1368	 x24:0x800004e8  x4=0x7ffffe40
        9005000	       899	800005a4	01763bb3	sltu	x23,x12,x23	 x12:0x00000001 x23:0x80000178 x23=0x00000001
        9015000	       900	800005a8	31ccdfb7	lui	x31,0x31ccd	 x31=0x31ccd000
        9025000	       901	800005ac	01ed6b33	or	x22,x26,x30	 x26:0x80000000 x30:0x00000000 x22=0x80000000
        9035000	       902	800005b0	b514ad97	auipc	x27,0xb514a	 x27=0x3514a5ac
        9045000	       903	800005b4	00fb73b3	and	x7,x22,x15	 x22:0x80000000 x15:0x800000a0  x7=0x80000000
        9055000	       904	800005b8	d3f98b13	addi	x22,x19,-705	 x19:0x00000001 x22=0xfffffd40
        9065000	       905	800005bc	019d0633	add	x12,x26,x25	 x26:0x80000000 x25:0x800004b0 x12=0x000004b0
        9075000	       906	800005c0	04fd9863	bne	x27,x15,80000610	 x27:0x3514a5ac x15:0x800000a0
        9085000	       907	00000000	00000013	addi	x0,x0,0	  x0:0x00000000
        9095000	       908	8000060c	00000013	addi	x0,x0,0	  x0:0x00000000
        9105000	       909	80000610	01794433	xor	x8,x18,x23	 x18:0x00000001 x23:0x00000001  x8=0x00000000
        9115000	       910	80000614	043f6663	bltu	x30,x3,80000660	 x30:0x00000000  x3:0x8000042c
        9125000	       911	00000000	00000013	addi	x0,x0,0	  x0:0x00000000
        9135000	       912	8000065c	00000013	addi	x0,x0,0	  x0:0x00000000
        9145000	       913	80000660	009e6c33	or	x24,x28,x9	 x28:0xffffff80  x9:0x00000000 x24=0xffffff80
        9155000	       914	80000664	00000013	addi	x0,x0,0	  x0:0x00000000
        9165000	       915	80000668	010b7733	and	x14,x22,x16	 x22:0xfffffd40 x16:0x8000054c x14=0x80000540
        9175000	       916	8000066c	1a50e613	ori	x12,x1,421	  x1:0x80000484 x12=0x800005a5
        9185000	       917	80000670	00193633	sltu	x12,x18,x1	 x18:0x00000001  x1:0x80000484 x12=0x00000001
        9195000	       918	80000674	00b54663	blt	x10,x11,80000680	 x10:0x80000510 x11:0x800004ac
        9205000	       919	80000678	04799263	bne	x19,x7,800006bc	 x19:0x00000001  x7:0x80000000
        9215000	       920	00000000	00000013	addi	x0,x0,0	  x0:0x00000000
        9225000	       921	800006b8	00000013	addi	x0,x0,0	  x0:0x00000000
        9235000	       922	800006bc	01c1ca63	blt	x3,x28,800006d0	  x3:0x8000042c x28:0xffffff80
        9245000	       923	00000000	00000013	addi	x0,x0,0	  x0:0x00000000
        9255000	       924	800006cc	00000013	addi	x0,x0,0	  x0:0x00000000
        9265000	       925	800006d0	a0b4b537	lui	x10,0xa0b4b	 x10=0xa0b4b000
        9275000	       926	800006d4	00cc37b3	sltu	x15,x24,x12	 x24:0xffffff80 x12:0x00000001 x15=0x00000000
        9285000	       927	800006d8	339a05b7	lui	x11,0x339a0	 x11=0x339a0000
        9295000	       928	800006dc	40a850b3	sra	x1,x16,x10	 x16:0x8000054c x10:0xa0b4b000  x1=0x8000054c
        9305000	       929	800006e0	00a2f7b3	and	x15,x5,x10	  x5:0x80009f84 x10:0xa0b4b000 x15=0x80009000
        9315000	       930	800006e4	410284b3	sub	x9,x5,x16	  x5:0x80009f84 x16:0x8000054c  x9=0x00009a38
        9325000	       931	800006e8	003d57b3	srl	x15,x26,x3	 x26:0x80000000  x3:0x8000042c x15=0x00080000
        9335000	       932	800006ec	41de8533	sub	x10,x29,x29	 x29:0x1af0f000 x29:0x1af0f000 x10=0x00000000
        9345000	       933	800006f0	0109e463	bltu	x19,x16,800006f8	 x19:0x00000001 x16:0x8000054c
        9355000	       934	00000000	00000013	addi	x0,x0,0	  x0:0x00000000
        9365000	       935	800006f4	00000013	addi	x0,x0,0	  x0:0x00000000
        9375000	       936	800006f8	2f390013	addi	x0,x18,755	 x18:0x00000001
        9385000	       937	800006fc	c5da7b13	andi	x22,x20,-931	 x20:0x8000042c x22=0x8000040c
        9395000	       938	80000700	05735663	bge	x6,x23,8000074c	  x6:0xabdad000 x23:0x00000001
        9405000	       939	80000704	55eccf13	xori	x30,x25,1374	 x25:0x800004b0 x30=0x800001ee
        9415000	       940	80000708	f4cca213	slti	x4,x25,-180	 x25:0x800004b0  x4=0x00000001
        9425000	       941	8000070c	9dafc193	xori	x3,x31,-1574	 x31:0x31ccd000  x3=0xce3329da
        9435000	       942	80000710	22227393	andi	x7,x4,546	  x4:0x00000001  x7=0x00000000
        9445000	       943	80000714	01a8d463	bge	x17,x26,8000071c	 x17:0x80009fc4 x26:0x80000000
        9455000	       944	00000000	00000013	addi	x0,x0,0	  x0:0x00000000
        9465000	       945	80000718	00000013	addi	x0,x0,0	  x0:0x00000000
        9475000	       946	8000071c	66f7f013	andi	x0,x15,1647	 x15:0x00080000
        9485000	       947	80000720	009dda63	bge	x27,x9,80000734	 x27:0x3514a5ac  x9:0x00009a38
        9495000	       948	00000000	00000013	addi	x0,x0,0	  x0:0x00000000
        9505000	       949	80000730	00000013	addi	x0,x0,0	  x0:0x00000000
        9515000	       950	80000734	4198ea13	ori	x20,x17,1049	 x17:0x80009fc4 x20=0x80009fdd
        9525000	       951	80000738	52b90a93	addi	x21,x18,1323	 x18:0x00000001 x21=0x0000052c
        9535000	       952	8000073c	01936b33	or	x22,x6,x25	  x6:0xabdad000 x25:0x800004b0 x22=0xabdad4b0
        9545000	       953	80000740	02048463	beq	x9,x0,80000768	  x9:0x00009a38  x0:0x00000000
        9555000	       954	80000744	41b855b3	sra	x11,x16,x27	 x16:0x8000054c x27:0x3514a5ac x11=0xfff80000
        9565000	       955	80000748	028ed863	bge	x29,x8,80000778	 x29:0x1af0f000  x8:0x00000000
        9575000	       956	00000000	00000013	addi	x0,x0,0	  x0:0x00000000
        9585000	       957	80000774	00000013	addi	x0,x0,0	  x0:0x00000000
        9595000	       958	80000778	404d53b3	sra	x7,x26,x4	 x26:0x80000000  x4:0x00000001  x7=0xc0000000
        9605000	       959	8000077c	0efaba93	sltiu	x21,x21,239	 x21:0x0000052c x21=0x00000000
        9615000	       960	80000780	04bfaa93	slti	x21,x31,75	 x31:0x31ccd000 x21=0x00000000
        9625000	       961	80000784	4161de33	sra	x28,x3,x22	  x3:0xce3329da x22:0xabdad4b0 x28=0xffffce33
        9635000	       962	80000788	01694cb3	xor	x25,x18,x22	 x18:0x00000001 x22:0xabdad4b0 x25=0xabdad4b1
        9645000	       963	8000078c	00ed5a63	bge	x26,x14,800007a0	 x26:0x80000000 x14:0x80000540
        9655000	       964	80000790	00dd05b3	add	x11,x26,x13	 x26:0x80000000 x13:0x00000000 x11=0x80000000
        9665000	       965	80000794	d9a5ba93	sltiu	x21,x11,-614	 x11:0x80000000 x21=0x00000001
        9675000	       966	80000798	00000013	addi	x0,x0,0	  x0:0x00000000
        9685000	       967	8000079c	0149b633	sltu	x12,x19,x20	 x19:0x00000001 x20:0x80009fdd x12=0x00000001
        9695000	       968	800007a0	0379ce63	blt	x19,x23,800007dc	 x19:0x00000001 x23:0x00000001
        9705000	       969	800007a4	000cfdb3	and	x27,x25,x0	 x25:0xabdad4b1  x0:0x00000000 x27=0x00000000
        9715000	       970	800007a8	01a03433	sltu	x8,x0,x26	  x0:0x00000000 x26:0x80000000  x8=0x00000001
        9725000	       971	800007ac	87d5e113	ori	x2,x11,-1923	 x11:0x80000000  x2=0xfffff87d
        9735000	       972	800007b0	c7953a13	sltiu	x20,x10,-903	 x10:0x00000000 x20=0x00000001
        9745000	       973	800007b4	403a5c93	srai	x25,x20,0x3	 x20:0x00000001 x25=0x00000000
        9755000	       974	800007b8	020f6663	bltu	x30,x0,800007e4	 x30:0x800001ee  x0:0x00000000
        9765000	       975	800007bc	05988063	beq	x17,x25,800007fc	 x17:0x80009fc4 x25:0x00000000
        9775000	       976	800007c0	01c9d593	srli	x11,x19,0x1c	 x19:0x00000001 x11=0x00000000
        9785000	       977	800007c4	0066a633	slt	x12,x13,x6	 x13:0x00000000  x6:0xabdad000 x12=0x00000000
        9795000	       978	800007c8	00e810b3	sll	x1,x16,x14	 x16:0x8000054c x14:0x80000540  x1=0x8000054c
        9805000	       979	800007cc	b569fc93	andi	x25,x19,-1194	 x19:0x00000001 x25=0x00000000
        9815000	       980	800007d0	559d5c17	auipc	x24,0x559d5	 x24=0xd59d57cc
        9825000	       981	800007d4	0043ea33	or	x20,x7,x4	  x7:0xc0000000  x4:0x00000001 x20=0xc0000001
        9835000	       982	800007d8	01295813	srli	x16,x18,0x12	 x18:0x00000001 x16=0x00000000
        9845000	       983	800007dc	7b7aa113	slti	x2,x21,1975	 x21:0x00000001  x2=0x00000001
        9855000	       984	800007e0	b53ff513	andi	x10,x31,-1197	 x31:0x31ccd000 x10=0x31ccd000
        9865000	       985	800007e4	0144a333	slt	x6,x9,x20	  x9:0x00009a38 x20:0xc0000001  x6=0x00000000
        9875000	       986	800007e8	65ba5c97	auipc	x25,0x65ba5	 x25=0xe5ba57e4
        9885000	       987	800007ec	9fe02913	slti	x18,x0,-1538	  x0:0x00000000 x18=0x00000000
        9895000	       988	800007f0	01be4533	xor	x10,x28,x27	 x28:0xffffce33 x27:0x00000000 x10=0xffffce33
        9905000	       989	800007f4	014de4b3	or	x9,x27,x20	 x27:0x00000000 x20:0xc0000001  x9=0xc0000001
        9915000	       990	800007f8	3a2cea97	auipc	x21,0x3a2ce	 x21=0xba2ce7f4
        9925000	       991	800007fc	0133c663	blt	x7,x19,80000808	  x7:0xc0000000 x19:0x00000001
        9935000	       992	00000000	00000013	addi	x0,x0,0	  x0:0x00000000
        9945000	       993	80000804	00000013	addi	x0,x0,0	  x0:0x00000000
        9955000	       994	80000808	c172c613	xori	x12,x5,-1001	  x5:0x80009f84 x12=0x7fff6393
        9965000	       995	8000080c	001d8333	add	x6,x27,x1	 x27:0x00000000  x1:0x8000054c  x6=0x8000054c
        9975000	       996	80000810	017c4233	xor	x4,x24,x23	 x24:0xd59d57cc x23:0x00000001  x4=0xd59d57cd
        9985000	       997	80000814	cd238a93	addi	x21,x7,-814	  x7:0xc0000000 x21=0xbffffcd2
        9995000	       998	80000818	02395a63	bge	x18,x3,8000084c	 x18:0x00000000  x3:0xce3329da
       10005000	       999	00000000	00000013	addi	x0,x0,0	  x0:0x00000000
       10015000	      1000	80000848	00000013	addi	x0,x0,0	  x0:0x00000000
       10025000	      1001	8000084c	01673cb3	sltu	x25,x14,x22	 x14:0x80000540 x22:0xabdad4b0 x25=0x00000001
       10035000	      1002	80000850	01b06b33	or	x22,x0,x27	  x0:0x00000000 x27:0x00000000 x22=0x00000000
       10045000	      1003	80000854	037e1e63	bne	x28,x23,80000890	 x28:0xffffce33 x23:0x00000001
       10055000	      1004	00000000	00000013	addi	x0,x0,0	  x0:0x00000000
       10065000	      1005	8000088c	00000013	addi	x0,x0,0	  x0:0x00000000
       10075000	      1006	80000890	452fc693	xori	x13,x31,1106	 x31:0x31ccd000 x13=0x31ccd452
       10085000	      1007	80000894	12e1b193	sltiu	x3,x3,302	  x3:0xce3329da  x3=0x00000000
       10095000	      1008	80000898	046c0663	beq	x24,x6,800008e4	 x24:0xd59d57cc  x6:0x8000054c
       10105000	      1009	8000089c	01b19e93	slli	x29,x3,0x1b	  x3:0x00000000 x29=0x00000000
       10115000	      1010	800008a0	419e5033	sra	x0,x28,x25	 x28:0xffffce33 x25:0x00000001
       10125000	      1011	800008a4	01c73fb3	sltu	x31,x14,x28	 x14:0x80000540 x28:0xffffce33 x31=0x00000001
       10135000	      1012	800008a8	43cecb13	xori	x22,x29,1084	 x29:0x00000000 x22=0x0000043c
       10145000	      1013	800008ac	01c3b0b3	sltu	x1,x7,x28	  x7:0xc0000000 x28:0xffffce33  x1=0x00000001
       10155000	      1014	800008b0	67913213	sltiu	x4,x2,1657	  x2:0x00000001  x4=0x00000001
       10165000	      1015	800008b4	0090ca63	blt	x1,x9,800008c8	  x1:0x00000001  x9:0xc0000001
       10175000	      1016	800008b8	01a47e63	bgeu	x8,x26,800008d4	  x8:0x00000001 x26:0x80000000
       10185000	      1017	800008bc	0dbd4093	xori	x1,x26,219	 x26:0x80000000  x1=0x800000db
       10195000	      1018	800008c0	004b2a33	slt	x20,x22,x4	 x22:0x0000043c  x4:0x00000001 x20=0x00000000
       10205000	      1019	800008c4	00483033	sltu	x0,x16,x4	 x16:0x00000000  x4:0x00000001
       10215000	      1020	800008c8	41fcd333	sra	x6,x25,x31	 x25:0x00000001 x31:0x00000001  x6=0x00000000
       10225000	      1021	800008cc	3842b193	sltiu	x3,x5,900	  x5:0x80009f84  x3=0x00000000
       10235000	      1022	800008d0	30f6a693	slti	x13,x13,783	 x13:0x31ccd452 x13=0x00000000
       10245000	      1023	800008d4	018d11b3	sll	x3,x26,x24	 x26:0x80000000 x24:0xd59d57cc  x3=0x00000000
       10255000	      1024	800008d8	dd046393	ori	x7,x8,-560	  x8:0x00000001  x7=0xfffffdd1
       10265000	      1025	800008dc	0c69b393	sltiu	x7,x19,198	 x19:0x00000001  x7=0x00000001
       10275000	      1026	800008e0	95ffe013	ori	x0,x31,-1697	 x31:0x00000001
       10285000	      1027	800008e4	022d8863	beq	x27,x2,80000914	 x27:0x00000000  x2:0x00000001
       10295000	      1028	800008e8	b6fcbf13	sltiu	x30,x25,-1169	 x25:0x00000001 x30=0x00000001
       10305000	      1029	800008ec	41afdf93	srai	x31,x31,0x1a	 x31:0x00000001 x31=0x00000000
       10315000	      1030	800008f0	03d8dc63	bge	x17,x29,80000928	 x17:0x80009fc4 x29:0x00000000
       10325000	      1031	800008f4	00b5b1b3	sltu	x3,x11,x11	 x11:0x00000000 x11:0x00000000  x3=0x00000000
       10335000	      1032	800008f8	013fd133	srl	x2,x31,x19	 x31:0x00000000 x19:0x00000001  x2=0x00000000
       10345000	      1033	800008fc	00fad313	srli	x6,x21,0xf	 x21:0xbffffcd2  x6=0x00017fff
       10355000	      1034	80000900	414a0333	sub	x6,x20,x20	 x20:0x00000000 x20:0x00000000  x6=0x00000000
       10365000	      1035	80000904	00000013	addi	x0,x0,0	  x0:0x00000000
       10375000	      1036	80000908	004e6463	bltu	x28,x4,80000910	 x28:0xffffce33  x4:0x00000001
       10385000	      1037	8000090c	a7c7be13	sltiu	x28,x15,-1412	 x15:0x00080000 x28=0x00000001
       10395000	      1038	80000910	0374da63	bge	x9,x23,80000944	  x9:0xc0000001 x23:0x00000001
       10405000	      1039	80000914	00ddf463	bgeu	x27,x13,8000091c	 x27:0x00000000 x13:0x00000000
       10415000	      1040	00000000	00000013	addi	x0,x0,0	  x0:0x00000000
       10425000	      1041	80000918	00000013	addi	x0,x0,0	  x0:0x00000000
       10435000	      1042	8000091c	97b2dc97	auipc	x25,0x97b2d	 x25=0x17b2d918
       10445000	      1043	80000920	056ec663	blt	x29,x22,8000096c	 x29:0x00000000 x22:0x0000043c
       10455000	      1044	00000000	00000013	addi	x0,x0,0	  x0:0x00000000
       10465000	      1045	80000968	00000013	addi	x0,x0,0	  x0:0x00000000
       10475000	      1046	8000096c	011dc033	xor	x0,x27,x17	 x27:0x00000000 x17:0x80009fc4
       10485000	      1047	80000970	1efb2b13	slti	x22,x22,495	 x22:0x0000043c x22=0x00000000
       10495000	      1048	80000974	0d89c613	xori	x12,x19,216	 x19:0x00000001 x12=0x000000d9
       10505000	      1049	80000978	cab97313	andi	x6,x18,-853	 x18:0x00000000  x6=0x00000000
       10515000	      1050	8000097c	89958513	addi	x10,x11,-1895	 x11:0x00000000 x10=0xfffff899
       10525000	      1051	80000980	017c1813	slli	x16,x24,0x17	 x24:0xd59d57cc x16=0xe6000000
       10535000	      1052	80000984	00e7d333	srl	x6,x15,x14	 x15:0x00080000 x14:0x80000540  x6=0x00080000
       10545000	      1053	80000988	02ce8e63	beq	x29,x12,800009c4	 x29:0x00000000 x12:0x000000d9
       10555000	      1054	8000098c	000ef3b3	and	x7,x29,x0	 x29:0x00000000  x0:0x00000000  x7=0x00000000
       10565000	      1055	80000990	05a67663	bgeu	x12,x26,800009dc	 x12:0x000000d9 x26:0x80000000
       10575000	      1056	80000994	01f12bb3	slt	x23,x2,x31	  x2:0x00000000 x31:0x00000000 x23=0x00000000
       10585000	      1057	80000998	004f8733	add	x14,x31,x4	 x31:0x00000000  x4:0x00000001 x14=0x00000001
       10595000	      1058	8000099c	40088b33	sub	x22,x17,x0	 x17:0x80009fc4  x0:0x00000000 x22=0x80009fc4
       10605000	      1059	800009a0	0072a0b3	slt	x1,x5,x7	  x5:0x80009f84  x7:0x00000000  x1=0x00000001
       10615000	      1060	800009a4	346a7a93	andi	x21,x20,838	 x20:0x00000000 x21=0x00000000
       10625000	      1061	800009a8	b80d7e37	lui	x28,0xb80d7	 x28=0xb80d7000
       10635000	      1062	800009ac	791d3493	sltiu	x9,x26,1937	 x26:0x80000000  x9=0x00000000
       10645000	      1063	800009b0	00dadcb3	srl	x25,x21,x13	 x21:0x00000000 x13:0x00000000 x25=0x00000000
       10655000	      1064	800009b4	000b13b3	sll	x7,x22,x0	 x22:0x80009fc4  x0:0x00000000  x7=0x80009fc4
       10665000	      1065	800009b8	0575ac13	slti	x24,x11,87	 x11:0x00000000 x24=0x00000001
       10675000	      1066	800009bc	03c5f663	bgeu	x11,x28,800009e8	 x11:0x00000000 x28:0xb80d7000
       10685000	      1067	800009c0	00000013	addi	x0,x0,0	  x0:0x00000000
       10695000	      1068	800009c4	ca3dcc93	xori	x25,x27,-861	 x27:0x00000000 x25=0xfffffca3
       10705000	      1069	800009c8	41428933	sub	x18,x5,x20	  x5:0x80009f84 x20:0x00000000 x18=0x80009f84
       10715000	      1070	800009cc	03475463	bge	x14,x20,800009f4	 x14:0x00000001 x20:0x00000000
       10725000	      1071	00000000	00000013	addi	x0,x0,0	  x0:0x00000000
       10735000	      1072	800009f0	00000013	addi	x0,x0,0	  x0:0x00000000
       10745000	      1073	800009f4	00000013	addi	x0,x0,0	  x0:0x00000000
       10755000	      1074	800009f8	199b7993	andi	x19,x22,409	 x22:0x80009fc4 x19=0x00000180
       10765000	      1075	800009fc	02a99863	bne	x19,x10,80000a2c	 x19:0x00000180 x10:0xfffff899
       10775000	      1076	00000000	00000013	addi	x0,x0,0	  x0:0x00000000
       10785000	      1077	80000a28	00000013	addi	x0,x0,0	  x0:0x00000000
       10795000	      1078	80000a2c	0513c263	blt	x7,x17,80000a70	  x7:0x80009fc4 x17:0x80009fc4
       10805000	      1079	80000a30	01025ab3	srl	x21,x4,x16	  x4:0x00000001 x16:0xe6000000 x21=0x00000001
       10815000	      1080	80000a34	413e0db3	sub	x27,x28,x19	 x28:0xb80d7000 x19:0x00000180 x27=0xb80d6e80
       10825000	      1081	80000a38	410d0933	sub	x18,x26,x16	 x26:0x80000000 x16:0xe6000000 x18=0x9a000000
       10835000	      1082	80000a3c	00000013	addi	x0,x0,0	  x0:0x00000000
       10845000	      1083	80000a40	bfedd797	auipc	x15,0xbfedd	 x15=0x3fedda3c
       10855000	      1084	80000a44	00000013	addi	x0,x0,0	  x0:0x00000000
       10865000	      1085	80000a48	01d7d0b3	srl	x1,x15,x29	 x15:0x3fedda3c x29:0x00000000  x1=0x3fedda3c
       10875000	      1086	80000a4c	6791ad93	slti	x27,x3,1657	  x3:0x00000000 x27=0x00000001
       10885000	      1087	80000a50	04e54063	blt	x10,x14,80000a90	 x10:0xfffff899 x14:0x00000001
       10895000	      1088	00000000	00000013	addi	x0,x0,0	  x0:0x00000000
       10905000	      1089	80000a8c	00000013	addi	x0,x0,0	  x0:0x00000000
       10915000	      1090	80000a90	03c67863	bgeu	x12,x28,80000ac0	 x12:0x000000d9 x28:0xb80d7000
       10925000	      1091	80000a94	01895393	srli	x7,x18,0x18	 x18:0x9a000000  x7=0x0000009a
       10935000	      1092	80000a98	00f88463	beq	x17,x15,80000aa0	 x17:0x80009fc4 x15:0x3fedda3c
       10945000	      1093	80000a9c	01aed013	srli	x0,x29,0x1a	 x29:0x00000000
       10955000	      1094	80000aa0	012af033	and	x0,x21,x18	 x21:0x00000001 x18:0x9a000000
       10965000	      1095	80000aa4	40ef0133	sub	x2,x30,x14	 x30:0x00000001 x14:0x00000001  x2=0x00000000
       10975000	      1096	80000aa8	d306d437	lui	x8,0xd306d	  x8=0xd306d000
       10985000	      1097	80000aac	00845633	srl	x12,x8,x8	  x8:0xd306d000  x8:0xd306d000 x12=0xd306d000
       10995000	      1098	80000ab0	00f89113	slli	x2,x17,0xf	 x17:0x80009fc4  x2=0x4fe20000
       11005000	      1099	80000ab4	259f4093	xori	x1,x30,601	 x30:0x00000001  x1=0x00000258
       11015000	      1100	80000ab8	00b5c663	blt	x11,x11,80000ac4	 x11:0x00000000 x11:0x00000000
       11025000	      1101	80000abc	0083ee63	bltu	x7,x8,80000ad8	  x7:0x0000009a  x8:0xd306d000
       11035000	      1102	00000000	00000013	addi	x0,x0,0	  x0:0x00000000
       11045000	      1103	80000ad4	00000013	addi	x0,x0,0	  x0:0x00000000
       11055000	      1104	80000ad8	00899c93	slli	x25,x19,0x8	 x19:0x00000180 x25=0x00018000
       11065000	      1105	80000adc	01df8cb3	add	x25,x31,x29	 x31:0x00000000 x29:0x00000000 x25=0x00000000
       11075000	      1106	80000ae0	41795793	srai	x15,x18,0x17	 x18:0x9a000000 x15=0xffffff34
       11085000	      1107	80000ae4	00000013	addi	x0,x0,0	  x0:0x00000000
       11095000	      1108	80000ae8	4b05bf93	sltiu	x31,x11,1200	 x11:0x00000000 x31=0x00000001
       11105000	      1109	80000aec	02b78a63	beq	x15,x11,80000b20	 x15:0xffffff34 x11:0x00000000
       11115000	      1110	80000af0	00ff9863	bne	x31,x15,80000b00	 x31:0x00000001 x15:0xffffff34
       11125000	      1111	00000000	00000013	addi	x0,x0,0	  x0:0x00000000
       11135000	      1112	80000afc	00000013	addi	x0,x0,0	  x0:0x00000000
       11145000	      1113	80000b00	00927a63	bgeu	x4,x9,80000b14	  x4:0x00000001  x9:0x00000000
       11155000	      1114	00000000	00000013	addi	x0,x0,0	  x0:0x00000000
       11165000	      1115	80000b10	00000013	addi	x0,x0,0	  x0:0x00000000
       11175000	      1116	80000b14	00a9f133	and	x2,x19,x10	 x19:0x00000180 x10:0xfffff899  x2=0x00000080
       11185000	      1117	80000b18	03b58e13	addi	x28,x11,59	 x11:0x00000000 x28=0x0000003b
       11195000	      1118	80000b1c	8f518613	addi	x12,x3,-1803	  x3:0x00000000 x12=0xfffff8f5
       11205000	      1119	80000b20	013b0633	add	x12,x22,x19	 x22:0x80009fc4 x19:0x00000180 x12=0x8000a144
       11215000	      1120	80000b24	966a2e93	slti	x29,x20,-1690	 x20:0x00000000 x29=0x00000000
       11225000	      1121	80000b28	01afac33	slt	x24,x31,x26	 x31:0x00000001 x26:0x80000000 x24=0x00000000
       11235000	      1122	80000b2c	ab7dc193	xori	x3,x27,-1353	 x27:0x00000001  x3=0xfffffab6
       11245000	      1123	80000b30	011b9793	slli	x15,x23,0x11	 x23:0x00000000 x15=0x00000000
       11255000	      1124	80000b34	01cd1733	sll	x14,x26,x28	 x26:0x80000000 x28:0x0000003b x14=0x00000000
       11265000	      1125	80000b38	41de5c93	srai	x25,x28,0x1d	 x28:0x0000003b x25=0x00000000
       11275000	      1126	80000b3c	ba5e3537	lui	x10,0xba5e3	 x10=0xba5e3000
       11285000	      1127	80000b40	02764a63	blt	x12,x7,80000b74	 x12:0x8000a144  x7:0x0000009a
       11295000	      1128	00000000	00000013	addi	x0,x0,0	  x0:0x00000000
       11305000	      1129	80000b70	00000013	addi	x0,x0,0	  x0:0x00000000
       11315000	      1130	80000b74	1fc2af93	slti	x31,x5,508	  x5:0x80009f84 x31=0x00000001
       11325000	      1131	80000b78	00537463	bgeu	x6,x5,80000b80	  x6:0x00080000  x5:0x80009f84
       11335000	      1132	80000b7c	01e3ea63	bltu	x7,x30,80000b90	  x7:0x0000009a x30:0x00000001
       11345000	      1133	80000b80	47ce4793	xori	x15,x28,1148	 x28:0x0000003b x15=0x00000447
       11355000	      1134	80000b84	0276ee63	bltu	x13,x7,80000bc0	 x13:0x00000000  x7:0x0000009a
       11365000	      1135	00000000	00000013	addi	x0,x0,0	  x0:0x00000000
       11375000	      1136	80000bbc	00000013	addi	x0,x0,0	  x0:0x00000000
       11385000	      1137	80000bc0	41c7d813	srai	x16,x15,0x1c	 x15:0x00000447 x16=0x00000000
       11395000	      1138	80000bc4	0162db93	srli	x23,x5,0x16	  x5:0x80009f84 x23=0x00000200
       11405000	      1139	80000bc8	005dfb33	and	x22,x27,x5	 x27:0x00000001  x5:0x80009f84 x22=0x00000000
       11415000	      1140	80000bcc	a75c3f93	sltiu	x31,x24,-1419	 x24:0x00000000 x31=0x00000001
       11425000	      1141	80000bd0	e7c5c393	xori	x7,x11,-388	 x11:0x00000000  x7=0xfffffe7c
       11435000	      1142	80000bd4	05d1c663	blt	x3,x29,80000c20	  x3:0xfffffab6 x29:0x00000000
       11445000	      1143	00000000	00000013	addi	x0,x0,0	  x0:0x00000000
       11455000	      1144	80000c1c	00000013	addi	x0,x0,0	  x0:0x00000000
       11465000	      1145	80000c20	0376d663	bge	x13,x23,80000c4c	 x13:0x00000000 x23:0x00000200
       11475000	      1146	80000c24	00cc0b33	add	x22,x24,x12	 x24:0x00000000 x12:0x8000a144 x22=0x8000a144
       11485000	      1147	80000c28	fde38e93	addi	x29,x7,-34	  x7:0xfffffe7c x29=0xfffffe5a
       11495000	      1148	80000c2c	13a9c493	xori	x9,x19,314	 x19:0x00000180  x9=0x000000ba
       11505000	      1149	80000c30	01e39eb3	sll	x29,x7,x30	  x7:0xfffffe7c x30:0x00000001 x29=0xfffffcf8
       11515000	      1150	80000c34	ba0bba93	sltiu	x21,x23,-1120	 x23:0x00000200 x21=0x00000001
       11525000	      1151	80000c38	013bb433	sltu	x8,x23,x19	 x23:0x00000200 x19:0x00000180  x8=0x00000000
       11535000	      1152	80000c3c	002dcdb3	xor	x27,x27,x2	 x27:0x00000001  x2:0x00000080 x27=0x00000081
       11545000	      1153	80000c40	0453d863	bge	x7,x5,80000c90	  x7:0xfffffe7c  x5:0x80009f84
       11555000	      1154	00000000	00000013	addi	x0,x0,0	  x0:0x00000000
       11565000	      1155	80000c8c	00000013	addi	x0,x0,0	  x0:0x00000000
       11575000	      1156	80000c90	017d6e33	or	x28,x26,x23	 x26:0x80000000 x23:0x00000200 x28=0x80000200
       11585000	      1157	80000c94	1a6b8393	addi	x7,x23,422	 x23:0x00000200  x7=0x000003a6
       11595000	      1158	80000c98	00549033	sll	x0,x9,x5	  x9:0x000000ba  x5:0x80009f84
       11605000	      1159	80000c9c	f1978a93	addi	x21,x15,-231	 x15:0x00000447 x21=0x00000360
       11615000	      1160	80000ca0	0038edb3	or	x27,x17,x3	 x17:0x80009fc4  x3:0xfffffab6 x27=0xfffffff6
       11625000	      1161	80000ca4	feeaa937	lui	x18,0xfeeaa	 x18=0xfeeaa000
       11635000	      1162	80000ca8	f8176c13	ori	x24,x14,-127	 x14:0x00000000 x24=0xffffff81
       11645000	      1163	80000cac	06545a63	bge	x8,x5,80000d20	  x8:0x00000000  x5:0x80009f84
       11655000	      1164	00000000	00000013	addi	x0,x0,0	  x0:0x00000000
       11665000	      1165	80000d1c	00000013	addi	x0,x0,0	  x0:0x00000000
       11675000	      1166	80000d20	012163b3	or	x7,x2,x18	  x2:0x00000080 x18:0xfeeaa000  x7=0xfeeaa080
       11685000	      1167	80000d24	90126593	ori	x11,x4,-1791	  x4:0x00000001 x11=0xfffff901
       11695000	      1168	80000d28	c7684213	xori	x4,x16,-906	 x16:0x00000000  x4=0xfffffc76
       11705000	      1169	80000d2c	01f0aa33	slt	x20,x1,x31	  x1:0x00000258 x31:0x00000001 x20=0x00000000
       11715000	      1170	80000d30	2ce32313	slti	x6,x6,718	  x6:0x00080000  x6=0x00000000
       11725000	      1171	80000d34	a049ee13	ori	x28,x19,-1532	 x19:0x00000180 x28=0xfffffb84
       11735000	      1172	80000d38	07fe4a63	blt	x28,x31,80000dac	 x28:0xfffffb84 x31:0x00000001
       11745000	      1173	00000000	00000013	addi	x0,x0,0	  x0:0x00000000
       11755000	      1174	80000da8	00000013	addi	x0,x0,0	  x0:0x00000000
       11765000	      1175	80000dac	00bc5c93	srli	x25,x24,0xb	 x24:0xffffff81 x25=0x001fffff
       11775000	      1176	80000db0	021cca63	blt	x25,x1,80000de4	 x25:0x001fffff  x1:0x00000258
       11785000	      1177	80000db4	40ae5413	srai	x8,x28,0xa	 x28:0xfffffb84  x8=0xfffffffe
       11795000	      1178	80000db8	00000013	addi	x0,x0,0	  x0:0x00000000
       11805000	      1179	80000dbc	40825ab3	sra	x21,x4,x8	  x4:0xfffffc76  x8:0xfffffffe x21=0xffffffff
       11815000	      1180	80000dc0	0d2cf593	andi	x11,x25,210	 x25:0x001fffff x11=0x000000d2
       11825000	      1181	80000dc4	00000013	addi	x0,x0,0	  x0:0x00000000
       11835000	      1182	80000dc8	00000013	addi	x0,x0,0	  x0:0x00000000
       11845000	      1183	80000dcc	05259663	bne	x11,x18,80000e18	 x11:0x000000d2 x18:0xfeeaa000
       11855000	      1184	00000000	00000013	addi	x0,x0,0	  x0:0x00000000
       11865000	      1185	80000e14	00000013	addi	x0,x0,0	  x0:0x00000000
       11875000	      1186	80000e18	0169d933	srl	x18,x19,x22	 x19:0x00000180 x22:0x8000a144 x18=0x00000018
       11885000	      1187	80000e1c	a958ba97	auipc	x21,0xa958b	 x21=0x2958be18
       11895000	      1188	80000e20	01b064b3	or	x9,x0,x27	  x0:0x00000000 x27:0xfffffff6  x9=0xfffffff6
       11905000	      1189	80000e24	00000013	addi	x0,x0,0	  x0:0x00000000
       11915000	      1190	80000e28	01cb07b3	add	x15,x22,x28	 x22:0x8000a144 x28:0xfffffb84 x15=0x80009cc8
       11925000	      1191	80000e2c	97903d93	sltiu	x27,x0,-1671	  x0:0x00000000 x27=0x00000001
       11935000	      1192	80000e30	1688e993	ori	x19,x17,360	 x17:0x80009fc4 x19=0x80009fec
       11945000	      1193	80000e34	66762713	slti	x14,x12,1639	 x12:0x8000a144 x14=0x00000001
       11955000	      1194	80000e38	00e3b7b3	sltu	x15,x7,x14	  x7:0xfeeaa080 x14:0x00000001 x15=0x00000000
       11965000	      1195	80000e3c	02d64663	blt	x12,x13,80000e68	 x12:0x8000a144 x13:0x00000000
       11975000	      1196	00000000	00000013	addi	x0,x0,0	  x0:0x00000000
       11985000	      1197	80000e64	00000013	addi	x0,x0,0	  x0:0x00000000
       11995000	      1198	80000e68	011dd313	srli	x6,x27,0x11	 x27:0x00000001  x6=0x00000000
       12005000	      1199	80000e6c	61358b13	addi	x22,x11,1555	 x11:0x000000d2 x22=0x000006e5
       12015000	      1200	80000e70	00e81993	slli	x19,x16,0xe	 x16:0x00000000 x19=0x00000000
       12025000	      1201	80000e74	011f1e63	bne	x30,x17,80000e90	 x30:0x00000001 x17:0x80009fc4
       12035000	      1202	00000000	00000013	addi	x0,x0,0	  x0:0x00000000
       12045000	      1203	80000e8c	00000013	addi	x0,x0,0	  x0:0x00000000
       12055000	      1204	80000e90	cd2b7f97	auipc	x31,0xcd2b7	 x31=0x4d2b7e8c
       12065000	      1205	80000e94	01601813	slli	x16,x0,0x16	  x0:0x00000000 x16=0x00000000
       12075000	      1206	80000e98	00606863	bltu	x0,x6,80000ea8	  x0:0x00000000  x6:0x00000000
       12085000	      1207	80000e9c	417987b3	sub	x15,x19,x23	 x19:0x00000000 x23:0x00000200 x15=0xfffffe00
       12095000	      1208	80000ea0	3f0cceb7	lui	x29,0x3f0cc	 x29=0x3f0cc000
       12105000	      1209	80000ea4	7162e417	auipc	x8,0x7162e	  x8=0xf162eea0
       12115000	      1210	80000ea8	003c70b3	and	x1,x24,x3	 x24:0xffffff81  x3:0xfffffab6  x1=0xfffffa80
       12125000	      1211	80000eac	2a1fc6b7	lui	x13,0x2a1fc	 x13=0x2a1fc000
       12135000	      1212	80000eb0	017155b3	srl	x11,x2,x23	  x2:0x00000080 x23:0x00000200 x11=0x00000080
       12145000	      1213	80000eb4	05d1c663	blt	x3,x29,80000f00	  x3:0xfffffab6 x29:0x3f0cc000
       12155000	      1214	00000000	00000013	addi	x0,x0,0	  x0:0x00000000
       12165000	      1215	80000efc	00000013	addi	x0,x0,0	  x0:0x00000000
       12175000	      1216	80000f00	29327393	andi	x7,x4,659	  x4:0xfffffc76  x7=0x00000012
       12185000	      1217	80000f04	001b8633	add	x12,x23,x1	 x23:0x00000200  x1:0xfffffa80 x12=0xfffffc80
       12195000	      1218	80000f08	0213f263	bgeu	x7,x1,80000f2c	  x7:0x00000012  x1:0xfffffa80
       12205000	      1219	80000f0c	02b6e063	bltu	x13,x11,80000f2c	 x13:0x2a1fc000 x11:0x00000080
       12215000	      1220	80000f10	010edab3	srl	x21,x29,x16	 x29:0x3f0cc000 x16:0x00000000 x21=0x3f0cc000
       12225000	      1221	80000f14	01b03333	sltu	x6,x0,x27	  x0:0x00000000 x27:0x00000001  x6=0x00000001
       12235000	      1222	80000f18	12cbbf93	sltiu	x31,x23,300	 x23:0x00000200 x31=0x00000000
       12245000	      1223	80000f1c	01949833	sll	x16,x9,x25	  x9:0xfffffff6 x25:0x001fffff x16=0x00000000
       12255000	      1224	80000f20	6cfcfa93	andi	x21,x25,1743	 x25:0x001fffff x21=0x000006cf
       12265000	      1225	80000f24	0077d463	bge	x15,x7,80000f2c	 x15:0xfffffe00  x7:0x00000012
       12275000	      1226	80000f28	00d60233	add	x4,x12,x13	 x12:0xfffffc80 x13:0x2a1fc000  x4=0x2a1fbc80
       12285000	      1227	80000f2c	cf748c97	auipc	x25,0xcf748	 x25=0x4f748f28
       12295000	      1228	80000f30	00000d17	auipc	x26,0x0	 x26=0x80000f2c
       12305000	      1229	80000f34	00cd0d13	addi	x26,x26,12	 x26:0x80000f2c x26=0x80000f38
       12315000	      1230	80000f38	000d0067	jalr	x0,x26,0	 x26:0x80000f38
       12325000	      1231	00000000	00000013	addi	x0,x0,0	  x0:0x00000000
       12335000	      1232	80000f38	00000013	addi	x0,x0,0	  x0:0x00000000
       12345000	      1233	80000f3c	00100193	addi	x3,x0,1	  x0:0x00000000  x3=0x00000001
       12355000	      1234	80000f40	00000073	ecall	
       12365000	      1235	80000f44	ff028293	addi	x5,x5,-16	  x5:0x80009f84  x5=0x80009f74
